2020-04-15 12:00:17.553891	u/XxqlamxX	fnhobj0	u/Bruh_Bot_	fn3tdxe	C
2020-04-15 12:00:53.553644	u/69cherry69	fnhoco4	u/Camdelans	fnhjbjz	C
2020-04-15 12:01:15.917051	u/marw13	fnhodm7	u/willolson222	fnhmvy4	C
2020-04-15 12:01:25.028483	u/delta_lachie	fnhoe0z	u/astro_gamer150	fnho9pc	C
2020-04-15 12:01:27.325415	u/69cherry69	fnhoe12	u/KnowingGamerBoi	fnhjqlp	C
2020-04-15 12:01:38.201276	u/Crazyseth267	fnhoefj	u/Replicatar	fnhnidq	C
2020-04-15 12:02:01.160154	u/Comrade_Conrad_lad	fnhofhp	u/The_Mental_Pharaoh	fnhixb1	C
2020-04-15 12:02:28.588701	u/ponyzorse	fnhog57	u/extra__sugaaaa	fnhngtr	C
2020-04-15 12:02:55.660296	u/Pidgeon_30	fnhogt1	u/Electroshock14	fnhoftb	C
2020-04-15 12:03:03.447289	u/ganman4	fnhogxw	u/69cherry69	fnhoaex	C
2020-04-15 12:03:12.272374	u/willoaktree20	fnhoh5f	u/potatoooo66planet	fnhbjzy	C
2020-04-15 12:04:14.463301	u/crimsonking124	fnhoj2q	u/redditisathing911	fnhn8si	C
2020-04-15 12:04:42.181234	u/Pluuuuuuuuuy	fnhok5d	u/nave1235	fnhnviu	C
2020-04-15 12:05:11.269452	u/SannuSander	fnhol31	u/Chung_bungus	fnhfuhf	C
2020-04-15 12:05:14.537754	u/X1_Remote9	fnhol3y	u/V4G4X	fnhnjgx	C
2020-04-15 12:05:24.165848	u/frostisgood	fnholcy	u/Einfach-Anders	fn9v3k1	C
2020-04-15 12:05:29.253120	u/Progressive_Maniac	fnholhe	u/Artistic-Cookie	fnhj6fn	C
2020-04-15 12:05:56.985439	u/lebadgerr	fnhomki	u/DaDancingDino	fnhn5lg	C
2020-04-15 12:06:23.691328	u/const__username	fnhon7g	u/superALEX001	fnhb5ju	C
2020-04-15 12:06:42.272998	u/Slipcrash	fnhoo13	u/bigthinkmemes69	fnhcvte	C
2020-04-15 12:06:47.903894	u/Karl-Marx7	fnhoo9i	u/Progressive_Maniac	fnhenj3	C
2020-04-15 12:06:58.053939	u/Slipcrash	fnhoosj	u/Slipcrash	fnhoo13	C
2020-04-15 12:07:15.157351	u/cursingword1043	fnhopp1	u/uncle_s1mon	fnhnytc	C
2020-04-15 12:07:36.344409	u/kenshiyonezu123	fnhoqld	u/ZukkiiQuah	fnhjp79	C
2020-04-15 12:07:54.022483	u/Banoodlethehoodle	fnhorit	u/jonsbryhill	fngy6fv	C
2020-04-15 12:08:28.643769	u/DeifiedExile	fnhothv	u/Fluffiddy	fnhi6bg	C
2020-04-15 12:08:43.858997	u/Mynameismy6672	fnhourv	u/Shrenos0	fnhofgq	C
2020-04-15 12:09:00.231186	u/suck_our_egg	fnhovki	u/speedoc	fnhonlu	C
2020-04-15 12:09:01.738559	u/CookieAura	fnhovm1	u/maudym	fnhok9s	C
2020-04-15 12:09:25.102704	u/bobainwonderland	fnhoxie	u/Jakeup25	fngrxib	C
2020-04-15 12:10:02.979254	u/chewy200811	fnhp14c	u/GoodVibeKnight	fnho38y	C
2020-04-15 12:10:19.529729	u/austinn3827	fnhp21o	u/akhil_42069	fnhjm05	C
2020-04-15 12:10:25.349804	u/LeakyThoughts	fnhp26l	u/Friendly_Smartboard	fngu16i	C
2020-04-15 12:10:39.250179	u/XNTOL	fnhp2mo	u/manuth188	fnhoy7q	C
2020-04-15 12:10:52.349110	u/DantieDragon	fnhp2si	u/DarkHelmet42069	fnfpodw	C
2020-04-15 12:10:59.074305	u/-mees-	fnhp2yt	u/Kordalio	fnh5hid	C
2020-04-15 12:11:01.428712	u/TheSnipingTiger	fnhp32t	u/Etzga	fnhigr8	C
2020-04-15 12:11:15.539166	u/FoolWhoCrossedTheSea	fnhp3ka	u/Hellufrumnurwei	fnhndmn	C
2020-04-15 12:11:30.747558	u/CorruptedMaster	fnhp48p	u/4ssteroid	fnh3koi	C
2020-04-15 12:11:57.348076	u/LongDongSilver00	fnhp5l7	u/Salty_Savages	fnhimgg	C
2020-04-15 12:12:11.007511	u/quarante-et-onze	fnhp5rp	u/MonkeyBoy32904	fnh9hcf	C
2020-04-15 12:13:14.433533	u/maxxyasgur	fnhp81e	u/jonsbryhill	fnhoth7	C
2020-04-15 12:13:21.401043	u/infectedsense	fnhp8ay	u/e43731	fnhl5p3	C
2020-04-15 12:13:40.439410	u/AnalDisfunction	fnhp9ix	u/DrBubbleBeast	fnhn6p8	C
2020-04-15 12:13:57.954068	u/aaman2018	fnhpa95	u/Toothedjaw	fnhp84o	C
2020-04-15 12:14:11.252249	u/FL0TES	fnhpanu	u/JeetVashisht	fnfwon7	C
2020-04-15 12:14:26.591583	u/totom96	fnhpb6t	u/Jkwon6227	fnhnhcd	C
2020-04-15 12:14:35.181071	u/chelmg777	fnhpbfx	u/its-treason-then-	fnhe18k	C
2020-04-15 12:14:41.194730	u/lunch-tray	fnhpbj9	u/Bruh_Bot_	fnhnh9k	C
2020-04-15 12:15:12.856638	u/CorgiBoi9080	fnhpcvz	u/LesFruitsSecs	fngakn4	C
2020-04-15 12:15:21.197558	u/killseeker67	fnhpd6i	u/DennyDA	fnhhe8n	C
2020-04-15 12:16:12.246482	u/VeniVidiLusii	fnhpf60	u/Mr_Rebeller	fnh5wg5	C
2020-04-15 12:16:44.474896	u/Ski3043	fnhphii	u/Joris759	fnh93ge	C
2020-04-15 12:16:50.593900	u/Enfield13	fnhphw6	u/stevebobs123	fnhp7wn	C
2020-04-15 12:17:15.340702	u/Khalidrhg	fnhpisp	u/abductedpeanut	fngubhl	C
2020-04-15 12:17:29.319358	u/GreenStork05	fnhpjd3	u/nkpower49	fnh6b2e	C
2020-04-15 12:17:52.988034	u/pikhathu	fnhr4dn	u/mtp62184	fnhpfdj	C
2020-04-15 12:18:58.075482	u/morganstark3000	fnhr809	u/adel051700	fnhqlx5	C
2020-04-15 12:19:06.799766	u/Mr_Meow34	fnhr8cx	u/JellyBeanStrike	fnhlzw1	C
2020-04-15 12:19:19.265898	u/beyondbirthday261	fnhr95k	u/const__username	fnhon7g	C
2020-04-15 12:19:27.771490	u/redditboy665	fnhr9ft	u/THExCHOSENxJOSH	fnhb1c5	C
2020-04-15 12:19:30.550984	u/blockboy99	fnhr9mw	u/DrCREEPYFRI	fnhk78e	C
2020-04-15 12:19:43.578964	u/MQgmsz24	fnhraed	u/SleepBeforeWork	fnhoujr	C
2020-04-15 12:19:54.584977	u/MyThiriX	fnhrbe8	u/DrCREEPYFRI	fnhk78e	C
2020-04-15 12:20:15.437808	u/nachog2003	fnhrbw9	u/77Chaotic	fnhqprw	C
2020-04-15 12:20:58.899251	u/le-patt	fnhrdra	u/tv_trooper	fnhpuds	C
2020-04-15 12:21:33.364427	u/lol_is_cool	fnhrexi	u/udupodcast	fnhr3bm	C
2020-04-15 12:22:17.543700	u/jennagstring	fnhrgwj	u/GodofLow	fnha842	C
2020-04-15 12:22:36.243042	u/bluebottle47	fnhrhm1	u/JackVonReditting	fnhb5v2	C
2020-04-15 12:23:34.715169	u/seriousdeadmen47	fnhrjll	u/Eitherdiamond19	fnhqyer	C
2020-04-15 12:23:54.608918	u/endmymisery42	fnhrka7	u/SkyBanditS	fnhrh03	C
2020-04-15 12:23:58.046940	u/siddy678	fnhrkqe	u/waaromleefik	fnhrfnt	C
2020-04-15 12:24:13.025352	u/DeathRipper193	fnhrlh0	u/modronebo	fnh96iy	C
2020-04-15 12:24:26.278307	u/wcaka	fnhrltg	u/Wolfknap	fnhobtk	C
2020-04-15 12:25:36.885480	u/-Oolong-Tea-	fnhrp0b	u/6ty9_	fnguoxn	C
2020-04-15 12:25:58.715691	u/99_Percent_Juice	fnhrqe4	u/big-boy1234	fnhh6j0	C
2020-04-15 12:26:43.582559	u/A_dutchmen	fnhrs4n	u/DaHomieChat	fnhp878	C
2020-04-15 12:27:09.009806	u/Kizunafist	fnhrt7v	u/elovamp1re	g1p6jq	S
2020-04-15 12:27:10.902023	u/DaSpaceman245	fnhrt8e	u/nad-sanagalap	fnh916d	C
2020-04-15 12:27:17.960735	u/abigwhale19	fnhrtiq	u/JamieTimee	fnhcadq	C
2020-04-15 12:27:26.314885	u/nickraft2	fnhrttd	u/Quacker_Account	fnh85h7	C
2020-04-15 12:28:19.065395	u/SheepDogGamin	fnhrvzb	u/DeathviaMilk	fnhrpqa	C
2020-04-15 12:28:32.433019	u/ShiningAbyss0	fnhrwfb	u/RMunnyWuzHeer	fngw3yx	C
2020-04-15 12:28:39.399339	u/Hencab26	fnhrx7s	u/SkiaFox17	fnhiu66	C
2020-04-15 12:29:09.625838	u/ThatAwkwarkOne	fnhrzar	u/GodofLow	fnha842	C
2020-04-15 12:29:13.020234	u/ThatAwkwarkOne	fnhrzlx	u/HellTap	fnhaer8	C
2020-04-15 12:29:14.361623	u/Zindel1	fnhrzo5	u/MiddleBox18	fnhr9ub	C
2020-04-15 12:29:26.756027	u/ThatAwkwarkOne	fnhrzzt	u/Wolfknap	fnhobtk	C
2020-04-15 12:29:30.824956	u/ThatAwkwarkOne	fnhs0ac	u/wcaka	fnhrltg	C
2020-04-15 12:29:35.513335	u/ThatAwkwarkOne	fnhs0md	u/OOF_100	fnhrqvl	C
2020-04-15 12:29:45.473274	u/nicknugget2007	fnhs1e4	u/potatoooo66planet	fnhrxnh	C
2020-04-15 12:29:46.834996	u/froogggggy	fnhs1fe	u/ItsBaithoven	fnhhwbg	C
2020-04-15 12:30:03.097796	u/TheGreatDaniel3	fnhs2ny	u/I9Qnl	fnhpdpr	C
2020-04-15 12:31:31.668259	u/VoltPleiar	fnhs60m	u/rypenguin219	fnhrzwm	C
2020-04-15 12:32:07.151015	u/ywnael	fnhs75t	u/shaker7	fngv2gi	C
2020-04-15 12:32:10.793693	u/CaptainMarvelDC	fnhs7az	u/Hello-ThereKenobi	fnfqqki	C
2020-04-15 12:32:38.330350	u/Some_Guy_45	fnhs86a	u/99_Percent_Juice	fnhqun6	C
2020-04-15 12:32:47.182876	u/imjustakid23	fnhs8q5	u/Wolfknap	fnhrsos	C
2020-04-15 12:33:02.835223	u/GoldenofGoat	fnhs957	u/AAFC417	fnhk229	C
2020-04-15 12:33:24.775835	u/merftree55	fnhs9v0	u/naren_klu	fnhpa72	C
2020-04-15 12:33:36.793499	u/uuuuusernameeeeeee	fnhsa6s	u/shadow-wtf	fnh74ge	C
2020-04-15 12:34:04.848324	u/lukesterlukas	fnhsb3t	u/MrBigJuice	fnhlt7y	C
2020-04-15 12:34:20.501055	u/echo360yt	fnhsbss	u/Master_JBT	fnh4izp	C
2020-04-15 12:34:27.506049	u/yeetice	fnhsc3z	u/davymak_	fnhj9z9	C
2020-04-15 12:35:35.180267	u/mai_deak_smol	fnhsdz8	u/6ty9_	fnguoxn	C
2020-04-15 12:35:46.767376	u/Chrono805	fnhsese	u/Thatbotlando	fnhscpd	C
2020-04-15 12:36:10.622466	u/AmericaRUserious	fnhsfow	u/Greywind45	fnhqd7z	C
2020-04-15 12:36:15.152035	u/azreel187	fnhsfra	u/dovedevic	fl2izeo	C
2020-04-15 12:36:57.135101	u/AweOizy	fnhshi1	u/Kind-Pop	fl3zlqu	C
2020-04-15 12:37:30.183637	u/Kuni64	fnhsiwv	u/Sandwichspud16	fnhsh6m	C
2020-04-15 12:37:36.534902	u/fetzen13	fnhsjf9	u/Gubq	fl5lyk4	C
2020-04-15 12:37:55.648827	u/nyrak27	fnhsk6a	u/GroggyHunt101	fnhfx0m	C
2020-04-15 12:38:32.425518	u/souledmonds	fnhslvr	u/KozKatma	fngy3x4	C
2020-04-15 12:38:38.467945	u/jgreenshields4554	fnhsm2l	u/RepostSleuthBot	fnhrw5r	C
2020-04-15 12:38:51.594726	u/PrisMaticShiv	fnhsmxs	u/nicknugget2007	fnhs1e4	C
2020-04-15 12:38:59.445870	u/LEFT_BEEF_______	fnhsn2o	u/ilovenoodles06	fnhdiv2	C
2020-04-15 12:39:07.169244	u/appsteve	fnhsnca	u/chaotemagick	fnhrez0	C
2020-04-15 12:39:36.435929	u/Seaparty123	fnhsou3	u/Canefasnion	fnhjqb9	C
2020-04-15 12:39:45.851037	u/jgreenshields4554	fnhspuo	u/RepostSleuthBot	fnhl8c2	C
2020-04-15 12:39:51.552962	u/oofkin_101	fnhsqdh	u/Animeisgaebruhment	fnhappt	C
2020-04-15 12:40:35.443792	u/Chad_Champion_69	fnhsrz6	u/ThePukkeryGuy	fnhrjv7	C
2020-04-15 12:41:02.115796	u/Herpgar-The-Undying	fnhst3l	u/Jarkoface	fnhrl69	C
2020-04-15 12:41:04.440617	u/GaryColemansRevenge	fnhstdj	u/ToyTrainlandFan	fnhsnd4	C
2020-04-15 12:42:38.455770	u/Ya-Boi-Cthulhu	fnhsw8g	u/Chillinit420isGod	fnhsrjr	C
2020-04-15 12:43:36.103800	u/gabipetr	fnhsy1m	u/GodofLow	fnha842	C
2020-04-15 12:43:44.052477	u/thelowercaseguyy	fnhsy9t	u/waffles0doom308	fnhpt2a	C
2020-04-15 12:43:46.233881	u/QueryCrook	fnhsydv	u/Relan42	fnhlxxl	C
2020-04-15 12:44:16.851909	u/ACasualWalnut	fnhuc2s	u/TiesG92	fnhu5bw	C
2020-04-15 12:44:23.458885	u/GloriousBeard905	fnhuc8u	u/ThatEagleWithADeagle	fnht41h	C
2020-04-15 12:44:32.787223	u/falcons_fan1966	fnhuciu	u/Fresh-broski	fnhu762	C
2020-04-15 12:44:43.026027	u/vursium	fnhucwg	u/VergilSDT	fnht07i	C
2020-04-15 12:45:16.610514	u/AzrbjnIsAGasStation	fnhueci	u/limones4K	g1ra79	S
2020-04-15 12:47:11.857990	u/52738	fnhui8u	u/WildKitkatacuss	fnhtwyn	C
2020-04-15 12:48:32.890451	u/girlywish	fnhul5x	u/Far414	fnho5z7	C
2020-04-15 12:48:35.223404	u/HaloDestinyGTA	fnhulbf	u/JustKebab	fngwie8	C
2020-04-15 12:48:36.897781	u/Mieniec	fnhulgu	u/NorabLeL	fnht2cf	C
2020-04-15 12:48:57.617170	u/Womensrightisajoke	fnhumtc	u/lord_-shrek-_	fijl3lo	C
2020-04-15 12:49:00.623322	u/GhostyToastyGhosty	fnhumwf	u/sid_9000	fneoc9m	C
2020-04-15 12:49:22.583226	u/TheRealDougie1	fnhuo5p	u/TurtleZ1235	fnhul5n	C
2020-04-15 12:49:31.669889	u/Womensrightisajoke	fnhuohf	u/lord_-shrek-_	fija1yo	C
2020-04-15 12:49:46.654845	u/EnzoMk1	fnhup59	u/SkiaFox17	fnhiu66	C
2020-04-15 12:49:51.046687	u/MatexxTheBoss	fnhup9c	u/ganman4	fnhtgqi	C
2020-04-15 12:49:59.116034	u/TheRustManCometh	fnhupqk	u/awesome_gamer_man690	fnhuijd	C
2020-04-15 12:50:06.352580	u/Chieron	fnhuqgu	u/Fabantonio	fnhko2d	C
2020-04-15 12:50:26.340648	u/Skalisty7	fnhuqwo	u/GodofLow	fnha842	C
2020-04-15 12:51:06.372747	u/phillthyphuck	fnhus1b	u/Vord_Loldemort_7	fnhoa2n	C
2020-04-15 12:51:33.326606	u/Necro_Monger	fnhusq3	u/noor_bhoma	fnhqjlc	C
2020-04-15 12:54:12.308528	u/PineappleInThePizza	fnhuxmb	u/RepostSleuthBot	fnhurup	C
2020-04-15 12:54:17.249377	u/NGASAK	fnhuxs7	u/unsectable	fnhrwu1	C
2020-04-15 12:54:50.855287	u/062417jp	fnhuyvd	u/-mareeeeh-	fnhudpt	C
2020-04-15 12:54:54.024372	u/IFryYoToaster	fnhuz00	u/HellTap	fnhuww5	C
2020-04-15 12:55:09.541378	u/DeadJeff21Memes	fnhuzdu	u/scientia_analytica	fnht1ie	C
2020-04-15 12:55:23.130146	u/BreadSlice228	fnhuzqm	u/the-best-jimmy	fnhuy3f	C
2020-04-15 12:55:30.553548	u/Karma-is-an-bitch	fnhuzyv	u/nacholibre23	fnhsrim	C
2020-04-15 12:57:02.558017	u/Bu11Shit3	fnhv2x9	u/UnKnOwN769	fnhu4jh	C
2020-04-15 12:57:26.658485	u/NottOnMyScreen	fnhv429	u/RealCabber	fnhe4uo	C
2020-04-15 12:58:12.245857	u/ineedagirlfriendpls	fnhv66x	u/PineappleInThePizza	fnhuxmb	C
2020-04-15 12:58:34.224763	u/SpiceThedevil	fnhv7j0	u/Texas_Tusks	fnhiu22	C
2020-04-15 12:58:42.687463	u/altcomet	fnhv7v2	u/HellTap	fnhuun3	C
2020-04-15 12:59:00.476547	u/bawsome113	fnhv98n	u/Chad_Champion_69	fnhsrz6	C
2020-04-15 12:59:26.308770	u/Gilbertezman	fnhvaaw	u/Throwaway105252	fnhuswr	C
2020-04-15 12:59:27.560320	u/Doesenju	fnhvad3	u/ikilled5kids	fnhuj7v	C
2020-04-15 12:59:31.106141	u/flordia_man_pilot	fnhvani	u/kyleclay25	fnhuues	C
2020-04-15 12:59:52.371726	u/InJailYoudBeMyHoe	fnhvc1t	u/UnKnOwN769	fnh8935	C
