2020-03-31 22:00:03.308399	u/littlesnig	fm2uht1	u/login__name2	fm1w9up	C
2020-03-31 22:01:08.406436	u/KingKontinuum	fm2uky6	u/jrjrnfnc	fm049lo	C
2020-03-31 22:01:10.855128	u/TheHammerandSizzel	fm2ukyr	u/poorly_timed_fuck	fm2qt35	C
2020-03-31 22:01:37.007894	u/ThiRteeN_Ghost	fm2umma	u/AcidNewports	fm2uf4y	C
2020-03-31 22:01:42.005592	u/d0md33d0md33	fm2umq9	u/KJTGamer1	fm2riwb	C
2020-03-31 22:01:49.338696	u/deflondon	fm2un2a	u/CrassKal	fm2mgvn	C
2020-03-31 22:01:53.869717	u/NowThatsExciting	fm2unce	u/Jmantheboss04	fm2ue6h	C
2020-03-31 22:02:11.274833	u/pee-peepoo-pooman	fm2uovj	u/Nanotaku06	fm2otmx	C
2020-03-31 22:02:18.542081	u/Cellophane2875	fm2up58	u/mr_gonzalez	fm2u4b2	C
2020-03-31 22:02:30.498283	u/Hoenntrumpets	fm2uplu	u/MeestaRoboto	fm2reln	C
2020-03-31 22:02:32.741125	u/BlackLeg_13	fm2uplt	u/xNATSUKIx102	fm2pqwq	C
2020-03-31 22:02:47.294831	u/Jay021jay	fm2uq90	u/bimm4	fl68gn2	C
2020-03-31 22:02:50.617661	u/AzulKarim	fm2uqdk	u/UFOpancakes960	fm2uoq0	C
2020-03-31 22:03:35.249692	u/Fredericosuavay	fm2usth	u/AutoModerator	fm1771e	C
2020-03-31 22:04:00.475728	u/Nathanthewaffle	fm2utk3	u/NuclearWalnut420	fm26sxj	C
2020-03-31 22:04:13.960985	u/MeMeR-MaN42	fm2uubw	u/MemerMan1212	fm2tpy1	C
2020-03-31 22:04:48.201846	u/woodchuck69420	fm2uwfx	u/NuclearWalnut420	fm2dslw	C
2020-03-31 22:04:51.288109	u/Jamcoco5	fm2uwjh	u/Redditthedog	fm2trz8	C
2020-03-31 22:05:12.471793	u/Greater419	fm2uxzm	u/1_Nysosis_1	fm27mkd	C
2020-03-31 22:05:53.453190	u/KingBidoofXI	fm2uzxd	u/RepostSleuthBot	fm2uxpb	C
2020-03-31 22:05:58.172890	u/Bainy995	fm2v048	u/SharpLemon56	fm1kp4d	C
2020-03-31 22:06:09.132230	u/el24cuhh	fm2v0iu	u/monogatarist	fsf7t1	S
2020-03-31 22:07:02.760299	u/KellyKellogs	fm2v430	u/daltonpassmore18	fm12371	C
2020-03-31 22:07:13.272784	u/fishyfishy1087	fm2v4h5	u/FunkyYetRuined	fm2gm69	C
2020-03-31 22:07:21.562374	u/Chicken-Poltergeist	fm2v4tq	u/YearsRunLikeRabbits	fm2uxbs	C
2020-03-31 22:07:44.508110	u/Fuckrobertsacre	fm2v5v8	u/a_pretty_cool_fella	fm2treq	C
2020-03-31 22:08:32.821459	u/surf_da_web29	fm2v8kl	u/PonzuBees	fm2tl3v	C
2020-03-31 22:08:40.175666	u/beetleeagle667	fm2v91e	u/ameer777ameer	fm2v5tm	C
2020-03-31 22:08:43.474767	u/DudeYourAss	fm2v9cy	u/TheRichBoyz	fm1vthu	C
2020-03-31 22:08:45.506305	u/GioVani_05	fm2v9im	u/PerfectSpyMain	fm2u25l	C
2020-03-31 22:09:24.662692	u/Chuki17	fm2vczp	u/whysomanyemmas	fm2o7ph	C
2020-03-31 22:09:42.833921	u/Coorslightman69	fm2vf1s	u/DatBoiSmurfy	fm2va13	C
2020-03-31 22:11:14.144608	u/JBourke97	fm2vjk1	u/redditmeric	fm2qqk6	C
2020-03-31 22:12:51.920355	u/wormoxx	fm2vncp	u/Wondervv	fm2v4yi	C
2020-03-31 22:13:23.481102	u/Ethan488	fm2vooc	u/beaniskazinus	fm2vn09	C
2020-03-31 22:13:31.742260	u/rock-nar	fm2vozz	u/ameer777ameer	fm2ukzp	C
2020-03-31 22:13:38.264652	u/Open-Acadia	fm2vpeh	u/Plagueis2689	fm2j1o6	C
2020-03-31 22:13:57.346612	u/Jeffery_jeffson	fm2vq4b	u/thejokingwizard	fm2v1qy	C
2020-03-31 22:14:34.217878	u/SweetMilkMan	fm2vrg1	u/nameofanuser	fm2vjdh	C
2020-03-31 22:14:53.146444	u/Mr_Raccoon1010	fm2vs6i	u/RufflesOriginal	fm0vh8y	C
2020-03-31 22:16:11.067817	u/ExtremeRelief	fm2vu5q	u/fualtyzane	fl858n6	C
2020-03-31 22:16:15.773773	u/Axoo_ooxA	fm2vua9	u/gergatori	fm1cbmf	C
2020-03-31 22:16:18.485067	u/Ilikewaterh2_O	fm2vud0	u/nitewing1124	fm2ds9b	C
2020-03-31 22:16:49.828369	u/GlideGuy	fm2vw3z	u/meh1231	flwvguj	C
2020-03-31 22:17:01.349580	u/Alex_Alpaca	fm2vwqn	u/w-on	fm2jbnw	C
2020-03-31 22:17:21.725747	u/theuniversesentme	fm2vxlw	u/JakeTheSandMan	flljxa5	C
2020-03-31 22:17:29.262346	u/epsilon_church928	fm2vy3b	u/JBourke97	fm2vjk1	C
2020-03-31 22:18:31.349298	u/devilanus123	fm2w13h	u/defeatedcube416	fm2u04h	C
2020-03-31 22:18:45.057236	u/Yoursparkinthedark	fm2w201	u/Blacktigerlilly42	fm2059m	C
2020-03-31 22:19:19.128485	u/bushboi25	fm2w5f5	u/Fortunatoe	fm2v5wl	C
2020-03-31 22:19:23.054213	u/nxl_jayska	fm2w62a	u/cheekycamo	fm23pki	C
2020-03-31 22:19:26.586497	u/RussianMausTank	fm2w6zl	u/TheDnDNerd	fm2va18	C
2020-03-31 22:19:31.571214	u/Self-Contradiction	fm2w775	u/RadicalCharizard	fm2w310	C
2020-03-31 22:19:32.523304	u/LoudnessofTheLambs	fm2w7iy	u/Bman2807YT	fm2rrk3	C
2020-03-31 22:19:40.396174	u/VenomousKrill94	fm2w8nf	u/holxino	fm2oohi	C
2020-03-31 22:19:48.940232	u/__jayck__	fm2wa84	u/Firebrodude07	fm2w6ye	C
2020-03-31 22:19:57.010901	u/NWestLocke	fm2wb6p	u/Predator_Hicks	fm2sso4	C
2020-03-31 22:19:57.833745	u/CodeCracked	fm2wbbu	u/ahmedmohammedd	fm26srl	C
2020-03-31 22:20:20.039515	u/teja1221	fm2wcly	u/Aaaaaaaahg	fm2w411	C
2020-03-31 22:20:43.759779	u/gameingbread69	fm2wdoj	u/trashykiddo	fm2ov39	C
2020-03-31 22:20:48.445115	u/jj3646	fm2wdvg	u/CoreEncorous	fm1o10c	C
2020-03-31 22:21:01.429856	u/_-die-_	fm2we6m	u/gormystar	fm2nuf1	C
2020-03-31 22:21:09.434374	u/harlod-16	fm2wepy	u/memoryisnotRAM	fsqha0	S
2020-03-31 22:21:48.449891	u/Cream_Puff_2002	fm2wgew	u/juulo-memekoter	fm1z3j9	C
2020-03-31 22:21:59.005382	u/yaboireag	fm2whse	u/ExpertAccident	fm2qcpo	C
2020-03-31 22:23:01.279328	u/MONKOMIO	fm2wl8s	u/MAGIC_EYE_BOT	fm2wkhm	C
2020-03-31 22:23:04.695094	u/LamaPajamas	fm2wle2	u/DaFitz17	fm2uq4p	C
2020-03-31 22:23:12.644078	u/JonahTheCoyote	fm2wlzy	u/bbbBagger	fsfhwe	S
2020-03-31 22:24:05.275080	u/Anonymous-sad-69	fm2wom9	u/TheEpicWallBuilder	fm25g58	C
2020-03-31 22:24:14.726488	u/That-Weird-Guy-	fm2wp6k	u/Inf1n1tyMagic	fm2w1xu	C
2020-03-31 22:24:36.127576	u/were_all_seagulls	fm2wpp6	u/corpsefuker	fm2dtct	C
2020-03-31 22:25:27.470256	u/W_W_3-Soldier	fm2ws4e	u/ProfessorOnEdge	fm2vj1r	C
2020-03-31 22:25:50.780281	u/FrylockMVP	fm2wtaa	u/Luna0806	fm2w2rb	C
2020-03-31 22:26:06.034855	u/RAAAAAAAAAASENGAN	fm2wtw6	u/armstrong-1997	fm2aa8w	C
2020-03-31 22:26:41.011600	u/RuralValley	fm2wv8n	u/FutureMartian97	fm2wgrd	C
2020-03-31 22:27:20.213066	u/TheWanderingMemer	fm2wwel	u/Shrekisdummythik	fm2nlis	C
2020-03-31 22:28:00.032203	u/slothman134	fm2wygz	u/MemerMan1212	fm2tpy1	C
2020-03-31 22:28:02.624198	u/MeMeAdDiCt_yessir	fm2wyij	u/MrTrump_Ready2Help	fm1nhbo	C
2020-03-31 22:28:04.261894	u/Nishi_Paul	fm2wyik	u/ateur5	fm2oaoy	C
2020-03-31 22:28:10.066466	u/wiwiwjj	fm2wyv5	u/meh1231	fm2vyug	C
2020-03-31 22:28:22.123178	u/I-wil-rate-your-tits	fm2wzag	u/MrProbation	fm2wgcb	C
2020-03-31 22:28:42.987891	u/Mike_Fraud_Ross	fm2x02d	u/RepostSleuthBot	fm2tjb5	C
2020-03-31 22:28:44.369488	u/dadjoke94	fm2x033	u/NuclearWalnut420	fm26sxj	C
2020-03-31 22:28:51.942452	u/NickArgunov	fm2x0e5	u/SeNorbub	fm2v2mm	C
2020-03-31 22:29:51.186153	u/rasarack	fm2x4d2	u/kronosblaster	fm2odd3	C
2020-03-31 22:29:57.352996	u/marveIous	fm2x4xi	u/AutoModerator	fm12ucs	C
2020-03-31 22:29:57.773212	u/elusiveop	fm2x4ym	u/FunkyYetRuined	fm2gm69	C
2020-03-31 22:29:59.624529	u/QuipMoose	fm2x5e3	u/SleepBeforeWork	fm1deod	C
2020-03-31 22:30:17.143314	u/EssenceOfCancer	fm2x65h	u/British_dinosuar	fm2ta5c	C
2020-03-31 22:30:32.102462	u/Tils20	fm2x6ib	u/Alien_lifeform_	fm21h8h	C
2020-03-31 22:30:36.953602	u/mYgAyDaRsGoInGoFf	fm2x6sl	u/SweatPig77	flru2mn	C
2020-03-31 22:30:43.011221	u/katz_are_liquid	fm2x71u	u/Alex_Alpaca	fm2vwqn	C
2020-03-31 22:31:02.930571	u/oofmedaddio	fm2x7od	u/Doom-Spidey	fm1uf4d	C
2020-03-31 22:32:58.592456	u/MaxHeilmann180	fm2xc5d	u/A-stack-of-boomer	fm21ggo	C
2020-03-31 22:33:08.654533	u/AtomicPlasma02	fm2xch4	u/Dat_Boi12345678910	fm2xa91	C
2020-03-31 22:34:51.190151	u/DingleBaerry	fm2xggo	u/Open-Acadia	fm2vpeh	C
2020-03-31 22:35:58.517439	u/whatwhatwhatsoever	fm2xk22	u/LegoYodaIsGod	fm2wk6i	C
2020-03-31 22:36:08.484223	u/rizel_power	fm2xkmp	u/GioVani_05	fm2v9im	C
2020-03-31 22:36:14.570155	u/ThadiousMc92	fm2xl5a	u/racerfree	flv1ds7	C
2020-03-31 22:36:24.119350	u/Telemere125	fm2xlrx	u/school-is-thehotdrop	fm2qnj9	C
2020-03-31 22:36:26.929431	u/CataclysmicLlama	fm2xly6	u/Himenim	fm2xk9t	C
2020-03-31 22:36:49.788172	u/bestnoobever01	fm2xmxf	u/LullabyOfTheLostCity	fm2tuhg	C
2020-03-31 22:37:05.307615	u/4USTlN	fm2xnfg	u/ThatOneTurkishDude	fm1kumi	C
2020-03-31 22:37:26.217157	u/ImNotABadGuyISwear	fm2xold	u/FredericChopin08	fm2nuox	C
2020-03-31 22:37:53.905200	u/stellaprimi	fm2xpxp	u/Potatotheooflord	fm16zbd	C
2020-03-31 22:37:57.986517	u/Flintstone-Vitamin	fm2xpyv	u/TheAmazingMrfella	fm2bpr2	C
2020-03-31 22:38:27.206592	u/MyImaginaryGFLeftMe	fm2xr27	u/Tarbarion2	fm2xnbq	C
2020-03-31 22:38:43.077383	u/Damaark	fm2xrsx	u/Acidic_White_Girl	fm2a6cw	C
2020-03-31 22:38:47.399760	u/Al-Kushi	fm2xs3e	u/My_Butt_Itches_24_7	fm24sqh	C
2020-03-31 22:39:05.294951	u/Nahoonodee	fm2xt27	u/-FantasticFoxx-	fm2worp	C
2020-03-31 22:39:08.446921	u/DuckWithBadLuck	fm2xt8f	u/xXCyberSp9ceXx	fm2nu8i	C
2020-03-31 22:39:31.905222	u/cole_8888	fm2xu3q	u/Predator_Hicks	fm2v6e8	C
2020-03-31 22:39:56.113705	u/myothernamewastakin	fm2xwl9	u/bigboyron42069	fm2xu7v	C
2020-03-31 22:39:57.890031	u/StanleyWessle	fm2xwos	u/Mask1O1	fm2xh0k	C
2020-03-31 22:39:58.413108	u/Capsizedsr	fm2xwph	u/Eziopool	fm2x145	C
2020-03-31 22:40:01.408399	u/General_Platypus	fm2xwvo	u/NuclearWalnut420	fm26sxj	C
2020-03-31 22:40:03.845039	u/kaazgranaat2309	fm2xwvv	u/NickArgunov	fm2x0e5	C
2020-03-31 22:40:08.565031	u/Almubid	fm2xx2u	u/ttv_yt_sweatybot-	fm2x5pr	C
2020-03-31 22:41:15.476068	u/zepol_2	fm2xztt	u/saggywitchtits	flz8lzy	C
2020-03-31 22:42:28.779449	u/Golden-Storm	fm2y33s	u/AutoModerator	fm0v08n	C
2020-03-31 22:42:32.219200	u/YCLUBSTEP58	fm2y39r	u/Old-Dream	fm2tai4	C
2020-03-31 22:42:40.151539	u/Adogthatbarks	fm2y3oc	u/Jomesfonso	fm2p5u8	C
2020-03-31 22:42:43.620132	u/blackxkat	fm2y3wo	u/LuckyAceBlue	fm2xpvb	C
2020-03-31 22:43:21.633431	u/LoganH873	fm2y6ie	u/sulfurrz	fm2ozyv	C
2020-03-31 22:44:26.985384	u/vonto2020	fm2y8gc	u/Old-Dream	fm2tek0	C
2020-03-31 22:44:34.189950	u/Jar_oski	fm2y8r3	u/_Shinketsu_	fm07nus	C
2020-03-31 22:44:42.427595	u/PKMN_Trainer_Brayden	fm2y91n	u/Voxesness	fm2natb	C
2020-03-31 22:46:27.181078	u/someoneudontno1	fm2yeio	u/alex3995	fm2rr6c	C
2020-03-31 22:46:38.701957	u/IvantheKingIII	fm2yf1l	u/EntertainersPact	fm2x1ph	C
2020-03-31 22:46:41.533036	u/Bencil_McPrush	fm2yf8u	u/epsilon_church928	fm2vy3b	C
2020-03-31 22:46:43.427864	u/here_for_the_meta	fm2yfa5	u/CanYouSmellToast	fm137np	C
2020-03-31 22:46:48.337054	u/Jessika222	fm2yfi8	u/Freddy9287	fl30r4s	C
2020-03-31 22:46:52.881335	u/CowCake1	fm2yfls	u/TheCheeseBroker	fm2x6y5	C
2020-03-31 22:47:52.558058	u/jibharkejile	fm2yi1g	u/goodcapt	fm23are	C
2020-03-31 22:47:59.623535	u/Dopeydragoon	fm2yig3	u/Oli15768	fm2xtd5	C
2020-03-31 22:48:04.320462	u/thiccdoctorsushi	fm2yiiy	u/Seenicx	fm2xkmd	C
2020-03-31 22:48:40.352147	u/Larriklin	fm2ykgr	u/FunkyYetRuined	fm2gm69	C
2020-03-31 22:48:47.586162	u/Mysterious_XY	fm2yl1u	u/ILoveMyFriendAlex	fjynxg8	C
2020-03-31 22:49:21.474928	u/Loli-Juice_	fm2ymuz	u/Steaking-out-Steak	fm2q866	C
2020-03-31 22:49:44.143148	u/Seiji_Mizurichi	fm2ynnw	u/sevenstupid	fm27hev	C
2020-03-31 22:49:56.740324	u/Apeirogon8888	fm2yosp	u/ODSEESDO	fm2rfhq	C
2020-03-31 22:50:47.747602	u/yesboi300	fm2yr3u	u/ZZionix	fm2ypcx	C
2020-03-31 22:51:02.265164	u/AlwaysAMedic	fm2yrnj	u/Jawknee27	fm1grg6	C
2020-03-31 22:51:08.100146	u/ZatsuneMikuForever	fm2yrun	u/Moonlightsilvercat	fm224l6	C
2020-03-31 22:51:23.094983	u/SunnyBijarani	fm2ys6c	u/pinkpatiences	fm2gpr1	C
2020-03-31 22:51:45.722296	u/GrayBruh	fm2yt5h	u/mazexpert	fm2ub7m	C
2020-03-31 22:52:31.941276	u/Joe_who_is_yuri	fm2yvix	u/ChildrenWatcher	fm2ygud	C
2020-03-31 22:53:35.372723	u/GamerPrimal	fm2yxiw	u/Focus_Spirit	fldxqbx	C
2020-03-31 22:53:47.666953	u/randombigal	fm2yy49	u/blackxkat	fm2xn9n	C
2020-03-31 22:54:11.227528	u/asseater293	fm2yz42	u/poopuss	fm2px11	C
2020-03-31 22:54:32.914899	u/SamuraiTofu	fm2yznq	u/Horsedog13	fm2sd8z	C
2020-03-31 22:54:40.345414	u/russiagod	fm2z04d	u/Zafk13l	fm28mzs	C
2020-03-31 22:55:08.088384	u/Yeeted-Fate	fm2z19z	u/RuralValley	fm2vgk9	C
2020-03-31 22:55:16.041612	u/MegaManX-1993	fm2z1g4	u/ButterSpreads	fm1ogx9	C
2020-03-31 22:55:19.944603	u/replies_useless_shit	fm2z1lq	u/southerndirtbag	fm2ys4h	C
2020-03-31 22:55:28.887259	u/The_Imperail_King	fm2z1x1	u/Mezo421	fm2xyyn	C
2020-03-31 22:55:35.811981	u/fate122991	fm2z22d	u/wantedmaniac	fm2o7kq	C
2020-03-31 22:55:41.561931	u/WussssPoppinJimbo	fm2z297	u/XxLevittttatexX	fm2vny4	C
2020-03-31 22:56:04.586108	u/DrGlorby	fm2z37t	u/MightBeFloridaMan	fm2z1f3	C
2020-03-31 22:56:09.447069	u/Corny-boi	fm2z3ll	u/1_Nysosis_1	fm2561a	C
2020-03-31 22:56:19.841691	u/Inexperienced_Potato	fm2z450	u/AeZhee	fm11bha	C
2020-03-31 22:57:16.068701	u/Jus2207	fm2z70y	u/Alex_Alpaca	fm2vwqn	C
2020-03-31 22:57:21.808991	u/girl_of_blue	fm2z7at	u/_NISRANDOM	fm2uo4i	C
2020-03-31 22:57:36.017405	u/discdudeboardbro	fm2z807	u/reasonandmadness	fm2fwlh	C
2020-03-31 22:58:18.929460	u/persnn0ngrta	fm2zbda	u/MightBeFloridaMan	fm2z7z1	C
2020-03-31 22:58:24.552311	u/danibombtastic	fm2zbi0	u/CaninimTheGreat	fm2z447	C
2020-03-31 22:59:08.441345	u/jumpingjacc	fm2ze25	u/Mama_Comic	fm2zaiy	C
2020-03-31 22:59:19.653983	u/DangerousLiberty	fm2zetc	u/leaderofthevirgins	fm2sc7w	C
2020-03-31 22:59:21.265565	u/Gwynnevaera	fm2zew9	u/FunkyYetRuined	fm2gm69	C
2020-03-31 22:59:24.378781	u/Dan_the_m3m3_man_	fm2zf30	u/very-original-user	fm2xh1b	C
2020-03-31 22:59:26.750688	u/totally_not_enby	fm2zfgg	u/ODSEESDO	fm2rhb1	C
2020-03-31 22:59:29.116666	u/Ktrap_1	fm2zfj1	u/Primary-Team	fm2unbi	C
2020-03-31 22:59:37.667855	u/FireBurrito8490	fm2zg5c	u/DoenS12	fm2v47e	C
2020-03-31 22:59:53.740305	u/obiwantakobi	fm2zhc5	u/The_Texidian	fm2zc17	C
2020-03-31 22:59:54.394261	u/InterLooperNorth	fm2zhcd	u/Animosi-T	fm2x443	C
