2020-03-26 10:01:03.669597	u/Ahk-men-ra	fljzaw3	u/mememaster69420911	fljrcwg	C
2020-03-26 10:01:59.386235	u/LukasGamerPlayz	fljzcfq	u/RealSeif47	fljyrxz	C
2020-03-26 10:02:14.989438	u/Dep96	fljzd3b	u/RepostSleuthBot	fljz9my	C
2020-03-26 10:02:25.299893	u/RottedRabbitAgain	fljzdie	u/Darth_Star_Vader	fljzaub	C
2020-03-26 10:02:56.051771	u/WrappingPapers	fljzead	u/meme_a_licious	fljoxx7	C
2020-03-26 10:03:04.880385	u/lemonsaregud4u	fljzekj	u/DungeonCrawler420	fljq1de	C
2020-03-26 10:04:02.897361	u/Einnab64	fljzgnu	u/SevenPandas	fljz87d	C
2020-03-26 10:04:11.297408	u/MemeFryer5555555	fljzh0p	u/lemonsaregud4u	fljyn7a	C
2020-03-26 10:04:39.317613	u/PSI-THOM-PK	fljzhiz	u/Xploiter_RBLX	flimiyd	C
2020-03-26 10:04:45.452762	u/The_Iorn_Cactus	fljzhmd	u/chickenlegflipflops	fljkozs	C
2020-03-26 10:05:10.784738	u/Beady-slime9	fljzi7x	u/Nach0s4Life	fljp9zv	C
2020-03-26 10:05:38.959729	u/RucolaOnReddit	fljzj02	u/sauna669	fljxa3s	C
2020-03-26 10:05:52.388116	u/BonelessOdin5	fljzjtu	u/RightWishbone3	fljnnfr	C
2020-03-26 10:06:08.463439	u/Carter406	fljzkas	u/TheMightyPPBoi	fljz6a7	C
2020-03-26 10:06:15.432989	u/NickyTheDemomann	fljzkl5	u/PrettySeal8927	fljzijk	C
2020-03-26 10:06:22.780597	u/Mirokov	fljzkq6	u/Amal_Jayakumar	fljz2bl	C
2020-03-26 10:06:48.454134	u/ArmandClimbing	fljzluf	u/Freeze_Wolf	fljz5cf	C
2020-03-26 10:07:29.566925	u/General_Clanka	flk0yna	u/Minetendo0000	fljzl7q	C
2020-03-26 10:08:00.921573	u/Pauleta0213-	flk10a0	u/Jerry_Sprunger_	flja3fu	C
2020-03-26 10:08:26.707280	u/KetchupNsTuff	flk11tn	u/eljay87skt	fljqzo8	C
2020-03-26 10:08:49.737033	u/BosBaas	flk130p	u/area51_manager	fljws0t	C
2020-03-26 10:08:51.186822	u/Aggressive-Office	flk131i	u/blong0318007	fljw5ks	C
2020-03-26 10:08:59.596445	u/Stinkerclinker	flk13ir	u/AutoModerator	fljk80s	C
2020-03-26 10:09:01.508934	u/cakearcher	flk13jo	u/mp_050704	flk109f	C
2020-03-26 10:09:07.959524	u/iamaleafinbutwind	flk13y3	u/sauna669	fljxa3s	C
2020-03-26 10:09:22.178485	u/Real_Depression_Guy	flk14a5	u/HandsomeP0TAT0	flk01lp	C
2020-03-26 10:09:25.044377	u/CottonEyeJOEMAMA	flk14f9	u/DarthJJAbrahams	flk0z8t	C
2020-03-26 10:09:38.693068	u/SpiffyHippy29	flk15do	u/CDoodlesYT	fljh1u3	C
2020-03-26 10:09:48.416188	u/Children_of_The_Sun_	flk1681	u/Gongstrong	flk10uh	C
2020-03-26 10:09:49.317396	u/Black_wolf_down	flk1698	u/Duryodhana__	fljtyxr	C
2020-03-26 10:09:53.464849	u/TDBear18	flk16ky	u/heavysafley	fljsjir	C
2020-03-26 10:09:54.618365	u/Ziad_adel	flk16nl	u/Gwen_Weasley	fljzbji	C
2020-03-26 10:09:56.080539	u/AeroNeves	flk16y7	u/Your_Mother_19	flk146r	C
2020-03-26 10:09:59.051500	u/fezdispenser2019	flk1795	u/HumbrolUser	fljti1d	C
2020-03-26 10:10:40.185989	u/ChuckD1205	flk18xg	u/RJPeaches	fljzb3l	C
2020-03-26 10:10:44.777992	u/Vitz_Blitz	flk191f	u/HakuTsubaki	fljpzdw	C
2020-03-26 10:11:03.641687	u/Uzumaki_Caleb	flk19px	u/t0nypl4yz	flhedwc	C
2020-03-26 10:11:13.311670	u/GamerJake888	flk19yn	u/Duryodhana__	fljtyxr	C
2020-03-26 10:11:17.872832	u/KeepYourInnocence0	flk1a4l	u/Ediblemilk	fljp7lo	C
2020-03-26 10:11:56.065282	u/Nerdikon54	flk1bdz	u/RepostSleuthBot	fljojt6	C
2020-03-26 10:12:31.829278	u/predalien_	flk1czr	u/borkzy1	flk0s1d	C
2020-03-26 10:12:55.588363	u/JMan1008	flk1dgs	u/hornydrunkenmama	fljvf59	C
2020-03-26 10:13:51.972751	u/DontNotDoDrugz	flk1f3x	u/dirtbutcher	flk1dp7	C
2020-03-26 10:14:06.218227	u/finnaginna	flk1fn7	u/Alram69	fljpkiw	C
2020-03-26 10:14:08.318398	u/McFatFudge	flk1fo1	u/gamer-curt-YT	fljzw6i	C
2020-03-26 10:14:27.798279	u/Unity605	flk1gbt	u/9ragmatic	fljnxkh	C
2020-03-26 10:15:17.904649	u/realsuperguy199	flk1i1z	u/ThatGuyOnAThrone	fljz23x	C
2020-03-26 10:15:34.957826	u/Theknightbeyond	flk1it2	u/Thic_water	flk0vr4	C
2020-03-26 10:15:45.260488	u/Pizza-rolls-baby	flk1jhl	u/fualtyzane	flj1tiv	C
2020-03-26 10:15:50.581647	u/brickviaduct	flk1js1	u/officer_panda159	flj6fw0	C
2020-03-26 10:15:55.843061	u/KristenKutThroat	flk1ju9	u/Bataling_Uncle	fljw1ni	C
2020-03-26 10:16:05.401888	u/CorruptedEither	flk1k6j	u/Van-Dangus	fpc17h	S
2020-03-26 10:16:46.342498	u/ChooMyAss	flk1mfs	u/joshc14	fljmp07	C
2020-03-26 10:16:59.832004	u/absolutely_motivated	flk1mxf	u/Sekof7	fljknkd	C
2020-03-26 10:17:05.101665	u/douglas_g05	flk1n37	u/Florio805	fljqb7p	C
2020-03-26 10:17:52.339745	u/xCARLOxRO	flk1prt	u/TomNic99	fljy75q	C
2020-03-26 10:17:57.250094	u/D0n_K3ks	flk1q8p	u/Xx_GrammarNazi_xX	flhw3rh	C
2020-03-26 10:17:58.888912	u/TessaNO-TessaYES	flk1q95	u/Sinamyte	flk0bd4	C
2020-03-26 10:18:09.411659	u/ajxanman	flk1qwn	u/RhinoWithoutAHorn	flk1kjc	C
2020-03-26 10:18:17.671726	u/egbot	flk1r7x	u/modern_problems	fljrs7s	C
2020-03-26 10:18:26.374843	u/TheMarksMen0973	flk1rxl	u/thedecid34	flk0fyd	C
2020-03-26 10:18:30.019049	u/CumTester	flk1s66	u/DanKou237	flk1k13	C
2020-03-26 10:18:47.955573	u/pubghero	flk1t23	u/mimilegolol	flk1px3	C
2020-03-26 10:19:19.843232	u/Miepmeister	flk1uqh	u/Pigpenlordofdirt	fljqdil	C
2020-03-26 10:19:22.219513	u/lemon_pie_14	flk1v0h	u/cheesewick2	fljjryw	C
2020-03-26 10:19:42.496727	u/Endure94	flk1wee	u/KingofTahoe	fljx8zs	C
2020-03-26 10:19:46.194171	u/NakotaDark	flk1wpi	u/lanos23	fljouvs	C
2020-03-26 10:19:49.368241	u/jimbaggs3	flk1wx5	u/elchago100	fljmy7j	C
2020-03-26 10:19:50.156811	u/sboxtf	flk1wxa	u/viagrosexperimentos	fljrkgf	C
2020-03-26 10:19:56.721699	u/anuabhi203	flk1xt2	u/bkmangang	flk0lxz	C
2020-03-26 10:19:59.994159	u/tilltill12	flk1y9f	u/elitePP69lmao	flh3fej	C
2020-03-26 10:20:33.068244	u/guneetsac	flk1z9e	u/Pigpenlordofdirt	flh7092	C
2020-03-26 10:21:00.523616	u/collergic	flk1zx9	u/howler126	fljx7xl	C
2020-03-26 10:21:27.530171	u/Benito2002	flk20bw	u/Spoggen	fljxr07	C
2020-03-26 10:21:50.915522	u/ellathon22	flk21fc	u/nomis2705	fljmzn4	C
2020-03-26 10:22:37.603102	u/BoyTheTall	flk23c8	u/DontNotDoDrugz	flk1ums	C
2020-03-26 10:22:40.904033	u/ThatOneKid000005	flk23e8	u/TheMishOfficial	fljgy55	C
2020-03-26 10:22:55.697482	u/MrGrampton	flk23qe	u/real_doppelganger	fljs7xx	C
2020-03-26 10:22:58.935888	u/HedleyLamarr91	flk23r5	u/trollelelogram	flk0ght	C
2020-03-26 10:23:14.574459	u/tim15_	flk2493	u/Gwen_Weasley	fljx8ma	C
2020-03-26 10:23:30.858650	u/xCGxChief	flk24uh	u/LordJayfeather	fljp4mi	C
2020-03-26 10:23:36.291681	u/DEMACIAAAAA	flk24xx	u/kyoger_Busted	fljse72	C
2020-03-26 10:23:44.173302	u/DeDamin77	flk253g	u/RVK_WAFFLE	flk1n0h	C
2020-03-26 10:24:00.266713	u/johansote	flk25pm	u/FZPoggers	fljxn7p	C
2020-03-26 10:24:04.848389	u/billybatsonn	flk25q7	u/AutoModerator	fljk80s	C
2020-03-26 10:24:13.372058	u/MarkovisquiBones	flk262e	u/WD40911	flk253b	C
2020-03-26 10:24:22.482879	u/Sham2061	flk26dh	u/wackadoodle_	fljrjdi	C
2020-03-26 10:24:42.893165	u/SuicidalTourtise	flk276b	u/RepostSleuthBot	fljzhj5	C
2020-03-26 10:25:04.315716	u/Kehlum	flk287i	u/AzaBlanta	fljtxlp	C
2020-03-26 10:25:36.850983	u/wellshit2face	flk296y	u/Noobster646	flk0l3i	C
2020-03-26 10:26:01.282911	u/Fireraptor99	flk2a73	u/_ariaa_	fljr1vj	C
2020-03-26 10:26:10.097650	u/The_Vibe_Guy	flk2ai2	u/RepostSleuthBot	fljoir4	C
2020-03-26 10:26:22.465323	u/Liquid_Blue_24	flk2b6f	u/Pannenkoek420	fljztr1	C
2020-03-26 10:26:31.635074	u/DredgenLore	flk2bgn	u/Doehap	flk1003	C
2020-03-26 10:27:45.956831	u/stuxnet___	flk2ec1	u/xvsanx	flk2d8r	C
2020-03-26 10:27:55.876439	u/sigge420	flk2evs	u/woooshifudumb	flk2dh4	C
2020-03-26 10:28:02.740249	u/isuckducks247	flk2f92	u/FluuBk	fp8sve	S
2020-03-26 10:28:13.575024	u/tahaelhour	flk2fjd	u/CacklettasMinion	flju7ru	C
2020-03-26 10:28:30.605966	u/Makisani	flk2gns	u/Pigpenlordofdirt	flh7092	C
2020-03-26 10:28:32.793841	u/tmntfever	flk2gpl	u/Sekof7	flju1zk	C
2020-03-26 10:28:45.973761	u/WilldaBeast924	flk2hf5	u/Coca_Cola42069	fljqe1a	C
2020-03-26 10:28:47.449678	u/flwrs__	flk2hfi	u/ChooMyAss	flk11m0	C
2020-03-26 10:28:54.470024	u/hengifer	flk2hov	u/Pigpenlordofdirt	flhfwm7	C
2020-03-26 10:28:55.930690	u/Over-Engineering	flk2hrb	u/hamekamesha	fljujrg	C
2020-03-26 10:28:59.368592	u/ItalianPepe	flk2hyn	u/elevmikasa	flk2gjc	C
2020-03-26 10:29:00.678833	u/-Im_Just_Matt-	flk2hyv	u/EthanielClyne	fljz2nr	C
2020-03-26 10:29:24.839841	u/Candy_Worthy	flk2j8i	u/Sekof7	fljknkd	C
2020-03-26 10:29:28.839739	u/KindredHTpcNFL	flk2jhw	u/FluuBk	fljnkze	C
2020-03-26 10:29:38.595965	u/PolybiusOfficial	flk2k1c	u/eivind04	flgzxxv	C
2020-03-26 10:29:39.669955	u/teeheemoomooman	flk2k20	u/Geodude1359	flk0ja2	C
2020-03-26 10:29:42.640807	u/MartyMixer	flk2k72	u/RepostSleuthBot	flk2ilg	C
2020-03-26 10:29:44.044883	u/xedna	flk2k9r	u/mayneffs	fljw0h9	C
2020-03-26 10:29:52.796543	u/TSA_Reaper	flk2l0a	u/Sekof7	fljknkd	C
2020-03-26 10:29:57.823449	u/Odrozic-Boroda	flk2ld5	u/Material-Address	fljspbn	C
2020-03-26 10:30:28.039112	u/ansxz	flk2n12	u/NuggetBuilder	fljz3rk	C
2020-03-26 10:31:17.670547	u/gerggggg7	flk2pab	u/RepostSleuthBot	fljt92j	C
2020-03-26 10:32:37.625535	u/TGamesCZ	flk2s50	u/ThePaperEmpire	fljzdpz	C
2020-03-26 10:32:43.187869	u/calm-mayhem	flk2sdp	u/Potatotheooflord	fl5lx1y	C
2020-03-26 10:33:39.208469	u/JackPharoahPlayz	flk2urc	u/TessaNO-TessaYES	flk1q95	C
2020-03-26 10:34:07.817231	u/DeprEsseD_cunt420	flk2vlf	u/Esad3062006	flhr3eq	C
2020-03-26 10:34:10.888070	u/megochondria	flk2vmd	u/doge260	fljs4t9	C
2020-03-26 10:34:20.383659	u/Anay_Singh	flk2vzy	u/Skippy_8	fljx0jg	C
2020-03-26 10:35:33.689949	u/Existerboi	flk2z89	u/x___that-one-guy___x	fljpcz0	C
2020-03-26 10:36:03.257104	u/TheCoonManYT	flk2zyr	u/RepostSleuthBot	flk2xhp	C
2020-03-26 10:36:13.850168	u/Hack_Cubit	flk30bp	u/Evolution-is-a-fact	flk0yqe	C
2020-03-26 10:36:28.985843	u/Dutch_Blue	flk30u1	u/TickleDuckFeathers	flk2xpp	C
2020-03-26 10:36:34.696476	u/g4nl0ck	flk30y5	u/ArmandClimbing	fljzn07	C
2020-03-26 10:36:38.454133	u/JoelusMaximus	flk31cs	u/OnlyStupidUsernames	flk2vb8	C
2020-03-26 10:36:57.162158	u/Allcore666	flk325h	u/RightWishbone3	fljnnfr	C
2020-03-26 10:37:04.702035	u/Clarkina43	flk32a5	u/real_doppelganger	fljstzd	C
2020-03-26 10:37:07.641024	u/yvo_duh	flk32dq	u/Morfilix	flk2wvy	C
2020-03-26 10:37:21.746513	u/Bruhski55	flk32u0	u/ANIBALmessi	flk2t4v	C
2020-03-26 10:37:25.785513	u/Paraschoot	flk32wd	u/TickleDuckFeathers	flk2pgx	C
2020-03-26 10:37:36.544794	u/BoutThat6	flk339d	u/uzudan	fljuzcq	C
2020-03-26 10:37:50.669146	u/_Akkaren	flk33tt	u/Minetendo0000	flk0aac	C
2020-03-26 10:37:59.884330	u/real_wievo	flk341d	u/Foamyphilosophy	fljtoi4	C
2020-03-26 10:38:42.728228	u/MrFancyShmancy	flk35zo	u/UchihaRecker	flk2voy	C
2020-03-26 10:38:57.742302	u/clarebear1138	flk36m8	u/TheMightyWill	flk2tmb	C
2020-03-26 10:38:59.169953	u/Ibrahimuchiha	flk36pc	u/Blip_Blop_Blip	flk35pt	C
2020-03-26 10:39:00.545029	u/iAteAMorty	flk36q3	u/random_name4837	flk21zr	C
2020-03-26 10:39:08.064729	u/HellFireOmega	flk3736	u/arrow74	fljxkwk	C
2020-03-26 10:39:18.011947	u/AztecCrystal	flk37r3	u/joshc14	fp5skl	S
2020-03-26 10:39:20.688994	u/Moadbakouch_2017	flk37u0	u/AutoModerator	fljo91j	C
2020-03-26 10:39:33.413444	u/LukeTheCrab	flk38uv	u/sweptchicken27	fli30ro	C
2020-03-26 10:39:51.737919	u/DASHT1N	flk3abh	u/Cookieman996	flk019k	C
2020-03-26 10:40:15.711727	u/Highnoon_Shadow	flk3bwv	u/converter-bot	fljwkj3	C
2020-03-26 10:40:22.004911	u/AnotherMister	flk3c13	u/bruhmajesticmoment	flk3adl	C
2020-03-26 10:40:45.851204	u/someone-13j	flk3cn0	u/fastAsFRICK7	fp9irq	S
2020-03-26 10:40:58.714960	u/Kunfidha_98	flk3d05	u/Minetendo0000	fljz9ny	C
2020-03-26 10:41:06.665737	u/juuzerr	flk3d8u	u/this_guy_zach	flk0f0j	C
2020-03-26 10:41:17.556489	u/SmallDaddyAvocado	flk3dwp	u/Auzva	fljymgl	C
2020-03-26 10:41:37.161584	u/zakzoutjes	flk3ee4	u/Rozeolifant1	flk2v6e	C
2020-03-26 10:41:45.139758	u/scp-reeee	flk3f0o	u/Reditovan	fl9nr26	C
2020-03-26 10:41:58.418469	u/aynaan_11	flk3fe1	u/anuabhi203	flk1gwh	C
2020-03-26 10:42:14.117301	u/Ninjapizzamonkey	flk3fzz	u/ShadowTiger0803	fljxc5q	C
2020-03-26 10:42:47.640261	u/Destroyer7223	flk3gz1	u/spinelisbeast	fl5tl4p	C
2020-03-26 10:42:49.890556	u/winniethefukinpooh2	flk3h38	u/AutoModerator	fljk80s	C
2020-03-26 10:43:02.709746	u/GIBOlogna	flk3hgl	u/OverratedLemmons	fljjrsj	C
2020-03-26 10:43:19.335395	u/ArnauGS284	flk3i43	u/ThatGuyOnAThrone	fljz23x	C
2020-03-26 10:43:27.784247	u/Thatguyishere233	flk3ihr	u/eljay87skt	fljqzo8	C
2020-03-26 10:43:52.418988	u/BobbyDaBoss1	flk3jfq	u/Oroshi-Rex69	fljtgdt	C
2020-03-26 10:43:54.616137	u/a_traktor13579	flk3jgj	u/ShadowTiger0803	fljxc5q	C
2020-03-26 10:44:19.704807	u/BotGlumanda	flk3k5s	u/Cootie_Gamer_69	fljyk4u	C
2020-03-26 10:44:26.991299	u/kassiesaacvhy	flk3kf7	u/kahlix	flk2aw6	C
2020-03-26 10:45:03.459824	u/JoJoBinks69420	flk3lu7	u/AeroNeves	flk16y7	C
2020-03-26 10:45:10.642334	u/-Zelleous-	flk3lx1	u/Chxovrstripes	flj3dry	C
2020-03-26 10:45:33.511678	u/StellarMobius	flk3mp3	u/racerfree	fliqhts	C
2020-03-26 10:46:03.693304	u/taeD2004	flk3nrz	u/Mobilfan	fljge9a	C
2020-03-26 10:46:06.699383	u/---NoTy	flk3nui	u/MrGuyDued	fljx6iz	C
2020-03-26 10:47:03.289614	u/j0llychimp	flk3pil	u/fastAsFRICK7	fljv2yd	C
2020-03-26 10:47:26.168208	u/Robo-Nano	flk3pzq	u/Igusz83	fljx541	C
2020-03-26 10:48:04.633284	u/monkey4greens	flk3sb9	u/CinKM4D	flh8whz	C
2020-03-26 10:48:21.700963	u/JustAGuy1336	flk3t1p	u/tilldeathendsthiswar	flk3npg	C
2020-03-26 10:48:23.751229	u/ClassyPessimist	flk3t3z	u/3Kairu	fldj1y9	C
2020-03-26 10:48:27.070760	u/7_Username_7	flk3tcr	u/DeadMan-Walkin	fljp8vs	C
2020-03-26 10:48:44.944865	u/pundabob123	flk3unk	u/atebotehh	flioecm	C
2020-03-26 10:49:02.819522	u/max_208	flk3vtf	u/thepersonpersonthat	fljwr3q	C
2020-03-26 10:49:06.646717	u/Xiontin	flk3w39	u/racerfree	flk3qvf	C
2020-03-26 10:49:21.698500	u/Inexorable86	flk3wzl	u/uzudan	fljv2t2	C
2020-03-26 10:49:27.765345	u/Enhanced_35	flk3xc6	u/deepfriedcookie	flk3si0	C
2020-03-26 10:49:40.458870	u/Mrmimickyu	flk3yav	u/Thereddittor314	flk3g59	C
2020-03-26 10:49:44.944187	u/Mr_Squires	flk3yqr	u/flying_melon69	flk1z97	C
2020-03-26 10:49:53.512198	u/DragonNestKing	flk3yye	u/racerfree	flk3v54	C
2020-03-26 10:49:54.202437	u/sombracan	flk3z0p	u/ThatGuyNextToMe	flhda5m	C
2020-03-26 10:49:54.823382	u/Sir-Jack-of-the-Bean	flk3z2d	u/Memememe12456677	flk1erc	C
2020-03-26 10:51:30.764181	u/Mustard-Shoes	flk429b	u/Enterprise_1701_D	fli6tx2	C
2020-03-26 10:52:00.269870	u/dont_try_my_gayness	flk43ek	u/the-dude-over-there	flk411j	C
2020-03-26 10:52:05.380864	u/xjffkhx	flk43q0	u/Pigpenlordofdirt	fliitml	C
2020-03-26 10:52:24.312695	u/amgadmohamed06	flk43te	u/BoomerBuster69	fljxuik	C
2020-03-26 10:52:36.637090	u/FedeLuche	flk443s	u/Rekhyt24	fljy4px	C
2020-03-26 10:52:40.062481	u/omegamiles420	flk44be	u/minerofthesun	fljvrl3	C
2020-03-26 10:52:59.862540	u/itsismail	flk44v5	u/AutoModerator	fljlrrz	C
2020-03-26 10:53:33.213763	u/xXUWUGamerXx	flk462c	u/sigge420	flk2evs	C
2020-03-26 10:53:35.287562	u/ShadowWingZero	flk462i	u/Champi0n_Virus	flju1sc	C
2020-03-26 10:53:52.558392	u/SendHelpQwQ	flk5iyo	u/Sekof7	fljknkd	C
2020-03-26 10:54:14.387394	u/TheBazeur	flk5jfx	u/SevenPandas	fljz87d	C
2020-03-26 10:54:28.359151	u/SuitableLocation	flk5jx2	u/TheSnootBooper24	fljyseg	C
2020-03-26 10:54:45.743667	u/maudym	flk5kmn	u/PrettyNeatHuh	flk4yla	C
2020-03-26 10:55:05.286534	u/crakoZ	flk5lp1	u/artfillin	flk47nk	C
2020-03-26 10:55:37.880754	u/thatbirchtree	flk5mne	u/furmal182	flk1pjw	C
2020-03-26 10:55:55.110971	u/NiadDasher	flk5ni2	u/memesaiya-jinn	flk2snq	C
2020-03-26 10:55:57.928072	u/RandomDudeFromEurope	flk5njp	u/MysticKova	fljlfv8	C
2020-03-26 10:56:16.407232	u/Swiffer_Maister	flk5of9	u/UD_1680	flk5lrz	C
2020-03-26 10:57:04.636692	u/UnuboreGaisu	flk5qqy	u/-GiantSlayer-	fljzx8p	C
2020-03-26 10:57:40.639044	u/PlaXer29	flk5s2b	u/deaddanik	flk2asf	C
2020-03-26 10:57:54.238911	u/Noobsplicer	flk5sex	u/FiizTV	fljyfdt	C
2020-03-26 10:58:01.669651	u/KDigggity	flk5snw	u/kassiesaacvhy	flk3kf7	C
2020-03-26 10:58:05.746788	u/helo_yus_burger_am	flk5svt	u/memer2026	fljxuxm	C
2020-03-26 10:58:45.675484	u/NikoTheRedditUser	flk5udh	u/Kazuto1994	fljxb4p	C
2020-03-26 10:58:58.933294	u/loidolt_nerd	flk5ux1	u/TE-Lawrence1918	fljsy7r	C
2020-03-26 10:59:01.076483	u/Luceleven	flk5v0b	u/_DarkAnxiety	flk5dci	C
2020-03-26 10:59:28.286301	u/Celtictussle	flk5wb0	u/machimus	fli6da2	C
2020-03-26 10:59:29.404517	u/ThiccUser	flk5wba	u/nomis2705	fljp4mb	C
2020-03-26 10:59:36.109390	u/Sir_Armstrong	flk5wvb	u/thanosisawhore	flk5gp2	C
2020-03-26 10:59:49.881405	u/lettuce-fir-branes	flk5xz4	u/UrBoiKrisp	flivdr0	C
