2020-04-03 02:00:32.196349	u/lord_dea	fmags2z	u/TenThousandCrabs	fm9ykm1	C
2020-04-03 02:00:40.502749	u/Riku4341	fmagrsk	u/DennisThiha	fmafxij	C
2020-04-03 02:00:49.688157	u/starman227314	fmagsbt	u/RasAlGhooly	fmafur3	C
2020-04-03 02:01:31.989345	u/sloppydood123	fmagtn3	u/thebeast_96	fm9jg0s	C
2020-04-03 02:01:55.145617	u/BroSiLLLYBro	fmagusu	u/polyfrogs	fm8hlk5	C
2020-04-03 02:02:14.607920	u/scared_old_woman	fmagvj5	u/Fluffyface-casey	fmaarsz	C
2020-04-03 02:02:16.814302	u/Svengelsk_	fmagvk0	u/DP90ON	fm9867k	C
2020-04-03 02:02:41.998795	u/dankmemez-nice	fmagw8d	u/Whoooosh-if-gay	fma9g11	C
2020-04-03 02:02:54.679810	u/OJ420_420	fmagwra	u/yeethaw01	flaj58y	C
2020-04-03 02:03:23.082576	u/DenizzineD	fmagxs5	u/Riku4341	fmagrsk	C
2020-04-03 02:03:28.463984	u/Dank_meme_supreme420	fmagy6c	u/MaskedLadd	fmacz1n	C
2020-04-03 02:03:41.339407	u/KDmikemalone	fmagyup	u/tajbeano	fma7lc0	C
2020-04-03 02:03:57.549991	u/shey22	fmagzod	u/MMaalouf108140	fma88ep	C
2020-04-03 02:04:25.496189	u/suphomiewhatsgood	fmah0ou	u/Klyphord	fm8dnrb	C
2020-04-03 02:04:47.177162	u/HTadle	fmah15k	u/DarkArrowNew52	fmag3pg	C
2020-04-03 02:04:52.287362	u/itsamedia	fmah1dl	u/Rocketblast25	fma0xhe	C
2020-04-03 02:05:02.830460	u/ElectronicDisplay	fmah1ln	u/erka1004	fm85obo	C
2020-04-03 02:05:24.944930	u/bacondude27	fmah2nn	u/ultraman7676	fm8zudz	C
2020-04-03 02:05:42.527573	u/JasondoesmoreStuff	fmah3ij	u/Knowledge8787	fma8zag	C
2020-04-03 02:06:45.168321	u/Cats_In_Coats	fmah69f	u/FlyingMetalTube	fma5p9j	C
2020-04-03 02:07:01.503029	u/lemon_james579	fmah6hx	u/Papi_T_69	fmah2n2	C
2020-04-03 02:07:12.083291	u/katya006	fmah6zl	u/evan_720	fmagtg8	C
2020-04-03 02:07:22.859151	u/DepressionNoodles	fmah7ka	u/malmordar	fma8ucs	C
2020-04-03 02:08:42.810183	u/Banged_ur_girl_today	fmahale	u/GGbrothers27	fmah3q0	C
2020-04-03 02:08:57.398077	u/ericaleighhuff	fmahayh	u/BroSiLLLYBro	fmafviy	C
2020-04-03 02:09:01.726188	u/Lurker_MeritBadge	fmahb6r	u/Djehbruh	fmabpfi	C
2020-04-03 02:09:08.303579	u/PuddinPoptastic	fmahb9i	u/SevenAcesGaming	fmagyb5	C
2020-04-03 02:09:23.866917	u/theholhorse69	fmahcfi	u/SteveLynx	fmadqfj	C
2020-04-03 02:09:49.512857	u/--WhenUrNamesKyle--	fmahd13	u/blaccfucc	fmac6k9	C
2020-04-03 02:10:28.746443	u/GreatOogilyBoogily	fmahelh	u/Dawn-of-the-Mist	fu1xc3	S
2020-04-03 02:10:46.720407	u/Yankeeny06	fmahf92	u/tinystaplers	fmagnak	C
2020-04-03 02:11:00.742367	u/Darko-An-Otaku	fmahfu5	u/lemon_james579	fmagiqr	C
2020-04-03 02:12:00.626707	u/peenutbuttersolution	fmahhv8	u/GayAlexMyGuy	fm9pkvl	C
2020-04-03 02:12:20.657036	u/TGTelescope	fmahif7	u/Drakonish	fmah9pc	C
2020-04-03 02:12:23.969645	u/Nr_Narwhal801	fmahih3	u/beaver284	fmah98l	C
2020-04-03 02:12:34.103333	u/desiswiftie	fmahizu	u/MonotonousProtocol	fmagq70	C
2020-04-03 02:12:38.463084	u/xxxAAS	fmahj5k	u/Skightt	fmah74c	C
2020-04-03 02:12:49.538041	u/Kenmoops	fmahjiv	u/TheChocolateCray	fmahh4x	C
2020-04-03 02:12:56.144632	u/crunchy_meringue	fmahjou	u/tuuc_bataton	fmaeyy5	C
2020-04-03 02:13:09.293902	u/g_rant42	fmahkdt	u/DEcrypt1SouL	fmahanf	C
2020-04-03 02:14:13.077923	u/Lego_Bot_in_Space	fmahmy1	u/jegshemash	fm9oa1n	C
2020-04-03 02:14:19.437094	u/uglynakedguyyyy	fmahn39	u/Goodfella_228	fmagn5e	C
2020-04-03 02:14:21.528681	u/super_star_BETA	fmahn45	u/Zynexion1	fmafnae	C
2020-04-03 02:14:29.240467	u/myersly82	fmahnal	u/Order_Of_Silence	fma91db	C
2020-04-03 02:14:53.757569	u/ProAssassin666	fmaho46	u/CobbwebBros	fma1igh	C
2020-04-03 02:15:11.317552	u/gdjodogn	fmahp6o	u/RandommRedditUser	fm9sdsd	C
2020-04-03 02:15:30.727976	u/blazethemememan	fmahpvm	u/alexl230	fmacbl4	C
2020-04-03 02:16:01.233762	u/Slydemon	fmahqol	u/Lostonreddit1120	fmahmed	C
2020-04-03 02:16:08.260078	u/edbighead95	fmahqtq	u/theGhats	fmads43	C
2020-04-03 02:16:41.570617	u/metalheadslipknot	fmahspu	u/BallintheDallin	fl8tcn5	C
2020-04-03 02:17:26.956669	u/CoronavirusOfWorld	fmahtpf	u/Geraminus	fma2t8a	C
2020-04-03 02:17:41.055295	u/Nuuudelcat	fmahub6	u/Homonculex	fmab7xr	C
2020-04-03 02:18:01.075921	u/TheBadWolf1903	fmahuz3	u/DesolaterKater	fmadbqg	C
2020-04-03 02:18:18.909939	u/A_Very_Cool_Bean04	fmahvum	u/Lay0la	fmacdjj	C
2020-04-03 02:18:48.353616	u/silas-69-69	fmahxa2	u/Wilde04	fmaheip	C
2020-04-03 02:19:00.008005	u/holyshitisdiarrhea	fmahy16	u/nameofanuser	fmahrqy	C
2020-04-03 02:19:25.406503	u/lovelyraegamer	fmahyop	u/06Grill	fmahrnu	C
2020-04-03 02:19:36.916229	u/tallybee	fmahz6q	u/enderscytheyo	fm9tff6	C
2020-04-03 02:20:50.842690	u/BTizzo	fmai19x	u/ProwlerPlayzYT	fma45a2	C
2020-04-03 02:21:18.208866	u/ByXtremez	fmai1qv	u/converter-bot	fmai08y	C
2020-04-03 02:21:34.746220	u/B-l-i-n-e-d	fmai22e	u/packle-kackle	fmah7qy	C
2020-04-03 02:22:24.971528	u/Sperds	fmai3fn	u/boi_with_a_ladder	fm70boh	C
2020-04-03 02:22:40.265972	u/Swankified_Tristan	fmai3tr	u/secondtoasterintub	fm9xhoy	C
2020-04-03 02:23:03.206118	u/-Nelots	fmai4ro	u/brianhtht	fma93wv	C
2020-04-03 02:23:20.657047	u/Oumashu345	fmai5ct	u/Respect_Paying_Bot	fmah9nl	C
2020-04-03 02:23:32.814098	u/millowforever	fmai5r2	u/devajithvs	fmai1gs	C
2020-04-03 02:24:05.350619	u/IShartedOnUrPillow	fmai6yw	u/CorruptedCCG	fmai5q3	C
2020-04-03 02:24:09.712837	u/MMPranaav	fmai75a	u/RepostSleuthBot	fmahvw5	C
2020-04-03 02:25:22.665411	u/Yevgen4000	fmai9y9	u/BananaPowerBestPower	fmai6yv	C
2020-04-03 02:25:44.271827	u/GalaxFlame	fmaib2t	u/teriyaki_sandwich	fm946mt	C
2020-04-03 02:25:48.924669	u/unknownguyfromaut	fmaib6a	u/xenomorphucker	fm97yah	C
2020-04-03 02:26:35.041677	u/Caleb_Wally	fmaid1m	u/Yankeeny06	fmahibu	C
2020-04-03 02:27:06.995819	u/TheKittyWitch	fmaie3q	u/MaxzFate	fmai7ut	C
2020-04-03 02:27:20.874702	u/cmillross	fmaif8j	u/pipethedog	fmadsig	C
2020-04-03 02:27:24.500192	u/itsabearnotowl	fmaifc7	u/Eevium_Z	fma3qj4	C
2020-04-03 02:27:42.906528	u/SplitiPSoup	fmaig6y	u/RayCow	fmadhiw	C
2020-04-03 02:27:55.526543	u/reddit-hermit	fmaigr7	u/Sethleoric	fmadz4h	C
2020-04-03 02:28:27.626002	u/TH3L1TT3R4LS4T4N	fmaiid6	u/R3DH4WK4LPH4	fma3apz	C
2020-04-03 02:28:43.663722	u/The-Great-Waluigi	fmaij00	u/Tader1112	fm9t2o4	C
2020-04-03 02:29:05.610331	u/SuckUrMudda420	fmaik4k	u/packle-kackle	fmah7qy	C
2020-04-03 02:29:07.649817	u/pignosehole	fmaik9m	u/JakeIsMyRealName	fm9ziah	C
2020-04-03 02:29:11.576234	u/Igelig	fmaikfm	u/Emeraldtip	fmaie0v	C
2020-04-03 02:29:21.381367	u/Denflencer143	fmaike3	u/packle-kackle	fmahj1k	C
2020-04-03 02:29:30.038507	u/S-m-e-e-f	fmail34	u/Yevgen4000	fmai9y9	C
2020-04-03 02:29:37.348179	u/SadBoiKat0_	fmail0r	u/Emeraldtip	fmaie0v	C
2020-04-03 02:29:57.458045	u/HabaneroDucks	fmailty	u/RoyArsenalHarper	fmac7k7	C
2020-04-03 02:30:22.867069	u/SuperSMT	fmaimup	u/btwmagic	fmahifh	C
2020-04-03 02:31:09.421633	u/Baha23	fmaioox	u/PaarekKlobaasov	fm98p0w	C
2020-04-03 02:31:23.185948	u/Shogun012	fmaip90	u/06Grill	fmaimeh	C
2020-04-03 02:31:53.698325	u/EpicPotato420	fmaipwv	u/ExtensionRegular1	fmag66d	C
2020-04-03 02:32:25.184314	u/stunkbeatle	fmaiqzk	u/HAPPY-BIRTHDAY-RAVEN	fmafaaq	C
2020-04-03 02:32:39.926271	u/THE445GUY	fmairjl	u/karry245	fm78oda	C
2020-04-03 02:32:50.064335	u/dubbly-twisty10	fmairoc	u/MyJelloJiggles	fm9vhtr	C
2020-04-03 02:33:01.750604	u/skiday	fmais4y	u/OP_0-0-0_dart_monkey	fmaikbl	C
2020-04-03 02:33:12.798836	u/purple_lemon22	fmaisek	u/XxEleanoraXx	fma2dq3	C
2020-04-03 02:33:21.675837	u/genizox	fmaisno	u/evasive_beluga46290	fma9om7	C
2020-04-03 02:33:28.396816	u/mi_to__	fmaiss8	u/intothevoid127	fmagd8y	C
2020-04-03 02:33:48.121616	u/ogernugget	fmaitoc	u/nacholibre23	fmaac6t	C
2020-04-03 02:34:17.038700	u/Devastator600	fmaiv8l	u/Nature_Enthusiast55	fmairaz	C
2020-04-03 02:34:21.310851	u/Stunner100	fmaivgp	u/tuuc_bataton	fma8lc7	C
2020-04-03 02:34:23.403438	u/subzerojosh_1	fmaivh7	u/Crystal_Skull747	fmaiif5	C
2020-04-03 02:35:14.967461	u/TallIAmNot	fmaiwvr	u/AoiRyugoku	fm9twcy	C
2020-04-03 02:36:18.650010	u/The_controler	fmaizq1	u/slashth456	fmaevq0	C
2020-04-03 02:36:21.534189	u/ONB-Bollie1511	fmaizy7	u/tealfox101	fmadxyb	C
2020-04-03 02:36:25.514893	u/XpeeN	fmaj048	u/GreatOogilyBoogily	fmaao6x	C
2020-04-03 02:37:01.851247	u/Glffe-TrungHieu	fmaj1cy	u/Conoboi	fm9yakv	C
2020-04-03 02:38:03.293099	u/mysteryman151	fmaj2yp	u/asome3333e1	fm9eorz	C
2020-04-03 02:38:28.833345	u/yulmanpro	fmaj53e	u/Respect_Paying_Bot	fmaiz0p	C
2020-04-03 02:38:51.765886	u/zuxtheros	fmaj5kf	u/booklover67	fmadocl	C
2020-04-03 02:39:19.826457	u/Rollanan	fmaj6qh	u/TheNamBurger	fmaiyj1	C
2020-04-03 02:39:35.977184	u/jibsymalone	fmaj7b3	u/HazelnitBoyyy	fmad9zl	C
2020-04-03 02:40:06.785154	u/Gutsmissingeye	fmaj8j3	u/millowforever	fmai5r2	C
2020-04-03 02:40:13.305456	u/bobertsson	fmaj8o1	u/fiberglassLOTUS	fmab4ac	C
2020-04-03 02:40:41.673670	u/LivingLikeLarry__	fmaj9j5	u/TheCheeseBroker	fmaj5af	C
2020-04-03 02:41:31.854211	u/333chaos	fmajbd7	u/TheNamBurger	fmaiyj1	C
2020-04-03 02:42:05.780965	u/a_spooky_boi	fmajc00	u/SirSntry	fmaj2n1	C
2020-04-03 02:42:22.145295	u/lemonislord	fmajd8w	u/Redd_Skyy	fm9m9zg	C
2020-04-03 02:42:49.649545	u/JizzUnderHisEye	fmaje26	u/diaperpop	fmaecfx	C
2020-04-03 02:43:03.491069	u/bfakxn	fmajejw	u/thomas2old4thisCrap	fm9ww0n	C
2020-04-03 02:43:27.477141	u/MagicalUnicorn673	fmajfaq	u/evasive_beluga46290	fmabl3q	C
2020-04-03 02:44:04.174545	u/Ceres-Venus	fmajgat	u/subzerojosh_1	fmaivh7	C
2020-04-03 02:44:20.572451	u/OldSchool_Ninja	fmajgws	u/intothevoid127	fmagd8y	C
2020-04-03 02:44:27.037590	u/Brandoncooldog	fmajh38	u/Creeperofhope	fmajgb7	C
2020-04-03 02:44:30.096494	u/BaboonAss123	fmajh89	u/T-posing_T	fmaf05p	C
2020-04-03 02:44:39.397753	u/N_Freddbear	fmajhhm	u/Dragontooth15	fm96sm7	C
2020-04-03 02:44:57.811145	u/NitroGames27	fmajid5	u/godtrek101	fmajgst	C
2020-04-03 02:45:14.573148	u/manfromiraq	fmajje4	u/SteveLynx	fmai9cb	C
2020-04-03 02:46:04.652375	u/intihuda_123	fmajl3f	u/DreamGhost777	fma9j45	C
2020-04-03 02:46:17.363718	u/TotallyNot-a-Robot	fmajlmh	u/Deadgar_the_pug_bot	fmajffo	C
2020-04-03 02:46:40.450304	u/Resone1	fmajmgj	u/oddweezing	fma8i2m	C
2020-04-03 02:47:13.487893	u/EndeavourNot-HD	fmajli9	u/Narocia	fmaamdf	C
2020-04-03 02:47:36.330283	u/razer_fishstick	fmajnql	u/PayRespects-Bot	fmaj5uy	C
2020-04-03 02:47:44.270266	u/Ccoggaming	fmajo7b	u/RepostSleuthBot	fma77y4	C
2020-04-03 02:48:41.566924	u/thepotatodogg	fmajqbh	u/bcmarss	fmac5qi	C
2020-04-03 02:48:50.643928	u/potato_boi09	fmajqso	u/MarvelousMan3003	fmajdw3	C
2020-04-03 02:48:54.709503	u/TimX24968B	fmajqwp	u/Fluffyface-casey	fm9hnu2	C
2020-04-03 02:49:12.862993	u/Carl_but_not_Carl1	fmajrqt	u/razer_fishstick	fmajp7g	C
2020-04-03 02:49:21.964426	u/dicktator-the-second	fmajsaz	u/DarkArrowNew52	fmafep2	C
2020-04-03 02:49:31.426350	u/Oomatu_Art	fmajrrj	u/RepostSleuthBot	fmahz61	C
2020-04-03 02:49:34.272482	u/Justifier925	fmajs18	u/Eugene_Walker	fmah183	C
2020-04-03 02:49:36.008716	u/RenaissancePhotoshop	fmajshx	u/gokuluca	fmajlk5	C
2020-04-03 02:49:59.534370	u/harrymuana	fmajtup	u/JakeIsMyRealName	fm9ziah	C
2020-04-03 02:50:08.215483	u/MyUsername168	fmajtyv	u/H0mlezz	fm9inmp	C
2020-04-03 02:50:29.906325	u/Stretogomniac	fmajuop	u/Ph1LReddit	fm72d2y	C
2020-04-03 02:51:25.901587	u/Oufentiu	fmajwaf	u/Riku4341	fmagrsk	C
2020-04-03 02:51:47.966760	u/worldtraveler19	fmajwrs	u/1ndlgo	fma9x90	C
2020-04-03 02:52:03.970061	u/DajuSar	fmajx1p	u/Totally_Temporary	fmajowp	C
2020-04-03 02:52:08.369039	u/TheSmithySmith	fmajx44	u/GreatOogilyBoogily	fmaao6x	C
2020-04-03 02:53:01.709401	u/SheepJustGotReal	fmajywu	u/Tader1112	fma428u	C
2020-04-03 02:53:47.482356	u/Phantom940	fmak06f	u/RepostSleuthBot	fmahynt	C
2020-04-03 02:54:12.164772	u/jagsnatch	fmak0zn	u/puma7dragon	fmag8b2	C
2020-04-03 02:54:18.476090	u/Vesicool	fmak13z	u/CHICKEN_TENDIES123	fmaeeni	C
2020-04-03 02:54:54.216904	u/the_sexy_pinecone	fmak2bw	u/LAZ_EE	fmajypi	C
2020-04-03 02:55:04.560290	u/_varun2805_	fmak2hp	u/tuuc_bataton	fma8lc7	C
2020-04-03 02:55:19.858110	u/cloudysasquatch	fmak31y	u/CypherSky	fmait4r	C
2020-04-03 02:55:26.469986	u/EvanAhammed	fmak3a9	u/gokuluca	fmajflk	C
2020-04-03 02:55:35.366457	u/PostMadandAlone	fmak3e5	u/Axcel-Wozniak	fm9zvg8	C
2020-04-03 02:55:58.754240	u/Twisted_Taterz	fmak41w	u/DanfordThePom	fmak3ei	C
2020-04-03 02:56:08.415958	u/hafiziq2006	fmak4gy	u/slashth456	fmaenu5	C
2020-04-03 02:56:14.098211	u/JosephPetr0	fmak4le	u/jargoat	fm8to6a	C
2020-04-03 02:56:16.057295	u/R4m3n__	fmak4nz	u/PeanutJellyButterIII	fmajzk0	C
2020-04-03 02:56:17.963693	u/One-Soapy-Boi	fmak4op	u/hajahagaha	fmajzx5	C
2020-04-03 02:56:38.206775	u/FuckOffImVolle	fmak5p9	u/ioofedmyslef	fu3j03	S
2020-04-03 02:57:12.174456	u/REL-YT	fmak6wn	u/SevenAcesGaming	fmah9ul	C
2020-04-03 02:57:13.994754	u/T-BONE-NL	fmak6y8	u/Lockenhart	fma2s21	C
2020-04-03 02:57:17.629514	u/warm_rain	fmak74y	u/Radical--larry	fmak4to	C
2020-04-03 02:57:27.563892	u/maxp_16	fmak7to	u/the_useless_1	fmak6c8	C
2020-04-03 02:58:00.352508	u/Reece520	fmak8yl	u/skid3805	fmaggv6	C
2020-04-03 02:58:11.967918	u/ligmaballs22	fmak9iq	u/Sodafff	fmak32k	C
2020-04-03 02:59:04.342202	u/NinjaGuy274	fmakbbh	u/DioBrando_Joestar	fma4alx	C
2020-04-03 02:59:13.655702	u/cytepotato	fmakbpr	u/Totally_Temporary	fmajowp	C
2020-04-03 02:59:28.907256	u/Bur8300	fmakce6	u/4ssteroid	fmagu5h	C
2020-04-03 02:59:40.367500	u/EverythingIsTakenV2	fmakcxu	u/MrsHDG	fmakbts	C
2020-04-03 02:59:45.265322	u/TheTromo	fmakd72	u/patstrats	fm4x8cx	C
2020-04-03 02:59:49.211310	u/Asgeisk	fmakdav	u/edbighead95	fmahqtq	C
