2020-04-01 20:00:02.951101	u/ReySenate	fm63fze	u/aady_malani	fm5eksr	C
2020-04-01 20:00:26.211636	u/Thiago_miojo	fm63gzo	u/Allosaur21	fm5tuoa	C
2020-04-01 20:00:38.903455	u/ranchcrackers352	fm63hgr	u/boringgazelle	fm6306x	C
2020-04-01 20:00:49.790840	u/Thiago_miojo	fm63huh	u/Allosaur21	fm5tuoa	C
2020-04-01 20:00:56.816862	u/TurlteKid	fm63i4o	u/EpicMemer100	fm63cpi	C
2020-04-01 20:01:15.565581	u/StevenAssantisFoot	fm63iy0	u/Skystrike7	fm5wv74	C
2020-04-01 20:01:24.247497	u/dog-lover3	fm63j8j	u/-EzWaY-	fm63b2d	C
2020-04-01 20:01:33.457755	u/Hondros	fm63k2r	u/Mundit00	fm6300u	C
2020-04-01 20:01:45.283379	u/SournessB0i	fm63kil	u/Popcorny_YT	fm62rxt	C
2020-04-01 20:02:26.475987	u/what_deal	fm63msg	u/Joshadow11	fm63f8g	C
2020-04-01 20:03:38.573854	u/crocsaresocks	fm63s4w	u/Vegetable-Hat	fm63nr1	C
2020-04-01 20:03:46.159776	u/YaBoiSkinnyP1385	fm63sjd	u/pigNutan	fm61l2r	C
2020-04-01 20:04:32.726384	u/PM-ME-YOUR-TECH-TIPS	fm63vgx	u/Fudge-Boi	fm63exj	C
2020-04-01 20:04:46.403554	u/jstrom657	fm63wrm	u/LukeBlockwalker69	fm63tbn	C
2020-04-01 20:04:50.620139	u/YEETOMEATO2730	fm63wxq	u/DEFIANCEJaoz	fm4mtns	C
2020-04-01 20:05:16.015955	u/utastelikebacon	fm63z4f	u/IJustHadAPanicAttack	fm5vetc	C
2020-04-01 20:06:12.271178	u/mehnameizbreno	fm6435p	u/Fluffiddy	flyiez2	C
2020-04-01 20:06:27.532172	u/storyofmylife92	fm6447l	u/Ao1Yamada	fm63rpr	C
2020-04-01 20:07:01.213302	u/tiktokletthebeatdrop	fm64704	u/JuicyRice12	fm644gj	C
2020-04-01 20:07:16.251047	u/storyofmylife92	fm6482r	u/Itzyabhoi	fm60hhp	C
2020-04-01 20:07:23.973652	u/I_was_a_sexy_cow	fm648cn	u/CreepyPastaCool	fm5wrtc	C
2020-04-01 20:07:25.842109	u/ToastLord78	fm648ec	u/gavinslargebaguette	fm5jgtj	C
2020-04-01 20:07:27.663344	u/citizenmdl	fm648f9	u/TheOneTEM	fm58xns	C
2020-04-01 20:07:39.392729	u/notyouravragefrog	fm6497v	u/leaderofthevirgins	fm5udhw	C
2020-04-01 20:07:48.585428	u/Lumpy2	fm649v9	u/daphillymann	ft7o4h	S
2020-04-01 20:07:51.221611	u/Mr_Lagerkvist	fm64a04	u/Daylynn_95	fm5zr01	C
2020-04-01 20:08:07.616648	u/IFiguredUOut	fm64b68	u/utastelikebacon	fm63z4f	C
2020-04-01 20:08:21.920394	u/Error1001110	fm64c1l	u/Catrock7	fm630qg	C
2020-04-01 20:08:48.047877	u/CPG_TheReal	fm64esr	u/snoringscarecrow	fm631le	C
2020-04-01 20:09:08.123243	u/smallboiufcheez	fm64gi3	u/CreepyPastaCool	fm62agl	C
2020-04-01 20:09:11.539899	u/bigboisteve6969	fm64gps	u/Regal_reaper	fm54p89	C
2020-04-01 20:09:14.863636	u/BulbaBurger	fm64gwx	u/ArmstrongTREX	fm5zh68	C
2020-04-01 20:09:24.082790	u/Infinite303	fm64hsm	u/CPG_TheReal	fm64esr	C
2020-04-01 20:09:46.316897	u/BoySmooches	fm64kcp	u/Corona-Beer-is-cure	fm620t6	C
2020-04-01 20:09:48.491866	u/SophieRose1102	fm64kkw	u/Martinuz01	fm5ic36	C
2020-04-01 20:09:50.307325	u/YelperQlx	fm64kt4	u/finnikarma2431	fm646on	C
2020-04-01 20:09:53.255376	u/Mcderrmottlover	fm64lpa	u/BulbaBurger	fm64gwx	C
2020-04-01 20:09:54.335522	u/Star_Shield	fm64lrq	u/dummybricksrian	fm64gza	C
2020-04-01 20:10:02.520936	u/JjJosh1358	fm64naz	u/maninblakkk	fm5wm67	C
2020-04-01 20:10:13.721359	u/CalmCarpentry	fm64npx	u/jott1293reddevil	fm64b8d	C
2020-04-01 20:11:23.536555	u/Raden327	fm64rl5	u/RepostSleuthBot	fm63ynk	C
2020-04-01 20:11:46.252779	u/covertlycurious	fm64swk	u/bertiebees	fm61ezu	C
2020-04-01 20:13:04.132684	u/xdd12222	fm64xjk	u/AvocadoA	fm5s0je	C
2020-04-01 20:13:07.617423	u/ToonStuff	fm64xot	u/xXk11lerXx	fm5w63v	C
2020-04-01 20:13:27.356336	u/KingHoopla	fm64ziw	u/shinylungburger	fm5ycf4	C
2020-04-01 20:13:31.473113	u/thenerdygeek135_real	fm64zjr	u/awesome_gamer_man690	fm5zg6a	C
2020-04-01 20:13:52.788813	u/JustForFun____	fm6516s	u/69niceurmoom420	fm5qt4v	C
2020-04-01 20:14:18.148975	u/Blonde_Scientist	fm6522p	u/TetrisTech	fm640qy	C
2020-04-01 20:14:38.232857	u/ava_g135	fm653ev	u/SournessB0i	fm650h8	C
2020-04-01 20:14:43.570879	u/UltimaGaurdian	fm653kr	u/leaderofthevirgins	fm64pv2	C
2020-04-01 20:15:06.649273	u/Nice_Cock_Bro	fm654l6	u/Memerboi21	fm652wk	C
2020-04-01 20:15:15.515672	u/DarkLordKizzy	fm6551p	u/pidgeonpicile123	fm64phl	C
2020-04-01 20:15:17.585941	u/The-Black-Arrow	fm65522	u/xdd12222	fm64xjk	C
2020-04-01 20:15:19.610528	u/meme91162	fm65525	u/tubburz41905	fm3n1nu	C
2020-04-01 20:15:35.702315	u/robloxiangamez	fm6567g	u/AutoModerator	fm5i7jt	C
2020-04-01 20:15:55.324382	u/robloxiangamez	fm6572o	u/Man-akle	fm5thdi	C
2020-04-01 20:16:06.138611	u/bluexray1234	fm657ep	u/datascream11	fm64egl	C
2020-04-01 20:16:44.123178	u/jdd27	fm65adr	u/theboyd34	fm64y5q	C
2020-04-01 20:18:00.337863	u/Cheeseisextra	fm65adn	u/Ao1Yamada	fm647fi	C
2020-04-01 20:18:04.711866	u/kingtuhin	fm65dll	u/lynkcrafter	fm64rxy	C
2020-04-01 20:18:07.203652	u/alexiosbrasidas	fm65ee6	u/DylanJoinsTheParty	fm55poc	C
2020-04-01 20:18:12.610303	u/pandacoat	fm65fdg	u/Seirra-117	fm63ccc	C
2020-04-01 20:18:25.283130	u/thegayestbeanonearth	fm65gmg	u/modernmessiahman	flaxi9d	C
2020-04-01 20:18:31.812213	u/dydgehdhdhhdhdhd	fm65h93	u/B1lboBagel	fm65c41	C
2020-04-01 20:19:02.411367	u/Yourmomsfavev4pe	fm65jd8	u/Rigel1895	fm61pgm	C
2020-04-01 20:19:17.420423	u/lipehd1	fm65jg3	u/pandacoat	fm5xtvo	C
2020-04-01 20:19:41.468731	u/Truthmobiles	fm65lnl	u/WetWipe6414	fm61q5z	C
2020-04-01 20:19:48.070337	u/SSC_Noctizo	fm65lz7	u/NateWithALastName	fm62xbc	C
2020-04-01 20:20:07.626927	u/darkstar4123	fm65mtt	u/leaderofthevirgins	fm60ekz	C
2020-04-01 20:20:29.133343	u/skelly_ton	fm65nv1	u/ZakoGD	fm5bsli	C
2020-04-01 20:20:34.275323	u/xXThatDadXx	fm65o2h	u/Mr_T_123	fm62wy6	C
2020-04-01 20:21:12.957138	u/YaboiPeenz	fm65qdc	u/xdd12222	fm657j6	C
2020-04-01 20:21:59.788225	u/LiteralLemon	fm65sxj	u/YaBoiSkinnyP1385	fm63sjd	C
2020-04-01 20:22:05.480852	u/SugarBabe90	fm65t6q	u/Calzord1	fm5kpl8	C
2020-04-01 20:22:14.824466	u/nightk05	fm65tix	u/CalmCarpentry	fm64npx	C
2020-04-01 20:22:58.283858	u/sandyboi88	fm65w5d	u/skelly_ton	fm65js4	C
2020-04-01 20:23:29.066721	u/Slowjams	fm65yd7	u/Calzord1	fm5kpl8	C
2020-04-01 20:23:32.254307	u/N0-iD	fm65yds	u/xXN8Th3Gr8Xx	fm65qod	C
2020-04-01 20:23:51.008112	u/SugarBabe90	fm65zdi	u/viixvega	fm64r17	C
2020-04-01 20:24:12.424211	u/Grimsouldude	fm660jp	u/trelium06	fm65wej	C
2020-04-01 20:24:25.368287	u/SugarBabe90	fm66124	u/3AlbinoScouts	fm5na81	C
2020-04-01 20:24:34.051770	u/Hi_Leave_me_alone	fm661ut	u/N0-iD	fm65vh2	C
2020-04-01 20:24:40.483981	u/tyfunk02	fm662j8	u/viixvega	fm64r17	C
2020-04-01 20:25:21.212345	u/CreeperInHawaii	fm665az	u/JoeMamaisMyDad	fm65o35	C
2020-04-01 20:25:30.693033	u/lasagnaofgarfield	fm665sr	u/pandacoat	fm65jv6	C
2020-04-01 20:25:43.572865	u/Supercoolguy7	fm666g5	u/Calzord1	fm5kpl8	C
2020-04-01 20:25:46.637695	u/TheFakeOceanMan	fm666qt	u/RepostSleuthBot	fm62ya7	C
2020-04-01 20:26:25.720298	u/lafilledead	fm665ap	u/SournessB0i	fm65616	C
2020-04-01 20:26:49.019498	u/this_is_jq	fm669bp	u/Caliboy34	fm62fdh	C
2020-04-01 20:27:09.116446	u/kman314	fm66bls	u/redditmeric	fm65x6h	C
2020-04-01 20:27:45.477136	u/Nathan_Thorn	fm66dmb	u/69niceurmoom420	fm5shjn	C
2020-04-01 20:27:57.158576	u/NOTthefakenate	fm66e86	u/AvocadoA	fm5ouf1	C
2020-04-01 20:28:49.074117	u/IONIC_DkStalker	fm66h6k	u/JeffJohnsonIII	fm652mn	C
2020-04-01 20:28:54.090541	u/theberthole	fm66hwe	u/lelcg	fm5z6yu	C
2020-04-01 20:29:02.404479	u/BidenSniffedMeToo	fm66j1u	u/MaximaBlink	fm5yqsl	C
2020-04-01 20:30:17.326175	u/xXur_motherXx	fm66n9w	u/Grif275	fm64tb5	C
2020-04-01 20:30:26.733699	u/cryborg2000	fm66mod	u/Slowjams	fm66cr8	C
2020-04-01 20:31:10.747416	u/IrkenQueen	fm66pbl	u/redditmeric	fm65x6h	C
2020-04-01 20:31:15.249191	u/hillarytrumpsame	fm66pg4	u/viixvega	fm64r17	C
2020-04-01 20:31:22.112414	u/chefbda	fm66pwf	u/AutoModerator	fm5dnss	C
2020-04-01 20:31:53.719920	u/AEIUyo	fm66s4c	u/pandacoat	fm65jv6	C
2020-04-01 20:32:24.133112	u/lordskorb	fm66tqd	u/Jonathan924	fm65ner	C
2020-04-01 20:32:36.036079	u/BlueLizzzard	fm66tyd	u/PsychSwap	fm666cn	C
2020-04-01 20:32:52.060212	u/Julz1300	fm66v76	u/The-Black-Arrow	fm65522	C
2020-04-01 20:32:58.760229	u/SheSuccMii	fm66vq2	u/Truuuliiim	fm66si1	C
2020-04-01 20:33:31.249417	u/optimuslime5	fm66xie	u/IrkenQueen	fm66fe7	C
2020-04-01 20:33:59.636295	u/dubtwenty	fm66tna	u/J_Man2743	fm5z8k2	C
2020-04-01 20:34:02.716401	u/stcbdg	fm66tof	u/Doehap	fm5z3tl	C
2020-04-01 20:34:04.914078	u/Middleman86	fm66us3	u/brodyisflim	fm65tsp	C
2020-04-01 20:34:08.085203	u/parksemily	fm66uvz	u/Mixmaster-Omega	fm5u12f	C
2020-04-01 20:34:16.417499	u/Doyouevendepression	fm66y6b	u/monkeyking02	fm60deo	C
2020-04-01 20:34:26.267972	u/oLynxx	fm66zj5	u/perfect_cheese	fm66u82	C
2020-04-01 20:34:56.545710	u/claraboldlygoes	fm671pl	u/iamgeniusface	fm5zkqi	C
2020-04-01 20:35:29.905219	u/aHardRainFalling	fm674zs	u/iHumanNotJoking	fm3ybnz	C
2020-04-01 20:36:17.827231	u/misspearlyg	fm6785t	u/niamarkusa	fm66y4k	C
2020-04-01 20:36:22.700098	u/AnonymousFH	fm678ii	u/OutspokenFear	fm5vztc	C
2020-04-01 20:36:33.055950	u/FidoTheDisingenuous	fm6799j	u/SampleTextMaster	fm5ul32	C
2020-04-01 20:36:50.053045	u/Sprinso	fm67a04	u/r3dcrayon	fm63vwg	C
2020-04-01 20:37:18.756751	u/Amd-cry	fm67bl9	u/AutoModerator	flrpr1s	C
2020-04-01 20:37:22.444469	u/xdeepq	fm67bnn	u/AvocadoA	fm66hgw	C
2020-04-01 20:38:51.641413	u/MrZoiviBiiE	fm67hde	u/Calzord1	fm5kpl8	C
2020-04-01 20:38:59.222400	u/LastAhamkara	fm67gv1	u/plenebo	fm60r8o	C
2020-04-01 20:39:04.772672	u/KillerWaflel69	fm67hrd	u/endmyfrickinglife	fm50elo	C
2020-04-01 20:39:32.570197	u/DopeFishMaster	fm67k56	u/RepostSleuthBot	fm670rx	C
2020-04-01 20:39:40.965807	u/4_non_blondes	fm67ine	u/cecilthediesel45	fm47lhi	C
2020-04-01 20:39:44.166156	u/DZP	fm67jyi	u/CreepyPastaCool	fm5usnh	C
2020-04-01 20:39:47.759251	u/vitu-artyom	fm67kea	u/finnikarma2431	fm65kan	C
2020-04-01 20:40:00.581302	u/themasterlol1	fm67ldg	u/Masinary	fm63qeg	C
2020-04-01 20:40:40.912256	u/person144	fm67mw0	u/RepostSleuthBot	fm64j09	C
2020-04-01 20:40:45.418212	u/KDWOL	fm67n9x	u/SweatPig77	flru2mn	C
2020-04-01 20:41:07.948996	u/binaryant	fm67ooa	u/TALE727	fm647z1	C
2020-04-01 20:41:50.655853	u/gerberoonie	fm67qrk	u/yaboyroy61	fm65onc	C
2020-04-01 20:42:24.032213	u/Ethen44	fm67sbg	u/Zaniak88	fm67jf5	C
2020-04-01 20:42:46.146186	u/17theKid	fm67tfx	u/A-jellyfhish	ft7bab	S
2020-04-01 20:42:54.584899	u/SkylineExplodes	fm67tlw	u/Martinuz01	fm5ic36	C
2020-04-01 20:43:00.044798	u/DuvetCapeMan	fm67tsl	u/MessyGuy01	fm631p4	C
2020-04-01 20:43:02.216895	u/Koda443	fm67tu5	u/Skunkbutt666	fm4vg5q	C
2020-04-01 20:43:12.907056	u/HolyLoafOfBread	fm67uto	u/Patrick_Bot2	fm5cbhp	C
2020-04-01 20:43:35.689523	u/kylebenji17	fm67w6f	u/Moomoo5647	fm67rcu	C
2020-04-01 20:43:46.746363	u/Tisgy	fm67x6r	u/xdeepq	fm67bnn	C
2020-04-01 20:45:22.271184	u/Arabboi174	fm68279	u/dovedevic	fl2izeo	C
2020-04-01 20:45:29.479161	u/Wonsiu_	fm682dk	u/itsahumanoid	fm64sea	C
2020-04-01 20:45:46.942536	u/Hunting_Party_NA	fm683ji	u/jay1687	fm62cp2	C
2020-04-01 20:45:52.120884	u/Arabboi174	fm6844k	u/taiaguu	fl8jvme	C
2020-04-01 20:46:06.530296	u/lash1206	fm6857w	u/arcamenoch	fm47g84	C
2020-04-01 20:46:23.747504	u/CitrusRootz	fm687ip	u/Tisgy	fm67x6r	C
2020-04-01 20:46:28.352845	u/Coolkiller8955	fm687ul	u/MiniAardappel	fm5ondx	C
2020-04-01 20:47:11.015675	u/FNrazorbull	fm6840c	u/moelad1	fm5apui	C
2020-04-01 20:47:20.131917	u/Mo-Cheeks	fm6894q	u/LastAhamkara	fm67gv1	C
2020-04-01 20:47:30.323390	u/Bastixx_Kid	fm68avx	u/annonys	ftcdi9	S
2020-04-01 20:47:49.075395	u/danty23	fm68c7e	u/badbitch4eva	fm5uvt0	C
2020-04-01 20:47:57.215622	u/zombiere4	fm68d0j	u/Sky_Streak	fm60tyh	C
2020-04-01 20:48:28.754134	u/blzedandconfused	fm68fa0	u/PsychSwap	fm65yvr	C
2020-04-01 20:48:49.773011	u/Rush-G	fm68fru	u/leaderofthevirgins	fm65ryw	C
2020-04-01 20:49:03.935051	u/whytoxicxd	fm68h7q	u/TotalyNotABot1	fm68fyg	C
2020-04-01 20:49:09.345625	u/CoconutMacaroons	fm68i37	u/Calzord1	fm5kpl8	C
2020-04-01 20:49:15.909598	u/donovan2864	fm68hs2	u/TheGaryDoseSalesMan	fm64mzs	C
2020-04-01 20:49:28.567673	u/an_anonimus_user	fm68j0q	u/DodoNoobLord	fm61sq9	C
2020-04-01 20:49:34.935069	u/porkchopmiles	fm68jn6	u/Hairbear04	fm68f3g	C
2020-04-01 20:51:06.728243	u/Skippercarlos	fm68o0o	u/daphillymann	fm62im0	C
2020-04-01 20:52:43.182083	u/pinklavalamp	fm68srf	u/CreepyPastaCool	fm5wrtc	C
2020-04-01 20:53:22.098345	u/Itachi_138	fm68v6s	u/NOTthefakenate	fm66e86	C
2020-04-01 20:53:57.477623	u/Seabornebook	fm68xe8	u/wantfreemcnuggets	fm60gaa	C
2020-04-01 20:53:59.611532	u/HackedAgainDamnit	fm68xeq	u/OmeWappie	fm5vu61	C
2020-04-01 20:54:27.126869	u/BackgroundLeg7	fm6908f	u/PastryFox	fm66jqw	C
2020-04-01 20:54:50.900503	u/SchemeMeister	fm68y3o	u/droneflyer35621	fm68ulz	C
2020-04-01 20:56:05.397444	u/Prometto	fm694y8	u/Corona-Beer-is-cure	fm68brj	C
2020-04-01 20:56:10.418026	u/YogiXDMT	fm695hn	u/69niceurmoom420	fm5shjn	C
2020-04-01 20:56:31.157973	u/henhen13245	fm696af	u/marioz1125	fm6632n	C
2020-04-01 20:56:51.082981	u/BOTAlex321	fm6980o	u/Masinary	fm63h50	C
2020-04-01 20:57:17.289531	u/kungfufool45	fm699iy	u/IFiguredUOut	fm64b68	C
2020-04-01 20:57:31.035559	u/Woodster618	fm69aah	u/Dragonballfan1234	fm5v9if	C
2020-04-01 20:57:41.351669	u/01Sheep10	fm69aub	u/skiyeetyourfetus	ftcjmb	S
2020-04-01 20:58:15.644814	u/nastytuna	fm69c05	u/RainCityK9	fm699p2	C
2020-04-01 20:59:16.512126	u/SaijinoKei	fm69ge5	u/CultofJerome	fm69dgk	C
