2020-03-26 17:00:06.362574	u/itookafart	fll9399	u/babyzoomer123	flkuoub	C
2020-03-26 17:00:20.804706	u/DrugAura	fll93sa	u/Tru_Drone_Videos	fll8mk0	C
2020-03-26 17:00:50.861899	u/TheRealAlkemyst	fll94gd	u/fualtyzane	fll0sp3	C
2020-03-26 17:01:02.136771	u/nightmareking091	fll94ol	u/Lucariolover0605	fll8pez	C
2020-03-26 17:01:21.859443	u/SnowColdMemes	fll9539	u/NuggetBuilder	fljz3rk	C
2020-03-26 17:01:39.052884	u/Protoquestrian	fll95ve	u/luca01d	fll5h7c	C
2020-03-26 17:02:10.293019	u/spree01	fll96s9	u/C0II1n	fll8ajc	C
2020-03-26 17:03:00.574951	u/qtcrusher	fll98p4	u/fualtyzane	fll0ikh	C
2020-03-26 17:03:06.182420	u/BigMadMo	fll98t4	u/-EzWaY-	flkbz5d	C
2020-03-26 17:04:27.777467	u/Bella_Avery	fll9cgk	u/rextain	fll97ex	C
2020-03-26 17:04:51.802492	u/Bustucka	fll9dbm	u/sleepy769	fljx5r9	C
2020-03-26 17:04:54.908889	u/Tuxedocow	fll9ddm	u/ThisIsSuperFunny	fll13k2	C
2020-03-26 17:04:57.827461	u/RemasterMorrowind	fll9dey	u/RikkRakk	fll3s2e	C
2020-03-26 17:05:11.008690	u/faulty19	fll9e6g	u/The_night_camel	fll91ya	C
2020-03-26 17:05:56.166601	u/marcorogo	fll9fu9	u/Jackyboy923	fll9c8p	C
2020-03-26 17:06:14.821025	u/MeepMweep	fll9gi3	u/Nikita_z_Ukrainy	fll4ads	C
2020-03-26 17:06:35.318792	u/selector96	fll9hhg	u/MayoManCity	fll9ehd	C
2020-03-26 17:06:45.825182	u/WTYTPhone	fll9hwg	u/RepostSleuthBot	fll92og	C
2020-03-26 17:07:00.510204	u/DildoPolice	fll9ieo	u/AerobitX5	fll801h	C
2020-03-26 17:07:08.175879	u/Meowmeow500	fll9j9o	u/grizhe1	fll9esv	C
2020-03-26 17:07:16.827683	u/Katana_67	fll9jm0	u/bubonic-kronik	flkir3c	C
2020-03-26 17:07:37.269158	u/ravioli444	fll9kgq	u/Brokeasslobster	flkemgu	C
2020-03-26 17:07:53.494209	u/MaedayMaeday	fll9lfs	u/iamgeniusface	fll8feg	C
2020-03-26 17:08:05.746713	u/adien-nh	fllauqc	u/GoatLegend24	fll8mx8	C
2020-03-26 17:08:07.510968	u/Bl4k0ut321	fllauqh	u/berry_27	fll5fn6	C
2020-03-26 17:08:22.059907	u/anscvzh	fllavem	u/Alexis-Aparicio	flkqras	C
2020-03-26 17:08:36.941638	u/Prime-D-Wade	fllavz5	u/SnowySupreme	fll8w8e	C
2020-03-26 17:08:41.563291	u/TheGreatShawn	fllaw3j	u/BL4ZE0183	flk66f7	C
2020-03-26 17:08:46.096693	u/fortniteisforvirgins	fllaw7f	u/sisterfister47	fllarh6	C
2020-03-26 17:08:53.127059	u/LegoLeonidas	fllawan	u/DildoPolice	fll9ieo	C
2020-03-26 17:08:56.214039	u/HauntedHealer	fllawby	u/racerfree	fll84ec	C
2020-03-26 17:09:01.262341	u/vanxiiii	fllawh8	u/krabbenchips_	fll54gz	C
2020-03-26 17:09:02.553548	u/StupidDepressedGamer	fllawhb	u/1984IsBook	fll5th3	C
2020-03-26 17:09:05.425439	u/PidgeonsAreFake	fllawm7	u/anonym_00	fll58ok	C
2020-03-26 17:09:09.085263	u/SebastienWeaver18	fllawsd	u/getrekkk	fljwzhx	C
2020-03-26 17:09:17.028798	u/txfearthereaper	fllawvr	u/polneck	fll24xz	C
2020-03-26 17:09:29.824784	u/sugg_Jess_ting	fllaxhu	u/fualtyzane	fllaudp	C
2020-03-26 17:09:39.182753	u/nanubinu	fllaydt	u/Nirlite	fll3e1b	C
2020-03-26 17:09:55.497589	u/InHuman_ErrectionS	fllaz0e	u/WeetNeet	fllav50	C
2020-03-26 17:09:56.933864	u/noiceshrek-21-	fllaz30	u/racerfree	fllaeua	C
2020-03-26 17:09:57.452112	u/RiottRedd1	fllaz39	u/racerfree	fllan3m	C
2020-03-26 17:09:58.979006	u/Gerard-of-riverdale	fllaz7s	u/Ninja-nun	flkucxa	C
2020-03-26 17:10:09.643327	u/SiriV1634	fllazl7	u/GrizzlySherman	fll9o5r	C
2020-03-26 17:10:27.926412	u/liam68	fllb06e	u/Sbros2	fl65naz	C
2020-03-26 17:10:41.233645	u/OwenG02	fllb0o1	u/fualtyzane	flkyx8a	C
2020-03-26 17:11:12.934167	u/averygrant3182	fllb1rt	u/Pickled_Testicle	fllayzc	C
2020-03-26 17:11:49.619656	u/deepfield67	fllb2t1	u/RikkRakk	flktzqp	C
2020-03-26 17:12:00.774013	u/Quack005	fllb35n	u/RepostSleuthBot	flkxok8	C
2020-03-26 17:12:03.134156	u/lolkingktvd	fllb361	u/R3Dsnapp3r	flk2joo	C
2020-03-26 17:12:14.094959	u/Goldman250	fllb3h5	u/Lame_Protagonist	fll639h	C
2020-03-26 17:12:24.002312	u/ThatGamerkidYT	fllb3qo	u/MiddleBox18	flktnrn	C
2020-03-26 17:12:26.288365	u/TallBlake	fllb3rz	u/Caffeinated-potato5	flkhpti	C
2020-03-26 17:12:41.179545	u/elliott125	fllb460	u/sisterfister47	fllashj	C
2020-03-26 17:12:49.706067	u/Player3up	fllb4c4	u/ShinySnaxMix	flknz54	C
2020-03-26 17:13:24.355030	u/Jessiz5	fllb58j	u/freecandyforkids69	fllb3ek	C
2020-03-26 17:13:32.457114	u/Calaloo17	fllb5dt	u/meh1231	fllb11h	C
2020-03-26 17:13:38.493858	u/SiBloGaming	fllb5t6	u/RepostSleuthBot	fllau0o	C
2020-03-26 17:13:41.762668	u/bigshagger42069	fllb5w4	u/Innuendo-Reviews	fll7v9w	C
2020-03-26 17:13:53.757340	u/BananaBoot21	fllb61j	u/twiztedmind209	fllawcw	C
2020-03-26 17:14:05.260915	u/SexyLionTamer	fllb6hs	u/imaginePunnything	fll8b29	C
2020-03-26 17:14:21.482799	u/Fluffy-Boy-UwU	fllb6ry	u/lelcg	fpjp8j	S
2020-03-26 17:14:42.789938	u/Commissar-Potato	fllb78s	u/jesua_jack	flkhkv8	C
2020-03-26 17:14:55.923250	u/Ifind_this_offensive	fllb7dq	u/stalinshootskulaks	fll1tup	C
2020-03-26 17:15:21.609692	u/Swiftbrand	fllb88i	u/just4the_lolz	flkxjaz	C
2020-03-26 17:15:32.637922	u/WonderfulNinja	fllb8hw	u/racerfree	fll83p5	C
2020-03-26 17:15:36.729618	u/Real__Bizzard_	fllb8px	u/team-deathmatch	flk9vc5	C
2020-03-26 17:16:06.164572	u/BlaquKnite	fllb9lk	u/TotallyNotEko	fll4j0v	C
2020-03-26 17:16:07.949390	u/Kylo-Jen-2000	fllb9o4	u/Colinoscopy90	flkabod	C
2020-03-26 17:17:00.023603	u/AlexOFive	fllbbdf	u/fastAsFRICK7	fll8771	C
2020-03-26 17:18:00.264015	u/Bigcats30	fllbddu	u/racerfree	flla69c	C
2020-03-26 17:18:03.634102	u/DarthSparX	fllbdh5	u/swarnim_38	fljye7a	C
2020-03-26 17:18:14.821170	u/LPPixi	fllbe2g	u/NotKidKoolio	fljmbgx	C
2020-03-26 17:18:16.427491	u/i_haz_katz	fllbe2p	u/Psych_Riot	fll5l5o	C
2020-03-26 17:18:29.396339	u/bartjuh789	fllben7	u/viagrosexperimentos	fljrkgf	C
2020-03-26 17:18:33.550076	u/ONE__2__THREE	fllbewe	u/Meka65	flkxgt5	C
2020-03-26 17:19:01.748699	u/dullship	fllbfuz	u/Harnam21	fll2o23	C
2020-03-26 17:19:07.727191	u/qpwoeirutyalskh	fllbg0q	u/serial_code_r	flkn4n7	C
2020-03-26 17:19:09.467107	u/iModFrenzyV2	fllbg7c	u/BirbActivist	flkxhpk	C
2020-03-26 17:19:21.128789	u/cunthunter19	fllbgo6	u/ClementL33	fll5tgk	C
2020-03-26 17:19:24.503263	u/arsenic_shots	fllbgx3	u/racerfree	fll3vmn	C
2020-03-26 17:19:26.670126	u/The20Voices	fllbh36	u/AutoModerator	fljr717	C
2020-03-26 17:19:28.130549	u/S-Man_368	fllbh4m	u/HeartOfGold02	fllbabq	C
2020-03-26 17:19:30.092288	u/boek2107	fllbh5q	u/Oakheart-	fllaoh8	C
2020-03-26 17:19:39.586139	u/The20Voices	fllbhsm	u/BoomerBuster69	fljxuik	C
2020-03-26 17:19:41.603019	u/A-PERSON000	fllbhvv	u/TheHushh21	flko4q2	C
2020-03-26 17:19:45.712386	u/Nogarda	fllbib4	u/Welkitends	fllag6p	C
2020-03-26 17:20:04.210965	u/Random___Here	fllbj5j	u/69420memes	flkm5il	C
2020-03-26 17:20:19.161153	u/invertedzombie12	fllbjn3	u/lutrapure	fll4x1c	C
2020-03-26 17:20:22.838639	u/HungaChunga69	fllbjpr	u/Shrey_Kira	fll8la6	C
2020-03-26 17:20:34.876233	u/Fatboy1513	fllbjwr	u/_-_Spectre_-_	fll9jsj	C
2020-03-26 17:21:01.481100	u/Beniscool1506	fllbkp1	u/mimilegolol	flkazcr	C
2020-03-26 17:21:58.290422	u/Fatboy1513	fllbmfo	u/CreepyPastaCool	fll9pq5	C
2020-03-26 17:22:26.032500	u/Dragontamer7777777	fllbnbg	u/NoodleSaidSo	fllavfl	C
2020-03-26 17:22:28.386059	u/easyburg	fllbnd2	u/Melwinhilding123	flksi25	C
2020-03-26 17:22:41.020150	u/ComplicatedUsernam3	fllbnl4	u/Kind-Pop	fl3zlqu	C
2020-03-26 17:23:18.552864	u/Willow1230	fllbob0	u/AutoModerator	flk1thh	C
2020-03-26 17:23:27.464140	u/ayaldishon	fllbogq	u/FCBFan05	flkoi88	C
2020-03-26 17:23:38.166425	u/Wirwin0608	fllbp14	u/Zelderian	fllac0w	C
2020-03-26 17:24:05.039838	u/banginging	fllbpqw	u/s1ibedr1ll	flk83ts	C
2020-03-26 17:24:26.094967	u/K3rmitTh3Fro8	fllbq7j	u/darliamlothair	fllb5x9	C
2020-03-26 17:24:32.896534	u/bingolegend27	fllbqes	u/Myriii1911	fll1laj	C
2020-03-26 17:24:49.014958	u/SirPie999	fllbqlu	u/shitbot_420	flk87u1	C
2020-03-26 17:25:17.791468	u/Inspiredbymemes	fllbr8d	u/ssssssdee	fll0vhv	C
2020-03-26 17:25:43.622966	u/MacMillerEminem	fllbs6i	u/RepostSleuthBot	fllbc55	C
2020-03-26 17:26:14.835895	u/Caeleng	fllbtcx	u/AerobitX5	flkurc5	C
2020-03-26 17:26:46.682258	u/I-just-want-cheese	fllbu9w	u/freecandyforkids69	fllbshw	C
2020-03-26 17:27:09.957889	u/starlord57200	fllbvad	u/Kaiduko	flkstgr	C
2020-03-26 17:27:15.136491	u/Goombud	fllbvgn	u/Thort3	flkom64	C
2020-03-26 17:27:42.246523	u/p_e_z_z_a	fllcz7p	u/faultedink	flkpb2w	C
2020-03-26 17:27:44.569800	u/Qixal	fllcz8v	u/fualtyzane	fllcgfd	C
2020-03-26 17:27:48.380395	u/kickmanF	fllczhm	u/SevenPandas	fljz87d	C
2020-03-26 17:28:01.304371	u/Akai-exe	flld03r	u/Calaloo17	fllb5dt	C
2020-03-26 17:28:02.895187	u/asshammer19	flld04b	u/Tru_Drone_Videos	fllcrle	C
2020-03-26 17:28:29.253939	u/darth_sion115	flld0zr	u/Shrekisdummythik	flkw7ps	C
2020-03-26 17:28:42.878477	u/OrdinaryBreadfruit2	flld1kg	u/Maxie0210	fll7gof	C
2020-03-26 17:28:45.927705	u/Reckeriby	flld1uk	u/Aspen_Alabaster	fll7twl	C
2020-03-26 17:29:07.185157	u/GildedBlade411	flld2z0	u/ImATrashPlayer_101	fllbbjp	C
2020-03-26 17:29:14.032388	u/Yeah_Im_a_cunt	flld3bh	u/NoPostsHowMuchKarma	fll7ez3	C
2020-03-26 17:29:15.876477	u/ArnavZeGr8	flld3d5	u/Tru_Drone_Videos	fllcrle	C
2020-03-26 17:29:19.714855	u/TheMerryBerry	flld3jh	u/HYPER00567	fllbbku	C
2020-03-26 17:29:29.876686	u/NotDewam	flld4ck	u/Caffeinated-potato5	flkhpti	C
2020-03-26 17:29:35.431679	u/Fatyellowrock	flld4n2	u/TickleDuckFeathers	flkt4ep	C
2020-03-26 17:29:42.707573	u/Camtheketchupman	flld4ym	u/I_love_potatoes_1234	flld1ix	C
2020-03-26 17:30:58.033597	u/Yikes0880	flld859	u/SevenPandas	fljz87d	C
2020-03-26 17:31:43.610189	u/1978mustang	flld9c3	u/fualtyzane	fllcthj	C
2020-03-26 17:31:55.264533	u/emrednz07	flld9v6	u/RepostSleuthBot	fll10xg	C
2020-03-26 17:32:26.026916	u/drewlong2904	flldaus	u/TheGrandMafoo	flla4yp	C
2020-03-26 17:32:45.928552	u/drexl147	flldbh1	u/fualtyzane	flkw9sp	C
2020-03-26 17:32:49.279332	u/Twitch_HighMiZe	flldblq	u/p_e_z_z_a	fllcykk	C
2020-03-26 17:32:52.388253	u/Xtra_Awesome	flldbna	u/elonsmusketer	fll5jxz	C
2020-03-26 17:32:59.774608	u/The-Trash-Maan	flldbwv	u/Kehlum	fpartl	S
2020-03-26 17:33:14.474557	u/Zonkko	flldc9f	u/Sinamyte	flk3xse	C
2020-03-26 17:33:21.534324	u/The_Giant_Blob	flldcie	u/the-69-guy	fllcgk4	C
2020-03-26 17:33:37.700034	u/TheBirbReturn	flldcz0	u/coltellochiave	fljphju	C
2020-03-26 17:33:49.399420	u/DannyVC123	flldd96	u/mih69420	flk8w1l	C
2020-03-26 17:34:47.285668	u/Orbus_215	flldf4h	u/RepostSleuthBot	fll8qty	C
2020-03-26 17:34:50.398725	u/xX_Send_nudes_pls_Xx	flldf6i	u/presidentdylan101	fllcy1c	C
2020-03-26 17:35:05.039083	u/human1000000000	flldfkw	u/eatachode1	fllaup9	C
2020-03-26 17:35:19.234415	u/El_Duderino86	flldg3c	u/d-o-o-p-w	fllagfr	C
2020-03-26 17:35:26.633930	u/Notarandomweeb	flldgh7	u/Sneak100-	flkrpat	C
2020-03-26 17:35:32.839536	u/Despacito-42069	flldgns	u/_ProfessionalRetard_	fllde6l	C
2020-03-26 17:35:54.328062	u/rocker1mil	flldh6s	u/darliamlothair	fllcdat	C
2020-03-26 17:36:15.192392	u/rocker1mil	flldhs0	u/K3rmitTh3Fro8	fllbq7j	C
2020-03-26 17:36:17.045812	u/DPhantomBandit	flldhwg	u/LilJapKid	fllb81x	C
2020-03-26 17:36:28.359794	u/rocker1mil	flldi49	u/darliamlothair	fllb5x9	C
2020-03-26 17:36:35.887849	u/sarkek	flldifa	u/WeebFromIIT	flksl58	C
2020-03-26 17:36:51.002676	u/DSi1ver	fllditg	u/SevenPandas	fljz87d	C
2020-03-26 17:37:21.273269	u/TheUnknownD	flldjm0	u/racerfree	fllatz9	C
2020-03-26 17:37:43.729778	u/bricknovax89	flldkop	u/Alram69	flkvada	C
2020-03-26 17:37:51.220140	u/finziez	flldl0b	u/invertedzombie12	fllbjn3	C
2020-03-26 17:37:53.383488	u/nibs855	flldl18	u/Brandoom12	fllbvuf	C
2020-03-26 17:37:54.936363	u/thatrandomeOwoLamp	flldl1u	u/Swiftbrand	fllb88i	C
2020-03-26 17:38:15.987164	u/oui-zzer	flldljr	u/Tru_Drone_Videos	flkl4m8	C
2020-03-26 17:38:35.092027	u/mihai2004986	flldmpd	u/BadBooJuJu66	fll5c4i	C
2020-03-26 17:38:36.481199	u/GothicGamer2012	flldmpr	u/floriandrin	flksuon	C
2020-03-26 17:38:38.912147	u/st0lenbrain	flldmqp	u/Xploiter_RBLX	flld953	C
2020-03-26 17:39:10.639721	u/ihaveadrugaddiction	flldo7p	u/mrgopher17	fllbmpi	C
2020-03-26 17:39:38.847776	u/plsdontfriendzoneme	flldpsv	u/Tru_Drone_Videos	flkl4m8	C
2020-03-26 17:39:44.269071	u/foerbi	flldq76	u/AquaJasper	flldmhq	C
2020-03-26 17:39:49.879886	u/Liverman102	flldqht	u/fualtyzane	fllckug	C
2020-03-26 17:39:55.574804	u/longnamewithnospaces	flldqx1	u/Roc_na_na	fll9kdn	C
2020-03-26 17:40:13.038866	u/thicc_chernobyl	flldrkb	u/PidgeonsAreFake	fllawm7	C
2020-03-26 17:40:26.072328	u/LifeIsADarkRoom	fllds67	u/SlightlyCrookedFrame	fllc5ov	C
2020-03-26 17:40:40.648481	u/nekoyamiramen	flldser	u/_ProfessionalRetard_	fllcas0	C
2020-03-26 17:40:55.125734	u/TheBeefBoss23	flldsow	u/Markiemoomoo	flkqsx4	C
2020-03-26 17:42:27.565103	u/TomLivy_	flldw7k	u/racerfree	flk3s77	C
2020-03-26 17:43:17.838162	u/25TM	flldxzq	u/RepostSleuthBot	flldlqr	C
2020-03-26 17:43:43.464381	u/COW_ILLUMINATI	flldywi	u/CesareAugusto_	flkyjc8	C
2020-03-26 17:43:54.464716	u/Diamond-sloth	flldz73	u/RussianCheeseDood	flkkh8u	C
2020-03-26 17:44:15.629858	u/Just-Buy-A-Home	flldzzy	u/innosentz	flld6yz	C
2020-03-26 17:44:22.779904	u/Random_Person668	flle061	u/RepostSleuthBot	fll8hvw	C
2020-03-26 17:44:41.346440	u/RreZo	flle0pc	u/RepostSleuthBot	flldwqw	C
2020-03-26 17:45:03.438170	u/rainbowpubes111	flle1e8	u/longnamewithnospaces	flkxm4q	C
2020-03-26 17:45:06.471176	u/FreakshowfoX_	flle1ep	u/poorly_timed_fuck	fllc71i	C
2020-03-26 17:45:24.242215	u/SiameseBlueCheese	flle1r7	u/sweptchicken27	fljxslx	C
2020-03-26 17:45:30.816176	u/ahuman6636	flle1xz	u/green_lean_peen	flkrq9a	C
2020-03-26 17:45:50.131590	u/stm264	flle2en	u/princess_lala_07	flldlun	C
2020-03-26 17:46:17.560685	u/DoublePieGaming	flle2wc	u/Aspen_Alabaster	flldcrr	C
2020-03-26 17:46:19.422469	u/LegaciesFan666	flle2xg	u/_ProfessionalRetard_	fllcwae	C
2020-03-26 17:46:32.934153	u/A1BC095	flle37f	u/HoneyCreamSoda	flldyl6	C
2020-03-26 17:46:56.806282	u/RandomDudeWithNoName	flle4b5	u/Stormy-Skyes	flkr960	C
2020-03-26 17:47:17.367986	u/MisterBicorniclopse	flle51y	u/DarkAura_117	fll7ght	C
2020-03-26 17:47:59.124825	u/dumpster-dachshund	flle6lk	u/Delta_doggo	fllchsj	C
2020-03-26 17:48:32.773175	u/ConqererXD	fllfasc	u/Qixal	fllcz8v	C
2020-03-26 17:48:41.511921	u/andr3wsmemez69	fllfb3t	u/whydidyouthink	fllf76l	C
2020-03-26 17:48:46.033546	u/WoodenCell5	fllfbgk	u/aldguton23	fll13z4	C
2020-03-26 17:48:50.470861	u/ninjastorm19	fllfbpo	u/danielXKY	fll1qbp	C
2020-03-26 17:48:52.985867	u/avidrationalist	fllfbvi	u/Pickled_Testicle	fllb38v	C
2020-03-26 17:49:05.189680	u/Krustyrat	fllfcbm	u/joshc14	fllew1f	C
2020-03-26 17:49:07.910282	u/sofiaanch	fllfccr	u/VViper1232	flk4xum	C
2020-03-26 17:49:09.810476	u/dannyd8807	fllfcm7	u/CivilCJ	fll87ui	C
2020-03-26 17:49:15.571731	u/Mjz11	fllfcph	u/fualtyzane	flle6h8	C
2020-03-26 17:49:27.290927	u/Shooterr_	fllfd9x	u/SnowySupreme	fllcj01	C
2020-03-26 17:49:28.926088	u/MurderousCappachino	fllfdby	u/Evangelionlovr	fll06bj	C
2020-03-26 17:49:34.057409	u/miatapasta	fllfdm5	u/Tru_Drone_Videos	flkp889	C
2020-03-26 17:49:49.361356	u/mixuminati	fllfea7	u/longnamewithnospaces	flkxm4q	C
2020-03-26 17:49:52.692933	u/OnlyArm1	fllfebo	u/Donimation73	fpaati	S
2020-03-26 17:50:04.895005	u/Grumble___Grumble	fllff04	u/RepostSleuthBot	fllfbep	C
2020-03-26 17:50:12.039413	u/Anime-guy101	fllff7b	u/yournannycam	fljc1by	C
2020-03-26 17:50:16.734287	u/MeatheadMario	fllffan	u/foerbi	flldq76	C
2020-03-26 17:50:19.132911	u/ElCuerno	fllffbc	u/Rapping_Tomatoe	flle5di	C
2020-03-26 17:50:31.294623	u/fixdolphon1324	fllffkw	u/RepostSleuthBot	fllbus3	C
2020-03-26 17:50:35.911200	u/arkhamroyale	fllffpy	u/racerfree	fllezai	C
2020-03-26 17:50:52.839873	u/AJ555555	fllfg8t	u/SpooderKrab178	fllfewt	C
2020-03-26 17:51:03.323605	u/Mr_nobrody	fllfgg2	u/Alexitozz	fllbr4n	C
2020-03-26 17:51:11.968960	u/easytoremember---	fllfgjj	u/Domi-chan_uwu	fllf7h5	C
2020-03-26 17:51:18.985389	u/prakticnjak69	fllfgtl	u/TheBazeur	fljxj4q	C
2020-03-26 17:51:52.341801	u/beachballbrother	fllfhpj	u/HakuTsubaki	fljpfdj	C
2020-03-26 17:51:55.654369	u/Tag-BR2017	fllfhqu	u/RealShakespeare	flletcc	C
2020-03-26 17:52:19.021605	u/the-guccy-man	fllfidw	u/RipAndTearDoomslayer	fllf87v	C
2020-03-26 17:52:22.478121	u/Coolcal05	fllfifr	u/Cptn_Kevlar	fllfgh8	C
2020-03-26 17:52:36.939034	u/HavensXL	fllfiyq	u/OwlBoiy	flk58kf	C
2020-03-26 17:52:40.308477	u/popeyetyty	fllfj19	u/Loyellow	fllfgjf	C
2020-03-26 17:52:48.015804	u/squrriel89	fllfj86	u/Xploiter_RBLX	fllcqlh	C
2020-03-26 17:52:50.271415	u/Zwangah	fllfj99	u/AutoModerator	flkt766	C
2020-03-26 17:53:02.184359	u/le_quisto	fllfjjc	u/InedibleTaco	flleye9	C
2020-03-26 17:53:07.725035	u/CaballeroCulero	fllfjo7	u/BeNbUcKToO	flkx6c1	C
2020-03-26 17:53:28.729614	u/MajesticRocker	fllfkiz	u/xX_ThiccKrabz69_Xx	fllfatf	C
2020-03-26 17:54:02.691762	u/JonYahraus	fllflq2	u/DmMacniel	flknkml	C
2020-03-26 17:54:49.041988	u/Fish_Falling	fllfn23	u/hdyfd	flldjhf	C
2020-03-26 17:54:57.266171	u/Johnchuk	fllfn7d	u/FUNKbrs	fll7a34	C
2020-03-26 17:55:17.849272	u/hasonjackler69	fllfnri	u/racerfree	fllfhiq	C
2020-03-26 17:55:43.389002	u/quinnstorms	fllfoei	u/TeamTrySoft	fll0q37	C
2020-03-26 17:55:52.520524	u/Joegie	fllfozy	u/Dead_Scallop	flldz2x	C
2020-03-26 17:56:26.415878	u/lie-berry	fllfq77	u/Rimeeny	flkm6o6	C
2020-03-26 17:56:30.426499	u/Noprofun	fllfqc6	u/A2X-iZED	flk3pa2	C
2020-03-26 17:56:35.626312	u/Joegie	fllfqfk	u/Respect_Paying_Bot	flle9bo	C
2020-03-26 17:57:04.739854	u/24Gokartracer	fllfrcv	u/Chobchobs	fll3bco	C
2020-03-26 17:57:14.420547	u/7zR_Decepticon	fllfrm1	u/AwesomePig278	fll7ojq	C
2020-03-26 17:57:16.092544	u/voice-of-gr4ce	fllfrmu	u/ElCuerno	fllbdtu	C
2020-03-26 17:57:26.748230	u/DaLegitBananaMan	fllfs0e	u/theforgottenmemer	flkj536	C
2020-03-26 17:57:32.007991	u/mmemes22	fllfs65	u/fualtyzane	fll78pq	C
2020-03-26 17:57:34.573813	u/daveuwu09	fllfs6m	u/LeRealGabrielGD	flldxvr	C
2020-03-26 17:57:38.021813	u/iDimR03	fllfsdn	u/eggcrack174	flleqqp	C
2020-03-26 17:57:52.726139	u/Toster425	fllft2y	u/drakeotomy	fll8efx	C
2020-03-26 17:57:55.777812	u/big_stalker12	fllft3d	u/Garbage_Bob	fllc322	C
2020-03-26 17:58:13.937146	u/racecarlc	fllftyr	u/enough-rope	flkdc51	C
2020-03-26 17:58:17.984379	u/Blue-Lou	fllfu1u	u/bricknovax89	flldkop	C
2020-03-26 17:58:27.967769	u/Rayzersquad	fllfucl	u/randomphiladelphian	fll4y2b	C
2020-03-26 17:58:30.318577	u/Lenx_Venn	fllfudv	u/Yukihanahime	fldduae	C
2020-03-26 17:58:32.414146	u/Cody_Entrus	fllfuik	u/rgwashere	fll74nt	C
2020-03-26 17:58:49.720713	u/domschestag_	fllfveh	u/fualtyzane	fllft9u	C
2020-03-26 17:59:02.952003	u/Ccoonce01	fllfw12	u/sofiaanch	fllfccr	C
2020-03-26 17:59:23.791554	u/allfortheexperience	fllfwjb	u/angry_potato_farmer	fllft7t	C
2020-03-26 17:59:24.826435	u/WhatEvenIsACrab	fllfwja	u/fualtyzane	fllfupt	C
2020-03-26 17:59:37.449751	u/_Jake_156	fllfwvo	u/Samdabeast	fll2aa7	C
2020-03-26 17:59:41.015605	u/grzesoponka	fllfx4s	u/racerfree	fll7j7h	C
2020-03-26 17:59:51.909174	u/6syntrax9	fllfxvm	u/fualtyzane	fllfm6i	C
2020-03-26 18:00:00.034530	u/lakelid	fllfyin	u/Stormy-Skyes	flkr960	C
