2020-03-24 05:00:03.414324	u/redditguylol1	flcp39x	u/darwin_vinci7	flcoc0u	C
2020-03-24 05:00:31.694052	u/Shad7860	flcp428	u/RedSpicyBoi	flb55i4	C
2020-03-24 05:00:40.313526	u/k1ngofdumb	flcp46w	u/emptyredpartycup	flcnvgl	C
2020-03-24 05:00:49.461885	u/S-P-4-C-3	flcp4eb	u/Kind-Pop	fl3zlqu	C
2020-03-24 05:00:55.375842	u/RoboRetro	flcp4h9	u/Tzar-Sand-Hanitizer	fo1u53	S
2020-03-24 05:00:58.730218	u/dirty-weeaboo	flcp4is	u/MediocrePenisNumber6	flcm571	C
2020-03-24 05:01:02.468405	u/ImaPipinMidget	flcp4l3	u/SevenIsNotANumber	flcmafn	C
2020-03-24 05:01:41.691232	u/ST4RSHIP17	flcp5gi	u/horse_at_water	flbti7i	C
2020-03-24 05:02:15.319526	u/ghast5000	flcp6fk	u/its_meme69	flcp5wb	C
2020-03-24 05:02:18.664494	u/as_a_pan	flcp6j9	u/Soco007	flclte6	C
2020-03-24 05:02:22.057628	u/WhatsHisFace666	flcp6k9	u/ImaPipinMidget	flcp4l3	C
2020-03-24 05:02:47.241659	u/FamStitchedFingers	flcp7ay	u/16BitCake	flclqrv	C
2020-03-24 05:02:55.865709	u/llamacorn_ish	flcp7j0	u/Tru_Drone_Videos	flcedv4	C
2020-03-24 05:03:12.172535	u/MacCoolness	flcp7v2	u/sleekpenguien	flcp0it	C
2020-03-24 05:03:25.858601	u/Esherichialex_coli	flcp86e	u/nobody384	flcn69a	C
2020-03-24 05:03:32.936700	u/Channelistic	flcp8bq	u/Falafelfreak	flcon33	C
2020-03-24 05:03:36.095333	u/Liantis	flcp8cj	u/Gamingbanana22	flckj9u	C
2020-03-24 05:03:38.314868	u/beechwillow	flcp8d8	u/lunatictornado	fo1wnr	S
2020-03-24 05:03:40.456417	u/gothboyclique999	flcp8db	u/xaviii_	flc086k	C
2020-03-24 05:04:06.447865	u/swagigaadam	flcp972	u/dissapointed237	flcp7wf	C
2020-03-24 05:04:09.627527	u/bkmangang	flcp97r	u/TheAngryChickenWing	flcdmn5	C
2020-03-24 05:04:46.653738	u/droogzweet	flcpa00	u/ExtremeAlternative0	flcd8qf	C
2020-03-24 05:04:49.917737	u/NoiceMango	flcpa10	u/Myroyes2	flclsbm	C
2020-03-24 05:05:05.366829	u/WhiteClover112	flcpai6	u/Owanjila	flcp9j5	C
2020-03-24 05:05:15.110991	u/mars935	flcpaqe	u/jaydon1219	flcnw6k	C
2020-03-24 05:05:20.116509	u/punchacat4	flcpauw	u/ChampagneCJ	flbtqz7	C
2020-03-24 05:05:22.098108	u/NickTheCuber	flcpaw6	u/tesdyau	flcp4qh	C
2020-03-24 05:05:31.075276	u/CheeseCakeGamer123	flcpaz4	u/nanoloch	flcohrs	C
2020-03-24 05:05:34.512259	u/The_Meme_Man29	flcpazm	u/Larioss	flcm78j	C
2020-03-24 05:05:39.549942	u/AlexanderWhomst	flcpb3w	u/MAGIC_EYE_BOT	flcp70i	C
2020-03-24 05:05:42.747372	u/Vexxer2	flcpb8f	u/YET_TO_BE_NAMED	flcbsm4	C
2020-03-24 05:05:48.397453	u/timbreviolinist	flcpbbp	u/mnmpeanut94	flc9dx8	C
2020-03-24 05:05:58.615299	u/KanyeGotClout	flcpblo	u/theknownone849	flc00pe	C
2020-03-24 05:06:04.667594	u/tomas10024	flcpbt7	u/PineTarAlreadyTaken	flconun	C
2020-03-24 05:06:23.456054	u/snakewaswolf	flcpcav	u/CTGRW_30477953419	flcoq35	C
2020-03-24 05:06:26.336363	u/eberlix	flcpcc5	u/AMG-28-06-42-12	flco074	C
2020-03-24 05:07:04.074566	u/grubas14	flcpd4z	u/Wheel31	fl5790b	C
2020-03-24 05:07:15.479185	u/Kjthehomiexx	flcpdeo	u/Potatotheooflord	fl5excx	C
2020-03-24 05:07:27.312919	u/nade2025	flcpdsa	u/BleachIF	flc9lwx	C
2020-03-24 05:07:29.977988	u/EG-ultimate-	flcpdye	u/RoboRetro	flcp4h9	C
2020-03-24 05:07:36.076570	u/Andish666	flcpe1r	u/SampleTexDoggo	flbdva4	C
2020-03-24 05:07:51.465892	u/_Milosev	flcpekk	u/A2X-iZED	flcj2qc	C
2020-03-24 05:07:58.201808	u/04login	flcpetw	u/VegisamalZero3	flcii1t	C
2020-03-24 05:08:04.982787	u/_Milosev	flcpevt	u/A2X-iZED	flc9ru9	C
2020-03-24 05:08:11.189764	u/aetost	flcpf24	u/billybob_jr	flcpci3	C
2020-03-24 05:08:12.872461	u/Jay_14108	flcpf3j	u/Liantis	flcp8cj	C
2020-03-24 05:08:22.834724	u/Dahwaann4U	flcpfhx	u/i-dont-fuckin-knoe	flc7rb8	C
2020-03-24 05:08:34.980118	u/tendoesheep	flcpfvz	u/the-last-soviet	flcl44r	C
2020-03-24 05:08:43.500933	u/_Minor_Inconvenience	flcpg2f	u/GrandmasterSlothBoss	flc7ovu	C
2020-03-24 05:08:45.089809	u/chewingchow	flcpg2x	u/sleekpenguien	flcp8rf	C
2020-03-24 05:08:46.661011	u/Pandan_cakes	flcpg30	u/mae-hee-hee	flco1ud	C
2020-03-24 05:08:48.943304	u/Syndicaa	flcpg6o	u/parkadeigo-gaming	flclb0l	C
2020-03-24 05:09:03.226171	u/KENOBIIIIIIII	flcpgi0	u/honalele	flc9z7d	C
2020-03-24 05:09:12.751192	u/Ignotus___	flcpgq6	u/swamofangreybees	flcpbzc	C
2020-03-24 05:09:22.559287	u/Confident_Comrade	flcph90	u/CajunCraze	flag6vx	C
2020-03-24 05:09:33.275495	u/Vampire21YT	flcphod	u/anonymousfriend27	flco1l2	C
2020-03-24 05:09:36.278378	u/Adam_Sandler_haha	flcphsy	u/CCode0505	flcisjj	C
2020-03-24 05:09:45.387500	u/Nikez1213	flcpi93	u/The_Molsen	flco9w0	C
2020-03-24 05:09:55.705134	u/Vald_Stark	flcpiog	u/DesparsHope	flcf4p9	C
2020-03-24 05:09:58.522442	u/idk-im-not-creative-	flcpiwn	u/smoochingtimeohboi	flcocat	C
2020-03-24 05:09:59.427235	u/philippepatek	flcpiza	u/RuelalaH2O	flcphmg	C
2020-03-24 05:10:04.066592	u/jess-jess-jesse	flcpj6v	u/daniel5764	flcnl2p	C
2020-03-24 05:10:18.880704	u/-LexXi-	flcpjft	u/Catmeowparrot	flcpikr	C
2020-03-24 05:10:22.307188	u/BuddDwyer44	flcpjgp	u/Redpikes	flcemna	C
2020-03-24 05:10:27.027378	u/imgonegg	flcpjm0	u/woodendoors7	flcnrek	C
2020-03-24 05:10:29.355261	u/philippepatek	flcpjni	u/philippepatek	flcpiza	C
2020-03-24 05:11:01.136750	u/BlackJack_509	flcpkbb	u/UwU49	flcpce5	C
2020-03-24 05:11:29.131263	u/BagelMix43	flcpkzc	u/Synthnova	flc909w	C
2020-03-24 05:12:32.033681	u/teepeeville	flcpmcy	u/--mike-	flcm1j8	C
2020-03-24 05:12:49.351191	u/ItsRylannnnnnn	flcpmuv	u/Krsnybel	flciruf	C
2020-03-24 05:12:52.649103	u/HenkSteenNeus	flcpmwi	u/SplffyAlex	flckz66	C
2020-03-24 05:13:01.789605	u/HenkSteenNeus	flcpn4d	u/SplffyAlex	flcl90e	C
2020-03-24 05:13:10.076655	u/woosh4	flcpnbb	u/oBi_wAN_kENoBI______	flcpkae	C
2020-03-24 05:13:17.539310	u/thedagelbagel	flcpni0	u/Cottoncandyskiesthrw	flcbqe1	C
2020-03-24 05:14:03.303358	u/KnifePunched	flcpofh	u/Lord_CoatRack	flbxle3	C
2020-03-24 05:14:06.604106	u/tyrone-mc-kideneys	flcpogv	u/ratatouille-com	flcnnai	C
2020-03-24 05:14:31.132708	u/axlsky	flcpp1x	u/Potatotheooflord	fl5ewkn	C
2020-03-24 05:14:33.198327	u/TheBowtruckle	flcpp2n	u/Radu32	flcoi4y	C
2020-03-24 05:15:04.971438	u/klospk	flcpq4s	u/WantedToBeNamedSire	flcpkf1	C
2020-03-24 05:16:11.960735	u/69-nice420	flcprw5	u/ghast5000	flcp6fk	C
2020-03-24 05:16:17.410036	u/Shrewsy	flcprzz	u/NecessaryLazy	flcorhb	C
2020-03-24 05:16:23.940063	u/oceuye	flcps3p	u/AutoModerator	flc6ltb	C
2020-03-24 05:16:44.116670	u/Gameplayer62	flcpstg	u/WirableAlloy741	flce859	C
2020-03-24 05:16:49.978950	u/insomniacpoltergeist	flcpsy9	u/SplffyAlex	flcl90e	C
2020-03-24 05:17:38.442505	u/pi-nk-gi-rl	flcpu8k	u/MediocrePenisNumber6	flclf5y	C
2020-03-24 05:17:42.066313	u/U-gay-boi2004	flcpu9t	u/RealisticBlob	flccpvh	C
2020-03-24 05:17:53.165670	u/TheGuyWithAGun	flcpuj5	u/LTG_Wladyslaw_Anders	flcnaib	C
2020-03-24 05:18:09.467378	u/MuneiManie	flcpv3i	u/Destroyer9903	flcno5e	C
2020-03-24 05:18:18.221186	u/lemoikha	flcpv9w	u/tessellationarium	flc8ssw	C
2020-03-24 05:18:23.815147	u/ItsDempiTime	flcpvct	u/bcmarss	flcphj8	C
2020-03-24 05:18:36.099060	u/Littlemissdaydreams	flcpvoo	u/k1ngofdumb	flcp46w	C
2020-03-24 05:18:49.078350	u/PM_ME_MONEY_AND_BOOB	flcpw33	u/Lonerforeternity	flcnohq	C
2020-03-24 05:18:56.061667	u/Kubera-372	flcpw82	u/germinha	flcl6no	C
2020-03-24 05:18:59.623740	u/Coopertron07	flcpwdx	u/Miku018	flcpsp3	C
2020-03-24 05:19:08.499778	u/frostburn60	flcpwp1	u/BlooFlea	flcp1o6	C
2020-03-24 05:19:31.563449	u/10paiak	flcpxim	u/ChampagneCJ	flbtqz7	C
2020-03-24 05:19:37.135404	u/IronEddie19	flcpxpw	u/UwU49	flcpthf	C
2020-03-24 05:19:46.230420	u/onlyonathursday	flcpy4k	u/That_Mario_Guy	flcfh0r	C
2020-03-24 05:19:52.552714	u/mkabvims	flcpymf	u/DarkDjool	flcpxzs	C
2020-03-24 05:19:53.351137	u/BonixoHD	flcpyn5	u/OrionUniv	flcpukt	C
2020-03-24 05:19:57.552011	u/Valkeyri	flcpysv	u/tlgthemlg	flcps1m	C
2020-03-24 05:19:59.867809	u/mkabvims	flcpz0v	u/DarkDjool	flcpxzs	C
2020-03-24 05:20:30.303987	u/theFreakingGamer365	flcpzsl	u/r_thurmorgan	flcpoyl	C
2020-03-24 05:20:42.364651	u/SpaceWesus	flcq00j	u/KENOBIIIIIIII	flcpl8z	C
2020-03-24 05:20:59.908896	u/Haikz0	flcq0ev	u/bjarne96	flcm208	C
2020-03-24 05:21:05.664079	u/Weicks	flcq0ol	u/Chungus__	flcmyyr	C
2020-03-24 05:21:07.923703	u/uncoded_decimal	flcq0p5	u/McManster	flcoxoy	C
2020-03-24 05:21:27.018030	u/ItsmeortheBike	flcq175	u/BleachIF	flc9lwx	C
2020-03-24 05:21:30.362160	u/mOnIkA-_-ExE	flcq181	u/WonderCookieee	flcpyvr	C
2020-03-24 05:21:56.307457	u/eszynka	flcq1ug	u/-LexXi-	flcpb71	C
2020-03-24 05:22:01.914000	u/m3idehreddit	flcq20w	u/Bonnnl	flcpg0p	C
2020-03-24 05:22:04.200849	u/Marrossii	flcq22f	u/ilovehentai177013	flchjq8	C
2020-03-24 05:22:06.438182	u/DusselAmZocken	flcq23c	u/adamcrisp97	flclu5r	C
2020-03-24 05:22:09.753145	u/furrysalesman69	flcq241	u/PoGioDark	flcpnze	C
2020-03-24 05:22:15.335539	u/thattanmay	flcq276	u/APenny-ForA-Thought	flc8l9r	C
2020-03-24 05:22:17.585452	u/DefinitelyEdgar	flcq28c	u/anthonysim	flc9nvz	C
2020-03-24 05:22:22.104413	u/Toxic_deadeye	flcq2b2	u/BlooFlea	flcp1o6	C
2020-03-24 05:22:55.179125	u/adamlolxd	flcq2uf	u/SorryIdonthaveaname	fla3mrz	C
2020-03-24 05:23:08.508204	u/adamlolxd	flcq32w	u/SorryIdonthaveaname	flbiku3	C
2020-03-24 05:23:17.463926	u/lukigaming	flcq38q	u/Milwr_Ddraig	flcq2jt	C
2020-03-24 05:23:26.267723	u/downdootcollector	flcq3d7	u/CakePotterhead	flcpwhz	C
2020-03-24 05:23:36.233241	u/_-_Rasse_-_	flcq3i1	u/TheGr8Canadian	flcex09	C
2020-03-24 05:23:45.931210	u/gio-fan-12	flcq3qd	u/TheSunKing_2112	flcosq3	C
2020-03-24 05:23:50.207860	u/Tondator	flcq3s4	u/ItalianJamal	flcq110	C
2020-03-24 05:24:14.610594	u/CookieSwiper	flcq457	u/baustell_goblin	flcmmge	C
2020-03-24 05:24:16.790961	u/spoonyspoon69	flcq468	u/StupidAshMains	flcoir1	C
2020-03-24 05:24:21.004294	u/CryoAnt	flcq483	u/neitral-fella	fo1z5c	S
2020-03-24 05:24:30.418472	u/ImplacableFubian	flcq4a2	u/E-L-O-N_M-U-S-K	flcknbg	C
2020-03-24 05:24:46.945617	u/spartansmivvy	flcq4ss	u/DragoDoctor67	fl5k6ca	C
2020-03-24 05:25:18.272118	u/smoll_boi_fire	flcq5ls	u/dovedevic	fl2izeo	C
2020-03-24 05:25:28.777697	u/TiredGoblinz	flcq5uc	u/CristolerGm	flcq420	C
2020-03-24 05:25:37.808692	u/pilotslayer1	flcq62n	u/PM-ME-YOUR-PASSWORD-	flcetyb	C
2020-03-24 05:25:45.032751	u/Razvi23	flcq6bo	u/BonixoHD	flcpyn5	C
2020-03-24 05:26:10.107842	u/CorrosiveToxicz	flcq6y3	u/DungeonsAndDragons99	flcizw2	C
2020-03-24 05:26:12.088899	u/prhaangg	flcq6y7	u/CaiusTC	flc94ga	C
2020-03-24 05:26:22.024753	u/Dashan28	flcq74g	u/_Ki115witch_	flcpphl	C
2020-03-24 05:26:50.325935	u/Ramindacar	flcq7pu	u/KnightSlayet051	flcq443	C
2020-03-24 05:26:53.302686	u/backscratchpls	flcq7s7	u/GlenMerlin	flchc8x	C
2020-03-24 05:26:55.133410	u/Aveonick	flcq7sr	u/MuneiManie	flcpv3i	C
2020-03-24 05:26:58.784039	u/L0rdGrim1	flcq7wd	u/Rafacooney	flcnn2x	C
2020-03-24 05:27:00.636841	u/Ninovui	flcq7wl	u/Magicallyshit	flcopmh	C
2020-03-24 05:27:16.272155	u/GoodGuyAimslayer	flcq8e6	u/shaggyjonny	flcokb3	C
2020-03-24 05:27:18.083610	u/ThatNikonKid	flcq8h5	u/xabgox	flbzfnu	C
2020-03-24 05:27:22.618369	u/L0rdGrim1	flcq8lv	u/BlooFlea	flcp1o6	C
2020-03-24 05:27:41.838249	u/VekitheEthot	flcq95f	u/Centerorgan	flclox5	C
2020-03-24 05:27:51.493210	u/Leviathon1971	flcq9eu	u/Tru_Drone_Videos	flcedv4	C
2020-03-24 05:28:09.086737	u/Manopphysics	flcq9p5	u/Lil-Arsletratt	flcpuez	C
2020-03-24 05:28:30.797649	u/snuifduif_blyat	flcqaef	u/Amal_Jayakumar	flcq9eg	C
2020-03-24 05:28:37.983597	u/spaceguy07	flcqaho	u/uuwuuman	flcohmf	C
2020-03-24 05:28:48.353763	u/Trotsebelfeldiaan	flcqase	u/DragoDoctor67	fnzhfi	S
2020-03-24 05:28:57.963462	u/Sandzer	flcqb3z	u/m4a1pewpew	flcofnw	C
2020-03-24 05:29:30.262889	u/perimanVv	flcqc4e	u/SplffyAlex	flckz66	C
2020-03-24 05:29:41.212590	u/FoxyTravis14	flcqche	u/pilotslayer1	flcq62n	C
2020-03-24 05:29:44.913294	u/jrjrnfnc	flcqcix	u/ChampagneCJ	flbtqz7	C
2020-03-24 05:29:46.771444	u/ScottyBass251	flcqcke	u/BooglerDewgler	flcd944	C
2020-03-24 05:29:52.891525	u/ArturPolskiNoob	flcqcwe	u/NereDtft	flcqb6d	C
2020-03-24 05:29:57.747865	u/hi-im-a-human-being	flcqda7	u/AutoModerator	flc8ewf	C
2020-03-24 05:29:59.400103	u/Ninjox17	flcqdkq	u/Mussolini_spagitti	flbc8sp	C
2020-03-24 05:29:59.907214	u/SLENDERBOT7775	flcqdoh	u/AngelFury999	fl8ouzw	C
2020-03-24 05:30:02.730448	u/vetas27gfmt	flcqdq1	u/RealisticBlob	flcbfvr	C
2020-03-24 05:30:10.811421	u/elecric	flcqdyf	u/N0Y0U2114	flccn9m	C
2020-03-24 05:30:21.037057	u/ozymandias-js	flcqe6n	u/Elementz033	flcq80c	C
2020-03-24 05:30:24.521677	u/mika10095	flcqe7a	u/baobaab	flcmv4p	C
2020-03-24 05:30:44.198523	u/hi-im-a-human-being	flcqeks	u/poop_village	flcoott	C
2020-03-24 05:30:49.454451	u/elecric	flcqene	u/eisenstein96	flconhl	C
2020-03-24 05:30:51.748827	u/ilovehideki	flcqenp	u/maxio02x	flcogfp	C
2020-03-24 05:30:54.013670	u/iFap__Alot	flcqeo0	u/DogeCoinNut22	flcpiai	C
2020-03-24 05:31:05.900077	u/Boring5	flcqeyb	u/arzis_maxim	flcqed5	C
2020-03-24 05:31:09.364006	u/yokato723	flcqf0o	u/Dead_Scallop	flcba1t	C
2020-03-24 05:31:20.493505	u/A_kirby_redditor	flcqfak	u/idk-im-not-creative-	flcpiwn	C
2020-03-24 05:31:31.170476	u/the-king-of-the-dead	flcqfl0	u/baobaab	flcmv4p	C
2020-03-24 05:31:41.623265	u/S-K_215	flcqfpr	u/MyNameIsAnonymous1	flbnxfv	C
2020-03-24 05:31:56.469663	u/sicey999	flcqg2t	u/darthmenace666	flcg7zw	C
2020-03-24 05:32:02.123618	u/azarbi	flcqg58	u/Gubq	fl5lg0s	C
2020-03-24 05:32:06.708708	u/Femelephant	flcqg6w	u/117_Sins	flclqgh	C
2020-03-24 05:32:27.595354	u/WoundedDragon6931	flcqgpj	u/A2X-iZED	flcnt7k	C
2020-03-24 05:32:34.297614	u/MemesAndBlunts	flcqgt7	u/converter-bot	flcqep3	C
2020-03-24 05:32:37.804744	u/XavMan53	flcqguo	u/smoll_boi_fire	flcqg96	C
2020-03-24 05:32:44.353417	u/tomfreah	flcqgxj	u/Micah_Bell_is_dead	flcpv51	C
2020-03-24 05:33:15.987176	u/yohan_n	flcqhmv	u/DM_If_Feeling_Sad	flcjpoo	C
2020-03-24 05:33:45.627824	u/nailpolska	flcqi4q	u/RepostSleuthBot	flcqfpm	C
2020-03-24 05:33:47.758399	u/OlleBolle96	flcqi6k	u/PoodleTheDoodle	flcpvht	C
2020-03-24 05:33:56.812892	u/BaizlGaming-2	flcqig9	u/mkabvims	flcpz0v	C
2020-03-24 05:34:00.017478	u/I-Like-Your-Moves	flcqih1	u/I-Hate-Suppositories	flccfix	C
2020-03-24 05:34:03.260046	u/BackToTopic	flcqiia	u/Haarrrri	flcjrf5	C
2020-03-24 05:34:11.281807	u/Extreem13	flcqin6	u/megawolfr	flcja7p	C
2020-03-24 05:34:18.855608	u/Kryptografik	flcqiud	u/BeNbUcKToO	flcbww3	C
2020-03-24 05:34:20.999801	u/awesome_pigy	flcqivr	u/gothboyclique999	flcp8db	C
2020-03-24 05:34:30.667116	u/Whonailinstalin	flcqj0e	u/Respect_Paying_Bot	flcqidk	C
2020-03-24 05:34:32.809470	u/TheCevi	flcqj0s	u/tessellationarium	flc8ssw	C
2020-03-24 05:34:52.946526	u/awesome_pigy	flcqjhr	u/xaviii_	flc086k	C
2020-03-24 05:35:30.064449	u/RustyRobin117	flcqkh1	u/JaydinoBoi	flcni2d	C
2020-03-24 05:35:48.277756	u/Ats_magi	flcqkwt	u/SupaSoakThatHoe	flc0qlh	C
2020-03-24 05:35:58.747932	u/arcadianheathen	flcql7n	u/InfamousManiac	flcksl5	C
2020-03-24 05:36:04.285669	u/gedeoste123	flcqlcp	u/ItalianJamal	flcqgd6	C
2020-03-24 05:36:09.466579	u/314311h3p41	flcqlfi	u/VekitheEthot	flcql6k	C
2020-03-24 05:36:23.813066	u/16-potatoes	flcqlk9	u/314311h3p41	flcqkrv	C
2020-03-24 05:36:30.431842	u/314311h3p41	flcqlpv	u/VekitheEthot	flcql6k	C
2020-03-24 05:36:32.362333	u/DaanDG1	flcqlq4	u/hi-im-a-human-being	flcqeks	C
2020-03-24 05:36:38.924669	u/Sold33r	flcqlua	u/roasted_0reo	flchevk	C
2020-03-24 05:36:55.380756	u/Lavaden	flcqm8u	u/Epic_Shronk207	flcol57	C
2020-03-24 05:36:58.976462	u/DeeperGroovesatLVL7	flcqmbw	u/TheRealPlayer3616	flcfw17	C
2020-03-24 05:37:04.602837	u/DaanDG1	flcqmg8	u/AutoModerator	flc8ewf	C
2020-03-24 05:37:06.420758	u/useless_idiot_man	flcqmh9	u/CryoAnt	flck7de	C
2020-03-24 05:37:17.718372	u/ProbablyMaybe69	flcqmnn	u/uncoded_decimal	flcq63k	C
2020-03-24 05:37:25.772247	u/zeroSkilla21	flcqn11	u/Ph4nt0m_Hydra1	flcpml8	C
2020-03-24 05:37:33.529552	u/useless_idiot_man	flcqnam	u/Richard_G_Obbler	flcj8pd	C
2020-03-24 05:37:39.673477	u/puggiepuggie	flcqnie	u/AJJJJJJJJJJJJ_Z	flc3uvn	C
2020-03-24 05:37:56.375940	u/RedHood290	flcqnn9	u/mae-hee-hee	flcqgqn	C
2020-03-24 05:37:59.628963	u/Cringe-God2	flcqnts	u/Miku018	flcpsp3	C
2020-03-24 05:38:03.692290	u/hanwohei	flcqnyt	u/Toxic_deadeye	flcq6gc	C
2020-03-24 05:38:13.204528	u/abiggj	flcqo7v	u/gigdygigidydoo	flcokfw	C
2020-03-24 05:38:43.869557	u/Status_Yesterday	flcqpal	u/flashyboy123	fo0hwz	S
2020-03-24 05:38:45.351160	u/shadowcyclon	flcqpau	u/fualtyzane	flb7nc4	C
2020-03-24 05:38:50.226323	u/Ayano_Himiko	flcqpda	u/dead_Dimmadome	flchuxi	C
2020-03-24 05:38:53.114356	u/HJ_is_cool	flcqpfi	u/packle-kackle	flcqnzl	C
2020-03-24 05:38:59.555897	u/Olivusiu	flcqpj6	u/SpaceWesus	flcq00j	C
2020-03-24 05:39:04.024777	u/HJ_is_cool	flcqpmj	u/packle-kackle	flcqnzl	C
2020-03-24 05:39:24.201456	u/tskank69	flcqq4i	u/mtga_n00b	flcoswo	C
2020-03-24 05:39:35.926130	u/RoCapBG	flcqqoe	u/CryoAnt	flck7de	C
2020-03-24 05:39:44.726846	u/letsinvadetheworld	flcqr12	u/gotchya12354	flb25xy	C
2020-03-24 05:39:47.997735	u/Id_frick_a_creeper	flcqr3r	u/winterh0und	flcqk9f	C
2020-03-24 05:39:49.964991	u/suhermansahid	flcqr4z	u/mae-hee-hee	flcqh9s	C
2020-03-24 05:39:56.423836	u/Jammy2560	flcqrk2	u/Son_of_Earthshaker	flcpulg	C
2020-03-24 05:40:20.681031	u/xerophiite	flcqs2m	u/AutoModerator	flcqos3	C
2020-03-24 05:40:33.323271	u/_Hyneik_	flcqs9a	u/tamerthefirst	flcq836	C
2020-03-24 05:40:37.931620	u/mematic51	flcqsej	u/AutoModerator	flcqf3f	C
2020-03-24 05:40:46.602952	u/protagonist107	flcqsmk	u/BonixoHD	flcqcxr	C
2020-03-24 05:40:51.304171	u/benlieng	flcqsov	u/ItsRylannnnnnn	flcpmuv	C
2020-03-24 05:40:59.652669	u/about6140ninjas	flcqss6	u/Idooogamers	flclklz	C
2020-03-24 05:41:09.020939	u/MR-T-BOI	flcqswa	u/AutoModerator	flcqos3	C
2020-03-24 05:41:19.528349	u/Dark_Kelta	flcqt6w	u/TheLordZee	flcqqdt	C
2020-03-24 05:42:05.551341	u/BigBrownBallsax	flcqua7	u/useless_idiot_man	flcqmh9	C
2020-03-24 05:42:13.794845	u/GunterGoo	flcqugu	u/MemesAndBlunts	flcqgt7	C
2020-03-24 05:42:48.735291	u/Karizu43	flcqv9a	u/RedditLightmode	flcqt4q	C
2020-03-24 05:42:51.948103	u/Sph1003	flcqvej	u/the_lone_Wolf45	flcgta1	C
2020-03-24 05:43:02.318802	u/1dae1	flcqvll	u/useless_idiot_man	flcqo0p	C
2020-03-24 05:43:15.196724	u/Tock_Sick_Man	flcqw1p	u/CryoAnt	flcq2la	C
2020-03-24 05:43:17.408181	u/Vodka_Warrior	flcqw24	u/RevengerWizard	flcouq7	C
2020-03-24 05:43:31.506556	u/samalot459	flcqwh9	u/Kilaondarun	flcl9uo	C
2020-03-24 05:44:03.368720	u/wet_pug	flcqx08	u/ArturPolskiNoob	flcq2xr	C
2020-03-24 05:44:07.506616	u/AMuzza	flcqx0x	u/reddit-emoji-police	flcoawe	C
2020-03-24 05:44:34.621993	u/Agame861	flcqxkx	u/Bold0ne	flcjy02	C
2020-03-24 05:44:43.958799	u/MasterminD-AD	flcqxte	u/Mongocom	flcqn72	C
2020-03-24 05:44:50.588945	u/nateblak	flcqxzi	u/theknownone849	flc00pe	C
2020-03-24 05:44:56.797791	u/awesomest_aditya	flcqy2p	u/gio-fan-12	flcq6da	C
2020-03-24 05:45:03.876717	u/Feltrax	flcqy8m	u/Lorenzo-J-P	flconrh	C
2020-03-24 05:45:12.064049	u/cathrn67	flcqyez	u/Wlayko_the_winner	flcpywq	C
2020-03-24 05:45:17.976845	u/BananaZeta	flcqyiv	u/ScottyBass251	flcqcke	C
2020-03-24 05:45:22.193328	u/potassium_kbye	flcqyjy	u/Anime_trashh	flcq93c	C
2020-03-24 05:45:26.564462	u/AJ-K_7	flcqykp	u/VekitheEthot	flcqbzb	C
2020-03-24 05:45:28.597584	u/WanderingDraugr	flcqyky	u/UD_1680	fcu1o3z	C
2020-03-24 05:45:35.714348	u/PaPaShReKt	flcqys9	u/WhiteWolfSV	flcqwgt	C
2020-03-24 05:45:40.003926	u/your_typical_weaboo	flcqyva	u/reservior-puppies	flcbvxi	C
2020-03-24 05:45:46.497527	u/friendly80	flcqywa	u/AutoModerator	flcqos3	C
2020-03-24 05:45:55.933038	u/velopic	flcqz24	u/modsarebiggae	flcbc0k	C
2020-03-24 05:46:08.965742	u/youpviver	flcqzcm	u/CryoAnt	flck7de	C
2020-03-24 05:46:19.839480	u/PaPaShReKt	flcqzn3	u/WhiteWolfSV	flcqtkw	C
2020-03-24 05:46:29.550941	u/Emb3ror	flcqzwj	u/roasted_0reo	flck0cg	C
2020-03-24 05:46:33.522996	u/5avenger	flcqzz5	u/RepostSleuthBot	flcqfpm	C
2020-03-24 05:46:46.802496	u/PaPaShReKt	flcr05e	u/AutoModerator	flcqpv6	C
2020-03-24 05:46:48.696548	u/Mankie25	flcr05j	u/Extreem13	flcqin6	C
2020-03-24 05:47:10.090113	u/SpiritCHAAAN	flcr0kj	u/GulityClown	flbw2mv	C
2020-03-24 05:47:15.938584	u/Wwulven	flcr0nk	u/Karizu43	flcqv9a	C
2020-03-24 05:47:19.691083	u/johnyisme	flcr0q5	u/Cyber_af-lvly-	fl9k49e	C
2020-03-24 05:47:37.717790	u/g0ldf1s4	flcr13h	u/StupidAshMains	flcoir1	C
2020-03-24 05:47:42.168444	u/Aterior	flcr158	u/AK24ROCKS	flcqtyb	C
2020-03-24 05:48:18.375864	u/Armor_of_Thorns	flcr2bc	u/kepz3	flckl40	C
2020-03-24 05:48:24.378406	u/Mathis25082001	flcr2gz	u/SplffyAlex	flckz66	C
2020-03-24 05:48:38.287455	u/YaYeet69696969	flcr2lr	u/SharkTheMemelord	flcr14n	C
2020-03-24 05:48:40.611649	u/TFDUDE13	flcr2p6	u/another_qwerty_uwu	flcla3p	C
2020-03-24 05:48:46.226377	u/Adonis711	flcr2qm	u/Richard_G_Obbler	flcj8pd	C
2020-03-24 05:48:48.485837	u/SHOOTERNOOB	flcr2sc	u/YaYeet69696969	flcquhe	C
2020-03-24 05:48:53.100155	u/BOWSunny	flcr2wj	u/Elementz033	flcqzgf	C
2020-03-24 05:49:02.087957	u/m8uh8pp	flcr359	u/AutoModerator	flcqnfd	C
2020-03-24 05:49:04.986254	u/niko601	flcr38b	u/emmasdrogenbunker	flcqx1u	C
2020-03-24 05:49:08.818898	u/godreaperx15	flcr39n	u/abductedpeanut	flcnbwt	C
2020-03-24 05:49:44.680780	u/notboky	flcr4hb	u/offrythem	flcn4of	C
2020-03-24 05:50:20.119050	u/BikyC	flcr5xy	u/gamerwolf213	flcr3h6	C
2020-03-24 05:50:42.040966	u/Clownctr	flcr6dg	u/VibraniumDragonborn	fl5nrgn	C
2020-03-24 05:50:50.224220	u/skeletron233	flcr6np	u/Berungee	flcl1gm	C
2020-03-24 05:50:52.507652	u/g_gera	flcr6pe	u/sk1ll3ss	flcpe0t	C
2020-03-24 05:51:00.569254	u/TheCyberBeast	flcr6vb	u/Officer-RandyBobandy	flcdz0l	C
2020-03-24 05:51:06.668190	u/Dark129	flcr6zq	u/ItalianJamal	flcpnu0	C
2020-03-24 05:51:12.431703	u/30Daudend	flcr769	u/Kind-Pop	fl3zlqu	C
2020-03-24 05:51:27.383774	u/B0PPPP	flcr7h6	u/AetherBytes	flbyn3n	C
2020-03-24 05:51:32.042377	u/wolywolf	flcr7ix	u/Aveonick	flcq7sr	C
2020-03-24 05:51:42.528992	u/Beanster9886	flcr7pn	u/Memelord69the420th	flcqblg	C
2020-03-24 05:51:51.250733	u/eiroed23	flcr7xx	u/heloooa	flclele	C
2020-03-24 05:51:54.610004	u/shineychan	flcr7zb	u/BleachIF	flc9lwx	C
2020-03-24 05:52:16.093494	u/skshulk04	flcr8j2	u/LessConfidence	flcpdlx	C
2020-03-24 05:52:19.494467	u/alwaysworking05	flcr8j7	u/GunterGoo	flcq5ia	C
2020-03-24 05:52:40.457248	u/not-a-communist1992	flcr8ys	u/Wwulven	flcr0nk	C
2020-03-24 05:52:59.117233	u/lambchops-117	flcr97k	u/ScottyBass251	flcr6js	C
2020-03-24 05:53:16.168992	u/Huge-Review	flcr9fb	u/AutoModerator	flcqy2g	C
2020-03-24 05:53:23.290644	u/ZYXpE	flcr9mq	u/Potatotheooflord	fl5ewkn	C
2020-03-24 05:53:27.571373	u/_Well_Timed_Gimli_	flcr9qy	u/Dark129	flcr6zq	C
2020-03-24 05:53:49.791753	u/danrhysmorgan	flcra8l	u/Richard_G_Obbler	flcj8pd	C
2020-03-24 05:54:02.018112	u/malingeringGit	flcraiq	u/Foxicious_	flccbo6	C
2020-03-24 05:54:11.141801	u/JazzistBoi402	flcrapz	u/iagofever	flcq30a	C
2020-03-24 05:54:17.832751	u/Elliot0915	flcravu	u/XavMan53	flcr49c	C
2020-03-24 05:54:31.150021	u/IamNazib8103	flcrb8w	u/MEME-XD	flclv3j	C
2020-03-24 05:54:37.346485	u/LORDBOMBAF	flcrbke	u/Ehrgon	flcbwco	C
2020-03-24 05:54:56.957581	u/fatherakis	flcrc6f	u/AutoModerator	flcqos3	C
2020-03-24 05:55:03.052958	u/Wickly_29	flcrccb	u/ItalianJamal	flcqk6s	C
2020-03-24 05:55:24.286474	u/AndreewPFG123	flcrcn3	u/T0rn4do_	flcqpqm	C
2020-03-24 05:55:30.573305	u/jezza3137	flcrcr6	u/CJMighty0	flcqal5	C
2020-03-24 05:55:32.559130	u/AwkwardAutisticKido	flcrcrm	u/NotSomeSuggestedname	flcqfj1	C
2020-03-24 05:55:41.645812	u/DovahGato	flcrd08	u/Turtly_Turtle	flcpg7d	C
2020-03-24 05:55:45.654712	u/Pelusa__2	flcrd2s	u/StupidAshMains	flcoir1	C
2020-03-24 05:56:03.862571	u/mattoisacatto	flcrdk1	u/Officer-RandyBobandy	flcdgnb	C
2020-03-24 05:56:23.895055	u/Zane083838	flcre2t	u/Elementz033	flcrcdd	C
2020-03-24 05:56:26.767350	u/CraZe-CoBra-14	flcre5z	u/RealisticBlob	flcirvm	C
2020-03-24 05:56:40.498722	u/HurrayYouReadMyName	flcrenp	u/shaggyjonny	flcokb3	C
2020-03-24 05:56:46.151653	u/annoying-person-_-	flcrevh	u/AutoModerator	flc8ewf	C
2020-03-24 05:56:54.410767	u/Hans_H0rst	flcrf0a	u/kingkong200111	flcjtgf	C
2020-03-24 05:57:00.757154	u/Eclihpze44	flcrf37	u/Zuid-Nederland	flco7i8	C
2020-03-24 05:57:06.853909	u/Benni0099	flcrfa5	u/D-Celestial	flcqci1	C
2020-03-24 05:57:17.576413	u/NintyNine_	flcrfh1	u/Miku018	flcrdqb	C
2020-03-24 05:57:39.666838	u/no-posts-only-updoot	flcrgcz	u/packle-kackle	flcqz93	C
2020-03-24 05:57:49.473358	u/lukerox2004	flcrgq7	u/honalele	flbohr6	C
2020-03-24 05:57:51.193688	u/GUTSY-69	flcrgqq	u/Elementz033	flcrfgn	C
2020-03-24 05:57:55.487103	u/Grenotic	flcrgvr	u/not-a-communist1992	flcr8ys	C
2020-03-24 05:58:04.914409	u/NiceSunfla	flcrh3c	u/SplffyAlex	flckz66	C
2020-03-24 05:58:12.568472	u/randomusername1919	flcrh8v	u/KcDaRookie	flcojhn	C
2020-03-24 05:58:21.302935	u/rappelsap	flcrhno	u/skshulk04	flcr8j2	C
2020-03-24 05:58:27.926962	u/Dragena	flcrhs4	u/BleachIF	flc9lwx	C
2020-03-24 05:58:30.371021	u/Ninja-nun	flcrhtk	u/Wwulven	flcr0nk	C
2020-03-24 05:58:53.398972	u/benhateskpop73	flcrigr	u/abductedpeanut	flcnbwt	C
2020-03-24 05:58:57.888656	u/AzoxDark	flcrimv	u/Truuuliiim	flcrf12	C
2020-03-24 05:59:17.584458	u/ManiacZombie69	flcrjcv	u/IsuckAtFortnite434	flcqzz6	C
2020-03-24 05:59:22.610502	u/BertoLaDK	flcrjlt	u/MAGIC_EYE_BOT	flcrdfh	C
2020-03-24 05:59:29.572769	u/burt_tts	flcrjtc	u/IsuckAtFortnite434	flcqzr5	C
2020-03-24 05:59:36.197997	u/_cnz	flcrk01	u/Pandan_cakes	flcpg30	C
2020-03-24 05:59:40.113107	u/fixxer75	flcrk47	u/koniety	flavwif	C
2020-03-24 05:59:49.356684	u/YahBoiSomeGuy	flcrkfd	u/read_it0	flcrjrp	C
2020-03-24 05:59:51.890936	u/LeoRiptideSAO	flcrkiz	u/Lorenzo-J-P	flck5y0	C
2020-03-24 05:59:53.534368	u/Thornotodinson	flcrkpd	u/ItsNotARubiksCube	flcrkb0	C
2020-03-24 05:59:56.928496	u/Arnold190000	flcrkrk	u/IamNazib8103	flcrb8w	C
2020-03-24 05:59:57.866543	u/Milesio	flcrktc	u/alwaysworking05	flcr8j7	C
