2020-04-05 19:00:26.237907	u/harchindaro	fmjbmd2	u/chawy666	fmj4lgl	C
2020-04-05 19:00:37.207532	u/caesarstabbed	fmjbmsk	u/ILikeYellow15	fmj34vu	C
2020-04-05 19:00:58.147077	u/custumsnek2	fmjbnf0	u/Grenade_Pancake	fmj5n4d	C
2020-04-05 19:01:44.825973	u/LoganBryantAlex	fmjbpdi	u/coldsolidwater	fmj9y2j	C
2020-04-05 19:01:55.859731	u/DeCSM	fmjbpw3	u/monxlix	flzywuu	C
2020-04-05 19:02:34.288382	u/dangerdonny	fmjbrs4	u/LanceNovis	fmimzeq	C
2020-04-05 19:03:21.527236	u/Zeplinex49	fmjbtkw	u/S_b_c-25	fmj7t7e	C
2020-04-05 19:03:49.661131	u/ArTc_Scorpion	fmjbu8v	u/SickGangstaJacob	fmj1u7l	C
2020-04-05 19:03:54.853585	u/GenericShitGamer	fmjbufa	u/Googlefisch	fmjbove	C
2020-04-05 19:04:09.132500	u/Sexyfishspaghetti	fmjbus8	u/BattlNerd	fmj7i5o	C
2020-04-05 19:04:24.422533	u/timthegreenalien	fmjbvf9	u/Midsking	fmjbhho	C
2020-04-05 19:04:29.747597	u/AirNado28	fmjbw0y	u/CommunistAtheist	fmivbyc	C
2020-04-05 19:04:35.949720	u/IceCreamBalloons	fmjbw5q	u/Supernova-581	fmiqwof	C
2020-04-05 19:04:45.179048	u/Narwhal9Thousand	fmjbwir	u/dentedgal	fmfq73k	C
2020-04-05 19:04:50.204682	u/theguyyouforgotabout	fmjbwjw	u/Gnome_King1	fmj9vbp	C
2020-04-05 19:05:16.146571	u/EmmaDoesThings	fmjbxqa	u/lod254	fmja7sc	C
2020-04-05 19:05:33.463094	u/Atalkingpizzabox	fmjby5j	u/Sterling156	fmjbibw	C
2020-04-05 19:05:45.429943	u/BronzeCorner	fmjbygw	u/DarthVader7070	fmj3ukk	C
2020-04-05 19:06:01.328561	u/MVT3600	fmjbz45	u/jacobmakesmovies	fmj4v4a	C
2020-04-05 19:06:26.290960	u/xXBloody_GodXx	fmjbzwt	u/ethannn1	fmjbeqb	C
2020-04-05 19:06:41.920823	u/onii-chan_UwO	fmjc0n8	u/Gnome_King1	fmj9vbp	C
2020-04-05 19:06:47.130858	u/Black-Moose	fmjc0yf	u/jvalente80	fmjbsne	C
2020-04-05 19:06:52.524787	u/DON_CHERRYS_SUIT_GUY	fmjc19n	u/nitasn	fmiasz0	C
2020-04-05 19:07:01.884950	u/BoxOnWheels	fmjc1l8	u/thegreasiestofhawks	fmitz07	C
2020-04-05 19:07:27.391524	u/HappyMaskSalesman2	fmjc2jm	u/SniperRuufle	fmhja46	C
2020-04-05 19:08:36.674329	u/MemeMadddd	fmjc4sx	u/AdoskaCZ	fmjbyfb	C
2020-04-05 19:08:45.145826	u/rithfe	fmjc5be	u/TheToxicLogic	fmj74ep	C
2020-04-05 19:08:46.480549	u/Yayaet	fmjc5ff	u/redFinland	fmjbx1r	C
2020-04-05 19:08:59.967169	u/badasskumato	fmjc5zp	u/poopuss	fmix0ia	C
2020-04-05 19:09:14.912004	u/altiuscitiusfortius	fmjc6vr	u/ShabalabaBangbang	fminf7r	C
2020-04-05 19:09:17.499477	u/Alton637	fmjc6yz	u/iloveanimals1_1	fmir933	C
2020-04-05 19:09:43.015139	u/_SoVa	fmjc8o0	u/theguiltyflea	fmj5azj	C
2020-04-05 19:09:47.333400	u/EvilOnReddit	fmjc91w	u/D0UBLE-FAC3	fmjbowh	C
2020-04-05 19:09:55.645642	u/TomLAG78	fmjc9po	u/catzeatall	fmjbypx	C
2020-04-05 19:10:25.845070	u/VasilV24	fmjcbes	u/Voce42	fmjc4nr	C
2020-04-05 19:10:30.745086	u/CaelanGillon	fmjcbig	u/Pigpenlordofdirt	fmie4dy	C
2020-04-05 19:10:40.639977	u/RedTheHorseman	fmjcbup	u/RepostSleuthBot	fmj5efo	C
2020-04-05 19:11:55.317502	u/TheGreenIron	fmjcewk	u/I_bims_Amthor	fmicu0m	C
2020-04-05 19:11:57.596567	u/Theren5534	fmjcey7	u/modern_problems	fmiv0cz	C
2020-04-05 19:12:11.647612	u/BetterStrongerFatter	fmjcfg7	u/BlackVendaeta	fmhes0t	C
2020-04-05 19:12:33.024380	u/guywhoexistsonearth	fmjcgos	u/The-awesome-Logan	fmjccsv	C
2020-04-05 19:12:35.222551	u/yawaworhttonfoo	fmjcgpf	u/catzeatall	fmjbypx	C
2020-04-05 19:12:47.163167	u/GAMR_Reddit	fmjch10	u/benjipgs	fmjcenl	C
2020-04-05 19:12:50.763289	u/Rockhead700	fmjchbc	u/JackHarkN	fmj6d9k	C
2020-04-05 19:12:55.910413	u/curleyfry94	fmjchff	u/catzeatall	fmjbypx	C
2020-04-05 19:14:02.404979	u/Zhenya0k	fmjdxhl	u/Pleasant-Surprises	fmikjvc	C
2020-04-05 19:14:18.939412	u/sampamsambam	fmjdyap	u/TheMooderator	fmhx8tf	C
2020-04-05 19:14:26.145970	u/BlueTexasOverParadis	fmjdykp	u/Redleader4044	fmjcx4f	C
2020-04-05 19:14:35.473925	u/sonisko	fmjdyz1	u/antipop2097	fmiv9pc	C
2020-04-05 19:15:14.478727	u/Ubizwa	fmje09f	u/Quija5000	fmjdnvm	C
2020-04-05 19:15:24.318271	u/heymancoolshoesdude	fmje0i1	u/thegreasiestofhawks	fmitz07	C
2020-04-05 19:15:36.977585	u/T1M3Tim	fmje0ul	u/RepostSleuthBot	fmjcna7	C
2020-04-05 19:15:47.434871	u/stevethos	fmje1ac	u/WebSeeker101	fmitxff	C
2020-04-05 19:15:56.351720	u/RandyReal007	fmje1mc	u/howthefuckcan	fmi74u5	C
2020-04-05 19:16:05.466014	u/ivanavram	fmje1qo	u/JohnWickBoi69	fmivg56	C
2020-04-05 19:16:09.969126	u/VeryGoodKindSir	fmje21a	u/ItalianJamal	fmhkg2n	C
2020-04-05 19:16:41.960819	u/A_loyal_Comrade	fmje31f	u/NinjaDoge250	fmiwoww	C
2020-04-05 19:16:48.683040	u/PokeGamerCat	fmje36d	u/GulianoBanano	fmi6fgz	C
2020-04-05 19:16:58.959422	u/B4C0N8ER	fmje3md	u/Emperor_O_Memes	fmjdkx4	C
2020-04-05 19:17:00.950291	u/brgourd	fmje3mf	u/theautisticfrog	fmjank7	C
2020-04-05 19:17:16.738591	u/Edwax	fmje40d	u/MyJelloJiggles	fmia7hd	C
2020-04-05 19:17:38.242035	u/New-Nameless	fmje576	u/Pleasant-Surprises	fmikjvc	C
2020-04-05 19:17:45.115278	u/Lemon_Lord1	fmje5e6	u/RepostSleuthBot	fmjdtx0	C
2020-04-05 19:17:57.689550	u/Bottercot	fmje616	u/FairplaysGrandma	fmj8eyg	C
2020-04-05 19:18:34.744519	u/Kirbohydrate	fmje7ye	u/TheHellcatBandit	fmiukcl	C
2020-04-05 19:18:36.254612	u/dreynolds7232	fmje7zp	u/jackcabral90	fmj9nwy	C
2020-04-05 19:18:38.347463	u/sparky_bear89	fmje81o	u/Deadpools_Poodle	fmj5y35	C
2020-04-05 19:18:43.840096	u/sammyboy9696	fmje82p	u/theschmitty16	fmj3lr6	C
2020-04-05 19:18:48.390529	u/timelordoftheimpala	fmje8dq	u/JMacFlint	fmjbh01	C
2020-04-05 19:19:12.459190	u/blasterdude8	fmje9uh	u/Cactonio	fmjd29v	C
2020-04-05 19:19:14.636770	u/Moj21356	fmjeacr	u/RN_FADED	fmijjda	C
2020-04-05 19:19:31.738450	u/baking_soda_boi	fmjeb2b	u/Pleasant-Surprises	fmikjvc	C
2020-04-05 19:19:49.907713	u/FishCatMarshmallows	fmjebyr	u/just-a-simple-memer	fmj6wll	C
2020-04-05 19:19:52.656164	u/Dustpan_	fmjecg2	u/kloilt	fmjbtid	C
2020-04-05 19:20:32.228170	u/ZwiebelSoldat	fmjeeq2	u/Larry507	fmjd4zb	C
2020-04-05 19:21:38.997519	u/HauntedDestroyer	fmjegon	u/kdsiss	fmj94e8	C
2020-04-05 19:21:44.025166	u/Dyllon_Spicy	fmjeh0l	u/MyJelloJiggles	fmia7hd	C
2020-04-05 19:21:50.567324	u/Folkon_sama	fmjeh81	u/Cabnbeeschurgr	fmj97jo	C
2020-04-05 19:22:11.727524	u/george4446	fmjehvd	u/IceCreamBalloons	fmjc2gl	C
2020-04-05 19:22:18.530561	u/TheObliter8R	fmjehxi	u/GullibleZoomer	fmiysph	C
2020-04-05 19:22:28.680760	u/Plapadus	fmjeibf	u/ReySenate	fmj8z5u	C
2020-04-05 19:22:42.500060	u/coronaredpillwinemxr	fmjej1m	u/Carmondai03	fmj2md5	C
2020-04-05 19:23:11.130617	u/jaykidd369	fmjejzc	u/SaltLickBrain	fmjapzj	C
2020-04-05 19:23:13.312302	u/Layra_	fmjek04	u/Joe_who_is_yuri	fmje8qp	C
2020-04-05 19:23:50.111511	u/-_-Merlin-_-	fmjelqb	u/O_K__B_O_O_M_E_R	fmjecmb	C
2020-04-05 19:23:58.496221	u/L33T4TT3	fmjem09	u/BlackVendaeta	fmj1hy3	C
2020-04-05 19:24:11.330075	u/_Memeposter	fmjemhm	u/custumsnek2	fmjdoi8	C
2020-04-05 19:24:19.171686	u/Dropkickrj	fmjemoh	u/VarunPratap008	fmir3jp	C
2020-04-05 19:24:28.607953	u/NihilisticDozenaire	fmjen51	u/HrOkraWars	fmjeeqe	C
2020-04-05 19:24:37.923532	u/Hellothere200	fmjenih	u/Bik3rBoi	fmjdz13	C
2020-04-05 19:24:53.995754	u/drmanhattan10	fmjenrj	u/hackosn	fmfg9i1	C
2020-04-05 19:25:00.378469	u/SexyPencil69	fmjeo13	u/Just_a_spaghetti	fmhk66p	C
2020-04-05 19:25:08.081830	u/squirrellinawoolsock	fmjeo7h	u/ranjeet-k	fmj61l9	C
2020-04-05 19:25:16.180344	u/Davahzul_watchmen	fmjeok4	u/Flitwick87	fmjdswt	C
2020-04-05 19:25:42.052324	u/Zufero	fmjepcn	u/rinwashere	fmj87jz	C
2020-04-05 19:25:46.093685	u/Buncko	fmjeph4	u/baby-with-a-gun	fmiz2qe	C
2020-04-05 19:25:55.008261	u/trashburheds	fmjepuf	u/justwalkinby91	fmj5cr1	C
2020-04-05 19:26:11.563805	u/JackyDrayer	fmjeqq7	u/OrionUniv	fmjels1	C
2020-04-05 19:26:15.592929	u/Andrew15_5	fmjeqyc	u/AdoskaCZ	fmjeber	C
2020-04-05 19:26:36.809212	u/capoe01	fmjeru5	u/ChuckenAnKornSoop	fmjep8e	C
2020-04-05 19:26:45.430413	u/jonj69420	fmjesb8	u/frankendragula473	fmieh4q	C
2020-04-05 19:26:59.687485	u/JackyDrayer	fmjet83	u/BiggestNoobAlive	fmjept5	C
2020-04-05 19:27:03.976263	u/CaptainLevi0815	fmjeta8	u/skrewdriver13	fmiokwa	C
2020-04-05 19:27:13.741432	u/kalwar_jinx	fmjeti3	u/sam_774	fmhgf3e	C
2020-04-05 19:27:19.950156	u/Alreadyhhh	fmjettr	u/MonoBrauw11	fmjedrq	C
2020-04-05 19:27:49.115506	u/Coll_sonic	fmjevac	u/Pleasant-Surprises	fmikjvc	C
2020-04-05 19:29:00.256163	u/GeneralBoops	fmjez0q	u/ehgwdf	fmjd9fb	C
2020-04-05 19:29:33.134903	u/avya1	fmjf1oq	u/PHIA47	fm73gq3	C
2020-04-05 19:29:34.602346	u/DasFofinater	fmjf1vm	u/H3NT4I_1S_4RT	fmj8h01	C
2020-04-05 19:29:56.729489	u/GTXSpry	fmjf41c	u/g8rBfKn	fmjekwm	C
2020-04-05 19:30:05.147330	u/jamweeb	fmjf4oz	u/djjoshi69	fmemt4g	C
2020-04-05 19:30:08.909893	u/DiscoveryJourney	fmjf4rz	u/Spaijdrr	fmj7x8h	C
2020-04-05 19:30:14.982310	u/SomeGuyNamedLieM	fmjf4we	u/g3n3r4l_W	fmjed6y	C
2020-04-05 19:31:17.490382	u/mcr_is_not_dead	fmjf7az	u/not_a_ct	fmjentm	C
2020-04-05 19:31:26.760424	u/Korozuma	fmjf7jv	u/TheClevernickname	fmj6tye	C
2020-04-05 19:31:58.684781	u/diviags	fmjf8h8	u/metaaltheanimefan	fmilzb1	C
2020-04-05 19:32:55.387899	u/LateKP	fmjfb75	u/timelordoftheimpala	fmjetlk	C
2020-04-05 19:33:15.346561	u/fusudo1	fmjfc60	u/tree-steaks	fmjf78m	C
2020-04-05 19:33:30.467293	u/Nits_shnitz	fmjfcof	u/chazzelton94	fmje9bk	C
2020-04-05 19:33:49.776004	u/BoschDraws	fmjfdmw	u/hoagy44	fmj1zh6	C
2020-04-05 19:34:04.549052	u/QuesoPapIO	fmjfeek	u/luca01d	fmjfctk	C
2020-04-05 19:34:28.472643	u/Nitr3xx	fmjffbh	u/throwie66642069	fmjfal9	C
2020-04-05 19:34:31.439184	u/Clawmaster13	fmjffia	u/DarthNahsi	fmj85uf	C
2020-04-05 19:34:35.571575	u/King_Hoodie	fmjffrm	u/RepostSleuthBot	fmjchn1	C
2020-04-05 19:34:42.560071	u/Em0nsterr	fmjffzt	u/victoriaa-	fmjevdw	C
2020-04-05 19:34:55.040480	u/jexioyt	fmjfgo7	u/frankendragula473	fmieh4q	C
2020-04-05 19:34:57.130270	u/Triple6Des	fmjfgoe	u/ranjeet-k	fmj61l9	C
2020-04-05 19:35:27.497906	u/yallsomenerds	fmjfhr6	u/Orwellian-Noodle	fmj32gm	C
2020-04-05 19:35:32.522320	u/cestletempoducorona	fmjfi51	u/debsim	fmj0tfd	C
2020-04-05 19:36:00.277835	u/benusberg	fmjfj9s	u/BioFire101	fmjfh5s	C
2020-04-05 19:36:02.290179	u/Alita_03	fmjfjmt	u/Renzisan	fmjfd4u	C
2020-04-05 19:36:22.009951	u/LilP1xel	fmjfkjn	u/Mang0s-Man	fmhi92j	C
2020-04-05 19:36:31.189115	u/bike46	fmjfksl	u/a_fadora_trickster	fmj344v	C
2020-04-05 19:36:36.748333	u/Luck_Lack	fmjfl6k	u/lettuce_umberella	fmjf844	C
2020-04-05 19:36:53.769194	u/cbrown841	fmjflt6	u/timurrello	fmim7z5	C
2020-04-05 19:36:55.642412	u/ayatrollahh	fmjflv0	u/REEEEEvolution	fmjb6gu	C
2020-04-05 19:36:57.604692	u/Takenobou	fmjflv2	u/Googlefisch	fmjbove	C
2020-04-05 19:37:08.811353	u/420btch	fmjfmjb	u/FadedDonkey	fmjffzr	C
2020-04-05 19:37:14.921388	u/GameFanatic25K	fmjfn07	u/Emperor_O_Memes	fmiqrby	C
2020-04-05 19:37:35.427366	u/rotchazben	fmjfnex	u/redFinland	fmjcldn	C
2020-04-05 19:37:38.788440	u/That_Boi_Link	fmjfniq	u/KJ86er	fmjdk28	C
2020-04-05 19:38:08.836804	u/Rainbowslinkyy	fmjfpdz	u/mattoisacatto	fmj4w6m	C
2020-04-05 19:38:45.756755	u/KyleIsAGod1987	fmjfr34	u/420btch	fmjfmjb	C
2020-04-05 19:38:51.947247	u/weird_dk	fmjfrbc	u/SmoothOperator89	fmj87g7	C
2020-04-05 19:39:00.826323	u/Liquidmelon3105	fmjfs2v	u/hoagy44	fmj1zh6	C
2020-04-05 19:39:19.690517	u/TheWolfbaneBlooms	fmjftic	u/Breadfruit123	fmjaa21	C
2020-04-05 19:39:41.687542	u/Jay_Walker_Lightning	fmjfvap	u/BH-vHunter	fmjed3k	C
2020-04-05 19:39:59.285461	u/Wrath_of_the_Phoenix	fmjfwx2	u/Emperor_O_Memes	fmjd60x	C
2020-04-05 19:40:00.534377	u/bt812	fmjfx8d	u/The_Radioactive_Rat	fmhbxgm	C
2020-04-05 19:40:06.022772	u/justanothergamergod	fmjfxdc	u/poopuss	fmix0ia	C
2020-04-05 19:41:44.197798	u/FrequentPanda	fmjg17i	u/Principatus	fmje1nj	C
2020-04-05 19:41:56.574957	u/thevisitoryt	fmjg1kf	u/Davahzul_watchmen	fmjepsu	C
2020-04-05 19:42:30.365839	u/Walrus_goo_goo_gjoob	fmjg2ja	u/The_Robot_Uprising	fmjg0ia	C
2020-04-05 19:42:47.629385	u/haha-funny-user	fmjg3n3	u/Traceyt715	fmj8xw3	C
2020-04-05 19:42:59.810120	u/GoOdGaMeR223	fmjg46u	u/modern_problems	fmiuiec	C
2020-04-05 19:43:33.018247	u/stevolasvegas	fmjg5cm	u/Lionoras	fmj63i4	C
2020-04-05 19:43:51.289022	u/Kayak321	fmjg6j8	u/imagrasshopperlmao	fmj7kbc	C
2020-04-05 19:44:02.814815	u/v8_kllr	fmjg728	u/LHALST	fmjfzrc	C
2020-04-05 19:44:04.973177	u/abocadorollz	fmjg77m	u/fishyphoenix25	fmjbrvn	C
2020-04-05 19:44:27.030525	u/dafuqyouthotthiswas	fmjg86p	u/AllergicToStabWounds	fmir3r8	C
2020-04-05 19:44:31.163497	u/HelpfullFerret	fmjg8in	u/Emergency_Paperclip	fmj2jnn	C
2020-04-05 19:44:45.684379	u/weastpoint	fmjg9bt	u/DemigodInRavenclaw	fmjfuwc	C
2020-04-05 19:45:03.738720	u/lmariealex	fmjgank	u/Hu_M	fmjbele	C
2020-04-05 19:45:14.350268	u/SublimeGuy394	fmjgb66	u/FloatingMeat	fmis94f	C
2020-04-05 19:45:22.026051	u/TyTv	fmjgbee	u/Yugthffhhdgcfg	fmjg48s	C
2020-04-05 19:46:07.408544	u/MF_Syde	fmjge3n	u/Billy_T_Wierd	fmjek9z	C
2020-04-05 19:46:46.382422	u/FlyingSpanishFlu	fmjggfn	u/ThisIsItChief-	fmjfg1q	C
2020-04-05 19:47:16.966516	u/jakec2019	fmjghvx	u/poopuss	fmix0ia	C
2020-04-05 19:47:22.776689	u/uomar8	fmjgi38	u/Papa_kAaPpA	fmjfckt	C
2020-04-05 19:47:41.264202	u/Cgrivas	fmjgizq	u/craggthedestroyer	fmj5d0x	C
2020-04-05 19:47:44.456925	u/TheDerpyDrummer	fmjgj1o	u/ehgwdf	fmj1e8d	C
2020-04-05 19:47:46.218536	u/BigYeetus2	fmjgj49	u/InfernoDeesus	fmjagkm	C
2020-04-05 19:48:47.956306	u/rtic_bear	fmjgmqt	u/Flabbypuff	fmjal3w	C
2020-04-05 19:48:51.324989	u/EL33T_YT	fmjgn2r	u/soobledoo	fmjg6u0	C
2020-04-05 19:48:54.978730	u/ForgetMeNot01	fmjgndx	u/dhdndjdhh	fmin9al	C
2020-04-05 19:49:09.632320	u/Gandee_	fmjgok5	u/CuteNinja1	fmijdfz	C
2020-04-05 19:49:16.738001	u/Iwan72	fmjgpcg	u/ThisCamDabs	fmj3tn0	C
2020-04-05 19:49:33.011648	u/Ilovedogsalot42069	fmjgqjk	u/ttiscool55	fvnw48	S
2020-04-05 19:49:50.418935	u/YourMomsThirdBoob	fmjgs0l	u/UltimaBahamut93	fmig8qd	C
2020-04-05 19:49:55.622761	u/TheRealEdgyBoi	fmjgsht	u/Jacnoov	fmj86qt	C
2020-04-05 19:51:04.754468	u/Schaijkson	fmjgvc4	u/Yeet_Master420	fmjf223	C
2020-04-05 19:51:23.215672	u/camping6464	fmjgw8w	u/Swagboi7	fmj6e7p	C
2020-04-05 19:51:28.865602	u/yamaia	fmjgwjp	u/sleppy69	fmik44a	C
2020-04-05 19:51:33.121697	u/icelandicboii	fmjgwk4	u/Aadi-K	fmj5gm3	C
2020-04-05 19:51:38.954059	u/Bolish_Boy	fmjgwrt	u/NoobMaster69com	fmj6gzr	C
2020-04-05 19:51:43.515336	u/BustyCrustaceans011	fmjgwvv	u/MegaGrimer	fmjaohm	C
2020-04-05 19:52:15.627742	u/mindyourtongueboi	fmjgyuj	u/notkhaos	fmiymwo	C
2020-04-05 19:52:24.518993	u/Jeffreymark	fmjgz9w	u/JazzistBoi402	fmilyn3	C
2020-04-05 19:52:30.411034	u/glitch0921	fmjgzim	u/Alreadyhhh	fmjfv8n	C
2020-04-05 19:53:11.564465	u/TommyGonzo	fmjh0fx	u/UsedSoda	fmjguen	C
2020-04-05 19:53:36.354558	u/souch_cofa	fmjh1rm	u/Afonsoktano	fmegiue	C
2020-04-05 19:53:44.138020	u/runz_with_waves	fmjh21h	u/Deppresedboy	fmjfwrb	C
2020-04-05 19:54:22.915409	u/ScroheTumhaire	fmjh44y	u/nillerwafer	fmj9hne	C
2020-04-05 19:55:19.549622	u/Imkindofslow	fmjh6wg	u/lmariealex	fmj5hrr	C
2020-04-05 19:55:28.403985	u/Diggs4MVP	fmjh74b	u/YeetusMcSkeetus69420	fmjgtgp	C
2020-04-05 19:55:37.645094	u/JoonerTheSpooner	fmjh7fz	u/ZukusCatHeaven_Art	fmizevc	C
2020-04-05 19:56:04.923384	u/SnakeMichael	fmjh88s	u/Username-Taken-01	fmij5m0	C
2020-04-05 19:56:16.542458	u/ALISONRATA	fmjh8qe	u/Skunko	fmjdi43	C
2020-04-05 19:56:41.679488	u/N0VASparr0w	fmjh9oh	u/d4rk_fusion	fvfqfv	S
2020-04-05 19:56:49.060402	u/D64988	fmjh9wu	u/IllustriousInterest8	fmjggov	C
2020-04-05 19:57:01.117349	u/Rick-Astley420	fmjhap0	u/Diggs4MVP	fmjh8o0	C
2020-04-05 19:57:11.669191	u/JayGatsby1832	fmjhb0a	u/BassIsEpico	fmj4h9z	C
2020-04-05 19:57:16.527545	u/Tophergamingphd	fmjhb71	u/Team_Pocket_Leader_	fmjh99u	C
2020-04-05 19:57:41.610620	u/garry7777	fmjhcef	u/idontlikebaddrivers	fmjcpar	C
2020-04-05 19:57:52.437301	u/Usernamechecksout92	fmjhcsd	u/LoliGayTrap	fmjh8ig	C
2020-04-05 19:58:42.890336	u/Sansthepenguin74	fmjhfsi	u/TruthSeekingEye	fmjh34k	C
2020-04-05 19:59:09.067239	u/HyperNova314	fmjhh6f	u/Yeet_Master420	fmjf223	C
2020-04-05 19:59:28.346013	u/Tencommandmentsnambo	fmjhi9j	u/Sophie2515	fmj1x7r	C
2020-04-05 19:59:50.810209	u/TheHigherAesir	fmjhk77	u/JackyDrayer	fmjhcoe	C
2020-04-05 19:59:51.942414	u/Bruhman215	fmjhk80	u/LoliGayTrap	fmjh8ig	C
