2020-04-05 18:00:14.649532	u/lel_Yoora	fmj55e0	u/Math850y	fmj24j3	C
2020-04-05 18:00:24.716427	u/Yairkoch12	fmj55zx	u/FlownInFromMissouri	fmj50z5	C
2020-04-05 18:00:50.968294	u/ozziemanjr	fmj56wh	u/Gubq	fl5lyk4	C
2020-04-05 18:01:00.044886	u/ZoqfotWasTaken	fmj575p	u/eVillain13	fmirijs	C
2020-04-05 18:01:15.926665	u/y-fella	fmj57ht	u/Grevious__	fmivc8q	C
2020-04-05 18:01:35.577720	u/PointlessPoem	fmj589g	u/Nagirdnal	fmj4is0	C
2020-04-05 18:02:00.016961	u/bonfireball	fmj597u	u/StarManOMG	fmiuwcy	C
2020-04-05 18:02:11.201320	u/Highser	fmj59ph	u/M0binsChild	fmj1ika	C
2020-04-05 18:02:44.782275	u/KillerBee41265	fmj6mlk	u/RepostSleuthBot	fmj1o5l	C
2020-04-05 18:03:06.956176	u/SideStreetSoldier	fmj6ndo	u/Terrabade	fmj4sgo	C
2020-04-05 18:03:26.711819	u/voxxNihili	fmj6oct	u/idris_spetal	fmj36z5	C
2020-04-05 18:03:42.338652	u/hades_fire	fmj6p5z	u/SampleTexDoggo	fmizfbg	C
2020-04-05 18:04:00.315962	u/artjbroz	fmj6pjy	u/V_da_Gr8	fmhwfu0	C
2020-04-05 18:04:02.473890	u/Potterhead13666	fmj6plt	u/KosmoKale	fmj5fo4	C
2020-04-05 18:04:44.278219	u/ma7mouud	fmj6r83	u/andrezay517	fmj6fv6	C
2020-04-05 18:04:54.950062	u/Azul_OfRavenclaw	fmj6rid	u/WeirdCatto	fmj6jl8	C
2020-04-05 18:05:13.205080	u/KurwaBoy	fmj6s86	u/Efka148	fmil2qm	C
2020-04-05 18:05:43.388907	u/SaltySyltx	fmj6tft	u/RepulsivePurchase6	fmijs9b	C
2020-04-05 18:05:54.644379	u/prime1000000	fmj6tzx	u/personalbilko	fmj2mt7	C
2020-04-05 18:06:06.143153	u/freshprinceofbtown	fmj6ul8	u/DavidRobertsReddit	fmiie89	C
2020-04-05 18:06:10.716697	u/rev00ver	fmj6uo0	u/AcadianNich	fmj38ye	C
2020-04-05 18:06:28.633133	u/TooGoood	fmj6v81	u/Deadpools_Poodle	fmj5y35	C
2020-04-05 18:06:31.519875	u/ofcr_Friendly	fmj6vcs	u/Nud3Elit3	fmhxhyg	C
2020-04-05 18:06:39.824865	u/cheesecomesfromfish	fmj6vrw	u/memeyboioffical	fmj6tic	C
2020-04-05 18:06:42.437256	u/DialoxX	fmj6vy3	u/TheMightyBeak376	fmifd4s	C
2020-04-05 18:07:03.501473	u/just-a-simple-memer	fmj6wll	u/XB2006	fmixsxv	C
2020-04-05 18:07:10.947456	u/bandtrash_ands	fmj6wwo	u/Nuclear_001	fmipxmk	C
2020-04-05 18:07:19.664887	u/dzertus	fmj6xa9	u/jimmydcriket	fmihngv	C
2020-04-05 18:07:23.050987	u/professor-splash	fmj6xeq	u/Potato_ch1pz	fmj6he2	C
2020-04-05 18:07:38.768939	u/macnick79	fmj6xz3	u/DanimalPlays	fmj56dm	C
2020-04-05 18:07:47.245873	u/FrickingPenguin	fmj6ysh	u/Benneck123	fmj4vuu	C
2020-04-05 18:08:13.408132	u/ryanhcaldwell	fmj6zsk	u/MicahSlash	fmj5kir	C
2020-04-05 18:08:15.009225	u/RhawenKuro	fmj6zsy	u/i-like-to-be-wooshed	fmj41j9	C
2020-04-05 18:08:19.554860	u/ThackerOpinions	fmj703c	u/MAD-SKIES	fmj0y8i	C
2020-04-05 18:08:31.009407	u/macymillmall	fmj710s	u/IDontHaveAName99	fmhdoi8	C
2020-04-05 18:08:33.153653	u/penis-weenis	fmj712p	u/DodoNoobLord	fmiq2jw	C
2020-04-05 18:08:36.683648	u/chaos59684	fmj715l	u/BOSS_Master7000	fmiz16t	C
2020-04-05 18:08:55.131493	u/BLAZEtms	fmj72cm	u/WebSeeker101	fmi59hi	C
2020-04-05 18:09:00.460689	u/MyloLongTail	fmj72kj	u/ItsNethHd	fmiybs1	C
2020-04-05 18:09:10.017663	u/Weegee_1	fmj7301	u/CryoDemise	fmiouai	C
2020-04-05 18:09:19.599255	u/Jotaro__-Kujo	fmj73bd	u/W0lff3	fmj6r72	C
2020-04-05 18:09:32.592678	u/Tezrion	fmj7417	u/rndmzr153	fmj71li	C
2020-04-05 18:09:44.998731	u/Daggerin	fmj74o8	u/macnick79	fmj6xz3	C
2020-04-05 18:09:57.963506	u/atilahunt	fmj75m5	u/morlada_1	fmj5abt	C
2020-04-05 18:10:30.415678	u/Cat-Who-Wants-Cactus	fmj76zj	u/xXEragonTheEldestXx	fmj5guz	C
2020-04-05 18:10:33.931354	u/HappyPossum1	fmj774m	u/liam_arnold	fmj1gms	C
2020-04-05 18:11:02.035301	u/BigBoi7274	fmj77wc	u/I_Am_The_DrawerTable	fmj4urg	C
2020-04-05 18:11:35.066738	u/ER11CKK	fmj797b	u/dylpickle4	fmj5jmn	C
2020-04-05 18:11:52.724350	u/Nuclear1562	fmj79u7	u/razer_fishstick	fmj5unt	C
2020-04-05 18:13:04.527562	u/dthompson96	fmj7cci	u/duckduckshmo	fmj6zk5	C
2020-04-05 18:13:18.668477	u/Aquos18	fmj7co2	u/lexvi1	fmj798h	C
2020-04-05 18:13:40.922567	u/Unclestumpy0707	fmj7db6	u/Olivezeus1	fmj4nti	C
2020-04-05 18:13:46.876558	u/timmy-long	fmj7df0	u/BattlNerd	fmj73mm	C
2020-04-05 18:14:19.664907	u/IAmAddictedToHentai	fmj7e5z	u/Itchy-Scrotum	fmj6uqs	C
2020-04-05 18:14:34.585504	u/ifdhjekekfn-	fmj7efj	u/rndmzr153	fmj5rw7	C
2020-04-05 18:14:37.978166	u/CorbiOnOw	fmj7eh8	u/hoagy44	fmj1zh6	C
2020-04-05 18:14:47.972301	u/hmmmmmmmmmmmms	fmj7epr	u/tehlynxx	fmixkug	C
2020-04-05 18:14:54.434875	u/titlestaken	fmj7euf	u/AcadianNich	fmj3m4x	C
2020-04-05 18:15:37.902311	u/Hodorhohodor	fmj7fyu	u/Ariera226	fmhtn7a	C
2020-04-05 18:16:35.037716	u/halfasian-bruh	fmj7hb1	u/AllergicToStabWounds	fmir3r8	C
2020-04-05 18:16:45.999885	u/ZiggyPox	fmj7hou	u/The1stmadman	fmj6obv	C
2020-04-05 18:17:15.463982	u/Leich27	fmj7ie3	u/craggthedestroyer	fmj5d0x	C
2020-04-05 18:18:38.539985	u/JadeLilith94	fmj7lk1	u/Vord_Loldemort_7	fmiozjz	C
2020-04-05 18:18:46.101040	u/xX-GalaxSpace-Xx	fmj7lsu	u/RepostSleuthBot	fmj23eh	C
2020-04-05 18:19:05.590094	u/chauchowchao	fmj7mi5	u/TickleDuckFeathers	fmj46sh	C
2020-04-05 18:19:16.726874	u/_Nat_10_	fmj7n2b	u/sanicspeed2743	fmixxv4	C
2020-04-05 18:19:20.379996	u/CornDOdoubleG	fmj7net	u/Orwellian-Noodle	fmj32gm	C
2020-04-05 18:19:22.441700	u/devilwopo	fmj7nn4	u/grunge4hire	fmikt6b	C
2020-04-05 18:19:27.189903	u/atomicspiderpig	fmj7o6b	u/Dirtiestyoda	fmj70v2	C
2020-04-05 18:19:28.379005	u/HoopHereIAm	fmj7o6q	u/semusama	fmigzr3	C
2020-04-05 18:19:34.087044	u/Relaxolotl09	fmj7ogu	u/thekeenspartan	fmik3qg	C
2020-04-05 18:19:53.487636	u/PoliticalWeeb	fmj7pyj	u/LadyLevia	fmj6k0x	C
2020-04-05 18:19:58.556565	u/RandomPerson975	fmj7qz5	u/ZukusCatHeaven_Art	fmiz9u6	C
2020-04-05 18:20:41.938209	u/subthebub	fmj7t55	u/TheUserGoesHere	fmj76gf	C
2020-04-05 18:20:56.788031	u/twa953	fmj7td7	u/CoolButBoring	fmj3e4w	C
2020-04-05 18:21:06.080367	u/burndtdan	fmj7tp5	u/f3lhorn	fmj6lxt	C
2020-04-05 18:21:18.751005	u/Silver-RG-B	fmj7two	u/dhdndjdhh	fmil3ik	C
2020-04-05 18:21:34.088042	u/jcd__	fmj7ulq	u/God12321	fmj7d2t	C
2020-04-05 18:21:49.518443	u/Mynx_the_Jynx	fmj7v4b	u/TheBepo	fmj6a91	C
2020-04-05 18:22:16.675676	u/Scaraboy13	fmj7w2v	u/notkhaos	fmj64fn	C
2020-04-05 18:22:31.211710	u/StaleHamSandwiches	fmj7wfs	u/Joes_Reddit_acount	fmj4qvn	C
2020-04-05 18:23:05.953481	u/Rychew_	fmj7x8u	u/Username-Taken-01	fmiiwx9	C
2020-04-05 18:23:15.986332	u/Callomere	fmj7xf1	u/JadeLilith94	fmj7lk1	C
2020-04-05 18:23:48.005249	u/struggleingwithnames	fmj7yuo	u/fakeboom	fmizz77	C
2020-04-05 18:24:10.338040	u/jaydubyastar12	fmj7zhe	u/TheClevernickname	fmj6tye	C
2020-04-05 18:24:37.490434	u/huib_der_kinderen	fmj80h2	u/Imtinyrick22	fmi8h2w	C
2020-04-05 18:24:48.690962	u/2007progamer	fmj814n	u/dopeapp029	fmimxhc	C
2020-04-05 18:24:54.710770	u/MangarineDandy	fmj81di	u/Lord_Mazz	fvenj0	S
2020-04-05 18:25:14.616836	u/Mila_Prime	fmj81wd	u/brodzz8	fmj6ja3	C
2020-04-05 18:25:24.442996	u/Tito497	fmj826w	u/DodoNoobLord	fmiq2jw	C
2020-04-05 18:25:27.507412	u/cxtebrxdy	fmj827q	u/yellowrichi	fmix1by	C
2020-04-05 18:25:42.883166	u/imGonnaDieNow	fmj82nj	u/The-Brawl-Shark	fmii0ka	C
2020-04-05 18:25:44.815255	u/onionboy83	fmj82o9	u/jimmytwo3	fmj7iau	C
2020-04-05 18:26:16.262489	u/Meiso1	fmj83un	u/dontbeshyputsomem0re	fmj7gre	C
2020-04-05 18:26:36.816150	u/Aquos18	fmj84n9	u/lexvi1	fmj7pnv	C
2020-04-05 18:26:38.587777	u/shoe_size_scissor	fmj84nx	u/lexvi1	fmj7pnv	C
2020-04-05 18:26:53.325046	u/i6xine	fmj859n	u/yellowrichi	fmix1by	C
2020-04-05 18:26:55.167818	u/dogballtaster	fmj85ar	u/prime1000000	fmj7u7g	C
2020-04-05 18:27:18.638752	u/DarthNahsi	fmj85uf	u/Crippledchariot	fmiyqbk	C
2020-04-05 18:27:20.348667	u/eholmes518	fmj85vz	u/personalbilko	fmj2mt7	C
2020-04-05 18:27:34.642045	u/TheJakYak	fmj86h3	u/Xeaqhua	fmj3r3h	C
2020-04-05 18:27:44.262798	u/subscorpion9	fmj86v8	u/mistermuesli	fmj82w3	C
2020-04-05 18:28:05.737435	u/CJ_Productions	fmj87ch	u/FluffyTeddid	fmj1yzs	C
2020-04-05 18:28:07.334113	u/rottinaim	fmj87cz	u/AredEagle15	fmj5t6r	C
2020-04-05 18:28:09.653859	u/S-pr-S-O	fmj87dg	u/BlyatChan	fmj4dtc	C
2020-04-05 18:28:11.205121	u/B-LUV777	fmj87ec	u/natopotatomusic	fmht8ia	C
2020-04-05 18:28:13.394493	u/rinwashere	fmj87jz	u/inslatafresca_	fmizzuh	C
2020-04-05 18:28:26.489974	u/theonepotato23	fmj889b	u/Di3redd3ad	fmj7p1c	C
2020-04-05 18:28:39.776085	u/Forcebender11	fmj88te	u/proud_conserv	fmiwx4a	C
2020-04-05 18:28:52.224402	u/someone_odd	fmj8982	u/God12321	fmj7d2t	C
2020-04-05 18:29:04.286126	u/someone_odd	fmj89lp	u/jcd__	fmj7ulq	C
2020-04-05 18:29:10.163085	u/jonraddd	fmj89x5	u/schn4uzer	fmj63gw	C
2020-04-05 18:29:18.132937	u/Physicslover01	fmj8a6p	u/espriminati	fmj73be	C
2020-04-05 18:29:24.237412	u/BraxtanPlayZ	fmj8akf	u/EighthCenturion	fmi8u67	C
2020-04-05 18:29:26.034688	u/Agata_Abbott	fmj8amj	u/StarfoxV11	fmiy1na	C
2020-04-05 18:29:34.376824	u/Andr0ximus	fmj8b0l	u/subthebub	fmj89io	C
2020-04-05 18:29:35.922827	u/follow_her_lantern	fmj8b38	u/Donte333	fmj7flq	C
2020-04-05 18:29:38.296684	u/HeliosX7	fmj8b44	u/Evolution-is-a-fact	fmj718h	C
2020-04-05 18:29:39.345251	u/McBrodoSwagins	fmj8b40	u/Scioto_	fmijukc	C
2020-04-05 18:29:41.834976	u/DarthRevanOrBane	fmj8b96	u/Potterhead13666	fmj6plt	C
2020-04-05 18:29:43.229455	u/20-Eoghan-03	fmj8bc5	u/timurrello	fmim7z5	C
2020-04-05 18:29:47.651204	u/Jeremie53	fmj8bpo	u/Jofe7	fmit9ca	C
2020-04-05 18:29:58.164015	u/cyndacyndaquill	fmj8c69	u/I_luv_memes_367	fmj0ujg	C
2020-04-05 18:30:00.631059	u/Abdang	fmj8c8w	u/ABessa3Ds	fmipxwy	C
2020-04-05 18:31:02.595227	u/JakenBakee	fmj8dpr	u/Marbinyum	fmj4h3i	C
2020-04-05 18:31:14.026323	u/labboud123	fmj8e5c	u/candycornbarkingdeer	fmif739	C
2020-04-05 18:31:28.242614	u/ZurgoHM	fmj8ene	u/_B0mby_	fmj8cs7	C
2020-04-05 18:31:44.116881	u/FairplaysGrandma	fmj8eyg	u/turtle-mania	fmj85il	C
2020-04-05 18:32:52.869994	u/Blakewhizz	fmj8gsb	u/AllergicToStabWounds	fmir3r8	C
2020-04-05 18:32:57.902368	u/Abnormally_Strange	fmj8gxl	u/Respect_Paying_Bot	fmj8dj2	C
2020-04-05 18:33:16.055497	u/SamaK_	fmj9rzs	u/nazariinstar	fmiwnsa	C
2020-04-05 18:33:22.799083	u/anal_powder	fmj9s2c	u/yousosus	fmj9qh6	C
2020-04-05 18:33:25.848616	u/Flussen417	fmj9s2i	u/RepostSleuthBot	fmj654o	C
2020-04-05 18:33:42.558376	u/Einliterflasche	fmj9spp	u/Grindixer	fmj9pvu	C
2020-04-05 18:33:44.686140	u/DolphinInBlack	fmj9sri	u/Potterhead13666	fmiwe0o	C
2020-04-05 18:33:55.281715	u/Salty_Tofu_Dog	fmj9t43	u/Wcherry28	fmj9sd7	C
2020-04-05 18:33:59.389751	u/GoCommitDeathpacito_	fmj9t7b	u/mememaster69420911	fmj9dk6	C
2020-04-05 18:34:03.757998	u/BiggestNoobAlive	fmj9tfv	u/Salty_Tofu_Dog	fmj9p5h	C
2020-04-05 18:34:05.865930	u/Octavian1080	fmj9ti0	u/BattlNerd	fmj91q1	C
2020-04-05 18:34:16.676267	u/NotSirSloth	fmj9tym	u/Soviet_Russia521	fmiwrvt	C
2020-04-05 18:34:38.696256	u/SixPlatypus4027	fmj9ugt	u/Abnormally_Strange	fmj97r6	C
2020-04-05 18:34:40.754527	u/Terraintaker	fmj9uhq	u/timurrello	fmim7z5	C
2020-04-05 18:34:59.927138	u/Gnome_King1	fmj9vbp	u/Beaned_Oreo	fmj9jg7	C
2020-04-05 18:35:12.711225	u/Creambunz	fmj9vtm	u/NyoomNyoom656	fmizuen	C
2020-04-05 18:36:06.172647	u/kylerc734	fmj9y6x	u/pistolwinky	fmj9xlh	C
2020-04-05 18:36:38.888502	u/sl1878	fmj9zi8	u/Sertdemir	fmiymbt	C
2020-04-05 18:37:14.946012	u/fakeCap	fmja18v	u/guywithaairsoftgun	fmiqm7b	C
2020-04-05 18:37:17.675101	u/Qwertymagic651	fmja1bp	u/halfasian-bruh	fmj7dga	C
2020-04-05 18:37:45.224974	u/t-narg	fmja2e9	u/Meiso1	fmj83un	C
2020-04-05 18:39:21.230338	u/_bread_boi_	fmja75x	u/clonedname	fmj7ton	C
2020-04-05 18:39:46.107654	u/lolabrigida	fmja8sx	u/Animeisgaebruhment	fmiczyx	C
2020-04-05 18:39:50.600350	u/Boombabyfor333	fmja90a	u/mattoisacatto	fmj93sg	C
2020-04-05 18:39:54.575449	u/ilostdiamondsinmc	fmja9fo	u/TheToxicLogic	fmj74ep	C
2020-04-05 18:40:38.845672	u/btam05	fmjaba3	u/I_M_OUTATIME	fmix8x7	C
2020-04-05 18:40:54.608903	u/Roeland003	fmjabxu	u/RepostSleuthBot	fmio2n6	C
2020-04-05 18:41:46.557406	u/K12l30	fmjadf7	u/Gopalsingh1	fmikzzj	C
2020-04-05 18:42:11.036826	u/Possible-Tax	fmjae0m	u/TechnicalGamer8	fmiyxa4	C
2020-04-05 18:42:20.928172	u/lilskorack	fmjaeeo	u/Leifenstrab00	fmi75wm	C
2020-04-05 18:42:47.842152	u/_mellowbean_	fmjafh5	u/jcbref	fmj9ltb	C
2020-04-05 18:43:21.436391	u/InfernoDeesus	fmjagkm	u/modern_problems	fmiuiec	C
2020-04-05 18:43:34.100896	u/The_Illustrator_Girl	fmjagu7	u/TheSpaceMonkeyBro	fmj6c6i	C
2020-04-05 18:43:46.906792	u/justafuck2be	fmjah4x	u/Darthvader11700	fmhcujz	C
2020-04-05 18:44:09.357339	u/SaltLickBrain	fmjahmg	u/t-narg	fmja2e9	C
2020-04-05 18:44:15.874442	u/reddit-is-the-best1	fmjahwq	u/chaos59684	fmj715l	C
2020-04-05 18:44:20.068405	u/elchefeguapo	fmjai47	u/K1n6_arthur	fmiq4gg	C
2020-04-05 18:44:33.191633	u/Darkmiro	fmjai94	u/Cwittz	fmjaear	C
2020-04-05 18:44:44.532075	u/sarzd0828	fmjaikg	u/Abe-Bro-Ham	fmgn49c	C
2020-04-05 18:44:51.887370	u/LaryLob1250	fmjaj01	u/sevenstupid	fmja027	C
2020-04-05 18:44:56.170854	u/262_SturmVogel	fmjaj5f	u/PizzaTime1024	fmiqspm	C
2020-04-05 18:45:08.580599	u/antiantistonks	fmjajfq	u/GameChanger099	fmj7k4q	C
2020-04-05 18:45:50.263184	u/destronger	fmjakvx	u/ultraman7676	fmi1z67	C
2020-04-05 18:45:55.072721	u/Flabbypuff	fmjal3w	u/Darthvader11700	fmiw59y	C
2020-04-05 18:46:06.598768	u/ders89	fmjaljl	u/LincN	fmja19b	C
2020-04-05 18:46:11.032468	u/Fleischkrampf	fmjalo2	u/Seraphion91	fmj0u73	C
2020-04-05 18:46:19.821987	u/Romalj420	fmjam1y	u/shoe_size_scissor	fmj84nx	C
2020-04-05 18:47:02.716522	u/LunaFox45	fmjao5a	u/accuracy_frosty	fk42vw9	C
2020-04-05 18:47:07.570577	u/G3RM4N0WNZ	fmjao8r	u/StarManOMG	fmiuwcy	C
2020-04-05 18:47:10.188344	u/DatHorsebo1	fmjao9a	u/epilstee	fmj4hef	C
2020-04-05 18:47:23.258613	u/TheOnlyShyG	fmjaot8	u/_ThePaperball	fmiglnu	C
2020-04-05 18:47:30.899330	u/crqzybot	fmjap48	u/flutergay	fmid821	C
2020-04-05 18:47:36.795491	u/sofi_smartinez	fmjap8b	u/whitemencantjump1	fmir3ia	C
2020-04-05 18:47:53.984019	u/_salted_	fmjaq9b	u/SCPH5501	fmiz03j	C
2020-04-05 18:48:17.945888	u/Potato_Chips03	fmjar4a	u/throwie66642069	fmj8vgj	C
2020-04-05 18:48:47.804524	u/DamiankillsSinestro	fmjasrw	u/DispleasedSteve	fmiuzr4	C
2020-04-05 18:49:06.931649	u/Ihavebadreddit	fmjats1	u/brohemianrasputin	fmh8cbl	C
2020-04-05 18:49:10.152090	u/jrobbta	fmjatv1	u/reddit_justice_bitch	fmiwro8	C
2020-04-05 18:49:28.453782	u/TRUEHOOVY	fmjauwj	u/OrdinaryRedditor2	fmj9381	C
2020-04-05 18:49:31.680775	u/Desyroyer3604	fmjav5c	u/yeet_yo_woah	fmjarte	C
2020-04-05 18:49:38.887866	u/DragoWasTakenTwice	fmjavmb	u/Salty_Tofu_Dog	fmjajug	C
2020-04-05 18:49:52.595875	u/TheHangerMan	fmjawf8	u/OwlBoiy	fmja96p	C
2020-04-05 18:49:56.077617	u/uubuer	fmjawsd	u/Nerdy_Pasta	fmj8kom	C
2020-04-05 18:50:12.303474	u/lowtom145	fmjaxt5	u/Obese_Chungus	fmj382l	C
2020-04-05 18:50:25.345078	u/kateraal2	fmjay08	u/Spaijdrr	fmj7x8h	C
2020-04-05 18:50:34.000292	u/Bilou9	fmjaydo	u/FactWizard87	fmie0pg	C
2020-04-05 18:50:39.214059	u/Midsking	fmjaykr	u/nalyd1130	fmez1py	C
2020-04-05 18:50:51.753759	u/UghItsHilda	fmjayuc	u/Fleischkrampf	fmjasuw	C
2020-04-05 18:51:52.667817	u/SweetRanger7	fmjb0yj	u/theredditer27345	fmjayr1	C
2020-04-05 18:52:05.130720	u/Sartyhak_YT	fmjb1ah	u/LugyD1xd_ONE	fmjavl2	C
2020-04-05 18:53:04.353311	u/PitifulPack	fmjb2wg	u/just-a-fanboi	fmj7uam	C
2020-04-05 18:53:12.276401	u/i_lost_at_mcdonalds	fmjb382	u/RETROadvanced	fmizq94	C
2020-04-05 18:53:36.474846	u/Boiiiiiiiiiii22	fmjb3qi	u/fish_throw	fmf6hs9	C
2020-04-05 18:53:50.299718	u/cooldudeguy333	fmjb43g	u/galacticracedonkey	fmi5dop	C
2020-04-05 18:53:57.122977	u/D0UBLE-FAC3	fmjb467	u/dhdndjdhh	fmj39p2	C
2020-04-05 18:54:16.297223	u/Idontknow10304	fmjb4pf	u/JadeLilith94	fmj7lk1	C
2020-04-05 18:54:21.717112	u/randomuser33333333	fmjb4vh	u/Skunko	fmjaldw	C
2020-04-05 18:54:36.586824	u/Sophie2515	fmjb55p	u/tenaciousjoda	fmj4naj	C
2020-04-05 18:54:44.247081	u/Shoulderdeepfisting	fmjb5gm	u/Ryan8088	fl2jtge	C
2020-04-05 18:54:46.364803	u/kiriprin	fmjb5i0	u/dopeapp029	fmimhh4	C
2020-04-05 18:55:06.508110	u/JaqenYcar	fmjb6a1	u/I_Arkaneos_I	fmj4h7j	C
2020-04-05 18:55:27.520329	u/Lead_on_MacDuff	fmjb752	u/Freedom-Costs-Tax	fmj8k4o	C
2020-04-05 18:55:34.803231	u/PrimeMemeister	fmjb7cx	u/Gozertank	fmjb2dm	C
2020-04-05 18:55:37.531821	u/Tomplays507	fmjb7fq	u/ThePersonWhoComments	fmj7jh7	C
2020-04-05 18:55:58.598441	u/JawadWAhmed	fmjb8ip	u/Irrational-Charisma	fvmv9t	S
2020-04-05 18:56:04.449391	u/Skromoner	fmjb8lw	u/Freedom-Costs-Tax	fmj8k4o	C
2020-04-05 18:56:46.831790	u/MarinusT_0111	fmjba9l	u/GrizzlySherman	fmj92wu	C
2020-04-05 18:56:49.435454	u/yalikejazzkid	fmjbaik	u/Freedom-Costs-Tax	fmj8k4o	C
2020-04-05 18:57:11.685861	u/TonyStarkIV	fmjbbk1	u/Abnormally_Strange	fmj918a	C
2020-04-05 18:57:17.503796	u/NickJab415	fmjbbux	u/tacticalheadband	fmj8won	C
2020-04-05 18:57:19.257891	u/aiden_sla	fmjbbxb	u/Willhouse_Scream	fmj9079	C
2020-04-05 18:57:52.974682	u/xXKAIFXx	fmjbdl3	u/Spanish-Inquistion	fmjbca1	C
2020-04-05 18:58:11.994969	u/ReverseBuilder	fmjbeft	u/Abusing-Green	fmiumeb	C
2020-04-05 18:58:38.130538	u/therealJaiteh	fmjbfsq	u/RepostSleuthBot	fmj1scl	C
2020-04-05 18:58:42.281773	u/DarkChip02	fmjbg2r	u/beddyby12	fmj48n0	C
2020-04-05 18:58:46.430085	u/fuze-the-hostage-	fmjbg4z	u/sazafrazzz	fmj3vxz	C
2020-04-05 18:58:59.717021	u/amizzle621	fmjbgke	u/FairplaysGrandma	fmj8eyg	C
2020-04-05 18:59:32.193903	u/SolivagantSheep	fmjbi6e	u/vgodmeme	fmignvy	C
2020-04-05 18:59:36.083934	u/HuntFish3	fmjbij4	u/Zafk13l	fmistf5	C
2020-04-05 18:59:42.171992	u/Phoenix8869	fmjbj14	u/yellowrichi	fmj9qvy	C
2020-04-05 18:59:47.325224	u/SexDoor	fmjbk77	u/ConfusedShibaInu	fmj4gve	C
2020-04-05 18:59:52.554578	u/sexcalibur21	fmjbkzq	u/crqzybot	fmjbcu2	C
