2020-04-13 12:00:13.775599	u/JoshisHere06	fna82ji	u/Davros-123	fn9ttcr	C
2020-04-13 12:01:42.154321	u/Dilshad1999	fna869h	u/SnowySupreme	fna6lp7	C
2020-04-13 12:01:56.428250	u/creepystories195	fna86wn	u/TheRealZack34	fna72x8	C
2020-04-13 12:02:01.486976	u/Apex_121	fna86zt	u/ThatOneGuyYearn	fna5hyb	C
2020-04-13 12:02:06.915775	u/Jaspersampletext	fna875i	u/Infinite303	fn9wsjq	C
2020-04-13 12:03:22.203633	u/PandaPlaneMusic	fna8bgf	u/BebeStonksMan	fn9yb5b	C
2020-04-13 12:03:26.511475	u/danceswithwool	fna8bk2	u/Yellossss	fn9gujy	C
2020-04-13 12:03:28.704557	u/obliviscaris_	fna8bls	u/Schlongevity	fna7xdk	C
2020-04-13 12:04:14.486390	u/Fassst_eddie	fna8d9q	u/Foogie23	fna6nep	C
2020-04-13 12:05:05.253003	u/A1t3rix	fnaa2ng	u/Amezaiku	fn9tycr	C
2020-04-13 12:05:14.595817	u/thatboiwithmeme	fnaa2yc	u/fordient	fna9xt7	C
2020-04-13 12:05:27.594372	u/bd10123	fnaa3o2	u/Swaynee	fna5j48	C
2020-04-13 12:06:21.921278	u/DeKlaasVaag	fnaa6dh	u/SheiBataa	fna7ir4	C
2020-04-13 12:06:33.575768	u/luckyguy7	fnaa733	u/SanskarMani	fna9nit	C
2020-04-13 12:06:48.412009	u/Speedysparrow55	fnaa7rd	u/AmericaFirst2004	fna7fav	C
2020-04-13 12:06:52.046063	u/AndroidWorshipper	fnaa7vm	u/Shotplay24	fn9kt7f	C
2020-04-13 12:07:18.005554	u/FTSE250	fnaa97f	u/Samantha-06	fnaa6bn	C
2020-04-13 12:07:22.131199	u/normal-dude-101	fnaa994	u/abductedpeanut	fn9m8rt	C
2020-04-13 12:07:35.826118	u/sogur3	fnaa9l8	u/dankiestmemeboi	g0lpd2	S
2020-04-13 12:07:43.481281	u/parang45	fnaa9ut	u/AFlyingNun	fna80o6	C
2020-04-13 12:08:11.245112	u/daaniiieel	fnaab3g	u/dino_lover123	fnaa2bh	C
2020-04-13 12:08:37.722405	u/BOWSunny	fnaac1i	u/MynamisFulkrum	fna7uyr	C
2020-04-13 12:08:54.932334	u/Supasnail	fnaadbc	u/Mohammad927	fn9yz6r	C
2020-04-13 12:09:00.808840	u/Kartul23	fnaadlc	u/Ontonious	fnaac3m	C
2020-04-13 12:09:23.085877	u/rockyroadralph	fnaaeom	u/Fumik0	fna1rq6	C
2020-04-13 12:09:35.514376	u/Raru_57	fnaaf9m	u/TheLetterMan2	fnaaefk	C
2020-04-13 12:09:37.507973	u/swaglord974	fnaafht	u/duster137	fn9p63x	C
2020-04-13 12:09:49.081209	u/NoNinjaIAm	fnaagfg	u/OttoismyMotto	fn9rmnt	C
2020-04-13 12:10:47.000839	u/yoboimomma	fnaaj5k	u/Cold_Cash	fna0weq	C
2020-04-13 12:11:35.556245	u/suomynona10	fnaakcq	u/ginoawesomeness	fna6mr3	C
2020-04-13 12:11:59.453057	u/trixterpro77	fnaal1p	u/UselessLightyear	fn9qoaw	C
2020-04-13 12:12:04.261285	u/PrangsterGangster69	fnaal9e	u/Meme_Lettuce45	fn992bu	C
2020-04-13 12:12:11.836034	u/AHMEDCHAOUCH24	fnaalnx	u/the-best-jimmy	fnaa5tj	C
2020-04-13 12:12:14.135418	u/Linux-Is-Best	fnaalnv	u/level69child	fnaa9pr	C
2020-04-13 12:13:10.391443	u/KelpMaster42	fnaaolv	u/rebekahnyaa	fn6v89h	C
2020-04-13 12:14:10.678879	u/gerolsteiner05	fnaaqqx	u/doomplayer200	fn9yvdk	C
2020-04-13 12:14:13.983589	u/GormFJ	fnaaquq	u/Andreutzu31	fnaaowk	C
2020-04-13 12:15:57.362695	u/UrMomaHola	fnaaveu	u/Duckling-The-CEO	fn9riuh	C
2020-04-13 12:16:42.665550	u/TallDwarf23	fnaaxjo	u/lovemuffin04	fna7mvb	C
2020-04-13 12:17:10.666409	u/sememekili	fnaayxm	u/MihirMagikarp	fna7081	C
2020-04-13 12:17:25.886394	u/Apock247	fnaazso	u/_TheFBI_	g0k7ao	S
2020-04-13 12:17:40.464830	u/daniel291205	fnab0js	u/da-meme-guay	flagtce	C
2020-04-13 12:17:54.701808	u/Roy_Mayo	fnab19w	u/MegaGrimer	fnaazgd	C
2020-04-13 12:18:49.330510	u/Hiroshee	fnab3kr	u/ThatBlueBoy_	fn9zs04	C
2020-04-13 12:19:51.562821	u/Albi4_4	fnab7q5	u/hangryhooman311	fna5dd6	C
2020-04-13 12:20:41.122179	u/RepostSluethBot	fnabb1t	u/lostboy859	fnab417	C
2020-04-13 12:21:05.852803	u/DEADSHOTTY	fnabbyx	u/acidic_lime	fn9yzzx	C
2020-04-13 12:21:19.236562	u/Thereturnofshabzzz	fnabcsd	u/MPEGabriel	fna7fzt	C
2020-04-13 12:21:53.687512	u/localsquids444	fnabe1s	u/HiveMynd148	fna758r	C
2020-04-13 12:22:02.432470	u/CringeStar_Boi	fnabepm	u/ThatBlueBoy_	fn9nvae	C
2020-04-13 12:22:46.441966	u/Visual_Kaleidoscope	fnabh3t	u/probably-dead-human	fna559o	C
2020-04-13 12:23:03.083027	u/MoosLiefhebber053	fnabi2v	u/ninopeno	fn9aw3o	C
2020-04-13 12:23:10.205237	u/hunbot999	fnabidz	u/Nairda-_-	fnabgpe	C
2020-04-13 12:23:19.878366	u/RengarUchiha	fnabiqy	u/grubas14	fnab9pn	C
2020-04-13 12:23:51.061970	u/ETHEKILLER	fnabjp5	u/FishyArtBoi62	fna8uxm	C
2020-04-13 12:24:36.688454	u/SayYouWill12345	fnabkvo	u/GodPleaseYes	fna1t13	C
2020-04-13 12:24:54.871009	u/raljamcar	fnablpo	u/VendettaSunsetta	fna5ajr	C
2020-04-13 12:25:03.892141	u/MajorJakov	fnabm5i	u/PastInspection	fnaam5h	C
2020-04-13 12:25:44.289540	u/Doctor_Cabbage	fnabo7m	u/RustyWood86	fna0zs0	C
2020-04-13 12:25:49.071820	u/leshard5	fnabobs	u/YouTubeManFive56	fnaazd6	C
2020-04-13 12:26:25.306441	u/NorthernPixie25	fnabptu	u/an_unknown_dragon	fnaajkt	C
2020-04-13 12:26:27.081473	u/xX_thatguy_Xx_	fnabq21	u/Nairda-_-	fnabgpe	C
2020-04-13 12:26:55.746602	u/mandarinsta	fnabr8n	u/fixxer75	fn9n27i	C
2020-04-13 12:27:16.530479	u/OrdytBR	fnabscp	u/Linguicide	fnabk6n	C
2020-04-13 12:27:19.888845	u/SilentMic_	fnabsh7	u/Aspen_Alabaster	fn9fdhy	C
2020-04-13 12:27:36.013411	u/coliquin233	fnabt32	u/3ggyman	fnab5ur	C
2020-04-13 12:28:06.093549	u/Pizzapie_420	fnabuv9	u/Shotplay24	fnaagxa	C
2020-04-13 12:28:09.176404	u/nicoman16	fnabuym	u/rockyroadralph	fnaaeom	C
2020-04-13 12:28:13.412013	u/Das_PunisherUSMC	fnabvfl	u/Wildfierro06	fna6idr	C
2020-04-13 12:28:42.697461	u/hdhxnne	fnabwmf	u/StarAxis	fnabtbi	C
2020-04-13 12:28:45.212976	u/geodebug	fnabwq2	u/automatez	fna7len	C
2020-04-13 12:28:49.989943	u/VINICIUS1029	fnabwud	u/CowCluckLated	fna6e9f	C
2020-04-13 12:28:58.142084	u/uromastix_	fnabxl3	u/giMMe_gAmeS	fnabfdd	C
2020-04-13 12:28:59.376185	u/military-grade-lemon	fnabxm4	u/CowCluckLated	fna6e9f	C
2020-04-13 12:29:09.906195	u/Elementic95	fnaby5b	u/TickleDuckFeathers	fnabucz	C
2020-04-13 12:29:27.718214	u/Turtle69c	fnabz8d	u/JoypadJoy	fn9xqnu	C
2020-04-13 12:29:32.780776	u/Grey_Prince_Zote	fnabzgc	u/an_unknown_dragon	fnaans1	C
2020-04-13 12:29:37.658882	u/carwashblunt	fnac004	u/Llyran-Noble	fnaa95t	C
2020-04-13 12:29:53.233936	u/holysebi	fnac1nf	u/Nid5ydr	fn9z25e	C
2020-04-13 12:30:29.657092	u/Kent-the-Crusader	fnac30g	u/amemethatded	fn9sz7m	C
2020-04-13 12:30:42.148485	u/-CallMeLevi-	fnac37p	u/SoapMacTav5	fnabdkb	C
2020-04-13 12:31:03.507774	u/_Ellie13	fnac44q	u/isrardudeman	fna9iz5	C
2020-04-13 12:31:07.159551	u/chickenpenny420	fnac48w	u/jcp135	fmx5lp8	C
2020-04-13 12:31:23.347503	u/watchism	fnac56d	u/CrassKal	fn9p96u	C
2020-04-13 12:32:17.752984	u/NjtehBBgun	fnac75u	u/DarkPrince45AH	fnabriy	C
2020-04-13 12:32:37.129720	u/SlomoSkills	fnac868	u/Kuack89	fn9u6l6	C
2020-04-13 12:32:41.383033	u/matthieucrd	fnac8bo	u/extantbuffalo	fnabkd3	C
2020-04-13 12:33:51.926276	u/richardnixon2122	fnacb3w	u/wealthycashier	fnabudc	C
2020-04-13 12:34:18.792404	u/Fledermolch	fnaccit	u/redditargoldlax	fn9yu54	C
2020-04-13 12:35:08.086313	u/Drugsaregoodmkay00	fnace9s	u/wealthycashier	fnabudc	C
2020-04-13 12:35:12.957125	u/floydster21	fnacec6	u/King_Erwin	fna37j1	C
2020-04-13 12:35:41.992050	u/Far-Energy	fnacfdh	u/cooliojoe2025	fna6l9b	C
2020-04-13 12:35:51.028569	u/marho	fnacfiq	u/GrrreatFrostedFlakes	fna21wn	C
2020-04-13 12:36:13.436267	u/NyarThulhu	fnacgcv	u/FactWizard87	fna8mtu	C
2020-04-13 12:36:27.222931	u/celph-tit3led	fnacgqg	u/TheMafiaRulez	fn96ks0	C
2020-04-13 12:36:29.799434	u/RustyMemeBotV2	fnacgsu	u/Juicy_Pair	fna3z3i	C
2020-04-13 12:36:42.463387	u/RealThicccAssBoy	fnachhp	u/KeeanuMuskIrwin	fn6h8kf	C
2020-04-13 12:36:46.677712	u/elizabeth_1245	fnachiv	u/MarkDaMeat	fnac7k5	C
2020-04-13 12:37:17.491892	u/ayeeflo51	fnacix1	u/LucaYo	fna51c1	C
2020-04-13 12:37:32.702217	u/mangolimon3	fnacjpq	u/RepostSleuthBot	fnaad0k	C
2020-04-13 12:37:55.824696	u/bigANGali	fnackko	u/JoshuaBurg	fna69ih	C
2020-04-13 12:38:19.735651	u/Deadkat69	fnacl9c	u/nicoman16	fnace27	C
2020-04-13 12:38:21.144974	u/asamzzzz	fnacl9g	u/TheMightyBeak376	fna0na3	C
2020-04-13 12:38:41.165828	u/Im-smort	fnacmqf	u/Mohamedraimi96	fnac5gd	C
2020-04-13 12:38:42.506600	u/Horrogz	fnacmuj	u/hangryhooman311	fna5dd6	C
2020-04-13 12:38:48.933358	u/Illiott	fnacn58	u/SheiBataa	fna86gn	C
2020-04-13 12:39:02.188008	u/Gunny_McShoot	fnacnu2	u/mlag4	fna4r90	C
2020-04-13 12:39:45.886737	u/CokeT1234	fnacseh	u/KidNigma	fna13kv	C
2020-04-13 12:39:55.084139	u/Ultimate1224	fnactqg	u/Suibeew	fna1pkr	C
2020-04-13 12:40:25.110596	u/Slippyyyy	fnacv84	u/yoboimomma	fnaaj5k	C
2020-04-13 12:40:43.860214	u/bambino-brosuto	fnacvms	u/My200iqIsOver9000	fnabuii	C
2020-04-13 12:41:21.599619	u/kettumace	fnacxfc	u/Not_me4201337	fnab0xv	C
2020-04-13 12:41:45.201678	u/Cowboy5636	fnaee96	u/DrakeskipDragon	fna9pgv	C
2020-04-13 12:42:47.541640	u/Dforce639	fnaegfv	u/that_one_dued	fnadt05	C
2020-04-13 12:42:58.312590	u/noot-noot-dot-com	fnaegrp	u/th3h4ck3r	fnaat7a	C
2020-04-13 12:43:44.557981	u/a_potato_UwU	fnaeijt	u/_nickkcin_	fna5o3c	C
2020-04-13 12:43:50.016181	u/jeffizza	fnaeila	u/hellogreeting	fna67e9	C
2020-04-13 12:44:09.403459	u/mouadking15	fnaej47	u/Zandroid007	fnaeelo	C
2020-04-13 12:44:18.493162	u/Todythegreat	fnaeji4	u/Leblanc2627	fnaeh84	C
2020-04-13 12:44:53.260449	u/poseidons1813	fnaekub	u/AntTuM	fn9w8t3	C
2020-04-13 12:45:34.838421	u/Muffin120	fnaelz2	u/TheMicasaurus	fnae1k1	C
2020-04-13 12:45:58.925602	u/YaronL16	fnaen81	u/Sox-Pow	fnae9wb	C
2020-04-13 12:46:29.999782	u/MIROXFMF69	fnaeo6v	u/tikk74	fna8g0b	C
2020-04-13 12:46:34.634462	u/Bualls_Villa	fnaeoay	u/NateZMCOG	fnadj4u	C
2020-04-13 12:47:01.761467	u/karatemasterfarts	fnaepkb	u/LAIRDjosh	fnab21q	C
2020-04-13 12:47:07.106315	u/joquariius	fnaeps2	u/KrookedKnees	fnaeldt	C
2020-04-13 12:47:23.637431	u/dr2bi	fnaeqmj	u/doesentmatter	fn9fge7	C
2020-04-13 12:47:32.273356	u/WheresMyM16	fnaeqvl	u/WindexCleaner	fnadrav	C
2020-04-13 12:48:14.221453	u/whhhyyyyyyyyyy	fnaesje	u/RepostSleuthBot	fna9bn9	C
2020-04-13 12:48:23.618358	u/starpancake5411	fnaet0i	u/Nid5ydr	fn9xqu9	C
2020-04-13 12:48:25.833314	u/FuzzyHorse5285	fnaet4j	u/GustavoCampana	fnaduip	C
2020-04-13 12:48:30.457236	u/Memphistophelian	fnaetda	u/The-memey-muffin	fnaamso	C
2020-04-13 12:49:00.968362	u/rayou_reddit	fnaeuxi	u/AdorableKiwi16	fna1jxs	C
2020-04-13 12:49:23.753344	u/Biffabin	fnaews8	u/AFlyingNun	fnabmjw	C
2020-04-13 12:49:31.483874	u/Bobthe9999th	fnaexl1	u/r69d69	fn9vjrj	C
2020-04-13 12:49:35.270710	u/Lexody03	fnaexrj	u/IXIGHOSTIXI	fnadhtd	C
2020-04-13 12:49:41.445132	u/BarrelBot123	fnaeyax	u/Yellossss	fn9gujy	C
2020-04-13 12:49:42.791592	u/notsafeforh0me	fnaeyia	u/Denny_204	fn9zge4	C
2020-04-13 12:49:56.126713	u/RGomes86	fnaezev	u/xtrSaint	fnaenui	C
2020-04-13 12:49:57.787177	u/Early_World	fnaezke	u/Hiroshee	fnab3kr	C
2020-04-13 12:50:13.390850	u/Mefoy3	fnaf0ro	u/BitMan20	fn9p0xd	C
2020-04-13 12:50:29.022952	u/beffy101	fnaf19f	u/xtrSaint	fnaenui	C
2020-04-13 12:50:47.187108	u/PyrocTheMaster	fnaf1s6	u/urnancoolbeans	fn7psi4	C
2020-04-13 12:51:32.845584	u/Jonnyboy420	fnaf34l	u/marshmallow_fluff1	fnaduul	C
2020-04-13 12:52:07.786037	u/_spaceturtle	fnaf44s	u/ThunderChezz	fnae1ww	C
2020-04-13 12:52:28.319802	u/RiotGirl_JDog	fnaf4qz	u/dovedevic	fl2izeo	C
2020-04-13 12:52:31.606099	u/Jello_God	fnaf4xw	u/Jaydeep0712	fna3et0	C
2020-04-13 12:53:23.672539	u/_spaceturtle	fnaf6v9	u/ThunderChezz	fnaf548	C
2020-04-13 12:54:21.726898	u/acodin_master	fnaf8m3	u/i-am-sammy-lawrence	fnaf54m	C
2020-04-13 12:54:37.279195	u/ProArnav	fnaf99r	u/broheee	fnaf0ya	C
2020-04-13 12:54:43.368107	u/killasniffs	fnaf9fv	u/tittering_chum	fnaekhq	C
2020-04-13 12:56:04.135957	u/luke_425	fnafcdp	u/S1owD0wnImWhit3	fnaf84x	C
2020-04-13 12:56:13.786041	u/Kr4k7n	fnafco0	u/ThisIsFake10660	fnabpja	C
2020-04-13 12:56:51.732726	u/CataclysmCatwalk	fnafdup	u/br_igris	fn9oarv	C
2020-04-13 12:56:59.554987	u/uglycumshot	fnafe46	u/DeliciousAtomicBomb	fnaecz0	C
2020-04-13 12:57:15.734574	u/zonatesundew886	fnaferi	u/luke_425	fna8skh	C
2020-04-13 12:57:23.668419	u/sethjoness	fnaff59	u/boogiepop1011	fnaek1v	C
2020-04-13 12:57:25.381936	u/The2iam	fnaff6c	u/joshua070	fnacq0j	C
2020-04-13 12:57:45.003938	u/Eod1317	fnafgni	u/benjamin32456	fn9roc8	C
2020-04-13 12:59:04.282623	u/lillypadden1819	fnafmtc	u/jarNO_WAY	fn2ncsb	C
2020-04-13 12:59:10.302900	u/YTheFukMyPPHard	fnafmzd	u/Asil001	fn9wzxg	C
2020-04-13 12:59:18.893710	u/haiasynth	fnafnbf	u/ShreksMassiveDong	fnafhkw	C
2020-04-13 12:59:23.680202	u/Logancia	fnafnmw	u/stephenryck	fnaf38l	C
2020-04-13 12:59:24.952117	u/PepeTheFrog42O	fnafnof	u/RepostSleuthBot	fnabgmm	C
2020-04-13 12:59:49.777750	u/EspKevin	fnafoo6	u/CHEX_MECCS_FOREVER	fn9loto	C
2020-04-13 12:59:55.545753	u/gabimart66	fnafp4k	u/JFonseth	fn9limg	C
