2020-03-26 06:00:08.902392	u/Professor_Doctor_P	fljk4bt	u/-FuckMeInTheAsshole-	fljgxws	C
2020-03-26 06:00:13.518994	u/Kirbygreenfinety	fljk4f9	u/ThatDogThow	flje9tm	C
2020-03-26 06:00:24.742972	u/IrfanTheHuman	fljk4kb	u/OpalRuohou	flji8l3	C
2020-03-26 06:00:32.012982	u/ansel1406	fljk4ph	u/RepostSleuthBot	fljk4bv	C
2020-03-26 06:00:37.474515	u/CorteXM1	fljk4rf	u/Roblox_Guest67	fljdat6	C
2020-03-26 06:00:41.962344	u/Quiklok05	fljk4u5	u/THELAZYEETER124	fljk0h2	C
2020-03-26 06:00:53.482854	u/Gust1809	fljk52e	u/sweptchicken27	fli30ro	C
2020-03-26 06:01:18.025667	u/maketheworldmyhome	fljk5i9	u/zawarudoe	fljimol	C
2020-03-26 06:01:25.712369	u/MasanakoPuRe	fljk5o5	u/Fluffygaming911	fljirr9	C
2020-03-26 06:01:36.086546	u/CL_Doviculus	fljk5s6	u/Pannenkoek420	fljj0if	C
2020-03-26 06:01:45.268180	u/Zanderdo	fljk5wk	u/mrbrocc	flhxvsp	C
2020-03-26 06:02:05.816219	u/haseo_the_adept69	fljk64m	u/RepostSleuthBot	fljgkxs	C
2020-03-26 06:02:33.811828	u/keyboardSmashawenfkN	fljk6r2	u/Hamsterthedestroyer	fljjf95	C
2020-03-26 06:02:37.095925	u/AIDSHEAD69420	fljk6rt	u/chickennuggetfeet	fljk6a7	C
2020-03-26 06:03:22.654724	u/TheFlightlessPenguin	fljk7s2	u/TheCheemeist	fljhpng	C
2020-03-26 06:04:02.107428	u/germancook99	fljk8m8	u/Xx_GrammarNazi_xX	flhw3rh	C
2020-03-26 06:04:06.066038	u/colijones	fljk8pl	u/Ok_Basics	fljjst6	C
2020-03-26 06:04:22.418831	u/tmbtmb	fljk8zi	u/78even	flji2ry	C
2020-03-26 06:04:28.859924	u/Adem_maar	fljk93h	u/censor-design	fljizee	C
2020-03-26 06:04:37.617454	u/philu1	fljk9ay	u/random-pineapple420	flji5du	C
2020-03-26 06:04:39.574746	u/lilmeckerill	fljk9b1	u/Overhedpup	flhr5x8	C
2020-03-26 06:04:46.495838	u/J4N_MN	fljk9ji	u/BIG-BOI-BAG	flj4zny	C
2020-03-26 06:04:48.460578	u/mahranaka	fljk9jl	u/zawarudoe	fljimol	C
2020-03-26 06:04:50.433131	u/TheDragonMakesMeme	fljk9jt	u/Thin-White-Duke97	fli0bbu	C
2020-03-26 06:04:57.127224	u/RuneNox	fljk9ka	u/mayneffs	fljhige	C
2020-03-26 06:05:09.912077	u/gustavo_the_bonehead	fljk9qe	u/RepostSleuthBot	fljfpft	C
2020-03-26 06:05:14.893262	u/qwerty_9537	fljk9u9	u/chickennuggetfeet	fljk6a7	C
2020-03-26 06:05:37.484565	u/RedRoseOC	fljkade	u/mistermuesli	flibw1i	C
2020-03-26 06:06:02.763949	u/banterman0194	fljkanm	u/SpookySkeleton42	flj3wq8	C
2020-03-26 06:06:15.592124	u/Ludoban	fljkarl	u/SubParXantheous	fljjxsl	C
2020-03-26 06:06:31.358066	u/Seconds1	fljkb25	u/mistermuesli	flib9e2	C
2020-03-26 06:06:39.918769	u/cinamoulance	fljkb7g	u/Goh2000	fljjxja	C
2020-03-26 06:07:01.672919	u/caden-r	fljkbfv	u/Tock_Sick_Man	fljjuqs	C
2020-03-26 06:07:13.960562	u/SonOfVirgin	fljkbx0	u/nameofanuser	fliqaw0	C
2020-03-26 06:07:16.432324	u/FAR1X	fljkbxr	u/Zistor	fljhzzh	C
2020-03-26 06:07:24.406310	u/notmuself	fljkc4u	u/born-a-wolf7650	fljgo5o	C
2020-03-26 06:07:39.725236	u/Satann_	fljkci3	u/Pardogato3	fljclrf	C
2020-03-26 06:07:47.168394	u/crusader-4300	fljkcmn	u/Kirbygreenfinety	fljkb5s	C
2020-03-26 06:07:50.561934	u/Siebonkel-B-	fljkcop	u/CinKM4D	flh8whz	C
2020-03-26 06:07:54.594175	u/Duskstealer	fljkctc	u/princesspineaaple	fljcya8	C
2020-03-26 06:08:02.056526	u/Commanderwolf69	fljkd6d	u/physikoholic	fljh4f8	C
2020-03-26 06:08:08.350325	u/Luca28M	fljkd8k	u/komodopoo	fljfpgl	C
2020-03-26 06:08:14.547341	u/Sekof7	fljkdgm	u/AutoModerator	fljkbcs	C
2020-03-26 06:08:16.022575	u/Youre_doomed	fljkdh7	u/manuelhoster	fljid7t	C
2020-03-26 06:08:44.148501	u/TerraXYZ	fljke5u	u/J_perl	flhj7x0	C
2020-03-26 06:08:50.433228	u/Genernick_user	fljkej2	u/UhmNotMe	fljeoqf	C
2020-03-26 06:09:01.181919	u/Felix_Smith	fljkepd	u/Katashi210	fljg4vn	C
2020-03-26 06:09:02.412481	u/reddit_justice_bitch	fljkeqz	u/dabbykid98	flig6hv	C
2020-03-26 06:09:47.068301	u/ThugDoofie	fljkgeq	u/CantGuessMyUsername	fljiyoa	C
2020-03-26 06:09:49.057920	u/Lurpakman	fljkgiw	u/Pigpenlordofdirt	flh7092	C
2020-03-26 06:09:51.323167	u/TheWeirdCookie	fljkgkl	u/xXSecundusXx	fljjm1k	C
2020-03-26 06:09:59.215354	u/Diplomjodler	fljkgth	u/MrSchnapskatze	fljfmh6	C
2020-03-26 06:10:18.497137	u/JazzMambo	fljkhg0	u/spapui	fljk45e	C
2020-03-26 06:10:45.417815	u/Best-_-No0b4	fljkhtc	u/spapui	fljjkpx	C
2020-03-26 06:11:05.688101	u/Wippingwaffel	fljki3c	u/Unbekannt1918	fljkejj	C
2020-03-26 06:11:19.144934	u/mymemearcive	fljkiaf	u/Eleccy-Sneky	fljjzqc	C
2020-03-26 06:11:34.042506	u/Commander-Phil	fljkig3	u/KingdesUniversums	fljgyqe	C
2020-03-26 06:11:40.277420	u/LunaticPower	fljkiip	u/random-pineapple420	flji5du	C
2020-03-26 06:12:30.993027	u/y0urselfish	fljkjmi	u/xXSecundusXx	fljjm1k	C
2020-03-26 06:12:43.592973	u/Tjamuil	fljkjvd	u/Wippingwaffel	fljjysw	C
2020-03-26 06:12:47.919106	u/Lxzifer-_-	fljkjxe	u/mayneffs	fljhige	C
2020-03-26 06:13:01.196618	u/VIKENN	fljkk5d	u/XxLORD_SxX	fljiuno	C
2020-03-26 06:13:25.099116	u/ChanGU3	fljkkh1	u/anotherformerlurker	flj475v	C
2020-03-26 06:13:32.458458	u/Bhavith88_	fljkkii	u/Wizner5555	fljkjdl	C
2020-03-26 06:13:42.954673	u/Telekinesys	fljkkm3	u/MrSchnapskatze	fljfmh6	C
2020-03-26 06:13:45.978381	u/cumbucket_69	fljkkoj	u/CinKM4D	flh8whz	C
2020-03-26 06:14:25.174021	u/SegraveZ	fljld9q	u/paprikascsulok	fljcgpy	C
2020-03-26 06:14:31.912158	u/amazingstarwars321	fljldhc	u/Clash_of_PoKe	fljj97n	C
2020-03-26 06:14:40.886306	u/CharlieTGD	fljldkg	u/TheGreatSausageKing	flho2o4	C
2020-03-26 06:15:03.472439	u/GabberGandalf	fljlduu	u/DmMacniel	flje4my	C
2020-03-26 06:15:26.144491	u/ortii-	fljldzc	u/TheWeirdCookie	fljkgkl	C
2020-03-26 06:15:42.916378	u/Hal_the_9000th	fljle95	u/manuelhoster	fljid7t	C
2020-03-26 06:15:47.261959	u/brodzz8	fljleem	u/LavaHeadGaming	fljisg3	C
2020-03-26 06:15:50.756651	u/extrahammer_	fljleii	u/Guggelima	fljkhav	C
2020-03-26 06:16:51.405592	u/OfficialGrexz	fljlfet	u/Mobilfan	fljfmne	C
2020-03-26 06:16:56.596361	u/AMG1303	fljlff1	u/space-dorge	fli4hr8	C
2020-03-26 06:17:34.870611	u/smallangeeel	fljlgp1	u/BOSS_Master7000	flji7hv	C
2020-03-26 06:17:56.853680	u/ghosty652	fljlh5j	u/kitten-ghost	fljfo3r	C
2020-03-26 06:18:19.335887	u/snipperpanther	fljlhpc	u/Richie1736	flj97op	C
2020-03-26 06:18:20.609257	u/It5Moritz	fljlhrz	u/Hal_the_9000th	fljlcaz	C
2020-03-26 06:18:22.692177	u/aightthen0-0	fljlhu7	u/J4N_MN	fljk9ji	C
2020-03-26 06:18:28.467297	u/MrBIGtinyHappy	fljlhxr	u/random-pineapple420	fljhgpu	C
2020-03-26 06:18:31.042694	u/ksuishi	fljli24	u/SNUBB3D	fljl6aa	C
2020-03-26 06:18:38.724254	u/Talkative_Twat	fljli9v	u/High_Orion	fljdexb	C
2020-03-26 06:18:55.928130	u/NiggohBaka	fljlikf	u/Xx_GrammarNazi_xX	flhw3rh	C
2020-03-26 06:19:00.904307	u/UchihaRecker	fljlipx	u/Cheshire559	fljjpww	C
2020-03-26 06:19:01.999636	u/KarlMark666	fljlir0	u/4ar0n	fljlh89	C
2020-03-26 06:19:38.288494	u/Dieoffury	fljljkp	u/thefauxbot	flj9l9c	C
2020-03-26 06:19:41.030498	u/Aleriic	fljljp5	u/AaronToKlaw	fljk1tu	C
2020-03-26 06:19:43.559418	u/TheGo8t	fljljsk	u/ezy_pezy	flcuovf	C
2020-03-26 06:19:50.953563	u/1233456778910	fljljys	u/XRegalEagleX	fljfnvu	C
2020-03-26 06:19:56.777967	u/JamN3ko	fljlkcx	u/Triande	flj8hj2	C
2020-03-26 06:20:05.514228	u/Skyking035	fljlkop	u/Katashi210	fljg4vn	C
2020-03-26 06:20:10.194552	u/LowFatCheez	fljlkpl	u/faded55	fljio4r	C
2020-03-26 06:20:47.297582	u/jacenat	fljllcr	u/DmMacniel	flje4my	C
2020-03-26 06:21:02.164912	u/3pintsoguiness	fljllm5	u/Mobilfan	fljge9a	C
2020-03-26 06:21:25.810567	u/FumaPickle	fljllxp	u/chickenlegflipflops	fljjrle	C
2020-03-26 06:21:30.217088	u/hehehahahohohuhuhu	fljllzt	u/Zlol-Itrp	fljhxt8	C
2020-03-26 06:21:37.912996	u/dudewithadarkeye2	fljlm6a	u/J3sush8sm3	fljgth4	C
2020-03-26 06:21:52.082841	u/NOTdavie53	fljlmca	u/RepostSleuthBot	fljlf0m	C
2020-03-26 06:22:09.112407	u/CapnSeabass	fljlmis	u/Xploiter_RBLX	flim5b5	C
2020-03-26 06:22:12.198561	u/lucifers_maiden	fljlmkg	u/missdickdestroyer	fljiper	C
2020-03-26 06:22:19.979625	u/Table_with_spoons	fljlmm6	u/GunterGoo	fljk2v7	C
2020-03-26 06:22:30.946861	u/GraceMIC	fljlmwr	u/Cheshire559	fljjpww	C
2020-03-26 06:22:41.991031	u/idontknow871	fljln4q	u/okbloomer	fp7em1	S
2020-03-26 06:22:55.707919	u/Player_404_EXE	fljlnh6	u/ItIsNotMuffinTime	flbdg3o	C
2020-03-26 06:23:10.463330	u/vulkaiZ	fljlnz9	u/Mobilfan	fljfmne	C
2020-03-26 06:23:19.524408	u/BrutalDelta	fljlo2y	u/Tuberyou_HD	fljl6yi	C
2020-03-26 06:23:53.525755	u/mrmlivegamers	fljlouz	u/CantGuessMyUsername	fljiyoa	C
2020-03-26 06:24:03.287285	u/EbonyFaery	fljlowr	u/dudewithadarkeye2	fljlm6a	C
2020-03-26 06:24:06.066233	u/imvkohli18	fljlozo	u/M_y_t_hs	fljl6no	C
2020-03-26 06:24:23.109711	u/Realityiswack	fljlpge	u/RepostSleuthBot	flji7p1	C
2020-03-26 06:24:26.182211	u/Gerioch_Rashkowski	fljlphp	u/SeafoodBastard21	fljbw9e	C
2020-03-26 06:24:32.792348	u/BitsFritz	fljlpoz	u/10maykaushik	flji29j	C
2020-03-26 06:24:41.733240	u/yuzuru-cat	fljlpxt	u/elskidaadleskidoodle	fljll7d	C
2020-03-26 06:24:59.315290	u/detective-pizza	fljlq66	u/IceyEnder	fljhekd	C
2020-03-26 06:25:12.581567	u/MZ-95	fljlqf5	u/Harry_JPotter	fljk1pm	C
2020-03-26 06:25:15.357791	u/selbstadt	fljlqgj	u/ThatguynamedBK	fljildj	C
2020-03-26 06:25:49.812137	u/AxiomQ	fljlr4o	u/TheReal_JimPickens	fljhkte	C
2020-03-26 06:26:42.491167	u/blobbyboi68	fljls40	u/GreenIkea	fljigqx	C
2020-03-26 06:26:44.791667	u/Gay-redditor	fljls5m	u/AutoModerator	fljlmg4	C
2020-03-26 06:26:46.416847	u/xmpaiii	fljls7a	u/_darcl8_	fljllks	C
2020-03-26 06:26:50.594827	u/UA-OMEGA	fljlsar	u/CantGuessMyUsername	fljiyoa	C
2020-03-26 06:26:58.445321	u/KingRedJelly	fljlsih	u/mistermuesli	flib9e2	C
2020-03-26 06:27:10.618726	u/moef-on-reddit	fljlt43	u/DmMacniel	flje5rn	C
2020-03-26 06:27:29.339016	u/doctorwalker	fljltld	u/Mobilfan	fljfmne	C
2020-03-26 06:27:34.538031	u/YahtzeePineapple6	fljlts9	u/yodakenobbi	fljljra	C
2020-03-26 06:27:47.575321	u/EvilUnic0rn	fljlu5f	u/FluuBk	fljifnv	C
2020-03-26 06:27:56.318461	u/doing-my-bestpacito	fljlugc	u/elskidaadleskidoodle	fljkxud	C
2020-03-26 06:27:58.366793	u/0MarKK5	fljluhp	u/XRegalEagleX	fljlr6k	C
2020-03-26 06:28:15.884411	u/Grayboot_	fljluu5	u/missdickdestroyer	fljiper	C
2020-03-26 06:28:21.796337	u/Egestro	fljluw2	u/okbloomer	fp7em1	S
2020-03-26 06:28:31.862120	u/khattakg	fljlvaa	u/AmielSwaggs	fp7kyy	S
2020-03-26 06:28:39.815507	u/_therealarc_	fljlvqj	u/TinyChaosDeer	flj9uia	C
2020-03-26 06:29:05.432627	u/YxxzzY	fljlwdj	u/random-pineapple420	fljhgpu	C
2020-03-26 06:29:06.463723	u/Ranger22445	fljlwe3	u/yuzuru-cat	fljll6y	C
2020-03-26 06:29:21.221941	u/Laz_kitty	fljlwkp	u/RepostSleuthBot	fljebeq	C
2020-03-26 06:29:35.992212	u/Smiec_Lodka_Lad	fljlxak	u/Eclipse_chewy_mints	fljfsiw	C
2020-03-26 06:29:37.446482	u/randompuffin	fljlxca	u/SubParXantheous	fljl1zh	C
2020-03-26 06:29:44.238706	u/gordonpown	fljlxrh	u/GetOnMyKundewlan	fljjcny	C
2020-03-26 06:29:53.598695	u/Code_Red0	fljlxyb	u/C3DU	fljlx6i	C
2020-03-26 06:30:48.449643	u/Reis_aus_Indien	fljlyp3	u/EvilUnic0rn	fljlu5f	C
2020-03-26 06:32:01.928621	u/UpiedYoutims	fljlzua	u/manuelhoster	fljid7t	C
2020-03-26 06:32:39.948494	u/cap-tain_19	fljm0sy	u/racerfree	flhttm2	C
2020-03-26 06:32:52.895167	u/Willy-Edwards	fljm12z	u/UnorthodoxPrimitive	fp93vn	S
2020-03-26 06:33:15.095634	u/yureku_the_potato	fljm1az	u/iagofever	fljlfrx	C
2020-03-26 06:33:33.943611	u/nazgul_I	fljm1rk	u/y0urselfish	fljkjmi	C
2020-03-26 06:33:35.953035	u/rrleo	fljm1z8	u/mayneffs	fljkrsu	C
2020-03-26 06:33:57.510072	u/diablessse	fljm2ag	u/Andrei-O	fli1pvy	C
2020-03-26 06:34:04.173803	u/E4ZZY	fljm2f4	u/extrahammer_	fljlvxn	C
2020-03-26 06:34:20.974797	u/_Wolfos	fljm2rf	u/mayneffs	fljip8m	C
2020-03-26 06:34:53.136481	u/Roflkopt3r	fljm3j8	u/HanZomb	fljhyif	C
2020-03-26 06:35:03.393561	u/killerwww12	fljm3sf	u/Richie1736	flj97op	C
2020-03-26 06:35:23.066412	u/Jugged	fljm42p	u/Roflkopt3r	fljlz1o	C
2020-03-26 06:35:53.930978	u/proheals48	fljm4q2	u/nomis2705	fljlv4l	C
2020-03-26 06:36:01.083247	u/Bwhite765	fljm4um	u/VagianalPotatoWomen	fljkz2j	C
2020-03-26 06:36:37.802472	u/YeOldeRatman	fljm5x4	u/UhmNotMe	fljelq8	C
2020-03-26 06:36:53.687699	u/misterypotato	fljm68v	u/AutoModerator	fligasn	C
2020-03-26 06:37:10.312547	u/jennajlee92	fljm6fu	u/werkwerkwerk-werk	flhin97	C
2020-03-26 06:37:20.151252	u/Fugglymuffin	fljm6j2	u/okbloomer	fljhoyz	C
2020-03-26 06:37:48.643061	u/zepicadocosmos	fljm7gn	u/PersonOfQuality	fljds7s	C
2020-03-26 06:37:52.039783	u/_melonman	fljm7m9	u/Mobilfan	fljfmne	C
2020-03-26 06:38:07.861331	u/real-ocmsrzr	fljm853	u/adwait199	flji5r3	C
2020-03-26 06:38:30.821209	u/RarkMoss187	fljm8du	u/random_roadroller29	fljknmo	C
2020-03-26 06:38:38.031813	u/friedkeys	fljm8g9	u/BlackPanther_02	fljm3z2	C
2020-03-26 06:38:51.053597	u/jaeger_iq	fljm8qz	u/Crabsnout	fljio6h	C
2020-03-26 06:38:59.042625	u/currentlyjerkingoff_	fljm8yf	u/Unbekannt1918	fljkjv3	C
2020-03-26 06:39:00.623354	u/ItsParex	fljm8z6	u/yureku_the_potato	fljgadz	C
2020-03-26 06:39:02.864893	u/NickLeMec	fljm94r	u/CL_Doviculus	fljk5s6	C
2020-03-26 06:39:12.211552	u/f1redude_YT	fljm9gz	u/lovnelymoon-	fljm6tk	C
2020-03-26 06:39:21.801168	u/Fassmacher	fljm9sx	u/-HonigHannes	fljlcea	C
2020-03-26 06:39:22.963731	u/hazzzzzard	fljm9uc	u/f1redude_YT	fljlwh5	C
2020-03-26 06:39:33.497407	u/CoochieEatingOlly	fljmaav	u/brutaleoin	fljl3lm	C
2020-03-26 06:39:34.819233	u/GreyPouponFC	fljmaeq	u/DrEmilioLazardo	flj4mjo	C
2020-03-26 06:40:01.228755	u/fookinjelliball	fljmaxn	u/Yummypizzaguy1	flhpxhd	C
2020-03-26 06:40:13.173346	u/Marvster96	fljmb5y	u/mayneffs	flji57p	C
2020-03-26 06:40:24.302362	u/Piestatick396	fljmbbr	u/okbloomer	fljfu1w	C
2020-03-26 06:40:29.888683	u/luca_wke	fljmbfz	u/FAR1X	fljkbxr	C
2020-03-26 06:40:32.205301	u/NotKidKoolio	fljmbgx	u/Willy-Edwards	fljm12z	C
2020-03-26 06:40:53.183466	u/FlamsBreton	fljmbqk	u/MasanakoPuRe	fljk5o5	C
2020-03-26 06:41:01.125808	u/amduesen	fljmbzk	u/yureku_the_potato	fljgadz	C
2020-03-26 06:41:04.625247	u/thelastarkadian	fljmc2i	u/randompuffin	fljlxca	C
2020-03-26 06:41:16.476293	u/SteamedHamsz	fljmcbj	u/AutoModerator	fljdqrc	C
2020-03-26 06:41:22.112660	u/oroszlanova	fljmcdk	u/MrSchnapskatze	fljfmh6	C
2020-03-26 06:41:26.747493	u/DathKakashi	fljmcgh	u/Katashi210	fljg4vn	C
2020-03-26 06:42:03.916469	u/fullmetal_atheist	fljmd4z	u/NarwhalSpoon	fljiyt1	C
2020-03-26 06:42:18.954146	u/justacalicooriginal	fljmdou	u/AutoModerator	fljeayw	C
2020-03-26 06:42:22.081076	u/shemk3	fljmdow	u/yoda_anakin_thrawn	fljhvfb	C
2020-03-26 06:42:35.373225	u/SnoZZuFin	fljmdrj	u/M112theboss	flj9ldg	C
2020-03-26 06:42:48.643441	u/UrticateMaster	fljme24	u/yureku_the_potato	flje2lk	C
2020-03-26 06:43:06.724100	u/andrejb22	fljmei3	u/coolwalker1996	fljlnew	C
2020-03-26 06:43:17.470102	u/Ranjerklin	fljmes5	u/shashank500	fljjg8p	C
2020-03-26 06:43:37.492812	u/Muetzenman	fljmf76	u/NickLeMec	fljkio1	C
2020-03-26 06:43:45.815266	u/HumanNr569	fljmfdg	u/Tjamuil	fljl8i4	C
2020-03-26 06:43:53.794812	u/ugandan_knuckkles	fljmffx	u/RepostSleuthBot	fljluur	C
2020-03-26 06:44:13.678266	u/Comrade_Goreg	fljmfjy	u/Son_of_Earthshaker	fljlqg8	C
2020-03-26 06:44:37.251636	u/Dragondark268	fljmg61	u/CRrpTd_FiG	flj44pa	C
2020-03-26 06:44:44.654366	u/9yodegenerate	fljmg9y	u/kyoger_Busted	fljhwd6	C
2020-03-26 06:45:30.210377	u/ConfuzzledPigeon0708	fljmh3p	u/okbloomer	fp7em1	S
2020-03-26 06:45:38.714801	u/conscious_synapse	fljmhbg	u/trashbagofthecentury	fljgrym	C
2020-03-26 06:46:19.847581	u/ManchmalPfosten	fljmhxw	u/manuelhoster	fljkt0e	C
2020-03-26 06:47:11.467007	u/Leandtjen	fljmiy0	u/okbloomer	fp7em1	S
2020-03-26 06:47:20.147248	u/Count4815	fljmj85	u/TimePlay9000	fljj10z	C
2020-03-26 06:47:24.630256	u/sajadehsan	fljmjel	u/-_-ryan	fljmi6d	C
2020-03-26 06:47:26.008057	u/iiDsh	fljmjep	u/mimilegolol	fljmivy	C
2020-03-26 06:47:28.751472	u/LOST_Paul	fljmjf6	u/manuelhoster	fljkt0e	C
2020-03-26 06:47:35.846033	u/ash_2424	fljmjl0	u/SteamedHamsz	fljmcbj	C
2020-03-26 06:47:39.789151	u/im13gay	fljmjpo	u/watermelonhead345	fliu9q9	C
2020-03-26 06:47:49.640540	u/Sir-Nihun	fljmk15	u/MyHandleisHandle	flj5pz0	C
2020-03-26 06:48:08.066684	u/BOGGEBOO	fljmk8q	u/ugandan_knuckkles	fljlrb9	C
2020-03-26 06:48:16.258414	u/cgordon31	fljmkgi	u/spicedfiyah	fljerjf	C
2020-03-26 06:48:23.527455	u/Sprungkartoffel	fljmkhl	u/tasljr	fljl6v0	C
2020-03-26 06:48:30.256434	u/topachez	fljmkqy	u/FlamsBreton	fljmbqk	C
2020-03-26 06:48:38.699390	u/JaBeKay	fljmky4	u/Bernska	fljkydq	C
2020-03-26 06:48:44.968554	u/FreezeMeister2000	fljmkzw	u/SubParXantheous	fljmdmv	C
2020-03-26 06:48:50.309350	u/iiSnowy07	fljml5p	u/Mgay-	fl3wegv	C
2020-03-26 06:49:00.373238	u/james200629	fljmlgx	u/AutoModerator	flh67lm	C
2020-03-26 06:49:22.521233	u/jakeperaltaisgreat	fljmlyc	u/Darklight2810	fljjwc7	C
2020-03-26 06:49:43.760654	u/iman_313	fljmmfl	u/random_roadroller29	fljknmo	C
2020-03-26 06:49:56.331168	u/neon_fart	fljmmsc	u/Kind-Pop	fl3zlqu	C
2020-03-26 06:50:06.821585	u/Kellberg	fljmn57	u/AutoModerator	flj9ewz	C
2020-03-26 06:50:36.399091	u/Wulf_15	fljmnki	u/Master_YEETer-69	fljhk1t	C
2020-03-26 06:50:54.198616	u/Noname_FTW	fljmnt9	u/manuelhoster	fljkt0e	C
2020-03-26 06:51:07.997484	u/dreadfulfalcon	fljmo3i	u/Commanderwolf69	fljkhwb	C
2020-03-26 06:51:10.229180	u/DragonLordSkater1969	fljmo3k	u/negativekarz	flh4pnx	C
2020-03-26 06:51:14.605104	u/Dredd907	fljmo46	u/FluuBk	fljifnv	C
2020-03-26 06:51:16.856470	u/new-user-name-time	fljmo4o	u/Mobilfan	fljfmne	C
2020-03-26 06:51:19.049718	u/Bambi1309	fljmo6d	u/be-gon-boomers	fljjni7	C
2020-03-26 06:51:26.340299	u/bibedibabedibitch	fljmocq	u/EvilUnic0rn	fljmby9	C
2020-03-26 06:51:40.156720	u/annuk11	fljmoio	u/UnorthodoxPrimitive	fp93vn	S
2020-03-26 06:51:43.346359	u/Osnai	fljmoop	u/AxiomQ	fljlr4o	C
2020-03-26 06:51:46.475746	u/GRVMM	fljmop8	u/NickLeMec	fljkdq7	C
2020-03-26 06:52:11.862063	u/Gnashtaru	fljmp8a	u/Thatkiddoboy	flhdov2	C
2020-03-26 06:52:36.227532	u/bfindlay22	fljmpfm	u/itbemediego	fljmo8o	C
2020-03-26 06:52:45.056823	u/Xyon4	fljmpmi	u/J_perl	flhj7x0	C
2020-03-26 06:52:57.657436	u/BBuhn	fljmpsw	u/Future-Frost	flj62n6	C
2020-03-26 06:53:10.376555	u/Hakan_TV1	fljmpwn	u/elchago100	fljmlnb	C
2020-03-26 06:53:24.554694	u/foreignerpakinibba	fljmqa3	u/MrSchnapskatze	fljfmh6	C
2020-03-26 06:53:44.904452	u/idog26	fljmqox	u/yureku_the_potato	fljm5gt	C
2020-03-26 06:53:50.841952	u/Dutch_Goose	fljmqwf	u/HerpaderpFTW	flj01ow	C
2020-03-26 06:54:43.757097	u/computerTechnologist	fljmrvt	u/sandychipsx	fljhdlc	C
2020-03-26 06:54:59.498502	u/spanic_wants_you	fljms1u	u/oneYoyotrickaweek	fljdoum	C
2020-03-26 06:55:09.097256	u/sweettunasandwich	fljms3l	u/extrahammer_	fljm1f4	C
2020-03-26 06:55:24.338123	u/Dartann	fljmsba	u/julianodavincci	flj7mw5	C
2020-03-26 06:55:29.849042	u/BakedPotatoManifesto	fljmsh7	u/yureku_the_potato	flje2lk	C
2020-03-26 06:55:54.306406	u/nick__furry	fljmt71	u/Nervous-Pervous_Ned	fljmnaw	C
2020-03-26 06:56:23.552367	u/ajockmacabre	fljmtr9	u/DizzleDdrizzle88	fljmd97	C
2020-03-26 06:56:55.197198	u/exoelice	fljmumm	u/conscious_synapse	fljmhbg	C
2020-03-26 06:56:59.173647	u/billthecocaineaddict	fljmups	u/DavitSensei	fljijvr	C
2020-03-26 06:57:02.369149	u/reddituser66666666	fljmux9	u/RedheadedSnake2047	flj49bt	C
2020-03-26 06:57:22.161119	u/NocturnalMissa	fljmve9	u/USSRComrade	fp7afl	S
2020-03-26 06:57:46.762675	u/Blank_ngnl	fljmvzf	u/NickLeMec	fljkfww	C
2020-03-26 06:57:48.194769	u/sf_randOOm	fljmw1h	u/Eren03eren	fljjv4x	C
2020-03-26 06:58:00.410391	u/lyzardish	fljmw8m	u/CinKM4D	flh8whz	C
2020-03-26 06:58:05.704790	u/donants	fljmwej	u/joshc14	fljm45g	C
2020-03-26 06:58:07.820913	u/Kartulino	fljmwi3	u/AutoModerator	fljdqrc	C
2020-03-26 06:58:10.864268	u/goblinpaul	fljmwm6	u/MrSchnapskatze	fljg8lb	C
2020-03-26 06:58:18.670559	u/theBudster749	fljmwpq	u/JazzMambo	fljmv9v	C
2020-03-26 06:58:43.023706	u/kecske116	fljmwu5	u/be-gon-boomers	fljjni7	C
2020-03-26 06:58:44.138062	u/OKRainbowKid	fljmwzq	u/Katashi210	fljg4vn	C
2020-03-26 06:58:58.710142	u/fannysucker69	fljmxfc	u/mizshi	fli5tka	C
2020-03-26 06:59:09.739283	u/TreKopperTe	fljmxxq	u/_DarkAnxiety	fljmqyt	C
2020-03-26 06:59:11.296324	u/Shredditorrr	fljmxz2	u/NickLeMec	fljkcx3	C
2020-03-26 06:59:25.392761	u/EmaKotka	fljmyh0	u/Martinhellerud	fljffel	C
2020-03-26 06:59:26.524985	u/Job_113	fljmyj6	u/It5Moritz	fljdrt3	C
2020-03-26 06:59:32.553871	u/smelllikeunwashedtoe	fljmyug	u/yureku_the_potato	flje2lk	C
2020-03-26 06:59:37.799318	u/Pablerooo01	fljmz9t	u/mayneffs	fljhige	C
2020-03-26 06:59:42.464371	u/lobsang_ludd	fljmzhd	u/mayneffs	flji57p	C
2020-03-26 06:59:43.384225	u/I-hate-Username	fljmzjp	u/MrSchnapskatze	fljg8lb	C
2020-03-26 06:59:44.023098	u/klonkish	fljmzjs	u/J3sush8sm3	fljgw61	C
2020-03-26 06:59:50.428651	u/sid0311	fljmzvp	u/MrSchnapskatze	fljfmh6	C
2020-03-26 06:59:52.469218	u/phattwonka	fljmzzo	u/WhiteUnicorn239	fljdtov	C
