2020-04-04 03:02:21.710215	u/ThisIsJegger	fmdzai7	u/LileXPlayz	fmdz678	C
2020-04-04 03:03:15.361357	u/caldersalamander	fmdzayx	u/gat12393	fmdmqgs	C
2020-04-04 03:04:04.489226	u/deadpoolminy	fmdzbd3	u/Breadette	fmdyhge	C
2020-04-04 03:04:09.554813	u/capitol-of-meme	fmdzbgg	u/Reb-Crasher	fmdo0vp	C
2020-04-04 03:04:41.969307	u/thewardenofderps	fmdzbtx	u/vobsvids32	fmdyy3y	C
2020-04-04 03:07:41.710009	u/iaMiro	fmdzduq	u/RepostSleuthBot	fmdrer3	C
2020-04-04 03:07:55.044013	u/PangwinAndTertle	fmdze0t	u/15Orphans	fmdf1v6	C
2020-04-04 03:08:28.993448	u/super_ale_br0s_7	fmdzec5	u/Craftite	fmdym4u	C
2020-04-04 03:08:32.675309	u/Supercampeones	fmdzefj	u/meatwhistle95	fmdut4a	C
2020-04-04 03:09:53.559160	u/hitlers-third-nipple	fmdzgac	u/fizzy_the_dragon	fmdocrp	C
2020-04-04 03:10:14.812841	u/SRK_Mine	fmdzgw9	u/Pentium04extreme	fmdfi3i	C
2020-04-04 03:10:42.171597	u/Funyarinpa07	fmdzh4v	u/JoeMDFK	fmdyyqt	C
2020-04-04 03:10:57.874876	u/benvonpluton	fmdzh86	u/NoSkillxOverkill	fmdyynz	C
2020-04-04 03:11:50.978619	u/BogdanSC2	fmdzhu5	u/scp-reeee	fmdvkcc	C
2020-04-04 03:12:05.445338	u/Voidmemer	fmdzi0i	u/Oliver_Armstrong	fmdzdaw	C
2020-04-04 03:13:48.903857	u/McThije	fmdzji8	u/MrGatsbyy	fmdcvdb	C
2020-04-04 03:15:03.213917	u/PLetEreddit	fmdzkgo	u/ProtonPi23	fmdvxlf	C
2020-04-04 03:15:54.351484	u/raj_nv97	fmdzkrp	u/about6140ninjas	fmdxkqa	C
2020-04-04 03:17:05.604955	u/MAZENAHMED128	fmdzm2g	u/Youfkingapologist	fmdtinq	C
2020-04-04 03:17:19.634392	u/redeneder	fmdzm9c	u/Tudi23	fmd6nks	C
2020-04-04 03:18:29.227725	u/3pnt14XrSq	fmdznqc	u/Old-Turtle75	fmd0rji	C
2020-04-04 03:19:20.896473	u/Lil_Jebb	fmdzogg	u/TykoiOfficial	fmcxhis	C
2020-04-04 03:20:34.823459	u/StrandH-	fmdzq59	u/RepostSleuthBot	fmdyujk	C
2020-04-04 03:21:40.233108	u/theCrumb297	fmdzqoz	u/deadparodox	fmdmzf7	C
2020-04-04 03:21:58.811517	u/Luledino	fmdzqum	u/peoplecalmdown	fmdzikq	C
2020-04-04 03:23:02.981855	u/Monstar235	fmdzri7	u/Turtlemandb	fmdz1na	C
2020-04-04 03:23:38.711201	u/Charamit	fmdzs2r	u/Greatest-idiot	fmdy6lr	C
2020-04-04 03:23:45.746958	u/cheesewithyourwine	fmdzs8k	u/J_C_Wizard49	fmdysuz	C
2020-04-04 03:24:09.071319	u/Ion-Nation-	fmdzss5	u/CatsAndCreamCheese	fmdke7e	C
2020-04-04 03:25:28.222749	u/Lameyy2006	fmdzu6v	u/Steven_2769	fmduel3	C
2020-04-04 03:26:47.950973	u/proftrio	fmdzvey	u/s144949	fmdt61p	C
2020-04-04 03:27:14.104239	u/urjs	fmdzvm8	u/asseater293	fm3iau3	C
2020-04-04 03:27:34.150674	u/Benisaperson1	fmdzvnw	u/RedditMemesSuck	fmd3ggn	C
2020-04-04 03:28:23.180553	u/kostya1617	fmdzwfe	u/cheesewithyourwine	fmdzs8k	C
2020-04-04 03:28:39.409149	u/PotatoMeme03	fmdzwrj	u/IShartedOnUrPillow	fmcy6gq	C
2020-04-04 03:28:51.965978	u/bjerendos	fmdzx9j	u/Mr_Moose804	fmdd334	C
2020-04-04 03:29:29.181608	u/InfinityXI6	fmdzy3p	u/Poopkillio	fmccvtd	C
2020-04-04 03:29:37.094283	u/ImNooby_	fmdzydp	u/hot_grills	fmdxz65	C
2020-04-04 03:29:48.298704	u/black_icce	fmdzyjn	u/ItzTrixterzz	fmdzusv	C
2020-04-04 03:30:30.469689	u/Wusup2007	fme19jy	u/RussianCheeseDood	fme0zte	C
2020-04-04 03:30:49.321362	u/Alibaran45	fme19sl	u/cerealcat2020	fmdxkut	C
2020-04-04 03:31:03.998427	u/okzoomer420	fme1a18	u/MrGatsbyy	fmcerk5	C
2020-04-04 03:31:21.642288	u/Damoncorso	fme1a8r	u/ehzihan	fme16xx	C
2020-04-04 03:32:57.800623	u/erichungus	fme1bp5	u/TRoastedPotato	fmdysn3	C
2020-04-04 03:33:20.703382	u/-Tuho-	fme1c5p	u/CyberneticFennec	fmcy53b	C
2020-04-04 03:33:37.138009	u/lemonto	fme1caj	u/manago_jelly	fme185m	C
2020-04-04 03:35:41.613788	u/-MemeMaster-	fme1dtk	u/anonymous1739361	fmcipwb	C
2020-04-04 03:36:49.001901	u/Free2Play1457	fme1ep9	u/Redrobin_Nest	fmdtiq3	C
2020-04-04 03:37:00.098581	u/Sheppsi	fme1etr	u/wolfenyeager	fmdkrm0	C
2020-04-04 03:37:20.856747	u/just_an_insomniac	fme1fb0	u/Avongrane	fmd9q7z	C
2020-04-04 03:37:51.377320	u/memebotter420	fme1fuy	u/Miraphica	fmd4ds1	C
2020-04-04 03:38:09.797811	u/WeinerCircle	fme1g1t	u/Ddog200411	fmdtmuy	C
2020-04-04 03:39:03.197343	u/ARandomAnimeGirlUwU	fme1hau	u/timothee1	fmdrr0g	C
2020-04-04 03:40:02.268634	u/frelux	fme1inn	u/23x3	fme0krh	C
2020-04-04 03:42:29.316458	u/Berblarez	fme1kz6	u/cheesewithyourwine	fme10zu	C
2020-04-04 03:42:42.725402	u/nickgurr435	fme1l2l	u/QWERTYAjay	fmdy7fj	C
2020-04-04 03:44:12.388227	u/OwenWilsonShares	fme1lwh	u/RepostSleuthBot	fme0z2x	C
2020-04-04 03:44:25.639122	u/NoHomoButINeedCash	fme1m4g	u/MrGatsbyy	fmcerk5	C
2020-04-04 03:44:31.611650	u/DDoMO68	fme1m6d	u/shepard_tsoni	fme1f11	C
2020-04-04 03:44:58.071631	u/DespacitoPlane	fme1mh7	u/R3t4rd3dD3m0n	fme1kuz	C
2020-04-04 03:46:40.160449	u/Big_Teeter	fme1o7p	u/BirgBoi	fmdi8fh	C
2020-04-04 03:48:05.400148	u/sammyhi13	fme1pod	u/BIG_SMOOOOOOOHKE_PL	fmdwe34	C
2020-04-04 03:48:21.331983	u/ullubullu	fme1q30	u/Mattdog_99	fmcv1qt	C
2020-04-04 03:48:31.878581	u/Alzakex	fme1qb5	u/ButtStuffMom	fmdgkjh	C
2020-04-04 03:49:07.239304	u/bigschmoe	fme1r20	u/AK24ROCKS	fme0z0r	C
2020-04-04 03:50:01.237767	u/SamDDBS	fme1sq5	u/after-the-paradigm	fmduqka	C
2020-04-04 03:51:17.901876	u/Tragicsnow11740	fme1tnu	u/CorruptorBot	fmdy2cp	C
2020-04-04 03:52:01.789782	u/jackweller	fme1u8q	u/pototo72	fmdntyc	C
2020-04-04 03:54:14.629700	u/EmeraldianCarrot	fme1wvl	u/warframefan420	fme1sqx	C
2020-04-04 03:54:31.471641	u/NullifyI	fme1x02	u/JimBobWay16	fmcjov7	C
2020-04-04 03:54:47.872645	u/P1nappl	fme1x66	u/pototo72	fmdntyc	C
2020-04-04 03:55:18.906774	u/JimbobTheKabob	fme1xi1	u/west2753	fmdqala	C
2020-04-04 03:59:05.625482	u/elkevinbraian1	fme1zvz	u/Emero_Brandon	fmctnp5	C
2020-04-04 03:59:52.216583	u/ThepriestofPepe	fme20o1	u/luijkanic	fmdzsz8	C
2020-04-04 03:59:58.667428	u/freshtoast75	fme20tv	u/sammyhi13	fme1pod	C
