2020-03-25 10:00:34.346048	u/_egg_layer_the_king	flgkivy	u/Salty_Salat	flgjxr3	C
2020-03-25 10:00:36.667290	u/wrongdude91	flgkiw6	u/NoPostsHowMuchKarma	flgjrkk	C
2020-03-25 10:00:56.131949	u/Lord_Umpanz	flgkjdp	u/SteamedHams458	flgdffx	C
2020-03-25 10:01:13.563220	u/The_Gumbo	flgkjx1	u/AutoModerator	flgg2eq	C
2020-03-25 10:02:31.572450	u/ToyTrainlandFan	flgklos	u/kooldude700	fldxba6	C
2020-03-25 10:02:50.256510	u/WhoStoleMyZaps	flgkm6e	u/LoliGayTrap	flg040s	C
2020-03-25 10:03:23.319926	u/I_Play_Minecraft_Guy	flgkmni	u/AutoModerator	flg9a30	C
2020-03-25 10:04:01.601184	u/kblas420	flgknl5	u/MAINCRACIO	flgk8ba	C
2020-03-25 10:04:08.765823	u/hereforOnePiece	flgknpf	u/Rupertii	flgj7tl	C
2020-03-25 10:05:01.628438	u/semo0610	flgkpbf	u/Randomaniac03	flg1pvu	C
2020-03-25 10:05:51.368146	u/Enigma828	flgkr9f	u/GlacialDuck	flgcsj7	C
2020-03-25 10:06:12.047453	u/RestlessMoss	flgkrwp	u/FuckinGandalfManWoah	flgjsnp	C
2020-03-25 10:06:14.603637	u/Squatbalt-Gaming	flgkrxi	u/Randomaniac03	flg1pvu	C
2020-03-25 10:06:30.949826	u/-Gabe_Itch-	flgksap	u/AutoModerator	flg23bo	C
2020-03-25 10:06:51.517527	u/13x666	flgksyv	u/Emperor_O_Memes	flg43tu	C
2020-03-25 10:07:11.819385	u/TreeWreck	flgktrt	u/Lwyz016	flgfha4	C
2020-03-25 10:07:28.228622	u/blipbloop69	flgkuae	u/p_shark162	flgfse8	C
2020-03-25 10:07:29.840288	u/elpufff	flgkuax	u/zayakk	flgk59i	C
2020-03-25 10:07:45.542569	u/Vexidemalprince	flgkuwq	u/bested124	flge04c	C
2020-03-25 10:07:57.163581	u/Stinkerma	flgkv7q	u/TurRetsdud19	flgjsgl	C
2020-03-25 10:08:14.686226	u/Simply2Pro	flgkvo0	u/Rinzler4171	flgf0pm	C
2020-03-25 10:08:33.635083	u/makinbears	flgkw9m	u/AAFC417	flgh03a	C
2020-03-25 10:08:35.734893	u/K1FF3N	flgkwc9	u/lalang2002	flg7aaz	C
2020-03-25 10:08:49.353838	u/its_me_slimeman	flgkx14	u/RepostSleuthBot	flgjwdh	C
2020-03-25 10:09:09.892217	u/jondobon	flgky35	u/heeeeerrsssJ0NNY	flggsbl	C
2020-03-25 10:09:13.464221	u/Hijacklol123	flgkyca	u/NewAgeDoom	flgkvfx	C
2020-03-25 10:09:20.405643	u/ARanfomGuyWithALlama	flgkysz	u/racerfree	flgkugp	C
2020-03-25 10:09:46.027682	u/Depressed_introvert1	flgl0du	u/DavidTheBanana8	flgi2ot	C
2020-03-25 10:09:56.208742	u/Agent1503	flgl0ve	u/kacpros_69	flgjwfl	C
2020-03-25 10:10:00.066867	u/gonzoswunks	flgl174	u/elchuracodedoggo	flgdppg	C
2020-03-25 10:10:09.831454	u/yaha_mai_hilata_hu	flgl1g0	u/crazyplant_lady	flg8057	C
2020-03-25 10:10:29.459347	u/debid4716	flgl1z2	u/LickitySpickity	flgdfuc	C
2020-03-25 10:10:34.303513	u/zach__09	flgl2da	u/Simply2Pro	flgkvo0	C
2020-03-25 10:11:07.295191	u/sebdemoose	flgl31i	u/adrianna56785	fl7ru2e	C
2020-03-25 10:12:27.916745	u/samwolf101	flgl5hw	u/Randomaniac03	flg8917	C
2020-03-25 10:12:51.530905	u/Labinak	flgl6st	u/War-O-Pigeon	flgkw51	C
2020-03-25 10:13:12.947498	u/dependable-bastard	flgl789	u/Thort3	fleigf8	C
2020-03-25 10:13:45.816836	u/Zsmudz	flgl8u8	u/Adam_Sandler_haha	flgakfa	C
2020-03-25 10:13:58.885270	u/QueueBitz	flgl97a	u/SigmaRoyal	flg8v1a	C
2020-03-25 10:14:13.516703	u/M-Texis	flgl9rp	u/JoeJoey2004	flgj86r	C
2020-03-25 10:14:43.182960	u/SpaniardWithA9mm	flglaxc	u/TherionX2	flgfcbi	C
2020-03-25 10:14:48.339394	u/the-alt-yes	flglazt	u/JohnX-ray	flgiovu	C
2020-03-25 10:15:09.059918	u/Vonarian_IR	flglbjs	u/DictatorTJ	flgl8ws	C
2020-03-25 10:15:28.783113	u/Gravido	flglc2h	u/GlacialDuck	flgd8o6	C
2020-03-25 10:15:43.933570	u/wonderingabouts	flglcfw	u/EmperorRosa	flgayl3	C
2020-03-25 10:15:45.921913	u/Jaws1391	flglci2	u/TheAllKnowingCharles	flgkrda	C
2020-03-25 10:16:10.343968	u/ytshenkerzbeanbag	flgldm3	u/XxFIRE_GUYxX	flg6my3	C
2020-03-25 10:16:24.992818	u/Felix_Shellberg	flgle5s	u/Corona-Beer-is-cure	flgl17p	C
2020-03-25 10:16:33.167725	u/domofan	flgleoo	u/ing_die	flgcibs	C
2020-03-25 10:17:47.758782	u/BloomingNova	flglhpb	u/BoringOral	flg55uz	C
2020-03-25 10:17:49.407779	u/mulderok	flglhpm	u/RepostSleuthBot	flgjhwu	C
2020-03-25 10:17:58.631970	u/DonkyDongos	flglik5	u/TrIbOiD_RaJa	flgg9rf	C
2020-03-25 10:18:00.816411	u/SoMeTiMeSmEmEs	flglil3	u/De4thL0rd19	flgk1d8	C
2020-03-25 10:18:06.187131	u/Axelaxelaxe	flglit4	u/filipo_ltd	flgks44	C
2020-03-25 10:18:47.078619	u/archerbow234	flglkgs	u/Le-memerond	flgcnhp	C
2020-03-25 10:19:23.577087	u/Deathnoob101	flgllz6	u/SpiralYeet	flgf3qw	C
2020-03-25 10:19:31.019032	u/mnm-304	flglmke	u/SeanCPR	flg7wjb	C
2020-03-25 10:19:31.934891	u/JloBaJlb	flglmma	u/babatundeHD	flggtsr	C
2020-03-25 10:19:33.422571	u/total_analyzation	flglmpk	u/Idooogamers	flgkmy6	C
2020-03-25 10:19:36.422186	u/Unexpected_Shrew	flglmvz	u/Johantje55	flgj94i	C
2020-03-25 10:19:39.183526	u/Kokois1yes	flgln68	u/ShadowBloxxer	flglj4e	C
2020-03-25 10:19:53.611483	u/Odinovic	flglo3o	u/GlacialDuck	flgcsj7	C
2020-03-25 10:20:05.321025	u/barbarao5p0	flgloqm	u/theregretmeter	fon6wo	S
2020-03-25 10:20:35.637563	u/jeremix_ay	flglpve	u/shaggyjonny	flgcftv	C
2020-03-25 10:20:47.441258	u/TheSilverBoy05	flglqjm	u/StockCar44	flgl4i5	C
2020-03-25 10:20:58.632299	u/Scarlet_slagg	flglqw7	u/DoggishNoob	flginh0	C
2020-03-25 10:21:14.585292	u/Mama_Comic	flglr9q	u/MAINCRACIO	flgb8vt	C
2020-03-25 10:22:00.307708	u/Asriel_Dreeeemurr	flgls6j	u/Wtk17	flgj1ao	C
2020-03-25 10:22:15.304515	u/AggressiveMeow69420	flglsk8	u/Randomaniac03	flg1pvu	C
2020-03-25 10:22:19.056295	u/BGFun2000	flglsm3	u/memetaco97	flgd3cp	C
2020-03-25 10:22:40.734783	u/Hydrocalypse97	flglt7f	u/madzest	flgjac7	C
2020-03-25 10:23:23.207383	u/Skinny-boi-Emmett	flglui3	u/luca01d	flg1t5h	C
2020-03-25 10:23:32.531101	u/CreatorGangwar	flglv0w	u/Inkdkaijudude	flgg050	C
2020-03-25 10:23:45.439966	u/Kungfuperson	flglvgp	u/elevmikasa	flglt44	C
2020-03-25 10:23:50.609403	u/destroydoom168	flglvmj	u/austind9999	flge4ez	C
2020-03-25 10:23:58.224728	u/78sixsixsix	flglvs4	u/MAINCRACIO	flglbe3	C
2020-03-25 10:24:00.759227	u/fatprogamer4720	flglvvf	u/Cursed_Lad123	flf66ig	C
2020-03-25 10:24:25.917533	u/Z_World_Of_Haneethra	flglx0j	u/TheChocolateCray	flg9lkj	C
2020-03-25 10:24:27.998082	u/AfrickiShljivar	flglx0z	u/GreenGriffin8	flgjf7q	C
2020-03-25 10:24:45.027498	u/Yorudesu	flglxnu	u/tbrink23	flgjtzq	C
2020-03-25 10:25:42.373552	u/robloxgirl99	flglzxf	u/MAINCRACIO	foofox	S
2020-03-25 10:25:53.562290	u/HolidayInChernobyl	flgm06j	u/milksoup-_-69	flgbtsc	C
2020-03-25 10:26:05.849244	u/L3MN15C4T3	flgm0hl	u/AutoModerator	flglmwv	C
2020-03-25 10:26:21.443887	u/wampmaster3000	flgm0wh	u/FizzyBoy147	flgj337	C
2020-03-25 10:26:39.219571	u/myska_50	flgm1lw	u/Gustav_EK	flgicxi	C
2020-03-25 10:27:04.936027	u/gausidolf	flgn5h2	u/Benedict_pony_man	flgf1yb	C
2020-03-25 10:27:07.591262	u/kcp113	flgn5j9	u/SykoSeth	flg61uy	C
2020-03-25 10:27:11.202182	u/Sousa_4	flgn5mj	u/_DarkAnxiety	flglrcc	C
2020-03-25 10:27:31.280977	u/Hp160	flgn6dc	u/Morfilix	flg4fad	C
2020-03-25 10:27:36.672531	u/moshgreen	flgn6li	u/RAGEfan0m	flgn2d6	C
2020-03-25 10:27:38.354010	u/Orikuu	flgn6o4	u/dovedevic	fl2izeo	C
2020-03-25 10:27:44.720607	u/BenDoverVEVO	flgn6vx	u/ThiccDragonfruit	flgj3nm	C
2020-03-25 10:28:02.272909	u/MaximusLazinus	flgn7n3	u/DaWhiteLight	flgmsoq	C
2020-03-25 10:28:08.981253	u/Hobbes501	flgn7za	u/gravitymeme56	flghq97	C
2020-03-25 10:28:12.025961	u/zemlapyxom	flgn7zt	u/aScrollingProgram	flgemdb	C
2020-03-25 10:28:14.476475	u/poops-n-farts	flgn82o	u/CreatorGangwar	flglv0w	C
2020-03-25 10:28:29.387230	u/contrainer	flgn8ec	u/why-every-name-taken	flgn1bz	C
2020-03-25 10:28:59.466347	u/Sportacos	flgn9ad	u/dabbykid98	flfs49k	C
2020-03-25 10:29:40.070973	u/leremias	flgnayu	u/TaisouJeanne	flg9jk8	C
2020-03-25 10:29:47.341644	u/FinishDoge	flgnbjb	u/Volcanic8171	flgjxlc	C
2020-03-25 10:29:53.910666	u/Yoshi_Joshi2107	flgnc2a	u/fynn_is_on_reddit	flgjz5g	C
2020-03-25 10:29:56.250690	u/Cyb3r_Ang3l	flgncal	u/kcp113	flgn5j9	C
2020-03-25 10:30:00.200560	u/introverted_penguin1	flgncmw	u/finnikarma2431	flgn89b	C
2020-03-25 10:30:03.898555	u/Elguaje29	flgncov	u/MAGIC_EYE_BOT	flgn80c	C
2020-03-25 10:31:00.920687	u/ppboi69-	flgnehg	u/austind9999	flge4ez	C
2020-03-25 10:31:23.003304	u/theEmeraldMimecraftM	flgnf30	u/HolidayInChernobyl	flg4632	C
2020-03-25 10:31:33.016427	u/Cucuk-Drigon	flgnf9s	u/sub2pewdsJustdoit	flcn9w4	C
2020-03-25 10:32:53.634992	u/DarkGreenHeadphones	flgnh3w	u/B3a_ns	fl4f4x0	C
2020-03-25 10:32:55.791813	u/Lonelybiscuit07	flgnh9t	u/RyanLikesAntiques	flgmbck	C
2020-03-25 10:33:34.361352	u/Cool_usernameLaith	flgni0f	u/thom2553	flgj2wc	C
2020-03-25 10:34:10.643919	u/Rreeccee123	flgnj42	u/MrSaucyAlfredo	flgjnq1	C
2020-03-25 10:34:38.818288	u/waffle-lvl-100	flgnjx4	u/ANIKET_UPADHYAY	flgncmb	C
2020-03-25 10:34:59.806091	u/sintaur	flgnkm7	u/seductive_virgin	flgk55l	C
2020-03-25 10:35:04.277951	u/Deathbysugar2020	flgnkn2	u/thehollywoffle	flgk9vv	C
2020-03-25 10:35:16.591337	u/Piroinmypants	flgnky2	u/AreYouSimp	flgne0g	C
2020-03-25 10:35:37.797680	u/brianna18976	flgnlsl	u/mrawesome321c	flfih4b	C
2020-03-25 10:36:01.212172	u/McENEN	flgnmo6	u/MAINCRACIO	flgmdsn	C
2020-03-25 10:36:28.166625	u/115GD9	flgnnrq	u/WD40911	flggcgg	C
2020-03-25 10:36:48.684891	u/ZerrikThel	flgnoss	u/ChaosAndOrder_	flgjevs	C
2020-03-25 10:36:51.550113	u/italoxiz	flgnovt	u/atiedebee	flgn62w	C
2020-03-25 10:36:55.781731	u/Guy2933	flgnp00	u/Corona-Beer-is-cure	flgl17p	C
2020-03-25 10:37:17.788824	u/nikhilsath	flgnpk9	u/austind9999	flgee56	C
2020-03-25 10:37:24.679299	u/TRNielson	flgnpyr	u/Pannenkoek420	flg1cvy	C
2020-03-25 10:37:54.899060	u/Naptownfellow	flgnr17	u/Mber76	flgnaar	C
2020-03-25 10:37:56.532140	u/Marcodcx	flgnr3x	u/a_fine_gentleman99	flgi6t1	C
2020-03-25 10:38:04.430088	u/Diemme_Cosplayer	flgnrka	u/Deathbysugar2020	flgnmyd	C
2020-03-25 10:38:10.733973	u/Homosexuql	flgnrzv	u/CurfBoi	flgng07	C
2020-03-25 10:38:16.107915	u/atotalfuckingfailure	flgns99	u/EmperorRosa	flgayl3	C
2020-03-25 10:38:17.742843	u/HuntehHerd	flgnsap	u/monocontraje	flgnhcc	C
2020-03-25 10:38:51.857613	u/verbalyabusiveshit	flgnu5b	u/DAMSON__3	flgla97	C
2020-03-25 10:38:53.303349	u/crapamoly123	flgnu6c	u/Apple_man9511	flgnq5h	C
2020-03-25 10:38:54.640244	u/ArcticF0x-	flgnu7g	u/heromaster675	flgj277	C
2020-03-25 10:39:17.737717	u/adkow	flgnvgl	u/EvaRhodes22	flgbz3l	C
2020-03-25 10:39:31.683428	u/Empty_Damage	flgnwbt	u/CheesusKrispy	flgen9s	C
2020-03-25 10:39:34.455896	u/Connor0319	flgnwdl	u/AutoModerator	flglmwv	C
2020-03-25 10:39:37.979454	u/thesloth212	flgnwhn	u/FuckinGandalfManWoah	flgnqew	C
2020-03-25 10:39:40.545411	u/Aznabil	flgnwll	u/SociallyAwkward423	flgmxn5	C
2020-03-25 10:39:45.391416	u/Ibean2d	flgnxgg	u/TomNic99	flgnuno	C
2020-03-25 10:39:51.176088	u/Hulkbuster00	flgny22	u/Benni1204	flgnejx	C
2020-03-25 10:39:55.293202	u/Iceygamingrulez	flgnyhi	u/RepostSleuthBot	flgngf9	C
2020-03-25 10:40:06.387567	u/AdrianFdabest	flgnza4	u/LegendaryHooman	flg7pjh	C
2020-03-25 10:40:17.861942	u/Hir0w	flgnznj	u/VersedFlame	flgi07q	C
2020-03-25 10:40:29.325004	u/arsh_marsh	flgnzyr	u/MrSaucyAlfredo	flgjnq1	C
2020-03-25 10:40:42.971980	u/FireFoxRevolution	flgo0is	u/ScreaminNo	fohxs8	S
2020-03-25 10:41:12.652894	u/ghostlysapphire90	flgo1bp	u/ifoughtpiranhas	flfzje4	C
2020-03-25 10:41:32.978114	u/spicy_af_69	flgo1p6	u/marksiwelforever	flgc44b	C
2020-03-25 10:41:51.445847	u/_lukizzza_	flgo288	u/Chaos75321	flf6a0w	C
2020-03-25 10:41:53.931411	u/Luckymarvini	flgo29n	u/Darth_Star_Vader	flgkwrt	C
2020-03-25 10:41:59.804689	u/idoomi4real	flgo2ck	u/OwlBoiy	flgnrtk	C
2020-03-25 10:42:09.023700	u/Spazbandicoot	flgo2jr	u/Ao1Yamada	flgnlha	C
2020-03-25 10:42:33.567907	u/saikaushal	flgo30q	u/Randomaniac03	flg1pvu	C
2020-03-25 10:42:50.884030	u/Diz_169	flgo3ja	u/YoYoYoWhatItIs8	flgnu93	C
2020-03-25 10:43:05.512834	u/clumsyninja3086	flgo42v	u/klop422	flge3q5	C
2020-03-25 10:43:08.782298	u/paddy0525	flgo44u	u/kalagangs	flgkuw5	C
2020-03-25 10:43:25.877397	u/OhHello969	flgo4na	u/Evolvedfish7	fld5ydf	C
2020-03-25 10:43:55.260228	u/NitroPuncher	flgo5il	u/Kidplayer_666	flgo151	C
2020-03-25 10:44:36.935772	u/MiddleBox18	flgo730	u/6969BigPP6969	flg18ol	C
2020-03-25 10:44:50.374667	u/SerbianAntiVaxxer	flgo7oi	u/monocontraje	flgnhcc	C
2020-03-25 10:44:56.135065	u/CaptainRexAKACT-7567	flgo7q9	u/Vraxx2002	flgnhlb	C
2020-03-25 10:45:01.222573	u/Alkavra	flgo7tz	u/Pip_Bernadotte07	flgnhip	C
2020-03-25 10:45:07.161937	u/Aditya_the_wise	flgo803	u/TheCrispyYest	flghl4t	C
2020-03-25 10:45:18.186464	u/trololowler	flgo8k6	u/EmperorRosa	flgayl3	C
2020-03-25 10:45:24.092743	u/novato12	flgo8lu	u/Spazbandicoot	flgo2jr	C
2020-03-25 10:45:43.819372	u/gameskill123	flgo9u0	u/A_casual69	flgdceq	C
2020-03-25 10:46:14.342170	u/LordVadrayous	flgoau5	u/CaptainRexAKACT-7567	flgo6mq	C
2020-03-25 10:46:16.244510	u/BenLea1	flgoaz9	u/redtagger99	flg9xve	C
2020-03-25 10:46:27.746960	u/trippy_unicorn	flgobe9	u/MrSaucyAlfredo	flgjnq1	C
2020-03-25 10:46:29.716529	u/sUb2pedDs	flgobeh	u/__Toaster	flgo6jz	C
2020-03-25 10:46:41.845146	u/ChopdogYeet	flgobsj	u/Lambokiller18	flga1kp	C
2020-03-25 10:46:46.704038	u/F0RTI	flgoc8u	u/somegarbagedoesfloat	flg857f	C
2020-03-25 10:46:49.582495	u/agz91	flgocch	u/RepostSleuthBot	flgfa6l	C
2020-03-25 10:46:56.310933	u/kunmop	flgocjc	u/SirShrekTheBrave21	fop4u5	S
2020-03-25 10:46:58.159661	u/Dratinik	flgock6	u/YoYoYoWhatItIs8	flgnu93	C
2020-03-25 10:47:17.478983	u/knifuser	flgodmq	u/TheFeenyCall	flfyh4e	C
2020-03-25 10:47:21.138192	u/The-Don-J	flgodxb	u/CaptainRexAKACT-7567	flgobnc	C
2020-03-25 10:47:28.333667	u/maybe_a_b0t	flgoe7b	u/RepostSleuthBot	flgocre	C
2020-03-25 10:47:38.840975	u/Number_Bot	flgoefr	u/knifuser	flgodmq	C
2020-03-25 10:47:43.430585	u/Arthas_Litchking	flgoerz	u/RepostSleuthBot	fle950r	C
2020-03-25 10:47:57.553125	u/Ben__Jaming	flgofgs	u/I_Play_Minecraft_Guy	flgiyj0	C
2020-03-25 10:48:07.611381	u/PandaBoi696969	flgofq2	u/VibraniumDragonborn	fl5nrgn	C
2020-03-25 10:48:19.570417	u/depressedkid1233	flgogf5	u/PickButtkins	flfpq6w	C
2020-03-25 10:48:40.937743	u/Fitzgamer999	flgoh9c	u/The_night_camel	flg0b27	C
2020-03-25 10:48:42.447730	u/GR33NDORITOS	flgoh99	u/crapamoly123	flgnu6c	C
2020-03-25 10:49:05.691037	u/Absolute9yrMadLad	flgoiiz	u/Ao1Yamada	flgnlha	C
2020-03-25 10:49:33.392301	u/MegaAlmond	flgojow	u/madzest	flgjac7	C
2020-03-25 10:49:36.574732	u/maaaaaaaaaaahelp	flgojpz	u/GR33NDORITOS	flgoh99	C
2020-03-25 10:49:41.225986	u/ArrrMeHearty	flgok52	u/mohaee	flez01d	C
2020-03-25 10:49:42.620643	u/misswilwarin	flgok7b	u/fualtyzane	flfvfr7	C
2020-03-25 10:49:56.479479	u/WeiszGuy	flgoktn	u/dovedevic	fl2izeo	C
2020-03-25 10:50:11.467521	u/Electro9089	flgol9j	u/OhHello969	flgogu6	C
2020-03-25 10:50:20.424975	u/gaming-jackalope	flgolls	u/TheNightsLegend	flghmi8	C
2020-03-25 10:50:33.738839	u/Sophi1602	flgom0v	u/strange_wilds	flgnm1a	C
2020-03-25 10:50:39.408033	u/MrsDiscoB	flgom4q	u/MonsterDimka	flg8lak	C
2020-03-25 10:50:48.589320	u/OrdinaryRedditor2	flgomfd	u/Cootie_Gamer_69	flgngw1	C
2020-03-25 10:51:05.126988	u/ferrariplayer	flgonc2	u/JustUpvote69	flgjqgm	C
2020-03-25 10:51:45.193259	u/Fried_Waffles1	flgoolx	u/sam_gold17	fley2m5	C
2020-03-25 10:52:30.755424	u/Bobthefreakingtomato	flgoq73	u/CheapAsRamenNoodles	flgoi97	C
2020-03-25 10:53:00.467368	u/satjiuma	flgord6	u/MediumSatisfaction1	flgnuy4	C
2020-03-25 10:53:27.003721	u/AJ-Naka-Zayn-Owens	flgos6s	u/potatodude456	flgkkzk	C
2020-03-25 10:53:59.148872	u/Douglas7201	flgotqn	u/S4J3R05	flgnqds	C
2020-03-25 10:54:40.459986	u/Dzahoda2865	flgov11	u/Bobthefreakingtomato	flgoq73	C
2020-03-25 10:54:50.902190	u/The_red_juice	flgovcp	u/ExternalClock89	flginbj	C
2020-03-25 10:54:59.961678	u/Abortionisnotaright	flgovpe	u/matgravel	flffj5m	C
2020-03-25 10:55:27.182108	u/Fastesturtle_101	flgowgi	u/OrdinaryRedditor2	flgomfd	C
2020-03-25 10:55:44.979159	u/Jetideal	flgox5c	u/idkwutnametouse	flgnuyk	C
2020-03-25 10:55:56.860088	u/Sin_Cos_Im_Tan	flgoxjy	u/redtagger99	flg9xve	C
2020-03-25 10:56:17.899352	u/alom123456	flgoy6m	u/Rupertii	flglllk	C
2020-03-25 10:56:41.389947	u/Kempyy24	flgoyzk	u/GinoPietermaa1	flgofdr	C
2020-03-25 10:57:06.985446	u/barkmeister	flgp02z	u/Darth_Star_Vader	flgkwrt	C
2020-03-25 10:57:11.250785	u/vanished_zinc	flgp0ei	u/hershey4bacon	flgogho	C
2020-03-25 10:57:13.000614	u/Denism95	flgp0er	u/a_planet_4	flgiasd	C
2020-03-25 10:57:24.739284	u/MC_CoolKid	flgp175	u/Dking223	flg6m92	C
2020-03-25 10:57:29.944944	u/HumanBean1234	flgp1gx	u/Rapid_Official	flgkeap	C
2020-03-25 10:57:32.508942	u/LeRealGabrielGD	flgp1lf	u/Deathnoob101	flgllz6	C
2020-03-25 10:57:35.826609	u/scarlescut	flgp1oh	u/lukeyr04	fldq7d3	C
2020-03-25 10:58:22.364287	u/yourindispensibleguy	flgp3vs	u/EvaRhodes22	flgbz3l	C
2020-03-25 10:58:50.963420	u/mrtwitch222	flgp5ra	u/EstrayOne	flgakz0	C
2020-03-25 10:59:37.175189	u/Muted_Storm	flgp8ry	u/MiddleBox18	flgofyr	C
2020-03-25 10:59:39.516590	u/Necromancer2169	flgp8uu	u/floridanan	flgeuje	C
2020-03-25 10:59:50.156842	u/truebacon998	flgp9qk	u/Alkavra	flgo7tz	C
