2020-03-29 10:00:24.806963	u/ifndefx	fltx74z	u/jaisaitu	fltx5ok	C
2020-03-29 10:00:53.424616	u/Berks2381	fltx7y1	u/musicalgeek123	fltqvc8	C
2020-03-29 10:01:00.193762	u/Playeryboi	fltx846	u/VultureEyes	fltv6cv	C
2020-03-29 10:01:11.795612	u/Washys_finest	fltx8bb	u/simplyexplained123	fltw0sv	C
2020-03-29 10:01:18.929065	u/GIFSuser	fltx8hi	u/snowlynx133	flti7pd	C
2020-03-29 10:01:36.177508	u/nrrose224	fltx920	u/F0RTI	fltvoal	C
2020-03-29 10:01:43.294651	u/BigDom92	fltx9av	u/SecretGiver	fltit1a	C
2020-03-29 10:01:50.215794	u/Hax_Dr	fltx9f0	u/Y0lkEgg	fltwljt	C
2020-03-29 10:02:14.870387	u/FroogFrumTwitter	fltx9za	u/Bos_lost_ton	fltu183	C
2020-03-29 10:02:18.234295	u/riverofninjas	fltxa80	u/AmishPoser	fltwzt6	C
2020-03-29 10:02:41.869578	u/lerg1	fltxatb	u/XxEzKillsxX	fltwagi	C
2020-03-29 10:03:22.129225	u/GhostGree	fltxbt9	u/MartPlayZzZ	fltxb0b	C
2020-03-29 10:03:47.816478	u/Crazyturtle7184	fltxcnj	u/aLemonMeme	fltvthk	C
2020-03-29 10:04:22.762439	u/Letwen	fltxdmu	u/notyourgrandma420	flttww4	C
2020-03-29 10:04:24.897505	u/Emeraldninja33	fltxdoe	u/CommunistQwerty	fltwsh1	C
2020-03-29 10:04:39.913531	u/Toast_Soup	fltxe6v	u/yeet_mcdabs246	fltx77j	C
2020-03-29 10:04:57.580808	u/Cowlixthememewatcher	fltxepf	u/staywithxme	flttq3c	C
2020-03-29 10:05:23.647767	u/onedankshitlord	fltxfz1	u/FrostyBoss07	flt2efc	C
2020-03-29 10:05:33.599322	u/Slyminator	fltxg6g	u/R_Zamo360	fltwp5u	C
2020-03-29 10:06:07.642949	u/ApolloKW	fltxhdx	u/RepostSleuthBot	fltsupw	C
2020-03-29 10:06:11.078015	u/ButterBoi112	fltxhe9	u/LJanzen	fltshi8	C
2020-03-29 10:06:13.850084	u/Username2k6	fltxhhl	u/XxEzKillsxX	fltwagi	C
2020-03-29 10:06:16.632693	u/_ThankU-next	fltxhj7	u/wardio4	fltiq3s	C
2020-03-29 10:06:47.832411	u/lasssilver	fltxint	u/greenmuddy	fltu8kd	C
2020-03-29 10:07:01.515470	u/hunterfox20	fltxj2z	u/galactixo	fltteym	C
2020-03-29 10:07:14.657267	u/NoteToBear	fltxjg8	u/Dal3k1742	fltvhh5	C
2020-03-29 10:07:39.005171	u/Smld97	fltxkba	u/Mechagodzilla_3	fltw7th	C
2020-03-29 10:07:49.212147	u/RoundishCobra97	fltxklh	u/Billy_T_Wierd	fltrkc2	C
2020-03-29 10:07:52.803178	u/xdhoomy12x	fltxkqj	u/MediocrePenisNumber6	fltl6pa	C
2020-03-29 10:07:54.362680	u/littlemishabear	fltxkw8	u/Noobster646	fltuqxh	C
2020-03-29 10:07:57.497092	u/Chancethefapper69	fltxkxf	u/dontPMyourreactance	fltvta3	C
2020-03-29 10:08:03.196821	u/Negotior	fltxl5z	u/Python208	fltuljk	C
2020-03-29 10:08:08.482647	u/babatelli	fltxlce	u/littlefar	fltmpgg	C
2020-03-29 10:08:16.882057	u/TuhnuPeppu	fltxlnx	u/el_hirmo	fltv7fb	C
2020-03-29 10:08:18.387960	u/Familiar-Handle	fltxlog	u/OHIEA	fltusc5	C
2020-03-29 10:08:24.163385	u/masked_memer	fltxly0	u/thejamesining	flteupk	C
2020-03-29 10:08:25.708796	u/foodisnoice	fltxlzd	u/TsuShiNe	flth5fk	C
2020-03-29 10:08:33.270229	u/AmpexPL	fltxmd3	u/SirRazma	fltw1a2	C
2020-03-29 10:08:34.753984	u/Unique_account_	fltxmdu	u/tonybambam1995	fltqbkf	C
2020-03-29 10:08:48.756251	u/QuickComboZ	fltxmrw	u/RepostSleuthBot	fltxm2o	C
2020-03-29 10:08:55.148402	u/Beach-Bird	fltxn56	u/man-who-says-donut	fltxk4f	C
2020-03-29 10:09:05.081853	u/MechaSpirit	fltxnio	u/-_-Uncommon	flto4fs	C
2020-03-29 10:09:58.356972	u/BlackStormMaster	fltxr2b	u/Spalter_alder	fltujuh	C
2020-03-29 10:10:14.754721	u/--defenestration--	fltxrle	u/darrellmarch	flts6u1	C
2020-03-29 10:10:38.403035	u/Lackmey	fltxs52	u/racerfree	fltdhuw	C
2020-03-29 10:10:51.966094	u/Shadowpika655	fltxsmp	u/serial_code_r	fltfq7r	C
2020-03-29 10:11:02.120620	u/ladive	fltxswm	u/bestgamerYT	fltnzc5	C
2020-03-29 10:11:14.040939	u/Ml18torj	fltxt7b	u/End_Of_The_Line101	fltom3u	C
2020-03-29 10:11:17.384260	u/BeauTheBeau	fltxtb8	u/AutoModerator	fltvw9z	C
2020-03-29 10:11:31.057403	u/RandomTyp	fltxtja	u/ManiacZombie69	fltrjfm	C
2020-03-29 10:11:51.597474	u/OWiseOne69	fltxuh1	u/jicty	fltt9h5	C
2020-03-29 10:11:55.437884	u/Mtl370	fltxukq	u/FluuBk	fltwlq2	C
2020-03-29 10:12:17.802729	u/DontKickMeh	fltxv58	u/ExO_o	fltvo4r	C
2020-03-29 10:12:38.587132	u/Marmorexx	fltxvks	u/elskidaadleskidoodle	fltxd0w	C
2020-03-29 10:13:16.696109	u/I-like-to-eat-kids	fltxwgd	u/RepostSleuthBot	fltxske	C
2020-03-29 10:13:25.333430	u/Valentino2503	fltxwvl	u/vadhi123	fltxd7g	C
2020-03-29 10:14:04.339691	u/KNCKR	fltxycm	u/AutoModerator	fltxo3j	C
2020-03-29 10:14:07.583578	u/TheJehovah22	fltxygd	u/TsuShiNe	flth5fk	C
2020-03-29 10:14:12.055631	u/JoeLyonss	fltxypa	u/TECHNOCAT112	fltxgqc	C
2020-03-29 10:14:19.242772	u/mewtwo_is_gud	fltxyyg	u/AsumaBoy	fltppq7	C
2020-03-29 10:14:29.474122	u/Jhrob_99	fltxz3e	u/RepostSleuthBot	fltxwf9	C
2020-03-29 10:14:36.605496	u/MuchBow	fltxzbb	u/Jalle-Habibi	fltmara	C
2020-03-29 10:14:55.572762	u/cacamaca777	flty00e	u/Darkcat9000	fltcg9k	C
2020-03-29 10:15:01.887455	u/TheBroomSweeper	flty08p	u/JustAnotherBeefMan	fltk5hk	C
2020-03-29 10:15:39.707548	u/Nordmas	flty1kk	u/TheKingOfEverything0	fltvsuz	C
2020-03-29 10:16:00.747552	u/Flaccid_Pancake_	flty24x	u/Shrekyboidank	flttui9	C
2020-03-29 10:16:10.158704	u/ToastyAlligator	flty2bz	u/Eyy_Dooga	fltw3rs	C
2020-03-29 10:16:14.140242	u/ethan-927	flty2ec	u/JonahTheNowAwesome	flty157	C
2020-03-29 10:16:19.927009	u/yeatlord	flty2ox	u/MaxTheHomie5012	flt645a	C
2020-03-29 10:16:28.987092	u/andijones	flty30q	u/XxEzKillsxX	fltwagi	C
2020-03-29 10:16:39.411395	u/cokky_teh_hamstart	flty3le	u/DragoDoctor67	fk9yasv	C
2020-03-29 10:16:44.777853	u/SuperSpiral	flty3sz	u/C0uchP0t4tO	fltxxtx	C
2020-03-29 10:17:32.823058	u/RedDemio	flty54v	u/Willy-G-The-1st	fltxk1l	C
2020-03-29 10:17:49.625083	u/Svennboii	flty5j2	u/LJanzen	fltsl73	C
2020-03-29 10:18:12.414493	u/CaninimTheGreat	flty6as	u/XxEzKillsxX	fltwagi	C
2020-03-29 10:18:20.131511	u/0rig1nalUs3rnam3-101	flty6od	u/elskidaadleskidoodle	fltxypl	C
2020-03-29 10:18:38.028263	u/Physched	flty7y5	u/Decadence04	fltusc2	C
2020-03-29 10:18:53.706345	u/wrs0017	flty8ra	u/CBDandTulsiTea	fltxxep	C
2020-03-29 10:19:04.662058	u/MensageiroDoCarlos	flty9fy	u/Noneofyourbuisness_	fltvrat	C
2020-03-29 10:19:07.975298	u/memefantastisch	flty9ko	u/Pranksmeyster	fltxm3m	C
2020-03-29 10:19:13.556817	u/NMmrNice	flty9om	u/TECHNOCAT112	fltxza1	C
2020-03-29 10:19:30.139041	u/WikThorKun	fltya10	u/ruimnf	fltx6rs	C
2020-03-29 10:19:35.354870	u/HurmioneDanger	fltyac2	u/TECHNOCAT112	fltxgqc	C
2020-03-29 10:19:43.985626	u/lawdbutterdagreahtus	fltyanx	u/borkzy1	fltxbm7	C
2020-03-29 10:19:48.630877	u/elfluffynator	fltyb5b	u/dontPMyourreactance	fltsar1	C
2020-03-29 10:19:56.691468	u/FezEmerald	fltybi2	u/larsynogen	fltxrcj	C
2020-03-29 10:20:04.205010	u/PP_Josefon24	fltyc2d	u/VibraniumDragonborn	fl5nrgn	C
2020-03-29 10:20:14.727105	u/HelloFellowKidlings	fltycdb	u/SergeantPotatoes	fltvi1r	C
2020-03-29 10:20:35.861349	u/xxMemeSnakexx	fltyd1j	u/oogaboogaNXS	fltxxo9	C
2020-03-29 10:20:57.452980	u/sailorharuka	fltydjs	u/Fat_Miltank_Pussy	fltvy22	C
2020-03-29 10:21:51.881666	u/KingofFairview	fltyf4i	u/Decadence04	fltusc2	C
2020-03-29 10:21:57.978827	u/RedgrenGrumbholdt420	fltyfg7	u/TheKhun	fltmmtl	C
2020-03-29 10:22:35.406359	u/EmoGayRat	fltyh3b	u/Maks56RUS	fltpagk	C
2020-03-29 10:22:57.307781	u/Lucidebass3	fltyhzq	u/greylegobricks_	fltq2av	C
2020-03-29 10:23:16.943275	u/JediSpectre117	fltyia5	u/DeadMan-Walkin	fltp7gl	C
2020-03-29 10:23:36.646749	u/A_man_of_culture_cx	fltyix4	u/aLemonMeme	fltvthk	C
2020-03-29 10:23:43.015692	u/Stellebork	fltyj0m	u/Admirable_Hawk	flt7ka0	C
2020-03-29 10:24:13.062071	u/yougaybecauseyougay	fltyk6e	u/MaatRolo	fltyhww	C
2020-03-29 10:24:16.130794	u/_rsmavi_	fltyk8r	u/High_Orion	fltfp1e	C
2020-03-29 10:24:18.187413	u/Ali_Fouzan	fltykah	u/TECHNOCAT112	fltycd8	C
2020-03-29 10:24:42.967457	u/adahami	fltykzl	u/Physched	flty7y5	C
2020-03-29 10:24:54.437225	u/Usernames_are_shit	fltyl6x	u/epicface276	flsvhea	C
2020-03-29 10:24:56.718667	u/SanicRock	fltyl7s	u/C3PlastickO	fltrdep	C
2020-03-29 10:25:07.235309	u/ahmadove	fltylqr	u/SergeantPotatoes	fltvi1r	C
2020-03-29 10:25:10.258010	u/Chi1dM013ster	fltylsw	u/MVDSW	fltu9bn	C
2020-03-29 10:25:14.618738	u/ryneisapotato168	fltyly9	u/wardio4	fltiq3s	C
2020-03-29 10:25:21.657529	u/Klevisi23	fltym73	u/jc3av1c45kq3	fltqwfu	C
2020-03-29 10:25:32.828091	u/TheRealLifeSaiyan	fltzrz7	u/TheLambOfChrist	fltyaiq	C
2020-03-29 10:25:47.730949	u/DrDecadence	fltzsmu	u/Anthonyv69420	fltyz08	C
2020-03-29 10:25:58.877593	u/gunjicord	fltztet	u/Meyousus	fltx5iz	C
2020-03-29 10:26:19.684242	u/eli-di	fltztyt	u/fallen_axe_shay	fltzsdw	C
2020-03-29 10:26:41.055665	u/oofxwastaken	fltzumt	u/ww3veteranLevel99	flt8lsz	C
2020-03-29 10:27:01.654183	u/OldnBorin	fltzvag	u/Forkliftboi420	fltx0tq	C
2020-03-29 10:27:16.524376	u/windowjesus	fltzvwt	u/Bryce-I-guess	flsmn0f	C
2020-03-29 10:27:22.030140	u/MR-KRAB-3	fltzw31	u/galactixo	fltteym	C
2020-03-29 10:27:26.287380	u/RealKirbo	fltzw5s	u/TsuShiNe	flth5fk	C
2020-03-29 10:27:35.309489	u/Bobiverse42	fltzwfk	u/DutchWeedBall	fltjyfu	C
2020-03-29 10:28:00.341772	u/Thanggoulian	fltzww5	u/calm_down_saif	fltnqc0	C
2020-03-29 10:28:04.451760	u/Person___Man	fltzwxs	u/_Progamerbutpoor_	fltyb6s	C
2020-03-29 10:28:20.887661	u/TSL_Dad	fltzxqn	u/ManiacZombie69	fltz9vr	C
2020-03-29 10:28:25.192540	u/Mattboss1128	fltzxtp	u/MarshalPhantom	fltz9fx	C
2020-03-29 10:28:31.473517	u/joliesleftnipple	fltzy3q	u/im_mystery666	fr24n2	S
2020-03-29 10:28:49.274522	u/Zunaryon	fltzyyf	u/Noobster646	fltzwhm	C
2020-03-29 10:29:01.933654	u/AutoGeneratedBanana	fltzzo0	u/ButterBoi112	fltxhe9	C
2020-03-29 10:29:21.454400	u/hshshshji	flu00ke	u/R_Zamo360	fltw54h	C
2020-03-29 10:29:25.466915	u/wyoot69	flu00s4	u/DrDecadence	fltytsm	C
2020-03-29 10:29:30.283279	u/Dynamo2205	flu018y	u/DeadlyBird01	flttu8x	C
2020-03-29 10:29:37.890346	u/jorge_w_kush	flu020g	u/GunG4mer0802	fltlqlf	C
2020-03-29 10:29:52.068414	u/zeyyadhoe	flu030s	u/pstarpanos	fltuha2	C
2020-03-29 10:29:59.398689	u/BraveNinja0	flu03j7	u/atotalfuckingfailure	fltusgk	C
2020-03-29 10:30:15.521343	u/Haynnnnnnes	flu045z	u/Schmaddin	fr4glj	S
2020-03-29 10:31:05.637145	u/JimnasticsGaming	flu05ax	u/ManiacZombie69	fltyuay	C
2020-03-29 10:31:09.361740	u/thekronicle	flu05dq	u/SergeantPotatoes	fltn4fn	C
2020-03-29 10:31:26.847472	u/Obi-Wan-Kenflo	flu061t	u/SirShrekTheBrave21	fltp6yw	C
2020-03-29 10:31:31.303839	u/AggressiveChick	flu0698	u/Eislieferant1	fltue8l	C
2020-03-29 10:31:51.077737	u/mmhan91	flu06u2	u/Gritilis_PEPER	fltw3ul	C
2020-03-29 10:32:13.038522	u/DaSchiznit	flu0782	u/M4rkoz	flttrmo	C
2020-03-29 10:32:44.169413	u/ugura	flu07sg	u/AaTu-	fltzy8v	C
2020-03-29 10:32:49.824941	u/CadenPines	flu07wt	u/racerfree	fltbvtk	C
2020-03-29 10:32:57.820106	u/Dyslekcie	flu0891	u/dorkonafork	fltbf9e	C
2020-03-29 10:33:27.964858	u/Count_Dracula_Jr	flu097j	u/Spicy-Mario-Bois	fltj0uv	C
2020-03-29 10:33:44.729058	u/goblinslayer69og	flu09fk	u/king_Lasagna69	fltpm8o	C
2020-03-29 10:34:32.153421	u/super_yeet	flu0b5c	u/RSKAW1452	fltruy4	C
2020-03-29 10:35:14.158227	u/mercedesgwagon	flu0cis	u/yomamasofathahaha	flti7au	C
2020-03-29 10:35:22.680855	u/gonzo594	flu0cwt	u/Meyousus	fltx5iz	C
2020-03-29 10:35:59.620992	u/Venk06	flu0ejo	u/Dudexploring	fltpw4w	C
2020-03-29 10:36:13.150877	u/cfxcgvgvfgycygfctfyc	flu0f4n	u/TheMantasMan	fltr3t1	C
2020-03-29 10:36:18.558956	u/YouHaveASmallShlong	flu0fbs	u/R_Zamo360	fltud8c	C
2020-03-29 10:36:21.237241	u/Fallout76IsPainful	flu0ff9	u/plebposter	fltx7q9	C
2020-03-29 10:36:23.076441	u/static-dragon	flu0ffb	u/wlogan0204	fltiaql	C
2020-03-29 10:36:32.077705	u/SolidPrysm	flu0flz	u/Ryan8088	fltw16e	C
2020-03-29 10:36:36.457693	u/Diamondguy1239	flu0fqv	u/KiabloMaximus	fltuk4a	C
2020-03-29 10:36:41.454328	u/S0nicShadow	flu0g1d	u/RSKAW1452	fltruy4	C
2020-03-29 10:36:57.094168	u/itsatrap_42	flu0gl2	u/Schmaddin	fr4glj	S
2020-03-29 10:37:24.055823	u/RubyAlgorithm	flu0hvn	u/RD_0310	flu0bkr	C
2020-03-29 10:37:36.569274	u/WynXD	flu0iiw	u/MaatRolo	fltyoof	C
2020-03-29 10:37:38.982187	u/HELPdisFISH	flu0ij5	u/Theonlyshluk	flsu9ej	C
2020-03-29 10:37:40.557245	u/TrillexDevil	flu0ila	u/Noah_Salk	flu0axh	C
2020-03-29 10:37:54.509791	u/Recurds	flu0jiw	u/ThatYellowElephant	fltlbk9	C
2020-03-29 10:38:18.555592	u/Jampottie	flu0ko4	u/RedDemio	fltx30w	C
2020-03-29 10:38:20.126068	u/Izedin_Krnic	flu0kp8	u/RepostSleuthBot	fltkz4b	C
2020-03-29 10:38:27.007315	u/xdxdfranrk	flu0kts	u/tvnnfst	fltj898	C
2020-03-29 10:39:23.208608	u/railstormers	flu0ntk	u/17Cabbages	fltgn18	C
2020-03-29 10:39:50.926456	u/pisipuyu	flu0qb9	u/_jae2003	fltyep4	C
2020-03-29 10:39:56.893571	u/DropItLikeItsHotdogs	flu0qiu	u/riverofninjas	flu0nmt	C
2020-03-29 10:40:10.980827	u/titothehonduran	flu0r4m	u/Familiar-Handle	fltxovr	C
2020-03-29 10:40:18.377345	u/KilianWWII	flu0r9b	u/MrSchrot	flttbbx	C
2020-03-29 10:40:30.544549	u/Lopenbar	flu0rl9	u/NewGuyAtParty	fltvvhu	C
2020-03-29 10:40:52.050471	u/totan39	flu0s2r	u/Sh0ckWav3_	fltwkmn	C
2020-03-29 10:40:55.574007	u/XKing_KuraX	flu0s6k	u/Wolfgangrocks7	fltt5et	C
2020-03-29 10:41:30.021679	u/WillySup	flu0t5f	u/05Lidhult	fltyprl	C
2020-03-29 10:41:41.223474	u/some-lame-redditer	flu0tnh	u/Commander_wafflez	flu0sfq	C
2020-03-29 10:42:11.812027	u/zoskozaurus	flu0ugs	u/darknessblade42	flu0szm	C
2020-03-29 10:42:17.606710	u/KeenoTheWolf	flu0uno	u/ManiacZombie69	flu092s	C
2020-03-29 10:42:25.914385	u/Yet_Another_Banana	flu0uqv	u/Noneofyourbuisness_	fltvrat	C
2020-03-29 10:42:36.549678	u/CaptAntlad	flu0uwz	u/DombaBomba222	fltpeeh	C
2020-03-29 10:42:40.922118	u/AthelLeaf	flu0vbs	u/bunnywithahammer	fltr4sz	C
2020-03-29 10:42:47.677075	u/KronosCartYt	flu0vja	u/olcq777	fltsjv5	C
2020-03-29 10:43:10.284354	u/atul_ks	flu0w7t	u/appleofhereye	fltzbit	C
2020-03-29 10:43:19.768306	u/Casarer	flu0wif	u/aquashadowlord345	fltj062	C
2020-03-29 10:43:33.511496	u/jkokot	flu0wvr	u/racerfree	flt2ybe	C
2020-03-29 10:43:40.888932	u/chohastheheroespi	flu0x2k	u/HIROGO	flu0vjm	C
2020-03-29 10:43:56.102726	u/YZTXZT	flu0xw8	u/_solitarybraincell_	fltytj4	C
2020-03-29 10:44:00.690674	u/VishishtMishra	flu0xxw	u/AutoModerator	flu0rxe	C
2020-03-29 10:44:28.477741	u/causual-warhammerboi	flu0yqg	u/CrazyComputtter	flu0jju	C
2020-03-29 10:44:58.975313	u/d3rd4nny_	flu0zot	u/SergeantPotatoes	fltn4fn	C
2020-03-29 10:45:22.454438	u/celiashua	flu10jk	u/Mattboss1128	fltzxtp	C
2020-03-29 10:46:03.770387	u/Dovakiin2006	flu11ku	u/OhThatsBullshitSatan	fltoegw	C
2020-03-29 10:46:06.580560	u/smokingwthcigarettes	flu11n2	u/mildly-liberal	flu0djn	C
2020-03-29 10:46:08.442523	u/Osgur-turtle	flu11p9	u/-BlasterMan-	fltw8q5	C
2020-03-29 10:47:02.211491	u/ya_boi_daelon	flu132h	u/RepostSleuthBot	flu10xe	C
2020-03-29 10:47:04.849923	u/bigpenisman0069	flu136z	u/eezee_gamer	flu0zdt	C
2020-03-29 10:47:17.167936	u/highboulevard	flu13p0	u/Josheemy	fltvuyp	C
2020-03-29 10:47:47.495808	u/todsweetlittlelies	flu150z	u/marnott4004	fltudlu	C
2020-03-29 10:48:07.891532	u/TrinalRogue	flu15sc	u/s432711	fltm1z7	C
2020-03-29 10:48:27.643620	u/professionalworrying	flu16qj	u/superman5837	flu122w	C
2020-03-29 10:48:29.715235	u/jewrassic_park-1940	flu16sd	u/R_Zamo360	fltvjdl	C
2020-03-29 10:48:48.286950	u/Kaflubbers	flu17iz	u/Berks2381	fltx7y1	C
2020-03-29 10:48:52.927564	u/Veto3003	flu17uo	u/area420alien	fltyl5y	C
2020-03-29 10:49:02.084656	u/nibballoon	flu18dl	u/Foxy212	fltot82	C
2020-03-29 10:49:05.282960	u/KoRnBrony	flu18hu	u/DeltarUltima	fltv1tu	C
2020-03-29 10:49:11.526149	u/Flauros22	flu18xf	u/5p4n911	fltu332	C
2020-03-29 10:49:45.481806	u/LeekForLife	flu1aen	u/notmyname5670	fltgtug	C
2020-03-29 10:49:53.614734	u/Aidan_SMHS	flu1aqy	u/Buwaro	fltxac0	C
2020-03-29 10:50:39.785821	u/Dankuman	flu1cxm	u/EndMePleaseGodEndMe	flu1acm	C
2020-03-29 10:50:52.593491	u/kokowatoto	flu1d8e	u/JimnasticsGaming	flu0mjw	C
2020-03-29 10:51:02.719066	u/sir_cola	flu1djl	u/Row-well	flt1xln	C
2020-03-29 10:51:10.801330	u/Clevebestgirl	flu1dts	u/cascool8	fltxnsa	C
2020-03-29 10:51:15.560716	u/Yaderasu	flu1dyk	u/IBO00	fls2gju	C
2020-03-29 10:51:19.509572	u/brynjar123	flu1dzb	u/lil_beanie420	fltjfia	C
2020-03-29 10:51:53.139249	u/JustAndOnlyMatej	flu1epl	u/SteliosTh	fltjohz	C
2020-03-29 10:51:55.493863	u/emeraldslime58	flu1ery	u/comxeno	fltoy2h	C
2020-03-29 10:52:06.759091	u/Tuomasboss	flu1ezq	u/TheDrDzaster	fltmcen	C
2020-03-29 10:52:14.979349	u/LiamT888	flu1f3a	u/Piezerpie	fltqq42	C
2020-03-29 10:52:31.325122	u/brickbuilder876	flu1fiy	u/Slyminator	fltxg6g	C
2020-03-29 10:53:13.024224	u/Leo_0017	flu1gza	u/Gritilis_PEPER	fltw3ul	C
2020-03-29 10:53:16.294476	u/FireballPlayer0	flu1h0f	u/Kale_____	fltdonv	C
2020-03-29 10:53:36.641870	u/PixelPark00	flu1hi6	u/Enterprise_1701_D	flsxliy	C
2020-03-29 10:53:44.346035	u/DaNoobKing123	flu1hmx	u/Slyminator	fltxg6g	C
2020-03-29 10:53:50.455510	u/SonOfGarry	flu1hr2	u/ghostofHamilton9488	flts4ip	C
2020-03-29 10:54:17.883213	u/RysenGlory	flu1ixc	u/youlotf	fltovjl	C
2020-03-29 10:54:29.807932	u/ZkioA	flu1j66	u/abhay251	fr38ro	S
2020-03-29 10:54:31.892608	u/IronBerryMerry	flu1j7g	u/dontPMyourreactance	fltsar1	C
2020-03-29 10:54:38.411744	u/tsm-whiteboi	flu1jn6	u/Schmaddin	fltoptz	C
2020-03-29 10:54:46.665980	u/Alanderk	flu1jvt	u/Fatasspieceofdoodoo9	fr6fuo	S
2020-03-29 10:55:02.133863	u/Usergnome_Checks_0ut	flu1kbd	u/TickleDuckFeathers	flttbmw	C
2020-03-29 10:55:51.718013	u/NourEhsan	flu1m2v	u/WillySup	flu0t5f	C
2020-03-29 10:55:53.618995	u/GameLoky	flu1m35	u/RepostSleuthBot	flu1j2p	C
2020-03-29 10:56:02.955589	u/KevOrCe	flu1mnj	u/Aaaaaaaahg	fltau5r	C
2020-03-29 10:56:56.089209	u/yxngzephyr	flu1pbx	u/eVillain13	fltwhah	C
2020-03-29 10:57:01.247444	u/Armedstarfish20	flu1phr	u/theNewbiekid	fltybr2	C
2020-03-29 10:57:14.548505	u/Toastmaster969	flu1py1	u/Sub2SmokeAlphaYt	fr2z4s	S
2020-03-29 10:57:16.246505	u/Doom-Death	flu1pzm	u/BluePhoenixCG	flu19a1	C
2020-03-29 10:57:21.790560	u/Who-ate-myBeans	flu1q4t	u/bubbleboysdad	fltcbd3	C
2020-03-29 10:57:30.941975	u/upmynosealways	flu1qin	u/DannyTyler95	flu0nvy	C
2020-03-29 10:57:42.055977	u/TFERN05	flu1raa	u/Doomkiller7676	flu0tyr	C
2020-03-29 10:57:50.587524	u/datboi1-2	flu1rk5	u/officialnra	flu1hvd	C
2020-03-29 10:58:11.048729	u/Shirley_Taint	flu1rzn	u/thatboytw	fltnu1e	C
2020-03-29 10:58:17.870818	u/AJsmooth410	flu1s9b	u/AutoModerator	flu1577	C
2020-03-29 10:59:07.885455	u/yoiamatree	flu1tze	u/dead-memes-man64	flt26zk	C
2020-03-29 10:59:19.157941	u/MineKing822	flu1uid	u/_jae2003	fltyep4	C
2020-03-29 10:59:32.484385	u/yooooooooo_pinaple	flu1vbg	u/schlawani	flu17d7	C
2020-03-29 10:59:39.048411	u/Fresh1103	flu1vmk	u/kidneybean15	fltvei2	C
2020-03-29 10:59:43.802512	u/ThatYellowGuy94	flu1vv4	u/thepyrofromtf2	fltlir1	C
2020-03-29 10:59:49.465429	u/M3M3L0R3	flu1w6t	u/marlow05	fltcoqb	C
