2020-04-02 10:00:28.790260	u/OrangeJuice2002	fm7sl9e	u/AutoModerator	fm7sji2	C
2020-04-02 10:01:15.799714	u/0wdj	fm7sno7	u/Seirra-117	fm626hg	C
2020-04-02 10:02:54.618726	u/rraider17	fm7ss8k	u/Ninja-nun	fm7pwsu	C
2020-04-02 10:03:20.911563	u/Oscargoro	fm7st5o	u/January_5th	fm7dlqm	C
2020-04-02 10:03:33.194514	u/Jastrone	fm7stq4	u/Pigpenlordofdirt	fm7ryzd	C
2020-04-02 10:03:36.385686	u/FireWavePhantom	fm7stsz	u/ContrabandParagon	fm7e6cw	C
2020-04-02 10:03:39.592047	u/MisterBigweld	fm7stty	u/Obama_Gaming94	fm7srt0	C
2020-04-02 10:03:51.603281	u/True_Yellow	fm7suif	u/Respect_Paying_Bot	fm7sspj	C
2020-04-02 10:04:04.971416	u/corona_kid	fm7suw4	u/StarryRedFish	fm7cqrb	C
2020-04-02 10:04:24.244523	u/icegrillz	fm7sw06	u/Corona-Beer-is-cure	fm620t6	C
2020-04-02 10:04:32.648421	u/ScaryOtter24	fm7swfy	u/Jesusathisfinnest	fm7jz1l	C
2020-04-02 10:04:53.882930	u/nichonova	fm7sxuw	u/KingProMemo123	fm7r617	C
2020-04-02 10:05:49.259958	u/AAttoommiicc	fm7t19q	u/August_SN	fm7syzo	C
2020-04-02 10:05:55.112559	u/cappe110	fm7t1kh	u/Angoose3401	fm7a4f9	C
2020-04-02 10:05:59.126769	u/Ishitstandinguptoo	fm7t1r1	u/As_If_567	fm73df6	C
2020-04-02 10:06:24.469970	u/lilMister2Cup	fm7t2t8	u/queso_goblin	fm707r5	C
2020-04-02 10:07:40.159624	u/TheUnconsciousAnon	fm7t7k2	u/cappe110	fm7t36c	C
2020-04-02 10:07:48.868550	u/Trippy_trip27	fm7t8cu	u/sanirosan	fm7t4mq	C
2020-04-02 10:07:50.525480	u/dalkulin	fm7t8lp	u/TheFoxMaster17	fm7cx6m	C
2020-04-02 10:07:53.882577	u/robinotwilliams	fm7t8wx	u/RepostSleuthBot	fm7t7cu	C
2020-04-02 10:08:39.437213	u/tac0grande	fm7tc6e	u/-pomnuria-	fm6k66x	C
2020-04-02 10:08:51.584148	u/ALargeRubberDuck	fm7td22	u/fabizip	fm7fvql	C
2020-04-02 10:09:35.058308	u/HenryManatee	fm7tgvb	u/asingingsiren	fm6nxcp	C
2020-04-02 10:09:42.140642	u/TheRealNah	fm7thnp	u/AdmiralAckbar66	fm7se68	C
2020-04-02 10:09:46.218283	u/FeetusForBreakfast	fm7thvv	u/Wuhan-Pangolian-Stew	fm7iv3s	C
2020-04-02 10:09:53.576417	u/TheKarenator	fm7tict	u/Zenti04	fm77z4n	C
2020-04-02 10:09:55.900698	u/E_G_G_V_A_N	fm7tint	u/Stalinswife	fm7cnk5	C
2020-04-02 10:09:58.351838	u/Anniran	fm7tiro	u/AddictOfPorn_Hentai	fm7mhqm	C
2020-04-02 10:10:02.628638	u/ohTHATmolly	fm7tjwu	u/Lukupp	fm7kuvv	C
2020-04-02 10:10:28.079685	u/Kseiryta	fm7tlkc	u/xhahzh	fm7ctwi	C
2020-04-02 10:10:54.465078	u/shockyavlon333	fm7tmql	u/reddit-emoji-police	fm7t96y	C
2020-04-02 10:11:00.144918	u/lordsanku	fm7tn3b	u/AutoModerator	fm789ot	C
2020-04-02 10:11:19.355143	u/Notthenormie	fm7to3b	u/RepostSleuthBot	fm7t7cu	C
2020-04-02 10:12:00.347753	u/InvincibleV	fm7tpxq	u/KogMaster_9000	fm7mooj	C
2020-04-02 10:12:20.639005	u/vital69420	fm7tqpm	u/Fatclapcheeks	fm7e2a0	C
2020-04-02 10:12:22.953643	u/Dylanfyfe11	fm7tqrz	u/ArchitectureOfBrick	fm7tpql	C
2020-04-02 10:12:30.712605	u/PhantomBastion	fm7tr01	u/Jawadude8	fm7o8x6	C
2020-04-02 10:12:41.124476	u/bnormal_	fm7trej	u/cessactdm	fm7rmos	C
2020-04-02 10:12:48.616758	u/gamieguyYT	fm7tro6	u/ForestOfScreams	fm7rmq0	C
2020-04-02 10:13:37.398380	u/btregde	fm7tuef	u/ohTHATmolly	fm7tjwu	C
2020-04-02 10:13:44.095022	u/jlamedia	fm7tupz	u/Mastah-	fm7ft0w	C
2020-04-02 10:13:53.769358	u/Apollo_99jr	fm7tvih	u/UgandanShrekBoi	fm7cxha	C
2020-04-02 10:13:56.950587	u/maltheneubert	fm7tvq9	u/_KAN001_	fm7raql	C
2020-04-02 10:14:03.544529	u/Killer_Catz	fm7tw14	u/MiddleBox18	fm7rmo4	C
2020-04-02 10:14:34.545761	u/gbingo	fm7txtp	u/YaYeetingBoi	fm7okdp	C
2020-04-02 10:14:38.606428	u/AuroIsGae	fm7txy1	u/_it_was_an_accident_	fm7fjhz	C
2020-04-02 10:15:18.400460	u/Wolfiie_Gaming	fm7u081	u/Respect_Paying_Bot	fm61r31	C
2020-04-02 10:16:14.537693	u/JoeOtaku	fm7u3jn	u/rraider17	fm7ss8k	C
2020-04-02 10:16:48.704037	u/RinnyPinny	fm7u5qk	u/ELIte3907	ftn0js	S
2020-04-02 10:16:52.625117	u/Osamu_Dazai_kun	fm7u660	u/InvincibleV	fm7twh6	C
2020-04-02 10:16:59.159923	u/_blue_symphonies_	fm7u6ls	u/Utkarsh02	fm7timg	C
2020-04-02 10:17:04.065845	u/Antkro	fm7u6vn	u/AAttoommiicc	fm7tj48	C
2020-04-02 10:17:36.372869	u/Tenamcopper	fm7u8jm	u/rhys409	fm7njkv	C
2020-04-02 10:17:47.899149	u/BIGdex001	fm7u95h	u/Apollo20_	fm7u51g	C
2020-04-02 10:18:01.397465	u/Lazarmeta	fm7ua0s	u/SomberRc3d	fm7sh42	C
2020-04-02 10:18:22.494264	u/Eatenbyahand	fm7ubfk	u/dexsourus	fm6rywp	C
2020-04-02 10:18:28.540325	u/Raphael_DeVil	fm7ubq8	u/tillhop19	fm7tds6	C
2020-04-02 10:18:33.192842	u/hgstream	fm7ucdl	u/davidthemoonkey	fm7q7za	C
2020-04-02 10:18:41.150158	u/king685029440	fm7ucpk	u/AutoModerator	fm77jkv	C
2020-04-02 10:18:43.853881	u/donprimo	fm7uctl	u/Osamu_Dazai_kun	fm7u660	C
2020-04-02 10:19:10.095403	u/Lucricious1	fm7udrx	u/Mrsmoobly	fm7u6jh	C
2020-04-02 10:19:27.643636	u/404_Invalid_Username	fm7uetm	u/globglogabgalabs	fm7uac0	C
2020-04-02 10:19:31.047734	u/anyshit_42069	fm7uf02	u/ohTHATmolly	fm7tjwu	C
2020-04-02 10:19:59.901036	u/Tess-of-tickles	fm7uhm4	u/el_hirmo	fm7tfsh	C
2020-04-02 10:20:21.934551	u/Peanutreddits	fm7uia5	u/m4rsh13	fm7g86y	C
2020-04-02 10:20:25.575167	u/chez_pez_dispenser	fm7uig8	u/Bekfast-Stealer	fm7tmj3	C
2020-04-02 10:20:31.353398	u/Ant_Man420	fm7uill	u/tequilamocking_bird_	fm7u7ip	C
2020-04-02 10:21:00.216055	u/captnalienboi	fm7ujgn	u/AutoModerator	flgbgny	C
2020-04-02 10:21:52.062502	u/GGALOT	fm7ulcs	u/RussianCheeseDood	fm7i91p	C
2020-04-02 10:21:55.514241	u/SparrowSensei	fm7ulgz	u/Piroinmypants	fm7qbpx	C
2020-04-02 10:23:17.017662	u/VerizionXYZ	fm7unrh	u/SweetLeenord	fm7tjm2	C
2020-04-02 10:23:59.269449	u/EmpairXD	fm7upf9	u/el_hirmo	fm7um5k	C
2020-04-02 10:24:05.309964	u/SovietCoconut	fm7upjo	u/Shubhanshuprak	fm7apa0	C
2020-04-02 10:24:18.644782	u/into-a-fading-dawn	fm7uq7f	u/Ao1Yamada	fm7tt88	C
2020-04-02 10:24:28.381197	u/WeirdAnimeAddiction	fm7uqhp	u/Patser21	fm7jh1y	C
2020-04-02 10:24:39.616544	u/Gismi	fm7uqtt	u/Tjamuil	fm7pq0f	C
2020-04-02 10:24:50.175050	u/NagashGodOfDeath	fm7urah	u/oraaaaaaaange	fm7tiad	C
2020-04-02 10:25:27.067382	u/PSHazzard	fm7ut73	u/Gubq	fl5lyk4	C
2020-04-02 10:25:36.121610	u/likeInolas	fm7utvb	u/El-Toro96	fm7tweo	C
2020-04-02 10:25:43.418840	u/EpiceneLys	fm7uu8i	u/MarikodoLP	fm567q5	C
2020-04-02 10:25:58.953211	u/Almightlyblacklab	fm7uv9l	u/AfricabyToToisCOOL	fm7umhm	C
2020-04-02 10:26:14.350237	u/alteredjay	fm7uw0r	u/tiny-saxophone	fm7t1in	C
2020-04-02 10:26:16.302749	u/hot_poteeta	fm7uw3v	u/LukeBlockwalker69	fm7ucio	C
2020-04-02 10:26:18.193681	u/owohunty	fm7uw5x	u/Seanbyrne_28964	fm7u1zo	C
2020-04-02 10:26:26.818445	u/ww1part2	fm7uwjg	u/Dylanfyfe11	fm7tqrz	C
2020-04-02 10:26:33.552639	u/augixy	fm7uwuz	u/gerulkens	fm7p5sx	C
2020-04-02 10:27:02.753175	u/CriticalMinion	fm7uz4e	u/GrandPeaShooter	fm6slhs	C
2020-04-02 10:27:11.069500	u/HMU5743	fm7uzcw	u/Poseidons_Triten	fm7s9tt	C
2020-04-02 10:27:16.897633	u/400Volts	fm7v057	u/Zuronane	fm7ilki	C
2020-04-02 10:27:37.381140	u/themilchmann	fm7v16w	u/evn_reddit	fm7qhxu	C
2020-04-02 10:27:43.867852	u/Mixtopher	fm7v1o2	u/jojoaj35	fm7uos1	C
2020-04-02 10:28:01.951643	u/xorlec	fm7v2bu	u/dense111	fm7k2ir	C
2020-04-02 10:28:03.628415	u/Binary_Kasper	fm7v2cr	u/1Ferrox	fm7unzz	C
2020-04-02 10:28:13.263764	u/Stephanie_harrad	fm7v2zd	u/Pigpenlordofdirt	fm7us45	C
2020-04-02 10:28:26.429949	u/pj605302688	fm7v3xq	u/woooshifudumb	fl622yy	C
2020-04-02 10:28:57.816583	u/epic_meme_	fm7v5b7	u/dima_bljat_suka	fm7pbbq	C
2020-04-02 10:29:18.579592	u/its_a_gibibyte	fm7v665	u/UgandanShrekBoi	fm7cxha	C
2020-04-02 10:29:26.374766	u/Illidan1943	fm7v6jc	u/Piroinmypants	fm7qbpx	C
2020-04-02 10:29:34.170406	u/GoroshiHH	fm7v74a	u/JackNickelBerry	fm7tcm2	C
2020-04-02 10:29:36.353503	u/Whereami259	fm7v791	u/TwoPolesGaming	fm7uea6	C
2020-04-02 10:29:38.418820	u/Udder1991	fm7v7dm	u/The_Jbulb	fm7kvz7	C
2020-04-02 10:29:41.924300	u/SpicyGrape69_	fm7v7k7	u/Novice-Memer	fm7jytf	C
2020-04-02 10:29:53.183362	u/heyy_jimmyy	fm7v8fa	u/KarefullG	fm7o30l	C
2020-04-02 10:31:03.561415	u/t3_sportacus	fm7vcae	u/Lazarmeta	fm7ua0s	C
2020-04-02 10:31:08.311783	u/mandrake2307	fm7vcce	u/Steven_2769	fm7v9ej	C
2020-04-02 10:33:53.487052	u/hiromhars	fm7vhyi	u/TM4S2	fm7sf3j	C
2020-04-02 10:34:14.898478	u/tdalbert	fm7viup	u/cappe110	fm7tf59	C
2020-04-02 10:34:54.015906	u/jaygrok	fm7vk7g	u/blueeggsandwaffles	fm7hzla	C
2020-04-02 10:35:10.017738	u/Durgens226	fm7vl41	u/AilBalT04_2	fm7r2ht	C
2020-04-02 10:35:47.292745	u/martin0641	fm7vn3z	u/el_hirmo	fm7rvtv	C
2020-04-02 10:36:12.319316	u/origami_airplane	fm7vo38	u/D3jvis	fm7a8k1	C
2020-04-02 10:36:26.071470	u/Derpster3000	fm7vok3	u/Dr-hugh-jass106	fm7pmuj	C
2020-04-02 10:36:39.457405	u/KatiaOrganist	fm7vpcb	u/TheCoyne	fm7mawt	C
2020-04-02 10:36:43.017237	u/in_the_decay	fm7vpe5	u/IzzytheMelody	fm7fvx2	C
2020-04-02 10:36:56.819567	u/Beardie-Boi-420	fm7vq96	u/jlamedia	fm7tupz	C
2020-04-02 10:37:18.773117	u/Islander9151	fm7vr5y	u/mold713	fm7lxvd	C
2020-04-02 10:37:40.926837	u/memebean210	fm7vs65	u/Mike_Fraud_Ross	fm7vetn	C
2020-04-02 10:37:48.424713	u/Poky_Poks	fm7vsjl	u/ManiacZombie69	fm7uvh8	C
2020-04-02 10:39:17.740743	u/Capellshow	fm7vyza	u/Big_ZaddyMambo	fm7s9q7	C
2020-04-02 10:39:20.887638	u/storytime37	fm7vz6n	u/dementatron21	fm7u0lo	C
2020-04-02 10:39:31.661106	u/ZXDQ	fm7w0b9	u/Thr0w4w4yf0r3v127	fm7qeq9	C
2020-04-02 10:39:34.611508	u/m1shm1sh99	fm7w0he	u/joe_mama101	fm7kvkj	C
2020-04-02 10:39:47.171334	u/potatocrochet	fm7w1pn	u/mold713	fm7lxvd	C
2020-04-02 10:40:14.925794	u/silentarrow100	fm7w3gu	u/darrenbrads123	fm7w280	C
2020-04-02 10:40:44.196247	u/clrey	fm7w4jd	u/Canefasnion	fm7v94k	C
2020-04-02 10:40:57.936830	u/nanmola29	fm7w4zz	u/Maria13Manta	fm7rhn8	C
2020-04-02 10:41:20.068546	u/Truebluegengis	fm7w5j3	u/El_Gabbas	fm7vxg0	C
2020-04-02 10:41:33.087606	u/-Random_memer-	fm7w6dk	u/Emilll13	fm7vy3j	C
2020-04-02 10:42:10.279851	u/manenegue	fm7w81l	u/KogMaster_9000	fm7u8fk	C
2020-04-02 10:42:26.721499	u/Aashutosh_Parajuli	fm7w8t0	u/TFW_YT	fm7veh7	C
2020-04-02 10:42:41.992758	u/lennoxyaboi	fm7w9o0	u/RepostSleuthBot	fm7w6ku	C
2020-04-02 10:43:21.158564	u/hoe4redvelvet	fm7wat8	u/tobrown05	fm7pveu	C
2020-04-02 10:43:53.677050	u/AutomaticSpinach	fm7wbw9	u/Mike_Fraud_Ross	fm7vetn	C
2020-04-02 10:44:13.675905	u/jaapyb1	fm7wcnv	u/Angoose3401	fm7a4f9	C
2020-04-02 10:44:16.880936	u/srslytho323	fm7wcpa	u/WllmDVeugl	fm7vazg	C
2020-04-02 10:44:36.497799	u/Niisama6928	fm7wdgg	u/patata-	fm1dokm	C
2020-04-02 10:44:44.807500	u/SamR1989	fm7wduz	u/ContrabandParagon	fm7e6cw	C
2020-04-02 10:44:50.447099	u/GIJOEMEERKAT	fm7we3u	u/13thGuardian	fm7ore6	C
2020-04-02 10:45:06.849388	u/Luca-INeedABuff	fm7weyh	u/YaYeetingBoi	fm7okdp	C
2020-04-02 10:45:15.306694	u/computerkid04	fm7wf8p	u/alteredjay	fm7vk0x	C
2020-04-02 10:45:18.611463	u/Kapixiak007	fm7wfam	u/lugan_pall	ftk63a	S
2020-04-02 10:45:37.627616	u/Kendytran	fm7wg4c	u/bufomyanus	fm7tqbc	C
2020-04-02 10:45:42.998575	u/TheSmellySpartan	fm7wgbp	u/TFW_YT	fm7ukat	C
2020-04-02 10:45:59.804757	u/Bossiebe64	fm7wh9h	u/WeirdAnimeAddiction	fm7uqhp	C
2020-04-02 10:47:00.547549	u/Player8	fm7wkk2	u/donprimo	fm7vjy4	C
2020-04-02 10:47:03.218509	u/Mclovin2458	fm7wkkn	u/Statewideink	fm7weq3	C
2020-04-02 10:47:13.915835	u/ranger6698	fm7wkxd	u/AutoModerator	fm747z9	C
2020-04-02 10:47:42.592049	u/Fenix00070	fm7wmp8	u/Lukupp	fm7kuvv	C
2020-04-02 10:47:45.163328	u/OverNade42069	fm7wmq4	u/Meet-the-Merasmus	fm4f9hb	C
2020-04-02 10:48:00.637135	u/tommodotexe	fm7wniv	u/weirdgroovynerd	fm7jwxw	C
2020-04-02 10:48:02.278711	u/Zaboomboom	fm7wnkn	u/ustoleusernames	fm7vyoo	C
2020-04-02 10:48:03.915433	u/killermenace14	fm7wnnk	u/harveythenerd	fm7p4hg	C
2020-04-02 10:49:08.758022	u/v1kaa5h	fm7wr6y	u/Kapixiak007	fm7wfam	C
2020-04-02 10:49:35.985120	u/oquechingados	fm7wshz	u/cycleskunks	fm7pk60	C
2020-04-02 10:49:39.408610	u/squashylizard07	fm7wsx7	u/Boscomoff	fm7fjkw	C
2020-04-02 10:49:40.356145	u/Mohnish1308	fm7wszb	u/Fiio0	fm7wji7	C
2020-04-02 10:49:41.347404	u/Laphing_Drunk	fm7wszy	u/KogMaster_9000	fm7ub3l	C
2020-04-02 10:49:46.791276	u/Ajaxson_Brony	fm7wtkm	u/SIAMESEDICK	fm7kif2	C
2020-04-02 10:50:29.947900	u/BabyBoiTHOThrasher69	fm7ww5x	u/noncomfy-hooman	fm7bbie	C
2020-04-02 10:51:21.300989	u/AnikRM	fm7wxk3	u/UgandanShrekBoi	fm7cxha	C
2020-04-02 10:51:33.861445	u/Coltrane_jamesYT	fm7wy7w	u/Fiio0	fm7wji7	C
2020-04-02 10:51:42.302999	u/Clone_Writer	fm7wyl0	u/TastyCookiez_	fm7l7oq	C
2020-04-02 10:52:33.075276	u/Uhh_Its_Floyd	fm7wzxg	u/Dominikoy2	fm7v9m6	C
2020-04-02 10:52:36.373704	u/bobayespls	fm7wzyt	u/m1shm1sh99	fm7w0he	C
2020-04-02 10:53:33.483431	u/othercom	fm7x3i9	u/Ze-Plague-Doctor	fm7rlyt	C
2020-04-02 10:53:58.289211	u/dinosaurus_rex99	fm7x4vl	u/fvqunds	fm7x2wb	C
2020-04-02 10:54:15.461051	u/ecarg91	fm7x5zq	u/Piroinmypants	fm7ojil	C
2020-04-02 10:54:17.602061	u/tom_8o	fm7x5zs	u/INeedAUsernamePlspls	fm7wlyv	C
2020-04-02 10:56:38.954569	u/xXSocio_pathXx	fm7xesv	u/BigLemonLegs	flfhje3	C
2020-04-02 10:56:46.058232	u/thomasoldier	fm7xf1r	u/ZhuangMeister	fm7wmns	C
2020-04-02 10:56:55.783864	u/alex_maverick	fm7xfnd	u/Boscomoff	fm7fjkw	C
2020-04-02 10:57:30.081608	u/ConquistadorWill	fm7xhpi	u/billyshakes27	fm6hj4h	C
2020-04-02 10:57:38.058179	u/--InsertJokeHere--	fm7xi8k	u/thedogofcoolness	fm7gwyi	C
2020-04-02 10:58:02.909473	u/Flashyflashflashy7	fm7xjiz	u/Kons37	fm7wx69	C
2020-04-02 10:58:09.680703	u/SathwikStark	fm7xjq5	u/PASKISS03	fm7xc66	C
2020-04-02 10:58:12.857715	u/blueborks	fm7xk62	u/Hippieschmutz	fm6xjlp	C
2020-04-02 10:58:53.798226	u/fjsocjwkxj	fm7xm5c	u/Peanutreddits	fm7uia5	C
2020-04-02 10:59:07.588312	u/Shakuni_	fm7xn03	u/Beardie-Boi-420	fm7vq96	C
2020-04-02 10:59:10.130675	u/peter324r	fm7xn3a	u/InvincibleV	ftkmrv	S
2020-04-02 10:59:17.808145	u/gae42	fm7xng1	u/Puppy1970	fm7aptc	C
2020-04-02 10:59:19.785216	u/D41eGribb1e	fm7xnj8	u/__horsegirl__	fm7ojnr	C
2020-04-02 10:59:30.176791	u/magneticafro	fm7xobz	u/TrikStari	fm7n54f	C
2020-04-02 10:59:54.139003	u/PimpyChimpmunk	fm7xrw1	u/Lazarmeta	fm7w19t	C
2020-04-02 10:59:57.264440	u/furiousares42	fm7xs9y	u/Gorogorgo-chan	fm7pl98	C
