2020-04-03 09:00:22.072882	u/cyberundertakor	fmb5ew8	u/drecognis	fmaxogb	C
2020-04-03 09:00:29.046216	u/the_one_who_yeets	fmb5f0i	u/yaboineel	fmb4xkb	C
2020-04-03 09:00:33.649951	u/callmewurstsalat	fmb5f54	u/Flixx2004	fmav0km	C
2020-04-03 09:01:07.540721	u/nuuhuhuh	fmb5g6h	u/RepostSleuthBot	fmb29xb	C
2020-04-03 09:01:45.033780	u/d1e4n5	fmb5hzg	u/honeypinn	fmarsr1	C
2020-04-03 09:01:52.598324	u/Purple-ork-boyz	fmb5icx	u/eyeholeman0	fma9jwf	C
2020-04-03 09:02:00.917278	u/SketchWing	fmb5iua	u/OutOfIdeas_com	fmasauu	C
2020-04-03 09:02:44.933961	u/molske14	fmb5ky0	u/the-boah	fmb5ekz	C
2020-04-03 09:02:50.022924	u/LzBN5	fmb5l1d	u/notyourgrandma420	fmazno4	C
2020-04-03 09:03:01.128267	u/oo69	fmb5le2	u/nieldade2	fmb46rh	C
2020-04-03 09:03:50.823564	u/WeAreLegion64	fmb5nyl	u/invited2pants_party	fm9c60l	C
2020-04-03 09:03:57.105922	u/loganwachter	fmb5o38	u/Kasuraga	fmapblt	C
2020-04-03 09:04:02.088547	u/John_Bruhman	fmb5o4b	u/MINATO8622	fmaymi9	C
2020-04-03 09:04:10.333945	u/armedfrog11	fmb5odc	u/Toking_Ginger	fmb5mmj	C
2020-04-03 09:04:55.754186	u/Kuandtity	fmb5qjh	u/Romboteryx	fmaq4s2	C
2020-04-03 09:05:38.804163	u/yuriandjoesson	fmb5sfq	u/the_better_boobytrap	fmaq8gf	C
2020-04-03 09:05:42.779449	u/b_double_u	fmb5sn9	u/PranayNighukar	fm8k5by	C
2020-04-03 09:06:17.109151	u/LaguzzA	fmb5tyj	u/i_am_a_good_man	fmb5bnh	C
2020-04-03 09:06:21.841143	u/rannekk	fmb5u7i	u/MRPIRATEFOX	fmak660	C
2020-04-03 09:06:27.489777	u/Azhar_Love_Butter	fmb5uff	u/imagrasshopperlmao	fmaw8j5	C
2020-04-03 09:06:39.523694	u/DarthLonelyGuy141	fmb5uw3	u/Nath313	fm9ax0y	C
2020-04-03 09:06:45.844336	u/hellgirl1707	fmb5v3l	u/mypalbuddy	fmb338i	C
2020-04-03 09:06:49.433575	u/COYOTE477	fmb5v7t	u/amgadmohamed06	fmb3w2u	C
2020-04-03 09:07:30.661621	u/Ironmastopeth	fmb5xet	u/Gh0st-101	fmavm8x	C
2020-04-03 09:07:44.546717	u/Drasenx	fmb5y2f	u/djbrain86	fmb5wqo	C
2020-04-03 09:08:02.403753	u/Carninator	fmb5z4j	u/Fuktiga_mejmejs	fmasjzh	C
2020-04-03 09:08:10.197391	u/ChaseTheOldDude	fmb5ziv	u/Romboteryx	fmaq4s2	C
2020-04-03 09:08:31.065305	u/Ichi-Mikuze	fmb60im	u/MaxDerDeveloper	fu5bqp	S
2020-04-03 09:08:46.361783	u/LOLandCIE	fmb61bd	u/Mastermind291	fmaw9aw	C
2020-04-03 09:08:49.794849	u/rickyrorton	fmb61mk	u/ducksdonthavepenises	fmb0x46	C
2020-04-03 09:09:27.430439	u/scyther223	fmb645k	u/WarGodAKJ	fmaqz1l	C
2020-04-03 09:09:35.274701	u/kuhru	fmb64w7	u/The_butsmuts	fmb5r5b	C
2020-04-03 09:09:45.442624	u/cc_hk	fmb65re	u/Toxicological_Gem	fmaznnj	C
2020-04-03 09:09:50.322229	u/Fireballboi	fmb66dt	u/Hiveharbinger	fmb6498	C
2020-04-03 09:09:54.027306	u/Lavishgoblin2	fmb66u7	u/NGX7	fmaozbk	C
2020-04-03 09:10:05.600187	u/Free-cash-nice	fmb676u	u/tuuc_bataton	fma8lc7	C
2020-04-03 09:10:20.683761	u/Horrific_Harmony	fmb67u7	u/warframefan420	fmant7j	C
2020-04-03 09:10:25.216465	u/Trafalgarlaw92	fmb67vr	u/SmilingYe	fmap4oa	C
2020-04-03 09:10:31.138864	u/sc4tts	fmb68be	u/DesolaterKater	fmb64h9	C
2020-04-03 09:11:06.353187	u/yaboishai1888	fmb69sc	u/-BlasterMan-	fmaw0at	C
2020-04-03 09:11:23.414476	u/AmitG64	fmb6at5	u/annabelle_cant_draw	fmawudy	C
2020-04-03 09:11:55.627453	u/QwopperFlopper	fmb6bsq	u/JohnCitrous	fmavvoq	C
2020-04-03 09:12:00.171928	u/mycolorsnameisturtle	fmb6byg	u/Zer0514	fmb5cg4	C
2020-04-03 09:12:10.367715	u/scriggle-jigg	fmb6cce	u/Romboteryx	fmaq4s2	C
2020-04-03 09:12:35.704963	u/orwssis	fmb6dmv	u/khayyam_al	fmb64p5	C
2020-04-03 09:13:02.999244	u/Mezzo_in_making	fmb6f10	u/Miss_HunBun	fmb4shl	C
2020-04-03 09:13:22.880892	u/infinitegay	fmb6fqs	u/SexyPotato70	fmb3zuh	C
2020-04-03 09:13:33.691941	u/FrienlyAsian	fmb6gab	u/TNerdy	fmav63f	C
2020-04-03 09:14:47.704847	u/Witty-username420	fmb6jbn	u/SketchWing	fmb5iua	C
2020-04-03 09:15:00.801454	u/OofMeRN	fmb6jqc	u/ShyGuyMemes	fmb0bf5	C
2020-04-03 09:15:07.403221	u/omeshchandra	fmb6jy9	u/Ryan8088	fmb231w	C
2020-04-03 09:15:52.693585	u/Hotline_Miami17	fmb6lhr	u/AdolfDuckler3000	fmb6k7e	C
2020-04-03 09:16:07.980815	u/xXBli-BXx	fmb6mai	u/feverishlydreaming	fmb49gm	C
2020-04-03 09:16:11.864559	u/Issa-cos	fmb6mcl	u/suzysheep420	fmb5kf4	C
2020-04-03 09:16:18.536533	u/mainlandmuttt	fmb6mpu	u/nitsuazzipp95	fmaxu6h	C
2020-04-03 09:16:21.445241	u/EmperorFrost98	fmb6mvq	u/KillaMG97	fmb5ksk	C
2020-04-03 09:16:38.063478	u/Waffle-or-death	fmb6ncu	u/LumisTFG	fmaqk42	C
2020-04-03 09:17:02.608210	u/ThermicDude	fmb6odn	u/gaming-gam3r	fmajtp1	C
2020-04-03 09:17:37.285148	u/PyrocumulusLightning	fmb6pp4	u/Barylikesjazz	fmauxat	C
2020-04-03 09:18:16.756099	u/xboxBOND	fmb6r51	u/Flixx2004	fmav0km	C
2020-04-03 09:18:32.126885	u/yazzmen	fmb6rlv	u/eli7097	fmb6nud	C
2020-04-03 09:18:36.744657	u/ZestycloseThought9	fmb6rpg	u/Myfreindisaloli	fmb188i	C
2020-04-03 09:18:56.233759	u/TommyHawking	fmb6tel	u/intothevoid127	fmagd8y	C
2020-04-03 09:19:15.435312	u/imgae22	fmb6tzs	u/zitchat	fmayt8x	C
2020-04-03 09:19:27.112093	u/NotDyro	fmb6v8w	u/darkerthankuroi	fma9ffg	C
2020-04-03 09:19:34.167938	u/TNTmonkeyman	fmb6vmd	u/warframefan420	fmb34bh	C
2020-04-03 09:19:50.580330	u/HeyImthatwizard	fmb6wiz	u/--MrBuRiTo--	fmb55l6	C
2020-04-03 09:19:52.163654	u/DarthYeet42069	fmb6wnb	u/ArtemisShanks	fmax3zt	C
2020-04-03 09:19:55.041097	u/crusader_kiddo	fmb6x6r	u/Carlol121	fmasiel	C
2020-04-03 09:19:57.253073	u/enzo_amat	fmb6xq4	u/kajokarafili	fmb5pvi	C
2020-04-03 09:20:12.537360	u/Beku-kun	fmb6yie	u/Zer0514	fmb5o4d	C
2020-04-03 09:20:23.175862	u/TheresWald0	fmb6z0v	u/DerpTheGrammarNazi	fmawz4x	C
2020-04-03 09:20:25.510240	u/Chaos268	fmb6z17	u/big_man_frog	fmaxmr3	C
2020-04-03 09:20:44.796271	u/jbschwaa	fmb6zq4	u/OrnageMadness141	fm9pxx0	C
2020-04-03 09:21:01.420982	u/morelikeasuggestion	fmb7002	u/DorkynatoR	fmb50zf	C
2020-04-03 09:21:05.862345	u/ManySleeplessNights	fmb700i	u/Velon0424	fmb6ay5	C
2020-04-03 09:21:09.233289	u/coldboat	fmb701l	u/mazexpert	fmalnfc	C
2020-04-03 09:21:12.788133	u/Swazza3000	fmb705k	u/intothevoid127	fmagd8y	C
2020-04-03 09:21:54.537569	u/markus11_1	fmb729a	u/AutoModerator	flxt6we	C
2020-04-03 09:22:21.452705	u/Ahmedzcoolerone	fmb7376	u/Beku-kun	fmb6wq4	C
2020-04-03 09:22:36.825728	u/Skiinnychicken	fmb73gw	u/Fit-Window	fmb0et2	C
2020-04-03 09:22:45.338459	u/Capri-SunisLife	fmb73vg	u/DavidundGoliath	fmb61rl	C
2020-04-03 09:23:11.891464	u/LordBloeckchen	fmb74ru	u/Gh0st-101	fmavm8x	C
2020-04-03 09:23:15.194440	u/SomeDudeNamedWill	fmb74vz	u/Silent_fury10	fmaumgh	C
2020-04-03 09:23:26.426978	u/PyroSpeedHunter	fmb75g1	u/Flixx2004	fmav0km	C
2020-04-03 09:23:36.612622	u/Thetastefulcat	fmb75pg	u/wnf_offical	fmb3qbl	C
2020-04-03 09:23:42.814847	u/Liucius	fmb7622	u/_dashinn_	fmb6qi7	C
2020-04-03 09:23:57.408140	u/TheChannelMiner	fmb76ko	u/Kroasan_Power	fmaxlcz	C
2020-04-03 09:24:51.039620	u/Somebody_EEU	fmb78op	u/VisibleInvisible123	fmavhxj	C
2020-04-03 09:24:54.037278	u/BHeiny91	fmb78py	u/Arbiter6518	fmb5mm7	C
2020-04-03 09:25:04.896868	u/IThat-one-guyI	fmb78xs	u/Cpt_Willis	fmayqzd	C
2020-04-03 09:25:11.653215	u/cowfman	fmb790q	u/ThunderingSacks	fu26i7	S
2020-04-03 09:25:25.796504	u/emil_scipio	fmb79o5	u/daddykinky1	fmask8k	C
2020-04-03 09:25:39.204064	u/ChefStoney	fmb7a4s	u/GIJOEMEERKAT	fm9zb7g	C
2020-04-03 09:26:16.840234	u/ImOnNandosWiFi	fmb7brl	u/Pixel131211	fmb2ivy	C
2020-04-03 09:27:04.757006	u/Cryingkitten7	fmb7dly	u/stamat_BG	fmb73zn	C
2020-04-03 09:27:09.499853	u/Sevofthesands	fmb7duw	u/DucklifeDk	fmb05v1	C
2020-04-03 09:27:16.087265	u/clumsyfish99	fmb7e8i	u/BigSteve21	fma7l23	C
2020-04-03 09:27:35.783708	u/NormalDayz	fmb7ez8	u/Somebody_EEU	fmb78op	C
2020-04-03 09:27:46.803575	u/Emoooo1	fmb7fle	u/enslaved-moisture123	fmb6nf1	C
2020-04-03 09:27:56.053924	u/Moises_Fox2005	fmb7g5b	u/murvelmen2	fmas95j	C
2020-04-03 09:27:57.619582	u/PonderPrawns	fmb7g5v	u/Velon0424	fmb6ay5	C
2020-04-03 09:28:06.278220	u/Kehndy12	fmb7gl5	u/GrannyLow	flqywk4	C
2020-04-03 09:28:07.925106	u/Ray-the-Hunter47	fmb7glk	u/Flixx2004	fmav0km	C
2020-04-03 09:28:17.011250	u/Im-pie112	fmb7gyn	u/Zer0514	fmb3hey	C
2020-04-03 09:28:22.739878	u/lIlIlIReaperlIlIlI	fmb7h8c	u/Velon0424	fmb6ay5	C
2020-04-03 09:28:24.324959	u/friesdepotato	fmb7h9y	u/Flixx2004	fmav0km	C
2020-04-03 09:28:25.819236	u/RediDad	fmb7hfd	u/drakinite420	fmb3rip	C
2020-04-03 09:28:30.164702	u/IntelligentSite7	fmb7hki	u/harris1on1on1	fmawnxp	C
2020-04-03 09:28:37.865118	u/MotrisZII	fmb7i2e	u/XTheSniperGodX	fmaoja2	C
2020-04-03 09:28:39.304347	u/theunfriendlyswede	fmb7i4n	u/NGX7	fmakpk5	C
2020-04-03 09:28:57.143120	u/Chaseman1870	fmb7jbk	u/Flixx2004	fmav0km	C
2020-04-03 09:29:05.812598	u/Azurix8	fmb7jvu	u/ya_boi_kimmeh	fmb6s56	C
2020-04-03 09:29:20.822104	u/MGRNE	fmb7kvw	u/Laddiboi	fma9pkh	C
2020-04-03 09:29:39.446038	u/mene3381	fmb7m4v	u/aaronm109246	fmb3721	C
2020-04-03 09:29:47.235692	u/BreederGert	fmb7mxd	u/tillhop19	fmb7lk9	C
2020-04-03 09:29:49.172991	u/mene3381	fmb7n1b	u/NGX7	fmakpk5	C
2020-04-03 09:29:51.040103	u/BobSagieBauls	fmb7n6v	u/Vaultboy474	fmb2xsu	C
2020-04-03 09:29:56.435131	u/Saturn668	fmb7nwn	u/khayyam_al	fmayi0v	C
2020-04-03 09:29:58.000799	u/PlsFuckingKillMee	fmb7nzs	u/Bakura_	fmb4e2t	C
2020-04-03 09:29:59.908745	u/briman2021	fmb7obq	u/avory-johnson	fmamy52	C
2020-04-03 09:30:03.703033	u/Nutter420	fmb7onr	u/Cpt_Willis	fmayqzd	C
2020-04-03 09:30:12.425054	u/JustTavo	fmb7p2i	u/lynyrd-dayton	fmaliyg	C
2020-04-03 09:30:29.184774	u/MarkoMarin10	fmb7pjr	u/Flixx2004	fu5ovy	S
2020-04-03 09:30:39.570610	u/LifeIsAllNotBad	fmb7q0z	u/LeadingChair	fmawv0t	C
2020-04-03 09:30:51.271877	u/crosszcharger	fmb7qci	u/Star_Fazer	fmamgwl	C
2020-04-03 09:31:04.463977	u/EloGamer51	fmb7qwa	u/CrazyComputtter	fmb3skw	C
2020-04-03 09:31:12.501492	u/Waeningrobert	fmb7r9d	u/Cthulhuwar1ord	fmb78w9	C
2020-04-03 09:31:48.444309	u/Alfabet08	fmb7sen	u/Shiteingann	fu51iq	S
2020-04-03 09:32:14.004155	u/R4y3r	fmb7t5v	u/polkalana	fmakhy1	C
2020-04-03 09:32:41.292702	u/_MostlyHarmless	fmb7ug0	u/r52w	fmb6ut8	C
2020-04-03 09:32:47.125292	u/Jeckelberry5	fmb7uhc	u/Flixx2004	fu5ovy	S
2020-04-03 09:33:36.041713	u/tv_trooper	fmb7w1r	u/HydeSpectre	fmb7n5e	C
2020-04-03 09:33:54.185284	u/Mihai21735	fmb7x16	u/MAGIC_EYE_BOT	fmb7u57	C
2020-04-03 09:34:14.814831	u/xCUBUFFSx	fmb7xtj	u/ISmellTakenUsernames	fmb7ejs	C
2020-04-03 09:34:46.712046	u/B3t4_4lph4	fmb7z7a	u/alexCatalano	fmb74mq	C
2020-04-03 09:34:58.646702	u/OrbitalOllie457	fmb7zts	u/gotoshopmrbeastcom	fmb63z8	C
2020-04-03 09:35:20.723955	u/yeeyeeskree	fmb810b	u/Liucius	fmb7lgj	C
2020-04-03 09:35:22.713372	u/Cynaren	fmb811e	u/Channelistic	fmb3hqk	C
2020-04-03 09:36:20.917117	u/Qysto	fmb83yy	u/Yodaa427	fmb1t86	C
2020-04-03 09:36:41.160852	u/RetroFr	fmb8525	u/Joes_Reddit_acount	fmb79p6	C
2020-04-03 09:36:59.287875	u/the_frog_in_your_sho	fmb85ki	u/SigmaRoyal	fmafgz3	C
2020-04-03 09:37:11.320184	u/Jenbak5	fmb85ul	u/wardio4	fmavdf2	C
2020-04-03 09:37:13.973054	u/Mantaj2Kool	fmb862a	u/UrLostDad	fmb3zbf	C
2020-04-03 09:37:43.017967	u/justarandomrussian	fmb87dz	u/vobsvids32	fm9uj3b	C
2020-04-03 09:38:05.606596	u/ramzzovic	fmb88uk	u/ing_die	fmb6yyd	C
2020-04-03 09:38:16.172292	u/PossibleSuspect0	fmb89kv	u/gotoshopmrbeastcom	fmb6112	C
2020-04-03 09:38:27.166514	u/Nitroottet	fmb8a01	u/tillhop19	fmb7opu	C
2020-04-03 09:39:01.841453	u/i-want-the-good-die	fmb8cc9	u/Carlol121	fmasiel	C
2020-04-03 09:39:11.113878	u/Air-Stride	fmb8cia	u/mister_mems	fmb8awp	C
2020-04-03 09:39:13.073439	u/lookarious	fmb8ckg	u/ShyGuyMemes	fmb3wh1	C
2020-04-03 09:39:20.385300	u/Arnat_Pagle	fmb8d9t	u/nateyboi921	fmb8aiv	C
2020-04-03 09:39:23.060760	u/vk23621322362232	fmb8dey	u/Thegatesarm	fmb550m	C
2020-04-03 09:39:39.057370	u/ClaSher0082	fmb8epc	u/1233456778910	fmb6j8s	C
2020-04-03 09:39:42.321128	u/pohlarbearpants	fmb8ewt	u/Jeguswegus	fmb36ac	C
2020-04-03 09:39:44.706009	u/KrispyKrist	fmb8f6w	u/RepostSleuthBot	fmaz2tc	C
2020-04-03 09:39:49.113601	u/Reddit_is_gay6969	fmb8fkn	u/Econort816	fmb4hhy	C
2020-04-03 09:39:49.896593	u/ConnorTheSavage69	fmb8fkl	u/CatSlayer_69	fmb7luq	C
2020-04-03 09:40:15.724723	u/harvey1a	fmb8hao	u/BoyTheTall	fmawh5t	C
2020-04-03 09:40:24.247769	u/lastfatalhour	fmb8htl	u/NerdninjawithanN	fmb4h9q	C
2020-04-03 09:40:29.483336	u/lolwatergay	fmb8hxz	u/TheCelestialEquation	fmb7wdh	C
2020-04-03 09:40:41.141740	u/blorg-drone	fmb8ii9	u/FattiBombatti	fmavx9z	C
2020-04-03 09:40:47.086041	u/FragmentedFireGaming	fmb8in7	u/C9Aayushman_V	fmb5yvc	C
2020-04-03 09:40:56.697307	u/RoseRedCinderella	fmb8ivw	u/Setheran	fmap7ms	C
2020-04-03 09:41:18.773374	u/cranbery_juice	fmb8jhh	u/thesmarmellus	fu8brc	S
2020-04-03 09:41:37.006882	u/guess_im_anonymous	fmb8k55	u/SFWyes	fmavfqs	C
2020-04-03 09:41:39.275506	u/SofiBK	fmb8kb9	u/zitchat	fmayt8x	C
2020-04-03 09:41:42.692993	u/I3ornToShoot	fmb8kh2	u/Respect_Paying_Bot	fmb7itn	C
2020-04-03 09:41:46.226017	u/SpeakerOfForgotten	fmb8kk4	u/polkalana	fmakhy1	C
2020-04-03 09:41:48.496859	u/tayroc122	fmb8kn6	u/KillaMG97	fmb8a61	C
2020-04-03 09:41:56.086477	u/UpsideDownToaster69	fmb8kut	u/AdamBlaster007	fmb8guy	C
2020-04-03 09:42:13.017788	u/low-dawg	fmb8lji	u/lFuhrer	fmanal9	C
2020-04-03 09:43:29.240259	u/low-dawg	fmb8ny2	u/MCJon6	fm9gy2v	C
2020-04-03 09:43:37.286282	u/MufasaJr	fmb8o6u	u/Consistent-Kitchen	fmb7o8l	C
2020-04-03 09:43:39.541566	u/zuwiqq	fmb8o86	u/WarGodAKJ	fmaqz1l	C
2020-04-03 09:43:56.805190	u/kennyisnotdankdead	fmb8p97	u/AkshatC07	fmb86uf	C
2020-04-03 09:44:13.164474	u/Bricksoldier123	fmb8qap	u/TheMysticFez	fmamg5n	C
2020-04-03 09:44:30.424632	u/Sensei-Elo	fmb8qve	u/yuriandjoesson	fmb5sfq	C
2020-04-03 09:44:58.645080	u/Ddog1404	fmb8s82	u/drakinite420	fmb3rip	C
2020-04-03 09:45:13.321051	u/angryhkpenguin	fmb8sqo	u/Consistent-Kitchen	fmb5bmb	C
2020-04-03 09:45:24.919261	u/KPF_QC	fmb8tfk	u/Red_fade_british	fmazlth	C
2020-04-03 09:46:12.180596	u/Trotrock	fmb8vs9	u/Sevofthesands	fmb7duw	C
2020-04-03 09:46:15.107821	u/reeedituser	fmb8vu7	u/MarnickBeer01	fmb30md	C
2020-04-03 09:47:00.188540	u/Vaultboy65	fmb8y28	u/Arbiter6518	fmb5mm7	C
2020-04-03 09:47:24.184510	u/Bobisacoolname69	fmb8z7r	u/AnubisRed	fmb8ucb	C
2020-04-03 09:47:26.008873	u/Stone_tools	fmb8zat	u/kristee10	fmaxzi7	C
2020-04-03 09:47:44.894812	u/WhiteSoldier066	fmb902g	u/Squodel	fmb8xzv	C
2020-04-03 09:47:52.003056	u/PiggyGhost	fmb909y	u/Sir_Forox	fmavvnu	C
2020-04-03 09:48:40.775959	u/satiny-vy	fmb939x	u/_MostlyHarmless	fmb7ug0	C
2020-04-03 09:48:43.622356	u/Fiestabowl	fmb93iu	u/BigBosley	fmaki5t	C
2020-04-03 09:48:47.385667	u/Alexx977	fmb93n8	u/Oumashu345	fmb8zx4	C
2020-04-03 09:48:52.122444	u/Galaxy_Grenade	fmb93sb	u/SubjectAssassination	fmb81q2	C
2020-04-03 09:48:55.671124	u/_PeachySnow_	fmb941w	u/blaise-789	fmackgm	C
2020-04-03 09:49:23.694280	u/teriyakivass	fmb966n	u/My_Bum69	fmb88nm	C
2020-04-03 09:49:30.157125	u/jaiheko	fmb96gc	u/_dashinn_	fmb85nk	C
2020-04-03 09:49:36.210591	u/HumanTrashLovesCash	fmb973l	u/kuhlschranko	fmb94lo	C
2020-04-03 09:49:41.665644	u/legolasreborne	fmb97p3	u/Stormblessed132	fmatx47	C
2020-04-03 09:49:45.673757	u/The-beautiful	fmb97y2	u/BigChungusMaBoi	fmahnwg	C
2020-04-03 09:49:50.651217	u/TeeeO-Flerplington	fmb98i6	u/callmewurstsalat	fmb5f54	C
2020-04-03 09:49:54.630989	u/130lbsOfIdiocy	fmb98pl	u/RepostSleuthBot	fmazmrd	C
2020-04-03 09:49:55.338298	u/Hennessey_Drew	fmb98uv	u/superbloggity	fmb6gdv	C
2020-04-03 09:49:57.983905	u/DerJeweler	fmb99al	u/SquareRootOf22	fmb89nr	C
2020-04-03 09:49:58.576081	u/IOPAShadowArchetype	fmb99b7	u/hexagonalsky	fmb93lu	C
2020-04-03 09:49:59.274618	u/purgatorr	fmb99h6	u/MakyCze_	fmb8d8x	C
2020-04-03 09:49:59.936903	u/BlueIcee13	fmb99mj	u/swampertDbest	fmb8x7j	C
2020-04-03 09:50:13.926798	u/shaqs_left_canine	fmb9ac0	u/Mirokov	fljzh8l	C
2020-04-03 09:50:26.604587	u/1I2I3I4I5I6I7I8I9I	fmb9b6b	u/Mr_Psyco_	fmb4pel	C
2020-04-03 09:50:37.325297	u/MyGodBejeebus	fmb9bqv	u/The-Great-Waluigi	fmazwpe	C
2020-04-03 09:50:46.197544	u/extraspiciness	fmb9bwy	u/__Toaster	fmaz25i	C
2020-04-03 09:51:48.960516	u/IOPAShadowArchetype	fmb9dw3	u/Antanarau	fmb5b7e	C
2020-04-03 09:52:38.730269	u/TheMandalorian42	fmb9fuw	u/I3ornToShoot	fmb8kh2	C
2020-04-03 09:52:40.977605	u/3XcRaZyX3	fmb9fv8	u/LightningShiva1	fmb8yw0	C
2020-04-03 09:52:55.105617	u/ThEbola69	fmb9gjh	u/WeAreLegion64	fmb7fgp	C
2020-04-03 09:53:07.265463	u/CordlessJet	fmb9h5y	u/darmer3j	fmb9eql	C
2020-04-03 09:53:11.903978	u/_EiViX_	fmb9hj6	u/Azurix8	fmb7jvu	C
2020-04-03 09:53:33.064738	u/QueenZoti	fmb9inv	u/ShyGuyMemes	fmb3wh1	C
2020-04-03 09:53:43.717154	u/YashSSJB1	fmb9j0f	u/QWERTYAjay	fmb4mov	C
2020-04-03 09:54:06.714526	u/PuttyBurrito	fmb9k3q	u/TemperedFiddles	fmb569f	C
2020-04-03 09:54:13.155492	u/DHdes450	fmb9kai	u/CordlessJet	fmb99k9	C
2020-04-03 09:54:17.740491	u/YashSSJB1	fmb9kl1	u/RosesVines	fmb5sz7	C
2020-04-03 09:55:41.311051	u/cypher302	fmb9ojc	u/CordlessJet	fmb867f	C
2020-04-03 09:55:58.721233	u/Andreignd11	fmb9pfj	u/nateyboi921	fmb8u2s	C
2020-04-03 09:56:10.922682	u/BluerGold	fmb9pww	u/00-H	fmb4t6a	C
2020-04-03 09:56:18.941792	u/Andreignd11	fmb9q8g	u/nateyboi921	fmb8aiv	C
2020-04-03 09:56:39.435863	u/DankyyKangg	fmb9r32	u/d3kushrub	fu371j	S
2020-04-03 09:57:01.748975	u/DPSDoesGames	fmb9rz1	u/Kind-Pop	fl3zlqu	C
2020-04-03 09:57:19.362897	u/cjmma19	fmb9t2h	u/dub273	fmb83dl	C
2020-04-03 09:57:27.895684	u/DPSDoesGames	fmb9tij	u/Gubq	fl5lyk4	C
2020-04-03 09:57:45.847070	u/TacticalSaint47	fmb9u78	u/longhud	fmb0jh6	C
2020-04-03 09:57:47.652501	u/BigYounkers	fmb9ub0	u/Jazzyjeff2005	fmb9jbv	C
2020-04-03 09:57:49.706947	u/swans183	fmb9uev	u/singingaknb	fmam03u	C
2020-04-03 09:57:58.115667	u/Ickygrabber	fmb9umq	u/Andreignd11	fmb9q8g	C
2020-04-03 09:58:03.569586	u/Gamerninja17396	fmb9utp	u/iamsparky99	fmb9s5y	C
2020-04-03 09:58:13.995945	u/Pennutoh12	fmb9vf1	u/Nyaaaancatt	fmb9d3p	C
2020-04-03 09:58:30.958086	u/a_random_boi1234	fmb9wzw	u/darmer3j	fmb7etc	C
2020-04-03 09:58:34.738771	u/SaltySam64	fmb9x6s	u/Cynaren	fmb811e	C
2020-04-03 09:58:43.381461	u/vividOxogen	fmb9xo5	u/CheesecakeCapo	fm9dfm1	C
2020-04-03 09:59:06.836676	u/MrDuffyDo	fmb9yj2	u/MyGodBejeebus	fmb9hva	C
2020-04-03 09:59:08.210819	u/mediocre50	fmb9ylj	u/swagswag6996	fmb2hqx	C
2020-04-03 09:59:31.656957	u/Razer2102	fmba089	u/kuhlschranko	fmb9nss	C
2020-04-03 09:59:42.946870	u/Authoritah12	fmba0v7	u/leaderofthevirgins	fmagqqi	C
2020-04-03 09:59:44.035377	u/De_dot	fmba0v9	u/Baselmagdy	fmb9oac	C
2020-04-03 09:59:45.050557	u/Yourmom419	fmba11a	u/AaronBanyard	fmb08dc	C
2020-04-03 09:59:52.111096	u/dikzakkiedik	fmba1lg	u/tomatoe_s	fmb3ko6	C
2020-04-03 09:59:58.637782	u/The-German_Guy	fmba2o5	u/Mezzo_in_making	fmb4kd7	C
