2020-03-26 08:00:07.582765	u/Edltraud	fljq8fh	u/canadianguy1234	fljp41j	C
2020-03-26 08:00:13.149559	u/The_Evilburger	fljq8ik	u/RepostSleuthBot	fljq74k	C
2020-03-26 08:00:40.383697	u/DimaMcBlyad	fljq957	u/RepostSleuthBot	fljmccj	C
2020-03-26 08:00:48.019029	u/Big_Green_Tony	fljq9da	u/mrpampersisgood	fljq16a	C
2020-03-26 08:01:36.957734	u/sworpy123	fljqab4	u/SisterofWolves	flg2ez0	C
2020-03-26 08:01:45.378524	u/kyleman39	fljqag4	u/Paulius324	fljou4p	C
2020-03-26 08:01:53.272478	u/2281lhf	fljqal9	u/man_in_black_1143	flj7of6	C
2020-03-26 08:02:07.549697	u/catcatcatbicat	fljqatl	u/SnoopySlender	fljq828	C
2020-03-26 08:02:15.393755	u/Sorglosigkeit	fljqayi	u/ceezgaiming	fljo4gr	C
2020-03-26 08:02:45.468877	u/eaemdaif06739	fljqbe5	u/CinKM4D	flhfcsy	C
2020-03-26 08:03:30.247548	u/Tom_Skywalker	fljqc7j	u/Rofle44	fljmaag	C
2020-03-26 08:03:57.642123	u/Tolgeyy	fljqcul	u/Santak1ng	fljqa7j	C
2020-03-26 08:04:00.808477	u/jagakoenig	fljqcw4	u/polenannektator	fljkr2m	C
2020-03-26 08:05:40.825233	u/FrankTheReal	fljreqp	u/mrgopher17	fljrdau	C
2020-03-26 08:06:15.942432	u/Arm4do	fljrflg	u/kerowolf69	fljreme	C
2020-03-26 08:07:23.395316	u/katnicda	fljrgzw	u/shemk3	fljp5x9	C
2020-03-26 08:07:26.262485	u/y2hhcm	fljrh0q	u/living_angels	fljretb	C
2020-03-26 08:07:56.051864	u/HeyItsMeMagnus	fljrhy1	u/shemk3	fljp5x9	C
2020-03-26 08:07:59.006549	u/superman5837	fljri4e	u/vippopper	flico8m	C
2020-03-26 08:08:54.894006	u/D3VG07	fljrivs	u/ikindalold	flj0lab	C
2020-03-26 08:09:05.697109	u/smiteghosty	fljrizl	u/Ranger22445	fljrbge	C
2020-03-26 08:09:07.804705	u/hiimdeath_	fljrj1o	u/stalinslovebaby69	fljq8ig	C
2020-03-26 08:09:10.148665	u/_ariaa_	fljrj4r	u/Edltraud	fljhnpw	C
2020-03-26 08:09:11.866794	u/wet_psyduckslayer	fljrj9v	u/FluuBk	fljnwkb	C
2020-03-26 08:09:16.220409	u/Schnitzelinski	fljrjke	u/NickLeMec	fljkt63	C
2020-03-26 08:10:08.424165	u/pirate_door91	fljrln1	u/MrSchnapskatze	fljfmh6	C
2020-03-26 08:10:10.832521	u/LvS	fljrlnz	u/NoxBizkit	fljrc6o	C
2020-03-26 08:10:37.507751	u/Kesher123	fljrltl	u/random-pineapple420	fljhgpu	C
2020-03-26 08:11:11.200390	u/FPiN9XU3K1IT	fljrmbi	u/HumanNr569	fljmfdg	C
2020-03-26 08:11:29.050853	u/captainhero123	fljrn2r	u/joshc14	fp8rfk	S
2020-03-26 08:11:45.492222	u/m3m0w	fljrni6	u/mayneffs	fljhige	C
2020-03-26 08:11:53.704100	u/Like_20_Ninjas	fljrnpb	u/peawyoyoyin	flj2zec	C
2020-03-26 08:12:11.484261	u/Annual_Friend	fljro5x	u/manuelhoster	fljid7t	C
2020-03-26 08:12:30.006603	u/Lunatic-Crazy-guy	fljroi6	u/stormy1987	fljriw2	C
2020-03-26 08:12:38.027386	u/midgetapple13	fljroos	u/shemk3	fljp5x9	C
2020-03-26 08:12:46.416162	u/Gevatter	fljroxa	u/Smooth_Detective	fljn0bt	C
2020-03-26 08:12:56.609252	u/DrDudeatude	fljrp6b	u/It5Moritz	fljdrt3	C
2020-03-26 08:13:27.075488	u/The_superior_nugget	fljrpr5	u/0zerosinjin	flhd8fu	C
2020-03-26 08:13:53.838713	u/RedDeadMe	fljrqjc	u/Depressive-Boi	flji13t	C
2020-03-26 08:14:42.410601	u/MeckityM00	fljrrld	u/Grazthespaz	fljkspg	C
2020-03-26 08:15:16.087086	u/OlliZ0117	fljrrzv	u/TheReal_JimPickens	fljhkte	C
2020-03-26 08:15:38.544092	u/RecycledCap	fljrsbt	u/joshc14	fljm45g	C
2020-03-26 08:15:57.254314	u/GlobalWarminIsComing	fljrsjq	u/mayneffs	fljq4aw	C
2020-03-26 08:16:00.582178	u/blackcray	fljrsm0	u/CinKM4D	flh8whz	C
2020-03-26 08:16:42.649390	u/TheGirlinCharge	fljrtdz	u/NickLeMec	fljkrui	C
2020-03-26 08:17:02.321143	u/jhkfojrifydgnfxygprj	fljru23	u/TheReal_JimPickens	fljhkte	C
2020-03-26 08:17:04.596633	u/123Donutt	fljru7l	u/AutoModerator	fljr3nc	C
2020-03-26 08:17:06.182963	u/The_Serpent_of_Chaos	fljru8j	u/adwait199	fljl3fx	C
2020-03-26 08:17:11.714857	u/Enderman_insuit	fljrujj	u/Spoggen	fljrqc6	C
2020-03-26 08:17:20.816034	u/claudiojake	fljrusw	u/Fwaggot420	fljjkh1	C
2020-03-26 08:17:30.403547	u/DontCallMeIcarus	fljruzi	u/SarBearOfficial	fljplkq	C
2020-03-26 08:17:49.234213	u/ShadowDragon981	fljrw0d	u/trushal02	fljnzy2	C
2020-03-26 08:18:41.682774	u/Thethotslayer007	fljrx1g	u/AutoModerator	fljdqrc	C
2020-03-26 08:18:43.266923	u/D0UD	fljrx3i	u/LvS	fljnkie	C
2020-03-26 08:19:00.394512	u/Pups513	fljrxm9	u/kruemmelbande	fljm68f	C
2020-03-26 08:19:01.302479	u/RickStevensAndTheCat	fljrxmx	u/marshmeeelo	flhz1ao	C
2020-03-26 08:19:02.563150	u/Gongstrong	fljrxp1	u/un1son	fljrceb	C
2020-03-26 08:19:04.561501	u/What_Should_I_Say_	fljrxtr	u/BartuArda	fljgg46	C
2020-03-26 08:19:35.884432	u/firsttimereddituser1	fljryeq	u/AutoModerator	fljdqrc	C
2020-03-26 08:19:37.493606	u/Crix00	fljryhp	u/FAR1X	fljkbxr	C
2020-03-26 08:19:39.563576	u/PearceWD	fljryof	u/AutoModerator	flj9vt1	C
2020-03-26 08:19:40.429798	u/g0_0fy	fljryq6	u/Charles_the_duck69	fljn4qh	C
2020-03-26 08:19:42.560398	u/Honza368	fljryvz	u/Felix_Smith	fljrv3d	C
2020-03-26 08:20:32.843657	u/CTG_REDDIT	fljs0ah	u/spapui	fljr69d	C
2020-03-26 08:21:08.504329	u/naranjaspencer	fljs0yy	u/mayneffs	fljhige	C
2020-03-26 08:21:42.441009	u/CheruB36	fljs1lo	u/universe_from_above	fljriuw	C
2020-03-26 08:21:57.501288	u/Spwoofed	fljs1vh	u/R8-Legend	fljrp85	C
2020-03-26 08:22:07.858730	u/Autistic_Patrick	fljs2lp	u/TheReal_JimPickens	fljhumd	C
2020-03-26 08:23:11.515739	u/fleshySUPRISE	fljs3va	u/woxxiiq	fljpk92	C
2020-03-26 08:23:27.113022	u/sir_FLUFF3LS	fljs4fg	u/Schnitzelinski	fljrlpb	C
2020-03-26 08:23:37.806690	u/FKaanK	fljs4nb	u/__KOBAKOBAKOBA__	fljgad2	C
2020-03-26 08:23:41.721705	u/Der_Koni	fljs4r4	u/Pups513	fljrxm9	C
2020-03-26 08:23:46.084014	u/doge260	fljs4t9	u/agomezr01	fljo5rc	C
2020-03-26 08:24:03.921958	u/acidic_1	fljs5jz	u/VViper1232	fljrmo7	C
2020-03-26 08:24:22.210213	u/Fn00rd	fljs5pb	u/MrSchnapskatze	fljfmh6	C
2020-03-26 08:24:33.197298	u/RobertBarty	fljs63k	u/Ranger22445	fljpme2	C
2020-03-26 08:25:25.006244	u/AconM4ster	fljs76m	u/Perussuomalaiset	flirt8z	C
2020-03-26 08:25:36.946240	u/Jajalitho	fljs7gf	u/J_perl	flhj7x0	C
2020-03-26 08:26:18.615810	u/NoHomius	fljs8c7	u/Speegon	fljru4w	C
2020-03-26 08:26:36.963799	u/xX_CommanderPuffy_Xx	fljs8oe	u/yeetmeintoablackhole	fljo1oa	C
2020-03-26 08:26:39.241458	u/godbottle	fljs8oo	u/spupy	fljom30	C
2020-03-26 08:26:44.745990	u/Wingo5315	fljs8rl	u/CurbKillaz	fljkwxc	C
2020-03-26 08:26:47.224570	u/MatthewV456	fljs8wf	u/Blues-Piano	fljppw1	C
2020-03-26 08:28:17.823193	u/DamagingChicken	fljsahc	u/MZ-95	flig6lm	C
2020-03-26 08:28:21.153129	u/MadKitKat	fljsapd	u/NoorElsemary	fljrpcf	C
2020-03-26 08:28:26.028840	u/Alan157	fljsb1b	u/abductedpeanut	fljm18m	C
2020-03-26 08:28:40.555879	u/iFunHuman	fljsbca	u/thatfrenshdude	fljqhiy	C
2020-03-26 08:28:46.506992	u/MrObsidy	fljsbny	u/_MaxDax_	fljjk95	C
2020-03-26 08:28:49.232986	u/BubifraciHD	fljsbow	u/TheReal_JimPickens	fljhkte	C
2020-03-26 08:28:51.880277	u/MrUdri	fljsbsm	u/robin_joker	fljsap2	C
2020-03-26 08:29:09.473476	u/GamrTaku	fljsc53	u/Ranger22445	fljs7gl	C
2020-03-26 08:29:16.439498	u/wismyname	fljsch5	u/felicitationesx	fljs53x	C
2020-03-26 08:29:19.686398	u/Cassereddit	fljscmd	u/mayneffs	flji57p	C
2020-03-26 08:29:34.772820	u/herpestruth	fljscwo	u/mayneffs	fljhige	C
2020-03-26 08:29:36.106838	u/bereketamca	fljscxr	u/Kodeine__Bryant	fljn7v1	C
2020-03-26 08:29:38.547944	u/zzLE0zz	fljsd3v	u/DUCKLESSLORD	flhgwqq	C
2020-03-26 08:29:39.142551	u/TheMexicanJuan	fljsd4z	u/TheReal_JimPickens	fljhkte	C
2020-03-26 08:29:39.827628	u/DatBoiSmurfy	fljsd51	u/georgkingjunior8514	fljscch	C
2020-03-26 08:29:40.524073	u/MariusNinjai	fljsd6q	u/random-pineapple420	flji5du	C
2020-03-26 08:30:22.396311	u/aost1419	fljse0h	u/WhiteUnicorn239	fljdtov	C
2020-03-26 08:31:42.224720	u/KMuJu	fljsfkh	u/IHKGOG	fljs79j	C
2020-03-26 08:31:49.054845	u/Jing0oo	fljsfpz	u/mayneffs	flji57p	C
2020-03-26 08:32:18.036592	u/Alternate_CS	fljsggn	u/NickLeMec	fljmd8k	C
2020-03-26 08:32:35.549645	u/send-nuggets	fljsgpf	u/okbloomer	fp7em1	S
2020-03-26 08:32:44.838809	u/Hiyeah1	fljsh4j	u/Gubq	fl5lyk4	C
2020-03-26 08:32:57.014203	u/SomeRacoon555	fljshbq	u/DynastyGoat17	fp076r	S
2020-03-26 08:33:17.823682	u/Grevious__	fljshp1	u/Overworldhero	fp41yy	S
2020-03-26 08:33:40.068894	u/RodneyRInnocent	fljsi2z	u/hussey84	fljqc62	C
2020-03-26 08:34:08.826978	u/ViTaZHD	fljsirz	u/DatBoiSmurfy	fljscej	C
2020-03-26 08:34:21.594349	u/Le_German_Face	fljsja2	u/WhiteUnicorn239	fljdtov	C
2020-03-26 08:34:31.759066	u/nikcokkie	fljsjlo	u/mimilegolol	fljroc3	C
2020-03-26 08:34:33.653030	u/Brad323	fljsjma	u/TheRoyalKT	flihd94	C
2020-03-26 08:34:35.540025	u/That-Weird-Dude-Idek	fljsjo9	u/AutoModerator	fljsitj	C
2020-03-26 08:34:40.503805	u/ozzy3939	fljsjr4	u/Fusionwolf76	fli5ixi	C
2020-03-26 08:34:53.777791	u/realmojosan	fljsjxo	u/yureku_the_potato	fljgadz	C
2020-03-26 08:35:00.497878	u/Travelinghigh420	fljsk2a	u/mayneffs	fljhige	C
2020-03-26 08:35:05.139996	u/mailwasnotforwarded	fljsk97	u/FirstPotatoOverlord	flhgnrw	C
2020-03-26 08:35:48.633381	u/mopkarop1	fljsla8	u/Rapid_Official	fljrw1a	C
2020-03-26 08:35:50.468343	u/middleagemutantninja	fljslc7	u/TheReal_JimPickens	fljhkte	C
2020-03-26 08:35:54.659976	u/officalyadoge	fljslf4	u/HakuTsubaki	fljqhnh	C
2020-03-26 08:36:19.924652	u/yslnico	fljslki	u/eljay87skt	fljqzo8	C
2020-03-26 08:36:22.360919	u/juliofrivia	fljsllk	u/CarpetIsSoft	flixmbz	C
2020-03-26 08:36:26.800275	u/boi-of-wonders	fljslq5	u/ChangNoi97	flji8ya	C
2020-03-26 08:36:29.265167	u/--MrPotato--	fljslsj	u/RepostSleuthBot	fljpzhw	C
2020-03-26 08:36:31.747020	u/ArchitectureOfBrick	fljslt1	u/DmMacniel	flje4my	C
2020-03-26 08:36:39.078256	u/TigrexClaw	fljsm8j	u/sonnendieb	fljim6h	C
2020-03-26 08:36:42.314704	u/WhomstAlt	fljsme0	u/yureku_the_potato	flje2lk	C
2020-03-26 08:36:45.649591	u/InterestingTurnover	fljsmg1	u/DmMacniel	flje4my	C
2020-03-26 08:37:05.009846	u/V3lxer	fljsn5t	u/AshCatchUp47	fljp8zf	C
2020-03-26 08:37:07.338333	u/TheCaptain910	fljsn8v	u/twinsterblue	flicfwx	C
2020-03-26 08:37:16.525005	u/Bluejaygo1234	fljsnen	u/woodendoors7	fljsl9p	C
2020-03-26 08:37:21.418386	u/Jamie_Alan_Campbell	fljsnkh	u/terrariaprogamer2	fljjru6	C
2020-03-26 08:37:42.917691	u/_-Perses-_	fljso2n	u/aScrollingProgram	flhf0kb	C
2020-03-26 08:37:47.471215	u/Amaaog	fljso6f	u/Eschaton235	fljjemu	C
2020-03-26 08:37:55.679259	u/jediefe	fljsog2	u/WhiteUnicorn239	flje5aw	C
2020-03-26 08:38:14.940813	u/Material-Address	fljspbn	u/Brokeasslobster	fljp2go	C
2020-03-26 08:38:20.523220	u/Sewance	fljspi0	u/RepostSleuthBot	fljoir4	C
2020-03-26 08:38:24.772799	u/ha_exposed	fljspnh	u/warptwenty1	fljqxtb	C
2020-03-26 08:38:27.610721	u/fetusmaster_69	fljsppj	u/OmegaGeneral1	fldu2jw	C
2020-03-26 08:38:32.464753	u/the-real-sheepster	fljsq15	u/Alternate_CS	fljsggn	C
2020-03-26 08:38:34.528347	u/VolrathEvincar	fljsq38	u/scodennton456	fljsd7d	C
2020-03-26 08:39:01.617531	u/Officially_anapat	fljsqsi	u/orten_boi	fljsigk	C
2020-03-26 08:39:05.575730	u/Antonnnr	fljsqwl	u/RomanusStijkelvarken	fljqz8o	C
2020-03-26 08:39:42.277287	u/Grundlefungus	fljsrpd	u/_ProfessionalRetard_	fljrt5b	C
2020-03-26 08:39:52.355908	u/Au-Di	fljss34	u/real_doppelganger	fljs7xx	C
2020-03-26 08:39:54.756473	u/duoshou	fljss79	u/sebastiiaaann	flii3ij	C
2020-03-26 08:40:21.062811	u/AnayaRey	fljssci	u/robin_joker	fljsap2	C
2020-03-26 08:40:56.777666	u/shredder619	fljst1q	u/Officially_anapat	fljsnvc	C
2020-03-26 08:41:50.265729	u/JustInvestment0	fljsu0s	u/TheDustOfMen	fljost5	C
2020-03-26 08:42:01.883148	u/EaTiT3	fljsu7e	u/ManiacZombie69	fljpxfy	C
2020-03-26 08:42:12.609574	u/xXx_DaRkLoRd_XxXegg	fljsueo	u/Pigpenlordofdirt	flh7092	C
2020-03-26 08:43:32.275465	u/jacobdaniel_22	fljsw3f	u/yeeterskeeter6942069	fljoejd	C
2020-03-26 08:44:06.224105	u/TheNiteMarePlay	fljswov	u/modern_problems	fljsqkp	C
2020-03-26 08:44:10.751857	u/TH3_FAT_TH1NG	fljswr2	u/Dethress	fljnrl8	C
2020-03-26 08:44:12.909035	u/CLowe2614	fljswrh	u/The_Evilburger	fljqzsv	C
2020-03-26 08:44:39.014810	u/UncleDanko	fljsxbv	u/send-nuggets	fljsgpf	C
2020-03-26 08:44:40.839634	u/Romval	fljsxbx	u/bigchillsharky	fljs15b	C
2020-03-26 08:44:52.177413	u/l_fintan_l	fljsxu9	u/inline_citations	fljo2js	C
2020-03-26 08:45:07.104111	u/Prestigious-Parsnip	fljsy0z	u/wet_psyduckslayer	fljrj9v	C
2020-03-26 08:45:08.894155	u/patricksprice	fljsy2x	u/Pigpenlordofdirt	flh8xt6	C
2020-03-26 08:45:51.667952	u/Kayser_soze	fljsyz0	u/Felix_Smith	fljkr5h	C
2020-03-26 08:46:03.017421	u/Bayfire2441	flju78c	u/ExplosiveThingy	fljkxqa	C
2020-03-26 08:46:08.575375	u/TheRedditor2007	flju7fy	u/sandychipsx	fljhdlc	C
2020-03-26 08:46:23.662014	u/cpkriener575	flju7z4	u/Destore_	fljk2oy	C
2020-03-26 08:46:26.807291	u/CrypticWatermelon	flju816	u/Kind-Pop	fl3zlqu	C
2020-03-26 08:46:33.078801	u/wooshifmegagae	flju897	u/kids_in_my_basement0	fljibd2	C
2020-03-26 08:47:02.314856	u/duck_eating_planet	flju95u	u/manaskumar69420	fpatch	S
2020-03-26 08:47:07.440563	u/felixklinger1205	flju9in	u/extrahammer_	fljljod	C
2020-03-26 08:47:12.084724	u/Demon_Axe87	flju9ka	u/Zafk13l	flju5dn	C
2020-03-26 08:48:08.510601	u/Shox42	fljuc0t	u/Pigpenlordofdirt	flh7092	C
2020-03-26 08:48:23.586962	u/nxmnxth	fljuc6p	u/AutoModerator	flh67lm	C
2020-03-26 08:49:32.142875	u/Herinette	fljudor	u/taiaguu	fl8jvme	C
2020-03-26 08:49:48.504102	u/Bomot_Hel	fljueg7	u/felicitationesx	fljswo7	C
2020-03-26 08:49:59.688727	u/JesusRasputin	fljueu3	u/Felix_Smith	fljqztd	C
2020-03-26 08:50:06.101111	u/es-ist-blod	fljuf3p	u/WhiteUnicorn239	fljdtov	C
2020-03-26 08:50:21.871283	u/DiiiCA	fljuf5y	u/RepostSleuthBot	fljsgo9	C
2020-03-26 08:50:57.258064	u/MaverickRoxx	fljufrj	u/darrenbrads123	flju7ld	C
2020-03-26 08:51:08.740852	u/9Greenie9	fljugd3	u/DaMack69	fljo30m	C
2020-03-26 08:51:58.643023	u/Jackyboy923	fljuh4f	u/RepostSleuthBot	fljr48h	C
2020-03-26 08:52:27.544041	u/Mr-Master6	fljuhyf	u/fualtyzane	fljc4s6	C
2020-03-26 08:52:36.809672	u/gndm28	fljui6z	u/jonam123456789	fljsvuy	C
2020-03-26 08:52:44.134844	u/thisnameisnotorg	fljuie7	u/RepostSleuthBot	fljueix	C
2020-03-26 08:52:47.344622	u/OMGitsXxFoGxX	fljuik1	u/CinKM4D	flhfcsy	C
2020-03-26 08:53:02.099433	u/Crazytentacles	fljujbu	u/Au-Di	fljss34	C
2020-03-26 08:53:59.441116	u/KSB-Pr0fit	fljukw5	u/UD_1680	fljuh10	C
2020-03-26 08:54:01.481390	u/pizza240	fljukwo	u/Patrick_Bot2	fljuj31	C
2020-03-26 08:54:09.840925	u/Eclipse0527	fljul9g	u/mayneffs	fljip8m	C
2020-03-26 08:54:37.996788	u/ThunderVoidYT	fljum6w	u/elongated-tuskrat	fljtwb9	C
2020-03-26 08:54:53.968714	u/boi_with_pizza_rolls	fljumi9	u/AutoModerator	fljdqrc	C
2020-03-26 08:55:37.865125	u/bobcat878	fljuo2i	u/joshc14	fljn0ng	C
2020-03-26 08:55:48.078027	u/yesieatchildren	fljuojs	u/AutoModerator	fljhtkw	C
2020-03-26 08:56:08.160329	u/Minigunmann	fljuowt	u/natopotatomusic	fljulel	C
2020-03-26 08:56:24.568060	u/Waffelschrank	fljupn8	u/mayneffs	fljhige	C
2020-03-26 08:56:35.493338	u/FullHalfTotalEclipse	fljups3	u/Farbklecks	fljnzl4	C
2020-03-26 08:56:42.078194	u/uneeqrow	fljuq57	u/elskidaadleskidoodle	fljtvpw	C
2020-03-26 08:56:55.652983	u/RollingChanka	fljuqci	u/jacenat	fljllcr	C
2020-03-26 08:57:04.938421	u/Pleasant-Albatross	fljuqms	u/WhiteUnicorn239	fljdtov	C
2020-03-26 08:57:09.267494	u/Neon1738	fljuqo7	u/real_doppelganger	fljs7xx	C
2020-03-26 08:57:13.570174	u/BumboJumbo05	fljuqwn	u/Yunusluborek	fljup1c	C
2020-03-26 08:57:35.123092	u/3th4n_ol	fljurhn	u/3pintsoguiness	fljllm5	C
2020-03-26 08:57:37.367919	u/augsiris11	fljurkl	u/VibraniumDragonborn	fl5nrgn	C
2020-03-26 08:57:42.097660	u/IamNuclide	fljurqr	u/Edltraud	fljq8fh	C
2020-03-26 08:57:52.725159	u/creepercumdump	fljus6d	u/HanZomb	fljhyif	C
2020-03-26 08:57:55.488454	u/COVID19_4Lyf	fljus9b	u/Sekof7	fljknkd	C
2020-03-26 08:58:13.235804	u/Fszhv2wfc	fljusrc	u/Pigpenlordofdirt	flh7092	C
2020-03-26 08:58:15.950951	u/LeEmokid	fljusv0	u/WonderCookieee	fljax4i	C
2020-03-26 08:58:21.323514	u/Stevenandreww2004	fljut18	u/technology-pedant	fljfyro	C
2020-03-26 08:58:25.167026	u/uzudan	fljuta5	u/hiimdeath_	fljrj1o	C
2020-03-26 08:58:28.608674	u/imnotryuk	fljutbk	u/kristallglad	fljuq2w	C
2020-03-26 08:59:06.269623	u/MoltenHoneycomb	fljuu2c	u/--MrPotato--	fljslsj	C
2020-03-26 08:59:19.469694	u/Milital	fljuuk5	u/pewdsxtseries	fljusqr	C
2020-03-26 08:59:42.086602	u/Voidedsoul	fljuv41	u/Kind-Pop	fl3zlqu	C
2020-03-26 08:59:44.291615	u/beeftony	fljuve5	u/MrSchnapskatze	fljg8lb	C
