2020-04-05 02:00:08.811065	u/kinksley99	fmh3bv5	u/ILPotatoez	fmh2zzp	C
2020-04-05 02:00:32.487184	u/tweetawd	fmh3bxi	u/deathstroke8705	fmh0fsq	C
2020-04-05 02:01:28.333464	u/Mrmangu99	fmh3caq	u/MrCoolC	fmguh4b	C
2020-04-05 02:08:33.085496	u/O-YES-DADDY	fmh3edh	u/Vindovilles	fmgyfa1	C
2020-04-05 02:09:53.320874	u/WisdomStick	fmh3ejx	u/Spicymemez17	fmg9e6c	C
2020-04-05 02:11:37.118282	u/Robo43Jerry	fmh3fai	u/whyaremytoeswet	fmfv5zx	C
2020-04-05 02:12:34.853848	u/Thelostlegend10	fmh3foz	u/King_retard420	fmh2g4b	C
2020-04-05 02:14:06.384771	u/Epic1Online	fmh3fxv	u/Master_JBT	fmf2n5f	C
2020-04-05 02:15:20.706543	u/mjatin2007	fmh3g5k	u/gotahiccup	fmh2xdi	C
2020-04-05 02:18:14.393830	u/MBlazikenG	fmh3ghf	u/DerTischIstSehrGut	fmh0p75	C
2020-04-05 02:27:21.069270	u/_nanner_	fmh5vuz	u/LingLingWanabe-n1002	fmgu17z	C
2020-04-05 02:32:00.525346	u/flyyoufools97	fmh5wpq	u/beon12	fmh5rzw	C
2020-04-05 02:33:21.706245	u/MentalOrientation69	fmh5x4a	u/Ihavenogoodusrenames	fmh4nku	C
2020-04-05 02:34:28.900517	u/6FRanger	fmh5xbu	u/Vanhawk0912	fmgbl4l	C
2020-04-05 02:42:59.528830	u/iamkosmo	fmh5zpy	u/jargondonut	fmfv65y	C
2020-04-05 02:47:42.623495	u/TheFlyinGiraffe	fmh60cq	u/Hot_Sauce_Boi	fmgsodf	C
2020-04-05 02:50:13.224159	u/primalthewendigo	fmh60vf	u/RelativeBlindness	fmgp8qj	C
2020-04-05 02:51:23.853947	u/DA-Khara-Boiiiii	fmh612e	u/jorge_fon123	fmgtnrt	C
2020-04-05 02:51:52.877244	u/AffeDaBoss	fmh613p	u/Daheadchopper	fmh60ed	C
2020-04-05 02:54:21.863587	u/BoredPsion	fmh61zh	u/Andarude	fmh596b	C
2020-04-05 02:56:08.017863	u/Pokket420	fmh62d3	u/PappaCringe01	fmgzjzd	C
2020-04-05 02:57:15.258789	u/Beanslayer_69	fmh62gq	u/KingOfMemes1233	fmh2rue	C
