2020-03-25 13:00:16.067780	u/Drogutin	flh3a9x	u/racerfree	flh2a8c	C
2020-03-25 13:00:37.988896	u/Julirose06	flh3b7u	u/memer414gamer	flh3564	C
2020-03-25 13:02:38.985091	u/pupperputin	flh3eoc	u/absolute-trainwreck	flgimm6	C
2020-03-25 13:02:44.704039	u/IbullshitUnot	flh3err	u/mange1kiwi	flh2xvv	C
2020-03-25 13:03:06.669059	u/BeticoAguerrido	flh3ff7	u/Danmangogogo	flgwkxo	C
2020-03-25 13:03:43.297010	u/PKPIKES	flh3gte	u/vanished_zinc	flgyl8l	C
2020-03-25 13:04:37.621221	u/PurplePretzel99	flh3ijz	u/JackeRid05	flgua0g	C
2020-03-25 13:04:42.747889	u/QWADARTY420	flh3isf	u/autistic-username	flgumc1	C
2020-03-25 13:05:00.498477	u/SayOkBoomerIfGayy	flh3jf9	u/MANUT0	flgt5ib	C
2020-03-25 13:05:18.738269	u/NateWithALastName	flh3ktw	u/EpicMemer100	flgagd8	C
2020-03-25 13:05:25.008799	u/chaosmoon666	flh3l6z	u/Ice319	flh0fv2	C
2020-03-25 13:05:32.895460	u/Ilovecatsonmyface	flh3lhe	u/B3a_ns	fl4bqg7	C
2020-03-25 13:05:40.533563	u/MemeReaper21	flh3lwg	u/tbrink23	flh27t5	C
2020-03-25 13:05:51.036826	u/sxzTheDudersxz	flh3m8d	u/TaisouJeanne	flglz5b	C
2020-03-25 13:06:10.514413	u/Lulujuju28	flh3n3d	u/Noahbradley125	flgij0q	C
2020-03-25 13:06:27.313281	u/jacobs0922	flh3np6	u/pilberwena	flgnakc	C
2020-03-25 13:06:38.468651	u/BBBF_LilGenitals	flh3o96	u/a_planet_4	flgiasd	C
2020-03-25 13:06:54.289297	u/victorjosephdun	flh3oxm	u/racerfree	flh23gz	C
2020-03-25 13:07:10.802215	u/Blizfull	flh3pmv	u/SirShrekTheBrave21	flge8o0	C
2020-03-25 13:07:28.135717	u/Rossino_007	flh3qm2	u/TD_KingJason	flgzaiv	C
2020-03-25 13:07:31.557014	u/sanju14	flh3qvb	u/__Toaster	flgo6jz	C
2020-03-25 13:07:47.230172	u/PokeGeek2cool	flh3rct	u/nutralyzer2	flh2z9h	C
2020-03-25 13:07:54.566465	u/Remzy111	flh3rpm	u/Eplax	flh35wn	C
2020-03-25 13:08:05.957603	u/zschutte10	flh3sgf	u/MantaRay374	flgpekc	C
2020-03-25 13:08:17.298832	u/Penguinatee	flh3tku	u/nobody384	flh30aq	C
2020-03-25 13:08:25.838170	u/unknown_honk	flh3ui5	u/barkmeister	flgp02z	C
2020-03-25 13:08:29.200580	u/NeitherNoire	flh3uqd	u/Gushanska_Boza	flcwxk3	C
2020-03-25 13:08:55.021145	u/koct	flh3vrd	u/snowleopard121214	flgvy6c	C
2020-03-25 13:09:02.773878	u/VulturesInTheSky	flh3wal	u/showelofcrap	flgdugt	C
2020-03-25 13:09:28.117670	u/adhi1419	flh3y8j	u/WateryGatorade	flh0jtg	C
2020-03-25 13:09:29.999131	u/CDrocks87	flh3yd3	u/vpetrychuk	flgyf6s	C
2020-03-25 13:09:33.178683	u/mrbleach76	flh3yor	u/racerfree	flftwxf	C
2020-03-25 13:09:40.761795	u/CharmTLM	flh3z7s	u/MassiveDong42069	flh0s1n	C
2020-03-25 13:09:52.521993	u/Oh_Debussy	flh40fc	u/Lambokiller18	flga1kp	C
2020-03-25 13:09:53.218616	u/EducatedEduard	flh40g4	u/Sad_L0bster	flh0oq9	C
2020-03-25 13:09:57.567557	u/ShreksMassiveDong	flh40sl	u/thatisaginger	flh3yq6	C
2020-03-25 13:09:59.582187	u/Cirboose	flh41bj	u/clintshints	flh3mai	C
2020-03-25 13:10:54.772092	u/Happycarriage	flh43x9	u/racerfree	flh2gkl	C
2020-03-25 13:11:00.535058	u/therealbitchboy	flh448m	u/SirBricardo	flg3je2	C
2020-03-25 13:11:33.686336	u/ldr26k	flh45pi	u/Awarepillow	flgpz8l	C
2020-03-25 13:11:45.757427	u/sid-16	flh464o	u/ExternalClock89	flginbj	C
2020-03-25 13:12:55.022114	u/SanicThiccBoi	flh4939	u/Emonnn	flglv9o	C
2020-03-25 13:13:07.579227	u/JoJosReferenceX3	flh49ko	u/TriggeredGibberd	flh48ff	C
2020-03-25 13:13:21.648801	u/kim-jong-Cage	flh49zg	u/droneflyer35621	flh3xxa	C
2020-03-25 13:13:24.897185	u/Sp3ctr31999	flh4a8y	u/WateryGatorade	flh0jtg	C
2020-03-25 13:13:39.007532	u/Delicious_Foot	flh4asl	u/SgtSavage1106	flh25or	C
2020-03-25 13:14:17.867473	u/HeadClanker	flh4clt	u/racerfree	flh2dct	C
2020-03-25 13:14:48.562143	u/TheExpertAussie	flh4dni	u/racerfree	flh3k2a	C
2020-03-25 13:14:58.287829	u/CODofduty91	flh4e19	u/secondtoasterintub	flh49lk	C
2020-03-25 13:15:02.295083	u/beyblademustard	flh4e3f	u/GrimmeyMaybe	flgay0o	C
2020-03-25 13:15:14.925771	u/mariusiv	flh4e9y	u/ExternalClock89	flginbj	C
2020-03-25 13:15:33.327320	u/Z31Time	flh4ere	u/PurplePretzel99	flh3ijz	C
2020-03-25 13:15:35.424388	u/Memeriri	flh4eu8	u/Gentle_Loud	flgx4eh	C
2020-03-25 13:16:18.820489	u/scoutglanolinare	flh4g6t	u/YeetusSkeetusFeetus	flgrh4d	C
2020-03-25 13:16:26.975662	u/psycho_nugget	flh4gp6	u/adhi1419	flh3y8j	C
2020-03-25 13:17:04.178213	u/George-Bones	flh4ia1	u/butt_quack	flgopi8	C
2020-03-25 13:17:07.946948	u/bmathis21	flh4ik2	u/Tru_Drone_Videos	flh470u	C
2020-03-25 13:17:10.560859	u/Pratyush_55	flh4ikt	u/showelofcrap	flgdugt	C
2020-03-25 13:17:14.081297	u/fellow_communist69	flh4iqr	u/TakenBySquid	flg5tv7	C
2020-03-25 13:17:17.349052	u/ryhallz	flh4isz	u/MR-T-BOI	flh4cji	C
2020-03-25 13:17:31.019172	u/BelvIPA	flh4je5	u/All-the-jojo	flh4hru	C
2020-03-25 13:17:42.498536	u/bboyrasmus	flh4jwj	u/Paladin_Sion	flg7zk5	C
2020-03-25 13:17:44.111294	u/MyWaterDishIsEmpty	flh4jx1	u/UD_1680	flh3yzq	C
2020-03-25 13:18:30.991346	u/evan13lee	flh4m3d	u/droneflyer35621	flh3xxa	C
2020-03-25 13:19:02.915055	u/pjf1512	flh4ns8	u/spinelisbeast	fl5zetw	C
2020-03-25 13:19:04.283258	u/_dont_do_drugs__	flh4nuo	u/enlarged-tuna-fish	flh2hcg	C
2020-03-25 13:19:12.426227	u/whats-a-yeet	flh4o11	u/CurlyDeer45	flh3hvh	C
2020-03-25 13:19:15.672167	u/itslasagna	flh4o8z	u/WhooshIfBigGay	flh3b3d	C
2020-03-25 13:19:23.707127	u/JustinZ103	flh4p0f	u/scoutglanolinare	flh4g6t	C
2020-03-25 13:19:38.018792	u/negativekarz	flh4pnx	u/Tropical_dolphin	flf83d4	C
2020-03-25 13:19:40.587043	u/TwoBeeOreKnotTwoBee	flh4pu0	u/AngelPhantom25	flgffk5	C
2020-03-25 13:19:49.973854	u/Nobody_30	flh4qd3	u/Al8334	flestc9	C
2020-03-25 13:19:54.810755	u/ClasIcTurtle	flh4qy1	u/ILikeYellow15	flh4out	C
2020-03-25 13:20:30.220537	u/Socialist-Hero	flh4sw5	u/Remzy111	flh4max	C
2020-03-25 13:20:33.674310	u/the_weird_shrimp	flh4sw8	u/Snipo-X-Killo	flgfjhm	C
2020-03-25 13:20:58.438903	u/zpezzuolo	flh4u2r	u/KennyDoge39	flh4sdu	C
2020-03-25 13:21:20.378828	u/Loves_Labor_Won	flh4uw5	u/memetaco97	flgn2z1	C
2020-03-25 13:21:23.926824	u/Fresh_D243	flh4v1v	u/Andrei-O	flh185w	C
2020-03-25 13:22:06.376766	u/Toking_Ginger	flh4w7a	u/Chris-P	flh02hz	C
2020-03-25 13:22:51.111314	u/NotFamous_official	flh4xfx	u/SC4L4RBL4Z3	flh4stx	C
2020-03-25 13:22:56.532345	u/Xannann	flh4xik	u/NateWithALastName	flh4488	C
2020-03-25 13:23:12.259445	u/gud_spelller	flh4yc9	u/Andrei-O	flgshg8	C
2020-03-25 13:23:38.745780	u/SlavBoy47	flh4zj6	u/hamstertcpyt	flh32wp	C
2020-03-25 13:24:03.328716	u/zentrie101	flh6g4r	u/novato12	flgo8lu	C
2020-03-25 13:24:19.196797	u/alaneeee	flh6gxh	u/ddadandann	flgzfpm	C
2020-03-25 13:24:22.536529	u/GarAndSho	flh6gyp	u/FuriousSlayer73	flgpco2	C
2020-03-25 13:24:30.690728	u/HugoStiglitz007	flh6h8q	u/ExternalClock89	flginbj	C
2020-03-25 13:24:44.335727	u/Melancholy_Prince	flh6hno	u/Pikameadows	flgvlrf	C
2020-03-25 13:24:48.855262	u/ayegetu	flh6hol	u/SuperNova579	flgt9in	C
2020-03-25 13:24:59.136213	u/GhostWalker134	flh6i2l	u/OwlBoiy	flgfnf7	C
2020-03-25 13:25:14.020468	u/thememecharity	flh6iwc	u/King-Oylmpus	flh3884	C
2020-03-25 13:25:37.530596	u/hikidsitsyaboi	flh6k45	u/Alteracctive	flh6ehm	C
2020-03-25 13:25:57.137352	u/Distressed_One	flh6l8r	u/slashth456	flh61nb	C
2020-03-25 13:26:12.324597	u/4ar0n	flh6m17	u/Gravido	flglc2h	C
2020-03-25 13:26:27.304663	u/AaronRVA	flh6mku	u/sintaur	flgnkm7	C
2020-03-25 13:26:29.550639	u/i_fucked_satan111	flh6mmw	u/bruh_jr	foqff4	S
2020-03-25 13:26:41.620530	u/Howard457	flh6n17	u/TickleDuckFeathers	flgz8oq	C
2020-03-25 13:27:18.334472	u/mrgopher17	flh6oj8	u/Avenixor420	flh69r2	C
2020-03-25 13:27:34.838135	u/MCplaya	flh6p2v	u/Fir3mast3r55	flgr3fr	C
2020-03-25 13:27:46.506777	u/LxserNiyah	flh6pmy	u/LordDraco781	fle9p0s	C
2020-03-25 13:28:09.956625	u/Gunnipol	flh6qf6	u/euphoricbutclueless	flh6mkj	C
2020-03-25 13:28:30.480897	u/ooyeabigboy	flh6rmr	u/racerfree	flh5qa1	C
2020-03-25 13:28:39.355311	u/Hot-Wood	flh6s53	u/FaolCroi	flgsdve	C
2020-03-25 13:28:59.951215	u/BlockBreaker02	flh6tel	u/DoubleACray21	flgaseu	C
2020-03-25 13:29:14.793958	u/ZUCK_BUUTH0LE	flh6uc9	u/SirShrekTheBrave21	flge8o0	C
2020-03-25 13:29:16.096215	u/Thehunterdog	flh6uf2	u/Spazbandicoot	flgo2jr	C
2020-03-25 13:29:30.585959	u/Matster777	flh6v2m	u/milk_connoisseur23	flgbh17	C
2020-03-25 13:29:37.180030	u/Pantrajouer	flh6v7c	u/TRoastedPotato	flh3s2o	C
2020-03-25 13:29:53.336314	u/nate_schwartz	flh6wbl	u/Tru_Drone_Videos	flgydoy	C
2020-03-25 13:29:58.999359	u/this-name-is-good	flh6wwn	u/arzis_maxim	flh6plb	C
2020-03-25 13:30:09.168606	u/derpkeck	flh6xhf	u/shunaay	flh5uyj	C
2020-03-25 13:30:30.175288	u/nolanfarrelly25	flh6xr6	u/DisturbedBirb	flh6rr1	C
2020-03-25 13:30:41.553302	u/Seegulman	flh6y7i	u/AutoModerator	flglmwv	C
2020-03-25 13:30:53.233025	u/slimyboilingpython	flh6yk5	u/TurRetsdud19	flgidao	C
2020-03-25 13:30:59.440507	u/ExceedinglyGayBlueJ	flh6yrb	u/showelofcrap	flgdugt	C
2020-03-25 13:31:17.942858	u/DenKottbullen	flh6zfj	u/RepostSleuthBot	flga1hn	C
2020-03-25 13:31:25.165948	u/petsku164	flh6zpp	u/RustyRobin117	flgvyeu	C
2020-03-25 13:31:31.619933	u/Aidan2353	flh6zwx	u/Remzy111	flh55w9	C
2020-03-25 13:32:10.772610	u/j7st_4_fun	flh70qi	u/FookinLazerSights69	flgv20m	C
2020-03-25 13:32:26.644848	u/i_love_baked_beans	flh719a	u/rock-solid-armpits	flev200	C
2020-03-25 13:32:47.299347	u/Quantum-Watermelon	flh7251	u/PhuckMeInTheAss	flh6lj2	C
2020-03-25 13:33:07.519568	u/ferjnr	flh72sl	u/mixttime	flh6n2t	C
2020-03-25 13:33:09.820611	u/thathatisaspy21	flh72w3	u/showelofcrap	flgdugt	C
2020-03-25 13:33:42.537493	u/Kakkorat1	flh740q	u/Jaws1391	flglci2	C
2020-03-25 13:34:40.313208	u/KyleKimber123	flh76kf	u/ekanshsahu	flg0ndf	C
2020-03-25 13:34:45.967041	u/RedEyeJedi559	flh76rn	u/Karma6446	flh2lw5	C
2020-03-25 13:35:09.344942	u/neptune76	flh7864	u/UgandanShrekBoi	flgv136	C
2020-03-25 13:35:17.259914	u/Lobster_The_Mobster	flh78ks	u/jingowrex	flgyngl	C
2020-03-25 13:35:39.625925	u/NerdCarmen	flh79j1	u/Respect_Paying_Bot	flgxkfl	C
2020-03-25 13:35:49.061307	u/Kingofthebattle7	flh79wy	u/showelofcrap	flgdugt	C
2020-03-25 13:35:54.164092	u/flying_melon69	flh7a6i	u/RepostSleuthBot	flh73j3	C
2020-03-25 13:36:17.556340	u/lernender5	flh7b1p	u/ExternalClock89	flginbj	C
2020-03-25 13:36:21.315685	u/kcp114	flh7b57	u/iwanteddiacriticals	flguazx	C
2020-03-25 13:36:37.335421	u/nsalouro	flh7cgj	u/king_Lasagna69	flh5zo6	C
2020-03-25 13:36:41.072752	u/Finnish_Llama	flh7coj	u/finnikarma2431	flgn89b	C
2020-03-25 13:36:43.836307	u/mrnoobofcs	flh7cui	u/Alteracctive	flh78i4	C
2020-03-25 13:36:52.015978	u/Kalosian_Turtwig95	flh7d9a	u/Forlorn_Cyborg	flgzn1w	C
2020-03-25 13:36:55.556312	u/Curious_gagan	flh7dj6	u/elongated-tuskrat	flgbwx6	C
2020-03-25 13:37:12.828130	u/Qwaze	flh7e8q	u/vpetrychuk	flgret9	C
2020-03-25 13:37:20.593134	u/YTMerke	flh7enl	u/JTmash545	flh27zp	C
2020-03-25 13:37:39.772681	u/Wolfythederp	flh7fp9	u/Spicy_Pandas274	flgs40q	C
2020-03-25 13:37:53.396152	u/Brydude87	flh7gft	u/CrusaderGoose	flh2xw3	C
2020-03-25 13:38:05.444144	u/BreadDaddyLenin	flh7gwa	u/ferrariplayer	flgyv3t	C
2020-03-25 13:38:09.327371	u/polybiusmegadrive	flh7h82	u/Bruhmomentum43	flh5lcx	C
2020-03-25 13:38:48.590840	u/doggo2328	flh7jdq	u/ight-imma-head-out7	flgkcu2	C
2020-03-25 13:39:00.726017	u/lakeocean	flh7k7c	u/Dutsroth	flfn1q8	C
2020-03-25 13:39:08.153950	u/Annainchains000	flh7ksk	u/MyLastAccGoneIDKwhy	flh7f4z	C
2020-03-25 13:39:23.625683	u/K_MoX	flh7l8i	u/Annainchains000	foubxq	S
2020-03-25 13:39:27.196240	u/Jamessuperfun	flh7le5	u/Heckzagon	flh58gz	C
2020-03-25 13:39:35.212065	u/TheRealBaconBrian	flh7lzx	u/racerfree	flh7hnb	C
2020-03-25 13:39:55.153004	u/Antonioontico	flh7o0h	u/Jermainejgenas	flh5mbd	C
2020-03-25 13:39:56.246900	u/defardrk	flh7o38	u/Manzar534	flh1fbd	C
2020-03-25 13:39:57.871881	u/araviere	flh7oae	u/LuigiBoi42	flh6n6o	C
2020-03-25 13:40:00.862414	u/apologizenow	flh7ojw	u/racerfree	flf0ssg	C
2020-03-25 13:40:10.953933	u/TeoShek02	flh7otu	u/racerfree	flgvj1a	C
2020-03-25 13:40:23.193195	u/JamesRitchey	flh7p9j	u/k4josiah	flgxltd	C
2020-03-25 13:40:31.368648	u/CDoodlesYT	flh7pkn	u/bruhlord69420	flgta54	C
2020-03-25 13:40:38.114272	u/Inf1n1tyMagic	flh7pte	u/Kodeine__Bryant	flh7ill	C
2020-03-25 13:41:05.054428	u/jeneng17	flh7qhk	u/Whyntar	flgrisy	C
2020-03-25 13:42:20.285589	u/0SaturatedFats	flh7s7z	u/1_hele_euro	flgj2tm	C
2020-03-25 13:42:26.387542	u/satanwithboobs	flh7sdd	u/shunaay	flh5rje	C
2020-03-25 13:42:28.567436	u/TheVitoCorleone	flh7sdm	u/RPdope	flh35ih	C
2020-03-25 13:42:54.188101	u/forever-and-a-day	flh7svz	u/AutoModerator	flgbgny	C
2020-03-25 13:43:31.404125	u/Some1WorstThanU	flh7u1j	u/Somerando68	flh1spb	C
2020-03-25 13:44:03.806177	u/Muffin_cat2134	flh7vxl	u/Connor0319	flh4faq	C
2020-03-25 13:44:18.044719	u/spaghetticola	flh7wbp	u/absolute-trainwreck	flgimm6	C
2020-03-25 13:44:39.326248	u/guccipoopi	flh7x95	u/bruhlord69420	flgta54	C
2020-03-25 13:44:50.519210	u/reverse_-_card	flh7xjd	u/TRoastedPotato	flh21ru	C
2020-03-25 13:45:20.057294	u/howthefuckcan	flh7yj8	u/13Burn	flh1c2u	C
2020-03-25 13:45:26.717535	u/lloyd2938	flh7yn7	u/santasbigwhitebeard	flgang6	C
2020-03-25 13:45:48.728479	u/summfam015	flh7z88	u/Unfl3tched	flh7qhm	C
2020-03-25 13:46:05.683955	u/ElGranFran	flh7zzm	u/Yeet42069lol	flgx8dm	C
2020-03-25 13:46:07.587723	u/TaruNukes	flh8019	u/TurRetsdud19	flgidao	C
2020-03-25 13:46:11.543434	u/codetony	flh806m	u/RPdope	flh35ih	C
2020-03-25 13:46:48.327663	u/elongated_man-eater	flh81qs	u/autistic-username	flgursg	C
2020-03-25 13:46:57.250132	u/YEETLORD1673	flh825d	u/RepostSleuthBot	flh23w0	C
2020-03-25 13:47:09.916358	u/That_Guy-Kai	flh8332	u/BandNerd_	flghefw	C
2020-03-25 13:47:44.757118	u/littlesirlance	flh85l5	u/Lambokiller18	flga1kp	C
2020-03-25 13:47:58.552666	u/plusfactor7	flh86d3	u/showelofcrap	flgdugt	C
2020-03-25 13:48:16.452300	u/RaccoonInUrHouse	flh870i	u/Whiz_kid16	flgqulw	C
2020-03-25 13:48:18.903063	u/You_Filty_Communists	flh875j	u/Brundibaru	flfunps	C
2020-03-25 13:48:58.708793	u/CuddlyAsACactus420	flh89em	u/the399er	flh780x	C
2020-03-25 13:49:09.002071	u/YouMustBeBored	flh89sc	u/GokuVenoct	flg6257	C
2020-03-25 13:49:11.906306	u/Pugs4l1fe	flh89vv	u/Forlorn_Cyborg	flgzqt2	C
2020-03-25 13:49:14.841847	u/Lunarcy54	flh8a0a	u/HyperboreanAnarch	flh81fz	C
2020-03-25 13:49:18.427136	u/Dangankometa	flh8aaq	u/slashth456	flh61nb	C
2020-03-25 13:49:20.216524	u/Mr_Iss	flh8agm	u/Ibean2d	flgmxpx	C
2020-03-25 13:49:26.721980	u/Deadinsidesince70	flh8avd	u/Mr_Red2509	flh0cpx	C
2020-03-25 13:49:30.053191	u/CNASFan1992	flh8b51	u/vanished_zinc	flgyl8l	C
2020-03-25 13:49:31.235504	u/blackvulture_	flh8b5e	u/ExternalClock89	flginbj	C
2020-03-25 13:50:03.690964	u/notyourgrandma420	flh8e3q	u/finnikarma2431	flgrycy	C
2020-03-25 13:50:25.469297	u/operationDIE	flh8epu	u/vanished_zinc	flgtere	C
2020-03-25 13:50:58.997986	u/MrCapricorn404	flh8fr7	u/ExternalClock89	flginbj	C
2020-03-25 13:51:26.736999	u/lookouthehasafish	flh8gmf	u/YTMerke	flh7enl	C
2020-03-25 13:51:33.492233	u/STRYKTimer	flh8gyk	u/ExternalClock89	flginbj	C
2020-03-25 13:52:15.752757	u/forwonderfreak	flh8jbb	u/RepostSleuthBot	flh479u	C
2020-03-25 13:52:19.703869	u/StubbsTheWolf	flh8jhr	u/themoonmuppet	flgnyfl	C
2020-03-25 13:53:45.961054	u/Gierling	flh8n6e	u/DanimalPlays	flh1ocz	C
2020-03-25 13:53:49.332254	u/Somedude12300	flh8n97	u/ShyGuyMemes	forqud	S
2020-03-25 13:54:04.154792	u/diosticks	flh8njx	u/vanished_zinc	flgyl8l	C
2020-03-25 13:54:28.767107	u/roundbra	flh8nxq	u/AutoModerator	flh8di6	C
2020-03-25 13:54:41.566763	u/tauqr_ahmd	flh8opn	u/Krish_Taylor	flgvrof	C
2020-03-25 13:54:46.567813	u/buckydean	flh8osu	u/kerem_diren	flgwowy	C
2020-03-25 13:54:52.114472	u/DuxNator	flh8ox9	u/superblooperboss	flh8lkb	C
2020-03-25 13:55:04.318676	u/Gapos01	flh8pb1	u/Snipo-X-Killo	flgfjhm	C
2020-03-25 13:55:39.038622	u/Ghost_Boy18	flh8r1c	u/AutoModerator	flgq4lh	C
2020-03-25 13:56:13.965463	u/flibbittygibbit	flh8s14	u/petsku164	flh6zpp	C
2020-03-25 13:56:23.074967	u/thatguy2641	flh8snl	u/TurRetsdud19	flgjsgl	C
2020-03-25 13:56:30.984690	u/lighthousesrul3	flh8t02	u/Seeker1995	flh80vp	C
2020-03-25 13:56:32.969315	u/MenacingMonkey	flh8t2f	u/minitaba	flh8l3f	C
2020-03-25 13:56:47.400181	u/Koji_Kun7	flh8tvg	u/santasbigwhitebeard	flh80i9	C
2020-03-25 13:56:50.111647	u/Tonnin_seteli_123	flh8tzq	u/topatoman21	flh2sc3	C
2020-03-25 13:56:52.656358	u/alleei	flh8u8w	u/TheCrispyYest	flghl4t	C
2020-03-25 13:57:07.834860	u/2High2Get	flh8uog	u/racerfree	flh7mq7	C
2020-03-25 13:57:51.897218	u/ChiliDeBlanco	flhabwr	u/Pigpenlordofdirt	flh8xt6	C
2020-03-25 13:58:10.574833	u/ha1lcthulhu	flhachm	u/theUnBannableHulk	flh2noo	C
2020-03-25 13:58:24.271739	u/MarioTheSucculent	flhad36	u/koolgyht	flh9i3k	C
2020-03-25 13:58:37.767711	u/SquireDan	flhadvu	u/RPdope	flh35ih	C
2020-03-25 13:58:56.700886	u/DiegoScroll	flhaek5	u/HumanBean1234	flgp1gx	C
2020-03-25 13:59:05.760604	u/F2shyDS	flhaf94	u/rumpyhumpy	flh6yvv	C
2020-03-25 13:59:09.390015	u/SniperNoSwiper	flhafgu	u/Adam_Sandler_haha	flgakfa	C
2020-03-25 13:59:14.758816	u/k_denhertog	flhag6f	u/StubbsTheWolf	flh8jhr	C
2020-03-25 13:59:31.395868	u/Kaonico	flhahmr	u/austind9999	flge4ez	C
2020-03-25 13:59:34.423830	u/MoxSe	flhahsx	u/racerfree	flh91qt	C
2020-03-25 13:59:47.039891	u/Aamoth	flhaj6i	u/Gardyloomphus	flfr687	C
2020-03-25 13:59:55.679963	u/DarthSand_TheCoarse	flhakc9	u/DonutOlympian	flgndid	C
2020-03-25 13:59:58.289843	u/PunchyCat2004	flhakj4	u/kcp114	flh8p9g	C
