2020-03-25 04:01:55.761550	u/GoyimBorn	flfyu7q	u/NoWingedHussarsToday	flfw49p	C
2020-03-25 04:02:19.039571	u/saenicheta	flfyuse	u/mysticwarrior222	flfgpbx	C
2020-03-25 04:02:34.287836	u/julius-r	flfyv4g	u/racerfree	flfxejn	C
2020-03-25 04:02:39.147302	u/FireNinja4132	flfyvao	u/AfloatTuba7	flfyica	C
2020-03-25 04:02:46.230160	u/vineurocentjes	flfyvdk	u/nottherealyobama	flfy9jw	C
2020-03-25 04:03:07.985994	u/q_SOMEBODY_p	flfyvyz	u/ZaddR	flfgxct	C
2020-03-25 04:03:31.773202	u/Kjajo	flfywo5	u/RepostSleuthBot	flfmyx9	C
2020-03-25 04:03:55.002289	u/franklinben_99	flfyxgn	u/racerfree	flfmuwn	C
2020-03-25 04:04:12.171461	u/y0l0yussuf	flfyxx0	u/Secretly_Solanine	flfjn0w	C
2020-03-25 04:04:16.886682	u/kip-en-ei	flfyxyt	u/RepostSleuthBot	flfyw5y	C
2020-03-25 04:04:56.779580	u/txsxxphxx2	flfyz0u	u/CatsAndCreamCheese	flfsa5v	C
2020-03-25 04:05:07.913574	u/SpiderMiles04	flfyzes	u/99Kira	flfxeyi	C
2020-03-25 04:05:29.764512	u/stoopid_person_6	flfz06d	u/racerfree	flf09ju	C
2020-03-25 04:05:36.254939	u/annaisloading	flfz07w	u/LamarjbYT	flfxsd4	C
2020-03-25 04:05:45.990097	u/N-TAO	flfz0lm	u/Xploiter_RBLX	flfg2zb	C
2020-03-25 04:06:15.661479	u/AdenxX69	flfz1n3	u/Adonis711	flfydq0	C
2020-03-25 04:06:30.106131	u/gduegdydu	flfz29j	u/Originalspearjunior	flezh1m	C
2020-03-25 04:06:48.045459	u/MarcellPlazOn	flfz2yh	u/amirulkingkong2	flfu0rn	C
2020-03-25 04:06:50.708303	u/Scientific_Idiot	flfz2yv	u/Gubq	fl5lyk4	C
2020-03-25 04:06:55.030190	u/Eldsish	flfz35a	u/XykronDevil	flefjng	C
2020-03-25 04:06:58.344627	u/gkjay07	flfz36a	u/iMistaken0X	flfyo4t	C
2020-03-25 04:07:07.535300	u/Abeyita	flfz3nt	u/satpat96	flfyzye	C
2020-03-25 04:07:18.017915	u/Pewdie9YoArmy	flfz41t	u/Fire-Nation-17	flfrfwl	C
2020-03-25 04:07:21.596189	u/chungusmaximus321	flfz447	u/TheAllKnowingCharles	flfh4bz	C
2020-03-25 04:07:29.758398	u/J1mb0sL1c3	flfz2wy	u/Wesoooom122	flfen1z	C
2020-03-25 04:07:38.156205	u/p0tat0_b0y	flfz44i	u/racerfree	flfxejn	C
2020-03-25 04:07:55.339037	u/ThoraninC	flfz55s	u/racerfree	flfui9d	C
2020-03-25 04:08:44.909999	u/nolanwatson	flfz6bp	u/MarcellPlazOn	flfz3e0	C
2020-03-25 04:08:48.202113	u/alexb41	flfz6kp	u/Hazardous1012	flfen7d	C
2020-03-25 04:09:17.706754	u/whyareuguy	flfz7jv	u/Letsgomees	flfwk7j	C
2020-03-25 04:09:19.882320	u/ESNSergey	flfz7mu	u/l3ruh	flfynq1	C
2020-03-25 04:09:22.153276	u/Konabo	flfz7rk	u/ghostguy_75	flfinkh	C
2020-03-25 04:09:23.845641	u/_clickhere_	flfz7t6	u/ShadowGxming	flfz5qw	C
2020-03-25 04:09:57.943070	u/mawthree219	flfz929	u/aryanx1234	flfz7md	C
2020-03-25 04:10:05.067033	u/hatefortiedmilk	flfz8wg	u/DarthKnoll	flenxj1	C
2020-03-25 04:10:13.121591	u/bailey_760	flfz92d	u/Xploiter_RBLX	fl77hzu	C
2020-03-25 04:10:34.635952	u/yolosandwich	flfz9zc	u/oopsisbad	flfyh5g	C
2020-03-25 04:10:43.900873	u/finger_ass	flfz9u2	u/fualtyzane	flfxc3s	C
2020-03-25 04:11:05.938913	u/shepard_tsoni	flfzatw	u/WeebFromIIT	flfxzkw	C
2020-03-25 04:11:21.806787	u/jaylont70	flfzba5	u/RubenMuro007	flfx2rh	C
2020-03-25 04:11:26.412433	u/lucyheartfiiilia	flfzbc4	u/Previous-Government	fldzn7b	C
2020-03-25 04:11:28.688313	u/MudassarShareef80	flfzbdy	u/AzuFanti16	flfkl2g	C
2020-03-25 04:11:31.918181	u/Mikel_br	flfzbjb	u/racerfree	flfxz4p	C
2020-03-25 04:12:08.864183	u/sad-noises	flfzce4	u/RepostSleuthBot	flf6x8o	C
2020-03-25 04:12:11.113656	u/sostoast5	flfzce5	u/-Void-152	flfldjp	C
2020-03-25 04:12:31.785250	u/MatrixamOfficial	flfzcsb	u/SomeStupidPerson	flfkhd3	C
2020-03-25 04:12:59.004548	u/Inkdkaijudude	flfzd89	u/mysticwarrior222	flfgpbx	C
2020-03-25 04:13:10.633360	u/I_Keenwa	flfzdjr	u/Danielthegamer699	fomlqc	S
2020-03-25 04:13:40.697570	u/lilacramon123	flfze4l	u/DerpyTyrantrum	fok17g	S
2020-03-25 04:14:14.349293	u/aaaaa_aaaa3217	flfzf0t	u/CryoAnt	flck7de	C
2020-03-25 04:14:29.453985	u/ThatGuyNextToMe	flfzfdf	u/Pannenkoek420	flfus6t	C
2020-03-25 04:14:34.553695	u/Cityboy216	flfzfgp	u/RepostSleuthBot	flfwbpb	C
2020-03-25 04:15:24.684407	u/palf_070	flfzgg8	u/pranksterman55	flfrlxk	C
2020-03-25 04:15:40.826856	u/AidanIsMe	flfzgrw	u/Domtrom01	flfbqgo	C
2020-03-25 04:15:50.977152	u/Preethy123	flfzgwj	u/Fire-Nation-17	flful1f	C
2020-03-25 04:16:02.465271	u/Modriz	flfzh5s	u/SLayerMan76	flejlr6	C
2020-03-25 04:16:04.465002	u/Sheblah	flfzh5t	u/BracketLess31	flfxgih	C
2020-03-25 04:16:15.320538	u/Kenny_Jay-SL	flfzhqp	u/RepostSleuthBot	flei5uq	C
2020-03-25 04:16:21.191997	u/blurr609	flfzhuv	u/Snaper_XD	flcv0gt	C
2020-03-25 04:16:25.062781	u/Bugatti2626	flfzhy4	u/Quininator2000	flfljyi	C
2020-03-25 04:16:33.511601	u/ThyCousinChoice	flfzi1z	u/mawthree219	flfz9gu	C
2020-03-25 04:17:01.785611	u/NikkoTuazonLiT	flfziuk	u/LC_DUBB	flfw5la	C
2020-03-25 04:17:16.796324	u/ifoughtpiranhas	flfzje4	u/Coffee_Blacc	flfk879	C
2020-03-25 04:17:26.137906	u/Dryder2	flfzjnf	u/A2X-iZED	flfoge9	C
2020-03-25 04:17:56.889557	u/stopthatsannoying	flfzkg7	u/syndicate1024	flfzh8i	C
2020-03-25 04:18:12.790403	u/GrilledLettuce2_0	flfzkxg	u/pranksterman55	flfsdmr	C
2020-03-25 04:18:18.171272	u/Myballshavedropped12	flfzkzh	u/Crypted-Memory	fl3t9e2	C
2020-03-25 04:19:06.248074	u/Danver26	flfzmyo	u/RepostSleuthBot	flfc7jh	C
2020-03-25 04:19:11.185992	u/Jagdpanzerr	flfzn3h	u/Xploiter_RBLX	flfcu48	C
2020-03-25 04:19:30.185947	u/HelpMe-orz	flfznsn	u/BalGu	flf3bac	C
2020-03-25 04:19:34.786689	u/FelineKing7054	flfzo54	u/Fire-Nation-17	flfuc0r	C
2020-03-25 04:19:50.563421	u/vbobus	flfzp8a	u/pranksterman55	flfmq5u	C
2020-03-25 04:19:51.480096	u/Js_Plays	flfzp8j	u/leaderofthevirgins	flfnp21	C
2020-03-25 04:19:52.492702	u/GLPalle	flfzp9n	u/inspiredkangaroo4607	fladmja	C
2020-03-25 04:19:59.859416	u/GardenData61371	flfzpnt	u/Gexku	flfznbu	C
2020-03-25 04:20:32.247960	u/DeltaT01	flfzq5x	u/Winter032	flfsl0v	C
2020-03-25 04:20:56.452584	u/doritoman04	flfzr14	u/RZII7	flfzcc1	C
2020-03-25 04:21:08.727952	u/Digital-panda88	flfzrd4	u/koloopo	flfzoi1	C
2020-03-25 04:21:15.136631	u/farmerjake71	flfzrh7	u/RepostSleuthBot	flfzr3y	C
2020-03-25 04:21:30.250343	u/roshjobbins69	flfzrui	u/dogggo1	flfibf7	C
2020-03-25 04:21:43.003521	u/Pixelss_	flfzs3p	u/ScreaminNo	flf9hpp	C
2020-03-25 04:21:49.671708	u/endigma_	flfzs5f	u/JulieJules-	flfu04j	C
2020-03-25 04:22:13.020328	u/Senji06	flfzssk	u/farmerjake71	flfzrh7	C
2020-03-25 04:22:26.639680	u/calboy123	flfzt2q	u/jeffbeezos123	flelp08	C
2020-03-25 04:22:49.000427	u/ah_yesindeed	flfztw4	u/racerfree	flfuqf5	C
2020-03-25 04:24:31.759707	u/undeadking77	flfzv28	u/lilgravityy	flfk7tx	C
2020-03-25 04:24:41.276127	u/Eipeidwep10	flfzv53	u/EntertainersPact	flfbwro	C
2020-03-25 04:24:59.939628	u/repostssleuthbot	flfzvex	u/Assassin1089	flfzl7m	C
2020-03-25 04:26:03.855163	u/egwxas	flfzwgy	u/vbobus	flfzp8a	C
2020-03-25 04:26:09.032585	u/brudnykapec0000	flfzwkr	u/HD-bild	flfz6jg	C
2020-03-25 04:26:26.000241	u/MateoDoge	flfzxbj	u/brudnykapec0000	flfzhf4	C
2020-03-25 04:26:29.070782	u/Confusedexe	flfzxdt	u/AnInsaneMoose	flfjn9b	C
2020-03-25 04:26:59.918664	u/Yumekon	flfzyb0	u/HoursLost98	flbapdq	C
2020-03-25 04:27:01.930968	u/smilemaster8	flfzyca	u/neitral-fella	flfztgd	C
2020-03-25 04:27:16.287998	u/darkbluebroccoli	flfzyvf	u/InFamus21	flfmvlh	C
2020-03-25 04:27:24.102836	u/Zepthyr	flfzz8l	u/mr_chanandler_bong_1	flfg4nu	C
2020-03-25 04:27:33.829152	u/YeEtus_mANs	flfzzfv	u/Syndicaa	flfztag	C
2020-03-25 04:27:43.542074	u/Uncoolx2	flfzzow	u/pranksterman55	flfrlxk	C
2020-03-25 04:27:59.021496	u/potatomanguy132	flg005t	u/WD40911	flcso4v	C
2020-03-25 04:28:08.419032	u/GeneoxysMax	flg00nb	u/reddit-emoji-police	flfxx7h	C
2020-03-25 04:28:15.867359	u/StorytellerAli	flg00uv	u/mawthree219	flfzueq	C
2020-03-25 04:28:25.155980	u/Epicgamertime911	flg0147	u/MarcellPlazOn	flfz7f5	C
2020-03-25 04:28:30.055390	u/headsho_tam	flg0197	u/doritoman04	flfzvu9	C
2020-03-25 04:29:27.441728	u/jard19happy	flg02xu	u/q_SOMEBODY_p	flfyvyz	C
2020-03-25 04:29:29.348021	u/rudolph_ransom	flg037z	u/RubenMuro007	flfx2rh	C
2020-03-25 04:29:37.979046	u/MrFuku	flg03o9	u/useless_flesh	flg01s0	C
2020-03-25 04:29:50.986191	u/Jjeff_	flg04by	u/Kidplayer_666	flg03yh	C
2020-03-25 04:29:53.390775	u/Vainear	flg04kl	u/ExtensionRegular1	flfv3sp	C
2020-03-25 04:29:56.065107	u/Skyfelt	flg04n2	u/filipo_ltd	fled291	C
2020-03-25 04:30:00.328044	u/LettuceBob55	flg0556	u/sliferra	flftz2o	C
2020-03-25 04:30:48.654273	u/mxdi07	flg06ul	u/Fire-Nation-17	flfuj35	C
2020-03-25 04:30:57.886124	u/doumacadan	flg075a	u/ANIKET_UPADHYAY	flfzvtj	C
2020-03-25 04:31:13.236521	u/Jockey79	flg07j8	u/ShadowGxming	flfz5qw	C
2020-03-25 04:31:24.492035	u/AdvancedBiscotti1	flg07sl	u/AutoModerator	flg05r4	C
2020-03-25 04:32:01.785926	u/Marcus_Macabre	flg08wx	u/mawthree219	flfzxkg	C
2020-03-25 04:32:10.958082	u/PhisissPhisi	flg097t	u/Xploiter_RBLX	flffzoq	C
2020-03-25 04:32:16.714743	u/CreeperFreaker	flg09bn	u/Fire-Nation-17	flfuc0r	C
2020-03-25 04:32:51.322108	u/ThatCat44	flg09zh	u/bruhmajesticmoment	flfm9i5	C
2020-03-25 04:32:53.492399	u/Eziopool	flg0a08	u/mawthree219	flg09e4	C
2020-03-25 04:33:42.621902	u/zappyhotboose	flg0b5b	u/Flameshadow205	flfnhj5	C
2020-03-25 04:33:44.777755	u/Hytherefellowpeople	flg0b5q	u/CrusaderGoose	fleyvjv	C
2020-03-25 04:33:54.517886	u/webo2456	flg0bdi	u/cor_II	flg0anb	C
2020-03-25 04:34:02.282782	u/N07H42M1	flg0bk3	u/koloopo	flfzsqc	C
2020-03-25 04:34:30.065898	u/rnd0musr	flg0c93	u/lrngr	flfshke	C
2020-03-25 04:34:55.962316	u/tasljr	flg0cvf	u/fualtyzane	flfw2hd	C
2020-03-25 04:35:24.251016	u/Teme01	flg0dnk	u/Wesoooom122	flfxmjy	C
2020-03-25 04:35:29.539891	u/i_am_breath	flg0dss	u/Andriy99_BeLegasy	flg088d	C
2020-03-25 04:35:34.311128	u/veddX	flg0e0j	u/GoodGuyAimslayer	flfuq9b	C
2020-03-25 04:35:57.842184	u/Lolplays20	flg0emg	u/YeEtus_mANs	flfzu04	C
2020-03-25 04:35:59.795924	u/sneezyo	flg0emi	u/p_shark162	flfpd1w	C
2020-03-25 04:36:30.956815	u/iliococcygeus	flg0fjd	u/The_Nobody_Nowhere	flfirkh	C
2020-03-25 04:36:41.125904	u/Saggiterus	flg0fv4	u/mawthree219	flfzxkg	C
2020-03-25 04:36:44.150047	u/olutukko	flg0fvx	u/blong0318007	flfwd89	C
2020-03-25 04:37:00.363880	u/Nazwa_Michal0	flg0g5g	u/the_itellectual_cato	flfzpwc	C
2020-03-25 04:37:32.033781	u/ekanshsahu	flg0h19	u/fualtyzane	flfw521	C
2020-03-25 04:38:04.902586	u/rayssa_gomes	flg0hvg	u/VM1117	flfoqb0	C
2020-03-25 04:38:37.510386	u/very_bored_dev	flg0irl	u/racerfree	flful8z	C
2020-03-25 04:38:42.634357	u/ScorpionP47	flg0j19	u/The-Redditor-Sir-Nap	fldp7du	C
2020-03-25 04:38:50.081706	u/angela_gonzalez_	flg0j96	u/Loyellow	flfz62g	C
2020-03-25 04:39:20.487741	u/this_username__taken	flg0juw	u/Spencyn	flfpxag	C
2020-03-25 04:39:30.200661	u/ZheanaKhaleesi	flg0knm	u/Bombwriter17	flfnq2o	C
2020-03-25 04:39:36.722740	u/MovieWizard	flg0kuv	u/N07H42M1	flg0bk3	C
2020-03-25 04:39:48.723382	u/RyuKiCheats	flg0lix	u/robin_joker	flfxmwr	C
2020-03-25 04:39:50.214478	u/yggibread	flg0lmf	u/Assassin1089	flg0kbe	C
2020-03-25 04:39:53.610875	u/lt_wassile	flg0lq1	u/GM_10	fle736f	C
2020-03-25 04:39:59.590189	u/JemmaTbaum	flg0lyc	u/Mikel_br	flfzbjb	C
2020-03-25 04:40:03.436762	u/ilxv_	flg0m52	u/Milon727	flfzlvf	C
2020-03-25 04:40:07.548024	u/mimilegolol	flg0m6y	u/mawthree219	flg0ket	C
2020-03-25 04:40:21.334013	u/Alendite	flg0md0	u/i_am_breath	flg0dss	C
2020-03-25 04:40:23.960682	u/hutchbhr	flg0md1	u/fualtyzane	fleqeux	C
2020-03-25 04:40:42.679719	u/BabyNutMemeOfDecade	flg0mzc	u/Alendite	flg0md0	C
2020-03-25 04:40:55.513413	u/Quackquik	flg0n7o	u/riddles569	flfz86o	C
2020-03-25 04:41:28.448964	u/Bone_Dogggg	flg0o6e	u/SmellyKnee_Grow	flepopy	C
2020-03-25 04:41:34.774657	u/speedyrain949	flg0og1	u/ifoughtpiranhas	flg0blj	C
2020-03-25 04:41:40.322573	u/LukeMaNul	flg0orb	u/AutoModerator	flfmbp2	C
2020-03-25 04:41:48.050005	u/michaelf6523	flg0p02	u/Anykla	flea46w	C
2020-03-25 04:42:23.053225	u/Chapochapo123	flg0pux	u/agent00gareth	flg01ow	C
2020-03-25 04:42:33.953138	u/JakeRapid456	flg0qbt	u/bubba_y	flfjbe1	C
2020-03-25 04:42:37.285267	u/Dominikoy2	flg0qdj	u/RepostSleuthBot	flg01tk	C
2020-03-25 04:43:41.231146	u/TheCookieLegend	flg0rrn	u/the_itellectual_cato	flg0if4	C
2020-03-25 04:43:43.371044	u/therubbabandman	flg0rte	u/mawthree219	flg0r87	C
2020-03-25 04:43:49.015060	u/munchsmith	flg0rxp	u/RepostSleuthBot	flg0q4t	C
2020-03-25 04:44:19.426952	u/Verdant2024	flg0tbo	u/XxEleanoraXx	flfea6q	C
2020-03-25 04:44:22.731554	u/Limakalvo	flg0tc0	u/sTAnDarD_Of_eXelence	flfflsk	C
2020-03-25 04:44:49.887893	u/futz8855	flg0tw4	u/AnInsaneMoose	flfhvta	C
2020-03-25 04:45:33.548957	u/ShisuiSama	flg0v62	u/racerfree	flfshr1	C
2020-03-25 04:46:09.072731	u/Goofballie	flg0wly	u/BabyNutMemeOfDecade	flg0mzc	C
2020-03-25 04:46:16.990370	u/Kibu98	flg0wuw	u/androidy77	flg0w2y	C
2020-03-25 04:46:29.855289	u/mostafa_19nm	flg0xe9	u/Poseidons_Triten	flg08c8	C
2020-03-25 04:46:44.406051	u/TheLegendMango	flg0y2l	u/Fire-Nation-17	flfuc0r	C
2020-03-25 04:47:14.402868	u/Mcabian	flg0yo3	u/RepostSleuthBot	flfy873	C
2020-03-25 04:47:18.975031	u/de_Merits	flg0ysv	u/Goofballie	flg0wly	C
2020-03-25 04:48:07.524516	u/Sxhel	flg10s1	u/AutoModerator	flg0qmh	C
2020-03-25 04:48:21.044857	u/SuM_fUrRy_BoI	flg113y	u/AnxiousCream	flg0xx9	C
2020-03-25 04:48:27.929179	u/Ishonomercy	flg11hz	u/dovedevic	fl4ehep	C
2020-03-25 04:48:30.218044	u/stiff_deepnur	flg11ir	u/mawthree219	flfzitn	C
2020-03-25 04:48:41.122211	u/BigSmoke3214	flg11wm	u/A_Noobz	flfrlbo	C
2020-03-25 04:48:55.479652	u/BlueberryGurt	flg12cb	u/Quackquik	flg0n7o	C
2020-03-25 04:49:18.945469	u/mexrell	flg133x	u/JulieJules-	flfu04j	C
2020-03-25 04:49:29.348995	u/tiktoksuck	flg13ns	u/ThatGuyNextToMe	flfzfdf	C
2020-03-25 04:49:38.281330	u/DarakaiUchiha	flg13va	u/TheFuntimer	flg128h	C
2020-03-25 04:49:55.723682	u/Kimikopy1	flg14uc	u/LamarjbYT	flfxugs	C
2020-03-25 04:50:11.144638	u/Raineko	flg15ju	u/Wesoooom122	flfxmjy	C
2020-03-25 04:50:18.706359	u/HastyBurrito	flg15ri	u/CirculiAvi	flfwhyc	C
2020-03-25 04:51:03.160104	u/very_so_sad_lad	flg16mn	u/LDxNavz	flfxtm3	C
2020-03-25 04:51:21.061810	u/KowaMemes	flg170x	u/FLP_chugthug	flehmku	C
2020-03-25 04:51:32.949573	u/ttiscool55	flg17di	u/mawthree219	flg15ik	C
2020-03-25 04:51:41.653628	u/reds147	flg17gu	u/RepostSleuthBot	flfzgni	C
2020-03-25 04:52:59.896550	u/AdamBlaster007	flg19d3	u/BoldMonkeyMan	flfw68o	C
2020-03-25 04:53:41.515256	u/Le-crane	flg1aqz	u/Dryder2	flfzqi9	C
2020-03-25 04:53:50.162388	u/Warden206	flg1az4	u/TheFuntimer	flg17x1	C
2020-03-25 04:54:13.717133	u/KRHv3	flg1bl1	u/DaggerXz_	fleivjc	C
2020-03-25 04:54:34.571722	u/YeetMeister_	flg1c97	u/Saitama_Sensei_	flfs4ph	C
2020-03-25 04:54:47.085546	u/thatasianboiiiiiii	flg1ckz	u/RealComradeMeep	flfwnhn	C
2020-03-25 04:54:59.910850	u/Doagbeidl	flg1csv	u/Warden206	flg19t9	C
2020-03-25 04:55:48.490853	u/FelixthefakeYT	flg1e7t	u/ThePhantomRaven	flg0xho	C
2020-03-25 04:56:01.104525	u/XTremeFucc	flg1eso	u/Warden206	flg1cp6	C
2020-03-25 04:56:06.765232	u/prekselo	flg1f0i	u/The-Redditor-Sir-Nap	fldp7du	C
2020-03-25 04:56:38.567455	u/dabbykid98	flg1fvu	u/d1683	flg1dcz	C
2020-03-25 04:57:00.625209	u/White-Obama231	flg1gk9	u/Quininator2000	flfljyi	C
2020-03-25 04:57:10.449471	u/kirsten1234	flg1gts	u/Mcabian	flg0yo3	C
2020-03-25 04:57:28.480327	u/lukipukie	flg1hf8	u/ZaddR	flfcsmz	C
2020-03-25 04:57:59.144464	u/Dexdeman	flg1ipp	u/RepostSleuthBot	flg1fnw	C
2020-03-25 04:58:03.498514	u/TheFoxMaster17	flg1ivu	u/GrilledLettuce2_0	flg0p7u	C
2020-03-25 04:58:19.652949	u/Toshiuke	flg1jc8	u/mexrell	flg133x	C
2020-03-25 04:58:30.957572	u/kiwicaprisun	flg1jmw	u/LamarjbYT	flfrtb8	C
2020-03-25 04:58:35.872122	u/TopKarateBaby	flg1jqm	u/coelestial	flg1bmr	C
2020-03-25 04:59:05.863672	u/Don__Juan	flg1kzu	u/lazydonkey25	flb811u	C
2020-03-25 04:59:10.652762	u/Ulzaf	flg1lbd	u/RedstoneMastah22	flerlzo	C
2020-03-25 04:59:17.514401	u/mjkjx34	flg1lnv	u/117_Sins	flfy297	C
2020-03-25 04:59:37.227621	u/gimel182	flg1mp3	u/RepostSleuthBot	flfxdtm	C
2020-03-25 04:59:43.077765	u/Toermi	flg1myw	u/manicottiiskindaneat	fleyqx2	C
2020-03-25 04:59:45.783761	u/1peekay1	flg1n0n	u/psyclerider	flfhzku	C
