2020-03-22 19:00:06.816288	u/BirdInABush41	fl87lbs	u/ThatFuckingGeniusKid	fl870sb	C
2020-03-22 19:00:32.378656	u/As_If_567	fl87lw7	u/AutoModerator	fl879vu	C
2020-03-22 19:00:35.830308	u/yourmamasaccount	fl87lyw	u/explodingmilk	fl7d7ok	C
2020-03-22 19:00:42.216070	u/xXRocket18Xx	fl87m24	u/fualtyzane	fl86hkr	C
2020-03-22 19:00:45.919904	u/Iank52	fl87m3p	u/MAPX0	fl87b71	C
2020-03-22 19:01:01.278194	u/trollelelogram	fl87mfm	u/Xploiter_RBLX	fl87i9m	C
2020-03-22 19:01:09.526644	u/JonSnowLovesBlow	fl87mh5	u/StroBtruppen	fl7vhcv	C
2020-03-22 19:01:16.921130	u/Sacrificial-Toenail	fl87mnn	u/OSBAOA	fl7e6vx	C
2020-03-22 19:01:30.488874	u/Genesis_Go88	fl87nev	u/planesqaud63	fl6rjhd	C
2020-03-22 19:01:34.025207	u/Evon1987	fl87nhb	u/SleepingShinobi	fl7g2jl	C
2020-03-22 19:01:45.909090	u/CoveIdEgo	fl87nxm	u/Thereddittor314	fl7ow59	C
2020-03-22 19:02:05.696592	u/_error_E36B	fl87ogc	u/leaderofthevirgins	fl7xi8t	C
2020-03-22 19:02:22.837456	u/juani97	fl87ovd	u/shashwatgupta21	fkx6inc	C
2020-03-22 19:02:33.627475	u/AllKnighter76	fl87p88	u/AutoModerator	fl7fwk2	C
2020-03-22 19:02:36.052111	u/K0M0RIUTA	fl87pcm	u/lshqpyari	fl5oq3w	C
2020-03-22 19:02:44.664402	u/Dogma90801	fl87pir	u/Pokemonlore	fl7w4vb	C
2020-03-22 19:02:59.880677	u/Evon1987	fl87puf	u/krisjanssen	fl815xd	C
2020-03-22 19:03:05.969137	u/alfanuclearkirby	fl87px4	u/Kind-Pop	fl3zlqu	C
2020-03-22 19:03:14.636861	u/Rh0an	fl87q61	u/cottage_cheese_WeaVe	fl807nj	C
2020-03-22 19:03:40.533805	u/Tombstone666911	fl87qhn	u/dodobird-	fl74j65	C
2020-03-22 19:03:42.810438	u/Lucky_Lemon99	fl87qid	u/MAPX0	fl87b71	C
2020-03-22 19:03:48.068223	u/Rasmus_7	fl87qor	u/joyathomes98	fl7po2v	C
2020-03-22 19:04:29.464923	u/poorlyboiledpear	fl87s51	u/PickleProse	fl82u76	C
2020-03-22 19:04:33.557671	u/Wondervv	fl87s68	u/Enterprise_1701_D	fl87hif	C
2020-03-22 19:04:43.907654	u/doggos4house2020	fl87so3	u/OmgAvy	fl7genl	C
2020-03-22 19:04:46.011561	u/mingblapower	fl87sq7	u/yruaogeymydude1	fl6n981	C
2020-03-22 19:04:56.682893	u/SexxxyWesky	fl87sxc	u/Spg04	fl7ygnd	C
2020-03-22 19:04:59.823501	u/EraKaneki	fl87szg	u/ZealousidealArtist1	fl7gpf4	C
2020-03-22 19:05:01.885361	u/NyTeOwI	fl87szk	u/NoPrankBot	fl87g7m	C
2020-03-22 19:05:04.975426	u/_-_Spectre_-_	fl87t46	u/MessWithTheZest	fl874if	C
2020-03-22 19:05:12.013875	u/jarmstrong2485	fl87t8u	u/I_love_potatoes_1234	fl7wc93	C
2020-03-22 19:05:17.752511	u/simplyjazzlyn16	fl87tiv	u/xOPlolz	fn58ui	S
2020-03-22 19:05:30.721662	u/michaeldark49a	fl87u22	u/thanosplusdespacito	fl7q4jy	C
2020-03-22 19:05:39.046397	u/ero4life	fl87u9k	u/Homonculex	fl69jnm	C
2020-03-22 19:05:41.119574	u/TheRealPoopDealer06	fl87udz	u/Admin_Vbg	fl7z1t5	C
2020-03-22 19:05:43.117596	u/mychemicalgreenday12	fl87ue7	u/Draxik20	fl87i8a	C
2020-03-22 19:05:45.116641	u/_-_Spectre_-_	fl87uex	u/DoggoGamer	fl86m72	C
2020-03-22 19:05:50.771775	u/TheEpicMemeLord69	fl88t27	u/RepostSleuthBot	fl7rbto	C
2020-03-22 19:06:01.848404	u/Lagctrlgaming	fl88tcn	u/Elbers2	fl75nkc	C
2020-03-22 19:06:19.158467	u/LtGeneral-Obasanjo	fl88tvz	u/TheAverageGamer100	fl88rc5	C
2020-03-22 19:06:22.494804	u/DefinitelyNotAliens	fl88u0j	u/Http-Chief	fl56yvu	C
2020-03-22 19:06:34.324272	u/Unshelled_1	fl88u9l	u/Jezzinferno	fl836mp	C
2020-03-22 19:06:41.779096	u/365calendardays	fl88ug9	u/HaRa0000	fl7x1pq	C
2020-03-22 19:06:43.633153	u/CarI323	fl88ugu	u/TheAverageGamer100	fl88rc5	C
2020-03-22 19:06:49.313157	u/ultimate-dude-man	fl88ul7	u/RepostSleuthBot	fl7fe23	C
2020-03-22 19:06:53.846664	u/ultraman7676	fl88upv	u/I_like_the_abuse	fl83lq5	C
2020-03-22 19:07:28.900007	u/Mjagos09	fl88vv1	u/RepostSleuthBot	fl7hdn9	C
2020-03-22 19:07:31.452550	u/QutraxPL	fl88w10	u/soggy-towel	fl81q00	C
2020-03-22 19:07:46.645136	u/BTR-KG	fl88wk8	u/syndicate1024	fl88soj	C
2020-03-22 19:07:48.420768	u/Sunlagooda	fl88wlz	u/fualtyzane	fl86e9p	C
2020-03-22 19:07:50.861856	u/Corvaa	fl88wqi	u/GM_10	fl79ku3	C
2020-03-22 19:07:54.897718	u/justingolden21	fl88wz7	u/Battlebox0	fl7rrx0	C
2020-03-22 19:08:02.530199	u/Loopylafae	fl88x7b	u/cjc2112	fl87rq5	C
2020-03-22 19:08:07.437236	u/Hagendale	fl88xcj	u/ero4life	fl88pml	C
2020-03-22 19:08:12.241897	u/Nordy12345	fl88xgb	u/That_Wannabe_Artist	fl7rz7k	C
2020-03-22 19:08:14.661525	u/Cynical_Llama	fl88xie	u/Hype-Beast-Joe	fl842vd	C
2020-03-22 19:08:28.559326	u/Some-English-Twat	fl88ybm	u/br_igris	fl7xou1	C
2020-03-22 19:08:30.070051	u/AndrewPF1998	fl88yc7	u/Battlebox0	fl7m28c	C
2020-03-22 19:08:33.515446	u/eivindole	fl88ye1	u/Gebieter33	fl80fje	C
2020-03-22 19:08:36.336321	u/jlr3190	fl88ygs	u/Leonardo_Da_Keller	fl88u9f	C
2020-03-22 19:08:46.429750	u/TheBlabArmy	fl88ys2	u/Iglaj	fl7oucd	C
2020-03-22 19:08:48.131027	u/the-crippled	fl88ys7	u/AmazingTrashcan69	fn7mtf	S
2020-03-22 19:08:52.207004	u/F1lthyG0pnik	fl88yuz	u/LucasTheFrenchFry	fl7zv45	C
2020-03-22 19:09:00.125187	u/Dos_Edna	fl88z9z	u/RepostSleuthBot	fl7zghi	C
2020-03-22 19:09:10.038520	u/Corvaa	fl88zk8	u/alextheWAHA	fl7yjc4	C
2020-03-22 19:09:28.933676	u/shmeggon	fl890c6	u/adrianna56785	fl7ru2e	C
2020-03-22 19:09:33.161868	u/harambe2mlg	fl890m5	u/Frost__Tiger	fl83e6a	C
2020-03-22 19:09:35.515456	u/gacpo	fl890ox	u/br_igris	fl7xou1	C
2020-03-22 19:09:44.465840	u/dentedgal	fl89190	u/MrNarfal	fl78sad	C
2020-03-22 19:09:54.998231	u/SmolEmmywem	fl891hm	u/vargslayer1990	fl86k30	C
2020-03-22 19:09:58.754910	u/hitttler	fl8920p	u/woodendoors7	fl5jb9p	C
2020-03-22 19:10:11.237901	u/Tafu47	fl892b8	u/CurtFish892	fl7z7y8	C
2020-03-22 19:10:19.768113	u/hitttler	fl892gp	u/troopervest	fl5jrfv	C
2020-03-22 19:10:24.626216	u/Mike210021	fl892he	u/dovedevic	fl2izeo	C
2020-03-22 19:10:35.409653	u/thAtSabirB	fl892qa	u/bitemyshinymeta1ass	fl875cq	C
2020-03-22 19:10:43.372941	u/hitttler	fl892v7	u/woodendoors7	fl5js4f	C
2020-03-22 19:10:48.166910	u/viixvega	fl892z4	u/sortinghatgod	fl87y4m	C
2020-03-22 19:10:50.629666	u/catuluo	fl892z6	u/infernical_	fl883xd	C
2020-03-22 19:10:53.124191	u/Chaos12353	fl89316	u/PrayingSlays	fl73ksf	C
2020-03-22 19:10:55.587795	u/nonsuspiciousboy	fl89324	u/R4ndomBlackGuy	fl7s1ld	C
2020-03-22 19:11:03.957823	u/funfelix78	fl893bx	u/planesqaud63	fl7da0j	C
2020-03-22 19:11:09.760840	u/8-bitryanfan482	fl893jm	u/hacker4chanUwU	fl859ry	C
2020-03-22 19:11:14.981652	u/adibabrar1	fl893mf	u/DonutOlympian	fl6i66s	C
2020-03-22 19:11:26.814834	u/X_69_X	fl893sk	u/NyTeOwI	fl87szk	C
2020-03-22 19:11:40.602068	u/LarryGodspeed	fl89488	u/AutoModerator	fl87eu6	C
2020-03-22 19:11:48.847683	u/Ap0colypse	fl894ez	u/Mr_Rebeller	fl6pykv	C
2020-03-22 19:11:58.333313	u/singlutenpee	fl894lz	u/Xploiter_RBLX	fl86wmx	C
2020-03-22 19:12:12.318839	u/Wilkham	fl894wd	u/Supernova-581	fl86wdm	C
2020-03-22 19:12:29.567365	u/YO_ITS_KARAMELL	fl89566	u/xOPlolz	fn58ui	S
2020-03-22 19:12:33.971889	u/Elastichedgehog	fl8958p	u/ExactDependent8	fl7u4s6	C
2020-03-22 19:13:03.579564	u/JDragonblade	fl8961w	u/lordautismo_me_doods	fl7qvbk	C
2020-03-22 19:13:08.545931	u/ivazu	fl896au	u/devalentinR6	fl7mkyx	C
2020-03-22 19:13:20.407011	u/MediocrePenisNumber6	fl896jc	u/DeltarUltima	fl87nxy	C
2020-03-22 19:13:22.653307	u/sebaaaaaaastian	fl896jh	u/br_igris	fl7xou1	C
2020-03-22 19:13:31.359897	u/SadDeskLunch	fl896nx	u/asharjafri	fl7prom	C
2020-03-22 19:13:45.289395	u/Alajv3	fl8971k	u/HeatSeeka44	fl7lzau	C
2020-03-22 19:13:49.829277	u/morniel_	fl8972q	u/RepostSleuthBot	fl7ude2	C
2020-03-22 19:13:59.498173	u/ssj3guillermo	fl89748	u/sortinghatgod	fl88ksg	C
2020-03-22 19:14:12.290955	u/bawbeelite	fl897dl	u/ANTRAX56X	fl855kc	C
2020-03-22 19:14:23.752890	u/Fuz3Dr3dd	fl897k4	u/JustAToaster3574	fl82l7d	C
2020-03-22 19:15:01.871408	u/Mongocom	fl898j9	u/Talvi_Thunder	fl88yh8	C
2020-03-22 19:16:02.164245	u/Professor_Pericles_	fl89a7m	u/overlord_of_cringe	fl88rar	C
2020-03-22 19:16:07.466392	u/WinterGhost4729	fl89aet	u/howler126	fl86zyx	C
2020-03-22 19:16:13.728204	u/saltysquid_	fl89ajy	u/Bob--Ross	fl80uph	C
2020-03-22 19:16:15.853564	u/Benjamin_boi	fl89akh	u/Lilliepop80	fl840w4	C
2020-03-22 19:16:25.566008	u/NuggetInABiscuit3	fl89arc	u/CarI323	fl88mcd	C
2020-03-22 19:16:46.114422	u/LamaSlothy	fl89bah	u/baustell_goblin	fl7ebyh	C
2020-03-22 19:16:53.147818	u/NoodlesPlusDoodles	fl89bgd	u/Anykla	fl6j5q2	C
2020-03-22 19:17:06.169539	u/salvia187	fl89c5p	u/imakememes69420	fl7q2k7	C
2020-03-22 19:17:17.927860	u/jijfhcr	fl89cew	u/DeepFriedEggz	fl7zz70	C
2020-03-22 19:17:28.279885	u/InfinateUniverse	fl89cmt	u/habbnn	fl80lps	C
2020-03-22 19:17:55.847546	u/Grant-Likes-Grapes	fl89d7d	u/Sup3rt_	fl82vns	C
2020-03-22 19:17:59.023219	u/Prontage	fl89d83	u/AutoModerator	fl7fwk2	C
2020-03-22 19:18:03.101307	u/willbachi	fl89dbm	u/Downvoted_Avocado	fl89bnp	C
2020-03-22 19:18:10.802813	u/CyGuy6587	fl89dgt	u/RepostSleuthBot	fl897xq	C
2020-03-22 19:18:14.325367	u/ILikeYellow15	fl89dh5	u/mackjoe6	fl7yzop	C
2020-03-22 19:18:38.187310	u/Cantstopthis2	fl89eej	u/fualtyzane	fl8902t	C
2020-03-22 19:18:55.385713	u/MagicMeatbal1	fl89ey6	u/jackcabral90	fl87ip3	C
2020-03-22 19:18:58.213056	u/dobbi32	fl89f4q	u/Xploiter_RBLX	fl88ze5	C
2020-03-22 19:19:10.507755	u/EnderMako	fl89fk0	u/Xploiter_RBLX	fl84ie2	C
2020-03-22 19:19:16.544472	u/DonaldMcRonald6363	fl89fo1	u/Battlebox0	fl7m28c	C
2020-03-22 19:19:17.779629	u/bullsy4	fl89fox	u/thAtSabirB	fl897e8	C
2020-03-22 19:19:23.479245	u/margooose	fl89fwq	u/fualtyzane	fl8902t	C
2020-03-22 19:19:26.192050	u/big_ofen	fl89fx9	u/happyquasont	fl7xs8v	C
2020-03-22 19:20:00.245574	u/MrFoxGamingTheOG	fl89hex	u/AutoModerator	fhvcjqv	C
2020-03-22 19:20:02.694866	u/Cartosky	fl89hew	u/happyquasont	fl83iew	C
2020-03-22 19:20:09.046599	u/Sami012506	fl89hkk	u/Hodlon2	fl7qhwr	C
2020-03-22 19:20:34.925254	u/Special-Cay	fl89i7b	u/p1a2t3r	fl7ewjp	C
2020-03-22 19:20:51.149402	u/Kwstqs	fl89igg	u/KuroMomiji	fl89eh5	C
2020-03-22 19:21:01.024293	u/MakyCze_	fl89iky	u/-_N0_-	fl88x9u	C
2020-03-22 19:21:12.282436	u/longshaft3	fl89j0l	u/MAPX0	fl88b0g	C
2020-03-22 19:21:14.753820	u/useernam101	fl89j0z	u/Amrit0424	fl7g2d4	C
2020-03-22 19:21:40.492210	u/Unexpected_Outcome	fl89jhw	u/A_sad_toaster	fl86lz9	C
2020-03-22 19:21:42.839014	u/jazzysoultrain	fl89jik	u/Hodlon2	fl7s12h	C
2020-03-22 19:21:51.801986	u/BirdoTheSeizure	fl89jn5	u/ParkerJohnson666	fl88ryu	C
2020-03-22 19:22:00.147173	u/OriginalName____	fl89jse	u/AutoModerator	fl879vu	C
2020-03-22 19:22:02.458478	u/FNS-NE-NME	fl89jsn	u/wake_up_cliff	fl85k4m	C
2020-03-22 19:22:26.483819	u/Keely_19xx	fl89kjw	u/WindowsInfinite2	fl87i2y	C
2020-03-22 19:23:03.893488	u/lelcg	fl89lks	u/thehenrymancan1	fl7ie53	C
2020-03-22 19:23:18.144320	u/boba_fett11	fl8ahth	u/Josiador	fl7xpig	C
2020-03-22 19:23:21.668425	u/LTHeaven	fl8ahtz	u/Fjallmar	fl6qrvj	C
2020-03-22 19:23:41.408978	u/The2AndOnly1	fl8aib8	u/br_igris	fl7xou1	C
2020-03-22 19:24:00.408720	u/NinjaonHiatus	fl8aj9h	u/iwanteddiacriticals	fl7vntb	C
2020-03-22 19:24:29.629380	u/taylorberkus	fl8akj9	u/MidnightSky42	fl7wxcm	C
2020-03-22 19:24:32.906499	u/pencivecoyote-19	fl8akkj	u/enslaved-moisture123	fl7r13s	C
2020-03-22 19:24:37.589550	u/swashner	fl8akob	u/MagicBread04	fl830kd	C
2020-03-22 19:24:40.946778	u/Nek028	fl8akpd	u/Normal_Potato1234	fn6o1g	S
2020-03-22 19:24:45.274072	u/Cucumbersomepickle	fl8aksp	u/MediocrePenisNumber6	fl896jc	C
2020-03-22 19:25:03.587283	u/FrickedUpGlitch	fl8albp	u/R4ndomBlackGuy	fl7s1ld	C
2020-03-22 19:25:20.529082	u/TheAsianWaffle	fl8alsp	u/tayco123	fl89xap	C
2020-03-22 19:25:27.349024	u/ShamusJohnson13	fl8alza	u/50_percent_battery	fl85af5	C
2020-03-22 19:25:48.128338	u/mrtj424	fl8amj7	u/PrayingSlays	fl73ksf	C
2020-03-22 19:25:57.506870	u/KingOfBootycheeks	fl8amu3	u/Battlebox0	fl7m28c	C
2020-03-22 19:26:00.399282	u/TrexarSC	fl8amvd	u/FBI-is-here-	fl7o9ml	C
2020-03-22 19:26:02.551696	u/sani_anra	fl8amvb	u/YashThebeast	fl89gud	C
2020-03-22 19:26:05.529020	u/JipseeJ	fl8amvy	u/MisterPhister101	fl744de	C
2020-03-22 19:26:12.553237	u/drdankmemes2	fl8an5i	u/habbnn	fl836r3	C
2020-03-22 19:26:22.254024	u/McQinn	fl8anfw	u/Outbreak-Prime	fl77tym	C
2020-03-22 19:26:24.260427	u/JustAnotherFangirl87	fl8ani2	u/Punmato	fl85x7e	C
2020-03-22 19:26:31.956580	u/ibeprofane	fl8anna	u/lazydonkey25	fl8acur	C
2020-03-22 19:26:39.062453	u/Lau_Heuts11	fl8any1	u/OrionUniv	fl8a5do	C
2020-03-22 19:26:50.608749	u/Abdullah022	fl8aoc9	u/DeltarUltima	fl8am8r	C
2020-03-22 19:26:56.270080	u/Wolfbite17	fl8aonu	u/mgcNoShoot	fl7un7s	C
2020-03-22 19:26:59.947916	u/MrArchow	fl8aot1	u/Unshelled_1	fl88u9l	C
2020-03-22 19:27:05.694281	u/Frosty746	fl8aozh	u/DRW1357	fl87dcp	C
2020-03-22 19:27:07.559863	u/McQinn	fl8ap3m	u/chewy__baca	fl7mlpy	C
2020-03-22 19:27:11.484561	u/GriffinLech	fl8ap6d	u/mensamlol	fl7xj17	C
2020-03-22 19:27:13.355663	u/Alejo9876	fl8ap7b	u/Xploiter_RBLX	fl7f3nl	C
2020-03-22 19:27:31.447288	u/duddukick	fl8apkg	u/AutoModerator	fl8amc3	C
2020-03-22 19:27:44.778846	u/TheHunterZolomon	fl8apz6	u/ioofedmyslef	fl8api0	C
2020-03-22 19:27:50.702067	u/John3_16F1	fl8aqee	u/scps53770	fl8agpl	C
2020-03-22 19:28:09.446481	u/FluffyTippy	fl8aquf	u/Abdullah022	fl8aoc9	C
2020-03-22 19:28:23.987910	u/tbug111	fl8ara2	u/FelixH05	fl7ytt5	C
2020-03-22 19:28:25.608442	u/KeBob2442	fl8arbt	u/ahmedmohsen864	fl8596j	C
2020-03-22 19:28:32.169487	u/AngryCrocodile	fl8ari8	u/Vjiorick	fl86j4l	C
2020-03-22 19:28:41.802567	u/sunnysquid68	fl8arqa	u/willbachi	fl89dbm	C
2020-03-22 19:28:43.546642	u/RNEWGATE	fl8arue	u/itsyourboikroth	fl89pdu	C
2020-03-22 19:28:48.380716	u/Nolangt45	fl8as5j	u/Xploiter_RBLX	fl88uic	C
2020-03-22 19:28:51.193521	u/Wajdov	fl8asbn	u/EskimoFucker	fl68xvc	C
2020-03-22 19:29:08.600182	u/beard_of_dongs	fl8at3b	u/yeet273773	fl89man	C
2020-03-22 19:29:14.303331	u/RADApples55	fl8atcs	u/Spg04	fl81fkv	C
2020-03-22 19:29:42.920084	u/WildWeasel46	fl8aufn	u/TheDamnFaggot	fl87h7d	C
2020-03-22 19:29:50.426523	u/IridescentBlaze	fl8auok	u/Caesaropapismno	fl7nutq	C
2020-03-22 19:29:56.535890	u/Cimiclette	fl8av1u	u/RepostSleuthBot	fl894oa	C
2020-03-22 19:30:02.498613	u/ObsidianFlight	fl8avc5	u/HeatSeeka44	fl7qbv0	C
2020-03-22 19:30:41.688693	u/Dogedosport101	fl8avxg	u/kitten_princess69	fl7tnuq	C
2020-03-22 19:30:46.544441	u/Vespone	fl8aw18	u/Sayeet0620	fl814dy	C
2020-03-22 19:31:40.796565	u/Adjimu04	fl8axd0	u/happyquasont	fl83iew	C
2020-03-22 19:31:43.111281	u/jonesyfeels	fl8axd6	u/lshqpyari	fl5s9jr	C
2020-03-22 19:31:57.877730	u/ShrekLikesCheetos	fl8axmk	u/GloriousBeard905	fl87mp0	C
2020-03-22 19:32:03.599896	u/pengoo_gaming_8751	fl8axny	u/HiveFleetWyvern	fl8atut	C
2020-03-22 19:32:14.090011	u/CreamyKnougat	fl8axzl	u/Venom_Son_Goten_	fl84tu3	C
2020-03-22 19:32:39.829848	u/throwaway19389292938	fl8ay9v	u/AutoModerator	fl73ar7	C
2020-03-22 19:32:53.254891	u/LeagueofDraven1221	fl8ayn7	u/Lord_Waffles	fl8aqhs	C
2020-03-22 19:32:55.445317	u/merda-de-puta	fl8ayoe	u/overlord_of_cringe	fl8ah9t	C
2020-03-22 19:33:02.130507	u/loxdude	fl8aywb	u/MAPX0	fl7u5jz	C
2020-03-22 19:33:10.078121	u/pixecxk_gelade	fl8az71	u/DeltarUltima	fl82yw8	C
2020-03-22 19:33:12.277010	u/haydphil310	fl8az9y	u/360MeLikeABoss	fl84vkq	C
2020-03-22 19:33:14.404096	u/throwaway19389292938	fl8azc4	u/RepostSleuthBot	fl7s80r	C
2020-03-22 19:33:34.062249	u/Rahmene	fl8b029	u/AuwliyaDeKip	fl7xmis	C
2020-03-22 19:33:46.291620	u/LarryWakaWaka	fl8b0bh	u/UD_1680	fl7juwm	C
2020-03-22 19:33:52.377622	u/HistoricalCricket	fl8b0df	u/HeatSeeka44	fl7qbv0	C
2020-03-22 19:33:56.494301	u/metal-one	fl8b0h9	u/Shekro	fl82om1	C
2020-03-22 19:34:19.470432	u/FFF982	fl8b134	u/BadJanetYouDink	fl7pxw0	C
2020-03-22 19:34:33.788007	u/BoulderCODC	fl8b1h4	u/RepostSleuthBot	fl7tpay	C
2020-03-22 19:34:41.549117	u/AdvisedCelery	fl8b1np	u/SexxxyWesky	fl87sxc	C
2020-03-22 19:34:43.691801	u/jdan2006	fl8b1q4	u/banned-lemonleaf	fl7ttu6	C
2020-03-22 19:34:46.761302	u/Traykay69	fl8b1sn	u/Viktor_Terror	fl87dpd	C
2020-03-22 19:34:48.767463	u/Soaring-Sky	fl8b1td	u/beard_of_dongs	fl8at3b	C
2020-03-22 19:35:06.969880	u/FishyFilo	fl8b24x	u/harbac	fl8ay8u	C
2020-03-22 19:35:12.832264	u/stefankuze	fl8b2a5	u/kianuepiano	fl80i4w	C
2020-03-22 19:35:14.797644	u/PrplHaZe0916	fl8b2c9	u/cupcake279	fl7h7dc	C
2020-03-22 19:35:35.604133	u/spagetsauage	fl8b39a	u/ahmedmohsen864	fl82t4l	C
2020-03-22 19:35:46.571030	u/BoulderCODC	fl8b3ht	u/A_sad_toaster	fl7n2qp	C
2020-03-22 19:35:50.968652	u/notkhaos	fl8b3lp	u/DJason4001	fl8avs5	C
2020-03-22 19:35:54.783698	u/Zibras	fl8b3ph	u/DJason4001	fl8avs5	C
2020-03-22 19:35:56.749041	u/themoderngaming10826	fl8b3r4	u/TwoToxic	fl80bo3	C
2020-03-22 19:36:03.430447	u/undeadlegendarydoge	fl8b43u	u/limitless_goose	fl7ev0v	C
2020-03-22 19:36:07.362229	u/Its-Earl	fl8b46n	u/MrNarfal	fl78sad	C
2020-03-22 19:36:13.209093	u/hidaddym	fl8b4ef	u/planesqaud63	fl7b1hy	C
2020-03-22 19:36:15.083424	u/undeadlegendarydoge	fl8b4hf	u/Plasma294	fl7bzjb	C
2020-03-22 19:36:41.900198	u/ThatRandomGuySam	fl8b5bu	u/Abdullah022	fl8aoc9	C
2020-03-22 19:37:06.482115	u/Arcticblazewolf	fl8b6bt	u/swashner	fl8asdo	C
2020-03-22 19:37:12.665252	u/DolandMan67	fl8b6ic	u/R3VV1ND	fl83xgq	C
2020-03-22 19:37:27.211857	u/llamalord696969	fl8b6qy	u/EyeBudLover420	fl817ua	C
2020-03-22 19:37:46.510412	u/Fuzelop	fl8b782	u/watersheep58	fl82x72	C
2020-03-22 19:37:52.293503	u/psyglaiveseraph	fl8b7da	u/Supernova-581	fl859sj	C
2020-03-22 19:38:10.526178	u/jayfreshest	fl8b7yc	u/jediareboss	fl7jdyy	C
2020-03-22 19:38:12.047266	u/TerraPhantomic	fl8b821	u/Eren03eren	fl88zfn	C
2020-03-22 19:38:32.529389	u/reecephiv	fl8b8qk	u/ZukusCatHeaven_Art	fl87elp	C
2020-03-22 19:38:38.216915	u/kplayz9	fl8b8vu	u/slothnarwall-649	fl7o123	C
2020-03-22 19:38:39.600905	u/madecker44	fl8b8w2	u/AutoModerator	fl6dxco	C
2020-03-22 19:38:42.229841	u/TerraPhantomic	fl8b8zh	u/leaderofthevirgins	fl7yt3e	C
2020-03-22 19:38:47.878146	u/High_hungry_Im_dad	fl8b9bb	u/thespeedbrgamer69420	fl62xc4	C
2020-03-22 19:38:49.791059	u/anouk0x	fl8b9ek	u/someoneslostrock	fl6vb78	C
2020-03-22 19:38:52.251715	u/YinuSWinneR	fl8b9h9	u/someoneslostrock	fl82thb	C
2020-03-22 19:38:56.004092	u/StillExpectation	fl8b9od	u/MortalVV	fl77zw7	C
2020-03-22 19:39:01.906444	u/Lightning_Trademark	fl8b9wv	u/Potatotheooflord	fl5exvm	C
2020-03-22 19:39:25.753022	u/Angelus_Sai	fl8basg	u/Professor_Pericles_	fl89dgi	C
2020-03-22 19:39:29.349020	u/Tulpatown	fl8baux	u/DoggoGamer	fl8b6i5	C
2020-03-22 19:39:31.126618	u/_Rusty_Milkshake_	fl8bawj	u/Venom_Son_Goten_	fl84tu3	C
2020-03-22 19:39:46.926588	u/CoolDownBot	fl8bbak	u/TheHellcatBandit	fl8bath	C
2020-03-22 19:39:49.093069	u/SuperCx	fl8bbgc	u/Q0NX	fl7oobk	C
2020-03-22 19:39:50.334169	u/PlagueRex	fl8bbh5	u/BirdoTheSeizure	fl8apr5	C
2020-03-22 19:39:53.329242	u/JohnConnor27	fl8bbrq	u/RepostSleuthBot	fl7tpay	C
2020-03-22 19:39:54.218208	u/apittsburghoriginal	fl8bc1i	u/Enterprise_1701_D	fl86e70	C
2020-03-22 19:39:54.797350	u/Average_Memelord	fl8bc28	u/Natendrtfm	fl8b77k	C
2020-03-22 19:39:59.530036	u/xeemurph05	fl8bcmv	u/gabrielmaster123	fl8ban1	C
2020-03-22 19:40:02.367855	u/vone86	fl8bcr6	u/LordTachanka11	fl87kn5	C
2020-03-22 19:40:20.441460	u/w0kepearman	fl8bd62	u/CacklettasMinion	fl83nic	C
2020-03-22 19:40:28.506395	u/notmeboy	fl8bd93	u/junkmailboxesh	fl7pjfj	C
2020-03-22 19:40:36.080094	u/timce2	fl8bdes	u/greatking6009	fl7ft1r	C
2020-03-22 19:40:54.362847	u/ROUNDHOUSE5	fl8bdk6	u/ironship48	fl7mbxf	C
2020-03-22 19:41:41.693985	u/SeigeBot5032	fl8bf3x	u/Jonis13	fl87zb6	C
2020-03-22 19:41:57.174658	u/Roselily2006	fl8bfho	u/ThiccDucksAndBooks	fl8ab7k	C
2020-03-22 19:42:03.014965	u/troach5478	fl8bfku	u/tadekllr	fl6q5i4	C
2020-03-22 19:42:06.529228	u/catuice	fl8bfob	u/Phalanxer17	fl8ar9k	C
2020-03-22 19:42:15.453924	u/Bamxcore	fl8bfwl	u/AsumaBoy	fl7rgii	C
2020-03-22 19:42:33.459041	u/Somedudewithdiamonds	fl8bgaf	u/SupremeTaste	fl86w9s	C
2020-03-22 19:42:37.669409	u/JLFANTA	fl8bgbp	u/Timmys-Turner	fl82wmi	C
2020-03-22 19:42:56.306085	u/yoiamabadboy	fl8bh1q	u/ilikebaloons-owo	fl82hyv	C
2020-03-22 19:43:00.755715	u/pa3kdawae	fl8bh49	u/Pannenkoek420	fl6eqsn	C
2020-03-22 19:43:04.189347	u/Gplin	fl8bh8x	u/MrHiss	fl872t4	C
2020-03-22 19:43:15.665326	u/hitmanatee1996	fl8bhgw	u/arcpilot118	fl7z5wv	C
2020-03-22 19:43:28.835297	u/SouthernStorms	fl8bhts	u/Chilln0	fl8anjz	C
2020-03-22 19:43:34.097446	u/_ImNothing24_	fl8bi14	u/TerraPhantomic	fl8b8zh	C
2020-03-22 19:43:47.006360	u/alexhermann	fl8bifw	u/Avenixor420	fl8ae7c	C
2020-03-22 19:43:56.206879	u/AzurExorcist	fl8cioq	u/Xploiter_RBLX	fl84ie2	C
2020-03-22 19:44:08.416997	u/rriro	fl8cize	u/planesqaud63	fl6stor	C
2020-03-22 19:44:10.586025	u/I_like_tacos99	fl8cizl	u/happyquasont	fl83iew	C
2020-03-22 19:44:13.000063	u/fglavica	fl8cj0i	u/The_Lone_Wolf_YT	fl7wtwx	C
2020-03-22 19:44:23.761162	u/mangoman31256	fl8cj59	u/Bravo-50	fl7bluw	C
2020-03-22 19:44:31.588828	u/ElyssaisDead	fl8cjbj	u/leev211	fl88roy	C
2020-03-22 19:44:53.106737	u/watersj4	fl8ck1w	u/ioofedmyslef	fl8bqnr	C
2020-03-22 19:44:58.254180	u/deamon_lord27	fl8ck6r	u/llamalord696969	fl8b6qy	C
2020-03-22 19:45:04.265138	u/OriginalWay1	fl8ckbv	u/milawells	fl5sj76	C
2020-03-22 19:45:13.804718	u/MarionPreis	fl8ckht	u/Mr_Rock_000	fl85plb	C
2020-03-22 19:45:21.417363	u/noobbotboy	fl8ckqy	u/AutoModerator	fl7poqa	C
2020-03-22 19:45:35.751572	u/operababe	fl8ckvw	u/unoriginalname7	fl8cgeb	C
2020-03-22 19:45:50.497771	u/J0nul	fl8cl7e	u/Glop-of-boopins	fl7jjqk	C
2020-03-22 19:45:52.456854	u/GenjuMain69	fl8cl7w	u/Cucumbersomepickle	fl8c2mq	C
2020-03-22 19:45:59.730311	u/2000dragon	fl8clf5	u/iplay2manyvideogames	fl87elm	C
2020-03-22 19:46:09.682198	u/beepothesheepo	fl8clrt	u/Abdullah022	fl8cer3	C
2020-03-22 19:46:11.634277	u/B3causeYNot	fl8cltb	u/BadJanetYouDink	fl8cjt6	C
2020-03-22 19:46:13.598136	u/IshRocket	fl8cltt	u/thAtSabirB	fl892qa	C
2020-03-22 19:46:21.237591	u/imnotillegalbro	fl8clwz	u/UD_1680	fl7oqgf	C
2020-03-22 19:46:40.994619	u/shinerbiner	fl8cm4h	u/R4ndomBlackGuy	fl8cds0	C
2020-03-22 19:46:42.882042	u/Aeisr	fl8cm9o	u/fualtyzane	fl86ghv	C
2020-03-22 19:46:57.120851	u/burned_chickennugget	fl8cmm5	u/zentaurussaurus	fl84odx	C
2020-03-22 19:46:58.904836	u/sepromas	fl8cmmw	u/frognuts69	fl86om8	C
2020-03-22 19:47:00.759501	u/Tiger-E	fl8cmo4	u/HeatSeeka44	fl7lzau	C
2020-03-22 19:47:07.858113	u/AldinDoyle	fl8cmr9	u/Xploiter_RBLX	fl84ie2	C
2020-03-22 19:47:15.786293	u/JealousArmadillo	fl8cmzz	u/Gubq	fl5lyk4	C
2020-03-22 19:47:18.718568	u/MyNameIsAnonymous1	fl8cn1e	u/UD_1680	fl7oqgf	C
2020-03-22 19:47:34.829608	u/Spaceboundgamer1212	fl8cnfw	u/soviet-assassin	fl8c95w	C
2020-03-22 19:47:42.016889	u/memeisaculture	fl8cnnz	u/RepostSleuthBot	fl87z9g	C
2020-03-22 19:47:43.776321	u/5n1p3r90	fl8cno9	u/AKA_Dr_AquaFresh	fl8cfeh	C
2020-03-22 19:47:46.753693	u/BradyT1314	fl8cnrr	u/Mostly_Joking23	fl80g2s	C
2020-03-22 19:47:50.087417	u/shadow2402	fl8cnue	u/hotflamingbeans	fl8bxv8	C
2020-03-22 19:47:57.082369	u/markbarndoor	fl8cny7	u/MyNameIsAnonymous1	fl8cj4p	C
2020-03-22 19:48:06.092062	u/comrade-d0ggo	fl8co8v	u/CrazyComputtter	fl8cfeo	C
2020-03-22 19:48:26.205855	u/mcalladin	fl8coly	u/mogley1992	fl7gy9x	C
2020-03-22 19:48:29.975277	u/Camp_Anawanna87	fl8conr	u/leaderofthevirgins	fl7zao7	C
2020-03-22 19:48:32.582513	u/Agentbadeand	fl8coq3	u/Adjimu04	fl8axd0	C
2020-03-22 19:48:41.513749	u/DeNeRlX	fl8cozi	u/iplay2manyvideogames	fl87elm	C
2020-03-22 19:48:44.370130	u/ReviewedMemes	fl8cp7a	u/vikingpirate2	fl87buk	C
2020-03-22 19:48:54.264690	u/GoCumMaster69	fl8cpkn	u/fualtyzane	fl88gue	C
2020-03-22 19:48:56.291643	u/ninjewish	fl8cpnm	u/medium-daddy316	fl8723r	C
2020-03-22 19:49:12.442931	u/Dogfuns	fl8cq73	u/dankious_dank	fl8cl7d	C
2020-03-22 19:49:14.564469	u/Nerd_Watching	fl8cqbp	u/Ericool35	fl85sqq	C
2020-03-22 19:49:18.193369	u/CheesyDivinity	fl8cqdh	u/lazydonkey25	fl8chhi	C
2020-03-22 19:49:21.370241	u/Hmmmmm______	fl8cqga	u/shinerbiner	fl8cm4h	C
2020-03-22 19:49:24.419322	u/MaitieS	fl8cqgz	u/MarionPreis	fl8ckht	C
2020-03-22 19:49:41.127606	u/LinkAtrius	fl8crim	u/FishyFilo	fl8cmk7	C
2020-03-22 19:49:49.401898	u/frumundacheeze	fl8crxo	u/FBI-is-here-	fl7o9ml	C
2020-03-22 19:49:50.149250	u/CyclopsorNedStark	fl8cs00	u/happyquasont	fl7xs8v	C
2020-03-22 19:49:54.782799	u/aetkitty	fl8csf4	u/DonutOlympian	fl6i66s	C
2020-03-22 19:49:55.680506	u/DarkArrowNew52	fl8csgm	u/hisbeer	fl7gdcv	C
2020-03-22 19:49:56.594998	u/HuskySiberian57	fl8csi2	u/ItsToxyk	fl80uqf	C
2020-03-22 19:49:57.948697	u/Radio_Frequency_wave	fl8csli	u/TheSaltyViking	fl8cs1u	C
2020-03-22 19:49:58.725041	u/Always-A-Mistake	fl8cslu	u/MrArchow	fl8aot1	C
2020-03-22 19:50:01.356041	u/MarcoReus04	fl8csvk	u/JayChaos01	fl8cr74	C
2020-03-22 19:50:15.855500	u/hifrandimcool	fl8ct43	u/palindromeflower	fl6tsqa	C
2020-03-22 19:50:31.359386	u/heymeitsvp	fl8ctl2	u/sani_anra	fl8amvb	C
2020-03-22 19:50:44.464295	u/TGDestroyerX35	fl8ctti	u/AutoModerator	fl8cch6	C
2020-03-22 19:50:51.875772	u/fredster2006	fl8cu4n	u/DoggoGamer	fl8c9l7	C
2020-03-22 19:51:27.621152	u/Narranarius	fl8cusw	u/Potatotheooflord	fl5ewkn	C
2020-03-22 19:51:32.524026	u/OptimalTomatillo	fl8cuyo	u/ZukusCatHeaven_Art	fl884fi	C
2020-03-22 19:51:34.921377	u/--Dolo--	fl8cv0w	u/Abdullah022	fl8cgl2	C
2020-03-22 19:51:49.469732	u/Voltjas	fl8cvdw	u/_Rusty_Milkshake_	fl8bawj	C
2020-03-22 19:52:11.563410	u/this_kickass_kid	fl8cvw8	u/HuskySiberian57	fl8cqqf	C
2020-03-22 19:52:37.711726	u/Regi413	fl8cwex	u/hotflamingbeans	fl8bxv8	C
2020-03-22 19:52:48.652470	u/loganmanville	fl8cwp8	u/Gubq	fl5lyk4	C
2020-03-22 19:52:54.686196	u/ssjreditor	fl8cwuq	u/MrArchow	fl8cma5	C
2020-03-22 19:53:00.364607	u/fortnite-endgame	fl8cx1m	u/BadJanetYouDink	fl8as7j	C
2020-03-22 19:53:11.304208	u/StreetsOfRogue_h4xor	fl8cxcv	u/UD_1680	fl7oqgf	C
2020-03-22 19:53:30.177509	u/XProd21	fl8cxuf	u/Deathlucky	fl8cw14	C
2020-03-22 19:53:47.520800	u/Savy_Spaceman	fl8cyft	u/AVeryVerySadPerson	fl7b1p8	C
2020-03-22 19:54:01.170994	u/saltynugget69	fl8cyry	u/monseweb2100	fl8c5br	C
2020-03-22 19:54:13.907253	u/JadeHourglass	fl8cz3j	u/memetaco97	fl86c3y	C
2020-03-22 19:54:26.592059	u/FlihpFlorp	fl8cz91	u/Tru_Drone_Videos	fl8cs2j	C
2020-03-22 19:54:29.752459	u/Mercury008787	fl8cze2	u/megacoolkiller	fl86ou1	C
2020-03-22 19:54:38.470059	u/ReesesPuffsWoow	fl8czm2	u/Regi413	fl8cwex	C
2020-03-22 19:55:04.062495	u/TheCrystalWarrior	fl8d0fv	u/servaes22	fl84lii	C
2020-03-22 19:55:07.165091	u/YellowGuyHere	fl8d0k0	u/HeatSeeka44	fl7lzau	C
2020-03-22 19:55:11.423792	u/Communist_soup	fl8d0lx	u/pengoo_gaming_8751	fl8axny	C
2020-03-22 19:55:36.243354	u/Yeeaahduudee	fl8d1ad	u/anouk0x	fl8d08r	C
2020-03-22 19:55:39.278285	u/theoneanddonly	fl8d1b6	u/xOPlolz	fl8clcm	C
2020-03-22 19:55:49.059909	u/Cow_Tipper_629	fl8d1lh	u/CoveIdEgo	fl8czpf	C
2020-03-22 19:55:51.089687	u/nominate17	fl8d1ma	u/G-Rod_V2	fl6xr93	C
2020-03-22 19:55:55.824062	u/masterofmemes345	fl8d1pt	u/Cucumbersomepickle	fl8aksp	C
2020-03-22 19:56:14.342860	u/babidoux	fl8d25q	u/hisbeer	fl7c034	C
2020-03-22 19:56:20.865644	u/Mn020	fl8d27p	u/Abdullah022	fl8cgl2	C
2020-03-22 19:56:27.156268	u/_Random_X	fl8d2cj	u/Gubq	fl5lg0s	C
2020-03-22 19:56:29.041542	u/Macka420	fl8d2dc	u/ChuckenAnKornSoop	fl8cvpc	C
2020-03-22 19:56:34.694537	u/junker61	fl8d2h7	u/MazieWolf	fl69h1b	C
2020-03-22 19:56:59.110741	u/ConsumerOfRamen	fl8d34y	u/saltynugget69	fl8cyry	C
2020-03-22 19:57:17.802209	u/Cantget1towork	fl8d3pc	u/DeltarUltima	fl87nxy	C
2020-03-22 19:57:22.380877	u/crunchycorndog2	fl8d3qm	u/woodendoors7	fl5jb9p	C
2020-03-22 19:57:38.438531	u/Fdphurq-Jxlfh	fl8d41r	u/Ultimate_Samurai	fl8cza9	C
2020-03-22 19:57:40.249119	u/poolfullofmilk	fl8d41y	u/Eevium_Z	fl7xul6	C
2020-03-22 19:58:01.207222	u/daddycola	fl8d4sf	u/Regi413	fl8cwex	C
2020-03-22 19:58:11.970921	u/bebeyoda_staring	fl8d562	u/LMAO_ZEDONG769	fl855eq	C
2020-03-22 19:58:15.907904	u/PanBijo	fl8d58q	u/Attheskiingslug	fl81pel	C
2020-03-22 19:58:38.111787	u/Kassandra-Perez-	fl8d64b	u/planesqaud63	fl8c8pl	C
2020-03-22 19:58:40.362197	u/Blekhy	fl8d65h	u/just_one_spark	fl8a0xz	C
2020-03-22 19:58:43.227557	u/Perussuomalaiset	fl8d69w	u/GrimStrom	fl7w0gr	C
2020-03-22 19:59:02.363061	u/360Turn	fl8d73u	u/Frosty746	fl8aozh	C
2020-03-22 19:59:05.873040	u/M0k0x	fl8d77a	u/raptor_96blue	fl7xuij	C
2020-03-22 19:59:13.898837	u/Did_you_register	fl8d7j7	u/anouk0x	fl8d1q2	C
2020-03-22 19:59:19.778221	u/The_Medic_Bag	fl8d7vo	u/RepostSleuthBot	fl89oin	C
2020-03-22 19:59:37.701682	u/fjsndjdjboi	fl8d8o0	u/lanicol7	fl8d55s	C
2020-03-22 19:59:46.656605	u/DUB9MYSTIC	fl8d953	u/4hm3dd	fl83c6g	C
2020-03-22 19:59:53.042130	u/TheHairofSlytherin	fl8d9p1	u/Titanium-Gamer26	fl7s2yc	C
2020-03-22 19:59:54.485404	u/bryony_dough	fl8d9tl	u/I_Fucked_A_Barbie	fl88j2g	C
