2020-04-01 05:00:42.055446	u/Robin-tje	fm3o4xz	u/VenomX_ssb	fm3akoa	C
2020-04-01 05:00:48.222355	u/RandomGuY0399	fm3o54h	u/BlueC0dex	fm1vu6s	C
2020-04-01 05:00:57.396589	u/Kurai_Khaos	fm3o5df	u/TRoastedPotato	fm3nwsl	C
2020-04-01 05:01:00.850175	u/_SlippyBanana_	fm3o5gz	u/pixiedodo	fm39jhx	C
2020-04-01 05:01:07.350680	u/Some_Reddit_User4	fm3o5nh	u/RandomestGuy__-_-_-	fm3o46l	C
2020-04-01 05:01:36.476186	u/Hi-Diddily-Ho	fm3o6l8	u/VenomX_ssb	fm3akoa	C
2020-04-01 05:01:39.917855	u/Eljeffe86	fm3o6oj	u/XxFireplays5038xX	fm1nwrl	C
2020-04-01 05:01:48.018865	u/Brawl___Stars	fm3o6rq	u/Crispy_Magic	fm3lehv	C
2020-04-01 05:01:54.840705	u/blahblahtown	fm3o6vi	u/psych0thinker	fm2cxjw	C
2020-04-01 05:03:51.721154	u/GIGINO1	fm3o9l6	u/Dr_Whoooo	fm3mna8	C
2020-04-01 05:04:15.432284	u/EnteredUsernames	fm3oabc	u/RealAndGay	fm3jpfd	C
2020-04-01 05:04:17.727031	u/_English_T_	fm3oael	u/racerfree	fm38bex	C
2020-04-01 05:04:37.970905	u/eggzbennedictegglord	fm3oaxc	u/OverpoweredSalad	fm3o8ag	C
2020-04-01 05:05:04.690167	u/Vrach88	fm3obje	u/sunnnyD88	fm2y0rm	C
2020-04-01 05:05:27.064138	u/frostbite5454	fm3oc78	u/NS_Physics	fm3hche	C
2020-04-01 05:06:12.418436	u/PhantomDramon	fm3odhu	u/AK24ROCKS	fm3oblg	C
2020-04-01 05:06:19.199862	u/monkey_shit_is_used	fm3odmv	u/diddly-doddly	fm3mplx	C
2020-04-01 05:06:26.938605	u/kenjiban696	fm3odxl	u/Matus190	fm06bxi	C
2020-04-01 05:06:59.260006	u/ZedKitty	fm3oetv	u/Max-Bolzenbaum	fm3odyz	C
2020-04-01 05:07:10.605216	u/DinoShinigami	fm3ofc4	u/perogieV	fm2leo2	C
2020-04-01 05:07:13.229413	u/zahrandies	fm3ofct	u/LuxionQuelloFigo	fm3od5o	C
2020-04-01 05:08:06.773289	u/Pointless_Commentor	fm3ohb1	u/Normie_579	fm3o3da	C
2020-04-01 05:08:24.405149	u/mxl1993	fm3ohuy	u/FroshWulf66	fm3bktb	C
2020-04-01 05:08:25.966298	u/Gnomrthatslips	fm3ohww	u/Memejunkey	fm3oeou	C
2020-04-01 05:08:42.330109	u/MyCatIsUpsiideDown	fm3oitf	u/thebigz52	fm3fq7h	C
2020-04-01 05:09:03.340394	u/tahiraTahra	fm3ojsc	u/Anim0taku	fm3l9r3	C
2020-04-01 05:09:09.579285	u/mister_potatoe_lord	fm3ok1g	u/Freedom-Costs-Tax	fm2fb2u	C
2020-04-01 05:09:19.730159	u/KALTWAFFEL	fm3oke8	u/R4D33	fm3m78n	C
2020-04-01 05:09:35.828228	u/-BraidedAssHair-	fm3ol1x	u/Gnomrthatslips	fm3o8rt	C
2020-04-01 05:09:43.741826	u/xRandomGamer	fm3oldt	u/EntertainingNuisance	fm3k39q	C
2020-04-01 05:09:54.715272	u/Weremount	fm3om8t	u/BleepBloop3344	fm2u5gg	C
2020-04-01 05:10:05.004755	u/vbe123	fm3oncs	u/With_A_Knife	fm3kz2y	C
2020-04-01 05:10:14.408509	u/cgdani127	fm3onmr	u/AK24ROCKS	fm3o8b5	C
2020-04-01 05:10:50.238177	u/Haribo2015121	fm3oo9c	u/Wasabithings	fssldm	S
2020-04-01 05:10:52.463869	u/IDKiguessNoah	fm3oo9n	u/sybch	fm3msc1	C
2020-04-01 05:11:16.708704	u/ShiroPL	fm3op9t	u/AutoModerator	fm386av	C
2020-04-01 05:11:41.621430	u/AfraidTomato	fm3oq0w	u/tahiraTahra	fm3ojsc	C
2020-04-01 05:12:02.076314	u/HaydenLazuli	fm3oqg1	u/Rockefellersweater	fm3j7se	C
2020-04-01 05:13:03.454832	u/I-have-no-idea4-name	fm3os5v	u/TRoastedPotato	fm3o7ky	C
2020-04-01 05:13:33.824447	u/Shozaan	fm3ot62	u/Fermion96	fm3gmuw	C
2020-04-01 05:13:49.209388	u/mothonawall	fm3oto2	u/Snwl_dev	fm3ji87	C
2020-04-01 05:14:19.042057	u/dopperscoopper	fm3pr36	u/racerfree	fm38e55	C
2020-04-01 05:14:21.048449	u/Slendy7	fm3pr4u	u/i-LLuXXion	fm3kf5w	C
2020-04-01 05:14:33.145901	u/zubyzubz99	fm3pri4	u/Luis_castro360	fm3h7z3	C
2020-04-01 05:14:51.333001	u/Yoyo524	fm3prrz	u/lucipherius	fm3dyah	C
2020-04-01 05:15:12.204636	u/lilRWss	fm3psb2	u/TheGayPusheen	fm3pr60	C
2020-04-01 05:15:19.213158	u/JammyDodgerGamingXD	fm3psei	u/AutoModerator	fm386av	C
2020-04-01 05:15:30.771913	u/pl4pity	fm3pskq	u/Evolution-is-a-fact	fm3ouis	C
2020-04-01 05:15:43.247330	u/Ralcive	fm3psxq	u/lady_end	fm3pfx8	C
2020-04-01 05:15:59.315843	u/UnwantedTachyon	fm3ptf1	u/Syndicaa	fm3ihlk	C
2020-04-01 05:16:24.973545	u/StepanFir	fm3pu86	u/0Idgregg	fm3ptd2	C
2020-04-01 05:16:52.752762	u/DylanJoinsTheParty	fm3pv3p	u/xX-Kiki-Xx	fm3okay	C
2020-04-01 05:16:54.502492	u/nclemrie	fm3pv4c	u/soopermat	fm3jryp	C
2020-04-01 05:17:30.287275	u/hacksoos	fm3pw2n	u/xXDelta	fm3m9xl	C
2020-04-01 05:17:54.504458	u/BigSeth	fm3pwmh	u/pl4pity	fm3p0j9	C
2020-04-01 05:18:22.941472	u/RyanWuzHere13	fm3pxkk	u/Mr-Venom23	fm3n9ln	C
2020-04-01 05:18:25.813245	u/anelz-_-	fm3pxm8	u/0Idgregg	fm3pvss	C
2020-04-01 05:18:50.500396	u/DinosaurKati	fm3py9a	u/Sirius499	fm3pqgc	C
2020-04-01 05:18:58.445749	u/Lobo7712	fm3pyme	u/al04al-lolplayer	fleku2f	C
2020-04-01 05:19:03.871478	u/Tomahawkk2468	fm3pyxi	u/kk_1357	fm3i5tc	C
2020-04-01 05:19:15.359282	u/chaos_sphere	fm3pzba	u/jollyrancher4459	fm3igem	C
2020-04-01 05:19:22.347640	u/Dogeisdank	fm3pzw4	u/zombie5layer249	fm3pzk8	C
2020-04-01 05:19:25.632060	u/andrewejc362	fm3q00h	u/spinelisbeast	fl5svi5	C
2020-04-01 05:19:32.874198	u/Consumer299	fm3q0ce	u/Degg19	fm3b0rx	C
2020-04-01 05:19:52.818226	u/Fascinax	fm3q1ah	u/terti164	fm3pixn	C
2020-04-01 05:19:54.987346	u/78sd5g96f9d0	fm3q1dx	u/Pizzaboy90	fm30vf2	C
2020-04-01 05:20:23.645268	u/d1n0s0ur	fm3q2a5	u/Alexander_Smart	fm3g84p	C
2020-04-01 05:20:40.121537	u/MiikaDD	fm3q2iq	u/TheColaDragon	fm3pu3s	C
2020-04-01 05:20:52.516855	u/Atom1cNoob	fm3q2uk	u/Resorization	fm3ptz1	C
2020-04-01 05:20:54.766655	u/Ohm_bug18	fm3q2uw	u/itsmejade_	fm2mfhz	C
2020-04-01 05:22:20.878127	u/Da_Swimmer_2	fm3q4y2	u/ThatkidJerome	flvowyk	C
2020-04-01 05:22:29.556076	u/Illicitline45	fm3q52b	u/Abhinav_C_Raj	fm3jq4v	C
2020-04-01 05:22:35.788055	u/Davis_Cooper	fm3q57m	u/AutoModerator	fm3pq3c	C
2020-04-01 05:23:21.555699	u/Decent-Run	fm3q66j	u/ThePringleMaster	fm07u4d	C
2020-04-01 05:23:23.609807	u/The_Modulator	fm3q676	u/v4ld3z666	flsczie	C
2020-04-01 05:23:51.054948	u/IonTechno	fm3q6td	u/Patrick_Bot2	fm3p9ha	C
2020-04-01 05:24:07.259929	u/colinlok	fm3q78s	u/With_A_Knife	fm3kz2y	C
2020-04-01 05:25:07.050688	u/NikolaosAngouras	fm3q8tw	u/Rockefellersweater	fm3j7se	C
2020-04-01 05:26:15.413537	u/KEKISTANImemeMan	fm3qalq	u/WorldWreckerYT	fm3msng	C
2020-04-01 05:26:29.087872	u/Poopoomamapoo	fm3qb1g	u/zombie5layer249	fm3q831	C
2020-04-01 05:26:39.334285	u/G0geta130	fm3qb9e	u/MAGIC_EYE_BOT	fk49ejx	C
2020-04-01 05:26:53.345008	u/Srf4LoneWolf	fm3qbqk	u/EntertainingNuisance	fm3k39q	C
2020-04-01 05:27:26.162431	u/yee-yee-cheese	fm3qcoc	u/sybch	fm3oyzs	C
2020-04-01 05:27:38.581905	u/Fuck_Names_	fm3qd1h	u/Wynst0n-_OST	fm3m5xl	C
2020-04-01 05:27:50.597350	u/Tazmaniac_1	fm3qdcy	u/JOHNTHEBUN4	fm3izzu	C
2020-04-01 05:28:04.895885	u/rushiiestoniia	fm3qdow	u/beeeeeg_yoshi	fm3ojfo	C
2020-04-01 05:28:21.732344	u/submergedpickle3021	fm3qe0j	u/lonelyswarm	fm3jlpg	C
2020-04-01 05:28:30.324440	u/StepDiceYT	fm3qefa	u/Miloficent	fm3pzjg	C
2020-04-01 05:28:34.041439	u/Jockinho	fm3qekg	u/AutoModerator	fm104mo	C
2020-04-01 05:28:55.441294	u/BigNeckPapa	fm3qf20	u/BITE-ZA-WARUDO	fm3ks1y	C
2020-04-01 05:29:06.263469	u/McHuansohnn	fm3qfmb	u/StepDiceYT	fm3qdq5	C
2020-04-01 05:29:25.301515	u/The_Rossiest	fm3qg9p	u/Trollithecus007	fm3ors1	C
2020-04-01 05:29:33.385740	u/Yo-poopy	fm3qgl7	u/AutoModerator	fm3euhv	C
2020-04-01 05:29:37.245667	u/itsfinedwreally	fm3qgou	u/Poopoomamapoo	fm3q6h1	C
2020-04-01 05:30:27.979401	u/Zolka29	fm3qia6	u/legendarykale	fm3qg82	C
2020-04-01 05:30:48.314353	u/Just-Bacon	fm3qipl	u/ARKNORI	fm3pu4g	C
2020-04-01 05:31:32.682990	u/dan6942069420	fm3qjme	u/anniechappie	fm3bzmn	C
2020-04-01 05:31:42.222797	u/kork1y	fm3qjsf	u/Syndicaa	fm3ihlk	C
2020-04-01 05:31:57.150875	u/What_The_Flak	fm3qk1z	u/Sollous-IV	fm3mucw	C
2020-04-01 05:32:28.323320	u/WeakBadUsername	fm3qktd	u/AutoModerator	fm3q8hn	C
2020-04-01 05:32:57.035428	u/041304Zhiro	fm3qlxp	u/amelieshelby	fm3qcbu	C
2020-04-01 05:33:34.760259	u/GreyGamer21	fm3qmvo	u/-BraidedAssHair-	fm3nwqp	C
2020-04-01 05:34:12.729996	u/bananaboy42424242424	fm3qntp	u/Ariaa02	fm3pr04	C
2020-04-01 05:34:27.742500	u/dr_block	fm3qo5v	u/Lil_Pillow	fm3pzye	C
2020-04-01 05:34:44.000045	u/Federico1459	fm3qonv	u/Zbunjeni_Batcat	fm3qivw	C
2020-04-01 05:34:48.955023	u/blaze_it_420_foreal	fm3qooy	u/dhhhhddhh	fm3mc0e	C
2020-04-01 05:36:55.002068	u/DeathAddicted	fm3qsge	u/chasetifer0	fm3efpb	C
2020-04-01 05:37:01.511197	u/asian-comrade	fm3qsnt	u/TRoastedPotato	fm3o1r9	C
2020-04-01 05:37:19.933732	u/lukediesel804	fm3qt2o	u/babygurl_x	fm3mte4	C
2020-04-01 05:37:36.743579	u/nathan545y	fm3qtjf	u/Dominikoy2	fm3qsuo	C
2020-04-01 05:37:43.933534	u/Moncef_2054	fm3qttq	u/VenomX_ssb	fm3akoa	C
2020-04-01 05:38:02.870267	u/SpoopyChills	fm3qudl	u/eldritchbanana68	fm3i01l	C
2020-04-01 05:38:10.253613	u/nelio30	fm3quoj	u/AutoModerator	fm12ucs	C
2020-04-01 05:38:16.502568	u/Andre4kthegreengiant	fm3qv36	u/boot-san1	fm3h8x1	C
2020-04-01 05:38:58.032091	u/JustBk0z	fm3qwlr	u/just_one_spark	fm371db	C
2020-04-01 05:39:13.919045	u/DollCrying	fm3qx24	u/sliimmshadyy	fm3qvpe	C
2020-04-01 05:39:48.885520	u/Hysteric_Brain	fm3qyuq	u/imnotbeingserious69	fm3dijp	C
2020-04-01 05:39:50.555912	u/GoHummus	fm3qz0a	u/Crispy_Magic	fm3ldcf	C
2020-04-01 05:39:52.575316	u/ghstemne	fm3qz26	u/call_me_justin1	fm3mr80	C
2020-04-01 05:40:08.425300	u/Luke-Bywalker	fm3qzh3	u/Ariaa02	fm3qs2x	C
2020-04-01 05:41:34.939588	u/roose_bolton_1	fm3r1e9	u/bakirelopove	fm3ptcw	C
2020-04-01 05:42:29.630784	u/Depression4lifee	fm3r2h7	u/PGC_OnePump	fm3lq1u	C
2020-04-01 05:43:18.401253	u/Legacy_88_	fm3r3m8	u/Isredin	fm3r2q8	C
2020-04-01 05:43:22.821859	u/yobyody	fm3r3pj	u/LugyD1xd_ONE	fm3r14t	C
2020-04-01 05:43:44.837240	u/KentuckyFriedEel	fm3r4bg	u/wolverine-claws	fm3edpr	C
2020-04-01 05:43:46.982700	u/Luigy1703	fm3r4fc	u/Legacy_88_	fswl9w	S
2020-04-01 05:44:09.953855	u/Ninjago_Vo	fm3r58m	u/Acetheboy1243	fm2hmpt	C
2020-04-01 05:44:39.134189	u/BlazeFalconeye	fm3r5tz	u/DrBomb_Boy	fm3lzr8	C
2020-04-01 05:45:26.048095	u/redneck-james	fm3r718	u/Jebsj	fm3qs5s	C
2020-04-01 05:46:00.996934	u/Caliber70	fm3r81g	u/Unreal_Darkhalis	fm3fyr0	C
2020-04-01 05:46:25.631140	u/TheParaDucks	fm3r8so	u/Bandicot69	fstyfi	S
2020-04-01 05:46:52.624515	u/jj_hellscream	fm3r9je	u/racerfree	fm3h9u8	C
2020-04-01 05:47:01.865848	u/thisisnotapotato123	fm3r9m5	u/BITE-ZA-WARUDO	fm3nlb8	C
2020-04-01 05:47:09.502885	u/ItsMeDerpDragon	fm3r9sy	u/sybch	fm3qppt	C
2020-04-01 05:47:19.005462	u/Midori_Ryuu	fm3ra40	u/pixiedodo	fm38t8r	C
2020-04-01 05:47:31.156109	u/Silver_Squirrel	fm3raby	u/AutoModerator	fm2fxe3	C
2020-04-01 05:47:46.262733	u/Hot-Palpitation	fm3raqh	u/bigwatchboi	fm3opct	C
2020-04-01 05:47:47.765786	u/HelloYesThisIsBlaze	fm3rasa	u/Finalism	fm3529w	C
2020-04-01 05:49:01.230153	u/OoUyA2024	fm3rcwg	u/meme_soapp	fswm7u	S
2020-04-01 05:49:18.578524	u/skyepie22	fm3rdjy	u/Hopp5432	fm3oy44	C
2020-04-01 05:49:20.662886	u/Bad_Mothrrfucker	fm3rdlx	u/misfitlabbie	fm362x1	C
2020-04-01 05:49:23.067236	u/SmoothAndMild	fm3rdp6	u/AutoModerator	fm3mv0c	C
2020-04-01 05:49:30.458041	u/Principatus	fm3re5r	u/treestories1708	fm3h289	C
2020-04-01 05:49:44.860139	u/TripTaMean	fm3rep7	u/SCP_002	fm3jo6y	C
2020-04-01 05:49:46.612484	u/unique_MOFO	fm3reul	u/Eggerslolol	fm3n391	C
2020-04-01 05:50:16.588090	u/rawng_hoal	fm3rg24	u/Federico1459	fm3qonv	C
2020-04-01 05:50:23.565128	u/Philipp_01	fm3rg8b	u/__jayck__	fm3renw	C
2020-04-01 05:50:42.474699	u/Nugget41	fm3rgqi	u/r4moneq7	fm3q13u	C
2020-04-01 05:50:44.722286	u/Eritakus	fm3rgqq	u/-BraidedAssHair-	fm3pupp	C
2020-04-01 05:50:49.190163	u/LordOppenheim	fm3rgxr	u/underscorefour	fm3ky3f	C
2020-04-01 05:50:51.471012	u/GGbrothers27	fm3rgy2	u/mr_arthur_963	fm3mts2	C
2020-04-01 05:50:59.309067	u/gu4c4m0l3n1bb4	fm3rhc7	u/RufflesOriginal	fm0vh8y	C
2020-04-01 05:51:09.439505	u/Caspi7	fm3rhnp	u/-BraidedAssHair-	fm3nyvc	C
2020-04-01 05:51:58.395368	u/Deeyago12345	fm3rj4o	u/-BraidedAssHair-	fm3ol1x	C
2020-04-01 05:52:00.575561	u/chist3r_j0sh	fm3rj6c	u/Wimpykid2302	flxczi9	C
2020-04-01 05:52:28.954396	u/GreenDogWithGoggles	fm3rjol	u/katplommer	fm3h3xl	C
2020-04-01 05:52:36.507449	u/ThisUserAboveMeisgay	fm3rjx1	u/iPodee	fm39z1o	C
2020-04-01 05:52:58.243259	u/Astraquius	fm3rklz	u/-BraidedAssHair-	fsvvdm	S
2020-04-01 05:53:19.053997	u/cheosblade	fm3rl5j	u/racerfree	fm3k548	C
2020-04-01 05:53:32.710828	u/ApatheticEdgelord	fm3rldx	u/sybch	fm3qppt	C
2020-04-01 05:54:00.336615	u/HarryAmbrose	fm3rmgu	u/Sub_to_Pewdiepie2	fm3ljsf	C
2020-04-01 05:54:35.613440	u/bananasplz	fm3rnc4	u/LW23301	fm3io7c	C
2020-04-01 05:55:14.636231	u/The-Artificial	fm3ro9u	u/Ylonmemes	fm3rnf2	C
2020-04-01 05:55:31.032914	u/magger100	fm3roqp	u/lonelyswarm	fm3jlpg	C
2020-04-01 05:55:53.191128	u/Ryrylx	fm3rphc	u/Terror-dactyl1	fm3p939	C
2020-04-01 05:55:57.648353	u/Yellow__Cloud	fm3rpk6	u/pizzaking95	fm3oaxb	C
2020-04-01 05:55:59.484145	u/Federal-Cod	fm3rpny	u/Some_Reddit_User4	fm3kl2p	C
2020-04-01 05:56:46.118787	u/-_mo_-	fm3rr59	u/KiNg_0f_aZhdARcHidS	fm3rcor	C
2020-04-01 05:57:05.512759	u/Jim-my_21	fm3rrjf	u/Fascinax	fm3qlkj	C
2020-04-01 05:57:58.089647	u/epicgamer696969__69	fm3rtgs	u/Decent-Run	fm3q2u0	C
2020-04-01 05:58:08.199827	u/Dave_InCognito	fm3rto2	u/JOHNTHEBUN4	fm3hp8l	C
2020-04-01 05:58:11.128510	u/jewzon	fm3rtru	u/NuclearWalnut420	fm26sxj	C
2020-04-01 05:58:19.809031	u/EatNanSmokePan	fm3rtym	u/DaQuakeMan	fm3lefr	C
2020-04-01 05:58:45.951075	u/cjevans04	fm3rv8q	u/Enry06	fm3rtw1	C
2020-04-01 05:58:50.258727	u/OverbiteThe3rd	fm3rvdk	u/sub2_pewdiepie	fm1tysa	C
2020-04-01 05:59:21.779344	u/Chakasicle	fm3rwuk	u/Finno-Ugric	fm3hq6e	C
2020-04-01 05:59:31.647683	u/markix29	fm3rxdy	u/BITE-ZA-WARUDO	fm3ks1y	C
2020-04-01 05:59:40.296855	u/devonthecreator	fm3rxov	u/JDN05	fm1bdvt	C
