2020-04-14 11:00:32.719110	u/G4d9v6g5k	fndrggx	u/RepostSleuthBot	fndep60	C
2020-04-14 11:00:44.240062	u/POSLBB01	fndrgl5	u/Vaders-desciple_01	fndrdpg	C
2020-04-14 11:00:54.887613	u/emil2oo1	fndrgr9	u/belle87ad	fndocyx	C
2020-04-14 11:01:25.193126	u/WolvenAvalanche	fndrhn5	u/dooTaleinBONKcrisont	fndogb0	C
2020-04-14 11:01:27.598221	u/-osta	fndrhoc	u/DAMSON__3	fndrdfz	C
2020-04-14 11:01:52.099217	u/JakeLegacy	fndrikj	u/-Edu4rd0-	fnddd1l	C
2020-04-14 11:03:02.920833	u/Full_of_Chocolate	fndrkay	u/THE445GUY	fndczii	C
2020-04-14 11:03:06.087709	u/TcFir3	fndrkbo	u/Scherzokinn	fndmk8y	C
2020-04-14 11:03:24.168837	u/ParadoxUltra	fndrkp5	u/MrAlPhi	fncud3t	C
2020-04-14 11:04:33.807420	u/sllippin	fndrmu4	u/georgkingjunior8514	fndqxef	C
2020-04-14 11:04:36.937634	u/Ankwilco	fndrmxq	u/MegaGrimer	fndckih	C
2020-04-14 11:04:42.742271	u/Dillbert75	fndrmza	u/dabaker509	g16xrd	S
2020-04-14 11:06:03.173259	u/Boomdacow	fndrp71	u/DankestAncestor	fndhog3	C
2020-04-14 11:06:11.744398	u/Supericus	fndrpf5	u/DaWhiteLight	fnd7l59	C
2020-04-14 11:06:50.373912	u/hanZs0l0	fndrqp4	u/SatanOnACross	fndpd80	C
2020-04-14 11:06:59.823286	u/N0zR	fndrr41	u/RepostSleuthBot	fndep60	C
2020-04-14 11:07:04.241800	u/rap0rt3d	fndrr6a	u/everyfouryears69	fndjhq2	C
2020-04-14 11:07:14.700204	u/Dante_y_Gerald	fndrrix	u/Im-definately-human	fndrpnu	C
2020-04-14 11:07:20.817443	u/OG_Dobryak	fndrrpt	u/Blackangel466	fndrnsc	C
2020-04-14 11:07:57.817531	u/DaBoomboxDude	fndrsvt	u/hazelpaladin157	fndr8wv	C
2020-04-14 11:08:13.362459	u/blazenoob86	fndrtb8	u/VeVenteenGaming	fndrp4w	C
2020-04-14 11:08:33.162371	u/captainspikes	fndrufv	u/Abhishek_Dutta	fndojgb	C
2020-04-14 11:09:05.595151	u/PhantasmTiger	fndrw4i	u/Baen-the-shitposter	fndpddb	C
2020-04-14 11:09:10.436628	u/Kumpelblase22	fndrwc6	u/the_traveler_outin	fndrmhr	C
2020-04-14 11:09:13.156483	u/genericjoeshmoe	fndrwr2	u/NinoRino123	fndrva4	C
2020-04-14 11:09:32.201429	u/Syazwan_Anuar	fndrxuy	u/Fnzreddit	fndl5ev	C
2020-04-14 11:09:35.902623	u/IMnotMarkTheBird	fndry0l	u/tobi117	fn7vtm4	C
2020-04-14 11:09:37.347817	u/RileyX7	fndry4r	u/NOSKllL	fnd9x5o	C
2020-04-14 11:09:40.036399	u/ashcala	fndryex	u/serial_code_r	fndqlhy	C
2020-04-14 11:09:48.359619	u/thefztv	fndryrp	u/RedBoxGaming	fndk5oj	C
2020-04-14 11:09:52.278386	u/idkwhatishoudb	fndryyp	u/ThunderingSacks	g0xp0i	S
2020-04-14 11:10:39.740090	u/reslumina	fnds13h	u/Xiaodisan	fndfyk2	C
2020-04-14 11:11:15.037016	u/WEVENOM	fnds1oy	u/MoreThanNormalRegret	fndrt4t	C
2020-04-14 11:12:03.550298	u/notgamerbutplayer	fnds3g9	u/jc3av1c45kq3	fndr7g9	C
2020-04-14 11:12:35.008207	u/KeeRinO	fnds45h	u/Rieiid	fndrt4k	C
2020-04-14 11:12:38.274202	u/FuriousPro	fnds4ch	u/heivdbfjthe	fndrqm0	C
2020-04-14 11:13:27.838252	u/pakchikpakbabu	fnds5yq	u/Prestigious-Falcon	fnds0gj	C
2020-04-14 11:13:54.370211	u/Emil_Ros	fnds6of	u/WolvenAvalanche	fndrhn5	C
2020-04-14 11:16:17.301156	u/HellaLily	fndtmbo	u/E3ctr1cOsprey	fndthd6	C
2020-04-14 11:16:22.164210	u/Spoygoe	fndtmgw	u/defaultgarlicbread	fndtfny	C
2020-04-14 11:17:02.738983	u/limodo	fndtnz7	u/BossJessie	fndr0xm	C
2020-04-14 11:17:20.247959	u/RuffCriminal1997	fndtojs	u/samkuz05	fndcp5p	C
2020-04-14 11:17:31.146288	u/MechanicalChad	fndtotj	u/ralphrk1998	fndbp3d	C
2020-04-14 11:17:44.653428	u/crazycurryboy	fndtp4y	u/Bruh_Bot_	fndthm4	C
2020-04-14 11:17:59.624394	u/Lxlith_s	fndtptd	u/MrDuckMate	fndckcu	C
2020-04-14 11:18:15.240117	u/damn_dude7	fndtqeq	u/Bruh_Bot_	fndtk7c	C
2020-04-14 11:18:19.575628	u/Pocket-or-Penny	fndtqld	u/TheMangoMando	fndbfcs	C
2020-04-14 11:18:35.781425	u/EvilD3mon_	fndtqvv	u/NaniZaWarudo	fndiqwi	C
2020-04-14 11:19:02.087573	u/lugi_ow	fndtrvi	u/YeesterMcGeester	fndn38h	C
2020-04-14 11:19:07.585801	u/MrBreadslice	fndtrwk	u/Moon_knight45	g12cgy	S
2020-04-14 11:19:10.691055	u/grian1fan	fndts5o	u/i-LLuXXion	fn6b3bl	C
2020-04-14 11:19:19.019397	u/folevovich	fndtsh6	u/Ihavenoid3a	fndt1f2	C
2020-04-14 11:19:45.717903	u/Catnapo	fndttti	u/RepostSleuthBot	fndofcj	C
2020-04-14 11:19:53.994238	u/webbeee	fndtug3	u/Reddituser9003	fndakg3	C
2020-04-14 11:20:15.419822	u/ffatty	fndtvod	u/iconoclast63	fndtnll	C
2020-04-14 11:21:27.457848	u/nervousmelon	fndty7m	u/RepostSleuthBot	fndtpjs	C
2020-04-14 11:21:50.137479	u/memevaddar	fndtytt	u/Apock247	fndplit	C
2020-04-14 11:22:16.987278	u/AWSMxx	fndu09w	u/The-Litlle-Pineapple	fndpuk9	C
2020-04-14 11:22:31.993108	u/AppleTwist_	fndu0qt	u/henriquecs	fndbgsn	C
2020-04-14 11:22:45.143761	u/TheWajo	fndu123	u/GeneraI_Kenoboi	fndjj6b	C
2020-04-14 11:23:07.951734	u/noapoll	fndu1x5	u/RedNoodleHouse	fndpfj4	C
2020-04-14 11:24:29.098866	u/TobiasX2k	fndu45f	u/The_Drop_Bear_	fndos7p	C
2020-04-14 11:24:33.040348	u/Raze_Bang	fndu46j	u/That_lag_Thot	fndtsiz	C
2020-04-14 11:25:46.189464	u/insultmeifgay	fndu6vl	u/whoooosh-if-u-gay	fndtjy7	C
2020-04-14 11:26:12.394928	u/shartinurpants	fndu82b	u/RebelPoetically	fndfpz1	C
2020-04-14 11:26:26.283872	u/Verreault00	fndu8p4	u/RepostSleuthBot	fndi4v5	C
2020-04-14 11:26:42.306042	u/FizieAve	fndu9d4	u/Syazwan_Anuar	fndrxuy	C
2020-04-14 11:26:55.636945	u/JacobSaysMoo56	fndu9k9	u/Koppdiesel	fndu804	C
2020-04-14 11:27:09.314573	u/sir_ramen	fndu9xs	u/SlavicRaptor	fncxlo9	C
2020-04-14 11:27:27.938672	u/Rabenblau666	fnduajv	u/hahanoobo3o	fndtuqy	C
2020-04-14 11:27:32.921346	u/fortunate_renee	fnduale	u/kryotheory	fndoe51	C
2020-04-14 11:27:46.200695	u/JorritBP	fndub2i	u/supreme_leader1	fnds0zj	C
2020-04-14 11:28:31.996314	u/TheOneNOnlyRabbit	fndud2w	u/Egon3008	fndnsk8	C
2020-04-14 11:28:37.051403	u/AodhanMacC	fnduddo	u/AidanIsMe	fndqvma	C
2020-04-14 11:28:54.138353	u/CyplexGaming	fndue9m	u/Skididilidoodle	fndu5z2	C
2020-04-14 11:29:01.342220	u/eidoK1	fndueis	u/Jazzyjeff2005	fndsllh	C
2020-04-14 11:29:06.213987	u/Gandalf-has-no-feet	fndueql	u/PhantomFrontier	fndjoa9	C
2020-04-14 11:29:13.048357	u/beansmelesheinz	fndueyo	u/Skididilidoodle	fndu5z2	C
2020-04-14 11:29:16.631829	u/spookerd	fnduf74	u/Bruh_Bot_	fndtt6d	C
2020-04-14 11:29:33.621395	u/No_Itz_Rly_Me	fndufpb	u/2ski114uMSA	fndt79e	C
2020-04-14 11:29:40.351840	u/ChaChaMull	fndufxc	u/LordDraco781	fle9p0s	C
2020-04-14 11:29:55.669893	u/AllTh3WayTurntUp	fndugyb	u/hahanoobo3o	fndtm4r	C
2020-04-14 11:29:59.919769	u/i-mean-y-even	fnduhgp	u/Aromatic_Cygnus	fnddvd0	C
2020-04-14 11:30:14.538596	u/PaanuriEater	fnduho2	u/LordOfSun55	fndquiy	C
2020-04-14 11:30:46.289521	u/Gamemeister18	fnduild	u/LazerKhan	fndlhrn	C
2020-04-14 11:30:58.572293	u/eberlix	fnduisd	u/ABessa3Ds	fndr30f	C
2020-04-14 11:31:07.425849	u/YourMomGay202	fnduiyx	u/Scorpionbutwithaface	fndp97o	C
2020-04-14 11:31:47.224643	u/Infinity-69420-Comp	fndujza	u/RobinKissinger	fnd5qm1	C
2020-04-14 11:32:27.070370	u/weedbus68421	fndul3v	u/cocoaaddictcinephile	g17ald	S
2020-04-14 11:32:44.535748	u/Flonkt	fndulhu	u/azrulqos	fndqssj	C
2020-04-14 11:33:04.259204	u/EvenAH27	fndulyx	u/Worst_L_Giver	fnduh4i	C
2020-04-14 11:33:16.460215	u/Un0penJarofstuff	fndumdy	u/soymerluza	fndlnm2	C
2020-04-14 11:33:26.576908	u/Benis2498	fndumse	u/CeruleanSilphy	fnd8rqi	C
2020-04-14 11:33:34.256608	u/_YoYoMaster64_	fndun72	u/i_like_dank_meme	fndjx37	C
2020-04-14 11:34:06.997089	u/hayleybts	fnduoeq	u/WH02J03	fndok89	C
2020-04-14 11:34:12.102296	u/ganeshashwin_	fnduohb	u/bloub_bloub	fndlzue	C
2020-04-14 11:34:21.975384	u/_deltaVelocity_	fnduotu	u/KittenOnHunt	fndbfb8	C
2020-04-14 11:34:32.720970	u/Fair_Leg	fndup7l	u/Firegames26	fndug9x	C
2020-04-14 11:35:05.932209	u/AnonymousTXMale	fnduq7a	u/NOOB_MASTER_696	fndl3y2	C
2020-04-14 11:35:11.898373	u/t0ast3r_b4th	fnduqez	u/Respect_Paying_Bot	fndtbo0	C
2020-04-14 11:36:52.988452	u/TwstdPrtzl	fnduu6e	u/Bruh_Bot_	fnduh7h	C
2020-04-14 11:36:56.588459	u/dashingethan	fnduu98	u/potatoyeeter420	fndojbj	C
2020-04-14 11:37:01.533033	u/famous_bread	fnduuc5	u/fluffers_the_unicorn	fndt5ee	C
2020-04-14 11:37:39.204546	u/TransPeopleSuck	fnduvme	u/SentientDumpster	fndpiiz	C
2020-04-14 11:37:59.271587	u/Existential_OOF	fndw61q	u/azrulqos	fndqe3m	C
2020-04-14 11:38:11.614946	u/Smashtastic27	fndw6yz	u/TheMarksMen0973	fndo0pv	C
2020-04-14 11:38:17.696034	u/olaka-1	fndw73j	u/dabaker509	fndw3z4	C
2020-04-14 11:38:43.975083	u/LordTrython	fndw7xj	u/an_unknown_dragon	fndvidh	C
2020-04-14 11:38:55.365359	u/Lack_of_Plethora	fndw8bj	u/SeNoR_LoCo_PoCo	fndn0wq	C
2020-04-14 11:39:14.696549	u/CrispSucc	fndw9ck	u/tittysprinkles112	fnd36o6	C
2020-04-14 11:39:35.228942	u/UnkownArty13	fndwatk	u/GuyFieri1043	fnccadz	C
2020-04-14 11:39:41.121045	u/P3doo_MeatStick	fndwayo	u/Aleksandrs_	fndw89d	C
2020-04-14 11:39:44.650346	u/MCUniversity	fndwbi2	u/KingOfMemes1233	fndqwzd	C
2020-04-14 11:39:46.869687	u/thebestyoucouldget	fndwbwi	u/Mistic-Instinct	fndue6r	C
2020-04-14 11:39:51.851330	u/weaponed	fndwc4c	u/P4RTY-K1D	fndn9zw	C
2020-04-14 11:39:52.520503	u/soviet_marksman	fndwc62	u/Firegames26	fnduud5	C
2020-04-14 11:40:01.269581	u/420thc6969	fndwd4n	u/hitmanchess	fndkmbh	C
2020-04-14 11:40:32.595796	u/Rammamann	fndwdrh	u/Ihmisboi	fndux5k	C
2020-04-14 11:40:45.702383	u/jamlamthejamlord	fndwdz1	u/Aspergic_Raven	fndl3s6	C
2020-04-14 11:41:09.167792	u/Landminecraft	fndwelx	u/whatislove2019	fndw7rw	C
2020-04-14 11:41:35.046759	u/stoner_daddy0012	fndwf4d	u/BearWurst	fndvva1	C
2020-04-14 11:41:48.507720	u/derpking173	fndwfk4	u/Rusty_Garlic	fndrvpl	C
2020-04-14 11:41:56.074024	u/Kira_278	fndwfpg	u/Fearless_Capital	fndw7jf	C
2020-04-14 11:42:29.154375	u/stoner_daddy0012	fndwg9t	u/Ricman22	fndvwjw	C
2020-04-14 11:42:41.014595	u/iFafnir	fndwgro	u/EarthTrash	fndd0cg	C
2020-04-14 11:42:44.314214	u/not_a_milk_drinker	fndwgty	u/ZAPZack	fndod82	C
2020-04-14 11:43:39.145265	u/stoner_daddy0012	fndwi1g	u/Ricman22	fndwd7u	C
2020-04-14 11:43:59.670274	u/Ahmedh_Aaqil	fndwisi	u/bread_eater_0	fndufpy	C
2020-04-14 11:44:57.565873	u/NarwhalDane	fndwkp8	u/ArisRuins	fndn1b0	C
2020-04-14 11:45:13.283661	u/locnaipydrz	fndwlhe	u/AnakinsShowerDrain	fndwhhn	C
2020-04-14 11:45:59.119552	u/guan_yan	fndwmu8	u/Bruh_Bot_	fndveim	C
2020-04-14 11:46:27.560699	u/AwakenThemToLive	fndwnlu	u/TheBiggestBoom5	fndw8rf	C
2020-04-14 11:46:32.011796	u/KingRalphKlein	fndwnne	u/kongerlonger	fnduora	C
2020-04-14 11:46:50.653832	u/Retro_Pizza_Gamer	fndwoqs	u/Wolfy03-44	fndv7nt	C
2020-04-14 11:47:27.705784	u/b-r-u-h-h-	fndwq5b	u/Beaned_Oreo	fnd450v	C
2020-04-14 11:47:35.035776	u/Bambyss01	fndwq88	u/Kasper513	fndvusv	C
2020-04-14 11:47:39.761119	u/ZeroExp000	fndwqbi	u/marpoksma	fndnk7k	C
2020-04-14 11:47:41.545498	u/ZeroExp000	fndwqbu	u/11annguyen	fndsmsu	C
2020-04-14 11:48:26.465075	u/lemon_james1	fndwrks	u/Elijah-Bell	fndwnft	C
2020-04-14 11:49:26.432529	u/handlessuck	fndwukf	u/jacob_l_42	fndwr2f	C
2020-04-14 11:49:39.938965	u/Sebastian294	fndwvay	u/EvilD3mon_	fndtqvv	C
2020-04-14 11:49:42.598978	u/Bharadwaj_Vaddadi	fndwvhj	u/Supah_McNastee	fndl2c9	C
2020-04-14 11:49:57.319268	u/ScornOfTheMoon	fndwwo5	u/CM_1	fndtat4	C
2020-04-14 11:50:01.896385	u/ReZTune	fndwwvn	u/HotgunColdheart	fndtg9u	C
2020-04-14 11:50:11.732829	u/bluesharkw	fndwx3b	u/YeeNuggt	fndwnke	C
2020-04-14 11:50:17.222516	u/icyflames12356	fndwx3w	u/NickpaskGR	fndusst	C
2020-04-14 11:50:28.813600	u/StormLightRanger	fndwxj2	u/-Edu4rd0-	fnddd1l	C
2020-04-14 11:50:34.420918	u/SuspiciousMee	fndwxlt	u/DragonSlayer9292	fndw8es	C
2020-04-14 11:51:09.097164	u/BlueEyesLoliHentai	fndwyk9	u/mr-dani	fndw7jg	C
2020-04-14 11:52:00.655906	u/PeriastronX	fndwzvj	u/penwellr	fnc8t0q	C
2020-04-14 11:53:07.424521	u/PeriastronX	fndx1m8	u/ifureadthisugae	fnbnoxq	C
2020-04-14 11:54:20.293215	u/spotify_playlists	fndx3m8	u/Aspen_Alabaster	fndw87r	C
2020-04-14 11:54:37.355562	u/AamannQVDouze	fndx40b	u/Thebigcheese-2	fndullv	C
2020-04-14 11:55:38.455805	u/gap_0058	fndx64w	u/moisesv336	fncyl21	C
2020-04-14 11:55:51.642193	u/WE3DUCKs	fndx6ln	u/RealHuman3001	fndu85h	C
2020-04-14 11:55:55.723319	u/olaka-1	fndx6sh	u/dabaker509	fndwxi0	C
2020-04-14 11:56:52.649291	u/Ravwyn	fndx8yd	u/KittenOnHunt	fndb3hm	C
2020-04-14 11:57:48.271099	u/tomlenainbeauf	fndxbba	u/piuamaster	fndmq4o	C
2020-04-14 11:58:25.079121	u/RickyR0lled	fndyil5	u/Artonioo	fndg06w	C
2020-04-14 11:58:33.682845	u/Kibasume	fndyiri	u/Foxnos	fndomfp	C
2020-04-14 11:58:35.215795	u/FakeRealityyy	fndyirp	u/Bruh_Bot_	fnd5aya	C
2020-04-14 11:59:09.613373	u/ObungaObama	fndyjcl	u/mysteryman151	fndcv1w	C
2020-04-14 11:59:26.477897	u/FakeRealityyy	fndykbw	u/Bruh_Bot_	fndsbym	C
2020-04-14 11:59:28.883797	u/SimonTheisen	fndykkt	u/Terrento	fndrsi8	C
2020-04-14 11:59:35.953709	u/12cryinghorses	fndyl4j	u/MrMinticuz	fndw3rq	C
2020-04-14 11:59:46.230901	u/UselessMelon7	fndylcf	u/SatanOnACross	fndybi8	C
2020-04-14 11:59:50.508915	u/GabaReceptors	fndylqw	u/JDPhoenix-8632	fndmn99	C
