2020-03-28 08:00:50.765282	u/1080pquality	flqj4v8	u/BrotherSucc	flqcd2u	C
2020-03-28 08:01:11.010981	u/TheFloridaMan_	flqj68b	u/Emperor_O_Memes	flqj0ku	C
2020-03-28 08:01:22.141224	u/GreatInternationale	flqj6lt	u/dragondom23675	flqhxry	C
2020-03-28 08:01:41.740640	u/HanabiHyuga3104	flqj78n	u/DarkArrowNew52	flpge1l	C
2020-03-28 08:02:10.904008	u/ExecuteArgument	flqj8gc	u/Portal4life	flq85ez	C
2020-03-28 08:02:25.531943	u/fernanchistera	flqj8op	u/leraellas	flqikli	C
2020-03-28 08:02:27.753465	u/Dont-Censor-Hentai	flqj8ou	u/Meowdy336	flpelue	C
2020-03-28 08:02:49.908897	u/taken_username15	flqj979	u/Val_yrie_Blip	flqiu0g	C
2020-03-28 08:02:53.195799	u/TimeWarp101	flqj98w	u/Tock_Sick_Man	flqchej	C
2020-03-28 08:03:07.841803	u/Krissu3212	flqj9wl	u/Mr_GriM4A2	flqh472	C
2020-03-28 08:03:24.540627	u/WeebicOtaku	flqjae1	u/PyroBlaze202	flqee0f	C
2020-03-28 08:03:33.277702	u/reaper123888	flqjasq	u/NoobSwifty	flqibva	C
2020-03-28 08:04:22.514785	u/Miki42069	flqjctf	u/Raghav_J_Sankar	flpzucl	C
2020-03-28 08:04:41.921049	u/JupperTV	flqjdi4	u/NotSoPhun	flpwd8y	C
2020-03-28 08:04:44.974822	u/Bocadillo90	flqjdle	u/Azour_	flqcmm0	C
2020-03-28 08:05:01.746329	u/NF_Arsenic	flqje33	u/HyperionDraws	flqh9oi	C
2020-03-28 08:05:07.786795	u/Drhomie	flqjeap	u/LysanderJulius	flqipn5	C
2020-03-28 08:05:15.954333	u/LuciusHorelius	flqjeg8	u/Shotplay24	flq994x	C
2020-03-28 08:05:43.947331	u/chirothespearow	flqjfjf	u/dragoncraft9855	flqijk4	C
2020-03-28 08:06:06.493111	u/Gorgorathiasz	flqjg67	u/StanStach	flqe881	C
2020-03-28 08:06:11.458899	u/Hxffnung	flqjgbt	u/Hellwolf19_1_007	flqh3u7	C
2020-03-28 08:06:46.549959	u/pepeisstillsad	flqjhvr	u/Sefa96	flqiohg	C
2020-03-28 08:06:49.327620	u/Rodoron	flqji2w	u/-BlasterMan-	flqhbir	C
2020-03-28 08:07:10.804262	u/FreakyChickenMeti	flqjj71	u/MAGIC_EYE_BOT	flqjapv	C
2020-03-28 08:07:12.591289	u/GodIsMakingUsSuffer	flqjj86	u/jcbref	flqj16h	C
2020-03-28 08:07:20.416973	u/DeltaSlime	flqjikb	u/Gubq	fl5lyk4	C
2020-03-28 08:07:33.279669	u/feffie_	flqjjev	u/RepostSleuthBot	flq6jql	C
2020-03-28 08:07:51.494945	u/Desarmada	flqjk87	u/FBI_Agent_69	flqeibo	C
2020-03-28 08:07:56.560966	u/ToastyTheNormie	flqjkgv	u/Shithead-mayo	flqgynh	C
2020-03-28 08:08:04.655391	u/NiVi01	flqjkqm	u/OoopsAlreadyTaken	flqgdaj	C
2020-03-28 08:08:14.229995	u/JackTheRipper774	flqjk06	u/Flame_Draconic	flqjf6c	C
2020-03-28 08:08:31.182888	u/Extreme-Napper	flqjloi	u/goodybooy	flqjjky	C
2020-03-28 08:08:36.973851	u/jacob_farquhar_	flqjm3v	u/TsonK	flqjlbl	C
2020-03-28 08:08:44.503219	u/sidd_1311	flqjm90	u/mahaduk2212	flqgplm	C
2020-03-28 08:09:00.308130	u/JohnC134	flqjmxz	u/polkalana	flqho2b	C
2020-03-28 08:09:05.092738	u/CoopPlayer	flqjn43	u/DragoDoctor67	fl5k6ca	C
2020-03-28 08:09:11.050955	u/Minty_Crayfish	flqjmvx	u/BRADDERZ2K8	flqjdtr	C
2020-03-28 08:09:27.696950	u/billiebloojeans	flqjnsu	u/_jungshook_	flqbxrl	C
2020-03-28 08:09:54.336398	u/naxatra	flqjosc	u/Caleb2103	flq9u02	C
2020-03-28 08:10:12.057828	u/realjotri	flqjp7t	u/Mommedik	flqeaaj	C
2020-03-28 08:10:43.122190	u/Aaron135205	flqjqe6	u/sadlarry99	flqjcxq	C
2020-03-28 08:11:28.930329	u/I-KilledWicksDog	flqjrzg	u/Syrinx_Temple_Priest	flqjd0f	C
2020-03-28 08:11:48.077062	u/Albarnie	flqjrhb	u/ToastyTheNormie	flqjkgv	C
2020-03-28 08:11:53.960740	u/charmandaaa	flqjrmf	u/LysanderJulius	flqipn5	C
2020-03-28 08:12:00.809562	u/thisOneGuy1210	flqjs3h	u/Aduritor	flqigu7	C
2020-03-28 08:12:18.195135	u/__Soy_sauce_	flqjsoa	u/MadChild2033	flqgeya	C
2020-03-28 08:12:43.243919	u/Zix_Workshop	flqjtof	u/ThatYellowElephant	flqhesn	C
2020-03-28 08:13:01.678517	u/JearTheMudkip	flqjugq	u/UUYTK	flqjtbv	C
2020-03-28 08:14:50.901589	u/Killerworm1403	flqjymv	u/De5perad0	flqihk9	C
2020-03-28 08:15:05.660700	u/Tuxmando	flqjz0f	u/DaHerv	flq2t9g	C
2020-03-28 08:15:13.137609	u/CheckY0self	flqjzer	u/GodComplexAthsmatic	flq55vk	C
2020-03-28 08:15:25.674325	u/NiutonBtw	flqjzug	u/ThunderingSacks	fq22pj	S
2020-03-28 08:15:45.312714	u/f_ypsilonnn	flqk05j	u/NotSoPhun	flpwd8y	C
2020-03-28 08:15:49.358120	u/ArtoriasTBF	flqk091	u/moojc	flpzg4l	C
2020-03-28 08:16:23.542404	u/Action9086	flqk1j3	u/packle-kackle	flqj9rl	C
2020-03-28 08:16:31.345438	u/GentlemanMars	flqk1tf	u/Tomatenpastij	flqivb5	C
2020-03-28 08:16:51.853453	u/that-sharpie-girl-13	flqk2ip	u/racerfree	flpy9ux	C
2020-03-28 08:17:05.857029	u/LW22TP	flqk36m	u/Miki42069	flqjctf	C
2020-03-28 08:17:45.587780	u/bassampp	flqk4so	u/Shisui66	flqihym	C
2020-03-28 08:17:57.334355	u/Jayhawk501	flqk57c	u/Miki42069	flqjctf	C
2020-03-28 08:18:04.591530	u/55hackfire55	flqk5dl	u/lugan_pall	flq8tkj	C
2020-03-28 08:18:16.109191	u/4mbrox	flqk61a	u/tylernelson71515	flqgulu	C
2020-03-28 08:18:19.516593	u/Soloat25	flqk67g	u/Dorks-domain	flpu41g	C
2020-03-28 08:18:35.451968	u/SirtCantasi	flqk730	u/fordust	flqjxwp	C
2020-03-28 08:18:36.957946	u/PUBGenius9	flqk73g	u/Jazzinarium	flqe75b	C
2020-03-28 08:19:01.582882	u/sarah_is_awkward	flqk7ty	u/Kerao_cz	flqehv2	C
2020-03-28 08:19:09.660928	u/ThinkHamReal	flqk86s	u/unsectable	flqjptx	C
2020-03-28 08:19:18.824380	u/Krum3L	flqk8d4	u/safwan6	flqjfxi	C
2020-03-28 08:19:30.407282	u/m_lads	flqk8xq	u/Parnell28	flqdhif	C
2020-03-28 08:19:49.910783	u/bookwormcho3	flqk9nb	u/GravityFallsChicken	flpi9h1	C
2020-03-28 08:19:52.421129	u/anti-rickroll-bot	flqk9n2	u/TheBiebs107	flqk9fb	C
2020-03-28 08:20:07.649205	u/MrKnIVXX	flqka9n	u/Raine7711	flqicw7	C
2020-03-28 08:20:27.935719	u/MarcusChapmanHere	flqkaw6	u/shadow_xx360	flq9yy5	C
2020-03-28 08:20:40.523851	u/DankRitzz	flqkbb1	u/vnca2000	flqidz6	C
2020-03-28 08:20:43.933299	u/eskimoexplosion	flqkbee	u/Zafk13l	flqjmtc	C
2020-03-28 08:20:55.326200	u/ReazanLycan	flqkbtn	u/monachia	flqk19t	C
2020-03-28 08:21:14.842168	u/satisfaction100	flqkcgb	u/NotAJInnit	flqi43v	C
2020-03-28 08:21:21.828013	u/WarriorYT01	flqkcng	u/Erkkiberkki-	flqh0la	C
2020-03-28 08:21:29.213703	u/cheeky117	flqkcz8	u/bluehatgamingNXE	flqiapy	C
2020-03-28 08:21:37.068298	u/bennnr101	flqkd7u	u/scp-REDACTED-site14	flphzwo	C
2020-03-28 08:21:43.698225	u/KillerFrog35	flqkday	u/Tovarisch_Pootis	flqfq8k	C
2020-03-28 08:22:16.799836	u/shadow_girl-666	flqketk	u/willclerkforfood	flqge9q	C
2020-03-28 08:22:32.208985	u/B0T_KILLER	flqkfbq	u/SarcasticSarco	flqd4if	C
2020-03-28 08:22:39.001319	u/Potatus-Tetanus	flqkfnr	u/-EzWaY-	flqh3oj	C
2020-03-28 08:22:47.768488	u/hot_polarbear	flqkfvt	u/SirtCantasi	flqk730	C
2020-03-28 08:22:54.368865	u/SproutBoy	flqkga4	u/Originalname57	flqk395	C
2020-03-28 08:23:18.516079	u/bigpersonality420	flqkfid	u/Get-Vectored	flqj7bu	C
2020-03-28 08:23:23.796641	u/A35K	flqkgaf	u/NotSoPhun	flpwd8y	C
2020-03-28 08:23:32.498120	u/Joce_G	flqkgwi	u/Kami103	flqjv5n	C
2020-03-28 08:23:34.642735	u/george2020gr	flqkgwy	u/Noah_Salk	flqcfw4	C
2020-03-28 08:23:42.784309	u/KingKrispy47	flqkh28	u/TheBiebs107	flqk9fb	C
2020-03-28 08:24:52.723293	u/_pink_viking_	flqkjrq	u/Manzar534	flqk3mz	C
2020-03-28 08:25:18.362906	u/hippocrips10	flqkkys	u/Thehan2004	flqkaqz	C
2020-03-28 08:25:25.507503	u/DagonWorshipper1234	flqkl3i	u/Fqrb	flqkjtm	C
2020-03-28 08:25:32.782923	u/anbreddit	flqkl8i	u/Jayhawk501	flqk57c	C
2020-03-28 08:26:02.837673	u/Ambient-Lightning	flqkmfm	u/KingConduit	flq9bpf	C
2020-03-28 08:26:07.778125	u/Digital_001	flqkmjg	u/extantbuffalo	flqkbxc	C
2020-03-28 08:26:16.407232	u/TheLegendOfPoopiepie	flqkmo3	u/_pink_viking_	flqkjrq	C
2020-03-28 08:26:18.383156	u/BMZchecksout	flqkmoi	u/4_FJX	flqjbha	C
2020-03-28 08:26:22.253788	u/KuroMomiji	flqkmyu	u/just-a-dude69	flqi6n4	C
2020-03-28 08:26:32.952633	u/marvinsadroid	flqknia	u/MPRO_REDDIT	flqiqs0	C
2020-03-28 08:26:41.459081	u/Rough-Juggernaut	flqknso	u/pavilionhp_	flofdat	C
2020-03-28 08:27:19.941963	u/Jac0b1am	flqkp5t	u/Dont-read-this-	flqkmdl	C
2020-03-28 08:27:38.087986	u/DarthNox2212	flqkq16	u/AutoModerator	flqkm29	C
2020-03-28 08:27:44.395445	u/FireStrike5	flqkq9k	u/Plagueis2689	flqhoi1	C
2020-03-28 08:28:06.631273	u/Zactery	flqkrgb	u/zombie5layer249	flq78zc	C
2020-03-28 08:28:24.794615	u/saregg	flqkpsl	u/anbreddit	flqkl8i	C
2020-03-28 08:29:18.271535	u/hello7945	flqkrvj	u/Jamez1132	flqf0ob	C
2020-03-28 08:29:29.427308	u/Pwnage_Peanut	flqkugv	u/areeyeteeeyekay	flqbug7	C
2020-03-28 08:29:41.023259	u/ChxsenOne11	flqkv1o	u/altermeetax	flqikpz	C
2020-03-28 08:30:12.577799	u/CaptnKarisma	flqkw1f	u/spankmasterXXL	flqkoke	C
2020-03-28 08:30:29.091500	u/CristianIFR	flqkwla	u/viviuhs	flqfy8t	C
2020-03-28 08:30:33.698389	u/salaciouscrumb77	flqkwvk	u/Ak_Jumper_942	flqkoq5	C
2020-03-28 08:30:37.150109	u/lee_ryan21	flqkww3	u/Azour_	flqbv1w	C
2020-03-28 08:30:56.895840	u/armstrong-1997	flqkxnk	u/Weird_ace	flqk1fh	C
2020-03-28 08:31:20.672874	u/Faraoban	flqky83	u/Auxst-_-	flqiklz	C
2020-03-28 08:31:22.950107	u/CowboyJames12	flqky9o	u/ShabalabaBangbang	flqjova	C
2020-03-28 08:31:37.457241	u/Typ_Psychopath	flqkyrd	u/abaker3392	flqh5cc	C
2020-03-28 08:31:51.855252	u/Sikey26	flqkz7k	u/Xploiter_RBLX	flof64e	C
2020-03-28 08:31:56.690332	u/4BIGAEL	flqkzco	u/ShabalabaBangbang	flqk51s	C
2020-03-28 08:32:11.994799	u/veryToaster	flqkzw7	u/lilshort14	flpp3l5	C
2020-03-28 08:32:30.984081	u/bufffirespirits	flql0lh	u/129Magikarps	flqkjbg	C
2020-03-28 08:32:49.030441	u/PoetuldinCer	flql1al	u/CaptnKarisma	flqkw1f	C
2020-03-28 08:32:59.427702	u/TQSol	flql1w4	u/spademanden	flqkzz5	C
2020-03-28 08:33:03.779901	u/lukak2002	flql1yv	u/cunthunter19	flqkr9x	C
2020-03-28 08:33:12.921085	u/Gfdx9	flql28w	u/Bergengod	flpw876	C
2020-03-28 08:33:39.210594	u/thiccesthanos69	flql3iz	u/Da_MEME_GOD42069	flqik4k	C
2020-03-28 08:33:46.135658	u/Uniopin	flql3sp	u/Daelony	flqjmm7	C
2020-03-28 08:34:01.690567	u/JoseVonGeburtstag	flql48l	u/PsionLion2K1L	flqgzus	C
2020-03-28 08:34:08.217801	u/krispytom	flql4ip	u/StRaNgEoPtIoN	flq3nei	C
2020-03-28 08:34:12.699823	u/jasserzayyad	flql4k5	u/EpicMemer100	flqhazn	C
2020-03-28 08:34:17.992764	u/hajke5	flql4uz	u/mikmenni	flq4exd	C
2020-03-28 08:34:26.925547	u/gianniacquisto	flql59i	u/Respect_Paying_Bot	flqksnq	C
2020-03-28 08:34:37.872799	u/st_jimmy_02	flql5gw	u/Suessgott_Olli	flqcjqm	C
2020-03-28 08:34:41.169461	u/SarkXannYCS	flql5jr	u/Anoukjuuh	flqihct	C
2020-03-28 08:34:51.475013	u/Drawmaster63	flql64h	u/LysanderJulius	flqipn5	C
2020-03-28 08:35:12.920136	u/Merbel01	flql75b	u/Ac_DrAgOn_	flq7oqg	C
2020-03-28 08:35:39.164617	u/AntoineCGH	flql837	u/AK24ROCKS	flqfkmb	C
2020-03-28 08:35:44.313420	u/yallmama56	flql875	u/da_pro_guy	flqkze2	C
2020-03-28 08:35:48.275424	u/Justin2552	flql8fu	u/hot_polarbear	flqkfvt	C
2020-03-28 08:36:06.172681	u/Devils-Pray	flql95p	u/im_a_disco_dancer	flqga31	C
2020-03-28 08:36:18.322398	u/wassimsleiman	flql9w9	u/yallmama56	flql875	C
2020-03-28 08:36:45.966015	u/ravenboy74	flql9xh	u/m_lads	flqk8xq	C
2020-03-28 08:36:56.503643	u/MrMcBigDick	flqlai4	u/Layble	flqfa9s	C
2020-03-28 08:37:02.523673	u/Justafellowbean	flqlasl	u/Dudexploring	flqg0gu	C
2020-03-28 08:37:06.480255	u/tottalynotameme	flqlauq	u/TickleDuckFeathers	flql6zs	C
2020-03-28 08:37:15.243244	u/just_that_kid56	flqlbf2	u/ax121212	flqcip7	C
2020-03-28 08:37:23.721875	u/Xx_SlyTommy_xX	flqlbtt	u/function158	flql27q	C
2020-03-28 08:37:33.411242	u/stippen4life	flqlccs	u/bassampp	flqk4so	C
2020-03-28 08:37:35.216919	u/y2k24	flqlcfz	u/spankmasterXXL	flqkrvn	C
2020-03-28 08:38:20.668519	u/AEALO12	flqldw7	u/cunthunter19	flqkr9x	C
2020-03-28 08:38:27.212795	u/Ebabu2020	flqle2k	u/NotSoPhun	flpwd8y	C
2020-03-28 08:38:33.676412	u/Yamazaz	flqlegq	u/taki_guy	floy6qx	C
2020-03-28 08:38:36.990635	u/Matkos6	flqlehh	u/NotSoPhun	fqdhac	S
2020-03-28 08:38:57.590018	u/lipo01980	flqlfbh	u/evan_720	flq1h88	C
2020-03-28 08:39:17.451498	u/FancytheKiller	flqlfbb	u/MarcusChapmanHere	flql0i3	C
2020-03-28 08:39:19.408707	u/Babouille_bern	flqlfxw	u/DennisThiha	flqksxe	C
2020-03-28 08:39:24.620437	u/davidsellars124	flqlgke	u/LW23301	flqk3o2	C
2020-03-28 08:39:31.666407	u/Baby_Yoda_Sucks_24-7	flqlh3f	u/R_Zamo360	flqgf2z	C
2020-03-28 08:39:49.891907	u/Ninsinanna	flqlhq0	u/anbreddit	flqkl8i	C
2020-03-28 08:40:09.365400	u/TimeForBlitzkrieg115	flqli90	u/Pinchurchin-guy	flqbpxl	C
2020-03-28 08:40:46.356083	u/hooman_adi	flqljgx	u/thanis_jpg11	flqha2o	C
2020-03-28 08:41:04.337274	u/Arcus009	flqlkez	u/spademanden	flqlga3	C
2020-03-28 08:41:14.459032	u/Triple_A8X	flqlkrv	u/HyperionDraws	flqhdrk	C
2020-03-28 08:41:57.593616	u/Love-Me-or-Hate-Me	flqllu7	u/NOT_Confirmed	flpkmsa	C
2020-03-28 08:42:32.955774	u/ApexSimon	flqln72	u/7u4ucr	flqkiyu	C
2020-03-28 08:42:42.396599	u/Jkmao	flqlneu	u/HamuAP	flqllfj	C
2020-03-28 08:42:44.642291	u/No-User4931	flqlnf8	u/CattyBr44	flqkced	C
2020-03-28 08:42:58.778343	u/NaxxD	flqlny1	u/123oreoman	flqjdbm	C
2020-03-28 08:43:07.405656	u/caburped	flqlobg	u/AlbinoAlphaWaffle	flqhqae	C
2020-03-28 08:43:18.896149	u/Murlwurf	flqloo1	u/L0pina	flqleo8	C
2020-03-28 08:43:21.097664	u/wwphoenix1	flqlotq	u/tylernelson71515	flqgulu	C
2020-03-28 08:43:25.615784	u/rFireforce	flqlouw	u/Bungeal	flppvb0	C
2020-03-28 08:43:34.136251	u/bigouncprostretfella	flqlp25	u/cpt_Chiken	flqhjj7	C
2020-03-28 08:43:49.262656	u/ShadoGamerx2	flqlpmv	u/PM_ME_SMOL_BOOBERS	flpq3tg	C
2020-03-28 08:43:53.552690	u/caburped	flqlpq2	u/CheckY0self	flqjzer	C
2020-03-28 08:44:00.126429	u/RankZistheBoi	flqlpyo	u/LGND_Fallen	flqand1	C
2020-03-28 08:44:04.847854	u/H_Lister_	flqlpzl	u/AyeGravyy	flqfr1m	C
2020-03-28 08:44:10.323109	u/victor_rafih	flqlq1y	u/Daoi1273	flqhp5t	C
2020-03-28 08:44:40.094008	u/blumpkinspiced_latte	flqlqsf	u/NoobNooberson86	flqlku1	C
2020-03-28 08:45:15.635517	u/Frostbyte437	flqls6s	u/gianniacquisto	flql59i	C
2020-03-28 08:45:33.874579	u/randomkid19	flqlt4v	u/Arcus009	flqlkez	C
2020-03-28 08:45:42.668063	u/mitynho	flqlta3	u/-Listening	flqfrvb	C
2020-03-28 08:46:11.561138	u/Appalachain-royalty	flqlu3v	u/fat_tony031	flqegwp	C
2020-03-28 08:46:20.474619	u/settingdogstar	flqlufa	u/-Alpha_Wolfz-	flqcf8d	C
2020-03-28 08:46:37.372515	u/SpyingFuture	flqluyn	u/Your-Doom	flqi7j2	C
2020-03-28 08:46:54.368425	u/Mimichu_best_girl	flqlvro	u/NotSoPhun	flpwd8y	C
2020-03-28 08:47:45.647708	u/NeburButBackwards	flqlxww	u/RepostSleuthBot	flqhzvb	C
2020-03-28 08:48:07.198330	u/Serial_Killer_PT	flqlz49	u/Cpt_Swivelchair	flqj8hj	C
2020-03-28 08:48:18.620312	u/StagedImpala	flqlzl0	u/lukak2002	flqjtrd	C
2020-03-28 08:48:20.201672	u/domingerique	flqlzme	u/7u4ucr	flqkiyu	C
2020-03-28 08:48:25.043580	u/euphoriia___	flqlzqk	u/jasserzayyad	flql5tc	C
2020-03-28 08:48:34.771939	u/Shi-Rokku	flqm0so	u/Spanish-Inquistion	flpqb97	C
2020-03-28 08:48:46.829833	u/Bunbun_Mcgee	flqm169	u/armstrong-1997	flqkxnk	C
2020-03-28 08:49:20.248070	u/OrangeSheep12	flqm2yn	u/Calypso_Penelope	flqly6k	C
2020-03-28 08:49:29.835018	u/WearyEntertainment3	flqm3nm	u/Azour_	flqcmm0	C
2020-03-28 08:49:55.234455	u/Zaxcott	flqm4r1	u/Dudexploring	flqfa6l	C
2020-03-28 08:50:13.572809	u/Hirutenko	flqm5mc	u/satisfaction100	flqkcgb	C
2020-03-28 08:50:22.148456	u/Introllsiveness	flqm5ri	u/deadusmemeus	flql05m	C
2020-03-28 08:50:28.172647	u/watschnchef	flqm65y	u/05Lidhult	flqm4wn	C
2020-03-28 08:50:31.695603	u/Pretator	flqm69f	u/7u4ucr	flqkiyu	C
2020-03-28 08:50:35.096694	u/Melon_Egg	flqm6cj	u/RepostSleuthBot	flqhlln	C
2020-03-28 08:50:37.380307	u/jokujo_	flqm6cx	u/ogulsadi	flqe5br	C
2020-03-28 08:50:45.387468	u/LTheF	flqm6le	u/Not_ElmoTron	flqf5rt	C
2020-03-28 08:50:53.989565	u/YeeT1007	flqm6sn	u/TickleDuckFeathers	flqltno	C
2020-03-28 08:51:09.545651	u/sw-5229-4156-1320	flqm702	u/JealousDog99	flqm1oi	C
2020-03-28 08:51:48.825639	u/Trodax	flqm882	u/jacksavage706	flqd6mo	C
2020-03-28 08:51:53.266858	u/alexanderfuck	flqm8bh	u/Mexpotato	flqm0oq	C
2020-03-28 08:51:59.340267	u/ulikejazzzz	flqm8ic	u/lugan_pall	flq8tkj	C
2020-03-28 08:52:18.235224	u/TirangleCat	flqm952	u/Pretator	flqlzii	C
2020-03-28 08:52:25.477510	u/Miquel-02	flqm96l	u/MrLonely821	fqgm18	S
2020-03-28 08:53:17.550938	u/Sarlos_Isten	flqmawi	u/da_pro_guy	flqlr9c	C
2020-03-28 08:53:25.158806	u/Jwgt32	flqmb4r	u/FBI_Agent_69	flqej25	C
2020-03-28 08:53:31.222157	u/joey1504	flqmb9x	u/iliveforsnacks	flqm1uk	C
2020-03-28 08:53:41.847035	u/Lactic123	flqmbv2	u/WearyEntertainment3	flqm3nm	C
2020-03-28 08:53:45.008686	u/The1579	flqmbzi	u/TirangleCat	flqm7qu	C
2020-03-28 08:53:54.920375	u/StaticGamesLevi	flqmccx	u/Ninsinanna	flqlhq0	C
2020-03-28 08:54:09.392121	u/Itz_Xavierr	flqmd36	u/ttracs149	flq896w	C
2020-03-28 08:54:11.524451	u/Subderhenge	flqmd3r	u/dummybricksrian	flqb9y3	C
2020-03-28 08:54:27.682977	u/rusty_bike-yt	flqmdkn	u/PandaPotatoGod	flqmcb5	C
2020-03-28 08:54:31.820681	u/fiddle_the_donkey69	flqmdu6	u/IHKGOG	flqjzbs	C
2020-03-28 08:54:40.785548	u/bolingoling	flqme52	u/CheeriodudeL45	flqlscd	C
2020-03-28 08:55:06.795308	u/jorisjumper108	flqmeyk	u/ItsNotARubiksCube	flqm2rs	C
2020-03-28 08:55:36.896424	u/Kue7	flqmft1	u/Ac_DrAgOn_	flq5iuf	C
2020-03-28 08:55:48.667414	u/D3M1N35TY	flqmgf9	u/ORGeraedts	flqhz8r	C
2020-03-28 08:55:56.384070	u/NounsAndWords	flqmgtr	u/frozenn_butter	flnvmsy	C
2020-03-28 08:56:09.017627	u/quackfcuk68	flqmh95	u/Jack-Yow	flqlohm	C
2020-03-28 08:56:13.855335	u/lungshenli	flqmhc3	u/Bugatti_Cuda	flqm50f	C
2020-03-28 08:56:27.467743	u/jl0xd	flqmhoj	u/Amour4L1fe	flqmbhh	C
2020-03-28 08:56:41.617264	u/serinaluna	flqmi2z	u/leaderofthevirgins	flpxkgd	C
2020-03-28 08:56:43.520438	u/dank-sans	flqmi4x	u/hdjfug	fl8f9ef	C
2020-03-28 08:56:46.298984	u/4n1mu5v0x	flqmi7l	u/Krum3L	flqk8d4	C
2020-03-28 08:56:48.147425	u/Drackenstein	flqmi8x	u/TirangleCat	flqlk1e	C
2020-03-28 08:57:01.082515	u/Minh1905	flqmj0g	u/NienieDreamer	flqee8r	C
2020-03-28 08:57:31.324568	u/Basketball312	flqmk8e	u/gxgamex	flpy4m3	C
2020-03-28 08:58:00.071539	u/flmceccato	flqml9z	u/NotSoPhun	flpwd8y	C
2020-03-28 08:58:25.807270	u/BipOrBoop	flqmmyo	u/st_jimmy_02	flql5gw	C
2020-03-28 08:58:31.330364	u/LimeTheParakeet	flqmn93	u/Luk164	flqmmf6	C
2020-03-28 08:58:47.767438	u/knowutimem	flqmo4x	u/_DarkAnxiety	flqmljg	C
2020-03-28 08:58:54.632670	u/bobthebuilder_5	flqmolf	u/Devils-Pray	flql95p	C
2020-03-28 08:59:00.079798	u/Severe-War	flqmovv	u/ParadiseUniverse	flqlqmv	C
2020-03-28 08:59:03.653224	u/MahoneyBear	flqmoxz	u/CheeriodudeL45	flqlv2l	C
2020-03-28 08:59:11.816856	u/sa54	flqmp9m	u/Azour_	flqbv1w	C
2020-03-28 08:59:37.090212	u/KrustyFrank27	flqmqt8	u/TrainLad10	flqi75q	C
2020-03-28 08:59:52.845819	u/NotVeryTastyCake	flqmqso	u/AutoModerator	flqmkkb	C
