2020-04-03 20:00:06.828050	u/PonzorusMaximus	fmd24a0	u/Parnell28	fmd0tty	C
2020-04-03 20:00:20.665172	u/ArcticWizard14	fmd24ar	u/Hemlock_Deci	fmd22qm	C
2020-04-03 20:00:34.287882	u/anthyfield9	fmd24p0	u/Noyoureblind	fmao2du	C
2020-04-03 20:01:00.710765	u/Troll-Hunter27	fmd2555	u/MunchyCrunchyy	fmcsbec	C
2020-04-03 20:01:15.350932	u/miscellaneous_face	fmd25i6	u/Im_a_Cheese	fmczvgz	C
2020-04-03 20:01:30.888818	u/Menno1555	fmd25pw	u/joegnar	fmcy58u	C
2020-04-03 20:02:58.091346	u/lilklone	fmd28gt	u/pente5	fmd0vkz	C
2020-04-03 20:03:13.106162	u/Faint101	fmd28pl	u/genital_rot	fmcren2	C
2020-04-03 20:03:20.974808	u/tacogamer0	fmd28zb	u/lilslickwilly69	fl95lw5	C
2020-04-03 20:04:23.307448	u/Warkan47	fmd2b9q	u/Deathbysnusnubooboo	fmcug47	C
2020-04-03 20:04:45.412819	u/MyDogPeesCoke	fmd2bov	u/flyingshark111	fmd0n9r	C
2020-04-03 20:05:18.600147	u/g_wazowski	fmd2d10	u/pickle-chin-boi6969	fmd1u6o	C
2020-04-03 20:05:20.907086	u/snowybluecap	fmd2d4b	u/joegnar	fmcy58u	C
2020-04-03 20:05:32.464057	u/alexd34	fmd2dqy	u/Aeryaa	fmca8yk	C
2020-04-03 20:06:23.473198	u/UnluckyScorpion	fmd2fq8	u/polystyr	fmd1g6l	C
2020-04-03 20:08:10.431280	u/Rice_Banana2	fmd2jxu	u/_Xx_ShadowHunter_xX_	fmco9mf	C
2020-04-03 20:08:29.278422	u/kingwillisV	fmd2kty	u/PATTG2020	fmcxswu	C
2020-04-03 20:08:32.787919	u/Sachees	fmd2l04	u/el_hirmo	fm7s4yj	C
2020-04-03 20:08:39.491147	u/Squidnick32	fmd2l06	u/Novice-Memer	fmcu1t3	C
2020-04-03 20:08:59.549888	u/JeffsaysYeet	fmd2lte	u/imgunnadoamurder	fmcuq90	C
2020-04-03 20:09:37.358944	u/abiscuitabaskets	fmd2o2b	u/Yurishirox	fmcv1gw	C
2020-04-03 20:09:49.587472	u/JellyFishSenpai	fmd2oi5	u/PancakeFace97	fmd2kla	C
2020-04-03 20:09:59.010081	u/Mrixl2520	fmd2psl	u/EXCAL1IBER	fmcsijk	C
2020-04-03 20:11:39.345522	u/RadioactiveBull	fmd2se0	u/kokorikhidir	fmcu1f5	C
2020-04-03 20:12:47.668098	u/gacha_boi_godly	fmd2u92	u/clutchrocker	fmd1y4r	C
2020-04-03 20:12:52.210209	u/Telesilla16	fmd2uai	u/Heinjy	fmd2p3h	C
2020-04-03 20:13:10.744683	u/Honk-PeaceWasNever	fmd2uz9	u/mrgopher17	fmcvtbj	C
2020-04-03 20:13:58.545015	u/chrisaed	fmd2wuk	u/merryjooana	fmd282y	C
2020-04-03 20:14:15.091188	u/Mikkel1905	fmd2x9a	u/TigMast3r	fmd2nzk	C
2020-04-03 20:14:52.667456	u/xX__Gamer69420__Xx	fmd2yml	u/i-dont-know-again	fmd2vr1	C
2020-04-03 20:15:09.203941	u/Stormystudio	fmd2z15	u/MrGatsbyy	fmcerk5	C
2020-04-03 20:15:36.011505	u/shotgun-octopus	fmd2zu3	u/Beeeracuda	fmd1703	C
2020-04-03 20:15:44.214327	u/ElleIsHere-	fmd3073	u/BLAMPS09	fmd2vl9	C
2020-04-03 20:17:30.827546	u/Imconfusedithink	fmd3424	u/CyberneticFennec	fmcxu6z	C
2020-04-03 20:17:32.783654	u/_Vividee	fmd3463	u/ballofnegativity	fmd11gi	C
2020-04-03 20:17:53.178919	u/formerlyasknown	fmd34gd	u/Warkan47	fmd2b9q	C
2020-04-03 20:17:58.337762	u/justalittleparanoia	fmd34hy	u/DeepFriedEggz	fmcptpl	C
2020-04-03 20:18:19.408877	u/DAS_KAIZEN	fmd35kb	u/AM2K2000	fmd06bl	C
2020-04-03 20:18:21.256718	u/Secret_Agent77	fmd35m1	u/Penor5994	fmcx36x	C
2020-04-03 20:19:09.536763	u/marti52106	fmd381d	u/KillerWhale01	fmd2zsk	C
2020-04-03 20:19:21.215914	u/BearAnimal	fmd38j1	u/Kubera-372	fmcpcqj	C
2020-04-03 20:19:54.925839	u/BillyYumYumTwo-byTwo	fmd3afp	u/CyberneticFennec	fmcxu6z	C
2020-04-03 20:20:45.647809	u/That1Phantom	fmd3d3n	u/LetTheGopnikSleep	fmbg5ts	C
2020-04-03 20:20:51.145775	u/Ellozer_YZ	fmd3d4w	u/the_crippledpencil	fmcv0mc	C
2020-04-03 20:21:40.866084	u/who_tf_cares_123	fmd3eni	u/youpviver	fmctvef	C
2020-04-03 20:21:57.858795	u/Botty_mcbotface	fmd3f4i	u/Beeeracuda	fmd1703	C
2020-04-03 20:22:48.746475	u/ThunderStorm964	fmd3h3d	u/ButtsPie1	fmcxen1	C
2020-04-03 20:23:10.822868	u/TheQKnight	fmd3hmk	u/NOTAPERSON10	fmagiz6	C
2020-04-03 20:24:49.506180	u/wet-towel1	fmd5gyt	u/End_Of_The_Line101	fmd4vpz	C
2020-04-03 20:24:56.091991	u/-ChabuddyG	fmd5haa	u/MyDogPeesCoke	fmd4ueg	C
2020-04-03 20:25:09.181493	u/kcp132	fmd5hxg	u/bengalsfu	fmcw9fh	C
2020-04-03 20:25:37.924753	u/Carranbieri	fmd5iwa	u/1BLEES	fuj4qb	S
2020-04-03 20:25:41.048401	u/RatSmacker69420	fmd5j1z	u/GamersLikeMeAreNerds	fmd0jj7	C
2020-04-03 20:26:00.752115	u/OneTooManyEffort	fmd5joa	u/BillyYumYumTwo-byTwo	fmd3afp	C
2020-04-03 20:26:33.910791	u/QuantumZer0o	fmd5kld	u/RadioactiveBull	fmd2se0	C
2020-04-03 20:27:06.715554	u/ronaldmcdonald69420	fmd5lqg	u/imgunnadoamurder	fmcuq90	C
2020-04-03 20:27:19.273352	u/arbyssaucepack	fmd5m4h	u/nameofanuser	fmd4jso	C
2020-04-03 20:27:40.889921	u/Walterhammond782	fmd5n65	u/imgunnadoamurder	fmcuq90	C
2020-04-03 20:28:09.668758	u/chef-beaker	fmd5nwe	u/meaux253	fmd5hww	C
2020-04-03 20:28:34.014768	u/MarkDaMeat	fmd5pb8	u/Andrei-O	fmcnsyq	C
2020-04-03 20:28:35.784847	u/SuperSnarfy	fmd5pf1	u/poorly_timed_fuck	fmd294x	C
2020-04-03 20:29:26.107447	u/kawss1013	fmd5rjo	u/Wazzledoop	fmd15es	C
2020-04-03 20:29:31.715661	u/randomassname0120	fmd5rsy	u/Wazzledoop	fmd15es	C
2020-04-03 20:29:42.754024	u/HedgeappleGreen	fmd5s3f	u/AM2K2000	fmd38cy	C
2020-04-03 20:29:44.407461	u/getera1	fmd5s5a	u/xxMC_Marlaxx	fmd1vw2	C
2020-04-03 20:29:54.548752	u/DJToxtricity	fmd5slo	u/weirdchild62	fmd5jqj	C
2020-04-03 20:29:56.818734	u/ciphermenial	fmd5sth	u/IHaveFoodOnMyChin	fmd4dmv	C
2020-04-03 20:30:19.946335	u/l8rpig	fmd5tom	u/ChrisTheGopher	fmbxnmr	C
2020-04-03 20:30:28.969181	u/KJaeger1998	fmd5ttc	u/apolloladdie	fmcze6p	C
2020-04-03 20:30:33.365060	u/luizhtx	fmd5tti	u/CensoredColour	fmcvkzb	C
2020-04-03 20:30:40.014590	u/CatsBgood	fmd5txu	u/_Xx_ShadowHunter_xX_	fmco9mf	C
2020-04-03 20:30:59.263810	u/e_ddi_e	fmd5ubq	u/garvin1313	fmd572q	C
2020-04-03 20:31:05.042148	u/Mark30177	fmd5ueh	u/TigMast3r	fmd33dl	C
2020-04-03 20:31:56.534962	u/KoopaTroopa710	fmd5vos	u/BigBrainlittlepenis	fmd1f85	C
2020-04-03 20:32:17.048737	u/Greenebean1717	fmd5wnd	u/BigBrainlittlepenis	fmd1f85	C
2020-04-03 20:33:28.328553	u/mirceacretu	fmd5yzd	u/TheCelestialEquation	fmd5pk2	C
2020-04-03 20:34:13.624391	u/WhyyyCam55	fmd609l	u/CRM2018	fmcnbyl	C
2020-04-03 20:34:21.865934	u/TheBeardedAntt	fmd60s7	u/babalinobaba	fmd53ku	C
2020-04-03 20:34:24.969994	u/VIDMAN_theman	fmd60yj	u/Dubbleduck	fmd48a3	C
2020-04-03 20:35:52.688726	u/tonytonix	fmd631r	u/somethingelseyt88	fm99tt2	C
2020-04-03 20:36:10.374335	u/shyervous	fmd63i0	u/AJ-Naka-Zayn-Owens	fubie4	S
2020-04-03 20:36:48.541722	u/D3xri	fmd64bs	u/RepostSleuthBot	fmd62e4	C
2020-04-03 20:36:59.233602	u/FullyMammoth	fmd64o0	u/eke2023	fmd47dh	C
2020-04-03 20:38:15.930444	u/lol-ur-mom-made-u	fmd66xp	u/Captain_Jorik	fubd19	S
2020-04-03 20:38:33.902866	u/rafatoshi	fmd67kt	u/Delicious_PowerLine	fmcfrck	C
2020-04-03 20:38:51.785734	u/rnjzzz	fmd68a0	u/UnholyPrognosi	fmcyy14	C
2020-04-03 20:39:20.715247	u/its_not_underrated	fmd69l4	u/Mathvegan	fmd69h1	C
2020-04-03 20:39:24.309840	u/LuWulfhardt	fmd69oa	u/YoWhatTheDuck	fmd65xc	C
2020-04-03 20:39:44.306203	u/hamsterorgy69	fmd6aw9	u/lilchonk69	fmcdl7e	C
2020-04-03 20:39:59.485942	u/Jackdog1105	fmd6bw6	u/gingenado	fmd1iev	C
2020-04-03 20:40:32.554316	u/GodSlayer225	fmd6cu2	u/imgunnadoamurder	fmcuq90	C
2020-04-03 20:40:51.753227	u/Nutboi9-11	fmd6de9	u/imgunnadoamurder	fmcuq90	C
2020-04-03 20:40:54.120953	u/WookieeCookiee01	fmd6dg9	u/Rockman307	fmd5op6	C
2020-04-03 20:41:05.823465	u/rolo_007	fmd6di4	u/CuriousCaleeb	fmd1qaa	C
2020-04-03 20:41:09.237593	u/VirtualEsenceYT	fmd6dk1	u/DrumsFromDemaOnYT	fjt1kq1	C
2020-04-03 20:41:24.853543	u/Tudi23	fmd6e23	u/whereismyfriend21	fmd57uf	C
2020-04-03 20:42:02.884104	u/bluehawaiimind	fmd6fa9	u/dash2731	fmcsv2u	C
2020-04-03 20:43:22.353400	u/Quroko	fmd6h9l	u/ARNisUsername	fmcmlm4	C
2020-04-03 20:44:02.345350	u/Shadow-disk	fmd6img	u/poorly_timed_fuck	fmd6g1b	C
2020-04-03 20:45:03.283897	u/_Grimble	fmd6kih	u/YaboiPeenz	fmd5btw	C
2020-04-03 20:45:09.270256	u/Hozay89	fmd6kpz	u/Rick_Has_Royds	fmd5pm9	C
2020-04-03 20:45:51.442769	u/alexli2050	fmd6m2r	u/small_giraffe37	fmd5ugz	C
2020-04-03 20:46:09.856394	u/ScumlordAzazel	fmd6nab	u/The_Greate_Pickle	fmd5q39	C
2020-04-03 20:46:16.465784	u/sourapplejax	fmd6nfq	u/Unkn0wn_Ace	fmd39pz	C
2020-04-03 20:46:59.646317	u/Ghostknight89	fmd6pmg	u/A_casual69	fmbsbbp	C
2020-04-03 20:47:15.682799	u/Supergold13	fmd6puv	u/SAVAGE-DOGG	fmazvcu	C
2020-04-03 20:47:37.824818	u/UnfurnishedPotato	fmd6qr6	u/S3NP41-N071C3-M3	fmcpr23	C
2020-04-03 20:47:58.238966	u/DeathSquad2098	fmd6s9d	u/MagicMonkey667	fmd5n8w	C
2020-04-03 20:49:16.963614	u/cosmotrippin	fmd6wd7	u/Azair_Blaidd	fmd33ax	C
2020-04-03 20:49:31.882675	u/boyfoster	fmd6x8u	u/ElPapo131	fmczi1m	C
2020-04-03 20:49:33.164788	u/damnittkyle	fmd6xdr	u/Yugthffhhdgcfg	fmd29nq	C
2020-04-03 20:49:35.523926	u/kaleb270	fmd6xlz	u/Fellstormlord	fmd6vvd	C
2020-04-03 20:49:36.776541	u/Snikket	fmd6xnd	u/FeFiFoPinky	fmaotcc	C
2020-04-03 20:49:39.821359	u/Baberaham_Linncoln	fmd6y15	u/ozymandias-js	fmd5vj0	C
2020-04-03 20:50:00.118384	u/sobasicallyfurryalt	fmd6zqe	u/tommyblinddeaf	fmctsif	C
2020-04-03 20:50:06.580299	u/HornetPoison	fmd6zt7	u/CacklettasMinion	fmcwqz9	C
2020-04-03 20:50:29.092889	u/EGG_LOAF	fmd70cz	u/_Sasuke	fmd1vp1	C
2020-04-03 20:52:31.312191	u/kilasto	fmd73dp	u/TheQuantumPikachu	fmd2odn	C
2020-04-03 20:52:44.864604	u/fishfamily	fmd73tg	u/straight_outta_bed	fmcpzr1	C
2020-04-03 20:52:47.101467	u/IDontDoGames12	fmd73ys	u/okandy03	fmbribb	C
2020-04-03 20:53:30.654152	u/PeePeePooPoo1019	fmd74xo	u/LordDraco781	fle9p0s	C
2020-04-03 20:54:38.035334	u/UristMcDoesmath	fmd77rf	u/_Vividee	fmd3463	C
2020-04-03 20:54:43.035043	u/Potato0nFire	fmd77t8	u/imgunnadoamurder	fmcz811	C
2020-04-03 20:56:29.192869	u/GREENgriffinYT	fmd7byw	u/1tsNeverLupus	fmcvypw	C
2020-04-03 20:57:22.605896	u/WorldOfGumby	fmd7d5d	u/toomuchtACKtical	fmd7a84	C
2020-04-03 20:58:17.580953	u/rihan2005	fmd7e6x	u/TheCheeseBroker	fmd52uy	C
2020-04-03 20:58:29.536361	u/Beatlead	fmd7efl	u/Proverbs_27_17	fmcnv02	C
2020-04-03 20:58:54.173364	u/purplecitybirdgang05	fmd7f1h	u/ManBoi885	fmd6t1x	C
2020-04-03 20:59:06.095638	u/afro_tazz	fmd7fhr	u/FlowingFrog04	fmd79ns	C
2020-04-03 20:59:24.629323	u/ModrnDayMasacre	fmd7fvu	u/sobasicallyfurryalt	fmd6zqe	C
2020-04-03 20:59:33.598270	u/Brookenium	fmd7g5m	u/devex04	fmcysdq	C
2020-04-03 20:59:40.868232	u/babycheesefingers	fmd7geq	u/beaniskazinus	fmd7dxl	C
