2020-04-12 05:01:24.726683	u/Hevelius_	fn5z17b	u/Bruhmoment4029	fn5myuy	C
2020-04-12 05:01:29.088047	u/antiseer360	fn5z18j	u/get180d	fn448w9	C
2020-04-12 05:03:13.069168	u/Dante2215	fn5z2lp	u/pilledsweatshirt	fn5vtna	C
2020-04-12 05:04:41.916979	u/JawsJon	fn6027p	u/TheCheshireSlut	fn5z8v6	C
2020-04-12 05:05:33.594464	u/Ugliest_Handsome	fn6030j	u/dankertankerboi	fn5ffou	C
2020-04-12 05:05:56.429158	u/Tonionitoklan	fn603g2	u/Celestial_Dragon123	fn5zedy	C
2020-04-12 05:06:11.376013	u/damhaniddu123	fn603ob	u/rance_kun	fn5pj2b	C
2020-04-12 05:06:16.188489	u/extreme_memelord	fn603ub	u/-randoms-	fn5wxmv	C
2020-04-12 05:06:21.105733	u/Evening_Silver	fn603vm	u/Xx_pusssyslayer_xX	fn5kkjj	C
2020-04-12 05:06:55.685603	u/TheWaterIsFine82	fn604ii	u/miniyellow	fn5zkko	C
2020-04-12 05:07:03.940479	u/hot_chesse_milk	fn604p0	u/yeetmynutz360degree	fn603iy	C
2020-04-12 05:07:58.481472	u/boiledlegs	fn605ml	u/vghouse	fn5eqp5	C
2020-04-12 05:08:23.968573	u/kindaBlurry	fn60668	u/1ns4n3_88	fn5t8i5	C
2020-04-12 05:08:28.488713	u/musluman_papaz	fn606cm	u/charadreemurrbr	fn5zp1y	C
2020-04-12 05:08:46.925544	u/Creativevan	fn606jw	u/nuclear-shocker	fn5yq4n	C
2020-04-12 05:08:54.460244	u/jorgomli	fn606lb	u/Will_Kirkwood98653	fn5xrxw	C
2020-04-12 05:09:02.357030	u/Decent_Compound	fn606ps	u/jaw_daw123	fn5d3cr	C
2020-04-12 05:09:12.272505	u/juulharvester	fn606xo	u/reallyrileyyy	fn5yk5f	C
2020-04-12 05:09:23.792113	u/Endreeyy	fn60766	u/imfishdonteatme	fn5kok4	C
2020-04-12 05:09:50.041057	u/Insanity1504	fn607p9	u/Neat-Paleontologist	fn5y21j	C
2020-04-12 05:09:56.841833	u/_xXPUSSYSLAYERXx_	fn607vq	u/Unequal_Trex	fn54uk3	C
2020-04-12 05:10:35.494810	u/TheBarkestSide	fn608g0	u/NegevExploits	fn5txth	C
2020-04-12 05:10:38.808404	u/agwoml	fn608h8	u/bunnywithahammer	fn5zxyf	C
2020-04-12 05:11:03.313497	u/aposmas	fn608nw	u/NegevExploits	fn5txth	C
2020-04-12 05:11:26.380423	u/Iamindeedthewalrus	fn60934	u/DerDrachey	fn600cs	C
2020-04-12 05:12:20.876510	u/MRJokk95	fn60a7i	u/WillyRedditAlready	fn5xd9q	C
2020-04-12 05:13:23.829189	u/TomsMustace	fn60b79	u/Chickfizz-eats-memes	fn609hp	C
2020-04-12 05:14:11.762059	u/xExplicitGamerx	fn60bwl	u/SB6P897	fn5udac	C
2020-04-12 05:15:02.209782	u/kwesi_eb	fn60cv9	u/CorrosiveToxicz	fn5xz4c	C
2020-04-12 05:16:07.905220	u/tupciganin	fn60dq6	u/warptwenty1	fn5z98g	C
2020-04-12 05:16:17.341427	u/DictatorInPerpetuity	fn60dsx	u/Koozzie	fn609ca	C
2020-04-12 05:16:21.746553	u/sChWaBeNkInG	fn60dvu	u/airmyless	fn600u2	C
2020-04-12 05:16:40.848621	u/Walmeister55	fn60eas	u/Markus-but-with-a-c	fn5zwoo	C
2020-04-12 05:16:56.902218	u/AccomplishedTale73	fn60egu	u/lead-pencil	fn5wszi	C
2020-04-12 05:17:00.564269	u/bloopmister1992	fn60ehh	u/NateTheNooferNaught	fn60dh0	C
2020-04-12 05:18:24.902198	u/thesagya	fn60g1s	u/RaTheRealGod	fn5znp5	C
2020-04-12 05:18:50.338604	u/The_Drakin_	fn60gg0	u/Eden_T17	fn5zder	C
2020-04-12 05:19:05.022036	u/Speedy62335	fn60gmg	u/Bruh_Bot_	fn60fqn	C
2020-04-12 05:19:18.897825	u/CelestialAsian	fn60gwa	u/Yurishirox	fn4lp13	C
2020-04-12 05:19:28.271594	u/RinMinato	fn60gyo	u/weaintfancy42069	fn60es3	C
2020-04-12 05:19:32.116436	u/Synthistic	fn60gz7	u/JVHazard	fn60foh	C
2020-04-12 05:19:46.569629	u/happy-husky1234	fn60h94	u/sChWaBeNkInG	fn60dvu	C
2020-04-12 05:19:48.733609	u/Hilko96	fn60h9k	u/weaintfancy42069	fn60es3	C
2020-04-12 05:19:54.304283	u/Helios_Bloodmoon	fn60hgn	u/FFalcon_Boi	fmvto9b	C
2020-04-12 05:19:59.884984	u/JohnHitler99	fn60hr8	u/How_art_thou_fallen_	fn5p4ql	C
2020-04-12 05:20:22.465368	u/_salad_queen_	fn60i1h	u/LonesomePancake	fzqxjy	S
2020-04-12 05:20:27.969121	u/Severe-Engine	fn60i2j	u/MuchEfficiency1	fn5wdgb	C
2020-04-12 05:22:49.769083	u/IcyDeath011	fn60ko2	u/FlavioSkotiXx	fn5whe7	C
2020-04-12 05:22:53.881806	u/carrefourmoscow	fn60kub	u/Ethan11223	fn5c1u3	C
2020-04-12 05:23:30.974148	u/WolffeCrow	fn60laa	u/DictatorInPerpetuity	fn60dsx	C
2020-04-12 05:23:55.262807	u/Jax22YT	fn60lqz	u/sumlamekid	fn5qi3u	C
2020-04-12 05:24:17.619018	u/Pop-Tart_Queen	fn60m32	u/imfishdonteatme	fn5kok4	C
2020-04-12 05:24:30.921683	u/Sergeantleo47	fn60mf4	u/BigMood42069	fn5q4n8	C
2020-04-12 05:24:37.835813	u/sir0jacobfiala	fn60mje	u/Crimeboss37	fn5ujc2	C
2020-04-12 05:24:52.327141	u/LostDogBK	fn60msp	u/Medical_Laughter	fn5rcwn	C
2020-04-12 05:25:25.112133	u/DaRavingRoman	fn60mzf	u/tupciganin	fn60dq6	C
2020-04-12 05:25:56.346914	u/Kaylie_draws	fn60nf0	u/RohanDeLama	fn5vvmb	C
2020-04-12 05:26:23.033870	u/Creeemi	fn60nvy	u/hash-slingin-slashur	fn60mkp	C
2020-04-12 05:26:25.857868	u/PrememberYT	fn60nxb	u/teosNut	fn60bpp	C
2020-04-12 05:26:27.852723	u/CrackedOutSuperman	fn60ny5	u/thatsawholeassbaby	fn5696q	C
2020-04-12 05:26:58.519561	u/djdogshit96	fn60ohy	u/SGT-York-	fn5y4lx	C
2020-04-12 05:27:07.770248	u/chicken-nugget-yum	fn60ort	u/AratrikD	fn5onaa	C
2020-04-12 05:27:27.761714	u/FlyingHigh1905	fn60p4o	u/Bruh__69_420_moment	fn5wk2f	C
2020-04-12 05:27:45.457323	u/lolamichlr97	fn60pin	u/WorshipperofPandas	fn5v0a2	C
2020-04-12 05:27:56.974608	u/M0rdan	fn60prk	u/SGT-York-	fn5y4lx	C
2020-04-12 05:29:05.106810	u/Andreiyutzzzz	fn60r0v	u/Xypher1337	fn5wi6u	C
2020-04-12 05:29:39.558882	u/Charly-fco	fn60sgz	u/Virtual-Playground	fn5zeer	C
2020-04-12 05:29:45.739427	u/ElliotFranckeiss	fn60sx7	u/RedditDude2k	fn5zul9	C
2020-04-12 05:30:00.216858	u/Benji________	fn60tct	u/DrBag	fn5zg01	C
2020-04-12 05:30:56.684723	u/shachar-golan	fn60u3k	u/dog-lover3	fn5unos	C
2020-04-12 05:32:43.207419	u/tpt30	fn60vlp	u/owen_0525	fn60tjf	C
2020-04-12 05:33:01.701049	u/tpt30	fn60vzj	u/owen_0525	fn60tjf	C
2020-04-12 05:33:22.725332	u/SuperGlitchyLogan	fn60wa4	u/Hexellent3r	fmqq9ow	C
2020-04-12 05:33:40.719767	u/Svanteboitv	fn60wqf	u/radical-tubular	fn60hrc	C
2020-04-12 05:34:35.289970	u/XxHoodedGamerxX	fn60xv4	u/spooky17YTYT	fn60vo1	C
2020-04-12 05:34:41.568453	u/NotCosmicScum	fn60y0n	u/StickyDoughBall	fm3nsse	C
2020-04-12 05:34:54.791572	u/Erago3	fn60y73	u/Creeemi	fn5ze8k	C
2020-04-12 05:34:56.871364	u/danielultra	fn60y8n	u/scared_old_woman	fn60qdx	C
2020-04-12 05:35:18.325192	u/Jek_727	fn60yln	u/Notachairsofter	fn5ew2x	C
2020-04-12 05:36:37.457245	u/NotAPsychonaut	fn60zqm	u/happy-husky1234	fn60h94	C
2020-04-12 05:37:38.119500	u/Medolica	fn610my	u/advanttage	fn5m10r	C
2020-04-12 05:37:42.031784	u/VideoStarTheRadio	fn610o2	u/p24p1	fn5ijnh	C
2020-04-12 05:37:55.849124	u/Gamer_Geo	fn610vz	u/fualtyzane	fn5hjko	C
2020-04-12 05:38:23.701974	u/AmazonBBQ	fn611kz	u/an602tsar	fn5x4ig	C
2020-04-12 05:38:41.203068	u/ThePsychicBunny	fn611w6	u/_Wubawubwub_	fn60olu	C
2020-04-12 05:38:43.515719	u/ScumbagScotsman	fn611x5	u/modsplzdontbanthis	fn600tf	C
2020-04-12 05:39:11.150712	u/Itsm0i	fn612gj	u/Elmo-On-Drugs	fn5s366	C
2020-04-12 05:39:13.325584	u/RussianVodka69	fn612kc	u/Wadamek	fn5l99i	C
2020-04-12 05:39:22.759893	u/TheRealJawad99	fn6131d	u/VaritCohen	fn5yj9y	C
2020-04-12 05:39:38.181450	u/01izol007	fn613ps	u/_Wubawubwub_	fn60olu	C
2020-04-12 05:40:00.056440	u/inconitoboiii	fn6205x	u/Thewonderlords	fn5y2rk	C
2020-04-12 05:40:36.388094	u/Deepthoughttts	fn620he	u/miniyellow	fn605hw	C
2020-04-12 05:40:53.033195	u/lookwhostalkin6969	fn620ln	u/RepostSleuthBot	fn5zj1b	C
2020-04-12 05:42:40.816177	u/Madgeery	fn6223f	u/mee-stoopeed	fzn4aw	S
2020-04-12 05:43:26.984907	u/xplodingturtle	fn622pr	u/Erik_DoeRustig	fn61982	C
2020-04-12 05:44:32.099578	u/Frank_Lam	fn623s4	u/Dovahkiin314159	fn5whcy	C
2020-04-12 05:45:01.121993	u/MemeLord2468	fn6243g	u/LukeBlockwalker69	fn5yyuw	C
2020-04-12 05:45:11.749446	u/Vento5886	fn6248y	u/WeirdGuyStudios-Boyo	fn4gs5b	C
2020-04-12 05:45:27.178068	u/memi159	fn624ju	u/kinguwuthesecond	fn5xs5y	C
2020-04-12 05:45:35.649682	u/MotherChucker81	fn624tr	u/FOREVERMONKEYQUEEN	fn5z4za	C
2020-04-12 05:45:52.197465	u/RogueLimb	fn62513	u/NuclearWalnut420	fn5ro9f	C
2020-04-12 05:45:59.612429	u/spooky-toaster	fn6254a	u/_salad_queen_	fn60i1h	C
2020-04-12 05:46:15.181894	u/CodeMoussse	fn625bg	u/Lady-Lilithh	fn61uf0	C
2020-04-12 05:46:17.189252	u/CesarTheSanchez	fn625c9	u/-Falconheart	fn5w156	C
2020-04-12 05:46:24.671225	u/iNeedanewnickname	fn625g2	u/Crimeboss37	fn5ujc2	C
2020-04-12 05:47:29.800722	u/tworeddityboi-o	fn626np	u/AnduTR	fn4talm	C
2020-04-12 05:47:46.881979	u/Gulian_rdgd	fn626yr	u/Jimmy_Slim	fn4s4lt	C
2020-04-12 05:47:56.259778	u/ErrorCDIV	fn6274t	u/WhatuuupKrisp	fn4kwmc	C
2020-04-12 05:48:12.714025	u/DaFuxas	fn627gb	u/xenon_xenomorph	fn61a0c	C
2020-04-12 05:50:20.782118	u/MrMcrayfish27	fn6294x	u/nico256j	fn5yf13	C
2020-04-12 05:51:34.878780	u/Gerri_Scotti_	fn629vw	u/Garfield-is-Obese	fn6292i	C
2020-04-12 05:53:29.876917	u/Sloikk	fn62bew	u/Suesh43	fn51knm	C
2020-04-12 05:53:43.233055	u/flame_prncs	fn62bil	u/Fullxero	fn627eb	C
2020-04-12 05:54:10.734049	u/StonePermit	fn62bxb	u/pugsdabest	fn62b6d	C
2020-04-12 05:55:02.740769	u/UnpronounceableWords	fn62cki	u/zxhb	fn5wvbe	C
2020-04-12 05:56:32.087421	u/chewupthenswallow	fn62dlh	u/Asbjoern135	fn61zph	C
2020-04-12 05:57:16.883288	u/crusader_joe11	fn62e8x	u/pugsdabest	fn62b6d	C
2020-04-12 05:58:47.347295	u/NK_2001	fn62fzr	u/imfishdonteatme	fn5kok4	C
2020-04-12 05:58:55.028238	u/thekidwhodoesstuff	fn62g2b	u/fungigamer	fn5y7g4	C
2020-04-12 05:59:08.332737	u/VikingOfTheFrozen	fn62g80	u/Z33KO3	fn617uf	C
2020-04-12 05:59:18.370919	u/Bl4ckR3dDr4gon01	fn62gaj	u/SnowMan3103	fn60lpo	C
2020-04-12 05:59:58.369304	u/113talb	fn62hag	u/Hevelius_	fn5yi05	C
