2020-04-04 14:00:03.121906	u/SnapshillBot	fmf9fq6	u/thersheyred	fuy00h	S	N
2020-04-04 14:00:06.474266	u/AutoModerator	fmf9fqf	u/ProfessorQuack21	fuy037	S	N
2020-04-04 14:00:09.088395	u/OlivePizza	fmf9fqh	u/Swerve06	furxiy	S	I
2020-04-04 14:00:11.336398	u/D1shk	fmf9fsv	u/Goldeneye07	fuxq94	S	I
2020-04-04 14:00:15.476560	u/Miek2Star	fmf9fv0	u/coffeewithparanoia	fmeoufs	C	N
2020-04-04 14:00:22.816094	u/AutoModerator	fmf9g17	u/TON_THENOOB	fuy04n	S	N
2020-04-04 14:00:32.263290	u/blurkhjoung	fmf9g7x	u/twistedmuppet	fuu7hn	S	I
2020-04-04 14:00:43.741791	u/EliteBeast719	fmf9g8q	u/Jamesherbert24	fuxywu	S	N
2020-04-04 14:00:51.336773	u/dongyutan	fmf9g9q	u/xavi_chiang	fus626	S	I
2020-04-04 14:01:02.752101	u/Sentarr	fmf9gdl	u/imemetomuch	fuxuf7	S	I
2020-04-04 14:01:07.898080	u/adarshmark2	fmf9gfr	u/mvppedavalli0131	fmf83ma	C	N
2020-04-04 14:01:19.820970	u/Hylianpoketrainer12	fmf9ghx	u/utkubaba9581	futfxj	S	I
2020-04-04 14:01:26.967442	u/Youdonknow	fmf9gir	u/Bulldog98a1	fmf9dry	C	N
2020-04-04 14:01:38.374401	u/bloo_boi_jay	fmf9gjq	u/its_lit_fam_yery	futlfz	S	N
2020-04-04 14:01:47.560430	u/DerpyTyrantrum	fmf9gom	u/TheEgyptDog	fmf88t2	C	I
2020-04-04 14:01:55.781647	u/atticusphere	fmf9guo	u/EotEaH	fuxxu2	S	N
2020-04-04 14:02:05.743838	u/RealKingOfGermany	fmf9gvf	u/parell_fox	fundpy	S	N
2020-04-04 14:02:16.026288	u/Mr_Klazakizov	fmf9gyt	u/Therealnoobumut	fuxrjl	S	I
2020-04-04 14:02:26.276350	u/chettycheeks	fmf9h5b	u/Aluminum_Moose	fmdll1j	C	N
2020-04-04 14:02:35.434028	u/RepostSleuthBot	fmf9h80	u/FFilli	fmf9atz	C	I
2020-04-04 14:02:44.658675	u/r3dcrayon	fmf9h8f	u/kassalla	fuxob1	S	N
2020-04-04 14:02:53.835905	u/RepostSleuthBot	fmf9hdv	u/ChristmasTreeBag	fmf99bp	C	I
2020-04-04 14:03:01.985097	u/Goldeneye07	fmf9hh3	u/D1shk	fmf9fsv	C	I
2020-04-04 14:03:09.446529	u/thefairmalluguy	fmf9hld	u/AReallyHugeDik	futvez	S	I
2020-04-04 14:03:18.234122	u/Fododel	fmf9hnq	u/Allthemedals	futsls	S	N
2020-04-04 14:03:28.404866	u/kingme805	fmf9hpj	u/Kryptografik	fmf8iz2	C	I
2020-04-04 14:03:45.966489	u/VillalobosSand1	fmf9hpx	u/Hairbear04	fmf9fn8	C	I
2020-04-04 14:03:55.092978	u/WinstonSmith2015	fmf9hqn	u/scruffylaserbrain	fmesr8d	C	N
2020-04-04 14:04:05.297139	u/AutoModerator	fmf9hwu	u/J24Mc	fuy0gd	S	N
2020-04-04 14:04:14.402844	u/Outta-Control-RC	fmf9hzg	u/Victory127-YT	fmexoyc	C	N
2020-04-04 14:04:21.492875	u/Bulldog98a1	fmf9i16	u/Youdonknow	fmf9gir	C	N
2020-04-04 14:04:30.805634	u/Mystery0623	fmf9i1y	u/cArLiE506	futo15	S	N
2020-04-04 14:04:39.902382	u/GABgamer236	fmf9i56	u/European_meatball	fmf397k	C	I
2020-04-04 14:04:49.051363	u/AutoModerator	fmf9i58	u/ProfessorQuack21	fuy0im	S	N
2020-04-04 14:04:59.169979	u/nsfw164	fmf9i5p	u/FinnderRiegel	fmf1cpf	C	I
2020-04-04 14:05:07.500329	u/F___R___O___G	fmf9i6x	u/Nite_Watch3	fuxufc	S	N
2020-04-04 14:05:18.201194	u/Jack_bburn	fmf9i7m	u/earthrogue	fut3bw	S	I
2020-04-04 14:05:28.284257	u/RepostSleuthBot	fmf9i7n	u/Shef08	fmf9924	C	I
2020-04-04 14:05:37.446747	u/RepostSleuthBot	fmf9i86	u/Mark-Miller	fuwu06	S	N
2020-04-04 14:05:46.699269	u/TheFabulousQc	fmf9i8o	u/darkmodeyagami	furdlb	S	I
2020-04-04 14:05:54.850779	u/Cayde-28	fmf9ih0	u/ApexAace	fuxzqx	S	N
2020-04-04 14:06:14.762429	u/OfficialJStalin	fmf9ila	u/gucciair	fux4oh	S	N
2020-04-04 14:06:24.767696	u/MrLegal420	fmf9itt	u/DIDYOUKNOWTHATMHMYEP	fmf9ew1	C	N
2020-04-04 14:06:34.755401	u/ShidooSaan	fmf9iwg	u/brus_viljis	fmf5nph	C	I
2020-04-04 14:06:43.811424	u/SnapshillBot	fmf9ix9	u/xXILikeFoodXx	fuy0kc	S	N
2020-04-04 14:06:53.959521	u/QuakeRevolution	fmf9iyz	u/Jetideal	fux6fs	S	I
2020-04-04 14:07:02.908226	u/RepostSleuthBot	fmf9j0g	u/DestinyDroid	fmf98ra	C	I
2020-04-04 14:07:12.993957	u/SnapshillBot	fmf9j0z	u/total_analyzation	fuy0kb	S	I
2020-04-04 14:07:20.109125	u/UrKindaGei	fmf9j3d	u/TheEpic_1YT	fuvlhy	S	N
2020-04-04 14:07:32.160539	u/MyJelloJiggles	fmf9j5x	u/Tahavity	fmf83p7	C	N
2020-04-04 14:07:49.051442	u/mvppedavalli0131	fmf9j78	u/adarshmark2	fmf9gfr	C	I
2020-04-04 14:07:56.883522	u/Andarude	fmf9j7s	u/devilsanusisonfire	fmeqfrr	C	N
2020-04-04 14:08:06.492666	u/Jettyboy24	fmf9j87	u/MonsterDiotic	fuskyz	S	I
2020-04-04 14:08:26.260367	u/sukkerdrengen	fmf9j88	u/DeafDuckling12	fme0sug	C	I
2020-04-04 14:08:37.050204	u/Blooky_911	fmf9jb5	u/jurassicparkandmemes	fmf8asc	C	N
2020-04-04 14:08:45.143562	u/NSG_Ghost	fmf9jhr	u/Mohammed_satar	fusabj	S	N
2020-04-04 14:08:55.016453	u/NeffHEHEBOI	fmf9jl5	u/EliotHudson	fuxtax	S	I
2020-04-04 14:09:03.650053	u/Magius1954	fmf9jmx	u/chuggyoftheussr	fmf8ujn	C	I
2020-04-04 14:09:14.457239	u/SnapshillBot	fmf9jpp	u/total_analyzation	fuy0pw	S	I
2020-04-04 14:09:22.944538	u/SnapshillBot	fmf9jsf	u/total_analyzation	fuy0pl	S	I
2020-04-04 14:09:31.476038	u/AutoModerator	fmf9jtc	u/RDako	fuy0np	S	N
2020-04-04 14:09:39.810270	u/r3dcrayon	fmf9juf	u/deleted	fuxo6x	S	N
2020-04-04 14:09:49.561296	u/SnapshillBot	fmf9jvq	u/deleted	fuy0pb	S	N
2020-04-04 14:09:57.361238	u/RepostSleuthBot	fmf9jx5	u/hubert_cumberdalee	fuwru6	S	I
2020-04-04 14:10:00.588249	u/leapyearwoo	fmf9jy1	u/butterchickennaan	fuxsye	S	I
2020-04-04 14:10:01.804634	u/SnapshillBot	fmf9jy5	u/lillly8	fuy0oe	S	N
2020-04-04 14:10:04.064315	u/SnapshillBot	fmf9k18	u/BulldogDX05	fuy0nt	S	I
2020-04-04 14:10:09.223370	u/TheWanderingHollow	fmf9k9z	u/AJ-Naka-Zayn-Owens	fupoyi	S	I
2020-04-04 14:10:14.403554	u/sammyhanco	fmf9kb0	u/TOZXI	fuxn0w	S	N
2020-04-04 14:10:25.646943	u/sexyass1010	fmf9ki4	u/ShitpostingNeckbeard	fmf9eql	C	I
2020-04-04 14:10:37.078938	u/Hairbear04	fmf9km0	u/ApexAace	fuxzqx	S	N
2020-04-04 14:10:46.347021	u/TravelerXZero	fmf9knd	u/rushiljalal	fuxpg2	S	I
2020-04-04 14:11:07.956776	u/ivan200520052005	fmf9kox	u/mr_normal3	fmf9248	C	I
2020-04-04 14:11:20.380528	u/SSDankestMeme	fmf9ksl	u/ApexAace	fuxzqx	S	N
2020-04-04 14:11:43.035001	u/Majinbuci	fmf9kst	u/Cklampert	fmetzra	C	I
2020-04-04 14:11:53.631043	u/The_Dankinator28	fmf9ku4	u/lbi4	fure5o	S	N
2020-04-04 14:12:05.163017	u/AntiqueParticular	fmf9kvo	u/GREY-NEEDLEZ	funbj4	S	N
2020-04-04 14:12:17.489993	u/youngnastyman39	fmf9kvp	u/TerrariaChest	fuvxvt	S	I
2020-04-04 14:12:28.985590	u/dongyutan	fmf9kwg	u/Mohammed_satar	fusabj	S	N
2020-04-04 14:12:40.302275	u/SnapshillBot	fmf9kxb	u/ProfessorQuack21	fuy0yf	S	N
2020-04-04 14:12:51.629540	u/toomuchtACKtical	fmf9kxn	u/itzkroyyy	futsuo	S	I
2020-04-04 14:13:02.915358	u/Gabou374	fmf9l1e	u/Kayliaf	fuw5mx	S	N
2020-04-04 14:13:14.145575	u/waffle-lvl-100	fmf9l35	u/Sharpie4047	fuxx8u	S	N
2020-04-04 14:13:24.440810	u/SnapshillBot	fmf9l3b	u/Minuhmize	fuy0wf	S	N
2020-04-04 14:13:37.673833	u/Artur_nerdy	fmf9l3n	u/everythingtoolong	fmf7frd	C	N
2020-04-04 14:13:48.909173	u/SnapshillBot	fmf9l5w	u/freeguaco	fuy0ul	S	N
2020-04-04 14:13:58.107012	u/StayZreal	fmf9l61	u/Coxwain4lyfeh	fuxt4g	S	N
2020-04-04 14:14:11.463777	u/TheTrashiestboi	fmf9l6m	u/meansimpson	fuxry9	S	I
2020-04-04 14:14:20.743374	u/PresidentSlopeDude	fmf9lcn	u/meme_a_licious	fuwfy8	S	I
2020-04-04 14:14:44.283631	u/dr_yousif	fmf9lel	u/beefjerkybannana5	fmf2mrn	C	I
2020-04-04 14:14:53.440244	u/Mr-Carazay	fmf9lf9	u/grinshtain	fuxcwa	S	I
2020-04-04 14:15:05.642579	u/Silly-Apples	fmf9lk4	u/AnDigz1	fuxt35	S	N
2020-04-04 14:15:16.731418	u/Zachajya	fmf9lq8	u/ggamerboyd3	fmf05qy	C	N
2020-04-04 14:15:27.002951	u/CallumMyers4	fmf9ltr	u/Goldeneye07	fuxq94	S	I
2020-04-04 14:15:38.624595	u/Monotone_Baritone	fmf9lut	u/xXxD02AVIDxXx	futkpa	S	N
2020-04-04 14:15:49.129054	u/VoidDX	fmf9lxt	u/utkubaba9581	futfxj	S	I
2020-04-04 14:16:00.629644	u/2Demonicpickle2	fmf9lyp	u/Fantastic_Ostrich	fusm7y	S	I
2020-04-04 14:16:10.532465	u/chettycheeks	fmf9lys	u/ThiqqMuffin	fmdqaft	C	I
2020-04-04 14:16:22.881157	u/FBI_Agent_82	fmf9lzf	u/_jun_yi_	fuuisv	S	I
2020-04-04 14:16:34.904961	u/PhilippeC-K	fmf9m2b	u/troubleis1	fuxiwe	S	N
2020-04-04 14:16:47.008572	u/DeElectricTroll	fmf9m2e	u/Megabytelul	fuxojw	S	N
2020-04-04 14:16:57.983458	u/SnapshillBot	fmf9m2z	u/Allxenxs	fuy115	S	I
2020-04-04 14:17:11.225812	u/gorg69	fmf9m8v	u/Philipp_01	fuv27g	S	I
2020-04-04 14:17:24.246995	u/MemesMod	fmf9mah	u/lillly8	fuy0oe	S	N
2020-04-04 14:17:33.162447	u/FriendsMoreOrLess	fmf9mh7	u/ApexAace	fuxzqx	S	N
2020-04-04 14:17:44.035153	u/Cheeseboy_123	fmf9mlp	u/Bubbles_the_Titan	fmexahe	C	N
2020-04-04 14:17:54.837126	u/FunnyUsernameWow	fmf9mp0	u/ratcular101	fmexs39	C	N
2020-04-04 14:18:04.586593	u/meansimpson	fmf9mpn	u/TheTrashiestboi	fmf9l6m	C	I
2020-04-04 14:18:15.480409	u/Cwittz	fmf9muu	u/Denster1313	fuxu6t	S	N
2020-04-04 14:18:23.199508	u/SnapshillBot	fmf9mux	u/CleverBalloon	fuy1a6	S	I
2020-04-04 14:18:32.906601	u/SnapshillBot	fmf9my1	u/deleted	fuy19x	S	N
2020-04-04 14:18:39.655192	u/whatever7796	fmf9myg	u/mentally-nutting	fus32u	S	N
2020-04-04 14:18:49.388080	u/mikemadmod	fmf9myn	u/anshumankr001	fuxcdj	S	I
2020-04-04 14:18:57.949873	u/SnapshillBot	fmf9n0f	u/deleted	fuy16j	S	N
2020-04-04 14:19:08.803326	u/LonePhoenix8592	fmf9n0r	u/Lionel_Hutz_Law	fuxzmh	S	N
2020-04-04 14:19:16.293804	u/SnapshillBot	fmf9n3i	u/Pxaxf	fuy162	S	N
2020-04-04 14:19:27.028272	u/MemesMod	fmf9n4q	u/Minuhmize	fuy0wf	S	N
2020-04-04 14:19:36.292014	u/CaptainPeenis	fmf9na8	u/utkubaba9581	futfxj	S	I
2020-04-04 14:19:44.872393	u/berry1201	fmf9ndu	u/phaonee	furu49	S	I
2020-04-04 14:19:55.108161	u/imabear105	fmf9nhv	u/NihilisticBloodbag	fuqkso	S	I
2020-04-04 14:20:02.574463	u/Joeljoh	fmf9ni3	u/Little-Alexander	fmf8hg0	C	I
2020-04-04 14:20:04.754595	u/AutoModerator	fmf9nmx	u/deleted	fuy1fe	S	N
2020-04-04 14:20:11.987590	u/BlackPawss	fmf9nu3	u/Killme694201337	fmf9et2	C	I
2020-04-04 14:20:18.300686	u/MemesMod	fmf9nv6	u/deleted	fuy16j	S	N
2020-04-04 14:20:25.519995	u/CanadianWeeb5	fmf9nwc	u/gknaussewerwe43	fmep8m8	C	N
2020-04-04 14:20:38.823077	u/Kalosian_Turtwig95	fmf9nyw	u/DevilHoboCousin	furkus	S	N
2020-04-04 14:20:55.514953	u/Canadian_Boi678	fmf9o0g	u/RustyPiano	fmedj5v	C	I
2020-04-04 14:21:03.820789	u/SnapshillBot	fmf9o0w	u/ChernyAnton	fuy1ek	S	N
2020-04-04 14:21:22.522871	u/ApexAace	fmf9o22	u/SSDankestMeme	fmf9ksl	C	I
2020-04-04 14:21:32.886217	u/StaleBread-187	fmf9o2e	u/hubert_cumberdalee	fuxwgf	S	I
2020-04-04 14:21:41.077442	u/Goldeneye07	fmf9o34	u/CallumMyers4	fmf9ltr	C	N
2020-04-04 14:21:50.357903	u/SnapshillBot	fmf9o6g	u/archrival33	fuy1dp	S	I
2020-04-04 14:21:56.572960	u/memepat	fmf9ogn	u/hubert_cumberdalee	fuxwgf	S	I
2020-04-04 14:22:08.652746	u/Lil_Thiccey	fmf9ogo	u/DevilHoboCousin	furkus	S	N
2020-04-04 14:22:17.885205	u/The_Default_God	fmf9okv	u/MonsterDiotic	fuskyz	S	I
2020-04-04 14:22:28.151761	u/SnapshillBot	fmf9ory	u/leonbadam	fuy1jt	S	N
2020-04-04 14:22:38.509866	u/horse_at_water	fmf9ot3	u/SaltySplatoon69	fuunug	S	N
2020-04-04 14:22:46.737272	u/SnapshillBot	fmf9ovb	u/ManDe1orean	fuy1hw	S	I
2020-04-04 14:22:57.212515	u/Jack_bburn	fmf9ow5	u/AReallyHugeDik	futvez	S	I
2020-04-04 14:23:04.400127	u/albeinstein	fmf9ox6	u/TOZXI	fuxn0w	S	N
2020-04-04 14:23:15.998822	u/TheNightOfTerror	fmf9oyi	u/GameIsMyName12	fuuy3b	S	I
2020-04-04 14:23:47.588228	u/Repulsive_Walk	fmfcpkm	u/weirdgroovynerd	fmeee2r	C	I
2020-04-04 14:23:58.792367	u/SnapshillBot	fmfcpmi	u/0ptimist_prime2357	fuyk1u	S	I
2020-04-04 14:24:11.173641	u/False_Purple	fmfcpnv	u/Lieutenant-Sanders	fuuhsr	S	N
2020-04-04 14:24:22.345216	u/hardeepst1	fmfcpof	u/RepostSleuthBot	fmfcm9n	C	I
2020-04-04 14:24:43.889509	u/CorndogCrusader	fmfcpp8	u/Youre-mum	fmfc3vu	C	I
2020-04-04 14:25:06.300273	u/imaginarytoby	fmfcppl	u/rae_pist	fmfc44a	C	I
2020-04-04 14:25:16.589837	u/PhoenixLord5677	fmfcppn	u/Fanmeme12345	fuvfek	S	I
2020-04-04 14:25:23.638037	u/SnapshillBot	fmfcpqb	u/05Lidhult	fuyk1m	S	I
2020-04-04 14:25:39.210064	u/fallenMIKE2699	fmfcpqw	u/AJ-Naka-Zayn-Owens	fupoyi	S	I
2020-04-04 14:25:47.133212	u/iRob0tt	fmfcpv4	u/nave1235	fmee3t8	C	I
2020-04-04 14:26:01.181601	u/ThunderGodChungus	fmfcpx5	u/menino_leo832	fmf4a9b	C	N
2020-04-04 14:26:14.232411	u/MAGIC_EYE_BOT	fmfcpzt	u/deleted	fuyjwv	S	N
2020-04-04 14:26:25.133896	u/ArthurMarston26	fmfcpzw	u/neonroli47	fmf7ypw	C	N
2020-04-04 14:26:36.164815	u/k0Rv0_4774n0	fmfcq2s	u/Luget717	fuvlsy	S	I
2020-04-04 14:26:49.288860	u/destroyerx230x	fmfcq55	u/Krystofur7	fuqocr	S	I
2020-04-04 14:27:01.277868	u/vylizejmyprdel76	fmfcqdf	u/WinterWontStopComing	fuy71x	S	I
2020-04-04 14:27:12.509376	u/Lilshotgun12	fmfcqds	u/XoverZ	fus3z7	S	N
2020-04-04 14:27:25.263055	u/Fapinator500	fmfcqkb	u/Brainwave18	fusnqn	S	N
2020-04-04 14:27:38.151377	u/DerpyTyrantrum	fmfcqkf	u/RepostSleuthBot	fmevsak	C	I
2020-04-04 14:27:58.704317	u/AshingWoods	fmfcqm9	u/n1ckuhlus	fmf2v5i	C	I
2020-04-04 14:28:11.569794	u/DrunkRedditBot	fmfcqtx	u/uadamas	fmeybr3	C	N
2020-04-04 14:28:22.160942	u/TheSnugglePuffs	fmfcqxl	u/deepanshuv23	furffz	S	I
2020-04-04 14:28:36.137522	u/malay4singh	fmfcqxq	u/Sakalalaa	fuqd4k	S	N
2020-04-04 14:28:48.796672	u/gooliver22	fmfcqzl	u/catortionist135	fmen5t3	C	N
2020-04-04 14:29:00.287533	u/ground3high5me	fmfcr5q	u/MightyPhoenix7	fmfb9ki	C	N
2020-04-04 14:29:10.648602	u/RebelPoetically	fmfcr9e	u/ChrisMan1214	fuxkwz	S	I
2020-04-04 14:29:23.347691	u/elcoco_93	fmfcrg1	u/AnDigz1	fuxt35	S	N
2020-04-04 14:29:33.473527	u/SnapshillBot	fmfcrhc	u/Nubulaa	fuykfb	S	N
2020-04-04 14:29:44.761324	u/suicidalbutalive	fmfcrhp	u/islamic_bacon	fmf8c4u	C	N
2020-04-04 14:29:56.227996	u/Whyme3638	fmfcrjs	u/Katsumey12	fmfcnpt	C	I
2020-04-04 14:30:00.618683	u/madcow87_	fmfcrqa	u/xinvisionx	fuslwn	S	N
2020-04-04 14:30:01.731854	u/TDKG	fmfcrtv	u/Pets-Lover-Community	fmehkem	C	I
2020-04-04 14:30:04.992933	u/Alexksik	fmfcrvs	u/Allxenxs	fuyilh	S	I
2020-04-04 14:30:08.574835	u/CarsN235	fmfcs04	u/TheGreatNavjeet	fupvts	S	I
2020-04-04 14:30:11.729090	u/random_clonetrooper	fmfcs1r	u/LEGO_nidas	fmfaaq8	C	I
2020-04-04 14:30:16.958018	u/Sam_le_potato	fmfcsai	u/August_Heart7567	fuyiv4	S	N
2020-04-04 14:30:25.336667	u/lizardskin514	fmfcsbq	u/Alexisto15	fuxcgt	S	I
2020-04-04 14:30:33.817594	u/destroyeralex6	fmfcsh8	u/Tzar-Sand-Hanitizer	fuw4x6	S	I
2020-04-04 14:30:44.253821	u/wombey12	fmfcsn7	u/x2eddy	fuvzru	S	N
2020-04-04 14:30:53.486898	u/TheEpic_1YT	fmfcsnf	u/Samptuboo	fmfc12a	C	N
2020-04-04 14:31:03.855751	u/Bananaracoon15	fmfcsth	u/-michael767-	fmfc44v	C	N
2020-04-04 14:31:12.104291	u/SnapshillBot	fmfcsts	u/EliotHudson	fuyknl	S	I
2020-04-04 14:31:21.330203	u/IEatCheeseInTheDark	fmfcsvi	u/fireballscopex	fmfc85a	C	N
2020-04-04 14:31:29.522142	u/Sayy_Myy_Name	fmfct10	u/MightBeFloridaMan	fmfci6u	C	I
2020-04-04 14:31:37.728179	u/Armathynx	fmfct27	u/hillo315	fmbasm7	C	N
2020-04-04 14:31:46.271213	u/Professional_Clod	fmfct5l	u/princeofthedark0	fusemo	S	N
2020-04-04 14:31:56.002388	u/Repulsive_Walk	fmfct5u	u/Spook-Zilla	furini	S	N
2020-04-04 14:32:06.289582	u/TDKG	fmfct5t	u/i-feed-on-memes	fmehluc	C	I
2020-04-04 14:32:14.429677	u/tahzeerr	fmfct7x	u/Happy_Go_Pappy	fmeq17w	C	N
2020-04-04 14:32:24.670773	u/r3dcrayon	fmfct8g	u/iiDsh	fuychb	S	I
2020-04-04 14:32:33.830217	u/ulikebigmen	fmfctci	u/Boiboi255	fmew2pt	C	I
2020-04-04 14:32:45.662575	u/Sirtopofhat	fmfctdd	u/utkubaba9581	futfxj	S	I
2020-04-04 14:32:54.842759	u/lordofmems	fmfcti8	u/PolishedTurd69	fmfc9eg	C	I
2020-04-04 14:33:06.084558	u/SnapshillBot	fmfctie	u/deleted	fuykr5	S	N
2020-04-04 14:33:16.254538	u/joeyuriligma	fmfctk4	u/sicarus367	fmf46gr	C	N
2020-04-04 14:33:26.372633	u/BeanManEatsBeans	fmfctkz	u/overload_games	fmfcnnc	C	N
2020-04-04 14:33:36.566834	u/SnapshillBot	fmfctl0	u/GreatRustler	fuykpx	S	N
2020-04-04 14:33:57.917248	u/theguywiththeyeballs	fmfctlw	u/FFalcon_Boi	fmei6hm	C	I
2020-04-04 14:34:07.093080	u/Majemano_o	fmfctor	u/riccum	fuw8xs	S	N
2020-04-04 14:34:17.228452	u/Murasama23	fmfctu3	u/PolishedTurd69	fmfc9eg	C	I
2020-04-04 14:34:26.422853	u/milksoup-_-69	fmfctwc	u/king_cakes_the_fake	fuusp9	S	N
2020-04-04 14:34:34.542620	u/memer414gamer	fmfctwl	u/rextain	fuyi5n	S	I
2020-04-04 14:34:43.916771	u/TheGreatPotatoDragon	fmfctxl	u/NihilisticBloodbag	fuqkso	S	I
2020-04-04 14:34:55.069120	u/robin_joker	fmfcty5	u/Allxenxs	fuyilh	S	I
2020-04-04 14:35:03.145777	u/MemesMod	fmfcu3b	u/deleted	fuyku0	S	N
2020-04-04 14:35:14.299445	u/AinsleyObama	fmfcu68	u/PhdinAssKicking	fmexsjg	C	N
2020-04-04 14:35:23.473201	u/CrossFall21	fmfcu6f	u/Ozzi4870	fuvu1o	S	N
2020-04-04 14:35:34.677706	u/danhaller28	fmfcuan	u/phabulu	fuxev8	S	N
2020-04-04 14:35:43.035090	u/Valeryum999	fmfcudp	u/BIGPAPABEAR69420	fuvbax	S	N
2020-04-04 14:35:53.139859	u/SnapshillBot	fmfcuh5	u/SickofdaBS	fuyktk	S	N
2020-04-04 14:36:02.109953	u/HarkiratGGSK	fmfcuni	u/HarkiratGGSK	fmfap4z	C	N
2020-04-04 14:36:12.194508	u/xImSkillEx	fmfcuq0	u/Philipp_01	fuyjln	S	I
2020-04-04 14:36:31.302975	u/sLipryshad3	fmfcurk	u/PhantomShot-25	fmf84ns	C	I
2020-04-04 14:36:40.324336	u/nave1235	fmfcuus	u/nave1235	fmee3t8	C	I
2020-04-04 14:36:50.380820	u/Joseph-Song	fmfcuwo	u/Dragonqueen1209	fuyhi7	S	N
2020-04-04 14:36:59.324443	u/elcoco_93	fmfcux5	u/ZakTSK	fmfa98p	C	I
2020-04-04 14:37:09.317807	u/AutoModerator	fmfcv07	u/ImXeom	fuyl0q	S	N
2020-04-04 14:37:18.321234	u/Respect_Paying_Bot	fmfcv04	u/Dragonqueen1209	fuyhi7	S	N
2020-04-04 14:37:28.482661	u/--Ubermensch	fmfcv1s	u/spoticals	fuv5ql	S	I
2020-04-04 14:37:36.344218	u/TheEpic_1YT	fmfcv2a	u/NikoStrelkov	fmf9tx3	C	N
2020-04-04 14:37:48.996244	u/rustyRoad1013	fmfcva6	u/utkubaba9581	futfxj	S	I
2020-04-04 14:37:56.960052	u/fireballscopex	fmfcvjw	u/waldemar2	fuu54v	S	I
2020-04-04 14:38:15.850438	u/roryunicornprincess	fmfcvmj	u/PolishedTurd69	fmfc9eg	C	I
2020-04-04 14:38:27.859323	u/theguywiththeyeballs	fmfcvno	u/Pickle-rickkkkk	fuq955	S	N
2020-04-04 14:38:37.045853	u/casteliacitysax	fmfcvoh	u/xXxD02AVIDxXx	futkpa	S	N
2020-04-04 14:38:47.652389	u/FuriousFlameDude	fmfcvqi	u/Fybonsize	fmf9t56	C	N
2020-04-04 14:39:06.728539	u/CaioD0ggo	fmfcvs5	u/lordofmems	fmfcti8	C	I
2020-04-04 14:39:17.391273	u/SnapshillBot	fmfcvss	u/yuuhless	fuyl3q	S	N
2020-04-04 14:39:26.655189	u/Respect_Paying_Bot	fmfcvxi	u/johnasauris	fmfckwy	C	I
2020-04-04 14:39:37.322685	u/theabag-ari	fmfcvz4	u/MalovalanceUwU	fuwwb7	S	I
2020-04-04 14:39:46.331857	u/i-feed-on-memes	fmfcw0j	u/TDKG	fmfct5t	C	I
2020-04-04 14:39:55.351746	u/yuuhless	fmfcw13	u/yuuhless	fuyl3q	S	N
2020-04-04 14:40:00.785212	u/Swift202	fmfcw1w	u/Fybonsize	fuv1v5	S	N
2020-04-04 14:40:05.603161	u/xxx_firenoob	fmfcw3r	u/dr_yousif	fmf9lel	C	I
2020-04-04 14:40:07.766671	u/Sayy_Myy_Name	fmfcw44	u/StayZreal	fmf972y	C	N
2020-04-04 14:40:11.917043	u/kchill91	fmfcw6y	u/idontknowwhat_toput	fmfch38	C	N
2020-04-04 14:40:26.591051	u/Supreme_Flexboi69	fmfcw87	u/RepostSleuthBot	fmfcg5f	C	I
2020-04-04 14:40:44.268960	u/August_Heart7567	fmfcwa4	u/Sam_le_potato	fmfcsai	C	I
2020-04-04 14:40:49.481792	u/Kurakimitsu	fmfcwb8	u/bruh_moment126	fuyj4s	S	I
2020-04-04 14:41:00.859484	u/SnapshillBot	fmfcwdq	u/NicoSvon	fuyl9g	S	N
2020-04-04 14:41:07.031764	u/CrystalCandies	fmfcwe9	u/Yuri_and_Mice	fmfcner	C	N
2020-04-04 14:41:15.265444	u/Guy-Person	fmfcwmp	u/SovietGuyFromGulag	fmfaqhu	C	N
2020-04-04 14:41:25.200446	u/iAteAMorty	fmfcwms	u/earthrogue	fut3bw	S	I
2020-04-04 14:41:31.545999	u/idcaumf	fmfcwrg	u/Grand_Ray_Cero	fuvpv8	S	I
2020-04-04 14:41:41.781575	u/YaboiPeenz	fmfcwta	u/Joe_Tractor_Man	fmfbdw8	C	N
2020-04-04 14:41:48.937593	u/Murasama23	fmfcwx0	u/lordofmems	fmfcti8	C	I
2020-04-04 14:42:00.290033	u/StreetSniper420	fmfcwyh	u/AbdulDaScammar	fuycth	S	I
2020-04-04 14:42:09.585260	u/05Lidhult	fmfcx3q	u/the_sumanth	fuxiak	S	I
2020-04-04 14:42:25.128043	u/jsmezz	fmfcx48	u/AssDestroyer83	fmf4rzq	C	I
2020-04-04 14:42:33.318454	u/poeticIrony	fmfcx4f	u/deep62012	fmf3znt	C	N
2020-04-04 14:42:41.554463	u/SnapshillBot	fmfcx6i	u/El_Geygey	fuylf1	S	N
2020-04-04 14:42:51.761239	u/RepostSleuthBot	fmfcx8p	u/Katsumey12	fmfcnpt	C	I
2020-04-04 14:42:57.956318	u/SnapshillBot	fmfcx8r	u/TempleOfBone	fuyle2	S	I
2020-04-04 14:43:09.365968	u/clone_ranger	fmfcxhj	u/x2eddy	fuvzru	S	N
2020-04-04 14:43:17.567129	u/I-play-too-much-PUBG	fmfcxkd	u/Hungry-Carrot13	fuy5ij	S	N
2020-04-04 14:43:25.788796	u/RebelPoetically	fmfcxmd	u/MrNarfal	fuxpxx	S	I
2020-04-04 14:43:36.369333	u/soosler_theREALone_	fmfcxod	u/Potato_Juices	fur1ua	S	N
2020-04-04 14:43:43.464272	u/AbdulDaScammar	fmfcxu4	u/StreetSniper420	fmfcwyh	C	N
2020-04-04 14:43:54.053212	u/VindertechBear3	fmfcxvv	u/Mohammed_satar	fusabj	S	N
2020-04-04 14:44:03.386044	u/yo-das-cringe-bro	fmfcxy8	u/the1true_chicken	fuubna	S	N
2020-04-04 14:44:11.554109	u/SnapshillBot	fmfcy0o	u/deleted	fuyljb	S	N
2020-04-04 14:44:21.777272	u/SnapshillBot	fmfcy3g	u/Username5536	fuylht	S	N
2020-04-04 14:44:30.896518	u/CooleyBrekka	fmfcy80	u/Red_Scythe_777	fmfbw11	C	I
2020-04-04 14:44:39.003259	u/RepostSleuthBot	fmfcy8m	u/Sabatage100	fmfcmy0	C	I
2020-04-04 14:44:49.221116	u/delta28770	fmfcy9a	u/delta28770	fuygxp	S	N
2020-04-04 14:44:56.355559	u/Some_boi_with_AAAAAA	fmfcy9r	u/iamjosephanthony	fuygvi	S	N
2020-04-04 14:45:05.497015	u/yan852223	fmfcybs	u/RepostSleuthBot	fmf2btb	C	I
2020-04-04 14:45:23.922823	u/Dadwenttogetmili	fmfcygw	u/chettycheeks	fmf9wfc	C	I
2020-04-04 14:45:34.124440	u/lizardskin514	fmfcyhs	u/RedditerOfThings	fux6ni	S	N
2020-04-04 14:45:51.371259	u/Joe_Tractor_Man	fmfcyjf	u/YaboiPeenz	fmfcwta	C	I
2020-04-04 14:45:59.526640	u/HoneyCreamSoda	fmfcyk6	u/Mighty__Tor	furcyo	S	I
2020-04-04 14:46:08.599750	u/SpaceAidsX19	fmfcykq	u/Osing123	fmfb53y	C	N
2020-04-04 14:46:18.231506	u/KineticEnergy147	fmfcyll	u/babblebam	fuwbm1	S	I
2020-04-04 14:46:27.433920	u/stoney_chan	fmfcylm	u/x2eddy	fuvzru	S	N
2020-04-04 14:46:37.541326	u/GaymerGrillOwO	fmfcymc	u/yuuhless	fuyl3q	S	N
2020-04-04 14:46:47.503908	u/twotailedtag	fmfcyr4	u/Brainwave18	fusnqn	S	N
2020-04-04 14:47:06.781188	u/fireballscopex	fmfcysb	u/IEatCheeseInTheDark	fmfcsvi	C	I
2020-04-04 14:47:16.295086	u/ShAdOw_Gengi	fmfcyua	u/euein	fusocu	S	N
2020-04-04 14:47:26.297153	u/LightStriderX	fmfcyvz	u/Isabelle24816	fmfc5mt	C	N
2020-04-04 14:47:34.226294	u/MemesMod	fmfcz08	u/Username5536	fuylht	S	N
2020-04-04 14:47:44.093121	u/aggiered0four	fmfcz12	u/wolfdog2345	fmfbnu4	C	I
2020-04-04 14:47:52.248011	u/Additional-Shoulder	fmfcz3j	u/Mohammed_satar	fusabj	S	N
2020-04-04 14:48:03.203551	u/amykamala	fmfcz5m	u/idontknowwhat_toput	fmfch38	C	N
2020-04-04 14:48:12.003726	u/SnapshillBot	fmfcz63	u/GloriousCaptainHodor	fuylos	S	N
2020-04-04 14:48:22.970121	u/iRob0tt	fmfcz78	u/tawfeeq2005	fmed0fd	C	N
2020-04-04 14:48:34.405885	u/zentorakadonut	fmfcz83	u/invinCble777	fuus7z	S	I
2020-04-04 14:48:52.897565	u/Butexx	fmfcz8a	u/GeraltOfNoxus	fmek3g4	C	I
2020-04-04 14:49:01.585241	u/SnapshillBot	fmfczbi	u/euein	fuylmr	S	N
2020-04-04 14:49:12.725084	u/Ellozer_YZ	fmfczbm	u/Fanmeme12345	fuvfek	S	I
2020-04-04 14:49:19.080000	u/hoppla1232	fmfczbs	u/DannyLovesDerby2	fmf27ow	C	N
2020-04-04 14:49:29.955144	u/yuuhless	fmfczcr	u/GaymerGrillOwO	fmfcymc	C	N
2020-04-04 14:49:37.227264	u/SnapshillBot	fmfczdn	u/deleted	fuylma	S	N
2020-04-04 14:49:47.948934	u/wombey12	fmfczdr	u/Lenny-Penny	fmf20iq	C	N
2020-04-04 14:49:54.903586	u/nonbinary_potatoes	fmfcziv	u/xinvisionx	fuslwn	S	N
2020-04-04 14:50:01.161430	u/SnapshillBot	fmfczl9	u/deleted	fuyll5	S	N
2020-04-04 14:50:02.299908	u/Bulbapuppaur	fmfczm9	u/mrmaz0xas	fmf92b8	C	N
2020-04-04 14:50:04.875301	u/lvtn11	fmfczq3	u/JackeRid05	fup7fe	S	I
2020-04-04 14:50:08.209311	u/king_cakes_the_fake	fmfczrf	u/king_cakes_the_fake	fuusp9	S	N
2020-04-04 14:50:14.499549	u/rechter-stoelpoot	fmfczsr	u/im_brayden269	fuxmtv	S	N
2020-04-04 14:50:22.487942	u/theengineer204	fmfcztx	u/invinCble777	fuus7z	S	I
2020-04-04 14:50:30.451386	u/Philly-Philly-Philly	fmfczuc	u/DevilHoboCousin	furkus	S	N
2020-04-04 14:50:41.825067	u/--Replicant--	fmfd025	u/Kitebot001	fuy560	S	I
2020-04-04 14:50:49.354881	u/clodobigboi	fmfd03k	u/Professor_Voodoo	fuszt4	S	N
2020-04-04 14:51:01.717034	u/IEatCheeseInTheDark	fmfd04b	u/fireballscopex	fmfcysb	C	I
2020-04-04 14:51:10.522959	u/hassansoomro2020	fmfd04q	u/xXxD02AVIDxXx	futkpa	S	N
2020-04-04 14:51:21.853999	u/SnapshillBot	fmfd05j	u/Rickle37	fuylwi	S	N
2020-04-04 14:51:32.198387	u/SnapshillBot	fmfd07y	u/deleted	fuyltf	S	N
2020-04-04 14:51:40.358539	u/Vanessa_O	fmfd09w	u/RoboticXCavalier	fmf4e2d	C	N
2020-04-04 14:51:50.584138	u/fatherpewds	fmfd0az	u/_Forgot_name_	fmf71ds	C	N
2020-04-04 14:51:58.856128	u/MemesMod	fmfd0e7	u/deleted	fuyll5	S	N
2020-04-04 14:52:10.129506	u/Sabatage100	fmfd0fi	u/RepostSleuthBot	fmfcy8m	C	I
2020-04-04 14:52:19.395610	u/They_Beat_Me	fmfd0jw	u/Dijdoslayer69	fux5jr	S	I
2020-04-04 14:52:28.651282	u/LHB38	fmfd0nf	u/EliotHudson	fuyknl	S	I
2020-04-04 14:52:45.105153	u/king_cakes_the_fake	fmfd0ne	u/that_one_dued	fmevf44	C	I
2020-04-04 14:52:56.729290	u/masonta	fmfd0ro	u/PolishedTurd69	fuuy43	S	I
2020-04-04 14:53:03.887815	u/GaymerGrillOwO	fmfd0vc	u/yuuhless	fmfczcr	C	N
2020-04-04 14:53:13.168047	u/Zelphacomics	fmfd0wb	u/xXCoordinateXx	fusbvj	S	I
2020-04-04 14:53:21.504340	u/AlAinspirit	fmfd0wm	u/mad_man1702	fuyj6u	S	I
2020-04-04 14:53:33.919076	u/navster100	fmfd0xn	u/CrystalCandies	fuy1sb	S	N
2020-04-04 14:53:41.230299	u/elcoco_93	fmfd11m	u/ApexAace	fuxzqx	S	I
2020-04-04 14:53:52.461413	u/JSArrakis	fmfd16v	u/gingermadlad2002	fmf32eu	C	I
2020-04-04 14:54:01.497748	u/Thanosboi86	fmfd17w	u/TDKG	fupt0q	S	I
2020-04-04 14:54:13.079948	u/P0t8o-BOI	fmfd1di	u/TDKG	fupt0q	S	I
2020-04-04 14:54:25.343442	u/HailtokingTeddy	fmfd1e3	u/deleted	fuyb14	S	N
2020-04-04 14:54:35.597590	u/hguuuuu	fmfd1ee	u/Tzar-Sand-Hanitizer	fuw4x6	S	I
2020-04-04 14:54:47.668560	u/king_cakes_the_fake	fmfd1et	u/-michael767-	fmfc44v	C	N
2020-04-04 14:54:59.833591	u/RebelPoetically	fmfd1f2	u/Destinthegmr	fuxw94	S	N
2020-04-04 14:55:12.030537	u/Jordanye3t	fmfd1fc	u/the1true_chicken	fuubna	S	N
2020-04-04 14:55:25.676252	u/PhoenixLord5677	fmfd1ia	u/IfTheHouseBurnsDown	fut06r	S	N
2020-04-04 14:55:35.687034	u/AutoModerator	fmfd1ky	u/deleted	fuym76	S	N
2020-04-04 14:55:45.632845	u/elon-musks-mom	fmfd1m7	u/Madpup70	fmd5hxo	C	N
2020-04-04 14:55:56.600402	u/Zyemlus	fmfd1ml	u/aries21___	fmf3sab	C	N
2020-04-04 14:56:06.679795	u/chrisboyett13	fmfd1nz	u/Hauieh	futlxj	S	I
2020-04-04 14:56:41.592439	u/Kaiser3130	fmfg2ia	u/CatsAndCreamCheese	fukd3t	S	I
2020-04-04 14:56:51.422317	u/Fusbsky	fmfg2jl	u/DiekeDrake	fmffrvm	C	N
2020-04-04 14:57:03.290728	u/JacobS_555	fmfg2ov	u/Luc1_F0x	fmffz2f	C	I
2020-04-04 14:57:14.102626	u/SnapshillBot	fmfg2pb	u/BlackPanther_02	fuz4hq	S	I
2020-04-04 14:57:25.998541	u/SnapshillBot	fmfg2ry	u/enchanteddentityy	fuz4eu	S	N
2020-04-04 14:57:36.847300	u/Sad_Boi_Bonut	fmfg2ug	u/qzon_	fuz41d	S	N
2020-04-04 14:57:46.667407	u/lukG-bruh_guy123_	fmfg2yc	u/EthanOnReddit_	fuyuz8	S	N
2020-04-04 14:57:57.403877	u/dinoperson192	fmfg33k	u/TheGreatNavjeet	fuslx1	S	I
2020-04-04 14:58:00.279438	u/SnapshillBot	fmfg385	u/DarkKnight_Jedi	fuz4ki	S	I
2020-04-04 14:58:01.371596	u/ima_dude25	fmfg399	u/Audezeee	fuyiwp	S	I
2020-04-04 14:58:02.462404	u/SnapshillBot	fmfg3b8	u/TheToxicPhoenix777	fuz4ke	S	I
2020-04-04 14:58:03.547106	u/mal-Fn	fmfg3dd	u/aceari	fuy7k4	S	N
2020-04-04 14:58:05.472958	u/SnapshillBot	fmfg3dw	u/procrastomaster	fuz4jr	S	I
2020-04-04 14:58:06.573513	u/kleineCed	fmfg3fd	u/Dragonqueen1209	fuyhi7	S	N
2020-04-04 14:58:07.612231	u/SnapshillBot	fmfg3ge	u/Antolov564	fuz4j9	S	I
2020-04-04 14:58:11.512904	u/kevbou1324	fmfg3hc	u/XENOX_glhf	fmfg1da	C	I
2020-04-04 14:58:12.561476	u/Jivenn	fmfg3jy	u/rad302	fuyv7f	S	I
2020-04-04 14:58:13.800011	u/ciauska	fmfg3kk	u/Addian4	fuqdp7	S	I
2020-04-04 14:58:14.781453	u/bigthinkmemes69	fmfg3m5	u/allhailthepotato	fmfc22s	C	N
2020-04-04 14:58:15.899474	u/Forbidden_Breakfast	fmfg3nh	u/Slav_the_survivor_69	fuw6w7	S	I
2020-04-04 14:58:16.880068	u/Sebbyyyyyy	fmfg3p1	u/47Dark	fmfg0h7	C	N
2020-04-04 14:58:17.958164	u/rynatte	fmfg3r7	u/MotherBaseGrey	fuwo44	S	N
2020-04-04 14:58:19.364756	u/minhynguy3n	fmfg3va	u/DanDeCoby	fuoo2o	S	I
2020-04-04 14:58:20.331106	u/Nism4n	fmfg3vz	u/stoney93922	fmfb6z9	C	N
2020-04-04 14:58:23.159765	u/SnapshillBot	fmfg3x5	u/Pooters-spouse	fuz4oe	S	N
2020-04-04 14:58:29.779781	u/TekkenViolet	fmfg3zh	u/Lasharell	fut370	S	I
2020-04-04 14:58:37.308474	u/RepostSleuthBot	fmfg40d	u/Harsh_Deep_03	fuynet	S	N
2020-04-04 14:58:39.199315	u/vincecripps	fmfg41b	u/neitral-fella	fuyxte	S	I
2020-04-04 14:58:40.223785	u/sh_t72	fmfg47b	u/kiddsky	fmfbtcs	C	N
2020-04-04 14:58:41.219683	u/jvken	fmfg47t	u/sicarus367	fmf0wab	C	N
2020-04-04 14:58:42.482274	u/Mayohnayz	fmfg48x	u/Grand_Ray_Cero	fuvpv8	S	I
2020-04-04 14:58:44.823758	u/alex000679	fmfg492	u/Bob_Le1	futkp5	S	N
2020-04-04 14:58:45.851327	u/MemesMod	fmfg4dn	u/Pooters-spouse	fuz4oe	S	N
2020-04-04 14:58:47.641205	u/hamza1141	fmfg4e2	u/hamza1141	fmfd3ac	C	N
2020-04-04 14:58:48.936013	u/GR33NRU135	fmfg4e6	u/euein	fusocu	S	N
2020-04-04 14:58:55.174410	u/MooperJuice	fmfg4k1	u/5613200888	fmf44oy	C	I
2020-04-04 14:58:56.185099	u/NM_72	fmfg4m3	u/MaiSenpaii2	fuz02i	S	N
2020-04-04 14:58:57.937284	u/Smiec_Lodka_Lad	fmfg4o3	u/extantbuffalo	fmeizm4	C	I
2020-04-04 14:59:00.705478	u/SnapshillBot	fmfg4qu	u/SoaringChard678	fuz4uc	S	N
2020-04-04 14:59:03.687677	u/yelraiser	fmfg4rs	u/Philipp_01	fuv27g	S	I
2020-04-04 14:59:04.621613	u/Toobystr	fmfg4vz	u/Jivenn	fmfg1qa	C	N
2020-04-04 14:59:08.018864	u/_kilometers_	fmfg50s	u/babblebam	fuwbm1	S	I
2020-04-04 14:59:10.917026	u/Tank_Vareli51	fmfg520	u/Fanmeme12345	fuvfek	S	I
2020-04-04 14:59:15.289690	u/FistingUrDad	fmfg52j	u/samuraityphoone	fuvzba	S	N
2020-04-04 14:59:20.360928	u/SnapshillBot	fmfg570	u/DarthTrooper2207	fuz4wc	S	I
2020-04-04 14:59:22.912413	u/_Xand0n_	fmfg59r	u/Bulangiudecalitate	fuyzjo	S	N
2020-04-04 14:59:24.865588	u/Trash4521	fmfg59s	u/Pickle-rickkkkk	fuq955	S	N
2020-04-04 14:59:25.756563	u/MMMSoup69	fmfg59x	u/R4D33	fuz21o	S	I
2020-04-04 14:59:27.683099	u/buddyboi1234567	fmfg5ad	u/rx_wop	fusltj	S	N
2020-04-04 14:59:29.303333	u/KuzonFire11	fmfg5bs	u/Kitebot001	fuy560	S	I
2020-04-04 14:59:31.571127	u/theUnBannableHulk	fmfg5l6	u/Soldierman2020	fmevvi1	C	I
2020-04-04 14:59:33.315370	u/Ozyclan-Anders	fmfg5py	u/DevilHoboCousin	furkus	S	N
2020-04-04 14:59:34.115679	u/lactosefreepotato	fmfg5vd	u/Nickname2088	fmffs2d	C	I
2020-04-04 14:59:37.139775	u/SnapshillBot	fmfg5zl	u/Akira10000	fuz52d	S	N
2020-04-04 14:59:39.443350	u/SnapshillBot	fmfg628	u/Bootiluvr	fuz51p	S	N
2020-04-04 14:59:46.047819	u/bigdepress	fmfg63f	u/Kaiser3130	fmffup0	C	I
2020-04-04 14:59:49.814900	u/SnapshillBot	fmfg64d	u/fabulous_shark	fuz512	S	N
2020-04-04 14:59:54.318201	u/Rootriver	fmfg64v	u/FurryTheCrow	fs8f3v	S	I
2020-04-04 14:59:57.061563	u/hydro-erik	fmfg65u	u/Alexisto15	fuxcgt	S	I
2020-04-04 14:59:58.263180	u/BeNbUcKToO	fmfg6ae	u/Black_Dragon_SAGE	fmfexxc	C	I
2020-04-04 14:59:59.065227	u/itsyourmanagerboi	fmfg6ev	u/Ginou05	fmffryv	C	I
2020-04-04 14:59:59.472176	u/SnapshillBot	fmfg6j0	u/drlqnr	fuz55e	S	I
2020-04-04 14:59:59.608898	u/YK_241212	fmfg6lk	u/aries21___	fmf3sab	C	N
2020-04-04 14:59:59.802399	u/SnapshillBot	fmfg6lp	u/Senomaphoenix	fuz53u	S	I
2020-04-04 14:59:59.916712	u/Bigyeetinto5fences	fmfg6mi	u/Potato_Juices	fmey1vd	C	N
2020-04-04 15:00:00.084569	u/brun0caesar	fmfg6ms	u/expired_mold_79	fuy9f5	S	N
