2020-03-24 03:00:11.755516	u/undercovergangster	flcjbdu	u/Ink_pasta	flc7vmo	C
2020-03-24 03:00:18.869072	u/KoreyWhitcombe	flcjbin	u/NaiveFly8	flc31mx	C
2020-03-24 03:00:43.278074	u/see-yall-in-hell	flcjc2l	u/WoLF-ScrubDaddy	flakr5j	C
2020-03-24 03:00:55.982813	u/another_qwerty_uwu	flcjchy	u/Aceisnothappy	flch0ej	C
2020-03-24 03:01:00.948650	u/Corey_Huncho	flcjcjb	u/HeeeeeeeMan	flcj7vu	C
2020-03-24 03:01:03.335887	u/IOnlyPlayAsBrawler	flcjckr	u/Tamborin2	flarat9	C
2020-03-24 03:01:12.382425	u/ggfoq	flcjcwt	u/thekeenspartan	flcj8od	C
2020-03-24 03:01:28.962523	u/GoldenSleet	flcjdij	u/TheAdimLizard	flbw2bk	C
2020-03-24 03:02:02.188494	u/Donovan238	flcjeec	u/DragonFireSpace	flbrsx8	C
2020-03-24 03:02:17.533326	u/Soapyzh	flcjesm	u/lecreme7	flcbzbx	C
2020-03-24 03:02:40.470112	u/megawolfr	flcjfdp	u/RuffianRolex	fl89ddw	C
2020-03-24 03:02:48.139867	u/Opsu04	flcjfnw	u/differt	flcibuf	C
2020-03-24 03:02:57.564223	u/FakeBlinq	flcjfvt	u/dustooM70	flcfrlf	C
2020-03-24 03:03:27.094125	u/Machonacho7891	flcjgh8	u/No1UNeau	flbzle9	C
2020-03-24 03:03:29.226177	u/Noiriem	flcjghm	u/BleachIF	flc9lwx	C
2020-03-24 03:03:43.611799	u/robmac550	flcjgvs	u/HallMonitorHarry	flcabzs	C
2020-03-24 03:03:46.904597	u/wutermaloneJR	flcjgyb	u/hentai_bender	flcjait	C
2020-03-24 03:03:56.728814	u/svarasbai	flcjh8s	u/ldnq	fijgxyl	C
2020-03-24 03:04:02.081460	u/nicepipestomika	flcjhdb	u/yvngfish	flcj0xi	C
2020-03-24 03:04:36.082224	u/Risktrap	flcji9u	u/Sinavestia	flbxos4	C
2020-03-24 03:04:41.811306	u/yeettheoof	flcjide	u/Peachy_Bubble	flc8l3x	C
2020-03-24 03:05:01.648999	u/FireTruckHose_420	flcjio1	u/thekeenspartan	flcj8ur	C
2020-03-24 03:05:07.818665	u/TwoSoxxx	flcjiww	u/Mementomoritz	flci3hw	C
2020-03-24 03:05:23.616854	u/o0dorgon0o	flcjjki	u/TheBanthaFodder	flcelis	C
2020-03-24 03:05:26.565223	u/Jojoking4231	flcjjm1	u/polkalana	fndrc5	S
2020-03-24 03:05:35.524412	u/Benja-C	flcjjzt	u/Ink_pasta	flc6ysn	C
2020-03-24 03:05:37.488866	u/Complete-Supermarket	flcjk1e	u/inspiredkangaroo4607	flbjp2d	C
2020-03-24 03:05:45.443895	u/lunareclipseunicorn	flcjk8s	u/DeltarUltima	flcaa8x	C
2020-03-24 03:05:53.010112	u/Complete-Supermarket	flcjkfe	u/MJDJ37	flasxa1	C
2020-03-24 03:05:58.857926	u/pirateofmemes	flcjkns	u/_S_P_Y_D_E_R_	flbh1vg	C
2020-03-24 03:06:01.096353	u/abigail-the-female	flcjkow	u/akontonasakis	flcigid	C
2020-03-24 03:06:05.884810	u/Risktrap	flcjksp	u/FlatulantRicebowl	flby7jx	C
2020-03-24 03:06:23.229376	u/ItzTrixterzz	flcjl4y	u/LOGANMG03	flc6lem	C
2020-03-24 03:06:35.599961	u/YeetManJ0nes	flcjlgo	u/wutermaloneJR	flcjgyb	C
2020-03-24 03:06:45.077665	u/TheSunKing_2112	flcjlnj	u/Jermainejgenas	flci7dq	C
2020-03-24 03:06:57.305583	u/Shikhar5	flcjm01	u/kingslime1	flchtia	C
2020-03-24 03:07:00.919199	u/Sapphire871	flcjm55	u/PrestigeAlien	flc3jzs	C
2020-03-24 03:07:10.033315	u/Cziri77	flcjm6o	u/As1anPersuas1an	flcj1p9	C
2020-03-24 03:07:30.172044	u/AtomicChicken325	flcjmr5	u/RepostSleuthBot	flcieyw	C
2020-03-24 03:07:31.934731	u/the_dadric_lord	flcjmrx	u/Worley12393	flci7pz	C
2020-03-24 03:07:50.965361	u/Yeeters-Mcgee	flcjn3v	u/AutoModerator	flcfohr	C
2020-03-24 03:07:58.345457	u/ONETHICCBOIII	flcjne9	u/ustoleusernames	flcgpsp	C
2020-03-24 03:08:08.312410	u/Tops_Gupta	flcjnod	u/TeamZoellaForever	flbtkf0	C
2020-03-24 03:08:14.041908	u/kookymonjster	flcjnrz	u/GhostWyvern	flcdgdc	C
2020-03-24 03:08:15.619882	u/potatogang	flcjns5	u/ChampagneCJ	flbtqz7	C
2020-03-24 03:08:18.612163	u/Coach_From_L4D	flcjnv4	u/Brrrruhhhh	flcixdr	C
2020-03-24 03:08:20.165139	u/Jeeva333	flcjnwr	u/Aertew	flcc60v	C
2020-03-24 03:08:34.379394	u/shittyboy_1oser420	flcjoo0	u/WarlockJusterra	flc9kja	C
2020-03-24 03:08:38.071025	u/uBowiethedog	flcjos8	u/meme_me_Alone	flch844	C
2020-03-24 03:08:41.395361	u/Jbk0	flcjotv	u/Tommymain93950	flbsubj	C
2020-03-24 03:08:42.861176	u/Kuwwa	flcjow5	u/dead_Dimmadome	flchuxi	C
2020-03-24 03:08:44.381652	u/Airsoft_Racoon	flcjozq	u/Synthnova	flcg5ft	C
2020-03-24 03:09:08.667763	u/UberCookieSlayer	flcjpv1	u/YeetManJ0nes	flcjlgo	C
2020-03-24 03:09:10.121781	u/petoe93	flcjpxe	u/mjork1	flch2v0	C
2020-03-24 03:09:11.457519	u/Hallowed_B_Thy_Name	flcjpya	u/RepostSleuthBot	flciyxj	C
2020-03-24 03:09:26.010469	u/iphonexmas	flcjqjg	u/Lorenzo-J-P	flcifi7	C
2020-03-24 03:09:28.339143	u/Mav1688	flcjqmh	u/Endrav3n	flcj5gv	C
2020-03-24 03:09:34.970127	u/thebandwayoflife	flcjr2p	u/Tru_Drone_Videos	flc6t5y	C
2020-03-24 03:09:47.931458	u/No-Boomers321	flcjry6	u/Haarrrri	flcjrf5	C
2020-03-24 03:09:51.594498	u/_W_A_T_	flcjsbb	u/-LJH-	flcgiee	C
2020-03-24 03:10:03.950350	u/kingkong200111	flcjtgf	u/thekeenspartan	flceizw	C
2020-03-24 03:10:06.377090	u/ETnViTaL	flcjtgg	u/crosstowN101	flccb1q	C
2020-03-24 03:10:25.840839	u/Azrael_Fornivald	flcju4h	u/thermonucleardom	flbj8zn	C
2020-03-24 03:10:47.019098	u/cheeze_on_wheeze	flcjuwn	u/NaiveFly8	flc31mx	C
2020-03-24 03:11:00.838663	u/TheHunter_XD	flcjvhe	u/BeNbUcKToO	flcbvtn	C
2020-03-24 03:11:33.974290	u/EchoM09	flcjweu	u/meme_a_licious	flcihgm	C
2020-03-24 03:11:37.894017	u/mYsT1c01	flcjwfw	u/NABadass	flc64v5	C
2020-03-24 03:11:41.213668	u/I_fear_no_mod	flcjwkc	u/Imagine_Squidy	flca190	C
2020-03-24 03:11:49.479495	u/MrCheggersPartyQuiz	flcjwr4	u/PM-ME-YOUR-PASSWORD-	flcetyb	C
2020-03-24 03:11:57.558810	u/feelmyperi	flcjwuk	u/kookymonjster	flcjnrz	C
2020-03-24 03:12:29.900714	u/JaFarjaNearjaBeer	flcjxnz	u/Haarrrri	flcjutt	C
2020-03-24 03:12:33.380636	u/PurpleFirebolt	flcjxq7	u/JOHNT8666	flbygll	C
2020-03-24 03:12:42.617416	u/Bold0ne	flcjy02	u/comixcam	flcg96y	C
2020-03-24 03:13:20.511171	u/dzahir21	flcjz3i	u/witchabusersaretrash	flch4q8	C
2020-03-24 03:13:22.660228	u/BackTireBakhtyar	flcjz3s	u/evelyn_young	flcbbnr	C
2020-03-24 03:13:47.108864	u/Thedudesgaming200000	flcjzic	u/A2X-iZED	flcjhco	C
2020-03-24 03:13:53.404629	u/PoofDough	flcjzkr	u/BleachIF	flc9lwx	C
2020-03-24 03:13:55.558576	u/izuuubito	flcjzlg	u/JstnRktr	flby8wc	C
2020-03-24 03:14:10.467444	u/joeboat123	flck01s	u/carpi01	flcccxg	C
2020-03-24 03:14:52.938266	u/Blixer69	flck1bp	u/Bebe_Yoda-69	flcixhx	C
2020-03-24 03:14:57.034786	u/AntiCommunistForever	flck1di	u/No1UNeau	flbzle9	C
2020-03-24 03:15:03.559886	u/Sharkkaan	flck1in	u/mindathefox	flbv1oj	C
2020-03-24 03:15:06.623496	u/Kix9000	flck1kr	u/TimTheCatOverlord	fl9gfwh	C
2020-03-24 03:15:22.685412	u/SoulSkarm	flck1xv	u/bisexualtapeworms	flborod	C
2020-03-24 03:15:40.403926	u/crankymotor	flck2i6	u/roasted_0reo	flcjfar	C
2020-03-24 03:16:03.281260	u/VaginaYEASTwithTEETH	flck31g	u/Bill2439	flcf4ja	C
2020-03-24 03:16:08.284288	u/bugzfighter	flck36t	u/Alex1331xela	flcejzk	C
2020-03-24 03:16:15.838072	u/mady1992	flck3bg	u/Bill2439	flcf4ja	C
2020-03-24 03:16:20.584247	u/Kix9000	flck3i7	u/TimTheCatOverlord	flck2vm	C
2020-03-24 03:16:41.527585	u/scarletsunsetwarrior	flck44f	u/gnome_rogue	flay8j8	C
2020-03-24 03:16:48.785171	u/k4k4s	flck47a	u/thespeedyforce	flb6dyn	C
2020-03-24 03:16:57.307772	u/JustAKilljoy109	flck4ee	u/imfwee	flcfjqs	C
2020-03-24 03:17:00.877575	u/Epic_Shronk207	flck4lp	u/Abe_james	flcgsoa	C
2020-03-24 03:17:02.659307	u/LoliGayTrap	flck4pu	u/JaFarjaNearjaBeer	flcjupu	C
2020-03-24 03:17:11.436553	u/64145	flck4yg	u/GhostWyvern	flcdgdc	C
2020-03-24 03:17:19.316450	u/JohnTHICC22	flck5gw	u/Lobi1234	flchalz	C
2020-03-24 03:17:21.018533	u/Provibex23	flck5hu	u/darthmenace666	flcg7zw	C
2020-03-24 03:17:23.577687	u/Ak_Jumper_942	flck5ku	u/differt	flcibuf	C
2020-03-24 03:17:32.164345	u/BiasIsActivated	flck5r1	u/juicymemes882	flcjtve	C
2020-03-24 03:17:39.836103	u/UrCommentGayNow	flck622	u/InformalDepth	flcg3iz	C
2020-03-24 03:18:00.353570	u/SandwichMan404	flck6qz	u/firestrom8265	flc5ybk	C
2020-03-24 03:18:01.979546	u/Monarch119	flck6rm	u/GhostWyvern	flcdgdc	C
2020-03-24 03:18:08.427602	u/DarkWarrior137	flck6yz	u/thekeenspartan	flcj9wp	C
2020-03-24 03:18:12.424735	u/million_dolla_guy	flck73b	u/Arkiloon	flck4y0	C
2020-03-24 03:18:34.233703	u/Blyalox	flck87t	u/Little-Explanation	flc7v29	C
2020-03-24 03:18:35.767086	u/mad__memes	flck87y	u/Lucky_Lemon99	flawrqa	C
2020-03-24 03:18:46.852957	u/azarbi	flck8dm	u/rraggie22	flck6g5	C
2020-03-24 03:18:48.216988	u/javiNUX14	flck8e8	u/potatonice	flciujw	C
2020-03-24 03:18:51.085354	u/mInEcAfTmAn	flck8hb	u/SebtheThomasFan1	fk6ed5c	C
2020-03-24 03:18:56.574234	u/deBluFlame	flck8mh	u/casablancas90	flc8v7p	C
2020-03-24 03:19:08.596969	u/69_Hokage	flck8ql	u/javiNUX14	flck7c2	C
2020-03-24 03:19:13.539120	u/GreatOakSeed	flck8yk	u/Jordan_is_tired	flc8z19	C
2020-03-24 03:19:14.717966	u/Ninjaman10p	flck8yy	u/Cziri77	flcjm6o	C
2020-03-24 03:19:20.083934	u/k2yen	flck91c	u/gotchya12354	flb25xy	C
2020-03-24 03:19:24.499315	u/openyoureyes89	flck99j	u/IIChristopher	flcd87t	C
2020-03-24 03:19:33.314394	u/k2yen	flck9i5	u/GypsyMade	flbxr5t	C
2020-03-24 03:19:35.734208	u/my_name_ahhh_walk	flck9nt	u/Star_Fazer	flc7e11	C
2020-03-24 03:19:36.718064	u/xRagd0ll92	flck9ou	u/ax121212	flbm711	C
2020-03-24 03:19:37.701937	u/absurdistpsychonaut	flck9pg	u/Alex1331xela	flcdz7s	C
2020-03-24 03:19:56.251170	u/BattleTranny97	flckafv	u/Jordan_is_tired	flc8z19	C
2020-03-24 03:19:57.162777	u/theknownone849	flckai8	u/maryjanes_AK47	flcie3c	C
2020-03-24 03:19:59.071595	u/Sbros2	flckam6	u/Kazuto1994	flciro1	C
2020-03-24 03:20:08.665457	u/Kritik_Ravicchandran	flckazh	u/swerzy206	flck7yx	C
2020-03-24 03:20:14.770965	u/Shiny_Lloyd	flckb38	u/masculardwarf	flci2wl	C
2020-03-24 03:20:55.487032	u/bananapower0123	flckc79	u/GhostWyvern	flcdgdc	C
2020-03-24 03:21:15.728131	u/drAGONy-5571	flckcma	u/reservior-puppies	flcbvxi	C
2020-03-24 03:21:19.872062	u/psychotic_jimmy	flckcoa	u/yeettheoof	flcjide	C
2020-03-24 03:21:22.135545	u/hellodoiexist	flckcoc	u/NaiveFly8	flc31mx	C
2020-03-24 03:21:25.435177	u/pancake_assassin13	flckcpq	u/fishbishmemes	flcitv6	C
2020-03-24 03:21:37.492805	u/drAGONy-5571	flckd10	u/reservior-puppies	flccdfi	C
2020-03-24 03:21:43.099895	u/Throbbingprepuce	flckd59	u/Synthnova	flc909w	C
2020-03-24 03:21:46.399026	u/tetrah3dr0n	flckd8b	u/N00BMASTER6942096	flc9bna	C
2020-03-24 03:21:54.279859	u/wackadoodle_	flckdbr	u/Daf929	flck5xr	C
2020-03-24 03:22:00.951826	u/Kotzi2_0	flckdgn	u/YaBoiMatato	flcjrmf	C
2020-03-24 03:22:03.178452	u/Emero_Brandon	flckdha	u/AutoModerator	flavj6z	C
2020-03-24 03:22:17.626173	u/heygiggle_arts	flckdq6	u/bebraveyoungchild	flcck9e	C
2020-03-24 03:22:45.251458	u/GamezallniteYT	flckeou	u/Th-legacyoftheador-m	flcke1k	C
2020-03-24 03:22:55.934981	u/_nerdnecc_	flckezt	u/killerre4	flcdcxl	C
2020-03-24 03:23:22.684807	u/heylookapotato	flckfq6	u/VibraniumDragonborn	fl5nrgn	C
2020-03-24 03:23:30.804850	u/kabibovic	flckfxc	u/Synthnova	flc909w	C
2020-03-24 03:23:42.449282	u/ZappierBuzz4	flckg69	u/Dusk618	flc63rf	C
2020-03-24 03:23:44.655344	u/Nesa001	flckg75	u/astonishedplant	fl692u4	C
2020-03-24 03:23:50.535593	u/GhostBO0k	flckgh0	u/creamypastaman	fnzxyj	S
2020-03-24 03:24:20.072325	u/kelpylogan	flckhcj	u/hoodinipotato	flciswd	C
2020-03-24 03:24:38.451180	u/CommunistAtheist	flckhqc	u/FastAppleOG	flckd8q	C
2020-03-24 03:24:42.683725	u/EZWIN1237	flckhuz	u/akingh4	fl9e7ky	C
2020-03-24 03:24:45.695948	u/piigens	flckhye	u/light_day	flc0nx0	C
2020-03-24 03:25:12.530360	u/barnettwi	flckimm	u/Unicornucopia23	flcacrs	C
2020-03-24 03:25:21.081276	u/LordCousinVEVO	flckith	u/Igoyes	flazxpx	C
2020-03-24 03:25:29.209711	u/VaguelyCynical7	flckiw9	u/a_damn_mudkip	flchqw1	C
2020-03-24 03:25:49.753361	u/Paars	flckja7	u/dovedevic	fl2eb1j	C
2020-03-24 03:25:55.637376	u/yagster91	flckjcw	u/VaginaYEASTwithTEETH	flck31g	C
2020-03-24 03:26:00.994600	u/Cow-Tiger	flckjiw	u/Golf_Ball	flboxmt	C
2020-03-24 03:26:09.326418	u/cooldude336	flckjpt	u/TsuShiNe	flch4s4	C
2020-03-24 03:26:24.119243	u/I_EAT_POOP_AMA	flckk8s	u/TheAdimLizard	flbw2bk	C
2020-03-24 03:26:28.886295	u/FKNDAD	flckkcg	u/VaguelyCynical7	flckiw9	C
2020-03-24 03:26:35.818074	u/MajesticSnowLeopard	flckkha	u/GhostBO0k	flckgh0	C
2020-03-24 03:26:56.827484	u/netizen47	flckkzu	u/leaderofthevirgins	flc5wzh	C
2020-03-24 03:27:28.961673	u/iguessijustassumed	flcklyz	u/bugzfighter	flck36t	C
2020-03-24 03:27:32.295587	u/Sage_of_Shadowdale	flckm1v	u/TheAdimLizard	flbw2bk	C
2020-03-24 03:27:39.317536	u/GRIZZ-LEMON	flckma0	u/enough-rope	flcbb80	C
2020-03-24 03:27:42.834591	u/commandoconnor55	flckmbh	u/CaptainHackman	flcfxnf	C
2020-03-24 03:27:50.643437	u/quinten9665	flckmlk	u/i-dont-fuckin-knoe	flcggwp	C
2020-03-24 03:27:56.390414	u/epicadi2	flckmtq	u/Patrick_Bot2	flcgn4w	C
2020-03-24 03:28:00.997470	u/ExperimentalDud	flckn2j	u/Mountain-Respond	flc6cpa	C
2020-03-24 03:28:10.220608	u/Tay_Yang0	flcknhl	u/_jun_yi_	fhabu31	C
2020-03-24 03:28:16.371037	u/jacobmath42	flcknlg	u/MajesticSnowLeopard	flckkha	C
2020-03-24 03:28:17.925969	u/lucifer6966	flcknmy	u/A2X-iZED	flck2xb	C
2020-03-24 03:28:36.581495	u/burritoburkito6	flckods	u/deBluFlame	flck9d9	C
2020-03-24 03:28:46.154362	u/Elon_Musk-2	flckosx	u/NowUKnowMyUsername	flc61qe	C
2020-03-24 03:28:55.290819	u/NotAFilthyCasual05	flckp3o	u/MechanicalMelonz	flc2lsk	C
2020-03-24 03:29:00.150685	u/Arnav_lobo	flckp81	u/iguessijustassumed	flcklyz	C
2020-03-24 03:29:16.518139	u/CookyDuFutur	flckpvg	u/PrestigeAlien	flcjq83	C
2020-03-24 03:29:20.360099	u/Frycken23	flckq19	u/wadszky65	flce3to	C
2020-03-24 03:29:29.130930	u/Redatoir	flckqke	u/Guniepigrider339	flch70u	C
2020-03-24 03:29:30.893853	u/Royboy3000	flckqo7	u/Alm8360NoScoPro	flcb0vh	C
2020-03-24 03:29:38.766331	u/littleasian6969	flckr1k	u/Provibex23	flck5hu	C
2020-03-24 03:29:50.421627	u/AmEdan	flckrnc	u/creamypastaman	flcijqp	C
2020-03-24 03:30:17.747850	u/Kokachi	flcksie	u/Tzar-Sand-Hanitizer	flcjjf8	C
2020-03-24 03:30:53.027406	u/VORT0X	flckt9k	u/firestrom8265	flc5ybk	C
2020-03-24 03:31:03.109201	u/phu_le_le	flckth8	u/BigBotBroth	flcb8pe	C
2020-03-24 03:31:16.370877	u/Everybodyattacknow	flcktot	u/BleachIF	flc9lwx	C
2020-03-24 03:31:19.789820	u/Open_To_Suggestions_	flcktqu	u/hydr0p0lis	flcibwh	C
2020-03-24 03:31:28.630759	u/nic-boi	flcktux	u/A2X-iZED	flcasuw	C
2020-03-24 03:31:44.709030	u/Sirdroftardis8	flckua6	u/IfuM52	flbmm65	C
2020-03-24 03:31:56.579007	u/oxford989	flckum3	u/JustJdog2	flchcjj	C
2020-03-24 03:32:14.871062	u/Ligmaishere	flckv2n	u/BleachIF	flc9lwx	C
2020-03-24 03:32:27.911027	u/trade_kraft	flckvjt	u/Opsu04	flcjfnw	C
2020-03-24 03:32:36.183822	u/RandomeBeing	flckvrs	u/BackTireBakhtyar	flck71r	C
2020-03-24 03:32:42.901003	u/Frost840	flckvvg	u/Pancake_Destroyer612	flc59r0	C
2020-03-24 03:32:49.226010	u/sandr451	flckw6d	u/Tru_Drone_Videos	flchpwm	C
2020-03-24 03:32:53.515780	u/Kirbeyy	flckw91	u/CrystalFuzion	flbb6e6	C
2020-03-24 03:33:04.293682	u/RandomeBeing	flckwse	u/SCRebel2005	flck9d4	C
2020-03-24 03:33:07.569244	u/BLURE4l	flckwx0	u/darthmenace666	flcftdm	C
2020-03-24 03:33:14.057752	u/-Squamous-	flckx1b	u/VaguelyCynical7	flckiw9	C
2020-03-24 03:33:17.515527	u/maninthesky00	flckx7f	u/firestrom8265	flc5ybk	C
2020-03-24 03:33:44.181515	u/Epicgamermoment513	flckxvc	u/aman-angel	fo0zeq	S
2020-03-24 03:34:05.054705	u/steamybathtub	flckyel	u/JohnTHICC22	flck5gw	C
2020-03-24 03:34:15.840664	u/meemujumala	flckysd	u/Axolotl_lobster	fl9ezz4	C
2020-03-24 03:34:31.982355	u/SplffyAlex	flckz66	u/RealisticBlob	flcbfvr	C
2020-03-24 03:34:54.001186	u/Wolfy03-44	flckzkc	u/APenny-ForA-Thought	flc8l9r	C
2020-03-24 03:34:56.026511	u/scarletwitchlasagna	flckzkf	u/VORT0X	flckt9k	C
2020-03-24 03:34:58.036840	u/TheFuntimer	flckznr	u/YourDaddyJor	flckqwq	C
2020-03-24 03:35:39.994038	u/alfa619	flcl14w	u/LoliGayTrap	flckzjv	C
2020-03-24 03:35:41.942504	u/GameplaySLO	flcl16n	u/R-Weeee	flcg1ya	C
2020-03-24 03:35:45.000127	u/s4m3350	flcl17w	u/UrCommentGayNow	flcaxt0	C
2020-03-24 03:35:53.671306	u/Berungee	flcl1gm	u/JoShM00R3	flcfcx7	C
2020-03-24 03:35:55.586493	u/Vojta2907	flcl1gu	u/Open_To_Suggestions_	flcktqu	C
2020-03-24 03:36:17.115062	u/TheApplesaucePony	flcl227	u/SplffyAlex	flckz66	C
2020-03-24 03:36:19.070313	u/KokoChanell21	flcl22o	u/EchoM09	flcjweu	C
2020-03-24 03:36:42.267380	u/ossifeey	flcl311	u/GhostBO0k	flckgh0	C
2020-03-24 03:36:49.541287	u/ImJustRemu	flcl3hr	u/Jassyladd311	flb5g3a	C
2020-03-24 03:36:56.148091	u/Pay-Dough	flcl3pd	u/Synthnova	flc909w	C
2020-03-24 03:37:06.986801	u/TheEngineer7	flcl451	u/_jungshook_	flci6x1	C
2020-03-24 03:37:08.805045	u/reeoofpow	flcl45v	u/DragoDoctor67	flcetif	C
2020-03-24 03:37:11.693873	u/OGVainz	flcl47v	u/FortniteBadRedditGod	flcifvb	C
2020-03-24 03:37:15.152500	u/SUFXsmash	flcl4ek	u/Veyo___	flba8lj	C
2020-03-24 03:37:24.503154	u/Fetcshi	flcl4pm	u/Jordan_is_tired	flc8z19	C
2020-03-24 03:37:33.482170	u/mishmash444	flcl4z7	u/million_dolla_guy	flckjrl	C
2020-03-24 03:37:52.515017	u/TheAngryChickenWing	flcl5fe	u/GrandmasterSlothBoss	flc9jfw	C
2020-03-24 03:38:08.338961	u/bubs_alot	flcl5vx	u/dzahir21	flcjz3i	C
2020-03-24 03:38:09.979931	u/TimerBoom	flcl5y6	u/nic-boi	flcktux	C
2020-03-24 03:38:12.434545	u/DinoDanv7	flcl5zs	u/NoName-NoProblem	flcepej	C
2020-03-24 03:38:14.099682	u/Dinosizedmurloc	flcl61i	u/darthmenace666	flcftdm	C
2020-03-24 03:38:15.800793	u/Djimmes69	flcl634	u/FuzzyPanda-SK	flcgawf	C
2020-03-24 03:38:22.503690	u/moh220051	flcl6e4	u/jcramilos	flcksk8	C
2020-03-24 03:38:30.114146	u/Combine49	flcl6nb	u/VaguelyCynical7	flckiw9	C
2020-03-24 03:38:32.421704	u/cokeacolabottle	flcl6o2	u/AutoModerator	flcfohr	C
2020-03-24 03:38:57.085737	u/Tolarck	flcl7fu	u/TheSpooky531	fla5bnq	C
2020-03-24 03:39:05.180820	u/JoeMomma780	flcl7wd	u/theknownone849	flcl3i1	C
2020-03-24 03:39:10.213235	u/Morty_104	flcl83e	u/The_Nobody_Nowhere	flcei64	C
2020-03-24 03:39:12.236592	u/MaarcMan	flcl863	u/Respect_Paying_Bot	flcl4a5	C
2020-03-24 03:39:13.586170	u/kokaiinikani	flcl86b	u/UberCookieSlayer	flcjpv1	C
2020-03-24 03:39:17.575367	u/Colonel_Kipplar	flcl8b2	u/NaiveFly8	flc31mx	C
2020-03-24 03:39:18.845647	u/ibarney64	flcl8b5	u/jacobmath42	flcknlg	C
2020-03-24 03:39:22.049034	u/ccAbstraction	flcl8fv	u/Iggy_Playz	flce6rv	C
2020-03-24 03:39:28.696110	u/ibarney64	flcl8nr	u/GhostBO0k	flckgh0	C
2020-03-24 03:39:29.850823	u/SwagMaster_007	flcl8p7	u/hydr0p0lis	flcibwh	C
2020-03-24 03:39:31.695761	u/Djimmes69	flcl8up	u/kepz3	flck8xu	C
2020-03-24 03:39:40.759451	u/Slendy58	flcl9em	u/HIROGO	flc3ixw	C
2020-03-24 03:39:41.827695	u/kettyboi98	flcl9ey	u/kabibovic	flckfxc	C
2020-03-24 03:39:46.844310	u/Fadeless_Editz	flcl9qx	u/NoNormiesLol	flbwoog	C
2020-03-24 03:39:49.155825	u/Kilaondarun	flcl9uo	u/Kotzi2_0	flckdgn	C
2020-03-24 03:39:50.460811	u/Wilde04	flcl9yu	u/MajesticSnowLeopard	flckkha	C
2020-03-24 03:39:59.500216	u/ShiroNovell	flclaqr	u/3ndmelife	flc7ci2	C
2020-03-24 03:40:00.057370	u/WolvesandDucks	flclasm	u/NoobSwifty	flcl8e9	C
2020-03-24 03:40:06.181895	u/parkadeigo-gaming	flclb0l	u/Vojta2907	flcl1gu	C
2020-03-24 03:40:24.605725	u/finaddd	flclbbs	u/117_Sins	flcih3d	C
2020-03-24 03:40:58.715854	u/chairemy	flclc4a	u/KokoChanell21	flcl22o	C
2020-03-24 03:41:18.660321	u/UofWahooshington	flclcia	u/akontonasakis	flc3gmk	C
2020-03-24 03:41:24.667611	u/lh3158	flclcl3	u/_jungshook_	flci6x1	C
2020-03-24 03:41:42.147927	u/Mexerd	flcld7y	u/BleachIF	flc9lwx	C
2020-03-24 03:41:55.090736	u/Dwelld	flcldl0	u/santa_loves_cakes	flcl542	C
2020-03-24 03:42:15.765090	u/10_pounds_of_salt	flcle02	u/JesusOnAChair	flclcsq	C
2020-03-24 03:42:21.286931	u/ProjectScorpio2	flcle2h	u/ossifeey	flcl311	C
2020-03-24 03:42:52.505171	u/heloooa	flclele	u/SleepyGhostp	flcc3qz	C
2020-03-24 03:42:58.361171	u/shootdawoop	flclept	u/Antscannabis	fnsj03	S
2020-03-24 03:43:04.713551	u/minscandboo4ever	flclesx	u/DarkWarrior137	flckda6	C
2020-03-24 03:43:06.853214	u/unknown__player	flclesv	u/zach_da_bossss	flbgnj9	C
2020-03-24 03:43:13.263538	u/rostce	flclf0j	u/A2X-iZED	flcarzb	C
2020-03-24 03:43:17.442860	u/GamerAWX	flclf19	u/santa_loves_cakes	flcl542	C
2020-03-24 03:43:43.893340	u/Casemet	flclfkn	u/DaWhiteLight	flcf32o	C
2020-03-24 03:43:50.558622	u/WhosYaDaddyBoi	flclfng	u/kookymonjster	flcjsw0	C
2020-03-24 03:43:56.718227	u/sexforfood	flclfrv	u/Open_To_Suggestions_	flcktqu	C
2020-03-24 03:43:59.903656	u/pieterboehmer	flclfww	u/Respect_Paying_Bot	flcle8e	C
2020-03-24 03:44:15.135028	u/Salzzz_-	flclg7v	u/gameguy238	flcbbob	C
2020-03-24 03:44:17.197560	u/PatrikTheWolf	flclg9g	u/kubsonson	flbjn3l	C
2020-03-24 03:44:35.315613	u/IlIllIlllIIllIIlIlIl	flclgvf	u/AutoModerator	flc8ewf	C
2020-03-24 03:44:53.076157	u/meatdome34	flclhd2	u/lunareclipseunicorn	flcjk8s	C
2020-03-24 03:45:20.670130	u/Matthewhimself	flclhtg	u/Alm8360NoScoPro	flcb0vh	C
2020-03-24 03:45:24.673313	u/yuki_chan1	flclhvh	u/lts_King_Kevin	flc57uv	C
2020-03-24 03:45:28.134480	u/the-poopiest-diaper	flcli09	u/UlteriorIncentive	fnu966	S
2020-03-24 03:45:44.700418	u/kkilbane15	flcli8b	u/drinkin_ur_squirt	flc8zum	C
2020-03-24 03:45:56.374640	u/Myroyes2	flclies	u/ohbabyspence	flclc6w	C
2020-03-24 03:45:59.242663	u/KramKraft	flclih8	u/RepostSleuthBot	flcdpck	C
2020-03-24 03:46:08.626528	u/NZK860	flclioi	u/losttachyon	flc8j29	C
2020-03-24 03:46:15.509031	u/Furystar1703	flclisa	u/Freshorin	flcjt4r	C
2020-03-24 03:46:26.985079	u/imaginePunnything	flclj1d	u/Potatotheooflord	fl5excx	C
2020-03-24 03:46:33.984483	u/PhotoBattleAx	flclj5o	u/JesusOnAChair	flclb4m	C
2020-03-24 03:46:53.580025	u/Haunting_Gazelle	flcljtq	u/xasifzzz	flckdot	C
2020-03-24 03:47:08.042698	u/_Shahnawaz	flclklb	u/117_Sins	flchzy5	C
2020-03-24 03:47:12.529839	u/Scorpionbutwithaface	flclkr4	u/117_Sins	flci6e7	C
2020-03-24 03:47:14.234838	u/robin_capuz	flclksa	u/MoongodRai057	flcdsta	C
2020-03-24 03:47:22.284956	u/nowsk	flcll1f	u/imakememes69420	flc6h9h	C
2020-03-24 03:47:25.906428	u/megamutex	flcll3o	u/117_Sins	flcl5r3	C
2020-03-24 03:47:33.913730	u/Paekman17	flcllh2	u/Kahenkilonlohi	flcl1hs	C
2020-03-24 03:47:40.047212	u/DatOreoBoi	flclllw	u/leaderofthevirgins	flc3zv9	C
2020-03-24 03:47:43.381892	u/GarrisonWhite2	flcllpd	u/KingMegan	fl86ivf	C
2020-03-24 03:47:48.053607	u/Tachanka-Mains	flcllsw	u/ThisIsAnOsmUser	fo0zws	S
2020-03-24 03:47:58.199541	u/razviegras	flcllyq	u/darthmenace666	flcftdm	C
2020-03-24 03:48:04.909662	u/krmakprase6	flclm7h	u/_ImNothing24_	flcjsjc	C
2020-03-24 03:48:17.980935	u/RetrogradeIntellect	flclmv8	u/N006master69	flclj44	C
2020-03-24 03:48:21.881623	u/1000Greninja1	flclmzf	u/hoomaniguess	flc50pa	C
2020-03-24 03:48:29.749396	u/Down200	flcln3n	u/differt	flcibuf	C
2020-03-24 03:48:34.578617	u/Turtle_Dinosaur	flcln4t	u/kelpylogan	flckhcj	C
2020-03-24 03:48:39.990129	u/1000Greninja1	flclnby	u/PrestigeAlien	flc5hk9	C
2020-03-24 03:48:50.544729	u/cuzynut007	flclns8	u/nicepipestomika	flcjmq9	C
2020-03-24 03:48:53.382951	u/BENJIGERT	flclnt4	u/Memesaremylife232	flb6zon	C
2020-03-24 03:49:04.189225	u/Trires	flclo3p	u/MythrilSage	flcjgji	C
2020-03-24 03:49:06.253841	u/Zachja961	flclo64	u/KingdesUniversums	flckw6m	C
2020-03-24 03:49:14.358032	u/foreveronlinee	flclof5	u/differt	flcibuf	C
2020-03-24 03:49:15.634193	u/lamplicker17	flclofo	u/Arkiloon	flcjbo3	C
2020-03-24 03:49:21.792740	u/CramMan40	flclom2	u/Martes_De_Jair	flc7kkf	C
2020-03-24 03:49:28.507339	u/Centerorgan	flclox5	u/Arnav_lobo	flckp81	C
2020-03-24 03:49:34.581094	u/tiniest-bean	flclpel	u/Larioss	flcitf0	C
2020-03-24 03:49:36.735377	u/ashyrinn	flclpgd	u/AmEdan	flckrnc	C
2020-03-24 03:49:39.859989	u/jakobthy	flclpj8	u/wadszky65	flcboe6	C
2020-03-24 03:50:18.364139	u/betoisalreadytaken	flclr7y	u/darthmenace666	flcfx24	C
2020-03-24 03:50:20.686294	u/ashyrinn	flclr90	u/Turtle_Dinosaur	flcln4t	C
2020-03-24 03:50:22.919130	u/SuperPhoneGuyIdk	flclra4	u/moh220051	flclq2o	C
2020-03-24 03:50:41.102096	u/spareserotoninmaam	flclrx5	u/RepostSleuthBot	flayr6n	C
2020-03-24 03:50:48.680067	u/Merck76	flcls7o	u/oofaton	flchra9	C
2020-03-24 03:50:53.555118	u/Da_Noah101	flcls83	u/SplffyAlex	flclpfd	C
2020-03-24 03:51:07.882476	u/daniel5764	flclsi0	u/Kokachi	flckgr0	C
2020-03-24 03:51:36.221290	u/overwatchplayer132	flclt6k	u/Epicgamermoment513	flcl9jw	C
2020-03-24 03:51:43.934178	u/pillow_fucker_69	flcltcu	u/MikanGirl	flcdc94	C
2020-03-24 03:51:47.293826	u/Soco007	flclte6	u/tessellationarium	flc8ssw	C
2020-03-24 03:51:51.737808	u/carnes_2127	flclths	u/GhostBO0k	flckgh0	C
2020-03-24 03:52:11.813247	u/warlock1996	flcltre	u/Opsu04	flcjfnw	C
2020-03-24 03:52:20.588722	u/hydrohomie27	flcltub	u/darthmenace666	flcftdm	C
2020-03-24 03:52:34.817502	u/ManOfJapaneseCulture	flclu7k	u/darthmenace666	flcftdm	C
2020-03-24 03:52:45.133932	u/ScamBot69	flcluhp	u/differt	flcibuf	C
2020-03-24 03:53:08.538173	u/MEME-XD	flclv3j	u/oxford989	flckum3	C
2020-03-24 03:53:14.474788	u/Wajaiii	flclv55	u/Respect_Paying_Bot	flclf92	C
2020-03-24 03:53:22.117730	u/jessicaj94	flclvcl	u/NotAUselessDude	flbzws6	C
2020-03-24 03:53:41.687590	u/gaypussydestroyer69	flclvkn	u/reservior-puppies	flcbvxi	C
2020-03-24 03:53:43.782386	u/Armed-Gamer	flclvky	u/maninthesky00	flckx7f	C
2020-03-24 03:53:45.871637	u/NightHawk364	flclvlj	u/megawolfr	flcja7p	C
2020-03-24 03:53:55.386558	u/Queski_i	flclvue	u/repliesHodor	flcken0	C
2020-03-24 03:54:13.520573	u/VGW436	flclw57	u/Combine49	flcl6nb	C
2020-03-24 03:54:19.696884	u/NothrBrik	flclwdv	u/betoisalreadytaken	flclr7y	C
2020-03-24 03:54:23.941102	u/Edoksil	flclwfs	u/ashtonxxxx	flcegfe	C
2020-03-24 03:54:38.116120	u/zanGetsuGaming	flclwra	u/ChampagneCJ	flbtqz7	C
2020-03-24 03:54:51.940033	u/GreenPolitical	flclx9t	u/ohbabyspence	flclc6w	C
2020-03-24 03:55:02.755568	u/phame3602	flclxn2	u/k2yen	flck9i5	C
2020-03-24 03:55:26.323145	u/thijs1407	flcly7k	u/The_Russian_Spi	flblg6m	C
2020-03-24 03:55:32.334973	u/mtga_n00b	flclyf3	u/AutoModerator	flcfohr	C
2020-03-24 03:55:34.292050	u/weebo24601	flclyf6	u/OoopsAlreadyTaken	flb5jnm	C
2020-03-24 03:55:37.265977	u/BitziOne	flclyg0	u/lecreme7	flcbzbx	C
2020-03-24 03:55:55.100134	u/Axle677	flclytu	u/JesusOnAChair	flclxx0	C
2020-03-24 03:55:57.042129	u/universalpp	flclyu0	u/MyNameIsAnonymous1	flc566p	C
2020-03-24 03:55:58.983906	u/Benlewi	flclyuf	u/tagningz	flckogl	C
2020-03-24 03:56:00.973171	u/WD40911	flclyv7	u/_Wubawubwub_	flciofv	C
2020-03-24 03:56:20.091519	u/retrokirbknowsbest	flclzhr	u/VGW436	flclw57	C
2020-03-24 03:56:21.992073	u/LTG_Wladyslaw_Anders	flclzj5	u/BeNbUcKToO	flch87s	C
2020-03-24 03:56:39.137286	u/Young_Nation_19	flcm00c	u/WitherDood	flcgxt0	C
2020-03-24 03:57:03.223778	u/dombin241	flcm0qb	u/Niz99	flawuir	C
2020-03-24 03:57:06.999223	u/BigDaddyOli	flcm0we	u/kokaiinikani	flcl86b	C
2020-03-24 03:57:15.364739	u/Young_Nation_19	flcm15w	u/FactWizard87	flcfptx	C
2020-03-24 03:57:17.071467	u/Dasher98	flcm15y	u/lordSKULLcRuShr	flc2a8m	C
2020-03-24 03:57:18.938432	u/dombin241	flcm179	u/leonardow97	flaiufd	C
2020-03-24 03:57:38.414950	u/--mike-	flcm1j8	u/hvitrvaldr	flcjiwp	C
2020-03-24 03:57:47.545836	u/general_potato_chet	flcm1u2	u/UrCommentGayNow	flck622	C
2020-03-24 03:57:51.723111	u/GucciNicholasCage	flcm1xk	u/Fjallmar	fl6qrvj	C
2020-03-24 03:57:56.736588	u/Msvd1	flcm233	u/unknown__player	flcli10	C
2020-03-24 03:58:04.787943	u/Safarca	flcm2ay	u/SirCoal06	flcgqis	C
2020-03-24 03:58:38.342025	u/HTT4132	flcm3sj	u/pirouy	fl8xhd9	C
2020-03-24 03:58:42.337808	u/Swiftshooter	flcm3yu	u/RealisticBlob	flcbfvr	C
2020-03-24 03:59:06.446394	u/Zolo_Ore	flcm524	u/Jordan_is_tired	flc8z19	C
2020-03-24 03:59:23.487300	u/Itz_alexx0	flcm5ru	u/Dusk618	flc6g41	C
2020-03-24 03:59:32.724240	u/stonstone	flcm5vn	u/N0Y0U2114	flccn9m	C
2020-03-24 03:59:35.772978	u/Notchad192	flcm64e	u/pffftbs	flbu2l9	C
2020-03-24 03:59:55.950958	u/thinkfloyd79	flcm76v	u/chairemy	flclc4a	C
2020-03-24 03:59:58.446254	u/CrL_cyrez	flcm7cc	u/hyperactief	fkdl1ym	C
