2020-03-30 23:00:32.964785	u/theatrical1ty	flzg039	u/ImpossibleBruh	fl6f47w	C
2020-03-30 23:00:36.536545	u/AlayahIsMyQueen	flzg056	u/Reditovan	flxeniz	C
2020-03-30 23:00:58.463115	u/CoconutCyclone	flzg11l	u/jacob858	flzehlz	C
2020-03-30 23:01:05.624215	u/CasualAnime	flzg1b9	u/Wilmster5	flz9s7f	C
2020-03-30 23:01:40.928825	u/paulx11	flzg2ob	u/odoogan	flzfvzn	C
2020-03-30 23:01:47.918589	u/SpoonfulofMeows	flzg2x8	u/JackHyper	flyrs3a	C
2020-03-30 23:02:02.859134	u/A_Flavorless_Fart	flzg3m9	u/Cruxion	flzdwma	C
2020-03-30 23:02:08.709935	u/gorrillamist	flzg3yf	u/manishdekock	flzb3v1	C
2020-03-30 23:02:19.801491	u/cajaja18	flzg4ij	u/sentinel2873	flz9ihh	C
2020-03-30 23:02:45.357418	u/Unsanctify	flzg5dn	u/Auto-ZonedOut	flz8al8	C
2020-03-30 23:03:17.030543	u/Anniboi	flzg6ov	u/NekoSomething	flykpys	C
2020-03-30 23:03:19.425706	u/Bravesfootball1	flzg6q1	u/FreezeY7	flzb4t2	C
2020-03-30 23:04:35.242575	u/Bossatron987123	flzg9tp	u/AredEagle15	flywi2e	C
2020-03-30 23:05:24.666777	u/Aritilli	flzgbur	u/Masterooo337	flze539	C
2020-03-30 23:05:29.875745	u/stacm614	flzgbzx	u/Wilmster5	flz9s7f	C
2020-03-30 23:05:36.949931	u/unstabel_geraffe	flzgcfa	u/droneflyer35621	flzfr29	C
2020-03-30 23:05:38.889876	u/kitkatkickass	flzgcg6	u/AidanOrsargos	fly3cop	C
2020-03-30 23:05:42.702746	u/smexylemons	flzgcmd	u/Xploiter_RBLX	flviyug	C
2020-03-30 23:05:45.743440	u/Ant_Man72	flzgcok	u/Jondog1	flzg8z5	C
2020-03-30 23:05:47.744901	u/Deku420oof	flzgcr7	u/Gimbard	flzcmjy	C
2020-03-30 23:06:14.315230	u/DoubleTapSkinFlap	flzgdyk	u/BumPirate_69	flzg6sq	C
2020-03-30 23:06:27.015223	u/WatatawYT	flzgeo5	u/ButtercupTeaFlower	flyk8ap	C
2020-03-30 23:06:49.468937	u/ari_3107	flzggci	u/Mushies__	flz45py	C
2020-03-30 23:06:52.156186	u/TheNoobOfAllGames	flzgghe	u/man-i-love-tacos-	flz9o8o	C
2020-03-30 23:07:03.047044	u/mcsweenerr	flzgh11	u/MEMEskratta	flz9awo	C
2020-03-30 23:08:11.157878	u/Prahdigee	flzgk79	u/patate324	flxkubd	C
2020-03-30 23:08:22.476700	u/SpicyFoodQueen	flzgkxp	u/jennajlee92	flzg9wc	C
2020-03-30 23:08:26.312719	u/WHOTOOKMEEP	flzgl3l	u/Sarobos	flzf4ue	C
2020-03-30 23:08:28.476723	u/XYXVXYX	flzgl73	u/Xylor9	flzgj85	C
2020-03-30 23:08:56.633766	u/Shrugswastaken	flzgmm4	u/A_team_of_ants	flytrnu	C
2020-03-30 23:09:01.455956	u/Dexeyt	flzgn3r	u/fualtyzane	flzfhj9	C
2020-03-30 23:09:04.917819	u/DarthDave89	flzgnj4	u/PunchNmunch	flzf4j8	C
2020-03-30 23:09:16.426626	u/Emorett	flzgo86	u/secondtoasterintub	flz3a8l	C
2020-03-30 23:09:24.922856	u/Momol2l	flzgovh	u/AmeriCANmounties6776	flzgex7	C
2020-03-30 23:09:28.602933	u/nochillzone37428	flzgp86	u/OhHeck42	flzdu1t	C
2020-03-30 23:09:36.056796	u/Damn_boi0	flzgpfr	u/AredEagle15	flywi2e	C
2020-03-30 23:10:19.283744	u/superchiva78	flzgspj	u/38474739294747392038	flzec9k	C
2020-03-30 23:10:25.137739	u/XM_Gamezz	flzgsvf	u/AredEagle15	flywi2e	C
2020-03-30 23:10:33.160066	u/LoadsDroppin	flzgtkv	u/Mogg-The-Twin	flz1ava	C
2020-03-30 23:10:52.845302	u/_hirohamada_	flzgu9i	u/Wilmster5	flz9s7f	C
2020-03-30 23:12:16.010149	u/MartyMcFlywalker	flzgysg	u/sooblek	flyx8bs	C
2020-03-30 23:12:56.720730	u/Iwillrestoreprussia	flzh1ie	u/Sele81	flxva9e	C
2020-03-30 23:13:18.091279	u/MShadowEX	flzh2qn	u/builderpepc	flxje1n	C
2020-03-30 23:13:45.588463	u/LegoTFGuy	flzh43y	u/SammyG_06	fly2rbi	C
2020-03-30 23:13:49.790242	u/sandwich-bird	flzh49k	u/AutoModerator	flzgtwp	C
2020-03-30 23:14:34.918295	u/SexyMayonnaiseUwU	flzh6ng	u/BitPumpkin	flyssgh	C
2020-03-30 23:15:06.961247	u/Tripwafflez_	flzh7j1	u/SwitchyMcSwitchface1	fly8vj8	C
2020-03-30 23:15:14.278728	u/MillerFire	flzh7t6	u/Stellar_Odyssey	flz90gr	C
2020-03-30 23:15:36.993636	u/SirWilliam1107	flzh96i	u/Moo58	flzc54w	C
2020-03-30 23:16:46.673203	u/General-Oscar	flzhcm9	u/cakebuilder123	frxjjl	S
2020-03-30 23:16:52.798896	u/yermomtouchedme	flzhd0a	u/odoogan	flzhbar	C
2020-03-30 23:16:57.356679	u/NowFreeToMaim	flzhd1d	u/SharpLemon56	fs0gpy	S
2020-03-30 23:17:00.239219	u/infernobAss777	flzhd5y	u/AutoModerator	flzgtwa	C
2020-03-30 23:18:00.210657	u/Platina_Berlitz	flzhfsr	u/fualtyzane	flzg6ej	C
2020-03-30 23:18:03.231806	u/FlyingZachGaming	flzhfy0	u/NorthernPunk	flzbjiy	C
2020-03-30 23:18:16.323407	u/64assislovedbyme	flzhgm1	u/Random_redditor3626	flzdbm1	C
2020-03-30 23:18:17.804371	u/free-cringe	flzhgmh	u/thicchefty	flz72fp	C
2020-03-30 23:18:24.759160	u/Hello-there336	flzhgua	u/Josh81639	flzfghs	C
2020-03-30 23:18:38.392290	u/trancefate	flzhhex	u/AredEagle15	flywi2e	C
2020-03-30 23:18:41.879740	u/GoodmanLemur	flzhhjd	u/Darkkiller235	fly8wwn	C
2020-03-30 23:18:44.488716	u/dogshitandpiss	flzhhps	u/randomcitizen2-0	flzdkp5	C
2020-03-30 23:18:52.861110	u/Brotato-the-potato	flzhi76	u/fualtyzane	flzhbpm	C
2020-03-30 23:19:06.035623	u/FrostFire501	flzhj43	u/RubyAlgorithm	flzhglo	C
2020-03-30 23:19:17.234366	u/Harko-Luxa	flzhjud	u/Tru_Drone_Videos	flzfclq	C
2020-03-30 23:19:37.496813	u/Cassper88	flzhlac	u/AredEagle15	flywi2e	C
2020-03-30 23:19:48.347563	u/ehowey18	flzhmm7	u/nuttellabadger	flzhifm	C
2020-03-30 23:19:58.307859	u/PheonixblasterYT	flzhoe0	u/generalTRUMP_	flzhnvm	C
2020-03-30 23:20:28.541606	u/RCOficial	flzhpsl	u/PunchNmunch	flzgte5	C
2020-03-30 23:20:33.216302	u/DrTrooMoo	flzhq1i	u/Enterprise_1701_D	flzgbbf	C
2020-03-30 23:20:54.546937	u/DohNaldDick	flzhr28	u/mirthfultale	flyn5e5	C
2020-03-30 23:21:21.591321	u/Mystshade	flzhrvs	u/kikboy15	frzhsp	S
2020-03-30 23:21:31.505736	u/Genn12345	flzhsfe	u/AutoModerator	flzhl15	C
2020-03-30 23:22:10.648677	u/antithesyst	flzhtus	u/DarthKnoll	flzhklc	C
2020-03-30 23:22:40.707065	u/Ethwin	flzhv6i	u/whysomuchtalkingtho	flze00m	C
2020-03-30 23:23:07.447551	u/DudeBro9401	flzhwrj	u/Tru_Drone_Videos	flz1b6p	C
2020-03-30 23:23:24.130983	u/WootHoot47	flzhxf0	u/poopupants200	flzhv9m	C
2020-03-30 23:23:28.292378	u/NoisyDestroyer	flzhxoj	u/AutoModerator	flz1ao4	C
2020-03-30 23:23:30.491008	u/LoopWasTaken	flzhxq6	u/JoeWaffles234	flz4duk	C
2020-03-30 23:23:36.535477	u/RainbowAssFucker	flzhy6t	u/Mari_Ackerman	flzbhr0	C
2020-03-30 23:23:38.684707	u/dianahair23	flzhy9j	u/QueenHays	flzailj	C
2020-03-30 23:24:11.959080	u/Fgxynz	flzi033	u/Wiseonejambo	flzhrvz	C
2020-03-30 23:24:21.814701	u/hypercafspazz	flzi0l8	u/Arandomredittuser	flzhyxm	C
2020-03-30 23:25:40.287320	u/The_Legend120	flzi39r	u/Platina_Berlitz	flzhfsr	C
2020-03-30 23:26:09.817196	u/LiamBlueBlaze	flzi490	u/Phobia---	flzdtlu	C
2020-03-30 23:26:13.523673	u/PJA0307	flzi4ah	u/A_Flavorless_Fart	flzg3m9	C
2020-03-30 23:26:49.188192	u/Lil-Jerry	flzjece	u/Homie_Waffle	flziu0v	C
2020-03-30 23:27:01.824454	u/robin_tierolf	flzjeuf	u/RepostSleuthBot	flz8smg	C
2020-03-30 23:27:07.880282	u/Flaccid3ggroll	flzjf1n	u/WDYMEANITSTAKEN	flzikgo	C
2020-03-30 23:27:17.060247	u/logen3	flzjfio	u/OhHeck42	flzdu1t	C
2020-03-30 23:27:37.773037	u/Kerbaljack	flzjgjz	u/DogeCoinNut22	flz4dnf	C
2020-03-30 23:27:43.499310	u/Joemama789	flzjgqa	u/Sauce_Of_The_Grape	flzjaym	C
2020-03-30 23:28:42.872173	u/Waste_Of_O2	flzjkjh	u/LightquickYT	flzfd4b	C
2020-03-30 23:28:50.062383	u/cupcakeduck	flzjks2	u/Garrett_the_Kitten	flzjez2	C
2020-03-30 23:28:51.629892	u/koolaidpickle17	flzjkwq	u/RamblerTheGambler	frx0t8	S
2020-03-30 23:29:08.057103	u/M0M0Y0K4W4K4M1	flzjm42	u/mentoma	flz6sdt	C
2020-03-30 23:29:19.161318	u/7throbloxian	flzjmpg	u/ack952	flzfioj	C
2020-03-30 23:29:24.890807	u/Altanzik	flzjnbs	u/JAY2988	flzfhal	C
2020-03-30 23:29:30.950395	u/NYKDuke07	flzjo9v	u/Aintneverdonenothin	flzfmgt	C
2020-03-30 23:29:34.964468	u/itfilthyfrankbitch	flzjoqq	u/Wiseonejambo	flzhp7j	C
2020-03-30 23:29:37.466912	u/Ethan_Zudjelovic	flzjoz1	u/Xx_Dweeb_xX	flzjijg	C
2020-03-30 23:29:38.361027	u/owanking69	flzjp08	u/pinkpatiences	flyv5rj	C
2020-03-30 23:29:39.780124	u/aliasdred	flzjp2z	u/randomcitizen2-0	flzdkp5	C
2020-03-30 23:29:51.440170	u/somePOTATO_ro	flzjpyr	u/im-bad-at-names64	fk85s5b	C
2020-03-30 23:29:54.116359	u/StrongArm327	flzjq9t	u/tosety	flz7lvd	C
2020-03-30 23:29:59.351952	u/sarup23	flzjqje	u/Deuce20017	flzj6y5	C
2020-03-30 23:30:12.607544	u/MightyMrRogers	flzjr8g	u/Tru_Drone_Videos	flziexc	C
2020-03-30 23:30:22.149315	u/godofturrets	flzjri0	u/jackerman1235	flzjpcd	C
2020-03-30 23:30:29.862256	u/H3nt4iHunter	flzjrnd	u/Rice_Jap808	flzhei6	C
2020-03-30 23:30:44.288718	u/PotatoeSprinkle2747	flzjsan	u/tangomarkIII	flyui36	C
2020-03-30 23:30:58.807076	u/cookieboi247	flzjsxm	u/AutoModerator	flomwsb	C
2020-03-30 23:31:13.027368	u/Rayney_	flzjtrz	u/Aintneverdonenothin	flzfmgt	C
2020-03-30 23:31:24.299050	u/retarted_maniac	flzju4l	u/A_botello	flzja7c	C
2020-03-30 23:31:34.409737	u/henrriertheman	flzjugc	u/CringeChilly	flto69k	C
2020-03-30 23:31:37.834502	u/TheSnake69420	flzjukc	u/RepostSleuthBot	flynqp3	C
2020-03-30 23:31:59.174516	u/internetBlues	flzjvw4	u/Tru_Drone_Videos	flzgsmg	C
2020-03-30 23:32:25.405422	u/Shadicyer	flzjxgo	u/AutoModerator	flzjww9	C
2020-03-30 23:33:10.112344	u/nileriver_	flzjz9r	u/free-cringe	flzjaz1	C
2020-03-30 23:33:41.139806	u/bigoofpresident	flzk0nv	u/jackerman1235	flzjyi0	C
2020-03-30 23:33:46.931434	u/granty_boi	flzk0sn	u/wampmaster3000	frw4br	S
2020-03-30 23:35:05.274914	u/kahwkx-nsh	flzk3os	u/Orchas	flz3h1f	C
2020-03-30 23:35:11.306718	u/I_Browse_Reddit42069	flzk42u	u/VeryLuciD	flzbh65	C
2020-03-30 23:35:39.257734	u/Pacphoenix1	flzk5cf	u/man-i-love-tacos-	flz9o8o	C
2020-03-30 23:35:48.389953	u/ImperialTowlettes	flzk60w	u/LittleShyt	flzao2g	C
2020-03-30 23:36:07.608857	u/XxHughJanusxX	flzk6qm	u/Sager4435	flzk1if	C
2020-03-30 23:36:11.182674	u/jeffron12345	flzk70d	u/AidanOrsargos	flzice6	C
2020-03-30 23:36:19.607338	u/Robert_the_Vile	flzk784	u/Tru_Drone_Videos	flz1b6p	C
2020-03-30 23:36:39.783329	u/sanic8470	flzk878	u/ewan57	flysw3r	C
2020-03-30 23:36:45.192835	u/Devin_C2205	flzk8bx	u/B4dM3dik	flxpdcb	C
2020-03-30 23:37:22.359451	u/Zoinksscoobs69	flzkabq	u/_Ender_Testicle_	flzjdx7	C
2020-03-30 23:37:50.454989	u/Captain_Waffle	flzkbmf	u/MellyNinj	flz8nn0	C
2020-03-30 23:38:25.394534	u/WantedAutumn55	flzkdcb	u/Trollface20000	fly3ui0	C
2020-03-30 23:38:31.779757	u/crunchyraviolis	flzkdko	u/llamaboss124	flzih68	C
2020-03-30 23:38:56.858527	u/idontleavethehous	flzkfm5	u/Aspen_Alabaster	flzdpn7	C
2020-03-30 23:39:06.346071	u/gimmejoebean	flzkgbx	u/pinkpatiences	flzkewb	C
2020-03-30 23:39:08.206243	u/x_Andy_x_Conda_x	flzkgh9	u/fualtyzane	flzk5fc	C
2020-03-30 23:39:10.029478	u/Doftbr	flzkglg	u/7throbloxian	flzjmpg	C
2020-03-30 23:39:13.848222	u/RavioliiRavioliii	flzkgp8	u/Le_T4rd	flzd8bw	C
2020-03-30 23:40:34.864600	u/CornbreadHelp	flzklbw	u/fualtyzane	flzg7lq	C
2020-03-30 23:41:24.997059	u/0910233013Ea	flzkn0k	u/Drub404	frmkix	S
2020-03-30 23:41:40.070069	u/HalfHazardous	flzknlm	u/Wiseonejambo	flzhrvz	C
2020-03-30 23:42:00.767529	u/MiniatureMety2	flzkoas	u/RepostSleuthBot	flzd9xx	C
2020-03-30 23:42:52.200000	u/fiestadegrandeculo	flzkr1h	u/Wickeddweller	flzc0cd	C
2020-03-30 23:43:09.518566	u/__Why__-	flzkrsi	u/taiaguu	fl8jvme	C
2020-03-30 23:43:25.968689	u/weird_turn_pro	flzksrf	u/mcknightrider	flxn7m2	C
2020-03-30 23:43:37.814382	u/ChinkWithOpinions	flzkt94	u/fualtyzane	flsyrsd	C
2020-03-30 23:44:00.161759	u/Otaku_Sujal	flzktxq	u/JoKeQr	flzko38	C
2020-03-30 23:44:10.001255	u/suck_on_my_left_nut	flzkuez	u/RepostSleuthBot	flyshl8	C
2020-03-30 23:44:14.323848	u/AwkwardlylyAwkward	flzkulf	u/RepostSleuthBot	flyshl8	C
2020-03-30 23:44:26.087448	u/swimmaroo	flzkv1x	u/thepastagodisreal	flzf8ln	C
2020-03-30 23:45:41.907756	u/JoeAndAThird	flzkyrr	u/EntertainersPact	flzd2y8	C
2020-03-30 23:45:47.806883	u/JinxieDrawz	flzkz8v	u/Exotic_Breadstick	flzksw2	C
2020-03-30 23:46:09.033262	u/AvailableWeekend3	flzl0o4	u/AbyssalMailman	flz63vq	C
2020-03-30 23:46:36.249566	u/Dathmalak135	flzl32n	u/Homie_Waffle	flziu0v	C
2020-03-30 23:47:03.355388	u/aspieboy74	flzl4gd	u/wise_crack-cocaine	flyigsq	C
2020-03-30 23:47:09.700197	u/bonus_duk	flzl4vz	u/MAINCRACIO	flz8280	C
2020-03-30 23:47:11.377492	u/seirfemdeef	flzl4x5	u/QueenHays	flzaa9r	C
2020-03-30 23:47:27.691755	u/HarvardBoi69	flzl5rk	u/Limbobutnomadara	flz6en8	C
2020-03-30 23:47:49.868068	u/SirDangus	flzl6l9	u/whenUrealizeIt	flz80cy	C
2020-03-30 23:47:56.137263	u/controversial_pizza	flzl6tr	u/Limbobutnomadara	flz6en8	C
2020-03-30 23:48:02.226091	u/enonymous617	flzl7cx	u/fualtyzane	flzhc7z	C
2020-03-30 23:48:06.949226	u/Greedyblahblah	flzl7in	u/AmishPoser	flzgl8c	C
2020-03-30 23:48:23.354594	u/canucksrule1	flzl8fm	u/-Sir-Duckington-	fs2gp4	S
2020-03-30 23:48:57.368957	u/Hadouken-Donuts	flzlail	u/dr_john_twinkletits	flzdybd	C
2020-03-30 23:49:28.077081	u/l1_styx_1l	flzlbyu	u/Obama_Gaming94	flzj8z7	C
2020-03-30 23:49:30.463927	u/Dil_Pick	flzlccc	u/GuessWhatHeSaid	flzlaz6	C
2020-03-30 23:50:07.748647	u/SincerelyTrue	flzlg6s	u/fualtyzane	flz9meu	C
2020-03-30 23:50:40.192457	u/Draxtheunwoooshable	flzlhjk	u/Scientific_Idiot	flzcrvu	C
2020-03-30 23:51:07.691589	u/thissguyagain	flzlix6	u/Klendagort	flzgfx3	C
2020-03-30 23:51:09.997202	u/FranktheSirMan	flzliyn	u/Sub_to_Pewdiepie2	flyppvf	C
2020-03-30 23:51:23.509822	u/Benjithedog2421	flzljiy	u/AidanOrsargos	flzka2r	C
2020-03-30 23:51:45.047656	u/ListerineAfterOral	flzlkdd	u/Catman419	flz8qr2	C
2020-03-30 23:52:24.983829	u/Shade__slayer	flzlm4t	u/Respect_Paying_Bot	flz2zej	C
2020-03-30 23:52:55.010093	u/BenKappa	flzln7c	u/PJA0307	flzi4ah	C
2020-03-30 23:52:57.168680	u/Retr0_511	flzlnbn	u/Creeper_LORD44	fl60v2c	C
2020-03-30 23:53:03.761706	u/SleekonYT	flzlnmb	u/samoasssgaming	flzelf0	C
2020-03-30 23:53:27.756459	u/Sattman5	flzlom6	u/bluedefender777	flzljwd	C
2020-03-30 23:53:30.975798	u/Scout759	flzlorv	u/samoasssgaming	flzelf0	C
2020-03-30 23:53:43.722795	u/thekingopotatos	flzlpcd	u/Clipped-Gaming	flzg5iy	C
2020-03-30 23:53:57.332566	u/chefkc	flzlpyr	u/AutoModerator	flzki6v	C
2020-03-30 23:54:10.207297	u/frostythesnowchild	flzlqoz	u/RepostSleuthBot	flziwgi	C
2020-03-30 23:54:17.499085	u/Awkward_casual	flzlr31	u/Noahbradley125	flziwpl	C
2020-03-30 23:54:41.675095	u/Shbibe	flzlsgb	u/AredEagle15	flywi2e	C
2020-03-30 23:54:45.687298	u/Accio_sanity	flzlsjh	u/Captain0306	flz0lp1	C
2020-03-30 23:54:47.715744	u/KLLXCAI	flzlsmj	u/retarted_maniac	flzju4l	C
2020-03-30 23:54:56.092236	u/Ultimatetiddielord	flzlt0l	u/Toss_away_my_body	fly4kdk	C
2020-03-30 23:55:29.542824	u/mistwraith1	flzltsz	u/yermomtouchedme	flzh262	C
2020-03-30 23:55:31.432819	u/OafishWither66	flzlttm	u/AutoModerator	flvy83e	C
2020-03-30 23:55:36.196506	u/-UKHD-Fabi	flzltxl	u/Ngroves	flz1t3o	C
2020-03-30 23:55:56.664869	u/Snaggled-Sabre-Tooth	flzlust	u/Tru_Drone_Videos	flxzlft	C
2020-03-30 23:56:08.403866	u/Mati42_24	flzlvlp	u/Superestman	flyiryt	C
2020-03-30 23:56:15.064591	u/BigOunce391	flzlw14	u/brandawg95	flyzclv	C
2020-03-30 23:56:19.515727	u/Star_Man57	flzlw4i	u/unbelievable_owl	flz1vh9	C
2020-03-30 23:56:37.080170	u/ThatDemonPanda	flzlx4m	u/AdityaBabar	flzijve	C
2020-03-30 23:56:57.206439	u/TheToxicPhoenix777	flzlytl	u/coh_z	fly7z9m	C
2020-03-30 23:57:30.307298	u/ExquiAbh	flzlzzo	u/-EzWaY-	flzakdc	C
2020-03-30 23:57:46.087353	u/ltsPricedIn	flzm0yl	u/bigoofpresident	flzjkaf	C
2020-03-30 23:58:00.784672	u/randomredditorXO	flzm20v	u/lazy_potato_07	flxmcx9	C
2020-03-30 23:58:25.762078	u/MantitsToboggan07	flzm3ow	u/dumbbobdumb	flzkf0y	C
2020-03-30 23:58:32.407783	u/boxermaniac7312	flzm41y	u/DrTrooMoo	flzhr6y	C
2020-03-30 23:58:53.277864	u/hatemakeUsername	flzm58g	u/RandomPersonMemes	flycsa4	C
2020-03-30 23:58:57.270473	u/blumer22	flzm5fk	u/Ethwin	flzhv6i	C
2020-03-30 23:59:15.642776	u/Perpetual_Pessimism	flzm6oi	u/bepisisgoodis	flz72e1	C
2020-03-30 23:59:16.751098	u/damn_fine_custard	flzm6ra	u/Tru_Drone_Videos	flzm55h	C
2020-03-30 23:59:24.654061	u/Dustymc456	flzm6yl	u/Coolbob6666	flwgb8c	C
2020-03-30 23:59:36.959165	u/-A_Creative_Username	flzm7w1	u/Catchy_name_lol	flz63og	C
2020-03-30 23:59:51.334288	u/brightorangebulb	flzm95o	u/MartyMcFlywalker	flzgysg	C
2020-03-30 23:59:55.715501	u/Potterhead_15	flzm8zi	u/SMcGrill	flz7bff	C
