2020-03-30 15:00:04.664145	u/Kys_Bi_Bi	fly2ikt	u/Wimpykid2302	flxib2o	C
2020-03-30 15:00:14.148689	u/jazza2400	fly2it2	u/CapnChiknNugget	frq2kh	S
2020-03-30 15:00:19.845450	u/FlyingHounds	fly2iwn	u/Maria_is_virgin	fly2g4f	C
2020-03-30 15:02:14.828279	u/SurfinFeebas	fly2mtr	u/TheSweatyFlash	flxypr1	C
2020-03-30 15:02:26.494775	u/joob123	fly2n11	u/drinkin_ur_squirt	fly20iq	C
2020-03-30 15:02:43.506543	u/AndrewScott1226	fly2no1	u/Gubq	fl5lyk4	C
2020-03-30 15:03:01.210194	u/ViggoDB	fly2obe	u/Wimpykid2302	flxelx9	C
2020-03-30 15:03:34.946893	u/MmmOxygenUWU	fly2p5g	u/giulgu17	flx5rvp	C
2020-03-30 15:04:25.044656	u/itzongaming	fly2qxu	u/pippo_baudo2	flxrwu7	C
2020-03-30 15:05:09.246709	u/Scottleggatt05	fly2sou	u/Lost_ayden	flxe61a	C
2020-03-30 15:05:14.517876	u/neefhuts	fly2sr1	u/Gamegamer360	flxprk0	C
2020-03-30 15:05:42.202768	u/MrGetRekt	fly2tak	u/SunkenCrayon	flxxu5o	C
2020-03-30 15:05:47.459185	u/purplecarrot512	fly2tdo	u/Xach0	flx2dga	C
2020-03-30 15:07:21.638083	u/marac15	fly2xox	u/IntelligentFruit0	fly1re1	C
2020-03-30 15:07:41.317142	u/almightybeesechurger	fly2yi4	u/Nyctophilite	flxr62p	C
2020-03-30 15:07:47.843189	u/EJON501	fly2yq4	u/Wimpykid2302	flxczi9	C
2020-03-30 15:08:01.860839	u/Dr_C_F_	fly46l7	u/ccrankinthatsouljabo	fly3dvq	C
2020-03-30 15:08:21.648217	u/ofuckimakillmyself	fly47mq	u/pippo_baudo2	flxs6ut	C
2020-03-30 15:08:37.858748	u/GMD-Pixel	fly48jm	u/Wimpykid2302	flxczi9	C
2020-03-30 15:08:41.361028	u/OwenTat	fly48sv	u/05Lidhult	fly463d	C
2020-03-30 15:09:22.549892	u/Memecube7	fly4b5d	u/AidanOrsargos	fly41cp	C
2020-03-30 15:09:49.048043	u/Shmoo-11	fly4ctu	u/11_throwaways_later_	fly3vk6	C
2020-03-30 15:09:51.916802	u/MacEnvy	fly4d75	u/LEGALinSCCCA	flvcu1w	C
2020-03-30 15:09:52.682056	u/Izenda	fly4d7u	u/AutoModerator	fly2oln	C
2020-03-30 15:09:55.008515	u/MarvelGeek5321	fly4dfu	u/Gamegamer360	flxprk0	C
2020-03-30 15:09:56.718433	u/MlgGurkeover9000	fly4dic	u/Marrossii	flxs49v	C
2020-03-30 15:10:00.141592	u/YatsuTzalmavet	fly4e1t	u/Yellossss	fly3wum	C
2020-03-30 15:10:11.800860	u/Greylikesreddit	fly4ecr	u/ietsietsiets	flxyyh7	C
2020-03-30 15:10:14.261341	u/gangtur	fly4efo	u/Kmcb4406	flx6fa0	C
2020-03-30 15:10:32.979793	u/Bitzi14	fly4esn	u/Vindovilles	flxkqhn	C
2020-03-30 15:10:58.714904	u/littlepicklemonkey	fly4fj5	u/sillybear25	flxykez	C
2020-03-30 15:11:18.798516	u/DroNiix	fly4gdf	u/Danny-Porter	flx6dbw	C
2020-03-30 15:11:27.434105	u/P-Deezy	fly4gwd	u/RepostSleuthBot	flxzv3v	C
2020-03-30 15:12:39.455927	u/bloody_vyvyan	fly4jep	u/Tader1112	flxx3rm	C
2020-03-30 15:13:17.770270	u/boldbaby545	fly4kga	u/IntelligentFruit0	fly0ljz	C
2020-03-30 15:13:23.397640	u/PancakesOnMe	fly4kii	u/suitable-robot01	fly1wu1	C
2020-03-30 15:13:46.142864	u/mjscott458	fly4l1p	u/AteBitTaco_	fly1hum	C
2020-03-30 15:14:33.927831	u/FAKH89	fly4mqj	u/C3PlastickO	fly1ccj	C
2020-03-30 15:14:36.046618	u/Toss_away_my_body	fly4mql	u/ArishaSmile	flxm8wr	C
2020-03-30 15:15:46.958342	u/squarezloader	fly4oqq	u/zmichaud666	flxqdqp	C
2020-03-30 15:15:51.721453	u/Penguindude2000	fly4oxe	u/kookywookie	fly20mj	C
2020-03-30 15:16:01.018059	u/SCPunited	fly4p9l	u/TheAdimLizard	flxl90i	C
2020-03-30 15:16:23.091395	u/quietZen	fly4pzh	u/racerfree	flwlb52	C
2020-03-30 15:16:36.644377	u/JustSomeoneOverThere	fly4qaz	u/speedoc	flvifrv	C
2020-03-30 15:18:27.571416	u/pigeon-man100	fly4ucc	u/pavilionhp_	fly15pu	C
2020-03-30 15:18:59.441075	u/paublo456	fly4vht	u/gamerwolf213	flxfmwp	C
2020-03-30 15:19:18.350328	u/deantjuuh	fly4wdn	u/Ninbendo1234	flxd4ti	C
2020-03-30 15:19:35.177505	u/Mike212069	fly4x62	u/Subnauseous	fly4bjm	C
2020-03-30 15:19:37.168988	u/Minty_Flower	fly4xjf	u/RedditDude2k	flxtvqi	C
2020-03-30 15:19:40.317176	u/LOLSAME6909	fly4xqa	u/The-Brawl-Shark	fly4su4	C
2020-03-30 15:19:46.644876	u/ChickenMan1337	fly4y8j	u/S1KEX	flxm1jx	C
2020-03-30 15:19:55.982360	u/Grimey_Rick	fly4z5u	u/Riki1996	frrgem	S
2020-03-30 15:19:57.266904	u/FatMacchio	fly4zc8	u/BrozoTheClown26	flxh94u	C
2020-03-30 15:20:15.423277	u/ThatSouthernBoy	fly4zz2	u/Wimpykid2302	flxib2o	C
2020-03-30 15:21:15.167596	u/ElcromElcrom	fly51pt	u/trelium06	flxaooo	C
2020-03-30 15:21:19.911283	u/atbis27	fly51ui	u/slepx	fly2n6x	C
2020-03-30 15:21:48.478587	u/JohnWickBoi69	fly52pw	u/RepostSleuthBot	flxyvh4	C
2020-03-30 15:22:51.004777	u/NinjaNoob31907	fly54ln	u/Observer_Man	fly51b6	C
2020-03-30 15:23:09.471784	u/slayeryamcha	fly55bo	u/DanKou237	fly4jol	C
2020-03-30 15:23:34.046829	u/Maxtherax64	fly560b	u/RepostSleuthBot	fly4m3z	C
2020-03-30 15:23:38.499712	u/Torzerico	fly5623	u/JMacFlint	flxzcic	C
2020-03-30 15:23:43.180570	u/matvolk	fly5633	u/i-like-burnt-bread	flxih9e	C
2020-03-30 15:25:09.007316	u/TheSuaveMonkey	fly59m6	u/DrSquiggly-	flxwzsr	C
2020-03-30 15:25:23.755389	u/WhiteWolfDragon	fly5a6w	u/darkgiIls	fly576u	C
2020-03-30 15:25:34.020012	u/Reading_Rish	fly5aml	u/knnyh	flxar2t	C
2020-03-30 15:26:02.905399	u/YGOfan21	fly5bsz	u/Uc59P	fly52e0	C
2020-03-30 15:26:13.426241	u/sentientparsley	fly5c9a	u/NinjaNoob31907	fly4zsk	C
2020-03-30 15:26:55.485904	u/just_elo_references	fly5dsj	u/Hemlock_Deci	fly50ps	C
2020-03-30 15:27:01.754482	u/GhostsMCPlays	fly5e0e	u/VishSathy	fly5act	C
2020-03-30 15:27:20.530827	u/Cappy9285	fly5f1r	u/STA1RCASE	fly2fjh	C
2020-03-30 15:27:31.496697	u/T0ny_Gunk	fly5fn8	u/TwinSable	fly3swr	C
2020-03-30 15:27:39.684242	u/RTXguy	fly5g7u	u/Marrossii	flxs49v	C
2020-03-30 15:28:10.284898	u/Spookie_Arts5322	fly5hby	u/elongated_man-eater	fly4q93	C
2020-03-30 15:28:19.705704	u/helenasz	fly5hl0	u/Wimpykid2302	flxczi9	C
2020-03-30 15:28:23.419259	u/Woudyns	fly5hop	u/AidanOrsargos	fly5736	C
2020-03-30 15:28:57.336158	u/EliminatedHatred	fly5iw1	u/kind-strangers	flxt615	C
2020-03-30 15:29:02.559756	u/Medouze12	fly5jcv	u/Barrington-the-Brit	flxfghu	C
2020-03-30 15:29:10.028287	u/natethenerd04	fly5jrk	u/SethFruen	flxmc6z	C
2020-03-30 15:29:29.299669	u/NeighborhoodGoat	fly5ku9	u/Jumonuni39	flxpelv	C
2020-03-30 15:29:32.006357	u/OrangeBlubbit	fly5l13	u/Kl0fisch	flufwn1	C
2020-03-30 15:29:39.513651	u/lil_DogeDarkin	fly5lck	u/Pussy_Master_69_420	fly4aql	C
2020-03-30 15:29:41.481563	u/emschroe	fly5ll9	u/Mike212069	fly3voy	C
2020-03-30 15:29:43.304043	u/Cerres	fly5lr8	u/ElectricalFace5	flxye93	C
2020-03-30 15:29:44.190180	u/SayTheNWord02	fly5lrw	u/mohsin-ikram	flxyjxr	C
2020-03-30 15:29:55.131711	u/bogusspear	fly5mf6	u/LilZowsk	flxe3qy	C
2020-03-30 15:30:10.868278	u/Xenon_Heathy	fly5mrb	u/DJninja24	flxr6aq	C
2020-03-30 15:30:23.121321	u/ImmortalZeki	fly5n7d	u/MartinYakuza	fly3uj0	C
2020-03-30 15:30:46.511052	u/I-am-tryxi	fly5o92	u/deadlyp90	flx8ike	C
2020-03-30 15:31:06.510311	u/nowadaykid	fly5opg	u/Marcus-021	flxwehk	C
2020-03-30 15:31:16.060088	u/Frozen_Green	fly5ouz	u/RepostSleuthBot	fly1jjm	C
2020-03-30 15:31:53.851875	u/LelEpicDuck	fly5q4d	u/Dusty-Honey	fly5o7i	C
2020-03-30 15:32:00.662601	u/BingBongBonky	fly5qco	u/OfficialEchoTecho	fly59fw	C
2020-03-30 15:32:08.200497	u/DailyTomato	fly5qn9	u/Marrossii	flxp3dx	C
2020-03-30 15:32:29.411224	u/jeremiahfernandez0	fly6ypa	u/disbandedhawk	flxp8ri	C
2020-03-30 15:32:38.509272	u/GalaxyTron123	fly6yzc	u/oogaboogaNXS	flxmytc	C
2020-03-30 15:33:05.569061	u/JamesaskstherealQs	fly7055	u/SireneHomme	fly602v	C
2020-03-30 15:33:43.358839	u/thecrazypoz	fly714n	u/toad_with_gun	flxv5x9	C
2020-03-30 15:34:52.759114	u/KeepMeFrosty	fly73fc	u/levelup_jar	fly6xo3	C
2020-03-30 15:35:08.725024	u/iam7mza	fly73vn	u/Gamegamer360	flxprk0	C
2020-03-30 15:35:10.781500	u/Trimaxab	fly73w4	u/Sammysoupcat	fly4u49	C
2020-03-30 15:35:12.823644	u/No-Clout	fly73z7	u/RedKing0205	fly5e9z	C
2020-03-30 15:35:17.808494	u/JohnvonKerman	fly745j	u/_1PoopyBoi_	fly6r22	C
2020-03-30 15:36:08.270432	u/Zeldabacon64	fly75ip	u/earthrogue	fly6vls	C
2020-03-30 15:36:19.401910	u/Elkku48	fly764u	u/NoodleSaidSo	flxw7k5	C
2020-03-30 15:36:21.247213	u/hyiony65	fly768v	u/StellarSong	flwvy4c	C
2020-03-30 15:36:31.238723	u/unk214	fly76lz	u/TheRealKyJoe01	fly63na	C
2020-03-30 15:36:46.015453	u/conor5434	fly77if	u/MrSchnapskatze	fly6uz4	C
2020-03-30 15:36:50.514322	u/Snoopy-D	fly77qf	u/poplerhead998	flxwaug	C
2020-03-30 15:37:00.871928	u/SinfulXSo	fly7844	u/idt2	fly6zhh	C
2020-03-30 15:37:06.047611	u/youravgtrash	fly7878	u/NinjaNoob31907	flxzx5o	C
2020-03-30 15:37:07.851740	u/Jonbob2020	fly788i	u/crunchycorndog2	fly75ft	C
2020-03-30 15:37:32.113499	u/wholock3	fly796l	u/FutureHowell	flxcpt3	C
2020-03-30 15:37:33.772620	u/rarefemaleprogrammer	fly79ay	u/charizardfan101	fly6g6s	C
2020-03-30 15:37:35.577615	u/Kronche	fly79cm	u/SippTheDumbJuice	flwu2qz	C
2020-03-30 15:37:53.086704	u/LittleWhiteCore	fly7ae4	u/pippo_baudo2	flxs42j	C
2020-03-30 15:38:00.445395	u/mandodod	fly7asg	u/waffle51_	flxq6vx	C
2020-03-30 15:38:14.022497	u/brughghg-moment	fly7bb5	u/InnocentPineapple21	flx0m1v	C
2020-03-30 15:38:15.588095	u/Reasonable_Marketing	fly7bb9	u/AutoModerator	fly79fo	C
2020-03-30 15:38:53.852365	u/Tiagogm14	fly7cuv	u/Lukaontherun	flwjhzv	C
2020-03-30 15:39:12.823769	u/Dreadfighter5455	fly7dxr	u/Wimpykid2302	flxelx9	C
2020-03-30 15:39:14.745553	u/KareEmanuel	fly7e2b	u/SlinkyCues	fly7bdu	C
2020-03-30 15:39:20.360832	u/luv_last	fly7ef2	u/AJ-Naka-Zayn-Owens	flxg7zc	C
2020-03-30 15:39:36.467447	u/Wombo03	fly7fsa	u/Gamegamer360	flxprk0	C
2020-03-30 15:39:40.544701	u/thefour009	fly7fzm	u/Jon-Joestar	fly1tpc	C
2020-03-30 15:39:43.762517	u/KyouHarisen	fly7g5a	u/NinjaNoob31907	flxzx5o	C
2020-03-30 15:39:45.450163	u/just_el1as	fly7g71	u/NotThePersonYouWant	fly5onq	C
2020-03-30 15:39:54.421610	u/WatermelonsWithGuns	fly7gxp	u/FattyVape74	fly706p	C
2020-03-30 15:39:57.461394	u/Madmonkeman	fly7hc4	u/Vebvorox	fly7dqe	C
2020-03-30 15:40:24.446814	u/cha0s_10	fly7iav	u/PutinExplainsMemes	flwoqjj	C
2020-03-30 15:40:27.940498	u/rdpcatfans_revenge	fly7id0	u/thereapererer	flxeloq	C
2020-03-30 15:40:57.089457	u/Eskobi	fly7jak	u/tanishq1798	flxw1o1	C
2020-03-30 15:41:31.027534	u/chairboiiiiii	fly7k6r	u/R4D33	flxrmw8	C
2020-03-30 15:41:38.264111	u/IngvarrThanosBuster	fly7kgt	u/SillyCookie358	fly688g	C
2020-03-30 15:42:35.525497	u/therandomguy1499	fly7m4s	u/CinKM4D	flh8whz	C
2020-03-30 15:42:46.804738	u/Set8	fly7mka	u/IHNSLD025	fly0pxs	C
2020-03-30 15:43:17.375876	u/Issa_BrownBoi	fly7npk	u/abdelrahmansherief	fly6tj4	C
2020-03-30 15:43:41.979774	u/JedCwik	fly7ocx	u/Waluigi-uwu-	flxapif	C
2020-03-30 15:43:45.414689	u/runningforcookies1	fly7of2	u/AndrewtheGreatGamer	flxidqs	C
2020-03-30 15:44:05.990045	u/akasaiga	fly7ozz	u/Solilunaris	fly538j	C
2020-03-30 15:44:08.193020	u/saadat_the_curry	fly7p0q	u/AidenCross	flxtq1s	C
2020-03-30 15:44:15.984617	u/PariCLOd	fly7pft	u/AutoModerator	fly7b9z	C
2020-03-30 15:44:42.457110	u/TotPot42	fly7qpw	u/Kmcb4406	flx6fa0	C
2020-03-30 15:44:57.944644	u/RoastedOats23	fly7r7a	u/IntelligentFruit0	fly4na6	C
2020-03-30 15:45:14.445683	u/cottonpowfy	fly7roc	u/Anakn-Skywalker	flxuuup	C
2020-03-30 15:45:40.153799	u/Muhamad-Gamer	fly7spn	u/i-finnaly-got-reddit	fly7nwb	C
2020-03-30 15:45:42.235781	u/Jarkoface	fly7srt	u/comic_shinov2	fly3hqx	C
2020-03-30 15:46:04.042045	u/F-C0D3	fly7u56	u/just_el1as	fly7g71	C
2020-03-30 15:46:25.518113	u/Jake2000Reddit	fly7uvv	u/casablancas90	frxkgg	S
2020-03-30 15:46:47.517181	u/teragigo	fly7vkv	u/CowCluckLated	fly6ziq	C
2020-03-30 15:46:59.539860	u/edoardo53	fly7w5n	u/Paul_3003	fly75y7	C
2020-03-30 15:47:01.441274	u/CrayonOrCrayon	fly7w94	u/New-bryt	fly7pvq	C
2020-03-30 15:47:24.084593	u/SnakeUSA	fly7x5l	u/ReadItAlready_	flvzaeu	C
2020-03-30 15:47:28.866049	u/Moonlightsilvercat	fly7x7m	u/downtrim	fly6efj	C
2020-03-30 15:47:38.124114	u/CJGamer011235813	fly7xnj	u/TheOneTEM	flwn5s9	C
2020-03-30 15:47:47.538729	u/AidzoMD	fly7xve	u/North-Concentrate	flxwopv	C
2020-03-30 15:47:59.647907	u/Eman0111061	fly7yi4	u/theminiiestmass	flx2gqb	C
2020-03-30 15:48:39.254353	u/schmidtty62	fly8078	u/h_diabetes	flxnhjw	C
2020-03-30 15:49:06.863452	u/Frannis	fly81ce	u/MythicalX_	flxovov	C
2020-03-30 15:49:28.865014	u/dZyX	fly829h	u/GiantaObecna	fly5kgd	C
2020-03-30 15:49:32.595592	u/raised_by_pet_rock	fly82g1	u/Jake2000Reddit	fly69z3	C
2020-03-30 15:50:31.653177	u/happymasksalesman7	fly85kh	u/AndrewtheGreatGamer	flxidqs	C
2020-03-30 15:50:34.486088	u/Dreaming-Luma	fly85l3	u/longhud	frs8j3	S
2020-03-30 15:50:36.838258	u/Allxenxs	fly85mh	u/Lordicus-dooticus	flxoe7k	C
2020-03-30 15:51:24.082011	u/MrNoodles274	fly86vs	u/AutoModerator	fly7b9z	C
2020-03-30 15:51:44.332227	u/Micaiah-W	fly87fd	u/fishboi9	flxlhti	C
2020-03-30 15:52:13.147036	u/AhYesSpagett	fly88no	u/AutoModerator	fly6143	C
2020-03-30 15:52:27.480815	u/Giocorpcouture	fly88xe	u/FFalcon_Boi	fly5oj5	C
2020-03-30 15:52:32.612117	u/Magiccuponoodles	fly892t	u/AutoModerator	fly7b9z	C
2020-03-30 15:52:45.071969	u/boy_robot_Sky	fly89lm	u/lazy_potato_07	flxmcx9	C
2020-03-30 15:53:34.571270	u/CanOfBeans67	fly8am9	u/rxqnx00	frnbxb	S
2020-03-30 15:53:48.627754	u/the-drunk-potato	fly8b1p	u/Epicgamermoment513	fly8a46	C
2020-03-30 15:54:04.083829	u/splat_tim_hedoesit	fly9f8k	u/Giocorpcouture	fly8ezj	C
2020-03-30 15:54:08.601324	u/margenreich	fly9ffk	u/bluehatgamingNXE	flxdx4w	C
2020-03-30 15:54:45.451156	u/User_Nomi	fly9h9z	u/ironship48	flxyh3i	C
2020-03-30 15:54:51.733217	u/gthesaucekig	fly9hk9	u/canyoueatchicken	fly9f6a	C
2020-03-30 15:55:10.863202	u/FaZe-Moses	fly9ibx	u/Biersteak	fly4gce	C
2020-03-30 15:56:14.638719	u/XxDeathStalkerxX325	fly9kkc	u/patate324	flxkubd	C
2020-03-30 15:56:26.912133	u/PsyberN	fly9l6c	u/SlinkyCues	fly90xh	C
2020-03-30 15:56:46.625684	u/vegar01	fly9lq2	u/Korenlh84	fly9k7s	C
2020-03-30 15:57:24.790308	u/Qui127	fly9n0e	u/CD-operator	flxyfyd	C
2020-03-30 15:57:32.676210	u/Witzmaen	fly9n8m	u/NexxesLooking4memes	fly9hkm	C
2020-03-30 15:57:50.614035	u/the-gamer_	fly9o53	u/picatawithrice123	fly9kuq	C
2020-03-30 15:57:54.608381	u/llamauser	fly9oen	u/AutoModerator	fly93r2	C
2020-03-30 15:57:57.740665	u/1Destro	fly9ojx	u/AidanOrsargos	flxzzxd	C
2020-03-30 15:58:07.009823	u/Communism_-	fly9p39	u/Giocorpcouture	fly8bsb	C
2020-03-30 15:58:38.490776	u/KvassHardbass	fly9q5j	u/dimmiii	fly7ydl	C
2020-03-30 15:58:48.188559	u/ThePastelCactus	fly9qqi	u/NOTdavie53	fly8pns	C
2020-03-30 15:58:54.085511	u/marc44150	fly9r2j	u/RepostSleuthBot	flxlgn3	C
2020-03-30 15:58:58.946421	u/a-freind-of-quasim	fly9rbl	u/dimmiii	fly7ydl	C
2020-03-30 15:59:10.490699	u/Mads_Brusgaard	fly9s11	u/ShadeNLM064pm	flxf8c8	C
2020-03-30 15:59:14.353405	u/Knight0186	fly9s37	u/donutjoe21	flxwi05	C
2020-03-30 15:59:33.373743	u/EarthEast	fly9sp3	u/Moneyprintergobrrrr	fly887d	C
