2020-03-29 07:00:09.105404	u/Batman_Night	fltmnqs	u/sboxtf	flthuoj	C
2020-03-29 07:00:41.884177	u/comics11222	fltmol0	u/InfiniteHwD	fltjrob	C
2020-03-29 07:00:47.877626	u/MyName1sUrName	fltmp03	u/GarrisonWhite2	flti0w6	C
2020-03-29 07:01:02.825891	u/rezku__	fltmp7r	u/Not_Moxxie	flthdus	C
2020-03-29 07:01:16.475148	u/ligmaballzs	fltmpj9	u/Night-Hunter	fltduie	C
2020-03-29 07:01:35.439024	u/pixelator111	fltmpz7	u/BITE-ZA-WARUDO	fltmnzg	C
2020-03-29 07:01:44.463595	u/RedwirePlatinum	fltmq80	u/AutoModerator	fltmnlp	C
2020-03-29 07:01:46.691276	u/tootfacemcgee	fltmq8l	u/RepostSleuthBot	fltm0sy	C
2020-03-29 07:01:59.356482	u/rodrigopk	fltmqh0	u/hannahkildin	fltlz3c	C
2020-03-29 07:02:27.117719	u/Carlos_Estebani	fltmrkh	u/AK24ROCKS	fr13nt	S
2020-03-29 07:02:39.719169	u/AlleaihnaAtinob42069	fltmrvb	u/azarbi	fltgi8d	C
2020-03-29 07:03:04.175763	u/Friviao	fltmsop	u/doumacadan	fltfqt0	C
2020-03-29 07:03:34.466309	u/ParanoiaPaul	fltmtc9	u/ihavepotatoe	fqv2hi	S
2020-03-29 07:03:49.464051	u/Koijari	fltmtmu	u/itz_pinto1234	fltjcdt	C
2020-03-29 07:04:04.108967	u/migawdmeemz	fltmtv9	u/Respect_Paying_Bot	fltmq7x	C
2020-03-29 07:04:15.301785	u/Oppee_	fltmu4v	u/vansh_0765	fltjota	C
2020-03-29 07:04:19.562313	u/simplyexplained123	fltmu7g	u/littlefar	fltmpgg	C
2020-03-29 07:04:46.680570	u/Blatcherite	fltmuwm	u/Tru_Drone_Videos	fltat28	C
2020-03-29 07:04:57.625590	u/mustminecraft	fltmuzf	u/LordJayfeather	fltmsb2	C
2020-03-29 07:05:04.689197	u/d3athpr0xy	fltmv9s	u/AlecDabz	fltmshg	C
2020-03-29 07:05:29.722945	u/KitKatHat537	fltmvrw	u/yousosus	fltlpmg	C
2020-03-29 07:05:44.960940	u/zender23	fltmw5l	u/Darktime_snibu	fltgvqp	C
2020-03-29 07:05:57.910234	u/JasonIsBaad	fltmwjy	u/Not_Moxxie	flthdus	C
2020-03-29 07:06:08.680077	u/8ToInfinity3	fltmwzu	u/DandyDogHead	flsw4us	C
2020-03-29 07:06:13.354600	u/TheNamesMcLaren	fltmx38	u/littlefar	fltmqz4	C
2020-03-29 07:06:24.053863	u/Aromatic_Cygnus	fltmxit	u/TheBookOfSeil	fltl2iu	C
2020-03-29 07:06:51.924877	u/ar363_	fltmyr4	u/xx_deded_xx	fltmwtw	C
2020-03-29 07:06:54.652434	u/ThatWeirdLad	fltmyw4	u/tinythanos	flta2af	C
2020-03-29 07:06:56.490328	u/WonderfulChipmunk6	fltmyxq	u/htg_492	fltmp0b	C
2020-03-29 07:07:20.763382	u/Trump_Did-911	fltmzzl	u/AsadManInAponcho	fltmy2k	C
2020-03-29 07:07:38.633673	u/Menes101	fltn121	u/ContentNicholas	fltgwi8	C
2020-03-29 07:08:08.156372	u/HangDatCactus	fltn282	u/Respect_Paying_Bot	fltn1lq	C
2020-03-29 07:08:09.734383	u/00eleven	fltn2ab	u/AhmadSolo2109	fltgdu7	C
2020-03-29 07:08:31.354923	u/TheCrazyStupidGamer	fltn3ou	u/Q0NX	fltcphi	C
2020-03-29 07:08:42.239631	u/marcxx04	fltn499	u/Night-Hunter	fltduie	C
2020-03-29 07:08:49.386268	u/loyalp	fltn4fr	u/GabeRules	fltmsk6	C
2020-03-29 07:09:08.492423	u/theironlegend248	fltn5ek	u/MaxTheHomie5012	flt645a	C
2020-03-29 07:09:16.396041	u/BiggishAnimal2	fltn5pp	u/bruhh_thisissoepic	fltlare	C
2020-03-29 07:09:21.737966	u/juicer47	fltn5xb	u/Eislieferant1	fltmxfn	C
2020-03-29 07:09:25.628788	u/AnidaTaco	fltn621	u/KittyWithFangs	fltmlxx	C
2020-03-29 07:09:33.565831	u/FlyingRaptor20	fltn6na	u/blondie_the_abuser	fltci45	C
2020-03-29 07:09:36.961132	u/20gijs03	fltn6qm	u/wantfreemcnuggets	fltlm0n	C
2020-03-29 07:10:26.873050	u/whyamihere_01	fltn97g	u/bruhh_thisissoepic	fltlare	C
2020-03-29 07:10:33.964738	u/AdoptedCunt	fltn9cc	u/wo0ooshme	fltinc9	C
2020-03-29 07:10:55.465631	u/NR_Yuno	fltna6i	u/AutoModerator	fltdi9i	C
2020-03-29 07:11:23.927456	u/senpaishinokage	fltnb5e	u/ygbes	fltjl3u	C
2020-03-29 07:12:14.362991	u/LemmingAsche	fltnczu	u/Barry-B-Benson_	fltnbb5	C
2020-03-29 07:12:21.384186	u/maypooletree	fltnd3y	u/Lemonnite_nite	fltn4u2	C
2020-03-29 07:12:27.048052	u/sk3ptica1	fltndae	u/Maras123	fltn9za	C
2020-03-29 07:12:36.659945	u/AdelMadel	fltndjf	u/wardio4	fltiq3s	C
2020-03-29 07:12:43.278396	u/cats-inside-pants	fltndms	u/Steven_2769	fltlddz	C
2020-03-29 07:12:53.062812	u/wigga_higga	fltndsd	u/ultra_maple	fltjgi1	C
2020-03-29 07:12:58.488730	u/KillerRequiem	fltndxv	u/SEBASHE	flro2t7	C
2020-03-29 07:13:01.664650	u/Deminu78	fltne2t	u/--InZane--	fltm5lo	C
2020-03-29 07:14:04.764185	u/BaldCamel21	fltngcz	u/ligmaballzs	fltmpj9	C
2020-03-29 07:14:18.258948	u/tesc00l	fltngu0	u/DangerousHeadhunter	fltm99o	C
2020-03-29 07:14:22.346036	u/13julle06	fltnh3k	u/Crohn1e	fltmn26	C
2020-03-29 07:14:37.730472	u/cheftehini	fltnhoz	u/ottovonnismarck	flte4qd	C
2020-03-29 07:14:46.053617	u/AnonymousFurLover	fltnhys	u/Sergiu2070	fltn66j	C
2020-03-29 07:15:14.444700	u/Windmill_cookie	fltnj9n	u/JxY1989	fltlhzl	C
2020-03-29 07:15:22.984808	u/Anshul1235	fltnjfe	u/psychedelicnothing	fltn4hj	C
2020-03-29 07:15:25.880880	u/DefaultDanceDD	fltnjgm	u/Corlegan	fltg5gd	C
2020-03-29 07:15:46.310528	u/wiccci	fltnjyc	u/Row-well	flt1xln	C
2020-03-29 07:16:02.086129	u/crimpers	fltnkfk	u/Zumi04	fltfon8	C
2020-03-29 07:16:12.738534	u/Punde-Man	fltnkxc	u/AutoModerator	fltfk2m	C
2020-03-29 07:16:39.901981	u/slightly--retarded	fltnm1f	u/Eqwort	fltirut	C
2020-03-29 07:16:41.726189	u/samtt7	fltnm26	u/marcxx04	fltn499	C
2020-03-29 07:16:43.637442	u/JulleBoy55	fltnm45	u/dead-memes-man64	flt26zk	C
2020-03-29 07:16:53.506758	u/lordtweego	fltnmab	u/ggdabs	fqup44	S
2020-03-29 07:17:04.294476	u/chazerz69	fltnmnh	u/minnemjeff	flt16wz	C
2020-03-29 07:17:06.090498	u/eaze5200	fltnmo3	u/emnazee	fltldwz	C
2020-03-29 07:17:07.818330	u/The_locker-Dwight	fltnmpv	u/KamperOffical	fltmho2	C
2020-03-29 07:17:16.177212	u/Hellebardier	fltnn34	u/southouse12	fltmjoh	C
2020-03-29 07:17:25.867537	u/ananysni123	fltnne9	u/Nochman04	flr1l2w	C
2020-03-29 07:17:31.700120	u/Mathster0598	fltnngk	u/Kirito1743	fltmg8u	C
2020-03-29 07:17:37.646156	u/lil_beanie420	fltnnrq	u/peabut_nutters	fr49rg	S
2020-03-29 07:17:50.064673	u/-Xebenkeck-	fltnoi8	u/Gragaten	fltes4g	C
2020-03-29 07:17:56.301403	u/Phantom12098_	fltnon7	u/dead-memes-man64	flt26zk	C
2020-03-29 07:17:57.940094	u/PWS_Doc	fltnonc	u/jaded911	flt3jtr	C
2020-03-29 07:18:21.933491	u/JakeFromImgur	fltnobm	u/ansh_69	fltjs7g	C
2020-03-29 07:18:26.499032	u/ItIsAKSmith	fltnpok	u/MaxTheHomie5012	flt645a	C
2020-03-29 07:18:28.876818	u/bean325	fltnq1i	u/AsadManInAponcho	fltkids	C
2020-03-29 07:18:30.338994	u/minimeistee	fltnq23	u/dead-memes-man64	flt26zk	C
2020-03-29 07:18:49.309530	u/AnUselessUser	fltnqtd	u/Xploiter_RBLX	flsdabk	C
2020-03-29 07:20:04.100225	u/herdleys450	fltnt16	u/wiccci	fltnjyc	C
2020-03-29 07:20:57.240019	u/latin_porcupine	fltnue8	u/dorkonafork	flt9ev7	C
2020-03-29 07:21:25.440033	u/KAMsORn2	fltnvct	u/dead-memes-man64	flt26zk	C
2020-03-29 07:21:40.326343	u/aden042	fltnvum	u/Vikturia	fltm08o	C
2020-03-29 07:21:56.504508	u/Whatdoesthisdoagain	fltnw9f	u/AnnoyingRain5	fltm0cp	C
2020-03-29 07:21:59.754265	u/Jokki68	fltnwbx	u/littlefar	fltns4u	C
2020-03-29 07:22:03.064256	u/pntr3	fltnwej	u/a_dunken_sailor	fltns2w	C
2020-03-29 07:22:17.152771	u/PootisFairyGodmother	fltnwr5	u/LuigiBamba	flth6zn	C
2020-03-29 07:22:35.003884	u/JustNorbi	fltnxt2	u/17Cabbages	fltgn18	C
2020-03-29 07:23:06.895414	u/LlamaMemes4tw	fltnxs8	u/littlefar	fltmw3g	C
2020-03-29 07:23:27.893841	u/1125_2	fltnyqy	u/TsuShiNe	flth5fk	C
2020-03-29 07:23:52.164089	u/alzfiend	fltnzke	u/Original-Reputation	flstjux	C
2020-03-29 07:24:01.164464	u/UnsustainableGrief	fltnzvn	u/13julle06	fltnh3k	C
2020-03-29 07:24:11.734358	u/KENPACHI-KANIIN	flto032	u/jssjonez	flshbb9	C
2020-03-29 07:24:31.773019	u/SilentBob890	flto0nj	u/RegularMatter	flthmds	C
2020-03-29 07:24:39.501493	u/standardhope	flto0xq	u/ExtronDark9	fltexhz	C
2020-03-29 07:24:42.590418	u/Emeraldhelix	flto10x	u/doumacadan	fltfqt0	C
2020-03-29 07:25:03.612052	u/BeGe01	flto1lr	u/ExtronDark9	fltexhz	C
2020-03-29 07:25:07.574861	u/MysticVagabond	flto1sb	u/Ninovui	fltnkcb	C
2020-03-29 07:25:21.171154	u/IndustrialBrother	flto2f6	u/lil_beanie420	fltnnrq	C
2020-03-29 07:25:28.788504	u/gabe_itch9	flto2nz	u/knight-that-says-ni	fltdtur	C
2020-03-29 07:26:49.187663	u/Radu4	flto54y	u/Syburo	fltfwwp	C
2020-03-29 07:27:35.413568	u/Danii_btww	flto6jt	u/TheSpeedyMan	flt24z7	C
2020-03-29 07:27:51.520591	u/Roby7001	flto6zj	u/TsuShiNe	flth5fk	C
2020-03-29 07:27:58.452890	u/YaFriendlyBlackBoi	flto75k	u/pooover	fltj5ff	C
2020-03-29 07:28:16.908763	u/Hercules_ZH	flto7pf	u/AutoModerator	flto62l	C
2020-03-29 07:28:39.069815	u/Fatminister	flto8k9	u/FlameBall128453	flto4iy	C
2020-03-29 07:28:44.690049	u/johnny171717	flto8uf	u/Mathster0598	fltnngk	C
2020-03-29 07:28:47.660122	u/Reorden	flto8w6	u/AutoModerator	flsy2rw	C
2020-03-29 07:28:51.632214	u/CardboardRaffa	flto94c	u/Brokeasslobster	flto34e	C
2020-03-29 07:29:06.905278	u/NotJoeMama420	flto9l8	u/Ciocalatta	flthsv3	C
2020-03-29 07:29:33.680776	u/olive_X3	fltoat9	u/JasonIsBaad	fltmwjy	C
2020-03-29 07:29:46.841332	u/SkylineGT-R	fltoaww	u/MPPlumber	fltac9y	C
2020-03-29 07:29:53.699863	u/Gibary	fltobdx	u/itzdacks	flrja6f	C
2020-03-29 07:30:30.453230	u/ImMoRtAl_KnIgHt3258	fltoc0h	u/AutoModerator	fltgs3h	C
2020-03-29 07:31:11.559284	u/jomarundertun	fltoddu	u/Akai-exe	fltobi8	C
2020-03-29 07:31:42.189845	u/Lucas_005	fltoefh	u/17Cabbages	fltgn18	C
2020-03-29 07:31:48.904480	u/LonelyDazab	fltoeq5	u/pieonthedonkey	flsk1h8	C
2020-03-29 07:31:58.427199	u/Account654Z	fltoevu	u/Anirudha117	fltgh90	C
2020-03-29 07:32:03.992954	u/Raiden1415	fltof01	u/Mr_Green2178	fltodb8	C
2020-03-29 07:32:38.293739	u/Fox155	fltofvk	u/jxcktheripperxx	flt911v	C
2020-03-29 07:33:25.068085	u/julaisstom	fltoh6c	u/MartPlayZzZ	fltg5w7	C
2020-03-29 07:34:02.719606	u/SwedishBacon_	fltoi4h	u/LAIRDjosh	fltoetw	C
2020-03-29 07:34:07.275294	u/Draleon177	fltoieg	u/Ironwill922	flskw1v	C
2020-03-29 07:34:13.357752	u/SuicidalLemur69	fltoiis	u/MediocrePenisNumber6	flq7bkk	C
2020-03-29 07:34:45.887416	u/Deacy_mines_Diamonds	fltojhq	u/spiketowers	fltoi5e	C
2020-03-29 07:34:53.052920	u/CannaisseurFreak	fltojmz	u/LAIRDjosh	fltod61	C
2020-03-29 07:34:59.152588	u/JohnReese2	fltok0n	u/Themurlocking96	flthaqf	C
2020-03-29 07:35:07.540127	u/ThatBoiZach	fltokc5	u/HegardtZ1	fr21q1	S
2020-03-29 07:35:16.114521	u/Aozora404	fltoknv	u/breadchampione	fltjrvb	C
2020-03-29 07:35:38.008794	u/JustCallMeDavid4829	fltol95	u/1BLEES	flf3b51	C
2020-03-29 07:35:44.959215	u/Fuadr1234	fltolgd	u/Spanish-Inquistion	fltnasp	C
2020-03-29 07:35:56.800672	u/Ragnar_The-Red90	fltolzx	u/johnny171717	flto8uf	C
2020-03-29 07:36:05.415622	u/Fensfisan	fltom3w	u/_Tomyx_	fltofnj	C
2020-03-29 07:36:08.267485	u/Orang3had3s	fltom7s	u/KamperOffical	fltmho2	C
2020-03-29 07:36:34.807745	u/KingovV	fltonc1	u/im_mystery666	fltnfay	C
2020-03-29 07:36:48.230100	u/FigurativeCherrySoda	fltonog	u/Windmill_cookie	fltnj9n	C
2020-03-29 07:36:50.015112	u/Yasheed8	fltonqc	u/RepostSleuthBot	fltnbf8	C
2020-03-29 07:37:11.357308	u/Damerch	fltoodk	u/Sly_0dyssey	flte9lt	C
2020-03-29 07:37:47.219249	u/STEREO_CHOI	fltopqp	u/23082009	fltoomv	C
2020-03-29 07:38:04.831983	u/weaponisedtoaster1	fltoqis	u/GoneCluelessHopeful	flqi27t	C
2020-03-29 07:38:16.065174	u/Kingdom_Of_Italy_	fltoqxq	u/rHufflerthe1st	flto7d3	C
2020-03-29 07:38:24.102376	u/Kowai_Man	fltorbc	u/SK1Y101	fltopb5	C
2020-03-29 07:38:33.625594	u/Altec_Fire	fltop6a	u/ContentNicholas	fltni9i	C
2020-03-29 07:38:44.386834	u/RickGrins	fltoro0	u/MysticVagabond	flto1sb	C
2020-03-29 07:38:52.599271	u/Kenshiro_1337	fltos3k	u/rHufflerthe1st	flto5l2	C
2020-03-29 07:39:40.473274	u/sabeninja	fltotwr	u/Giantbox1	flt3sx8	C
2020-03-29 07:39:43.359461	u/Hodor4President	fltotwm	u/igotsomegooddefs	fltlyn3	C
2020-03-29 07:39:47.439229	u/bilbo_teh_hobbit	fltotyi	u/Shoe_Bum_	fltofi9	C
2020-03-29 07:39:54.613549	u/averagenightowl	fltou91	u/leaderofthevirgins	fltbh0g	C
2020-03-29 07:40:12.792405	u/-THOTH_BIN-	fltouql	u/I_Am_Hacob	flsj80r	C
2020-03-29 07:40:19.724719	u/10104momo	fltoutv	u/Raiden1415	fltof01	C
2020-03-29 07:40:37.798175	u/kory5623	fltov8b	u/unknown1true	flt0ri5	C
2020-03-29 07:40:52.342666	u/just_Dan___	fltovpa	u/autumnnrainn	fqx2oc	S
2020-03-29 07:40:58.303545	u/7HelloItsMe7	fltovu9	u/ex10siv	fltfrbc	C
2020-03-29 07:41:01.684124	u/Cyane_pepper	fltovzh	u/I_Like_James_Charles	fltokqa	C
2020-03-29 07:41:05.155114	u/kicknamestakeass_	fltow08	u/DaWhoaloer	flth4y7	C
2020-03-29 07:41:09.757091	u/M5V10E61	fltow66	u/Pranksmeyster	fltongc	C
2020-03-29 07:41:27.738574	u/RelaxItzDax	fltowo2	u/DevilBeater	fltopa6	C
2020-03-29 07:42:31.385745	u/PublicNemesis	fltoy4m	u/pooover	fltj5ff	C
2020-03-29 07:43:05.864750	u/its_rembol	fltozf9	u/shitbot_420	fltoxt9	C
2020-03-29 07:44:11.797099	u/XxEzKillsxX	fltp1fm	u/Respect_Paying_Bot	fltp015	C
2020-03-29 07:44:33.629921	u/red_drinkbottle	fltp214	u/Whatdoesthisdoagain	fltnw9f	C
2020-03-29 07:44:55.145083	u/LilEagl3	fltp2s9	u/17Cabbages	fltgn18	C
2020-03-29 07:45:24.671341	u/Sebbe042	fltp3u0	u/StarvingWalrus	fltnrkk	C
2020-03-29 07:45:33.909028	u/odettebo	fltp40a	u/reek1729	fr1abc	S
2020-03-29 07:45:38.292372	u/Big-Maqi	fltp43m	u/TsuShiNe	flth5fk	C
2020-03-29 07:45:45.167098	u/itsalongwalkhome	fltp4i1	u/chickenlegflipflops	fltoqul	C
2020-03-29 07:45:47.147270	u/britishhoe29	fltp4ji	u/level100metapod	fltlvxs	C
2020-03-29 07:45:49.100505	u/gr33nst33l	fltp4ju	u/FigurativeCherrySoda	fltonog	C
2020-03-29 07:46:07.204697	u/the_cajun88	fltp4xi	u/BigCarlitoBIG	fltj9qr	C
2020-03-29 07:46:14.713083	u/hashtag213	fltp5cr	u/TheMinecraftDerp	fltdzih	C
2020-03-29 07:46:19.005422	u/smaragtie	fltp5i1	u/TsuShiNe	flth5fk	C
2020-03-29 07:46:36.113006	u/bucky_-	fltp5wv	u/olive_X3	flto9kz	C
2020-03-29 07:47:05.808946	u/BroccoliAintThatBad	fltp7df	u/17Cabbages	fltgn18	C
2020-03-29 07:47:14.051922	u/Duke2484	fltp7j6	u/FigurativeCherrySoda	fltonog	C
2020-03-29 07:47:16.656970	u/GMAN7733	fltp7lo	u/AutoModerator	flomwsb	C
2020-03-29 07:47:40.057223	u/GoatOWar	fltp8i6	u/ccarl0tta	fltl0yo	C
2020-03-29 07:47:43.475046	u/MikBros	fltp8kf	u/Cyane_pepper	fltp3e5	C
2020-03-29 07:47:51.668721	u/Vaporwave02	fltp8t0	u/Musab_Nauman	fltp7y7	C
2020-03-29 07:48:03.879193	u/diegoq13	fltp9aa	u/RealCactusKing	fltjuqd	C
2020-03-29 07:48:05.497942	u/ArtWrt147	fltp9ap	u/CringeBoiTheFirst	fltp3fu	C
2020-03-29 07:48:11.512540	u/quietkid-me	fltp9ha	u/psychedelicnothing	fltkgxy	C
2020-03-29 07:48:14.783305	u/PeverseRolarity	fltp9j2	u/GR1FF1NGTON	fltcsxz	C
2020-03-29 07:48:28.778533	u/Maxtrix96	fltp9ut	u/RepostSleuthBot	fltp96c	C
2020-03-29 07:48:32.705621	u/Unleashdemons	fltpa0w	u/Hemlock_Deci	fltp7hu	C
2020-03-29 07:48:34.972696	u/chick3nwingz	fltpa13	u/FigurativeCherrySoda	fltonog	C
2020-03-29 07:48:43.958461	u/Whovian1701	fltpacf	u/yourmemelor	flsk1mz	C
2020-03-29 07:48:48.987525	u/Maks56RUS	fltpagk	u/Musab_Nauman	fr2xut	S
2020-03-29 07:48:53.466107	u/itsjaboijoey	fltpanp	u/ohiseebruh	fltp6h3	C
2020-03-29 07:49:01.162234	u/_damboisensation_	fltpavx	u/SecretGiver	fltit1a	C
2020-03-29 07:49:17.787048	u/YaBoiFrake	fltpbg7	u/RepostSleuthBot	fltnggd	C
2020-03-29 07:49:19.624638	u/DasSh493	fltpbgs	u/letsjakeonit	fltpajm	C
2020-03-29 07:49:21.961180	u/K3N05	fltpbk8	u/dead-memes-man64	flt26zk	C
2020-03-29 07:49:26.253014	u/Arthes0	fltpbph	u/End_Of_The_Line101	fltom3u	C
2020-03-29 07:49:42.413825	u/VarunPratap008	fltpccn	u/-_-Uncommon	fltia6e	C
2020-03-29 07:49:45.286982	u/Blood_Steel	fltpclk	u/blorgune	flto3c1	C
2020-03-29 07:49:46.695322	u/FlamedEnder	fltpcoa	u/ntminh	fltit9m	C
2020-03-29 07:49:47.625570	u/niginger	fltpcql	u/Swishta	fltnoo5	C
2020-03-29 07:49:50.513922	u/High_godboi	fltpd00	u/fvqunds	flt7fus	C
2020-03-29 07:49:53.330330	u/abhay251	fltpd3b	u/holyspacegoat	fltmjqu	C
2020-03-29 07:50:04.845838	u/pelachu	fltpdjt	u/Ada_Wong_	fltp3x2	C
2020-03-29 07:50:42.773233	u/nexum4me	fltpeke	u/bucky_-	fltp5wv	C
2020-03-29 07:50:52.399051	u/PurpleNinja63	fltpeqs	u/Aniphobos	fltizdd	C
2020-03-29 07:50:59.400181	u/jc14uk	fltpeu2	u/Spanish-Inquistion	fltnasp	C
2020-03-29 07:51:11.485404	u/DowntownBreakfast4	fltpezw	u/AnInsaneMoose	fltgcyj	C
2020-03-29 07:51:18.092636	u/paolonoci	fltpf30	u/JoelusMaximus	fltpcji	C
2020-03-29 07:51:21.705795	u/lokotacpl	fltpf37	u/AutoModerator	flomwsb	C
2020-03-29 07:51:30.628489	u/stripedslippers	fltpf98	u/SirShrekTheBrave21	flth0h3	C
2020-03-29 07:51:32.912916	u/Phantom_yeet	fltpf9d	u/cats-inside-pants	fltndms	C
2020-03-29 07:51:46.603706	u/Kid2ReaperZ	fltpfry	u/pelachu	fltpee1	C
2020-03-29 07:52:07.654408	u/JG11Bravo1	fltpgg4	u/AnInsaneMoose	fltgcyj	C
2020-03-29 07:52:15.417559	u/Oliver2112	fltpgmz	u/marshmallow_fluff1	fltk7dt	C
2020-03-29 07:52:42.017610	u/captainkingow	fltphlq	u/Phantom_yeet	fltpf9d	C
2020-03-29 07:53:32.397709	u/RiverTeemo1	fltpiws	u/covidinsemen	flrxv2w	C
2020-03-29 07:53:34.506697	u/hedontevenknow	fltpj0y	u/fualtyzane	flszg4e	C
2020-03-29 07:53:36.630214	u/ghostofexatorp	fltpj14	u/ContentNicholas	fltgwi8	C
2020-03-29 07:53:45.797362	u/FeArHeRzZz	fltpj49	u/britishhoe29	fltp4ji	C
2020-03-29 07:53:59.030133	u/NukerCola	fltpjhp	u/nexum4me	fltpeke	C
2020-03-29 07:54:14.652169	u/Ice-Cold-Cat	fltpjvp	u/Xploiter_RBLX	fls1lp0	C
2020-03-29 07:54:18.875878	u/ewan57	fltpjye	u/darrellmarch	fltphst	C
2020-03-29 07:54:42.596168	u/itsclickerzyt	fltpkkv	u/Ragnar_The-Red90	fltolzx	C
2020-03-29 07:54:59.434251	u/madlad464	fltpl5h	u/I-Like-Your-Moves	flth0ay	C
2020-03-29 07:55:16.204368	u/IzzytheMelody	fltplqe	u/TheBananaToucan	fltiqry	C
2020-03-29 07:55:22.158835	u/vizionheiry	fltplu4	u/Freindlythugs42069	flsvdk2	C
2020-03-29 07:55:35.628108	u/vidiyan2857	fltpm3g	u/FeArHeRzZz	fltpj49	C
2020-03-29 07:56:13.517638	u/CallMeKuro	fltpmzg	u/ConfusedShibaInu	fltpm36	C
2020-03-29 07:56:20.963486	u/Australienz	fltpnb7	u/rHufflerthe1st	flto7d3	C
2020-03-29 07:56:22.960956	u/Lexisbaeok	fltpnbh	u/RegularMatter	flthmds	C
2020-03-29 07:56:45.001418	u/DouweNijssen	fltpnvi	u/LAIRDjosh	fltnzy4	C
2020-03-29 07:56:46.873071	u/ImYourVice	fltpnw5	u/Lemex27	flthx27	C
2020-03-29 07:56:56.943401	u/Just-A_Guy-_	fltpoi3	u/PLAMETREE	fltokne	C
2020-03-29 07:57:59.653191	u/iHaveAglove	fltpq7r	u/rHufflerthe1st	fltozj5	C
2020-03-29 07:58:01.266395	u/dani3l_554	fltpq8f	u/F-Man_95	flo34dv	C
2020-03-29 07:58:30.566682	u/PlayerXYZ1	fltprgp	u/racerfree	flt3u8a	C
2020-03-29 07:58:37.191585	u/Polskoosh	fltprki	u/cowbee_bob	fltiykw	C
2020-03-29 07:58:42.952843	u/JayJay277007	fltprpz	u/vansh_0765	fltjota	C
2020-03-29 07:58:46.552371	u/nerdgrid	fltprt9	u/shashaaaaaank	fltov6s	C
2020-03-29 07:59:02.719011	u/FidgetSpinnetMan	fltps5s	u/AuisGoldpt	fltpach	C
2020-03-29 07:59:05.391136	u/SockySocdSock	fltpscd	u/TheDrDzaster	fltmiqp	C
2020-03-29 07:59:17.260984	u/vietnamese-guy	fltpsy5	u/emnazee	fltldwz	C
2020-03-29 07:59:33.042916	u/hothololonn2	fltpty6	u/Cicallis	fltpr85	C
2020-03-29 07:59:37.096492	u/Keeenaaaa18	fltpu5w	u/LeBoi124	fltmb6r	C
2020-03-29 07:59:40.037857	u/shreklikestopeck420	fltpuca	u/min35vil	fltnh0j	C
2020-03-29 07:59:42.204532	u/R_Not_Alone	fltpuf6	u/MonotonousProtocol	fltpo9a	C
2020-03-29 07:59:54.232013	u/dark_vencocus	fltpurx	u/Maxtrix96	fltp8b7	C
2020-03-29 07:59:56.004526	u/MEH_PL	fltpuwx	u/pooover	fltj5ff	C
