2020-04-13 19:01:06.508406	u/chatlee1	fnbm0c9	u/LonnieBird	fnblyxs	C
2020-04-13 19:01:18.472218	u/FloydTheB1rd	fnbm0ot	u/LolerPlaysThings	fnbavqg	C
2020-04-13 19:01:20.808437	u/beautyofevern	fnbm0pq	u/cestlavie88	fnbkpnd	C
2020-04-13 19:02:51.667744	u/X1-Alpha	fnbm3i2	u/scientia_analytica	fnatbqq	C
2020-04-13 19:03:13.517380	u/Sevigro	fnbm433	u/Bossnessboi	fnb5tks	C
2020-04-13 19:03:49.661074	u/TwiggBeard	fnbnyw6	u/FunnyForWrongReason	fnb7zvw	C
2020-04-13 19:04:00.425773	u/Condanger101	fnbnzja	u/THETANK_420	fnbhbbv	C
2020-04-13 19:04:06.768197	u/SiFiGuy619	fnbnzne	u/representmcforyouth	fnaklxd	C
2020-04-13 19:05:33.860188	u/WowUncreative	fnbo354	u/AlisIsLoopy	fnbeam7	C
2020-04-13 19:06:32.485740	u/CPR850730	fnbo59v	u/ubdoo15	fnb9fxi	C
2020-04-13 19:07:08.085979	u/WormZX	fnbo77m	u/LuigiDanub	fnblre0	C
2020-04-13 19:07:13.087815	u/WormZX	fnbo7qg	u/scientia_analytica	fnbm49s	C
2020-04-13 19:07:44.023034	u/Seedchan	fnbo8wt	u/imhereforthememes4	fnbnbs3	C
2020-04-13 19:08:14.418505	u/icanseeyou2493	fnboa5m	u/IShartedOnUrPillow	fnbnwr8	C
2020-04-13 19:08:34.021873	u/EarthPanther17	fnboat6	u/Darth_Thor	fnb4i2s	C
2020-04-13 19:09:03.112576	u/Chubs-Georgio	fnbobye	u/KritzKriegMM	fnb85sq	C
2020-04-13 19:09:06.900369	u/Aelaan_Bluewood	fnboc36	u/MoTheEski	fnb59sh	C
2020-04-13 19:09:15.642949	u/Dreagerd	fnbocsd	u/ndv-g	fnbobot	C
2020-04-13 19:09:42.341690	u/helicotremor	fnbofbo	u/thorz232	fn9bkii	C
2020-04-13 19:09:57.117941	u/BurningArrows	fnbofzq	u/Merck76	fnblymr	C
2020-04-13 19:10:54.598686	u/NEVS_04	fnboi30	u/NorthernPunk	fnbnm88	C
2020-04-13 19:11:06.398489	u/RikitySphinx	fnboiko	u/MrMcWeasel	fnbnez8	C
2020-04-13 19:11:33.061997	u/Uptospeedfan01	fnboj0x	u/LolerPlaysThings	fnbavqg	C
2020-04-13 19:12:11.319389	u/itsnoturboi	fnbokdu	u/LolerPlaysThings	fnbavqg	C
2020-04-13 19:12:14.729395	u/CMDR_Brimstone_AVM	fnbokee	u/marjooy	fnb7rez	C
2020-04-13 19:13:11.263245	u/I-FAP-TO-SNOO	fnbolp3	u/Slomo-sapien	fnbokhw	C
2020-04-13 19:13:31.443651	u/Richie2182928	fnbomka	u/benjocaz	fnbojb0	C
2020-04-13 19:13:37.845902	u/EhlersChick	fnbomui	u/Dankie_Spankie	fnbi7ld	C
2020-04-13 19:14:03.221262	u/triniLK56	fnbonnt	u/banmeifurgay	fnbg7mf	C
2020-04-13 19:14:42.766183	u/classic-soul	fnbop0b	u/Joseph3504	fnbnmmk	C
2020-04-13 19:14:56.193650	u/HeavyArmsz	fnbopa7	u/LonnieBird	fnblyxs	C
2020-04-13 19:15:16.781990	u/tbhda123	fnbopkc	u/awkwardkg	g0k41l	S
2020-04-13 19:16:04.306843	u/tuanlopclc	fnborcl	u/Shiny_Swamp_Phantom	fnbohsm	C
2020-04-13 19:16:45.920463	u/classic-soul	fnbospw	u/teriyaki_sandwich	fnbkpdz	C
2020-04-13 19:19:09.893762	u/jhabels	fnboymb	u/partlybakedideas	fnak6i8	C
2020-04-13 19:19:40.895516	u/HermanEbber	fnbozt9	u/ICYBOI224	fnboua9	C
2020-04-13 19:20:38.416304	u/Bastianator	fnbp2s6	u/ScaryKarnage	fnbodt0	C
2020-04-13 19:20:48.025231	u/Gunny_McShoot	fnbp30l	u/ODSEESDO	fnaxbcf	C
2020-04-13 19:22:03.543613	u/HolyOmnichrom	fnbp59h	u/irongulum	fnbot43	C
2020-04-13 19:22:17.634067	u/Self-Aware-Idiot	fnbp5lx	u/JosephSwollen	fnbaqkf	C
2020-04-13 19:22:47.820707	u/abbabba0	fnbp5y2	u/Notchle	fnbnnv4	C
2020-04-13 19:24:59.103288	u/JustAOneRedditUser	fnbpa17	u/Pellitos	fnay7w4	C
2020-04-13 19:25:28.161330	u/SmuggyPuss210	fnbpapb	u/magicvortex356	fnbp6o1	C
2020-04-13 19:25:31.177883	u/viriv-on-reddit	fnbpar6	u/SKTurbo	fnbgxe7	C
2020-04-13 19:25:36.283583	u/Lenskyj783	fnbpb8x	u/wv1106	fnbhpyk	C
2020-04-13 19:26:37.814440	u/Ragataurous	fnbpddu	u/ManOfCult1211	fnboc5x	C
2020-04-13 19:26:39.576585	u/Dorsale	fnbpdf9	u/Synthetic-Wagon	fnbcmt3	C
2020-04-13 19:26:52.453708	u/redditspider1234	fnbpdya	u/that_arcane_fella	fnbdvbb	C
2020-04-13 19:26:56.430595	u/SmuggyPuss210	fnbpe3d	u/magicvortex356	fnbpd8i	C
2020-04-13 19:27:03.099656	u/DankBoi282737	fnbpeuj	u/maxwfk	fnbp7bm	C
2020-04-13 19:27:32.552687	u/lagggg44	fnbpfvx	u/FBI-Agent-007	fnbeaaq	C
2020-04-13 19:27:35.578747	u/FrodeSven	fnbpfzn	u/BigOneSecond	fnavjky	C
2020-04-13 19:28:02.242496	u/gogogig	fnbpgof	u/Gongaloon	fmmkua5	C
2020-04-13 19:28:12.412256	u/Seareal_Killer	fnbph2s	u/Imagine-bears	fnbn12u	C
2020-04-13 19:28:28.837037	u/_always_no_	fnbphmy	u/IAmDrChocolate	fnbk8ze	C
2020-04-13 19:28:35.390770	u/EpicFishFingers	fnbphr1	u/FidoTheDisingenuous	fnbmc32	C
2020-04-13 19:29:09.452868	u/CT-Swooshy	fnbpigg	u/Cityboy216	g0o5zt	S
2020-04-13 19:29:10.863225	u/P1P3R2004	fnbpiim	u/idiots_lol	fnbmamf	C
2020-04-13 19:29:46.370682	u/existentialbear	fnbplj1	u/casteliacitysax	fnbcs2t	C
2020-04-13 19:30:10.727732	u/shaddow_kn	fnbpmh1	u/Depressed-Baguette	fnaloon	C
2020-04-13 19:30:41.848261	u/NancokALT	fnbpnb3	u/Quack__Up	fn9mipt	C
2020-04-13 19:30:49.614174	u/Ale_toso01	fnbpnpt	u/nheljar_makotu	fnbkg47	C
2020-04-13 19:31:59.880355	u/FroTimes	fnbppg6	u/Longus96	fnbos58	C
2020-04-13 19:32:04.761529	u/t_aronja	fnbppmu	u/Longus96	fnbpbgg	C
2020-04-13 19:32:15.323315	u/_amo100_	fnbppq7	u/brendanmunsey	fnbhpzj	C
2020-04-13 19:33:29.336886	u/Sleppty	fnbr7gt	u/Gqrry123	g0u3r7	S
2020-04-13 19:33:34.304906	u/RealRupert21	fnbr7jk	u/carterjazz	fnbr2mn	C
2020-04-13 19:33:44.442594	u/Waxymix	fnbr7yl	u/The_night_camel	fnbr69h	C
2020-04-13 19:33:59.857478	u/NigerianSniper	fnbr868	u/oogaboogaNXS	fmzn8z5	C
2020-04-13 19:34:31.859107	u/KobyBurya	fnbr8r5	u/LuigiDanub	fnbl525	C
2020-04-13 19:34:54.163525	u/satansprincess02	fnbr98v	u/Pitbull_Fan_312	fnbbiku	C
2020-04-13 19:35:02.487759	u/spicyasian69	fnbr9qq	u/wealthycashier	fnbd336	C
2020-04-13 19:35:23.540770	u/Waxymix	fnbraj1	u/The_night_camel	fnbr9xj	C
2020-04-13 19:35:42.832588	u/belgianPotatian	fnbrbfn	u/Natzival	fnbr4h5	C
2020-04-13 19:36:18.250795	u/fucktheflyinmyroom	fnbrcdq	u/ToughBeingAPig	fnbr8pp	C
2020-04-13 19:36:44.134777	u/alex20071	fnbrdsz	u/KarlCuddles	fnapb2n	C
2020-04-13 19:37:02.376506	u/jquinn092	fnbrexi	u/notsafeforh0me	fnaaf7x	C
2020-04-13 19:37:18.169089	u/SlappyComics	fnbrfsi	u/idk-what-to-put13	fnbh2bk	C
2020-04-13 19:37:29.690458	u/HueyPancakes	fnbrgjm	u/noconfidencehere69	fnb14rv	C
2020-04-13 19:38:14.414544	u/HeroFlamez1	fnbrhxt	u/_Xand0n_	fnb6x71	C
2020-04-13 19:39:11.242049	u/teambob	fnbrl8s	u/Emperor_O_Memes	fnb6ca9	C
2020-04-13 19:39:12.255844	u/Christopher1228	fnbrldg	u/Natzival	fnbr4h5	C
2020-04-13 19:39:37.636654	u/von_null	fnbrly9	u/carterjazz	fnbrgr8	C
2020-04-13 19:39:42.320858	u/ItzYaBoiElliot69	fnbrmbd	u/darrellmarch	fnazav1	C
2020-04-13 19:39:50.338837	u/lightylad25	fnbrmlw	u/realtywhitefarms	fnbps2h	C
2020-04-13 19:39:57.258163	u/light-switch--	fnbrn3h	u/hehehehkg	fnbrl7s	C
2020-04-13 19:40:23.936396	u/heyitsbilal	fnbrnot	u/Fumik0	g0ijak	S
2020-04-13 19:40:34.184863	u/TheRealWinDexTer	fnbrnze	u/LolerPlaysThings	fnbavqg	C
2020-04-13 19:40:59.572991	u/ironwolf6464	fnbrosg	u/HyperShades	fnbny4p	C
2020-04-13 19:41:04.999897	u/azigari	fnbrov3	u/luke_425	fnao10q	C
2020-04-13 19:41:12.551037	u/Christianb97	fnbrp1i	u/AlexthePhoenix12	fnbatpz	C
2020-04-13 19:42:21.262015	u/snaple_bottlecap	fnbrqlr	u/ironwolf6464	fnbrmez	C
2020-04-13 19:42:28.926797	u/sirlootllamathe3rd	fnbrqp5	u/Kadenmcnoname	fnbrq01	C
2020-04-13 19:42:31.308455	u/koolkidsavesthekat	fnbrqrc	u/stayingaloneinmyroom	fhkdsan	C
2020-04-13 19:43:29.185158	u/darkangel10848	fnbrs77	u/racerfree	fnbqxqb	C
2020-04-13 19:44:22.453793	u/RynMurton	fnbrtdr	u/BigOneSecond	fnavjky	C
2020-04-13 19:44:28.138494	u/coloredboyadvance	fnbrtgg	u/CMemes-Lady	fnbjuyf	C
2020-04-13 19:44:33.798251	u/Odin13245	fnbrtpn	u/f0rg0t_my_passw0rd	fnbrs2f	C
2020-04-13 19:44:35.888550	u/hqkid98	fnbrtq1	u/Bruh_Bot_	fnbrsio	C
2020-04-13 19:44:47.152651	u/kendrik_1337	fnbru33	u/Zandroid007	fnbj5vt	C
2020-04-13 19:45:22.550785	u/Thatisnotmyprobleman	fnbrvbr	u/brendon-is-dad	fnbhq3x	C
2020-04-13 19:45:29.432367	u/_HdDude_	fnbrvle	u/Mechamn42	fnbk2z4	C
2020-04-13 19:45:35.366023	u/hqkid98	fnbrvs6	u/Bruh_Bot_	fnbrule	C
2020-04-13 19:45:37.285798	u/DannyTheGhost	fnbrvvt	u/Lmonman	fnbruhy	C
2020-04-13 19:46:01.666596	u/Amazeballs1327	fnbrwhk	u/Notchle	fnbnjzb	C
2020-04-13 19:46:10.664955	u/SapoHijueput4	fnbrwsr	u/fixxer75	fn9n27i	C
2020-04-13 19:47:14.431599	u/HotLine77Z	fnbryxt	u/LolerPlaysThings	fnbavqg	C
2020-04-13 19:47:52.028412	u/benedict1a	fnbs04a	u/pinetreesrule	fnbnqmc	C
2020-04-13 19:48:03.226758	u/oadex54m	fnbs0hf	u/Im_a_pelican_lord	fnbrrbc	C
2020-04-13 19:48:38.061670	u/dmtdrizzle	fnbs1sd	u/Brudy123	fnbpd96	C
2020-04-13 19:48:39.903577	u/Red-Droid-Blue-Droid	fnbs1wg	u/Danking1346	fnbla7q	C
2020-04-13 19:48:55.490956	u/jackt-up	fnbs2d5	u/Some-MCFC-Fan	fnbrnoo	C
2020-04-13 19:49:19.333130	u/jj10000001	fnbs36w	u/LolerPlaysThings	fnbavqg	C
2020-04-13 19:49:28.276735	u/John_Rawambo	fnbs498	u/xerophiite	fnbrkdc	C
2020-04-13 19:49:29.297211	u/Bogggggg05	fnbs4cm	u/Synthetic-Wagon	fnbcmt3	C
2020-04-13 19:49:39.611563	u/blackleathrseat	fnbs4op	u/wealthycashier	fnbczl2	C
2020-04-13 19:49:53.905821	u/TheFalseScientist	fnbs5hq	u/Condanger101	fnbnzja	C
2020-04-13 19:50:24.878555	u/kellai81	fnbs6rs	u/AskGoverntale	fnbs56s	C
2020-04-13 19:50:50.309747	u/GokusTheName	fnbs759	u/ItsDrBlazar	fnbs4nd	C
2020-04-13 19:50:59.032055	u/Fab1can	fnbs7gi	u/KJTGamer1	fnbr6vk	C
2020-04-13 19:51:10.631581	u/Confuseasfuck	fnbs7tq	u/RedninjaJ	fnb0lau	C
2020-04-13 19:51:32.937606	u/PlasteredPenguin69	fnbs8qv	u/nheljar_makotu	fnbmpj4	C
2020-04-13 19:53:03.137299	u/Alexius_Psellos	fnbsass	u/RepostSleuthBot	fnbpyqa	C
2020-04-13 19:53:12.617335	u/Dorito_Milk	fnbsb9k	u/harshthegoose	fnaxexy	C
2020-04-13 19:53:35.960540	u/JDogg323	fnbsbwz	u/Kadenmcnoname	fnbrr97	C
2020-04-13 19:53:58.154729	u/an-unorthodox-agenda	fnbsccb	u/terribleyasuomain	fn9eegq	C
2020-04-13 19:54:09.761431	u/GalacticCoffee69	fnbscnq	u/Bruh_Bot_	fn7rovk	C
2020-04-13 19:54:32.259378	u/Chavchavadze	fnbsdnj	u/tylee2003	fnbs9bd	C
2020-04-13 19:55:33.576441	u/IcantSeePoor	fnbsfvt	u/wealthycashier	fnbczl2	C
2020-04-13 19:55:35.473985	u/bryanvb	fnbsfyj	u/BananaZeta	fnbqzaz	C
2020-04-13 19:55:52.705382	u/celestialspacewhale	fnbsh8l	u/DemonicPenguin03	fnb9zgy	C
2020-04-13 19:55:57.169689	u/SpiceTrader56	fnbshbt	u/FBI_Agent_82	fnbs2ma	C
2020-04-13 19:56:01.026924	u/abel_to_do	fnbshdv	u/-Nick____	fnbo50g	C
2020-04-13 19:56:17.540162	u/Robototroid	fnbsi0o	u/maxwfk	fnbsgnw	C
2020-04-13 19:56:41.459481	u/Keeganmcpe123	fnbsiwj	u/LolerPlaysThings	fnbavqg	C
2020-04-13 19:56:58.720128	u/saidainz	fnbsjka	u/scientia_analytica	fnatbqq	C
2020-04-13 19:57:05.789072	u/OiHosuke	fnbsju0	u/Respect_Paying_Bot	fnbqal0	C
2020-04-13 19:57:15.211621	u/i-really-hate-naming	fnbsk1u	u/Realbeastmode32	fnbnodc	C
2020-04-13 19:57:31.877016	u/fuck_me_daddyluke	fnbsk3v	u/gullibleperson11	fnbkiig	C
2020-04-13 19:57:42.086262	u/gcjager	fnbskex	u/lightylad25	fnbs9np	C
2020-04-13 19:57:58.464701	u/Totally-good-mAn	fnbslkr	u/TheyreCalledMinerals	fnbsblt	C
2020-04-13 19:58:54.810661	u/whatsligma420	fnbso1y	u/duzy_pierd_z_paruwko	fnajedq	C
2020-04-13 19:59:23.513355	u/1myog1y	fnbsoov	u/Mpdc4	fnan2hb	C
2020-04-13 19:59:32.818229	u/Yeetus-my-meatus69	fnbsp7d	u/Domtrom01	fnbmd0e	C
2020-04-13 19:59:44.021960	u/Lordchromicorn	fnbsppr	u/anniechappie	fnbsai9	C
2020-04-13 19:59:48.496898	u/Amnesia19	fnbsq14	u/maxwfk	fnbspad	C
2020-04-13 19:59:54.787343	u/NyteLyte1	fnbsq8d	u/anniechappie	fnbsai9	C
