2020-03-30 13:00:49.025879	u/bustednapkin	flxpt99	u/Deadpool1021	flxppu3	C
2020-03-30 13:00:56.554033	u/xxethanxx4	flxpthm	u/Gabobadohado	flxojcd	C
2020-03-30 13:01:11.382235	u/ThatDudeOnyx	flxpttj	u/dosShedos	flxpmk6	C
2020-03-30 13:01:29.199005	u/CadeTheFrogger	flxpue0	u/VoidArrow1028	flxpsk4	C
2020-03-30 13:01:34.784472	u/JunnPoon	flxpuod	u/FCBFan05	flxpqo9	C
2020-03-30 13:01:50.542352	u/fanpan1234	flxpveu	u/vjrahul	flxnb6z	C
2020-03-30 13:03:20.926880	u/Sora1992	flxpycc	u/TickleDuckFeathers	flxpvof	C
2020-03-30 13:04:07.036238	u/JATRIWA	flxpzxt	u/roshan231	flwztxl	C
2020-03-30 13:04:17.357566	u/boost437	flxq0a9	u/TickleDuckFeathers	flxpqab	C
2020-03-30 13:04:21.591894	u/anxious_stan	flxq0dq	u/That_Dumb_Flower	flxo0bb	C
2020-03-30 13:04:29.145068	u/Magic_fishXMan8	flxq14a	u/MiddleBox18	flxlk35	C
2020-03-30 13:04:56.244687	u/Sofia_864	flxq25j	u/Cifer88	flwy61b	C
2020-03-30 13:04:59.196916	u/SpeedStar770	flxq2bx	u/RadikalNynorsk	flxh64d	C
2020-03-30 13:05:01.228274	u/youhaveagreatday	flxq2fz	u/Marrossii	flx1ijb	C
2020-03-30 13:05:24.948375	u/KajiaLumi	flxq3ki	u/oogaboogaNXS	flxp8q2	C
2020-03-30 13:05:27.001201	u/MyDadInventedGmail	flxq3nn	u/RepostSleuthBot	flxq1xh	C
2020-03-30 13:05:33.591854	u/titanthemememan	flxq3u9	u/ItsAPmyBros	flxi6vw	C
2020-03-30 13:06:02.049410	u/JustaMan3108	flxq4u7	u/Maxim2572	flx2hsa	C
2020-03-30 13:06:10.515751	u/Biersteak	flxq54r	u/Redisigh	flxhhj5	C
2020-03-30 13:06:53.291630	u/The_ShadowII	flxq6mm	u/CheddarCheese12345	flxponn	C
2020-03-30 13:08:08.596738	u/DenDiS215	flxqahr	u/kyoger_Busted	flxpqeu	C
2020-03-30 13:08:22.186433	u/jasmineittes	flxqb1f	u/RepostSleuthBot	flwwsgr	C
2020-03-30 13:08:24.472712	u/PigsEatWaffles	flxqb8m	u/speedoc	flvifrv	C
2020-03-30 13:08:49.115521	u/sixtheganker	flxqc92	u/Tru_Drone_Videos	flxqahc	C
2020-03-30 13:08:51.186363	u/cwebldweb	flxqc9o	u/chjarlot	flxiltv	C
2020-03-30 13:08:56.597048	u/Nilonar	flxqchz	u/RepostSleuthBot	flxq9lc	C
2020-03-30 13:09:00.479699	u/Home_slice05	flxqcxc	u/CapnChiknNugget	flx6e2d	C
2020-03-30 13:09:02.482259	u/LionGamerTheReal	flxqcxt	u/CaninimTheGreat	flx36ql	C
2020-03-30 13:09:44.407434	u/rc-cars-drones-plane	flxqgcz	u/kingarius1st	flxd1iq	C
2020-03-30 13:09:45.771379	u/Shrexual_Tension	flxqgj2	u/FreezeY7	flxogtr	C
2020-03-30 13:09:59.969620	u/Januaria1981	flxqhv1	u/HelloFellowKidlings	flwyrsh	C
2020-03-30 13:10:09.240819	u/Jimmy_On_Steroids	flxqi57	u/DeathToTheFalseGods	flxpyen	C
2020-03-30 13:10:13.986979	u/ihaveadarkedge	flxqi7c	u/blueeggsandwaffles	flxqaw9	C
2020-03-30 13:11:21.242840	u/creativestl	flxqks6	u/Narocia	flxlcu2	C
2020-03-30 13:11:44.208276	u/Mikey-thechamp-Brian	flxqllt	u/hipartsy	flxpbva	C
2020-03-30 13:11:49.067275	u/yagzkdg	flxqlv6	u/SlowjoeTheTortoise	flxo9ki	C
2020-03-30 13:11:56.548914	u/lub0	flxqm3k	u/josh42390	flx060t	C
2020-03-30 13:12:03.744744	u/Solilunaris	flxqmiy	u/Z4REN	flxmm8g	C
2020-03-30 13:12:16.180921	u/danbozon	flxqmvj	u/Eqwort	flxqeyw	C
2020-03-30 13:12:44.985204	u/nthesmileevil	flxqo02	u/pyro_maniac75	flxqlrw	C
2020-03-30 13:12:50.640973	u/Jokerman5656	flxqob3	u/WorldWreckerYT	flxk4aa	C
2020-03-30 13:13:05.477030	u/Sushipepz	flxqor5	u/foerbi	flxkwxm	C
2020-03-30 13:13:15.132255	u/SlightlyMadGuy	flxqp8o	u/CARLO5ONIC	flxq185	C
2020-03-30 13:14:05.867508	u/mastershooter77	flxqqx0	u/Lokiturner619	flx75ol	C
2020-03-30 13:14:37.168846	u/bearssuperfan	flxqrun	u/Swimmyofreddiy	flxpz7i	C
2020-03-30 13:15:19.763493	u/silvernau	flxqt8v	u/Your_Mother_HA_gotti	flxqrrx	C
2020-03-30 13:15:26.268861	u/SaucedQ	flxqtl3	u/Wimpykid2302	flxczi9	C
2020-03-30 13:15:33.420962	u/thakreyzone	flxqtqc	u/bloodspeed	flxivvc	C
2020-03-30 13:15:40.086229	u/Vae2364	flxqu0a	u/daniel5764	flxpwq9	C
2020-03-30 13:15:44.889947	u/Lord_SillyNipples	flxqu9c	u/yagzkdg	flxqj40	C
2020-03-30 13:15:53.457648	u/Sinitiainen7	flxqumh	u/qweriscooler	flxlt8d	C
2020-03-30 13:16:02.877994	u/Bato03	flxqv5k	u/Wimpykid2302	flxczi9	C
2020-03-30 13:16:31.075003	u/StingRea9	flxqwjw	u/JazJaz123	flxh3nm	C
2020-03-30 13:16:46.627480	u/Tommy-big-peen	flxqxgg	u/Ac_DrAgOn_	flwfg8v	C
2020-03-30 13:17:01.239702	u/DankestMemerEver	flxqxz0	u/Lord_SillyNipples	flxqu9c	C
2020-03-30 13:17:16.070500	u/lj_w	flxqyp0	u/boxchild420	flxbere	C
2020-03-30 13:17:27.037273	u/Pickerington	flxqyzy	u/foerbi	flxkwxm	C
2020-03-30 13:17:29.597073	u/6_420_9	flxqz0x	u/MegaGrimer	flxg0r5	C
2020-03-30 13:17:50.991775	u/Its_Riley_	flxqzzl	u/ohiseebruh	flxqt54	C
2020-03-30 13:18:13.354183	u/Gamegamer360	flxr12m	u/Idhacla	flxqy48	C
2020-03-30 13:18:32.800304	u/wtf-is-this-shit-123	flxr1ti	u/Tru_Drone_Videos	flxqxyk	C
2020-03-30 13:18:42.929735	u/Revoltte	flxr29y	u/EliotHudson	flxqi6t	C
2020-03-30 13:18:45.100285	u/gauge218	flxr2fj	u/ILoveMyFriendAlex	flxqq5x	C
2020-03-30 13:18:48.482070	u/mosiver	flxr2jt	u/boxchild420	flxbere	C
2020-03-30 13:19:07.971145	u/solidsnakeeeeeeeeee	flxr3md	u/elmilio6565	flxqyda	C
2020-03-30 13:19:21.655377	u/Reimxz	flxr4p4	u/Respect_Paying_Bot	flx15kd	C
2020-03-30 13:19:37.683345	u/Hangrypigeon	flxr65e	u/Snook0116	flxffjc	C
2020-03-30 13:19:50.927436	u/Melondrizzle	flxr7a6	u/Wimpykid2302	flxelx9	C
2020-03-30 13:19:57.257192	u/aceofdiamonds42	flxr83l	u/RepostSleuthBot	flxqqj2	C
2020-03-30 13:19:58.811769	u/nottheginosaji	flxr8a7	u/Sceptilefriend	flwzkv4	C
2020-03-30 13:20:37.806187	u/ellWatully	flxr9vp	u/Despair4All	flwybsb	C
2020-03-30 13:20:45.993340	u/UltraSmurf56	flxra69	u/Embarrassed-Smoke	flxpoke	C
2020-03-30 13:21:31.382209	u/SkullB0ss	flxrbqo	u/Mohit_37	flxkngq	C
2020-03-30 13:21:33.867536	u/Alfredope_thesmolboi	flxrbs9	u/Baconbitboi	flxdsca	C
2020-03-30 13:22:05.828550	u/DoomRider2354	flxrcmg	u/_joshuaz7	flwtezx	C
2020-03-30 13:22:11.477471	u/pippo_baudo2	flxrcu5	u/beautiful-soviet	flx8ng3	C
2020-03-30 13:22:25.151150	u/Craftinguy	flxrdd6	u/tylernelson71515	flxfim7	C
2020-03-30 13:22:56.274883	u/zbrown1993	flxrebc	u/rc-cars-drones-plane	flxqgcz	C
2020-03-30 13:23:00.614778	u/hereagaim	flxredp	u/qqqfuzion	flxnpqc	C
2020-03-30 13:24:56.492406	u/suicide_jesus97	flxriep	u/goshin89	flxrd3e	C
2020-03-30 13:25:14.723501	u/PredictedPanda	flxriw7	u/CoffeeAddict1011	flxrhmd	C
2020-03-30 13:25:41.159884	u/The_Rice_Knight	flxrked	u/nanxdini	flaxvb8	C
2020-03-30 13:25:56.133613	u/fanfant	flxrl33	u/ArthurTheSwallow	flx5czi	C
2020-03-30 13:25:58.082296	u/bugugugug	flxrl37	u/-llCerberus-	flxk5zj	C
2020-03-30 13:26:13.221006	u/hannahvilla	flxrlwd	u/TheFloofyPotato	flxpi1y	C
2020-03-30 13:26:43.275133	u/NoodlesAteMyBaby	flxrnvy	u/bigpersonality420	flx9wu5	C
2020-03-30 13:26:49.835194	u/programmer-racoon	flxro9j	u/Reditovan	flxeniz	C
2020-03-30 13:27:24.862092	u/MythologicalOW	flxrpjt	u/ight-imma-head-out7	flxj2ba	C
2020-03-30 13:27:27.520763	u/AngryDorian124	flxrpk8	u/Motorblade7	flxrh2r	C
2020-03-30 13:27:31.239636	u/DabbingDanny	flxrpoa	u/AzaBlanta	flwouim	C
2020-03-30 13:27:36.706205	u/YourCommieNeighbour	flxrq0m	u/NguyenKhangThinh	flx4po5	C
2020-03-30 13:27:42.660838	u/Mincelo	flxrq2d	u/RepostSleuthBot	flxbm2k	C
2020-03-30 13:27:45.582897	u/BluefootTheWarrior	flxrq34	u/GoodVibeKnight	flxik6j	C
2020-03-30 13:27:49.464435	u/soimsafe	flxrq9q	u/areyougartylarty	flxrnka	C
2020-03-30 13:27:59.841741	u/Thedogisalive	flxrqm8	u/Xploiter_RBLX	flvmeue	C
2020-03-30 13:28:05.279091	u/Slippee_Toed	flxrqy2	u/lil_beanie420	flxrl4m	C
2020-03-30 13:28:07.000532	u/tarantinella	flxrqzv	u/fualtyzane	flxreoc	C
2020-03-30 13:28:19.473130	u/bosprin	flxrrty	u/Home_slice05	flxqcxc	C
2020-03-30 13:28:22.838567	u/FinnMagPudding	flxrryi	u/Areofax	flwzggu	C
2020-03-30 13:28:28.674279	u/Dutch_HD	flxrsby	u/Blizzard173	flwwgxp	C
2020-03-30 13:28:35.419429	u/ihadstrokemidmessage	flxrsi0	u/levelup_jar	flxrp67	C
2020-03-30 13:28:45.898209	u/Kitty_Kibibble	flxrt8o	u/Wimpykid2302	flxczi9	C
2020-03-30 13:28:48.204841	u/TaylorSA93	flxrtiv	u/AidanOrsargos	flxr43j	C
2020-03-30 13:29:09.010274	u/ergpie	flxru8h	u/RepostSleuthBot	flw7bp5	C
2020-03-30 13:29:10.319423	u/like_doesitmatter	flxrucq	u/CheeriodudeL45	flwpkn3	C
2020-03-30 13:29:28.707992	u/R4D33	flxrvx9	u/sachdamasta	flxrqkd	C
2020-03-30 13:29:34.441508	u/DrunkDrugDealer	flxrw6c	u/Nerfherder_328	flxk24r	C
2020-03-30 13:29:54.532527	u/A2326P	flxryiq	u/Vae2364	flxqu0a	C
2020-03-30 13:29:55.218614	u/WildberryRose	flxryjj	u/AppalachiaVaudeville	flx4ohq	C
2020-03-30 13:29:56.903714	u/lloo69	flxryp0	u/FFalcon_Boi	flxkhbk	C
2020-03-30 13:30:00.724698	u/LegStitchedTiger	flxrz3a	u/Embarrassed-Smoke	flxpoke	C
2020-03-30 13:30:04.650322	u/AGudUsernamE	flxrz3k	u/Seanbyrne_28964	flxry82	C
2020-03-30 13:30:45.211621	u/solomon046	flxs0sc	u/georgkingjunior8514	flxc02r	C
2020-03-30 13:30:51.555241	u/sexy_goose	flxs13v	u/RoyalLight_	flxqz00	C
2020-03-30 13:31:46.594208	u/uacpuncher	flxs2xi	u/yeet_on_my_feet_	flxs02d	C
2020-03-30 13:31:59.908975	u/gay_in_crisis	flxs3mb	u/rusopoba	flxi7zb	C
2020-03-30 13:32:16.946282	u/TheArmoryOne	flxs4dr	u/FlammableBaby	flxi74t	C
2020-03-30 13:32:33.190057	u/_Jinxx_	flxs56a	u/-Turning	flx4f22	C
2020-03-30 13:33:13.969375	u/realmrlazy978	flxs6nc	u/gaybrosgonewild	flxeseg	C
2020-03-30 13:33:54.425878	u/A9year-old	flxtj46	u/Funkay_sausage	flx8liu	C
2020-03-30 13:34:17.876406	u/gimmetat	flxtk1j	u/sologuy1337	flx3xwg	C
2020-03-30 13:34:40.965037	u/NoisyFerox	flxtla2	u/17elickcl	flxpng0	C
2020-03-30 13:34:53.880241	u/P0KEM0NFAN1-MrRay-Oh	flxtlo3	u/CODEX_O_BARBARO	flxt5jv	C
2020-03-30 13:35:22.745575	u/k0reanc0rn	flxtmn6	u/autistic-username	flxtgiq	C
2020-03-30 13:35:52.628832	u/tjgreene27	flxtoaf	u/ostangestar	flxsyda	C
2020-03-30 13:36:01.871875	u/Lio-Bio	flxtolo	u/grubsgradi	flxnsx5	C
2020-03-30 13:36:07.470065	u/ivocharapa	flxtot0	u/ragequitfish	flx9zve	C
2020-03-30 13:36:16.575003	u/Shadow-walker001	flxtp8f	u/AutoModerator	flv8lot	C
2020-03-30 13:36:20.335439	u/danbenedo	flxtp9g	u/_manga-me_	flxqwu2	C
2020-03-30 13:36:26.124840	u/chipsns	flxtpju	u/Wimpykid2302	flxczi9	C
2020-03-30 13:36:34.317639	u/CCGTV	flxtpsx	u/Frost_Giant13	flxt5se	C
2020-03-30 13:36:37.189711	u/AidenCross	flxtq1s	u/PeekmyNuts	flxt2hf	C
2020-03-30 13:36:46.959766	u/anonymous120837	flxtqk9	u/Alexis-Aparicio	flxtmz6	C
2020-03-30 13:36:48.812117	u/madjyk	flxtql9	u/mastershooter77	flxr8r4	C
2020-03-30 13:36:52.350545	u/Matthew30000	flxtqsk	u/Marrossii	flx1ijb	C
2020-03-30 13:37:08.524811	u/burnt-sausage	flxtr6v	u/Setteduetto	flx9wyu	C
2020-03-30 13:37:24.845349	u/Explorer-Jordan	flxtsd7	u/pippo_baudo2	flxs1zy	C
2020-03-30 13:37:34.092121	u/Maltotman	flxtsqz	u/Theowovsk23	flxthj2	C
2020-03-30 13:37:44.935001	u/CoinSplash	flxtta1	u/MrProbation	flxtn4j	C
2020-03-30 13:37:53.433237	u/VeXy_RullZz	flxttey	u/AutoModerator	flx68yq	C
2020-03-30 13:38:01.422754	u/TheRealDestian	flxtu0u	u/mastershooter77	flxrr4b	C
2020-03-30 13:38:12.998971	u/Acrylic_Splash	flxtura	u/R4D33	flxpluv	C
2020-03-30 13:38:18.902653	u/your_coochie_lice	flxtuxm	u/zpazzy	flxttdb	C
2020-03-30 13:38:25.844056	u/kathathum	flxtvea	u/ThatProGamerBoy	flxinv3	C
2020-03-30 13:38:30.868836	u/WHYUSTEALMEUSERNAMES	flxtvhr	u/Rstrofdth	flu235e	C
2020-03-30 13:39:02.624619	u/FearBurning	flxtxp7	u/TigerHunter554	flxnavp	C
2020-03-30 13:39:08.221815	u/MagD0wn	flxtxv9	u/waffle51_	flxsuib	C
2020-03-30 13:39:16.483672	u/CarnageForMayor	flxtygo	u/brebby101	flxfdo2	C
2020-03-30 13:39:24.686880	u/Yakjzak	flxtzb7	u/Marrossii	flx1ijb	C
2020-03-30 13:39:26.397756	u/OJ-Shade	flxtzd6	u/St0fy_S0nIc	flxm71a	C
2020-03-30 13:39:30.674443	u/nilgoc	flxtzw2	u/ImTheNewKid22783	flxnnd5	C
2020-03-30 13:39:33.105253	u/fandabbydosy	flxtzx5	u/Duffelii330	flxtvbf	C
2020-03-30 13:39:57.030037	u/Mememellow	flxu1r9	u/Domi04151309	flxo3gx	C
2020-03-30 13:39:57.635517	u/Stuck-Avatar	flxu1rb	u/Unmeng	flxstiq	C
2020-03-30 13:39:58.459364	u/nontoxicpoisonJR	flxu1ts	u/anonymous120837	flxtqk9	C
2020-03-30 13:40:06.073495	u/AverageSpyMain	flxu21n	u/pyro_maniac75	flxqlrw	C
2020-03-30 13:40:40.036445	u/TycoonTornado	flxu3gv	u/SlinkandMojo	flxluqp	C
2020-03-30 13:40:48.841502	u/Wolfy-Noodle	flxu3tc	u/thekettabrahmachari	flxa0v6	C
2020-03-30 13:40:52.751167	u/Cryog3n1c	flxu3zc	u/StellarSong	flwzz10	C
2020-03-30 13:41:33.070155	u/Morsemouse	flxu5ae	u/needlessknight	flw9aeb	C
2020-03-30 13:41:52.052556	u/skengonthatmush	flxu5tn	u/Maxi25554	flwqelj	C
2020-03-30 13:42:03.091945	u/lobster2u2	flxu63x	u/AidanOrsargos	flx752l	C
2020-03-30 13:42:20.534544	u/fruutloopsarequeerio	flxu6v7	u/Gubq	fl5lyk4	C
2020-03-30 13:42:51.732440	u/feminazi_erkan	flxu7vj	u/AutoModerator	flwo7fu	C
2020-03-30 13:43:18.751274	u/ImHungry05	flxu9f5	u/Wimpykid2302	flxic12	C
2020-03-30 13:43:30.209948	u/BananaPotatoPower	flxu9tp	u/Mincelo	flxu2ik	C
2020-03-30 13:45:06.817925	u/GRAZLLY	flxue6y	u/AutoModerator	flxtyqb	C
2020-03-30 13:45:20.194863	u/PrestigeBoi	flxuese	u/GetPeerPressured	flxucgw	C
2020-03-30 13:45:34.617377	u/Ut0tska	flxufct	u/Dark_Demon432	flxdtrl	C
2020-03-30 13:45:48.865729	u/Lancelot3142	flxugci	u/BabyDude5	flxs19q	C
2020-03-30 13:46:21.864419	u/AxyJaxy	flxuhrw	u/RepostSleuthBot	flx3uz3	C
2020-03-30 13:46:40.373215	u/ThunderCloud11	flxuiqs	u/nephilim80	flx1owy	C
2020-03-30 13:47:34.735461	u/qwertyuiop5432112	flxukpa	u/galahadBatsy24	flxjfap	C
2020-03-30 13:47:42.275546	u/Bo4er	flxukx8	u/expedeel	flx7per	C
2020-03-30 13:47:52.615008	u/Gtfzu	flxulfd	u/Tru_Drone_Videos	flxu28k	C
2020-03-30 13:47:59.213906	u/Umang_Lunia	flxullx	u/WDYMEANITSTAKEN	flxqhny	C
2020-03-30 13:48:16.664745	u/HomieInaHoodie	flxumg2	u/Xach0	flx2dga	C
2020-03-30 13:48:34.921308	u/BigBrainManOwO	flxun1j	u/Toasty33	flxodjr	C
2020-03-30 13:48:50.829532	u/DennisDEX	flxuo2p	u/Echo4242	flxit6z	C
2020-03-30 13:48:58.197455	u/pantsumanxxx	flxuoa2	u/Only_sayno	flxtvww	C
2020-03-30 13:49:07.724520	u/starazimov	flxuop9	u/Bobkunz	flxuhiu	C
2020-03-30 13:49:09.675449	u/Mycorhizal	flxuoqy	u/bigmig1980	flvh76j	C
2020-03-30 13:49:11.623284	u/Irfantorres123	flxuot0	u/ANIKET_UPADHYAY	flwun95	C
2020-03-30 13:49:17.877223	u/tomasdincau	flxupbm	u/ScalierLotus11	flwy6h4	C
2020-03-30 13:49:24.287508	u/deep-fried-balls	flxupok	u/-BlasterMan-	flxnlcf	C
2020-03-30 13:49:47.752516	u/TheFantasticness	flxurn9	u/sologuy1337	flxgy4m	C
2020-03-30 13:50:06.104386	u/frownino9coder	flxusqp	u/ZepplenLives	flwk0vs	C
2020-03-30 13:50:15.910952	u/YeetMan2121	flxut24	u/Jumonuni39	flxjz9l	C
2020-03-30 13:50:27.431909	u/OriginalHaru	flxutm8	u/DaddyBreasticles	frv8js	S
2020-03-30 13:51:17.344167	u/ReversedPyramids	flxuvk2	u/Wimpykid2302	flxczi9	C
2020-03-30 13:52:01.436319	u/floppymole6	flxuxda	u/theweirdinstruction	frv8bo	S
2020-03-30 13:52:29.070584	u/dumbbobdumb	flxuycv	u/cringy_pete	flxs0e7	C
2020-03-30 13:52:49.874029	u/joseph-stallin	flxuz2o	u/ask312	flxtjdi	C
2020-03-30 13:52:54.204283	u/ZIZI_BO3	flxuz49	u/master_dev	flxjduk	C
2020-03-30 13:53:23.836108	u/King_Limhi	flxv0cu	u/Mia__K	flxu45z	C
2020-03-30 13:53:54.114462	u/Imightbeoffended	flxv2ml	u/brolicgram	flxuzqj	C
2020-03-30 13:54:00.358172	u/alocsgamer	flxv326	u/fualtyzane	flxrgdb	C
2020-03-30 13:54:06.971370	u/Avenger5445	flxv39f	u/swkraths	frvemq	S
2020-03-30 13:54:16.532747	u/SimplySonata	flxv3la	u/hamez_ya_boi	flxtbs9	C
2020-03-30 13:55:11.212780	u/CosyCatastrophist	flxv5jj	u/MoreThanNormalRegret	flxkwog	C
2020-03-30 13:55:24.980254	u/redfin70	flxv682	u/Danny-Porter	flx6dbw	C
2020-03-30 13:55:48.127844	u/im-not-mean	flxv7i6	u/Vindovilles	flxs5ks	C
2020-03-30 13:55:54.321352	u/Writing-Dove	flxv7yy	u/OverBakedParsnip	frsug8	S
2020-03-30 13:56:01.777087	u/mysightisurs93	flxv8f3	u/Vindovilles	flxkqhn	C
2020-03-30 13:56:14.423920	u/DaHamburgularsSnatch	flxv8x2	u/po0tatoos	flxv63a	C
2020-03-30 13:56:16.519407	u/EyesOnTheWalls	flxv92x	u/Nacho8oy13	flx2znh	C
2020-03-30 13:56:40.152132	u/xSsam	flxva9b	u/blueeggsandwaffles	flx9gbl	C
2020-03-30 13:56:46.247031	u/dshakir	flxvadz	u/Torsent	flxqqn2	C
2020-03-30 13:57:14.986683	u/I-am-the-Eggman101	flxvbwa	u/quinten9665	flxv95y	C
2020-03-30 13:58:28.087546	u/HuffyDraws	flxvg15	u/fualtyzane	flw8ppi	C
2020-03-30 13:58:50.186278	u/LeeEdgyYeet	flxvhfp	u/PLAMETREE	flx1q59	C
2020-03-30 13:59:01.753352	u/PuertoricanDude88	flxvi9i	u/Stuck-Avatar	flxtuep	C
2020-03-30 13:59:23.718777	u/-tommm	flxvjzg	u/Gamegamer360	flxprk0	C
2020-03-30 13:59:29.858932	u/Lady_Cuuck	flxvkn3	u/rickygamerl	flxumzf	C
