2020-03-25 09:00:25.537488	u/AlacarLeoricar	flgedb5	u/raquellis-md	flgdqv4	C
2020-03-25 09:00:45.185223	u/avery-secret-account	flgeena	u/TheChocolateCray	flg8nq9	C
2020-03-25 09:01:31.107392	u/andrezay517	flgeg4f	u/-GiantSlayer-	flge54z	C
2020-03-25 09:02:12.388660	u/god-left-the-chat	flgeh7r	u/dabbykid98	flfs49k	C
2020-03-25 09:02:32.731093	u/ConsumeTheMeme	flgehvj	u/DarkWarrior137	flfidil	C
2020-03-25 09:03:09.189253	u/Swilson_07	flgej3t	u/LordGaben4731	flgeemn	C
2020-03-25 09:03:25.858184	u/WerteeMc	flgejxo	u/Appah0625	flge9nn	C
2020-03-25 09:03:39.005388	u/_magicc	flgekei	u/therealneta	flgb0k0	C
2020-03-25 09:03:48.808171	u/sam987654321	flgekuy	u/theUnBannableHulk	flg5l05	C
2020-03-25 09:03:58.436559	u/Bunx-likes-memes	flgel48	u/me_is_god123	fo5bx4	S
2020-03-25 09:04:08.909211	u/ShyGuyMemes	flgelfy	u/Appah0625	flgei4c	C
2020-03-25 09:04:17.440444	u/Brebu501	flgelua	u/AK24ROCKS	flfzwyy	C
2020-03-25 09:04:32.146257	u/SupplyDrops21	flgemiu	u/AnInsaneMoose	flfhvta	C
2020-03-25 09:04:41.935942	u/ThatRadDude489	flgemvg	u/HawkFrost072	flgdlyi	C
2020-03-25 09:05:04.410869	u/Don_Dicko	flgenib	u/Striker40k	flg95bd	C
2020-03-25 09:05:08.240740	u/alpha_wappie	flgenou	u/JulieJules-	flfu04j	C
2020-03-25 09:05:29.155815	u/LeMillion736	flgeoju	u/RepostSleuthBot	flgeko5	C
2020-03-25 09:06:53.880806	u/RandolphOlmstead	flgerv7	u/The-Redditor-Sir-Nap	fldp7du	C
2020-03-25 09:07:12.865650	u/nateyboi921	flgeslf	u/CheesusKrispy	flgen9s	C
2020-03-25 09:07:29.025597	u/ParryThisCasualFilth	flget1m	u/UnKnOwNLIKER	flfya2l	C
2020-03-25 09:07:44.058269	u/DarkWolfJace	flgetp5	u/Kremiitt	flgafpn	C
2020-03-25 09:07:54.150696	u/jackchanwj	flgeu1t	u/FuckinGandalfManWoah	flgdbjp	C
2020-03-25 09:08:02.848719	u/SkyleXx-	flgeu78	u/DeadMan-Walkin	flgbs34	C
2020-03-25 09:08:19.752623	u/oraaaaaaaange	flgeuy6	u/HunzSenpai	flgcbnn	C
2020-03-25 09:08:29.163369	u/Burgervan1000	flgev9v	u/Doobadoobadumplin	flgbrxr	C
2020-03-25 09:08:37.054121	u/TheBiebs107	flgevlh	u/Karjuu	flgdu5m	C
2020-03-25 09:08:55.308421	u/Stevie-Kosgrov	flgewzj	u/flashyboy123	flgervw	C
2020-03-25 09:09:05.462362	u/PerusPottu	flgexfb	u/Rezzyboy157	flgemi2	C
2020-03-25 09:09:20.397993	u/Natjay06	flgey9k	u/cursed_villager-69	flgdz8v	C
2020-03-25 09:09:22.985488	u/FourFans0fFreedom	flgeyaz	u/Appah0625	flgewsz	C
2020-03-25 09:09:28.419597	u/Storm_P108	flgeyjy	u/Deadlysina1	fld1ced	C
2020-03-25 09:09:36.195120	u/tilldeathendsthiswar	flgeytj	u/KJ86er	flgexqv	C
2020-03-25 09:10:09.223682	u/shelboo0617	flgezh6	u/hdhshshshbdbdbwks	flgdoqu	C
2020-03-25 09:10:18.319144	u/stonksmanmeme	flgezt1	u/Doobadoobadumplin	flgbrxr	C
2020-03-25 09:10:33.467095	u/Orange_Pokemon	flgf0bv	u/leaderofthevirgins	flefct6	C
2020-03-25 09:10:47.756972	u/Rinzler4171	flgf0pm	u/Maxi25554	flgcyun	C
2020-03-25 09:11:07.482166	u/narwhal_girl53	flgf190	u/theUnBannableHulk	flg5l05	C
2020-03-25 09:11:09.770146	u/awesome0070	flgf19m	u/Calvincake911meme	flfi7xl	C
2020-03-25 09:11:50.404172	u/UlHaiso98_89	flgf2tx	u/jarrenboyd	flfe9wc	C
2020-03-25 09:12:35.665314	u/BreakingFathom	flgf4wj	u/I-FAP-TO-SNOO	flgbp2c	C
2020-03-25 09:13:08.694899	u/moodsta	flgf5ux	u/ObamaPrism_318	flg09xj	C
2020-03-25 09:14:17.741548	u/Nomoremrpeanut	flgf8l4	u/sukondeznuts420	flgcraz	C
2020-03-25 09:14:29.557827	u/oliandhey	flgf99j	u/Z33KO3	flg4jbd	C
2020-03-25 09:14:46.855735	u/KEK-02	flgfa58	u/Appah0625	flgf4li	C
2020-03-25 09:14:58.533646	u/Chickensong	flgfab2	u/DeRealBatman	flgb1nl	C
2020-03-25 09:15:13.950134	u/a_planet_4	flgfb38	u/minerofthesun	flgf6i4	C
2020-03-25 09:15:59.186406	u/Aaaahnames	flgfcq9	u/vVurve	fom8m4	S
2020-03-25 09:16:49.685531	u/XBlackRookX	flgfej6	u/buhdeucer	flgdggj	C
2020-03-25 09:17:02.009304	u/koellner__michael	flgff4v	u/Appah0625	flgf2vi	C
2020-03-25 09:17:38.654703	u/Havoc_Pixel	flggq4j	u/Brebu501	flgelua	C
2020-03-25 09:17:44.029584	u/Iabdu112sa	flggqm6	u/RepostSleuthBot	flgczhz	C
2020-03-25 09:18:03.929913	u/wowdogefunny	flggrnc	u/Appah0625	flggo6k	C
2020-03-25 09:18:35.618092	u/butterymix	flggsx1	u/elchuracodedoggo	flgdppg	C
2020-03-25 09:18:38.524336	u/Agitated_Fox	flggt0l	u/AlexXx42069	flgcqvg	C
2020-03-25 09:18:50.143664	u/DisturbedBirb	flggti1	u/KEK-02	flggi01	C
2020-03-25 09:18:53.571662	u/razzy223	flggtlq	u/guptsony	flgga6f	C
2020-03-25 09:18:59.899138	u/Clownopher	flgguhr	u/Kind-Pop	fl3zlqu	C
2020-03-25 09:19:06.857014	u/themizmind	flggv06	u/VibraniumDragonborn	fl5nrgn	C
2020-03-25 09:19:18.133406	u/cuz04	flggvfo	u/Darth_Star_Vader	flgdq2n	C
2020-03-25 09:19:33.178176	u/AnakinMalfoy	flggwl1	u/Darth_Star_Vader	flgdq2n	C
2020-03-25 09:19:43.613383	u/Afonsoktano	flggxkl	u/cs_sf	flg7cnj	C
2020-03-25 09:19:58.028715	u/imusingreddityeah	flggyix	u/bested124	flgdcso	C
2020-03-25 09:20:09.019072	u/MrFancy475	flggyw2	u/daniel5764	flfy58u	C
2020-03-25 09:20:16.452324	u/SirMeowson	flggz32	u/racerfree	flf4fb3	C
2020-03-25 09:20:26.835557	u/51MPL3	flggzdo	u/Appah0625	flggswg	C
2020-03-25 09:20:31.340255	u/NudeWoodNymph	flggzhr	u/Needleroozer	flgg9mn	C
2020-03-25 09:21:07.303792	u/do_not1	flgh0uo	u/amostafaie05	flggz5z	C
2020-03-25 09:21:16.473214	u/SandwichMosley	flgh19q	u/modern_problems	flg4vhl	C
2020-03-25 09:21:28.324703	u/Fuzz--	flgh1pv	u/AutoModerator	flg23bo	C
2020-03-25 09:21:46.769208	u/RayInTheKangolHat	flgh26q	u/ExpertAccident	flfskvg	C
2020-03-25 09:22:05.391456	u/BubDaBylder	flgh2wo	u/gravitymeme56	flggrnx	C
2020-03-25 09:22:24.218399	u/zkingstar	flgh48d	u/starcatnova	flgdtql	C
2020-03-25 09:22:50.145325	u/mattacheff	flgh5pi	u/racerfree	flfaa0q	C
2020-03-25 09:22:53.311153	u/not_keagan	flgh5tv	u/AutoModerator	flggj30	C
2020-03-25 09:23:34.670776	u/MssDevil	flgh7ks	u/funkygirljulia	flggzt8	C
2020-03-25 09:23:46.482220	u/JustKebab	flgh7ry	u/FuckinGandalfManWoah	flgd6hj	C
2020-03-25 09:24:03.994947	u/Amazzle	flgh8ng	u/sparky-fixey-guy	flev7pm	C
2020-03-25 09:24:23.598556	u/EvilLucas	flgh978	u/DothStroke	flgfs25	C
2020-03-25 09:24:57.821141	u/SomaliSultan	flgha91	u/Gaminggod8	flgf3t7	C
2020-03-25 09:25:29.063374	u/manmakespuns	flghba9	u/AdmiringTheMonaLisa	flg472i	C
2020-03-25 09:26:15.519066	u/idontwanttobitch	flghd22	u/CpTKugelHagel	flg9k6o	C
2020-03-25 09:26:19.350727	u/Justlennysaccount	flghd6c	u/Pannenkoek420	flg1cvy	C
2020-03-25 09:26:24.687247	u/PHUCFNQ	flghdam	u/RetaredFrenchBulldog	flgfuam	C
2020-03-25 09:26:33.695553	u/GalakisDel8si	flghdqb	u/Kodorico	flgdpmm	C
2020-03-25 09:26:41.809253	u/Akeera__	flghdyx	u/Darklight2810	flggqwy	C
2020-03-25 09:27:00.613547	u/VishalVignesh	flgheg9	u/RetaredFrenchBulldog	flgfuam	C
2020-03-25 09:27:08.825635	u/boomfnaf05	flgheqf	u/thedecid34	flg2ffz	C
2020-03-25 09:27:45.229815	u/km9v	flghgde	u/fualtyzane	flf9xyz	C
2020-03-25 09:27:47.682218	u/Wooshmeifulikedicc	flghgg4	u/Veketaali	flg8h3x	C
2020-03-25 09:28:07.958311	u/Spizzie_	flghh8g	u/Wheel31	fl5790b	C
2020-03-25 09:28:24.129246	u/Nemesis_Online	flghhu8	u/ObamaJackedMyVCR	fohx97	S
2020-03-25 09:28:36.813590	u/lamepoetandiknowit	flghi3c	u/imusingreddityeah	flggyix	C
2020-03-25 09:28:47.709625	u/Carfan_16	flghihm	u/Siebe_13	flgfcw5	C
2020-03-25 09:28:49.109360	u/GrimHoly	flghij6	u/MrColdArrow	flghc0c	C
2020-03-25 09:28:55.558029	u/TheCrispyYest	flghitz	u/Sunrise_141	flezzeb	C
2020-03-25 09:29:07.759259	u/Cringelord88990	flghj9g	u/Repost-Boi	flbnotx	C
2020-03-25 09:29:20.047416	u/ProDiseaser	flghjnl	u/TheReal_CoCo	flgfh6z	C
2020-03-25 09:29:24.381805	u/Anonku	flghju0	u/austind9999	flgee56	C
2020-03-25 09:29:26.385446	u/BlurredEternity	flghjyy	u/SkinnyTobs	flgcedc	C
2020-03-25 09:29:29.340679	u/I_M_OUTATIME	flghk4a	u/p_shark162	flgfse8	C
2020-03-25 09:29:30.409461	u/CengageMO	flghk4f	u/trollelelogram	flghi4t	C
2020-03-25 09:29:37.770035	u/betyouihaveligma	flghkx0	u/nonsuspiciousperson	flghgnp	C
2020-03-25 09:29:49.857832	u/ironman_fanboy	flghlm4	u/LordGaben4731	flge6py	C
2020-03-25 09:29:54.438239	u/JHallwai	flghm22	u/Subham420	flghfr4	C
2020-03-25 09:29:55.361309	u/Rock-Hard-Slytherin	flghm4h	u/ah123rock	flg5ace	C
2020-03-25 09:29:59.422420	u/TheNightsLegend	flghmi8	u/PlasmaBox63	flggujt	C
2020-03-25 09:30:04.823666	u/Frank_Xp3cT	flghmwl	u/Pandemonium3210	flghhby	C
2020-03-25 09:30:32.921424	u/mwn0825	flghnj4	u/gravitymeme56	flghmok	C
2020-03-25 09:30:44.715625	u/Itai007_	flghnwf	u/Kodorico	flgdpmm	C
2020-03-25 09:30:53.891541	u/netskwire	flgho1t	u/gravitymeme56	flgg19g	C
2020-03-25 09:31:27.599374	u/mikeroberts1003	flghp50	u/EthanielClyne	flgg79u	C
2020-03-25 09:31:48.296682	u/bloodknightx	flghq0e	u/TimeRockOrchestra	flg4giu	C
2020-03-25 09:31:53.748402	u/Notchle	flghq6d	u/oseburu_kun	flg75y0	C
2020-03-25 09:32:00.961517	u/lollipopJBN	flghqa1	u/Embraer-195	flgbke8	C
2020-03-25 09:32:06.830486	u/ip4fun	flghqeb	u/ekanshsahu	flfsgcr	C
2020-03-25 09:32:09.093341	u/IMPORTANT_jk	flghqix	u/CriticOfashitseason	flghkuk	C
2020-03-25 09:32:17.042926	u/Dayton-Schmidt	flghqyw	u/Frawgsssss	flgcwp6	C
2020-03-25 09:32:30.068956	u/Smh_69	flghrew	u/ip4fun	flghmd9	C
2020-03-25 09:32:43.335651	u/jeleu_	flghrot	u/RealSeif47	flgh6y0	C
2020-03-25 09:33:13.255582	u/pepeisrising6669	flghsva	u/fualtyzane	flf2w4m	C
2020-03-25 09:34:15.703417	u/bobbyboyyy	flghut4	u/ObtainableCream	flg6d6b	C
2020-03-25 09:34:18.826107	u/RepublicOfLizard	flghuvq	u/skepticdevil515	flghiz4	C
2020-03-25 09:34:22.000271	u/GroudonErik	flghuwp	u/Veketaali	flg8h3x	C
2020-03-25 09:34:35.220486	u/A-Relevant-Meme	flghvcx	u/Rezzyboy157	flgemi2	C
2020-03-25 09:34:47.720138	u/SkayaTG	flghvsu	u/AutoModerator	flghl9a	C
2020-03-25 09:35:59.723399	u/Somebodyunimportant7	flghyww	u/Agreeable_Contract	flghrjx	C
2020-03-25 09:36:06.012466	u/SevenAcesGaming	flghz3b	u/diviz2006	flghvz8	C
2020-03-25 09:36:07.936761	u/PickleAxe1	flghz4f	u/CosmicMemeMan	flfiax5	C
2020-03-25 09:36:31.353785	u/end_sans	flghzyx	u/Carfan_16	flghihm	C
2020-03-25 09:36:43.319436	u/21stAlfa66	flgi0fi	u/Shubhanshuprak	flgbjgl	C
2020-03-25 09:36:53.115923	u/TheoBOB69	flgi0pn	u/dabbykid98	flfs49k	C
2020-03-25 09:37:13.152992	u/nibba17	flgi1j7	u/munchsmith	flg0rxp	C
2020-03-25 09:37:26.877721	u/Xx_memelord69_xX	flgi25s	u/Huesan	flg22dm	C
2020-03-25 09:37:49.841591	u/GoldenWidget	flgi31n	u/DeOntzichtbare	flg7afv	C
2020-03-25 09:37:51.595626	u/Lt_Frostbite	flgi33w	u/Vitiminwater	flghyer	C
2020-03-25 09:37:57.165088	u/Van-Dangus	flgi359	u/AutoModerator	flg3l1k	C
2020-03-25 09:38:20.259010	u/tbrink23	flgi443	u/PenisThePotatoMan	flgdm8b	C
2020-03-25 09:38:24.875136	u/_Steamleopard_	flgi4ac	u/dabbykid98	flg1grb	C
2020-03-25 09:38:38.170819	u/CTHULHU_RDT	flgi4p3	u/CriticOfashitseason	flghp5e	C
2020-03-25 09:38:43.800377	u/duck-man-cool-man	flgi4yu	u/RepostSleuthBot	flgfdzc	C
2020-03-25 09:38:45.246826	u/mamouros99	flgi52k	u/benncampbelll	flg8ov7	C
2020-03-25 09:39:06.703935	u/__YourShadow__	flgi699	u/Randomaniac03	flg1pvu	C
2020-03-25 09:39:20.287085	u/Knightwoolf	flgi7f4	u/M_y_t_hs	flganqg	C
2020-03-25 09:39:31.628429	u/Marmadookkk	flgi8o1	u/Randomaniac03	flg1pvu	C
2020-03-25 09:39:46.191251	u/CousinNamedPookie	flgi9ky	u/mindbending20	flgejfh	C
2020-03-25 09:39:51.892440	u/Bl0odRnglead	flgia9i	u/TheFeenyCall	flfyh4e	C
2020-03-25 09:39:59.780662	u/thomastherussiantank	flgib5c	u/Kodorico	flgdpmm	C
2020-03-25 09:40:21.443578	u/heeeeerrsssJ0NNY	flgibro	u/GrimHoly	flghij6	C
2020-03-25 09:40:58.145571	u/Gustav_EK	flgicxi	u/oraaaaaaaange	flgeuy6	C
2020-03-25 09:41:52.722393	u/nashiam	flgidy3	u/A-Relevant-Meme	flghyye	C
2020-03-25 09:42:18.875204	u/Aachherrle	flgiep3	u/EmperorRosa	flgayl3	C
2020-03-25 09:42:28.839174	u/rishi_aka_clown	flgif0v	u/eeronlol	flgakxq	C
2020-03-25 09:42:37.421935	u/here-for-your-soul	flgif7o	u/ObamaPrism_318	flgaj2r	C
2020-03-25 09:43:36.777181	u/episgamer12	flgigyk	u/flamingfire2025	flgf83r	C
2020-03-25 09:43:51.739817	u/-duckenynenynol-	flgihmn	u/FuckinGandalfManWoah	flgdf99	C
2020-03-25 09:44:23.997554	u/spotterhotter1	flgiigp	u/Themurlocking96	flghsvy	C
2020-03-25 09:45:15.151310	u/TGR4-Raccoon	flgijzn	u/TherionX2	flgfcbi	C
2020-03-25 09:45:45.846567	u/gastergofaster	flgikzt	u/not-a-Shrek	flfs3fd	C
2020-03-25 09:45:53.750003	u/aroups	flgil7t	u/greatking6009	flgap23	C
2020-03-25 09:46:11.559494	u/mightyjompa	flgils3	u/AutoModerator	flgicyq	C
2020-03-25 09:46:37.051175	u/TheToeJamHarvester	flgimq3	u/Get-Vectored	flgf8av	C
2020-03-25 09:46:55.176797	u/DDragonn70c	flginex	u/RepostSleuthBot	flg5lof	C
2020-03-25 09:47:01.080158	u/DoggishNoob	flginh0	u/ExtraKromasome	flgif89	C
2020-03-25 09:47:17.390897	u/Ubba_Lothbrok	flgio38	u/EthanielClyne	flghtlz	C
2020-03-25 09:48:34.346665	u/indoobidibly	flgiqj0	u/yourmomsucks01	flfqy6m	C
2020-03-25 09:48:36.488431	u/dignort	flgiqjm	u/TheToeJamHarvester	flgimq3	C
2020-03-25 09:49:02.746363	u/ManyManyMoonsUggo	flgirwy	u/Redacted_Riddles	flginz5	C
2020-03-25 09:49:08.191890	u/iOSJailbreakGod	flgis33	u/chickennuggetfeet	flgiprc	C
2020-03-25 09:49:46.427345	u/amandao3801	flgiuen	u/Alexis_Rose_Writes	flg90pl	C
2020-03-25 09:49:59.646992	u/EduDehuri	flgivde	u/GlacialDuck	flgd12a	C
2020-03-25 09:50:26.408644	u/TurRetsdud19	flgiw2j	u/MAINCRACIO	flgisn2	C
2020-03-25 09:50:35.978512	u/HugoHug3	flgiwia	u/ObamaPrism_318	flfzy79	C
2020-03-25 09:50:57.024513	u/Dracula24	flgiwwc	u/THUD1Y	flgh18a	C
2020-03-25 09:51:04.015026	u/RJ200103	flgix1i	u/Appah0625	flgilum	C
2020-03-25 09:51:10.017891	u/tostada73	flgix6u	u/EpperFiend	flgirbc	C
2020-03-25 09:51:32.023266	u/iRedRocket	flgixxq	u/personn70	flg1br1	C
2020-03-25 09:51:47.151678	u/isitmemaybe	flgiyjn	u/klop422	flgfvyg	C
2020-03-25 09:52:30.428754	u/memesaredead24	flgj0c1	u/heeeeerrsssJ0NNY	flggsbl	C
2020-03-25 09:52:44.074533	u/TaisouJeanne	flgj0mk	u/1BLEES	flgiio4	C
2020-03-25 09:52:48.972941	u/FireOfNite	flgj0tq	u/A-Relevant-Meme	flgiqti	C
2020-03-25 09:52:57.956675	u/Wtk17	flgj1ao	u/Somebodyunimportant7	flghyww	C
2020-03-25 09:53:09.158924	u/Iceberllama	flgj1i5	u/XB2006	flgfipy	C
2020-03-25 09:53:16.190726	u/kat_notkate	flgj1me	u/MonsterDimka	flgi8pm	C
2020-03-25 09:54:10.216755	u/iambertan	flgj3ax	u/DmMacniel	flgckst	C
2020-03-25 09:54:26.816739	u/shadezin	flgj3ox	u/XxFIRE_GUYxX	flg6my3	C
2020-03-25 09:54:59.645205	u/j4mW1ll	flgj4ti	u/Randomaniac03	flg1pvu	C
2020-03-25 09:55:37.235362	u/Henrhallen743	flgj612	u/DoatyWomble	flg01rr	C
2020-03-25 09:55:59.234867	u/magilla1206	flgj6wr	u/Bendover1777	flgj2nq	C
2020-03-25 09:56:13.981594	u/BulletCatcher88	flgj7c1	u/funkygirljulia	flggzt8	C
2020-03-25 09:56:31.704138	u/kib_11	flgj7sb	u/calliely	flga9v9	C
2020-03-25 09:56:42.379012	u/andrew_yatsura	flgj8e9	u/leafshinearts	flg3hom	C
2020-03-25 09:56:52.637985	u/SahilRamlo	flgj8pf	u/AnakinMalfoy	flggwl1	C
2020-03-25 09:56:55.343324	u/Super-Toad	flgj8tt	u/Miloficent	flgil8o	C
2020-03-25 09:57:23.408103	u/MrMammotMc	flgj9yl	u/Spaceboundgamer1212	flggyhi	C
2020-03-25 09:57:32.795105	u/dragwRED	flgja8f	u/PerusPottu	flgexfb	C
2020-03-25 09:57:34.514617	u/madzest	flgjac7	u/Maul6520	flgiunj	C
2020-03-25 09:57:40.947600	u/Mber76	flgjaeh	u/tostada73	flgj8ko	C
2020-03-25 09:58:00.217376	u/MightyMille	flgjb9l	u/Knoaf	flg5l2d	C
2020-03-25 09:58:05.115293	u/Draw_Man	flgjbex	u/mayneffs	flgj7ef	C
2020-03-25 09:58:11.119433	u/DemonGokuto	flgjbmd	u/DeadLunchBox	flgj6nj	C
2020-03-25 09:58:18.835018	u/imxTHATxdude	flgjbtw	u/doumacadan	flgj49w	C
2020-03-25 09:58:38.780463	u/Blue-eyedBombshell	flgjccv	u/GravelsNotAFood	flg2yqv	C
2020-03-25 09:58:40.996265	u/Drgnjss24	flgjcf8	u/canadianpenguin123	flgdejh	C
2020-03-25 09:58:46.395116	u/Reekhart	flgjcny	u/mrmeeeks	flgcmdt	C
2020-03-25 09:58:50.608199	u/MightyMille	flgjcst	u/RepostSleuthBot	flgdo39	C
2020-03-25 09:59:01.217688	u/JumbledT2000	flgjd03	u/racerfree	flfxmtv	C
2020-03-25 09:59:43.628526	u/EadezyAz123	flgkg9k	u/leaderofthevirgins	flezh8a	C
2020-03-25 09:59:46.748464	u/Reizo123	flgkghb	u/RepostSleuthBot	flgfyta	C
2020-03-25 09:59:55.307063	u/ReddishMatthew	flgkgx0	u/FaCe_CrazyKid05	flfikqy	C
2020-03-25 09:59:58.240496	u/Kinda_Goldfish	flgkhc2	u/Gubq	fl5lg0s	C
