2020-04-14 09:00:09.356405	u/pigbum	fndfh7x	u/DeadWicked	fndffqv	C
2020-04-14 09:00:29.312636	u/2210-2211	fndfhnb	u/Topiz2000	fnd09s0	C
2020-04-14 09:01:06.842302	u/secret_alt_	fndfic7	u/ZoMbIe07321	fndf8v5	C
2020-04-14 09:01:21.653018	u/JayyFisher2018	fndfix0	u/CryoDemise	fndfh2t	C
2020-04-14 09:02:53.589934	u/Mickellini	fndfkmo	u/r3dcrayon	fnbrb95	C
2020-04-14 09:03:33.383042	u/nilsia_emiej	fndflj7	u/harveywalsh	g12271	S
2020-04-14 09:04:12.986367	u/htcgl	fndfm21	u/papapoole_r34l	flye4df	C
2020-04-14 09:04:20.794836	u/Theezakje02	fndfmbs	u/Mayanks0955	fndey5m	C
2020-04-14 09:04:25.227121	u/LigmaGD	fndfmej	u/DrManowar8	fndfbme	C
2020-04-14 09:04:48.579926	u/whoandtheha	fndfn70	u/Pridenprejudice	fndf340	C
2020-04-14 09:05:28.675311	u/the4eigner	fndfobx	u/ShadowGames_	fndfl4p	C
2020-04-14 09:05:36.340135	u/K4imana	fndfodx	u/RepostSleuthBot	fndfb39	C
2020-04-14 09:05:49.817010	u/invincible_vince	fndfp3i	u/Dodood4	fnc2lyr	C
2020-04-14 09:05:56.406200	u/newyawka_calexito	fndfp9p	u/namless_boi	fndfm01	C
2020-04-14 09:06:09.320705	u/gangrenous-sore	fndfphy	u/SupaaaaWEEGEE777	fncus4j	C
2020-04-14 09:07:26.522743	u/Jolterix_20	fndfrac	u/APZLIFE	fndfngx	C
2020-04-14 09:07:52.608709	u/mister-ctrl-x	fndfs5q	u/NewAgeWiggly	fndf52c	C
2020-04-14 09:08:38.425963	u/Ononange	fndftag	u/_jun_yi_	fndfnxa	C
2020-04-14 09:09:11.518472	u/TheComputerM	fndfuiq	u/CapnChiknNugget	fndcgrg	C
2020-04-14 09:09:18.010789	u/thiagoserra5	fndfutw	u/SupaaaaWEEGEE777	fncus4j	C
2020-04-14 09:09:32.152152	u/hpbojoe	fndfvsz	u/RubyPenta	fndfuul	C
2020-04-14 09:09:43.786041	u/mursu55	fndfwi6	u/Larry507	fndfq4o	C
2020-04-14 09:10:01.107618	u/yashy263	fndfxfo	u/Burlytown-20	fnd98mj	C
2020-04-14 09:10:34.196648	u/DragonflyGrrl	fndfygr	u/major9989	fndcocc	C
2020-04-14 09:10:37.828011	u/fili345	fndfyil	u/TheGameDetectives63	fndffh9	C
2020-04-14 09:10:58.521970	u/IM_A_BOX_AMA	fndfyy9	u/ArmpitCancer	fndfcc2	C
2020-04-14 09:11:31.480055	u/RecklessWreck87	fndfzgu	u/Maggot2017	fndfs8o	C
2020-04-14 09:12:57.550148	u/AhmedHassen108	fndg0tz	u/WangleWoongle	fncrn4s	C
2020-04-14 09:13:17.814626	u/sneaky_goats	fndg1h7	u/Idkwhattochoosetho	fnd7h06	C
2020-04-14 09:13:33.719920	u/ThePinataHitter	fndg1ym	u/kuroryu233	fndcrgq	C
2020-04-14 09:13:46.431176	u/darrensimzh	fndg2dz	u/LORE-above-ALL09	g11nut	S
2020-04-14 09:14:02.037235	u/JXPD	fndg2n4	u/wo0ooshme	fnd9eve	C
2020-04-14 09:14:48.805817	u/eberlix	fndhami	u/RebelPoetically	fndgwyd	C
2020-04-14 09:14:55.487624	u/aralim4311	fndhasx	u/Fart_Master6969	fnd5pfq	C
2020-04-14 09:14:57.615125	u/Fabio_chiodi	fndhayg	u/Idkwhattochoosetho	fndd9ro	C
2020-04-14 09:15:12.766081	u/Neijthen	fndhbqm	u/kian1380	fncymji	C
2020-04-14 09:16:19.456933	u/shiny65656	fndhe41	u/Squodel	fndg6mq	C
2020-04-14 09:16:29.364310	u/kosseiii	fndhebn	u/RyanLikesAntiques	fndh83h	C
2020-04-14 09:16:51.839280	u/frod007g	fndhf4h	u/Sisham	fndg5ql	C
2020-04-14 09:16:55.511321	u/Aang51	fndhf9i	u/buckleycork	fndevgf	C
2020-04-14 09:17:12.616976	u/Harribo122	fndhfw0	u/PatrickTheElegantCat	fndhce5	C
2020-04-14 09:17:26.505479	u/xXJAKKSTARXx	fndhg97	u/RepostSleuthBot	fndh0y7	C
2020-04-14 09:17:37.024556	u/Gorn_the_Musician	fndhgjx	u/Pancakeman_24	fndgppq	C
2020-04-14 09:17:38.718021	u/WrastlingIsReal	fndhgo4	u/DeeAxMan	fndhcp6	C
2020-04-14 09:18:20.960729	u/TinyTaters	fndhidj	u/ooooofoooof	fndheey	C
2020-04-14 09:19:03.478692	u/4n0ny-mousE	fndhjnx	u/tasty_nugget69	fndhdbf	C
2020-04-14 09:19:39.541794	u/mms901	fndhm2x	u/piapiepine	fnd3sso	C
2020-04-14 09:20:53.267503	u/CmdrFlynn	fndhozh	u/NilsArne934	fncz93g	C
2020-04-14 09:20:56.517254	u/FriesAndSundae	fndhp4k	u/not_seedy	fnd0gfl	C
2020-04-14 09:21:02.720602	u/Almighty_the_cat	fndhpam	u/Bruh_Bot_	fndgb98	C
2020-04-14 09:24:47.363343	u/Subnautic_Voyager	fndhvc0	u/RichKat666	fnd4nks	C
2020-04-14 09:24:50.109603	u/colorfulfishes	fndhvcr	u/Ph4nt0m_Hydra1	fnd19s4	C
2020-04-14 09:25:20.592182	u/lil-boi-xd	fndhwgt	u/omar8islam	fn6zw4i	C
2020-04-14 09:25:33.134270	u/viktor2cer	fndhwsa	u/OofMeRN	fndf7o8	C
2020-04-14 09:25:43.576182	u/AnonymousAnonymous77	fndhwzr	u/Xianthamist	fncmqq0	C
2020-04-14 09:26:15.052122	u/GwynBlaidd_andRicin	fndhy1d	u/the_sumanth	g12dg2	S
2020-04-14 09:26:19.767551	u/r_blura	fndhy3a	u/elocoetam	fnd80ys	C
2020-04-14 09:26:42.497382	u/falconclutch	fndhz01	u/KUKYPLAY	fnd4n3t	C
2020-04-14 09:26:56.545319	u/LukkieNumber7	fndhzbo	u/IC_Ivory280	fnd6n5s	C
2020-04-14 09:27:05.953955	u/Pirate_Cid	fndhzq1	u/andyv001	fnby3rm	C
2020-04-14 09:27:30.200723	u/omoooooooo	fndi0st	u/goldilocks-zone	fncvwx8	C
2020-04-14 09:28:23.869535	u/mickdman	fndi2iv	u/Moon_knight45	g12cgy	S
2020-04-14 09:28:26.624291	u/pineapplepizzafdm	fndi2mj	u/OVBREAKER	fnddpb9	C
2020-04-14 09:28:41.521628	u/brenk_k-1	fndi2te	u/yoyoyahli	fndf2dn	C
2020-04-14 09:28:46.533202	u/DrEpileptic	fndi301	u/IM_A_BOX_AMA	fndfyy9	C
2020-04-14 09:28:48.836077	u/trashgamerrr	fndi31i	u/mrafagnin	fndg7gr	C
2020-04-14 09:29:17.121633	u/6thspirit	fndi4b2	u/Ghost_Seeker69	fndb0dr	C
2020-04-14 09:29:20.642829	u/SuccLeMon	fndi4im	u/MrGuyDued	fndhq0r	C
2020-04-14 09:29:31.387562	u/torcat96	fndi5eo	u/Aer0dynamix	fndfq4g	C
2020-04-14 09:29:48.981124	u/KeithTheKiller2	fndi64u	u/mhassassin	fndefbv	C
2020-04-14 09:30:19.495192	u/AMTwede	fndi7g3	u/PROBABLYurDAD69	fnd9nc1	C
2020-04-14 09:31:43.696228	u/Anubaba69	fndi94d	u/the_sumanth	g12dg2	S
2020-04-14 09:33:26.407036	u/FMAlover_Hungary	fndibzx	u/Dangleben	fndiagi	C
2020-04-14 09:33:32.624630	u/U_WOT_M249	fndic75	u/ProdigalSon123456	fndhact	C
2020-04-14 09:33:40.359174	u/SovyetConnor	fndicjd	u/SunGodMoonDevil2	fndh1sr	C
2020-04-14 09:33:54.714578	u/Izaniel	fndicw7	u/epic-gamer-dude29	g12uyk	S
2020-04-14 09:33:56.772416	u/metalico-88	fndid06	u/kian1380	fndhdcp	C
2020-04-14 09:34:02.987964	u/I-HAVE-BIG-IQ	fndid5u	u/Fnzreddit	fndi4yw	C
2020-04-14 09:34:38.990777	u/Torgor_	fndie4k	u/kuroryu233	fndcrgq	C
2020-04-14 09:35:42.176446	u/Centurion_Tiger	fndig49	u/syndicate1024	fnddvsp	C
2020-04-14 09:35:44.023102	u/Foxyied	fndig4f	u/Deky45Alex	fnd480f	C
2020-04-14 09:36:41.439342	u/ashbash37	fndihig	u/leDonut114	fnde5oq	C
2020-04-14 09:36:51.683284	u/sp4ghettinme4tb4lls	fndihy7	u/MegaGrimer	fndckih	C
2020-04-14 09:36:55.658217	u/Maercecitnim	fndii2g	u/Camo_the_wolf	fnd99j0	C
2020-04-14 09:37:05.088334	u/konnos7	fndiigg	u/UrMumLikesMyPP	fnd0lgz	C
2020-04-14 09:37:10.509224	u/V4NGBz	fndiiiu	u/SickGangstaJacob	fnd72yc	C
2020-04-14 09:37:14.246824	u/B41dur	fndiil6	u/lonelyswarm	fncvyra	C
2020-04-14 09:37:37.745145	u/3sk3ipius	fndijbk	u/ParanoidPar	fndfw6m	C
2020-04-14 09:38:00.522971	u/Pinky1010	fndik9e	u/Thememelord9002	fnctrt0	C
2020-04-14 09:38:39.393363	u/pandapotatox	fndilxh	u/Parth_V	fndgbre	C
2020-04-14 09:38:43.186126	u/buzzwole1	fndim21	u/sentinel2873	fndigvw	C
2020-04-14 09:39:02.174813	u/sndhandsmoke	fndimtl	u/wulf15	fnd0p55	C
2020-04-14 09:39:12.223142	u/i_like_dank_meme	fndinbq	u/RepostSleuthBot	fndc4is	C
2020-04-14 09:39:24.298784	u/KillMeImNoPotatoe	fndinzi	u/NewBoySam	fndi02y	C
2020-04-14 09:39:45.332071	u/NonexistentColours	fndiouu	u/PomeranianDoodles	fn8jpkx	C
2020-04-14 09:39:52.881650	u/UsTaalper	fndipe4	u/PeepeeHalpert97	fn9zhyj	C
2020-04-14 09:40:22.235873	u/Lucas01235	fndiqg5	u/OVBREAKER	fnddpb9	C
2020-04-14 09:40:38.736364	u/gununes132	fndir1m	u/Emotive_boi_uwu	fndifjb	C
2020-04-14 09:41:01.509596	u/cacaman119833	fndirb5	u/malotrigger	fndi3ht	C
2020-04-14 09:41:10.690373	u/Game_Kat-	fndirfb	u/ralphrk1998	fndg1fq	C
2020-04-14 09:41:19.983598	u/N3rdr4g3	fndirpf	u/69420NlCE	fnd42e9	C
2020-04-14 09:41:50.397746	u/MaiFrog42	fndisdn	u/Cavemanz0	fncsfza	C
2020-04-14 09:41:55.705516	u/dragonfury3000	fndisi9	u/Philip347	fndb20f	C
2020-04-14 09:42:48.556245	u/countess_snow	fndits0	u/4n0ny-mousE	fndhsuc	C
2020-04-14 09:43:02.154499	u/Kazim_8	fndiu1b	u/AngelPhantom25	fndeygs	C
2020-04-14 09:44:09.858648	u/croatian505	fndivzd	u/ar-guetita	g10s7p	S
2020-04-14 09:44:58.195394	u/xXregtXx	fndixdd	u/McEnderlan	fndiluy	C
2020-04-14 09:45:16.877431	u/ThirstforSin	fndixzn	u/dopeandmoreofthesame	fndipn3	C
2020-04-14 09:45:19.647355	u/BenHromadka	fndiy0a	u/icantchoosename123	fndhqml	C
2020-04-14 09:45:39.986768	u/Lordjake1	fndiym2	u/4n0ny-mousE	fndhsuc	C
2020-04-14 09:45:47.165859	u/againstbetterjudgmnt	fndiywp	u/Xiaodisan	fndfyk2	C
2020-04-14 09:45:53.360915	u/luke-itsumi	fndiz2h	u/Mr_W0osh	fncvtjy	C
2020-04-14 09:46:07.466009	u/everyfouryears69	fndiz7s	u/arzis_maxim	fndi5bh	C
2020-04-14 09:46:19.791187	u/Luckywitz	fndizdj	u/fixxer75	fndggxx	C
2020-04-14 09:46:27.907406	u/rapadumdum	fndizs2	u/Noobster646	fndi8av	C
2020-04-14 09:46:42.395461	u/xaeace	fndk9bt	u/MoustachePika1	fndjfzr	C
2020-04-14 09:46:46.856716	u/ThisBo15	fndk9fz	u/Zafk13l	fndigya	C
2020-04-14 09:47:17.767892	u/solzthegod	fndkajz	u/Twible404	fndk6ky	C
2020-04-14 09:47:43.419673	u/Jessebohmer	fndkbjs	u/futuristico705	fndk72f	C
2020-04-14 09:47:45.955099	u/SomeSawHidd	fndkbr1	u/minecraftisthebest6	fndhg9f	C
2020-04-14 09:47:52.489631	u/GameplaySLO	fndkc5n	u/zefail	fnd8j09	C
2020-04-14 09:48:24.272552	u/Control-Mages	fndke6g	u/yesimareddituser	fndk9dh	C
2020-04-14 09:48:35.297514	u/NoahsMind12	fndkeka	u/Megumemzlol	fndi6pg	C
2020-04-14 09:48:51.206099	u/Thewilltosucceed	fndkes8	u/JDPhoenix-8632	fndiqew	C
2020-04-14 09:49:01.423739	u/Unholimonky	fndkf3g	u/DBJohnson133213	fnd0q2c	C
2020-04-14 09:49:11.351587	u/SomaGato	fndkfoc	u/RedBoxGaming	fndk5oj	C
2020-04-14 09:49:13.651065	u/buttergod65	fndkfrk	u/Terrento	fndka53	C
2020-04-14 09:49:20.913016	u/bobbyguap	fndkg3q	u/SupaaaaWEEGEE777	fncus4j	C
2020-04-14 09:49:24.746040	u/GoliathProjects	fndkger	u/CM_1	fndk244	C
2020-04-14 09:49:38.914123	u/grong-grong	fndkgua	u/idkpersonthing	fndk99o	C
2020-04-14 09:49:52.093082	u/Snwl_dev	fndkhbb	u/spookysam24	fndkewn	C
2020-04-14 09:50:56.345752	u/HotDamnGeoff	fndkizz	u/serial_code_r	fndjrua	C
2020-04-14 09:51:29.908739	u/R1R_Toku_Tokugawa	fndkjbv	u/SunGodMoonDevil2	fndh1sr	C
2020-04-14 09:51:35.360819	u/aidanabouttobedead	fndkjdl	u/whitey_small_vagina	fndkgwb	C
2020-04-14 09:51:49.275739	u/That_Guy_85	fndkjst	u/AlkacidPotato	fnd4pls	C
2020-04-14 09:52:20.052888	u/Borntojudge	fndkkyc	u/MuskyMusk123	fnda2di	C
2020-04-14 09:53:07.143714	u/BDICAP	fndkm3b	u/OrZombiee	fnd0w3r	C
2020-04-14 09:54:01.905824	u/koldimon	fndknzf	u/AngelPhantom25	fndeygs	C
2020-04-14 09:55:58.326500	u/mia5120	fndks1g	u/Aleksandrs_	fndb2c3	C
2020-04-14 09:56:17.043561	u/pritejieken	fndkski	u/Xiaodisan	fndfvu6	C
2020-04-14 09:57:38.572428	u/legionsanity	fndkud9	u/Reddituser9003	fndakg3	C
2020-04-14 09:57:54.750240	u/eshenanigans	fndkuxh	u/Respect_Paying_Bot	fndkrzo	C
2020-04-14 09:58:23.414079	u/The_BestNPC	fndkvr7	u/JakeryPaule	fndd6g9	C
2020-04-14 09:58:30.225132	u/pritejieken	fndkvvc	u/kuroryu233	fndcrgq	C
2020-04-14 09:59:18.929574	u/Danielforthewin	fndky0u	u/Duderelax1872	fndj1om	C
2020-04-14 09:59:20.591684	u/Bilihhh	fndky26	u/kamsidhu	fndkvcr	C
2020-04-14 09:59:25.260268	u/Rumaneac	fndkyg4	u/renoraid	fndgn22	C
2020-04-14 09:59:52.767930	u/Some_Lonely_Boy	fndl096	u/pootpootbird	fndjums	C
2020-04-14 09:59:54.654205	u/angelwreath	fndl0f2	u/Ivided	fndiy5r	C
