2020-04-07 16:00:12.352713	u/KlLLERYTB	fmpxyff	u/Samayo-Mayo	fmptv5i	C
2020-04-07 16:00:24.396096	u/TrueDonut	fmpxymr	u/NaniZaWarudo	fmpmrr4	C
2020-04-07 16:01:29.230183	u/AntonioWorldz	fmpy0hs	u/struzcmemelord	fmpvs1f	C
2020-04-07 16:02:01.661335	u/grimreaper_6969	fmpy1s4	u/Ahmed7Akkar	fmpw5tz	C
2020-04-07 16:02:36.701641	u/JustOpinion6	fmpy3b5	u/3p1c-64m3r	fmpxwq7	C
2020-04-07 16:03:27.623806	u/Beast1992-xxxx	fmpy4nl	u/Pineapples7777	fmpx6j1	C
2020-04-07 16:04:19.165684	u/Alpha2417	fmpy65l	u/Emperor_O_Memes	fmpy1wj	C
2020-04-07 16:04:29.495630	u/Kirito-Kasuto	fmpy6ef	u/Topiz2000	fmpxzzl	C
2020-04-07 16:04:39.701036	u/RazorCortex	fmpy6vx	u/GruntBlender	fmoqwxr	C
2020-04-07 16:04:41.943434	u/HeyYallWatchThiss	fmpy6x5	u/ack952	fmpxyxj	C
2020-04-07 16:05:09.801754	u/my__alt_	fmpy86i	u/Dzilija	fmpwmju	C
2020-04-07 16:05:15.202989	u/Mad_Moniker	fmpy8cn	u/mycatisnamedemmie	fmpxmes	C
2020-04-07 16:05:46.875005	u/redylang	fmpy9x5	u/RepostSleuthBot	fmptdgf	C
2020-04-07 16:05:58.697018	u/Electro_Romania	fmpya6y	u/Patrick_Bot2	fmpy7sq	C
2020-04-07 16:06:32.296446	u/GhostRunnerX	fmpyb8z	u/yashkumarverma	fmpx9o9	C
2020-04-07 16:07:07.869444	u/_glacierr	fmpyczk	u/a_very_chill_ghost	fmpb224	C
2020-04-07 16:07:28.777941	u/natedogg605	fmpydz7	u/Tiaran149	fmpixam	C
2020-04-07 16:07:32.270507	u/bondmemebond	fmpye0b	u/dhdndjdhh	fmpxg76	C
2020-04-07 16:08:08.083737	u/Banabarus-Wozel	fmpyfmx	u/SPYkEmAN	fmpybfm	C
2020-04-07 16:08:26.148343	u/whomthefucketh	fmpygtf	u/CumDrinkingCatRapist	fmpvuni	C
2020-04-07 16:08:44.474623	u/very_chonky_doggo	fmpyhhi	u/ThunderingSacks	fmofeuv	C
2020-04-07 16:09:09.725252	u/Fennecfox_qween_	fmpyips	u/NaniZaWarudo	fmpmrr4	C
2020-04-07 16:09:18.460505	u/Sayl0	fmpyjbh	u/imtolateforacoolname	fmowd5r	C
2020-04-07 16:09:57.066905	u/PikeMinnowGaming	fmpym2s	u/RepostSleuthBot	fmpy88r	C
2020-04-07 16:10:08.897002	u/bigfrogbrain	fmpymhy	u/Obese_Chungus	fmpy2rk	C
2020-04-07 16:10:14.642586	u/hongachonga	fmpymjg	u/TheSundayShrimp	fmpb5oj	C
2020-04-07 16:10:47.560440	u/KingKiehl	fmpyntu	u/myinnenetisfast	fmpy0sq	C
2020-04-07 16:11:09.545019	u/OmegaMalkior	fmpyot6	u/WD40911	fmpsk1b	C
2020-04-07 16:12:11.203782	u/pele-the-cat	fmpyqr6	u/Grrreeen	fwriah	S
2020-04-07 16:13:14.447208	u/AlertTaken	fmpytjy	u/jim_zavala28	fmpk6ty	C
2020-04-07 16:13:22.959537	u/LitGamer69	fmpytws	u/phloYT	fmpnmf7	C
2020-04-07 16:13:28.065263	u/Iloveappl3pie	fmpytzr	u/alep1998	fmowocy	C
2020-04-07 16:13:36.841894	u/someonelse15	fmpyua8	u/FreshChildJuice	fmpt94o	C
2020-04-07 16:13:53.753823	u/FindSomeGoodNickname	fmpyuu7	u/representmcforyouth	fmpr2vs	C
2020-04-07 16:13:58.286856	u/trighrr32	fmpyv32	u/wwphoenix1	fmpwdez	C
2020-04-07 16:15:22.561006	u/winnmi16	fmpyz1b	u/maddus_laddus	fmpxn7d	C
2020-04-07 16:16:04.143414	u/404wan	fmpz0fe	u/Swistiannt	fmpx2cq	C
2020-04-07 16:16:33.239038	u/dmnfanatic	fmpz2bs	u/caerealta	fmptrah	C
2020-04-07 16:17:56.282051	u/koopeeh	fmpz4b1	u/my__alt_	fmpy86i	C
2020-04-07 16:18:01.182283	u/mineboybros	fmpz4mm	u/Internaty	fmpl71a	C
2020-04-07 16:18:02.961021	u/H45338_0	fmpz4p3	u/sandstar115	fmpyi7s	C
2020-04-07 16:18:29.606817	u/AirBreather5000	fmpz5s7	u/TheFlightlessPenguin	fmplot2	C
2020-04-07 16:18:45.901287	u/0ccams-Raz0r	fmpz6kd	u/PandoraStuff	fmpo7yd	C
2020-04-07 16:18:51.172675	u/Coolman-17	fmpz6yj	u/WhyYesIamHuman	fmohsei	C
2020-04-07 16:19:30.439883	u/TheTinyTardis	fmpza75	u/Emble12	fmo6qdj	C
2020-04-07 16:19:45.394602	u/Gaydingo	fmpzbp9	u/ragw505	fmpy5id	C
2020-04-07 16:20:15.488935	u/DerpSexx	fmpzden	u/9yearsalurker	fmpue8k	C
2020-04-07 16:20:23.540137	u/meinator3000	fmpzdto	u/Not_a_Robot__69420	fmpqju5	C
2020-04-07 16:21:52.675207	u/Billakis	fmpzgcw	u/fualtyzane	flwf3my	C
2020-04-07 16:22:02.973284	u/Rstruest	fmpzgs6	u/IEatCheeseInTheDark	fmpz2rl	C
2020-04-07 16:22:06.257426	u/Ginnnni	fmpzgwp	u/DarthJJAbrahams	flafpo4	C
2020-04-07 16:22:12.790718	u/kewqz	fmpzh3o	u/Greg_J7	fmpu6vo	C
2020-04-07 16:22:16.118621	u/menino_leo832	fmpzh5t	u/ItsAsum	fmpy7jy	C
2020-04-07 16:22:20.696104	u/waterlin1	fmpzh9r	u/Leolyboi	fmoxm7w	C
2020-04-07 16:23:12.439866	u/PsychonautSurreality	fmpzj24	u/judge44	fmpyjwu	C
2020-04-07 16:23:32.616762	u/OurEarthYT	fmpzjno	u/bruno_desu	fmpxiva	C
2020-04-07 16:23:37.233839	u/HUNuser77	fmpzjos	u/RealJakeTheDog	fmpvd9d	C
2020-04-07 16:23:46.776421	u/bellythelystro994	fmpzjur	u/wobblesly	fmpum5i	C
2020-04-07 16:25:17.382382	u/LuckiAP	fmpzmx1	u/Hanny_30060	fmpzjkg	C
2020-04-07 16:25:21.669572	u/waterismysport	fmpzn83	u/bigshagger42069	fmpzjuq	C
2020-04-07 16:25:44.789559	u/JustAWeirdFish	fmpznyq	u/Justicarnage	fmpeoyy	C
2020-04-07 16:25:51.790415	u/pheonix03	fmpzo1l	u/cmonmaaaan	fmpy6sw	C
2020-04-07 16:26:16.095943	u/LucaThompson	fmpzoxn	u/Scoopstroop0812	fmpznrh	C
2020-04-07 16:26:43.209729	u/Snailcat88	fmpzqpj	u/Vishvraj	fmpuawo	C
2020-04-07 16:27:28.501952	u/ThunderGod05	fmq1ilw	u/languish24	fmpt3ti	C
2020-04-07 16:27:33.780858	u/ETSGamer2008	fmq1iuj	u/kooldude700	fmpzjg6	C
2020-04-07 16:27:54.104509	u/penalcolony52	fmq1k1l	u/Abrahamlinkenssphere	fmq13xb	C
2020-04-07 16:28:03.617048	u/cilantree	fmq1k7q	u/Soviet_Reddit	fmpxh2r	C
2020-04-07 16:28:09.469227	u/oRmO69	fmq1kfh	u/jimboy49	fmph3ev	C
2020-04-07 16:28:16.371935	u/tpsherwin	fmq1kls	u/the-lazy-sloth	fmq1awh	C
2020-04-07 16:28:24.860732	u/The-Dark-Memer	fmq1ktt	u/-nintendawg64	fmpw4zd	C
2020-04-07 16:28:48.189739	u/SneakerReviewZ	fmq1lyy	u/yuffieisathief	fmpnr0b	C
2020-04-07 16:28:51.493943	u/YoungJ21000	fmq1m11	u/bgog86411	fmpnqcn	C
2020-04-07 16:29:41.559067	u/neverMYFIT	fmq1o9p	u/Albertoiccinini	fmpmubi	C
2020-04-07 16:29:51.496576	u/BuzzL123	fmq1oxt	u/Tzar-Sand-Hanitizer	fmq1fn5	C
2020-04-07 16:30:06.701507	u/pixel-pixel_	fmq1p3q	u/FewTap9	fmpd9vz	C
2020-04-07 16:30:51.476134	u/vlken69	fmq1qjy	u/WH02J03	fmpaq8e	C
2020-04-07 16:31:19.894211	u/PulverizeReaper	fmq1rdo	u/-HiHi1212-	fmq1nwp	C
2020-04-07 16:31:36.307953	u/I_da_Gayest	fmq1roq	u/python_boti	fmq1pwu	C
2020-04-07 16:31:48.746823	u/04-CG-04	fmq1sa0	u/python_boti	fmq1i76	C
2020-04-07 16:32:04.544595	u/DiMiTri_man	fmq1so1	u/Emperor_O_Memes	fmq09q7	C
2020-04-07 16:35:34.299174	u/SummieKC	fmq1z51	u/yourpantsaretoobig	fwpsu2	S
2020-04-07 16:35:53.430328	u/way_falrer	fmq1zks	u/python_boti	fmq1hdp	C
2020-04-07 16:36:38.933160	u/deprex2207	fmq20s0	u/jonbush1234	fmpvnal	C
2020-04-07 16:37:06.298391	u/TrafficConesUpMyAnus	fmq21eh	u/shleyal19	fmp6tbz	C
2020-04-07 16:37:17.454519	u/masenine	fmq21pv	u/isaac-the-potato	fmq0mou	C
2020-04-07 16:37:52.628043	u/stojkestojke	fmq23gf	u/python_boti	fmq1x47	C
2020-04-07 16:38:27.417111	u/cjcrooser1	fmq2523	u/RepostSleuthBot	fmq1h1u	C
2020-04-07 16:38:36.946745	u/toram23901	fmq25g4	u/imtolateforacoolname	fmowd5r	C
2020-04-07 16:38:43.454788	u/doyouhavetono	fmq25ih	u/calhlin4	fd7v0w7	C
2020-04-07 16:39:04.725893	u/hagathacrusty	fmq26sq	u/dentedgal	fmptk8q	C
2020-04-07 16:39:22.297772	u/mert5416	fmq27te	u/anshumankr001	fmp1ca8	C
2020-04-07 16:39:39.565985	u/stilettocroc	fmq28p7	u/SmollBean69	fmq217f	C
2020-04-07 16:39:42.408651	u/mlg420isoutdated	fmq28zf	u/Tectonicsauce	fmpdbaw	C
2020-04-07 16:39:49.991962	u/McWillerb7	fmq29i9	u/memes_for-the_win	fmpg2de	C
2020-04-07 16:40:11.591286	u/JohnThiccy	fmq2abc	u/Gloopyy	fmpyabc	C
2020-04-07 16:40:28.879782	u/Dragoneye411	fmq2b2b	u/InnocentRope	fmq1mxb	C
2020-04-07 16:40:55.691785	u/DraxRieper	fmq2bom	u/pele-the-cat	fmq1vzy	C
2020-04-07 16:41:17.314530	u/Thornn05	fmq2c7b	u/Jack_Senaviev	fmq20e3	C
2020-04-07 16:41:21.987014	u/hand_sanitizer17	fmq2cfi	u/droneflyer35621	fmp4h7z	C
2020-04-07 16:41:28.678606	u/rackinthatkarma	fmq2ck7	u/meatMeater_3	fmq24kq	C
2020-04-07 16:42:23.219707	u/the-graveyard-writer	fmq2ehf	u/SixxSe7eN	fmpo1yh	C
2020-04-07 16:43:05.033789	u/KriaukliuPardavejas	fmq2g7w	u/cmcfrfr	fmq28ls	C
2020-04-07 16:43:40.250287	u/Clol27	fmq2h24	u/Justin_The_Fox2	fmpjtt4	C
2020-04-07 16:44:47.474023	u/DeaWho	fmq2j9t	u/asiancupnoodles	fmpfx8u	C
2020-04-07 16:45:01.948941	u/Beastmodeslupdog13	fmq2jsj	u/PrettyDimiHD	fmq1qxl	C
2020-04-07 16:45:11.893608	u/upseti-spaggeti	fmq2k0j	u/aleryon__	fmpoq30	C
2020-04-07 16:45:42.831624	u/xxxbigdong69	fmq2l1w	u/flixerino	fmpwgrp	C
2020-04-07 16:45:45.875269	u/Meowoofmooo	fmq2lal	u/taco_0406	fmq0w5d	C
2020-04-07 16:46:26.505809	u/comicshopgrl	fmq2n2n	u/cosmotrippin	fmq18eo	C
2020-04-07 16:48:03.297971	u/FatherSergius	fmq2qeu	u/Random0s2oh	fmpjxl3	C
2020-04-07 16:48:06.766943	u/GandalfThyDank	fmq2qh6	u/oogaboogaboi69420	fmp3cbc	C
2020-04-07 16:48:56.903003	u/Hentai-U	fmq2s3o	u/puredarkred	fmq26kh	C
2020-04-07 16:49:13.547045	u/CaptianQwark	fmq2t2c	u/Master_JBT	fmpxxk6	C
2020-04-07 16:49:20.521642	u/Pybrother	fmq2tiv	u/RepostSleuthBot	fmq2r0d	C
2020-04-07 16:49:23.205699	u/Nuusg1s	fmq2tko	u/Senira_G	fmps2cl	C
2020-04-07 16:49:32.957359	u/LionTion_HD	fmq2u36	u/loopsbrother2903	fmomj77	C
2020-04-07 16:49:41.201795	u/wooooshifgay69	fmq2ujr	u/aydenaydstaff	fmisnj8	C
2020-04-07 16:49:54.789517	u/sraavs	fmq2wec	u/KUKYPLAY	fmpzp4g	C
2020-04-07 16:50:03.284010	u/angryupdoot	fmq2xef	u/leovolpe	fmq2uca	C
2020-04-07 16:50:23.815043	u/MonHun	fmq2yi7	u/SketchPV	fmpzymp	C
2020-04-07 16:50:31.005186	u/Mewacy	fmq2yml	u/python_boti	fmq1617	C
2020-04-07 16:51:40.504789	u/Everbs	fmq31gu	u/MrPiecer	fmq2r7a	C
2020-04-07 16:52:02.780213	u/ZerODiesel	fmq31w3	u/OnlyBeGamer	fmq2kje	C
2020-04-07 16:53:05.309865	u/RomanN05	fmq34eu	u/Black0ps_12	fmq1n9b	C
2020-04-07 16:53:52.881512	u/niptuck7747	fmq36q6	u/Relan42	fmpuqcz	C
2020-04-07 16:54:49.443606	u/goldshot2O	fmq39z5	u/maxy073	fmq2zbl	C
2020-04-07 16:55:04.768557	u/Druskei	fmq3ajt	u/Wolfshadow309	fmpq4b3	C
2020-04-07 16:55:11.853353	u/BiGChunGus42068	fmq3aor	u/Voxesness	fmpuvhg	C
2020-04-07 16:55:21.928455	u/Deathly_banana	fmq3b5t	u/NoteSalad	fmq2uq5	C
2020-04-07 16:55:46.507458	u/An_average_moron	fmq3cm7	u/_glacierr	fmpyczk	C
2020-04-07 16:56:50.491684	u/ArcadeRaider	fmq3ffa	u/Yurishirox	fmpkqgz	C
2020-04-07 16:57:08.186456	u/wutthefreshyeet	fmq3fu6	u/stilettocroc	fmq1cle	C
2020-04-07 16:57:59.580686	u/Benbob9	fmq3i51	u/Nothing_here_bro	fmq0a6m	C
2020-04-07 16:58:03.450656	u/WarmedTadpole87	fmq3ig9	u/WH02J03	fmpaq8e	C
2020-04-07 16:58:47.238238	u/LangleyFan	fmq3kog	u/AsylumThundr	fmpuxyj	C
2020-04-07 16:59:08.698019	u/StaticBolt01	fmq3lyv	u/green_hams_and_egg	fmp9in8	C
2020-04-07 16:59:49.083772	u/tommemans05	fmq3oor	u/Selebel	fmpyauz	C
