2020-03-25 19:00:36.800329	u/g1en1ek	fli86pn	u/Pigpenlordofdirt	flh7092	C
2020-03-25 19:00:52.926442	u/cjohnalex10	fli878o	u/AutoModerator	flh5pfz	C
2020-03-25 19:00:59.357962	u/duaneodubhan	fli879i	u/TheHairofSlytherin	flhzrjp	C
2020-03-25 19:01:24.201056	u/muffinman7638	fli87k4	u/fualtyzane	fli5gw2	C
2020-03-25 19:01:35.214479	u/pkmnTrainer_axl	fli87v1	u/itbemediego	fli85vt	C
2020-03-25 19:01:38.485987	u/HumanBean1243	fli87vj	u/IAmYoDaddyDuh	fli1qot	C
2020-03-25 19:01:46.002306	u/bakirelopove	fli87zo	u/CinKM4D	flh8whz	C
2020-03-25 19:01:50.370564	u/WBmomma	fli885j	u/racerfree	fli3lge	C
2020-03-25 19:01:59.774677	u/Tomatozauz	fli88co	u/DUCKLESSLORD	flhgwqq	C
2020-03-25 19:02:16.298716	u/99Magic	fli88k6	u/SkepticalPsycho-naut	fli7vau	C
2020-03-25 19:02:18.524092	u/Schwifty_colo	fli88ka	u/Yangishrobin	flhxajk	C
2020-03-25 19:02:20.782671	u/Koterrrr	fli88kg	u/Shuttley	flhjf16	C
2020-03-25 19:02:24.938736	u/SkaySaky	fli88lw	u/mistermuesli	fli809t	C
2020-03-25 19:02:28.364942	u/Seregant	fli88oh	u/QuackedGyroz	fli86ke	C
2020-03-25 19:02:33.871749	u/Puxple	fli88qd	u/fualtyzane	fli2lk1	C
2020-03-25 19:02:42.089775	u/id2d	fli88t6	u/Mr_T_123	fli4jtr	C
2020-03-25 19:03:24.748838	u/MajesticHairLice	fli89a6	u/CinKM4D	flh8whz	C
2020-03-25 19:03:29.739888	u/WCEnte189	fli89da	u/willsound66	flhsn41	C
2020-03-25 19:03:34.719502	u/theonedeisel	fli89eb	u/GeneralSturnnn	flhyl11	C
2020-03-25 19:03:37.119220	u/Magnolian-trees	fli89g5	u/megalodon392	flhiwkp	C
2020-03-25 19:03:44.846420	u/Railcone5	fli89ok	u/Shrekola-69	flhiqph	C
2020-03-25 19:04:05.215918	u/Sliffer21	fli8a49	u/_Xand0n_	fli1dci	C
2020-03-25 19:04:11.999535	u/RespectPrivacyPlz	fli8aau	u/Jboy7d2	fli7zn9	C
2020-03-25 19:04:24.989898	u/KremeKakez101	fli8ama	u/Orvvadasz	fli58sa	C
2020-03-25 19:04:39.802351	u/ConsolePlug-inBot123	fli8b0b	u/Nilly00	flhzml2	C
2020-03-25 19:04:45.594619	u/NDaveT	fli8b8a	u/GeneralSturnnn	fli6bfc	C
2020-03-25 19:04:53.813441	u/zamil1000	fli8bkp	u/LandsharkDetective	fli3zyx	C
2020-03-25 19:04:56.902256	u/DamianC04	fli8bns	u/zomdiax5	flhh06b	C
2020-03-25 19:05:05.800261	u/MuriloTc	fli8bqi	u/theweekendman	flhd5n2	C
2020-03-25 19:05:11.457733	u/_solidwarp_	fli8bvf	u/TheWiseAutisticOne	fli4ftv	C
2020-03-25 19:05:13.555213	u/Bluemoon357	fli8bvk	u/NessleTheKing	fli7vev	C
2020-03-25 19:05:15.520501	u/colinch8	fli8bwv	u/machimus	fli6mfr	C
2020-03-25 19:05:30.994892	u/Angoltigris	fli8cdv	u/TFW_YT	fli7vxh	C
2020-03-25 19:05:35.446574	u/GuessWhatHeSaid	fli8ceh	u/racerfree	flhz06y	C
2020-03-25 19:05:38.110717	u/TK_Nanerpuss	fli8cfm	u/CaffeineSippingMan	fli7y4e	C
2020-03-25 19:05:41.428096	u/aw150	fli8cfr	u/CinKM4D	flh8whz	C
2020-03-25 19:05:46.242583	u/_Spaghett__	fli8cje	u/TreesCanFeelToo	flhhvuk	C
2020-03-25 19:05:50.775732	u/Demostanis	fli8cli	u/StrongSpite1	fli7rj9	C
2020-03-25 19:06:20.716590	u/MrFinFolk	fli8d07	u/Pigpenlordofdirt	flh7092	C
2020-03-25 19:06:37.351648	u/insanemonkey78	fli8ddk	u/skiiess	flhmyt3	C
2020-03-25 19:06:44.736576	u/mxchael118	fli8dnh	u/Pigpenlordofdirt	flh7092	C
2020-03-25 19:06:55.098731	u/Darkunderlord42	fli8dyw	u/xXa_germandudeXx	fli1dpl	C
2020-03-25 19:06:57.562453	u/diegoREACH	fli8e26	u/travaking	flhkbpn	C
2020-03-25 19:07:01.377698	u/fruittoast2	fli8e4y	u/The-Knight-Of-Nee	flhwdvf	C
2020-03-25 19:07:05.515524	u/VoidMessiah	fli8e5n	u/theShaggy009	flh00uj	C
2020-03-25 19:07:26.374661	u/bjornjulian00	fli8es4	u/zmanofdoom95	flhb14i	C
2020-03-25 19:07:28.628741	u/LilBigGay	fli8etn	u/Pigpenlordofdirt	flhfwm7	C
2020-03-25 19:07:38.815598	u/DagothHertil	fli8f1o	u/Zreddit4	flhtyzt	C
2020-03-25 19:07:42.817380	u/Hungry320	fli8f7j	u/CinKM4D	flh8whz	C
2020-03-25 19:07:55.592342	u/Mallonhead	fli8fah	u/Rammstein_gay	fli72mk	C
2020-03-25 19:08:01.038824	u/itellyouidontbutdamn	fli8fid	u/Brocephus420	flhxe0y	C
2020-03-25 19:08:59.449044	u/banana_bagutte	fli8h3f	u/CinKM4D	flh8whz	C
2020-03-25 19:09:15.574601	u/StalinIsMyDaddy6998	fli8hft	u/Passworqr	flhkwiu	C
2020-03-25 19:09:16.581466	u/yurishe	fli8hg2	u/bsaenz46	flhb7k7	C
2020-03-25 19:09:17.533866	u/Blerpers	fli8hge	u/CinKM4D	flhfcsy	C
2020-03-25 19:09:19.964535	u/Kitty12142	fli8hqs	u/Tru_Drone_Videos	flgoty1	C
2020-03-25 19:09:20.856652	u/blackturtleboy	fli8hri	u/CinKM4D	flh8whz	C
2020-03-25 19:09:32.138540	u/Nowal_	fli8hwh	u/Alteracctive	flh6ehm	C
2020-03-25 19:09:33.530927	u/OmniWeed	fli8hz9	u/Pigpenlordofdirt	flh7092	C
2020-03-25 19:09:34.712080	u/Davili_22	fli8hzf	u/im_a_disco_dancer	flhkj5g	C
2020-03-25 19:09:45.641160	u/Smittyskis999	fli8i7x	u/RepostSleuthBot	flglizj	C
2020-03-25 19:09:48.431584	u/Trollingstone2	fli8idj	u/TheNearNikolaj	flhmt6e	C
2020-03-25 19:10:20.298075	u/willjoke4food	fli8j5i	u/Asdi144	flgpeh9	C
2020-03-25 19:10:24.980222	u/kickfluff	fli8j9f	u/ThaRadBradLad	fli7yhg	C
2020-03-25 19:10:43.658813	u/dietwater84	fli8jor	u/Galaxy_K	flhw1ab	C
2020-03-25 19:10:56.559789	u/panthefryingdan	fli8jwu	u/Pigpenlordofdirt	flhgwvj	C
2020-03-25 19:11:38.183606	u/GeneralsGerbil	fli8kng	u/uglydadd	fli2d8u	C
2020-03-25 19:11:59.261258	u/stan_M23	fli8kvu	u/Pigpenlordofdirt	flh7092	C
2020-03-25 19:12:25.588238	u/FrenchRapper	fli8lho	u/Pigpenlordofdirt	flhgyxu	C
2020-03-25 19:12:30.021567	u/Jakub_Frgal	fli8lo0	u/imextremelylonely	fli78zn	C
2020-03-25 19:12:33.291352	u/MasterRWB	fli8ls7	u/Alteracctive	flh6ehm	C
2020-03-25 19:13:07.336774	u/curvysquares	fli8m01	u/AutoModerator	flh67lm	C
2020-03-25 19:13:21.512931	u/JSeagurll	fli8m5j	u/J_perl	flhj7x0	C
2020-03-25 19:13:31.168541	u/RedScipion	fli8mbu	u/k4josiah	flhbuf2	C
2020-03-25 19:13:55.372922	u/meme_viewer_	fli8mrk	u/CinKM4D	flh8whz	C
2020-03-25 19:14:02.808729	u/meu_amigo_thiaguin	fli8n30	u/fualtyzane	flhtgsp	C
2020-03-25 19:14:24.598431	u/FriendlyUsernamee	fli8nd3	u/CinKM4D	flh8whz	C
2020-03-25 19:14:26.528993	u/anotherhourofstudy	fli8njg	u/Didaboi	flhl7w6	C
2020-03-25 19:14:42.114785	u/-Soraa	fli8npp	u/euronymphsyndicate	fli8fr2	C
2020-03-25 19:14:51.544989	u/iwantnotalives	fli8o2n	u/Pigpenlordofdirt	flh7092	C
2020-03-25 19:15:06.541841	u/dark-sparks	fli8o67	u/Pigpenlordofdirt	flh7092	C
2020-03-25 19:15:45.661694	u/Grandads_Ashes_Lmao	fli8p7c	u/Pigpenlordofdirt	flh7092	C
2020-03-25 19:15:52.340040	u/A_Diseye12	fli8pdy	u/Alteracctive	flh6ehm	C
2020-03-25 19:15:56.782003	u/Scorching_Flame	fli8pgw	u/Xunob	flhvju0	C
2020-03-25 19:16:06.686258	u/Scrungle_	fli8ptq	u/Didaboi	flhl7w6	C
2020-03-25 19:16:08.343117	u/Hew000	fli8pu5	u/megalodon392	flhiwkp	C
2020-03-25 19:16:33.807046	u/DelgadoTheRaat	fli8qin	u/Pigpenlordofdirt	flh7092	C
2020-03-25 19:16:44.283929	u/Kingdb6	fli8qxk	u/Abs4life123	flgjw86	C
2020-03-25 19:16:54.141091	u/toss_that_sauce_72	fli9wbs	u/QuackedGyroz	fli86ke	C
2020-03-25 19:16:59.194669	u/jackschmika	fli9wfq	u/L_ryuzaki_L	flhe4gy	C
2020-03-25 19:17:05.257515	u/TylerTopaz542	fli9wmd	u/Chatters01	fli4dlk	C
2020-03-25 19:17:31.978444	u/Donte333	fli9xle	u/racerfree	flhzub7	C
2020-03-25 19:17:38.456914	u/RubenD112	fli9xs7	u/big_baba_beanos	flhib5b	C
2020-03-25 19:17:44.565799	u/ggthebuoy	fli9y8x	u/Pigpenlordofdirt	flhfwm7	C
2020-03-25 19:17:48.702717	u/DutchChallenger	fli9yit	u/CinKM4D	flh8whz	C
2020-03-25 19:18:19.585287	u/sucgudthrujorts	fli9zbi	u/Sev-_-	fli87bc	C
2020-03-25 19:18:23.514291	u/SPICYBANANABOI	fli9zfu	u/Sarcastic871	fli95q4	C
2020-03-25 19:18:25.331155	u/liriK15	fli9zhv	u/VincentRaccon	fli9oil	C
2020-03-25 19:18:31.528582	u/HereSirTakeMyUpvote	fli9zmj	u/imextremelylonely	fli78zn	C
2020-03-25 19:18:41.580038	u/dingdongdudah	flia009	u/CharmanderCharm	flhj8uj	C
2020-03-25 19:18:42.765471	u/littleburd8609	flia00j	u/evenbiggerboi	flhlbmw	C
2020-03-25 19:18:46.300166	u/MAD_DOG86	flia046	u/macaronino	fli3fcv	C
2020-03-25 19:18:55.141018	u/OmniTheProdigy	flia04f	u/mesutozil99	fli9817	C
2020-03-25 19:18:57.062328	u/stupidname02	flia09y	u/CinKM4D	flhfcsy	C
2020-03-25 19:19:13.461996	u/StealthSecrecy	flia0tz	u/GeneralSturnnn	flhpiei	C
2020-03-25 19:19:15.132059	u/Secgh	flia0uw	u/fualtyzane	fli5x6c	C
2020-03-25 19:19:23.908715	u/Cpt_Swivelchair	flia17e	u/HalfEmpty973	flhyh4i	C
2020-03-25 19:19:32.090813	u/DatBoiDatLegend	flia1jm	u/CinKM4D	flhfcsy	C
2020-03-25 19:19:33.153082	u/Ccend	flia1k5	u/Black-PewDiePie	fli40fl	C
2020-03-25 19:19:34.686357	u/malygu	flia1qq	u/mIcCaMiCcA11111	flhnazr	C
2020-03-25 19:19:46.675736	u/thedevilonsight	flia20e	u/Pigpenlordofdirt	flhfwm7	C
2020-03-25 19:19:47.636596	u/Rei_Caixo	flia23u	u/omg_itsjr07	flhwv1x	C
2020-03-25 19:19:50.858018	u/flyingtacos_674	flia2el	u/zamil1000	fli8bkp	C
2020-03-25 19:19:53.712004	u/glutis_maximus	flia2k9	u/TheOtherWhiteCastle	fli2nx9	C
2020-03-25 19:20:07.342995	u/M3RKDR1FT	flia2rm	u/Worldly_Jellyfish	flht9nh	C
2020-03-25 19:20:32.501893	u/Extincton	flia30d	u/DUCKLESSLORD	flhgwqq	C
2020-03-25 19:20:34.992373	u/OhKittyNo	flia384	u/Tristanzp0131	flhevlx	C
2020-03-25 19:21:00.118147	u/crispy360	flia3d6	u/Bannedhour	fli9w6t	C
2020-03-25 19:21:41.401068	u/Ravensquain	flia3rx	u/Iputmayoonpphole	flhrur0	C
2020-03-25 19:22:25.887251	u/epg_240	flia4qi	u/BrokenCog2020	flhxdu7	C
2020-03-25 19:22:32.483905	u/notmaxwhosthat	flia4s2	u/A_r0B-B0t	fli9zp4	C
2020-03-25 19:22:48.024997	u/TheG-What	flia4yu	u/Pigpenlordofdirt	fli7jud	C
2020-03-25 19:22:51.109835	u/memzlol	flia50b	u/CinKM4D	flh8whz	C
2020-03-25 19:23:08.907178	u/SunnyTangerineDreams	flia5ft	u/mizshi	fli5tka	C
2020-03-25 19:23:19.052388	u/cedajr	flia5ms	u/Blip_Blop_Blip	flia2i2	C
2020-03-25 19:23:46.415748	u/MrPineapple568	flia5u1	u/XD_Im_Pink_Pixel	fli8uvh	C
2020-03-25 19:24:05.215920	u/SpeakerWithTourettes	flia64c	u/NeevaErcevan	fli9o1z	C
2020-03-25 19:24:43.600787	u/VelvetandElectricity	flia6tt	u/megalodon392	flhiwkp	C
2020-03-25 19:24:56.137148	u/Wea3e1	flia7e5	u/Pigpenlordofdirt	flhfwm7	C
2020-03-25 19:24:59.869444	u/LiterallyEkam	flia7hi	u/Tru_Drone_Videos	fli9a94	C
2020-03-25 19:25:14.736025	u/teff696	flia7sm	u/Lord_Nyarlathotep	flhuyyn	C
2020-03-25 19:25:16.504620	u/CoolMelonMan	flia7v4	u/Chrishy04	fli4024	C
2020-03-25 19:25:53.129277	u/verqiel	flia8kt	u/Pigpenlordofdirt	flh7092	C
2020-03-25 19:26:08.533941	u/Vindicta_Dulcis	flia8se	u/Bobesh711	flhd750	C
2020-03-25 19:26:21.354926	u/P-achi	flia8td	u/fualtyzane	fli5zt2	C
2020-03-25 19:26:24.566858	u/GankG	flia92e	u/AnalTuberculosis	fli2twg	C
2020-03-25 19:26:38.814618	u/gnoble22	flia99m	u/dishwasher23	flgvqta	C
2020-03-25 19:26:40.388704	u/EggoTheSquirrel	flia99g	u/aScrollingProgram	flhf0kb	C
2020-03-25 19:26:45.467484	u/thatoneasianguy541	flia9e8	u/Kodeine__Bryant	flhbz1f	C
2020-03-25 19:26:49.314537	u/SilentSword1137	flia9gt	u/AutoModerator	flh67lm	C
2020-03-25 19:27:04.100198	u/Benjip2005	flia9xh	u/CinKM4D	flh8whz	C
2020-03-25 19:27:20.091359	u/QuirkySquid	fliaaii	u/k4josiah	flia7yf	C
2020-03-25 19:27:21.546116	u/Error_402	fliaaiy	u/DonutOlympian	flgnazl	C
2020-03-25 19:27:46.649887	u/SugarBabe90	fliabcw	u/superblooperboss	flh8rj6	C
2020-03-25 19:27:51.510549	u/StarbucksWingman	fliablt	u/annoying_ravenclaw	flgv37u	C
2020-03-25 19:28:10.934231	u/Oblerane	fliac4r	u/The-Knight-Of-Nee	flhtkgj	C
2020-03-25 19:28:18.314433	u/dedboihelp	fliacaq	u/Pigpenlordofdirt	flhfwm7	C
2020-03-25 19:28:24.996140	u/greendood333	fliaco5	u/CinKM4D	flh8whz	C
2020-03-25 19:28:26.863883	u/trophy_-Il73633	fliacs1	u/AHaveReddit	flhy1h1	C
2020-03-25 19:28:30.704687	u/jacquavius	fliacyp	u/Pigpenlordofdirt	fli6tfv	C
2020-03-25 19:28:31.892010	u/Infernos1s	fliad0k	u/aScrollingProgram	flhf0kb	C
2020-03-25 19:28:36.746706	u/IllSmashItWithAHam	fliadfe	u/charles_mortel	fli2szm	C
2020-03-25 19:28:40.458942	u/Bob_Corkos	fliadlg	u/_Ibrahim_Moizoos_	fli31dv	C
2020-03-25 19:28:55.215147	u/idontknowlazy	fliadzt	u/andrei_TV200	fli2luv	C
2020-03-25 19:29:21.724718	u/Name8User	fliaewp	u/Jermainejgenas	fli7qdl	C
2020-03-25 19:29:22.935948	u/Sidoooooo	fliaf2u	u/DUCKLESSLORD	flhgwqq	C
2020-03-25 19:29:28.351766	u/OnlyPlayAsPlague	fliafp6	u/MrPineapple568	flia5u1	C
2020-03-25 19:29:38.582661	u/Samaqa	fliaga7	u/CinKM4D	flh8whz	C
2020-03-25 19:29:41.604470	u/cheddachild	fliagin	u/Bobesh711	flhd750	C
2020-03-25 19:29:55.006135	u/CGTitan01	fliah0g	u/CinKM4D	flh8whz	C
2020-03-25 19:29:56.828446	u/SkyrimMagicMaster	fliahdj	u/assassins_creed2007	fli09rc	C
2020-03-25 19:29:58.082895	u/dolphinmaster69	fliahgr	u/ImACumWhore	fosrfm	S
2020-03-25 19:30:09.045484	u/IfANoseKnows	fliahnf	u/VanillaNyx	flia12y	C
2020-03-25 19:30:14.963905	u/Everday_is_meme_day	fliahvk	u/Gabou374	fliagwm	C
2020-03-25 19:30:17.325292	u/kshitij1010	fliahwd	u/fualtyzane	fliagxa	C
2020-03-25 19:30:19.711101	u/ultraflair04	fliahwe	u/sweptchicken27	fli9e09	C
2020-03-25 19:30:23.413238	u/lord_z9	fliahyg	u/OnlyPlayAsPlague	fliafp6	C
2020-03-25 19:31:08.134334	u/69Sauce420	fliairn	u/Draconium69	flhz691	C
2020-03-25 19:31:23.168121	u/The-Poop-Thief	fliaj5g	u/Pigpenlordofdirt	flhfwm7	C
2020-03-25 19:31:25.423188	u/Northsole16	fliaj5i	u/tizianrein	fli7ewf	C
2020-03-25 19:31:37.407316	u/Piggyfriend1792	fliajof	u/evenbiggerboi	flhlbmw	C
2020-03-25 19:31:43.202828	u/Crappyking41	fliajpf	u/DaWhiteLight	flgmsoq	C
2020-03-25 19:31:48.110919	u/TargThreeTee	fliajt9	u/NotLarryT	flhvqnj	C
2020-03-25 19:32:03.892314	u/dorifto_boi	fliak5i	u/bennehboi69	flhobqy	C
2020-03-25 19:32:38.636637	u/FriendlyLies	fliakt4	u/denhamfree	flh9ff7	C
2020-03-25 19:33:20.076821	u/T-a-k-o-z	flialnh	u/CinKM4D	flh8whz	C
2020-03-25 19:33:26.097284	u/Ps1_hagrid445	flialt9	u/Pigpenlordofdirt	flh7092	C
2020-03-25 19:33:32.028870	u/grommdabom	flialxl	u/lolipopbiter	fli5cap	C
2020-03-25 19:33:53.795331	u/TTE_Deadshot	fliam99	u/megalodon392	flhiwkp	C
2020-03-25 19:34:04.792362	u/edgetm	fliampf	u/CinKM4D	flh8whz	C
2020-03-25 19:34:06.894199	u/Classic_Klepto	fliamq4	u/FoxyTravis14	fli9wq3	C
2020-03-25 19:34:10.384608	u/EATK	fliamu7	u/44G6	flhyn4o	C
2020-03-25 19:34:52.541469	u/DullKris	flianrk	u/DannyTheBoyo	fli5iwc	C
2020-03-25 19:34:54.459099	u/Tsuki_No_Kami	flianrn	u/AutoModerator	flhzfp9	C
2020-03-25 19:35:09.912333	u/InfamousBearHugz_	fliao55	u/sqweeeeeeeeeeeeeeeps	flhtixi	C
2020-03-25 19:35:12.729487	u/RDAM_Whiskers	fliao5l	u/Pigpenlordofdirt	fli6v1f	C
2020-03-25 19:35:14.621046	u/DaFluff09	fliao8w	u/stapleosprey_the_god	flhla9n	C
2020-03-25 19:35:43.447453	u/SyncMilk	fliaorg	u/aScrollingProgram	flhf0kb	C
2020-03-25 19:35:57.609338	u/A_Plumpy_Kirby	fliaoz6	u/Pigpenlordofdirt	flh7092	C
2020-03-25 19:36:17.843947	u/chasing_tranquility	fliapl1	u/CHFCalvin	flhwtng	C
2020-03-25 19:36:35.681973	u/BouncingWeill	flibwae	u/1uciif3r	fli81zt	C
2020-03-25 19:37:01.319444	u/QuiGonFishin	flibwtw	u/Alteracctive	flh6ehm	C
2020-03-25 19:37:05.234765	u/demembros	flibwz3	u/J_perl	flhj7x0	C
2020-03-25 19:37:23.237470	u/Dewey2254	flibx5c	u/Pigpenlordofdirt	fli7qhn	C
2020-03-25 19:37:34.755335	u/TheBreadMan42069	flibxym	u/BlooFlea	flg4gb4	C
2020-03-25 19:37:36.908981	u/HYPA_II_VYPA	fliby53	u/The-Knight-Of-Nee	flhu5g8	C
2020-03-25 19:37:38.343516	u/Noomii	fliby5t	u/CinKM4D	flhfcsy	C
2020-03-25 19:37:42.946961	u/a_scary_Pete	fliby9p	u/AutoModerator	flh67lm	C
2020-03-25 19:37:54.629448	u/TharHolyGamer	flibym0	u/Angoltigris	fli788p	C
2020-03-25 19:38:10.587930	u/small-peen-joe	flibzia	u/Volnas	flhxmhd	C
2020-03-25 19:38:25.988324	u/jeevesdgk	flic0oh	u/Frysaggregat	flibyyx	C
2020-03-25 19:38:31.405669	u/big_pee_peeman	flic0x7	u/IguanasWithInternet	flib9dr	C
2020-03-25 19:38:34.459980	u/yourlocalwendigo	flic183	u/Pigpenlordofdirt	flibvdb	C
2020-03-25 19:38:35.702809	u/Oopsie_doopsie7_7	flic18m	u/AgreeableSituation6	fli33mr	C
2020-03-25 19:38:52.513899	u/4G2A0S	flic1s8	u/ma-ry-c	flhci75	C
2020-03-25 19:38:58.670393	u/WhatPotat	flic273	u/turtlestrainc	flhn0ko	C
2020-03-25 19:38:59.814492	u/Mouldypotatoes	flic2b8	u/ahmadz23	flibyaj	C
2020-03-25 19:39:01.480099	u/Ford28082	flic2c7	u/CinKM4D	flh8whz	C
2020-03-25 19:39:03.612322	u/big-bird-is-jesus	flic2gq	u/dlennon1997	flibp19	C
2020-03-25 19:39:06.069924	u/Wither_Warrior	flic2w2	u/Its_The_Ham_Burglar	flibh8d	C
2020-03-25 19:39:07.671741	u/World_Of_Yolo	flic31d	u/poonpounder6969	flhqfvk	C
2020-03-25 19:39:36.046659	u/ERRORNUMBER2004	flic44o	u/monocontraje	flibcut	C
2020-03-25 19:39:41.872836	u/jakemcex	flic4oy	u/ExpertAccident	flibyw4	C
2020-03-25 19:39:54.143582	u/bliss_popcorn	flic4yp	u/chappie85	fli2y00	C
2020-03-25 19:39:58.235225	u/chicken-mace	flic55w	u/greatking6009	flhfpvd	C
2020-03-25 19:40:36.787050	u/RetroMonkeyBizzz	flic62t	u/CinKM4D	flhfcsy	C
2020-03-25 19:40:44.058180	u/neverstopnodding	flic6f6	u/andrei_TV200	fli2luv	C
2020-03-25 19:40:50.842682	u/lucMZ448	flic6m1	u/AK24ROCKS	flgv9co	C
2020-03-25 19:40:54.645710	u/notsobot1	flic6rn	u/Pigpenlordofdirt	flh7092	C
2020-03-25 19:41:01.716384	u/Faaatkid	flic70m	u/CinKM4D	flhfcsy	C
2020-03-25 19:41:19.061685	u/Mystic_1llusions	flic7oe	u/Pigpenlordofdirt	flhgyxu	C
2020-03-25 19:41:26.836652	u/CHEEZY_21	flic7tt	u/That_OneWhiteDude	flhmvjb	C
2020-03-25 19:41:39.997454	u/heesell	flic89c	u/Brrrruhhhh	flibytg	C
2020-03-25 19:42:30.016867	u/xdNASs	flic92w	u/CinKM4D	flh8whz	C
2020-03-25 19:42:34.260708	u/SpaceAgeNomad	flic9aj	u/GeneralSturnnn	flhpiei	C
2020-03-25 19:43:02.410497	u/-_TOKEN_-	flica7d	u/CinKM4D	flh8whz	C
2020-03-25 19:43:06.668227	u/miss_scarlett_ohara	flicaa6	u/CinKM4D	flh8whz	C
2020-03-25 19:43:15.742904	u/TheFrogMan1	flicaho	u/Bebbybunny	fli6bmz	C
2020-03-25 19:43:32.000388	u/therealTGAW	flicbbt	u/Pigpenlordofdirt	flh7092	C
2020-03-25 19:43:36.317379	u/screb_r_us	flicbfr	u/BlackOut-76	flic9gr	C
2020-03-25 19:43:45.889986	u/BlueeGooee	flicbkj	u/coco237	fl5tfev	C
2020-03-25 19:44:04.442238	u/DogeTheLostOne	flicc09	u/CinKM4D	flh8whz	C
2020-03-25 19:44:07.670126	u/GarbageConsumer69	flicc43	u/Memunism4Life	flic8ea	C
2020-03-25 19:44:16.386310	u/RealShakespeare	flicc8e	u/Pigpenlordofdirt	flhfwm7	C
2020-03-25 19:44:41.184379	u/Exaed	flicd2r	u/CinKM4D	flhfcsy	C
2020-03-25 19:45:36.512448	u/CocktailWizard	flicecs	u/weird_quite_kid	fli9m85	C
2020-03-25 19:46:09.482749	u/DanyDud3	flicfiw	u/Supernova-581	flhyvt7	C
2020-03-25 19:46:40.524329	u/iwillwatchyousleep	flicgo9	u/dovedevic	fl2izeo	C
2020-03-25 19:46:57.949568	u/dkingtwrtall	flicgyt	u/racerfree	flguyod	C
2020-03-25 19:47:10.137913	u/solo_savage117	flich4t	u/avlism	fliceqa	C
2020-03-25 19:47:27.208988	u/douriam	flichfv	u/VibraniumDragonborn	fl5nrgn	C
2020-03-25 19:47:31.362029	u/randomshithead250	flichkc	u/CinKM4D	flh8whz	C
2020-03-25 19:47:33.621071	u/nyangata05	flichkm	u/SheevIsGod	fli6i0k	C
2020-03-25 19:47:48.433416	u/Ez3G0n	flici4a	u/Pigpenlordofdirt	flh7092	C
2020-03-25 19:47:50.565609	u/teddy_0229	flici6c	u/Kami103	flicacf	C
2020-03-25 19:48:05.963738	u/notquitesteepleddata	flicin0	u/Xx_GrammarNazi_xX	flhw3rh	C
2020-03-25 19:48:16.520273	u/ComesUpPanda	flicj61	u/Pigpenlordofdirt	flh7092	C
2020-03-25 19:48:18.248549	u/_no_name_1	flicj86	u/Gorhaloth	flhibg0	C
2020-03-25 19:48:20.741949	u/somewhereinthedark6	flicj9w	u/megalodon392	flhiwkp	C
2020-03-25 19:48:36.573878	u/ItsSpeedy	flicjn9	u/AutoModerator	flh67lm	C
2020-03-25 19:48:41.219082	u/MrToilettes	flicjxq	u/bsaenz46	flhb7k7	C
2020-03-25 19:48:46.503995	u/sirchiox	flick9a	u/sweptchicken27	fli30ro	C
2020-03-25 19:48:59.103908	u/Ytterdahl	flickgf	u/Obsidian_human	flib2us	C
2020-03-25 19:49:02.950331	u/FreeBusDog	flickqv	u/CHEEZY_21	flibvyh	C
2020-03-25 19:49:12.844390	u/polo_polaco	fliclfb	u/R3Dsnapp3r	flhxosm	C
2020-03-25 19:49:27.019305	u/ryder-rex	fliclzh	u/Alteracctive	flh6ehm	C
2020-03-25 19:49:40.339603	u/Zoriox_YT	flicmi0	u/FreezeY7	fliclkn	C
2020-03-25 19:49:49.410979	u/TheGrizzly5247	flicn60	u/Pigpenlordofdirt	flh7092	C
2020-03-25 19:49:50.341842	u/Klugernu	flicn9p	u/Pigpenlordofdirt	flh7092	C
2020-03-25 19:50:00.888506	u/dan_dal_05	flicne5	u/ight-imma-head-out7	fli796i	C
2020-03-25 19:50:22.788690	u/quackkkkle	flicnnj	u/The-Knight-Of-Nee	flhu5g8	C
2020-03-25 19:50:31.130908	u/BlitzFuer	flicnt8	u/DavidTheBanana8	flic4jn	C
2020-03-25 19:50:47.754991	u/PolarisXDD	flico90	u/TheArchitectofDestin	fli5ion	C
2020-03-25 19:51:24.654829	u/f_____s	flicp3g	u/Cold156	flhstht	C
2020-03-25 19:51:38.279178	u/Ezperensio	flicph7	u/WhereIsWalmart	fl5g156	C
2020-03-25 19:52:01.825846	u/pain-has-a-brain	flicpzi	u/XNS_Films	flhw6qy	C
2020-03-25 19:52:08.352441	u/iameciov	flicq3e	u/CinKM4D	flhfcsy	C
2020-03-25 19:52:16.109254	u/quackkkkle	flicqfy	u/Itzz-the-reddit-me	fli5xry	C
2020-03-25 19:52:30.515321	u/Edmond-the-Great	flicqs7	u/ExplosiveThingy	fli9npd	C
2020-03-25 19:53:04.713507	u/sansunder	flicr9i	u/AutoModerator	flh67lm	C
2020-03-25 19:53:08.474622	u/_p1t4_	flicraa	u/potatodude456	flhoor9	C
2020-03-25 19:53:10.643261	u/MrSnrub73	flicrbx	u/Potato-Shavings	fli9amu	C
2020-03-25 19:53:16.655349	u/CDubstep258	flicrcm	u/shy-dumpling	fliapbw	C
2020-03-25 19:53:31.096709	u/genderbanana	flicrtl	u/-ELEVATE-	fkwqjwt	C
2020-03-25 19:53:38.273174	u/txycgxycub	flics3g	u/yousosus	flg5oue	C
2020-03-25 19:54:17.284578	u/VerseGen	flictes	u/Dream_the_meme123	flicmny	C
2020-03-25 19:54:24.540101	u/Marvex-	flictmq	u/aScrollingProgram	flhflq8	C
2020-03-25 19:54:31.713738	u/LemurKeeper	flictuh	u/cam_g_	flhzsl1	C
2020-03-25 19:54:42.475954	u/ClaireKwi	flicu9h	u/Pigpenlordofdirt	flh7092	C
2020-03-25 19:55:05.915794	u/BluOctopus706	flicuz1	u/aScrollingProgram	flhf0kb	C
2020-03-25 19:55:08.624801	u/PacDan27	flicuz9	u/blackflag933	flib3k8	C
2020-03-25 19:56:04.598728	u/Ectonya	flicw4k	u/Pigpenlordofdirt	fli34up	C
2020-03-25 19:56:20.630771	u/DemonZ67	flicwds	u/Adan_reader	flhusrb	C
2020-03-25 19:56:27.906583	u/therealman-io	flicwk0	u/CinKM4D	flh8whz	C
2020-03-25 19:56:55.152431	u/A_Cancer_Cell42760	flicxo2	u/Roboguy3000	fli9v2u	C
2020-03-25 19:57:04.334707	u/MWS369	flicy29	u/Deusvult895	flhwmnm	C
2020-03-25 19:57:10.357258	u/JPGaming2008	flicyc5	u/ExpertAccident	flibkti	C
2020-03-25 19:57:15.833246	u/jaygee0315	flicykd	u/uncoded_decimal	flhwvtb	C
2020-03-25 19:57:48.959761	u/C-A-A-C	flicz4z	u/sweptchicken27	flicnl9	C
2020-03-25 19:58:07.917826	u/CoolCamper282	fliczrb	u/Didaboi	flhl7w6	C
2020-03-25 19:58:09.230233	u/Silvarandgold	fliczta	u/assassins_creed2007	fli4bwt	C
2020-03-25 19:58:11.532812	u/Athlestone	fliczu3	u/_Timinator_	fli47tm	C
2020-03-25 19:58:18.750584	u/Turtlefrog69	flid047	u/megalodon392	flhiwkp	C
2020-03-25 19:58:23.024333	u/DoseOfSpeed	flid0bd	u/-_Mocha_-	flhim3g	C
2020-03-25 19:58:33.519719	u/-Mattis-	flid0ku	u/-_Mocha_-	flhim3g	C
2020-03-25 19:58:39.886048	u/mandalorian88-25	flid10o	u/ThatPanda_YT	flicvuy	C
2020-03-25 19:58:49.497252	u/Y34hButN0	flid15e	u/AutoModerator	flgtaam	C
2020-03-25 19:58:53.971861	u/Hudman2121	flid17w	u/CinKM4D	flh8whz	C
2020-03-25 19:58:58.261309	u/goujili	flid1hq	u/fualtyzane	flf9x66	C
2020-03-25 19:59:01.491560	u/MrRawChicken	flid1pm	u/sweptchicken27	fli30ro	C
2020-03-25 19:59:03.123173	u/latan_friend_420	flid1t7	u/consumerofbread56	flic9qn	C
2020-03-25 19:59:21.110791	u/Marcel1105	flid2d1	u/The-Knight-Of-Nee	flhu5g8	C
2020-03-25 19:59:22.455638	u/patronstofveganchefs	flid2iq	u/tizianrein	fli3cru	C
2020-03-25 19:59:39.194136	u/twinsterblue	flid2zj	u/Alteracctive	flh6ehm	C
2020-03-25 19:59:52.490152	u/Kingle2005	flid3hc	u/Legitimate_Teddy	fliaiz0	C
