2020-04-14 14:01:15.985882	u/Altaccountinfection	fned0lm	u/IronEddie19	fnecwe4	C
2020-04-14 14:01:56.928554	u/contradictable44	fned1n8	u/711ainsidejob	fndkyp3	C
2020-04-14 14:02:17.049069	u/Unidos10	fned2d3	u/Lavoom1	fndjbul	C
2020-04-14 14:02:21.076625	u/BouyantBronto	fned2fe	u/TheMangoMando	fndbfcs	C
2020-04-14 14:02:30.739317	u/23990667	fned2l0	u/InsaneBolt963	fnecxj1	C
2020-04-14 14:02:45.171461	u/Basically0K	fned32f	u/MTTRBLX	fnddg4i	C
2020-04-14 14:02:57.015454	u/JT_Yankee	fned3dm	u/Synth131	fned030	C
2020-04-14 14:03:10.281855	u/Euxyr	fned411	u/desi-papa	fndqluo	C
2020-04-14 14:03:27.159282	u/supersid2911	fned4ax	u/Nacho_2014	fne9bfn	C
2020-04-14 14:03:55.109990	u/z10n_zzzzz	fned50s	u/M0DStrawberry	fne7ubp	C
2020-04-14 14:04:32.132420	u/teovmajitel	fned5is	u/TheBlueFleer203	fne33o5	C
2020-04-14 14:05:01.474980	u/dgh13	fned68y	u/Nadikarosuto	fned5a9	C
2020-04-14 14:05:14.446195	u/Dan-SP	fned6jx	u/nicklnack_1950	fne62gb	C
2020-04-14 14:05:23.761382	u/LordEYT	fned6yo	u/pelviso	fne1ahc	C
2020-04-14 14:05:32.404278	u/Amizon	fned7a3	u/yEe_boi_96	fneb3mz	C
2020-04-14 14:06:12.227347	u/MrBeastlover	fned8t0	u/LitGamer69	fndzuiv	C
2020-04-14 14:06:39.083918	u/DiosStandIsTheWorld	fned9x3	u/owlthegamer	fnect40	C
2020-04-14 14:06:48.178493	u/sharko70	fneda9m	u/ssjreditor	fnc8d9y	C
2020-04-14 14:07:33.229118	u/Rit0tiR45	fnedb6q	u/Claeb2303	fne7kac	C
2020-04-14 14:07:50.371076	u/Magical-Worm-V2	fnedbib	u/ymo2323	fneaqr3	C
2020-04-14 14:08:36.055993	u/ninja_penguin16	fnedc80	u/BallzMcFire	fne7w4z	C
2020-04-14 14:08:55.608296	u/velociraptorjax	fnedcju	u/Jumbo_Cactaur	fnec3zb	C
2020-04-14 14:09:30.956063	u/chestebar	fneddhn	u/armstrong-1997	fnecsim	C
2020-04-14 14:09:53.738017	u/Zsgrapes	fnede3p	u/booming_boomer	fndurij	C
2020-04-14 14:11:38.598779	u/Alive_Departure	fnedfcw	u/xCrapyx	fnechi4	C
2020-04-14 14:12:08.009545	u/I_A_HOT_SEXY_GORILLA	fnedfwz	u/guigamer2009	fnedb2c	C
2020-04-14 14:12:24.710521	u/woras1785	fnedfz4	u/potters_heir	fnedaeq	C
2020-04-14 14:13:49.098555	u/Lucy_Jolie	fnedhbi	u/iwreck123	fndzbx2	C
2020-04-14 14:14:57.858089	u/The-Sausage-Wallet	fnedibv	u/Joes_Reddit_acount	fneddud	C
2020-04-14 14:15:09.377076	u/iGam999	fnedii5	u/Chidoriyama	fndi11m	C
2020-04-14 14:15:22.032208	u/D4RK_4NG3L_111	fnedin6	u/theannoying_one	fne0si3	C
2020-04-14 14:15:55.918028	u/C0d3Ch3ez	fnedizf	u/Markgologo123	fndzxi9	C
2020-04-14 14:15:58.107149	u/Ds7_Greed	fnedj0l	u/Rheytos	fne8yxb	C
2020-04-14 14:16:09.511606	u/Goobry143	fnedjiv	u/wouldiwas-shookspear	fne2zcj	C
2020-04-14 14:16:35.029286	u/Ds7_Greed	fnedk1o	u/cacaman119833	fndirb5	C
2020-04-14 14:16:52.846955	u/Mr-Pinetree	fnedk85	u/Bruh_Bot_	fneditf	C
2020-04-14 14:17:00.538735	u/Fezduckkery	fnedkbh	u/BlantonThePirate	fnedffs	C
2020-04-14 14:18:14.980988	u/Jrocketsail1	fnedls0	u/donotlookatmeduh	fne0na8	C
2020-04-14 14:19:40.630247	u/dadudewithpower	fnef5ai	u/SushiThief	fnee0zf	C
2020-04-14 14:21:08.944905	u/Mooseosity	fnef81y	u/ACloakedEagox	fneda55	C
2020-04-14 14:21:19.465343	u/ko46240	fnef88r	u/booming_boomer	fndxpxz	C
2020-04-14 14:21:36.525929	u/Pizza_hut265	fnef8v1	u/Thewilltosucceed	fndkes8	C
2020-04-14 14:22:05.314720	u/lakers1422	fnef9e6	u/donotlookatmeduh	fne0na8	C
2020-04-14 14:22:30.691173	u/rajpar29	fnefagv	u/iamdonatello	fneeo9t	C
2020-04-14 14:22:44.221682	u/ILikeMemes445	fnefamh	u/donotlookatmeduh	fne0na8	C
2020-04-14 14:23:16.613629	u/GDStreamz	fnefb6b	u/ElectricPotato911	fne8wys	C
2020-04-14 14:23:38.572873	u/chicken_and_biscuit	fnefbmu	u/codyjoe	fne52yc	C
2020-04-14 14:23:59.197634	u/Jamistamp	fnefc98	u/YJC-Nate22	fn7wrb4	C
2020-04-14 14:24:32.478311	u/Tbg2222	fnefd4l	u/booming_boomer	fndxpxz	C
2020-04-14 14:25:17.120461	u/Harsha2578	fnefe2g	u/Bruh_Bot_	fneejo9	C
2020-04-14 14:26:17.297046	u/boringteen123	fnefff2	u/soymerluza	fndlypi	C
2020-04-14 14:26:54.181138	u/Charlie90000	fnefghq	u/MrFanFiction	fnef3e2	C
2020-04-14 14:27:45.253438	u/blackknight611	fnefidm	u/TheSweatyFlash	fneeo3b	C
2020-04-14 14:27:53.605248	u/legend_noob	fnefip7	u/Obi_Wan_Shinobi_	fnecxlo	C
2020-04-14 14:27:56.250549	u/GangsterHoovy	fnefipt	u/poopdiddyscoopy	fnefcex	C
2020-04-14 14:28:52.196854	u/epicboyman3	fnefknq	u/TheUnkownGamer21	fndpgj2	C
2020-04-14 14:29:00.876363	u/turt007	fnefl2t	u/donotlookatmeduh	fne0na8	C
2020-04-14 14:29:40.494806	u/prosysus	fnefmvn	u/Sidnev	fne0q3c	C
2020-04-14 14:30:16.428537	u/Ivan_the_smash	fnefo8p	u/JR015	fnefgxb	C
2020-04-14 14:30:23.203384	u/SlytherclawGirl11	fnefoax	u/Sgt-Insane	fnd16hm	C
2020-04-14 14:31:25.754312	u/DrtyItalian	fnefq7x	u/VaultBoy636	fnefo1i	C
2020-04-14 14:31:56.459523	u/GlimmerBeam	fnefrfg	u/GoldenGenesis42069	fndz8f2	C
2020-04-14 14:32:11.408060	u/Land_Squid_1234	fnefrj8	u/Dodood4	fnc2lyr	C
2020-04-14 14:32:22.514698	u/Encentricklown	fnefs0o	u/I_bims_Amthor	fndplka	C
2020-04-14 14:33:04.231073	u/black-project-51	fneftyp	u/RiggzBoson	fndf4t3	C
2020-04-14 14:33:32.891380	u/BiffBaff532	fnefud4	u/BananaZeta	fnec2t3	C
2020-04-14 14:34:05.809070	u/JURI100GAMING	fnefv5o	u/choconutz_coco	fnd4sr5	C
2020-04-14 14:34:15.794188	u/The-ThornBro	fnefvgu	u/TiesG92	fneblq5	C
2020-04-14 14:34:40.596272	u/skize_boy	fnefvys	u/booming_boomer	fndurij	C
2020-04-14 14:35:01.802547	u/effective_techer	fnefwqz	u/mr-dani	fneek6g	C
2020-04-14 14:35:14.184097	u/awesomest-	fnefx2d	u/health-safety-bot	fneeuwm	C
2020-04-14 14:36:33.183677	u/zoltar1970	fneh6gr	u/BottomlessFries27	fnegbmh	C
2020-04-14 14:36:36.179219	u/idanevgi1121	fneh6m5	u/SPED-69	fneh3qi	C
2020-04-14 14:36:51.568041	u/Casual_gamer6969420	fneh6zu	u/Oofdoodoo	fnegwr8	C
2020-04-14 14:36:54.133231	u/SkidTheDefault	fneh742	u/PonderPrawns	fnee6tk	C
2020-04-14 14:37:00.347321	u/throwaway18474729293	fneh78r	u/ManOfJapaneseCulture	fn61aog	C
2020-04-14 14:37:16.720596	u/jumbibot	fneh8ck	u/RepostSleuthBot	fne9v07	C
2020-04-14 14:37:57.365916	u/lolyeet01000110	fneh99p	u/LunaHack	fnegxyz	C
2020-04-14 14:38:51.098455	u/Xero7777	fnehaqp	u/Geekxter	fneh6t1	C
2020-04-14 14:38:55.307268	u/idanevgi1121	fnehb29	u/SPED-69	fneh91r	C
2020-04-14 14:39:19.456172	u/dontaskusername	fnehc3y	u/Kind-Pop	fl3zlqu	C
2020-04-14 14:39:21.408087	u/FireGameS_NL	fnehc6i	u/bhavjotpahuja	fndxl7d	C
2020-04-14 14:39:24.671642	u/yeetyeetyeetgeet	fnehccf	u/Davros-123	fndj4sn	C
2020-04-14 14:39:36.123781	u/thatmurdergoose4u2	fnehd8d	u/RepostSleuthBot	fnegehv	C
2020-04-14 14:39:39.002376	u/LongBoyeLeo	fnehdea	u/rocketboi1505	fnegtgk	C
2020-04-14 14:39:49.215188	u/Crab_Grass	fnehe7o	u/L3NNY0969	fnegvty	C
2020-04-14 14:39:57.160681	u/shadowplep	fnehekm	u/-Lemon-Boi-	fnegvk2	C
2020-04-14 14:40:47.519086	u/BloodDragonSniper	fnehgd5	u/BobbyJean65	fne9sgd	C
2020-04-14 14:40:50.044400	u/KevinBaconIsNotReal	fnehgds	u/hajxh	fne1ido	C
2020-04-14 14:41:15.837258	u/Archimarus	fnehh0p	u/Cryptids4Sale	fneaxm1	C
2020-04-14 14:41:23.958194	u/A__C__C	fnehh84	u/thatmurdergoose4u2	fnehd8d	C
2020-04-14 14:41:56.670283	u/Mrdoctr	fnehhsj	u/thatmurdergoose4u2	fnehetw	C
2020-04-14 14:41:59.066312	u/yungsphincter	fnehhue	u/mhassassin	fneanxw	C
2020-04-14 14:42:12.212199	u/smile4peace	fnehhzb	u/Ak15567	fnehc0b	C
2020-04-14 14:44:29.382241	u/fybernub	fnehkua	u/HotgunColdheart	fndtg9u	C
2020-04-14 14:44:44.124216	u/JavierTS	fnehldi	u/Stvn494	fneee30	C
2020-04-14 14:45:15.176532	u/BanditTheBamb00zler	fnehm0k	u/booming_boomer	fndxpxz	C
2020-04-14 14:45:25.102933	u/gpl999	fnehm6y	u/Matthew_Karp0218	fne83h8	C
2020-04-14 14:45:30.880736	u/CalMc22	fnehmcl	u/yourpantsaretoobig	fnehc1n	C
2020-04-14 14:45:47.679060	u/QueezyK	fnehmut	u/such_skills	fnefufj	C
2020-04-14 14:46:02.579049	u/MisterMaster117	fnehn2q	u/mariodev1	g14tef	S
2020-04-14 14:46:14.076217	u/zebbojojozebbo	fnehn8w	u/just_gimme_anwsers	fnehez7	C
2020-04-14 14:46:54.473655	u/Kidalder_	fneho8z	u/Amazon-Lily	fnefig5	C
2020-04-14 14:46:59.372550	u/Master_JBT	fnehoci	u/Abolish_the_martians	fnefk2o	C
2020-04-14 14:47:01.819384	u/steamaccount0654	fnehodi	u/HYPQX	fnebrso	C
2020-04-14 14:47:16.765199	u/Yetdragonn	fneholi	u/goncas12345	fnehaeb	C
2020-04-14 14:47:30.472630	u/D4RKa	fnehp2x	u/banmeifurgay	fnecl4g	C
2020-04-14 14:48:16.952192	u/giantmothboi	fnehqyt	u/bluericecakes	fne5bjt	C
2020-04-14 14:48:18.417976	u/lostatseaw0rld	fnehr08	u/CurrentlyForking	fnehare	C
2020-04-14 14:48:45.555936	u/Vazeric	fnehrst	u/theannoying_one	fne0r6s	C
2020-04-14 14:49:00.099385	u/looney_lonely	fnehs76	u/donotlookatmeduh	fne0na8	C
2020-04-14 14:49:02.961985	u/Jivenn	fnehs9e	u/ApersonofEarth1	g1b4zd	S
2020-04-14 14:49:11.285613	u/wintrr_beats	fnehsku	u/rance_kun	fne89eb	C
2020-04-14 14:49:38.296167	u/GaroRobe	fnehur8	u/LogicalSafe8	fnehcbd	C
2020-04-14 14:50:03.486281	u/Edgydepressedboi	fnehvf3	u/Alarmed-Aioli	fnefhou	C
2020-04-14 14:50:12.623884	u/Plastique__Bread	fnehvgn	u/jahallo4	fne728e	C
2020-04-14 14:50:40.801038	u/Starmandeluxx	fnehw8o	u/MuskyMusk123	fnehe15	C
2020-04-14 14:51:01.193067	u/Edgydepressedboi	fnehwv9	u/dadudewithpower	fndm1h1	C
2020-04-14 14:52:32.147374	u/snap_out_0f_it	fnehz7a	u/MissDIFRNCE	fnehf06	C
2020-04-14 14:53:07.629534	u/cursedmicrowave	fnehzoq	u/WD40911	fnehk0a	C
2020-04-14 14:53:41.117154	u/zen255	fnei0pk	u/Cheesefinger69	fneguoz	C
2020-04-14 14:54:09.453984	u/Fuzzy_Duck_2	fnei1kg	u/Physicslover01	fneh9p2	C
2020-04-14 14:54:55.115761	u/Rebellen00	fnei327	u/BingoBoy6	fnefvj4	C
2020-04-14 14:55:46.160787	u/Immortal_Sniper	fnei4z0	u/Catdogperson20	fndychw	C
2020-04-14 14:56:06.499030	u/FancyGlasses5	fnejhyn	u/stefanlololol920	fne9mo7	C
2020-04-14 14:56:56.574533	u/DraveMelon	fnejk0k	u/QuaccDog	fndwoai	C
2020-04-14 14:57:04.593148	u/LKplayz25	fnejk1g	u/RepostSleuthBot	fnejhvi	C
2020-04-14 14:57:09.965817	u/Gentleman_Onion	fnejka6	u/Shreck_Christ	fnejbg3	C
2020-04-14 14:57:15.968557	u/D_phas_eh	fnejki7	u/yeeboi111111	fne7ebp	C
2020-04-14 14:58:24.537336	u/expiredgatorade	fnejmvp	u/TheSpaceMonkeyBro	fnei628	C
2020-04-14 14:58:27.673191	u/xinfinitimortum	fnejmw4	u/azrulqos	fnef4ku	C
2020-04-14 14:58:49.585127	u/ramen2581	fnejo33	u/HYPQX	fnegocs	C
2020-04-14 14:59:10.698042	u/HeftyDuck	fnejos2	u/HitlersTeddyBear	fneiczz	C
2020-04-14 14:59:14.155542	u/adityaismyname	fnejoul	u/Ronin_69_	fnejjd3	C
2020-04-14 14:59:19.313825	u/Indianboy2003	fnejp4w	u/CreamyBananaGutz	fneg0rs	C
2020-04-14 14:59:28.380325	u/Tacoman_625	fnejq02	u/Stefanisnumberone	fne6nrf	C
2020-04-14 14:59:46.096664	u/thisbitch97-369	fnejraj	u/donotlookatmeduh	fne0na8	C
2020-04-14 14:59:59.379060	u/-Firefish-	fnejssi	u/Madhav_hkm	fndt2ne	C
