2020-03-28 15:00:16.752665	u/dirtdonthurt78	flrju59	u/DrTape	flrjpxl	C
2020-03-28 15:00:30.593775	u/RisingShadow1999	flrjuhr	u/ZakTSK	flrjof3	C
2020-03-28 15:01:10.588055	u/soildressing	flrjw4m	u/Duke_of_Thunder	flrjlv6	C
2020-03-28 15:01:32.936469	u/joepoopoo	flrjwr1	u/LWIAY100	flrc38a	C
2020-03-28 15:02:04.609246	u/UnknownHuman123456	flrjxq9	u/Soundwave1875	flrjgli	C
2020-03-28 15:03:13.669194	u/DerWeednuts	flrk07n	u/Bannedhour	fqq2lw	S
2020-03-28 15:04:16.754059	u/OkBoOm3r69	flrk2g0	u/AReallyHugeDik	flqxnid	C
2020-03-28 15:04:24.910482	u/DulanMulan	flrk2na	u/ZxR110	flrhxrc	C
2020-03-28 15:04:45.721190	u/berkyvural	flrk3bd	u/RDMCFoxinatorYT	flrjeax	C
2020-03-28 15:04:47.741508	u/orlando2542	flrk3dz	u/MAGIC_EYE_BOT	flrjxcp	C
2020-03-28 15:05:06.094868	u/charm155	flrk3xc	u/Azour_	flqbv1w	C
2020-03-28 15:05:09.120380	u/Catan__	flrk40b	u/adokkanplayer	flrin5y	C
2020-03-28 15:05:43.330431	u/0pa	flrk5li	u/Jordanye3t	flrjdrq	C
2020-03-28 15:05:45.305793	u/wingbargreen	flrk5mh	u/FAKEVORTEX57	flrk48s	C
2020-03-28 15:06:00.984847	u/AnorexicLlama28	flrk6ad	u/Vampire_Of_DeathMoon	flqv45e	C
2020-03-28 15:06:13.301441	u/lycanking2001	flrk6m8	u/Taralyth	flrf44y	C
2020-03-28 15:06:24.368074	u/broUgotWEED	flrk6xn	u/PersonWhoExists50306	flqsv80	C
2020-03-28 15:06:33.262224	u/Un-godlyCombo	flrk78v	u/ArmstrongTREX	flrja2h	C
2020-03-28 15:06:35.125636	u/Lierneh	flrk79t	u/GalaxyYoghurt	flrfyiw	C
2020-03-28 15:06:39.685979	u/inthedarktheresnolit	flrk7cw	u/OfGodlikeProwess	flrixem	C
2020-03-28 15:06:47.782797	u/monsterhu3	flrk7j3	u/OkBoOm3r69	flrk2g0	C
2020-03-28 15:06:49.677524	u/VeryLuciD	flrk7nu	u/NoPostsHowMuchKarma	flrgq46	C
2020-03-28 15:07:23.587763	u/sPilled_Coofee	flrk8h2	u/BeingTheBest101	flrfhm2	C
2020-03-28 15:07:25.580387	u/EyesLikeBuscemi	flrk8hc	u/Abschori	flre099	C
2020-03-28 15:07:42.775326	u/mrrobott591	flrk94j	u/f1fan6890	flqu24h	C
2020-03-28 15:07:45.482512	u/theoneandonlysteven	flrk9ax	u/Markiv25	flqyyd7	C
2020-03-28 15:08:06.695567	u/Apollonius_Cone	flrka8q	u/comini02	flrg79v	C
2020-03-28 15:08:11.815285	u/ktp8629	flrkafy	u/KevinDaCube	flrjz9h	C
2020-03-28 15:08:50.933834	u/BazelBrush42	flrkbsz	u/georgkingjunior8514	flrhdk3	C
2020-03-28 15:08:55.539657	u/DocterCross	flrkc0q	u/leko-baye	flqmhdd	C
2020-03-28 15:09:26.018160	u/GamerGrunt	flrkde6	u/jaina_solo17	flrj8el	C
2020-03-28 15:09:27.086526	u/lukaivy	flrkdet	u/Ianundostres	flrhqce	C
2020-03-28 15:09:31.301167	u/mates1053	flrkdkl	u/SEEEEEEEEEEEEEEAAAAN	flr3tei	C
2020-03-28 15:09:32.277172	u/spitfire2335	flrkdm0	u/RepostSleuthBot	flrkc77	C
2020-03-28 15:09:37.900357	u/Mythicaldissapointme	flrkdyl	u/Centtrix	flrkbra	C
2020-03-28 15:09:43.077502	u/bennyboyJJ	flrke8b	u/racerfree	flrhnpj	C
2020-03-28 15:09:50.469588	u/Rivalgamer56	flrkewz	u/pick_a_boo	flrfmce	C
2020-03-28 15:09:54.095997	u/Lavaz_Mirage	flrkf9m	u/Notmorgana2	flrkdzw	C
2020-03-28 15:09:57.724551	u/Aaaaawooooooooo	flrkfte	u/Habba84	flqxw3c	C
2020-03-28 15:09:58.157301	u/Princessclaya2	flrkfu9	u/Centtrix	flrkdtj	C
2020-03-28 15:10:11.672528	u/LiveBoiYeeted	flrkg8y	u/NoName-NoProblem	flrfwue	C
2020-03-28 15:10:51.642992	u/lsscp2005	flrkhuw	u/KatilPecete	flrjtwo	C
2020-03-28 15:11:22.630798	u/plznostereotypes	flrkigz	u/RoM_Axion	flribju	C
2020-03-28 15:11:54.522858	u/Plaster77	flrkja8	u/pyro_maniac75	flqo8ad	C
2020-03-28 15:12:07.651004	u/CACTUS626	flrkjou	u/AutoModerator	flrjpgj	C
2020-03-28 15:12:44.912013	u/KikianimatesYt	flrkkxh	u/sakethc22	fllm33v	C
2020-03-28 15:12:53.218003	u/Nerdydude14	flrkl7p	u/RavioliRacc	flrbtz2	C
2020-03-28 15:13:13.558995	u/ninjaisrealyt	flrklu4	u/Patser21	flrkkuy	C
2020-03-28 15:13:23.317076	u/yeet-pizza-with-a-T	flrkm4n	u/racerfree	flrfmsn	C
2020-03-28 15:13:27.134746	u/EmZ8403	flrkm5m	u/GamerGrunt	flrkgdl	C
2020-03-28 15:13:30.359717	u/YaIeatAss	flrkm6o	u/SoWokeIdontSleep	flrg6c0	C
2020-03-28 15:13:33.583876	u/riceforme	flrkm7w	u/GloryToDucks39	flrk0v4	C
2020-03-28 15:13:40.952720	u/PurplePandaDragon	flrkmci	u/TheJennn	flpt7i9	C
2020-03-28 15:13:49.911112	u/truck_kun_	flrkmix	u/DabLikePadde	flr77z8	C
2020-03-28 15:14:11.742988	u/IssaSneakySnek	flrkniz	u/RepostSleuthBot	flrdith	C
2020-03-28 15:14:19.814685	u/incognitogamer69420	flrknrr	u/XenoGiru	flqx1j4	C
2020-03-28 15:14:35.951090	u/elkshadow5	flrkofp	u/Jordanye3t	flri8f8	C
2020-03-28 15:14:41.678132	u/SirisIB01	flrkoj9	u/coolboi6942069	flrkkai	C
2020-03-28 15:14:43.750424	u/SupremeCatty	flrkoky	u/AutoModerator	flqm1wq	C
2020-03-28 15:14:48.805659	u/inderregal	flrkotp	u/elijahspartan	flr8s3y	C
2020-03-28 15:14:52.834902	u/DruggedOutCommunist	flrkox0	u/WeiszGuy	flqr56q	C
2020-03-28 15:15:39.102706	u/AnakinJubJub	flrkqko	u/Zeisalone	flrkj8s	C
2020-03-28 15:16:21.451862	u/TheBeanSan	flrlwvh	u/fualtyzane	flrg8wf	C
2020-03-28 15:16:26.830583	u/TomAto7171	flrlwyy	u/InsomniacSpider-Man1	flrlerr	C
2020-03-28 15:16:33.988590	u/wyntre_russo	flrlx41	u/achillea666	flqowfc	C
2020-03-28 15:16:35.931665	u/gvksameer	flrlxb7	u/spinelisbeast	fl5tl4p	C
2020-03-28 15:16:53.132044	u/Astronometry	flrlxrl	u/AutoModerator	flrlqr9	C
2020-03-28 15:17:05.045527	u/Cifl89	flrly2i	u/SquashuaCarrot	flrlrst	C
2020-03-28 15:17:06.805575	u/SumTurtleMans	flrly6j	u/pick_a_boo	flrfmce	C
2020-03-28 15:17:35.201128	u/sharliz3	flrlz4s	u/Scp_Site_Director	flrlwus	C
2020-03-28 15:17:43.232437	u/kramberry5	flrlzcq	u/BlackSkullG4L	flrlwcx	C
2020-03-28 15:17:47.056610	u/nxjxjnx	flrlzfi	u/luca01d	flrfyvd	C
2020-03-28 15:17:52.719024	u/FateGrafit	flrlzlk	u/memer414gamer	flrh28h	C
2020-03-28 15:17:55.985767	u/Jesyka_	flrlzu7	u/Phantasus_Mosaik	flrla93	C
2020-03-28 15:18:27.607972	u/Patrick314159	flrm0tt	u/LWIAY100	flrc456	C
2020-03-28 15:18:31.495133	u/Zero2321	flrm0w2	u/Ankit_Gajjar	flrhgxv	C
2020-03-28 15:18:32.921563	u/tiendung270804	flrm0z4	u/memer414gamer	flrh28h	C
2020-03-28 15:18:38.599685	u/Zbiu_YT	flrm17i	u/AutoModerator	flomwsb	C
2020-03-28 15:18:42.838831	u/pr0om3theu5	flrm1aj	u/sharpshot877	flrlnky	C
2020-03-28 15:18:59.000214	u/moon1321	flrm1x4	u/Justin_The_Fox2	flr7mjm	C
2020-03-28 15:19:08.167653	u/ArvasuK	flrm2cv	u/sharliz3	flrlz4s	C
2020-03-28 15:19:16.260533	u/Solid_Snake205	flrm2r5	u/newaccountoldwashack	flrlt5d	C
2020-03-28 15:19:17.457197	u/OkBoomerIfYouAreGay	flrm2rx	u/fualtyzane	flrko0x	C
2020-03-28 15:19:20.966566	u/marbleTRIP	flrm2x9	u/opinion_alternative	flrlgkc	C
2020-03-28 15:19:30.058879	u/LeftNippleOfShrek	flrm3gm	u/Respect_Paying_Bot	flrlpj8	C
2020-03-28 15:19:31.099499	u/Sealion02	flrm3gj	u/sharliz3	flrlz4s	C
2020-03-28 15:19:32.739074	u/Silver2404	flrm3ln	u/54312Boo	flqi3rr	C
2020-03-28 15:19:49.005277	u/LegiPuma9466	flrm4vk	u/Aspen_Alabaster	flrhajf	C
2020-03-28 15:20:01.008546	u/Marinecore246	flrm5gm	u/Jasraj316	fqn33h	S
2020-03-28 15:20:08.686816	u/I_acually_dont_know	flrm5qf	u/hdjfug	fl8f9ef	C
2020-03-28 15:20:11.069597	u/zlta_vcela	flrm5ro	u/cheeseu_	flovbcc	C
2020-03-28 15:20:26.866540	u/L0raz-Thou-R0c0n0	flrm658	u/GloryToDucks39	flrk0v4	C
2020-03-28 15:20:39.963006	u/AlloyIsArtTrash	flrm6n9	u/gamer552233	flr2z2o	C
2020-03-28 15:20:47.784159	u/Valy_45	flrm6qs	u/daddyslayer469	flrbepb	C
2020-03-28 15:21:52.109863	u/a-person-called-Eric	flrm8cl	u/SpicyChessPlayer	flrg790	C
2020-03-28 15:22:09.918586	u/dat_one_Tomoz	flrm8n0	u/ZbrojovkaBRNO	flrm6gp	C
2020-03-28 15:22:27.172178	u/Hes_tibmerK_THE_1th	flrm8vz	u/RepostSleuthBot	flrf579	C
2020-03-28 15:22:32.498863	u/Baf00n123	flrm953	u/cfcchamps09	flrlas1	C
2020-03-28 15:22:50.578463	u/DeathStroke2Point0	flrm9sz	u/jmulderr	flrhxvq	C
2020-03-28 15:22:53.706923	u/Wellington-Frigobar	flrm9v4	u/DD150033	flr5rnx	C
2020-03-28 15:23:22.075093	u/IncestPrince	flrmarh	u/Abschori	flre099	C
2020-03-28 15:23:42.136716	u/sam291156	flrmbfw	u/hey-look-its-a-tesla	flrlz8h	C
2020-03-28 15:23:46.445951	u/diamond_bread	flrmbh2	u/Mini_Michael2	flrlz0x	C
2020-03-28 15:24:44.269873	u/The-Logic-Knight	flrmds1	u/AutoModerator	flqm1wq	C
2020-03-28 15:24:49.992412	u/Anonymous_1976	flrme3o	u/Centtrix	flrmb93	C
2020-03-28 15:25:01.316886	u/Blindeyes_see23	flrmeer	u/Tru_Drone_Videos	flrmcem	C
2020-03-28 15:25:03.352955	u/hirmumies	flrmeiz	u/AutoModerator	flqm1wq	C
2020-03-28 15:25:16.603497	u/xxyoyogaming	flrmeyx	u/Smiec_Lodka_Lad	flrli41	C
2020-03-28 15:25:24.878127	u/cbanks_12	flrmf47	u/Zero2321	flrm0w2	C
2020-03-28 15:25:26.890673	u/Marmik_D_Thakore	flrmf57	u/TurtleJenkin	flqw8t4	C
2020-03-28 15:25:30.161496	u/Mic0rkid	flrmf6t	u/Wheel31	fl5790b	C
2020-03-28 15:25:36.128953	u/Ganaldarr	flrmfau	u/nicedigbick	flrlpm3	C
2020-03-28 15:25:47.579220	u/OYAC0702	flrmfzb	u/tomhalkett28	flrlswk	C
2020-03-28 15:25:58.970864	u/ironicsharkhada	flrmg6e	u/opinion_alternative	flrlgkc	C
2020-03-28 15:26:10.953747	u/SirKermit04	flrmgjw	u/fualtyzane	flrmcjb	C
2020-03-28 15:26:26.314912	u/Slavitt4	flrmh1y	u/hey-look-its-a-tesla	fqofci	S
2020-03-28 15:26:42.496567	u/healedsoul	flrmhtk	u/Qwerty_Random	flrk3m3	C
2020-03-28 15:26:58.521350	u/Queen_of_Venus	flrmih6	u/Topovfan	flrm33a	C
2020-03-28 15:27:12.346520	u/Beyond_Deity	flrmje4	u/kdawg420yolo	flqfjfx	C
2020-03-28 15:27:14.911989	u/Avinexuss	flrmjei	u/HW_HelloWorld	flrjlml	C
2020-03-28 15:27:25.780253	u/Pax_flash	flrmjnv	u/ZakTSK	flrmet0	C
2020-03-28 15:27:29.754043	u/LordNillBye	flrmjvf	u/depressed-memester	flrmh6a	C
2020-03-28 15:28:24.325729	u/FISH_GAMING_OFFICIAL	flrmm7t	u/ZbrojovkaBRNO	flrm6gp	C
2020-03-28 15:28:32.696124	u/EndearingFreak	flrmmhw	u/JoelCordial	flred59	C
2020-03-28 15:28:37.615921	u/nbsnoah	flrmmos	u/Uc59P	flrlv1f	C
2020-03-28 15:28:38.923607	u/Timtuk	flrmmpr	u/Individual_Donkey	flrbmkb	C
2020-03-28 15:28:49.011355	u/that-one-white-kid	flrmna5	u/Couchpotatore	flrg1c4	C
2020-03-28 15:29:02.127123	u/Yat0-5ama	flrmnxt	u/ThatOneKid000005	flrhn0t	C
2020-03-28 15:29:11.822940	u/-_-Naga_-_	flrmok7	u/-EzWaY-	flra68b	C
2020-03-28 15:29:21.484211	u/rynatte	flrmoyj	u/TRoastedPotato	flri7b1	C
2020-03-28 15:29:22.614495	u/PNNDR	flrmoyq	u/greatking6009	flr8na0	C
2020-03-28 15:29:25.467536	u/chdenton112	flrmp61	u/fualtyzane	flrkp8y	C
2020-03-28 15:29:55.728843	u/Attipatti	flrmr06	u/AdvancedActions	flr9pgn	C
2020-03-28 15:29:56.611524	u/holdthedota	flrmr0o	u/ZakTSK	flrmg39	C
2020-03-28 15:29:57.388931	u/y33tm3n	flrmr32	u/Centtrix	flr61cj	C
2020-03-28 15:29:59.283373	u/makar-OK	flrmrcl	u/420up69down	flrm33j	C
2020-03-28 15:30:04.917555	u/This_Balance	flrmrkj	u/director-of-ops_DoO	flrkm8a	C
2020-03-28 15:30:09.684575	u/d4pp3r_23	flrmrr3	u/abrasivenoise	flrjiur	C
2020-03-28 15:30:27.892915	u/StrongTea22	flrmse5	u/AutoModerator	flrmnrj	C
2020-03-28 15:30:34.245358	u/Jubab_San	flrmsmm	u/OfGodlikeProwess	flrj2yb	C
2020-03-28 15:30:39.019097	u/Jeffrey96Sun	flrmt4o	u/soegnam	flrma33	C
2020-03-28 15:30:50.788861	u/yiffypiffy29	flrmtjt	u/ThatOneKid000005	flrhn0t	C
2020-03-28 15:30:53.275712	u/HeadshotSo2	flrmtkb	u/dr_tdm1	flrlw6j	C
2020-03-28 15:31:11.269717	u/dragonlasher	flrmu4q	u/RepostSleuthBot	flrmgwc	C
2020-03-28 15:32:16.440403	u/henry_hoover_	flrmwd3	u/Couchpotatore	flqydgo	C
2020-03-28 15:32:41.870506	u/novexion	flrmxfl	u/Im_Not_Spooderman	flqvzn9	C
2020-03-28 15:32:53.515851	u/seslo894	flrmxr8	u/Diamantazul	flri605	C
2020-03-28 15:33:26.757874	u/nooplol9	flrmyu9	u/Centtrix	flrkia1	C
2020-03-28 15:33:28.968892	u/UrsanTheDoggo	flrmz72	u/Centtrix	flr61cj	C
2020-03-28 15:33:35.308548	u/Beautiful-Moose	flrmza0	u/Yat0-5ama	flrmnxt	C
2020-03-28 15:33:50.811472	u/TimeyWimey1467	flrmzoj	u/georgkingjunior8514	fqjirn	S
2020-03-28 15:33:56.301430	u/the_apple_choker	flrmzpe	u/Jasraj316	fqn33h	S
2020-03-28 15:34:02.540891	u/MarshalPhantom	flrmzx1	u/RandomGuylol01	flrgxfy	C
2020-03-28 15:34:19.656018	u/thereelRTM5	flrn0dy	u/AutoModerator	flr37hg	C
2020-03-28 15:34:46.364318	u/SaintSieg	flrn18m	u/ASK_ABOUT__VOIDSPACE	flrikxw	C
2020-03-28 15:35:07.586871	u/P0ny5	flrn1v8	u/kotik010	flrmzut	C
2020-03-28 15:35:09.653556	u/psysny	flrn1wm	u/TickleDuckFeathers	flrmpkc	C
2020-03-28 15:35:20.510432	u/T-Reddx	flrn263	u/TomMcWeedy	fqjkuz	S
2020-03-28 15:35:23.324196	u/Bubbathornton	flrn28f	u/-EzWaY-	flra68b	C
2020-03-28 15:35:35.967576	u/Normal-Caramel	flrn2ij	u/that-one-white-kid	flrmna5	C
2020-03-28 15:35:38.810269	u/Chris_chris_dav	flrn2n1	u/uss-Iowabb61	flqxlo3	C
2020-03-28 15:35:41.045901	u/Hedgehog4691	flrn2pk	u/OH_NO_its_the_fbi22	flquo6h	C
2020-03-28 15:35:50.889115	u/AlyssaTheWolf	flrn38y	u/jamboy1255	flrdup3	C
2020-03-28 15:36:04.414364	u/benperky10	flrn3rw	u/fualtyzane	flrgc0o	C
2020-03-28 15:36:21.387738	u/Crysty_Goner	flrn480	u/comini02	flrg79v	C
2020-03-28 15:36:44.071270	u/matesco	flrn5ai	u/way-too-cooked-bread	flrlpzx	C
2020-03-28 15:36:47.345701	u/MartyrSatyr	flrn5cm	u/Slavitt4	flrmh1y	C
2020-03-28 15:37:03.118064	u/coookiesfoo	flrn675	u/Shaniac_C	flrm1iw	C
2020-03-28 15:37:33.066023	u/stella_uwu	flrn7ig	u/QuarterCircleCV	flrmnhx	C
2020-03-28 15:37:44.089554	u/Deke-Travers	flrn839	u/theredditer27345	flrmej5	C
2020-03-28 15:38:01.396590	u/WolfBlitz128	flrn8rm	u/Doehap	flqowce	C
2020-03-28 15:38:21.553886	u/axelloooooo	flrn9mk	u/Levitins_world	flr04h0	C
2020-03-28 15:38:27.546504	u/Tojuro	flrn9vt	u/Fall-Past-The-Floor	flrj9qh	C
2020-03-28 15:38:38.648401	u/Dirtbagdotcom	flrna9t	u/lukaivy	flrkdet	C
2020-03-28 15:39:25.605939	u/Red_fade_british	flrncir	u/memer414gamer	flrh28h	C
2020-03-28 15:39:39.406337	u/OfficerPewPew1	flrnd25	u/ThisMyGamingAcconunt	fkpixb2	C
2020-03-28 15:39:44.019704	u/ThatBAOB	flrndh0	u/LeDerpZod	flr0121	C
2020-03-28 15:39:51.713329	u/Eternal64ButAgain	flrne54	u/PancakeStack654	flr6f2w	C
2020-03-28 15:39:52.389452	u/TheImmatureVoice	flrne5u	u/Ract0r4561	flrle2i	C
2020-03-28 15:39:58.961314	u/Makimamoochie	flrnf4k	u/fualtyzane	flrbgd7	C
2020-03-28 15:40:15.000581	u/dbear26	flrnfjz	u/FurbyDerby9952	flrnd9j	C
2020-03-28 15:40:22.716293	u/MTP_9QM	flrnfmm	u/RandAlThorMessedUp	flrneu3	C
2020-03-28 15:40:34.290343	u/Aylma_r	flrnga4	u/Beautiful-Moose	flrn0bq	C
2020-03-28 15:40:45.363527	u/AshJackOggy	flrngil	u/lordofthesnoos	flrmd8t	C
2020-03-28 15:40:58.581321	u/pancakelord31	flrngu0	u/AutoModerator	flrn1bi	C
2020-03-28 15:42:06.428074	u/Smitherz55	flrnjjf	u/AutoModerator	flqq958	C
2020-03-28 15:43:01.783872	u/sakir_ashker	flrnl27	u/spinelisbeast	fl5svi5	C
2020-03-28 15:43:10.629715	u/Bazsali_com	flrnlmk	u/BionicGryphon	flrn4lh	C
2020-03-28 15:43:14.027995	u/Lylybeebee	flrnlnj	u/P0ny5	flrn1v8	C
2020-03-28 15:43:32.648912	u/MrsHDG	flrnm1n	u/dubistlecker	flrlj1m	C
2020-03-28 15:43:41.417954	u/dgoring6	flrnman	u/lilshort14	flrnjdj	C
2020-03-28 15:44:02.183753	u/ConnorPancakes	flrnn5b	u/-The-Goose0-	flrmv8d	C
2020-03-28 15:44:09.140944	u/keeeener	flrnndb	u/DatBoiiSlice	flrhv2s	C
2020-03-28 15:44:29.823665	u/Tjockr	flrno1h	u/MortalClado	flrnhpj	C
2020-03-28 15:44:56.067346	u/Meme_Lettuce45	flrnox0	u/Flash102039	flrnnkn	C
2020-03-28 15:44:58.107866	u/drjs1	flrnoxq	u/SpecialOneOnReddit	flrm34r	C
2020-03-28 15:45:20.819546	u/classops420	flrnpvp	u/Attipatti	flrmr06	C
2020-03-28 15:45:31.748521	u/asthmaticandsad	flrnqbb	u/chaoticbiguy	flrlhk9	C
2020-03-28 15:45:34.854756	u/SmokedSalmonV2	flrnqi0	u/CaiusTC	flrfer3	C
2020-03-28 15:45:37.026390	u/entitledtoachair	flrnqib	u/Sealion02	flrm6y1	C
2020-03-28 15:45:44.905284	u/Mosixxy	flrnqkf	u/hey-look-its-a-tesla	flrmr74	C
2020-03-28 15:45:46.983448	u/cheese_cake_101	flrnqlg	u/mrpampersisgood	flrnngd	C
2020-03-28 15:45:49.983831	u/TadPro04	flrnqmv	u/Acedia_the_Skele	flrj99y	C
2020-03-28 15:45:53.969439	u/IslandmasterX	flrnqp0	u/PM_me_cool_dogz	flrnixs	C
2020-03-28 15:46:41.605712	u/YeetusThyBeetus	flrns8s	u/crobix5353	flrnr1v	C
2020-03-28 15:46:43.448237	u/KingByhyHD	flrnsab	u/Colin1023	flrgig3	C
2020-03-28 15:46:56.554029	u/Toezcheeseclippinz	flrnsqp	u/beannie_babbiiee	fl5qxwq	C
2020-03-28 15:47:43.155988	u/MeHoofd	flrnub3	u/greatking6009	flrdhj0	C
2020-03-28 15:47:46.653636	u/FoundingEarthborn	flrnuf5	u/fualtyzane	flrl913	C
2020-03-28 15:47:58.327807	u/dexterwhits940	flrnur9	u/dubistlecker	flrlj1m	C
2020-03-28 15:48:15.064543	u/Little-Bored-Boy	flrnvsa	u/Petra517	flrin9w	C
2020-03-28 15:48:18.141872	u/Randomemeguy	flrnw2m	u/OwlBoiy	flrns4n	C
2020-03-28 15:48:56.316336	u/_Soen	flrny33	u/hey-look-its-a-tesla	flrnnty	C
2020-03-28 15:49:14.368094	u/army_otaku	flrnyqg	u/Tyran_Cometh	flr64t3	C
2020-03-28 15:49:15.618349	u/TaZmanianChild	flrnys7	u/level69child	flrhcf8	C
2020-03-28 15:49:16.969260	u/Turd-Sandwich-Deluxe	flrnyx2	u/originalslickjim	flr1ove	C
2020-03-28 15:49:20.525454	u/saltaholicsgang	flrnz9q	u/This_Balance	flrmrkj	C
2020-03-28 15:49:24.073492	u/NotBeggar	flrnzos	u/End_Of_The_Line101	flqfxdt	C
2020-03-28 15:49:34.542293	u/account14407	flro0ko	u/Fernando-SexyMan	flrntfs	C
2020-03-28 15:49:59.275237	u/LoadShotgun	flro2eq	u/This_Balance	flrmrkj	C
2020-03-28 15:50:15.968663	u/bbbeast9411	flro30k	u/thereelRTM5	flrn30p	C
2020-03-28 15:50:25.981262	u/Roblafo	flro35i	u/fualtyzane	flrl9nx	C
2020-03-28 15:50:31.927901	u/Mr-Mister-Man	flro39u	u/LuquidThunderPlus	flrag8o	C
2020-03-28 15:50:36.823295	u/BerricDondarrin	flro3gt	u/AntiCommunistForever	flrl92y	C
2020-03-28 15:50:41.550124	u/Expensive-Teaching	flro3ka	u/Normal-Caramel	flrnjf6	C
2020-03-28 15:50:44.197625	u/jabari2476	flro3l9	u/mrpampersisgood	flro03y	C
2020-03-28 15:50:56.282385	u/airbornebarndoor1	flrpbta	u/TheLetterMan2	flrnj9q	C
2020-03-28 15:51:04.549973	u/NoodlesTheMuso	flrpbyh	u/luca01d	flrg4yd	C
2020-03-28 15:51:14.205222	u/HELLpneeded	flrpcbv	u/hacker4chanUwU	flro4ev	C
2020-03-28 15:51:18.755447	u/Lazly_T	flrpcec	u/Cottoncandyskiesthrw	flrp9x9	C
2020-03-28 15:51:43.384112	u/Generic-Commie	flrpdcm	u/sieg-the-frenchie	flr51y2	C
2020-03-28 15:51:54.104371	u/npMsX	flrpdnv	u/xaviii_	flrpckz	C
2020-03-28 15:52:21.411460	u/mxmaker	flrpecv	u/cerealkiller42069	flros75	C
2020-03-28 15:52:27.462880	u/justbigmeme	flrpem9	u/danurnan	flrjtm1	C
2020-03-28 15:52:35.806771	u/MB-MV	flrpeqj	u/fualtyzane	flq49z9	C
2020-03-28 15:53:17.425972	u/HolyMolyOllyPolly	flrpfwb	u/theswagdodo11	flr8ihd	C
2020-03-28 15:53:29.775996	u/Gregoir_	flrpg85	u/Mr-Reaper77598	flrobzj	C
2020-03-28 15:53:40.375324	u/Double_A__Ron	flrpgpl	u/Warblingpants67	flrpf5g	C
2020-03-28 15:53:44.633434	u/dethmstr	flrpgrn	u/mohaee	flrpch7	C
2020-03-28 15:54:17.635545	u/dedmeme69	flrpi3q	u/-LexXi-	flrovqx	C
2020-03-28 15:54:41.131236	u/Vrpndt	flrpj8d	u/_Yukiteru-kun_	flrliop	C
2020-03-28 15:54:55.357405	u/PerfectSpyMain	flrpjru	u/CuriousGreg094	flrpgt7	C
2020-03-28 15:55:08.194529	u/atg_gta	flrpk5b	u/Doctor-Rat-32	flrp5z6	C
2020-03-28 15:55:11.431890	u/nik_2105	flrpk73	u/pizzaburger21	flrnj1s	C
2020-03-28 15:55:15.562340	u/shrek124	flrpkcx	u/trackdown2oo5	flqwi6t	C
2020-03-28 15:55:22.201268	u/maximuscorry	flrpkjo	u/sPilled_Coofee	flrk8h2	C
2020-03-28 15:55:33.834707	u/WalkeeTalkee19	flrpl43	u/GameIsMyName12	flr3ftr	C
2020-03-28 15:56:23.810952	u/norf569	flrpmsq	u/mrKILLTURBO	flqnqr8	C
2020-03-28 15:56:39.183932	u/dragon-lover-forever	flrpnhx	u/MuchAwesomeBoii	flrmion	C
2020-03-28 15:56:41.879745	u/ivan_communist	flrpnmt	u/bromigo_dorito	flrpeoe	C
2020-03-28 15:57:16.576693	u/el_dyozh	flrppee	u/Normal-Caramel	flrnjf6	C
2020-03-28 15:57:21.981989	u/maniac_doc_abd	flrppi6	u/filthybootyeater6969	flrpn0j	C
2020-03-28 15:57:27.130255	u/wasteofspace72	flrppmu	u/submissivejudge	flro1k5	C
2020-03-28 15:57:31.588156	u/DerpiestBirdie	flrppre	u/problm_child	flrog5j	C
2020-03-28 15:58:00.289743	u/masebrtuh	flrprm9	u/NoPostsHowMuchKarma	flrn88u	C
2020-03-28 15:58:09.261946	u/XxxbigjennyBIGxxX	flrprx3	u/dat3006	flqxu1q	C
2020-03-28 15:58:14.894004	u/Hercules69Soul	flrps4g	u/AmishPoser	flrl4s7	C
2020-03-28 15:58:21.052409	u/Anthoolny	flrpscp	u/AdvancedActions	flr9pgn	C
2020-03-28 15:59:16.912292	u/EAH5515	flrpvgc	u/maybe_a_b0t	flrlp3i	C
2020-03-28 15:59:23.568250	u/ThreevAgp	flrpvzc	u/AutoModerator	flqm1wq	C
2020-03-28 15:59:27.486929	u/IAmBoredRightNovv	flrpw4g	u/AlyssaTheWolf	flrn38y	C
2020-03-28 15:59:33.826174	u/joviljar	flrpwjn	u/seba108Ron	flrpfbw	C
2020-03-28 15:59:36.437244	u/Itstragicz	flrpwnn	u/StoopidScientist	flr9q5g	C
2020-03-28 15:59:45.759062	u/RajiLLio	flrpxsq	u/45726066	flr1khc	C
2020-03-28 15:59:55.796564	u/WallyTheWelder	flrpz1b	u/NoJunkNoSouls	flrpluq	C
2020-03-28 15:59:56.715470	u/SanGG96	flrpz61	u/AliceTheSockmonster	flrpskb	C
2020-03-28 15:59:59.934267	u/_karthik_____	flrpzhx	u/Tru_Drone_Videos	flqzx56	C
