2020-04-16 10:00:09.483418	u/Kire031	fnl22kt	u/Memefan12369420666	fnl0r4m	C
2020-04-16 10:00:41.909690	u/Dead_Racoon	fnl23yj	u/RepostSleuthBot	fnl1pkn	C
2020-04-16 10:00:44.371587	u/Starquakewaltz	fnl23zn	u/yeetmeintoablackhole	fnkjptw	C
2020-04-16 10:01:00.893267	u/SirNebinimus24	fnl24iy	u/serial_code_r	fnl12jg	C
2020-04-16 10:01:15.405984	u/TRANISU	fnl253k	u/Retard-69	fnl0mty	C
2020-04-16 10:01:39.616928	u/yeetrbeetr22	fnl25wn	u/you-shall-not-meme	fnkzt9h	C
2020-04-16 10:02:00.601773	u/drooparchitect	fnl26pv	u/CrefyHun	fnl220g	C
2020-04-16 10:02:28.581466	u/JayPea2nd	fnl27oi	u/ThiqqMuffin	fnl21lb	C
2020-04-16 10:02:49.829820	u/blAviken14	fnl28fy	u/meme_a_licious	fnkwory	C
2020-04-16 10:03:36.468344	u/Dandrew98	fnl2aep	u/Beastboy43216	fnl0flr	C
2020-04-16 10:03:42.186343	u/Kalajasavakuy	fnl2aio	u/tamim999ksa	fnktv4j	C
2020-04-16 10:04:24.401343	u/xoVictoriaLopez	fnl2bln	u/NIGERian42069	fnkuwg0	C
2020-04-16 10:04:36.752093	u/Chandy1313	fnl2c4b	u/TheOmega024	fnkbo56	C
2020-04-16 10:05:32.700360	u/mydolphinisbroken	fnl2ecx	u/MarqezHUN	fnkyjef	C
2020-04-16 10:06:17.747566	u/kDizzy704	fnl2fuz	u/J4ckdaw1715	fnkzlny	C
2020-04-16 10:06:37.350069	u/LemonFritter	fnl2gm0	u/MrMRKY	fnl2ap8	C
2020-04-16 10:07:10.851284	u/AstralViking_	fnl2huq	u/notkhaos	fnl0wv9	C
2020-04-16 10:07:15.512507	u/Plebslayer245	fnl2hxl	u/HoneybadgerTacoBoi	fnl0oos	C
2020-04-16 10:07:17.414982	u/yomacaneyo	fnl2hzd	u/MarqezHUN	fnl23e6	C
2020-04-16 10:07:33.690531	u/Godz_D090	fnl2irc	u/AEntunus	g2b9zy	S
2020-04-16 10:07:40.573698	u/DankusMemus_69	fnl2iym	u/Ron5683	fnl2eou	C
2020-04-16 10:08:07.457892	u/InfiniteBro	fnl2knn	u/B1r4a1yden	fm4x1uh	C
2020-04-16 10:08:29.624975	u/Riskyzz	fnl2l92	u/karry245	fnl2gky	C
2020-04-16 10:08:31.284189	u/qlast65	fnl2lb9	u/LemonFritter	fnl2io8	C
2020-04-16 10:08:35.232984	u/ihaveareallybigpp	fnl2lep	u/furtive____	fnkfk2w	C
2020-04-16 10:08:48.404080	u/Sciuruzz	fnl2lwj	u/Lucariolover0605	fnl2hrm	C
2020-04-16 10:09:20.750688	u/bafured	fnl2nsr	u/Adreot	fnl2g4c	C
2020-04-16 10:09:36.767722	u/Billyblunderbuttles	fnl2ped	u/DidjTerminator	fnkzo9o	C
2020-04-16 10:10:07.254478	u/kapilz007	fnl2sh3	u/Sweetmicki1	fnkvtoe	C
2020-04-16 10:10:36.229095	u/ImScaredYo	fnl2tay	u/J4ckdaw1715	fnkzlny	C
2020-04-16 10:11:08.218882	u/CSharpSauce	fnl2v21	u/Air_wick_oda_spreyi	fnl1rkl	C
2020-04-16 10:11:45.322880	u/d3333p7	fnl2vx5	u/poptart-narwhale	fnl2cr4	C
2020-04-16 10:12:11.847739	u/Octo_GamerStyle	fnl2wmw	u/horrorshowd9	fnl2bw3	C
2020-04-16 10:12:14.090361	u/uneducatedpotatoman	fnl2wqm	u/Charan1973	fnl2pqz	C
2020-04-16 10:12:39.775425	u/GaiaFisher	fnl2xcj	u/Sibire	fnl1o0z	C
2020-04-16 10:13:02.541512	u/lmHinata	fnl2ye4	u/Beastboy43216	fnl0flr	C
2020-04-16 10:13:06.802229	u/EvilNaziPatriarchist	fnl2yg5	u/D-Spornak	fnl2uod	C
2020-04-16 10:13:11.045748	u/CursingMouse	fnl2ykh	u/ApPLLEBAnDAna126	fnl0r3p	C
2020-04-16 10:13:46.738681	u/Necroz-Justin	fnl2zzl	u/Ya_m_Boi	fnif4nh	C
2020-04-16 10:14:08.739110	u/headlessseahorseman	fnl30wo	u/darknut342	fnkwv6y	C
2020-04-16 10:14:14.883687	u/MrAxolotlMan	fnl316c	u/ImScaredYo	fnl2tay	C
2020-04-16 10:15:51.237257	u/cosmic_cant	fnl36ax	u/Skeletonparty101	fnl28qt	C
2020-04-16 10:16:04.251827	u/Superior-molasses	fnl36wr	u/Timthepizza	fnkl8jj	C
2020-04-16 10:16:14.715740	u/NightFireDragon	fnl37lr	u/Beastboy43216	fnl0flr	C
2020-04-16 10:16:36.249494	u/trehtz	fnl38p8	u/bafured	fnl2rv1	C
2020-04-16 10:16:44.477253	u/CheesyBaboon35	fnl38ul	u/Chiashen	fnkfoj2	C
2020-04-16 10:17:24.352636	u/coollud	fnl3b6p	u/BommetjeTom	fnkusr1	C
2020-04-16 10:17:53.491705	u/AnakinPotato	fnl3bu9	u/satt47	fnkr1tl	C
2020-04-16 10:18:01.813209	u/brokenbrainblues	fnl3cfk	u/hopininamopin	fnl1fhb	C
2020-04-16 10:18:23.138851	u/TheArthurR	fnl3dlj	u/pneumonoultramicrosi	fnk50yg	C
2020-04-16 10:18:28.121398	u/CaptainMericaOG	fnl3dr1	u/L1m1x	fnkwtik	C
2020-04-16 10:18:31.977219	u/AlienDin	fnl3dth	u/RepostSleuthBot	fnl30yc	C
2020-04-16 10:19:08.827982	u/w0nkybish	fnl3fm5	u/POPPI29	fnhgso4	C
2020-04-16 10:20:18.592553	u/its_ness_69	fnl3krc	u/Firegames26	fnl1b20	C
2020-04-16 10:21:17.759798	u/Luxri	fnl3mq3	u/L1m1x	fnkwtik	C
2020-04-16 10:21:25.521894	u/BlueExorzist	fnl3mte	u/throwie66642069	fnl3js1	C
2020-04-16 10:21:27.821499	u/leohabs077	fnl3mtk	u/Resul300	fnl24py	C
2020-04-16 10:22:43.482484	u/Lego_the_Ludde	fnl3qk3	u/notaswisscarpenter	fnkios0	C
2020-04-16 10:23:19.631399	u/victorysflame	fnl3s8d	u/CSharpSauce	fnkwg23	C
2020-04-16 10:23:44.022566	u/craluga	fnl3tcq	u/Yeet_tato	fnksl48	C
2020-04-16 10:24:28.495319	u/Cssum0	fnl3voz	u/cakes42	fnjbyp2	C
2020-04-16 10:25:40.053518	u/AllanGCS	fnl3yvn	u/Sciuruzz	fnl2lwj	C
2020-04-16 10:26:03.336830	u/sylvana2	fnl40d3	u/gronkulus	fnkkccd	C
2020-04-16 10:26:21.919716	u/Angerydog200	fnl41d8	u/GABgamer236	fnl3zza	C
2020-04-16 10:26:42.115297	u/jankinjokes	fnl42kd	u/MonstaSlaya00	fnkohcl	C
2020-04-16 10:27:00.907219	u/corgkang	fnl43i7	u/TheReal_CoCo	fnl1klp	C
2020-04-16 10:27:19.940503	u/titus_be	fnl448c	u/Alexis1897	fnl1yda	C
2020-04-16 10:27:28.559928	u/Rem61	fnl44kc	u/qr0y	fnkciy1	C
2020-04-16 10:27:38.479641	u/battlord	fnl4523	u/mercy12367	fnkzt1r	C
2020-04-16 10:28:00.500124	u/_Opto_	fnl4644	u/klaus_the_boy	fnkynal	C
2020-04-16 10:28:36.164497	u/glacialanon	fnl485n	u/UraniuCrainer	fnkb62r	C
2020-04-16 10:28:53.955988	u/sozoyokimura	fnl49ap	u/Ron5683	fnkvglh	C
2020-04-16 10:28:58.497308	u/batman3579	fnl49ir	u/frostythesnowchild	fnl0kb6	C
2020-04-16 10:29:02.734744	u/XxleGenderyxX	fnl49xh	u/gronkulus	fnkkccd	C
2020-04-16 10:29:16.678452	u/yuragay	fnl4awp	u/Housecat-in-a-Jungle	fnl46gv	C
2020-04-16 10:29:36.357283	u/JACOBIANKERMIT	fnl4cpp	u/EdBoi007	fnl3mrm	C
2020-04-16 10:29:45.577438	u/Atlas780	fnl4dnn	u/baseballpen2	fnl3yej	C
2020-04-16 10:29:56.380724	u/tunahan009	fnl4egj	u/Tuphy486	fnkrmzd	C
2020-04-16 10:31:01.493840	u/Nws4c	fnl4hae	u/Ron5683	fnl4c64	C
2020-04-16 10:32:45.886094	u/guy037	fnl4kvx	u/NaniZaWarudo	fnkr763	C
2020-04-16 10:33:20.226017	u/dankmemecentralr	fnl4me5	u/Dalbah	g2cx3a	S
2020-04-16 10:34:27.389842	u/UltraMagnus0001	fnl4psr	u/Relan42	fnhlxxl	C
2020-04-16 10:34:37.609668	u/nyffpro	fnl4q6p	u/YannesTM	fnkd4df	C
2020-04-16 10:34:47.246119	u/superjamnina	fnl4quf	u/WikThorKun	fnkm87z	C
2020-04-16 10:35:16.096850	u/KnownMonk	fnl4rz0	u/AEntunus	fnkkmcb	C
2020-04-16 10:35:52.254186	u/akupus	fnl4uaq	u/Zuronane	fnl42zk	C
2020-04-16 10:35:57.846547	u/cmo088	fnl4ucm	u/Beastboy43216	fnl0flr	C
2020-04-16 10:37:15.418270	u/AtomicApethecary	fnl4ymm	u/planerunner	fnkn0cc	C
2020-04-16 10:37:28.616518	u/UMadApple	fnl4zaa	u/meme_a_licious	fnkm4bj	C
2020-04-16 10:37:41.152435	u/black_dead_spider	fnl4zmw	u/racist_rat420	fnl3vyg	C
2020-04-16 10:37:52.771434	u/craig-craig	fnl50ly	u/whysoblyatiful	fnl4o6m	C
2020-04-16 10:38:08.929113	u/EsoYalose	fnl51o1	u/justaredditguy123	fnl4cvu	C
2020-04-16 10:38:23.925642	u/PP_pupu	fnl52lt	u/Deku_Izuku_Midoryia	fncbkek	C
2020-04-16 10:38:29.255048	u/Cathlock	fnl52tn	u/OmG_a_Puggle	fnl3afu	C
2020-04-16 10:38:56.679552	u/slipperman1	fnl54e0	u/victorysflame	fnl3s8d	C
2020-04-16 10:39:28.150268	u/thebreadthieves	fnl5609	u/justaredditguy123	fnl43m5	C
2020-04-16 10:39:35.266019	u/DomiO6	fnl56l8	u/Young_Person_42	fnkga09	C
2020-04-16 10:39:42.956639	u/Captain-Balu	fnl57fp	u/Danikaa33	fnkzivt	C
2020-04-16 10:39:59.541177	u/soutiegecko	fnl58q7	u/platinum_1212	fnkqnxd	C
2020-04-16 10:40:00.330990	u/12dootdoot1212	fnl58sh	u/m_keast26	fnl20oy	C
2020-04-16 10:41:01.647061	u/Martel_the_Hammer	fnl5b27	u/jayosda	fnkkwz9	C
2020-04-16 10:41:10.132963	u/JustBrendan_	fnl5bfr	u/ExtronDark9	fnl5ai0	C
2020-04-16 10:41:34.731039	u/TheShinyHunter3	fnl5c9z	u/Zairy47	fnkkq8p	C
2020-04-16 10:41:54.323553	u/Le_Wallon	fnl5czu	u/Rustyy60	fnjhnhx	C
2020-04-16 10:42:51.575493	u/ASCIInerd73	fnl5fhu	u/IguanasWithInternet	fnjjgxw	C
2020-04-16 10:43:00.201551	u/Th1rstee	fnl5fo4	u/vy0m_	fnl38zs	C
2020-04-16 10:43:13.299511	u/Ranxerox1992	fnl5g3v	u/dharzen	fnkldw7	C
2020-04-16 10:43:16.558738	u/TheShinyHunter3	fnl5ga0	u/myweenerisonfire	fnklfgf	C
2020-04-16 10:43:24.639453	u/DeposeableIronThumb	fnl5gmp	u/EatMyYaro	fnknyag	C
2020-04-16 10:43:49.988472	u/EyelandBaby	fnl5hk0	u/CSharpSauce	fnkwg23	C
2020-04-16 10:44:21.143587	u/DieNackteTraube	fnl5j10	u/BigGayDinosaurs	fnl538n	C
2020-04-16 10:44:59.523241	u/ennivachuvokke	fnl5key	u/KOsanesome	fnl55b0	C
2020-04-16 10:45:11.187112	u/Supersaiyanblue12	fnl5kxj	u/Starland123	fnl1sgk	C
2020-04-16 10:45:50.149815	u/StNicholasWatson	fnl5m6p	u/TwistedAutism	fnkvyzt	C
2020-04-16 10:46:25.596243	u/Justin0485	fnl5nc3	u/Thanosboi86	fnl5k89	C
2020-04-16 10:47:09.174519	u/Al_Pangolin	fnl5pcg	u/useless-cat-ass	fnkwtrh	C
2020-04-16 10:47:19.154709	u/Jugbot	fnl5pqp	u/TheDrDzaster	fnkrxh9	C
2020-04-16 10:47:50.656322	u/alk214	fnl5qwi	u/maroro04	fnl5f3m	C
2020-04-16 10:48:07.810069	u/Conflagreat	fnl5s70	u/AetherealVoid	fnjznyi	C
2020-04-16 10:48:40.264427	u/JadeRabbitCatalyst	fnl5u4u	u/platinum_1212	fnkqnxd	C
2020-04-16 10:48:50.422775	u/zephyr_347	fnl5uug	u/vice96	fnl5om1	C
2020-04-16 10:49:02.719516	u/Tanktopnanner	fnl5vum	u/GulianoBanano	fnkd6yj	C
2020-04-16 10:49:15.061806	u/BigStonks_	fnl5weg	u/AllanGCS	fnl3yvn	C
2020-04-16 10:49:35.180196	u/sur_yeahhh	fnl5yh7	u/As_If_567	fnl4xjt	C
2020-04-16 10:49:59.990496	u/AcceptDeath	fnl61qg	u/nowhernearhere	fnl5na7	C
2020-04-16 10:50:03.701260	u/DoubleSlapDatAss	fnl620w	u/NightFireDragon	fnl37lr	C
2020-04-16 10:51:06.224638	u/gregor-the-goat	fnl642c	u/TuffyBuffyYT	fnib0rh	C
2020-04-16 10:51:54.376340	u/iggy_piscinas	fnl65m4	u/SnowySupreme	fnl62i1	C
2020-04-16 10:52:08.764455	u/Krumbl3	fnl66gi	u/corollakid	fnky4x1	C
2020-04-16 10:52:28.617776	u/Latino_guy	fnl67bm	u/MistaJayJay	fnkwl36	C
2020-04-16 10:52:47.795386	u/AwkwardPea9	fnl67ut	u/EffexFin	fnkzhf9	C
2020-04-16 10:53:30.858066	u/Austinthegreat54	fnl692d	u/Deathnoob101	fnl4kqi	C
2020-04-16 10:53:52.884567	u/Gustavort	fnl69zb	u/sc6peful	fnl62hi	C
2020-04-16 10:54:09.914575	u/dat_idiot_over_there	fnl6ai5	u/gronkulus	fnkkccd	C
2020-04-16 10:54:24.563547	u/nmooney9	fnl6axk	u/yeetmeintoablackhole	fnkjptw	C
2020-04-16 10:54:45.692146	u/-Miron-	fnl6c2y	u/Enry06	fnk4ggi	C
2020-04-16 10:55:17.655398	u/TheBigd42	fnl6den	u/tehchangeling	fnl5nnm	C
2020-04-16 10:55:24.825293	u/scuirrel_lover	fnl6dkm	u/Eraldir	fnl3wgg	C
2020-04-16 10:56:13.295571	u/Zannis250	fnl6frt	u/RedninjaJ	fnkrgvf	C
2020-04-16 10:56:32.803213	u/Schattenschwan_sw	fnl6g9x	u/kiwiman07	fnl6dfa	C
2020-04-16 10:56:44.960190	u/leowon_	fnl6h78	u/cmo088	fnl4ucm	C
2020-04-16 10:56:46.911941	u/cuphead-makes-me-mad	fnl6h8r	u/piandepression	fnl6g8u	C
2020-04-16 10:56:59.640749	u/pokemonmaster274	fnl6hx1	u/notkhaos	fnl4d98	C
2020-04-16 10:57:38.335036	u/EpicNoah654	fnl6kcj	u/jdog479	fnkvwm3	C
2020-04-16 10:58:22.244290	u/pikpik35	fnl6ng5	u/sonicthehog24	fnl6fbn	C
2020-04-16 10:58:26.775122	u/hawk_mawk	fnl6nqj	u/locolukie69	fnkukzo	C
2020-04-16 10:58:37.393107	u/Afreon	fnl6oeb	u/Hsaia	fnktjat	C
2020-04-16 10:58:50.252044	u/Dogcatwhatoof	fnl6phq	u/sonicthehog24	fnl6fbn	C
2020-04-16 10:59:02.971647	u/Dogcatwhatoof	fnl6qp7	u/abracadabra10000000	fnl6i40	C
2020-04-16 10:59:18.196076	u/OtakuSushi	fnl6ryg	u/Tuphy486	fnkubtn	C
2020-04-16 10:59:26.761913	u/MithranArkanere	fnl6sls	u/areeyeteeeyekay	fnl4cts	C
