2020-04-06 15:00:20.385548	u/mike_shi_is_harry	fmm62pu	u/LonePhoenix8592	fmkd52e	C
2020-04-06 15:00:59.791521	u/ralfantino	fmm6445	u/Jake-the-Wolfie	fmlm18w	C
2020-04-06 15:01:04.791624	u/KakesKookies	fmm647l	u/TheMafiaRulez	fml9on5	C
2020-04-06 15:01:48.535366	u/AdraReddit	fmm66h5	u/Hazim_Nugachu	fmm2cdw	C
2020-04-06 15:02:47.971952	u/eye_panic	fmm68pg	u/Xukay333	fmlmpwb	C
2020-04-06 15:03:00.912693	u/thesurfaceofbacon	fmm68x7	u/MssDevil	fmm5fyw	C
2020-04-06 15:03:10.907748	u/jessuh_	fmm69kl	u/Rusty_Garlic	fmm1tqg	C
2020-04-06 15:04:11.390773	u/inquisitor-author	fmm6c5g	u/MarvelousMan3003	fmlptg4	C
2020-04-06 15:04:29.666107	u/lick_my_____	fmm6cqk	u/its_rembol	fmm66aa	C
2020-04-06 15:04:31.882110	u/janina4000	fmm6cvl	u/ninthcircleofboredom	fmm5vib	C
2020-04-06 15:04:46.322821	u/midgethepuff	fmm6dd4	u/FamilyFriendli	fmm4eov	C
2020-04-06 15:04:56.192529	u/ElZany	fmm6dmw	u/memezop	fmlrvzj	C
2020-04-06 15:05:10.971973	u/Br0ken-Sky	fmm6e22	u/MAGIC_EYE_BOT	fmm6ail	C
2020-04-06 15:05:25.477831	u/Avitha101	fmm6enh	u/TheMysticFez	fmm68xh	C
2020-04-06 15:05:29.324296	u/aafikk	fmm6epa	u/NMmrNice	fmlm92d	C
2020-04-06 15:05:49.932993	u/SalsaMeme	fmm6fhj	u/Repulsive_Walk	fmm4ntz	C
2020-04-06 15:06:29.423456	u/Wingnut233	fmm6h45	u/Sam-the-Man-69	fmlylvl	C
2020-04-06 15:06:48.216798	u/dankest_taco	fmm6i83	u/st_jimmy_02	fmm66jv	C
2020-04-06 15:07:03.016715	u/elkospidey	fmm6ix1	u/its_rembol	fmm66aa	C
2020-04-06 15:07:43.044873	u/Sazzams	fmm6ju9	u/Ant_Man420	fmm6hxx	C
2020-04-06 15:07:49.200315	u/scooter1137	fmm6jx0	u/Vohems	fmm546l	C
2020-04-06 15:07:53.515862	u/odaxboi	fmm6khv	u/TheMysticFez	fmm68xh	C
2020-04-06 15:08:02.597499	u/Ivory-swords	fmm6kx4	u/CashLovesBass	fmltbth	C
2020-04-06 15:08:07.545271	u/Edgy4YearOld	fmm6l5n	u/desolution1337	flu3qfk	C
2020-04-06 15:09:00.480675	u/swiebeke	fmm6n68	u/RummanNaser	fmm5vx0	C
2020-04-06 15:09:04.105238	u/NoteSalad	fmm6n7r	u/trivialgoku	fmm5beh	C
2020-04-06 15:09:05.499118	u/Peter_Parkingmeter	fmm6n80	u/philmorediesmuch	fmkllnj	C
2020-04-06 15:09:11.181482	u/RaSeyssel	fmm6nl0	u/AcidNewports	fmm1vyk	C
2020-04-06 15:09:32.975307	u/db678153	fmm6p3o	u/nacholibre23	fmm6cyb	C
2020-04-06 15:09:38.868384	u/Mr9K	fmm6pn2	u/extantbuffalo	fmm4n5g	C
2020-04-06 15:09:45.074893	u/TeaLeaves58	fmm6pza	u/SCP-0666	fmm3bsb	C
2020-04-06 15:09:47.227503	u/Sm3xic0n	fmm6q5x	u/JELLYBRAVESS	fmm1jsg	C
2020-04-06 15:09:53.671694	u/DrSlavefarm	fmm6qu8	u/amircouscous	fmm5hje	C
2020-04-06 15:09:54.440202	u/thedeemedaclown	fmm6qxf	u/LucasX1002_br	fmm63yp	C
2020-04-06 15:09:58.539917	u/xlgnt	fmm6r5o	u/Smith812	fml0qnr	C
2020-04-06 15:11:20.997236	u/Charro_Assasin	fmm6to2	u/Xxn00bslayerxX39	fmm33ol	C
2020-04-06 15:11:52.233830	u/jamespond24	fmm6uoh	u/srpaodequeijo	fmm6r3j	C
2020-04-06 15:12:25.296615	u/69420godreddit	fmm6vxf	u/Reddituser8812	fmm18zj	C
2020-04-06 15:13:03.140691	u/Japystar	fmm6xba	u/Respect_Paying_Bot	fmm675m	C
2020-04-06 15:13:25.732141	u/Lanayru_1	fmm6xzj	u/howthefuckcan	fmlww22	C
2020-04-06 15:13:33.851087	u/slampisko	fmm6y7k	u/NMmrNice	fmlm92d	C
2020-04-06 15:14:04.532826	u/Ganjisseur	fmm6z73	u/-Nivek	fmkey9i	C
2020-04-06 15:14:23.752198	u/1980-Something	fmm6zkb	u/Mah_Knee_Grows	fmlpzg5	C
2020-04-06 15:14:43.192035	u/randybobandy-burger	fmm70fh	u/Stoffel_boy	fmm59hl	C
2020-04-06 15:14:46.080816	u/alfredomateo	fmm70fy	u/RummanNaser	fmm6ozq	C
2020-04-06 15:14:57.058152	u/Haedriel1987	fmm70pv	u/irrelevant_pinapple	fmlvetz	C
2020-04-06 15:15:37.855616	u/user_48217	fmm72pz	u/Xukay333	fmlmpwb	C
2020-04-06 15:16:24.988671	u/gbarghachie	fmm751r	u/cheqeurs	fmlvv46	C
2020-04-06 15:17:00.430362	u/QuadOctane	fmm767j	u/gallanto	fmlqgv2	C
2020-04-06 15:17:17.255525	u/sofatot	fmm772j	u/thelonelygenuis	fmm34y0	C
2020-04-06 15:17:18.995756	u/ForeverSJC	fmm7750	u/GodofLow	fmm732f	C
2020-04-06 15:17:44.085752	u/nitwit646	fmm78au	u/r3dcrayon	fmlmjuq	C
2020-04-06 15:17:52.223245	u/well-documented_weeb	fmm78vl	u/PTFO_Sniper	fmltkmh	C
2020-04-06 15:17:56.926483	u/Darthcobra123	fmm794q	u/Nurazidore	fmlki9m	C
2020-04-06 15:17:59.204584	u/Fork_Slayr	fmm7964	u/Vilpunson	fmliovc	C
2020-04-06 15:18:08.038766	u/TrickyTrashCan	fmm79f0	u/RepostSleuthBot	fmm77qp	C
2020-04-06 15:18:23.219541	u/I-am-not-the-messiah	fmm7a1y	u/h0rr1c4n3	fmlwqpl	C
2020-04-06 15:18:24.678560	u/Scout101r	fmm7a4q	u/Xukay333	fmlmpwb	C
2020-04-06 15:18:27.501946	u/GlitchAndAHalf	fmm7aa9	u/OG-Name-Do-Not-Steal	fmm4iai	C
2020-04-06 15:19:04.115181	u/Bulldog98a1	fmm7c96	u/mynameisbigchungus	fmm78tq	C
2020-04-06 15:19:33.017772	u/Tecstion	fmm7dwm	u/Dinoguy42	fmlnyh0	C
2020-04-06 15:19:36.005561	u/Oran128	fmm7e1k	u/Michalek9151	fmm762x	C
2020-04-06 15:19:38.642463	u/ILoveWildlife	fmm7e7q	u/Xukay333	fmlmpwb	C
2020-04-06 15:19:52.465030	u/NikitaMobille	fmm7ew4	u/Respect_Paying_Bot	fmlrkpj	C
2020-04-06 15:19:54.253769	u/lookapretty	fmm7f1t	u/GodofLow	fmm75j0	C
2020-04-06 15:19:59.633060	u/orenfurtx79	fmm7g35	u/Maikel90	fmm1fzw	C
2020-04-06 15:20:14.731335	u/UlcerousNine4	fmm7gmq	u/xXEragonTheEldestXx	fmkub7j	C
2020-04-06 15:21:50.010093	u/lvl-20-otaku	fmm7jra	u/ThatAnimeCreep_	fmm30kc	C
2020-04-06 15:22:03.475139	u/Jerikss	fmm7km3	u/Commander_Guts27	fmm3t6i	C
2020-04-06 15:22:06.830728	u/ravish242	fmm7kps	u/irrelevant_pinapple	fmlvetz	C
2020-04-06 15:22:15.479763	u/Kevinlikekevin	fmm7kyd	u/MomoBroYT	fmm7j93	C
2020-04-06 15:22:27.956887	u/SlavicBandito	fmm7lhb	u/Respect_Paying_Bot	fmm0b8u	C
2020-04-06 15:22:39.879483	u/docterbs	fmm7m4w	u/combatkade	fmlwpgb	C
2020-04-06 15:23:13.185061	u/Bendinio219	fmm7n40	u/theminiiestmass	fmlk2tx	C
2020-04-06 15:23:18.515990	u/implodinggravaton456	fmm7n9s	u/Lighty1116	fmm5qfu	C
2020-04-06 15:24:53.792870	u/finnirish12	fmm7qv0	u/NMmrNice	fmlm92d	C
2020-04-06 15:25:02.147067	u/yesmodeset	fmm7r3q	u/PirateBeetle	fmm6qp4	C
2020-04-06 15:25:39.331796	u/DerpyDerp12131	fmm7sl1	u/alfredomateo	fmm70fy	C
2020-04-06 15:25:41.394549	u/antiracist_69	fmm7sli	u/NuttyPichu	fmm6it0	C
2020-04-06 15:26:01.960967	u/AFilipinoBoy	fmm7ttn	u/TrikStari	fmm7o2j	C
2020-04-06 15:26:10.949029	u/Frubbs	fmm7uji	u/WarCriminals666	fmm3ter	C
2020-04-06 15:26:16.644838	u/theBobby21	fmm7uns	u/TRBuild	fmgnkb2	C
2020-04-06 15:26:33.677816	u/BaconBurritos	fmm7vci	u/antiracist_69	fmm7sli	C
2020-04-06 15:27:11.150072	u/coyotesarecunts	fmm7x4n	u/white5002	fmm7peh	C
2020-04-06 15:28:04.358433	u/Gutek8134	fmm80mi	u/Shmarfle47	fmlv3al	C
2020-04-06 15:28:06.893265	u/jamsplayz	fmm80rl	u/Pandabrowser469	fmm7kz8	C
2020-04-06 15:28:11.324352	u/Cuukey_	fmm80w8	u/Michalek9151	fmm7fjn	C
2020-04-06 15:28:21.219237	u/thehsitoryguy	fmm814a	u/CapnChiknNugget	fvz1wz	S
2020-04-06 15:28:25.549615	u/niikhil	fmm8198	u/JuicyNapkin	fmm7v1b	C
2020-04-06 15:29:03.595774	u/NotAliveButNotDead	fmm83n7	u/CyberCraft_YT	fkl4ob2	C
2020-04-06 15:29:09.992323	u/random_grass_block	fmm841k	u/Reddituser8812	fmm813n	C
2020-04-06 15:29:27.318156	u/123samlane321	fmm84z2	u/Morallyindifferent	fml8hjl	C
2020-04-06 15:29:33.888966	u/Jack_Lycan	fmm85eh	u/DarthRygar	fmm8294	C
2020-04-06 15:29:59.643973	u/Owen_38	fmm886t	u/ParrotGaming27	fmm7qnm	C
2020-04-06 15:30:21.651725	u/firelock_ny	fmm8961	u/itdoesntevenmatter3	fmm07zg	C
2020-04-06 15:30:25.148970	u/NarwhalAnusLicker00	fmm89dw	u/haseo_the_adept69	fmm85zg	C
2020-04-06 15:30:41.543437	u/yak_on_meth	fmm8aal	u/makar-OK	fmm0zxu	C
2020-04-06 15:31:02.391213	u/hcr24	fmm8awt	u/aceriel666	fmm2fts	C
2020-04-06 15:31:38.321343	u/AliceJoestar	fmm8c3v	u/MrMoustachio	fmlvoe2	C
2020-04-06 15:31:42.689972	u/BaronOsiris	fmm8c48	u/TheMafiaRulez	fml9on5	C
2020-04-06 15:31:52.647742	u/TiredMarii	fmm8chz	u/MomoBroYT	fmm7d4o	C
2020-04-06 15:32:31.175598	u/Potential_Wing	fmm8dza	u/makar-OK	fmm0zxu	C
2020-04-06 15:32:54.935126	u/Aithistannen	fmm8ex1	u/RummanNaser	fmm5vx0	C
2020-04-06 15:33:37.228284	u/JustJuul04	fmm8gkx	u/Osgur-turtle	fmm8f2u	C
2020-04-06 15:34:17.894494	u/Baby_Milk_Meat	fmm8hw3	u/Michalek9151	fmm6xw0	C
2020-04-06 15:34:24.591108	u/whittyray	fmm8i23	u/ToyTrainlandFan	fmm7j8n	C
2020-04-06 15:34:43.484932	u/DeathRider_306	fmm8jbf	u/Bymmijprime	fmlrcw1	C
2020-04-06 15:35:05.323660	u/NorthernMisanthropy	fmm8kcl	u/Bulbapuppaur	fmm752f	C
2020-04-06 15:35:46.902483	u/esa111	fmm8mhu	u/Dzigi14	fmlxk3d	C
2020-04-06 15:35:49.617730	u/D34th_666	fmm8miz	u/xXx_Rh10_xXx	fmm40o9	C
2020-04-06 15:36:33.421907	u/wakaforprez	fmm8p1o	u/mudkip989	fmm70k4	C
2020-04-06 15:36:42.923383	u/BryanXSO	fmm8pi9	u/Hyperion1000	fmm7u2c	C
2020-04-06 15:36:53.619391	u/Marieka09	fmm8pri	u/Hyperion1000	fmm7u2c	C
2020-04-06 15:36:59.243196	u/tesiosp	fmm8q1x	u/WizardMan6767	fmm3gz4	C
2020-04-06 15:37:24.818585	u/HomingSnail	fmm8rfl	u/Hyperion1000	fmm7u2c	C
2020-04-06 15:37:29.800887	u/pietaaa	fmm8rkp	u/AndreiWarrior	fmm15x8	C
2020-04-06 15:37:36.398737	u/LeaveWithAStickyShoe	fmm8s3j	u/AHHHHHHHHHHHHHHHH_	fmm502x	C
2020-04-06 15:37:44.585394	u/fat-boi-sammy	fmm8ssl	u/__Emer__	fmlz1wk	C
2020-04-06 15:38:02.761302	u/Dontdogtheboys52	fmm8ttm	u/greatking6009	fmm03vp	C
2020-04-06 15:38:14.557248	u/BusFullofKittens	fmm8ul1	u/gbarghachie	fmm751r	C
2020-04-06 15:38:17.690209	u/thatguy13131313	fmm8umv	u/Aithistannen	fmm8ex1	C
2020-04-06 15:38:43.305223	u/Dontdogtheboys52	fmm8vsm	u/Young_Person_42	fmm6876	C
2020-04-06 15:38:54.627616	u/the-tv-master	fmm8wfc	u/PM_meSpongebobQuotes	fmm7j1z	C
2020-04-06 15:39:04.183462	u/Soviet_Reddit	fmm8wt5	u/TeaLeaves58	fmm6pza	C
2020-04-06 15:39:05.529783	u/shuritsen	fmm8wtu	u/No-denied	fmm6xy2	C
2020-04-06 15:39:13.958610	u/4106000688	fmm8xqw	u/GitProbe	fmm8lpa	C
2020-04-06 15:39:16.384255	u/explojeff	fmm8y06	u/gerggggg7	fmlmc4u	C
2020-04-06 15:39:36.368178	u/TwicerUpvoter	fmm8z7k	u/yesmodeset	fmm7pd2	C
2020-04-06 15:39:38.598193	u/denmitzue	fmm8zon	u/Phantomorph	fmm8llh	C
2020-04-06 15:39:44.113581	u/M_Bancroft	fmm9055	u/LateKP	fmm8u3v	C
2020-04-06 15:39:51.802485	u/Kurt_Lowe	fmm90h5	u/thesmallstone	fmm1emx	C
2020-04-06 15:40:38.640692	u/MrLemmings	fmm92du	u/dybtiskoven	fmm7c6k	C
2020-04-06 15:41:35.508112	u/ahiruki	fmm94g9	u/Kind-Pop	fl3zlqu	C
2020-04-06 15:42:35.683303	u/NikoStrelkov	fmm97h4	u/RepostSleuthBot	fmlxh2f	C
2020-04-06 15:42:55.720769	u/lolalynch	fmm98ic	u/yak_on_meth	fmm5u1c	C
2020-04-06 15:43:05.903628	u/CUP_Official	fmm98zr	u/LeaveWithAStickyShoe	fmm8s3j	C
2020-04-06 15:44:02.477669	u/ZagemblenecSK	fmm9bfm	u/spademanden	fmm69nw	C
2020-04-06 15:44:44.263558	u/nessiest	fmm9cw1	u/KKilikk	fmm0xf5	C
2020-04-06 15:44:48.376568	u/andrewbud17	fmm9d5g	u/VatroxPlays	fmky2u7	C
2020-04-06 15:45:25.979248	u/Western_Chicken	fmm9f4o	u/Schwerthelm	fmm5kyq	C
2020-04-06 15:45:36.675283	u/Abhishek_Dutta	fmm9fcp	u/shuritsen	fmm8wtu	C
2020-04-06 15:46:11.670944	u/ChekeredList71	fmm9hqo	u/Wheel31	fl5790b	C
2020-04-06 15:46:41.201040	u/W_Callaghan	fmm9jnj	u/Battlebox0	fmm789m	C
2020-04-06 15:46:46.358006	u/_Ga1ahad	fmmbizh	u/LucaTheRaptor	fmm2gma	C
2020-04-06 15:47:02.671303	u/YakeyBear	fmmbjr1	u/eezee_gamer	fmmax3d	C
2020-04-06 15:47:22.242275	u/HeippodeiPeippo	fmmblbl	u/amircouscous	fmm6txe	C
2020-04-06 15:47:43.624598	u/Cof1_1ja	fmmbn75	u/memereviewrtbad	fmm6llj	C
2020-04-06 15:47:46.256763	u/sardao-da-noite	fmmbnav	u/heyyy-kiddo	fmm58qf	C
2020-04-06 15:47:50.466951	u/Nasu03	fmmbno9	u/shleyal19	fmmbfah	C
2020-04-06 15:47:57.928760	u/None_Trick	fmmbo80	u/Alexisto15	fmlx4up	C
2020-04-06 15:48:27.828921	u/bruhmoment_sixty9	fmmbqcp	u/Poydoo	fmm0k1n	C
2020-04-06 15:48:33.678172	u/gst4158	fmmbqpa	u/AtlasTheHunter	fmlzfod	C
2020-04-06 15:48:37.653249	u/lucdaman4	fmmbqz8	u/rad302	fmmavix	C
2020-04-06 15:49:00.314062	u/Sedated_Stimulant	fmmbsi3	u/RIPAirpower2017-19	fmmb1co	C
2020-04-06 15:49:14.808894	u/dxT2000	fmmbtwf	u/wyliecoyote117	fmmb5jh	C
2020-04-06 15:49:24.716208	u/down_vote_magnet	fmmbubr	u/PryingIII	fmm4f1v	C
2020-04-06 15:49:45.300204	u/not-A-accountPerhaps	fmmbv8t	u/RepostSleuthBot	fmlvtex	C
2020-04-06 15:49:55.257064	u/muneebsda	fmmbvkv	u/Sedated_Stimulant	fmmbsi3	C
2020-04-06 15:49:56.127026	u/Eagles_Watch	fmmbvte	u/Ickygrabber	fmlvjyw	C
2020-04-06 15:50:02.737758	u/maxy_boy0	fmmbwq7	u/Nobody_Speshal	fmm7b62	C
2020-04-06 15:51:03.523847	u/Croder_	fmmbyfz	u/ultimate_4082	fmm4fhj	C
2020-04-06 15:51:09.197952	u/johnjackson23	fmmbymd	u/RummanNaser	fmm5vx0	C
2020-04-06 15:51:20.034829	u/heckval	fmmbz83	u/Minigab748	fmmb6vg	C
2020-04-06 15:51:31.540285	u/Omoikane84	fmmbzlj	u/muneebsda	fmmbvkv	C
2020-04-06 15:51:41.356417	u/sahilasdrt	fmmc05c	u/oh_ijustbrowsemain	fkegake	C
2020-04-06 15:51:51.458473	u/Heyuonthewall26	fmmc0ew	u/Dzigi14	fw1ch6	S
2020-04-06 15:52:03.607585	u/Brief-Tree	fmmc0r0	u/potato_brain69	fmkqr1t	C
2020-04-06 15:52:07.037728	u/Zatarang	fmmc0uj	u/quinten9665	fmkihfw	C
2020-04-06 15:52:16.120935	u/estlie	fmmc18g	u/elf_erik	fmlkv4l	C
2020-04-06 15:53:15.302832	u/nvmthenametho	fmmc4f7	u/1_Nysosis_1	fmmby03	C
2020-04-06 15:53:24.955155	u/Miles4Tails	fmmc4s9	u/mcnugget773	fmhxfxb	C
2020-04-06 15:54:29.436088	u/LerYo	fmmc7t2	u/theperson234	fmllp2k	C
2020-04-06 15:54:32.337150	u/Invictinus0	fmmc7tw	u/Sea-doggo15	fmmbqpz	C
2020-04-06 15:54:47.365225	u/blitzfreak_69	fmmc8i9	u/alex_darkstar	fmm4cmt	C
2020-04-06 15:54:53.690854	u/General_Year	fmmc92f	u/felloffaraptor	fmm7q9p	C
2020-04-06 15:54:57.717094	u/Oopsifartedsorry	fmmc9ln	u/gst4158	fmmbqpa	C
2020-04-06 15:55:55.252579	u/TomMakesPodcasts	fmmcdk7	u/Wolftheriot	fmm2zx0	C
2020-04-06 15:56:11.658965	u/IveGotTM87	fmmceei	u/sacrificial_reunion	flafgjk	C
2020-04-06 15:56:14.716963	u/HipsterBrewfus	fmmceft	u/7788445511220011	fmm9u9h	C
2020-04-06 15:56:33.718809	u/rbetterthanme	fmmcf3i	u/CrispyLemonMan	fmm6ak7	C
2020-04-06 15:56:46.755775	u/cuntermans	fmmcg2h	u/Squidmen879	fmm9atm	C
2020-04-06 15:57:11.299772	u/femmefataleperkele	fmmchd1	u/Xtrendence	fmm99zq	C
2020-04-06 15:57:13.023273	u/Moorbilt	fmmchdg	u/Hereisarealman	fmlza3j	C
2020-04-06 15:58:01.930449	u/TerrapinTut	fmmcjzy	u/Xukay333	fmlmpwb	C
2020-04-06 15:58:10.900192	u/Querns	fmmcktg	u/apittsburghoriginal	fmlvk67	C
2020-04-06 15:58:52.363052	u/MegaHerc0	fmmcn2v	u/FBI_Agent_4	fmma6wv	C
2020-04-06 15:58:54.730828	u/V4Vendetta69	fmmcndr	u/Chewchompy	fmm7krd	C
2020-04-06 15:59:08.208233	u/preqeulmaster	fmmcogi	u/Xukay333	fmlmpwb	C
2020-04-06 15:59:09.364813	u/Ctraktor	fmmcogu	u/antiracist_69	fmm7sli	C
2020-04-06 15:59:16.812428	u/JohnnyBravoguy	fmmcouk	u/SRSGhost	fmmbcp6	C
2020-04-06 15:59:34.327842	u/SadThunder07	fmmcqi0	u/Hemlock_Deci	fmmc4v9	C
2020-04-06 15:59:39.127934	u/Lil-chaos	fmmcr1e	u/Hubhuu	fmm32qs	C
2020-04-06 15:59:54.495978	u/ThePhantom8	fmmcsf3	u/Toilet_Time_Material	fmmcpro	C
2020-04-06 15:59:58.075917	u/Witty-Employment	fmmct5v	u/05Lidhult	fmmakrj	C
2020-04-06 15:59:58.661006	u/abaganoush	fmmct74	u/eiggaMAD	fmm9pqn	C
