2020-04-02 23:00:04.549798	u/Loogie222	fma34z7	u/00psieD00psie	fm9rvok	C
2020-04-02 23:00:09.252579	u/mejustbeinghere	fma351s	u/quinten9665	fm7avqe	C
2020-04-02 23:00:11.619597	u/PaztheLad	fma356j	u/FalteringNews	fma329i	C
2020-04-02 23:00:21.698467	u/Twiggles69420	fma35pm	u/TheMrDank	fma32rq	C
2020-04-02 23:00:55.562949	u/brijxsh	fma36x6	u/DP90ON	fm9867k	C
2020-04-02 23:01:13.709442	u/Ethanplayzz2	fma37qw	u/Dragontooth15	fm9pozv	C
2020-04-02 23:01:37.903831	u/MadEzra64	fma38a5	u/elsnoofer	fma2g5c	C
2020-04-02 23:02:34.446867	u/P0is0n0usR0se	fma3akk	u/Crapool	fm9z53f	C
2020-04-02 23:02:58.923273	u/phantom_sense	fma3buk	u/E_Mort100	fm8khvr	C
2020-04-02 23:03:18.359470	u/Gallowizard	fma3cu5	u/JoshR52	fm9yfu1	C
2020-04-02 23:03:31.214662	u/memeusername69	fma3d2w	u/owenbarnes25	fma2jm8	C
2020-04-02 23:03:41.314292	u/lamasasasa	fma3dj1	u/00psieD00psie	fm9rvok	C
2020-04-02 23:03:47.417904	u/Yoshi20133	fma3do1	u/Hairbear04	fm9pzep	C
2020-04-02 23:03:54.161392	u/i-want-my-account-	fma3e8u	u/DerpisMalerpis	fma1jwg	C
2020-04-02 23:04:41.996635	u/groovyfarter	fma3h11	u/cleetusyeetus25	fm9ys3d	C
2020-04-02 23:05:10.541709	u/Jorobus	fma3i5v	u/RiptideNF77	fm9u26d	C
2020-04-02 23:06:00.748459	u/AnonyDexx	fma3kl7	u/Jaface	fm9chd0	C
2020-04-02 23:06:03.658392	u/Papi_83	fma3knq	u/KiloCharlieOscar59	fl2yp9s	C
2020-04-02 23:06:23.625922	u/wilszan	fma3llt	u/2y8j0h5	fma3btt	C
2020-04-02 23:06:32.502012	u/captdev502	fma3lto	u/C9Aayushman_V	fma38li	C
2020-04-02 23:06:38.922486	u/Tripolite	fma3m0e	u/DerpisMalerpis	fm9z5ua	C
2020-04-02 23:06:49.687560	u/Osama11Sul	fma3mps	u/i-want-my-account-	fma3e8u	C
2020-04-02 23:07:01.669692	u/DaAuto_REEE	fma3mx4	u/BCKPFfNGSCHT	fma3l91	C
2020-04-02 23:07:30.096862	u/xtremeMemer69420	fma3o6w	u/AramushAAHH	fm9kptb	C
2020-04-02 23:07:42.953666	u/BamaBuddy5	fma3pau	u/tizsnag	fm9g1rl	C
2020-04-02 23:07:47.507805	u/IMFlorecentFace	fma3pit	u/ghatos_france	fma32st	C
2020-04-02 23:08:03.877728	u/pilledsweatshirt	fma3q7y	u/RasAlGhooly	fm9umyi	C
2020-04-02 23:08:11.075900	u/Teraze0x	fma3qle	u/RadioPhobe	fma15f8	C
2020-04-02 23:08:22.408130	u/Zenblendman	fma3r37	u/unreadysoup8643	fma0gea	C
2020-04-02 23:08:50.360329	u/bruhtus_momentium	fma3sog	u/gamerwolf213	fma38do	C
2020-04-02 23:08:58.550574	u/OMGbigEars	fma3t98	u/Sukleen	fttm3y	S
2020-04-02 23:09:02.899654	u/Arugurutoyou	fma3tee	u/DistinctDate9	fma0h5t	C
2020-04-02 23:09:31.396894	u/Thechampion1300	fma3vn3	u/I_am_That_Ian_Power	fma1iyy	C
2020-04-02 23:09:58.449367	u/Whitey005	fma3y8e	u/ShadeNLM064pm	fm9o8os	C
2020-04-02 23:10:20.967339	u/jedicamilleon	fma3zov	u/ryujin_saberu	fma2tzl	C
2020-04-02 23:11:15.359416	u/Fastamaster	fma41qd	u/duckindonuts	fm9yfg0	C
2020-04-02 23:11:24.828872	u/Surreal_Coke	fma426g	u/Overall_Knowledge	fma2fm8	C
2020-04-02 23:11:27.590170	u/Bthan-Boi	fma426q	u/ThunderingSacks	ftyo0t	S
2020-04-02 23:11:41.582372	u/ShapelessCube	fma42l4	u/TheRandomMaster800	fma32e8	C
2020-04-02 23:11:52.552927	u/Noversi	fma4330	u/Retroboy216	fm9xv32	C
2020-04-02 23:12:10.924462	u/Infinite_Victory	fma43qw	u/Respect_Paying_Bot	fma436t	C
2020-04-02 23:12:23.555929	u/pixelator77	fma448o	u/Dinomite35	fma25a0	C
2020-04-02 23:12:28.562864	u/camsgt13	fma44bp	u/Zoinksscoobs69	fm9thuh	C
2020-04-02 23:12:34.541110	u/geeboi3000	fma44mj	u/xjffkhx	fma2mse	C
2020-04-02 23:12:40.447631	u/tumblerisgay	fma44sn	u/vigilantcomicpenguin	fma2pny	C
2020-04-02 23:13:27.999355	u/xRangerWolfx	fma46kj	u/spicygoldenfrog	fm9g0vb	C
2020-04-02 23:13:39.399338	u/Paradox_error	fma46w2	u/knight-that-says-ni	fgo59or	C
2020-04-02 23:14:01.632141	u/PandaGuitarLord	fma47ak	u/dankus_3000yeet	fma24xs	C
2020-04-02 23:14:12.992906	u/mich3l604	fma47n9	u/m4rsh13	fma453v	C
2020-04-02 23:15:09.101715	u/3-PHDS-IN-THC	fma49fr	u/Redd_Skyy	fm9bdrn	C
2020-04-02 23:15:15.434066	u/weird0_bun	fma49jx	u/Jimmy_On_Steroids	ftujh9	S
2020-04-02 23:15:20.130565	u/Asross627	fma49mu	u/Tader1112	fma2l65	C
2020-04-02 23:15:44.864099	u/Not_the_Lolicon	fma4bke	u/Tader1112	fma45y0	C
2020-04-02 23:15:48.702610	u/K_SOUKY	fma4bog	u/Merlijn-69	fma2z19	C
2020-04-02 23:16:02.260887	u/aim_botttt	fma4c6g	u/mud_tug	fm8qeau	C
2020-04-02 23:16:19.791142	u/ladyjinxy	fma4cx7	u/ShyGuyMemes	ftv4er	S
2020-04-02 23:16:35.912443	u/HuMaNbEiNg26	fma4dvg	u/momonga213123	fma2xs3	C
2020-04-02 23:16:48.437377	u/Zhadow46	fma4eny	u/LTBT03	fma35z5	C
2020-04-02 23:16:50.212845	u/HolySpitball	fma4erc	u/Fastamaster	fma41qd	C
2020-04-02 23:17:08.014141	u/OriginalNoel	fma4ftv	u/something3574	fma2v6r	C
2020-04-02 23:17:19.993260	u/Aladen_ofthe_Apes	fma4g63	u/WhiteNibba777	fm94skf	C
2020-04-02 23:17:58.103203	u/LithiumFacelift	fma4jew	u/slushywashy	fm9ypf5	C
2020-04-02 23:18:07.261154	u/preeviet	fma4k2f	u/Aladen_ofthe_Apes	fma3zyn	C
2020-04-02 23:18:20.806555	u/imgunnadoamurder	fma4kzd	u/Sethleoric	fma470p	C
2020-04-02 23:18:22.963860	u/s1erra_117	fma4l7c	u/King-Oylmpus	fm9e4k1	C
2020-04-02 23:18:39.510747	u/elbowcheeseballs3269	fma4mgc	u/Kejidon	fma2qwn	C
2020-04-02 23:18:59.723275	u/thegr8sasquatch	fma4nla	u/DerpisMalerpis	fma23ut	C
2020-04-02 23:19:44.515012	u/DystopianSugar	fma4rn3	u/Mr-Teglgaard	fm01kxt	C
2020-04-02 23:19:52.670627	u/Cargeek3	fma4sab	u/DerpisMalerpis	fma23ut	C
2020-04-02 23:20:02.685187	u/BandaBrick	fma4tcd	u/Dandy_the_cat	fm9yq7g	C
2020-04-02 23:20:26.113650	u/Ready-Television	fma4tz4	u/Hawk_Toast	fm9to5x	C
2020-04-02 23:21:23.431115	u/DaGamingCorner	fma4x9u	u/weirdchild62	fm9x3kq	C
2020-04-02 23:21:28.057694	u/vincentwaffles	fma4xe5	u/Raptor2464	fm9x126	C
2020-04-02 23:21:32.555735	u/DeathEater5007	fma4xmg	u/yashanand123	fma3v1t	C
2020-04-02 23:21:49.290566	u/MarkoMark666	fma4xyl	u/i-want-my-account-	fma3e8u	C
2020-04-02 23:21:52.586156	u/ScroogieMcduckie	fma4y09	u/SaulsaWithChips	fm9yvq1	C
2020-04-02 23:22:44.351111	u/CaroleBaskin_Bigcat	fma50ir	u/AdolfDuckler3000	fm9z8g3	C
2020-04-02 23:23:28.172100	u/BigDirtySock	fma52ri	u/ratatouillekindahot	fma4ca7	C
2020-04-02 23:23:32.630276	u/TheBelowAverageLad	fma52y0	u/jacobsredditusername	fma2ujj	C
2020-04-02 23:24:08.885911	u/spilledmind	fma54fr	u/MicSpence	fma2c6a	C
2020-04-02 23:24:30.231459	u/skysXtheXlimit	fma555h	u/skeletoneg	fma2q6t	C
2020-04-02 23:24:37.530769	u/Deadzone105	fma55if	u/Kind-Pop	fl3zlqu	C
2020-04-02 23:25:02.705212	u/rompokus36	fma56cm	u/ekkson	fm9itxh	C
2020-04-02 23:25:04.811150	u/ljhdg	fma56el	u/TenThousandCrabs	fm9ob0u	C
2020-04-02 23:25:49.233963	u/CENDOLGAN	fma581m	u/DistinctDate9	fma0h5t	C
2020-04-02 23:26:29.540768	u/ALSO-replies_nice	fma597y	u/Yoshi20133	fma3do1	C
2020-04-02 23:26:39.759668	u/xd_MemeKing	fma59ld	u/ratatouillekindahot	fma4ca7	C
2020-04-02 23:27:03.546933	u/Live_and_Prosper	fma5aji	u/RiptideNF77	fm9u26d	C
2020-04-02 23:27:26.771297	u/ICDF-Augustus	fma5be4	u/REEEEEvolution	fm9xih1	C
2020-04-02 23:27:37.324717	u/HipHopTakePlop	fma5c0q	u/Edmond-the-Great	fm8ptvp	C
2020-04-02 23:27:42.928485	u/CheeseDaddy420	fma5c6x	u/Redd_Skyy	fm9m9zg	C
2020-04-02 23:27:52.377257	u/Ihavenogoodusrenames	fma5cld	u/RepostSleuthBot	fm93fc4	C
2020-04-02 23:28:12.066191	u/nieldade2	fma5egu	u/teriyaki_sandwich	fm946mt	C
2020-04-02 23:28:25.218126	u/gutemorning	fma5f0y	u/Ready-Television	fma17qe	C
2020-04-02 23:29:09.186864	u/__paul_8	fma5huk	u/Tader1112	fma26l4	C
2020-04-02 23:29:18.046182	u/Funy_Bro	fma5inw	u/will4623	fm9ef39	C
2020-04-02 23:29:29.899263	u/Envy_Ninjas	fma5jf1	u/VibraniumDragonborn	fl5nrgn	C
2020-04-02 23:29:39.734331	u/SingleBagel	fma5kkl	u/ChaoticLizzard	fma5jdf	C
2020-04-02 23:29:46.621534	u/T-posing-Sim	fma5l3l	u/ratatouillekindahot	fma3pws	C
2020-04-02 23:29:47.416362	u/DaMainMrKrabs	fma5l3t	u/xXFuckboi6942069Xx	fm8th1r	C
2020-04-02 23:29:51.721863	u/Kumar__01	fma5ll8	u/Captain_homosexual_	fma152u	C
2020-04-02 23:29:53.124641	u/GameMaster1928	fma5ltj	u/AramushAAHH	fm9kptb	C
2020-04-02 23:29:57.066695	u/aarnalthea	fma5mb1	u/RepostSleuthBot	fma27b5	C
2020-04-02 23:29:59.535795	u/dweiviz	fma5mrq	u/Fastamaster	fma41qd	C
2020-04-02 23:30:23.774126	u/DheExtraWan	fma5ooo	u/bigpplol	fma41tz	C
2020-04-02 23:30:53.507833	u/alldepotatos4menow	fma5qe2	u/DP90ON	fm98jhk	C
2020-04-02 23:31:46.342669	u/zotshot1163	fma5sky	u/Funtimebasket	fm9zsdw	C
2020-04-02 23:32:07.298807	u/matthewaaronbush	fma5tm0	u/skysXtheXlimit	fma555h	C
2020-04-02 23:32:18.807778	u/mistnewt	fma5tuj	u/-Listening	fma5bmc	C
2020-04-02 23:32:28.366002	u/Im_a_literal_potato	fma5uh0	u/Tzar-Sand-Hanitizer	fma4ysi	C
2020-04-02 23:32:49.168349	u/tiger71719	fma5vgo	u/DheExtraWan	fma5ooo	C
2020-04-02 23:32:56.806680	u/TheBuzzWuzz	fma5vw2	u/dtaylortx	fm996xj	C
2020-04-02 23:33:10.542526	u/Stahltoastbrot	fma5wfd	u/shitson1310	fma5tbf	C
2020-04-02 23:33:12.704981	u/XJennatoolsX	fma5wfi	u/rowapair	fma1764	C
2020-04-02 23:33:14.830243	u/FartyPat	fma5wi2	u/thedevilsadvisor	fma5ty6	C
2020-04-02 23:33:24.700735	u/paharganj2paris	fma5x73	u/AJ7123	fma5qcy	C
2020-04-02 23:33:38.011769	u/SquidNinja42	fma5y8t	u/The-Always-Lie-Guy	fm8ugft	C
2020-04-02 23:33:45.047755	u/LastBison	fma5yjd	u/ratatouillekindahot	fma42jd	C
2020-04-02 23:34:09.632913	u/DannyH04	fma5zkx	u/RepostSleuthBot	fma5wvh	C
2020-04-02 23:34:11.810597	u/KiraL0923	fma5zo3	u/Hairbear04	fm9pzep	C
2020-04-02 23:34:18.462374	u/crazednconfuzedd	fma600w	u/sittingbullms	fln784d	C
2020-04-02 23:34:23.837416	u/Garfieldgod4	fma60an	u/Hairbear04	fm9pzep	C
2020-04-02 23:34:27.975372	u/Notorious--DAD	fma60jp	u/Noklle	fm9zime	C
2020-04-02 23:34:34.607172	u/V3rzamm	fma60ws	u/ryujin_saberu	fma5n2k	C
2020-04-02 23:34:45.167782	u/-_----__-	fma61lk	u/Corona-Beer-is-cure	fm9chb4	C
2020-04-02 23:35:05.218213	u/StrikingKlutz	fma62qi	u/hotpotatodude	fma126u	C
2020-04-02 23:35:27.781987	u/Toxik03	fma645b	u/DerpisMalerpis	fma1jwg	C
2020-04-02 23:35:46.721269	u/Ryan765432567	fma65ba	u/Zerqoss	fm9hbrm	C
2020-04-02 23:35:49.597503	u/MidgetTyTy	fma65co	u/elbowcheeseballs3269	fma4mgc	C
2020-04-02 23:36:38.504398	u/One_Spoopy_Boi_	fma67mn	u/ReadyTurtleOne	fma66im	C
2020-04-02 23:36:41.474386	u/adisaiah	fma686f	u/Bernautikus	fma4k08	C
2020-04-02 23:36:43.315739	u/BLfanatic2763	fma68il	u/ralfiano	fma65i1	C
2020-04-02 23:36:45.176841	u/WingsAF	fma68iy	u/BuckySpanklestein	fu0ucq	S
2020-04-02 23:36:48.022361	u/kaley46387	fma68qj	u/Fastamaster	fma41qd	C
2020-04-02 23:36:49.860980	u/ThisMakessSense	fma68vq	u/-BraidedAssHair-	fm3qf43	C
2020-04-02 23:37:01.562012	u/Diamond_memereview	fma69kw	u/ninjewish	fc9ad02	C
2020-04-02 23:37:06.411438	u/kaley46387	fma69vv	u/Soggy_doggy123	fma0zue	C
2020-04-02 23:37:15.452942	u/TheRealSmolt	fma6ah5	u/chunky_fungus	fma203f	C
2020-04-02 23:37:51.013463	u/UniTe_CSGO	fma6cvn	u/Hairbear04	fm9pzep	C
2020-04-02 23:37:54.885575	u/IEatBabies	fma6dfa	u/64SmartName	fma21iu	C
2020-04-02 23:38:01.793842	u/Lacunatoonz	fma6dnm	u/drecognis	fm9w18m	C
2020-04-02 23:38:08.323081	u/MyMidAlwaysFeed	fma6e5b	u/Sin_Cos_Im_Tan	fma63qw	C
2020-04-02 23:38:23.118038	u/Frozoneboi69420	fma6exw	u/Goodfella_228	fma4zmv	C
2020-04-02 23:38:24.816072	u/wildfoxwildfox	fma6f47	u/Nobindro	ftrj21	S
2020-04-02 23:39:09.436956	u/LordAQ	fma6hvj	u/ljhdg	fma56el	C
2020-04-02 23:39:26.326295	u/Airway	fma6ivw	u/64SmartName	fma3etu	C
2020-04-02 23:39:32.866457	u/BattleLemons	fma6j7j	u/wet_sandwitch	fma3k2m	C
2020-04-02 23:39:33.922221	u/CrazyGardevoir	fma6j8c	u/tree-steaks	fm9mup1	C
2020-04-02 23:39:36.575067	u/Gillign	fma6j9k	u/DezPispenser	fma6a8m	C
2020-04-02 23:39:43.324225	u/sodacanned	fma6jtp	u/invited2pants_party	fm9c60l	C
2020-04-02 23:40:10.506524	u/YourLordUndSavior	fma6mcl	u/vincentwaffles	fma5twq	C
2020-04-02 23:40:16.471929	u/Eyelikeyourname	fma6n0a	u/Loogie222	fma34z7	C
2020-04-02 23:40:31.093227	u/xzjisoo	fma6nzh	u/ShrexyMemer69420	fm9y6l9	C
2020-04-02 23:40:39.220973	u/Just_Cayden17	fma6o3e	u/WtfIsADerivative	fm9vxha	C
2020-04-02 23:40:53.962259	u/dr_plague	fma6ouk	u/Mattwark	fma6imq	C
2020-04-02 23:41:27.099362	u/DorkOverwatch	fma6qjk	u/Enan_Yrbolee	fm8n94x	C
2020-04-02 23:41:41.710549	u/sanji6969	fma6rb1	u/LastBison	fma5yjd	C
2020-04-02 23:41:56.832469	u/ainzalgoon	fma6s8y	u/gutemorning	fma5f0y	C
2020-04-02 23:42:21.774058	u/Juanbass774	fma6taw	u/Vanthtastisch	fm9w1d9	C
2020-04-02 23:42:52.123040	u/trombonek1ng	fma6uxh	u/HereForTheSoobridit	fma0ksn	C
2020-04-02 23:43:21.951889	u/Dominations5276	fma6whh	u/JacobWasTaken	fts1y2	S
2020-04-02 23:43:26.506333	u/McPapu1402	fma6wn9	u/Kryllllllyx	fma6lto	C
2020-04-02 23:43:29.729889	u/Eduardoflwr	fma6wqn	u/TheAmazingMrfella	fma6u4o	C
2020-04-02 23:43:47.585194	u/cellpower2	fma6xhq	u/LoadShotgun	fma5m1r	C
2020-04-02 23:44:13.170270	u/arrian-	fma6z3c	u/kamikazi21358	fm9zzhq	C
2020-04-02 23:44:20.388222	u/Revised_Text	fma6zlz	u/NotDaveBut	fm9ss0g	C
2020-04-02 23:44:23.555977	u/DankeusMemeus69	fma6zn9	u/RepostSleuthBot	fm9w0qo	C
2020-04-02 23:44:32.479662	u/DanyStealth504	fma70be	u/ljhdg	fma6j8f	C
2020-04-02 23:45:28.264923	u/fivecents_84lumber	fma70ov	u/Merlijn-69	fma31t0	C
2020-04-02 23:45:51.915793	u/an-alvacado	fma745l	u/Asian_Equation06	fma3cr4	C
2020-04-02 23:45:53.942974	u/BigSteve21	fma7464	u/ArcannOfZakuul	fma6xqg	C
2020-04-02 23:46:03.651900	u/vishalchowdhury	fma74v4	u/trombonek1ng	fma6uxh	C
2020-04-02 23:46:19.873043	u/jdubjdubjdubjdub	fma758y	u/FewTap9	fm93sza	C
2020-04-02 23:47:11.471587	u/Electron_2002	fma783j	u/wantfreemcnuggets	fm9ohln	C
2020-04-02 23:47:33.224051	u/Harid444	fma7926	u/R4z079	fma6drl	C
2020-04-02 23:47:38.707168	u/Apryl_Lillie	fma79mv	u/TugsKeng	fma6sgo	C
2020-04-02 23:47:58.044842	u/Foulbasket	fma7a9p	u/Fit-Comb	fma2rim	C
2020-04-02 23:48:37.177027	u/Aneke1	fma7cbz	u/5p4n911	fm91kxj	C
2020-04-02 23:48:39.336992	u/Nuggelutt	fma7ce1	u/an-alvacado	fma745l	C
2020-04-02 23:48:48.658738	u/ibrakeforsquirrels	fma7cqd	u/R4z079	fma6drl	C
2020-04-02 23:48:56.841415	u/Pokeboss10123	fma7d4e	u/The_meme_devil	fm9exq4	C
2020-04-02 23:49:07.225523	u/PhonyBrony2	fma7dmw	u/OrnageMadness141	fm9qmrd	C
2020-04-02 23:49:11.072254	u/WolfFurr	fma7dvz	u/mistnewt	fma5tuj	C
2020-04-02 23:49:16.627550	u/mzetti_1	fma7e40	u/MrGenius9000	fm9xaf3	C
2020-04-02 23:49:25.076170	u/Aesthesiiick	fma7edh	u/OfficialGImarqui	fma79ej	C
2020-04-02 23:49:48.130204	u/MID2462	fma7fit	u/Greater419	flc78rn	C
2020-04-02 23:50:51.258355	u/aulosirasirius	fma7ink	u/Eternal-Anxiety	fma5l5l	C
2020-04-02 23:51:26.993619	u/some-random-dude84	fma7i54	u/Orwellian-Noodle	fm9w98j	C
2020-04-02 23:51:29.299551	u/Fishfood3500	fma7iiy	u/Juanbass774	fu141t	S
2020-04-02 23:52:12.962949	u/HuseyinWrld	fma7lq0	u/Soggy_doggy123	fma0zue	C
2020-04-02 23:52:23.020338	u/choochoobubs	fma7m02	u/RadioPhobe	fma15f8	C
2020-04-02 23:52:38.045418	u/Nguyenten	fma7n46	u/Retroboy216	fm9xv32	C
2020-04-02 23:52:51.066526	u/ZeWolfer	fma7nsy	u/Goku_Jerome	fm9trt5	C
2020-04-02 23:53:40.128944	u/mollard33	fma7pgq	u/Crapool	fm9z53f	C
2020-04-02 23:53:52.270907	u/askmefor-a-joke	fma7q4k	u/vishalchowdhury	fma74v4	C
2020-04-02 23:53:59.115336	u/Wigglytuff6645	fma7qjt	u/CoolNinja1O1YT	fm9qre5	C
2020-04-02 23:54:09.849199	u/wolframe117	fma7rdc	u/elsnoofer	fma2g5c	C
2020-04-02 23:54:21.279534	u/TheRaggedLlama	fma7ryx	u/Fluffyface-casey	fma3tni	C
2020-04-02 23:54:36.683311	u/st1r	fma7sos	u/Eyelikeyourname	fma6sz0	C
2020-04-02 23:54:52.595659	u/fellowreddituserer	fma7t5w	u/ljhdg	fma6wq7	C
2020-04-02 23:55:18.788076	u/daorys99	fma7vkd	u/Wetraisin00	fma0b6z	C
2020-04-02 23:55:50.408268	u/SimonSaysSuckMyCock	fma7wr9	u/00psieD00psie	fm9rvok	C
2020-04-02 23:55:58.681225	u/Scobear7	fma7x5q	u/BatDudeCole20	fma387i	C
2020-04-02 23:56:20.264754	u/catkrieger13	fma7wmf	u/kmfdhirnezeg	fm9vyez	C
2020-04-02 23:56:22.986126	u/AtulKarn	fma7y0h	u/Hephaestus_God	fma1sof	C
2020-04-02 23:56:44.748377	u/goeatatoenail	fma7zkc	u/06Grill	fma6xur	C
2020-04-02 23:56:49.397566	u/piz-kill-me-	fma7zxu	u/just4the_lolz	fma7yrx	C
2020-04-02 23:57:15.813527	u/jonwondon	fma80w3	u/ggdabs	fma7vkr	C
2020-04-02 23:57:36.130050	u/Wooden-Giraffe	fma81v2	u/vincentwaffles	fma4xe5	C
2020-04-02 23:57:47.532734	u/Idontletgo	fma82ob	u/WetWipe6414	fma5q0z	C
2020-04-02 23:58:07.862405	u/GeoBotland	fma83u1	u/heath118	fma4hx5	C
2020-04-02 23:59:08.423905	u/Wholesome100	fma86fe	u/Depression-Boy	fma0pue	C
2020-04-02 23:59:25.373578	u/AzarealRegus	fma87j7	u/Pizzaboy90	fma1ov6	C
