2020-03-28 18:00:35.435659	u/SpinLegend	fls1soq	u/AmbivalentLzrd	flryw1a	C
2020-03-28 18:00:42.438537	u/Alabamahecker	fls1swi	u/Commando_Steve	flrsiw9	C
2020-03-28 18:00:58.217650	u/GHOSTASSASSINNO	fls1tgy	u/Sir_Nicholas_4	flr6uyw	C
2020-03-28 18:01:13.498716	u/xXJoMainXx	fls1tp9	u/MyJelloJiggles	flrm4uq	C
2020-03-28 18:01:17.993749	u/robs_whitty	fls1tuz	u/Xploiter_RBLX	fls1mvn	C
2020-03-28 18:01:52.470766	u/chris2404	fls1vdn	u/Introllsiveness	flqng6x	C
2020-03-28 18:01:58.086927	u/Hunt3dgh0st	fls1vh0	u/Meme_R3w_ind	fqmg49	S
2020-03-28 18:02:10.072291	u/lutar0611	fls1w11	u/Cloutmaster_Phluphyy	fk86qqk	C
2020-03-28 18:02:36.970175	u/ToasterBath782	fls1wzt	u/wrinkledwaterbottles	flrgsd6	C
2020-03-28 18:02:40.458650	u/Kabukiller	fls1x2n	u/XPG-BUDDER	fls1ad9	C
2020-03-28 18:02:44.947087	u/SmallsVI	fls1x8z	u/FlihpFlorp	fls1wa3	C
2020-03-28 18:02:49.363006	u/SCRU8YDOO	fls1xj8	u/Universalistic	flrpmyp	C
2020-03-28 18:02:53.847632	u/CasperDinFar	fls1xlh	u/HorrorCst	fls16bx	C
2020-03-28 18:03:13.825194	u/_speech_less_	fls1y84	u/meh1231	fls1q31	C
2020-03-28 18:03:18.267751	u/nohilary	fls1ygm	u/VeryNerdyNate	fls0uiv	C
2020-03-28 18:03:53.165445	u/PKRowlet64	fls209g	u/AutoModerator	flqzuth	C
2020-03-28 18:03:58.447843	u/That_sixth_guy	fls20eu	u/mikeflu	flrsi4q	C
2020-03-28 18:04:01.739222	u/yolo_i5_mo	fls20hr	u/meh1231	fls1q31	C
2020-03-28 18:04:21.189228	u/lars_huufke	fls218c	u/hugeyikesdawg	flrw5h3	C
2020-03-28 18:04:24.344895	u/Crypto-	fls21cp	u/AxleGearThylacine	flroddj	C
2020-03-28 18:05:08.743444	u/interloper09	fls240n	u/trickshot134	flrjnd3	C
2020-03-28 18:05:12.992748	u/statefarmboii	fls244t	u/blueeggsandwaffles	flrtsww	C
2020-03-28 18:05:45.381182	u/xCinny	fls24z6	u/MyJelloJiggles	flrls6v	C
2020-03-28 18:06:14.616637	u/Spicy-Samich	fls267p	u/wallaceb2111	flrymev	C
2020-03-28 18:06:24.526768	u/UrMomHasSmolPP	fls26md	u/9l14d0m	fls1r59	C
2020-03-28 18:06:45.880916	u/AEfeSenel	fls27hr	u/LordDraco781	fle9p0s	C
2020-03-28 18:06:55.172589	u/Xslowmo2208	fls27v7	u/Xploiter_RBLX	fls13g6	C
2020-03-28 18:07:00.302455	u/Henry1896	fls27zb	u/XaviarTheBoss	fls241s	C
2020-03-28 18:07:05.630841	u/Great_fartacus	fls280z	u/Tiny_Try	flrstcl	C
2020-03-28 18:07:19.609802	u/dadbodtyler	fls28kc	u/Raven-_-	fls25hc	C
2020-03-28 18:07:49.388203	u/suhdm	fls2abj	u/coelestial	flrtxf5	C
2020-03-28 18:07:53.227928	u/OnyxPuma	fls2aha	u/The_butsmuts	flrznjg	C
2020-03-28 18:07:57.563276	u/PeterGriffinFan	fls2ao4	u/henk1313	fls23ex	C
2020-03-28 18:07:59.207995	u/fortheloveofakatosh	fls2aqf	u/KILLJEFFREY	fls1cu1	C
2020-03-28 18:08:07.272747	u/vzSo	fls2b4l	u/Acedia_the_Skele	flrxe24	C
2020-03-28 18:08:15.487491	u/mrsqueegyohmymuffins	fls2bv0	u/Xploiter_RBLX	fls0ofb	C
2020-03-28 18:08:25.267261	u/Zac-Maniac	fls2c98	u/Sslipperyssnek	flrumb2	C
2020-03-28 18:08:36.001432	u/Dill-Dough	fls2cxg	u/RedninjaJ	flrzgun	C
2020-03-28 18:08:55.630321	u/imanali53938237	fls2eaa	u/austisticfrog827	flru2n9	C
2020-03-28 18:08:57.806329	u/yeeterthechildbeater	fls2ebn	u/Marbinyum	fls1nf5	C
2020-03-28 18:09:15.613549	u/seriouslious	fls2fp0	u/BOSS_Master7000	flrwfj3	C
2020-03-28 18:09:18.561313	u/Healz	fls2fvy	u/harbac	fl2jkos	C
2020-03-28 18:09:26.578368	u/RandomName_21	fls2gom	u/KILLJEFFREY	fls1cu1	C
2020-03-28 18:09:33.348018	u/Drizzle-Tomorrow	fls2hac	u/Mystery0623	flrgkah	C
2020-03-28 18:09:35.999239	u/captainberger	fls2hlc	u/mikeflu	flrzvoh	C
2020-03-28 18:09:44.516785	u/RapidRedditor	fls2hwf	u/OpalRuohou	fls114g	C
2020-03-28 18:09:49.780693	u/bigchungus40404	fls2ijx	u/Pro_Cat	flrvdpi	C
2020-03-28 18:09:52.939079	u/Distorshen	fls2itm	u/SpunkyHalo365	flriagf	C
2020-03-28 18:09:54.925916	u/JacksonHud	fls2iud	u/danurnan	fqlgl4	S
2020-03-28 18:09:56.967243	u/Confortop	fls2jd3	u/TheAmazingMrfella	flrxu72	C
2020-03-28 18:10:04.107584	u/OhNoASharknado	fls2jt5	u/Gorogorgo-chan	fls0g8c	C
2020-03-28 18:10:09.918419	u/Hoizmiche	fls2k19	u/Xploiter_RBLX	fls2gjt	C
2020-03-28 18:10:20.106698	u/Agent0hio030	fls2k6o	u/Commando_Steve	flrsiw9	C
2020-03-28 18:10:29.384121	u/isabtodie	fls2kff	u/horsefly242	flrxob1	C
2020-03-28 18:10:31.798699	u/_NAME_NAME_NAME_	fls2kjj	u/JoeMamaAndThePapas	flrz8ip	C
2020-03-28 18:10:57.694886	u/thecoolestfish	fls2lul	u/KILLJEFFREY	fls1cu1	C
2020-03-28 18:11:30.118771	u/LockTightt	fls2nlq	u/unclerico589	flrgpr1	C
2020-03-28 18:12:12.867622	u/Infinity_Blayde	fls2p10	u/AxleGearThylacine	flroddj	C
2020-03-28 18:12:15.145048	u/22MapleJordan22	fls2p1n	u/LMAO_ZEDONG769	flryoij	C
2020-03-28 18:12:17.483330	u/Dadwhereisthemilk	fls2p2q	u/highermeme	flrmy4m	C
2020-03-28 18:12:20.929659	u/ThunderFlash10	fls2p8u	u/AxleGearThylacine	flroddj	C
2020-03-28 18:12:24.299331	u/Cat-Flab	fls2pbm	u/FlihpFlorp	fls1wa3	C
2020-03-28 18:12:28.463461	u/Tacnael	fls2pfy	u/racerfree	flrfim0	C
2020-03-28 18:12:35.707313	u/Nintendanime420	fls2poq	u/Piotrhanter	flrvhcz	C
2020-03-28 18:12:56.805411	u/DoomedPigeon100	fls2qkb	u/Focus_Spirit	fldxqbx	C
2020-03-28 18:13:00.463540	u/champac	fls2qr0	u/Uri_Salomon	flp2lqk	C
2020-03-28 18:13:29.929419	u/RoyalBlood999	fls2rww	u/fualtyzane	flrkyw3	C
2020-03-28 18:13:36.463114	u/I_Am_Sbeve	fls2sby	u/MyJelloJiggles	flrls6v	C
2020-03-28 18:13:46.637672	u/1Stein_	fls2sui	u/jr88fan	flerac9	C
2020-03-28 18:13:58.119047	u/WhatTheCarbonDuck	fls2taf	u/FlihpFlorp	fls1wa3	C
2020-03-28 18:14:00.281433	u/screwIWandactivision	fls2tb3	u/MyJelloJiggles	flrls6v	C
2020-03-28 18:14:12.058435	u/JOEMAMAMEIFYOUGAY2	fls2tzx	u/racerfree	flrwmzc	C
2020-03-28 18:14:33.709642	u/ComradeKGBagent	fls2uy9	u/f3lhorn	fls2756	C
2020-03-28 18:14:36.875796	u/Soleila2998	fls2v3n	u/R3zon	flrrrk6	C
2020-03-28 18:14:46.268520	u/Vextor1	fls2vfy	u/Your_Mother_19	fls15fm	C
2020-03-28 18:14:52.297496	u/yet-another-yes-man	fls2vkz	u/racerfree	fls1odm	C
2020-03-28 18:15:11.930164	u/Sweatyspaghettti	fls2we5	u/AReallyHugeDik	fqkef0	S
2020-03-28 18:15:26.623200	u/LordZimbo	fls2wyq	u/Halo3IsMyFavorite	flrz0er	C
2020-03-28 18:15:43.974777	u/MattTheFurryCatt	fls2xqt	u/ChaosCovenant	flrrm7a	C
2020-03-28 18:16:15.680443	u/drea_266	fls2z1m	u/rod_lupian1983	flry8rx	C
2020-03-28 18:16:17.589499	u/Tired_Redditor221	fls2z22	u/IguanasWithInternet	flqvw2a	C
2020-03-28 18:16:38.336222	u/ImEmmiplier	fls303o	u/NotAUselessDude	flr5gww	C
2020-03-28 18:16:53.545593	u/_avidprocrastinator_	fls30ok	u/Jumbo_Cactaur	flqt79t	C
2020-03-28 18:16:57.297340	u/WakaFlacco	fls30vw	u/tanishvv	fls0bg0	C
2020-03-28 18:17:15.517092	u/bltsmith	fls31ks	u/AutoModerator	flrjp79	C
2020-03-28 18:17:29.682098	u/MrLongIsDad	fls322h	u/TerraPhantomic	fqq6rl	S
2020-03-28 18:17:45.405747	u/just_damz	fls32y7	u/dadbodtyler	fls1ehz	C
2020-03-28 18:17:53.127189	u/Comrad_Khal	fls336a	u/Radeczech2004	flqudsp	C
2020-03-28 18:18:05.705919	u/monotov1	fls33yw	u/Xploiter_RBLX	fls30j5	C
2020-03-28 18:18:07.383469	u/TheLifeOfSully	fls33z6	u/the__fetus	fls1cof	C
2020-03-28 18:18:14.860663	u/strange-bee	fls34vh	u/The_night_camel	fls048i	C
2020-03-28 18:18:21.744228	u/RG7Plays	fls35h7	u/fortheloveofakatosh	fls2aqf	C
2020-03-28 18:18:32.653362	u/SingleRefrigerator	fls35wu	u/zaicam1221	fls24dq	C
2020-03-28 18:18:39.588262	u/Scary_Child	fls36b5	u/HorrorCst	fls16bx	C
2020-03-28 18:19:05.483506	u/Sciguystfm	fls37x4	u/sieg-the-frenchie	flrfkmm	C
2020-03-28 18:19:10.269045	u/Titanoss	fls388y	u/Faze_HighSway	fls1ik8	C
2020-03-28 18:19:51.564248	u/Dravarden	fls3bau	u/AxleGearThylacine	flroddj	C
2020-03-28 18:19:52.249858	u/ILoveRedRobin69	fls3bdl	u/unclerico589	flrgpr1	C
2020-03-28 18:19:56.062887	u/P4lladin	fls3c9d	u/CDN_Shadow	fls397f	C
2020-03-28 18:20:24.561163	u/WiiSorcerer	fls3d5w	u/Ghoasty1	fls2i37	C
2020-03-28 18:20:43.474862	u/The_Justiniano	fls3dsf	u/fualtyzane	flrge1d	C
2020-03-28 18:20:53.852069	u/MatKlassic	fls3e1k	u/isabtodie	fls2kff	C
2020-03-28 18:21:20.976374	u/yinyu_e	fls3evh	u/i-like-burnt-bread	flrzioi	C
2020-03-28 18:22:17.109388	u/Voltryx420	fls3gp7	u/RandomName_21	fls2gom	C
2020-03-28 18:22:26.203530	u/Lukas_narwhal	fls3h38	u/RepostSleuthBot	flrywx6	C
2020-03-28 18:22:37.265657	u/JayCola93	fls3hgy	u/wonderwah	fqpmw0	S
2020-03-28 18:22:54.347063	u/GLHOST	fls3hwt	u/imanali53938237	fls2eaa	C
2020-03-28 18:23:07.835071	u/Panmarmolada	fls3iab	u/Taco443322	flnsbxp	C
2020-03-28 18:23:14.806596	u/Gamerschoice	fls3ili	u/scoopywoopy123	flrys1d	C
2020-03-28 18:23:41.218211	u/ShybyPEW	fls3j8z	u/gabe_cruz98	flryzvh	C
2020-03-28 18:23:49.191034	u/Snowpelt	fls3jkw	u/Xploiter_RBLX	fls32pi	C
2020-03-28 18:24:21.035751	u/vibing-asian	fls3kyg	u/Infra_Yeet	fls33hg	C
2020-03-28 18:24:35.651086	u/Meowser02	fls3lf2	u/fualtyzane	flq349p	C
2020-03-28 18:25:00.495567	u/dadshortss	fls3mlq	u/MyJelloJiggles	flrm4uq	C
2020-03-28 18:25:08.739638	u/ariaaalove	fls3n1o	u/fualtyzane	fls1vn8	C
2020-03-28 18:25:29.988602	u/josuking1	fls3noc	u/cursedaf69	flqzlhq	C
2020-03-28 18:25:31.959368	u/The-AR-Kid	fls3nqs	u/Deadpools_Poodle	fls3k8b	C
2020-03-28 18:26:01.237041	u/robthegingerninja	fls3p1u	u/racerfree	fls3avk	C
2020-03-28 18:26:09.246609	u/Lory0202	fls3pej	u/bigsurdeg	flr88bk	C
2020-03-28 18:26:11.161849	u/Alememepo	fls3pgh	u/Focus_Spirit	fldxqbx	C
2020-03-28 18:26:55.360731	u/Victoria_III	fls3rey	u/Jhqwulw	flrup6i	C
2020-03-28 18:27:23.258502	u/gameboyboy47262	fls3sy2	u/tanishvv	flrwnc3	C
2020-03-28 18:27:25.901452	u/ur_big_toe	fls3sza	u/CringeChilly	flrmoci	C
2020-03-28 18:27:27.599753	u/T0B1GrYpHu5	fls3t0c	u/dima_bljat_suka	fls3hx3	C
2020-03-28 18:27:31.864066	u/flat-earther69	fls3teu	u/RepostSleuthBot	fls3njm	C
2020-03-28 18:27:39.812744	u/Junkie0ass0	fls3u6p	u/MatKlassic	fls3gvh	C
2020-03-28 18:27:49.205136	u/Oliver2393	fls3uod	u/Noah_Salk	fqp49a	S
2020-03-28 18:28:20.270242	u/katyjethomas	fls3wqa	u/0jack_robinson0	flrxm01	C
2020-03-28 18:28:53.043502	u/backupterr	fls3yrf	u/bigbadbillyy	fls1laz	C
2020-03-28 18:29:02.637632	u/a_little_sunshine	fls3zv6	u/OwlBoiy	flrw0bn	C
2020-03-28 18:29:04.641340	u/animorph_t34	fls3zwb	u/crogameri	flrreoa	C
2020-03-28 18:29:09.160694	u/ghostftw5	fls40az	u/RandomName_21	fls2gom	C
2020-03-28 18:29:11.089962	u/Drcatnip25	fls40cm	u/racerfree	fls2fdc	C
2020-03-28 18:29:27.375232	u/okthennoobs	fls41fs	u/fualtyzane	flrwwrx	C
2020-03-28 18:29:30.225190	u/Why__Not___	fls41i3	u/fortheloveofakatosh	fls2aqf	C
2020-03-28 18:29:38.614362	u/poplk7	fls41wj	u/Emperor_O_Memes	fls3tyb	C
2020-03-28 18:29:39.628025	u/marimari382	fls41zj	u/TopMali	fls05ow	C
2020-03-28 18:29:51.330920	u/brolo420	fls433n	u/tanishvv	fls41e0	C
2020-03-28 18:29:56.594115	u/AreguIar	fls444c	u/Vextor1	fls2vfy	C
2020-03-28 18:30:33.411763	u/EspressoTheory	fls45wz	u/HorrorCst	fls16bx	C
2020-03-28 18:30:55.785449	u/kucotron	fls476a	u/Tyran_Cometh	flqmfgu	C
2020-03-28 18:31:01.729689	u/MostUniqueClone	fls479d	u/ss1st	fls2nje	C
2020-03-28 18:31:10.427776	u/ultralightdick	fls47fo	u/victorZ34	flrx4kw	C
2020-03-28 18:31:16.306562	u/the_shiny_guru	fls47qh	u/itsjordannh	flrx66v	C
2020-03-28 18:31:32.046494	u/Onemillionupvotes	fls48c6	u/ConfusedShibaInu	flrkrq4	C
2020-03-28 18:31:53.154570	u/southside5	fls49io	u/Jazzmim_999	flrtqua	C
2020-03-28 18:32:03.606943	u/jnasy	fls49xu	u/Hercules69Soul	flrtcwl	C
2020-03-28 18:32:25.425219	u/barknibba	fls4arl	u/Zero-88	fls3hjo	C
2020-03-28 18:32:47.782426	u/vaschenna	fls4bw0	u/RG7Plays	fls35h7	C
2020-03-28 18:33:10.412436	u/Ignitetheinferno37	fls4d7b	u/the_Hindri	flrme4v	C
2020-03-28 18:33:29.799989	u/DocMarlowe	fls4dvo	u/Xploiter_RBLX	fls3w24	C
2020-03-28 18:33:52.710374	u/GIVEMETHEBEEEENS	fls4ew0	u/RandomName_21	fls2gom	C
2020-03-28 18:34:00.449059	u/ashrlm	fls4f5v	u/Hephaestus_God	flrzlzi	C
2020-03-28 18:34:17.124401	u/Pandapoppin	fls4g3h	u/Zero-88	fls3hjo	C
2020-03-28 18:34:19.268829	u/mrcarrot9	fls4g3p	u/OwlBoiy	flrw0bn	C
2020-03-28 18:34:32.164343	u/superwolfie05	fls4gps	u/HayKd	fls3ahi	C
2020-03-28 18:34:43.422386	u/aidanpenner	fls4h6f	u/DutchBlob	fls0ve3	C
2020-03-28 18:34:57.462019	u/KillerMushroom67	fls4hrq	u/derdestroyer2004	fls29zd	C
2020-03-28 18:35:16.242344	u/JPoseyGrl	fls4iaz	u/milk_connoisseur23	flqnisu	C
2020-03-28 18:35:19.280864	u/BearPrice	fls4ic8	u/MostUniqueClone	fls479d	C
2020-03-28 18:35:22.534755	u/Colonelbuzzard	fls4ifb	u/CasperDinFar	fls1xlh	C
2020-03-28 18:35:32.878046	u/Hikapoo	fls4j6c	u/Tiny_Try	flrstcl	C
2020-03-28 18:35:44.672159	u/butt3ryt0ast	fls4jyo	u/DeathToTheFalseGods	fls3564	C
2020-03-28 18:36:01.515043	u/Quiet-As-Mouse	fls4lmt	u/fualtyzane	flpty9e	C
2020-03-28 18:36:17.058279	u/TheAirNomad11	fls4m3e	u/HedleyLamarr91	fls0832	C
2020-03-28 18:36:20.322528	u/Zero_Final	fls4m7m	u/ILoveRedRobin69	fls3bdl	C
2020-03-28 18:36:27.068724	u/Richie-117	fls4mwb	u/TheKharjo	fls0pq1	C
2020-03-28 18:36:31.886396	u/IChugAntiFreeze	fls4nca	u/Pill_U	fls4451	C
2020-03-28 18:36:41.511148	u/StuckInAtlanta	fls4ny5	u/Personality__Champ	fls2uha	C
2020-03-28 18:36:48.260798	u/SovietSiamese	fls4o4z	u/Xploiter_RBLX	fls3yh4	C
2020-03-28 18:36:57.323121	u/BorkBorkImmaDork	fls4obr	u/Emperor_O_Memes	fls4eeq	C
2020-03-28 18:37:05.468766	u/pp__rat	fls4oow	u/ur_big_toe	fls3nte	C
2020-03-28 18:37:11.363054	u/Lunatic335	fls4ox7	u/GatWer	fls0tog	C
2020-03-28 18:37:16.671201	u/Scriptweilder	fls4p01	u/Tiny_Try	flrxlit	C
2020-03-28 18:37:26.047052	u/MooseMason_Turbo	fls4p5a	u/Diamantazul	flqulk9	C
2020-03-28 18:37:41.404136	u/maxbajan	fls4ptt	u/highermeme	flrmy4m	C
2020-03-28 18:37:43.115947	u/ActuallyYoYo	fls4pud	u/fualtyzane	flrw2i7	C
2020-03-28 18:37:47.050688	u/L0rd_Tater	fls4pz2	u/dgrif3209	flqgqxn	C
2020-03-28 18:37:48.717762	u/Vadimpje	fls4pzr	u/DangerousHeadhunter	fls4koa	C
2020-03-28 18:37:57.230864	u/j0Jo_	fls4qj5	u/StockCar44	flrzce7	C
2020-03-28 18:38:09.285941	u/BiggieTaggus	fls4r68	u/AutoModerator	flrkee8	C
2020-03-28 18:38:13.426706	u/JoaoGabrielTSN	fls4rb2	u/ToMbOyErSs	fls258o	C
2020-03-28 18:38:17.112210	u/billnyetheflyguy69	fls4rgm	u/Respect_Paying_Bot	fls14kt	C
2020-03-28 18:38:41.238413	u/ianc27	fls4sig	u/cerealcat2020	flrnnbr	C
2020-03-28 18:38:44.541423	u/tubeweeklyYT	fls4snx	u/AutoModerator	flqiafq	C
2020-03-28 18:38:46.116912	u/_YellowSunflower	fls4so4	u/DontFeedTheCynic	flroydu	C
2020-03-28 18:38:48.218507	u/victim_of_luigicide	fls4stj	u/_Bentx_	fls0qdx	C
2020-03-28 18:38:50.334896	u/darrelschille	fls4swv	u/Johnduck15	fls3ruq	C
2020-03-28 18:38:55.359155	u/Fancy26	fls4t2d	u/Pimmy009	fls0tq8	C
2020-03-28 18:38:59.417371	u/dawdishindeed	fls4tdz	u/CDN_Shadow	fls364c	C
2020-03-28 18:39:17.914238	u/SuchAJoey	fls4v1b	u/Hephaestus_God	flrzlzi	C
2020-03-28 18:39:49.749938	u/Depression-Boy	fls4xxd	u/lakeocean	fls3m60	C
2020-03-28 18:40:37.329511	u/aaror874	fls50lj	u/mrsuns10	fls4cfr	C
2020-03-28 18:40:40.855828	u/somerandomguy711	fls50sn	u/benjocaz	fls4yvf	C
2020-03-28 18:40:45.748683	u/BlackEliManning	fls50yj	u/ILoveRedRobin69	fls3bdl	C
2020-03-28 18:41:06.816387	u/willyj_3	fls51x4	u/ConThePc	flrphz0	C
2020-03-28 18:41:19.560761	u/grunkymonke	fls52fz	u/CorruptedEither	fls4wkv	C
2020-03-28 18:41:40.109462	u/RamboGoesMeow	fls5361	u/mrsuns10	fls4cfr	C
2020-03-28 18:41:49.585085	u/countryrox	fls53qt	u/fualtyzane	flpreco	C
2020-03-28 18:41:55.228442	u/just-a_guy_on_reddit	fls53zi	u/benjocaz	fls4qen	C
2020-03-28 18:42:05.740167	u/preston811	fls549v	u/barknibba	fls4gm6	C
2020-03-28 18:42:21.925525	u/Tamehhh	fls54z4	u/victim_of_luigicide	fls4stj	C
2020-03-28 18:42:29.819278	u/its_the_Abcs	fls552h	u/nightcrawler12233	fllittg	C
2020-03-28 18:42:43.607821	u/LindKoxha	fls55lt	u/Xploiter_RBLX	flrx1j0	C
2020-03-28 18:43:01.239642	u/Qualades	fls561f	u/Xploiter_RBLX	fls1lp0	C
2020-03-28 18:43:03.425968	u/FantasticGear	fls561s	u/Johnduck15	fls3ruq	C
2020-03-28 18:43:34.422074	u/LirianSh	fls57b8	u/racerfree	flrhg67	C
2020-03-28 18:43:45.657695	u/BabyDude5	fls580h	u/TAPTITANS3	flrzgxk	C
2020-03-28 18:43:54.769957	u/MapledMoose	fls589o	u/Carpe-Noctom	flra7p0	C
2020-03-28 18:44:15.478550	u/ZEGEZOT	fls58w0	u/BoBotija	fls27qj	C
2020-03-28 18:44:18.755600	u/antimatterdemon	fls58yw	u/blacka1rforceRuto	flrlk7o	C
2020-03-28 18:44:23.759189	u/SokratisJ	fls592t	u/nohilary	fqncpe	S
2020-03-28 18:44:27.026951	u/pie2255	fls5972	u/AutoModerator	flr7xuk	C
2020-03-28 18:44:33.281766	u/mlyin	fls59on	u/fualtyzane	flrsnjd	C
2020-03-28 18:44:35.415400	u/Frosty1191	fls59pv	u/Johnduck15	fls3ruq	C
2020-03-28 18:44:43.381569	u/therealdogemaster	fls59xy	u/Unexpected_Shrew	fls55zd	C
2020-03-28 18:45:06.910862	u/ZeCarbonMage	fls5b26	u/Kind-Pop	fl3zlqu	C
2020-03-28 18:45:10.044649	u/DuelistxLegend	fls5b6o	u/_Progamerbutpoor_	flq7vxg	C
2020-03-28 18:45:30.431999	u/qatamat99	fls5cl7	u/s1ibedr1ll	flrxsta	C
2020-03-28 18:45:34.499700	u/Thereal_Mistake	fls5crt	u/notnotavirginnot	fls1fnh	C
2020-03-28 18:45:45.634305	u/unknownfarmer1221233	fls5d9b	u/CasperDinFar	fls1xlh	C
2020-03-28 18:45:47.682187	u/Sedy_D	fls5ddy	u/RepostSleuthBot	flryy4q	C
2020-03-28 18:46:07.978737	u/YiKeS-LoRd	fls5ee6	u/thingamabeb	fls56nm	C
2020-03-28 18:46:11.012424	u/TweedleNeue	fls5eli	u/hangryhooman311	fls1y10	C
2020-03-28 18:46:13.981940	u/ChadTheAlien	fls5en9	u/poelseskideren27	fls5d2w	C
2020-03-28 18:46:15.972110	u/BeanoBlox	fls5eog	u/yuuzernaem	fls4hvd	C
2020-03-28 18:46:28.437156	u/irismadsworth	fls5flf	u/LegendBladerTV	fls558a	C
2020-03-28 18:46:41.964133	u/DudeMcGuy1477	fls5fz5	u/UntakenUntakenUser	fls52im	C
2020-03-28 18:46:51.643554	u/PoorlyLitKiwi2	fls5gk5	u/RamboGoesMeow	fls5361	C
2020-03-28 18:47:00.146032	u/AziPloua	fls5h1a	u/Respect_Paying_Bot	fls0l5h	C
2020-03-28 18:47:23.236466	u/trevorium117	fls5i1s	u/dr_tdm1	fls3fya	C
2020-03-28 18:47:35.814768	u/AssIWasEating	fls5iht	u/itzdacks	fls4wsk	C
2020-03-28 18:48:30.173757	u/MikeHuntIsLovely	fls5l1y	u/Xploiter_RBLX	flrvwgn	C
2020-03-28 18:48:39.898769	u/TJ_234	fls5leu	u/achillea666	flrp51d	C
2020-03-28 18:49:00.933158	u/PH4nToMiC	fls5m72	u/Emperor_O_Memes	flru5he	C
2020-03-28 18:49:21.094574	u/KashiTake14	fls5n1q	u/MyJelloJiggles	flrls6v	C
2020-03-28 18:49:26.459780	u/yeeterboi6969888	fls5n6e	u/lildarkienugga	flrz949	C
2020-03-28 18:49:41.700444	u/AceofSpades913	fls5nqg	u/lars_huufke	fls31f9	C
2020-03-28 18:49:46.568757	u/NewVeniceRepublic	fls5obh	u/GrouchyCatisFat	fls4zvk	C
2020-03-28 18:49:50.174268	u/NetherKing5555	fls5okd	u/yAbOi_MeMeLoRd	flrjjhs	C
2020-03-28 18:49:54.735309	u/BleachYourEyes	fls5oth	u/TheBananaToucan	fls1pe4	C
2020-03-28 18:50:02.703700	u/ThePickle2419	fls5pk9	u/EspressoTheory	fls45wz	C
2020-03-28 18:50:06.321546	u/theBigBrain95	fls5pq6	u/mohaee	flrogbh	C
2020-03-28 18:50:34.057332	u/RustyRoseBush	fls5qmu	u/steadfastyak	flrymvq	C
2020-03-28 18:50:56.731554	u/mackmickpalmer1	fls5rn4	u/aprenticeNut	flrw1s1	C
2020-03-28 18:51:40.715997	u/gamingboy246	fls5tht	u/SirisIB01	flrl7ci	C
2020-03-28 18:51:43.001635	u/kidves	fls5thx	u/unclerico589	flrgpr1	C
2020-03-28 18:51:47.611633	u/JimYio	fls5tke	u/OpalRuohou	fls114g	C
2020-03-28 18:51:50.948469	u/CoffeeDealer99	fls5tmf	u/BrandoMendo	fls59c9	C
2020-03-28 18:52:20.309867	u/Hippity_hoppity2	fls5vb4	u/UUYTK	fls4qug	C
2020-03-28 18:52:25.572698	u/MrFlerpelNerps	fls5vi9	u/flash9o7	fls5s6l	C
2020-03-28 18:52:32.216546	u/InnerMousse7	fls5vrt	u/leko-baye	flqmhdd	C
2020-03-28 18:52:37.752342	u/WafflesAndMarbles	fls5w0u	u/tanishvv	flrwy9v	C
2020-03-28 18:52:43.351712	u/17elickcl	fls5w7c	u/mrsuns10	fls5l2r	C
2020-03-28 18:53:13.987009	u/Deemo_101	fls5wxo	u/fualtyzane	flrwhe8	C
2020-03-28 18:53:23.329687	u/hey-im-potioneer	fls5x87	u/RG7Plays	fls35h7	C
2020-03-28 18:53:25.530941	u/JustAPuddleOfWater	fls5x8q	u/dadbodtyler	fls5bqo	C
2020-03-28 18:54:12.870097	u/bigfeetsmallpp	fls5zk7	u/Meowser02	fls3r19	C
2020-03-28 18:54:14.967076	u/Zangetsu88	fls5zkp	u/XenoGiru	flqx1j4	C
2020-03-28 18:54:30.252368	u/killjoyforever	fls60cl	u/Tbnrcactus02	fls5yv9	C
2020-03-28 18:54:43.496274	u/Almost-Alice-	fls60t7	u/JimankyGaming	flrtf7m	C
2020-03-28 18:54:59.320610	u/brynnbf	fls61dj	u/BulldogDX05	fls5yxv	C
2020-03-28 18:55:09.262164	u/bfguitar24	fls61yg	u/Rivy77	flrxc3j	C
2020-03-28 18:55:46.826163	u/Gorrila_Doldos	fls63hu	u/magikchikin	flrwzei	C
2020-03-28 18:55:48.768822	u/btuve	fls63im	u/tanishvv	flrh87q	C
2020-03-28 18:55:54.496598	u/Codfish212th	fls63z2	u/Tyran_Cometh	flr92ib	C
2020-03-28 18:56:11.656997	u/cum4697	fls64vd	u/Rokot_RD-0234	fls09vd	C
2020-03-28 18:56:41.490460	u/deccun	fls66bq	u/lube-in-da-tube	fls577f	C
2020-03-28 18:56:43.309972	u/MarleaF	fls66cw	u/kiwikiviboi	fls64de	C
2020-03-28 18:56:48.792727	u/Unrobotable	fls66sp	u/SovietSiamese	fls4wvp	C
2020-03-28 18:56:54.186595	u/Jetswampert13	fls678f	u/RepostSleuthBot	fls655i	C
2020-03-28 18:57:13.761554	u/imma_rage_quit12	fls68up	u/LegendBladerTV	fls558a	C
2020-03-28 18:57:23.478214	u/acroporaguardian	fls699y	u/dadbodtyler	fls5xh3	C
2020-03-28 18:58:08.548628	u/BatDudeCole20	fls6cf3	u/AziPloua	fls5h1a	C
2020-03-28 18:58:10.193872	u/BANG-JP	fls6cl5	u/dadbodtyler	fls5bqo	C
2020-03-28 18:58:39.471375	u/Rexnefx_	fls6elm	u/be-gon-boomers	fljqa2i	C
2020-03-28 18:58:59.702941	u/crazyman3561	fls6g4c	u/southside5	fls6dfj	C
2020-03-28 18:59:10.330864	u/JimmyVictus_OwO	fls6gxz	u/AxleGearThylacine	flroddj	C
2020-03-28 18:59:15.652094	u/Jasonberg	fls6h7f	u/17elickcl	fls5w7c	C
2020-03-28 18:59:25.821707	u/SituatedGate	fls6hy0	u/Colonelbuzzard	fls4ifb	C
2020-03-28 18:59:26.979597	u/Matoobatona	fls6hy8	u/Real_Thanos	fls5fyj	C
2020-03-28 18:59:36.508398	u/handymanny6	fls6iuu	u/RepostSleuthBot	fls6gkq	C
2020-03-28 18:59:37.531538	u/harley_the_leo	fls6iux	u/joku_vaa	fls6hwt	C
2020-03-28 18:59:40.145280	u/immaloafofbread	fls6j3l	u/joku_vaa	fqucmr	S
2020-03-28 18:59:51.971945	u/makikaa	fls6kmo	u/memeknight02	flrv1xt	C
2020-03-28 18:59:54.809325	u/Randommathgeek	fls6kzh	u/Diamantazul	flqulk9	C
2020-03-28 18:59:55.514969	u/Sir___LionHeart	fls6l11	u/Emperor_O_Memes	fls5j4u	C
