2020-04-03 16:00:11.182312	u/I_came_from_uranus	fmcdgff	u/TheGuardianWhoStalks	fmcddik	C
2020-04-03 16:00:15.686901	u/tacosrockandrockets	fmcdgnu	u/Shaggy_AF	fmc9xci	C
2020-04-03 16:01:08.208048	u/Lihamkaas	fmcdi32	u/FoniasTodoroki	fmcddj2	C
2020-04-03 16:01:38.892538	u/stelllnik	fmcdjfa	u/Mrs_steal_yo_eggs	fmb71l5	C
2020-04-03 16:01:58.200609	u/ebaer2	fmcdk8m	u/TheGuardianWhoStalks	fmcddik	C
2020-04-03 16:02:00.477740	u/Anal-Futanari	fmcdk91	u/Sniaght	fmbemal	C
2020-04-03 16:02:17.065950	u/sweetsauce42	fmcdkmc	u/Poopkillio	fmcb026	C
2020-04-03 16:02:32.026007	u/Nolofen	fmcdlhq	u/itshard2pickusername	fmccnr5	C
2020-04-03 16:03:20.560832	u/j3matthews	fmcdn9q	u/drawingdogs	fmcdao2	C
2020-04-03 16:03:56.860206	u/low-end-surfer	fmcdovq	u/okandy03	fmbribb	C
2020-04-03 16:04:19.380363	u/Ryanio90	fmcdq30	u/i_am_not_living	fm0y3nb	C
2020-04-03 16:04:55.084010	u/saqla1n	fmcdrqa	u/KMS_Prinz-Eugen	fmbhc1u	C
2020-04-03 16:05:22.110796	u/eddzem	fmcdtl0	u/Masinary	fmccm6b	C
2020-04-03 16:05:46.159881	u/33ski	fmcduo3	u/Bierbart12	fmbblx6	C
2020-04-03 16:05:56.009682	u/abjbreal	fmcdv94	u/gamer_exe	fmcbp1n	C
2020-04-03 16:06:05.516434	u/gccosta98	fmcdvrl	u/lilchonk69	fmcdsws	C
2020-04-03 16:06:07.526347	u/jj_autos	fmcdvvq	u/ParkerJohnson666	fmcbngy	C
2020-04-03 16:06:16.192568	u/Muset13	fmcdw7b	u/JPmax4	fmcdrxu	C
2020-04-03 16:06:45.595094	u/Goreshuvvel	fmcdxop	u/Ryan8088	fmbhq5j	C
2020-04-03 16:06:49.296217	u/mapuhkan	fmcdxzd	u/kcp131	fmccd8h	C
2020-04-03 16:07:05.656792	u/FruitierGnome	fmcdye8	u/Mosixxy	fmbhhy2	C
2020-04-03 16:07:18.158933	u/Bigsmokeisgay	fmcdyva	u/Nrkkred	fmaufzb	C
2020-04-03 16:07:36.570837	u/clerksfanboy	fmcdz92	u/BankruptPositivity	fmbgkdo	C
2020-04-03 16:07:41.859979	u/Levitheboi123	fmcdzi6	u/heyguysitsbrian	fmayi13	C
2020-04-03 16:08:03.171357	u/Vodcarl	fmce0a4	u/blaise-789	fmackgm	C
2020-04-03 16:08:17.354063	u/stefo29	fmce0ys	u/ulikebigmen	fmcbbrc	C
2020-04-03 16:08:48.931229	u/I-aintno-thot	fmce2gc	u/KitKatHat537	fmbl6fk	C
2020-04-03 16:08:57.898903	u/09_frog_boy	fmce30p	u/lilchonk69	fmccqnq	C
2020-04-03 16:09:15.154325	u/fuckpeta243	fmce438	u/poorly_timed_fuck	fmcb7xx	C
2020-04-03 16:09:46.955015	u/Galbatorixxx	fmce5ws	u/swerzy206	fmce4hc	C
2020-04-03 16:09:55.601285	u/vegetarianlions	fmce6xg	u/PS_GAMER31	fmce0s8	C
2020-04-03 16:09:59.379152	u/Xjsufusihdgfh	fmce7hi	u/oBi_wAN_kENoBI______	fmbux5h	C
2020-04-03 16:10:08.535217	u/Somethingyeah2224	fmce85z	u/mixttime	fmcdmfz	C
2020-04-03 16:10:59.472240	u/infinit_energy	fmce9u9	u/i_like_miniwheats	fmbmfx5	C
2020-04-03 16:11:15.392622	u/MezziJ	fmceags	u/PopMyEyess	fmcbyo1	C
2020-04-03 16:11:47.392500	u/yeetboi_dangerous	fmcebdg	u/BlueCrowNN	fmbyqlj	C
2020-04-03 16:12:00.466839	u/Aquila_Hohenheim	fmcebvi	u/daw25252525	fm9xhtz	C
2020-04-03 16:12:13.527315	u/ZackAttack227	fmcec3m	u/Kolikoasdpvp	fmce6q8	C
2020-04-03 16:12:31.805293	u/simplecripp	fmcecsq	u/Xploiter_RBLX	flrx1j0	C
2020-04-03 16:12:51.671377	u/Mouth-Breather-	fmceda6	u/Plantixx	fmamjp6	C
2020-04-03 16:13:53.529145	u/Spankh0us3	fmcefkn	u/Poopkillio	fmcd6ub	C
2020-04-03 16:14:55.272812	u/Skarff_Femboy	fmcehsd	u/BossVoyage12317	fmbeihs	C
2020-04-03 16:15:00.988453	u/wonstrebornivek	fmcehvf	u/boomgoesthevegemite	fmcbapb	C
2020-04-03 16:15:11.307370	u/purplebandaids	fmceigh	u/howtobearetard	fmbptha	C
2020-04-03 16:15:14.227516	u/Emeraldeye419	fmceiiy	u/KingProMemo123	fmccpti	C
2020-04-03 16:15:42.509611	u/ClamPuddingCake	fmcejcb	u/SurelyAnxious	fmc1gpy	C
2020-04-03 16:15:58.287426	u/NarcoticsConnoisseur	fmcekfm	u/memes_for-the_win	fmc4uk0	C
2020-04-03 16:16:16.124773	u/dunkmasterdrave	fmcekor	u/dovedevic	fm5k7j	S
2020-04-03 16:16:29.528233	u/mlgterminator123	fmcel9e	u/cocofizzy	fmcdf1o	C
2020-04-03 16:16:49.038001	u/yo-das-cringe-bro	fmcemni	u/sawdust_4	fmc7cqi	C
2020-04-03 16:17:00.543159	u/Mab494	fmcemzp	u/black-creeper-gaming	fmc0t29	C
2020-04-03 16:18:09.274823	u/lucas_flyguy	fmceq1v	u/fuckpeta243	fmce438	C
2020-04-03 16:18:18.669872	u/Thebestporsche	fmceqo5	u/TDS755	fmc0kon	C
2020-04-03 16:18:46.772488	u/freddy_plays_csgo	fmceruj	u/stefo29	fmce0ys	C
2020-04-03 16:19:02.521797	u/just-a-fanboi	fmcesel	u/dark_brink_035	fmceraq	C
2020-04-03 16:19:05.228752	u/That_OneGamerYT	fmcesgc	u/Blue_The_Silkwing	fmc50gx	C
2020-04-03 16:19:35.597735	u/coffeemist90881	fmcev0i	u/_jun_yi_	fu9r6q	S
2020-04-03 16:19:56.150753	u/devilishrambo	fmcewq1	u/Final-Hawk	fmaqa6a	C
2020-04-03 16:19:57.331539	u/performatrim	fmcewu3	u/watschnchef	fu4uz6	S
2020-04-03 16:20:36.232163	u/BATMANTheLord	fmceyeu	u/Drewsophila	fmbck4s	C
2020-04-03 16:20:49.244093	u/MrVidin	fmceytr	u/MrGatsbyy	fmcewby	C
2020-04-03 16:20:55.869446	u/technothesheep	fmceyyr	u/Olly-barnes	fmceuy3	C
2020-04-03 16:21:21.885271	u/Vivo106	fmcezty	u/gruby814	fmc96jp	C
2020-04-03 16:22:49.373385	u/cyber-satan	fmcf3o3	u/Appiemakker	fmcd9fb	C
2020-04-03 16:23:05.808932	u/korvo_true	fmcf4in	u/LetTheGopnikSleep	fmcdv5e	C
2020-04-03 16:23:16.220284	u/DJ_CantPickAGoodName	fmcf4oa	u/youronlyfbiagent	fmcctrw	C
2020-04-03 16:23:20.765661	u/Dont_hurt_me_Hammer	fmcf4t1	u/DFedotov	fmc8emh	C
2020-04-03 16:24:01.267513	u/FunFeetMan	fmcf62q	u/PurpleFire337	fmccesq	C
2020-04-03 16:24:30.948355	u/CyborgUnleashed	fmcf7jc	u/kcp131	fmcdpob	C
2020-04-03 16:24:57.402716	u/del_dee	fmcf8ig	u/A-maze-ing_Henry	fmc4hgl	C
2020-04-03 16:25:07.769200	u/Cookie_Dodger	fmcf8tr	u/BobbaDeHobba	fmc9ql1	C
2020-04-03 16:26:29.927701	u/Gabriel_Lutz	fmcfcwu	u/Topiz2000	fmces1t	C
2020-04-03 16:26:41.499209	u/furtherupfurtherin	fmcfd38	u/-pomnuria-	fmbtb6e	C
2020-04-03 16:27:31.217962	u/yeetoof3000	fmch4ni	u/kaaxam0	fmch2d0	C
2020-04-03 16:27:46.949697	u/saugat9999	fmch5f2	u/scps53770	fmcdsz1	C
2020-04-03 16:28:02.865163	u/KrappaL0L	fmch625	u/randomguywithmemes	fmcgyq8	C
2020-04-03 16:28:22.600803	u/VD3NFS1216	fmch6k7	u/Nolofen	fmcdlhq	C
2020-04-03 16:28:24.923693	u/joeyishar	fmch6kn	u/The-Decomposed-Rose	fmc6x11	C
2020-04-03 16:28:46.935411	u/IWantToDie50	fmch767	u/christout123	fmbglqg	C
2020-04-03 16:28:49.967359	u/VeryOddEvey	fmch7ku	u/anuanemik	fmcadhu	C
2020-04-03 16:29:08.050717	u/Halt_the_Ranger27	fmch89l	u/Hankee_	fmch2nw	C
2020-04-03 16:29:11.135845	u/Bustu	fmch8lm	u/M_y_t_hs	fmcgh2k	C
2020-04-03 16:29:47.577744	u/jools1234567	fmchcb2	u/V1PER_H20	fmch5us	C
2020-04-03 16:30:14.816966	u/reu4	fmchdue	u/_jun_yi_	fu8vml	S
2020-04-03 16:30:40.262793	u/Christiandus	fmchehl	u/ChrisTheGopher	fmc5cnm	C
2020-04-03 16:30:49.943278	u/SprinklyPear	fmchew5	u/smallboi42069	fmch9hx	C
2020-04-03 16:31:08.060862	u/Liberoniandcheese	fmchf81	u/theodyssey101	fmc4y2p	C
2020-04-03 16:31:20.717385	u/green1212121	fmchfk3	u/BWGamingkid	fm2k99v	C
2020-04-03 16:31:35.808674	u/Snykeurs	fmchg9k	u/smallboi42069	fmch9hx	C
2020-04-03 16:32:24.234858	u/yeetmello	fmchiff	u/GermanPanzer	fmce2wu	C
2020-04-03 16:32:44.716614	u/MCBananna	fmchjlx	u/MagicMonkey667	fmch1n4	C
2020-04-03 16:32:53.547023	u/papaoni420	fmchjwx	u/Goodfella_228	fmbjaxp	C
2020-04-03 16:35:06.437162	u/HolyKnighyArkteal	fmchp26	u/Marty7777713	fmcgw5x	C
2020-04-03 16:35:12.397627	u/MadYodaMemes	fmchp2f	u/Biersteak	fmcana2	C
2020-04-03 16:35:21.537019	u/erakat	fmchpfo	u/BabyDude5	fmcbbt5	C
2020-04-03 16:36:02.631516	u/aHumanWhoExists68888	fmchraj	u/kcp131	fmccd8h	C
2020-04-03 16:36:16.427569	u/FishOfSteel01	fmchs17	u/laxplayer26	fmc1jo0	C
2020-04-03 16:36:37.644637	u/RedditTimTheCoolOne	fmchsv7	u/BigBallerBButton	fmcc899	C
2020-04-03 16:36:44.792890	u/bubs1996	fmcht56	u/l0net1c	fmcashp	C
2020-04-03 16:36:46.674361	u/Somebody_ugly	fmcht68	u/captianmarvelous	fmcbifc	C
2020-04-03 16:36:56.434594	u/dansandal	fmchtc1	u/jdodski	fmcelg3	C
2020-04-03 16:37:04.092710	u/KingTommmmy	fmchtmd	u/Magical-Hummus	fmbyu5n	C
2020-04-03 16:37:18.310734	u/Kong7126	fmchu82	u/GoronMafiaBoss	fmc44t5	C
2020-04-03 16:37:22.197081	u/Sassafras9696	fmchubi	u/TheGuardianWhoStalks	fmc6xpv	C
2020-04-03 16:39:30.277678	u/AlchemyJug	fmci0gg	u/Noyoureblind	fmao2du	C
2020-04-03 16:39:38.175124	u/HeavenllyDude	fmci0u3	u/Portal4life	fmchwnn	C
2020-04-03 16:39:39.715629	u/sniperpug128487	fmci0wz	u/yeetoof3000	fmch4ni	C
2020-04-03 16:40:00.187250	u/That-one-Riven-Main	fmci349	u/GameVirus_Awesome	fmc1r9q	C
2020-04-03 16:40:02.588180	u/ButterChunk56	fmci37e	u/Horcrux1412	fmc8v18	C
2020-04-03 16:40:19.767809	u/UnbareAlt	fmci3ib	u/dankmemer_42069	fmbvjw2	C
2020-04-03 16:40:37.054445	u/NotDadButHitler	fmci4ag	u/MCBananna	fmchjlx	C
2020-04-03 16:40:49.232575	u/donny126	fmci4m4	u/EatMyYaro	fmchzhm	C
2020-04-03 16:40:59.302062	u/deathray-toaster	fmci51w	u/randomguywithmemes	fmch72a	C
2020-04-03 16:41:04.797032	u/ChiChiMihn	fmci53f	u/Onemillionupvotes	fmcb9fy	C
2020-04-03 16:42:29.133056	u/hollowsfaith	fmci8v7	u/MajikToast79	fmc8o74	C
2020-04-03 16:43:27.475470	u/TekaDTO	fmciava	u/randomguywithmemes	fmchew8	C
2020-04-03 16:44:42.353816	u/brib33	fmcidtz	u/OstentatiousSock	fm9rctt	C
2020-04-03 16:44:52.582396	u/cchrishansen	fmcieec	u/Somebody_ugly	fmcht68	C
2020-04-03 16:46:11.997628	u/SimeonPetrov2	fmcii85	u/Billy_T_Wierd	fmcg3jb	C
2020-04-03 16:46:18.905670	u/endingwith07	fmciicp	u/Captain_Jorik	fmbxr8l	C
2020-04-03 16:46:35.284438	u/Deven_Patel7	fmciivv	u/tobymoto123	fmch89j	C
2020-04-03 16:47:00.547817	u/RandomDuddz	fmcijzg	u/Minigab748	fmbn2wn	C
2020-04-03 16:47:03.742433	u/FlankyJank	fmcik1g	u/not_A-_Cop	fmbnxxm	C
2020-04-03 16:47:54.547952	u/Sinosukelikesrammen	fmcimi3	u/not_A-_Cop	fmbnxxm	C
2020-04-03 16:48:05.857779	u/Frederic36	fmcimzf	u/Kong7126	fmchu82	C
2020-04-03 16:48:25.583738	u/PinkyShrimpy	fmcio6p	u/DrSkeptical	fmci39b	C
2020-04-03 16:48:44.190315	u/Vizreal	fmcip4i	u/LordBloodLad	fmcil2w	C
2020-04-03 16:48:59.011319	u/FerretPool	fmcipn3	u/annoying_ravenclaw	fmc42pa	C
2020-04-03 16:49:08.750151	u/imafishofjustice	fmciq10	u/LordBloodLad	fmcil2w	C
2020-04-03 16:49:12.937406	u/MustardIsFood	fmciq9v	u/Hanoiroxx	fmcf22e	C
2020-04-03 16:49:19.748195	u/SuccNecc	fmciqnv	u/FireRevolution	fmcclwf	C
2020-04-03 16:49:35.460783	u/lzmarfim37	fmcirt8	u/i-dont-realy-know	fmcioaa	C
2020-04-03 16:49:51.575745	u/Kurarinspade	fmcisr2	u/-FuckMeInTheAsshole-	fmc8um4	C
2020-04-03 16:49:52.552971	u/EmoKid001	fmcissh	u/George0320	fmcg5la	C
2020-04-03 16:50:04.574748	u/william-wonka69420	fmcitjo	u/hoodinipotato	fmcgyat	C
2020-04-03 16:50:52.334155	u/BoreRagnaroek	fmciv9d	u/hangryhooman311	fmcbpru	C
2020-04-03 16:51:56.464810	u/illevonynot	fmcixcq	u/urmomgaywow	fmbx4ox	C
2020-04-03 16:52:17.525873	u/Bice574602	fmciy7g	u/gduegdydu	fmc0ark	C
2020-04-03 16:52:44.943560	u/Cute-Dot	fmciyx8	u/marcuss95	fmcgd1n	C
2020-04-03 16:53:04.691837	u/CadianSoldier1345	fmcizsh	u/Evolution-is-a-fact	fmchcb9	C
2020-04-03 16:53:10.466865	u/tre_swift	fmcj04m	u/JosiahB8675	fmbkd9q	C
2020-04-03 16:53:45.243747	u/Dunno_Why	fmcj1qr	u/B1G_F00T	fmcgytd	C
2020-04-03 16:54:01.712805	u/SATANICMOTHERFUCKER9	fmcj27g	u/syrup05	fmc9ufg	C
2020-04-03 16:54:14.092600	u/LumpyAnteater	fmcj2j5	u/NoPostsHowMuchKarma	fmbya8c	C
2020-04-03 16:54:17.323655	u/Tim180803	fmcj2ke	u/RelativeBlindness	fmciwhn	C
2020-04-03 16:55:04.015769	u/Your_LocalIdiot	fmcj45y	u/Spinel588	fmciahr	C
2020-04-03 16:56:09.765127	u/tolgagger	fmcj75c	u/spazmodic-	fmbryan	C
2020-04-03 16:57:35.749247	u/Th3on3C	fmcjapb	u/OniOne_314	fmchtqt	C
2020-04-03 16:58:22.856462	u/folekin	fmcjcxq	u/CandyReddit69	fmcjbdr	C
2020-04-03 16:58:27.461051	u/balbobiggin	fmcjd5r	u/Halt_the_Ranger27	fmch0qn	C
2020-04-03 16:58:36.977347	u/Volusto	fmcjddl	u/Joey_Trap	fmb0p4w	C
2020-04-03 16:59:00.671177	u/HORNY_MIDGET_	fmcjeft	u/carti4730	fmcjb1t	C
2020-04-03 16:59:05.551059	u/Wesriedau	fmcjenu	u/Snarkofag1880	fmcj9bw	C
2020-04-03 16:59:20.030297	u/Testepoi	fmcjfez	u/HIPHEN12YT	fmchuoh	C
2020-04-03 16:59:22.138103	u/Gabble_Gummy	fmcjfgz	u/CryoDemise	fuf7o0	S
2020-04-03 16:59:30.374872	u/digitalbergz	fmcjfw7	u/thevenution	fmch4ik	C
