2020-03-26 12:01:02.613156	u/pier3047	flkce6o	u/Cheshire559	fljjy1w	C
2020-03-26 12:01:39.611719	u/CreepyFigure	flkcfcg	u/fezdispenser2019	flk1795	C
2020-03-26 12:01:50.342260	u/dansko91	flkcfnu	u/racerfree	flk6qb7	C
2020-03-26 12:02:16.014094	u/TheMorningReview	flkcgza	u/OneDerpyBoy	flk00z8	C
2020-03-26 12:02:22.702422	u/the_beanboi	flkch46	u/Screenname4	flk9myh	C
2020-03-26 12:02:27.159216	u/ChickenBoatMemerTime	flkch6q	u/ICU2D	flj5auq	C
2020-03-26 12:02:30.455242	u/I_am_n0t_a_r0b0ter	flkchbd	u/ohylkes	flk3th5	C
2020-03-26 12:02:42.063404	u/SolidLuck2k	flkchm2	u/memer2026	fljxi5v	C
2020-03-26 12:02:50.528423	u/AnonymousUser132	flkchr1	u/teflondonald1776	flk6twe	C
2020-03-26 12:03:02.589997	u/fallen_axe_shay	flkcic9	u/minecraftisthebest6	flk59pn	C
2020-03-26 12:03:27.500854	u/Migizille	flkcjaf	u/Svool_Gsviv_	flkc7jm	C
2020-03-26 12:03:40.309087	u/maxima2010	flkcjor	u/quesidilla65	flk8h82	C
2020-03-26 12:03:43.515923	u/matthew5623	flkcjt3	u/Hazardous1012	flk5hvk	C
2020-03-26 12:04:09.831563	u/NeegzmVaqu1	flkcklo	u/RepostSleuthBot	flkch51	C
2020-03-26 12:04:29.531460	u/Freljords_Heart	flkcl4e	u/guneetsac	flk3t0u	C
2020-03-26 12:04:32.780686	u/DrakHanzo	flkcl73	u/charles_mortel	fli2szm	C
2020-03-26 12:04:46.301917	u/darksidetaino	flkclny	u/TheUrbanXLegend	flj0vuu	C
2020-03-26 12:04:52.655946	u/BurningSpark090	flkclwr	u/annirosec	flka9o7	C
2020-03-26 12:05:21.776323	u/Joelfett1	flkcmq7	u/modern_problems	fljtj7p	C
2020-03-26 12:06:00.813586	u/really-tired-guy	flkco1o	u/TheSeer262	fljt19h	C
2020-03-26 12:06:16.642400	u/pocketpox	flkcoft	u/billybob_jr	flk9udh	C
2020-03-26 12:06:18.537706	u/malymiguel	flkcofk	u/Brokeasslobster	fljp2go	C
2020-03-26 12:06:43.786694	u/RTurnill	flkcp54	u/sweptchicken27	fli30ro	C
2020-03-26 12:06:47.533970	u/JudgedColtron	flkcpc9	u/not-mvh	flj22z4	C
2020-03-26 12:06:55.230864	u/dizzydude_85	flkcpjz	u/Brokeasslobster	fljxsqm	C
2020-03-26 12:07:10.476550	u/Hodeedo	flkcq04	u/404usernotfoundd	flkazyx	C
2020-03-26 12:07:12.269811	u/dodgydogs	flkcq29	u/racerfree	flkc931	C
2020-03-26 12:07:16.951953	u/ardaxxdd	flkcq8k	u/Goldenstripe5020	flk8kl8	C
2020-03-26 12:07:23.849368	u/I-work-at-McDos	flkcqdc	u/Toking_Ginger	flkbzqt	C
2020-03-26 12:07:25.800467	u/Rick_aka_Morty	flkcqdp	u/gazez	flk7e2n	C
2020-03-26 12:07:39.066994	u/dishayu	flkcr03	u/leo2k20	flkc7rl	C
2020-03-26 12:07:47.216011	u/1_million_sandwiches	flkcrbk	u/Quarterhour420	flk6bwd	C
2020-03-26 12:08:00.261061	u/Switcheroe	flkcs2w	u/DanyDud3	flkaw7o	C
2020-03-26 12:08:16.585428	u/skywalker0204	flkcsfk	u/Natjay06	flkc79w	C
2020-03-26 12:08:18.153801	u/The-dude-in-the-bush	flkcsho	u/XPCommonwealth	flkamar	C
2020-03-26 12:08:19.714471	u/jamescuteloot	flkcsik	u/YTDamian	flkbqqc	C
2020-03-26 12:08:25.740661	u/MindBlown66	flkcsrf	u/Nash_underscore	flkcmvm	C
2020-03-26 12:08:43.132270	u/teezy030	flkctea	u/NeoLone	flk5zzv	C
2020-03-26 12:08:47.258781	u/FishyMi	flkctna	u/Ultikiller	flkaz2i	C
2020-03-26 12:08:50.297407	u/ZERMproductions	flkctqv	u/Peteavidson	flk08rg	C
2020-03-26 12:09:13.484048	u/MsRonu	flkcurk	u/New_Welcome	flkchnw	C
2020-03-26 12:09:40.640283	u/EvilCheese69	flkcw88	u/Thunderious	flkcvik	C
2020-03-26 12:09:55.291464	u/Qrossiant	flkcxl7	u/Vpac_7000	flkcrjq	C
2020-03-26 12:10:00.287958	u/Charliethatweeb	flkcyk8	u/goldrake_995	flka34p	C
2020-03-26 12:10:13.948628	u/GamerMan4	flkcz0d	u/nate_schwartz	flk89ky	C
2020-03-26 12:10:30.706592	u/LVGalaxy	flkczpd	u/Pigpenlordofdirt	flh7092	C
2020-03-26 12:10:33.104356	u/TheToxicBeast	flkczpv	u/racerfree	flk74ju	C
2020-03-26 12:10:46.096367	u/majum100	flkd02f	u/Lusterkx2	flk5tpb	C
2020-03-26 12:11:10.617879	u/letsexplorereddit	flkd0p2	u/FZeti	flkcxz8	C
2020-03-26 12:11:30.026889	u/TheSwid27	flkd1h1	u/Maccheng	flk9o8j	C
2020-03-26 12:12:02.673834	u/wafflem1x	flkd2ds	u/majum100	flkcygu	C
2020-03-26 12:12:08.314971	u/DemiGodSergei	flkd2g6	u/HIROGO	flk6cf9	C
2020-03-26 12:12:14.025961	u/HoshangChatwani	flkd2n0	u/dishayu	flkcwzv	C
2020-03-26 12:12:20.576583	u/Stunning-Statement	flkd2qj	u/fallen_axe_shay	flkcic9	C
2020-03-26 12:12:39.309423	u/nazi-rat	flkd3vy	u/CreepyFigure	flkcfcg	C
2020-03-26 12:13:15.736146	u/spandex_in_Virginia	flkd585	u/ManiacleGoon	flk6cza	C
2020-03-26 12:13:19.100712	u/Waterhorse816	flkd5dd	u/shaggyjonny	fljqmug	C
2020-03-26 12:13:54.439334	u/xD4viDx	flkd6os	u/shaggyjonny	fljqmug	C
2020-03-26 12:13:57.572707	u/That_Guy545	flkd6qa	u/RepostSleuthBot	flkcipt	C
2020-03-26 12:14:22.117018	u/aa_shk	flkd79z	u/Dead_Anomaly	flk7ged	C
2020-03-26 12:14:32.666273	u/elite_kadimax2	flkd7qp	u/NIL_VALUE	flkbi86	C
2020-03-26 12:14:43.900631	u/kiwikiviboi	flkd83v	u/MAGIC_EYE_BOT	flk94gd	C
2020-03-26 12:15:08.436224	u/theyellowofzeegg	flkd8ud	u/lukspero	flkcndo	C
2020-03-26 12:15:34.541088	u/JammyBoii_77	flkd9rk	u/s1ibedr1ll	flk83ts	C
2020-03-26 12:15:37.495506	u/pleasegivemeagooduse	flkd9w6	u/Alexderott	flk6rmq	C
2020-03-26 12:15:50.147366	u/NijiPanda	flkda7u	u/CreepyFigure	flkcfcg	C
2020-03-26 12:16:03.387500	u/VillainousVivian	flkdamu	u/goldrake_995	flkcwgl	C
2020-03-26 12:16:05.344825	u/SauronsinofPride	flkdao1	u/mirocavian	flk56m9	C
2020-03-26 12:16:07.420950	u/advancedminer13	flkdaon	u/OwlBoiy	flk58kf	C
2020-03-26 12:16:15.174713	u/basecamp42	flkdb90	u/Tru_Drone_Videos	flkckvo	C
2020-03-26 12:16:52.659168	u/Random_Kind_Dude	flkdcy0	u/Tru_Drone_Videos	flkd4hm	C
2020-03-26 12:16:56.895716	u/Feral_Ghoul69	flkdd38	u/S-p-o-o-k-n-t	flkdbdc	C
2020-03-26 12:17:09.745321	u/Partybomber3214	flkddqp	u/meme_soapp	fljtsrh	C
2020-03-26 12:17:18.218624	u/ghostguy363	flkdeac	u/thememer32	fljjad9	C
2020-03-26 12:17:41.209588	u/mortis-polar-	flkdf11	u/TheSnootBooper24	flkao24	C
2020-03-26 12:17:56.221190	u/kurtified	flkdfor	u/NoJunkNoSouls	flk61dd	C
2020-03-26 12:18:04.292336	u/waveeyyyboiii69	flkdg3g	u/Pannenkoek420	flk4ohd	C
2020-03-26 12:18:15.581875	u/nantheman007	flkdghz	u/Commander_Shepard-_-	flkbnqn	C
2020-03-26 12:18:28.370975	u/Volcanic_Edris	flkdh1h	u/GamerJake888	flk19yn	C
2020-03-26 12:18:32.165380	u/UserNameChecksOut135	flkdh46	u/Sekof7	fljknkd	C
2020-03-26 12:18:37.435533	u/thewuffie	flkdhb1	u/Ghoultar5	flc5zzu	C
2020-03-26 12:18:53.468969	u/dosevsolodolo	flkdhva	u/AutoModerator	flkd2ph	C
2020-03-26 12:19:06.938997	u/OnlyTheBen223	flkdieb	u/GuyWhoEditsTemplates	flkc7hx	C
2020-03-26 12:19:10.852576	u/Squigger609	flkdil8	u/AutoModerator	flka55j	C
2020-03-26 12:20:28.762739	u/kaidok5797	flkdltu	u/Xploiter_RBLX	flkdbds	C
2020-03-26 12:20:59.984976	u/Darkcat9000	flkdmnp	u/elite_kadimax2	flkd7qp	C
2020-03-26 12:21:10.387889	u/_potential_username_	flkdmvj	u/Bmanyo69	flk4wv0	C
2020-03-26 12:21:43.421884	u/PinnSvinenErRund	flkewfo	u/Enhanced_35	fp9yc7	S
2020-03-26 12:21:58.562459	u/KhakiWearingJake	flkex0n	u/megalodon392	flhiwkp	C
2020-03-26 12:22:35.388752	u/bhuppi007	flkeymg	u/Pigpenlordofdirt	flh7092	C
2020-03-26 12:22:38.671193	u/TheBitchIsHere	flkeyoy	u/EmeraldThePro12	flk0a0x	C
2020-03-26 12:22:58.616901	u/iloveboobiesss	flkezb5	u/ACOGJager	flkbjtd	C
2020-03-26 12:23:07.935521	u/WeseltonDW	flkezpg	u/canyoueatchicken	fljsjs3	C
2020-03-26 12:23:10.135182	u/Kaguzaki	flkezp7	u/CurbKillaz	fljkwxc	C
2020-03-26 12:23:54.100006	u/mrbomb27	flkf0x7	u/Brokeasslobster	flkeyz3	C
2020-03-26 12:24:24.383014	u/Lord_and_Savior_123	flkf24e	u/AutoModerator	fljnfu9	C
2020-03-26 12:24:33.739214	u/Turtlejam9	flkf283	u/aa_shk	flkd79z	C
2020-03-26 12:25:08.944728	u/HighlandCamper	flkf3v9	u/racerfree	flk6oe3	C
2020-03-26 12:25:37.812679	u/Ultimatum500	flkf5ir	u/IronEddie19	fljikjy	C
2020-03-26 12:25:43.059760	u/XXXDreamKillerXXX	flkf5j9	u/racerfree	flhn88i	C
2020-03-26 12:25:45.967397	u/fancy_potatoe	flkf5ly	u/RepostSleuthBot	flkf0et	C
2020-03-26 12:25:47.967378	u/IcyLapras24	flkf5m2	u/AzoN-Oof	flkblu8	C
2020-03-26 12:25:51.938045	u/QuinnE12	flkf5s0	u/Anonymous9438558658	flkdlmm	C
2020-03-26 12:25:58.746382	u/65445663a	flkf5yi	u/racerfree	flke5bi	C
2020-03-26 12:26:08.916867	u/Mighty_Dighty22	flkf6c7	u/RepostSleuthBot	flk24ph	C
2020-03-26 12:26:25.924539	u/Erytzz	flkf6xr	u/RepostSleuthBot	flkf3nz	C
2020-03-26 12:26:34.086621	u/Ninshette	flkf79h	u/Gwen_Weasley	flk9vyp	C
2020-03-26 12:26:37.806267	u/youssef360	flkf7b8	u/elevmikasa	flk2z6b	C
2020-03-26 12:26:45.323907	u/Imjustheref0rmemes	flkf7h9	u/cameroo_n	flgqroo	C
2020-03-26 12:26:48.014706	u/NeviraDev	flkf7he	u/BuckRogersfanboy	flkb2ux	C
2020-03-26 12:27:09.106936	u/Fracktail-Reddit	flkf86x	u/racerfree	flke1np	C
2020-03-26 12:27:14.613510	u/CarriebouArt	flkf8c7	u/DaWhiteLight	flk4iaq	C
2020-03-26 12:27:32.766713	u/DragonWithAGuitar	flkf91r	u/yslnico	fljslki	C
2020-03-26 12:27:37.117816	u/ViktorVaughnLickupon	flkf94w	u/Vaibhavthat_atememes	flkewza	C
2020-03-26 12:27:42.299698	u/Tedbastion	flkf9lp	u/racerfree	flkendp	C
2020-03-26 12:28:20.821055	u/f0zzyguy	flkfau0	u/nobody384	flkf9le	C
2020-03-26 12:28:30.793659	u/ashleyhum	flkfb8b	u/racerfree	flkf0bm	C
2020-03-26 12:28:49.051139	u/Kollapsed20	flkfbzv	u/A-maze-ing_Henry	flk8z6d	C
2020-03-26 12:29:23.023927	u/bcd32	flkfdxg	u/racerfree	flkf3me	C
2020-03-26 12:29:32.118941	u/Silvergiant22	flkfes3	u/shaggyjonny	fljqmug	C
2020-03-26 12:29:41.177518	u/QuadtronautYT	flkffh5	u/YTDamian	flkbrrl	C
2020-03-26 12:29:44.665936	u/SensitiveReaction	flkffvf	u/BasicLilAcorn	flj44wb	C
2020-03-26 12:29:47.541616	u/goldox70	flkffzp	u/TheMishOfficial	flk9h6p	C
2020-03-26 12:29:51.116842	u/MrsSpaghettiNoodle	flkfg5u	u/racerfree	flkfcm7	C
2020-03-26 12:29:56.043911	u/that-one-guy69	flkfha0	u/Mage-of-Fire	flj56dp	C
2020-03-26 12:30:31.792594	u/animaldrum1015	flkfjil	u/WCP_IV	flkd1wo	C
2020-03-26 12:30:41.438307	u/ArrantOsprey	flkfjsg	u/-GiantSlayer-	flk5i4a	C
2020-03-26 12:30:43.802879	u/palgms	flkfjtn	u/shizeR45	flkemsi	C
2020-03-26 12:30:49.193260	u/hancarta	flkfk7v	u/fastAsFRICK7	flkf42p	C
2020-03-26 12:31:24.764925	u/king_wrass	flkfl3q	u/shaggyjonny	fljqmug	C
2020-03-26 12:31:28.327041	u/alottasodium	flkfl55	u/10101110101011010101	flkfaul	C
2020-03-26 12:31:41.510210	u/CosmicReaper7	flkflmv	u/Kodeine__Bryant	fljn7v1	C
2020-03-26 12:32:36.042195	u/MustopherGoochington	flkfnor	u/DOGGO9898989	flj9gku	C
2020-03-26 12:32:41.620889	u/hackurb	flkfntk	u/Cootie_Gamer_69	fljy5xk	C
2020-03-26 12:32:47.057919	u/daddy-is-here101	flkfnxu	u/PTFO_Sniper	flibcia	C
2020-03-26 12:32:56.292421	u/christout123	flkfo6r	u/AutoModerator	fljk80s	C
2020-03-26 12:33:05.922653	u/ix_immaduck	flkfokf	u/Volcanic_Edris	flkeh4c	C
2020-03-26 12:33:10.569689	u/Entercheesynamehere	flkfovr	u/Ract0r4561	flkarm7	C
2020-03-26 12:33:37.675477	u/ThePurpleFlamingoT	flkfpfd	u/realsuperguy199	flk0kk8	C
2020-03-26 12:33:43.324834	u/xi-jinpings-honeyjar	flkfpie	u/Protocol_101	flawcvu	C
2020-03-26 12:34:00.821844	u/Toxic_Syndicalist75	flkfq4s	u/leftshoelace136	flicsn4	C
2020-03-26 12:34:02.969131	u/H3lldream	flkfq53	u/shizeR45	flkejwe	C
2020-03-26 12:35:05.957541	u/redblueflame	flkfrxb	u/AutoModerator	fljy11v	C
2020-03-26 12:35:16.839904	u/leadnuts94	flkfs90	u/Speed212	flkbqmv	C
2020-03-26 12:35:19.844080	u/Justin_The_Fox2	flkfsh9	u/BitterPotato123	flinmdf	C
2020-03-26 12:35:34.031729	u/jytesh	flkfsv0	u/ImVeryDepressedd	flkfrpr	C
2020-03-26 12:36:05.707019	u/PocketNoodle53	flkfua0	u/10101110101011010101	flkeor8	C
2020-03-26 12:36:07.834366	u/Sebas223	flkfuba	u/racerfree	flkfs7r	C
2020-03-26 12:36:13.319563	u/HahaImDepressedOof	flkfuf2	u/Amser_the_Viet_Cong	flkc8k8	C
2020-03-26 12:37:00.911511	u/Aamir_parvez	flkfwce	u/10101110101011010101	flkfo5m	C
2020-03-26 12:37:10.453949	u/Kralithos	flkfwle	u/Cyanide696969	flj7dbz	C
2020-03-26 12:37:41.284095	u/tartarugaa	flkfxof	u/Rupertii	flk0csx	C
2020-03-26 12:37:43.738744	u/ww3veteranLevel99	flkfxrx	u/Dyl-McCy	flkfvfp	C
2020-03-26 12:37:56.800038	u/RandomlyThoughtName	flkfy27	u/shaggyjonny	fljqmug	C
2020-03-26 12:38:35.866681	u/KingGhostyGame	flkfzak	u/A2X-iZED	flk3iiw	C
2020-03-26 12:38:47.604868	u/AckeeSoup	flkfzjr	u/Draydaslay	fljza5x	C
2020-03-26 12:38:58.018736	u/CynicismWorshipper	flkg07w	u/Xploiter_RBLX	flkdg0u	C
2020-03-26 12:39:07.898700	u/Instagram_Offical	flkg0jg	u/Original_Name_420	flkcjlh	C
2020-03-26 12:39:24.127408	u/Mathias9091	flkg1an	u/Sinamyte	flk0bd4	C
2020-03-26 12:39:38.248283	u/bigbrain456	flkg25c	u/Luipsplays	flk9ele	C
2020-03-26 12:39:42.637093	u/superdonkey2	flkg2oh	u/S4J3R05	flkfw2b	C
2020-03-26 12:39:47.971387	u/Elithrus	flkg2ww	u/wadermeloun	flam21l	C
2020-03-26 12:39:56.202377	u/Huss20051	flkg36s	u/nobody384	flkfszl	C
2020-03-26 12:39:56.952461	u/Nebbstart	flkg39y	u/RepostSleuthBot	flk9yml	C
2020-03-26 12:40:28.676847	u/Brown_Eyed_Girl88	flkg44u	u/WoolWitchery	fljzipl	C
2020-03-26 12:40:51.876828	u/CaptainDolphin42	flkg4m3	u/pleasegivemeagooduse	flkd9w6	C
2020-03-26 12:41:21.260941	u/Red_Mayhem512	flkg5rd	u/AutoModerator	fljrxbq	C
2020-03-26 12:41:41.218300	u/god-tier-doggos	flkg6fx	u/Nutritious_plants	flj8uey	C
2020-03-26 12:42:31.882528	u/cesaaraso	flkg8db	u/Vaultboy474	flk3097	C
2020-03-26 12:43:09.653721	u/Scroll-Lord	flkg9no	u/goldrake_995	flkg8w5	C
2020-03-26 12:43:11.872904	u/MrDerpy8	flkg9o0	u/allthenamesareused06	flkfnpy	C
2020-03-26 12:43:27.117379	u/DrDravend	flkgabo	u/not_a_donut_guy	flkf2o0	C
2020-03-26 12:43:51.245534	u/Elmowithafuckinggun	flkgbih	u/uglydadd	flkff4d	C
2020-03-26 12:44:14.080698	u/dual_blaster	flkgc6m	u/real_doppelganger	fljs7xx	C
2020-03-26 12:44:44.483674	u/425degree	flkgdj5	u/NotAJInnit	fljofui	C
2020-03-26 12:45:07.382716	u/CanadianPine	flkge3u	u/Brokeasslobster	flkemgu	C
2020-03-26 12:45:12.440413	u/Hydoc_	flkge4r	u/Nate_Calman	flkfxr4	C
2020-03-26 12:45:16.337527	u/MeGustaBeni	flkgecx	u/ZERMproductions	flkdzzk	C
2020-03-26 12:45:39.485415	u/candyforfree	flkgfbn	u/elite_kadimax2	flkdtu6	C
2020-03-26 12:46:05.521943	u/samuelprouse	flkgga1	u/racerfree	flkfn0a	C
2020-03-26 12:46:11.962959	u/wealthycashier	flkgglc	u/TickleDuckFeathers	flkgd49	C
2020-03-26 12:46:32.294659	u/DusDaDon	flkholr	u/-GiantSlayer-	flk5i4a	C
2020-03-26 12:46:42.558792	u/austobravo	flkhp4y	u/pleasegivemeagooduse	flkd9w6	C
2020-03-26 12:46:52.646546	u/Niweera	flkhpjj	u/r3dcrayon	flkbvru	C
2020-03-26 12:46:54.666060	u/ramon0_0	flkhpkn	u/swarnim_38	flkhh5f	C
2020-03-26 12:46:56.541009	u/sleepy769	flkhpkt	u/Brokeasslobster	flkhext	C
2020-03-26 12:47:08.629097	u/elinek-	flkhq4q	u/HelloThereDrFreeman	flkftia	C
2020-03-26 12:47:11.300409	u/EliaTassoni	flkhqdp	u/Gubq	fl5lg0s	C
2020-03-26 12:47:16.361038	u/Rotorboy21	flkhqnz	u/memer2026	fljybfg	C
2020-03-26 12:47:20.565455	u/iigotsomething	flkhqt8	u/AllPowerfulPenguin	flkhgaq	C
2020-03-26 12:47:30.928055	u/Depression126	flkhr3y	u/pubghero	flkhoyi	C
2020-03-26 12:47:39.190727	u/pixlpainter	flkhrhq	u/TheReal_JimPickens	fljhkte	C
2020-03-26 12:47:58.142126	u/Rebecca_wonderland	flkhs30	u/Sekof7	fljknkd	C
2020-03-26 12:48:03.262916	u/ethntho	flkhsdf	u/Mobilfan	fljge9a	C
2020-03-26 12:48:14.262969	u/Luna_Moon777	flkht2k	u/clutchrocker	flkhljw	C
2020-03-26 12:48:42.353804	u/bmm115	flkhu4n	u/blacksheep281328	flkhbio	C
2020-03-26 12:48:54.967661	u/ilikenudes847	flkhuk9	u/canyoueatchicken	fljsjs3	C
2020-03-26 12:48:56.407910	u/voltik-jolt	flkhulm	u/racerfree	flkgk5v	C
2020-03-26 12:49:00.102936	u/noobkoder	flkhunu	u/Xploiter_RBLX	flkdg0u	C
2020-03-26 12:49:02.183089	u/princedann	flkhusd	u/sleepy769	flkhpkt	C
2020-03-26 12:49:15.200763	u/ANanyAKIN5	flkhvjj	u/racerfree	flkhidc	C
2020-03-26 12:49:26.931376	u/Elusive_Aubergine	flkhw7f	u/10101110101011010101	flkhv95	C
2020-03-26 12:49:49.030361	u/WllmDVeugl	flkhxlw	u/Keda_Keda	flkf288	C
2020-03-26 12:50:01.639168	u/Magiccorbin	flkhyt8	u/RepostSleuthBot	flke62b	C
2020-03-26 12:50:11.698758	u/Grographic101	flkhyzu	u/WeseltonDW	flkezpg	C
2020-03-26 12:50:23.607508	u/hanahilaly	flkhz8b	u/Future-Frost	flkg4mt	C
2020-03-26 12:51:07.972621	u/bruhwhy666	flki0if	u/WhipFrog	flg8x5j	C
2020-03-26 12:51:26.972915	u/GelsonBlaze	flki195	u/racerfree	flkhq38	C
2020-03-26 12:51:29.269114	u/ImmaPeeInYourAss	flki19g	u/racerfree	flkgjjq	C
2020-03-26 12:51:37.967482	u/SpecialistAddendum6	flki1h5	u/KMS_Prinz-Eugen	flkhhna	C
2020-03-26 12:51:47.672923	u/schopenhauersgoat	flki1nm	u/KubiX4	flkd1b6	C
2020-03-26 12:52:07.059811	u/TreClark	flki2dt	u/GouRouxCuber	flkhaey	C
2020-03-26 12:52:10.321858	u/FinlandFoughtRussia	flki2eg	u/Landurp	flkcn9t	C
2020-03-26 12:52:29.826742	u/tacobell_diearea	flki2wt	u/RepostSleuthBot	fljzku3	C
2020-03-26 12:52:59.974882	u/anime_crazy20	flki3ri	u/Cejaboy21	flki03u	C
2020-03-26 12:53:35.998847	u/kergin3	flki4kh	u/fualtyzane	flka22e	C
2020-03-26 12:53:38.399903	u/PresidentWise	flki4m8	u/Z_World_Of_Haneethra	flk1r3c	C
2020-03-26 12:53:51.356520	u/organic-potatoe	flki553	u/warptwenty1	fljqxtb	C
2020-03-26 12:54:44.381536	u/swiggityswooty1506	flki743	u/JacobNoodleSoup	flki157	C
2020-03-26 12:54:46.493803	u/xStayCurious	flki796	u/CarpetIsSoft	flixmbz	C
2020-03-26 12:55:09.008943	u/life-dream	flki7xd	u/Jawadude8	flkhpfn	C
2020-03-26 12:55:21.511867	u/heyitsbobwehadababy	flki89b	u/chrissyboy_0161	flkgwo4	C
2020-03-26 12:55:33.747419	u/DragoonurHD	flki8s0	u/CombatDylan	flkhmzo	C
2020-03-26 12:56:10.442492	u/DestinationFarked	flki9zp	u/layitdownrealquick	fljkb1w	C
2020-03-26 12:56:14.480305	u/extremeavYT	flkia1g	u/RepostSleuthBot	flki876	C
2020-03-26 12:56:20.636182	u/Volvodriver69	flkia60	u/Thereddittor314	flkh8dq	C
2020-03-26 12:56:26.044735	u/chitti1013	flkiaa6	u/typicalguy-was-taken	flk62ap	C
2020-03-26 12:56:30.640315	u/disconformity	flkiamr	u/badasshuh	flkhw2d	C
2020-03-26 12:56:32.503369	u/QuaaludeLove	flkian8	u/Bomot_Hel	fljueg7	C
2020-03-26 12:56:34.442140	u/Xxgiantsmasher34	flkiaso	u/kap21tain	flkc2h8	C
2020-03-26 12:56:36.838277	u/thatoneidiotwhodied	flkiau0	u/MAGIC_EYE_BOT	flki5mb	C
2020-03-26 12:56:42.869114	u/Dunebuggyboi	flkib4i	u/iigotsomething	flkhskx	C
2020-03-26 12:57:05.058054	u/aaryangamer100	flkic8v	u/idkbastacuteako	flk8t00	C
2020-03-26 12:57:15.053324	u/edgar-apples	flkicxt	u/shaggyjonny	fljqmug	C
2020-03-26 12:57:32.571152	u/superplush2102	flkidnf	u/Xploiter_RBLX	flkgfnx	C
2020-03-26 12:57:48.620478	u/AndrewOnReddit64	flkieiq	u/fumblinglink	fljuxuz	C
2020-03-26 12:58:45.973451	u/Vitovonburen	flkigjk	u/HIROGO	flk6l6z	C
2020-03-26 12:58:50.016420	u/ArmaPrime	flkignx	u/rwils926	fljzagn	C
2020-03-26 12:58:54.131356	u/GuyWithNoGudUsername	flkigso	u/AutoModerator	flkhkeg	C
2020-03-26 12:59:09.615719	u/AsharIsALegenD	flkihw9	u/mrpampersisgood	flkhtej	C
2020-03-26 12:59:20.165437	u/sayurinowan	flkiidt	u/Grundersmash	fljv0ix	C
2020-03-26 12:59:22.307409	u/charlesXpwnage	flkiijk	u/Instagram_Offical	flkg4wf	C
2020-03-26 12:59:50.151972	u/themapzor	flkiktz	u/RTurnill	flkig2d	C
