2020-03-28 06:00:22.250127	u/smellyhands1234	flqd4yq	u/_sam_mas_	flqb8s7	C
2020-03-28 06:00:55.729580	u/jasilea	flqd5mk	u/ZackAttack556	flqd2zi	C
2020-03-28 06:00:58.024899	u/EwusTV	flqd5om	u/Shadowfang78965	flpnl7d	C
2020-03-28 06:01:16.350224	u/SlipperyPotatoes	flqd68b	u/Althom08	floxut3	C
2020-03-28 06:01:41.622594	u/MiniAardappel	flqd6nw	u/STRADD838	flqc9vz	C
2020-03-28 06:01:53.584416	u/My_King	flqd7ao	u/Drdark65	flq4250	C
2020-03-28 06:02:42.493667	u/R3D_DR4G0N84	flqd8p3	u/BossJessie	flq6uer	C
2020-03-28 06:02:53.415423	u/EarthToAccess	flqd8wa	u/CesarGameBoy	flq7i80	C
2020-03-28 06:03:17.654102	u/NuchezB	flqd9gb	u/Agreeable_Contract	flqcvnh	C
2020-03-28 06:03:25.328357	u/maltesecitizen	flqd9rs	u/_sam_mas_	flqb8s7	C
2020-03-28 06:03:27.438133	u/ieatass335	flqd9rr	u/AnnoyedJames	flq9aej	C
2020-03-28 06:03:38.162532	u/2006pow	flqda34	u/_sam_mas_	flqb8s7	C
2020-03-28 06:03:57.284617	u/DutchWeedBall	flqdav7	u/roottoot69	flq2o1l	C
2020-03-28 06:03:59.387622	u/A_Yellow_Snowman1	flqdawy	u/redditlover2341	flqc7l4	C
2020-03-28 06:04:07.572673	u/Closerangel	flqdb59	u/thatoneweirdweeabo	flq9a25	C
2020-03-28 06:04:09.660265	u/BackupBro_	flqdb64	u/sasori1771	flqcudy	C
2020-03-28 06:04:26.753423	u/jayosda	flqdbl2	u/Matthewberg98	flqalq9	C
2020-03-28 06:04:33.117268	u/GravelGuy01	flqdbtz	u/genital_rot	flqcg30	C
2020-03-28 06:04:44.818511	u/llamamoss	flqdcah	u/ThiccFat	flqcr3t	C
2020-03-28 06:06:53.999139	u/shhiya	flqdf57	u/Patser21	flqcnir	C
2020-03-28 06:06:58.503318	u/Mo-Oh-No	flqdf9f	u/youalwayswin300	flq5caa	C
2020-03-28 06:07:14.153437	u/Sombrero-Man-	flqdftz	u/ThiccFat	flqcr3t	C
2020-03-28 06:07:28.752890	u/ViktorB19	flqdgd6	u/BearZombi	flq7vwy	C
2020-03-28 06:07:38.044998	u/Vissticks123	flqdgsj	u/RepostSleuthBot	flovks0	C
2020-03-28 06:07:40.888774	u/Patrick3DS	flqdgu6	u/-Alpha_Wolfz-	flqcf8d	C
2020-03-28 06:07:42.571998	u/mutticiu	flqdgvi	u/RepostSleuthBot	flq6jql	C
2020-03-28 06:08:17.016982	u/hasandiab14	flqdhwl	u/racerfree	flpr90v	C
2020-03-28 06:08:20.941838	u/shmepsi	flqdi1o	u/Raghav_J_Sankar	flpzucl	C
2020-03-28 06:08:22.442386	u/iamvinem	flqdi34	u/oo-d	flq9hwx	C
2020-03-28 06:08:49.906337	u/Magix800	flqdj94	u/lordbepsi777	flqcvml	C
2020-03-28 06:09:13.772783	u/iam64B	flqdjqv	u/AutoModerator	flq7e3k	C
2020-03-28 06:09:26.973047	u/_honeybeee_	flqdk38	u/Magix800	flqdj94	C
2020-03-28 06:09:31.544272	u/whothehellisjoe	flqdkjm	u/GayFeetus	flq9kb6	C
2020-03-28 06:09:39.956076	u/joshuaday1579	flqdkhi	u/ShadowGamer66642069	flmosro	C
2020-03-28 06:09:58.888708	u/melancholic_mango	flqdkzi	u/tropkis	fqfksb	S
2020-03-28 06:10:22.734095	u/Marshmallowboi0194	flqdlh8	u/JOHNTHEBUN4	flqd9sp	C
2020-03-28 06:11:26.802402	u/greycubed	flqdn7x	u/x122y	flqcf4z	C
2020-03-28 06:11:32.032598	u/apdett	flqdnhy	u/georgelamb1234	flqd3bh	C
2020-03-28 06:11:42.190195	u/SpinyCoin26	flqdnr7	u/STRADD838	flqbwgg	C
2020-03-28 06:12:05.167951	u/pantuwu	flqdoki	u/NotSoPhun	flpzcuo	C
2020-03-28 06:12:13.177159	u/no_tsure	flqdop5	u/hangryhooman311	flqdb66	C
2020-03-28 06:12:16.490871	u/ErandurVane	flqdora	u/Ze-Peaueno	flph9le	C
2020-03-28 06:12:26.824361	u/monalovescats	flqdox0	u/follettina420	flqdlv0	C
2020-03-28 06:12:40.838925	u/Amster567	flqdp9z	u/robin_joker	flqd0yh	C
2020-03-28 06:12:58.631137	u/_ruley	flqdpmf	u/febfreeze	flpo16u	C
2020-03-28 06:13:05.031514	u/pelmenitrash	flqdppl	u/RepostSleuthBot	flqbj8h	C
2020-03-28 06:13:10.924784	u/ahmedski	flqdpup	u/hangryhooman311	flqbx6a	C
2020-03-28 06:13:15.595074	u/123_im_anti_lgbt	flqdpwz	u/fualtyzane	flpn28h	C
2020-03-28 06:13:23.031456	u/instant_linoodle	flqdq3w	u/Blamblamthankyoumame	flo5170	C
2020-03-28 06:13:35.720555	u/iNoScopedJFK101	flqdqdj	u/MrRabinowitz	flq65hs	C
2020-03-28 06:13:39.992276	u/master_mipp	flqdqh5	u/UhmNotMe	flq9184	C
2020-03-28 06:13:54.035189	u/El-PepeYT	flqdqth	u/DamCore568	fqhd5k	S
2020-03-28 06:14:00.261208	u/princessluness	flqdr48	u/fualtyzane	flpb4ep	C
2020-03-28 06:14:11.358340	u/Weebus69	flqdrh6	u/RepostSleuthBot	flqdkxa	C
2020-03-28 06:14:29.712366	u/Kurt-Payne	flqdry0	u/whoisyourmaster	flqbcvt	C
2020-03-28 06:14:56.220389	u/NatNat664	flqdswj	u/HoneyCreamSoda	floqba9	C
2020-03-28 06:15:00.647487	u/twoaccountplease	flqdt1e	u/AutoModerator	flqdrhl	C
2020-03-28 06:15:05.452812	u/Necronoxia	flqdt32	u/DooDooPants69420	flqdojt	C
2020-03-28 06:15:23.725577	u/Reddy696	flqdtl5	u/iamvinem	flqdi34	C
2020-03-28 06:15:44.940958	u/NeroVergilous18	flqdu8t	u/GayFeetus	flq9kb6	C
2020-03-28 06:15:49.588733	u/NotABot_0981	flqduas	u/zombie5layer249	flq78zc	C
2020-03-28 06:16:05.679616	u/TWllTtS	flqduy6	u/racerfree	flppy7m	C
2020-03-28 06:16:10.699776	u/yayeetdhebfjd	flqdv68	u/Potatotheooflord	fl5ewkn	C
2020-03-28 06:16:20.855940	u/OneYork	flqdvb0	u/AutoModerator	flqdoal	C
2020-03-28 06:16:28.390011	u/nikewalks	flqdvkp	u/-Alpha_Wolfz-	flqcf8d	C
2020-03-28 06:16:38.774829	u/Dav768	flqdvxh	u/NotSoPhun	flpwd8y	C
2020-03-28 06:16:47.225699	u/I2LoveAss	flqdw9r	u/Tock_Sick_Man	flqdtyq	C
2020-03-28 06:16:54.298131	u/spoody69420	flqdwd1	u/NotSoPhun	flpwd8y	C
2020-03-28 06:16:57.974953	u/eat_my_watermelon	flqdweu	u/RepostSleuthBot	flqdbhf	C
2020-03-28 06:17:12.638710	u/MetaphoricalKidney	flqdwyg	u/suhfaulic	flq0mnf	C
2020-03-28 06:17:15.344787	u/Cpt-McN00b	flqdx03	u/SgtDonutbutt	flqcjpe	C
2020-03-28 06:17:17.136035	u/octavioust-talium	flqdx1g	u/WaluigiWa68419	flqd55y	C
2020-03-28 06:17:18.924353	u/bebedap_	flqdx2t	u/NotSoPhun	flpwd8y	C
2020-03-28 06:17:49.874002	u/freshhforsale	flqdy7q	u/Bubbason95	fljfgj8	C
2020-03-28 06:18:05.796568	u/Chewy598	flqdyrg	u/RepostSleuthBot	flqcjtu	C
2020-03-28 06:18:12.747654	u/SubtleSnxke	flqdyvc	u/Overworldhero	fqe130	S
2020-03-28 06:18:18.132375	u/MrCursedBoy	flqdz29	u/shmepsi	flqdi1o	C
2020-03-28 06:18:22.991098	u/Lifewhatacard	flqdz5q	u/ShabalabaBangbang	flq79fj	C
2020-03-28 06:18:30.932801	u/ExoticBeamYT	flqdzii	u/SleepyRabbitXVI	flqdxmb	C
2020-03-28 06:18:37.319519	u/Kayn30	flqdznm	u/nameofanuser	flqaw39	C
2020-03-28 06:18:39.634445	u/the_greek_cate	flqdzop	u/YashP1	flqd43p	C
2020-03-28 06:18:56.044473	u/greg242	flqe08n	u/Reverse_E	flqc5ji	C
2020-03-28 06:19:19.573167	u/terti164	flqe0rc	u/RepostSleuthBot	flqdz1a	C
2020-03-28 06:19:22.984133	u/BlackDios073	flqe0x9	u/smellyhands1234	flqddxe	C
2020-03-28 06:19:30.020072	u/ItsNeannnnn	flqe181	u/ttracs149	flq896w	C
2020-03-28 06:19:58.626856	u/andrewsulli	flqe21n	u/smellyhands1234	flqddxe	C
2020-03-28 06:20:06.419056	u/ShapeoverTime	flqe26u	u/gabrielm4	flqbsjw	C
2020-03-28 06:20:08.760652	u/S66rik	flqe26z	u/RepostSleuthBot	flq2srr	C
2020-03-28 06:20:29.411390	u/Obamaatemykids	flqe2ln	u/Nash_underscore	fllvf1z	C
2020-03-28 06:21:28.872486	u/adolfhipster1273	flqe40i	u/Sufficient_Danger	flqe2qx	C
2020-03-28 06:21:32.598956	u/watari_wesu	flqe417	u/flyingOR3Ofish	flqagbx	C
2020-03-28 06:21:38.329191	u/Tamawesome	flqe43o	u/kotik010	flooxf7	C
2020-03-28 06:21:49.664835	u/Nozavid	flqe4e8	u/yibredditmemer	flqc902	C
2020-03-28 06:21:54.157050	u/omw_2_fub	flqe4fu	u/Noobster646	flqdud1	C
2020-03-28 06:22:03.950871	u/I_AM_NO_ONE_TO_JUDGE	flqe4k4	u/juankza95	flqc4wh	C
2020-03-28 06:22:19.202693	u/thecolouredheart	flqe4rn	u/gunngg_btw	flqd983	C
2020-03-28 06:22:45.840653	u/Imagine-bears	flqe5f3	u/ClownishFlyer47	flq52og	C
2020-03-28 06:22:53.363998	u/ASTEO1010	flqe5i5	u/Gorogorgo-chan	flnxlah	C
2020-03-28 06:23:00.132404	u/Posraman	flqe5om	u/Mang0s-Man	flqbgqp	C
2020-03-28 06:23:15.730772	u/lemon_man_dad	flqe62f	u/9ragmatic	flqdpnv	C
2020-03-28 06:23:54.537430	u/ssavkkk	flqe7cs	u/7_Cube	flp2xs7	C
2020-03-28 06:23:58.206122	u/heyimhereok	flqe7dz	u/Hodlon2	fqhem3	S
2020-03-28 06:24:00.306205	u/Sir_Bax	flqe7gp	u/CaptainJY00	flqagqi	C
2020-03-28 06:24:05.679446	u/Commander_Emu	flqe7lx	u/MALI_BOB	flq8uwo	C
2020-03-28 06:24:16.163600	u/LimblessOctopus	flqe812	u/LordMaestro1	flptigl	C
2020-03-28 06:24:49.184385	u/DeBaconism	flqe90b	u/jdse1234	flq98la	C
2020-03-28 06:24:57.859378	u/PastaPastrami	flqe9e1	u/freeman731	flp5kvp	C
2020-03-28 06:25:26.980530	u/MaatRolo	flqeai8	u/TheActiveBoy	flqe8qz	C
2020-03-28 06:25:38.054589	u/lyingtattooist	flqeasp	u/RepostSleuthBot	flqd49x	C
2020-03-28 06:25:40.051477	u/Amoopry	flqeawt	u/youalwayswin300	flqayl6	C
2020-03-28 06:25:56.999184	u/Blackangel466	flqebll	u/yeet_boy59	flpixny	C
2020-03-28 06:25:59.968205	u/RackersBro	flqebp6	u/AutoModerator	flqdrhl	C
2020-03-28 06:26:23.960193	u/What-If-iWasADog	flqecov	u/Bryce-I-guess	flq0rjb	C
2020-03-28 06:26:39.920210	u/pi003	flqed7b	u/-Alpha_Wolfz-	flqcf8d	C
2020-03-28 06:27:51.678977	u/_Omitnemdach_	flqef6p	u/igorciak	flqcpsw	C
2020-03-28 06:28:03.592599	u/BothRepeat	flqefrm	u/RepostSleuthBot	flq1ri0	C
2020-03-28 06:28:05.335346	u/sneden_fern	flqefrz	u/MaatRolo	flqeai8	C
2020-03-28 06:28:15.559257	u/kioobee	flqeg0g	u/mojomophia	fqbioh	S
2020-03-28 06:28:24.248856	u/tinymooshy	flqegc4	u/FewTap9	flqcqq2	C
2020-03-28 06:28:35.753481	u/TheRetroFlowey	flqegvq	u/waccboi69	flqbll3	C
2020-03-28 06:28:58.142680	u/G2rewin	flqehke	u/lemon_man_dad	flqe62f	C
2020-03-28 06:29:04.667120	u/fairyfort	flqehsj	u/gunngg_btw	flqe2mi	C
2020-03-28 06:29:14.780588	u/minumat	flqehzz	u/lemon_man_dad	flqe62f	C
2020-03-28 06:29:22.650942	u/Moopooloocoo	flqehzk	u/Reditovan	fl9nr26	C
2020-03-28 06:30:12.471981	u/Chr1sFischer	flqejmj	u/MrCursedBoy	flqdz29	C
2020-03-28 06:30:53.420453	u/DerDoedel	flqeksr	u/ViktorB19	flqdgd6	C
2020-03-28 06:30:55.672673	u/SirMcMacaroni	flqektk	u/ImplodedPP	flqcq6u	C
2020-03-28 06:31:14.754079	u/for-my-aries-boyssss	flqejk0	u/MrCursedBoy	flqdz29	C
2020-03-28 06:31:26.648800	u/JefVdB	flqel9c	u/the_greek_cate	flqdzop	C
2020-03-28 06:31:39.607865	u/BruhGamingNL_YT	flqelp4	u/slightly_lisdexic	floperj	C
2020-03-28 06:32:13.206210	u/Cr33per_aww_man	flqemfg	u/noassumedname	flo7eiy	C
2020-03-28 06:32:32.685958	u/hannes2society	flqemv3	u/acerpeng229	flqc024	C
2020-03-28 06:33:26.317865	u/jeboidafit	flqeo5v	u/Raghav_J_Sankar	flpzucl	C
2020-03-28 06:33:28.500082	u/mheurtevent1	flqeo6k	u/Thebadwolfz	flqaqex	C
2020-03-28 06:33:41.444073	u/CravasseColonist	flqeopf	u/The-Brawl-Shark	flq3iw3	C
2020-03-28 06:34:03.865138	u/-BMKing-	flqepda	u/ShabalabaBangbang	flq79fj	C
2020-03-28 06:34:13.651341	u/0DFK0	flqepn9	u/radbananman	flpuyds	C
2020-03-28 06:34:19.914327	u/panamajack1975	flqeppu	u/NotSoPhun	flpwd8y	C
2020-03-28 06:34:41.028532	u/anony-33	flqeqcx	u/RepostSleuthBot	flqbqei	C
2020-03-28 06:34:46.440266	u/Nyyb305	flqeqok	u/Shortnametoremember	flqcuf5	C
2020-03-28 06:34:55.676552	u/Daelony	flqeqzr	u/RepostSleuthBot	flqeq5d	C
2020-03-28 06:35:21.527129	u/MightBeUnsure	flqeru6	u/SleepyRabbitXVI	flqdxmb	C
2020-03-28 06:35:27.796420	u/kdawg420yolo	flqeryz	u/dummybricksrian	flqb9y3	C
2020-03-28 06:35:52.037588	u/Pyro-Lion14	flqesdu	u/shmepsi	flqdi1o	C
2020-03-28 06:36:05.227917	u/ethannnnnnnnnnnnnn	flqesol	u/PhoenixPlayz_	flpy0wm	C
2020-03-28 06:36:28.673288	u/laurent617	flqet53	u/NotSoPhun	flpwd8y	C
2020-03-28 06:36:41.677791	u/ps1_hagrid_is_cool	flqetcd	u/NotSoPhun	flpwd8y	C
2020-03-28 06:36:52.765827	u/School_Crusader	flqetk4	u/fualtyzane	flpm8ad	C
2020-03-28 06:37:21.611074	u/eldritchbox	flqeuby	u/peggyjarvisstark	flqep3r	C
2020-03-28 06:37:46.881445	u/iluvfrostidflaks	flqeuzg	u/Silent_Moab	flojljr	C
2020-03-28 06:37:59.789640	u/hornsworth	flqevii	u/WillBeBannedShortly	flp2yua	C
2020-03-28 06:38:02.403003	u/WastinTheTime	flqevkd	u/fualtyzane	flmqt7b	C
2020-03-28 06:38:13.381782	u/goodcapt	flqew50	u/absolute-trainwreck	fjgj1xw	C
2020-03-28 06:38:25.098990	u/cyclotron3	flqewb8	u/oo-d	flq9hwx	C
2020-03-28 06:38:32.291755	u/TriniTDM	flqewlh	u/iNoScopedJFK101	flqdplg	C
2020-03-28 06:38:54.798857	u/MadChild2033	flqexi6	u/fairyfort	flqehsj	C
2020-03-28 06:38:59.507283	u/ItsHazell-	flqexln	u/MaatRolo	flqeai8	C
2020-03-28 06:39:03.267614	u/SiennaRose_12	flqexp6	u/darkmodeyagami	fqg9vc	S
2020-03-28 06:39:06.155347	u/Charlie-Charles	flqextw	u/Tamborin2	flqep8y	C
2020-03-28 06:39:07.587929	u/premium_hunger	flqexuy	u/NotSoPhun	flpwd8y	C
2020-03-28 06:39:10.375523	u/LukaRaos	flqexzu	u/fualtyzane	flq2zgc	C
2020-03-28 06:39:22.184443	u/JonTheBomb369	flqeyif	u/TheWaterDropProphet	flqexll	C
2020-03-28 06:39:48.664118	u/ChubbyCharmander	flqezvt	u/goodcapt	fqhol4	S
2020-03-28 06:39:52.643695	u/isaiah54321	flqf047	u/foxyisin	flqaand	C
2020-03-28 06:39:58.615928	u/ASexyPenguin	flqf0ky	u/brown361Cat	flpzd08	C
2020-03-28 06:40:20.926351	u/BOSUZUKU	flqf0or	u/jicty	floamuv	C
2020-03-28 06:40:36.849050	u/SkittleDragon	flqf147	u/Inky_25	flqex7o	C
2020-03-28 06:40:39.121781	u/JustAPersonOwO	flqf14c	u/lifeordeathsworld	flppqq4	C
2020-03-28 06:40:56.699451	u/good_gamer2357	flqf1q6	u/RepostSleuthBot	flqezzc	C
2020-03-28 06:41:29.991709	u/Redsaucethebeast	flqf27e	u/ShabalabaBangbang	flq7dxy	C
2020-03-28 06:41:45.907820	u/ElevenStrange123	flqf2jb	u/Nozavid	flqe4e8	C
2020-03-28 06:41:54.958561	u/TheDuckMan1505	flqf2py	u/Bergengod	flpw876	C
2020-03-28 06:42:05.867053	u/PM_JOJO_MEMES_PLS	flqf2uh	u/-Alpha_Wolfz-	flqe5ru	C
2020-03-28 06:42:37.782374	u/ntnnu	flqf3mf	u/randomyeeticus	fl9e9ok	C
2020-03-28 06:42:51.954805	u/kamil2098	flqf3xw	u/OffensiveTree63	flqe2qk	C
2020-03-28 06:42:54.139963	u/Breadlee170	flqf3yb	u/C4TXD	flq411z	C
2020-03-28 06:43:49.480778	u/Ima_MinecraftVeteran	flqf5f4	u/bobross432	flq7a6m	C
2020-03-28 06:44:07.306601	u/CB97sriracha	flqf5xp	u/JosephJoestar916	flq96ez	C
2020-03-28 06:44:47.013219	u/sankith	flqf6wa	u/ImJediael	flp8l0m	C
2020-03-28 06:44:56.348016	u/TheBlazingTrident	flqf71r	u/darrellmarch	flqeezu	C
2020-03-28 06:45:00.618038	u/ThePrancingHorse94	flqf73e	u/darkmodeyagami	flqew4i	C
2020-03-28 06:45:02.697998	u/KingLouisThe14	flqf73o	u/RepostSleuthBot	flqd2nv	C
2020-03-28 06:45:08.740769	u/UncleJoe_69	flqf7eo	u/JonTheBomb369	flqf647	C
2020-03-28 06:45:14.052580	u/OfGodlikeProwess	flqf7gy	u/okbloomer	flqevdx	C
2020-03-28 06:45:19.106585	u/parlerler1543	flqf7j9	u/Cat_Nigth_Feik	flqf2mu	C
2020-03-28 06:46:21.465576	u/cyrilkhoury-02	flqf9ee	u/TheBlazingTrident	flqf71r	C
2020-03-28 06:47:11.553022	u/BigBeppis	flqfapt	u/godememesbuddy	flq3jfq	C
2020-03-28 06:47:30.385021	u/LavaMaster12378	flqfb7s	u/Kind-Pop	fl3zlqu	C
2020-03-28 06:47:50.234914	u/ACasualWoomy	flqfbti	u/NotSoPhun	flpzcuo	C
2020-03-28 06:48:06.316800	u/Googlefisch	flqfcj6	u/TheFuntimer	flqfaf1	C
2020-03-28 06:48:31.098445	u/Elisa4	flqfd9y	u/lifeordeathsworld	flppqq4	C
2020-03-28 06:48:38.299832	u/DarthKlanxis	flqfdhe	u/Raghav_J_Sankar	flpzucl	C
2020-03-28 06:48:40.701736	u/Speedfranz	flqfdq7	u/AldoAbdiel	flqd3rz	C
2020-03-28 06:48:51.327974	u/Arnold04	flqfdvo	u/OmeWappie	flqfb40	C
2020-03-28 06:48:55.783362	u/IVDVl	flqfe0t	u/jdse1234	flq98la	C
2020-03-28 06:48:59.428283	u/lazy_jedi1003	flqfe50	u/TheTreeDemoknight	flqbbp7	C
2020-03-28 06:49:00.903244	u/RedWolfProject	flqfe54	u/-Alpha_Wolfz-	flqcf8d	C
2020-03-28 06:49:04.404361	u/Exbiffteen	flqfec1	u/PM_JOJO_MEMES_PLS	flqf2uh	C
2020-03-28 06:49:22.810025	u/fox_boi2	flqffhe	u/tylernelson71515	flqeoiy	C
2020-03-28 06:49:25.320212	u/ahsvk	flqffld	u/Arnold04	flqfdvo	C
2020-03-28 06:49:32.871687	u/yittless	flqfg0a	u/_nerdnecc_	flqfex7	C
2020-03-28 06:49:43.378506	u/Kylebrown10	flqfgl2	u/NotSoPhun	flpwd8y	C
2020-03-28 06:49:55.725730	u/Yesington2	flqfh6s	u/I_AM_A_TOASTER42069	flqdar2	C
2020-03-28 06:50:05.032534	u/El_ric0_	flqfhih	u/Speedfranz	flqfdq7	C
2020-03-28 06:50:17.575303	u/CH4MP10N777	flqfhu8	u/Jazzinarium	flqe75b	C
2020-03-28 06:50:29.198719	u/CringeLordAir	flqfi3v	u/Sub2SmokeAlphaYt	flqfho4	C
2020-03-28 06:51:17.099825	u/mikohuzo	flqfjk6	u/Sub2SmokeAlphaYt	flqfho4	C
2020-03-28 06:51:29.070985	u/ImAMemeOk	flqfjyb	u/Sub2SmokeAlphaYt	flqfiyj	C
2020-03-28 06:51:34.611282	u/PrisMattias	flqfk17	u/Tobi87600	flqf28w	C
2020-03-28 06:51:42.187103	u/inaminadicka	flqfk7h	u/Tobi87600	flqf28w	C
2020-03-28 06:52:07.310266	u/Awnkps	flqfkro	u/yittless	flqfg0a	C
2020-03-28 06:52:32.642661	u/lamboat2019	flqfli0	u/Patrick3DS	flqdgu6	C
2020-03-28 06:52:46.173706	u/iMidu	flqflyy	u/leaderofthevirgins	flpxkgd	C
2020-03-28 06:52:53.232063	u/king-pin-	flqfm1r	u/mikohuzo	flqfjk6	C
2020-03-28 06:53:07.450382	u/eabrichards	flqfmh6	u/WhiteWolfSV	flqfczu	C
2020-03-28 06:53:15.761567	u/DvNT_Exile	flqfmsf	u/AnOlympianWeeb	flqflox	C
2020-03-28 06:53:32.868589	u/QuickyQuail	flqfnh0	u/jdse1234	flq98la	C
2020-03-28 06:53:44.955640	u/Syburo	flqfnte	u/RepostSleuthBot	flqcyyp	C
2020-03-28 06:53:51.107094	u/Argafx	flqfnw6	u/baktiv	flqd2qu	C
2020-03-28 06:53:56.458560	u/freebearrunning	flqfo22	u/Jazzinarium	flqe75b	C
2020-03-28 06:53:58.596963	u/WaterWatcher1928	flqfo3f	u/fairyfort	flqehsj	C
2020-03-28 06:54:21.317673	u/Ossik	flqfolv	u/Sombrero-Man-	flqdftz	C
2020-03-28 06:54:32.709526	u/SirZazzles	flqfovu	u/fairyfort	flqehsj	C
2020-03-28 06:55:10.075494	u/IamMeNotSomeoneElse	flqfpps	u/yourmomiscallingyou	flqefk1	C
2020-03-28 06:55:16.122552	u/hentacount	flqfq1k	u/butteredtoastinbath	flpzu8a	C
2020-03-28 06:55:23.368656	u/Tovarisch_Pootis	flqfq8k	u/Azour_	flqbv1w	C
2020-03-28 06:55:31.069501	u/FaerilyRowanwind	flqfqki	u/fat_tony031	flqegwp	C
2020-03-28 06:55:33.018874	u/Player_Number3	flqfqky	u/darkmodeyagami	flqfmi6	C
2020-03-28 06:55:43.025771	u/TheGR8YG	flqfqsw	u/shindylesis	flqfowu	C
2020-03-28 06:55:48.857014	u/daddy1018	flqfqx4	u/Alnizaf	flove9g	C
2020-03-28 06:55:55.237471	u/ToneffJunior	flqfqyp	u/NotSoPhun	flpwd8y	C
2020-03-28 06:55:59.960595	u/AyeGravyy	flqfr1m	u/offrythem	flqf5g0	C
2020-03-28 06:56:03.781087	u/SeaGull_Nate	flqfr3c	u/Aless76109	flqb32j	C
2020-03-28 06:56:44.803438	u/TheCreamiestBoi	flqfse3	u/Sub2SmokeAlphaYt	flqfrwr	C
2020-03-28 06:56:49.237115	u/Le_Ri	flqfsgb	u/pimpapprentice	floaemx	C
2020-03-28 06:57:37.322711	u/joe7859	flqftvj	u/Googlefisch	flqfcj6	C
2020-03-28 06:57:45.022360	u/TheGuitarHero15	flqfu86	u/AuisGoldpt	flqfs2j	C
2020-03-28 06:58:11.111230	u/Ree_Chung	flqfv89	u/DarthKlanxis	flqfdhe	C
2020-03-28 06:58:23.231490	u/ManiMassala	flqfvso	u/Redsaucethebeast	flqf27e	C
2020-03-28 06:58:37.128792	u/DeceiverMC	flqfw7a	u/Willy-G-The-1st	flqfpxs	C
2020-03-28 06:58:41.687980	u/comini02	flqfwap	u/NaEGaOS	flqe8gg	C
2020-03-28 06:58:51.265993	u/Heheheheedfff	flqfwg4	u/_sam_mas_	flqb8s7	C
2020-03-28 06:58:53.346769	u/fox_uterus	flqfwj1	u/santiiiiiiiiiiiii	fl7e1ch	C
2020-03-28 06:59:01.393630	u/DemLeIni	flqfwvg	u/Bugatti_Cuda	flqftla	C
2020-03-28 06:59:10.858105	u/Mr_McFatty	flqfx5d	u/DerDoedel	flqeksr	C
2020-03-28 06:59:28.903225	u/BurlAroundMyBody	flqfxyl	u/NotSoPhun	flpwd8y	C
2020-03-28 06:59:47.767692	u/varrrrrr	flqfytw	u/saucesandwich_qwe	flqfkrw	C
2020-03-28 06:59:59.398694	u/AblsoluteBoss	flqfz34	u/I-love-you-3000_	flpxj5t	C
