2020-04-07 21:00:36.148086	u/Fallie_II	fmqucgf	u/Masterofpizza_	fmqdes0	C
2020-04-07 21:00:44.607271	u/WiNSTONWiNS	fmquciz	u/skduter	fmq1tlt	C
2020-04-07 21:02:20.127285	u/bp_viva	fmqudab	u/XPG-BUDDER	fmqte2d	C
2020-04-07 21:03:00.821044	u/GemMagisk	fmqudnp	u/skduter	fmq1tlt	C
2020-04-07 21:03:34.991672	u/YourApril27	fmque7v	u/skduter	fmq1tlt	C
2020-04-07 21:03:52.279595	u/Bald_Jezus	fmquedh	u/kydan1	fmq9yxm	C
2020-04-07 21:04:22.954947	u/Willyfog54	fmquepc	u/AnikRM	fmqsghe	C
2020-04-07 21:04:55.694677	u/NuclearPotato19	fmqufcv	u/El-Chip	fmqssv9	C
2020-04-07 21:05:14.979208	u/Agreeable-Leader	fmqufh1	u/skduter	fmq1tlt	C
2020-04-07 21:06:09.072161	u/Starmz	fmqug5g	u/gamerchang3r	fmpbgbi	C
2020-04-07 21:06:53.103839	u/Phobit	fmqugim	u/Jomesfonso	fmqt4u4	C
2020-04-07 21:07:34.522240	u/denisgur1	fmqugtp	u/SciencetistPrick	fmqt2k5	C
2020-04-07 21:08:00.252468	u/1C_U_B_E1	fmquh1l	u/RepostSleuthBot	fmqudzi	C
2020-04-07 21:08:18.398792	u/sleepincow1	fmquha5	u/SmudgeTheCatt	fmqtpse	C
2020-04-07 21:08:46.688945	u/Cosmos_105	fmquhg3	u/CipherDoc34	fmqc7zb	C
2020-04-07 21:08:49.960438	u/AtlasHatch	fmqvovk	u/Lazaro22	fmqu5et	C
2020-04-07 21:09:25.442767	u/SurfPearlJk	fmqvpdt	u/Kind-Pop	fl3zlqu	C
2020-04-07 21:12:08.816756	u/-Aden-	fmqvqxq	u/Kind-Pop	fl3zlqu	C
2020-04-07 21:12:54.487562	u/xyameax	fmqvr6v	u/toasamoan	fmqv0f1	C
2020-04-07 21:13:05.157013	u/faithmauk	fmqvrcr	u/selinaless	fmqryis	C
2020-04-07 21:13:40.403309	u/bruhbruhjames1	fmqvrzt	u/Psych_Riot	fmk7y7a	C
2020-04-07 21:13:54.862212	u/NoNameAvailableHere	fmqvs1x	u/saltykitty69420	fmqk97d	C
2020-04-07 21:14:29.920742	u/dgrenade16	fmqvsdt	u/BurningSpark090	fmqvbh7	C
2020-04-07 21:15:32.415103	u/Zeldaplayer-67	fmqvso5	u/Randomguym80512	fmqufrt	C
2020-04-07 21:16:32.755484	u/BradfordD13	fmqvtez	u/CipherDoc34	fmqc7zb	C
2020-04-07 21:17:32.204940	u/Phillip306	fmqvu3q	u/sacrificial_reunion	flafgjk	C
2020-04-07 21:17:37.244385	u/TedofShmeeb	fmqvufg	u/Wheel31	fl5790b	C
2020-04-07 21:18:15.764976	u/Fun_Outcome	fmqvupn	u/AJRW-	fmqt6vv	C
2020-04-07 21:19:00.498121	u/BlueEB7	fmqvvd5	u/k4josiah	fmqt1d0	C
2020-04-07 21:19:26.372433	u/amityy1	fmqvvvk	u/SmudgeTheCatt	fmqtpse	C
2020-04-07 21:19:34.918152	u/MotoGod115	fmqvw18	u/nheljar_makotu	fmqqzfs	C
2020-04-07 21:19:52.385068	u/savethesnails42	fmqvw7l	u/MineKing822	fmqikfa	C
2020-04-07 21:19:53.738255	u/thecryingdeku	fmqvwdn	u/hiskinny	fmqp974	C
2020-04-07 21:19:54.123970	u/faughnjj	fmqvwdt	u/thegentlespy	fmqe8dj	C
2020-04-07 21:21:06.029270	u/Alex1298678	fmqvwvr	u/NMmrNice	fmq5uxt	C
2020-04-07 21:21:34.938040	u/NoobyWojo	fmqvx1m	u/skduter	fmq1tlt	C
2020-04-07 21:23:00.373126	u/iam-zee	fmqvy4x	u/ClawDoo91	fmqvoyh	C
2020-04-07 21:25:08.972548	u/HairyArschloch	fmqx3y6	u/kydan1	fmq9yxm	C
2020-04-07 21:26:02.138595	u/Undolf	fmqx4q0	u/The_Great_Roberto	fmqwn76	C
2020-04-07 21:26:03.753679	u/supamon2	fmqx4q5	u/Icausehavoc25	fmq86f9	C
2020-04-07 21:26:52.336497	u/EmptyStupidity	fmqx5aw	u/python_boti	fmq1sch	C
2020-04-07 21:27:48.208784	u/itzQuachie	fmqx6b5	u/coyotesarecunts	fmq1o9c	C
2020-04-07 21:28:14.053270	u/tyrone2538	fmqx6i5	u/Eqwort	fmq6crt	C
2020-04-07 21:28:33.234952	u/DannyDeVevo	fmqx6qz	u/StoneyBroi	fmpb6cu	C
2020-04-07 21:28:49.641815	u/ungodguy	fmqx6sc	u/skduter	fmq1tlt	C
2020-04-07 21:29:27.817585	u/True-Tear	fmqx723	u/RedninjaJ	fmqoy7k	C
2020-04-07 21:29:30.504653	u/bandobsessedyeemo	fmqx75f	u/Jomesfonso	fmqt4u4	C
2020-04-07 21:30:52.182814	u/mangledspork	fmqx89v	u/SmudgeTheCatt	fmqtpse	C
2020-04-07 21:32:15.458191	u/RTLtheGoat	fmqx8oz	u/Jomesfonso	fmqt4u4	C
2020-04-07 21:32:26.395961	u/J97ST	fmqx8pq	u/Gloopyy	fmqx7uq	C
2020-04-07 21:33:18.623372	u/isaac_horstmeier	fmqx8yk	u/unclerico589	fmqx5kz	C
2020-04-07 21:33:36.966030	u/The_Eggo55	fmqx96e	u/The_controler	fmqvbag	C
2020-04-07 21:33:42.413564	u/zeedbleed_	fmqx99l	u/thecryingdeku	fmqvwdn	C
2020-04-07 21:34:08.626212	u/Not_Gollum	fmqx9je	u/RepostSleuthBot	fmqlhsi	C
2020-04-07 21:34:12.182075	u/StephenHuckleberry	fmqx9l0	u/LenoxSpeed	fmpz076	C
2020-04-07 21:34:29.800498	u/Thebestboi1212	fmqx9p7	u/skduter	fmq1tlt	C
2020-04-07 21:34:32.328985	u/AvgToxicLeaguePlayer	fmqx9rj	u/dovedevic	fl2izeo	C
2020-04-07 21:35:10.778317	u/senpaiblizzyvert	fmqxa5x	u/skduter	fmq1tlt	C
2020-04-07 21:35:26.707715	u/cardinaldecolor	fmqxabe	u/Jomesfonso	fmqt4u4	C
2020-04-07 21:37:04.230221	u/Tummy-Sticks	fmqyeoq	u/DoomRider2354	fmqum3x	C
2020-04-07 21:37:07.870922	u/LongJohnDino	fmqyetf	u/a_bby_drkmnd	fmqydov	C
2020-04-07 21:37:42.812518	u/Nerdy_Samurai	fmqyf4e	u/DoomRider2354	fmqb3in	C
2020-04-07 21:38:22.837745	u/Madabro	fmqyfqk	u/racerfree	fmqv0uw	C
2020-04-07 21:39:55.843378	u/Derpitsmike	fmqygxb	u/Jomesfonso	fmqt4u4	C
2020-04-07 21:39:57.308522	u/aqbood	fmqygzy	u/Maggot2017	fmq6owi	C
2020-04-07 21:40:04.767872	u/masteredit2	fmqyh1w	u/Trollithecus007	fmqxlui	C
2020-04-07 21:40:42.430177	u/0zzzzy	fmqyh6l	u/fierwoll	fmqyft6	C
2020-04-07 21:41:19.520122	u/DaRealKili	fmqyhqk	u/LuckyAceBlue	fmqyd3u	C
2020-04-07 21:41:31.886102	u/GabiTheDevilSlayer	fmqyhrw	u/scoobymax	fmpza1k	C
2020-04-07 21:42:54.888621	u/Ke2808	fmqyim7	u/ProudRavenclaw24	fmqmemg	C
2020-04-07 21:42:57.015881	u/Sil3ntkn1ght87	fmqyimc	u/baby-with-a-gun	fmquhyk	C
2020-04-07 21:43:13.366830	u/ai_is_ded1212	fmqyip5	u/El-Chip	fmqssv9	C
2020-04-07 21:43:24.050106	u/stickfigr	fmqyir9	u/skiyeetyourfetus	fmqy5zq	C
2020-04-07 21:43:38.669078	u/GrouchyBat	fmqyis1	u/Nhughes1387	fmqrbyv	C
2020-04-07 21:44:45.924536	u/GlitchyBlack	fmqyjbl	u/A70guy	fmqwlia	C
2020-04-07 21:44:58.465148	u/tugboat3000	fmqyje7	u/dovedevic	fl2izeo	C
2020-04-07 21:45:26.303591	u/huntlee17	fmqyjx1	u/CipherDoc34	fmqc7zb	C
2020-04-07 21:45:57.600421	u/knewfonewhodis	fmqyk8h	u/BurningSpark090	fmqvi1h	C
2020-04-07 21:47:13.931063	u/MrMeanBean75	fmqykwe	u/TheClevernickname	fmqx17s	C
2020-04-07 21:47:15.879424	u/AchangedCat	fmqykxh	u/Bruh_Bot_	fmqyexm	C
2020-04-07 21:47:29.519551	u/yougeeez	fmqyl7f	u/fierwoll	fmqt1hu	C
2020-04-07 21:48:01.320297	u/QuadrilateralShape	fmqylk0	u/G10nant	fmqrp2b	C
2020-04-07 21:48:03.876141	u/DestinedEsper	fmqylkc	u/bluehurricane10	fmqy69h	C
2020-04-07 21:48:13.153983	u/Movie_Logic_YT	fmqylog	u/Sirnacane	fmqyhtk	C
2020-04-07 21:48:41.588890	u/YorlikJr	fmqym7n	u/stickycreamcheese	fmq04ja	C
2020-04-07 21:49:02.123957	u/InsertGaeUsername	fmqymjl	u/sacrificial_reunion	flafgjk	C
2020-04-07 21:50:07.482943	u/Go-Turtle	fmqyn42	u/Sil3ntkn1ght87	fmqyimc	C
2020-04-07 21:50:25.565079	u/HotDogMonsterTruck	fmqynah	u/Elementz033	fmqyl67	C
2020-04-07 21:50:30.868499	u/ALegitPhoenix	fmqynbi	u/fierwoll	fmqxu8o	C
2020-04-07 21:51:46.426494	u/ETHurse	fmqzsc5	u/SmudgeTheCatt	fmqtpse	C
2020-04-07 21:52:27.485242	u/m_murphy12	fmqzsry	u/SmudgeTheCatt	fmqtpse	C
2020-04-07 21:52:33.193948	u/Pixel_Hydra	fmqzst3	u/TheBigCheddar05	fmqzo7h	C
2020-04-07 21:53:18.245908	u/LedZane	fmqzt6k	u/El-Chip	fmqssv9	C
2020-04-07 21:53:33.081725	u/svisible	fmqztc9	u/SmudgeTheCatt	fmqtpse	C
2020-04-07 21:54:35.422400	u/I_am_the_Disguyz	fmqztwd	u/TheSaltyReddittor	fmqz8ib	C
2020-04-07 21:54:37.429017	u/EditingDanger	fmqztyo	u/makota-chan	fmpzqnv	C
2020-04-07 21:56:16.274930	u/BuddyBoy002	fmqzuue	u/skduter	fmq1tlt	C
2020-04-07 21:56:19.143121	u/ameerbann	fmqzuvp	u/general_dubious	fmqrfkt	C
2020-04-07 21:57:15.834279	u/tdurty	fmqzvct	u/S3thSqu4tch	fmqssxi	C
2020-04-07 21:58:16.984193	u/PeacefulAnarch	fmqzwca	u/2JDestroBot	fmq6mt1	C
2020-04-07 21:58:43.446717	u/abood_sy7	fmqzwos	u/skduter	fmq1tlt	C
2020-04-07 21:58:45.305922	u/kittyntitty	fmqzwua	u/xX_ThiccKrabz69_Xx	fmqzf7i	C
2020-04-07 21:59:21.634624	u/MeowBrethren	fmqzxfa	u/Rick-roller--	fmqeccb	C
2020-04-07 21:59:32.569763	u/Trepach	fmqzxs0	u/Harijs_LV	fmq0ilh	C
2020-04-07 21:59:58.353089	u/zacisanerd	fmqzy9i	u/420Hulk69	fmqzwul	C
2020-04-07 21:59:59.433686	u/Sketchy_Cube	fmqzyfo	u/r3dcrayon	fmqzwnf	C
2020-04-07 21:59:59.831914	u/the_last_chees-it	fmqzyfy	u/fierwoll	fmqt1hu	C
