2020-04-11 07:00:07.939951	u/MaybeAFish_	fn2tlmo	u/Full_Gear	fn2t4uv	C
2020-04-11 07:00:29.793229	u/Shoto1001	fn2tmf1	u/Bored_lurker87	fn20xzs	C
2020-04-11 07:00:38.191407	u/Several-Ebb	fn2tlts	u/CensoredColour	fn2r5bf	C
2020-04-11 07:00:43.995951	u/pcelvis	fn2tmab	u/dl-rsk	fn2tjkd	C
2020-04-11 07:02:22.946885	u/LeopardHalit	fn2tpkt	u/hamburgler1984	fn1oxyb	C
2020-04-11 07:02:37.042563	u/AshySwagger	fn2tpzw	u/Mike_Hunt89	fn2kzxj	C
2020-04-11 07:02:42.611852	u/duckoff681	fn2tq80	u/GetOutOfMyHeadOak	fn2r01g	C
2020-04-11 07:02:53.173276	u/Triaf	fn2tqis	u/finalcloudo	fn2t4eu	C
2020-04-11 07:03:07.468579	u/DatbBoiSysAdmin	fn2tquz	u/RepostSleuthBot	fn2mmi6	C
2020-04-11 07:03:15.247451	u/Otherwise-Anything	fn2tr9s	u/AppletonSF	fn2sgtc	C
2020-04-11 07:03:27.542477	u/nofastronaut4132	fn2trie	u/IfZeldaWasAGirl	fn2linq	C
2020-04-11 07:03:31.770833	u/Candleflame99	fn2trqr	u/TheDevilsDingo	fn2p21k	C
2020-04-11 07:04:24.328869	u/iizlukebain	fn2tt83	u/Comrade_Bread	fn2t5ya	C
2020-04-11 07:05:06.773457	u/Crudelius	fn2tusm	u/God12321	fn2tqjb	C
2020-04-11 07:05:13.128244	u/Flames_kid	fn2tuyo	u/Sarius959	fn2ser9	C
2020-04-11 07:05:26.030755	u/jotaro_kujo_part_5	fn2tvq1	u/cookiepiemaster	fn2ke70	C
2020-04-11 07:05:29.937736	u/joemama981	fn2tvzb	u/Spanish-Inquistion	fn2qi0b	C
2020-04-11 07:05:49.340849	u/_VadimBlyat_	fn2twml	u/Amser_the_Viet_Cong	fn2pz2h	C
2020-04-11 07:05:53.081762	u/Izzet2002	fn2twoy	u/BwaBwa100	fn2llsc	C
2020-04-11 07:05:57.863496	u/only-happy-cake-day	fn2twwl	u/darippa77	fn2hz0b	C
2020-04-11 07:06:20.253330	u/GITgaming	fn2tx6d	u/Amser_the_Viet_Cong	fn2oldc	C
2020-04-11 07:06:49.834891	u/Akshay537	fn2ty17	u/Famixofpower	fn2oo5y	C
2020-04-11 07:06:53.370855	u/Bacontoad	fn2ty8y	u/Icosikaihenagonal	fn2ihiz	C
2020-04-11 07:07:04.336084	u/CrammerTheGamer	fn2tyrh	u/WideEyedMess	fn2nzhv	C
2020-04-11 07:07:06.109835	u/mqtang	fn2tyt3	u/tester_720	fn20g9d	C
2020-04-11 07:07:27.799717	u/11whoyou11	fn2tznu	u/somone-random	fn2rc83	C
2020-04-11 07:07:47.670424	u/Duck_With_A_Chainsaw	fn2u09c	u/djjoshi69	fn2rjez	C
2020-04-11 07:08:10.032942	u/Bump-Frankie	fn2u13q	u/MannicWaffle	fn29f9c	C
2020-04-11 07:08:14.595143	u/JackswatLL	fn2u18j	u/davidjensen69	fn20dhb	C
2020-04-11 07:08:25.108167	u/kingdan216	fn2u12z	u/Edgypack38906	fn2tmsm	C
2020-04-11 07:08:33.111454	u/mist_pillar	fn2u1jp	u/69420godreddit	fn2u0ay	C
2020-04-11 07:08:48.469983	u/xStiki	fn2u209	u/MCY_97	fn2m9v5	C
2020-04-11 07:08:51.733677	u/Stewart0707	fn2u22a	u/mandrake1973	fn2sw6t	C
2020-04-11 07:08:53.648829	u/spicy_ngr	fn2u269	u/RealPyretc	fn2lwcq	C
2020-04-11 07:09:16.086950	u/Sleepy_Lobster	fn2u320	u/joemoma21	fn0ulka	C
2020-04-11 07:09:43.441819	u/SleepyBeezy	fn2u3wy	u/idoomi4real	fz23qu	S
2020-04-11 07:09:50.053672	u/seventh_paradox	fn2u4bl	u/azamayid	fn2gr8r	C
2020-04-11 07:10:46.711793	u/XBxnjxminX	fn2u5ok	u/-_N0_-	fn2r2rz	C
2020-04-11 07:13:32.937085	u/choconutz_coco	fn2ua9v	u/aurelius270	fn2tzg0	C
2020-04-11 07:13:47.516135	u/AlyssaAnus	fn2ub3f	u/white-_--	fn2nd6e	C
2020-04-11 07:14:00.670500	u/IsntLuca	fn2ubbj	u/Myriii1911	fmxagcf	C
2020-04-11 07:14:02.756957	u/Swordstealer101	fn2ubbw	u/1_Nysosis_1	fn2u9s3	C
2020-04-11 07:14:29.120044	u/Setsuko_Chan	fn2uby2	u/ekivanassche	fn2s0rk	C
2020-04-11 07:14:36.793291	u/ImpossibleHulkster	fn2uc15	u/Alperen1627Abaci	fn2s3kt	C
2020-04-11 07:14:38.782582	u/LearnerOfMemes	fn2uc2q	u/tester_720	fn20g9d	C
2020-04-11 07:15:21.464685	u/Hohohohonk_1128	fn2udlx	u/lemonadeveins	fn2rhuq	C
2020-04-11 07:15:29.833623	u/Zee_Dolphin	fn2udty	u/Matt-jh	fn2tfbj	C
2020-04-11 07:15:53.157416	u/MB_electric	fn2uepk	u/Noah_Zz	fn1b260	C
2020-04-11 07:15:55.080768	u/AutumnBailey	fn2ueqj	u/stevenbriggscomedy	fn2u3xo	C
2020-04-11 07:16:11.651319	u/prallundfeucht	fn2ufb3	u/ofretc	fn1yw7x	C
2020-04-11 07:17:40.661324	u/42069godreddit	fn2uil7	u/69420godreddit	fn2u5e9	C
2020-04-11 07:17:49.095255	u/AnotherSlightFlower	fn2uivf	u/xFreedi	fn2r711	C
2020-04-11 07:17:51.922184	u/SHybrid	fn2uivs	u/Overworldhero	fyzdoy	S
2020-04-11 07:17:55.708499	u/Ferenghi01	fn2uizg	u/PringlestheBingles	fn2u2at	C
2020-04-11 07:18:01.300724	u/Adorable-Worth	fn2uj52	u/Beanster9886	fn2t4kc	C
2020-04-11 07:18:29.863567	u/Blacksin01	fn2ukjl	u/Fu-Jay	fn2uasp	C
2020-04-11 07:18:42.638510	u/bakedbeansandwhich	fn2ui2e	u/ADM_Tetanus	fn2ua8o	C
2020-04-11 07:18:51.387714	u/BruceBannaner	fn2ul8e	u/Al_E_Borland	fn2ar97	C
2020-04-11 07:18:52.724915	u/Harriseeno78	fn2ul9q	u/RepostSleuthBot	fn2mamh	C
2020-04-11 07:19:33.954305	u/Punisher926	fn2umem	u/BigBeppis	fn2o4xd	C
2020-04-11 07:19:41.724716	u/Leather-Monitor	fn2umoe	u/Adorable-Worth	fn2uj52	C
2020-04-11 07:20:07.943015	u/MightyMarcus	fn2unpt	u/wolf_cy	fn2mt52	C
2020-04-11 07:20:56.507288	u/tom_on_catnip	fn2up83	u/Lionoras	fn2u90g	C
2020-04-11 07:21:11.737114	u/FGrammy	fn2upq4	u/Jeshik_s	fn2umw0	C
2020-04-11 07:21:42.961161	u/Erwin_the_Cat	fn2uqn9	u/Mumio22	fn2qm93	C
2020-04-11 07:22:12.019505	u/suggestions_username	fn2urjw	u/shitbot_420	fn2ucl3	C
2020-04-11 07:22:37.252032	u/SunshineWasTake	fn2us59	u/memez_reaper	fn2t8co	C
2020-04-11 07:22:50.587712	u/Hridleon	fn2uswf	u/RepostSleuthBot	fn2uiyv	C
2020-04-11 07:22:54.991785	u/ResQ_	fn2ut29	u/Flexions	fn2s156	C
2020-04-11 07:22:59.527519	u/Joshbence	fn2ut4d	u/Silviu200530	fn2unm9	C
2020-04-11 07:23:04.006512	u/Andrewthehero07	fn2ut9x	u/tester_720	fyug41	S
2020-04-11 07:23:15.494319	u/_Screw_The_Rules_	fn2utl7	u/GeneralTwaff	fn2pe8c	C
2020-04-11 07:23:23.598414	u/GODMarega	fn2utuu	u/YeeterofThyFeetus420	fn2spub	C
2020-04-11 07:23:31.145857	u/Frasereddy12	fn2uu7d	u/AveragePlus	fn2imiu	C
2020-04-11 07:23:44.968204	u/GameOfShadows	fn2uusx	u/Cat-Who-Wants-Cactus	fn2utpz	C
2020-04-11 07:24:02.011376	u/Knottsy212	fn2uvas	u/BloonsPopper_-	fn2uura	C
2020-04-11 07:24:15.061898	u/SarahBarnesBabe	fn2uvq3	u/c_4Catmar	fmzvbj3	C
2020-04-11 07:24:35.305867	u/vimalraz	fn2uwdc	u/hellgirl1707	fn2u3pz	C
2020-04-11 07:24:39.319820	u/prett_momes	fn2uwur	u/Spanish-Inquistion	fn2qi0b	C
2020-04-11 07:24:49.940834	u/deadriderofdead	fn2uuoh	u/_English_T_	fn2so6b	C
2020-04-11 07:25:19.832391	u/AG_285	fn2uxaq	u/Crimson_King_27	fn2ucic	C
2020-04-11 07:25:23.192037	u/zbombionykoala	fn2uxbm	u/Respect_Paying_Bot	fn2nsh0	C
2020-04-11 07:26:05.115553	u/MichaelIsNotHere	fn2uz5a	u/darshdesai4303	fn2tgwk	C
2020-04-11 07:26:18.385837	u/Jackyboifan	fn2uzq5	u/groudon2003	fn2uo3p	C
2020-04-11 07:26:27.180030	u/Dingo247	fn2uzwt	u/Delta_doggo	fn2rxm6	C
2020-04-11 07:26:35.292947	u/FreeekBroFreeek	fn2v0bs	u/Amser_the_Viet_Cong	fn2pz2h	C
2020-04-11 07:26:37.147208	u/shishodia_nikhil	fn2v0by	u/Amser_the_Viet_Cong	fn2pz2h	C
2020-04-11 07:26:39.904674	u/Prudent-Albatross	fn2v0gi	u/Erase_07	fn2r3ff	C
2020-04-11 07:26:44.455713	u/Danz214	fn2v0mg	u/BigBeppis	fn2o4xd	C
2020-04-11 07:26:54.964917	u/redderz09	fn2v0pt	u/-_N0_-	fn2r2rz	C
2020-04-11 07:27:08.587758	u/antisocialduckling	fn2v1as	u/UchihaSasukeandObito	fn2tnrs	C
2020-04-11 07:27:54.725274	u/TGHMatt	fn2v2x9	u/Ofton	fn2onwf	C
2020-04-11 07:28:14.516540	u/thisonedude_27	fn2v3rj	u/VanashinGlory	fmzov21	C
2020-04-11 07:28:18.981272	u/Xarveyi	fn2v44q	u/oofExicity	fmwzgup	C
2020-04-11 07:28:44.633721	u/JOKER12102004	fn2v4uf	u/br00kcraft	fn2tdt0	C
2020-04-11 07:29:06.338274	u/Zlecklamar	fn2v5h7	u/jwcruz0810	fn1379v	C
2020-04-11 07:29:21.253366	u/Sammy187361	fn2v616	u/dat_weaboo	fn2f721	C
2020-04-11 07:29:22.864050	u/Quiet-Committee	fn2v62q	u/WhyAmIUsingThis1	fn2r92z	C
2020-04-11 07:29:34.252980	u/Spyro1007	fn2v6g5	u/WovenHawk78321	fn2t6c5	C
2020-04-11 07:29:45.746868	u/fmsystem	fn2v6tc	u/Ice-cream_kitty	fn2v1s6	C
2020-04-11 07:29:48.039814	u/Skogsvandrare	fn2v72d	u/TotallyNotTorracat	fn2r3o3	C
2020-04-11 07:30:12.402546	u/CowboyRetr0	fn2v7ty	u/darknessblades	fn2v5z7	C
2020-04-11 07:30:23.713310	u/heavenfromhell997	fn2v87z	u/i_ate_grandpa	fn2uzsg	C
2020-04-11 07:30:37.753222	u/King_Erwin	fn2v8lw	u/PurpleFirebolt	fn2u8ju	C
2020-04-11 07:31:32.290610	u/Karem34	fn2v98r	u/MrTouchy17	fn2kmwk	C
2020-04-11 07:31:45.626992	u/jxcxb_o	fn2v9x3	u/theswagdodo11	fn2ubfc	C
2020-04-11 07:32:19.504453	u/twat752019	fn2vavr	u/atehate	fn2r00a	C
2020-04-11 07:32:51.480808	u/Suspicious-Addendum	fn2vbxr	u/RougeWalker	fn2rn02	C
2020-04-11 07:32:55.847526	u/Ar99mean	fn2vc2h	u/Amser_the_Viet_Cong	fn2pz2h	C
2020-04-11 07:33:29.683552	u/aaZ_Georg	fn2vd73	u/V_es	fn2uf77	C
2020-04-11 07:33:48.188899	u/elyonmydrill	fn2vdw4	u/Mohammad927	fn2rru8	C
2020-04-11 07:33:56.781639	u/stere0typewriter	fn2ve5w	u/MateuszMartyni	fn2vbbk	C
2020-04-11 07:36:14.586235	u/HistoricalMission8	fn2vhpn	u/MaverickBruh69	fn2sdi8	C
2020-04-11 07:38:04.790049	u/Black_JellyHD	fn2vn4h	u/SuperEdu111	fn2s928	C
2020-04-11 07:38:44.556714	u/Superkids108	fn2voza	u/Stunning-Recording	fn2v8xl	C
2020-04-11 07:39:50.503182	u/PlsBuffYuumi	fn2vrwi	u/Irevella	fn2ltz8	C
2020-04-11 07:39:52.955285	u/101dnj	fn2vrsz	u/Mighty_Dighty22	fn2oh6i	C
2020-04-11 07:39:58.097165	u/47KiNG47	fn2vs2s	u/luesewr	fn2rfk4	C
2020-04-11 07:39:58.682094	u/knightoftheidotic	fn2vs4b	u/stillanmcrfan	fn2n9xi	C
2020-04-11 07:40:38.482247	u/ThePaul1220	fn2vt3a	u/BwaBwa100	fn2llsc	C
2020-04-11 07:41:50.496744	u/rougewally1	fn2vvci	u/thereapererer	fn2uckz	C
2020-04-11 07:42:01.718776	u/badlight27	fn2vvsf	u/TehFuriousKid	fn2n554	C
2020-04-11 07:42:05.237281	u/RMP777	fn2vw0u	u/Dualday	fn2kazf	C
2020-04-11 07:42:29.464573	u/OKHammer142	fn2vwsz	u/That_Chicago_Boi	fn2r0np	C
2020-04-11 07:42:43.734735	u/Unlucky-Sandwich	fn2vxf6	u/espriminati	fn2o5ex	C
2020-04-11 07:42:48.215165	u/kingosanopp	fn2vxgu	u/Charles_the_duck69	fn2qfau	C
2020-04-11 07:42:51.377339	u/SerialDreamer7	fn2vxkc	u/BuiltlikeanOrc-a	fn2vs1d	C
2020-04-11 07:43:39.290234	u/i-like-doggo-	fn2vz2v	u/Bruh_Bot_	fn2qrrh	C
2020-04-11 07:43:41.386669	u/xFueY	fn2vz3q	u/_logger_	fn2vboy	C
2020-04-11 07:43:45.880841	u/niversally	fn2vz4t	u/tacticalheadband	fn2gz9i	C
2020-04-11 07:44:00.033870	u/doge-and-curry-	fn2vzkp	u/Kys4	fn2t9e5	C
2020-04-11 07:44:20.344579	u/tee-yu-en-ay	fn2w062	u/froggie-style-meme	fn2oozl	C
2020-04-11 07:44:39.749726	u/displacementbreak	fn2w0tk	u/Internative	fn2vudy	C
2020-04-11 07:45:11.105291	u/fuckingbehnam	fn2w1zg	u/MCBatesy	fmz5snb	C
2020-04-11 07:45:32.113202	u/Matthew_Necrozma	fn2w2vn	u/TeamTrySoft	fn2rj0e	C
2020-04-11 07:45:43.260846	u/Reasonable-Pirate	fn2w3ln	u/gospon_YT	fn2v2yg	C
2020-04-11 07:46:28.625960	u/Pseudu	fn2w55o	u/K_ev_in	fn2lrbu	C
2020-04-11 07:46:37.199317	u/Cloud3388	fn2w5k6	u/Capecodgurl	fn25450	C
2020-04-11 07:47:01.324270	u/Dizzregard	fn2w6kp	u/SlightZookeepergame5	fn2vicj	C
2020-04-11 07:47:24.187299	u/dj_panncake	fn2w84u	u/Francesco_Ultron	fz3eqq	S
2020-04-11 07:47:26.738262	u/Wuka98	fn2w84z	u/lone_blonderer	fn291en	C
2020-04-11 07:47:57.322219	u/butuanonbisay-on	fn2w8uj	u/Sammysoupcat	fn2w0tm	C
2020-04-11 07:47:58.906865	u/lynuxy	fn2w8vg	u/xXmunk3yf4c3Xx	fn2nyg9	C
2020-04-11 07:48:13.652298	u/SamanthaD1O1	fn2w9j0	u/KingProMemo123	fn2u9hx	C
2020-04-11 07:48:18.545597	u/4twenty-was-taken	fn2w9om	u/REMEMBEE	fn2w3z0	C
2020-04-11 07:49:08.881398	u/ZombieStrawberry	fn2wbiw	u/Crimson_King_27	fn2v7i7	C
2020-04-11 07:49:28.276901	u/Cian_Donovan_12	fn2wckv	u/DalekDec1963	fn2lvmp	C
2020-04-11 07:49:30.367699	u/Knutteh	fn2wcue	u/K_ev_in	fn2lrbu	C
2020-04-11 07:49:49.852673	u/Graffiti-addict	fn2wd5z	u/darkmodeyagami	fyzcgs	S
2020-04-11 07:49:53.962388	u/Panda2602	fn2wdn5	u/SowrKiwi	fn2w7la	C
2020-04-11 07:49:56.318350	u/MrDanMaster	fn2wdgb	u/JoeMamaAndThePapas	fn1wfzh	C
2020-04-11 07:52:07.327930	u/ChippyNugget	fn2wi64	u/TheToxicLogic	fytj41	S
2020-04-11 07:52:23.008783	u/56ab118	fn2winj	u/Bruh_Bot_	fn2wdoj	C
2020-04-11 07:52:33.121203	u/Honeythedogateourson	fn2wiy0	u/LaxLapo	fn2klpi	C
2020-04-11 07:52:38.884078	u/HUBIX_1231	fn2wj4z	u/Andrei-O	fn2w130	C
2020-04-11 07:52:43.927494	u/Flavazz	fn2wj9x	u/StylishGuy1234	fn2wigz	C
2020-04-11 07:52:49.519668	u/bwpro2021	fn2wjgm	u/matheussanthiago	fn2gduz	C
2020-04-11 07:53:38.451662	u/prisoner999	fn2wlnr	u/AlyssaAnus	fn2ub3f	C
2020-04-11 07:54:00.081343	u/Amribie	fn2wm0w	u/Morfilix	fn2ui36	C
2020-04-11 07:54:06.903773	u/dutchMaggot	fn2wmc4	u/MLGCombosYT	fn2svm0	C
2020-04-11 07:55:12.128590	u/Adassan	fn2woz0	u/Bruh_Bot_	fn1pago	C
2020-04-11 07:55:15.096847	u/farzin_94	fn2wpfm	u/Eren-Kruger	fn2n766	C
2020-04-11 07:56:05.946863	u/Pineapplesaintreal	fn2wquo	u/luckyman911	fn2wno0	C
2020-04-11 07:56:07.862174	u/dontwantausername_	fn2wqyc	u/Obi-wanna-cracker	fn2naeq	C
2020-04-11 07:56:35.550435	u/THE_OFFICIAL_NOBODY	fn2ws99	u/viewer-of-memes	fn2kg42	C
2020-04-11 07:56:44.506190	u/WA_SPY	fn2wr14	u/blurr609	fn2wpn1	C
2020-04-11 07:56:53.148160	u/Bazookatier	fn2wsc2	u/MartonMemes	fn1pc0q	C
2020-04-11 07:57:11.519458	u/ghostcat31	fn2wt18	u/ask312	fn2s9xr	C
2020-04-11 07:57:20.225556	u/nadzmirosli	fn2wtf2	u/CumDrinkingCatRapist	fn2l8uj	C
2020-04-11 07:57:58.426378	u/HobosWithTacos	fn2wutd	u/elektrik_jj	fn2qcuq	C
2020-04-11 07:58:07.258475	u/KysMePls	fn2wv83	u/white-_--	fn2nd6e	C
2020-04-11 07:58:21.611252	u/edugra_fri13	fn2wvvu	u/VxIO	fn2ufu1	C
2020-04-11 07:58:39.728198	u/memesftwmbot	fn2wwnx	u/njck-njck	fn1edgh	C
2020-04-11 07:59:22.763952	u/Demhoyas	fn2wxo8	u/TheRand0mTurkey	fn2wun4	C
2020-04-11 07:59:35.728409	u/USER-X15	fn2wz9s	u/TheToxicLogic	fn26gxi	C
2020-04-11 07:59:45.611925	u/Adler_Vania	fn2wzm4	u/TheRand0mTurkey	fn2wls5	C
