2020-04-05 05:00:03.272091	u/CattleDoggy	fmhcxv1	u/Sgt-Insane	fv4t65	S	I
2020-04-05 05:00:09.298276	u/Kanekii_Ken	fmhcxvl	u/wjraider2	fv7q4z	S	N
2020-04-05 05:00:17.458565	u/icrapmypants-_-	fmhcxxd	u/-Sigma1-	fmhcv25	C	I
2020-04-05 05:00:26.917657	u/DatTitan05	fmhcxxq	u/Rayleigh077	fv44ff	S	N
2020-04-05 05:00:38.489870	u/Zeldamaster736	fmhcxzd	u/ninjagold007	fv7qe9	S	N
2020-04-05 05:00:47.676372	u/jakethedumbmistake	fmhcy0o	u/riasisalba	fmhac0y	C	N
2020-04-05 05:00:59.486117	u/TheDv8or	fmhcy0q	u/osasuna	fv6rxe	S	N
2020-04-05 05:01:09.753728	u/elblo666	fmhcy0u	u/emerql	fv9g68	S	I
2020-04-05 05:01:22.065816	u/SnapshillBot	fmhcy15	u/GunterGoo	fvahzr	S	N
2020-04-05 05:01:32.277728	u/ShramanDas	fmhcy21	u/-grub-	fmh2ov8	C	N
2020-04-05 05:01:42.528150	u/MemesMod	fmhcy2c	u/DarthTitty101	fvahxt	S	N
2020-04-05 05:01:52.783435	u/lord_magnus_z0	fmhcy2x	u/B1GB10	fvahnw	S	N
2020-04-05 05:02:04.025449	u/RepostSleuthBot	fmhcy3x	u/MinionKeys	fmhcns6	C	I
2020-04-05 05:02:16.337218	u/Oldmate81	fmhcy4d	u/embracethemems	fmhcxfu	C	I
2020-04-05 05:02:27.588139	u/sum1gamer	fmhcy9x	u/Heywood_Jablomie_	fvahbq	S	N
2020-04-05 05:02:39.847700	u/a_fearless_soliloquy	fmhcyaz	u/wutthefreshyeet	fmhc7gx	C	N
2020-04-05 05:02:50.084470	u/SnapshillBot	fmhcybg	u/need-dispencer-here	fvai0p	S	I
2020-04-05 05:03:01.437935	u/Wsdies	fmhcydf	u/sasoaksn123	fvagfy	S	N
2020-04-05 05:03:13.699929	u/SnapshillBot	fmhcyj8	u/MINATO8622	fvai25	S	I
2020-04-05 05:03:25.000478	u/fantasie037	fmhcyjl	u/ruzzmeister	fvafkd	S	N
2020-04-05 05:03:37.310452	u/SnapshillBot	fmhcyk5	u/pranav2112	fvai1n	S	I
2020-04-05 05:03:49.527467	u/sarvk456	fmhcyou	u/tiniestvioilin	fmhbbn0	C	I
2020-04-05 05:04:00.692274	u/walnutsaredecent	fmhcypw	u/SVQO	fmh8nq5	C	N
2020-04-05 05:04:35.802793	u/captanacho	fmhextw	u/Yellowdoesgaming	fv9vr8	S	N
2020-04-05 05:04:48.263733	u/good_gamer2357	fmhexye	u/BruhNoob	fv9xqb	S	I
2020-04-05 05:05:00.476779	u/2020_Survivor	fmhexym	u/2020_Survivor	fmhe7ri	C	N
2020-04-05 05:05:12.882766	u/ShashankMaganti	fmhey59	u/ChubbiCorgie	fv4wbo	S	N
2020-04-05 05:05:36.297451	u/Zenzu_420	fmhey8w	u/Neither-Ask	fmhevmf	C	I
2020-04-05 05:05:49.508360	u/AutoModerator	fmheyar	u/larry-brad	fvavka	S	N
2020-04-05 05:06:00.762384	u/thicc-potatochipp-	fmheyb4	u/mrspinningtaco	fv6gce	S	N
2020-04-05 05:06:12.850976	u/milkvevo	fmheycw	u/Roboaaron1	fmhenpx	C	N
2020-04-05 05:06:26.441872	u/EpicArctic2	fmheyd8	u/AlchemyJug	fv3iak	S	I
2020-04-05 05:06:39.638714	u/dr-jaykay	fmheygj	u/dr-jaykay	fvauoy	S	N
2020-04-05 05:06:50.911093	u/Gilgamasss	fmheygm	u/Nyctophilite	fv9xjb	S	I
2020-04-05 05:07:04.098189	u/Achtunger	fmheygq	u/shubhamsinghlol	fval50	S	I
2020-04-05 05:07:17.307197	u/SpicyTapWater	fmheygv	u/hoomanussinensis	fvas0i	S	N
2020-04-05 05:07:29.331868	u/DJHypnotik	fmheyj9	u/Qvistenn	fvav1m	S	I
2020-04-05 05:07:42.387492	u/The_Radioactive_Rat	fmheysm	u/Frechel1	fmf7spt	C	N
2020-04-05 05:08:07.447393	u/HeLLNiNjA901	fmheyth	u/hellshot8	fmgz0hm	C	I
2020-04-05 05:08:19.430345	u/neversleeper92	fmheytz	u/hoomanussinensis	fvas0i	S	N
2020-04-05 05:08:44.350090	u/YrSenpai	fmheyww	u/MrTrump_Ready2Help	fmha31w	C	I
2020-04-05 05:08:56.160139	u/RepostSleuthBot	fmheyxc	u/amrarey	fmhevrc	C	I
2020-04-05 05:09:07.900690	u/MT__g	fmheyxi	u/heis3nbergg	fmheesd	C	N
2020-04-05 05:09:19.784952	u/TRoastedPotato	fmheyy6	u/RobinKissinger	fmhcgsc	C	N
2020-04-05 05:09:31.631808	u/Roboaaron1	fmhez55	u/milkvevo	fmheycw	C	N
2020-04-05 05:09:42.112820	u/AutoModerator	fmhez67	u/deleted	fvavqn	S	N
2020-04-05 05:09:52.744052	u/TRoastedPotato	fmhez6h	u/EmberPUBG	fvac3t	S	N
2020-04-05 05:10:00.891987	u/imasheep590	fmhezaa	u/spapui	fvavg2	S	I
2020-04-05 05:10:02.919746	u/UtoomadLoL	fmhezba	u/cam-nash	fv29yy	S	I
2020-04-05 05:10:07.371755	u/JonaBygg	fmhezbo	u/Nyctophilite	fv9xjb	S	I
2020-04-05 05:10:16.857832	u/LukeTheDuden	fmhezbz	u/TheFluffyIron	fmhevp1	C	I
2020-04-05 05:10:24.104322	u/Ph4nt0m_Hydra1	fmhezdv	u/Cornhub42	fvav1o	S	N
2020-04-05 05:10:32.306403	u/ChameleonBr0	fmheze6	u/dissapointmemt	fmhewzy	C	N
2020-04-05 05:10:51.078489	u/Galdunrag	fmhezfw	u/LOUPLAYZ28	fmh5lu5	C	I
2020-04-05 05:11:03.459568	u/this-is-sprocket	fmhezg6	u/cam-nash	fv29yy	S	I
2020-04-05 05:11:11.683739	u/AutoModerator	fmhezgk	u/keanureeves54	fvavpa	S	I
2020-04-05 05:11:23.380013	u/armin-lakatos	fmhezgv	u/TheRealWinDexTer	fv7psm	S	I
2020-04-05 05:11:31.546871	u/oranoos	fmhezgw	u/Dat_Chicken04	fmgf77e	C	N
2020-04-05 05:11:51.110898	u/i-Dubbbz	fmhezhm	u/PyroZCR	fmgx6il	C	I
2020-04-05 05:12:02.651905	u/ANR00CH	fmhezi8	u/MEANDMYTHOTS	fv7vxz	S	I
2020-04-05 05:12:10.863589	u/nameofanuser	fmheziu	u/Andy_boio	fvar1d	S	N
2020-04-05 05:12:22.118096	u/dadjoke94	fmhezjw	u/cameroncaml	fmheslt	C	N
2020-04-05 05:12:32.553306	u/RibShaqq	fmhezk5	u/cam-nash	fv6a8q	S	I
2020-04-05 05:12:43.788909	u/shubhamsinghlol	fmhezkj	u/Achtunger	fmheygq	C	N
2020-04-05 05:12:54.049386	u/Achtunger	fmhezp0	u/dragonairregaming	fvaky0	S	N
2020-04-05 05:13:03.415994	u/AndreyRussian1	fmhezr7	u/Stormblessed132	fmhahp0	C	I
2020-04-05 05:13:13.616383	u/call_me_justin1	fmhezs9	u/CommunistAtheist	fmgj8jo	C	I
2020-04-05 05:13:22.883051	u/memeatic_ape	fmhezsz	u/hoomanussinensis	fvas0i	S	N
2020-04-05 05:13:44.383018	u/MisterKraken	fmhezx8	u/woodendoors7	fmhbu4y	C	I
2020-04-05 05:13:55.714893	u/_salad_queen_	fmhezz4	u/TotallyNotGameWorthy	fv76mi	S	I
2020-04-05 05:14:05.886704	u/ThisUserAboveMeisgay	fmhf00g	u/O-YES-DADDY	fmh3edh	C	I
2020-04-05 05:14:17.214221	u/is-it-i	fmhf01h	u/pilotii101	fva858	S	I
2020-04-05 05:14:26.365368	u/XB2006	fmhf024	u/-Pandoxa-	fmhel0i	C	I
2020-04-05 05:14:36.515747	u/OcToPuS470	fmhf04u	u/Dzilija	fmhewn9	C	I
2020-04-05 05:14:45.633466	u/YaYeetingBoi	fmhf04y	u/shinylungburger	fmgzz2v	C	I
2020-04-05 05:15:04.973522	u/MightyPhoenix7	fmhf08r	u/Stefan_undnochwas	fmheh7p	C	I
2020-04-05 05:15:15.237260	u/SnapshillBot	fmhf09i	u/uhhsamurai	fvau5v	S	N
2020-04-05 05:15:25.433419	u/TheFluffyIron	fmhf0a4	u/FriedFrenchFries	fvamri	S	N
2020-04-05 05:15:35.600730	u/Karen-WHYYYYYY	fmhf0ao	u/modernwarfarestfsarg	fmh8zgi	C	I
2020-04-05 05:15:54.869387	u/RedditforCoronaTime	fmhf0as	u/HSD112	fmhbtmr	C	I
2020-04-05 05:16:05.021352	u/captanacho	fmhf0bf	u/shubhamsinghlol	fval50	S	I
2020-04-05 05:16:14.079783	u/LukeTheDuden	fmhf0g2	u/BilboBlakenz	fmhew22	C	N
2020-04-05 05:16:24.180785	u/MegaPompoen	fmhf0jr	u/Idontknowbutok106	fmh0hr4	C	N
2020-04-05 05:16:34.312421	u/realraeil	fmhf0la	u/Jake_Horton	fvau0z	S	I
2020-04-05 05:16:44.011186	u/GGDOCTOR	fmhf0m0	u/Krythulu	fv35s8	S	N
2020-04-05 05:17:04.212351	u/JayneBayne96	fmhf0me	u/XtremeSirnica	fmhcska	C	I
2020-04-05 05:17:15.266856	u/GArceas	fmhf0nd	u/SendEldritchHorrors	fmh00fz	C	N
2020-04-05 05:17:27.426449	u/MemesMod	fmhf0qg	u/deleted	fvavth	S	N
2020-04-05 05:17:37.453141	u/jesarin	fmhf0rp	u/2020_Survivor	fmhesi5	C	N
2020-04-05 05:17:57.559124	u/RibShaqq	fmhf0sm	u/Just_a_log	fmh82pw	C	I
2020-04-05 05:18:08.591565	u/milkvevo	fmhf0sr	u/Roboaaron1	fmhez55	C	N
2020-04-05 05:18:17.910478	u/dense111	fmhf0tg	u/yourpantsaretoobig	fv7h4p	S	I
2020-04-05 05:18:27.919016	u/Things_I_do_lmao	fmhf0tv	u/_jun_yi_	fv8y8z	S	I
2020-04-05 05:18:38.121454	u/qwerty44279	fmhf0um	u/Nyctophilite	fv9xjb	S	I
2020-04-05 05:18:51.287725	u/Exotic_Breadstick	fmhf0uy	u/yoyoboyo95	fuyqp2	S	N
2020-04-05 05:19:02.252123	u/AutoModerator	fmhf0wm	u/GoodOlRyan	fvaw2y	S	N
2020-04-05 05:19:15.964630	u/SpicyTapWater	fmhf0xb	u/Dicepbp	fvaqhk	S	I
2020-04-05 05:19:29.786734	u/ThisUserAboveMeisgay	fmhf0yz	u/O-YES-DADDY	fmfet00	C	I
2020-04-05 05:19:43.469415	u/PoliticalCorrectguy	fmhf11l	u/metalmint	fmhd9n8	C	N
2020-04-05 05:19:56.901713	u/Achtunger	fmhf12p	u/AcademicHen72	fvakil	S	N
2020-04-05 05:20:01.103135	u/FriedFrenchFries	fmhf167	u/Bosconvich96	fvaemf	S	N
2020-04-05 05:20:02.255576	u/TRoastedPotato	fmhf16h	u/deleted	fvabj9	S	N
2020-04-05 05:20:04.456517	u/ovrmyheadredit	fmhf18i	u/Valexar	fvap3z	S	N
2020-04-05 05:20:08.634681	u/Brucemoose1	fmhf19i	u/spoodermen6969	fvavk5	S	I
2020-04-05 05:20:14.848795	u/2020_Survivor	fmhf1ak	u/12cheese21	fvaviw	S	N
2020-04-05 05:20:23.111778	u/MemesMod	fmhf1e6	u/hakkiii	fvaw19	S	N
2020-04-05 05:20:31.825830	u/Tgijamez	fmhf1ew	u/osasuna	fv6rxe	S	N
2020-04-05 05:20:43.104441	u/Martinuz01	fmhf1gs	u/p3rs0n_man	fmh49jc	C	N
2020-04-05 05:20:51.623582	u/Cyan_Tile	fmhf1gw	u/Oldmate81	fv7rru	S	I
2020-04-05 05:21:02.055776	u/MegaPompoen	fmhf1i0	u/muffins226	fv50jc	S	I
2020-04-05 05:21:10.750529	u/Darkshadows244	fmhf1ic	u/DaKatos	fv5c57	S	N
2020-04-05 05:21:24.026558	u/cable787	fmhf1nd	u/vc615923	fv2k3f	S	I
2020-04-05 05:21:34.399446	u/omnicron9	fmhf1o2	u/Overworldhero	fv8mj5	S	I
2020-04-05 05:21:45.579827	u/sunshinepanther	fmhf1p8	u/Rotorboy21	fmgu92d	C	I
2020-04-05 05:21:58.957763	u/Dav_the_genius	fmhf1q1	u/Roc_na_na	fvastq	S	I
2020-04-05 05:22:21.409938	u/MemesMod	fmhf1s1	u/deleted	fvaw44	S	N
2020-04-05 05:22:34.644457	u/woodendoors7	fmhf1sb	u/MisterKraken	fmhezx8	C	I
2020-04-05 05:22:58.106950	u/TheEGreatFish	fmhf1t7	u/Hercules69Soul	fmhcn0r	C	I
2020-04-05 05:23:12.451120	u/Letsgochamp290103	fmhf1uf	u/SirEzroid	fmgu9nj	C	N
2020-04-05 05:23:23.648501	u/Prestigious-Falcon	fmhf1uj	u/comic__daily	fvaltp	S	I
2020-04-05 05:23:36.897752	u/Dakemonster	fmhf1y6	u/Starwarsmemes13	fv99bu	S	I
2020-04-05 05:23:50.409804	u/wasitytm	fmhf20t	u/Malindu99	fv92k1	S	N
2020-04-05 05:24:01.703687	u/TheBritishAced	fmhf21m	u/setmee	fv9y29	S	N
2020-04-05 05:24:14.902587	u/AllfathersRiders	fmhf221	u/KSewLay	fmhck3d	C	N
2020-04-05 05:24:29.304229	u/spacetoast99	fmhf24w	u/Rickorileyosulleven	fva1fc	S	N
2020-04-05 05:24:39.401052	u/greenphrog	fmhf270	u/Holzinator007	fvaw1m	S	I
2020-04-05 05:24:53.679010	u/Emilo1015	fmhf27t	u/Roc_na_na	fvastq	S	I
2020-04-05 05:25:06.830194	u/RepostSleuthBot	fmhf28b	u/akuma231456	fmhexp5	C	I
2020-04-05 05:25:18.930725	u/e3172	fmhf29f	u/Malindu99	fmh5dzc	C	N
2020-04-05 05:25:31.464594	u/M4rkoz	fmhf2cn	u/lordofurjings	fv6q1w	S	N
2020-04-05 05:25:44.569331	u/FunGryphon	fmhf2e5	u/deleted	fme8far	C	N
2020-04-05 05:25:57.817629	u/Trisley12	fmhf2hn	u/pilotii101	fva858	S	I
2020-04-05 05:26:09.928058	u/enissay2	fmhf2i9	u/anonymus725	fvautf	S	N
2020-04-05 05:26:36.200244	u/DeRealBatman	fmhf2ik	u/SeriousUndead30	fmhesu5	C	I
2020-04-05 05:26:49.252857	u/lupus_mortuus_est	fmhf2jp	u/DangitCuteKoalas	fmheo82	C	N
2020-04-05 05:26:59.163656	u/RepostSleuthBot	fmhf2ov	u/_maut_ka_saudagar	fmhex6a	C	N
2020-04-05 05:27:13.452115	u/Ragnadrok	fmhf2pf	u/ItsZlayers	fv8444	S	I
2020-04-05 05:27:25.520576	u/katgoyangi	fmhf2qw	u/stevie___	fvaw3f	S	N
2020-04-05 05:27:37.867982	u/B37yr	fmhf2r2	u/itsAsiangarbage	fv50zf	S	I
2020-04-05 05:27:49.906430	u/whatsgucciaye	fmhf2up	u/bhavjotpahuja	fvalrf	S	N
2020-04-05 05:28:04.395050	u/minaloveryay	fmhf2us	u/TheRealWinDexTer	fv7psm	S	I
2020-04-05 05:28:30.493200	u/thepinkspacedragon	fmhf2uv	u/SixxSe7eN	fmhcx7g	C	I
2020-04-05 05:28:44.777085	u/darkmodeyagami	fmhf2vr	u/heis3nbergg	fv8kei	S	N
2020-04-05 05:28:58.096419	u/RandAlThorMessedUp	fmhf2yj	u/IfTheHouseBurnsDown	fut06r	S	N
2020-04-05 05:29:11.925737	u/Piet-Peter-Pietersen	fmhf2z2	u/jockerman01	fmg69gw	C	N
2020-04-05 05:29:25.843807	u/MemesMod	fmhf319	u/Chriseria90	fun1rn	S	N
2020-04-05 05:29:54.600103	u/CheeezBlue	fmhf31f	u/bunnywithahammer	fmhd944	C	I
2020-04-05 05:30:01.931583	u/TheEGreatFish	fmhf33s	u/Hercules69Soul	fmhcne3	C	I
2020-04-05 05:30:06.101576	u/Roc_na_na	fmhf34v	u/Dav_the_genius	fmhf1q1	C	N
2020-04-05 05:30:12.412315	u/Yaboiruiben	fmhf35h	u/wjraider2	fv7q4z	S	N
2020-04-05 05:30:18.538719	u/Ap0them	fmhf36h	u/izameamario	fmha3rj	C	N
2020-04-05 05:30:38.157268	u/ulothrixboi	fmhf36z	u/SeriousUndead30	fmhczcc	C	I
2020-04-05 05:30:45.658180	u/wlogan0204	fmhf37b	u/RiskierSubsetR	fvactn	S	N
2020-04-05 05:30:55.892080	u/dissapointmemt	fmhf37i	u/ChameleonBr0	fmheze6	C	N
2020-04-05 05:31:06.665773	u/smoothie_owo	fmhf3bq	u/End3rW1gg1n	fv6imb	S	N
2020-04-05 05:31:16.911391	u/piuamaster	fmhf3c5	u/RepostSleuthBot	fmh7kkp	C	I
2020-04-05 05:31:27.212407	u/HakakaPraveen	fmhf3d1	u/imaginePunnything	fv9jmd	S	I
2020-04-05 05:31:37.506534	u/ukaka	fmhf3da	u/deleted	fvav31	S	N
2020-04-05 05:31:47.825233	u/AutoModerator	fmhf3g5	u/dwightbearschrute	fvawjn	S	N
2020-04-05 05:31:58.034696	u/lulubridge	fmhf3gm	u/Noahbradley125	fmh7dfo	C	I
2020-04-05 05:32:09.586496	u/Osgur-turtle	fmhf3hn	u/BruhNoob	fv9xqb	S	I
2020-04-05 05:32:21.182523	u/clone_ranger	fmhf3hp	u/Fist_dem_goats	fv8387	S	I
2020-04-05 05:32:32.802262	u/KawwaiiKat	fmhf3hx	u/BruhNoob	fv9xqb	S	I
2020-04-05 05:32:45.227196	u/Random_Metroid_Fan	fmhf3j7	u/ToughBeingAPig	fv23i4	S	I
2020-04-05 05:32:57.562111	u/Prestigious-Falcon	fmhf3jg	u/bhavjotpahuja	fvalrf	S	N
2020-04-05 05:33:07.722720	u/AdorableKiwi16	fmhf3li	u/justsomeshittyposts	fmhcigu	C	N
2020-04-05 05:33:18.912003	u/yourpantsaretoobig	fmhf3oa	u/proskillsdude	fmhegn8	C	I
2020-04-05 05:33:31.380107	u/metal-head-	fmhf3pi	u/muffins226	fv50jc	S	I
2020-04-05 05:33:54.853171	u/cameroncaml	fmhf3pn	u/dadjoke94	fmhezjw	C	I
2020-04-05 05:34:08.418925	u/Ser_Cumcakes	fmhf3rp	u/wjraider2	fv7q4z	S	N
2020-04-05 05:34:20.636444	u/komornik_	fmhf3s2	u/vc615923	fv2k3f	S	I
2020-04-05 05:34:51.189410	u/0utcazt	fmhf3v4	u/proskillsdude	fmhegn8	C	I
2020-04-05 05:35:07.611025	u/Renoaker	fmhf3vf	u/pilotii101	fva858	S	I
2020-04-05 05:35:21.756597	u/MemesMod	fmhf3xm	u/CanDo696969	fvawgp	S	N
2020-04-05 05:35:53.293030	u/Dav_the_genius	fmhf3z1	u/Roc_na_na	fmhf34v	C	I
2020-04-05 05:36:08.413480	u/StalinsLoveChild	fmhf3ze	u/LetsEatAPerson	fmh117e	C	N
2020-04-05 05:36:23.955521	u/TheguywholikesReddit	fmhf3zv	u/AlexBrior	fv6aa9	S	N
2020-04-05 05:36:37.990761	u/born-a-wolf7650	fmhf40e	u/DanielMcLatchie	fmghv7m	C	N
2020-04-05 05:36:54.191806	u/freecandyforkids69	fmhf40j	u/crazypersononboard	fmh3rf3	C	I
2020-04-05 05:37:10.836959	u/frog--boy	fmhf40o	u/Shagurope	fv9w44	S	I
2020-04-05 05:37:27.248016	u/somebodytoldmetheerr	fmhf40z	u/Malindu99	fv92k1	S	N
2020-04-05 05:37:59.501494	u/ChameleonBr0	fmhf41g	u/OakTree1203	fmhexdp	C	I
2020-04-05 05:38:33.905843	u/JokerMain03	fmhf423	u/Enioks	fmg6tip	C	I
2020-04-05 05:38:51.124645	u/Blulien	fmhf42z	u/i_am_a_quip	fvafab	S	I
2020-04-05 05:39:25.185531	u/ivanaparty_420	fmhf438	u/GravityFallsChicken	fmbiyjx	C	I
2020-04-05 05:39:41.913025	u/imasheep590	fmhf442	u/deleted	fvav31	S	N
2020-04-05 05:39:59.040933	u/XB2006	fmhf44b	u/Martinuz01	fmhf1gs	C	I
2020-04-05 05:40:01.217158	u/Things_I_do_lmao	fmhf450	u/mkhl2003	fv9z4u	S	N
2020-04-05 05:40:02.334687	u/shleyal19	fmhf47w	u/luna_watchgirl	fmgc06k	C	I
2020-04-05 05:40:05.530967	u/SnapshillBot	fmhf49b	u/help_me_96	fvau1t	S	N
2020-04-05 05:40:10.763036	u/Dzilija	fmhf4a7	u/OcToPuS470	fmhf04u	C	I
2020-04-05 05:40:16.958717	u/KSewLay	fmhf4cf	u/AllfathersRiders	fmhf221	C	N
2020-04-05 05:40:24.232143	u/MadB1009	fmhf4ck	u/NotBrigitte	fvatf1	S	N
2020-04-05 05:40:33.799721	u/dr-jaykay	fmhf4cs	u/BruhNoob	fv9xqb	S	I
2020-04-05 05:40:52.380221	u/dabomb127	fmhf4cu	u/xXk11lerXx	fmg0jz2	C	I
2020-04-05 05:41:02.899433	u/HydeFromJekyll7	fmhf4g6	u/ChubbiCorgie	fv4wbo	S	N
2020-04-05 05:41:12.127294	u/Corona-Beer-is-cure	fmhf4i7	u/D3RPB00ZLE	fmgxhxo	C	N
2020-04-05 05:41:22.376181	u/wlogan0204	fmhf4ir	u/HelpMyCatDorian	fmhe494	C	N
2020-04-05 05:41:31.896624	u/ConnorDiesel	fmhf4kb	u/BruhNoob	fv9xqb	S	I
2020-04-05 05:41:41.085114	u/Enioks	fmhf4kf	u/JokerMain03	fmhf423	C	I
2020-04-05 05:41:50.290103	u/GinoPietermaa1	fmhf4kg	u/Luc1_F0x	fmheual	C	I
2020-04-05 05:41:59.888873	u/NexusBlasst	fmhf4m6	u/Shagurope	fv9w44	S	I
2020-04-05 05:42:18.364031	u/wirr3	fmhf4mg	u/Tweezee331	fmhdg2m	C	I
2020-04-05 05:42:37.900884	u/killerlu45	fmhf4n5	u/someonefinaly	fmhemy4	C	I
2020-04-05 05:42:48.117438	u/DJHypnotik	fmhf4n9	u/MoralityStrikes	fmhexsc	C	N
2020-04-05 05:43:06.565980	u/NOTMystik_	fmhf4nb	u/lulubridge	fmhf3gm	C	I
2020-04-05 05:43:16.783703	u/XB2006	fmhf4nu	u/mrsuns10	fmh7zzw	C	I
2020-04-05 05:43:26.113396	u/ulothrixboi	fmhf4ps	u/Orangeknight464	fvaj2h	S	I
2020-04-05 05:43:36.327650	u/born-a-wolf7650	fmhf4qn	u/StressedTinkiwinki	fmglna3	C	N
2020-04-05 05:43:46.813085	u/HoodedCowl	fmhf4rr	u/Mr_Goodman23	fv8sj3	S	N
2020-04-05 05:43:58.223127	u/akario1224	fmhf4s2	u/wjraider2	fv7q4z	S	N
2020-04-05 05:44:18.660461	u/B37yr	fmhf4s8	u/itsAsiangarbage	fmghb7t	C	I
2020-04-05 05:44:27.198763	u/QuanTheLegendX	fmhf4tm	u/MultipleFace1	fv7cye	S	I
2020-04-05 05:44:40.717203	u/mcstonksfrommcbonks	fmhf4vm	u/I-MeZiTA-I	fv9h3t	S	I
2020-04-05 05:44:51.914298	u/AutoModerator	fmhf4x2	u/piratepowder	fvawuf	S	N
2020-04-05 05:45:27.125920	u/ES218LOL	fmhh1l2	u/itsAsiangarbage	fv50zf	S	I
2020-04-05 05:45:49.385599	u/TigerTheDefiler	fmhh1lb	u/ConfusedShibaInu	fmhgs0t	C	I
2020-04-05 05:46:02.569609	u/Unlust	fmhh1nf	u/osmirosales	fmhbywd	C	N
2020-04-05 05:46:13.709813	u/povylas	fmhh1ob	u/Muti248	fv2jg1	S	N
2020-04-05 05:46:27.037887	u/lolatronnn	fmhh1oe	u/Philipp_01	fuv27g	S	I
2020-04-05 05:46:42.991208	u/driverofcar	fmhh1ok	u/FalconPhantom	fv9dd3	S	N
2020-04-05 05:47:00.186243	u/EthanielClyne	fmhh1r7	u/MEANDMYTHOTS	fmhgzz0	C	I
2020-04-05 05:47:15.232173	u/origien	fmhh1sg	u/TXVERAS	fvb3pk	S	I
2020-04-05 05:47:31.250408	u/HakakaPraveen	fmhh1sm	u/Geekxter	fmhgtx5	C	N
2020-04-05 05:47:47.314091	u/a_fearless_soliloquy	fmhh1t3	u/Slav_the_survivor_69	fvawty	S	I
2020-04-05 05:48:02.777620	u/TouchMaHole	fmhh1xm	u/FalconPhantom	fv9dd3	S	N
2020-04-05 05:48:17.629556	u/RepostSleuthBot	fmhh1xp	u/SirDrakos134	fmhgp1p	C	N
2020-04-05 05:48:33.579280	u/harolddawizard	fmhh1y9	u/kdawg420yolo	fmhdyfe	C	I
2020-04-05 05:48:49.586086	u/Tailmask	fmhh1za	u/W1DD3XY	fvb9t0	S	I
2020-04-05 05:49:05.582064	u/fousiaane	fmhh1ze	u/AdrianGay	fv9q62	S	N
2020-04-05 05:49:20.274907	u/C137Ivy	fmhh1zt	u/TheHellcatBandit	fva4cy	S	I
2020-04-05 05:49:36.140779	u/xX_Roasty_Toasty_Xx	fmhh20y	u/FriedFrenchFries	fvamri	S	N
2020-04-05 05:49:52.993347	u/guyDinazor	fmhh21d	u/TheHellcatBandit	fv4svk	S	I
2020-04-05 05:50:01.078507	u/ThatYellowElephant	fmhh21f	u/d3athpr0xy	fmhgx2z	C	I
2020-04-05 05:50:02.258444	u/atehate	fmhh21j	u/RetrogradeIntellect	fva701	S	I
2020-04-05 05:50:03.410077	u/Asthaerya	fmhh226	u/mister_dead_inside	fvb8r1	S	I
2020-04-05 05:50:05.572834	u/Oumashu345	fmhh22o	u/I_Like_Something	fmf8twu	C	N
2020-04-05 05:50:15.989690	u/Diogann	fmhh2f2	u/rslashlmao-_-	fmhh1bj	C	I
2020-04-05 05:50:23.981886	u/BabushkaTank	fmhh2jy	u/FalconPhantom	fv9dd3	S	N
2020-04-05 05:50:32.669882	u/Tragarful_Law	fmhh2k8	u/heis3nbergg	fv8kei	S	N
2020-04-05 05:50:44.090749	u/Jfyee	fmhh2m0	u/emilstafrin	fvb10y	S	I
2020-04-05 05:50:53.370157	u/NintendoStation4	fmhh2q8	u/Muhaimin554	fmgwlsi	C	I
2020-04-05 05:51:03.855336	u/Mr_Squires	fmhh2qx	u/muffins226	fv50jc	S	I
2020-04-05 05:51:13.108338	u/A70guy	fmhh2sa	u/Cronkwjo	fmh443c	C	I
2020-04-05 05:51:23.429511	u/ROODODODODOOO	fmhh2t7	u/tomstnd	fv9y3f	S	N
2020-04-05 05:51:34.039147	u/IllustriousApricot0	fmhh2tw	u/Fist_dem_goats	fv8387	S	I
2020-04-05 05:51:43.234890	u/W1DD3XY	fmhh2u6	u/Tailmask	fmhh1za	C	N
2020-04-05 05:51:53.458835	u/2020_Survivor	fmhh2xp	u/Linzinator	fmhgslh	C	N
2020-04-05 05:52:04.303907	u/Jey-08	fmhh2yi	u/osasuna	fv6rxe	S	N
2020-04-05 05:52:14.528103	u/xiew1	fmhh2yw	u/Slowhandsmoose	fmhgo8z	C	N
2020-04-05 05:52:24.058148	u/BlackHelmet_guy	fmhh379	u/PuggyOG	fv7mum	S	I
2020-04-05 05:52:34.387185	u/MeHasInternet	fmhh37a	u/Snake_Bomber	fvba0k	S	I
2020-04-05 05:52:44.593663	u/MEANDMYTHOTS	fmhh37h	u/EthanielClyne	fmhh1r7	C	I
2020-04-05 05:52:54.868954	u/officialnra	fmhh38a	u/W1DD3XY	fvb9t0	S	I
2020-04-05 05:53:06.018097	u/Baconator137	fmhh3ag	u/wjraider2	fv7q4z	S	N
2020-04-05 05:53:18.236991	u/100000-Ducks	fmhh3b5	u/Philipp_01	fuywsg	S	I
2020-04-05 05:53:27.393985	u/AutoModerator	fmhh3c8	u/deleted	fvbahj	S	N
2020-04-05 05:53:52.979749	u/ijustkicked22	fmhh3cd	u/bigchonk13	fmhgzxt	C	I
2020-04-05 05:54:03.129466	u/Manzar534	fmhh3jg	u/PigeonExcorcist	fmhgxm2	C	N
2020-04-05 05:54:16.413977	u/Pryce-G	fmhh3js	u/W1DD3XY	fvb9t0	S	I
2020-04-05 05:54:30.109266	u/SIMPLEassNAME	fmhh3ku	u/BruhNoob	fv9xqb	S	I
2020-04-05 05:54:40.210388	u/XB2006	fmhh3lr	u/hentaislayerz	fmhh0xw	C	N
2020-04-05 05:54:53.496548	u/Vinon540	fmhh3m2	u/W1DD3XY	fvb9t0	S	I
2020-04-05 05:55:07.119139	u/I-Am-The-True-Elder	fmhh3m8	u/AlexBrior	fv6aa9	S	N
2020-04-05 05:55:18.217438	u/Zunaryon	fmhh3o0	u/XxXcreamy	fmflhj0	C	N
2020-04-05 05:55:32.483740	u/MemesMod	fmhh3o5	u/CHOMPER_DX	fvbaes	S	N
2020-04-05 05:55:58.893738	u/DrYeetus	fmhh3pw	u/NCFP12	fmhgz8t	C	I
2020-04-05 05:56:09.969885	u/AviusAnima	fmhh3qu	u/RepostSleuthBot	fmheyxc	C	I
2020-04-05 05:56:24.832546	u/RomaruDarkeyes	fmhh3ry	u/DJMoney329	fv7bfk	S	N
2020-04-05 05:56:36.889446	u/W1DD3XY	fmhh3sv	u/officialnra	fmhh38a	C	I
2020-04-05 05:56:49.117967	u/crazypersononboard	fmhh3ux	u/thatonevidonphub	fvar1y	S	N
2020-04-05 05:57:02.300488	u/redneck-james	fmhh3v3	u/wensleydalecheis	fvb16e	S	N
2020-04-05 05:57:15.356832	u/FrozenTeddyBear	fmhh3v9	u/RepostSleuthBot	fmhdas0	C	I
2020-04-05 05:57:28.514963	u/PrinceXLoFi	fmhh3vu	u/Orangeknight464	fvaj2h	S	I
2020-04-05 05:57:42.611650	u/A70guy	fmhh3xd	u/Cronkwjo	fmh443c	C	I
2020-04-05 05:57:54.702743	u/RepostSleuthBot	fmhh3xm	u/MTPROJECTS	fvajs1	S	N
2020-04-05 05:58:06.634808	u/Benev22	fmhh3zb	u/naveedkoval	fmhcfpg	C	N
2020-04-05 05:58:34.954983	u/xCrapyx	fmhh3zz	u/stcbdg	fmhgtbt	C	I
2020-04-05 05:58:48.007973	u/jan1000000	fmhh40d	u/Kerrawesome	fv96jk	S	I
2020-04-05 05:59:00.952196	u/lumbdi	fmhh41s	u/ObiJuanKenobi3	fmhaqgu	C	N
2020-04-05 05:59:29.138942	u/Geekxter	fmhh42l	u/HakakaPraveen	fmhh1sm	C	I
2020-04-05 05:59:43.242051	u/RepostSleuthBot	fmhh44k	u/fungigamer	fmhgl5j	C	I
2020-04-05 05:59:54.992990	u/nameofanuser	fmhh45n	u/PigeonExcorcist	fmhh05x	C	N
2020-04-05 06:00:01.722843	u/shinegalaxyFG	fmhh45q	u/FalconPhantom	fv9dd3	S	N
