2020-03-25 16:00:14.157175	u/consumerofbread56	flhncx6	u/gonaldgoose6	flhioci	C
2020-03-25 16:00:27.488037	u/CoochieBoogie95	flhndge	u/Dave30954	flhn84h	C
2020-03-25 16:00:32.253472	u/Slashbl0ck	flhndlh	u/mistermuesli	flgu7xl	C
2020-03-25 16:00:37.489410	u/Idkofagoodname	flhndua	u/AutoModerator	flhmrix	C
2020-03-25 16:01:08.743757	u/Tolga05	flhnf1x	u/-EzWaY-	flh0q6d	C
2020-03-25 16:01:11.248954	u/Felispe23	flhnf4a	u/MIN3WARSC	flhhdti	C
2020-03-25 16:01:21.609729	u/Lazuli_728	flhnfhn	u/GhozT_GaminG05	flhn96s	C
2020-03-25 16:01:25.191920	u/finnro	flhnfks	u/Quija5000	flhn0xd	C
2020-03-25 16:01:27.568381	u/craaaaaay	flhnfn7	u/CinKM4D	flh8whz	C
2020-03-25 16:01:33.261907	u/Dogemaster_20	flhnft0	u/CinKM4D	flh8whz	C
2020-03-25 16:01:40.542007	u/Cold-Snap-qqq	flhng0c	u/AutoModerator	flfs682	C
2020-03-25 16:02:10.150114	u/policypenguin	flhngjw	u/CinKM4D	flh8whz	C
2020-03-25 16:02:12.575192	u/BlackHawkUH6024	flhngjv	u/superblooperboss	flh8rj6	C
2020-03-25 16:02:50.565112	u/Eatmydonkey1	flhnhof	u/Hal_9000_1000	flhnanb	C
2020-03-25 16:03:12.687261	u/jagjathewoodelf	flhni6k	u/Breadfruit123	flhkb02	C
2020-03-25 16:03:17.416139	u/okaymoskitoe	flhni94	u/ExternalClock89	flginbj	C
2020-03-25 16:03:35.973045	u/wooden_month	flhniuk	u/CheeseVitamins	flh01ma	C
2020-03-25 16:04:07.607516	u/dancc_mems	flhnjr2	u/line_eliminate	flgxe9z	C
2020-03-25 16:04:21.490485	u/Troallsting	flhnk2g	u/A2X-iZED	flh1nwz	C
2020-03-25 16:04:25.724107	u/SMo-Mieboo	flhnk78	u/CinKM4D	flh8whz	C
2020-03-25 16:04:44.117900	u/Dank_Evo	flhnkoi	u/racerfree	flhlbim	C
2020-03-25 16:04:52.842083	u/SlaveToStupidity	flhnkty	u/Tru_Drone_Videos	flhnj5f	C
2020-03-25 16:05:06.203886	u/ThatGuyInCADPAT	flhnlfk	u/kblas420	flhk9iw	C
2020-03-25 16:05:30.082998	u/deadcodone	flhork1	u/ArchIllager	flhb72i	C
2020-03-25 16:05:50.123883	u/3zzi3b0y	flhos88	u/Pigpenlordofdirt	flh8xt6	C
2020-03-25 16:05:53.234514	u/teringmeneer	flhos9u	u/MonkeyClause	flgptjh	C
2020-03-25 16:05:55.239876	u/IamPolarBear4591	flhosab	u/CinKM4D	flhfcsy	C
2020-03-25 16:05:59.795639	u/Mattriel	flhoscp	u/Pigpenlordofdirt	flhmg3t	C
2020-03-25 16:06:02.774458	u/TrueGokuto	flhoshe	u/annoying_ravenclaw	flgv37u	C
2020-03-25 16:06:20.914263	u/movies132	flhot7d	u/ThatGuyInCADPAT	flhoccp	C
2020-03-25 16:06:47.879622	u/angelikaka	flhou0k	u/CurrentlyForking	flgvx0w	C
2020-03-25 16:06:51.589620	u/jemp16	flhou24	u/Pigpenlordofdirt	flhl1ub	C
2020-03-25 16:07:12.736500	u/germophobe123	flhouxo	u/21052016	flhitai	C
2020-03-25 16:07:16.225170	u/Jackson38epicdab	flhouzp	u/UrBoiKrisp	flhofdc	C
2020-03-25 16:07:29.943335	u/1ns_0mniac	flhovnq	u/Appah0625	flhgkvs	C
2020-03-25 16:07:39.666668	u/magicpicklemab	flhow6i	u/AutoModerator	flgtaam	C
2020-03-25 16:07:49.656165	u/JehovahBruh	flhowha	u/Pigpenlordofdirt	flhfwm7	C
2020-03-25 16:07:59.232957	u/bennehboi69	flhowy5	u/FlamingHawk904	flhoubs	C
2020-03-25 16:08:08.348660	u/quruc90	flhoxdl	u/TompusDeKat	flh4g2j	C
2020-03-25 16:08:30.809362	u/Sir_hufflefluff	flhoygl	u/Pigpenlordofdirt	flhfwm7	C
2020-03-25 16:08:33.040656	u/ArcadeRob	flhoykb	u/Xiaodisan	flhoiag	C
2020-03-25 16:08:42.931579	u/Famished-Fetus	flhoync	u/vanished_zinc	flgyl8l	C
2020-03-25 16:08:44.329192	u/AleCantu27	flhoyoi	u/CinKM4D	flh8whz	C
2020-03-25 16:09:00.620107	u/noah-kanis	flhoz4a	u/FirstPotatoOverlord	flhox3d	C
2020-03-25 16:09:05.689246	u/Yeet69999	flhoz8h	u/bsaenz46	flhb7k7	C
2020-03-25 16:09:07.467942	u/BootyBruiser49620	flhozab	u/A2X-iZED	flh1nwz	C
2020-03-25 16:09:26.065476	u/Floodingpuddle	flhozlu	u/NotMe152	flhkzeb	C
2020-03-25 16:09:31.988452	u/kaijuul	flhp02n	u/austind9999	flge4ez	C
2020-03-25 16:09:39.453320	u/jadenrules123	flhp0j0	u/Ceebee805	flhenvq	C
2020-03-25 16:09:40.385486	u/Shrek_XtraLarge	flhp0l0	u/AK24ROCKS	flgz15m	C
2020-03-25 16:09:57.792034	u/Pimmy009	flhp1vj	u/kcp118	flhmbcd	C
2020-03-25 16:10:34.942886	u/XZ_Ricachon	flhp2qy	u/Pigpenlordofdirt	flh7092	C
2020-03-25 16:10:37.339135	u/punch1tchewie	flhp2va	u/DUCKLESSLORD	flhgwqq	C
2020-03-25 16:10:47.488562	u/ArishaSmile	flhp30i	u/leftshoelace136	flhhqbp	C
2020-03-25 16:10:50.988666	u/rictus_erectus_III	flhp31e	u/jagjathewoodelf	flhojtp	C
2020-03-25 16:11:08.250288	u/retroassassin907	flhp3ki	u/rehobalint	flgbsib	C
2020-03-25 16:11:22.200437	u/Gaming-squid	flhp3pu	u/minecraftisthebest6	flgsj70	C
2020-03-25 16:12:14.348977	u/Glitch076	flhp5pk	u/racerfree	flhnhje	C
2020-03-25 16:12:19.518580	u/thy_loosecannon	flhp5w4	u/CinKM4D	flh8whz	C
2020-03-25 16:12:22.756416	u/imad_analysis	flhp5wb	u/-HoverFly-	flhnnd4	C
2020-03-25 16:12:38.279115	u/DrgnSlyr7	flhp6bm	u/1ns_0mniac	flho51x	C
2020-03-25 16:13:15.009451	u/PolitePants	flhp78a	u/Garett_the_Great	flhgcyw	C
2020-03-25 16:13:18.340006	u/Xenon-Argon	flhp7am	u/DUCKLESSLORD	flhgwqq	C
2020-03-25 16:13:33.887126	u/smallboi42069	flhp7fe	u/Pigpenlordofdirt	flh8xt6	C
2020-03-25 16:13:55.066048	u/zanitoz	flhp7u0	u/CinKM4D	flh8whz	C
2020-03-25 16:14:20.117925	u/fadinoob	flhp88c	u/Pigpenlordofdirt	flh7092	C
2020-03-25 16:14:24.098074	u/Duppy-Man	flhp8aq	u/spinelisbeast	fl5svi5	C
2020-03-25 16:14:35.077032	u/twotailstm	flhp8dk	u/Dogemaster_20	flhnqe4	C
2020-03-25 16:14:51.723561	u/SkaroCitizen	flhp8p8	u/DUCKLESSLORD	flhgwqq	C
2020-03-25 16:14:53.694404	u/Syd_abdullah	flhp8pv	u/ExternalClock89	flginbj	C
2020-03-25 16:15:07.142772	u/InvertedKD	flhp8sp	u/UD_1680	flh9s19	C
2020-03-25 16:15:23.569241	u/JAHHED	flhp8z7	u/MoThegame	flhc07z	C
2020-03-25 16:15:37.319247	u/Rixico	flhp94s	u/OG_Hochi	flhk50n	C
2020-03-25 16:15:45.499305	u/joshua9816	flhp9bm	u/RepostSleuthBot	flh73j3	C
2020-03-25 16:15:47.356649	u/BrilliantlySinister	flhp9c6	u/ultraman7676	flh03d5	C
2020-03-25 16:15:59.451592	u/ask-rddit-is-gay	flhp9lz	u/1ns_0mniac	flhovnq	C
2020-03-25 16:16:02.872825	u/VVVV101TT2016	flhp9mw	u/AutoModerator	flgq4lh	C
2020-03-25 16:16:15.329054	u/tanmay__sahu	flhpa2w	u/memes-69-420	fl2l921	C
2020-03-25 16:16:20.883053	u/flauge02	flhpa5k	u/CinKM4D	flh8whz	C
2020-03-25 16:16:25.524936	u/edos112	flhpack	u/2tired2function2day	flg5peg	C
2020-03-25 16:16:27.496253	u/DADDY_BOB_ROSS	flhpad1	u/grubas14	flhjr4s	C
2020-03-25 16:16:30.113960	u/-w-u-u-t-	flhpagz	u/AutoModerator	flhka9k	C
2020-03-25 16:16:36.033767	u/Bojanagles	flhpapy	u/Pigpenlordofdirt	flhfwm7	C
2020-03-25 16:16:40.840776	u/Traveller-passing-by	flhpaxu	u/megalodon392	flhiwkp	C
2020-03-25 16:17:01.995550	u/SireneHomme	flhpbiv	u/Sernsheim	flhk699	C
2020-03-25 16:17:05.723675	u/ExtremeFeck	flhpbnc	u/Littlejayman	fjstjbk	C
2020-03-25 16:17:07.403559	u/10ShiviOwls	flhpbnq	u/sorgenkind25	flhis2m	C
2020-03-25 16:17:35.384185	u/Sof-Da-Slav42069	flhpcmo	u/kalmar_assasin	flhopg2	C
2020-03-25 16:17:55.993069	u/FUNKbrs	flhpdlh	u/ThatGuyInCADPAT	flhp4x7	C
2020-03-25 16:18:03.110173	u/Darwin_fan	flhpe23	u/UrBoiKrisp	flhe9e3	C
2020-03-25 16:18:06.598742	u/Blyatapus	flhpe7a	u/DUCKLESSLORD	flhgwqq	C
2020-03-25 16:18:17.196838	u/GrimePays	flhpei7	u/commendablenotion	flhnjmi	C
2020-03-25 16:18:24.791742	u/Arnav_Dhan	flhpeqq	u/Roger1700	flh7b1w	C
2020-03-25 16:18:33.760297	u/Riolkin	flhpf38	u/VangeeOP	flhg3hb	C
2020-03-25 16:18:36.996168	u/Iceicebaby1027	flhpfav	u/defohuman	flhnv14	C
2020-03-25 16:18:50.344568	u/ditzy-intelligence	flhpflr	u/I_luv_memes_367	flhji8e	C
2020-03-25 16:18:58.508514	u/pepegaEgg	flhpfrv	u/randomtestsubject	flhn2tv	C
2020-03-25 16:19:26.646249	u/Elytric	flhpgwq	u/AutoModerator	flh08os	C
2020-03-25 16:19:31.553574	u/akshit_garg	flhph2q	u/CinKM4D	flhfcsy	C
2020-03-25 16:19:33.588751	u/thatboytw	flhphdl	u/Pigpenlordofdirt	flh7092	C
2020-03-25 16:19:46.014566	u/RicardoSins_69420	flhphl6	u/RepostSleuthBot	flhpfsi	C
2020-03-25 16:19:47.709061	u/TheGoldenFoc	flhphqd	u/Kind-Pop	fl3zlqu	C
2020-03-25 16:19:59.786602	u/deepdishziti	flhpia4	u/commendablenotion	flhnjmi	C
2020-03-25 16:20:22.602866	u/amc1995	flhpj1s	u/Big_Dessa	flhp8b0	C
2020-03-25 16:20:28.251929	u/TheAngel3535	flhpj4t	u/Pigpenlordofdirt	flh7092	C
2020-03-25 16:20:53.965027	u/Cool-Boy57	flhpjy6	u/HeliosHeliodes	flhhre3	C
2020-03-25 16:21:07.040017	u/SweatyCh1cken	flhpk6j	u/Sir_hufflefluff	flhoygl	C
2020-03-25 16:21:16.928925	u/ArticPrime144	flhpkbf	u/GOatcheesegotmoLD	flhhm1x	C
2020-03-25 16:21:21.845256	u/mr_opinion_man	flhpkbz	u/lRaziel1	flhonpo	C
2020-03-25 16:21:27.585706	u/End-Me-Send-Memes	flhpkkf	u/aScrollingProgram	flhf0kb	C
2020-03-25 16:21:29.975470	u/Benskwii	flhpknm	u/megalodon392	flhiwkp	C
2020-03-25 16:21:47.080789	u/nicoisnotugly	flhpl10	u/diathabyl	flh4pe2	C
2020-03-25 16:21:50.533755	u/robinvdberg	flhpl47	u/Pigpenlordofdirt	flh8xt6	C
2020-03-25 16:21:54.771170	u/ConfusedTempora	flhpl5r	u/VikTheBrick	fosc7b	S
2020-03-25 16:22:03.269452	u/Nedoko-maki	flhpl9t	u/ILikeYellow15	flhj9cl	C
2020-03-25 16:22:31.491387	u/dmlmee	flhpmcf	u/HORNETETETET	flhl7bm	C
2020-03-25 16:22:51.871896	u/tyw7	flhpmq8	u/CheeseVitamins	flgzkfm	C
2020-03-25 16:23:00.487723	u/BigBoiJett	flhpmwx	u/jack3072	flhoe7j	C
2020-03-25 16:23:33.395731	u/nuftufboi	flhpnnx	u/J_perl	flhp1kk	C
2020-03-25 16:23:38.745127	u/onlinestud	flhpnry	u/Gorhaloth	flhibg0	C
2020-03-25 16:23:49.665642	u/BDFRPS2	flhqtfw	u/JehovahBruh	flhoxrf	C
2020-03-25 16:24:00.882151	u/LBgamer24	flhqtlx	u/jagjathewoodelf	flhni6k	C
2020-03-25 16:24:31.374106	u/bas210	flhqu5k	u/Yeetbooi12	flh2m8f	C
2020-03-25 16:24:35.357195	u/PotatoCatGrif	flhqu93	u/I_luv_memes_367	flhji8e	C
2020-03-25 16:24:37.432496	u/carmex32	flhquaw	u/Pigpenlordofdirt	flh7092	C
2020-03-25 16:24:49.655950	u/The_Bodyguard	flhqugz	u/MahaMedic	flhm7qd	C
2020-03-25 16:24:59.429585	u/Restivebaton338	flhqut5	u/ilikememies	flhkbaz	C
2020-03-25 16:25:11.620832	u/Petrrii	flhquuc	u/thefirstbro	flhb6vr	C
2020-03-25 16:25:20.228553	u/Kingnugget513	flhquxh	u/fualtyzane	flhqsh7	C
2020-03-25 16:25:47.603917	u/i_luv_doggo	flhqvuu	u/EmberzSolar	flhn5ur	C
2020-03-25 16:25:51.387585	u/Seba350a	flhqvyj	u/AutoModerator	flh67lm	C
2020-03-25 16:26:08.220915	u/diddly-doddly	flhqwkr	u/Memer_Vincee	flhqsxt	C
2020-03-25 16:26:10.131094	u/itsnoah	flhqwpo	u/SphnctrGobln	flhctah	C
2020-03-25 16:26:13.195887	u/LtuCHOC	flhqwvl	u/Pigpenlordofdirt	flh7092	C
2020-03-25 16:26:22.811842	u/ImACumWhore	flhqx55	u/heeeeerrsssJ0NNY	flhn34k	C
2020-03-25 16:26:46.734221	u/toastydoug	flhqxsf	u/CamEr5000	flhm3o4	C
2020-03-25 16:26:58.708544	u/Solidjester2004	flhqy56	u/fualtyzane	flhiame	C
2020-03-25 16:27:00.573271	u/KayG29	flhqy5s	u/AlienBlossom	flh9at6	C
2020-03-25 16:27:17.093016	u/braveduck69	flhqyls	u/J_perl	flhj7x0	C
2020-03-25 16:27:31.146762	u/lego-lord	flhqyzt	u/stalinshootskulaks	flh9zyx	C
2020-03-25 16:27:37.957033	u/GoBuyAHat	flhqz5z	u/A2X-iZED	flh1nwz	C
2020-03-25 16:27:45.455147	u/BlooBatoonsD	flhqzgy	u/Pigpenlordofdirt	flhmd49	C
2020-03-25 16:27:48.539328	u/Knockel	flhqzje	u/potatodude456	flhqh99	C
2020-03-25 16:27:51.628499	u/ToMbOyErSs	flhqzml	u/CinKM4D	flh8whz	C
2020-03-25 16:28:06.273348	u/FullKnight51	flhqzxi	u/Pigpenlordofdirt	flh7092	C
2020-03-25 16:28:09.305621	u/RUSH-B-NOOB	flhr00d	u/iProbablyHadWork	flhp4s4	C
2020-03-25 16:28:33.070844	u/BattlementsMcGee	flhr0ld	u/TheInternetPolice2	flhk6qd	C
2020-03-25 16:28:35.687907	u/The_Beermancer	flhr0q2	u/I_luv_memes_367	flhji8e	C
2020-03-25 16:28:51.968614	u/Florenzo87	flhr177	u/Pigpenlordofdirt	flh7092	C
2020-03-25 16:28:55.441210	u/terrariaprogamer2	flhr196	u/travaking	flhkbpn	C
2020-03-25 16:29:18.498578	u/kermit_is_bae_	flhr2a8	u/R3Dsnapp3r	flgm9q9	C
2020-03-25 16:29:21.578276	u/Reuben-Flagg	flhr2fc	u/Danmangogogo	flgwkxo	C
2020-03-25 16:29:22.707508	u/TuxRandom	flhr2fi	u/Garett_the_Great	flhfr4l	C
2020-03-25 16:29:28.983111	u/Kovdark	flhr2jw	u/AutoModerator	flh67lm	C
2020-03-25 16:29:33.246723	u/AverageRedditorMaybe	flhr2sf	u/thefirstbro	flhb6vr	C
2020-03-25 16:29:35.204195	u/Merlinsux	flhr2w2	u/werkwerkwerk-werk	flhin97	C
2020-03-25 16:29:37.474031	u/Karatekid101_rose	flhr2zt	u/Cityboy216	flhcvxm	C
2020-03-25 16:29:38.781511	u/kachrien	flhr36l	u/DaWhiteLight	flhi5ci	C
2020-03-25 16:29:45.634911	u/Esad3062006	flhr3eq	u/DwyertheFire	flhooeb	C
2020-03-25 16:29:48.383469	u/kiwi_boy57	flhr3o6	u/Pigpenlordofdirt	flh8xt6	C
2020-03-25 16:29:51.248555	u/KgpKid	flhr3vs	u/ma-ry-c	flhci75	C
2020-03-25 16:29:52.515376	u/Durrr_Uncrow	flhr42u	u/HeadbangingMan666	flhq67b	C
2020-03-25 16:29:53.259991	u/XIIISkies	flhr447	u/RikkRakk	flhjo61	C
2020-03-25 16:30:04.664153	u/SamboTheGr8	flhr4kj	u/Pigpenlordofdirt	flh7092	C
2020-03-25 16:30:12.192785	u/carterjrob	flhr4rr	u/BunkerBuster22	flh9rok	C
2020-03-25 16:30:20.466957	u/PickleChip12	flhr507	u/fualtyzane	flhr3j5	C
2020-03-25 16:30:38.571359	u/craigal45	flhr56n	u/AutoModerator	flh67lm	C
2020-03-25 16:30:46.294175	u/shinegalaxyFG	flhr59u	u/MaximusMeridiusX	flhqzvx	C
2020-03-25 16:30:55.017095	u/tiniestvioilin	flhr5me	u/AK24ROCKS	fosbh1	S
2020-03-25 16:31:02.075367	u/SaltBoii	flhr5qp	u/kcp118	flhl361	C
2020-03-25 16:31:08.109657	u/Big_Gurd	flhr5y4	u/CinKM4D	flh8whz	C
2020-03-25 16:31:18.985433	u/uwotm27	flhr69n	u/AutoModerator	flgbgny	C
2020-03-25 16:31:24.439278	u/VinCrafter	flhr6eg	u/Kakkorat1	flh740q	C
2020-03-25 16:31:34.911694	u/isocool222	flhr6t0	u/CinKM4D	flh8whz	C
2020-03-25 16:31:37.217574	u/IamHidingfromFriends	flhr6u8	u/Sad_L0bster	flgywuy	C
2020-03-25 16:31:40.491424	u/jojoba13	flhr6yw	u/dolsl4i	flhlazj	C
2020-03-25 16:31:45.102954	u/IBurntMyToastToday	flhr72n	u/CinKM4D	flh8whz	C
2020-03-25 16:31:54.381016	u/holxino	flhr77b	u/UrBoiKrisp	flhofdc	C
2020-03-25 16:32:06.650364	u/Toronto-Velociraptor	flhr7eq	u/Tru_Drone_Videos	flgqjdj	C
2020-03-25 16:32:08.968503	u/Koni_kun	flhr7fz	u/LookAtThisDued69	flh0rh1	C
2020-03-25 16:32:36.135160	u/ChaosSilence1337	flhr85b	u/MAINCRACIO	flh7obx	C
2020-03-25 16:32:52.404640	u/Kryspykreme99	flhr8ib	u/dovedevic	fl2izeo	C
2020-03-25 16:33:08.330797	u/Slimsta	flhr8s1	u/travaking	flhkbpn	C
2020-03-25 16:33:26.389040	u/TheShuckles	flhr9hj	u/I_luv_memes_367	flhji8e	C
2020-03-25 16:33:29.546337	u/Anatocisms	flhr9ir	u/racerfree	flhr2dg	C
2020-03-25 16:33:41.468558	u/Poofbomb123	flhr9vg	u/Blu3Jell0P0wd3r	flhfiwb	C
2020-03-25 16:34:10.082308	u/EYo295	flhragm	u/SMo-Mieboo	flhqhdu	C
2020-03-25 16:34:23.219425	u/nickfolesisthegoat	flhrawr	u/Pigpenlordofdirt	flh7092	C
2020-03-25 16:34:31.362782	u/MehblehGuy	flhrb0n	u/I_luv_memes_367	flhji8e	C
2020-03-25 16:34:38.547820	u/Alexej501	flhrb5m	u/awyrpictures	flhim3q	C
2020-03-25 16:35:11.441090	u/ThePickleNugget	flhrbpe	u/Pigpenlordofdirt	flh7092	C
2020-03-25 16:36:20.311486	u/Darkstalker114	flhre7x	u/MSGRiley	flhi5s1	C
2020-03-25 16:36:22.856351	u/yoni246	flhrea0	u/Pigpenlordofdirt	flh7092	C
2020-03-25 16:36:34.835455	u/KineticLie	flhreh5	u/iwanteddiacriticals	flguazx	C
2020-03-25 16:36:42.818347	u/10101110101011010101	flhrezj	u/smallboi42069	flhptmh	C
2020-03-25 16:36:53.969169	u/AppleGamerFish	flhrfkk	u/Abs4life123	flgoakf	C
2020-03-25 16:37:28.472403	u/kvdinskl	flhrgfn	u/aScrollingProgram	flhf0kb	C
2020-03-25 16:37:36.846460	u/ArduinoHittme	flhrh6v	u/I_luv_memes_367	flhji8e	C
2020-03-25 16:37:47.721528	u/Cadamnit	flhrhji	u/Restivebaton338	flhqut5	C
2020-03-25 16:37:56.548014	u/Montethelion6669	flhrhok	u/racerfree	flhrf5m	C
2020-03-25 16:38:02.048918	u/white5002	flhrhw2	u/verbalyabusiveshit	flhp2ke	C
2020-03-25 16:38:13.410496	u/melxnii	flhribc	u/bennehboi69	flhp0sz	C
2020-03-25 16:38:15.598548	u/JaydenGod	flhric6	u/I_luv_memes_367	flhji8e	C
2020-03-25 16:38:23.557670	u/unknowtheone	flhrifx	u/10ShiviOwls	flhq41r	C
2020-03-25 16:38:25.092319	u/King_Anodim	flhriih	u/Grim-Ghost	flgxfaw	C
2020-03-25 16:38:35.414914	u/scooter--ankle	flhrinm	u/TerryBlue2	flhr7gv	C
2020-03-25 16:38:47.482142	u/Aadi-K	flhrjf9	u/fualtyzane	flhrg9e	C
2020-03-25 16:38:49.222420	u/gold_animal_72	flhrjho	u/vanished_zinc	flgyl8l	C
2020-03-25 16:38:50.497213	u/baronVonMudkip	flhrjiw	u/smallboi42069	flhped6	C
2020-03-25 16:38:53.716101	u/blorgune	flhrjqp	u/hellagay6921	flhlh04	C
2020-03-25 16:38:56.980801	u/garagebeckers	flhrjz4	u/AK24ROCKS	flgv9co	C
2020-03-25 16:39:05.092716	u/SilverWolfGames1	flhrk75	u/CinKM4D	flh8whz	C
2020-03-25 16:39:20.656184	u/PandaOfTitan	flhrkua	u/Pigpenlordofdirt	flh7092	C
2020-03-25 16:39:28.986546	u/scooter--ankle	flhrl0e	u/Skinny-boi-Emmett	flhnofy	C
2020-03-25 16:39:29.991075	u/anarion321	flhrl1d	u/Gorhaloth	flhibg0	C
2020-03-25 16:39:30.875831	u/ihavecancer1234	flhrl2j	u/MrDraacon	flhpx9m	C
2020-03-25 16:39:37.448577	u/SpoiledMilkTheLegend	flhsm1d	u/Coffee_Blacc	flhojgn	C
2020-03-25 16:39:45.318825	u/Roboguy3000	flhsmew	u/Pigpenlordofdirt	flh8xt6	C
2020-03-25 16:39:53.826545	u/thesmartone16	flhsmil	u/Pigpenlordofdirt	flh7092	C
2020-03-25 16:39:54.638404	u/razorwhip321	flhsmmc	u/memes-69-420	flhqff9	C
2020-03-25 16:40:00.462806	u/innosentz	flhsmor	u/Cottoncandyskiesthrw	flhseua	C
2020-03-25 16:40:07.244967	u/monkey_handcuffy	flhsmu2	u/DUCKLESSLORD	flhgwqq	C
2020-03-25 16:40:09.671524	u/SarcasticAlpaca1	flhsmw0	u/EmberzSolar	flhn5ur	C
2020-03-25 16:40:27.476198	u/willsound66	flhsn41	u/Iputmayoonpphole	flhrur0	C
2020-03-25 16:40:31.095317	u/Carrot_z	flhsn4h	u/brutaleoin	flhsadp	C
2020-03-25 16:40:36.185297	u/Haveanidea12	flhsn70	u/AutoModerator	flhqpdj	C
2020-03-25 16:40:38.563902	u/miokallio	flhsn8b	u/A2X-iZED	flh1nwz	C
2020-03-25 16:40:53.340655	u/fatymazali	flhsno0	u/AutoModerator	flh67lm	C
2020-03-25 16:41:20.804985	u/AngryBeeean	flhso6d	u/racerfree	flhrkjf	C
2020-03-25 16:41:47.048717	u/fonzathon	flhsom9	u/Pigpenlordofdirt	flh7092	C
2020-03-25 16:42:07.958505	u/LordofShadows333	flhsoy8	u/Pigpenlordofdirt	flh8xt6	C
2020-03-25 16:42:25.574845	u/Ghipag	flhsplq	u/Alteracctive	flh6ehm	C
2020-03-25 16:42:34.984868	u/NoTimetoShit	flhspv5	u/megalodon392	flhiwkp	C
2020-03-25 16:43:00.364052	u/Thedefault798	flhsqdn	u/Pigpenlordofdirt	flh8xt6	C
2020-03-25 16:43:04.526794	u/sxgxiii	flhsqjb	u/myska_50	flhnylh	C
2020-03-25 16:43:14.590482	u/mariogmez	flhsqlp	u/Evangelionlovr	flhho9c	C
2020-03-25 16:43:16.733211	u/AlbertSucks2	flhsqnh	u/AutoModerator	flhsebm	C
2020-03-25 16:44:05.378398	u/ThePaperEmpire	flhsrry	u/IcebergTwist	flhsqi7	C
2020-03-25 16:44:34.024456	u/random_boiiiiii	flhss9u	u/Pigpenlordofdirt	flhsogh	C
2020-03-25 16:44:40.146618	u/mrworldhigh98	flhssi1	u/CinKM4D	flh8whz	C
2020-03-25 16:45:01.556567	u/waffle_boi123	flhst4c	u/VibraniumDragonborn	fl5nrgn	C
2020-03-25 16:45:03.678446	u/Vandy0311	flhst4h	u/Cottoncandyskiesthrw	flhseua	C
2020-03-25 16:45:12.275173	u/Proyqam_12	flhst5p	u/megalodon392	flhiwkp	C
2020-03-25 16:45:19.437341	u/thedefaultscrub	flhstfz	u/CinKM4D	flhfcsy	C
2020-03-25 16:45:29.481395	u/artic65	flhstl5	u/DUCKLESSLORD	flhgy4s	C
2020-03-25 16:45:36.024801	u/2848484	flhstws	u/CinKM4D	flh8whz	C
2020-03-25 16:45:46.637512	u/buhol	flhsuft	u/DUCKLESSLORD	flhgwqq	C
2020-03-25 16:45:49.347860	u/FighterOfANightman	flhsuhu	u/stapleosprey_the_god	flhlfqc	C
2020-03-25 16:45:53.932394	u/Coolkurwa	flhsuph	u/Cityboy216	flhr4lv	C
2020-03-25 16:45:55.866803	u/nolindlitch	flhsuqa	u/CinKM4D	flh8whz	C
2020-03-25 16:45:59.682155	u/K1Turtles	flhsurp	u/Roboguy3000	flhsogr	C
2020-03-25 16:46:10.161830	u/Your-Uncle-Is-Here	flhsuyd	u/CinKM4D	flh8whz	C
2020-03-25 16:46:15.093703	u/vegancunts	flhsv2d	u/onlinelink2	flhaq2z	C
2020-03-25 16:46:16.827370	u/DarkReaps	flhsv3e	u/rextain	flhifar	C
2020-03-25 16:46:18.635344	u/GooberusGoober	flhsv3i	u/jagjathewoodelf	flhp770	C
2020-03-25 16:46:32.466250	u/random-unkindled	flhsvk3	u/CinKM4D	flh8whz	C
2020-03-25 16:46:47.625689	u/MarioNani	flhsvwk	u/CinKM4D	flh8whz	C
2020-03-25 16:46:54.957559	u/JoeShackley	flhsw5k	u/racerfree	flhsjig	C
2020-03-25 16:47:01.743043	u/BurntS197	flhswdt	u/gold_animal_72	flhs5q7	C
2020-03-25 16:47:10.201069	u/laladufu	flhswod	u/aScrollingProgram	flhf0kb	C
2020-03-25 16:47:35.092665	u/Shyrolax	flhsx1q	u/fualtyzane	flhsw40	C
2020-03-25 16:47:58.439516	u/B0ron	flhsxl3	u/megalodon392	flhiwkp	C
2020-03-25 16:48:04.716593	u/YellowX2	flhsxo8	u/DUCKLESSLORD	flhgwqq	C
2020-03-25 16:48:12.755550	u/UsedSoda	flhsxol	u/Nugget69420lol	flhs912	C
2020-03-25 16:48:26.019445	u/plasmic_dragon	flhsy12	u/Pigpenlordofdirt	flh8xt6	C
2020-03-25 16:48:30.246797	u/BillFox86	flhsy7g	u/HeliosHeliodes	flhhnvk	C
2020-03-25 16:48:31.510781	u/Slimyspine1	flhsy7y	u/WelshGaymer84	flhp1dh	C
2020-03-25 16:48:48.363502	u/JoeBugsMcgee	flhsymp	u/FirstPotatoOverlord	flhox3d	C
2020-03-25 16:48:53.132908	u/radiantpepper87	flhsyu7	u/CinKM4D	flhfcsy	C
2020-03-25 16:48:57.931698	u/jeini31	flhsyyl	u/racerfree	flhrvk7	C
2020-03-25 16:48:58.983123	u/Ronnie-ok	flhsyyy	u/Linked-Theory	flhmqft	C
2020-03-25 16:49:04.019135	u/Lagsnacken	flhsz9h	u/Plaidorc55114	flhnhql	C
2020-03-25 16:49:08.767736	u/repty_GT	flhszjc	u/CinKM4D	flh8whz	C
2020-03-25 16:49:13.101901	u/Tenin550	flhszrt	u/Pigpenlordofdirt	flh7092	C
2020-03-25 16:49:17.184085	u/Cherry_Diron	flht03v	u/Pigpenlordofdirt	flh7092	C
2020-03-25 16:49:19.136167	u/Zsolti115	flht06i	u/CinKM4D	flh8whz	C
2020-03-25 16:49:31.021261	u/creeperbro2999	flht0fk	u/racerfree	flhs3kt	C
2020-03-25 16:49:31.886420	u/KingWifi23	flht0hy	u/racerfree	flhswyb	C
2020-03-25 16:49:32.668129	u/I-Ponder	flht0k9	u/racerfree	flhsy1o	C
2020-03-25 16:49:34.190415	u/DiamondPower500	flht0p9	u/RepostSleuthBot	flhslp7	C
2020-03-25 16:49:35.987736	u/Wolfheart106	flht0rf	u/Pigpenlordofdirt	flh7092	C
2020-03-25 16:49:49.390607	u/JimJenkens	flht16q	u/CoochieBoogie95	flhq8xj	C
2020-03-25 16:49:50.311727	u/weapsy	flht198	u/aditya_1004	flhb4k0	C
2020-03-25 16:49:58.674173	u/CaptainKittehNr2	flht1gk	u/aScrollingProgram	flhf0kb	C
2020-03-25 16:50:08.788720	u/Grangap	flht1tr	u/davidwoodstock	flhnqga	C
2020-03-25 16:50:19.156170	u/Bemo1221	flht1zp	u/SilverWolfGames1	flhrpv8	C
2020-03-25 16:50:21.633312	u/D4NKM3M3M3R2018	flht22b	u/fualtyzane	flhsyq1	C
2020-03-25 16:50:28.126728	u/ADDN17	flht294	u/dovedevic	fl2izeo	C
2020-03-25 16:50:55.560532	u/alphaasks	flht2pa	u/Pigpenlordofdirt	flh7092	C
2020-03-25 16:51:18.877700	u/kiba87637	flht2y1	u/CHFCalvin	flhscx1	C
2020-03-25 16:51:24.418255	u/Starfox10012	flht30k	u/im-not-a-bot-im-real	flhn5j2	C
2020-03-25 16:51:57.311591	u/EnchantedBeans	flht3mp	u/ToyTrainlandFan	flhs5bg	C
2020-03-25 16:52:01.774018	u/SBK-Shadow	flht3t8	u/superblooperboss	flhsso5	C
2020-03-25 16:52:16.824102	u/TntYeeter101	flht49f	u/CinKM4D	flh8whz	C
2020-03-25 16:52:22.763233	u/El-Gangster	flht4d2	u/FFalcon_Boi	flgk5xz	C
2020-03-25 16:52:29.300804	u/Greg0109	flht4l6	u/Pigpenlordofdirt	flh8xt6	C
2020-03-25 16:52:36.870625	u/suck_knees	flht4pc	u/Pigpenlordofdirt	flh7092	C
2020-03-25 16:52:39.056874	u/DespacitoBepis	flht4tu	u/MauxyRein	flhszes	C
2020-03-25 16:52:44.256844	u/Dolphin_sandwhich	flht4uz	u/A2X-iZED	flh1nwz	C
2020-03-25 16:52:54.148144	u/Fresh_Gamer05	flht51z	u/racerfree	flhnxxy	C
2020-03-25 16:53:11.322186	u/puffleAE86	flht58a	u/aScrollingProgram	flhf0kb	C
2020-03-25 16:53:17.706040	u/Red-Baron05	flht5cs	u/Pigpenlordofdirt	flh7092	C
2020-03-25 16:53:20.848082	u/eclair001	flht5fc	u/Halifax1720	flhb9sv	C
2020-03-25 16:53:25.783648	u/danny1017_	flht5is	u/Pigpenlordofdirt	flh7092	C
2020-03-25 16:53:30.964471	u/orgasmo87	flht5l0	u/racerfree	flhsweg	C
2020-03-25 16:53:52.243977	u/Worldly_Jellyfish	flht5zx	u/DUCKLESSLORD	flhgwqq	C
2020-03-25 16:53:54.388562	u/dilly_bar_boi	flht60c	u/fualtyzane	flgxxdz	C
2020-03-25 16:54:00.964838	u/Tozza7	flht69i	u/megalodon392	flhiwkp	C
2020-03-25 16:54:05.882393	u/yo_boi_melons	flht6at	u/CinKM4D	flh8whz	C
2020-03-25 16:54:08.013869	u/infamusfiend	flht6e6	u/FirstPotatoOverlord	flhgnrw	C
2020-03-25 16:54:19.689540	u/ToolRulz68	flht728	u/LastChairViolist	flhrdym	C
2020-03-25 16:54:22.659082	u/Brn9hrd7	flht73p	u/jemp16	flhou24	C
2020-03-25 16:54:30.942991	u/thenobodydotcom	flht7hn	u/Geo4ge	flhd341	C
2020-03-25 16:54:51.910962	u/forceghostyoda_	flht7yd	u/Shrek_XtraLarge	flhp0l0	C
2020-03-25 16:55:16.667769	u/TonyF91	flht8af	u/overgrown_toenails	flhpa1k	C
2020-03-25 16:55:21.943986	u/sheiklilli	flht8f0	u/BattlNerd	flhrgjh	C
2020-03-25 16:55:36.312715	u/SomeUnknownGabriel	flhudpd	u/aScrollingProgram	flhf0kb	C
2020-03-25 16:56:03.973919	u/RunningonStaircases	flhuegm	u/seductive_virgin	flgk55l	C
2020-03-25 16:56:05.756947	u/bOotifulcat	flhueoe	u/Pigpenlordofdirt	flh7092	C
2020-03-25 16:56:09.310119	u/poonpounder6969	flhuer1	u/ProDiseaser	flghjnl	C
2020-03-25 16:56:15.355781	u/jred0224	flhuewj	u/racerfree	flhszit	C
2020-03-25 16:56:27.584096	u/brzdyz	flhuf4h	u/CinKM4D	flhfcsy	C
2020-03-25 16:56:46.151378	u/Bipedalbrainmonkey	flhufkw	u/Andarude	flhu9iq	C
2020-03-25 16:56:52.214339	u/EgzonArifi2007	flhufvb	u/-GiantSlayer-	flhsvxo	C
2020-03-25 16:57:12.782702	u/nexaid	flhugem	u/AutoModerator	flh67lm	C
2020-03-25 16:57:19.269863	u/foxyv2	flhugn0	u/Pigpenlordofdirt	flh7092	C
2020-03-25 16:57:31.978169	u/micromannen	flhugq5	u/TreesCanFeelToo	flhhvuk	C
2020-03-25 16:58:05.980837	u/S3XOFF3ND3R	flhuhzm	u/racerfree	flht46c	C
2020-03-25 16:58:18.030789	u/FxZ_Hype	flhui7c	u/CurfBoi	flh1wca	C
2020-03-25 16:58:19.237595	u/xakeres	flhui81	u/bas210	flhqlpg	C
2020-03-25 16:58:31.203274	u/asideoficecream	flhuigs	u/racerfree	flhtbds	C
2020-03-25 16:58:32.425187	u/MRPIRATEFOX	flhuijp	u/AK24ROCKS	flgv9co	C
2020-03-25 16:58:34.243599	u/Bobesh711	flhuik9	u/gold_animal_72	flhucwv	C
2020-03-25 16:58:36.192694	u/ThePlayerHimself	flhuiwz	u/racerfree	flhqrtv	C
2020-03-25 16:58:37.399098	u/Elathatbish	flhuixr	u/TheMooderator	flhssi3	C
2020-03-25 16:58:53.856883	u/ddfelder2	flhuj92	u/Wiggle_Titties_UWU	flhk17r	C
2020-03-25 16:59:00.589768	u/SneyserBoy	flhujjv	u/racerfree	flhtqip	C
2020-03-25 16:59:03.441904	u/MrTrump_Ready2Help	flhujpu	u/Aymen_20	flhfb1w	C
2020-03-25 16:59:14.244449	u/Aronhenke	flhujtc	u/Gorhaloth	flhibg0	C
2020-03-25 16:59:22.068654	u/kek_Pyro	flhuk4j	u/CinKM4D	flh8whz	C
2020-03-25 16:59:23.266419	u/_A_Random_Person__	flhuk68	u/brandawg95	flhjelm	C
2020-03-25 16:59:24.480858	u/Speeste	flhukc9	u/TheMooderator	flhssi3	C
2020-03-25 16:59:31.117409	u/MistingBacon	flhukke	u/AutoModerator	flgq4lh	C
2020-03-25 16:59:35.773421	u/Agent-47-ICA	flhukqu	u/TiagoF302	flhug9k	C
2020-03-25 16:59:36.492719	u/rslashreddyboi	flhukr3	u/XxI_Love_KittensxX	flhoz3j	C
2020-03-25 16:59:38.487257	u/Stevenh4284	flhul2h	u/AutoModerator	flh67lm	C
2020-03-25 16:59:39.273696	u/numbers909	flhul2j	u/A2X-iZED	flh1nwz	C
2020-03-25 16:59:41.759955	u/SunsetFlames	flhul6q	u/Sebaty5	fleg30o	C
2020-03-25 16:59:44.432864	u/_abyss_walker	flhulcz	u/ToyTrainlandFan	flhug2j	C
2020-03-25 16:59:49.004378	u/samoasssgaming	flhulj6	u/DUCKLESSLORD	flhgwqq	C
2020-03-25 16:59:58.514115	u/It_Was_Joao	flhum7g	u/meatball-the-toad	flhuj7w	C
2020-03-25 16:59:59.013508	u/coth3c	flhumb9	u/DUCKLESSLORD	flhgwqq	C
