2020-04-16 23:00:39.321732	u/stickman999999999	fnnh8tb	u/drirrelavent	fnncs2z	C
2020-04-16 23:00:45.098388	u/Dlsiexla	fnnh90c	u/TheMicasaurus	fnngia7	C
2020-04-16 23:01:00.907011	u/-star-platypus-	fnnh9k1	u/Misthios094	fnnaf7y	C
2020-04-16 23:01:13.943698	u/sci_karnage	fnnh9zh	u/RepostSleuthBot	fnd96ym	C
2020-04-16 23:02:01.211781	u/stickman999999999	fnnhbd4	u/Spaghoochiemama	fnndufx	C
2020-04-16 23:02:21.749118	u/SteFin44	fnnhbne	u/TortleJaxon	fnnfscm	C
2020-04-16 23:03:07.001287	u/brownnoseblueschnaz	fnnhd6m	u/xX_m1L3s_Xx	fnnhbv1	C
2020-04-16 23:03:36.040061	u/MakinbaconGreasyagin	fnnheei	u/Marmar79	fnnd4tk	C
2020-04-16 23:03:50.775933	u/Thundering_James	fnnhez5	u/Hjllo	fnnh4uq	C
2020-04-16 23:03:56.999287	u/umbaran-dropship	fnnhf6h	u/memer0512	fnlibrr	C
2020-04-16 23:04:08.362810	u/brokenikka	fnnhfgr	u/LasagnaBits	fnmwb32	C
2020-04-16 23:04:11.400666	u/inlovewithdeer	fnnhfh3	u/Suprastar00	fnnebfm	C
2020-04-16 23:04:14.918069	u/skittlz61	fnnhfip	u/VaultyVaulty	fnn45ng	C
2020-04-16 23:04:37.486802	u/SamBam4221	fnnhgmt	u/BenitoBendito	fnnf8o6	C
2020-04-16 23:05:04.906716	u/Ramen_Dealer07	fnnhhr3	u/MakinbaconGreasyagin	fnnhb9p	C
2020-04-16 23:05:42.992447	u/PhaseOneClone	fnnhjhn	u/T-80UStronk	fnmmrxh	C
2020-04-16 23:06:09.150654	u/BM-2	fnnhk73	u/Rogueone65	fnlegbu	C
2020-04-16 23:06:13.036471	u/TheStrangeNerd	fnnhkfw	u/thebiggestween	fnnhivp	C
2020-04-16 23:06:16.824165	u/_kidvegito	fnnhkm2	u/Weeaboo_JoJones	fnn9rgu	C
2020-04-16 23:06:27.411842	u/MrMajoria	fnnhl3t	u/belgianPotatian	fnmweaj	C
2020-04-16 23:07:56.643492	u/xport-runner	fnnhom4	u/LightStriderX	fnmxr0s	C
2020-04-16 23:08:45.350930	u/Business-Avocado	fnnhrey	u/maudym	fnn1p10	C
2020-04-16 23:09:51.022588	u/humaniceburg	fnnhw3d	u/Mr--McMuffin	fnn6hg4	C
2020-04-16 23:10:11.418451	u/jdeeeeeez	fnnhwzi	u/Carlos-Spiceyweiner4	fnmxu8w	C
2020-04-16 23:10:34.260638	u/BushabbyG	fnnhxny	u/TechnoTejay	fnnftnj	C
2020-04-16 23:12:04.430575	u/wookiecookie2187	fnni0xp	u/Moroten03	fnk52kd	C
2020-04-16 23:12:38.633187	u/LXNUX	fnni220	u/Bu11Shit3	fnncgl3	C
2020-04-16 23:13:13.636951	u/bedemaster46	fnni39u	u/fatspencer	fnndosq	C
2020-04-16 23:13:24.309799	u/lonestwalker	fnni3gc	u/Zr_Stealth	fnn97wi	C
2020-04-16 23:14:08.208081	u/Sir_Yacob	fnni523	u/Grandpa-Palpatine	fnmbxyv	C
2020-04-16 23:14:36.724872	u/bruhmomen_tos	fnni6te	u/sausagecatto	fnnhn5r	C
2020-04-16 23:14:50.124765	u/MurdocFuckingNiccals	fnni7hx	u/HyperTitan70	fnni4jf	C
2020-04-16 23:14:58.646883	u/Chimmchunk	fnni7xr	u/Neohedron	fnni2zg	C
2020-04-16 23:15:13.513295	u/100percentsilkworm	fnni89k	u/TheStrangeNerd	fnngq0n	C
2020-04-16 23:16:06.072481	u/ndreamon	fnniakg	u/jesusisagay	fnnhp9y	C
2020-04-16 23:16:17.800923	u/Irradiated_Cactus	fnniase	u/-Blixx-	fnlown7	C
2020-04-16 23:17:19.665208	u/the_clappist	fnnidz2	u/ayeayeronuwu	fnl0zh9	C
2020-04-16 23:17:33.911172	u/KALoder	fnnienu	u/GuppyPup_2	fnmozfc	C
2020-04-16 23:18:09.437578	u/alau101	fnnih8t	u/Lolden77	fnnib7b	C
2020-04-16 23:18:22.581463	u/thesexiestoffender	fnniif5	u/TheInsomniacFox	fnn8dfh	C
2020-04-16 23:18:24.818054	u/ilikechickenlegbis	fnniinn	u/only___say--ok	fnnhdcd	C
2020-04-16 23:18:32.116671	u/carvedmuss8	fnnij45	u/XxEleanoraXx	fnngbrd	C
2020-04-16 23:19:25.560225	u/Cheat_Adil	fnnimio	u/ChaosBlackAce	fnn1ocu	C
2020-04-16 23:19:31.229223	u/ckracken	fnnimzx	u/Supreme_Flexboi69	fnnifzh	C
2020-04-16 23:19:39.623706	u/novalewm	fnninn3	u/leo2k20	fnngxux	C
2020-04-16 23:22:36.531929	u/trousiesdown	fnnivcb	u/Shaniac_C	fnnghnv	C
2020-04-16 23:23:19.467730	u/Doosnobs	fnniwhc	u/IamNoatak	fnnis3e	C
2020-04-16 23:23:42.316849	u/thewillybilly19	fnnixk1	u/IDislikeBabyYoda	fnnea1v	C
2020-04-16 23:23:47.658401	u/memesrareligion	fnnixlo	u/Alex-xoxo666	fnnit5u	C
2020-04-16 23:24:33.760230	u/BigWorm3825	fnniz5m	u/TortleJaxon	fnnhj80	C
2020-04-16 23:24:37.975673	u/ComplexDespacito	fnnizfw	u/splasheyyy	fnnd4q1	C
2020-04-16 23:24:44.514244	u/daweirdM	fnnizlu	u/PenguinWithAglock	fnndqyl	C
2020-04-16 23:24:55.548594	u/SirEnderman	fnnj00w	u/cheesasaurs	fnnho7r	C
2020-04-16 23:25:20.882945	u/CIA_jackryan	fnnj0yr	u/ryanthebamboo	fnne1oi	C
2020-04-16 23:25:24.724689	u/Vespiform	fnnj106	u/alau101	fnnih8t	C
2020-04-16 23:26:16.118729	u/goldenette2	fnnj3py	u/KenJethro43	fnni2rj	C
2020-04-16 23:26:45.657109	u/vovan22822	fnnj5c1	u/The_Owl_Griffon	fnn9wdj	C
2020-04-16 23:27:22.766657	u/Choppa_Tapouille	fnnj76b	u/KoruptEds	fnlhgxg	C
2020-04-16 23:27:34.001040	u/Dark-Blood	fnnj7j1	u/Ifailedashinypokemon	fnniyfa	C
2020-04-16 23:27:39.881554	u/THElankygerman	fnnj7v1	u/woahwayne	fnm159o	C
2020-04-16 23:28:16.076349	u/suffer-pls	fnnj9ya	u/ChronnyHado	fne3hfm	C
2020-04-16 23:28:27.935041	u/QueezingOwl300	fnnjaio	u/meatpopsicle69420	fnnj74p	C
2020-04-16 23:28:42.296659	u/Wildhoovy32	fnnjb5p	u/LasagnaBits	fnmwb32	C
2020-04-16 23:29:06.344907	u/MLGlavi	fnnjceh	u/StoopidSmort	fnnivbh	C
2020-04-16 23:29:14.003175	u/Linux-Is-Best	fnnjd2g	u/EAH5515	fnlv924	C
2020-04-16 23:29:33.753956	u/D1Abolus8	fnnjegm	u/languish24	fnnilwp	C
2020-04-16 23:29:51.021168	u/highlorddroid	fnnjg5f	u/bigdaddy66669420	fnni0ra	C
2020-04-16 23:31:00.212069	u/pusmano	fnnjir6	u/SheWhoUpvotes	fnm3s8l	C
2020-04-16 23:31:23.388837	u/TV_shows_are_gat	fnnjjwa	u/RepostSleuthBot	fnnjhoy	C
2020-04-16 23:31:37.307668	u/RiceField21	fnnjkbi	u/Mr--McMuffin	fnn6hg4	C
2020-04-16 23:31:47.451071	u/in_severe_pain	fnnjkw7	u/JscJake	fnnefxq	C
2020-04-16 23:32:38.103297	u/cupcakeroom	fnnjmxo	u/Thicc-Lite	fnms0sm	C
2020-04-16 23:33:36.619161	u/Boricactus8482	fnnjph5	u/magnumnugget915	fnnifsw	C
2020-04-16 23:33:40.666660	u/Carl_the_hedgehog	fnnjpsa	u/Covks	fnmolys	C
2020-04-16 23:34:17.134430	u/ESGETITBOI	fnnjrrz	u/behanandgsha	fnnblhb	C
2020-04-16 23:34:36.016381	u/KLMkid10	fnnjs94	u/fortpro87	fnnc4gp	C
2020-04-16 23:35:04.893276	u/MyBellyHurtsITry	fnnjtiw	u/Screamformereddit	fnnj9vs	C
2020-04-16 23:35:14.307027	u/Squasii	fnnjtta	u/KILLERgolm	fnnjck8	C
2020-04-16 23:35:19.769120	u/Theprinceofkings	fnnjtv4	u/SamDaAnt	fnnijek	C
2020-04-16 23:35:21.832216	u/_jaypatel	fnnjtwa	u/JerseyDevil6572	fnlvfsx	C
2020-04-16 23:35:38.453177	u/Rytym	fnnjufb	u/Rawlings-li	fnnjoil	C
2020-04-16 23:36:15.713731	u/Havoc_king56	fnnjwcg	u/AtticusBlunt	g2qu24	S
2020-04-16 23:36:56.444238	u/TrollandKatak	fnnjy9e	u/Artulis	fnm0cok	C
2020-04-16 23:37:01.455354	u/TrollandKatak	fnnjyfs	u/well_this_suck5	fnm06xk	C
2020-04-16 23:37:12.013424	u/TrollandKatak	fnnjys2	u/Artulis	fnn5otc	C
2020-04-16 23:37:18.965864	u/somerandom995	fnnjyy7	u/inlovewithdeer	fnnhfh3	C
2020-04-16 23:37:20.758895	u/TrollandKatak	fnnjyym	u/well_this_suck5	fnm1qpq	C
2020-04-16 23:37:22.539084	u/Jambetterthanjelly	fnnjz63	u/Craziekiller200	fnmuytk	C
2020-04-16 23:37:26.109451	u/-Dildo-Baggins-	fnnjzdl	u/Clipped-Gaming	fnnd83j	C
2020-04-16 23:37:41.382580	u/strawhairhack	fnnk02w	u/vorsky92	fnnefbm	C
2020-04-16 23:37:45.470163	u/Somebpdy	fnnk068	u/xNATSUKIx102	fnnjpjo	C
2020-04-16 23:37:48.051154	u/Arthur_M0RG4N	fnnk07o	u/Joezze	fnnjpve	C
2020-04-16 23:38:49.770841	u/zombie6672	fnnk2op	u/Thetoiletowerflowed	fnnjge4	C
2020-04-16 23:38:56.011966	u/Cal-Akoba	fnnk305	u/yeetocheeto123	fnmzyvl	C
2020-04-16 23:39:02.809771	u/DFTgamer	fnnk3fa	u/LordJack225Pig	fnloa3z	C
2020-04-16 23:39:13.808286	u/GypsyCub	fnnk3zh	u/cheesasaurs	fnnho7r	C
2020-04-16 23:39:18.711701	u/Doggomatic71	fnnk48b	u/TinyRick55	fnnfxyt	C
2020-04-16 23:39:20.577972	u/sketch_yyyyyyyy	fnnk4iz	u/Imanol_Canada	fnn9z1y	C
2020-04-16 23:39:27.216608	u/jadedick	fnnk5ct	u/life_tho	fnnk0xq	C
2020-04-16 23:39:28.912729	u/Hollow661	fnnk5l1	u/xX_m1L3s_Xx	fnnk0wh	C
2020-04-16 23:39:35.563593	u/Androgynous-Rex	fnnk608	u/RQ-0430	fnmwxhb	C
2020-04-16 23:40:25.929815	u/AvixKOk	fnnk9bf	u/Gramrisuslss	fixws0u	C
2020-04-16 23:40:34.155035	u/valm0313	fnnk9l6	u/milo_hobo	fnnhg3r	C
2020-04-16 23:40:39.921965	u/b-dawgggg	fnnk9n0	u/Forlorn_Cyborg	fnnib14	C
2020-04-16 23:40:44.148202	u/Oceandi	fnnk9sn	u/Flamegator_Tamer	g2lf05	S
2020-04-16 23:41:01.646412	u/sriram_prasad	fnnka8a	u/Fullxero	fnngy1v	C
2020-04-16 23:42:20.589231	u/Engiturtle_	fnnkcwp	u/THCQueen	fnneer2	C
2020-04-16 23:42:36.736118	u/ironic-user-name-	fnnke8y	u/ScarletButthole	fnnjeaw	C
2020-04-16 23:43:19.072536	u/edgar1210	fnnkft1	u/jadedick	fnnk5ct	C
2020-04-16 23:43:29.816222	u/WaffleyDootDoot	fnnkg1m	u/tsdpop	fnnfqic	C
2020-04-16 23:44:07.888328	u/pickledchocolate	fnnkhev	u/BusterMeme	fnnfg0k	C
2020-04-16 23:44:10.079861	u/JeffBrohm	fnnkhg2	u/in_severe_pain	fnnjkw7	C
2020-04-16 23:44:12.198171	u/WaffleyDootDoot	fnnkhh6	u/sh4ring_is_caring	fnn686j	C
2020-04-16 23:44:35.714197	u/CamerFlage	fnnkibw	u/Get-In-My-Van-Kids	fnnkb83	C
2020-04-16 23:44:53.096693	u/a_loser420	fnnkiuw	u/Za_Ark	g2cn8m	S
2020-04-16 23:47:08.330085	u/rockinmypp676	fnnkoyj	u/tsdpop	fnnfqic	C
2020-04-16 23:48:00.473247	u/youngdex2198	fnnkrli	u/WoLF-ScrubDaddy	fnnjudk	C
2020-04-16 23:48:14.220551	u/Deenar602	fnnksd7	u/ironic-user-name-	fnnke8y	C
2020-04-16 23:48:20.472612	u/YEETUSTHEFIRST	fnnksi2	u/Deltraxgt	fnnk1x2	C
2020-04-16 23:48:49.556832	u/Josh_the_Josh	fnnku4m	u/RepostSleuthBot	fnnjhoy	C
2020-04-16 23:48:51.010685	u/treehuggingcarnivore	fnnku8h	u/Bruhith	fnnkkxt	C
2020-04-16 23:49:00.854004	u/treehuggingcarnivore	fnnkupo	u/nastynarwhal05	fnnkpdn	C
2020-04-16 23:49:34.311010	u/cool42069	fnnkwx0	u/NotStreamerNinja	fnnkp6q	C
2020-04-16 23:49:38.238259	u/STUFF416	fnnkx4y	u/TheJfam	fnnilzg	C
2020-04-16 23:49:40.138433	u/yopeyopedope	fnnkx8i	u/Flowers1116	fnmekbm	C
2020-04-16 23:49:44.509651	u/Sieeege554	fnnkxfi	u/liaisondoll	fnkisfd	C
2020-04-16 23:49:56.712336	u/Yepimusic	fnnkyra	u/Crazy_Dalek_	fnnkph5	C
2020-04-16 23:50:34.800052	u/DrRakeDramoray	fnnl0bl	u/LordEevee2005	fnn8hqx	C
2020-04-16 23:50:41.631780	u/OmegaAlphaBoss	fnnl0eg	u/BambamPewpew32	fnnfj13	C
2020-04-16 23:50:50.071305	u/where_when_why	fnnl0lb	u/cpsmith	fnn0t5a	C
2020-04-16 23:51:13.177510	u/Swagyo1o	fnnl1g2	u/b1g_Pp	fnnc7r7	C
2020-04-16 23:51:17.334807	u/EndlessNebulous	fnnl1n9	u/RetroWhale	fnnkih2	C
2020-04-16 23:51:33.382676	u/STUFF416	fnnl2au	u/ArmstrongTREX	fnncyg9	C
2020-04-16 23:52:06.931125	u/devil0o	fnnl38i	u/chaddoesthings	fnnjg6h	C
2020-04-16 23:52:53.859855	u/CyanideCult	fnnl4lj	u/TheRioda	fnnjcie	C
2020-04-16 23:52:56.125302	u/ThatDutchGuyTG	fnnl4oq	u/OriginalKillerPython	fnngqn3	C
2020-04-16 23:53:41.413044	u/wwwwwwxjdj	fnnl6j2	u/treyrh	fnnk2zv	C
2020-04-16 23:55:16.123841	u/Wubulubadubdubs	fnnl9us	u/CulturalMushroom6	fnnkrn0	C
2020-04-16 23:55:19.086140	u/K2530	fnnl9x2	u/LasagnaBits	fnmwb32	C
2020-04-16 23:55:59.193050	u/Sexylord69	fnnlbhy	u/Chris-P	fnnl5v3	C
2020-04-16 23:56:40.941507	u/Marleni02	fnnlcwj	u/AFatPieceOfGarbage	fnmri5z	C
2020-04-16 23:56:45.780223	u/ITryanTI	fnnlcyq	u/wwwwwwxjdj	fnnl6j2	C
2020-04-16 23:56:47.755954	u/akomar4028	fnnlczj	u/SirEnderman	fnnj2rg	C
2020-04-16 23:57:31.678661	u/Juulian_A	fnnlex6	u/BlackHoleSon86	fnnl6mc	C
2020-04-16 23:58:10.463341	u/Crow_Who_LockPicks	fnnlhc5	u/Turkeyinmicrowave	fnnkuda	C
2020-04-16 23:58:47.875725	u/honeyjar00	fnnlj26	u/Inception1109	fnnlhsz	C
2020-04-16 23:59:05.368928	u/lunnapr	fnnljj3	u/Pksavage21	fnncp77	C
2020-04-16 23:59:13.070481	u/Popboy11	fnnljxw	u/FBI_Agent_82	fnna6iv	C
2020-04-16 23:59:19.890454	u/msdbob	fnnlk9d	u/ChaoticEmperor123	fnnkftr	C
2020-04-16 23:59:40.571089	u/XanderFalcon	fnnlkzq	u/TechnoTejay	fnnftnj	C
