2020-04-13 06:00:38.254590	u/seven_kevin_eleven	fn9gelb	u/warframefan420	fn9fx09	C
2020-04-13 06:00:50.812629	u/fathertime108	fn9get9	u/Datruedabking	fn996st	C
2020-04-13 06:01:41.112869	u/Ketomatic	fn9ggfv	u/Meme_Lettuce45	fn992bu	C
2020-04-13 06:01:48.102925	u/yaboimark111	fn9ggm6	u/a-name-of-a-user	fn77h10	C
2020-04-13 06:03:24.516844	u/silver_eye3727	fn9gjsc	u/CRUSADEROF420	fn9eva7	C
2020-04-13 06:03:32.010540	u/AfnanMK	fn9gjy5	u/Doggo_Tacos	fn9ghip	C
2020-04-13 06:03:44.953457	u/KinKoko	fn9gkc7	u/MrBeanDoubleTeam	fn99tgc	C
2020-04-13 06:04:08.898336	u/pdrmznd	fn9gkw6	u/nukeafrica88	fn9f0db	C
2020-04-13 06:04:23.251338	u/coffeenpills	fn9glcx	u/grubas14	fn9c0s8	C
2020-04-13 06:05:01.257721	u/-Apols-	fn9gmq9	u/Clawzon0509	fn9g3vm	C
2020-04-13 06:05:40.471199	u/CEEEEEEBS	fn9gnpm	u/GrilledLettuce2_0	fn9duy9	C
2020-04-13 06:05:46.903766	u/jacqboi	fn9go22	u/SarthakTripathi21	fn9fiat	C
2020-04-13 06:06:43.936004	u/Bajanix	fn9gpz4	u/RepostSleuthBot	fn9bnsg	C
2020-04-13 06:06:46.644607	u/Sophion	fn9gqau	u/orcaleeorcabee	fn9fwbc	C
2020-04-13 06:07:12.289222	u/thelogangray	fn9gqum	u/martzro	fn83n3d	C
2020-04-13 06:07:35.081271	u/DoomOsu	fn9grm0	u/SamTurvill	fn9c7t7	C
2020-04-13 06:07:42.122649	u/kausel	fn9gs1h	u/antisocialcatto	fn7uwv9	C
2020-04-13 06:07:43.766841	u/FukkinShytUp	fn9gs2f	u/AKJLives	fn9gdpt	C
2020-04-13 06:07:49.944244	u/Noodl_830	fn9gs4n	u/yeetboi_2000	fn9ae4i	C
2020-04-13 06:08:09.830451	u/TariaTime	fn9gsvw	u/Sophion	fn9gqau	C
2020-04-13 06:08:51.247970	u/technophyleboi	fn9gvgn	u/Z_TDD	fn953u1	C
2020-04-13 06:09:15.444551	u/Dkenn12	fn9gwbv	u/DoctorSquidton	fn9gr56	C
2020-04-13 06:09:17.724569	u/hellakids	fn9gwdz	u/Datruedabking	fn996st	C
2020-04-13 06:09:18.863904	u/Archangel004	fn9gwh3	u/dropped_me_marbles	fn9dwh6	C
2020-04-13 06:09:53.173639	u/elzibubb	fn9gxw0	u/JimBozatz	fn9gtn7	C
2020-04-13 06:10:55.826758	u/masteryyii	fn9gzgb	u/naveen000can	fn9gi3e	C
2020-04-13 06:11:25.983268	u/Armin_C4	fn9h0qn	u/gc_xo4life	fepnxqw	C
2020-04-13 06:11:56.296737	u/rr2211	fn9h1po	u/galahadBatsy24	fn9f7iy	C
2020-04-13 06:11:58.523417	u/Dracarys-7	fn9h1q2	u/D-Link-Gaming	fn9gbii	C
2020-04-13 06:12:49.167632	u/Marvel_Music_Fan	fn9h0vx	u/Voller_Faulheit	fn9gqfu	C
2020-04-13 06:12:55.584234	u/dupskurk	fn9h1ag	u/_Silly_Wizard_	fn97r18	C
2020-04-13 06:13:48.486510	u/jmb-mtg	fn9h4ox	u/OiSpongeBoyMeBob	g0fq91	S
2020-04-13 06:13:50.632757	u/mattshirley03	fn9h4qe	u/randombunchofwords	fn9gyo1	C
2020-04-13 06:14:59.586525	u/DO_MD	fn9h6f7	u/Game_Hustla	fn999l2	C
2020-04-13 06:15:01.647481	u/DubDubDubAtDubDotCom	fn9h6fi	u/big_mitch008	fn9ew51	C
2020-04-13 06:15:55.486372	u/gimantrox8	fn9h81e	u/Badger52608	fn9h3k9	C
2020-04-13 06:16:23.845201	u/Thelonetyper	fn9h8xv	u/big-fat-fart	fn9ayfa	C
2020-04-13 06:16:26.698372	u/idkAName2000	fn9h8ys	u/RepostSleuthBot	fn9gmpz	C
2020-04-13 06:16:31.505178	u/Wargamingltd	fn9h91r	u/HawkFrost072	fn9gezy	C
2020-04-13 06:16:33.365571	u/Sarinx96	fn9h92n	u/thewhiteoftheeyes	fn9dzlq	C
2020-04-13 06:17:52.399014	u/mctal	fn9hcjn	u/UDZ_WallCrawler	fn9h7ce	C
2020-04-13 06:18:05.791171	u/ferassoo	fn9hcxd	u/technophyleboi	fn9gvgn	C
2020-04-13 06:18:12.617674	u/mctal	fn9hda5	u/mctal	fn9hcjn	C
2020-04-13 06:18:30.942856	u/Yrdinium	fn9he43	u/gimantrox8	fn9h0t4	C
2020-04-13 06:18:37.704197	u/OooO-CLOUD-OooO	fn9hehj	u/shreddedcheese42069	fn7ep3i	C
2020-04-13 06:19:02.808606	u/Turtle101204	fn9hfha	u/JrSp2005	fn9bfqt	C
2020-04-13 06:19:39.593973	u/justareddituser99	fn9hgxx	u/delastbalrog	fn8p1d2	C
2020-04-13 06:20:26.729805	u/Rc2124	fn9hi8v	u/SplitiPSoup	fn99euc	C
2020-04-13 06:20:32.184059	u/jarno985	fn9hick	u/ImACreeperr	fn9eufy	C
2020-04-13 06:20:58.359117	u/Lord-of-Entity	fn9hj23	u/quality_follow	fn9fbz9	C
2020-04-13 06:21:15.667143	u/panha07	fn9hjtg	u/xmattar	fn9hhlh	C
2020-04-13 06:21:25.995055	u/chsugxusjsbx	fn9hk32	u/Cifer88	fn9hg54	C
2020-04-13 06:21:32.909967	u/SatanicElmoFromHell	fn9hkdx	u/Oreo_The_Dino	fn9hj02	C
2020-04-13 06:21:36.397978	u/Bloowhele	fn9hkdz	u/05Lidhult	fn9h33t	C
2020-04-13 06:21:49.853319	u/Tenezill	fn9hkp8	u/chuggyoftheussr	fn8ssya	C
2020-04-13 06:22:07.145471	u/CodyCvyl	fn9hl5u	u/Ida_Midgetman	fn9hgei	C
2020-04-13 06:22:27.569206	u/ekanS_sucseV	fn9hlna	u/Kloudy122	fn9ey8k	C
2020-04-13 06:22:31.794847	u/Anime_Person420	fn9hlo4	u/KRTrueBrave	fn8szrq	C
2020-04-13 06:22:39.768297	u/youmispelled	fn9hlxx	u/Holdenie1868	fn9fizu	C
2020-04-13 06:22:54.515456	u/totowolfie95	fn9hmfz	u/Kfuf	fn9b66i	C
2020-04-13 06:23:25.224906	u/GuardTheDipshit1014	fn9hnq9	u/GMCpatata13	fn9hjf3	C
2020-04-13 06:23:33.871255	u/my__jinji	fn9ho0u	u/i-dont-fuckin-knoe	fjwozug	C
2020-04-13 06:23:39.081786	u/vigemien	fn9ho3d	u/thewhiteoftheeyes	fn9hfsp	C
2020-04-13 06:23:49.164275	u/-PeanutButterFly-	fn9hooj	u/Yeetreditisnoice	fn6p4vf	C
2020-04-13 06:24:00.058074	u/Tristanime	fn9houy	u/C0uchP0t4tO	fmiv8ew	C
2020-04-13 06:24:13.789731	u/S_Pyth	fn9hpcr	u/kutiencon123	fn9f8ww	C
2020-04-13 06:24:20.161144	u/BasicallyPhenomen	fn9hptm	u/evan_720	fn90swc	C
2020-04-13 06:24:22.216279	u/UndyingDuck	fn9hpu5	u/Archangel004	fn9gwh3	C
2020-04-13 06:24:43.827590	u/FountainsOfFluids	fn9hqde	u/GrilledLettuce2_0	fn9duy9	C
2020-04-13 06:25:04.330868	u/aashu3026	fn9hr5a	u/rouany	fn9b134	C
2020-04-13 06:25:17.726075	u/SpinCycle9000	fn9ho9s	u/Axel_Miths	fn9h93h	C
2020-04-13 06:25:25.861708	u/ahmet41trk	fn9hplz	u/MrLeeeroy	fn9fwfr	C
2020-04-13 06:25:41.859988	u/Carchario	fn9hqwy	u/RepostSleuthBot	fn9fhw8	C
2020-04-13 06:26:15.802557	u/93Degrees	fn9hss7	u/kutiencon123	fn9f8ww	C
2020-04-13 06:26:27.164291	u/mushroom-_-	fn9ht84	u/IDrankSomeJuice	fn9e488	C
2020-04-13 06:26:42.465328	u/sofa-king-good-	fn9hts0	u/SPOTlickPOP	fn9hctv	C
2020-04-13 06:27:19.355363	u/Wallace-Pumpernickel	fn9hup2	u/SPOTlickPOP	fn9hctv	C
2020-04-13 06:27:33.909463	u/Salaadas	fn9hv2z	u/Axel_Miths	fn9he11	C
2020-04-13 06:28:04.711933	u/PandaMaster48	fn9hvvr	u/Ida_Midgetman	fn9hulz	C
2020-04-13 06:28:08.642765	u/MiloDinoStylo	fn9hwbj	u/interstitiality	fn98xpa	C
2020-04-13 06:28:10.969835	u/jjumbo31	fn9hwfm	u/maxdevader	fn9gsdt	C
2020-04-13 06:28:24.326303	u/tia_mila	fn9hx1a	u/LSD-50	fn9how2	C
2020-04-13 06:28:43.717523	u/bettercallhuell1	fn9hxtc	u/FatBoOoOi	fn945u9	C
2020-04-13 06:29:09.155937	u/hellomister-itsme	fn9hz0u	u/its_Trollcraft	fn9gjzc	C
2020-04-13 06:29:25.464650	u/Einfach-Anders	fn9hyuh	u/maxiimus1	fn9hwl4	C
2020-04-13 06:29:28.555440	u/ThatOnePerson	fn9hznd	u/rgwashere	fn9f7mz	C
2020-04-13 06:30:02.460760	u/IamMooz	fn9i16e	u/Wheel31	fl5790b	C
2020-04-13 06:30:15.603254	u/AlphaGhost1230	fn9i1cy	u/AnotherInternetHuman	fn9bz80	C
2020-04-13 06:30:26.265176	u/SelectOperation7	fn9i1xf	u/NIGERian42069	fn9dy9m	C
2020-04-13 06:31:09.600060	u/Gab2567_	fn9i344	u/Sophion	fn9gw63	C
2020-04-13 06:31:20.951898	u/Magarr	fn9i3nk	u/RageMemesAreTheBest	fn99nbz	C
2020-04-13 06:31:50.965535	u/Contreraz04	fn9i4p2	u/LSD-50	fn9hvv7	C
2020-04-13 06:32:07.043142	u/BubbaGee2	fn9i54m	u/Doggo-6	fn9hv8v	C
2020-04-13 06:32:52.925577	u/Allegorist	fn9i6vm	u/Treejeig	fn9h26p	C
2020-04-13 06:33:29.111198	u/SilvaHero	fn9i7fw	u/xAzurePandax	ffqo86g	C
2020-04-13 06:33:47.217158	u/HelpfulConcert0	fn9i82o	u/Doesntknowbigwords	fn9evws	C
2020-04-13 06:33:52.483018	u/KolaDesi	fn9i8ko	u/CRUSADEROF420	fn9eva7	C
2020-04-13 06:35:30.599894	u/Bananz0	fn9ibmt	u/DrunkDrSeuss	fn8qaqg	C
2020-04-13 06:35:36.071969	u/Paranoiaccount11757	fn9ibqo	u/hellakids	fn9gwdz	C
2020-04-13 06:35:45.830393	u/WakA1337_	fn9ibyd	u/RepostSleuthBot	fn9i22i	C
2020-04-13 06:36:00.200970	u/Tikki_Bump	fn9ic8f	u/faZesKengZ	fn9i8pa	C
2020-04-13 06:36:02.052838	u/zh3nnnie	fn9icax	u/momo-the-Dark-Callum	fn9glwf	C
2020-04-13 06:36:04.736802	u/Madhav_hkm	fn9icdu	u/godslayer_2002	fn9hnyn	C
2020-04-13 06:36:22.278727	u/CayciMahmutAbi	fn9icqx	u/Bagel_ghost23	fn94h7n	C
2020-04-13 06:36:24.938318	u/hastobetrueitsreddit	fn9ictc	u/gotfreecandy	fn9fdzt	C
2020-04-13 06:36:27.651798	u/jilljilljill27	fn9icxf	u/Meme_Lettuce45	fn992bu	C
2020-04-13 06:36:33.565957	u/Cyb3rcl4w	fn9id0q	u/Jordanye3t	g0g3hu	S
2020-04-13 06:36:35.329084	u/MrStealKiller	fn9id1q	u/lulucmy	fn9d0oe	C
2020-04-13 06:36:50.508680	u/LucielthEternal	fn9idol	u/geneve_poitier	fn9hfq6	C
2020-04-13 06:37:28.521294	u/Xtr0	fn9iesr	u/galahadBatsy24	fn9f7iy	C
2020-04-13 06:38:21.432965	u/Arcanite-	fn9ihea	u/Einfach-Anders	fn9i4t9	C
2020-04-13 06:39:03.299254	u/charu_ism	fn9ij25	u/XeNiX_XiNeX	fn9ihpr	C
2020-04-13 06:39:29.139050	u/chamoisk	fn9ijwc	u/Mohammad927	fn9bjbt	C
2020-04-13 06:39:37.057890	u/angusmoore9876	fn9ik30	u/Return_to_the_Abyss	fn9iiy9	C
2020-04-13 06:40:07.098915	u/RincewindTVD	fn9ikxe	u/2ndMouseGetsCheese	fn9cpv5	C
2020-04-13 06:40:16.419454	u/FinancialAverage	fn9il9x	u/hellakids	fn9gwdz	C
2020-04-13 06:41:24.935734	u/_Maverick_1	fn9inc8	u/i_am_breath	fn9hx3b	C
2020-04-13 06:41:42.315235	u/woollie1	fn9io1x	u/DeepFryBot	fn8fnik	C
2020-04-13 06:42:12.537746	u/Deadhits	fn9ipdc	u/Your_Mother_19	fn9io5r	C
2020-04-13 06:42:30.846280	u/meh_overlord	fn9ip9b	u/TylerUSMC	fn96f98	C
2020-04-13 06:42:47.432923	u/Its-too-late-for-the	fn9ipvq	u/Bro_Army_supporter	fn9fiws	C
2020-04-13 06:42:55.659054	u/Asloomse	fn9iq5f	u/Working_Dad_87	fn8rbx1	C
2020-04-13 06:43:00.081294	u/Prangoals	fn9iq75	u/orcaleeorcabee	fn9fwbc	C
2020-04-13 06:43:08.797727	u/PatyDucky	fn9iqgt	u/RepostSleuthBot	fn9fib4	C
2020-04-13 06:43:54.026362	u/inhibitus1	fn9isqb	u/nish4444	fn9f8sd	C
2020-04-13 06:44:19.323783	u/DontThinkEntitled	fn9ish9	u/Beefskeet	fn90q8h	C
2020-04-13 06:44:43.512867	u/tebbylew	fn9iu86	u/charu_ism	fn9iskj	C
2020-04-13 06:45:03.191921	u/SchwiftyFreestyler	fn9iuw0	u/rattyman06	fn9iqvr	C
2020-04-13 06:45:33.553546	u/mikomdh	fn9iw3e	u/anormalb0i	fn9hbkg	C
2020-04-13 06:47:18.290839	u/manky-old-boot	fn9iyyn	u/TickTockM0therfucker	fn98tqy	C
2020-04-13 06:47:53.517703	u/DiamondRocks22	fn9j0e4	u/The_Brick_is_my_name	fn9itz4	C
2020-04-13 06:48:19.107616	u/Sten4444	fn9j1bu	u/The_Winner_2021	fn9hh4l	C
2020-04-13 06:48:39.285372	u/teamrocketblastsoff3	fn9j24v	u/TheBiebs107	fn8vf08	C
2020-04-13 06:48:40.819691	u/fluffers_the_unicorn	fn9j26c	u/Pootis_banan	fn9hvr6	C
2020-04-13 06:48:42.316883	u/Mzarie	fn9j26s	u/DarkPrince45AH	fn959m8	C
2020-04-13 06:49:07.699151	u/Kvas_HardBass	fn9j33v	u/Sisham	fn9hvzx	C
2020-04-13 06:49:17.937030	u/MEME-LOVER-09	fn9j3dz	u/inhinyerongmekanikal	fn9ezno	C
2020-04-13 06:49:52.967462	u/Alekarre	fn9j4k2	u/Domberchomber273	fn9j1ll	C
2020-04-13 06:50:10.286023	u/kaiyachan	fn9j54m	u/p_shark162	fn9hdbe	C
2020-04-13 06:50:20.837517	u/iAmUnrated_	fn9j599	u/ThatYellowElephant	fn9f8om	C
2020-04-13 06:51:33.474052	u/bok72	fn9j7wh	u/PaciStan	fn9iuqn	C
2020-04-13 06:52:08.159515	u/ErfanTheRed	fn9j7tn	u/SiBloGaming	fn9g5if	C
2020-04-13 06:53:30.926945	u/Kurumy	fn9jbcs	u/sofa-king-good-	fn9hts0	C
2020-04-13 06:53:56.038794	u/juggernaut_215	fn9jc0y	u/KittyEatsAllMyGrapes	g0gm7v	S
2020-04-13 06:54:09.255500	u/secr3tymask	fn9jcgz	u/FookinLazerSights69	fn6tbui	C
2020-04-13 06:54:21.982502	u/demonslam	fn9jcsw	u/Urgedpanda	fn9c888	C
2020-04-13 06:54:58.523025	u/SQUID_Ben	fn9jef8	u/CloppyTheClopper	fn9j385	C
2020-04-13 06:55:00.576277	u/Mokka111	fn9jegj	u/LeftWingPropaganda_	fn8hoal	C
2020-04-13 06:55:08.023560	u/connortheios	fn9jenl	u/FM79SG	fn9fs7i	C
2020-04-13 06:55:26.936885	u/AverageJoe615	fn9jfbz	u/M112theboss	fn9ja99	C
2020-04-13 06:55:38.417736	u/daniel-karni	fn9jfon	u/UselessLightyear	fn9i05i	C
2020-04-13 06:56:31.554418	u/TheTiredChef	fn9jhlg	u/duckswearcrocs	fn9cvar	C
2020-04-13 06:56:39.212934	u/d_chak	fn9jhzd	u/DimaCola	fn9issb	C
2020-04-13 06:57:32.402315	u/That-Reddit-Guy	fn9jjry	u/hellakids	fn9gwdz	C
2020-04-13 06:57:56.126711	u/Crazyllama333	fn9jkan	u/SatanicElmoFromHell	fn9hqe6	C
2020-04-13 06:58:01.123989	u/AGingerKissedByFire	fn9jkql	u/thewhiteoftheeyes	fn9i0fe	C
2020-04-13 06:58:19.953536	u/SirHelpMePlease	fn9jl54	u/Sarinx96	fn9h92n	C
2020-04-13 06:58:31.270302	u/mimipo	fn9jm04	u/ExoCakes	fn2z9km	C
2020-04-13 06:58:35.238683	u/Smratness	fn9jm90	u/aritipandu_san	fn9czg8	C
2020-04-13 06:58:42.567701	u/Philosophysnail	fn9jmh3	u/Minh1905	fn9hrqa	C
2020-04-13 06:59:37.509464	u/IamKiro_isnottaken	fn9jo33	u/faZesKengZ	fn9jl7b	C
2020-04-13 06:59:50.360984	u/SentientShredder	fn9joqr	u/John_Bruhman	fn9d47h	C
2020-04-13 06:59:54.867928	u/temuulen62	fn9jp29	u/abomagi	fn9jn2y	C
2020-04-13 06:59:57.859666	u/Avenger_J	fn9jowo	u/AuwliyaDeKip	fn9i4p9	C
