2020-03-26 15:00:07.230318	u/MathiDino	flkvti9	u/RepostSleuthBot	flk48vo	C
2020-03-26 15:00:42.234544	u/FlavorBlastedPenis	flkvuny	u/CommunistBubs	flk6p23	C
2020-03-26 15:00:53.844682	u/R-A-V-I-O-L-I-22	flkvurv	u/Sh0ckWav3_	flktmum	C
2020-03-26 15:00:56.281188	u/GoldenPigsty	flkvutx	u/queqsi_bebis	flkvhfj	C
2020-03-26 15:01:16.281687	u/alf20061	flkvve9	u/DeDamin77	flkrzwi	C
2020-03-26 15:01:42.816294	u/VarianStark	flkvw8o	u/Kagemey	flkv1oo	C
2020-03-26 15:01:46.266476	u/CallmeCold	flkvw9i	u/slayer420698	flks5o6	C
2020-03-26 15:01:53.240735	u/Nada72kt	flkvwce	u/linkgamer_54	flkq1tx	C
2020-03-26 15:02:13.755209	u/RegicidalRogue	flkvx3v	u/oakes1992	flkugph	C
2020-03-26 15:02:16.259128	u/roarich	flkvx53	u/buckingfuttholes	flkrpgl	C
2020-03-26 15:02:28.212447	u/Lolbitguy	flkvxfs	u/Chobchobs	fpdphu	S
2020-03-26 15:02:44.169687	u/slurponaut	flkvxth	u/racerfree	flko5hl	C
2020-03-26 15:02:49.889625	u/HijackyJay	flkvxyl	u/JAF05	flkv7ks	C
2020-03-26 15:03:16.599626	u/yomi_yomi_no_mi	flkvyw2	u/thatsajojosreference	flkltdx	C
2020-03-26 15:03:31.037679	u/Andyman117	flkvz43	u/meme_soapp	fljtsrh	C
2020-03-26 15:03:37.316440	u/smarshall561	flkvz9q	u/Paraschoot	flk4jt5	C
2020-03-26 15:03:48.210177	u/Andyman117	flkvzrz	u/R-Y-U-K-O	flkdf1c	C
2020-03-26 15:03:55.459651	u/Ripper_00	flkvzy6	u/SeriousUndead30	flkvsy9	C
2020-03-26 15:03:59.777974	u/Alabonde	flkw021	u/babyzoomer123	flkuoub	C
2020-03-26 15:04:05.104873	u/8YourOrgans	flkw05f	u/freddy69corn	flkvvko	C
2020-03-26 15:04:26.865058	u/Most_Board	flkx9gz	u/Tatagilber1	flkfue6	C
2020-03-26 15:04:29.050777	u/Johnny-McCain4242424	flkx9h2	u/GhostWolf2048	flkt4zi	C
2020-03-26 15:04:36.729990	u/commandercoffeemug	flkx9oo	u/oakes1992	flkx47g	C
2020-03-26 15:04:54.809050	u/maskedkiller215	flkxa3p	u/depressed-memester	flklzna	C
2020-03-26 15:05:03.488282	u/Overon33	flkxaln	u/Ultra_Weaboo	flkwyvq	C
2020-03-26 15:05:31.859053	u/TJStapleton15	flkxbk7	u/I_DONT_LIKE_PICKLES_	flkq22z	C
2020-03-26 15:05:39.550550	u/Derbologist	flkxblq	u/steppermotor226	flkl6jm	C
2020-03-26 15:05:55.162617	u/Gmtry1	flkxcpg	u/SeriousUndead30	flkx9y8	C
2020-03-26 15:06:00.949137	u/12GA63	flkxd1t	u/racerfree	flkgpgz	C
2020-03-26 15:06:14.001413	u/Beeboy987	flkxdq2	u/Dovalek	flktyui	C
2020-03-26 15:06:19.304359	u/vEnoM_420	flkxduw	u/datboiJR	flkepck	C
2020-03-26 15:06:42.079014	u/Antruvius	flkxet2	u/Mohit_37	flkqeq1	C
2020-03-26 15:06:45.501930	u/PerrinDaBEAST	flkxevb	u/miltonite	flkfl7q	C
2020-03-26 15:06:47.320124	u/Protoscan1	flkxewd	u/fualtyzane	flkvlvh	C
2020-03-26 15:06:50.075374	u/netbie_94	flkxeyy	u/Tru_Drone_Videos	flkp889	C
2020-03-26 15:07:25.474940	u/otsoseanastin	flkxgqn	u/fuego-inferno	flke55t	C
2020-03-26 15:07:27.178248	u/Meka65	flkxgt5	u/ImOnReddit18	flknyif	C
2020-03-26 15:07:28.960110	u/Earsessee	flkxh04	u/Jermainejgenas	flk7xng	C
2020-03-26 15:07:48.567718	u/Spcctral	flkxhsp	u/12GA63	flkx0e9	C
2020-03-26 15:07:55.374209	u/BeeepM	flkxi48	u/deaddanik	flk2asf	C
2020-03-26 15:08:00.909475	u/emirsurmen	flkxi8l	u/shaggyjonny	fljqmug	C
2020-03-26 15:08:06.428304	u/potato__hacks	flkxiqu	u/Funnymemesforsociety	flkwusr	C
2020-03-26 15:08:30.415792	u/fettanimememer	flkxjz7	u/charles_mortel	flkxg9u	C
2020-03-26 15:09:10.678287	u/HotBunKiller	flkxmmw	u/el_chupanebriated	flku6ax	C
2020-03-26 15:09:12.347802	u/MyNameIsTimTim	flkxmrf	u/RepostSleuthBot	flkx5ez	C
2020-03-26 15:09:30.188215	u/madass201	flkxn7n	u/fualtyzane	flkxckq	C
2020-03-26 15:09:33.986291	u/theXsorcist	flkxnex	u/Labinak	flko29d	C
2020-03-26 15:09:35.381693	u/Julioscoundrel	flkxngg	u/RepostSleuthBot	flkwpsg	C
2020-03-26 15:09:36.718311	u/Opilipili	flkxnj6	u/fualtyzane	flkxjn3	C
2020-03-26 15:09:45.824566	u/tidderenodi	flkxnvq	u/Caffeinated-potato5	flkhpti	C
2020-03-26 15:10:13.958436	u/Quality02	flkxplh	u/Xilus1906	flkv0zr	C
2020-03-26 15:10:21.005803	u/TheBakedBison	flkxpv6	u/cstib_69	flkvf89	C
2020-03-26 15:10:39.669499	u/Andybot21	flkxqun	u/fualtyzane	flkxp6i	C
2020-03-26 15:11:01.283085	u/Hashbrown4	flkxrex	u/fualtyzane	flkxmcl	C
2020-03-26 15:11:04.287699	u/TheBakedBison	flkxrg9	u/AwesomePig278	flkxhnj	C
2020-03-26 15:11:13.357478	u/piccolos_arm	flkxrqs	u/Franz808	flkpsfe	C
2020-03-26 15:11:33.233847	u/Shmick2	flkxs9i	u/zombodiy	fli1br5	C
2020-03-26 15:12:10.741322	u/sandstar115	flkxtyr	u/fualtyzane	flkxl4b	C
2020-03-26 15:12:36.575329	u/DBusterr	flkxuqc	u/fuego-inferno	flkw69u	C
2020-03-26 15:12:43.910793	u/Skycam3014	flkxuwe	u/JoeMamaAndThePapas	flkq867	C
2020-03-26 15:12:52.826991	u/Ty019	flkxuyv	u/fualtyzane	flkxh83	C
2020-03-26 15:13:55.379798	u/Meme_Expert420-69	flkxx33	u/spandex_in_Virginia	flkd585	C
2020-03-26 15:14:00.003838	u/MrPewPewLaser	flkxx6j	u/RepostSleuthBot	flk8ei8	C
2020-03-26 15:14:17.717091	u/MewtwoMainIsHere	flkxxf2	u/fuego-inferno	flkssfj	C
2020-03-26 15:14:36.905264	u/Lessedgepls	flkxyd1	u/RepostSleuthBot	flkp3td	C
2020-03-26 15:14:54.082247	u/Ghost_Master05	flkxz36	u/Abs4life123	flgjw86	C
2020-03-26 15:15:09.663616	u/SoGuysWeDidItpewds	flkxzto	u/Hiyeah1	flkviwd	C
2020-03-26 15:15:13.405896	u/Styx92	flkxzw8	u/Pannenkoek420	fljtavp	C
2020-03-26 15:15:39.819904	u/CancerDonor	flky06a	u/fuego-inferno	flkwes3	C
2020-03-26 15:15:46.889285	u/sabertoothfiredragon	flky0g8	u/racerfree	flkdw2j	C
2020-03-26 15:15:57.116828	u/Dolphee99	flky0z8	u/shizeR45	flg3tfa	C
2020-03-26 15:15:59.395887	u/pacho3	flky12t	u/bkmangang	flkr5zc	C
2020-03-26 15:16:11.192302	u/pacho3	flky1nb	u/bkmangang	flks17t	C
2020-03-26 15:16:27.153165	u/homietheclown	flky2bc	u/racerfree	flkui4w	C
2020-03-26 15:17:08.456938	u/MemeShinobi	flky469	u/miniekPL	flkoa8b	C
2020-03-26 15:17:34.739748	u/ForeignWalletEquiper	flky5b2	u/fualtyzane	flkw8t8	C
2020-03-26 15:17:39.494026	u/JoeWaffles234	flky5iq	u/crunchy_crop	flkp4ac	C
2020-03-26 15:17:51.923237	u/kyjamesrobs	flky6fo	u/fuego-inferno	flkw69u	C
2020-03-26 15:18:16.396599	u/spanish9yearold	flky7eg	u/tallguy1010	fljf1br	C
2020-03-26 15:18:22.365376	u/Bravo_Zulu22	flky7k0	u/Antruvius	flkxet2	C
2020-03-26 15:18:26.668407	u/DimezTheAlmighty	flky7lf	u/Themurlocking96	flkxjtr	C
2020-03-26 15:18:29.937690	u/AstroturfDetective	flky7sm	u/a-snakey	flktnox	C
2020-03-26 15:19:05.318817	u/Domshous	flkyafd	u/racerfree	flku7z3	C
2020-03-26 15:19:12.329295	u/charisar00	flkyajt	u/enough-rope	flkdc51	C
2020-03-26 15:19:34.954740	u/S1rPsycho	flkycm4	u/not-mvh	flj22z4	C
2020-03-26 15:19:38.504701	u/MRoBISCUIT	flkyd2v	u/RepostSleuthBot	flky6da	C
2020-03-26 15:19:55.958598	u/MrG1rafarig	flkyfd1	u/Gongstrong	flk9sh9	C
2020-03-26 15:20:05.291164	u/mockingj_ae	flkyftf	u/Ignus_Brachium	flksrgs	C
2020-03-26 15:20:30.121679	u/Stormy-Skyes	flkygpa	u/fualtyzane	flkvxz3	C
2020-03-26 15:21:15.672069	u/shootme256	flkz3pi	u/bjorn_verhoef	flkru2k	C
2020-03-26 15:21:40.847350	u/LouisTheCowboy	flkz50w	u/JonahTheNowAwesome	flismrh	C
2020-03-26 15:22:00.826623	u/that1guy4805	flkz5rc	u/RepostSleuthBot	flkni2q	C
2020-03-26 15:22:44.844203	u/Abramabundiz	flkz6hb	u/racerfree	flkxs25	C
2020-03-26 15:23:05.266885	u/Metallica053	flkz6ra	u/EltarCanav	flkyqzw	C
2020-03-26 15:23:16.116636	u/Dylbert-CHUNGUS	flkz6z9	u/AutoModerator	flk4kqf	C
2020-03-26 15:23:23.930783	u/FighterLuckless	flkz7g9	u/steppermotor226	flklxxw	C
2020-03-26 15:23:42.335724	u/WastedBreach	flkz864	u/Masinary	flkygkj	C
2020-03-26 15:23:49.633980	u/foamy23464	flkz8hv	u/CaptnRodgers	flkkj4n	C
2020-03-26 15:23:57.475431	u/RreL1s	flkz9li	u/troop2115	flkomvi	C
2020-03-26 15:24:03.896702	u/thatguy56436327	flkz9sh	u/steppermotor226	flkl6jm	C
2020-03-26 15:24:25.134656	u/Mr_Elijiah	flkza2z	u/fualtyzane	flkxkfz	C
2020-03-26 15:24:55.080228	u/Girlysprite	flkzb4h	u/A2X-iZED	flk3pa2	C
2020-03-26 15:25:01.046866	u/LuigiPapyrus123	flkzbe1	u/morhyn007	flkyz0i	C
2020-03-26 15:25:10.789835	u/yukongeorge1	flkzbze	u/PurpleNuggets	flkobmz	C
2020-03-26 15:25:17.940944	u/Spyguy122204	flkzbzo	u/Carson200525	flks3i7	C
2020-03-26 15:25:42.060044	u/NYY363	flkzdaw	u/nx85	flkzcju	C
2020-03-26 15:26:26.138293	u/toopertuper	flkzgkv	u/Vishvraj	flku9n4	C
2020-03-26 15:26:38.322277	u/SargeCronus	flkzh7q	u/fualtyzane	flkxqgv	C
2020-03-26 15:26:55.041778	u/UnknownUser-404	flkzhd4	u/-Blackspell-	flkz3dk	C
2020-03-26 15:27:00.975847	u/Ghost_Seption	flkzhq6	u/Waluigi-uwu-	flj4e9h	C
2020-03-26 15:27:30.200861	u/TheDnDNerd	flkziti	u/_dartagnan_mf_	flkzd1q	C
2020-03-26 15:27:40.607886	u/TeamTrySoft	flkzjhv	u/supakaioken	flksmwy	C
2020-03-26 15:27:53.468671	u/lilquantumcm	flkzkhk	u/Catmandew1	flksv79	C
2020-03-26 15:28:07.802057	u/potfrier	flkzl9y	u/fl0wdeep	fljvjfj	C
2020-03-26 15:28:16.214226	u/hst_rocks	flkzlxf	u/Lil-Sleepy-A1	flkzgrv	C
2020-03-26 15:28:29.553199	u/single_thread_left	flkzmzc	u/r3dcrayon	flid4tp	C
2020-03-26 15:28:35.164605	u/single_thread_left	flkznd6	u/rugged_beard	fliekpc	C
2020-03-26 15:28:40.995611	u/single_thread_left	flkznp5	u/SlamulusBranulus	flidi3n	C
2020-03-26 15:28:42.637010	u/Lanzer-	flkzns1	u/12GA63	flkv0ys	C
2020-03-26 15:28:56.877806	u/single_thread_left	flkzogs	u/Tru_Drone_Videos	flic5tf	C
2020-03-26 15:29:13.988343	u/SneakeFox	flkzq4a	u/no_u____	flkum59	C
2020-03-26 15:29:20.804465	u/rjrait	flkzq5e	u/Rogue598	flkzcg4	C
2020-03-26 15:29:25.516169	u/TheroryGuy1	flkzqpg	u/Knowledge8787	flkyd63	C
2020-03-26 15:29:36.361261	u/anonymousss11	flkzsd4	u/HermeticMonkey	flkyy5p	C
2020-03-26 15:29:47.633820	u/thenutmaster27	flkzt0f	u/Rogue598	flkzqlk	C
2020-03-26 15:29:49.121046	u/elnino2703	flkzt6e	u/fualtyzane	flkzgrk	C
2020-03-26 15:29:54.920306	u/Logical_HoHo	flkztxn	u/Vjiorick	fl85hr3	C
2020-03-26 15:29:59.002228	u/sigpop16	flkzud4	u/Mazbin	fljfydw	C
2020-03-26 15:30:05.945147	u/manxmaniac	flkzuze	u/SPOTlickPOP	fljwl18	C
2020-03-26 15:30:52.059343	u/yungpepp	flkzwpi	u/onlinelink2	flkxge3	C
2020-03-26 15:31:24.065750	u/AttackMail	flkzxkt	u/Dr_Saguaro	flkzvuh	C
2020-03-26 15:31:33.378856	u/captaincurry11	flkzy0p	u/Ochinchin6969111	flk6604	C
2020-03-26 15:32:04.930955	u/Yaiter453	flkzz6b	u/Dead_Anomaly	flky44p	C
2020-03-26 15:32:17.639179	u/pizzamilos	flkzzs4	u/kearnel81	fpf2lh	S
2020-03-26 15:32:28.094959	u/_Ronan__	fll00g7	u/BluRevealing	flkzwxz	C
2020-03-26 15:32:34.657320	u/EmpireBoi	fll00nt	u/ManiacleGoon	flk6cza	C
2020-03-26 15:32:40.198194	u/TheReal69_banananana	fll00r5	u/charisar00	flkyajt	C
2020-03-26 15:34:01.256368	u/Blabbledank	fll048l	u/Vaultboy474	fljm1ow	C
2020-03-26 15:34:23.031981	u/MinecraftMojan	fll0531	u/lazerman368	flkibhb	C
2020-03-26 15:34:31.034094	u/Tokkkk	fll0577	u/Alram69	flkfym6	C
2020-03-26 15:34:47.106564	u/princess_lala_07	fll05yb	u/BeNbUcKToO	flky824	C
2020-03-26 15:34:53.893955	u/Appiemakker	fll0687	u/Johnny-McCain4242424	flkx9h2	C
2020-03-26 15:35:16.533684	u/NowAcceptingBitcoin	fll07cl	u/SoleSurvivor-2277	fll044l	C
2020-03-26 15:35:36.152699	u/Moneyprintergobrrrr	fll096n	u/fualtyzane	flkxnfd	C
2020-03-26 15:35:47.644270	u/TF141_Disavowed	fll09h9	u/Evangelionlovr	flkzys3	C
2020-03-26 15:36:00.526331	u/Persona_Baffuta	fll0a53	u/Le_Bright_Dinosaure	fll05ie	C
2020-03-26 15:36:05.567643	u/Art1ns	fll0ad5	u/pirateofmemes	flkhzh7	C
2020-03-26 15:36:19.382805	u/effective_techer	fll0ba7	u/RealFunnySteve	flkzvj6	C
2020-03-26 15:36:21.298242	u/megamind_04	fll0bdh	u/CMDR_Rh34dOD_KbJs	flkrt8r	C
2020-03-26 15:36:27.620524	u/LukBee	fll0bnh	u/AnakinsShowerDrain	fll03pp	C
2020-03-26 15:36:50.300643	u/3AlbinoScouts	fll0cxk	u/DimezTheAlmighty	fljvlkl	C
2020-03-26 15:37:20.651106	u/YoloIsNotDead	fll0ey2	u/NoPostsHowMuchKarma	flko386	C
2020-03-26 15:37:25.868289	u/lucidspoon	fll0fcv	u/fualtyzane	flkyokg	C
2020-03-26 15:37:32.449815	u/FuckBoomers42069	fll0fpi	u/wetnamE	flkwhks	C
2020-03-26 15:38:01.339957	u/DoveBirdNL	fll0gtt	u/BodenKru	flk3may	C
2020-03-26 15:38:05.693666	u/Wooshity_Woosh	fll0gwu	u/mrboat-man	flkw69o	C
2020-03-26 15:38:19.487742	u/Quatrevandix	fll0hn3	u/datboiJR	flkepck	C
2020-03-26 15:38:32.039726	u/MasterEat	fll0i9v	u/CheezyChicken1	flkx9z2	C
2020-03-26 15:39:09.289457	u/Proverbs_27_17	fll0kuc	u/AnakinsShowerDrain	fll03pp	C
2020-03-26 15:39:14.597985	u/--Mr_Incognito--	fll0ld1	u/shaggyjonny	fljqmug	C
2020-03-26 15:39:19.041054	u/homerrezanina	fll0lre	u/Eislieferant1	fll0ikb	C
2020-03-26 15:39:34.377646	u/Thirstyb0i	fll0n2n	u/HaRa0000	fll09sa	C
2020-03-26 15:39:50.144775	u/doritoLove	fll0o7l	u/fualtyzane	flkxpyg	C
2020-03-26 15:40:00.013530	u/armadillo-man	fll0ovl	u/Pidgeon_Stalker	fll02vv	C
2020-03-26 15:40:12.277995	u/chicken-feet123	fll0p3b	u/fualtyzane	fll0o6j	C
2020-03-26 15:40:17.005778	u/StridentBugle	fll0pao	u/fualtyzane	fll0l9r	C
2020-03-26 15:40:28.971280	u/HardScenes	fll0q0h	u/IceyEnder	fljhekd	C
2020-03-26 15:40:40.912407	u/Samurai_IX	fll0qdp	u/TheMediumJanet	fll0h42	C
2020-03-26 15:40:47.481804	u/rUnicornchihuahua	fll0qj8	u/quinten9665	fda3mj8	C
2020-03-26 15:41:14.144326	u/Therium36709	fll0rts	u/TeamTrySoft	fll0q37	C
2020-03-26 15:41:30.314737	u/random-name-taken	fll0se0	u/charisar00	flkyajt	C
2020-03-26 15:42:07.450383	u/Rimeeny	fll0tw7	u/mih69420	fll0org	C
2020-03-26 15:42:22.540376	u/Hazrtine	fll0udk	u/CheeriodudeL45	flkyvu9	C
2020-03-26 15:42:49.597421	u/IsyouReEe	fll0v02	u/darklotusgamer1	flk8pt0	C
2020-03-26 15:43:18.305757	u/Hudriwudi	fll0vsj	u/Cocoabean271	flk4ro8	C
2020-03-26 15:44:07.001829	u/smollsadi	fll0xox	u/machimus	fli9vpy	C
2020-03-26 15:44:22.786026	u/DaCorrie	fll0yjw	u/Samurai_IX	flkyiro	C
2020-03-26 15:44:34.295244	u/Martini800	fll0z3g	u/RepostSleuthBot	fll0tjd	C
2020-03-26 15:45:18.555916	u/banditpeak	fll114o	u/anonymousss11	flkzsd4	C
2020-03-26 15:45:32.206604	u/bentoattack	fll11ju	u/numberbutton0	flkq754	C
2020-03-26 15:45:37.219885	u/RealSyloktheDefiled	fll11ln	u/fualtyzane	fll0zbk	C
2020-03-26 15:46:10.576215	u/tobi112233	fll133m	u/fualtyzane	fll0n9u	C
2020-03-26 15:46:14.270515	u/hallgrim5kirkja	fll139d	u/canyoueatchicken	fljsjs3	C
2020-03-26 15:46:21.127517	u/Sithmobias1	fll13o5	u/Sarcovis	fll0x52	C
2020-03-26 15:46:23.972329	u/irollpunsnotweed	fll13r2	u/Dj_Rowan31	fl2toel	C
2020-03-26 15:46:28.815847	u/ilikememeshaha	fll13xa	u/sunnysquid68	flhzehn	C
2020-03-26 15:46:32.595742	u/aldguton23	fll13z4	u/NoPostsHowMuchKarma	flkknai	C
2020-03-26 15:46:43.712267	u/Ahfellas	fll14i9	u/ItsSrikarOMG	fpahm9	S
2020-03-26 15:46:47.808810	u/meanmeanykid	fll14mc	u/AutoModerator	flk3ll6	C
2020-03-26 15:46:52.431392	u/mrt00010	fll14wg	u/fuego-inferno	flkwhux	C
2020-03-26 15:47:13.195341	u/shitbot_420	fll15mc	u/DaCorrie	fll136i	C
2020-03-26 15:47:23.043524	u/wolverineyp	fll1602	u/TheBiebs107	fll14dj	C
2020-03-26 15:47:25.809741	u/Eeveechuster	fll165e	u/racerfree	flknc8a	C
2020-03-26 15:47:28.829126	u/XxHot-ShowerxX	fll168i	u/dovedevic	fl2eb1j	C
2020-03-26 15:47:51.652430	u/mranderson42	fll1771	u/Yaiter453	flkzz6b	C
2020-03-26 15:48:03.046440	u/Boogary	fll1830	u/Eni9	fljnar5	C
2020-03-26 15:48:09.504831	u/190849092	fll18eq	u/ThisIsSuperFunny	fll13k2	C
2020-03-26 15:48:32.873247	u/instantur	fll19tp	u/mimilegolol	flkazcr	C
2020-03-26 15:49:08.289540	u/min35vil	fll1brs	u/Jermainejgenas	fljzr0q	C
2020-03-26 15:49:39.757305	u/d_money_123	fll1eax	u/NoPostsHowMuchKarma	flkkxar	C
2020-03-26 15:49:50.458023	u/AyeeBeeCeeDee	fll1f4z	u/lilbarbque	flibe47	C
2020-03-26 15:49:52.383834	u/CallMeTHELazer	fll1fn3	u/AutoModerator	fljpn5m	C
2020-03-26 15:49:53.611839	u/_cherry_pie	fll1fo2	u/nate_schwartz	flk89ky	C
2020-03-26 15:50:48.981606	u/atoka04	fll1i1o	u/bigchillsharky	flkeif1	C
2020-03-26 15:50:56.063286	u/jfalconer06	fll1ijo	u/Joycelly	flkx7pl	C
2020-03-26 15:51:05.324030	u/BigDaddyStalin69	fll1iun	u/mimilegolol	flk1px3	C
2020-03-26 15:51:43.811116	u/MLGRayquaza1324	fll1jwq	u/ThisIsSuperFunny	fll13k2	C
2020-03-26 15:51:52.318773	u/GamerGriffin548	fll1kcw	u/YoloIsNotDead	fll0ey2	C
2020-03-26 15:51:58.122665	u/cgbola	fll1kjn	u/PaichnIon	fll1dhr	C
2020-03-26 15:52:08.129319	u/sans-is-ness-gt	fll1kwh	u/s1ibedr1ll	flkf5j3	C
2020-03-26 15:52:16.672847	u/DarkAnalyser	fll1l93	u/memer2026	fljxuxm	C
2020-03-26 15:52:28.088249	u/blupblupmcgee	fll1lkb	u/Plagal_cadence	fli8fxm	C
2020-03-26 15:52:45.984661	u/potatoperson360	fll1m5l	u/RandomNarwal69420	flkc32i	C
2020-03-26 15:52:49.379674	u/greengiant1101	fll1m7g	u/mih69420	fll0gyx	C
2020-03-26 15:52:58.497772	u/A_Random_Dane	fll1mmh	u/tizianrein	flja9jd	C
2020-03-26 15:53:13.090414	u/xX_darkpanther_Xx	fll1nad	u/charisar00	flkyajt	C
2020-03-26 15:53:16.470493	u/falchi103	fll1nja	u/TheReal69_banananana	fll00r5	C
2020-03-26 15:53:41.861631	u/agopaluni	fll1osh	u/Ben_Herr	fll1gha	C
2020-03-26 15:54:30.644710	u/marcelayala	fll1qdn	u/fuego-inferno	flkssfj	C
2020-03-26 15:54:36.317018	u/FwamingDwagon-	fll1qga	u/PurpleNuggets	fll0vjz	C
2020-03-26 15:54:40.304238	u/SwolSamurai777	fll1qhe	u/ThisIsAnOsmUser	flkmm7n	C
2020-03-26 15:55:00.054197	u/fuckthessytem345	fll1rci	u/memer2026	flkkqga	C
2020-03-26 15:55:14.096474	u/MrRipIt	fll1rup	u/-FuckMeInTheAsshole-	flkv7lo	C
2020-03-26 15:55:20.683930	u/joeywaschandler	fll1s44	u/23jhall	flkwkau	C
2020-03-26 15:55:29.755652	u/aggeliki04	fll1siw	u/racerfree	flke5t9	C
2020-03-26 15:55:34.600612	u/bibannn	fll1soq	u/Anti_Karen_League	fll1nll	C
2020-03-26 15:56:03.576256	u/Chariot4Requiem	fll1to5	u/HuffPuff_420	flk63qy	C
2020-03-26 15:56:05.651741	u/Motor_Head34685	fll1toh	u/diabolical-snek	fljjcr0	C
2020-03-26 15:56:08.165549	u/SkidooSkidae100	fll1tra	u/clemdemort	fll1sxp	C
2020-03-26 15:56:12.251777	u/Doctor_Shoestring	fll1u1n	u/MAGIC_EYE_BOT	flkysys	C
2020-03-26 15:56:16.179435	u/NotTheOnlyHunter	fll1u86	u/fualtyzane	fll0i3z	C
2020-03-26 15:57:01.059932	u/RandomRedditor404	fll1vnw	u/SlavBoy47	flklp08	C
2020-03-26 15:57:38.449471	u/TheDextrometh-Orphan	fll1wkf	u/MrRipIt	fll1rup	C
2020-03-26 15:57:54.480616	u/BigRichardDix126	fll1xef	u/DaCorrie	fphj24	S
2020-03-26 15:58:06.373404	u/KlaudiSy	fll1xue	u/HandsomeP0TAT0	flkxd7e	C
2020-03-26 15:58:20.637607	u/Dasham11	fll1yao	u/AutoModerator	fljk80s	C
2020-03-26 15:58:34.665089	u/benfranklinthedevil	fll1yu2	u/fualtyzane	flkywqg	C
2020-03-26 15:58:37.350896	u/xChameleon	fll1ywi	u/Zafk13l	fll1xtf	C
2020-03-26 15:58:46.081004	u/blk12345q	fll1zcy	u/TheLatitude	flkfafg	C
2020-03-26 15:58:47.444720	u/Mysterio-illusion	fll1zd5	u/ThisIsAnOsmUser	flkmm7n	C
2020-03-26 15:58:52.975908	u/Pato_de_Hule	fll1zs6	u/Keda_Keda	flkqt2q	C
2020-03-26 15:59:10.522935	u/AuzEll	fll20yx	u/fualtyzane	flkw1gk	C
2020-03-26 15:59:16.192077	u/alreadytaken899	fll21em	u/CheeriodudeL45	flky254	C
2020-03-26 15:59:32.911510	u/InsignificantOcelot	fll21xv	u/personmandudeguybro	flkzj5t	C
2020-03-26 15:59:34.108612	u/Omegasoul19	fll21zc	u/RepostSleuthBot	flkni2q	C
2020-03-26 15:59:39.615031	u/lil-nunny8	fll22ik	u/egagwes	flk6xt5	C
2020-03-26 15:59:47.060432	u/Samdabeast	fll237j	u/Filipko284829	flkqizi	C
