2020-04-10 15:00:29.925321	u/Dogfight411	fn0n4mh	u/quinten9665	fn08x80	C
2020-04-10 15:00:32.355082	u/thEOmNiGUy	fn0n4mq	u/Justin_The_Fox2	fn036g7	C
2020-04-10 15:00:35.952897	u/Yusuf_Hassan	fn0n4o3	u/MyJelloJiggles	fn0d169	C
2020-04-10 15:00:47.699427	u/Gatorkid365	fn0n55r	u/Gasenos	fn0b7o5	C
2020-04-10 15:01:21.111647	u/Hexor036	fn0n6gc	u/astan9988	fn087hs	C
2020-04-10 15:01:37.123266	u/deathskrieg	fn0n7a7	u/eljay87skt	fn0n4yy	C
2020-04-10 15:01:50.379687	u/staring_at_the_sky	fn0n7up	u/FrederickMecury	fmztan7	C
2020-04-10 15:02:05.835810	u/jesus-needMilk	fn0n88z	u/RedninjaJ	fn0gaqr	C
2020-04-10 15:02:41.790830	u/Memes_Aidan	fn0n9pr	u/YeetusMcSkeetus69420	fn0m172	C
2020-04-10 15:03:35.528204	u/No-robbery	fn0nc1h	u/EliotHudson	fn0n8oz	C
2020-04-10 15:04:17.454742	u/jasonbbg	fn0ndh0	u/3_DX	fn0cw8h	C
2020-04-10 15:04:19.591204	u/sh1ftyswar	fn0ndj5	u/theunfortunatesperm	fmxtmd0	C
2020-04-10 15:04:57.672956	u/Caleb2103	fn0nevv	u/Username-Taken-01	fn0nd3v	C
2020-04-10 15:04:59.662196	u/junkofruit	fn0nex9	u/AdityaKuliyal1127	fn0c6jw	C
2020-04-10 15:05:01.656400	u/EyeAmYouAreMe	fn0nex7	u/The_Legendary_Snek	fn00mhs	C
2020-04-10 15:05:05.655786	u/Jamax34	fn0nfb9	u/Eqwort	fmt1e86	C
2020-04-10 15:05:09.781837	u/CourageousPumpkin	fn0nfje	u/Infinite303	fn05u7y	C
2020-04-10 15:05:13.775522	u/MikenotIke2343	fn0nfr0	u/formulated	flbdr10	C
2020-04-10 15:05:26.182809	u/RatKingLordOfVermin	fn0ng13	u/54312Boo	fn09sow	C
2020-04-10 15:05:48.196249	u/DeadlyVyper206	fn0nh8w	u/PurpleFire337	fn0meg2	C
2020-04-10 15:06:18.647334	u/beanlizards	fn0nibb	u/btwmagic	fn0mz83	C
2020-04-10 15:06:21.492981	u/carmelmarien	fn0nie4	u/KenyaKenxa	fn0ndvb	C
2020-04-10 15:06:41.213501	u/childhood-cancer	fn0nizn	u/Mistere6	fn0mawf	C
2020-04-10 15:07:11.225329	u/Aw71	fn0nk9e	u/cheqeurs	fydkkq	S
2020-04-10 15:07:16.325517	u/Ya_boi_tyler	fn0nkiq	u/Top_Hat_Matt	fn0cm5b	C
2020-04-10 15:07:52.814443	u/glitchywoah	fn0nmg5	u/objectivve	fn0n6np	C
2020-04-10 15:08:01.475372	u/ItsThePostman42	fn0nmsl	u/Abhiizzz	fn0kl53	C
2020-04-10 15:08:17.162108	u/69_not_shrek_69	fn0nno2	u/jakesifinski	fn07iwf	C
2020-04-10 15:08:34.524808	u/ButterToasterDragon	fn0no5i	u/Troobis_Is_Hot	fn0jrds	C
2020-04-10 15:09:18.873250	u/spooky-raptor	fn0npmk	u/steliux	fmz2lml	C
2020-04-10 15:09:24.812317	u/Mashinito	fn0npwr	u/DmMacniel	fn0m2ze	C
2020-04-10 15:09:33.798733	u/Sisham	fn0nr2t	u/Pr_Sanchez	fn0mqf6	C
2020-04-10 15:09:39.263032	u/effective_techer	fn0nrcf	u/SuperAnonymous287	fn0i2qd	C
2020-04-10 15:09:42.096539	u/GodShaz	fn0nrvj	u/CasualScreeching	fn0dk0d	C
2020-04-10 15:09:51.632238	u/something-not-clever	fn0nsq7	u/Zunaryon	fmzr6s4	C
2020-04-10 15:10:05.235020	u/itsaworkalt	fn0nuef	u/Recsaq	fn0d19p	C
2020-04-10 15:10:08.860692	u/FUCK-THAT-GOLF-WANG	fn0nugb	u/BannedOnTwitter	fmzovz5	C
2020-04-10 15:11:14.572177	u/LordAngryOne	fn0nwvs	u/stephit77	fn0lapk	C
2020-04-10 15:11:28.686615	u/egregerwg	fn0nxmw	u/Dogfight411	fn0n4mh	C
2020-04-10 15:11:50.708179	u/much-smoocho	fn0nyi0	u/Takeabyte	fn0j4sr	C
2020-04-10 15:11:56.693511	u/egregerwg	fn0nyld	u/egregerwg	fn0nxmw	C
2020-04-10 15:12:20.891049	u/Kaiistfrei	fn0nzit	u/AngryAnusAngus	fmzomkk	C
2020-04-10 15:13:24.427775	u/SwissCheeseMan26	fn0o258	u/battleant1	fn0ndvy	C
2020-04-10 15:13:48.573283	u/TheTrueK2	fn0o2zt	u/PankakezRUS	fmzznq8	C
2020-04-10 15:15:06.953947	u/Woohoo1964	fn0o68p	u/Fnaf12345678910fan	fn0aymk	C
2020-04-10 15:15:20.103649	u/oh-wow224	fn0o6j8	u/etcboi	fn0cbln	C
2020-04-10 15:15:39.921061	u/TeENypeEnY69420	fn0o7ev	u/rools2roolsproject	fn0a7b3	C
2020-04-10 15:15:42.709798	u/QuirkyPony	fn0o7lx	u/dyziex	fmzx9y7	C
2020-04-10 15:15:45.850946	u/Eminem_slimshady21	fn0o7qc	u/NeoSyncline	fmzfovo	C
2020-04-10 15:16:24.330284	u/djenvino	fn0o8vj	u/Zunaryon	fmzr58x	C
2020-04-10 15:16:26.099243	u/adishri8	fn0o8za	u/-Redstoneboi-	fmz491r	C
2020-04-10 15:16:35.736008	u/tgw1986	fn0o9iy	u/Master_JBT	fmzp7km	C
2020-04-10 15:17:02.430174	u/UnpleasantEgg	fn0oaic	u/onlinelink2	fn0o3ra	C
2020-04-10 15:17:09.232245	u/Russian-Seel	fn0oawm	u/Glitchedwolfpup	fmz3s4h	C
2020-04-10 15:17:10.860087	u/ElxEllie	fn0oazc	u/SwissCheeseMan26	fn0o258	C
2020-04-10 15:17:39.451293	u/Sum1WhoseBored	fn0odo2	u/NAZOR01	fn0fq8i	C
2020-04-10 15:17:49.556825	u/UmarPopha69	fn0oe2f	u/Thechampion1300	fn0o7yv	C
2020-04-10 15:18:21.195576	u/hotcheetos603	fn0ogtf	u/doingkarma	fmznwd4	C
2020-04-10 15:18:34.045628	u/7Down1ToGo	fn0ohq8	u/valleyska	fn0a0ur	C
2020-04-10 15:18:37.074969	u/Bear-Ferr	fn0ohxe	u/electric_ocelots	fn04xuh	C
2020-04-10 15:18:46.201142	u/ZachRyder	fn0oilr	u/Windwalker61	fn0nk8p	C
2020-04-10 15:18:56.836045	u/kuctuz	fn0oj05	u/ThotHunter101	fn0o3bn	C
2020-04-10 15:19:03.481770	u/Strwbrydnish	fn0ojk5	u/evanc1411	fn0oi3y	C
2020-04-10 15:19:14.206382	u/TheB1itz	fn0ok47	u/3body_Games1	fn0ltkw	C
2020-04-10 15:19:16.738626	u/Raz070	fn0oka2	u/in-utero89	fn0nzi4	C
2020-04-10 15:19:17.723544	u/rac-cool	fn0okcg	u/MssDevil	fmzkp82	C
2020-04-10 15:19:31.926865	u/markandthezucc	fn0om3c	u/graceiguesslol	fn0ogxg	C
2020-04-10 15:19:35.925625	u/Ndrewreen	fn0omxl	u/Aehrieck	fn0nhkr	C
2020-04-10 15:19:38.174968	u/klatkasalowa5	fn0on6a	u/rYze_CoOkEr	fn02opg	C
2020-04-10 15:19:59.456853	u/FlokoWillFindYou	fn0opo6	u/HBRYU	fmzh43y	C
2020-04-10 15:20:06.044560	u/htx_sgk89	fn0oq5g	u/ThePhantomRaven	fn06o04	C
2020-04-10 15:20:08.501400	u/serif_sans	fn0oq59	u/Dr_C_F_	fn0ekt7	C
2020-04-10 15:20:27.699264	u/clandestineprawn	fn0ora6	u/ignotusvir	fmzqyyu	C
2020-04-10 15:20:30.089362	u/grandBBQninja	fn0ordn	u/Zunaryon	fmzvg3y	C
2020-04-10 15:21:45.529090	u/NameMyLife	fn0ov1e	u/An_Watermelon	fn0mo10	C
2020-04-10 15:22:11.019360	u/Ethimo16	fn0ow7t	u/Respect_Paying_Bot	fn0mku3	C
2020-04-10 15:22:16.332611	u/Ethimo16	fn0owq0	u/GuppyPup_2	fn0mmxb	C
2020-04-10 15:22:42.184185	u/Ethimo16	fn0oxw5	u/Bill-fricken-cipher	fn0nr1y	C
2020-04-10 15:22:52.033320	u/putins-potatoe	fn0oy0j	u/7umor	fn00pq9	C
2020-04-10 15:23:23.104393	u/FrekingButterfly	fn0oz4d	u/ForkBe4st99	fm0h2w4	C
2020-04-10 15:23:25.344393	u/NotDragon70	fn0oz4r	u/KLLXCAI	fn0ovpp	C
2020-04-10 15:23:30.865405	u/Ethimo16	fn0oz78	u/BoyTheTall	fn0o2qy	C
2020-04-10 15:24:06.809434	u/Armster15	fn0p068	u/space10101	fn0od5s	C
2020-04-10 15:24:14.400162	u/UnlovablePotato	fn0p0fl	u/Virabyte	fn0n5uw	C
2020-04-10 15:24:25.008227	u/GreatAres271	fn0p0on	u/O-YES-DADDY	fn0ngad	C
2020-04-10 15:24:37.802838	u/TwinkyOctopus	fn0p18p	u/dankus_3000yeet	fn0oypp	C
2020-04-10 15:24:48.462368	u/Moaning_Bees	fn0p1li	u/ShadowBloxxer	fn0n0kd	C
2020-04-10 15:25:29.318282	u/drspaceman101	fn0p370	u/StreetReporter	fn0lz9j	C
2020-04-10 15:25:32.356639	u/Bjp424	fn0p383	u/LiterallyAVaccum	fmzldkp	C
2020-04-10 15:25:34.375633	u/JC112579	fn0p38b	u/very_so_sad_lad	fn0gf7y	C
2020-04-10 15:26:03.926310	u/Jogidge10	fn0p4d7	u/NowThatsASpicyTamale	fn0nmx8	C
2020-04-10 15:26:43.135547	u/tasinnarwala	fn0p5qo	u/onlinelink2	fyma1k	S
2020-04-10 15:26:47.171624	u/GameWriter40981	fn0p665	u/-acon-trash	fyiuoe	S
2020-04-10 15:26:52.754237	u/Cod3bre4ker	fn0p6f1	u/VanashinGlory	fmzp6pu	C
2020-04-10 15:27:13.994145	u/A_WildQuincyAppeared	fn0p7rq	u/LifeIsADarkRoom	fmzxvac	C
2020-04-10 15:27:27.421992	u/tasinnarwala	fn0p8k0	u/thesurfaceofbacon	fn0o1dg	C
2020-04-10 15:27:33.022839	u/LucasLucas0825	fn0p92j	u/IsDaBomBoi	fmzjs81	C
2020-04-10 15:27:38.728540	u/caseywaltrup	fn0p9ia	u/Diogo-meira-Fonseca	fn0mm7a	C
2020-04-10 15:27:53.102228	u/ashewmaker	fn0pa7i	u/IRecallATime	fmzl2fy	C
2020-04-10 15:28:02.614673	u/Hunter0674	fn0pahj	u/xI_Fabi_Ix	fn0oict	C
2020-04-10 15:28:08.095618	u/Banova	fn0pb9o	u/SnowySupreme	fn0p9s1	C
2020-04-10 15:28:10.571188	u/hennynpurp	fn0pbeu	u/dragonlasher	fn008cf	C
2020-04-10 15:28:23.434348	u/max225	fn0pc0x	u/Alex103140	fmzqx9m	C
2020-04-10 15:29:02.582099	u/Destroywrus	fn0pdxt	u/Kanann34	fn0kptn	C
2020-04-10 15:29:39.326213	u/mintardent	fn0pgji	u/StaticDashy	fmzs5hx	C
2020-04-10 15:29:59.513477	u/TheMangoMando	fn0phob	u/coelestial	fn0g0km	C
2020-04-10 15:30:15.669790	u/Mr-Sister-Fister21	fn0pirk	u/__UnknownEntity__	fmxnpm3	C
2020-04-10 15:31:06.634449	u/DutchVoyager	fn0pkoy	u/MaximaBlink	fn0n9gd	C
2020-04-10 15:31:36.884376	u/Starkillerx72b9	fn0pmkl	u/newkingasour	fn0pf4i	C
2020-04-10 15:32:30.730061	u/LittleCactus420	fn0pp72	u/HunchReddits	fn0nclr	C
2020-04-10 15:32:33.063277	u/Firedr1	fn0pp74	u/CowboyJames12	fn0471w	C
2020-04-10 15:33:22.219189	u/dazhan99k	fn0prao	u/colacolabobola	fn0o6ix	C
2020-04-10 15:34:43.437015	u/ElijahHeeSheridan	fn0puq7	u/CheeriodudeL45	fn0mm6q	C
2020-04-10 15:35:02.220847	u/Domino_reee	fn0pvlr	u/IntersetellarPancake	fn0ff4e	C
2020-04-10 15:35:04.217175	u/dbzlego	fn0pvxp	u/Pterodactyl86	fmzrv5q	C
2020-04-10 15:35:27.047501	u/kam5_5	fn0pwkl	u/MLGCombosYT	fn090c4	C
2020-04-10 15:35:32.991310	u/dandelion50	fn0pwt3	u/Screenlock1337	fn0ok50	C
2020-04-10 15:35:44.009261	u/jollymemegiant	fn0px34	u/Core1989	fn0l9yv	C
2020-04-10 15:35:49.147449	u/chickeynuggies	fn0px9c	u/GullibleSeal94	fn0p9k6	C
2020-04-10 15:36:06.584246	u/chickeynuggies	fn0pyci	u/chickeynuggies	fn0px9c	C
2020-04-10 15:36:22.402164	u/Christalmac	fn0pzd0	u/CurrentlyConfuzuled	fn0pn5s	C
2020-04-10 15:36:24.191581	u/nahhhmannnitschill	fn0pzmm	u/XB2006	fmztyix	C
2020-04-10 15:36:49.725068	u/zaneqzaneqowski	fn0rfz7	u/Knight_of_elves	fn0kstp	C
2020-04-10 15:37:14.746494	u/QuadriRaji	fn0rh8p	u/newkingasour	fn0pf4i	C
2020-04-10 15:37:26.232680	u/mcspecies	fn0rhxb	u/Asexual_Theatre_Kid	fn0h7xm	C
2020-04-10 15:38:05.648576	u/hollyboombah	fn0rjl7	u/Absolutely_Studios	fn0n1e8	C
2020-04-10 15:38:18.930063	u/King_of_Argus	fn0rko2	u/Bruh_Bot_	fn0rgii	C
2020-04-10 15:38:34.862061	u/Thewoomyexists	fn0rlsr	u/Nauticalfish200	fn0ncfa	C
2020-04-10 15:38:54.883746	u/Elskyflyio	fn0rn1c	u/D1CEW1ZARD	fn0rkcb	C
2020-04-10 15:39:29.291268	u/0Hisham0	fn0rojf	u/SushiRoll5355	fn0qzk5	C
2020-04-10 15:39:36.222937	u/YeetManLe	fn0rp15	u/Idooogamers	fn0j9za	C
2020-04-10 15:39:51.465447	u/Not_on_a_log	fn0rq6p	u/Callec254	fmmuo73	C
2020-04-10 15:39:55.438166	u/zwiebelhans	fn0rqkh	u/justavault	fn04mty	C
2020-04-10 15:40:21.995863	u/Tanta_Cat	fn0rrxb	u/DutchBlob	fn0rgtr	C
2020-04-10 15:40:38.740838	u/EeshaanSafdar	fn0rsob	u/xdxdxdxd__xD	flwem8d	C
2020-04-10 15:40:43.581228	u/lil-duckyjr	fn0rsrl	u/MyJelloJiggles	fn0rpvw	C
2020-04-10 15:41:08.787177	u/pantera_fan101	fn0rtaq	u/MrCleansed	flafw5r	C
2020-04-10 15:41:12.164957	u/dailydoceofcancer	fn0rtiy	u/theitdude1987	fn0cfm7	C
2020-04-10 15:41:51.329258	u/pantera_fan101	fn0ruz9	u/MrCleansed	flafw5r	C
2020-04-10 15:41:55.484710	u/bigpp4206942069	fn0rv1j	u/ToastyTyphlosion157	fygsxx	S
2020-04-10 15:42:50.120236	u/Robo_BlTCH69	fn0rx39	u/btwmagic	fn0mz83	C
2020-04-10 15:42:56.660661	u/smackknack	fn0rxhd	u/Pull-n-Push	fmzsf9a	C
2020-04-10 15:43:04.195069	u/Stashkin	fn0ry2y	u/AJRW-	fn0qsi9	C
2020-04-10 15:43:22.267841	u/I_am_giving_up	fn0ryy3	u/steliux	fmz2lml	C
2020-04-10 15:43:34.662819	u/Toast_Is_Noice	fn0rzqx	u/Pleasant-Surprises	fn0car3	C
2020-04-10 15:43:46.794911	u/Jayzarer	fn0s05w	u/Lord_Bofadese37	fmzsmpx	C
2020-04-10 15:44:00.195613	u/Toast_Is_Noice	fn0s0mk	u/Do-Not-Pass-Go	fn0cnu7	C
2020-04-10 15:44:23.143578	u/aattanasio2014	fn0s1ng	u/fireplay1	fn0ll66	C
2020-04-10 15:44:29.636773	u/Exklusivemarmite	fn0s21k	u/nowlz14	fn02dh9	C
2020-04-10 15:44:50.968895	u/jackomaster111	fn0s32i	u/Itsameyahoo	fmzwink	C
2020-04-10 15:45:13.378953	u/smol-angri-german	fn0s44o	u/Littlebitch0029	fn0o9go	C
2020-04-10 15:45:32.548180	u/dylannicoloof	fn0s4ta	u/tardiscrown	fn0bvsf	C
2020-04-10 15:45:38.607839	u/Ijustbrokebothmylegs	fn0s4wh	u/Depressive-Boi	fn0s1bt	C
2020-04-10 15:46:08.111835	u/vgrvgfvfv	fn0s5js	u/ThermicDude	fmb6odn	C
2020-04-10 15:46:11.779310	u/Caleb2103	fn0s5ms	u/Bulbapuppaur	fn0rrng	C
2020-04-10 15:46:26.343143	u/vgrvgfvfv	fn0s6br	u/szminecrafter8	fmbp8he	C
2020-04-10 15:46:49.383964	u/ConfuzedCookie	fn0s71m	u/Gartenhacke	fn08wmx	C
2020-04-10 15:46:56.290171	u/804NM	fn0s7nb	u/VexatiousBee777	fn0qtkh	C
2020-04-10 15:47:33.699755	u/berkcitizen	fn0sahi	u/804NM	fn0s7nb	C
2020-04-10 15:47:51.495343	u/Dead_memeee	fn0sbkp	u/Valeryum999	fn0qph2	C
2020-04-10 15:47:55.295740	u/VerveStreak	fn0sc9d	u/WAT_an_ABSOLUTE_unit	fmzoge4	C
2020-04-10 15:48:06.421946	u/FireBoy_5	fn0scy5	u/BigKingCrown	fn0l5z0	C
2020-04-10 15:48:10.637316	u/filip_99	fn0sdcv	u/darkwulf1	fn0s56h	C
2020-04-10 15:48:28.390144	u/andrewstriesand	fn0sem1	u/caskethopper	fn0feu8	C
2020-04-10 15:48:45.499108	u/Biga-Catalin	fn0sfqm	u/Chung_bungus	fmud6cx	C
2020-04-10 15:48:46.871848	u/VentCrab	fn0sfu1	u/ItsThePostman42	fn0saws	C
2020-04-10 15:48:48.771095	u/KryKrycz	fn0sfzw	u/SadRass	fmzop9l	C
2020-04-10 15:48:54.808394	u/Strevortni	fn0sgin	u/Ben-Wyatts-Calzone	fn05fts	C
2020-04-10 15:49:10.725230	u/lebotjames	fn0sh4c	u/tom_m_ryan	fn0sdoe	C
2020-04-10 15:49:20.640783	u/Bulky-Stranger	fn0si4m	u/Virabyte	fn0n5uw	C
2020-04-10 15:49:25.661883	u/Dr_Felix99	fn0siln	u/JungleLiquor	fn0p7u5	C
2020-04-10 15:49:27.309117	u/VentCrab	fn0sir4	u/Poot-dispenser	fn0rghr	C
2020-04-10 15:49:28.713880	u/zeldakid57	fn0siul	u/Toughvol626	fn0azlf	C
2020-04-10 15:49:40.273338	u/ScreamingGoat25	fn0sk28	u/ConfusedShibaInu	fn04pvn	C
2020-04-10 15:49:46.019875	u/TheFlyingToasterr	fn0skha	u/LogoDaPogo	flgjmm2	C
2020-04-10 15:49:55.008560	u/FluffyWeeBastard	fn0slnj	u/Elmo_The_Eskimo	fn0sgzk	C
2020-04-10 15:49:57.561233	u/RecklessAbyss	fn0sm8s	u/toohot600	fmzl3br	C
2020-04-10 15:49:58.061743	u/apfel_taartje	fn0sm93	u/pililies	fn0mmhv	C
2020-04-10 15:50:14.756458	u/Soopuhfloss	fn0snrs	u/Mr_infiknight	fyfvfk	S
2020-04-10 15:51:04.325374	u/Slosshy	fn0sqx3	u/D1CEW1ZARD	fn0bsf2	C
2020-04-10 15:51:58.621318	u/kaijyuu2016	fn0su56	u/berkcitizen	fn0sahi	C
2020-04-10 15:52:22.621762	u/PancakeFace97	fn0sux6	u/Look-a-dead-meme	fn0r9p3	C
2020-04-10 15:52:33.574903	u/follow_my_ig_lmao	fn0svbn	u/ironship48	fn0st0d	C
2020-04-10 15:52:52.602031	u/follow_my_ig_lmao	fn0swcd	u/ironship48	fn0st0d	C
2020-04-10 15:53:22.114446	u/rafa_c_	fn0sxjw	u/riley_the_fish101	fn0s9n2	C
2020-04-10 15:53:36.619175	u/rafa_c_	fn0sy6p	u/Respect_Paying_Bot	fn0sidb	C
2020-04-10 15:53:44.156333	u/nizar760	fn0sya4	u/Yeeterbewarned	fn0rzl5	C
2020-04-10 15:53:51.504162	u/StorkFork5678	fn0syk2	u/joe395	fn0jecy	C
2020-04-10 15:54:05.555705	u/hoganpulledup	fn0sz6o	u/Squiddo11	fmzqco5	C
2020-04-10 15:54:24.039645	u/Hyperion0203	fn0szom	u/ErvinARandomBoi	fn0sxl9	C
2020-04-10 15:54:34.860828	u/PancakeFace97	fn0szy2	u/Look-a-dead-meme	fn0sylh	C
2020-04-10 15:54:42.386749	u/_SirDerpington_	fn0t0am	u/rafa_c_	fn0stoc	C
2020-04-10 15:55:00.422129	u/stephen_jkl	fn0t0t1	u/RyvalHEX	fn0g0qw	C
2020-04-10 15:56:05.040877	u/Spenceasaurus	fn0t3q6	u/dyziex	fmzx9y7	C
2020-04-10 15:56:16.700677	u/agent00F	fn0t4gi	u/Matthewberg98	fn0lqx7	C
2020-04-10 15:57:16.780085	u/Jonathon_Tyler	fn0t71s	u/walkingmamal93	fn0gke4	C
2020-04-10 15:58:27.953424	u/thelivylives	fn0tau0	u/Jacob_Kemp	fmyzzr0	C
2020-04-10 15:58:40.842713	u/Maggy0815	fn0tbsj	u/Sk8teraid	fn0jmvr	C
2020-04-10 15:58:55.641731	u/DerkMagic	fn0tctb	u/JimAbaddon	fmzrap5	C
2020-04-10 15:59:16.801711	u/PancakeFace97	fn0te98	u/Look-a-dead-meme	fn0t716	C
2020-04-10 15:59:37.185505	u/the-letter-y	fn0tfwp	u/d0pe_dje11y	fn0tcce	C
2020-04-10 15:59:44.912623	u/Favsss	fn0tgd4	u/Mighty_Dighty22	fn07svo	C
2020-04-10 15:59:51.008632	u/McMuffin97TB	fn0tgwl	u/Unpredictabru	flsv5lj	C
2020-04-10 15:59:54.597072	u/Son-of-Dbook	fn0th98	u/BigKingCrown	fn0pyht	C
2020-04-10 15:59:57.330226	u/BigBeefy42	fn0thki	u/sacrificial_reunion	flafgjk	C
2020-04-10 15:59:58.759687	u/dakotatossey	fn0thp2	u/PankakezRUS	fn0qx8k	C
