2020-03-26 00:00:05.718034	u/MrGeek767	flizk1p	u/Patrick_Bot2	flgb7wv	C
2020-03-26 00:00:31.340211	u/thiscarecupisempty	flizkr2	u/TheQuantumPikachu	flix3zn	C
2020-03-26 00:00:34.854617	u/PtitQC	flizl0l	u/PCtheInternetUser	fliyrr7	C
2020-03-26 00:00:41.589489	u/SnoopDragon10	flizl66	u/aScrollingProgram	flhf0kb	C
2020-03-26 00:01:01.150678	u/Dannylicious69	flizlpu	u/spasketti_time	fliukn3	C
2020-03-26 00:01:12.030973	u/swashbucklersimon	flizmgb	u/ilyas114	fliss8q	C
2020-03-26 00:01:14.359437	u/CrazyrampageGuy	flizmih	u/cashforyourbones	flih133	C
2020-03-26 00:01:32.547631	u/weclock	flizmvz	u/MaximaBlink	flhn32k	C
2020-03-26 00:01:54.096659	u/BillThePlatypusJr	flizna6	u/Powersurge261	flixtrr	C
2020-03-26 00:01:56.296177	u/Puggoisentitled123	fliznba	u/AutoModerator	fli48z5	C
2020-03-26 00:01:58.488666	u/elaitenstile	flizncr	u/Aadi-K	flhq8j3	C
2020-03-26 00:02:30.248649	u/goldilocks-zone	flizo1s	u/mistermuesli	flia4tc	C
2020-03-26 00:02:32.407702	u/Unfortunate-Cultist	flizo47	u/fualtyzane	flhtcm4	C
2020-03-26 00:02:38.387406	u/westerly57	flizodq	u/PtitQC	flizl0l	C
2020-03-26 00:02:45.009612	u/Dove43658	flizomt	u/quanking600	fliz2j9	C
2020-03-26 00:02:49.754095	u/ThinkAboutItYT	flizotk	u/CinKM4D	flh8whz	C
2020-03-26 00:02:58.245144	u/famguy66	flizp2d	u/AutoModerator	flh67lm	C
2020-03-26 00:03:01.584595	u/SinfulNitWit	flizp3j	u/Xploiter_RBLX	flim8e7	C
2020-03-26 00:03:20.908854	u/bullshithistorian14	flizpho	u/DynastyGoat17	flir14x	C
2020-03-26 00:03:30.290496	u/shaashaazda	flizps1	u/SkaySaky	fli82ua	C
2020-03-26 00:03:35.016675	u/Aeone3	flizpw9	u/pope_fancis	flihenj	C
2020-03-26 00:03:38.222353	u/PremierSTALIN	flizpzs	u/oogaboogaNXS	flih0ry	C
2020-03-26 00:03:42.443704	u/bartekxx12	flizq4o	u/JosephatSPark	flierck	C
2020-03-26 00:03:59.983616	u/BedabooMipBim-Bim	flizql6	u/Pigpenlordofdirt	flh7092	C
2020-03-26 00:04:12.651874	u/antonio__-	flizqx8	u/imakememes69420	flii8u7	C
2020-03-26 00:04:44.246483	u/ahmetkutlu06	flizs7k	u/Usernamea221	flh48l7	C
2020-03-26 00:04:54.277447	u/DuckyZzGoCucu	flizsdo	u/fualtyzane	fligygj	C
2020-03-26 00:04:58.197848	u/ChampawatReborn	flizsel	u/iexist3	flipwov	C
2020-03-26 00:05:31.575720	u/mirkolawe	fliztgc	u/randomgeneratedname3	fliqjc3	C
2020-03-26 00:05:33.495136	u/83drop	flizthg	u/1tsNeverLupus	flii56h	C
2020-03-26 00:06:05.733586	u/bendeng	flizu8z	u/shewy92	flizk7x	C
2020-03-26 00:06:07.673848	u/StevenM111	flizu9l	u/fualtyzane	flipdbl	C
2020-03-26 00:06:39.107692	u/Captain__Groovy	flizulk	u/CinKM4D	flh8whz	C
2020-03-26 00:06:40.887177	u/colinoooo7	flizuob	u/Pigpenlordofdirt	flhfwm7	C
2020-03-26 00:07:15.174042	u/bigredmachinist	flizv4p	u/Pigpenlordofdirt	flh7092	C
2020-03-26 00:07:25.279173	u/Bockscutter	flizvfl	u/HAPPY-BIRTHDAY-RAVEN	flizt86	C
2020-03-26 00:07:27.763789	u/Darthdooku420	flizvgt	u/aScrollingProgram	flhf0kb	C
2020-03-26 00:07:30.164403	u/MECHZWOLF	flizvke	u/Kind-Pop	fl3zlqu	C
2020-03-26 00:07:34.062406	u/bbbBagger	flizvsf	u/FlouryBoy	flinat2	C
2020-03-26 00:07:48.541350	u/chr314	flizwf6	u/-w-u-u-t-	flik5m0	C
2020-03-26 00:08:05.996114	u/automatez	flizx4a	u/iliveoffreddit	flizgd3	C
2020-03-26 00:08:08.859963	u/Timeforflutters	flizx5n	u/CinKM4D	flh8whz	C
2020-03-26 00:08:37.978359	u/ineedsleephelp	flizy5v	u/Unwoven_Sleeve	flizowy	C
2020-03-26 00:08:44.674714	u/j_cruise	flizycb	u/rossquaza	flisfec	C
2020-03-26 00:08:48.006018	u/thisusernameth	flizymp	u/DefenestrateAlbion	flipwd9	C
2020-03-26 00:08:54.071831	u/Wahn95	flizyrb	u/KarenIsGae69	fliv4uk	C
2020-03-26 00:09:15.007769	u/MsKaliMay	flizz3r	u/ItzVinyl	flik8s2	C
2020-03-26 00:09:20.715080	u/howdybroski	flizzgc	u/oogaboogaNXS	flisv6q	C
2020-03-26 00:09:25.992057	u/Maiingan14	flizzj5	u/penguinmuncher223	fliwkwx	C
2020-03-26 00:09:35.192456	u/Ignus_Brachium	flj008f	u/krowdog_1029	fliz8q7	C
2020-03-26 00:09:46.035282	u/1lancyboi	flj00uk	u/S4r51	fli7r7p	C
2020-03-26 00:09:52.899804	u/triplepeniseanis	flj018x	u/cumshotphil69420yeet	flidqnt	C
2020-03-26 00:10:04.603746	u/HerpaderpFTW	flj01ow	u/TFW_YT	fligte9	C
2020-03-26 00:10:31.839699	u/xC_W_SUTTONx	flj0292	u/Awkward_demon	flimkor	C
2020-03-26 00:10:50.649053	u/Succulent_Hat	flj02k6	u/IPlayVideo	flhyjd7	C
2020-03-26 00:10:52.899560	u/CARSE_PEMO	flj02ka	u/TherealGannon	fli0gac	C
2020-03-26 00:10:55.144585	u/VisionaryPrism	flj02ov	u/Fave_McFavington	flizqhv	C
2020-03-26 00:11:59.240991	u/CallMeCamel23	flj04gw	u/pwedeipeie	flizvj4	C
2020-03-26 00:12:17.103801	u/Agent256	flj04nv	u/todthetidepod	flizlr5	C
2020-03-26 00:12:59.040072	u/UpSoHigh	flj05ii	u/JosephatSPark	fliosmu	C
2020-03-26 00:13:06.129547	u/world_of_wilhelm	flj05qj	u/racerfree	flj04yw	C
2020-03-26 00:13:18.082448	u/gamerboy_playz	flj061t	u/shadowseventeen	flj019x	C
2020-03-26 00:13:22.399879	u/gamdegamtroy	flj066m	u/Doro653	flixg7b	C
2020-03-26 00:13:26.556987	u/shkr123	flj069r	u/R3DD170R_0f_D00M	fliyaya	C
2020-03-26 00:13:33.782926	u/Memist96	flj06g8	u/AlexXx42069	flizx8l	C
2020-03-26 00:13:35.864727	u/clippy_from_MS_Word	flj06gl	u/Bobesh711	flhd750	C
2020-03-26 00:14:02.053365	u/I-am-a-Nerd1	flj0738	u/toastedtrain	fliv3ia	C
2020-03-26 00:14:09.393655	u/lotsofsweat	flj07d9	u/ceesaar00	fliu7d0	C
2020-03-26 00:14:13.437664	u/Rawfail	flj07fo	u/Just_nobody_303	flizub5	C
2020-03-26 00:14:21.813581	u/lil-mxm	flj07ij	u/CinKM4D	flh8whz	C
2020-03-26 00:15:05.406150	u/idkwtfido	flj08j7	u/CinKM4D	flhfcsy	C
2020-03-26 00:15:33.931634	u/GeornoGeovanna	flj08ro	u/Slabpotatoes420	flim9r3	C
2020-03-26 00:15:48.316189	u/bbbro46	flj1cxh	u/-w-u-u-t-	flik5m0	C
2020-03-26 00:15:58.071089	u/jtferszz	flj1d5z	u/Mr-snook	flivbz4	C
2020-03-26 00:16:02.791678	u/NuggetSmuggler	flj1d8b	u/waterbottleman8000	fliu7m2	C
2020-03-26 00:16:16.334451	u/alexoalex	flj1dgp	u/ShadeNLM064pm	flik5g6	C
2020-03-26 00:16:21.680435	u/AlzakElvar	flj1dov	u/HIPHEN12YT	flj187k	C
2020-03-26 00:16:27.788901	u/CrispyAttack	flj1dv1	u/KarenIsGae69	flivjgw	C
2020-03-26 00:16:45.987906	u/upsilon369	flj1eha	u/AutoModerator	flh67lm	C
2020-03-26 00:16:47.656241	u/gamer-curt-YT	flj1eij	u/Xx_GrammarNazi_xX	flhw3rh	C
2020-03-26 00:17:04.193811	u/idonthaveausername__	flj1f2q	u/mistermuesli	flgu7xl	C
2020-03-26 00:17:16.178311	u/JustSaiyen_	flj1ff8	u/83drop	flizthg	C
2020-03-26 00:17:18.525192	u/M1Henson	flj1ffu	u/racerfree	flj09ae	C
2020-03-26 00:17:34.596655	u/YeetusCuleetus	flj1g3m	u/B3a_ns	fl5hpct	C
2020-03-26 00:17:39.259736	u/Zachary-Pozhotonov	flj1gf3	u/JohnB351234	flj0wrm	C
2020-03-26 00:18:12.701834	u/Wynst0n-_OST	flj1hct	u/god_peepee	fp4a0v	S
2020-03-26 00:18:31.519558	u/Skittles_Box	flj1hxy	u/mistermuesli	flgu7xl	C
2020-03-26 00:18:41.545049	u/VerySmallBleeb	flj1i5a	u/sweptchicken27	fli30ro	C
2020-03-26 00:18:45.040680	u/Yeeticus-the-17th	flj1ibl	u/Draknael	fliz0ym	C
2020-03-26 00:18:48.168633	u/grinninglikeadevil	flj1igr	u/RBolton123	flj0tx0	C
2020-03-26 00:18:52.137888	u/DandyGnat	flj1ija	u/ThatGuyAWESOME	flhxr1d	C
2020-03-26 00:19:02.041877	u/circumsizzler	flj1j3a	u/Pigpenlordofdirt	flh7092	C
2020-03-26 00:19:05.557364	u/boomblaster539	flj1jce	u/Xploiter_RBLX	flim8e7	C
2020-03-26 00:19:12.785556	u/Reinier00	flj1jsr	u/MIN3WARSC	flhhdti	C
2020-03-26 00:19:13.897966	u/kbdaboss12	flj1jti	u/Molestation_Bot	flijwbl	C
2020-03-26 00:19:14.937633	u/ViperFabulous	flj1ju2	u/dovedevic	fl2eb1j	C
2020-03-26 00:19:16.536024	u/landonewgins	flj1jwt	u/blaz3heart	fliwh56	C
2020-03-26 00:19:52.206432	u/UnsaltedButterBallz	flj1l1x	u/droneflyer35621	flj0zq4	C
2020-03-26 00:19:53.217677	u/Bernautikus	flj1l2q	u/Xx_GrammarNazi_xX	flhw3rh	C
2020-03-26 00:20:09.786809	u/ZeroLurkThirty	flj1lz8	u/DrBubbleBeast	fliyzd7	C
2020-03-26 00:20:13.136387	u/bruhburg3r	flj1m0r	u/DreadWood7	flizbti	C
2020-03-26 00:20:21.452944	u/Flambain	flj1m8g	u/George-Bones	flj1ks1	C
2020-03-26 00:20:23.781987	u/Framesperupvote	flj1m9d	u/poorly_timed_fuck	fliprgs	C
2020-03-26 00:20:31.079452	u/derek39401	flj1mai	u/onlinelink2	flj1e7d	C
2020-03-26 00:20:35.301872	u/Baken-Bits	flj1mfb	u/Slabpotatoes420	flig2wv	C
2020-03-26 00:20:45.642586	u/kript0night	flj1mpx	u/aScrollingProgram	flhflq8	C
2020-03-26 00:21:05.823050	u/TheRoyalKT	flj1n1b	u/VietInTheTrees	fliyy3e	C
2020-03-26 00:21:14.537112	u/afp0206	flj1n7e	u/-_Mocha_-	flhim3g	C
2020-03-26 00:21:27.196335	u/gutti_05	flj1niq	u/AutoModerator	fliyj2a	C
2020-03-26 00:21:51.983888	u/Teenwolfgirlrawr	flj1o2v	u/racerfree	flftsus	C
2020-03-26 00:21:57.970226	u/narwall21	flj1o4t	u/dovedevic	fl2izeo	C
2020-03-26 00:22:15.807095	u/BoyMeetsWorldBoy2	flj1ojn	u/UploadMeDaddy	flizss5	C
2020-03-26 00:22:24.835577	u/Aboarchy	flj1or4	u/mistermuesli	flia4tc	C
2020-03-26 00:22:42.133737	u/ml00p	flj1p5a	u/MangaLimiter	fliysqs	C
2020-03-26 00:22:49.074821	u/The_Emerald_Dragon	flj1pag	u/t-j-1-3-1	flj1bjh	C
2020-03-26 00:23:03.184923	u/soupysyrup	flj1psw	u/Unfortunate-Cultist	flizo47	C
2020-03-26 00:23:11.542742	u/SiRukitJa	flj1px1	u/AaronRVA	flh6mku	C
2020-03-26 00:23:27.385857	u/Darf-Cad	flj1q14	u/zmanofdoom95	flh7tov	C
2020-03-26 00:23:37.853298	u/CanadaKnifeCrow	flj1qbf	u/Xploiter_RBLX	flim8e7	C
2020-03-26 00:24:22.360136	u/yourmum34	flj1rqk	u/Molestation_Bot	flijwbl	C
2020-03-26 00:24:36.477030	u/the_guy_you_hate	flj1rzk	u/imlolol	fliz6fq	C
2020-03-26 00:25:00.238059	u/umerriaz638	flj1sg4	u/xC_W_SUTTONx	flj0292	C
2020-03-26 00:25:27.819936	u/Jayfire137	flj1tdr	u/CSGOWasp	flinno4	C
2020-03-26 00:26:02.190048	u/trympettumor125	flj1ufv	u/Waluigi-uwu-	flj1ryu	C
2020-03-26 00:26:10.943967	u/waththefcuk	flj1uxb	u/Gorhaloth	flhibg0	C
2020-03-26 00:26:14.548835	u/Aquamic	flj1v14	u/bubbleboysdad	flj0fnf	C
2020-03-26 00:26:36.465489	u/Twitchers03	flj1vke	u/DreadWood7	flizbti	C
2020-03-26 00:26:45.726733	u/MrBigBomb	flj1vus	u/racerfree	flj1v74	C
2020-03-26 00:26:50.707017	u/Jghkc	flj1vz1	u/racerfree	flj1p3u	C
2020-03-26 00:26:53.267852	u/TheReaLRiddix	flj1vzq	u/CinKM4D	flh8whz	C
2020-03-26 00:26:57.298976	u/Tankertot1123	flj1w1l	u/Pigpenlordofdirt	flh7092	C
2020-03-26 00:27:07.823690	u/SalsaMildHo	flj1wht	u/Didaboi	flhl7w6	C
2020-03-26 00:27:27.131671	u/Basslink	flj1x53	u/bigsadboi15	flhw3kj	C
2020-03-26 00:27:56.801130	u/MasterBlaster1313	flj1y03	u/Pigpenlordofdirt	flh7092	C
2020-03-26 00:27:58.306770	u/pokey_bum_wannk	flj1y12	u/fualtyzane	flj1x2c	C
2020-03-26 00:28:03.206235	u/banzani2banzano	flj1y6f	u/microvan	fliwr95	C
2020-03-26 00:28:09.991364	u/IdioticPsycopath	flj1yc0	u/mistermuesli	flib9e2	C
2020-03-26 00:28:28.481522	u/trufflemorphine	flj1zgu	u/Carson200525	flj1rvi	C
2020-03-26 00:28:29.855454	u/tavorasc	flj1zl5	u/Kind-Pop	fl3zlqu	C
2020-03-26 00:28:44.602058	u/Onepostwonder95	flj205i	u/kurls6	flhs9lt	C
2020-03-26 00:28:45.934043	u/Jimmy4905ify	flj205u	u/Pigpenlordofdirt	flh7092	C
2020-03-26 00:29:16.779331	u/TheyGonHate	flj2102	u/BillThePlatypusJr	flizna6	C
2020-03-26 00:29:20.240213	u/FrostyBoss07	flj216y	u/Xploiter_RBLX	flim8e7	C
2020-03-26 00:29:27.876349	u/nonov2k	flj21t8	u/amostafaie05	flgbi9s	C
2020-03-26 00:29:32.484159	u/Ary_Mishor	flj21wk	u/RepostSleuthBot	fliw62j	C
2020-03-26 00:29:34.184987	u/Don_Macaroons	flj221e	u/mistermuesli	flib9e2	C
2020-03-26 00:29:43.091158	u/QuentinQPK	flj22tw	u/Waluigi-uwu-	flj1ryu	C
2020-03-26 00:29:44.968195	u/kazama_13	flj22xm	u/Xx_GrammarNazi_xX	flhw3rh	C
2020-03-26 00:29:46.906294	u/not-mvh	flj22z4	u/ExtremeAlternative0	flj10to	C
2020-03-26 00:29:49.078802	u/DrettTheBaron	flj2345	u/BillThePlatypusJr	flizna6	C
2020-03-26 00:29:52.986919	u/EmadRozi	flj2364	u/CinKM4D	flhfcsy	C
2020-03-26 00:29:58.097360	u/Elamet	flj23i4	u/78aartho	fli352i	C
2020-03-26 00:30:15.112444	u/HodutheMemelord	flj245m	u/Framesperupvote	flj1m9d	C
2020-03-26 00:30:22.586938	u/LinusRutherford	flj24fu	u/sweptchicken27	fli30ro	C
2020-03-26 00:30:29.615751	u/hitleristhg	flj24ko	u/trympettumor125	flj2132	C
2020-03-26 00:30:52.245422	u/ToasterBoi14	flj2540	u/Flambain	flj1m8g	C
2020-03-26 00:30:59.633581	u/IDunnoWhyIRead	flj258b	u/Onepostwonder95	flj1vxi	C
2020-03-26 00:31:08.550730	u/fuckinfailureontop	flj25h6	u/XxI_Love_KittensxX	flhp10s	C
2020-03-26 00:31:55.827667	u/Buffer_boy	flj26g4	u/CinKM4D	flh8whz	C
2020-03-26 00:32:09.780922	u/Meyousus	flj26to	u/soegnam	flixmvk	C
2020-03-26 00:32:25.703553	u/sreeramstar69	flj278b	u/MAINCRACIO	flgmcti	C
2020-03-26 00:32:43.671953	u/Kycool123	flj27nb	u/mistermuesli	flib9e2	C
2020-03-26 00:32:48.692839	u/psychopegasus190	flj27qp	u/Athovik	fl5q54p	C
2020-03-26 00:32:55.324709	u/cryingfroyo	flj27to	u/MAX1722	flid0d1	C
2020-03-26 00:33:12.939649	u/Speegon	flj27z2	u/randomtestsubject	flhn2tv	C
2020-03-26 00:33:22.256760	u/Salty_Nintendo	flj283t	u/ExtremeAlternative0	flj10to	C
2020-03-26 00:33:35.123325	u/zoeismycat	flj28cv	u/racerfree	flj0sb4	C
2020-03-26 00:33:41.123307	u/Haloturtle	flj28hb	u/Pigpenlordofdirt	flh7092	C
2020-03-26 00:33:45.346122	u/xXLordOfUwUXx	flj28is	u/Ezkaton_Vatamier	flij7jw	C
2020-03-26 00:34:03.238016	u/real_doppelganger	flj292j	u/IcE13erGeR	flj10fl	C
2020-03-26 00:34:38.984036	u/srpaodequeijo	flj29k0	u/MightBeYourDad_	fliw2ut	C
2020-03-26 00:34:41.003118	u/ITSHIJOEY206	flj29kt	u/VietInTheTrees	fliyy3e	C
2020-03-26 00:34:53.472518	u/IDontHaveThreeNips	flj2a1c	u/APenny-ForA-Thought	flj1gx1	C
2020-03-26 00:34:56.417168	u/Bluuuuuuuuuuuuuu	flj2a2v	u/gamer-curt-YT	flj1e4x	C
2020-03-26 00:35:12.852779	u/Toppest0fKek	flj2a9x	u/J_perl	flhj7x0	C
2020-03-26 00:35:42.699977	u/reaaaadIT	flj2b2w	u/CinKM4D	flh8whz	C
2020-03-26 00:35:51.093720	u/FlattenedGummy	flj2bds	u/sweptchicken27	fli30ro	C
2020-03-26 00:36:05.616512	u/AlsoReadyForANap	flj2brw	u/Xx_GrammarNazi_xX	flhw3rh	C
2020-03-26 00:36:26.098881	u/econobiker	flj2cab	u/JakeMasterofPuns	flitl2m	C
2020-03-26 00:36:31.074260	u/silverbels	flj2cc7	u/fualtyzane	flj1yow	C
2020-03-26 00:36:39.637155	u/RRR1216	flj2cqc	u/MAX1722	flid0d1	C
2020-03-26 00:36:43.823237	u/daffid2019	flj2cz3	u/bruhmajesticmoment	flj1q3d	C
2020-03-26 00:36:46.369855	u/AncientEyewitness	flj2czb	u/SigurdKP	flhbuww	C
2020-03-26 00:36:54.225431	u/loganb0421	flj2d2z	u/Slabpotatoes420	flig2wv	C
2020-03-26 00:37:11.840681	u/MarksmanMike	flj2dd6	u/RavingwolfYT	flj2c8v	C
2020-03-26 00:37:14.295891	u/RadicalTacoBronco	flj2dgl	u/rocketboi1505	fp53d3	S
2020-03-26 00:37:19.815549	u/Apostolate	flj2dog	u/boogiepop1011	flj07lc	C
2020-03-26 00:37:34.239063	u/Salvanee	flj2e6b	u/kiba87637	flhs1dl	C
2020-03-26 00:37:44.622579	u/logic_common_sense	flj2ejb	u/McdankDoge	flihhgp	C
2020-03-26 00:37:46.182376	u/thatscooky	flj2ejg	u/nelys1836	fli9n5o	C
2020-03-26 00:38:32.356117	u/FamilyFriendli	flj2g25	u/packle-kackle	fl53pdd	C
2020-03-26 00:38:33.781624	u/BastardPro	flj2g3a	u/racerfree	flj0ew8	C
2020-03-26 00:38:55.656585	u/bLingNY	flj2gqp	u/BryanBulaga00	flifczo	C
2020-03-26 00:39:28.265570	u/Mega-Squeeze	flj2hwy	u/Yeeticus-the-17th	flj1yk2	C
2020-03-26 00:39:30.382323	u/IntuitiveGhost	flj2hzm	u/rocketboi1505	flj1m1x	C
2020-03-26 00:39:44.992008	u/HungryHalfling	flj2idt	u/CinKM4D	flh8whz	C
2020-03-26 00:40:03.651561	u/Ginger_Jesus22	flj2j5w	u/Fnaf_Luver123	fliw3aj	C
2020-03-26 00:40:05.981170	u/calcium-am-i-right	flj2j6p	u/IDontHaveThreeNips	flj2a1c	C
2020-03-26 00:40:22.059301	u/BorednDumb445	flj2jkg	u/Goldstar35	flih7ns	C
2020-03-26 00:40:24.434440	u/Rooster_Fishbone	flj2jkw	u/_Zamalekies	flj27dt	C
2020-03-26 00:40:27.802449	u/KekCringeShitposts	flj2jlz	u/megalodon392	flhiwkp	C
2020-03-26 00:40:31.328719	u/famsword	flj2jo8	u/AutoModerator	flhv49p	C
2020-03-26 00:40:55.624050	u/easport766	flj2k3i	u/fualtyzane	fl99m4l	C
2020-03-26 00:41:09.951724	u/imambad	flj2kdq	u/anime_forever03	fl9lqxd	C
2020-03-26 00:41:24.279272	u/turnblizz	flj2khx	u/CarpetIsSoft	flixmbz	C
2020-03-26 00:41:36.058417	u/ssbuild	flj2kld	u/sweptchicken27	fli9e09	C
2020-03-26 00:41:52.142578	u/Mellowclam	flj2ku8	u/oDoG311	flj2fns	C
2020-03-26 00:41:59.377757	u/AFTarget	flj2kxi	u/The_Emerald_Dragon	flj1pag	C
2020-03-26 00:42:02.550096	u/markruffalo55	flj2kxp	u/Lonerforeternity	flj24nr	C
2020-03-26 00:42:30.396792	u/JefbutmynameisnotJef	flj2leu	u/dovedevic	fl2izeo	C
2020-03-26 00:42:53.961579	u/Mr-Eel07	flj2m63	u/S1KEX	flj2e7t	C
2020-03-26 00:43:29.065572	u/alex_k23	flj2mr0	u/ShadeNLM064pm	flieyb5	C
2020-03-26 00:43:58.583188	u/the_madest_lad	flj2nfu	u/Beaned_Oreo	flhwev5	C
2020-03-26 00:44:01.619232	u/YunngAssumedGender	flj2ng7	u/racerfree	flj0fnz	C
2020-03-26 00:44:08.226358	u/uglyrailroader	flj2nj9	u/I_love_potatoes_1234	flj27sq	C
2020-03-26 00:44:39.228147	u/em_bee_bee	flj2ohd	u/LT08978	fliaxqe	C
2020-03-26 00:44:44.059740	u/Your_Mother_HA_gotti	flj2ome	u/Starman_64	flj2h77	C
2020-03-26 00:44:48.181143	u/regetate	flj2opr	u/bof-deez-nuts	flj0yw9	C
2020-03-26 00:44:55.451009	u/YoungTay29	flj2oy9	u/aScrollingProgram	flhf0kb	C
2020-03-26 00:45:16.520327	u/IAbideToTakeItEasy	flj2po5	u/markruffalo55	flj2kxp	C
2020-03-26 00:45:33.455064	u/RedheadedSnake2047	flj2qe0	u/IPlayVideo	fli098f	C
2020-03-26 00:45:42.068565	u/_SillyNinja_	flj2qme	u/S-n-u-f-f	flj2mbm	C
2020-03-26 00:45:54.632410	u/Just-A-Big-Sloth	flj2qw6	u/racerfree	flj2hph	C
2020-03-26 00:46:07.793256	u/TheUnkwownSherpa	flj2rer	u/TheRoyalKT	flihd94	C
2020-03-26 00:46:09.600741	u/reeeeonreeee	flj2rmm	u/travaking	flhkbpn	C
2020-03-26 00:46:11.348344	u/m_rea	flj2rng	u/Pigpenlordofdirt	flh7092	C
2020-03-26 00:46:25.859894	u/Ornanda9	flj2s8v	u/madman042killer	flio9ui	C
2020-03-26 00:46:34.269405	u/answermann	flj2sdu	u/The_Maqueovelic	flit2m8	C
2020-03-26 00:46:52.199199	u/niqdisaster	flj2ss4	u/randomgeneratedname3	flizxgw	C
2020-03-26 00:47:01.860710	u/cheezebunn	flj2sz4	u/AFTarget	flj2kxi	C
2020-03-26 00:47:11.561520	u/PoisonJello	flj2t8h	u/mistermuesli	flib9e2	C
2020-03-26 00:47:13.199049	u/Smore121	flj2t9b	u/FutureHowell	flivaqx	C
2020-03-26 00:47:37.740043	u/freddyisreaddy	flj2tvk	u/ERRORNUMBER2004	foxs2v	S
2020-03-26 00:48:08.974952	u/VelveteenThunder	flj2uze	u/CinKM4D	flh8whz	C
2020-03-26 00:48:29.368750	u/Papi12341234	flj2vuo	u/Molestation_Bot	flijwbl	C
2020-03-26 00:48:33.860507	u/Lollydox	flj2vyk	u/Pigpenlordofdirt	flh7092	C
2020-03-26 00:48:44.185539	u/tommygunthompson1945	flj2wik	u/racerfree	flj2o2o	C
2020-03-26 00:49:01.051996	u/campingasdf	flj2x6t	u/Pigpenlordofdirt	flj2evy	C
2020-03-26 00:49:13.288329	u/snifywhisper	flj2xkj	u/CyberpunkElectra	fliirn8	C
2020-03-26 00:49:19.511287	u/E_EqUaLs_mC_69420	flj2y06	u/mistermuesli	flimoes	C
2020-03-26 00:49:27.839342	u/mastertinodog	flj2ygn	u/fualtyzane	flj2oub	C
2020-03-26 00:49:32.042652	u/ostruch	flj2yw6	u/Dstreck02	fli5qlo	C
2020-03-26 00:49:36.929909	u/acriedc	flj2z4i	u/Pigpenlordofdirt	flh7092	C
2020-03-26 00:49:42.195809	u/peawyoyoyin	flj2zec	u/PatatoTheMispelled	fliy0ww	C
2020-03-26 00:49:44.250060	u/highermeme	flj2zis	u/travaking	flhkbpn	C
2020-03-26 00:49:46.329043	u/Maddieboy2	flj2zk8	u/DespacitoBepis	flhyl2m	C
2020-03-26 00:49:48.010976	u/randomnamewithameme	flj2zpj	u/travaking	flhkbpn	C
2020-03-26 00:49:58.654171	u/HighDragLowSpeed60G	flj2zzo	u/JosephatSPark	fliosmu	C
2020-03-26 00:50:01.144369	u/Kakarot_faps	flj307r	u/JosephatSPark	fliosmu	C
2020-03-26 00:50:03.475180	u/silvermoon_182	flj3098	u/my_usernames_suck	flj04bw	C
2020-03-26 00:50:12.097050	u/cthunisdad	flj30ie	u/wes8989898	fliri4w	C
2020-03-26 00:50:41.180592	u/BigotBanksy	flj3x9t	u/tophattopper	fliwjd5	C
2020-03-26 00:51:02.351418	u/nickelopewnd	flj3xw0	u/burner1992283737	fl66x41	C
2020-03-26 00:51:05.699354	u/Poopyunicorn69	flj3xy4	u/Xploiter_RBLX	flim5ok	C
2020-03-26 00:51:10.314414	u/Freddy9287	flj3y04	u/Xx_GrammarNazi_xX	flhw3rh	C
2020-03-26 00:51:20.573841	u/ZipitKat	flj3yb3	u/sweptchicken27	fli30ro	C
2020-03-26 00:51:32.260202	u/miner_sd	flj3yov	u/GameIsMyName12	fliwxs7	C
2020-03-26 00:51:34.498478	u/anime-meme-lordie	flj3ypo	u/Sherkler	flhiat8	C
2020-03-26 00:51:46.675509	u/do-you-know-me-	flj3yvv	u/DUCKLESSLORD	flhgwqq	C
2020-03-26 00:51:53.320653	u/Reyez53	flj3z1k	u/Wsdies	flj3xrr	C
2020-03-26 00:53:21.036964	u/gdgsgshshshsh	flj419p	u/zmanofdoom95	flh7tov	C
2020-03-26 00:53:27.885178	u/ziggythomas1123	flj41dz	u/cthunisdad	flj30ie	C
2020-03-26 00:54:03.082258	u/UglyBabyThrower	flj42ho	u/GameMemesDoritos	fli6r6b	C
2020-03-26 00:54:08.266307	u/HandySosig	flj42iy	u/fualtyzane	flj3abs	C
2020-03-26 00:54:21.372604	u/ExploitFlakes	flj42pk	u/Just_nobody_303	flizub5	C
2020-03-26 00:54:24.304806	u/Badartist12	flj42s4	u/madman042killer	flio9ui	C
2020-03-26 00:54:27.136619	u/sauseplz	flj42sv	u/waffle02469	flj1kcs	C
2020-03-26 00:54:29.103159	u/Lolfredo	flj42ti	u/sweptchicken27	fli30ro	C
2020-03-26 00:54:32.215582	u/a_reader_boi	flj42xt	u/sweptchicken27	fli30ro	C
2020-03-26 00:54:43.534321	u/savagebeast_35	flj4344	u/racerfree	flj2mm1	C
2020-03-26 00:54:51.095993	u/DreamsOfMemes0	flj4391	u/sweptchicken27	fli30ro	C
2020-03-26 00:54:57.780034	u/ToxicSnakeBoi420	flj43n9	u/batm123	flj26gx	C
2020-03-26 00:55:09.469256	u/Iltempered1	flj43up	u/Deusvult895	flhwmnm	C
2020-03-26 00:55:24.342230	u/Cofefeve	flj44ak	u/Xx_GrammarNazi_xX	flhw3rh	C
2020-03-26 00:55:35.908158	u/CRrpTd_FiG	flj44pa	u/VelveteenThunder	flj3c3n	C
2020-03-26 00:55:40.222851	u/Technomage00	flj44qa	u/bobdadevilross	fliwhn3	C
2020-03-26 00:55:53.803091	u/Rhodano	flj44z3	u/the_itellectual_cato	flip16j	C
2020-03-26 00:55:59.649707	u/bonedbleach	flj454g	u/PMAAPrimal5	flj3cg2	C
2020-03-26 00:56:19.022710	u/LittleHoagie	flj45qj	u/fualtyzane	flj2x5f	C
2020-03-26 00:56:46.787609	u/RustyToothPaste	flj46dq	u/Trash_---	flikwn2	C
2020-03-26 00:57:05.132049	u/steel_unicorn	flj46wh	u/Pigpenlordofdirt	flh7092	C
2020-03-26 00:57:14.732924	u/Daddy_Stop	flj474x	u/fualtyzane	flj3nch	C
2020-03-26 00:57:59.233724	u/Rentalpuma65007	flj48pa	u/JowellXReddit420	flizajt	C
2020-03-26 00:58:05.994465	u/JojoTheRipper	flj48wm	u/Chxovrstripes	flj3dry	C
2020-03-26 00:58:16.329301	u/redrum419	flj4978	u/thatscooky	flj2i1y	C
2020-03-26 00:58:44.653885	u/Soviet-Biscuit	flj4am1	u/S1KEX	flj23iv	C
2020-03-26 00:58:48.786429	u/Malachhamavet	flj4ash	u/jmulderr	flinkje	C
2020-03-26 00:58:53.760273	u/tripleXDthiccywickey	flj4b2p	u/Pigpenlordofdirt	flj2btb	C
2020-03-26 00:58:55.725337	u/2derp2	flj4b3o	u/AK24ROCKS	flj497a	C
2020-03-26 00:58:57.934474	u/t001_t1m3	flj4b5s	u/GameIsMyName12	flioyxm	C
2020-03-26 00:59:03.440343	u/Galacticgardens	flj4b8j	u/Spicymemez17	flia5jv	C
2020-03-26 00:59:05.391198	u/DJNarwhale	flj4b97	u/Pigpenlordofdirt	flh7092	C
2020-03-26 00:59:06.665226	u/jhoss623	flj4b9c	u/racerfree	flil6rw	C
2020-03-26 00:59:07.939039	u/skyh1025	flj4bdg	u/Spencyn	flj2rrv	C
2020-03-26 00:59:25.287428	u/USlashSixteen	flj4bxo	u/rocketboi1505	flj33zn	C
2020-03-26 00:59:28.734486	u/mumblincrackhead	flj4byx	u/Myster_Z	flj483y	C
2020-03-26 00:59:46.595390	u/la4chie	flj4crk	u/MsAzizaGoatinsky	fliz4i1	C
2020-03-26 00:59:53.944088	u/The_Sci_Geek	flj4d3w	u/Donutmuncher0	fliwiiq	C
