2020-04-04 20:00:03.481855	u/TheProxTransmission	fmg9kss	u/b-i-t-e-m-e	fmg8b16	C	N
2020-04-04 20:00:05.673461	u/adokkanplayer	fmg9ksy	u/kingclanka	fv3qbb	S	N
2020-04-04 20:00:17.245215	u/PinkyIsStupid	fmg9kt7	u/InsertWittyNameRHere	fme4cny	C	I
2020-04-04 20:00:26.395631	u/catmanxplode	fmg9kyf	u/Trixie227	fuyn1q	S	N
2020-04-04 20:00:35.714242	u/SirMemerson	fmg9kyz	u/Azzey28	fv3d4o	S	I
2020-04-04 20:00:46.023000	u/AngryStepDad	fmg9l28	u/MaiSenpaii2	fv3uce	S	N
2020-04-04 20:00:58.103480	u/Kunuy777	fmg9l7p	u/yoyoboyo95	fuyqp2	S	N
2020-04-04 20:01:07.602687	u/D1CEW1ZARD	fmg9lab	u/FinalSpartan1255	fuw2dq	S	N
2020-04-04 20:01:20.882622	u/DAMSON__3	fmg9lgn	u/teopro5	fv3wg6	S	I
2020-04-04 20:01:29.100024	u/MemesMod	fmg9liu	u/SasukeonWiFi	fv3yma	S	N
2020-04-04 20:01:44.470357	u/Ikbenmathijs	fmg9lq7	u/fire-but-cheese-MK	fmg9k5u	C	I
2020-04-04 20:01:56.023334	u/HeyIHateMyself	fmg9ls8	u/Fybonsize	fuzyq6	S	N
2020-04-04 20:02:07.370730	u/pRedditarded	fmg9lus	u/m4a1pewpew	fv3qch	S	I
2020-04-04 20:02:19.568678	u/MAINCRACIO	fmg9lwj	u/-completely-useles-	fmg9h6w	C	I
2020-04-04 20:02:32.861899	u/loudasboof	fmg9mel	u/ham-dragon	fmg6166	C	I
2020-04-04 20:02:42.021482	u/MemesMod	fmg9mh5	u/random-default	fv3yrt	S	N
2020-04-04 20:02:53.269398	u/Doggo_Tacos	fmg9ml9	u/ingyball	fv3xfl	S	N
2020-04-04 20:03:03.426713	u/Bigsnekgirl	fmg9mmg	u/lilchonk69	fmg6dpx	C	I
2020-04-04 20:03:16.745006	u/pokefan9002	fmg9mnb	u/deleted	fv3yal	S	N
2020-04-04 20:03:27.970127	u/CavemanSindahlMan	fmg9mpg	u/ReySenate	fv1nkj	S	I
2020-04-04 20:03:39.114911	u/vc615923	fmg9mwe	u/seth097	fmg9hf6	C	N
2020-04-04 20:03:50.286136	u/Loyal_Spice	fmg9n1k	u/MAINCRACIO	fmg8y6e	C	I
2020-04-04 20:04:15.914583	u/OOFERaGiey	fmg9n50	u/TDKG	fupt0q	S	I
2020-04-04 20:04:26.110148	u/EntitledPotatoe	fmg9n6n	u/RedditerOfThings	fux6ni	S	N
2020-04-04 20:04:41.267405	u/meoutofthisplace	fmg9n9p	u/Hugh_Schmefner	fv0048	S	N
2020-04-04 20:04:55.628122	u/onlythefinestmemes	fmg9nbx	u/TheArcherFrog	fv1aam	S	I
2020-04-04 20:05:09.652387	u/ChillPill7X1	fmg9nlz	u/Andrei-O	fmfuc9o	C	I
2020-04-04 20:05:25.988781	u/Agent-0007_	fmg9nqv	u/GullibleZoomer	fv3vb0	S	I
2020-04-04 20:05:40.627204	u/Toughvol626	fmg9o0t	u/themodestmanatee	fv3src	S	N
2020-04-04 20:05:53.769397	u/Stackleback1984	fmg9o5b	u/ARNisUsername	fuxop6	S	I
2020-04-04 20:06:06.713123	u/maxdevader	fmg9o90	u/JacobAshburner	fmg0ay5	C	I
2020-04-04 20:06:22.778519	u/TheProxTransmission	fmg9ocy	u/Walker_Noodles	fmg0hni	C	N
2020-04-04 20:06:38.591367	u/imthiccnotfat	fmg9ogz	u/Trixie227	fuyn1q	S	N
2020-04-04 20:06:53.599680	u/MemesMod	fmg9ov0	u/its_summer69	fv3z27	S	N
2020-04-04 20:07:10.756577	u/Immortal_Sniper	fmg9oz9	u/cannonmax	fv1fqc	S	I
2020-04-04 20:07:26.702978	u/Aegis722	fmg9p0m	u/41cm	fmg9hmh	C	I
2020-04-04 20:07:42.616254	u/fire-but-cheese-MK	fmg9p1m	u/Ikbenmathijs	fmg9lq7	C	I
2020-04-04 20:07:57.004064	u/D1CEW1ZARD	fmg9p5q	u/PolishedTurd69	fuuy43	S	I
2020-04-04 20:08:10.750766	u/squid-o-pine	fmg9pa4	u/Hugh_Schmefner	fv0048	S	N
2020-04-04 20:08:24.366260	u/RepostSleuthBot	fmg9pfk	u/SirMemerson	fmg9kyz	C	N
2020-04-04 20:08:39.151115	u/Captm_obvious	fmg9pfl	u/HavingLastLaugh	fv2hbr	S	I
2020-04-04 20:09:09.473594	u/altosux29b	fmg9ph8	u/Loose_with_the_truth	fmfe29f	C	I
2020-04-04 20:09:23.851328	u/MAGIC_EYE_BOT	fmg9pjw	u/DEEPSPACE-ALIEN	fv3yv1	S	I
2020-04-04 20:09:34.607018	u/JustAnotherAli3n	fmg9pnv	u/dogenamedskoopy	fv3ja2	S	I
2020-04-04 20:09:48.042130	u/grandpa_faust	fmg9pvh	u/Fa_elg	fv2h37	S	N
2020-04-04 20:10:01.256096	u/CroissantkingVII	fmg9q05	u/Vorelover1224	fv3n67	S	I
2020-04-04 20:10:05.735256	u/Junki_e	fmg9q75	u/The_Robot_Uprising	fmg6a6f	C	I
2020-04-04 20:10:13.184280	u/WhiteNorthAstronomy	fmg9qdn	u/August_Heart7567	fuyiv4	S	I
2020-04-04 20:10:18.411124	u/jgreenshields4554	fmg9qfq	u/KskimpskyBroi	fmg64y2	C	N
2020-04-04 20:10:26.654681	u/MemesMod	fmg9qkn	u/JustHere_ForTheMemes	fv3z6m	S	N
2020-04-04 20:10:36.950741	u/bagagge	fmg9qlp	u/FadedScorp	fmg557n	C	N
2020-04-04 20:10:42.182364	u/LHB38	fmg9qou	u/YTFatGuyGaming	fv3wvw	S	I
2020-04-04 20:10:54.523080	u/TheProxTransmission	fmg9qpw	u/b-i-t-e-m-e	fmg8b16	C	N
2020-04-04 20:11:01.705005	u/MAINCRACIO	fmg9qtm	u/Loyal_Spice	fmg9n1k	C	I
2020-04-04 20:11:14.073597	u/EpicGamerManDude	fmg9qvl	u/Hugh_Schmefner	fv0048	S	N
2020-04-04 20:11:20.206598	u/ClassicDoomGuy	fmg9r0e	u/User3963595969	fmg7zzx	C	N
2020-04-04 20:11:31.368277	u/blue_glaze	fmg9r87	u/hellman211	fv0t8a	S	N
2020-04-04 20:11:40.589241	u/-completely-useles-	fmg9ra4	u/MAINCRACIO	fmg9lwj	C	I
2020-04-04 20:11:51.941677	u/PapaTrashBeard	fmg9rar	u/stevie___	fv1qm0	S	N
2020-04-04 20:12:03.369056	u/Hyperbeastking	fmg9reh	u/Philipp_01	fuv27g	S	I
2020-04-04 20:12:13.679965	u/dhdgdgdggsgsgsgs	fmg9ret	u/themodestmanatee	fv3src	S	N
2020-04-04 20:12:24.879239	u/Infinite303	fmg9rfq	u/Moistend	fmg8vqj	C	N
2020-04-04 20:12:34.080542	u/yEe_boi_96	fmg9rse	u/shlong_sandwich	fmg7pib	C	N
2020-04-04 20:12:46.336375	u/TrikStari	fmg9rtt	u/GuillaumeTheMajestic	fmg6lcm	C	I
2020-04-04 20:12:56.729418	u/Quagga37	fmg9rvk	u/TheArcherFrog	fv1aam	S	I
2020-04-04 20:13:06.142805	u/WillySup	fmg9rxx	u/HavingLastLaugh	fv2hbr	S	I
2020-04-04 20:13:20.226313	u/Drpigeonhead	fmg9ry2	u/Ifind_this_offensive	fuzgqk	S	I
2020-04-04 20:13:32.460332	u/mtc4588	fmg9s8j	u/dz1087	fv3ydh	S	I
2020-04-04 20:13:41.634853	u/SirCruchy	fmg9scq	u/desireexdoll	fv3c8e	S	N
2020-04-04 20:14:09.236396	u/BreadMaster101	fmg9sgj	u/ThanosTheSquirrel	fmg7dnu	C	I
2020-04-04 20:14:20.610398	u/MarshalPhantom	fmg9shc	u/ThunderingSacks	fv27ir	S	I
2020-04-04 20:14:31.814193	u/Australium-gibus	fmg9sk2	u/cam-nash	fv29yy	S	I
2020-04-04 20:14:45.050265	u/ZaMan671	fmg9smp	u/Xx_Big_Krakowski_xX	fmg6xyp	C	N
2020-04-04 20:14:55.850960	u/Pogbankz	fmg9soz	u/hellman211	fv0t8a	S	N
2020-04-04 20:15:21.295733	u/hello50000	fmg9sp6	u/XDEC0DE	fmegr0e	C	I
2020-04-04 20:15:34.567191	u/xXHbawmXx	fmg9spp	u/05Lidhult	fuyk1m	S	I
2020-04-04 20:15:43.588584	u/Sushimus	fmg9srd	u/ijusthadicecream	fmg9iaz	C	N
2020-04-04 20:15:55.752954	u/riesjart387	fmg9ssd	u/TheMadLunatic	fv1qpw	S	N
2020-04-04 20:16:06.874714	u/separatingsunder	fmg9svf	u/tailgunn3rr	fv3yg9	S	N
2020-04-04 20:16:16.907384	u/Roamer101	fmg9sy7	u/MayoManCity	fmg8b2s	C	I
2020-04-04 20:16:31.123223	u/Master-Wordsmith	fmg9t2c	u/Mom_lover60	fmg8dgk	C	I
2020-04-04 20:16:41.120687	u/RepostSleuthBot	fmg9t9g	u/StepmaniaGod	fv39kn	S	N
2020-04-04 20:16:52.134184	u/Big_cheezenuts	fmg9tdh	u/Big_old_Bulldog	fmg1zzz	C	I
2020-04-04 20:17:03.091854	u/alexius339	fmg9tep	u/enfirst	fmec0n7	C	N
2020-04-04 20:17:13.063107	u/HandyXAndy	fmg9tf1	u/VOIDAARONICE725	fv3i41	S	N
2020-04-04 20:17:22.184011	u/NavelBarry	fmg9tgg	u/BIG_ZFFS	fv0tho	S	N
2020-04-04 20:17:32.183543	u/VALKYRIE28277	fmg9tir	u/92641	fv3yz0	S	N
2020-04-04 20:17:40.231229	u/Kanan_R	fmg9tmq	u/TheArcherFrog	fv1aam	S	I
2020-04-04 20:17:59.127998	u/shlong_sandwich	fmg9tny	u/yEe_boi_96	fmg9rse	C	I
2020-04-04 20:18:10.116511	u/porntipsguzzardobot	fmg9ts7	u/pronoobot	fv3ztm	S	N
2020-04-04 20:18:17.955433	u/Joes_Reddit_acount	fmg9ts9	u/ZackAttack556	fv1l7f	S	I
2020-04-04 20:18:28.960413	u/stayingaloneinmyroom	fmg9tsa	u/mrcharlesboyle	fv3mzi	S	I
2020-04-04 20:18:36.764277	u/ShockTohp	fmg9ttu	u/SrWoperPants	fv3at8	S	N
2020-04-04 20:18:46.553623	u/JBordoli07	fmg9u2n	u/Drushka34	fmg860g	C	I
2020-04-04 20:18:55.213218	u/RedMatt71	fmg9u41	u/41cm	fmg9hmh	C	I
2020-04-04 20:19:06.105522	u/MurseNaygen	fmg9u4l	u/deleted	fv3tbz	S	N
2020-04-04 20:19:17.751943	u/Provolone_chees	fmg9ucv	u/yoyoboyo95	fuyqp2	S	N
2020-04-04 20:19:27.507459	u/SirCruchy	fmg9ufw	u/desireexdoll	fv3c8e	S	N
2020-04-04 20:19:38.465631	u/jesseuli	fmg9uir	u/Philipp_01	fuywsg	S	I
2020-04-04 20:19:47.678744	u/levianthony	fmg9umy	u/McTrip	fv1mcg	S	N
2020-04-04 20:19:58.133042	u/imjustlonely-	fmg9usp	u/Trixie227	fuyn1q	S	N
2020-04-04 20:20:02.250975	u/Junki_e	fmg9uub	u/Ozzi4870	fuvu1o	S	N
2020-04-04 20:20:03.509379	u/Spicymemez17	fmg9uvv	u/slglz	fv34dd	S	N
2020-04-04 20:20:11.979126	u/Hobbes1er	fmg9v08	u/Boiethios	fmerl8u	C	I
2020-04-04 20:20:16.127972	u/Egill_Hogni	fmg9v0m	u/djbryan24	fmg4qb3	C	N
2020-04-04 20:20:22.388683	u/Geomancer74	fmg9v3v	u/OneHappyHour	fv3v8m	S	N
2020-04-04 20:20:32.540465	u/Ocularlocus	fmg9v82	u/NintendoStation4	fuvb66	S	I
2020-04-04 20:20:39.773959	u/r3dcrayon	fmg9vb1	u/dicks_daisy	fv3xdz	S	N
2020-04-04 20:20:46.041504	u/Goshofwar17	fmg9vcl	u/Kyle_01110011	fv3zhb	S	I
2020-04-04 20:20:54.287189	u/MemesMod	fmg9vdf	u/Well_Grab_My_Ears	fv403e	S	N
2020-04-04 20:21:03.547421	u/BigJeff35	fmg9vdu	u/Ur_Average_feetus	fmg9fhz	C	N
2020-04-04 20:21:09.856435	u/Scp_2521_	fmg9vf7	u/deleted	fv3sqk	S	N
2020-04-04 20:21:18.123965	u/m4a1pewpew	fmg9vgg	u/pRedditarded	fmg9lus	C	N
2020-04-04 20:21:25.310404	u/fountainoftales	fmg9vhg	u/OrangeDishsoap	fmg96r8	C	N
2020-04-04 20:21:32.507319	u/Rusty_Garlic	fmg9vn9	u/Deathnoob101	fmg6v3b	C	I
2020-04-04 20:21:41.738928	u/ijusthadicecream	fmg9vr8	u/Sushimus	fmg9srd	C	N
2020-04-04 20:21:47.100587	u/IGotSomeKinderEggs	fmg9vxa	u/AuTiStIc_SpIdEr69	fuswlr	S	N
2020-04-04 20:21:54.399101	u/PopeFrancisLXIX	fmg9vym	u/tankmastor	fv3z42	S	N
2020-04-04 20:22:04.745715	u/jgreenshields4554	fmg9w2x	u/struzle	fv39i8	S	N
2020-04-04 20:22:13.067674	u/youkonbless	fmg9w4l	u/Muti248	fv2jg1	S	N
2020-04-04 20:22:20.259145	u/AutoModerator	fmg9w52	u/UppedSolution77	fv40bz	S	I
2020-04-04 20:22:28.470161	u/Mom_lover60	fmg9w7h	u/Master-Wordsmith	fmg9t2c	C	I
2020-04-04 20:22:51.370296	u/RedditorZ3R0	fmgcob2	u/flordia_man_pilot	fmfmdft	C	N
2020-04-04 20:22:58.553411	u/SnapshillBot	fmgcocd	u/MammyNeedsHelp	fv4fuy	S	N
2020-04-04 20:23:07.169965	u/cockandballtouture	fmgcokz	u/Lauchomat3000	fuzdrm	S	N
2020-04-04 20:23:14.184273	u/potatoyeeter420	fmgcol9	u/pars-1	fv15so	S	N
2020-04-04 20:23:23.336399	u/Devils_Advocate1357	fmgcolj	u/jayinjayin	fmfz0po	C	I
2020-04-04 20:23:30.615905	u/Mazvvv	fmgconw	u/Muti248	fv2jg1	S	N
2020-04-04 20:23:40.006592	u/Infinite303	fmgcooc	u/HavingLastLaugh	fv2hbr	S	I
2020-04-04 20:23:54.128540	u/mr-awwman	fmgcop8	u/babblebam	fuwbm1	S	I
2020-04-04 20:24:03.215360	u/Vegetable-Dealer	fmgcoph	u/fcarl365	fv43hm	S	I
2020-04-04 20:24:14.092417	u/DaBoiYeet	fmgcoq0	u/Ifind_this_offensive	fuzgqk	S	I
2020-04-04 20:24:29.258903	u/HotDogKermit-	fmgcos8	u/utkubaba9581	futfxj	S	I
2020-04-04 20:24:42.276198	u/luna_watchgirl	fmgcosi	u/Sinoxi	fmfdvqv	C	N
2020-04-04 20:24:57.356567	u/cactusYEETUS	fmgcot0	u/deleted	fv497f	S	N
2020-04-04 20:25:15.971229	u/ImLazyGarbage	fmgcotn	u/grinshtain	fuxcwa	S	I
2020-04-04 20:25:31.930739	u/canned_riches	fmgcotr	u/Ifind_this_offensive	fuzgqk	S	I
2020-04-04 20:25:46.992966	u/s-y-n-t-h	fmgcovq	u/brinkz-	fv1rmv	S	N
2020-04-04 20:26:01.949048	u/Apollo2037	fmgcoyn	u/Hazza767	fv48ll	S	N
2020-04-04 20:26:15.955357	u/Sir-Varrick	fmgcp1i	u/meme_me_Alone	fv41eb	S	I
2020-04-04 20:26:30.885988	u/SnapshillBot	fmgcp3w	u/WeirdGuyStudios-Boyo	fv4fz5	S	I
2020-04-04 20:26:48.987583	u/MemesMod	fmgcp6r	u/Stingscorpion131	fv4fi9	S	N
2020-04-04 20:27:21.956180	u/Teshin_Thai	fmgcpes	u/Lolwutv2	fmeraa8	C	I
2020-04-04 20:27:40.036828	u/SnapshillBot	fmgcpih	u/Gotenks555	fv4fzq	S	N
2020-04-04 20:27:58.043763	u/tajbeano	fmgcpj6	u/Musashilord0	fmgav9p	C	I
2020-04-04 20:28:34.024928	u/hellman211	fmgcpjw	u/Rusty_Garlic	fmg9vn9	C	I
2020-04-04 20:28:52.245227	u/Lord_Cassidy	fmgcplo	u/serhanul	fv1b7h	S	I
2020-04-04 20:29:25.505899	u/ts1498	fmgcppd	u/SproteIndustries	fmgcjxq	C	I
2020-04-04 20:29:42.072369	u/flordia_man_pilot	fmgcpr9	u/RedditorZ3R0	fmgcob2	C	N
2020-04-04 20:29:56.671736	u/Joes_Reddit_acount	fmgcpsy	u/Picol__	fmg0xbf	C	I
2020-04-04 20:30:00.828166	u/striped-pony	fmgcpul	u/UppedSolution77	fv4cga	S	I
2020-04-04 20:30:02.777092	u/WatchingFromA_window	fmgcpxq	u/Philipp_01	fuywsg	S	I
2020-04-04 20:30:03.968703	u/kingme805	fmgcq1d	u/R178	fv4cnq	S	I
2020-04-04 20:30:05.258384	u/TillyMint08	fmgcq2v	u/invalidusernamealert	fv4ca2	S	I
2020-04-04 20:30:08.489363	u/Choasperor	fmgcq37	u/MaiSenpaii2	fv4dje	S	N
2020-04-04 20:30:14.722907	u/ITriedLightningTendr	fmgcq8b	u/xXxD02AVIDxXx	futkpa	S	N
2020-04-04 20:30:22.971048	u/SnapshillBot	fmgcqao	u/Mr-360	fv4g41	S	N
2020-04-04 20:30:30.595780	u/CallMeCamel23	fmgcqdg	u/Fa_elg	fv2h37	S	N
2020-04-04 20:30:43.003609	u/nublosta	fmgcqgy	u/xXPacotillaXx	fv4ff6	S	N
2020-04-04 20:30:49.176297	u/Cursive_dad	fmgcqi9	u/Velu_	fmg3x1s	C	I
2020-04-04 20:31:01.670922	u/starranger30	fmgcqid	u/yoyoboyo95	fuyqp2	S	N
2020-04-04 20:31:06.749507	u/Max_Graf	fmgcqn6	u/dapizzaman16	fmg7xtn	C	I
2020-04-04 20:31:07.943331	u/Bakeanime	fmgcqoe	u/connor_n2004	fv43zr	S	I
2020-04-04 20:31:09.042101	u/Deathly_banana	fmgcqur	u/EpicMorden	fmgcazi	C	N
2020-04-04 20:31:10.146736	u/Karentookthekidswhy	fmgcqyl	u/JunkratTheJunker	fmfrhlp	C	N
2020-04-04 20:31:11.300782	u/AutoModerator	fmgcqzm	u/RumblingHacked	fv4g8z	S	N
2020-04-04 20:31:12.540604	u/Herr-Wolfgang	fmgcr0a	u/DeapoolsConscience	fuz8xn	S	I
2020-04-04 20:31:13.723301	u/MemesMod	fmgcr15	u/MammyNeedsHelp	fv4fuy	S	N
2020-04-04 20:31:15.252063	u/HotDogKermit-	fmgcr3h	u/pars-1	fv15so	S	N
2020-04-04 20:31:17.915044	u/HeyIHateMyself	fmgcr3j	u/Spook-Zilla	furini	S	N
2020-04-04 20:31:18.945334	u/IntelligentFruit0	fmgcr6c	u/Lightningmcqueen1234	fmgciiv	C	I
2020-04-04 20:31:25.316263	u/Idryl_Davcharad	fmgcr6y	u/06Grill	fmg684z	C	I
2020-04-04 20:31:31.610353	u/pinkdog97	fmgcr8v	u/Muti248	fv2jg1	S	N
2020-04-04 20:31:39.702677	u/jozboi	fmgcr9m	u/1tsNeverLupus	fmg512v	C	I
2020-04-04 20:31:43.099674	u/FlamingHobo66	fmgcrai	u/KGB_Assassian	fmg68l3	C	I
2020-04-04 20:31:44.238520	u/TectonicAttack	fmgcrav	u/ansel1406	fmfxqbk	C	I
2020-04-04 20:31:45.327738	u/Fresh-broski	fmgcrbw	u/Egill_Hogni	fmg9v0m	C	N
2020-04-04 20:31:46.426281	u/Sweatyspaghettti	fmgcrd1	u/AwesomePig278	fmg4nj7	C	I
2020-04-04 20:31:48.554491	u/Rusty_Garlic	fmgcrdp	u/hellman211	fmgcpjw	C	I
2020-04-04 20:31:50.683653	u/onionboy83	fmgcreu	u/jetonious	fv4e7r	S	N
2020-04-04 20:31:53.184544	u/Chuki17	fmgcrj4	u/ThunderingSacks	fv27ir	S	I
2020-04-04 20:31:58.484997	u/xXPacotillaXx	fmgcrjs	u/nublosta	fmgcqgy	C	I
2020-04-04 20:32:03.607103	u/SalsichaoTop	fmgcrnt	u/torleds	fv4ew5	S	N
2020-04-04 20:32:12.937864	u/Peter0713	fmgcrol	u/DrPoopNstuff	fmg80fv	C	I
2020-04-04 20:32:17.337410	u/luna_watchgirl	fmgcrv5	u/EpicMemer100	fmgc37x	C	I
2020-04-04 20:32:21.617864	u/Maxitaxi43	fmgcs3i	u/-GiantSlayer-	fmfx9ph	C	I
2020-04-04 20:32:23.470426	u/ginger_kid03	fmgcs4m	u/Trixie227	fuyn1q	S	N
2020-04-04 20:32:27.332703	u/sbw02	fmgcs64	u/yoyoboyo95	fuyqp2	S	N
2020-04-04 20:32:31.398761	u/autist_of_war	fmgcs7i	u/grinshtain	fuxcwa	S	I
2020-04-04 20:32:38.647396	u/DaBoiYeet	fmgcs9z	u/Fybonsize	fuzyq6	S	N
2020-04-04 20:32:45.713388	u/ratatouilleisahuman	fmgcsae	u/Waixler83	fv48ue	S	N
2020-04-04 20:32:47.813078	u/SnapshillBot	fmgcsb5	u/white-dumbledore	fv4gft	S	N
2020-04-04 20:32:48.893189	u/Tringg007	fmgcsbw	u/reycar4947	fmg9ata	C	N
2020-04-04 20:32:51.253459	u/Vocke79190	fmgcsdd	u/TheArcherFrog	fv1aam	S	I
2020-04-04 20:32:58.276157	u/meme-absorber	fmgcsh7	u/Gotenks555	fv4fzq	S	N
2020-04-04 20:33:03.388323	u/BayVirgul	fmgcslk	u/maiagentz	fv4bw4	S	N
2020-04-04 20:33:08.792143	u/jgreenshields4554	fmgcsp4	u/pars-1	fv15so	S	N
2020-04-04 20:33:14.815456	u/SnapshillBot	fmgcsrz	u/take314nrun	fv4gih	S	N
2020-04-04 20:33:18.867090	u/SnapshillBot	fmgcsub	u/not-a-bot197546	fv4ghc	S	N
2020-04-04 20:33:24.513411	u/MemesMod	fmgcsvg	u/not-a-bot197546	fv4ghc	S	N
2020-04-04 20:33:31.447963	u/R178	fmgcsxr	u/kingme805	fmgcq1d	C	I
2020-04-04 20:33:37.868044	u/User3963595969	fmgcsy8	u/Lasharell	fut370	S	I
2020-04-04 20:33:42.888748	u/quantum-black	fmgcszb	u/XPSSlingGAMING	fv37ow	S	I
2020-04-04 20:33:52.961571	u/nothataylor	fmgcszp	u/Gamerschoice	fmgbqsj	C	I
2020-04-04 20:33:55.038256	u/M0binsChild	fmgct1y	u/FlintyAura9610	flyy3y	S	N
2020-04-04 20:33:59.131565	u/SnapshillBot	fmgctb1	u/GreenEngrams	fv4gip	S	I
2020-04-04 20:34:05.070134	u/AngryStepDad	fmgctec	u/FondleMyPancakes	fmgahpd	C	N
2020-04-04 20:34:12.016987	u/Not_your_usual_fly	fmgctiy	u/Trixie227	fuyn1q	S	N
2020-04-04 20:34:18.849039	u/Eldor117	fmgctjf	u/Trixie227	fuyn1q	S	N
2020-04-04 20:34:24.711822	u/EpicMorden	fmgctjl	u/Deathly_banana	fmgcqur	C	N
2020-04-04 20:34:31.661694	u/itssarahloll	fmgctnw	u/Mr-360	fv4g41	S	N
2020-04-04 20:34:44.758202	u/AceUvSpadez13	fmgcto2	u/fire-but-cheese-MK	fmg9p1m	C	I
2020-04-04 20:34:49.990336	u/ZatsuneMikuForever	fmgctqj	u/AnDr0mEdA73	fv1nnc	S	N
2020-04-04 20:34:53.278834	u/____TheLegend27___	fmgctqx	u/ChrisMan1214	fuxkwz	S	I
2020-04-04 20:35:02.091504	u/kingme805	fmgctrf	u/furiousares42	fmgc9al	C	I
2020-04-04 20:35:09.784104	u/Big_Potato_Boi	fmgctsq	u/Ifind_this_offensive	fuzgqk	S	I
2020-04-04 20:35:16.581403	u/Max_Graf	fmgcttc	u/xX_CattMatt_Xx	fmgblcc	C	N
2020-04-04 20:35:23.493971	u/SnapshillBot	fmgctul	u/ClarinianGarbage	fv4gn3	S	N
2020-04-04 20:35:30.337450	u/MemesMod	fmgcty3	u/take314nrun	fv4gih	S	N
2020-04-04 20:35:37.103783	u/024Luke420	fmgcu0f	u/Funserver	fmfu1kt	C	N
2020-04-04 20:35:42.998668	u/everthing-is-taken	fmgcu1e	u/sexyass1010	fv4d2f	S	I
2020-04-04 20:35:49.850469	u/meme-absorber	fmgcu5x	u/WeirdGuyStudios-Boyo	fv4fz5	S	I
2020-04-04 20:35:56.631363	u/kalmar_assasin	fmgcu8t	u/PerfectSpyMain	fmg9kbm	C	I
2020-04-04 20:36:11.254335	u/They-call-me-MrRight	fmgcuan	u/bubbleboysdad	fmfl9f3	C	I
2020-04-04 20:36:16.330061	u/Shirokuma_Max	fmgcucy	u/05Lidhult	fuyk1m	S	I
2020-04-04 20:36:21.432931	u/SniperBro7	fmgcufk	u/TheArcherFrog	fv1aam	S	I
2020-04-04 20:36:29.252097	u/SnapshillBot	fmgcug6	u/gatoALFA15	fv4go0	S	N
2020-04-04 20:36:35.977324	u/mega-oood	fmgcui6	u/SproteIndustries	fmgcn5w	C	I
2020-04-04 20:36:41.733034	u/Gamerschoice	fmgcuiu	u/DmMacniel	fmf6eju	C	I
2020-04-04 20:36:51.315572	u/HotDogKermit-	fmgcuvb	u/Trixie227	fuyn1q	S	N
2020-04-04 20:36:55.133245	u/SaltoDaKid	fmgcux6	u/Cheeseboy_123	fmfsmkj	C	I
2020-04-04 20:37:06.393107	u/ben_laden69	fmgcuy1	u/AJ-Naka-Zayn-Owens	fupoyi	S	I
2020-04-04 20:37:13.977229	u/leovere	fmgcv01	u/BLACKMOONBD	fgj0ppa	C	N
2020-04-04 20:37:23.746544	u/deafgato	fmgcv3l	u/Rayleigh077	fv16nh	S	N
2020-04-04 20:37:33.299515	u/Bob_Hope_Nachos	fmgcv3n	u/Perussuomalaiset	fv13te	S	I
2020-04-04 20:37:41.757941	u/Bacchus_Amontillado	fmgcv4d	u/tankmastor	fv3z42	S	N
2020-04-04 20:37:50.243328	u/Sekrit_Agent	fmgcv4j	u/ts1498	fv4eth	S	I
2020-04-04 20:37:59.629405	u/MAGIC_EYE_BOT	fmgcv58	u/ClarinianGarbage	fv4gn3	S	N
2020-04-04 20:38:08.090434	u/NiceJacob303	fmgcv5r	u/Kolianerr	fv44d3	S	I
2020-04-04 20:38:19.916367	u/Aolisauce	fmgcv7k	u/Hugh_Schmefner	fv0048	S	N
2020-04-04 20:38:28.600321	u/jeem-	fmgcvaw	u/pars-1	fv15so	S	N
2020-04-04 20:38:39.863722	u/cold_molasses	fmgcvdw	u/cocainecowboy69420	fuzvyw	S	N
2020-04-04 20:38:50.253728	u/NorthAlpaca	fmgcveo	u/KangarooMadness777	fuzy13	S	N
2020-04-04 20:38:57.519287	u/DraveMelon	fmgcvev	u/ayouproblem	fv428z	S	I
2020-04-04 20:39:09.141289	u/UnprecedentedSnail	fmgcvf3	u/TheGreatNavjeet	fuslx1	S	I
2020-04-04 20:39:16.119003	u/lokingfinesince89	fmgcvmo	u/alhinx	fv46mn	S	N
2020-04-04 20:39:27.070389	u/Malifry9705	fmgcvor	u/the_memes_dealer	fmg1mxk	C	N
2020-04-04 20:39:35.781097	u/homo-nihilus-	fmgcvq2	u/cocainecowboy69420	fuzvyw	S	N
2020-04-04 20:39:45.539716	u/Lightningmcqueen1234	fmgcvqp	u/iFollowYOU12435	fv4cud	S	N
2020-04-04 20:39:52.752736	u/DagonWorshipper1234	fmgcvss	u/twistedmuppet	fuu7hn	S	I
2020-04-04 20:40:00.887765	u/bobzilla05	fmgcvxk	u/93n1ss	fmgck1g	C	I
2020-04-04 20:40:02.018822	u/Max_Graf	fmgcvxu	u/samuelamg25	fmfy2bk	C	N
2020-04-04 20:40:05.082914	u/69420___	fmgcw0o	u/puppieslovesummer	fuxeqi	S	N
2020-04-04 20:40:09.261310	u/Kot_iz_Yello	fmgcwdt	u/torleds	fv4ew5	S	N
2020-04-04 20:40:17.493781	u/Silver2404	fmgcwe6	u/IShitMyFuckingPants	flw8ydt	C	I
2020-04-04 20:40:23.841287	u/d3athpr0xy	fmgcwk9	u/BIG_ZFFS	fv0tho	S	N
2020-04-04 20:40:36.415016	u/FFilli	fmgcwkd	u/05Lidhult	fuyk1m	S	I
2020-04-04 20:40:42.561831	u/ThatKid1324	fmgcwog	u/hellman211	fmftnb9	C	I
2020-04-04 20:40:54.899670	u/TheManOfDoor	fmgcwon	u/Latvian_Video	fmenrn7	C	N
2020-04-04 20:41:01.108142	u/SnapshillBot	fmgcwt4	u/username-got-stolen	fv4h2j	S	N
2020-04-04 20:41:10.527643	u/lepaperoftoilet	fmgcwtg	u/ThunderingSacks	fv27ir	S	I
2020-04-04 20:41:19.777456	u/MasterOfMustard	fmgcwzs	u/just-israel	fmg7xsz	C	N
2020-04-04 20:41:30.052031	u/SpicyDorito08	fmgcx1t	u/Pri_sonMike	fmfrkoy	C	N
2020-04-04 20:41:47.564706	u/3l_Z3f3fee	fmgcx54	u/PolishedTurd69	fmgbmpp	C	I
2020-04-04 20:42:05.125366	u/ratatouilleisahuman	fmgcxa4	u/WholeBowl15	fmgb99q	C	I
2020-04-04 20:42:12.329858	u/SnapshillBot	fmgcxbr	u/deleted	fv4h59	S	N
2020-04-04 20:42:28.829278	u/iFollowYOU12435	fmgcxhd	u/Lightningmcqueen1234	fmgcvqp	C	I
2020-04-04 20:42:36.098898	u/Names-all-taken	fmgcxhc	u/CuteCumbar11	fv3l3m	S	I
2020-04-04 20:42:45.370006	u/the-eyehole-man	fmgcxhv	u/gatoALFA15	fv4go0	S	N
2020-04-04 20:42:55.240176	u/Your_loyal_friend	fmgcxla	u/gucciair	fux4oh	S	N
2020-04-04 20:43:15.818571	u/Tortoise-of-the-wild	fmgcxm9	u/Fir3mast3r55	fmfutfi	C	I
2020-04-04 20:43:24.045617	u/Mr-360	fmgcxmc	u/gatoALFA15	fv4go0	S	N
2020-04-04 20:43:33.385272	u/Mattititus	fmgcxnq	u/iFollowYOU12435	fv4cud	S	I
2020-04-04 20:43:42.596927	u/leafking58	fmgcxr9	u/Mr-360	fv4g41	S	N
2020-04-04 20:43:52.784015	u/furiousares42	fmgcxwf	u/kingme805	fmgctrf	C	I
2020-04-04 20:44:04.026567	u/DarkArrowNew52	fmgcxyq	u/MrYoungBoy	fmfx3zy	C	I
2020-04-04 20:44:11.199120	u/fredrigozxs	fmgcy58	u/MiCasali	fmfekhm	C	I
2020-04-04 20:44:18.680593	u/RonronFaitCaca	fmgcy7m	u/Lauchomat3000	fuzdrm	S	N
2020-04-04 20:44:27.844182	u/SnapshillBot	fmgcyad	u/ScottiyBoi	fv4hah	S	I
2020-04-04 20:44:38.067283	u/Tudor_Daniel	fmgcye9	u/mrmanisachip1237	fv46dy	S	I
2020-04-04 20:44:48.340563	u/JosephTito-theBroz	fmgcyhu	u/JahCoon24	fv4e4n	S	N
2020-04-04 20:44:56.489275	u/TheDanFanIsBanned	fmgcyjg	u/Mr-360	fv4g41	S	N
2020-04-04 20:45:05.743874	u/SIGSTACKFAULT	fmgcyjo	u/yoyoboyo95	fuyqp2	S	N
2020-04-04 20:45:14.851660	u/MemesMod	fmgcyl6	u/deleted	fv4h59	S	N
2020-04-04 20:45:24.969676	u/PotenciaMachina	fmgcym3	u/Gotenks555	fv4fzq	S	N
2020-04-04 20:45:34.046929	u/Adambel9708	fmgcyo7	u/Vincent_Baldwin	fmg2ijo	C	N
2020-04-04 20:45:42.791746	u/Bluedotsaint	fmgcyss	u/Fa_elg	fv2h37	S	N
2020-04-04 20:45:51.942617	u/_Exiled_Unxverse_	fmgcysy	u/cannonmax	fv1fqc	S	I
2020-04-04 20:46:01.368181	u/bthorne86	fmgcywo	u/EfficaciousBean	fux65w	S	N
2020-04-04 20:46:12.389953	u/DraveMelon	fmgcyyl	u/c00lkid-with-a-z	fmg9810	C	N
2020-04-04 20:46:23.109556	u/Dipper_Pines_is_here	fmgcyzl	u/puppieslovesummer	fuxeqi	S	N
2020-04-04 20:46:33.076903	u/HyperboreanAnarch	fmgcz1g	u/12cheese21	fv2on2	S	N
2020-04-04 20:46:43.015254	u/Covered-in-Thorns	fmgcz1z	u/t3hdubzy	fmfzyfm	C	N
2020-04-04 20:46:54.286741	u/TheFlareFox	fmgcz6o	u/yoyoboyo95	fuyqp2	S	N
2020-04-04 20:47:03.422763	u/balti1306	fmgczb6	u/Rayleigh077	fv16nh	S	N
2020-04-04 20:47:15.332450	u/remote_production	fmgczcc	u/Kiosss	fv2vb1	S	N
2020-04-04 20:47:27.191700	u/Elad2007	fmgczek	u/FinBoy20_06	fv0ttd	S	I
2020-04-04 20:47:41.055709	u/MacAttack264984	fmgczfj	u/Y45HK4R4NDIK4R	fmfahmo	C	I
2020-04-04 20:47:52.950229	u/Chuki17	fmgczim	u/Mr-360	fv4g41	S	N
2020-04-04 20:48:26.478786	u/CiberneitorGamer	fmgf26v	u/yiitbrak5002	fmg32kb	C	N
2020-04-04 20:48:38.179756	u/SnapshillBot	fmgf28z	u/cbroney	fv4te7	S	N
2020-04-04 20:48:50.916924	u/SnapshillBot	fmgf2ar	u/Itsgoingtobemental	fv4te1	S	N
2020-04-04 20:49:01.535550	u/BreadyMold	fmgf2bb	u/hmmm22396	fv2hxq	S	N
2020-04-04 20:49:25.792104	u/greenyogaday	fmgf2fg	u/CptCrunch83	fmgewhf	C	I
2020-04-04 20:49:35.178098	u/Melatonin-overdose	fmgf2h2	u/HavingLastLaugh	fv2hbr	S	I
2020-04-04 20:49:45.564390	u/BakulaSelleck92	fmgf2hp	u/YeehawRaccoon	fmfro39	C	N
2020-04-04 20:50:01.172105	u/StrahdVonZarovich_	fmgf2jg	u/FloydFan4Lif	fmfnf9y	C	I
2020-04-04 20:50:02.953156	u/root_0f_all_cause	fmgf2nb	u/Fa_elg	fv2h37	S	N
2020-04-04 20:50:05.062306	u/NotStreamerNinja	fmgf2r5	u/crmeacham93	fmgdp7l	C	N
2020-04-04 20:50:08.398904	u/SnapshillBot	fmgf2zh	u/mrgreenbean02	fv4ti3	S	N
2020-04-04 20:50:13.621273	u/SnapshillBot	fmgf320	u/Jonnyron1	fv4thw	S	N
2020-04-04 20:50:17.885752	u/Meepster27	fmgf348	u/pp0787	fv3joc	S	N
2020-04-04 20:50:26.554871	u/TheRealMalaki	fmgf34h	u/Hugh_Schmefner	fv0048	S	N
2020-04-04 20:50:36.893584	u/SnapshillBot	fmgf34u	u/riddhibad	fv4tgj	S	N
2020-04-04 20:50:45.082012	u/IamNoatak	fmgf36g	u/tntigerabossss	fmgew06	C	N
2020-04-04 20:50:57.274755	u/n1bba696969	fmgf3e8	u/Fybonsize	fuv1v5	S	N
2020-04-04 20:51:05.439071	u/big-cash-money-stonk	fmgf3fe	u/Gabo71	fmfmhdt	C	N
2020-04-04 20:51:17.031832	u/jeylon	fmgf3fi	u/ThunderingSacks	fv27ir	S	I
2020-04-04 20:51:25.371200	u/mr_salsa123	fmgf3lz	u/teopro5	fv3wg6	S	I
2020-04-04 20:51:34.544888	u/RepostSleuthBot	fmgf3mc	u/MyInnocentBystander	fmgetfg	C	I
2020-04-04 20:51:44.443723	u/Darkmagesworld	fmgf3u1	u/Fa_elg	fv2h37	S	N
2020-04-04 20:51:54.618239	u/ninja_otter_	fmgf3ux	u/Downvoted_Avocado	fmgee7j	C	I
2020-04-04 20:52:04.864710	u/SnapshillBot	fmgf3x2	u/TickledMonkey1	fv4tn3	S	N
2020-04-04 20:52:15.119957	u/SnapshillBot	fmgf3yx	u/markregg	fv4tlk	S	I
2020-04-04 20:52:24.323793	u/SnapshillBot	fmgf41l	u/CustomGreen	fv4tlf	S	N
2020-04-04 20:52:36.319685	u/noliferpk	fmgf42u	u/PolishedTurd69	fuuy43	S	I
2020-04-04 20:52:44.548444	u/ccward2114	fmgf45q	u/VOIDAARONICE725	fv3i41	S	N
2020-04-04 20:52:55.774192	u/ShabalabaBangbang	fmgf47b	u/reaper-brawlstars1	fmfw9x9	C	N
2020-04-04 20:53:07.016189	u/MemesMod	fmgf49m	u/mrgreenbean02	fv4ti3	S	N
2020-04-04 20:53:17.171629	u/AquaticM00se	fmgf4b2	u/Protoss11	fmgf0ja	C	I
2020-04-04 20:53:27.386056	u/Thoughtfulprof	fmgf4eu	u/JesusWithBoobImplant	fv1jmt	S	N
2020-04-04 20:53:37.307348	u/Lord_Ender_8668	fmgf4i6	u/Fybonsize	fuv1v5	S	N
2020-04-04 20:53:59.652269	u/Crappy_reddit_user	fmgf4it	u/RoundishCobra97	fmga693	C	I
2020-04-04 20:54:09.815623	u/blacksheep281328	fmgf4j2	u/MaiSenpaii2	fv3ksw	S	N
2020-04-04 20:54:21.226838	u/dingo-meat	fmgf4jf	u/MyJelloJiggles	fuy8p9	S	I
2020-04-04 20:54:30.379192	u/Not_The_John	fmgf4l1	u/Redentropy_42	fmgc060	C	N
2020-04-04 20:54:41.470772	u/wee-man2012	fmgf4mj	u/elon-musk-of-badidea	fmfhmbu	C	N
2020-04-04 20:54:51.566989	u/COMMANDODONUT	fmgf4pa	u/Leifenstrab00	fmgeryw	C	N
2020-04-04 20:55:10.764597	u/MankDemesArePepe	fmgf4q9	u/Mynameischococookie	fmgf1yq	C	I
2020-04-04 20:55:19.878416	u/SnapshillBot	fmgf4sr	u/Sterling156	fv4tr1	S	N
2020-04-04 20:55:31.450200	u/expiredbannnana	fmgf4t1	u/pars-1	fv15so	S	N
2020-04-04 20:55:41.555935	u/striped-pony	fmgf4ta	u/typewriter45	fv4cdp	S	I
2020-04-04 20:55:51.549044	u/JamesDuncan9	fmgf4x2	u/Baconthanos	fmgdbw7	C	I
2020-04-04 20:56:02.584465	u/DarkAnalyser	fmgf4xp	u/Captm_obvious	fmg9pfl	C	I
2020-04-04 20:56:11.774346	u/magikchikin	fmgf51k	u/EliotHudson	fuyknl	S	I
2020-04-04 20:56:30.883027	u/thelizzardlord	fmgf550	u/vikplay	flzv2fv	C	I
2020-04-04 20:56:42.614873	u/joeguy420	fmgf56s	u/Fa_elg	fv2h37	S	N
2020-04-04 20:56:50.554000	u/orangeshoppingcart	fmgf5b3	u/PeJae	fv4rbg	S	N
2020-04-04 20:57:02.558479	u/CptCrunch83	fmgf5bb	u/greenyogaday	fmgf2fg	C	I
2020-04-04 20:57:12.530041	u/SnapshillBot	fmgf5ig	u/BeakyDontDoIt	fv4tup	S	N
2020-04-04 20:57:20.447053	u/FouadKh	fmgf5kd	u/nefarious_black	fv3vx2	S	N
2020-04-04 20:57:40.287736	u/NikaBlazing	fmgf5mv	u/RepostSleuthBot	fmg4g3u	C	I
2020-04-04 20:57:50.228952	u/Niaso	fmgf5ug	u/EyeEatCheeks	fv4jh3	S	N
2020-04-04 20:57:59.279110	u/ItsBehindMeIsntIt	fmgf5uw	u/HavingLastLaugh	fv2hbr	S	I
2020-04-04 20:58:09.177528	u/VOIDAARONICE725	fmgf5yb	u/ccward2114	fmgf45q	C	N
2020-04-04 20:58:17.945128	u/taytaythetech	fmgf5yw	u/osasuna	fv4rio	S	N
2020-04-04 20:58:27.837853	u/SnapshillBot	fmgf65z	u/Abstract862	fv4u09	S	N
2020-04-04 20:58:36.657133	u/SnapshillBot	fmgf688	u/Krebsalicious	fv4u02	S	N
2020-04-04 20:58:46.567107	u/missing_character	fmgf69n	u/harlan1596	fv4oab	S	I
2020-04-04 20:58:55.319968	u/SnapshillBot	fmgf6ax	u/TinyNerd21	fv4ty3	S	N
2020-04-04 20:59:05.085568	u/SnapshillBot	fmgf6da	u/kneecap_lasagna	fv4txh	S	N
2020-04-04 20:59:13.879268	u/King-Oylmpus	fmgf6h0	u/cbroney	fv4te7	S	N
2020-04-04 20:59:23.681943	u/unlimitednixon	fmgf6ir	u/ben_n_	fv1t0j	S	N
2020-04-04 20:59:40.453974	u/Toasty-Toaster	fmgf6jw	u/Noklle	fmgdo8n	C	I
2020-04-04 20:59:50.301171	u/AcerolaSae	fmgf6l9	u/DisastrousCerberus	fuw0wt	S	I
2020-04-04 20:59:57.928850	u/Metakor_8	fmgf6mq	u/Jeff_Sandwich	fmg100b	C	N
2020-04-04 21:00:01.105470	u/DarkAnalyser	fmgf6tu	u/ProbablyNotMoses	fmgbemn	C	N
