2020-04-08 01:00:07.788420	u/RegenSyscronos	fmretvv	u/BigBrainlittlepenis	fmrejno	C
2020-04-08 01:00:23.144695	u/0100101011010110	fmreu6v	u/Kahenkilonlohi	fmretq8	C
2020-04-08 01:01:07.134538	u/Leafsfan32	fmreuox	u/-SpaceToast-	fmpywfh	C
2020-04-08 01:01:39.451876	u/spooneyemu	fmrevue	u/ItsVernex	fmqmqro	C
2020-04-08 01:01:52.794421	u/Totes4Goats2	fmrew89	u/BRADDERZ2K8	fmqhgvc	C
2020-04-08 01:02:02.864377	u/Shadowwolf929	fmrewgx	u/uuwuuman	fmr4mc5	C
2020-04-08 01:02:09.808443	u/Manifoldgodhead	fmrewk1	u/PHIA47	fmr7o32	C
2020-04-08 01:02:15.176773	u/ChiricahuAustin	fmrewmo	u/Cottoncandyskiesthrw	fmrdny0	C
2020-04-08 01:03:01.142550	u/Furious_Boi377	fmrex36	u/skduter	fmq1tlt	C
2020-04-08 01:05:19.486089	u/NaveedNodan	fmrg4br	u/fierwoll	fmqwqz4	C
2020-04-08 01:05:27.719220	u/RCcyber	fmrg4no	u/SmudgeTheCatt	fmqtpse	C
2020-04-08 01:05:29.474740	u/IbyFoReal	fmrg4uc	u/Eziopool	fmrg2at	C
2020-04-08 01:05:36.344278	u/the_ydobon	fmrg51b	u/ekki911	fmq8ia3	C
2020-04-08 01:05:43.820224	u/Deathninja1097	fmrg56n	u/mybronchioleshurt	fmqjnvj	C
2020-04-08 01:05:45.677845	u/MonstrT	fmrg58c	u/fucknametakenrules	fmquxh8	C
2020-04-08 01:06:07.595718	u/Pulokesh220	fmrg5nh	u/djjoshi69	fmra3d4	C
2020-04-08 01:06:28.078023	u/NaveedNodan	fmrg5ws	u/fierwoll	fmqxo0w	C
2020-04-08 01:06:30.523477	u/abhishekrt12crack	fmrg5yd	u/llenad7358	fmpugvl	C
2020-04-08 01:06:33.669911	u/MCGaming1991	fmrg63k	u/RepostSleuthBot	fmrg4dq	C
2020-04-08 01:06:48.216041	u/Tigerz_G	fmrg67a	u/fierwoll	fmqt1hu	C
2020-04-08 01:06:52.093519	u/netohh323	fmrg6az	u/EnderSkoom	fmqva4y	C
2020-04-08 01:07:48.266879	u/coolzone7	fmrg75s	u/Jomesfonso	fmqt4u4	C
2020-04-08 01:08:21.019195	u/TwotitaniumG	fmrg7pb	u/Ernestas_Gr	fmrfux5	C
2020-04-08 01:08:43.701238	u/memecycle301	fmrg8pt	u/CyberKitten05	fmqxdw7	C
2020-04-08 01:09:28.209413	u/jgmadman	fmrga1w	u/Scholar_Bibio	fmr3sjw	C
2020-04-08 01:09:30.129822	u/Steffan514	fmrga3f	u/chilling_in_a_hottub	fmn7yak	C
2020-04-08 01:09:48.784833	u/DonQuizino	fmrgbi1	u/LadyLevia	fmrga7g	C
2020-04-08 01:10:18.784704	u/gizmooooooooooooo	fmrgcaz	u/Denny_204	fww3ue	S
2020-04-08 01:11:31.756021	u/MrSpider-man21	fmrgdtg	u/Bigseimen	fmix3j1	C
2020-04-08 01:12:37.301486	u/lebronjamesboi	fmrgeiv	u/Respect_Paying_Bot	fmrgd5l	C
2020-04-08 01:13:03.193706	u/abhivandya	fmrgetd	u/CosmicDustYT	fmrab1z	C
2020-04-08 01:13:17.903121	u/lebronjamesboi	fmrgf08	u/3p1c-64m3r	fmrgdyg	C
2020-04-08 01:13:20.725562	u/GodlyGoat97	fmrgf1d	u/skduter	fmq1tlt	C
2020-04-08 01:13:22.827727	u/coastlandsofficial	fmrgf2h	u/thememefinder300	fmreum5	C
2020-04-08 01:14:39.892975	u/NHGLFC	fmrggha	u/Sexyshark15	fmqxjed	C
2020-04-08 01:15:52.268622	u/snsv789	fmrghcp	u/pikazard5107	flc0z8d	C
2020-04-08 01:16:15.597786	u/Burkey207	fmrghow	u/epicglicher	fmr2i4r	C
2020-04-08 01:16:45.167450	u/DonNomNom	fmrgi8f	u/CoolioStarStache	fmr7gd0	C
2020-04-08 01:17:16.082808	u/Tranquil_Deviant	fmrgif6	u/theryaneffect	fmr5jt6	C
2020-04-08 01:17:23.591600	u/BombReggies	fmrgis1	u/TheRedditAtom_YT	fmr1nzn	C
2020-04-08 01:17:38.014283	u/poopydoopy434	fmrgizo	u/Bruh_Bot_	fmr4u18	C
2020-04-08 01:18:20.870988	u/Amriko	fmrgk83	u/Dragon0X	fmrevm7	C
2020-04-08 01:19:09.697398	u/hyamwte	fmrglay	u/fuckxsociety	fmr14hw	C
2020-04-08 01:22:40.866699	u/SomeChez	fmrgokv	u/DonutOlympian	fmrfqyk	C
2020-04-08 01:23:05.613920	u/FrostBite637	fmrgozd	u/skduter	fmq1tlt	C
2020-04-08 01:23:40.882032	u/Jackson729	fmrgp5k	u/ifdestructionwasart6	fmrg4dk	C
2020-04-08 01:24:10.665818	u/Ahaan_237	fmrgpke	u/LabRAT_20	fmrgiye	C
2020-04-08 01:24:26.096629	u/69Kronos420	fmrgq30	u/AAYUSH_GAMER12	fmrg2l3	C
2020-04-08 01:25:12.267075	u/zappleg	fmrgqwy	u/JK_Jirachi	fmrgndn	C
2020-04-08 01:25:45.226890	u/OopOop360	fmrgr4j	u/StarManOMG	fmr9m0i	C
2020-04-08 01:25:47.515701	u/Zackawel	fmrgr56	u/Potato0nFire	fmqtztk	C
2020-04-08 01:26:03.737805	u/coco_n_	fmrgreg	u/Somebody_EEU	fmrgnlx	C
2020-04-08 01:26:47.191711	u/slendersloup	fmrgs5l	u/Bruh_Bot_	fmpczu0	C
2020-04-08 01:27:01.879725	u/_Person6	fmrgsep	u/misswilwarin	fmrfsl3	C
2020-04-08 01:27:33.713384	u/Daffy_Cat	fmrgsq9	u/zaccsi1	fmqxkdw	C
2020-04-08 01:27:51.181975	u/TheDragonairsGamer	fmrgt33	u/stavrosvita	fmqorcz	C
2020-04-08 01:28:09.433115	u/lure-muzic	fmrgtgg	u/Vaibhavthat_atememes	fmrdj35	C
2020-04-08 01:28:12.023342	u/lebronjamesboi	fmrgtk2	u/3p1c-64m3r	fmrgj9f	C
2020-04-08 01:28:31.377649	u/Janamaki	fmrgtvu	u/RepostSleuthBot	fmrg3rw	C
2020-04-08 01:28:32.505203	u/marsbabyshambles	fmrgtvx	u/69Kronos420	fmq54qe	C
2020-04-08 01:28:37.776273	u/An_average_one	fmrgu3e	u/GammaEmerald	fmqv8ww	C
2020-04-08 01:28:39.304900	u/supermemez	fmrgu6l	u/2JDestroBot	fmq6mt1	C
2020-04-08 01:28:41.085197	u/Rose-Thorn-6848	fmrgu7s	u/CipherDoc34	fmqc7zb	C
2020-04-08 01:28:42.636799	u/Ben-_Miller1111	fmrgu9j	u/PieceOfCringePie	fmrempr	C
2020-04-08 01:28:46.841200	u/ThePro729	fmrguil	u/Grazthespaz	fmrgr98	C
2020-04-08 01:29:33.556029	u/ArtepV	fmrgvdz	u/shinediamond295	fmrc5o6	C
2020-04-08 01:30:52.155087	u/An_average_one	fmrgxev	u/TheBookOfSeil	fmr8htm	C
2020-04-08 01:31:51.013725	u/-_13_2334-192_-	fmrhzmq	u/Aspen_Alabaster	fmrh6yb	C
2020-04-08 01:31:55.048350	u/speedforceahmed	fmrhzni	u/SmokedOutVlogs	fmre8dg	C
2020-04-08 01:32:37.210533	u/BothSuspect	fmri0ls	u/Potatolord171	fmrhu1y	C
2020-04-08 01:33:58.557212	u/Nervousnessss	fmri1e9	u/riciso	fmresrc	C
2020-04-08 01:34:13.758402	u/silencedrop66	fmri1nz	u/badpak023	fmrdcai	C
2020-04-08 01:34:17.496263	u/tropSdlO	fmri1rv	u/theryaneffect	fmr5jt6	C
2020-04-08 01:34:40.785054	u/Polarstripe	fmri25c	u/gaygarfeild3	fmrgucj	C
2020-04-08 01:34:52.336071	u/unfunny_monkey	fmri2le	u/FancyCharacter6789	fmrhznm	C
2020-04-08 01:35:07.989024	u/SolaLupus42	fmri2qy	u/HeartOfGold02	fmri04f	C
2020-04-08 01:35:15.035083	u/VeVenteenGaming	fmri2w2	u/Og-MemeRaider24	fmrhlez	C
2020-04-08 01:35:42.172023	u/itsonecooldude	fmri432	u/we_oopin	fmrhwrx	C
2020-04-08 01:37:11.620958	u/ob331	fmri5bi	u/a_single_airpod	fmr72xt	C
2020-04-08 01:38:15.488656	u/Gaelic_Gladiator_64	fmri642	u/lonlywanderer2970	fmri10t	C
2020-04-08 01:38:22.114353	u/aziz7154	fmri6h2	u/potato430	fmrht7q	C
2020-04-08 01:38:23.770719	u/FlameC64	fmri6k6	u/firestrom8265	fmqqb2c	C
2020-04-08 01:39:31.514992	u/mcj1ggl3	fmri8on	u/poof_bear	fmrg3f0	C
2020-04-08 01:39:54.593344	u/DyziVEVO	fmri9tb	u/ImTheNewKid22783	fmquw3g	C
2020-04-08 01:39:58.831433	u/vExodiac	fmriad4	u/Jomesfonso	fmqt4u4	C
2020-04-08 01:40:37.843391	u/Sykfootball	fmrib03	u/just-searching-memes	fmri47n	C
2020-04-08 01:41:10.634049	u/foxbat444	fmribqa	u/mini_trost	fmrggwr	C
2020-04-08 01:41:47.935862	u/NotACasserole	fmricbd	u/Masinary	fmrblxg	C
2020-04-08 01:44:27.586097	u/catmanschili	fmriff3	u/JOHNTHEBUN4	fmrhyld	C
2020-04-08 01:44:54.783259	u/Deturgio	fmrigbu	u/Redrebelraver	fmriesq	C
2020-04-08 01:45:20.244578	u/lightingmcLEAN	fmrigis	u/BRADDERZ2K8	fmqhgvc	C
2020-04-08 01:45:51.396469	u/guimais2_2	fmrigzs	u/proskillsdude	fmriegk	C
2020-04-08 01:47:34.765375	u/fabioschehr	fmriiq4	u/hufflehugs	fx0hys	S
2020-04-08 01:48:09.237807	u/KnownUser7353	fmrijkn	u/khaledalnahas	fmriglq	C
2020-04-08 01:48:19.529752	u/fabioschehr	fmrijql	u/fabioschehr	fmriiq4	C
2020-04-08 01:48:26.925984	u/youareactuallygod	fmriju5	u/slashth456	fmrhjrk	C
2020-04-08 01:48:48.900815	u/epicson01	fmrik16	u/just-searching-memes	fmri47n	C
2020-04-08 01:48:50.090754	u/unruly_metric	fmrik2u	u/RCcyber	fmri4e8	C
2020-04-08 01:49:23.380110	u/-The-Grim-Reaper-	fmrikrj	u/Enioks	flrlmi6	C
2020-04-08 01:49:45.508968	u/Hijackerjon	fmril6p	u/Sykfootball	fmrhj1c	C
2020-04-08 01:49:54.520595	u/DanMart220	fmrilag	u/Ernestas_Gr	fmrfux5	C
2020-04-08 01:50:59.489538	u/virtualboy33	fmrim53	u/TylerTopaz542	fmqyy3o	C
2020-04-08 01:51:02.732001	u/SomeGuy356	fmrim7a	u/Benbenb1	fmrgtoq	C
2020-04-08 01:51:30.089422	u/davoodgoast	fmrimoe	u/Eggboi0	fmrez1r	C
2020-04-08 01:51:39.321947	u/believe_in_meat	fmrin2b	u/skduter	fmq1tlt	C
2020-04-08 01:52:10.502897	u/mikeal3002	fmrings	u/SirNewhallian	fmrilo2	C
2020-04-08 01:52:18.520120	u/narwharkenny	fmrinoh	u/spinelisbeast	fl5tl4p	C
2020-04-08 01:52:22.006892	u/gamer1912	fmrinql	u/Potato0nFire	fmqtztk	C
2020-04-08 01:52:25.104757	u/DinoBoi99	fmrinqt	u/SmudgeTheCatt	fmqtpse	C
2020-04-08 01:52:50.510360	u/James99500	fmriny8	u/rocketboi1505	fmrina2	C
2020-04-08 01:52:53.727070	u/pjblessel	fmrio3m	u/bruh_moment64	fmrhsz1	C
2020-04-08 01:52:55.923395	u/Original-Standard	fmrio4b	u/Denny_204	fmr0rm2	C
2020-04-08 01:54:29.441842	u/sb-golden-juniper	fmrip60	u/RuuukaBall	fmrf0sn	C
2020-04-08 01:54:37.067373	u/virtualboy33	fmripgi	u/TurtleZ1235	fmr2k8h	C
2020-04-08 01:55:07.509338	u/Catchears	fmriptk	u/skduter	fmq1tlt	C
2020-04-08 01:55:32.852618	u/saltyfries42069	fmriqet	u/BabblingBard	fmrina4	C
2020-04-08 01:55:50.956895	u/thechas89	fmriqty	u/IDontNotDoThings	fmr0cyt	C
2020-04-08 01:55:53.601008	u/joethepie	fmriqwq	u/Srgnt_Jimmy	fmrf6i6	C
2020-04-08 01:57:04.687626	u/Gman2847	fmrismx	u/theguywiththeyeballs	fmrb2d4	C
2020-04-08 01:57:36.279510	u/UndercoverJesus	fmrit89	u/skduter	fmq1tlt	C
2020-04-08 01:57:38.343007	u/AGudBoi	fmritdi	u/T-rex-mex	fmr0t7h	C
2020-04-08 01:57:39.774375	u/Inquisitor-_	fmritgr	u/TheAutisticSnail	fmrimvz	C
2020-04-08 01:57:54.107345	u/UncleRanjith	fmriu08	u/DarthJJAbrahams	flafpo4	C
2020-04-08 01:59:19.474068	u/Dementedumlauts	fmrivob	u/makota-chan	fmpzqnv	C
