2020-04-17 14:00:52.594524	u/BwackDoge	fnpi8r9	u/Chibi_Fighter	fnpg13o	C
2020-04-17 14:01:02.460688	u/Daftscorpion672	fnpi90s	u/CreativeScout	fnpi563	C
2020-04-17 14:01:05.945273	u/HansuSol	fnpi92l	u/Dyingdaze89	fnp8k4j	C
2020-04-17 14:01:24.264821	u/shadowwolf212212	fnpi9n0	u/toxicHitomain	fnpgz4r	C
2020-04-17 14:02:12.657103	u/ceasar399666	fnpibo2	u/Fun1892	g2xbdd	S
2020-04-17 14:02:41.365079	u/BwackDoge	fnpicwj	u/asifnir	fnpghhy	C
2020-04-17 14:03:06.290745	u/Deltamon	fnpidgd	u/AlvinAndTheCumchunks	fnot9jl	C
2020-04-17 14:03:15.051569	u/NMART123	fnpie3z	u/quinten9665	g36sdn	S
2020-04-17 14:04:18.212916	u/HopeFarron	fnpigj3	u/allmyfriendsare-dead	fnph2bf	C
2020-04-17 14:04:54.069771	u/chadwickshores2005	fnpihdt	u/A_Mistake_of_life	fnpfby6	C
2020-04-17 14:05:04.141767	u/BertLemo	fnpihp9	u/yeetyeetmaspageet	fnonxos	C
2020-04-17 14:05:06.217481	u/CatsAndCreamCheese	fnpihqe	u/manboichild	fnp6z6u	C
2020-04-17 14:05:21.785456	u/Moper248	fnpiiic	u/AK24ROCKS	fnpie2c	C
2020-04-17 14:05:30.365884	u/KollKid1234	fnpiiqn	u/BwackDoge	fnpib8k	C
2020-04-17 14:05:45.629888	u/Halsey-the-Sloth	fnpijd5	u/BwackDoge	fnpigjq	C
2020-04-17 14:05:47.622960	u/Coldeye262	fnpijdv	u/MrAsimi	fnpcwj5	C
2020-04-17 14:06:04.192288	u/grenha04	fnpijxp	u/DemonThonos	fnp2q3m	C
2020-04-17 14:06:53.725687	u/mrandersonhmm	fnpimf9	u/dhdndjdhh	fnpdsbl	C
2020-04-17 14:07:24.099267	u/EnderDragonZlayer	fnpinnw	u/RetiredFurryHunter	fnoz609	C
2020-04-17 14:07:45.206569	u/CatsAndCreamCheese	fnpio58	u/mcmonkey26	fnpdhrn	C
2020-04-17 14:07:48.435096	u/AmNatDemSoc	fnpio96	u/eyyobish	fnpin3l	C
2020-04-17 14:08:09.393124	u/AlbinoMeerkatz	fnpipbn	u/roamenwa	fnph56m	C
2020-04-17 14:08:39.136758	u/Dehdankest	fnpiqc2	u/OhMyDIO-sama	fnpghd9	C
2020-04-17 14:08:45.185991	u/Cheesehead-X	fnpiqqr	u/ZuriPL	fnphbha	C
2020-04-17 14:08:48.893321	u/XxxFiliboyxxX	fnpiqrd	u/Yuuka1997	fnowl9b	C
2020-04-17 14:08:51.369124	u/pazazel	fnpiqt7	u/Stryderix	fnphnci	C
2020-04-17 14:09:05.082169	u/Unnamed_Spectre	fnpiruj	u/battleant1	fnpi8ko	C
2020-04-17 14:09:30.430760	u/NoobleVitamins	fnpitqe	u/shadowarmy229	fnp2ree	C
2020-04-17 14:10:46.219591	u/Sheriff_of_Reddit	fnpixze	u/AlvinAndTheCumchunks	fnot9jl	C
2020-04-17 14:12:10.794419	u/YAYV1DEOGAME5	fnpj0m7	u/Joe_who_is_yuri	fnpevxr	C
2020-04-17 14:13:52.316644	u/movingpancakes	fnpj4vr	u/fracken_a	fnpfquh	C
2020-04-17 14:15:06.791476	u/PreemptivePlanet	fnpj7wx	u/kitkat-xoxo	fnphihi	C
2020-04-17 14:16:28.220724	u/TITANSPACE_5	fnpjby9	u/BluefinDinosaur	fnpirig	C
2020-04-17 14:17:01.618128	u/knee-_-Grow69	fnpkzqo	u/jim452019	fnp36ib	C
2020-04-17 14:17:05.307622	u/a2starhotel	fnpkzse	u/R8-Legend	fnpd1nb	C
2020-04-17 14:17:09.980993	u/skate_ny	fnpkzwb	u/Vetcoolerobin	fnpgkfl	C
2020-04-17 14:17:41.725244	u/ManilaMango27	fnpl1dr	u/MistaJayJay	fnp5h02	C
2020-04-17 14:17:54.747665	u/cazneslein	fnpl276	u/DynamiteTatertot	fkxzt8k	C
2020-04-17 14:17:56.477693	u/timesuck6775	fnpl279	u/A_being_on_earth	fnpkqzm	C
2020-04-17 14:18:22.541776	u/buenyamin1996	fnpl3fb	u/Mexpotato	fnpkjuc	C
2020-04-17 14:18:45.147689	u/ITrustN	fnpl4av	u/sexyass1010	fnol5i4	C
2020-04-17 14:19:33.160435	u/frecklejyss	fnpl6ln	u/el_chupanebriated	fn0tv5n	C
2020-04-17 14:19:36.835201	u/loki_odinsotherson	fnpl6zb	u/Wridley1488	fnp29cz	C
2020-04-17 14:20:23.196482	u/Meatieboi	fnplagi	u/Sikey26	fnorsiv	C
2020-04-17 14:20:51.197628	u/Out_of_reality_	fnplbeq	u/YourMomsHIV	fnpkkd1	C
2020-04-17 14:21:20.429987	u/KarmaFox99	fnplco8	u/Sayeet0620	fnpf9qc	C
2020-04-17 14:22:47.015376	u/AntiHasABigFatClock	fnplf2v	u/Korzag	fnp6jxw	C
2020-04-17 14:22:51.935944	u/ZCommander9088	fnplf36	u/shadowwolf212212	fnplarv	C
2020-04-17 14:23:50.433376	u/Jon-Stroude	fnplh7w	u/michalboss	fnpkpqf	C
2020-04-17 14:24:07.595002	u/ONLY-TYPE-IN-CAPS	fnplhv3	u/pealuck	fnopvxe	C
2020-04-17 14:24:30.251930	u/MrJC06	fnplirv	u/ryker1930	fnpka0j	C
2020-04-17 14:25:09.801669	u/borowa92	fnplksb	u/wolfgang784	fnpkhnx	C
2020-04-17 14:25:37.027980	u/SupermanAiden409	fnplmel	u/Hitender26	fnpliji	C
2020-04-17 14:26:58.356946	u/JDSmagic	fnplpwc	u/Orchas	fnpjl1v	C
2020-04-17 14:27:03.638378	u/BaaSheep123	fnplq7a	u/idanevgi1121	fnpjitn	C
2020-04-17 14:27:10.780204	u/DankLynx	fnplqia	u/AlvinAndTheCumchunks	fnot9jl	C
2020-04-17 14:27:15.282544	u/prashant_peekay	fnplqtk	u/reddit_hayden	fnph2ak	C
2020-04-17 14:27:30.377400	u/Punchit22	fnplrhq	u/be-gon-boomers	fnmnl8a	C
2020-04-17 14:29:26.795767	u/_Mcdrizzle_	fnplx2y	u/tetherm0n	fnplvja	C
2020-04-17 14:29:32.004611	u/FireCribo10	fnplxl3	u/SometimesUsesReddit	fnoo6t8	C
2020-04-17 14:29:39.752653	u/-name_pending-	fnply78	u/pxl_aurous	fnomv8n	C
2020-04-17 14:29:58.981961	u/Vishnu_VID	fnplzf5	u/Dumbfaqer	fnpes5k	C
2020-04-17 14:30:00.146277	u/PerfectNLM	fnplzm9	u/LamarjbYT	fnplkqu	C
2020-04-17 14:30:16.874941	u/morg-pyro	fnpm02l	u/alteredjay	fnpapmt	C
2020-04-17 14:30:19.234504	u/AjStEeNbErGeN	fnpm05e	u/Chocolate-Spaghetti7	fnpliw3	C
2020-04-17 14:30:33.551086	u/bramdebes	fnpm0ks	u/lettuce_umberella	fnpaun7	C
2020-04-17 14:30:50.193742	u/AjStEeNbErGeN	fnpm0yo	u/ZeCarbonMage	fnpl4n7	C
2020-04-17 14:31:03.584897	u/SharperRogue	fnpm1br	u/potatomaster57	fnp8cuw	C
2020-04-17 14:31:14.661541	u/Lamlink1	fnpm1vb	u/Asil001	fnp1gdj	C
2020-04-17 14:31:39.359331	u/Foosah69	fnpm2dj	u/urmombanger	fnol6ek	C
2020-04-17 14:32:24.084191	u/2Demonicpickle2	fnpm4qn	u/USSThunderMufin	fnpkxa7	C
2020-04-17 14:32:27.332226	u/A_F_2017	fnpm4qx	u/0xVENx0	fnowsn1	C
2020-04-17 14:32:37.353626	u/Erwin_Rommel14	fnpm510	u/ultraman7676	fnplwrn	C
2020-04-17 14:32:46.383844	u/thatsidewaysdud	fnpm5e9	u/isrardudeman	fnplzvw	C
2020-04-17 14:32:59.447692	u/DrBurrito98	fnpm5xn	u/KS3459	fnp9few	C
2020-04-17 14:33:23.348283	u/papyrus-spaghetti	fnpm6j7	u/SCP_002	fnojxl6	C
2020-04-17 14:36:05.211851	u/Antwan-	fnpmcw8	u/S4PG	fnoqby6	C
2020-04-17 14:36:14.266196	u/bassthetic	fnpmd7x	u/Gelbian	fnpabyz	C
2020-04-17 14:36:35.024406	u/gloppy-yogurt	fnpmdvu	u/its_bobatea	fnpa5qu	C
2020-04-17 14:36:55.187154	u/pemomc	fnpmeag	u/thatsidewaysdud	fnpm5e9	C
2020-04-17 14:36:59.750108	u/LaughinGoblin	fnpmebh	u/Sgt-Insane	fnot7ff	C
2020-04-17 14:37:18.861554	u/Lockesv	fnpmf4x	u/Auxst-_-	fnplpik	C
2020-04-17 14:37:55.097773	u/Monsterioy	fnpmgsu	u/BadassDeluxe	fnpfhjk	C
2020-04-17 14:38:30.276072	u/keigan_neugebaur	fnpmimf	u/The_phoenix_kun	fnpme04	C
2020-04-17 14:39:19.586325	u/yeeyeeyeet27	fnpml3n	u/it_could_be_me_1027	fnpm331	C
2020-04-17 14:39:38.445087	u/gjo603	fnpmma5	u/Dylanpokeblues	fnphtre	C
2020-04-17 14:39:42.499611	u/Dukester8904	fnpmmwc	u/5amukai	fnotkxd	C
2020-04-17 14:39:52.083415	u/awesomeAntray	fnpmnqa	u/GeekyFellow3520	fnpexdg	C
2020-04-17 14:39:59.221767	u/r_osokso	fnpmolw	u/Unc1e_Boris	fnpmnnp	C
2020-04-17 14:40:28.297869	u/Freezer47	fnpmpm5	u/Jbon16	fnpmb9s	C
2020-04-17 14:40:58.796487	u/Like-amy-69420	fnpmqbv	u/Dave30954	fnouupp	C
2020-04-17 14:41:33.156744	u/fredsay-r	fnpmrms	u/Skididilidoodle	fnpmhbu	C
2020-04-17 14:42:08.305910	u/GriffinTech1	fnpmsse	u/tylllerrr	fnpmrbx	C
2020-04-17 14:42:26.419571	u/epicgamerboi69	fnpmtb7	u/space10101	fnpkkex	C
2020-04-17 14:43:38.606419	u/jillwithesciencebi	fnpmvlw	u/ODSEESDO	fnpmrd4	C
2020-04-17 14:44:02.707090	u/captain_cutlas44	fnpmw1x	u/Pipsqueak12345	fnpbz5p	C
2020-04-17 14:44:31.472217	u/Huwalu_ka_Using	fnpmwo7	u/rahaton99	fnnx2rw	C
2020-04-17 14:44:40.610525	u/WormSquirm2	fnpmx1d	u/Kev-1-n	fnpky05	C
2020-04-17 14:44:42.703023	u/Tyrannical_B	fnpmx1y	u/Jb0992	fnp28o6	C
2020-04-17 14:44:52.065344	u/ItalicSinger415	fnpmx74	u/RepostSleuthBot	fnowkgw	C
2020-04-17 14:45:06.674554	u/imreallyapineapple	fnpmy5l	u/r_osokso	fnpmolw	C
2020-04-17 14:45:22.018843	u/Kashikarinka	fnpmz44	u/Lubaka_Ubi	fnov6if	C
2020-04-17 14:45:33.075898	u/RouxCool	fnpmzm5	u/DarthReece	fnpmwf2	C
2020-04-17 14:46:03.889582	u/imoknoimnot	fnpn0p6	u/RepostSleuthBot	fnpmfv5	C
2020-04-17 14:48:05.958492	u/angelo474747	fnpn5jz	u/CheesusKrispy	fnpmz6y	C
2020-04-17 14:48:24.622951	u/Narriz	fnpn6w2	u/SkyL0rdG	fnp9yr2	C
2020-04-17 14:48:26.521158	u/lardladd	fnpn6wu	u/ThickRick1234	fnpn5dr	C
2020-04-17 14:48:34.350705	u/angelo474747	fnpn701	u/izzy_floof	fnpmriq	C
2020-04-17 14:48:40.204837	u/quelfboy99	fnpornr	u/KMS_Prinz-Eugen	fnpoodc	C
2020-04-17 14:48:49.291264	u/jayblackstone	fnportj	u/Jordicious	fnpb77e	C
2020-04-17 14:48:54.776440	u/Vader7066	fnpos4h	u/69joseph-stalin420	fnpo6w7	C
2020-04-17 14:49:12.804086	u/Toohka	fnpotb0	u/A-Young-Padawan	fnp83va	C
2020-04-17 14:49:53.373034	u/bart7782	fnpovwr	u/That_dude_from_India	fno4k3y	C
2020-04-17 14:49:59.469459	u/Seongmin_	fnpox1g	u/nikelreganov	fnpovdd	C
2020-04-17 14:50:14.266039	u/daniel_hlfrd	fnpoxbw	u/BlueFire9210	fnojfqw	C
2020-04-17 14:50:16.668371	u/Lvl_28	fnpoxcm	u/dovedevic	fnpmjvq	C
2020-04-17 14:50:21.304990	u/Jowie_Xtreme	fnpoxfp	u/Jb0992	fnp28o6	C
2020-04-17 14:50:25.888340	u/Akakazeh	fnpoxnz	u/KennySysLoggins	fnn33cl	C
2020-04-17 14:50:34.943101	u/LOLJ34	fnpoxw3	u/RepostSleuthBot	fnpdmf7	C
2020-04-17 14:51:26.670874	u/saultops	fnpozrp	u/Epic_Shronk207	fnpnraq	C
2020-04-17 14:51:44.434627	u/Seongmin_	fnpp0ic	u/nikelreganov	fnpozfd	C
2020-04-17 14:52:22.453743	u/Bigcok6969	fnpp1lh	u/idlecharacter	fnpor7a	C
2020-04-17 14:52:43.156910	u/bobzasav	fnpp2ih	u/Somerandomdude201	fnpone4	C
2020-04-17 14:53:30.353750	u/samim_good	fnpp46y	u/Swap00	fnp4m70	C
2020-04-17 14:54:14.974561	u/colairfen	fnpp5ig	u/micaho7831	fnphyj8	C
2020-04-17 14:54:41.843572	u/Prisun_Saif	fnpp61o	u/YoHomie99	fnpp2lm	C
2020-04-17 14:54:46.307534	u/Candycanecupcakeice	fnpp657	u/TangyBoi3	fnpo8wm	C
2020-04-17 14:55:17.919586	u/samir_1925	fnpp72a	u/R06KS7AR	fnpj4i7	C
2020-04-17 14:55:40.819591	u/penislovereater	fnpp861	u/benvonpluton	fnoilte	C
2020-04-17 14:55:55.468401	u/MinusV1	fnpp8o9	u/eThunderSnow	fnpejv9	C
2020-04-17 14:56:13.719608	u/eredds22	fnpp8yl	u/Vader7066	fnpos4h	C
2020-04-17 14:57:31.674826	u/TinaFanArt	fnppbr1	u/Huntergirl727	fnpn1bu	C
2020-04-17 14:57:51.936558	u/Igier05	fnppd11	u/BigBosley	fnpojux	C
2020-04-17 14:58:31.298129	u/GallardoEHG	fnppf5u	u/B3a_ns	fl4bqg7	C
2020-04-17 14:58:53.174508	u/Lightning-Koala	fnppg28	u/Doggo_Tacos	fnp8dg4	C
2020-04-17 14:59:01.372217	u/bigpphaverr	fnppgp9	u/MattJ7Stewart	fnpp3l2	C
2020-04-17 14:59:18.960776	u/thebobkap	fnpphm9	u/skater6442	fnppc8x	C
2020-04-17 14:59:20.227991	u/NotTheNoah	fnpphnc	u/EstusEnthusiast	fnp9al6	C
2020-04-17 14:59:24.955891	u/i_might_be_dumb	fnpphxf	u/tylllerrr	fnpnjha	C
2020-04-17 14:59:36.867302	u/LittleMilton	fnppiq4	u/CH4MP10N777	fnpoys2	C
