2020-04-04 00:00:13.144407	u/mundane_comrade	fmdnn2r	u/DaddyCal0	fmcjwv0	C
2020-04-04 00:00:26.287741	u/rip-joergen-16	fmdnnd4	u/anon536640	fmd94to	C
2020-04-04 00:00:34.197347	u/thelordofwizdom	fmdnnle	u/Mundit00	fmdkkcw	C
2020-04-04 00:00:53.465405	u/matt31326	fmdnnxw	u/kaaxam0	fmcf997	C
2020-04-04 00:01:17.726667	u/Whitestar2261	fmdnoc7	u/SpyCrap	fmdnfsc	C
2020-04-04 00:01:22.077404	u/NeilSoraOuranos	fmdnohv	u/Mathijsthunder3	fmd7ymr	C
2020-04-04 00:03:24.536595	u/Gavnasty00	fmdnryr	u/Minigab748	fuasmg	S
2020-04-04 00:03:31.908375	u/taikutsuz_	fmdns2p	u/CRM2018	fmcnbyl	C
2020-04-04 00:03:57.202936	u/Ginger_Face_29	fmdnsh1	u/NDOfficial	fmdn7zc	C
2020-04-04 00:04:09.824068	u/rekilu	fmdnsro	u/Poopkillio	fmdk0cv	C
2020-04-04 00:05:04.807189	u/pototo72	fmdntyc	u/AlkaliAvocado	fmcqaos	C
2020-04-04 00:05:19.237025	u/Wriestduke1	fmdnu23	u/Poopkillio	fmccvtd	C
2020-04-04 00:05:40.936847	u/FallenWiFi	fmdnulz	u/MrMcDoperson	fmde4n0	C
2020-04-04 00:05:54.718518	u/UltimoRush	fmdnv0l	u/harka22	fmckcwf	C
2020-04-04 00:06:42.289630	u/Quakles3d1	fmdnvuq	u/AdditionalCalendar9	fmd92xl	C
2020-04-04 00:07:01.885676	u/Yan_yanicorn	fmdnwdz	u/Zxro697	fmdmjmq	C
2020-04-04 00:08:07.387362	u/Illusioner100	fmdnyaz	u/PantherSpace	fmd8kuf	C
2020-04-04 00:08:15.614219	u/fuwadd	fmdnykl	u/skroodleMEnoodle	fmddgu3	C
2020-04-04 00:10:24.381212	u/squidwardtrentacles	fmdo35k	u/Raptor2464	fmdo1v5	C
2020-04-04 00:10:36.465086	u/F1ameXgames	fmdo3cc	u/3_DX	fmdnajx	C
2020-04-04 00:11:45.220561	u/NicCab95622	fmdo4tx	u/VIDMAN_theman	fmd60yj	C
2020-04-04 00:12:17.830554	u/4hgoat	fmdo5ms	u/DaddyCal0	fmcjwv0	C
2020-04-04 00:12:22.168848	u/Claisode	fmdo5on	u/randomassname0120	fmdbaqf	C
2020-04-04 00:12:41.036682	u/louis-the-zoomer	fmdo61v	u/Sucidal_Fingers	fmdmoqa	C
2020-04-04 00:12:59.599387	u/crust1na	fmdo6ho	u/Poopkillio	fmcd6ub	C
2020-04-04 00:13:09.917818	u/fuckmyredditaccount	fmdo6s0	u/gat12393	fmdmqgs	C
2020-04-04 00:13:15.175708	u/avatsavirs	fmdo6u9	u/Sgt-Pumpernickel	fmdl086	C
2020-04-04 00:13:31.482841	u/guyw_oaface	fmdo73i	u/Jasper455	fmdnj15	C
2020-04-04 00:15:35.433724	u/bigitybigbong	fmdoaq3	u/Guyshu	fmdlk4x	C
2020-04-04 00:16:24.291724	u/alex-2004k-420-69	fmdobtj	u/Poopkillio	fmccvtd	C
2020-04-04 00:16:30.433209	u/PieYet91	fmdobze	u/xD_AuTSM	fulivt	S
2020-04-04 00:17:16.004300	u/DemonicDiablo01	fmdoczi	u/babycheesefingers	fuk3ct	S
2020-04-04 00:18:56.604263	u/rydiz86	fmdofqa	u/sanch3z90	fmdmsbu	C
2020-04-04 00:19:13.091143	u/Alpha_Oreo	fmdog8h	u/Shadow_VTJ	fmcyce3	C
2020-04-04 00:19:16.267501	u/dermotlopez	fmdogae	u/realsies11	fmd8552	C
2020-04-04 00:19:31.474191	u/Fierfex	fmdoh0x	u/DarkArrowNew52	fmdj369	C
2020-04-04 00:19:56.479359	u/jasonjayr	fmdoi7b	u/fake_ksi	fmd4ssr	C
2020-04-04 00:20:00.249022	u/iamppayton	fmdoiuz	u/JoJoJoel2007	fmc47up	C
2020-04-04 00:20:04.892913	u/epicawsomeguy208	fmdoj0g	u/jwl836	fmdh5bu	C
2020-04-04 00:21:46.610256	u/bearded-dergon	fmdol3n	u/s4m3350	fmcwoiy	C
2020-04-04 00:23:06.384847	u/IhasEyebrows	fmdonh4	u/FiggerWiddaN	fmdn7jw	C
2020-04-04 00:23:10.627585	u/faisal_ck9	fmdonk7	u/Bountyhunter172	fmd9zzn	C
2020-04-04 00:24:18.497980	u/_-dootdoot-_	fmdoor4	u/Respect_Paying_Bot	fmdhh1v	C
2020-04-04 00:24:36.063218	u/expwizard360	fmdop48	u/Wolfebane86	fmdonzo	C
2020-04-04 00:24:43.205192	u/normasheila	fmdop72	u/BigHadgi	fmdidjj	C
2020-04-04 00:24:54.837065	u/Dethstroke5205	fmdopy0	u/Gubq	fl5lg0s	C
2020-04-04 00:25:12.273246	u/Raijin_zoo666	fmdoql6	u/caliandben1	fmdopdr	C
2020-04-04 00:25:25.522262	u/bigchonk13	fmdoqwm	u/Mr_Moose804	fmdd334	C
2020-04-04 00:25:44.329761	u/007_eric	fmdor7s	u/Memunism4Life	fmc0uyt	C
2020-04-04 00:26:20.390209	u/GimmeDaBeans1	fmdos4z	u/05Lidhult	fm8hqe7	C
2020-04-04 00:26:36.733787	u/iAmGrootAlso	fmdosia	u/IAmDrChocolate	fmdmhct	C
2020-04-04 00:26:56.390537	u/cristianap36	fmdotkj	u/Billy_T_Wierd	fmcfed3	C
2020-04-04 00:27:00.215536	u/Parking-Barracuda	fmdoto4	u/thomasthomasthomas91	fmdg7gh	C
2020-04-04 00:27:11.473641	u/joonyi	fmdou6e	u/Minigab748	fuasmg	S
2020-04-04 00:27:17.987087	u/MissPicklechips	fmdoudh	u/WenseslaoMoguel-o	fmcspld	C
2020-04-04 00:28:04.723678	u/ElCaraDeVerga1014	fmdovmq	u/AK24ROCKS	fmdoqyv	C
2020-04-04 00:29:56.549052	u/Etcarter5	fmdp0i8	u/PrinceXLoFi	fmdoxc1	C
2020-04-04 00:29:58.969541	u/gruniite	fmdp0of	u/KodeyTheNeko	fmdk09f	C
2020-04-04 00:30:03.042683	u/an-unlucky-crow	fmdp17t	u/SoloHarry03	fmdoviz	C
2020-04-04 00:32:00.893722	u/Redditor_Moment	fmdp3uy	u/GiornoGiovanna4444	fmdnggz	C
2020-04-04 00:32:15.225573	u/BaronBlackFalcon	fmdp459	u/TheAverageGamer100	fma2t0u	C
2020-04-04 00:33:31.027906	u/Crimson03Ghost	fmdp6aw	u/_Shrimply-Pibbles_	fmdojqz	C
2020-04-04 00:33:45.927523	u/Treiran	fmdp6mm	u/MilU28	fmdo54r	C
2020-04-04 00:34:45.717659	u/A_name_thats_mine	fmdp94z	u/AAFC417	fmdot7b	C
2020-04-04 00:35:06.322309	u/mad-gamer-272	fmdp9ry	u/BankNoDank	fmdhho5	C
2020-04-04 00:35:43.942721	u/BS-31	fmdpauq	u/Mr_Moose804	fmdd334	C
2020-04-04 00:36:42.593727	u/Jeffinton	fmdpd7g	u/Reb-Crasher	fmdni5r	C
2020-04-04 00:36:52.422553	u/MahdiTB99	fmdpddp	u/DemonicDiablo01	fmdoczi	C
2020-04-04 00:36:56.152064	u/StudentLoanSimulator	fmdpdfg	u/hairdyeginger	fmcrzt8	C
2020-04-04 00:37:17.997387	u/Harjifs	fmdpehs	u/dragonlasher	fmdnb7f	C
2020-04-04 00:37:44.320001	u/RaigEishere	fmdpfb1	u/fizzy_the_dragon	fmdpbff	C
2020-04-04 00:37:58.564561	u/BladesSkate	fmdpfuq	u/LHredditer	fmd500i	C
2020-04-04 00:38:13.028608	u/meh_fuck_life1234	fmdpgbk	u/bishassslutasswhore	fulx4i	S
2020-04-04 00:38:18.437577	u/wettyvetter	fmdpgow	u/SpyCrap	fmdmvp1	C
2020-04-04 00:39:03.632844	u/n8sfavor8s	fmdpiu0	u/_ImNothing24_	fmdim2l	C
2020-04-04 00:39:17.769817	u/oo00OlXlO00oo	fmdpk3w	u/picklesbringsyoutea	fmdnq3r	C
2020-04-04 00:39:22.810475	u/currygoat30gs	fmdpkjc	u/Xmaruo97	fmdm0vf	C
2020-04-04 00:39:59.195783	u/Eristhrewanapple	fmdpmkb	u/A1Dzz-	fmdjtox	C
2020-04-04 00:41:35.403582	u/meganutt48	fmdppdz	u/_-_Spectre_-_	fmdpnwt	C
2020-04-04 00:41:58.937325	u/Champion_Among_U	fmdppud	u/tsunami_597	fmd5lfn	C
2020-04-04 00:43:52.065997	u/doggogodgurl	fmdpsqn	u/yespleasemrsqueze	fmd9knn	C
2020-04-04 00:44:08.264112	u/Bruh-9000	fmdpti3	u/-nintendawg64	fmdckbg	C
2020-04-04 00:45:41.516443	u/PluggedTheBluePill	fmdpwc3	u/Dellular	fmcybd8	C
2020-04-04 00:46:20.674884	u/AFKarenaRayDonovan	fmdpxg3	u/MediocreTyler	fmcij9k	C
2020-04-04 00:46:30.383400	u/fjv08kl	fmdpxn4	u/luckyman911	fmdpfeo	C
2020-04-04 00:46:55.989863	u/uniquenewfork	fmdpyj8	u/dinosaurus_rex99	funa02	S
2020-04-04 00:48:48.957297	u/Dottier_Owl	fmdq1x5	u/Mr_Moose804	fmdd334	C
2020-04-04 00:48:59.032634	u/ApocolypseQueen	fmdq26p	u/Poopkillio	fmdk0cv	C
2020-04-04 00:49:42.917658	u/pinkfluff67	fmdq48j	u/ctnfpiognm	fmdpvd1	C
2020-04-04 00:49:55.548209	u/JakeTECEMERALD	fmdq54m	u/AncapElijah	fmdmai5	C
2020-04-04 00:49:57.552014	u/gr8prajwalb	fmdq5aa	u/picklesbringsyoutea	fmdnq3r	C
2020-04-04 00:52:34.346829	u/SupaChokoNekos	fmdq8w6	u/Will_Kirkwood98653	fmcpr93	C
2020-04-04 00:53:12.213280	u/WunderNinja	fmdq9t7	u/Toby0876	fmdq78x	C
2020-04-04 00:53:29.512168	u/jamtart99	fmdqa2i	u/StarkReactor4	fmdpvv9	C
2020-04-04 00:54:13.666101	u/hairnetcouture	fmdqayt	u/HandsomeJack0-0	fmcwfwr	C
2020-04-04 00:54:35.549622	u/H208OM8	fmdqbhl	u/jollygreenscott91	fmdq91m	C
2020-04-04 00:55:25.911287	u/justadude1414	fmdqcub	u/Kind-Pop	fl3zlqu	C
2020-04-04 00:55:58.367914	u/bjs1023113	fmdqdoh	u/chez_pez_dispenser	fmd7kg1	C
2020-04-04 00:57:16.546761	u/Hermit-With-WiFi	fmdqeog	u/nobody384	fmd9iio	C
2020-04-04 00:58:25.688973	u/Wumbo315Yeet	fmdqfpx	u/Chief106	fmdq8kp	C
2020-04-04 00:59:59.471727	u/saulios420	fmdqig8	u/Adelh1025	fmdq8mb	C
