2020-04-13 23:00:10.295333	u/ParadoxFitz	fncbjxd	u/Borderlands3isbest	fncawk7	C
2020-04-13 23:00:12.761617	u/MisfortuneGaming	fncbk0f	u/AbstractMirror	fncbi02	C
2020-04-13 23:00:54.936642	u/boss_allyearlong	fncbkm0	u/cheesysaladorhamburg	fnc9zfl	C
2020-04-13 23:01:09.898108	u/SaltyDrPhil7	fncbkx3	u/xX_ThiccKrabz69_Xx	fnc3013	C
2020-04-13 23:01:55.988388	u/Archival_Spade19	fncblrw	u/ComplexPiece	fnajnxa	C
2020-04-13 23:02:45.500279	u/Ri0sRi0t	fncbmzu	u/Neji_boi	fncbl6h	C
2020-04-13 23:03:18.336299	u/BentoFpv	fncbnze	u/DaBoyz190	fnc983o	C
2020-04-13 23:03:46.635761	u/DosterIII	fncbojj	u/Dodood4	fnc2lyr	C
2020-04-13 23:03:58.328498	u/TheDarkSwordsman	fncbosb	u/belgianPotatian	fnbz9rq	C
2020-04-13 23:04:20.651395	u/carter_03	fncbpgc	u/Bruh_Bot_	fnc983c	C
2020-04-13 23:04:38.041824	u/Dash_O_Cunt	fncbpqu	u/Christopher1228	fnbr87a	C
2020-04-13 23:04:52.722582	u/ctusk423	fncbqdf	u/PulpyEnlightenment	fnc667r	C
2020-04-13 23:04:57.196712	u/give_me_ur_beans	fncbqgb	u/Natzival	fnbr4h5	C
2020-04-13 23:05:35.450207	u/Mr-Dogo	fncbrcz	u/ifureadthisugae	fnbnoxq	C
2020-04-13 23:05:37.347788	u/XxViNcexX2447	fncbrgz	u/AquaWuu	fncbpyn	C
2020-04-13 23:06:09.110705	u/segwaytoit	fncbsau	u/sub2deadmeat	fncbb80	C
2020-04-13 23:06:16.663532	u/jridezuki250	fncbspu	u/benedict1a	fnbc0bt	C
2020-04-13 23:06:31.435772	u/CobaltSquadron144	fncbt48	u/AidanOrsargos	fnc931y	C
2020-04-13 23:06:36.302985	u/JWOLFBEARD	fncbtjg	u/hdjfug	fl8f9ef	C
2020-04-13 23:07:10.400580	u/Jonaxg7	fncbuq8	u/Bruh_Bot_	fncbj5e	C
2020-04-13 23:07:48.182312	u/c10ak_Omega	fncbvql	u/Respect_Paying_Bot	fnc76qw	C
2020-04-13 23:08:06.879501	u/theCompost_	fncbwfy	u/I_love_potatoes_1234	fnc9ekr	C
2020-04-13 23:08:27.282705	u/random_guy_rg1285	fncbwu8	u/MilkIsBad	fnc0wf4	C
2020-04-13 23:09:20.470398	u/adsum252	fncbyqt	u/jokel7557	fnc3obe	C
2020-04-13 23:09:29.549870	u/Dopenastywhale	fncbz9i	u/_Xand0n_	fncbju1	C
2020-04-13 23:09:39.983697	u/Somone129880	fncbzdi	u/Elolet	fnc07qt	C
2020-04-13 23:09:52.678744	u/freekorgeek	fncc0gx	u/belgianPotatian	fnbz9rq	C
2020-04-13 23:09:59.098174	u/enaavocado1	fncc14f	u/VanHartnell	fnaz0kh	C
2020-04-13 23:11:59.018114	u/TTV_huddolol	fncc34l	u/AJ-Naka-Zayn-Owens	fnaxmul	C
2020-04-13 23:12:50.706199	u/GlobelhHex	fncc4vg	u/RepostSleuthBot	fncaj4s	C
2020-04-13 23:12:58.914810	u/seedlesstom	fncc52u	u/jokel7557	fnc3obe	C
2020-04-13 23:13:47.950044	u/I-Dark	fncc5tj	u/Jonaxg7	fncbsz7	C
2020-04-13 23:15:08.553307	u/Isosceles_Ray	fncc85h	u/BlooFlea	fncc6th	C
2020-04-13 23:15:17.430694	u/TofuDelivery69	fncc8e4	u/MIN3WARSC	fnca3o7	C
2020-04-13 23:16:25.483949	u/ProudKekistani21	fncca3b	u/I_Am_Hacob	fncavim	C
2020-04-13 23:16:41.535715	u/add3m	fnccamt	u/LiquifiedSpam	fnc93v1	C
2020-04-13 23:17:35.293887	u/Isekai-1	fncccrn	u/LincolnBoi64	fncbvnh	C
2020-04-13 23:18:14.796454	u/Cylex23	fnccdse	u/perfect_cheese	fnc6o3j	C
2020-04-13 23:18:45.034666	u/phoenix33313	fnccehe	u/I_Am_Hacob	fncavim	C
2020-04-13 23:19:07.779151	u/IEATMEMESYEET	fnccfwv	u/NepTooter	fncblnz	C
2020-04-13 23:19:21.760339	u/PoissonsRevenge	fnccgcl	u/Top_Hat_Matt	fncbzsn	C
2020-04-13 23:20:25.593848	u/Careless_Razzmatazz	fncciga	u/PulpyEnlightenment	fnc6gcf	C
2020-04-13 23:20:35.577327	u/joeboxer345	fnccikh	u/belgianPotatian	fnbz9rq	C
2020-04-13 23:20:47.810846	u/ur_avrge_redditor	fnccird	u/Bruh_Bot_	fncchcv	C
2020-04-13 23:20:51.141917	u/mihir69	fncciyg	u/Distonoplant1	fnbzi9o	C
2020-04-13 23:21:07.797257	u/suzimimi	fnccj41	u/QuillPen14	fnbxk5e	C
2020-04-13 23:21:30.291636	u/ZenitGG	fnccjqh	u/slashth456	fnc3na5	C
2020-04-13 23:23:08.895080	u/The_Vaping_Artist	fncclx1	u/Bearofkratos	fncbvnl	C
2020-04-13 23:23:15.098731	u/MrStoneV	fnccm2c	u/PulpyEnlightenment	fnc6gcf	C
2020-04-13 23:23:29.185398	u/Lord_Dunkel	fnccmfn	u/YahDoodDingo	fncckms	C
2020-04-13 23:23:46.374801	u/Edax25	fnccn2k	u/yoom_goom	fnam74v	C
2020-04-13 23:23:58.357568	u/NonsequiturSushi	fnccnan	u/Natzival	fnbr4h5	C
2020-04-13 23:24:11.644575	u/DabChefDad	fnccnyo	u/Deku_Izuku_Midoryia	fncbkek	C
2020-04-13 23:24:19.701154	u/Hypersloth_	fncco2c	u/redderpears	fnc4awa	C
2020-04-13 23:24:45.566494	u/MaleficentPainter7	fnccou9	u/Get-Vectored	fnc6nik	C
2020-04-13 23:25:45.097960	u/fantais22	fnccqpp	u/Merck76	fnboj69	C
2020-04-13 23:26:08.565172	u/Keduroda	fncea7b	u/zinc876	fnb922n	C
2020-04-13 23:26:24.231314	u/pearloz	fnceajf	u/Careless_Razzmatazz	fncciga	C
2020-04-13 23:26:41.905762	u/IctidomysXIII	fnceb0c	u/Chuck_the_Chipmunk	fnc12rt	C
2020-04-13 23:27:01.782317	u/SO_not_a_raper	fncebg7	u/BigOneSecond	fnavjky	C
2020-04-13 23:27:38.711478	u/emoneybags412	fncecsl	u/Owmss	fnbjvje	C
2020-04-13 23:28:05.806987	u/BleakView	fncee98	u/jokel7557	fnc3obe	C
2020-04-13 23:29:15.261273	u/waterpologuy	fncejjw	u/bismarck911	fl2oh5v	C
2020-04-13 23:29:19.440319	u/Kornalisation	fncejwu	u/andyv001	fnby3rm	C
2020-04-13 23:30:28.693331	u/breeben	fncemmq	u/Toking_Ginger	fnb4uws	C
2020-04-13 23:30:41.283616	u/HeroSlayerz	fncemu1	u/Gstar9o7	fnaj5x3	C
2020-04-13 23:32:14.120521	u/kerph32	fnceolg	u/TheEnderChipmunk	fnc3phc	C
2020-04-13 23:33:42.889273	u/Pretrupt	fnceqgl	u/Misharena	fnbsp8l	C
2020-04-13 23:34:00.914815	u/nmsjtb0308	fncequ6	u/sostrap	fnbz4v8	C
2020-04-13 23:34:28.154022	u/ScrantonChoker	fncer18	u/Christopher1228	g0u7rm	S
2020-04-13 23:34:32.356550	u/ArtificialOof	fncer2i	u/hshdjfjdj	fncdzye	C
2020-04-13 23:34:59.303212	u/lonelyperson609	fncerxc	u/ianf1805	fncab7m	C
2020-04-13 23:35:12.152567	u/dawidoze	fncesqg	u/Bruh_Bot_	fncd9rv	C
2020-04-13 23:35:29.602397	u/bnjokel	fncesz3	u/Cityboy216	fncel00	C
2020-04-13 23:36:22.799428	u/OllieCrimson	fncev7y	u/ovensby	fncercc	C
2020-04-13 23:36:43.558328	u/WatchDude22	fncevrs	u/jokel7557	fnc3obe	C
2020-04-13 23:37:07.463008	u/wolf5447	fncewrh	u/Misharena	fnbsp8l	C
2020-04-13 23:37:18.665963	u/OpTiMiStC	fncewvz	u/LolerPlaysThings	fnbavqg	C
2020-04-13 23:37:20.712453	u/caninolokez	fncewx1	u/Spec1reFury	fnbmteo	C
2020-04-13 23:37:48.650140	u/qwesrst	fncexel	u/Bruh_Bot_	fnc09cr	C
2020-04-13 23:38:00.327229	u/pewdsfanboy666	fncexum	u/anotsocreativename	fnb52wg	C
2020-04-13 23:38:19.450154	u/DopeyOMG	fnceyqg	u/jokel7557	fncekxt	C
2020-04-13 23:38:42.702121	u/MLAB77	fnceziq	u/BlackwaterPark01	fncaww1	C
2020-04-13 23:39:04.850423	u/Jweb12	fncf09j	u/thebreaditer	fnbt4d6	C
2020-04-13 23:39:07.420005	u/Loudstorm	fncf0e5	u/FlamingPeach787	fnbwm2a	C
2020-04-13 23:40:12.721419	u/Jarymane	fncf2p9	u/Natzival	fnbr4h5	C
2020-04-13 23:40:44.820878	u/thederpypineapple	fncf3nj	u/TheRealTurtle1	fnc43s6	C
2020-04-13 23:40:50.809347	u/JohnCavalry	fncf3sn	u/maxwfk	fnbsukp	C
2020-04-13 23:43:28.182787	u/linoley	fncf8za	u/gustavomendes10	fnc3gw2	C
2020-04-13 23:43:48.961691	u/degenerated_Fox	fncf9n9	u/SQUID_Ben	fna5dnu	C
2020-04-13 23:43:58.846152	u/pand-ammonium	fncf9qu	u/Masturbuilder	fnbxupw	C
2020-04-13 23:45:18.813933	u/AncestralTuna	fncfbp9	u/Dodood4	fnc2lyr	C
2020-04-13 23:45:22.595076	u/GSSiddhartha	fncfbql	u/Dodood4	fnc2lyr	C
2020-04-13 23:45:25.988238	u/cooltrainer_owen	fncfbri	u/Icky9YT	fncevhm	C
2020-04-13 23:45:41.113670	u/garbonzobean22	fncfc9i	u/Cylex23	fnccmf4	C
2020-04-13 23:46:09.762706	u/bullfr4g321	fncfcvr	u/JealousDog99	fncfbvc	C
2020-04-13 23:46:54.095143	u/eleni-freeman	fncfdwg	u/Fresh-broski	fncds36	C
2020-04-13 23:46:56.821909	u/Gnomikos	fncfe3h	u/obstacle66	fncb4h7	C
2020-04-13 23:46:58.316883	u/Fallenlegend2905	fncfe5v	u/mrgopher17	fncan7q	C
2020-04-13 23:47:11.359238	u/I_consume_bread	fncfewa	u/GrisSchlager	fncfatb	C
2020-04-13 23:47:50.512144	u/guano_guapo	fncffv1	u/Shughost7	fncdzbm	C
2020-04-13 23:48:15.427818	u/TheScaryEnding	fncfh4p	u/Masturbuilder	fnbxupw	C
2020-04-13 23:48:30.429864	u/Red_PapaEmertius2	fncfi0f	u/_Xand0n_	fncfa44	C
2020-04-13 23:48:56.174230	u/iamawesome777	fncfja0	u/Luna-Loveheart	fnc4rab	C
2020-04-13 23:48:57.149797	u/Wheeljack772	fncfjar	u/maybe_it	fncfh7i	C
2020-04-13 23:49:02.969865	u/ABrawlStarsPlayer	fncfjp8	u/GrisSchlager	fncffua	C
2020-04-13 23:49:21.514716	u/Jan_S0bieski	fncfl22	u/StAquinas1225	fncadvb	C
2020-04-13 23:49:39.269260	u/No-BrowEntertainment	fncflhg	u/RealTigres	g0tlx0	S
2020-04-13 23:50:01.157574	u/Saxman1720	fncfmta	u/Dodood4	fnc2lyr	C
2020-04-13 23:50:20.552846	u/sleazydaze	fncfn6t	u/proud-carpet	fncf2w6	C
2020-04-13 23:50:41.652589	u/UnluckiestQrow	fncfnl1	u/Sofia_864	fncdh87	C
2020-04-13 23:51:51.168533	u/The_Josaligator	fncfowp	u/GrisSchlager	fnc3nze	C
2020-04-13 23:52:14.479186	u/nyudhfcue	fncfppq	u/bulldog50011	fncex93	C
2020-04-13 23:52:24.929358	u/DIO-OH	fncfpz6	u/Nearsighted_Madman	fnccvfj	C
2020-04-13 23:52:55.470919	u/Doc-Zoidburg	fncfqu7	u/UselessLightyear	fncch0o	C
2020-04-13 23:53:20.924935	u/AccountForTheDark	fncfrwf	u/belgianPotatian	fnbz9rq	C
2020-04-13 23:53:24.192141	u/XOROPERATOR	fncfs4l	u/macobus	fncf1eq	C
2020-04-13 23:53:41.874797	u/ToughTimeComingUp	fncfswf	u/Christopher1228	g0u7rm	S
2020-04-13 23:54:42.173908	u/Dan1206	fncfveh	u/LiL_BiG_BoI18	fncew80	C
2020-04-13 23:54:45.828627	u/xdT0fu	fncfvko	u/N0TH4CK3R303	fnccvr2	C
2020-04-13 23:54:59.982988	u/ChrisShearwin	fncfw59	u/RunningAcrossTime	fnceqp0	C
2020-04-13 23:55:02.689544	u/jameenski	fncfw6e	u/_jaypatel	fncem04	C
2020-04-13 23:55:15.772458	u/D0ubl3_07	fncfwib	u/T3Chnological14	fncfvh7	C
2020-04-13 23:55:20.286833	u/currentscurrents	fncfwog	u/m4a1pewpew	fnc5kw0	C
2020-04-13 23:55:40.707168	u/JesusUnicorn1	fncfxgw	u/NvrOnTime	fnbzm2h	C
2020-04-13 23:56:18.165777	u/HiddenTrampoline	fncfyq2	u/Careless_Razzmatazz	fncciga	C
2020-04-13 23:57:46.559341	u/SCweska	fncg2rg	u/mcr_is_not_dead	fnc2usr	C
2020-04-13 23:58:57.871557	u/Graxevox	fncg59b	u/Frost__Tiger	fnc6wkk	C
2020-04-13 23:59:19.748822	u/Thatoneguyudk	fncg67r	u/HisOnlyFriend	fmo93xu	C
2020-04-13 23:59:41.637690	u/darth_shivank	fncg6xk	u/ThatRandomCODPlayer	fnc7u61	C
2020-04-13 23:59:42.619095	u/Dumbass438	fncg7ff	u/HDavis99	fncfzdn	C
2020-04-13 23:59:43.958377	u/MrEdward2000	fncg7vx	u/Avasnay	fnbmox1	C
2020-04-13 23:59:44.829863	u/Graxevox	fncg81b	u/Cakemakesyoufat	fnbxxkp	C
2020-04-13 23:59:45.400858	u/DadaKnowsNothing	fncg821	u/dawidoze	fncewtb	C
