2020-04-03 08:01:13.144111	u/Sverris	fmb13ne	u/accuracy_frosty	fma4xmb	C
2020-04-03 08:01:15.388853	u/Artichoke-Arti	fmb13o1	u/Respect_Paying_Bot	fmb0sev	C
2020-04-03 08:01:18.796792	u/flowerynight	fmb13p5	u/ThatOneGuyYearn	fmakxf7	C
2020-04-03 08:01:28.049891	u/cracker-jack4953	fmb147k	u/AxiomVI	fmb12k1	C
2020-04-03 08:01:37.127925	u/Naskathedragon	fmb14ci	u/PacifistaPX-0	floqoia	C
2020-04-03 08:01:48.582150	u/BluelightTheCursed	fmb14pf	u/Xukay333	fmb13mz	C
2020-04-03 08:02:11.056850	u/sbrodolino_21	fmb15tm	u/ItalianComrade19	fmb1355	C
2020-04-03 08:02:26.101881	u/sigger_	fmb169l	u/nimnoy	fmaod2s	C
2020-04-03 08:02:46.686342	u/charlieavfc	fmb17b3	u/FeFiFoPinky	fmaodxo	C
2020-04-03 08:02:48.884035	u/__jacobbbb__	fmb17bi	u/red-froggy	fmb159r	C
2020-04-03 08:03:05.813546	u/Mammoth_Pomelo	fmb17zf	u/Moyeezes	fm9sqf2	C
2020-04-03 08:03:13.724339	u/Kacmar554	fmb187r	u/TheMysticFez	fmamg5n	C
2020-04-03 08:03:15.891483	u/Myfreindisaloli	fmb188i	u/Spicymemez17	fmb01bn	C
2020-04-03 08:03:32.606619	u/ItsUrBoiJoe	fmb18xk	u/Braindoesntgetdwntim	fmb0kmv	C
2020-04-03 08:03:46.116080	u/km8907	fmb19hn	u/Vaeon	fmazjyn	C
2020-04-03 08:03:55.602447	u/joeypappaluchi	fmb19qx	u/StopHavingBeClosed	fmarjei	C
2020-04-03 08:04:07.226586	u/ImDoo_liss	fmb1ag0	u/intothevoid127	fmagd8y	C
2020-04-03 08:04:29.833662	u/FlexualHealing	fmb1b91	u/Axel3600	fmb0a80	C
2020-04-03 08:05:30.324077	u/WorkedPython574	fmb1dyy	u/ChlorineBoi	fmb19tx	C
2020-04-03 08:05:35.236980	u/rival_hugh_369	fmb1e3j	u/kilroY_0	fmazrth	C
2020-04-03 08:06:05.162160	u/SupposablyAtTheZoo	fmb1f3x	u/DesolaterKater	fmadbqg	C
2020-04-03 08:06:57.094730	u/hoggeboii	fmb1h5t	u/RepostSleuthBot	fmayxep	C
2020-04-03 08:07:24.544536	u/ahjwa	fmb1ijw	u/ScottiyBoi	fmagwxv	C
2020-04-03 08:07:28.996518	u/ThiccBot69	fmb1ilw	u/Sun_Beams	fmart6h	C
2020-04-03 08:07:32.440963	u/Paanavat	fmb1ivr	u/tuuc_bataton	fma8lc7	C
2020-04-03 08:07:43.784565	u/the-memekid	fmb1jn6	u/SentientToaster0808	fu787l	S
2020-04-03 08:08:09.794776	u/Katacroquen	fmb1kn4	u/butterdudies	fmaxzjp	C
2020-04-03 08:08:14.281472	u/miket001	fmb1kyz	u/tinky_winky69	fmb0h3g	C
2020-04-03 08:08:20.322773	u/Dr__Drew	fmb1l2l	u/intothevoid127	fmagd8y	C
2020-04-03 08:09:01.436496	u/Burning_Anvil	fmb1mo7	u/Grazthespaz	fmb1k8b	C
2020-04-03 08:09:58.094349	u/gurklethegreat	fmb1oxg	u/erka1004	fm85obo	C
2020-04-03 08:10:08.913166	u/killjoy_x	fmb1pip	u/It_Was_Joao	fmb0bro	C
2020-04-03 08:10:37.217129	u/wowwow2004x	fmb1qcc	u/rival_hugh_369	fmb1e3j	C
2020-04-03 08:10:44.492693	u/peachiekeen_	fmb1qqe	u/ArizeVoltage	fmaxelp	C
2020-04-03 08:11:46.217204	u/Rock_Respawn	fmb1rxd	u/GoldGoblin_187	fmb1qtx	C
2020-04-03 08:12:00.076876	u/Yodaa427	fmb1t86	u/Myfreindisaloli	fmb188i	C
2020-04-03 08:13:24.281265	u/matmelmb	fmb1x6c	u/butterchickennaan	fmakcig	C
2020-04-03 08:15:02.473947	u/BrokenEye3	fmb20oj	u/mrflamego	fmavat7	C
2020-04-03 08:15:42.556026	u/TALowKY	fmb22qm	u/Spicymemez17	fmazrxo	C
2020-04-03 08:16:13.165342	u/Cheewy	fmb244t	u/FeFiFoPinky	fmaotcc	C
2020-04-03 08:16:19.829408	u/sub2pewd1epie	fmb24a7	u/Poofbomb123	fmas95v	C
2020-04-03 08:16:46.836419	u/BL013	fmb25u8	u/nimnoy	fmaod2s	C
2020-04-03 08:17:00.981397	u/St_Veloth	fmb25cg	u/XTheSniperGodX	fmaoja2	C
2020-04-03 08:17:34.170200	u/coonlover419	fmb27pd	u/TellThemISaidHi	fmax1cs	C
2020-04-03 08:17:48.562550	u/A____K	fmb268w	u/BrokenEye3	fmadfgf	C
2020-04-03 08:18:59.082047	u/TeamSlime2	fmb2bkt	u/Pharao-C137	fmaimji	C
2020-04-03 08:19:12.012305	u/AgrenHirogaard	fmb2c2x	u/JuJu_Conman	fman75j	C
2020-04-03 08:19:19.709694	u/Wuellig	fmb2c3r	u/modern_problems	fu3pdv	S
2020-04-03 08:19:48.999942	u/Econort816	fmb2db3	u/Salty_Savages	fmazs7t	C
2020-04-03 08:20:59.281376	u/DVSAS	fmb2gfi	u/Emeraldtip	fmaie0v	C
2020-04-03 08:21:14.421188	u/jojo_joestar_69	fmb2gs4	u/Resone1	fmajmgj	C
2020-04-03 08:21:39.245631	u/swagswag6996	fmb2hqx	u/zitchat	fmayt8x	C
2020-04-03 08:22:32.838975	u/youreavaragedutchmen	fmb2kap	u/techie410	fmaupof	C
2020-04-03 08:22:37.222804	u/TheEpicMemer42069	fmb2kn0	u/RepostSleuthBot	fmax70r	C
2020-04-03 08:22:47.318047	u/mrheosuper	fmb2l2y	u/rishi_aka_clown	fmb1tmf	C
2020-04-03 08:23:23.018787	u/StiffRiff7	fmb2mdn	u/rival_hugh_369	fmb1e3j	C
2020-04-03 08:23:30.194104	u/da-boi8	fmb2mjd	u/the_real_herobrine	fmauyzv	C
2020-04-03 08:23:44.064731	u/Phillyfuk	fmb2nc2	u/iddontevenkno	fmajtr3	C
2020-04-03 08:25:13.154872	u/_CoreyFromPawnStars_	fmb2rdv	u/brainybluegamer	fmb2orf	C
2020-04-03 08:25:18.061263	u/John_Deagle	fmb2rne	u/spacezombiejesus	fmapxk5	C
2020-04-03 08:25:36.165466	u/bounty15	fmb2s6o	u/thesmarmellus	fmb2o68	C
2020-04-03 08:26:00.122494	u/Artist_Seal	fmb2tfa	u/the_better_boobytrap	fmb1wrx	C
2020-04-03 08:26:03.980530	u/getlostintranslation	fmb2tlp	u/RepostSleuthBot	fmb2ll6	C
2020-04-03 08:26:32.169108	u/TheAvalonn	fmb2tx1	u/Softable_Lover	fmb2qij	C
2020-04-03 08:27:21.880884	u/Uno_ffical	fmb2wtl	u/LeadingChair	fmawzpp	C
2020-04-03 08:27:23.476238	u/acidbluegrass	fmb2x13	u/FeFiFoPinky	fmaotcc	C
2020-04-03 08:27:31.327782	u/sam-of-sams	fmb2w3r	u/Benedict-Cursed	fmb1dee	C
2020-04-03 08:27:41.426876	u/trrrrekkerrr	fmb2xhv	u/BluelightTheCursed	fmb1f20	C
2020-04-03 08:29:44.143428	u/mypalbuddy	fmb338i	u/Flixx2004	fmav0km	C
2020-04-03 08:30:21.694417	u/The_Ion_Raptor	fmb34go	u/LeMigi	fmb2ec9	C
2020-04-03 08:30:35.687662	u/Nono_Le_Poulet	fmb34u4	u/Ryan8088	fmb2a37	C
2020-04-03 08:30:41.618401	u/lil_bubbha	fmb3523	u/camelcabel	fmb2s51	C
2020-04-03 08:30:43.988122	u/Ahpchildish	fmb352j	u/beeeeeg_yoshi	fmallwl	C
2020-04-03 08:31:04.290893	u/BlackMetalBanjo	fmb3628	u/FeFiFoPinky	fmaotcc	C
2020-04-03 08:31:09.380736	u/penguinlol1	fmb3699	u/Cpt_Willis	fmayqzd	C
2020-04-03 08:31:11.693673	u/Jeguswegus	fmb36ac	u/FaerilyRowanwind	fmavwty	C
2020-04-03 08:31:17.573312	u/Samtheundying	fmb36k4	u/Nath313	fmar39w	C
2020-04-03 08:31:27.225879	u/aaronm109246	fmb3721	u/NGX7	fmakpk5	C
2020-04-03 08:31:47.068259	u/tatorpig	fmb37rp	u/sh_t72	fmb0lnj	C
2020-04-03 08:32:01.253973	u/spikychick	fmb381m	u/Cognitive_Spoon	fm8z8kn	C
2020-04-03 08:33:45.132958	u/LostInTheVortexz	fmb3asx	u/SomeFreshMeme	fmb00m8	C
2020-04-03 08:34:32.940288	u/aleeea	fmb3cq4	u/Frodo_69	fm9p95d	C
2020-04-03 08:34:37.063137	u/Stev0fromDev0	fmb3cvr	u/ryugarulz	fmb0i5e	C
2020-04-03 08:34:40.144560	u/lazy_nugget_	fmb3czg	u/tileyourbathroom	fmb351s	C
2020-04-03 08:35:07.935008	u/Suicidal_Cheezit	fmb3eqd	u/Romboteryx	fmaq4s2	C
2020-04-03 08:35:43.525223	u/gunter_55	fmb3ggn	u/Drakonish	fmagsd9	C
2020-04-03 08:36:03.824685	u/TheNewYellowZealot	fmb3gud	u/FrozenCalzone	fmacwlg	C
2020-04-03 08:36:15.883143	u/ryumeyer	fmb3h5y	u/RepostSleuthBot	fmb0fc8	C
2020-04-03 08:37:17.981758	u/SumDood64209	fmb3jtc	u/pichupichuz	fmawpc5	C
2020-04-03 08:37:44.449356	u/69TheRealDirtyDan69	fmb3kzs	u/RepostSleuthBot	fmb3jd9	C
2020-04-03 08:38:40.218361	u/Impro5	fmb3oq3	u/TastyCookiez_	fmb386u	C
2020-04-03 08:38:43.616819	u/gocommitaryan	fmb3oyw	u/penis4jesus	fmayg60	C
2020-04-03 08:38:51.561218	u/OkayAtFantasy	fmb3p91	u/SmilingYe	fmawrhy	C
2020-04-03 08:39:17.316112	u/log4nw4lk3r	fmb3r1j	u/ThatsCoolNope	fmaetzt	C
2020-04-03 08:39:42.311814	u/Edgy_Communist_	fmb3tz8	u/luca01d	fmai97o	C
2020-04-03 08:39:43.631318	u/suzysheep420	fmb3u1c	u/Sollous-IV	fmar3kx	C
2020-04-03 08:39:44.375992	u/Dragonman1245	fmb3u57	u/K1an0	fmb3b6v	C
2020-04-03 08:40:39.691324	u/imnewpleasehelpme	fmb3wlk	u/Mastermind291	fmaw9aw	C
2020-04-03 08:41:26.734497	u/UrLostDad	fmb3ylb	u/swagswag6996	fmb2hqx	C
2020-04-03 08:42:02.239982	u/butchYbutch_	fmb406x	u/RepostSleuthBot	fmayxep	C
2020-04-03 08:43:29.732532	u/NerdninjawithanN	fmb43m5	u/69TheRealDirtyDan69	fmb3kzs	C
2020-04-03 08:43:38.731469	u/SlovakiaM	fmb43z6	u/Dawn-of-the-Mist	fmamy54	C
2020-04-03 08:44:00.347448	u/Thooor1	fmb459b	u/Channelistic	fmb3hqk	C
2020-04-03 08:45:01.773050	u/Epic_Doge_Boi	fmb4720	u/Kami103	fmb45d2	C
2020-04-03 08:45:08.044653	u/homoerotic-retard	fmb47aa	u/insertstupidyuser69	fmb3xsy	C
2020-04-03 08:45:18.999119	u/4tomguy	fmb47q3	u/KillerStrike2975	fmata49	C
2020-04-03 08:45:44.306939	u/feverishlydreaming	fmb49gm	u/WarGodAKJ	fmaqz1l	C
2020-04-03 08:47:06.311455	u/GreenBlitzVIII	fmb4co2	u/_CoreyFromPawnStars_	fmb2vlg	C
2020-04-03 08:48:22.536361	u/JoJoJoel2007	fmb4fkl	u/yashrajt	fmat9ez	C
2020-04-03 08:48:43.363082	u/Hamonless_JoJo	fmb4ghw	u/mypalbuddy	fmb338i	C
2020-04-03 08:48:48.394648	u/AutomationMusician	fmb4gms	u/AcousticCatThing	fmb45wl	C
2020-04-03 08:48:59.773685	u/WholeLifeWasted	fmb4hdi	u/Toxicological_Gem	fmb1n85	C
2020-04-03 08:49:02.610552	u/Neojakerton	fmb4hhi	u/uptotrouble	fmb3fnc	C
2020-04-03 08:49:13.386960	u/Struijk_a	fmb4i7s	u/TenThousandCrabs	fm9o5qw	C
2020-04-03 08:49:15.637595	u/JhonElevatorOperator	fmb4ids	u/im_mystery666	fu3wta	S
2020-04-03 08:49:18.094468	u/y2900	fmb4imk	u/RepostSleuthBot	fmb29u2	C
2020-04-03 08:49:43.911313	u/thatrattlesmybones	fmb4kko	u/JoJoJoel2007	fmat9gi	C
2020-04-03 08:49:50.267829	u/Karukash	fmb4lcg	u/Patrick_Bot2	fmaufrk	C
2020-04-03 08:50:53.717298	u/Amemer06	fmb4oeg	u/gary2812	fmb4bkc	C
2020-04-03 08:51:05.432689	u/yaboineel	fmb4ot8	u/One_Commie_Boi	fmauc53	C
2020-04-03 08:51:21.818754	u/manpo5	fmb4pk3	u/thomasthenuke	fmawg80	C
2020-04-03 08:51:30.313931	u/Cloudywhy	fmb4q1c	u/RepostSleuthBot	fmarv50	C
2020-04-03 08:51:39.126242	u/GtaPinkTony	fmb4qc7	u/mejustbeinghere	fma85dr	C
2020-04-03 08:51:54.406072	u/socio-pathetic	fmb4r74	u/Mohammad927	fma3vzk	C
2020-04-03 08:52:19.537709	u/Cheesefiend1	fmb4s7p	u/Consistent-Kitchen	fmazcxh	C
2020-04-03 08:52:25.077159	u/Miss_HunBun	fmb4shl	u/khayyam_al	fmb45up	C
2020-04-03 08:52:36.722987	u/TheIceKing-Silver	fmb4suu	u/SigmaRoyal	fmagm97	C
2020-04-03 08:52:41.141071	u/Kroasan_Power	fmb4sy0	u/FoximaCentauri	fmb0s8d	C
2020-04-03 08:53:12.468385	u/Palmar	fmb4uso	u/hausomad	fmavuiu	C
2020-04-03 08:53:42.478171	u/Femmo	fmb4wjf	u/Consistent-Kitchen	fmb07rq	C
2020-04-03 08:54:08.306622	u/Throwaway7374u4738	fmb4xm1	u/Salty_Savages	fmazs7t	C
2020-04-03 08:54:23.659111	u/Banksonman	fmb4yiq	u/elskidaadleskidoodle	fmb3rr0	C
2020-04-03 08:54:38.393817	u/Mehh_12	fmb4ywm	u/KFF2020	fmam1s2	C
2020-04-03 08:54:43.653562	u/awholf	fmb4z0s	u/girls	fmb4n1c	C
2020-04-03 08:56:07.564419	u/juk3d-eu	fmb52kt	u/west2753	fmaqxef	C
2020-04-03 08:56:30.942505	u/GASEOUSBLUE	fmb5388	u/LeLe4206969	fmb0n08	C
2020-04-03 08:56:34.883421	u/SystemAndroid	fmb53gj	u/wet_sandwitch	fma3k2m	C
2020-04-03 08:56:41.048479	u/The_Architect123	fmb53m6	u/BattlebeeUltor	fmb4yn2	C
2020-04-03 08:56:52.241839	u/lighterdawn	fmb540g	u/Nrkkred	fmaufzb	C
2020-04-03 08:56:54.059615	u/PorschEHHH	fmb541g	u/NGX7	fmakpk5	C
2020-04-03 08:57:04.094479	u/Omni1012	fmb54g2	u/txsxxphxx2	fm90czx	C
2020-04-03 08:57:09.780247	u/ErykYT2988	fmb54lf	u/intothevoid127	fmagd8y	C
2020-04-03 08:57:43.231200	u/Servodellagleba	fmb55yv	u/Evolution-is-a-fact	fmat4i6	C
2020-04-03 08:58:24.843502	u/mayavi_chumbak	fmb584b	u/MINATO8622	fmaysni	C
2020-04-03 08:58:53.173195	u/SonDTano	fmb59kr	u/Patrick_Bot2	fmb55ff	C
2020-04-03 08:58:59.690571	u/Gearalbalny	fmb5a25	u/FlyingMetalTube	fma5p9j	C
2020-04-03 08:59:20.374716	u/Antanarau	fmb5b7e	u/WelshGaymer84	fmb0ru7	C
2020-04-03 08:59:21.518764	u/OH5346	fmb5b8v	u/FunTerror	fmb4je8	C
2020-04-03 08:59:33.658739	u/--MrBuRiTo--	fmb5bvs	u/jera51	fmb596z	C
2020-04-03 08:59:34.644692	u/Danthegod17	fmb5bwv	u/Neojakerton	fmb4kyu	C
2020-04-03 08:59:40.045432	u/Zer0514	fmb5cg4	u/AK24ROCKS	fmb3vwg	C
2020-04-03 08:59:46.830942	u/joeydraper121	fmb5dbc	u/MoistFlapss	fmb531d	C
