2020-04-01 10:00:13.182741	u/realbakingbish	fm48p7r	u/cooly1234	fm46w9q	C
2020-04-01 10:01:26.806016	u/Dramatik_	fm48rh8	u/Martinuz01	fm44k3z	C
2020-04-01 10:01:46.643725	u/lizardom	fm48sa4	u/asparagus19	fm0ct5y	C
2020-04-01 10:01:48.900672	u/captaincold765	fm48sb0	u/MuchAwesomeBoii	fm3pjap	C
2020-04-01 10:02:21.595157	u/thefighter4326	fm48tds	u/noncomfy-hooman	fm418pc	C
2020-04-01 10:02:41.647152	u/Ze_Rana	fm48tuh	u/racerfree	fm3e0r2	C
2020-04-01 10:02:55.421825	u/M1ghty_boy	fm48ucw	u/MasThomp007	fm3wqfi	C
2020-04-01 10:04:36.650975	u/Jeffit1337	fm48yk2	u/r3dcrayon	fm47ubj	C
2020-04-01 10:05:55.192734	u/lukasb1020	fm491gx	u/roi_larry	fm41vyp	C
2020-04-01 10:06:25.799176	u/warmachine890	fm492x6	u/S_Costy92	fsx7it	S
2020-04-01 10:06:27.566795	u/Pancakeman_24	fm492xc	u/BlackPanther_02	fm3o20d	C
2020-04-01 10:06:49.600950	u/slabs37	fm493th	u/jacksavage706	fm3r6dy	C
2020-04-01 10:07:19.974418	u/haymaker18	fm494y4	u/xPineappIe	fm3lkex	C
2020-04-01 10:07:27.270848	u/jammclarrk2	fm4954l	u/Corginos_Dorkus	fm3s9xr	C
2020-04-01 10:07:58.065431	u/lactosefreepotato	fm495no	u/sybch	fm44zev	C
2020-04-01 10:09:04.159813	u/LoveNowAndForever	fm4991h	u/gilpima	fm3vn21	C
2020-04-01 10:09:05.704621	u/soapy_waters	fm4994d	u/kuhlschranko	fm48rqq	C
2020-04-01 10:09:11.426509	u/RoyalRahhul	fm499bt	u/XPSSlingGAMING	fswr0w	S
2020-04-01 10:09:12.352590	u/johnjax90	fm499db	u/Darkseid2099	fm3sz34	C
2020-04-01 10:09:28.033563	u/ThijmenManeer	fm49ay5	u/AutoModerator	fm3rm44	C
2020-04-01 10:09:56.104771	u/MikiemM	fm49cof	u/captaincold765	fm48z01	C
2020-04-01 10:09:56.793400	u/awdsbhsthuv	fm49ctc	u/AutoModerator	fm495am	C
2020-04-01 10:10:13.212475	u/littlebiscuit122	fm49e26	u/ItNoRA	fm49dly	C
2020-04-01 10:10:33.176852	u/Tlilienbwrg	fm49eni	u/TheSpaceMonkeyBro	fm45czh	C
2020-04-01 10:10:37.701598	u/wolfiethewolf14	fm49eto	u/Martinuz01	fm3zrwu	C
2020-04-01 10:10:54.045340	u/Mase1334	fm49fpd	u/Martinuz01	fm3zrwu	C
2020-04-01 10:11:08.677767	u/WartHawg113	fm49fzi	u/Nerdfire500	fm474zx	C
2020-04-01 10:12:36.574825	u/Ruby1213	fm49ikr	u/CoochieEatingOlly	fm49bwe	C
2020-04-01 10:12:39.876112	u/Yeetasaurus0822	fm49ip8	u/TopGunDS	flu27xh	C
2020-04-01 10:12:57.897120	u/ayoandteo21	fm49izs	u/Orangecup05	fm3q3va	C
2020-04-01 10:14:36.706564	u/FirebreakOG	fm49n3e	u/reddragon37	fm3zvjd	C
2020-04-01 10:14:51.916627	u/akk_me	fm49nz7	u/converter-bot	fm3rq19	C
2020-04-01 10:15:18.585687	u/Lewerman	fm49p9p	u/you_fucking_donkey13	fm42i4b	C
2020-04-01 10:16:09.352425	u/PHLALG	fm49r7q	u/HauptsacheGeil	fm492ne	C
2020-04-01 10:16:11.089005	u/baronmax02	fm49ra0	u/thesmarmellus	fm470qb	C
2020-04-01 10:16:24.830056	u/abdoashraf846	fm49roy	u/Montyblaze	fm48e6e	C
2020-04-01 10:16:26.555794	u/PLYR999L	fm49rp0	u/Ayden43812	flm9i4b	C
2020-04-01 10:16:34.843724	u/CorruptionOfTheMind	fm49s45	u/oliverstr	fm3khy7	C
2020-04-01 10:16:40.077732	u/CarlitoJoe	fm49sq7	u/urmomgaywow	fm3hlum	C
2020-04-01 10:17:02.259710	u/artlanta	fm49tu5	u/Undercover_Wolf	fm44lp7	C
2020-04-01 10:17:03.977878	u/yyakuza	fm49tu7	u/S_Costy92	fm495uu	C
2020-04-01 10:17:10.925663	u/ivan15961	fm49uc8	u/vpetrychuk	fm3rsuw	C
2020-04-01 10:17:39.672191	u/AtomR	fm49v8b	u/dovedevic	fl2olwl	C
2020-04-01 10:18:05.508886	u/HedaLexa4Ever	fm49wq4	u/XPSSlingGAMING	fswr0w	S
2020-04-01 10:18:31.781022	u/Noctolus	fm49yst	u/S_Costy92	fm44ris	C
2020-04-01 10:18:33.812745	u/jasondraco	fm49yu7	u/Bignubie	fm49vqb	C
2020-04-01 10:19:02.240505	u/nikakura	fm4a11y	u/roi_larry	fm41vyp	C
2020-04-01 10:19:09.311202	u/ManifestEvil	fm4a1ki	u/EyItsKoko	fm49yoo	C
2020-04-01 10:19:23.934979	u/thundacatt	fm4a2wr	u/Undercover_Wolf	fm44lp7	C
2020-04-01 10:19:30.482469	u/inclasscanttalk	fm4a3mo	u/RomanusStijkelvarken	fm3l0qh	C
2020-04-01 10:19:34.945750	u/SophiaGrace33	fm4a3tt	u/Big_Dessa	flhqxn4	C
2020-04-01 10:19:52.457727	u/DarkUser66	fm4a5j5	u/KeX03	fm3rxlo	C
2020-04-01 10:20:30.300778	u/withertrav394	fm4a753	u/WhipFrog	fm40iqn	C
2020-04-01 10:21:04.111062	u/will112303	fm4a7ou	u/PiMemer	fm4a2qo	C
2020-04-01 10:22:39.263099	u/8Bit-Armory	fm4aae4	u/newreditspellcant	fm48x8g	C
2020-04-01 10:22:52.717072	u/mr-beanos-	fm4aaiz	u/Sofia_864	fm49r0b	C
2020-04-01 10:22:58.977270	u/anguskwong	fm4aaw9	u/arihannahh	fm4a9gs	C
2020-04-01 10:24:27.252663	u/ReallyNotNeeded	fm4bqr3	u/sedgey-boi	fm4boa8	C
2020-04-01 10:26:09.170733	u/Kirence2	fm4bv9h	u/dementatron21	fm4as45	C
2020-04-01 10:26:10.913485	u/GPlayz-_O	fm4bvbm	u/AHalf-EatenBagel	fm4az7w	C
2020-04-01 10:27:32.848427	u/k_member	fm4c0bw	u/MrmmphMrmmph	fm48004	C
2020-04-01 10:27:59.324775	u/iKasperski	fm4c0y6	u/acid_b0i	fm3veom	C
2020-04-01 10:28:11.893319	u/the-_system	fm4c1e7	u/YaYeetingBoi	fm40czr	C
2020-04-01 10:28:13.756040	u/JoeIsHome	fm4c1gw	u/Martinuz01	fm45dbb	C
2020-04-01 10:28:23.791502	u/mynamesjefffffs	fm4c2cy	u/BahamanLlama	fm46m2r	C
2020-04-01 10:28:59.641645	u/ItsnotPewDiePie	fm4c46q	u/GeorgeThe-Cat	fm4c2nx	C
2020-04-01 10:29:25.611605	u/Heathcliff511	fm4c650	u/BenjiTheShort	fm239ot	C
2020-04-01 10:29:53.383967	u/mesomee	fm4c80c	u/doctor_boombot	fstzg0	S
2020-04-01 10:30:08.666763	u/Ferritlover455	fm4c9bk	u/JuanitaTheCowboyRat	fm41vw0	C
2020-04-01 10:31:03.032950	u/Dieu_Poulet_YT	fm4cbmy	u/zebrahorse69420	fm3lu7b	C
2020-04-01 10:31:16.600944	u/erenn_akdag	fm4cc5p	u/XTean	fm3y6wk	C
2020-04-01 10:31:39.506712	u/Poisonous_Duckling	fm4cd9v	u/man626364	fb7cm7d	C
2020-04-01 10:32:25.710449	u/P3ric	fm4cewv	u/lordcthulu678	fm4c7i5	C
2020-04-01 10:32:29.021705	u/payperplain	fm4cexo	u/VibraniumDragonborn	fl5nrgn	C
2020-04-01 10:32:54.080186	u/Met4lKing	fm4cfpw	u/DA-BOTwho-cant-trot	fm4bv1a	C
2020-04-01 10:34:01.616042	u/Shivansh_Dwivedi	fm4ciyk	u/kotik010	fm45wt6	C
2020-04-01 10:35:06.024091	u/RemixedZorua	fm4cm3w	u/Overall_Knowledge	fm47w3m	C
2020-04-01 10:35:07.894317	u/LeakAfsk	fm4cm49	u/Josh81639	fm49y6p	C
2020-04-01 10:35:12.856765	u/RA_RA_RASPUTIN_GADDO	fm4cm7c	u/Emperor_O_Memes	fm4bgzf	C
2020-04-01 10:35:30.377060	u/Dognai	fm4cn8g	u/Additional_Werewolf	fm44wrg	C
2020-04-01 10:36:10.402471	u/WeakerLink	fm4cori	u/VeryNerdyNate	fm4cmme	C
2020-04-01 10:36:23.948489	u/lebronnnj	fm4cpnq	u/Real_Jesus_	fm3ui7p	C
2020-04-01 10:36:55.630455	u/SamsonFL	fm4crm2	u/RufflesOriginal	fm4cl24	C
2020-04-01 10:37:15.032171	u/vahit536	fm4cssi	u/DazzleMeee	fm43hai	C
2020-04-01 10:38:12.552021	u/MarpyTarpy	fm4cvkv	u/The_Gumbo	fm4cmmv	C
2020-04-01 10:38:30.711503	u/sugma_dingaling	fm4cwpm	u/Conveyedmoth9	flu4jj8	C
2020-04-01 10:38:37.973939	u/The_Barbiter1	fm4cx5m	u/TheAkwardMemer489	fm4a72q	C
2020-04-01 10:39:08.385926	u/InfrnoRacc00n	fm4cymn	u/daveuwu09	fm46jo1	C
2020-04-01 10:40:14.068183	u/Elrakning	fm4d35i	u/netskwire	fm4cijo	C
2020-04-01 10:40:21.237907	u/_Sasuke	fm4d3a9	u/Syndicaa	fm3ihlk	C
2020-04-01 10:42:20.128285	u/portageandmain	fm4d6o9	u/yes-i-am-a-human	fm4cqek	C
2020-04-01 10:43:28.750876	u/Ash_Neofy	fm4d8rv	u/BITE-ZA-WARUDO	fm3ks1y	C
2020-04-01 10:44:56.524100	u/fishpony	fm4dbla	u/tacocatime	fm4d5lb	C
2020-04-01 10:45:05.488045	u/MuchSalt	fm4dbwz	u/S_Costy92	fm436ht	C
2020-04-01 10:45:24.622326	u/TickerTocks	fm4dd9f	u/TwitchItzRich	fm4bls5	C
2020-04-01 10:45:28.450261	u/PrinceXLoFi	fm4ddlf	u/tacocatime	fm4d5lb	C
2020-04-01 10:46:01.945047	u/Shrek-is-love-420	fm4df6u	u/YeetGod1828	fm3nh7o	C
2020-04-01 10:46:35.969654	u/czikoczik	fm4dgpm	u/VitekNobodyCares	fm3u2nn	C
2020-04-01 10:46:39.353176	u/PrDelahaye	fm4dh32	u/shxeeyash	fm3enzg	C
2020-04-01 10:46:51.819591	u/RobloxIsBadCommunity	fm4dhry	u/Vogie4	fm45u7o	C
2020-04-01 10:47:51.303399	u/ineptape	fm4dkym	u/dovedevic	fl2izeo	C
2020-04-01 10:48:05.938475	u/James_The_Gamer4	fm4dlng	u/Tiktok-Famous	fm3ymxa	C
2020-04-01 10:48:10.944610	u/CWbr	fm4dlxv	u/Bernautikus	fm169bb	C
2020-04-01 10:48:43.715891	u/donnie_t4	fm4do4w	u/OoUyA2024	fm40m3s	C
2020-04-01 10:49:34.044267	u/Duncan_stone	fm4dqlm	u/TheHunter_XD	fm4bt96	C
2020-04-01 10:49:56.382085	u/BobbehHillll	fm4dsuz	u/NotAJetNova	fm4dqyw	C
2020-04-01 10:50:27.007761	u/freddyyyyyyyyy	fm4du94	u/Real_Jesus_	fm3ui7p	C
2020-04-01 10:51:35.779013	u/uwantsome_donuts	fm4dw7u	u/SomeHungryPeasant	fm3xgnb	C
2020-04-01 10:52:23.024819	u/pensuaco__	fm4dyhb	u/MoustachePika1	fm4aa6l	C
2020-04-01 10:52:28.869403	u/Mental_Context	fm4dyqt	u/Admirable_Hawk	fm4dw0w	C
2020-04-01 10:53:25.661254	u/MysticalForceYT	fm4e0gp	u/JOHNTHEBUN4	fm3hcs9	C
2020-04-01 10:53:56.373032	u/ElMrEh	fm4e1zg	u/acid_b0i	fsuozw	S
2020-04-01 10:54:00.907049	u/ChemicalPorcupine	fm4e1zm	u/PrinceXLoFi	fm4ddlf	C
2020-04-01 10:54:02.974518	u/I-AM-EL-GALLO	fm4e1zq	u/d3athpr0xy	fm48cob	C
2020-04-01 10:54:31.180026	u/kcp127	fm4e32t	u/FluuBk	fm3y5p2	C
2020-04-01 10:55:22.571423	u/Gaskatorgould	fm4e4tw	u/Kris_is_Cuwute	fm4dtim	C
2020-04-01 10:55:43.792853	u/Benev22	fm4e5ee	u/yyakuza	fm49tu7	C
2020-04-01 10:55:54.897091	u/FrizzyCurls0	fm4e5s6	u/VibraniumDragonborn	fl5nrgn	C
2020-04-01 10:56:01.897795	u/GurkanThomas	fm4e68g	u/ChemicalPorcupine	fm4e1zm	C
2020-04-01 10:56:11.677681	u/TovarishchFlashback	fm4e6yc	u/0Idgregg	fsvt4q	S
2020-04-01 10:56:53.078002	u/Zerozoes	fm4e8ky	u/someonenotimportant9	fm4a5q7	C
2020-04-01 10:56:59.956913	u/The_Gravy-Train	fm4e9bc	u/Martinuz01	fm3zrwu	C
2020-04-01 10:57:08.216787	u/Nowhereman123	fm4e9r0	u/jayden-jpeg	fm3l4d5	C
2020-04-01 10:57:44.505638	u/Vitto01	fm4ebqp	u/MattyBoi246	fm4dq5u	C
2020-04-01 10:57:50.563769	u/BobaFettsGrandpa420	fm4ec2h	u/AutoModerator	fm4e1wa	C
2020-04-01 10:57:51.974885	u/Absolute_person123	fm4ec44	u/GurkanThomas	fm4e68g	C
2020-04-01 10:57:57.968066	u/AwesomeGirl_Quinn	fm4ecfn	u/GrimmeyMaybe	fm3u2c9	C
2020-04-01 10:58:00.063380	u/retarded-squirrel	fm4ecja	u/RoyalRien	fm4e959	C
2020-04-01 10:58:04.970168	u/zackbender0325	fm4ecpw	u/No_Place_Safe	fm46zkn	C
2020-04-01 10:58:20.666733	u/MSAH15	fm4edil	u/CaninimTheGreat	fm4ecpx	C
2020-04-01 10:58:25.903233	u/Shrek_Almighty	fm4edse	u/Original_Name_420	fm4cg5k	C
2020-04-01 10:58:43.114514	u/krios2011	fm4eesx	u/a_sacrilegiousboi	fm3n6ar	C
2020-04-01 10:58:56.977214	u/dEw_JJ	fm4efnu	u/lalalaliaaa	fm4bsrc	C
2020-04-01 10:59:09.174225	u/deyvisonmaste	fm4egp9	u/Martinuz01	fm3zrwu	C
2020-04-01 10:59:45.189779	u/Zozominator	fm4eiyh	u/shadow938	fm4e4tc	C
2020-04-01 10:59:46.417371	u/JessieSay	fm4ej0h	u/jacksavage706	fm3qpjb	C
2020-04-01 10:59:53.067592	u/josefi17	fm4ek5w	u/netskwire	fm4cijo	C
