2020-04-01 11:00:28.894773	u/Shiteingann	fm4elfh	u/yodakenobbi	fm4dmgw	C
2020-04-01 11:01:43.842220	u/reversenipples	fm4eokx	u/Marvingswamp	fm4dv95	C
2020-04-01 11:02:12.703480	u/JinnqMarakila	fm4ep9q	u/GravityFallsChicken	fm42nm6	C
2020-04-01 11:02:34.148813	u/AwkwardGayNoises	fm4eq5n	u/Martinuz01	fm3zrwu	C
2020-04-01 11:03:01.553959	u/INTJalltheway96	fm4erof	u/georgkingjunior8514	fm491vm	C
2020-04-01 11:03:15.097069	u/T0m1336	fm4ese2	u/Gaskatorgould	fm4e94o	C
2020-04-01 11:04:23.704918	u/PlasticTreehouse	fm4evdu	u/seven-7777	fm3vaza	C
2020-04-01 11:04:37.202781	u/Randomcitizen69420	fm4evy3	u/Bookinton14	fm4a2e3	C
2020-04-01 11:05:06.657689	u/kanjijiji	fm4ewyw	u/KiraIsGod666	fm4cqhi	C
2020-04-01 11:05:43.308646	u/Glitch3rxzc	fm4eyiu	u/LordDraco781	fle9p0s	C
2020-04-01 11:07:00.796958	u/AbsolutCookie	fm4f29i	u/chaspich	fm4f1hc	C
2020-04-01 11:07:27.579094	u/Indybutterflier	fm4f3mv	u/Gaskatorgould	fm4eq6p	C
2020-04-01 11:07:56.579955	u/Z3t3tic	fm4f4lo	u/icantchoosename123	fm3kvdq	C
2020-04-01 11:07:57.960565	u/explodingcaps	fm4f4r5	u/EthanielClyne	fm3wlre	C
2020-04-01 11:08:10.648360	u/spidergirl_12	fm4f55r	u/acid_b0i	fm3lbwb	C
2020-04-01 11:08:12.519243	u/TomNobleX	fm4f5a0	u/lordcthulu678	fm4c7i5	C
2020-04-01 11:08:15.518982	u/Night_Ninja69	fm4f5lc	u/Drake981220	fm3zndh	C
2020-04-01 11:08:21.805737	u/XDrone160	fm4f62t	u/LosVientos	fm4ecpm	C
2020-04-01 11:08:27.606297	u/AntoHanSolo	fm4f6gt	u/lincolnahidge	fm3y4gc	C
2020-04-01 11:08:32.277644	u/Vannysh	fm4f6n4	u/RandomBlackDude100	fm3z2gu	C
2020-04-01 11:08:52.564661	u/bettinman77	fm4f7ps	u/AilBalT04_2	fm4e42v	C
2020-04-01 11:08:53.819094	u/GoldDragonArmy	fm4f7q2	u/Real_Jesus_	fm3ui7p	C
2020-04-01 11:09:02.507923	u/andiikats	fm4f8sx	u/BadActsForAGoodPrice	fm1k3vt	C
2020-04-01 11:09:07.229167	u/AHHHHHHHHHHHHHHHH_	fm4f8wy	u/not_that_lucky_not	fm1lofq	C
2020-04-01 11:09:13.779598	u/bondibitch	fm4f9gp	u/existingren	fm4805d	C
2020-04-01 11:09:37.500458	u/PawsOverMaws	fm4fb73	u/tittycheeseburger	fm4d7mb	C
2020-04-01 11:10:15.229314	u/MrMammothy	fm4fd3c	u/VitekNobodyCares	fm3u2nn	C
2020-04-01 11:10:30.066268	u/ChiefBungholio	fm4fdnm	u/PSYCHOKILOR47	fm3fqrh	C
2020-04-01 11:11:18.374935	u/FireBlaze0418	fm4ff1k	u/pastell_soelli	fm2rpqd	C
2020-04-01 11:11:32.627207	u/jver1706	fm4ffrk	u/TheOneTEM	fm3tthy	C
2020-04-01 11:11:38.200848	u/Thick_Chocolate	fm4fg4t	u/thefighter4326	fm4chy5	C
2020-04-01 11:11:48.151391	u/Casanova29	fm4fgk0	u/littlebiscuit122	fm498kw	C
2020-04-01 11:12:10.318736	u/mineral_water_guy	fm4fhbd	u/XDrone160	fm4f62t	C
2020-04-01 11:13:31.292623	u/frozencumsicle	fm4fks4	u/kcp127	fm4e32v	C
2020-04-01 11:13:43.354729	u/artman2019	fm4fldb	u/mildly-liberal	fm3fbvd	C
2020-04-01 11:13:54.123218	u/Roro_Egg	fm4flsq	u/DTJB10	fm47oa1	C
2020-04-01 11:14:10.958560	u/PersianPrinceMeme	fm4fm76	u/jacksavage706	fm3qpjb	C
2020-04-01 11:14:35.887326	u/Misdafian	fm4fmre	u/princesshabibi	fm476si	C
2020-04-01 11:15:00.888718	u/BBTHPK	fm4foae	u/austriaaustria	fm47rnp	C
2020-04-01 11:15:29.496891	u/OhTHATKayKay	fm4fpeo	u/klensTDP	fm4flor	C
2020-04-01 11:15:56.869624	u/RightlyGuided	fm4h76w	u/therealpro198710	fm4gx7g	C
2020-04-01 11:16:07.810375	u/LuvLolipops	fm4h7h7	u/littlebiscuit122	fm49e26	C
2020-04-01 11:16:18.882527	u/BagelsArentReal	fm4h840	u/Dgstowe	fm4gass	C
2020-04-01 11:16:26.211093	u/xstormaggedonx	fm4h8fv	u/georgkingjunior8514	fm4ap21	C
2020-04-01 11:16:55.369698	u/kabeersoni	fm4h9l1	u/W1DD3XY	fm4gefo	C
2020-04-01 11:18:09.741783	u/TheFabulousQc	fm4hdn9	u/RepostSleuthBot	fm4h7yb	C
2020-04-01 11:18:11.094505	u/DeeAxMan	fm4hdov	u/Facts-Over-Opinion	fm4gwpg	C
2020-04-01 11:18:12.532955	u/thebluepaladin17	fm4hds8	u/King-of-Dots	fm4h9cu	C
2020-04-01 11:18:17.294305	u/george4446931	fm4he0r	u/MAINCRACIO	fm4gm19	C
2020-04-01 11:18:21.986558	u/iiK4oS	fm4he4j	u/CJ_42069	fm4hcpp	C
2020-04-01 11:18:34.076332	u/Night_Sin	fm4hez0	u/Martinuz01	fm3zrwu	C
2020-04-01 11:19:50.613803	u/ravage2447	fm4hiyu	u/Shrek_Almighty	fm4hdev	C
2020-04-01 11:20:00.215836	u/Maelinne23	fm4hkdv	u/BahamanLlama	fm46m2r	C
2020-04-01 11:20:19.351630	u/BlueBootleg	fm4hl1i	u/ahmedmohammedd	fm4hdf3	C
2020-04-01 11:21:00.976374	u/Mathias_8x	fm4hmf5	u/Ody_Mandrell	fm4bl0k	C
2020-04-01 11:21:46.930092	u/AndyKobe234	fm4hnw3	u/DovahOfDojima	fm4gpha	C
2020-04-01 11:21:58.429658	u/Difficult_Jello	fm4ho44	u/exclusivecars	fsy31t	S
2020-04-01 11:22:18.000613	u/Chewy_User	fm4hoxl	u/Noobster646	fm4dmat	C
2020-04-01 11:22:42.357866	u/elmooffire	fm4hq8e	u/wet_sandwitch	fm453pi	C
2020-04-01 11:23:33.305150	u/sandhyarana007	fm4hrit	u/ZZionix	fm46xkt	C
2020-04-01 11:23:53.376486	u/anis6273	fm4hsfu	u/WelshGaymer84	fm4gbif	C
2020-04-01 11:25:11.909429	u/TerryBear02	fm4hveq	u/newreditspellcant	fm491me	C
2020-04-01 11:25:22.645187	u/ContrarianSon	fm4hvr4	u/W1LLC4Zz	fm4bhqq	C
2020-04-01 11:26:08.808406	u/why_though777	fm4hxfa	u/VitekNobodyCares	fm3u2nn	C
2020-04-01 11:26:11.578619	u/porcelainphilosopher	fm4hxi9	u/3_DX	fm4cy36	C
2020-04-01 11:27:46.584176	u/ColSgtFgt	fm4i1ju	u/sleepyjaeger	fm3zbu1	C
2020-04-01 11:29:06.593241	u/truusmin1	fm4i5s1	u/ThiccBl4nket	fm4hxd6	C
2020-04-01 11:29:17.081481	u/Order_Of_Silence	fm4i739	u/TheMightyBeak376	fm30jsc	C
2020-04-01 11:29:18.427329	u/_MeowMix44_	fm4i75i	u/racerfree	fm3ec78	C
2020-04-01 11:29:20.865645	u/Wanted-TreeGuy	fm4i7c7	u/an602tsar	fm4hu7w	C
2020-04-01 11:29:31.336829	u/ILiikeSalad	fm4i89g	u/RepostSleuthBot	fm41epj	C
2020-04-01 11:29:37.403180	u/dragonthebest72	fm4i9dz	u/tempesttrash	fm4i47u	C
2020-04-01 11:29:38.351524	u/myszkowaty	fm4i9e4	u/Poat540	fm4i7sq	C
2020-04-01 11:29:45.178941	u/Dthoulu	fm4iaa4	u/AutoModerator	fm4fwnd	C
2020-04-01 11:30:15.277716	u/Gtapex	fm4icxt	u/firefiretiger	fm4hxnk	C
2020-04-01 11:30:30.876575	u/Master-of-noob	fm4idpb	u/yodakenobbi	fm4gykj	C
2020-04-01 11:30:49.561762	u/lulu373	fm4ief3	u/demsideburns	fm1u93j	C
2020-04-01 11:32:14.601223	u/Scrotocious	fm4ihfq	u/Panda8911	fm4grdg	C
2020-04-01 11:32:19.659933	u/Malu_AC	fm4iho0	u/dragonthebest72	fm4guxw	C
2020-04-01 11:32:34.955709	u/rayass69	fm4ii6x	u/benjocaz	fm4i4x4	C
2020-04-01 11:32:45.365789	u/R4553	fm4iimi	u/AutoModerator	fm4huej	C
2020-04-01 11:34:03.813291	u/Niconico47	fm4im0w	u/toomuchtACKtical	fm30sws	C
2020-04-01 11:34:52.029912	u/Zirute	fm4iodv	u/racerfree	fm3e1o7	C
2020-04-01 11:35:24.737139	u/Cryomaster_	fm4ipfg	u/Chris-P	fm3nm9u	C
2020-04-01 11:35:34.367721	u/mattmagoo23	fm4ipny	u/rondasia	fm4ioeu	C
2020-04-01 11:35:47.535571	u/TheGryphonX	fm4ipzy	u/Shrek_Almighty	fm4ip6a	C
2020-04-01 11:36:04.986706	u/darksantas	fm4ir2y	u/Haroondotkom	fm4dbbu	C
2020-04-01 11:36:11.868595	u/CykaBlyats	fm4ird0	u/josefi17	fm4ek5w	C
2020-04-01 11:36:21.653051	u/evans3079	fm4iroy	u/VenomX_ssb	fm3akoa	C
2020-04-01 11:36:34.314208	u/tophatpat	fm4iskw	u/RepostSleuthBot	fm4ay6d	C
2020-04-01 11:36:36.063459	u/hotfire365	fm4isls	u/DontNotDoDrugz	fm4hiib	C
2020-04-01 11:36:52.931095	u/pillsbury-dull-boy	fm4itso	u/MeeeeemeWarsOfficial	fm3mrf1	C
2020-04-01 11:37:17.515319	u/Avatar_of_Doom	fm4iv4q	u/alleei	fm3xkfm	C
2020-04-01 11:37:42.557730	u/Spongebobmemesdotcom	fm4ix1x	u/swouoosh	fm4ivl8	C
2020-04-01 11:37:58.422201	u/railzrixlor	fm4ixqb	u/dragonthebest72	fm4i9dz	C
2020-04-01 11:38:03.389704	u/GeeksquadPlays	fm4ixzq	u/FooThePerson	fm3lhb8	C
2020-04-01 11:38:09.657288	u/Camas1606	fm4iye5	u/FFalcon_Boi	fm4hccn	C
2020-04-01 11:38:24.056710	u/julianemaria	fm4iz67	u/Tamborin2	fm474fe	C
2020-04-01 11:38:31.975499	u/thumvi	fm4iztl	u/phoenix5379	fm44v0c	C
2020-04-01 11:38:55.779467	u/NudesPlzUwU	fm4j16f	u/jacksavage706	fm3s05j	C
2020-04-01 11:39:38.079941	u/guywhoenjoysterraria	fm4j336	u/BotinGamesSK	fm4j08r	C
2020-04-01 11:39:41.079765	u/RazorNemesis	fm4j3sr	u/AutoModerator	fm3zaqg	C
2020-04-01 11:39:44.678203	u/koonsbmw1	fm4j42d	u/MDCB-Uy	fm44imi	C
2020-04-01 11:39:55.595641	u/Davidsta_	fm4j5ji	u/jhoughton663	fljjz8q	C
2020-04-01 11:39:58.767731	u/Enok64	fm4j64r	u/elskidaadleskidoodle	fm426yi	C
2020-04-01 11:40:47.017489	u/NotYourQueen123	fm4j8f3	u/freddyyyyyyyyy	fm3tt5t	C
2020-04-01 11:41:18.141031	u/NoorMLG	fm4j9ed	u/racerfree	fm3d3wz	C
2020-04-01 11:43:06.657042	u/Hu_M	fm4jeyn	u/Fuck_Names_	fm4ec8m	C
2020-04-01 11:43:16.870831	u/Vs3_AL	fm4jfbs	u/kashishm	fm427y7	C
2020-04-01 11:43:41.270993	u/Psychic_Hat	fm4jg3v	u/matheussanthiago	fm4h24x	C
2020-04-01 11:44:52.638140	u/DeedsMcSwag	fm4jj2i	u/Hamwich333	fm3fr2n	C
2020-04-01 11:45:29.985509	u/Pavel567bg	fm4jks9	u/JOHNTHEBUN4	fm3hcs9	C
2020-04-01 11:45:41.327919	u/CorruptedApple23	fm4jlg0	u/R4D33	fm4jcnb	C
2020-04-01 11:46:54.513801	u/layaarun19	fm4jpwv	u/DecomposingCow	fm43urm	C
2020-04-01 11:47:10.386206	u/Jasper455	fm4jqj3	u/Emperor_O_Memes	fm4gz2k	C
2020-04-01 11:47:36.509238	u/Quackels_The_Duck	fm4jr9v	u/King-Oylmpus	fm4c5xf	C
2020-04-01 11:48:16.805942	u/specteralJoker	fm4jtxa	u/StueARoo	fm40rar	C
2020-04-01 11:48:58.351762	u/Training_Helicopter	fm4jwjz	u/someperson877	fm3ykg2	C
2020-04-01 11:49:07.997840	u/ClassicRemington	fm4jxd0	u/ExpertAccident	fm2os3o	C
2020-04-01 11:49:19.944283	u/sub2pewds56577	fm4jxrb	u/S_Costy92	fsx7it	S
2020-04-01 11:49:20.787942	u/teddyteabear	fm4jxuo	u/BakulaSelleck92	fm4hsd2	C
2020-04-01 11:49:22.180533	u/smoking_stone	fm4jxww	u/kcp127	fm4h5ot	C
2020-04-01 11:49:26.655881	u/MrCleanAlmighty	fm4jy3o	u/dynabrit	fm4jvm5	C
2020-04-01 11:49:31.386177	u/B3tty-Wh1te	fm4jypc	u/Yellow__Cloud	fm3rpk6	C
2020-04-01 11:49:40.088898	u/MaD_MaXxM	fm4k01b	u/Frazzledazzle_3	flobzx4	C
2020-04-01 11:50:12.917286	u/MrCocaineJesus	fm4k2pg	u/AbsolutCookie	fm4g9hw	C
2020-04-01 11:50:22.632970	u/T1ZZL3	fm4k2yl	u/SparkZXD	fm4j8k7	C
2020-04-01 11:51:01.980031	u/CumDumpster671	fm4k4ad	u/Hyruxs	fm3wpik	C
2020-04-01 11:51:06.582194	u/AlkacidPotato	fm4k4d6	u/TheAkwardMemer489	fm4j8pl	C
2020-04-01 11:52:05.326438	u/schlongdong11	fm4k616	u/paul_497	fm4ekwi	C
2020-04-01 11:52:15.865608	u/Oddly_Obstruct	fm4k6cz	u/god_rolled	fm4jvoz	C
2020-04-01 11:52:33.403071	u/aestheticvoid	fm4k6uk	u/Difficult_Jello	fm4i4r4	C
2020-04-01 11:53:13.390078	u/ONEDOTNET	fm4k80e	u/noncomfy-hooman	fm418pc	C
2020-04-01 11:53:33.844940	u/AriiMay	fm4k8rv	u/DOGGO9898989	fm4hxrp	C
2020-04-01 11:53:55.549841	u/GENERAL-KAY	fm4ka2w	u/Solpoteten	fm43wbo	C
2020-04-01 11:54:12.063210	u/the_seamstress34	fm4kb3c	u/LosVientos	fm4ecpm	C
2020-04-01 11:54:26.664956	u/Andrewsarchus	fm4kbfx	u/Alex-xoxo666	fm49fo5	C
2020-04-01 11:54:31.894588	u/Vampierkonijn	fm4kbzg	u/knowyourcoin_	fm4aw4b	C
2020-04-01 11:54:34.064620	u/Mostdownvotedever420	fm4kc05	u/CapnChiknNugget	fm4huv1	C
2020-04-01 11:54:51.975583	u/Hektoros	fm4kcka	u/netskwire	fm4cijo	C
2020-04-01 11:55:22.507902	u/InwardErmine317	fm4kebj	u/CastJoker160072	fm4k2i0	C
2020-04-01 11:55:28.529024	u/phox389	fm4kehx	u/MrCleanAlmighty	fm4kdew	C
2020-04-01 11:55:42.381555	u/disarray30	fm4kfr9	u/CacklettasMinion	fm3z7fi	C
2020-04-01 11:56:11.428585	u/Tmanrocks717	fm4kgqr	u/freddyyyyyyyyy	fm3tt5t	C
2020-04-01 11:56:43.010403	u/BossScribblor	fm4khwz	u/jacksavage706	fm3qpjb	C
2020-04-01 11:59:08.076367	u/NumericOrb2	fm4m2c5	u/Luc1_F0x	fm4lf7o	C
