2020-03-31 14:00:06.706125	u/NuclearWalnut420	fm1f18a	u/DR_A05	fm1f0cy	C
2020-03-31 14:00:37.097916	u/as9280148	fm1f2ba	u/UnbrokenSign34	fm18iw0	C
2020-03-31 14:01:18.937594	u/Exdre8	fm1f47h	u/0xVENx0	fm0facv	C
2020-03-31 14:01:29.242358	u/KenTuckyEggs047	fm1f4j6	u/SpiritofDeadJokes	fm192fi	C
2020-03-31 14:01:36.288195	u/vac_boi	fm1f4r3	u/RufflesOriginal	fm0vh8y	C
2020-03-31 14:01:41.730593	u/captianpicard	fm1f4vl	u/theblueduckz	fm14o7r	C
2020-03-31 14:02:10.665345	u/metalocolypse	fm1f59h	u/AeZhee	fm11bha	C
2020-03-31 14:03:29.260368	u/mrbobby420	fm1f895	u/RandomStranger1776	fm10vze	C
2020-03-31 14:03:48.291573	u/jacobowen05	fm1f8wp	u/niknak_1	fm1ex1e	C
2020-03-31 14:03:52.515928	u/Mr-Vecronic	fm1f930	u/awesomelucas18	fm197l9	C
2020-03-31 14:03:55.616560	u/lucario-play	fm1f96h	u/ryan0000000000	fm1dx4z	C
2020-03-31 14:04:01.966769	u/juicysox	fm1f9m4	u/Qelxiros	fm1f7sk	C
2020-03-31 14:04:08.675279	u/DifficultWonder	fm1fa49	u/a_p3nguin	fm1d4c2	C
2020-03-31 14:04:19.587317	u/megalucario1252	fm1fah9	u/Cillianna	fm1f74v	C
2020-03-31 14:04:30.332444	u/SaltyProteinShake	fm1fasi	u/autistic_cat_69	fm19khk	C
2020-03-31 14:04:58.199915	u/Disposable_Glasses	fm1fbni	u/faab64	fm1f4lf	C
2020-03-31 14:05:23.067750	u/Succ_my_dick47	fm1fcdm	u/JustAndOnlyMatej	fm11azc	C
2020-03-31 14:05:31.797882	u/CarterMemeLord	fm1fcoj	u/ikeepwipingSTILLPOOP	fm13ggd	C
2020-03-31 14:07:24.910273	u/Greyf0x_	fm1fhmf	u/Fuck-Your-Couch-	flrim62	C
2020-03-31 14:07:29.875014	u/I_SOMETIMES_EAT_HAM	fm1fhtb	u/daddyfaps69	fm1eckn	C
2020-03-31 14:07:32.262299	u/dark_potato_lordess	fm1fhvw	u/el_hirmo	fm03kti	C
2020-03-31 14:08:01.976342	u/AntiSaintArdRi	fm1fj08	u/Deathbysnusnubooboo	fm1d3ci	C
2020-03-31 14:08:04.512610	u/lilspektrum	fm1fj24	u/Gemlikgulf	fm1f0oq	C
2020-03-31 14:08:06.728975	u/luigismansion9000	fm1fj4x	u/Markmolinskid	fm1eqgk	C
2020-03-31 14:08:15.612965	u/Memegod_04	fm1fjp8	u/iPodee	fm1cir6	C
2020-03-31 14:08:38.227732	u/DontJudgeMeYouDoof	fm1fk8f	u/Imcowfat	fm1efm7	C
2020-03-31 14:08:45.437736	u/NevilleToast	fm1fkmm	u/TemoFawwaz	fm16uhv	C
2020-03-31 14:09:01.839279	u/joe-mamas-boi	fm1fl8g	u/userX69X	fshd6r	S
2020-03-31 14:09:13.580694	u/TTV-Sagil	fm1flig	u/25TM	fm1608j	C
2020-03-31 14:09:17.012990	u/_PutYourGrassesOn_	fm1fls3	u/Teerhand	fm0hsf0	C
2020-03-31 14:09:26.033879	u/blazerislit	fm1fmn1	u/TheGamerArm	fm1fcy6	C
2020-03-31 14:09:47.639370	u/toke0904	fm1fo2r	u/Username-Taken-01	fm0zub2	C
2020-03-31 14:10:01.655412	u/learning_to_fly_	fm1foir	u/CapnChiknNugget	fm1e0j0	C
2020-03-31 14:11:21.199399	u/cedric1997	fm1frbv	u/Riccness	fm1dr7x	C
2020-03-31 14:11:56.080306	u/Traelos38	fm1h00o	u/v1jaysh3tty	fm0lcrr	C
2020-03-31 14:12:29.053194	u/Matthew-Maciesowicz	fm1h0mm	u/lilspektrum	fm1gy1w	C
2020-03-31 14:12:32.455159	u/kit786	fm1h0o3	u/suhfaulic	flztg0z	C
2020-03-31 14:13:07.826982	u/toasterbruh	fm1h123	u/Baba_Yaga_22	fm1fzp3	C
2020-03-31 14:13:46.432941	u/xX_TheGoose69420_Xx	fm1h20c	u/freddy69corn	fm1cu47	C
2020-03-31 14:13:49.548212	u/CREEPERMINES	fm1h22w	u/tanker-jack	fm1gray	C
2020-03-31 14:14:31.679489	u/Little_Ricegrain	fm1h3lp	u/Rickterr	fm1e8xo	C
2020-03-31 14:14:33.733526	u/Igor_GT	fm1h3m3	u/meatman_plays	fm1bjjv	C
2020-03-31 14:14:51.099143	u/-MrMiscellaneous-	fm1h3rj	u/J_naught151	flx1w6t	C
2020-03-31 14:15:08.379380	u/eleetyeetor	fm1h4hr	u/WD40911	fm0nhhu	C
2020-03-31 14:15:24.195425	u/DeadlyFurret69	fm1h4wd	u/Gubq	fl5lg0s	C
2020-03-31 14:15:40.922134	u/BlueberryGuyCz	fm1h5zj	u/Hiimnew22	fm1h0la	C
2020-03-31 14:15:55.126471	u/Fownger	fm1h6ds	u/Soviet_Russia521	fm1g178	C
2020-03-31 14:16:47.217168	u/lupusmdccxvii	fm1h85h	u/ewan57	fm1gex1	C
2020-03-31 14:16:49.778027	u/archieh908	fm1h88l	u/vac_boi	fm1f4r3	C
2020-03-31 14:16:52.260295	u/_Manalishi_	fm1h89w	u/drink-beer-and-fight	fm14jfq	C
2020-03-31 14:17:11.715914	u/TheLoganizer42	fm1h99s	u/rainfire47	fm197dn	C
2020-03-31 14:17:15.210566	u/DynamicDannavy	fm1h9fn	u/niknak_1	fm1ebfz	C
2020-03-31 14:17:31.730916	u/Dead_Blaze	fm1h9x2	u/3p1c-64m3r	fm157g4	C
2020-03-31 14:17:38.288554	u/bananalord666	fm1hadx	u/The_AI_Man	fm0n9pl	C
2020-03-31 14:18:04.765515	u/givemethisbaby94	fm1hb3x	u/vpsj	fm1emrw	C
2020-03-31 14:18:19.562114	u/TheNew_Meta	fm1hblm	u/dashadowmaster69420	fm1guzo	C
2020-03-31 14:18:22.962761	u/FinesseRider	fm1hbpx	u/michaelf6523	fm1haz6	C
2020-03-31 14:18:26.669224	u/Miguel095229	fm1hc2i	u/germophobe123	fm1ezj6	C
2020-03-31 14:18:43.298203	u/F1R3-lol	fm1hd0k	u/Jesternigouki	fm1hah4	C
2020-03-31 14:18:50.267888	u/i_want_to_BEE_dead	fm1hdd6	u/Excel_Fresh_Mints00	fm1h91p	C
2020-03-31 14:19:10.570171	u/ionmp	fm1hemn	u/Hammode174	fm10pd0	C
2020-03-31 14:19:14.506771	u/voltaire_had_a_point	fm1hf3a	u/not-recommended	fm1fd5m	C
2020-03-31 14:19:19.486856	u/Monikerfromfamilyguy	fm1hfen	u/kind_stranger69420	fm1coj4	C
2020-03-31 14:19:20.973713	u/Meme-Life943	fm1hfk6	u/Sol-Ja-Boi	fm1golb	C
2020-03-31 14:19:32.758890	u/RishabhShah2005	fm1hgck	u/baghead08	fm0nwiu	C
2020-03-31 14:19:33.688208	u/Greg-2012	fm1hgdu	u/IchBin_Intelligent	fm1hd4t	C
2020-03-31 14:19:35.682402	u/HazyGandalf	fm1hgjp	u/UwU49	fm1h46w	C
2020-03-31 14:19:36.621136	u/Jeff_boyeser	fm1hgjz	u/TonyDerEchte	fm0tu5l	C
2020-03-31 14:19:44.220277	u/BurlslitoBG	fm1hh88	u/Y0lkEgg	fm1ex42	C
2020-03-31 14:19:45.303490	u/guyhugedoopof	fm1hhbq	u/rock_lee_555	fm1h2pt	C
2020-03-31 14:20:32.840041	u/darthashpie	fm1hjhb	u/CloppyTheClopper	fm1h6ay	C
2020-03-31 14:21:03.995218	u/Fire9408	fm1hkjo	u/Greg-2012	fm1hgdu	C
2020-03-31 14:21:19.569356	u/Rebus2112	fm1hkys	u/noncomfy-hooman	fm179et	C
2020-03-31 14:21:30.401743	u/OHminus6	fm1hl8n	u/AeZhee	fm11bha	C
2020-03-31 14:21:32.765721	u/littlelegolag	fm1hlax	u/taki_guy	fm1hjiy	C
2020-03-31 14:22:07.967904	u/TwiceThe9	fm1hme3	u/Are_a_loser	fsbxd7	S
2020-03-31 14:22:43.763292	u/NUBEM4STER69	fm1hn7c	u/BattlNerd	fm1ag99	C
2020-03-31 14:23:05.354768	u/danredblue	fm1hns1	u/AlbinoLukaku	fm0l2jj	C
2020-03-31 14:23:17.576223	u/69-justacat-69	fm1ho2k	u/_DarkAmethyst_	fm1hkyi	C
2020-03-31 14:23:41.148787	u/Kidsaregood	fm1hpc7	u/kaloakl	fm1csgm	C
2020-03-31 14:23:45.413296	u/Memphistophelian	fm1hpdc	u/ZizBaja	fm1hczf	C
2020-03-31 14:24:16.951791	u/Oregongrown96	fm1hqbk	u/MessyGuy01	fm1c0re	C
2020-03-31 14:24:45.965394	u/jenter70707	fm1hr4b	u/Titan2562	fm0qxhv	C
2020-03-31 14:25:28.265167	u/dragonsveincrafts	fm1hsv0	u/Emperor_O_Memes	fm12ieu	C
2020-03-31 14:25:49.972921	u/diewhore	fm1htfu	u/darthashpie	fm1hna3	C
2020-03-31 14:26:02.378997	u/maximussukyamum	fm1htx5	u/Jamie_freestyles	fm1gd16	C
2020-03-31 14:26:17.961975	u/MisterSmoith	fm1huu4	u/Beef-BoyYT	fm1gp2g	C
2020-03-31 14:26:40.017427	u/tgc2005	fm1hvji	u/sipcoffeespilltea	fm1g78m	C
2020-03-31 14:26:47.260362	u/BagelMan947	fm1hvok	u/Wiseonejambo	fm1gt6o	C
2020-03-31 14:26:48.965269	u/pazerlenis	fm1hvp5	u/juicysox	fm1d5f3	C
2020-03-31 14:26:50.697718	u/utilisateur56	fm1hvs3	u/laxnut90	fm1gj2g	C
2020-03-31 14:26:55.048028	u/TayTaySwift69	fm1hw1k	u/GoHeadsGo	fm0g4r1	C
2020-03-31 14:27:29.413550	u/CatGamer_118	fm1hxlf	u/AwStark	fm1htas	C
2020-03-31 14:27:37.265553	u/GeckoNova	fm1hy4i	u/Menefregoh	fm1hnxv	C
2020-03-31 14:27:52.386327	u/walnutman2000	fm1hyhp	u/ShadowLion0131	fm1d9hl	C
2020-03-31 14:27:54.752257	u/youngster-joey420	fm1hyij	u/okaymandude	fm19x4i	C
2020-03-31 14:28:09.748814	u/SoUhGottaBlast	fm1hz1s	u/BlackDaggerRose	fm1hj0x	C
2020-03-31 14:28:25.853416	u/ImADwarfOrAKid	fm1hznw	u/julian0308	fm0jzq2	C
2020-03-31 14:28:50.249115	u/scruffyturtle63	fm1i0jm	u/APOLLOIBZ	fm1hyj2	C
2020-03-31 14:29:03.256394	u/VaJayJayOkocha	fm1i14h	u/Soviet_Russia521	fm1aaqs	C
2020-03-31 14:29:09.378624	u/nedepp	fm1i1fl	u/Dead_Snapper	fm0nrg2	C
2020-03-31 14:29:32.397503	u/slicky-plicky	fm1i2fo	u/Mottysc	flys6ah	C
2020-03-31 14:29:33.869474	u/get_paid_get_laid	fm1i2hw	u/toasterbruh	fm1h123	C
2020-03-31 14:29:37.815428	u/snowmama0	fm1i31m	u/readysetworldhit	fm1g42m	C
2020-03-31 14:29:38.638123	u/BODOMO	fm1i32v	u/VarianWrynn2018	fm1hyjr	C
2020-03-31 14:29:48.721340	u/Swaynee	fm1i3rb	u/SleepBeforeWork	fm1deod	C
2020-03-31 14:29:50.151519	u/Nicholasryan99	fm1i3rg	u/foxfurp	fm1howm	C
2020-03-31 14:30:51.595771	u/Pyrofox07	fm1i5za	u/Zenon_Gaming	fm0xgqw	C
2020-03-31 14:30:53.928988	u/Piterszyn1	fm1i61f	u/MyAutisticBoi	fm1h8dv	C
2020-03-31 14:30:58.877224	u/Roskot	fm1i6aa	u/TTV-Sagil	fm1flig	C
2020-03-31 14:31:38.778308	u/hi-i-eat-children	fm1i7p3	u/taki_guy	fm1i6d0	C
2020-03-31 14:31:47.392108	u/harrypottereatspie	fm1i7tl	u/threethirtythree333	fm13koz	C
2020-03-31 14:31:55.901619	u/JojoKujo3011	fm1i7zx	u/Cillianna	fm1er2o	C
2020-03-31 14:32:17.317591	u/WaitUntilDawn	fm1i8eb	u/The-big-ouch	fm1aw28	C
2020-03-31 14:32:39.250034	u/ITookAGiganticPloopy	fm1i93i	u/NexxesLooking4memes	fm0uwtm	C
2020-03-31 14:32:43.966505	u/mr_memes07	fm1i974	u/chinese_bat	fm1bf7u	C
2020-03-31 14:32:47.284732	u/Noodly-Anon	fm1i99u	u/bromigo_dorito	fm1hfr9	C
2020-03-31 14:32:55.023139	u/Jellybomber564	fm1i9ic	u/scruffyturtle63	fm1i7vu	C
2020-03-31 14:33:17.993508	u/AttackofNoob	fm1iaao	u/Dj_Woomy2005	fm119j0	C
2020-03-31 14:33:43.206765	u/italomala	fm1ib5h	u/okaymandude	fm19x4i	C
2020-03-31 14:34:24.233857	u/Sushibtw	fm1ic26	u/thefatweeb	fm1fzha	C
2020-03-31 14:34:58.038806	u/_kalhan	fm1jmd4	u/Dolph63	fm1ctmb	C
2020-03-31 14:35:01.484514	u/profesionalyeeter	fm1jmg6	u/RufflesOriginal	fm0vh8y	C
2020-03-31 14:35:19.141653	u/HateDeathRampage69	fm1jn23	u/Flock_of_weebs	fm1e79z	C
2020-03-31 14:35:34.549887	u/peepeebiggy6969	fm1jnoy	u/DootDoot200	fm1ii2k	C
2020-03-31 14:35:36.487000	u/MechaCone	fm1jnr2	u/vulkur	fm0pnv1	C
2020-03-31 14:35:44.488355	u/Zoltanu	fm1jnz7	u/icefire555	fm19kit	C
2020-03-31 14:35:54.706606	u/tenillusions	fm1jogs	u/weebsama69	fm1jnmy	C
2020-03-31 14:36:07.193649	u/W0bbly_Sausage	fm1joql	u/CubatureRDT	fm1jlx9	C
2020-03-31 14:36:10.398374	u/-Pompeo-	fm1jot6	u/pilpilona	fm1fe09	C
2020-03-31 14:36:13.453739	u/MrBollie	fm1jou0	u/DontNotDoDrugz	fm09ogg	C
2020-03-31 14:36:21.616360	u/Sour__pie	fm1jpbo	u/I-FAP-TO-SNOO	fm1enmi	C
2020-03-31 14:36:58.423190	u/golden-strawberry	fm1jrgg	u/SlinkyCues	fm0dnds	C
2020-03-31 14:37:02.716924	u/andioopkdj	fm1jrmr	u/AutoModerator	fm0ttl6	C
2020-03-31 14:37:08.929588	u/LunarOutlaw20	fm1jrxy	u/i_want_to_BEE_dead	fm1hdd6	C
2020-03-31 14:37:26.840382	u/ChunkyPanda03	fm1jsq2	u/rebel729	flxzfkr	C
2020-03-31 14:37:33.410026	u/Tammiku57	fm1jt2b	u/ikeepwipingSTILLPOOP	fm13ggd	C
2020-03-31 14:37:34.924614	u/Confident_Hammer	fm1jt4a	u/QwertyLockjaw	fm1dc5l	C
2020-03-31 14:37:41.550096	u/_ReaverBreeder_	fm1jtca	u/racerfree	fm1d0eq	C
2020-03-31 14:38:12.744851	u/WhatShouldMyNameIsBe	fm1juur	u/daTman9	fm1gges	C
2020-03-31 14:38:24.605730	u/JackPaul42	fm1jvjh	u/Pappjakke	fm1jso8	C
2020-03-31 14:38:26.018381	u/shitIicker	fm1jvk6	u/k0reanc0rn	fm1h1pf	C
2020-03-31 14:38:44.800639	u/dgugfjjfhif	fm1jwbw	u/icantchoosename123	fm1ewzl	C
2020-03-31 14:38:50.501979	u/WaterpigCZ	fm1jwvi	u/GoHeadsGo	fm0g4r1	C
2020-03-31 14:38:59.331725	u/Koskeftw	fm1jxov	u/EmperorRosa	fm1j6by	C
2020-03-31 14:39:01.059552	u/arm_Saucy_mice	fm1jxt7	u/mrpampersisgood	fm1jj1o	C
2020-03-31 14:39:02.957033	u/Brimstonescythes	fm1jxww	u/Anubhavpc07	fm0i94p	C
2020-03-31 14:39:36.871005	u/Pooshy-O-Kudasai	fm1jzg2	u/RikkRakk	fm0y59w	C
2020-03-31 14:39:39.609403	u/MagnificentPanda	fm1jzts	u/QuickScope1597	fm1c0sl	C
2020-03-31 14:39:50.292170	u/DrCrossBones	fm1k01w	u/kcldnx	fm0voex	C
2020-03-31 14:39:52.442466	u/_FinalStop_	fm1k06j	u/patata-	fm1anlv	C
2020-03-31 14:39:56.627745	u/BenjiTheShort	fm1k18r	u/ostruch	fm19ah5	C
2020-03-31 14:39:57.419262	u/hostler4404	fm1k1as	u/saikaushal	fm1huqa	C
2020-03-31 14:40:11.692130	u/Jan_Finn	fm1k27j	u/simkarte161	fm1gns6	C
2020-03-31 14:40:28.598355	u/RashestGecko	fm1k32f	u/Incvbus	fm1jmm6	C
2020-03-31 14:40:42.991577	u/KnO_TrEy_ChieF	fm1k38e	u/Kelly240361	fsf5su	S
2020-03-31 14:40:45.321256	u/ttv_yt_sweatybot-	fm1k3a1	u/JaydinoBoi	fm0wlg0	C
2020-03-31 14:41:12.296373	u/A_lbert	fm1k4ai	u/Thatoneawkwarddude29	fm1iybe	C
2020-03-31 14:41:14.610413	u/IvyTheWolf	fm1k4b5	u/mistermuesli	fm1jx0n	C
2020-03-31 14:41:18.008721	u/Palkkiz	fm1k4bz	u/AutoModerator	fm1jwj6	C
2020-03-31 14:41:21.444531	u/Jeff-6969	fm1k4ew	u/dgugfjjfhif	fm1k31u	C
2020-03-31 14:41:24.960492	u/thatguysmeme320	fm1k4lg	u/_kalhan	fm1jmd4	C
2020-03-31 14:41:43.181715	u/kurokame	fm1k5d4	u/daddyfaps69	fm1eckn	C
2020-03-31 14:41:50.661099	u/DarkArcher__	fm1k5px	u/Helios124124	fm1gerh	C
2020-03-31 14:41:57.183467	u/GermanPanzer	fm1k5vm	u/arm_Saucy_mice	fm1jxt7	C
2020-03-31 14:42:20.880359	u/cloth_eater	fm1k6jm	u/JackPaul42	fm1dl33	C
2020-03-31 14:42:43.951416	u/Tituss_Doggo	fm1k721	u/Buldrux	fm1959k	C
2020-03-31 14:43:12.231017	u/Plumpfita	fm1k83d	u/luigismansion9000	fm1k08m	C
2020-03-31 14:43:25.533049	u/siddizie420	fm1k8md	u/lady_end	fseipm	S
2020-03-31 14:43:31.944409	u/killian_stark1	fm1k8ok	u/AeZhee	fm11bha	C
2020-03-31 14:43:51.076086	u/BleepBloop3344	fm1k9fv	u/TheUltimateJew46	fm1jdce	C
2020-03-31 14:44:00.889742	u/P0TAT0O0	fm1k9p5	u/skinatri	fm1coej	C
2020-03-31 14:44:23.735995	u/princess_eala	fm1kau2	u/MlgGuineaPig	fm1aup0	C
2020-03-31 14:44:30.974582	u/McCrackAddict	fm1kb8k	u/AeZhee	fm11bha	C
2020-03-31 14:44:50.456087	u/BoaSnake1209	fm1kcbg	u/R00sterPickens	fsicnc	S
2020-03-31 14:45:18.649645	u/HippoCripsXD	fm1kdh8	u/Quackajingleson	fm1k13k	C
2020-03-31 14:45:54.704677	u/pokethat	fm1ken9	u/JazzHandsOfDeath	fm0fhgp	C
2020-03-31 14:46:07.506333	u/Ranqowo_	fm1kfzd	u/RepostSleuthBot	fm0se1c	C
2020-03-31 14:46:22.538230	u/Ineedmorebread	fm1kgtz	u/saikaushal	fm1huqa	C
2020-03-31 14:46:51.760929	u/___shinigami___xoxo	fm1khxj	u/DontJudgeMeYouDoof	fm1fk8f	C
2020-03-31 14:47:10.954169	u/KryptonianFox	fm1kitz	u/miss-lulu3	fm1jz47	C
2020-03-31 14:47:13.597052	u/Temmie96	fm1kivn	u/EliotHudson	flxh44v	C
2020-03-31 14:47:21.429361	u/BananaBotlol	fm1kjbj	u/cloth_eater	fm1k6jm	C
2020-03-31 14:47:28.645930	u/Epics-bologna	fm1kjlf	u/Qurisssi	fm0sw77	C
2020-03-31 14:47:36.648302	u/DHArrgnz	fm1kjvt	u/EmbrocationL	fm19t9t	C
2020-03-31 14:48:29.314896	u/Yeetus-Deletus-Fetus	fm1kn8g	u/WallyTheWelder	fm1kbow	C
2020-03-31 14:48:33.616067	u/tutimes67	fm1knfe	u/RepostSleuthBot	fm166pf	C
2020-03-31 14:48:35.530687	u/Sunbroking	fm1knfp	u/Exinr	fm1jmxy	C
2020-03-31 14:48:37.121926	u/FoG_Steven	fm1knj9	u/patata-	fm19wwx	C
2020-03-31 14:48:40.701267	u/PenguStudios	fm1knte	u/Nyten_	fm1gvo4	C
2020-03-31 14:49:02.727069	u/Chrispy995	fm1kokw	u/baguragu08	fm0gp2i	C
2020-03-31 14:49:11.152660	u/Emeraldian09	fm1kp6c	u/xJamesio	fm1d7y3	C
2020-03-31 14:49:19.265819	u/ForeverLesbos	fm1kpmc	u/lazarbeamsmemer	fm1kbot	C
2020-03-31 14:49:20.210959	u/Conexion	fm1kpn8	u/MagnificentPanda	fm1jzts	C
2020-03-31 14:49:43.553408	u/Wolfblood876	fm1kryu	u/RufflesOriginal	fm0vh8y	C
2020-03-31 14:49:45.344856	u/disembodied_voice	fm1ks6q	u/mrbobby420	fm1f895	C
2020-03-31 14:49:47.175315	u/casphass06	fm1kskb	u/I_ate_mygrandma	fm0nlfe	C
2020-03-31 14:49:57.651831	u/hoilario	fm1kt99	u/Percy-Cabin_Three	fm1g4e8	C
2020-03-31 14:49:58.132823	u/ThisIsntABadName	fm1kt9q	u/SwordGenius	fm1buv0	C
2020-03-31 14:49:59.122737	u/IRDGAFTBH	fm1ktb1	u/Shagurope	fm1e76c	C
2020-03-31 14:49:59.844947	u/sillygoose234	fm1ktgm	u/hipartsy	flyalbu	C
2020-03-31 14:50:27.104730	u/RADR02	fm1kum3	u/ITypeWithAnAccent	fm1htwe	C
2020-03-31 14:50:31.977678	u/HouseDowningVicodin	fm1kusp	u/rance_kun	fm12t7h	C
2020-03-31 14:50:46.839061	u/letmenotfuckthisup	fm1kvgv	u/lovnelymoon-	fm1k5w5	C
2020-03-31 14:50:56.892163	u/The_Black-White_Dog	fm1kvry	u/MobbiK04	fm19s7h	C
2020-03-31 14:51:18.484865	u/theweirdkidintheback	fm1kwyg	u/Brudy123	fm1kurp	C
2020-03-31 14:51:45.923368	u/Futuristick-Reddit	fm1ky5m	u/Tinywhooppro	flzoeya	C
2020-03-31 14:51:52.178318	u/DrDarksome	fm1ky97	u/lettuce_umberella	fm0r9mv	C
2020-03-31 14:51:56.366807	u/KiwiKlice	fm1kyl2	u/_FinalStop_	fm1afyi	C
2020-03-31 14:52:02.413413	u/anyway-at	fm1kz3x	u/Bill-fricken-cipher	fm0rwki	C
2020-03-31 14:52:06.854024	u/DemonBoss222	fm1kzfu	u/LunarOutlaw20	fm1jrxy	C
2020-03-31 14:52:29.317973	u/Zecnoram	fm1l0sa	u/Noble____Actual	fm17n4d	C
2020-03-31 14:52:51.248780	u/KawaiiBongoCat	fm1l1xp	u/yourpantsaretoobig	fm1i3av	C
2020-03-31 14:53:00.854787	u/thedingdongringer	fm1l289	u/someguy-original	fm0iwc1	C
2020-03-31 14:53:39.859061	u/metaaltheanimefan	fm1l3md	u/jesswu0126	fm1iw32	C
2020-03-31 14:53:55.082006	u/nuggetfjord	fm1l44y	u/MisterSmoith	fm11f5u	C
2020-03-31 14:54:02.701635	u/JT-TJ	fm1l4ja	u/AeZhee	fm11bha	C
2020-03-31 14:54:12.904609	u/Krzysiek127	fm1l4tv	u/ohbabyspence	fm1dsqr	C
2020-03-31 14:54:19.910774	u/Princess_Underground	fm1l57o	u/425degree	fm12x60	C
2020-03-31 14:54:56.254371	u/Dredgen_Raptor	fm1l6bi	u/lol_is_copied2	fm1jxq9	C
2020-03-31 14:55:30.225159	u/umpoco_loco	fm1l8bu	u/dwehlen	flwapmm	C
2020-03-31 14:55:41.454226	u/Drfeeladequate	fm1l8si	u/Dead_Snapper	fm1iikf	C
2020-03-31 14:55:44.455552	u/aboganza	fm1l8vk	u/RikkRakk	fm0y59w	C
2020-03-31 14:55:47.774298	u/RobloxPussyEater	fm1l8xs	u/meatman_plays	fm0smn9	C
2020-03-31 14:55:54.746746	u/IOnlyLikeSpaghetti	fm1l96d	u/CapnChiknNugget	fse6fr	S
2020-03-31 14:56:03.070836	u/PanceDragon	fm1l9gd	u/fluxedlolman	fm0el5x	C
2020-03-31 14:56:22.647807	u/dancingbobfell	fm1la3h	u/B19B0y124	fm13aqd	C
2020-03-31 14:56:26.283075	u/Night_Hunter47	fm1lab0	u/GoHeadsGo	fm0g4r1	C
2020-03-31 14:56:31.506514	u/EpiCgaMer888	fm1lard	u/Triande	fm1j0gq	C
2020-03-31 14:57:00.769022	u/flabdab	fm1lch6	u/RepostSleuthBot	fm0o142	C
2020-03-31 14:57:12.942175	u/PStone11	fm1lcl7	u/Taianonni	fm1a7qw	C
2020-03-31 14:57:47.095482	u/FatDubz_	fm1ldvw	u/-Lemon-Boi-	fm16h7w	C
2020-03-31 14:58:43.093005	u/tokkutacos	fm1lfx6	u/Julian-Staarink	fm1gzsb	C
2020-03-31 14:58:48.765342	u/Son-of-Citation	fm1lgix	u/AutoModerator	fm0t6a0	C
2020-03-31 14:59:11.123581	u/Snuzfuz	fm1lhbu	u/Bookqueen12	fm0fr8s	C
2020-03-31 14:59:12.821956	u/Beefsauce3	fm1lhgt	u/sybch	fm1hl0k	C
2020-03-31 14:59:14.898451	u/purple-octopus42069	fm1lhmc	u/Danny-Porter	fm1id8t	C
2020-03-31 14:59:19.134825	u/TheLustyDremora	fm1lho7	u/Paracelsus124	fm1edjv	C
2020-03-31 14:59:30.807832	u/baby_goth	fm1linl	u/NotAJInnit	fm12ucn	C
2020-03-31 14:59:40.236778	u/wasteofpasta728	fm1ljfu	u/Painted_Wolf-1221	fm1l0yh	C
2020-03-31 14:59:45.725247	u/Just_numbers105	fm1lju2	u/ironship48	flxyh3i	C
2020-03-31 14:59:52.021204	u/Spacewalkker	fm1lkip	u/slickbannana0712	fm0n773	C
