2020-04-07 08:01:00.643665	u/acceptable_lemon	fmoiyc6	u/BobTheCoolRock	fmofl21	C
2020-04-07 08:01:11.320625	u/Soda_Addict_XD	fmoiygf	u/sub2deadmeat	fmoivtj	C
2020-04-07 08:01:31.619015	u/D0mInIcFeN1xcArMine	fmoiywt	u/ToyTrainlandFan	fmoiuzl	C
2020-04-07 08:03:07.111528	u/TJDAMAN	fmoj193	u/ThatOneDuccyBoi	fmnxm2l	C
2020-04-07 08:05:02.392812	u/EdenPre	fmoj43q	u/duck-man-cool-man	fmoi8sp	C
2020-04-07 08:06:25.677662	u/--Cosmonaut-	fmoj5zz	u/emeraldkma	fmochv7	C
2020-04-07 08:07:19.657037	u/OrangemanbadNPC42	fmoj72a	u/extantbuffalo	fmoezi4	C
2020-04-07 08:08:07.650008	u/therealRNZ	fmoj8bp	u/IAmBoredRightNovv	fmohbl9	C
2020-04-07 08:08:17.441103	u/skinnjr	fmoj8gl	u/AnneLindy	fmimufh	C
2020-04-07 08:08:58.718075	u/RandomTeenager69	fmoj9qx	u/YeBoiPunAddict	fmoiec1	C
2020-04-07 08:09:16.893929	u/PaddyLostysPint	fmojag1	u/RepostSleuthBot	fmohli5	C
2020-04-07 08:09:27.310439	u/SpaRibs	fmojakn	u/IchBin_Intelligent	fmoj693	C
2020-04-07 08:09:43.795967	u/Nut_Chorizo	fmojbom	u/MyJelloJiggles	fmnx4mi	C
2020-04-07 08:09:46.493206	u/DespressoPL	fmojbws	u/Dwelld	fmo5cxi	C
2020-04-07 08:09:59.803667	u/Alm-Tre	fmojcck	u/badasshuh	fmoj5le	C
2020-04-07 08:10:01.308507	u/kubatym	fmojcvl	u/nukeafrica88	fmoj3j0	C
2020-04-07 08:11:23.194216	u/RedditIsFacebook2	fmojesw	u/stalin_the_best	fmoiugg	C
2020-04-07 08:11:52.537067	u/SerialKiller45609	fmojfaa	u/le_chat_du_japon	fmogdl1	C
2020-04-07 08:12:37.352980	u/Elon-Musk-420	fmojfyk	u/whatisabaggins55	fmohc4x	C
2020-04-07 08:12:50.095856	u/yhdwwuu	fmojg2o	u/Spanish-Inquistion	fmoj2a6	C
2020-04-07 08:13:21.180520	u/ace_269	fmojgmx	u/stuff-I-thota-o-stol	fmojf32	C
2020-04-07 08:13:57.704223	u/SajmirHunterYT	fmojhvk	u/MrMaaf	fmodp4h	C
2020-04-07 08:14:57.532003	u/hash-slingin-slashur	fmojj5j	u/DaniilRomanovich	fmoiazy	C
2020-04-07 08:16:02.613840	u/MaNameIsMichae	fmojkl1	u/the-farshid	fmo9wk2	C
2020-04-07 08:16:22.528368	u/dankBapu	fmojkzg	u/WE_FEE	fmojiy0	C
2020-04-07 08:17:00.467311	u/thenotionx	fmojlpz	u/I-Maser	fmojkej	C
2020-04-07 08:17:56.157778	u/Waker-O	fmojmxn	u/Funky8oy	fmofdz2	C
2020-04-07 08:19:21.132305	u/ThatOneNorm	fmojr1f	u/yellowrichi	fmoiy0d	C
2020-04-07 08:19:50.305962	u/polaretto2	fmojs46	u/R4B1DRABB1T	fmojlb7	C
2020-04-07 08:20:34.949578	u/manju45	fmojtzl	u/thatspiders-tea	fmohwnp	C
2020-04-07 08:20:49.871211	u/hanshermannhoppe	fmojucj	u/tylernelson71515	fmobbue	C
2020-04-07 08:21:16.800303	u/MemeuReeves	fmojutz	u/VanashinGlory	fmnzsvt	C
2020-04-07 08:21:24.212302	u/pakl0900	fmojuxd	u/-RED4CTED-	fmmxnu1	C
2020-04-07 08:21:35.790256	u/Kr1ggs	fmojv1j	u/Misbah2107	fmo8vpd	C
2020-04-07 08:21:57.233739	u/tbot01	fmojvba	u/Imafailure33	fmojjbl	C
2020-04-07 08:23:26.642335	u/Unique_name256	fmojwif	u/SquidzYT	fmodhs8	C
2020-04-07 08:23:41.013564	u/IAintNotPedobear	fmojwux	u/olcq777	fmojuk5	C
2020-04-07 08:24:57.202212	u/pugking93	fmojyfi	u/MAGIC_EYE_BOT	fmm4ov6	C
2020-04-07 08:25:45.826046	u/JRG6799	fmojzua	u/MyJelloJiggles	fmnx4mi	C
2020-04-07 08:26:30.499166	u/BlueBoyz8	fmok0h9	u/pAtch3sTHE1i3r	fmohcnb	C
2020-04-07 08:27:10.986757	u/Urmomgay890	fmok0x6	u/I_am_That_Ian_Power	fmojvsf	C
2020-04-07 08:27:29.804486	u/beta-ghost	fmok1oj	u/Imafailure33	fmojjbl	C
2020-04-07 08:27:37.707911	u/bradaboy	fmok1zh	u/trenzzio	fmo9n8w	C
2020-04-07 08:27:44.532201	u/DiekeDrake	fmok1zw	u/LipsonNeLivson	fmo7gib	C
2020-04-07 08:29:11.521448	u/DjerpTurtle	fmok5bq	u/TheFoxyXof	fmok2n1	C
2020-04-07 08:29:28.659192	u/emanon_97	fmok5n2	u/corvenal	fmo3txw	C
2020-04-07 08:29:58.954513	u/BleachMePlease	fmok73y	u/thatspiders-tea	fmojvj2	C
2020-04-07 08:30:43.699752	u/Bas_Bruh	fmok7vl	u/randomguywithmemes	fmcgoyc	C
2020-04-07 08:30:50.216052	u/yerrychow	fmok81g	u/Bartix_1233	fmoh7fj	C
2020-04-07 08:31:06.161565	u/Lord_Dimension	fmok8h0	u/echim302	fmobwma	C
2020-04-07 08:31:13.974261	u/iwood10678	fmok8mg	u/j3hadipi3	fmok2h1	C
2020-04-07 08:31:25.611360	u/Ibrahim-khan	fmok8yy	u/Sadest_Cactus	fmok7lx	C
2020-04-07 08:33:10.541468	u/itamarq	fmokbqm	u/adamlolxd	fmohrxi	C
2020-04-07 08:34:38.970052	u/Dardycuzz	fmokd9z	u/headset-	fmoiu5c	C
2020-04-07 08:35:03.031286	u/wolf_smh	fmokdp4	u/shravi1995	fmo9tln	C
2020-04-07 08:35:07.962589	u/not_mrtz	fmokdru	u/Jameson-Junkenstein	fmohhvw	C
2020-04-07 08:35:23.380330	u/thequeensfit	fmokef8	u/brown361Cat	fmo8g9e	C
2020-04-07 08:36:06.338522	u/gpk7p	fmokfp1	u/Horn_Python	fmogjm7	C
2020-04-07 08:36:12.385389	u/ISO_3103_	fmokfxh	u/BenningtonSophia	fmo9npl	C
2020-04-07 08:36:51.729352	u/TheFlyingButter	fmokh7j	u/DustyDayz	fmoafrg	C
2020-04-07 08:37:50.091582	u/detrebio	fmokj5s	u/badasshuh	fmo8i9c	C
2020-04-07 08:37:52.089532	u/pachirulis	fmokj95	u/Thechampion1300	fmofu6v	C
2020-04-07 08:37:54.096772	u/pachy_hapirat	fmokj9i	u/adamlolxd	fmohrxi	C
2020-04-07 08:39:13.299675	u/hahahanotfunny12	fmokl74	u/loopsbrother2903	fmojzlg	C
2020-04-07 08:39:23.421005	u/KannaKush	fmoklwj	u/beta-ghost	fmokif9	C
2020-04-07 08:39:42.223362	u/pupakoopa27	fmokmsu	u/CanYouSmellToast	fmokgb6	C
2020-04-07 08:40:08.760989	u/NappoBappoNukesJappo	fmokogz	u/ablablababla	fmofvrb	C
2020-04-07 08:40:59.780134	u/LSL_NGB	fmokpqm	u/badasshuh	fmok1mz	C
2020-04-07 08:41:13.548454	u/Prakhar006	fmokpxi	u/ArmstrongTREX	fmoklv9	C
2020-04-07 08:41:22.141359	u/pauriush	fmokq2n	u/AR-15-AssaultRifle	fmokl48	C
2020-04-07 08:41:34.584973	u/sdalinshampoo	fmokqcg	u/RepostSleuthBot	fmo6hm5	C
2020-04-07 08:42:21.728373	u/sigu91	fmokqyn	u/JU3EL101	fmoil8w	C
2020-04-07 08:43:22.521913	u/Forsaken1337	fmokry7	u/Nemesis233	fmo637w	C
2020-04-07 08:44:47.480759	u/RedditLime	fmoktkw	u/Hazrtine	fmokbol	C
2020-04-07 08:45:21.686216	u/blueridgerat	fmomfj8	u/BluGalaxy	fmni2j2	C
2020-04-07 08:45:24.775805	u/I_am_ANGEERY	fmomfku	u/ThreadRetributionist	fmnrqtd	C
2020-04-07 08:45:52.470805	u/Starmz	fmomg3e	u/gamerchang3r	fmnsjmb	C
2020-04-07 08:46:05.302209	u/jabake420	fmomggn	u/Vampierkonijn	fmfmgz1	C
2020-04-07 08:46:14.153265	u/rajeshbhat_ds	fmomgn2	u/Team_Pocket_Leader_	fmntpft	C
2020-04-07 08:46:18.260770	u/nalleball	fmomgpa	u/NMmrNice	fmo5ffm	C
2020-04-07 08:46:33.212283	u/DementedBloke	fmomgsl	u/modern_problems	fmolhvl	C
2020-04-07 08:46:54.132362	u/call-me-loretta	fmomh1z	u/michaelje0	fwe56q	S
2020-04-07 08:47:10.223239	u/aiizzee	fmomhe2	u/seira117	fm99nfh	C
2020-04-07 08:47:23.824802	u/WHYurppverysmol	fmomhpe	u/St0rmFrog	fmomh15	C
2020-04-07 08:49:59.963524	u/kevinux123	fmommrv	u/CryoDemise	fmo9865	C
2020-04-07 08:50:01.379756	u/NotThe0dd1s0ut	fmommt5	u/badasshuh	fmoj5le	C
2020-04-07 08:50:19.300145	u/Osiriaa	fmomn89	u/Funnymemesforsociety	fmombho	C
2020-04-07 08:53:00.652366	u/Didi10b	fmomq2j	u/Hazrtine	fmokv87	C
2020-04-07 08:53:50.937935	u/Pyrotonnevy	fmomr4v	u/EMEYDI	fmolbhs	C
2020-04-07 08:54:43.042463	u/biddy314	fmoms52	u/RedSpicyBoi	fmo5uky	C
2020-04-07 08:55:29.216487	u/MASTEROFARENEAE	fmomsy3	u/AquelaDoPessego	fmomohx	C
2020-04-07 08:56:02.955103	u/Pyrosisism	fmomtp6	u/weeboo21678	fmne94a	C
2020-04-07 08:56:18.842448	u/YourDadWatchesAnime	fmomtwb	u/RepostSleuthBot	fmom6oj	C
2020-04-07 08:56:53.450716	u/ocean_ores	fmomuss	u/yashkumarverma	fmml7gn	C
2020-04-07 08:59:10.996543	u/WeirdDuckLover	fmomyxl	u/RaDaR_LeviLawliet	fmntpc4	C
2020-04-07 08:59:25.285933	u/GreySnake_	fmomzb7	u/LSL_NGB	fmokpqm	C
2020-04-07 08:59:35.724140	u/AlpacaEr	fmomzv8	u/MaNameIsMichae	fmojhd1	C
2020-04-07 08:59:51.492626	u/i_like_cheese1234	fmon0cm	u/Freynir	fmofykp	C
2020-04-07 08:59:52.773545	u/Finnish_Crusader	fmon0co	u/Kingbuster9903	fmom0m8	C
2020-04-07 08:59:54.632527	u/DaimoOfTheWorld	fmon0fh	u/Claudio1054	fmogeil	C
