2020-03-20 16:21:04.778218	u/SparkleToes75	fl1sybg	u/dovedevic	fkvgw7t	C
2020-03-20 16:21:41.039100	u/Pashoo93	fl1t0bv	u/dovedevic	fkvrzyh	C
2020-03-20 16:22:31.217774	u/Decidueyebestpokemon	fl1t2gs	u/dovedevic	fkvgw7t	C
2020-03-20 16:22:43.410616	u/Sun_Beams	fl1t33w	u/SparkleToes75	fl1sybg	C
2020-03-20 16:25:53.011127	u/why-thooo	fl1tbqx	u/dovedevic	fkvgw7t	C
2020-03-20 16:27:08.680966	u/ralphrk1998	fl1tghc	u/dovedevic	fkvgw7t	C
2020-03-20 16:27:38.103029	u/GraffeChokos	fl1tj30	u/dovedevic	fkvgw7t	C
2020-03-20 16:27:51.263974	u/Danthegod17	fl1tjte	u/dovedevic	fkvgw7t	C
2020-03-20 16:28:58.102773	u/AmbivalentLzrd	fl1to6b	u/dovedevic	fkvgw7t	C
2020-03-20 16:29:38.126873	u/polotrav	fl1tr2v	u/dovedevic	fkvgw7t	C
2020-03-20 16:29:48.843636	u/McDonaldsBig	fl1tsfl	u/dovedevic	fkvgw7t	C
2020-03-20 16:30:45.310606	u/WeetNeet	fl1tv9d	u/dovedevic	fkvrzyh	C
2020-03-20 16:33:28.021279	u/Solus544738	fl1u2j1	u/dovedevic	fkvgw7t	C
2020-03-20 16:34:53.586999	u/The_Red_Pine	fl1u70e	u/dovedevic	fkvgw7t	C
2020-03-20 16:37:56.571904	u/best_burger_man	fl1ufyj	u/dovedevic	fkvgw7t	C
2020-03-20 16:42:21.721241	u/jordanknight13	fl1uvee	u/dovedevic	fkvgw7t	C
2020-03-20 16:43:12.204444	u/StormStudio	fl1uxrh	u/dovedevic	fkvgw7t	C
2020-03-20 16:46:41.629442	u/Slightlyburntpadthai	fl1v6qw	u/dovedevic	fkvgw7t	C
2020-03-20 16:47:35.581336	u/derptymerp	fl1v92g	u/dovedevic	fkvgw7t	C
2020-03-20 16:48:41.849257	u/Acid_Reflux_diet	fl1vce9	u/dovedevic	fkvgw7t	C
2020-03-20 16:52:54.895325	u/NoobMaster69forlife	fl1vq7d	u/dovedevic	fkvgw7t	C
2020-03-20 16:54:14.712013	u/excalibro_prime	fl1vt5m	u/dovedevic	fkvryeu	C
2020-03-20 16:56:35.525501	u/DrWodles805	fl1vzkh	u/dovedevic	fkvgw7t	C
2020-03-20 16:57:51.070172	u/pewdie3point14159265	fl1w3i5	u/dovedevic	fkvgw7t	C
2020-03-20 16:58:55.501560	u/ShrexyMemer69420	fl1w6z4	u/dovedevic	fkvgw7t	C
