2020-04-16 13:00:04.519633	u/FakeMarissa	fnlmul4	u/MorningPants	fnll3hy	C
2020-04-16 13:00:32.666600	u/Al_Nightmare866	fnlmvot	u/maxmax187	fnl4xlp	C
2020-04-16 13:00:44.779040	u/MedoZam	fnlmvvl	u/EL_SQUISHY	fnlcmdl	C
2020-04-16 13:00:48.253354	u/SniperElite1080	fnlmw0q	u/EththeEth	fnlkq45	C
2020-04-16 13:01:13.165111	u/mlgproaaron	fnlmwtq	u/ARodGoat12	fnll6uo	C
2020-04-16 13:01:34.978944	u/Minino_Kitty	fnlmxau	u/Lucky-Twelve	fnl67jb	C
2020-04-16 13:01:49.057464	u/sike_edelic	fnlmxv1	u/Feedmegrapesplz	fnlm26k	C
2020-04-16 13:02:24.220883	u/PreciseTwo	fnlmyv2	u/Thederpydroid	fnl8g92	C
2020-04-16 13:02:49.515577	u/AjaxATGuns	fnlmzr5	u/ItsYeFlappyBoi	fnlh3x4	C
2020-04-16 13:02:53.017698	u/Taurelith	fnlmzt2	u/secondtoasterintub	fnlfkdb	C
2020-04-16 13:02:56.211826	u/wrechin0	fnlmzv5	u/SnowySupreme	fnll5mo	C
2020-04-16 13:03:38.709638	u/awesomemanlie	fnln16d	u/Elon_Musk-2	fnl8392	C
2020-04-16 13:03:43.185560	u/TalibanTom69	fnln1a8	u/Savage-Chipmunk	fnlmbwj	C
2020-04-16 13:04:35.276398	u/IShouldBeWorking_Meh	fnln3cy	u/MEOWcookie1	fnln1d0	C
2020-04-16 13:04:44.611415	u/saralaha	fnln3ks	u/getrekdnoob	fnkwp98	C
2020-04-16 13:05:03.130626	u/walrussss123	fnln489	u/Picker-Rick	fnlikvg	C
2020-04-16 13:05:19.350165	u/map1130	fnln4yr	u/riellycastle	fnll5yo	C
2020-04-16 13:05:38.140500	u/hounton	fnln5oy	u/Jowzef	fnlj8g9	C
2020-04-16 13:06:04.657883	u/bibi_masss	fnln6xs	u/ghostftw5	fnljerz	C
2020-04-16 13:06:54.363197	u/ShiroiTora	fnln8jh	u/wo0ooshme	fnkhs1l	C
2020-04-16 13:08:07.343574	u/HeartsofDokiEmblem	fnlnbkq	u/Patrick_Bot2	fnln4hr	C
2020-04-16 13:08:11.254940	u/mushyleatherface212	fnlnbzp	u/Patrick_Bot2	fnl9nou	C
2020-04-16 13:08:34.317848	u/AlmanacZak	fnlnd5u	u/inhinyerongmekanikal	fnlff46	C
2020-04-16 13:09:03.913058	u/BronzSmurf	fnlnegt	u/MorningPants	fnll3hy	C
2020-04-16 13:09:10.751614	u/Nitro224	fnlneql	u/manxmaniac	fnl0mb4	C
2020-04-16 13:09:25.320936	u/TrueSku	fnlnfe4	u/00D4Teri	fnlka30	C
2020-04-16 13:09:32.613431	u/euclidasdf	fnlnfn4	u/Kade_Watson	fnkleum	C
2020-04-16 13:09:36.637956	u/Radi0activE96	fnlng0p	u/_adam_beckett_	fnc55z6	C
2020-04-16 13:09:46.875086	u/Fit-Wafer	fnlngk7	u/CamoFreakGaming	fnliucd	C
2020-04-16 13:09:49.313486	u/mikefright756	fnlngnp	u/stationm	fnliy0f	C
2020-04-16 13:09:58.181451	u/Primary-Contract	fnlnhci	u/reidswetapples	fnkxdi8	C
2020-04-16 13:09:59.581361	u/Tcoon14	fnlnhhs	u/Lucas_Islas	fnk8rut	C
2020-04-16 13:10:31.326732	u/YourLifeSucksAss	fnlninf	u/behanandgsha	fnld0rv	C
2020-04-16 13:10:35.723736	u/Good-Time-Stranger	fnlniqn	u/platinum_1212	fnkqnxd	C
2020-04-16 13:12:24.362038	u/djnugget2204	fnlnlkb	u/thanosplusdespacito	fnlmzfn	C
2020-04-16 13:12:42.433959	u/Xx-CeNsOrEd-xX	fnlnmh5	u/AaronBanyard	fnksv7i	C
2020-04-16 13:12:56.204850	u/MrMustacheMan101	fnlnmnt	u/hdjcjfjfjfjjcj	fn43zmy	C
2020-04-16 13:13:33.353651	u/shesdrawnpoorly	fnlnnpa	u/PerunaPorkkana	fnla07a	C
2020-04-16 13:13:45.385865	u/_confusion100_	fnlnoe5	u/420thc6969	fnlmb03	C
2020-04-16 13:14:06.269090	u/Chacaka	fnlnp7q	u/Qwertybot1000	fnlm5in	C
2020-04-16 13:14:31.652894	u/cokedupdragon	fnlnpve	u/Garfield-is-Obese	fnln551	C
2020-04-16 13:14:38.312985	u/greyskull4tea	fnlnpxf	u/platinum_1212	fnkqnxd	C
2020-04-16 13:14:43.502534	u/maunzendemaus	fnlnq23	u/aPiMpNaMEdSLiCkBaCc	fnliypw	C
2020-04-16 13:15:22.781172	u/RaspberryJamMaam	fnlnrkz	u/mohaee	fnldrks	C
2020-04-16 13:15:30.104542	u/drakness110	fnlnrtr	u/That_dude_from_India	fnlnlc4	C
2020-04-16 13:16:41.923687	u/Jacobelemauve	fnlnu83	u/Zackiwi	fnl3ist	C
2020-04-16 13:16:55.140403	u/skipperuzumaki	fnlnuja	u/blitzmeme69	fnli1ni	C
2020-04-16 13:17:25.559921	u/STARBURST3R	fnlnvvr	u/hounton	fnln5oy	C
2020-04-16 13:17:28.645699	u/caesuraces	fnlnvy7	u/IAmInside	fnlm57a	C
2020-04-16 13:17:51.349874	u/Numbber1neJoJoFan	fnlnx6n	u/BlueTDG	fnl00nj	C
2020-04-16 13:17:52.933665	u/Dantheman10100000	fnlnx8l	u/AngeryDoggoRen	fnljgkm	C
2020-04-16 13:18:02.925127	u/Jacobelemauve	fnlnxj4	u/leohabs077	fnl3mtk	C
2020-04-16 13:18:16.509824	u/crashing_human_API	fnlpcjh	u/blitzmeme69	fnlifar	C
2020-04-16 13:18:46.256410	u/klausvandre	fnlpdi2	u/Respect_Paying_Bot	fnlo4dy	C
2020-04-16 13:18:48.076761	u/_Darth_Nihilus_	fnlpdju	u/Beastboy43216	fnl0flr	C
2020-04-16 13:18:52.833041	u/Shushukid1	fnlpdr2	u/iamCornholio-69	fnlnphn	C
2020-04-16 13:18:56.863683	u/OGSOURAV	fnlpdul	u/RepostSleuthBot	fnlcfns	C
2020-04-16 13:19:11.315043	u/UnrealSlim	fnlpegu	u/YoHomie99	fnkwfem	C
2020-04-16 13:19:34.224470	u/acekaywastakensooo	fnlpg7q	u/xXW1ck3dR3dd1tXx	fnlmhtc	C
2020-04-16 13:19:58.276276	u/Flo_ryan95	fnlpj62	u/NDOfficial	fnlp5v7	C
2020-04-16 13:21:14.586572	u/took-ur-name	fnlplj0	u/JarOfNibbles	fnlgd83	C
2020-04-16 13:21:26.846683	u/mangolover27	fnlplyv	u/Surely_Not_NSA	fnksfau	C
2020-04-16 13:21:56.262746	u/lisa97827	fnlpmm6	u/Crazy_Dalek_	fnlmme9	C
2020-04-16 13:22:11.777218	u/crossyroadster	fnlpncz	u/giygas88	fnlhak7	C
2020-04-16 13:22:23.193310	u/_Xand0n_	fnlpnmq	u/RJPeaches	fnlpl0d	C
2020-04-16 13:22:25.451853	u/Aetherrin	fnlpnov	u/SNPChurchill	fnkzf8b	C
2020-04-16 13:22:38.093208	u/thonkingonit	fnlpobw	u/grannygritz	fnkqdk4	C
2020-04-16 13:22:50.146899	u/enigmatic_zombie	fnlpowi	u/boobiedicky69	fnlm6a4	C
2020-04-16 13:23:29.842291	u/_Xand0n_	fnlpq7f	u/3v42069	fnlpokl	C
2020-04-16 13:24:37.134435	u/Be_A_Traveler	fnlpsd4	u/A-Lonely-Gorilla	fnlppgm	C
2020-04-16 13:26:09.387657	u/Rakurai007	fnlpuon	u/XxLORD_SxX	fnljf03	C
2020-04-16 13:26:18.929600	u/Wailka	fnlpv42	u/giygas88	fnlhak7	C
2020-04-16 13:26:20.814198	u/-Uncreative_Username	fnlpv6r	u/tearful_muffin	fnlhack	C
2020-04-16 13:26:43.897818	u/OCurtaMemes	fnlpw09	u/jigglyzee	fnjhkro	C
2020-04-16 13:26:50.749870	u/ReasyRandom	fnlpw9o	u/Litandsexysidious	fnhpxr8	C
2020-04-16 13:26:56.625654	u/Linux-Is-Best	fnlpwge	u/BuckySpanklestein	fnlnx8x	C
2020-04-16 13:27:15.673606	u/Ejlo352	fnlpxkq	u/Herr_Unbenant	fnlhz97	C
2020-04-16 13:27:32.092918	u/TopazPuppy	fnlpxv6	u/Quija5000	fnlpw0x	C
2020-04-16 13:27:36.866907	u/GhostX404	fnlpy7z	u/SovietCoconut	fnkx0fz	C
2020-04-16 13:28:06.718431	u/angelofwasteland	fnlpzc0	u/TurnipAxeBadger	fnkt2xz	C
2020-04-16 13:28:13.185508	u/Sir-Clout-the-5th	fnlpze4	u/DatDamMonkey420	fnlpkt3	C
2020-04-16 13:28:34.846573	u/Linux-Is-Best	fnlq0po	u/SwanAndMe	fnlnylh	C
2020-04-16 13:28:40.009260	u/Sozyopath	fnlq0wu	u/Mattburgo7	fnlpn1z	C
2020-04-16 13:28:47.593292	u/kingdrew2007	fnlq17e	u/mysticwarrior222	fld8411	C
2020-04-16 13:28:53.417756	u/AlpacazLord	fnlq1m3	u/7J8F	fnlp1z5	C
2020-04-16 13:29:27.335236	u/gotyeetednoob	fnlq33j	u/strgzn	fnlh5yu	C
2020-04-16 13:29:45.259969	u/IAmTeaBag4	fnlq4pk	u/mdahms95	fnla4cu	C
2020-04-16 13:29:54.047732	u/Subzero_355	fnlq5c0	u/ehgwdf	fnlogbg	C
2020-04-16 13:29:54.690930	u/ThunderSh0wer	fnlq5dg	u/warframefan420	fnlawq3	C
2020-04-16 13:29:59.414459	u/TN212	fnlq5pa	u/Fuck-Your-Couch-	fnlq20w	C
2020-04-16 13:29:59.776619	u/letsgetthismfbread12	fnlq5r9	u/tearful_muffin	fnliog8	C
2020-04-16 13:30:16.957963	u/Paradiddleq	fnlq693	u/alienbread11	fnlig1v	C
2020-04-16 13:30:19.403705	u/Munchie543	fnlq69v	u/KKirscheAufSahne	fnlq0ja	C
2020-04-16 13:30:35.791915	u/pikinjo1	fnlq6ra	u/allnamesaretaken1988	fnlamjt	C
2020-04-16 13:31:07.277725	u/ihavenoname42069	fnlq84p	u/Sweep_Paralysis	fnlgxqk	C
2020-04-16 13:31:56.769296	u/AtomicRocket69	fnlq997	u/pstarpanos	g2cuyl	S
2020-04-16 13:32:40.583728	u/KrazyKoopa06	fnlqa6j	u/keanu_leafes	g2eq9x	S
2020-04-16 13:32:56.717540	u/urmomgay225	fnlqamv	u/carrot1002	fnlpqlq	C
2020-04-16 13:33:02.003635	u/EL_Chapo96	fnlqani	u/dropkickdurpy	fnlda4n	C
2020-04-16 13:34:00.841437	u/DerpPotat	fnlqccd	u/TOFU_dragon_777	fnknt6d	C
2020-04-16 13:34:12.077107	u/TheRottenKittensIEat	fnlqct3	u/dylpickle4	fnl7pkm	C
2020-04-16 13:34:17.953132	u/FuxedPotato	fnlqcxm	u/piecwm	fnkxn8c	C
2020-04-16 13:34:20.340883	u/Ryanevje	fnlqcyo	u/SonOfChungus	g2bu8n	S
2020-04-16 13:35:19.922713	u/mccubbinash	fnlqf0j	u/TheFirstNutBusted	fnlqbcn	C
2020-04-16 13:35:56.419641	u/The_Creeper_Man	fnlqft3	u/TheMightyBeak376	fnlq9hw	C
2020-04-16 13:36:17.227256	u/i_is_shorty_boi	fnlqgo2	u/Rukenau	fnedhgk	C
2020-04-16 13:36:52.488490	u/instantnoodledoodle	fnlqhsh	u/bizzabee	fnlii7h	C
2020-04-16 13:37:31.606565	u/Haku_Sama	fnlqiui	u/dylpickle4	fnl7pkm	C
2020-04-16 13:38:32.102125	u/Samwise-is-my-hero	fnlqlfs	u/mcenteej95	fnl8age	C
2020-04-16 13:38:51.345903	u/ConnorHazReddit	fnlqmb3	u/italian_stonks	fnlhif1	C
2020-04-16 13:39:04.381114	u/vajanna99	fnlqn1g	u/Timthepizza	fnl9102	C
2020-04-16 13:39:36.984914	u/JackAttack3828	fnls0dy	u/demons-yelling	fnlrqow	C
2020-04-16 13:39:53.898996	u/Zomainn	fnls0vy	u/The_phoenix_kun	fnlry9d	C
2020-04-16 13:40:18.644482	u/justanotherpersonn1	fnls1od	u/blitzmeme69	fnlrzek	C
2020-04-16 13:41:00.623539	u/DabbingUnikern	fnls2zz	u/Kindred22	fnlrgh0	C
2020-04-16 13:41:04.135829	u/ThatDorkInAHoodie	fnls33u	u/ITCOMMAND	fnlrwqx	C
2020-04-16 13:41:21.149058	u/black__vans	fnls3gk	u/__Emer__	fnlekqt	C
2020-04-16 13:41:54.802391	u/tyrannasauruszilla	fnls4b6	u/CryoDel	fnk6u69	C
2020-04-16 13:42:10.598519	u/HayyanPro167	fnls4yf	u/pickle_mateo	fnlqr7g	C
2020-04-16 13:42:56.057727	u/Ewenf	fnls6a8	u/jahallo4	fnlr56t	C
2020-04-16 13:43:08.785839	u/LotusEaterMadara	fnls6ki	u/xarigato	fnlkvzk	C
2020-04-16 13:43:10.962030	u/joe1200	fnls6kw	u/memer0512	fnlibrr	C
2020-04-16 13:43:22.761161	u/saddest__boi	fnls6tb	u/__Emer__	fnls4ei	C
2020-04-16 13:43:45.815753	u/desterothx	fnls7iw	u/Cachuchotas	fnlm5gc	C
2020-04-16 13:44:29.110909	u/Jochumm	fnls9bk	u/memer0512	fnlibrr	C
2020-04-16 13:44:45.965923	u/DillyDallyZuke	fnlsa29	u/ex1stential_crisis	fnls3fo	C
2020-04-16 13:44:54.999350	u/anidiotwithagun	fnlsaep	u/SameLevelAsEvery1	fnlo9wj	C
2020-04-16 13:45:31.027483	u/ljcrider	fnlsc3o	u/YeetusDoodr	fnls607	C
2020-04-16 13:45:34.670307	u/TitusOW	fnlsc4j	u/YoHomie99	fnl0h3e	C
2020-04-16 13:45:44.052858	u/_alysugh	fnlscdv	u/david2017hachi	fnlsa59	C
2020-04-16 13:46:16.804129	u/NeatSession	fnlsdjb	u/Leo20020825	fnkw042	C
2020-04-16 13:46:20.281880	u/FidgetSpooners	fnlsdn2	u/D1m3X	fnlrwlm	C
2020-04-16 13:47:08.098465	u/AcerN	fnlsfvh	u/RepostSleuthBot	fnlhqhm	C
2020-04-16 13:47:18.987382	u/ThrowawayFrAName	fnlsg8a	u/r52w	fnlho1c	C
2020-04-16 13:47:21.747577	u/FidgetSpooners	fnlsgb4	u/D1m3X	fnlrwlm	C
2020-04-16 13:47:36.692265	u/SNIPERER_3413	fnlshdf	u/ireallywanttogiveup	fnls0kf	C
2020-04-16 13:47:43.082306	u/salifacol	fnlshjr	u/TheRebel2187	fnlsdwn	C
2020-04-16 13:48:05.848336	u/HeresyLight	fnlsibl	u/not_originalusername	fnlo8ul	C
2020-04-16 13:48:11.927756	u/_i_am_dj_	fnlsimm	u/tastedlist76	fnle1ue	C
2020-04-16 13:48:13.596758	u/LegitBobTheGUYYYYY	fnlsip9	u/Spoopy_Gowst	fnlrs9r	C
2020-04-16 13:48:20.121705	u/crooooopers	fnlsj80	u/AlfadorsBoggle	fnlhohl	C
2020-04-16 13:48:28.329383	u/DieseLT1	fnlsje0	u/Ron5683	fnlrnbi	C
2020-04-16 13:48:30.824859	u/pritvateaccount	fnlsjri	u/Blobfishforpresident	fniz3tc	C
2020-04-16 13:48:56.895074	u/karmachameleon8012	fnlsl69	u/Soupy_Snakes	fnlg8k0	C
2020-04-16 13:49:01.793430	u/freckly_m	fnlsla2	u/JerseyDevil6572	fnloa9l	C
2020-04-16 13:49:06.841446	u/NoGangSigns	fnlslow	u/sirtyranitarr	fnls28g	C
2020-04-16 13:49:08.224386	u/RepotSIuthBot	fnlslq7	u/AlluM56	fnlpw6c	C
2020-04-16 13:49:48.885072	u/Dyxo	fnlsnil	u/CranCrate	fnlaybr	C
2020-04-16 13:49:59.538265	u/fahy-da-sheep	fnlso35	u/thedrumass	fnl8dxd	C
2020-04-16 13:50:07.456770	u/Janybanny	fnlsoc6	u/honch1	fnlmg43	C
2020-04-16 13:51:24.472570	u/clairetheunicorn	fnlsqog	u/Beastboy43216	fnl0flr	C
2020-04-16 13:51:29.884104	u/Negan1995	fnlsqt7	u/TheAvalanchilator	fnlg3n2	C
2020-04-16 13:52:09.066327	u/mjtwdgbowsnb	fnlsrut	u/Emperor_Xander	fnkgsfb	C
2020-04-16 13:53:02.723638	u/Smilts	fnlstci	u/CurtisMaimer	fnlm82q	C
2020-04-16 13:54:13.796131	u/Kweego	fnlsvcj	u/duy1008	fnlst5r	C
2020-04-16 13:54:19.241818	u/salifacol	fnlsvnf	u/TheRebel2187	fnlsk8e	C
2020-04-16 13:55:39.581271	u/CaptIronPantherMan	fnlszlq	u/depraved_parrot	fnl4kxt	C
2020-04-16 13:55:46.985204	u/errorsans23	fnlszqx	u/nature-will-win	fnlsut1	C
2020-04-16 13:55:53.545390	u/YubruMC	fnlszyg	u/Merk121	fnldpin	C
2020-04-16 13:56:07.709210	u/KnightWolf6	fnlt08s	u/Digimaniac123	fnlaqws	C
2020-04-16 13:56:26.115705	u/WassupImBL	fnlt0wg	u/Swaraj_Shinde	fnlrr00	C
2020-04-16 13:56:28.983196	u/lesnekface	fnlt0z3	u/pickle_mateo	fnlrpsz	C
2020-04-16 13:56:59.664404	u/aimidin	fnlt25l	u/hitleristhg	fnlmacf	C
2020-04-16 13:57:34.253025	u/Mortadelli	fnlt3u9	u/Kryptografik	g2jlvz	S
2020-04-16 13:57:54.705978	u/HobbylosUwU	fnlt4je	u/Steven074	fnlst0a	C
2020-04-16 13:58:47.410990	u/LasagnaOfTheRevolt	fnlt6zm	u/IFireofDarkness	fnlt2p7	C
2020-04-16 13:59:32.862376	u/BlueRareChicken	fnlt942	u/riellycastle	g2guzn	S
2020-04-16 13:59:41.169653	u/sandesh7696	fnlt9nd	u/Bruh_Bot_	fnkpsaa	C
