2020-04-02 15:01:42.553722	u/CollectShekels	fm8oxe5	u/MidnightDoesThings	fm8hq9n	C
2020-04-02 15:01:48.837547	u/spacewalkerai	fm8oxgg	u/RealSeif47	fm8mvrf	C
2020-04-02 15:02:09.062741	u/dick_is_love	fm8oya1	u/shewy92	fm74q4u	C
2020-04-02 15:02:34.524626	u/brs30000	fm8oz9b	u/ilikebaloons-owo	fm8ojq0	C
2020-04-02 15:02:38.964658	u/SoulSidekick	fm8ozdc	u/Ur-mom-is-probablyok	fm8oswv	C
2020-04-02 15:02:41.153779	u/A-shouddd	fm8ozhg	u/tom-n-that	fm8ko7l	C
2020-04-02 15:03:23.964042	u/mansnotshaq	fm8p1dg	u/Jd42042	fitz7ty	C
2020-04-02 15:04:14.392521	u/preston9126_	fm8p3ho	u/PotatoeAndGravy	fm8msy2	C
2020-04-02 15:04:42.172079	u/elongatedmskrt	fm8p4rg	u/zingyzucchini	fm8oyic	C
2020-04-02 15:04:50.873161	u/AliG8204	fm8p4z0	u/ICqntA1m	fm8nr5n	C
2020-04-02 15:05:04.232963	u/Defframe	fm8p5sy	u/ICqntA1m	fm8nr5n	C
2020-04-02 15:05:06.413522	u/Throwawayawhore	fm8p5v8	u/boot2skull	fm8borj	C
2020-04-02 15:05:08.578333	u/DankMemes4lifeboi	fm8p5vy	u/timmycat2007	fm8b4jw	C
2020-04-02 15:05:14.882385	u/UtheDestroyer	fm8p6c8	u/AGamingGuy	fm8my0q	C
2020-04-02 15:05:37.200001	u/ConsttutionalPeasant	fm8p7ba	u/NeitherCloud	fiy3fxv	C
2020-04-02 15:05:47.996783	u/Rabunum	fm8p7vn	u/Flame_Draconic	fm8n6ml	C
2020-04-02 15:05:54.685843	u/RKOGENESIS	fm8p83m	u/AutoModerator	fm7e772	C
2020-04-02 15:06:12.795160	u/Dionysus_IRL	fm8p94n	u/cobainbc15	fm8kqqg	C
2020-04-02 15:06:24.943910	u/Artista-Vixxie	fm8p9ug	u/Siriusone11	fm8gd8k	C
2020-04-02 15:06:35.211144	u/sploodify	fm8pa5v	u/northstraw	fm8p3dv	C
2020-04-02 15:06:37.121052	u/Jonah-1903	fm8pa78	u/Mannishksp	fm8oomy	C
2020-04-02 15:07:02.794855	u/Rwmemes	fm8pbea	u/lexFey	fm7hpf0	C
2020-04-02 15:07:05.531417	u/Naramie	fm8pbfs	u/bloodknightx	fm8absp	C
2020-04-02 15:07:08.267216	u/wyattlikesturtles	fm8pbhs	u/Purple6173	fm8ndep	C
2020-04-02 15:07:16.025502	u/Blu_koolaid	fm8pbso	u/nlolhere	fm8k5g4	C
2020-04-02 15:07:53.077690	u/SuspiciousElderberry	fm8pelr	u/Angoose3401	fm7a4f9	C
2020-04-02 15:07:57.340357	u/Brohamlovesrandom	fm8pf4l	u/Defframe	fm8p5sy	C
2020-04-02 15:08:04.175484	u/Uriah_Blacke	fm8pfqv	u/CuteNinja1	fm8fds1	C
2020-04-02 15:08:17.075963	u/JappieGangster04	fm8r0k3	u/zombiere4	fm8hmf8	C
2020-04-02 15:08:18.585447	u/ChromeXBoy	fm8r0qc	u/cjdeathhunter1	fm8r05j	C
2020-04-02 15:08:50.998496	u/JennaSaisQuoi89	fm8r3i8	u/ThyFlyPanda	fm8dsk8	C
2020-04-02 15:09:22.962004	u/Cookie_Crush	fm8r4lw	u/epsilon_church928	fm8hceo	C
2020-04-02 15:09:29.375528	u/LilOpium	fm8r5qb	u/bearr007	fm8ncel	C
2020-04-02 15:09:30.851986	u/joshuamallon11	fm8r5vl	u/Supermagna56	fm8r3pb	C
2020-04-02 15:09:39.924415	u/Litlebuda	fm8r6ih	u/Isai284390	fm8orbt	C
2020-04-02 15:09:45.724409	u/twominitsturkish	fm8r77o	u/Infernocrat	fm8o5ti	C
2020-04-02 15:09:46.556280	u/Tw1nTyPh0n	fm8r7br	u/Enan_Yrbolee	fm8mvjs	C
2020-04-02 15:10:04.976820	u/MatrixPlays420	fm8r8tk	u/itsmejade_	fm8pxp1	C
2020-04-02 15:10:35.370066	u/dark_brink_035	fm8r9xg	u/Prismorph	fm8lzk8	C
2020-04-02 15:10:54.553907	u/Somewhatsmartish	fm8ralq	u/wlogan0204	fm8om4u	C
2020-04-02 15:11:15.317550	u/DeadRedditor7	fm8rcba	u/AnnaLindeboom	fm8mta6	C
2020-04-02 15:11:50.782485	u/DangitKaisen	fm8rdmt	u/ashcannotbash	fm8asiw	C
2020-04-02 15:11:59.592420	u/11th_TNTmaster	fm8rdqj	u/Rusty_Garlic	fm8r66q	C
2020-04-02 15:12:25.519268	u/A_Generic_Canadian	fm8reph	u/12182o	fm8dylp	C
2020-04-02 15:12:32.022864	u/downvote-me-if-ugay	fm8rf1l	u/SideOfJay	fm8pahw	C
2020-04-02 15:12:35.480364	u/MilitantCentrist	fm8rf6f	u/WDYMEANITSTAKEN	fm87d2b	C
2020-04-02 15:12:40.139463	u/brotheris-momentous	fm8rfit	u/50pineapples	fm8hk6t	C
2020-04-02 15:13:23.798391	u/QDrum	fm8ri53	u/tokumo21	fm7ipni	C
2020-04-02 15:13:32.770116	u/dankmemedan_420	fm8riee	u/b0mber2012	fm82wqi	C
2020-04-02 15:13:35.962369	u/ms_iamawesome	fm8rihg	u/striped-pony	fm6o3uh	C
2020-04-02 15:13:39.149013	u/Idonothingtohelp	fm8rimz	u/Kaliekewaka	fm8nmmg	C
2020-04-02 15:14:28.578336	u/Craymccoy7889	fm8rl74	u/nlolhere	fm8k5g4	C
2020-04-02 15:15:13.271035	u/Memesthememe	fm8rnmd	u/Repost-Boi	fm8rm4q	C
2020-04-02 15:15:28.744958	u/Wasted_Plot	fm8rodr	u/AutoModerator	fm7v1xh	C
2020-04-02 15:16:16.451763	u/Spac3bxby	fm8rqri	u/Phantom-Hunterboi	fm8ovgb	C
2020-04-02 15:16:22.785460	u/luclegend0111	fm8rr5p	u/MMaalouf108140	ftnuln	S
2020-04-02 15:16:24.726672	u/Imagimary	fm8rr7b	u/swampertDbest	fm83jdt	C
2020-04-02 15:16:40.244280	u/XxFallenAshesxX	fm8rs9u	u/ns5sonny	fm8rpx9	C
2020-04-02 15:17:19.349699	u/MotherEarthGaming	fm8ruj0	u/MMA1793	fm8qs70	C
2020-04-02 15:17:53.658184	u/the_inferknower	fm8rw2p	u/thyrannasaurus	fm8qkd3	C
2020-04-02 15:17:55.912667	u/ethompson11234	fm8rw9c	u/AutoModerator	fm7v1xh	C
2020-04-02 15:17:58.987631	u/muddywater87	fm8rwvg	u/secretfoxx	fm8l3np	C
2020-04-02 15:18:15.669311	u/GregMarshall94	fm8rxvo	u/Pro_Cat	fm8dxwn	C
2020-04-02 15:18:27.868584	u/bgd1994	fm8ryk2	u/milesrh15	fm8n0bo	C
2020-04-02 15:18:54.368337	u/hippybongstocking	fm8s06e	u/Supermagna56	fm8jqkf	C
2020-04-02 15:19:08.151320	u/dirrtydoogzz86	fm8s1c0	u/jack2336	fm8la76	C
2020-04-02 15:19:31.945699	u/KILRbuny	fm8s2w0	u/Pequod_The_Sleek	fm8f58y	C
2020-04-02 15:19:44.986382	u/EllieluluEllielu	fm8s4lm	u/Shrekisdummythik	fm7sz2k	C
2020-04-02 15:19:59.631383	u/EpicInfernapeYT	fm8s6mh	u/Errorr55	fm8g7jm	C
2020-04-02 15:20:52.359460	u/Sunset1131	fm8s86a	u/maximegg	fm7vpdu	C
2020-04-02 15:20:54.703544	u/Antalvlopez	fm8s87b	u/secretfoxx	fm8b24k	C
2020-04-02 15:21:18.855577	u/Delta9S	fm8s91r	u/Pewp_sicle	fm8reyh	C
2020-04-02 15:22:00.572864	u/Sans_The-Skeleton_88	fm8sbcz	u/epicbeansauce69	fm8ntq4	C
2020-04-02 15:22:19.527497	u/SwissChai22	fm8sbx7	u/AutoModerator	fm8ao4h	C
2020-04-02 15:22:25.372591	u/Zarfox	fm8sc4v	u/weird-lamp	fm8mdr2	C
2020-04-02 15:23:04.112243	u/Urgedpanda	fm8sefy	u/YouHrdKlm	fm86pog	C
2020-04-02 15:23:34.578963	u/jimmy_giblet	fm8sfmi	u/Sigma_Balls1	fm8rymx	C
2020-04-02 15:24:04.944531	u/Andxnetic	fm8sglb	u/nlolhere	fm8k5g4	C
2020-04-02 15:24:30.065628	u/tatwoodrose66	fm8si97	u/Anafiboyoh	fm8pdxf	C
2020-04-02 15:25:19.693562	u/nichandl_	fm8skx8	u/leaderofthevirgins	fm8ilct	C
2020-04-02 15:25:28.598691	u/fauxriarty	fm8sl99	u/WhiteUnicorn239	fm8sf75	C
2020-04-02 15:26:03.970658	u/Mr_Fishkill1	fm8smuq	u/JustKebab	fm8pn7p	C
2020-04-02 15:26:21.423402	u/velvet_Bu	fm8snuy	u/notgoingtopostforayr	fm8s8dt	C
2020-04-02 15:26:27.882085	u/010afgtush	fm8so34	u/J3YYYY	fm849h3	C
2020-04-02 15:26:46.007894	u/Coconut_Cooler	fm8soxn	u/brebby101	fm8kvkj	C
2020-04-02 15:26:52.253279	u/trashpack60	fm8sp3i	u/AutoModerator	fm8skt3	C
2020-04-02 15:27:16.490442	u/Thefakesans_gg	fm8sqfe	u/Unrealistic-Realist1	fm8sdsa	C
2020-04-02 15:28:41.289132	u/Ssjvegeta69420	fm8sw1g	u/l-Blue-I	fm8qq0g	C
2020-04-02 15:28:46.344662	u/HashtagHashtag907	fm8swb5	u/GloriousBeard905	fm8iiqs	C
2020-04-02 15:29:13.975679	u/ProRacer27156	fm8sydy	u/RedKing0205	fm8suip	C
2020-04-02 15:29:20.419641	u/Yousofun	fm8sz53	u/Duckway767	fm8sre1	C
2020-04-02 15:29:44.297090	u/Asterix-And-Obelix	fm8t1nj	u/Romner_set	fm8nz0e	C
2020-04-02 15:30:20.383368	u/Putifelix95	fm8t3tb	u/Wondervv	fm8qbfd	C
2020-04-02 15:31:23.908378	u/ziebu	fm8t69b	u/starman9009	fm8svqj	C
2020-04-02 15:31:30.237763	u/idiocy_	fm8t6cd	u/Fantastic_Ostrich	fm7iv7l	C
2020-04-02 15:31:33.913463	u/Duckstell_R	fm8t6iq	u/LonePhoenix8592	fm8rt02	C
2020-04-02 15:31:38.476686	u/mondi311	fm8t6m9	u/TheRealWinDexTer	fm897ce	C
2020-04-02 15:31:56.015016	u/Standard-History	fm8t7ft	u/JuicyRice12	fm8t1aj	C
2020-04-02 15:32:14.639593	u/RealJotaroKujo	fm8t83c	u/Ciocalatta	fm7fsw2	C
2020-04-02 15:32:54.134132	u/NicamanXvenia	fm8t9si	u/SampleTexDoggo	fm8m5x4	C
2020-04-02 15:32:58.367271	u/Ketsueki_Pen	fm8ta06	u/alisonclaree	fm34147	C
2020-04-02 15:33:32.524120	u/OtherLeadingBrands	fm8tbl4	u/WhoDatFreshBoi	fm8ltqh	C
2020-04-02 15:34:35.301623	u/dangboihethiccashell	fm8teeg	u/yellowwolf718	fm8ozs4	C
2020-04-02 15:35:00.093664	u/scriptica	fm8tfpt	u/OneFifthDemon	fm8qa3k	C
2020-04-02 15:36:09.714552	u/lemon1drop	fm8tjeo	u/vghouse	fm8t8r0	C
2020-04-02 15:36:25.796982	u/coolgameninja	fm8tkbq	u/memer414gamer	fm8t99p	C
2020-04-02 15:36:30.324772	u/Belal-Was-Here	fm8tkg1	u/mud_tug	fm8qeau	C
2020-04-02 15:36:38.248127	u/Killakenyan	fm8tkrs	u/Q0NX	fm8enjr	C
2020-04-02 15:37:08.254076	u/Guams-Finest	fm8tmdm	u/iejb	fm8irzq	C
2020-04-02 15:37:33.956536	u/jargoat	fm8to6a	u/Linkkk_	fm8i4r7	C
2020-04-02 15:37:38.095478	u/Yeetmaster4786	fm8toge	u/IAMSALESMAN	fm7ygk9	C
2020-04-02 15:37:51.248684	u/rolllllllllllllllly	fm8tpc1	u/maxsxm2	fm8if3b	C
2020-04-02 15:37:53.449753	u/Blu-be	fm8tpk1	u/memer414gamer	fm8t80v	C
2020-04-02 15:37:55.052259	u/noct5820	fm8tpln	u/Do-Not-Pass-Go	fm8g8w8	C
2020-04-02 15:38:07.803509	u/Tarjeimonster	fm8tqim	u/memer414gamer	fm8t80v	C
2020-04-02 15:38:13.913713	u/SwayStar123	fm8tqqx	u/KGB_Destroyer	fm8m1y6	C
2020-04-02 15:38:25.735203	u/rjmrock	fm8trmw	u/secretfoxx	fm8fa37	C
2020-04-02 15:39:16.041721	u/rafamor625	fm8tvox	u/Ya_Boy_Lil_Pickle	fm7lofs	C
2020-04-02 15:39:18.163651	u/NameslessDude	fm8tvqg	u/Markgologo123	fm8thae	C
2020-04-02 15:39:34.706929	u/Brockstar125	fm8txml	u/cumshotphil69420yeet	fm8oijy	C
2020-04-02 15:39:38.840137	u/MatCauton	fm8tyc4	u/Klyphord	fm8dnrb	C
2020-04-02 15:39:43.977503	u/pandanpickles	fm8tyrf	u/Spicy_Bolitas	fm6zhz4	C
2020-04-02 15:39:50.700722	u/TSaxophone	fm8tz41	u/Doggo_Tacos	fm8q9j6	C
2020-04-02 15:40:16.174340	u/the_tabasco_guy	fm8u0dl	u/weird-lamp	fm8ty0p	C
2020-04-02 15:40:28.693165	u/targetisyou	fm8u0ng	u/TacoThrash3r	fm8og2d	C
2020-04-02 15:41:22.181975	u/Ranu1892	fm8u1zm	u/IceSango	fm7z9a6	C
2020-04-02 15:41:25.920326	u/tornad1642	fm8u26y	u/memer414gamer	fm8t80v	C
2020-04-02 15:41:43.795747	u/saucepanguns780	fm8u2iu	u/Rusty_Garlic	fm8sv15	C
2020-04-02 15:41:54.146718	u/Manlyisolated	fm8u306	u/maddman65	fm8fign	C
2020-04-02 15:43:09.065226	u/BobtheJoeBob987	fm8u5aw	u/bunnywithahammer	fm7s229	C
2020-04-02 15:43:35.398115	u/Ender717	fm8u62o	u/reelish	fm8nb0s	C
2020-04-02 15:44:13.188888	u/--Pixels--	fm8u7kc	u/depraved_parrot	fm8mj1l	C
2020-04-02 15:44:17.290383	u/Buckraft	fm8u80y	u/Seren541	fm8twih	C
2020-04-02 15:45:08.253898	u/gpes17	fm8uatu	u/timmycat2007	fm8b4jw	C
2020-04-02 15:45:35.584425	u/flyingpinata	fm8ubvq	u/bigdumper69	fm8egh2	C
2020-04-02 15:46:11.915576	u/Leebertysauce	fm8udhq	u/MAGIC_EYE_BOT	fm8t7j6	C
2020-04-02 15:46:39.029129	u/kearneje	fm8uf4b	u/yootboya	fm8sj3j	C
2020-04-02 15:46:47.833864	u/Raptor556	fm8ufh7	u/epsilon_church928	fm8hceo	C
2020-04-02 15:46:50.557412	u/RaulsterMaster	fm8ufjv	u/Un0riginalN4me	fm8u684	C
2020-04-02 15:47:40.036209	u/mynoduesp	fm8ui32	u/Pamukyoti61	fm8ijvl	C
2020-04-02 15:47:44.790572	u/Cazuzle	fm8uia7	u/raunaqdabaws	fm8ub5x	C
2020-04-02 15:47:57.897023	u/AliensPlsTakeMe	fm8uj2a	u/NagashGodOfDeath	fm7urah	C
2020-04-02 15:48:11.712428	u/InstitutionalizedFry	fm8ujdu	u/Supermagna56	fm8jqkf	C
2020-04-02 15:48:26.368970	u/notajedimaster92	fm8ukhr	u/A-maze-ing_Henry	fm8tqho	C
2020-04-02 15:48:51.340450	u/psychodelicks	fm8umgl	u/sherminator18163	fm8lfuv	C
2020-04-02 15:49:09.954673	u/Yyeeeetteerr	fm8unt8	u/SerpentDeity	fm8tf9j	C
2020-04-02 15:49:11.575893	u/the-finnish-guy	fm8unwf	u/LeGeekEnCravate	fm8ku8s	C
2020-04-02 15:49:21.674016	u/Uncle_Cobes	fm8up4j	u/Sohaibali2006	fm8uca4	C
2020-04-02 15:49:37.456380	u/DogeLV69	fm8upwz	u/TheCoyne	fm8o01j	C
2020-04-02 15:50:33.718956	u/44oswLd	fm8utd6	u/GreedFoxSin	fm8hzec	C
2020-04-02 15:50:37.363187	u/Dragonborn100	fm8uthj	u/DreadGiraffe210	fm8umdl	C
2020-04-02 15:51:42.090851	u/oozie_mummy	fm8uvja	u/banmeifurgay	fm8lykw	C
2020-04-02 15:52:27.676643	u/lordvolgaVI	fm8ux4k	u/itzkroyyy	fm7xcw3	C
2020-04-02 15:52:42.774948	u/SSJHero3	fm8uxct	u/Hypererra	fm8lp46	C
2020-04-02 15:52:55.915299	u/blastpass14	fm8uxxg	u/Enan_Yrbolee	fm8n94x	C
2020-04-02 15:53:06.924780	u/ReallyQuiteDirty	fm8uy9l	u/secretfoxx	fm8i5in	C
2020-04-02 15:53:37.316725	u/Lukety24	fm8uzis	u/BunnyWarlock100	fm86y2c	C
2020-04-02 15:53:50.548286	u/dorkdudabu	fm8uzs0	u/f1fan6890	fm8ake8	C
2020-04-02 15:53:54.726572	u/aarontholborn	fm8uzzl	u/AutoModerator	fm7o1di	C
2020-04-02 15:54:16.336531	u/dharrison21	fm8v0ny	u/secretfoxx	fm8b24k	C
2020-04-02 15:54:20.532042	u/jellyjacob	fm8v0vc	u/MicSpence	fm8uryl	C
2020-04-02 15:54:31.732569	u/lordlonos	fm8v17f	u/RetrogradeIntellect	fm6vlkj	C
2020-04-02 15:55:28.275479	u/Scaredbranch6337	fm8v427	u/secretfoxx	ftporj	S
2020-04-02 15:55:30.151507	u/estenoo90	fm8v43u	u/a_blue_ducks	fm8umjj	C
2020-04-02 15:55:47.167827	u/LazyProgrammer08	fm8v4r9	u/yootboya	fm8sj3j	C
2020-04-02 15:55:56.783166	u/BurningHeaven95	fm8v524	u/Wondervv	fm8uvdm	C
2020-04-02 15:56:14.181757	u/darthphallic	fm8v5vx	u/secretfoxx	fm8iavd	C
2020-04-02 15:56:20.672823	u/godisdeadassdead	fm8v62t	u/AutoModerator	fm86ghh	C
2020-04-02 15:56:26.236083	u/reptilia_the_fourth	fm8v6ct	u/Eqwort	fm8f7iz	C
2020-04-02 15:56:42.929935	u/drewcstu	fm8v6wu	u/tornad1642	fm8u26y	C
2020-04-02 15:57:01.364316	u/DotAlyss	fm8v7l0	u/jimmy_giblet	fm7rdzd	C
2020-04-02 15:57:15.980110	u/Phearlosophy	fm8v82k	u/Spicy_Alien_Cocaine_	fm8lm90	C
2020-04-02 15:58:10.452937	u/NeoHenderson	fm8vant	u/DuckfordMr	fm8pvzj	C
2020-04-02 15:58:11.928526	u/stinky_poopi	fm8vaos	u/DM_If_Feeling_Sad	fm8tqiq	C
2020-04-02 15:58:24.963567	u/Luke-McShitty	fm8vbgk	u/M37r0p13x	fm8odtv	C
2020-04-02 15:58:45.388434	u/deadfast3601	fm8vcaq	u/PLYR999L	fm8v1j5	C
2020-04-02 15:59:23.613938	u/Corzare	fm8ve4o	u/padzeroo06	fm8tdr8	C
2020-04-02 15:59:29.309133	u/qwertyqop	fm8vee1	u/Criss37o	fm8vc2h	C
2020-04-02 15:59:34.151441	u/Drealer12	fm8vehd	u/RepostSleuthBot	fm8sjri	C
2020-04-02 15:59:35.727053	u/thechrisellee	fm8veoe	u/AutoModerator	fm7v1xh	C
