2020-03-28 16:00:03.524662	u/kracatoa2980	flrpzj0	u/glorious_potato17	flros8l	C
2020-03-28 16:00:40.758107	u/rosalina2007	flrq14c	u/IAmATRAPOWO	flrpzak	C
2020-03-28 16:00:56.020048	u/DiamondEyedOctopus	flrq1hi	u/__Emer__	flrndvj	C
2020-03-28 16:01:17.829524	u/Napkinto	flrq289	u/RayCow	flroiuc	C
2020-03-28 16:01:26.525145	u/crazymagichomelesguy	flrq2lw	u/maniac_doc_abd	flrpyxi	C
2020-03-28 16:01:32.598047	u/stfrances88	flrq2rf	u/PenguinWithAglock	flqyyxg	C
2020-03-28 16:01:38.482506	u/MojangMemer	flrq2zc	u/tea_guy13	flrpqqf	C
2020-03-28 16:01:55.779107	u/MlgGuineaPig	flrq3i5	u/racerfree	flq0tqd	C
2020-03-28 16:02:04.774468	u/Oddly-Feline	flrq3p6	u/BRUH_THESE_HOES_MAD	flrphbz	C
2020-03-28 16:02:10.801631	u/I-love-Lithuania	flrq3x5	u/RareBareBear	flrlrj1	C
2020-03-28 16:02:25.213170	u/obama_prism69	flrq49b	u/ACE234dm	flrp6x8	C
2020-03-28 16:02:31.961968	u/Plane_n_Boom	flrq4hq	u/opinion_alternative	flrlgkc	C
2020-03-28 16:02:34.184447	u/TeodorD3rp123	flrq4l8	u/AutoModerator	flqm1wq	C
2020-03-28 16:02:41.941705	u/Superboyfan	flrq4uf	u/PoGioDark	flrd4qb	C
2020-03-28 16:03:02.987829	u/veJair	flrq5fb	u/NotSoPhun	flpwd8y	C
2020-03-28 16:03:13.315560	u/Elckiken11	flrq5uy	u/hey-look-its-a-tesla	flrnnty	C
2020-03-28 16:04:12.055113	u/Lt-deer	flrq8ja	u/RepostSleuthBot	flrp3ul	C
2020-03-28 16:05:29.724353	u/CactusPunching	flrqcat	u/monsterhu3	flrk7j3	C
2020-03-28 16:05:38.817207	u/Disco4uf	flrqcsb	u/Witch_King_	flra7m4	C
2020-03-28 16:05:46.411454	u/hollowfan65	flrqcyd	u/Haritoo	flrlmyw	C
2020-03-28 16:05:55.263310	u/jokerbigfoot	flrqdew	u/lummoboi	flrcp0l	C
2020-03-28 16:06:12.217045	u/Steingrabber	flrqege	u/tommyblinddeaf	flrn06z	C
2020-03-28 16:06:24.390592	u/Talazare	flrqeq0	u/gxgamex	flroj36	C
2020-03-28 16:06:56.948304	u/ViperDuck99	flrqg1s	u/daweebishere	flrlwnk	C
2020-03-28 16:07:30.780966	u/UncommonSweatshirt29	flrqhew	u/ssssssdee	flrgj3k	C
2020-03-28 16:07:43.594325	u/ImOnlyHereForFunny	flrqhyi	u/everydaynormalsteven	flr8b8q	C
2020-03-28 16:07:50.832324	u/billyboem5	flrqihi	u/AutoModerator	flr37hg	C
2020-03-28 16:07:57.688852	u/Fudge-Monkey	flrqimg	u/fazeslash937	flrmqu9	C
2020-03-28 16:08:09.974778	u/whytho997	flrqj7h	u/RepostSleuthBot	flrk3tr	C
2020-03-28 16:08:54.109407	u/AH50	flrqle8	u/RepostSleuthBot	flrk3tr	C
2020-03-28 16:08:56.336964	u/Kanedgysan	flrqlkw	u/Tzar-Sand-Hanitizer	fk5g2gi	C
2020-03-28 16:09:13.179461	u/barjakik	flrqmeu	u/Aspen_Alabaster	flr47z9	C
2020-03-28 16:09:22.729997	u/butterdudies	flrqmy1	u/PenguinWithAglock	flqyyxg	C
2020-03-28 16:09:45.005882	u/Ignatius325	flrqo49	u/RepostSleuthBot	flr13f6	C
2020-03-28 16:09:53.283523	u/lukeggg4	flrqosp	u/Lwyz016	flrq2zl	C
2020-03-28 16:10:09.711698	u/crogameri	flrqpf5	u/Generic-Commie	flroq8h	C
2020-03-28 16:10:13.386513	u/Subnexus	flrqpkn	u/LordDucktilious	flrmcga	C
2020-03-28 16:10:43.212294	u/VenditGamingYT	flrqq9i	u/mematic51	flrqbuj	C
2020-03-28 16:10:52.768366	u/ineedalaemp	flrqqij	u/Dr-JordantheKoopa	flrpru9	C
2020-03-28 16:11:01.828158	u/MarkVHun	flrqqyu	u/SCP_049_BiSh	flr7c4c	C
2020-03-28 16:11:19.137265	u/olearyjr1992	flrqrwt	u/jacobmath42	flrp1k4	C
2020-03-28 16:11:30.966045	u/izzy_floof	flrqs7o	u/AmoghVaishnav	flr6ta8	C
2020-03-28 16:11:42.018429	u/dirty_cheeser	flrqsg6	u/enchiladaman1603	flrj5f0	C
2020-03-28 16:12:27.645745	u/CnRhin	flrqtsu	u/emeraldemper	flrqrub	C
2020-03-28 16:12:39.958403	u/zxhb	flrqup3	u/-LexXi-	flrovqx	C
2020-03-28 16:13:11.393654	u/seekmelissa	flrqw9h	u/MAGIC_EYE_BOT	flrqq7j	C
2020-03-28 16:13:13.594820	u/tylerhutton44	flrqwbi	u/ButteryJuiceBox	flrlujp	C
2020-03-28 16:13:39.571567	u/Pleadies1986	flrqx4s	u/prayul	flrqbpc	C
2020-03-28 16:14:00.853620	u/kongan	flrqybn	u/RepostSleuthBot	flrqxac	C
2020-03-28 16:14:11.990494	u/Deathstad007	flrqyms	u/ovensby	flrjwmr	C
2020-03-28 16:14:16.334137	u/quicksteerr	flrqysr	u/Individual_Donkey	flrb6tq	C
2020-03-28 16:15:57.745563	u/btfcbtcbfbabcbeb	flrr2zk	u/AutoModerator	flrhl57	C
2020-03-28 16:16:31.618293	u/ep1125	flrr4i4	u/hey-look-its-a-tesla	flrobkj	C
2020-03-28 16:16:46.035441	u/breadyourbread	flrr5fr	u/SK535	flr8pt2	C
2020-03-28 16:16:55.529608	u/Thin_Fable	flrr5tf	u/RedditLightmode	flrp5sl	C
2020-03-28 16:16:58.959352	u/username__taken06	flrr636	u/milk_connoisseur23	flr88qq	C
2020-03-28 16:17:13.016958	u/Teamonyou	flrr6me	u/LordDucktilious	flrmcga	C
2020-03-28 16:17:15.848856	u/itzCerealKilla	flrr6pf	u/ILoveUpDoots	flrqleu	C
2020-03-28 16:17:19.043789	u/Equinox7913	flrr6w0	u/nabraxcii	flqwy73	C
2020-03-28 16:17:43.124792	u/Mrmmmmmmmmmm	flrr7su	u/ApexSimon	flqln72	C
2020-03-28 16:18:02.552302	u/the_special_kooky	flrr8y9	u/emeraldkma	flroqlq	C
2020-03-28 16:18:04.233662	u/BadAtPickingNamez	flrr8yf	u/Fudge-Boi	ffzwqcj	C
2020-03-28 16:18:13.307891	u/krantwak	flrr9go	u/Fang_Lyi	flrnd0g	C
2020-03-28 16:18:45.881905	u/bliblop_artur	flrrbgi	u/ninjaisrealyt	flrr6gt	C
2020-03-28 16:18:53.231656	u/HD_XY	flrrbpn	u/dedmeme69	flrpi3q	C
2020-03-28 16:18:57.471101	u/assignbymessiah	flrrbuc	u/tobbjo26	flrr4az	C
2020-03-28 16:19:14.588479	u/Jojosbizarreenigma	flrrcl8	u/racerfree	flrr70y	C
2020-03-28 16:19:17.572306	u/0_duck_0	flrrcpy	u/LoadShotgun	flrpqjj	C
2020-03-28 16:19:21.853305	u/The-awesome-Logan	flrrcxg	u/unbelievable_owl	flrr9wd	C
2020-03-28 16:19:25.321760	u/fatphotog	flrrd4a	u/danurnan	flrojqv	C
2020-03-28 16:19:38.894458	u/StalinsPinkie	flrre09	u/mattoisacatto	flr1mir	C
2020-03-28 16:19:40.791471	u/browhymypeepeehard	flrre7e	u/thatsajojosreference	flrap65	C
2020-03-28 16:19:57.363016	u/dolcefarniente35	flrrfwp	u/thelegofearsme	flrlnsh	C
2020-03-28 16:19:59.790376	u/flynnamation	flrrgge	u/jacobmath42	flrp1k4	C
2020-03-28 16:20:13.073071	u/you_fucking_donkey13	flrrh88	u/CurfBoi	flri7az	C
2020-03-28 16:20:36.292307	u/big_zoinks_scoob	flrri7d	u/the_special_kooky	flrpth9	C
2020-03-28 16:20:52.747515	u/SkyeMonster	flrriq7	u/Oofsworth	flrp2tf	C
2020-03-28 16:21:39.453295	u/GrimKirby343	flrrk9n	u/EthanielClyne	flrr2cx	C
2020-03-28 16:21:47.829809	u/Darcaryn	flrrkkb	u/G0DW1N14	flqsbct	C
2020-03-28 16:22:16.091883	u/Sam1AmN0t	flrrlpy	u/CreepyFigure	flrlxeb	C
2020-03-28 16:23:13.731122	u/SoloGamer505	flrrnvv	u/miggle44	flrq86z	C
2020-03-28 16:23:19.715783	u/letomas7	flrrny0	u/dubistlecker	flrnx5i	C
2020-03-28 16:24:27.560540	u/chiraggovind	flrrqfh	u/Tru_Drone_Videos	flrrhjp	C
2020-03-28 16:24:49.341291	u/bloodspeed	flrrrab	u/I_Am_Hacob	flrpsnk	C
2020-03-28 16:25:30.399879	u/RoCaAg	flrrsvp	u/joviljar	flrorwz	C
2020-03-28 16:25:48.817807	u/ArisRuins	flrrtjg	u/lazy_jedi1003	fqgau9	S
2020-03-28 16:26:16.544503	u/trevormemejesus	flrrupq	u/fualtyzane	flrrnuu	C
2020-03-28 16:26:20.251842	u/T_Cool_Shades	flrruw1	u/AutoModerator	flqrprm	C
2020-03-28 16:26:22.092410	u/Soannnkerllol	flrruya	u/ChansonBro	flrndrf	C
2020-03-28 16:27:00.641281	u/ediz3434	flrrwt3	u/Joe4913	flrr1iw	C
2020-03-28 16:27:19.548971	u/T1m0theus	flrrxls	u/Sayeet0620	flrral1	C
2020-03-28 16:27:28.036467	u/Farquaad_the_Lord	flrrxws	u/PhantomPiGod	flrfhzz	C
2020-03-28 16:27:52.762825	u/Tagmoney	flrryuz	u/trevormemejesus	flrrupq	C
2020-03-28 16:27:56.962708	u/like___zoinks-scoob	flrrz16	u/SK535	flrqoa4	C
2020-03-28 16:28:50.168948	u/MrEndsy05	flrs1k5	u/CorruptedEither	flrot49	C
2020-03-28 16:28:52.233577	u/Steel-Spectre	flrs1o4	u/wasteofspace72	flrppmu	C
2020-03-28 16:28:56.282773	u/N1kO23	flrs1xz	u/fualtyzane	flrrps9	C
2020-03-28 16:28:59.644644	u/Xx_-Boi-_xX	flrs24c	u/Imjustheref0rmemes	flrlx0e	C
2020-03-28 16:29:16.896725	u/AnimeGirlMariam	flrs35r	u/harbac	fl2jkos	C
2020-03-28 16:29:26.008705	u/Tonydethjr	flrs3oc	u/AutoModerator	flrs2n2	C
2020-03-28 16:29:34.160432	u/CuteCumbar11	flrs4al	u/CreepyFigure	flrlqsj	C
2020-03-28 16:29:38.589803	u/StefanF25	flrs4kn	u/Respect_Paying_Bot	flrs100	C
2020-03-28 16:29:40.020571	u/krinios_04	flrs4pg	u/Steven_2769	flrekj7	C
2020-03-28 16:29:43.610814	u/renernavilez	flrs4wk	u/love-song-hater	flrn9ps	C
2020-03-28 16:29:47.132017	u/roronoa1010	flrs5cq	u/chh31	flrn7ye	C
2020-03-28 16:29:47.939557	u/spicylemontaco42	flrs5e8	u/Luizoon34	flrnyiv	C
2020-03-28 16:30:01.468778	u/2DeadComics	flrs7bo	u/Affwind	flrr9tz	C
2020-03-28 16:30:12.189742	u/UnknownRager96	flrs7kj	u/tobbjo26	flrqyvm	C
2020-03-28 16:30:23.525353	u/DOGGO258	flrs89u	u/Ract0r4561	flrle2i	C
2020-03-28 16:31:07.320651	u/BananApocalypse	flrsajt	u/marbleTRIP	flrmyg9	C
2020-03-28 16:31:23.606108	u/Trectears	flrsb62	u/the_dragon_kingler	flrm1v6	C
2020-03-28 16:31:39.332731	u/B00fee	flrsbxk	u/JoeNotUMami	flrqgwg	C
2020-03-28 16:32:20.568122	u/King_jeff15	flrse1e	u/Steven_2769	flr6t2l	C
2020-03-28 16:33:13.362624	u/Jesus2512	flrsg0q	u/theking10526	flrsdtd	C
2020-03-28 16:33:36.556952	u/Danbot633	flrsh0t	u/ZakTSK	flqudw0	C
2020-03-28 16:34:40.852391	u/ninjajsm42	flrsivw	u/RepostSleuthBot	flrsa9x	C
2020-03-28 16:34:43.957049	u/Commando_Steve	flrsiw9	u/Ivoongi7HM	flrs1m8	C
2020-03-28 16:34:51.169017	u/diogo5202	flrsj3n	u/Levi_B3	flrmjgv	C
2020-03-28 16:34:54.930909	u/JoshuaMaly	flrsj3x	u/STTWNO	flriii6	C
2020-03-28 16:35:55.474648	u/Edibobo0	flrsloh	u/Beautiful-Moose	flrmza0	C
2020-03-28 16:36:00.500948	u/hupitydupity	flrslwe	u/youalwayswin300	flrrhyy	C
2020-03-28 16:36:02.399737	u/PBJF	flrsm2q	u/Fatmanfromww2	flpygcm	C
2020-03-28 16:36:11.971854	u/scantaxx	flrsmnn	u/iexist3	flqph67	C
2020-03-28 16:36:17.876503	u/Sunny4k	flrsn4r	u/Thanosboi86	flrskmr	C
2020-03-28 16:36:24.311852	u/Money_Stealer	flrsn6y	u/chakibrzg	flrrv54	C
2020-03-28 16:36:38.984669	u/DaviRPGamer	flrsnsk	u/HemaMemes	flragla	C
2020-03-28 16:36:56.347679	u/Pridekun	flrsokw	u/hdjfug	fl8f9ef	C
2020-03-28 16:36:59.096684	u/vidyacoping	flrsond	u/rossquaza	flrsfkj	C
2020-03-28 16:37:23.613994	u/quiet_not_shy	flrsq0z	u/Dav1d_D	flr5env	C
2020-03-28 16:38:59.446414	u/Akshar_r	flrsuuj	u/satisfaction100	flqplka	C
2020-03-28 16:39:05.716359	u/LAIRDjosh	flrsuz3	u/Xploiter_RBLX	flr872s	C
2020-03-28 16:39:11.313470	u/_Blacksirius_	flrsvg4	u/RepostSleuthBot	flrnx4j	C
2020-03-28 16:39:13.457641	u/INSANE-BRAD-500	flrsvm0	u/shmepsi	flqeui6	C
2020-03-28 16:39:26.573753	u/YellowCunt245	flrswmw	u/RepostSleuthBot	flrstdh	C
2020-03-28 16:39:37.941594	u/butter-beer	flrsx8k	u/hdudbdhdvd	flrso54	C
2020-03-28 16:39:38.883568	u/Aditya_Kabu	flrsxef	u/Pizzamaster199	flrsw5s	C
2020-03-28 16:40:27.387811	u/Georgeboy05	flrszzh	u/AutoModerator	flqm1wq	C
2020-03-28 16:41:49.155980	u/Ho-rion69	flrt2pj	u/AutoModerator	flrt0ab	C
2020-03-28 16:41:52.438233	u/shuttheshutup	flrt2t2	u/batymax	flrpyqj	C
2020-03-28 16:42:10.235918	u/kostilicious42	flrt3eu	u/FlihpFlorp	flrsvc5	C
2020-03-28 16:42:59.843099	u/Curious-potato010	flrt505	u/TheChocolateCray	flrspzs	C
2020-03-28 16:43:05.517045	u/Roger-Kint	flrt540	u/crogameri	flrs38x	C
2020-03-28 16:43:39.416176	u/Bxe32	flrt6ls	u/-EzWaY-	flreckr	C
2020-03-28 16:44:57.536878	u/Vimmerini	flrt9zz	u/memer414gamer	flrsndn	C
2020-03-28 16:45:18.384572	u/DerekBgoat	flrtb42	u/chh31	flrn7ye	C
2020-03-28 16:45:40.895981	u/gmoney910	flrtcai	u/Jordanye3t	flr2jmw	C
2020-03-28 16:45:58.265100	u/ArcherBTW	flrtdnj	u/Napkinto	flrtcg2	C
2020-03-28 16:46:00.398212	u/khemical420ish	flrtdpl	u/CreepyFigure	flrlxeb	C
2020-03-28 16:46:27.987077	u/llFaceless	flrusjx	u/Tru_Drone_Videos	flr6c1d	C
2020-03-28 16:46:30.872146	u/WELL_GODDAMN_SON	flrusp8	u/craigthepuss	flqvtk3	C
2020-03-28 16:46:40.623048	u/dandanredditman	flrut55	u/jeneng17	flru7b6	C
2020-03-28 16:46:49.189168	u/Solzec	flrutfl	u/JosephJoestar916	flrrfa0	C
2020-03-28 16:46:56.055467	u/OpulentCactus	flrutrr	u/_Mr_Poe_	flqq8jb	C
2020-03-28 16:46:58.675678	u/Broderlemer94	flrutvs	u/I_luv_memes_367	flo2ids	C
2020-03-28 16:47:06.688882	u/IWantCheapPcParts	flruufz	u/Mystery0623	flrrqst	C
2020-03-28 16:47:24.076734	u/Exertuz	flruv96	u/Radeczech2004	flqw5xl	C
2020-03-28 16:47:46.703658	u/some_ones_meal	flruwco	u/PumJum	flruq1j	C
2020-03-28 16:47:56.278986	u/jshk123	flruwz8	u/Steel-Spectre	flrs1o4	C
2020-03-28 16:47:59.125071	u/faix_pass	flrux2a	u/nameofanuser	flrccya	C
2020-03-28 16:48:00.732974	u/___irunonmemes___	flrux3g	u/ExtronDark9	flrgmj7	C
2020-03-28 16:48:03.882978	u/reeee-boy	flruxag	u/-EzWaY-	flrdjmn	C
2020-03-28 16:48:21.117535	u/Sly_Ford	flruyai	u/tsho24	flr5ng7	C
2020-03-28 16:48:27.612528	u/cheqeurs	flruyqm	u/dandanredditman	flruv6r	C
2020-03-28 16:48:46.249244	u/ComradeM4R5H	flruzgv	u/Bruh_Bot_	flpysp8	C
2020-03-28 16:48:49.034457	u/abazub	flruzod	u/HermioneGranger429	flr8na3	C
2020-03-28 16:49:05.408028	u/Esjoker2213	flrv0p0	u/LWIAY100	flrcj2o	C
2020-03-28 16:49:38.059220	u/SenseiSalt603	flrv3yn	u/fualtyzane	flrrre9	C
2020-03-28 16:49:43.204100	u/el_muncho_jr	flrv4hf	u/literxllytrxsh	flrtufl	C
2020-03-28 16:49:44.640870	u/FnordyHeart5422	flrv4kp	u/bic_bo69	flru3gu	C
2020-03-28 16:49:54.537709	u/SVNTv1	flrv58e	u/BloonsPopper_-	flrv1q8	C
2020-03-28 16:49:58.323387	u/davei_j0nez	flrv5xt	u/ViperDuck99	flrqg1s	C
2020-03-28 16:49:59.203681	u/Gh05t_0n3_5150	flrv5zw	u/SK535	flr8pt2	C
2020-03-28 16:50:03.996111	u/alianthebuknoy	flrv6c0	u/AxleGearThylacine	flroddj	C
2020-03-28 16:50:07.468012	u/nicknack605	flrv6gm	u/Emperor_O_Memes	flrufgj	C
2020-03-28 16:50:24.637016	u/princerafael	flrv7ds	u/offrythem	flr4w54	C
2020-03-28 16:50:26.998732	u/BenShapiros	flrv7g0	u/RepostSleuthBot	flrslsk	C
2020-03-28 16:50:34.162776	u/Jacoob1515	flrv7kc	u/vfcsghjdfgj	flru7ue	C
2020-03-28 16:50:40.685560	u/AndrewREEEE	flrv7yf	u/Danmangogogo	flruqsy	C
2020-03-28 16:50:44.241400	u/hadidabeast	flrv853	u/annoyingperson856	flrv52k	C
2020-03-28 16:50:55.088023	u/GodtheBartender	flrv8l6	u/Tjk50932	flrsa1m	C
2020-03-28 16:51:31.472638	u/Crisby_Bacon	flrva4d	u/GullibleSeal94	flruubm	C
2020-03-28 16:51:37.311230	u/daphillymann	flrvabl	u/Mike_Diz	flrv1wc	C
2020-03-28 16:51:50.495362	u/davis9941	flrvarb	u/Stefi007	flrv4ot	C
2020-03-28 16:51:53.144928	u/YT_HUNTERZ	flrvasg	u/diamond_bread	fqjjwp	S
2020-03-28 16:53:04.808879	u/IWantDie-	flrvdoh	u/RepostSleuthBot	flrvam0	C
2020-03-28 16:53:07.259136	u/Pro_Cat	flrvdpi	u/BlueAuqa	flrl63z	C
2020-03-28 16:53:24.148605	u/KissMyBrownAsh	flrvfar	u/theautisticfrog	flrnpft	C
2020-03-28 16:53:28.483155	u/Nagirdnal	flrvfe2	u/Billy_T_Wierd	flrvcu7	C
2020-03-28 16:53:35.464790	u/Bubsy9	flrvfr5	u/Loud_Shine	flrul9f	C
2020-03-28 16:53:38.786403	u/frroztbyte	flrvfvb	u/ExtronDark9	flrgmj7	C
2020-03-28 16:54:06.577607	u/Portalpasser	flrvgwd	u/Robyy34	flqa5j3	C
2020-03-28 16:54:15.432294	u/Fortniteusedtobefun	flrvh7l	u/kbdaboss12	flruzmk	C
2020-03-28 16:54:24.851623	u/Piotrhanter	flrvhcz	u/kbdaboss12	flruzmk	C
2020-03-28 16:54:36.035882	u/mauricior26g	flrvhr7	u/-_-Naga_-_	flrmok7	C
2020-03-28 16:54:50.396786	u/aburov1	flrvi23	u/Slenderhealer35	flm3szn	C
2020-03-28 16:55:09.023082	u/bring-is-phone	flrvimk	u/Ankit_Gajjar	flru3wp	C
2020-03-28 16:55:41.209140	u/cheese4691	flrvk75	u/Purplecowpig	flrvby5	C
2020-03-28 16:55:55.155830	u/TheButteryMustache	flrvkn2	u/converter-bot	flrvhkm	C
2020-03-28 16:56:24.229519	u/phido3000	flrvllb	u/Tjk50932	flrsa1m	C
2020-03-28 16:56:27.021894	u/EMINEM_4Evah	flrvln8	u/memer414gamer	flrh28h	C
2020-03-28 16:56:33.451366	u/pacyblue	flrvluw	u/nhthangdct	flqy1yl	C
2020-03-28 16:56:37.452268	u/MusteA15	flrvlzc	u/doggo_person626	fqsaw7	S
2020-03-28 16:56:49.194076	u/Leshot	flrvmpy	u/Meta-Knight-Main	flrtgyv	C
2020-03-28 16:56:51.024722	u/shad0wstro0per	flrvmx0	u/daddy_clean	fkwphh0	C
2020-03-28 16:57:26.656625	u/TrendNowapp	flrvohq	u/fualtyzane	flqxbgy	C
2020-03-28 16:57:33.887845	u/maeveshadow	flrvov3	u/fualtyzane	flrrnbu	C
2020-03-28 16:58:02.817826	u/DoenS12	flrvptc	u/Blazekhan	flr0p5t	C
2020-03-28 16:58:09.338688	u/badmanrhys123	flrvq5b	u/jshk123	flruwz8	C
2020-03-28 16:58:27.968661	u/Adam-JustAdam-	flrvr4y	u/flwrs__	flqmbf5	C
2020-03-28 16:58:35.402949	u/HarlockUlric	flrvrj0	u/44G6	flruzft	C
2020-03-28 16:58:38.380697	u/FxtL29	flrvrkt	u/Xploiter_RBLX	flrvn2g	C
2020-03-28 16:58:40.616325	u/JDen38	flrvrn9	u/fualtyzane	flrtpv9	C
2020-03-28 16:58:47.027213	u/Oh_Hai999	flrvs1k	u/Kami103	flqizd6	C
2020-03-28 16:59:00.361217	u/george-the-cool-guy	flrvspp	u/uptotrouble	flr22no	C
2020-03-28 16:59:12.701862	u/IskDob_325	flrvtpm	u/1978mustang	flrusaj	C
2020-03-28 16:59:28.061409	u/Knoxlava	flrvudg	u/saltaholicsgang	flrnz9q	C
2020-03-28 16:59:31.028448	u/gamer_meat	flrvuew	u/not-an-alt3	flrvqn8	C
2020-03-28 16:59:35.379119	u/14AUDDIN	flrvus8	u/MafiaHen	flrvo3i	C
2020-03-28 16:59:40.521694	u/utkarshhimself	flrvv5t	u/NotSoPhun	fhjnfhm	C
2020-03-28 16:59:44.522717	u/justlooking250	flrvvci	u/Expensive-Teaching	flro3ka	C
2020-03-28 16:59:53.041252	u/URGENTCAFE	flrvwab	u/WonderHollow	flqvt5f	C
2020-03-28 16:59:56.686166	u/logical_coward	flrvwrr	u/dubistlecker	flrnx5i	C
