2020-04-12 17:01:23.346773	u/shutupyoufish	fn7ob8k	u/WingsofRain	fn7lg1i	C
2020-04-12 17:01:27.179034	u/TheLittleMachinist	fn7obbw	u/Pranjal2	fn748fw	C
2020-04-12 17:01:36.332926	u/Alvaro11RL	fn7obqu	u/meme-guy12346	fn7o4po	C
2020-04-12 17:01:51.007462	u/TachankaTheCrusader	fn7oc5s	u/Lenin_666	fn7o3vw	C
2020-04-12 17:02:05.440909	u/MarekGrr	fn7ockt	u/ewan57	fn7o79i	C
2020-04-12 17:02:56.217523	u/SwankyPotatoes	fn7pyx7	u/Rocc6913	fn7pwbf	C
2020-04-12 17:03:00.609880	u/Rectumfryer	fn7pzal	u/im-a-simple-guy	fn7pwnn	C
2020-04-12 17:03:21.613227	u/Montana_Gamer	fn7pzwv	u/lexwuessie	fn7pu3n	C
2020-04-12 17:03:58.345062	u/miguel0988	fn7q1rn	u/Jon-Leroy	fn6pclk	C
2020-04-12 17:04:14.104148	u/BigAssAreola	fn7q2ix	u/shamlessplugger	fn7mcf6	C
2020-04-12 17:04:41.356014	u/Dongo3	fn7q4c5	u/DecentWonder4	fn7n8mf	C
2020-04-12 17:04:46.762594	u/ajking_307	fn7q4o5	u/Eu4boi	fn75fqw	C
2020-04-12 17:04:52.137142	u/CubeTist	fn7q4vt	u/cdxcn	fn7o64o	C
2020-04-12 17:05:08.316816	u/kingkdizzle08	fn7q5b6	u/Samantha-06	fn7q1j4	C
2020-04-12 17:05:58.559174	u/RealDucksterBoo123	fn7q7lp	u/KingOfTheFlame	fn17czz	C
2020-04-12 17:06:10.506356	u/storm_nibba	fn7q83c	u/RepostSleuthBot	fn7jy6f	C
2020-04-12 17:06:20.096407	u/jukebox_grad	fn7q8du	u/Domhatezyou	fn7649s	C
2020-04-12 17:06:32.017130	u/the_great_tR52	fn7q92d	u/PringlestheBingles	fn7nmoz	C
2020-04-12 17:06:54.982739	u/paopao1121	fn7qafw	u/Moj21356	fn7pboe	C
2020-04-12 17:07:29.730390	u/PixL_ofc	fn7qbka	u/BlackWolf3223	fn7k3gq	C
2020-04-12 17:07:33.936129	u/LanceONeill	fn7qbo4	u/yaboyroy61	fn6ltgh	C
2020-04-12 17:08:25.820390	u/JauntyPickles	fn7qdyc	u/RokieVetran	fn7ffey	C
2020-04-12 17:09:08.782472	u/MemeJesus911	fn7qfuz	u/QuadriRaji	fn7ntji	C
2020-04-12 17:09:12.173409	u/Ndriver3	fn7qfxi	u/cayden0203	fn78wcv	C
2020-04-12 17:09:14.228786	u/Wanderingh0st	fn7qfzu	u/NukeNinja69123	fn7qdzc	C
2020-04-12 17:09:44.857470	u/Xx_yoink_xX	fn7qi7v	u/Gamer-Rat	fn78q2b	C
2020-04-12 17:09:55.549388	u/frkauan	fn7qiu3	u/greenglassian	fn7nlmz	C
2020-04-12 17:09:59.325171	u/tychart	fn7qj4q	u/rick_the_meme_man	fn7imjw	C
2020-04-12 17:10:25.715628	u/WatchMaster56	fn7qk4z	u/Remy10Reddit	fn7dert	C
2020-04-12 17:10:34.077734	u/ChocoKoyokoyo	fn7qk9x	u/AerialAlucard	fn7p9cy	C
2020-04-12 17:10:41.581272	u/Pinkujo	fn7qkoc	u/greenglassian	fn7nlmz	C
2020-04-12 17:10:45.255797	u/LordeIsFramingMe	fn7qksl	u/Carter_300zx	fn7q1iu	C
2020-04-12 17:12:08.371833	u/InconvenientMishap	fn7qo4i	u/Marshmallowboi0194	fn7hbe2	C
2020-04-12 17:12:31.150052	u/Bahbster	fn7qosj	u/MMaalouf108140	fn7g5px	C
2020-04-12 17:12:33.496291	u/Lemonade-Master	fn7qou6	u/Remy10Reddit	fn7qmpn	C
2020-04-12 17:12:51.261116	u/RealTigres	fn7qpkf	u/TsonK	fn71a1b	C
2020-04-12 17:13:20.952888	u/chickensandwich13	fn7qqpj	u/tearose11	fn7qm3x	C
2020-04-12 17:13:46.069757	u/pronoobsterYT	fn7qr8n	u/VangeeOP	fn7q4t9	C
2020-04-12 17:13:54.832608	u/backpackwayne	fn7qrlc	u/sir_music	fn7qmwo	C
2020-04-12 17:13:59.173218	u/Dragonyte1389	fn7qroa	u/leodan669	fn7abbj	C
2020-04-12 17:14:01.309250	u/FeatheredHawk	fn7qrta	u/Tengam15	fn7qm5b	C
2020-04-12 17:14:19.717023	u/noooooooyou	fn7qshs	u/a_cute_penguincat	fn7qppc	C
2020-04-12 17:15:09.393411	u/JAKEthesnak46747235	fn7quar	u/Horrorfan5	fn7qaw5	C
2020-04-12 17:15:31.247320	u/keindingfuernking	fn7qvdq	u/XDSpaceX	fn7prq6	C
2020-04-12 17:15:44.486227	u/TacoInYourTailpipe	fn7qvyt	u/LoneScout360	fn7bf7h	C
2020-04-12 17:16:07.764868	u/What-is-a-potato	fn7qxkj	u/Dongo3	fn7q4c5	C
2020-04-12 17:16:26.047863	u/wtfreak12	fn7qygm	u/SkoglundTheGreat	fn6zcra	C
2020-04-12 17:16:29.994714	u/Banbankiller84	fn7qykl	u/SkoglundTheGreat	fn6zcra	C
2020-04-12 17:16:36.381831	u/visit-the-library	fn7qyq0	u/klee199	fn7al02	C
2020-04-12 17:17:07.549592	u/Inca-Mew	fn7r00p	u/cjc1234godkiller	fn7qnh3	C
2020-04-12 17:17:10.284275	u/ilovepizzumorethanu	fn7r01h	u/Topbutton6	fn7qrjw	C
2020-04-12 17:17:27.852496	u/Master_JBT	fn7r15p	u/okboomerif-gay	fn7k1il	C
2020-04-12 17:17:50.818962	u/Dyl2013	fn7r2m5	u/Ex_Spams_L2	fn7h42b	C
2020-04-12 17:18:22.459845	u/boyanode	fn7r4aq	u/roarimshreck	fn7fgmc	C
2020-04-12 17:19:01.670701	u/IneedSleepPlzHelp	fn7r6gg	u/ewan57	fn7r4jc	C
2020-04-12 17:19:17.624468	u/LoSpeed	fn7r783	u/Mc-Reddit	fn7qu02	C
2020-04-12 17:19:32.548337	u/TableSpoonsAreCool	fn7r83a	u/Resorization	fn7r3yj	C
2020-04-12 17:19:48.047081	u/amy_shoomer	fn7r8vl	u/JamalJabJab	fn7r69e	C
2020-04-12 17:19:53.379820	u/AceTactics	fn7r9a9	u/TableSpoonsAreCool	fn7r83a	C
2020-04-12 17:20:34.183696	u/OZ415	fn7rbfx	u/oofeh	fn7hmqu	C
2020-04-12 17:20:39.334992	u/blep0w0	fn7rbpe	u/ultrainstict	fn7napz	C
2020-04-12 17:20:42.980777	u/Jumpy652	fn7rbqk	u/user_loku	fn5ivwo	C
2020-04-12 17:20:45.444739	u/WithExtraDip9	fn7rbql	u/TiesG92	fn7niip	C
2020-04-12 17:21:34.010822	u/ItsHyperBro	fn7rd8m	u/SSJ4Autism	fn7f9da	C
2020-04-12 17:22:19.003257	u/AquarianScientist	fn7rega	u/Bruh_Bot_	fn77bc5	C
2020-04-12 17:22:42.474693	u/_3MKE_	fn7rf1j	u/Elvin__	fn6gzne	C
2020-04-12 17:22:45.819133	u/Nightbadger03	fn7rf42	u/Reddit-binder	fn6ppbi	C
2020-04-12 17:23:41.289567	u/bskozbe	fn7rhup	u/DraikunDrake	fzwjtj	S
2020-04-12 17:23:50.782119	u/Shulker-bag	fn7ri1v	u/Bad54	fn7q2gf	C
2020-04-12 17:25:23.958559	u/happisock	fn7rlvs	u/Sedy_D	fn7nzyj	C
2020-04-12 17:26:00.885177	u/ThatsNoScout	fn7rnlr	u/donkeyterminator	fn7ooeh	C
2020-04-12 17:26:13.407448	u/crunchypotato74	fn7ro4q	u/-K-C-	fn7qcxb	C
2020-04-12 17:26:42.027826	u/testosteronebeefcake	fn7rowx	u/B1GB10	fn7rlyp	C
2020-04-12 17:27:18.967140	u/testosteronebeefcake	fn7rr87	u/B1GB10	fn7rpvw	C
2020-04-12 17:27:33.394664	u/-_BelongsInTheTrash	fn7rrp9	u/KajaMon5	fn55x9y	C
2020-04-12 17:27:49.647792	u/blep0w0	fn7rs9w	u/ultrainstict	fn7rcm0	C
2020-04-12 17:28:02.947392	u/Sub2Pewdiepiez	fn7rsyl	u/mykirto	fn7qm34	C
2020-04-12 17:28:08.634482	u/Salty_Setting	fn7rt33	u/BedabooMipBim-Bim	fn7px46	C
2020-04-12 17:28:30.978415	u/AzizKhattou	fn7rtsz	u/Burlytown-20	fn74dp3	C
2020-04-12 17:28:38.894038	u/_CozyPillow_	fn7ru7x	u/Killacraft131	fn7rlg5	C
2020-04-12 17:29:20.341668	u/Theo_1013	fn7rwgh	u/Elvin__	fn6gzne	C
2020-04-12 17:30:32.347604	u/iGotEDfromAComercial	fn7s0tj	u/SampleTexDoggo	fn7ql9k	C
2020-04-12 17:30:38.224310	u/Shane-Dreamer	fn7s0yy	u/TheTerribleUnknown	fn7rwcn	C
2020-04-12 17:30:49.836580	u/Stargotaker	fn7s1al	u/DerJC	g04hlj	S
2020-04-12 17:30:59.964304	u/POPcornMOREcorn	fn7s1qr	u/THEmercianSAXON	fn7ru66	C
2020-04-12 17:32:24.662626	u/FancyFellaRDR2	fn7s4ui	u/HAPPY-BIRTHDAY-RAVEN	fn7rds1	C
2020-04-12 17:32:35.188483	u/y_r_u_l8	fn7s58s	u/ComFarsight	fn7qxf4	C
2020-04-12 17:34:04.938058	u/Master_JBT	fn7s9p8	u/I_am_bread9446	fn73uaw	C
2020-04-12 17:34:09.843818	u/Patrick-Bell	fn7sa0i	u/YoungTravels	fn7s5yv	C
2020-04-12 17:34:11.960369	u/thefatkidfromup420	fn7sa18	u/weirdobeardo123	fn75kur	C
2020-04-12 17:35:01.195989	u/DreWallen301	fn7sbsi	u/DR_A05	fn75n0f	C
2020-04-12 17:35:17.805302	u/RaduliKappa	fn7scsf	u/Benedict-Cursed	fn7o548	C
2020-04-12 17:35:57.590998	u/jonzy779	fn7seqd	u/Finboror	fn7qwyp	C
2020-04-12 17:36:51.951414	u/baranbaldan	fn7shad	u/itzongaming	fn7rtpt	C
2020-04-12 17:36:55.644227	u/BiblicalBible	fn7shkv	u/Senne1714	fn6zykt	C
2020-04-12 17:37:08.886719	u/brownputin	fn7si09	u/whatevertfusay	fn7nseh	C
2020-04-12 17:37:12.577079	u/cyanide_kuppii	fn7si94	u/xXTheDudeAbideXx	fn6qph4	C
2020-04-12 17:37:16.855178	u/kryspin2005	fn7sifw	u/OrangeSheep12	fn7qvc3	C
2020-04-12 17:37:46.335413	u/Swan-Sean	fn7sj7y	u/Creeemi	fn7oyeo	C
2020-04-12 17:38:00.828127	u/Mikeologyy	fn7sk64	u/Weeb_314159	fn6up1i	C
2020-04-12 17:38:24.117829	u/kernel_corn3	fn7sl2s	u/Burnsy813	g02yhx	S
2020-04-12 17:38:32.452895	u/vannyeethoven	fn7sldj	u/TacoInYourTailpipe	fn7qvyt	C
2020-04-12 17:38:40.425746	u/jdq1025	fn7slwg	u/DicidueyeAssassin	fn731xv	C
2020-04-12 17:39:04.168702	u/blep0w0	fn7so1s	u/SampleTexDoggo	fn7lar4	C
2020-04-12 17:39:09.000990	u/idkwhatimdoinghere98	fn7sob3	u/trippy81	fko9bl6	C
2020-04-12 17:39:17.998328	u/Stopthelemurs	fn7sp0e	u/CheeriodudeL45	fn6wl7t	C
2020-04-12 17:39:22.369697	u/LongLineOfLydias	fn7spgg	u/yaboiwest	fn7aumw	C
2020-04-12 17:39:37.867033	u/blep0w0	fn7sqge	u/MrMinticuz	fn7j15s	C
2020-04-12 17:39:49.634006	u/TastyZoots	fn7sr6s	u/RVK_WAFFLE	fn7sjbk	C
2020-04-12 17:39:53.067301	u/LongLineOfLydias	fn7srjy	u/Dyl2013	fn7qcpq	C
2020-04-12 17:39:59.481102	u/nevershouttomas2	fn7ssbg	u/The-Brawl-Shark	fn7sdyr	C
2020-04-12 17:40:28.995833	u/ya_boi_Tits	fn7stcm	u/RVK_WAFFLE	fn7sjbk	C
2020-04-12 17:40:32.550064	u/antidepressants4u	fn7stgv	u/TangyBoi3	fn6y1kf	C
2020-04-12 17:40:57.836610	u/Meganumerophobiac	fn7suth	u/rumpleme	fn75u9f	C
2020-04-12 17:41:10.247495	u/OliverVale2006	fn7sv6z	u/Hypererra	fn795la	C
2020-04-12 17:42:18.365152	u/Lover_ON	fn7sxz2	u/J_C_Wizard49	fn7rqxg	C
2020-04-12 17:42:43.098318	u/ApplePants2233	fn7syh5	u/Billy_Rocks	fn7jinz	C
2020-04-12 17:42:53.050583	u/blah404meoq	fn7sytx	u/CBoysen	fn7stao	C
2020-04-12 17:43:01.691034	u/i_i_i	fn7sz4t	u/Big_old_Bulldog	fn7ob0b	C
2020-04-12 17:43:26.052400	u/ryderrogan1028	fn7szr6	u/user___________	fn6l2ha	C
2020-04-12 17:43:37.162602	u/azzysarts	fn7t04g	u/jojo-referencer	fn7scvf	C
2020-04-12 17:43:49.741134	u/twoiko	fn7t0r5	u/Boiwhosteals	fn5rv92	C
2020-04-12 17:44:47.895422	u/yeboichungus	fn7t30a	u/Fidel9509	fn7skad	C
2020-04-12 17:44:49.934040	u/yummymario64	fn7t3a1	u/NoNameIdeasPlsHalp	fn7bb7t	C
2020-04-12 17:45:01.335218	u/Abdullah-Alturki	fn7t3nb	u/greenglassian	fn7ju6u	C
2020-04-12 17:45:11.072482	u/owl_drunk	fn7t49y	u/Scorpionbutwithaface	fn6rxv0	C
2020-04-12 17:46:01.621700	u/osgreat613	fn7t6cp	u/k0reanc0rn	fn7qobu	C
2020-04-12 17:46:11.599335	u/Abdullah-Alturki	fn7t6vk	u/iamweebtr4sh	fn6pi84	C
2020-04-12 17:46:17.383482	u/Tameem65	fn7t70f	u/Nemesis233	fn7mzkd	C
2020-04-12 17:46:27.661542	u/ProfeNeuro	fn7t7l1	u/Ka1-	fn6xgv9	C
2020-04-12 17:46:32.296593	u/doctor_pong	fn7t7s1	u/Creeemi	fn7rvl7	C
2020-04-12 17:46:34.055593	u/Captainamerica1188	fn7t7s4	u/Jaface	fn6qbto	C
2020-04-12 17:47:00.974744	u/Franzwa04	fn7t94s	u/tacodino200	fn7dv4f	C
2020-04-12 17:47:55.192069	u/quivek	fn7tbyx	u/_CozyPillow_	fn7ru7x	C
2020-04-12 17:47:58.831423	u/0verdrive_Games	fn7tc8q	u/Elvin__	fn6gzne	C
2020-04-12 17:49:06.242252	u/anziepanzie	fn7tg30	u/SampleTexDoggo	fn7ql9k	C
2020-04-12 17:49:08.467871	u/atofanicosmin	fn7tg72	u/Stephensimon86	fn7j5k1	C
2020-04-12 17:49:42.543192	u/Desperate-Sleep	fn7tj2a	u/_Sad_Puppy_	fn781ey	C
2020-04-12 17:49:44.607651	u/mkoruda	fn7tj9l	u/ImTheNewKid22783	fn7rfch	C
2020-04-12 17:49:49.474387	u/Master_JBT	fn7tjk5	u/MilkyChast	fn7g3vy	C
2020-04-12 17:49:51.141583	u/ZenDarKritic55	fn7tjnk	u/PixL_ofc	fn7qbka	C
2020-04-12 17:49:57.690320	u/StuperStar03	fn7tkc6	u/YoHomie99	fn7tjk7	C
2020-04-12 17:50:15.718710	u/billis156	fn7tl5a	u/Elvin__	fn6gzne	C
2020-04-12 17:50:39.432528	u/KasEsEsmu	fn7tmr5	u/blokxylo	fn6rzcd	C
2020-04-12 17:50:51.949165	u/yHoundz	fn7tn7z	u/Master_JBT	fn7tjk5	C
2020-04-12 17:51:51.217734	u/TwiIightster	fn7tpz5	u/ThisNameIsNotTakes	fn4md0w	C
2020-04-12 17:52:09.922454	u/TarzanCapota	fn7tqyy	u/ewan57	fn7tedl	C
2020-04-12 17:52:43.262886	u/1003873jk55	fn7tsqf	u/Ph3n0lphthalein	fn5eqjx	C
2020-04-12 17:53:09.523605	u/almatom12	fn7ttg3	u/JolynaKujo	fn7431w	C
2020-04-12 17:53:20.697245	u/HIRO_TTV	fn7tu3l	u/merry_crimis	fn6i53e	C
2020-04-12 17:53:34.747633	u/Aarix_Tejeha	fn7tvn8	u/ForgotHowToDoge	fn7g7a6	C
2020-04-12 17:53:55.735832	u/SaucyUnicycle7	fn7twa1	u/HeyImthatwizard	fn7tt4l	C
2020-04-12 17:54:08.554050	u/4ourT4	fn7twks	u/iRob0tt	fn7ti5d	C
2020-04-12 17:54:40.255084	u/thebonga	fn7vclq	u/CloppyTheClopper	fn6zc3f	C
2020-04-12 17:54:55.762739	u/samexebin	fn7vdc4	u/Solid_Snack56	fn6zdzu	C
2020-04-12 17:55:08.080740	u/Master_JBT	fn7vdti	u/Sexy_Asian_Guy	fn7v7bu	C
2020-04-12 17:55:23.617699	u/rbarnett2-barney	fn7vejb	u/not_A-_Cop	fn7ujby	C
2020-04-12 17:55:35.798822	u/blep0w0	fn7vfc0	u/MrMinticuz	fn7stij	C
2020-04-12 17:56:53.915540	u/trouxa_rei	fn7vjcb	u/Jamminjoe_2	fn7uzmm	C
2020-04-12 17:56:55.624699	u/Zeitgeist1013	fn7vje0	u/CreeperTNTJunge	fn7vafk	C
2020-04-12 17:57:01.069657	u/dathclock	fn7vjk0	u/sqweeeeeeeeeeeeeeeps	fn7tmel	C
2020-04-12 17:57:46.613847	u/Morpheus--	fn7vm62	u/acerjt61	fn7tsk0	C
2020-04-12 17:57:48.204092	u/Yeetymemester	fn7vmcp	u/dumbagarwal	fn7p5bt	C
2020-04-12 17:57:53.563939	u/sdman2006	fn7vmqr	u/afanoftrees	fn7q6cm	C
2020-04-12 17:58:06.367962	u/PixelIvan	fn7vnq6	u/markthedeadmet	fn7v8u0	C
2020-04-12 17:58:12.280437	u/JedCarroll08	fn7vom5	u/Laremyunsil	fn7pxcn	C
2020-04-12 17:58:33.339186	u/Lil-Leon	fn7vpyv	u/Bonefarb	fn6wh6a	C
2020-04-12 17:58:37.359715	u/bokaboi	fn7vqd7	u/ManDe1orean	fn7luz0	C
2020-04-12 17:58:39.527980	u/GH0ST-TOST	fn7vqdp	u/NoNameIdeasPlsHalp	fn7bb7t	C
2020-04-12 17:58:50.337010	u/Cyber_Boi	fn7vqw4	u/Warkan47	fn7smf6	C
2020-04-12 17:58:53.760242	u/AotearoaNic	fn7vqx4	u/1MoistTowelette	fn7tw2c	C
2020-04-12 17:59:12.510149	u/Jabsticles	fn7vrzd	u/MAGIC_EYE_BOT	fn7tdu0	C
2020-04-12 17:59:14.733366	u/FandomPraiser	fn7vs3s	u/akontonasakis	fn7vlpo	C
2020-04-12 17:59:17.789323	u/doopysnek1	fn7vsae	u/MaximaBlink	fn7gpjt	C
2020-04-12 17:59:20.818554	u/Byte777	fn7vskf	u/Infinite303	fn7vpma	C
2020-04-12 17:59:50.813577	u/inenmaster	fn7vuxh	u/Bice574602	fn7izfo	C
