2020-04-09 20:01:12.472878	u/Bukkles	fmy14pc	u/McAfee4Pres	fmxwlhf	C
2020-04-09 20:01:36.911219	u/Whymustihave20letter	fmy15dy	u/kingmkh	fmy07h6	C
2020-04-09 20:01:40.424463	u/Foxy7hepira7e09	fmy15gm	u/VibraniumDragonborn	fl5nrgn	C
2020-04-09 20:01:46.178071	u/vigorousexplosions	fmy15qv	u/ebicGAMAMAAM	fmwzbr2	C
2020-04-09 20:02:57.655244	u/Caboose12000	fmy17ni	u/boler1	fmxxl5y	C
2020-04-09 20:03:07.685628	u/fattest_ginger	fmy17sd	u/these-are-not-stonkS	fmxwtif	C
2020-04-09 20:03:14.010819	u/digtrollo1	fmy17xo	u/beqs171	fmxmp5f	C
2020-04-09 20:04:32.777040	u/Syntens	fmy2wxg	u/LordLegendWolf	fmw3db7	C
2020-04-09 20:05:07.538223	u/avaisanintrovert227	fmy2yq7	u/Lenton99	fmxj9tk	C
2020-04-09 20:05:14.579144	u/nerfbastion666	fmy2ytr	u/Bruh_Bot_	fmxz0z6	C
2020-04-09 20:05:32.132165	u/memeboi895	fmy2zb7	u/MediocrePenisNumber6	fmxxnl9	C
2020-04-09 20:06:02.759075	u/VideoTheZombie	fmy30dl	u/BobRoss_keepcrits	fmxvd7q	C
2020-04-09 20:06:15.716715	u/thatgermanguy133769	fmy30z9	u/Carson200525	fmy26bv	C
2020-04-09 20:06:19.252706	u/utilitysauser	fmy3103	u/Richlandsbacon	fmxwepc	C
2020-04-09 20:06:27.190053	u/WantSomeHorseCock	fmy31ii	u/Paprikabean	fmxv028	C
2020-04-09 20:06:50.614228	u/__starburst__	fmy32fh	u/Paprikabean	fmxvixq	C
2020-04-09 20:07:03.013438	u/gunslinger_mk	fmy32sh	u/Dr_C_F_	fxzubn	S
2020-04-09 20:07:29.764584	u/creativelyignorant	fmy342r	u/RepostSleuthBot	fmy0bbv	C
2020-04-09 20:08:12.248309	u/cowboimemes	fmy366s	u/Cosmosaurio	fmy354w	C
2020-04-09 20:08:18.196557	u/Ultranationalistussr	fmy36c6	u/Alexis1897	fmxnk3x	C
2020-04-09 20:08:19.900049	u/jdtheunknownlegofan	fmy36cs	u/Anonymous8776	fmx148s	C
2020-04-09 20:08:22.310384	u/BowersM18	fmy36es	u/MrProbation	fmy0o8c	C
2020-04-09 20:08:42.268104	u/Killroyjones	fmy36ub	u/angelslikathat	fmwexo0	C
2020-04-09 20:09:14.313450	u/StevenProGamer95	fmy38rc	u/Bruh_Bot_	fmy2f53	C
2020-04-09 20:09:29.045197	u/deskit645	fmy39k5	u/MAGIC_EYE_BOT	fmy2z2j	C
2020-04-09 20:09:50.426168	u/CJPsalm139	fmy3bv4	u/SculPoint	fmy22cl	C
2020-04-09 20:10:12.453083	u/Miracreat	fmy3dop	u/dankomz146	fmxz82n	C
2020-04-09 20:10:20.472973	u/GabboRiele99	fmy3dw2	u/cosoacaso01000	fmxy41x	C
2020-04-09 20:10:29.569805	u/RaimuRM	fmy3e42	u/Snorkulos	fmy272d	C
2020-04-09 20:11:56.825177	u/Mikef1tz	fmy3gg3	u/username-is-not-here	fmy262k	C
2020-04-09 20:12:12.737155	u/yaboyjeffry	fmy3h62	u/Corona-Beer-is-cure	fmh8vrj	C
2020-04-09 20:12:33.975056	u/My_final_form_	fmy3hy1	u/Paprikabean	fmxv028	C
2020-04-09 20:12:49.343925	u/XanderGrander10	fmy3ibr	u/ShEep_GOd-1358	fmwulnr	C
2020-04-09 20:13:44.004338	u/ryusko14	fmy3jtp	u/DokkanOverLegends	fmxxulk	C
2020-04-09 20:14:08.984453	u/contigowater	fmy3l0s	u/Paprikabean	fmxvixq	C
2020-04-09 20:14:29.354344	u/penisvegan	fmy3ldo	u/AutoModerator	fm37d72	C
2020-04-09 20:15:18.208287	u/Azshare	fmy3n4p	u/BariBadDay	fmy2h2s	C
2020-04-09 20:15:20.266863	u/Fish_Grillson	fmy3n5k	u/AdmiringTheMonaLisa	fmxgtsa	C
2020-04-09 20:15:37.144878	u/Scott160106	fmy3nqz	u/not_a_donut_guy	fmxvavu	C
2020-04-09 20:15:49.989993	u/techgirl0	fmy3oej	u/m4a1pewpew	fmy37bo	C
2020-04-09 20:16:42.629085	u/_dausyy	fmy3qg1	u/DemonicEva	fmy0dcu	C
2020-04-09 20:17:42.601883	u/spidey-dust	fmy3sg3	u/mohaee	fmxj4lo	C
2020-04-09 20:17:51.272804	u/Boboar	fmy3sjj	u/lasersoflros	fmxoclb	C
2020-04-09 20:17:57.364619	u/WokeHouseSlave	fmy3stn	u/MartianTurkey	fmxzevb	C
2020-04-09 20:18:05.950897	u/wafflestomps	fmy3td7	u/Ineedmoretimedammit	fmxwfd3	C
2020-04-09 20:18:26.861328	u/trizonxjay	fmy3unq	u/born-a-wolf7650	fmy1gv5	C
2020-04-09 20:18:42.169437	u/andrew_gusher	fmy3vf2	u/AppletonSF	fmxjr9y	C
2020-04-09 20:18:49.961474	u/VOIDpotatoVOID64	fmy3vo7	u/RepostSleuthBot	fmy2svn	C
2020-04-09 20:18:55.825678	u/Saalieri	fmy3wcm	u/CorndogCrusader	fmwsp0z	C
2020-04-09 20:19:15.109424	u/hamburglar187	fmy3x7e	u/mrsuns10	fmxvaaw	C
2020-04-09 20:19:53.592910	u/cm_veiga	fmy40aw	u/Eagleheart585	fmy3cau	C
2020-04-09 20:21:26.994106	u/CarBon-CR7	fmy454b	u/goncas12345	fmwqujj	C
2020-04-09 20:21:35.400682	u/_crazy_ninja_kid_	fmy45mc	u/Hiruko-kun	fmy432d	C
2020-04-09 20:22:22.168323	u/BobZeSnob	fmy47b1	u/ilyas114	fmxwh9b	C
2020-04-09 20:22:38.533036	u/Mr_Eggy__	fmy47n0	u/Nintendork7950	fmxz51z	C
2020-04-09 20:25:11.499075	u/i_am_tyler__durden__	fmy4dg7	u/LordAidyn420CuzEdgy	fmy3aj1	C
2020-04-09 20:26:19.163699	u/ChancellorPalpameme	fmy4gdf	u/Radman3Paxx	fmvpyum	C
2020-04-09 20:26:22.986523	u/weirdguy36	fmy4ge1	u/avaisanintrovert227	fmy2u4e	C
2020-04-09 20:26:47.860186	u/SirMrMus	fmy4h8x	u/EdenNightwinter	fmxeovg	C
2020-04-09 20:27:12.543755	u/MrLobinson	fmy4iad	u/Rohlexx	fxtdlu	S
2020-04-09 20:28:29.358511	u/Jaha_Jaha	fmy4lmr	u/sadsaucebitch	fmx2g8b	C
2020-04-09 20:28:31.407770	u/FlikK_de_oNe	fmy4lr1	u/JustLuna_	fmy2ix4	C
2020-04-09 20:29:03.588534	u/BigBoiPotatolord	fmy4mtf	u/MrSchnapskatze	fmxzwta	C
2020-04-09 20:29:06.049035	u/PeepeeHalpert97	fmy4n4i	u/BobZeSnob	fmy42i4	C
2020-04-09 20:29:44.087460	u/TheMadd_Hatter	fmy4p3g	u/The_Great_Roberto	fmy1tlg	C
2020-04-09 20:30:06.494853	u/Elmo-On-Drugs	fmy4rqp	u/LukeBlockwalker69	fmxzf1i	C
2020-04-09 20:30:50.943921	u/LazarBrady	fmy4t7u	u/CarlosR06	fmxu99a	C
2020-04-09 20:31:39.145079	u/HELLO-THERE_66	fmy4uvj	u/RepostSleuthBot	fmxyc2q	C
2020-04-09 20:32:07.201908	u/Griaffes	fmy4vk0	u/hi_nice_to_met_u	fmxcb9v	C
2020-04-09 20:32:22.074018	u/kerdckr	fmy4vym	u/MyJelloJiggles	fmxno3s	C
2020-04-09 20:32:55.103776	u/thiccest-boi-here	fmy4wk6	u/AnarchyIsMyTherapy	fmy43ku	C
2020-04-09 20:33:11.751662	u/tonyfnmlol	fmy4xgc	u/tacobell_diearea	fmy4ss4	C
2020-04-09 20:33:21.270371	u/claritygunther	fmy4xql	u/Flikkrz	fmxow9h	C
2020-04-09 20:33:26.402013	u/SolarSaile	fmy4xtj	u/ilikebaloons-owo	fmy4ugq	C
2020-04-09 20:34:03.251373	u/elizeh123	fmy4zex	u/we_R_allEnslaved	fmsa429	C
2020-04-09 20:34:26.606088	u/Der_Panzer_	fmy4zxf	u/NicklovesFood101	fmxxogq	C
2020-04-09 20:34:28.760899	u/RayvinAzn	fmy4zyv	u/BoxingChamp28	fmxxwwz	C
2020-04-09 20:36:20.821312	u/KittyKittyowo	fmy55gp	u/RepostSleuthBot	fmxlih6	C
2020-04-09 20:36:39.778507	u/X_Succ	fmy562n	u/TJDAMAN	fxveoh	S
2020-04-09 20:36:48.794657	u/Geter_Pabriel	fmy56sc	u/jkv2	fmxnwut	C
2020-04-09 20:37:54.643466	u/ungodliest	fmy58j2	u/RepostSleuthBot	fmxv5e4	C
2020-04-09 20:38:05.312316	u/ArtemioM	fmy58vf	u/Kind-Pop	fl3zlqu	C
2020-04-09 20:39:07.469243	u/faggo0053	fmy5cio	u/Svmwally	fmy4w66	C
2020-04-09 20:39:40.951105	u/ShinyLax	fmy5ema	u/HelpMeILostMyAccount	fmwcw9x	C
2020-04-09 20:39:44.676411	u/EugeneTheLibrarian	fmy5f5i	u/Nokatir	fmt9a17	C
2020-04-09 20:39:45.676302	u/Captain_cascon	fmy5f5u	u/lilchonk69	fmxzof9	C
2020-04-09 20:40:13.355545	u/JWH88	fmy5gq4	u/BigMood42069	fmxwbia	C
2020-04-09 20:40:48.443624	u/pitch1588	fmy5hvz	u/Jonas-Hrnr	fmwquoy	C
2020-04-09 20:41:05.753241	u/pattrickkkk	fmy5ih8	u/ItachiUchihaItachi	fmxepbl	C
2020-04-09 20:41:14.571248	u/snooysan	fmy5its	u/Cimiclette	fmxwe0p	C
2020-04-09 20:41:19.047075	u/Collective1985	fmy5iva	u/swerzy206	fmy5g5p	C
2020-04-09 20:41:22.503283	u/Zombiepixlz-gamr	fmy5iya	u/Mr-WeenerSmall	fmxtitb	C
2020-04-09 20:41:54.922830	u/Dorkits	fmy5jx3	u/maudym	fmxhshz	C
2020-04-09 20:43:42.029581	u/Deathslay123	fmy5nr0	u/File3235	fmw7lkw	C
2020-04-09 20:44:04.224783	u/Jibz_06	fmy5oig	u/SkeletalForce	fmxxl9l	C
2020-04-09 20:44:37.981269	u/not-a-memorable-name	fmy5pwq	u/VatroxPlays	fmxs05s	C
2020-04-09 20:45:33.072638	u/deletemenono	fmy5rih	u/Deathnoob101	fmxo2t9	C
2020-04-09 20:46:42.438983	u/bloodsplinter	fmy5um6	u/beqs171	fmxjgis	C
2020-04-09 20:46:53.416859	u/ptrknvk	fmy5v43	u/Alexis1897	fmxiewa	C
2020-04-09 20:46:56.543375	u/AmazingJAM	fmy5v86	u/RjMeyers	fmy5rbk	C
2020-04-09 20:47:00.817568	u/frcale	fmy5v9f	u/SquishedPomegranate	fmy4dbt	C
2020-04-09 20:47:32.965809	u/freivaldis	fmy5wds	u/Gimme_carrots_humans	fmxgmj0	C
2020-04-09 20:47:37.443041	u/urgur69	fmy5wl3	u/ilikebaloons-owo	fmy4zcz	C
2020-04-09 20:47:40.547801	u/sghernandez120587	fmy5wlx	u/appletheartichoke	fmy5o6p	C
2020-04-09 20:47:49.650450	u/COMMANDERDUCKMLG	fmy5wn6	u/raven080068	fmy31j4	C
2020-04-09 20:47:58.475349	u/ezzy_420	fmy5wsx	u/TheSandman192	fmxwv4h	C
2020-04-09 20:48:52.066233	u/billysandalwood	fmy5zap	u/NoName_ThankYou	fmy3im6	C
2020-04-09 20:49:00.031127	u/you-are-my-bread	fmy604n	u/abracadabra10000000	fmwn9c8	C
2020-04-09 20:49:05.899826	u/ChinaIsAssh0le	fmy60s5	u/BigMood42069	fmxzgyf	C
2020-04-09 20:49:18.850432	u/civodar	fmy61fx	u/Dat-Guy-Tino	fmxxjgn	C
2020-04-09 20:49:33.448443	u/dzendian	fmy61wk	u/Cimiclette	fmxy312	C
2020-04-09 20:49:42.743674	u/DutchTheGuy	fmy62pa	u/LightStriderX	fmy575o	C
2020-04-09 20:49:51.188003	u/xFNG_BliZarD	fmy62z5	u/it_wooden_whistle	fl3cv9r	C
2020-04-09 20:49:57.569293	u/MegaManKid	fmy6379	u/_dausyy	fmy58yt	C
2020-04-09 20:50:36.580759	u/HuntTheGod	fmy64sx	u/N1NJAREB0RN	fmy5s6j	C
2020-04-09 20:51:36.960579	u/r0shin31	fmy6691	u/Deathbysnusnubooboo	fmxbvet	C
2020-04-09 20:51:47.436334	u/PockoCocko	fmy66e6	u/CollegeStudentTrades	fmy5u5x	C
2020-04-09 20:52:32.095247	u/Justus2203	fmy686j	u/milk_connoisseur23	fmy5q40	C
2020-04-09 20:52:56.339816	u/69tt	fmy69cr	u/NecromancherJola	fmxyvbe	C
2020-04-09 20:53:30.310255	u/jonemec	fmy6atn	u/MAGIC_EYE_BOT	fmy4fhs	C
2020-04-09 20:54:47.055233	u/deamonkiller56	fmy6e0v	u/raven080068	fmy2t1c	C
2020-04-09 20:55:25.556789	u/WarMachineRox68	fmy6g2p	u/raz9182	fmxcy0h	C
2020-04-09 20:55:33.862074	u/GeekyFellow3520	fmy6gb4	u/EmotionalLibrary	fmy1tev	C
2020-04-09 20:56:10.386075	u/afraido123	fmy6huh	u/Garett_the_Great	fmxknvj	C
2020-04-09 20:56:30.747939	u/will8382	fmy6il7	u/Deltraxgt	fmn980o	C
2020-04-09 20:56:56.252588	u/Speedyk2000	fmy6kew	u/egg_on_my_spaghet	fmy6fxu	C
2020-04-09 20:57:20.036737	u/DFoxGamer	fmy6l5i	u/FearTheUchiha	fmwnpgq	C
2020-04-09 20:57:24.467326	u/senoj96nodnarb	fmy6lco	u/EliotHudson	fmw6ezb	C
2020-04-09 20:57:39.991574	u/Kies_r	fmy6mi7	u/Bruh_Bot_	fmy6ch2	C
2020-04-09 20:57:42.479280	u/Buddieisyourboi	fmy6mru	u/rkit27	fmy6iz3	C
2020-04-09 20:58:26.011883	u/poomeister69	fmy6plf	u/Bruh_Bot_	fmy6orx	C
2020-04-09 20:58:57.920209	u/HeadlessChkn2911	fmy6qpr	u/crushingmysoul54	fmwk1wg	C
2020-04-09 20:59:18.793043	u/I_Has_A_Hat	fmy6ro7	u/Playing-music-569	fmxpqxg	C
2020-04-09 20:59:25.477311	u/Kuzexh	fmy6s02	u/Raineko	fmxsoe0	C
2020-04-09 20:59:29.359329	u/midwesternvalues73	fmy6ser	u/Bhawks489	fmy558i	C
2020-04-09 20:59:55.971290	u/-dont-forgetaboutme	fmy6uwl	u/KrunkerArea51	fmw5bbo	C
2020-04-09 20:59:58.285158	u/jsrgilggeorlcvur	fmy6vd2	u/Cachuchotas	fmxunh2	C
