2020-04-02 09:00:39.031174	u/anonymous_userx	fm7njtm	u/Respect_Paying_Bot	fm7n361	C
2020-04-02 09:00:49.027273	u/Bsnargleplexis	fm7nk9u	u/Deadpool2715	fm7n8t0	C
2020-04-02 09:01:18.662780	u/TheFlyingOven2pointO	fm7nl0t	u/-_-Uncommon	fm7flve	C
2020-04-02 09:02:44.087927	u/Firegester10	fm7nol0	u/RussianCheeseDood	fm7k8l3	C
2020-04-02 09:03:19.594437	u/Eggrandy	fm7npwa	u/MattyNice00910	fm7m8h0	C
2020-04-02 09:03:44.584582	u/H2Odur	fm7nqwh	u/rushhh3x	fm7msqg	C
2020-04-02 09:04:16.871555	u/SteelSharpensSteel99	fm7nsoo	u/SIAMESEDICK	fm7l0a7	C
2020-04-02 09:04:24.334808	u/13thGuardian	fm7ntb1	u/deafgato	fm7foii	C
2020-04-02 09:04:39.935391	u/timboktar	fm7ntri	u/anonymous_userx	fm7nm10	C
2020-04-02 09:05:26.650613	u/BlueTwoStandingBy	fm7nxh9	u/DamnYouKaren420	fm7np4l	C
2020-04-02 09:05:29.679510	u/KogMaster_9000	fm7nxlp	u/GoodSlav09	fm7n5fo	C
2020-04-02 09:06:11.273243	u/Tottelott	fm7nzmq	u/Atomic_Duck556	fm7nehk	C
2020-04-02 09:06:24.198162	u/halcyonspinney	fm7o0at	u/x5nT2H	fm7mc96	C
2020-04-02 09:06:32.817834	u/SteveHardOn	fm7o12u	u/apple_hunter56	fm7nuww	C
2020-04-02 09:06:36.605396	u/PrimaryBell	fm7o1ci	u/marcohydroxide2	fm7ncki	C
2020-04-02 09:06:52.392450	u/Disslahan	fm7o1bx	u/CpTKugelHagel	fm7h4ro	C
2020-04-02 09:07:21.518194	u/maysranch18	fm7o3gk	u/redaccnt	fm6lfye	C
2020-04-02 09:07:45.778962	u/Dessicant81	fm7o3bz	u/CyberDrake19	fm7o1pu	C
2020-04-02 09:07:55.636165	u/Foxesden19	fm7o4tq	u/SinyourFluffy	fm7aj7l	C
2020-04-02 09:08:29.098446	u/SigLion207	fm7o6gv	u/GlebRyabov	fm7n75p	C
2020-04-02 09:08:36.700656	u/OniGamer-_-	fm7o6uv	u/xXCoordinateXx	fm7cqz1	C
2020-04-02 09:08:39.063850	u/SnoopDoggo420	fm7o6yi	u/Maxie0210	fm76oq6	C
2020-04-02 09:08:41.558351	u/Pigmations	fm7o6za	u/69niceurmoom420	fm73gze	C
2020-04-02 09:08:49.598397	u/TheRealCaptainZoro	fm7o7k9	u/Fear-Surprise-And	fm7khpg	C
2020-04-02 09:08:57.595031	u/tzh_taco	fm7o87n	u/SproteIndustries	fm7o3r5	C
2020-04-02 09:10:07.735025	u/Grantman888	fm7oble	u/Dr-hugh-jass106	fm79tvk	C
2020-04-02 09:10:22.113552	u/doggydog414	fm7obys	u/anonymous_userx	fm7njtm	C
2020-04-02 09:11:09.606149	u/Chief_doge	fm7odqb	u/SteelSharpensSteel99	fm7nsoo	C
2020-04-02 09:11:11.867179	u/TazedTurtle	fm7odqp	u/HotCheetoes_	fm7c5pc	C
2020-04-02 09:11:16.520358	u/slamatang645	fm7oe1k	u/aliekrem	fm7lgbp	C
2020-04-02 09:11:22.491450	u/August_SN	fm7oe97	u/tzh_taco	fm7ocyb	C
2020-04-02 09:12:25.222603	u/----normie----	fm7oh5r	u/Pluetsch	fm7h3v9	C
2020-04-02 09:12:37.996800	u/BitterPatty	fm7oi2r	u/Ninjago5	ftlx63	S
2020-04-02 09:13:36.828996	u/No_Mercy_bitch	fm7olji	u/human-existing	fm7nvkp	C
2020-04-02 09:13:43.009489	u/EndaO1R	fm7olos	u/13thGuardian	fm7cdxm	C
2020-04-02 09:13:50.411700	u/ARBITERUMBRA	fm7olxf	u/abdzar31	fm7g95v	C
2020-04-02 09:15:01.776357	u/saba_raba	fm7opnb	u/JoKeQr	fm7o224	C
2020-04-02 09:15:27.979460	u/kimm11	fm7oqx3	u/dozerdo-2	fm7hpmu	C
2020-04-02 09:16:18.576230	u/H_the_best	fm7ot90	u/__UnknownEntity__	fm7fqf7	C
2020-04-02 09:17:04.721102	u/Blitz1312	fm7ow2b	u/Ninjago5	fm7ou00	C
2020-04-02 09:17:21.059969	u/POOPYB0B	fm7ougx	u/DrTape	fm7osow	C
2020-04-02 09:17:25.754569	u/i_like_ats	fm7owbf	u/Ante342	fm7oukf	C
2020-04-02 09:17:55.296662	u/3amWr1ter	fm7oyim	u/UnDividedMe	fm7nxq3	C
2020-04-02 09:18:06.252132	u/legitimatesavage	fm7ozad	u/forwonderfreak	fm7a3se	C
2020-04-02 09:18:14.613285	u/Eddie_the_usuper	fm7oytc	u/I_Play_Minecraft_Guy	fm78ao0	C
2020-04-02 09:18:37.499481	u/-toad	fm7p0yw	u/BigDaddyOli	fm7k11l	C
2020-04-02 09:18:59.347082	u/BlueTwoStandingBy	fm7p1yf	u/TazedTurtle	fm7oto0	C
2020-04-02 09:19:03.017749	u/ArtysaurusRex	fm7p26y	u/Cody_Garbrandt	fm7oyg4	C
2020-04-02 09:19:50.046533	u/21-_-12	fm7p4ry	u/gerulkens	fm7kegs	C
2020-04-02 09:20:36.844030	u/Clouro	fm7p7d2	u/InnocentPineapple21	fm7dfy7	C
2020-04-02 09:20:46.379882	u/Zeitgeber7	fm7p5jc	u/RepostSleuthBot	fm7ozlw	C
2020-04-02 09:20:54.236392	u/RupSon_16	fm7p6ba	u/theforgottenmemer	fm79m74	C
2020-04-02 09:21:26.312465	u/Dylan-mccreazy1	fm7p8az	u/Respect_Paying_Bot	fm7p7bh	C
2020-04-02 09:22:52.471669	u/Gitikka1	fm7pbdi	u/EpperFiend	fm7og8f	C
2020-04-02 09:24:00.645763	u/TopazTheTopaz	fm7pf0s	u/Eagleheart585	fm7k7cf	C
2020-04-02 09:24:25.853710	u/ADisgruntledBanana	fm7pgds	u/Fenpunx	fm7j585	C
2020-04-02 09:24:46.359409	u/riesen_Bonobo	fm7phir	u/nameofanuser	fm6v1u3	C
2020-04-02 09:25:05.925684	u/Sirius-Puppet39	fm7pi8f	u/AddictOfPorn_Hentai	fm7pfng	C
2020-04-02 09:25:32.592537	u/the_homework-maker	fm7pjcx	u/DmMacniel	fm7lrei	C
2020-04-02 09:25:38.673322	u/SirStupidForever	fm7pjjp	u/37AB37	flvru2k	C
2020-04-02 09:26:23.661973	u/the_homework-maker	fm7plmw	u/coreythomas797	fm7oqum	C
2020-04-02 09:27:19.590449	u/I_am_That_Ian_Power	fm7po6i	u/coolranchboislayer	fm7dwa5	C
2020-04-02 09:27:31.895932	u/Careless-Balance	fm7poox	u/Fluid-Pace	fm7hj4z	C
2020-04-02 09:28:13.116059	u/BlueTwoStandingBy	fm7pqyw	u/Dragunovskii	fm7phqb	C
2020-04-02 09:28:39.836214	u/yesuip	fm7ptg2	u/SwagCaliber	fm7bu4d	C
2020-04-02 09:28:47.373442	u/liftedtrucksnguns	fm7pu6p	u/boibyepls	fm5ea7d	C
2020-04-02 09:28:50.308689	u/jayzbetter	fm7pu9e	u/RelativeBlindness	fm7b5a5	C
2020-04-02 09:29:23.959748	u/The-German_Guy	fm7pws9	u/Stew_a_jew	fm7iisc	C
2020-04-02 09:30:33.558276	u/DimeBagJoe2	fm7q1qe	u/Pluetsch	fm7h3v9	C
2020-04-02 09:31:11.912859	u/VergeThySinus	fm7q38l	u/DustyDayz	fm7i3in	C
2020-04-02 09:32:27.081795	u/GAMERYT2029	fm7q69q	u/Prof22A	fm5fh7r	C
2020-04-02 09:32:52.363408	u/big_ass_monster	fm7q7hw	u/thebobapaul	fm7mjsg	C
2020-04-02 09:33:01.040030	u/davidthemoonkey	fm7q7za	u/thebobapaul	fm7mjsg	C
2020-04-02 09:33:27.473477	u/IamRealROYALE	fm7q8w1	u/Gold_Fish17	fm7q58c	C
2020-04-02 09:33:55.062202	u/superswaganite1	fm7qaky	u/EpicMemer100	fm7plhk	C
2020-04-02 09:34:07.152851	u/Walker931564	fm7qb2m	u/Cyro43	fm7l7xp	C
2020-04-02 09:34:14.925036	u/LordSethos	fm7qbih	u/MattyNice00910	fm7nyk9	C
2020-04-02 09:34:19.292204	u/Emsiepropika	fm7qbry	u/ShapedHam	fm7g1dy	C
2020-04-02 09:34:33.419483	u/MaximoEstrellado	fm7qcfm	u/Fhood797	fm7n3zz	C
2020-04-02 09:36:42.125813	u/Arc_Kumula	fm7qjat	u/xXdarkmoon645Xx	fm7l2qw	C
2020-04-02 09:36:46.119823	u/3and20characters987	fm7qjg7	u/Obama_Gaming94	fm7q7fq	C
2020-04-02 09:36:59.584210	u/Flying_Ninja_Bunny	fm7qk8t	u/Captain_Blazor	fm7bo11	C
2020-04-02 09:37:06.382800	u/mortlerlove420	fm7qkcv	u/Gorgorathiasz	fm7q6y5	C
2020-04-02 09:37:21.632240	u/Ayzithel	fm7qkzn	u/MoistFlapss	fm7aohv	C
2020-04-02 09:37:40.901364	u/Ihaveopinionstoo	fm7qm3n	u/KogMaster_9000	fm7nkr6	C
2020-04-02 09:37:54.812402	u/Rommel_Hamieh	fm7qmq7	u/Predator_Hicks	fm67me4	C
2020-04-02 09:37:56.660130	u/Mrunknown100	fm7qmr7	u/MechaSpirit	fm67dvr	C
2020-04-02 09:38:05.131947	u/TheAllmightyRoblox	fm7qn1p	u/SLeepyCatMeow	fm7qkai	C
2020-04-02 09:38:11.352891	u/MrChavezSir	fm7qn79	u/XDgreenlambo	fm7iqih	C
2020-04-02 09:38:56.779895	u/VIVAJESUCRISTO	fm7qq3k	u/KogMaster_9000	fm7nw1l	C
2020-04-02 09:39:13.354912	u/Gus1Lol	fm7qr0j	u/13thGuardian	fm7of2x	C
2020-04-02 09:39:17.586366	u/Nerdicane	fm7qr32	u/MakkoTheMemeLord	ftmaqn	S
2020-04-02 09:39:25.809822	u/BLAMPS09	fm7qrjd	u/slamatang645	fm7oe1k	C
2020-04-02 09:39:30.768056	u/ThePrimalEarth7734	fm7qry6	u/Osgur-turtle	ftj3k4	S
2020-04-02 09:40:15.886694	u/BearLife69	fm7quko	u/AK24ROCKS	fm7qrq9	C
2020-04-02 09:40:18.335659	u/jomjom5	fm7qul3	u/TheAllmightyRoblox	fm7qq5e	C
2020-04-02 09:41:00.012082	u/KillerManatee55	fm7qwd2	u/AutoModerator	fm7nlvx	C
2020-04-02 09:41:14.707578	u/Fewling	fm7qx44	u/karry245	fm78oda	C
2020-04-02 09:42:13.241617	u/Bob_The_Rob	fm7qz9h	u/Hemlock_Deci	fm7qy8i	C
2020-04-02 09:42:31.419364	u/Teddyteddy5525	fm7r03x	u/HatredUnending	fm7quyy	C
2020-04-02 09:42:43.785293	u/Here_when_Im_bored	fm7r0dk	u/RepostSleuthBot	fm7quzn	C
2020-04-02 09:43:28.309856	u/Rajat_Mamidwar	fm7r2o0	u/RepostSleuthBot	fm7hq4o	C
2020-04-02 09:43:59.158061	u/__Karadoc__	fm7r3qu	u/69niceurmoom420	fm7o2m4	C
2020-04-02 09:44:16.098422	u/englishfury	fm7r4kz	u/KogMaster_9000	fm7mooj	C
2020-04-02 09:44:31.679189	u/NoKatsHere	fm7r57a	u/lexvi1	fm13re1	C
2020-04-02 09:44:44.713127	u/theunknowno8	fm7r5rd	u/-Listening	fm631n8	C
2020-04-02 09:45:06.375219	u/Derpy_Zombi	fm7r6lu	u/theun4given3	fm7e6cf	C
2020-04-02 09:45:26.977411	u/Panchoripan	fm7r7gq	u/birdmanmanbird	fm7n746	C
2020-04-02 09:45:32.956928	u/BlueTwoStandingBy	fm7r814	u/SweetLeenord	fm7r5he	C
2020-04-02 09:46:10.580546	u/Pickle__Rick_	fm7ra7j	u/its-just-paul	fm7q7jw	C
2020-04-02 09:46:19.147177	u/Yoing_Burger	fm7raq3	u/Nolemy2800	fm7kk6q	C
2020-04-02 09:46:21.041431	u/DeutyDaBeast	fm7raqg	u/floridawoman69	fm7qycs	C
2020-04-02 09:46:40.041327	u/CrimsonPeppa	fm7rbhe	u/dima_bljat_suka	fm7p9pm	C
2020-04-02 09:47:06.500013	u/BlueTwoStandingBy	fm7rcg0	u/SweetLeenord	fm7r71j	C
2020-04-02 09:47:11.025397	u/raider_23	fm7rcj6	u/DarthJJAbrahams	flafpo4	C
2020-04-02 09:48:30.546961	u/KingMcNugs05	fm7rgxg	u/RepostSleuthBot	fm7ow97	C
2020-04-02 09:48:40.945738	u/Neddy42	fm7rhsv	u/TrikStari	fm7mfri	C
2020-04-02 09:48:56.803858	u/brendandotcomdotsg	fm7risf	u/Aniphobos	fm7kh4q	C
2020-04-02 09:49:12.620992	u/jack20573	fm7rjxh	u/theocelotslayuh	fm76fmo	C
2020-04-02 09:49:20.520114	u/name-exe_failed	fm7rkl1	u/VexingMadcap	fm7kdhg	C
2020-04-02 09:49:23.431534	u/Lemmiwinks93	fm7rkpf	u/Crusaderguy96	fm7n4xx	C
2020-04-02 09:49:33.741933	u/DaoRaven	fm7rl9g	u/dr_kaizerizer	fm7d4g8	C
2020-04-02 09:49:41.359300	u/Emilll13	fm7rm1y	u/KingMcNugs05	fm7rgxg	C
2020-04-02 09:50:03.074430	u/Camerupt_King	fm7ro78	u/Triande	fm7kmfl	C
2020-04-02 09:50:14.342941	u/jll123567	fm7rol9	u/AddictOfPorn_Hentai	fm7k6sr	C
2020-04-02 09:51:00.193883	u/MrWhyskas	fm7rqhw	u/Hillbilly12345678910	fm7g0q8	C
2020-04-02 09:51:26.120111	u/420_Brit_ISH	fm7rrnk	u/StarryRedFish	fm7cqrb	C
2020-04-02 09:51:38.851260	u/EnglishColanyGaming	fm7rslo	u/IGotCornInMyAss	fm7egwv	C
2020-04-02 09:52:12.866663	u/Chillin24Se7en	fm7ru6z	u/scodennton456	fti24v	S
2020-04-02 09:52:21.192811	u/pogii__	fm7rub1	u/UgandanShrekBoi	fm7cxha	C
2020-04-02 09:52:37.478936	u/TM4S2	fm7rv6t	u/pogii__	fm7rkb3	C
2020-04-02 09:53:02.126573	u/bluegarrett	fm7rwc0	u/hdjfug	fl8f9ef	C
2020-04-02 09:53:05.729837	u/gursewurse	fm7rwkt	u/xXFesoXx	fm78dsf	C
2020-04-02 09:53:28.195126	u/69joseph-stalin420	fm7rxaf	u/IamRealROYALE	fm7rcwx	C
2020-04-02 09:53:35.767688	u/HansBananaNuke	fm7rxpo	u/JFonseth	fm7g6hy	C
2020-04-02 09:53:40.435752	u/Kujaju	fm7rxxj	u/UgandanShrekBoi	fm7cxha	C
2020-04-02 09:54:05.693436	u/dtbxob	fm7rzb6	u/-NOT_INTERESTED-	fm7rai3	C
2020-04-02 09:54:09.229657	u/Dedsev	fm7rzdv	u/HotCheetoes_	fm7pyec	C
2020-04-02 09:54:11.343082	u/Fatboyjones27	fm7rzii	u/RussianCheeseDood	fm7i91p	C
2020-04-02 09:56:08.089698	u/NotSpycoal	fm7s597	u/thiccdogonthebeach	fm7gcwq	C
2020-04-02 09:56:17.456000	u/Sophisticated_T-Rex	fm7s5pj	u/Lukupp	fm7kuvv	C
2020-04-02 09:56:54.660762	u/donald_dick142	fm7s7i5	u/Osgur-turtle	fm7gqqk	C
2020-04-02 09:56:59.253331	u/charliedrawsjourney	fm7s7q7	u/Ice-cream_kitty	fm7d4r3	C
2020-04-02 09:57:11.537690	u/quartersquatgang69	fm7s8cm	u/gloria-hamborger	fm79s5e	C
2020-04-02 09:57:22.342862	u/worthlessstupidtrash	fm7s94n	u/Sol-Ja-Boi	fm7s7up	C
2020-04-02 09:57:25.063989	u/Dylanpokeblues	fm7s966	u/Dr_Gonzo__	fm77yz1	C
2020-04-02 09:57:31.831970	u/Big_ZaddyMambo	fm7s9q7	u/DeadMan-Walkin	fm7rf3s	C
2020-04-02 09:57:35.507541	u/pmcl2593	fm7s9sr	u/Hanklinwilliamsvelt	fm7r6p1	C
2020-04-02 09:58:07.811826	u/RandommRedditUser	fm7sbc0	u/AlphaRouge99	ftleqz	S
2020-04-02 09:58:20.130465	u/FrankHightower	fm7sbzb	u/ContrabandParagon	fm7e6cw	C
2020-04-02 09:58:30.742712	u/FrankHightower	fm7scnq	u/Shuttup_Heather	fm7j1bl	C
2020-04-02 09:58:33.721847	u/P1GATH0N9000	fm7scr2	u/PM-me-your-tits-thot	fm7g0du	C
2020-04-02 09:58:37.981638	u/IMightHaveSpoken	fm7sd2f	u/davidthemoonkey	fm7q7za	C
2020-04-02 09:58:49.209046	u/meowzafish	fm7se44	u/Piroinmypants	fm7s2v0	C
2020-04-02 09:59:26.126766	u/Dani644i	fm7sh6u	u/ShadowCavilier	fm7eatz	C
2020-04-02 09:59:37.660340	u/squashbottle987	fm7siik	u/Thr0w4w4yf0r3v127	fm7qqmo	C
2020-04-02 09:59:44.506433	u/Pepiggy	fm7siyc	u/Equivalent-Manner	fm7np2r	C
2020-04-02 09:59:45.397296	u/evanbuck419	fm7siye	u/RussianCheeseDood	fm7k8l3	C
2020-04-02 09:59:46.748713	u/Thetoiletowerflowed	fm7sj2g	u/bananabob531	fm6uafl	C
2020-04-02 09:59:51.640686	u/DoomerBoomer69	fm7sjj3	u/AutoModerator	fm7ple1	C
