2020-04-03 18:00:08.047769	u/upnorthneil	fmcqibl	u/Edgy_Communist_	fmcfvho	C
2020-04-03 18:01:15.182587	u/Bormass	fmcqk4p	u/bruh_moment126	fmcoaji	C
2020-04-03 18:01:44.674735	u/quantum_ice	fmcql86	u/psychedelicnothing	fmcmslf	C
2020-04-03 18:02:24.477506	u/DaAjax82	fmcqm6l	u/Shrekrockstar6969	fmcnbvg	C
2020-04-03 18:02:29.830893	u/ViktorF109	fmcqm7x	u/smoochingtimeohboi	fmcaj5q	C
2020-04-03 18:02:51.262651	u/Corrupted_Thoughts	fmcqmwg	u/Yanko-Freudenmann	fmc9rnr	C
2020-04-03 18:03:11.149408	u/RealSpleefy	fmcqnlz	u/CosmicShiv	fmcnv23	C
2020-04-03 18:03:15.246868	u/TrueRomanov	fmcqnma	u/G8stGOATOfAllTime	fmak62x	C
2020-04-03 18:04:03.320911	u/shadowlordmaxwell	fmcqp7x	u/pre_nerf_infestor	fmcq9wj	C
2020-04-03 18:04:06.432229	u/Yannick_X_W	fmcqp7t	u/ShyGuyMemes	fmb3wh1	C
2020-04-03 18:04:42.240252	u/fadeded	fmcqqfw	u/Endermesays991	fmcq97s	C
2020-04-03 18:05:39.832833	u/CRM2018	fmcqsaz	u/Endermesays991	fmcq97s	C
2020-04-03 18:05:43.033505	u/Cykomaniaco	fmcqsc5	u/lilchonk69	fmcdl7e	C
2020-04-03 18:06:11.878961	u/llamalord4444	fmcqtcl	u/jaerie	fmcosy5	C
2020-04-03 18:06:25.006299	u/HulkDothSmash	fmcqtnb	u/psyglaiveseraph	fmcpruk	C
2020-04-03 18:06:44.532554	u/redfootedtortoise	fmcquba	u/AndreewPFG123	fmcpser	C
2020-04-03 18:06:52.661801	u/DiamondCubeMiner	fmcquri	u/Nope_is_Dope	fmbxjwr	C
2020-04-03 18:07:21.627176	u/ViperHQ	fmcqw79	u/UgandanShrekBoi	fmbu1ti	C
2020-04-03 18:07:52.268913	u/Eli_hanlin	fmcqxq6	u/xX_MasterBaiter_Xx	fmcqif0	C
2020-04-03 18:07:57.276656	u/smooferoakes	fmcqxz7	u/MAGIC_EYE_BOT	fmcqpxz	C
2020-04-03 18:08:28.617999	u/Quirinus_Spear	fmcqzm0	u/x122y	fmc9h6d	C
2020-04-03 18:09:05.752327	u/Firedude48	fmcr1dv	u/ShabalabaBangbang	fmbey1f	C
2020-04-03 18:09:17.549102	u/Cool_beanbro	fmcr1wo	u/Kubera-372	fmcp11i	C
2020-04-03 18:10:14.700405	u/dledmunds	fmcr5rs	u/keemmeme17	fmcnuse	C
2020-04-03 18:11:38.753018	u/SquippyTicTac	fmcr898	u/Alram69	fmcjsd7	C
2020-04-03 18:12:36.892066	u/Max_91848	fmcrak4	u/genital_rot	fmco8cv	C
2020-04-03 18:12:43.151898	u/idkwhattotyperee	fmcralr	u/iRepliToU	flh4tos	C
2020-04-03 18:13:27.718618	u/itsame836	fmcrc63	u/WitnessingTehWai	fmcpk2e	C
2020-04-03 18:13:46.287873	u/theguiltyflea	fmcrcse	u/DrDeDunderscoreD0C	fmcqp5j	C
2020-04-03 18:14:09.440819	u/b4c0n333	fmcrdy6	u/Maroscagus	fmcpcdr	C
2020-04-03 18:14:46.537986	u/soo42069	fmcrep6	u/thevenution	fmch4ik	C
2020-04-03 18:15:05.049392	u/behy20	fmcrfqw	u/MrDraacon	fmcr0yd	C
2020-04-03 18:16:03.086264	u/TheMrNibs	fmcrhu8	u/No_One1340	fmcqf1c	C
2020-04-03 18:16:27.599463	u/Michi_Draws	fmcrij6	u/another_one_bites459	fmbx5om	C
2020-04-03 18:17:20.429058	u/yeetmaster69420weed	fmcrjp3	u/kcp131	fmccd8h	C
2020-04-03 18:17:23.028031	u/ph8at0ms	fmcrjti	u/Potatolord171	fmc8jp4	C
2020-04-03 18:17:41.278575	u/terrencew94	fmcrkam	u/behy20	fmcrfqw	C
2020-04-03 18:17:45.757051	u/MemeLover113	fmcrkfk	u/lilchonk69	fmcqjc8	C
2020-04-03 18:18:03.003424	u/DanksaGrabowski	fmcrlhn	u/Cachuchotas	fmcqpan	C
2020-04-03 18:18:32.554399	u/zen_veteran	fmcrmj7	u/shadowlordmaxwell	fmcqs8h	C
2020-04-03 18:18:41.929537	u/datcatvada	fmcrnc1	u/LB311	fmcovmj	C
2020-04-03 18:18:46.834876	u/acr813	fmcrnqp	u/OwlBoiy	fmc9tux	C
2020-04-03 18:18:49.204069	u/G0ds_militia	fmcrnub	u/billyshakes27	fmc9tr6	C
2020-04-03 18:18:52.589129	u/crotodile	fmcrnz5	u/MrDraacon	fmcr0yd	C
2020-04-03 18:19:22.053325	u/rustycampista	fmcrpof	u/Marty7777713	fmcq0a0	C
2020-04-03 18:19:24.026542	u/echim302	fmcrppv	u/jojoaj35	fmcpl8o	C
2020-04-03 18:19:32.273841	u/Phantomorph	fmcrq9p	u/PopeNeiaBaraja	fmcm81e	C
2020-04-03 18:19:40.515906	u/thathealthou	fmcrqlq	u/GoronMafiaBoss	fmc5gxl	C
2020-04-03 18:19:47.687843	u/Benestrada2001	fmcrr9y	u/da-boi8	fmb2mjd	C
2020-04-03 18:19:50.572345	u/TheGloriousGecko	fmcrrgd	u/John-Tux	fmbx65z	C
2020-04-03 18:19:54.856843	u/cirotheb5	fmcrs1l	u/hollowsfaith	fmcgph5	C
2020-04-03 18:20:09.614592	u/P3ndrag00n	fmcrsqt	u/MemeLover113	fmcrkfk	C
2020-04-03 18:20:30.562010	u/drpepper43703	fmcrt9j	u/NudesPlzUwU	fmcq5u3	C
2020-04-03 18:20:49.491888	u/nick_gabpe	fmcruc7	u/kyfarus	fmcpay6	C
2020-04-03 18:21:09.561066	u/imontheedge247	fmcrvaf	u/boomgoesthevegemite	fmcbapb	C
2020-04-03 18:21:22.593616	u/FearsomeEwe8	fmcrvly	u/sanch3z90	fmcn7w0	C
2020-04-03 18:22:55.740304	u/RnAd_Naz	fmcryyr	u/alex_darkstar	fmcro6k	C
2020-04-03 18:23:11.775674	u/hairdyeginger	fmcrzt8	u/BigCaecilius	fmcqu1o	C
2020-04-03 18:23:15.167869	u/JoCarr09	fmcrzy1	u/RelativeBlindness	fmc2njz	C
2020-04-03 18:23:47.694435	u/chelsie_ironlion	fmcs152	u/Lex1253	fmc8kom	C
2020-04-03 18:23:54.286867	u/didyoudissmycheese	fmcs19s	u/BrokenEye3	fmadfgf	C
2020-04-03 18:24:21.136669	u/letsgololz	fmcs2gd	u/ARNisUsername	fmcqq5d	C
2020-04-03 18:24:44.417312	u/not_a_trampoline	fmcs2wi	u/John-Tux	fmbx65z	C
2020-04-03 18:25:50.036893	u/Aroeloe_Boesoe	fmcs4kx	u/RnAd_Naz	fmcryyr	C
2020-04-03 18:25:59.079579	u/avioli22	fmcs4rc	u/JuniperFulgur	fmanp0u	C
2020-04-03 18:26:57.633822	u/idek257	fmcs7te	u/1HumanGarbage1	fm9l8qb	C
2020-04-03 18:27:22.780664	u/jarvis00002	fmcs8yq	u/Serenity-Aspen	fmcrepf	C
2020-04-03 18:27:40.857170	u/SIRI_gibmeweed	fmcs9zm	u/CallMeCrazy01	fmckvrp	C
2020-04-03 18:27:54.565624	u/xAngedy	fmcsack	u/AfonsoCG	fmcmte9	C
2020-04-03 18:28:14.090087	u/Disney_Channel	fmcsaxp	u/infy420	fmcs2tj	C
2020-04-03 18:28:22.099077	u/PastDimension6	fmcsbaq	u/my_usernames_suck	fmcr2r8	C
2020-04-03 18:28:24.962842	u/thatshitproper	fmcsbce	u/ChrisTheGopher	fmbxnmr	C
2020-04-03 18:28:32.136555	u/Retrom17	fmcsbh7	u/RelativeBlindness	fmbs9m9	C
2020-04-03 18:28:56.136762	u/TheOGoat	fmcscu1	u/Im-definately-human	fmchklk	C
2020-04-03 18:28:58.032408	u/the-uber	fmcscu7	u/Aroeloe_Boesoe	fmcs4kx	C
2020-04-03 18:29:09.288417	u/stolensea	fmcse0g	u/Wimpykid2302	flxczi9	C
2020-04-03 18:29:35.984719	u/Collective-Bee	fmcsfw5	u/Never_Ever_Commentz	fmcla6y	C
2020-04-03 18:29:38.604438	u/Rottenpotato365	fmcsg5s	u/SayOkBoomerIfGayy	fmauxvi	C
2020-04-03 18:29:44.493921	u/ColorLighter	fmcsgjs	u/scarcityflow	fmc86ba	C
2020-04-03 18:29:53.262556	u/PATTG2020	fmcshqf	u/Thin-White-Duke97	fmcseys	C
2020-04-03 18:30:00.497260	u/omgitzmo	fmcsiql	u/B00ty_Lick3r	fuf2a0	S
2020-04-03 18:30:25.438343	u/XxCosmicGhostxX	fmcsj48	u/Lucaaah123	fmckzbd	C
2020-04-03 18:30:33.482043	u/MunchyCrunchyy	fmcsj7y	u/HulloTheLoser	flyqd22	C
2020-04-03 18:30:59.361747	u/Tringg007	fmcsky6	u/LeMigi	fmceyvr	C
2020-04-03 18:31:22.345190	u/emdeedem	fmcslp6	u/Obaijansen21	fmcqcf9	C
2020-04-03 18:31:25.878226	u/Hyjanx	fmcsm0o	u/Gabrieleatsflans	fmcr8i0	C
2020-04-03 18:31:34.300427	u/Bejanjo	fmcsm12	u/StarGazer226567	fmcsf21	C
2020-04-03 18:31:39.648409	u/girl_ch1ld	fmcsmft	u/wakaguy	fmc9vsh	C
2020-04-03 18:32:00.734963	u/you_fr_tho_	fmcuc5c	u/MAGIC_EYE_BOT	fmctt1m	C
2020-04-03 18:32:08.954190	u/merchguru	fmcuc7s	u/Padawk	fmc6qmm	C
2020-04-03 18:32:31.853744	u/dave11156789013	fmcud3k	u/Kaitah	fmbfr7t	C
2020-04-03 18:32:47.605613	u/hackosn	fmcudf8	u/Phalanxer17	fmcucjn	C
2020-04-03 18:32:50.003530	u/Angrypajeet	fmcudgz	u/areeyeteeeyekay	fmchxw9	C
2020-04-03 18:32:55.206705	u/gimmeapizza	fmcudnp	u/noneedtoskeet	fmcu8au	C
2020-04-03 18:33:18.007577	u/Spideysays	fmcuera	u/_Manalishi_	fmcsavt	C
2020-04-03 18:33:20.323131	u/DallasDallasy	fmcueri	u/noneedtoskeet	fmcu8au	C
2020-04-03 18:33:22.593886	u/chaotic_psychotic	fmcuetb	u/Izqandar_Gaming	fmcuczl	C
2020-04-03 18:33:35.707210	u/abgtw	fmcuf7b	u/Inferniiia	fmcj3tt	C
2020-04-03 18:34:23.633679	u/ShyShadowMine	fmcugms	u/WarGodAKJ	fmbcpov	C
2020-04-03 18:34:28.260970	u/BioSkull	fmcugrr	u/GeneralSturnnn	fmctdln	C
2020-04-03 18:35:49.916236	u/cartercat320	fmcuknd	u/ArmpitCancer	fmcuicm	C
2020-04-03 18:36:06.274778	u/UrBoiAren	fmculmj	u/DonutOlympian	fmcudx0	C
2020-04-03 18:36:13.824541	u/brus_viljis	fmcultu	u/dimmiii	fmcsm10	C
2020-04-03 18:36:19.810626	u/Jmmcyclones	fmcum1v	u/TsonK	fmcsbzh	C
2020-04-03 18:36:23.499458	u/lebronjamesrodrigues	fmcum5e	u/GlooBuli	fmcnyfh	C
2020-04-03 18:36:28.484086	u/2dead2diee	fmcumei	u/Yurishirox	fmcua8v	C
2020-04-03 18:36:39.252949	u/vaultdweller02	fmcumni	u/kaanbaykozi	fmcu2e7	C
2020-04-03 18:36:52.280046	u/fia332	fmcunob	u/Only_The_Loneliest	fmctcss	C
2020-04-03 18:37:03.709276	u/DreyLuz7373	fmcunzw	u/RelativeBlindness	fmc2njz	C
2020-04-03 18:37:07.325373	u/whatswrongboy	fmcuo15	u/Max_91848	fmcrak4	C
2020-04-03 18:37:10.383916	u/T34RG45	fmcuo8e	u/ThatDuckie	fmcmsot	C
2020-04-03 18:37:14.233799	u/CoffeeSlutt	fmcuojy	u/Kodeine__Bryant	fmctxi2	C
2020-04-03 18:37:25.212479	u/Beli3verXI	fmcuoqn	u/DallasDallasy	fmcueri	C
2020-04-03 18:37:39.964256	u/REINSTEIN11497	fmcup23	u/Potatolord171	fmc8jp4	C
2020-04-03 18:38:11.237130	u/yeehawmydoghasclaws	fmcuqua	u/BorisDaGreenskin	fmcumk5	C
2020-04-03 18:38:16.767057	u/foxifornow	fmcur11	u/UrBoiAren	fmcukfr	C
2020-04-03 18:38:41.763286	u/lovemuffin04	fmcusov	u/NobodyButYou_	fmcsypz	C
2020-04-03 18:39:35.448093	u/magicalhobo22	fmcuvzu	u/pastell_soelli	fmcsa4i	C
2020-04-03 18:39:41.027543	u/potato74040	fmcuwd0	u/CrazyComputtter	fmcnm55	C
2020-04-03 18:39:46.825925	u/Sickness958	fmcuwkb	u/Bradatron17	fligy5d	C
2020-04-03 18:40:36.156907	u/SlugsinTimbs	fmcuyrq	u/EmoKid001	fmcty9i	C
2020-04-03 18:40:40.502316	u/Srohaan	fmcuyun	u/HORNY_MIDGET_	fmcu21x	C
2020-04-03 18:41:19.052255	u/HandsomeJack0-0	fmcv0e4	u/ArmpitCancer	fmcunxt	C
2020-04-03 18:42:03.711356	u/Mattdog_99	fmcv1qt	u/bippityzippity	fmcut9h	C
2020-04-03 18:43:10.207342	u/Edmondoburger	fmcv46x	u/bigpppoop694	fmcppbn	C
2020-04-03 18:43:13.342504	u/galaxydeath7281	fmcv4c6	u/Okay0128	fmcv09v	C
2020-04-03 18:43:17.521949	u/ohdearswine	fmcv4fc	u/urmomshwul	fmc97zl	C
2020-04-03 18:44:25.773605	u/FleetStreetsDarkHole	fmcv6x5	u/GameVirus_Awesome	fmcczbn	C
2020-04-03 18:44:30.150662	u/wheat-a-boy	fmcv797	u/HandsomeJack0-0	fmcv0e4	C
2020-04-03 18:44:59.129757	u/DorkChatDuncan	fmcv8jv	u/vurk12	fmcfuxa	C
2020-04-03 18:45:07.482565	u/HiIamanoob_01	fmcv941	u/deadusmemeus	fmb864p	C
2020-04-03 18:45:18.252103	u/I28142Y	fmcv9nq	u/UranusMc	fmcos1i	C
2020-04-03 18:45:55.186676	u/DJ_Lord_Vader	fmcvbd9	u/GullibleSeal94	fmcv7k1	C
2020-04-03 18:46:44.003963	u/Ratepayer	fmcvdda	u/tv_trooper	fmc9ia3	C
2020-04-03 18:47:05.151413	u/JamesBond-007--	fmcveae	u/smolraven	fmc1kgy	C
2020-04-03 18:47:33.175105	u/ZeroPointGravity	fmcvfo4	u/OneUselessBoi	fmcv9p3	C
2020-04-03 18:47:43.117156	u/Shurplethepurple	fmcvgdv	u/Beli3verXI	fmcuoqn	C
2020-04-03 18:47:47.313612	u/JaredPZol	fmcvghf	u/Beli3verXI	fmcuoqn	C
2020-04-03 18:47:56.409386	u/Ulq-kn	fmcvh15	u/Aetoriastheblender	fmc70qq	C
2020-04-03 18:48:11.343108	u/Kosmix3	fmcvhx4	u/UnbareAlt	fmci3ib	C
2020-04-03 18:48:15.245720	u/Tidalwave64	fmcvi1u	u/PewdsBeastPie	fmcsdo6	C
2020-04-03 18:48:58.835697	u/LT-performance	fmcvkcg	u/Ondra007	flztmpg	C
2020-04-03 18:49:27.284388	u/TheBillmasta717	fmcvmmf	u/Pickeldickel	fmctgwj	C
2020-04-03 18:49:42.233260	u/ThatCreamyy	fmcvnxq	u/BT13YT	fmbmi71	C
2020-04-03 18:49:48.906905	u/AdorableKiwi16	fmcvoya	u/PewdsBeastPie	fmcvmx9	C
2020-04-03 18:49:50.878873	u/nightyowler	fmcvp71	u/Aziaaat	fmcryyj	C
2020-04-03 18:49:52.502169	u/TheRaider41	fmcvp8w	u/TheBillmasta717	fmcvh38	C
2020-04-03 18:49:53.989549	u/warm_and_sunny	fmcvpjz	u/caleb-vw4	fmclhd6	C
2020-04-03 18:49:56.426124	u/Iluvkilinu97	fmcvq0a	u/dank_memer_yeeter	fmctjjq	C
2020-04-03 18:50:08.241980	u/inkyed	fmcvqsq	u/-EzWaY-	fmceydf	C
2020-04-03 18:50:35.900654	u/gorgess_jorg	fmcvrrq	u/OrangeJoe_3000	fmcqb5p	C
2020-04-03 18:50:51.140343	u/Complic8ion	fmcvsm1	u/ArmpitCancer	fmcunxt	C
2020-04-03 18:51:25.526362	u/Opiopathy	fmcvtky	u/pootisman64	fmbduyt	C
2020-04-03 18:51:39.814420	u/Del-JJonSyn	fmcvui3	u/SigLion207	fmcvk0m	C
2020-04-03 18:52:09.591353	u/Burkburger	fmcvvfv	u/mrgopher17	fmcvk9m	C
2020-04-03 18:52:54.650253	u/justARegularGuy_95	fmcvx2e	u/funknjam	fmcnigk	C
2020-04-03 18:53:07.213569	u/FeelsSadMan69	fmcvxav	u/Oliver2393	fuhtko	S
2020-04-03 18:53:14.723189	u/Raketeman	fmcvxi5	u/Octaviusdu92	fmcvsb5	C
2020-04-03 18:53:24.927736	u/Z-o-u-n-i	fmcvxug	u/an_unknown_dragon	fmcv6cm	C
2020-04-03 18:53:42.634770	u/Neohexane	fmcvys7	u/DanksaGrabowski	fmcrlhn	C
2020-04-03 18:54:22.919401	u/Revan200421	fmcw0e3	u/CoffeeSlutt	fmcuojy	C
2020-04-03 18:55:05.917476	u/poopydildos	fmcw1is	u/Jakesmith18	fmcmbde	C
2020-04-03 18:55:09.983740	u/CollegeStudentTrades	fmcw1lf	u/Samoosis	fmc5brj	C
2020-04-03 18:55:12.967820	u/Abd_Ullah_Boss	fmcw1sw	u/DootNootDootNoot	fl2o1qv	C
2020-04-03 18:55:21.281103	u/GoatBoi227	fmcw26r	u/Tobi7211	fmcqa5r	C
2020-04-03 18:55:47.183154	u/FIicky	fmcw3jr	u/eeveeplays50040	fmcol8s	C
2020-04-03 18:55:50.119200	u/GodlyKamui	fmcw3ku	u/can_cancel	fmcftfk	C
2020-04-03 18:56:28.081647	u/mhshshsdbb	fmcw5i8	u/Complic8ion	fmcvsm1	C
2020-04-03 18:56:37.211129	u/LOLO_VIKTOR	fmcw5o9	u/Important_Sound	fmcw0v1	C
2020-04-03 18:56:41.037408	u/Martin_Looser_King	fmcw5q1	u/Important_Sound	fmcw0v1	C
2020-04-03 18:56:57.500232	u/lord-of-biscuits72	fmcw6aj	u/LilHorseC	fmcts10	C
2020-04-03 18:57:01.136528	u/AtliTheAsshole	fmcw6f0	u/Sucidal_Fingers	fmcw13t	C
2020-04-03 18:57:08.881700	u/Clocks101	fmcw6y8	u/AdorableKiwi16	fmcvoya	C
2020-04-03 18:57:19.565882	u/_OleQ_	fmcw7bp	u/MuskyMusk123	fmcd2s2	C
2020-04-03 18:57:34.098626	u/SushiRoll5355	fmcw7xm	u/Talls2882	fmcn2o2	C
2020-04-03 18:58:14.791586	u/Charger_3000	fmcw9e1	u/Shadow_VTJ	fmcw5wl	C
2020-04-03 18:58:20.129516	u/bengalsfu	fmcw9fh	u/FinnderRiegel	fmcnuoi	C
2020-04-03 18:58:46.422737	u/IHatePineapplePizzaa	fmcwaj3	u/clone_ranger	fmctp15	C
2020-04-03 18:58:51.854277	u/Zackinat0r	fmcwaor	u/HolyKnighyArkteal	fmchp26	C
2020-04-03 18:59:00.366227	u/PsychicScoots	fmcwb7p	u/Shadow_VTJ	fmcw5wl	C
2020-04-03 18:59:38.435339	u/Zu3chti	fmcwdcr	u/BluRevealing	fmcw5q2	C
2020-04-03 18:59:40.248616	u/its-ur-boi54	fmcwdeq	u/NudesPlzUwU	fmcq5u3	C
2020-04-03 18:59:45.518671	u/Stevey854	fmcwdqk	u/TheRubiksKub	fmc8q71	C
