2020-04-16 14:00:14.504729	u/the-d23	fnltb0b	u/Eagleye2504	fnlqb0n	C
2020-04-16 14:00:51.660844	u/HueHue_extremeguyone	fnltcgv	u/Soppoi	fnkugep	C
2020-04-16 14:01:59.793421	u/DylSax	fnlteq9	u/chonkennuget	fnlsxfe	C
2020-04-16 14:02:07.725444	u/leblanc1605	fnltexc	u/EvilNaziPatriarchist	fnld4yd	C
2020-04-16 14:02:15.742131	u/snoopica1234	fnltf26	u/FerreL235	fnl53cu	C
2020-04-16 14:02:56.162794	u/YazhiniVarman	fnlth3r	u/not_RangeRocket5453	fnkuahl	C
2020-04-16 14:03:03.242403	u/katsuki--bakugo	fnlth6r	u/Soupy_Snakes	fnlg8k0	C
2020-04-16 14:03:07.190069	u/DrMrCoolSir	fnltha1	u/Shepthebep	fnlqwif	C
2020-04-16 14:03:28.322985	u/Tus__	fnlti37	u/dezzzzzyboi	fnkyiki	C
2020-04-16 14:03:36.678893	u/johnheatherly268	fnlticr	u/thedrumass	fnl8dxd	C
2020-04-16 14:04:08.396161	u/DSPSaxon	fnltjz1	u/DylSax	fnlteq9	C
2020-04-16 14:04:31.479454	u/LoveJesusLoveFurries	fnltkou	u/pneumonoultramicrosi	fnlrapf	C
2020-04-16 14:05:14.801473	u/xX_Creeper_Aw_Man_Xx	fnltmnb	u/Oaties122	fnl8jxn	C
2020-04-16 14:05:26.195288	u/ohcrapm8	fnltne1	u/platinum_1212	fnkqnxd	C
2020-04-16 14:05:45.818971	u/dukeofderptown	fnltnve	u/Frugal-Redditor	fnlritn	C
2020-04-16 14:06:12.310411	u/adlane26	fnltp09	u/FeetSauce3	fnkqy9o	C
2020-04-16 14:06:20.400858	u/BOSSxTEN	fnltpa0	u/JLHumor	fnll2va	C
2020-04-16 14:06:43.326595	u/ShockanPlays	fnltq4k	u/__Emer__	fnltfok	C
2020-04-16 14:07:00.934635	u/DotDemon	fnltqfw	u/FreddyKrum	g2fi81	S
2020-04-16 14:07:20.183069	u/HowlingMittens	fnltr1l	u/blitzmeme69	fnls8oh	C
2020-04-16 14:07:45.115539	u/JonTheCopycat	fnlts2h	u/errorsans23	fnlszqx	C
2020-04-16 14:07:49.970005	u/Hypnos4us	fnlts99	u/kachowski69	fnlryut	C
2020-04-16 14:08:04.091545	u/MrShika	fnltsi3	u/TomMakotoYork	g2axab	S
2020-04-16 14:08:19.713618	u/Mr_Maniac310	fnlvf7b	u/Kajsmentke_	fnlk915	C
2020-04-16 14:08:40.877338	u/GaySupremacy6	fnlvfy6	u/Cameron4773	fnlusn0	C
2020-04-16 14:08:48.093924	u/BananaJoe2738	fnlvgh1	u/JuicyJaziel	fnlrw5h	C
2020-04-16 14:08:53.066484	u/random_sucker	fnlvgw1	u/an_unknown_dragon	fnluap3	C
2020-04-16 14:09:08.328124	u/Shadow_2008	fnlvhm7	u/locolukie69	fnkukzo	C
2020-04-16 14:09:35.080492	u/tiniweenie2	fnlvjxy	u/TrillexDevil	fnlkzn1	C
2020-04-16 14:09:35.961598	u/GamingEnding	fnlvjzd	u/uknowwhatitis420	fnlqcp1	C
2020-04-16 14:10:33.193613	u/Evergreeen56	fnlvocc	u/notkhaos	fnk6cxu	C
2020-04-16 14:10:48.963030	u/Oliverruane	fnlvoto	u/Haywire_Shadow	fnlv0qb	C
2020-04-16 14:11:43.567486	u/Rob5281996	fnlvqrv	u/Oliverruane	fnlvher	C
2020-04-16 14:12:01.183431	u/JK_posts	fnlvrhr	u/Morgan_A_Luna	fnkfbd4	C
2020-04-16 14:12:11.503368	u/Marcosteron	fnlvrs9	u/VanashinGlory	fnl4k9k	C
2020-04-16 14:13:08.525942	u/SA_720	fnlvudu	u/rocconox	fnlpu4f	C
2020-04-16 14:13:33.764178	u/someblokeidkm8	fnlvuzz	u/Dakemonster	fnlvavl	C
2020-04-16 14:14:11.938551	u/HappylittleZ	fnlvwme	u/chomperstyle	fnlgjie	C
2020-04-16 14:15:19.011404	u/ExplodingSteak	fnlvzb9	u/elskidaadleskidoodle	fnlvfpy	C
2020-04-16 14:15:22.151310	u/Soutrot	fnlvzcn	u/edilkes21	fnkwwco	C
2020-04-16 14:15:46.517375	u/MEGAhaloARBY	fnlw0j0	u/Lord_SillyNipples	fnl3w73	C
2020-04-16 14:16:06.402707	u/ElementalMonkey1	fnlw17p	u/MegaDog421	fnljdca	C
2020-04-16 14:16:47.021376	u/wyattcrabapple	fnlw2kx	u/Doomkiller7676	fnll0wj	C
2020-04-16 14:17:00.061150	u/GGaLLacksy	fnlw3el	u/LamaSlayer12	fnkvttz	C
2020-04-16 14:17:31.528522	u/Sr_nygma	fnlw57l	u/pranaykarani	fnlvw7b	C
2020-04-16 14:17:44.075300	u/cringeiskey	fnlw5j2	u/Cody_Garbrandt	fnlvvl4	C
2020-04-16 14:17:49.012758	u/jahtron	fnlw5t8	u/araadfh	fnltzjg	C
2020-04-16 14:17:53.872814	u/--SherlockHolmes--	fnlw62u	u/SirFinleyTheVertical	fnlkdi9	C
2020-04-16 14:17:57.400059	u/hendog99	fnlw66f	u/sasgabor	fnkju06	C
2020-04-16 14:18:11.441786	u/RepostBot69	fnlw7d0	u/An-Ana-Main	fnlu58l	C
2020-04-16 14:18:45.175020	u/Seikatsu-chan	fnlw9fr	u/NaniZaWarudo	fnlqa9u	C
2020-04-16 14:18:47.431681	u/syck35499	fnlw9kg	u/ZrglyFluff	fnks3ck	C
2020-04-16 14:18:56.944181	u/justme2344	fnlwa2q	u/Ultra_Weaboo	fnlevrd	C
2020-04-16 14:19:28.139359	u/Korr1n_	fnlwboh	u/Tohulyf	fnlw18f	C
2020-04-16 14:19:56.701896	u/mocha1958	fnlwdtx	u/Memefan12369420666	fnlkogn	C
2020-04-16 14:22:03.812629	u/SprunjerNutz	fnlwict	u/xXdogeater69Xx	fnkpq76	C
2020-04-16 14:23:08.380019	u/alex_nani57	fnlwkmj	u/Bennie_The_king	fnlvuo2	C
2020-04-16 14:24:38.923257	u/TROMBONER_68	fnlwofy	u/notaswisscarpenter	fnkios0	C
2020-04-16 14:24:45.486177	u/bringer-of-wisdom	fnlwoqr	u/VesperalThyme93	fnlty79	C
2020-04-16 14:25:12.712545	u/Sheferda	fnlwq27	u/TheChocolateCray	fnluxra	C
2020-04-16 14:25:43.692762	u/renaaria	fnlwrk0	u/ai_to_do_reCAPTCHAs	fnlre4k	C
2020-04-16 14:27:28.419358	u/lotsofmaybes	fnlwx0x	u/Sora-06	fnltzfz	C
2020-04-16 14:29:06.065676	u/kewlworms	fnlx35q	u/Thtsovmemeguy	fnllfq3	C
2020-04-16 14:29:14.552842	u/CrispyButterdBiscut	fnlx3m0	u/Asclkose	fnlwthu	C
2020-04-16 14:29:44.010342	u/Jstansil	fnlx5mr	u/bigboipants132	fnluce1	C
2020-04-16 14:30:01.957743	u/420grunt69	fnlx7c6	u/baileyb0i	fnls69d	C
2020-04-16 14:30:06.174569	u/FizzyDrink113	fnlx7l3	u/Seblington11	fnlx3dy	C
2020-04-16 14:30:21.283284	u/KinkyDungeonMistress	fnlx7rx	u/ItsYeFlappyBoi	fnlh3x4	C
2020-04-16 14:30:33.379302	u/ThE-WiZJp	fnlx80o	u/spinelisbeast	fl5tl4p	C
2020-04-16 14:31:03.439764	u/guguslolxd	fnlx996	u/SelenityMoon	fnls23c	C
2020-04-16 14:31:22.547590	u/CapnTx	fnlx9rz	u/ChiefSkonchin	fnlwwiz	C
2020-04-16 14:31:24.854823	u/GreyGooseSlutCaboose	fnlx9uw	u/Systam24	fnltnsh	C
2020-04-16 14:31:33.875928	u/SkyEco	fnlxa1d	u/CabbageOnACob	fnlw5ib	C
2020-04-16 14:32:07.465019	u/GalaxyScavanger	fnlxbhe	u/luis-aleman	fnlsgd3	C
2020-04-16 14:32:11.607429	u/rutabega_101	fnlxbl2	u/torcat96	fnlv8u0	C
2020-04-16 14:32:15.992582	u/itsaviii	fnlxbq7	u/SnowySupreme	fnlx0qg	C
2020-04-16 14:32:28.225407	u/elkological	fnlxc1r	u/Beanie_Boii	fnlvlck	C
2020-04-16 14:32:38.119940	u/emmanuelol26	fnlxcbh	u/thesecretbartender	fnlwxvn	C
2020-04-16 14:33:25.965990	u/shedober	fnlxe9q	u/vampire-jesus	fnlqf16	C
2020-04-16 14:34:04.081446	u/inxbo	fnlxfp4	u/MrManTyler	fnleh93	C
2020-04-16 14:34:42.127007	u/GG_Piggy_101	fnlxh8p	u/HotpieTargaryen	fnlrbpp	C
2020-04-16 14:35:23.086022	u/sheltiefosho	fnlxjgd	u/dentedgal	fnlxdze	C
2020-04-16 14:35:28.772091	u/danielxplay22	fnlxjme	u/Aeroponce	fnlxhto	C
2020-04-16 14:36:13.074597	u/ConfusingAbyss6	fnlxldw	u/GaySupremacy6	fnlx7wr	C
2020-04-16 14:36:23.330040	u/kaipo9403	fnlxluq	u/XxLORD_SxX	fnliwbo	C
2020-04-16 14:36:34.755412	u/SidneyTitus	fnlxmlt	u/Exxzzos	fnkwk1p	C
2020-04-16 14:36:45.961126	u/reddireddy	fnlxn32	u/Jack_Senaviev	fnlrc29	C
2020-04-16 14:36:57.423147	u/saladatron	fnlxnfl	u/ImDefinitelyHuman	fnlxel8	C
2020-04-16 14:37:03.090795	u/carson3107	fnlxnhq	u/lonelyswarm	fnlsdo6	C
2020-04-16 14:37:37.399106	u/feeddahippo	fnlxp15	u/Dzigi14	fw1ch6	S
2020-04-16 14:37:57.396093	u/poneill2014	fnlxqid	u/Marka2333	fnlrvhj	C
2020-04-16 14:38:31.923597	u/i_love_pesto	fnlxrtg	u/That_dude_from_India	fnlt254	C
2020-04-16 14:38:42.076806	u/thejohnmc963	fnlxskt	u/DrMrCoolSir	fnlvxb1	C
2020-04-16 14:38:55.594782	u/Rexoraptor	fnlxt4v	u/mrblack07	fnlr8jy	C
2020-04-16 14:39:11.686025	u/StarWars13945	fnlxtxw	u/veseliigrac111	fnluluh	C
2020-04-16 14:39:33.808567	u/Jeremy-Senpai1	fnlxvf4	u/Burner-account111115	fnlda1f	C
2020-04-16 14:39:49.592097	u/primoz2005	fnlxw9d	u/Luc1_F0x	fnlv5tz	C
2020-04-16 14:42:54.715405	u/Edawgfb51	fnly45r	u/BlueTDG	fnlp5yz	C
2020-04-16 14:43:02.255484	u/ripmypaycheck17	fnly4ap	u/casanovajatt	fnkzek0	C
2020-04-16 14:43:22.791782	u/TFDMEH	fnly50n	u/atehate	fnlj1w5	C
2020-04-16 14:43:26.376229	u/Blab-Fish	fnly567	u/CraftingBlue28	fnlvw9a	C
2020-04-16 14:44:09.103737	u/badruxx	fnly6yw	u/Geralt_the_Rive	fnl7xzw	C
2020-04-16 14:44:39.514300	u/Not-A-Lonely-Potato	fnly8rw	u/Memefan12369420666	fnlktxr	C
2020-04-16 14:45:07.700817	u/BisexualBean69420	fnly99w	u/xX_Creeper_Aw_Man_Xx	fnltmnb	C
2020-04-16 14:45:55.824424	u/FunkySkill	fnlycqb	u/lord_of_pigs9001	fnl5svx	C
2020-04-16 14:46:04.168099	u/KormitTheFreg	fnlyd5l	u/TheBandBenji	fnly173	C
2020-04-16 14:46:17.412977	u/VibingSlime	fnlydkl	u/NaniZaWarudo	fnlycjw	C
2020-04-16 14:46:33.933349	u/Angry_Dino	fnlyeh9	u/duy1008	fnll56g	C
2020-04-16 14:46:36.822942	u/PchelpOnly	fnlyeps	u/AllBananasGoToHeaven	fnki7pb	C
2020-04-16 14:46:40.333509	u/kjlom	fnlyetm	u/MarionetX	fnlyci4	C
2020-04-16 14:47:41.874253	u/threeparagraphessay	fnlyhkm	u/Jack_Senaviev	fnlrc29	C
2020-04-16 14:48:58.080847	u/Misshapenguin	fnlym6p	u/DorkynatoR	fnl31us	C
2020-04-16 14:49:01.503079	u/Electr0Noob	fnlymhv	u/shadow9015	fnlwjak	C
2020-04-16 14:49:06.244487	u/BrilliantSprinkles7	fnlyms3	u/69Yeeterboi6969	fnlrylq	C
2020-04-16 14:49:07.450643	u/Proxidize	fnlymsh	u/The_Mental_Pharaoh	fnkquuh	C
2020-04-16 14:49:45.268557	u/MaxRide2475	fnlypq3	u/yerboiifatkid	fnlv1lh	C
2020-04-16 14:49:55.699953	u/DavidTheComic	fnlyqp8	u/zetminus	fnknwlr	C
2020-04-16 14:50:26.732480	u/tess-tickles69420	fnlyrt8	u/GlobsterJail	fnlui4z	C
2020-04-16 14:50:32.090022	u/StupiKid5	fnlyrwm	u/shedober	fnlxe9q	C
2020-04-16 14:50:58.965739	u/-EBBY-	fnlysnq	u/Soviet_Toaster_	fnlicoe	C
2020-04-16 14:51:07.448953	u/happyhandwash	fnlyt32	u/TheChocolateCray	fnls87q	C
2020-04-16 14:51:18.798333	u/Deuce_GM	fnlyt9c	u/alienbread11	fnlj3bv	C
2020-04-16 14:51:21.151730	u/Hyper_agressive-Dog	fnlyt9x	u/Your_One_Lord	fnls6lw	C
2020-04-16 14:52:48.439108	u/SenpaiCharms	fnlyvk2	u/Poignantusername	fnlt26w	C
2020-04-16 14:54:26.683602	u/KingCacti11	fnlz02a	u/math_enthusiast163	fnlx7v2	C
2020-04-16 14:54:28.837184	u/dunneeD00K	fnlz06l	u/eh1498	fnlymgq	C
2020-04-16 14:55:40.086183	u/GraniteHammer05	fnlz3fu	u/CaesarOfQueef	fnlu1rr	C
2020-04-16 14:55:58.108570	u/Alpha-Potato	fnlz4ip	u/Chungus_4life	fnlwfzs	C
2020-04-16 14:56:23.851555	u/Oscarnator200	fnm15bp	u/JakeTheSandMan	fnlzv5f	C
2020-04-16 14:56:54.353749	u/StrongestVCardHolder	fnm17pd	u/Delos_Hex	fnlgzof	C
2020-04-16 14:57:27.651837	u/VMan1031	fnm1a6m	u/thedrumass	fnl8dxd	C
2020-04-16 14:58:06.675632	u/linkerjpatrick	fnm1cje	u/CottonCandyWeeb	fnlz6xs	C
2020-04-16 14:58:12.341704	u/Normies128	fnm1cup	u/dropkickdurpy	fnlda4n	C
2020-04-16 14:58:30.106966	u/Leeian44	fnm1dva	u/pranaykarani	fnkkkc6	C
2020-04-16 14:59:16.724907	u/elongatedtoenails	fnm1hcg	u/VesperalThyme93	fnlty79	C
2020-04-16 14:59:31.508365	u/fenboum	fnm1ios	u/ZeldaGoodGame	fnllb1l	C
2020-04-16 14:59:53.192576	u/Mauldoon413	fnm1lvn	u/Vy_uwu	fnm1fhc	C
2020-04-16 14:59:59.787027	u/DesperateLime	fnm1mxc	u/Sox-Pow	fnlufuq	C
