2020-03-22 06:00:03.866609	u/kosola22	fl6ixo4	u/MazieWolf	fl69h1b	C
2020-03-22 06:00:07.408447	u/LianXie	fl6ixsl	u/meljohn22gaming	fl6gqmv	C
2020-03-22 06:00:12.055324	u/shitposter122	fl6ixu3	u/DoggoGamer	fl65lrn	C
2020-03-22 06:00:32.384585	u/nignog69666	fl6iya0	u/AutoModerator	fl55xzu	C
2020-03-22 06:00:40.088948	u/racist_phantom	fl6iybp	u/HellcatGamer123	fl68dkw	C
2020-03-22 06:00:47.209542	u/Drenic	fl6iydp	u/Nhtke	fl6dm3y	C
2020-03-22 06:00:51.223161	u/saba_350	fl6iyeh	u/R3D_S7RYK3R	fl3lkr2	C
2020-03-22 06:00:58.689573	u/lloydeth	fl6iymj	u/stannya	fl6irta	C
2020-03-22 06:01:06.333887	u/paypalmePle4seThx	fl6iypw	u/lshqpyari	fl5ojgm	C
2020-03-22 06:01:09.691170	u/ShadowDragon5790	fl6iyrl	u/iBliarite	fl6isqd	C
2020-03-22 06:01:24.112988	u/phlegm-fighter	fl6iz0r	u/youloveboobs82	fl62y8c	C
2020-03-22 06:01:26.424144	u/Rakiauta	fl6iz0u	u/YT_unknowndeatheles	fl6gp4m	C
2020-03-22 06:01:30.889580	u/BazingaCookie	fl6iz1j	u/AutoModerator	fl6ivcd	C
2020-03-22 06:01:39.095679	u/That_Wannabe_Artist	fl6iz6s	u/Xploiter_RBLX	fl5vh0m	C
2020-03-22 06:01:41.368539	u/jfishy98	fl6iz9b	u/aminur_alam_321	fl6cj29	C
2020-03-22 06:01:46.962309	u/Gopniked	fl6izci	u/NoFr33dom	fl6is47	C
2020-03-22 06:02:03.894244	u/Jewishbruuda	fl6izjy	u/H0mer_Griffin	fl6f6iy	C
2020-03-22 06:02:18.482927	u/Mc_Buff	fl6izwl	u/Anykla	fl6iu1o	C
2020-03-22 06:02:24.342602	u/chakibrzg	fl6izxv	u/AutoModerator	fl4u8i7	C
2020-03-22 06:02:26.561219	u/mrgreenreddit	fl6izzi	u/greatking6009	fl6gbt0	C
2020-03-22 06:02:33.532599	u/budmeisner1	fl6j03v	u/Sahil1200	fmvhkm	S
2020-03-22 06:02:43.155223	u/Maail12	fl6j0ce	u/NoFr33dom	fl6is47	C
2020-03-22 06:03:23.644809	u/AviusAnima	fl6j1fm	u/meljohn22gaming	fl6d0m2	C
2020-03-22 06:03:31.242484	u/InBontWeTrust	fl6j1kt	u/SkullCanyon	fl6hrlu	C
2020-03-22 06:03:54.185704	u/WalrusPete	fl6j29m	u/zebbojojo	fl6ikb2	C
2020-03-22 06:03:58.765300	u/alexcray2	fl6j2do	u/AutoModerator	fl5jwdv	C
2020-03-22 06:04:10.236656	u/Sabre_Levitas	fl6j2lr	u/aurasphere121	fl6cq6y	C
2020-03-22 06:04:25.919444	u/Emrejostar	fl6j39j	u/AutoModerator	fl6iwr8	C
2020-03-22 06:04:36.364638	u/Busy_Host	fl6j3fc	u/wrdlbrimpft	fl6ixcc	C
2020-03-22 06:04:44.085111	u/Anim0taku	fl6j3hc	u/vanuchiha2	fl6g8mi	C
2020-03-22 06:04:48.188589	u/Erase_07	fl6j3k1	u/3L3M3NT4LP4ND4	fl6ihsq	C
2020-03-22 06:04:52.641618	u/Sevarog5	fl6j3rs	u/iiCheatr	fl64kwk	C
2020-03-22 06:04:58.898150	u/Cas1stance	fl6j3ww	u/KiloCharlieOscar59	fl6fk08	C
2020-03-22 06:05:15.110157	u/awesome_g8mer	fl6j48g	u/meljohn22gaming	fl61x3a	C
2020-03-22 06:05:40.465414	u/TheSnugglySwadloon	fl6j4pp	u/woodendoors7	fl6j3gh	C
2020-03-22 06:05:45.282038	u/Samy_fag	fl6j4wi	u/TheFloofIsAmazing	fl6fjsw	C
2020-03-22 06:05:55.766513	u/CinKM4D	fl6j52l	u/packle-kackle	fl6j39k	C
2020-03-22 06:05:57.723632	u/iObjectUrHonor	fl6j53u	u/stannya	fl6irta	C
2020-03-22 06:06:00.565790	u/biepbiepbopbop	fl6j55e	u/Oldmate81	fl6i7zs	C
2020-03-22 06:06:03.383908	u/Pretentious_bat	fl6j56w	u/NotSoPersonalJesus	fl5p3eg	C
2020-03-22 06:06:05.306668	u/ecovibes	fl6j57o	u/guptsony	fl63mji	C
2020-03-22 06:06:08.493107	u/Tabbyicon	fl6j5b0	u/meljohn22gaming	fl6it2n	C
2020-03-22 06:06:19.243892	u/SunGodMoonDevil2	fl6j5ib	u/Maail12	fl6j0ce	C
2020-03-22 06:06:21.162469	u/RaZoRShadowFlame	fl6j5io	u/PoGioDark	fl6ik1o	C
2020-03-22 06:06:55.688370	u/TANSFWA	fl6j64w	u/lloydeth	fl6iymj	C
2020-03-22 06:07:34.946886	u/loldragon05	fl6j7bn	u/patricknotstar2	fl6ivob	C
2020-03-22 06:07:52.831532	u/IdsOosterhoff	fl6j7rw	u/Memelord6942021	fl65sf2	C
2020-03-22 06:08:08.468982	u/shy-dumpling	fl6j84t	u/Tobiwan03	fl6j3g6	C
2020-03-22 06:08:32.819107	u/IDontNotDoThings	fl6j8rb	u/UhmNotMe	fl6et1p	C
2020-03-22 06:08:35.386281	u/ByahTyler	fl6j8w5	u/greatking6009	fl6gbt0	C
2020-03-22 06:08:36.834480	u/StpPstngMmsOnMyPrnAp	fl6j8wm	u/Sahil1200	fl69hbc	C
2020-03-22 06:08:57.959369	u/imhere4dameme	fl6j9k7	u/Kind-Pop	fl3zlqu	C
2020-03-22 06:09:02.370588	u/JoshtheKing08	fl6j9p1	u/Jens223	fl6carl	C
2020-03-22 06:09:16.164794	u/IAmATRAPOWO	fl6ja4o	u/RepostSleuthBot	fl6iscx	C
2020-03-22 06:09:20.094054	u/CyberTruck_Window	fl6ja7v	u/xX-Kiki-Xx	fl6j6n4	C
2020-03-22 06:09:27.354663	u/generalIro	fl6jaiz	u/fantastich_freidrich	fl6it36	C
2020-03-22 06:09:30.707598	u/huvertbon	fl6jaoi	u/BadgerSilver	fl6ci6v	C
2020-03-22 06:09:33.085957	u/chimchow453	fl6jarh	u/Gamma03	fl6ipbp	C
2020-03-22 06:09:35.664007	u/aldranster50	fl6jasg	u/RepostSleuthBot	fl6j9z3	C
2020-03-22 06:09:37.597440	u/DinA4saurier	fl6jau5	u/AutoModerator	fl6cwtd	C
2020-03-22 06:09:43.700545	u/lightbreak69167	fl6jb3e	u/banana_boiz	fl5gmqh	C
2020-03-22 06:09:46.179317	u/bring-the-juice	fl6jb6m	u/YT_unknowndeatheles	fl6gp4m	C
2020-03-22 06:09:51.158096	u/ralgrado	fl6jbe2	u/meljohn22gaming	fl6ir20	C
2020-03-22 06:10:10.304061	u/IronGapple	fl6jbyr	u/Anykla	fl6jaxn	C
2020-03-22 06:10:13.889674	u/bluesteel980	fl6jc0v	u/DO_YOU_LIKE_277353	fl6j9ow	C
2020-03-22 06:10:57.607121	u/pacman_dots	fl6jd0f	u/AutoModerator	fl6jcnd	C
2020-03-22 06:11:01.016805	u/SnowXVI	fl6jd2e	u/Ruspa4nale	fl6j86w	C
2020-03-22 06:11:15.973665	u/Swoobel	fl6jdhu	u/DRK-Main	fl6bsyo	C
2020-03-22 06:11:43.199025	u/darksider201cz	fl6jdxp	u/KekWutt	fl6hg9a	C
2020-03-22 06:11:45.422517	u/yharnof	fl6jdxy	u/guacamoletaconani69	fky2r1z	C
2020-03-22 06:11:53.549035	u/pink_mensch	fl6je8f	u/tejpym	fl6hv1e	C
2020-03-22 06:11:55.857999	u/PhatPotato_Man	fl6je95	u/baNaNaScaB	fl6i2qq	C
2020-03-22 06:12:00.846787	u/ashbas22	fl6jeay	u/oneoneandonethree	fl6fd4p	C
2020-03-22 06:12:03.087784	u/xxLusseyArmetxX	fl6jecg	u/Santak1ng	fl6hln4	C
2020-03-22 06:12:18.172836	u/mr_arthur_963	fl6jek7	u/AutoModerator	fl6f50l	C
2020-03-22 06:12:30.907409	u/supamonkey77	fl6jeu3	u/greatking6009	fl6g3p4	C
2020-03-22 06:12:41.590465	u/CreateTheStars	fl6jf0a	u/ThatGamerCarrson	fl5twd0	C
2020-03-22 06:13:24.411931	u/ReversedRevolution	fl6jfxo	u/WR0NG_DECISI0NS	fl6ixe5	C
2020-03-22 06:13:31.163291	u/matijoss	fl6jg5j	u/iiCheatr	fl64nve	C
2020-03-22 06:13:33.290806	u/FakeJoke	fl6jg6i	u/lshqpyari	fl5oq3w	C
2020-03-22 06:13:45.800045	u/da1orienteeringboi	fl6jgah	u/I_just_say_F	fl6jbhs	C
2020-03-22 06:14:08.753826	u/Rick__heuvels	fl6jgvy	u/GlitterShit23-68	fl5woin	C
2020-03-22 06:14:16.655987	u/GoldenBG	fl6jgy1	u/RepostSleuthBot	fl6jg91	C
2020-03-22 06:14:29.596900	u/WilliamGladstone69	fl6jh6l	u/MythicalAce	fl5h5tf	C
2020-03-22 06:14:35.904312	u/ICPHBPAA	fl6jh80	u/OakTree1203	fl6fdcv	C
2020-03-22 06:14:41.113749	u/vincentwastaken	fl6jhda	u/Maru51	fl6j4jb	C
2020-03-22 06:14:56.184577	u/Zauberhund	fl6jhqt	u/Jens223	fl6carl	C
2020-03-22 06:15:05.626984	u/GoMinMaxing	fl6jhwk	u/greatking6009	fl6g3p4	C
2020-03-22 06:15:25.781414	u/PyRoMancer12	fl6jiam	u/jemeriqui24	fl6iunq	C
2020-03-22 06:15:51.456929	u/zertexxa	fl6jivz	u/AutoModerator	fl6jbnp	C
2020-03-22 06:16:07.919829	u/ShadowFGy	fl6jjba	u/GlitterShit23-68	fl68jdu	C
2020-03-22 06:16:10.795144	u/MerkiMerkis	fl6jjdr	u/anonymous_user661	fl6ixzq	C
2020-03-22 06:16:20.456191	u/teipos_games44	fl6jjnh	u/theartofbored	fl60eaf	C
2020-03-22 06:16:22.417160	u/50dark50derp	fl6jjo4	u/Tobiwan03	fl6jhdc	C
2020-03-22 06:16:27.173744	u/constagram	fl6jjsl	u/xXEragonTheEldestXx	fl6epzt	C
2020-03-22 06:17:31.692426	u/The_Digital_Friend	fl6jlep	u/uptousflamey	fl5h7p8	C
2020-03-22 06:17:41.548771	u/TakenBySquid	fl6jls8	u/tahirabiniz	fl6hor8	C
2020-03-22 06:17:58.282407	u/Lukelil	fl6jm6f	u/Tayvan16	fl6jk7t	C
2020-03-22 06:18:06.087504	u/icemage27	fl6jmak	u/SnowXVI	fl6jlcj	C
2020-03-22 06:18:15.864935	u/gopnikslavsquat	fl6jmlp	u/Oldmate81	fl6jhrl	C
2020-03-22 06:18:49.586412	u/Mikstor	fl6jns9	u/CDXXD9	fl5wd01	C
2020-03-22 06:18:51.807252	u/panzershrek54	fl6jnti	u/TheHellcatBandit	fl6d7tf	C
2020-03-22 06:18:53.332137	u/thatguyphelps	fl6jnu5	u/AdamsGotchu	fl69o9f	C
2020-03-22 06:18:54.794419	u/Lolzthecat	fl6jnun	u/I_just_say_F	fl6jbt7	C
2020-03-22 06:18:57.056191	u/ijg90	fl6jnyr	u/omgxdlols	fl69ytn	C
2020-03-22 06:19:00.576762	u/PXNEAPPLEXTXA	fl6jo4m	u/udhay24	fl6dhws	C
2020-03-22 06:19:22.734269	u/XDr3bELXD	fl6jozz	u/gizmotim3	fl6ji94	C
2020-03-22 06:19:28.133720	u/bleak-lion	fl6jp4n	u/dragonmystic92	fl6j8q0	C
2020-03-22 06:19:35.930585	u/TheWise07	fl6jpac	u/animegirlGrivous	fl6if12	C
2020-03-22 06:19:38.322986	u/MilkyLikeCereal	fl6jpdw	u/horsssy	fl6hxbz	C
2020-03-22 06:19:44.937355	u/f0rg0ttenmem0ries	fl6jppm	u/weebUwU1	fl6jk9u	C
2020-03-22 06:19:48.702257	u/DiverseHaddock5	fl6jpsv	u/AutoModerator	fl6cwtd	C
2020-03-22 06:19:53.223963	u/ItsAPmyBros	fl6jpya	u/NegevExploits	fl6ene5	C
2020-03-22 06:19:57.880655	u/_Lennie_	fl6jq0c	u/born-a-wolf7650	fl6hwhd	C
2020-03-22 06:19:58.425810	u/rebalint	fl6jq0z	u/Tru_Drone_Videos	fl60twi	C
2020-03-22 06:20:02.649270	u/Meeheepeehee	fl6jqd8	u/32180932789	fl5oxg1	C
2020-03-22 06:20:09.691330	u/Matzelement	fl6jqiu	u/SacredBuster	fl6gr6x	C
2020-03-22 06:20:21.944339	u/Gammont360	fl6jqsi	u/Tayvan16	fl6ji8r	C
2020-03-22 06:20:38.172098	u/shadez_the_fox	fl6jr0b	u/Busy_Host	fl6j9rf	C
2020-03-22 06:20:40.454752	u/ekrem2602	fl6jr1f	u/GoldenBG	fl6jgy1	C
2020-03-22 06:20:48.534421	u/QueenMunchy	fl6jr68	u/CyberTruck_Window	fl6jqea	C
2020-03-22 06:20:51.962971	u/nemesisreveng	fl6jr8d	u/fantastich_freidrich	fl6j1qi	C
2020-03-22 06:21:30.361698	u/kostas88	fl6jrzc	u/jgerarenas9	fl6hnmv	C
2020-03-22 06:21:44.653058	u/TNTino	fl6jsfb	u/RepostSleuthBot	fl6jir4	C
2020-03-22 06:21:46.864608	u/Cruzo007	fl6jsge	u/Sahil1200	fl69hbc	C
2020-03-22 06:21:59.463260	u/kylan11	fl6jstl	u/ReGlock	fl6hm67	C
2020-03-22 06:22:04.326235	u/kittygurlz	fl6jsx3	u/xxLusseyArmetxX	fl6jecg	C
2020-03-22 06:22:08.042234	u/Roc_na_na	fl6jszs	u/Anykla	fl6jqha	C
2020-03-22 06:22:12.394661	u/buujuullamma21	fl6jt19	u/Iravii280	fl6iu51	C
2020-03-22 06:22:29.303710	u/leozaya	fl6jtb2	u/greatking6009	fl6gbt0	C
2020-03-22 06:22:44.113003	u/YasuoIsAFemaleOtter	fl6jtnv	u/AutoModerator	fl5ydbw	C
2020-03-22 06:22:59.953976	u/PrimeBoxTTV	fl6ju1q	u/TheCuntHunter6969	fl6iuhp	C
2020-03-22 06:23:12.011167	u/WisdomDuckTellsTruth	fl6ju8y	u/Iron-Blyat	fl6gmj7	C
2020-03-22 06:23:20.134060	u/CommandJ21	fl6juha	u/Xploiter_RBLX	fl60sac	C
2020-03-22 06:23:35.434099	u/pairotechnic	fl6jut4	u/GoMinMaxing	fl6jhwk	C
2020-03-22 06:23:50.019568	u/Psg303	fl6jv5g	u/currymonster3000	fl6ija8	C
2020-03-22 06:24:34.402215	u/seraphos2841	fl6jwgc	u/ogulsadi	fl6hp7i	C
2020-03-22 06:25:03.851072	u/big-boy-cow	fl6jx9k	u/habbnn	fl62clk	C
2020-03-22 06:25:09.993939	u/ModsAreFutileDevices	fl6jxh3	u/genital_rot	fl6j702	C
2020-03-22 06:25:12.125023	u/JKawsome76	fl6jxip	u/N-word_pass_	fl6h0ty	C
2020-03-22 06:25:23.204202	u/LewdLoliLaw	fl6jxwa	u/justchecking69420	fl6jv8h	C
2020-03-22 06:25:34.847689	u/Rager17th	fl6jyal	u/I_like_the_abuse	fl63vst	C
2020-03-22 06:25:44.713910	u/dumbassbitchmfer	fl6jymd	u/lshqpyari	fl5qqvf	C
2020-03-22 06:25:56.155307	u/Tomow71	fl6jyul	u/Tayvan16	fl6jhtk	C
2020-03-22 06:26:09.351827	u/Octogus13	fl6jz79	u/iObjectUrHonor	fl6j53u	C
2020-03-22 06:26:18.987821	u/vbha	fl6jzc5	u/durianmochis	fl6iug7	C
2020-03-22 06:26:38.211877	u/Dbanzai	fl6k00b	u/YT_unknowndeatheles	fl6gotw	C
2020-03-22 06:26:41.823338	u/ToiletTub	fl6k05u	u/redstag141	fl6h2re	C
2020-03-22 06:26:44.660883	u/PixelNight	fl6k06p	u/spinelisbeast	fl5zgxu	C
2020-03-22 06:27:02.657612	u/Jaizen0	fl6k16w	u/flextapenoleaks	fl6jo9c	C
2020-03-22 06:27:14.192508	u/Littlekelt95	fl6k1i2	u/genital_rot	fl6gon1	C
2020-03-22 06:27:28.909634	u/GBO420	fl6k205	u/ThePu55yDestr0yr	fl6isg1	C
2020-03-22 06:27:34.886045	u/IndianTVserialsweeb2	fl6k2cl	u/amrich88	fl63qx0	C
2020-03-22 06:27:43.732153	u/PlexingtonSteel	fl6k2on	u/GlitterShit23-68	fl67xjp	C
2020-03-22 06:27:46.691405	u/Just2Observe	fl6k2q6	u/Ruspa4nale	fl6jbdb	C
2020-03-22 06:28:03.964258	u/tostedshoes	fl6k350	u/genital_rot	fl6j702	C
2020-03-22 06:28:14.412991	u/davaiboy22	fl6k3hl	u/bigschlongboy69	fl6iwk3	C
2020-03-22 06:28:19.830489	u/zohariko75	fl6k3n7	u/Ultra_Weaboo	fl5hjyv	C
2020-03-22 06:28:23.685848	u/palaplayerk	fl6k3qy	u/UhmNotMe	fl6fo0k	C
2020-03-22 06:28:40.767045	u/GAFlor3s	fl6k49k	u/generalmemes128	fl6gq1h	C
2020-03-22 06:28:48.938122	u/beeemji	fl6k4gf	u/Http-Chief	fl5xa3h	C
2020-03-22 06:28:50.401135	u/AntiMatterAMA	fl6k4gl	u/SomeGuyCalledLonk	fl6k3gi	C
2020-03-22 06:29:04.481587	u/AddictOfPorn_Hentai	fl6k4wz	u/grey_scone	fl6jc0t	C
2020-03-22 06:29:07.795494	u/_fortunate_man	fl6k53n	u/spademanden	fl6hqtg	C
2020-03-22 06:29:10.447799	u/jivehonky	fl6k575	u/meljohn22gaming	fl6ikso	C
2020-03-22 06:29:16.905923	u/Me_like_coke12	fl6k5ht	u/animegirlGrivous	fl6k3r1	C
2020-03-22 06:29:18.869324	u/CeaseToExcist_999	fl6k5jp	u/Tabbyicon	fl6j8hi	C
2020-03-22 06:29:20.156156	u/MyNameYoshikageKira	fl6k5ju	u/davaiboy22	fl6k3hl	C
2020-03-22 06:29:26.705449	u/Best_Bean	fl6k5uh	u/Blacknova17	fl6jksf	C
2020-03-22 06:29:29.134822	u/Foxylilthrowaway	fl6k601	u/meljohn22gaming	fl6gqyg	C
2020-03-22 06:29:42.418354	u/shfbaif	fl6k6r3	u/Kind-Pop	fl3zlqu	C
2020-03-22 06:30:00.516208	u/Sonik7471	fl6k7vh	u/Nay5234	fl6jgll	C
2020-03-22 06:30:05.722326	u/tomatomater	fl6k88b	u/Njorord	fl6c95a	C
2020-03-22 06:30:37.074455	u/venkatprasanna7	fl6k8vb	u/meljohn22gaming	fl6jdsw	C
2020-03-22 06:30:51.985127	u/Desert_366	fl6k980	u/OakTree1203	fl6fdcv	C
2020-03-22 06:31:20.168768	u/Us3rnam3_1018	fl6k9tz	u/AutoModerator	fl6k9mh	C
2020-03-22 06:31:23.533256	u/Guggelima	fl6k9x1	u/YT_unknowndeatheles	fl6gp4m	C
2020-03-22 06:31:29.187184	u/blaz3storm	fl6k9yl	u/shadez_the_fox	fl6jr0b	C
2020-03-22 06:31:31.494870	u/Sun_Beams	fl6k9z5	u/throwRA46209	fl5u9t0	C
2020-03-22 06:31:42.375275	u/Smeagolized	fl6ka7k	u/UnsugarcubyX	fl6ixe8	C
2020-03-22 06:31:44.649332	u/mansyking00	fl6ka8k	u/lshqpyari	fl5ojgm	C
2020-03-22 06:31:52.689235	u/SosherXIV	fl6kacu	u/deflemon13	fmtvl2	S
2020-03-22 06:31:54.871694	u/chrisboyett13	fl6kad6	u/MazieWolf	fl69h1b	C
2020-03-22 06:32:04.807332	u/SippTheDumbJuice	fl6kaso	u/Tayvan16	fl6k33k	C
2020-03-22 06:32:13.402386	u/duckyman0203	fl6kazx	u/pairotechnic	fl6jut4	C
2020-03-22 06:32:18.922702	u/Gazordey	fl6kb1y	u/meljohn22gaming	fl6k3sq	C
2020-03-22 06:32:27.546337	u/TretasPt	fl6kbh1	u/dor121	fl6itou	C
2020-03-22 06:32:29.811530	u/FuntCaseKid	fl6kbia	u/sasha_42O	fl6folq	C
2020-03-22 06:32:39.974092	u/victordaigo	fl6kbnq	u/Sahil1200	fmvhkm	S
2020-03-22 06:32:52.307739	u/Thedoorisfuckingraw	fl6kcb9	u/bigschlongboy69	fl6j6il	C
2020-03-22 06:33:07.516002	u/mr_boebner	fl6kcqu	u/Duke_22	fl6hnuo	C
2020-03-22 06:33:23.939594	u/Marc25106	fl6kdes	u/lshqpyari	fl5oq3w	C
2020-03-22 06:33:27.129360	u/______Tree______	fl6kdfa	u/woodendoors7	fl5ih0y	C
2020-03-22 06:33:34.339571	u/wholesome69420	fl6kdkg	u/kookoon25	fl6igzr	C
2020-03-22 06:33:51.639564	u/blepshark	fl6ke2x	u/picatawithrice123	fl58au4	C
2020-03-22 06:34:28.278375	u/zgyeet	fl6kexo	u/shadez_the_fox	fl6jwss	C
2020-03-22 06:34:31.347446	u/Holzinator007	fl6kf08	u/iiCheatr	fl64nve	C
2020-03-22 06:34:36.505396	u/TomatoJD	fl6kf56	u/AxolInLEHMON	fl6h1yy	C
2020-03-22 06:34:59.900183	u/_BlueSpooder_	fl6kfqv	u/AutoModerator	fl6fuay	C
2020-03-22 06:35:02.882910	u/the_emerald_king	fl6kfrr	u/APenny-ForA-Thought	fl67l80	C
2020-03-22 06:35:10.909718	u/sermudkip	fl6kg3y	u/lshqpyari	fl5oq3w	C
2020-03-22 06:35:12.943516	u/ZBoiOnMars	fl6kg42	u/PhatPotato_Man	fl6je95	C
2020-03-22 06:35:23.552542	u/Thethecurry	fl6kgkq	u/DonutOlympian	fl6k5lo	C
2020-03-22 06:35:31.895062	u/-HonigHannes	fl6kgs5	u/Nug07	fl6cetb	C
2020-03-22 06:35:43.821517	u/shubhamsingh889	fl6kh4s	u/Anykla	fl6k73s	C
2020-03-22 06:35:45.781304	u/Priior	fl6kh4v	u/Us3rnam3_1018	fl6k9tz	C
2020-03-22 06:36:04.749331	u/NoBaecon	fl6khw9	u/mrgreenreddit	fl6jj8b	C
2020-03-22 06:36:07.506563	u/Oof____throwaway	fl6khxc	u/meljohn22gaming	fl6i62f	C
2020-03-22 06:36:18.494640	u/sukme420	fl6ki91	u/InBontWeTrust	fl6j1kt	C
2020-03-22 06:36:29.359510	u/ODSTsquad10	fl6kiji	u/Gubq	fl5lyk4	C
2020-03-22 06:36:37.358943	u/UpVotesOutForHarambe	fl6kirg	u/Octogus13	fl6jz79	C
2020-03-22 06:36:44.726993	u/The_Jousting_Duck	fl6kj3e	u/UhmNotMe	fl6g56b	C
2020-03-22 06:37:07.742483	u/DaddiestGracie	fl6kk84	u/switchbuffet	fl6dkjh	C
2020-03-22 06:37:30.438385	u/Spongebob_On_PC	fl6kl2b	u/N-word_pass_	fl6h0ty	C
2020-03-22 06:37:34.754220	u/MyzticBlue	fl6kl5b	u/lshqpyari	fl5qs2l	C
2020-03-22 06:37:50.526779	u/HensDeMens	fl6kln2	u/Me_like_coke12	fl6kazh	C
2020-03-22 06:37:56.301335	u/xXmajedXx111	fl6kltv	u/NegevExploits	fl6egwm	C
2020-03-22 06:38:01.123367	u/HornyHero101	fl6km23	u/DSGHades556	fl6eo2o	C
2020-03-22 06:38:09.592980	u/SonicTheHedgehog6542	fl6kmdu	u/HensDeMens	fl6kln2	C
2020-03-22 06:38:12.329455	u/meh-usernames	fl6kmk1	u/xXEragonTheEldestXx	fl6epzt	C
2020-03-22 06:38:14.618950	u/kind_stranger69420	fl6kmop	u/aWildGeodudeAppeared	fl6j7fd	C
2020-03-22 06:38:20.734662	u/oBi_wAN_kENoBI______	fl6kmxb	u/halfbrow1	fl5xsug	C
2020-03-22 06:38:24.596896	u/grouffy	fl6kmzm	u/Fezy626	fl5zxly	C
2020-03-22 06:38:31.592396	u/Electronic_Cat	fl6knfw	u/Octogus13	fl6jz79	C
2020-03-22 06:38:36.951227	u/HeyExistentialCrist_	fl6knq3	u/Tabbyicon	fl6jruw	C
2020-03-22 06:38:46.096714	u/Geof_123	fl6ko0n	u/cjc2112	fl60afd	C
2020-03-22 06:38:47.560860	u/AwkwardRupert	fl6ko0v	u/greatking6009	fl6g3p4	C
2020-03-22 06:38:49.001082	u/crazyweazel	fl6ko23	u/Fezy626	fl66s6g	C
2020-03-22 06:39:04.315715	u/lavaman123	fl6kog9	u/Holzinator007	fl6kkgw	C
2020-03-22 06:39:06.325453	u/Moses_16	fl6kohg	u/FandomTrashForLife	fl6j9q9	C
2020-03-22 06:39:27.455290	u/keksoslav	fl6kpl3	u/currymonster3000	fl4kxpr	C
2020-03-22 06:39:39.254896	u/nkxa174	fl6kq7n	u/lshqpyari	fl5qs2l	C
2020-03-22 06:39:43.701522	u/coolpotatoe724	fl6kqj6	u/_insert_random_	fl5wjex	C
2020-03-22 06:39:55.732182	u/GroundElm	fl6kr6q	u/Mc_Buff	fl6kqa5	C
2020-03-22 06:39:57.332610	u/MLGxarcher	fl6krea	u/spinelisbeast	fl5tl4p	C
2020-03-22 06:39:59.099302	u/Travas_Blog	fl6krlt	u/Kind-Pop	fl3zlqu	C
2020-03-22 06:40:27.308057	u/zeeseiko	fl6kshe	u/lanicol7	fl6ikc4	C
2020-03-22 06:40:43.859932	u/DEM0NKiiLER23	fl6ksry	u/greatking6009	fl6g3p4	C
2020-03-22 06:40:46.207459	u/normade1	fl6kstv	u/lshqpyari	fl5oq3w	C
2020-03-22 06:40:50.734811	u/KoniLama	fl6ksuu	u/Rager17th	fl6jzp9	C
2020-03-22 06:41:12.199279	u/funkygirljulia	fl6kte5	u/Riotmakrr	fl6kryn	C
2020-03-22 06:41:17.490966	u/Skyteamplar	fl6ktif	u/f0rg0ttenmem0ries	fl6jppm	C
2020-03-22 06:41:28.698552	u/rzvanlol	fl6kto9	u/selcukbulut	fl6gau7	C
2020-03-22 06:41:32.112734	u/Tyler_PFOSW	fl6ktrl	u/lshqpyari	fl5oq3w	C
2020-03-22 06:41:45.940899	u/gallonic	fl6ku6k	u/sliferra	fl6d7nm	C
2020-03-22 06:41:53.960854	u/sholayG	fl6kufr	u/iiCheatr	fl64kwk	C
2020-03-22 06:42:31.283018	u/Mobilfan	fl6kve9	u/shubhamsingh889	fl6iqdb	C
2020-03-22 06:42:34.607399	u/yruaogeymydude1	fl6kvgh	u/funkygirljulia	fl6kte5	C
2020-03-22 06:42:44.652765	u/urnudeswontimpressme	fl6kvmu	u/bancoolman864	fl6b8g5	C
2020-03-22 06:43:04.600520	u/swampertDbest	fl6kwb4	u/RepostSleuthBot	fl6cw1p	C
2020-03-22 06:43:24.850425	u/kneesofthetrees	fl6kx23	u/IEatCheeseInTheDark	fl6aocz	C
2020-03-22 06:44:01.138108	u/Belgiansfinestbrew_	fl6kxrx	u/Gsomethepatient	fl6ifhf	C
2020-03-22 06:44:10.641098	u/a_small_mistak	fl6ky92	u/duckyman0203	fl6kazx	C
2020-03-22 06:44:35.501733	u/Getgrillet	fl6kyxx	u/AutoModerator	fl615by	C
2020-03-22 06:44:56.360906	u/djcode522	fl6kz8f	u/GroundElm	fl6jk15	C
2020-03-22 06:45:11.570979	u/SamuelLappalainen	fl6kzlu	u/KitchenRoam	fl6k683	C
2020-03-22 06:45:31.011426	u/dustybizzle	fl6l0i8	u/redstag141	fl6gm4n	C
2020-03-22 06:45:34.474146	u/MarryMeCaran	fl6l0jp	u/FallaxFPS	fl6j0ye	C
2020-03-22 06:45:40.888015	u/iamwooshed	fl6l0rd	u/Boxely	fl6erze	C
2020-03-22 06:45:43.800224	u/PlantationMint	fl6l0x0	u/HydrogenFertilizer	fl6gggx	C
2020-03-22 06:45:45.773866	u/Rather_Dashing	fl6l11k	u/dustybizzle	fl6kvrn	C
2020-03-22 06:45:58.468896	u/Lauziferus	fl6l1bq	u/SippTheDumbJuice	fl6kaso	C
2020-03-22 06:46:09.028417	u/AngelicalBoar4	fl6l1k4	u/xEnigma_4	fmxszl	S
2020-03-22 06:46:11.893953	u/Bartgames03	fl6l1la	u/DinoDerpin	fl6khez	C
2020-03-22 06:46:19.982794	u/hamstertcpyt	fl6l1us	u/RepostSleuthBot	fl6hsrw	C
2020-03-22 06:46:27.369848	u/dingle__	fl6l1zw	u/Anykla	fl6j8cd	C
2020-03-22 06:46:31.581932	u/I_Lov_MEMEz	fl6l26a	u/Ender_The_BOT	fl4lfid	C
2020-03-22 06:46:37.134724	u/nice_toes	fl6l27z	u/born-a-wolf7650	fl6hwhd	C
2020-03-22 06:46:45.422915	u/L_Ron_Swanson	fl6l2ft	u/dustybizzle	fl6kvrn	C
2020-03-22 06:46:52.922205	u/Iamlonely3	fl6l2ny	u/da1orienteeringboi	fl6jgah	C
2020-03-22 06:46:55.728123	u/Asexual_Theatre_Kid	fl6l2pr	u/sholayG	fl6kufr	C
2020-03-22 06:46:59.430441	u/d_j_5	fl6l2t7	u/QueenMunchy	fl6l03u	C
2020-03-22 06:47:09.682375	u/Lucas_Islas	fl6l35e	u/Santak1ng	fl6dkyd	C
2020-03-22 06:47:18.026570	u/kyusetzu	fl6l3kw	u/AcroAstro	fl69lhj	C
2020-03-22 06:47:24.955763	u/HEADRAWK	fl6l3rp	u/snowmoney716	fmrooa	S
2020-03-22 06:47:30.396224	u/Axitonium	fl6l3w0	u/iamwooshed	fl6kzf7	C
2020-03-22 06:47:51.692841	u/corupted_soul	fl6l4cb	u/potatoooo66planet	fl6jei5	C
2020-03-22 06:47:54.993342	u/Bartojr95	fl6l4eo	u/RepostSleuthBot	fl6jzal	C
2020-03-22 06:47:58.311394	u/GoDOfSaRcAsM7	fl6l4i5	u/zebbojojo	fl6kl47	C
2020-03-22 06:48:05.248010	u/Aeryaa	fl6l4qn	u/sermudkip	fl6kg3y	C
2020-03-22 06:48:07.727252	u/the_shrexorcist	fl6l4t9	u/a_new_guy_on_reddit	fl6k5zf	C
2020-03-22 06:48:16.141088	u/George-Wetton02	fl6l55z	u/grouffy	fl6kmzm	C
2020-03-22 06:48:21.251808	u/GlowingJungle80	fl6l5gl	u/meljohn22gaming	fl5wnvr	C
2020-03-22 06:48:30.522814	u/uber1337h4xx0r	fl6l60x	u/meljohn22gaming	fl6go2x	C
2020-03-22 06:48:32.100767	u/smarkie2910	fl6l61c	u/HornyHero101	fl6l3bl	C
2020-03-22 06:48:37.889604	u/jaybankzz	fl6l6cn	u/bothacker2	fl67nnh	C
2020-03-22 06:48:39.408879	u/Tall-M	fl6l6h6	u/Riotmakrr	fl6l1gp	C
2020-03-22 06:48:43.249945	u/MrDraacon	fl6l6la	u/I_like_the_abuse	fl63vst	C
2020-03-22 06:48:50.899459	u/POOPYFACEface	fl6l6qr	u/LianXie	fl6ixsl	C
2020-03-22 06:48:53.791982	u/BruhMomenter420	fl6l6ul	u/destroyergod-obelisk	fl6fjph	C
2020-03-22 06:48:57.766765	u/Miles123K	fl6l702	u/Thedoorisfuckingraw	fl6kcb9	C
2020-03-22 06:49:01.017346	u/nurse_Vaccaro	fl6l73l	u/okbloomer	fl6klqn	C
2020-03-22 06:49:05.442831	u/Count_Ling	fl6l7b8	u/Kind-Pop	fl3zlqu	C
2020-03-22 06:49:15.678077	u/CrazyGamer123456	fl6l7jn	u/a_small_mistak	fl6ky92	C
2020-03-22 06:49:20.266568	u/NeelGunner7	fl6l7px	u/dovedevic	fl2izeo	C
2020-03-22 06:49:39.370940	u/AFACKRAFF	fl6l83j	u/Tayvan16	fl6jvcq	C
2020-03-22 06:49:44.206635	u/Byzo5	fl6l8cy	u/Tabbyicon	fl6j8hi	C
2020-03-22 06:49:49.882517	u/Lord_of_Sulfur	fl6l8nu	u/Lauziferus	fl6l1bq	C
2020-03-22 06:49:53.272769	u/Italolol	fl6l8xs	u/throwRA46209	fl5u9t0	C
2020-03-22 06:50:02.257824	u/rizizo	fl6l9mw	u/Gubq	fl5lyk4	C
2020-03-22 06:50:06.970937	u/Nitsuuhan	fl6l9od	u/AutoModerator	fl60mfu	C
2020-03-22 06:50:10.376204	u/warmasterpl	fl6l9va	u/iiCheatr	fl64nve	C
2020-03-22 06:50:16.047879	u/johnny777857	fl6l9yg	u/Gubq	fl5lyk4	C
2020-03-22 06:51:02.257129	u/NeilArmDong	fl6lbad	u/SurelyAnxious	fl6l26p	C
2020-03-22 06:51:23.246061	u/_--Karma--_	fl6lbw3	u/Tru_Drone_Videos	fl60twi	C
2020-03-22 06:51:41.409021	u/Daniel_Regan	fl6lcji	u/meljohn22gaming	fl6k9mk	C
2020-03-22 06:52:07.151394	u/Faho8	fl6ld88	u/lshqpyari	fl5oq3w	C
2020-03-22 06:52:13.931461	u/Sam_le_potato	fl6ldfg	u/Riotmakrr	fl6l1gp	C
2020-03-22 06:52:20.985339	u/dog-sniffer	fl6ldj6	u/_Tomyx_	fl6gu1o	C
2020-03-22 06:52:25.447936	u/Duraindrop	fl6ldps	u/iamwooshed	fl6kzf7	C
2020-03-22 06:52:30.963535	u/southouse12	fl6ldtv	u/meljohn22gaming	fl6k4w1	C
2020-03-22 06:52:42.015943	u/barnabas09	fl6le6k	u/dovedevic	fl2izeo	C
2020-03-22 06:52:56.035936	u/Identity-ception399	fl6lee7	u/GoldenBG	fl6jzm9	C
2020-03-22 06:53:01.508676	u/Jairolj0512	fl6leky	u/Jon742617000027	fl6a28h	C
2020-03-22 06:53:04.771007	u/GiornoGiovanna4444	fl6lelt	u/notareddituser23340	fl6ckj2	C
2020-03-22 06:53:30.186091	u/aadi0945	fl6lf6l	u/Tayvan16	fl6jvcq	C
2020-03-22 06:53:52.371043	u/iinsane004	fl6lftk	u/meljohn22gaming	fl6ir20	C
2020-03-22 06:54:02.135613	u/Leenees	fl6lg36	u/lshqpyari	fl5oq3w	C
2020-03-22 06:54:21.896348	u/llNewNewll	fl6lgit	u/AutoModerator	fl6l14x	C
2020-03-22 06:55:26.697870	u/J_Carnis	fl6lhvh	u/The_night_camel	fl6l36y	C
2020-03-22 06:55:32.996496	u/Killerbear2004	fl6li35	u/LamarjbYT	fl6lfod	C
2020-03-22 06:55:34.996331	u/OhMy-itsAkira	fl6li4e	u/RepostSleuthBot	fl6lhei	C
2020-03-22 06:55:56.411284	u/AccomplishedTrifle5	fl6lios	u/zgyeet	fl6kexo	C
2020-03-22 06:56:00.330724	u/hotsauce126	fl6lis3	u/constagram	fl6jjsl	C
2020-03-22 06:56:05.113198	u/mrtibbs7	fl6litm	u/justchecking69420	fl6lhdd	C
2020-03-22 06:56:33.700989	u/Stupid_Enderman	fl6ljr1	u/greatking6009	fl6g3p4	C
2020-03-22 06:56:57.591022	u/PrettySeal8927	fl6lkac	u/halfbrow1	fl6kzfv	C
2020-03-22 06:57:03.971645	u/mianori	fl6lkfl	u/George-Wetton02	fl6l8bn	C
2020-03-22 06:57:17.582440	u/konurm	fl6lkul	u/Supernova-581	fl6l9ic	C
2020-03-22 06:57:30.558912	u/024_96_yawa_worht	fl6ll06	u/stannya	fl6irta	C
2020-03-22 06:57:34.734538	u/NotThatGreatPlayer	fl6ll36	u/meljohn22gaming	fl6fz7l	C
2020-03-22 06:57:39.173155	u/vnavada1999	fl6llb7	u/J_Carnis	fl6lin7	C
2020-03-22 06:57:42.562735	u/Heythere300	fl6lldh	u/Tayvan16	fl6l17i	C
2020-03-22 06:57:48.691695	u/SpicyZhun	fl6llmj	u/IveNoUsernameIdeas	fl6j1c3	C
2020-03-22 06:58:11.233323	u/need-dispencer-here	fl6lm9g	u/34815	fl6beyg	C
2020-03-22 06:58:30.920427	u/Letixer5	fl6ln94	u/AutoModerator	fl698au	C
2020-03-22 06:58:40.497953	u/BreakableTime	fl6lnnx	u/Foxylilthrowaway	fl6k601	C
2020-03-22 06:58:59.350206	u/Moosyfate17	fl6loa4	u/rustybuttheadthe3rd	fl68ng8	C
2020-03-22 06:59:03.577605	u/Sleepy1ntrovert	fl6loea	u/born-a-wolf7650	fl6ifjz	C
2020-03-22 06:59:07.535025	u/Shakameme	fl6logr	u/AutoModerator	fl6lgn0	C
2020-03-22 06:59:20.014154	u/frenchfrieswithegg	fl6lp7l	u/born-a-wolf7650	fl6hwhd	C
2020-03-22 06:59:26.879106	u/AnshajSingh	fl6lpgn	u/meljohn22gaming	fl6i62f	C
2020-03-22 06:59:30.247867	u/SacrificeXIV	fl6lpjj	u/anhydrousahem	fl65wud	C
2020-03-22 06:59:42.545267	u/InfiUniqe	fl6lq3h	u/NegevExploits	fl6emqv	C
2020-03-22 06:59:54.079721	u/PardyGaming	fl6lqmp	u/Leo_MON3Y	fmy5hl	S
2020-03-22 06:59:58.193757	u/narutorasengan2	fl6lqxq	u/Thethecurry	fl6kg1h	C
