2020-04-10 21:00:22.229696	u/thatmichaelguy98	fn1ofxd	u/Madvillain518	fn13qc5	C
2020-04-10 21:00:24.575972	u/FeatherFingerz	fn1ofz3	u/dankious_dank	fn1kr7p	C
2020-04-10 21:00:32.094486	u/Abounini	fn1og96	u/Ultimate_wasp_hater	fn1mr9c	C
2020-04-10 21:00:56.396599	u/mannak8	fn1ohek	u/BENJIGERT	fmzomgi	C
2020-04-10 21:01:00.646881	u/12cheese21	fn1ohi2	u/shleyal19	fn1oed7	C
2020-04-10 21:01:30.663586	u/TooStew	fn1oilf	u/JscJake	fn1o68m	C
2020-04-10 21:01:40.312321	u/San_Z	fn1oiz9	u/SquidsRedditAccount	fn166zt	C
2020-04-10 21:01:52.647602	u/ToastedPickle69	fn1ojgp	u/shootme_co	fn197r5	C
2020-04-10 21:02:16.084479	u/UntitledDuckGame	fn1ok27	u/gamerrfm9	fn1lvtz	C
2020-04-10 21:02:23.158084	u/Baldy343	fn1ok5w	u/CheeriodudeL45	fn0szmj	C
2020-04-10 21:02:34.341227	u/satirelive	fn1okhl	u/Nathans-warhammer	fn1ls6f	C
2020-04-10 21:03:01.355430	u/Jimmy_Slim	fn1olom	u/TTVTooGoldGamer	fn1okad	C
2020-04-10 21:03:10.853176	u/Harith_alsafi	fn1olxa	u/PluggedTheBluePill	fn1f9g5	C
2020-04-10 21:03:41.627999	u/broncos_fan915	fn1oni7	u/ThatBrzGuy86	fn1l4kp	C
2020-04-10 21:04:05.755367	u/RileyKrauss06	fn1oo5m	u/Homie_Waffle	fmg287g	C
2020-04-10 21:04:18.391997	u/Portugeezer77	fn1oodu	u/DodrioFan480	fn1gdcs	C
2020-04-10 21:04:29.966335	u/HotdogJonesy	fn1op6t	u/MicahSlash	fn1lxtg	C
2020-04-10 21:04:40.736540	u/Babywalker66	fn1opw6	u/theguiltyflea	fn1oath	C
2020-04-10 21:04:42.745916	u/jojoadac	fn1opww	u/Valeryum999	fn0xitk	C
2020-04-10 21:04:58.399540	u/hhhhhhhmmmmmm	fn1oqi4	u/Exactly_Sandwich	fn1nkp4	C
2020-04-10 21:06:08.910070	u/a-noraml-guy	fn1otoc	u/WienerDog32	fn1hn7g	C
2020-04-10 21:06:10.758190	u/Mlp_extrodinare	fn1otrl	u/Neoblaze1207	fn1ly90	C
2020-04-10 21:06:15.625044	u/choopken	fn1ou2f	u/CorndogCrusader	fn19n3i	C
2020-04-10 21:06:35.101994	u/MrPeck15	fn1ov76	u/KaizokuOu-ConDOriano	fn1oscg	C
2020-04-10 21:07:00.496752	u/BigDoinks6666	fn1owp3	u/Om0r	fn1n0s8	C
2020-04-10 21:07:24.493670	u/Aliopk	fn1oxys	u/ElxEllie	fn0oazc	C
2020-04-10 21:07:26.141097	u/ItsTimeToGetFunkyx2	fn1oy11	u/DeMonstaMan	fn0c1fz	C
2020-04-10 21:07:41.225650	u/superfuzzy47	fn1oyiv	u/badboyquinny	fn1numw	C
2020-04-10 21:07:56.178614	u/c858005	fn1ozlg	u/RepostSleuthBot	fn1l5fe	C
2020-04-10 21:07:59.919732	u/reet66	fn1oztd	u/RepostSleuthBot	fn17rj0	C
2020-04-10 21:08:53.338586	u/stevebuscemi2	fn1p2uf	u/Megalocerus	fn1ou7g	C
2020-04-10 21:08:55.964613	u/offamamind	fn1p2yb	u/GeraltOfNoxus	fipsfjz	C
2020-04-10 21:09:01.058000	u/SamsungS1000	fn1p33p	u/NeepBeepO_o	fn1p1n5	C
2020-04-10 21:09:44.922160	u/LliamiGuess	fn1p6v8	u/KruemelTM	fn0rcvd	C
2020-04-10 21:10:06.841470	u/ACatWithAStangeHat	fn1p8m3	u/TurboTommyX	fn1p619	C
2020-04-10 21:10:34.890944	u/Extrabuniom	fn1p9am	u/freestylearts911	fyj6k7	S
2020-04-10 21:11:01.328360	u/ZoTBO_	fn1pa7n	u/12cheese21	fn1it3j	C
2020-04-10 21:11:04.970867	u/Locomocha_Neko	fn1paan	u/Drivestesla	fn1i1ou	C
2020-04-10 21:11:15.590696	u/ZyraelKai	fn1paqo	u/blasphememe16	fn1m7vb	C
2020-04-10 21:11:42.573814	u/BroseidonGamez	fn1pbp7	u/scienceisfun112358	fyktf3	S
2020-04-10 21:11:52.229980	u/Z1go	fn1pbwy	u/AthelLeaf	fn16xbn	C
2020-04-10 21:11:57.333662	u/MartonMemes	fn1pc0q	u/The_Owl_Griffon	fn1je27	C
2020-04-10 21:12:23.804619	u/uglylilrump	fn1pd4i	u/jacobbriddell	fn1p5z0	C
2020-04-10 21:13:08.283914	u/ScooterManTaxi	fn1pga2	u/ItalianComrade19	fn1lb6o	C
2020-04-10 21:13:20.915590	u/sa1onpas	fn1pgvv	u/kjbeast940	fn1oudt	C
2020-04-10 21:13:47.534686	u/Pay_G	fn1phrr	u/badboyquinny	fn1ds2a	C
2020-04-10 21:13:55.174141	u/malikayyy	fn1pi24	u/Leon_The_Memeurr	fn1m80q	C
2020-04-10 21:13:59.351885	u/Im_not_billy	fn1pic8	u/Billy_T_Wierd	fn19zvt	C
2020-04-10 21:14:04.176453	u/BrawlingBoss	fn1pidf	u/Sirdordanpringle	fn0lhda	C
2020-04-10 21:14:26.585322	u/BOL7ON	fn1pjdp	u/bitchlasagnaisjohwic	fn1364b	C
2020-04-10 21:14:40.762749	u/sophieonasofa	fn1pjx7	u/legitimatesavage	fn0p4r1	C
2020-04-10 21:15:00.809883	u/Malkyth	fn1plhs	u/MicahSlash	fn1lxtg	C
2020-04-10 21:15:14.854230	u/Bagoot34	fn1pm30	u/Exactly_Sandwich	fn1nkp4	C
2020-04-10 21:15:20.589642	u/Fluffy-Emo	fn1pmeh	u/twenty-one-doggos	fn1mfve	C
2020-04-10 21:15:28.500996	u/Karosso	fn1pml8	u/JAnderson293	fn16zx5	C
2020-04-10 21:15:40.070412	u/stuff_and_fluff	fn1pn5f	u/BlooFlea	fn1jqiz	C
2020-04-10 21:15:55.208943	u/herescanny	fn1pnvy	u/sa1onpas	fn1pgvv	C
2020-04-10 21:16:16.524621	u/Rando_Cardrissiann	fn1poxg	u/BloodyPommelStudio	fn1nzqc	C
2020-04-10 21:16:30.875084	u/AustinRasmussen	fn1ppg2	u/imdeadinside36	fn1fo52	C
2020-04-10 21:17:08.974246	u/zomkilla123	fn1pqrm	u/rebucgnimagl	fn1onlo	C
2020-04-10 21:17:19.621625	u/poopsock_23	fn1prgv	u/Jacobson-of-Kale	fn1nz05	C
2020-04-10 21:17:29.605313	u/safibellatrix	fn1prxs	u/James_Jemo	fmxctbr	C
2020-04-10 21:18:26.237701	u/Psycho_Snek	fn1pv8a	u/ThyCousinChoice	fn1prqv	C
2020-04-10 21:19:14.404247	u/ThievishJoker	fn1pyud	u/RepostSleuthBot	fn1pxh5	C
2020-04-10 21:19:18.588395	u/Bigbybest5	fn1pz4d	u/UltraBeast73	fn1pgno	C
2020-04-10 21:19:25.824539	u/Kevin_Abel	fn1pzt2	u/xaviii_	fn1pyb0	C
2020-04-10 21:19:54.214892	u/skashiii	fn1q201	u/Swagboi7	fn1mxxc	C
2020-04-10 21:19:59.674695	u/Alex_4209	fn1q2ed	u/TheMishOfficial	fn1koff	C
2020-04-10 21:21:02.316694	u/CheesyPierog1	fn1q4ls	u/Ripperr_EU	fn10mv2	C
2020-04-10 21:21:27.171310	u/FlowingDisc882	fn1q5jy	u/MicahSlash	fn1lxtg	C
2020-04-10 21:21:36.721962	u/Shellbellboy	fn1q66d	u/All_Them_Armadillas	fn0k02q	C
2020-04-10 21:21:55.615256	u/deppressed_weeb	fn1q730	u/Steven_the_dipshit	fn1iow9	C
2020-04-10 21:22:21.223700	u/thememer05	fn1q8f7	u/ThyCousinChoice	fn1pyiw	C
2020-04-10 21:22:30.127737	u/Dougwug03	fn1q8nc	u/wo0ooshme	fn1azjp	C
2020-04-10 21:22:51.609432	u/Chevy-Draco	fn1q9n5	u/KJTGamer1	fn1q8ch	C
2020-04-10 21:23:10.802137	u/PC_gamer9000	fn1qac0	u/xd-thermic	fn0kfu5	C
2020-04-10 21:23:16.285107	u/lil_nuggs4646	fn1qanf	u/ForestOfScreams	fn1krhv	C
2020-04-10 21:23:53.450493	u/spanish_inquisiton23	fn1qcee	u/Fan-boi	fn0sma6	C
2020-04-10 21:25:06.731640	u/YummyParfait	fn1qgqe	u/SideStreetSoldier	fn1ox2b	C
2020-04-10 21:25:27.254716	u/GunnMemeing	fn1qhjh	u/asifnir	fn1o6q1	C
2020-04-10 21:25:30.294692	u/brandontoast	fn1qhtw	u/very_so_sad_lad	fn0hezh	C
2020-04-10 21:25:38.023628	u/gupdog	fn1qi7h	u/semechki-seed	fn1jkzz	C
2020-04-10 21:26:00.129802	u/Waylon1219	fn1qj0e	u/RepostSleuthBot	fn1oo2n	C
2020-04-10 21:26:26.158472	u/jxgty	fn1qkjq	u/BOL7ON	fn1pjdp	C
2020-04-10 21:26:40.485290	u/BigBoiTech	fn1ql60	u/mario_ferreira19	fn12ay3	C
2020-04-10 21:26:44.891541	u/Dark_Nebula_	fn1qlhe	u/Zathuraboy	fn1nx08	C
2020-04-10 21:27:13.921063	u/zippyonyt	fn1qn9q	u/fatspencer	fn1qgnt	C
2020-04-10 21:27:21.454800	u/Jashwa357	fn1qnx5	u/fatspencer	fn1qgnt	C
2020-04-10 21:27:29.785165	u/Big_Whale190	fn1qobp	u/amitav554	fn1a5hm	C
2020-04-10 21:27:55.927207	u/eds3	fn1qpsz	u/ouyin2000	fn1qkbr	C
2020-04-10 21:28:35.281537	u/BabyGumball	fn1qtdu	u/baghead08	fn1mb1n	C
2020-04-10 21:28:52.515739	u/Bluesun1978	fn1qu8g	u/ouyin2000	fn1qkbr	C
2020-04-10 21:28:58.130336	u/ManelB3	fn1quh1	u/dyziex	fmzx9y7	C
2020-04-10 21:29:17.426787	u/Buzzard2304	fn1qwbf	u/ZoomZombie1119	fn1q3po	C
2020-04-10 21:29:44.223019	u/detective-akechi-	fn1qz3k	u/Cali4512	fn10mt0	C
2020-04-10 21:29:52.062790	u/flying-banana07	fn1qzpw	u/VentCrab	fn0mjor	C
2020-04-10 21:29:59.292426	u/Zcox93	fn1r14x	u/Patrick_Bot2	fn13ezk	C
2020-04-10 21:29:59.664363	u/Jampaha	fn1r164	u/MikeySkates	fn1oxm8	C
2020-04-10 21:30:12.666569	u/Sulfinn	fn1r220	u/scottyscotsman	fn1qt5q	C
2020-04-10 21:30:20.305295	u/lhssucksass_69	fn1r2md	u/choerryjesus	fn03eg0	C
2020-04-10 21:31:09.197312	u/zachusaguy	fn1r484	u/Wolfboy2000711	fn1fm8b	C
2020-04-10 21:31:32.614886	u/Killer_Queenz	fn1r4yb	u/realpineapplefork	fn1dyuj	C
2020-04-10 21:31:37.067029	u/MiseryPOC	fn1r544	u/qqqfuzion	fn1da3q	C
2020-04-10 21:33:15.166045	u/johberry	fn1r9lk	u/Tico483	fn1pjt1	C
2020-04-10 21:33:46.373246	u/chibouv	fn1ragg	u/brodonkulis	fn1pop8	C
2020-04-10 21:33:49.465236	u/Nightfountain11	fn1raqk	u/Furny_D	fn1pmob	C
2020-04-10 21:33:52.782905	u/Dmoore96615	fn1raup	u/DarthJJAbrahams	flafpo4	C
2020-04-10 21:33:54.898181	u/Randomgnome007	fn1razt	u/aCin5280	fn1f52q	C
2020-04-10 21:34:02.898234	u/Dino-strike	fn1rbgr	u/looneylewis007	fmyoe5h	C
2020-04-10 21:35:06.032503	u/hahahahahahaha_yes	fn1rdhf	u/Diny_Tick1	fn1odz8	C
2020-04-10 21:35:10.195099	u/Nate1949	fn1rdjy	u/rndmzr153	fn0xxss	C
2020-04-10 21:35:13.070552	u/Elilashbrook	fn1rdl1	u/ARandom-Penguin	fn1mrts	C
2020-04-10 21:35:55.051261	u/saad-bm	fn1rffq	u/adeerae	fn0z2bw	C
2020-04-10 21:35:56.994411	u/Dan66789	fn1rfo1	u/joemoma21	fn0ulka	C
2020-04-10 21:36:04.139445	u/iwantmoresoup	fn1rfy3	u/rotenfalafels	fn1lkfv	C
2020-04-10 21:36:08.433291	u/Akinyx	fn1rg5i	u/Crystal_Queen_20	fl8qnze	C
2020-04-10 21:36:11.222589	u/tannergao	fn1rg67	u/FoG_Steven	fn1qsbo	C
2020-04-10 21:36:32.341813	u/LordDestor	fn1rh6l	u/MyJelloJiggles	fn0yetr	C
2020-04-10 21:36:37.844443	u/legendarylog	fn1rhd4	u/somefuckerwithaspoon	fn1o5si	C
2020-04-10 21:37:12.868292	u/syatibi_afnan_	fn1rjfu	u/DodrioFan480	fn1mce6	C
2020-04-10 21:37:29.094496	u/sexybanana101	fn1rknn	u/CujoAl	fn1hgqn	C
2020-04-10 21:37:33.996406	u/Messyfingers	fn1rl0o	u/SpitefulBadger	fmzo0s9	C
2020-04-10 21:37:37.042020	u/Scordino72	fn1rla4	u/NootNootRecruit_	fcs8ccd	C
2020-04-10 21:37:39.469056	u/UndertaleErin	fn1rlhg	u/RnAd_Naz	fn1okev	C
2020-04-10 21:38:01.833366	u/GiantDialga	fn1rmwh	u/PresentChipmunk	fn1r4m7	C
2020-04-10 21:38:04.386255	u/tacoladd	fn1rn04	u/JimAbaddon	fmzlexw	C
2020-04-10 21:38:17.000949	u/ThangMD	fn1rnek	u/chibouv	fn1ragg	C
2020-04-10 21:38:34.049756	u/theZiMRA	fn1rout	u/Big_Whale190	fn1qobp	C
2020-04-10 21:38:42.254184	u/TheFirstNutBusted	fn1rpfy	u/white-liger	fn1nbq1	C
2020-04-10 21:38:45.623824	u/c_84	fn1rpke	u/UNX-D_pontin	fmcz1m9	C
2020-04-10 21:38:56.254285	u/noobmaster_69lol	fn1rq1n	u/xd-thermic	fn0kfu5	C
2020-04-10 21:39:11.347286	u/theamazingc4	fn1rqwg	u/cerealcat2020	fn1rjsw	C
2020-04-10 21:39:23.620701	u/jesus-fetus	fn1rrwt	u/ma-name-jeff1234	fn1rlgd	C
2020-04-10 21:39:43.335347	u/NicodemustheGreat	fn1rtag	u/memer414gamer	fn1q2zh	C
2020-04-10 21:39:56.574233	u/karson_the_foxx	fn1rus8	u/blackdolly0312	fn05o8o	C
2020-04-10 21:40:05.355539	u/Latter-Radish	fn1rv2f	u/memer414gamer	fn1q2zh	C
2020-04-10 21:40:14.162676	u/NotAVirus_dot_exe	fn1rvkf	u/eds3	fn1qd3t	C
2020-04-10 21:40:45.616340	u/takeshi_nanase	fn1rxb5	u/mdmd33	fn0u80l	C
2020-04-10 21:40:49.066928	u/IcyFinding	fn1rxea	u/Patrick_Bot2	fn1o0ee	C
2020-04-10 21:40:59.394268	u/apatheticGorilla	fn1ry5g	u/NuggetSmuggler	fn1p4o2	C
2020-04-10 21:41:21.329476	u/BiggieBills115	fn1ryy3	u/A_team_of_ants	fn1h17o	C
2020-04-10 21:41:36.190018	u/W-Yacht	fn1rzp7	u/trizonxjay	fn1nllr	C
2020-04-10 21:41:58.882510	u/dorkydoofus	fn1s0jb	u/SideStreetSoldier	fn1ox2b	C
2020-04-10 21:42:12.587509	u/m0gula	fn1s1ay	u/xthecollectorx	fn1ojbm	C
2020-04-10 21:42:29.885141	u/MasterMuffles	fn1s1xx	u/wnbrckstar995	fn0iea1	C
2020-04-10 21:42:39.041803	u/Guevasa	fn1s2d6	u/actuallyVeminia	fn1h5n3	C
2020-04-10 21:42:50.113169	u/VisibleConcern	fn1s2lv	u/someone102912	fn1fv8n	C
2020-04-10 21:42:54.646123	u/ML_Undercover	fn1s2ru	u/johberry	fn1r9lk	C
2020-04-10 21:43:07.841670	u/BenchWinner	fn1s3lb	u/MrClash8738	fn1rztr	C
2020-04-10 21:43:27.472357	u/b3nd0vah	fn1s4h2	u/RepostSleuthBot	fn1s30h	C
2020-04-10 21:44:07.898433	u/UrMomUrMom1906	fn1s5jl	u/Bruh_Bot_	fn1n3zk	C
2020-04-10 21:44:13.297458	u/Severe-Breakfast	fn1s62h	u/Virabyte	fn1s0vd	C
2020-04-10 21:44:17.585672	u/drunkendog55	fn1s64k	u/BepicBamer	fn1kl5c	C
2020-04-10 21:44:20.743360	u/ThisIsSocialMedia	fn1s66x	u/VibraniumDragonborn	fl5nrgn	C
2020-04-10 21:44:50.358115	u/thatindiantard	fn1s7bn	u/ScooterManTaxi	fn1pga2	C
2020-04-10 21:45:30.104817	u/KnottShore	fn1s92h	u/Casemet	fn1pwq3	C
2020-04-10 21:46:06.758046	u/Sam_the_Clam69	fn1sa8g	u/CoolioStarStache	fn1e6af	C
2020-04-10 21:46:41.933146	u/the-hopy	fn1sbjm	u/ConfusedShibaInu	fn04pvn	C
2020-04-10 21:46:48.553068	u/dashtato	fn1sbmv	u/Ayn234	fn0upd1	C
2020-04-10 21:47:01.593764	u/just_a_random_dood	fn1sc24	u/ThatSeasonalIsekai	fn1al2u	C
2020-04-10 21:47:13.859194	u/LopsidedMight	fn1sciz	u/illusion_001	fn1rw71	C
2020-04-10 21:47:36.082147	u/DinoLoverGaming	fn1sdbz	u/waterchickenz	fn1s9hp	C
2020-04-10 21:47:48.430852	u/Samu2077	fn1sdna	u/itsyoboi33	fn1lo12	C
2020-04-10 21:48:05.960361	u/astont	fn1se4c	u/memer414gamer	fn1q2zh	C
2020-04-10 21:48:16.060101	u/They-may-be-tigers	fn1sej3	u/garden_of_steak	fn1h5aq	C
2020-04-10 21:49:01.469613	u/Responsible_Radio	fn1sgi3	u/FlowingDisc882	fn1q5jy	C
2020-04-10 21:49:39.822783	u/GruesomeMoss06	fn1sil8	u/taiaguu	fl8jvme	C
2020-04-10 21:49:56.475299	u/RightEquivalent	fn1skd6	u/Demoneastz	fn1sbyh	C
2020-04-10 21:49:57.288721	u/bateprime	fn1skee	u/ultraman7676	fn16p2g	C
2020-04-10 21:50:40.560199	u/MotherKokoNutz	fn1sm02	u/5Dimensional	fn1peez	C
2020-04-10 21:50:56.555919	u/meepoids	fn1smkb	u/gupdog	fn1qj77	C
2020-04-10 21:51:25.649426	u/Nerscylliac	fn1snhs	u/Jojo_Addicted	fn13ft4	C
2020-04-10 21:51:29.018746	u/TexHooper_5	fn1snjn	u/whyDidIDoDis134	fn1of0i	C
2020-04-10 21:51:44.534808	u/Technical_Natural	fn1so3v	u/Bruh_Bot_	fn1sact	C
2020-04-10 21:51:49.124530	u/xdeltabr	fn1so8t	u/jackie-bladen	fn1lk0f	C
2020-04-10 21:51:54.717858	u/Dabbin_Gaming	fn1sof6	u/Killing4MotherAgain	fn1rst8	C
2020-04-10 21:52:07.514841	u/Polarboar935	fn1soxu	u/ibanov93	fn174zh	C
2020-04-10 21:53:04.094577	u/LimitlessMoonlight	fn1srcy	u/tannergao	fn1rxno	C
2020-04-10 21:53:53.772547	u/johnnysilverhand06	fn1ssqc	u/Jojo_Addicted	fn13ft4	C
2020-04-10 21:54:05.483868	u/calamari_rings1	fn1st8l	u/Mcfuggery	fn1r3jy	C
2020-04-10 21:54:21.452503	u/Meme_Missionary_	fn1stoi	u/RepostSleuthBot	fn1kv2i	C
2020-04-10 21:54:23.520265	u/Immediate-Scheme	fn1stqa	u/nibs855	fn1sc7s	C
2020-04-10 21:54:33.580365	u/SnorlaxBW	fn1subm	u/RepostSleuthBot	fn1snw5	C
2020-04-10 21:54:44.106738	u/KirkMagic	fn1suq9	u/darrellmarch	fn1sni1	C
2020-04-10 21:55:16.208685	u/pdxdrc	fn1svur	u/bananatornado10	fytkm8	S
2020-04-10 21:55:23.545708	u/GCat26	fn1sw2l	u/-_-potato-_--_-	fn1ofks	C
2020-04-10 21:55:51.641936	u/will8507	fn1sxcp	u/Houshweeni	fn1lx24	C
2020-04-10 21:56:10.188139	u/YeetLitDabFam	fn1sxyx	u/bateprime	fn1skee	C
2020-04-10 21:56:38.353107	u/ThatRandomNoname	fn1syzn	u/ghebert001	fn0lv5u	C
2020-04-10 21:56:43.488731	u/GC-Kuriboh37	fn1sz62	u/WhiteUnicorn239	fynueo	S
2020-04-10 21:57:45.943913	u/AllCanadianReject	fn1t2rh	u/wo0ooshme	fn1azjp	C
2020-04-10 21:57:48.599497	u/andrewtheroberts	fn1t2y7	u/Rubmynippleplease	fn1t0rs	C
2020-04-10 21:58:03.535359	u/my_name_is_trash	fn1t3sr	u/Alternative-Rise	fn1stlu	C
2020-04-10 21:58:15.345006	u/lucasbaku	fn1t4dh	u/Thenoscoper456	fn1gq4n	C
2020-04-10 21:58:21.438043	u/arpitnscool	fn1t4lx	u/zLc362	fn1npqi	C
2020-04-10 21:58:36.191298	u/KingJ_999	fn1t5c2	u/JuraP	fn0w43h	C
2020-04-10 21:59:12.110695	u/Gorgonzola-Cheese	fn1t6po	u/Racoonstudiopoop	fn0k8jt	C
2020-04-10 21:59:13.831057	u/myouism	fn1t6s1	u/Dabbin_Gaming	fn1sof6	C
2020-04-10 21:59:46.172672	u/circle941	fn1t9we	u/dovedevic	fl2izeo	C
2020-04-10 21:59:54.031292	u/Thingythingading	fn1taex	u/AllCanadianReject	fn1t2rh	C
2020-04-10 21:59:56.129031	u/austinghost19	fn1taky	u/AzraeltheGrimReaper	fmzy5a0	C
2020-04-10 21:59:57.309394	u/cursedartistt	fn1talh	u/NowThatsASpicyTamale	fynwwc	S
