2020-04-12 15:00:43.984935	u/Marching_March	fn7ca84	u/RepostSleuthBot	fn73lss	C
2020-04-12 15:00:51.300624	u/MrTretorn	fn7caji	u/HDSQ	fn6plut	C
2020-04-12 15:01:14.383116	u/GlorygoleGargoyle	fn7cbos	u/Zeldawolfm12	fn7103v	C
2020-04-12 15:01:23.629443	u/bigwheels80	fn7cc4j	u/Jonyu2048	fn7c9in	C
2020-04-12 15:03:42.925686	u/JxB_Paperboy	fn7chtb	u/Hexenhut	fn72aj6	C
2020-04-12 15:04:05.919697	u/LudicrousityX3	fn7cigs	u/Emperor_O_Memes	fn6z1z0	C
2020-04-12 15:05:03.953828	u/ameylok8	fn7cl6c	u/Oiswag101	fn72bqw	C
2020-04-12 15:05:34.704822	u/toniobssl__	fn7clxc	u/TheAdimLizard	fn7ckl3	C
2020-04-12 15:05:58.775053	u/elmahir	fn7cn2a	u/TheFabulousQc	fn7chtl	C
2020-04-12 15:06:29.956051	u/J0N03	fn7com7	u/bigwheels80	fn7cixp	C
2020-04-12 15:06:46.297322	u/geowave4578	fn7cpaf	u/chivalrousguy11	fzwzwp	S
2020-04-12 15:06:52.381713	u/tanttu1234	fn7cpm9	u/Elvin__	fn6a4vv	C
2020-04-12 15:06:58.750090	u/MrPrezelzz	fn7cq6a	u/DaBoiOfDaBoiz	fn7cmm9	C
2020-04-12 15:07:02.530232	u/ShibaHakobi	fn7cq6w	u/Elvin__	fn6a4vv	C
2020-04-12 15:07:29.872916	u/Tazmerican	fn7cr71	u/Bantabury97	fn7cil5	C
2020-04-12 15:07:39.178015	u/Radical_Rad_Bro	fn7crgs	u/Elvin__	fn6gzne	C
2020-04-12 15:07:52.856696	u/poopoopeepee74	fn7cs0i	u/SwordNPika657	fn75zor	C
2020-04-12 15:08:13.405328	u/loonyloop	fn7ctex	u/baktiv	fn678yy	C
2020-04-12 15:08:19.769167	u/50_zloty	fn7cts2	u/blazing_fury13	fn6ovs1	C
2020-04-12 15:08:21.106714	u/einTier	fn7cttm	u/Someaverageguy54	fn7bh6s	C
2020-04-12 15:08:30.949384	u/meh-oh-nai-se	fn7cunf	u/malmordar	fn6wtp0	C
2020-04-12 15:08:36.343068	u/Beeblebrox0815	fn7cuwg	u/Baselmagdy	fn6a2wx	C
2020-04-12 15:08:45.740646	u/AChickenTomato123	fn7cv59	u/Mokarru	fn6ci1g	C
2020-04-12 15:08:55.130048	u/kife-james	fn7cvvc	u/potatojoe21	fn7cti0	C
2020-04-12 15:09:41.409967	u/RiomYourDaddy	fn7cyxs	u/PP_man937	fn7crqe	C
2020-04-12 15:09:43.654018	u/SonicFrost	fn7cz98	u/Scorpionbutwithaface	fn71jkh	C
2020-04-12 15:09:55.944056	u/MrSavageSpam	fn7d14z	u/Jwreck1010	fn7cyov	C
2020-04-12 15:11:06.166918	u/TheHolyLordOfBacon	fn7d3sx	u/omar8islam	fn753jy	C
2020-04-12 15:11:17.723707	u/xx_shadowfall_xx	fn7d3w3	u/antisocialcatto	fn76zyr	C
2020-04-12 15:11:35.742819	u/treasurefamting	fn7d49t	u/Jonyu2048	fn7d1f3	C
2020-04-12 15:12:20.112336	u/BioBossHazard	fn7d5wv	u/lilly-b073	flxe3kh	C
2020-04-12 15:12:28.929891	u/QWestWaker	fn7d64o	u/RepostSleuthBot	fn7d47d	C
2020-04-12 15:12:38.047928	u/OskarsSurstromming	fn7d6om	u/cote89	fn7176r	C
2020-04-12 15:13:07.095519	u/Hdawg2oo2	fn7d7j5	u/Josusci	fn730x1	C
2020-04-12 15:14:12.544418	u/Panzer-Boi	fn7dat3	u/ImmediatelyOcelot	fn77zkq	C
2020-04-12 15:14:14.790611	u/ZaxyZach	fn7dayi	u/FlamsBreton	fn6ft48	C
2020-04-12 15:14:34.368820	u/DartM_	fn7dc1a	u/Axelaxelaxe	fn7d4uc	C
2020-04-12 15:14:36.471499	u/lakersiltern	fn7dc4x	u/JOHNT8666	fn797ix	C
2020-04-12 15:14:41.018894	u/Tartzad	fn7dcev	u/Harrison123963	fn7d95x	C
2020-04-12 15:15:47.730836	u/colourmedisturbed	fn7dftq	u/Minusfourty	fn7bf2t	C
2020-04-12 15:16:02.482814	u/ThenOstrich	fn7dgbl	u/Elvin__	fn6gzne	C
2020-04-12 15:16:25.703285	u/Josev2002	fn7dhhn	u/ThisAccountIsTempor2	fn6x0h3	C
2020-04-12 15:16:46.502686	u/eswtf	fn7dipd	u/Someaverageguy54	fn7av2k	C
2020-04-12 15:17:02.254260	u/TheGreatLuvex	fn7djdq	u/RepostSleuthBot	fn7dgdq	C
2020-04-12 15:17:05.010265	u/Shepthebep	fn7djgl	u/kingstonthroop	fn7d78p	C
2020-04-12 15:18:01.596190	u/FolkComet	fn7dn2x	u/Gay_mail	fn6w7r6	C
2020-04-12 15:18:30.958233	u/pro_troller3	fn7dolv	u/xd_StikK	fn77puq	C
2020-04-12 15:18:32.401684	u/jecrachedanstabouche	fn7dop2	u/Spetsnazdragon	fn7do6b	C
2020-04-12 15:18:50.740891	u/DerJakane	fn7dpma	u/Tjor2	fmobm5h	C
2020-04-12 15:19:10.676384	u/DuDuShits-Pooster	fn7drd9	u/kja2991	fn764an	C
2020-04-12 15:19:18.645679	u/Sbush331	fn7drtj	u/ICYBOI224	fn7clhe	C
2020-04-12 15:19:51.953331	u/recker099	fn7dtmu	u/Spetsnazdragon	fn7dpci	C
2020-04-12 15:19:52.534800	u/Lynthz	fn7dtp6	u/xx_shadowfall_xx	fn7d3w3	C
2020-04-12 15:20:08.203949	u/pedroaza	fn7dv33	u/antisocialcatto	fn76zyr	C
2020-04-12 15:20:30.191488	u/SadAnusLoser23	fn7dw0l	u/svojtas	fn6umga	C
2020-04-12 15:22:30.922179	u/SteveUrkelCircleJrkl	fn7e0bm	u/iplay2manyvideogames	fn77t1w	C
2020-04-12 15:22:43.029262	u/yoshikagekira1234	fn7e0k9	u/Elvin__	fn6gzne	C
2020-04-12 15:22:53.487602	u/zmanofkool	fn7e0yr	u/blacksheep33175	fn7d7yf	C
2020-04-12 15:23:17.844717	u/RafaelNadalFTW	fn7e1up	u/RPBCup	fn7beg9	C
2020-04-12 15:23:36.370080	u/Daniel0739	fn7e2mf	u/LuitenantElo	fn70fhf	C
2020-04-12 15:23:48.804783	u/timcallahan1	fn7e3ee	u/daberle123	fn66037	C
2020-04-12 15:25:02.665019	u/silentdeath3012	fn7e7c0	u/Jaface	fn6qbto	C
2020-04-12 15:25:04.695964	u/Catfish344	fn7e7es	u/shoresline	fn6ooeu	C
2020-04-12 15:25:13.911905	u/Swarm54	fn7e8cp	u/Fresh-broski	fn7e1kd	C
2020-04-12 15:26:13.239144	u/WarKiel	fn7ebjt	u/RPBCup	fn7beg9	C
2020-04-12 15:26:26.730833	u/Waterwalker85	fn7ecav	u/Master_JBT	fn7c0b2	C
2020-04-12 15:26:34.663370	u/jonw1995	fn7ed2u	u/StarManOMG	fn7dqm0	C
2020-04-12 15:26:36.398880	u/MKBUHD	fn7ed8i	u/OrangeJoe_3000	fn7c3r2	C
2020-04-12 15:26:42.445607	u/baharc137	fn7ediz	u/SteelBunny52	fn6zr1f	C
2020-04-12 15:26:44.140807	u/CoffayKranzen	fn7edmy	u/Elvin__	fn6a4vv	C
2020-04-12 15:27:15.937816	u/GodThisTakesTime	fn7efb2	u/iAteAMorty	fn6v451	C
2020-04-12 15:27:31.498269	u/Boodje_Uitstelgedrag	fn7eh0k	u/TriciaLange	fn77zkj	C
2020-04-12 15:27:50.887760	u/Fluffuchs	fn7ei74	u/LeftWingPropaganda_	fn77p6x	C
2020-04-12 15:28:11.499600	u/_skrunt_	fn7eiwo	u/EdwinDimik	fn53oob	C
2020-04-12 15:28:34.482114	u/KRMS123	fn7ejqe	u/Kingsayz	fn7ckzr	C
2020-04-12 15:28:59.942686	u/You_Got_yeeted	fn7elle	u/Canadianstig77	fn7ee7j	C
2020-04-12 15:29:03.353254	u/aLiquidFrigus	fn7em8x	u/june-bug-69	fn7ehx0	C
2020-04-12 15:29:04.494985	u/Seabassti0n	fn7emei	u/TwicerUpvoter	fn6y2wv	C
2020-04-12 15:29:20.975443	u/Beezuk	fn7enrm	u/the-big-stupid	fn7dey9	C
2020-04-12 15:29:39.599809	u/pickler_rick2	fn7epqk	u/KronosX3T	fn7ai0z	C
2020-04-12 15:29:55.513230	u/XmystykX	fn7eqly	u/Bruh_Bot_	fn6vdf0	C
2020-04-12 15:30:28.739496	u/hey-how-are-you--	fn7ernw	u/Dennis_Ryan_Lynch	fn6y3am	C
2020-04-12 15:30:52.028127	u/Tomoo_	fn7esq1	u/NDOfficial	fn7eps3	C
2020-04-12 15:31:09.852431	u/Billy_Rocks	fn7ett4	u/OctorDocktoberfest	fn6z2nm	C
2020-04-12 15:31:43.716565	u/GUSTHEBUS4069	fn7ev8v	u/ShySwimmerGuy	fn790es	C
2020-04-12 15:31:53.806559	u/PokefoxGB	fn7evm4	u/MCServerHoster	fn7edqm	C
2020-04-12 15:32:30.977163	u/Jonmrossmaur	fn7ex1j	u/MyJelloJiggles	fn1zz2l	C
2020-04-12 15:32:57.549302	u/WoooGuy	fn7eyla	u/xx_deded_xx	fn6kvmv	C
2020-04-12 15:32:59.766153	u/minesaurus	fn7eymd	u/Dragon882828	fn726yg	C
2020-04-12 15:33:26.302583	u/PatrickTheLid1337	fn7ezbf	u/SteelBunny52	fn7ef9u	C
2020-04-12 15:33:57.066346	u/asder517	fn7f0p4	u/jackaboi3131	fn7dr79	C
2020-04-12 15:34:23.656810	u/THICC_CHUNGUS420	fn7f23q	u/RandomStranger1776	fn7eo9o	C
2020-04-12 15:34:45.771196	u/SantiFC12	fn7f32y	u/ToasterDust	fn6i8gn	C
2020-04-12 15:35:10.865590	u/ChewBoiDinho	fn7f4vb	u/RepostSleuthBot	fn4es5e	C
2020-04-12 15:36:25.679587	u/BrieDog121	fn7gwbr	u/Master_JBT	fn7gjks	C
2020-04-12 15:36:29.071605	u/dariusbogdanoiu	fn7gwcl	u/lilisasai	fzugwz	S
2020-04-12 15:36:43.654493	u/Stendemen3105	fn7gwyl	u/MaximaBlink	fn7gpjt	C
2020-04-12 15:36:48.118132	u/gaynibroalready	fn7gx9t	u/Synka	fn72vah	C
2020-04-12 15:37:22.397954	u/woofkaat	fn7gzb8	u/2003LexusES300	fn7gtga	C
2020-04-12 15:38:05.126585	u/navehziv	fn7h1qa	u/its-treason-then-	fkiefj3	C
2020-04-12 15:38:46.759835	u/zLightningz	fn7h3vm	u/xtrozia	fn757g3	C
2020-04-12 15:39:11.196803	u/nokkela	fn7h5mb	u/TwicerUpvoter	fn6y2wv	C
2020-04-12 15:39:18.986812	u/jonnyisdead310	fn7h6a2	u/Companyinc	fn7gl8q	C
2020-04-12 15:39:34.904894	u/phoebe-the-fatty	fn7h6su	u/FlamingHawk904	fn7agd9	C
2020-04-12 15:40:14.458214	u/Tobileroni	fn7h8pk	u/Mackimations	fn7e7ao	C
2020-04-12 15:40:21.911081	u/ClassyJacket	fn7h8tw	u/RokieVetran	fn73tka	C
2020-04-12 15:40:31.534377	u/IshYume	fn7h97o	u/Bantabury97	fn7fxy3	C
2020-04-12 15:42:02.962361	u/tyfergie29	fn7hda9	u/AHeldalil	fn7gi5w	C
2020-04-12 15:42:17.302373	u/CINNAMON_2	fn7hdvn	u/The_Unknown_Idiot	fn7gsqn	C
2020-04-12 15:42:19.616694	u/RedMaster135196	fn7hdzv	u/EggrullMan	fn7dz4y	C
2020-04-12 15:42:40.911198	u/Off_white_emporer	fn7hf7f	u/rhuffman4645	fn7dve8	C
2020-04-12 15:43:26.588601	u/MushosAdventures	fn7hgx7	u/Marshmallowboi0194	fn76x79	C
2020-04-12 15:43:55.245662	u/yaelfe7	fn7hhzy	u/TheChocolateCray	fn79nza	C
2020-04-12 15:43:57.420593	u/Totex07	fn7hi3o	u/MarikodoLP	fn7es35	C
2020-04-12 15:43:59.544962	u/Ibeatmyclock	fn7hi52	u/Trefor_Bws	fn7dx9b	C
2020-04-12 15:44:07.156925	u/bigboyscherp	fn7hil3	u/KewlKatzKaden	fn7hh7w	C
2020-04-12 15:44:35.009838	u/Fearfanfic	fn7hjfn	u/Delta_doggo	fn7etei	C
2020-04-12 15:44:45.103670	u/PongSoHard	fn7hjt4	u/IceSango	fn6zak6	C
2020-04-12 15:44:54.201070	u/zavalaismydaddy	fn7hk6d	u/sillygoose234	fn73syq	C
2020-04-12 15:45:14.023257	u/itsasecretidentity	fn7hles	u/Stainful-Steel	fn67rph	C
2020-04-12 15:46:07.299055	u/_Warsheep_	fn7hogv	u/MurseNaygen	fn6zalx	C
2020-04-12 15:47:52.357414	u/Hardislav	fn7hurv	u/Cthugh	fn77afz	C
2020-04-12 15:48:04.658771	u/igetbeat69	fn7hvoz	u/FelloMello4	fn6w64c	C
2020-04-12 15:48:16.893460	u/InfamousLlama_5	fn7hwrz	u/elcoco_93	fn7dfgf	C
2020-04-12 15:48:39.059381	u/Multiverse_Traveler	fn7hy0p	u/Synka	fn72vah	C
2020-04-12 15:49:06.931778	u/imakecrapmemes	fn7hzjc	u/PieceOfCringePie	fn7hxhb	C
2020-04-12 15:49:08.674910	u/MapleSyrup789	fn7hzmw	u/Noney-Buissnotch	fn7hru7	C
2020-04-12 15:49:17.766507	u/theplopster	fn7i0bz	u/WytBandit	fn5y0n3	C
2020-04-12 15:49:22.777139	u/Montikorricus	fn7i0ss	u/Ac_DrAgOn_	fn7giyg	C
2020-04-12 15:49:32.466373	u/scandura_rupe_fasu	fn7i1te	u/Gr1m_R33f3R	fn7h2fa	C
2020-04-12 15:51:26.801001	u/CapitanoRofl	fn7i5nd	u/EllaGamerOwO	fn6q3xk	C
2020-04-12 15:51:45.782607	u/my-dad-do-the-wrape	fn7i74e	u/xXTheDudeAbideXx	fn6qph4	C
2020-04-12 15:52:02.413828	u/alan-pp	fn7i7t2	u/Cromated	fn6ybu5	C
2020-04-12 15:52:11.154026	u/malamhitam	fn7i7z7	u/rasse__	fl9vvo7	C
2020-04-12 15:53:37.485416	u/Galaticbruh	fn7icj3	u/Ibeatmyclock	fn7hh5s	C
2020-04-12 15:53:47.684205	u/sinbintintin	fn7id0l	u/weirdobeardo123	fn75kur	C
2020-04-12 15:54:02.384601	u/dominicwedin	fn7idj1	u/St_Orange	fn7b8d5	C
2020-04-12 15:54:16.412282	u/ankepankee	fn7ieua	u/TheRedditAtom_YT	fn7g1b4	C
2020-04-12 15:54:39.703371	u/AlVer_Grandav	fn7ifqb	u/13_sidd	fn7egck	C
2020-04-12 15:55:21.417966	u/bigboifranklin	fn7igsu	u/antoniohfernandes	fn7i7k0	C
2020-04-12 15:55:23.384504	u/IronMK5	fn7igtg	u/GrayTextbook	fn7idrx	C
2020-04-12 15:56:03.010150	u/DzntZ9966	fn7iit8	u/Elvin__	fn6gzne	C
2020-04-12 15:56:27.614173	u/RonaldMcDonald42069	fn7ikii	u/JustUpvote69	fn6suvw	C
2020-04-12 15:56:41.119242	u/ajajsa	fn7il4v	u/BedabooMipBim-Bim	g01wkw	S
2020-04-12 15:57:24.650611	u/OrdinaryInspector5	fn7indq	u/__UnknownEntity__	fn7hrau	C
2020-04-12 15:57:30.692204	u/maarrz	fn7injo	u/Kakarot_faps	fn7f8w1	C
2020-04-12 15:57:36.741216	u/Sweetkimmie67	fn7insj	u/Remy10Reddit	fn7hjyz	C
2020-04-12 15:58:46.620268	u/alan69xd	fn7is4j	u/Your_Nightmare_Fuel	fn7i4iz	C
2020-04-12 15:58:56.134273	u/ninjapenguin303	fn7isqa	u/ewan57	fn7iqpm	C
2020-04-12 15:58:57.390223	u/vkashyape	fn7isqy	u/TheMafiaRulez	fn7ioc9	C
2020-04-12 15:59:04.641544	u/maarrtee	fn7itda	u/ServeTheRealm	fn66hfo	C
2020-04-12 15:59:44.894069	u/PureChef	fn7ivpe	u/Xiaodisan	fn7hy8u	C
2020-04-12 15:59:58.808071	u/OhDannyBoii	fn7iwxw	u/DuckfordMr	fn4epx7	C
