2020-04-07 18:00:16.729715	u/the-OG-darkshrreder	fmqbxm7	u/Wolfshadow309	fmpq4b3	C
2020-04-07 18:00:20.449971	u/Taldius175	fmqbxt7	u/MoldyGo	fmqb8cy	C
2020-04-07 18:01:01.841729	u/makoto20	fmqbyw7	u/harrypotter-gal	fmotazt	C
2020-04-07 18:01:36.796547	u/Korblox101	fmqc001	u/coyotesarecunts	fmq1o9c	C
2020-04-07 18:01:46.251718	u/SoulArcher916	fmqc0f3	u/JustWantGoodM3M3s	fmq9mqd	C
2020-04-07 18:02:04.088294	u/Asphalt_Is_Stronk	fmqc1ld	u/RepostSleuthBot	fmqbtqw	C
2020-04-07 18:03:18.499160	u/iicatmen	fmqc54w	u/InternetMeme69	fmqax0p	C
2020-04-07 18:04:39.162748	u/IgnorantCow2000	fmqc8qg	u/Justin_The_Fox2	fmqc7xb	C
2020-04-07 18:04:44.381131	u/omnicard	fmqc8xw	u/Bruh_Bot_	fmqc5q9	C
2020-04-07 18:05:14.211345	u/Jannib1	fmqca6g	u/Chair-peace75	fmq910g	C
2020-04-07 18:05:21.921056	u/180311-Fresh	fmqcai7	u/AllPowerfulPenguin	fmq8weu	C
2020-04-07 18:05:39.609196	u/ElRom1	fmqcars	u/gokuluca	fmpv82a	C
2020-04-07 18:05:46.716771	u/nk_konosh	fmqcb6g	u/Vexin25	fmq7r2b	C
2020-04-07 18:08:00.941847	u/littlelavenderdreams	fmqcgtv	u/hagathacrusty	fmph368	C
2020-04-07 18:08:11.649309	u/whoatherebuddycoolit	fmqchew	u/sakethc22	fmqbuqo	C
2020-04-07 18:08:18.616943	u/cme-13	fmqchrt	u/SociallyAwkward423	fmpvjm1	C
2020-04-07 18:08:57.200224	u/lXIrishNinjaXl	fmqcknh	u/Ozfolo	fmqbvin	C
2020-04-07 18:09:00.497776	u/EscherianGod	fmqcksr	u/BeNbUcKToO	fmprpux	C
2020-04-07 18:09:03.213595	u/Tobey_Maguire6969	fmqcktb	u/Troll-Hunter27	fmqchn5	C
2020-04-07 18:09:31.674575	u/Your_Last_Ink_Roll	fmqcmcn	u/CamaraCam	fmpyt60	C
2020-04-07 18:09:41.034201	u/c0mmunistBagel	fmqcndx	u/Soviet_Reddit	fmpyw9l	C
2020-04-07 18:09:56.358665	u/JamieTimee	fmqcoqo	u/broskiiii_4	fmqb3g6	C
2020-04-07 18:10:05.630175	u/FortyFortyTwo	fmqcpan	u/derpy427	fmpysxw	C
2020-04-07 18:10:32.600723	u/SupremeSinner	fmqcqed	u/Kobalt_Clutterphuck	fmqa8m0	C
2020-04-07 18:10:55.313189	u/R34DY_P14Y3R_1	fmqcrba	u/bense101	fmqcpx0	C
2020-04-07 18:11:27.140390	u/charlisaurus76	fmqcs1w	u/pixel-pixel_	fmq5bk4	C
2020-04-07 18:11:35.134422	u/Emanallison22	fmqcsal	u/Oopsalmostdroppedit	fmqcb4d	C
2020-04-07 18:11:38.394236	u/samonatam	fmqcsbg	u/O_K__B_O_O_M_E_R	fmqbyh0	C
2020-04-07 18:12:06.210936	u/ShenzenKG_1337	fmqctg6	u/LIcefoxL	fmp7dzo	C
2020-04-07 18:12:09.638977	u/Komet454	fmqctnj	u/WetWipe6414	fmqampf	C
2020-04-07 18:12:59.481526	u/rr_jo05	fmqcvi3	u/TheFlightlessPenguin	fmplot2	C
2020-04-07 18:13:10.275161	u/godlike_torben1	fmqcw0b	u/potatothetaco	fmqaq77	C
2020-04-07 18:13:57.937607	u/AjdinoX	fmqcy22	u/Feb-29-20	fmpl4gg	C
2020-04-07 18:14:22.070775	u/incredicali	fmqcz3r	u/BlueBanditThe1	fmqcqdq	C
2020-04-07 18:15:13.810211	u/Sp00nySp00nicus	fmqd15d	u/DonaldTrumpSucks_	fmlpduc	C
2020-04-07 18:15:16.855160	u/Honorable-Titan	fmqd1az	u/jessethe000	fmp7imy	C
2020-04-07 18:15:51.867607	u/Ifoundabucket	fmqd3js	u/Vasikus3000	fmqc6k5	C
2020-04-07 18:16:56.292670	u/CourageousLight	fmqd66k	u/chris-is-tht-a-weed	fmpywos	C
2020-04-07 18:17:47.878866	u/invalid_username74	fmqd8s1	u/j4mi3_69429	fmqcllz	C
2020-04-07 18:17:54.940778	u/Guntuss	fmqd8xf	u/Galaver1	fmqd2es	C
2020-04-07 18:18:03.180280	u/PKfire26	fmqd94y	u/nazis_must_hang	fmpanub	C
2020-04-07 18:18:20.431149	u/Bafib	fmqd9zl	u/IndependentDamage8	fmpyxou	C
2020-04-07 18:18:23.648576	u/Furny_D	fmqda76	u/SociallyAwkward423	fmpvjm1	C
2020-04-07 18:19:41.959665	u/julznrw	fmqdfkp	u/ghueber	fmpx1h0	C
2020-04-07 18:19:43.857529	u/Krystal4545	fmqdfnu	u/kyronyt	fmqcovh	C
2020-04-07 18:19:46.043667	u/839939386	fmqdfyy	u/ChaoticSquids210	fmqd6qz	C
2020-04-07 18:19:53.632639	u/SupremeApples	fmqdglt	u/Doggo_Tacos	fmqd66o	C
2020-04-07 18:19:56.627120	u/CrefyHun	fmqdgy1	u/apolloladdie	fmpfud8	C
2020-04-07 18:19:57.529407	u/Sthack6996	fmqdgzg	u/mal-Fn	fmpzeap	C
2020-04-07 18:20:30.810218	u/EliteNoble-Six	fmqdibt	u/CeleryKun	fmqdezi	C
2020-04-07 18:20:50.389947	u/Lorenzohampsterwheel	fmqdj90	u/Vivi-Ornitier	fwqkh7	S
2020-04-07 18:21:07.846441	u/Doombuck	fmqdjr0	u/ExtravagantMeme	fmpyl47	C
2020-04-07 18:21:37.579511	u/ShinyStar882	fmqdkcb	u/WinglessBone69	fmqdi95	C
2020-04-07 18:22:37.315980	u/Bigdoge3	fmqdmfm	u/fantastich_freidrich	fmp4nau	C
2020-04-07 18:24:54.962952	u/xathsmaticx	fmqdqp2	u/tangentbaker	fmq6kek	C
2020-04-07 18:24:57.120164	u/mom-ala-mode	fmqdqrd	u/demon-slayer-san	fmqd4o1	C
2020-04-07 18:25:02.721351	u/flarco77	fmqdqt6	u/2JDestroBot	fmq6r0i	C
2020-04-07 18:25:19.641380	u/Rektiosas	fmqdr9k	u/rnielsen776	fmqdo3x	C
2020-04-07 18:25:43.572931	u/FolivoraFabse	fmqds94	u/AdityaKuliyal1127	fmqd2oy	C
2020-04-07 18:25:45.515968	u/sovietcondoms	fmqdsbs	u/fartboxco	fmpzvh1	C
2020-04-07 18:25:55.991317	u/zooker22	fmqdsh7	u/Ndomballer	fmqdbaq	C
2020-04-07 18:26:00.933256	u/Erg0phobia	fmqdso6	u/flarco77	fmqdo1z	C
2020-04-07 18:26:13.269387	u/Obamobile420	fmqdt1x	u/_Silly_Wizard_	fmpicof	C
2020-04-07 18:26:18.629235	u/dickieb81	fmqdtb8	u/Metalhead_Memer	fmqctub	C
2020-04-07 18:26:53.763788	u/EggBegg	fmqdufm	u/python_boti	fmq1mr4	C
2020-04-07 18:27:13.637039	u/brightsky23	fmqduw7	u/nuadusp	fmq3puy	C
2020-04-07 18:27:59.889369	u/LilBeardGoPlay	fmqdwhb	u/TheDiabeticGuy	fmqdp91	C
2020-04-07 18:28:08.329162	u/CantEatDoritosNow	fmqdwqq	u/FlyingDuctape	fmq5bkh	C
2020-04-07 18:28:20.460479	u/PhoenixSoars	fmqdx7q	u/Fantastic_Ostrich	fmpbros	C
2020-04-07 18:28:27.656495	u/ThatCommunistKid	fmqdxtd	u/oofpods	fwodq5	S
2020-04-07 18:28:34.944640	u/geminibitchwhore	fmqdyck	u/Shinigami_Ichigo	fwmc2i	S
2020-04-07 18:28:37.068321	u/potatojoe21	fmqdyeg	u/LilGoughy	fmq9y3q	C
2020-04-07 18:28:39.353210	u/MadFalcon101	fmqdyjj	u/python_boti	fmq1s9t	C
2020-04-07 18:28:54.023413	u/439822222	fmqdz2q	u/Telesilla16	fmcyvwz	C
2020-04-07 18:29:05.279292	u/saturnvoyage	fmqdzv1	u/Catsrawesome80	fmq6xfi	C
2020-04-07 18:29:16.988927	u/timmyturner2169	fmqe0dq	u/Haritoo	fmpzx8p	C
2020-04-07 18:29:20.985169	u/canadianbacon2147	fmqe0jk	u/FandomTrashForLife	fmqcghd	C
2020-04-07 18:29:36.338157	u/imean___	fmqe1oo	u/LilBeardGoPlay	fmqdvl6	C
2020-04-07 18:29:52.007509	u/Obiwan-thehighground	fmqe332	u/Taralyth	fmqc16l	C
2020-04-07 18:29:52.824717	u/Exotic_Wrongdoer	fmqe33a	u/Dolittle41	fafuoyb	C
2020-04-07 18:30:38.985491	u/bwillkc70	fmqe59c	u/LoonyTitan	fmqdznx	C
2020-04-07 18:31:03.103021	u/jose_cruzz	fmqe5xl	u/Bread_Maker69	fmpxsls	C
2020-04-07 18:31:09.967061	u/couchtimes	fmqe6ew	u/vrigor1	fmpqovh	C
2020-04-07 18:31:26.034266	u/bioshock-lover	fmqe6zq	u/Wolfshadow309	fmpq4b3	C
2020-04-07 18:32:00.451226	u/joshua_the_eagle	fmqe84g	u/j4mi3_69429	fmqcllz	C
2020-04-07 18:32:03.963528	u/ToiLamAnimates	fmqe88l	u/shleyal19	fmp6tbz	C
2020-04-07 18:32:16.234857	u/The_parca	fmqe8b3	u/the-holy-father	fmpv1ul	C
2020-04-07 18:32:33.362208	u/Jackxson	fmqe8ze	u/puggiepuggie	fmo8ltl	C
2020-04-07 18:32:37.924923	u/nathanburrill	fmqe961	u/Ice_Buckets_Official	fmq7e5k	C
2020-04-07 18:33:47.065082	u/Jdropje8	fmqebwq	u/RepostSleuthBot	fmq4hel	C
2020-04-07 18:34:08.922910	u/CartierStreet	fmqec9k	u/FolivoraFabse	fmqds94	C
2020-04-07 18:35:17.401123	u/AidensUsername97	fmqeepi	u/Sam-Bennie	fmqb43v	C
2020-04-07 18:35:21.857487	u/styIxs	fmqeesr	u/Fireraptor99	fmorx05	C
2020-04-07 18:36:05.358390	u/Noporopo79	fmqegrb	u/HMU5743	fmpn9qb	C
2020-04-07 18:36:10.996544	u/SolaireFan	fmqeh6g	u/OhNoASharknado	fmpuz07	C
2020-04-07 18:36:39.329803	u/Wooders0407	fmqeicm	u/Krystal4545	fmqedor	C
2020-04-07 18:37:35.915251	u/henr551d	fmqekcg	u/nuadusp	fmq3puy	C
2020-04-07 18:37:53.324343	u/Chosronu	fmqekya	u/Illuminaso	fmqc58l	C
2020-04-07 18:39:03.004982	u/Real_G420	fmqeonn	u/python_boti	fmpt4ng	C
2020-04-07 18:39:06.202450	u/coolcolton101	fmqeori	u/saturnvoyage	fmqdzv1	C
2020-04-07 18:39:10.624337	u/Satire_Bible	fmqep2k	u/Sbros2	fl65naz	C
2020-04-07 18:39:41.058484	u/anon-oniichan	fmqerfg	u/humpbertSD	fmq8cru	C
2020-04-07 18:39:43.228997	u/spring_springer	fmqerhk	u/CrunchyTacooos	fmqec0r	C
2020-04-07 18:39:59.970388	u/W_O_O_SH	fmqetbm	u/Rektiosas	fmqec7f	C
2020-04-07 18:40:02.640287	u/Dakopen	fmqetdo	u/BeNbUcKToO	fmprpux	C
2020-04-07 18:41:25.882506	u/Despacito_72	fmqgkz2	u/SpecificOceanGM	fmqg5m9	C
2020-04-07 18:41:48.608116	u/lemonpizzanothanks	fmqgleo	u/SpecificOceanGM	fmqg5m9	C
2020-04-07 18:42:27.271393	u/giddygnu	fmqgm6a	u/jmulderr	fmqab04	C
2020-04-07 18:42:46.424584	u/ExpertGoldFishActor	fmqgmmz	u/LeCoronavirus	fmqg8tp	C
2020-04-07 18:43:40.392018	u/ValeraBahleyUA	fmqgnwx	u/Gabou374	fmqg2x0	C
2020-04-07 18:44:38.021098	u/raade2003	fmqgpgl	u/Walmart_kid65	fmq6agx	C
2020-04-07 18:46:03.047834	u/boahmali	fmqgrru	u/kyronyt	fmqdo0o	C
2020-04-07 18:46:31.282967	u/always-classic	fmqgsgj	u/LenoxSpeed	fmqanrg	C
2020-04-07 18:46:41.327173	u/Senfgestalt	fmqgslp	u/suckmytoes321	fmqfi1x	C
2020-04-07 18:48:02.560055	u/MamaMoosicorn	fmqgv6d	u/Wooders0407	fmqg2pm	C
2020-04-07 18:48:24.971776	u/LemonTheHeavyMain	fmqgvud	u/Adanta47	fmqf71g	C
2020-04-07 18:48:52.580103	u/DoggoTheOriginal	fmqgwn6	u/lordofthesnoos	fmq8lio	C
2020-04-07 18:49:12.955022	u/YEET-the-Knife	fmqgxiq	u/JR091	fwue7p	S
2020-04-07 18:49:22.437677	u/Dr-Eggbert572	fmqgxon	u/Ar_to	fklbvzl	C
2020-04-07 18:49:42.635757	u/DaTruInsert	fmqgyx3	u/destroyerx230x	fmoqopp	C
2020-04-07 18:49:52.215724	u/Techstoreowo	fmqgzf5	u/Danle1036	fmqgy94	C
2020-04-07 18:49:59.931854	u/Golaso93	fmqh01u	u/TheOnlyCat12321	fmkil81	C
2020-04-07 18:50:09.268951	u/FunniestShitIEvaSeen	fmqh0ek	u/IDKAboutThis12554	fmqgwqb	C
2020-04-07 18:50:42.954000	u/Obnition	fmqh1dt	u/Leelluu	fmq999h	C
2020-04-07 18:51:28.509377	u/bacon-och-makaroner	fmqh2cy	u/stickycreamcheese	fmq04ja	C
2020-04-07 18:52:08.093001	u/juamcaca131313	fmqh37s	u/lilnocks	fmq6q6o	C
2020-04-07 18:52:12.356226	u/1ihavenoidea1	fmqh384	u/Justin_The_Fox2	fmq95ih	C
2020-04-07 18:52:55.665965	u/takeapinchoftheminch	fmqh468	u/invalid_username74	fmqd8s1	C
2020-04-07 18:53:28.567811	u/Fortrez06	fmqh5ix	u/Peingou	fmq8bfl	C
2020-04-07 18:54:42.778612	u/jleezyandkbbq	fmqh6x5	u/mastoid45	fmq43b6	C
2020-04-07 18:55:11.978244	u/SomeDudeSayingHey	fmqh7rv	u/phil_the_hungarian	fmqh6m1	C
2020-04-07 18:55:33.272703	u/Bot-Bashd	fmqh8ih	u/PintoBean123	fmqh6jm	C
2020-04-07 18:56:04.029267	u/JasperTheGhostBoi	fmqh99f	u/crackslet123	fmq9fmh	C
2020-04-07 18:56:09.118825	u/Eye_of-the_storm	fmqh9dt	u/AllPowerfulPenguin	fmqfz7v	C
2020-04-07 18:56:13.594784	u/lil_revenue	fmqh9gb	u/Vivi-Ornitier	fwqkv6	S
2020-04-07 18:56:31.584082	u/WhoaBroEatYourFries	fmqh9v9	u/Wondervv	fmqh83k	C
2020-04-07 18:57:06.318579	u/matthewkerr445	fmqhams	u/phil_the_hungarian	fmqh82b	C
2020-04-07 18:57:12.476757	u/PARR0T123	fmqhb9x	u/shleyal19	fmp6tbz	C
2020-04-07 18:57:22.899641	u/MIST110	fmqhbis	u/DeathToTheFalseGods	fmqh3zm	C
2020-04-07 18:57:43.383209	u/thatsabigburrito	fmqhcbb	u/NiMe_3	fmqgsbx	C
2020-04-07 18:57:49.352745	u/Jimbo77_	fmqhcx8	u/Korblox101	fmqc001	C
2020-04-07 18:58:01.220925	u/absolute-biscuit	fmqhd72	u/ghueber	fmpx1h0	C
2020-04-07 18:59:35.474329	u/jayyy03277	fmqhgp5	u/MurphyTheStix	fmqgwv1	C
2020-04-07 18:59:43.960631	u/Hairyhalflingfoot	fmqhhrl	u/-GiantSlayer-	fmpx3xp	C
2020-04-07 18:59:50.840245	u/Emanuel127	fmqhi12	u/BRADDERZ2K8	fmqhalz	C
2020-04-07 18:59:55.338188	u/ivviesaur	fmqhi49	u/woodendoors7	fmqeqbk	C
