2020-03-30 09:00:04.354080	u/TheRealMicrowaveSafe	flx1oj4	u/___Hobbes	flx0a2u	C
2020-03-30 09:00:17.384523	u/nephilim80	flx1owy	u/Fantastic_Ostrich	flx071b	C
2020-03-30 09:00:29.961620	u/HOMERUNHITTER900	flx1pce	u/Centurian1337	flvwu73	C
2020-03-30 09:00:39.294497	u/ThatLowtideAroma	flx1pmk	u/m4a1pewpew	flwa1fh	C
2020-03-30 09:00:55.845122	u/nalyd1130	flx1qa3	u/crispy360	flx1p24	C
2020-03-30 09:01:00.585574	u/SilverSparrow14	flx1qg2	u/racerfree	flwqr1t	C
2020-03-30 09:02:05.678386	u/MiniDropZ	flx1s0t	u/PsyLich	flx1ayz	C
2020-03-30 09:02:18.565779	u/zubotai	flx1sfr	u/Occamslaser	flwwr3h	C
2020-03-30 09:02:58.551178	u/broomhandle77	flx1tqh	u/dense111	flwwws9	C
2020-03-30 09:03:33.408959	u/Danolix	flx1uq6	u/Temkalhk	flwtczy	C
2020-03-30 09:03:42.349119	u/suchdownvotes	flx1v1w	u/___Hobbes	flwxvre	C
2020-03-30 09:03:58.267435	u/Nomadic_hoe	flx1vjj	u/racerfree	flwjfch	C
2020-03-30 09:04:28.004166	u/Mm-mm_yeah	flx1whn	u/CrusaderDM	flwzsv1	C
2020-03-30 09:04:31.152860	u/Bookqueen12	flx1wl4	u/notmyname5670	flx062f	C
2020-03-30 09:04:48.278214	u/MajorNicki	flx1xd2	u/Sameloff	flwu2o5	C
2020-03-30 09:04:59.078265	u/Sarez6753	flx1xkj	u/mhaziq69	flx0yx1	C
2020-03-30 09:05:32.557432	u/fostermango	flx1z7p	u/FlippinJace	flx1flm	C
2020-03-30 09:05:37.353735	u/Danolix	flx1zhp	u/LeCrushinator	flwumez	C
2020-03-30 09:05:39.998553	u/PaulOrtega89	flx1zj0	u/5ky999	flx1cnp	C
2020-03-30 09:05:42.040510	u/ilovesmesomememes	flx1zmh	u/watersj4	flx1vod	C
2020-03-30 09:05:45.745722	u/MartyMcMcFly	flx1zre	u/Maxi25554	flwqelj	C
2020-03-30 09:05:47.633332	u/garf87	flx1zsj	u/genital_rot	flwrp3y	C
2020-03-30 09:06:00.678425	u/veggieboy08	flx205w	u/uncl3mar1k	flx1ojs	C
2020-03-30 09:06:16.781912	u/Casne_Barlo	flx20nh	u/realsies11	flwos28	C
2020-03-30 09:06:36.350814	u/Hasain02	flx21i6	u/Swishgaming68	flwxex3	C
2020-03-30 09:06:45.312729	u/someperson877	flx21rc	u/iArena	flw3wex	C
2020-03-30 09:07:21.945712	u/philomath9	flx22u4	u/Temkalhk	flwtczy	C
2020-03-30 09:07:36.723458	u/NerdsStatsFacts	flx23eo	u/zzzccardinal	frmmc4	S
2020-03-30 09:07:59.128730	u/De-z	flx240z	u/bjlowe	flwxa9b	C
2020-03-30 09:08:43.533793	u/aew360	flx25j5	u/Drub404	flwrlhb	C
2020-03-30 09:08:53.856022	u/Traincrazykid	flx25uj	u/DidIFicsDis	flx0j6n	C
2020-03-30 09:09:01.194224	u/a-video-game-player	flx2684	u/Wave_the_seawing	flwz0g3	C
2020-03-30 09:09:08.503953	u/Just_logan15	flx26of	u/HeyExistentialCrist_	flx00t8	C
2020-03-30 09:09:25.163672	u/SpectralOwl69	flx27th	u/Addian4	frmzzs	S
2020-03-30 09:09:35.530251	u/Traincrazykid	flx28pt	u/DidIFicsDis	flx288b	C
2020-03-30 09:09:41.125345	u/IcyFrxst	flx28wh	u/Wireproofplays	flx0mhy	C
2020-03-30 09:09:44.587940	u/Dragon-Engine	flx2904	u/4_FJX	flx0yd5	C
2020-03-30 09:09:51.540892	u/DarthReece8607	flx29aw	u/Temkalhk	flwub08	C
2020-03-30 09:10:33.163680	u/CandidManner	flx2b4h	u/Frosty_Clown	flx0jv4	C
2020-03-30 09:10:42.137154	u/sathdo	flx2b91	u/frostybunz	frm2bq	S
2020-03-30 09:10:52.231104	u/shadowted	flx2beh	u/Dragon-Engine	flx2904	C
2020-03-30 09:11:09.313412	u/DavidRLTG	flx2btc	u/a-video-game-player	flx2684	C
2020-03-30 09:11:44.660837	u/Luna_Milkmoon	flx2clk	u/DetalPy	flwdwzn	C
2020-03-30 09:11:59.273330	u/First_Cauliflower	flx2d1m	u/Turbulent-Policy	flwrbqp	C
2020-03-30 09:12:15.814478	u/yuffieisathief	flx2dp8	u/sheIIby	flwz8xk	C
2020-03-30 09:12:20.405344	u/IchDonald4444	flx2dre	u/nkpower49	flwuz3n	C
2020-03-30 09:12:33.370557	u/Kazuto_Asuna	flx2e2o	u/pootisman64	flwtdol	C
2020-03-30 09:12:47.492631	u/c0rruptch33se	flx2enb	u/StellarSong	flwsbl3	C
2020-03-30 09:12:54.061857	u/Polpm18	flx2esp	u/RepostSleuthBot	flwyyvx	C
2020-03-30 09:13:05.998312	u/Don_Slade	flx2f4w	u/IxX-jupiter-XxI	flx2ag7	C
2020-03-30 09:13:37.285701	u/chalseychat	flx2fz3	u/shrekisthekingofmeme	flwlg8s	C
2020-03-30 09:13:39.503857	u/MollochLP	flx2g05	u/Trvchn	flws0da	C
2020-03-30 09:14:20.327440	u/FatxSpliffs	flx2hdy	u/RepostSleuthBot	flwtmsh	C
2020-03-30 09:14:30.650852	u/mkayyas	flx2hk6	u/reddit-emoji-police	flx2fsd	C
2020-03-30 09:14:33.985110	u/Roadhouse0325	flx2hor	u/Anime_trashh	flwvq3t	C
2020-03-30 09:14:36.241295	u/__Lloyd__	flx2hpt	u/StellarSong	flwsbl3	C
2020-03-30 09:14:41.122924	u/blackRNA	flx2hui	u/racerfree	flwlrj5	C
2020-03-30 09:14:55.150521	u/__Lloyd__	flx2iif	u/BattlebeeUltor	flwtp4g	C
2020-03-30 09:15:02.204717	u/seal_fox	flx2inl	u/DarthReece8607	flx29aw	C
2020-03-30 09:15:15.963834	u/wewill13	flx2j5n	u/RepostSleuthBot	flwy8to	C
2020-03-30 09:15:28.408617	u/Bread_Bear_Boi	flx2jut	u/TemperedFiddles	flx2izq	C
2020-03-30 09:15:53.272497	u/Tenacious_07	flx2kcn	u/BillNyeTheElonGuy	flx25ei	C
2020-03-30 09:16:02.836707	u/DiscreteWheat	flx2kn4	u/generiCoff	flx2cl0	C
2020-03-30 09:16:09.604568	u/MrBushcamper	flx2krj	u/KINGAWESOME266	flwzn99	C
2020-03-30 09:16:17.417788	u/MoffKalast	flx2l3v	u/redditlurkin69	flwzm6y	C
2020-03-30 09:16:41.632676	u/kjdflskdjf	flx2lz4	u/Drooden	flwx9lz	C
2020-03-30 09:16:52.172346	u/JxstNob0dy	flx2m6r	u/___Jesus__Christ___	flwu2l1	C
2020-03-30 09:16:56.763816	u/OniOne_314	flx2mg8	u/wilberwinds	flwont9	C
2020-03-30 09:17:03.692269	u/ketaMAMfetamine	flx2n2o	u/Dravos69420	flwu1gj	C
2020-03-30 09:17:06.459106	u/Hyper98	flx2n7f	u/no_u17	flwnqw0	C
2020-03-30 09:17:13.900057	u/sracastisarcastic	flx2ni9	u/Doehap	flx2lzp	C
2020-03-30 09:17:22.501204	u/them0untaingoat	flx2nw8	u/heroios2000	flwzjh1	C
2020-03-30 09:17:34.949585	u/blackmask229	flx2o77	u/AK24ROCKS	flwqaii	C
2020-03-30 09:18:26.647745	u/l33tperson	flx2r2y	u/warptwenty1	flwqopp	C
2020-03-30 09:18:56.470420	u/RoyalRien	flx2sqg	u/CaueOPvP	flx0rn0	C
2020-03-30 09:19:08.156990	u/destroLegend	flx2t9p	u/shrekisthekingofmeme	flwlg8s	C
2020-03-30 09:19:09.526119	u/PhoneJazz	flx2tax	u/LeCrushinator	flwumez	C
2020-03-30 09:19:18.691009	u/Qdyse	flx2txp	u/Solpoteten	flwypdr	C
2020-03-30 09:19:26.066110	u/joe-papi-the-first	flx2uf1	u/Mussolini_spagitti	flx2ip1	C
2020-03-30 09:19:37.578043	u/luigi_discord	flx2v9o	u/Despair4All	flwybsb	C
2020-03-30 09:19:53.290713	u/LaxLapo	flx2vr5	u/LogoDaPogo	flgjmm2	C
2020-03-30 09:20:00.232865	u/bubblegum007_	flx2whm	u/racerfree	flwqr1t	C
2020-03-30 09:20:04.180830	u/Aware-Law	flx2wlq	u/DifficultClimate7	flx1nac	C
2020-03-30 09:20:47.074083	u/AddAlcohol	flx2y42	u/CaninimTheGreat	flx2t1q	C
2020-03-30 09:21:02.535829	u/BillNyeIsTheFbi	flx2ylh	u/QuickMarsupial	flwh4lj	C
2020-03-30 09:21:05.986823	u/Pixel131211	flx2yt0	u/Samanody1	flwr6mt	C
2020-03-30 09:21:24.448023	u/this-os-bad	flx2z9a	u/Emperor_O_Memes	flx2623	C
2020-03-30 09:21:51.959044	u/erdminer	flx30ik	u/Jelyarms	flx28g0	C
2020-03-30 09:21:59.092449	u/Memezlol42069	flx30mx	u/Yanderman_EVOX	flwi7kn	C
2020-03-30 09:22:23.230591	u/Psychosgf	flx316z	u/kgiurtino	flv0343	C
2020-03-30 09:22:47.591578	u/Mike-Litoris_69420	flx32j1	u/shrekisthekingofmeme	flwlg8s	C
2020-03-30 09:22:51.903569	u/TrampledByTurtlesTSM	flx32pe	u/shrekisthekingofmeme	flwlg8s	C
2020-03-30 09:23:03.801882	u/Your-text-here	flx32w2	u/da_angry_bison	flnfw2z	C
2020-03-30 09:24:49.233863	u/TheRatlingGunner	flx37f4	u/drgamdefa	flwt4vr	C
2020-03-30 09:24:59.807510	u/MhemoEstoniola	flx37xt	u/Wave_the_seawing	flwz0g3	C
2020-03-30 09:25:31.020299	u/yusomadthofam	flx393a	u/epicmylife	flx0p2s	C
2020-03-30 09:25:57.189346	u/Denleborkis	flx3a6u	u/Cottoncandyskiesthrw	flw99cg	C
2020-03-30 09:26:02.943837	u/Meg_Bloackwood	flx3ac2	u/dense111	flwwws9	C
2020-03-30 09:26:04.909336	u/_HalfASmileZeroShame	flx3acu	u/them0untaingoat	flx2nw8	C
2020-03-30 09:26:12.310562	u/leonidos28	flx3afx	u/erdminer	flx30ik	C
2020-03-30 09:26:32.982858	u/conation	flx3bo9	u/Mussolini_spagitti	flx1tup	C
2020-03-30 09:26:44.185456	u/jnh_commander	flx3bzo	u/Areofax	flwzkui	C
2020-03-30 09:26:48.035527	u/Yusuf_Badaway	flx3c4s	u/FluuBk	flx1a5w	C
2020-03-30 09:26:58.013332	u/jimavramas	flx3cgj	u/Diamonds_are_Fake	flucbtd	C
2020-03-30 09:27:06.162278	u/yeet_on_my_feet_	flx3cqr	u/emilyisunavailable	flx37ny	C
2020-03-30 09:27:15.793920	u/GottaGoFapReally	flx3d5g	u/sqr42	flwtjg7	C
2020-03-30 09:27:47.760809	u/simakabrat	flx3efr	u/Oliver2112	flwpru8	C
2020-03-30 09:27:52.756330	u/englishcrusader2	flx3evr	u/Dark_Demon432	flwgrd8	C
2020-03-30 09:28:08.339033	u/BigBoi870	flx3fla	u/emilyisunavailable	flx37ny	C
2020-03-30 09:28:10.725276	u/shamwow_solvent	flx3fq0	u/Nyctophilite	flx3b3m	C
2020-03-30 09:28:19.704898	u/Inayasha25	flx3g0k	u/dense111	flwwws9	C
2020-03-30 09:28:28.421296	u/B--bunny	flx3gdl	u/RepostSleuthBot	flwzx9v	C
2020-03-30 09:28:55.659678	u/full_cholera	flx3h65	u/JustKebab	flx2z7n	C
2020-03-30 09:28:58.308468	u/NullAndVoid003	flx3h9n	u/Subham420	flx1dtc	C
2020-03-30 09:29:24.845522	u/semusama	flx3ihw	u/pootisman64	flwtdol	C
2020-03-30 09:29:38.999120	u/iamelroberto	flx3jhh	u/Harryb_allsack	flwsd1z	C
2020-03-30 09:29:46.729783	u/beautiful-soviet	flx3jrw	u/Wojakattak	flwzejf	C
2020-03-30 09:29:52.028809	u/Algalon_The_Observer	flx3k19	u/NGC2168	flwnrkf	C
2020-03-30 09:30:47.222429	u/Glarbstenford	flx3ls0	u/DIO_BRANDO1373	flx2xz0	C
2020-03-30 09:32:03.864293	u/1234532145	flx3o3u	u/zzzccardinal	frmmc4	S
2020-03-30 09:32:19.488000	u/DukeTeban	flx3ojm	u/DmMacniel	flx3gi2	C
2020-03-30 09:32:23.909057	u/Zoro_Dragneel	flx3oms	u/StellarSong	flwsbl3	C
2020-03-30 09:32:31.643079	u/dovis_senpai	flx3ovl	u/AK24ROCKS	flx3ms1	C
2020-03-30 09:33:15.275923	u/ArcadioII	flx3pva	u/Stupidlama42	flwvcqi	C
2020-03-30 09:33:51.994390	u/cakelover1123	flx3r44	u/zaicam1221	flvjltk	C
2020-03-30 09:33:58.702014	u/IMakeTheBestArt	flx3rlq	u/B_tchlasagna	flx3q7i	C
2020-03-30 09:34:03.069188	u/SimplyFishOil	flx3rq7	u/MOE-17	flwr6nm	C
2020-03-30 09:34:06.145141	u/thissithhitshisshit	flx3rsq	u/shrekisthekingofmeme	flwlg8s	C
2020-03-30 09:34:15.236303	u/Super_kitty369	flx3s0x	u/AutoModerator	flwq2mx	C
2020-03-30 09:34:48.645642	u/PandaRO23	flx3tek	u/OverpoweredSalad	flwzyc6	C
2020-03-30 09:34:57.472688	u/VirtualYT1	flx3tni	u/Ronaldo101010	flwwy08	C
2020-03-30 09:35:00.613674	u/Gogos1074	flx3tq3	u/Sceptilefriend	flx38ne	C
2020-03-30 09:35:12.484805	u/PotatoBoi_69	flx3u5z	u/HunchReddits	flx2rzv	C
2020-03-30 09:35:20.815341	u/philipp00w	flx3uns	u/Blizzard173	flwwgxp	C
2020-03-30 09:35:33.272820	u/ShiaBidoof	flx3uy8	u/end_amd_abuse	flwmnwm	C
2020-03-30 09:35:44.157999	u/Lord-Loss-31415	flx3v5t	u/AnakinsShowerDrain	flx3mk4	C
2020-03-30 09:35:49.364243	u/xeno_wulf	flx3v85	u/emmotionnal	flx3gfc	C
2020-03-30 09:36:23.238208	u/Moose__F	flx3wcw	u/StMarius455	flwtu2g	C
2020-03-30 09:36:29.668195	u/texsurfin	flx3wfk	u/StraightStrawberry5	flww10w	C
2020-03-30 09:36:54.094608	u/im_new42069	flx534t	u/Nacho8oy13	flwm9fo	C
2020-03-30 09:37:10.359366	u/GlamStachee	flx53tb	u/-Turning	flx50du	C
2020-03-30 09:37:21.591460	u/loucos05	flx5462	u/AidanOrsargos	flvt90j	C
2020-03-30 09:37:23.375874	u/DorkusMaximum	flx5466	u/tejpym	flx3c22	C
2020-03-30 09:37:39.652040	u/hummingb1rdPatronus	flx54tm	u/racerfree	flwqr1t	C
2020-03-30 09:37:47.805825	u/Toasty33	flx54yr	u/dhdndjdhh	flx1bhr	C
2020-03-30 09:37:57.005898	u/mmakram3477	flx55hs	u/luigi_discord	flx2v9o	C
2020-03-30 09:37:58.629605	u/expedia69	flx55lk	u/-Turning	flx50du	C
2020-03-30 09:38:23.335838	u/justadrylettuce	flx56wk	u/GuruMauli73	flwvkwg	C
2020-03-30 09:38:28.578705	u/SilverArchers	flx574k	u/genericredditname42	flx1yio	C
2020-03-30 09:38:32.866834	u/speeddex181	flx5796	u/shrekisthekingofmeme	flwlg8s	C
2020-03-30 09:38:35.760247	u/fatmanbigbomb	flx57by	u/DarnCommie	flwn482	C
2020-03-30 09:38:55.328207	u/bajirao__memelord11	flx58o7	u/StellarSong	flwsbl3	C
2020-03-30 09:38:57.476111	u/nel42069	flx58py	u/wilberwinds	flwont9	C
2020-03-30 09:39:38.692443	u/wolf_monarch	flx5am7	u/ur-fat-dad	flx4856	C
2020-03-30 09:39:45.120156	u/Yeer_of_the_rat	flx5b62	u/suchdownvotes	flwsn2d	C
2020-03-30 09:39:52.599831	u/Guardian983	flx5bny	u/GordonSucksAtLife	flvhjpc	C
2020-03-30 09:39:58.983310	u/thatonebritishkid	flx5csg	u/Gubq	fl5lyk4	C
2020-03-30 09:40:00.480047	u/Shreckyboi420	flx5cz2	u/AutoModerator	flwq9ru	C
2020-03-30 09:40:26.246741	u/Lil_Flame116	flx5de2	u/potters_heir	flws9f4	C
2020-03-30 09:40:41.219518	u/Ollie42invader	flx5e2o	u/Aeone3	flx533k	C
2020-03-30 09:41:50.694101	u/ricosmoss	flx5gax	u/Rupert_the_Llama	flwmdiu	C
2020-03-30 09:42:00.392022	u/camphongt	flx5gko	u/Sub2SmokeAlphaYt	flwtw3f	C
2020-03-30 09:42:02.678790	u/Caps4cup_39	flx5gmd	u/JazzistBoi402	flw5xym	C
2020-03-30 09:42:17.273650	u/Unknown-Throwaway666	flx5gzb	u/JimmyBoiHeh	flx57pv	C
2020-03-30 09:42:26.775419	u/ShakaBruhhh	flx5h7i	u/HollyDown	flx5721	C
2020-03-30 09:43:01.325122	u/darkegdgelookingass	flx5ihe	u/we_oopin	flx4f97	C
2020-03-30 09:43:12.506554	u/Manly_Tuna	flx5ixp	u/GlamStachee	flx5est	C
2020-03-30 09:43:46.508204	u/VeryGoodFood12	flx5jt7	u/Drub404	frmkix	S
2020-03-30 09:44:34.293069	u/fxkrebs	flx5lbi	u/shrekisthekingofmeme	flwlg8s	C
2020-03-30 09:44:38.840525	u/Xc_ihavememes	flx5ld8	u/ImACumWhore	flx57nq	C
2020-03-30 09:44:40.890283	u/CultOfHats	flx5lei	u/ThunderChezz	flwezie	C
2020-03-30 09:44:49.824967	u/Ed_H_1508	flx5llz	u/RepostSleuthBot	flx3rxw	C
2020-03-30 09:45:15.875541	u/FallingInOGs	flx5mp5	u/BattlebeeUltor	flx2ljz	C
2020-03-30 09:45:20.441205	u/Fangirl_InTheTardis	flx5mus	u/pi653	flwx1a7	C
2020-03-30 09:45:23.538681	u/expnob	flx5mwj	u/ProfessorChaos573	flwnjc2	C
2020-03-30 09:45:50.491255	u/Notredcheese321	flx5nwq	u/wolf_monarch	flx5am7	C
2020-03-30 09:45:52.457707	u/ReuahcsMKire	flx5nxh	u/Drub404	flx5n1p	C
2020-03-30 09:46:12.248427	u/Excalibur244	flx5oeu	u/KENOBIIIIIIII	flwq3z6	C
2020-03-30 09:46:27.885158	u/PM_ME_YOUR_MILK_PLZ	flx5ozz	u/Doge_Redditer	flwtg5e	C
2020-03-30 09:46:34.901933	u/ZzKillForJoyzZ	flx5pbf	u/mansyking00	flx5mo8	C
2020-03-30 09:46:37.522809	u/kaastapanade	flx5pe3	u/RoyalLight_	flwqwx5	C
2020-03-30 09:46:44.351350	u/CalamityQueer	flx5poy	u/Maxi25554	flwqelj	C
2020-03-30 09:47:03.137018	u/TuftyToaster	flx5qau	u/MANUT0	flx5cdd	C
2020-03-30 09:47:36.820064	u/Shadowstar619	flx5rrb	u/AK24ROCKS	flx5jn9	C
2020-03-30 09:47:40.278805	u/giulgu17	flx5rvp	u/biobuilder1	flx5q5h	C
2020-03-30 09:47:46.956940	u/dwculler	flx5sa8	u/TheMerryBerry	flw1kwx	C
2020-03-30 09:47:51.052719	u/dTrecii	flx5sep	u/LW23301	flx4tov	C
2020-03-30 09:48:01.992494	u/Scottneys	flx5sub	u/WhiskeyShade	flx1h52	C
2020-03-30 09:48:05.379414	u/GayNipple	flx5sz9	u/shrekisthekingofmeme	flwlg8s	C
2020-03-30 09:48:33.666522	u/Pineapplepansy	flx5ty7	u/Drub404	flwrlhb	C
2020-03-30 09:48:42.747111	u/wademcgillis	flx5ui2	u/defohuman	flx5psn	C
2020-03-30 09:49:06.908980	u/tempesttrash	flx5vya	u/alexCatalano	flx5ezb	C
2020-03-30 09:49:08.982559	u/altairila123	flx5w3r	u/theUnBannableHulk	flx3xeh	C
2020-03-30 09:49:29.643983	u/the-gayish-furry	flx5xkz	u/GorillaFace2	flsvcr8	C
2020-03-30 09:49:31.841352	u/Piston07	flx5xl6	u/Temkalhk	flwtczy	C
2020-03-30 09:49:45.017054	u/SneakyUnicornZ	flx5y7l	u/YandereAyaka	flvkkhg	C
2020-03-30 09:49:46.671653	u/Vergnossworzler	flx5ya5	u/NGC2168	flwnrkf	C
2020-03-30 09:49:49.565237	u/hsntrN	flx5yhk	u/AutoModerator	flx5ivi	C
2020-03-30 09:49:50.357796	u/Daddy_Issues_IRL	flx5yh7	u/racerfree	flwqr1t	C
2020-03-30 09:49:51.826416	u/Hunterine	flx5ylb	u/FatxSpliffs	flx25zb	C
2020-03-30 09:49:54.776913	u/arandomguy_yeet	flx5yon	u/Notredcheese321	flx5nwq	C
2020-03-30 09:49:59.449965	u/kingfreeman05	flx5zoa	u/meming_gamer	flwq7jj	C
2020-03-30 09:51:02.881539	u/ashiq__	flx61y4	u/sheIIby	flwsq37	C
2020-03-30 09:51:30.329007	u/96retsam	flx62p8	u/Donghoon	flx5vff	C
2020-03-30 09:51:54.042662	u/thecatsandthehound	flx63f2	u/holyspacegoat	flx1bqb	C
2020-03-30 09:52:00.987567	u/OVERRATEDADDICT	flx63tc	u/Gamers_Against_Thots	flwan9w	C
2020-03-30 09:52:04.387728	u/S4F0U4N3	flx63z3	u/JxstNob0dy	flx2m6r	C
2020-03-30 09:52:17.744202	u/Eqonesian	flx64ao	u/Drub404	flx5z1p	C
2020-03-30 09:52:20.013985	u/Fricking_Dang	flx64ay	u/Universalistic	flvvtwn	C
2020-03-30 09:52:41.636732	u/boultox	flx64zs	u/PM_ME_YOUR_MILK_PLZ	flx5s7o	C
2020-03-30 09:52:48.424564	u/Linkgooding	flx6573	u/kylec0909	flx5zwo	C
2020-03-30 09:53:08.019131	u/owenthetechie	flx65un	u/fualtyzane	flwekjn	C
2020-03-30 09:53:29.501997	u/Vinzlow	flx66ln	u/ksm-hh	flx2e18	C
2020-03-30 09:53:40.401443	u/Riki1996	flx66re	u/crunchycorndog2	flx5zu8	C
2020-03-30 09:53:44.564600	u/Napalm_B	flx66sh	u/enough-rope	flwvu2j	C
2020-03-30 09:53:46.720686	u/PapaSnow	flx66sx	u/Maxi25554	flwqelj	C
2020-03-30 09:53:50.077235	u/cardinalet	flx6705	u/LeftyLibra_	flws0k4	C
2020-03-30 09:54:18.255026	u/Tureo420	flx67tp	u/Pope_Of_Coke	flx4b0z	C
2020-03-30 09:54:20.409354	u/Icebanaan	flx67vr	u/Miloficent	flwq6wb	C
2020-03-30 09:54:26.059903	u/yipyiphuroo	flx6864	u/Concordia_chaos	fltq184	C
2020-03-30 09:54:34.789544	u/Trianite2	flx68jw	u/ZzKillForJoyzZ	flx64xi	C
2020-03-30 09:54:50.744993	u/DaHoomanCondition	flx68uz	u/RepostSleuthBot	flx5yev	C
2020-03-30 09:54:53.318093	u/Kenji-jjba	flx68xb	u/ImACumWhore	frlp3a	S
2020-03-30 09:55:12.344479	u/POVE_2005	flx69lp	u/glutis_maximus	flx5vk3	C
2020-03-30 09:55:20.431834	u/Codpasty	flx69n3	u/ThinkSkyFour	frcs8d	S
2020-03-30 09:55:25.407906	u/Freshy_platypus_913	flx69qt	u/N1111C4	flws9ay	C
2020-03-30 09:55:32.553471	u/EnvironmentalSystem9	flx69v7	u/DrMcClimateChange	flwvwnn	C
2020-03-30 09:55:54.323769	u/BenGaming112	flx6b1t	u/droneflyer35621	fluljh7	C
2020-03-30 09:56:32.160130	u/shanekonsky	flx6c3i	u/theodore_bundy_	flx5u35	C
2020-03-30 09:56:39.894096	u/BotMelon	flx6cem	u/waffle51_	flwx35y	C
2020-03-30 09:56:46.387610	u/891960	flx6cmi	u/Bugsmoke	flwwxmb	C
2020-03-30 09:57:04.149280	u/JR091	flx6d8j	u/shrekisthekingofmeme	flwlg8s	C
2020-03-30 09:57:10.835840	u/cheddarcheesechips	flx6d8w	u/shrekisthekingofmeme	flwlg8s	C
2020-03-30 09:57:22.513232	u/Randomness_Dotcom	flx6dla	u/Coolbob6666	flwgb8c	C
2020-03-30 09:57:42.777148	u/Lukewalton23	flx6ely	u/fualtyzane	flw7mro	C
2020-03-30 09:57:51.439429	u/neverqju	flx6eud	u/PotatoBoi_69	flx3u5z	C
2020-03-30 09:58:06.887461	u/RichardAngeIo	flx6fvm	u/AutoModerator	flwok1t	C
2020-03-30 09:58:13.571753	u/Imatrashcan31	flx6gaa	u/00psieD00psie	flx4esb	C
2020-03-30 09:58:32.079654	u/SkyMewtwo	flx6h3b	u/SeriousAudience	flx6egh	C
2020-03-30 09:58:48.323620	u/Tucker32123	flx6how	u/QuintessentialIdiot	flwxhd2	C
2020-03-30 09:58:59.706093	u/Serbiaball_	flx6i92	u/theking10526	flx0d9v	C
2020-03-30 09:59:09.476382	u/1ts2EASY	flx6it4	u/pootisman64	flwtdol	C
2020-03-30 09:59:12.837864	u/WTHKindaNameIsThat	flx6ixh	u/Occamslaser	flwwr3h	C
2020-03-30 09:59:28.683693	u/SilverTheSpy	flx6kvq	u/Uranus34	flx4g2q	C
2020-03-30 09:59:30.303615	u/gimmepizzaforlife	flx6kxd	u/Marrossii	flx1ijb	C
2020-03-30 09:59:38.641575	u/SquareTheM	flx6l8w	u/Trianite2	flx68jw	C
2020-03-30 09:59:56.649353	u/reaper-is-happy	flx6mr9	u/stonedlouk	flx17jz	C
