2020-04-06 19:00:09.174547	u/TabbyDeInkling	fmmwsfa	u/A2M0R0M4	fmls45t	C
2020-04-06 19:00:33.594979	u/fraancklyn	fmmwstx	u/alexer_01	fw7h1y	S
2020-04-06 19:00:42.907184	u/big-pp-boy	fmmwswz	u/DM_If_Feeling_Sad	fmmj8yz	C
2020-04-06 19:00:47.228544	u/JustWannaLiveQuietly	fmmwt09	u/pointedimposter143	fmm0le8	C
2020-04-06 19:01:38.396577	u/Lmnop861	fmmwubn	u/lvbdjrjdjdnb	fmkmnpe	C
2020-04-06 19:01:49.640497	u/avery5712	fmmwv3i	u/YourLocalCreep	fmmofej	C
2020-04-06 19:01:55.301481	u/jackiswag	fmmwvbx	u/red-potato-salad	fmmtwlg	C
2020-04-06 19:02:01.817259	u/WizardShrimp	fmmwvne	u/UpliftSpade	fmmv0gx	C
2020-04-06 19:02:07.305792	u/NigerianHam	fmmwvpo	u/ninthcircleofboredom	fmmcbik	C
2020-04-06 19:02:17.648480	u/xoSilverKnightxo	fmmww0p	u/DorkynatoR	fmlu7py	C
2020-04-06 19:02:25.433265	u/Hau5in	fmmww87	u/Morbanth	fmmk7zb	C
2020-04-06 19:02:31.768083	u/PartySlime76	fmmwwc7	u/Raccooccooccooccoon	fml1tzs	C
2020-04-06 19:02:35.411794	u/skitariidude	fmmwwex	u/Silver_molasses	fmlxtrk	C
2020-04-06 19:03:20.126255	u/letssacrificedobby	fmmwxox	u/-ButteredNoodles-	fmmwura	C
2020-04-06 19:03:36.694816	u/Statrix_	fmmwxt2	u/nobodyisnice	fmmwsf3	C
2020-04-06 19:04:04.389980	u/arandomcanadian128	fmmwz8z	u/MrsHDG	fmmwxex	C
2020-04-06 19:04:30.961696	u/ohlookmars	fmmx0ae	u/YayWereAllGonnaDie	fmmrs2h	C
2020-04-06 19:04:45.146039	u/ZurichianAnimations	fmmx0w2	u/Xukay333	fmlmpwb	C
2020-04-06 19:05:08.551474	u/NitroXityRealm	fmmx2a3	u/Meepster27	fmmqv22	C
2020-04-06 19:05:24.173656	u/SgtCalhoun	fmmx2zi	u/RussianDuck24	fmkpakx	C
2020-04-06 19:05:41.884338	u/Chill_LP	fmmx3zb	u/SanjinTheLegend	fmmwo5k	C
2020-04-06 19:05:47.228270	u/EMADAlhaddad	fmmx49c	u/joseph-mother-49	fw5r8u	S
2020-04-06 19:05:49.157662	u/Cole844	fmmx49e	u/janina4000	fmm6cvl	C
2020-04-06 19:05:59.308964	u/JustToExist779	fmmx4ll	u/down_vote_magnet	fmmbubr	C
2020-04-06 19:07:00.829340	u/Justvibewitmemes	fmmx7j7	u/TheMafiaRulez	fml9on5	C
2020-04-06 19:07:33.751544	u/iKingChon	fmmx8re	u/Noviceskilled96	fmm7nju	C
2020-04-06 19:07:38.775731	u/cengland10	fmmx8uo	u/Deviliant1	fmmuvfy	C
2020-04-06 19:07:41.880535	u/PlentyAntelope	fmmx91w	u/EndMePleaseGodEndMe	fmle8ns	C
2020-04-06 19:08:42.665993	u/MelLoN2190	fmmxdll	u/ASTEO1010	fmmxa1n	C
2020-04-06 19:08:54.361448	u/ItsTrueIDo	fmmxe4u	u/Emergency_Paperclip	fmmq676	C
2020-04-06 19:09:15.339321	u/Outsidethelimits	fmmxg8v	u/WeakBadUsername	fmmx7k9	C
2020-04-06 19:09:24.616020	u/Decidueye21295	fmmxh7g	u/hackosn	fmd94r9	C
2020-04-06 19:09:51.734001	u/Toms955	fmmxiy4	u/Croissant_Master	fmmpogt	C
2020-04-06 19:09:52.607787	u/Wojtas_Men	fmmxj50	u/Animeisgaebruhment	fmmmtxe	C
2020-04-06 19:10:14.441767	u/0_Laconic_0	fmmxlvk	u/IEatzCookies	fmmwbcv	C
2020-04-06 19:11:14.300736	u/makota-chan	fmmxofm	u/DarkArrowNew52	fmme4c6	C
2020-04-06 19:11:29.328696	u/Codiplee47	fmmxpih	u/nintendont2005	fmmxotn	C
2020-04-06 19:11:34.747896	u/mMewt	fmmxq4k	u/kaanscumming	fmm2std	C
2020-04-06 19:11:43.878456	u/DaFreakingFox	fmmxqff	u/jackerman1235	fmmxmfn	C
2020-04-06 19:12:38.122204	u/Rias_Lucifer	fmmxsxy	u/Soham_rak	fmme267	C
2020-04-06 19:12:50.195652	u/nintindowiiu	fmmxt6k	u/Plichso	fmm4zhn	C
2020-04-06 19:13:02.927729	u/thomdabomb22	fmmxttx	u/Toking_Ginger	fmmoga3	C
2020-04-06 19:13:06.036820	u/left8947	fmmxtzx	u/An0N-3-M0us3	fmmxr4h	C
2020-04-06 19:13:21.803897	u/Pflo550	fmmxul8	u/itzmatoy	fmmoxnd	C
2020-04-06 19:13:46.107939	u/buildv261_09	fmmxvfj	u/rndmzr153	fmmxsyx	C
2020-04-06 19:14:10.048736	u/Kandrich	fmmxwjz	u/EndMePleaseGodEndMe	fmliqds	C
2020-04-06 19:15:48.426088	u/KavavaK	fmmy0nv	u/ioofedmyslef	fmmvqxn	C
2020-04-06 19:15:57.550885	u/doyouknowthealphabet	fmmy11w	u/LJHavoc	fmmxz9y	C
2020-04-06 19:16:05.599498	u/Azvaar	fmmy1o0	u/UntakenUntakenUser	fmmsjpd	C
2020-04-06 19:16:14.923312	u/IdahoBornPotato	fmmy22c	u/BuckySpanklestein	fmmw16z	C
2020-04-06 19:16:30.239682	u/Lorde_Xeus	fmmy2ic	u/ISmellTakenUsernames	fmm5h5w	C
2020-04-06 19:16:49.393240	u/5352536488	fmmy492	u/RepostSleuthBot	fmmy3ax	C
2020-04-06 19:17:28.228520	u/red5478	fmmy5y8	u/rock_lee_555	fmmgufm	C
2020-04-06 19:17:32.083869	u/Fractured_Nova	fmmy618	u/VanashinGlory	fmmkew1	C
2020-04-06 19:17:36.854458	u/speznav_416	fmmy6a5	u/d_money_123	fmmcjcx	C
2020-04-06 19:18:13.882667	u/denis_is_boss	fmmy8di	u/Hu_M	fmmy5um	C
2020-04-06 19:18:16.197548	u/fred1545183	fmmy8jk	u/oBi_wAN_kENoBI______	fmkopge	C
2020-04-06 19:18:24.128017	u/ubdoo15	fmmy8xi	u/Doomss_	fmmx6np	C
2020-04-06 19:18:33.078105	u/Antivax6969	fmmy9bt	u/egle377	fmmy2m6	C
2020-04-06 19:19:15.733493	u/AkiraInugami	fmmyblp	u/brotherin45	fml4gf7	C
2020-04-06 19:19:25.722915	u/cinnamon11_24	fmmycyw	u/McEnderlan	fmkj50x	C
2020-04-06 19:19:47.855391	u/TheKeH20	fmmye1q	u/mcscusemebitchass	fmmxnlj	C
2020-04-06 19:19:56.170847	u/alivecake	fmmyevu	u/owllavu	fmmvso9	C
2020-04-06 19:19:58.528354	u/Yeet_The_Cheese	fmmyfcz	u/yahav1103	fmmsduq	C
2020-04-06 19:20:17.201058	u/vSkazio	fmmygnk	u/Thomas_473	fmmxrz3	C
2020-04-06 19:20:41.895490	u/Kabser	fmmyhrf	u/_Ender_Testicle_	fmmybfp	C
2020-04-06 19:21:54.245852	u/Rather_Not-Please	fmmyjg4	u/denis_is_boss	fmmyh4o	C
2020-04-06 19:22:22.607260	u/chouhuaidan	fmmyk96	u/inhale_my_buttcrack	fmmmnba	C
2020-04-06 19:22:24.891293	u/Capt_Caaaaveman	fmmykf3	u/samsquantch96	fmmxt63	C
2020-04-06 19:22:41.386338	u/IvanTheStale	fmmykuh	u/MrGenius9000	fmmvyww	C
2020-04-06 19:23:06.871040	u/jambam44	fmmym9u	u/BackFromTheDepths	fmmtrrr	C
2020-04-06 19:23:09.331312	u/Lord_Dino_Hat	fmmymae	u/RepostSleuthBot	fmmv9yv	C
2020-04-06 19:23:43.248797	u/Earthquakob	fmmynnn	u/Tech-Support-420	fmmx10m	C
2020-04-06 19:23:50.913371	u/Dio_Grande_	fmmynw4	u/Banana_On_Pizza	fml4zyc	C
2020-04-06 19:23:53.017666	u/Sanctity90	fmmyo2v	u/benzeneboi5792	fmlbe5u	C
2020-04-06 19:24:33.737037	u/ConglomeratePotato	fmmyqga	u/NMmrNice	fmmc0gh	C
2020-04-06 19:24:46.371755	u/Hoodedmaniac_360	fmmyr4o	u/dudumm	fmmedgs	C
2020-04-06 19:24:56.581481	u/daysofdakiel	fmmyrh4	u/StoopidSmort	fmlhj5j	C
2020-04-06 19:25:14.503431	u/Joe-Not-Slow	fmmysb8	u/thatone-human	fmmuver	C
2020-04-06 19:25:23.596140	u/Logelirim	fmmysqt	u/ABessa3Ds	fmmoyc2	C
2020-04-06 19:26:13.960597	u/WxmboCxmbo	fmmyuv7	u/Tumbler03	fmmyrbp	C
2020-04-06 19:27:23.623848	u/ganglionate	fmmyy2a	u/TheZenarck550	fmmux03	C
2020-04-06 19:27:30.530501	u/BadgerEatCheese	fmmyyb2	u/fl0wdeep	fmmy0yi	C
2020-04-06 19:27:56.185306	u/iforgotmybriefcase	fmmz042	u/AdvancedActions	fmlo6vp	C
2020-04-06 19:28:15.259791	u/livingquagmire	fmmz127	u/bigthinkmemes69	fmms21a	C
2020-04-06 19:28:23.861569	u/wise_jackass	fmmz1yq	u/Assasinana	fmmxeiu	C
2020-04-06 19:28:29.324261	u/renagadefam55	fmmz21o	u/CreepyPastaCool	fmmyjnj	C
2020-04-06 19:28:31.678516	u/gemdog70	fmmz269	u/Pflo550	fmmxul8	C
2020-04-06 19:29:12.001290	u/SoppyWolff	fmmz4vc	u/itzmatoy	fmmoxnd	C
2020-04-06 19:29:13.816390	u/_Piku_	fmmz4wy	u/F19XX	fmmwvq2	C
2020-04-06 19:29:23.341128	u/Kulovicz1	fmmz5dp	u/BigMood42069	fmmku3r	C
2020-04-06 19:29:34.036161	u/Dreadbeur	fmmz64f	u/thejokingwizard	fmmyuyu	C
2020-04-06 19:29:51.301471	u/dragonboss99	fmmz715	u/I_M_OUTATIME	fmmc5bw	C
2020-04-06 19:29:59.852678	u/haston97	fmmz7gd	u/Hanny_30060	fmmyzhv	C
2020-04-06 19:30:18.301120	u/NathanWXXI	fmmz8ep	u/LickitySpickity	fmmz1id	C
2020-04-06 19:30:26.109134	u/JesusIsEverything69	fmmz8rd	u/itzmatoy	fmmz3jk	C
2020-04-06 19:31:42.553216	u/HellorHeavens	fmmzbn6	u/Fractured_Nova	fmmy618	C
2020-04-06 19:31:55.963782	u/69-isthe-fun-number	fmmzbxv	u/LiL_BiG_BoI18	fmloeey	C
2020-04-06 19:32:13.023907	u/Wait-u-r-not-my-mom	fmmzcrt	u/Theoanger	fmmv1km	C
2020-04-06 19:32:17.644523	u/IWannaSlapDaBooty	fmmzcwr	u/Cachuchotas	fmmzaac	C
2020-04-06 19:33:28.416721	u/iFlexOnMyMom	fmmzg3w	u/Wesk333	fmmu2nd	C
2020-04-06 19:33:44.433814	u/DJJMX	fmmzgjf	u/VeryGoodKindSir	fmmlenn	C
2020-04-06 19:33:52.717583	u/ViolenceIs4Assholes	fmmzhec	u/andypro77	fmmlzty	C
2020-04-06 19:33:54.894168	u/martzro	fmmzhix	u/Orange3121	fmmq68f	C
2020-04-06 19:34:00.835807	u/Pentachron	fmmzhmf	u/itzmatoy	fmmoxnd	C
2020-04-06 19:34:19.558934	u/rejilliken	fmmzicz	u/BombsAndBabies	fmmu68u	C
2020-04-06 19:35:16.962876	u/sumare77	fmmzkpt	u/Obscure-Iran-General	fmmyxxr	C
2020-04-06 19:35:43.811623	u/retro152	fmmzllk	u/leddleschnitzel	fmmvrvc	C
2020-04-06 19:36:23.472343	u/sdallas768	fmmzmzs	u/Yugthffhhdgcfg	fmmtbv6	C
2020-04-06 19:36:36.643776	u/John-Whipy27	fmmznqh	u/MagicElf10	fmmyq4c	C
2020-04-06 19:37:02.647424	u/YoHomie99	fmmzpht	u/WeakBadUsername	fmmzjrd	C
2020-04-06 19:37:31.148946	u/Ex-Default	fmmzrl0	u/Mockingboy	fmmvtzl	C
2020-04-06 19:37:53.901588	u/ascarycat	fmmzt7z	u/iKingChon	fmmx8re	C
2020-04-06 19:38:18.342242	u/John-Whipy27	fmmzv10	u/MagicElf10	fmmzptf	C
2020-04-06 19:39:01.280272	u/XD_avide	fmmzxuf	u/Xukay333	fmlmpwb	C
2020-04-06 19:39:44.211432	u/StaticMini59	fmn00r2	u/123PleaseKillMeNow	fmmzayq	C
2020-04-06 19:40:07.960336	u/McKinleyKiwi	fmn021w	u/JulianTheLegend	fmmym03	C
2020-04-06 19:40:43.074152	u/captainlou26	fmn030b	u/eatmyassuglykid	fmmysd2	C
2020-04-06 19:40:59.749756	u/Atomicsquid337	fmn1pbo	u/oblivionwinds	fmmfl3d	C
2020-04-06 19:41:59.550708	u/CourageousWinecup	fmn1qxt	u/AeonReign	fmmxmtw	C
2020-04-06 19:42:03.691323	u/G31U5	fmn1r1d	u/Respect_Paying_Bot	fmn1ecq	C
2020-04-06 19:42:27.683762	u/CF20_YT	fmn1sc8	u/2003LexusES300	fmmoy3m	C
2020-04-06 19:42:49.463829	u/DaChunsta	fmn1t4o	u/lycanking2001	fmmdiql	C
2020-04-06 19:43:17.860181	u/CommunistWaffle990	fmn1u13	u/A_Math_Dealer	fmm197b	C
2020-04-06 19:43:49.893169	u/AnonymousFig	fmn1uhz	u/Xukay333	fmlmpwb	C
2020-04-06 19:44:10.068102	u/TonDon6D4	fmn1v3y	u/Fish_Falling	fmmyhsf	C
2020-04-06 19:44:40.892799	u/hotdog290	fmn1w8k	u/Pentachron	fmmzhmf	C
2020-04-06 19:44:49.567488	u/seanrm92	fmn1wqv	u/Gilpif	fmmnjdx	C
2020-04-06 19:44:59.541768	u/SpicedPotatoes777	fmn1x20	u/asiancupnoodles	fmlvdd2	C
2020-04-06 19:45:08.140685	u/yeet626	fmn1x8j	u/IT-WAS-ME-DIO19	fmn1qpq	C
2020-04-06 19:45:10.082199	u/gospo_gospo	fmn1x8z	u/Tumbler03	fmn0fv1	C
2020-04-06 19:45:15.894256	u/hotdogcake	fmn1xgl	u/AmrLou	fmmg512	C
2020-04-06 19:45:18.669776	u/Iambatman1717	fmn1xhj	u/Banana-Mammal	fmn1kt9	C
2020-04-06 19:45:31.425278	u/fshot01	fmn1xtb	u/BankruptPositivity	fmmr4s3	C
2020-04-06 19:45:52.277009	u/gsatles	fmn1yed	u/realamazingpieop	fmn1x32	C
2020-04-06 19:46:13.197290	u/vonLoop	fmn1z95	u/JesusIsEverything69	fmn15gt	C
2020-04-06 19:46:50.090840	u/GGingerton3	fmn21hi	u/candycornbarkingdeer	fmlowgr	C
2020-04-06 19:47:54.501962	u/songbattle	fmn25h4	u/KissMyBrownAsh	fmn1ufg	C
2020-04-06 19:47:57.473849	u/Happy_side05	fmn25kh	u/benzeneboi5792	fmmr1rk	C
2020-04-06 19:48:28.730972	u/Maaz725	fmn271j	u/A2M0R0M4	fmls45t	C
2020-04-06 19:49:07.911081	u/GamerMaster978	fmn2a4q	u/darkmagican01	fmmyhr8	C
2020-04-06 19:49:29.603721	u/BlazinBeat	fmn2bat	u/retarded_homer_smpsn	fmn1pvv	C
2020-04-06 19:49:50.685072	u/Superanchobies	fmn2cuj	u/Respect_Paying_Bot	fmn1eq3	C
2020-04-06 19:49:52.441923	u/kylerbentley	fmn2d1j	u/ilovecas	fmn0cx9	C
2020-04-06 19:49:54.330436	u/Landonastar42	fmn2dfv	u/humanbeingnumber1	fmmdilh	C
2020-04-06 19:50:21.152462	u/ilep	fmn2ez0	u/kjeksmonster	fmmeimf	C
2020-04-06 19:50:33.065585	u/Ezeebiel	fmn2fbi	u/bigchonk13	fmn27y3	C
2020-04-06 19:50:49.356052	u/Xavagery	fmn2fwm	u/Aadi_Sharma	fmmzdzy	C
2020-04-06 19:51:12.830480	u/TheKimurantti	fmn2h79	u/femmefataleperkele	fmmchd1	C
2020-04-06 19:51:56.281890	u/javfinal	fmn2j5c	u/jameslegohanlon	fmn0gy0	C
2020-04-06 19:52:19.650668	u/B-Train05	fmn2jk9	u/CrystalFuzion	fmmx3r6	C
2020-04-06 19:53:08.921829	u/1y251251251225	fmn2kne	u/SpicyDorito08	fmn0cv3	C
2020-04-06 19:53:23.014470	u/TheDarkDaedalus12	fmn2kzs	u/SlickNick923	fmn1gu5	C
2020-04-06 19:53:26.094774	u/Soviet-Lemon	fmn2l1p	u/onboardbasil	fmmwy72	C
2020-04-06 19:53:58.790177	u/darshan4511	fmn2m9t	u/RummanNaser	fmm5vx0	C
2020-04-06 19:55:17.235764	u/BigBear9091	fmn2pq8	u/Small4Town2Titan0	fmlk85f	C
2020-04-06 19:56:11.820509	u/Lord_of_all_things	fmn2rxf	u/BaguetteTheif123	fmn0nke	C
2020-04-06 19:56:43.044025	u/aabdulr2	fmn2t6t	u/Joe_says_no	fmmgh94	C
2020-04-06 19:56:45.053873	u/BigBear9091	fmn2tc5	u/lazyassconqueror	fmlqtew	C
2020-04-06 19:56:49.876936	u/Truckfighta	fmn2tgw	u/WulfgarUlfhednar117	fmmgqr5	C
2020-04-06 19:57:14.986838	u/9gaguserwink	fmn2u6g	u/NootNootRecruit_	fcs8ccd	C
2020-04-06 19:57:42.705769	u/NotInferno045	fmn2vsx	u/wakaguy	fmn2tck	C
2020-04-06 19:57:47.524598	u/Daftboss	fmn2vyt	u/marshmallow_fluff1	fmm391q	C
2020-04-06 19:58:29.106553	u/tabletopgrape	fmn2y7f	u/Dahwaann4U	fmmzz0v	C
2020-04-06 19:58:31.528562	u/DelightfulVoid	fmn2yg2	u/RepostSleuthBot	fmmucqj	C
2020-04-06 19:58:37.720835	u/NotInferno045	fmn2ymq	u/Ulysses_Crowley	fmn2vx1	C
2020-04-06 19:58:40.702734	u/th3RYLO	fmn2yrj	u/Labinak	fmmjbrd	C
2020-04-06 19:59:39.526285	u/Joss_Card	fmn31tx	u/apolloladdie	fmmwg5i	C
2020-04-06 19:59:52.021247	u/miadiangelo	fmn32mj	u/Erithariza	fmmqsv5	C
