2020-04-10 20:00:25.737351	u/Fantasmal63636	fn1huue	u/Just_Denal	fn179ow	C
2020-04-10 20:00:34.679224	u/luwiegs	fn1hv6q	u/BH-vHunter	fn1hkr2	C
2020-04-10 20:00:44.079794	u/Stewbaka1	fn1hvde	u/Slippee_Toed	fn0zrta	C
2020-04-10 20:00:50.564105	u/xXfrancisco04Xx	fn1hvm7	u/Deviliant1	fn1hfwm	C
2020-04-10 20:01:06.072904	u/maxburdick	fn1hwb7	u/someone102912	fn1fv8n	C
2020-04-10 20:02:20.406547	u/etewete115	fn1hz87	u/SrWinsAlot	fn1hx36	C
2020-04-10 20:02:23.784574	u/Keliath2020	fn1hzap	u/Luc1_F0x	fn1giig	C
2020-04-10 20:02:38.059954	u/Blitxer	fn1i011	u/juanana	fn12gyz	C
2020-04-10 20:03:01.665344	u/ThePokeMasterTPM	fn1i13f	u/skelly_24	fn1d3so	C
2020-04-10 20:03:39.616981	u/Retrakk210	fn1i2fn	u/Its_Not_My_Spaghetti	fn1hkdp	C
2020-04-10 20:03:53.867018	u/-user--name-	fn1i3f5	u/gruniite	fn1hjl7	C
2020-04-10 20:04:49.634433	u/moseshombre	fn1i5no	u/Kraqle	fn1ayhg	C
2020-04-10 20:05:01.847572	u/AccidentalWins	fn1i68v	u/BannedOnTwitter	fmzovz5	C
2020-04-10 20:05:24.980216	u/Gordon-Ramseys	fn1i7fe	u/btwmagic	fn0mz83	C
2020-04-10 20:05:30.690408	u/HHHHHmMmMmMmMM-	fn1i7fx	u/bungasunga	fyr42u	S
2020-04-10 20:06:21.456519	u/itzdiemust	fn1i9rb	u/SwissCheeseMan26	fn0n0ee	C
2020-04-10 20:07:03.546739	u/superbloxyreddit	fn1ibxx	u/Fun_Stick	fn1ds2s	C
2020-04-10 20:07:08.754250	u/GrravyTrainn	fn1ic2x	u/eujoaoabreu	fn0p4gm	C
2020-04-10 20:08:34.197184	u/AllStrangers	fn1ih60	u/trickshot134	fn1i7b1	C
2020-04-10 20:08:43.054009	u/BestiFunny	fn1ihkm	u/cupcakeconstitution	fn0yw7x	C
2020-04-10 20:08:49.372173	u/gullwingz2008	fn1ihoe	u/filip_99	fn0sdcv	C
2020-04-10 20:08:58.218809	u/xibipiio	fn1iiim	u/Jojo_Addicted	fn13ft4	C
2020-04-10 20:08:59.482008	u/Unarmedninja07	fn1iik6	u/freestylearts911	fn1gx5s	C
2020-04-10 20:09:36.077015	u/memeeeeeee420	fn1ikp6	u/UnknownCPYT	fn1hh0x	C
2020-04-10 20:09:47.473192	u/angstyart	fn1ilv7	u/NotTak3n	fn0walu	C
2020-04-10 20:09:59.321873	u/Payzakon	fn1inbi	u/BepicBamer	fn1h98o	C
2020-04-10 20:10:06.493683	u/TheLimeo9	fn1inl3	u/Bantabury97	fn1ie5c	C
2020-04-10 20:10:38.513525	u/tylerr147	fn1ip27	u/filip_99	fn0sdcv	C
2020-04-10 20:10:40.910877	u/icebeatsfire	fn1ipcw	u/Jojo_Addicted	fn13ft4	C
2020-04-10 20:10:49.213359	u/TortillaTapedToABush	fn1ipwn	u/Ailko	fmzoabn	C
2020-04-10 20:10:51.511877	u/joneaux33	fn1iq5w	u/DylanJoinsTheParty	fmyuohc	C
2020-04-10 20:10:53.873781	u/hailthecrowbar	fn1iqb5	u/Davros-123	fmzvja4	C
2020-04-10 20:11:03.959767	u/ulmajht	fn1iqw8	u/TectonicAttack	fn1io4r	C
2020-04-10 20:11:20.675401	u/bknav	fn1irgs	u/CaraX_	fn1ihhx	C
2020-04-10 20:11:44.316422	u/Purlofur	fn1isju	u/maddman65	fn177ot	C
2020-04-10 20:12:10.004435	u/ediththefugly	fn1itnt	u/cole_fibbler	fn1h4oj	C
2020-04-10 20:12:19.196047	u/iwasthefunnyguy	fn1itv0	u/-acon-trash	fyiuoe	S
2020-04-10 20:12:28.651659	u/alexzoeymarlenbonnie	fn1iu1x	u/klop422	fn0xfni	C
2020-04-10 20:12:59.711632	u/Doddleboddlle	fn1ivdu	u/69420_sexgod	fn1b9yt	C
2020-04-10 20:13:04.682763	u/Sneaker_bar	fn1ivfg	u/Fullxero	fn0ipih	C
2020-04-10 20:13:08.011765	u/ryantrollz	fn1ivj9	u/Jack_iz_coool	fn16dq2	C
2020-04-10 20:14:12.875974	u/dropkickdurpy	fn1kixl	u/DaVIP_NET	fn1c1le	C
2020-04-10 20:14:17.067719	u/GaltonN	fn1kizc	u/Real1SP	fn1aopm	C
2020-04-10 20:14:38.123933	u/That_One_Friends	fn1kk46	u/Coxwain4lyfeh	fn1jgim	C
2020-04-10 20:14:55.598261	u/Tmanfighter152	fn1kkpp	u/wee-_-	fn1cjb7	C
2020-04-10 20:15:00.688382	u/skinnah	fn1kkwk	u/VxIO	fn1j914	C
2020-04-10 20:15:11.509545	u/perixe	fn1klhf	u/ItWasMeDio48	fn1e8gt	C
2020-04-10 20:15:17.808260	u/JKnotajoke	fn1klns	u/adrianna56785	fn1khhi	C
2020-04-10 20:15:23.887649	u/F1shoek1	fn1klyp	u/69420_sexgod	fn1kjqo	C
2020-04-10 20:15:32.716081	u/_Aerocell_	fn1km8u	u/OttoismyMotto	fn1kab5	C
2020-04-10 20:15:49.420779	u/Mangy_867	fn1kmto	u/JamJamCuddlyLamb	fn1jgbn	C
2020-04-10 20:16:14.750198	u/atomic_pikle	fn1ko1w	u/sws_mauro	fn1bjvg	C
2020-04-10 20:16:16.599488	u/arfanvlk	fn1ko2d	u/Charm3017	fn14y06	C
2020-04-10 20:16:52.121782	u/StinkyBoy69OnYourpoo	fn1kpz6	u/Novice-Memer	fn1kffg	C
2020-04-10 20:17:09.365017	u/NK9010_	fn1krhk	u/yuph_here	fn18ekn	C
2020-04-10 20:17:23.783884	u/Ganggangbrady	fn1ks7a	u/HotTamalies101	fn1bohc	C
2020-04-10 20:17:39.482113	u/maybeitsdoris	fn1kstn	u/manju45	fmp654t	C
2020-04-10 20:17:58.605534	u/Aer-GT-R	fn1ktls	u/Xiaodisan	fn1ko1c	C
2020-04-10 20:18:00.219490	u/AshutoshJohn	fn1ktmq	u/DaBiz_017	fn1i7z7	C
2020-04-10 20:18:21.557312	u/HedgehogOop	fn1kuf2	u/shootme_co	fn197r5	C
2020-04-10 20:18:34.105059	u/thatkidthatpissyouof	fn1kv34	u/howthefuckcan	fn08yty	C
2020-04-10 20:18:36.252575	u/Aer-GT-R	fn1kv67	u/Bruh_Bot_	fn1kueg	C
2020-04-10 20:18:38.965228	u/Toxic_Button	fn1kvl4	u/TourGuyBob	fn1kugn	C
2020-04-10 20:18:55.985290	u/L478991	fn1kxo5	u/RipTide1X	fn1hw74	C
2020-04-10 20:19:25.643244	u/leezoch	fn1kzvt	u/xDankSkank	fn1kgf0	C
2020-04-10 20:19:29.419939	u/pupster2273	fn1kzyq	u/sunofsolaire21	fn1hhhz	C
2020-04-10 20:19:32.958264	u/IamBeelzebubIV	fn1l03g	u/Cloutmaster_Phluphyy	fn19qwh	C
2020-04-10 20:19:40.553220	u/Itzyaboi777	fn1l0fo	u/Rawlings-li	fn1kzh3	C
2020-04-10 20:19:41.850192	u/somefuckerwithaspoon	fn1l0n3	u/RepostSleuthBot	fn1bjyv	C
2020-04-10 20:19:51.695578	u/stningTokenizer	fn1l1gi	u/AScottishkid	fn13nl8	C
2020-04-10 20:20:23.319485	u/kalavale_	fn1l2oz	u/MidnightDoesThings	fn1kjds	C
2020-04-10 20:20:25.796856	u/norwegian-blue	fn1l2pn	u/fckn_normies	fn1iysi	C
2020-04-10 20:20:31.904009	u/LightlySaltedPoato	fn1l337	u/TourGuyBob	fn1l1hn	C
2020-04-10 20:20:38.033526	u/nodderguy	fn1l38y	u/yourlocalvibecheck	fn1je0r	C
2020-04-10 20:21:22.271894	u/phuckin_punk_daal	fn1l4l9	u/cajun_wolf	fn1kynh	C
2020-04-10 20:21:31.370019	u/poocoonuts	fn1l4v1	u/hackenschmidt	fn0bxr2	C
2020-04-10 20:22:16.047674	u/pnkindi	fn1l78o	u/Struijk_a	fn1kj6x	C
2020-04-10 20:22:23.518803	u/Fbull7914	fn1l7el	u/fortpro87	fn1kmme	C
2020-04-10 20:22:35.072808	u/DerJC	fn1l7tw	u/VentCrab	fn0mjor	C
2020-04-10 20:22:41.545488	u/boluolad	fn1l7yn	u/jojo_joestar13	fn1fndw	C
2020-04-10 20:23:10.552894	u/icantstandthislife	fn1l9ey	u/wo0ooshme	fn1azjp	C
2020-04-10 20:23:45.054461	u/jabbajack	fn1laxc	u/parola123y	fn1d23t	C
2020-04-10 20:24:29.393834	u/Darogn15	fn1ldf1	u/EAH5515	fn1ddf7	C
2020-04-10 20:24:33.590721	u/Chroma4201	fn1ldmn	u/NZSGFTW	fn1edyi	C
2020-04-10 20:24:44.932245	u/UnderwaterArcherrr	fn1ldwx	u/ThiccBepissss	fn0j8xq	C
2020-04-10 20:24:55.384029	u/acm_falstaff	fn1lefm	u/Gubq	fl5lyk4	C
2020-04-10 20:24:57.458344	u/E3FxGaming	fn1leik	u/superbloxyreddit	fn1ibxx	C
2020-04-10 20:25:27.036458	u/Huut-Huut	fn1lg4l	u/Wherewolf77	fn17ybw	C
2020-04-10 20:26:15.262058	u/Bean-Machine007	fn1li1x	u/HotTamalies101	fn1bohc	C
2020-04-10 20:26:51.562705	u/jackie-bladen	fn1lk0f	u/Gavittz	fn1iqly	C
2020-04-10 20:27:04.618368	u/rotenfalafels	fn1lkfv	u/dropkickdurpy	fn1l4kq	C
2020-04-10 20:27:19.085341	u/phatskat	fn1ll3c	u/Drago957	fn10m4t	C
2020-04-10 20:27:30.368523	u/ssnorriss	fn1lm1t	u/NoNameIdeasPlsHalp	fn0jmfy	C
2020-04-10 20:27:57.044393	u/Despacito2AMA	fn1ln32	u/Anti-Emoji-Dude	fn07di6	C
2020-04-10 20:28:27.169302	u/DelFlakk	fn1losk	u/renegade667-	fmztwle	C
2020-04-10 20:28:35.186459	u/notuff	fn1lpai	u/Ferret_Koalas	fn01g7k	C
2020-04-10 20:29:13.099043	u/HappyGenZ	fn1lrtz	u/ConfusedShibaInu	fn04pvn	C
2020-04-10 20:29:15.460953	u/HECKYOUXx	fn1lryl	u/Just_Denal	fn179ow	C
2020-04-10 20:29:26.341883	u/creepercat777	fn1lslw	u/LookedSilver9	fn1j9fy	C
2020-04-10 20:29:31.711246	u/loke0142	fn1lsvo	u/SomethingSome0	fn1lf1u	C
2020-04-10 20:29:36.547442	u/phustalma	fn1lta4	u/Jeffo-The-Dank	fn1h7v0	C
2020-04-10 20:30:03.154899	u/princealiforeman	fn1lw8w	u/Bernautikus	fn1kg4n	C
2020-04-10 20:30:08.075202	u/carbontrix	fn1lwh2	u/ENDwave	fn17zf8	C
2020-04-10 20:30:16.942742	u/SnekWings	fn1lwxx	u/Nathans-warhammer	fn1ls6f	C
2020-04-10 20:30:39.892913	u/username12345678942	fn1lxli	u/cole_fibbler	fn1h4oj	C
2020-04-10 20:30:50.589372	u/Ehkno	fn1lxwg	u/GhostKad3n	fn1leiu	C
2020-04-10 20:30:59.585536	u/The_Man8705	fn1ly69	u/WDYMEANITSTAKEN	fn1luxm	C
2020-04-10 20:31:03.036218	u/justinp101	fn1lybk	u/annoying_ravenclaw	fn1lm5g	C
2020-04-10 20:31:11.804271	u/TheWatcher9834	fn1lykj	u/Just_A_Passing_Bi	fn1lu75	C
2020-04-10 20:31:17.807319	u/Proudminister	fn1lynl	u/Jojo_Addicted	fn13ft4	C
2020-04-10 20:31:54.172727	u/PinkPunkInBlack	fn1m07s	u/kinglysleet1604	fn1ltit	C
2020-04-10 20:32:08.692729	u/Leon_The_Memeurr	fn1m0sk	u/Mang0s-Man	fn1gcfx	C
2020-04-10 20:32:28.933645	u/idrinkelimilk	fn1m1oi	u/Just_A_Passing_Bi	fn1lm6i	C
2020-04-10 20:32:35.770282	u/harluquinn	fn1m21v	u/po0tatoos	fn0ds5b	C
2020-04-10 20:32:51.933507	u/Soratheanimeweeb	fn1m2ct	u/F19XX	fn1j1dq	C
2020-04-10 20:33:13.025671	u/ArthurVez	fn1m3c2	u/ThatOneDumbDude11	fn1dmk4	C
2020-04-10 20:33:29.805001	u/MrNeurology	fn1m43x	u/Shluappa	fn1ku1t	C
2020-04-10 20:33:34.230871	u/jvken	fn1m47d	u/Ddog200411	fn1l3hv	C
2020-04-10 20:33:38.468401	u/mopefan111	fn1m4fc	u/CursedCommentReader	fn1asc2	C
2020-04-10 20:33:56.196332	u/private_squirrel	fn1m54g	u/Charm3017	fn1koob	C
2020-04-10 20:34:04.873505	u/Pink-Triangle	fn1m5d3	u/da_angry_bison	fn1lpm9	C
2020-04-10 20:34:10.382236	u/Panda1835	fn1m5k9	u/RepostSleuthBot	fn1agqa	C
2020-04-10 20:34:12.543747	u/elweeb755	fn1m5kf	u/AshutoshJohn	fn1ktmq	C
2020-04-10 20:34:43.165635	u/bruhcringebruhcringe	fn1m6pa	u/Alittar	fn1ldd2	C
2020-04-10 20:34:51.460578	u/cryptowolfy	fn1m70b	u/ooyeabigboy	fn1l2ka	C
2020-04-10 20:35:29.847969	u/BigGeak	fn1m8fv	u/justinjohnson86	fn1lt5n	C
2020-04-10 20:35:32.881163	u/brownman_	fn1m8ic	u/Evolution-is-a-fact	fn13gii	C
2020-04-10 20:35:34.833643	u/theguywhoraids	fn1m8ig	u/Repost-Boi	fn1m6zv	C
2020-04-10 20:35:42.162026	u/slumbuck	fn1m8rd	u/MemerMan1212	fn1lynh	C
2020-04-10 20:36:01.852251	u/Robin_Banks101	fn1maca	u/Rhystarded	fn1f3fg	C
2020-04-10 20:36:08.760202	u/Spielleiter_Z	fn1mb36	u/chrisvskris	fn1maaj	C
2020-04-10 20:37:21.764273	u/Leroy_Spankinz	fn1mesz	u/naytreox	fn1m4wj	C
2020-04-10 20:37:33.220340	u/flynn-costa	fn1mf5n	u/MemerMan1212	fn1mbld	C
2020-04-10 20:37:35.126868	u/nathank_2606	fn1mf5p	u/shashwatgupta21	fn1lvlo	C
2020-04-10 20:37:56.154039	u/CatalinMinzat	fn1mfwt	u/BIG_SMOOOOOOOHKE_PL	fmy93bt	C
2020-04-10 20:38:04.657695	u/Nananervous	fn1mg5h	u/SomethingSome0	fn1lf1u	C
2020-04-10 20:38:52.442600	u/NHL4EVER180	fn1miys	u/OmniverousAnt1	fn1mdg0	C
2020-04-10 20:38:57.865672	u/es-cee	fn1mj8c	u/HECKYOUXx	fn1mc3a	C
2020-04-10 20:39:27.743824	u/ThePixelGamerX	fn1mm0r	u/halfxdreaminq	fn1dqaz	C
2020-04-10 20:39:40.009294	u/Nokidsinthiscoat	fn1mne6	u/da_angry_bison	fn1lpm9	C
2020-04-10 20:39:53.913958	u/Skul1_2	fn1mp8y	u/capmid	fn10kfp	C
2020-04-10 20:39:59.588028	u/worleybird021	fn1mqr4	u/Cbutterworth1	fys8l9	S
2020-04-10 20:40:11.431855	u/Ultimate_wasp_hater	fn1mr9c	u/MicahSlash	fn1lxtg	C
2020-04-10 20:40:22.257700	u/ThEChEeSeToUcHe	fn1mrew	u/EnderSkoom	fmqva4y	C
2020-04-10 20:40:25.929574	u/Om0r	fn1mri6	u/Davros-123	fn1m4si	C
2020-04-10 20:40:30.135817	u/Olivesfcc	fn1mrn6	u/Lone_survivor87	fn1jwr7	C
2020-04-10 20:40:39.937012	u/fgffhfhghg	fn1mrzm	u/RepostSleuthBot	fn1bjs7	C
2020-04-10 20:41:31.442811	u/Memesarereal_24	fn1mtyn	u/Salle21	fn1f39m	C
2020-04-10 20:41:58.055312	u/kewlkid18	fn1mvky	u/69420_sexgod	fn1b9yt	C
2020-04-10 20:42:20.907698	u/MahmoudSafwat	fn1mwlf	u/MemeL0rd7	fyjvnb	S
2020-04-10 20:42:38.573449	u/Le_Martian	fn1mxd4	u/luke_goose	fn0b13h	C
2020-04-10 20:42:50.259803	u/riju975	fn1my4h	u/allyn-_-gracious	fyfuuq	S
2020-04-10 20:42:54.680989	u/Ntsh14	fn1my9r	u/The_first_sin	fn1is8t	C
2020-04-10 20:43:01.230870	u/jacnaj1018	fn1myeg	u/someone102912	fn1fv8n	C
2020-04-10 20:43:10.604354	u/ShamelessGawdKing	fn1myvh	u/shootme_co	fn197r5	C
2020-04-10 20:43:25.775883	u/crispycritter819	fn1mz6s	u/shootme_co	fn197r5	C
2020-04-10 20:43:34.801408	u/hdudhdheyhd	fn1mzf7	u/HedgehogOop	fn1kuf2	C
2020-04-10 20:43:42.442354	u/captain_mave_64	fn1mzrg	u/Whale_Dog	fn1msna	C
2020-04-10 20:44:09.808401	u/painis-cupcake1	fn1n1b7	u/ILikeYellow15	fn1f34x	C
2020-04-10 20:44:18.286131	u/_ChetanS_	fn1n24p	u/BigGeak	fn1m8fv	C
2020-04-10 20:44:32.748509	u/Dashiefries	fn1n306	u/coelestial	fmzp5b4	C
2020-04-10 20:44:34.827841	u/David9741	fn1n30n	u/AnakinsShowerDrain	fn1mxrk	C
2020-04-10 20:45:08.777141	u/firehorn123	fn1n4k8	u/shootme_co	fn197r5	C
2020-04-10 20:45:18.914206	u/07050201	fn1n4s2	u/_dausyy	fn12bnl	C
2020-04-10 20:46:06.525389	u/KingCon6931	fn1n72k	u/HECKYOUXx	fn1lqh3	C
2020-04-10 20:46:08.387688	u/Riley45817	fn1n73w	u/funny_man_reddituser	fn1ibog	C
2020-04-10 20:46:21.440410	u/paranoid0416	fn1n7u2	u/Faun4box	fn1335g	C
2020-04-10 20:46:45.260535	u/LavaringX	fn1n977	u/IcyWuigi	fn1n4vw	C
2020-04-10 20:46:49.472809	u/Mandy1538	fn1n98y	u/malmordar	fn1mvva	C
2020-04-10 20:46:59.382623	u/Chronox04	fn1n9js	u/Fearless_Capital	fn1i0kt	C
2020-04-10 20:47:05.431942	u/modomonstud	fn1n9ui	u/Rony0601	fmzc9hg	C
2020-04-10 20:47:08.035144	u/Raelossssss	fn1n9xf	u/GreedyTaco8098	fmyjuge	C
2020-04-10 20:47:19.067222	u/Bumpedy_Dump	fn1naim	u/Mandy1538	fn1n98y	C
2020-04-10 20:48:25.796395	u/Pepe_Voodoo	fn1netm	u/neurotic_sentinel	fn0ysdd	C
2020-04-10 20:48:33.913348	u/TheWildColonialBoy1	fn1nfdo	u/valigomm	fn0fo7a	C
2020-04-10 20:48:41.431627	u/EliteTertle	fn1nfvp	u/Antonioereyna	fn1l4v8	C
2020-04-10 20:48:49.023362	u/shadowevan15	fn1ng1q	u/DeathToTheFalseGods	fn1n6n7	C
2020-04-10 20:48:58.079118	u/toucon101	fn1nghw	u/Gordon-Ramseys	fn1kmc2	C
2020-04-10 20:49:14.102065	u/cliterallycannot	fn1nhu7	u/AirBreather5000	fn1hzdf	C
2020-04-10 20:49:22.652793	u/BobbyRosu	fn1niqx	u/GroundElm	fn1f40z	C
2020-04-10 20:49:24.817013	u/mdmd33	fn1nisu	u/Madvillain518	fn13qc5	C
2020-04-10 20:49:25.850244	u/Doctor71400	fn1niu7	u/__Jip__	fn1j62q	C
2020-04-10 20:49:36.119322	u/Rogue5132	fn1niwl	u/_Flame07_	fmzjmlv	C
2020-04-10 20:49:50.578784	u/Akasha_22	fn1njwn	u/Xaineth	fmzi8fn	C
2020-04-10 20:49:55.812077	u/redditkhajiit	fn1nk9a	u/ben_is_a_cow	fn1n8kt	C
2020-04-10 20:49:57.963385	u/FartMaster20011	fn1nko1	u/Mr-Carazay	fn1ilcz	C
2020-04-10 20:50:02.790587	u/d4nwh4l3	fn1nl1s	u/jedi-ma--just-anakin	fn1mhcn	C
2020-04-10 20:50:19.094173	u/Corpral_Bubbles	fn1nlny	u/sillybear25	fn1n85g	C
2020-04-10 20:50:29.900012	u/BussinesDog	fn1nm52	u/RepostSleuthBot	fn17rj0	C
2020-04-10 20:51:06.477743	u/GyRoEsEhNi20	fn1nn84	u/TrialByFirrre	fn0j20m	C
2020-04-10 20:51:29.947805	u/Look_DL	fn1no39	u/Noahbradley125	fn1iur7	C
2020-04-10 20:51:46.220555	u/indomitablescot	fn1nogj	u/plumbusschlami	fn1md4n	C
2020-04-10 20:52:00.603939	u/ppattacker	fn1noxv	u/cliterallycannot	fn1nhu7	C
2020-04-10 20:52:02.884050	u/Faisal_AQ1	fn1noy4	u/BIg_aj_Nibba	fn1ndi5	C
2020-04-10 20:52:36.360311	u/I_FIGHT_BEAR	fn1nq1i	u/E3FxGaming	fn1leik	C
2020-04-10 20:52:42.954142	u/scienstSS	fn1nq5o	u/RepostSleuthBot	fn1i1j1	C
2020-04-10 20:53:06.977587	u/littyfishy21	fn1ns0k	u/Valeryum999	fn1np7z	C
2020-04-10 20:53:38.531171	u/UneditParent	fn1ntep	u/klop422	fn1nsx7	C
2020-04-10 20:53:41.699970	u/A_Interesting_Name_	fn1ntnb	u/chh31	fn01f23	C
2020-04-10 20:53:44.853467	u/Joker_King22	fn1ntu3	u/Zunaryon	fmzr58x	C
2020-04-10 20:53:55.134765	u/badboyquinny	fn1numw	u/ItalianComrade19	fn1n2bn	C
2020-04-10 20:54:03.009708	u/sy_dne_y_247	fn1nuy4	u/cnguyen5	fn1e7hm	C
2020-04-10 20:54:08.385467	u/ShrimpDealer69	fn1nvdk	u/IMightBeAHamster	fn1my2l	C
2020-04-10 20:55:13.358943	u/Jacobson-of-Kale	fn1nz05	u/Ehkno	fn1lxwg	C
2020-04-10 20:55:19.189007	u/ghostgames05	fn1nz6o	u/lil-kid1	fn1nxs4	C
2020-04-10 20:55:33.543439	u/1_UNDERSCORE_1	fn1nznq	u/thereapererer	fn1nwi6	C
2020-04-10 20:55:57.681424	u/UsyPlays	fn1o1ak	u/Chief106	fn1l6ni	C
2020-04-10 20:56:04.219112	u/Charcoxl	fn1o1q1	u/0DFK0	fn1h5ov	C
2020-04-10 20:56:14.877159	u/CaulkusAurelis	fn1o264	u/jollymemegiant	fn1kugi	C
2020-04-10 20:56:21.039745	u/do-you-wanna-go-bro	fn1o2ja	u/NaEGaOS	fn1li27	C
2020-04-10 20:56:36.843743	u/RySwim	fn1o3c9	u/Pantone_448C	fn0y57k	C
2020-04-10 20:56:45.342416	u/rockstarmuffin	fn1o3nd	u/ConfusedShibaInu	fn04pvn	C
2020-04-10 20:56:57.476218	u/SpaceOwl14	fn1o4al	u/-acon-trash	fyiuoe	S
2020-04-10 20:57:06.464035	u/NoneOfYaBusiness58	fn1o4r7	u/SkyMewtwo	fn1k5lo	C
2020-04-10 20:57:26.574041	u/JscJake	fn1o68m	u/Master_JBT	fn1ngs0	C
2020-04-10 20:57:49.978550	u/Cupkakes4dawin	fn1o7zf	u/DeathToTheFalseGods	fn1nhmj	C
2020-04-10 20:58:25.869902	u/MoonSwapper67	fn1oaam	u/RepostSleuthBot	fn1kz9e	C
2020-04-10 20:59:18.174587	u/Just_Misk	fn1oclg	u/Valeryum999	fn1nvl4	C
2020-04-10 20:59:23.815636	u/Shonoun	fn1od0z	u/1_hele_euro	fn1eb9o	C
2020-04-10 20:59:30.365081	u/this_is_my_trans_alt	fn1odgf	u/kill_all_the_genders	fn06u01	C
2020-04-10 20:59:32.239262	u/GravyxNips	fn1odlf	u/plumbusschlami	fn1ob7l	C
2020-04-10 20:59:38.075506	u/Diny_Tick1	fn1odz8	u/asifnir	fn1o6q1	C
2020-04-10 20:59:50.705521	u/rq-2	fn1oele	u/Jojo_Addicted	fn13ft4	C
2020-04-10 20:59:53.414243	u/MasterSargeYT	fn1oexh	u/noneedtoskeet	fn1ob0f	C
2020-04-10 20:59:58.386969	u/Archneme5is	fn1of9j	u/lettucecunt	fmy9ine	C
2020-04-10 20:59:58.967272	u/bruh148	fn1offk	u/RyanLikesAntiques	fn1oacq	C
