2020-03-28 12:00:34.372254	u/pari5900	flr11hq	u/Sodafff	flqjh9w	C
2020-03-28 12:00:43.016764	u/Dark_Demon432	flr11sq	u/fualtyzane	flr0z2c	C
2020-03-28 12:00:51.334539	u/thelowender	flr1228	u/racerfree	flr0gpy	C
2020-03-28 12:01:10.360789	u/Dolman192	flr12pk	u/HexBenedict	flqwtpz	C
2020-03-28 12:01:15.345563	u/JankaOcka	flr12t4	u/MoistFlapss	flqhv8x	C
2020-03-28 12:01:17.699888	u/_Leif_Forrest__	flr12u0	u/GravityFallsChicken	flr0zcm	C
2020-03-28 12:01:37.357979	u/Xpedro42069	flr13cv	u/Comic-Sanders	flqxarr	C
2020-03-28 12:01:59.037876	u/Furyex2208	flr13yb	u/racerfree	flr11wm	C
2020-03-28 12:02:01.321430	u/PM_ME_UR_RIG	flr13zw	u/Manzar534	flqk0d5	C
2020-03-28 12:02:12.707347	u/iTapped	flr14a8	u/clone_ranger	flqr3qv	C
2020-03-28 12:02:34.921042	u/Disco_Tempo	flr1589	u/TheShadowsAce	flqv6et	C
2020-03-28 12:02:38.318001	u/mnb1114	flr15eu	u/racerfree	flq4lmb	C
2020-03-28 12:03:06.413210	u/mc_funbags	flr16w3	u/Samu_virzi	flqvrwv	C
2020-03-28 12:04:07.004304	u/lolers462	flr18y7	u/Sub2SmokeAlphaYt	flqx56p	C
2020-03-28 12:04:19.427542	u/Wout1888	flr19ht	u/-_-_-__-_-__-	flr0cp3	C
2020-03-28 12:04:27.491782	u/DutchBlob	flr1a62	u/RepostSleuthBot	flqonf5	C
2020-03-28 12:04:39.914770	u/RhombusRay	flr1b4d	u/Offline-AFK	flqondt	C
2020-03-28 12:05:05.386742	u/sheikh_potato	flr1c70	u/MAGIC_EYE_BOT	flr1a6m	C
2020-03-28 12:05:12.693837	u/brother-of-fallout	flr1cdn	u/SeriousUndead30	flr14zw	C
2020-03-28 12:05:41.839268	u/Stenberg-00	flr1dfh	u/Noahbradley125	flq6uv3	C
2020-03-28 12:06:11.499335	u/dudewhaa	flr1ehl	u/VeryOriginalnaym	flqzdqj	C
2020-03-28 12:06:14.357650	u/AceKimono	flr1emf	u/SippTheDumbJuice	flqzejv	C
2020-03-28 12:06:23.439141	u/DeeplyUnloved2b2t	flr1f5y	u/blayzeganja	flqumet	C
2020-03-28 12:06:41.293464	u/timot4y	flr1fwt	u/The_night_camel	flr1e7i	C
2020-03-28 12:06:46.846099	u/ttantjrt	flr1g1n	u/parlerler1543	flqmvfd	C
2020-03-28 12:06:57.574984	u/notrudedude	flr1gyh	u/ConThePc	flqze23	C
2020-03-28 12:07:14.241671	u/rosetta11	flr1hix	u/Emperor_O_Memes	flqnxdy	C
2020-03-28 12:07:16.040677	u/JCHunterr	flr1hjd	u/dovedevic	fl2izeo	C
2020-03-28 12:07:35.202430	u/Partydoos	flr1iba	u/fualtyzane	flr127j	C
2020-03-28 12:07:45.033621	u/DestinyCipher	flr1iwl	u/fualtyzane	flr1geh	C
2020-03-28 12:07:50.804116	u/tortleshome69	flr1jj7	u/notkhaos	flqvn9g	C
2020-03-28 12:07:54.702341	u/althar1	flr1jpa	u/fualtyzane	flr1c1t	C
2020-03-28 12:08:02.923190	u/72Trombones	flr1kbz	u/ZeroLurkThirty	flr0aea	C
2020-03-28 12:08:14.463275	u/UniqueNobo	flr1kvx	u/Emperor_O_Memes	flr0ffz	C
2020-03-28 12:08:19.916353	u/Shreklord303	flr1l5m	u/deiplz	flqybd4	C
2020-03-28 12:08:42.094082	u/MethaneNeptune	flr1mkh	u/racerfree	flr1k5g	C
2020-03-28 12:09:01.158616	u/the-starry-night	flr1ncf	u/MrJack777	flq49ch	C
2020-03-28 12:09:02.597303	u/SkwishyV3	flr1ncy	u/Mihail_Sazdov	flqvtp7	C
2020-03-28 12:09:13.364871	u/gggedis	flr1ny9	u/05Lidhult	flr1fy0	C
2020-03-28 12:09:26.521662	u/skusey66	flr1oaq	u/joeyuriligma	flr0ba4	C
2020-03-28 12:09:27.881663	u/Thatoneafkguy	flr1ob3	u/racerfree	flr0kk3	C
2020-03-28 12:09:45.841344	u/verycreativename321	flr1pem	u/lugan_pall	fqg3xg	S
2020-03-28 12:09:55.771842	u/Nadlecy_bup	flr1q14	u/Geckoman2207	flr1aok	C
2020-03-28 12:10:19.393384	u/Grong-the-Red	flr1rbx	u/milk_connoisseur23	fqiyfs	S
2020-03-28 12:10:33.428188	u/Nachusz	flr1rvi	u/ILIKEDRAGONS65	flr1mn1	C
2020-03-28 12:10:35.831188	u/Banjo6401	flr1rwn	u/teddygods	flr1bui	C
2020-03-28 12:10:47.327587	u/SwooshArts	flr1s2x	u/Xploiter_RBLX	flnqywo	C
2020-03-28 12:11:35.817394	u/Vesko_28	flr1u1m	u/kaaaawww	flr1pic	C
2020-03-28 12:11:50.061727	u/randians_ka_baap	flr1unm	u/Pouting-Rem	flr1mt4	C
2020-03-28 12:11:53.502720	u/Caslol17	flr1uso	u/Shamba_Boy	flquc3r	C
2020-03-28 12:12:14.887220	u/NotImportant-	flr1viw	u/Azour_	flqbv1w	C
2020-03-28 12:12:28.117502	u/wierdawesome10	flr1w20	u/ZakTSK	flqtxe1	C
2020-03-28 12:12:55.711390	u/Centtrix	flr1wwg	u/Respect_Paying_Bot	flr1ug5	C
2020-03-28 12:14:08.165128	u/NIK_FED	flr1zqi	u/MAGIC_EYE_BOT	flr1a6m	C
2020-03-28 12:14:15.445375	u/GoldBeni	flr200m	u/ramsey5349	floptmi	C
2020-03-28 12:14:17.506445	u/Koppeks	flr204l	u/fualtyzane	flr1c1t	C
2020-03-28 12:14:32.324719	u/baked_cockroach	flr20k4	u/mercepian	flqo64w	C
2020-03-28 12:14:44.721679	u/whatbesleep	flr20yt	u/ttracs149	flq896w	C
2020-03-28 12:14:51.100037	u/your_fat_mother	flr2187	u/longhud	flp6y4j	C
2020-03-28 12:14:54.069128	u/_UndefinedUser_	flr21f2	u/fairyfort	flqehsj	C
2020-03-28 12:15:03.452617	u/YeetOrBeYeeten3000	flr21o1	u/clanktitan2	flq00o0	C
2020-03-28 12:15:11.480679	u/Celestialsword21	flr21yy	u/AutoModerator	flqiejh	C
2020-03-28 12:16:07.968143	u/AdrienSergent	flr242f	u/VladtheMemer	flr1dj5	C
2020-03-28 12:16:24.184306	u/kkharadirock	flr24h2	u/fualtyzane	flq4zad	C
2020-03-28 12:16:27.661539	u/TTV-BeastMV	flr24jw	u/RepostSleuthBot	flr237j	C
2020-03-28 12:16:34.112466	u/The_Kool-Aid_Man_420	flr24td	u/kaaaawww	flr1vr6	C
2020-03-28 12:16:40.435547	u/Black1ist	flr25go	u/TheRoguePianist	flr1top	C
2020-03-28 12:16:42.306879	u/MonderII	flr25i8	u/fualtyzane	flr0r4f	C
2020-03-28 12:17:34.984174	u/duromanz	flr3fj9	u/goldiamond08	flr3bg6	C
2020-03-28 12:17:57.727389	u/dramatic_dino69	flr3gl1	u/Centtrix	flr24gz	C
2020-03-28 12:18:03.723371	u/Holy_Bean	flr3guh	u/Tyran_Cometh	flqmfgu	C
2020-03-28 12:18:17.428565	u/katz_are_the_koolest	flr3hee	u/bigthinkmemes69	flr3e92	C
2020-03-28 12:18:23.665170	u/EchoGamez37	flr3hn6	u/ThatMuslimTechGuy	flr2lvn	C
2020-03-28 12:18:26.620318	u/ifuckedyourmommy69	flr3i0m	u/racerfree	flr0zpz	C
2020-03-28 12:18:40.799285	u/Bananamanaman237	flr3iss	u/fualtyzane	flr2sgp	C
2020-03-28 12:18:42.269950	u/TacticalIdiot17	flr3it3	u/DitoDevice	flr1wu4	C
2020-03-28 12:18:56.792963	u/GQRR	flr3k83	u/GeneralSturnnn	fli856x	C
2020-03-28 12:19:08.715701	u/G40T	flr3l3u	u/QuazaTD	flr04gs	C
2020-03-28 12:19:11.887158	u/Michael_Cookie5	flr3l9e	u/WookieeCookiees02	flqwa8i	C
2020-03-28 12:19:19.625498	u/whatintheworld---	flr3lys	u/_UndefinedUser_	flr21f2	C
2020-03-28 12:19:21.839886	u/dumbfuckmagee	flr3m45	u/PositronStrike	flr0mcy	C
2020-03-28 12:19:29.019422	u/aleX3_channel	flr3mfk	u/Johantje55	flr3j2l	C
2020-03-28 12:19:32.347039	u/fuzzy_nugs	flr3mk8	u/Sergeant555	flr2h60	C
2020-03-28 12:19:33.444865	u/feitan_zero	flr3mp2	u/TickleDuckFeathers	flql6zs	C
2020-03-28 12:20:00.035182	u/B0B_R0ssssss	flr3ovi	u/7u4ucr	flqkiyu	C
2020-03-28 12:20:02.806185	u/Robertj1002	flr3p8r	u/BobbyR231	flr1gba	C
2020-03-28 12:20:21.789284	u/Caleb09090	flr3q5u	u/xLacerate	flotm4f	C
2020-03-28 12:20:31.893448	u/DrunkenGilaMonster	flr3q9w	u/PenguinWithAglock	flqyyxg	C
2020-03-28 12:20:34.194729	u/SayNoToFreeCandy	flr3qb6	u/NotVeryTastyCake	flqtk3e	C
2020-03-28 12:20:45.446311	u/crex576	flr3qqr	u/AutoModerator	flr3pva	C
2020-03-28 12:20:51.103063	u/Krypto93	flr3qs8	u/fualtyzane	flr33os	C
2020-03-28 12:21:02.059637	u/Michaukowy	flr3r36	u/Tyran_Cometh	flqwd5q	C
2020-03-28 12:21:42.473085	u/talky78	flr3sve	u/endslayer101	flqywpg	C
2020-03-28 12:21:58.499563	u/SEEEEEEEEEEEEEEAAAAN	flr3tei	u/GreenPanda94	flr1yat	C
2020-03-28 12:22:02.300826	u/nodnodwinkwink	flr3tky	u/mheurtevent1	flqwxp7	C
2020-03-28 12:23:31.840802	u/Pokeart93	flr3xeg	u/CrabSquid85	flr3qgb	C
2020-03-28 12:23:34.033772	u/KINGAWESOME266	flr3xew	u/RussianCheeseDood	flqy59i	C
2020-03-28 12:23:36.125959	u/Legion_707	flr3xj1	u/dgrif3209	flqgqxn	C
2020-03-28 12:23:49.670708	u/BulldogDX05	flr3y1e	u/OmniverousAnt1	flr3wv5	C
2020-03-28 12:24:00.173614	u/salimeero	flr3ykf	u/DarthKlanxis	flqxlzi	C
2020-03-28 12:24:13.727176	u/js_helloworld	flr3ys3	u/coth3c	flr0o6w	C
2020-03-28 12:24:16.868596	u/SinVision	flr3ytk	u/BeingTheBest101	flr1lby	C
2020-03-28 12:24:26.775121	u/Psychoanalitix	flr3z0c	u/44G6	flqnf8k	C
2020-03-28 12:24:28.803570	u/edgymemelord12	flr3z0u	u/Pikapaul03	flqmupp	C
2020-03-28 12:24:34.839722	u/BurningSlime	flr3z42	u/5p4n911	flqlcl0	C
2020-03-28 12:24:49.849394	u/SpiderRyder	flr3zjf	u/Whyme3638	flr3w0w	C
2020-03-28 12:25:06.439965	u/Clegomanrun	flr4036	u/BigBoyWeaver	flr103l	C
2020-03-28 12:25:14.686337	u/YoloNerd16	flr40bj	u/brother-of-fallout	flr3ylo	C
2020-03-28 12:25:25.078937	u/sieg-the-frenchie	flr40q5	u/MarFinitor	flqbaf9	C
2020-03-28 12:25:34.441799	u/comte_desaintgermain	flr4120	u/mattoisacatto	flr1mir	C
2020-03-28 12:25:48.372176	u/Dark-Mowney	flr41od	u/AK24ROCKS	fqf5c6	S
2020-03-28 12:25:53.041876	u/otterfox22	flr41td	u/44G6	flqnf8k	C
2020-03-28 12:25:54.946748	u/Zeditha	flr41wm	u/Shamic	flr1cej	C
2020-03-28 12:26:06.779321	u/Teaseries-PBAI	flr42co	u/fualtyzane	flr2u8o	C
2020-03-28 12:26:10.310540	u/swish465	flr42cu	u/G40T	flqyaew	C
2020-03-28 12:26:21.327879	u/EllieSakeMaki	flr42nn	u/racerfree	flkh1sf	C
2020-03-28 12:26:23.953022	u/stefs1	flr42u8	u/RepostSleuthBot	flr3yw7	C
2020-03-28 12:26:55.087814	u/AHHHHHHHHHH-hi	flr43kr	u/Yellossss	flr2qfe	C
2020-03-28 12:26:57.620915	u/Coryonline	flr43q4	u/BurntBacn	flqxfdl	C
2020-03-28 12:27:00.946071	u/RandomRacialSlurs	flr43xq	u/GameIsMyName12	flr40c3	C
2020-03-28 12:27:27.888755	u/ccppoo337	flr44oe	u/Tyran_Cometh	flqz5bw	C
2020-03-28 12:27:41.380212	u/flamingeyelash	flr4557	u/Gqrry123	flquuwe	C
2020-03-28 12:27:59.270701	u/exbo2377	flr45li	u/Danny_DeJesus	flr3ors	C
2020-03-28 12:28:22.415247	u/alldaygaming247	flr46r5	u/_andre_k	flqwiy0	C
2020-03-28 12:28:44.072455	u/dobrzansky	flr47o7	u/ididntsayshit	flqpb4k	C
2020-03-28 12:28:48.983467	u/ecchi_yajur	flr47z8	u/MaxPickles	flqyplc	C
2020-03-28 12:29:06.130311	u/MadDdashOrSum	flr48or	u/Banjo6401	flr1rwn	C
2020-03-28 12:29:12.271225	u/lm-not-that-creative	flr48uk	u/knightwolfghost	flqyb57	C
2020-03-28 12:29:15.085746	u/goncas12345	flr4972	u/RepostSleuthBot	flr3yw7	C
2020-03-28 12:29:18.740844	u/spectrewolf1056	flr49j7	u/Centtrix	flr467h	C
2020-03-28 12:29:27.823481	u/Ketchup-and-Mustard	flr4a8s	u/Reevo92	flqze9h	C
2020-03-28 12:29:35.646272	u/R3DH4WK4LPH4	flr4aij	u/KayMK11	flr3qia	C
2020-03-28 12:29:44.614772	u/wizzle-badizzle	flr4b6f	u/AcDcBoss	flqxrx6	C
2020-03-28 12:29:45.574535	u/dcl131	flr4b75	u/energetic-dad	flr02zj	C
2020-03-28 12:29:58.638241	u/shravanmarx_3011	flr4c5a	u/Centtrix	flr4a64	C
2020-03-28 12:30:04.107972	u/Kumquwat	flr4ckp	u/I-Reeddit	flqhcnm	C
2020-03-28 12:30:11.535115	u/pointlessbeats	flr4cpz	u/zZLukasZz	flqvhnt	C
2020-03-28 12:30:24.135494	u/SoniaTinker	flr4d1q	u/Kiwimadar	flqryor	C
2020-03-28 12:30:26.564536	u/AxelAshton	flr4d29	u/Azour_	flqbv1w	C
2020-03-28 12:30:33.968466	u/katarokthevirus	flr4dam	u/RepostSleuthBot	flqvuwh	C
2020-03-28 12:30:39.858223	u/sagebuck04	flr4dj4	u/MrT3sla	flr425r	C
2020-03-28 12:31:33.873162	u/Ronkeager	flr4fly	u/Asozialesnetzwerk1	flqpj3v	C
2020-03-28 12:31:36.183290	u/toezplz	flr4fqd	u/AutoModerator	flr4cdw	C
2020-03-28 12:31:45.168316	u/boxeq6	flr4g2j	u/fualtyzane	flr2vwa	C
2020-03-28 12:32:15.965224	u/chillybillyboi52	flr4gw8	u/Michaukowy	flr3r36	C
2020-03-28 12:32:18.268439	u/Sinlaire1	flr4gwc	u/Manzar534	flqk0d5	C
2020-03-28 12:33:01.922761	u/PadaV4	flr4i8e	u/mheurtevent1	flqwxp7	C
2020-03-28 12:33:12.392854	u/KS-12	flr4iog	u/JasperVov	flr1w0n	C
2020-03-28 12:33:31.851539	u/simon439	flr4jcy	u/pikachuIsMyFurrybae	flqzqj4	C
2020-03-28 12:34:08.930684	u/I-Hailou-I	flr4kmg	u/OmaeM	flr2wti	C
2020-03-28 12:34:15.253455	u/SteenietheQueenie	flr4kqs	u/noneofmybusinessbutt	flr3wpo	C
2020-03-28 12:34:58.103246	u/kgbi0945	flr4mx9	u/racerfree	flpg6qs	C
2020-03-28 12:35:08.522141	u/j-essm	flr4nj4	u/vincecripps	flr35r7	C
2020-03-28 12:35:36.638982	u/itsmejade_	flr4opu	u/owen_stha	flqhvnf	C
2020-03-28 12:35:45.533189	u/ash-great-ish	flr4p5o	u/Mask1O1	flqvtnj	C
2020-03-28 12:35:59.019466	u/ApPLLEBAnDAna126	flr4poe	u/natechenry	flo7mpn	C
2020-03-28 12:37:01.980525	u/Zoob33	flr4sr4	u/Clegomanrun	flr4036	C
2020-03-28 12:37:03.819885	u/SecularHumanism92	flr4ss5	u/vincecripps	flqisu9	C
2020-03-28 12:37:07.499255	u/Starfighter1014	flr4t12	u/xPineappIe	flr47bz	C
2020-03-28 12:37:23.137441	u/XxCatGodXx	flr4u6m	u/chettycheeks	flr3etx	C
2020-03-28 12:37:42.777476	u/solettherebelight	flr4uxe	u/44G6	flqnf8k	C
2020-03-28 12:37:59.854202	u/ooooooookkk	flr4vih	u/Mr-Monkito	flqtj7l	C
2020-03-28 12:38:01.441484	u/TheTattedspyder	flr4vot	u/_gatocomunista	flr0kgh	C
2020-03-28 12:38:36.260866	u/dannydevito008	flr4wwy	u/PAT_5251	flr4cz4	C
2020-03-28 12:38:43.889848	u/KhunDavid	flr4x90	u/Dolman192	flqyquw	C
2020-03-28 12:38:47.724794	u/TempleOfAlpaca	flr4xh9	u/flwrs__	flqmbf5	C
2020-03-28 12:39:04.159273	u/Jitterbug6969	flr4yo2	u/taki_guy	floy6qx	C
2020-03-28 12:39:12.055966	u/micahman786	flr4zdo	u/roncastelino	flr4x39	C
2020-03-28 12:39:13.654002	u/BasicallyImALemon	flr4zgp	u/TheSbubby	flr05hg	C
2020-03-28 12:39:22.073627	u/J_Reizu	flr4zrz	u/racerfree	flr4czh	C
2020-03-28 12:39:27.013625	u/Narwhal770	flr4zx3	u/LavaSeer	flqoclg	C
2020-03-28 12:39:45.813598	u/Square_sweets	flr50v0	u/limitless_goose	flr3yyt	C
2020-03-28 12:40:13.444278	u/CODEX_O_BARBARO	flr52ez	u/ImDefinitelyHuman	flqwnm6	C
2020-03-28 12:40:22.205867	u/mentoma	flr52p3	u/Bannedhour	flr4zwm	C
2020-03-28 12:40:46.605282	u/GladMud3	flr53l2	u/RepostSleuthBot	flr09r2	C
2020-03-28 12:40:55.516517	u/Cou_Zer	flr53yk	u/KillerStrike2975	flqlue9	C
2020-03-28 12:41:10.861661	u/Level-100-meme-boss	flr5476	u/RepostSleuthBot	flr1ai8	C
2020-03-28 12:41:43.792706	u/Proof-Tumbleweed	flr55g1	u/MssDevil	flqwy6i	C
2020-03-28 12:42:01.279365	u/czimm11	flr562c	u/N0tN1nja	flr3t56	C
2020-03-28 12:42:09.743513	u/GalaxyYoghurt	flr56bd	u/nimyah	flqwbqj	C
2020-03-28 12:42:13.169565	u/Finger_Gunnz	flr56cx	u/laxplayer26	flr1nnx	C
2020-03-28 12:43:21.936196	u/geekywiz	flr58o3	u/99-Seasons-Morty	flr4rag	C
2020-03-28 12:43:24.700091	u/HowToPilot	flr58p8	u/Pretator	fqio2n	S
2020-03-28 12:43:31.027395	u/Regarines	flr58y0	u/KINGAWESOME266	flr3xew	C
2020-03-28 12:43:35.330039	u/pootisman64	flr5934	u/ZakTSK	flqunyg	C
2020-03-28 12:43:44.086065	u/some1thing	flr59a1	u/AetherialWomble	flqpw9l	C
2020-03-28 12:43:53.587877	u/very_smarter	flr59kk	u/jakethedumbmistake	flr57ea	C
2020-03-28 12:44:04.499614	u/Santryt	flr5a13	u/VerySmallBleeb	flr0e6b	C
2020-03-28 12:44:25.368246	u/reddi-userk	flr5ahx	u/Crunchy_Jell0	flqzfpj	C
2020-03-28 12:44:29.132985	u/GodsRetardedCousin	flr5al0	u/Thehan2004	flr4l1j	C
2020-03-28 12:44:45.895762	u/akiangaa	flr5bit	u/ha1lcthulhu	flr4x73	C
2020-03-28 12:44:54.833976	u/VulcanizedAnthony	flr5br6	u/habbnn	flpvs32	C
2020-03-28 12:44:56.797506	u/e-rectangle123	flr5bui	u/HeyExistentialCrist_	fl6r6xi	C
2020-03-28 12:45:12.249258	u/Cheemsburger69	flr5c97	u/chillybillyboi52	flr4gw8	C
2020-03-28 12:45:16.493112	u/GotAnyGrapes234	flr5ce4	u/RepostSleuthBot	flqrlba	C
2020-03-28 12:45:20.473641	u/mememememememyme	flr5cix	u/dgrif3209	flqgqxn	C
2020-03-28 12:46:24.223972	u/NOX_Scorpz	flr5f5i	u/minipele1125	flr3iw4	C
2020-03-28 12:46:38.272113	u/monkeybutts_1911	flr5fqs	u/TheNordicCountries	flqx24a	C
2020-03-28 12:46:51.852597	u/QueasyMemer	flr5g63	u/Steven_2769	flr5bve	C
2020-03-28 12:47:14.107890	u/TheLetterSeven	flr5gyx	u/Steven_2769	flr4j3b	C
2020-03-28 12:47:38.898942	u/DarkWolfWarrior101	flr5ijx	u/LixuxIsNoice	flmqj71	C
2020-03-28 12:47:53.812603	u/renzus_23	flr5j0a	u/Ultra_Weaboo	flr2map	C
2020-03-28 12:48:04.411599	u/DevilDog998	flr5jou	u/44G6	flqnf8k	C
2020-03-28 12:48:14.447334	u/Yeetboi214	flr5k7s	u/MoBambaGaming	flqkdcg	C
2020-03-28 12:48:24.926673	u/thedevansh1999	flr5kn1	u/Zeromatic	flr5edl	C
2020-03-28 12:48:29.365272	u/Epix1235	flr5kxc	u/Wondervv	flr5cke	C
2020-03-28 12:48:31.813554	u/WoodyThe5th	flr5kz5	u/sneden_fern	flqefrz	C
2020-03-28 12:48:37.043248	u/RegularMatter	flr5l8q	u/Bebe_Yoda-69	flr1weg	C
2020-03-28 12:48:50.760860	u/OliverPK	flr5m0v	u/packle-kackle	flqlr2k	C
2020-03-28 12:49:22.369838	u/tsho24	flr5ng7	u/kendovzii	flqycxt	C
2020-03-28 12:49:26.477379	u/_control_win_	flr5nqz	u/MasanakoPuRe	fllrvig	C
2020-03-28 12:49:42.899706	u/zduke123	flr5ons	u/fualtyzane	flr26dd	C
2020-03-28 12:49:44.826349	u/McStabski	flr5ot4	u/lit-boi-berry-bee	flr5n35	C
2020-03-28 12:49:49.215857	u/ianthegreat6	flr5p35	u/BOSS_Master7000	flr0mwp	C
2020-03-28 12:49:56.324905	u/Horizon2910	flr5pkt	u/NienieDreamer	flqmkac	C
2020-03-28 12:49:56.873491	u/watersheep399	flr5ply	u/Dav1d_D	flr5nql	C
2020-03-28 12:50:00.150179	u/HopHunter420	flr5q5z	u/fualtyzane	flr4lna	C
2020-03-28 12:50:06.141510	u/GhostHugger	flr5qcv	u/vpetrychuk	flqqwki	C
2020-03-28 12:50:10.882705	u/cklamath	flr5qhp	u/Fqrb	flqkjtm	C
2020-03-28 12:50:13.365570	u/NotSoRainbow	flr5qjh	u/JAME0	flqsqnv	C
2020-03-28 12:50:22.782349	u/Lasaga821	flr5r19	u/Ryan8088	fl2jtge	C
2020-03-28 12:50:40.522470	u/DD150033	flr5rnx	u/theabag-ari	flqzypg	C
2020-03-28 12:50:55.408295	u/CarelessLine	flr5s6x	u/suicidalbutalive	flqvnes	C
2020-03-28 12:51:01.130194	u/ESDidNotKillHimself	flr5scp	u/Ghoulish4t0m	flqq6pw	C
2020-03-28 12:51:18.831298	u/Thememegenieishere	flr5t7g	u/Centtrix	flr4rey	C
2020-03-28 12:51:26.523122	u/LiL_BiG_BoI18	flr5tgb	u/Manzar534	flqk0d5	C
2020-03-28 12:51:36.001432	u/PurpleCIoud	flr5trx	u/notmyname5670	flqh4dh	C
2020-03-28 12:51:41.678237	u/SuspiciousFlags	flr5tw9	u/racerfree	flr4pri	C
2020-03-28 12:51:48.558179	u/TitusPotPie	flr5u5m	u/caden_r_725	flr5q79	C
2020-03-28 12:51:53.094207	u/Atom596	flr5ubn	u/AutoModerator	flql4wh	C
2020-03-28 12:51:57.642351	u/GotYeeted	flr5uoc	u/CringeLordAir	flqfge1	C
2020-03-28 12:52:15.576732	u/astfolios	flr6zlx	u/44G6	flqnf8k	C
2020-03-28 12:52:20.458163	u/damlazittin	flr6znr	u/iolanthe7shoes	flr6wee	C
2020-03-28 12:52:23.779167	u/yeetyeetIlikebeets	flr6zs0	u/BlakkoeNakker	flr3zxl	C
2020-03-28 12:52:37.306886	u/RealKingOfGermany	flr708r	u/nyxprimesucks	flqyy25	C
2020-03-28 12:52:50.534119	u/ha5htaq	flr70f0	u/dgrif3209	flqgqxn	C
2020-03-28 12:53:21.154236	u/CrazyDrDuck	flr71dn	u/UnauthorizedRosin	flr2rq8	C
2020-03-28 12:53:49.010563	u/sucemabite69	flr72cd	u/Void-XM	flr39k5	C
2020-03-28 12:53:58.905628	u/Godhimself_REDDIT	flr72nj	u/Xploiter_RBLX	flr6ynd	C
2020-03-28 12:54:16.694043	u/LittleGiantJ	flr7374	u/Igara-Parana	flqzmu3	C
2020-03-28 12:54:26.450539	u/TheR6God	flr73ml	u/racerfree	flr0j0z	C
2020-03-28 12:54:36.803906	u/jdawgyeeeet	flr73ws	u/Imagine_Squidy	flqub7k	C
2020-03-28 12:54:50.171469	u/shypotato426	flr742h	u/Parnell28	flqdhif	C
2020-03-28 12:55:08.731412	u/Clonedkiller0	flr74jt	u/vincecripps	flr09fg	C
2020-03-28 12:55:28.135309	u/Lspoor17	flr753w	u/Asriel_Dreeeemurr	flr1rzm	C
2020-03-28 12:55:37.925885	u/EasilyRekt	flr75fg	u/Gneusck	flr723r	C
2020-03-28 12:56:05.332884	u/Kicooi	flr76he	u/BurntBacn	flr70a5	C
2020-03-28 12:56:30.916253	u/Pbjtyme05	flr77mh	u/44G6	flqnf8k	C
2020-03-28 12:56:44.222682	u/DabLikePadde	flr77z8	u/AutoModerator	flqm1wq	C
2020-03-28 12:56:46.837968	u/vfcsghjdfgj	flr780o	u/parrylover69	flr4kwd	C
2020-03-28 12:57:34.549435	u/Adolfandshreksbabies	flr79uv	u/SPOTlickPOP	flqog5b	C
2020-03-28 12:58:05.154913	u/Gritilis_PEPER	flr7ax1	u/TheBananaToucan	flr39d2	C
2020-03-28 12:58:10.037592	u/LuckysGift	flr7ba2	u/CDXXD9	flqsalk	C
2020-03-28 12:58:15.997378	u/Node_S	flr7be0	u/fualtyzane	flnqcmt	C
2020-03-28 12:58:46.879610	u/DynamicLurker	flr7cw1	u/44G6	flqlrok	C
2020-03-28 12:58:49.393537	u/Megaflight	flr7cyn	u/i-just-want-meme	flqttrd	C
2020-03-28 12:58:57.007050	u/Areeb3331	flr7d6l	u/I_Am_Hacob	flr3mg4	C
2020-03-28 12:59:15.320279	u/sat03	flr7e1g	u/Ueberlektriker	flp8980	C
2020-03-28 12:59:20.634036	u/ScaryPeanutt69	flr7e8g	u/Xploiter_RBLX	flr767u	C
2020-03-28 12:59:22.635145	u/breelium	flr7efb	u/Lactic123	flqmbv2	C
2020-03-28 12:59:25.388445	u/321wehttam	flr7em4	u/AutoModerator	flr6w5m	C
2020-03-28 12:59:26.851347	u/Revfunky	flr7emy	u/44G6	flqnf8k	C
2020-03-28 12:59:33.799928	u/puzzlebob	flr7f4k	u/fualtyzane	flpu439	C
2020-03-28 12:59:41.564194	u/Memejunkey	flr7fh3	u/BORORORI	flquxik	C
2020-03-28 12:59:55.863049	u/ReallyNeedHelp222	flr7ghe	u/Breakfeast-Bo_23	flr7673	C
2020-03-28 12:59:59.018116	u/CoochieCruncher03	flr7gvj	u/DarkestLawbringer	flqsa4q	C
