2020-03-27 20:00:07.396854	u/Oof_Padoof	flp71xs	u/MyJelloJiggles	flp6zlx	C
2020-03-27 20:00:30.279850	u/modernwarfarestfsarg	flp72wd	u/RepostSleuthBot	flp6ken	C
2020-03-27 20:00:40.596622	u/c_prendio	flp7342	u/RepostSleuthBot	flooo1k	C
2020-03-27 20:00:57.430213	u/step6666	flp73w7	u/XXXAWSOMESAUCE	flp71lz	C
2020-03-27 20:00:59.742524	u/pistolety500	flp73zd	u/WillieStroker69	fljnaiq	C
2020-03-27 20:01:39.164027	u/dzreddit1	flp754k	u/kk_113	flp3arc	C
2020-03-27 20:01:43.608995	u/cmonmaaaan	flp759k	u/AlexJonesInDisguise	flp6zzv	C
2020-03-27 20:02:45.023788	u/samross100	flp77g4	u/YaBoiErikWithAK	flp3qv5	C
2020-03-27 20:02:54.346242	u/serdracula	flp77tv	u/ezruff	flp6jx6	C
2020-03-27 20:03:03.524212	u/BreakingPoint789	flp784u	u/RealZesky	fq8tt4	S
2020-03-27 20:03:29.229715	u/Silent_Moab	flp79ad	u/thejman134	flp76cr	C
2020-03-27 20:03:32.428078	u/otastco	flp79e9	u/Kopie115	flp6xch	C
2020-03-27 20:03:40.879962	u/duck_tape1	flp79nr	u/RepostSleuthBot	flo0rh2	C
2020-03-27 20:03:43.005730	u/Erro-Lyonne	flp79nx	u/bigbadbillyy	flosde4	C
2020-03-27 20:03:48.331086	u/0frozt0	flp79ro	u/thenangmeister	flntwzh	C
2020-03-27 20:03:52.604226	u/dr_tdm1	flp79vb	u/lilchonk69	flp6fi8	C
2020-03-27 20:03:55.814432	u/tHy-WyRm	flp79xc	u/iexist3	flp0i2w	C
2020-03-27 20:04:02.593575	u/Just_Ae_Joey	flp7a7b	u/PaAzura	flp17e6	C
2020-03-27 20:04:19.920925	u/Ylonmemes	flp7ak9	u/BTR-KG	flp6qd9	C
2020-03-27 20:04:22.011660	u/dietpepsi42069	flp7an3	u/VroenGuard414	flonxmo	C
2020-03-27 20:04:24.103792	u/NoNiiiin	flp7ans	u/otastco	flp76f8	C
2020-03-27 20:04:27.200414	u/thehoneybadger93	flp7apn	u/TomGle	flp4511	C
2020-03-27 20:04:49.771723	u/IrstykaY	flp7be4	u/otastco	flp7ab5	C
2020-03-27 20:05:01.802608	u/Ramen_Radio	flp7bw8	u/verbalyabusiveshit	flopfgp	C
2020-03-27 20:05:20.776936	u/joe-mama666	flp7ca2	u/otastco	flp758h	C
2020-03-27 20:05:22.730596	u/awesomesaying65	flp7ca3	u/TheJackmobTV	flozi2l	C
2020-03-27 20:05:43.105140	u/The_meme_devil	flp7czc	u/iexist3	flp0i2w	C
2020-03-27 20:05:50.355048	u/ChromedKnowledge	flp8jag	u/Lord_Nyarlathotep	flp6r3w	C
2020-03-27 20:06:03.425297	u/Lord-Nuxanor	flp8jsm	u/Taralyth	flp5kup	C
2020-03-27 20:06:12.667853	u/L4NC3L0T18	flp8k3r	u/login__name2	flp29c3	C
2020-03-27 20:06:18.038557	u/Lockwood687	flp8k7e	u/Harlequin__	flosnta	C
2020-03-27 20:06:23.882890	u/Chetmang0	flp8kh2	u/fualtyzane	flp8b7c	C
2020-03-27 20:06:34.378920	u/PieGuy1793	flp8kv4	u/XB2006	flnerx8	C
2020-03-27 20:06:44.172315	u/Duck1631	flp8lij	u/SSBUplayer	flp5rws	C
2020-03-27 20:06:55.104099	u/Roxxagon	flp8m3n	u/SocialistIsopod	flmw63z	C
2020-03-27 20:07:10.442549	u/Bahrican798	flp8mur	u/longhud	flp8lc9	C
2020-03-27 20:07:22.301707	u/BandsWithoutHands	flp8n4h	u/fualtyzane	flp8hxg	C
2020-03-27 20:07:29.262279	u/CrispyTowelette	flp8n9e	u/AzraeltheGrimReaper	flp0so5	C
2020-03-27 20:07:55.804205	u/bongdestroyer2000	flp8obf	u/boek2107	flp5ykx	C
2020-03-27 20:08:22.167368	u/nondual_duelist	flp8qis	u/a_traktor13579	flogqpv	C
2020-03-27 20:08:27.161383	u/bb-voyeur	flp8qyv	u/fualtyzane	flp3arl	C
2020-03-27 20:08:38.620142	u/darth-canopener	flp8res	u/EliMaxsaysSaveEarth	flp8cr5	C
2020-03-27 20:08:44.174152	u/PhantomShot-25	flp8ro0	u/the_infinite_potato_	flp8k3d	C
2020-03-27 20:08:46.340604	u/--Snowball--	flp8rs1	u/Saintsfull	flp89uz	C
2020-03-27 20:08:54.351906	u/Redflame69	flp8s8c	u/otastco	flp87he	C
2020-03-27 20:08:55.834345	u/TopMali	flp8sa0	u/The_Hyenabear	flp49ko	C
2020-03-27 20:08:57.867891	u/mr_pooncake123	flp8sag	u/ERRORNUMBER2004	flp5ccg	C
2020-03-27 20:09:10.340103	u/aidan_large	flp8szm	u/CavemanSindahlMan	flor5lo	C
2020-03-27 20:09:27.750903	u/Kopper358	flp8tdr	u/JackeRid05	flor8ex	C
2020-03-27 20:09:29.863907	u/sq0rt	flp8tgx	u/fualtyzane	flp8lsp	C
2020-03-27 20:09:38.137750	u/tahhee	flp8u7z	u/dhhhhddhh	flp8lsd	C
2020-03-27 20:09:39.630958	u/Cryptexxx47	flp8u8w	u/lifeordeathsworld	flp85sp	C
2020-03-27 20:09:53.938523	u/DenierB	flp8v8x	u/ScreaminNo	flp8qnz	C
2020-03-27 20:09:58.851053	u/LincEnchanted	flp8vl6	u/Crabperson72	flp6vi6	C
2020-03-27 20:09:59.963477	u/AvacadoAtLaw2	flp8vol	u/BTR-KG	flp89yh	C
2020-03-27 20:10:09.999047	u/dyspros1uim87	flp8w69	u/AutoModerator	flp8hhd	C
2020-03-27 20:10:12.338120	u/HeckaZecka	flp8w6l	u/Acid_Reflux_diet	flp8seg	C
2020-03-27 20:10:27.188989	u/taym117	flp8wrw	u/fualtyzane	flp8j38	C
2020-03-27 20:10:47.855105	u/YasyYas	flp8xnv	u/dcntytt	flozg66	C
2020-03-27 20:11:05.598090	u/dentistjesus	flp8xxb	u/StalinIsCommunism	flord0c	C
2020-03-27 20:11:13.918110	u/Ken_Danagger	flp8y7f	u/otastco	flp8vgf	C
2020-03-27 20:11:27.847719	u/Yko123	flp8yjd	u/jwl836	flp43c4	C
2020-03-27 20:11:38.862257	u/Ricochet2000	flp8yua	u/bromigo_dorito	floe9e7	C
2020-03-27 20:11:52.191149	u/Braindoesntgetdwntim	flp8zax	u/Liam-hates-violas	flp8y17	C
2020-03-27 20:11:59.224287	u/Cosmetic_Boom	flp8zgm	u/natechenry	flp8y1u	C
2020-03-27 20:12:07.684424	u/ikantbreathe	flp8zoo	u/44G6	flov963	C
2020-03-27 20:12:43.702891	u/Luney_the_6th	flp90k3	u/Luko_Landino	flp7vjl	C
2020-03-27 20:12:47.288793	u/kep_streeter	flp90p6	u/Slomo-sapien	flp8xq4	C
2020-03-27 20:12:57.507737	u/Hodsulfr	flp90yq	u/NowUKnowMyUsername	flp6mzh	C
2020-03-27 20:13:02.196702	u/Nacktac	flp90zt	u/wiscup1748	flp8wdy	C
2020-03-27 20:13:53.220759	u/BathoryRocker	flp939i	u/44G6	flp8efy	C
2020-03-27 20:13:57.329819	u/how_boutcha	flp93ai	u/inbred_bread	flp80wd	C
2020-03-27 20:14:24.712652	u/Benneck123	flp94bv	u/Vollkorntoastbrot	fllxjs3	C
2020-03-27 20:14:31.976902	u/King_of_the_light	flp94ka	u/otastco	flp8d2j	C
2020-03-27 20:14:44.274566	u/BumpyLolwhy	flp9541	u/RepostSleuthBot	flp6ken	C
2020-03-27 20:15:05.691186	u/KlispyBlacon	flp95zj	u/lilchonk69	flp513g	C
2020-03-27 20:15:17.905497	u/GoodOldSucc	flp96jt	u/RepostSleuthBot	flp93pm	C
2020-03-27 20:16:01.359377	u/jaspersynth	flp9886	u/Lord_Nyarlathotep	flp8v7u	C
2020-03-27 20:16:50.341386	u/Uelana	flp9a9j	u/shannarosie	flo88f4	C
2020-03-27 20:16:59.266597	u/Dedroo	flp9apx	u/sarhan182	flnww8b	C
2020-03-27 20:17:30.900330	u/Pelicansrule360	flp9c6g	u/YeetCannon9x19mm	flp93u9	C
2020-03-27 20:17:36.772764	u/sealboi308	flp9cbf	u/Wolfolkek	flp23q4	C
2020-03-27 20:17:48.038346	u/BirkusDoge	flp9co1	u/fualtyzane	flp97ww	C
2020-03-27 20:18:04.539132	u/mustafabedir	flp9dbv	u/Summetz	flp6cor	C
2020-03-27 20:18:17.604177	u/GrayHow37	flp9dlw	u/God12321	flooqnu	C
2020-03-27 20:18:32.248122	u/meme-digester	flp9e43	u/Cosmetic_Boom	flp93b2	C
2020-03-27 20:18:37.661210	u/Dickbutt209	flp9eoo	u/Val-Oswald	flp0cma	C
2020-03-27 20:18:44.885826	u/Ze_DUCC	flp9f0x	u/WhoElseButDedede	flodmd8	C
2020-03-27 20:18:47.105962	u/Noble_Seven_	flp9f3q	u/WierdoYT	flp9dvz	C
2020-03-27 20:18:50.679047	u/darcseed2	flp9f5q	u/Curiosity-Nola	flp0fe7	C
2020-03-27 20:19:09.539441	u/sagitariobr	flp9fpn	u/fualtyzane	flp97ww	C
2020-03-27 20:19:20.132376	u/DanDaManOU812	flp9gaa	u/that_one_dued	flp7ihf	C
2020-03-27 20:19:27.018466	u/Gamer7524	flp9glw	u/Doubletap-v02	flol36e	C
2020-03-27 20:19:52.569318	u/mmbriggo	flp9hua	u/TheStampingGuru	flp2mjp	C
2020-03-27 20:19:56.797772	u/CursedBlueREDDIT	flp9i7i	u/fualtyzane	flp98xa	C
2020-03-27 20:19:58.011844	u/ollulo	flp9ig6	u/RepostSleuthBot	flp7ssv	C
2020-03-27 20:20:00.119755	u/Azorcol	flp9iln	u/ScreaminNo	flp8ulp	C
2020-03-27 20:20:06.576251	u/Lsm3003	flp9irz	u/Kopper358	flp8tdr	C
2020-03-27 20:20:18.386088	u/3xtra-	flp9j23	u/fualtyzane	flp9b07	C
2020-03-27 20:20:20.720091	u/chasing_the_wind	flp9j2w	u/JohnBayani	flo4bxp	C
2020-03-27 20:20:35.637298	u/Tahacev014	flp9jio	u/SpicyTacoLord	flozxbr	C
2020-03-27 20:21:14.732493	u/elbowgrease2	flp9kqm	u/tajbeano	floxn92	C
2020-03-27 20:21:21.666912	u/juneauboe	flp9kvt	u/SoWokeIdontSleep	flp6ze2	C
2020-03-27 20:21:37.070556	u/AN-94Abakan	flp9lg2	u/TrooperUnit001	flp5hz6	C
2020-03-27 20:21:57.561994	u/crispybacon89	flp9lzk	u/brebby101	flp7frn	C
2020-03-27 20:22:12.729343	u/Jon1992L	flp9mgz	u/dimmiii	flp8sk0	C
2020-03-27 20:22:14.923379	u/Hazmatlegend	flp9mhu	u/THELAZYEETER124	flp9k1j	C
2020-03-27 20:22:24.077829	u/R0BERT0-	flp9mtr	u/Rugynate	flophtv	C
2020-03-27 20:22:27.403623	u/Anakin-skywalker-33	flp9mvk	u/RepostSleuthBot	fldc4vh	C
2020-03-27 20:22:39.904116	u/kmomkin	flp9n6e	u/redditmeric	flopkg1	C
2020-03-27 20:22:54.568474	u/Lenakii_art	flp9nsx	u/fualtyzane	flp8igz	C
2020-03-27 20:23:02.146448	u/theMarshmello	flp9o26	u/arrowfellow	flnenms	C
2020-03-27 20:23:29.353576	u/1-800-sociopath	flp9oon	u/eLynxz	floy93t	C
2020-03-27 20:24:55.102513	u/TimothyYi711	flp9ryq	u/Ib214000	floavsb	C
2020-03-27 20:24:59.274264	u/annoyingperson856	flp9s6x	u/Kovdark	flp99xb	C
2020-03-27 20:25:20.921329	u/Dark197	flp9sxe	u/ImOkayAtClashRoyale	flp8s7k	C
2020-03-27 20:25:43.595664	u/EATITU	flp9tli	u/0kredditor	flp680g	C
2020-03-27 20:25:56.685426	u/C4Birthdaycake	flp9u0l	u/htlFORT	fln9o4f	C
2020-03-27 20:26:33.320474	u/Shenic	flp9vgp	u/FlammableBaby	flp8fh1	C
2020-03-27 20:26:40.239192	u/Allomantic-Mists	flp9vr0	u/Cringemasta6f4	flp7fqm	C
2020-03-27 20:26:54.466806	u/LGP747	flp9wdd	u/CauseImSlimShady	flo9wgh	C
2020-03-27 20:27:19.659033	u/Bengt-with-nonametag	flp9xq9	u/Luko_Landino	flp93ey	C
2020-03-27 20:27:30.501311	u/Dragon-Wolf-882-	flp9y2f	u/JackeRid05	flor8ex	C
2020-03-27 20:27:44.127203	u/JahManRock	flp9ye4	u/AutoModerator	flo3oyq	C
2020-03-27 20:27:49.739657	u/Flyfires1	flp9yh3	u/JoeyTheEcho	flp0j1c	C
2020-03-27 20:27:52.110899	u/spinhetti	flp9yl7	u/secondtoasterintub	flp9dmq	C
2020-03-27 20:27:55.537023	u/SoulK007	flp9yzb	u/iAteAMorty	flp82tv	C
2020-03-27 20:27:59.445547	u/Nubgameplay12	flp9z1m	u/lifeordeathsworld	flp9bwz	C
2020-03-27 20:28:10.591845	u/Dgstowe	flp9zpj	u/Minecraft42069lol	flp8xwy	C
2020-03-27 20:28:16.212558	u/the_vacuum	flp9zyn	u/fualtyzane	flp0nmy	C
2020-03-27 20:28:17.735439	u/Artsyrobot123	flpa007	u/sepromas	floulj7	C
2020-03-27 20:28:42.109995	u/anandy1	flpa10f	u/lupodipy	flp3qj1	C
2020-03-27 20:28:56.220801	u/quick_sub_gaming	flpa1ku	u/JackeRid05	flor8ex	C
2020-03-27 20:29:06.142179	u/flipheckuscaredme	flpa2cp	u/Beans_42069	flp0ifr	C
2020-03-27 20:29:13.548347	u/Krocodilo	flpa2of	u/SirMenzALot	flp3u26	C
2020-03-27 20:29:31.811473	u/XxMaStErGamInG29xXx	flpa3yk	u/Luko_Landino	flp9zem	C
2020-03-27 20:29:35.203619	u/necrophilic_horse	flpa43n	u/osayicantsee517	flp6hap	C
2020-03-27 20:30:00.305631	u/gogu20	flpa6sr	u/RabbitEatsCarrots	flo6ve5	C
2020-03-27 20:30:16.286145	u/Sylph_Co	flpa7g4	u/Joshument	flp5wlj	C
2020-03-27 20:30:22.353784	u/PewDieDux	flpa7ih	u/SleepBeforeWork	flp97k1	C
2020-03-27 20:30:31.468832	u/MorningPants	flpa7p7	u/fualtyzane	flp0vgy	C
2020-03-27 20:31:14.337072	u/ColdFaia	flpa8sb	u/Xploiter_RBLX	flp7ewe	C
2020-03-27 20:31:22.909140	u/cocaine-and-curry	flpa8yl	u/_Progamerbutpoor_	flp6136	C
2020-03-27 20:31:34.701421	u/scienzgds	flpa9a7	u/50ftmongoose	flouv8h	C
2020-03-27 20:32:01.458456	u/reddit-be-cool	flpaa8t	u/Spyfall007	flp2ml4	C
2020-03-27 20:32:20.106230	u/Rianfelix	flpaaof	u/-GiantSlayer-	flp7kty	C
2020-03-27 20:32:43.152887	u/MrCanyCan	flpb6bb	u/brutaleoin	flnvtv2	C
2020-03-27 20:33:13.785470	u/AztecWolfpack	flpb770	u/real_doppelganger	floia5h	C
2020-03-27 20:33:42.693320	u/SoapSuds72	flpb8ei	u/Kopper358	flp9k6y	C
2020-03-27 20:33:51.056436	u/LincolnShirePoachr	flpb8o1	u/Dahwaann4U	flolqbs	C
2020-03-27 20:34:16.867385	u/unencouraged	flpb9k6	u/AutoModerator	flpb4k7	C
2020-03-27 20:34:38.575536	u/prestigeboii	flpbaan	u/Kicore0257	flmbfk2	C
2020-03-27 20:34:52.150462	u/cbg0004	flpbb2e	u/velvet_thunder124	flozxfn	C
2020-03-27 20:35:11.050616	u/RavingRougeRaven	flpbbgz	u/natechenry	flohffq	C
2020-03-27 20:35:22.377849	u/swifty8236	flpbc3g	u/_Xand0n_	flpb5yi	C
2020-03-27 20:35:48.338265	u/Fappen2DaOld33Zz	flpbdj6	u/Dr_Saguaro	floxf1d	C
2020-03-27 20:35:58.839828	u/DirkDieGurke	flpbdtr	u/redditmeric	flopkg1	C
2020-03-27 20:36:01.537985	u/ProfectaEsso	flpbe19	u/VibeBOT	flpb4ru	C
2020-03-27 20:36:13.252090	u/GammyBeure	flpbepr	u/Doubletap-v02	flor1pb	C
2020-03-27 20:36:23.525474	u/Downwithbadships	flpbf6d	u/ElPeako1	flpb211	C
2020-03-27 20:36:34.073463	u/hairdude2	flpbfh8	u/OmniTheProdigy	flp3kr3	C
2020-03-27 20:36:38.155318	u/Observer_Man	flpbfll	u/Icarus2002	flozdtu	C
2020-03-27 20:36:46.093638	u/AlienatedExamination	flpbfvv	u/Letsgochamp290103	flp2gd3	C
2020-03-27 20:36:51.508556	u/what-is-a-joke1002	flpbg3j	u/FrittoBuritto	flcfbgh	C
2020-03-27 20:36:53.202302	u/Kamilia666	flpbg3t	u/_Progamerbutpoor_	flp6136	C
2020-03-27 20:37:41.237501	u/MrConorAE	flpbink	u/a_very_small_dude	flpaklx	C
2020-03-27 20:37:58.613404	u/Banditrocket2224	flpbjob	u/Luko_Landino	flpb7op	C
2020-03-27 20:38:12.064427	u/H1CoDoe	flpbk88	u/Just-a-Plant-dude	flp0jxi	C
2020-03-27 20:38:56.302172	u/Yuesnot	flpblt7	u/_Xand0n_	flpb5yi	C
2020-03-27 20:39:00.159617	u/BabaSherif	flpblwe	u/MAGIC_EYE_BOT	flpbbfd	C
2020-03-27 20:39:13.680094	u/Bartholemu_MK	flpbmm4	u/HelpMeILostMyAccount	flp4ilx	C
2020-03-27 20:39:15.257708	u/Quartae	flpbmrq	u/shrek2themovie	flpbkde	C
2020-03-27 20:39:17.419314	u/cailynmm32	flpbmup	u/UsedPossible	flpbksw	C
2020-03-27 20:39:22.406737	u/fgebgruhg	flpbn0g	u/skullkrusher2115	floeou2	C
2020-03-27 20:39:24.754119	u/MEGAweeb-	flpbn7m	u/panicbutnotanydisco	flp09yl	C
2020-03-27 20:39:46.192922	u/MotherOfKrakens95	flpbobz	u/CarolinaGamer28	flo1an3	C
2020-03-27 20:39:48.425050	u/DeeLilDingDong	flpboh1	u/Guitar-NinjaYT	flop55x	C
2020-03-27 20:40:17.996380	u/syroopin	flpbq81	u/_Xand0n_	flpb5yi	C
2020-03-27 20:40:43.517416	u/wettaco8365	flpbrh0	u/LukeWendell	flp1g42	C
2020-03-27 20:41:13.553742	u/VladtheMemer	flpbsgd	u/Akio_Haze	flouhlv	C
2020-03-27 20:41:23.809945	u/N4rrator	flpbsrr	u/Yko123	flpbp92	C
2020-03-27 20:41:27.280762	u/-n0obmaster69-	flpbssy	u/dr_tdm1	flpbrrv	C
2020-03-27 20:41:49.215066	u/FalseLazari	flpbtv7	u/rnielsen776	fq3cgf	S
2020-03-27 20:41:52.894984	u/MST_Braincells	flpbtx1	u/Neoage	flowdje	C
2020-03-27 20:41:55.259945	u/Rav135	flpbtzo	u/SpicyZhun	flp4xhx	C
2020-03-27 20:42:05.880701	u/low_class_weeb	flpbu85	u/Naivet	flpaxnu	C
2020-03-27 20:42:28.596176	u/jj_the_janitor	flpbuor	u/LordLegendWolf	flpbsyr	C
2020-03-27 20:42:38.752093	u/whylordwhyatgmail	flpbv54	u/IronMan2024	flp6u9v	C
2020-03-27 20:42:42.096895	u/laughwidmee	flpbvb8	u/Tru_Drone_Videos	flokjdf	C
2020-03-27 20:42:44.336558	u/NotAMeme9	flpbve0	u/subhumanslimething	flp6b3v	C
2020-03-27 20:42:46.561630	u/imthedoctor22	flpbvfa	u/EnoughAbalone	flnrb1q	C
2020-03-27 20:43:14.776848	u/TophatOwl_	flpbwc1	u/Acid_Reflux_diet	flpbbga	C
2020-03-27 20:43:59.164080	u/severon10290	flpbxk6	u/inbred_bread	flp80wd	C
2020-03-27 20:44:07.072449	u/mucho-cheese	flpbxr5	u/_Xand0n_	flpb5yi	C
2020-03-27 20:44:10.293655	u/elgrandslammer	flpbxt2	u/Luko_Landino	flpboln	C
2020-03-27 20:44:27.090744	u/cookiechrumbs	flpbyzc	u/youfibbedinjanuary	flot0wm	C
2020-03-27 20:44:36.243256	u/DoubleDownDefense	flpbz2t	u/fualtyzane	flp4pky	C
2020-03-27 20:44:54.989568	u/tjbrou	flpbzos	u/mazen2985	flp6q0l	C
2020-03-27 20:45:10.658538	u/beat_mymeat	flpc0b2	u/wettaco8365	flpbrh0	C
2020-03-27 20:45:17.947050	u/stavrosps123	flpc0ih	u/SaharshDaNerd	flnua8v	C
2020-03-27 20:45:24.422834	u/MrmmphMrmmph	flpc0q0	u/redditmeric	flp0xcu	C
2020-03-27 20:45:28.351411	u/dinosk610	flpc0tp	u/shizeR45	flpbwhm	C
2020-03-27 20:46:08.445736	u/SexyDex420	flpc22i	u/DeeLilDingDong	flpboh1	C
2020-03-27 20:46:16.510534	u/username10985	flpc26n	u/Pokeduell	flpb8v3	C
2020-03-27 20:46:39.916738	u/creeperman486	flpc3qp	u/Yko123	flpc1t1	C
2020-03-27 20:46:41.815403	u/Renato1672	flpc3wh	u/AlexXx42069	flpc11j	C
2020-03-27 20:46:45.036115	u/Communism_For_All	flpc3xk	u/WillBeBannedShortly	flp5wkg	C
2020-03-27 20:46:59.082764	u/cjpa66	flpc4pz	u/papiBigBuck	floh9x0	C
2020-03-27 20:47:08.329082	u/darippa77	flpc52f	u/boek2107	flpbvvb	C
2020-03-27 20:47:28.392821	u/Viccae73	flpc612	u/_Xand0n_	flpbwkh	C
2020-03-27 20:47:32.232967	u/Horsbros1	flpc61z	u/Calmus5	flpc230	C
2020-03-27 20:47:36.059831	u/mrminnows	flpc67n	u/Lams1d	flogtts	C
2020-03-27 20:47:53.813555	u/Cossack-HD	flpc762	u/RJPeaches	flopej9	C
2020-03-27 20:48:00.181428	u/catbadass	flpc7ol	u/Masinary	flowgfy	C
2020-03-27 20:48:01.718056	u/juuqr	flpc7rn	u/meh1231	floekjq	C
2020-03-27 20:48:12.252030	u/-mylindor-	flpc88k	u/Mixmaster-Omega	flp6821	C
2020-03-27 20:48:13.836420	u/Gnommeon22	flpc88n	u/necrophilic_horse	floji5c	C
2020-03-27 20:48:16.238723	u/Cycclone_360	flpc8cm	u/MrConorAE	flpbink	C
2020-03-27 20:49:12.085898	u/CanuckBacon	flpcbq0	u/fualtyzane	flp4bhw	C
2020-03-27 20:49:14.547492	u/Mikey_the_Vegan	flpcbvn	u/Luko_Landino	flpc1qh	C
2020-03-27 20:49:25.692281	u/That-short-boi	flpccgl	u/shellypancake	flo5fwc	C
2020-03-27 20:49:30.219537	u/musicallygarbage	flpcclh	u/I_feel_oke	flpb5ng	C
2020-03-27 20:49:36.632444	u/Cutesie117	flpccu1	u/Naivet	flpcatz	C
2020-03-27 20:49:45.738478	u/Zangetsu119	flpcdf3	u/PersonWhoExists50306	flp7jc6	C
2020-03-27 20:50:06.366138	u/MrAnimeTittiesss	flpcf3u	u/ArtemIsGreat	fln73ok	C
2020-03-27 20:50:33.023773	u/Fluffy_MrSheep	flpcfyj	u/Aditya_the_wise	flp9s9r	C
2020-03-27 20:51:18.359768	u/Meme_Police_Unit_01	flpchjq	u/DanDaManOU812	flp9gaa	C
2020-03-27 20:51:33.568246	u/J_____T______	flpchwe	u/problm_child	flpbscj	C
2020-03-27 20:51:55.107579	u/IamNoatak	flpcil5	u/amhap	flpceub	C
2020-03-27 20:52:17.624150	u/cuteraddish	flpcjh3	u/Shenic	flp9vgp	C
2020-03-27 20:52:21.065084	u/Doomkiller7676	flpcjoh	u/i-dont-fuckin-knoe	flpbyfb	C
2020-03-27 20:52:26.823859	u/lmaoyeetmaster	flpcjrm	u/Dark-HybridLynx	flpbnop	C
2020-03-27 20:52:34.980254	u/Xx_epicsaucegamer_xX	flpck05	u/cerealcat2020	flpcfqs	C
2020-03-27 20:52:37.233272	u/KetterAlienSlayer	flpck2d	u/RepostSleuthBot	flpan8b	C
2020-03-27 20:53:02.880303	u/Regnasam	flpclr6	u/CurbKillaz	flo7s0s	C
2020-03-27 20:53:42.241639	u/RainboBro	flpcmy0	u/Icarus2002	flpccht	C
2020-03-27 20:53:51.109668	u/yosefschwartz26	flpcnjl	u/kingjohn1919	flpclxt	C
2020-03-27 20:54:04.930128	u/BrokenReiswaffle	flpcnzc	u/Luko_Landino	flpcg2r	C
2020-03-27 20:54:36.323054	u/MaunderingNomad	flpcp2r	u/Tomatenpastij	flp9c9m	C
2020-03-27 20:55:07.245139	u/TheNeutralGrind	flpcq8z	u/fualtyzane	flp4tli	C
2020-03-27 20:55:28.123185	u/Puppy_guard	flpcqzt	u/JackeRid05	flor8ex	C
2020-03-27 20:55:52.677166	u/vojin98_	flpcs38	u/Respect_Paying_Bot	flpcbv2	C
2020-03-27 20:56:02.339844	u/Sharizay	flpcs9q	u/Amusing_Diction	flpbk8a	C
2020-03-27 20:56:19.867814	u/Seetmo	flpct0t	u/HeroMKS2	flooq8x	C
2020-03-27 20:56:21.698204	u/FlyYouFoolyCooly	flpct1z	u/Cosmetic_Boom	flp93b2	C
2020-03-27 20:56:27.937132	u/Typhonack	flpct3l	u/jj_the_janitor	flpbuor	C
2020-03-27 20:56:55.469671	u/alreadytakenj	flpcu6y	u/Emonnn	floxzb2	C
2020-03-27 20:57:06.317431	u/WaterElf	flpcuki	u/U_reeeYT	flp3rkc	C
2020-03-27 20:57:12.784621	u/HeyGiveMeDownVotes	flpcv49	u/Reeemageee	flp3a8q	C
2020-03-27 20:57:54.620794	u/I-Exist00	flpcwyu	u/AutoModerator	flp7pv2	C
2020-03-27 20:58:00.487410	u/TashaCoconutz	flpcx3q	u/A3TH4N	florjgv	C
2020-03-27 20:58:12.082774	u/angrylawd	flpcxqd	u/-GiantSlayer-	flp74eo	C
2020-03-27 20:58:14.315368	u/Maedhros-Maitimo	flpcxve	u/BadgerSunshine	flpccoa	C
2020-03-27 20:58:29.409389	u/Foolish_Samurai420	flpcyiv	u/06Grill	flpct2r	C
2020-03-27 20:59:09.950371	u/VerticalDrop3	flpd0kw	u/DarfGamer	flok9tb	C
2020-03-27 20:59:43.749390	u/Patster1234	flpd36l	u/soobledoo	flpcg9z	C
2020-03-27 20:59:50.574841	u/Divineroc	flpd3mu	u/ULiekMudkip	flp5voy	C
2020-03-27 20:59:52.909866	u/Teoshi	flpd3wq	u/RJPeaches	flopej9	C
2020-03-27 20:59:54.723215	u/Gaaaaahhhhhhh	flpd405	u/Tomatenpastij	flp9es8	C
2020-03-27 21:00:00.076245	u/Warden-Stone	flpd4u7	u/MrEm1	flp9h3q	C
