2020-04-15 09:00:03.332560	u/Nakakapag_pabagabag	fnh5b9o	u/PhilLHaus	fnh3wph	C
2020-04-15 09:00:11.466071	u/siddhu109	fnh5bnn	u/GoodVibeKnight	fnh52lh	C
2020-04-15 09:03:09.454917	u/TDW-301	fnh5i9g	u/grizhe1	fngwtut	C
2020-04-15 09:03:21.538674	u/Code_0_TN	fnh5ixc	u/Eden_T17	fnguc00	C
2020-04-15 09:03:30.575992	u/edog37	fnh5j5i	u/MuskyMusk123	fnfm5ec	C
2020-04-15 09:05:18.942657	u/NickaTNite1224	fnh5njj	u/GoodVibeKnight	fnh5jx9	C
2020-04-15 09:06:00.879974	u/BoonieBeaver	fnh5ots	u/Neko0verlord	fnh5ic4	C
2020-04-15 09:06:46.447130	u/Soulkept	fnh5q8t	u/Aftimo66	fmyejyi	C
2020-04-15 09:07:03.501789	u/MandrewzHere	fnh5qro	u/ardaboyroo	fnh52dk	C
2020-04-15 09:07:08.282863	u/hierojojo	fnh5qzy	u/RnVjayBPZmY	fnh57ab	C
2020-04-15 09:07:30.593627	u/Grunge590	fnh5roy	u/Meplore	fnh46mx	C
2020-04-15 09:07:57.585581	u/MrAatishB	fnh5sv7	u/pchitti_21	fngw8tb	C
2020-04-15 09:08:53.443478	u/capteni	fnh5v8u	u/JakeTheSandMan	fnh5hxw	C
2020-04-15 09:08:58.899597	u/rhys_macn	fnh5viv	u/Emperor_O_Memes	fnh1uss	C
2020-04-15 09:09:32.000198	u/IllHaveYouKnow_main	fnh5x8x	u/huscom	fngz0tw	C
2020-04-15 09:09:37.926567	u/Tutti3344	fnh5xj5	u/Lobster_dong_in_fish	fnh5m2o	C
2020-04-15 09:09:57.050869	u/TonofWhit	fnh5z1z	u/a_single_potato	fnh0rpn	C
2020-04-15 09:09:59.626251	u/Blizzard13x	fnh5zj3	u/Ricman22	fnh2c09	C
2020-04-15 09:10:56.581993	u/BananaWizard4	fnh61um	u/N3kr05666	fnh582b	C
2020-04-15 09:11:27.908785	u/Lafter_ND	fnh62re	u/Unevenarthur	fnh5ynx	C
2020-04-15 09:11:41.507367	u/1mpdfi	fnh6337	u/verdloc323	fnh4h8m	C
2020-04-15 09:13:31.596800	u/-K_1	fnh6721	u/undercoverpotato007	fnh2y4s	C
2020-04-15 09:14:58.571748	u/The_bestestusername	fnh6a0w	u/abductedpeanut	fng1we4	C
2020-04-15 09:15:11.912972	u/lloyd_the_llama	fnh6a9o	u/Iamherethatsnoice	fngx7vb	C
2020-04-15 09:15:27.364842	u/MegaSnick50	fnh6at2	u/FishCream	fnh3he5	C
2020-04-15 09:15:39.489840	u/xzwxr	fnh6b6a	u/jlJJO	fnh5fou	C
2020-04-15 09:15:48.981281	u/Rojal06	fnh6bbb	u/LucaPVol2	fnh3jcs	C
2020-04-15 09:15:52.007996	u/THE_MYTHICAL_OOF	fnh6bfy	u/Kratch32	fnh40l4	C
2020-04-15 09:18:12.347360	u/miqeladze_19	fnh6hgl	u/Kind-Pop	fl3zlqu	C
2020-04-15 09:18:38.287980	u/SuperBlitz22	fnh6j2v	u/Xanfar38	fngr4fk	C
2020-04-15 09:18:46.174048	u/Hunt3rm4n	fnh6jb6	u/XB2006	fngtzld	C
2020-04-15 09:18:53.093417	u/mgs1170	fnh6jr4	u/WISEOCT	fnh0bwk	C
2020-04-15 09:18:55.643304	u/Pumba2000	fnh6jse	u/Respect_Paying_Bot	fnh6bw9	C
2020-04-15 09:19:28.431207	u/KristenSmith15	fnh6kuc	u/AK24ROCKS	fnh6ipm	C
2020-04-15 09:19:36.963509	u/Kntrtn	fnh6lg4	u/tlgthemlg	fnh2oqt	C
2020-04-15 09:19:42.217056	u/NhiteWigga	fnh6lqp	u/Bagel_ghost23	fn2yl3o	C
2020-04-15 09:19:49.590532	u/LeakyThoughts	fnh6m5w	u/B4Boss	fnh219f	C
2020-04-15 09:19:50.672788	u/PacoSoe	fnh6m7y	u/Emperor_O_Memes	fngycnt	C
2020-04-15 09:19:59.792035	u/VelmasHaircut	fnh6n3g	u/Skank-Hunter	fngxymn	C
2020-04-15 09:20:28.035817	u/CaCaYega	fnh6orb	u/Unikorn7	fngnki2	C
2020-04-15 09:21:11.329625	u/Smikkelmikkel	fnh6psm	u/XB2006	fngtzld	C
2020-04-15 09:21:35.166075	u/lilkitty33	fnh6qjs	u/The_Mental_Pharaoh	fnh55vw	C
2020-04-15 09:21:38.580113	u/DaPokeyMonster	fnh6qm3	u/HATB06	fnh6oym	C
2020-04-15 09:23:55.571691	u/Wandle271	fnh6vj4	u/YeeterTheYeetman	fnh5r7a	C
2020-04-15 09:24:06.579531	u/GayEmoDramaKid	fnh6vty	u/justjason69420	fnfm9sq	C
2020-04-15 09:24:08.744731	u/fbimeme	fnh6vuq	u/haroldjaap	fnh515s	C
2020-04-15 09:24:14.960886	u/achso017	fnh6w14	u/an_unknown_dragon	fnh3dnt	C
2020-04-15 09:24:31.036333	u/Master_Jedi_Yoda	fnh6wzw	u/planerunner	fnh4olm	C
2020-04-15 09:24:36.746511	u/why-is-it-so-hard	fnh6x6e	u/portablediscman	fnh64k6	C
2020-04-15 09:24:39.724809	u/Wandle271	fnh6x7k	u/Star_Playz	fngz012	C
2020-04-15 09:24:44.755200	u/FeistyPhoenix	fnh6xa6	u/Feb-29-20	fnh69x6	C
2020-04-15 09:25:13.035591	u/SireCasanova	fnh6y7i	u/lord_mcdonalds_	g1pqll	S
2020-04-15 09:25:38.155067	u/ErnestWorthing	fnh6yx8	u/shaashaazda	fnh3ppq	C
2020-04-15 09:25:43.402344	u/basterfeldt	fnh6z03	u/JakeTheSandMan	fnh5z85	C
2020-04-15 09:26:18.723849	u/LazySloth94404	fnh701n	u/charadreemurrbr	fnh6ksp	C
2020-04-15 09:26:35.769561	u/forged_Pringles	fnh70dk	u/HappyAku800	fnh6vjv	C
2020-04-15 09:26:37.662549	u/MufPuf	fnh70ea	u/Bruh_Bot_	fnh6tkq	C
2020-04-15 09:26:53.037609	u/limones4K	fnh70wc	u/eli7097	fnh5ad0	C
2020-04-15 09:26:59.752103	u/Sonic_02	fnh7173	u/SonalBoiiACC	g1od5e	S
2020-04-15 09:27:05.433881	u/Deep_Fried_Memer	fnh71bi	u/RepostSleuthBot	fnh3r3i	C
2020-04-15 09:27:07.349182	u/xfaithy_	fnh71bn	u/Bruh_Bot_	fnh6tkq	C
2020-04-15 09:27:14.396053	u/RepresentativeEarth5	fnh71lo	u/MarthMain15	fndckjp	C
2020-04-15 09:28:04.146512	u/yoboyskinnyp4207	fnh73hd	u/bappo-smoke-cracko	fngr9pq	C
2020-04-15 09:28:18.507292	u/robmadmob	fnh745d	u/ErnestWorthing	fnh6yx8	C
2020-04-15 09:28:21.753708	u/jamboreeee	fnh74fa	u/The__Growl	fnh6dki	C
2020-04-15 09:28:48.625842	u/ThePenguinGuy78	fnh754l	u/veseliigrac111	fngvxp1	C
2020-04-15 09:29:01.297372	u/TransracialET	fnh765c	u/NrvnQsrKaos666	fnh1c40	C
2020-04-15 09:29:14.707426	u/boi-of-bois	fnh771w	u/RepostSleuthBot	fnh22zl	C
2020-04-15 09:29:37.733226	u/Destroyer1559	fnh78jb	u/t21millz	fnh5d8t	C
2020-04-15 09:29:57.345436	u/Shadow_Swap	fnh79pi	u/forged_Pringles	fnh70dk	C
2020-04-15 09:29:59.696565	u/shredthefluff	fnh7a8f	u/Little_Deadeye	fngvyoa	C
2020-04-15 09:30:35.932398	u/IlikeHistoryMeme	fnh7blm	u/ImATrashPlayer_101	fnfkt3g	C
2020-04-15 09:30:53.895749	u/ElectricMotorsAreBad	fnh7c3g	u/IronRabbit2006	fnh5qyp	C
2020-04-15 09:31:33.321944	u/JustCasual001	fnh7d22	u/captjust	fnh5qh5	C
2020-04-15 09:31:36.744649	u/DeliciousSeesaw8	fnh7d4b	u/5uper1orreturn	fnh57h8	C
2020-04-15 09:31:47.880762	u/OttoVonBismuth	fnh7dci	u/Laremyunsil	fnh3kv7	C
2020-04-15 09:31:54.837146	u/TheNotSoWeebyWeeb	fnh7dn4	u/iRedstoneFox	fnh7aw5	C
2020-04-15 09:32:11.466420	u/MrPewds9000	fnh7dya	u/an_unknown_dragon	fnh6zgz	C
2020-04-15 09:32:26.725855	u/tottytijd	fnh7ebl	u/an_unknown_dragon	fnh6upt	C
2020-04-15 09:32:49.361336	u/WolfTeckRDT	fnh7f25	u/Respect_Paying_Bot	fnh5f04	C
2020-04-15 09:33:04.924902	u/tottytijd	fnh7fpu	u/___courier___	fngtuep	C
2020-04-15 09:34:33.898624	u/noor_bhoma	fnh7itc	u/Abhilash_Tayade	fngwcss	C
2020-04-15 09:35:16.420518	u/917273794842668	fnh8wte	u/thisdckaintFREEEE	fnh8hj4	C
2020-04-15 09:35:43.949152	u/MustardManLiam	fnh8xuo	u/ShreksMassiveDong	fnh8q1g	C
2020-04-15 09:36:08.006500	u/termsofsurrender	fnh8yj9	u/YK_241212	fnh8hh2	C
2020-04-15 09:36:25.634447	u/TifLP41	fnh8z2d	u/Meme_geezus	fnh8h4b	C
2020-04-15 09:36:32.013503	u/BEANOSCASH	fnh8zj1	u/DerpoPouloSS_159	fndfwe6	C
2020-04-15 09:36:52.809338	u/ju3min	fnh907c	u/artfillin	fnh8viv	C
2020-04-15 09:37:10.731768	u/hubuluba	fnh90mj	u/jackcabral90	fnh5vzp	C
2020-04-15 09:37:28.296135	u/Nolan273	fnh9180	u/cottonmouth919	fn6dtqc	C
2020-04-15 09:37:49.047155	u/HelpMeILostMyAccount	fnh92hn	u/ExternalClock89	fnh8xle	C
2020-04-15 09:38:13.841702	u/Joris759	fnh93ge	u/AverageJarOfMilk	fnh7ubs	C
2020-04-15 09:38:48.583903	u/LordHelix376	fnh95hl	u/thelonelygenuis	fnh8icy	C
2020-04-15 09:39:07.444166	u/filthyshank	fnh96lf	u/Bruh_Bot_	fnh6mw5	C
2020-04-15 09:39:15.209374	u/swag_drac	fnh96vg	u/LeMigi	fngiing	C
2020-04-15 09:39:28.050373	u/filthyshank	fnh97kf	u/i_lost_at_mcdonalds	fnh901i	C
2020-04-15 09:39:45.735834	u/Valexar	fnh98h9	u/LordHelix376	fnh95hl	C
2020-04-15 09:39:51.616361	u/filthyshank	fnh98zo	u/filthyshank	fnh97kf	C
2020-04-15 09:40:30.337855	u/Roman__Catapult	fnh9abi	u/NotSoPersonalJesus	fnh90lx	C
2020-04-15 09:40:42.507396	u/SomethingElseOfThis	fnh9arm	u/Whovian1701	fnh4qv6	C
2020-04-15 09:41:17.986527	u/Viktor-D	fnh9bns	u/benvonpluton	fngya4i	C
2020-04-15 09:41:52.682476	u/Pavel1278	fnh9cku	u/Valexar	fnh98h9	C
2020-04-15 09:42:02.729654	u/yugie232	fnh9cpa	u/artfillin	fnh988t	C
2020-04-15 09:42:35.872288	u/Baguette_Corporation	fnh9ddz	u/RedIndianRobin	fnh5tct	C
2020-04-15 09:44:00.956468	u/kindasortaish	fnh9g1a	u/SomethingElseOfThis	fnh9arm	C
2020-04-15 09:44:34.113768	u/doorfiend	fnh9goz	u/Officer-RandyBobandy	fnh46qq	C
2020-04-15 09:45:08.685381	u/TheGermanKarlMarx	fnh9hmp	u/SlxxpY325	fnh0h82	C
2020-04-15 09:46:16.388983	u/06gto	fnh9kob	u/YukiEktrix101	fnh2kh6	C
2020-04-15 09:46:30.476604	u/Big-Chungalo	fnh9l0s	u/thatguytom37	fnh9ggr	C
2020-04-15 09:46:36.920201	u/copyright0	fnh9l4w	u/Thevin02	fnh4z4z	C
2020-04-15 09:47:13.648750	u/ThailoRen	fnh9mbt	u/SinfulNitWit	fnh94a4	C
2020-04-15 09:47:40.867675	u/Retarded_Sauce	fnh9o0k	u/arandomguyfromtheuk	fngq1av	C
2020-04-15 09:48:01.914572	u/NattyIntora	fnh9oxk	u/someawe45	fnh9fu0	C
2020-04-15 09:48:06.972676	u/ex0tiic	fnh9p8e	u/rslashFuryKiller	fnh9j2q	C
2020-04-15 09:48:25.118440	u/Jobsen05	fnh9qfy	u/ThatOneGuyOfReddit	g1nkw0	S
2020-04-15 09:48:35.463300	u/qwertyspit	fnh9qu7	u/caring_impaired	fngbdpy	C
2020-04-15 09:48:55.172454	u/dario6942069	fnh9s2n	u/SHoCK_PlasmaHD	fngypz8	C
2020-04-15 09:49:02.227557	u/KnightRider117	fnh9sll	u/VanHartnell	fnh9gaw	C
2020-04-15 09:49:24.769886	u/Snorkmaidn	fnh9tpa	u/GuillaumeTheMajestic	fnh8eyv	C
2020-04-15 09:49:54.352895	u/a_bored_soul_	fnh9vec	u/DashNSmash	fnh1bh5	C
2020-04-15 09:49:57.490570	u/fear445	fnh9vrq	u/WolfTeckRDT	fnh7f25	C
2020-04-15 09:50:03.045573	u/NikoTM8	fnh9w5d	u/EnchantedMC69	fngvhpc	C
2020-04-15 09:50:10.082099	u/stevenuniverseismeh	fnh9wat	u/MisterBurn	fnh6plo	C
2020-04-15 09:50:28.678500	u/winkysocks21	fnh9x2j	u/DFedotov	fnh9io3	C
2020-04-15 09:50:40.452095	u/turetuna	fnh9xb1	u/kindasortaish	fnh9g1a	C
2020-04-15 09:51:23.552909	u/betamax-experiment	fnh9ysd	u/icantchoosename123	fngxkbw	C
2020-04-15 09:52:25.048666	u/SpaceFlightAstro	fnha0am	u/MattAshlow	fnbwhz8	C
2020-04-15 09:52:30.879301	u/Ravens_Flight1912	fnha0cx	u/Jhrob_99	fngp2v3	C
2020-04-15 09:53:23.446739	u/Kataphrakt-Zero	fnha269	u/eleniyt75	g1p9zs	S
2020-04-15 09:53:42.713793	u/Planetguide	fnha34b	u/koszatnik_12	fngyw3n	C
2020-04-15 09:53:47.922662	u/heeeelpme666	fnha39r	u/MAGIC_EYE_BOT	fnh9j2d	C
2020-04-15 09:53:54.442802	u/jalle800	fnha3fb	u/R3ign-XI	fngx34u	C
2020-04-15 09:54:27.689662	u/covamir	fnha4p3	u/MoosePayapa	fngxfrs	C
2020-04-15 09:54:51.298565	u/invisiblepizza	fnha5dc	u/XB2006	fngtzld	C
2020-04-15 09:55:23.787974	u/Sebastard____	fnha6d2	u/mindbending20	fnh0sdf	C
2020-04-15 09:56:11.980092	u/Flylikeapear	fnha7xp	u/Bab0_dUH-WOBBLE	fnh6tf5	C
2020-04-15 09:56:23.003138	u/rattatteb	fnha881	u/OrionUniv	fnha6fp	C
2020-04-15 09:57:06.321577	u/Julio974	fnha9bi	u/Robin_Indeherberg	fnh1egr	C
2020-04-15 09:57:42.104928	u/mikalee88	fnhaawp	u/B1ackbolt	fnh1szj	C
2020-04-15 09:57:56.523875	u/wayneyam	fnhabg9	u/leJINdary_dad_jokes	fnh9c83	C
2020-04-15 09:58:10.461277	u/GenXLurker	fnhabqs	u/thedeathmachine	fmuwrw0	C
2020-04-15 09:59:05.453654	u/Nobody146	fnhaemf	u/Rid1cheem	fnha5cc	C
2020-04-15 09:59:07.441995	u/HellTap	fnhaer8	u/GodofLow	fnha842	C
2020-04-15 09:59:11.585150	u/Nobody146	fnhaf3j	u/Rid1cheem	fnh8lji	C
2020-04-15 09:59:34.708869	u/RichChildhood	fnhagnt	u/thetabo	fnh9a9p	C
2020-04-15 09:59:36.177477	u/AD-Price	fnhago0	u/TwoSampleTTest	fnh9gb0	C
2020-04-15 09:59:41.250688	u/cauramel	fnhagsm	u/meme_a_licious	fngv1l9	C
2020-04-15 09:59:43.276543	u/Ishmit_singh	fnhagvq	u/swastiksharma2003	fnh4f1k	C
2020-04-15 09:59:49.453326	u/coolguyfromcoolville	fnhah8p	u/rednich	fnh0bxd	C
