2020-03-31 02:00:37.220666	u/akshat747	flzuytr	u/TreeCopjr	flzqk6c	C
2020-03-31 02:00:39.599962	u/seito935	flzuyuh	u/racerfree	flzskxe	C
2020-03-31 02:00:57.615011	u/Lost-Hero	flzuze9	u/Zaniak88	flzssff	C
2020-03-31 02:01:28.113281	u/KirkWAHmett89	flzv056	u/Astrix_I	flzucxq	C
2020-03-31 02:01:47.055817	u/Auroner	flzv0yj	u/Aftermath666_	flzltw7	C
2020-03-31 02:01:49.273591	u/Fishboy2019	flzv0z4	u/thund3rcru5h	flyorey	C
2020-03-31 02:02:01.580249	u/Damo313	flzv16z	u/Jondog1	flzgvpy	C
2020-03-31 02:02:12.782661	u/perakbrix	flzv1mn	u/Furrys_should_die69	flz36l0	C
2020-03-31 02:02:37.021530	u/ThatOneSadhuman	flzv2rm	u/SMICKLEBERRYstew420	flzuf6c	C
2020-03-31 02:02:39.245104	u/RobinD03	flzv2s6	u/dianahair23	flzhy9j	C
2020-03-31 02:02:58.069813	u/alexx20054	flzv3he	u/PrestigeBoi	fs2e7p	S
2020-03-31 02:03:39.374005	u/snekboilmao	flzv53l	u/OhGodNotAgainPls	flzsj1w	C
2020-03-31 02:04:03.446549	u/harolddawizard	flzv64j	u/JMacFlint	flyrg0h	C
2020-03-31 02:04:21.589379	u/PunsAndRoses246	flzv6hc	u/LifeIsADarkRoom	flzh469	C
2020-03-31 02:04:25.832992	u/unverse_dark	flzv6ll	u/Breadfruit123	flyvqbz	C
2020-03-31 02:04:58.702688	u/Oaksey20	flzv80m	u/RepostSleuthBot	flzuzbr	C
2020-03-31 02:05:04.582522	u/lizardexe	flzv85j	u/Randomaniac03	flg1pvu	C
2020-03-31 02:05:09.784882	u/giraffes_are_selfish	flzv89e	u/CheesyWhiskers3	flu4mkr	C
2020-03-31 02:05:18.362166	u/ryan-a	flzv8hh	u/PresidentXanders	flyvzgt	C
2020-03-31 02:06:28.639638	u/aFishNamedFisht	flzvb4w	u/ArthurTheSwallow	flzon4k	C
2020-03-31 02:07:05.599563	u/aaaaaaaaaaaadjfjf	flzvcds	u/AutoModerator	flz7nn1	C
2020-03-31 02:07:41.401974	u/dcfanatic94	flzvdgm	u/explodingcactus2566	flzuyz8	C
2020-03-31 02:07:53.328594	u/gnb_goliath	flzvdsb	u/RepostSleuthBot	flzu3b4	C
2020-03-31 02:08:09.666006	u/XaviosR	flzve74	u/ok_sounds_good	flw94dk	C
2020-03-31 02:08:23.122398	u/Falom	flzveg8	u/Bro_Army_supporter	flzvcr8	C
2020-03-31 02:08:32.739458	u/Mah_Knee_Grows	flzvevh	u/ImVeryMUDA	flzr1q4	C
2020-03-31 02:08:54.998325	u/orcmischief	flzvfua	u/fualtyzane	flzreil	C
2020-03-31 02:08:57.808215	u/dark007shade	flzvg3q	u/Buckhunter143	flzppzb	C
2020-03-31 02:09:04.950364	u/Clinthgr28	flzvgjy	u/MintyyFreshh1	flzkcbo	C
2020-03-31 02:09:06.209424	u/MuggyMaple301	flzvgk6	u/RepostSleuthBot	flzu3b4	C
2020-03-31 02:09:10.133166	u/professionaldefasian	flzvgqp	u/ThomasdaTrain1	flzu08a	C
2020-03-31 02:09:41.102994	u/DEF_NOT_A_CASSOWARY	flzvilk	u/FisterRobotOh	flzrsxi	C
2020-03-31 02:09:43.284034	u/tugue	flzvin9	u/AmoghVaishnav	flzspfz	C
2020-03-31 02:09:44.080079	u/Pazokka	flzvitw	u/Airconhut	fldymlo	C
2020-03-31 02:09:53.422826	u/21OwlCities	flzvj5g	u/zephynayers	flztbe4	C
2020-03-31 02:11:00.286463	u/nayalevoL	flzvlr7	u/alexx20054	flzvbrg	C
2020-03-31 02:11:46.204938	u/mattfromeurope	flzvmrp	u/PotatoeSprinkle2747	flzjsan	C
2020-03-31 02:12:07.011649	u/natmatfoo	flzvn9i	u/dittogecko	flzrzje	C
2020-03-31 02:12:12.510020	u/PyroDellz	flzvnbp	u/MillerFire	flz4ns6	C
2020-03-31 02:12:16.924672	u/downunderthunderbro	flzvng8	u/YearsRunLikeRabbits	flz3k6o	C
2020-03-31 02:12:50.803881	u/xd_ptk	flzvom6	u/nuttellabadger	flzhly4	C
2020-03-31 02:13:52.785003	u/medweebulous	flzvqgv	u/NOObMAsTER738	flzvpr0	C
2020-03-31 02:13:54.856805	u/BIGJennyBIIG	flzvqhc	u/depraved_parrot	flzcogx	C
2020-03-31 02:13:57.928215	u/stellalunawitchbaby	flzvqlj	u/SuperCarrot990	flzu245	C
2020-03-31 02:14:37.613856	u/medweebulous	flzvs35	u/NOObMAsTER738	flzvr2o	C
2020-03-31 02:14:51.640001	u/livelaughluciferr	flzvsej	u/KingzWarz1	flzvcb3	C
2020-03-31 02:15:12.800699	u/ganonbane66	flzvt63	u/Mesmoros	flzvgij	C
2020-03-31 02:15:43.035445	u/Alljoneheart	flzvu46	u/SpitfireXO16	flzva37	C
2020-03-31 02:15:46.840953	u/liltwist420	flzvu8x	u/jackerman1235	flzkw72	C
2020-03-31 02:15:57.851530	u/-Omar-123	flzvuoh	u/fualtyzane	flyidhp	C
2020-03-31 02:17:14.858243	u/bootleg-snoo	flzvx3s	u/nealamanisampat	fs1zql	S
2020-03-31 02:17:22.721474	u/sharmaaryan8878	flzvxdh	u/RepostSleuthBot	flzptn2	C
2020-03-31 02:17:39.291884	u/DeathSlinky13	flzvy81	u/CornbreadHelp	flzklbw	C
2020-03-31 02:17:46.734439	u/Kool_Stuph	flzvye3	u/aliasdred	flzs6y8	C
2020-03-31 02:17:49.230598	u/mcLordButt	flzvyfs	u/theMeatman7	flzvwps	C
2020-03-31 02:18:15.822243	u/AmiteshReddy	flzvzic	u/ezio640	flzr4l8	C
2020-03-31 02:18:20.898896	u/CybergothiChe	flzvzs2	u/ma-name-jeff1234	flztgeo	C
2020-03-31 02:18:25.547801	u/fsm_vs_cthulhu	flzw06a	u/ezio640	flzr4l8	C
2020-03-31 02:18:59.539713	u/4ToedTactic	flzw1j3	u/Deathnoob101	flzgt7r	C
2020-03-31 02:19:08.296389	u/Fleischwolf5000	flzw1vz	u/nothanks_8	flh63ao	C
2020-03-31 02:19:25.713599	u/vodoko1	flzw2iz	u/justcallmelab666	flzq9f9	C
2020-03-31 02:19:39.627306	u/Brendofriend	flzw3dz	u/AutoModerator	flzp3q8	C
2020-03-31 02:19:57.083807	u/Levyinreallife	flzw4j1	u/MantitsToboggan07	flzw308	C
2020-03-31 02:20:01.423226	u/TheKingIsHere2411	flzw523	u/23memez4u	flzpb8e	C
2020-03-31 02:20:16.318229	u/Smorgastorta96	flzw5cr	u/Alljoneheart	flzvu46	C
2020-03-31 02:20:45.771896	u/Dragonborn1995	flzw622	u/duy1008	flzsdp8	C
2020-03-31 02:21:05.431505	u/riggyHongKong05	flzw6on	u/GRAZLLY	flymqge	C
2020-03-31 02:21:11.270371	u/cocibo	flzw6t6	u/leaf_soup_in_french	flzvzl1	C
2020-03-31 02:21:53.941668	u/nootnoot_takennow	flzw7qk	u/fualtyzane	flzux86	C
2020-03-31 02:22:36.626119	u/lurker398	flzw99p	u/Fishboy2019	flzu2r3	C
2020-03-31 02:23:09.720786	u/nootnoot_takennow	flzw9zz	u/IsPhil	flzlwqr	C
2020-03-31 02:23:26.078365	u/ZackEhrhart	flzwaha	u/Sieco_05	flztatx	C
2020-03-31 02:23:40.202521	u/nootnoot_takennow	flzwat0	u/RepostSleuthBot	flzu3ub	C
2020-03-31 02:23:51.326235	u/Zack7399	flzwb97	u/fistinyourface	flzw8e0	C
2020-03-31 02:24:03.382882	u/Blabla69420	flzwbkn	u/wo0ooshme	flzr95g	C
2020-03-31 02:24:10.610348	u/someonetookmyname12	flzwbvt	u/no_idea678	flzj7yh	C
2020-03-31 02:24:12.811003	u/AQuestionableEgg	flzwby0	u/vtv-tv	flzqtoy	C
2020-03-31 02:24:35.434684	u/Isakistaken	flzwclt	u/I-love-you-3000_	flzkqo0	C
2020-03-31 02:24:47.039520	u/-iCookie-	flzwczy	u/johnwck6090	flzuk5t	C
2020-03-31 02:25:15.213363	u/JrCamen	flzwe2m	u/Ethan11223	flzu5id	C
2020-03-31 02:25:30.177643	u/jherdez3	flzwed1	u/VeryLuciD	flzbh65	C
2020-03-31 02:25:45.692910	u/IamATylerToo	flzwexm	u/Canna0523	flwtt2k	C
2020-03-31 02:25:57.403666	u/StinctExplosion	flzwfcm	u/AidanOrsargos	flzttqn	C
2020-03-31 02:26:35.886283	u/EllieShae01	flzwgn2	u/AccountAn0nymous	flzvmkt	C
2020-03-31 02:27:06.819167	u/CrazyGeko-789	flzwhsf	u/n1njapotamus	flzwgh6	C
2020-03-31 02:28:06.551527	u/DinoDavid08	flzwjw4	u/rasputinrasputin	fly5jan	C
2020-03-31 02:28:17.425910	u/djimpoels	flzwk7q	u/FreshChildJuice	flya0yh	C
2020-03-31 02:29:09.500148	u/RFD603	flzwmhd	u/jdwjeremy28	fs0stn	S
2020-03-31 02:29:19.748852	u/ElieFZ	flzwmv9	u/Anti-charizard	flzn7h1	C
2020-03-31 02:29:22.631359	u/sethmahan3	flzwmx2	u/OrionParadox	flz0b1s	C
2020-03-31 02:29:55.457265	u/caniget-1milkarma	flzwob3	u/Homie_Waffle	flzs2kn	C
2020-03-31 02:30:47.421468	u/Dannhilator	flzwq5x	u/another_qwerty_uwu	flzvwvz	C
2020-03-31 02:31:07.047642	u/hongky1998	flzwqyv	u/n1njapotamus	flzwgh6	C
2020-03-31 02:31:12.848121	u/11037-15014673	flzwr5k	u/Datruedabking	flzrbao	C
2020-03-31 02:31:26.608906	u/CerealCruncher	flzwrjo	u/Spl4shPro	flwa2er	C
2020-03-31 02:31:37.861353	u/RedDark135	flzwrqc	u/Dannhilator	flzwmgb	C
2020-03-31 02:31:43.115448	u/DragonBreath151	flzwruv	u/nealamanisampat	fs1zql	S
2020-03-31 02:31:56.805232	u/hi_rs_hi_k	flzwsa6	u/Seirashun	flzwjhz	C
2020-03-31 02:32:03.797337	u/BesoffenerRusse	flzwsen	u/Hetgamermenneke	flzwiuh	C
2020-03-31 02:32:15.305292	u/fip1010	flzwsto	u/_thejames100_	flzrnqd	C
2020-03-31 02:32:34.020560	u/11037-15014673	flzwtbo	u/fuflikoviy	flzuemb	C
2020-03-31 02:33:16.876790	u/brugchose	flzwu9g	u/Maximillion322	flzvy6a	C
2020-03-31 02:33:18.991317	u/M4cburg3r	flzwude	u/MaximaBlink	flzvjr4	C
2020-03-31 02:33:27.508517	u/HmCraft827	flzwush	u/SHITakyMushroom	fs2smp	S
2020-03-31 02:33:48.331870	u/888chicken888	flzwvkq	u/KillerBunny3636	flz6sgn	C
2020-03-31 02:34:27.841228	u/GimmeDoggos	flzwwr3	u/WinkingBrownEyes	flzws61	C
2020-03-31 02:34:38.874201	u/Djelas	flzwwwa	u/RepostSleuthBot	flztasq	C
2020-03-31 02:34:43.261808	u/KuroMomiji	flzwwzw	u/CODofduty91	flzuxo0	C
2020-03-31 02:34:46.182603	u/Jake-From--StateFarm	flzwx1d	u/AutoModerator	fl9lxc6	C
2020-03-31 02:34:52.341934	u/l___-T-___l	flzwx8t	u/brak0n	flzt9a1	C
2020-03-31 02:35:08.963485	u/Lou_Dude929	flzwxqt	u/wo0ooshme	flzr95g	C
2020-03-31 02:35:27.712212	u/plagueisthedumb	flzwy9x	u/respectable_cook2	flzt6sb	C
2020-03-31 02:35:46.573075	u/DomD8	flzwyn8	u/respectable_cook2	flzt6sb	C
2020-03-31 02:36:05.058233	u/Pilateskatten	flzwze0	u/l0vely123	flz7ywz	C
2020-03-31 02:36:07.857823	u/-Nevb4seen-	flzwzib	u/69420NlCE	flzwut4	C
2020-03-31 02:36:46.298479	u/dchesynwa	flzx0nr	u/hooman_adi	flzwsyj	C
2020-03-31 02:37:02.497806	u/Valttur	flzx11t	u/maxster2025	flzwha3	C
2020-03-31 02:37:20.569178	u/Dixie_Nourmus_	flzx1jk	u/LavaSeer	flzelr9	C
2020-03-31 02:38:03.889838	u/AvengeMe_HempKnight	flzx2n1	u/RepostSleuthBot	flzpwoe	C
2020-03-31 02:38:37.397691	u/poisondartfox	flzx3av	u/dreadpiraterobbo	fly60ls	C
2020-03-31 02:38:39.901028	u/maggieisbad	flzx3bb	u/CHFCalvin	flzx26w	C
2020-03-31 02:38:51.142436	u/maggieisbad	flzx3t8	u/xXastr0maxXx	flzx28o	C
2020-03-31 02:38:57.185831	u/Somtimesitbelikethat	flzx41g	u/plagueisthedumb	flzwy9x	C
2020-03-31 02:38:59.208689	u/maggieisbad	flzx42r	u/Pazokka	flzx3bs	C
2020-03-31 02:39:03.575033	u/Adolf_Hitler_-	flzx48y	u/LC720	flzqtt5	C
2020-03-31 02:39:25.361345	u/MinisterPoog	flzx53g	u/lost_user1	flzkj3m	C
2020-03-31 02:39:47.543996	u/h8dude	flzx6gn	u/maggieisbad	flzx51u	C
2020-03-31 02:39:53.238230	u/Longjumping-Treacle	flzx6lk	u/nameofanuser	flzt9sp	C
2020-03-31 02:39:55.503934	u/GEFB	flzx6ty	u/SCP_002	flzrait	C
2020-03-31 02:40:06.748212	u/shrekpee69	flzx7cc	u/maggieisbad	flzx49y	C
2020-03-31 02:40:20.374315	u/Yoruzo_Lyoma	flzx7xv	u/GRAZLLY	flymqge	C
2020-03-31 02:40:26.557131	u/GEFB	flzx8cr	u/R_GoMcHeckYourself	flzuxr5	C
2020-03-31 02:40:30.010534	u/New_SirPuffball	flzx8e7	u/LC720	flzqtt5	C
2020-03-31 02:40:54.824373	u/David-Jiang	flzx8ul	u/Jondog1	flzfgfd	C
2020-03-31 02:41:06.215132	u/break_light	flzx8z0	u/Bughiman	flzu0jl	C
2020-03-31 02:41:37.725222	u/tijndolfijn	flzx9rm	u/thaJAC	flzx79l	C
2020-03-31 02:42:13.963164	u/AB4LIFE2006	flzxaoj	u/EastboundNdown5	flyrj3o	C
2020-03-31 02:42:29.946353	u/YKTEO	flzxbb6	u/andrewboss29358	flzx8xj	C
2020-03-31 02:42:44.596390	u/Reqqiet	flzxbq7	u/SerketyIcedTea	flzx8un	C
2020-03-31 02:42:49.932875	u/Sambegay69	flzxbr8	u/Kind-Pop	fl3zlqu	C
2020-03-31 02:43:16.657462	u/Only1FootOfLettuce	flzxccs	u/tiniestvioilin	flzr09q	C
2020-03-31 02:43:41.048475	u/UniversalGamerFake	flzxd4a	u/ranch_dressing_thief	flyxj82	C
2020-03-31 02:43:52.690207	u/EBhockey22	flzxdjw	u/imagrasshopperlmao	flzudpn	C
2020-03-31 02:43:55.827722	u/mbtitime	flzxdr8	u/C00Lf3LL4	flzvwnm	C
2020-03-31 02:44:01.447318	u/hinterscape	flzxdxc	u/break_light	flzx8z0	C
2020-03-31 02:44:34.536925	u/jake_jakejake	flzxepj	u/Peppa___Pig	flzwu7w	C
2020-03-31 02:44:55.295888	u/abdelrahman_taha	flzxfa1	u/RoyalRien	flzwjae	C
2020-03-31 02:44:58.507068	u/AKJLives	flzxfcp	u/TwitchyPath9920	flzuf6j	C
2020-03-31 02:45:00.481549	u/guanjiawen	flzxfct	u/Ka_Midnight	flzx61r	C
2020-03-31 02:45:21.109160	u/DickStickMcGee	flzxg8u	u/hinterscape	flzxdxc	C
2020-03-31 02:45:37.608565	u/Nieropayaya	flzxgo8	u/knight-that-says-ni	flzvx4x	C
2020-03-31 02:46:00.090431	u/El-Midgetay	flzxhdo	u/break_light	flzx8z0	C
2020-03-31 02:46:09.833097	u/SuperkoloPL	flzxhn3	u/thaJAC	flzx79l	C
2020-03-31 02:46:40.276419	u/Niratamo	flzxikm	u/liltwist420	flzvu8x	C
2020-03-31 02:46:45.931018	u/lasagna_for_life	flzxir7	u/reverseadam	flzt469	C
2020-03-31 02:46:59.958226	u/Dixon_Uranus_	flzxj31	u/im-a-simple-guy	flzxdzb	C
2020-03-31 02:47:08.510825	u/InfernalDragon87	flzxjar	u/Damo313	flzv16z	C
2020-03-31 02:47:32.759692	u/mogoho	flzxkew	u/red___john	flzoob1	C
2020-03-31 02:47:37.477145	u/spartan12341	flzxkmh	u/LatkoMaster	flzszp2	C
2020-03-31 02:47:45.194963	u/SamzGm	flzxkuh	u/Shouko-	flzwhxz	C
2020-03-31 02:47:48.571910	u/Cascade555	flzxkyv	u/luk9s0n	fly9d3f	C
2020-03-31 02:47:50.256953	u/Wojsad1	flzxl0i	u/patate324	flzuwbp	C
2020-03-31 02:48:14.023598	u/IncandescentDarkness	flzxlt6	u/Dragonborn1995	flzxabj	C
2020-03-31 02:48:33.020362	u/Lackyjain	flzxmmf	u/ekanshsahu	flzxjne	C
2020-03-31 02:48:36.440704	u/BlairDaGreat	flzxmsf	u/Zack7399	flzxl8d	C
2020-03-31 02:48:59.004283	u/EternalBloodstar	flzxnog	u/n1njapotamus	flzwgh6	C
2020-03-31 02:49:04.993263	u/mpo0021	flzxo5z	u/Dannhilator	flzwq5x	C
2020-03-31 02:49:20.055215	u/WindWardAxis762	flzxorg	u/SlenderMan20081	flzwicn	C
2020-03-31 02:49:31.427483	u/MixerNexusVM	flzxpcp	u/RepostSleuthBot	flzx7h2	C
2020-03-31 02:49:35.252530	u/The-Real-Dankuya	flzxpmi	u/Centtrix	flz5dzm	C
2020-03-31 02:49:45.074129	u/pElikan1963	flzxq7n	u/suicidalpototoe	flzct4b	C
2020-03-31 02:50:00.104296	u/xWolfz__	flzxqp1	u/unbelievable_owl	flz1vh9	C
2020-03-31 02:50:11.060714	u/deadgoat68	flzxqzg	u/leaderofthevirgins	flzok2g	C
2020-03-31 02:51:00.411898	u/Euhdgibddbuybgeu	flzxscj	u/AredEagle15	flyx3mz	C
2020-03-31 02:51:13.204110	u/SilverGrim234	flzxste	u/uknownoothin	flzthyb	C
2020-03-31 02:51:19.784132	u/a-fried-pOtaTO	flzxt6y	u/TRoastedPotato	flzt84y	C
2020-03-31 02:51:22.047284	u/ianthropy	flzxt71	u/FranktheSirMan	flzliyn	C
2020-03-31 02:51:27.417912	u/SweetSweetypie1350	flzxta1	u/polkalana	fs772w	S
2020-03-31 02:52:01.332365	u/JewishSunflower	flzxuda	u/InfernalDragon87	flzxjar	C
2020-03-31 02:53:18.118161	u/YouNeedAPrisonCell	flzxw7a	u/AutoModerator	flyoyx2	C
2020-03-31 02:53:34.206582	u/speedshark47	flzxwtn	u/RepostSleuthBot	flzxvb0	C
2020-03-31 02:53:42.000115	u/Paddyspills	flzxx0h	u/Wojsad1	flzxl0i	C
2020-03-31 02:53:55.559183	u/random_nuggetweirdo	flzxxag	u/DukeLeon	flzweri	C
2020-03-31 02:54:11.110054	u/RompBurgandy	flzxxnl	u/brak0n	flzu60b	C
2020-03-31 02:54:14.356352	u/jazz311204	flzxxpg	u/SouthRabbit	flysfkn	C
2020-03-31 02:54:20.710388	u/monstermash1005	flzxxwf	u/ggdabs	flzxti4	C
2020-03-31 02:55:02.576901	u/Worth_Whole	flzxz9i	u/TypicalCarcass	flztdld	C
2020-03-31 02:55:06.536870	u/idek-anymor	flzxzgh	u/R0BERT0-	flzvsul	C
2020-03-31 02:55:10.677034	u/xWolfman	flzxzm8	u/ThicccGoose	flzoknd	C
2020-03-31 02:55:12.688824	u/Shozproinc	flzxzpa	u/Sadest_Cactus	flzsky5	C
2020-03-31 02:55:26.377448	u/megwobbes	flzxzxn	u/SamzGm	flzuy85	C
2020-03-31 02:55:29.798981	u/Little-Alexander	flzy01m	u/h8dude	flzx33w	C
2020-03-31 02:56:25.909025	u/nessa351	flzy1nm	u/GoodSlav09	flzn50n	C
2020-03-31 02:57:36.390684	u/maximusD2002	flzy4ep	u/that-one-guy69	flyo8al	C
2020-03-31 02:57:40.544711	u/chrisvskris	flzy4jl	u/Sparkd_Reddit	flzy1ga	C
2020-03-31 02:58:04.922895	u/gamebo11	flzy5lx	u/RepostSleuthBot	flzy36u	C
2020-03-31 02:58:08.392682	u/iEpikWalrus18	flzy5no	u/knight-that-says-ni	flzvxi6	C
2020-03-31 02:58:18.133156	u/Arim01	flzy5xp	u/ThatWasInformative	flzs90m	C
2020-03-31 02:58:29.644692	u/Espen617	flzy66q	u/invertedzombie12	flzjf10	C
2020-03-31 02:58:57.612114	u/lotanfrii	flzy7cg	u/David-Jiang	flzx8ul	C
2020-03-31 02:59:42.142873	u/andychar350	flzy94k	u/jackerman1235	flzy8kr	C
