2020-04-08 09:00:05.595740	u/Eat_Mcdonalds	fms9xa2	u/DiamondPower500	fmrtsom	C
2020-04-08 09:00:28.673077	u/Waterwar10	fms9xr2	u/scoobymax	fmpza1k	C
2020-04-08 09:00:50.357205	u/iam_not_sudev	fms9xw1	u/LionTion_HD	fms952g	C
2020-04-08 09:02:13.695001	u/lightning362	fms9z55	u/HeartOfGold02	fmri04f	C
2020-04-08 09:03:03.045456	u/mr_cool_thanos	fmsa0b8	u/QWERTYAjay	fmrunav	C
2020-04-08 09:04:00.847777	u/BiomedinKy	fmsa1on	u/DaWhoaloer	fms9zau	C
2020-04-08 09:04:14.080999	u/xGejak	fmsa22a	u/WelshGaymer84	fms8m6t	C
2020-04-08 09:04:43.400830	u/Justananononreddit	fmsa2jt	u/Comrade_Goreg	fms86m3	C
2020-04-08 09:05:05.855410	u/padhmajay	fmsa3gl	u/-_-kirito-_-	fms7fzs	C
2020-04-08 09:05:35.507991	u/i-am-froot	fmsa42d	u/RepostSleuthBot	fms7l4m	C
2020-04-08 09:05:41.418407	u/robbestephan	fmsa49t	u/lWanderingl	fmsa09h	C
2020-04-08 09:06:39.810860	u/Kroestah	fmsa632	u/DaWhoaloer	fx5sn6	S
2020-04-08 09:06:51.711397	u/Ekebe23	fmsa6ie	u/Natendrtfm	fmsa4re	C
2020-04-08 09:07:14.879867	u/quikjelyfish	fmsa76n	u/SolaLupus42	fmrhjhp	C
2020-04-08 09:07:42.948555	u/XenoEpsylon	fmsa8lz	u/Potato0nFire	fmqtztk	C
2020-04-08 09:08:30.260310	u/-0o0	fmsaa2w	u/LykaiosYT	fmrsfcu	C
2020-04-08 09:08:31.959104	u/tpathrules	fmsaa5s	u/ChipMcCain	fms6u2n	C
2020-04-08 09:08:33.153450	u/Rby02	fmsaa7i	u/PenguinPride87	fms9vmq	C
2020-04-08 09:08:59.325520	u/Schnitzel_Of_Doom	fmsaboz	u/Mike_Diz	fmruag9	C
2020-04-08 09:09:42.586215	u/purpleshurpa	fmsacfe	u/MayTray	fms1vwf	C
2020-04-08 09:09:56.240125	u/dangit109	fmsad5f	u/JasondoesmoreStuff	fms0utn	C
2020-04-08 09:10:27.736592	u/ZorrroZalando	fmsae2m	u/Maras123	fms9kms	C
2020-04-08 09:10:31.006557	u/Soviet_boi_gulagio	fmsae33	u/NyoomNyoom656	fmsaca4	C
2020-04-08 09:11:30.168360	u/ChillKitt	fmsaf8y	u/yeetusmcdeletus-2	fx4cfv	S
2020-04-08 09:11:52.796793	u/ArchLordPleb	fmsag7i	u/RepostSleuthBot	fmrhtn3	C
2020-04-08 09:11:56.034373	u/WaterSheep1	fmsag7o	u/EdwardYen	fmrykub	C
2020-04-08 09:12:13.406336	u/jreid0061	fmsagi8	u/KanyeMyBae	fmsa9mq	C
2020-04-08 09:12:51.599977	u/Tomotheking5683	fmsaigc	u/Oct0pode	fl9nwir	C
2020-04-08 09:14:25.223072	u/nchinnam	fmsak5h	u/InvisibleImpostor	fms49ot	C
2020-04-08 09:14:51.303318	u/SunglassesSanta	fmsakuk	u/Dikhed7410	fmrrdv1	C
2020-04-08 09:15:50.981740	u/kraftdinnerisgoood	fmsamxe	u/gaygarfeild3	fmrgucj	C
2020-04-08 09:15:52.776460	u/-FluffyUnicorn	fmsan27	u/henticletentai	fms31av	C
2020-04-08 09:17:27.850954	u/Giambiejr	fmsaq03	u/Anibaldarde	fms8pir	C
2020-04-08 09:17:31.270073	u/Kingsayz	fmsaq2i	u/RepostSleuthBot	fms8ahr	C
2020-04-08 09:17:49.477385	u/DrobUWP	fmsaqof	u/Thencan	fmrzjxm	C
2020-04-08 09:18:19.792209	u/MastaBat0r	fmsasmb	u/WelshGaymer84	fms8m6t	C
2020-04-08 09:18:31.625887	u/YourGrandmasFavorite	fmsat5m	u/Lazy_SSJ_God	fms68oe	C
2020-04-08 09:18:38.189299	u/pnaisuls	fmsatmq	u/dcfanatic94	fms62bn	C
2020-04-08 09:19:02.950031	u/DioZAWARUDOBrando	fmsaupt	u/knewfonewhodis	fmqzchp	C
2020-04-08 09:19:39.285174	u/boodelolo777	fmsawf6	u/Toraihekisa	fms4h0s	C
2020-04-08 09:19:41.943060	u/Nezoxx	fmsawi2	u/RepostSleuthBot	fmsav8j	C
2020-04-08 09:20:25.271751	u/ClownSightingsUk	fmsax3t	u/an_unknown_dragon	fmsa0qf	C
2020-04-08 09:20:31.547376	u/HotpieTargaryen	fmsax82	u/beaverkc	fmsa8pm	C
2020-04-08 09:20:49.154421	u/flaviox123	fmsaxqn	u/MixerNexusVM	fmrtijj	C
2020-04-08 09:21:29.984743	u/thinethpopeth	fmsayz3	u/we_R_allEnslaved	fmsa429	C
2020-04-08 09:21:41.166730	u/LinkMom37	fmsaz7c	u/Sparsebutton922	fl26wi5	C
2020-04-08 09:22:57.683146	u/Questionable_Melon	fmsb1fj	u/kawaiiiblobfish	fms3l4e	C
2020-04-08 09:23:04.583130	u/fornicator-	fmsb1h1	u/Eclihpze44	fms9yue	C
2020-04-08 09:23:55.928178	u/ToastedSiomai	fmsb2zn	u/I_exist_here	fms3osw	C
2020-04-08 09:24:01.251633	u/playertamim500	fmsb3a8	u/QWERTYAjay	fmrswpi	C
2020-04-08 09:24:40.585917	u/Quirkyserenefrenzy	fmsb40k	u/Jeotheus	fwuv35	S
2020-04-08 09:24:49.625304	u/1201noah1201	fmsb4dz	u/QWERTYAjay	fmrswpi	C
2020-04-08 09:24:57.389504	u/Friendly_Smartboard	fmsb4nk	u/thisisnotapotato123	fmsb0dk	C
2020-04-08 09:25:36.094354	u/klaustrofobiabr	fmsb684	u/QWERTYAjay	fmrsy1t	C
2020-04-08 09:26:17.992125	u/SlimeMan7801	fmsb6vt	u/OfGodlikeProwess	fmsajc1	C
2020-04-08 09:27:22.428614	u/Whoooosher	fmsb8au	u/_Alabama_Man	fmrcp3e	C
2020-04-08 09:27:30.684280	u/Bread-Supreme	fmsb8j4	u/Pingas938	fms4jue	C
2020-04-08 09:27:35.168380	u/lickmy9inch	fmsb8ld	u/SolaLupus42	fmrhjhp	C
2020-04-08 09:27:40.557224	u/lickmy9inch	fmsb8zk	u/HeartOfGold02	fmri04f	C
2020-04-08 09:27:49.388039	u/pug_meat	fmsb992	u/Humanpants	fmsb02c	C
2020-04-08 09:27:52.161558	u/sebastianmnz	fmsb9et	u/SolaLupus42	fmrhjhp	C
2020-04-08 09:28:18.903021	u/MichaelBoardman	fmsb9yb	u/djsparkxx	fmrzm5m	C
2020-04-08 09:28:22.673926	u/kanishkmorey	fmsba5h	u/SixPlatypus4027	fmsazv6	C
2020-04-08 09:28:24.564840	u/bootyslayer067	fmsbae9	u/2JDestroBot	fmq6mt1	C
2020-04-08 09:28:30.161850	u/Snibrilius	fmsbaur	u/QWERTYAjay	fmrswpi	C
2020-04-08 09:28:31.433079	u/harelsusername	fmsbaws	u/Patrick_Bot2	fmrw1ec	C
2020-04-08 09:28:42.415273	u/lickmy9inch	fmsbb8l	u/DiamondPower500	fmrtsom	C
2020-04-08 09:28:57.814955	u/pouloulol360	fmsbbw7	u/racist_rat420	fms62pm	C
2020-04-08 09:29:26.651440	u/oroechimaru	fmsbdf5	u/Weekeepeedia	fmsb7os	C
2020-04-08 09:29:28.415938	u/ahmed_19905	fmsbdlc	u/Moose__F	fms9rpd	C
2020-04-08 09:29:35.575461	u/Jakesmonkeybiz	fmsbe3n	u/EhliJoe	fms2r8j	C
2020-04-08 09:30:20.853139	u/Mudamir	fmsbf9t	u/TrailerBuilder	fmsatfh	C
2020-04-08 09:31:30.280174	u/LexStreams_	fmsbh4d	u/Geddaymight	fms6spj	C
2020-04-08 09:32:05.125461	u/HGman18	fmsbhhq	u/This_Too_Taken	fmsads3	C
2020-04-08 09:32:34.412864	u/zeik05	fmsbi6q	u/MAGIC_EYE_BOT	fmrw2rp	C
2020-04-08 09:33:23.022710	u/AnEgg4	fmsbjac	u/Elijah-Bell	fmrt3fm	C
2020-04-08 09:34:12.121997	u/good_fella13	fmsbk98	u/AhmadSolo2109	fms60jc	C
2020-04-08 09:35:31.401386	u/AJjordan3	fmsbm53	u/MemeBoiCrep	fmrx7bu	C
2020-04-08 09:36:13.363134	u/growlybear22	fmsbmxv	u/mansyking00	fms59qc	C
2020-04-08 09:36:43.464507	u/DaddyEybrows	fmsbnik	u/filth032	fmris3s	C
2020-04-08 09:36:46.318504	u/cowgirltrainwreck	fmsbnml	u/swae347890312r67hvxd	fms50ef	C
2020-04-08 09:36:49.128529	u/BigBallerBenji	fmsbnns	u/boot-san1	fmrtkr3	C
2020-04-08 09:37:37.343217	u/ms_eleventy	fmsbp85	u/RoboJesus4President	fms4gs3	C
2020-04-08 09:38:01.640840	u/_K3rN_	fmsbqe9	u/phantom881999	fms5d00	C
2020-04-08 09:38:08.926076	u/dragonwaffles1013	fmsbqru	u/dayeon_t_t	fmrnr9d	C
2020-04-08 09:38:29.498143	u/Sonarball	fmsbs9n	u/Yellow_B0i	fmsb9a2	C
2020-04-08 09:38:37.839601	u/ThatYoink	fmsbsr6	u/reddituserfromhun	fmryqcw	C
2020-04-08 09:39:09.350528	u/hedzup00	fmsddep	u/CapLevi222	fmsa960	C
2020-04-08 09:39:16.189496	u/toma647	fmsdecn	u/Urmomgay890	fmsdckq	C
2020-04-08 09:39:24.023427	u/JokerGamezz	fmsderk	u/CheeriodudeL45	fmsd8nv	C
2020-04-08 09:39:39.625666	u/Spyros_975	fmsdf7j	u/Paulina3000	fmsdaq4	C
2020-04-08 09:39:43.658595	u/Dima-P	fmsdfzo	u/PenguinPride87	fmsddw3	C
2020-04-08 09:40:39.244524	u/superbug3003	fmsdh6c	u/AhGahDaFrogga	fmsdg5z	C
2020-04-08 09:40:56.594002	u/WhatABunchofBologna	fmsdhpl	u/King_Bobo_	fmsdeye	C
2020-04-08 09:41:09.388600	u/redsockdude	fmsdhwp	u/AlyBearYT	fmrpllp	C
2020-04-08 09:41:19.944221	u/Diemak	fmsdiia	u/PenguinPride87	fmsbulo	C
2020-04-08 09:41:27.607630	u/GABiusz	fmsdim9	u/VanashinGlory	fmrv4t2	C
2020-04-08 09:42:28.374962	u/Emiiann	fmsdjjd	u/Zakennayo857	fmsd2br	C
2020-04-08 09:42:43.036967	u/SamTarlyTattooParlor	fmsdk7a	u/mansyking00	fms59qc	C
2020-04-08 09:42:45.395013	u/Pineapple_Sunshine_	fmsdk93	u/refrigeratorhum31	fmsckhh	C
2020-04-08 09:42:59.208674	u/randomkweens	fmsdki8	u/Emperor_O_Memes	fmsb1s8	C
2020-04-08 09:43:28.373013	u/burntcookie69420	fmsdljt	u/HydeSpectre	fmscxfh	C
2020-04-08 09:43:55.157121	u/Apestaartje1986	fmsdm0n	u/kai_kono69	fmsdgg1	C
2020-04-08 09:44:13.273564	u/EarlyMorningEspresso	fmsdm7r	u/ExpiredLaxative	fms5mag	C
2020-04-08 09:44:34.129817	u/pp-zuccer7777	fmsdmjd	u/LasRedStar	fms1ys5	C
2020-04-08 09:44:37.819053	u/th3_p3rs0m	fmsdmpf	u/DeeAxMan	fms8wvh	C
2020-04-08 09:45:35.249212	u/DyslexiaUnietd	fmsdnpa	u/TheGomeztroika	fmsdd8v	C
2020-04-08 09:46:09.741150	u/ATLz_most_wanted	fmsdoxf	u/redditorisa	fms7kfd	C
2020-04-08 09:46:11.548975	u/ParsnipsNicker	fmsdoz0	u/Eclihpze44	fms9yue	C
2020-04-08 09:46:50.217251	u/ladyevenstar-22	fmsdqh6	u/Thencan	fmrzjxm	C
2020-04-08 09:46:55.602383	u/JTA_7x	fmsdqp2	u/SmudgeTheCatt	fmqtpse	C
2020-04-08 09:49:07.274809	u/Random_Metri	fmsdvzc	u/Devourah	fms4trt	C
2020-04-08 09:49:09.398812	u/The_Winner_2021	fmsdw4a	u/WebbyRL	fmrt8r7	C
2020-04-08 09:49:12.831909	u/mmdgamer88	fmsdwtw	u/Neo_The_bluepill_One	fmsdsgp	C
2020-04-08 09:49:20.636890	u/Greenveins	fmsdxi5	u/maybes8n	fmr1siz	C
2020-04-08 09:49:27.655948	u/ananizapta	fmsdy0m	u/Brokeasslobster	fmscw0f	C
2020-04-08 09:49:29.368142	u/blockingmyownlight	fmsdy9t	u/djsparkxx	fmrzm5m	C
2020-04-08 09:49:34.959234	u/Raging_Rever	fmsdyoi	u/PenguinPride87	fmsdpf0	C
2020-04-08 09:50:19.691902	u/elvira1619	fmse02g	u/Brokeasslobster	fmsdqsa	C
2020-04-08 09:50:39.860893	u/howBouTnO12345	fmse0hg	u/FatYeetLol	fmsdvxb	C
2020-04-08 09:51:05.342099	u/Ski612	fmse0vd	u/Just2Observe	fms3ypg	C
2020-04-08 09:51:31.386195	u/CreamST	fmse1y9	u/Schnitzel_Of_Doom	fmsbm3m	C
2020-04-08 09:51:38.864239	u/SixDuckSizedHorses	fmse26b	u/majkuls05	fms33rd	C
2020-04-08 09:52:32.253465	u/gmartens1106	fmse3du	u/Danish_Pa5try	fms4863	C
2020-04-08 09:52:57.983174	u/BaconBatty96	fmse3vb	u/Tumlarx2	fmsdedf	C
2020-04-08 09:54:13.163808	u/LilMsChris	fmse5gj	u/tapirus-indicus	fmsba2p	C
2020-04-08 09:54:40.326948	u/Yann14pr	fmse6r8	u/Hatimdecor	fms3vao	C
2020-04-08 09:55:29.813821	u/yeaaaaaaaaaaboi	fmse89e	u/Bruh_Bot_	fmrls2k	C
2020-04-08 09:55:49.304394	u/WubbaDucky	fmse8lb	u/AhmadSolo2109	fms2am2	C
2020-04-08 09:56:22.150766	u/Luckylolman	fmsea50	u/Skycrapper_MnM	fmrf6wc	C
2020-04-08 09:56:25.436627	u/Ravstar225	fmsea9v	u/DiamondPower500	fmrtsom	C
2020-04-08 09:57:38.102067	u/themountainking03	fmsed2w	u/RepostSleuthBot	fms3mdb	C
2020-04-08 09:58:42.319825	u/mesgabalis30	fmsef4h	u/RepostSleuthBot	fmsectl	C
2020-04-08 09:59:08.441517	u/user_meme69	fmsegia	u/EMADAlhaddad	fms5bl3	C
2020-04-08 09:59:31.654025	u/naquib16321	fmsehce	u/131G	fms71pl	C
2020-04-08 09:59:35.473846	u/geekysandwich	fmsehma	u/AcidNewports	fmsefxx	C
2020-04-08 09:59:48.638540	u/The-galactic-bitch	fmsei0m	u/SamTarlyTattooParlor	fmse7u1	C
2020-04-08 09:59:49.736631	u/Mlg-Jc	fmsei4j	u/doumacadan	fmsdtia	C
2020-04-08 09:59:50.793301	u/Murasame14	fmsei8b	u/mmdgamer88	fmse1dv	C
2020-04-08 09:59:56.213602	u/NathanDeKoter	fmseim8	u/SolaLupus42	fmrhjhp	C
