2020-04-01 22:00:30.312957	u/redditbutreddit	fm6fcus	u/theKarrdian	fm6cpr0	C
2020-04-01 22:01:13.417324	u/Jonahs_lab	fm6feld	u/War_Chicken_	fm6e08t	C
2020-04-01 22:01:34.597914	u/SHUF4	fm6ffmb	u/IloyukGood	fm6dhvw	C
2020-04-01 22:01:54.897169	u/The_HXO	fm6fgh3	u/GamerJBoy69	fm6fc3f	C
2020-04-01 22:02:20.666550	u/Thatroyalkitty	fm6fhmo	u/JunoDahWay	fm4rv2t	C
2020-04-01 22:02:30.229499	u/gregg2cool	fm6fi17	u/Jumbo_Cactaur	fm5okig	C
2020-04-01 22:02:37.398592	u/Tvdb4	fm6fi6q	u/Respect_Paying_Bot	fm6eq85	C
2020-04-01 22:02:44.318274	u/bunnygirl876	fm6fib1	u/wolfgangang69	fm5xhv9	C
2020-04-01 22:02:53.379712	u/JacobWasTaken	fm6fitd	u/memer414gamer	fm6f9xn	C
2020-04-01 22:03:03.468561	u/epicdogebox	fm6fjib	u/toe-theive-69	fm68tx5	C
2020-04-01 22:03:13.637382	u/PettC	fm6fjqc	u/kira555	fm6bluz	C
2020-04-01 22:03:22.573163	u/THEextrakrispyKebble	fm6fk74	u/Dman_in_MN69	fm6ak2g	C
2020-04-01 22:03:53.408070	u/W_McAvoy	fm6fm9i	u/Supercoolguy7	fm6697t	C
2020-04-01 22:03:58.665987	u/Grayyeo2213	fm6fmh0	u/Naive-Jeweler	fm6eu1q	C
2020-04-01 22:04:14.252893	u/TheOneAndOnly----	fm6fn36	u/RepostSleuthBot	fm69jfb	C
2020-04-01 22:04:18.644998	u/bashamguy	fm6fngz	u/sad_boi_hours-	fm6ffn8	C
2020-04-01 22:04:20.721510	u/Gonedric	fm6fnhx	u/phigola	fm61tpt	C
2020-04-01 22:04:30.631391	u/NSATTS	fm6fobk	u/RepostSleuthBot	fm6bu9i	C
2020-04-01 22:04:46.986777	u/z_yaf	fm6fp20	u/bismarck911	fm6f4k6	C
2020-04-01 22:05:11.728969	u/Triggered_Fat_Girl	fm6fq1e	u/Auto-ZonedOut	fm4tovt	C
2020-04-01 22:05:42.608580	u/Dr-Deadpool	fm6fs3q	u/ToonStuff	fm64krv	C
2020-04-01 22:06:19.771933	u/_NYLifer	fm6fu5z	u/Harry_JPotter	fm67tmg	C
2020-04-01 22:06:54.278792	u/Lilz_Dawgs	fm6fwmj	u/Kriotik	fm6fuoq	C
2020-04-01 22:06:57.927177	u/Reddit_Teddit_Redomp	fm6fwsk	u/Ater-aeternum	fm6cwkh	C
2020-04-01 22:07:25.419760	u/GoldH2O	fm6fyy3	u/CrusaderRay	fm69uqz	C
2020-04-01 22:07:39.749749	u/MixMax077	fm6g08u	u/joe-mamas-boi	fm5nt63	C
2020-04-01 22:07:50.093636	u/rmcevoy618	fm6g1dp	u/xdeepq	fm67bnn	C
2020-04-01 22:07:58.707360	u/SoftUse	fm6g224	u/DezPispenser	fm5t7ka	C
2020-04-01 22:08:05.339267	u/blueroses70	fm6g37j	u/Dangernoodles9000	fm6ezwp	C
2020-04-01 22:08:58.233591	u/Randomness9000	fm6g4zz	u/oldDotredditisbetter	fm5mo4r	C
2020-04-01 22:09:15.042948	u/IqbalKaUqaab	fm6g6yx	u/DuvetCapeMan	fm68aqx	C
2020-04-01 22:09:41.361204	u/spill_da_b3anz	fm6g6vo	u/MixMax077	fm6g08u	C
2020-04-01 22:09:43.513935	u/HydeSpectre	fm6g8dp	u/VaultyVaulty	fm6g6py	C
2020-04-01 22:12:04.144000	u/CarefulOil	fm6gfxp	u/Mildly_Muddy_Boi	fm6dkqr	C
2020-04-01 22:12:29.811831	u/EthanH117	fm6ghvj	u/Daylynn_95	fm6g48y	C
2020-04-01 22:12:33.092604	u/RandomMemes-1	fm6ghz5	u/RedditingPuppy	fm5eyet	C
2020-04-01 22:13:15.673581	u/Farmerhardy	fm6gjsq	u/faultygroudon	fm6fgqx	C
2020-04-01 22:14:18.813579	u/personafan123	fm6gmgn	u/Scornn28	fm68yb6	C
2020-04-01 22:14:23.192424	u/__suxidesilenxe__	fm6gmkw	u/I-FAP-TO-SNOO	fm5ypum	C
2020-04-01 22:14:38.283270	u/potatoebulbs918	fm6gn9h	u/faze_pickle_rick	fm6glvl	C
2020-04-01 22:14:50.739023	u/alloverthefloor	fm6gnyy	u/xdd12222	fm64xjk	C
2020-04-01 22:15:04.420749	u/yalikejazz89	fm6gowo	u/FalteringNews	fm6cbeg	C
2020-04-01 22:16:04.873637	u/FRVRNKNWN	fm6gro8	u/Im_Paolo_Not_Paulo	fm6gn7p	C
2020-04-01 22:16:30.223596	u/jraw692	fm6gsus	u/TheChickenIsFkinRaw	fm58r2u	C
2020-04-01 22:16:39.141246	u/cringe_normie6969	fm6gt66	u/Reddit_Teddit_Redomp	fm6fwsk	C
2020-04-01 22:17:03.835162	u/Sharnaevny0814	fm6guhn	u/SomberRc3d	fm6bsls	C
2020-04-01 22:17:11.681686	u/TheGoatAlien	fm6guqi	u/Silent_Palpatine	fm6gn47	C
2020-04-01 22:18:18.658424	u/TheGalenator	fm6gy2j	u/saxobroko	flw6j5j	C
2020-04-01 22:18:23.105718	u/Madhopper2	fm6gydi	u/Lilz_Dawgs	fm6fwmj	C
2020-04-01 22:18:31.559040	u/EuphoricUpstairs8	fm6gynu	u/britdidntgetthejoke	flfrcbo	C
2020-04-01 22:18:44.755588	u/JazCin19	fm6gzo4	u/Daylynn_95	fm6gr35	C
2020-04-01 22:19:09.314682	u/look_ma_i_made_it	fm6h1hf	u/Respect_Paying_Bot	fm6gz2i	C
2020-04-01 22:19:14.880776	u/throughmethroughyou	fm6h1t5	u/RepostSleuthBot	fm6bznc	C
2020-04-01 22:19:27.494414	u/DeadHorseo	fm6h2ca	u/redditfag66	fm6h1g6	C
2020-04-01 22:19:41.666095	u/Commissar-Yesmen	fm6h3ov	u/JacobWasTaken	fm6fitd	C
2020-04-01 22:19:50.708040	u/RustyBusty64	fm6h47i	u/redditmeric	fm66p0h	C
2020-04-01 22:20:11.576410	u/Robbadobflob	fm6h6fx	u/kitten_princess69	fm6fgkc	C
2020-04-01 22:20:53.617604	u/GreasyDan420	fm6h8p7	u/RepostSleuthBot	fm6h1tj	C
2020-04-01 22:21:06.274070	u/Feelinfrigginfroggy	fm6h9dn	u/sedastian01	fm6bp81	C
2020-04-01 22:21:13.268159	u/MikeyMike129	fm6h9vx	u/GeorgianWineCooler	fm6h5l4	C
2020-04-01 22:21:58.443859	u/drzoidberg139	fm6hc5g	u/AutoModerator	fm6guwl	C
2020-04-01 22:22:09.929104	u/Flameboy20309	fm6hcpz	u/pineapple_pizza1111	flkhqyj	C
2020-04-01 22:22:35.227087	u/FckReddit1	fm6hdxc	u/trelium06	fm65wej	C
2020-04-01 22:22:48.499784	u/-0-nobody-0-	fm6hevr	u/Jonahs_lab	fm6hdlz	C
2020-04-01 22:23:01.402808	u/MOSCOWMOSCOW	fm6hfmy	u/Gimbard	fm6b2tt	C
2020-04-01 22:23:56.413369	u/RadicalHaloNova	fm6hipu	u/zombiere4	fm689t6	C
2020-04-01 22:24:20.709757	u/Number_Boi	fm6hjw3	u/_Chonkyboi_	fm6bz8u	C
2020-04-01 22:24:31.599265	u/ripmylexus	fm6hklt	u/ToonStuff	fm64xot	C
2020-04-01 22:24:54.565067	u/CinnamonMink27	fm6hlw1	u/AHHHHHHHHHHHHHHHH_	fm6gil9	C
2020-04-01 22:24:59.451292	u/ZMayhew2013	fm6hm5p	u/_MrGullible	fm6h6iu	C
2020-04-01 22:25:16.280484	u/sk8fst	fm6hn8t	u/Joes_Reddit_acount	fm5br2f	C
2020-04-01 22:25:50.886375	u/therealpepsi	fm6hp4o	u/Mostdownvotedever420	fm6hmo9	C
2020-04-01 22:26:03.791332	u/studmuffin30	fm6hpsf	u/daddylinecook	fm6cgpl	C
2020-04-01 22:26:19.638764	u/ArthurWeasley	fm6hqit	u/RavingRougeRaven	fm6h92h	C
2020-04-01 22:26:25.735127	u/Gen_Z_boi	fm6hqt8	u/ThermalKiller	fm6eef3	C
2020-04-01 22:27:09.494369	u/yoppyyoppy	fm6hstd	u/poopstainonscarf	flypqz9	C
2020-04-01 22:27:51.409655	u/Memes_Smell_Fun	fm6hv0s	u/Robonics014	fm6exz5	C
2020-04-01 22:27:53.084854	u/Clayton_Smith	fm6hv3e	u/DispleasedSteve	fm6h47r	C
2020-04-01 22:28:05.512425	u/Fadi_kiswani	fm6hvo1	u/drzoidberg139	fm6hc5g	C
2020-04-01 22:28:09.707371	u/thebiscutinyouretea	fm6hvu4	u/R3lay0	fm63d87	C
2020-04-01 22:28:18.006890	u/Leelluu	fm6hw7t	u/Chickensong	fm69y4o	C
2020-04-01 22:28:31.135438	u/dampsauceisumumboss	fm6hx4x	u/potatoebulbs918	fm6hhsg	C
2020-04-01 22:28:33.984193	u/KingRhoamOfHyrule	fm6hxht	u/DispleasedSteve	fm6fi72	C
2020-04-01 22:28:46.609893	u/peakshockey37	fm6hyhr	u/SoMuchForSubtle	fm61xyh	C
2020-04-01 22:28:58.978769	u/Lilnibba321	fm6hzlk	u/AK24ROCKS	fm3ae1b	C
2020-04-01 22:29:25.731123	u/taetaeliferocks	fm6i1nx	u/hotpotatodude	fm6dg5y	C
2020-04-01 22:30:18.205182	u/NotThatCool69	fm6i5fi	u/Everyonethinksim11	fm6i23j	C
2020-04-01 22:30:21.843182	u/leothewoolylion	fm6i5hw	u/AutoModerator	fm6guwl	C
2020-04-01 22:30:35.051491	u/succulent-unicorn	fm6i65r	u/Truuuliiim	fm66si1	C
2020-04-01 22:30:55.128903	u/senseichambo	fm6i6zp	u/NuggetSmuggler	fm6g9c9	C
2020-04-01 22:30:57.518709	u/bitchfacex	fm6i70i	u/Eatinghaydownbyabay	fm6hu7k	C
2020-04-01 22:31:23.544609	u/forestman11	fm6i855	u/AvocadoA	fm5ouf1	C
2020-04-01 22:31:36.925253	u/PolishYeti	fm6i8e2	u/AutoModerator	fm6i2rv	C
2020-04-01 22:31:41.530554	u/RNG_566	fm6i8fc	u/AutoModerator	fm6gygd	C
2020-04-01 22:31:46.083791	u/akim64	fm6i8lo	u/bad_dog_riffin	fm5ytnj	C
2020-04-01 22:32:14.111623	u/thevillainreturns	fm6iae1	u/Retroboy216	fm6fb33	C
2020-04-01 22:32:21.775399	u/Konxovar	fm6iaqv	u/Truuuliiim	fm66si1	C
2020-04-01 22:32:45.386567	u/golden_homie	fm6iboq	u/GothicGamer2012	fm5p3pf	C
2020-04-01 22:32:52.171572	u/Grumpa_Gaming	fm6ibt7	u/blueeggsandwaffles	fm589zc	C
2020-04-01 22:32:54.338415	u/Carnation2006	fm6ibu5	u/Rymoni181	fm6hj3f	C
2020-04-01 22:33:18.019353	u/KB-say	fm6icis	u/zaicam1221	fm4iktp	C
2020-04-01 22:33:47.702991	u/thesandwichdude	fm6ieho	u/kira555	fm6fgvm	C
2020-04-01 22:33:58.655092	u/sean-exists	fm6if2o	u/SheSuccMii	fm600w5	C
2020-04-01 22:34:13.528842	u/Animal_lover14	fm6ifk7	u/webdog77	fm62zpp	C
2020-04-01 22:34:55.623226	u/NinjaVanLife	fm6ihau	u/xdd12222	fm64xjk	C
2020-04-01 22:35:18.284201	u/TheTazainSpanish	fm6ii7h	u/Aspen_Alabaster	fm6htut	C
2020-04-01 22:36:10.355034	u/machingunwhhore	fm6ikrs	u/JesusWasaDonger	fm5y0o8	C
2020-04-01 22:36:14.880491	u/ChucksNorris243	fm6il43	u/Gem_37	fm69u4f	C
2020-04-01 22:36:29.407894	u/GimmyGamet	fm6iln8	u/potatoebulbs918	fm6iftc	C
2020-04-01 22:36:41.334251	u/Juan_Indastink	fm6im36	u/J_C_Wizard49	fm6idpb	C
2020-04-01 22:37:06.814603	u/benyi420	fm6imxv	u/memer414gamer	fm6bjgv	C
2020-04-01 22:37:32.809952	u/StarlightJoker	fm6io5r	u/YogiXDMT	fm695hn	C
2020-04-01 22:37:39.393294	u/Wolf04909	fm6ioat	u/69niceurmoom420	fm5shjn	C
2020-04-01 22:37:47.243670	u/CrankyPanda241	fm6iojy	u/Jonahs_lab	fm6hlvp	C
2020-04-01 22:37:54.596414	u/daley_bear	fm6ioz7	u/ArthurWeasley	fm6hqit	C
2020-04-01 22:38:14.259424	u/MemeOverlord696	fm6ipwl	u/TakenBySquid	fm64muz	C
2020-04-01 22:38:27.242343	u/MrDerpy225	fm6iqki	u/MikeyMike129	fm6ioxd	C
2020-04-01 22:38:33.292896	u/Yeeto-nater_69	fm6iqsw	u/execuTe656	fm5dp79	C
2020-04-01 22:39:14.848851	u/YeetusTheFetus926	fm6iu31	u/PotatoChisp08	fm6i62t	C
2020-04-01 22:39:42.378876	u/quafflethewaffle	fm6ixjq	u/TheTwilightKing	fm6c8kp	C
2020-04-01 22:39:45.078037	u/hipsteredASMR	fm6ixrq	u/jacksavage706	fm6a28l	C
2020-04-01 22:39:49.640776	u/KarmaWorkz	fm6iyhw	u/Sharnaevny0814	fm6guhn	C
2020-04-01 22:39:50.543824	u/ComfortableFluff	fm6iyiz	u/Justin_The_Fox2	fm6iv11	C
2020-04-01 22:39:54.061494	u/VaranTheUnbelievable	fm6iz4a	u/Vasikus3000	fm5ojqc	C
2020-04-01 22:40:22.949338	u/xmoe_deeb38	fm6j15j	u/SheSuccMii	fm600w5	C
2020-04-01 22:40:52.007332	u/DamnDamion	fm6j2b5	u/TheRedWoopang	ftb36d	S
2020-04-01 22:41:19.980548	u/lemonyfreshpine	fm6j3tq	u/f3lhorn	fm6hqya	C
2020-04-01 22:41:24.628408	u/HeLlO_Gecko_101	fm6j3z0	u/TheRichSeries	fm6ikom	C
2020-04-01 22:41:28.013588	u/Nicekuun	fm6j47w	u/GamingNinja975	fm6f8g9	C
2020-04-01 22:41:34.317135	u/Alex__Spectre	fm6j4b8	u/Jomesfonso	fm6dv1g	C
2020-04-01 22:42:34.411351	u/FBIWatchinUBeaturPP	fm6j7ae	u/toe-theive-69	fm6a6mu	C
2020-04-01 22:43:00.502471	u/Stone4106	fm6j853	u/The-Black-Arrow	fm65522	C
2020-04-01 22:43:02.747648	u/PickleBoyPapi	fm6j85s	u/ranchcrackers352	fm68ot5	C
2020-04-01 22:43:10.763374	u/leo_the_chill	fm6j8q7	u/__jayck__	fm6j6r9	C
2020-04-01 22:43:19.223046	u/skidadle_gayboi	fm6j910	u/datsmamail12	fm6gnbm	C
2020-04-01 22:43:22.451046	u/fitemehm8	fm6j95o	u/tinystaplers	fm5v5mv	C
2020-04-01 22:43:42.970733	u/abnero	fm6j9wj	u/RadicalHaloNova	fm6hipu	C
2020-04-01 22:43:45.148169	u/thug_waffle2	fm6j9xm	u/PoGioDark	fm69h70	C
2020-04-01 22:43:51.784729	u/UnitEpsilon	fm6jaa9	u/TheGuyThatIsStupid	fm6iaqr	C
2020-04-01 22:44:16.930359	u/French_Bulldog	fm6jb5e	u/MssDevil	fm6cdyo	C
2020-04-01 22:44:38.268228	u/tev81	fm6jc79	u/Lol_zz	fm6hked	C
2020-04-01 22:46:19.635952	u/SquirrelH16	fm6jfvp	u/nameofanuser	fm6jdv1	C
2020-04-01 22:46:30.402402	u/2000_RPM	fm6jgkc	u/xdd12222	fm64xjk	C
2020-04-01 22:47:02.769103	u/TypicalSoil	fm6ji99	u/J_C_Wizard49	fm6iiiu	C
2020-04-01 22:47:12.026624	u/MintyMush	fm6jiwx	u/ComfortableFluff	fm6jbej	C
2020-04-01 22:47:13.847910	u/Samuel_L_Blastn	fm6jixm	u/Rigel1895	fm6773l	C
2020-04-01 22:47:20.077503	u/fierce11301	fm6jj2m	u/AvocadoA	fm5ouf1	C
2020-04-01 22:47:31.275141	u/usemonday461	fm6jjmb	u/VotiveSpoon	fm4z0is	C
2020-04-01 22:48:04.143612	u/russbussdp	fm6jlol	u/Truuuliiim	fm66si1	C
2020-04-01 22:48:33.344313	u/ziiguy92	fm6jn53	u/a-snakey	fm62zyx	C
2020-04-01 22:48:40.257585	u/RedDot918182	fm6jnfq	u/StonerWizerd	fm62aa9	C
2020-04-01 22:48:58.904707	u/k5vin-	fm6jock	u/The-Black-Arrow	fm65522	C
2020-04-01 22:49:25.088503	u/mint_syrupp	fm6jpwe	u/HyruleanBelmont	fm6jllu	C
2020-04-01 22:49:29.389269	u/Yuvi1976	fm6jqaq	u/YeetusTheFetus926	fm6iu31	C
2020-04-01 22:49:36.839750	u/benboy952	fm6jqtv	u/7_Cube	fm6g35q	C
2020-04-01 22:49:50.544614	u/DelfinoYama	fm6jrud	u/ByzantineLegionary	fm6hkm7	C
2020-04-01 22:49:57.317130	u/LowMarsupial3	fm6jsnf	u/gandalf1420	fte6sj	S
2020-04-01 22:50:17.639297	u/SeptuagenarianOnion	fm6jtns	u/roasted_0reo	fm6je9t	C
2020-04-01 22:50:24.491338	u/EternalWah	fm6jtxm	u/yourtits5531	fm5uqhb	C
2020-04-01 22:50:29.098302	u/MrImLance	fm6ju5h	u/nobodyisnice	fm6efsz	C
2020-04-01 22:51:10.336467	u/dadybones	fm6jv7p	u/KarmaWorkz	fm6iyhw	C
2020-04-01 22:51:24.439846	u/Fireboiio	fm6jvn3	u/JayIsTrash0307	fm6brar	C
2020-04-01 22:51:57.657182	u/BeeXO8	fm6jxvj	u/SheSuccMii	fm6j3o7	C
2020-04-01 22:52:13.029273	u/munkykong	fm6jyls	u/AmishPoser	fm6ihf8	C
2020-04-01 22:52:19.844014	u/Kevin_Khang	fm6jyqr	u/k5vin-	fm6jock	C
2020-04-01 22:52:23.291154	u/RyanCPH12	fm6jyuv	u/tev81	fm6jc79	C
2020-04-01 22:52:39.649022	u/BeatMyGame	fm6jzdy	u/MostUniqueClone	fm5xlee	C
2020-04-01 22:52:59.061343	u/ezbaxz2	fm6k0bc	u/TehFuriousKid	fm5qza7	C
2020-04-01 22:53:02.377653	u/bigmanbud	fm6k0fu	u/ReallyNeedHelp222	fm69w2w	C
2020-04-01 22:53:19.940419	u/aash_48	fm6k1bp	u/NOTthefakenate	fm66e86	C
2020-04-01 22:53:35.816961	u/Ekbert111	fm6k28o	u/SheSuccMii	fm600w5	C
2020-04-01 22:53:45.758483	u/Cyclopspanda333	fm6k2g1	u/I-FAP-TO-SNOO	fm5ypum	C
2020-04-01 22:54:24.967634	u/Voltage_BeShocked	fm6k3lf	u/dadybones	fm6jv7p	C
2020-04-01 22:54:38.663222	u/thwar58	fm6k3za	u/Big-fluffy-panda	fm6dbnj	C
2020-04-01 22:55:37.813014	u/4Italianoranges	fm6k7k0	u/Muther-Russia	fm6jvun	C
2020-04-01 22:55:40.726930	u/woah_man809	fm6k7l8	u/redditmeric	fm6fwrn	C
2020-04-01 22:56:02.093922	u/yagiz_akkoc	fm6k94i	u/jan_sollo	fm64y0b	C
2020-04-01 22:56:17.457122	u/baitman12	fm6k9cv	u/Klyphord	fm6jmax	C
2020-04-01 22:56:38.771880	u/ilikejuice88	fm6kajp	u/GhostAspect_	fm6k1nj	C
2020-04-01 22:57:37.371367	u/rcarioti77	fm6kef1	u/FuckedRussian	fm6cokv	C
2020-04-01 22:57:47.447290	u/MarshallMathaias	fm6kfao	u/Fadi_kiswani	fm6kbkm	C
2020-04-01 22:58:20.228697	u/BucketPuppy	fm6khg4	u/Aspen_Alabaster	fm6htut	C
2020-04-01 22:58:26.059170	u/cyclonestate54	fm6khsh	u/blueroses70	fm6g37j	C
2020-04-01 22:58:43.462565	u/Sbevette	fm6kj8o	u/Daylynn_95	fm6ab61	C
2020-04-01 22:58:47.993497	u/Monaia	fm6kjdc	u/TheBereJew	fm6k9oe	C
2020-04-01 22:58:50.107946	u/supbitch_imcat	fm6kjj0	u/dolde1234cp	fm6hck0	C
2020-04-01 22:58:51.581558	u/Yeomans316	fm6kjlj	u/dummybricksrian	fm6kfud	C
2020-04-01 22:58:54.444519	u/JelloFish22	fm6kjp1	u/pinkpatiences	fm6khr8	C
2020-04-01 22:59:05.262667	u/Bessini	fm6kkw3	u/LuckyDodo5	fm6ea3o	C
2020-04-01 22:59:28.645284	u/MrWolfman29	fm6kmbp	u/sneeringpython	fm6jaek	C
2020-04-01 22:59:33.761103	u/THA707HERGUY	fm6kmoq	u/ZukusCatHeaven_Art	fm6kg74	C
2020-04-01 22:59:52.129248	u/Baron-dass-cat	fm6knom	u/edith-bunker	fm6h69i	C
