2020-03-27 18:01:08.428717	u/Lazaplaza2	flov1gx	u/introvert15	flo21dv	C
2020-03-27 18:01:23.174596	u/SirPiffingsthwaite	flov1q3	u/Vollhartmetall	flnvmm0	C
2020-03-27 18:01:36.892728	u/Samuel-Ward	flov28a	u/Cl4p-Joker	flocyf0	C
2020-03-27 18:01:56.220273	u/GOLDENJAGUAR24	flov2r0	u/AutoModerator	floug9z	C
2020-03-27 18:02:35.180850	u/kayakjones99	flov42s	u/SuchANoooob	flogyvz	C
2020-03-27 18:02:58.837962	u/DirtySlitherBoi	flov56q	u/bruhwhy666	flouos3	C
2020-03-27 18:03:08.368018	u/TheFunkmaster88	flov5g2	u/redditmeric	florgkx	C
2020-03-27 18:03:19.460454	u/nopepotato69	flov5nn	u/jimins_eye_smile_uwu	flov2lm	C
2020-03-27 18:03:27.391960	u/dz1087	flov5rj	u/ZakTSK	flouz58	C
2020-03-27 18:03:39.734867	u/weird_pancakes	flov66g	u/nightlampweight	flouysw	C
2020-03-27 18:04:03.101668	u/LordDucktilious	flov6vo	u/rachelsqueak	flofjzy	C
2020-03-27 18:04:30.474906	u/Megaroooni	flov81v	u/fualtyzane	floohnw	C
2020-03-27 18:04:46.665621	u/NonverbalGore24	flov8jd	u/OrochiMain98	flonmmi	C
2020-03-27 18:05:16.479578	u/beetrootfoot	flov9yn	u/Xploiter_RBLX	flofrtb	C
2020-03-27 18:05:40.169939	u/RenderedBike40	flovatb	u/zitchat	flnj4ca	C
2020-03-27 18:06:09.483926	u/FirstEvolutionist	flovc5g	u/MadSwine69	flo35xo	C
2020-03-27 18:06:32.742986	u/vasiliki001	flovd2i	u/Xploiter_RBLX	flofu9c	C
2020-03-27 18:06:39.747455	u/julian0308	flovdnx	u/Tru_Drone_Videos	flov0vy	C
2020-03-27 18:06:47.639797	u/KhanneaSuntzu	flovdvh	u/HodutheMemelord	florw9s	C
2020-03-27 18:07:01.920149	u/Aquos18	floveng	u/TheSaphiro	flooxf8	C
2020-03-27 18:07:06.490026	u/Qfamily329	flovez8	u/overthexbow	florwdk	C
2020-03-27 18:07:36.017128	u/Abu_Ibrahim1440	flovgem	u/scav_is_new_spetznas	flmyqch	C
2020-03-27 18:07:43.132008	u/BradyWeeks	flovgs0	u/OrochiMain98	flonmmi	C
2020-03-27 18:07:51.585611	u/Imbouttobuyyou	flovh8k	u/DirtySlitherBoi	flov56q	C
2020-03-27 18:08:02.916138	u/SpunkyMunkey6969	flovhqg	u/ThatOneKid000005	flomq7u	C
2020-03-27 18:08:13.496914	u/rhybread27	flovijs	u/The20Voices	floul2f	C
2020-03-27 18:08:15.107619	u/tankopter	flovik4	u/Dogga565	flnaoly	C
2020-03-27 18:08:19.704077	u/Gem_Daddy	flovixf	u/Ben_Driscoll	flmrf4p	C
2020-03-27 18:08:39.205632	u/bailylives	flovjmq	u/Bruhski55	flov2o0	C
2020-03-27 18:08:42.362800	u/Endriu233	flovjqf	u/Step_Switcher	flov4gu	C
2020-03-27 18:09:00.760807	u/hobo367	flovkk2	u/ShabalabaBangbang	flop24k	C
2020-03-27 18:09:11.964766	u/ImACatAndDogPerson	flovlcd	u/SamOnReddit26	flot2aq	C
2020-03-27 18:09:28.770657	u/irenomars	flovlzh	u/hobo367	flovjac	C
2020-03-27 18:09:38.717585	u/SpaciestTunic98	flovm3e	u/natechenry	flo7mpn	C
2020-03-27 18:09:51.541214	u/Rods79	flovnib	u/i_fucked_satan111	flot3mc	C
2020-03-27 18:10:03.943193	u/Milly_7-2006	flovo8u	u/vansh_0765	floek3y	C
2020-03-27 18:10:34.205479	u/PepeTheMemeDealer	flovpqz	u/blu3h4wk	flodxzu	C
2020-03-27 18:10:38.871343	u/chaddoesthings	flovpsi	u/JonkersTwix	fl6hiu9	C
2020-03-27 18:10:46.999726	u/StffleBffle	flovpwi	u/TheDonDestroyer	flo5142	C
2020-03-27 18:10:58.911956	u/lincolnahidge	flovq3l	u/racerfree	floo0jb	C
2020-03-27 18:11:02.439207	u/Gassy_McGasserson	flovq5k	u/GasMaskMemer	fl9xb7i	C
2020-03-27 18:11:41.606691	u/scooopofpeas	flovrl9	u/OneSushi	flonzvv	C
2020-03-27 18:12:19.399690	u/MausHaus1945	flovskd	u/JohkuKL	flolj9e	C
2020-03-27 18:12:21.696718	u/Pmu69	flovskl	u/pimpapprentice	floayzb	C
2020-03-27 18:12:25.059316	u/TheFunkyPineapple	flovspr	u/AutoModerator	floa28r	C
2020-03-27 18:12:34.533076	u/Akbar3rd	flovt7u	u/Foamyphilosophy	flo88tn	C
2020-03-27 18:12:39.613337	u/FirefoxPanda19	flovt9o	u/Elolet	flooejp	C
2020-03-27 18:12:54.194008	u/DAHOUDINIOWL	flovu17	u/Patser21	floja8b	C
2020-03-27 18:13:21.872384	u/NotGonnaPostAtAll	flovv0c	u/haha5601	floircg	C
2020-03-27 18:14:04.220108	u/FrettNoble	flovwkf	u/stocking6	floif8r	C
2020-03-27 18:14:47.304790	u/bORAT25	flovygn	u/Emperor_O_Memes	flovovx	C
2020-03-27 18:15:26.774622	u/TheCheshireDemon	flow0rz	u/JackeRid05	flor8ex	C
2020-03-27 18:15:33.984531	u/dog_soup04	flow13p	u/Veyo___	floglkn	C
2020-03-27 18:16:11.063647	u/TheWordBandit	flow2v6	u/Xploiter_RBLX	flodn3u	C
2020-03-27 18:17:05.540827	u/guigamer2009	flow5p7	u/BOSS_Master7000	flnsikd	C
2020-03-27 18:17:07.335731	u/IdiotDinosaur	flow5p4	u/blainguns	flokrz2	C
2020-03-27 18:17:18.235911	u/spongeyboi123	flow62z	u/MerkiMerkis	fllpvpg	C
2020-03-27 18:17:25.592069	u/stelle7022	flow6eg	u/dovedevic	fl2izeo	C
2020-03-27 18:17:28.175832	u/DevilsLettuceDealer	flow6ft	u/Sirpooopsalotjr	flodg06	C
2020-03-27 18:17:42.960021	u/locoyou20000	flow6yw	u/Nzghzr	flofobo	C
2020-03-27 18:18:02.844458	u/WafflesNeedSyrup	flow87a	u/fualtyzane	floovqs	C
2020-03-27 18:18:19.599580	u/DevinWagamama	flow93h	u/Tru_Drone_Videos	floti31	C
2020-03-27 18:18:23.492583	u/l19mxd	flow9ci	u/lewis_bsball05	flovxeo	C
2020-03-27 18:18:26.598548	u/Senor_Stupid	flow9e3	u/OrochiMain98	flonmmi	C
2020-03-27 18:18:28.370019	u/Starytal	flow9ef	u/VibraniumDragonborn	fl5nrgn	C
2020-03-27 18:18:36.728846	u/FriccMahLyfe	flow9z6	u/rachelsqueak	flofjzy	C
2020-03-27 18:18:46.733975	u/Wale365	flowagd	u/Step_Switcher	flov4gu	C
2020-03-27 18:19:17.000883	u/theprocrastinator7	flowcea	u/baumschueler69	flosdho	C
2020-03-27 18:19:20.315953	u/clonerobot17	flowci6	u/insan98062	flovshl	C
2020-03-27 18:19:33.270738	u/Neoage	flowdje	u/OneSushi	flooa0m	C
2020-03-27 18:19:36.558571	u/KlarsachKoala	flowdmp	u/Eda230BBS	fllmj92	C
2020-03-27 18:19:55.738488	u/Fuife	flowfg4	u/Suavpan	flot9z6	C
2020-03-27 18:20:02.527960	u/raymancz	flowfql	u/AnimazingHaha	floa29t	C
2020-03-27 18:20:08.669346	u/ego_stelio	flowfup	u/ThatOneKid000005	flomq7u	C
2020-03-27 18:20:25.548498	u/McDonaldsBig	flowgdl	u/fualtyzane	flovypf	C
2020-03-27 18:20:40.541206	u/SvvingSvvong	flowgzq	u/IloveAnnie82	flo1n80	C
2020-03-27 18:20:49.915014	u/LilPPNibba	flowhd1	u/fualtyzane	flow8nm	C
2020-03-27 18:20:54.081355	u/OGMemes69420	flowhed	u/shellypancake	flo5fwc	C
2020-03-27 18:21:13.856593	u/I_love_RDR2	flowine	u/Imagine_Squidy	fln2mzi	C
2020-03-27 18:21:18.552494	u/pidge4308	flowiyf	u/haha5601	floi766	C
2020-03-27 18:21:54.193424	u/roanlengton0	flowjs0	u/SpaceD0rit0	floloi0	C
2020-03-27 18:22:14.787484	u/Seilorks	flowkdk	u/bailylives	flovveq	C
2020-03-27 18:22:17.033253	u/Clawzon0509	flowkg8	u/ArishaSmile	flobkfq	C
2020-03-27 18:22:25.987757	u/Sigmadelta8	flowko1	u/pimpapprentice	floayzb	C
2020-03-27 18:23:16.315629	u/yutus	flowm6m	u/ThatOneKid000005	flomq7u	C
2020-03-27 18:23:19.787532	u/the_super_smash_bro	flowmaf	u/MyJelloJiggles	flowj5u	C
2020-03-27 18:23:35.457263	u/gaybrosgonewild	floxxqh	u/meme_soapp	fq75l3	S
2020-03-27 18:23:46.923795	u/BARKBOII	floxy82	u/The_Edgiest_Angle	fl8tf68	C
2020-03-27 18:23:51.123092	u/omeletteboi	floxydn	u/NoodleSaidSo	flo6iu4	C
2020-03-27 18:24:11.747047	u/Beastmode0708	floxz22	u/Wiseonejambo	flovlgy	C
2020-03-27 18:24:24.231628	u/notkasto	floxzgy	u/Tru_Drone_Videos	flougo4	C
2020-03-27 18:24:31.643448	u/ChocoCharaDreemurr	floxzsa	u/44G6	flok2bn	C
2020-03-27 18:24:33.756500	u/iChivia	floxzu2	u/taiaguu	floxu9w	C
2020-03-27 18:24:52.394267	u/nichodisco	floy0qg	u/Nagahalomac	floj89g	C
2020-03-27 18:24:58.933561	u/DerpisMalerpis	floy11j	u/inbred_bread	flo6g6n	C
2020-03-27 18:25:22.323618	u/DrFlowey	floy281	u/fualtyzane	floqlza	C
2020-03-27 18:25:30.794314	u/xxlols	floy2nx	u/whyDidIDoDis134	floo8ac	C
2020-03-27 18:25:39.875070	u/iamadjective	floy32d	u/taste1337	floaiis	C
2020-03-27 18:25:50.377753	u/Wotor-bawttle	floy3gh	u/u_r_very_gay	flow8mx	C
2020-03-27 18:26:20.490363	u/Bedroominc	floy4i3	u/ThatOneKid000005	flomq7u	C
2020-03-27 18:26:23.485103	u/Jake65622	floy4j8	u/CauseImSlimShady	flnpzg3	C
2020-03-27 18:26:38.759746	u/Boris_Zubekov	floy547	u/thedeathmachine	flohtg7	C
2020-03-27 18:26:40.618334	u/puppynebula	floy56k	u/charizardfan101	floxgya	C
2020-03-27 18:26:50.043486	u/Lightning-Slayer	floy5p0	u/MAINCRACIO	fq1w16	S
2020-03-27 18:27:11.652255	u/420up69down	floy6qs	u/scottyTheJesusMan	floxanm	C
2020-03-27 18:27:22.423966	u/Tuxedo-Bird	floy75w	u/almar230	flop5q3	C
2020-03-27 18:27:31.498170	u/carrotnose258	floy7sz	u/ThatOneKid000005	flomq7u	C
2020-03-27 18:27:54.663667	u/ChaoticReignOA	floy8ln	u/2JDestroBot	flovpdw	C
2020-03-27 18:28:21.716967	u/Mr_1saac	floy97p	u/RepostSleuthBot	flosjpo	C
2020-03-27 18:28:29.141615	u/FabulousPower	floy9jh	u/Sigmadelta8	flowko1	C
2020-03-27 18:28:35.133684	u/DNayli	floy9nj	u/_Xand0n_	florw4d	C
2020-03-27 18:29:33.691012	u/dcaspit	floydac	u/OddSquirrel3	flnlfgl	C
2020-03-27 18:29:37.965039	u/tsukitheweeb	floydfy	u/good_boi_bot	flopl2m	C
2020-03-27 18:29:43.679182	u/hereforyebeer	floydvx	u/PenguinRisk	floy9yh	C
2020-03-27 18:29:51.871333	u/PandoraStuff	floyeql	u/nonutrinobuissness	flowa8i	C
2020-03-27 18:29:52.839643	u/oofmanidk	floyeus	u/fualtyzane	flow9he	C
2020-03-27 18:29:58.398446	u/saltiboi_04	floyfav	u/michaelmanieri	flol3gy	C
2020-03-27 18:29:59.081390	u/ILoveSlingshot	floyfda	u/Boubou0909	fla295j	C
2020-03-27 18:30:14.297022	u/cjdeathhunter1	floyfqh	u/Mad_Squid	floybu0	C
2020-03-27 18:31:08.930699	u/glemau	floyhma	u/fualtyzane	flowg9y	C
2020-03-27 18:31:13.935125	u/PervyPie	floyhp7	u/GreenGriffin8	flocawx	C
2020-03-27 18:31:31.830935	u/FrenchMilkdud	floyidl	u/MyJelloJiggles	flowdci	C
2020-03-27 18:32:24.543206	u/mudheathen77	floyk4n	u/RepostSleuthBot	flotffx	C
2020-03-27 18:32:46.392991	u/trashcan_mcgee	floykgo	u/Existerboi	floogte	C
2020-03-27 18:33:31.707898	u/taki_guy	floymas	u/heyuhitsyaboi	floyfme	C
2020-03-27 18:33:39.507588	u/KamrunG_05	floymgc	u/warframefan420	flox2gg	C
2020-03-27 18:34:20.362891	u/CripSa200	floynua	u/DinA4saurier	floym6x	C
2020-03-27 18:34:51.323359	u/Ben10goodsucc	floyp34	u/MafiaHen	flowmfg	C
2020-03-27 18:35:09.365714	u/Thomas_nl__	floypft	u/Elmowithafuckinggun	floqu34	C
2020-03-27 18:35:17.657054	u/mingmann	floypq7	u/carrotnose258	floy7sz	C
2020-03-27 18:35:19.604278	u/holykamina	floypq9	u/AndreLeo3	flo2bl8	C
2020-03-27 18:35:23.568612	u/Granddad9000	floypyj	u/PenguinRisk	floyokj	C
2020-03-27 18:35:58.049333	u/Mattwark	floyrmu	u/LilPPNibba	flopgyd	C
2020-03-27 18:36:28.211705	u/MLGskitto2078	floyst4	u/fualtyzane	floxvu3	C
2020-03-27 18:36:35.480482	u/shadzgamez	floyteh	u/grzesoponka	floykr7	C
2020-03-27 18:36:37.287976	u/YOhogay68	floytf5	u/theUnBannableHulk	flngq26	C
2020-03-27 18:36:47.485001	u/scifigi369	floytsr	u/_MrGullible	floxcdn	C
2020-03-27 18:36:54.464097	u/Streak210	floyu8k	u/Gqrry123	flox16w	C
2020-03-27 18:36:57.498043	u/TheAwesomeM	floyuls	u/ThunderingSacks	fq3hds	S
2020-03-27 18:37:08.398984	u/ZEN-6009	floyva1	u/Small-Cactus	flocbjb	C
2020-03-27 18:37:17.073011	u/POKECHU020	floyvya	u/fualtyzane	flopo7n	C
2020-03-27 18:37:54.856826	u/exist_i_do	floyxj3	u/AutoModerator	flewiac	C
2020-03-27 18:38:11.889614	u/Popstar_Rowlet_Rohan	floyybj	u/nichodisco	floy0qg	C
2020-03-27 18:38:23.481332	u/VichoAC	floyyw4	u/ansel1406	flox8x3	C
2020-03-27 18:38:32.746803	u/SrPsychokiler	floyz8o	u/Grant-Likes-Grapes	floy81w	C
2020-03-27 18:38:50.109227	u/omartheduck	floz07z	u/meh1231	flo3rfl	C
2020-03-27 18:39:14.447777	u/jack2336	floz1t0	u/Acidic_White_Girl	floe9pi	C
2020-03-27 18:39:15.735341	u/ThatShadyJack	floz1vo	u/kachowski69	flne8me	C
2020-03-27 18:39:21.756296	u/saladsuckerr	floz2cg	u/Lord_Sithis	floyj99	C
2020-03-27 18:39:49.179674	u/elemenda	floz3z0	u/Tru_Drone_Videos	floj63s	C
2020-03-27 18:39:49.954814	u/OlFourEyes	floz423	u/Kazubla	flnpmqo	C
2020-03-27 18:39:50.671360	u/RayQuaZa0	floz47a	u/Xploiter_RBLX	flodo2h	C
2020-03-27 18:39:56.234583	u/nokkoren	floz4rp	u/JuanSuales	flolyfr	C
2020-03-27 18:39:58.745236	u/marcusdao	floz57x	u/fualtyzane	floz08o	C
2020-03-27 18:40:46.217918	u/SPILLGabe	floz6dj	u/patrocolus3	flou9af	C
2020-03-27 18:41:23.563567	u/cancerous_kirby	floz7fn	u/Acidic_White_Girl	floe9pi	C
2020-03-27 18:41:34.296753	u/LayeredSteel	floz7q9	u/RepostSleuthBot	floxgtc	C
2020-03-27 18:41:39.439247	u/suicidalbutalive	floz7sz	u/MausHaus1945	flovskd	C
2020-03-27 18:41:41.738899	u/alextherandomdude	floz7x6	u/racerfree	flona0c	C
2020-03-27 18:42:25.614174	u/mustXdestroy	floz9a7	u/JuanSuales	flolyfr	C
2020-03-27 18:43:04.687122	u/joshp1111406	flozap5	u/snakeplizzken	flohm5b	C
2020-03-27 18:43:06.849205	u/thekingjelly13	flozaq0	u/TheRealSkinny_Penis	floo8ww	C
2020-03-27 18:43:16.726328	u/AZnder	flozawd	u/fualtyzane	floz8lw	C
2020-03-27 18:43:38.990456	u/Royal_Protector_	flozblj	u/Grathmar	floz6yt	C
2020-03-27 18:44:06.864902	u/DominantOrca	flozcix	u/numberbutton0	floz5j5	C
2020-03-27 18:44:14.895577	u/rs_5	flozcrf	u/PV0314	floz162	C
2020-03-27 18:44:45.875421	u/the5ilent1	flozdue	u/Esherichialex_coli	flmyegc	C
2020-03-27 18:44:57.014890	u/Newt_Memes-	flozeei	u/VishVarm	flozcyf	C
2020-03-27 18:45:14.838461	u/Datto910	flozezf	u/fluxedlolman	floyy1w	C
2020-03-27 18:45:26.066178	u/AngeryDoggoRen	flozf5t	u/waffle-lvl-100	flovn6d	C
2020-03-27 18:46:01.202696	u/Adaalwulf	flozgcu	u/Tru_Drone_Videos	flougo4	C
2020-03-27 18:46:10.299489	u/LightyearsFromEarth	flozgnr	u/Aserthreto	floynyr	C
2020-03-27 18:46:23.167211	u/Africa1By1Toto	flozh7w	u/scoopywoopy123	floz9sq	C
2020-03-27 18:46:51.646755	u/Nintendo-Game-Tube	flozi1s	u/Swirling_Stars_333	floy47l	C
2020-03-27 18:47:15.517405	u/-B_R_U_H-	flozj7w	u/-Lemon-Boi-	flojigh	C
2020-03-27 18:47:32.990492	u/AyZix64	flozjqk	u/Fortunatoe	floxgd0	C
2020-03-27 18:48:00.351765	u/trm502	flozl44	u/BOSS_Master7000	flohnsv	C
2020-03-27 18:48:14.306535	u/AhmedYasserElsayed	flozlfz	u/RepostSleuthBot	flooo1k	C
2020-03-27 18:48:34.424517	u/Viagra_Was_My_Idea	flozmdd	u/LoliGayTrap	floym2e	C
2020-03-27 18:48:40.763067	u/take-toster-baths1	flozmme	u/fualtyzane	flozkvr	C
2020-03-27 18:48:42.888728	u/ktotam1	flozmy1	u/Lord_Sithis	floz2tz	C
2020-03-27 18:49:09.012442	u/Kaseytransboi	flozo2w	u/fualtyzane	floxpee	C
2020-03-27 18:49:22.910561	u/Rickyeung	flozopd	u/rhybread27	flomatf	C
2020-03-27 18:49:39.541213	u/420SovietBeanos	flozpwf	u/Tru_Drone_Videos	flox5oz	C
2020-03-27 18:49:40.863780	u/snoof_boi	flozpxe	u/suckle-my-cuckle	flozng7	C
2020-03-27 18:49:57.150809	u/LogDog519	flozqol	u/Tru_Drone_Videos	floz3n9	C
2020-03-27 18:51:00.763307	u/F-Man_95	flozsu7	u/Qwerty_Random	flomnst	C
2020-03-27 18:51:16.523772	u/Better-Mix	flozt93	u/-Lemon-Boi-	flojigh	C
2020-03-27 18:51:20.042102	u/Michael_Riendeau	floztb4	u/numberbutton0	flozlwc	C
2020-03-27 18:51:57.411482	u/ShadowofLight15	flozud2	u/jicty	flosl5n	C
2020-03-27 18:52:26.957208	u/memelordowzski	flozvhd	u/DisMemeGuy	flolcgf	C
2020-03-27 18:53:12.543758	u/babacj_mobile	flozwht	u/AnnexFromCanada	flozs6c	C
2020-03-27 18:53:39.044195	u/SpicyTacoLord	flozxbr	u/JorgeMtzb	flok8cy	C
2020-03-27 18:54:30.192291	u/Kerrawesome	flp16yu	u/armas_boys	flp0ndh	C
2020-03-27 18:54:39.380334	u/NorthrenMythology	flp1788	u/Tru_Drone_Videos	floy82v	C
2020-03-27 18:54:41.557843	u/PaAzura	flp17e6	u/fualtyzane	flou20m	C
2020-03-27 18:54:56.595329	u/AidanOrsargos	flp180z	u/Brainiac132	flp0e4k	C
2020-03-27 18:55:09.442158	u/yimshady	flp18n4	u/jivixi	flp0ype	C
2020-03-27 18:55:14.490638	u/Fhhyr3584	flp18tc	u/poorly_timed_fuck	flj7gzu	C
2020-03-27 18:55:25.437489	u/PhilippeC-K	flp192b	u/racerfree	flp14is	C
2020-03-27 18:55:32.808643	u/TheAlphaSpoon	flp199v	u/armas_boys	flp0ndh	C
2020-03-27 18:55:47.805812	u/DayFlounder1832	flp19xj	u/vansh_0765	flotke2	C
2020-03-27 18:55:56.656469	u/CanCav	flp1a7y	u/ThatOneKid000005	flomq7u	C
2020-03-27 18:56:01.966012	u/KiNg_0f_aZhdARcHidS	flp1aez	u/LuisM360	flo9uiq	C
2020-03-27 18:56:33.083327	u/Skrepapwe	flp1bx9	u/pavilionhp_	flp195c	C
2020-03-27 18:56:35.805353	u/SubwaySubwitch	flp1c0d	u/fualtyzane	floxm8a	C
2020-03-27 18:56:43.154291	u/POOL_in_SPACE	flp1c3p	u/CaptainMoreMight	flozvpk	C
2020-03-27 18:56:45.847722	u/warlordahmed	flp1c5u	u/Master_JBT	flp14yv	C
2020-03-27 18:57:13.302504	u/gappingdouble	flp1da3	u/annaisloading	flor4vf	C
2020-03-27 18:57:16.219183	u/Scot_Cheg	flp1dd8	u/theswagdodo11	flojq6u	C
2020-03-27 18:57:19.512348	u/shadow-wtf	flp1dfx	u/AutoModerator	flomwsb	C
2020-03-27 18:57:26.626205	u/Sleazyridr	flp1dmm	u/CarolinaGamer28	flo1an3	C
2020-03-27 18:57:29.422764	u/Galapplez	flp1dop	u/RabbitEatsCarrots	flo6ve5	C
2020-03-27 18:57:50.843666	u/FlippinJace	flp1ehb	u/Schlongevity	floels1	C
2020-03-27 18:58:32.280415	u/Naivet	flp1g8v	u/NorthrenMythology	flp1dxe	C
2020-03-27 18:58:59.701410	u/juxt4posed	flp1hly	u/Evangelionlovr	flo4whf	C
2020-03-27 18:59:07.710411	u/faris123abc	flp1i1w	u/SubwaySubwitch	flp1ggb	C
2020-03-27 18:59:17.325318	u/ifdip999	flp1iq6	u/JoeyTheEcho	flp16nc	C
2020-03-27 18:59:18.503852	u/player2309	flp1iq4	u/velvet_thunder124	flozxfn	C
2020-03-27 18:59:25.873081	u/aydenaydstaff	flp1j2f	u/Potatotheooflord	fl5ewkn	C
2020-03-27 18:59:29.443860	u/J_Barracuda	flp1jbl	u/stnick6	flp1h59	C
2020-03-27 18:59:31.526804	u/AlienCavePharaoh	flp1jhn	u/Aserthreto	flozhxb	C
