2020-03-29 08:00:04.779381	u/SHREK_CAN_WREK	fltpvd6	u/priyanshubisht1	fltph8d	C
2020-03-29 08:00:22.283999	u/KataPUMB	fltpvv2	u/priyanshubisht1	fltph8d	C
2020-03-29 08:01:05.806971	u/Pudacat	fltpwqf	u/pascale23	fltdlvd	C
2020-03-29 08:01:16.026414	u/Sa-ha-gin	fltpx48	u/AstralPotatoes	fltn9mc	C
2020-03-29 08:01:22.179302	u/the-lurkest-lurk	fltpx5k	u/DFedotov	fltj9o0	C
2020-03-29 08:01:30.987072	u/TheJoy-	fltpx90	u/PM_ME_Y0UR_BOOBZ	flt62ss	C
2020-03-29 08:01:45.002797	u/JustLurkingHereMan	fltpxjl	u/UnsustainableGrief	fltnzvn	C
2020-03-29 08:01:51.750909	u/WinnieDaDweebArtist	fltpxsr	u/YEET_STAR	fltpvbw	C
2020-03-29 08:02:51.729695	u/darthvader314	fltpzh6	u/Seilbahn_fan	fltkx55	C
2020-03-29 08:02:56.987344	u/ya_boi_kimmeh	fltpzj3	u/Admirable_Hawk	flt7m4i	C
2020-03-29 08:03:05.668984	u/redstoned26	fltpzxw	u/Quintonimor115	fltmbfj	C
2020-03-29 08:03:37.663833	u/lockhart244	fltq0xy	u/Youngfox69	fltphjw	C
2020-03-29 08:03:56.559549	u/AlexthePhoenix12	fltq1dp	u/Spikey1227	fltfspl	C
2020-03-29 08:04:04.281403	u/Need_More_Boost	fltq1hq	u/DwightFromVN	fltgnev	C
2020-03-29 08:04:27.571352	u/ShinichiBaka	fltq22f	u/JasonIsBaad	fltpy7r	C
2020-03-29 08:04:30.629571	u/greylegobricks_	fltq2av	u/Spanish-Inquistion	fltnasp	C
2020-03-29 08:05:04.232367	u/pooodiper	fltq3bo	u/ggdabs	fls8tgs	C
2020-03-29 08:05:44.945118	u/PetarGT	fltq4jz	u/Ph4nt0m_Hydra1	fltix1l	C
2020-03-29 08:06:17.918051	u/Mutantwarsushi	fltq57w	u/Jujhar_Singh	fltmk4y	C
2020-03-29 08:06:44.433123	u/Lil_Oussi	fltq5za	u/VKTheGhoul	fltq2qq	C
2020-03-29 08:06:48.105426	u/sagepanda69	fltq6a9	u/Gingerbonk	fltiulw	C
2020-03-29 08:07:11.421332	u/Mr-WeenerSmall	fltq6q3	u/thatboytw	fltnu1e	C
2020-03-29 08:07:23.705677	u/Not_A_Panther	fltq6yk	u/Ryan8088	fltomgp	C
2020-03-29 08:07:27.220562	u/KarTheRedditor	fltq759	u/Maleficent-Cow	fltov6g	C
2020-03-29 08:07:42.423248	u/xbox360noscope	fltq7rm	u/babalinobaba	fltq3zc	C
2020-03-29 08:08:20.715959	u/herdsern881726	fltq94r	u/itsalongwalkhome	fltp4i1	C
2020-03-29 08:08:31.811847	u/LeBaguetteDePain	fltq9hn	u/TheChocolateCray	fltgutq	C
2020-03-29 08:08:51.916733	u/zettaitekina	fltqa4n	u/FeArHeRzZz	fltq3zx	C
2020-03-29 08:09:04.512737	u/Bmurrderjr	fltqaju	u/godthe4th	fltizlv	C
2020-03-29 08:09:24.551624	u/bloody-Commie	fltqbef	u/cpt_alfaromeo	fltpryb	C
2020-03-29 08:09:25.818443	u/matress_biceps	fltqbfb	u/GingerSteve94	fltpsxr	C
2020-03-29 08:09:29.298128	u/tonybambam1995	fltqbkf	u/knight-that-says-ni	flt3vdw	C
2020-03-29 08:09:33.566963	u/used2011vwjetta	fltqbms	u/wo0ooshme	fltinc9	C
2020-03-29 08:09:35.300078	u/Bantha-Fodder7	fltqbom	u/user_loku	flt7qf0	C
2020-03-29 08:09:41.435080	u/SirLedyuka	fltqc03	u/RepostSleuthBot	fltkk2x	C
2020-03-29 08:09:43.032708	u/lemonpartyorganizer	fltqc1e	u/DaBiz_017	flthncq	C
2020-03-29 08:09:50.108239	u/Ah-ah_Ah-ah	fltqcd6	u/YEET_STAR	fltptu7	C
2020-03-29 08:09:51.573718	u/Libertyandjuice	fltqcfm	u/chick3nwingz	fltpa13	C
2020-03-29 08:10:01.636009	u/YT-MoistRavioli	fltqcxx	u/ImMoRtAl_KnIgHt3258	fltoc0h	C
2020-03-29 08:10:07.264327	u/ViggoG	fltqcyr	u/FRANKYDRANKY	fltq4ip	C
2020-03-29 08:10:42.818109	u/Jtclone	fltqe3b	u/Potatotheooflord	fltkg6n	C
2020-03-29 08:11:02.949643	u/SmAsianBoi	fltqeo4	u/FlyBoy7478	fltiw48	C
2020-03-29 08:11:11.738322	u/KiwiTheRedditer	fltqevd	u/comrade_slav_mcsquat	fltcr1z	C
2020-03-29 08:11:16.233578	u/Garriben	fltqey5	u/SCRU8YDOO	fltqcam	C
2020-03-29 08:11:21.431146	u/Piezerpie	fltqf2z	u/TsuShiNe	flth5fk	C
2020-03-29 08:11:34.561178	u/AlbertoGamezYT	fltqfb8	u/Ninbrine	fltqaat	C
2020-03-29 08:11:43.002053	u/JiPvAnAtTiKuM	fltqftv	u/DouweNijssen	fltqac0	C
2020-03-29 08:11:48.780517	u/you_know_who1311	fltqg1s	u/TheChocolateCray	fltgutq	C
2020-03-29 08:11:51.081917	u/TimoFire	fltqg21	u/VewixxPlayer	fltqek5	C
2020-03-29 08:12:42.801683	u/beautifulboogie_man	fltqhe2	u/Viwreck	fltowdq	C
2020-03-29 08:12:54.613770	u/LordHaveMRSA14	fltqhpf	u/im_mystery666	fltfwyl	C
2020-03-29 08:13:08.875686	u/somuchwha7	fltqi5v	u/AriannaNoelle	flto2k6	C
2020-03-29 08:13:46.389898	u/dude-man-broski	fltqj5s	u/AriannaNoelle	flto2k6	C
2020-03-29 08:14:00.877921	u/Baconlovingdog	fltqjjl	u/Kingken130	fltprmt	C
2020-03-29 08:14:22.490538	u/ccccccccchild	fltqk0t	u/Frenchyboy123456	flti922	C
2020-03-29 08:14:58.210195	u/WhiskySippingNerd	fltqkx5	u/itsclickerzyt	fltpkkv	C
2020-03-29 08:15:02.626620	u/SammySalads	fltql01	u/Anshul1235	fltnmsa	C
2020-03-29 08:15:14.986475	u/HarveyP27	fltqlej	u/RepostSleuthBot	fltqi7z	C
2020-03-29 08:15:27.778150	u/_T_Y_R_	fltqlxx	u/Kaye-nine	fltk1df	C
2020-03-29 08:15:39.494348	u/I-Maser	fltqmao	u/WinnieDaDweebArtist	fltqh2d	C
2020-03-29 08:16:05.143599	u/staywithxme	fltqmyt	u/fuggin-balls	fltpsxa	C
2020-03-29 08:16:30.038718	u/HistoricalCountry	fltqnl0	u/zender23	fltmuxv	C
2020-03-29 08:17:12.679349	u/mroowa	fltqovq	u/HarveyP27	fltqnyt	C
2020-03-29 08:17:16.332112	u/iAmtherealSkz	fltqox5	u/PootisFairyGodmother	fltnwr5	C
2020-03-29 08:17:19.251767	u/platinum_1212	fltqp0c	u/Dragonballfan1234	flrywo2	C
2020-03-29 08:17:36.746042	u/Kapsz	fltqpqx	u/17Cabbages	fltgn18	C
2020-03-29 08:18:02.680473	u/leon-fruity	fltqqlz	u/NoName-NoProblem	fd8elqj	C
2020-03-29 08:18:08.792158	u/ThanosTheT1tan	fltqquw	u/natopotatomusic	fltq52c	C
2020-03-29 08:18:18.898477	u/Toby-wan-Nalu	fltqrav	u/Voxesness	flszpgb	C
2020-03-29 08:18:21.212704	u/Fractureed	fltqrc9	u/Rein9stein2	fltqox0	C
2020-03-29 08:18:26.896656	u/tloren_0112	fltqrlk	u/17Cabbages	fltgn18	C
2020-03-29 08:18:33.651115	u/YunusEmre0037	fltqrs1	u/sebaaaaaaastian	fltpxte	C
2020-03-29 08:18:48.072988	u/RetardedPerson12	fltqs47	u/Funny_Safety	flt29o1	C
2020-03-29 08:18:51.120983	u/L1NZ0_S4N4	fltqs9a	u/RepostSleuthBot	flti66l	C
2020-03-29 08:18:59.445849	u/alX_021	fltqsft	u/holve	fltqc3x	C
2020-03-29 08:19:17.672316	u/FlavioSkotiXx	fltqtdc	u/KingByhyHD	fltqspi	C
2020-03-29 08:19:25.280028	u/lord_of_pigs9001	fltqtgz	u/TsuShiNe	flth5fk	C
2020-03-29 08:19:28.502304	u/iamsarahmadden	fltqtim	u/benzeneboi5792	fltplc0	C
2020-03-29 08:19:45.540060	u/Fak5_Critical	fltquau	u/OfficialLanc3	fltqtgn	C
2020-03-29 08:19:55.743610	u/Borrow03	fltqv0t	u/AaTu-	fltqrz1	C
2020-03-29 08:19:58.059048	u/melarnd	fltqv3i	u/ManiacZombie69	fltnr2b	C
2020-03-29 08:19:59.182843	u/musicalgeek123	fltqvc8	u/Concordia_chaos	fltq4qs	C
2020-03-29 08:20:06.882431	u/XavDaMan	fltqvvo	u/Manzar534	fltqblm	C
2020-03-29 08:20:18.495804	u/kerryaikon	fltqw14	u/BiggieTaggus	fls4r68	C
2020-03-29 08:20:20.828359	u/Thefatrappist	fltqw37	u/artfillin	fltqpts	C
2020-03-29 08:20:23.118661	u/goaty121	fltqw3b	u/whatthefrickpeppa	fltl234	C
2020-03-29 08:20:37.035190	u/I-like-chicken45	fltqwf4	u/long-dong-silvers-	fltqtp3	C
2020-03-29 08:20:54.539057	u/the-legit-Betalpha	fltqwr6	u/alfunzo	fltczrl	C
2020-03-29 08:20:58.503156	u/nutzrgut	fltqwrp	u/DeadMan-Walkin	fltqj8l	C
2020-03-29 08:21:30.181731	u/Qupl4s	fltqxkz	u/SouLHaunteD	fltns4h	C
2020-03-29 08:21:39.774976	u/sid_9000	fltqxq2	u/itz_pinto1234	fltilh4	C
2020-03-29 08:21:58.569602	u/CGNurse0506	fltqy7q	u/Darth_Thor	flt4kb2	C
2020-03-29 08:22:03.252431	u/MLGBirb-chan	fltqybg	u/pooover	fltj5ff	C
2020-03-29 08:22:12.982451	u/meeepya	fltqyj0	u/17Cabbages	fltgn18	C
2020-03-29 08:23:07.158756	u/Okidokie4	fltr0hq	u/santasbigwhitebeard	flt7zwh	C
2020-03-29 08:23:09.312662	u/ash_monk	fltr0hr	u/JohnReese2	fltok0n	C
2020-03-29 08:23:14.777621	u/A1iNnN	fltr0ml	u/Darktime_snibu	fltgvqp	C
2020-03-29 08:23:34.672385	u/bishassslutasswhore	fltr19q	u/repentia_for_funzies	fltqok1	C
2020-03-29 08:24:21.423983	u/Useless-Trashcan	fltr30v	u/Fractureed	fltqrc9	C
2020-03-29 08:24:41.239847	u/Luc_Puffle	fltr3fx	u/MyName1sUrName	fltqwox	C
2020-03-29 08:24:54.133826	u/ReCodez	fltr3py	u/used2011vwjetta	fltqbms	C
2020-03-29 08:24:56.189867	u/-PurplePeanut-	fltr3qh	u/frluis93	fltlaja	C
2020-03-29 08:25:04.795081	u/TheMythology27	fltr427	u/RektimusMaximus	fltr34j	C
2020-03-29 08:25:09.204607	u/BusyMocha40	fltr44n	u/memeatic_ape	fltm5fh	C
2020-03-29 08:25:33.869061	u/Yolom4ntr1c	fltr4sb	u/TsuShiNe	flth5fk	C
2020-03-29 08:25:41.704172	u/HomeboundBark66	fltr4wi	u/TickleDuckFeathers	fltr39n	C
2020-03-29 08:26:04.032833	u/CharlieTheStrawman	fltr5st	u/Concordia_chaos	fltq184	C
2020-03-29 08:26:17.551265	u/WhisperDaSadBoi	fltr6a1	u/Gubq	fl5lg0s	C
2020-03-29 08:26:36.881663	u/Joran_	fltr6wf	u/fricker69420666	fltb183	C
2020-03-29 08:26:38.765588	u/QuestionMarkyMark	fltr6wg	u/Thinkmatik	fltms99	C
2020-03-29 08:27:14.319445	u/Bq4zp9	fltr857	u/Memelord14244	fltm6no	C
2020-03-29 08:27:24.041352	u/GirthyLemonUlcers	fltr8ia	u/Concordia_chaos	fltq184	C
2020-03-29 08:27:26.637375	u/cenasfodetepah	fltr8lr	u/tanisray55	fltimwn	C
2020-03-29 08:27:28.462098	u/KarmaBotKiller	fltr8lu	u/AgreeableSituation6	fltq763	C
2020-03-29 08:27:34.809627	u/abady66	fltr8rv	u/TsuShiNe	flth5fk	C
2020-03-29 08:27:46.445164	u/yearsley1	fltr99h	u/HistoricalCountry	fltqnl0	C
2020-03-29 08:28:19.966786	u/puringus	fltranm	u/17Cabbages	fltgn18	C
2020-03-29 08:28:23.847042	u/theNewbiekid	fltrasw	u/staywithxme	fltr6lw	C
2020-03-29 08:28:51.416416	u/thrall_lodgarson	fltrc3g	u/Polskoosh	fltprki	C
2020-03-29 08:29:08.426500	u/adityasahay2014	fltrctq	u/bunnywithahammer	fltr01t	C
2020-03-29 08:29:13.366577	u/XXx_MLP_xXX	fltrd28	u/RepostSleuthBot	fltkz4b	C
2020-03-29 08:29:16.958260	u/Im-Panda	fltrd74	u/Lukelil	flsbc1n	C
2020-03-29 08:29:18.227065	u/whats_the_frequency_	fltrd87	u/pyrochu498	fltpmgg	C
2020-03-29 08:29:25.376296	u/taytayfen	fltrdj3	u/IceyEnder	fltr4p4	C
2020-03-29 08:29:27.789262	u/mooncake1115	fltrdlf	u/Freindlythugs42069	flsvrwt	C
2020-03-29 08:29:35.565247	u/SlightlyAngryGrandpa	fltre30	u/Redrobin_Nest	flt6hmq	C
2020-03-29 08:29:39.375564	u/Ri-Gamer123	fltre8x	u/blaz3storm	fltq9jh	C
2020-03-29 08:29:44.186975	u/leronic-tronic	fltrefn	u/alfunzo	fltczrl	C
2020-03-29 08:29:48.064306	u/eX0ticart	fltreoo	u/Concordia_chaos	fltq184	C
2020-03-29 08:30:18.235902	u/Fubulaki	fltrfrv	u/cats-inside-pants	fltndms	C
2020-03-29 08:30:35.110956	u/TheMantasMan	fltrg3v	u/wardio4	fltiq3s	C
2020-03-29 08:31:26.181827	u/darthypro	fltrh8p	u/TsuShiNe	flth5fk	C
2020-03-29 08:31:36.520275	u/Shadterra	fltrhbv	u/Phantom_yeet	fltpf9d	C
2020-03-29 08:31:38.778787	u/TheFluffyIron	fltrhe9	u/Rupertii	fltqtds	C
2020-03-29 08:31:53.768843	u/Knight-Fenris	fltrhol	u/OfficialLanc3	fltqtgn	C
2020-03-29 08:32:03.008585	u/wetpudim	fltrhw7	u/HegardtZ1	fltclso	C
2020-03-29 08:32:12.946395	u/N0_ux9000	fltri2q	u/pooover	fltj5ff	C
2020-03-29 08:32:15.132642	u/mimi28xox	fltri3g	u/ThatWalrusMan	flsev3p	C
2020-03-29 08:32:27.801804	u/AxeAid	fltrik8	u/GirthyLemonUlcers	fltr8ia	C
2020-03-29 08:32:34.723462	u/Canadian_786	fltriv8	u/veritasxe	flppyjy	C
2020-03-29 08:34:17.705472	u/Kentolul	fltrmks	u/Ninbrine	fltqaat	C
2020-03-29 08:34:19.761148	u/kyles7u	fltrml8	u/KataPUMB	fltpvv2	C
2020-03-29 08:34:27.654826	u/peterjonesracing	fltrmrg	u/tippybunny	fltrhy7	C
2020-03-29 08:35:01.263974	u/Fatherofmedicine2k	fltrnqh	u/TokyoTofu	fltqcla	C
2020-03-29 08:35:08.531594	u/YeetusFeetus1269	fltro0a	u/TheMinecraftDerp	fltevhd	C
2020-03-29 08:35:12.631554	u/invalidusernamealert	fltro2e	u/Raiden1415	fltnmml	C
2020-03-29 08:35:33.046610	u/KatsunaGoddessOfEvil	fltroz2	u/ConfusedShibaInu	fltqnrb	C
2020-03-29 08:35:40.369898	u/lesliemegeslie	fltrp3o	u/Abe_james	fltr82j	C
2020-03-29 08:35:52.612851	u/whitewalker646	fltrped	u/idkwhyimhere2u	flt5329	C
2020-03-29 08:36:28.870382	u/Saman93	fltrqbz	u/Darkcat9000	fltcfsy	C
2020-03-29 08:36:58.390495	u/karshs	fltrr7o	u/Vili_Debili	fltr6nw	C
2020-03-29 08:37:01.312296	u/A1tze	fltrr8n	u/MrM1005	fltqsz3	C
2020-03-29 08:37:24.512621	u/sulaiman_siddiqui	fltrrym	u/Raiden1415	fltof01	C
2020-03-29 08:37:47.710441	u/walldog48	fltrss9	u/NihilisticBloodbag	fltkhwr	C
2020-03-29 08:37:53.070477	u/zombiegone1	fltrt17	u/FlavioSkotiXx	fltrnca	C
2020-03-29 08:37:54.709695	u/vara999	fltrt2i	u/iluvice	fltrqsh	C
2020-03-29 08:38:00.615008	u/SomeR6Spawnpeeks	fltrt7w	u/lord_of_pigs9001	fltqyep	C
2020-03-29 08:38:04.016884	u/HarHarSzXI	fltrt8w	u/castell19	fltrdi5	C
2020-03-29 08:38:06.455879	u/Hydra_smexydragonboi	fltrtdr	u/Luc_Puffle	fltr3fx	C
2020-03-29 08:38:28.247381	u/farhanraxa	fltru5p	u/rogue-wolf	fltaq4k	C
2020-03-29 08:38:38.911220	u/XingYin	fltrui3	u/ArcticToast69	fltlah6	C
2020-03-29 08:38:49.297544	u/italianmacaroni	fltrv39	u/Musab_Nauman	fltrmza	C
2020-03-29 08:39:43.556633	u/Sukkoh	fltrxdd	u/pew_pew21	fltpxv5	C
2020-03-29 08:39:52.220529	u/Gio-_-Gio	fltrxza	u/Amezaiku	fltrvfv	C
2020-03-29 08:39:56.775155	u/asianmemelord3	fltrydb	u/17Cabbages	fltgn18	C
2020-03-29 08:39:57.323898	u/JimpieChimpie	fltryf9	u/Hydra_smexydragonboi	fltrtdr	C
2020-03-29 08:39:57.850238	u/Beckybeck2323	fltryg5	u/general_dubious	fltql2s	C
2020-03-29 08:39:59.694268	u/SlowlyShooting	fltryqb	u/17Cabbages	fltgn18	C
2020-03-29 08:40:08.268274	u/ItsAmartian	fltryys	u/FoxSox4747	flt3lm1	C
2020-03-29 08:40:29.171641	u/Zigzagoon_ate_my_bee	fltrzow	u/AutoModerator	flgbgny	C
2020-03-29 08:40:49.526052	u/Mr_McBasketball	flts0ao	u/Xx_SwedishDeltaFox_x	fltg62o	C
2020-03-29 08:40:54.456680	u/Titanlord_Ninjo	flts0do	u/darthvader314	fltpzh6	C
2020-03-29 08:41:21.933190	u/asasnow	flts1b6	u/Milital	fr2xhc	S
2020-03-29 08:41:32.175332	u/razorknifeshave	flts1ia	u/Meme_R3w_ind	fr36mn	S
2020-03-29 08:41:50.702143	u/pascal_prv	flts1u9	u/End_Of_The_Line101	fltom3u	C
2020-03-29 08:41:58.738094	u/Shawarmaandlettuce	flts1xo	u/vara999	fltrt2i	C
2020-03-29 08:42:12.526386	u/piginshiningarmourYT	flts2fg	u/hoodshitganggang	fltkfr5	C
2020-03-29 08:42:21.739024	u/RepostSluethBott	flts2oh	u/TRoastedPotato	flti0zv	C
2020-03-29 08:42:25.092386	u/LumineAgi	flts2v9	u/Sujallamichhaneakasl	fltmcd3	C
2020-03-29 08:42:28.355445	u/theninetyninthstraw	flts2yw	u/Gr1mm3r	fltbfue	C
2020-03-29 08:42:35.567486	u/BeecatBarry	flts31n	u/kdsiss	fltmedy	C
2020-03-29 08:42:48.858748	u/Sjoerd019	flts3fi	u/tokumo21	fltqguz	C
2020-03-29 08:43:00.894954	u/Youthfubigboi66	flts3os	u/DiabloDX2020	fltrbnf	C
2020-03-29 08:43:03.127688	u/CarlosConde13	flts3pe	u/dead-memes-man64	flt26zk	C
2020-03-29 08:43:10.902582	u/Flixay	flts3uy	u/Spanish-Inquistion	fltnasp	C
2020-03-29 08:43:17.311527	u/Desprateyeeto	flts3za	u/vansh_0765	fltjota	C
2020-03-29 08:43:28.386739	u/Paull18	flts4g0	u/lord_of_pigs9001	fltqtgz	C
2020-03-29 08:43:42.751694	u/Drandy31	flts4ti	u/Sujallamichhaneakasl	fltmcd3	C
2020-03-29 08:43:45.991150	u/sky_high97	flts4z8	u/dude-man-broski	fltqj5s	C
2020-03-29 08:43:49.775290	u/kwlzyr	flts50p	u/Kaye-nine	fltk1df	C
2020-03-29 08:44:06.080440	u/MartenWM	flts5ka	u/CartoonOG	fls8073	C
2020-03-29 08:44:44.017681	u/cccelik	flts6qx	u/Seguncool	fltrsmk	C
2020-03-29 08:45:05.074171	u/FuSaRo_	flts7jw	u/thatWeirdTallKid01	fltmvnk	C
2020-03-29 08:45:09.420165	u/SpitfireXO16	flts7ul	u/evenmoredeadinside	fltrd25	C
2020-03-29 08:45:12.580604	u/Jxaquinn	flts7wj	u/AsadManInAponcho	fltly4r	C
2020-03-29 08:45:28.532711	u/GhiathI	flts8ns	u/Shawarmaandlettuce	flts1xo	C
2020-03-29 08:45:36.688991	u/nautplaysguitar	flts8vr	u/xXTERMIN8RXXx	fltro3e	C
2020-03-29 08:45:47.314286	u/CPMGames	flts97i	u/XDyay_force	flt80kx	C
2020-03-29 08:45:52.151673	u/kaank6	flts9fv	u/nkpower49	flts1jd	C
2020-03-29 08:45:56.347459	u/tialearns	flts9iu	u/17Cabbages	fltgn18	C
2020-03-29 08:46:16.169782	u/First-Eggplant	fltsa24	u/UhmNotMe	fltrx1t	C
2020-03-29 08:46:27.373407	u/thegayinthecorner	fltsads	u/Row-well	flt1xln	C
2020-03-29 08:46:38.127358	u/WilyDeject	fltsaqj	u/eyeholeman0	fltfuto	C
2020-03-29 08:46:42.104625	u/dontPMyourreactance	fltsar1	u/Aftermath666_	flth5k9	C
2020-03-29 08:46:51.636019	u/DaemonOwl	fltsb9y	u/Dadaji18	fltiz7g	C
2020-03-29 08:47:15.189791	u/Mrsam_25	fltsbvq	u/ImYourVice	fltpnw5	C
2020-03-29 08:47:27.706182	u/MeesdeMakker	fltsc2n	u/Moses_16	fltrz6f	C
2020-03-29 08:47:35.137708	u/LeftyMcRight	fltsc8r	u/MilsyV135	fltlbg1	C
2020-03-29 08:47:48.489282	u/On-e1	fltscnm	u/yousosus	fltlgag	C
2020-03-29 08:47:50.150194	u/kryzell	fltscnz	u/Moha_HT	flthuc3	C
2020-03-29 08:47:52.887775	u/TheeScribe	fltscsc	u/DiamondMiner13	fltqpow	C
2020-03-29 08:48:00.551679	u/Shardmawser	fltscwz	u/Poseidons_Triten	fltq9l7	C
2020-03-29 08:48:02.250705	u/Sora1001	fltscxr	u/night_knight1	flcchj5	C
2020-03-29 08:48:03.900483	u/Dadimstraight	fltscy7	u/Borrow03	fltqv0t	C
2020-03-29 08:48:08.252158	u/Lo-Zoppo	fltsd69	u/Maleficent-Cow	fltou3t	C
2020-03-29 08:48:12.645934	u/0blivion29	fltsdaj	u/NaEGaOS	fltqggw	C
2020-03-29 08:48:29.880676	u/Conor_Welsh	fltse0z	u/Morfilix	fltnptv	C
2020-03-29 08:48:35.850799	u/ImPlastic	fltse6s	u/skywalker0204	flts9jf	C
2020-03-29 08:48:43.903146	u/lovemor	fltseck	u/miss-lulu3	fltrx30	C
2020-03-29 08:48:47.528522	u/JodyMeep	fltsefm	u/dorkonafork	flt9ev7	C
2020-03-29 08:48:55.771492	u/CheekyWizard	fltsepc	u/Aftermath666_	flth5k9	C
2020-03-29 08:49:02.799818	u/Iyeettomuch	fltseww	u/maikemoraes	fltklrb	C
2020-03-29 08:49:21.530005	u/couch-_-potato	fltsflq	u/pooover	fltj5ff	C
2020-03-29 08:49:25.256727	u/Ziemniak17De	fltsfpd	u/dead-memes-man64	flt26zk	C
2020-03-29 08:49:30.204634	u/oke2032004	fltsfuq	u/jc14uk	fltpeu2	C
2020-03-29 08:49:31.386836	u/Mdgaming_01	fltsfv0	u/scoopywoopy123	fltotin	C
2020-03-29 08:49:33.287003	u/ErbeanRouz	fltsfxc	u/SILENCED_MONSTER	fr573z	S
2020-03-29 08:49:34.486715	u/priceythememedealer	fltsfyf	u/CarlosConde13	flts3pe	C
2020-03-29 08:49:40.892706	u/centran	fltsg7q	u/Thinkmatik	fltms99	C
2020-03-29 08:49:48.005809	u/Whamwhoo	fltsgdm	u/CrusaderGoose	flsxkj2	C
2020-03-29 08:49:53.589120	u/myusernameisworse	fltsglr	u/Sujallamichhaneakasl	fltmcd3	C
2020-03-29 08:49:58.857698	u/PettyRedSpectre	fltsh3s	u/DevilBeater	flts4vt	C
2020-03-29 08:50:08.675400	u/8272626	fltshhx	u/Tjockr	flrno1h	C
2020-03-29 08:50:10.986217	u/LJanzen	fltshi8	u/spacecatterpillar	fltkhpe	C
2020-03-29 08:50:14.612751	u/lamby3000	fltshjn	u/eX0ticart	fltreoo	C
2020-03-29 08:50:48.270326	u/Anomnomymus	fltsibm	u/LegaciesFan666	flszxir	C
2020-03-29 08:50:52.758748	u/showmemes	fltsic3	u/Unleashdemons	flts9w6	C
2020-03-29 08:50:59.214489	u/LilyRaptor	fltsihx	u/M4rkoz	flts15n	C
2020-03-29 08:51:02.647105	u/heehee43	fltsii7	u/awprophet	flt43ow	C
2020-03-29 08:51:15.950819	u/djibarov	fltsiqy	u/HomeboundBark66	fltshtf	C
2020-03-29 08:51:32.195140	u/BlakeDG	fltsj2y	u/Charn22	flhk290	C
2020-03-29 08:51:38.082491	u/Thetomwhite	fltsj87	u/ContentNicholas	fltgwi8	C
2020-03-29 08:51:48.659915	u/-putin-	fltsjoq	u/Emperor_O_Memes	fltshyu	C
2020-03-29 08:52:51.047325	u/stonedsaxophone	fltsl38	u/StarvingWalrus	fltnrkk	C
2020-03-29 08:52:54.706493	u/jackk6969	fltsl6i	u/Abhijeet7777	fltsffu	C
2020-03-29 08:53:02.376924	u/QBekka	fltsl84	u/Patwas808	fltm0ew	C
2020-03-29 08:53:24.900594	u/elmilio6565	fltsldb	u/314311h3p41	fltsk3p	C
2020-03-29 08:53:33.005034	u/ohitwillbefine	fltslg1	u/SergeantPotatoes	fltn4fn	C
2020-03-29 08:53:35.189120	u/D3qn	fltslgt	u/jorackobama	fltj0ga	C
2020-03-29 08:53:41.224533	u/hakuchioko	fltslj7	u/Miloficent	fltqoqu	C
2020-03-29 08:54:00.256173	u/joshuawatkin00	fltslxu	u/nerdgrid	fltprt9	C
2020-03-29 08:54:19.248402	u/LaloKURD	fltsmmt	u/slightly--retarded	fltnm1f	C
2020-03-29 08:54:34.997059	u/edennabil	fltsmzm	u/ewan57	fltsbox	C
2020-03-29 08:54:58.630410	u/Manproex	fltsnhk	u/Shoe_Bum_	fltqzto	C
2020-03-29 08:55:05.554879	u/CobbwebBros	fltsnm8	u/Pranksmeyster	fltqnrx	C
2020-03-29 08:55:16.833860	u/BubbleBlaster08	fltso34	u/BattlNerd	fltsmy1	C
2020-03-29 08:55:18.803454	u/danktimeape	fltso3f	u/AutoModerator	fltgj4y	C
2020-03-29 08:55:48.055433	u/shychey0922	fltsopv	u/ManiacZombie69	fltnr2b	C
2020-03-29 08:56:02.282699	u/boy_named_SuZi	fltsp8i	u/hothololonn2	fltpty6	C
2020-03-29 08:56:19.981131	u/gibbyjustin07	fltspvj	u/BeenJuice	flts1ga	C
2020-03-29 08:56:21.841045	u/LucasHS1881	fltspxi	u/rexalert3550	fltqcxv	C
2020-03-29 08:56:25.029766	u/the_duck007	fltsq0s	u/blueeggsandwaffles	fltskzo	C
2020-03-29 08:56:41.442624	u/Artemis_Valentine	fltsqq1	u/big-shrek-69	fltrt49	C
2020-03-29 08:56:48.840615	u/phasermodule	fltsqse	u/vanxh_	fltlspk	C
2020-03-29 08:57:03.995414	u/aleph_null1996	fltsr8m	u/R_Zamo360	fltqdie	C
2020-03-29 08:57:33.334027	u/jimmy-savelle	fltss2y	u/SUPAHST4R	fltri4h	C
2020-03-29 08:57:36.782215	u/tanelixd	fltss52	u/vanxh_	fltluhy	C
2020-03-29 08:57:56.943628	u/crouton_castle	fltsswm	u/TheMantasMan	fltrg3v	C
2020-03-29 08:58:12.010140	u/alfieperree	fltstj1	u/FlopKicker	fltsfav	C
2020-03-29 08:58:20.438982	u/Felno1r	fltstri	u/Davros-123	fltq8ob	C
2020-03-29 08:58:30.485873	u/TheUnkownGamer21	fltsu2e	u/CapnChiknNugget	fr2oxf	S
2020-03-29 08:58:36.365054	u/ctrlk	fltsuff	u/17Cabbages	fltgn18	C
2020-03-29 08:58:37.854988	u/iamgourd	fltsuft	u/FaoLOr64	fltseu7	C
2020-03-29 08:58:42.702837	u/SmokuNoPico	fltsuhh	u/LilyRaptor	fltsihx	C
2020-03-29 08:58:58.846233	u/phenomenon361	fltsv19	u/tagapagsaingNGbigas	fltn5ew	C
2020-03-29 08:59:10.727242	u/kuba3324	fltsvdf	u/JonahTheNowAwesome	fltowfj	C
2020-03-29 08:59:14.788133	u/l_au_l	fltsvls	u/dead-memes-man64	flt26zk	C
2020-03-29 08:59:27.710053	u/MrLegal420	fltsw97	u/BusyMocha40	fltr44n	C
2020-03-29 08:59:36.990721	u/LordLars2	fltswpc	u/El_Queso2	fltsucp	C
2020-03-29 08:59:46.616367	u/HyperReptile	fltsx4l	u/TheeScribe	fltscsc	C
2020-03-29 08:59:49.509537	u/Are_you_a_bot0	fltsxbq	u/Poseidons_Triten	fltq9l7	C
