2020-04-08 22:00:39.958164	u/Spiike1	fmuqfvj	u/r3dcrayon	fmupuv3	C
2020-04-08 22:00:47.306302	u/Bbiron01	fmuqglv	u/r3dcrayon	fmuqd8f	C
2020-04-08 22:00:51.669953	u/DJChirish	fmuqgmb	u/prestoavenue	fmuliqi	C
2020-04-08 22:00:58.276357	u/pikespeak456	fmuqgri	u/garvin1313	fmr288l	C
2020-04-08 22:02:07.995904	u/heloouwu	fmuqk8h	u/Aer0-	fmuol1w	C
2020-04-08 22:02:35.831653	u/yuribz	fmuqldq	u/gardenfullofbees	fmtxya4	C
2020-04-08 22:02:59.174315	u/uwu-dealer	fmuqmeh	u/Epiphany81964	fmuqjx9	C
2020-04-08 22:03:11.091927	u/Archerman77	fmuqmv2	u/vobsvids32	fmumi2s	C
2020-04-08 22:03:18.556643	u/Material-Geologist	fmuqn4w	u/bonmotsgmailcom	fmui80d	C
2020-04-08 22:03:20.883536	u/25nameslater	fmuqnbf	u/FloweyTheFlowerYT	fmup9jp	C
2020-04-08 22:03:31.256789	u/rae_is_not_okay	fmuqnkp	u/Jeffo-The-Dank	fmu914h	C
2020-04-08 22:03:33.498842	u/aatencio91	fmuqnl5	u/Brandons-Dead	fmuolve	C
2020-04-08 22:04:19.727833	u/Firewolf1121	fmuqpik	u/karry245	fmu6vnv	C
2020-04-08 22:04:54.394320	u/Frisby2007	fmuqrd2	u/Yochillyo	fmtvh9r	C
2020-04-08 22:04:58.446873	u/stackingees	fmuqrlc	u/FloweyTheFlowerYT	fmup9jp	C
2020-04-08 22:05:18.911914	u/Pyrowulf_45	fmuqso1	u/ThisIsHardWork	fmugtdy	C
2020-04-08 22:05:36.288606	u/D1R3NZ0	fmuqtcg	u/Iceicebaby1027	fmuce2n	C
2020-04-08 22:05:41.041334	u/JuanusPaulus	fmuqtk5	u/DonutSensei	fmupvw6	C
2020-04-08 22:05:58.029742	u/Could_NotBeBothered	fmuqtrq	u/DankDucko77	fmtnyuz	C
2020-04-08 22:06:12.689548	u/noodlenose23	fmuqug6	u/okboomer2000	fmuna4x	C
2020-04-08 22:06:20.526885	u/Someweirddud3	fmuqutm	u/4oMaK	fmu3hg4	C
2020-04-08 22:06:50.170715	u/Whirled_Peas-	fmuqvz7	u/getyourrealfakedoors	fmuqc1i	C
2020-04-08 22:07:21.346598	u/rayzthedead28	fmuqx53	u/Cky_vick	fmu256x	C
2020-04-08 22:08:04.917444	u/Tkms_24s	fmuqzsi	u/birbbs	fmuqww6	C
2020-04-08 22:08:19.722089	u/Soarezz	fmur0vp	u/thiccdogonthebeach	fmuqxxj	C
2020-04-08 22:08:50.499344	u/sku11face51	fmur2hv	u/Boberttheboss	fmueke1	C
2020-04-08 22:09:43.887090	u/UniversalDoge120	fmur69y	u/EdwardCapell88	fmuqx0i	C
2020-04-08 22:09:52.771367	u/s4d_grl_club	fmur751	u/Joe-Not-Slow	fmur4i1	C
2020-04-08 22:11:00.576299	u/roshiqx	fmura3m	u/ZDUDE9	fxj965	S
2020-04-08 22:11:20.187039	u/the-only-demon-king	fmurafj	u/xaviii_	fmur9pz	C
2020-04-08 22:12:55.574235	u/hippitypoppityboop	fmurdzu	u/we_R_allEnslaved	fmsa429	C
2020-04-08 22:12:57.778779	u/frefal	fmureaw	u/w3llFukM35id3w4y5	fmuqeg4	C
2020-04-08 22:13:57.856696	u/suterxc	fmurh1d	u/WoNDeR-SpeedBump	fmt3a3o	C
2020-04-08 22:14:19.810005	u/SatanicBus	fmuri4x	u/RepostSleuthBot	fmumu4r	C
2020-04-08 22:14:31.087027	u/fearlesssavannah	fmurj0z	u/genjaminfranklin	fmudd5p	C
2020-04-08 22:14:37.331208	u/DMan_0	fmurj4q	u/hamburger_bunzz	fmurhnv	C
2020-04-08 22:15:18.516536	u/Treedede	fmurm0q	u/youshouldbethelawyer	fmupnpb	C
2020-04-08 22:15:51.163959	u/cchlo	fmurnog	u/sacrificial_reunion	flafgjk	C
2020-04-08 22:16:11.738965	u/Madendalf	fmurpx6	u/Agent_Awesememe	fmtn6c2	C
2020-04-08 22:16:56.234320	u/Jmcba	fmursj4	u/Soul109	fmuahza	C
2020-04-08 22:17:24.609217	u/Venom_505	fmuru7c	u/s1ibedr1ll	fmup5c8	C
2020-04-08 22:17:55.703555	u/Eeveelover1785	fmurwyk	u/mr_anonymous85	fmurvam	C
2020-04-08 22:18:00.898624	u/wikidspiderboy	fmurxbz	u/ehh1209	fmuggvn	C
2020-04-08 22:18:07.457828	u/jHugley328	fmurxqc	u/PiggyBank32	fmuoxy1	C
2020-04-08 22:19:02.279699	u/No_FBI_Guy	fmus1qi	u/UndoneFundin	fmtzjrs	C
2020-04-08 22:19:35.559597	u/yusuf_tadumpk	fmus48k	u/DatAquaBoy	fmulegd	C
2020-04-08 22:19:54.590830	u/get_swifty88	fmus6f5	u/isauce9000	fmulj9r	C
2020-04-08 22:20:17.157874	u/yeetgod1211	fmus7ks	u/DragonSlayerN13	fmuqyoy	C
2020-04-08 22:20:53.627415	u/nani-soree	fmus8q7	u/sandiboii	fmtmauh	C
2020-04-08 22:21:04.042679	u/BoyYeetzWorld	fmus9dp	u/c6f8rs7td7rsi	fmus7y4	C
2020-04-08 22:21:11.105840	u/fizunboii	fmus9kc	u/128AD	fmuqzmi	C
2020-04-08 22:21:17.770840	u/JesseJames_37	fmus9kq	u/Senfgestalt	fmu7blg	C
2020-04-08 22:22:15.751741	u/DuckFrog26	fmusbqj	u/Lost_Smoking_Snake	fmuid4n	C
2020-04-08 22:22:40.708585	u/tacothursday27	fmusc7n	u/ShrekIsTheBestGod	fmtgwiy	C
2020-04-08 22:23:25.123720	u/Spicey_Guac	fmusdj9	u/Cat_Dip	fmus9nz	C
2020-04-08 22:23:38.852821	u/ToTheMines	fmuse81	u/EliotHudson	fmus5r4	C
2020-04-08 22:23:46.045439	u/jgzman	fmuseaw	u/Sykfootball	fmrhj1c	C
2020-04-08 22:23:51.613130	u/DYLT_Trinity	fmuu4fl	u/krishkalra43	fmutvil	C
2020-04-08 22:23:54.593479	u/MahNameJosh	fmuu4l8	u/Hatimdecor	fmt3qf3	C
2020-04-08 22:24:05.347355	u/-ZE1T-	fmuu4zn	u/EvildoingOG	fmus5lx	C
2020-04-08 22:24:18.344686	u/HesThePhantom	fmuu5pp	u/RealHuman3001	fmugf66	C
2020-04-08 22:24:57.508015	u/theindomitablefred	fmuu75x	u/aztecazzzy	fmuu4ca	C
2020-04-08 22:25:33.660735	u/saturatedspaghetti	fmuu860	u/TheClevernickname	fmsjwc8	C
2020-04-08 22:25:49.830357	u/razvanb30	fmuu8q2	u/jHugley328	fmuom9v	C
2020-04-08 22:26:09.163612	u/srinidecool	fmuu9z3	u/jiminsdm	fmutt94	C
2020-04-08 22:26:16.635428	u/Faery_Sweets	fmuua7m	u/dbozz135	fmsif54	C
2020-04-08 22:27:15.384227	u/inuit95	fmuud8t	u/GregoryWiles	fmut0qz	C
2020-04-08 22:27:42.572638	u/xLacho	fmuueo2	u/Drake498	fmtj69x	C
2020-04-08 22:27:58.372421	u/Harrison123963	fmuufi7	u/thekeenspartan	fmuthic	C
2020-04-08 22:28:41.238744	u/RedChancellor	fmuuhck	u/DonutSensei	fmupvw6	C
2020-04-08 22:28:46.264383	u/Mellamojef7326	fmuuhs0	u/Respect_Paying_Bot	fmutw14	C
2020-04-08 22:28:54.036476	u/DottComm2863	fmuuijd	u/Bruh_Bot_	fmuudd0	C
2020-04-08 22:29:15.188778	u/not_seedy	fmuujty	u/Doehap	fmu1fab	C
2020-04-08 22:29:38.827696	u/AngelDust7690	fmuuls2	u/King-Oylmpus	fmuudrb	C
2020-04-08 22:29:44.688013	u/MauMau0810	fmuum58	u/plzdontgetcaught	fmufepk	C
2020-04-08 22:29:47.537918	u/notfunnytho	fmuumc9	u/tuittelituu	fmusiyw	C
2020-04-08 22:29:53.600911	u/Nocreep4u	fmuumkb	u/MadKitKat	fmtz1rg	C
2020-04-08 22:30:16.922100	u/spectrReddit	fmuunj6	u/Fave_McFavington	fmuu68k	C
2020-04-08 22:30:22.235517	u/HamGoblinOfficial	fmuunjs	u/prestoavenue	fmuliqi	C
2020-04-08 22:30:38.332232	u/SirMemerson	fmuunuo	u/Extreme_Stranger	fmuui9o	C
2020-04-08 22:31:47.966744	u/M4s4mune	fmuupih	u/TheEGreatFish	fmut3uz	C
2020-04-08 22:32:07.120545	u/ZenDracula	fmuupwk	u/CassiaPrior	fmtlpn0	C
2020-04-08 22:33:11.961399	u/DeiselDan69	fmuuru4	u/StoopidSmort	fmuudof	C
2020-04-08 22:33:18.231613	u/Bruh-Bot420	fmuusd5	u/PhantomShot-25	fmuu4xj	C
2020-04-08 22:33:46.487094	u/Ilovebrawlstars86	fmuuts9	u/jiminsdm	fmutt94	C
2020-04-08 22:34:26.916376	u/Fr0st_Burn	fmuuuks	u/Fave_McFavington	fmuu68k	C
2020-04-08 22:34:47.267690	u/DudeDomja	fmuuv9z	u/tuittelituu	fmusiyw	C
2020-04-08 22:34:49.405827	u/zjjimenez	fmuuva2	u/Taralyth	fmutle3	C
2020-04-08 22:35:23.645546	u/Midna79	fmuuwku	u/berkayde	fmtsza5	C
2020-04-08 22:35:42.920926	u/Jm_almighty	fmuuxfp	u/_Wubawubwub_	fmut1vz	C
2020-04-08 22:35:57.554668	u/skullknight115	fmuuy0f	u/Mr_Fellow_Says_Hello	fmtjiv0	C
2020-04-08 22:36:02.708529	u/Tapdancing_pickles	fmuuy9b	u/rocketboi1505	fmuuugh	C
2020-04-08 22:36:10.489991	u/redditoaccounto100	fmuuyp4	u/we_R_allEnslaved	fmsa429	C
2020-04-08 22:36:15.310214	u/Speedlet	fmuuyvb	u/Drake498	fmtj69x	C
2020-04-08 22:37:22.140071	u/bubblygum24	fmuv2d0	u/d0pe_dje11y	fmuol2f	C
2020-04-08 22:37:48.913509	u/depressodragon	fmuv38g	u/rocketboi1505	fmuutwc	C
2020-04-08 22:37:56.037427	u/isak_cruz	fmuv3em	u/Soul109	fmuuppb	C
2020-04-08 22:38:11.492392	u/spliffaniel	fmuv459	u/ChargedFirefly	fmuscdc	C
2020-04-08 22:38:43.270404	u/dude_above_me_is_gay	fmuv5sf	u/Zaratustrhah	fmuop1w	C
2020-04-08 22:39:05.021133	u/noodlegod47	fmuv6oi	u/DJChirish	fmuqgmb	C
2020-04-08 22:39:23.003831	u/Cloudeyy	fmuv7vw	u/krstykrbpizza	fmuu81r	C
2020-04-08 22:39:25.254607	u/Panther_Tech	fmuv7wv	u/Obi-Wanskenobi	fmufcu3	C
2020-04-08 22:39:40.114451	u/Undo_Life	fmuv905	u/Zan4337	fmuv6ac	C
2020-04-08 22:39:59.476679	u/fudgelord1	fmuvatj	u/my-love-come-back	fmusq8l	C
2020-04-08 22:40:41.490309	u/wystrix	fmuvbzr	u/Loc0_MeXiCaN0	fmuoofk	C
2020-04-08 22:40:46.989217	u/warlord7107	fmuvc21	u/CulturalMushroom6	fmuuxew	C
2020-04-08 22:41:26.694691	u/haviles04	fmuvcuu	u/Gnomes3xfetish	fmuvbif	C
2020-04-08 22:42:44.097507	u/nickky_b	fmuvfrd	u/mrgopher17	fmuv1wk	C
2020-04-08 22:42:59.082792	u/DVick2001	fmuvfyw	u/corvenal	fmuv1hr	C
2020-04-08 22:43:09.556089	u/daniel_eh	fmuvgav	u/pranksterman55	fmuohny	C
2020-04-08 22:43:41.430764	u/aalyahyaa	fmuvh6c	u/bubblygum24	fmuv2d0	C
2020-04-08 22:44:08.995918	u/Keanu_Norris	fmuvi6d	u/smashbrosislit	fmus1jy	C
2020-04-08 22:47:28.340108	u/bepisboi6_9	fmuvrvu	u/p4madeus	fmusumu	C
2020-04-08 22:47:39.276549	u/nospr2	fmuvsc1	u/McAfee4Pres	fmtjink	C
2020-04-08 22:47:49.464260	u/penguinolo	fmuvsmu	u/chomperstyle	fmuvorb	C
2020-04-08 22:48:05.398615	u/pdoggaming	fmuvt7b	u/RepostSleuthBot	fmukuln	C
2020-04-08 22:48:27.469894	u/RiverGatorGaz	fmuvu6g	u/BlooFlea	fmueuyl	C
2020-04-08 22:48:43.214338	u/TimmyTheTumor	fmuvuvn	u/Bootiluvr	fmu8w21	C
2020-04-08 22:49:04.012933	u/MaOxMaO	fmuvvnp	u/poorly_timed_fuck	fmt4osy	C
2020-04-08 22:49:30.597454	u/DynamicSocks	fmuvwvd	u/vghouse	fmusg5y	C
2020-04-08 22:49:47.734298	u/happysheeple3	fmuvypq	u/frefal	fmuqf7m	C
2020-04-08 22:50:15.558523	u/LordGibraltar	fmuvzfs	u/Mellamojef7326	fmuvgsv	C
2020-04-08 22:50:32.120016	u/chocolate-ketchup	fmuw01s	u/MrNerdy42	fmuvy0m	C
2020-04-08 22:50:57.100154	u/LunarTriton38	fmuw11s	u/Chocolate_Donuts	fmuvmh8	C
2020-04-08 22:51:02.706421	u/howcangae	fmuw176	u/UnknownReasonWOW	fmtomfn	C
2020-04-08 22:51:11.112814	u/TurboSquid72	fmuw19g	u/DudeDomja	fmuuv9z	C
2020-04-08 22:52:07.790323	u/YehItzJaxx	fmuw3bp	u/Master_JBT	fmuw1pj	C
2020-04-08 22:52:35.621220	u/palmtree090	fmuw4gx	u/ACloakedEagox	fmurvbf	C
2020-04-08 22:52:46.216510	u/tristanje	fmuw4ux	u/prestoavenue	fmuliqi	C
2020-04-08 22:54:01.835630	u/gonecountry04	fmuw7fq	u/M4s4mune	fmuupih	C
2020-04-08 22:54:06.214755	u/readit1173	fmuw7px	u/RealHuman3001	fmugf66	C
2020-04-08 22:55:05.836022	u/69boi69420	fmuw9q6	u/hopebagelko	fmtsqbc	C
2020-04-08 22:55:17.350478	u/j0eycrack	fmuwabi	u/The_Artsy_One	fmsmz4l	C
2020-04-08 22:55:24.556448	u/brittany-killme	fmuwaf2	u/RealHuman3001	fmugf66	C
2020-04-08 22:55:31.737775	u/battleaxe1784	fmuwak3	u/RealHuman3001	fmugf66	C
2020-04-08 22:55:38.299235	u/guzma54	fmuwane	u/sasori1771	fmuv497	C
2020-04-08 22:55:50.041324	u/ChocoLolita	fmuwb0c	u/RepostSleuthBot	fmulyb4	C
2020-04-08 22:56:37.545500	u/Leegaming561	fmuwckf	u/Bruh_Bot_	fmuvyyw	C
2020-04-08 22:56:43.955788	u/Yeetuamasa	fmuwcn1	u/I_am_bread9446	fmur776	C
2020-04-08 22:57:21.418298	u/reekkkkkk	fmuwe9m	u/THOTDESTROYR69	fmut6k6	C
2020-04-08 22:57:44.922888	u/Kwanitiam	fmuwfh1	u/mhaziq69	fmuvyhb	C
2020-04-08 22:58:30.869123	u/weeblonmuskthegod	fmuwhdf	u/genjaminfranklin	fmudd5p	C
2020-04-08 22:58:40.457456	u/ThaRealSunGod	fmuwhp0	u/Bruh_Bot_	fmuwdpb	C
2020-04-08 22:59:01.512102	u/MessengerD	fmuwirb	u/Bruh_Bot_	fmuwdpb	C
2020-04-08 22:59:19.398060	u/PlankBlank	fmuwk2z	u/saikmat	fmutr83	C
2020-04-08 22:59:25.558003	u/jewasian99999999	fmuwki7	u/nad-sanagalap	fmustd5	C
2020-04-08 22:59:29.352940	u/saltylemonzz	fmuwkme	u/Kind-Pop	fl3zlqu	C
2020-04-08 22:59:32.684252	u/Vandassar	fmuwkpt	u/LunarTriton38	fmuw11s	C
2020-04-08 22:59:50.377667	u/lilBroilerD2	fmuwm2d	u/michael123425	fms7psm	C
