2020-03-28 11:00:02.958360	u/Bennie_The_king	flqvsf0	u/KARANSINGHJATT	flqkuff	C
2020-03-28 11:00:10.259817	u/Kaplaw	flqvsjp	u/Jay_Is_Not_Here	flqm7ae	C
2020-03-28 11:00:12.584474	u/hrda-741	flqvsjs	u/youronlyfbiagent	flqqlbe	C
2020-03-28 11:00:23.359020	u/tacvbo777	flqvsyo	u/a_sleepy_one	flqr8qj	C
2020-03-28 11:00:46.492385	u/MikaMaple	flqvtl8	u/Dont-read-this-	flqi4ki	C
2020-03-28 11:00:52.277946	u/heiny_himm	flqvtok	u/m4a1pewpew	flqqde0	C
2020-03-28 11:01:16.163200	u/saracuratsiprost	flqvup5	u/44G6	flqnf8k	C
2020-03-28 11:01:48.569200	u/Xontroller	flqvvkp	u/A_Person33	flaiawa	C
2020-03-28 11:02:08.085911	u/Geddaymight	flqvw3l	u/goshin89	flqihuu	C
2020-03-28 11:02:13.706023	u/Ultimate_Sensei1	flqvw9o	u/hiportyuop	flquxlg	C
2020-03-28 11:02:30.979669	u/jtay715	flqvwlr	u/ZakTSK	flqvtcy	C
2020-03-28 11:02:38.336685	u/Tomii8	flqvwr3	u/Toxikus78	flqogcw	C
2020-03-28 11:02:54.040885	u/Stersurprise	flqvwyd	u/Oldenlame	flqnbt1	C
2020-03-28 11:03:03.086929	u/Susi101wolf	flqvxfp	u/vxxandixxv	flqvwcl	C
2020-03-28 11:03:06.246979	u/BushGod	flqvxjq	u/Truuuliiim	flqvrhm	C
2020-03-28 11:03:33.083379	u/Cupboard-Boi	flqvyd0	u/SergeantPotatoes	flqk6u5	C
2020-03-28 11:03:50.420687	u/HalalWeed	flqvyrs	u/MovedDiamond3	flpu8gn	C
2020-03-28 11:03:53.958567	u/BigPPguyn1	flqvywp	u/Ten_Dobrej	fqjcku	S
2020-03-28 11:04:22.381242	u/TrustMeImMagic	flqvzxf	u/Emilio222	flqn7r3	C
2020-03-28 11:04:27.595641	u/ChocoMemer	flqw010	u/OnlyHere4Reddit	flqvszv	C
2020-03-28 11:04:36.289059	u/Wu1006	flqw05o	u/I-Reeddit	flqhcnm	C
2020-03-28 11:04:54.212911	u/hades_the_wise	flqw0rz	u/FleeceyMender	flq4oms	C
2020-03-28 11:05:17.635669	u/Firenado_Gaming	flqw1ug	u/iexist3	flqph67	C
2020-03-28 11:05:21.876901	u/Teerhand	flqw1xd	u/JonnySnowtime	flqvggb	C
2020-03-28 11:05:32.401440	u/arcanis321	flqw27f	u/ygrhmn	flquqbo	C
2020-03-28 11:05:46.809323	u/JabO_O	flqw2qk	u/VanillaNyx	flqjs4c	C
2020-03-28 11:06:23.986826	u/Philipc114	flqw3r6	u/NamePleasee	fqgw0w	S
2020-03-28 11:06:33.507540	u/RIP-Juice_WRLD	flqw47m	u/Parnell28	flqdhif	C
2020-03-28 11:06:39.328119	u/Frick1977	flqw4dc	u/ploptropico	flqvnn7	C
2020-03-28 11:06:41.188346	u/Persqn	flqw4in	u/XB2006	flqg68x	C
2020-03-28 11:06:45.753031	u/ZoMbIe07321	flqw4oe	u/grubas14	flqsucn	C
2020-03-28 11:07:18.881362	u/rosenchopana69	flqw5oq	u/meme_soapp	fpc34y	S
2020-03-28 11:07:42.554606	u/Lil-Tigy	flqw6a0	u/Gorgorathiasz	flqk8ef	C
2020-03-28 11:07:51.889741	u/ynsk112	flqw6rz	u/StuffThatIsRandom	flqv7jk	C
2020-03-28 11:08:17.981887	u/transtrender1	flqw7y4	u/dovedevic	fl2izeo	C
2020-03-28 11:08:53.071801	u/TheHeadWalrus	flqw9uy	u/templaknight13579	flqojnb	C
2020-03-28 11:08:59.510494	u/-Falconheart	flqwa5n	u/lee_ryan21	flqkww3	C
2020-03-28 11:09:05.352605	u/aryandestroyer	flqwaej	u/oogaboogaNXS	flqw0u7	C
2020-03-28 11:09:20.359707	u/Uniqueinsult	flqwazu	u/DontBeADick367	flqpdd7	C
2020-03-28 11:09:25.670575	u/Ronaldmcdonaldthebig	flqwbbc	u/OnlyHere4Reddit	flqvszv	C
2020-03-28 11:09:31.183902	u/guest666_	flqwbkb	u/MaatRolo	fqhj7e	S
2020-03-28 11:09:35.309904	u/Irscall	flqwbr4	u/AutoModerator	flqdwbt	C
2020-03-28 11:09:36.817752	u/Fn7Xg	flqwbvd	u/ZakTSK	flqw8y7	C
2020-03-28 11:09:39.447942	u/DamjanRD	flqwbzt	u/benjamin32456	flqqmn1	C
2020-03-28 11:09:48.566828	u/Laddiboi	flqwck1	u/Aspen_Alabaster	flqw5oa	C
2020-03-28 11:09:55.408113	u/RFC84	flqwd47	u/ygrhmn	flquqbo	C
2020-03-28 11:09:56.799667	u/Tyran_Cometh	flqwd5q	u/Cegriphy	flqwavi	C
2020-03-28 11:09:59.922535	u/natttaas	flqwd8v	u/MentalSeesaw	flqvt1g	C
2020-03-28 11:10:15.276203	u/Rogdish	flqwdv0	u/Radeczech2004	flqrkgk	C
2020-03-28 11:11:13.993119	u/KawaiiLegion	flqwg0v	u/PedroSilva_	flqo2j2	C
2020-03-28 11:11:29.880131	u/Runesc899	flqwgbo	u/sorc_memes	flqv17s	C
2020-03-28 11:11:39.228943	u/fartswhenhappy	flqwgw2	u/Sandj04	flqia3e	C
2020-03-28 11:11:46.214871	u/AGmabe	flqwh3m	u/artfillin	flqvxg2	C
2020-03-28 11:11:56.324789	u/Plasticwart	flqwhmp	u/pyro_maniac75	flqo085	C
2020-03-28 11:12:16.871052	u/tttriplettthreat	flqwie9	u/mheurtevent1	flqw1xr	C
2020-03-28 11:12:24.002946	u/UnderscoreKer	flqwii9	u/guy_on_reddit04	flqwaw9	C
2020-03-28 11:12:29.899512	u/carbazide	flqwijq	u/VanillaNyx	flqjuxb	C
2020-03-28 11:13:03.129829	u/SpicyNerds	flqwk04	u/Chesney1995	flqlxvp	C
2020-03-28 11:13:40.628736	u/Ianbeerito	flqwkzz	u/ImDefinitelyHuman	flqwc2z	C
2020-03-28 11:13:58.926064	u/tony-_-joe	flqwlew	u/unreadysoup8643	flqqm4n	C
2020-03-28 11:14:08.667223	u/sparkling-water420	flqwlwl	u/overgrown_toenails	flqlo42	C
2020-03-28 11:14:19.550482	u/speakeasy518	flqwmhc	u/youalwayswin300	flqentt	C
2020-03-28 11:14:24.880761	u/halodude1537	flqwmjg	u/Individual_Donkey	flqnnvv	C
2020-03-28 11:14:33.604817	u/Sanster54321	flqwmrs	u/bbeim	flpipmb	C
2020-03-28 11:14:53.271624	u/millike14	flqwnia	u/44G6	flqlrok	C
2020-03-28 11:14:56.556184	u/MrRE-sama	flqwnjd	u/ZakTSK	flqvy40	C
2020-03-28 11:15:10.832586	u/sir13melon	flqwnv0	u/UserNameTakenLUL	flqusx2	C
2020-03-28 11:15:20.113303	u/aesuy	flqwo7u	u/RepostSleuthBot	flqrlba	C
2020-03-28 11:15:25.383699	u/iqbalides	flqwo9i	u/Drawmaster63	flqvxuq	C
2020-03-28 11:15:28.429665	u/jack-K-	flqwoep	u/Supernova-581	flqs0vr	C
2020-03-28 11:15:39.379371	u/Sara7061	flqwots	u/RepostSleuthBot	flqemam	C
2020-03-28 11:16:14.198564	u/CreatureWarrior	flqwpx7	u/BlAcK_rAbBiX	flqvvkx	C
2020-03-28 11:16:29.773069	u/CuriousGreg094	flqwqlt	u/dima_bljat_suka	flqwod7	C
2020-03-28 11:16:33.554569	u/frostyhippo54	flqwqo0	u/CuriousGreg094	flqwpo1	C
2020-03-28 11:16:44.475394	u/Markiv25	flqwquh	u/StickyNut8---D	flqs44m	C
2020-03-28 11:17:06.948778	u/SneakySam656	flqwrm6	u/RepostSleuthBot	flqwq9l	C
2020-03-28 11:17:24.248311	u/RedquatersGreenWine	flqws11	u/Schrinedogg	flq10he	C
2020-03-28 11:17:37.424581	u/MasterofGalaxy69	flqwshw	u/longhud	flqwqap	C
2020-03-28 11:18:18.401673	u/SupremeEuphoria	flqwuve	u/RepostSleuthBot	flqwthd	C
2020-03-28 11:18:52.530760	u/Brixan1	flqwwj3	u/Diamantazul	flqulk9	C
2020-03-28 11:18:53.882220	u/joeygallinal	flqwwkz	u/AutoModerator	flqwnnb	C
2020-03-28 11:18:59.958180	u/painmisery	flqwwuu	u/Initial-Current	flqtquv	C
2020-03-28 11:19:05.716467	u/SkulzYetAgainV11	flqwwwg	u/Ronaldmcdonaldthebig	flqwbbc	C
2020-03-28 11:19:29.299084	u/Xx_Legi191_xX	flqwxvk	u/WolfyNug	flqwurr	C
2020-03-28 11:19:42.735321	u/Nothing_2_Something	flqwz6c	u/danksoulspraiseit420	flqtrvl	C
2020-03-28 11:19:51.970565	u/_asstronaut_	flqwzr3	u/Pwnage_Peanut	flqkugv	C
2020-03-28 11:20:05.897334	u/LilBrass	flqx18g	u/mrboat-man	flpaz44	C
2020-03-28 11:20:33.057917	u/TheNordicCountries	flqx24a	u/o0dorgon0o	flqw265	C
2020-03-28 11:20:53.530291	u/Clickzy1x	flqx2vb	u/nahcantbeserious	flql5es	C
2020-03-28 11:21:00.262168	u/susperstine	flqx3ce	u/AGmabe	flqwh3m	C
2020-03-28 11:21:13.234899	u/BendingUnitC137	flqx3sn	u/H3ntai_with_Senpai	flqsmg5	C
2020-03-28 11:21:27.692424	u/Darkurby	flqx45q	u/ZakTSK	flqwtuz	C
2020-03-28 11:21:34.974711	u/Un1verseXD	flqx4ge	u/RepostSleuthBot	flqhi82	C
2020-03-28 11:21:48.542750	u/ethanator329	flqx4md	u/MaatRolo	flqi9d3	C
2020-03-28 11:22:29.504682	u/C0UNTINGW0RMSS	flqx63v	u/57413_8r34d	flqmdzx	C
2020-03-28 11:22:45.889070	u/razzle-dazle-	flqx6y0	u/Zumi04	flqwigv	C
2020-03-28 11:22:49.190513	u/Markus_Atlas	flqx722	u/logicalum	flqrcws	C
2020-03-28 11:23:02.926465	u/Harmlessguy12	flqx7dr	u/jackcabral90	flquyku	C
2020-03-28 11:23:16.000794	u/MrDrStark	flqx7nu	u/dat3006	flqv90y	C
2020-03-28 11:23:46.146330	u/ahole4words	flqx8xe	u/RepostSleuthBot	flqvr4g	C
2020-03-28 11:23:50.220086	u/bEEans-	flqx96y	u/05Lidhult	flqwwa7	C
2020-03-28 11:24:05.224170	u/Biiiscoito	flqx9xw	u/follettina420	flqgb0k	C
2020-03-28 11:24:25.192571	u/Comic-Sanders	flqxarr	u/UserNameTakenLUL	flqusx2	C
2020-03-28 11:24:39.397427	u/M3MES69420	flqxbb5	u/cfcchamps09	flqo727	C
2020-03-28 11:24:50.218136	u/EthanB222	flqxbow	u/AhsokaLived	flpvjcp	C
2020-03-28 11:25:32.804895	u/blackmagic4c	flqxd3p	u/mickecd1989	flqwzsi	C
2020-03-28 11:26:26.416055	u/BurntBacn	flqxfdl	u/Kaplaw	flqvpb5	C
2020-03-28 11:26:53.668947	u/_skullreaper_	flqxgd9	u/Shronk_Overlord	flqsok0	C
2020-03-28 11:26:55.530836	u/Caleb_mac11	flqxgev	u/TirangleCat	flqla46	C
2020-03-28 11:27:04.486383	u/wavyllama	flqxh51	u/Drawmaster63	flqvxuq	C
2020-03-28 11:27:08.955247	u/UnderscoreKer	flqxhbc	u/guy_on_reddit04	flqx7jp	C
2020-03-28 11:27:21.727024	u/Master-Wordsmith	flqxhms	u/nimyah	flqwbqj	C
2020-03-28 11:27:38.683553	u/InkyAddams	flqxigj	u/ogulsadi	flqpp9w	C
2020-03-28 11:27:59.583543	u/Darkita162	flqxjqg	u/NEMORPH	flppcx3	C
2020-03-28 11:28:05.702622	u/qwertyuiopasdfghmn	flqxk29	u/fualtyzane	flopbce	C
2020-03-28 11:28:30.627986	u/antivn	flqxkxj	u/not-an-alt3	flq3jnh	C
2020-03-28 11:28:35.597382	u/wonderwah	flqxl5x	u/kep_streeter	flqxeln	C
2020-03-28 11:29:05.880478	u/ClickerCookie123	flqxmpg	u/GabuSenpai	flqwoz6	C
2020-03-28 11:29:25.494433	u/calledmorethan	flqxo4q	u/HecateAthena	flqxl36	C
2020-03-28 11:29:50.229040	u/FeilVei2	flqxpph	u/MeatQuaad	flqe142	C
2020-03-28 11:29:57.523208	u/JustTheSaba	flqxpze	u/Existerboi	flqxo16	C
2020-03-28 11:30:10.953247	u/GamersBeLike	flqxqm6	u/Ghoulish4t0m	flqjguq	C
2020-03-28 11:30:25.441419	u/BenHalkT	flqxqwc	u/RepostSleuthBot	flqwg8f	C
2020-03-28 11:30:36.984702	u/sticky118	flqxr3m	u/lugan_pall	flq8tkj	C
2020-03-28 11:30:58.665330	u/AcDcBoss	flqxrx6	u/BurntBacn	flqxfdl	C
2020-03-28 11:31:03.654582	u/__bradz__	flqxs1j	u/ItsSrikarOMG	flqldx7	C
2020-03-28 11:31:07.251981	u/PundaPUNman	flqxs5m	u/BattlNerd	flquva8	C
2020-03-28 11:31:21.398264	u/ChrisCreatesStuff	flqxsfz	u/yentlman12	floi9u9	C
2020-03-28 11:31:37.156671	u/AnJai22	flqxszz	u/Dudexploring	flqfa6l	C
2020-03-28 11:32:01.285872	u/GamerRipjaw	flqxu5l	u/razzle-dazle-	flqx6y0	C
2020-03-28 11:32:11.150391	u/Random_User_34	flqxuh6	u/CensoredColour	flqu56a	C
2020-03-28 11:32:30.703282	u/Vohems	flqxvbt	u/languish24	flqrype	C
2020-03-28 11:32:40.941631	u/sick_pro_gamer	flqxvl2	u/prumbeljack	flqxuol	C
2020-03-28 11:33:38.048948	u/Professional_Clod	flqxxvj	u/Shotplay24	flq994x	C
2020-03-28 11:33:48.620489	u/Kewpr80	flqxy2b	u/BeefTrapeze	flqvr7k	C
2020-03-28 11:33:54.107787	u/SiloBit	flqxy36	u/kiIIcharge	flqxmew	C
2020-03-28 11:34:11.838387	u/SuperDuperRC	flqz6jy	u/syrup05	flqrr7p	C
2020-03-28 11:34:15.047715	u/xcvhuytrd	flqz6md	u/VibraniumDragonborn	fl5nrgn	C
2020-03-28 11:34:21.662949	u/DarthTrooper2207	flqz75a	u/INeedAUsernamePlspls	flqz3fg	C
2020-03-28 11:34:24.892891	u/Ericao29	flqz781	u/meetherinmontauk	flqqnxy	C
2020-03-28 11:34:26.964925	u/xxcreepyzebraxx	flqz7a7	u/flwrs__	flqmbf5	C
2020-03-28 11:34:41.888609	u/WhoopWhoopHello	flqz7qo	u/VewixxPlayer	flqxy21	C
2020-03-28 11:34:44.131108	u/leonibus_	flqz7vf	u/ogulsadi	flqpp9w	C
2020-03-28 11:34:51.582000	u/KnightTimeGhost	flqz81b	u/AriCookieCatxD	flpabsc	C
2020-03-28 11:35:10.482905	u/iswearimnotedgy	flqz8pd	u/fualtyzane	flqxcd9	C
2020-03-28 11:35:18.208263	u/wahlenderten	flqz96a	u/rsfct_495	flql8ft	C
2020-03-28 11:35:55.800915	u/jupiter_stars	flqzb03	u/TheNordicCountries	flqx24a	C
2020-03-28 11:36:34.540551	u/isaiahguajardo	flqzd8l	u/DarthKlanxis	flqxlzi	C
2020-03-28 11:37:08.308732	u/Reevo92	flqze9h	u/I-Reeddit	flqhcnm	C
2020-03-28 11:37:16.385615	u/ChansonBro	flqzenu	u/M4kh41	flqtqk9	C
2020-03-28 11:37:24.272424	u/snarfymcsnarfface	flqzeyk	u/Black_Cat666	flqr4mn	C
2020-03-28 11:37:33.577627	u/Call_Me_Slinger	flqzfji	u/TK62284	flqze11	C
2020-03-28 11:37:57.438469	u/Hoovyplays	flqzg9i	u/DevilBeater	flqo7hq	C
2020-03-28 11:37:59.678006	u/SOMEdudeOnREDDITok	flqzgb2	u/ZakTSK	flqv5w9	C
2020-03-28 11:38:01.921926	u/sofisofis	flqzgcn	u/NotSoPhun	flpwd8y	C
2020-03-28 11:38:11.503593	u/Thelaanie	flqzglq	u/TurtleJenkin	flqwgdi	C
2020-03-28 11:38:13.044512	u/NotCheeseTurtle	flqzglx	u/a_Fan69	flqvuxb	C
2020-03-28 11:38:15.358392	u/Snapyk	flqzh3f	u/I_Snort_Pixies	flqsgve	C
2020-03-28 11:38:34.552786	u/Gaha981123	flqzhik	u/BurntBacn	flqxfdl	C
2020-03-28 11:38:50.092426	u/Zajum	flqzi7s	u/I-KilledWicksDog	flqm8r2	C
2020-03-28 11:39:02.272414	u/anermlysuxdicc	flqziqz	u/CuriousGreg094	flqzdp3	C
2020-03-28 11:39:03.459704	u/LontraRetardada	flqzise	u/ishareforeskin	flqtoke	C
2020-03-28 11:39:11.038874	u/Egg_roll_Egg	flqzjax	u/Belphegor-of-greed	flq7qkc	C
2020-03-28 11:39:13.882228	u/FlyingPooMan	flqzjh1	u/KENSKIY	flqs80r	C
2020-03-28 11:39:21.995898	u/FinalMeltdown15	flqzjw6	u/TheGreatThanatos	flqng8l	C
2020-03-28 11:39:40.540269	u/lalalaliaaa	flqzkwr	u/TheCreamiestBoi	flqfr4q	C
2020-03-28 11:40:04.505734	u/zraktu	flqzmse	u/AnnoyedJames	flqi9jo	C
2020-03-28 11:40:06.980605	u/Igara-Parana	flqzmu3	u/dgrif3209	flqimx2	C
2020-03-28 11:40:09.377947	u/TrisTheBanana	flqzmv1	u/Suessgott_Olli	flqcjqm	C
2020-03-28 11:40:32.213762	u/Weissling3000	flqznqa	u/CensoredColour	flqu56a	C
2020-03-28 11:41:25.995110	u/Holy_Goat	flqzpr7	u/Antwriterdragon	flqohl4	C
2020-03-28 11:41:43.699778	u/pikachuIsMyFurrybae	flqzqj4	u/hiportyuop	flquxlg	C
2020-03-28 11:42:11.049577	u/1800yves	flqzr9z	u/LittleMan1826	flqn03c	C
2020-03-28 11:42:49.299246	u/jacobooooo	flqzslg	u/Chesney1995	flqlxvp	C
2020-03-28 11:43:12.786504	u/lostlink007	flqztdj	u/DarthTrooper2207	flqzhle	C
2020-03-28 11:43:24.014482	u/Dont_Pee_In_The_Pool	flqztx8	u/S_shiggy_Y	flqzssd	C
2020-03-28 11:43:35.699394	u/flex_tape_9	flqzufx	u/Anti_Karen_League	flqkxli	C
2020-03-28 11:44:07.549128	u/Jeeveskin	flqzviv	u/MssDevil	flqxcfa	C
2020-03-28 11:44:39.064917	u/Emans42	flqzwk6	u/DarthTrooper2207	fqm3ty	S
2020-03-28 11:45:00.822578	u/DinAmos_SAV	flqzxdr	u/racerfree	flq4rft	C
2020-03-28 11:45:17.576276	u/charamander_	flqzy36	u/ThatYellowElephant	flpn9xj	C
2020-03-28 11:45:23.405393	u/gothrose1234	flqzy8e	u/LeDerpZod	flqthrs	C
2020-03-28 11:45:48.441642	u/Aurelioilani	flqzz84	u/Claudiomerlo	flqzt2z	C
2020-03-28 11:46:22.129789	u/malupaural	flr00ik	u/ContentNicholas	flqn8ya	C
2020-03-28 11:46:23.961221	u/MuchoManSandyRavage	flr00kr	u/Criterion_XD	flqz2r2	C
2020-03-28 11:47:27.861004	u/NorwayKristian	flr02vt	u/safwan6	flqjfxi	C
2020-03-28 11:47:29.520805	u/ShunShunMaru	flr02xv	u/grzzbot	flr00c2	C
2020-03-28 11:47:31.169712	u/MrMagunga	flr02yr	u/Kind-Pop	fl3zlqu	C
2020-03-28 11:47:41.748059	u/Mind_Knight	flr03mu	u/MeMeeBoi11	flr00z2	C
2020-03-28 11:47:48.366377	u/BeinHolly	flr03wt	u/DarthTrooper2207	flqytfh	C
2020-03-28 11:47:53.262984	u/Cheese_nugget9226	flr0423	u/chewlarue12	flr0351	C
2020-03-28 11:47:58.975379	u/optimisticprime02	flr04f8	u/TheCoyne	flqiw2m	C
2020-03-28 11:48:30.528029	u/TheSbubby	flr05hg	u/ploop2013	flquspa	C
2020-03-28 11:48:33.975366	u/Yannick_Sloot	flr05o7	u/Thememelord9002	flpu7qx	C
2020-03-28 11:48:35.320099	u/dantropow	flr05pf	u/Maxi25554	flqoy8r	C
2020-03-28 11:48:38.012730	u/drunkpank10	flr05ta	u/spoody69420	flqdwd1	C
2020-03-28 11:48:44.634071	u/SharkBait700	flr05zo	u/iswearimnotedgy	flqz8pd	C
2020-03-28 11:48:47.189160	u/broe17	flr0635	u/knightwolfghost	flqyb57	C
2020-03-28 11:48:48.411434	u/MOE-17	flr063r	u/AK24ROCKS	flqrrnm	C
2020-03-28 11:48:52.394843	u/TheBomb-ComMan	flr068g	u/fualtyzane	flp8abi	C
2020-03-28 11:48:55.020664	u/queen_in_the_north17	flr06cy	u/Rick-roller--	flqzhrp	C
2020-03-28 11:48:56.443732	u/N8_oof	flr06fu	u/milk_connoisseur23	fqmbnx	S
2020-03-28 11:49:11.375550	u/SuperSamus02	flr078n	u/TheShadowsAce	flqv6et	C
2020-03-28 11:49:26.513982	u/killersuit_1991	flr083y	u/jl0xd	flqzy8l	C
2020-03-28 11:49:29.140071	u/gerdtda	flr0856	u/artfillin	flqzi8z	C
2020-03-28 11:49:35.490151	u/rooooeeeeeben	flr08am	u/05Lidhult	flqmwpq	C
2020-03-28 11:49:54.368158	u/deeblerdeebz	flr09zn	u/TickleDuckFeathers	flql6zs	C
2020-03-28 11:50:53.534783	u/cactusYEETUS	flr0bti	u/Cottoncandyskiesthrw	flr09hv	C
2020-03-28 11:51:05.321353	u/organichedgehog2	flr0c4j	u/GamerRipjaw	flqxu5l	C
2020-03-28 11:51:37.629484	u/R-SLASH-M	flr0d7u	u/Qrossiant	flr0bvs	C
2020-03-28 11:51:39.849174	u/_mAniNi	flr0d9q	u/TheCowOfDeath	flqy9hh	C
2020-03-28 11:52:19.275141	u/Tootiredtodoanything	flr0ev8	u/PankakezRUS	flqwr45	C
2020-03-28 11:52:25.739236	u/quannguyenminh4	flr0f3w	u/RepostSleuthBot	flqwq9l	C
2020-03-28 11:52:44.029692	u/TheNamBurger	flr0fqg	u/kaylee139	flr0ek9	C
2020-03-28 11:53:22.313861	u/_clean_garbage_	flr0hc0	u/last-remaining-me	fqguhs	S
2020-03-28 11:53:27.557795	u/DefaultNameMan	flr0hm4	u/ILoveRockies	flr0dsp	C
2020-03-28 11:53:31.880997	u/memes_are_never_dead	flr0hw0	u/NotSoPhun	flpzcuo	C
2020-03-28 11:53:35.027095	u/Creepyreflection	flr0hzt	u/TurtleJenkin	flqw8t4	C
2020-03-28 11:53:42.524935	u/lasersoflros	flr0igg	u/Masterooo337	flqojma	C
2020-03-28 11:53:47.160863	u/BlackConverse420	flr0ijp	u/dgrif3209	flqgqxn	C
2020-03-28 11:54:49.152074	u/mememan___	flr0lwz	u/nyangata05	flpaioo	C
2020-03-28 11:55:09.545288	u/JelllynJam	flr0me8	u/InsomniacSpider-Man1	flqzwgl	C
2020-03-28 11:55:13.594323	u/Fer-999	flr0mjv	u/inbred_bread	flqulnl	C
2020-03-28 11:55:25.734828	u/capitainsmoksumwed	flr0n1l	u/ethanator329	flqx4md	C
2020-03-28 11:55:35.794150	u/XandaPanda42	flr0n8o	u/M112theboss	flqyib7	C
2020-03-28 11:55:46.922850	u/Skapou	flr0nsz	u/HorseBellies	flqu659	C
2020-03-28 11:56:01.845974	u/jnj902	flr0ocz	u/danksoulspraiseit420	flnwl96	C
2020-03-28 11:56:09.310145	u/_n1ghtfury_	flr0ojb	u/TomMcWeedy	fqjkuz	S
2020-03-28 11:56:33.719609	u/Camioles	flr0pew	u/CensoredColour	flqu56a	C
2020-03-28 11:56:38.376676	u/Hep2o	flr0plw	u/KingdesUniversums	flql7d7	C
2020-03-28 11:56:40.125252	u/H_YDR4	flr0prv	u/GlebRyabov	flqvb1d	C
2020-03-28 11:57:02.973743	u/Pouting-Rem	flr0rcr	u/NotAUselessDude	flqmzrc	C
2020-03-28 11:57:06.873154	u/samavalentine	flr0ro1	u/chewlarue12	flr0351	C
2020-03-28 11:57:28.619859	u/basiclyImonky	flr0sjo	u/racerfree	flr02dj	C
2020-03-28 11:57:31.163811	u/Treejeig	flr0sl6	u/josiahmorales69	flqy68p	C
2020-03-28 11:57:34.568337	u/angrycart	flr0svl	u/SCP-0666	flqzs4g	C
2020-03-28 11:57:59.594617	u/Old_Timey_Lemon	flr0twn	u/Hescoveredinbutter	flqzp5l	C
2020-03-28 11:58:06.933905	u/Nusjn	flr0u5k	u/Ao1Yamada	flqzkde	C
2020-03-28 11:58:24.785418	u/Pyyk3	flr0v05	u/Mr_W0osh	flqxgo2	C
2020-03-28 11:58:35.938669	u/L3THALSXTN	flr0vma	u/mercepian	flqo64w	C
2020-03-28 11:58:58.815024	u/Redditthedog	flr0wn9	u/TotallyNotGameWorthy	flpvrfb	C
2020-03-28 11:59:02.576340	u/mgreenco	flr0wrq	u/Lockenhart	flqyolv	C
2020-03-28 11:59:14.962959	u/ThatOneGuy_No5	flr0xgm	u/racerfree	flr0vhl	C
2020-03-28 11:59:20.580380	u/ManMcDudeman	flr0xmv	u/MaSiemen	flqqw80	C
2020-03-28 11:59:27.089855	u/DootDoot200	flr0xpy	u/AutoModerator	flr0ur1	C
2020-03-28 11:59:36.082024	u/WhoaTherePal	flr0y0x	u/LePetiteSiren	flqzjbq	C
2020-03-28 11:59:37.050858	u/MrPhippy64	flr0y4r	u/ihavecancer1234	flqsrmj	C
2020-03-28 11:59:45.707893	u/BauserDominates	flr0yuf	u/CacklettasMinion	flqnzfh	C
2020-03-28 11:59:46.558190	u/gamer552233	flr0yxz	u/josiahmorales69	flqy4mc	C
2020-03-28 11:59:51.440846	u/funtimes-123	flr0zdz	u/Pyyk3	flr0v05	C
2020-03-28 11:59:55.777361	u/Altrahawk	flr0zge	u/organichedgehog2	flr0c4j	C
2020-03-28 11:59:57.048621	u/SunDewJew	flr0zjx	u/MeMeeBoi11	flr06ck	C
2020-03-28 11:59:59.656726	u/Devil_Offspring	flr0zza	u/kiIIcharge	flqxmew	C
2020-03-28 12:00:00.047855	u/BigBoyWeaver	flr103l	u/tippybunny	flqt6a2	C
