2020-03-19 19:12:03.355509	u/FblthpTheLord	fkyzkgy	u/dovedevic	fkvgw7t	C
2020-03-19 19:12:30.084339	u/LetsKeepItFormal	fkyzlxo	u/dovedevic	fkvgw7t	C
2020-03-19 19:12:42.100078	u/Brohamedali	fkyzmqy	u/dovedevic	fkvgw7t	C
2020-03-19 19:13:26.061111	u/bobthewhiteboy	fkyzpu0	u/dovedevic	fkvgw7t	C
2020-03-19 19:17:03.453375	u/tuittelituu	fkz01vp	u/dovedevic	fkvgw7t	C
2020-03-19 19:17:05.136081	u/excalibro_prime	fkz020b	u/dovedevic	fkvgw7t	C
2020-03-19 19:18:43.598388	u/Ggdjkf	fkz0877	u/dovedevic	fkvgw7t	C
2020-03-19 19:19:29.830976	u/ImTheTruePickle	fkz0b42	u/dovedevic	fkvgw7t	C
2020-03-19 19:20:01.977309	u/Seeker1995	fkz0cmq	u/dovedevic	fkvrzyh	C
2020-03-19 19:20:41.298387	u/ImTheTruePickle	fkz0e7p	u/dovedevic	fkvgw7t	C
2020-03-19 19:27:00.803763	u/atlantic_panda	fkz0svi	u/dovedevic	fkvgw7t	C
2020-03-19 19:27:02.993365	u/woooooshifgay69	fkz0sza	u/dovedevic	fkvgw7t	C
2020-03-19 19:27:16.561498	u/atlantic_panda	fkz0twu	u/dovedevic	fkvrzyh	C
2020-03-19 19:29:14.435494	u/GnagstaBoi	fkz10ia	u/dovedevic	fkvgw7t	C
2020-03-19 19:29:17.802129	u/Deuce20017	fkz10wk	u/dovedevic	fkvgw7t	C
2020-03-19 19:31:24.027468	u/PhatPotato_Man	fkz16ml	u/dovedevic	fkvgw7t	C
2020-03-19 19:31:40.538194	u/POD-8	fkz179k	u/dovedevic	fkvgw7t	C
2020-03-19 19:32:21.485282	u/firelance1	fkz18tt	u/dovedevic	fkvgw7t	C
2020-03-19 19:34:25.335239	u/ScreamingWeevil	fkz1di0	u/dovedevic	fkvgw7t	C
2020-03-19 19:34:34.234839	u/W1CK3D-D0G	fkz1dxu	u/dovedevic	fkvrzyh	C
2020-03-19 19:35:07.116093	u/W1CK3D-D0G	fkz1f21	u/dovedevic	fkvgw7t	C
2020-03-19 19:35:51.715740	u/invalidusernamealert	fkz1hzt	u/dovedevic	fkvgw7t	C
2020-03-19 19:36:39.396549	u/v4ld3z666	fkz1kdj	u/dovedevic	fkvgw7t	C
2020-03-19 19:37:01.053535	u/trashpandagaming545	fkz1lcb	u/dovedevic	fkvgw7t	C
2020-03-19 19:37:53.224610	u/trashpandagaming545	fkz1oel	u/dovedevic	fkvrzyh	C
2020-03-19 19:38:29.840371	u/Borglor112	fkz1pr1	u/dovedevic	fkvgw7t	C
2020-03-19 19:38:56.529516	u/CurfBoi	fkz1r1e	u/dovedevic	fkvgw7t	C
2020-03-19 19:39:30.366204	u/HizlerAdolf	fkz1t1d	u/dovedevic	fkvgw7t	C
2020-03-19 19:40:08.665631	u/Feburary29Cakeday	fkz1vkr	u/dovedevic	fkvgw7t	C
2020-03-19 19:40:13.510467	u/CrabSquid85	fkz1vq6	u/dovedevic	fkvgw7t	C
2020-03-19 19:40:48.502182	u/PerusPottu	fkz1xgs	u/dovedevic	fkvgw7t	C
2020-03-19 19:43:19.922389	u/Dumb-reference	fkz22ig	u/dovedevic	fkvgw7t	C
2020-03-19 19:43:33.454583	u/fleepfloorp	fkz22u9	u/dovedevic	fkvgw7t	C
2020-03-19 19:47:06.834287	u/BeatinDaBoxn	fkz2acl	u/dovedevic	fkvgw7t	C
2020-03-19 19:47:49.318910	u/TheFlashGhost32	fkz2cat	u/dovedevic	fkvgw7t	C
2020-03-19 19:48:22.880477	u/TerrariaChest	fkz2dk2	u/dovedevic	fkvgw7t	C
2020-03-19 19:49:32.247276	u/TerrariaChest	fkz2hh2	u/dovedevic	fkvrzyh	C
2020-03-19 19:51:52.106292	u/Sir_Chomps	fkz2lzm	u/dovedevic	fkvgw7t	C
2020-03-19 19:53:16.462580	u/zedrocke	fkz2pbj	u/dovedevic	fkvgw7t	C
2020-03-19 19:53:38.002059	u/Ringo_Starrkey	fkz2q7x	u/dovedevic	fkvgw7t	C
2020-03-19 19:55:38.978645	u/AdyAll	fkz2v5r	u/dovedevic	fkvgw7t	C
2020-03-19 19:58:06.310679	u/StevenRanger307	fkz328u	u/dovedevic	fkw3m7z	C
2020-03-19 19:58:22.965178	u/B3nny888	fkz330w	u/dovedevic	fkvgw7t	C
2020-03-19 19:58:23.726370	u/-Winnie-the-pooh-	fkz3329	u/dovedevic	fkvgw7t	C
