2020-03-24 17:00:10.383838	u/Sundavr2	flefvnw	u/Gragaten	fledxqg	C
2020-03-24 17:00:18.086712	u/Dank_Bandit	flefvtw	u/RepostSleuthBot	fleftnx	C
2020-03-24 17:00:22.823720	u/A_suspicious_turtle	flefvu3	u/I_like_shrek	flef46d	C
2020-03-24 17:00:42.433875	u/Smallgayperson	flefwn1	u/daweebishere	fldljrd	C
2020-03-24 17:00:45.983979	u/BirbsEetSeeb	flefwph	u/Gubq	fl5lyk4	C
2020-03-24 17:00:49.748425	u/ScruffyLemon	flefwre	u/YoshiRoosevelt	fle6f9d	C
2020-03-24 17:00:54.443109	u/Meme-Man69420	flefwvd	u/swerzy206	fldt1uj	C
2020-03-24 17:01:15.576943	u/ShotFirst57	flefxs2	u/Mechagodzilla_3	fldf4b1	C
2020-03-24 17:01:41.405591	u/Abdullah1223	flefyn2	u/leaderofthevirgins	flefw45	C
2020-03-24 17:01:47.373412	u/Un0riginalN4me	flefywk	u/RepostSleuthBot	fle2vee	C
2020-03-24 17:01:56.738853	u/Juullll	flefzf2	u/IkBenSytse	fldupn6	C
2020-03-24 17:02:11.906065	u/thygosaurus	fleg09r	u/One_Commie_Boi	fldxpyk	C
2020-03-24 17:02:25.471815	u/LBgamerdude	fleg0zj	u/Sylok_The_Deepfried	fleds1k	C
2020-03-24 17:02:40.191067	u/uncledeano2	fleg1jr	u/Defendo99	fldxzrv	C
2020-03-24 17:02:43.618137	u/SkepticSepticYT	fleg1m0	u/RepostSleuthBot	fleg032	C
2020-03-24 17:03:32.372207	u/saitama-shoelace	fleg37j	u/Bellschalcedony	flednnu	C
2020-03-24 17:04:19.472798	u/aa2051	fleg4zs	u/RepostSleuthBot	fleedqm	C
2020-03-24 17:04:26.228794	u/starzwillsucceed	fleg561	u/NightmareBSO	fle2ppj	C
2020-03-24 17:04:39.305820	u/SirBricardo	fleg5nv	u/thetruemorty5071	fleg2y9	C
2020-03-24 17:04:46.697287	u/pulkitsh	fleg5x2	u/evelyn_young	fle3t39	C
2020-03-24 17:04:49.792347	u/Stranda_Sinke	fleg60g	u/nice-guy1911	fldkdk3	C
2020-03-24 17:04:57.215832	u/ThisGuyiscrazybro	fleg6c5	u/T_Dog2024	fleeahd	C
2020-03-24 17:05:00.534258	u/AshenPaladin	fleg6fv	u/black-creeper-gaming	fldxyzo	C
2020-03-24 17:05:33.349218	u/skeever89	fleg7ks	u/s1ibedr1ll	fldpsjl	C
2020-03-24 17:05:42.181454	u/IxX-jupiter-XxI	fleg7ut	u/roolinheart	fle4rxl	C
2020-03-24 17:05:55.699500	u/Not_The_Wildfire	fleg8a1	u/CurrentlyForking	fldjaxp	C
2020-03-24 17:06:37.066963	u/cca-in-nwi	fleg9q2	u/aScrollingProgram	fle0pxv	C
2020-03-24 17:06:41.250138	u/IVaxion	fleg9ue	u/T_Dog2024	fldbbsq	C
2020-03-24 17:06:57.096005	u/bic_bo69	flegap5	u/Diamond156	fleehbo	C
2020-03-24 17:06:58.893617	u/Ziograffiato	flegapa	u/Brrrruce	flecl26	C
2020-03-24 17:07:00.676251	u/Markl1T	flegapo	u/grifthecat	fldupna	C
2020-03-24 17:07:04.264275	u/Zordinator	flegatx	u/BlackoutFury	fleapyf	C
2020-03-24 17:07:33.628227	u/tsunami_597	flegc8c	u/thetruemorty5071	fled2ua	C
2020-03-24 17:07:37.905979	u/gaycunt26	flegcib	u/06Grill	flb6ju8	C
2020-03-24 17:07:41.449164	u/Samoq1122	flegcl9	u/RepostSleuthBot	fld6lhb	C
2020-03-24 17:08:04.272206	u/dandychi99ins	flegdpz	u/hiimfunny_1	flef4wf	C
2020-03-24 17:08:12.259837	u/jesterweekend1	flege2p	u/AutoModerator	flee660	C
2020-03-24 17:08:17.653337	u/Aceemerald	flegecx	u/Kind-Pop	fl3zlqu	C
2020-03-24 17:08:19.291912	u/MrBirb_	flegef3	u/RepostSleuthBot	flegdl9	C
2020-03-24 17:08:20.787107	u/ing_die	flegeg3	u/apurplecurtain33	fldt2fw	C
2020-03-24 17:08:22.332355	u/Aunt_Penny	flegehc	u/kentthehippo	fleffk2	C
2020-03-24 17:08:31.864115	u/LoneWolfingIt	flegey5	u/BuffooneryAccord	fldp3cw	C
2020-03-24 17:08:39.819851	u/sub-2-WilltheGold	flegffe	u/meme_soapp	fld0fii	C
2020-03-24 17:08:45.032090	u/syrupsipping	flegfml	u/Wheel31	fl5790b	C
2020-03-24 17:08:49.963921	u/RolDesch	flegfv2	u/kentthehippo	fleen27	C
2020-03-24 17:09:01.405647	u/Fnorv	fleggqw	u/Juustomakarooni	fleadm1	C
2020-03-24 17:09:05.038528	u/mateo1213	fleggv8	u/kentthehippo	fleen27	C
2020-03-24 17:09:10.102816	u/notgre	flegh3u	u/catfight_animations	fldq6ti	C
2020-03-24 17:09:15.168973	u/gahdemchd	fleghhb	u/Tru_Drone_Videos	fle5txa	C
2020-03-24 17:09:21.888975	u/Rawrxxxd	flegi74	u/Eclihpze44	fle7jt0	C
2020-03-24 17:09:36.285764	u/yuval148	flegjgu	u/Sundavr2	flefvnw	C
2020-03-24 17:09:56.391203	u/vladaad	flegkyp	u/Darthalex56	flectl9	C
2020-03-24 17:09:59.782874	u/anna-bortion	flegl85	u/DM_ME_YOUR_PASSWORD	fldeg4j	C
2020-03-24 17:10:07.656523	u/lcarmo1818	flegli0	u/CurfBoi	fle34ui	C
2020-03-24 17:10:16.602362	u/bumbumclick	fleglp3	u/whydidyouthink	fle509o	C
2020-03-24 17:10:48.396241	u/yuval148	flegmqu	u/gimme_the_sauce69	fleb9z0	C
2020-03-24 17:10:57.886005	u/BogiFurculita	flegn13	u/Derp_man69	fle1l82	C
2020-03-24 17:11:36.907292	u/Borman_	flegof8	u/ManMan1911	flegmw1	C
2020-03-24 17:11:39.196306	u/mickdeb	flegokd	u/thetruemorty5071	fled2ua	C
2020-03-24 17:11:46.372680	u/Samafuego	flegote	u/s1ibedr1ll	fldpsjl	C
2020-03-24 17:11:50.883839	u/--_-__-__l-___-_-	flegovv	u/Dave30954	flebhwi	C
2020-03-24 17:12:20.224140	u/EliteSpark697	flegplw	u/OneShotMeta	flebtnp	C
2020-03-24 17:12:29.995434	u/Dinoguy666	flegpsp	u/denemdenem	fleessd	C
2020-03-24 17:12:32.302031	u/zozodj2	flegptb	u/Master_Sandwitch	fldomm8	C
2020-03-24 17:12:56.526604	u/mxrxx_ag	flegqea	u/jmc1004	fldoueb	C
2020-03-24 17:13:29.182077	u/Getmetothebaboon	flegr57	u/CurfBoi	fle3v3t	C
2020-03-24 17:13:44.779785	u/nomodspleasedont	flegrw4	u/ollopii	fle1t18	C
2020-03-24 17:13:46.932605	u/Xcguy18	flegrxb	u/FiremanMac811	fld6lqj	C
2020-03-24 17:14:19.807893	u/gandalf1420	flegt9b	u/Xerneas_Trainer	fld5agi	C
2020-03-24 17:14:24.152235	u/iamthegreenbeard	flegtg5	u/jesterweekend1	flegf4z	C
2020-03-24 17:14:42.982555	u/small_brain_time	flegu99	u/TheChocolateCray	flegq0p	C
2020-03-24 17:14:49.620955	u/Emilia-Y-Barnes	flegudy	u/MyNamesHenk	fl5i8ep	C
2020-03-24 17:15:06.452308	u/Cracked_Nut	fleguyk	u/CyberCrystal	fle0u7w	C
2020-03-24 17:15:13.100408	u/Nicknamedreddit	flegv51	u/roasted_0reo	fle0hx7	C
2020-03-24 17:15:46.580078	u/Sh4dowL0rd	flegwpx	u/Jenger5	fleaies	C
2020-03-24 17:16:08.753830	u/Terriboboyaki	flegxia	u/XoFiT	fle1wqu	C
2020-03-24 17:16:37.118663	u/willneverdiebc13	flegy5i	u/Defendo99	fldxzrv	C
2020-03-24 17:16:42.017650	u/Marius9374	flegyat	u/biepbiepbopbop	fle6pzm	C
2020-03-24 17:17:00.600798	u/Gutel1800	flegz27	u/Jas_Likes_Eddsworld	flegp16	C
2020-03-24 17:17:02.397967	u/weebsama69	flegz3g	u/----jules----	flefvok	C
2020-03-24 17:17:10.066693	u/Friedrich1508	flegzgh	u/trashboatthagod	fldux2p	C
2020-03-24 17:17:22.811629	u/beep_boop_3324	flegzy9	u/Tru_Drone_Videos	flegbws	C
2020-03-24 17:17:28.870685	u/Durgals	fleh06v	u/roasted_0reo	flebjzf	C
2020-03-24 17:17:56.801497	u/Izukumidoriya123	fleh1ao	u/Lord_Grim_I3	fldshdr	C
2020-03-24 17:18:00.102039	u/Marvin0Jenkins	fleh1gr	u/PumJum	flef7pg	C
2020-03-24 17:18:28.714676	u/Ju88-Stuka	fleh2j4	u/AutoModerator	flefzfd	C
2020-03-24 17:18:37.739345	u/crabbercrabber	fleh2qm	u/SurealGod	fle34qg	C
2020-03-24 17:18:51.114493	u/Zuvy	fleh3fp	u/memer2026	fldvkma	C
2020-03-24 17:19:06.234698	u/lit_boiii_420_Hd_LP	fleh3zi	u/xx_destroyer_xx35	flegl6s	C
2020-03-24 17:19:19.334282	u/spoondagger43	fleh4nw	u/HydrogenFertilizer	fld9bns	C
2020-03-24 17:19:30.789880	u/Kindred22	fleh5hr	u/Svool_Gsviv_	fldz5n3	C
2020-03-24 17:19:32.782896	u/bartniks07	fleh5pd	u/Zauson	flef0zp	C
2020-03-24 17:19:42.368359	u/Overhedpup	fleh6bl	u/RepostSleuthBot	fleejur	C
2020-03-24 17:19:45.657406	u/crischin7744	fleh6hh	u/mysticwarrior222	fldmkb8	C
2020-03-24 17:19:46.482511	u/Budget_Tax	fleh6iw	u/Runicyeets	fldserq	C
2020-03-24 17:19:47.369304	u/Irvingbird2	fleh6n3	u/ThiccDucksAndBooks	fle9d1v	C
2020-03-24 17:19:48.495865	u/gangster-prankster	fleh6sg	u/AutoModerator	fldflyi	C
2020-03-24 17:19:58.016515	u/RelevantCommenter	fleh7e6	u/shawarma_law	flds2nf	C
2020-03-24 17:20:02.948518	u/rock_lee_555	fleh7ih	u/rightthenyoulittlesh	flegluo	C
2020-03-24 17:20:09.134088	u/IH8Spam772	fleh7ls	u/AutoModerator	fld69vb	C
2020-03-24 17:20:11.500904	u/Tamebullgames	fleh7mp	u/black-creeper-gaming	flegvdc	C
2020-03-24 17:20:19.907159	u/Stewarttouille	fleh7va	u/AutoModerator	fld69vb	C
2020-03-24 17:20:22.345308	u/Unsightly_entity	fleh7w3	u/SirHobington	fld2tk6	C
2020-03-24 17:20:49.775225	u/PhantasosX	fleh8b7	u/roasted_0reo	fldv3p2	C
2020-03-24 17:21:03.076422	u/noturaveragecupofjoe	fleh8ps	u/RolDesch	flegbt0	C
2020-03-24 17:21:12.115825	u/Mykh00l	fleh8ue	u/tomwitter1	fle5e27	C
2020-03-24 17:21:23.005988	u/OG_Hochi	fleh99l	u/clone_ranger	fldlc3v	C
2020-03-24 17:21:32.026105	u/Oddrowguy12	fleh9mp	u/HW_HelloWorld	fle04ro	C
2020-03-24 17:22:11.123273	u/NotTryingToBeThere	flehben	u/yuval148	flegjgu	C
2020-03-24 17:22:49.399017	u/LazarusOctopus	flehcle	u/Abdullah1223	fleg5jy	C
2020-03-24 17:22:53.942106	u/Svagerman	flehcrv	u/Gubq	fl5lyk4	C
2020-03-24 17:23:05.174820	u/Retired_FBI_Agent	flehdcq	u/Holzinator007	flef9y2	C
2020-03-24 17:23:42.170909	u/spikeyTrike	flehe9e	u/toomuchtACKtical	flecl3d	C
2020-03-24 17:23:51.299597	u/eberlegames	fleheld	u/KKirscheAufSahne	fld4j0a	C
2020-03-24 17:24:24.785279	u/minerpirate55	flehg8a	u/RepostSleuthBot	fle91se	C
2020-03-24 17:24:35.887766	u/SplatKing21	flehgqz	u/The_Greate_Pickle	fle024q	C
2020-03-24 17:25:07.374883	u/stuka756	flehhxo	u/OwlBoiy	fleha95	C
2020-03-24 17:25:17.201819	u/Tanoronha	flehi8v	u/Yunusluborek	fleeg3o	C
2020-03-24 17:25:36.653305	u/InsecureTurdPilot	flehitk	u/bumbumclick	fleglp3	C
2020-03-24 17:25:41.863383	u/maddogy4	flehiyl	u/XXmasKing	fldlqbz	C
2020-03-24 17:26:20.505052	u/SrEstegosaurio	flehka6	u/jeffbeezos123	fleh0bu	C
2020-03-24 17:26:43.259392	u/boaty-mc-boatface	flehl8f	u/OhMy-itsAkira	fl0g00m	C
2020-03-24 17:26:52.132587	u/Rivaleq96	flehldq	u/caaaaaaaaaaaaaaaaatt	fldlhl5	C
2020-03-24 17:26:57.036578	u/twenty20reddit	flehlk2	u/TheChocolateCray	flegq0p	C
2020-03-24 17:27:14.158807	u/dirtbutcher	flehm7c	u/TarekSaeed	fleh7jx	C
2020-03-24 17:27:19.553049	u/SrEstegosaurio	flehmbf	u/SrEstegosaurio	flehka6	C
2020-03-24 17:27:25.524948	u/FLP_chugthug	flehmku	u/ZarkusNM	fldy5we	C
2020-03-24 17:27:37.982000	u/PetitPois45	flehmys	u/Leviathan271	fld7rca	C
2020-03-24 17:27:49.750756	u/bakzirus	fleisrx	u/Bubblesandguns	flei8rl	C
2020-03-24 17:28:07.646938	u/69peterpumpkineater	fleitjs	u/Dank_Bandit	flef34x	C
2020-03-24 17:28:18.607965	u/choboti4	fleitvc	u/Gubq	fl5lg0s	C
2020-03-24 17:28:20.218548	u/nyrw	fleitw0	u/matheussanthiago	fldzrx7	C
2020-03-24 17:28:28.185958	u/Bearofpoles	fleiu4k	u/LEGO_Igor	fle9ln9	C
2020-03-24 17:28:29.758215	u/9Devil8	fleiu9p	u/IMG_TurboRio	fle5q9a	C
2020-03-24 17:28:34.299586	u/njk46	fleiuet	u/Reviveshake	fldxzp4	C
2020-03-24 17:28:44.102469	u/S3ERFRY333	fleiuxa	u/bignate-_-	fldp3bm	C
2020-03-24 17:28:50.912129	u/Nicolatian45	fleivc0	u/OSBAOA	fle2owi	C
2020-03-24 17:28:55.760248	u/DaggerXz_	fleivjc	u/BattlNerd	fld6mve	C
2020-03-24 17:28:58.446298	u/EmotionallyPained	fleivmh	u/mickdeb	fleibd4	C
2020-03-24 17:29:29.884120	u/Tmaster95	fleiwrm	u/AutoModerator	fldrz72	C
2020-03-24 17:29:34.401744	u/Meztrov	fleix08	u/Master_Sandwitch	fleito5	C
2020-03-24 17:29:37.926616	u/mp_050704	fleix7x	u/IlikeFifaMobile	fleisbm	C
2020-03-24 17:29:40.776983	u/Original_Name_420	fleix9z	u/MrChilihio	flegp3j	C
2020-03-24 17:29:51.007474	u/SushiThief	fleiyb1	u/Loyellow	fleinbz	C
2020-03-24 17:29:54.569433	u/dccthereal	fleiyhx	u/RepostSleuthBot	flei5uq	C
2020-03-24 17:29:59.304592	u/nazogelincorbasi	fleiyrz	u/DM_ME_YOUR_PASSWORD	flaa21z	C
2020-03-24 17:30:24.324270	u/Andrija6897	fleizwh	u/AyaJune	flcoeed	C
2020-03-24 17:30:36.605006	u/Tblazo2248	flej05l	u/Suhma_Dyk	fleeak3	C
2020-03-24 17:30:59.888333	u/O_Diakoreftis_sou	flej0v0	u/RareBareBear	fle44m7	C
2020-03-24 17:31:16.186655	u/luboosek123	flej144	u/FrostyFox666	fldq9v2	C
2020-03-24 17:32:00.373987	u/LittleAlaska117	flej21j	u/black-creeper-gaming	fldxyzo	C
2020-03-24 17:32:06.983448	u/endermelle	flej25x	u/OrestesK	flec62d	C
2020-03-24 17:32:37.708923	u/salty909	flej3je	u/Leviathan271	fld7rca	C
2020-03-24 17:32:43.626129	u/sarcasticallyabusive	flej3pg	u/sachdamasta	fodhzk	S
2020-03-24 17:33:05.248451	u/salty909	flej4cs	u/AutoModerator	fld69vb	C
2020-03-24 17:33:07.631957	u/super_nova_135	flej4d1	u/NancyFoxxo	fleilcn	C
2020-03-24 17:33:14.920171	u/Toemd	flej4hz	u/patrickd198	fleirjg	C
2020-03-24 17:33:30.705308	u/thedarksquidman	flej5dd	u/E4R04	fldjauv	C
2020-03-24 17:33:40.076126	u/TheGamePlatypus	flej5wl	u/FluuBk	fld1fo2	C
2020-03-24 17:34:02.523047	u/Silvertongue66	flej71l	u/DabbingIsSo2015	fle8tqt	C
2020-03-24 17:34:17.222454	u/StarkPatriarch	flej7kg	u/Captain-titanic	fleebiq	C
2020-03-24 17:34:20.745446	u/SHAGGY198	flej7r7	u/MrChilihio	flegk0h	C
2020-03-24 17:34:45.349504	u/DraagynJ	flej8lv	u/T_Dog2024	fldbezu	C
2020-03-24 17:34:51.528091	u/MacAtack3	flej8s7	u/Dave30954	fle8gyb	C
2020-03-24 17:34:54.754366	u/AgSun	flej8uu	u/s1ibedr1ll	fldpsjl	C
2020-03-24 17:34:58.305144	u/SHAGGY198	flej8zq	u/zawarudoe	fle9tqv	C
2020-03-24 17:35:28.183835	u/SHAGGY198	fleja5u	u/Anykla	fle8t5g	C
2020-03-24 17:36:00.960418	u/ice_zephyr	flejbjx	u/thetruemorty5071	fleh24n	C
2020-03-24 17:36:29.465962	u/Monny523	flejcnh	u/Tru_Drone_Videos	flej6yd	C
2020-03-24 17:36:42.788204	u/JR-Da-Hennygod-smith	flejd6h	u/MarkPlaguesTheWise	fle4czr	C
2020-03-24 17:36:49.684005	u/twm3rocks	flejdce	u/NyTeOwI	flei59l	C
2020-03-24 17:36:53.453724	u/G_Bonnie	flejdu5	u/Lord_Vaxxus	fle4by6	C
2020-03-24 17:37:03.666046	u/Steini121314	fleje3o	u/nosmokingalcholol	fleeu6j	C
2020-03-24 17:37:06.988926	u/charles_mortel	fleje57	u/toomuchtACKtical	flecl3d	C
2020-03-24 17:37:45.114469	u/JacobDraws121107	flejfcm	u/dishwasher23	flebrga	C
2020-03-24 17:37:49.268501	u/neeerd_	flejfev	u/LittleAlaska117	flej21j	C
2020-03-24 17:37:58.968048	u/Ava_Awesome2216	flejfzs	u/ZIJOH	flejdzp	C
2020-03-24 17:38:01.592527	u/TENDER_THIGHS	flejg5u	u/SirBricardo	fleg5nv	C
2020-03-24 17:38:06.498034	u/9m3y	flejgee	u/_wdsans_	fleiurz	C
2020-03-24 17:38:08.276610	u/Heavy_Metal_Dinosaur	flejgf2	u/SaltedPuss	fle54ak	C
2020-03-24 17:38:28.703448	u/ghostguy_75	flejgou	u/black-creeper-gaming	fldxyzo	C
2020-03-24 17:38:36.647043	u/MRRAlNBOW	flejh68	u/Pannenkoek420	flefayj	C
2020-03-24 17:38:49.340628	u/Batskywalker	flejhu8	u/dylpickle4	fle8ler	C
2020-03-24 17:38:57.364703	u/BruhmiuxMomentius	flejiaz	u/FluuBk	fo5ioc	S
2020-03-24 17:39:07.404983	u/deathgrif	flejitu	u/Alternative-Rise	fle47fq	C
2020-03-24 17:39:14.198863	u/pyromlg	flejj5l	u/Leviathan271	fld7rca	C
2020-03-24 17:39:27.071303	u/iloggedout	flejjwe	u/UltimateMate101_9	flejc0l	C
2020-03-24 17:39:47.963470	u/TheWiseAutisticOne	flejkz6	u/C0II1n	flejga5	C
2020-03-24 17:39:53.138207	u/SLayerMan76	flejlr6	u/aman-angel	fodnog	S
2020-03-24 17:40:29.734428	u/Rock_Croc	flejnhq	u/Ginou05	flej4ji	C
2020-03-24 17:40:39.259715	u/Lord_Sithis	flejnwi	u/Decadence04	fldr7yt	C
2020-03-24 17:40:58.268069	u/phillabong	flejoj7	u/Evangelionlovr	fle4uyu	C
2020-03-24 17:41:12.622430	u/Doomss_	flejouq	u/Zpitfire_MK_VI	fle82ua	C
2020-03-24 17:42:02.208846	u/AutisticDinosaur69	flejqb3	u/s1ibedr1ll	fldpsjl	C
2020-03-24 17:42:09.840671	u/LolerPlaysThings	flejqdp	u/devalentinR6	fleiybx	C
2020-03-24 17:42:19.149041	u/OppaiVanio	flejqn4	u/NotTryingToBeThere	flehben	C
2020-03-24 17:42:35.072440	u/wildwillis04	flejr6i	u/SamOnReddit26	flejf7s	C
2020-03-24 17:42:51.720674	u/Doomss_	flejrlt	u/katiekat9129	flef8qk	C
2020-03-24 17:42:57.588616	u/Evrykissbeginswitgay	flejrqr	u/EmotionallyPained	fleivmh	C
2020-03-24 17:44:09.522899	u/Vibe_checkkk	fleju52	u/s1ibedr1ll	fldpsjl	C
2020-03-24 17:44:19.271309	u/Crossiant-Boi	flejue0	u/1BLEES	fh5eraf	C
2020-03-24 17:44:36.269832	u/Moonyverse57	flejuz9	u/Rozeolifant1	flea12f	C
2020-03-24 17:44:58.618456	u/Kirlandi	flejvp5	u/Marvin0Jenkins	fleh1gr	C
2020-03-24 17:45:17.310537	u/WhooshIfBigGay	flejw4a	u/Whoooosh-if-gay	flechub	C
2020-03-24 17:45:22.491519	u/juiicyfruiity	flejwbo	u/iloggedout	flejjwe	C
2020-03-24 17:45:31.817680	u/TheUSAwonthecoldwar	flejwn6	u/muradzz	flef2pi	C
2020-03-24 17:45:56.363501	u/Ya-LikeJazz	flejxsm	u/Wichtel64	fldjltc	C
2020-03-24 17:46:10.562261	u/kasuwas	flejxzj	u/bubbleboysdad	fleaaqt	C
2020-03-24 17:46:19.315738	u/RebelGlitcher	flejy67	u/_Krisk_	flej140	C
2020-03-24 17:46:40.364728	u/Getthenaenae	flejz4f	u/bob1278999	fle70ln	C
2020-03-24 17:46:55.011879	u/05janek	flejzpm	u/LotuxD	flczkl1	C
2020-03-24 17:47:35.688242	u/bezer_ker	flek1fv	u/Lord_Nyarlathotep	flduma3	C
2020-03-24 17:47:41.788276	u/HereTooOffendYou	flek21g	u/Slimegamz37	flebamd	C
2020-03-24 17:47:54.779245	u/vazsiz	flek2i0	u/MrChilihio	flegp3j	C
2020-03-24 17:48:05.362197	u/neilpeart2020	flek2yk	u/costi810	flebeih	C
2020-03-24 17:48:15.949584	u/__YesYouSuck__	flek3m3	u/trashboatthagod	flduvn2	C
2020-03-24 17:48:56.358711	u/memegod69696996	flek5kj	u/Dank_Bandit	flejubf	C
2020-03-24 17:49:08.219709	u/macncheese445	flek64y	u/Schlongevity	fle5mhq	C
2020-03-24 17:49:35.503622	u/Catholic-Prussian	flek7ih	u/giannisgkouv2	flds7m0	C
2020-03-24 17:49:48.143029	u/ultramatt1	flek8mo	u/Oakheart-	fle97my	C
2020-03-24 17:49:51.931325	u/xMemeMachine128x	flek8rk	u/Toemd	flej4hz	C
2020-03-24 17:50:09.641068	u/ImTheGherkin	fleka25	u/IguanasWithInternet	flek4rj	C
2020-03-24 17:50:15.220067	u/Doey-exe	fleka4g	u/XoFiT	fle1wqu	C
2020-03-24 17:50:18.872424	u/CattleDoggy	flekac4	u/Master_JBT	fld5rje	C
2020-03-24 17:50:24.713518	u/UchhItachi	flekafi	u/TheOtherWhiteCastle	fldqz13	C
2020-03-24 17:50:35.890735	u/Harrybanna1	flekawv	u/93n1ss	flek94l	C
2020-03-24 17:50:41.817529	u/yetusfetusdaddeletus	flekbbo	u/omarG0	flejynd	C
2020-03-24 17:50:45.426530	u/papipollo08	flekbj4	u/Koolboy_678	flek8i3	C
2020-03-24 17:51:07.130445	u/claudiarae95	flekcbd	u/06Grill	fle6pio	C
2020-03-24 17:51:15.664590	u/ItzSh0ckerz	flekchb	u/Potato_heart14	fld25kd	C
2020-03-24 17:51:33.820522	u/philipjfrizzle	flekcyc	u/LonnieBird	fldrn8s	C
2020-03-24 17:51:51.996428	u/bulletproof_coffeee	flekdf1	u/PumJum	fldzfnn	C
2020-03-24 17:52:25.190474	u/Decent_Combination	fleke9x	u/Heavy_Metal_Dinosaur	flejgf2	C
2020-03-24 17:52:27.604897	u/luna_riddick_	flekebh	u/InsecureTurdPilot	flehitk	C
2020-03-24 17:52:38.040507	u/Panda_WasTaken	flekems	u/RepostSleuthBot	fle950r	C
2020-03-24 17:52:50.139590	u/rockitsage	flekf1l	u/CivilCJ	fldh49a	C
2020-03-24 17:52:53.638860	u/typicalguy-was-taken	flekf6e	u/omarG0	flejynd	C
2020-03-24 17:53:15.809268	u/thatairplane2	flekfp3	u/jimbothepotato	flej5yv	C
2020-03-24 17:53:19.214654	u/polystyr	flekfsz	u/----jules----	flefvok	C
2020-03-24 17:53:47.964369	u/21_nic	fleln1q	u/BadgerSilver	flel55e	C
2020-03-24 17:53:53.129657	u/Daddy_Kenobi	fleln6h	u/fualtyzane	flelh50	C
2020-03-24 17:54:13.381899	u/chez-linda	flelnk2	u/jmulderr	fleebu2	C
2020-03-24 17:54:19.762777	u/jahjah0405	flelnob	u/leaderofthevirgins	fle6s7s	C
2020-03-24 17:54:44.842976	u/KnowsAboutMath	fleloj2	u/TacTurtle	flduywl	C
2020-03-24 17:55:09.311363	u/rsedour	flelpav	u/biepbiepbopbop	fle5a87	C
2020-03-24 17:55:15.149644	u/ObamaPrism_318	flelpki	u/Semzorro	flel9hf	C
2020-03-24 17:55:59.207307	u/K1dpunk77	flelrpn	u/RepostSleuthBot	fldzj2o	C
2020-03-24 17:56:13.525236	u/Mighty-Morphine	flels9t	u/lordautismo_me_doods	flekdbj	C
2020-03-24 17:56:29.500326	u/PedoJesus88	flelszw	u/CirculiAvi	flelgus	C
2020-03-24 17:56:31.436901	u/ThatCoupleYou	flelt2w	u/HW_HelloWorld	fle04ro	C
2020-03-24 17:56:37.052547	u/SleetyTea54	flelt79	u/trashwang0	flecs9j	C
2020-03-24 17:56:46.739716	u/FRL_333	flelti3	u/RepostSleuthBot	fle5wqh	C
2020-03-24 17:57:02.783197	u/LameBMX	fleludj	u/BigCaecilius	fle8jxe	C
2020-03-24 17:57:08.514506	u/Zero0288	fleluq8	u/FatefulWaffle	fld7twv	C
2020-03-24 17:57:10.368188	u/Ortrexz	flelure	u/mido-the-great	fle1c7s	C
2020-03-24 17:57:12.954233	u/RealisticSquash	fleluxz	u/GunterGoo	fledjgt	C
2020-03-24 17:57:36.690013	u/Inferno902	flelvyz	u/SaekonYT	flekpk5	C
2020-03-24 17:57:39.227665	u/username0702	flelw6r	u/PumJum	fle1fe8	C
2020-03-24 17:57:41.747379	u/Sir_Waffles456	flelw7l	u/AutoModerator	flelral	C
2020-03-24 17:58:11.654452	u/mtblue456	flelx1p	u/mcknightrider	flegjvk	C
2020-03-24 17:58:29.297794	u/GrievousAffair	flelxup	u/freecandyforkids69	fleje2x	C
2020-03-24 17:59:05.065043	u/Snagtooth	flelzm4	u/oDoG311	flejz7s	C
2020-03-24 17:59:22.817044	u/SlenderMan20081	flem04v	u/wwwsbsbsbb	flelhau	C
2020-03-24 17:59:24.915532	u/Unluckygamer23	flem0ax	u/Pegga83	fle369r	C
2020-03-24 17:59:35.846207	u/AmadoGS	flem1dg	u/AFreakingHouseplant	flelja5	C
2020-03-24 17:59:37.369522	u/UltimateNobody	flem1it	u/saitama-shoelace	fleg37j	C
2020-03-24 17:59:45.369497	u/azasa15	flem2c6	u/mateo1213	fleggv8	C
2020-03-24 17:59:49.290711	u/flxschbch	flem2g2	u/BlackoutFury	fleapyf	C
2020-03-24 17:59:54.375334	u/NoobsGameBest	flem2re	u/r-wooshmeifgay	fldrqvg	C
2020-03-24 17:59:59.006817	u/MisophoniacGamer	flem36e	u/Diesel_9006	fle5edy	C
