2020-04-10 23:00:45.267293	u/-just-the-tip-	fn1zig5	u/StealthyHale	fn1xfbz	C
2020-04-10 23:00:57.404122	u/ThatWeirdWeeb98	fn1ziss	u/HunterBoyxXx	fn1zc5y	C
2020-04-10 23:01:52.419769	u/zeedster	fn1zlc9	u/Nuging666	fn1ylus	C
2020-04-10 23:01:55.714221	u/UltimateRig	fn1zli3	u/bruhhhghgbskw	fn0a97f	C
2020-04-10 23:02:16.958512	u/nefro_maestro	fn1zm6r	u/shleyal19	fn1s66e	C
2020-04-10 23:02:32.153053	u/Reddituser6992	fn1zmue	u/Octogin	fn1zkum	C
2020-04-10 23:03:43.118199	u/yaboiwest	fn1zpvr	u/Lenaud02	fn1zo3n	C
2020-04-10 23:03:46.624015	u/The_Firebug	fn1zpzp	u/cursed-person	fn1tkgt	C
2020-04-10 23:04:18.928796	u/NotOneOfThoseFurries	fn1zrdc	u/A_team_of_ants	fn1h17o	C
2020-04-10 23:04:36.645800	u/thekiki	fn1zrzn	u/OmarSjr	fn1xf13	C
2020-04-10 23:04:41.192473	u/amondabdabdab	fn1zs37	u/xXjude69Xx	fn1zl84	C
2020-04-10 23:04:53.421753	u/vham-dragon	fn1zsu4	u/gabrielm3llo	fn1zfby	C
2020-04-10 23:05:05.566014	u/Assaltwaffle	fn1ztfm	u/Kumquat-Master	fn1v97n	C
2020-04-10 23:05:34.972450	u/RLinux12	fn1zuvg	u/Octogin	fn1ys8o	C
2020-04-10 23:05:43.090093	u/LingeringPotion	fn1zvcm	u/CTT_sub	fn1zpmd	C
2020-04-10 23:05:47.925153	u/elixir08	fn1zvit	u/Dougwug03	fn1q8nc	C
2020-04-10 23:06:06.600790	u/D0esANyoneREadTHese	fn1zw3r	u/Berocraft77	fn1zq4c	C
2020-04-10 23:06:29.528528	u/You_did-WHAT_now	fn1zx9q	u/iBallwart	fn1z9kh	C
2020-04-10 23:06:47.268192	u/Vicodium	fn1zxur	u/blasterdude8	fn1zlbt	C
2020-04-10 23:06:59.410340	u/orionpewpew	fn1zynk	u/mdmd33	fn0u80l	C
2020-04-10 23:07:01.222411	u/LuteIsGod	fn1zyrd	u/PlzButterMeUp	fn1uciv	C
2020-04-10 23:07:03.960508	u/OriginalAgmaio	fn1zyxt	u/Its_Sayori	fmxs2h0	C
2020-04-10 23:07:19.769494	u/SpoopyDoggo07	fn1zzfw	u/StupidRock84	fn1z7nv	C
2020-04-10 23:07:26.350977	u/w8ly	fn1zzlr	u/ToastedPickle69	fn1ph6q	C
2020-04-10 23:07:45.812141	u/lilhazeleyedgeo	fn200c8	u/ThatWeirdWeeb98	fn1wajt	C
2020-04-10 23:08:08.693601	u/Sanguinius_The_Angel	fn20180	u/A_team_of_ants	fn1h17o	C
2020-04-10 23:08:44.069977	u/Dostorwellmus	fn203eh	u/lostinliife	fn1wv6t	C
2020-04-10 23:09:35.995880	u/bigchungus22777	fn207dm	u/BentanX	fn1u6el	C
2020-04-10 23:10:26.152346	u/thefourthdei	fn20a4h	u/Meme_Missionary_	fn1rs49	C
2020-04-10 23:10:39.486261	u/Trumpet_Boooi	fn20am3	u/Vindovilles	fn0i19y	C
2020-04-10 23:10:42.936568	u/positron92	fn20aop	u/lonelyswarm	fn1rz2i	C
2020-04-10 23:10:54.791524	u/zodiac2357	fn20b09	u/c_prendio	fn20ad7	C
2020-04-10 23:11:16.929891	u/BLACKSMlTH	fn20bqt	u/seven-7777	fn1yxgd	C
2020-04-10 23:11:30.401939	u/pennomi	fn20c6q	u/Scorp10us	fn1xtcg	C
2020-04-10 23:11:38.713086	u/Globin347	fn20ccs	u/MrBeardmeister	fn1mhve	C
2020-04-10 23:11:58.833292	u/Mblackbu	fn20d5l	u/feebsiegee	fn20bhv	C
2020-04-10 23:12:09.722265	u/ifesbob	fn20do0	u/OxygenReviewer10	fmydz8n	C
2020-04-10 23:12:34.932899	u/danmaster0	fn20el9	u/Synka	fn1vkrh	C
2020-04-10 23:12:53.717109	u/bonker2815	fn20fkp	u/mr_darksidez	fn15k0f	C
2020-04-10 23:13:13.642237	u/tester_720	fn20g9d	u/InfinateUniverse	fn208rm	C
2020-04-10 23:13:40.558730	u/shriyaagadhi	fn20h1s	u/Gsomethepatient	fn1vxbl	C
2020-04-10 23:13:55.516564	u/makislo14	fn20heq	u/Captain_homosexual_	fn200sh	C
2020-04-10 23:14:36.941225	u/Mooshroom_nub	fn20jnu	u/UltimateRig	fn20dkr	C
2020-04-10 23:14:44.127024	u/Uripidez	fn20k3z	u/funkymaker	fyv4hh	S
2020-04-10 23:15:16.569126	u/Killerzaz202	fn20lfr	u/Conan253	fn1xhlb	C
2020-04-10 23:15:27.964498	u/Treeckoman	fn20lq3	u/enderguy885	fn1zuvu	C
2020-04-10 23:15:42.736056	u/Joshua_OG	fn20mb8	u/c_prendio	fn20ad7	C
2020-04-10 23:15:53.695531	u/spacetoast99	fn20mko	u/AdmiralSplinter	fn2069w	C
2020-04-10 23:16:34.399383	u/uwu69gamer	fn20obm	u/Rootin-n-Shootin	fn1xx1j	C
2020-04-10 23:16:37.150708	u/bb0511	fn20ogo	u/Scorp10us	fn1xtcg	C
2020-04-10 23:17:01.239704	u/Mckidney	fn20pj4	u/northstraw	fn1rg5h	C
2020-04-10 23:17:52.844510	u/mepb100	fn20sm3	u/KISSOLOGY	fmqtdgx	C
2020-04-10 23:17:56.081730	u/porridge_meal_69	fn20su7	u/ReadyD34213	fn1m45i	C
2020-04-10 23:18:07.872073	u/Mlgguy82	fn20tlz	u/APenny-ForA-Thought	fn20axc	C
2020-04-10 23:18:20.333021	u/That1CPU	fn20uj5	u/silverhoe	fn20g83	C
2020-04-10 23:18:40.559968	u/Lijtiljilitjiljitlt	fn20vns	u/PlzButterMeUp	fn1uciv	C
2020-04-10 23:18:52.533513	u/Darksoldier0238	fn20waz	u/Benjithedog2421	fn20rke	C
2020-04-10 23:19:05.680718	u/saltyavocado420	fn20xcw	u/Aquamic	fn20gow	C
2020-04-10 23:19:13.589657	u/ibeleavineuw	fn20xmi	u/NotOneOfThoseFurries	fn1zrdc	C
2020-04-10 23:19:28.445994	u/paralleluniverse69	fn20zei	u/Mushrooms206	fn1wp5q	C
2020-04-10 23:19:31.544222	u/Bucsandpucks	fn20znu	u/SleezyUnicorn	fn20x6r	C
2020-04-10 23:19:34.547505	u/OtherwisePomelo7	fn20zse	u/ab2200461	fn1uvit	C
2020-04-10 23:20:43.169051	u/Thegalaxy2012	fn2155n	u/Donut_Police	fn1w6ao	C
2020-04-10 23:21:33.192147	u/Kat_the_cat11011	fn217qi	u/Clevebestgirl	fn2154y	C
2020-04-10 23:22:12.529818	u/NamjoonNut	fn219jc	u/firehorn123	fn1n4k8	C
2020-04-10 23:22:14.770749	u/The_Wkwied	fn219ly	u/pennomi	fn20c6q	C
2020-04-10 23:23:01.633730	u/LlamaCowMeow	fn21cfv	u/jicty	fn20gq4	C
2020-04-10 23:23:10.379438	u/Doschupacabras	fn21csn	u/Inf1n1tyMagic	fn20y5b	C
2020-04-10 23:23:30.568278	u/stupidrobotfighting	fn21dr9	u/Thebadwolfz	fn1xk7g	C
2020-04-10 23:23:34.872919	u/eold5	fn21dul	u/FrederickMecury	fn20b2a	C
2020-04-10 23:23:41.373560	u/FloatingFish2003	fn21e3h	u/Foxxwelll	fn21cg8	C
2020-04-10 23:24:39.556825	u/Remi-Mathis	fn21gwx	u/BeNbUcKToO	fn1pr0t	C
2020-04-10 23:24:50.880638	u/The_Choco_Bird	fn21hco	u/IfANoseKnows	fn21asp	C
2020-04-10 23:25:16.792031	u/ScrambledEggs_	fn21iv6	u/gideon16	fn20r3n	C
2020-04-10 23:25:50.805437	u/Kai4me	fn21kq4	u/birbbs	fn1wo6k	C
2020-04-10 23:25:53.644960	u/birthfromcheese	fn21l3i	u/A_team_of_ants	fn1h17o	C
2020-04-10 23:26:03.920527	u/TheTrainWhoLied	fn21llo	u/NDOfficial	fn21e9i	C
2020-04-10 23:26:13.698028	u/Squagward_	fn21ly3	u/squagward_alt	fn1vl5s	C
2020-04-10 23:26:21.841203	u/Jeskyeet	fn21mba	u/msn0mr	fn21d1y	C
2020-04-10 23:26:28.485711	u/The_high_ground_good	fn21ml8	u/shneehen	fn1cohi	C
2020-04-10 23:26:30.331672	u/H3X4M3DR0N3	fn21mlu	u/_tonights_big_loser_	fn1vz0h	C
2020-04-10 23:26:36.668088	u/ConBoy6	fn21n15	u/FBI_9042	fn05nf2	C
2020-04-10 23:26:55.826831	u/Bootswithoutbody	fn21o4f	u/Treeckoman	fn20lq3	C
2020-04-10 23:27:24.736428	u/kinnsayyy	fn21pje	u/NotAlexanderThomas	fn1hwvp	C
2020-04-10 23:27:31.144412	u/QuantumPhysicsCat	fn21prw	u/negitivekarmawhore	fn1yi7s	C
2020-04-10 23:27:42.957286	u/khedoros	fn21q9z	u/Larry507	fn1zemb	C
2020-04-10 23:28:11.887054	u/Dependent-Photograph	fn21rjq	u/DabbingIsSo2015	fyujd1	S
2020-04-10 23:28:36.339707	u/GrandReport	fn21tjl	u/Darksoldier0238	fn20waz	C
2020-04-10 23:28:48.236275	u/whietfegeet	fn21udu	u/Noahbradley125	fn1ldf9	C
2020-04-10 23:28:49.685024	u/Ali-Arya65	fn21ujo	u/Noahbradley125	fn1z31d	C
2020-04-10 23:28:58.702292	u/mom-your	fn21v24	u/NDOfficial	fn21mjg	C
2020-04-10 23:29:18.846816	u/taterthotsalad	fn21wgt	u/BLACKSMlTH	fn20bqt	C
2020-04-10 23:29:31.544508	u/a_throwaway32	fn21xg9	u/eriandbay	fn0gwi7	C
2020-04-10 23:29:43.088491	u/FrostytigerC-137	fn21yfd	u/PropagandaDebunker	fn1w44c	C
2020-04-10 23:30:06.638056	u/IcedPeng	fn220m9	u/PieYet91	fn1nrzv	C
2020-04-10 23:30:08.971037	u/alien-sama	fn220ny	u/Visalone	fn1zame	C
2020-04-10 23:30:25.370137	u/Aerosthoria	fn22151	u/9ragmatic	fn1et35	C
2020-04-10 23:30:50.778191	u/WetWallaby	fn222d9	u/-supertoxic-	fn1yzff	C
2020-04-10 23:31:00.766546	u/SpaAc3m0n5t3r	fn222o0	u/Benjithedog2421	fn20nya	C
2020-04-10 23:31:05.360400	u/datwilleyboi	fn222wi	u/FewBluejay6	fn1ze9a	C
2020-04-10 23:31:07.663680	u/JulianBBGayVegan	fn222x3	u/0728Red	fn1ps64	C
2020-04-10 23:31:46.495302	u/Epicgamerkid6969	fn2247z	u/Jezzinferno	fn1pc49	C
2020-04-10 23:32:08.020275	u/LEEK-M	fn225km	u/A_really_dumb_person	fyq44h	S
2020-04-10 23:32:30.852564	u/Aymelix	fn226f0	u/Nutritious_plants	fn1xget	C
2020-04-10 23:32:39.952931	u/yeetus-mcfeetus-----	fn226p9	u/0vernicko	fn21rv4	C
2020-04-10 23:33:01.218065	u/itsnotamelia	fn227co	u/MyJelloJiggles	fn21ysr	C
2020-04-10 23:33:09.976905	u/brownveed	fn227kn	u/Bootswithoutbody	fn21o4f	C
2020-04-10 23:33:40.234360	u/Domin_Hoes	fn228k3	u/jansjska	fn226db	C
2020-04-10 23:33:49.116459	u/monsterMike690	fn228uc	u/ChocolateBattery	fn1viho	C
2020-04-10 23:33:54.546528	u/chetnik_remover	fn22913	u/ClassConshousness	fn1zhfh	C
2020-04-10 23:34:06.012776	u/EX100TRICK	fn22981	u/creepercat777	fn1lslw	C
2020-04-10 23:34:08.158461	u/a_flipin_penguin	fn229dx	u/Leifenstrab00	fn1yn58	C
2020-04-10 23:34:12.720831	u/Mr_Mystyk_L	fn229l4	u/LunaticPower	fn066g9	C
2020-04-10 23:34:49.596306	u/Vyex-	fn22as0	u/pavilionhp_	fn02ls5	C
2020-04-10 23:35:13.263448	u/I_Only_Respond_Yes	fn22bzi	u/RepostSleuthBot	fn21nwv	C
2020-04-10 23:35:21.516362	u/hotbannastud47	fn22cbg	u/bob1278999	fn1shn1	C
2020-04-10 23:35:46.686233	u/tell-me-a-dream	fn22dil	u/jigletunit	fn1wbyo	C
2020-04-10 23:35:52.255256	u/Alabama101	fn22dnm	u/RepostSleuthBot	fn1splu	C
2020-04-10 23:35:59.548746	u/EnderKid48	fn22e2n	u/downvote-me-if-ugay	fn21f1c	C
2020-04-10 23:36:43.413134	u/Jesman85	fn22gax	u/shneehen	fyqk1b	S
2020-04-10 23:37:17.478900	u/itssarahloll	fn22huf	u/Koskio	fn1zor8	C
2020-04-10 23:37:19.272924	u/ClarinetBomb	fn22hum	u/bigdepress	fn21gst	C
2020-04-10 23:37:27.421066	u/the21ms	fn22i72	u/EnderKid48	fn22g5g	C
2020-04-10 23:37:31.274614	u/Some_Random_Idiot_06	fn22i9i	u/nicolas_the_fox	fn1z3a7	C
2020-04-10 23:38:19.101303	u/AwesomeYears	fn22kqi	u/LoyalNightmare	fn22iex	C
2020-04-10 23:38:32.898710	u/mehrezali2005	fn22lbu	u/Alternative-Rise	fn1stlu	C
2020-04-10 23:38:52.248751	u/jellosuffocation	fn22mlf	u/KANTholz0903	fn22lqf	C
2020-04-10 23:39:22.089388	u/KrazyTV	fn22oot	u/sotusakr	fn19x9d	C
2020-04-10 23:39:42.561382	u/Definitley-Original	fn22q52	u/Spaghettno	fn22nx7	C
2020-04-10 23:39:43.834885	u/fivequadrillion	fn22q70	u/The_first_sin	fn1u5o1	C
2020-04-10 23:39:44.703139	u/idontlikecheesy	fn22q9d	u/GuyFieri1043	fn22llz	C
2020-04-10 23:39:55.958297	u/markrmarkr	fn22qoh	u/getyourrealfakedoors	fn21yub	C
2020-04-10 23:39:56.604566	u/TheElectricalMirror	fn22qze	u/unclerico589	fn20vbh	C
2020-04-10 23:39:58.508218	u/SoccerDudeBob	fn22r4r	u/kgc123445	fn1yu3o	C
2020-04-10 23:40:05.756026	u/Akman_Yosemite	fn22rnr	u/MichelleObamasCockkk	fn1t3h3	C
2020-04-10 23:40:37.236274	u/SaintGeorge17	fn22sfc	u/AllStrangers	fn1j81z	C
2020-04-10 23:40:40.673276	u/murdercoven	fn22sfy	u/MichelleObamasCockkk	fn1t3h3	C
2020-04-10 23:40:55.021519	u/Bish_Whattt	fn22sz6	u/bob1278999	fn1shn1	C
2020-04-10 23:41:09.154889	u/SonOfTheNorthe	fn22thf	u/VietInTheTrees	fn1srfp	C
2020-04-10 23:41:17.360378	u/saviokm	fn22tti	u/big-betas	fn14xgc	C
2020-04-10 23:41:19.610201	u/jorshthehacker	fn22two	u/NoName-NoProblem	fn22r89	C
2020-04-10 23:42:03.055411	u/BobJose13	fn22vn6	u/TheRoguePianist	fn20zqz	C
2020-04-10 23:42:19.272102	u/didrosgaming	fn22vyh	u/Guyshu	fn22cp9	C
2020-04-10 23:42:26.937196	u/Sezzorrick_Valchiar	fn22w82	u/mindbending20	fn1rebr	C
2020-04-10 23:42:41.083821	u/gizzle2019	fn22x2u	u/Stan_L_parable	fn227cl	C
2020-04-10 23:43:30.640355	u/DrFarthead	fn22z6k	u/SpaAc3m0n5t3r	fn1zkto	C
2020-04-10 23:43:37.209144	u/Xboi54	fn22zeq	u/jansjska	fn22r3f	C
2020-04-10 23:44:00.035669	u/Azreaal	fn230ln	u/yourpantsaretoobig	fn22xxn	C
2020-04-10 23:44:19.582435	u/w024	fn23222	u/Drewsophila	fn22sn7	C
2020-04-10 23:44:33.179799	u/latestcone	fn232l0	u/DodgeGuy07	fyvfie	S
2020-04-10 23:44:48.927033	u/Lunar36	fn233il	u/tester_720	fn22elp	C
2020-04-10 23:45:02.947923	u/TommyTwoTrees	fn23421	u/MikeWhoCheeseHairyYa	fn22qb2	C
2020-04-10 23:45:08.669983	u/AverseSefira	fn2345j	u/A_team_of_ants	fn1h17o	C
2020-04-10 23:45:36.367422	u/ikuchaka	fn235vk	u/Compendyum	fn0l0k5	C
2020-04-10 23:46:16.413390	u/ChickenLegGoku	fn23797	u/RepostSleuthBot	fn221yw	C
2020-04-10 23:46:39.238489	u/JustLethal	fn2387g	u/LookedSilver9	fn1j9fy	C
2020-04-10 23:47:46.365463	u/maldoozz420	fn23chy	u/Immortal_Dovahkin	fmu0268	C
2020-04-10 23:47:48.813797	u/Clowdy88	fn23cjh	u/Rainbowslinkyy	fn22ats	C
2020-04-10 23:48:00.607939	u/GenJoeyy	fn23ddl	u/HECKYOUXx	fn1mp09	C
2020-04-10 23:48:23.674829	u/Wizzzzzzzzzzz	fn23ekm	u/G0ds_militia	fn229ui	C
2020-04-10 23:48:48.776118	u/PBTUCAZ	fn23h25	u/SomeDudeAtAKeyboard	fn1xdsu	C
2020-04-10 23:49:04.801372	u/DatDominican	fn23hnl	u/Minitrain	fn216gk	C
2020-04-10 23:49:07.342459	u/666_cookie_ninja	fn23hq0	u/Only_sayno	fn20vgc	C
2020-04-10 23:49:19.365080	u/goldenofficer505	fn23ik0	u/itssarahloll	fn2378s	C
2020-04-10 23:49:25.956730	u/HDakma	fn23itp	u/YeetLordTheOne	fn23gus	C
2020-04-10 23:49:27.668192	u/ChalkPhog	fn23iw6	u/SingleBagel	fn2399o	C
2020-04-10 23:49:28.708193	u/Kitty_McBitty	fn23iwi	u/OrbitalOllie457	fn22hyv	C
2020-04-10 23:49:43.787400	u/mmmmmichaelscott	fn23k8s	u/Ginger2288	fn22szp	C
2020-04-10 23:49:48.498145	u/lifesuckssman	fn23kxs	u/DiddlyDarnDuck	fn20gvo	C
2020-04-10 23:49:55.582770	u/ismellp33	fn23ljn	u/SoWokeIdontSleep	fn22mj6	C
2020-04-10 23:50:08.081243	u/SlySnootBooper	fn23m4g	u/Semi-Charmedx	fn23l4d	C
2020-04-10 23:50:30.357769	u/RunninRebs90	fn23mu5	u/MrBeardmeister	fn1mhve	C
2020-04-10 23:50:44.457533	u/SHAD-0W	fn23nas	u/cupcakeconstitution	fn0qyrh	C
2020-04-10 23:50:46.837343	u/BIGA22BOI	fn23ncp	u/Meowstic_fan69	fn23m40	C
2020-04-10 23:51:19.627710	u/CobaltCake	fn23o5k	u/666_cookie_ninja	fn23hq0	C
2020-04-10 23:51:21.905915	u/ytrewq2006	fn23o6a	u/Phobic_Well2	fn0uwme	C
2020-04-10 23:51:38.625243	u/Housecleaner	fn23oyy	u/ODSEESDO	fn1tupo	C
2020-04-10 23:51:40.917079	u/DaPenguin1423	fn23ozc	u/DerpyMudKip5124	fn1rz0p	C
2020-04-10 23:52:01.654131	u/Gravelord-_Nito	fn23pr5	u/Atlas8317	fmwrgvu	C
2020-04-10 23:52:31.081280	u/loser13376	fn23qx9	u/MyNameIsConway	fn22zdp	C
2020-04-10 23:52:34.480575	u/mcfluffernutter013	fn23r5z	u/dino_lover123	fmzoo9q	C
2020-04-10 23:52:37.972717	u/Athrons	fn23ra5	u/shsshahnsna38272	fn1ugg1	C
2020-04-10 23:53:11.884096	u/Ki11er_w0lf	fn23siw	u/RepostSleuthBot	fn18qay	C
2020-04-10 23:53:22.248228	u/melee161	fn23spr	u/warptwenty1	fn20ajt	C
2020-04-10 23:53:44.171560	u/JamalJabJab	fn23tf7	u/NightmareLarry	fyunfv	S
2020-04-10 23:53:46.363859	u/Picklenator05	fn23th8	u/FijiWater001	fn2248w	C
2020-04-10 23:54:00.689302	u/A_Fellow_Mann	fn23tqs	u/Bantabury97	fn10pe1	C
2020-04-10 23:54:18.677886	u/MrWhiskers8000	fn23uel	u/THEden0152_	fn23nog	C
2020-04-10 23:54:34.936269	u/Daedalus871	fn23uz0	u/Lijtiljilitjiljitlt	fn20vns	C
2020-04-10 23:54:52.251954	u/whatcolorwasit	fn23vnt	u/Mblackbu	fn1z8e7	C
2020-04-10 23:56:12.407483	u/TheNight_fox	fn23zg6	u/brownveed	fn227kn	C
2020-04-10 23:56:54.291320	u/RedBirdinTX	fn24293	u/i_require_sustinance	fn1it2v	C
2020-04-10 23:57:25.835246	u/CrownOfPosies	fn244jw	u/Mblackbu	fn1z8e7	C
2020-04-10 23:57:40.081813	u/DenverNuggetz	fn24534	u/PrimeParzival	fn23jf0	C
2020-04-10 23:57:50.069918	u/Strap-on-Dragon	fn245tl	u/enderguy885	fn1zuvu	C
2020-04-10 23:57:55.272537	u/voodoozambie	fn2466n	u/Fatmanfromww2	fn23fhv	C
2020-04-10 23:58:16.597253	u/greenHillzone2	fn247ki	u/Theassassin17	fn1setf	C
2020-04-10 23:58:42.046195	u/SpiritOfFire88L	fn249n0	u/MrFr0stycave	fn22syp	C
2020-04-10 23:59:07.809764	u/LeWahooligan0913	fn24b8n	u/Drakonna89	fn0ynm1	C
2020-04-10 23:59:18.043018	u/AntiqueTemperature0	fn24ccs	u/CultofJerome	fjyw113	C
2020-04-10 23:59:22.739180	u/Eric011203	fn24cnz	u/nacholibre23	fn235dj	C
2020-04-10 23:59:49.623530	u/BeautifulPlankton5	fn24eay	u/Bruh_Bot_	fn22r9o	C
2020-04-10 23:59:54.147977	u/pizzasith	fn24ers	u/FishInEuropa	fn1x1m2	C
2020-04-10 23:59:56.378086	u/Samantha-06	fn24fd9	u/BlaxNikkers	fn23wms	C
