2020-04-14 18:01:39.441154	u/pxpxy	fnf4xh0	u/Papa-Pepperoni-69	fnf3z1t	C
2020-04-14 18:02:11.243034	u/Kingpapadaddysr	fnf4y2u	u/ImQuietGhost	fnf4nfs	C
2020-04-14 18:03:49.721520	u/seabass10	fnf5154	u/tibecks	fneywwp	C
2020-04-14 18:04:19.953817	u/musclecard54	fnf52di	u/mhassassin	fnevdcw	C
2020-04-14 18:04:26.353348	u/Eddierekt	fnf52ir	u/Warden206	fnf2rc1	C
2020-04-14 18:04:51.791484	u/pg13familyfriendly	fnf53lq	u/3v42069	fnf4lev	C
2020-04-14 18:05:27.802157	u/Astro14_Switch	fnf54rv	u/Psyduck2708	fnf52iz	C
2020-04-14 18:06:05.355692	u/ShadowRedditer	fnf56cj	u/joanieeee	fnepjpb	C
2020-04-14 18:06:30.980442	u/fireinstehbucket	fnf57jm	u/iagofever	fnexd7k	C
2020-04-14 18:06:35.804939	u/stixxplays	fnf57qx	u/Kulutiheges	fnemqd6	C
2020-04-14 18:07:01.807494	u/adidas_stalin	fnf58gr	u/korroth	fne0cdk	C
2020-04-14 18:07:08.726646	u/dodohead_	fnf58u5	u/Stvn494	fnf1qbl	C
2020-04-14 18:07:16.652927	u/TheRealJuelBomb	fnf592a	u/didyiuknowyiugay	fnf2rmr	C
2020-04-14 18:07:19.942923	u/bge223	fnf596i	u/GeeseKnowNoPeace	fnf561f	C
2020-04-14 18:07:31.917677	u/ppurple1172	fnf5a9f	u/Subnauticsquirrel	fnf58a2	C
2020-04-14 18:07:48.689322	u/Kerosiin	fnf5b01	u/mr-dani	fnedi55	C
2020-04-14 18:07:56.821541	u/MrHydeReddit	fnf5bcg	u/Rakija_Man	fnf4xh4	C
2020-04-14 18:08:30.977875	u/ett151	fnf5cil	u/ACuddlyVizzerdrix	fnf4700	C
2020-04-14 18:08:58.781380	u/WynautNow	fnf5egb	u/ShreksAlt1	fnf4iob	C
2020-04-14 18:09:00.032611	u/Rizb0t	fnf5egj	u/Megustad	fnep7vz	C
2020-04-14 18:09:19.189957	u/ihavediabetes26	fnf5feg	u/QWERTYAjay	fmrswpi	C
2020-04-14 18:09:20.622607	u/YaBroke	fnf5fhy	u/no_gracias_	fneydi7	C
2020-04-14 18:09:32.952611	u/Scabamann	fnf5fz6	u/YoloIsNotDead	fne5vny	C
2020-04-14 18:09:35.324641	u/cetafish	fnf5g48	u/flmceccato	fnf5dj3	C
2020-04-14 18:09:39.769962	u/RedditorDebitor	fnf5gg7	u/RepostSleuthBot	fneyrxn	C
2020-04-14 18:10:00.034796	u/majora1988	fnf5j7u	u/ARandom-Penguin	fnese40	C
2020-04-14 18:10:29.492291	u/fuzzyhyperdude1	fnf5jsn	u/TobiasX2k	fndm89r	C
2020-04-14 18:10:38.948863	u/Sim0n5	fnf5k1c	u/TexRex0202	fnf5c4v	C
2020-04-14 18:11:08.198672	u/Hudboii	fnf5kk1	u/Rohit-Pellakuru	fnf5gzy	C
2020-04-14 18:11:17.025712	u/pastoul	fnf5kr9	u/Bruh_Bot_	fnf3xq3	C
2020-04-14 18:11:19.366117	u/Ahazy32	fnf5kv3	u/Zer_ed	fnekuda	C
2020-04-14 18:11:33.655417	u/I_survived_the_snapP	fnf5l7w	u/Sayeet0620	fnf17zo	C
2020-04-14 18:12:14.301829	u/About5000ninjas	fnf5m6w	u/Nhjuawe	fnepva4	C
2020-04-14 18:12:22.778923	u/junkaccount461	fnf5maw	u/donotlookatmeduh	fne0na8	C
2020-04-14 18:12:28.119521	u/saenz95	fnf5md0	u/Bantabury97	fnexi6w	C
2020-04-14 18:13:34.921313	u/KittyMurderPresents	fnf5p1c	u/fanometal846	fnf5k0m	C
2020-04-14 18:13:58.449447	u/Xpattinum	fnf5q30	u/Shivshanks	fnf4qku	C
2020-04-14 18:14:00.516441	u/relaximapro1	fnf5q3i	u/Caliber70	fnf3bij	C
2020-04-14 18:14:15.910682	u/Lots42	fnf5qou	u/MultifariousTrumpery	fneyxx0	C
2020-04-14 18:15:09.059309	u/Nat200211	fnf5s6n	u/korroth	fne0cdk	C
2020-04-14 18:15:35.364209	u/throw6280	fnf5tlg	u/nicebr0	fnewatd	C
2020-04-14 18:15:38.277785	u/JointSystem	fnf5to6	u/LSD-50	fneumxu	C
2020-04-14 18:16:46.178143	u/XimhereforthememesX	fnf5w1g	u/SunnyOfGretna	fnf5spr	C
2020-04-14 18:17:04.242047	u/WackyDude07	fnf5wx8	u/SamuTheCamu	fnf5tcx	C
2020-04-14 18:17:36.762016	u/Shrenos0	fnf5xpm	u/flmceccato	fnf5ht1	C
2020-04-14 18:17:45.220125	u/huitlacoche	fnf5ydj	u/TheMangoMando	fney5j3	C
2020-04-14 18:18:11.024131	u/becomeanhero69	fnf5zwg	u/mhassassin	fneanxw	C
2020-04-14 18:18:39.276794	u/DaRealGameBoy	fnf61lk	u/Krustyrat	fnequ6i	C
2020-04-14 18:18:51.838273	u/AndreaUniquememes	fnf622n	u/Sidnev	fne0v33	C
2020-04-14 18:19:05.134240	u/Trias707	fnf62gq	u/mhassassin	fneanxw	C
2020-04-14 18:19:06.762104	u/Henrys-BS-TV	fnf62lb	u/ARNisUsername	g1b6lq	S
2020-04-14 18:19:09.584975	u/Reaper0304	fnf62qe	u/sisters_clit_is_lit	fnf5c55	C
2020-04-14 18:19:19.380308	u/screviston83	fnf63bo	u/ZoMbIe07321	fnc3p0b	C
2020-04-14 18:19:41.690134	u/koalaiswatching	fnf648b	u/Greedyblahblah	fneduei	C
2020-04-14 18:19:53.690519	u/NoncompetitiveUser_1	fnf664l	u/Vimri	fnf5w9a	C
2020-04-14 18:20:30.973801	u/GalacticDestroyr	fnf68p5	u/mhassassin	fneanxw	C
2020-04-14 18:21:39.633726	u/Calu_Crusader	fnf6b7o	u/Heya-Dan	fmhdwal	C
2020-04-14 18:21:59.345628	u/saythealphabet	fnf6c9n	u/buttergod65	g14gqz	S
2020-04-14 18:22:01.669669	u/LeTurzule	fnf6cbl	u/mhassassin	fneanxw	C
2020-04-14 18:22:08.087237	u/ak47revolver9	fnf6ci2	u/mhassassin	fneanxw	C
2020-04-14 18:22:57.688654	u/A_Pinoy	fnf6dxw	u/MuskyMusk123	fnf128v	C
2020-04-14 18:23:02.000206	u/eeluim7	fnf6e59	u/wajihch	fneqxvz	C
2020-04-14 18:23:07.732748	u/Smig_Boke	fnf6e7e	u/red-potato-salad	fnf3v9y	C
2020-04-14 18:23:16.437252	u/TheSlimeThing	fnf6eb3	u/AccelerusProcellarum	fnetl2r	C
2020-04-14 18:23:30.495943	u/Eoined	fnf6ekl	u/smilesnseltzerbubbls	fnf57f3	C
2020-04-14 18:23:48.398191	u/4HeadHunter	fnf6f5j	u/nicebr0	fnewatd	C
2020-04-14 18:24:20.787920	u/endoplazmikmitokondr	fnf6gw2	u/CpTKugelHagel	fnezwue	C
2020-04-14 18:24:26.605927	u/SamuraiXX05	fnf6h7y	u/CentaurGreen	fnf6drp	C
2020-04-14 18:25:05.796797	u/Kitty_cat1537	fnf6j0m	u/US_goki	fner8vy	C
2020-04-14 18:25:56.081603	u/aubreyalamode	fnf6la4	u/Doctor_Cabbage	fneiv2j	C
2020-04-14 18:25:58.887337	u/ginjagiant	fnf6lba	u/dadudewithpower	fnf6jo4	C
2020-04-14 18:26:17.041775	u/Minky_Dave_the_Giant	fnf6m1t	u/GERMA90	fnetrse	C
2020-04-14 18:26:22.793579	u/coward_the_cowwarden	fnf6m7q	u/HOMERUNHITTER900	fnf6dfa	C
2020-04-14 18:26:45.370273	u/Guilhermebr1001	fnf6n60	u/whoreo-for-oreo	fnf4mw1	C
2020-04-14 18:27:27.336507	u/foxartpaw	fnf6os0	u/MuskyMusk123	fnf128v	C
2020-04-14 18:28:07.653401	u/vzpops	fnf6qy4	u/cuppyman	fnf172x	C
2020-04-14 18:28:32.857781	u/SpinelessOrange	fnf6sgi	u/CM_1	fnexcb7	C
2020-04-14 18:28:44.278525	u/WillyShmitt	fnf6taw	u/Steb20	fndwq4t	C
2020-04-14 18:28:46.369668	u/FOAwsomeness	fnf6tg5	u/seen_some_shit_	fnevz6y	C
2020-04-14 18:29:50.559646	u/onion_empress	fnf6y7f	u/Ginger-the-cat	fnf6quf	C
2020-04-14 18:30:06.272814	u/BillPaxtonsHair	fnf6zmv	u/Benedict-Cursed	fnf6l90	C
2020-04-14 18:30:13.275778	u/Woolf01	fnf6zu6	u/booksblanketsandtea	fneviqr	C
2020-04-14 18:30:28.311207	u/Thenerdygamer201	fnf6zyn	u/redFinland	fnf6rka	C
2020-04-14 18:30:32.687277	u/arsonmax	fnf701m	u/saikopasu_neko28	fnf6utg	C
2020-04-14 18:30:47.761490	u/kenonb05	fnf70of	u/CeekretSwissLord	fnezzt1	C
2020-04-14 18:30:52.717520	u/pickle_burb	fnf70yd	u/jivygraphics	fndysq2	C
2020-04-14 18:31:54.081936	u/Inner-Orange	fnf73pp	u/Scabamann	fnf5fz6	C
2020-04-14 18:31:58.566109	u/RaidonSub	fnf73us	u/jerrythegoatfricker	fnf6alq	C
2020-04-14 18:33:01.273433	u/armpittattoo	fnf7681	u/nahcantbeserious	fnf6h5r	C
2020-04-14 18:33:11.838112	u/TheCrimsonCloak	fnf76pb	u/Aspen_Alabaster	fnez58y	C
2020-04-14 18:33:16.927412	u/UpNdowndowns	fnf76uq	u/donotlookatmeduh	fne0na8	C
2020-04-14 18:34:03.554600	u/OhMyDIO-sama	fnf78i4	u/imaginePunnything	fnf355v	C
2020-04-14 18:35:37.746809	u/gayfroggs	fnf7bjy	u/Eva088	fne9jhz	C
2020-04-14 18:35:40.629161	u/Waterloogavemebigsad	fnf7bo3	u/TOASTYMO	fne3gjr	C
2020-04-14 18:36:01.904721	u/harderdaddy11	fnf7cdz	u/greylegobricks_	fnefexh	C
2020-04-14 18:36:06.890992	u/kolbeGD	fnf7cmc	u/Fake-DAIH	fnf67hl	C
2020-04-14 18:37:28.557480	u/chey-h	fnf978t	u/korroth	fne0cdk	C
2020-04-14 18:37:48.723932	u/Z_Meeri	fnf98zh	u/Huddy221	fnf8eva	C
2020-04-14 18:38:02.100560	u/hansolo625	fnf99ny	u/realamazingpieop	fnf6vfn	C
2020-04-14 18:38:13.578529	u/JeranF	fnf9aeq	u/Pegga83	fnf94qy	C
2020-04-14 18:38:41.274356	u/That_Guy-69	fnf9bwu	u/RepostSleuthBot	fnf99ii	C
2020-04-14 18:38:54.862171	u/Borwoll	fnf9dff	u/Comrade_suka	fneuzpt	C
2020-04-14 18:39:06.555816	u/crowleya	fnf9e9m	u/llunarllamas	fnf9c9a	C
2020-04-14 18:40:44.246472	u/NightFaker	fnf9lni	u/onilamo	fnf9jg1	C
2020-04-14 18:42:05.276175	u/VikingRevenant	fnf9p05	u/RareBareBear	fnf5rnm	C
2020-04-14 18:42:15.428109	u/TastyTott	fnf9p72	u/TheGreenGobblr	fnez0io	C
2020-04-14 18:42:18.881259	u/MonsterFieldResearch	fnf9pbv	u/Avyern1	fnf6cg4	C
2020-04-14 18:43:34.897382	u/MMurple	fnf9r7a	u/Z_Meeri	fnf9cvr	C
2020-04-14 18:44:40.290589	u/Anxioussquidkid	fnf9tem	u/dylpickle4	fnea5r3	C
2020-04-14 18:45:19.160432	u/EdGySkAtEr	fnf9v16	u/Koncentra	fneyo9t	C
2020-04-14 18:45:32.113010	u/Annen0017	fnf9vnc	u/IAteBaconToday	fnep8hh	C
2020-04-14 18:45:36.996689	u/OGToke	fnf9w3y	u/Fuzzy_Duck_2	fnf9uew	C
2020-04-14 18:45:55.061883	u/SovietKoke	fnf9x59	u/carterjazz	fnf9vhi	C
2020-04-14 18:46:20.049123	u/HarryBotter1138	fnf9yaf	u/slayalldayyyy	fnf9df1	C
2020-04-14 18:46:38.667496	u/Boom_Comm	fnf9yul	u/thenonfurrywolf	fnf7j1i	C
2020-04-14 18:47:00.599379	u/NoTuSuS	fnf9zlh	u/Bruh_Bot_	fnf9yd5	C
2020-04-14 18:47:13.679763	u/CorbinMar	fnfa0ax	u/RepostSleuthBot	fnf9qzm	C
2020-04-14 18:47:39.057575	u/MKaiserW	fnfa0yv	u/Thomas_V_073	fnelv0m	C
2020-04-14 18:48:05.683948	u/ToffineExpress	fnfa276	u/CheeseToastboi	fnf9eun	C
2020-04-14 18:48:41.278350	u/ihateminecraftttt	fnfa4ai	u/FlyEnderStone	fnf8lfj	C
2020-04-14 18:48:59.811035	u/Iftttlol123	fnfa4zg	u/GrilledLettuce2_0	fnf59dr	C
2020-04-14 18:49:01.259603	u/Fed-Council-Of-Yikes	fnfa541	u/BallisticBlocker	fnf9gqz	C
2020-04-14 18:49:02.743606	u/LoligiTime	fnfa55d	u/Nadikarosuto	fneagjv	C
2020-04-14 18:49:12.753450	u/piza305	fnfa6s6	u/jameenski	fneipc2	C
2020-04-14 18:49:24.865606	u/cool_edgy_username	fnfa7js	u/Boom_Comm	fnf9pkn	C
2020-04-14 18:49:33.418790	u/JoeMamma_69-420	fnfa8hn	u/retf1213	fnfa285	C
2020-04-14 18:49:43.453118	u/Dannymeashoyt	fnfaa1e	u/FijiWater001	fnf4kds	C
2020-04-14 18:49:46.572054	u/JNaran94	fnfaab3	u/GuillaumeTheMajestic	fnf6xhh	C
2020-04-14 18:49:51.160903	u/Buttersfan81	fnfabai	u/nicebr0	fnewatd	C
2020-04-14 18:50:12.084272	u/caboosenoose	fnfacd3	u/StewBaka_	fnfaa0d	C
2020-04-14 18:50:55.499437	u/ajwilcox2019	fnfadtg	u/Vimri	fnf6ajl	C
2020-04-14 18:51:11.419876	u/KaktusManCz	fnfae5w	u/Summetz	fnf1wgl	C
2020-04-14 18:54:50.428966	u/Bill_Nye-LV	fnfan8v	u/henriquecs	fnfa3tr	C
2020-04-14 18:56:04.421336	u/theicecreaman35	fnfapgc	u/NoobD3veloper	fnfakal	C
2020-04-14 18:56:13.673319	u/CommunistFriedPotato	fnfaptn	u/LifelessLewis	fndnwrc	C
2020-04-14 18:56:42.807867	u/Geography213	fnfaro9	u/no_gracias_	fnfam9s	C
2020-04-14 18:56:48.261185	u/Coolturtleman	fnfarrt	u/axolotlmaster59	fnfa4tu	C
2020-04-14 18:57:16.267693	u/N0-ICE	fnfasyt	u/lord_ne	fnf0x2c	C
2020-04-14 18:57:18.681303	u/TheRealHuntsman	fnfasyw	u/ProbablyScotty	fnf7sze	C
2020-04-14 18:57:43.536530	u/tonkorpri	fnfau4r	u/Topiz2000	fnefvon	C
2020-04-14 18:57:55.580710	u/nutsinthetoaster	fnfause	u/MostlyUselessHuman	fnfaetn	C
2020-04-14 18:58:04.217934	u/Njethome	fnfav9x	u/ihateminecraftttt	fnfa4ai	C
2020-04-14 18:58:49.454534	u/MLG_Hyperkitten	fnfax5d	u/doge4memeofdecade	fnf9owq	C
2020-04-14 18:58:55.806903	u/aprilalpaca	fnfaxer	u/RealArmancv	fnf2vl8	C
2020-04-14 18:59:25.497770	u/JackFinnNorthman	fnfayw7	u/prophet1069	fnf98yp	C
2020-04-14 18:59:35.478907	u/Krackenuts	fnfb03j	u/Shut-Up-My-Guy	fnf8eyp	C
2020-04-14 18:59:39.147931	u/drschloop	fnfb0cu	u/Master_JBT	fnewce7	C
