2020-04-13 16:00:06.039173	u/Leon_4505	fnb0rry	u/Happy_side05	fnazw9q	C
2020-04-13 16:00:55.159977	u/TcuBisNice	fnb0u1j	u/capedcrusttatter	fnayf1f	C
2020-04-13 16:00:58.513204	u/SirTolietBowls	fnb0u20	u/lowie_987	fn68kj2	C
2020-04-13 16:02:29.210609	u/THEBOSS232	fnb0xpo	u/RepostSleuthBot	fnb0q7j	C
2020-04-13 16:03:05.225589	u/paraloomer	fnb0ywt	u/Potatotheooflord	fl5excx	C
2020-04-13 16:03:57.010097	u/abdou0720	fnb10v6	u/cats_are_cool_2	fnb0zui	C
2020-04-13 16:04:20.316059	u/Wubbalubbadubdub06	fnb11r8	u/Emperor_O_Memes	fnb0p41	C
2020-04-13 16:05:06.845206	u/lordsofgaming123	fnb140z	u/frawleyg	g0i6dp	S
2020-04-13 16:05:12.433863	u/SubieBerry	fnb1486	u/ThatOneFrog76	fnak3ox	C
2020-04-13 16:05:37.039899	u/pearerice	fnb153y	u/SadWicky	fnas09r	C
2020-04-13 16:06:04.594140	u/PowerOfL	fnb1654	u/cdaly18	fn99rb5	C
2020-04-13 16:06:14.395713	u/MvK0	fnb16gd	u/Username694205822	fl9vsuh	C
2020-04-13 16:06:18.439135	u/MilkIsBad	fnb16jw	u/piratejonyboy	fnawya5	C
2020-04-13 16:06:28.082329	u/OwO_Pride	fnb16nt	u/Potatotheooflord	fl5lx1y	C
2020-04-13 16:07:24.219772	u/The_Ro-Zombie	fnb341b	u/little_yoshiboi	fnau40i	C
2020-04-13 16:07:26.142620	u/WhatThePhuque	fnb342g	u/someoneslostrock	fnb2n02	C
2020-04-13 16:07:33.660791	u/SpAcer34	fnb34a8	u/DespacitoNumber88	fnaxgsb	C
2020-04-13 16:08:14.635637	u/Philo348	fnb35z8	u/DreadGiraffe210	fnawpkk	C
2020-04-13 16:08:38.378585	u/joe-momma-pizzaria	fnb379o	u/Emperor_O_Memes	fnalzj2	C
2020-04-13 16:08:45.060399	u/huisenthuis	fnb37m3	u/J_Uzi05	fnb2kho	C
2020-04-13 16:08:50.203308	u/EyrSlayer02	fnb384z	u/CHEX_MECCS_FOREVER	fn9loto	C
2020-04-13 16:08:56.046543	u/OldManJacan	fnb38ha	u/dude_what_is_u_doin	g0jgh5	S
2020-04-13 16:09:35.906442	u/LYDWAC	fnb3brp	u/noconfidencehere69	fnb1x2c	C
2020-04-13 16:09:44.665912	u/CrossingTheStreamers	fnb3cgr	u/Doehap	fnavvpi	C
2020-04-13 16:09:45.521196	u/realcomerad	fnb3che	u/meatMeater_3	fnawflp	C
2020-04-13 16:09:47.441651	u/MaNameJeffYC	fnb3clw	u/Battlebox0	fnb37wv	C
2020-04-13 16:09:53.419388	u/TheSorrowInOurMinds	fnb3dk9	u/Veewadd	fnai3ha	C
2020-04-13 16:09:58.562589	u/xxbennyboynoobxx	fnb3ee3	u/AutoModerator	fgnrtb6	C
2020-04-13 16:09:59.384669	u/JohnnySux101	fnb3ekb	u/NoorMLG	fnax7zu	C
2020-04-13 16:10:41.244292	u/Quozy123	fnb3f5a	u/Malifry9705	fnawups	C
2020-04-13 16:11:10.923597	u/Baldurella	fnb3g2o	u/DiamondPower500	fnaxqbc	C
2020-04-13 16:11:32.797767	u/PhoenixBoi6	fnb3gwk	u/droneflyer35621	fnaejby	C
2020-04-13 16:11:46.409370	u/Ferdibobo1	fnb3huj	u/GB420420	fn994jp	C
2020-04-13 16:12:32.345670	u/JGilly117	fnb3jmm	u/METhomas0730	fnahlpd	C
2020-04-13 16:12:49.683972	u/xVeranex	fnb3k2z	u/RaTheRealGod	fnb3aaz	C
2020-04-13 16:12:59.412349	u/Ranger-Robbie	fnb3kdk	u/ChaosisLove	fna3dts	C
2020-04-13 16:13:03.491409	u/Dankmemebers	fnb3kdo	u/PeterPorky	fnavcx1	C
2020-04-13 16:14:18.109783	u/Jason_Bourne__	fnb3nxb	u/darrellmarch	fnazav1	C
2020-04-13 16:14:34.847348	u/Other-Account69	fnb3op6	u/Blazebest7	fnas502	C
2020-04-13 16:15:06.544674	u/Sinnaj_1989	fnb3qaj	u/Kryptografik	fnah0km	C
2020-04-13 16:15:11.909214	u/ALGATOR42	fnb3qoz	u/TheAlmightyZoinks	fnahbh9	C
2020-04-13 16:15:42.967079	u/IronAvenger12345	fnb3s3v	u/Significant-Battle	fnb1np0	C
2020-04-13 16:15:55.453477	u/Ronnattt	fnb3sj6	u/hangryhooman311	fnaxfxr	C
2020-04-13 16:16:31.169036	u/Propokecatgamer	fnb3u9v	u/Gubq	fl5lyk4	C
2020-04-13 16:17:53.026132	u/ERJONNN	fnb3xw1	u/Stavro00	fnadjxs	C
2020-04-13 16:18:14.780446	u/schwananana	fnb400u	u/Maruyang_Saging	fnajw3g	C
2020-04-13 16:18:38.341452	u/ItsMeLukasB	fnb40re	u/CIAHASYOURSOUL	fn9akzs	C
2020-04-13 16:19:05.400576	u/old-ghost	fnb427c	u/CaptainTeal	fna8l0q	C
2020-04-13 16:19:11.986700	u/shadowarmy229	fnb42ki	u/theoldgreenwalrus	fnb234i	C
2020-04-13 16:19:14.765034	u/AuselessPIECE	fnb42r4	u/sechkt	fnathe6	C
2020-04-13 16:19:16.408190	u/passthatelonblunt	fnb42yy	u/BeyondDusk	fnb3xhe	C
2020-04-13 16:19:22.721295	u/BackwardsorSomething	fnb43iv	u/DreadGiraffe210	fnb3ubj	C
2020-04-13 16:19:59.575967	u/thefurnaceboy	fnb47xq	u/BrainTrainStation	fnb41we	C
2020-04-13 16:20:13.189001	u/jack1026army	fnb48l4	u/EndaO1R	fnb424c	C
2020-04-13 16:20:19.944773	u/bayleesman01	fnb48vo	u/Emperor_O_Memes	fnalzj2	C
2020-04-13 16:20:24.490803	u/Greekboy69Z	fnb48zx	u/ImAchili	fnb3hxw	C
2020-04-13 16:20:28.427631	u/misrablebustard	fnb496x	u/Riyolen	g0ldls	S
2020-04-13 16:21:00.315549	u/Entropius	fnb4a9x	u/luke_425	fna8skh	C
2020-04-13 16:21:10.277605	u/BadIdeaPackAPunch	fnb4axt	u/Memelord14244	fnb3wey	C
2020-04-13 16:21:31.536263	u/roman73042	fnb4bod	u/memezop	fnawoes	C
2020-04-13 16:21:36.304927	u/dpv20	fnb4bs8	u/Necrotimon	fnb0hhs	C
2020-04-13 16:21:44.283153	u/Henry_the_Apple	fnb4bw0	u/leaderofthevirgins	fnb3u9t	C
2020-04-13 16:22:19.143017	u/rrreeikaa	fnb4das	u/LuxionQuelloFigo	fnada9h	C
2020-04-13 16:22:23.617883	u/GG_assassin72	fnb4dl9	u/BloodSkeleton1	fn4q1bz	C
2020-04-13 16:22:52.090681	u/TomLakeCharles	fnb4ez3	u/Kunterjohn36	fn86mfe	C
2020-04-13 16:23:04.021169	u/ragnarbones	fnb4fcx	u/MyPPDisBig	fnakzk7	C
2020-04-13 16:23:13.122369	u/archimedies	fnb4fj0	u/localsquids444	fnatq97	C
2020-04-13 16:24:56.518578	u/vesko_	fnb4iy8	u/ClumbusCrew	fnb3f1o	C
2020-04-13 16:25:00.698687	u/aweiher98	fnb4iza	u/Thoughtfulprof	fnafxew	C
2020-04-13 16:26:24.291548	u/sexyfucker68	fnb4ny4	u/Barcagranny04	fna1pkp	C
2020-04-13 16:26:57.084677	u/_joemomma_	fnb4pil	u/fredvanvleetsr	fnb4n35	C
2020-04-13 16:27:19.524845	u/WhisperyFork72	fnb4qf2	u/elpatoamo	fnb4oz7	C
2020-04-13 16:27:44.159422	u/Honza2268	fnb4s2l	u/warframefan420	fna03oc	C
2020-04-13 16:27:46.663327	u/Vorbis29	fnb4s6k	u/Emperor_O_Memes	fnalzj2	C
2020-04-13 16:28:02.921411	u/Squiffy121	fnb4sy6	u/Jeotheus	fnb2qs2	C
2020-04-13 16:28:20.973876	u/_GaliH_	fnb4ts4	u/rrreeikaa	fnb4ge0	C
2020-04-13 16:28:28.659216	u/vladimircarla	fnb4u50	u/epicgames6999	fnb3pw9	C
2020-04-13 16:28:48.133397	u/Clemintine_Gal	fnb4uwn	u/Voskyr	fnb3i5u	C
2020-04-13 16:29:09.153703	u/MikkiMann	fnb4vpm	u/Analytical_Chemist	fn8gaj3	C
2020-04-13 16:29:12.314145	u/jojo_squidward	fnb4w0s	u/J_Uzi05	fnb2kho	C
2020-04-13 16:29:44.359570	u/VanillaButterStick	fnb4ybw	u/IDraconixI	g0l28d	S
2020-04-13 16:29:45.953503	u/ThickRick1234	fnb4yfy	u/_Potatoman__	fnb4l0b	C
2020-04-13 16:29:59.484511	u/Nalcovia	fnb4zky	u/PokefoxGB	fnb4xxx	C
2020-04-13 16:30:47.957925	u/ScaredSaltShaker	fnb5169	u/ashyrinn	flcdta5	C
2020-04-13 16:31:18.650861	u/davolala1	fnb52dc	u/Swaynee	fnabhky	C
2020-04-13 16:33:02.167590	u/YashUppal	fnb55vr	u/RepostSleuthBot	fnb544y	C
2020-04-13 16:33:31.849192	u/SirLordSupremeSir	fnb57ga	u/wackini	fnb366f	C
2020-04-13 16:34:21.257205	u/pietjecroes5	fnb59hk	u/JustComments6841	fnb4tdb	C
2020-04-13 16:34:33.261304	u/MoTheEski	fnb59sh	u/Lawliet23x	fnaq37c	C
2020-04-13 16:35:30.313336	u/_Skiddo	fnb5bsu	u/JUST399TODAY	fnb4mce	C
2020-04-13 16:36:29.511249	u/julian8186	fnb5e7p	u/NotYourEverydayFBI	fnao6ex	C
2020-04-13 16:36:31.454835	u/thisuser24080	fnb5e84	u/_Xand0n_	fnb55u2	C
2020-04-13 16:36:36.266213	u/Waixxr	fnb5ebg	u/Mart_SilencD	fnahx2v	C
2020-04-13 16:36:46.860037	u/I_FAP_TO_NARWHALS	fnb5evj	u/BlkDwg85	fnaz3jm	C
2020-04-13 16:37:29.055772	u/Abdulmoamen	fnb5han	u/McWillerb7	fnb5g1v	C
2020-04-13 16:37:59.313767	u/NuclearMask	fnb5iyv	u/Rocketman1874	fnb4nou	C
2020-04-13 16:38:17.283302	u/cocoafart	fnb5k5q	u/DarthJJAbrahams	flafpo4	C
2020-04-13 16:38:21.571647	u/MrPickles42069	fnb5kid	u/mayavi_chumbak	fnas3nd	C
2020-04-13 16:39:28.074982	u/yvng_MLG_ghost	fnb5r7a	u/RhawenKuro	fnb0qwa	C
2020-04-13 16:39:36.679346	u/dcdisco	fnb5rnf	u/luke_425	fna4d7i	C
2020-04-13 16:39:42.999964	u/joooo_fischer	fnb5s06	u/johnnyghost1	fnb51rl	C
2020-04-13 16:39:44.936715	u/__n3Xus__	fnb5se1	u/RepostSleuthBot	fnamp4w	C
2020-04-13 16:39:52.311377	u/MemerWienerYT	fnb5tvf	u/Xenon_Heathy	fnb36of	C
2020-04-13 16:39:56.689989	u/meowkingston	fnb5ulm	u/Mpdc4	fnan2hb	C
2020-04-13 16:40:03.682241	u/Hail_Crossbow	fnb5v7f	u/OrionUniv	fnb55vu	C
2020-04-13 16:40:33.815240	u/alanbosco	fnb5wrs	u/Wave_the_seawing	fnaud2i	C
2020-04-13 16:41:12.957808	u/thetgi	fnb5y6m	u/JesseJames_37	fnaxq3q	C
2020-04-13 16:41:47.651464	u/DRACULA__666	fnb5zn2	u/yeahggiguess	fnb07j6	C
2020-04-13 16:42:16.150307	u/Dinosaurs-Rule	fnb611d	u/GrohkWaifu	fnat4jb	C
2020-04-13 16:42:34.376291	u/WHO_ARE_YOUUU	fnb61zf	u/PenguinPride87	fmsc02b	C
2020-04-13 16:42:36.727067	u/mike____wazowski	fnb623j	u/Superdog909	fnb5an8	C
2020-04-13 16:42:38.991156	u/Waffles182	fnb62c7	u/TherionX2	fnb1mkl	C
2020-04-13 16:44:05.085833	u/OldBuffalo	fnb65ff	u/Bualls_Villa	fnadft7	C
2020-04-13 16:44:48.029373	u/TudortheVIII	fnb67cg	u/AnakinsShowerDrain	fnb63z6	C
2020-04-13 16:45:01.864004	u/ellie1398	fnb67wo	u/fixxer75	fnb643u	C
2020-04-13 16:45:05.679169	u/superALEX001	fnb67wy	u/amemethatded	fnaxkxa	C
2020-04-13 16:45:44.640720	u/Le_we_02	fnb69c1	u/Ciocalatta	fnb25dy	C
2020-04-13 16:45:48.293679	u/engr4lyf	fnb69d9	u/zigzagger123456	g0ob59	S
2020-04-13 16:45:58.717184	u/Trust_No_Won	fnb69v9	u/swastiksharma2003	fnazi50	C
2020-04-13 16:46:12.432484	u/christoss300x	fnb6acg	u/didgoribattle	fnaigt0	C
2020-04-13 16:46:59.463349	u/tetexe	fnb6ckm	u/_Xand0n_	fnb4z8a	C
2020-04-13 16:47:32.612279	u/Matthew050504	fnb6dzu	u/racist_phantom	fnajqyr	C
2020-04-13 16:47:45.332809	u/Digowhat	fnb6e8v	u/captjust	fnalpw6	C
2020-04-13 16:48:08.634316	u/mooncakeace	fnb6fsy	u/adrian443	fnabqh8	C
2020-04-13 16:48:28.862613	u/Voltymus	fnb6haz	u/RepostSleuthBot	fnb60qm	C
2020-04-13 16:48:31.050525	u/General_Pickles	fnb6hhz	u/zigzagger123456	fnazi7x	C
2020-04-13 16:48:44.382789	u/aayushjsl	fnb6ife	u/Stefanisnumberone	fnaku7g	C
2020-04-13 16:49:30.447512	u/NeverGonnaGiveUZucc	fnb6mcd	u/_Xand0n_	fnb6i2w	C
2020-04-13 16:49:54.034259	u/MasonTheJanitor	fnb6ow2	u/PokefoxGB	fnb4xxx	C
2020-04-13 16:49:54.698530	u/grrleona	fnb6oz9	u/BionicK1234	fn957f5	C
2020-04-13 16:49:57.176952	u/goodthinkful-	fnb6po3	u/harshthegoose	fnb4pk8	C
2020-04-13 16:50:45.200741	u/DemonHearts023	fnb6say	u/STP_potato	fn9eypy	C
2020-04-13 16:51:13.406195	u/Scienceboy007	fnb6t6y	u/PeterPorky	fnavcx1	C
2020-04-13 16:51:15.842366	u/FatBoyStew	fnb6t9u	u/HoursLost98	fnb2tcj	C
2020-04-13 16:52:41.900640	u/GiorgioLeoni	fnb6wkw	u/Isolation_Man	fnb31lt	C
2020-04-13 16:52:46.422525	u/Lenoirr	fnb6ws9	u/-MrGrym-	fnb5cat	C
2020-04-13 16:53:03.538913	u/Shamanu1	fnb6x68	u/TickleDuckFeathers	fnb6tqq	C
2020-04-13 16:53:17.477488	u/victorcube201	fnb6xmq	u/DarthJJAbrahams	flafpo4	C
2020-04-13 16:53:26.128862	u/Immortal_lunatic	fnb6y1z	u/Quacker_Account	fnaby2x	C
2020-04-13 16:54:09.753914	u/Electric_Shark	fnb6znp	u/Doomkiller7676	fnb6sys	C
2020-04-13 16:54:47.264416	u/_markothy_	fnb70s0	u/Memelegend02	fnb22fp	C
2020-04-13 16:55:17.961715	u/Septembershooter	fnb71ys	u/limp_qaz	fnb0r0y	C
2020-04-13 16:55:46.001284	u/simple_2N_	fnb8v0r	u/DasTooth	fnb7qo7	C
2020-04-13 16:55:50.930293	u/gottdammmmm	fnb8v90	u/brohemianrasputin	fnb8uau	C
2020-04-13 16:55:57.739094	u/chickn_bucket	fnb8vg7	u/Gracelander101	fnb8txb	C
2020-04-13 16:56:14.718952	u/Lennea37	fnb8w3d	u/LysolWipesFreshLemon	fnb8qqk	C
2020-04-13 16:56:31.958324	u/SmallPeensUNITE	fnb8xiq	u/jsapgod	fnb18l9	C
2020-04-13 16:56:37.400354	u/Vixx_en	fnb8xl2	u/1234567891n	fnb2g54	C
2020-04-13 16:56:47.279723	u/Cowbear07	fnb8y6n	u/cyanoticspore67	fnb557q	C
2020-04-13 16:56:50.937149	u/sarathdev811	fnb8ydn	u/Le_we_02	fnb863f	C
2020-04-13 16:56:58.337169	u/PandaKing185	fnb8z3y	u/gilpima	fnarwnf	C
2020-04-13 16:57:11.564127	u/wildbutlazy	fnb901t	u/58bootyboo58	fnaxjj1	C
2020-04-13 16:57:38.871912	u/WyronBang	fnb91u3	u/noconfidencehere69	fnb0x23	C
2020-04-13 16:57:40.733958	u/localfinancebro	fnb91vm	u/xi88_	fnb8oaa	C
2020-04-13 16:58:11.876954	u/luke_mentalism	fnb93ct	u/MyJelloJiggles	fnb7sm2	C
2020-04-13 16:58:15.902537	u/divinepet2	fnb93eo	u/DerPsycho1	fnb6v1i	C
2020-04-13 16:58:58.997495	u/Cyrus_VlRUS	fnb94zb	u/shmenton	fnb92k6	C
2020-04-13 16:59:38.030328	u/HyP3r_Recker	fnb97ev	u/TiesG92	fnasmam	C
