2020-03-29 03:00:47.530329	u/salimo_brik	fltatrm	u/BluPandaTV	flt41y8	C
2020-03-29 03:01:59.144360	u/Prankedlol123	fltavyl	u/knight-that-says-ni	flt3thc	C
2020-03-29 03:02:03.535122	u/Blaster1st	fltaw30	u/Buckhunter143	flsa4vn	C
2020-03-29 03:02:18.960931	u/pputelis	fltaw89	u/xenequatoliti	flsbv9l	C
2020-03-29 03:02:51.293213	u/knotcorny	fltawxe	u/Salty_Tree_Monster	flstzrr	C
2020-03-29 03:03:10.805230	u/AnotherLifeform	fltax42	u/Coolroolie13	flt8lc0	C
2020-03-29 03:03:12.928442	u/NaveAri	fltax47	u/Boboglobo69	flt7m9l	C
2020-03-29 03:03:15.096736	u/FloatingMeat	fltax4x	u/DeafDuckling12	flt95t1	C
2020-03-29 03:03:22.535090	u/krstlyn	fltaxcu	u/CAEZARLOV	flt349q	C
2020-03-29 03:03:31.543346	u/Burnt_Steam	fltaxk5	u/culz998	flsp9an	C
2020-03-29 03:03:44.925558	u/leekekra	fltaxyu	u/dorkonafork	flt9ev7	C
2020-03-29 03:04:10.613195	u/XxJameZ_xX	fltayjx	u/Frosty_Clown	fltaw7v	C
2020-03-29 03:04:19.073018	u/j0emama565	fltayqn	u/Common-Reporter	flsomrk	C
2020-03-29 03:04:23.023312	u/PainAintMyThing	fltayxz	u/RepostSleuthBot	fltawar	C
2020-03-29 03:05:01.566532	u/reek1729	fltazur	u/213_Ants	fltavtk	C
2020-03-29 03:05:27.223785	u/ChA0X9T1	fltb0n8	u/rogue-wolf	fltaq4k	C
2020-03-29 03:06:19.077945	u/The_Boss69	fltb2bc	u/holy-padre	fltb15t	C
2020-03-29 03:06:42.728605	u/Cervinium	fltb303	u/racerfree	flt4cjx	C
2020-03-29 03:07:30.226531	u/MidDayDreaming	fltb4bp	u/CesarGameBoy	flt5iet	C
2020-03-29 03:07:34.320555	u/S0larStuff	fltb4n3	u/ww3veteranLevel99	flscp3j	C
2020-03-29 03:07:35.927714	u/greyseeme	fltb4nh	u/VeryNerdyNate	flt8z0b	C
2020-03-29 03:07:40.804635	u/wagwan123_	fltb4u5	u/Appah0625	flslonv	C
2020-03-29 03:08:48.352377	u/R3t4rd3dD3m0n	fltb7vx	u/ArturPolskiNoob	flrsjsm	C
2020-03-29 03:08:52.476938	u/Gr1mm3r	fltb81s	u/Minecool75	flt4z0j	C
2020-03-29 03:09:01.929307	u/Blue-lue	fltb8kg	u/Gubq	fl5lyk4	C
2020-03-29 03:09:28.328577	u/Yeeter_of_kids123	fltb9vw	u/capitalistpiggy22	flstxuh	C
2020-03-29 03:09:37.173678	u/T1p5	fltbamm	u/Inception1109	flt8fih	C
2020-03-29 03:09:45.575350	u/RealLeeSD	fltbb5f	u/RepostSleuthBot	flt9t5y	C
2020-03-29 03:09:47.834175	u/essediversum	fltbb7p	u/Byjayen123	fqrfo9	S
2020-03-29 03:09:49.542118	u/Malesaresubhuman	fltbbb3	u/enlarged-tuna-fish	flsnwql	C
2020-03-29 03:10:34.113971	u/litorisp	fltbchs	u/Jerrelh	flt88jp	C
2020-03-29 03:10:47.555033	u/DizzyAckWack	fltbcog	u/Xploiter_RBLX	fls9j0i	C
2020-03-29 03:11:11.216043	u/Fpaoullis	fltbdgt	u/CAEZARLOV	flt36bu	C
2020-03-29 03:11:22.849568	u/Yellow_Lemon_Monster	fltbds4	u/fualtyzane	flsy31o	C
2020-03-29 03:11:54.615801	u/vanchoDotPro	fltbetc	u/34815	fltb4tz	C
2020-03-29 03:12:16.863465	u/SeaPotato8	fltbfho	u/leko-baye	flqmhdd	C
2020-03-29 03:12:27.835426	u/Moha_HT	fltbfmn	u/CesarGameBoy	flsz4zx	C
2020-03-29 03:13:04.278936	u/alicatkittyn	fltbggb	u/Triande	fltb55d	C
2020-03-29 03:13:07.443052	u/ChonkyXL	fltbgmw	u/azrulqos	flsmua6	C
2020-03-29 03:13:36.338901	u/KingzWarz1	fltbh98	u/RealHuman3001	flt9kmg	C
2020-03-29 03:13:46.130313	u/andythepancake11	fltbhns	u/Fella25	flsgk8n	C
2020-03-29 03:14:11.138690	u/Pricytoaster	fltbie3	u/Rich-Market	fqy7he	S
2020-03-29 03:14:26.965223	u/thanatotus	fltbirx	u/SomeRoboDinoKing	flt9msm	C
2020-03-29 03:14:48.598325	u/Artiqo	fltbjgo	u/ThatYellowElephant	flt53zv	C
2020-03-29 03:15:46.075190	u/Xylophon56	fltbljv	u/generalTRUMP_	fltazcx	C
2020-03-29 03:16:14.793339	u/mitey678	fltbm7c	u/Asil001	fjjn76	S
2020-03-29 03:16:34.530344	u/jaikishan23	fltbn3j	u/EndmanTMT_Memes	flta48j	C
2020-03-29 03:16:37.314490	u/UnholyPrognosi	fltbn6v	u/SuperCx	fltamnb	C
2020-03-29 03:16:54.400493	u/vinnievidivinci	fltbnw2	u/koajaffe	flt4euj	C
2020-03-29 03:17:44.448315	u/berget18	fltbpm1	u/smokegrass_sledfast	flro5ke	C
2020-03-29 03:17:46.766043	u/C1nRr	fltbppx	u/awsnail	flta88n	C
2020-03-29 03:17:52.587613	u/battery_low_	fltbpte	u/Newguy183	flt7tzy	C
2020-03-29 03:17:58.614327	u/smnmsk	fltbq0j	u/potatoflaming0	flt62d7	C
2020-03-29 03:18:31.509916	u/WyldeWyvern17	fltbra6	u/Normie9	flt9wbb	C
2020-03-29 03:18:41.338955	u/GreenhouseBug	fltbrwy	u/MoroseTraveller	flt8bk3	C
2020-03-29 03:18:50.998967	u/Gogito35	fltbsea	u/knight-that-says-ni	flt3v0h	C
2020-03-29 03:18:54.917483	u/The-Mythical-Phoenix	fltbsiv	u/Row-well	fltbd15	C
2020-03-29 03:19:06.471928	u/GoldenWimp	fltbss7	u/Billy_T_Wierd	flsmyjv	C
2020-03-29 03:19:09.860041	u/BeanyBoi77	fltbt0z	u/Azrael_Fornivald	fltbgec	C
2020-03-29 03:19:27.916672	u/Rooferkev	fltbu89	u/Xploiter_RBLX	fls8eg5	C
2020-03-29 03:19:53.240142	u/NobleRH13	fltbvcj	u/duck_masterflex	fltagl4	C
2020-03-29 03:20:00.036132	u/redditmemer177	fltbvq8	u/HornyAssBreadSticks	flrstpr	C
2020-03-29 03:20:21.241825	u/thegobgolgabgolab420	fltbw4e	u/Tzar-Sand-Hanitizer	fltbch5	C
2020-03-29 03:21:01.543925	u/SneakyFruitBat	fltbx9n	u/offrythem	fltb68v	C
2020-03-29 03:21:18.066220	u/soundwavesupeior23	fltbxlf	u/minecraftisthebest6	flt8wlo	C
2020-03-29 03:21:21.393838	u/ItSaNuSeRnAmE	fltbxow	u/CottonEyeJOEMAMA	fltbhqf	C
2020-03-29 03:21:23.633365	u/belugabcool	fltbxvx	u/cpt_Chiken	flsqfiu	C
2020-03-29 03:21:35.401070	u/Pizeblu	fltby4q	u/panthefryingdan	flt18e5	C
2020-03-29 03:21:37.650962	u/psychomomp	fltby5c	u/NOLANick2015	flt7jbr	C
2020-03-29 03:21:57.215034	u/Small_Tanko	fltbylg	u/MrProbation	fltbuyi	C
2020-03-29 03:22:05.217364	u/Midieval_medic	fltbynx	u/LoudGlove	flstyn3	C
2020-03-29 03:22:13.092982	u/gixxer-750	fltbyvf	u/Gr1mm3r	fltbjcf	C
2020-03-29 03:22:58.725580	u/MostDank420	fltc04r	u/Destore_	fl6c1dc	C
2020-03-29 03:23:11.229688	u/doyouneedtokno	fltc0gw	u/15warrior	flsvrxj	C
2020-03-29 03:23:34.246844	u/LexaJ	fltc12i	u/JimbolTens	fltbt91	C
2020-03-29 03:24:11.923953	u/LoliLewderLawliet	fltc2da	u/DeadMan-Walkin	flt2bkk	C
2020-03-29 03:24:45.696218	u/alfunzo	fltc38z	u/Jerrelh	flt88jp	C
2020-03-29 03:25:06.750726	u/EpicGamer42091169	fltc3zg	u/LukeBlockwalker69	fltbtnu	C
2020-03-29 03:25:30.064956	u/Zeebird95	fltc4ky	u/Cocogenji	flsy0eo	C
2020-03-29 03:25:44.495139	u/hotstank	fltc56i	u/big_pee_peeman	fltc18i	C
2020-03-29 03:25:47.616097	u/flamingo15	fltc5c1	u/Anim0taku	fltajs6	C
2020-03-29 03:25:53.374594	u/skyshadowhunter	fltc5i4	u/Tru_Drone_Videos	fltb58a	C
2020-03-29 03:26:29.893980	u/SirAren	fltc6vb	u/C1nders-Two	fltb75u	C
2020-03-29 03:26:41.069219	u/Ice_Bean	fltc7bh	u/Wondervv	fls6h5a	C
2020-03-29 03:27:04.605283	u/marc69420	fltc7we	u/Ttodd9	fltbwr1	C
2020-03-29 03:27:26.949558	u/manasmeme	fltc8oy	u/jaikishan23	fltbn3j	C
2020-03-29 03:27:56.168763	u/Ondra007	fltc9kv	u/MajesticSpaceCat	fltc2ql	C
2020-03-29 03:27:59.330486	u/Tuckboi69	fltc9mq	u/RepostSleuthBot	flt9ntv	C
2020-03-29 03:28:03.286238	u/AllTheLove__H__	fltc9qo	u/bubbleboysdad	flt6c2x	C
2020-03-29 03:28:56.555056	u/AlAinspirit	fltcbb8	u/JimbolTens	fltc36b	C
2020-03-29 03:28:57.780317	u/yaboiprettyrich	fltcbbl	u/Wiseonejambo	flt6sve	C
2020-03-29 03:29:02.690626	u/ChillRedditMom	fltcbez	u/RepostSleuthBot	flt9dys	C
2020-03-29 03:29:27.045825	u/oofush	fltcctv	u/hajahagaha	flqdz3k	C
2020-03-29 03:29:43.790307	u/fatspencer	fltcdrw	u/VishVarm	fltbx50	C
2020-03-29 03:29:54.107162	u/supersolivagant	fltcemv	u/Row-well	flt1xln	C
2020-03-29 03:30:19.597184	u/theofficialhung	fltcf78	u/BlakeLM	flse8ub	C
2020-03-29 03:30:57.325355	u/xEu20Matar	fltcg36	u/Ondra007	fltc9kv	C
2020-03-29 03:31:10.132703	u/Sta_mi_na	fltcge4	u/DapperBone	flsvd0k	C
2020-03-29 03:31:21.932917	u/cringecracker	fltcgnv	u/Samurai_IX	flt8ln6	C
2020-03-29 03:31:41.641653	u/JumpingWarlock	fltch6j	u/jackiejakal	fltc7a0	C
2020-03-29 03:32:18.673232	u/captnbass	fltci3o	u/RepostSleuthBot	fltbmrz	C
2020-03-29 03:32:39.526728	u/scoopydipoop	fltcih1	u/Breakfeast-Bo_23	flt9tjo	C
2020-03-29 03:32:45.672164	u/broshaine	fltcike	u/darkbluebroccoli	fltbrze	C
2020-03-29 03:32:47.826577	u/totallyEl3ktrik	fltcil2	u/Kobaxi	flrxkhm	C
2020-03-29 03:33:09.953600	u/WhomstLetThyMemesOut	fltciz2	u/fualtyzane	flmu4ix	C
2020-03-29 03:33:25.948301	u/An1h_	fltcjj3	u/marc69420	fltchju	C
2020-03-29 03:33:29.244786	u/sexycrackhead	fltcjnc	u/ScreamingWeevil	fltblgk	C
2020-03-29 03:33:34.615203	u/wolfflow11	fltcjrp	u/smolraven	flss2ue	C
2020-03-29 03:33:40.651224	u/luke_hawkson	fltcjtk	u/Weedes1984	flta3b5	C
2020-03-29 03:34:27.229866	u/HegardtZ1	fltckvj	u/Respect_Paying_Bot	fltcfsx	C
2020-03-29 03:34:31.209255	u/Red_Scythe_777	fltckxm	u/Papa-Pepperoni1	flsovtc	C
2020-03-29 03:34:49.672397	u/Destructobot2000	fltclb4	u/FISH_GAMING_OFFICIAL	flsey8x	C
2020-03-29 03:35:11.895307	u/GFA786	fltclwc	u/Fluffywolf1218	flta7dk	C
2020-03-29 03:35:40.346943	u/beaver_and_butthole	fltcmo9	u/Funny_Safety	flt3f1u	C
2020-03-29 03:35:48.352433	u/JelIyfrick	fltcn08	u/Gum_Drop25	flt9969	C
2020-03-29 03:36:24.030443	u/THEGUdMANN	fltcnu0	u/offrythem	flt491b	C
2020-03-29 03:37:20.275678	u/ThatCreepyGuy420	fltcp7x	u/knight-that-says-ni	flt3sqn	C
2020-03-29 03:37:59.847021	u/OverpoweredSalad	fltcqgn	u/RepostSleuthBot	flt0z3i	C
2020-03-29 03:38:03.326103	u/tgrneal	fltcqkd	u/AlyssaTheWolf	flrnjh8	C
2020-03-29 03:38:34.236433	u/seaque42	fltcraz	u/drsawyer64	flskxv1	C
2020-03-29 03:38:39.960488	u/Nacoose	fltcrjk	u/Kermit______	fltcnnx	C
2020-03-29 03:38:51.255946	u/007baldy	fltcs1t	u/TomatoIsPotato	flt9ick	C
2020-03-29 03:38:54.098048	u/redditalisong66	fltcs4i	u/Manzar534	flqk0d5	C
2020-03-29 03:38:56.064708	u/MelwinHarris	fltcs7e	u/gixxer-750	flswo4z	C
2020-03-29 03:39:02.444550	u/freddolee	fltcsk3	u/7u4ucr	flskpkn	C
2020-03-29 03:39:06.846674	u/Smell_My_Fart_Bitch	fltcsof	u/wolly1234	fltc64u	C
2020-03-29 03:39:13.369611	u/GR1FF1NGTON	fltcsxz	u/weoweom	flt4uhw	C
2020-03-29 03:39:15.461810	u/jeroenj93	fltct1i	u/Row-well	flt1xln	C
2020-03-29 03:39:35.714869	u/turninc	fltctuc	u/Anim0taku	flsusrz	C
2020-03-29 03:39:49.428192	u/igdill	fltcurz	u/Portal4life	fltcr95	C
2020-03-29 03:39:57.235765	u/KuebelGorgon	fltcvea	u/I-Like-Your-Moves	fltccq7	C
2020-03-29 03:39:59.004597	u/yellow_logic	fltcvjb	u/Tahuka	flr95a9	C
2020-03-29 03:40:03.081980	u/pburd08	fltcvpa	u/JaydinoBoi	fltcc5e	C
2020-03-29 03:40:11.046422	u/M4Dheart	fltcvvu	u/broshaine	fltcike	C
2020-03-29 03:40:13.421705	u/memelord1600	fltcvyo	u/luke_hawkson	fltcjtk	C
2020-03-29 03:40:47.079779	u/exuberant_turtle	fltcwrb	u/Ttodd9	fltcudb	C
2020-03-29 03:41:16.188101	u/mansnothot69420	fltcxe0	u/G48732	fltcp64	C
2020-03-29 03:41:36.854748	u/Alakiw	fltcxt0	u/Kermit______	fltcryo	C
2020-03-29 03:41:59.987312	u/kokorikhidir	fltcyb0	u/BigSkuu	flspqjc	C
2020-03-29 03:42:17.545320	u/CorvekBlue	fltcyub	u/greyseeme	fltci8h	C
2020-03-29 03:43:20.291082	u/SmolFsh69	fltd0s0	u/theonetheonetheonly	fltcy11	C
2020-03-29 03:43:41.684176	u/vktrflcts	fltd1ao	u/xmattar	flt9qfy	C
2020-03-29 03:44:15.631605	u/herrpiwi	fltd27t	u/SmolFsh69	fltd0s0	C
2020-03-29 03:44:28.022590	u/HelloMarshall	fltd2h0	u/SonsMaCat	fltcqre	C
2020-03-29 03:44:35.598271	u/SpeedyAceMan	fltd2q3	u/lithacker	flt05p7	C
2020-03-29 03:44:40.489210	u/Redrenus	fltd2v1	u/leaderofthevirgins	fltbdvs	C
2020-03-29 03:45:13.381917	u/_skrt_skrt_	fltd428	u/shirukien	flt1907	C
2020-03-29 03:45:48.112610	u/ItzChris2990	fltd50c	u/z932074	flt0xaz	C
2020-03-29 03:45:53.480192	u/RysSelvas	fltd55l	u/Azrael_Fornivald	fltckrq	C
2020-03-29 03:46:01.692313	u/magnum_xerneas	fltd5dz	u/MoroseTraveller	flt8bk3	C
2020-03-29 03:46:17.499133	u/Dooplyss	fltd5yb	u/Cocogenji	flsxvwh	C
2020-03-29 03:46:45.153306	u/BrokeassIronman	fltd6jn	u/BluPandaTV	flt40v3	C
2020-03-29 03:46:57.092083	u/name_in_use0sorry	fltd6zs	u/dozingbuilder42069	flsizmj	C
2020-03-29 03:47:11.671867	u/Dennis070599	fltd7fx	u/lonewolf124260	flsqsug	C
2020-03-29 03:47:25.900156	u/QueenElphame	fltd7yc	u/Laternen	fltchrn	C
2020-03-29 03:47:34.157020	u/Chowza456b	fltd8af	u/TheBlazingTrident	fltd7sf	C
2020-03-29 03:47:39.011352	u/DarkShadowMemesOff	fltd8g2	u/Fatyoshi-	flta6no	C
2020-03-29 03:47:43.171573	u/literallgarbage	fltd8ie	u/ArcticPiglet	flrx719	C
2020-03-29 03:47:50.435098	u/D-money420	fltd924	u/Ironwill922	flskw1v	C
2020-03-29 03:48:12.151601	u/creamoftoenail	fltd9ik	u/xXN8Th3Gr8Xx	flt9f0e	C
2020-03-29 03:48:14.442154	u/rchang1202	fltd9ml	u/seltzertyler	fltd1na	C
2020-03-29 03:48:16.659338	u/pengu1ne	fltd9ni	u/SmolFsh69	fltd0s0	C
2020-03-29 03:48:33.982406	u/XrosBlade	fltda6p	u/Freindlythugs42069	flsvdk2	C
2020-03-29 03:48:41.665637	u/JustJaxJackson	fltdagg	u/SubjectAssassination	flphqll	C
2020-03-29 03:48:43.384863	u/hmmblueberries	fltdai7	u/itzdacks	fqohkj	S
2020-03-29 03:48:47.530557	u/Ol_Lou_The_Great67	fltdanf	u/Gnagetftw	fltc7ut	C
2020-03-29 03:48:57.891763	u/chiknkeinnugegett	fltday7	u/P3NubButter	flsxpil	C
2020-03-29 03:49:08.786621	u/pubbiee	fltdb7q	u/tab_s	flryr8v	C
2020-03-29 03:49:19.750000	u/Kreeperkillz21	fltdbmt	u/M4Dheart	fltcvvu	C
2020-03-29 03:49:27.616795	u/BlueNano21	fltdbun	u/DarthTheo	fls9hx4	C
2020-03-29 03:49:37.669720	u/jayden_is_birb	fltdc9p	u/energizeghost	flt2xwz	C
2020-03-29 03:49:39.992634	u/soapss28	fltdcei	u/Slomo-sapien	flt3njh	C
2020-03-29 03:49:44.521347	u/Cheap_Highway	fltdcke	u/alreadyinuses	flsm5aj	C
2020-03-29 03:50:29.190980	u/Melotainment	fltdewu	u/thelonelygenuis	flt9i2e	C
2020-03-29 03:51:52.434845	u/M3thaforce	fltdhbu	u/herrpiwi	fltd27t	C
2020-03-29 03:51:57.999530	u/TONGAC1	fltdhhp	u/ToxicSnakeBoi420	fltbov3	C
2020-03-29 03:52:00.213417	u/HerraHiku	fltdhhy	u/TTK_Immortal	flt56kn	C
2020-03-29 03:52:53.158904	u/dat2ha	fltdirn	u/bubbleboysdad	fltcbd3	C
2020-03-29 03:53:07.119675	u/MinisculeMax	fltdj8x	u/zildjianvaleros	flt58gu	C
2020-03-29 03:53:21.312545	u/notnormal23	fltdjn8	u/pizzaisnotgay	fltdeyv	C
2020-03-29 03:53:33.387246	u/random_Boomer	fltdk0o	u/rogue-wolf	fltaq4k	C
2020-03-29 03:53:35.578121	u/senzapatria	fltdk1r	u/ImagnEndrDragns	flt9juc	C
2020-03-29 03:53:58.080885	u/stojcekiko	fltdkm3	u/alldaygaming247	flr46r5	C
2020-03-29 03:54:11.368606	u/Bl3ckR3v3n	fltdl04	u/CesarGameBoy	flt659w	C
2020-03-29 03:54:30.582664	u/Semicharme79	fltdlsf	u/CesarGameBoy	flt4835	C
2020-03-29 03:54:36.112595	u/pascale23	fltdlvd	u/TheMartinGoldShow	flsltr5	C
2020-03-29 03:55:29.423787	u/Elxyamguite101	fltdnj9	u/RepostSleuthBot	flt33c7	C
2020-03-29 03:55:35.328545	u/gnsoria	fltdnrq	u/darrenbrads123	flta0l0	C
2020-03-29 03:56:03.565282	u/Fishstikz	fltdosp	u/Admirable_Hawk	flt66yp	C
2020-03-29 03:56:07.215699	u/blasphemous__	fltdovf	u/SonsMaCat	fltdo8g	C
2020-03-29 03:56:15.434073	u/ANAL_MOIST_VAGINA	fltdp37	u/racerfree	fltdn2k	C
2020-03-29 03:56:44.731980	u/NoOne-AtAll	fltdq8e	u/its-treason-then-	fltcka0	C
2020-03-29 03:56:53.813800	u/Juinyk11	fltdql4	u/dead-memes-man64	flt26zk	C
2020-03-29 03:57:08.815313	u/thesockswhowearsfox	fltdr3b	u/fatspencer	fltcnlv	C
2020-03-29 03:57:14.985129	u/trislerp	fltdr7i	u/isaacxg123	fqzs5f	S
2020-03-29 03:58:00.475433	u/vice96	fltdswk	u/forwonderfreak	fltd861	C
2020-03-29 03:58:33.377117	u/DodogamaFan	fltdu4y	u/sunbleahced	fltdt40	C
2020-03-29 03:58:41.783134	u/ajran_adib139	fltduf6	u/vansh_0765	fls7ytj	C
2020-03-29 03:58:43.935123	u/angussw	fltduis	u/Jerrelh	flt88jp	C
2020-03-29 03:58:46.029171	u/ItzDaDutchSheep	fltdunn	u/PewDieDux	fls9s6p	C
2020-03-29 03:58:52.621408	u/--aerox	fltdusq	u/RaNdOmKaReNdEsTrOyEr	fltcvd7	C
2020-03-29 03:59:15.702609	u/PC-BS	fltdvxg	u/chaspich	fltduws	C
2020-03-29 03:59:21.940363	u/Mister_Posting	fltdw7v	u/Tru_Drone_Videos	fltacsy	C
2020-03-29 03:59:28.637484	u/DecDaddy5	fltdwgn	u/bubbleboysdad	flsxet2	C
2020-03-29 03:59:35.739245	u/CommanderT_Oso7	fltdwvu	u/RysSelvas	fltd55l	C
2020-03-29 03:59:37.225694	u/Nitro_nummets	fltdww9	u/VeryNerdyNate	fltauy5	C
2020-03-29 03:59:38.646577	u/lolsisen	fltdwzq	u/MoBambaGaming	flsc8zf	C
2020-03-29 03:59:46.299208	u/amagerboy	fltdxg6	u/M3thaforce	fltdhbu	C
2020-03-29 03:59:50.225001	u/UmpquaICE	fltdxkq	u/G48732	fltdw4t	C
2020-03-29 03:59:54.151960	u/pranjalpie	fltdxzv	u/Gubq	fl5lg0s	C
2020-03-29 03:59:58.348938	u/Thy-Savior	fltdyaz	u/Warhammer55	flt6ljd	C
2020-03-29 03:59:59.444773	u/Ethanol_Happiness	fltdyd5	u/fualtyzane	flrwhe8	C
