2020-03-26 22:00:10.248903	u/OoferBooferBoy	flm43yk	u/Blerpers	flm2pqi	C
2020-03-26 22:00:14.901733	u/Dragwhal	flm441g	u/Dinomite35	flm1783	C
2020-03-26 22:00:31.716578	u/RudeDirectSlav	flm44el	u/capitalistpiggy22	fllwvfp	C
2020-03-26 22:00:53.957926	u/G-Man-teeman73	flm45br	u/RepostSleuthBot	fll7sdq	C
2020-03-26 22:01:09.360755	u/JerryKujo	flm45vg	u/tntyeeterOOF	fllz6s5	C
2020-03-26 22:01:24.795694	u/Yeetermometer	flm469i	u/LordDraco781	fle9p0s	C
2020-03-26 22:02:04.807952	u/Moyeezes	flm47x4	u/raickiey	fllww8m	C
2020-03-26 22:02:08.870232	u/bhohensee23	flm47xw	u/Tru_Drone_Videos	flljir7	C
2020-03-26 22:02:19.924858	u/RepMain	flm4899	u/_Xand0n_	fllxe0t	C
2020-03-26 22:02:41.416504	u/SteveTheSoviet	flm48zn	u/Aer0dynamix	flm005s	C
2020-03-26 22:02:49.221724	u/TheWaterPanda75	flm4998	u/Hephaestus_God	flm1nzx	C
2020-03-26 22:03:27.140071	u/Malorem	flm4ao7	u/NowThatsASpicyTamale	fll159d	C
2020-03-26 22:03:47.710385	u/captainboyee	flm4bcd	u/MrDiamond64	flk9cuh	C
2020-03-26 22:04:37.823627	u/Carrotsniper690	flm4cmq	u/zeeeeeeeeepoop	fllbm84	C
2020-03-26 22:04:41.562518	u/NIGHTDEMON69	flm4co6	u/Festivetadpole	flm3x51	C
2020-03-26 22:05:29.011324	u/nikelreganov	flm4e9y	u/racerfree	flkp325	C
2020-03-26 22:05:47.645554	u/thaidangquoc290103	flm4eu2	u/Jakzeti	fllkllk	C
2020-03-26 22:06:17.792618	u/-PoopScooper-	flm4fro	u/Bhawks489	fllrdxj	C
2020-03-26 22:06:53.278755	u/worlddestroyerX	flm4hpd	u/ArticWoomy	flm0jlv	C
2020-03-26 22:07:28.422499	u/Lucifer666158	flm4jdh	u/maninblakkk	fllrm0g	C
2020-03-26 22:07:36.708589	u/RubberTurtleDuck	flm4jwa	u/RepostSleuthBot	fllnfl4	C
2020-03-26 22:07:49.247883	u/Bah-Hah	flm4k4i	u/PKownzu	fllm45y	C
2020-03-26 22:08:04.033273	u/jamakin-mango	flm4ku2	u/ChefSemiColon	flm4dyz	C
2020-03-26 22:08:05.549712	u/Salami_Samurai	flm4ku7	u/drfunnyb	flm4eib	C
2020-03-26 22:08:17.849428	u/simoneon35	flm4lj7	u/xx_minecrafpro_xxX	flm48dl	C
2020-03-26 22:08:41.805806	u/blackmemer-	flm4mn0	u/A70guy	flm2uo5	C
2020-03-26 22:08:48.669080	u/bandwagonmisanthrope	flm4mwe	u/Nervous-Pervous_Ned	flklf3b	C
2020-03-26 22:09:17.974880	u/sc2021	flm4o8x	u/febfreeze	flm04np	C
2020-03-26 22:09:42.127627	u/msd2345	flm4r5h	u/Xploiter_RBLX	flm4fgx	C
2020-03-26 22:09:45.276052	u/FishBoi6242002	flm4rf4	u/thereapererer	flm429k	C
2020-03-26 22:09:49.644843	u/RustyShank99	flm4rzs	u/Bhawks489	flm2uon	C
2020-03-26 22:09:52.420642	u/itsyaboi8976	flm4sdi	u/Cracked_Eggg	flm4qx5	C
2020-03-26 22:09:54.146195	u/thelazyeggbro	flm4sg3	u/Xploiter_RBLX	flm4cih	C
2020-03-26 22:09:56.418284	u/RedWingedAirplane	flm4sut	u/capitalistpiggy22	flm389w	C
2020-03-26 22:10:10.462459	u/cryptOwOcurrency	flm4ts2	u/OWOverwatch	flkpqbn	C
2020-03-26 22:10:16.085602	u/iMdEdInSiDe69420	flm4tu9	u/plsdontfriendzoneme	flm1lyp	C
2020-03-26 22:10:41.136435	u/wlogan0204	flm4uiv	u/Bah-Hah	flm4q5s	C
2020-03-26 22:10:44.972994	u/Frijole_guy	flm4ung	u/Anay_Singh	flk50zv	C
2020-03-26 22:10:48.334243	u/PM_ME_LOOSE_LIPS	flm4unp	u/karysmatique	flm4mua	C
2020-03-26 22:10:53.102770	u/fireking64	flm4uzw	u/fualtyzane	fllzgvy	C
2020-03-26 22:10:57.712540	u/TheGlamisMonster	flm4v5c	u/Fish_Falling	fllad2h	C
2020-03-26 22:11:20.877595	u/MoonlessNightss	flm4vtk	u/plsdontfriendzoneme	flm1lyp	C
2020-03-26 22:11:24.315492	u/Dziuma56	flm4vwb	u/1BLEES	flm0f4k	C
2020-03-26 22:11:36.624471	u/Jace9o	flm4w3j	u/1BLEES	flm4pja	C
2020-03-26 22:11:52.980018	u/OliverRheen	flm4wij	u/Paladin_leeroy27	flm4t4w	C
2020-03-26 22:12:19.918893	u/unhabbited	flm4x1k	u/Kriotik	flm438p	C
2020-03-26 22:12:32.728897	u/The_Dark_Boco	flm4xbq	u/GreenHuskies	fllb2su	C
2020-03-26 22:12:39.224992	u/3577733	flm4xk2	u/Xploiter_RBLX	flm43z3	C
2020-03-26 22:12:46.964536	u/RandomKid6969	flm4xpp	u/Boudac123	fllpj9t	C
2020-03-26 22:13:01.304905	u/CKMiller5	flm4y58	u/Inf1n1tyMagic	flm4gy4	C
2020-03-26 22:13:37.645516	u/tatertotxd	flm4znb	u/SlavBoy47	flklp08	C
2020-03-26 22:13:59.371990	u/BucasBaadBe	flm50ap	u/Salami_Samurai	flm2fx9	C
2020-03-26 22:14:10.281996	u/Narkotikz_	flm50ou	u/Respect_Paying_Bot	flm4zvp	C
2020-03-26 22:14:30.591054	u/SCPH5501	flm518x	u/Dinomite35	fllzqm5	C
2020-03-26 22:14:50.771089	u/Relaxedopiate	flm523h	u/austen_ventures	flm11ns	C
2020-03-26 22:14:59.956437	u/Zerroko3	flm5292	u/Wsdies	flm29u7	C
2020-03-26 22:15:11.607568	u/christianboyo	flm52hw	u/Lord_CoatRack	flm13o5	C
2020-03-26 22:15:27.547880	u/SomeOverlyEdgyName	flm52tx	u/diesingay	fllh893	C
2020-03-26 22:15:34.813582	u/lolfuxxmeh	flm534g	u/JordiniTheGreat	flm1gkt	C
2020-03-26 22:15:53.728076	u/Aidan_992	flm542n	u/ndag200415	flm3swp	C
2020-03-26 22:16:04.121931	u/Dudesly-Games	flm54gr	u/RepostSleuthBot	flm3l75	C
2020-03-26 22:16:30.754498	u/TZf14	flm555e	u/RepostSleuthBot	flm0g25	C
2020-03-26 22:16:36.234049	u/Glitchimus-Prime	flm55eh	u/RepostSleuthBot	fllnfl4	C
2020-03-26 22:16:38.148034	u/Kdawg360X	flm55hw	u/Potatotheooflord	fl5ewkn	C
2020-03-26 22:16:41.134606	u/PoorBeggerChild	flm55mp	u/RudeDirectSlav	flm44el	C
2020-03-26 22:16:45.749835	u/devilzson666	flm55wb	u/Xploiter_RBLX	flm4bem	C
2020-03-26 22:16:47.625702	u/onesaltyboi6767	flm55yf	u/ThisIsSuperFunny	fll12dg	C
2020-03-26 22:17:24.225612	u/lantoid	flm57h1	u/Dinomite35	flly4dd	C
2020-03-26 22:17:29.566145	u/unicornwithoutapoint	flm57kk	u/Aer0dynamix	flm005s	C
2020-03-26 22:17:33.086152	u/Bean_Bandit666	flm57lj	u/PEST1LENCE_77	flm4li3	C
2020-03-26 22:17:36.895476	u/AxelTDM	flm57p7	u/racerfree	flm4pnv	C
2020-03-26 22:17:44.180443	u/poooeyes	flm581n	u/toomuchtACKtical	flm040i	C
2020-03-26 22:17:55.175064	u/me1499	flm58e5	u/worlddestroyerX	flm4hpd	C
2020-03-26 22:18:12.766687	u/gunnarboyd	flm5945	u/S3V3ND4YF3V3R	flm545t	C
2020-03-26 22:18:30.613896	u/IanGecko	flm59pu	u/Plate_Fox	fllzfqb	C
2020-03-26 22:18:48.675840	u/This_Mother_Efer	flm5a7s	u/AxelTDM	flm57p7	C
2020-03-26 22:19:01.995275	u/i-finnaly-got-reddit	flm5amd	u/Mysterious-Gap	flkmygs	C
2020-03-26 22:19:07.015948	u/thedeathmachine	flm5aul	u/harrisonfordfiesta	fllok2m	C
2020-03-26 22:19:17.980105	u/OmniverousAnt1	flm5bt3	u/racerfree	flm599j	C
2020-03-26 22:19:26.343789	u/StopReadingMyUser	flm5c9c	u/KarenIsGae69	flm4we7	C
2020-03-26 22:19:28.168925	u/Just_a_funny_guy2	flm5c9n	u/shipwreckedgirl	flm3tzy	C
2020-03-26 22:19:32.497275	u/Fourt-Nuyt	flm5clr	u/Bhawks489	flm4959	C
2020-03-26 22:19:39.535510	u/stubitman12	flm5d02	u/capitalistpiggy22	flm4ty8	C
2020-03-26 22:19:52.780342	u/myname108	flm5dzn	u/Xploiter_RBLX	flm42q5	C
2020-03-26 22:20:03.276775	u/some_fbi_agent	flm5ecy	u/plsdontfriendzoneme	fllf8fs	C
2020-03-26 22:20:32.827889	u/MrCoolC	flm5fbw	u/Idk_nor_do_I_care	flllb3n	C
2020-03-26 22:21:08.890589	u/Andy-Bowen	flm5gg5	u/capitalistpiggy22	flm4ty8	C
2020-03-26 22:21:12.139004	u/MidBracelet2350	flm5gg9	u/chocolate-jellyfish	flm39qn	C
2020-03-26 22:21:45.636485	u/Alonut	flm5hs1	u/SheevIsGod	fpn36r	S
2020-03-26 22:21:51.286845	u/thesafinster	flm5i4l	u/MssDevil	flm5fvt	C
2020-03-26 22:22:03.944280	u/lfgm2020	flm5iiq	u/HaileeNun13	fllzbof	C
2020-03-26 22:22:22.513070	u/Cool_Vibrations1	flm5j1s	u/damian016	flm04z2	C
2020-03-26 22:22:33.646949	u/Zhorus	flm5jlv	u/Respect_Paying_Bot	flm5hby	C
2020-03-26 22:22:41.046463	u/JGElias	flm5jxl	u/RepostSleuthBot	flljhs8	C
2020-03-26 22:23:10.042215	u/YouOliver	flm5kvn	u/RepostSleuthBot	flm0r08	C
2020-03-26 22:23:17.642187	u/Lenny47	flm5l4z	u/doyouknowdewsy	flm2evy	C
2020-03-26 22:23:23.055026	u/crazytardigrade333	flm5lcz	u/Predator_Hicks	flm2sm7	C
2020-03-26 22:23:28.560361	u/Sinister3214	flm5li6	u/capitalistpiggy22	fllwvfp	C
2020-03-26 22:23:50.605865	u/ThePieBaker90	flm5m5f	u/Nervous-Pervous_Ned	flklix1	C
2020-03-26 22:23:58.453937	u/iheretoupvote	flm5m9m	u/Xploiter_RBLX	flm42q5	C
2020-03-26 22:24:20.835829	u/LuhhTreBeatz	flm5n3a	u/RepostSleuthBot	flm5k46	C
2020-03-26 22:25:05.751974	u/ACatWhoUsesReddit	flm5p25	u/OoferBooferBoy	flm43yk	C
2020-03-26 22:25:37.378390	u/wlrNck	flm5pst	u/AnnexFromCanada	flm2wsj	C
2020-03-26 22:25:57.890013	u/MrNerdy42	flm5qs1	u/_Xand0n_	flm5ecm	C
2020-03-26 22:26:40.326017	u/FuntimeArmy102_YT	flm5s41	u/hdjfug	fl5qs5u	C
2020-03-26 22:26:46.990518	u/thepotatopulp	flm5sej	u/Super_dragon99999	flm5eb2	C
2020-03-26 22:27:19.966137	u/DeathSpammz	flm5tp8	u/bigchillsharky	flkeif1	C
2020-03-26 22:27:46.739743	u/Ora325	flm5ux6	u/Xploiter_RBLX	flm4sve	C
2020-03-26 22:27:54.717627	u/legandoflink	flm5v9j	u/666bible69420	fllltbf	C
2020-03-26 22:28:10.340422	u/Screaming_Tango	flm5vjc	u/Tru_Drone_Videos	fllp39w	C
2020-03-26 22:28:36.983226	u/KomradeKill3r	flm5wn2	u/damian016	flm5s0t	C
2020-03-26 22:28:40.689935	u/UppedSolution77	flm5wsk	u/NachoMemer	flm11w0	C
2020-03-26 22:28:55.262558	u/lax_bro_4	flm5xgt	u/Enhanced_35	flm5cng	C
2020-03-26 22:29:05.133558	u/sadsaucebitch	flm5y9a	u/Bah-Hah	flm5atg	C
2020-03-26 22:29:08.290601	u/Anhicek	flm5yhi	u/domiiinater	fllkzs5	C
2020-03-26 22:29:12.808061	u/Euim	flm5yjk	u/Ben_Herr	flm5uu4	C
2020-03-26 22:29:23.844963	u/FinalDeath009	flm5yv8	u/Aidan_992	flm542n	C
2020-03-26 22:29:38.129039	u/Jomesfonso	flm5zyn	u/me1499	flm58e5	C
2020-03-26 22:30:03.459755	u/UnicyclingClown	flm61yu	u/AutoModerator	flm5z7v	C
2020-03-26 22:30:37.152209	u/VShadowOfLightV	flm638e	u/dishwasher23	fllrmaa	C
2020-03-26 22:30:46.903539	u/Bitchemon	flm63hb	u/Respect_Paying_Bot	flm62oc	C
2020-03-26 22:31:07.211837	u/Vance-Astro	flm646z	u/Xploiter_RBLX	flm4sve	C
2020-03-26 22:31:14.197210	u/1234567891n	flm64ce	u/JakoLee	flm12ps	C
2020-03-26 22:31:17.637788	u/prxdigy_ff	flm64cn	u/wyatt5150	fllluzi	C
2020-03-26 22:31:28.425680	u/RoloPoloTwelve	flm64ms	u/Elpekecr7	flm10st	C
2020-03-26 22:32:28.057631	u/cubic_peen	flm66n8	u/DootNootDootNoot	fl2o1qv	C
2020-03-26 22:32:32.561568	u/I_am_bread9446	flm66oq	u/the_lastgreep	flm4fbf	C
2020-03-26 22:32:51.706285	u/angrylobster_	flm67de	u/Tru_Drone_Videos	flljir7	C
2020-03-26 22:32:57.201767	u/dablife4200	flm67j0	u/MssDevil	flm5pfn	C
2020-03-26 22:33:19.023672	u/CodyM_902	flm68rw	u/RepostSleuthBot	fllt9u3	C
2020-03-26 22:33:56.246575	u/invertedtwave	flm6acx	u/VastTrail	flm0jna	C
2020-03-26 22:34:05.709723	u/BlueTanBedlington	flm6akt	u/domiiinater	fllkzs5	C
2020-03-26 22:34:36.757646	u/Kraut47	flm6cfp	u/Jackyboy923	fll9c8p	C
2020-03-26 22:34:43.059305	u/TheReptillian	flm6cva	u/Nervous-Pervous_Ned	flklf3b	C
2020-03-26 22:35:02.840802	u/discerningpervert	flm6e76	u/a-snakey	flm3m8f	C
2020-03-26 22:35:05.932587	u/steadfastyak	flm6e7z	u/Cripplenippleripple	flm1whd	C
2020-03-26 22:35:15.434750	u/foREVerAvenged26	flm6es1	u/vberl	fli6gkh	C
2020-03-26 22:35:30.407222	u/___Grim____	flm6exc	u/AutoModerator	fllu1bf	C
2020-03-26 22:35:32.355304	u/edp445sToilet	flm6eym	u/A70guy	flm3m37	C
2020-03-26 22:36:51.384498	u/ItsDatCatman	flm6im1	u/Xploiter_RBLX	flm4sve	C
2020-03-26 22:37:02.161250	u/whaleface21	flm6ipa	u/dovedevic	fm5k7j	S
2020-03-26 22:37:22.215945	u/VSN_cs	flm6jov	u/ACatWhoUsesReddit	flm610p	C
2020-03-26 22:37:31.806297	u/Batmanbyday	flm6kar	u/Haarrrri	flm6goh	C
2020-03-26 22:37:45.955820	u/RelevantCustard	flm6kqo	u/elanorsparkles	flluj9l	C
2020-03-26 22:37:48.432457	u/SilentStrikerTH	flm6ktx	u/Dope_Nibba	flljzn0	C
2020-03-26 22:37:52.328505	u/Gnomes3xfetish	flm6kyy	u/Respect_Paying_Bot	flm6ie4	C
2020-03-26 22:37:57.906802	u/a_pieceof_trash	flm6l5y	u/Elijahronnakorn	fllntqg	C
2020-03-26 22:38:04.992450	u/Symetralis	flm6lah	u/Breadfruit123	fllr5mf	C
2020-03-26 22:38:13.545300	u/Invec-tive	flm6lnx	u/CatOkay	flm1nng	C
2020-03-26 22:38:24.907804	u/shamlessplugger	flm6lzt	u/racerfree	flm58c6	C
2020-03-26 22:38:52.750903	u/redheadedplayer	flm6num	u/Ultrabeast55	flm6ax4	C
2020-03-26 22:38:58.733239	u/Jellydogsterio	flm6o48	u/iraolla	fll7xzw	C
2020-03-26 22:39:02.366201	u/KaydenD10	flm6o9c	u/Tru_Drone_Videos	flkl4m8	C
2020-03-26 22:39:21.482489	u/MemeDaddy42069911	flm6pkg	u/meme_soapp	flm6nux	C
2020-03-26 22:39:23.918060	u/daniel80442	flm6pmm	u/MoonlightSonnet	fllimw3	C
2020-03-26 22:39:28.727804	u/the-trash-bag-man	flm6pqf	u/Doehap	fllyjqw	C
2020-03-26 22:39:35.298776	u/IndoFrieza	flm6q56	u/subsartorialplexus	flm333d	C
2020-03-26 22:39:43.523535	u/motosportzs	flm6qzg	u/DeadMan-Walkin	flm3a56	C
2020-03-26 22:39:44.411960	u/Gregico	flm6r3i	u/Xploiter_RBLX	flm4sve	C
2020-03-26 22:39:46.222391	u/volleyballlife1	flm6r7p	u/Generaltiti	flltld5	C
2020-03-26 22:39:51.478880	u/Alundor	flm6rd5	u/racerfree	flkklle	C
2020-03-26 22:40:15.616417	u/ImEverywhereOnReddit	flm6sxt	u/bunnywithahammer	fljdf1c	C
2020-03-26 22:40:49.367983	u/MoltenLead215	flm6u7d	u/Bruhe_Moment609	flllpwa	C
2020-03-26 22:41:28.965178	u/TacticalMicrowav3	flm6vtw	u/right-hand-clyde	flm3qq6	C
2020-03-26 22:41:48.026953	u/El_N00BIS	flm6wjb	u/thelazyeggbro	flm6jdb	C
2020-03-26 22:42:40.081639	u/WDGaster935	flm6y7y	u/MssDevil	flm5yz4	C
2020-03-26 22:43:38.804852	u/Leadfootchimp747	flm70wb	u/Jomesfonso	flm5zyn	C
2020-03-26 22:43:45.873497	u/BADpersonSObad	flm71du	u/DarthXyno843	fllwzrr	C
2020-03-26 22:43:53.746330	u/JOHNTHEBUN4	flm71nv	u/Billy_T_Wierd	fllxqsi	C
2020-03-26 22:44:02.338427	u/Jax1of5	flm71xf	u/Nervous-Pervous_Ned	flklpd7	C
2020-03-26 22:44:17.829475	u/ehzihan	flm72ee	u/a_single_potato	flm6wgv	C
2020-03-26 22:45:10.002443	u/Warlord2252	flm74ky	u/djnipe	fpo5p4	S
2020-03-26 22:45:20.153335	u/Brraaapppppp	flm74yj	u/unclerico589	flm6uxb	C
2020-03-26 22:45:57.728240	u/winnerone23	flm76eq	u/CommandJ21	fl6lmr6	C
2020-03-26 22:46:00.449625	u/The_Intellectual_Egg	flm76lo	u/Xploiter_RBLX	flm4sve	C
2020-03-26 22:46:18.604325	u/SapphicOverload	flm77d9	u/MysticKova	fljlfv8	C
2020-03-26 22:46:32.772943	u/SilentProtagonist446	flm7879	u/Kdawg360X	flm5k6b	C
2020-03-26 22:46:35.590697	u/hellosweetie_11	flm78d4	u/LinkAtrius	flm5std	C
2020-03-26 22:46:42.476691	u/puccicucci	flm78la	u/IanGecko	flm6qi8	C
2020-03-26 22:46:46.953239	u/thebesthasarrived	flm78m7	u/im_jAyPeE	fllzwhz	C
2020-03-26 22:47:01.094756	u/Liedrel	flm7923	u/txsxxphxx2	fllz2t3	C
2020-03-26 22:47:10.419599	u/kirbypuffop	flm79mk	u/Satanic_Moth	fllo1ms	C
2020-03-26 22:47:12.307850	u/friskyfraskyfroo	flm79rl	u/AutoModerator	flm6e56	C
2020-03-26 22:47:24.299243	u/Memethang123	flm7ac3	u/AutoModerator	fllq9oc	C
2020-03-26 22:47:26.032971	u/darealJerBear	flm7aea	u/RepostSleuthBot	flllx41	C
2020-03-26 22:47:49.734976	u/franchuchuy	flm8mqy	u/LazerGamer28	flm84g0	C
2020-03-26 22:48:05.391137	u/Im_Ceros	flm8nf5	u/SteveTheSoviet	flm48zn	C
2020-03-26 22:48:17.591637	u/OppaiFTW	flm8nr7	u/Kylel0519	flm3doy	C
2020-03-26 22:48:26.062334	u/Saydyrya90	flm8o69	u/Kylel0519	flm3doy	C
2020-03-26 22:48:35.307018	u/Pretty_Meat	flm8ooc	u/redFinland	flm8mib	C
2020-03-26 22:48:40.499453	u/bumdiggler	flm8ou1	u/TacticalMicrowav3	flm6vtw	C
2020-03-26 22:48:42.757228	u/NervousPrespective	flm8ovh	u/baker173	flm7fkt	C
2020-03-26 22:49:03.502115	u/PistachioOrphan	flm8po1	u/Fireraptor99	fljqsds	C
2020-03-26 22:49:15.595954	u/duckhuntmain45	flm8qk5	u/redFinland	flm8mib	C
2020-03-26 22:49:19.979293	u/CivilRebe1911	flm8qpc	u/these-are-not-stonkS	flm1nu0	C
2020-03-26 22:49:24.898268	u/WannieTheSane	flm8qwg	u/discerningpervert	flm6e76	C
2020-03-26 22:49:26.097300	u/Ayden43812	flm8qx9	u/racerfree	fllitqg	C
2020-03-26 22:49:52.922227	u/BadPlane2004	flm8sfx	u/cykanugget911	fllwwal	C
2020-03-26 22:49:53.714129	u/Itzuya	flm8sh0	u/YK_241212	flm8qxc	C
2020-03-26 22:49:54.662794	u/clever_whenever	flm8sla	u/NachoMemer	flm8kbr	C
2020-03-26 22:49:59.383938	u/kytos11	flm8tn3	u/-_-Lily-_-	flm0vbj	C
2020-03-26 22:50:47.848064	u/BlazeIsThanos	flm8vdk	u/Xx_Dweeb_xX	flm8o0o	C
2020-03-26 22:51:10.599204	u/TinyPenguin_	flm8wjx	u/mildly-liberal	flm7gtx	C
2020-03-26 22:51:14.918790	u/NewDayIsComing	flm8wp9	u/capitalistpiggy22	flm8sf6	C
2020-03-26 22:51:41.560105	u/Weedes1984	flm8xpr	u/The-Big-Heck	flm7nzn	C
2020-03-26 22:52:01.981745	u/el_toro_bravo	flm8ynb	u/redFinland	flm8a68	C
2020-03-26 22:52:05.341088	u/CriFoxx	flm8ypl	u/BluuBaby0330	flm8w8u	C
2020-03-26 22:52:07.611679	u/skykingjustin	flm8yqf	u/Josifph	fllzx9j	C
2020-03-26 22:52:10.940636	u/thefatcat89	flm8ywl	u/TheGuyWhoKnowsNoses	flm498c	C
2020-03-26 22:52:24.440234	u/TheGreatBigTurnip	flm8zg2	u/1BLEES	flm8uc9	C
2020-03-26 22:53:00.830950	u/wheezetheyeets	flm909e	u/ToasterBath72	fl72utz	C
2020-03-26 22:53:24.856747	u/xAggieman	flm9199	u/subsartorialplexus	flm333d	C
2020-03-26 22:53:30.259030	u/dingding9	flm91nq	u/Tru_Drone_Videos	flkl4m8	C
2020-03-26 22:53:44.812499	u/Rhyno983	flm9273	u/Runicyeets	flm8zw0	C
2020-03-26 22:53:46.907352	u/Pro_Astronaut	flm92d7	u/MSMomany23	fllamwo	C
2020-03-26 22:54:56.262879	u/Robloxfanflamgo	flm95jf	u/LunarXMoonar	fl7cdy0	C
2020-03-26 22:55:26.297559	u/Teaintea	flm96vy	u/NarcoticNermal	flm3o7f	C
2020-03-26 22:55:33.578235	u/focacampo	flm9795	u/RoloPoloTwelve	fppavv	S
2020-03-26 22:55:40.880569	u/flying_shovel52	flm97ff	u/WhosYaDaddyBoi	flm1eo4	C
2020-03-26 22:55:55.726535	u/vince9434	flm98aj	u/Alundor	flm78mv	C
2020-03-26 22:55:58.516350	u/MartianSockPuppet	flm98bq	u/elanorsparkles	flluj9l	C
2020-03-26 22:56:43.097577	u/Evil_Waffle_Eater	flm9as2	u/OfficialEchoTecho	flm0o2p	C
2020-03-26 22:57:03.877453	u/R4ma	flm9c01	u/flyingOR3Ofish	flm97in	C
2020-03-26 22:57:10.561811	u/kilogttam	flm9cau	u/a-snakey	flm3m8f	C
2020-03-26 22:57:47.797658	u/epicfire77	flm9el2	u/FxZ_Hype	flm0fwe	C
2020-03-26 22:58:07.534539	u/mud_tug	flm9gcr	u/nabraxcii	flm0868	C
2020-03-26 22:58:15.742728	u/Adopted_hamburger	flm9giv	u/Knowledge8787	fllyn4s	C
2020-03-26 22:58:49.281760	u/Qwertybot1000	flm9i96	u/BluuBaby0330	flm8l0i	C
2020-03-26 22:59:05.755368	u/LEEEROOY-JENKINS	flm9j2k	u/FinalDeath009	flm5yv8	C
2020-03-26 22:59:18.082447	u/senpaimarc15	flm9jne	u/Kylel0519	flm3doy	C
