2020-04-08 12:01:01.977258	u/PLHSHIE	fmss1pu	u/CHatton0219	fms75uh	C
2020-04-08 12:01:06.642093	u/694206966642069	fmss1w0	u/Dhwaneel_Kapadia	fmskhbd	C
2020-04-08 12:01:31.835442	u/Dank_bob_memer_pants	fmss2sb	u/I_came_from_uranus	fmsc7hw	C
2020-04-08 12:02:32.608877	u/JSteeez14	fmss4a3	u/CaffeineDevotee	fms53ih	C
2020-04-08 12:03:08.045118	u/localcragdirtbag	fmss53o	u/Ryleweekrie	fmsmm11	C
2020-04-08 12:03:10.307499	u/cann3dair	fmss53j	u/jasonrodrigue	fmsexvg	C
2020-04-08 12:03:19.852094	u/jensje69	fmss5cf	u/fkuwithurusername	fms3e72	C
2020-04-08 12:03:38.641935	u/Bevocado	fmss5p0	u/SolaLupus42	fmrhjhp	C
2020-04-08 12:03:46.549248	u/TeamBabyNut	fmss64r	u/bringthecum69	fmrsa0m	C
2020-04-08 12:04:14.181638	u/Maximilien_Skreedle	fmss6v7	u/Rhabarberrhabarb	fmsb0pj	C
2020-04-08 12:04:17.543330	u/DisneyCue	fmss6xi	u/Tastyled	fmrqm9t	C
2020-04-08 12:04:29.808091	u/FRUNZAtorul12	fmss79r	u/69420-69420-69420	fmsrq5g	C
2020-04-08 12:04:58.632534	u/xav1353	fmss7ym	u/Xiaodisan	flo7pgd	C
2020-04-08 12:05:07.191127	u/Riyolen	fmss82h	u/Xxx_Steveboi69_xxX	fmsoqu2	C
2020-04-08 12:05:23.359177	u/Wolf_Hellfire	fmss8j7	u/Bassianus2004	fmsah8d	C
2020-04-08 12:05:32.663393	u/TheForeignerInName	fmss8lr	u/VetaT	fmsleq4	C
2020-04-08 12:07:08.469427	u/Nicholson0000	fmssc9p	u/KNCKR	fms3hl9	C
2020-04-08 12:07:51.979763	u/Lonttu03	fmsse0j	u/unable_To_Username	fmrcoif	C
2020-04-08 12:08:20.967283	u/CMS_3110	fmssfln	u/fishdudelol	fmslwiy	C
2020-04-08 12:09:01.962140	u/TheDoritoStrikesBack	fmsu6t4	u/RepostSleuthBot	fmstz8s	C
2020-04-08 12:09:04.383586	u/Layla_Rhapsody	fmsu6w0	u/Jurassica94	fmsu22q	C
2020-04-08 12:09:16.466074	u/Feeling_Blood	fmsu7xo	u/loopman69420	fms763r	C
2020-04-08 12:09:25.515256	u/celeronsupreme	fmsu8h2	u/DiamondPower500	fmrtsom	C
2020-04-08 12:09:43.813834	u/Donner115	fmsu9i9	u/Lil-chaos	fmsu7r2	C
2020-04-08 12:09:47.650137	u/Drzejkob	fmsua2s	u/Bulbapuppaur	fms4i8v	C
2020-04-08 12:09:52.146785	u/colby3031	fmsuam1	u/GoldDragonArmy	fms2wb0	C
2020-04-08 12:10:09.137445	u/ggkidurbad	fmsub39	u/VanashinGlory	fms063e	C
2020-04-08 12:10:58.095481	u/messirechico	fmsuckh	u/VanashinGlory	fms5hu5	C
2020-04-08 12:11:20.572978	u/JTevo2006	fmsud4z	u/cozoman	fmsqzk4	C
2020-04-08 12:11:26.534172	u/iamELchosen1	fmsud5f	u/CallOfGuty	fms5y6q	C
2020-04-08 12:11:35.154186	u/miata_spotter	fmsudc3	u/Minh1905	fmrl7kz	C
2020-04-08 12:11:43.612353	u/Bigderp23	fmsudt5	u/ProudRavenclaw24	fmqn761	C
2020-04-08 12:12:04.468790	u/BojiveDiddlybop	fmsue2f	u/AzraeltheGrimReaper	fmsq5sx	C
2020-04-08 12:12:09.274396	u/userleansbot	fmsue53	u/pingpongplaya69420	fmsu8ew	C
2020-04-08 12:12:20.187442	u/K_Norbert	fmsuen7	u/sanswithagun	fms2fjv	C
2020-04-08 12:12:22.589086	u/samh10	fmsuev6	u/MonkeyClause	fms9ssv	C
2020-04-08 12:12:24.960352	u/sriram1509	fmsuewd	u/Black_Cat666	fmspoav	C
2020-04-08 12:12:57.346586	u/suspicousburrito	fmsufjw	u/A1B1D1U1L1	fmsszge	C
2020-04-08 12:13:01.474719	u/crepaaaa	fmsufm1	u/jazemo19	fmsr580	C
2020-04-08 12:13:11.735765	u/SlayterZ	fmsufzt	u/hikidsitsyaboi	fmsucxg	C
2020-04-08 12:14:06.722244	u/Nicolo-Soviet	fmsuhvv	u/Jace-Ace	fmsu2zv	C
2020-04-08 12:14:28.373406	u/king-zulu	fmsuix6	u/we_R_allEnslaved	fmsa429	C
2020-04-08 12:14:40.746292	u/snekes	fmsujec	u/ShatteredMind777	fmsltmm	C
2020-04-08 12:15:21.985586	u/deadperson786	fmsul0k	u/SCP2019_Banana	fms2l99	C
2020-04-08 12:15:35.751362	u/LordShmeckle	fmsula4	u/AutoModerator	flafceq	C
2020-04-08 12:15:47.421282	u/OathCore	fmsulj9	u/health-safety-bot	fmsujqj	C
2020-04-08 12:16:17.925516	u/Skaterash	fmsumqg	u/sriramempire	fmstd3v	C
2020-04-08 12:16:21.345724	u/Shikher_Gupta	fmsumro	u/humanbeingnumber1	fmsu8a5	C
2020-04-08 12:16:27.408676	u/xoPiquant	fmsun2m	u/DoctorSquidton	fmsubge	C
2020-04-08 12:16:30.193781	u/Kronki69	fmsun5k	u/BigSmoke987	fmssksl	C
2020-04-08 12:16:51.310376	u/lazygamer2001	fmsunu0	u/Redrebelraver	fmsisl3	C
2020-04-08 12:17:09.534888	u/ChrisTheMan72	fmsuorc	u/yaboispringy	fmsr5ql	C
2020-04-08 12:17:12.197090	u/iphengtann	fmsuouh	u/CheeseVitamins	fmsulxa	C
2020-04-08 12:17:30.589537	u/Local_Cult_God	fmsup86	u/GameChanger099	fmseoms	C
2020-04-08 12:17:33.018435	u/DankDucko77	fmsupb5	u/Portal4life	fmsmfee	C
2020-04-08 12:17:34.759661	u/dzsmoooth	fmsupda	u/P3rdix	fmsunc9	C
2020-04-08 12:17:41.340059	u/syenna_97	fmsuphi	u/thatboytw	fmsomvn	C
2020-04-08 12:18:03.008125	u/mibtag	fmsuq0i	u/hiimfunny_1	fmsquud	C
2020-04-08 12:18:19.643552	u/Khepree	fmsuqjp	u/Eqwort	fmshffc	C
2020-04-08 12:18:37.857374	u/burger151	fmsur9c	u/De5perad0	fmsi9q9	C
2020-04-08 12:18:53.414069	u/LittleTimmyTom	fmsurza	u/xoPiquant	fmsukxa	C
2020-04-08 12:19:17.223573	u/Danio_13	fmsutrh	u/GavinMcLOL	fmsu141	C
2020-04-08 12:19:23.035917	u/cameron_yeets	fmsuu58	u/cauepm	fmsije3	C
2020-04-08 12:19:33.104733	u/Random_IT_Person	fmsuuww	u/DwergNout	fmrratb	C
2020-04-08 12:20:02.992984	u/LJKash	fmsuvuw	u/Boring5	fms89le	C
2020-04-08 12:20:11.140574	u/Kaim08	fmsuw19	u/omega_wolfe	fx6wow	S
2020-04-08 12:20:44.830078	u/SankarshanaV	fmsuwto	u/thinethpopeth	fx5y1m	S
2020-04-08 12:21:36.583032	u/Punk_whovian	fmsuyct	u/mattoisacatto	fmrnsip	C
2020-04-08 12:21:56.805720	u/odriid	fmsuyvq	u/_pc_-_-_	fmsr9fm	C
2020-04-08 12:22:37.333134	u/smokeypixels	fmsv0ln	u/we_R_allEnslaved	fmstiz7	C
2020-04-08 12:24:09.219301	u/williamd728	fmsv4x2	u/maudym	fmsk415	C
2020-04-08 12:24:32.105939	u/jamal4729795	fmsv54r	u/OrbitalNebulite	fmsoprn	C
2020-04-08 12:24:53.949182	u/Jamesk_	fmsv5n1	u/dovedevic	fl2izeo	C
2020-04-08 12:25:04.976175	u/thesneakylonewolf	fmsv5we	u/LiquifiedSpam	fmsu7bt	C
2020-04-08 12:25:21.090504	u/PhoenixTheDev	fmsv6fi	u/shitbot_420	fmsut7l	C
2020-04-08 12:25:42.015613	u/DIESh4rk	fmsv7e8	u/FBIWatchinUBeaturPP	fmsk0pq	C
2020-04-08 12:25:45.701012	u/Jakey_poyo	fmsv7lx	u/im_nightmare	fmsrvq0	C
2020-04-08 12:26:13.266496	u/XxMRoceanmanxX	fmsv809	u/JujuTheFinnishGuy	fmssjzw	C
2020-04-08 12:26:23.864127	u/SuperSkywalkerDX	fmsv899	u/A-jellyfhish	fmss0mg	C
2020-04-08 12:26:40.263652	u/herobrineking	fmsv8oo	u/the-holy-toaster	fms1c3r	C
2020-04-08 12:27:08.926154	u/meh164	fmsvb2n	u/Thunderbull2112	fmslcct	C
2020-04-08 12:27:39.169279	u/SeNp41xD	fmsvbyi	u/kuba3324	fmsoc86	C
2020-04-08 12:28:03.239931	u/maggie_69	fmsvcql	u/Wolf_Hellfire	fmss8j7	C
2020-04-08 12:28:16.409499	u/Aggli	fmsvd2p	u/snekes	fmsug6k	C
2020-04-08 12:28:22.834318	u/olive_noir	fmsvdbk	u/TherionX2	fmrxtr1	C
2020-04-08 12:28:57.879352	u/Tengo-Skratt	fmsvge8	u/clurrr_2023	fmsuty2	C
2020-04-08 12:29:03.562978	u/zarlp	fmsvh3h	u/Runesc899	fmky8d4	C
2020-04-08 12:29:05.201630	u/hacktheself	fmsvh63	u/ko5aa	fmrxkro	C
2020-04-08 12:29:09.719716	u/waitingfornewBIAgame	fmsvhm1	u/jeffjman	fmsik1f	C
2020-04-08 12:29:11.362015	u/ArbitraryArdor	fmsvhm5	u/ZephyrStudios686	fmsu2gm	C
2020-04-08 12:29:17.161726	u/Ebike-alt	fmsvhwx	u/German_H2O_Lover	fms0ktk	C
2020-04-08 12:29:22.866579	u/im_a_homan	fmsvj1o	u/cauepm	fmsije3	C
2020-04-08 12:29:24.372274	u/Random-Person72	fmsvj3m	u/a_regular_ginger	fmstut4	C
2020-04-08 12:29:26.508730	u/Fishinspace00	fmsvj89	u/KentConnor	fms5n2x	C
2020-04-08 12:29:53.719267	u/ROTTEN_FROGLEGS	fmsvldi	u/Hatimdecor	fms97nr	C
2020-04-08 12:29:54.814898	u/Itsom	fmsvljt	u/chivalrousguy11	fmsvb33	C
2020-04-08 12:30:07.836572	u/jenksuy123	fmsvm2b	u/RepostSleuthBot	fmsv8oi	C
2020-04-08 12:30:13.695121	u/Verleves14	fmsvm9m	u/AntTuM	fmsbnjs	C
2020-04-08 12:30:29.935922	u/gothicrainbows	fmsvmpm	u/maudym	fmsloyd	C
2020-04-08 12:31:37.312571	u/BanditTwitchMain	fmsvoy0	u/thesneakylonewolf	fmsv5we	C
2020-04-08 12:31:49.887389	u/SIEBWIEP	fmsvpg7	u/Philipp_01	fx67zw	S
2020-04-08 12:32:07.317558	u/Phantom0713	fmsvpsg	u/Animeisgaebruhment	fmsu03c	C
2020-04-08 12:32:45.833366	u/RandomDudeOnReddit55	fmsxdw2	u/RepostSleuthBot	fms7kc0	C
2020-04-08 12:33:23.353586	u/best_jerky	fmsxeks	u/AcidNewports	fmsx8ob	C
2020-04-08 12:34:13.158881	u/SkurrSkurr1	fmsxfuc	u/we_R_allEnslaved	fmsa429	C
2020-04-08 12:34:18.191888	u/theman_overthere	fmsxg08	u/Emperor_O_Memes	fms1s0e	C
2020-04-08 12:34:45.345948	u/lost_Canadian	fmsxh64	u/GlitchUser	fmsaq12	C
2020-04-08 12:35:34.340730	u/FlawlessSoftware	fmsxipd	u/Ang31TooGucci	fmsom85	C
2020-04-08 12:35:48.281019	u/mangoesonapinetree	fmsxjho	u/Bruh_Bot_	fmsxhwf	C
2020-04-08 12:36:35.767648	u/Earthrat0113	fmsxkm3	u/RezaCriks	fmsqjcn	C
2020-04-08 12:36:38.312927	u/the_koi_kid	fmsxkmm	u/loliprotectservice	fmsp4yr	C
2020-04-08 12:37:28.876960	u/raj_j_m	fmsxnbm	u/MonkeyClause	fmsnzs1	C
2020-04-08 12:37:52.045461	u/joking06gamer	fmsxodn	u/SixPlatypus4027	fmsxh6d	C
2020-04-08 12:38:07.862083	u/HEX645	fmsxp4i	u/TotallyKev	fmsm3jb	C
2020-04-08 12:38:45.649124	u/tofukiller420	fmsxs0b	u/fishdudelol	fmslwiy	C
2020-04-08 12:38:51.043817	u/the_battousai89	fmsxsb3	u/AcidNewports	fmsxqor	C
2020-04-08 12:39:06.193446	u/CentaurGreen	fmsxsvl	u/MediocrePenisNumber6	fmsx03o	C
2020-04-08 12:39:16.115809	u/dalnot	fmsxtba	u/GeneralTaho	fmswurw	C
2020-04-08 12:39:24.344441	u/FunkyCrawdad72	fmsxu0f	u/Meatball_Manhunt	fmsxh5r	C
2020-04-08 12:39:26.049650	u/spicy-crab-jesus	fmsxu7o	u/samh10	fmsvrpi	C
2020-04-08 12:39:27.726565	u/Minute_Man23	fmsxufj	u/WinterWontStopComing	fmsxoh6	C
2020-04-08 12:39:34.753357	u/lenerd123	fmsxuzj	u/Mathtermind	fmsxtry	C
2020-04-08 12:39:55.552665	u/vlvipa	fmsxvmq	u/humpbackwhale97	fmsj6ke	C
2020-04-08 12:40:08.825486	u/Saidea	fmsxwo0	u/annonys	fx4ods	S
2020-04-08 12:40:26.094716	u/ICanClimbYourWall	fmsxx6t	u/stormknoght	fmsxdyj	C
2020-04-08 12:41:23.274364	u/SM5_	fmsxzkh	u/WhyAmIUsingThis1	fmsxigp	C
2020-04-08 12:41:29.378830	u/orio_sling	fmsxzt1	u/Bruh_Bot_	fmsxwei	C
2020-04-08 12:41:46.315500	u/Ultra-noob	fmsy096	u/Gamegamer360	fmsrwpj	C
2020-04-08 12:41:51.930143	u/ibroughtyouapotato	fmsy0pf	u/Frost2605	fmsq8xv	C
2020-04-08 12:41:55.268904	u/wooly_mantis	fmsy0qk	u/MonkeyClause	fmsnzs1	C
2020-04-08 12:42:19.194129	u/tezza_moo	fmsy1rz	u/shleyal19	fmsx3h6	C
2020-04-08 12:42:26.751626	u/Marty-the-monkey	fmsy28q	u/AcidNewports	fmsxqor	C
2020-04-08 12:43:02.513634	u/tteraskk	fmsy499	u/TECUnicorn	fef5qch	C
2020-04-08 12:43:49.444688	u/lizzthefabulous	fmsy5dt	u/WhiteUnicorn239	fmrz98k	C
2020-04-08 12:43:57.601238	u/redmuskrat	fmsy5lk	u/thekkktookmeaway	fmsjwbq	C
2020-04-08 12:44:45.152617	u/dontlikeusernam3s	fmsy6st	u/representmcforyouth	fmsqdfu	C
2020-04-08 12:44:55.405056	u/whybeingparanoid	fmsy76i	u/insertusernamehere74	fmsn6gi	C
2020-04-08 12:45:12.456280	u/Pingo1512	fmsy7qq	u/Drexate1995	fmrsd3o	C
2020-04-08 12:45:27.472065	u/blurkhjoung	fmsy87h	u/Janjuha	fmsxyva	C
2020-04-08 12:45:42.834378	u/Edgy_Anime_Kid	fmsy8un	u/jacob1453	fmsxg6t	C
2020-04-08 12:46:00.342027	u/lejonth	fmsy9q7	u/sexyass1010	fms2uh1	C
2020-04-08 12:46:04.135643	u/mintyboi_88	fmsy9t6	u/Yellowkitnen	fmsl9hv	C
2020-04-08 12:46:51.985503	u/XXXTENTENTACLEDREADS	fmsycp7	u/Sammy-64	fmsx44x	C
2020-04-08 12:47:14.794044	u/eankar	fmsydwz	u/cauepm	fmsije3	C
2020-04-08 12:47:17.888751	u/drfuckall	fmsye2k	u/Respect_Paying_Bot	fmsy0c1	C
2020-04-08 12:48:04.163145	u/kunklebunkle	fmsyg08	u/DA-BOTwho-cant-trot	fmsc2kb	C
2020-04-08 12:48:27.753215	u/bl0nk182	fmsyh59	u/Random-Person72	fmsw26d	C
2020-04-08 12:48:48.201589	u/18MegaMind81	fmsyifn	u/SlaughterKoorland	fmsy6pc	C
2020-04-08 12:49:00.942429	u/PhoxHelios	fmsyk1q	u/italian_stonks	fmsgfdl	C
2020-04-08 12:49:02.851948	u/jkk122	fmsyk5f	u/NoobSwifty	fmskz3j	C
2020-04-08 12:49:12.065829	u/legeo7	fmsykq6	u/RaDaR_LeviLawliet	fms9fq0	C
2020-04-08 12:49:43.211707	u/killthou755536	fmsyn58	u/hockus_cockus	fmsbt3m	C
2020-04-08 12:51:38.936703	u/Amrase	fmsyqrd	u/jamal4729795	fmskfal	C
2020-04-08 12:51:47.652704	u/-acon-trash	fmsyr0e	u/AAFC417	fmskjmc	C
2020-04-08 12:52:43.367810	u/SomeBoredRedditGuy	fmsyt3p	u/Yeetem_and_Eatem	fmsxgiy	C
2020-04-08 12:54:04.089998	u/lokinsch	fmsyvda	u/drfuckall	fmsye2k	C
2020-04-08 12:54:19.401335	u/gyromane	fmsyw5d	u/lupodipy	fmsynbn	C
2020-04-08 12:54:25.699278	u/thiSnamEworknoW	fmsywfj	u/kitsuWillwisp	fmsj1xz	C
2020-04-08 12:54:54.600245	u/Sabo49	fmsyx6s	u/monjodav	fmsb9r8	C
2020-04-08 12:54:59.005905	u/tr4shk1d69	fmsyxjf	u/MonkeyClause	fmsnzs1	C
2020-04-08 12:57:43.741988	u/iamjoeblo101	fmsz3c3	u/AhmadSolo2109	fmsdyg0	C
2020-04-08 12:58:13.367644	u/aimy1597	fmsz4rn	u/Rein_Maker	fmswp2z	C
2020-04-08 12:58:42.594198	u/memphis12345678910	fmsz6ia	u/Aw230	fmsxc9z	C
2020-04-08 12:58:57.026877	u/white0302	fmsz7jx	u/cauepm	fmsije3	C
2020-04-08 12:59:00.396081	u/Your_Moms_Flame	fmsz7pv	u/Benecraft	fmsz0xp	C
2020-04-08 12:59:12.361377	u/JCIgaming	fmsz8j7	u/RepostSleuthBot	fmsz4a2	C
2020-04-08 12:59:13.985297	u/AiKai7	fmsz8ju	u/stompy-stompy-stompy	fmsz5b1	C
2020-04-08 12:59:22.984823	u/awsome34567	fmsz95i	u/we_R_allEnslaved	fmsa429	C
2020-04-08 12:59:44.555781	u/ihaZtaco	fmsza5y	u/jasonrodrigue	fmsexvg	C
2020-04-08 12:59:48.584149	u/Wednesdayisoverrated	fmszafl	u/Layla_Rhapsody	fmsq8dc	C
