2020-04-12 14:00:08.366259	u/FluxBoi	fn76991	u/AAFC417	fn767ur	C
2020-04-12 14:01:46.416489	u/AgentNoot	fn76cmk	u/___jari___	fn70npy	C
2020-04-12 14:01:51.030393	u/Slichboy	fn76csd	u/ImmediatelyOcelot	fn73alj	C
2020-04-12 14:01:54.503427	u/goodbyeworl	fn76d2g	u/drmanhattan10	fmq5mrn	C
2020-04-12 14:02:32.794578	u/Ikillmunchkins	fn76ef0	u/MisterShazam	fn74f95	C
2020-04-12 14:04:07.864772	u/edgy_ems	fn76hpi	u/Elvin__	fn6gzne	C
2020-04-12 14:04:40.871188	u/Artistic_Carpet	fn76irq	u/GulityClown	fn5wcw9	C
2020-04-12 14:05:34.561390	u/Darkmaster666666	fn76mb8	u/SlaughterKoorland	fn68kps	C
2020-04-12 14:05:55.999692	u/Kiplacon	fn76mzo	u/Jaface	fn6qbto	C
2020-04-12 14:06:03.748960	u/fitness4lif3	fn76nb8	u/lost-my-kite	fn76lhr	C
2020-04-12 14:06:19.358359	u/RedderBarron	fn76nu1	u/NowUKnowMyUsername	fn6zj4q	C
2020-04-12 14:06:28.268511	u/VibeBOT	fn76od5	u/MAD-SKIES	fmizx48	C
2020-04-12 14:06:32.268748	u/ExtremeRacerLux	fn76ogm	u/TwicerUpvoter	fn6y2wv	C
2020-04-12 14:06:40.316089	u/tvcky69	fn76om2	u/xHorus	fn68jsi	C
2020-04-12 14:07:23.515714	u/Stevemagegod	fn76q62	u/ThaMasterRoshi	fn76gqj	C
2020-04-12 14:07:27.008863	u/_Demeter_	fn76qa1	u/Cherry_Pied	fmwwvxh	C
2020-04-12 14:07:34.417328	u/Shipton25	fn76qsv	u/gruniite	fn4r3n3	C
2020-04-12 14:07:39.617750	u/sir_freaque	fn76r43	u/TheDoctorBurgundy	fn6x2a5	C
2020-04-12 14:07:52.109364	u/RahulD_Reddit	fn76rn9	u/regor_meme	fn6x2iu	C
2020-04-12 14:08:01.347310	u/DraylorHotS	fn76s1h	u/Shiny_Agumon	fn76py9	C
2020-04-12 14:08:33.717768	u/Vincent_Laterreur	fn76t72	u/Berocraft77	fn76odt	C
2020-04-12 14:09:01.694001	u/hookahgenetics	fn76v6t	u/Queqshka	fn6h2h0	C
2020-04-12 14:09:08.544035	u/Mr_Toast0	fn76vs3	u/Lucius3111	fn7257l	C
2020-04-12 14:09:39.361759	u/iamamiberthelsen	fn76ym0	u/Physix_R_Cool	fmvwjol	C
2020-04-12 14:09:56.282119	u/antisocialcatto	fn76zyr	u/bigfrogbrain	fn71gcz	C
2020-04-12 14:09:59.595307	u/SirWestbrick	fn770od	u/Elvin__	fn6idd8	C
2020-04-12 14:10:21.317964	u/Griffinkb099	fn77212	u/Baby_Yoda_Sucks_24-7	fn70bj9	C
2020-04-12 14:10:28.343494	u/taju_kage_bunshin	fn772b3	u/MegaGrimer	fn6b3i9	C
2020-04-12 14:11:12.654835	u/jvcanabarro	fn774ba	u/TACO-NAT1ON	fn6xbgl	C
2020-04-12 14:11:43.446262	u/ThePeeDrawer	fn775q1	u/Mantthew	fn733dp	C
2020-04-12 14:12:18.813633	u/TheHongKongBong	fn777er	u/TwicerUpvoter	fn6y2wv	C
2020-04-12 14:12:27.185394	u/VoidTheNoob	fn777jj	u/Danielplays0989123	fn6ipwa	C
2020-04-12 14:12:48.013902	u/Abi2000pk	fn778nk	u/SuchRedditMuchMeme	fn6a797	C
2020-04-12 14:14:21.381398	u/AndyJack86	fn77brr	u/Jaface	fn6qbto	C
2020-04-12 14:14:29.622772	u/CatofCookie	fn77c4q	u/ManiacZombie69	fn69ar8	C
2020-04-12 14:14:59.144662	u/boxywalls	fn77dgo	u/IAmClyde42	fn74zhj	C
2020-04-12 14:15:03.586133	u/Aryu_redi	fn77dkb	u/meljohn22gaming	fn6u81p	C
2020-04-12 14:15:20.184020	u/Cute_little_thingy	fn77e9o	u/UGLYSCPTATO-69	fn6rgc1	C
2020-04-12 14:15:22.294966	u/Kakaks2	fn77eba	u/Formal_Breakfast	fn6m7qh	C
2020-04-12 14:15:40.361669	u/fuzzyike	fn77eqn	u/Elvin__	fn6a4vv	C
2020-04-12 14:15:59.196444	u/Leafbox_	fn77fb1	u/WiewarnochgleichName	fn7710n	C
2020-04-12 14:16:07.503177	u/Pidge_Best_Waifu	fn77fo2	u/Trollithecus007	fn6zppq	C
2020-04-12 14:16:20.443039	u/ZealousidealSoup2	fn77g5j	u/TwicerUpvoter	fn6y2wv	C
2020-04-12 14:16:28.880797	u/anurag_animates	fn77g8t	u/Ultra_Noobzor	fn4exrq	C
2020-04-12 14:16:55.594129	u/xbladeheh	fn77hi8	u/CheeriodudeL45	fn76ru6	C
2020-04-12 14:16:58.935450	u/Willi_Lac	fn77hnw	u/JackFXZ_boi	fn6bgxk	C
2020-04-12 14:17:39.798656	u/MrMemes369	fn77j7e	u/Indeed_So	fn711ok	C
2020-04-12 14:18:53.730818	u/penissneeze	fn77o34	u/AutoModerator	fn77lzx	C
2020-04-12 14:19:18.178182	u/Somofom0	fn77prc	u/gtaman31	fn68d20	C
2020-04-12 14:19:42.644031	u/R-slash-IHaveNoName	fn77qyn	u/pootisman64	fn77j57	C
2020-04-12 14:19:45.870989	u/Will-Treaty45	fn77rg0	u/Gubq	fl5lyk4	C
2020-04-12 14:20:07.357371	u/laddupeda	fn77t1g	u/Alittar	fn6z2pr	C
2020-04-12 14:20:11.247777	u/beast_blak	fn77t2e	u/Ao1Yamada	fzxsg6	S
2020-04-12 14:20:40.714358	u/CapnSpazz	fn77u4b	u/Jaface	fn6qbto	C
2020-04-12 14:20:46.612404	u/trippy81	fn77u6y	u/lordofthesnoos	fn76vlt	C
2020-04-12 14:20:53.683621	u/luke_solo35	fn77ulf	u/RareBareBear	fn69y82	C
2020-04-12 14:21:15.354375	u/yungjermo	fn77vd6	u/VangeeOP	fn77ev2	C
2020-04-12 14:21:18.912322	u/scotte83	fn77vgg	u/Bomboooo	fn3ej1w	C
2020-04-12 14:21:38.258279	u/deathreaper-brofist	fn77w7u	u/pepedeawolf	fn751ln	C
2020-04-12 14:21:57.533878	u/RazvanRacovita	fn77wv5	u/RepostSleuthBot	fn73zo8	C
2020-04-12 14:22:23.773133	u/drazzak_reddit	fn77xx8	u/Cereal-Grapist	fn6wd67	C
2020-04-12 14:22:29.943214	u/Danish18lim	fn77y1i	u/StrawberryOnMars	fn68w2y	C
2020-04-12 14:22:32.354369	u/InfyPlayz	fn77y27	u/igorciak	fn66t29	C
2020-04-12 14:23:22.648044	u/Kashmir03	fn780b0	u/RepostSleuthBot	fn755yf	C
2020-04-12 14:23:36.623670	u/TheorizingPanda	fn780nz	u/Mhthiccy	fn77un5	C
2020-04-12 14:23:38.790683	u/Desmond536	fn780ud	u/T-n-t-lucario	fn72gxu	C
2020-04-12 14:23:51.521376	u/SharikovsLife	fn781ab	u/the-farshid	fn60hu1	C
2020-04-12 14:24:52.723228	u/fuc1234567890	fn7833t	u/xXTheDudeAbideXx	fn6qph4	C
2020-04-12 14:25:14.786386	u/ntergi	fn78493	u/vineetkekatpure	fn7788n	C
2020-04-12 14:25:21.926421	u/Mini-Niner	fn784fv	u/Klendagort	fn76eiu	C
2020-04-12 14:25:24.785211	u/PeterG1996	fn784re	u/rmcevoy618	fn6w1jf	C
2020-04-12 14:25:27.708558	u/HranicasMissingTooth	fn784x7	u/njck-njck	fn1edgh	C
2020-04-12 14:25:35.482840	u/TheGogues	fn7853o	u/gibbyk78	fn74cbw	C
2020-04-12 14:25:42.645029	u/Extremetachankamain	fn785r5	u/_Xx_ShadowHunter_xX_	fn711ho	C
2020-04-12 14:25:47.925795	u/DankMemester27	fn785u2	u/TheorizingPanda	fn780nz	C
2020-04-12 14:26:05.233109	u/21aliens21	fn786np	u/mohaee	fn6z5rh	C
2020-04-12 14:26:19.361183	u/BooMasters	fn7877p	u/Cacty_09	fn75smt	C
2020-04-12 14:26:46.693350	u/TheMaslankaDude	fn788is	u/MAGIC_EYE_BOT	fn785wc	C
2020-04-12 14:27:01.912927	u/Licalottapuss	fn789pr	u/nobody384	fn77yjr	C
2020-04-12 14:27:09.970234	u/Kenenenenenedy	fn789zd	u/Weeb_314159	fn6up1i	C
2020-04-12 14:27:40.122258	u/Sir_Limuts	fn78b3w	u/daanbanaan89	fn7890m	C
2020-04-12 14:27:51.375961	u/Enro64	fn78b6g	u/Your_Mother_19	fn6z8r9	C
2020-04-12 14:27:58.684786	u/Rocky75090	fn78bkz	u/MC_Nuker	fn6srnq	C
2020-04-12 14:28:05.870235	u/fin310306	fn78c6d	u/Blu3Jell0P0wd3r	fn5qhpw	C
2020-04-12 14:28:42.462869	u/thefiery77	fn78dzj	u/EvildoingOG	fn5cds7	C
2020-04-12 14:28:44.014135	u/tuesdayismybd	fn78e3m	u/Versizion	fzvixc	S
2020-04-12 14:28:46.580642	u/Samio166	fn78e4v	u/anotherthereis	fn7071o	C
2020-04-12 14:29:42.696064	u/FenrisExpldr1	fn78hn8	u/crocolocoidk	fn73a8p	C
2020-04-12 14:29:49.404693	u/below-the-rnbw	fn78imh	u/TwicerUpvoter	fn6y2wv	C
2020-04-12 14:30:06.508588	u/majin_river	fn78jnx	u/AlonyTony	fn76u0m	C
2020-04-12 14:30:33.697510	u/thatguywhoplaysworld	fn78kjj	u/Somofom0	fn77tb8	C
2020-04-12 14:31:35.162435	u/vundabart	fn78muh	u/ComicCat-Laz	fn678sn	C
2020-04-12 14:31:43.501183	u/TraveledDeer5	fn78n1y	u/Username-Taken-01	fn72bfy	C
2020-04-12 14:31:51.528322	u/Lorotin	fn78n9x	u/TwicerUpvoter	fn6y2wv	C
2020-04-12 14:32:14.000339	u/DelsinMcgrath835	fn7a2ve	u/ThePeeDrawer	fn775q1	C
2020-04-12 14:32:26.288251	u/Shiro__UwU	fn7a3lc	u/YesILikePizza	fn741mi	C
2020-04-12 14:32:28.534360	u/LGappies	fn7a3mh	u/ThePeeDrawer	fn775q1	C
2020-04-12 14:32:30.858492	u/MarioDesigns	fn7a3o2	u/aaryan_suthar	fn762fg	C
2020-04-12 14:32:37.847588	u/Ontonious	fn7a3xq	u/Ieatbabyorphanz	fn79o34	C
2020-04-12 14:32:42.162957	u/YEETer_than_you	fn7a407	u/Gylfaginning51	fn6u60h	C
2020-04-12 14:32:44.341089	u/LilYodaNotgay	fn7a44f	u/ioofedmyslef	fn75y3l	C
2020-04-12 14:33:30.591138	u/nosetothegrindstonez	fn7a5ho	u/DoctorFoxey	fn6wbbn	C
2020-04-12 14:33:40.880562	u/Jothanos69	fn7a63f	u/DinDonDanBoh	flai5js	C
2020-04-12 14:33:58.546627	u/Boboodelmer	fn7a6qt	u/Zet_x	fn74vlp	C
2020-04-12 14:34:00.706915	u/leodan669	fn7a6vn	u/DBacksbeatDodgers	fn727fs	C
2020-04-12 14:34:06.313484	u/Orca5ooo	fn7a6xx	u/Chendude64	fn79zj4	C
2020-04-12 14:34:20.454847	u/Jothanos69	fn7a7er	u/Mr_potatoman25	flj5d5l	C
2020-04-12 14:34:25.770920	u/SmartAlec105	fn7a7lx	u/TwicerUpvoter	fn6y2wv	C
2020-04-12 14:34:33.957263	u/gexun	fn7a7wn	u/Dhwaneel_Kapadia	fn6e7tw	C
2020-04-12 14:34:54.822179	u/ewo8888	fn7a8sw	u/jesslees24	fn5qe0f	C
2020-04-12 14:35:25.363295	u/Master_JBT	fn7a9yq	u/mildly-liberal	fn78uq0	C
2020-04-12 14:35:32.396667	u/Lilneenja10	fn7aaan	u/BeNbUcKToO	fn77evz	C
2020-04-12 14:35:43.047388	u/Master_JBT	fn7aaxw	u/Emperor_O_Memes	fn73rnq	C
2020-04-12 14:35:58.409120	u/Kathy2378	fn7abnf	u/Remy10Reddit	fn79yhy	C
2020-04-12 14:36:12.031045	u/TheDares07	fn7acij	u/LePredator7186	fn79rwq	C
2020-04-12 14:36:24.442248	u/daniels6895	fn7acuc	u/Synka	fn72vah	C
2020-04-12 14:36:39.831827	u/RVLTSamalama	fn7adfw	u/PRO_NOOB_69	fn66v92	C
2020-04-12 14:36:45.120081	u/mesaltyvirgin	fn7adtx	u/Python208	fn703j4	C
2020-04-12 14:37:01.401643	u/marcx88	fn7aev4	u/cos_tan_za	fn76y2j	C
2020-04-12 14:38:14.421135	u/TomTheGinger94	fn7ahog	u/Ahatfanthatloves	fn72ery	C
2020-04-12 14:38:17.217679	u/mitnick63	fn7ahro	u/_gh0stlyy	fn7430j	C
2020-04-12 14:38:21.807271	u/KronosX3T	fn7ai0z	u/abductedpeanut	fn6vsom	C
2020-04-12 14:38:27.296016	u/Razvanix02	fn7ai99	u/Elvin__	fn6gzne	C
2020-04-12 14:38:30.477903	u/FrictionMarble	fn7aih8	u/RjMeyers	fn77iq3	C
2020-04-12 14:38:39.921833	u/GokaiCrimson	fn7ais9	u/mehmeh5	fn76vwv	C
2020-04-12 14:38:44.719839	u/Childish_Cilantro	fn7aj7p	u/Frank_Lam	fn623s4	C
2020-04-12 14:38:53.730700	u/hi_thedude	fn7ajnp	u/sarahmx	fn726vd	C
2020-04-12 14:39:10.313377	u/P1n3_7r33	fn7ak9y	u/N0n3_3	fn72zc4	C
2020-04-12 14:39:29.138129	u/klee199	fn7al02	u/ya-boi-greg-the-egg	fn7a0fv	C
2020-04-12 14:39:35.694811	u/Dry-Moose	fn7am1x	u/spicydinonuggs	fn72aah	C
2020-04-12 14:39:37.348065	u/xxqxpxx	fn7am4f	u/opaqueandblue	fmiokdn	C
2020-04-12 14:39:44.731871	u/Mqnzanita	fn7amkn	u/sam987654321	fn6riqu	C
2020-04-12 14:39:51.953875	u/Cosmofly	fn7ancw	u/Texas_Bryce07	fn79osr	C
2020-04-12 14:39:56.033712	u/premyadaw001	fn7ao3m	u/king5601	fn5evok	C
2020-04-12 14:39:59.597681	u/be_a_square	fn7aola	u/xHorus	fn68jsi	C
2020-04-12 14:40:01.563450	u/RudySantayana	fn7aon0	u/Master_JBT	fn7amu6	C
2020-04-12 14:40:14.906710	u/DrFodwazle	fn7aoz4	u/jacob858	fn73q3d	C
2020-04-12 14:40:23.873392	u/SMWijthoef	fn7ap90	u/TopTimeHybrid	fn7addw	C
2020-04-12 14:41:14.167067	u/J8rh3ad	fn7ar9y	u/Sodafff	fn6uzq5	C
2020-04-12 14:41:34.500958	u/lipstickmouse	fn7aryq	u/AbzBbzCbz	fn7al76	C
2020-04-12 14:41:36.823730	u/KJT67	fn7as7e	u/Remy10Reddit	fn79v7p	C
2020-04-12 14:41:41.331410	u/WolfheimX	fn7asd1	u/Pksavage21	fn7a0hq	C
2020-04-12 14:42:14.691554	u/don1843	fn7atfm	u/DBacksbeatDodgers	fn727fs	C
2020-04-12 14:42:56.516321	u/Noble_Sloth	fn7aur1	u/HippityHoppitus-	fn6udak	C
2020-04-12 14:43:08.681878	u/Someaverageguy54	fn7av2k	u/CapnSpazz	fn78o9e	C
2020-04-12 14:44:01.428705	u/GuinsooIsOverrated	fn7axn2	u/Bruh_Bot_	fn78qhe	C
2020-04-12 14:45:38.628132	u/GiovanniKode	fn7b1pf	u/Memer_Vincee	fn73kbd	C
2020-04-12 14:46:43.552199	u/My_Nama_Jeff1	fn7b3nt	u/Azair_Blaidd	fn58t94	C
2020-04-12 14:46:55.834506	u/RandomBoi181	fn7b46t	u/ILovePurpleCheese	flwkki2	C
2020-04-12 14:47:32.173037	u/Reddit-mp3	fn7b62q	u/sam987654321	fn6riqu	C
2020-04-12 14:47:34.569757	u/I_Am_The_Difference	fn7b69u	u/Burlytown-20	fn74dp3	C
2020-04-12 14:47:45.493139	u/CaptainNeckbeard148	fn7b6yj	u/Daddy2Rolls	fn6lssa	C
2020-04-12 14:47:47.067488	u/Reyke	fn7b6zw	u/ufonight	fn7aznz	C
2020-04-12 14:48:15.635353	u/lmaojustgotbanned	fn7b8pd	u/Ronin_69_	fn6ddqv	C
2020-04-12 14:48:21.547965	u/lmaojustgotbanned	fn7b926	u/iamspartaaaa	fn6iwb7	C
2020-04-12 14:48:22.870233	u/RussianNixon	fn7b927	u/Synka	fn72vah	C
2020-04-12 14:48:36.258241	u/theweirdguy---	fn7b9vp	u/kachowski69	fn7b583	C
2020-04-12 14:48:45.612205	u/MarkzMix	fn7basb	u/SkoglundTheGreat	fn6zcra	C
2020-04-12 14:49:03.505481	u/Varrondy	fn7bbcc	u/im-humen	fn740h5	C
2020-04-12 14:49:09.888147	u/hungariangirl28	fn7bbmv	u/RealFrozty	fn6pj0f	C
2020-04-12 14:49:18.376913	u/TacticalGuy64	fn7bbzw	u/_Fightclub_	fn7as8y	C
2020-04-12 14:49:19.478602	u/ojas007taneja	fn7bc0k	u/im_a_dick_head	fn7ba7g	C
2020-04-12 14:49:24.737455	u/Alin-Rin	fn7bcg6	u/M3nj0	fn6vthk	C
2020-04-12 14:49:25.764835	u/TheyreCalledMinerals	fn7bchx	u/trippy81	fn6neof	C
2020-04-12 14:49:26.751185	u/Master_JBT	fn7bcma	u/erka1004	fn78gao	C
2020-04-12 14:49:46.175681	u/PlanetElement	fn7bew3	u/Respect_Paying_Bot	fn7au17	C
2020-04-12 14:49:52.372410	u/LoneScout360	fn7bf7h	u/A1_certi6	fn751af	C
2020-04-12 14:50:33.819641	u/revolutionairee	fn7bgs5	u/theweirdguy---	fn7b9vp	C
2020-04-12 14:51:15.947012	u/WhatTheFuck6666	fn7bid9	u/PRO_NOOB_69	fn66v92	C
2020-04-12 14:51:50.083766	u/Davwills03	fn7bk4l	u/Elvin__	fn6a4vv	C
2020-04-12 14:52:15.926357	u/monoxxxid3	fn7bkrc	u/FrozenG1RAFF3	fn6jqyb	C
2020-04-12 14:52:20.743956	u/anikakin	fn7bkva	u/revolutionairee	fn7bgs5	C
2020-04-12 14:52:24.082162	u/fagnit	fn7bkxi	u/ConfectorSdZ	fn7b4tm	C
2020-04-12 14:52:39.303192	u/Pineapplefucker666	fn7blk1	u/Jarkoface	fn7b23n	C
2020-04-12 14:52:58.089019	u/n_b0y	fn7bmnh	u/iplay2manyvideogames	fn77t1w	C
2020-04-12 14:53:32.726126	u/purplesneeze	fn7bnxk	u/ImKashif	fn77z7r	C
2020-04-12 14:53:59.588958	u/MLG_GuineaPig	fn7bp8j	u/PANcakesuwu	fn6zr9r	C
2020-04-12 14:54:18.698805	u/area51alienboss	fn7bq5r	u/Hypererra	fn795la	C
2020-04-12 14:54:45.760639	u/tordenand	fn7brbr	u/MacAttack264984	fn7bnhr	C
2020-04-12 14:55:03.615252	u/lordkissmybass	fn7bs9c	u/Jeggu2	fn7bnpm	C
2020-04-12 14:55:32.411369	u/homo_headbanger	fn7bu25	u/superbug3003	fn6sstm	C
2020-04-12 14:55:47.040049	u/damnbroseph	fn7buo0	u/andrejb22	fn7bo89	C
2020-04-12 14:55:53.830885	u/imgonnahaveastroke	fn7but4	u/maudym	fzzpet	S
2020-04-12 14:55:56.593857	u/Marrec_159	fn7bux7	u/stuxnet___	fn6lqzm	C
2020-04-12 14:56:20.814406	u/nushipu	fn7bw4t	u/Lucius3111	fn7257l	C
2020-04-12 14:57:05.681381	u/ienjoymen	fn7by2s	u/Potatotheooflord	fl5excx	C
2020-04-12 14:57:12.202786	u/jon_noj_jon	fn7byan	u/GuinsooIsOverrated	fn7axn2	C
2020-04-12 14:57:26.835514	u/MyAccountSoFar	fn7bzan	u/morbidmerve	fn7bu4d	C
2020-04-12 14:57:45.112197	u/joejoebaggin1	fn7c04z	u/TwicerUpvoter	fn6y2wv	C
2020-04-12 14:58:42.732857	u/pedromozart	fn7c305	u/ToasterDust	fn6i8gn	C
2020-04-12 14:58:46.009918	u/benrae78	fn7c32j	u/Lucius3111	fn7257l	C
2020-04-12 14:59:12.748092	u/rando290	fn7c47l	u/Bruh_Bot_	fn74fki	C
2020-04-12 14:59:13.736543	u/Razar35	fn7c47m	u/Creeper_LORD44	fl60v2c	C
2020-04-12 14:59:30.245780	u/ItsRainbow	fn7c5nb	u/a_reddit_user124654y	fmrqp8o	C
2020-04-12 14:59:34.912832	u/Razar35	fn7c5v5	u/LordDraco781	fle9p0s	C
2020-04-12 14:59:46.693402	u/FrogSaron10	fn7c6or	u/Jaface	fn6qbto	C
2020-04-12 14:59:56.793002	u/Mike-Should-Shut-Up	fn7c7oo	u/anikakin	fn7bkva	C
