2020-04-13 11:00:19.177596	u/SupahToilet	fna1kf7	u/RepostSleuthBot	fna178f	C
2020-04-13 11:01:25.774389	u/bennevis01	fna1mz3	u/Emperor_O_Memes	fn9oc4s	C
2020-04-13 11:01:28.167639	u/shmenton	fna1mzs	u/LordLegendWolf	fna1jty	C
2020-04-13 11:01:50.962505	u/2cool4afool	fna1nsm	u/UnoReverseCard8722	fna1a5f	C
2020-04-13 11:02:06.743127	u/willydumonty	fna1ogw	u/_Itachi_-	fna1hay	C
2020-04-13 11:02:37.988617	u/AToxicBoii	fna1ptz	u/dogiogi33	fna1200	C
2020-04-13 11:03:04.636227	u/ProfessorZoinks	fna1r8g	u/TheHivestOfCerebrums	fn8stw4	C
2020-04-13 11:03:18.092117	u/Tommie_solomie	fna1s0o	u/Shotplay24	fn9kt7f	C
2020-04-13 11:04:21.788303	u/DeletusIsBack	fna1upu	u/Vulspite	fn9y5yo	C
2020-04-13 11:04:30.965065	u/Whimsie867	fna1v3b	u/MrLeshen	g0h2lk	S
2020-04-13 11:06:21.230303	u/not_throwaway2	fna215o	u/very-original-user	fn9zfzc	C
2020-04-13 11:06:34.248680	u/GrrreatFrostedFlakes	fna21wn	u/Vitovonburen	fn9rf8p	C
2020-04-13 11:06:37.960414	u/chocotaco3030	fna22a9	u/Klutchy_Playz	fn9tyck	C
2020-04-13 11:07:11.508088	u/umeyr85	fna24ia	u/shmenton	fna17zh	C
2020-04-13 11:07:32.023137	u/bleachqueen	fna25c3	u/BracketLess31	fna0vlq	C
2020-04-13 11:07:43.131612	u/Alien4real	fna25ny	u/iS3ed	fna1mhq	C
2020-04-13 11:07:47.201310	u/CubixUser	fna25p2	u/-GiantSlayer-	fn9rmc9	C
2020-04-13 11:08:26.424585	u/HungryKirby26	fna27xg	u/CrabSquid85	fna24kc	C
2020-04-13 11:08:31.831567	u/CubixUser	fna287i	u/Meme_Lettuce45	fn992bu	C
2020-04-13 11:08:49.179592	u/tHEyleftRight	fna29jo	u/Toking_Ginger	fn9y1fh	C
2020-04-13 11:09:00.785704	u/HornyMiget420_69	fna2aeq	u/umeyr85	fna29tp	C
2020-04-13 11:09:02.789735	u/GwentMaster00	fna2agv	u/-laughoutloud-	fn9fx5u	C
2020-04-13 11:09:19.427951	u/Xenobreeder	fna2b6f	u/Risingicarus	fn9uurs	C
2020-04-13 11:09:26.711927	u/saint_cheeto	fna2boc	u/TheDaemonic451	fn9zqzf	C
2020-04-13 11:09:29.733259	u/CatsAndCreamCheese	fna2bux	u/Denny_204	fn9yytv	C
2020-04-13 11:09:43.084920	u/__zZzZ__	fna2d4g	u/A_man_of_culture_cx	fna199r	C
2020-04-13 11:09:57.380438	u/Mwgfliksxc	fna2evm	u/Saoirse93	fn9sszg	C
2020-04-13 11:11:02.958318	u/lazeedavy	fna2iod	u/MrMRKY	fn9yxaq	C
2020-04-13 11:11:08.831051	u/poopypaws2319	fna2j14	u/MOE-17	fna0q8z	C
2020-04-13 11:11:23.569153	u/captain002302	fna2jts	u/Le_Pshit	fna2fk2	C
2020-04-13 11:11:43.609230	u/Th3MightyOx	fna2kii	u/ToastyTheNormie	g0ifdi	S
2020-04-13 11:11:53.012138	u/Alexander_Lemonheart	fna2ko9	u/extantbuffalo	fn9xq1f	C
2020-04-13 11:12:02.235863	u/General_Squirrel_	fna2kzh	u/mopefan111	fna16vq	C
2020-04-13 11:13:11.419358	u/YooHoHoe	fna2ohu	u/JChristo420	fna2h6f	C
2020-04-13 11:13:54.038810	u/KasraMontazeri	fna2qej	u/lazeedavy	fna2kki	C
2020-04-13 11:14:16.538339	u/the-yeah-man	fna2rly	u/UselessLightyear	fn9pb9w	C
2020-04-13 11:14:23.080464	u/Demons-Shaddow	fna2rpu	u/ZakTSK	fn9ygeg	C
2020-04-13 11:14:31.591866	u/kidcrowe	fna2rx5	u/DanielZReaper	fna1jvr	C
2020-04-13 11:15:18.043573	u/Honey-Sheep	fna2ufn	u/Username-Taken-01	fn7855k	C
2020-04-13 11:15:22.653199	u/flubberducky86	fna2uh1	u/captjust	fn9tybt	C
2020-04-13 11:15:35.271427	u/spookyautist	fna2v2d	u/vynzilla2	fn9okjl	C
2020-04-13 11:15:47.031383	u/flmceccato	fna4iyn	u/NaniZaWarudo	fn9u9cv	C
2020-04-13 11:15:51.789489	u/Assassingamer13	fna4j12	u/Shiny_Agumon	fn9i4ns	C
2020-04-13 11:16:03.360853	u/azul091s	fna4jiw	u/Barnacle_boy117	fna01sk	C
2020-04-13 11:16:21.137675	u/turapuru	fna4k1l	u/-MysteriousDOG	fna2pk0	C
2020-04-13 11:16:43.917755	u/ShunningAndBrave	fna4kv7	u/Im-in-your-toilet	fna43n7	C
2020-04-13 11:17:05.140170	u/destroyeralex6	fna4lmc	u/washedingray	fn9yt4g	C
2020-04-13 11:17:36.965938	u/sixty3pilots	fna4n3l	u/BigBrainBoi6969	fna4lgd	C
2020-04-13 11:17:38.763603	u/BrinkiBlink1337	fna4nav	u/Validori	fna3hft	C
2020-04-13 11:18:12.553348	u/joforemix	fna4pn4	u/merryjooana	fna0t7p	C
2020-04-13 11:18:19.234622	u/BiggyWolfyBoi	fna4q2g	u/SurferKid94	fn9qrve	C
2020-04-13 11:18:25.336909	u/Dynamic845	fna4qwi	u/DrBubbleBeast	fna49v7	C
2020-04-13 11:18:45.424490	u/BiggyWolfyBoi	fna4rrl	u/Kasper513	fn9sx1c	C
2020-04-13 11:18:56.511355	u/BigLig17	fna4sq8	u/RepostSleuthBot	fn9y59m	C
2020-04-13 11:19:00.679536	u/thehazzanator	fna4swe	u/nuthinlikeagoodnut	fn9tvx0	C
2020-04-13 11:19:43.996044	u/comradelmo69	fna4w4a	u/LifeisFunny69	fna4mun	C
2020-04-13 11:20:11.105443	u/Cuttle_boi	fna4zaq	u/CharMan160	fna4u1h	C
2020-04-13 11:20:33.716552	u/money-honeyy	fna4zxv	u/Zafk13l	fn9rjvj	C
2020-04-13 11:21:04.394612	u/anonymoose-introvert	fna51b3	u/xxGunnmanxx	fn8tsiq	C
2020-04-13 11:21:06.995488	u/LucaYo	fna51c1	u/Xenogenes	fn9sulo	C
2020-04-13 11:21:31.999056	u/_nickkcin_	fna52k8	u/nuthinlikeagoodnut	fn9tvx0	C
2020-04-13 11:21:38.975505	u/MrOctopus5757	fna52vf	u/brismoNL	fn9jr94	C
2020-04-13 11:22:12.517480	u/martinos-dandlinos	fna5415	u/sohailkhan46	fn9xrk1	C
2020-04-13 11:22:33.604580	u/probably-dead-human	fna559o	u/JChristo420	fna2h6f	C
2020-04-13 11:22:45.550317	u/Long-Time-Lurker-95	fna55p2	u/Cody_Garbrandt	fn9oslp	C
2020-04-13 11:23:33.153235	u/duckyLT	fna57ef	u/comradelmo69	fna4zub	C
2020-04-13 11:24:32.889942	u/unkomisete	fna5a81	u/Voller_Faulheit	fn9gqfu	C
2020-04-13 11:24:58.629156	u/BeastyWoman	fna5b07	u/GratefulOctopus	fn9t8pb	C
2020-04-13 11:25:05.692949	u/ThatFuckingPrick	fna5b94	u/ChiefSkonchin	fna4jpb	C
2020-04-13 11:25:07.730189	u/its_a_me_mari0	fna5b9y	u/ivviesaur	fn2w6xy	C
2020-04-13 11:25:15.798671	u/Nigg4-san	fna5blt	u/MihirMagikarp	fna4wk9	C
2020-04-13 11:25:44.279772	u/read-a-lot	fna5cv6	u/Eli-Peterson	fna3kcw	C
2020-04-13 11:27:16.430290	u/schanino	fna5hil	u/DarkPrince45AH	g0dgu4	S
2020-04-13 11:27:38.502914	u/niiitu	fna5iuc	u/Pope_Of_Coke	fna4rc2	C
2020-04-13 11:27:44.459589	u/ChickyBuritto	fna5iyk	u/Androman777	g0f95s	S
2020-04-13 11:28:34.268825	u/archally717	fna5m1t	u/31T4N	fna5cs3	C
2020-04-13 11:28:42.609335	u/Grayson_42	fna5mm6	u/Altmimeme9	fna4bfr	C
2020-04-13 11:29:15.209249	u/Xwwih	fna5obd	u/ShySwimmerGuy	fna1mdf	C
2020-04-13 11:29:18.657190	u/FalloutWaster111	fna5oh8	u/YoItzIsabella	fn9q76x	C
2020-04-13 11:29:23.874589	u/Point--Break	fna5ovz	u/ManyManyMoonsUggo	fna3n47	C
2020-04-13 11:29:38.754414	u/OberschlauesObst	fna5ptt	u/noodlemcfoodle	fna4zkn	C
2020-04-13 11:29:59.809128	u/humaster65	fna5r24	u/KingKontinuum	fna25c5	C
2020-04-13 11:30:11.945130	u/Master_JBT	fna5rhs	u/MrAppleKing	fna5m8a	C
2020-04-13 11:30:28.213168	u/Jojo133745	fna5rwd	u/MaxDai52	fn9or4x	C
2020-04-13 11:30:52.926818	u/FuntimeFreddy2019	fna5shm	u/MW5147	fn9w4ve	C
2020-04-13 11:31:41.534330	u/THEBLUISHTYPE_YT	fna5v1i	u/steliosmudda	fn9830f	C
2020-04-13 11:32:09.876964	u/nishkarsh5	fna5vto	u/LeatherRegret	fn9igog	C
2020-04-13 11:32:13.112406	u/womp-the-womper	fna5vw9	u/Alien4real	fna5b80	C
2020-04-13 11:32:16.527490	u/2Dgt3D	fna5w48	u/microwave-2	fna5pjl	C
2020-04-13 11:32:25.427945	u/Polar_Warfare	fna5we8	u/darthvader314	fn955rq	C
2020-04-13 11:33:11.795518	u/german-guy-yes	fna5yvl	u/Jojo133745	fna5vsb	C
2020-04-13 11:33:19.224463	u/moroccoboi	fna5z2t	u/RepostSleuthBot	fna1ous	C
2020-04-13 11:33:23.644636	u/memehub69420	fna5zbq	u/yeboi676	fna5q12	C
2020-04-13 11:33:56.265509	u/Urmomisaguy	fna60ii	u/CowCluckLated	fna4llb	C
2020-04-13 11:34:56.295699	u/Aromatic-Solution	fna62vw	u/RepostSleuthBot	fn9yl1c	C
2020-04-13 11:35:03.255837	u/sploogetoob	fna634q	u/SanGG96	fna5r4k	C
2020-04-13 11:35:06.414685	u/Exyria	fna63b8	u/JAMES_THE_YEET	fna3s32	C
2020-04-13 11:35:42.705411	u/Exz0tikWaffle	fna64w5	u/Shiny_Agumon	fn9i4ns	C
2020-04-13 11:35:45.834605	u/Charlie_Berry	fna64yr	u/PixelBy_Pixel	fn9q799	C
2020-04-13 11:36:51.542645	u/gsUAE	fna686c	u/Aaron_toxic	fn90s47	C
2020-04-13 11:37:08.875655	u/Splashu_boi	fna693x	u/SparXs13542	fna1qzb	C
2020-04-13 11:37:11.471472	u/fe_gentil	fna699c	u/MW5147	fn9w4ve	C
2020-04-13 11:37:34.838514	u/Splashu_boi	fna6adz	u/MrKrabs13	fna31rp	C
2020-04-13 11:37:48.728756	u/s0me0ne1123	fna6b6y	u/NoodlesTheMuso	fn9h477	C
2020-04-13 11:38:16.737176	u/JoshuaBurg	fna6c7n	u/ThisIsItChief-	fn9wvvp	C
2020-04-13 11:38:32.352388	u/Eromenos_2	fna6d2y	u/Jason-C21	fna2sgy	C
2020-04-13 11:38:43.480006	u/h3lm0	fna6dkc	u/Whalesrcool3	fna63uu	C
2020-04-13 11:39:10.985880	u/realfabiii	fna6fx6	u/Ornery_Championship	fn9tdm3	C
2020-04-13 11:39:29.163942	u/Babogurke	fna6hfg	u/mildly-liberal	fna39yl	C
2020-04-13 11:39:30.334168	u/DanielGREY_75	fna6hgj	u/akaJace	fna530a	C
2020-04-13 11:39:35.535095	u/LordFancypantaloonz	fna6hsv	u/__Robert___	fn9w3ft	C
2020-04-13 11:39:42.656369	u/Donttrustmeorelse	fna6if3	u/eszynka	fna0k4n	C
2020-04-13 11:39:52.866851	u/IchEssEstrich	fna6j81	u/Sattoth	fna6crc	C
2020-04-13 11:40:06.563107	u/Vertex_Reddit	fna6kfg	u/septembercheese	fna39aq	C
2020-04-13 11:40:25.628055	u/whythatdamn	fna6kvv	u/syndicate1024	fn9plx5	C
2020-04-13 11:40:44.764710	u/Laughingbulbasaur	fna6ltb	u/RepostSleuthBot	fn888rp	C
2020-04-13 11:41:24.905824	u/a-clan	fna6n1o	u/JoypadJoy	fn9xqnu	C
2020-04-13 11:41:32.946428	u/Foogie23	fna6nep	u/bleachqueen	fna25c3	C
2020-04-13 11:42:11.179914	u/paisleyypark	fna6o98	u/BOSS_Master7000	fn9jebu	C
2020-04-13 11:42:32.170068	u/DiamondCoal	fna6p08	u/worth_schi_13	fna5jj3	C
2020-04-13 11:42:55.656419	u/GunstarHeroine	fna6q6b	u/execuTe656	fn9t53e	C
2020-04-13 11:43:19.553147	u/Truitt1229	fna6qz4	u/Charlie_Berry	fna64yr	C
2020-04-13 11:43:35.905374	u/al096	fna6rnm	u/IchEssEstrich	fna6j81	C
2020-04-13 11:44:04.381816	u/jasontnyc	fna6sbn	u/Dragonman558	fn9apia	C
2020-04-13 11:44:27.215428	u/Bergmeeuw2	fna6t1g	u/iiSey	fna58i9	C
2020-04-13 11:44:41.548152	u/stringbeangeenz	fna6tsv	u/widgetareconfuse	fn9y7g5	C
2020-04-13 11:45:03.960590	u/Tetradotoxins	fna6ujs	u/overheaven_sushi	fna6b37	C
2020-04-13 11:45:08.842745	u/EliasEatsPants	fna6uln	u/MemeLordMart	fna6qmd	C
2020-04-13 11:45:43.764658	u/macaroooniii	fna6w98	u/bigboddle	fn9ywnh	C
2020-04-13 11:46:08.073992	u/Xangallus	fna6wum	u/memehub69420	fna5zbq	C
2020-04-13 11:46:33.349764	u/youngyummyyeet	fna6y49	u/Master_JBT	fn7tjk5	C
2020-04-13 11:47:06.539569	u/boatymcboatman	fna6yxj	u/64SmartName	fn73xhh	C
2020-04-13 11:47:12.422375	u/7328360337	fna6z8t	u/RobbieUGC	fna6jl3	C
2020-04-13 11:47:17.857927	u/dynabrit	fna6zjc	u/justchecking69420	fna3s3k	C
2020-04-13 11:47:22.401875	u/toastypotatofries	fna6zt3	u/Whovian1701	fn9rfal	C
2020-04-13 11:47:42.221562	u/SgtTittyNipples	fna70re	u/junkieprincessdiana	fn9z600	C
2020-04-13 11:48:02.453068	u/xi88_	fna71va	u/HiveMynd148	fna6q10	C
2020-04-13 11:48:24.209190	u/FlickNett	fna72i0	u/RepostSleuthBot	fna0ve9	C
2020-04-13 11:48:27.229807	u/Ace_K_Dragon	fna72mu	u/VendettaSunsetta	fna32yb	C
2020-04-13 11:48:29.891756	u/dynabrit	fna72nu	u/an_unknown_dragon	fna6x6f	C
2020-04-13 11:48:32.379875	u/TheRealZack34	fna72x8	u/YouDrinkMahDew	fna6xsu	C
2020-04-13 11:48:42.934456	u/WarAxeMain	fna73b3	u/fixxer75	fn9n27i	C
2020-04-13 11:48:59.469918	u/Musk_is_batman	fna74hc	u/nishkarsh5	fna5vto	C
2020-04-13 11:49:08.887848	u/Amazing_Mix	fna74s8	u/KARANSINGHJATT	fna19ns	C
2020-04-13 11:49:11.719942	u/ApoliteTroll	fna74w1	u/erikfurlan23	fn9tvng	C
2020-04-13 11:49:17.705461	u/realamazingpieop	fna75jj	u/AnotherSaltyScum	fna5j0d	C
2020-04-13 11:49:26.075991	u/radmadicalhatter	fna75zl	u/hel10thew0rld	fna3pxw	C
2020-04-13 11:49:33.984036	u/Meme-grabbee	fna76sx	u/Dragon121o	fna6c4u	C
2020-04-13 11:49:49.580983	u/Thatoneguy2187	fna77sy	u/I_came_from_uranus	fn9knhn	C
2020-04-13 11:49:58.620672	u/barleyhogg1	fna79gm	u/Foxeslovereddit	fn9sy58	C
2020-04-13 11:50:01.759875	u/HolesInTheRoof	fna79mo	u/PharmaGangsta	fna17vr	C
2020-04-13 11:50:41.693162	u/dynabrit	fna7awo	u/WABAMO_	fna78pu	C
2020-04-13 11:50:47.397282	u/droovieboobie	fna7b0v	u/NeverFallInLine	fna40pl	C
2020-04-13 11:50:49.831444	u/C4L4V3RA	fna7b1p	u/realamazingpieop	fna75jj	C
2020-04-13 11:50:53.392256	u/Sikora_217	fna7b6v	u/wealthycashier	fna6c5c	C
2020-04-13 11:51:48.300030	u/DEMON_DOGGER	fna7dio	u/The_night_camel	fna71sc	C
2020-04-13 11:52:18.194615	u/knucles_master64	fna7ete	u/Kasper513	fn9sx1c	C
2020-04-13 11:53:05.319414	u/ben-dover69your-nan-	fna7giu	u/LeCoronavirus	fn7mums	C
2020-04-13 11:53:34.937120	u/DennisIsAWierdo	fna7hsl	u/CheeriodudeL45	fna7fbf	C
2020-04-13 11:53:55.967981	u/Memphistophelian	fna7ilv	u/Highnoon_Shadow	fn9xu7z	C
2020-04-13 11:54:32.510865	u/fescallont	fna7k4d	u/RepostSleuthBot	fna6yyk	C
2020-04-13 11:54:58.574014	u/TraditionalRuin1	fna7l2v	u/janex29	fn9vqwn	C
2020-04-13 11:55:53.768821	u/flmceccato	fna7myg	u/Darth_Sans	fna7l2r	C
2020-04-13 11:55:55.722907	u/txy-rabbit_yt	fna7n3h	u/3inchesofdmg	fn79sw1	C
2020-04-13 11:56:31.162171	u/greatmjh	fna7o3n	u/German_Drive	fn9ivww	C
2020-04-13 11:56:43.102350	u/colicab	fna7oq5	u/SgtTittyNipples	fna70re	C
2020-04-13 11:56:49.035201	u/Shadow_DreamPT	fna7osy	u/erotic_shaolin	fna1blb	C
2020-04-13 11:57:50.544570	u/Fake-DAIH	fna7rmh	u/HOTTRIMMY	fna652e	C
2020-04-13 11:58:18.093216	u/TamIAm82	fna7tco	u/GrrreatFrostedFlakes	fna21wn	C
2020-04-13 11:58:19.708946	u/LordLongRocket	fna7ti7	u/KidNigma	fna0l28	C
2020-04-13 11:58:22.630572	u/shabacheetoboi	fna7tmd	u/austind9999	fx0s7j	S
2020-04-13 11:58:36.255737	u/Wolverine057	fna7v54	u/Democanos	fna7rvg	C
2020-04-13 11:58:49.914390	u/Wolverine057	fna7w9q	u/Democanos	fna7rvg	C
2020-04-13 11:59:17.145108	u/Tuphy486	fna7y86	u/SeperiorGT	fna6yk7	C
2020-04-13 11:59:42.971643	u/hotdog055	fna80bl	u/MichaelAceAnderson	fn9i720	C
2020-04-13 11:59:46.787853	u/AFlyingNun	fna80o6	u/GrrreatFrostedFlakes	fna21wn	C
2020-04-13 11:59:52.144147	u/Numismatist640	fna81sv	u/xmattar	fna7j7k	C
2020-04-13 11:59:52.816614	u/somedepressedtrash	fna81w8	u/ZagemblenecSK	fna4vfk	C
