2020-03-22 02:00:05.921026	u/Sheev_Palpatine69	fl670hl	u/WhereIsWalmart	fl5g156	C
2020-03-22 02:00:14.509438	u/thetabo	fl670mc	u/FairlyGodParents	fl64017	C
2020-03-22 02:00:28.453927	u/moonchildtania	fl670w1	u/_NotSlimShady	fl66tl8	C
2020-03-22 02:00:38.122269	u/lil-small-fry	fl6712u	u/Rentermk4	fl5xvax	C
2020-03-22 02:00:51.830823	u/Reysand07	fl671d2	u/uptousflamey	fl5h7p8	C
2020-03-22 02:00:59.857820	u/Messiazar	fl671ib	u/Tru_Drone_Videos	fl66yjn	C
2020-03-22 02:01:02.160560	u/ThatKrautGuy	fl671jc	u/meljohn22gaming	fl62gzk	C
2020-03-22 02:01:06.717934	u/Captivating_Crow	fl671o7	u/i-dont-fuckin-knoe	fl63rpw	C
2020-03-22 02:01:21.836290	u/insolent_id	fl671x7	u/Shawn007007	fl5pynd	C
2020-03-22 02:01:32.517638	u/Jelly_Much	fl6727z	u/duke150	fl650fo	C
2020-03-22 02:01:48.069412	u/IAmPuente	fl672gm	u/yrimom	fl653jh	C
2020-03-22 02:02:01.402251	u/squishydoggo69	fl672uw	u/heyuhitsyaboi	fl645xp	C
2020-03-22 02:02:20.265393	u/Beans_42069	fl6733s	u/therealmarkhermy	fl62y3e	C
2020-03-22 02:02:27.095409	u/Hshshshhf	fl67397	u/verygroot1	fl63rew	C
2020-03-22 02:02:32.426111	u/QRobo	fl673f9	u/deflemon13	fl616bt	C
2020-03-22 02:02:55.932762	u/LeeBregman	fl673y3	u/Tru_Drone_Videos	fl66txm	C
2020-03-22 02:03:01.291385	u/izabonfire2	fl67420	u/coco237	fl5tfev	C
2020-03-22 02:03:10.089414	u/justasimpleleaf	fl67491	u/Fury_122333	fl66uad	C
2020-03-22 02:03:12.183367	u/AthoraRed	fl67494	u/Http-Chief	fl5opfg	C
2020-03-22 02:03:15.312960	u/Joocky_	fl674aj	u/Nosyrbnomah	fl65t4z	C
2020-03-22 02:03:23.839281	u/poppers-penguins	fl674ee	u/MynTYleef	fl5mvq6	C
2020-03-22 02:03:50.278794	u/shaneAbram155	fl6756a	u/flipflops1331	fmp3an	S
2020-03-22 02:04:13.167553	u/soloforsolong	fl675ne	u/Dudebro4884	fl65x7n	C
2020-03-22 02:04:22.707455	u/sergeantdecimus	fl675tw	u/lilslickwilly69	fl673vo	C
2020-03-22 02:04:28.667285	u/SomeItOneGram	fl675xp	u/Fezy626	fl66s6g	C
2020-03-22 02:04:37.347705	u/HdeZho	fl6763k	u/InfamousManiac	fl64aew	C
2020-03-22 02:04:43.528123	u/yea_yeah	fl6767p	u/anhydrousahem	fl65wud	C
2020-03-22 02:04:47.669022	u/FIREBALL07	fl676c6	u/currymonster3000	fl62xai	C
2020-03-22 02:04:49.702099	u/AvianMC	fl676d7	u/InfamousManiac	fl64aew	C
2020-03-22 02:05:06.146377	u/ZARVIYA	fl676tv	u/JuanitaTheRat	fl62bk0	C
2020-03-22 02:05:08.150606	u/obe_wan_shinobe	fl676ul	u/Http-Chief	fl5xa3h	C
2020-03-22 02:05:11.182035	u/Poisunousp	fl676wt	u/moxif	fl5po8x	C
2020-03-22 02:05:18.800949	u/Albino_Rednecks	fl67721	u/RepostSleuthBot	fl671qv	C
2020-03-22 02:05:26.445782	u/The-Marvel-Fan736	fl67796	u/OP_0-0-0_dart_monkey	fl5wwql	C
2020-03-22 02:05:39.983030	u/Rubber_Duccy	fl677q8	u/lshqpyari	fl5ojgm	C
2020-03-22 02:05:47.089851	u/efetoklu	fl677ym	u/lilslickwilly69	fl673vo	C
2020-03-22 02:06:07.106143	u/Skull_Warrior	fl678hs	u/spinelisbeast	fl5wnok	C
2020-03-22 02:06:09.911640	u/DerpDerper909	fl678in	u/lshqpyari	fl5qs2l	C
2020-03-22 02:06:17.969829	u/game-end	fl678pr	u/TheHootingLance	fl5vs1l	C
2020-03-22 02:06:21.880054	u/Airisakurafubuki	fl678rn	u/lshqpyari	fl5ojgm	C
2020-03-22 02:06:24.606823	u/JeremyBlackGlade	fl678rs	u/btwmagic	fl5v17g	C
2020-03-22 02:06:37.865112	u/excalibro_prime	fl679ky	u/lshqpyari	fl5qqvf	C
2020-03-22 02:07:00.571182	u/iamshambled	fl67a22	u/OWNPhantom	fl5xmr4	C
2020-03-22 02:07:02.322933	u/Arby333	fl67a4t	u/lshqpyari	fl5qs2l	C
2020-03-22 02:07:07.743136	u/noahgweek	fl67adt	u/A_Dead_Meme_21	fl66rxr	C
2020-03-22 02:07:18.119140	u/elevated_stonks	fl67avq	u/lshqpyari	fl5ojgm	C
2020-03-22 02:07:21.745137	u/EeveeMasterJenya	fl67b10	u/meljohn22gaming	fl5syjo	C
2020-03-22 02:07:23.453635	u/TheCheeseBroker	fl67b3x	u/InfamousManiac	fl63zh2	C
2020-03-22 02:07:35.225867	u/dosreversecard2	fl67bh3	u/meljohn22gaming	fl66ctn	C
2020-03-22 02:07:44.054437	u/nickstj02	fl67bum	u/Unknownghost17	fl5flon	C
2020-03-22 02:07:52.807806	u/satpat96	fl67bzb	u/bothacker2	fl678k4	C
2020-03-22 02:08:01.410202	u/Toxic_AC	fl67ce4	u/Http-Chief	fl5oo5h	C
2020-03-22 02:08:08.458274	u/absolutelynothing_-	fl67csh	u/thelonelygenuis	fl672p5	C
2020-03-22 02:08:10.755188	u/SonicSrinath	fl67cv9	u/DragoDoctor67	fl62785	C
2020-03-22 02:08:28.123958	u/BepicBamer	fl67dp6	u/Athovik	fl5tqsl	C
2020-03-22 02:08:38.246607	u/Ivan-the-bandit	fl67e9v	u/onlinelink2	fl66qbb	C
2020-03-22 02:08:46.867824	u/Blaze_Firesong	fl67en9	u/PwndaFace	fl5xwdh	C
2020-03-22 02:08:53.246555	u/toshiba_bomba	fl67eyf	u/efetoklu	fl675kv	C
2020-03-22 02:09:06.147765	u/AstrorainGalaxy	fl67fcq	u/jeepobeepo	fl64hp0	C
2020-03-22 02:09:10.026475	u/sojayn	fl67fhk	u/thekeenspartan	fl66e5d	C
2020-03-22 02:09:23.331131	u/TheHappyAccident101	fl67fx8	u/Athovik	fl5ukj2	C
2020-03-22 02:09:25.535147	u/UnchartedArrival	fl67fyt	u/krishkalra43	fl5hp9f	C
2020-03-22 02:09:42.950273	u/Indigocacti	fl67gi2	u/lshqpyari	fl5qqvf	C
2020-03-22 02:09:45.262835	u/Reddi_Man	fl67gnx	u/lil-small-fry	fl6712u	C
2020-03-22 02:09:52.225871	u/wetcornbread	fl67h0b	u/UslashUslashUser	fl6128m	C
2020-03-22 02:09:56.293245	u/MadOrange64	fl67hbl	u/NotSoPersonalJesus	fl5p3eg	C
2020-03-22 02:10:01.341983	u/fenrir290	fl67hka	u/Paulie_Walnuts11	fl66y4d	C
2020-03-22 02:10:07.373044	u/JonnyRichter	fl67ht5	u/throwRA46209	fl5u9t0	C
2020-03-22 02:10:27.180298	u/Artificial_Ascent	fl67igu	u/AutoModerator	fl4w74e	C
2020-03-22 02:10:36.367271	u/JeanyBoi	fl67ikp	u/ReadItAlready_	fl5dj61	C
2020-03-22 02:10:43.984569	u/shrek2themovie	fl67ion	u/meljohn22gaming	fl5x49x	C
2020-03-22 02:10:47.450485	u/TooLazyForThat	fl67ipd	u/uptousflamey	fl5h7p8	C
2020-03-22 02:10:56.880686	u/caliandben1	fl67itu	u/btwmagic	fl5v17g	C
2020-03-22 02:10:59.236281	u/mrapplesauce63	fl67itv	u/Spg04	fl5vild	C
2020-03-22 02:11:21.206014	u/biggdoggmemes	fl67jrk	u/Xploiter_RBLX	fl65d4u	C
2020-03-22 02:11:33.516456	u/Ki_ro	fl67kaz	u/swagzard78	fl64pdb	C
2020-03-22 02:11:50.374186	u/Xna28	fl67kvj	u/adithyabenoy	fl67b7w	C
2020-03-22 02:11:56.318054	u/JurmytheWormy	fl67kzs	u/LucMegaYoung	fl6450e	C
2020-03-22 02:12:00.953781	u/d_an-1el	fl67l0x	u/tydyedTIEfighter	fl645qd	C
2020-03-22 02:12:05.391970	u/GustavStone07	fl67l4v	u/i_am_a_condom	fl65q8b	C
2020-03-22 02:12:16.155117	u/Neoblaze1207	fl67la4	u/RepostSleuthBot	fl5dcon	C
2020-03-22 02:12:29.709306	u/HolysDeviL	fl67lm4	u/Http-Chief	fl5o6nk	C
2020-03-22 02:12:45.463502	u/RocBrizar	fl67lvn	u/NegevExploits	fl5vk2z	C
2020-03-22 02:12:50.873031	u/Okaythatwasepic	fl67m2g	u/BrightJournalist	fl5w1x4	C
2020-03-22 02:12:54.209800	u/TrexHunter9000	fl67m58	u/AREUATURTLE	fl65q0o	C
2020-03-22 02:13:01.045180	u/Orca-Song	fl67mbl	u/Slayer_Jinx	fl5ry92	C
2020-03-22 02:13:34.243876	u/dis_boi_cody42069	fl67n9q	u/Ph4antomPB	fl5zi5h	C
2020-03-22 02:13:38.509467	u/Dominic_egg	fl67niy	u/Gubq	fl5lyk4	C
2020-03-22 02:14:05.973167	u/jwright2k19	fl67o97	u/renoraid	fl5rro4	C
2020-03-22 02:14:23.017319	u/lunalovegood001	fl67otd	u/MynTYleef	fl5mvq6	C
2020-03-22 02:14:30.096652	u/BnB_Hazard	fl67p02	u/tydyedTIEfighter	fl63ti6	C
2020-03-22 02:14:33.291290	u/Zr_Stealth	fl67p2o	u/whatislove2019	fl65awj	C
2020-03-22 02:14:36.333273	u/Caszcade	fl67p7z	u/MynTYleef	fl5mvq6	C
2020-03-22 02:14:38.375604	u/animemafiaboss	fl67pag	u/davidesquer17	fl6676w	C
2020-03-22 02:14:44.602635	u/MrSchnapskatze	fl67pg2	u/iiCheatr	fl650s1	C
2020-03-22 02:14:52.225278	u/Emilia_Sama	fl67por	u/GlitterShit23-68	fl5tnu3	C
2020-03-22 02:14:56.210355	u/jennoyminnoy	fl67prj	u/Hamburger-time-bois	fl5rmrd	C
2020-03-22 02:14:58.291871	u/Logisticgecko71	fl67pvu	u/MynTYleef	fl5mvq6	C
2020-03-22 02:15:01.667149	u/MarcusKang	fl67pwj	u/chrisl_003	fl5nzia	C
2020-03-22 02:15:05.837252	u/abmasterisonreddit	fl67q5z	u/Random__guy_	fl5zr7p	C
2020-03-22 02:15:16.008624	u/godmeme6669	fl67qpb	u/Xploiter_RBLX	fl61lhn	C
2020-03-22 02:15:18.934064	u/idkhonestlyyyy	fl67qpo	u/SDeathlock28	fl66upi	C
2020-03-22 02:15:27.709900	u/HellcatGamer123	fl67r6w	u/Athovik	fl5zwly	C
2020-03-22 02:15:47.229409	u/Uncle_Spaz	fl67rp5	u/throwRA46209	fl5tu9k	C
2020-03-22 02:15:49.218959	u/SWOz_23	fl67rqo	u/lilslickwilly69	fl67c4h	C
2020-03-22 02:16:01.070523	u/acrobatsmat	fl67s8e	u/FUCKNAMES21	fl66b17	C
2020-03-22 02:16:22.574162	u/luk9s0n	fl67src	u/FinancialSandwich9	fl5zcox	C
2020-03-22 02:16:29.169404	u/Js0on	fl67sw7	u/Dudebro4884	fl65x7n	C
2020-03-22 02:16:36.659671	u/A1zb0i	fl67t05	u/AutoModerator	fl5gnyw	C
2020-03-22 02:16:45.281322	u/Tadople	fl67t70	u/Sir_Chomps	fl5sfdy	C
2020-03-22 02:16:47.965931	u/koolgyht	fl67ta6	u/OctopusTaco1	fl5upp8	C
2020-03-22 02:16:50.670232	u/Min3cr4fT4Lif3	fl67tcf	u/Captivating_Crow	fl671o7	C
2020-03-22 02:16:52.455793	u/flynnschifo	fl67ten	u/MegaBurritoIncognito	fl641g2	C
2020-03-22 02:16:56.872683	u/x_FromFirst_ToLast_x	fl67tq7	u/FairlyGodParents	fl64017	C
2020-03-22 02:16:58.652102	u/GETREKTBOI825	fl67tr7	u/Hescoveredinbutter	fl67sax	C
2020-03-22 02:17:00.445684	u/hazilovangia	fl67tr9	u/AniCal	fl3yypd	C
2020-03-22 02:17:03.317272	u/GalaticaAzure	fl67tuz	u/AthoraRed	fl67494	C
2020-03-22 02:17:05.118668	u/elgringolocojr	fl67tvk	u/sudo_rui	fl62wms	C
2020-03-22 02:17:28.063535	u/erlgrae	fl67uij	u/Rentermk4	fl5xvax	C
2020-03-22 02:17:33.548788	u/SaltysSalty	fl67uup	u/justcatt	fl5vow5	C
2020-03-22 02:17:42.154538	u/potatosalad_69	fl67v4r	u/Fir3mast3r55	fl67t92	C
2020-03-22 02:17:46.128512	u/Suavpan	fl67v91	u/onlinelink2	fl67flr	C
2020-03-22 02:17:56.385423	u/Awesomeletter	fl67vzq	u/lilslickwilly69	fl67rwx	C
2020-03-22 02:18:03.763119	u/senato27	fl67wfa	u/Zer0M0ti0nless	fl64cow	C
2020-03-22 02:18:08.464315	u/lindandlow	fl67wig	u/Sax_N_IceCream	fl629eg	C
2020-03-22 02:18:39.385157	u/abq_heisenberg	fl67xmk	u/webdog77	fl5k60k	C
2020-03-22 02:18:40.901379	u/Mars11921	fl67xom	u/thelonelygenuis	fl67o6k	C
2020-03-22 02:18:51.416216	u/_koopatroopa	fl67xyg	u/gagekj	fl64o79	C
2020-03-22 02:19:05.795624	u/userisshy	fl67yh3	u/tahzeerr	fl65m4b	C
2020-03-22 02:19:10.607662	u/Grimwyre	fl67yoo	u/Akura_Compassion	fl5uc8j	C
2020-03-22 02:19:18.768194	u/Korenlh84	fl67ysm	u/xXxGamerGirlxXx69420	fl6318m	C
2020-03-22 02:19:23.253231	u/glamrockhippieguy	fl67z27	u/Frankie4SD	fl5xsuo	C
2020-03-22 02:19:25.104628	u/RoRkeGuY	fl67z33	u/mechagodzilla2007	fl6668t	C
2020-03-22 02:19:39.721164	u/The__CEO	fl67zl0	u/great_wholesome_name	fl655yp	C
2020-03-22 02:19:51.338116	u/big-boomer-boii	fl68078	u/lshqpyari	fl5ojgm	C
2020-03-22 02:19:52.046600	u/FiremanMac811	fl6807i	u/Leonidus159	fl66pwy	C
2020-03-22 02:19:54.022718	u/lumbagoboi1899	fl680b3	u/onlinelink2	fl67xao	C
2020-03-22 02:19:55.199006	u/PP_Gobler-the-4th	fl680jx	u/efetoklu	fl677ym	C
2020-03-22 02:19:56.869366	u/ByeMcnabb	fl680ph	u/uptousflamey	fl5h7p8	C
2020-03-22 02:19:58.337820	u/WoterWeasel	fl680py	u/sergeantdecimus	fl672gx	C
2020-03-22 02:19:58.786284	u/MikeUitar	fl680qu	u/msuleman67h	fl66enc	C
2020-03-22 02:20:03.531718	u/gulfstreamball	fl680zp	u/luk9s0n	fl67src	C
2020-03-22 02:20:33.925367	u/vansh_0765	fl681qr	u/userisshy	fl67yh3	C
2020-03-22 02:20:37.489455	u/Aaron050508	fl681uh	u/Obaijansen21	fk37pgm	C
2020-03-22 02:20:42.184731	u/lqmnloy2003	fl681v8	u/btwmagic	fl5v17g	C
2020-03-22 02:21:37.504316	u/FuckMelnTheAssDaddy	fl6835a	u/ioofedmyslef	fl67qpj	C
2020-03-22 02:21:51.618972	u/Creeperofhope	fl683f6	u/vansh_0765	fl681qr	C
2020-03-22 02:21:54.989107	u/fight4fury	fl683gz	u/AutoModerator	fl5h8ly	C
2020-03-22 02:22:07.385774	u/HisRoyalFatness2000	fl683kx	u/lshqpyari	fl5qs2l	C
2020-03-22 02:22:16.050154	u/RektimusMaximus	fl683ro	u/lilslickwilly69	fl68251	C
2020-03-22 02:22:59.112104	u/Noobgamer0111	fl684mw	u/areyougartylarty	fl62mky	C
2020-03-22 02:23:28.842909	u/jackie19944	fl685io	u/AutoModerator	fl55xzu	C
2020-03-22 02:23:31.058753	u/Lopes30787	fl685j4	u/justasimpleleaf	fl67491	C
2020-03-22 02:23:35.089116	u/3October	fl685kz	u/AutoModerator	fl5gnyw	C
2020-03-22 02:24:13.443791	u/Jasher062806	fl686my	u/Patrick_Bot2	fl513ca	C
2020-03-22 02:24:26.458746	u/-MoonCrusader-	fl6871s	u/dovedevic	fl2izeo	C
2020-03-22 02:24:35.444281	u/ILIKEMEMES32123	fl6874k	u/Http-Chief	fl5xa3h	C
2020-03-22 02:24:42.851183	u/chairlord3	fl687a2	u/AutoModerator	fl55xzu	C
2020-03-22 02:24:47.343695	u/mic_cn	fl687df	u/WoooshingAway	fl680r4	C
2020-03-22 02:25:00.089329	u/Mario_Nate	fl687ns	u/kniattempler	fl63x2c	C
2020-03-22 02:25:05.512776	u/Satcastic-Lemon	fl687s9	u/meljohn22gaming	fl65voj	C
2020-03-22 02:25:09.866299	u/bustanutonmymonitor	fl687va	u/ViziaYT	fl66efs	C
2020-03-22 02:25:11.871430	u/fungiboi673	fl687wh	u/DeCypher3d	fl66z4b	C
2020-03-22 02:25:19.016349	u/Maihendrakun	fl68814	u/Xploiter_RBLX	fl5y5fg	C
2020-03-22 02:25:21.074802	u/awss3433	fl6881o	u/A_Moderate	fl647x6	C
2020-03-22 02:25:24.088879	u/wynntari	fl6884r	u/AutoModerator	fl5yhbw	C
2020-03-22 02:25:30.066340	u/When-1n-Doubt	fl6888u	u/MynTYleef	fl5mvq6	C
2020-03-22 02:26:04.970369	u/ManOfGames_YT	fl6891t	u/LucMegaYoung	fl67u9o	C
2020-03-22 02:26:36.116933	u/SportsMaster28	fl689rk	u/HellcatGamer123	fl681z7	C
2020-03-22 02:26:44.434655	u/AlphaFlame5	fl68a1v	u/kipper37	fl61dzk	C
2020-03-22 02:26:58.743453	u/Black-Chicken447	fl68ac9	u/Birbinbush	fl682cn	C
2020-03-22 02:27:10.462578	u/poriya_RAD	fl68ay7	u/Http-Chief	fl5opfg	C
2020-03-22 02:27:26.164810	u/Jdlol100	fl68bih	u/Mars11921	fl682sq	C
2020-03-22 02:27:43.898302	u/Otachi365	fl68bve	u/lshqpyari	fl5qs2l	C
2020-03-22 02:27:45.604136	u/jjhedgehog26	fl68bvr	u/Zr_Stealth	fl67p2o	C
2020-03-22 02:27:54.793869	u/Greenjets	fl68c1a	u/idiooooot	fl5s9xg	C
2020-03-22 02:28:39.751026	u/giladS697	fl68d9r	u/lilslickwilly69	fl68b0c	C
2020-03-22 02:28:49.339613	u/Exact_Gold	fl68di2	u/banana_boiz	fl62u0y	C
2020-03-22 02:28:54.571803	u/wumpy112	fl68dsy	u/Epicgamer1888	fl66pe3	C
2020-03-22 02:29:05.441935	u/Mark10306	fl68e7b	u/giladS697	fl68b0s	C
2020-03-22 02:29:06.682338	u/Ka_Dilim_An	fl68e7l	u/Random__guy_	fl5zr7p	C
2020-03-22 02:29:07.908931	u/Deerqueen23	fl68ebi	u/fungiboi673	fl687wh	C
2020-03-22 02:29:11.655140	u/bruhmajesticmoment	fl68ehw	u/sushantawastaken	fl61xfn	C
2020-03-22 02:29:12.954646	u/s00126	fl68ei3	u/lilslickwilly69	fl686zi	C
2020-03-22 02:29:18.807283	u/Lovescadeva	fl68evd	u/Maihendrakun	fl68814	C
2020-03-22 02:29:19.988457	u/moronicuniform	fl68evu	u/HellcatGamer123	fl687ei	C
2020-03-22 02:29:21.153881	u/Child_beaterinator	fl68ewu	u/ZZ_top2008	fl65pvj	C
2020-03-22 02:29:30.248362	u/AstroCubeHD	fl68fe0	u/notomemes	fl5stmu	C
2020-03-22 02:29:37.491656	u/AilBalT04_2	fl68fy4	u/Dudebro4884	fl66e3r	C
2020-03-22 02:29:40.368137	u/lordautismo_me_doods	fl68g02	u/FactWizard87	fl57y8j	C
2020-03-22 02:29:41.918393	u/Takkunite	fl68g2x	u/lilcapt0n	fl64cew	C
2020-03-22 02:29:45.418629	u/CaptAndrew12	fl68g7l	u/i-dont-care-mate	fl5q6hj	C
2020-03-22 02:29:48.459794	u/DaTuntunus	fl68ghn	u/just_a_tac0	fl658am	C
2020-03-22 02:29:50.466342	u/bimm4	fl68gn2	u/throwaway_0122	fl63jp7	C
2020-03-22 02:29:51.837900	u/Fusionwolf76	fl68gva	u/GlitterShit23-68	fl67l28	C
2020-03-22 02:29:52.728092	u/bettafish4324	fl68gw0	u/PwndaFace	fl60kpm	C
2020-03-22 02:30:00.067939	u/SleepyRabbitXVI	fl68hgw	u/RepostSleuthBot	fl5w13s	C
2020-03-22 02:30:17.201389	u/EndlessPencil	fl68huv	u/lshqpyari	fl5ojgm	C
2020-03-22 02:30:48.716704	u/a_grand_republican	fl68ill	u/MynTYleef	fl5mvq6	C
2020-03-22 02:30:53.266949	u/Markgologo123	fl68iqw	u/RepostSleuthBot	fl6372t	C
2020-03-22 02:31:08.777993	u/Jarvyst	fl68jaq	u/fiisntannoying	fl65b3i	C
2020-03-22 02:31:27.785325	u/Donnafe0_0	fl68jjq	u/MynTYleef	fl5mvq6	C
2020-03-22 02:31:43.934529	u/artihcgo3	fl68jsm	u/lshqpyari	fl5ojgm	C
2020-03-22 02:31:48.768021	u/repostsnakebot	fl68jw3	u/Rentermk4	fl5xvax	C
2020-03-22 02:31:53.298830	u/rustybuttheadthe3rd	fl68k0m	u/fiisntannoying	fl65b3i	C
2020-03-22 02:31:59.198223	u/_isaak_	fl68k5s	u/AutoModerator	fl5v7pw	C
2020-03-22 02:32:16.446038	u/-ShatteredGalactic-	fl68kls	u/onlinelink2	fl65pex	C
2020-03-22 02:32:18.717838	u/IcklePickleCat	fl68kmm	u/Gqrry123	fl635sa	C
2020-03-22 02:32:26.986818	u/vpratham04	fl68krc	u/anhydrousahem	fl5udh1	C
2020-03-22 02:32:43.708674	u/ENsocher	fl68lj1	u/HoursLost98	fl68iyw	C
2020-03-22 02:33:03.560817	u/TheUserWolf	fl68lxn	u/fiisntannoying	fl65948	C
2020-03-22 02:33:05.712421	u/pincblue	fl68lxx	u/Captivating_Crow	fl67u78	C
2020-03-22 02:33:15.101745	u/Zient15	fl68m1j	u/LonnieBird	fl5n3uz	C
2020-03-22 02:33:22.757843	u/angry_turts	fl68m96	u/charizardfan101	fl61f7k	C
2020-03-22 02:33:39.663513	u/yashk1810	fl68mp0	u/Rentermk4	fl5xixb	C
2020-03-22 02:33:55.368831	u/CancerousDuke	fl68my7	u/yaboi_mozzy	fl61nze	C
2020-03-22 02:34:01.764479	u/manipulativedumpling	fl68n47	u/A_Dead_Meme_21	fl66dxv	C
2020-03-22 02:34:09.043374	u/D_T_1_5	fl68n9o	u/bruhmajesticmoment	fl68iyq	C
2020-03-22 02:34:27.469183	u/debugaderad	fl68nxj	u/tahzeerr	fl68iov	C
2020-03-22 02:34:51.282131	u/UltraKittens36	fl68oh8	u/kaaxam0	fl647pn	C
2020-03-22 02:35:46.094289	u/Bignibba17	fl68qbt	u/Http-Chief	fl5opfg	C
2020-03-22 02:35:48.997289	u/theguywhoa	fl68qdb	u/ManOfGames_YT	fl6891t	C
2020-03-22 02:36:06.745187	u/BurningSword007	fl68qwa	u/Dillaknightus	fl65el1	C
2020-03-22 02:36:09.688998	u/ChamaChama20	fl68qzw	u/AutoModerator	fl580n6	C
2020-03-22 02:36:20.087442	u/mymiddlenameswyatt	fl68r9r	u/Solarburst	fl6370v	C
2020-03-22 02:36:56.962581	u/itoazmitia	fl68s5e	u/InconspicuousVulture	fl5pvxx	C
2020-03-22 02:37:00.861402	u/ScalierLotus11	fl68s71	u/Jerry_474	fl581xv	C
2020-03-22 02:37:04.983798	u/daniarov3	fl68s8j	u/orangetwist1	fmrl4x	S
2020-03-22 02:37:13.582857	u/lilbigskrimp	fl68sse	u/lshqpyari	fl5ownh	C
2020-03-22 02:37:29.796832	u/huntingclue47	fl68tc1	u/webdog77	fl681f7	C
2020-03-22 02:37:33.244989	u/-GREYBOY-	fl68tdp	u/lshqpyari	fl5ojgm	C
2020-03-22 02:37:39.378012	u/GoodVibeKnight	fl68tju	u/mr-doggo-not-cat	fl68mqs	C
2020-03-22 02:37:46.950686	u/TroyGaming8	fl68trh	u/bothacker2	fl67o7h	C
2020-03-22 02:38:24.757777	u/1dEpREsSEdGAmEr	fl68uuu	u/babatundeHD	fl66ytr	C
2020-03-22 02:38:31.719426	u/rbclp	fl68uzc	u/onionrings_428	fl5pwcv	C
2020-03-22 02:38:44.194428	u/callednima	fl68vfu	u/_NotSlimShady	fl68spx	C
2020-03-22 02:38:47.742548	u/lightgod777	fl68vh7	u/MegaBurritoIncognito	fl67pmh	C
2020-03-22 02:39:06.780610	u/DragonbladeXT	fl68w17	u/lshqpyari	fl5ojgm	C
2020-03-22 02:39:12.285422	u/7heMeowMeowCat	fl68w6k	u/bruhmajesticmoment	fl68ehw	C
2020-03-22 02:39:14.006877	u/R4DED	fl68w9u	u/TheCheeseBroker	fl67b3x	C
2020-03-22 02:39:15.181264	u/kakakakpo	fl68wb6	u/a_very_small_dude	fl6358i	C
2020-03-22 02:39:24.442528	u/Crackfox880	fl68wqo	u/lilslickwilly69	fl67zvh	C
2020-03-22 02:39:28.474997	u/KarterAM0309	fl68x21	u/forestfire21XR	fl5znpx	C
2020-03-22 02:39:45.502029	u/hemanthk222	fl68xnu	u/AutoModerator	fl5st0g	C
2020-03-22 02:39:55.702951	u/Ciocalatta	fl68yey	u/Mars11921	fl67xom	C
2020-03-22 02:39:56.451422	u/jbluzb	fl68yh9	u/MoonlightSonnet	fl5g2mo	C
2020-03-22 02:39:58.415934	u/GetNaiNaied	fl68ypi	u/soloforsolong	fl675ne	C
2020-03-22 02:40:11.519193	u/user__27	fl68z2t	u/SportsMaster28	fl689rk	C
2020-03-22 02:40:21.151866	u/AcroAstro	fl68zak	u/AutoModerator	fl5xmzu	C
2020-03-22 02:40:23.457610	u/nameofanuser	fl68zal	u/ioofedmyslef	fl68qji	C
2020-03-22 02:40:26.907705	u/VeenTiberius	fl68zcl	u/_NotSlimShady	fl684q3	C
2020-03-22 02:40:31.521906	u/ChewiestAbyss9	fl68zfa	u/lshqpyari	fl5ojgm	C
2020-03-22 02:40:37.326451	u/WelrdMushroom	fl68znz	u/PlutonisAX	fl66xlf	C
2020-03-22 02:40:40.777657	u/MrGalfano7899	fl68zog	u/Dominic_egg	fl67niy	C
2020-03-22 02:40:43.117158	u/FreeLoott	fl68zp0	u/icy_potatoes	fl64w3c	C
2020-03-22 02:41:10.598890	u/Thispostisveryfunny	fl6901p	u/BlackOut-76	fl68rvq	C
2020-03-22 02:41:17.886175	u/driverofcar	fl6905x	u/Lusamyne	fmpzvq	S
2020-03-22 02:41:23.491678	u/MuddyChairz	fl6908z	u/debugaderad	fl68nxj	C
2020-03-22 02:41:39.757456	u/IDontFuckinKnowFuckU	fl690jy	u/JohnDoe_2408	fl61vb6	C
2020-03-22 02:42:04.052426	u/tonyjiang0522	fl690zk	u/MynTYleef	fl5mvq6	C
2020-03-22 02:42:11.131538	u/avtechguy	fl69146	u/fiisntannoying	fl65b3i	C
2020-03-22 02:42:14.412663	u/ntminh	fl6915z	u/Beans_42069	fl6733s	C
2020-03-22 02:42:20.331598	u/musicfool24	fl6919b	u/justdoitsometime	fl5uq97	C
2020-03-22 02:42:50.377232	u/Daggers_and_shoes	fl69267	u/hiimfunny_1	fl4z1la	C
2020-03-22 02:43:18.409617	u/toosafelol	fl692rv	u/lshqpyari	fl5qs2l	C
2020-03-22 02:43:25.331891	u/astonishedplant	fl692u4	u/Potatotheooflord	fl5ewkn	C
2020-03-22 02:43:32.755848	u/tysonzatn	fl6937b	u/WeebEli	fl689o9	C
2020-03-22 02:43:45.510945	u/Lord_of_Virgins	fl693dq	u/TheRealWereWalrus	fl63btc	C
2020-03-22 02:43:50.377747	u/cottoneyedjoe7	fl693g9	u/AutoModerator	fl37xn7	C
2020-03-22 02:43:53.631291	u/Kasiaus	fl693jh	u/AutoModerator	fl5gokc	C
2020-03-22 02:44:01.866477	u/Mc-Edgy	fl693st	u/HellcatGamer123	fl687ei	C
2020-03-22 02:44:11.480709	u/dor121	fl6941g	u/nahamemes	fl4ml8k	C
2020-03-22 02:44:13.576616	u/xXxXdeadXxXx	fl6942s	u/Jimmyjamz44	fl63h94	C
2020-03-22 02:44:21.065029	u/SaladBalls69	fl6947h	u/DabbingIsSo2015	fl66apf	C
2020-03-22 02:44:24.136012	u/Lyhdelix74	fl6948t	u/vansh_0765	fl68u35	C
2020-03-22 02:44:40.618243	u/my_name_is_------	fl694m2	u/HoursLost98	fl68g8o	C
2020-03-22 02:45:00.972468	u/getyourrealfakedoors	fl694yh	u/NotSoPersonalJesus	fl5p3eg	C
2020-03-22 02:45:06.923200	u/Sn1k3sh	fl69519	u/a_grand_republican	fl68ill	C
2020-03-22 02:45:32.205323	u/LeFrenchInquisition	fl695yb	u/THE-EMERALD-KNIGHT	fl68wla	C
2020-03-22 02:45:36.133880	u/Kujira64	fl6960y	u/Random__guy_	fl5zr7p	C
2020-03-22 02:45:47.377797	u/To_shrexy	fl69696	u/lshqpyari	fl5ojgm	C
2020-03-22 02:46:08.854596	u/DISCIPLE-OF-SATAN-15	fl696qu	u/Dudebro4884	fl68iie	C
2020-03-22 02:46:17.178262	u/SkyGuy806	fl696wf	u/Ka_Dilim_An	fl68e7l	C
2020-03-22 02:46:24.504070	u/joe-dad-gone	fl6972f	u/yeet273773	fl6956f	C
2020-03-22 02:46:26.370708	u/ExaltedLordOfChaos	fl6974c	u/Rentermk4	fl5xvax	C
2020-03-22 02:46:28.224828	u/Uniiversall	fl6975v	u/Murasaki-wasaji	fl62b89	C
2020-03-22 02:46:35.258960	u/Drub404	fl697by	u/Zer0M0ti0nless	fl64cow	C
2020-03-22 02:46:37.134830	u/awesomegamer35	fl697dv	u/_NotSlimShady	fl695ru	C
2020-03-22 02:46:43.327667	u/Lasagna-jpg	fl697lo	u/AutoModerator	fl688ny	C
2020-03-22 02:46:45.150968	u/ZombiePikachu2020	fl697n4	u/HellcatGamer123	fl687ei	C
2020-03-22 02:46:48.559035	u/Lokimugr	fl697ov	u/HoursLost98	fl637du	C
2020-03-22 02:46:59.519091	u/GainerBrawley	fl697z1	u/HellcatGamer123	fl687ei	C
2020-03-22 02:47:02.205039	u/Nay5234	fl6980v	u/anhydrousahem	fl65sne	C
2020-03-22 02:47:08.365144	u/XTheKoolKidX	fl6986s	u/Http-Chief	fl5opfg	C
2020-03-22 02:47:24.186210	u/Randur091	fl698gi	u/KarterAM0309	fl68x21	C
2020-03-22 02:47:38.134788	u/TerrZzz	fl698r5	u/sudo_rui	fl62f7k	C
2020-03-22 02:47:45.203357	u/LazyTurtle500	fl698xx	u/wumpy112	fl68dsy	C
2020-03-22 02:47:53.064706	u/CamNilber	fl6995k	u/AutoModerator	fl580n6	C
2020-03-22 02:47:54.712461	u/Deliberate_Globalist	fl6995s	u/GlitterShit23-68	fl67zp2	C
2020-03-22 02:48:00.585361	u/Mr_Rebeller	fl699b5	u/soloforsolong	fl675ne	C
2020-03-22 02:48:08.485734	u/guineapigae86	fl699m8	u/lilslickwilly69	fl673vo	C
2020-03-22 02:48:17.051472	u/geraldoopedreiro	fl699rp	u/Ki_ro	fl696xo	C
2020-03-22 02:48:33.779940	u/salty-cookies	fl69a4j	u/thelonelygenuis	fl67o6k	C
2020-03-22 02:48:35.271700	u/ArandomSkeleton	fl69a50	u/forestfire21XR	fl5znpx	C
2020-03-22 02:48:48.585607	u/TuxedoSalt	fl69aum	u/lshqpyari	fl5ojgm	C
2020-03-22 02:48:57.031136	u/BigBoyBagelBoy	fl69b6w	u/Min3cr4fT4Lif3	fl67zbf	C
2020-03-22 02:48:59.057990	u/coolcole2022	fl69b9j	u/theredditzilla	fl632hs	C
2020-03-22 02:49:01.049804	u/A1readyReadIt	fl69b9m	u/FUCKNAMES21	fl66dfb	C
2020-03-22 02:49:04.478594	u/SadSkywalker	fl69bbh	u/lshqpyari	fl5qsdt	C
2020-03-22 02:49:08.584364	u/King-of-Dots	fl69bf3	u/caliandben1	fl68yc5	C
2020-03-22 02:49:12.566434	u/06Grill	fl69bn2	u/D34th4ng3lTR	fl693d8	C
2020-03-22 02:49:35.922136	u/OiSpongeBoyMeBob	fl69cnh	u/Xploiter_RBLX	fl5y5fg	C
2020-03-22 02:49:45.305244	u/thicc-potatochipp-	fl69d3v	u/D34th4ng3lTR	fl693d8	C
2020-03-22 02:49:48.268488	u/Biunderr	fl69dcb	u/BOSS_Master7000	fl5si59	C
2020-03-22 02:49:51.543161	u/dragonnnnnnnnnnn	fl69de5	u/pikinjo1	fl68cxf	C
2020-03-22 02:49:55.191030	u/Carson200525	fl69dnm	u/Nirlite	fl6034w	C
2020-03-22 02:49:59.787262	u/iluvchicken2	fl69dv6	u/AdolfDuckler3000	fl5xgmq	C
2020-03-22 02:50:01.560190	u/Bala537	fl69dxf	u/Geraminus	fl6329v	C
2020-03-22 02:50:17.175758	u/DELTASETINEL	fl69e82	u/Will_Kirkwood98653	fl5wxig	C
2020-03-22 02:50:23.506154	u/titiHR	fl69ea5	u/TheWeirdEmoKid	fl5ow7w	C
2020-03-22 02:50:34.575391	u/ExtensionRegular1	fl69efg	u/06Grill	fl69955	C
2020-03-22 02:50:37.992278	u/RIPtrololkeeyan	fl69egc	u/AutoModerator	fl4vabn	C
2020-03-22 02:50:40.311146	u/jeromunoz	fl69egw	u/OiSpongeBoyMeBob	fl69cnh	C
2020-03-22 02:50:52.477247	u/spiritwolf480	fl69esl	u/meljohn22gaming	fl5xoph	C
2020-03-22 02:50:57.050296	u/VaSIMR200	fl69ezj	u/THELONGRABBIT	fl64qb6	C
2020-03-22 02:50:59.310224	u/Moudou1937	fl69f1c	u/G-Rod_V2	fl68vff	C
2020-03-22 02:51:48.335592	u/Arcerius_The_Brave	fl69fyy	u/APenny-ForA-Thought	fl69fhu	C
2020-03-22 02:52:00.305150	u/bigchungushaha42069	fl69g7j	u/Blaze_Firesong	fl67fs8	C
2020-03-22 02:52:19.349380	u/YuhBoiB	fl69gqi	u/SoleSurvivor-2277	fl66mpc	C
2020-03-22 02:52:25.038267	u/obskeweredy	fl69grh	u/ArthurDentonWelch	fl67i47	C
2020-03-22 02:52:55.513815	u/Anormalatom	fl69hih	u/uptousflamey	fl5h7p8	C
2020-03-22 02:53:32.106078	u/harryoe	fl69ieu	u/Alexis_Rose_Writes	fl674qv	C
2020-03-22 02:53:40.152029	u/Plaxt3r	fl69imv	u/bustanutonmymonitor	fl687va	C
2020-03-22 02:53:46.902774	u/cake-and-coffee	fl69ith	u/Lovescadeva	fl68evd	C
2020-03-22 02:54:19.835293	u/TheLordZee	fl69je5	u/bite_03-09-06	fl64h2g	C
2020-03-22 02:54:22.885555	u/Ayan501	fl69jf5	u/king_george88	fl5xhsb	C
2020-03-22 02:54:24.922218	u/callinu0506	fl69jfv	u/Shawn007007	fl5oriy	C
2020-03-22 02:54:26.978334	u/TheBigTiddyGothGf	fl69jgs	u/G-Rod_V2	fl69i5o	C
2020-03-22 02:54:32.197155	u/YoshisReddit	fl69jil	u/CalebAM4720	fl67xk9	C
2020-03-22 02:54:41.631581	u/12345xela	fl69jpg	u/aaaaa_rxinydxay	fl65xev	C
2020-03-22 02:54:47.486638	u/averageredditor234	fl69jva	u/Tru_Drone_Videos	fl5894n	C
2020-03-22 02:54:52.446447	u/EtheMeme	fl69jwy	u/Dawgthatismoist	fl66fms	C
2020-03-22 02:54:54.439266	u/MarvelousMan3003	fl69k04	u/theguywhoa	fl68qdb	C
2020-03-22 02:54:56.500902	u/ThunderBoltXD2	fl69k13	u/lshqpyari	fl5ojgm	C
2020-03-22 02:54:59.495003	u/Not_ZoK	fl69k41	u/manipulativedumpling	fl68n47	C
2020-03-22 02:55:01.490892	u/pilberwena	fl69k4a	u/throwRA46209	fl5u9t0	C
2020-03-22 02:55:12.668146	u/Shaniepoo	fl69kbv	u/InconspicuousVulture	fl5pvxx	C
2020-03-22 02:55:20.568410	u/agent00gareth	fl69kok	u/SunnyHenderson	fl6909c	C
2020-03-22 02:55:28.641132	u/seyyed-10	fl69ks3	u/Neoblaze1207	fl675na	C
2020-03-22 02:55:41.056223	u/Homonculex	fl69kxp	u/thestoneddirewolf	fl66p5f	C
2020-03-22 02:55:46.806003	u/UnisonSpirit	fl69l4k	u/Rentermk4	fl5xvax	C
2020-03-22 02:56:08.410651	u/TheHellcatBandit	fl69lkp	u/Xploiter_RBLX	fl5y5fg	C
2020-03-22 02:56:15.541804	u/Porkechop	fl69loz	u/G-Rod_V2	fl69kqm	C
2020-03-22 02:56:27.293838	u/Necromitus	fl69m2n	u/HellcatGamer123	fl687ei	C
2020-03-22 02:56:35.035152	u/namehasbeentaken2	fl69mgc	u/angry_turts	fl68k43	C
2020-03-22 02:56:39.247412	u/Ethan0824	fl69mig	u/lshqpyari	fl5qqvf	C
2020-03-22 02:57:03.968943	u/Unoriginalnamejpg	fl69mwm	u/SoleSurvivor-2277	fl66iaw	C
2020-03-22 02:57:13.980086	u/AtomykYT	fl69n6b	u/Xploiter_RBLX	fl61upx	C
2020-03-22 02:57:20.722731	u/SonalBoiiACC	fl69ngo	u/GlitterShit23-68	fl669i6	C
2020-03-22 02:57:24.265270	u/AdamsGotchu	fl69nkm	u/i-dont-fuckin-knoe	fl64q04	C
2020-03-22 02:57:28.742758	u/ExoSierra	fl69nmv	u/uptousflamey	fl5h7p8	C
2020-03-22 02:57:33.118687	u/DoverBoys	fl69npg	u/AutoModerator	fl55xzu	C
2020-03-22 02:57:42.842044	u/omegafrogger	fl69nz1	u/PP_Gobler-the-4th	fl69n8x	C
2020-03-22 02:57:52.865182	u/TheNecromancer981	fl69oa5	u/_NotSlimShady	fl68w4s	C
2020-03-22 02:57:54.556980	u/muffin2333	fl69oa8	u/Rentermk4	fl5xvax	C
2020-03-22 02:57:57.070169	u/Scorp10us	fl69ob0	u/Mario_Nate	fl687ns	C
2020-03-22 02:58:07.884034	u/Vereronun2312	fl69oi6	u/DeeeLay666	fl40lfh	C
2020-03-22 02:58:15.627322	u/John-doe-and-Smith	fl69ou1	u/balls69deep	fl69j1s	C
2020-03-22 02:58:18.078895	u/Fadel69420	fl69oxc	u/lshqpyari	fl5ojgm	C
2020-03-22 02:58:22.066387	u/Ppxxtbig	fl69p4h	u/chrisl_003	fl5p168	C
2020-03-22 02:58:54.496041	u/PhoenixM3	fl69q73	u/AutoModerator	fl69g4m	C
2020-03-22 02:59:04.949883	u/Fnaf_Luver123	fl69qns	u/n00bmASt3R6nine	fl5trps	C
2020-03-22 02:59:08.475805	u/The_Master_of_burns	fl69qr4	u/Arcerius_The_Brave	fl69nri	C
2020-03-22 02:59:09.811360	u/Da_Flix	fl69qs9	u/yeeticus_deleticus_	fl69hsh	C
2020-03-22 02:59:14.568187	u/Zestyclose_Shallot	fl69qyg	u/currymonster3000	fl65vbk	C
2020-03-22 02:59:19.272816	u/iidrk	fl69r4k	u/BeNbUcKToO	fl69nod	C
2020-03-22 02:59:26.193355	u/Doge111111111	fl69rdj	u/Deerqueen23	fl68eyd	C
2020-03-22 02:59:27.430464	u/Mundit00	fl69rdu	u/lshqpyari	fl5ojgm	C
2020-03-22 02:59:33.236289	u/Steamroller291	fl69rof	u/PP_Gobler-the-4th	fl691k7	C
2020-03-22 02:59:34.363886	u/the-wolf-is-ready	fl69rpi	u/DATS6	fl65u3c	C
2020-03-22 02:59:40.889262	u/Viwreck	fl69s1o	u/iiCheatr	fl64nve	C
2020-03-22 02:59:42.485926	u/St_Moon	fl69s2q	u/AutoModerator	fl5xmzu	C
2020-03-22 02:59:52.642104	u/born-a-wolf7650	fl69sli	u/Http-Chief	fl5popk	C
2020-03-22 02:59:54.051679	u/Whats-4-Dinner	fl69smh	u/TherosyTC	fl5s1cs	C
2020-03-22 02:59:55.333007	u/TooCovert	fl69sra	u/Http-Chief	fl5xa3h	C
