2020-04-03 19:00:51.589776	u/TheGarretLisa	fmcwgq8	u/hackosn	fmcwfke	C
2020-04-03 19:01:24.768522	u/-sterf-	fmcwhrc	u/anonymous1739361	fmcipwb	C
2020-04-03 19:01:31.550411	u/-kevkevb09-	fmcwhye	u/Voxesness	fmcto9m	C
2020-04-03 19:01:40.730779	u/small_roo	fmcwi7f	u/Alexis-Aparicio	fmcwetx	C
2020-04-03 19:02:21.253907	u/Lucy-Virtue	fmcwjot	u/koolkidsklub13579	fmck3eb	C
2020-04-03 19:02:51.758578	u/Twiggy80	fmcwkyz	u/MadEzra64	fmcompj	C
2020-04-03 19:03:20.610434	u/Geronimo1984	fmcwm9m	u/coldpepperoni	fmcw1et	C
2020-04-03 19:04:03.799686	u/DaWrathOfLordHelix	fmcwnjb	u/CattyBr44	fmcd92m	C
2020-04-03 19:04:24.062348	u/Ozfolo	fmcwo1t	u/Important_Sound	fmcw0v1	C
2020-04-03 19:05:01.288521	u/Fisher-Martenson	fmcwpml	u/DarthYeet42069	fmb6wnb	C
2020-04-03 19:05:09.330257	u/Squeegeabeep	fmcwq4z	u/stoney_chan	fmcedst	C
2020-04-03 19:05:41.185985	u/pauls_broken_aglass	fmcwr39	u/Rusty_Garlic	fmcvosk	C
2020-04-03 19:05:48.056381	u/Havok_7568	fmcwr72	u/not_A-_Cop	fmbnxxm	C
2020-04-03 19:06:19.813852	u/Roughdragon123	fmcwsqy	u/pm_me_sugardaddy	fmcpycu	C
2020-04-03 19:06:27.100470	u/EvildoingOG	fmcwsx4	u/OwlBoiy	fmcwmsw	C
2020-04-03 19:06:32.550340	u/Willie_El_Chapo	fmcwtbd	u/SandpaperDildo101	fmaw797	C
2020-04-03 19:06:50.786766	u/BlueRac	fmcwtrr	u/alex_darkstar	fmcrsdd	C
2020-04-03 19:06:58.698555	u/SpaghettiSauce44	fmcwu0c	u/infy420	fmbev7z	C
2020-04-03 19:07:15.755291	u/seth_is_not_ruski	fmcwuzr	u/FlyYouFoolyCooly	fmcqyd2	C
2020-04-03 19:07:46.917151	u/wowthisiskindawack	fmcwwxz	u/CrimsonAllah	fmcvcer	C
2020-04-03 19:07:53.772663	u/Penor5994	fmcwxb3	u/PiranhaPlantMain97	fmcspmn	C
2020-04-03 19:08:06.169215	u/yoant1234	fmcwxx6	u/Deckapoo	fmc9k4h	C
2020-04-03 19:08:12.802369	u/PubbyTheGreat	fmcwy85	u/SLforHongKong	fmb8uwp	C
2020-04-03 19:09:13.682702	u/RefusedBarf	fmcx0rn	u/tv_trooper	fmc9ia3	C
2020-04-03 19:09:33.423817	u/Sheep-of-the-Cosmos	fmcx1nk	u/imgunnadoamurder	fmcuq90	C
2020-04-03 19:09:35.904192	u/BruhNoob	fmcx1ow	u/Avongrane	fmcwqtz	C
2020-04-03 19:10:15.725086	u/notyoshikagekiraofc	fmcx4fd	u/AutoModerator	fm37d72	C
2020-04-03 19:10:47.457373	u/stephlestrange	fmcx5iv	u/Martin_Looser_King	fmcwfov	C
2020-04-03 19:11:03.033127	u/jgaming6406	fmcx5z1	u/Sinosukelikesrammen	fmcimi3	C
2020-04-03 19:11:06.417105	u/milk_man51	fmcx61t	u/TrumpCheats	fmct1ej	C
2020-04-03 19:11:25.123138	u/kyleblang	fmcx6z1	u/genital_rot	fmcren2	C
2020-04-03 19:11:56.843754	u/transc3nd3r	fmcx7u1	u/imgunnadoamurder	fmcuq90	C
2020-04-03 19:13:16.378221	u/shyguy686	fmcxagl	u/potato74040	fmcuwd0	C
2020-04-03 19:13:18.663179	u/Tis_it_is	fmcxalw	u/MagicalUnicorn673	fmaklnx	C
2020-04-03 19:13:27.238340	u/GRYDOUT	fmcxasv	u/_Xx_ShadowHunter_xX_	fmco9mf	C
2020-04-03 19:13:37.003047	u/amandarinorangez	fmcxb7s	u/-whocaresaboutapathy	fmcb5wp	C
2020-04-03 19:14:18.871803	u/ballofnegativity	fmcxct8	u/WhoDatFreshBoi	fmcx8br	C
2020-04-03 19:14:59.407947	u/ButtsPie1	fmcxen1	u/bobross-my_snacc	fmco472	C
2020-04-03 19:16:04.911728	u/theclaw551	fmcxggb	u/Cheez-Glove	fmcxc2l	C
2020-04-03 19:16:39.526809	u/qwe2reff	fmcxib7	u/uvuvwevwevwe_osas2	fmcwxsr	C
2020-04-03 19:17:32.279451	u/bfg9kdude	fmcxklb	u/apolloladdie	fmcvkr0	C
2020-04-03 19:17:34.957649	u/marvellover14902	fmcxkod	u/Penor5994	fmcwuav	C
2020-04-03 19:17:40.623695	u/daimonlee58	fmcxkpz	u/jgaming6406	fmcx5z1	C
2020-04-03 19:19:05.498313	u/Token_Black_Cock	fmcxpeq	u/DanksaGrabowski	fmcrlhn	C
2020-04-03 19:19:07.855022	u/DualFingerGuns	fmcxpfb	u/nilliewelsin	fmcvnop	C
2020-04-03 19:19:31.673473	u/tdtd1234	fmcxrln	u/jeremias20055	fmc3rrg	C
2020-04-03 19:19:38.129583	u/bhelms_06	fmcxs3a	u/qwe2reff	fmcxib7	C
2020-04-03 19:19:45.747418	u/Tinko_666	fmcxshp	u/heeeeerrsssJ0NNY	fmcuy84	C
2020-04-03 19:20:04.006943	u/CyberneticFennec	fmcxu6z	u/coldpepperoni	fmcw1et	C
2020-04-03 19:20:32.067104	u/VigilantRex	fmcxuwn	u/Z_TDD	fmc791a	C
2020-04-03 19:20:52.774804	u/jacobhumston	fmcxvjl	u/TheGoldenDorito_	fmcww0p	C
2020-04-03 19:21:02.847549	u/khalidzsche	fmcxvpu	u/Toxicological_Gem	fmazj43	C
2020-04-03 19:21:10.160794	u/Muzixx	fmcxvsl	u/RelativeBlindness	fmc2njz	C
2020-04-03 19:21:38.595177	u/a_fallout-fan	fmcxwk0	u/devex04	fmbrcqy	C
2020-04-03 19:21:49.845774	u/fazzy69	fmcxx4s	u/CacklettasMinion	fmcwqz9	C
2020-04-03 19:22:27.721853	u/N1ghtM3reX	fmcxyo6	u/Black_Viper_99	fmce04n	C
2020-04-03 19:22:44.356030	u/shipof123	fmcxz2d	u/HyruleanBelmont	fmcxbyp	C
2020-04-03 19:23:01.239478	u/memesmemesmemes-	fmcxzj2	u/God12321	fmcnd9g	C
2020-04-03 19:23:38.210795	u/The_Steel_Fox	fmcy0rb	u/EvaRhodes22	fmcxz46	C
2020-04-03 19:23:48.827156	u/trieat	fmcy13w	u/Torti-kun	fmcwkl0	C
2020-04-03 19:24:04.841666	u/tyj0322	fmcy1s9	u/OneUselessBoi	fmcvix0	C
2020-04-03 19:24:42.886845	u/i_dont_know18	fmcy3at	u/CHFCalvin	fmcxhji	C
2020-04-03 19:25:19.384886	u/CallMePlez	fmcy49s	u/yaboiyos	fmcxkbo	C
2020-04-03 19:25:51.889212	u/Andiuz	fmcy4yu	u/milk_man51	fmcx61t	C
2020-04-03 19:26:13.799724	u/Iron_Ancestor	fmcy69j	u/psyglaiveseraph	fmcqbt7	C
2020-04-03 19:26:29.388856	u/Petunia-Rivers	fmcy6t4	u/Somebody_EEU	fmb89ro	C
2020-04-03 19:26:41.438742	u/Ernesto_Stupps	fmcy7g4	u/Reaglose	fmcy4ib	C
2020-04-03 19:26:48.432251	u/R_IS_SPICY_EXCEL	fmcy7rz	u/Imagine_Squidy	fmbalhx	C
2020-04-03 19:27:08.135472	u/DurosDuros	fmcy8x5	u/deafgato	fmcw0vu	C
2020-04-03 19:27:23.024398	u/Gladion14	fmcy9i7	u/leaderofthevirgins	fmcctzn	C
2020-04-03 19:28:10.442760	u/Nate1102	fmcycd2	u/chiku00	fmced4q	C
2020-04-03 19:28:15.749983	u/-ButteredNoodles-	fmcycf7	u/Brusc_b	fmctz9z	C
2020-04-03 19:29:54.185046	u/Firstevernoodler	fmd0930	u/poopydildos	fmcw1is	C
2020-04-03 19:29:55.821836	u/emuuwu	fmd094j	u/AuzCakez7	fmcvghc	C
2020-04-03 19:29:56.635927	u/KingZerelth	fmd095l	u/RigginChooch	flb8zrt	C
2020-04-03 19:29:59.404147	u/zelo11	fmd09ps	u/Bernautikus	fmcm05w	C
2020-04-03 19:30:11.379647	u/Dr_Yayman	fmd0ab2	u/ODSEESDO	fmczzp2	C
2020-04-03 19:30:30.996953	u/BigRed6942069	fmd0bc9	u/devex04	fmbzqr7	C
2020-04-03 19:31:01.491685	u/Specks_to_Spots	fmd0cz4	u/Dylans-mama	fluvt3f	C
2020-04-03 19:31:21.938264	u/Guille642	fmd0dl6	u/legendarykale	fmbajx3	C
2020-04-03 19:32:04.981059	u/Imericxu	fmd0f0e	u/Padawk	fmc6qmm	C
2020-04-03 19:32:15.299434	u/spamhamwitch	fmd0f46	u/TurtleZ1235	fmckmpm	C
2020-04-03 19:34:20.719689	u/joeyjojo-shabadoo	fmd0jdd	u/MrDrDoktor	fmcaueh	C
2020-04-03 19:34:23.961735	u/GamersLikeMeAreNerds	fmd0jj7	u/Just_say_hello_there	fmcxh91	C
2020-04-03 19:35:14.882026	u/CoyotayPheasant	fmd0kzj	u/what-is-my-life-and-	fmcv6ym	C
2020-04-03 19:35:21.079603	u/MRPowerful21	fmd0l6b	u/Goodfella_228	fmcl5hy	C
2020-04-03 19:35:49.150541	u/idrinkandiknowmemes	fmd0mbf	u/theturtels344	fmd0hmj	C
2020-04-03 19:35:56.115111	u/CJusesthisnow	fmd0mis	u/Philipp_01	fuegjx	S
2020-04-03 19:36:04.528776	u/Old-Turtle75	fmd0n0y	u/EvaRhodes22	fmd0gw5	C
2020-04-03 19:36:46.006985	u/real_Bronson_B	fmd0nnb	u/XxgetyEeTeDxX	fmc7c3s	C
2020-04-03 19:37:18.973423	u/truthinburritos	fmd0oky	u/EvildoingOG	fmczdd2	C
2020-04-03 19:38:12.723640	u/Laggi_boi	fmd0pqt	u/brebby101	fmd0npx	C
2020-04-03 19:38:30.858672	u/defragc	fmd0qrv	u/Xtrendence	fmcxdrs	C
2020-04-03 19:38:37.732583	u/jaxx63	fmd0r6t	u/Goodfella_228	fmd07x0	C
2020-04-03 19:38:39.379319	u/Lostin404	fmd0rar	u/LegendaricGamer	fmczcxn	C
2020-04-03 19:39:17.168914	u/mangebaguette	fmd0t79	u/TheMrNibs	fmcrhu8	C
2020-04-03 19:39:28.155091	u/debaterthatchases	fmd0tw4	u/harbac	fl2jkos	C
2020-04-03 19:39:56.645933	u/gleaming_car918	fmd0vy1	u/toocoolforusername	fmcxe4v	C
2020-04-03 19:40:14.066914	u/menneske-1	fmd0wpn	u/IwusFun	fudex8	S
2020-04-03 19:41:11.114766	u/Chef-wong	fmd0yh9	u/s4m3350	fmcwoiy	C
2020-04-03 19:41:23.037601	u/CarapaceRam	fmd0yss	u/Just_say_hello_there	fmcxh91	C
2020-04-03 19:41:40.058493	u/chemimom	fmd0zdl	u/LittleHoagie	fmd0bvv	C
2020-04-03 19:42:35.566367	u/LemonBoi2013	fmd1198	u/youfibbedinjanuary	fmd10c6	C
2020-04-03 19:42:58.917082	u/scorn908	fmd123p	u/pre_nerf_infestor	fmcq9wj	C
2020-04-03 19:43:11.898931	u/Nastyburrito666	fmd12i8	u/Artist_Seal	fmbf1f7	C
2020-04-03 19:43:16.074973	u/maestro2125	fmd12j2	u/jaxx63	fmd0r6t	C
2020-04-03 19:44:32.400654	u/MOSQUITOEPOLENTA	fmd1586	u/PM-me-your-tits-thot	fmd12y9	C
2020-04-03 19:44:35.611408	u/Psychocreepr	fmd158v	u/BetaBoi1234	fmd0tdb	C
2020-04-03 19:44:46.016060	u/SpiralPixel	fmd15ho	u/Firstevernoodler	fmd0930	C
2020-04-03 19:45:08.183484	u/IamTonik	fmd166l	u/CacklettasMinion	fmczst8	C
2020-04-03 19:45:31.310404	u/Beeeracuda	fmd1703	u/Sheep-of-the-Cosmos	fmcx1nk	C
2020-04-03 19:45:43.061253	u/GAMINGWITHDEXTER	fmd1793	u/inkyed	fmcvqsq	C
2020-04-03 19:45:56.779051	u/Poseidonram1944	fmd1874	u/Adolf_doggo	fmcwxjz	C
2020-04-03 19:46:19.743796	u/TheGhostofCoffee	fmd19f3	u/RelativeBlindness	fmc2njz	C
2020-04-03 19:46:53.931256	u/nerdsht90	fmd1a3v	u/tisfope	fmd1328	C
2020-04-03 19:47:09.691217	u/iTz_SoulZzZ	fmd1aeo	u/MadSkillz127	fmd08ee	C
2020-04-03 19:47:21.837100	u/masterofdirtysecrets	fmd1asy	u/stcbdg	fmcuvhx	C
2020-04-03 19:47:30.481056	u/JollyGreen615	fmd1b6f	u/r3dcrayon	fmbn8a9	C
2020-04-03 19:47:39.306438	u/hopesandmemes11	fmd1bhq	u/God12321	fmcnd9g	C
2020-04-03 19:47:55.644596	u/Cammy848	fmd1c3k	u/_Xx_ShadowHunter_xX_	fmco9mf	C
2020-04-03 19:48:32.307889	u/reviewthat	fmd1dq2	u/skroodleMEnoodle	fmcm195	C
2020-04-03 19:48:53.282351	u/jerry4200000	fmd1etf	u/imgunnadoamurder	fmcuq90	C
2020-04-03 19:49:41.703828	u/not-a-dog-for-sure	fmd1gzb	u/NarcoticsConnoisseur	fmd0ndb	C
2020-04-03 19:49:53.306361	u/dogenamedskoopy	fmd1hka	u/BadockIsAlreadyTaken	fmd19rq	C
2020-04-03 19:49:54.729609	u/big_toes_gamer	fmd1hts	u/imgunnadoamurder	fmcuq90	C
2020-04-03 19:49:57.354369	u/jeshkatomic	fmd1i9u	u/Rockman307	fmd1e6m	C
2020-04-03 19:50:01.508257	u/gingenado	fmd1iev	u/nilliewelsin	fmcvnop	C
2020-04-03 19:50:12.083707	u/MonteMemez	fmd1it5	u/imgunnadoamurder	fmd1d4y	C
2020-04-03 19:50:16.421240	u/bleach_tastes_bad	fmd1ixg	u/Nate_Da_Grate	fmd05if	C
2020-04-03 19:50:29.415179	u/ixiki	fmd1jcf	u/The_Greate_Pickle	fmbybwz	C
2020-04-03 19:50:41.368390	u/CuriousCaleeb	fmd1jkz	u/just_gimme_anwsers	fmcn0pc	C
2020-04-03 19:51:01.372195	u/skullsound	fmd1k5g	u/JohnnyMcBiscuit	fmd1cpj	C
2020-04-03 19:51:37.315847	u/thebanjobooiii	fmd1kyr	u/imgunnadoamurder	fmcuq90	C
2020-04-03 19:51:49.211013	u/JamesL08	fmd1l7l	u/GamerGriffin548	fmd097w	C
2020-04-03 19:52:09.335552	u/iminsanepleasehelp	fmd1lxh	u/Randomemeguy	fmclvj6	C
2020-04-03 19:52:16.327689	u/Isord	fmd1m36	u/sawyer2437	fmd09iz	C
2020-04-03 19:53:04.885952	u/Shunji_Shimo	fmd1nrm	u/AimBo_TIL	fmd0zus	C
2020-04-03 19:53:36.797346	u/childDuckling	fmd1oqv	u/mrkvicka02	fmcr279	C
2020-04-03 19:54:02.375619	u/selimkasry	fmd1pkb	u/kyleblang	fmcx6z1	C
2020-04-03 19:54:47.711743	u/bense101	fmd1rbx	u/kitdogx	fuj2xk	S
2020-04-03 19:54:53.805947	u/Pet_Rock788	fmd1rjk	u/Yorudesu	fmcznm8	C
2020-04-03 19:54:57.748536	u/Tarragamer	fmd1rng	u/nightyowler	fmcvp71	C
2020-04-03 19:55:37.835007	u/bobo_baginz	fmd1tcv	u/Padawk	fmc6qmm	C
2020-04-03 19:55:40.824073	u/Im_a_Cheese	fmd1te4	u/LumpyAnteater	fmcj2j5	C
2020-04-03 19:55:43.824459	u/amzadz	fmd1ter	u/OSBAOA	fmbx1sd	C
2020-04-03 19:56:30.482929	u/Voelkar	fmd1v3z	u/Rick_Has_Royds	fmcyi8z	C
2020-04-03 19:57:18.569158	u/pupperlover29	fmd1ws0	u/parksemily	fmd0aqf	C
2020-04-03 19:57:34.887655	u/fortniteplayeryeeter	fmd1xha	u/idrinkandiknowmemes	fmd1jki	C
2020-04-03 19:57:41.383679	u/pubkindofnight	fmd1xt9	u/Noahbradley125	fmct7uc	C
2020-04-03 19:57:45.053970	u/Minos15	fmd1xzx	u/sybch	fmch9ql	C
2020-04-03 19:58:47.303877	u/14ierophant	fmd20p5	u/Wazzledoop	fmd15es	C
2020-04-03 19:58:56.688953	u/Martymcflyjr88	fmd2158	u/RandomRacialSlurs	fmd0ml9	C
2020-04-03 19:59:11.743657	u/Bacoilieu	fmd2201	u/MrRabinowitz	fmc5m9i	C
2020-04-03 19:59:45.929035	u/House_of_ill_fame	fmd23bg	u/Fudge-Boi	fmczj53	C
2020-04-03 19:59:47.902815	u/RevolutionaryPhase0	fmd23cm	u/jacobbriddell	fmctxyr	C
2020-04-03 19:59:49.320452	u/tthisisforschool	fmd23di	u/raven080068	fmd1zip	C
