2020-04-09 12:00:05.351916	u/Jerry123454321	fmwjbd5	u/Darthlog2003	fmweyx8	C
2020-04-09 12:00:16.022613	u/A_Useless_Boi	fmwjbnx	u/RepostSleuthBot	fmwij0n	C
2020-04-09 12:01:17.152062	u/RandomNathaniel	fmwjdca	u/battleant1	fmvv3pr	C
2020-04-09 12:01:25.117607	u/Nev3rl4st	fmwjdli	u/Little-Explanation	fmwav24	C
2020-04-09 12:02:09.666716	u/-Aquitaine-	fmwjeo5	u/BigfckinJord	fmwio6n	C
2020-04-09 12:02:20.734439	u/sirboogthedarkmemer	fmwjezs	u/the_lord_42	fmq1l63	C
2020-04-09 12:02:53.659493	u/fdash	fmwjgdz	u/EndMePleaseGodEndMe	fmweno5	C
2020-04-09 12:03:09.671828	u/Don_Vito_Corleone_	fmwjh3l	u/Wichtel64	fmwd4pp	C
2020-04-09 12:03:49.320412	u/Novaasaur	fmwjibq	u/Frogadier_99	fmw7k01	C
2020-04-09 12:04:12.199888	u/lotuskat21	fmwjj72	u/Emperor_O_Memes	fmvyhed	C
2020-04-09 12:05:01.162667	u/sadswordfishj	fmwjlcl	u/Xwwih	fxt0r5	S
2020-04-09 12:05:21.786254	u/AkmalD	fmwjm1f	u/benusberg	fmui68d	C
2020-04-09 12:06:46.997685	u/RacsMr	fmwjpbj	u/Thanos_Potter	fmwjchw	C
2020-04-09 12:06:51.915137	u/LegitimateGuava	fmwjpfm	u/WilsonJ04	fmv9a0r	C
2020-04-09 12:06:53.850699	u/gmodaltmega	fmwjpg4	u/Qashfy	fmwfxl2	C
2020-04-09 12:07:08.080049	u/NoName_ThankYou	fmwjpx9	u/officialnra	fmwium1	C
2020-04-09 12:07:12.024901	u/Gamer0221	fmwjq5c	u/the-CryptoTech	fmwjmnh	C
2020-04-09 12:07:16.607778	u/Hawk1006	fmwjq99	u/Midoriya_Izuku_Cult	fmwed1h	C
2020-04-09 12:07:56.043128	u/MyNamesNotRobert	fmwjrrw	u/ANDREITATU	fmw4rkn	C
2020-04-09 12:07:58.605011	u/S2p855D	fmwjrut	u/Blyat_is_life	fmwj3pn	C
2020-04-09 12:08:04.743353	u/roobooster2	fmwjsgz	u/Fake-DAIH	fmwgobv	C
2020-04-09 12:08:16.946235	u/TV-Tadd	fmwjt66	u/AfricabyToToisCOOL	fmwj1zu	C
2020-04-09 12:08:22.524432	u/HailChanka69	fmwjtkr	u/Q13989731E	fmwbpnk	C
2020-04-09 12:08:31.769095	u/REDKILLERFARTS	fmwjtt7	u/LuigiBoi42	fmwjmxl	C
2020-04-09 12:08:36.703152	u/ApolloIII	fmwjugn	u/RepostSleuthBot	fmwcnfs	C
2020-04-09 12:09:10.859096	u/Knuxcles	fmwjw0x	u/emperorgiraffelxix	fmwjtmp	C
2020-04-09 12:09:30.706883	u/HugoPnt7	fmwjwzx	u/Swashbuckler7	fmwhiyy	C
2020-04-09 12:09:50.257125	u/r_malawi6	fmwjyc5	u/Loliconfellow	fmw67a9	C
2020-04-09 12:10:00.813311	u/RealWatch1	fmwjzhx	u/anshumankr001	fxqky0	S
2020-04-09 12:10:13.944419	u/RedAxe777	fmwk01i	u/yeet-your-meat	fmwezrk	C
2020-04-09 12:10:22.128705	u/Sworup58	fmwk06s	u/govind01sharma	fmw9yoa	C
2020-04-09 12:10:49.711004	u/nickjames239	fmwk124	u/CS_Hobbit	fmvx3ib	C
2020-04-09 12:11:46.404084	u/0ddM0sasaurus13	fmwk3d6	u/_Wizards4Hire_	fmvl7h0	C
2020-04-09 12:12:48.336327	u/_Ezio_Y_Auditore_	fmwk5bo	u/youravgtrash	fmwir72	C
2020-04-09 12:12:54.871794	u/themasterturt1e	fmwk5ig	u/ImStillChill	fmwj205	C
2020-04-09 12:13:01.653034	u/onthatmtntop	fmwk5vz	u/Ceres-Venus	fmvzpnq	C
2020-04-09 12:13:31.762779	u/The_Big_Mango	fmwk6jf	u/SaltyMonkey324	fmwgdtt	C
2020-04-09 12:14:07.052309	u/Boxur	fmwk7o9	u/NoeN_bruh_z_Poland	fmwjzl6	C
2020-04-09 12:14:13.410243	u/Wannabift	fmwk7q4	u/crimsonblood98	fmwgtzs	C
2020-04-09 12:14:34.785830	u/SporkFromStarWars	fmwk8ca	u/Mr_It66	fmwi77v	C
2020-04-09 12:15:15.252209	u/Cantwinsleepy	fmwk97n	u/H0mlezz	fmwj3yq	C
2020-04-09 12:16:00.242394	u/maxusMaximus	fmwkb8i	u/fynn_is_on_reddit	fmwj3tl	C
2020-04-09 12:16:45.483085	u/oxide_mp3	fmwke0k	u/MrsWhippy69	fmvo61c	C
2020-04-09 12:16:48.580397	u/RmeMSG	fmwke2c	u/131G	fmq0ycs	C
2020-04-09 12:16:50.582665	u/DonAurelius1	fmwke35	u/Arquinas	fmwibv1	C
2020-04-09 12:17:14.049040	u/boutey	fmwkfeu	u/RepostSleuthBot	fmwij0n	C
2020-04-09 12:17:17.575569	u/Quiczotto	fmwkfnj	u/youssef360	fmwe1u6	C
2020-04-09 12:17:21.349951	u/Qtaro_	fmwkfpb	u/signofthecross17	fmwk4i2	C
2020-04-09 12:17:33.669173	u/Honorius1991	fmwkg9t	u/SSJ-Tofu	fmwjyv7	C
2020-04-09 12:17:37.263440	u/UsefulCompanion	fmwkgc0	u/ItsPringles123	fmwas3v	C
2020-04-09 12:18:05.277364	u/embrayce	fmwkhmo	u/insanebreadloaf	fmve2f8	C
2020-04-09 12:18:11.549253	u/i_am_everywhere1	fmwkht7	u/salmanisstupid2006	fmwiba6	C
2020-04-09 12:18:14.024193	u/Efany_Pontes_Barbosa	fmwkhwu	u/_yami	fmpulak	C
2020-04-09 12:18:17.933637	u/XxHoodedWolfxX	fmwki3q	u/Cornwallets	fmwdybx	C
2020-04-09 12:19:11.086858	u/darkwolf0802	fmwkl8i	u/Weierstrash1999	fmwhpkr	C
2020-04-09 12:19:48.329467	u/richh00	fmwmalk	u/RepostSleuthBot	fmwkp9c	C
2020-04-09 12:20:00.197883	u/000thomas000	fmwmbmj	u/Skogmen	fmwm81q	C
2020-04-09 12:20:24.660236	u/JayDawg591	fmwmcfd	u/Awarepillow	fmwhdnz	C
2020-04-09 12:20:53.390856	u/marballz64	fmwmdhe	u/its_the_jon	fmwlspr	C
2020-04-09 12:21:08.929637	u/naughtyboyuk	fmwmdr8	u/xXTERMIN8RXXx	fxr0t4	S
2020-04-09 12:22:02.379214	u/youngbriefgeld	fmwmf89	u/SaadInHalf	fmwln8l	C
2020-04-09 12:22:26.743160	u/Asim424	fmwmg68	u/MoonPadUSer	fmwfy14	C
2020-04-09 12:22:42.515713	u/TheEndError	fmwmgrh	u/MinecraftFart	fmwmc1n	C
2020-04-09 12:23:46.353992	u/GamerW7	fmwmjrz	u/TGD-Man	fmwfxho	C
2020-04-09 12:23:59.442248	u/i-am-a-grill	fmwmk6b	u/Alperen1627Abaci	fmvuw2c	C
2020-04-09 12:25:07.827853	u/short_dude42069	fmwmmty	u/crazyking773	fmoag8o	C
2020-04-09 12:25:41.200879	u/AwfulGoingToHell	fmwmoem	u/Infadel71	fmwiodu	C
2020-04-09 12:26:20.491688	u/supremeycheese	fmwmprs	u/cjc1234godkiller	fmvlp5z	C
2020-04-09 12:26:38.743467	u/YouDoneKnowIt	fmwmqc5	u/Flame2212	fmw65vu	C
2020-04-09 12:26:53.354666	u/nonnaan	fmwmqrb	u/BOTAlex321	fmvv45w	C
2020-04-09 12:27:29.773025	u/Derahn_the_0ne	fmwmrvd	u/CitronBOI	fmwm157	C
2020-04-09 12:27:33.605212	u/TheDivineVisero	fmwms13	u/mohaee	fmwb1ks	C
2020-04-09 12:27:44.352040	u/merica1111yeah	fmwmsdz	u/the_kevlar_kid	fmw8r1o	C
2020-04-09 12:28:14.042853	u/khayyat29	fmwmudg	u/xmattar	fmw2x2t	C
2020-04-09 12:28:44.775503	u/KaDuFatDet	fmwmvov	u/Mighty_Dighty22	fmwlx4v	C
2020-04-09 12:28:49.217837	u/Coxwain4lyfeh	fmwmvvn	u/TheClevernickname	fmsjwc8	C
2020-04-09 12:28:58.668322	u/VaticanCameos714	fmwmwok	u/postandchill	fmwe2kn	C
2020-04-09 12:29:00.216447	u/dolfflamingo	fmwmwoq	u/G_B_Dias	fmvweo4	C
2020-04-09 12:29:03.883772	u/alemilao	fmwmwyk	u/kishan_nawal	fmvuol2	C
2020-04-09 12:29:05.474431	u/BadBoyDaniel	fmwmx5b	u/the-software-man	fmvww2u	C
2020-04-09 12:29:49.472284	u/Ikilledyourdogtwice	fmwmzzj	u/coolboy17120613	fmwmyuz	C
2020-04-09 12:29:58.005688	u/AdolescentAlien	fmwn0ou	u/jayechuang	fmwb40s	C
2020-04-09 12:29:58.912006	u/Memeson326	fmwn0sf	u/Malalang	fmvvs8o	C
2020-04-09 12:30:56.407718	u/me111123	fmwn34w	u/the-CryptoTech	fmwmdnz	C
2020-04-09 12:31:00.760040	u/DarthBT	fmwn36z	u/LuckyAceBlue	fmwm0p7	C
2020-04-09 12:31:33.625227	u/--Nyanpasu--	fmwn4ek	u/charizardfan101	fmwlmnp	C
2020-04-09 12:32:20.535091	u/RyanIswHoogeland	fmwn5h0	u/JasonMetallica	fmwmqs3	C
2020-04-09 12:32:31.318491	u/Au91700	fmwn5wv	u/NoNameIdeasPlsHalp	fmwkm2k	C
2020-04-09 12:32:53.519134	u/Katznboyz	fmwn6vj	u/SteveLynx	fmwg8r0	C
2020-04-09 12:32:55.864323	u/jiggycup	fmwn6vw	u/youravgtrash	fmwir72	C
2020-04-09 12:34:01.771683	u/abracadabra10000000	fmwn9c8	u/RyanIswHoogeland	fmwn5h0	C
2020-04-09 12:34:18.771454	u/elladeterra	fmwn9yi	u/mohaee	fmwb1ks	C
2020-04-09 12:35:05.802532	u/Trupaton	fmwnben	u/DarthBT	fmwn36z	C
2020-04-09 12:35:12.728098	u/MDietz_52	fmwnbou	u/jimbothepotato	fmw5hjq	C
2020-04-09 12:35:30.653949	u/GitProphet	fmwnc59	u/m4a1pewpew	fmwacs5	C
2020-04-09 12:35:34.750278	u/Hilfslinie	fmwncna	u/Ligmaishere	fmvssow	C
2020-04-09 12:35:44.051215	u/ShouWasAlreadyTaken	fmwnd96	u/Buckets72	fmwmf2f	C
2020-04-09 12:36:04.381445	u/Anti-gay_cream	fmwndjt	u/toomuchtACKtical	fmwl5a4	C
2020-04-09 12:36:31.976129	u/SpacemanSpiff312	fmwneo8	u/BorkBork_I_Am_A_Dog	fmvz0yw	C
2020-04-09 12:36:48.065325	u/LeroyDUDE	fmwnfdv	u/RepostSleuthBot	fmwbrbr	C
2020-04-09 12:37:03.402909	u/S1NERT	fmwng1n	u/getagrab	fmwnbub	C
2020-04-09 12:37:12.774900	u/Jacob-The-Pikachu	fmwngg4	u/Larioss	fmw4qi7	C
2020-04-09 12:37:21.971439	u/capulet-sama	fmwngmo	u/Memeson326	fmwn0sf	C
2020-04-09 12:37:50.195137	u/Gebruikt	fmwni7z	u/Nick22400	fmwn60a	C
2020-04-09 12:38:05.231538	u/soviet_7up	fmwnj43	u/eL_c_s	fmtlp9w	C
2020-04-09 12:38:24.540416	u/Jkitty112391	fmwnkh3	u/2punornot2pun	fmwenr6	C
2020-04-09 12:38:26.179848	u/memerman200	fmwnkhe	u/uselesstoolbox	fmvcyla	C
2020-04-09 12:39:13.550736	u/ForgotHowToDoge	fmwnmqt	u/TiesG92	fmwn9cm	C
2020-04-09 12:39:15.076209	u/yeetmcneet	fmwnmst	u/y3ahboiy	fmwn71j	C
2020-04-09 12:39:33.217593	u/ziva_the_not_so_ziva	fmwno6s	u/BeNbUcKToO	fmwkxd8	C
2020-04-09 12:39:34.992252	u/LeoOhneDeo	fmwnoap	u/Oliver2112	fmwi2oz	C
2020-04-09 12:39:46.503220	u/elinehuiser	fmwnpes	u/SpookyT2i	fmwmf5h	C
2020-04-09 12:39:47.622087	u/Spaceman-Spiff4	fmwnpgc	u/AnimeAikouka	fmwh2tr	C
2020-04-09 12:40:00.121619	u/RTooDeeTo	fmwnqu1	u/RepostSleuthBot	fmwm3sl	C
2020-04-09 12:40:31.041403	u/Ahmed_10	fmwnrse	u/ibrahim3dx	fmvv3x4	C
2020-04-09 12:40:59.259859	u/Joe-Shadow	fmwnsm6	u/EATITU	fmwgk8l	C
2020-04-09 12:41:29.599076	u/matt41903	fmwnu65	u/EighthCenturion	fmwnbwx	C
2020-04-09 12:41:36.166229	u/Up_Vootinator	fmwnuck	u/me111123	fmwn34w	C
2020-04-09 12:42:05.680731	u/FreakyPichu	fmwnvfi	u/Lahmung	fmwl087	C
2020-04-09 12:42:46.950572	u/rainbowsixsiegeboy	fmwnx59	u/CrazySuperHotFire	fmwe3km	C
2020-04-09 12:43:24.730195	u/solitaire_pro	fmwnyx7	u/Emperor_O_Memes	fmvyhed	C
2020-04-09 12:43:59.640162	u/GotDanIt	fmwo0ke	u/a_p3nguin	fmwnb67	C
2020-04-09 12:44:05.483925	u/Noodleboi21	fmwo0nn	u/IEnglish402	fmtnlwm	C
2020-04-09 12:44:48.110031	u/SneezyDwarf1240	fmwo30j	u/LePredator7186	fmwo1uk	C
2020-04-09 12:45:03.377547	u/ZukkiiQuah	fmwo3hk	u/ANDREITATU	fmw4rkn	C
2020-04-09 12:45:44.338547	u/amcg-1616	fmwo4o8	u/realsies11	fmvof3h	C
2020-04-09 12:45:49.083705	u/Teaklog	fmwo4pb	u/Eagleheart585	fmvzz4u	C
2020-04-09 12:45:52.181076	u/DrBentonQuest2020	fmwo4u6	u/CapriSunBajaBlastoff	fmvuih1	C
2020-04-09 12:45:55.938096	u/CaptainHomie69	fmwo4x2	u/SmoothPanda999	fmwftq5	C
2020-04-09 12:46:30.679107	u/RyanDomination	fmwo6gf	u/ziva_the_not_so_ziva	fmwno6s	C
2020-04-09 12:47:09.989657	u/kefmans123	fmwo81q	u/Trupaton	fmwnben	C
2020-04-09 12:47:18.060287	u/4d20allnatural	fmwo8br	u/DontBeHumanTrash	fmwaari	C
2020-04-09 12:47:27.290424	u/rhythmrice	fmwo8ta	u/PhenomenalOneZ	fmwhdya	C
2020-04-09 12:47:37.906788	u/HentaiMaster3	fmwo97q	u/minecraftonmymind69	fmwfdrf	C
2020-04-09 12:48:03.180295	u/Blupoisen	fmwoai3	u/Arvind343	fmw87oi	C
2020-04-09 12:48:32.626798	u/CarGuy2000	fmwoc6u	u/Axelaxelaxe	fmw8ypc	C
2020-04-09 12:48:35.895698	u/Anakin_I_Am_High	fmwoccy	u/Agenr_Pingo	fmw3ifz	C
2020-04-09 12:49:03.668318	u/Freshington399	fmwodyh	u/Nitesh470	fmwlmnb	C
2020-04-09 12:49:15.125360	u/beeegmec	fmwoebl	u/kurtified	fmwdulx	C
2020-04-09 12:49:25.032406	u/LNHTeam	fmwof4i	u/Similar-Cauliflower	fmvlxgx	C
2020-04-09 12:51:13.181391	u/fatstacks12322	fmwok6b	u/Anti-gay_cream	fmwndjt	C
2020-04-09 12:51:53.286876	u/haleugo	fmwolby	u/Lahmung	fmwl087	C
2020-04-09 12:52:45.705751	u/beardlesshipster	fmwomwa	u/TheMemer667	fmwmvtk	C
2020-04-09 12:53:06.997378	u/Sa_Sa_1988	fmwq9bq	u/Exekurtioner	fmwpeo8	C
2020-04-09 12:53:28.565688	u/Ohboibigbirdiscoming	fmwq9ux	u/File3235	fmw7lkw	C
2020-04-09 12:53:40.131161	u/MizzouMarine	fmwqa9u	u/Hatimdecor	fxqg7v	S
2020-04-09 12:54:12.372265	u/iannmnm	fmwqb92	u/Anon_exposed	fmv4yu6	C
2020-04-09 12:54:22.022981	u/Bitchpasta69	fmwqbqb	u/FearTheUchiha	fmwnpgq	C
2020-04-09 12:55:02.453652	u/Thortox	fmwqdf7	u/Billy_T_Wierd	fmwdrfe	C
2020-04-09 12:55:45.007036	u/Eggs_Benedict_III	fmwqenx	u/weebo24601	fmwn7tc	C
2020-04-09 12:56:27.443583	u/DeadEye91303	fmwqfkw	u/MadmanDaJew	fmw8yor	C
2020-04-09 12:57:17.895161	u/Jakheb1220	fmwqh7n	u/Polar-ish	fmwq20l	C
2020-04-09 12:57:58.327927	u/airmyless	fmwqjsb	u/PotatoFuryR	fmwouf2	C
2020-04-09 12:58:01.609796	u/clearly_superimposed	fmwqjy3	u/Mad_Man_9	fmwojo7	C
2020-04-09 12:58:16.606139	u/KaDoOdLe2o03	fmwqknu	u/invalidcode232	fmwmmt0	C
2020-04-09 12:58:58.076138	u/ProfessionalTheory8	fmwqmfs	u/floriplum	fmw0k0i	C
2020-04-09 12:59:07.902695	u/Mr_Motherduck	fmwqmms	u/Philipp_01	fxqbcd	S
2020-04-09 12:59:30.731690	u/galaxy_warriors	fmwqnmt	u/Night_Hunter47	fmt2fdi	C
2020-04-09 12:59:34.312402	u/PatriPanda	fmwqntb	u/I-FAP-TO-SNOO	fmwq84g	C
2020-04-09 12:59:37.558326	u/MidgetHunter69	fmwqnvm	u/DaQueenus	fmwpxkx	C
2020-04-09 12:59:45.916833	u/UnlikelyAlternative	fmwqodf	u/Frodo_69	fmwp2k5	C
2020-04-09 12:59:57.292160	u/bigboifuze	fmwqpg4	u/somenamedalex	fmwptpg	C
