2020-04-08 16:00:12.799005	u/crudephoenix	fmtn3y8	u/SnoogieBoog	fmtbqg0	C
2020-04-08 16:00:28.557694	u/MrRaptor07	fmtn479	u/pavilionhp_	flu1apz	C
2020-04-08 16:00:55.309966	u/Maternal-child	fmtn4z7	u/Brokeasslobster	fmtml2z	C
2020-04-08 16:01:51.443011	u/ShadeEmperor23	fmtn676	u/leaderofthevirgins	fmtc4zz	C
2020-04-08 16:01:53.816482	u/Xxtrippletscardale	fmtn68b	u/Joooeel	fmtn3az	C
2020-04-08 16:02:35.673236	u/TheGulfCityDindu	fmtn6r2	u/CoffeeAddict1011	fmtn3ap	C
2020-04-08 16:03:16.929057	u/rubenskx	fmtn85v	u/mariogmez	fmt5mrt	C
2020-04-08 16:04:06.132603	u/TrainConductor145	fmtn91j	u/Smacback	fmtmtdx	C
2020-04-08 16:04:19.827133	u/TytheRipper200100	fmtn9bd	u/SweatyAttic7459	fmtmdic	C
2020-04-08 16:04:31.271192	u/Penguin_On_Yes	fmtn9ob	u/SiLLY__Go0Se-	fmsqdxo	C
2020-04-08 16:04:40.211016	u/i-swallow-lightbulbs	fmtna56	u/MarikodoLP	fmtilq7	C
2020-04-08 16:04:45.268451	u/CrabbyEvening	fmtnadg	u/DankDucko77	fmsvg8n	C
2020-04-08 16:06:13.359090	u/mymexicanshrek	fmtncny	u/Buckraft	fmtn9a0	C
2020-04-08 16:06:15.240466	u/SearMeteor	fmtncps	u/DeltarUltima	fmtj479	C
2020-04-08 16:06:17.115138	u/chase-i-got-reddit	fmtncvg	u/thinethpopeth	fmt6t2s	C
2020-04-08 16:06:58.848972	u/Mc-Mees	fmtne9j	u/yash_chem	fmsxjks	C
2020-04-08 16:07:06.275537	u/ode_2_firefly	fmtnegw	u/CowCluckLated	fmtglcf	C
2020-04-08 16:07:59.552120	u/yonimarie31	fmtnh2r	u/Kind-Pop	fl3zlqu	C
2020-04-08 16:08:12.454131	u/Bigbadannon	fmtnij5	u/BrutalDye	fmtmna8	C
2020-04-08 16:08:19.103467	u/SaveMyElephants	fmtniq7	u/bigbillybucktard	fmtirck	C
2020-04-08 16:08:22.229122	u/harvijj	fmtnj2f	u/JustKebab	fmtn7hm	C
2020-04-08 16:08:36.293097	u/slipdipwhip	fmtnjhg	u/LetsJustPlayer	fmqsnf6	C
2020-04-08 16:08:42.801586	u/AquaticPianist	fmtnjpq	u/MiestaWieck	fmtmznk	C
2020-04-08 16:08:50.758747	u/Ettsate	fmtnk8m	u/Nick22400	fmtjrmz	C
2020-04-08 16:08:59.547752	u/totalynotallama	fmtnkm7	u/amemethatded	fmsvo8r	C
2020-04-08 16:09:06.365096	u/ShrekIsTheBestGod	fmtnkxq	u/modern_problems	fmtngfq	C
2020-04-08 16:09:11.173268	u/Mangobatz	fmtnl9q	u/unsuspicious_salmon	fmq3oiq	C
2020-04-08 16:09:37.717030	u/UncomfyReminder	fmtnmwu	u/GameChanger099	fmsfcup	C
2020-04-08 16:09:38.971386	u/idledrone6633	fmtnn0g	u/mariogmez	fmt5mrt	C
2020-04-08 16:09:55.112939	u/Shirinaga	fmtno0o	u/Ice-Juice1	fxaril	S
2020-04-08 16:09:59.459266	u/Harleyskillo	fmtnotq	u/meatMeater_3	fmtm754	C
2020-04-08 16:11:12.847371	u/Filip_Pro	fmtnqta	u/WakandanChungus	fmrur4l	C
2020-04-08 16:11:16.221130	u/underage_wamen	fmtnqvt	u/RepostSleuthBot	fmtmdgb	C
2020-04-08 16:11:36.082669	u/mystic_bananaa	fmtnre4	u/Spike_Fields	fmtaq74	C
2020-04-08 16:11:54.702947	u/arimk031	fmtnry8	u/DankDucko77	fmtm8jy	C
2020-04-08 16:13:08.330312	u/cokeinportraitmode	fmtnv5h	u/the-holy-father	fmqhwva	C
2020-04-08 16:13:23.988888	u/Nawor21	fmtnve2	u/roolinheart	fmtkkm1	C
2020-04-08 16:13:27.143142	u/ifucwithdembasses	fmtnvfp	u/PickleAxe1	fmtfb7t	C
2020-04-08 16:13:29.495694	u/Sovereign_FleshSuit	fmtnvl7	u/lass896a	fmtn61i	C
2020-04-08 16:13:49.319714	u/gretathunderbird	fmtnwd2	u/ImmutableInscrutable	fmtkk8q	C
2020-04-08 16:14:42.417383	u/jomtomyomom	fmtny3a	u/RebelPoetically	fmtikt2	C
2020-04-08 16:14:56.709600	u/suki-ds-20-ps	fmtnz4m	u/thelastjeka	fmtjjzf	C
2020-04-08 16:15:06.994041	u/laxus12345	fmtnzqa	u/Ghuz2	fmtnxm0	C
2020-04-08 16:15:20.132525	u/Void-Molder	fmto0by	u/DrakeskipDragon	fmtid7u	C
2020-04-08 16:16:05.018717	u/BoogalooBoi921	fmto1gw	u/si1versmith	fxdlyx	S
2020-04-08 16:16:40.777316	u/yoloarf01	fmto2sw	u/Sammysoupcat	fmtnjbn	C
2020-04-08 16:17:00.312912	u/ur-mom-sucko-mode-me	fmto3im	u/onlyUsernameLeft465	fmtmit5	C
2020-04-08 16:17:02.893921	u/boii2794	fmto3jq	u/cauepm	fmsije3	C
2020-04-08 16:17:14.272342	u/gtaman31	fmto40v	u/areeyeteeeyekay	fmtbvmo	C
2020-04-08 16:17:21.464805	u/JackalR6s	fmto45y	u/Bludicrous	fmtfbur	C
2020-04-08 16:17:33.880135	u/VTagious	fmto4lc	u/PanzerKomadant	fmtix5g	C
2020-04-08 16:18:04.022286	u/Ellsass	fmto55l	u/TheBolshevikJew	fmtbqr0	C
2020-04-08 16:18:27.293187	u/philayzen	fmto738	u/Harmxn-	fmtm7m2	C
2020-04-08 16:18:41.635723	u/NightWolf344	fmto7za	u/Moetoefoeka	fmtkje8	C
2020-04-08 16:18:48.798503	u/TheAlmightyKojak	fmto8f4	u/CrossfirePoiPoiPoi	fmtnshk	C
2020-04-08 16:19:21.777814	u/Mr-Klaus	fmtq59l	u/daberle123	fmt3tq5	C
2020-04-08 16:19:28.294575	u/Bitchyneanderthal	fmtq5kl	u/TheRealTurtle1	fmtplae	C
2020-04-08 16:19:32.403727	u/4tt1cu5	fmtq5wo	u/xF1L1P	fmtmsjo	C
2020-04-08 16:19:53.234395	u/jaxndrx	fmtq7iy	u/DankDucko77	fmtm8jy	C
2020-04-08 16:19:57.211154	u/420dild0swaggins420	fmtq7wx	u/Joooeel	fmtn1r6	C
2020-04-08 16:20:15.956782	u/Cykotikal	fmtq9f1	u/memezop	fmtany8	C
2020-04-08 16:20:29.642163	u/luischarles	fmtq9ob	u/Yellowkitnen	fmtq6d3	C
2020-04-08 16:20:53.796331	u/xxNinjathisxx	fmtqa4j	u/FalteringNews	fms55x2	C
2020-04-08 16:21:01.605307	u/3DCompute	fmtqa98	u/opaqueandblue	fmiokdn	C
2020-04-08 16:21:24.741169	u/pickinganame4hours	fmtqb7q	u/LuigiBoi42	fmtq1hb	C
2020-04-08 16:21:30.302839	u/SkiSiWow	fmtqba1	u/Morfilix	fmsf757	C
2020-04-08 16:22:06.391081	u/pillbinge	fmtqc8g	u/m4a1pewpew	fmrvrd8	C
2020-04-08 16:22:15.873632	u/firEscouTspideR	fmtqcrs	u/Emperor_O_Memes	fmtq73s	C
2020-04-08 16:22:22.463923	u/jkrabin	fmtqd1l	u/geomnky	fmtn2sv	C
2020-04-08 16:22:38.316936	u/BessMertny_	fmtqday	u/MonkeyClause	fms9ssv	C
2020-04-08 16:22:57.787651	u/Jack8703	fmtqdy4	u/we_R_allEnslaved	fmsa429	C
2020-04-08 16:23:05.438264	u/morbidaar	fmtqec1	u/Frugal-Redditor	fmtqcaj	C
2020-04-08 16:23:31.204377	u/TheYellowRoach	fmtqezz	u/swegway69	fmtjqjy	C
2020-04-08 16:23:53.985451	u/Undercoveronreddit	fmtqfq5	u/PrettyCoolBear	fmp7nal	C
2020-04-08 16:24:10.104848	u/Grey1089	fmtqg5x	u/DeadKingZod	fmt72h7	C
2020-04-08 16:24:13.113971	u/Tairken	fmtqgal	u/RiskyPolar	fmsibxh	C
2020-04-08 16:24:41.647706	u/Observerwwtdd	fmtqgqf	u/daberle123	fmt3tq5	C
2020-04-08 16:24:43.716482	u/donkeypiss69	fmtqguf	u/tdalbert	fmtgasg	C
2020-04-08 16:25:22.230097	u/SpinnyMonkey	fmtqhu5	u/SnowySupreme	fmtonbi	C
2020-04-08 16:25:47.122490	u/BigBlackPeen90	fmtqil7	u/slashth456	fmt2gib	C
2020-04-08 16:25:49.085448	u/internetstranger28	fmtqimz	u/mattoisacatto	fmrno2n	C
2020-04-08 16:25:56.204510	u/themegamanX10	fmtqj35	u/humpbackwhale97	fmtqf1g	C
2020-04-08 16:26:17.256400	u/Daddy-Shaxx	fmtqjjs	u/level100brad	fx8c0e	S
2020-04-08 16:26:23.298669	u/cheesegoeszoomzoom	fmtqjsb	u/TheWanderingMemer	fmtnwal	C
2020-04-08 16:26:28.436150	u/therenousername	fmtqjy5	u/Mezzo_in_making	fmtp34f	C
2020-04-08 16:26:31.107264	u/ok_boomer1313	fmtqjz8	u/pilotslayer1	fmt6ca9	C
2020-04-08 16:26:36.453244	u/Spooca	fmtqk66	u/CheeriodudeL45	fmtqhq4	C
2020-04-08 16:27:36.509266	u/WillowWanderer	fmtqmb2	u/CrossfirePoiPoiPoi	fmtm9as	C
2020-04-08 16:27:53.687576	u/YOUEATALLMYBEANSBOII	fmtqneh	u/AppleBerd69	fmtl4dh	C
2020-04-08 16:28:29.147605	u/zZaphon	fmtqpnd	u/MMaalouf108140	fmtgk1r	C
2020-04-08 16:28:58.889319	u/JosephWelch718	fmtqqvm	u/Sam_le_potato	fmtqg2q	C
2020-04-08 16:29:06.992447	u/AdvaitVag	fmtqral	u/DiamondPower500	fmrtsom	C
2020-04-08 16:29:11.004548	u/ThatKidWhoJustIs	fmtqrjo	u/hotshothornet18	fmtqodk	C
2020-04-08 16:29:18.769991	u/AllNighty	fmtqsuq	u/McBrodoSwagins	fmtq017	C
2020-04-08 16:29:52.435760	u/bonerinho_	fmtqvgu	u/bignjbagel	fmtqlsk	C
2020-04-08 16:29:59.975441	u/ZeBigBon	fmtqw7i	u/Not-a-master69	fmtnp4z	C
2020-04-08 16:30:49.025676	u/brngnthepayne	fmtqxuh	u/Portal4life	fmtqwcu	C
2020-04-08 16:31:32.762533	u/LordOfToasters	fmtqyrh	u/Wigglytuff6645	fmtpn8b	C
2020-04-08 16:31:36.175953	u/SacredSilenceNSleep	fmtqyyq	u/VVsleekman	fmsrhjc	C
2020-04-08 16:31:44.679153	u/DestroyerAce14	fmtqz89	u/daberle123	fmt3tq5	C
2020-04-08 16:32:03.978275	u/VallyChan	fmtqztg	u/EndMePleaseGodEndMe	fmthvlb	C
2020-04-08 16:32:16.121752	u/James_n_mcgraw	fmtr084	u/IrishGoatMilker	fmtku6h	C
2020-04-08 16:32:59.942776	u/WolfNippleChips	fmtr1bk	u/Mr_PresidentVVJHS	fmtlymr	C
2020-04-08 16:33:07.374127	u/SSj3Rambo	fmtr1nb	u/NautilusCubist	fmtq4li	C
2020-04-08 16:33:29.403344	u/spicy-avacado	fmtr2ak	u/Ang31TooGucci	fmsom85	C
2020-04-08 16:33:31.616780	u/Mista_Busta	fmtr2at	u/Downgoesthereem	fmtp8ti	C
2020-04-08 16:33:41.634036	u/g0os1e	fmtr2or	u/Mudamir	fmsbf9t	C
2020-04-08 16:33:54.778251	u/fireraptor08	fmtr31f	u/vyukanasekacka	fms7792	C
2020-04-08 16:33:57.866856	u/IantoGrimm	fmtr31u	u/Gum_Drop25	fmtpvv5	C
2020-04-08 16:34:00.996880	u/thehorriblememe	fmtr39x	u/CheeriodudeL45	fmta3jx	C
2020-04-08 16:35:06.338340	u/IgnatiusArt	fmtr67m	u/Gum_Drop25	fmtq1o0	C
2020-04-08 16:35:51.550999	u/Mr-Oof-28	fmtr78m	u/AnakinsShowerDrain	fmtquj1	C
2020-04-08 16:36:01.803830	u/willeelm	fmtr7fi	u/lovemyselfkindof	fmtl0kp	C
2020-04-08 16:36:13.432312	u/ThatOneGuyDylan	fmtr8c0	u/armyfidds	fmtr4cg	C
2020-04-08 16:36:21.083415	u/robloman	fmtr8hn	u/firEscouTspideR	fmtqr8a	C
2020-04-08 16:36:26.586326	u/Nicotop	fmtr8r7	u/Metra5DS	fmtlwco	C
2020-04-08 16:36:40.978325	u/TheAwesomeLord1	fmtr99y	u/the-holy-father	fmtm4zr	C
2020-04-08 16:37:34.099694	u/FlemBob97	fmtrc7b	u/tiger71719	fmtmaon	C
2020-04-08 16:38:17.202079	u/Gamerpolicebutmore	fmtrfry	u/scoopywoopy123	fmtr6xy	C
2020-04-08 16:38:58.064534	u/Jojebae98	fmtrh4b	u/Monster_Jerms	fmtoif9	C
2020-04-08 16:39:19.347013	u/GayGary69	fmtrhgs	u/Unruh_	fmswhzc	C
2020-04-08 16:39:56.349362	u/berkayde	fmtrlnz	u/hecking-fricker	fmtb6mv	C
2020-04-08 16:40:08.704297	u/FakeODon_Brox	fmtrmwa	u/S-Man_368	fmqrho9	C
2020-04-08 16:40:33.077343	u/burny-toaster	fmtrnc9	u/EnderSkoom	fmqva4y	C
2020-04-08 16:40:52.004147	u/MzKillerx	fmtrnxc	u/YeetusDoodr	fmthtn3	C
2020-04-08 16:41:19.352599	u/Thatguy536	fmtroku	u/chaseprovost21	fmtr99p	C
2020-04-08 16:42:04.541255	u/mighty_nyorai	fmtrqg6	u/Agent_Awesememe	fmtn6c2	C
2020-04-08 16:42:10.897660	u/littlepredator69	fmtrr3u	u/fredvanvleetsr	fmtkkyv	C
2020-04-08 16:42:24.538607	u/ThisGirlLikesTurtles	fmtrrsm	u/EatDorito	fmtipom	C
2020-04-08 16:42:51.095788	u/Robeeeeeerrrrrrt	fmtrti5	u/Yellowchapel	fx6nrd	S
2020-04-08 16:43:21.224385	u/HydroLad101	fmtrutx	u/modern_problems	fmtkolk	C
2020-04-08 16:44:09.631826	u/Kutzelberg	fmtrwti	u/AllNighty	fmtpplb	C
2020-04-08 16:45:54.638335	u/Dr_Jan_Itorr	fmts0nc	u/cakane100	fmtrdds	C
2020-04-08 16:47:05.171743	u/Thjold	fmts33d	u/Wigglytuff6645	fmtpn8b	C
2020-04-08 16:47:11.877396	u/bustedrobot12345	fmts3dg	u/cooldudeface24	fmsjxr4	C
2020-04-08 16:47:28.151378	u/Reptilianlizard	fmts47l	u/desolution1337	flu3qfk	C
2020-04-08 16:47:57.616203	u/somewhatmadhattr	fmts58k	u/im-stingy-anditsmine	fmt309q	C
2020-04-08 16:48:53.551493	u/BRtIK	fmts7d8	u/BigBlackPeen90	fmtqp04	C
2020-04-08 16:48:57.414865	u/squeezy102	fmts7pb	u/Wigglytuff6645	fmtpxlx	C
2020-04-08 16:49:23.804881	u/cheesybuttcream	fmts96s	u/MVDSW	fmtkf4v	C
2020-04-08 16:49:53.654096	u/jax3rir	fmts9uw	u/FistingUrDad	fmtrpmf	C
2020-04-08 16:49:55.606050	u/slapmepsilly	fmtsac6	u/AlexeiSkorpion	fmtnfgx	C
2020-04-08 16:49:58.920631	u/Facough12	fmtsail	u/EliotHudson	fmsjrp9	C
2020-04-08 16:50:02.610939	u/Sushilord123	fmtsb0t	u/totiisawesome	fmtog6q	C
2020-04-08 16:50:08.293946	u/GordonShumway3457	fmtsb98	u/JuliuslikeApple	fmt1h8c	C
2020-04-08 16:50:20.219764	u/bruh734	fmtsc3j	u/DrTape	fmt3pmt	C
2020-04-08 16:51:05.585194	u/OooOfeded	fmtsdn0	u/Cachuchotas	fmtcw7r	C
2020-04-08 16:51:58.129439	u/Drake498	fmtsf6n	u/ok_boomer1313	fmts07f	C
2020-04-08 16:53:10.502126	u/Boss-Fight-Silo	fmtu6a2	u/r3dcrayon	fmtu4wt	C
2020-04-08 16:53:12.736509	u/Teh_Wey	fmtu6ab	u/family_friendly_nut	fmtryrr	C
2020-04-08 16:53:26.436230	u/RedBoxGaming	fmtu6s1	u/DatGamingShark	fmthm3l	C
2020-04-08 16:53:51.248854	u/hdylan99	fmtu7ti	u/havel06	fmtprw9	C
2020-04-08 16:54:11.538574	u/Blaze647	fmtu8o3	u/luna_tristona	fmtmv24	C
2020-04-08 16:54:17.175564	u/diamirabeats	fmtu8yt	u/Reptilianlizard	fmts47l	C
2020-04-08 16:54:19.393289	u/Koning_Willy_	fmtu8z2	u/Katsumey12	fmtu13f	C
2020-04-08 16:54:21.650948	u/RED_RaT42	fmtu92x	u/Tonyke_13	fkenv5f	C
2020-04-08 16:54:53.259979	u/StrangeSitch	fmtuajg	u/rance_kun	fmt8osr	C
2020-04-08 16:55:08.843801	u/killabru	fmtuazt	u/an_unknown_dragon	fmt4b7u	C
2020-04-08 16:55:36.132757	u/ilikesocksinsandals	fmtuc2x	u/PunjabDa	fmtsmhd	C
2020-04-08 16:55:45.766427	u/longbongstrongdong	fmtucj2	u/azulki	fmtjdip	C
2020-04-08 16:56:12.739809	u/Way2FisHy4Me	fmtudpq	u/XavDaMan	fmtr1d6	C
2020-04-08 16:56:20.524445	u/Wylde_223	fmtue2v	u/Breadfruit123	fmttnei	C
2020-04-08 16:56:24.751960	u/Nightmare_Phonnie	fmtue79	u/chaseprovost21	fmtr99p	C
2020-04-08 16:56:28.785335	u/BeanMartin	fmtue9u	u/Stev0fromDev0	fmttw3y	C
2020-04-08 16:56:36.962488	u/KarateDadJr	fmtueg1	u/Kutzelberg	fmtrwti	C
2020-04-08 16:56:41.016283	u/Sapphire930	fmtuelh	u/mariogmez	fmt5mrt	C
2020-04-08 16:56:46.413271	u/canadianfriesss	fmtuevq	u/bbddman	fmtt0gs	C
2020-04-08 16:57:18.516517	u/UnkleYak	fmtugzn	u/Ettsate	fmtnk8m	C
2020-04-08 16:57:32.408737	u/elmateeeo	fmtuhjd	u/fredvanvleetsr	fmtkkyv	C
2020-04-08 16:58:19.739188	u/Not_Somebody1	fmtuitb	u/Starflight16	fmtibl6	C
2020-04-08 16:58:37.758508	u/LLproGam3r	fmtujmt	u/jessie014	fmtjlpv	C
2020-04-08 16:58:40.138913	u/KryLei_0603	fmtujql	u/fuzfy	fmtorww	C
2020-04-08 16:58:50.431169	u/topgun04	fmtuka5	u/6pan	fmtt84y	C
2020-04-08 16:58:51.753564	u/AAJASIKA	fmtukjx	u/CaptainRexAKACT-7567	fmtra0e	C
2020-04-08 16:59:23.206529	u/Kito2710	fmtumcw	u/not_quite_goose	fmttg3r	C
2020-04-08 16:59:32.972030	u/AMG912	fmtumi4	u/savageclooney	fmtosv4	C
2020-04-08 16:59:37.495383	u/Loser_maniac	fmtumx4	u/ChargingRhino11	fmtueud	C
