2020-03-29 15:00:16.968160	u/jonas_lol_xd	flur3lt	u/fualtyzane	fluptbu	C
2020-03-29 15:00:31.422988	u/OctoKid911	flur45s	u/DoggoDaDog31	flur3fm	C
2020-03-29 15:00:48.444500	u/NoValidUsernames666	flur4o6	u/kookywookie	flun9b2	C
2020-03-29 15:01:06.234921	u/leovolpe	flur54c	u/shitbot_420	flur3x7	C
2020-03-29 15:01:12.501202	u/Litten653	flur591	u/det_fishmun	fluqmx0	C
2020-03-29 15:01:22.125947	u/ShaveCream-v2	flur5gm	u/Diamonds_are_Fake	fr5w89	S
2020-03-29 15:02:18.343957	u/Nameleidervergeben	flur7i9	u/Thin-White-Duke97	flu7u3o	C
2020-03-29 15:02:40.877927	u/StephenLeaf	flur89j	u/idkbastacuteako	flucubh	C
2020-03-29 15:02:58.488506	u/Chase-skywalker	flur8ya	u/DoggoDaDog31	flur6pk	C
2020-03-29 15:03:06.630601	u/Ethan-J-T	flur98b	u/FearXHusky1	flukpqw	C
2020-03-29 15:03:08.859886	u/TeamSaus040	flur98s	u/NameRofl	fltk0jt	C
2020-03-29 15:03:20.261018	u/uPeopleFuckingSuck	flur9mz	u/fualtyzane	fluptbu	C
2020-03-29 15:03:34.476592	u/_Marven101	flur9z0	u/sockmaster_27	flur0tu	C
2020-03-29 15:04:19.483742	u/BaptistFire	flurbmb	u/cyberprogram	flur85g	C
2020-03-29 15:04:24.616863	u/JTD55	flurbr4	u/HighResDragon	flur5qp	C
2020-03-29 15:04:59.068563	u/Warheadd	flurcz6	u/bunnywithahammer	fltr4sz	C
2020-03-29 15:05:09.080167	u/iLikeZhengmBuns	flurdcs	u/Thatfatguyinyourroom	flumaho	C
2020-03-29 15:05:15.519295	u/ace-of-threes	flurdgi	u/EliteAssassin750	flupd0k	C
2020-03-29 15:05:34.928051	u/prophetNL	flureib	u/theFLUFF131	flur8qh	C
2020-03-29 15:05:37.862997	u/garrettpolk1	flurepw	u/sockmaster_27	flur0tu	C
2020-03-29 15:06:02.810616	u/Dukecj	flurfs8	u/ostruch	fluchhh	C
2020-03-29 15:06:08.854522	u/realcat67	flurfzn	u/Fudge-Boi	flur96d	C
2020-03-29 15:06:21.540352	u/Sweetroll98	flurgiy	u/Endersgaming4066	flur82n	C
2020-03-29 15:06:32.876786	u/hackfleischsauce	flurh0f	u/theFLUFF131	flu472e	C
2020-03-29 15:07:23.005385	u/Reivilo85	flurj3c	u/Noble____Actual	fltxasq	C
2020-03-29 15:07:28.863327	u/Bot_Sneil	flurjb4	u/MrSchrot	fluqkuh	C
2020-03-29 15:07:33.276919	u/not40hours	flurjkh	u/fualtyzane	flurc8e	C
2020-03-29 15:07:36.495784	u/Gupura	flurjmx	u/RFGRaven	flue6a6	C
2020-03-29 15:07:51.399318	u/aguilaair	flurkid	u/TherionX2	fluqzgt	C
2020-03-29 15:07:54.848101	u/wtf-no26	flurkj3	u/JG11Bravo1	fltpvtu	C
2020-03-29 15:08:32.099250	u/reza807	flurltk	u/Cramble1952001	fltpek6	C
2020-03-29 15:08:39.485857	u/dontqustion	flurm9c	u/PhuckMeInTheAss	flurdlg	C
2020-03-29 15:09:07.683030	u/Tang_Bang	flurnhh	u/JTD55	flurcxv	C
2020-03-29 15:09:12.136250	u/jax797	flurnng	u/ivshanevi	flup7y7	C
2020-03-29 15:09:13.792448	u/mrrooaar	flurnpv	u/RepostSleuthBot	flur5ib	C
2020-03-29 15:09:18.225282	u/tequilamocking_bird_	flurnub	u/PhuckMeInTheAss	flurkxp	C
2020-03-29 15:09:31.615334	u/bowoftruth	flurohn	u/misxnthropist_24	fltu8n5	C
2020-03-29 15:09:36.627894	u/Defmac26	fluroyg	u/BonnieEggs12	flulpi4	C
2020-03-29 15:09:37.487263	u/SuperMags	flurp1s	u/tricks_23	fluey9f	C
2020-03-29 15:09:42.201222	u/eraj1505	flurpeb	u/bkmangang	fr6igh	S
2020-03-29 15:09:45.587854	u/ShieldOfFury	flurprw	u/Diamonds_are_Fake	flu3yc7	C
2020-03-29 15:09:49.508368	u/Mikemanthousand	flurq7o	u/fualtyzane	flu7cuk	C
2020-03-29 15:09:54.052834	u/Xyrathan	flurr4h	u/okboomer18	fluhdtb	C
2020-03-29 15:09:54.826876	u/Bakura_	flurrac	u/Diamonds_are_Fake	flu3yc7	C
2020-03-29 15:10:35.019524	u/NicoNicoNut	flursxw	u/ieatICE124	fluq9wc	C
2020-03-29 15:10:52.986435	u/CashewMashu	flurtb5	u/CheeriodudeL45	fluqoh4	C
2020-03-29 15:11:28.137001	u/fritzaj	fluru8e	u/LucrativeRook62	fluq8vu	C
2020-03-29 15:11:43.753530	u/choco-dolla	fluruz1	u/RunningOutOfBattery	fluorn8	C
2020-03-29 15:11:46.142661	u/boomstruikgod	fluruzk	u/jahjah0405	flur858	C
2020-03-29 15:11:56.412577	u/random_boi12345	flurv66	u/TickleDuckFeathers	fltz7wc	C
2020-03-29 15:12:09.824859	u/Rocketkid-star	flurvin	u/flwrs__	flqzhot	C
2020-03-29 15:12:29.371912	u/2baby2	flurvyp	u/name11122211	fluri19	C
2020-03-29 15:13:01.384102	u/BlueberryPollination	flurwpw	u/Hemlock71117	flupeqq	C
2020-03-29 15:13:06.754565	u/drahimi28	flurwxn	u/stevaas	flrlxyl	C
2020-03-29 15:13:08.892131	u/baron_lakwa	flurwyd	u/HunterBoyxXx	fluh4y0	C
2020-03-29 15:13:21.713654	u/hyperventilatingtree	flurxh8	u/fricker69420666	flum894	C
2020-03-29 15:13:33.788125	u/a_very_chill_ghost	flurxum	u/I_luv_memes_367	fluewxz	C
2020-03-29 15:13:42.308810	u/Work_IT_KLG	flury5y	u/WilliamVal1	fltw7gx	C
2020-03-29 15:13:48.556600	u/Lail__	fluryd3	u/clone_ranger	flujrgn	C
2020-03-29 15:13:52.836510	u/Life-Sucks-Alot	flurygr	u/AutoModerator	fltdplt	C
2020-03-29 15:13:56.000978	u/TheDoctor_2014	flurykh	u/MadSwine69	fluril8	C
2020-03-29 15:14:08.152651	u/sexy_in_the_6	fluryyy	u/PeytonBrandt	flu834t	C
2020-03-29 15:14:19.336003	u/Thup3rman	flurzet	u/unclecaruncle	flud7mu	C
2020-03-29 15:14:25.797120	u/Wolf_lord_13	flurzpo	u/racerfree	fltctgk	C
2020-03-29 15:14:50.539844	u/joegnar	flus0rg	u/Jockey79	flurrj2	C
2020-03-29 15:15:03.690568	u/Constantvigilante	flus15f	u/vietnamese-guy	fluoulp	C
2020-03-29 15:15:37.381470	u/hairyunder	flus2d0	u/Shivshanks	flucmic	C
2020-03-29 15:15:44.776773	u/toxicHitomain	flus2jw	u/DaddyBreasticles	flupytm	C
2020-03-29 15:16:20.097706	u/FortnitePlayer18	flus3w3	u/VishishtMishra	flujzo2	C
2020-03-29 15:16:47.004010	u/Deviliant1	flus5ds	u/rslashlmao-_-	fluoiaa	C
2020-03-29 15:16:59.875654	u/lilis_45	flus5ta	u/RepostSleuthBot	flu9b42	C
2020-03-29 15:17:13.382841	u/Peanutbutter-pickle	flus6nd	u/Deviliant1	flus2ly	C
2020-03-29 15:17:44.521039	u/JimmyTMalice	flus8bp	u/Dynoxic	flsmbwu	C
2020-03-29 15:17:58.937071	u/wronkan	flus96h	u/fualtyzane	fluq5s6	C
2020-03-29 15:18:08.481916	u/spacko8	flus9l6	u/acryus08	fluoeau	C
2020-03-29 15:18:18.868791	u/Bananmanden12	flusafa	u/MightBeFloridaMan	flurgg0	C
2020-03-29 15:18:27.719875	u/That1SukaOrange	flusawd	u/delete_techies	flulee0	C
2020-03-29 15:18:45.971060	u/Trapjorn	flusbr5	u/Semi-Charmedx	fluryn4	C
2020-03-29 15:19:15.262219	u/Paul-McCooker	flusd7x	u/nature-will-win	flugrtg	C
2020-03-29 15:19:20.334581	u/___subhendu	flusddn	u/xxcreepyzebraxx	flu7o7t	C
2020-03-29 15:19:23.839422	u/RedgrumGrinboldt	flusdlo	u/SirDroplet	flunfla	C
2020-03-29 15:19:25.710044	u/ChikenWing44	flusdo8	u/Rd750kzee	fluc4vw	C
2020-03-29 15:19:32.736082	u/yeetlord73	fluse5h	u/Centtrix	flr2fb8	C
2020-03-29 15:19:38.809455	u/Solarisly	flusey2	u/zaem_shams	flukzzq	C
2020-03-29 15:19:40.801325	u/SuspiciousTrashCan	fluseyh	u/BioKnight25	flu4edo	C
2020-03-29 15:19:48.741264	u/currymuncher9	flusfp1	u/chemicalmuffin123	flum6ag	C
2020-03-29 15:19:50.579618	u/MatkingHD	flusfry	u/racerfree	flq4o2u	C
2020-03-29 15:20:15.268940	u/aspi9	flush4u	u/AutoModerator	flomwsb	C
2020-03-29 15:20:32.122028	u/Lake_DyskKO	flushak	u/kickwurm	fluq8eu	C
2020-03-29 15:20:38.052198	u/prequellord420	flushgk	u/TriWald3	flua01h	C
2020-03-29 15:20:50.288206	u/Agronault_	flusi3v	u/AutoModerator	flu6l1r	C
2020-03-29 15:21:09.154209	u/musical_chaos	flusiwx	u/TheNinjaPro	flurlqp	C
2020-03-29 15:21:37.622181	u/BdGaming23	flusjlw	u/6942051	fltv3pa	C
2020-03-29 15:21:41.570186	u/redidididididit	flusjne	u/yuvraj_0510	flusfgn	C
2020-03-29 15:21:51.507307	u/Tony_Marony	flusk2u	u/lIQuantimeIl	flued1o	C
2020-03-29 15:22:01.455042	u/Wormking2525	fluskef	u/Endersgaming4066	flurwtx	C
2020-03-29 15:22:05.335455	u/hussoro3219	fluskg7	u/fritzaj	fluru8e	C
2020-03-29 15:22:11.741550	u/christhescotian	fluskpk	u/Synth131	fluox74	C
2020-03-29 15:23:08.847150	u/TheHoboFett	flusmx7	u/ivshanevi	fluqmmi	C
2020-03-29 15:23:19.775001	u/random0rdinary	flusna1	u/EnzonogueiraCosta	flukkob	C
2020-03-29 15:23:32.478088	u/Saucy-Nacho	flusnse	u/Shrekola-69	fluj017	C
2020-03-29 15:23:53.435123	u/Barritar	flusolp	u/jicty	fltvj5e	C
2020-03-29 15:24:08.159612	u/SunnyDicc	flusorx	u/LukeBlockwalker69	fluslcf	C
2020-03-29 15:24:11.645202	u/MobiWanKenobi	flusotk	u/FBI_Agent_82	flu9bf4	C
2020-03-29 15:24:47.279127	u/FireInsight	flusq35	u/redidididididit	flusjne	C
2020-03-29 15:24:55.768620	u/ChungGordon11	flusqk2	u/potatoooo66planet	fluslm2	C
2020-03-29 15:25:17.905197	u/WizardMan6767	flusrfb	u/ceesaar00	fluspon	C
2020-03-29 15:25:33.854686	u/jsmendez1	fluss6o	u/oakaxe	fluckz5	C
2020-03-29 15:25:58.166340	u/Dbsblox	flustj9	u/TherionX2	fluibi2	C
2020-03-29 15:26:17.701456	u/TrashlyAshly	flusu80	u/DekoyyYT	fluljea	C
2020-03-29 15:26:19.849457	u/nameless_guy_3983	flusu9m	u/chemicalmuffin123	flua165	C
2020-03-29 15:26:23.707604	u/teammdj	flusucn	u/Steven_2769	fltk3le	C
2020-03-29 15:26:32.765436	u/Ansil95	flusut2	u/TomMcWeedy	fr5fes	S
2020-03-29 15:26:44.062858	u/Sol-Ja-Boi	flusv7z	u/dr4gonr1der	fluk9eb	C
2020-03-29 15:26:53.088773	u/Maficp0	flusvo0	u/mjartien_	flusadw	C
2020-03-29 15:26:58.896277	u/dwikks99	flusvwb	u/Mr-Fleshcage	flsk1lw	C
2020-03-29 15:27:16.671179	u/analsuicide69	fluswct	u/RepostSleuthBot	fluhhhw	C
2020-03-29 15:27:22.927874	u/uno-reverse-card-nou	fluswl4	u/RepostSleuthBot	fltwmqs	C
2020-03-29 15:27:39.102591	u/KamikazeOtawa	flusx4b	u/jodservy	flukrbz	C
2020-03-29 15:27:54.438735	u/szoszk	flusxqq	u/effygrant	flrgepa	C
2020-03-29 15:28:11.988554	u/percepti0n-	flusyge	u/BreadPersonChild	fluoglv	C
2020-03-29 15:28:16.735608	u/Oxthecurrymaster	flusypw	u/Sabatage100	flubtu6	C
2020-03-29 15:28:22.218740	u/Blue11Z	flusyx8	u/Grimgrinn	flusvzw	C
2020-03-29 15:28:42.318400	u/pebbul	flut04g	u/Rufousfilly5	flueozg	C
2020-03-29 15:28:56.395861	u/mrfancytophat	flut0gq	u/DeathToTheFalseGods	flurrz2	C
2020-03-29 15:28:59.231111	u/thekkkkiller	flut0l5	u/ManiacZombie69	fltzzmw	C
2020-03-29 15:29:06.467493	u/Skogmen	flut0w6	u/RivenTheAhamkara	flusyuv	C
2020-03-29 15:29:12.196431	u/AlexDragonMaster16	flut14d	u/fualtyzane	flpu5t9	C
2020-03-29 15:29:22.887241	u/MeBrownIndian	flut1tu	u/TheTallestTim	fluonn6	C
2020-03-29 15:29:32.372481	u/nikenotnikey	flut24c	u/ZeAbg	flunayc	C
2020-03-29 15:29:34.392655	u/-Marcellus-	flut2ap	u/BaptistFire	flusihm	C
2020-03-29 15:29:50.320493	u/swiftcataclysm9	flut3cp	u/dittogecko	flskera	C
2020-03-29 15:30:16.066669	u/JayMeadows	flut4g1	u/TheRealMrsMVP	flurex3	C
2020-03-29 15:31:11.056869	u/Phatstache	flut5gt	u/neelis1970	fltvh6m	C
2020-03-29 15:31:19.274056	u/GoryChipmunk475	flut5kn	u/Rufousfilly5	flueozg	C
2020-03-29 15:31:41.820215	u/TeeToy33	flut6er	u/humansizedfruit69	fluar9v	C
2020-03-29 15:31:48.536351	u/caketruck	flut6q6	u/HydrogenFertilizer	flukd04	C
2020-03-29 15:33:42.902877	u/manza5012	flutaqt	u/the1ultimate	flurmlu	C
2020-03-29 15:34:18.579938	u/Thesteelman86	flutcgn	u/LucrativeRook62	fluq8vu	C
2020-03-29 15:34:23.646899	u/Dodis224	flutcvo	u/Tungate17	flu7hb0	C
2020-03-29 15:34:25.792551	u/solidsnake217	flutcz5	u/BobTheCoolRock	flueu5d	C
2020-03-29 15:34:54.832134	u/ClaudiotheButler	flutdya	u/racerfree	flt42dp	C
2020-03-29 15:35:10.778966	u/cocohoneybear	fluuoxz	u/cj_48	flupfpd	C
2020-03-29 15:35:21.084730	u/potatofamine69	fluup5a	u/GibMoneyForMe	flp6rj7	C
2020-03-29 15:35:23.486459	u/EaglezNR	fluup5y	u/Dhyaan_86	fr97xi	S
2020-03-29 15:35:28.164572	u/mayaclaire	fluupac	u/notwesternspy	flupwj3	C
2020-03-29 15:35:44.190718	u/Nibutanii	fluuq3y	u/maybe_a_b0t	flunvcp	C
2020-03-29 15:35:49.074643	u/shoe-car-or-car-shoe	fluuq7s	u/cj_48	flupfpd	C
2020-03-29 15:35:54.377579	u/leafton	fluuqeq	u/mrpampersisgood	fr6745	S
2020-03-29 15:36:00.293888	u/Alecazam09	fluuqt1	u/fricker69420666	flumw04	C
2020-03-29 15:36:02.171770	u/Dries-Eerdekens	fluuqta	u/BaptistFire	fluup0t	C
2020-03-29 15:36:04.957124	u/Sans_Toad	fluuqxl	u/DimPacifist	fluukq1	C
2020-03-29 15:36:09.664020	u/Imaginateur	fluur05	u/ieatICE124	fluumg2	C
2020-03-29 15:36:17.420346	u/alwaysbehard	fluurih	u/XboxAddict05	fludlaf	C
2020-03-29 15:36:41.577297	u/Kypsta2000	fluuscd	u/WallyTheWelder	flue8hf	C
2020-03-29 15:36:51.318074	u/HighPriestessNimue	fluustu	u/bkmangang	fr6igh	S
2020-03-29 15:37:03.730221	u/fazetoiletroll	fluute7	u/TheDarkDragon94	fluk559	C
2020-03-29 15:37:43.460521	u/__cody_	fluuv5f	u/VibraniumDragonborn	fl5nrgn	C
2020-03-29 15:38:35.128637	u/Jpunnett	fluuxh6	u/H_Lister_	fluuea4	C
2020-03-29 15:38:52.399936	u/Youtruke379raid	fluuy8v	u/M3M3L0R3	flu1w6t	C
2020-03-29 15:38:54.164483	u/Enderguy39	fluuya6	u/wolfflow11	flusta6	C
2020-03-29 15:39:31.427971	u/Dell_Arthur_Conagher	fluuypi	u/Maddy_hasleftthechat	flty3pt	C
2020-03-29 15:39:32.722529	u/MultipleFace1	fluuz0x	u/RepostSleuthBot	flur4vn	C
2020-03-29 15:39:39.618134	u/Jbro_MM	fluuzf1	u/-llCerberus-	fluh8sl	C
2020-03-29 15:39:47.900303	u/IHype25	fluv0as	u/DonYourSpoonToRevolt	flupzw6	C
2020-03-29 15:39:56.313033	u/Tobykoro	fluv1dp	u/Plane_n_Boom	fluiz1a	C
2020-03-29 15:39:56.946627	u/spaghet68420	fluv1g1	u/ShadeNLM064pm	flum5ap	C
2020-03-29 15:39:59.735065	u/i_am_a_good_man	fluv1wz	u/toxicHitomain	flus2jw	C
2020-03-29 15:40:00.085307	u/Kohix1	fluv1z0	u/WiteMann	fluupse	C
2020-03-29 15:40:07.473638	u/jeweleryinthesea	fluv223	u/toomuchtACKtical	fluql1p	C
2020-03-29 15:40:25.974272	u/iskamag	fluv2j9	u/bkmangang	flujc5d	C
2020-03-29 15:40:38.096854	u/Reaper465678	fluv31c	u/Deasdros	flulom1	C
2020-03-29 15:41:24.985238	u/Yolo_chicken	fluv4ak	u/tony_thefapmonster	flus8fd	C
2020-03-29 15:42:24.228827	u/EeAaTtTtHhEeRrIiCcHh	fluv6um	u/KittyKat4413	flusnx6	C
2020-03-29 15:43:51.583685	u/Mr_White_Wolf	fluv9m2	u/RepostSleuthBot	flusiy2	C
2020-03-29 15:43:57.471108	u/maxpigs1215	fluv9t9	u/InfinateUniverse	fluluek	C
2020-03-29 15:44:15.575959	u/KrishDude	fluvae0	u/LucrativeRook62	fr8e73	S
2020-03-29 15:45:05.587982	u/velofille	fluvbr2	u/CheeriodudeL45	fluts9n	C
2020-03-29 15:45:28.640977	u/learnyouahaskell	fluvc7e	u/ticehtapAHeretic	fluhrkk	C
2020-03-29 15:45:55.826296	u/CalTCOD	fluvd5w	u/memes_for-the_win	flui2di	C
2020-03-29 15:46:18.905103	u/TheLostCore	fluvdva	u/delete_soul	frbtv1	S
2020-03-29 15:46:44.500482	u/Sinisterr_	fluvf5h	u/InfinateUniverse	fluluek	C
2020-03-29 15:46:51.037848	u/SND01X	fluvf9g	u/ewan57	fluugfi	C
2020-03-29 15:46:54.307830	u/erppa00	fluvfae	u/BigMacle	fluq8dk	C
2020-03-29 15:47:19.685954	u/CaptainArious	fluvg7q	u/_jun_yi_	fltwpu0	C
2020-03-29 15:47:40.325414	u/MarskyP	fluvh0y	u/Usman1285	fltra9p	C
2020-03-29 15:47:57.984281	u/magegirl0117	fluvhx6	u/WizardMan6767	flusrfb	C
2020-03-29 15:48:46.593085	u/Ignasis05	fluvjwi	u/fualtyzane	fluiou4	C
2020-03-29 15:49:08.449502	u/Cplez	fluvkrg	u/Thats_Mafia	fluvjf2	C
2020-03-29 15:49:13.677344	u/gunalkupta	fluvl0z	u/prophetNL	fluryb8	C
2020-03-29 15:49:26.787874	u/K-7412	fluvm34	u/AutoModerator	flu8ilo	C
2020-03-29 15:49:36.673002	u/tihoM_QWERTY	fluvmle	u/WeebFromIIT	fluly9t	C
2020-03-29 15:49:56.870934	u/Huddy_1X	fluvo4x	u/Maddy_hasleftthechat	flty3pt	C
2020-03-29 15:49:58.205553	u/rreid29	fluvo7n	u/redditfag66	fluvez8	C
2020-03-29 15:50:00.235161	u/Ivandelangel499	fluvomw	u/idyllic_dreams	flu60al	C
2020-03-29 15:50:19.008775	u/TheWillOfThauSends	fluvp4d	u/LucrativeRook62	fluq8vu	C
2020-03-29 15:50:21.457886	u/SupIts_Alex	fluvp7i	u/Mega_Mans_Pet_Cat	fluuzoa	C
2020-03-29 15:50:29.947750	u/malyplayz	fluvpkq	u/wet_sandwitch	flut34t	C
2020-03-29 15:50:40.430214	u/tempitheadem	fluvps8	u/SCRU8YDOO	flug2ew	C
2020-03-29 15:50:44.027463	u/NotASerialKiller68	fluvpu5	u/MrSchrot	flutkgk	C
2020-03-29 15:50:51.259742	u/Icua	fluvqaw	u/ImVeryDepressedd	fluj9yt	C
2020-03-29 15:50:53.592970	u/SUBROCK2000	fluvqfj	u/DelioIsGay	flute6c	C
2020-03-29 15:50:58.034459	u/Parkerburkert05	fluvqpo	u/SteliosTh	fltvsts	C
2020-03-29 15:51:38.860999	u/LeksoKesha	fluvrvi	u/L0rdOfBac0n	fluqe2q	C
2020-03-29 15:51:41.218492	u/rickbreadstick	fluvrwc	u/TickleDuckFeathers	flup0ec	C
2020-03-29 15:52:03.714305	u/tiapaola	fluvsku	u/tanishvv	fltvcgh	C
2020-03-29 15:52:15.445935	u/Tobasco-cat622	fluvsw9	u/BeNbUcKToO	fluvk48	C
2020-03-29 15:52:23.953363	u/Dylans-mama	fluvt3f	u/Alexisto15	flau873	C
2020-03-29 15:52:28.860896	u/FlyingSquirelOi	fluvt46	u/AutoModerator	fltykl2	C
2020-03-29 15:52:52.604206	u/OperativeT	fluvtso	u/zender23	fluu4vh	C
2020-03-29 15:53:05.453764	u/Waxwing5	fluvu9z	u/gflo8900	fluvsfl	C
2020-03-29 15:53:21.272311	u/Long-Danzi	fluvv2o	u/Y0lkEgg	fltwbgo	C
2020-03-29 15:53:34.948649	u/9229653t	fluvv8j	u/AutoModerator	fltm4mu	C
2020-03-29 15:53:53.495226	u/8DragonKing8	fluvvst	u/AutoModerator	flufaq4	C
2020-03-29 15:54:18.898540	u/Jcp2020IsDaBest	fluvwdp	u/JayMeadows	flut4g1	C
2020-03-29 15:54:42.698882	u/delta_wow	fluvwyk	u/FHG1220	fluvfon	C
2020-03-29 15:54:57.021976	u/harsh389	fluvxcw	u/tony_thefapmonster	flus8fd	C
2020-03-29 15:56:31.968815	u/PZeroNero	fluw10h	u/nlyz	fluszsr	C
2020-03-29 15:56:58.382355	u/Camra1212	fluw1sf	u/maxpigs1215	fluv9t9	C
2020-03-29 15:57:29.518843	u/Janek102TV	fluw2uy	u/BeNbUcKToO	fluv50l	C
2020-03-29 15:57:44.320615	u/silverclaw07	fluw3hv	u/memes_for-the_win	flui2di	C
2020-03-29 15:57:55.079637	u/Gulle69	fluw431	u/nlyz	flu8xjf	C
2020-03-29 15:58:07.449708	u/pussydestroyer69-	fluw4ym	u/Blixer69	fluvc0b	C
2020-03-29 15:58:14.174468	u/Rattatamj	fluw58d	u/SSBUplayer	fluvuqf	C
2020-03-29 15:58:22.379472	u/NorabLeL	fluw5ip	u/ThiqqMuffin	fluihda	C
2020-03-29 15:58:40.064008	u/VacantThoughts	fluw6iq	u/gilded_squirrel	flukpwk	C
2020-03-29 15:59:30.010267	u/masiiiii	fluw8w6	u/Bogdy_99	fluezpc	C
2020-03-29 15:59:33.311330	u/rickyworthless	fluw9ba	u/CDrocks87	fluqkil	C
2020-03-29 15:59:35.146903	u/Kai-Mystic	fluw9e8	u/NotDaveBut	fluq9ih	C
2020-03-29 15:59:44.600326	u/fabfran99	fluw9zl	u/BryceinReddit	flul60t	C
2020-03-29 15:59:54.835960	u/ArcticNub	fluwafb	u/jicty	flutma4	C
2020-03-29 15:59:57.877586	u/SamsungPassal	fluwavo	u/Jmoney1932	fluimdo	C
