2020-04-16 16:00:27.228539	u/The_GreatestGood	fnm8nhk	u/GravityFallsChicken	fnlwu3o	C
2020-04-16 16:00:33.012425	u/droochly	fnm8npt	u/Fantastic_Ostrich	fnm1n5d	C
2020-04-16 16:00:54.917739	u/jafuli	fnm8o70	u/WoWAluminumMan	fnm5oc1	C
2020-04-16 16:01:00.867321	u/RadeCrow	fnm8ocn	u/Jayzarer	fnk7y5d	C
2020-04-16 16:01:54.522420	u/phoncible	fnm8rdz	u/blitzmeme69	fnlifar	C
2020-04-16 16:03:22.589203	u/JasperkeDM	fnm8um3	u/TrevTrevv99	fnkvjfy	C
2020-04-16 16:03:32.387554	u/redditkelvin	fnm8uyo	u/Jack_Senaviev	fnm7khe	C
2020-04-16 16:03:34.551015	u/Classy_Maggot	fnm8v1g	u/BlueEyesLoliHentai	fnlz6ix	C
2020-04-16 16:04:04.559698	u/Iron_lord_Saladin_	fnm8vvd	u/tdabtm12	fnlodsa	C
2020-04-16 16:05:38.104724	u/pizzarollyay	fnm90hu	u/VesperalThyme93	fnlty79	C
2020-04-16 16:06:02.537222	u/jmastadoug	fnm92h5	u/wouldbeartist	fnm5p8h	C
2020-04-16 16:06:38.954625	u/Dreamtreee	fnm93zd	u/meme_and_draw	fnk3p18	C
2020-04-16 16:06:43.957767	u/Jabarron2019	fnm94aq	u/Kirkito	g2dsrs	S
2020-04-16 16:06:45.841401	u/drakeXtheXsnake	fnm94c4	u/SparkieMark1977	fnm8n8a	C
2020-04-16 16:06:52.420578	u/ooo_shiny_V2	fnm94jl	u/USeRnaME-iS-TaK-	flha91g	C
2020-04-16 16:07:30.041058	u/confusedddaddio	fnm9715	u/Firegames26	fnm8ilw	C
2020-04-16 16:07:32.454498	u/Phoenixhet	fnm97a3	u/Jhqwulw	fnm0a12	C
2020-04-16 16:07:42.936179	u/QuantumFTL	fnm97vq	u/Dudeguy2004	fnksgch	C
2020-04-16 16:07:53.129175	u/Mrloud0603	fnm982m	u/nish4444	fnls0cx	C
2020-04-16 16:08:18.473679	u/TeamDXB	fnm99uf	u/sacrificial_reunion	flafgjk	C
2020-04-16 16:08:36.738291	u/cystemupdate	fnm9be3	u/i_hate_usenames	fnlwtnn	C
2020-04-16 16:08:38.848571	u/pizzaman159	fnm9bf7	u/memer0512	fnlibrr	C
2020-04-16 16:08:42.265594	u/LazarusChild	fnm9bv7	u/sardonicuis	fnm83x7	C
2020-04-16 16:09:20.068427	u/arcnae	fnm9eaw	u/elovamp1re	g2m65e	S
2020-04-16 16:09:24.873305	u/flufferator4000	fnm9ep0	u/vikalp180	fnm53cn	C
2020-04-16 16:09:33.835800	u/Arachidamiae	fnm9f80	u/SNIPERER_3413	fnlsg0r	C
2020-04-16 16:09:59.567176	u/gerbil98	fnm9j0o	u/imyourmomsbull	fnm56x6	C
2020-04-16 16:11:48.122150	u/GallivantGamers	fnm9nxw	u/jackrocks8	fnjsahh	C
2020-04-16 16:11:59.203174	u/SparkdaKirin	fnm9o4n	u/Feetus-Deletus0	fnm3i71	C
2020-04-16 16:13:13.186553	u/moderncomrade	fnm9qqm	u/GrandNagus69	fnlxt68	C
2020-04-16 16:14:32.099681	u/Unknownsadman	fnm9u92	u/elmateeeo	fnm45yq	C
2020-04-16 16:15:59.416745	u/Demongem665	fnm9y2k	u/DoomSlayer115	fnm9wem	C
2020-04-16 16:16:41.551488	u/cj01210	fnma01x	u/Jitf46	fnlz90e	C
2020-04-16 16:17:04.576022	u/dreamer-eggs	fnma0f1	u/suckthesejugscoward	fnm41ft	C
2020-04-16 16:17:24.677706	u/TheKargato	fnma1e0	u/tropkis	fmzqfen	C
2020-04-16 16:17:34.015602	u/previous-curve	fnma1vz	u/VollmitSchoki	fnlz8ks	C
2020-04-16 16:18:51.343166	u/beartrcp	fnma5xu	u/EvilNaziPatriarchist	fnm991i	C
2020-04-16 16:19:08.074244	u/Dolomitex	fnma73v	u/zombiere4	fnlxe5e	C
2020-04-16 16:19:20.763988	u/Lupa319	fnma8ax	u/De5perad0	fnkt83v	C
2020-04-16 16:19:50.000839	u/itachi__7	fnmabrr	u/bruhbruhroblox	fnlk9zt	C
2020-04-16 16:20:12.147585	u/SLAYERRRRRRRRRR666	fnmadlb	u/Loc0_MeXiCaN0	fnm87ov	C
2020-04-16 16:20:39.928236	u/uhmji	fnmaeo8	u/big420daddy69	fnlp7fp	C
2020-04-16 16:21:57.928623	u/jik__	fnmaimj	u/seven-7777	fnm8b3v	C
2020-04-16 16:22:18.322262	u/ineed_somelove	fnmajs6	u/GoldenFennekin	fnmaeip	C
2020-04-16 16:22:23.043047	u/tan_1887	fnmajyx	u/platinum_1212	fnkqnxd	C
2020-04-16 16:22:56.465505	u/herrSpinnen	fnmakqh	u/ancoustic_gweeter	fnm36h9	C
2020-04-16 16:23:15.837695	u/arthurDGZRU	fnmalb2	u/bananakiwi777	fnm8q21	C
2020-04-16 16:23:47.997721	u/Isak0336	fnmamlo	u/vikalp180	fnm53cn	C
2020-04-16 16:24:19.449685	u/DaddyMemeMaster2002	fnmanz8	u/leaderofthevirgins	fnm8pga	C
2020-04-16 16:24:22.783602	u/learn194	fnmao07	u/Marcell1234	fnma02n	C
2020-04-16 16:24:33.654540	u/spaghet3	fnmaogo	u/wc26c4u	fnm9dkl	C
2020-04-16 16:25:18.618509	u/schizopotato	fnmaqz2	u/aPiMpNaMEdSLiCkBaCc	fnliypw	C
2020-04-16 16:25:37.693845	u/prestonfrank480	fnmarm1	u/mister_dead_inside	fnly41p	C
2020-04-16 16:25:49.724034	u/Whaly_Whale	fnmas1r	u/wolfe7722	fnm4apl	C
2020-04-16 16:26:05.366547	u/Flori236	fnmaskc	u/spaghet3	fnmapcb	C
2020-04-16 16:26:07.263124	u/aLostPetRock	fnmasky	u/wc26c4u	fnm9cvh	C
2020-04-16 16:26:11.911895	u/CT-2908	fnmasp9	u/red-potato-salad	fnma0h1	C
2020-04-16 16:27:11.189574	u/Zero_Julio	fnmavg5	u/AppelEnPeer	fnlhr20	C
2020-04-16 16:27:12.983948	u/FelixShitberg	fnmavhx	u/Kenneth_Hughson	fnlm8m9	C
2020-04-16 16:28:09.684255	u/fishandmacandcheese	fnmayjg	u/TNTMASTER_GR	fnljfd4	C
2020-04-16 16:28:22.993313	u/Aanchalchaurasia	fnmaywf	u/ZEN-6009	fnmaeza	C
2020-04-16 16:28:38.425511	u/Mohamad_Al	fnmb043	u/Jhqwulw	fnm0a12	C
2020-04-16 16:29:11.384165	u/Socially_Odd260	fnmb2uk	u/KillaMG97	fnmaxec	C
2020-04-16 16:29:17.564813	u/N_MANTV	fnmb3dz	u/gage_legrand	fnm8jzk	C
2020-04-16 16:29:24.360603	u/TheDiamondEmerald01	fnmb3uy	u/thebigflo69	fnmazt2	C
2020-04-16 16:29:41.502617	u/Jade92918	fnmb59m	u/hiimfunny_1	fnliawk	C
2020-04-16 16:29:50.533241	u/boi41970	fnmb6a8	u/TheDiamondEmerald01	fnmb3uy	C
2020-04-16 16:30:32.261169	u/lu_j	fnmb81v	u/casablancas90	fnlx9hj	C
2020-04-16 16:31:04.963140	u/bentheripper11	fnmb8pd	u/boi41970	fnmb6a8	C
2020-04-16 16:31:18.751989	u/crabbycreeper	fnmb92w	u/recistrepist	fnlszus	C
2020-04-16 16:31:43.863723	u/Pastoraitis	fnmbafr	u/strgzn	fnlh5yu	C
2020-04-16 16:32:04.376266	u/Kuehlschrank88	fnmbbar	u/BrozoTheClown26	fnlj171	C
2020-04-16 16:32:07.249426	u/brobotmaster26	fnmbbg3	u/limones4K	g2d688	S
2020-04-16 16:32:29.838464	u/Rudomekato	fnmbcir	u/enissay2	fnmb1up	C
2020-04-16 16:33:00.121791	u/roboanubhab	fnmbdlc	u/mea_monte	fnmahq9	C
2020-04-16 16:33:06.071408	u/Argentenuem	fnmbdrq	u/Azrael_Fornivald	fnlwokp	C
2020-04-16 16:33:13.244164	u/JeepersRubicorn	fnmbdxj	u/Pyro_Maniack	fnm1u28	C
2020-04-16 16:33:32.366562	u/elhguh	fnmbel5	u/Us3rnam3_1018	fnm76jh	C
2020-04-16 16:33:48.612598	u/TotallyDisciple	fnmbf9x	u/AutoModerator	fnmbcwi	C
2020-04-16 16:34:05.357364	u/Tytucker	fnmbg8i	u/TheAvalanchilator	fnlpipy	C
2020-04-16 16:34:26.509529	u/Embrav	fnmbhmw	u/samuelprouse	fnmav6t	C
2020-04-16 16:34:53.197690	u/GoldGymCardioWorkout	fnmbilq	u/flappybumbum24	fnl82mz	C
2020-04-16 16:35:12.543513	u/FelipeReborn	fnmbj6x	u/wc26c4u	fnm9cvh	C
2020-04-16 16:36:13.716151	u/kxpler	fnmbm3e	u/i_hate_usenames	fnmbdtb	C
2020-04-16 16:38:04.853695	u/TheFirstDimenzion	fnmdcf4	u/Comrade_Yodama	fnmdbhf	C
2020-04-16 16:39:06.877745	u/kamihaze	fnmdezu	u/GaySupremacy6	fnlot58	C
2020-04-16 16:39:43.745499	u/modsisgaylmao	fnmdihn	u/SelenityMoon	fnls23c	C
2020-04-16 16:39:59.951616	u/Stevehol1	fnmdkj3	u/Saqiillies	fnlqz6v	C
2020-04-16 16:40:54.158685	u/Subssies	fnmdmty	u/GeorgeBra0	fnmbcud	C
2020-04-16 16:41:02.609105	u/PR0CR45T184T0R	fnmdmy0	u/benhxmes	fnmdil7	C
2020-04-16 16:41:32.653627	u/rayg1	fnmdns0	u/Antwriterdragon	fnmcrlg	C
2020-04-16 16:41:37.652879	u/mytra4	fnmdnyo	u/kirsten1234	fnh359q	C
2020-04-16 16:42:01.564582	u/1in7billion_	fnmdooq	u/Smiec_Lodka_Lad	fnmbaag	C
2020-04-16 16:42:24.401438	u/mikehipp	fnmdoz0	u/LennyTheLegendary	fnm5n46	C
2020-04-16 16:42:33.911883	u/tlontb	fnmdpke	u/benhxmes	fnmdil7	C
2020-04-16 16:44:00.479498	u/_not_quite_dead_yet_	fnmdsu1	u/letsgetthismfbread12	fnm2tvv	C
2020-04-16 16:44:35.783550	u/Aledgpeur	fnmdtr8	u/heyguysitsbrian	fnmcly8	C
2020-04-16 16:44:44.354481	u/CyndaquilTyphlosion	fnmdu0l	u/demons-yelling	fnl9ggh	C
2020-04-16 16:45:00.319044	u/cylonallaround	fnmdufy	u/TheGlonkest	fnmbvf5	C
2020-04-16 16:45:27.408226	u/mrmike010	fnmdvfn	u/JJLee49	fnmcjjo	C
2020-04-16 16:45:30.256123	u/yo-peno	fnmdvla	u/DarthAlons	fnm83a4	C
2020-04-16 16:45:57.201769	u/Berson129	fnmdwdv	u/Antwriterdragon	fnmcrlg	C
2020-04-16 16:46:44.287982	u/Elshter	fnmdxwy	u/Llyran-Noble	fnlfnmq	C
2020-04-16 16:47:28.840168	u/devenswasrobbed38	fnmdzwd	u/GaySupremacy6	fnlot58	C
2020-04-16 16:48:28.865427	u/Ghassen_Xd78	fnme39z	u/bananakiwi777	fnm8q21	C
2020-04-16 16:48:50.878074	u/MillenniumGreed	fnme4j8	u/IssaSneakySnek	fnm2501	C
2020-04-16 16:48:57.611988	u/GarrisonFjord	fnme4td	u/Dandrew98	fnl2aep	C
2020-04-16 16:49:30.622368	u/fluffyterrorist	fnme6n3	u/percival1122	g2m2dv	S
2020-04-16 16:49:33.875959	u/blarfsnerb	fnme6tp	u/That_dude_from_India	fnlt254	C
2020-04-16 16:49:45.396393	u/eyal100	fnme7we	u/_zero_gravity	fnm1wda	C
2020-04-16 16:53:08.855174	u/CloudPink	fnmegfe	u/memes-69-420	fl2l921	C
2020-04-16 16:53:16.818400	u/LithuanianDrugDealer	fnmeh38	u/GUTSY-69	fnkpdym	C
2020-04-16 16:53:58.821815	u/The-New-Kid54	fnmeij7	u/wholesome-Dude	fnmeahg	C
2020-04-16 16:54:33.541522	u/Traumatized-Cookiez	fnmeka9	u/StarManOMG	fnm78iw	C
2020-04-16 16:54:58.681730	u/sleepymoonlight	fnmel52	u/blitzmeme69	fnlifar	C
2020-04-16 16:55:14.064371	u/Training_Civ_Pilot	fnmeluw	u/ai_to_do_reCAPTCHAs	fnm3whp	C
2020-04-16 16:55:19.103120	u/Deadguyintree	fnmelyc	u/elskidaadleskidoodle	g2dihn	S
2020-04-16 16:55:51.808756	u/jimmycrispin4851	fnmen8a	u/xX_Creeper_Aw_Man_Xx	fnltmnb	C
2020-04-16 16:56:16.221314	u/loreslittlevoice	fnmeo9n	u/Gebieter33	fnmdzd3	C
2020-04-16 16:57:40.494374	u/Ad4mantite	fnmercx	u/JeepersRubicorn	fnme5lc	C
2020-04-16 16:58:11.625586	u/Flowers1116	fnmetqt	u/ConjureSlade	fnmcbud	C
2020-04-16 16:59:08.623683	u/M1cha4lZ	fnmex0x	u/Papi_T_69	fnmep6w	C
2020-04-16 16:59:26.569766	u/Sync___	fnmey1q	u/BobaBean18	fnlkahv	C
2020-04-16 16:59:30.345382	u/nobecauseyes	fnmeycc	u/tunnel_snakes_Steven	fnmdju3	C
2020-04-16 16:59:32.947512	u/me_whoelse	fnmeyeb	u/DaMastarOfZaBate	fnmejoq	C
2020-04-16 16:59:41.119985	u/MeepMopMrMan	fnmeyzx	u/Parm11	fnm0qmj	C
2020-04-16 16:59:42.546341	u/is_thisthekrustycrab	fnmez2q	u/-HiHi1212-	fnlv5rv	C
