2020-03-24 16:00:32.674751	u/volstansifer	fle9bw1	u/modsarebiggae	fle8vqc	C
2020-03-24 16:01:10.019110	u/TheReal-DannyP	fle9cti	u/i_ate_grandpa	fle6k49	C
2020-03-24 16:01:18.293437	u/frustratedITSupport	fle9d3k	u/YinuSWinneR	fle9bkr	C
2020-03-24 16:01:20.648357	u/that-one-weird-chick	fle9d6z	u/SaltedPuss	fle54ak	C
2020-03-24 16:01:22.940200	u/weltisepic	fle9d83	u/Runicyeets	fldserq	C
2020-03-24 16:01:31.018468	u/Bubblesandguns	fle9dhb	u/RepostSleuthBot	fle90xy	C
2020-03-24 16:01:38.256712	u/-day-dreamer-	fle9dnn	u/-IvM-PhyonesArc	fl7p74x	C
2020-03-24 16:01:40.571632	u/Johnny_Slayz	fle9dqw	u/PlatypusHunter00102	fldm3po	C
2020-03-24 16:01:46.831197	u/pedroktp	fle9dtn	u/nonutrinobuissness	fle2vxh	C
2020-03-24 16:01:57.415596	u/meme_elias132d	fle9e4t	u/trashboatthagod	fldux2p	C
2020-03-24 16:02:22.278695	u/oliver-t8002	fle9ew4	u/dovedevic	fl2izeo	C
2020-03-24 16:02:25.692795	u/NOOB_MASTER_696	fle9ewv	u/starfang77	fle091d	C
2020-03-24 16:02:30.219311	u/yaboiialia	fle9f0n	u/ZebraPopcorn94	fldsu7q	C
2020-03-24 16:02:42.584453	u/Cocoabean271	fle9f9f	u/snapchat-funny	fld1wp7	C
2020-03-24 16:03:04.112915	u/virus2xl0	fle9fvv	u/RepostSleuthBot	fld6lhb	C
2020-03-24 16:03:42.911762	u/bola21	fle9gv7	u/Potatotheooflord	fl5ewkn	C
2020-03-24 16:03:57.011403	u/TheButcherAusNorth	fle9h9m	u/nosmokingalcholol	fldxqyp	C
2020-03-24 16:04:35.068595	u/Rekkas1996	fle9i5n	u/Kfuf	fle98ue	C
2020-03-24 16:04:37.153366	u/SkepticalPsycho-naut	fle9i5s	u/matheussanthiago	flds6qn	C
2020-03-24 16:05:40.322415	u/Aymen_20	fle9k4p	u/Kind-Pop	fl3zlqu	C
2020-03-24 16:05:42.297551	u/Espurranza	fle9k4u	u/Elolet	fldtmv6	C
2020-03-24 16:05:54.346373	u/SAITAMA2O	fle9kw5	u/Reconjuror	fle9cb2	C
2020-03-24 16:05:59.392984	u/lucavanmierlo	fle9l2j	u/Reconjuror	fle9cb2	C
2020-03-24 16:06:05.964366	u/powereeli	fle9lgr	u/-Lemon-Boi-	fle7nqv	C
2020-03-24 16:06:08.773455	u/volcanic_oreo	fle9lm8	u/LilTimmy123456789	fle50qy	C
2020-03-24 16:06:13.212095	u/kushjeti900	fle9lnz	u/itsfreerealestate99	fo3kxq	S
2020-03-24 16:06:31.435629	u/commontrashfire	fle9mmn	u/Vaeon	fld9q26	C
2020-03-24 16:06:39.149254	u/Samuraisword69	fle9mzf	u/Crafty_Benjo	fldn5o3	C
2020-03-24 16:06:41.934512	u/combustionman12	fle9n73	u/IMG_TurboRio	fle7zyy	C
2020-03-24 16:06:56.239817	u/Curiosity-Nola	fle9np6	u/snivillian	fle0nax	C
2020-03-24 16:07:08.604989	u/rBV7	fle9o6i	u/Gorogorgo-chan	fldvz22	C
2020-03-24 16:07:10.342308	u/M0mC0meP1ckMeUp	fle9o9s	u/starfang77	fle091d	C
2020-03-24 16:07:30.922619	u/imperialtopaz09	fle9pg0	u/H20Dev	flbljoa	C
2020-03-24 16:07:37.149002	u/Marcologgia	fle9pj1	u/Somerando68	fle7w52	C
2020-03-24 16:07:42.795501	u/Jayt988	fle9prr	u/WAT_an_ABSOLUTE_unit	fldvn0x	C
2020-03-24 16:07:53.095241	u/fasrwarrior2644	fle9qdf	u/MentalWaternelon	fle8yk0	C
2020-03-24 16:08:23.679193	u/bruno_desu	fle9rpu	u/CurfBoi	fle78en	C
2020-03-24 16:08:25.231242	u/IlNomeUtenteDeve	fle9rr8	u/DrewDaBom	fle4s84	C
2020-03-24 16:08:42.576660	u/imimformal	fle9s8b	u/Oliver_Armstrong	fldkmqm	C
2020-03-24 16:08:51.270683	u/msaliaser	fle9sos	u/Evangelionlovr	fldxawk	C
2020-03-24 16:09:06.090237	u/thanis_jpg11	fle9ti2	u/TheOneTEM	fle5kx7	C
2020-03-24 16:09:12.225000	u/zawarudoe	fle9tqv	u/AdityaKuliyal1127	fle4ye7	C
2020-03-24 16:09:13.804816	u/eiteapohhka	fle9tuv	u/XoFiT	fle1wqu	C
2020-03-24 16:09:16.641716	u/Mateo64Crack	fle9u5d	u/Notthatguyyoubanned	flducr8	C
2020-03-24 16:09:27.253449	u/Mateo64Crack	fle9ugb	u/Notthatguyyoubanned	flducr8	C
2020-03-24 16:09:31.154192	u/psychosister50	fle9v1f	u/Topiz2000	fle6a3y	C
2020-03-24 16:09:41.389024	u/nothanks_8	fle9w05	u/BORORORI	fle3mpm	C
2020-03-24 16:09:44.773477	u/Jtwowed	fle9wcb	u/oofboi100	fle4w7s	C
2020-03-24 16:09:54.695948	u/thewretched668	fle9xl6	u/Lord_Grim_I3	fldshdr	C
2020-03-24 16:09:59.739137	u/Genghis-Ganj-420	fle9xyy	u/miggle44	fle94gm	C
2020-03-24 16:10:09.527082	u/CelestialThestral	fle9ygj	u/RepostSleuthBot	fle5wqh	C
2020-03-24 16:10:16.530741	u/xd_theBuddy	fle9ym0	u/Nugget_The_Thing	fle9r1w	C
2020-03-24 16:10:20.114026	u/Bigladjosh69	fle9ymi	u/Reconjuror	fle9cb2	C
2020-03-24 16:10:27.518820	u/scantron609	fle9zda	u/xLacerate	fldsnhq	C
2020-03-24 16:10:33.744739	u/wIrEdEaRbUdS	fle9zho	u/farmon321	fldrohc	C
2020-03-24 16:10:49.510198	u/benjocaz	flea045	u/roasted_0reo	fle7qmr	C
2020-03-24 16:10:52.020632	u/xd_theBuddy	flea06v	u/xd_theBuddy	fle9ym0	C
2020-03-24 16:11:00.403633	u/MrDuckling69	flea0ch	u/delete_my_comment	fle0hy5	C
2020-03-24 16:11:04.332116	u/wIrEdEaRbUdS	flea0fw	u/Korblox521	fle3149	C
2020-03-24 16:11:25.697359	u/Rozeolifant1	flea12f	u/oddperson_43	fle4e31	C
2020-03-24 16:11:39.600518	u/wIrEdEaRbUdS	flea1mq	u/Yucci_Kloe	fldp7rd	C
2020-03-24 16:11:41.866756	u/lifespain911	flea1nq	u/Reconjuror	fle9cb2	C
2020-03-24 16:11:50.481893	u/ohcaptain_my-captain	flea1xp	u/AutoModerator	fle9zvt	C
2020-03-24 16:12:11.357161	u/Berleeen	flea2mp	u/Magpiestronkperson	fld7hi0	C
2020-03-24 16:12:54.693940	u/1kingz	flea449	u/E4R04	fldb59w	C
2020-03-24 16:12:59.060802	u/antarctica-gun-laws	flea46h	u/Oofsworth	fle5lnd	C
2020-03-24 16:13:02.236313	u/jacknackbackpack	flea472	u/NekoNekoNiiii	fldp2k5	C
2020-03-24 16:13:22.830712	u/EmeraldThePro12	flea4uy	u/Leviathan271	fo5d8a	S
2020-03-24 16:13:42.450614	u/tomatoaway	flea5qd	u/elsa_prissa	fldsesz	C
2020-03-24 16:13:51.409431	u/sigharewedoneyet	flea624	u/TritonT96	fldht02	C
2020-03-24 16:14:02.374793	u/zorgnut11	flea6wo	u/Ted_Furgeson	fldbqhy	C
2020-03-24 16:14:11.215576	u/Its_The_Ham_Burglar	flea771	u/mega-oood	fle4uti	C
2020-03-24 16:14:17.949434	u/RRRandoms	flea7eg	u/leksp99	fle81yx	C
2020-03-24 16:14:33.915592	u/Homeworkhate	flea7tq	u/Not-a-master69	fle3rsl	C
2020-03-24 16:14:38.061005	u/rtfdpib	flea7uw	u/HIROGO	flde4cm	C
2020-03-24 16:14:44.217035	u/MEGA-DOM	flea85i	u/Sword_Horse	fle82oa	C
2020-03-24 16:14:46.319348	u/Kenneth_Hughson	flea899	u/Reconjuror	fle9cb2	C
2020-03-24 16:14:51.349096	u/ruski-xaxa	flea8jg	u/ThiccDucksAndBooks	flea3qx	C
2020-03-24 16:15:01.910164	u/airbournejt95	flea90a	u/TheSnootBooper24	fle0656	C
2020-03-24 16:15:03.934291	u/Isolatedcow	flea90w	u/Signal-Attitude	fldoihd	C
2020-03-24 16:15:13.202242	u/Mr_Green2178	flea9e2	u/TheTurtleGuy17	fle8k16	C
2020-03-24 16:15:36.688624	u/FireFoxx_55	fleaalv	u/seductive_virgin	flea4in	C
2020-03-24 16:15:39.709093	u/uglybabyboyman	fleaan2	u/mysticwarrior222	fld7zcc	C
2020-03-24 16:15:45.568440	u/CheezGaming	fleaatu	u/ToastyButtSlices	flea7wv	C
2020-03-24 16:15:52.455405	u/OG_Chickenwing	fleab2j	u/AutoModerator	fld60ny	C
2020-03-24 16:15:56.590454	u/ghueber	fleab50	u/7hbag	fld4hbd	C
2020-03-24 16:16:09.597236	u/uarguingwatroll	fleabn6	u/Soooose	fld2erw	C
2020-03-24 16:16:23.990828	u/Raketecom	fleac79	u/goshin89	fldsq3a	C
2020-03-24 16:16:36.289197	u/joshywaa554-music	fleactd	u/SphericalLobster	fldtmye	C
2020-03-24 16:16:51.347337	u/ahmadz23	fleadbo	u/AutoModerator	fle9g33	C
2020-03-24 16:16:57.747475	u/JanTheManBoy	fleadgr	u/CheezGaming	flea3tj	C
2020-03-24 16:17:01.323227	u/Stacato_	fleadj3	u/RepostSleuthBot	fle6hv0	C
2020-03-24 16:17:04.129681	u/Juustomakarooni	fleadm1	u/bkmangang	flea7yc	C
2020-03-24 16:17:16.830659	u/Zentier5401	fleadzv	u/69Th0Ts	fle6xil	C
2020-03-24 16:17:24.251162	u/luckilynumber7	fleae9j	u/pedroktp	fle93bx	C
2020-03-24 16:17:26.808143	u/BIG-BOIQS	fleaebo	u/AutoModerator	flcwogx	C
2020-03-24 16:17:29.799757	u/MaineRNguy	fleaein	u/ToastyButtSlices	fleaaw9	C
2020-03-24 16:17:46.881105	u/luckilynumber7	fleafmd	u/luckilynumber7	fleae9j	C
2020-03-24 16:17:50.455130	u/EivindMK	fleafqv	u/roasted_0reo	fle7h5w	C
2020-03-24 16:17:53.854845	u/to01-2005	fleafyz	u/DiverseHaddock5	fl6jpsv	C
2020-03-24 16:17:55.515643	u/ChickenSoupOfficial	fleag1s	u/AutoModerator	fldgsc0	C
2020-03-24 16:18:19.626524	u/NeedleInAField	fleah6l	u/RepostSleuthBot	fld6lhb	C
2020-03-24 16:18:27.350437	u/staazles64	fleahf2	u/Reconjuror	fle9cb2	C
2020-03-24 16:18:28.953459	u/El_Zarco	fleahhr	u/RRRandoms	flea7eg	C
2020-03-24 16:18:31.267981	u/Mys7eri0	fleahka	u/muradzz	fle9ymc	C
2020-03-24 16:18:32.675051	u/ShrekIsHotAF	fleahqr	u/GAMERCHAT78	fktlm06	C
2020-03-24 16:18:38.200977	u/User_Remington	fleai7v	u/HecateAthena	fle7o1i	C
2020-03-24 16:18:42.042050	u/Jenger5	fleaies	u/muradzz	fle9ymc	C
2020-03-24 16:18:45.477369	u/shabalabapingdong	fleain3	u/Zelderian	fle3c63	C
2020-03-24 16:19:05.758618	u/RohnekKdosi	fleak5k	u/psychosister50	fle9fwx	C
2020-03-24 16:19:13.138493	u/Karlyator	fleal0t	u/daddypig31	fle1wmq	C
2020-03-24 16:19:24.295221	u/GrindinLikeAHoe	flealmq	u/benjocaz	fleai37	C
2020-03-24 16:19:25.475906	u/jr88fan	flealo7	u/CheeseVitamins	fldn7qi	C
2020-03-24 16:19:26.667807	u/Ragnar109	flealpg	u/GRIZZ-LEMON	fle4lhn	C
2020-03-24 16:19:37.686823	u/totorocheese	fleamsv	u/XykronDevil	fle1xnp	C
2020-03-24 16:19:42.954010	u/Just_a_log	flean3v	u/TinCupTan	fle49fj	C
2020-03-24 16:19:47.843706	u/fazenotryan	fleangl	u/RepostSleuthBot	fle18n7	C
2020-03-24 16:19:53.529046	u/NOOTANX	fleanry	u/Genghis-Ganj-420	fle9xyy	C
2020-03-24 16:19:57.332076	u/fazenotryan	fleao7w	u/RepostSleuthBot	fldrcpw	C
2020-03-24 16:19:57.727819	u/reddit-user696969	fleao8n	u/The_Radioactive_Rat	fldzart	C
2020-03-24 16:19:58.207781	u/E_x_0_d_u_s	fleaobz	u/Reconjuror	fle9cb2	C
2020-03-24 16:19:58.658714	u/TheRealRazematazz	fleaoha	u/GreatThodric	fle5db2	C
2020-03-24 16:20:36.379553	u/Wagwan1012	fleaqea	u/The_Bread_is_Dead	fle3er8	C
2020-03-24 16:20:38.741116	u/DontTouchMePlease666	fleaqf5	u/matheussanthiago	fldzrx7	C
2020-03-24 16:21:16.934790	u/Ez410	flearuh	u/CurfBoi	fle073c	C
2020-03-24 16:21:22.780156	u/GuyWhoEditsTemplates	flearvg	u/kind_stranger69420	fldgli7	C
2020-03-24 16:21:26.294866	u/613cyy	fleas4g	u/mysticwarrior222	fld7zcc	C
2020-03-24 16:21:56.788055	u/positivegrapes	fleat9j	u/The-Redditor-Sir-Nap	fldp7du	C
2020-03-24 16:22:05.625375	u/jamboy1255	fleate9	u/me_is_god123	fo5bx4	S
2020-03-24 16:22:33.702138	u/LaughAndDeath	fleau91	u/mysticwarrior222	fldmkb8	C
2020-03-24 16:22:38.222496	u/Tjk50932	fleaubd	u/TheHistroynerd	flddmnv	C
2020-03-24 16:23:13.149495	u/pakko12	fleavtj	u/GRIZZ-LEMON	fle7vu4	C
2020-03-24 16:23:42.323952	u/Dattebaso	fleawrq	u/EivindMK	fleab9p	C
2020-03-24 16:23:48.785569	u/OneOfMultipleKinds	fleawxy	u/AdityaKuliyal1127	fle4ye7	C
2020-03-24 16:23:55.296884	u/S3simulation	fleax2d	u/Read_It_Kill_Me_Pls	fle5yv7	C
2020-03-24 16:23:58.537156	u/69guitass	fleax4h	u/Milky_Fetus_69	fleauhr	C
2020-03-24 16:24:00.689760	u/Whirleyb1rd	fleaxcg	u/QuickrThanYou	flduie0	C
2020-03-24 16:24:04.035502	u/Fifirouge	fleaxjo	u/moonmanchild	fle8q7b	C
2020-03-24 16:24:10.327724	u/69guitass	fleay20	u/Milky_Fetus_69	fleauhr	C
2020-03-24 16:24:35.478817	u/GuyThatHasReddit	fleaz6d	u/B4N35P1R17	fl99dio	C
2020-03-24 16:24:44.076450	u/Mrfbiman11	fleazmx	u/RepostSleuthBot	fleacx4	C
2020-03-24 16:24:52.388137	u/MaeganMcD	fleazw4	u/layeeeeet	fleaonr	C
2020-03-24 16:25:07.386664	u/manos-de-bebe	fleb0cy	u/IMG_TurboRio	fle5q9a	C
2020-03-24 16:25:31.819539	u/lankyladle	fleb1aa	u/ireallywanttogiveup	fleawvz	C
2020-03-24 16:25:36.598131	u/aphfug	fleb1l5	u/ireallywanttogiveup	fleawvz	C
2020-03-24 16:26:00.540472	u/kirishima195	fleb29q	u/NOOTANX	fleanry	C
2020-03-24 16:26:48.911828	u/Elite__yeet	fleb52w	u/YinuSWinneR	fle9t71	C
2020-03-24 16:26:53.020300	u/JansenMCCuber	fleb559	u/Previous-Government	fldzknk	C
2020-03-24 16:27:38.816744	u/Hooperwe	fleb6vo	u/Evangelionlovr	fle90xz	C
2020-03-24 16:28:03.691875	u/whitepuzzle	fleb7y5	u/BuffooneryAccord	fldp3cw	C
2020-03-24 16:28:08.249583	u/trutoro	fleb87j	u/Snininja1	fleb5hx	C
2020-03-24 16:28:11.920974	u/_Ender_Testicle_	fleb8gx	u/JanTheManBoy	fleauqq	C
2020-03-24 16:28:25.565605	u/bendcomedy	fleb9ge	u/Evolution-is-a-fact	fleaw8s	C
2020-03-24 16:28:33.842914	u/AlbertP3	fleb9u2	u/RRRandoms	fleb5em	C
2020-03-24 16:28:41.080983	u/gimme_the_sauce69	fleb9z0	u/aphfug	fleb1l5	C
2020-03-24 16:28:44.415559	u/Gergo3232	fleba3v	u/Jarvis_the_2nd	fldxgfa	C
2020-03-24 16:28:53.547397	u/Slimegamz37	flebamd	u/JeremyBlackGlade	flear37	C
2020-03-24 16:29:05.457596	u/bonniecantsleep	flebbd4	u/TexacanLit	flbntxk	C
2020-03-24 16:29:10.832886	u/trutoro	flebbl1	u/Snininja1	fleb9x7	C
2020-03-24 16:29:25.587076	u/lukbenos	flebcpd	u/scps53770	fleap3f	C
2020-03-24 16:29:38.694081	u/A_Little_Ratt	flebdoj	u/S3simulation	fleax2d	C
2020-03-24 16:29:40.029816	u/humanbeingnumber1	flebdqv	u/trashboatthagod	flduzlm	C
2020-03-24 16:29:41.263394	u/Neveljack	flebdv5	u/RepostSleuthBot	fld6lhb	C
2020-03-24 16:29:48.390294	u/costi810	flebeih	u/daweebishere	fldljrd	C
2020-03-24 16:29:53.510150	u/FriendlyQuesadilla	flebewa	u/Tru_Drone_Videos	flebdgh	C
2020-03-24 16:29:55.136578	u/andy_was_here	flebf1h	u/Mikeythecrazy	fle3vkl	C
2020-03-24 16:29:58.971560	u/Tommy_Nightmare	flebfpi	u/lukbenos	flebcpd	C
2020-03-24 16:30:02.446169	u/ThetaSigma93	flebfvg	u/Daddy__Boi	fldsuv2	C
2020-03-24 16:30:24.765321	u/Plug-in-Plug-out	flebgo3	u/jaydenl803	fldfiyp	C
2020-03-24 16:30:30.580171	u/AdvanturePie	flebgpz	u/Gubq	fl5lyk4	C
2020-03-24 16:30:56.315324	u/milestheguy	flebhdi	u/A_rutard3d007	fle4wah	C
2020-03-24 16:31:07.347009	u/S3thSqu4tch	flebhp5	u/Screamingbanana23	fle4ogw	C
2020-03-24 16:31:26.744541	u/TacTurtle	flebi8w	u/ComputerNerd4579	flebf8i	C
2020-03-24 16:31:33.802658	u/WikiTextBot	flebigx	u/TacTurtle	flebi8w	C
2020-03-24 16:32:08.917540	u/Matheus_MSP	flebje3	u/losttachyon	flc8j29	C
2020-03-24 16:32:12.464958	u/V0pT	flebjkd	u/Dave30954	fle8gbc	C
2020-03-24 16:32:49.881854	u/Isimixen	flebks2	u/Defendo99	fldxzrv	C
2020-03-24 16:32:59.070540	u/DothStroke	flebl5g	u/The_ModernCrusader	fldw36s	C
2020-03-24 16:33:05.244617	u/tumatos8	fleblhs	u/Dave30954	flebken	C
2020-03-24 16:33:18.443864	u/saltiiiii	fleblxc	u/hoosierdaddyhoney	fl6hpoq	C
2020-03-24 16:33:29.318713	u/TardDas	flebme8	u/RepostSleuthBot	fle18n7	C
2020-03-24 16:33:39.214336	u/popularoverlord	flebmsf	u/DrewDaBom	fle4s84	C
2020-03-24 16:33:49.914570	u/Grim-Ghost	flebmzr	u/Unknownghost17	fle76ld	C
2020-03-24 16:34:11.281106	u/Duck-Boy-	flebnfy	u/RepostSleuthBot	flcv4uw	C
2020-03-24 16:34:17.577546	u/tumatos8	flebnld	u/Dave30954	flebken	C
2020-03-24 16:34:19.581463	u/TardDas	flebno1	u/Yeetblep	fldz1ap	C
2020-03-24 16:34:42.413350	u/mohamble	flebohb	u/Champi0n_Virus	fdlcnpb	C
2020-03-24 16:34:58.153000	u/_DarkAnxiety	flebpbg	u/frustratedITSupport	fle7yay	C
2020-03-24 16:35:23.191901	u/Synoxal	flebpsx	u/dishwasher23	flebiy2	C
2020-03-24 16:35:29.264525	u/trashwang0	flebq1d	u/Alpha_Motez	fle3mod	C
2020-03-24 16:36:17.044308	u/FBI-01	flebsfg	u/ZeMedicMain	fle987u	C
2020-03-24 16:36:54.466235	u/hollow1367	flebu06	u/BuffooneryAccord	fldp3cw	C
2020-03-24 16:36:57.124741	u/BadWithMeme	flebu3m	u/Majestic_Cactus_	flayt3i	C
2020-03-24 16:37:13.535807	u/Westdrache	flebv73	u/InsaneBulks	fleb64w	C
2020-03-24 16:37:24.619365	u/agurkius	flebvxj	u/INeedAUsernamePlspls	flebo37	C
2020-03-24 16:37:42.489144	u/King_Louis_X	flebwz8	u/Elolet	fle7kzo	C
2020-03-24 16:37:46.743773	u/levelup_jar	flebx6i	u/roasted_0reo	flebh16	C
2020-03-24 16:37:53.478084	u/birthdaypig	flebxjq	u/watwatwato	flebo8m	C
2020-03-24 16:38:02.088578	u/PSVA	flebxvv	u/Zentier5401	fleadzv	C
2020-03-24 16:38:03.695728	u/annalfish	flebxyg	u/mysticwarrior222	fldmkb8	C
2020-03-24 16:38:14.720336	u/Brrrruce	flebydj	u/AutoModerator	fle8pkh	C
2020-03-24 16:38:36.107446	u/JamesBoA	flebz9j	u/L_ryuzaki_L	fle999a	C
2020-03-24 16:38:45.575143	u/StonksNewGroove	flebzpp	u/colt_master96	fleb56z	C
2020-03-24 16:38:47.005524	u/zakon_	flebzrk	u/Previous-Government	fldzt71	C
2020-03-24 16:39:00.519389	u/aegis94	flec0ux	u/Karlthechilldude	fldanvs	C
2020-03-24 16:39:10.199593	u/Rogue_redditz	flec190	u/that-one-weird-chick	fle9d6z	C
2020-03-24 16:39:19.233447	u/Nether_L	flec22e	u/Dank_degree	flebw6u	C
2020-03-24 16:39:26.834640	u/Sebsla	flec2q2	u/xTudorxX	fle6qvl	C
2020-03-24 16:39:45.223352	u/PeterLustiger69	flec4ec	u/mysticwarrior222	fldmkb8	C
2020-03-24 16:40:07.238878	u/OrestesK	flec62d	u/mysticwarrior222	fldo91w	C
2020-03-24 16:40:09.687169	u/idt2	flec63a	u/mysticwarrior222	fldnoyl	C
2020-03-24 16:40:41.648982	u/CheetosKing12	flec7s6	u/katiekat9129	fleb8su	C
2020-03-24 16:40:50.397514	u/I_am_Scuba_Steve	flec7wh	u/Jeynarl	fldcth5	C
2020-03-24 16:40:52.775867	u/imabrocoli	flec7y7	u/1shotofdepressino	fldxice	C
2020-03-24 16:41:28.587088	u/Gjallar-Knight	flec8pa	u/gimme_the_sauce69	fleb9z0	C
2020-03-24 16:41:33.018279	u/bignate-_-	flec8vl	u/HerbOverkill	flebsco	C
2020-03-24 16:41:52.345346	u/gamersweatdrinker	flec9vg	u/poris1991	fld7xrc	C
2020-03-24 16:41:55.867266	u/izz123456	fleca09	u/AutoModerator	fle7eor	C
2020-03-24 16:42:00.588945	u/bignate-_-	fleca5o	u/Ciocalatta	fleats8	C
2020-03-24 16:42:23.526814	u/QuackSenior	flecb91	u/Breadfruit123	fle4t7d	C
2020-03-24 16:42:27.040869	u/Michael_here520	flecbdb	u/CpTKugelHagel	fle5kgi	C
2020-03-24 16:42:56.474779	u/Gooey-Nanners	flecc3n	u/RepostSleuthBot	flec04s	C
2020-03-24 16:43:04.477059	u/ImRlySmol	fledwqn	u/AeonReign	fledjth	C
2020-03-24 16:43:17.518123	u/ImKindaCool123	fledx8j	u/Jace1120	fle35sf	C
2020-03-24 16:43:33.374785	u/Fishy-wizard	fledxlg	u/RepostSleuthBot	flebcp6	C
2020-03-24 16:43:39.181637	u/Gragaten	fledxqg	u/_Milosev	fledc6l	C
2020-03-24 16:43:42.438365	u/Existence274	fledxts	u/MasterOfYeetz	fledglm	C
2020-03-24 16:44:13.034508	u/AlertInfluence5	fledyrs	u/Desperate-Presence	fle7urf	C
2020-03-24 16:44:36.725417	u/AlertInfluence5	fledzoh	u/Dave30954	fle8gbc	C
2020-03-24 16:44:46.766221	u/OBA_G3CK0	flee01t	u/DustyMetal2	fle1csz	C
2020-03-24 16:45:03.718187	u/AlertInfluence5	flee0ig	u/DrewDaBom	fle3yk7	C
2020-03-24 16:45:23.728914	u/Scarmeow	flee1bp	u/0saran	fo7fc7	S
2020-03-24 16:45:26.855386	u/babaesugar	flee1e4	u/thewretched668	fleb58q	C
2020-03-24 16:45:37.338253	u/Sylok_The_Deepfried	flee1ko	u/CurfBoi	fleclzy	C
2020-03-24 16:45:41.553791	u/-JKing-	flee1n9	u/JealousDog99	fle63t4	C
2020-03-24 16:45:47.152275	u/blakester438	flee1x9	u/Swan990	fle9cp1	C
2020-03-24 16:46:14.861339	u/keelled	flee2ts	u/4-2-0_6-9	fleatye	C
2020-03-24 16:47:15.153709	u/the8bitmemer	flee51w	u/BattlebeeUltor	fldyzqi	C
2020-03-24 16:47:48.673116	u/sleeplessgrimli	flee6ua	u/Respect_Paying_Bot	fledogw	C
2020-03-24 16:48:06.134348	u/CORKBOI__	flee7gi	u/Jenger5	fleaies	C
2020-03-24 16:48:16.431558	u/EbonRevenant	flee7ud	u/muradzz	fledmad	C
2020-03-24 16:48:22.411563	u/James_Razor	flee839	u/itsfreerealestate99	flcx0ha	C
2020-03-24 16:48:30.927518	u/MrChilihio	flee8cd	u/hdjfug	fl5p4wa	C
2020-03-24 16:48:42.795787	u/YerrBoiiTucker	flee8za	u/Whoooosh-if-gay	flechub	C
2020-03-24 16:48:44.759540	u/stalinshootskulaks	flee90s	u/Defendo99	fo6w02	S
2020-03-24 16:48:55.697381	u/TANK-MAN4563	flee9fh	u/mido-the-great	fle1c7s	C
2020-03-24 16:49:16.979627	u/D4ncingEyes	fleeakb	u/PumJum	flecred	C
2020-03-24 16:49:37.895425	u/wittor	fleeb79	u/Bebe_Yoda-69	fl9txaa	C
2020-03-24 16:49:40.168714	u/AndreCarneiro1	fleebbh	u/RepostSleuthBot	fleceh6	C
2020-03-24 16:49:57.035302	u/UTICrybaby	fleeccz	u/Tru_Drone_Videos	fledz74	C
2020-03-24 16:50:49.360752	u/InfernicFuse	fleef1e	u/Sylok_The_Deepfried	flee1ko	C
2020-03-24 16:50:51.657906	u/SirKenhim15	fleef3p	u/ProbablyMaybe69	fle0uy0	C
2020-03-24 16:51:01.871871	u/meme_soapp	fleefds	u/T_Dog2024	flee3bn	C
2020-03-24 16:51:48.445053	u/I_bully_kids	fleegwr	u/PHE0NIX_1	fle8zut	C
2020-03-24 16:51:57.496910	u/incrediblefluffalo	fleeh1j	u/luckilynumber7	fleae9j	C
2020-03-24 16:52:04.899875	u/jamie-or-whatever	fleeha2	u/AutoModerator	fld69vb	C
2020-03-24 16:52:10.958678	u/Diamond156	fleehbo	u/Koolboy_678	fle8bo0	C
2020-03-24 16:52:50.464127	u/chernobyl-is-scary	fleejas	u/Its_The_Ham_Burglar	fledt13	C
2020-03-24 16:53:22.386077	u/RAI_DEN	fleekb8	u/kooldude700	fldxba6	C
2020-03-24 16:53:26.793859	u/denibeni	fleektf	u/RepostSleuthBot	flednaq	C
2020-03-24 16:54:05.849897	u/Internal-Basil	fleemdl	u/IcebergTwist	fleekf3	C
2020-03-24 16:54:15.165090	u/GarNuckle	fleemis	u/DrewDaBom	fle4s84	C
2020-03-24 16:54:23.729937	u/Rk_Kapoor	fleemt2	u/Jordan_is_tired	flc8z19	C
2020-03-24 16:54:35.360343	u/kentthehippo	fleen27	u/Previous-Government	fldzr40	C
2020-03-24 16:54:37.431273	u/Semmio5	fleen3s	u/Bruhe_Moment609	fle2tbe	C
2020-03-24 16:54:44.783892	u/stellar-being	fleengv	u/CpTKugelHagel	fleah70	C
2020-03-24 16:54:46.781810	u/lilycats13	fleengx	u/psychotic_catalyst	fle66hu	C
2020-03-24 16:54:58.364578	u/lol_JustKidding	fleeo51	u/TemoFawwaz	fld2rae	C
2020-03-24 16:55:43.579430	u/Fleetwood_Mask	fleepgf	u/jarroddibell	fle26tc	C
2020-03-24 16:55:55.456582	u/CerSeabas	fleepq6	u/s1ibedr1ll	fldpsjl	C
2020-03-24 16:56:03.053983	u/shadowman2099	fleeqba	u/randomredditing	fldr3dc	C
2020-03-24 16:56:30.443572	u/T_major2	fleer16	u/OBA_G3CK0	fledepb	C
2020-03-24 16:56:44.619740	u/RokieVetran	fleerrd	u/bigschlongboy69	fleen1q	C
2020-03-24 16:56:48.211912	u/ssuuh	fleerwd	u/VergilSDT	fle37ug	C
2020-03-24 16:56:55.406415	u/caburped	fleescr	u/FoniasTodoroki	fle043c	C
2020-03-24 16:56:57.238825	u/cursedexplorer	fleesd7	u/Sniping_Tester	flaeqxf	C
2020-03-24 16:57:10.124445	u/Alarid	fleet0k	u/BuffooneryAccord	fldp3cw	C
2020-03-24 16:57:29.043634	u/HeIIYes	fleetwn	u/Ricman22	flea97x	C
2020-03-24 16:57:32.565343	u/TruthSeekingEye	fleeu1t	u/packle-kackle	fleel2g	C
2020-03-24 16:57:59.530306	u/Wiggle_Titties_UWU	fleev2p	u/RepostSleuthBot	flebppc	C
2020-03-24 16:58:27.082839	u/Jeff-Pretzel	fleevrc	u/I_luv_memes_367	fldptxq	C
2020-03-24 16:58:29.320192	u/MeMer1038DaAn	fleevvd	u/kentthehippo	fleen27	C
2020-03-24 16:58:35.344137	u/Felipelito	fleewaj	u/tumatos8	fle7d79	C
2020-03-24 16:58:47.929364	u/bubbleboysdad	fleewwc	u/Crafty-Crafter	fleeu9m	C
2020-03-24 16:58:52.831550	u/twenty20is2020	fleex3r	u/DM_ME_YOUR_PASSWORD	fldeg4j	C
2020-03-24 16:59:24.997525	u/b-angel666	fleeyk5	u/katiekat9129	flee27q	C
2020-03-24 16:59:26.180193	u/MrMatt88	fleeymj	u/I_luv_memes_367	fldptxq	C
2020-03-24 16:59:32.539037	u/sparklemom2000	fleeyvs	u/MichelleObamasCockkk	fle8qgo	C
2020-03-24 16:59:38.039690	u/ExxonDivinely0	fleezdl	u/Lord_Grim_I3	fldshdr	C
2020-03-24 16:59:38.918668	u/ANoobyPlayer	fleezg5	u/Ze-Plague-Doctor	flebg7z	C
2020-03-24 16:59:54.705062	u/GeneraI-Resposti	flef0m8	u/Semmio5	fleen3s	C
2020-03-24 16:59:55.207007	u/PlasmaCharge307	flef0nx	u/vxn_mllr	fleel4l	C
