2020-03-27 19:00:06.746304	u/HUGH-G-RECTION5	flp1ld5	u/stnick6	flp1jiy	C
2020-03-27 19:00:20.758931	u/I_have_no_soul_yay	flp1lsb	u/kgaudr	flp1cdd	C
2020-03-27 19:00:31.925310	u/ChocolateLoverYash	flp1mcl	u/tydyedTIEfighter	flp0mkp	C
2020-03-27 19:00:37.005405	u/spicy_ballmeat	flp1mih	u/saltiboi_04	floyfav	C
2020-03-27 19:01:21.738215	u/Give_Toes	flp1nr0	u/fualtyzane	flp0vgy	C
2020-03-27 19:01:27.362446	u/fruittttt	flp1nxa	u/fualtyzane	flp0z69	C
2020-03-27 19:01:29.619740	u/B10H4ZZ4RD	flp1nz9	u/AdrianBUL	floy1fv	C
2020-03-27 19:01:53.698116	u/Svagis177cz	flp1p21	u/PaarekKlobaasov	flp0yvn	C
2020-03-27 19:02:08.596520	u/ancientgnome	flp1pig	u/RepostSleuthBot	flp1218	C
2020-03-27 19:02:38.512802	u/alktat	flp1qhu	u/AutoModerator	flo9tra	C
2020-03-27 19:02:55.300259	u/Nikky_Saw	flp1qpu	u/urmumguy69	flo0ua2	C
2020-03-27 19:03:59.420650	u/GrennRyder	flp1sz7	u/fualtyzane	floxlp8	C
2020-03-27 19:04:17.789535	u/gnocchicotti	flp1trs	u/RJPeaches	flopej9	C
2020-03-27 19:04:31.182058	u/penguin_jones	flp1ue6	u/ThatOneKid000005	flomq7u	C
2020-03-27 19:04:43.510882	u/Rainbowaffelz	flp1utz	u/ThatOneKid000005	flomq7u	C
2020-03-27 19:05:08.595124	u/mlilith	flp1vyv	u/ArmstrongTREX	flos1vt	C
2020-03-27 19:05:17.487056	u/Arktaris	flp1way	u/-Lemon-Boi-	flojigh	C
2020-03-27 19:05:30.785760	u/WowYeetBruh420	flp1wul	u/THERMO_THE_RAPIST	flost7x	C
2020-03-27 19:05:34.613733	u/Tough_Dollar	flp1wz5	u/bigbadbillyy	flosde4	C
2020-03-27 19:05:50.126997	u/Flash102039	flp1xsi	u/AnnexFromCanada	flozs6c	C
2020-03-27 19:05:52.014834	u/ZajoZajoZajo	flp1xtz	u/dz1087	flo73s0	C
2020-03-27 19:05:55.887841	u/Dark-HybridLynx	flp1y3j	u/Anthonyv69420	flp1r7s	C
2020-03-27 19:06:16.483923	u/ToughBeingAPig	flp1yx1	u/theswagdodo11	flp1xy9	C
2020-03-27 19:06:28.139697	u/new_guy182	flp1zae	u/05Lidhult	flp172a	C
2020-03-27 19:06:36.313973	u/KindBarcid	flp1zx1	u/shitbot_420	flp0nsb	C
2020-03-27 19:06:42.104464	u/Venom0226	flp208l	u/Xploiter_RBLX	floeegn	C
2020-03-27 19:07:05.016803	u/xenreh	flp217o	u/fualtyzane	floxfnh	C
2020-03-27 19:07:12.282868	u/XKevDawg	flp21mr	u/Darth_Ewok14	flp114k	C
2020-03-27 19:07:49.711204	u/Luko_Landino	flp23k6	u/fualtyzane	flozr9w	C
2020-03-27 19:08:03.216199	u/jordanovvvvv	flp24ey	u/CatsAndCreamCheese	flnq81q	C
2020-03-27 19:08:30.186766	u/nave1235	flp264g	u/itzkindamyjob	flo7y4o	C
2020-03-27 19:08:33.696360	u/Mastergaming164	flp2672	u/Qwerty_Random	flomnst	C
2020-03-27 19:08:49.640749	u/Jriizzyy	flp27au	u/ApUmKinFaCe	flovpvb	C
2020-03-27 19:08:55.154624	u/funne5t_u5ername	flp27iz	u/linkpop57	floyabm	C
2020-03-27 19:08:58.257686	u/7_Cube	flp27va	u/MrMiffi	flou933	C
2020-03-27 19:08:59.546247	u/sebkuip	flp27za	u/Guys-help-pls	flp0znk	C
2020-03-27 19:09:13.005288	u/Ashen_Exiled	flp28n8	u/Imnewsoifislipendme	flp208t	C
2020-03-27 19:09:28.908427	u/NoPhunlntended	flp29ic	u/Alexitozz	flovfp6	C
2020-03-27 19:09:29.901386	u/Smartyman123	flp29lr	u/MausHaus1945	flp16a1	C
2020-03-27 19:09:30.944735	u/ItzHellF1re24	flp29ns	u/kriegsmen	flawqkm	C
2020-03-27 19:09:38.509152	u/Fatih719	flp2abs	u/U_reeeYT	flp28zx	C
2020-03-27 19:09:42.209576	u/s3ndnudes_	flp2am7	u/Asspit	flore8n	C
2020-03-27 19:09:48.455620	u/Necessary-Oven	flp2b17	u/AutoModerator	floas5o	C
2020-03-27 19:09:49.198043	u/bowlessy	flp2b1j	u/Icarus2002	flozsuv	C
2020-03-27 19:09:50.704474	u/Mathvegan	flp2b4h	u/rtq7382	flomeyu	C
2020-03-27 19:09:53.901909	u/TheBarry07	flp2b8a	u/Kazeshiri	flp240q	C
2020-03-27 19:10:04.779479	u/HappyCannon27	flp2c5v	u/Topiz2000	flp1xnf	C
2020-03-27 19:10:16.067799	u/bruhbruhjames1	flp2cio	u/R_Zamo360	floxeg3	C
2020-03-27 19:10:24.544400	u/Unkown_Killer	flp2cr0	u/AnnexFromCanada	flozs6c	C
2020-03-27 19:10:54.629907	u/Stern_smokesalot	flp2dm9	u/Tru_Drone_Videos	flp0ltw	C
2020-03-27 19:11:07.227125	u/StirFri321	flp2dsp	u/theswagdodo11	flojq6u	C
2020-03-27 19:11:14.401448	u/LogicalSafe8	flp2dtk	u/Radzuit	flo1dzt	C
2020-03-27 19:11:22.698089	u/maxwfk	flp2e2g	u/nasandre	flonxv1	C
2020-03-27 19:11:36.219918	u/Ki-agh	flp2ekb	u/ProfessorOfPancakes	flp0ni9	C
2020-03-27 19:11:45.586441	u/ghostofHamilton9488	flp2eur	u/Xploiter_RBLX	flnrcok	C
2020-03-27 19:12:13.212046	u/ajsucksboi	flp2fxt	u/AutoModerator	flp2drb	C
2020-03-27 19:12:20.274010	u/Shunjou	flp2gb6	u/fualtyzane	flp0wml	C
2020-03-27 19:13:03.175324	u/AdmiralSplinter	flp2hmf	u/NSA_Chatbot	flo81hq	C
2020-03-27 19:13:06.490194	u/Freddy_Faraway	flp2hrb	u/tomalator	floqwna	C
2020-03-27 19:13:18.456369	u/juan_paplo17	flp2i2b	u/aydenaydstaff	flp1sxq	C
2020-03-27 19:13:20.577758	u/panicbutnotanydisco	flp2i44	u/Alexitozz	flozcc2	C
2020-03-27 19:13:39.758438	u/Hankjel	flp2imp	u/potatocouch2	floi0fh	C
2020-03-27 19:14:52.363700	u/languish24	flp2l1g	u/Acidic_White_Girl	floe9pi	C
2020-03-27 19:14:58.628198	u/siebe505	flp2l9b	u/Just-a-Plant-dude	floyh6x	C
2020-03-27 19:15:28.023278	u/WingsofRain	flp2m9v	u/ALCOHOLISM101	flo8p0c	C
2020-03-27 19:15:37.881578	u/TheStampingGuru	flp2mjp	u/ponyparody	flp1994	C
2020-03-27 19:15:39.824514	u/Spyfall007	flp2ml4	u/world_of_wilhelm	flp1uwd	C
2020-03-27 19:16:11.709225	u/Weber19465	flp2njl	u/MayaathePsychicc	flp1lwv	C
2020-03-27 19:16:27.436990	u/TimmyBattles	flp2o2a	u/Joshss1122	flo9lfi	C
2020-03-27 19:16:39.260188	u/Outdater	flp2ohb	u/bag-of-chip	florzko	C
2020-03-27 19:16:45.741700	u/FreeTanner17	flp2ond	u/inbred_bread	flon34l	C
2020-03-27 19:16:50.230493	u/YourNormal3200Runner	flp2ot8	u/TheActiveBoy	floh1ah	C
2020-03-27 19:16:58.029895	u/Anti_Pro-blem	flp2pfn	u/69420memes	floqv5j	C
2020-03-27 19:17:09.202295	u/seasonedweeb	flp2pyb	u/nightlampweight	flowpht	C
2020-03-27 19:17:20.070597	u/cyberman999	flp2qkf	u/MyJelloJiggles	flowdci	C
2020-03-27 19:17:21.805423	u/ohmegatron	flp2qmx	u/stnick6	flohi18	C
2020-03-27 19:17:24.831253	u/jdb8272	flp2qqx	u/TheStampingGuru	flp2mjp	C
2020-03-27 19:17:30.082400	u/music_hawk	flp2r10	u/SecretlyLyingToYou	flouctg	C
2020-03-27 19:17:34.331305	u/ThomasWiltherford	flp2r6q	u/nala4978	flozuvz	C
2020-03-27 19:17:42.016713	u/duck0kcud	flp2rh5	u/Stinkypoop00	flnqbvo	C
2020-03-27 19:18:01.832180	u/Amraith	flp2shu	u/TheStampingGuru	flp2mjp	C
2020-03-27 19:18:44.769547	u/Nilsegossen	flp2unu	u/ShyGuyMemes	fpx2uv	S
2020-03-27 19:18:46.885786	u/nitasn	flp2usk	u/Halo3IsMyFavorite	flotfql	C
2020-03-27 19:18:48.970224	u/KeksUngegessen	flp2uvu	u/RepostSleuthBot	flp05wq	C
2020-03-27 19:18:54.055606	u/madxfox12	flp2v5v	u/ZEN-6009	floyva1	C
2020-03-27 19:19:06.748915	u/MrMegaThicc	flp2vt5	u/44G6	flok2bn	C
2020-03-27 19:19:20.659976	u/gmarconcini	flp2wdt	u/verbalyabusiveshit	flopfgp	C
2020-03-27 19:19:26.805678	u/Messicanhero	flp2wuv	u/D34th4ng3lTR	floscq4	C
2020-03-27 19:19:34.116551	u/GenSixForever	flp2xm0	u/MayaathePsychicc	flp1lwv	C
2020-03-27 19:19:45.060616	u/saif-9	flp2ynx	u/fualtyzane	flp2wl5	C
2020-03-27 19:19:46.981593	u/WillBeBannedShortly	flp2yua	u/meme_and_draw	flou0ov	C
2020-03-27 19:19:48.574104	u/eli9938	flp2z0t	u/Gubq	fl5lyk4	C
2020-03-27 19:19:55.658015	u/Princeofspeed1	flp305m	u/3ryan_the_3oss	flowmvi	C
2020-03-27 19:19:59.137055	u/Masennus_on_hauskaa	flp30oj	u/Darth_Ewok14	flp114k	C
2020-03-27 19:20:10.642671	u/mythicpolitics	flp30xd	u/Tru_Drone_Videos	flp2agm	C
2020-03-27 19:20:14.353486	u/Rafikopter	flp30za	u/haha5601	floircg	C
2020-03-27 19:20:27.126451	u/excuse_me_wtf69	flp31b8	u/fualtyzane	flovypf	C
2020-03-27 19:20:51.124817	u/JBone365	flp329z	u/AzraeltheGrimReaper	flp0so5	C
2020-03-27 19:21:06.714713	u/bkhen	flp32r7	u/Galapplez	flp1e3p	C
2020-03-27 19:21:13.572604	u/Antwano	flp32w0	u/TheJackmobTV	flozil6	C
2020-03-27 19:21:26.997189	u/RockHoleReddit	flp33h1	u/Spyfall007	flp2ml4	C
2020-03-27 19:21:33.775353	u/Zet_13	flp33ty	u/TheJackmobTV	flozil6	C
2020-03-27 19:21:49.974181	u/RedFox675	flp34go	u/panicbutnotanydisco	flp2i44	C
2020-03-27 19:21:54.880112	u/BoboratTheHat	flp34jg	u/jdb8272	flp2qqx	C
2020-03-27 19:22:17.413062	u/Gamerking048	flp35fa	u/Frxquxnzy	flouzh5	C
2020-03-27 19:22:29.531938	u/kenthefin	flp35uw	u/BakulaSelleck92	floeybz	C
2020-03-27 19:22:38.643956	u/ScreamingWeevil	flp366u	u/7_Cube	flp2sgz	C
2020-03-27 19:23:41.364247	u/not-satans-nipple	flp38f9	u/NoodleSaidSo	flo6iu4	C
2020-03-27 19:23:54.508848	u/leogoxtoso	flp390v	u/Xploiter_RBLX	flog2gk	C
2020-03-27 19:24:03.966747	u/Anomalus_satylite	flp398n	u/fualtyzane	flp2x5a	C
2020-03-27 19:24:15.783505	u/jerrythegoatfricker	flp39gy	u/Ki-agh	flp2ekb	C
2020-03-27 19:24:21.671101	u/sezdawg7	flp39rd	u/Topiz2000	flp13vx	C
2020-03-27 19:24:30.420586	u/lardlad16	flp3a4p	u/Cachuchotas	flp2u56	C
2020-03-27 19:24:43.233922	u/Whaleisabug	flp3ajj	u/Aserthreto	flp10ub	C
2020-03-27 19:24:47.790685	u/kk_113	flp3arc	u/fualtyzane	flp318s	C
2020-03-27 19:24:54.387497	u/unstoppablepewpew	flp3b3k	u/Reditovan	flnduhn	C
2020-03-27 19:24:58.426999	u/horusy13	flp3b6v	u/kitkatboi69	flk5hdp	C
2020-03-27 19:26:14.221738	u/jellomart	flp3ew4	u/Alelpal	flovhqi	C
2020-03-27 19:26:19.129114	u/shovel-man-99	flp3ezu	u/JotaroKujo_69	flp3eg4	C
2020-03-27 19:26:22.047090	u/freeman731	flp3f0g	u/fualtyzane	flp32sj	C
2020-03-27 19:26:27.199219	u/Thrasher1236969	flp3fcg	u/jdb8272	flp2qqx	C
2020-03-27 19:26:32.017549	u/TheFoxxWhisperer	flp3fi5	u/fualtyzane	flp3dfc	C
2020-03-27 19:26:38.352637	u/BombsAndBabies	flp3foi	u/Lord_Sithis	floyj99	C
2020-03-27 19:26:40.241947	u/yourdailyaverage	flp3fqr	u/weebUwU1	flos0en	C
2020-03-27 19:26:57.211840	u/avocado_whore	flp3gk0	u/DerpyTyrantrum	flp0s8q	C
2020-03-27 19:27:25.059395	u/Ind1c4-Badu	flp3hsg	u/racerfree	flov70i	C
2020-03-27 19:27:27.555383	u/IoHwUwHoI	flp3hx4	u/Seanbyrne_28964	flp0ap2	C
2020-03-27 19:27:33.920082	u/ahmed_-_	flp3i2t	u/jdb8272	flp3a8j	C
2020-03-27 19:27:48.970045	u/TimGreller	flp3j5n	u/ChocoCharaDreemurr	floxzsa	C
2020-03-27 19:28:01.217619	u/ILuvBradnPewds	flp3jvg	u/MrMegaThicc	flp38xb	C
2020-03-27 19:28:44.694181	u/jakecobbb	flp3lo1	u/oogaboogaNXS	flp3dwb	C
2020-03-27 19:28:51.337666	u/bbddman	flp3lu8	u/oogaboogaNXS	flp3dwb	C
2020-03-27 19:28:52.759850	u/tychowolfer	flp3lyu	u/ultraman7676	floig4w	C
2020-03-27 19:29:03.462368	u/duyisawesome	flp3mbt	u/Dman_in_MN69	flo0w4m	C
2020-03-27 19:29:06.795546	u/Strakel	flp3me2	u/Xploiter_RBLX	flodn3u	C
2020-03-27 19:29:09.321481	u/Apost0	flp3mmn	u/yeet_boy59	flof5oa	C
2020-03-27 19:29:13.184604	u/keybladesrus	flp3mr7	u/fualtyzane	flp3hui	C
2020-03-27 19:29:15.600209	u/SubjectAssassination	flp3muw	u/redditmeric	flp0xcu	C
2020-03-27 19:29:22.761296	u/fumanori	flp3ndf	u/i-dont-fuckin-knoe	flp3gq8	C
2020-03-27 19:29:27.650057	u/Lex1253	flp3nk3	u/fualtyzane	flp3elz	C
2020-03-27 19:29:38.822342	u/Mightyboy678	flp3o4x	u/wordpuzzleQ	flp3lo9	C
2020-03-27 19:29:40.168599	u/Darkpurplebee	flp3o7b	u/pacman_dots	flowk75	C
2020-03-27 19:29:42.360261	u/TappWaterStudios	flp3oby	u/fualtyzane	flp3im3	C
2020-03-27 19:29:51.796703	u/EternalPlunge	flp3ozc	u/Suavpan	flot9z6	C
2020-03-27 19:30:33.886314	u/FrozzenFyre	flp3ri5	u/valjm	flp2iaj	C
2020-03-27 19:30:45.740064	u/teoribouton	flp3rpq	u/julia-mandarine	flp3jdv	C
2020-03-27 19:30:52.781804	u/fAROSh-boy	flp3s3z	u/ThatOneKid000005	flomq7u	C
2020-03-27 19:31:05.641527	u/Edruss100	flp3sr3	u/Anomalus_satylite	flp1045	C
2020-03-27 19:31:29.518401	u/RadiationFighterYT	flp3tj1	u/fualtyzane	flou70v	C
2020-03-27 19:31:31.784183	u/HumanCommercial9	flp3tjk	u/ScreamingWeevil	flouwfy	C
2020-03-27 19:31:34.171093	u/Pathodox	flp3tjx	u/MonotonousProtocol	flmtqil	C
2020-03-27 19:31:40.401505	u/RideOrDieOrNot	flp3tyc	u/VroenGuard414	flonxmo	C
2020-03-27 19:31:42.715675	u/pphunter69420	flp3tye	u/Dahwaann4U	flolqbs	C
2020-03-27 19:31:47.280628	u/SirMenzALot	flp3u26	u/LukeWendell	flp1g42	C
2020-03-27 19:31:49.570526	u/BurningIgnis	flp3u2o	u/Zerhadow	flp1er0	C
2020-03-27 19:32:13.523597	u/cloudFEZ	flp3v3i	u/fualtyzane	flp3lo7	C
2020-03-27 19:32:33.350388	u/Chucks_u_Farley	flp55y5	u/Analytical_Chemist	flp0wzd	C
2020-03-27 19:32:43.249330	u/CtrlAltBoredom	flp56ci	u/aldrri	floisw4	C
2020-03-27 19:32:58.907568	u/kingrulerguy	flp56sr	u/leaderofthevirgins	flowgik	C
2020-03-27 19:33:02.267369	u/IceSango	flp56u6	u/fualtyzane	flp31vs	C
2020-03-27 19:33:06.281417	u/MatteCenza	flp56vj	u/dovedevic	fl2olwl	C
2020-03-27 19:33:22.897452	u/SavageGeographer	flp5760	u/fualtyzane	floo08m	C
2020-03-27 19:33:29.316273	u/Hood_Santa	flp57b3	u/chonkennuget	flp55w1	C
2020-03-27 19:33:56.065936	u/oddlookingchicken	flp57yu	u/arisky2000	flo9b0h	C
2020-03-27 19:34:05.273049	u/AMAZING_ANIMALSSS	flp58de	u/GoronMafiaBoss	flp1a3m	C
2020-03-27 19:34:13.790374	u/FM_LEGENDARY	flp58tb	u/CapnChiknNugget	fq1zdk	S
2020-03-27 19:34:27.053485	u/Ztrfx	flp598x	u/pimpapprentice	floaemx	C
2020-03-27 19:34:53.363012	u/Rheinys	flp5dew	u/VroenGuard414	flonxmo	C
2020-03-27 19:34:56.893769	u/KingKong_10	flp5dhs	u/JackeRid05	flor8ex	C
2020-03-27 19:35:06.098509	u/HeyMoon69	flp5e18	u/line_eliminate	flp53yi	C
2020-03-27 19:35:11.009585	u/nikkkkkkkyv	flp5e6x	u/therealTGAW	flp5903	C
2020-03-27 19:35:17.091058	u/readitorwhat	flp5e84	u/Luko_Landino	flp59f7	C
2020-03-27 19:35:29.010913	u/Debashish2006	flp5esm	u/EpicMemer100	flp54ir	C
2020-03-27 19:36:03.379244	u/imjustlostandstuff	flp5ggi	u/kingrulerguy	flp56sr	C
2020-03-27 19:36:06.227556	u/Hyp3r197	flp5gik	u/Abe_james	flp25ee	C
2020-03-27 19:36:22.235784	u/Th80ryN8rd	flp5he5	u/AlexisGPS_UY	flova2s	C
2020-03-27 19:36:25.063184	u/Fireboyrules	flp5heq	u/arghyaghosh0104	flp4s7o	C
2020-03-27 19:37:15.039085	u/babsboiii	flp5jwx	u/snacsnacsnac	flohzzw	C
2020-03-27 19:37:18.746680	u/PretentiousPygmy	flp5jy9	u/fallcornet	flp522k	C
2020-03-27 19:37:23.277140	u/RasAlGhooly	flp5k8l	u/tuggle24	flp59ia	C
2020-03-27 19:37:26.196218	u/Parkertholmes	flp5kbd	u/RubMcDub	flnnmdg	C
2020-03-27 19:37:34.116766	u/Zazzy_gazzy	flp5kuy	u/xLacerate	flolznp	C
2020-03-27 19:37:59.053700	u/oofpods	flp5m6p	u/DeathToTheFalseGods	flp5gmm	C
2020-03-27 19:38:21.034416	u/alextrevino23	flp5mp1	u/redditmeric	flopkg1	C
2020-03-27 19:38:40.018327	u/thatoneguy2034	flp5npu	u/AutoModerator	fl9lxc6	C
2020-03-27 19:38:50.755773	u/Nathaniel820	flp5o8w	u/Thatfonvdude	flp0a6s	C
2020-03-27 19:38:56.234754	u/Notyoursenseimp4	flp5oac	u/Taralyth	flp5kup	C
2020-03-27 19:39:04.875893	u/NoUAreStupid	flp5omt	u/Mr_Saucypants	flok0r3	C
2020-03-27 19:39:32.395114	u/dhhhhddhh	flp5q8l	u/African_Refugee	flio1zk	C
2020-03-27 19:39:36.997879	u/picklemahbeets	flp5qig	u/LuisM360	flo9uiq	C
2020-03-27 19:39:37.926952	u/_KIMBUSIK_	flp5qjr	u/Nexus9T9	flopbvf	C
2020-03-27 19:39:38.957189	u/K1aymore	flp5qkc	u/J_Barracuda	flp1jbl	C
2020-03-27 19:39:57.137638	u/nomo357	flp5s4x	u/moware2	flmv55x	C
2020-03-27 19:39:58.661283	u/DontPayAtentionToMe	flp5s6o	u/charizardfan101	flp5n0i	C
2020-03-27 19:40:03.824500	u/MrZombieBrainz	flp5sdw	u/skipidihop	flo8b00	C
2020-03-27 19:40:28.676416	u/ItZnOtYoUrBoI	flp5t0g	u/Boxely	fln8rii	C
2020-03-27 19:40:53.711569	u/Polar-ish	flp5u1o	u/joshp1111406	flozap5	C
2020-03-27 19:41:03.475256	u/Zenocut	flp5u56	u/That_Guy_Sean	fq7tjn	S
2020-03-27 19:41:23.933588	u/the-holy-toaster	flp5uwx	u/psychopegasus190	flp48fq	C
2020-03-27 19:41:33.180617	u/zioooo_	flp5v7m	u/uptotrouble	flp5jea	C
2020-03-27 19:41:52.325639	u/baldingandindenial	flp5vui	u/jhoss623	flp5jq8	C
2020-03-27 19:42:09.003326	u/ICastAltF4	flp5wbs	u/minecraftisthebest6	flp4bbd	C
2020-03-27 19:42:22.033488	u/Joshument	flp5wlj	u/Ebolarona	flp5gk9	C
2020-03-27 19:42:34.291964	u/Bramwhalesba	flp5wyb	u/RasAlGhooly	flp5k8l	C
2020-03-27 19:43:05.817631	u/ZakaiNoble	flp5yfa	u/3ryan_the_3oss	flowmvi	C
2020-03-27 19:43:20.609707	u/BenjaminWobbles	flp5yxp	u/imfartandsmunny	flotmu4	C
2020-03-27 19:44:19.807334	u/nilliewelsin	flp60w0	u/ferrari812dude	fln3w41	C
2020-03-27 19:44:21.891218	u/readysetgrow88	flp60xo	u/Ryan8088	flnhput	C
2020-03-27 19:44:41.301321	u/Nooberton007	flp61v8	u/RepostSleuthBot	flp5zul	C
2020-03-27 19:44:46.452767	u/Its_only_Amll	flp620z	u/fualtyzane	flow22b	C
2020-03-27 19:44:52.051753	u/skoota2bad79	flp626l	u/IDEKYB	flp5ok9	C
2020-03-27 19:44:59.983582	u/TigMast3r	flp62im	u/Obaijansen21	flnfc7i	C
2020-03-27 19:45:16.553143	u/coodin420	flp62uz	u/palf_070	floygqg	C
2020-03-27 19:45:54.489008	u/BeepBeepLettuce_69	flp64d5	u/space10101	flp5z9c	C
2020-03-27 19:45:59.167067	u/MemeSpeed	flp64mr	u/the-holy-toaster	flp5uwx	C
2020-03-27 19:46:06.959177	u/Surferbro	flp651h	u/NoodleSaidSo	flo6iu4	C
2020-03-27 19:46:29.275372	u/Hat_un_dip	flp663h	u/BurningIgnis	flp3u2o	C
2020-03-27 19:46:35.471954	u/kallistalou	flp666h	u/narwhal_girl53	flp64ce	C
2020-03-27 19:46:52.358212	u/RoyalRaccoon420	flp66ln	u/pimpapprentice	floaemx	C
2020-03-27 19:47:33.279494	u/Gun_nut8	flp6843	u/fualtyzane	flp4nbi	C
2020-03-27 19:48:35.282514	u/fares1131	flp6afa	u/AutoModerator	flomwsb	C
2020-03-27 19:48:48.041555	u/Dutzhinlawl	flp6awk	u/Fireboyrules	flp5q7x	C
2020-03-27 19:49:01.427395	u/brohemianrasputin	flp6bi6	u/Ryan8088	flp5cor	C
2020-03-27 19:49:23.421004	u/CheeseLover093	flp6czh	u/Luko_Landino	flp60kw	C
2020-03-27 19:49:27.519737	u/PoLoMoTo	flp6d30	u/Q0NX	flp60j4	C
2020-03-27 19:49:33.282028	u/Sterk5644	flp6d84	u/OneSushi	flowsqq	C
2020-03-27 19:49:37.869827	u/Donnovan-best-girl	flp6dff	u/EntertainersPact	flp3c53	C
2020-03-27 19:49:39.733427	u/restolho11	flp6dmu	u/50ftmongoose	flouv8h	C
2020-03-27 19:49:54.187750	u/tovape75	flp6ep6	u/AmishPoser	flp1peg	C
2020-03-27 19:50:30.955147	u/lemonhead1503	flp6g75	u/HelpMeILostMyAccount	flp6dgo	C
2020-03-27 19:50:52.343542	u/DeathDogHunter	flp6gu0	u/juan_paplo17	flp36dp	C
2020-03-27 19:51:55.551165	u/nicolas_the_fox	flp6iuo	u/Tru_Drone_Videos	flp0cff	C
2020-03-27 19:52:27.120755	u/alreadyinuses	flp6k90	u/AutoModerator	flp515g	C
2020-03-27 19:52:34.233549	u/TERASHMAN	flp6kio	u/GulliblePrick	flp4pb5	C
2020-03-27 19:52:40.591509	u/thereisnonothing	flp6kvo	u/Fluffball_	flnox9q	C
2020-03-27 19:52:43.822453	u/FlammableBaby	flp6l0m	u/leftshoelace136	flp4u8z	C
2020-03-27 19:52:57.897851	u/rickman0804	flp6lcv	u/Topiz2000	flp60sv	C
2020-03-27 19:53:31.775512	u/Nickmate99	flp6m7w	u/PretentiousPygmy	flp5jy9	C
2020-03-27 19:54:00.463947	u/DamionPanda300	flp6n52	u/Joshument	flp5wlj	C
2020-03-27 19:54:09.741806	u/Andie_24	flp6n6c	u/ilikebaloons-owo	flp68v7	C
2020-03-27 19:54:23.639691	u/Vespineda	flp6nuz	u/Respect_Paying_Bot	flp5nry	C
2020-03-27 19:55:11.524919	u/JACKTODAMAX	flp6pej	u/Portal4life	flp61fm	C
2020-03-27 19:55:31.966431	u/NoMore9gag	flp6q3t	u/comixcam	flnt89n	C
2020-03-27 19:56:18.419664	u/GibMoneyForMe	flp6rj7	u/OWNPhantom	flp5282	C
2020-03-27 19:56:49.754576	u/blyatzkrieg69	flp6smu	u/Luko_Landino	flp6fid	C
2020-03-27 19:57:04.408242	u/HelpEli	flp6t88	u/Abyss_walker56	flp62cn	C
2020-03-27 19:57:08.152644	u/megamadlad	flp6tac	u/Doubletap-v02	flol36e	C
2020-03-27 19:57:41.829473	u/hoesonthefloe	flp6ugt	u/micmeup	flp6qyz	C
2020-03-27 19:58:09.667871	u/Crabperson72	flp6vi6	u/Elementz033	flot1hu	C
2020-03-27 19:58:51.300646	u/MineMode	flp6xdl	u/Tyrannical4	flp4z4x	C
2020-03-27 19:59:07.578945	u/Ueberlektriker	flp6y60	u/HenryIsaBeast42	floplse	C
2020-03-27 19:59:47.862534	u/LandonT0426	flp70zc	u/StirFri321	flp2dsp	C
