2020-04-15 11:00:16.963476	u/MASTER_Ninja98	fnhgx48	u/Johnthejelly	fnhgvsg	C
2020-04-15 11:01:06.634457	u/PatrickStars_Nose	fnhgylp	u/Noonealive	fnhfksb	C
2020-04-15 11:01:12.236475	u/Dark-Patriot	fnhgytg	u/marshmallow_fluff1	fnhgrlg	C
2020-04-15 11:01:28.143169	u/Nisskent	fnhgzhd	u/mememaster69420911	fnhftt8	C
2020-04-15 11:01:39.670156	u/RedditorFromFin	fnhgzqd	u/LewdLittleLoli	fnh5a69	C
2020-04-15 11:01:54.584684	u/Jamilboi	fnhgzzm	u/NinoRino123	fnhgif5	C
2020-04-15 11:02:01.484155	u/craftyxmp4	fnhh02o	u/Comical-27	fnh5r8g	C
2020-04-15 11:03:05.840455	u/justdolol	fnhh27u	u/RepostSleuthBot	fnhgdiz	C
2020-04-15 11:03:08.181700	u/PerfectALE	fnhh28a	u/Koppdiesel	fnhgtlc	C
2020-04-15 11:03:14.955373	u/_ToastedPickles_	fnhh2h8	u/LuckyDL01	fngqmlk	C
2020-04-15 11:03:21.246032	u/MIND2206	fnhh2m8	u/CR7STIANO-Juve	fnhgsre	C
2020-04-15 11:03:41.899211	u/Maurigno2511	fnhh35j	u/TsarisGR	fngu0xf	C
2020-04-15 11:04:36.089905	u/scrantonstanglerbjj	fnhh4pl	u/AShortHockeyBoy	fnhgnts	C
2020-04-15 11:04:48.021458	u/hyperion-i-likeillya	fnhh52o	u/BlazeKing2020	fnhfron	C
2020-04-15 11:04:52.198519	u/6NotAnotherLit9	fnhh5a2	u/notmaxwhosthat	fnhdgpv	C
2020-04-15 11:05:02.224912	u/Aks1102	fnhh5pr	u/Rickyroo615	fnhechv	C
2020-04-15 11:06:06.137908	u/Shanolia	fnhh81z	u/The_night_camel	fnh58pd	C
2020-04-15 11:06:10.670498	u/yolomymom1	fnhh83n	u/mememan6942096	fnh3of5	C
2020-04-15 11:06:13.631463	u/Worried-Locksmith	fnhh84b	u/cherub3	fnh9ddr	C
2020-04-15 11:06:25.358992	u/boi_that_does_stuff	fnhh8ha	u/Fatasspieceofdoodoo9	fnhh6c8	C
2020-04-15 11:06:57.551436	u/Demrepoulias	fnhh9d9	u/tomas918	fnhckc8	C
2020-04-15 11:07:00.095607	u/AceOfDiamonds676	fnhh9kd	u/mcr_is_not_dead	fng4y01	C
2020-04-15 11:07:59.182453	u/IAmTheRealFlashfast	fnhit68	u/HowerTwo	fnh0s8d	C
2020-04-15 11:08:12.302866	u/andysnook1511	fnhitx9	u/Mechagodzilla_3	fnhgo5u	C
2020-04-15 11:08:21.094499	u/SmallPeePeeBoy42069	fnhiua8	u/TigerTebb	fnhai2k	C
2020-04-15 11:08:45.293211	u/Gabethegamer45	fnhiv9s	u/youknow-urie	fnhh36q	C
2020-04-15 11:08:58.320609	u/Mexican_Todoroki	fnhivvd	u/d3zm4n	fngco5s	C
2020-04-15 11:09:01.662556	u/duckghost	fnhivwr	u/Pussy-Hunter6969	fnhhr59	C
2020-04-15 11:09:27.597400	u/PhilOno	fnhixao	u/why-is-it-so-hard	fnhdj2c	C
2020-04-15 11:09:30.863093	u/Thomahawk4	fnhixjv	u/artfillin	fnhiv2z	C
2020-04-15 11:09:38.844852	u/arandomfellow69	fnhiy2w	u/jwillsrva	fnhfs8v	C
2020-04-15 11:09:43.717776	u/borderingdragon21	fnhiyaa	u/I_Can_GiveYou_vBucks	g1tjuq	S
2020-04-15 11:09:58.131395	u/zerick13	fnhj07d	u/Dr4extreme933	fnhhilj	C
2020-04-15 11:10:10.453675	u/Etzga	fnhj0tf	u/vuejjjj	fnhhgd9	C
2020-04-15 11:10:54.530173	u/artistic_programmer	fnhj23u	u/here-for-your-soul	fngsw9z	C
2020-04-15 11:11:09.354297	u/allnameswastaken69	fnhj2kq	u/thiefyzheng	g1rsjq	S
2020-04-15 11:11:17.273016	u/Yikes_Hard_Pass	fnhj2oc	u/BlueLivesMatter6483	fng5jxq	C
2020-04-15 11:11:33.049674	u/-Imposter	fnhj34a	u/selinaless	fnhds9y	C
2020-04-15 11:12:11.346496	u/i_am_a_russian_bot	fnhj4eh	u/mi_dgy	fngumxi	C
2020-04-15 11:12:54.852078	u/mrjuvelnebunu	fnhj63c	u/SkiaFox17	fnhiu66	C
2020-04-15 11:13:04.724344	u/RapidScout177	fnhj6h5	u/E4R04	fnhivpp	C
2020-04-15 11:13:08.109119	u/inekyiyenpasta	fnhj6hb	u/PinheadLarry431	fnhimql	C
2020-04-15 11:13:12.336748	u/Eebromunsta	fnhj6l4	u/JohnBayani	fnhe0tl	C
2020-04-15 11:13:19.840892	u/chrisbrownladybeater	fnhj6vl	u/uncle_s1mon	fngy6st	C
2020-04-15 11:13:49.305148	u/DDsLaboratory	fnhj7g5	u/winkysocks21	g1r5rt	S
2020-04-15 11:13:59.838116	u/Nicolas_Climber	fnhj7mn	u/GodofLow	fnha842	C
2020-04-15 11:14:58.716023	u/Pissjuggz_Overboard	fnhj9g3	u/Thomahawk4	fnhixjv	C
2020-04-15 11:15:05.479600	u/fanouropita	fnhj9nr	u/gutti_05	fnhi59q	C
2020-04-15 11:15:17.054694	u/Lord_kv1	fnhj9z7	u/spicymemes2047	fnhfg1o	C
2020-04-15 11:15:20.130417	u/R4D33	fnhjaao	u/Toking_Ginger	fnhj86i	C
2020-04-15 11:15:34.697465	u/hoodie_lux	fnhjay1	u/locodanish	fnh8izq	C
2020-04-15 11:15:40.517342	u/Shuttle256	fnhjb6h	u/normenxd	g1tpfs	S
2020-04-15 11:16:21.184920	u/BoiiShawarma	fnhjcrg	u/Fluffiddy	fnhi6bg	C
2020-04-15 11:16:43.532927	u/Forwhydoiexist	fnhjddr	u/SoWokeIdontSleep	fnhf97b	C
2020-04-15 11:16:53.946176	u/redreddredditred	fnhjdpi	u/Pissjuggz_Overboard	fnhj9g3	C
2020-04-15 11:17:29.797289	u/madElii	fnhjf85	u/SkiaFox17	fnhiu66	C
2020-04-15 11:17:56.601803	u/MrBigJuice	fnhjgrz	u/Ryan8088	fnhbyu5	C
2020-04-15 11:18:35.505417	u/berni_g03	fnhjifz	u/PiggyBank32	fnhjc00	C
2020-04-15 11:19:02.299257	u/DDND04	fnhjk1s	u/Stuck-Avatar	fnhfzk7	C
2020-04-15 11:19:22.976340	u/powerfulvinny	fnhjllk	u/Papa_kAaPpA	fnhj7jx	C
2020-04-15 11:19:33.359546	u/UltimaDeusUmbra	fnhjm9t	u/WackyDude07	g1qjg5	S
2020-04-15 11:21:16.191374	u/im_a_virus	fnhjq3y	u/void_74	fnhiw28	C
2020-04-15 11:22:02.093331	u/chakekrai	fnhjrqg	u/Shuttle256	fnhjb6h	C
2020-04-15 11:22:17.177667	u/psonyc	fnhjs5s	u/behanandgsha	fnhd5vp	C
2020-04-15 11:23:15.503954	u/frightenedcrab	fnhjtq4	u/ploop2013	fnhfjvi	C
2020-04-15 11:23:33.834343	u/deathislit	fnhjueh	u/Etzga	fnhjrk3	C
2020-04-15 11:24:18.539401	u/witchesandwaffles	fnhjvuy	u/ANIKET_UPADHYAY	fnhhd8r	C
2020-04-15 11:25:13.241417	u/R4D33	fnhjxp9	u/Toking_Ginger	fnhjw38	C
2020-04-15 11:26:13.005882	u/ThaChristmasNoob	fnhjztm	u/hot_chesse_milk	fng6r0c	C
2020-04-15 11:26:16.514295	u/JimmyRezyh	fnhjzwu	u/TheMythBusterTMB	fnhjwcf	C
2020-04-15 11:26:32.382055	u/TehDogeGuy	fnhk0or	u/Davros-123	fnh8hjh	C
2020-04-15 11:26:51.293250	u/YouEdgyBitch	fnhk1p0	u/Nerfed_Nerfgun	fnhifzf	C
2020-04-15 11:26:56.726602	u/BigBlueOtterpop	fnhk1vk	u/Crazy_lobster_	fnfbxt9	C
2020-04-15 11:27:02.462682	u/Tjoshua74	fnhk23w	u/Phoenix_Shadow01	fnhj19s	C
2020-04-15 11:28:28.063884	u/Inominat	fnhk62t	u/why-is-it-so-hard	fnhdj2c	C
2020-04-15 11:29:14.903966	u/Old_Aggin	fnhk8m1	u/DickRubnuts	fnhi1ra	C
2020-04-15 11:29:35.583756	u/Felix_382	fnhk9sb	u/zziraptorzz	fnhb3wn	C
2020-04-15 11:29:49.884167	u/mournfulmonk	fnhkavq	u/behanandgsha	fnheo8j	C
2020-04-15 11:29:53.591535	u/jamesis135	fnhkb91	u/pizza-on-cheese	fnhhq26	C
2020-04-15 11:29:55.366369	u/Buce123	fnhkbh2	u/Ferretmayn	fnh51pg	C
2020-04-15 11:29:58.048754	u/GeroX13	fnhkc1e	u/Demrepoulias	fnhh9d9	C
2020-04-15 11:30:06.664367	u/DankMemer42069-2	fnhkcgk	u/chakekrai	fnhk3is	C
2020-04-15 11:30:12.183728	u/Destroyah07	fnhkcm1	u/UrMomaHola	fnhe87w	C
2020-04-15 11:31:35.545597	u/KebabWizard	fnhkext	u/Luke_4100	fnhj2rq	C
2020-04-15 11:31:59.838799	u/oxyclean123	fnhkfi5	u/scientifick	fnfteah	C
2020-04-15 11:32:09.583420	u/LeakyThoughts	fnhkfup	u/SoloSonic	fnhjshn	C
2020-04-15 11:32:19.410593	u/ScarStomach	fnhkg46	u/nick_gabpe	fnhigyq	C
2020-04-15 11:32:51.429330	u/llMezzll	fnhkhp8	u/OneClickYouDie	fnhirat	C
2020-04-15 11:33:07.245795	u/warm-bread69	fnhki8t	u/GreenIkea	fngi7ao	C
2020-04-15 11:33:29.615301	u/FoxOfHeavens	fnhkj3p	u/decentbeast	fngte5s	C
2020-04-15 11:34:06.444453	u/AspenBranch	fnhkke7	u/ALemonYoYo	fncxi0x	C
2020-04-15 11:34:59.442477	u/JakenBake19	fnhkmij	u/waaromleefik	fnhk6uj	C
2020-04-15 11:35:28.282964	u/Silky_Chillz	fnhkncr	u/SkiaFox17	fnhiu66	C
2020-04-15 11:36:01.071832	u/67gears	fnhkp2p	u/IronLadFromHeck	fnhjsbx	C
2020-04-15 11:36:26.268142	u/Bernie-Epstein	fnhkqeh	u/gurwin_bal	fnewkuo	C
2020-04-15 11:37:17.938029	u/Protoco2	fnhksbw	u/Bobo3076	fngxglc	C
2020-04-15 11:37:32.463933	u/Swifty1406	fnhksv4	u/RepostSleuthBot	fnhkoq5	C
2020-04-15 11:37:48.235641	u/hennemand123	fnhktnc	u/OHIEA	fngmhh5	C
2020-04-15 11:38:21.902074	u/total_smeghead	fnhkv3t	u/thedeathmachine	fnhf693	C
2020-04-15 11:38:24.918073	u/CT-2020	fnhkvcb	u/RamenDood7	fnh4lai	C
2020-04-15 11:38:43.986335	u/zefsquid	fnhkwnj	u/Cuttle_boi	fnhdtb5	C
2020-04-15 11:38:56.147867	u/LeakyThoughts	fnhkxat	u/SoloSonic	fnhkpqr	C
2020-04-15 11:39:43.397578	u/emeraldtreeskink19	fnhl197	u/karry245	fnh17t7	C
2020-04-15 11:39:57.803081	u/piratepowder	fnhl2ub	u/winkysocks21	fnh9x2j	C
2020-04-15 11:40:08.632380	u/ECGCBlu	fnhl3o6	u/geosplat	fnh5q5w	C
2020-04-15 11:40:29.893900	u/Siikamies	fnhl4i3	u/velociraptorjax	fnh93c7	C
2020-04-15 11:40:42.215380	u/billybigbolloks	fnhl4vp	u/jedijosh446	fnhehnv	C
2020-04-15 11:40:46.931080	u/titsoutshitsout	fnhl4x0	u/freeguaco	fnhjyd6	C
2020-04-15 11:40:57.117778	u/Bruh42069514	fnhl57h	u/HyperNathan	fnhkxif	C
2020-04-15 11:41:02.048371	u/dopavash	fnhl5a0	u/Rickyroo615	fnhechv	C
2020-04-15 11:41:30.840007	u/efekurnaz9735	fnhl6bm	u/Doggo_Tacos	fnhkun8	C
2020-04-15 11:42:28.061423	u/josephryan69	fnhl83d	u/Bruh_Bot_	fnh30ie	C
2020-04-15 11:42:48.604826	u/imachiuaua	fnhmu8v	u/Felix_382	fnhk9sb	C
2020-04-15 11:42:54.850860	u/___Lycaon___	fnhmuay	u/genizox	fngym3s	C
2020-04-15 11:43:02.826364	u/enkius	fnhmum6	u/sickhen	fnhmmf9	C
2020-04-15 11:43:16.853133	u/ULTRAKINGMEMELORD	fnhmvct	u/ananizapta	fnhmsm4	C
2020-04-15 11:43:34.534078	u/R4D33	fnhmvyh	u/WhatsMaddenBro	fnh6pc4	C
2020-04-15 11:44:16.246903	u/Bobthehorse420	fnhmym2	u/Superty_gamer	fngbapb	C
2020-04-15 11:44:37.706764	u/thememefulone	fnhmz6x	u/Jon-Leroy	fnhmib9	C
2020-04-15 11:44:47.095188	u/Perport	fnhmzcu	u/IDKSomething01	fnhfodk	C
2020-04-15 11:44:49.304283	u/ZachKingGaming	fnhmzho	u/Pheonixrulr	fnhmgmt	C
2020-04-15 11:45:02.280288	u/redittome2019	fnhn057	u/ilikejuice88	fnfr9ie	C
2020-04-15 11:45:30.637435	u/Fredinator217	fnhn1f5	u/Pheonixrulr	fnhmgmt	C
2020-04-15 11:46:10.481474	u/wiwiknight	fnhn2fn	u/StylishGuy1234	fnhm7cn	C
2020-04-15 11:46:13.339138	u/demonkiller2123	fnhn2fy	u/Ang31TooGucci	fnh5swe	C
2020-04-15 11:46:26.219477	u/shifty313	fnhn34k	u/DragonStoneGirl	fnh1vmw	C
2020-04-15 11:46:40.723647	u/quizlamicextremism	fnhn3vm	u/chilli_eggs	fnhkorv	C
2020-04-15 11:47:14.715306	u/Sawertynn	fnhn5k6	u/Mohammad927	fnhfamz	C
2020-04-15 11:47:16.460258	u/DaDancingDino	fnhn5lg	u/notmanganese	fngyosl	C
2020-04-15 11:47:54.038686	u/carefree_kiara	fnhn746	u/TheDrDzaster	fnhme3s	C
2020-04-15 11:48:29.435133	u/ItsBaithoven	fnhn9hq	u/Leelluu	fnhkz9z	C
2020-04-15 11:48:31.698999	u/ZelkinVallarfax	fnhn9lm	u/FrenzyWolf_	fnhltnc	C
2020-04-15 11:48:36.345602	u/Zitatomat	fnhn9xj	u/Nomulite	fnhlnmw	C
2020-04-15 11:48:48.720422	u/Sarcastic-Onion	fnhnaq2	u/NoJunkNoSouls	fnhmpdu	C
2020-04-15 11:48:59.947963	u/ThatGuyYou_Know0117	fnhnbt0	u/JansenMCCuber	fnhbmwu	C
2020-04-15 11:49:17.740010	u/phantom_b	fnhnd26	u/totallegit39	fnhkpqv	C
2020-04-15 11:49:24.393244	u/HeavY__StreaKeR	fnhndms	u/CeasarHUN	fnhn7bl	C
2020-04-15 11:49:31.103313	u/An-Ana-Main	fnhne6j	u/GulianoBanano	fnhgjkg	C
2020-04-15 11:49:38.267676	u/SkyManiac_	fnhnepi	u/HunterKiller1441	g1qa5u	S
2020-04-15 11:50:40.026279	u/DarkDragon77876	fnhni6o	u/amycatowo746	fmqwqdy	C
2020-04-15 11:51:17.156345	u/Cake_Bruh	fnhnj9f	u/Mathias_8x	fnhnh58	C
2020-04-15 11:51:37.153524	u/JethroRollands	fnhnjpr	u/BeNbUcKToO	fnhmu4b	C
2020-04-15 11:51:58.029192	u/flappybirdyolo	fnhnkq9	u/Andrew_Vasquez	fnhjsex	C
2020-04-15 11:52:26.632591	u/just3131	fnhnm9a	u/anshumankr001	g1p0mh	S
2020-04-15 11:52:49.299683	u/dicedealer214	fnhnn8k	u/Fluffiddy	fnhi6bg	C
2020-04-15 11:53:01.985399	u/plopkoekwaus	fnhno64	u/ThatTemplar1119	fnhnh9w	C
2020-04-15 11:53:35.542098	u/Artistic-Cookie	fnhnq3k	u/GRASS-SHAVINGS-69	fnhm951	C
2020-04-15 11:54:05.113059	u/JellyBeanStrike	fnhnrhu	u/nanxdini	flb116u	C
2020-04-15 11:54:27.008983	u/TheTrashCanOutside	fnhnsa4	u/selinaless	fnhj8vq	C
2020-04-15 11:54:39.216798	u/luauc	fnhnsnv	u/vaibaintlying	fnhdtq8	C
2020-04-15 11:54:42.163190	u/MehdiTheBremer	fnhnso4	u/gobbi97	fnhls0e	C
2020-04-15 11:55:23.980559	u/seal_lion	fnhnv01	u/UnDividedMe	fnhn65p	C
2020-04-15 11:55:30.895558	u/alphaislegend	fnhnvg2	u/Ya-Boi-Joey-Boi	fmz4dfc	C
2020-04-15 11:55:36.250364	u/Run-Riot	fnhnvhd	u/Mastermind291	fnh794w	C
2020-04-15 11:55:51.809037	u/Sixten6789	fnhnw7f	u/EmeraldXRun	fnhchje	C
2020-04-15 11:55:54.845893	u/albrekin	fnhnwai	u/Bagel_ghost23	fnhb7dy	C
2020-04-15 11:56:49.845259	u/SprinkledPizza	fnhnzjc	u/Ang31TooGucci	fnh5swe	C
2020-04-15 11:56:56.174603	u/benyamin_2003	fnhnzoo	u/someoneslostrock	fnhgqfy	C
2020-04-15 11:57:31.517007	u/Asir_B	fnho1ep	u/RepostSleuthBot	fnh1uso	C
2020-04-15 11:58:44.573574	u/overthehill47	fnho4wg	u/inekyiyenpasta	fnhmphp	C
2020-04-15 11:58:58.297041	u/Far414	fnho5z7	u/Chief_Kraken	fnhdpow	C
2020-04-15 11:59:21.772288	u/Magdonius	fnho7ie	u/Cdumi49	fne0fzu	C
2020-04-15 11:59:36.760525	u/rayashino	fnho976	u/darkprince1231	fnhixma	C
2020-04-15 11:59:57.661430	u/YeetusDeleetusIDie	fnhob6v	u/wingalls13	fnhkmjz	C
