2020-03-25 00:00:06.439720	u/LWIAY100	flfk9ft	u/not_a_donut_guy	flfhvkm	C
2020-03-25 00:00:19.253687	u/Inchaslo_Kihcnma14	flfk9ug	u/canadianpenguin123	flfivx4	C
2020-03-25 00:00:23.819195	u/Liunard0	flfk9xz	u/Tru_Drone_Videos	fld8hz2	C
2020-03-25 00:00:29.758624	u/--echoes--	flfka58	u/racerfree	flff06e	C
2020-03-25 00:00:43.485960	u/nbutchee	flfkaln	u/ForeverAsianLife	flfj7ex	C
2020-03-25 00:00:50.379862	u/Swallow_or_abortion	flfkaqt	u/NPC69420666360	flfegw8	C
2020-03-25 00:01:18.162405	u/Roarer21	flfkbc1	u/SurealGod	flf1cef	C
2020-03-25 00:01:36.327472	u/Deer-frm-the-pool	flfkbvc	u/TriggeredGibberd	flf3mfr	C
2020-03-25 00:01:46.519436	u/Omega_Steve15	flfkc8z	u/the_mspaint_wizzard	flfcztk	C
2020-03-25 00:01:54.685481	u/dr_bleach24	flfkcji	u/JefferyMyers2008	flfih2l	C
2020-03-25 00:01:59.237828	u/Y33T0S	flfkcko	u/Kaliso-man	flfk742	C
2020-03-25 00:02:13.055947	u/High_Orion	flfkdcm	u/PrimeTheGreat	flfi4qc	C
2020-03-25 00:02:22.775512	u/gmred91	flfkdm6	u/Hshshshhf	flfji10	C
2020-03-25 00:02:26.248658	u/Darth-Oreo	flfkdqe	u/Ben_Herr	flfkckd	C
2020-03-25 00:02:42.291916	u/SomeStupidPerson	flfke2k	u/ManiacZombie69	flfeuh3	C
2020-03-25 00:03:21.209579	u/the-big-stupid	flfkfnw	u/APenny-ForA-Thought	flfkbis	C
2020-03-25 00:03:39.575598	u/CreeperMinion	flfkgfz	u/elevmikasa	flfkdvw	C
2020-03-25 00:03:49.003290	u/Ghostslayer4779	flfkgp1	u/fighter27	flfj676	C
2020-03-25 00:03:55.818832	u/uhummmmmm	flfkgwo	u/Zaesting	fleg3dm	C
2020-03-25 00:03:57.940581	u/ollobrains	flfkgww	u/racerfree	flfhtpg	C
2020-03-25 00:04:02.201927	u/Donimation73	flfkh4j	u/TRoastedPotato	flfk725	C
2020-03-25 00:04:15.287774	u/JoeyDawsonJenPacey	flfkhc0	u/psyclerider	flfdj3c	C
2020-03-25 00:04:42.609054	u/KanakAttackzzz	flfkih4	u/dor121	fla936g	C
2020-03-25 00:04:45.789923	u/spideyw0man	flfkijd	u/username0702	flf6ux7	C
2020-03-25 00:05:00.748831	u/verbal572	flfkiz1	u/slashth456	flfd2hr	C
2020-03-25 00:05:17.364145	u/maxmitma19	flfkjio	u/roarimshreck	flfb8ec	C
2020-03-25 00:05:25.600680	u/iBreVrn	flfkk12	u/PeppermintyBear	flf3tft	C
2020-03-25 00:05:39.081962	u/Wesoooom122	flfkkgt	u/AdvisedCelery	flfi6jn	C
2020-03-25 00:05:44.537040	u/TheRedRex999	flfkkow	u/Myroyes2	fld0ea4	C
2020-03-25 00:05:57.871014	u/Tmax22	flfkkve	u/stasinop	flfher8	C
2020-03-25 00:05:59.806800	u/HAsHIn_1	flfkkwv	u/thelonelygenuis	flfit16	C
2020-03-25 00:06:19.712701	u/vociferousdragon	flfklg6	u/Tru_Drone_Videos	flexher	C
2020-03-25 00:06:24.579900	u/Ulrich_Schnauss	flfklpu	u/twelve-lights	flfen27	C
2020-03-25 00:06:41.603438	u/lel_zip	flfkmdf	u/whynotm3e	flfk70k	C
2020-03-25 00:06:57.871379	u/AndrewPixelKnight	flfkmxa	u/roarimshreck	flfb8ec	C
2020-03-25 00:07:11.325487	u/deathless_wolf	flfknn0	u/racerfree	flfkdy7	C
2020-03-25 00:07:51.596987	u/disbandedhawk	flfkpkj	u/vazsiz	flfkgb8	C
2020-03-25 00:08:01.811630	u/pussyslayin420nscope	flfkpv0	u/whoistjis	flesgr2	C
2020-03-25 00:08:04.991784	u/Althenahmed	flfkpwi	u/SwampRat613	flf9a41	C
2020-03-25 00:08:13.307893	u/kreiderman	flfkq8q	u/roarimshreck	flfb8ec	C
2020-03-25 00:08:31.627797	u/MightyMase04	flfkr0k	u/Master_JBT	flfkpzs	C
2020-03-25 00:08:34.484829	u/LORD_OF_ALL_MAIDS	flfkr3h	u/meme_soapp	fld0fii	C
2020-03-25 00:08:47.299334	u/lltoxicityl	flfks9l	u/OsirisKing2120	flfdeag	C
2020-03-25 00:08:52.873004	u/MrWorldWide944	flfkscy	u/AUtoMaTicGUnsHoT	flfko5j	C
2020-03-25 00:08:58.281557	u/DippinMcDot	flfkslg	u/MicaMicaMica12	flfj5o9	C
2020-03-25 00:09:11.810295	u/HelloThere501	flfkt7o	u/brewpewb	flfe709	C
2020-03-25 00:09:17.140626	u/DYblood04	flfktdh	u/RepostSleuthBot	flfkn1e	C
2020-03-25 00:09:20.373989	u/zoie1234	flfktql	u/RepostSleuthBot	flfih4x	C
2020-03-25 00:09:22.807495	u/FluffyTeddid	flfku22	u/Xploiter_RBLX	flfhkz8	C
2020-03-25 00:09:28.191216	u/DMH10S	flfkuc6	u/saamuueel135	fleeb1p	C
2020-03-25 00:09:31.569371	u/uhthred_ragnarson	flfkujn	u/PewdsBeastPie	flehazg	C
2020-03-25 00:09:47.197764	u/CoronaAndLymeDisease	flfkvvn	u/YeetusOfYourFetus	flfjlno	C
2020-03-25 00:09:49.739862	u/a_killer_roomba	flfkw0r	u/fualtyzane	flfkn41	C
2020-03-25 00:09:57.217224	u/JustaSmartIdiot	flfkwii	u/habbnn	flfkpp9	C
2020-03-25 00:09:57.761147	u/RocasWOW	flfkwja	u/thetruemorty5071	flfaqre	C
2020-03-25 00:10:07.429882	u/Oswald__Cobblepot	flfkx14	u/FuckMelnTheAssDaddy	flfk4cm	C
2020-03-25 00:10:16.827886	u/Sdbtank96	flfkxa3	u/its_a_turtle55567	flf23ss	C
2020-03-25 00:10:30.094503	u/spanjetty64	flfkxu6	u/stasinop	flfher8	C
2020-03-25 00:10:35.810683	u/EXILE6969	flfky1d	u/Dakimadafaki_001	flerld4	C
2020-03-25 00:10:38.185375	u/pug332	flfky5y	u/roarimshreck	flfb8ec	C
2020-03-25 00:10:46.420102	u/GeneraI_Kenoboi	flfkyo7	u/mysticwarrior222	flfkwlq	C
2020-03-25 00:11:44.315045	u/Tronsilver42	flfl0nq	u/Tyfisted	flfgxh4	C
2020-03-25 00:11:46.515620	u/devilsephiroth	flfl0ns	u/Dakimadafaki_001	flerld4	C
2020-03-25 00:12:02.822166	u/rat-soup	flfl1e6	u/coco237	fl5tfev	C
2020-03-25 00:12:12.114592	u/EterniumInfinitum	flfl1ks	u/Jacks0n16	flfku2z	C
2020-03-25 00:12:21.732081	u/Greenbaypackers5	flfl1ug	u/ZattisQ	flfetvm	C
2020-03-25 00:12:35.049933	u/-NoNameListed-	flfl24p	u/roastytoastyperson	flet1qf	C
2020-03-25 00:13:15.630193	u/reverse_mango	flfl3ew	u/shrekspasta	flfgda0	C
2020-03-25 00:13:43.071322	u/shashaaaaaank	flfl4fn	u/PrimeTheGreat	flfhqk9	C
2020-03-25 00:14:29.162769	u/ITGwyn	flfl6b4	u/dusty_noodles	flfc8ts	C
2020-03-25 00:14:40.208629	u/The1stOnes	flfl6mj	u/mysticwarrior222	fld7zcc	C
2020-03-25 00:14:54.162966	u/PM_ME_UR_OBSIDIAN	flfl794	u/Jacks0n16	flfezdb	C
2020-03-25 00:15:03.022754	u/Hazbeeeen	flfl7p9	u/CreeperMinion	flfjf3b	C
2020-03-25 00:15:16.071970	u/SuzyLouWhoo	flfl887	u/XxEleanoraXx	flfd811	C
2020-03-25 00:16:00.996160	u/Averytallmidge2	flfla54	u/Eric_Zhang17	flfg43z	C
2020-03-25 00:16:08.855254	u/Plagal_cadence	flflako	u/SpecialOneOnReddit	flfcgqu	C
2020-03-25 00:16:13.252273	u/Hiimnew22	flflaqw	u/Bruhe_Moment609	flejfgt	C
2020-03-25 00:16:36.146680	u/Glorfon	flflbi2	u/roarimshreck	flfb8ec	C
2020-03-25 00:16:39.026049	u/VanillaRob	flflbkh	u/u_have_the_gay	flf02fl	C
2020-03-25 00:16:41.782027	u/goatkillgod	flflbnp	u/kronosblaster	flfl1eg	C
2020-03-25 00:17:06.068977	u/DelMoro	flflcen	u/Swallow_or_abortion	flfkaqt	C
2020-03-25 00:17:07.932817	u/Rhycus73	flflcfj	u/tailmeat	flfl6ow	C
2020-03-25 00:17:10.525016	u/_kav_	flflch2	u/J0s3p	flfl9q2	C
2020-03-25 00:17:13.332181	u/Aquaticanium	flflclb	u/Previous-Government	fldzn7b	C
2020-03-25 00:17:23.210682	u/MGS-youtube	flflcy3	u/GravelsNotAFood	fi9g9is	C
2020-03-25 00:17:26.163885	u/RedstoneMastah22	flfld1x	u/_kav_	flflby9	C
2020-03-25 00:17:36.123688	u/PassakornKarn	flfldis	u/FewTap9	fleoicz	C
2020-03-25 00:17:37.761987	u/-Void-152	flfldjp	u/fire-but-cheese-MK	flf4gss	C
2020-03-25 00:17:40.806638	u/ItzMehSelf	flfldpj	u/DYblood04	flfktdh	C
2020-03-25 00:17:50.686382	u/theo1498	flfle3b	u/Crazy_Dalek_	flflby7	C
2020-03-25 00:18:20.607335	u/brownminer	flflf1q	u/LordJayfeather	flezr8q	C
2020-03-25 00:18:26.554160	u/Console_peasant101	flflfbp	u/riddus	flfld75	C
2020-03-25 00:18:29.507862	u/Dilpreet04	flflfjy	u/meme_soapp	fld08zs	C
2020-03-25 00:18:30.974746	u/livtoosmoove	flflfke	u/colorfuldude42	flf12m4	C
2020-03-25 00:18:51.676656	u/SeperiorGT	flflgsf	u/RepostSleuthBot	flfhodt	C
2020-03-25 00:18:57.287907	u/Adsylrod	flflh5n	u/LordJayfeather	flezr8q	C
2020-03-25 00:18:58.689378	u/shellzbellz542	flflh8x	u/MIN3WARSC	flezuf7	C
2020-03-25 00:19:13.244549	u/Tico483	flflhty	u/00psieD00psie	flfkp13	C
2020-03-25 00:19:26.684738	u/jackiejakal	flflicp	u/man-who-says-donut	fldi6fp	C
2020-03-25 00:19:35.401774	u/ShadowOfTheFireworks	flflis1	u/AlmostGenocide	flfhk4o	C
2020-03-25 00:19:44.979910	u/brndndly	flfljtq	u/OffensiveAmerican	flfem66	C
2020-03-25 00:19:45.812946	u/Trivenger1	flfljvn	u/racerfree	flfhryd	C
2020-03-25 00:19:47.336233	u/Last_Crew	flfljx7	u/23Silicon	flfizp2	C
2020-03-25 00:20:11.994377	u/inkageson	flflld5	u/TylerSmash	flf77o7	C
2020-03-25 00:20:33.050379	u/GregorF92	flflm13	u/roarimshreck	flfb8ec	C
2020-03-25 00:20:45.322618	u/Mrepic229	flflmh9	u/RepostSleuthBot	flfkjop	C
2020-03-25 00:21:01.858634	u/ApertureLabGamer	flflmxk	u/Magic176	flffqlz	C
2020-03-25 00:21:20.162188	u/sleepy_whore	flflnrc	u/thatoneguyeli	fldsu3i	C
2020-03-25 00:21:26.117446	u/GardenGnomeChumpski	flflny8	u/elevmikasa	flflmy3	C
2020-03-25 00:21:31.070977	u/SaltyRedHerring	flflo1z	u/fiddlefordmcsuckit	flfld4d	C
2020-03-25 00:21:33.306086	u/vasilescur	flflo2a	u/eyeintheskyonastick	flf8ynh	C
2020-03-25 00:22:04.244314	u/BobbinJohn	flflp2i	u/brndndly	flfljtq	C
2020-03-25 00:22:06.504010	u/-coronavirus--	flflp2p	u/elevmikasa	flflbpu	C
2020-03-25 00:22:29.927137	u/Mark-SuckoBerg	flflpuz	u/BikiBop	flflons	C
2020-03-25 00:23:02.279487	u/purple-fish	flflqtz	u/Last_Crew	flfljx7	C
2020-03-25 00:23:05.653657	u/onekingdom1	flflqvl	u/Loud_Shine	flfkgez	C
2020-03-25 00:23:22.197668	u/annaumarie	flflr57	u/PatoG4518	flflpqb	C
2020-03-25 00:23:26.495570	u/MwMr	flflr9f	u/LordJayfeather	flezr8q	C
2020-03-25 00:23:30.749430	u/Brandeeno2245	flflrct	u/bothacker2	flfigtc	C
2020-03-25 00:23:41.090281	u/Bobbio1245dkw	flflrx4	u/BigTicklers312	flffqq1	C
2020-03-25 00:23:52.581158	u/ltllamaIV	flfls8h	u/-GiantSlayer-	flfiepd	C
2020-03-25 00:24:12.776505	u/wellhungkid	flflswk	u/Evolution-is-a-fact	flewngw	C
2020-03-25 00:24:17.058196	u/npcdestroyer	flflt5n	u/racerfree	flfi7v6	C
2020-03-25 00:24:19.158233	u/woofwoofwoofwoof-	flfltb1	u/ThatCraftyBoi53	flfi6er	C
2020-03-25 00:24:51.841701	u/trainedsquirrels	flfltxs	u/AlmostGenocide	flfhk4o	C
2020-03-25 00:25:07.707612	u/XenoGiru	flflugj	u/InnerMembership6	flfk2rd	C
2020-03-25 00:25:30.734001	u/VariousThought	flflv85	u/Pay-Dough	flflrdf	C
2020-03-25 00:25:49.345643	u/memeboi2129	flflvqm	u/VibraniumDragonborn	fl5nrgn	C
2020-03-25 00:26:02.942724	u/Moose_Trackss	flflwdu	u/FRANKYDRANKY	flfczqa	C
2020-03-25 00:26:07.170159	u/Just_EthanZ	flflwg2	u/Kaiser3130	flfjnp5	C
2020-03-25 00:26:15.331820	u/megamanthepan	flflwx0	u/BananaZeta	flf2r3f	C
2020-03-25 00:26:17.265295	u/hashtaglolshot	flflwx6	u/Tru_Drone_Videos	flflpyx	C
2020-03-25 00:26:43.404809	u/Milkshake__Mayhem	flflxvr	u/ChocolateRL	flf2u8j	C
2020-03-25 00:26:45.231523	u/genrej	flflxvu	u/Tice4m	flfkv2q	C
2020-03-25 00:27:03.886327	u/RD_0310	flflyg6	u/ZaddR	flfcsmz	C
2020-03-25 00:28:07.179881	u/Haydeos	flfm128	u/Ericool35	flflxu7	C
2020-03-25 00:28:13.529029	u/RainbowFart882	flfm13w	u/PrimeTheGreat	flfhqk9	C
2020-03-25 00:28:21.026647	u/fa53	flfm17t	u/LBzer0	flf56pj	C
2020-03-25 00:28:31.446518	u/JLeon40	flfm21c	u/elevmikasa	flfk8f5	C
2020-03-25 00:28:40.119624	u/Flyers45432	flfm2r8	u/SourChopsticks	flep6y4	C
2020-03-25 00:29:10.731678	u/evn_reddit	flfm4hr	u/Yeet-Dab49	flfg6tg	C
2020-03-25 00:29:15.554533	u/dovyjonz	flfm4sp	u/Amunn_Ra	flfbp92	C
2020-03-25 00:29:28.727353	u/Ya_Boi_uh_SkinnyPeni	flfm5je	u/BigBabyEmo	flfib5f	C
2020-03-25 00:29:32.454516	u/owo-rise-up-brothers	flfm5un	u/LBzer0	flf56pj	C
2020-03-25 00:29:36.142554	u/shewy92	flfm66u	u/sociallyanxiouscow	flep8p0	C
2020-03-25 00:29:38.294726	u/timetravelingferret	flfm6b7	u/Asian-Lawnmower	flfj14m	C
2020-03-25 00:29:41.836649	u/bacan9	flfm6fu	u/uhthred_ragnarson	flfkz0m	C
2020-03-25 00:29:59.219774	u/AdmiringTheMonaLisa	flfm7zj	u/spyrolt253	flffn6z	C
2020-03-25 00:29:59.743281	u/krstykrbpizza	flfm82z	u/Ezkaton_Vatamier	fleqiw7	C
2020-03-25 00:30:00.039474	u/yolonavirus	flfm860	u/TriWald3	flfl539	C
2020-03-25 00:30:05.717391	u/GHOStyish	flfm89x	u/Evolution-is-a-fact	flewngw	C
2020-03-25 00:30:54.257751	u/Lusterkx2	flfm9yz	u/C4NT_M4K3_M3	flewurt	C
2020-03-25 00:31:31.368181	u/monkeydon_	flfmb3j	u/Predator_Hicks	flf9rhb	C
2020-03-25 00:31:41.944760	u/Mr_Edgy22	flfmbjk	u/ilyas114	flfi85f	C
2020-03-25 00:31:46.633064	u/cruciohh	flfmbma	u/Nordy12345	flf8ez6	C
2020-03-25 00:32:36.805437	u/ImAPaperPoster	flfmcvm	u/Omega_Steve15	flfkc8z	C
2020-03-25 00:32:44.754312	u/Russianhitman2	flfmczw	u/mysticwarrior222	fldpfzt	C
2020-03-25 00:33:17.552321	u/justokjames	flfmeap	u/racerfree	flf158t	C
2020-03-25 00:33:26.070322	u/1234Idemandathumbwar	flfmejp	u/techniczzedd	flfhcqw	C
2020-03-25 00:33:29.339216	u/totallytallerthanyou	flfmekm	u/____InTraining	fl76xw9	C
2020-03-25 00:33:39.129982	u/da_real_tatrocks	flfmezv	u/MyNameIsAnonymous1	flfmd7j	C
2020-03-25 00:33:48.171968	u/DaddyDakka	flfmfc0	u/bignate-_-	fldp3bm	C
2020-03-25 00:33:50.343386	u/FordFLYErz	flfmfcu	u/vasiacat	flfj15e	C
2020-03-25 00:34:05.141988	u/-_-_-Phoenix-_-_-	flfmfv5	u/LordLegendWolf	flflted	C
2020-03-25 00:34:29.900455	u/Merhtefer	flfmgod	u/alonelytoaster	fleqzrw	C
2020-03-25 00:34:44.341457	u/JAHjonpARabug12	flfmh2i	u/00psieD00psie	flfkp13	C
2020-03-25 00:34:46.378362	u/AndIOopSkrunchies	flfmh3h	u/UgandanShrekBoi	fler87d	C
2020-03-25 00:34:50.462560	u/chuyplay316jfsf	flfmh4b	u/ZaddR	flfm529	C
2020-03-25 00:35:10.710476	u/brujah8	flfmhqw	u/Sacrificial-Toenail	flemhyv	C
2020-03-25 00:35:12.710409	u/MyNameDoesntMatter3	flfmhvx	u/MSGRiley	flfmejm	C
2020-03-25 00:35:30.354614	u/Blubbering_Bolshevik	flfmilw	u/AidenWH87	foddiu	S
2020-03-25 00:35:38.297504	u/Sail-Lively	flfmj14	u/elevmikasa	flfm07m	C
2020-03-25 00:35:56.064196	u/crazybOzO	flfmjrb	u/Xploiter_RBLX	flfaoyh	C
2020-03-25 00:36:10.249788	u/AcademicFudge	flfmkf8	u/HeroGlaucoP	flfjbh7	C
2020-03-25 00:36:23.322846	u/MommaSayd71	flfmkuh	u/mohaee	flez01d	C
2020-03-25 00:36:33.865193	u/Crisseg	flfml5a	u/Master_JBT	flfeim3	C
2020-03-25 00:36:45.833934	u/DeathIsComing4You	flfmlkx	u/LordDraco781	fle9p0s	C
2020-03-25 00:37:21.187039	u/NitroJ29	flfmn1k	u/racerfree	flfjw3r	C
2020-03-25 00:37:23.060928	u/bob-the-eater	flfmn58	u/AutoModerator	flfht8x	C
2020-03-25 00:37:31.937326	u/Zerutsu	flfmnk3	u/ManiacZombie69	flfeuh3	C
2020-03-25 00:37:33.817642	u/QuirkyQwerty123	flfmnkf	u/Darkkiller235	flf202a	C
2020-03-25 00:37:51.447178	u/Solomon_isedgy	flfmond	u/_Xand0n_	flfmn99	C
2020-03-25 00:38:25.732595	u/HotSauceSiren	flfmqc2	u/chinchillajaw	flff401	C
2020-03-25 00:38:31.467288	u/FBI-42069	flfmqip	u/AlmostGenocide	flfhk4o	C
2020-03-25 00:38:33.054144	u/RUDDOGPROD	flfmqir	u/Aer0-	flfmhxw	C
2020-03-25 00:38:44.012722	u/wildbeaver635	flfmqwv	u/SenpaiJimJam	flf74hg	C
2020-03-25 00:38:50.977743	u/Dat_Boi_Roy	flfmr5k	u/roarimshreck	flfb8ec	C
2020-03-25 00:38:54.529849	u/dd7d77	flfmrfm	u/Blue-Boii	flfhdzp	C
2020-03-25 00:39:03.442811	u/shewasaskater_boy	flfmrru	u/RepostSleuthBot	flfkjop	C
2020-03-25 00:39:14.843045	u/IMSoCRIMSXY	flfmsjy	u/hdjfug	fl8f9ef	C
2020-03-25 00:39:29.114851	u/CrazyRat2004	flfmthp	u/codyyymc	flflzi7	C
2020-03-25 00:39:53.216911	u/Onyx_Rafle	flfmuyx	u/Nordy12345	flf8ez6	C
2020-03-25 00:39:53.884583	u/MonkeyClause	flfmv1a	u/AK24ROCKS	flfkl14	C
2020-03-25 00:40:03.788821	u/New_Welcome	flfmvp2	u/Catdogperson20	flfk75x	C
2020-03-25 00:40:20.836425	u/tooez9805	flfmwi1	u/Quininator2000	flfljyi	C
2020-03-25 00:40:26.733942	u/mrmeseekslookatme1	flfmwki	u/SpecialOneOnReddit	flfkgsk	C
2020-03-25 00:40:38.611269	u/bimc99	flfmwsu	u/crunchy_crop	flf7gn0	C
2020-03-25 00:40:48.576134	u/tht_gayboy	flfmx3o	u/MSGRiley	fletb8u	C
2020-03-25 00:41:10.341462	u/kneeknob	flfmxri	u/racerfree	flfmvgh	C
2020-03-25 00:41:15.044867	u/RiverHorror	flfmxw3	u/Tru_Drone_Videos	flfmost	C
2020-03-25 00:41:17.342754	u/stevebobs123	flfmxx2	u/AnimalBoat	flfll56	C
2020-03-25 00:41:43.705843	u/sOy_nUt	flfmym7	u/MonkeyClause	flfmw71	C
2020-03-25 00:42:39.552338	u/TheMythicXx	flfn0a4	u/Baba_Yaga_22	flfmkj0	C
2020-03-25 00:43:07.494967	u/Bobrossandhisfriend	flfn0z6	u/DomFox52	f5pnnnd	C
2020-03-25 00:43:11.053982	u/BetaRayBlu	flfn10p	u/AriLion16	flfhx3y	C
2020-03-25 00:43:23.089674	u/boobiedicky69	flfn1hx	u/RBloxxer	flf9fw3	C
2020-03-25 00:43:32.736702	u/IPlayVideo	flfn1sg	u/Practical_Government	flfmrm5	C
2020-03-25 00:43:39.080285	u/AreYouEvenLeaf	flfn1yu	u/WebSeeker101	flfd837	C
2020-03-25 00:43:51.029880	u/MoMizzy56	flfn2ef	u/BobbinJohn	flflp2i	C
2020-03-25 00:43:53.098756	u/The_CheesyBagel	flfn2gx	u/Tolkin_Gaming	flfge8l	C
2020-03-25 00:43:57.391098	u/myra_is_wack	flfn2ng	u/Dewhitt69	fle3auh	C
2020-03-25 00:44:08.232341	u/Struana	flfn2xi	u/its_a_turtle55567	flf23ss	C
2020-03-25 00:44:50.035211	u/azbatboy	flfn44h	u/Surreal_Sponge	flfn31s	C
2020-03-25 00:44:59.835116	u/Nessalis	flfn4qb	u/XxEleanoraXx	flfd811	C
2020-03-25 00:45:09.835139	u/VaritCohen	flfn58q	u/Swallow_or_abortion	flfkaqt	C
2020-03-25 00:45:14.922844	u/itwasthecats	flfn5c9	u/racerfree	flfmu83	C
2020-03-25 00:45:38.378199	u/Lazaro22	flfn643	u/sicklyslick	flfh82p	C
2020-03-25 00:45:47.618407	u/DweltStorm30591	flfn6s1	u/racerfree	flfn4jy	C
2020-03-25 00:46:11.421223	u/Enistone	flfn7k2	u/RandomDude72	flfd1f4	C
2020-03-25 00:46:26.538752	u/donttrippotatochipv2	flfn8dw	u/eyeintheskyonastick	flf8ynh	C
2020-03-25 00:46:33.893432	u/ghatos_france	flfn8se	u/FewTap9	fleoicz	C
2020-03-25 00:46:35.691290	u/bullshit-king	flfn8tg	u/eyeintheskyonastick	flf8ynh	C
2020-03-25 00:46:38.483769	u/musabbirh	flfn8uq	u/memeboi2129	flfm4nf	C
2020-03-25 00:46:40.267328	u/RealDarcmatter	flfn8vl	u/Martiddy	flfmyit	C
2020-03-25 00:46:44.868663	u/walruswes	flfn90l	u/RayCarlDC	flfj0mh	C
2020-03-25 00:46:49.739869	u/girlfight2020	flfn94m	u/depressed-__-potato	flf8jtg	C
2020-03-25 00:46:51.519985	u/Koto16	flfn94u	u/itwasthecats	flfn86l	C
2020-03-25 00:46:55.925978	u/byZentox	flfn9er	u/megamanthepan	flflwx0	C
2020-03-25 00:47:17.332165	u/Oroshi3965	flfn9yz	u/OffensiveAmerican	flfem66	C
2020-03-25 00:47:28.009828	u/chris-berry-1	flfnaan	u/ViciousKiwi_MoW	flflv64	C
2020-03-25 00:47:37.191271	u/follicle_failure	flfnamw	u/TheMythicXx	flfn0a4	C
2020-03-25 00:47:38.846915	u/DrMorgue	flfnano	u/Evolution-is-a-fact	flewngw	C
2020-03-25 00:47:56.718624	u/bigboidaddy123	flfnb9a	u/icantbeme	flfekls	C
2020-03-25 00:48:05.097714	u/Chriltho	flfnbl7	u/demonprincess_9	flfmc3k	C
2020-03-25 00:48:56.513858	u/ColonelCrocc913	flfne9y	u/DontStealMyPotato	flfh8on	C
2020-03-25 00:48:59.174843	u/jess_407	flfnef4	u/hardnachopuppy	flfgp28	C
2020-03-25 00:49:17.559036	u/Pewpewresearchcenter	flfnfii	u/i-liketurtles-	fldargj	C
2020-03-25 00:49:29.304862	u/Nerf1925	flfnfu7	u/Lordtygon	fleypwa	C
2020-03-25 00:49:42.101574	u/make-me-suffer	flfngnn	u/The_Dapperbot	fleofy6	C
2020-03-25 00:49:45.518425	u/pillowfort05	flfnhat	u/aliceoelle	flfn9ld	C
2020-03-25 00:49:50.708170	u/SomeGuyOnline89	flfnhpd	u/lukestutzman7	flfnd12	C
2020-03-25 00:50:11.341494	u/wktr_t	flfniqx	u/byZentox	flfn9er	C
2020-03-25 00:50:17.244153	u/334118008	flfnixm	u/Original_Name_420	flevqj9	C
2020-03-25 00:50:58.788052	u/Ooki_Bananna	flfnkq8	u/TheRecognized	flf7w63	C
2020-03-25 00:51:14.372451	u/Orangediamond375	flfnl2h	u/shiroshiima	flfm3i3	C
2020-03-25 00:51:30.843453	u/Bre4kfast_at_noon	flfnllt	u/racerfree	flfn6sv	C
2020-03-25 00:51:34.277653	u/t48_gamer	flfnlnd	u/leaderofthevirgins	flfmm9r	C
2020-03-25 00:51:38.744922	u/raydencreede	flfnlqa	u/tht_gayboy	flfmx3o	C
2020-03-25 00:51:57.365180	u/Jake-the-Wolfie	flfnmcp	u/saamuueel135	fleeb1p	C
2020-03-25 00:52:17.822508	u/Klobbin	flfnmts	u/Master_JBT	flfeim3	C
2020-03-25 00:52:22.249483	u/camouflagethisshit	flfnmv8	u/racerfree	flfna2v	C
2020-03-25 00:52:24.446860	u/blackjeeshush	flfnmvr	u/Kindred22	flfn7ky	C
2020-03-25 00:52:28.786623	u/ArtemisTNT	flfnmya	u/AhmedRGames	flf1rdr	C
2020-03-25 00:52:57.781948	u/OV3RLORD66	flfnnl0	u/00psieD00psie	flfkp13	C
2020-03-25 00:53:24.473166	u/katarinathemusicgirl	flfnomq	u/OneSpeedyBoi96	flfnepm	C
2020-03-25 00:53:54.195310	u/deepdaK	flfnpk9	u/lilgravityy	flfk7tx	C
2020-03-25 00:54:10.971896	u/CheeseyCheetoz5	flfnq0x	u/08110000	fley52y	C
2020-03-25 00:54:13.066704	u/Bombwriter17	flfnq2o	u/The_god3000	flf35eu	C
2020-03-25 00:54:34.806615	u/Themadschoolbus	flfnqn7	u/SeNoR_LoCo_PoCo	flfnq5c	C
2020-03-25 00:54:52.502285	u/guccigangevan	flfnrgr	u/BobbinJohn	flflp2i	C
2020-03-25 00:55:17.592654	u/Arthrowelf	flfnso4	u/AutoModerator	flfnqjw	C
2020-03-25 00:55:21.666009	u/merul_is_awesome	flfnt48	u/---daniel	flexii6	C
2020-03-25 00:56:01.505164	u/TrumpCheats	flfnu4s	u/SpecialOneOnReddit	flfcgqu	C
2020-03-25 00:56:05.220435	u/DrunkBroThor	flfnu7l	u/FBI-42069	flfmz7j	C
2020-03-25 00:56:12.859067	u/zimbabwe_gov	flfnump	u/roarimshreck	flfb8ec	C
2020-03-25 00:56:32.970489	u/Urmahm	flfnvnt	u/_Xand0n_	flfn12e	C
2020-03-25 00:56:43.202836	u/Aesmoridin	flfnw2z	u/justwalkinby91	flf06dx	C
2020-03-25 00:56:56.173534	u/poopellar	flfnwrg	u/Tonael	flfeqrg	C
2020-03-25 00:57:03.302350	u/apples6989	flfnx3x	u/AutoModerator	flfntp3	C
2020-03-25 00:57:07.710560	u/Chtwo	flfnx6d	u/Berocraft77	flfdmg6	C
2020-03-25 00:57:15.500624	u/CobaltSurvivor	flfnxfl	u/Master_JBT	flfeim3	C
2020-03-25 00:57:17.247041	u/ChevdogO46	flfnxgm	u/DuTurkeyMan	flflrpv	C
2020-03-25 00:57:38.278457	u/SunshineF32	flfnydd	u/Woogabuttz	flfheym	C
2020-03-25 00:57:39.909795	u/Preoccupiedude	flfnyhw	u/RepostSleuthBot	flfkfr4	C
2020-03-25 00:57:47.920609	u/EnjiOjiru	flfnysa	u/dirtbutcher	flet100	C
2020-03-25 00:58:01.951496	u/PickButtkins	flfnzly	u/joeslouie06	flfnxwj	C
2020-03-25 00:58:12.311916	u/SpartanBridge79	flfo03s	u/mrpenguinhere	flfca2k	C
2020-03-25 00:58:19.570812	u/Heckzagon	flfo0ds	u/Fudge-Boi	flfnbaz	C
2020-03-25 00:58:41.555986	u/lovepussyandstuff	flfo1d4	u/DM_ME_YOUR_PASSWORD	fldem9u	C
2020-03-25 00:58:43.708577	u/SirajAnsari002	flfo1g4	u/racerfree	flffakz	C
2020-03-25 00:58:46.657800	u/Mikerep	flfo1m1	u/sallyfacebitch	flfo108	C
2020-03-25 00:58:50.308776	u/Punisher2112	flfo1q1	u/VanillaNyx	flfo05v	C
2020-03-25 00:58:57.376721	u/Autistic-assrat	flfo29d	u/2018InANutshell	flfewo1	C
2020-03-25 00:58:58.744061	u/Kdial2002	flfo29l	u/VanillaNyx	flfo1q7	C
2020-03-25 00:59:01.696571	u/stan_the_abortion	flfo2cu	u/apples6989	flfo080	C
2020-03-25 00:59:08.491414	u/QuintTheWarlock	flfo2jl	u/racerfree	flfndw4	C
2020-03-25 00:59:10.808702	u/PappiSteph	flfo2kq	u/VanillaNyx	flfo1q7	C
2020-03-25 00:59:13.325417	u/Rachxlw	flfo2m2	u/PappiSteph	flfo01w	C
2020-03-25 00:59:21.817781	u/bigboss7020	flfo2ue	u/joeslouie06	flfnzia	C
