2020-04-13 21:00:08.455210	u/asslicker4747	fnc00uf	u/Master_JBT	fnbm12x	C
2020-04-13 21:00:42.506094	u/Guguf22	fnc01rv	u/SlappyComics	fnbr8rr	C
2020-04-13 21:01:04.164958	u/Goktropica	fnc024r	u/foxleigh81	fnc0001	C
2020-04-13 21:02:23.542912	u/solemn13	fnc04eu	u/yoom_goom	fnam74v	C
2020-04-13 21:02:30.604259	u/MagicDriftBus	fnc04je	u/PREINI_0310	fnbtgob	C
2020-04-13 21:02:37.686913	u/collinnator5	fnc04ul	u/belgianPotatian	fnbzjzj	C
2020-04-13 21:03:37.635284	u/dondon13579	fnc06j3	u/serb7777368e83	fnbzpe6	C
2020-04-13 21:03:46.657813	u/Blue_2131	fnc06t6	u/Superracer2002	fnbymb8	C
2020-04-13 21:04:13.959690	u/K_Muffin_M	fnc07fb	u/jhml10100	fnbnj0c	C
2020-04-13 21:04:57.981163	u/TiberMaxsonx	fnc08hm	u/ODSEESDO	fnbthqw	C
2020-04-13 21:05:18.445104	u/fin020304	fnc09od	u/Bearofkratos	fnbv6x0	C
2020-04-13 21:06:30.311953	u/Leon6942088	fnc0bj9	u/thebreaditer	fnbt4d6	C
2020-04-13 21:07:10.231992	u/_Zetako_	fnc0cq2	u/SebtheThomasFan1	fnbznt2	C
2020-04-13 21:07:22.264662	u/turd_twig	fnc0d28	u/SoloHarry03	flafnns	C
2020-04-13 21:07:38.666336	u/MrR1ddl3	fnc0dl5	u/Kadenmcnoname	fnbrl59	C
2020-04-13 21:08:45.073775	u/Broseph_5	fnc0f2p	u/small_brain_time	fnc0ae3	C
2020-04-13 21:08:46.169531	u/my-sfw-accnt	fnc0f3j	u/FBI_Agent_82	fnbs2ma	C
2020-04-13 21:09:22.310166	u/Comrade--Cthulhu	fnc0ge6	u/UnselfishGamer1	fnbyrsp	C
2020-04-13 21:09:31.763731	u/EuSilk	fnc0gz3	u/luyi326	fnc0dm7	C
2020-04-13 21:09:32.704449	u/C0d3r__	fnc0h6y	u/Dat_Llama274	fnbvvp6	C
2020-04-13 21:09:33.343428	u/Mozias	fnc0h6u	u/Isai284390	fnbzsq7	C
2020-04-13 21:09:40.770336	u/ObeseCows	fnc0hln	u/thebreaditer	fnbxfkf	C
2020-04-13 21:09:51.173854	u/quiterandomperson	fnc0ifg	u/HAzEMultra	fnbm6sb	C
2020-04-13 21:09:51.879967	u/mr-goron88	fnc0ig1	u/MichelleObamasCockkk	fnbzaj0	C
2020-04-13 21:10:35.091300	u/Doric_entrepeneur	fnc0ivv	u/thebreaditer	fnbt4d6	C
2020-04-13 21:10:55.145018	u/panzertanksarefun	fnc0jf8	u/Bearofkratos	fnbv6x0	C
2020-04-13 21:11:14.480062	u/lotusinthestorm	fnc0juf	u/ASmallBitPyromanic	fnc05uz	C
2020-04-13 21:11:19.872409	u/Mattrix_1o1	fnc0jzo	u/Dengzai	fn9udb5	C
2020-04-13 21:11:23.071888	u/bobneedsair2	fnc0k4g	u/billis156	fnb83c9	C
2020-04-13 21:11:31.315754	u/dkent2000	fnc0kbu	u/okzoomer420	fnbtubt	C
2020-04-13 21:11:43.617491	u/ripmylasagna	fnc0kky	u/sexoffender42069	fnc0gaa	C
2020-04-13 21:11:54.257938	u/CRGThreee	fnc0kvs	u/Croissant_Master	fnbvs23	C
2020-04-13 21:11:59.564514	u/ancientmemegod	fnc0l6q	u/DatHorsebo1	fnbt6pm	C
2020-04-13 21:13:14.041683	u/WUR_Stingray	fnc0mjd	u/CrabSquid85	fnby1i6	C
2020-04-13 21:13:39.390891	u/Newword11	fnc0mza	u/taiaguu	fl8jvme	C
2020-04-13 21:14:10.545850	u/brothers54321	fnc0o4u	u/Quadmeme42_0	fnbkkx1	C
2020-04-13 21:14:12.688592	u/Reading1107	fnc0o5d	u/Zach_Xk	fnbtdx8	C
2020-04-13 21:15:01.851125	u/eagleyeB101	fnc0pdv	u/scientia_analytica	fnatbqq	C
2020-04-13 21:15:32.922759	u/MadStonks	fnc0q6o	u/Get-Vectored	fnc0j0h	C
2020-04-13 21:15:42.109488	u/The-Thunde-Runner	fnc0qjj	u/memeyartistUwU	fnbvmcj	C
2020-04-13 21:16:10.729944	u/Rumi3009	fnc0rnk	u/German_Drive	fnat0f9	C
2020-04-13 21:17:03.665413	u/Red__Hand	fnc0t2r	u/big-yeat-big-smeat	fnb7lzu	C
2020-04-13 21:17:21.973146	u/Spartan_142	fnc0tj1	u/GloriousBeard905	fnb44ty	C
2020-04-13 21:17:33.883522	u/RichSipsofWetMilk	fnc0u1n	u/hiskinny	fnbxz1x	C
2020-04-13 21:18:11.404976	u/Egglose5	fnc0v2t	u/justhereforbad	fn9v7u7	C
2020-04-13 21:18:17.340549	u/the_3rd_cumming	fnc0vdg	u/kendrik_1337	fnbroa1	C
2020-04-13 21:18:46.847054	u/PeopleCanStalkMe	fnc0w99	u/ChrispyTofuChoii	fnbun33	C
2020-04-13 21:19:24.234022	u/InexpedentExercise1	fnc0xlu	u/FBI-Agent-007	fnbeaaq	C
2020-04-13 21:19:31.485764	u/yeltzer	fnc0y20	u/THETANK_420	fnbhbbv	C
2020-04-13 21:20:17.378386	u/Cleanbra1n	fnc0zk7	u/drungayuuu	fnbdlwj	C
2020-04-13 21:22:33.472883	u/gav2theguy	fnc13q7	u/xbladeheh	fnbc5j0	C
2020-04-13 21:24:33.238262	u/asxs98	fnc2qag	u/thebreaditer	fnc15s3	C
2020-04-13 21:24:36.673507	u/cadenrcr2	fnc2qe8	u/wantfreemcnuggets	fnc1rom	C
2020-04-13 21:24:39.380355	u/Ya-boi-General-G	fnc2qhu	u/Zach_Xk	fnbtdx8	C
2020-04-13 21:25:53.508076	u/batmandiesinendgame2	fnc2rw9	u/Sofia_864	fnbefav	C
2020-04-13 21:26:39.299208	u/jayecrracer	fnc2sy1	u/EAH5515	fnc2qw1	C
2020-04-13 21:26:42.022526	u/DaJohnDude	fnc2t2c	u/___Jesus__Christ___	fnbxa30	C
2020-04-13 21:27:36.630459	u/Sharks1976	fnc2udj	u/Lurau	fnc0t2j	C
2020-04-13 21:27:45.620859	u/flamingtaco64	fnc2uva	u/Totablewaif89	fnc2p57	C
2020-04-13 21:27:50.607814	u/Dslayer1980	fnc2v57	u/Sofia_864	fnbefav	C
2020-04-13 21:28:15.056031	u/Bean-Machine69	fnc2vu9	u/nave1235	fnasrzu	C
2020-04-13 21:29:17.083283	u/whiskey547	fnc2xiq	u/AsFack	fnb3zdq	C
2020-04-13 21:29:26.508617	u/caponestone22	fnc2xxt	u/Gerardo530	fnbgo55	C
2020-04-13 21:29:51.131011	u/EpicRussianSlav	fnc2z74	u/SandpaperDildo101	fnc1bei	C
2020-04-13 21:30:13.927702	u/CarryingTheMeme	fnc306o	u/Shiny_Agumon	fnc2c43	C
2020-04-13 21:30:27.006457	u/lordradix	fnc30fg	u/EuSilk	fnc2tes	C
2020-04-13 21:32:03.300969	u/Epic_Bonobo	fnc31sw	u/potters_heir	fnbbn0m	C
2020-04-13 21:32:08.908091	u/the-salty-potato	fnc31yq	u/EliNNM	fnbw86d	C
2020-04-13 21:33:06.283728	u/Batty_23	fnc32o3	u/Dodood4	fnc2lyr	C
2020-04-13 21:33:17.365398	u/thebigcheeze233	fnc333i	u/AK24ROCKS	fn92t6m	C
2020-04-13 21:33:43.797150	u/RonCheesex	fnc33tr	u/LolerPlaysThings	fnbavqg	C
2020-04-13 21:34:15.856947	u/Ridiculous_Helm	fnc34md	u/Mechamn42	fnbk2z4	C
2020-04-13 21:35:06.657162	u/A_Simple_Crusader	fnc35ba	u/Misharena	fnbsp8l	C
2020-04-13 21:35:44.444096	u/GrisSchlager	fnc36e4	u/MadFalcon101	fnc2x7h	C
2020-04-13 21:36:10.671921	u/HeirTwoBrer	fnc36q6	u/SpiceTrader56	fnbhsfr	C
2020-04-13 21:36:29.643030	u/dOmari_lives	fnc37ac	u/Xukay333	fmlmpwb	C
2020-04-13 21:38:25.112313	u/elmoiscreepy	fnc3aoq	u/AzekiaXVI	fnbuvm9	C
2020-04-13 21:38:41.653007	u/ForgotToFlair	fnc3bqd	u/THETANK_420	fnbhbbv	C
2020-04-13 21:38:49.084164	u/lostfilms	fnc3buc	u/fleshgolem000	fnc2ehu	C
2020-04-13 21:39:16.023542	u/dres_sler	fnc3cqb	u/MediocrePenisNumber6	fnc346k	C
2020-04-13 21:39:16.838299	u/Mister_Struggles	fnc3czr	u/xbladeheh	fnbc5j0	C
2020-04-13 21:39:28.307668	u/PresidentNerd	fnc3dga	u/Bearofkratos	fnc1ay3	C
2020-04-13 21:39:42.975988	u/ILikeEggsAndCake	fnc3eji	u/C0d3r__	fnbyopy	C
2020-04-13 21:40:08.026428	u/jillianbrodsky	fnc3f9j	u/Bearofkratos	fnbv6x0	C
2020-04-13 21:40:11.472259	u/iJuStArNDoM	fnc3fdj	u/urmomisverygay666	fnbr1kc	C
2020-04-13 21:40:40.999283	u/Snake115killa	fnc3ge2	u/generalIro	fnbqmrd	C
2020-04-13 21:40:52.242279	u/Suss420	fnc3gjl	u/BigOneSecond	fnavjky	C
2020-04-13 21:41:28.764750	u/gustavomendes10	fnc3gw2	u/Guguf22	fnc01rv	C
2020-04-13 21:41:45.385551	u/BluValiGuy	fnc3h6j	u/Condanger101	fnc2t5a	C
2020-04-13 21:42:17.766510	u/Somerandomemogirl21	fnc3hg3	u/duderliss	fnc3gq8	C
2020-04-13 21:42:34.127503	u/thigh_squeeze	fnc3hl3	u/RetardedPotato__	fnbci9p	C
2020-04-13 21:42:40.639100	u/JonHenryOfZimbabwe	fnc3hn7	u/Misharena	fnbsp8l	C
2020-04-13 21:42:42.827558	u/theworld42103	fnc3hr9	u/Sarlos_Isten	fnbsu2o	C
2020-04-13 21:43:15.841455	u/Ning1253	fnc3ih9	u/Apock247	fna9n5v	C
2020-04-13 21:45:18.924666	u/benseifert666	fnc3l8v	u/noconfidencehere69	fnc3jm3	C
2020-04-13 21:46:04.117032	u/fixumdude	fnc3m7f	u/JamesIsMeo	fnc3f0m	C
2020-04-13 21:46:19.637244	u/Wolflord132	fnc3mrb	u/StpPstngMmsOnMyPrnAp	fnbxryp	C
2020-04-13 21:47:18.260689	u/RPGenius12	fnc3nou	u/SneakerHead1203	fnc36v5	C
2020-04-13 21:47:52.647963	u/Headed2Valhalla	fnc3ou9	u/blueeggsandwaffles	fnc230f	C
2020-04-13 21:48:23.139641	u/SlipperyFyst	fnc548a	u/Kool_Cid_42	fnbsw2g	C
2020-04-13 21:48:47.670552	u/Major_Cupcake	fnc54np	u/cookster3366	fnc440z	C
2020-04-13 21:49:03.297810	u/_adam_beckett_	fnc55z6	u/magicalhobo22	fnc53mc	C
2020-04-13 21:49:22.010775	u/HO_O3	fnc56ws	u/Topbutton6	fnc4voo	C
2020-04-13 21:49:26.718939	u/xDARK_LGNDx	fnc574j	u/IwanttobecomeLever	fnc4yu4	C
2020-04-13 21:49:36.352659	u/SpartanAbyss117	fnc57hl	u/neonstrat	fnbsk0h	C
2020-04-13 21:49:39.387604	u/Poophead232	fnc57qd	u/LsauceWithBigL	fnau8u7	C
2020-04-13 21:49:44.316005	u/WheresWaldo6	fnc58as	u/Tw0girls0necup	fnailmf	C
2020-04-13 21:49:46.887730	u/No-More-Dreaming	fnc58r1	u/Bruh_Bot_	fnbw6v7	C
2020-04-13 21:49:52.208256	u/theShiggityDiggity	fnc58w7	u/NepTooter	fnc1y2x	C
2020-04-13 21:49:54.192866	u/HispanicKaren	fnc592b	u/superdoods26	fnbeui6	C
2020-04-13 21:49:56.750313	u/100dylan99	fnc59kh	u/bigleaguejews	fnbf061	C
2020-04-13 21:49:57.260868	u/PorkChopyChop	fnc59qy	u/EuSilk	fnc3bqq	C
2020-04-13 21:51:45.811173	u/DAFROZENCHOSEN1	fnc5c7a	u/AwesomeWow69	fnc4z79	C
2020-04-13 21:52:03.112579	u/VloggedIn	fnc5chg	u/GrisSchlager	fnc5bqc	C
2020-04-13 21:52:06.221979	u/I_AM_NOT_MAD	fnc5cin	u/Protospro	fnc4rq4	C
2020-04-13 21:52:10.307642	u/M000000000000	fnc5cpj	u/WookieeCookiees02	fnc03ra	C
2020-04-13 21:52:49.229693	u/Releaseitnowdummy	fnc5dpr	u/Sickness958	fnbwayy	C
2020-04-13 21:53:15.726666	u/nella96	fnc5egs	u/Garaogu	fnc53ix	C
2020-04-13 21:53:32.235065	u/Tastysalmonlol	fnc5et1	u/Synth131	fnby8xm	C
2020-04-13 21:54:30.467562	u/Legdaymissed	fnc5fyn	u/bAckwArdsbrAin__	fnc2aoq	C
2020-04-13 21:54:54.596620	u/JayCrizzle55	fnc5gao	u/godsutters	fnc248e	C
2020-04-13 21:55:50.504172	u/ComradeJimbo	fnc5hi1	u/MOSCOWMOSCOW	fnbaj1z	C
2020-04-13 21:56:17.300897	u/I--Am--Nobody	fnc5iot	u/flmceccato	fna2xl3	C
2020-04-13 21:57:04.715675	u/themadtitanDORMAMMU	fnc5k3v	u/Zach_Xk	fnbtdx8	C
2020-04-13 21:57:32.891342	u/Loquaxus	fnc5kuv	u/JustWantGoodM3M3s	fnaqn7a	C
2020-04-13 21:57:47.902425	u/ManBoi420	fnc5lgp	u/RepostSleuthBot	fnbnf2i	C
2020-04-13 21:57:56.129336	u/1fifty7	fnc5mer	u/IamBeelzebubIV	fnc56tb	C
2020-04-13 21:58:53.038463	u/shineon1982	fnc5nu0	u/Synth131	fnbxuks	C
2020-04-13 21:59:53.251543	u/Frozenflame1986	fnc5pqj	u/LolerPlaysThings	fnbavqg	C
