2020-03-21 20:10:52.107049	u/ChronistV	fl5fzyk	u/Nash_underscore	fl2hwk1	C
2020-03-21 20:13:35.902887	u/blikje_soep	fl5g71o	u/memes-69-420	fl2kxhu	C
2020-03-21 20:14:43.036864	u/Caesaropapismno	fl5ga00	u/Grannys_Sledgehammer	fl5frjx	C
2020-03-21 20:14:45.240681	u/T0L0LP	fl5ga3l	u/depresso_espresso2	fl587w3	C
2020-03-21 20:15:12.932833	u/Relative-Crab	fl5gb6s	u/abductedpeanut	fl44uf1	C
2020-03-21 20:15:31.200166	u/Spacegeek2425	fl5gc8w	u/RepostSleuthBot	fl5cgvt	C
2020-03-21 20:15:47.851103	u/T0L0LP	fl5gcuf	u/depresso_espresso2	fl587w3	C
2020-03-21 20:16:15.951717	u/T0L0LP	fl5gdrg	u/depresso_espresso2	fl587w3	C
2020-03-21 20:16:38.968598	u/woodendoors7	fl5gf6l	u/Nash_underscore	fl2hwk1	C
2020-03-21 20:19:09.679986	u/a_very_small_dude	fl5gnv0	u/memes-69-420	fl2kxhu	C
2020-03-21 20:20:13.543283	u/Caesaropapismno	fl5guqj	u/Grannys_Sledgehammer	fl5grqv	C
2020-03-21 20:21:17.136181	u/Potatotheooflord	fl5gxf5	u/Kind-Pop	fl3zlqu	C
2020-03-21 20:21:36.472155	u/Potatotheooflord	fl5gy4n	u/memes-69-420	fl2kxhu	C
2020-03-21 20:22:43.001162	u/Potatotheooflord	fl5h0rx	u/harbac	fl2jkos	C
2020-03-21 20:22:51.474568	u/MyNamesHenk	fl5h128	u/RepostSleuthBot	fl4af45	C
2020-03-21 20:23:06.956963	u/Potatotheooflord	fl5h1xw	u/memes-69-420	fl2l921	C
2020-03-21 20:23:21.510523	u/hockey_boi124	fl5h2fs	u/shadow938	fl5e265	C
2020-03-21 20:23:29.922558	u/Potatotheooflord	fl5h2xi	u/DO_YOU_LIKE_277353	fl344nu	C
2020-03-21 20:23:36.512534	u/pussydestroyer69__	fl5h37b	u/sku11_kn1ght	fl41wfp	C
2020-03-21 20:23:37.508901	u/DabbingIsSo2015	fl5h3a2	u/YourLocalCreep	fl4hs4i	C
2020-03-21 20:23:54.439534	u/Potatotheooflord	fl5h4ay	u/dangernoodles628	fl3ygxg	C
2020-03-21 20:24:28.505916	u/MythicalAce	fl5h5tf	u/it_wooden_whistle	fl5fwx5	C
2020-03-21 20:25:02.247733	u/TheAmazingFl0ridaMan	fl5h6uq	u/Kind-Pop	fl3zlqu	C
2020-03-21 20:25:05.358811	u/dondon112207	fl5h70d	u/Kind-Pop	fl3zlqu	C
2020-03-21 20:25:11.655216	u/Capitan-Spaetzle	fl5h771	u/da_angry_bison	fl5c5h2	C
2020-03-21 20:25:56.544288	u/datpoot	fl5h9tn	u/woodendoors7	fl2hyeu	C
2020-03-21 20:26:04.145565	u/hockey_boi124	fl5ha69	u/woodendoors7	fl5h47j	C
2020-03-21 20:26:35.458882	u/hockey_boi124	fl5hc78	u/Kind-Pop	fl3zlqu	C
2020-03-21 20:26:44.722082	u/Kay0Oola_zoomermann	fl5hcxd	u/Kind-Pop	fl3zlqu	C
2020-03-21 20:26:47.714712	u/datpoot	fl5hd2f	u/woodendoors7	fl5haad	C
2020-03-21 20:27:07.768082	u/datpoot	fl5hepp	u/woodendoors7	fl5hct1	C
2020-03-21 20:27:16.206436	u/Kay0Oola_zoomermann	fl5hfde	u/woodendoors7	fl5he6k	C
2020-03-21 20:27:49.365300	u/fattyboi67	fl5hgzu	u/Kind-Pop	fl3zlqu	C
2020-03-21 20:27:50.170680	u/Ultra_Weaboo	fl5hh30	u/woodendoors7	fl5hfnf	C
2020-03-21 20:28:32.629818	u/Kay0Oola_zoomermann	fl5hk4f	u/woodendoors7	fl5hgs4	C
2020-03-21 20:28:38.296534	u/-_-noobmaster69_-_	fl5hkjv	u/GabeWhitman14	fl5fl9f	C
2020-03-21 20:28:54.154601	u/fattyboi67	fl5hlki	u/slashth456	fl58dmr	C
2020-03-21 20:28:56.887917	u/Potatotheooflord	fl5hlrl	u/dangernoodles628	fl5hj51	C
2020-03-21 20:29:01.571457	u/Http-Chief	fl5hmev	u/B3a_ns	fl4bqg7	C
2020-03-21 20:29:14.837328	u/Kay0Oola_zoomermann	fl5hneo	u/woodendoors7	fl5hl6f	C
2020-03-21 20:29:29.332148	u/MyNamesHenk	fl5hlb2	u/RepostSleuthBot	fl4e8s4	C
2020-03-21 20:30:05.811211	u/Potatotheooflord	fl5hq5f	u/dangernoodles628	fl5hnrk	C
2020-03-21 20:30:36.731398	u/CDN_Shadow	fl5hr65	u/justhereforthehumor	fl4bz7w	C
2020-03-21 20:31:02.468533	u/ryry2755	fl5hsiv	u/habbnn	fl5hqw1	C
2020-03-21 20:32:14.305621	u/fattyboi67	fl5hw1t	u/RepostSleuthBot	fl5cebu	C
2020-03-21 20:32:26.750338	u/Sarcovis	fl5hwoo	u/iiCheatr	fl57k6o	C
2020-03-21 20:32:54.638021	u/VeryDumbBastard	fl5hxop	u/Skunko	fl5ak4h	C
2020-03-21 20:33:27.324045	u/ryry2755	fl5hzax	u/habbnn	fl5hwvf	C
2020-03-21 20:34:05.416445	u/Liljriggsvault	fl5i1co	u/icaughtdemall	fl5dmtj	C
2020-03-21 20:34:35.665294	u/Charzam	fl5i2db	u/verygroot1	fl4cn1b	C
2020-03-21 20:35:20.335576	u/Magno_Pulzar	fl5i5b6	u/Master_JBT	fl4g84s	C
2020-03-21 20:35:25.478803	u/Sarcovis	fl5i5n7	u/thekipperwaslipper	fl5gvy0	C
2020-03-21 20:36:06.396459	u/thulfs	fl5i7rx	u/MagicHampster	fl5hd6c	C
2020-03-21 20:36:28.063656	u/CouldWouldShouldBot	fl5i8wi	u/B3a_ns	fl5i73o	C
2020-03-21 20:36:59.063270	u/pussydestroyer69__	fl5iaeo	u/UslashUslashUser	fl2wg8y	C
2020-03-21 20:37:26.902927	u/ChoicePeanut1	fl5ibfq	u/A_Wondering_Ego	fl5c8zr	C
2020-03-21 20:37:50.026737	u/TWBS_Sammy	fl5idbe	u/Kind-Pop	fl3zlqu	C
2020-03-21 20:37:55.907036	u/greenavacodo2	fl5idni	u/GlitterShit23-68	fl566fw	C
2020-03-21 20:38:00.636546	u/ZattisQ	fl5idum	u/shadow938	fl5e265	C
2020-03-21 20:38:54.712212	u/YellowSoda13	fl5ihcu	u/RepostSleuthBot	fl4y10n	C
2020-03-21 20:38:59.181127	u/ob103ninja	fl5ihjx	u/RepostSleuthBot	fl5idcr	C
2020-03-21 20:39:17.766133	u/urmummygaaaay	fl5ij6f	u/CashMachine2192	fl50l20	C
2020-03-21 20:39:28.329683	u/ChainedFrostInk	fl5ihyk	u/RepostSleuthBot	fl4e8s4	C
2020-03-21 20:39:35.700900	u/hotpotatodude	fl5ijan	u/Rustyy60	fl4vih6	C
2020-03-21 20:39:59.821325	u/lololipop321	fl5il8c	u/Foreign-Elderberry	fl52vau	C
2020-03-21 20:40:57.063457	u/hotpotatodude	fl5io2i	u/Rustyy60	fl4wxzz	C
2020-03-21 20:41:40.984745	u/hawkeye726	fl5ipt2	u/lilchonk69	fl5ineq	C
2020-03-21 20:41:42.180243	u/X3rxyz	fl5ipu9	u/Kind-Pop	fl3zlqu	C
2020-03-21 20:41:50.462619	u/Baniel20002	fl5ipz0	u/B3a_ns	fl5iezg	C
2020-03-21 20:41:59.649957	u/SuperM789	fl5iqj9	u/TheRealAttacker	fl5517m	C
2020-03-21 20:42:08.464107	u/Ediblemilk	fl5ir14	u/Frylemons	fl57obm	C
2020-03-21 20:42:21.058122	u/Willbur06	fl5irp6	u/foofthetaco	fl55pqf	C
2020-03-21 20:42:26.821245	u/DragoDoctor67	fl5irst	u/B3a_ns	fl5ikvn	C
2020-03-21 20:42:34.019308	u/niamarkusa	fl5is2v	u/woodendoors7	fl5ih0y	C
2020-03-21 20:43:05.131691	u/Willbur06	fl5itm0	u/kaiden017	fl51tyj	C
2020-03-21 20:43:16.680995	u/joshfanning	fl5iu4m	u/RepostSleuthBot	fl5ilf9	C
2020-03-21 20:43:18.835510	u/killedbyshrek	fl5iube	u/it_wooden_whistle	fl5i810	C
2020-03-21 20:43:40.478392	u/Willbur06	fl5iv8c	u/CacklettasMinion	fl4q4pf	C
2020-03-21 20:43:56.477346	u/DragoDoctor67	fl5ivk9	u/Kind-Pop	fl3zlqu	C
2020-03-21 20:44:43.697255	u/Gonk_droid457	fl5ixv5	u/B3a_ns	fl5irr0	C
2020-03-21 20:45:21.610901	u/Willbur06	fl5izja	u/Foreign-Elderberry	fl52eex	C
2020-03-21 20:45:42.764307	u/GremlinEsme	fl5j16u	u/verygroot1	fl5faga	C
2020-03-21 20:46:10.024160	u/woooshifudumb	fl5j25a	u/chitownstoner	fl52dih	C
2020-03-21 20:46:15.993768	u/Sarcovis	fl5j2bu	u/thekipperwaslipper	fl5imka	C
2020-03-21 20:46:18.883875	u/Pete0970	fl5j2e5	u/VeryCool6969	fl2zi7z	C
2020-03-21 20:46:23.709598	u/MrSaucyAlfredo	fl5j2ln	u/HyperdriveTV	fl5cxsj	C
2020-03-21 20:46:26.590405	u/FinnaTey	fl5j2v6	u/KKirscheAufSahne	fl4z8mo	C
2020-03-21 20:46:33.031812	u/ItSAgaInStthEruLeS1	fl5j34v	u/RepostSleuthBot	fl5im0q	C
2020-03-21 20:47:26.210599	u/woooshifudumb	fl5j5af	u/byers1225	fl55hjr	C
2020-03-21 20:47:58.972908	u/i-am-just-A-USER	fl5j6x8	u/R3D03	fl5blsk	C
2020-03-21 20:48:06.190323	u/11_throwaways_later_	fl5j77c	u/jmulderr	fl5daqz	C
2020-03-21 20:48:08.553638	u/Gonk_droid457	fl5j7ab	u/RepostSleuthBot	fl5evbj	C
2020-03-21 20:48:15.665928	u/ChoicePeanut1	fl5j7hi	u/PM-Me-Ur-Plants	fl59o9u	C
2020-03-21 20:48:45.209648	u/YxngScrewdriver	fl5j98i	u/Grannys_Sledgehammer	fl5ecem	C
2020-03-21 20:48:58.896593	u/WillSportz1	fl5j9nj	u/subreddit-101	fl5bgsw	C
2020-03-21 20:49:25.717757	u/SnorlaxMaster65	fl5jba6	u/B3a_ns	fl5ie3d	C
2020-03-21 20:49:40.859581	u/Anubis161-	fl5jcfq	u/Skunko	fl53pwu	C
2020-03-21 20:49:41.390667	u/Http-Chief	fl5jcj3	u/RepostSleuthBot	fl5infk	C
2020-03-21 20:49:46.957073	u/Http-Chief	fl5jcwl	u/RepostSleuthBot	fl5infk	C
2020-03-21 20:49:59.646081	u/DatBoiKarlsson	fl5je5d	u/Unknownghost17	fl5f0y9	C
2020-03-21 20:50:05.833328	u/11_throwaways_later_	fl5jf3u	u/subreddit-101	fl5bdwq	C
2020-03-21 20:50:43.210594	u/Http-Chief	fl5jgpz	u/it_wooden_whistle	fl5iusm	C
2020-03-21 20:50:52.333556	u/Anubis161-	fl5jh0e	u/AutoModerator	fl48w17	C
2020-03-21 20:50:54.543820	u/Bobbert-The-Second	fl5jhav	u/kotm8isgut	fl525z9	C
2020-03-21 20:51:02.017696	u/hazzardgamez	fl5jhkd	u/abductedpeanut	fl44uf1	C
2020-03-21 20:51:26.675498	u/satanshand	fl5jij6	u/Bierbart12	fl5jgbg	C
2020-03-21 20:51:47.022690	u/MyNamesHenk	fl5jjko	u/RepostSleuthBot	fl5infk	C
2020-03-21 20:52:20.898251	u/Http-Chief	fl5jlbw	u/it_wooden_whistle	fl5jjfy	C
2020-03-21 20:52:33.774070	u/Http-Chief	fl5jlpq	u/it_wooden_whistle	fl5jjfy	C
2020-03-21 20:52:40.702161	u/TinyTurtleTank	fl5jm0u	u/LoneWolfFalling	fl4mxpr	C
2020-03-21 20:52:51.031394	u/Sir_Alice	fl5jmf7	u/RepostSleuthBot	fl5infk	C
2020-03-21 20:52:53.309303	u/Ap125679	fl5jmjd	u/yeetdablitfam	fl578ni	C
2020-03-21 20:52:54.343250	u/troopervest	fl5jmmp	u/RepostSleuthBot	fl4ai86	C
2020-03-21 20:52:56.549369	u/mc19rh6	fl5jmt0	u/AutoModerator	fl3q9oy	C
2020-03-21 20:53:20.709007	u/troopervest	fl5jno6	u/AutoModerator	fl42raa	C
2020-03-21 20:53:55.657315	u/dasswindler	fl5jpfy	u/AutoModerator	fl4hfgt	C
2020-03-21 20:54:09.016771	u/I-D0nt-Underst4nd	fl5jq13	u/AutoModerator	fl5j477	C
2020-03-21 20:54:10.025058	u/XHATTAHX	fl5jq1c	u/verygroot1	fl5faga	C
2020-03-21 20:54:23.598856	u/ImATrashPlayer_101	fl5jqh5	u/thekipperwaslipper	fl5ii0u	C
2020-03-21 20:54:24.584773	u/troopervest	fl5jqj7	u/woodendoors7	fl5ih0y	C
2020-03-21 20:54:25.574159	u/imafuckingtoaster467	fl5jqji	u/woodendoors7	fl5h47j	C
2020-03-21 20:54:28.763723	u/kingpotato999	fl5jqqv	u/yeetdablitfam	fl572a4	C
2020-03-21 20:54:34.503056	u/dblsmk288337	fl5jqyc	u/Zeldawolfm12	fl3qzpr	C
2020-03-21 20:54:36.682481	u/Big_Birb_Offical	fl5jr7w	u/Alex13104	fl3yp31	C
2020-03-21 20:54:44.232922	u/troopervest	fl5jrfv	u/woodendoors7	fl5jb9p	C
2020-03-21 20:55:23.141296	u/I-FAP-TO-SNOO	fl5jstv	u/NeitherHost7	fl5jbuy	C
2020-03-21 20:55:26.884248	u/troopervest	fl5jsxz	u/woodendoors7	fl5js4f	C
2020-03-21 20:55:35.151666	u/Big_Birb_Offical	fl5jtcg	u/shaunpawn224	fl538j9	C
2020-03-21 20:55:45.116250	u/stopyou	fl5jtmj	u/woodendoors7	fl5hct1	C
2020-03-21 20:55:53.105165	u/Yannick9999	fl5jtzh	u/Joseppi-Stalini	fl5jo2r	C
2020-03-21 20:56:04.963816	u/leafbou	fl5jub4	u/AutoModerator	fl3q9oy	C
2020-03-21 20:56:05.903222	u/imafuckingtoaster467	fl5judz	u/woodendoors7	fl5jta1	C
2020-03-21 20:56:06.835410	u/KarenTheLogicSlayer	fl5juf9	u/manboichild	fl5j2dl	C
2020-03-21 20:56:16.008406	u/Mrguerrerosixnine	fl5juv1	u/SillyShow5	fl4y4bu	C
2020-03-21 20:56:16.946937	u/XykronDevil	fl5juw3	u/kristallglad	fl5ju03	C
2020-03-21 20:56:48.745720	u/Ultra_Weaboo	fl5jw30	u/AutoModerator	fl5jg2m	C
2020-03-21 20:56:54.990404	u/EpicMangoQueen	fl5jw76	u/AutoModerator	fl5jspq	C
2020-03-21 20:56:58.799491	u/FrenchWerewolf	fl5jwie	u/Bierbart12	fl5jgbg	C
2020-03-21 20:57:12.195636	u/Mushypopcorn	fl5jxea	u/canned-america	fl4s037	C
2020-03-21 20:57:13.954020	u/Im-a-uhhh	fl5jxh4	u/AutoModerator	fl2og9h	C
2020-03-21 20:57:26.800318	u/TWBS_Sammy	fl5jy8s	u/AutoModerator	fl5ju8w	C
2020-03-21 20:57:28.655292	u/KarenTheLogicSlayer	fl5jy9i	u/manboichild	fl5jwqc	C
2020-03-21 20:57:40.864095	u/real_JustinWest	fl5jyzl	u/LonnieBird	fl5jvok	C
2020-03-21 20:57:47.981649	u/Mohammad927	fl5jzaf	u/uptousflamey	fl5h7p8	C
2020-03-21 20:58:02.597250	u/stopyou	fl5jzsf	u/woodendoors7	fl5jwz4	C
2020-03-21 20:58:03.408099	u/z0mbieshift	fl5jztm	u/KKirscheAufSahne	fl4tyr0	C
2020-03-21 20:58:30.556577	u/TheReal_CoCo	fl5k1fq	u/verygroot1	fl5faga	C
2020-03-21 20:58:57.595728	u/ChoicePeanut1	fl5k2x9	u/PM-Me-Ur-Plants	fl5jrmr	C
2020-03-21 20:59:00.427650	u/KarenTheLogicSlayer	fl5k31h	u/manboichild	fl5k0t4	C
2020-03-21 20:59:17.164810	u/DragoDoctor67	fl5k4di	u/AutoModerator	fl5k32r	C
2020-03-21 20:59:31.979681	u/KarenTheLogicSlayer	fl5k5b0	u/manboichild	fl5k4j0	C
2020-03-21 20:59:46.410337	u/stopyou	fl5k6c0	u/woodendoors7	fl5k3hc	C
2020-03-21 20:59:47.239415	u/DragoDoctor67	fl5k6ca	u/Wheel31	fl5790b	C
2020-03-21 20:59:50.955295	u/Sir_Alice	fl5k6hi	u/currymonster3000	fl3trv3	C
2020-03-21 20:59:54.771721	u/DragoDoctor67	fl5k6ug	u/iiCheatr	fl57k6o	C
2020-03-21 20:59:55.058742	u/Terminator194	fl5k6v8	u/habbnn	fl5hsm6	C
2020-03-21 20:59:57.550269	u/AIsbell5	fl5k702	u/OrochiMain98	fl3ullk	C
2020-03-21 20:59:57.750894	u/KarenTheLogicSlayer	fl5k73q	u/manboichild	fl5k5wx	C
