2020-03-26 21:00:03.477933	u/SECTricks	flly3hi	u/fualtyzane	flly0jj	C
2020-03-26 21:00:05.884287	u/GoPats6996	flly3jb	u/leaderofthevirgins	fll1qt7	C
2020-03-26 21:00:17.940088	u/karysmatique	flly3w7	u/fualtyzane	flly2rm	C
2020-03-26 21:00:21.661400	u/weirdhoe69	flly3yq	u/Outlandischer	flknlen	C
2020-03-26 21:00:51.482574	u/DABANDYEET360	flly4yu	u/predalien_	fllifs3	C
2020-03-26 21:00:53.772835	u/Oopodoopo	flly51d	u/minecraftisthebest6	flly3wv	C
2020-03-26 21:01:08.182555	u/whyyesbutno	flly5lw	u/rasputinrasputin	fll5imj	C
2020-03-26 21:01:18.945952	u/weirdhoe69	flly623	u/AwesomeAnsh	fllm6sd	C
2020-03-26 21:02:00.926576	u/BertoIsTrash	flly7ag	u/Oopodoopo	fllxlwp	C
2020-03-26 21:02:15.362239	u/ChonkyBread	flly7ny	u/Fadeless_Editz	fll3osa	C
2020-03-26 21:02:35.062333	u/pindapandajelly	flly88j	u/NotEnoughCream	fllxu6d	C
2020-03-26 21:04:41.572651	u/Banana_Blazer420	fllyd4u	u/ThyCousinChoice	fllybg8	C
2020-03-26 21:04:57.891971	u/mrkvicka02	fllydmm	u/Tru_Drone_Videos	flkl4m8	C
2020-03-26 21:05:09.053596	u/Aideen14	fllyeca	u/fualtyzane	flj1zeq	C
2020-03-26 21:05:15.070699	u/Clipped-Gaming	fllyegx	u/getyourrealfakedoors	fllxodl	C
2020-03-26 21:05:36.464665	u/SymbioteSupreme	fllyfba	u/PhotonWithMass	flls1s6	C
2020-03-26 21:06:01.274374	u/Mason5659	fllygir	u/milk_connoisseur23	fllyb42	C
2020-03-26 21:06:31.785463	u/doodle82818	fllyho2	u/Billy_T_Wierd	fllxqsi	C
2020-03-26 21:06:54.731198	u/_klingenprinz	fllyioi	u/Respect_Paying_Bot	flluf78	C
2020-03-26 21:07:13.351491	u/H0N3YC0MB	fllyjp5	u/RealShakespeare	flletcc	C
2020-03-26 21:07:43.511622	u/yeetyeetlollollol	fllylhs	u/IAmNotABotFromRussia	fllw8nb	C
2020-03-26 21:07:58.849748	u/tabion2000	fllymf0	u/AmishPoser	fllyif2	C
2020-03-26 21:08:08.293292	u/-ORIGINAL-	fllymoz	u/Krystofur7	fllov2w	C
2020-03-26 21:09:11.414166	u/slowdownbuckaroo	fllype9	u/Wheel31	fl5790b	C
2020-03-26 21:09:14.879673	u/julfreegame	fllypky	u/Dj_Rowan31	fllx9fs	C
2020-03-26 21:09:20.132699	u/Foxiquax	fllypvk	u/itsyoboi33	fll5zwv	C
2020-03-26 21:09:23.902164	u/RAPcity_in_Black	fllyq48	u/MakesYouLookSilly	fllxhqt	C
2020-03-26 21:09:48.760590	u/Jumbo_Cactaur	fllzun2	u/drinkin_ur_squirt	flluma9	C
2020-03-26 21:09:54.289040	u/pman901	fllzuxw	u/MINATO8622	fllc28p	C
2020-03-26 21:10:05.410946	u/thatsagoodpointbut	fllzvi6	u/jamesben04	fllx0ub	C
2020-03-26 21:10:15.519778	u/iamdepressedguys	fllzvn1	u/Proegg22	fllyldh	C
2020-03-26 21:10:23.677078	u/HauntedCoffeeCup	fllzvqf	u/hussey84	fllwxvo	C
2020-03-26 21:10:26.003528	u/A-person-in-america	fllzvvm	u/LameBMX	fllyubh	C
2020-03-26 21:10:31.283603	u/KV2isDeadly	fllzvyi	u/xdMatthewbx	fllztph	C
2020-03-26 21:10:38.204794	u/Gonzila077	fllzw1h	u/DeuxExMachina714	fllz4mm	C
2020-03-26 21:10:40.901730	u/QuintessentialIdiot	fllzw2o	u/PokePercy2209	fpk5u9	S
2020-03-26 21:10:45.410039	u/itsalltucci	fllzw47	u/fualtyzane	fllza3q	C
2020-03-26 21:10:50.028650	u/JustABeast8901	fllzw8z	u/canyoueatchicken	flk9m61	C
2020-03-26 21:11:04.109345	u/im_jAyPeE	fllzwhz	u/dragonswag506	fllmi1t	C
2020-03-26 21:11:14.544102	u/DetalPy	fllzws8	u/karlschaitea	fllpgbq	C
2020-03-26 21:11:53.839511	u/Dolphin567432	fllzy60	u/MajesticRocker	fllgg85	C
2020-03-26 21:12:20.621681	u/Beb_22	fllzz1v	u/Starwarsmemes13	fleww7a	C
2020-03-26 21:12:32.396480	u/Highground69420	fllzz9q	u/prevotvio	fljoprf	C
2020-03-26 21:12:36.829431	u/TheSteamCrusader	fllzzcz	u/Vaultboy474	fllzvzx	C
2020-03-26 21:12:40.187420	u/somebodywhoateapie	fllzzdw	u/MidnightDoesThings	fllznaf	C
2020-03-26 21:12:53.192803	u/ClickedWheat961	fllzzwp	u/Avongrane	fllzz2a	C
2020-03-26 21:13:06.294120	u/AstroBastard312	flm00as	u/The_Shittiest_Meme	fllthld	C
2020-03-26 21:13:57.300346	u/Zorubark	flm01ox	u/moistnessboi	fllzb0l	C
2020-03-26 21:15:01.076521	u/LemonDuck813	flm03ts	u/SoleSurvivor-2277	fllyer0	C
2020-03-26 21:15:24.040181	u/ArcticToast69	flm04gm	u/cabbagemelon	flld5uz	C
2020-03-26 21:15:33.834129	u/febfreeze	flm04np	u/PLAMETREE	flm032r	C
2020-03-26 21:15:38.099765	u/koldimon	flm04q6	u/NCoV-19	fllz0ex	C
2020-03-26 21:15:41.029985	u/Enki-Dievas	flm04sa	u/KingdesUniversums	flldolb	C
2020-03-26 21:15:50.011860	u/damian016	flm04z2	u/KingdesUniversums	flldolb	C
2020-03-26 21:15:57.421713	u/Chefs_ravioli	flm055f	u/LilJapKid	fllmopj	C
2020-03-26 21:16:00.531916	u/Mawleyyy	flm058m	u/RepostSleuthBot	fllkpq0	C
2020-03-26 21:16:30.296640	u/rosdos100	flm05z6	u/ZbrojovkaBRNO	flirp6q	C
2020-03-26 21:16:55.279371	u/contentp0licy	flm06sb	u/ImACumWhore	fll9s1h	C
2020-03-26 21:17:20.391473	u/oldgenmemelord	flm07cg	u/HazShit	fljey6u	C
2020-03-26 21:17:39.103983	u/Us3r_N4me_T4k3n	flm089k	u/RepostSleuthBot	fllyoq3	C
2020-03-26 21:18:01.702832	u/Canadian-Cheese	flm08ry	u/A-person-in-america	fllzvvm	C
2020-03-26 21:18:22.445582	u/mcgheezeee	flm09jp	u/1BLEES	fllzw38	C
2020-03-26 21:18:57.758234	u/MrMoustachio	flm0ave	u/BigBrain0987654321	fllug7a	C
2020-03-26 21:19:06.251336	u/I-MadeYouReadThis	flm0b8a	u/racerfree	flkebu0	C
2020-03-26 21:19:08.385176	u/Only-Wholesome	flm0b9o	u/BalGu	flltcp7	C
2020-03-26 21:19:14.719408	u/TheTore_	flm0bm8	u/danksoulspraiseit420	fllzlpv	C
2020-03-26 21:19:19.273489	u/FFilli	flm0btl	u/RepostSleuthBot	fllgpdg	C
2020-03-26 21:19:38.985788	u/7InchesUnbuffed	flm0cnt	u/IcyBriskTea	flknc4r	C
2020-03-26 21:19:42.874807	u/SciencetistPrick	flm0crq	u/MakesYouLookSilly	fllxhqt	C
2020-03-26 21:19:58.295458	u/Seirra-117	flm0dvw	u/domiiinater	fllkzs5	C
2020-03-26 21:19:58.832822	u/downtrim	flm0dyy	u/imabrocoli	flli6xr	C
2020-03-26 21:20:00.137971	u/DemonHDTV2	flm0eb6	u/tkdgirl101	fllxqyf	C
2020-03-26 21:21:54.578992	u/CoolManBoiNumber1	flm0ho1	u/1BLEES	flm0fnm	C
2020-03-26 21:22:38.596765	u/__Existence	flm0ift	u/yeetyeetlollollol	fllylhs	C
2020-03-26 21:22:57.910897	u/The-MMM	flm0jbh	u/FFilli	flm0gpr	C
2020-03-26 21:23:02.224955	u/Bhawks489	flm0ji2	u/MrMoustachio	flm0gdx	C
2020-03-26 21:23:11.163035	u/VastTrail	flm0jna	u/justbc324	fllz250	C
2020-03-26 21:23:22.312857	u/xX_420_blaze_itXx	flm0jx3	u/Mystery0623	fllkwa6	C
2020-03-26 21:23:39.193683	u/SomeOne111Z	flm0kfv	u/RepostSleuthBot	fllnfl4	C
2020-03-26 21:23:45.290438	u/FF5615	flm0knv	u/minecraftisthebest6	flm0k2a	C
2020-03-26 21:24:09.454266	u/InsertFunnyName69	flm0lm3	u/fualtyzane	fll6djt	C
2020-03-26 21:24:11.559558	u/Takoten	flm0lmo	u/MyHandleisHandle	flm0bmd	C
2020-03-26 21:24:14.504604	u/0728Red	flm0lp3	u/terpcloudsurfer	fllzmmd	C
2020-03-26 21:24:26.484253	u/LeGerson	flm0lzy	u/imaginePunnything	fll8myv	C
2020-03-26 21:24:29.378087	u/LIcefoxL	flm0m0e	u/DarkAura_117	fll7ght	C
2020-03-26 21:25:08.488948	u/Double_AA_3333	flm0njb	u/PCtheInternetUser	fllik84	C
2020-03-26 21:25:16.754396	u/SaltyZoutzak	flm0nm5	u/1BLEES	flm0h67	C
2020-03-26 21:25:38.485553	u/PointedHydra837	flm0oms	u/toenailsareyum	flleqtm	C
2020-03-26 21:25:51.656105	u/derschreddr	flm0oym	u/VillageRaidEmrald	fllzio0	C
2020-03-26 21:26:06.035968	u/Nearchy	flm0p32	u/ymonger	fllsysz	C
2020-03-26 21:26:13.416171	u/ReddzPOG	flm0pcq	u/PoTateoBTW	fllt6mn	C
2020-03-26 21:26:19.353458	u/ThePugThatLikesCake	flm0pgy	u/LeonOfTheLion	fpfzcb	S
2020-03-26 21:26:25.296148	u/nabraxcii	flm0pmb	u/doyouknowdewsy	flm0mga	C
2020-03-26 21:27:56.665471	u/shareef93h	flm0tn8	u/nomodspleasedont	flm0lyw	C
2020-03-26 21:28:02.595104	u/Indominus_Khanum	flm0to6	u/ElCuerno	fllbdtu	C
2020-03-26 21:28:27.573276	u/Master-Junket	flm0uss	u/kentthehippo	fllznl0	C
2020-03-26 21:28:29.864089	u/VeNomX_Spitzer	flm0uto	u/ImACumWhore	fll9s1h	C
2020-03-26 21:28:32.623748	u/IAmDeBigGoofy	flm0uxx	u/HaileeNun13	fllzugn	C
2020-03-26 21:28:41.718316	u/Ty_128	flm0vi6	u/Tru_Drone_Videos	fllzlyq	C
2020-03-26 21:29:07.172390	u/Whokitty9	flm0wcs	u/racerfree	fllge71	C
2020-03-26 21:29:10.226962	u/frenchfrygirll	flm0wlz	u/fualtyzane	fllqtnv	C
2020-03-26 21:29:15.195194	u/r_patterson	flm0wvj	u/ethntho	flkkl74	C
2020-03-26 21:29:21.323580	u/JustADragon55	flm0x6w	u/fualtyzane	fllwg66	C
2020-03-26 21:29:30.283167	u/Buzzdanume	flm0xny	u/freckleear	flk76s4	C
2020-03-26 21:29:42.183913	u/eodknight23	flm0ywy	u/racerfree	flll4hi	C
2020-03-26 21:29:43.877574	u/lolOmega1234	flm0yzu	u/TFW_YT	fli4c04	C
2020-03-26 21:29:56.807099	u/nathanielgallant	flm0zvx	u/AutoModerator	fll1ze6	C
2020-03-26 21:29:57.555275	u/SheWhoSautes	flm0zxr	u/Asriel_Dreeeemurr	fllw0v0	C
2020-03-26 21:30:07.437358	u/Maxessy18	flm10sl	u/walnutsaredecent	fllxws8	C
2020-03-26 21:30:41.176989	u/lolOmega1234	flm11rn	u/TFW_YT	flm10fu	C
2020-03-26 21:30:44.824015	u/Royalty19	flm11sf	u/green_lean_peen	flkrq9a	C
2020-03-26 21:31:09.017892	u/yeetbagels2thesun	flm12ne	u/Maxessy18	flm10sl	C
2020-03-26 21:31:14.166175	u/JakoLee	flm12ps	u/JakeTheSandMan	fllegsk	C
2020-03-26 21:32:01.536215	u/noneedtoskeet	flm13qa	u/leaderofthevirgins	fll1u5r	C
2020-03-26 21:32:06.750373	u/p0ppppp3	flm13vq	u/Anay_Singh	flk50zv	C
2020-03-26 21:32:10.472177	u/duckdotdvck	flm13yz	u/AndreyRussian1	flkeflz	C
2020-03-26 21:32:17.369078	u/cats_are_cool_2	flm1484	u/AutoModerator	fll1ze6	C
2020-03-26 21:32:35.687857	u/asensitiveguy	flm14t0	u/struzcmemelord	flm0x9q	C
2020-03-26 21:32:49.447032	u/ODiogoSilva	flm14zt	u/flounder1593	fpfcwp	S
2020-03-26 21:32:55.847561	u/Yinto_Zeroshiki	flm158c	u/rextain	fllz085	C
2020-03-26 21:32:59.187406	u/miniladds-clone	flm15am	u/heliotropicsunspot	flm130m	C
2020-03-26 21:33:03.498891	u/cruzangeliiic	flm15j8	u/Dinomite35	flly4dd	C
2020-03-26 21:33:06.700699	u/Jidzeb	flm15km	u/PunchNmunch	flm0tp8	C
2020-03-26 21:33:42.808728	u/randomdudeinFL	flm16sa	u/78even	flm0i7i	C
2020-03-26 21:34:27.482311	u/some-ginger-dude	flm18pd	u/fualtyzane	fllwgs0	C
2020-03-26 21:34:49.407787	u/washedingray	flm19kb	u/UsernameIsntTakenLol	fllmto9	C
2020-03-26 21:34:55.285402	u/Awesomepants111	flm19vp	u/Dudi_Dogg	fllicu6	C
2020-03-26 21:35:18.262307	u/ThatOneRedYoshi	flm1agg	u/erk_is_here	fllxqki	C
2020-03-26 21:35:25.848469	u/SlM0N1	flm1aou	u/bazalvid	flm19c0	C
2020-03-26 21:35:47.171933	u/modswillburninhell	flm1b9g	u/GuyWhoEditsTemplates	flka4p6	C
2020-03-26 21:35:51.019124	u/President_Coolidge	flm1bdl	u/Tru_Drone_Videos	flljir7	C
2020-03-26 21:36:00.455525	u/drfunnyb	flm1bku	u/freddie8875	flm18u6	C
2020-03-26 21:36:07.045469	u/mickecd1989	flm1bpc	u/Schrutey	fllzqk6	C
2020-03-26 21:36:15.912071	u/Lagarya	flm1byb	u/realsuperguy199	flm0u7p	C
2020-03-26 21:36:17.775856	u/B3ATSCRATCHER	flm1c3b	u/RepostSleuthBot	flm0g5e	C
2020-03-26 21:37:06.449789	u/ateur5	flm1dab	u/justbc324	fllz250	C
2020-03-26 21:37:19.038243	u/Fariswerewolves	flm1dmz	u/Draydaslay	fllvv4u	C
2020-03-26 21:37:24.008804	u/Red-vega	flm1dpi	u/Tag-BR2017	fpi9aj	S
2020-03-26 21:38:04.980111	u/blank_est_dank	flm1f7c	u/bubbleboysdad	flm1edt	C
2020-03-26 21:38:13.258814	u/hazzmg	flm1fjw	u/crusader-4300	fljkvol	C
2020-03-26 21:39:06.787108	u/1000doggos	flm1hf2	u/bigchillsharky	flkeif1	C
2020-03-26 21:39:11.250388	u/LeoCx1000	flm1hwm	u/Pleasant-Albatross	fll37t4	C
2020-03-26 21:39:12.524997	u/iamCornholio-69	flm1hz3	u/realsuperguy199	flm0u7p	C
2020-03-26 21:39:14.393206	u/tekcin	flm1i2d	u/slepx	flkpssy	C
2020-03-26 21:39:25.212379	u/Aint_Falco	flm1ipg	u/realsuperguy199	flm0u7p	C
2020-03-26 21:39:28.393299	u/selv3rly	flm1ixc	u/SangiMTL	flm0sad	C
2020-03-26 21:39:34.204028	u/Unmeng	flm1j7i	u/BigSkuu	fllx4zu	C
2020-03-26 21:39:50.717759	u/WizardLazers	flm1jyn	u/fualtyzane	fllywe8	C
2020-03-26 21:39:52.994668	u/Fake_Bot_	flm1kaq	u/CrimsonTweedle	fllsxy1	C
2020-03-26 21:39:55.020010	u/TheLamb_Sauce_	flm1kju	u/RepostSleuthBot	fllk0pq	C
2020-03-26 21:39:56.015924	u/TrooperUnit001	flm1km2	u/SheevIsGod	fllv9d0	C
2020-03-26 21:39:57.522563	u/PV0314	flm1kor	u/blank_est_dank	flm1f7c	C
2020-03-26 21:40:16.924272	u/bobosubasi711	flm1l7n	u/PuravTheGreat	flh0urx	C
2020-03-26 21:40:25.077083	u/I-want-to-d1e	flm1ldv	u/BalGu	flltgze	C
2020-03-26 21:40:39.956620	u/Trollex-MCM-YT	flm1lhd	u/BallisticBlocker	fllohas	C
2020-03-26 21:40:44.668882	u/CoochieEatingASMR	flm1llt	u/LLtK926	fllhdk5	C
2020-03-26 21:40:58.343928	u/Festus05	flm1lyj	u/asensitiveguy	flm1gbv	C
2020-03-26 21:41:11.162215	u/Jcksn_Frrs	flm1mg5	u/Mystykk	fllx4u5	C
2020-03-26 21:41:26.293377	u/KappaPride921	flm1n8h	u/Rubicon-3	fllx9mo	C
2020-03-26 21:41:29.754110	u/BluuBaby0330	flm1nab	u/AutoModerator	flm1fab	C
2020-03-26 21:41:35.592594	u/Drakazure1324	flm1nb9	u/feras-sniper	fllz93h	C
2020-03-26 21:42:04.099387	u/launinasoto	flm1nxg	u/TheBazeur	flk5jfx	C
2020-03-26 21:42:18.222436	u/egodoctor	flm1ogl	u/Fariswerewolves	fllyvqp	C
2020-03-26 21:42:31.933240	u/DarkUser521	flm1p9t	u/racerfree	flkqibi	C
2020-03-26 21:42:53.077696	u/M5hark	flm1pwp	u/Ju88-Stuka	flm078h	C
2020-03-26 21:43:14.154509	u/BananaDictator29	flm1qaa	u/ImACumWhore	fll9s1h	C
2020-03-26 21:43:28.963735	u/corndollar	flm1qw3	u/Ty_128	flm0vi6	C
2020-03-26 21:43:32.110885	u/thegrundleking	flm1r3n	u/ShinjiBoi	flm19uj	C
2020-03-26 21:44:06.225166	u/JERUSALEMFIGHTER63	flm1sn5	u/-HoverFly-	fll6wih	C
2020-03-26 21:44:12.686314	u/nightcoder420	flm1svx	u/yeetbagels2thesun	flm12ne	C
2020-03-26 21:44:34.295606	u/Masca_149	flm30fy	u/ComplexRaven	flm2z5x	C
2020-03-26 21:45:40.544451	u/Reece1492	flm31zn	u/racerfree	flm17d0	C
2020-03-26 21:45:42.560801	u/Alskal42	flm321i	u/Xploiter_RBLX	flm2x9h	C
2020-03-26 21:45:54.943402	u/DeactivateUrAccount	flm32rr	u/Sprizys	fllze7c	C
2020-03-26 21:45:56.944645	u/gtm_84	flm32ve	u/pasqual__E	fpoa5o	S
2020-03-26 21:45:58.866608	u/PenguinSquire	flm32xn	u/AmishPoser	fllzwdp	C
2020-03-26 21:46:21.402445	u/The-Last-Mole-Man	flm33oj	u/nathanielgallant	flm1bnd	C
2020-03-26 21:46:25.290590	u/mandeelou	flm33ry	u/Wsdies	flm2f9b	C
2020-03-26 21:46:56.624773	u/KatKoin	flm35os	u/1BLEES	flm308k	C
2020-03-26 21:47:09.813758	u/sire_uri1	flm36e1	u/racerfree	flm2xrf	C
2020-03-26 21:47:24.573990	u/BlUchIcK	flm36xg	u/launinasoto	flm1nxg	C
2020-03-26 21:47:44.510768	u/LegendBladerTV	flm37m5	u/racerfree	fllihe1	C
2020-03-26 21:48:11.461305	u/Muleshoe450	flm38mg	u/BigDaddyStalin69	fllt2ux	C
2020-03-26 21:48:34.903958	u/zapworm	flm39be	u/1BLEES	fllyk2m	C
2020-03-26 21:48:41.806026	u/MindstormAndy	flm39h4	u/Xploiter_RBLX	flm34ut	C
2020-03-26 21:48:46.238832	u/chocolate-jellyfish	flm39qn	u/MrMango69420666	flm0x41	C
2020-03-26 21:49:02.016513	u/zapworm	flm3amt	u/1BLEES	fllylb4	C
2020-03-26 21:49:04.826027	u/Wefflesq	flm3aps	u/justbc324	fllpq44	C
2020-03-26 21:49:25.618312	u/mynameisgwen	flm3bl2	u/RepostSleuthBot	fllnfl4	C
2020-03-26 21:49:30.859153	u/JuanLilG	flm3bwt	u/RepostSleuthBot	flm3970	C
2020-03-26 21:49:35.913526	u/simpi36	flm3c6v	u/fualtyzane	flhq9oh	C
2020-03-26 21:49:52.093264	u/DynamiteTatertot	flm3dbu	u/I_love_potatoes_1234	flm3as9	C
2020-03-26 21:49:54.792444	u/Kylel0519	flm3doy	u/Motown06	fllv4g8	C
2020-03-26 21:50:20.179821	u/Mithykk	flm3eun	u/Seanbyrne_28964	flm2sy6	C
2020-03-26 21:50:37.927909	u/Gremaldus	flm3fq9	u/Lil-Sleepy-A1	flm1fl4	C
2020-03-26 21:51:03.999059	u/maccathegoat	flm3gxh	u/RepostSleuthBot	flm3ekv	C
2020-03-26 21:51:40.908056	u/jobe96	flm3ili	u/lolcatcatcatcat	fl9j5mm	C
2020-03-26 21:52:18.289544	u/Aalu_Pidalu	flm3jlo	u/NotDewam	flld4ck	C
2020-03-26 21:52:29.522907	u/8_BYT	flm3k0s	u/AutoModerator	flkqaud	C
2020-03-26 21:52:31.720827	u/Potato_Piccasso	flm3k16	u/struzcmemelord	flm2sf0	C
2020-03-26 21:53:02.645211	u/Thetaphan	flm3kyd	u/Shapen360	fllu318	C
2020-03-26 21:53:19.433368	u/g0lem_	flm3ll3	u/1BLEES	flm3194	C
2020-03-26 21:53:42.614513	u/TheDeadlyOctopus	flm3mv0	u/issa_good_day	fll4yo0	C
2020-03-26 21:53:48.550240	u/goldyphallus	flm3n05	u/Motherheqqer	flm2wrm	C
2020-03-26 21:54:07.175574	u/scarycrow2	flm3ncx	u/justbc324	fllxmbj	C
2020-03-26 21:54:14.383928	u/0ne_skinny_b0i	flm3nvc	u/BonnieEggs12	fllsul3	C
2020-03-26 21:54:16.479056	u/IxkittenxI	flm3nwd	u/Aleon69	flm1fpc	C
2020-03-26 21:54:33.381270	u/BeckyBbz8884	flm3ojc	u/getyourrealfakedoors	fllxmk0	C
2020-03-26 21:54:35.437747	u/shadyengland	flm3ok6	u/elevmikasa	flk2po8	C
2020-03-26 21:54:43.086182	u/LennerKetty	flm3oqq	u/doyouknowdewsy	flm1ysx	C
2020-03-26 21:54:46.084711	u/Blobfishforpresident	flm3ou5	u/EpicMemer100	flm3lvl	C
2020-03-26 21:54:49.192227	u/Aesax	flm3ozl	u/A70guy	flm2vtl	C
2020-03-26 21:54:56.180885	u/wow_i_exist	flm3pf1	u/Tru_Drone_Videos	fllc832	C
2020-03-26 21:55:27.309019	u/right-hand-clyde	flm3qq6	u/Josifph	fllzx9j	C
2020-03-26 21:55:31.494563	u/Kal-Kathow	flm3qsf	u/Memunism4Life	flm3fyt	C
2020-03-26 21:55:39.644388	u/ULiekMudkip	flm3r0g	u/rataman098	fll8ig7	C
2020-03-26 21:55:58.809992	u/0ne_skinny_b0i	flm3s2v	u/BonnieEggs12	flm3q57	C
2020-03-26 21:56:04.697559	u/YNTheDissapointment	flm3sgh	u/Tru_Drone_Videos	fllwd3q	C
2020-03-26 21:56:08.555620	u/ndag200415	flm3swp	u/__Existence	flm0ift	C
2020-03-26 21:56:11.499385	u/Slenderhealer35	flm3szn	u/chiggin_nuggets	flm2ipl	C
2020-03-26 21:56:17.460906	u/ToxiqPlayz	flm3t6w	u/maccathegoat	flm3gxh	C
2020-03-26 21:57:38.608663	u/idiotcheif	flm3vop	u/KarenIsGae69	flm3thw	C
2020-03-26 21:57:41.223315	u/bigboi666911	flm3vrw	u/Bhawks489	flm2uon	C
2020-03-26 21:58:09.588702	u/a2ndTiberianBat	flm3wy9	u/RepostSleuthBot	flm02ge	C
2020-03-26 21:58:42.680643	u/theundercoverpapist	flm3y68	u/Tru_Drone_Videos	flm3w2t	C
2020-03-26 21:58:53.156467	u/MikasaPunishMe	flm3yuh	u/RealDoodleYT	fllozkq	C
2020-03-26 21:58:59.921824	u/MikasaPunishMe	flm3z5x	u/Jas_Likes_Eddsworld	fllpe4e	C
2020-03-26 21:59:05.541156	u/AppletonSF	flm3zh6	u/ThisIsSuperFunny	fll13k2	C
2020-03-26 21:59:09.821378	u/3rdWaveHarmonic	flm3ztv	u/MAGIC_EYE_BOT	flm3xfr	C
2020-03-26 21:59:14.673258	u/obsidian-skull	flm40ac	u/Fariswerewolves	fllzkle	C
2020-03-26 21:59:17.185468	u/SuperRoseINSTINCT	flm40hf	u/yourismom	flm2n0f	C
2020-03-26 21:59:59.752687	u/menotperv	flm43n3	u/bazalvid	flm2ur1	C
