2020-04-02 13:00:42.858886	u/DPBR8	fm8b88z	u/itzkroyyy	fm7zlgu	C
2020-04-02 13:00:59.717894	u/Im_a-noob	fm8b9i5	u/ShyGuyMemes	fm80obw	C
2020-04-02 13:01:43.050120	u/bread_eater_0	fm8bb6f	u/Vaeon	fm89xek	C
2020-04-02 13:02:57.620637	u/breakfasts0up	fm8be9z	u/SpiderRyder	fm802sg	C
2020-04-02 13:03:28.736050	u/LauritsVestergaard	fm8bfbr	u/SpagetBear150	fm848ki	C
2020-04-02 13:03:50.056297	u/M4best	fm8bg0g	u/lelcg	ftkquy	S
2020-04-02 13:03:55.242030	u/GiganJira	fm8bg2a	u/dream-theater1528	fm87g7d	C
2020-04-02 13:04:19.839088	u/Ezilbezil	fm8bhed	u/madmonkey77	fm8a84b	C
2020-04-02 13:04:36.109228	u/ad648	fm8bi4z	u/absolutelad_jr	fm7yrkz	C
2020-04-02 13:04:45.346017	u/ratatouillekindahot	fm8bipd	u/once_2404	fm881p6	C
2020-04-02 13:06:14.330115	u/CraptonCronch	fm8bmag	u/HansBananaNuke	fm7t9dp	C
2020-04-02 13:06:17.122011	u/AngryStepDad	fm8bmci	u/artman2019	fm885il	C
2020-04-02 13:06:55.197619	u/Crusader-Man	fm8bnrb	u/Kermius_06	fm74hz0	C
2020-04-02 13:07:09.693372	u/coronapatient19	fm8boat	u/Jordanye3t	fm7pncu	C
2020-04-02 13:07:12.739097	u/ottoginc	fm8bof0	u/Ark151	fm8331c	C
2020-04-02 13:07:18.649682	u/boot2skull	fm8borj	u/PaulOrtega89	fm830jj	C
2020-04-02 13:07:28.100542	u/Extendable-Chair	fm8bpam	u/LauritsVestergaard	fm8bfbr	C
2020-04-02 13:07:58.980750	u/Whole_Cup	fm8bqqb	u/Armedtrain06	fm7y07r	C
2020-04-02 13:08:21.850626	u/OrthographicCube	fm8bso0	u/PHNX_xRapTor	fm81vi3	C
2020-04-02 13:08:40.105747	u/Link_Hyrule_76	fm8btmf	u/VerseGen	fm8bok9	C
2020-04-02 13:08:56.028619	u/Yozora0ryuu	fm8bufj	u/-_-Lily-_-	fm85vdh	C
2020-04-02 13:09:03.348965	u/Direraven145	fm8bv19	u/Oat-Salesman	fm87t93	C
2020-04-02 13:09:15.766131	u/cykablyat3746387683	fm8bw2c	u/AutoModerator	fm37d72	C
2020-04-02 13:09:20.889144	u/OneLineRoast	fm8bwkv	u/RaveIsKing	fm81o56	C
2020-04-02 13:09:31.398376	u/cangrejitoweon69	fm8bx8q	u/CIAagentbreadguy	fm8bcr2	C
2020-04-02 13:09:35.133303	u/dattoast56	fm8bxli	u/TedValentine	fm88yei	C
2020-04-02 13:10:03.605071	u/jchen1870	fm8c19c	u/IngvarrThanosBuster	fm732vu	C
2020-04-02 13:10:07.212921	u/dejaentendood	fm8c1ab	u/Romae_Imperium	fm8bz2m	C
2020-04-02 13:10:10.756052	u/I_Am_Mohammad	fm8c1br	u/RepostSleuthBot	fm7p6b0	C
2020-04-02 13:10:18.167056	u/slavskrilles	fm8c1nh	u/Softable_Lover	fm8bgz2	C
2020-04-02 13:10:33.261816	u/OfficerKitty_	fm8c2bn	u/Username-Taken-01	fm8by97	C
2020-04-02 13:10:44.078379	u/Patex_03	fm8c2y2	u/heeeeerrsssJ0NNY	fm8bq9b	C
2020-04-02 13:11:06.133421	u/shadowdash66	fm8c3sm	u/bunnywithahammer	fm84jx0	C
2020-04-02 13:11:09.973298	u/krfeather	fm8c3v0	u/DmMacniel	fm7lrei	C
2020-04-02 13:11:21.043617	u/TheHandsomeJackOff	fm8c4se	u/jbegsy	fm7hqqz	C
2020-04-02 13:11:42.738403	u/Heyimcooler	fm8c5vq	u/w_a_g_o	fm8513a	C
2020-04-02 13:11:57.134131	u/SayoAzumi	fm8c6b7	u/OriginalContentPlus	fm8a7s3	C
2020-04-02 13:12:01.786482	u/Babyinthehood_	fm8c6mw	u/xXSocio_pathXx	fm7wr0x	C
2020-04-02 13:12:16.182790	u/snekeat	fm8c7ei	u/Im_a-noob	fm8a0wv	C
2020-04-02 13:12:24.284226	u/-q0_0p-	fm8c7o7	u/ApolloAwe	fm1e8tl	C
2020-04-02 13:12:39.366278	u/PurrMeowBite	fm8c8kc	u/RepostSleuthBot	fm7t3lk	C
2020-04-02 13:12:46.041461	u/Anthony00769420	fm8c8ss	u/Softable_Lover	fm8ashb	C
2020-04-02 13:13:03.750111	u/XRayPlayz	fm8ca1n	u/ruud-gullit	fm7e44z	C
2020-04-02 13:13:40.347105	u/Mystenon	fm8cb5r	u/Soldierman2020	fm838vv	C
2020-04-02 13:13:56.922419	u/tyler111762	fm8cbn1	u/Izuku14	fm87544	C
2020-04-02 13:14:42.627278	u/chaboidaboni	fm8cd28	u/kid3645	fm8ajag	C
2020-04-02 13:15:35.159910	u/jaman27	fm8cf8l	u/AutoModerator	fm84z8x	C
2020-04-02 13:15:38.125754	u/1plus1plus7	fm8cfcg	u/RepostSleuthBot	fm8cbvk	C
2020-04-02 13:16:40.302156	u/Anime055	fm8cis0	u/benhateskpop73	fm8b12q	C
2020-04-02 13:16:42.369144	u/toterengel367	fm8ciu2	u/WolfsniperYT	fm84ez2	C
2020-04-02 13:16:56.454769	u/Mr_Meow244	fm8cjkk	u/Nerfherder_328	fm7sfxk	C
2020-04-02 13:17:22.190734	u/TheHolyPope69420	fm8cl5g	u/digger200	fm8803k	C
2020-04-02 13:18:05.608549	u/philippinegc	fm8cno0	u/Henrhallen743	foqk98	S
2020-04-02 13:18:34.109504	u/nut_not	fm8cpkc	u/danceman2019	fm89h4g	C
2020-04-02 13:19:04.945632	u/TanPlayZFN	fm8cs1o	u/An0N-3-M0us3	fm7jnjd	C
2020-04-02 13:19:30.608935	u/hungry_squids	fm8cugp	u/Im-Not-Cold-You-are	fm829jt	C
2020-04-02 13:19:31.771847	u/Heytheresmojo06	fm8cuic	u/LonePhoenix8592	fm8cgmx	C
2020-04-02 13:19:39.320751	u/Mandalore777	fm8cv5m	u/vkuura	fm8ae59	C
2020-04-02 13:20:08.872822	u/BurntNBroke	fm8cyba	u/Falconasse	fm8ckph	C
2020-04-02 13:20:22.507160	u/RuinMemez	fm8cys8	u/OriginalContentPlus	fm8a7s3	C
2020-04-02 13:20:24.871298	u/secretfoxx	fm8cysf	u/oldDotredditisbetter	fm8cw29	C
2020-04-02 13:20:35.537759	u/AntoTuf06	fm8czdx	u/The_night_camel	fm89pfm	C
2020-04-02 13:20:48.979762	u/Eternity_Incarnate	fm8czvq	u/PengutheDarkLord	fm89gb2	C
2020-04-02 13:21:49.999901	u/Loffee_Co-fi	fm8d38q	u/RedToeKnee	fm89j0v	C
2020-04-02 13:22:02.886893	u/jackerseagle717	fm8d3sy	u/Ezilbezil	fm8bhed	C
2020-04-02 13:22:21.348940	u/bigpplol	fm8d4jt	u/CheeseFingers2	fm8b4ck	C
2020-04-02 13:22:46.678410	u/ModernTintin	fm8d5t8	u/69niceurmoom420	fm7u2uy	C
2020-04-02 13:23:20.336352	u/fliptdrer	fm8d7fe	u/MMaalouf108140	fm8d4mx	C
2020-04-02 13:23:48.283395	u/lego_man7	fm8d8ne	u/CrankyPanda241	fm88pd6	C
2020-04-02 13:24:23.549894	u/VoidrenRed	fm8daze	u/TastyCookiez_	fm7l7oq	C
2020-04-02 13:26:14.065820	u/iSpeakPrinterLikeFax	fm8f529	u/devajithvs	fm8ez47	C
2020-04-02 13:26:20.060719	u/mAAstah	fm8f5fu	u/StopReadingMyUser	fm86ltt	C
2020-04-02 13:26:25.026145	u/oZo61	fm8f5hx	u/DazzleMeee	fm83cgj	C
2020-04-02 13:26:26.855900	u/Rahul_Surendra	fm8f5je	u/Utkarsh02	fm7timg	C
2020-04-02 13:26:38.318359	u/sudsyboi	fm8f6ej	u/JuicyRice12	fm873ue	C
2020-04-02 13:26:40.259570	u/i-have-butt-cancer	fm8f6gc	u/EpperFiend	fm7m67z	C
2020-04-02 13:26:47.680211	u/drfunkles1986	fm8f72a	u/not_wadud92	fm867e1	C
2020-04-02 13:27:17.136269	u/direshark887	fm8f8nj	u/DarkKnight_Jedi	ftjuz0	S
2020-04-02 13:27:37.176703	u/Tisjustatossaway	fm8f9w0	u/IAmNotNine	fm82exj	C
2020-04-02 13:27:57.569720	u/nicolRB	fm8fb6w	u/Hollow_Logic	fm80dxr	C
2020-04-02 13:28:16.927136	u/Blatantly-Redd	fm8fc03	u/It_Was_Joao	fm8f4z6	C
2020-04-02 13:28:44.558831	u/UNDEADYTO	fm8fduv	u/69niceurmoom420	fm7ob0d	C
2020-04-02 13:28:51.092266	u/Fyreka	fm8fdym	u/AutoModerator	fm8eyqp	C
2020-04-02 13:28:59.302711	u/Ben_dover56	fm8feim	u/UnKnOwNLIKER	fm7vjwi	C
2020-04-02 13:29:10.054423	u/maddman65	fm8ff0k	u/Assasinana	fm7v5g9	C
2020-04-02 13:29:15.946337	u/Vin4747	fm8ffc4	u/letsjakeonit	fm8f9c5	C
2020-04-02 13:29:18.563825	u/tardiscrown	fm8ffi8	u/TheRealWinDexTer	fm897ce	C
2020-04-02 13:29:29.868251	u/NevvaNova	fm8fgn4	u/Andarude	fm8e4ub	C
2020-04-02 13:29:37.473649	u/LanceLongFei	fm8fh2r	u/RepostSleuthBot	fm8fd1c	C
2020-04-02 13:29:45.586193	u/ItsMePandaGamer	fm8fi23	u/Username-Taken-01	fm8de6o	C
2020-04-02 13:29:48.482174	u/maddman65	fm8fign	u/that1kid777	fm8fas9	C
2020-04-02 13:29:51.263235	u/iGotBills2187	fm8fioh	u/Q0NX	fm8exwk	C
2020-04-02 13:29:56.582224	u/Batman55599	fm8fjc1	u/hi_rs_hi_k	fm8fgco	C
2020-04-02 13:30:02.585584	u/Oliverheart84	fm8fjz0	u/DispleasedSteve	fm7unks	C
2020-04-02 13:30:32.017580	u/sushifromasia	fm8flbk	u/angelslikathat	fm80pn1	C
2020-04-02 13:30:49.478750	u/Asleep-Purple	fm8flrz	u/Prakyy	fm84ik8	C
2020-04-02 13:31:49.728802	u/irizzaa	fm8fo38	u/PriceTag184	fm8fayi	C
2020-04-02 13:32:06.585671	u/ALQaholic835	fm8fp6t	u/RevengerWizard	fm8dm01	C
2020-04-02 13:33:28.800553	u/Knoppers00	fm8fsn2	u/irizzaa	fm8fo38	C
2020-04-02 13:33:34.366400	u/Gullible-Cancel	fm8fsph	u/pundittony	fm83y7t	C
2020-04-02 13:34:15.692512	u/deadbees_	fm8fv2e	u/DragonWithAGuitar	fm8fqap	C
2020-04-02 13:34:21.291234	u/D_Mc_Bane	fm8fvbr	u/Im_a-noob	fm8bcps	C
2020-04-02 13:35:19.300869	u/t_kivinen	fm8fy3h	u/aadithya_aa	fm87uvx	C
2020-04-02 13:35:24.805611	u/IsoEeli	fm8fy7y	u/Awnkps	fm8alov	C
2020-04-02 13:36:14.738370	u/SwiftLilEagle	fm8g0gi	u/Fnzreddit	fm81eox	C
2020-04-02 13:36:29.519167	u/AWESOMEDUDE0614	fm8g1dl	u/RepostSleuthBot	fm7s209	C
2020-04-02 13:36:49.109082	u/dobatag	fm8g35d	u/mydogisblack9	fm6yxao	C
2020-04-02 13:36:59.770110	u/Brusc_b	fm8g3r6	u/well_this_suck5	fm8fpun	C
2020-04-02 13:37:12.829343	u/Tiky-Do-U	fm8g4fs	u/irizzaa	fm8fo38	C
2020-04-02 13:37:14.720022	u/BRlANA	fm8g4iu	u/_Saini_	fm0poha	C
2020-04-02 13:37:23.173855	u/Mirriau	fm8g5a1	u/00psieD00psie	fm7wcxk	C
2020-04-02 13:37:25.154166	u/ifeellikepotatoes	fm8g5ba	u/ecarg91	fm7wpoe	C
2020-04-02 13:37:42.603660	u/Ploopy128	fm8g6bj	u/rushiljalal	ftjuyu	S
2020-04-02 13:37:50.720779	u/SalamakiHpirou	fm8g6wo	u/Loffee_Co-fi	fm8d38q	C
2020-04-02 13:38:00.595620	u/VTArxelus	fm8g78l	u/Jumbo_Cactaur	fm8g1f5	C
2020-04-02 13:38:46.060459	u/Shluappa	fm8g9zv	u/Breakfeast-Bo_23	fm8g5du	C
2020-04-02 13:39:13.656858	u/PopeFrancisLXIX	fm8gc0w	u/Assasinana	fm8fv7k	C
2020-04-02 13:39:45.574906	u/Satans_butler	fm8gf0r	u/Breakfeast-Bo_23	fm8g5du	C
2020-04-02 13:40:04.878335	u/JungleDanDaPirateMan	fm8ggoe	u/Memefryer	fm86fcj	C
2020-04-02 13:40:32.317932	u/Zorkthealien	fm8ghp4	u/VoidrenRed	fm8daze	C
2020-04-02 13:40:39.482775	u/T3lko	fm8gib4	u/_darling_devil_	fm8ciz4	C
2020-04-02 13:40:42.987688	u/jesper_heller	fm8gimd	u/real_doppelganger	fm8brco	C
2020-04-02 13:41:32.007338	u/twopercentrice	fm8glmz	u/20090353	fm87tnm	C
2020-04-02 13:42:03.237397	u/Derpinator368	fm8gnfc	u/Yamanj3000	fm8b061	C
2020-04-02 13:42:22.484088	u/TopPostsPls	fm8goih	u/Mixtopher	fm7v1o2	C
2020-04-02 13:42:31.173110	u/heath118	fm8govw	u/Ayzithel	fm7qkzn	C
2020-04-02 13:42:34.536957	u/Poke-X	fm8gozg	u/reddit-emoji-police	fm7u3vw	C
2020-04-02 13:44:01.782467	u/Dude_Nobody_Cares	fm8gtnk	u/Drix1942	fm8d8l5	C
2020-04-02 13:44:20.782258	u/bendymachine654	fm8gucf	u/QuadtronautYT	fm847jd	C
2020-04-02 13:44:36.956205	u/xtcanx	fm8gvd3	u/bitchiamgroot	fm8gst3	C
2020-04-02 13:44:53.623186	u/TrainingAtmosphere	fm8gw4t	u/ByzantineLegionary	fm8c19u	C
2020-04-02 13:45:14.777360	u/myonlyfriendsayss	fm8gx3v	u/DrSanwich	fto2jj	S
2020-04-02 13:45:16.801156	u/Poopypants413413	fm8gx9k	u/ZXDQ	fm7w0b9	C
2020-04-02 13:45:31.627932	u/DriftyJay10	fm8gyg7	u/KingKongsButtPlug	fm82hd1	C
2020-04-02 13:46:02.662581	u/saproeno	fm8gzxa	u/FBI_Agent_69	fm8ea3r	C
2020-04-02 13:46:32.261063	u/Whytho_on_yt	fm8h12h	u/freddy69corn	fm8gyg5	C
2020-04-02 13:46:44.645231	u/AnubisRed	fm8h1t3	u/_SCP_173_	fm7sdv5	C
2020-04-02 13:46:50.288563	u/Malakaikc	fm8h1zj	u/hardeepst1	fm8glpy	C
2020-04-02 13:47:01.274408	u/Abrahamlinkenssphere	fm8h2wv	u/Shadow_Rev	fm8c0et	C
2020-04-02 13:47:11.373935	u/maryjayne9191	fm8h3xd	u/Nolemy2800	fm7u54m	C
2020-04-02 13:47:14.012036	u/Gauntplane58	fm8h414	u/RepostSleuthBot	fm86rps	C
2020-04-02 13:48:02.243328	u/Pjones0609	fm8h6qa	u/Whytho_on_yt	fm8h12h	C
2020-04-02 13:48:09.058310	u/Normalriver845	fm8h707	u/Siriusone11	fm8gd8k	C
2020-04-02 13:48:17.104618	u/GreedFoxSin	fm8h7m6	u/NateTheMetalhead	fm7wkdp	C
2020-04-02 13:48:37.680104	u/Normalriver845	fm8h8p4	u/Normalriver845	fm8h707	C
2020-04-02 13:48:39.111587	u/Inalith	fm8h8qw	u/sweet-tea-13	fm8flvd	C
2020-04-02 13:49:05.953879	u/fulldraw32	fm8h9tk	u/back-page	fm6mk8j	C
2020-04-02 13:49:18.849742	u/yolin18	fm8hakb	u/_Xand0n_	fm8gr0c	C
2020-04-02 13:49:20.149752	u/Normalriver845	fm8hamx	u/schn4uzer	fm8ftuw	C
2020-04-02 13:49:43.687545	u/yeastlordofficial	fm8hdh3	u/RepostSleuthBot	fm85l6w	C
2020-04-02 13:49:54.524469	u/absolutecoathanger	fm8hejb	u/FunnyUsernameWow	fm8dgqh	C
2020-04-02 13:49:58.868192	u/x-porkkana	fm8hf5x	u/SingularEgg	fm7yd80	C
2020-04-02 13:50:03.730976	u/David1098	fm8hflk	u/drfunkles1986	fm8ejv0	C
2020-04-02 13:51:43.910976	u/M4tjesf1let	fm8hkex	u/jackerseagle717	fm8d3sy	C
2020-04-02 13:52:06.532160	u/EmpJoker	fm8hlsa	u/absolutecoathanger	fm8hejb	C
2020-04-02 13:52:18.077615	u/IrishBitchMathew	fm8hmi4	u/Pjones0609	fm8h6qa	C
2020-04-02 13:53:36.668988	u/DraGonBusterz	fm8hpyw	u/apolloladdie	fm8gd5f	C
2020-04-02 13:54:00.937291	u/crysalisth	fm8hrak	u/RepostSleuthBot	fm8a14b	C
2020-04-02 13:54:27.754216	u/funkepills78	fm8hsft	u/IDahbear	fm732mv	C
2020-04-02 13:54:40.354690	u/B1ng_B0ng	fm8hsya	u/IrishBitchMathew	fm8hmi4	C
2020-04-02 13:55:29.326560	u/mclovin445	fm8hv76	u/Whytho_on_yt	fm8hmva	C
2020-04-02 13:55:43.031617	u/redditer136	fm8hvjh	u/Emperor_Cheese	fm8hrnk	C
2020-04-02 13:56:10.720456	u/redditer136	fm8hx2e	u/Emperor_Cheese	fm8hwc5	C
2020-04-02 13:56:12.576132	u/enjoyslurmlite	fm8hx3c	u/ModernTintin	fm8hqsn	C
2020-04-02 13:56:19.656426	u/rtr1999	fm8hxb6	u/DMarsail	fm8h6uj	C
2020-04-02 13:56:21.593620	u/willscat	fm8hxbs	u/UgandanShrekBoi	fm7cxha	C
2020-04-02 13:56:56.371657	u/Squiggid5623	fm8hyyp	u/Dude_Nobody_Cares	fm8gtnk	C
2020-04-02 13:57:19.903546	u/TreyNotPartOfTheKkk	fm8i0kh	u/sanirosan	fm7t71o	C
2020-04-02 13:57:51.443303	u/joeline_	fm8i2u1	u/Hemlock71117	fls7tg0	C
2020-04-02 13:58:00.642734	u/Phantomx100	fm8i34j	u/weird-lamp	fm8htxt	C
2020-04-02 13:58:09.256775	u/utopiafrogtopia	fm8i3rf	u/IMightHaveSpoken	fm7ssmo	C
2020-04-02 13:58:20.696747	u/Muted-Speaker	fm8i4cl	u/ssnoopy2222	fm8gf24	C
2020-04-02 13:58:34.267171	u/ShySwimmerGuy	fm8i5cw	u/getyourrealfakedoors	fm8fxvb	C
2020-04-02 13:58:37.798924	u/aREALtoster	fm8i5le	u/__Jigsaw__	fm8i0by	C
2020-04-02 13:58:51.059975	u/unpopular-thoughts-	fm8i6sv	u/End_Rage	fm8e28b	C
2020-04-02 13:58:56.164650	u/dogelprd57	fm8i77b	u/bendo2203	fm8feia	C
2020-04-02 13:59:10.828087	u/SheiBataa	fm8i809	u/Soloat25	fm8b8sr	C
2020-04-02 13:59:14.596148	u/Grant72308	fm8i87g	u/timmycat2007	fm8b4jw	C
2020-04-02 13:59:50.396353	u/skater6442	fm8iaul	u/Jac0b_On_Reddit	fm82yun	C
2020-04-02 13:59:53.784830	u/lordT1ncho	fm8ib21	u/heeeeerrsssJ0NNY	fm8edky	C
2020-04-02 13:59:57.133129	u/l-Blue-I	fm8ibep	u/deadbees_	fm8ehe6	C
