2020-04-02 03:00:19.570692	u/johndewyreddit	fm72cjs	u/024_96_yawa_worht	fm70s47	C
2020-04-02 03:00:49.682075	u/RIPDODGERSBANDWAGON	fm72dof	u/iamlobsterr	fm6sj8t	C
2020-04-02 03:01:21.787482	u/Rami_iii	fm72ect	u/Dislike24	fm6x0rq	C
2020-04-02 03:03:13.733210	u/THANATOSv2	fm72hpf	u/Jockey79	fm72gt0	C
2020-04-02 03:03:29.651706	u/MarioMario1010	fm72i8f	u/TheMightyBeak376	fm6yypr	C
2020-04-02 03:03:54.606783	u/lol1l2	fm72j9i	u/imindfreak	fm6ty04	C
2020-04-02 03:04:15.971449	u/Swell2	fm72jry	u/FNrazorbull	fm6e9lw	C
2020-04-02 03:04:48.926225	u/TokyoZ_	fm72kvg	u/V_da_Gr8	fm6uqa7	C
2020-04-02 03:05:30.625383	u/raymond-_-	fm72luz	u/RepostSleuthBot	fltg2f2	C
2020-04-02 03:05:33.643594	u/potassium0101	fm72lzu	u/FistingUrDad	fm6baz1	C
2020-04-02 03:05:42.914668	u/bl4ckmount	fm72mdy	u/heyuhitsyaboi	fm6ikeg	C
2020-04-02 03:05:48.615533	u/Danda1f	fm72mfq	u/G_ierome	fm72l19	C
2020-04-02 03:05:55.979432	u/DemonicLad2003	fm72mrn	u/RepostSleuthBot	fm72li6	C
2020-04-02 03:06:03.779759	u/ultimate-bottom-boy	fm72ms0	u/deathbreath88	fm721ki	C
2020-04-02 03:06:59.654897	u/Schexet	fm72olu	u/SheSuccMii	fm600w5	C
2020-04-02 03:07:11.352200	u/Zhuzha24	fm72ow1	u/coco237	fm702i7	C
2020-04-02 03:07:17.610796	u/Monarch150	fm72p5g	u/QRogers21	fm6rv45	C
2020-04-02 03:07:39.778172	u/its-steels	fm72pzg	u/Call_Me_Rodrigo69nic	fm70il2	C
2020-04-02 03:08:36.937882	u/Hank-the-ninja	fm72s0i	u/RepostSleuthBot	fm6bznc	C
2020-04-02 03:08:42.829131	u/DaShrubman	fm72sax	u/RedLightSpecialist	fm6zqas	C
2020-04-02 03:09:03.006479	u/xJanki	fm72t2u	u/Hippieschmutz	fm6uhe7	C
2020-04-02 03:09:04.420861	u/konishiwoi	fm72t41	u/mYsT1c01	fm6u9fu	C
2020-04-02 03:09:14.297061	u/_violetlightning_	fm72tge	u/SoCentralPain	fm71w3x	C
2020-04-02 03:09:26.729384	u/Oldmanwho100	fm72u7k	u/yousosus	fm72hjj	C
2020-04-02 03:09:59.853078	u/SwissstuffYT	fm72wk6	u/ExtensionRegular1	fm714qp	C
2020-04-02 03:10:07.956091	u/soviet_water_	fm72wpk	u/Sunkilleer	fm6f8tk	C
2020-04-02 03:10:29.647370	u/shekelest	fm72xgc	u/mariana96as	fm6u0f6	C
2020-04-02 03:10:52.383889	u/theyBidtheHack	fm72y1h	u/TSmokess	fm71i9e	C
2020-04-02 03:10:59.570023	u/KinPepper	fm72y9n	u/DarkSlasher04	fm72fwa	C
2020-04-02 03:11:39.576765	u/cranberry-_-sauce	fm72zah	u/MaleCoWorker	fm71l8d	C
2020-04-02 03:12:03.023428	u/Tree-Duck	fm72zxt	u/RepostSleuthBot	fm72x92	C
2020-04-02 03:12:08.668074	u/ToasterNodes	fm7301o	u/O-rpheu-s	fm701c5	C
2020-04-02 03:12:17.765354	u/bluberryclorox	fm7307m	u/slashth456	fm6ydur	C
2020-04-02 03:12:54.088496	u/i_StAn_CrAcKhEaDs	fm731ec	u/jk_____	fm71k91	C
2020-04-02 03:13:32.130690	u/Ashen001	fm732v8	u/Adventurous_Guy	fm6xz12	C
2020-04-02 03:14:06.869982	u/pseudomemer	fm7342h	u/Nestreeen	fm710jh	C
2020-04-02 03:14:13.873460	u/TinpotKim	fm7348y	u/oLynxx	ftb623	S
2020-04-02 03:14:25.003718	u/starman9009	fm734hp	u/Ryan8088	fm733nt	C
2020-04-02 03:15:17.235189	u/xXTHESOYBOYKINGXx	fm735ww	u/Gimbard	fm6m42c	C
2020-04-02 03:15:25.487051	u/SkadiYumi	fm7366m	u/Gopalsingh1	fm722l6	C
2020-04-02 03:15:33.731134	u/WolverineBado	fm736hx	u/hurricane_tortillla	fm6p7d7	C
2020-04-02 03:15:49.904230	u/Glock-Komah	fm73731	u/CocaTrooper42	fm6dpxd	C
2020-04-02 03:16:09.952917	u/Knizeolopo	fm737ul	u/TRGLUL	fm6ztwc	C
2020-04-02 03:16:34.084550	u/Nuca_Glober	fm738x5	u/derpy-pangolin	fm737ja	C
2020-04-02 03:17:20.860725	u/dj9008	fm73avp	u/Zaappxd	fm6yeis	C
2020-04-02 03:17:28.768040	u/i_suck_dick_for_free	fm73b3b	u/Zafk13l	fm6w1g0	C
2020-04-02 03:17:32.215007	u/jayechuang	fm73b78	u/FM79SG	fm6u7nk	C
2020-04-02 03:17:34.791833	u/shlomozzle	fm73bam	u/orphanpipe	fm6hhka	C
2020-04-02 03:18:04.827879	u/winbadgerps4	fm73byx	u/demotecontrol	fm6yw2e	C
2020-04-02 03:18:14.487850	u/ThatSSGGoku	fm73ca4	u/robloxiangamez	fm6567g	C
2020-04-02 03:18:36.626313	u/BlaccMacc	fm73dfr	u/cuddlygunman2	fm6ma0y	C
2020-04-02 03:19:07.614283	u/-worldclass-	fm73eqf	u/oLynxx	fm6a9eu	C
2020-04-02 03:19:17.407693	u/Sir_Sre	fm73f6l	u/DIAMONDECHOEZ	fm6b5hm	C
2020-04-02 03:19:57.240132	u/Hattori_	fm73i0r	u/Skrooner	fm4nsh4	C
2020-04-02 03:19:57.686587	u/BlueEyee	fm73i2f	u/SpOnGeBiShH	fm733ah	C
2020-04-02 03:19:59.224042	u/Cappitt	fm73iaf	u/I-FAP-TO-SNOO	fm6ekns	C
2020-04-02 03:20:03.892164	u/OkFortune	fm73ig1	u/JayKB_YT	fm73dt4	C
2020-04-02 03:21:00.878965	u/Doge_Business	fm73kfl	u/dopamemento	fm72sxz	C
2020-04-02 03:21:18.274055	u/Captain_Lurb	fm73l9h	u/planer28	fm03c4w	C
2020-04-02 03:21:21.884401	u/rainbowrecovery	fm73ldd	u/mariana96as	fm6u0f6	C
2020-04-02 03:21:32.706246	u/hitara_erqing_	fm73lt8	u/Gubq	fl5lyk4	C
2020-04-02 03:21:54.551009	u/dirtopi	fm73m5n	u/Wolfrunt	ftarkt	S
2020-04-02 03:22:08.146173	u/bboi37	fm73mm3	u/showelofcrap	flgdugt	C
2020-04-02 03:22:41.867405	u/CooperWolf98	fm73nqm	u/Scrotzart	fm6tqbv	C
2020-04-02 03:23:08.998401	u/TheRealSneak	fm73ogq	u/Danda1f	fm73nf1	C
2020-04-02 03:23:25.345995	u/super_lagger	fm73os6	u/KaChoo49	fm737ay	C
2020-04-02 03:24:38.031576	u/Razone6	fm73qmw	u/The-Golden-Jet	fm73pko	C
2020-04-02 03:24:41.443033	u/Meech_the_raver	fm73qox	u/Gubq	fl5lg0s	C
2020-04-02 03:24:53.172807	u/hamndv	fm73qvl	u/XanderB963	fm6qv3q	C
2020-04-02 03:24:55.258417	u/Treacles	fm73qy6	u/marshmallow_fluff1	fm738bp	C
2020-04-02 03:25:00.543562	u/K2SO_is_a_mood	fm73rbd	u/hello_i_exist_	fm73ptg	C
2020-04-02 03:25:56.431328	u/Apple4224	fm73tg0	u/N0-iD	fm68051	C
2020-04-02 03:27:26.370088	u/Kpidgeon	fm73wai	u/dampsauceisumumboss	fm6hqcw	C
2020-04-02 03:28:12.684722	u/DaFrick1	fm73xwp	u/babalinobaba	fm6oy8q	C
2020-04-02 03:28:14.352125	u/Maelstrom_6	fm73xyd	u/skullkrusher2115	fm6wj38	C
2020-04-02 03:28:45.477821	u/puistori	fm73zbe	u/CirculiAvi	fm73yam	C
2020-04-02 03:29:16.836925	u/jamesthecrusher	fm740n9	u/ZZionix	fm4tirx	C
2020-04-02 03:29:18.112105	u/bashicrashi	fm740ov	u/gandalf1420	fm6ucpo	C
2020-04-02 03:29:36.455899	u/heidamn	fm741rg	u/Zhuzha24	fm72ow1	C
2020-04-02 03:29:40.069081	u/Dog_is_god_	fm741ys	u/Knizeolopo	fm737ul	C
2020-04-02 03:29:48.778770	u/EndlessDoubt	fm742p5	u/waterday-741	fm6cdkv	C
2020-04-02 03:29:50.375198	u/admiralfarizi	fm742re	u/Memezing	fm73vbx	C
2020-04-02 03:30:00.188558	u/clovergirlerin	fm743t4	u/Noviceskilled96	fm6yylt	C
2020-04-02 03:30:58.447305	u/SavingsMobile	fm7462q	u/maximumoccupancy12	fm6xk62	C
2020-04-02 03:31:16.098550	u/bruhhman69420	fm746d6	u/derpy-pangolin	fm739bm	C
2020-04-02 03:31:43.861874	u/Gerlioso	fm7478v	u/Rasheed43	fm71wgz	C
2020-04-02 03:32:19.116980	u/llund1005	fm748ev	u/ExtensionRegular1	fm73mv8	C
2020-04-02 03:32:50.947185	u/SirJolo	fm749jk	u/FRVRNKNWN	fm6gfkh	C
2020-04-02 03:33:50.096181	u/Huskylif	fm74beq	u/boi_with_a_ladder	fm70boh	C
2020-04-02 03:33:52.199740	u/PakiChew	fm74bi0	u/zrk03	fm73lkx	C
2020-04-02 03:33:54.274332	u/TheCrusher60	fm74bj6	u/thelonelygenuis	fm71tfv	C
2020-04-02 03:34:53.331077	u/Caivalen	fm74dfz	u/Dellegro	fm74bsu	C
2020-04-02 03:34:59.324099	u/kjell10	fm74dk3	u/theyBidtheHack	fm72y1h	C
2020-04-02 03:35:13.285797	u/furry_annihilater	fm74e19	u/grandmaster_meat	fm3pvyw	C
2020-04-02 03:35:48.667664	u/Humblelionasr	fm74ezd	u/I-FAP-TO-SNOO	fm6ekns	C
2020-04-02 03:36:19.602899	u/lungus68	fm74gat	u/thicc-potatochipp-	fm73gdm	C
2020-04-02 03:36:34.249077	u/secheadlessonds	fm74gwn	u/Oh_Hai999	fm6vyif	C
2020-04-02 03:36:36.125773	u/Oohoroc	fm74gxz	u/Realityiswack	fm72vu1	C
2020-04-02 03:36:39.331831	u/HHasashi	fm74h6t	u/AmishPoser	ftefe6	S
2020-04-02 03:36:50.660377	u/Zeuy_reddit	fm74hig	u/XPSSlingGAMING	fm73xum	C
2020-04-02 03:37:04.965636	u/lexikon1993	fm74htg	u/Clish-Maclaver	fm73p5m	C
2020-04-02 03:37:21.792375	u/anton____	fm74igg	u/toomuchtACKtical	fm73bqc	C
2020-04-02 03:37:42.084263	u/mrbrokoli97	fm74iyt	u/Anim0taku	fm6rqe9	C
2020-04-02 03:37:58.266768	u/Matthenheizer	fm74jku	u/andypro77	fm6zz67	C
2020-04-02 03:38:26.330516	u/MaliciousDoritoz	fm74kic	u/Juls_15	fm5lfw9	C
2020-04-02 03:38:51.307238	u/lucky311897	fm74lf6	u/_dont_do_drugs__	fm73u98	C
2020-04-02 03:39:05.230750	u/flamaboar1712	fm74ltb	u/ultimate-bottom-boy	fm72ms0	C
2020-04-02 03:39:36.770978	u/SUBARU1V	fm74o5h	u/Hot_Sauce_Boi	fm6o1he	C
2020-04-02 03:39:38.694434	u/Eliza-The-VSCO	fm74o9w	u/AutoModerator	fm6g632	C
2020-04-02 03:40:04.831601	u/marshallu2018	fm74q63	u/LAIRDjosh	fm73gm1	C
2020-04-02 03:40:28.565838	u/markthedeadmet	fm74qzw	u/derpy-pangolin	fm74kw8	C
2020-04-02 03:40:33.015432	u/AyyPal	fm74r0c	u/Toraihekisa	fm71b5j	C
2020-04-02 03:41:10.488514	u/Eddie45__	fm74scz	u/IsimplylikeCats	fm74rp3	C
2020-04-02 03:41:13.933194	u/Thorin9000	fm74set	u/Rasheed43	fm71wgz	C
2020-04-02 03:41:47.843898	u/morgan_hehe18	fm74t6d	u/oogaboogaNXS	fm6xekq	C
2020-04-02 03:42:41.190547	u/darkcloud_8	fm74uq9	u/Awkward_demon	fm6x1mr	C
2020-04-02 03:44:09.924038	u/MidossTD	fm74x6r	u/derpy-pangolin	ftdtv5	S
2020-04-02 03:44:27.310365	u/AlexDaPotato	fm74xok	u/MrPancakes101	fm712h9	C
2020-04-02 03:44:30.461096	u/FreickMourne	fm74xqt	u/theyBidtheHack	fm72y1h	C
2020-04-02 03:44:32.534337	u/najaka324	fm74xt8	u/Miami199	fm6ehit	C
2020-04-02 03:44:54.276837	u/Hemphill04	fm74yo1	u/thefantasticbutthole	fm70l5o	C
2020-04-02 03:44:58.452744	u/Kaden30	fm74zcu	u/Emperor_O_Memes	fm74lwh	C
2020-04-02 03:45:10.312336	u/The_Big_Ting	fm74zs6	u/Sprinklesnek	fm6zl6d	C
2020-04-02 03:45:31.393889	u/Truecoolnezz	fm750mt	u/-_-Uncommon	fm73iol	C
2020-04-02 03:45:54.446704	u/SaurabhSW6	fm751pd	u/llund1005	fm74qmn	C
2020-04-02 03:45:56.394185	u/Mysterry_T	fm751q1	u/Dark_Kelta	fm73sok	C
2020-04-02 03:46:05.905638	u/deafgato	fm751xc	u/Snwl_dev	fm6we1u	C
2020-04-02 03:46:09.149963	u/-GreasedLightnin-	fm751zx	u/MasterLuke97	fm750l3	C
2020-04-02 03:46:11.090409	u/conner123321123	fm7521w	u/HandySosig	fm74t0v	C
2020-04-02 03:46:27.022445	u/jade930	fm752i8	u/unk214	fm5fmsn	C
2020-04-02 03:46:31.036782	u/beegeemeegee	fm752kk	u/lynkcrafter	fm751ci	C
2020-04-02 03:47:00.103357	u/faketables	fm753nz	u/ToasterNodes	fm7301o	C
2020-04-02 03:47:11.654690	u/thomasuniv	fm7541o	u/ChildOfBund	fm71wtp	C
2020-04-02 03:47:19.403319	u/XTheSniperGodX	fm7549w	u/kttpxx	fm74s1g	C
2020-04-02 03:47:23.431667	u/ruski_brat	fm754cx	u/LightningFerret04	fm7406d	C
2020-04-02 03:47:25.223242	u/SSJSageMode	fm754dc	u/vsingh93	fm7052h	C
2020-04-02 03:48:04.840878	u/IIIlIlIlIlIlIlIlIlIl	fm7566j	u/Jordantyler1	fm74w9n	C
2020-04-02 03:48:07.161413	u/nethma123	fm7566n	u/MatteCenza	fm72ckc	C
2020-04-02 03:48:13.501702	u/MyDikIsbigOhShit	fm756ck	u/anton____	fm74igg	C
2020-04-02 03:48:15.108062	u/Plasmoxy	fm756ft	u/Balcara	fm70epw	C
2020-04-02 03:48:51.691047	u/Jassar613	fm7582g	u/ZakoGD	fm5bsli	C
2020-04-02 03:49:01.811654	u/ChemioDank	fm758p1	u/Yeetboiiiy	fm753tr	C
2020-04-02 03:49:22.886274	u/FishyBoiAce	fm759fx	u/H3X460N	fm6z91a	C
2020-04-02 03:49:32.160899	u/ItsRayningBruh	fm75a1j	u/KillaMG97	fm74l0m	C
2020-04-02 03:49:41.408640	u/thiC_JunglE	fm75ana	u/RepostSleuthBot	fm7584c	C
2020-04-02 03:49:51.686401	u/Danky_Mcmeme	fm75b3m	u/racon_	fm6tk7r	C
2020-04-02 03:50:12.524301	u/-NameUnavailable-	fm75bha	u/CapitanLoco	flwpxhb	C
2020-04-02 03:51:19.821896	u/darkdrumz	fm75dkw	u/Advaithca	fm6gbt4	C
2020-04-02 03:51:28.716070	u/PerpetualFarter	fm75dr1	u/Saiyan_From_Mars	fm6uf4s	C
2020-04-02 03:51:52.034398	u/picard47at	fm75ek8	u/llund1005	fm740g5	C
2020-04-02 03:52:12.603644	u/kristee10	fm75f1j	u/egg_on_my_spaghet	fm75a1c	C
2020-04-02 03:52:19.378053	u/illumtinous	fm75f57	u/Emotional-Eagle	fm6obi5	C
2020-04-02 03:52:53.271506	u/Brofistuser	fm75fub	u/frick_chick	fm75cvs	C
2020-04-02 03:52:59.649273	u/rccrawlerz	fm75g0e	u/Kind-Pop	fl3zlqu	C
2020-04-02 03:53:14.394527	u/IMPCT_LiT	fm75g6l	u/XX1Zapper1XX	fm6ypqq	C
2020-04-02 03:53:20.654992	u/EmperorL1ama	fm75g9j	u/BakulaSelleck92	fm6weg2	C
2020-04-02 03:53:38.205759	u/AutumnGamerX	fm75gt1	u/TSmokess	fm71i9e	C
2020-04-02 03:54:03.382461	u/GrimmOfThrones2187	fm75hos	u/DynamicLurker	fm6z7ed	C
2020-04-02 03:54:38.509176	u/HomicidalNun	fm75iut	u/RepostSleuthBot	fm73lv7	C
2020-04-02 03:54:55.870418	u/Kikkomaki	fm75jhm	u/RepostSleuthBot	fm6qmg6	C
2020-04-02 03:55:15.430009	u/ReDDH0oD	fm75jyw	u/Oh_Hai999	fm6z13k	C
2020-04-02 03:55:22.443350	u/Bemazing	fm75k0b	u/gerulkens	fm73jks	C
2020-04-02 03:56:31.870142	u/Do_You_AreHaveStupid	fm75mzi	u/RepostSleuthBot	fm74myr	C
2020-04-02 03:56:40.831814	u/PanduSSS	fm75n77	u/TSmokess	fm71i9e	C
2020-04-02 03:56:44.599824	u/alep2007	fm75nf0	u/thisshouldbevalid	fc4zjp9	C
2020-04-02 03:57:25.940882	u/NathanGreenBean	fm75on3	u/KaChoo49	fm7321t	C
2020-04-02 03:57:53.662487	u/JoeStew15	fm75pf7	u/anton____	fm74igg	C
2020-04-02 03:57:56.291176	u/DrazGulX	fm75pmv	u/thekipperwaslipper	fm6b5s6	C
2020-04-02 03:57:58.471523	u/Aries1212	fm75ps3	u/YelperQlx	fm6vv1o	C
2020-04-02 03:58:47.128718	u/jdodski	fm75sdt	u/-pomnuria-	fm6liw4	C
2020-04-02 03:59:28.652384	u/ShireProductions	fm75udk	u/derpy-pangolin	fm75hf9	C
2020-04-02 03:59:59.898344	u/koushikk7	fm75vky	u/admiralfarizi	fm742re	C
