2020-03-30 01:00:38.482371	u/Intelligent-Home	flwaevc	u/BradleeTheNerd	flw7if8	C
2020-03-30 01:00:40.764060	u/Lichu12	flwaevq	u/GrilledLettuce2_0	flvnpgy	C
2020-03-30 01:01:18.484157	u/Jesse_103	flwagez	u/lordautismo_me_doods	flw0ivw	C
2020-03-30 01:01:46.452822	u/defeanfie	flwahcv	u/thOse-aRE-mY-cRocS	flvu6l1	C
2020-03-30 01:01:49.730427	u/Masie_Pink	flwahec	u/FHG1220	flwa4ci	C
2020-03-30 01:01:56.422239	u/Lost_Multipass	flwahn7	u/fualtyzane	flw74cd	C
2020-03-30 01:02:08.083163	u/ShadySolo7	flwahxw	u/Swishta	fltnoo5	C
2020-03-30 01:02:22.265912	u/spacedolphinbot	flwaio9	u/dark_hAze_21	flw0df2	C
2020-03-30 01:02:56.117934	u/kingganzo777	flwajql	u/fualtyzane	flw90ih	C
2020-03-30 01:03:03.098937	u/visb13	flwajy6	u/analcanalm8	flwa9gv	C
2020-03-30 01:03:07.525490	u/Reddit___---	flwak18	u/BradleeTheNerd	frkkcf	S
2020-03-30 01:03:30.478391	u/-Solarsoul-	flwaks4	u/my_usernames_suck	flvnkk6	C
2020-03-30 01:03:44.845661	u/MegaGrimer	flwalct	u/Khroneq	flw1hs7	C
2020-03-30 01:03:47.911711	u/BolotaJT	flwale2	u/taiaguu	fl8jvme	C
2020-03-30 01:03:57.985093	u/thesordidone	flwalur	u/BoogiepopNena	flw9hkf	C
2020-03-30 01:04:08.198341	u/Zuckerfeller	flwam0l	u/TheRetroGamer547	flwahyc	C
2020-03-30 01:04:25.779821	u/Sentinel186	flwampg	u/thesuavebihari	frhqbo	S
2020-03-30 01:04:36.732191	u/aj12maxwas	flwamxc	u/DkJ1500	flw1wc6	C
2020-03-30 01:04:40.830926	u/MissVvvvv	flwan0s	u/elizabethjane50	flvzkxw	C
2020-03-30 01:05:29.191033	u/madyjane	flwaokp	u/Jofe7	flw2242	C
2020-03-30 01:05:32.208044	u/Bladestorm92	flwaong	u/TheRetroGamer547	flwahyc	C
2020-03-30 01:05:59.179310	u/zingyzucchini	flwapf5	u/Derpy915	flwamtg	C
2020-03-30 01:06:01.154202	u/thedevilsadvisor	flwapfn	u/Freestyle74	flwa7yy	C
2020-03-30 01:06:17.355389	u/LightLettuce001	flwapoc	u/Steven_2769	flwajzo	C
2020-03-30 01:06:38.869448	u/bigmoist-ChrisHansen	flwaqck	u/funtimes-123	flvuw7n	C
2020-03-30 01:06:53.811667	u/isbutter_acarb	flwaqnp	u/wg041403	flw7u94	C
2020-03-30 01:06:57.772131	u/-sapnu-aw-puas-	flwaqoe	u/fualtyzane	flw99dk	C
2020-03-30 01:07:12.200839	u/zain3618	flwar5t	u/betatest64	fl32ld6	C
2020-03-30 01:07:30.071934	u/DoltishRug	flwari3	u/Steven_2769	flwangw	C
2020-03-30 01:07:41.671120	u/Whaley564	flwarze	u/frankfires	flw6xgm	C
2020-03-30 01:07:44.759795	u/unknownjohn_	flwas2z	u/RepostSleuthBot	flw7o1k	C
2020-03-30 01:07:49.207651	u/Mooseman06	flwas90	u/DragoDoctor67	flw7pjf	C
2020-03-30 01:07:54.419242	u/DominicDJC	flwaseg	u/carlomarx1234	fluqnh8	C
2020-03-30 01:08:14.258612	u/DeadeyeLan	flwaszo	u/m4a1pewpew	flw8jwn	C
2020-03-30 01:08:51.571472	u/kingoftheflame2000	flwau01	u/PoisonJello	flw93lo	C
2020-03-30 01:09:14.676974	u/foxytheprogamer	flwauu4	u/AAFC417	flw7kni	C
2020-03-30 01:09:17.476882	u/rattybr	flwav9n	u/TRDPaul	flto4o5	C
2020-03-30 01:09:21.263867	u/kingoftheflame2000	flwavkc	u/rob_nothing	flw60sp	C
2020-03-30 01:09:24.662436	u/theTexans	flwavrl	u/Jarsssthegr8	flwahzq	C
2020-03-30 01:09:28.887895	u/tlgthemlg	flwaw0m	u/blank-faced	flw5am8	C
2020-03-30 01:09:37.776921	u/mrboi800	flwawsu	u/Bruh_Bot_	flw9fok	C
2020-03-30 01:10:17.830913	u/IlIl000	flwaynh	u/xXbulls3y3Xx	flt052t	C
2020-03-30 01:10:24.664962	u/MasterGamer9910	flwayv7	u/racerfree	flwax2w	C
2020-03-30 01:10:49.002522	u/Cryptic_NX	flwazet	u/Mooseman06	flwaq3u	C
2020-03-30 01:10:52.346003	u/IlIl000	flwazi8	u/xXbulls3y3Xx	flt052t	C
2020-03-30 01:10:58.083925	u/reeeeeeeeeeeeeeeeeds	flwazjl	u/yourgae	frj1ly	S
2020-03-30 01:11:14.839070	u/M1DLucK	flwaztq	u/SpecialAgentGonzalez	flwa4kc	C
2020-03-30 01:11:29.445222	u/reeeeeeeeeeeeeeeeeds	flwb07g	u/reeeeeeeeeeeeeeeeeds	flwazjl	C
2020-03-30 01:11:47.162977	u/eujoaoabreu	flwb0g3	u/Aditya_Kabu	flujton	C
2020-03-30 01:12:01.525192	u/Colossal_Legend	flwb0o2	u/Mikey_the_Vegan	flw18ew	C
2020-03-30 01:12:18.731862	u/mysterio0967	flwb17l	u/dootloopscereal	flv3nn4	C
2020-03-30 01:12:36.952660	u/endasonikku	flwb1k2	u/ThisBruhRightHere	flw6t40	C
2020-03-30 01:12:39.207149	u/ImWadeYo	flwb1l8	u/GreenPhoenix14	flw0j73	C
2020-03-30 01:12:46.888421	u/paxromana96	flwb1o3	u/King_Lionel4	flw7jig	C
2020-03-30 01:13:08.310764	u/unknownjohn_	flwb2fx	u/dwehlen	flwandz	C
2020-03-30 01:13:20.603148	u/__-Omni-__	flwb2lm	u/Gamers_Against_Thots	flwan9w	C
2020-03-30 01:13:31.822279	u/cia-incoming	flwb2z6	u/pk8721	flw27b0	C
2020-03-30 01:13:43.217261	u/Idk_or_care	flwb33w	u/Buckhunter143	flwb2g5	C
2020-03-30 01:13:47.492856	u/Factualhawk404	flwb37f	u/enough-rope	flway2i	C
2020-03-30 01:14:05.427729	u/Gloomy-Relationship	flwb3wc	u/Anonymous-70	flw879g	C
2020-03-30 01:14:21.007857	u/Jacobt380	flwb49x	u/Soviet_Doggo-1934	flway3l	C
2020-03-30 01:14:31.663155	u/Tx_Euphoria	flwb4k7	u/saltysugar57	flw7ilz	C
2020-03-30 01:14:36.005923	u/bestname02	flwb4ll	u/bluehatgamingNXE	flw716c	C
2020-03-30 01:14:42.017264	u/tedd-daniosaur	flwb4nk	u/CaninimTheGreat	flwb3in	C
2020-03-30 01:15:17.568652	u/LateRain1970	flwb5ny	u/patrickd198	flw8uwo	C
2020-03-30 01:15:22.994942	u/idaisaparakeet_24	flwb5w1	u/beddyby12	flw9ner	C
2020-03-30 01:15:45.647821	u/TheVoicesInTheVoid	flwb6n6	u/TrailerBuilder	flw9fbl	C
2020-03-30 01:16:16.991491	u/MegaGrimer	flwb7j1	u/1Cryptic_Phoenix	flvknh9	C
2020-03-30 01:16:29.455576	u/jthcowboy	flwb82c	u/GamerGrunt	flrl0se	C
2020-03-30 01:16:31.319355	u/NamesArentEverything	flwb843	u/ShieldOfFury	flw891k	C
2020-03-30 01:16:55.916321	u/DragonSlayerN13	flwb8ty	u/wg041403	flwax7m	C
2020-03-30 01:17:02.830113	u/FenrirApalis	flwb8xe	u/KFBNoMercy	flw2npx	C
2020-03-30 01:17:11.374497	u/patate324	flwb95c	u/AK24ROCKS	flw5euo	C
2020-03-30 01:17:16.094728	u/MegaGrimer	flwb9g7	u/Judistheworst	flvhr13	C
2020-03-30 01:17:37.386329	u/unknownjohn_	flwba5k	u/dwehlen	flwb3gp	C
2020-03-30 01:17:39.127523	u/N0obm4sT3r69	flwba6y	u/jcolin3	flwae5q	C
2020-03-30 01:17:40.836427	u/popy0710	flwba86	u/psycopathic_loser	flwb8js	C
2020-03-30 01:17:58.281898	u/Shinigami_Ichigo	flwbajz	u/Qwertythe47th	flwb4hg	C
2020-03-30 01:18:35.709448	u/_HeboricGhosthand_	flwbc15	u/LarryDaBastard	flvtlsn	C
2020-03-30 01:19:25.425104	u/TheMasterDragonn	flwbdwu	u/k1intt	flwb4uk	C
2020-03-30 01:19:29.373794	u/chaotichousecat	flwbe39	u/wg041403	flw7u94	C
2020-03-30 01:19:43.545883	u/mtnb33r	flwbep2	u/nitewing1124	flwaeki	C
2020-03-30 01:19:47.243187	u/Mr_McPerson	flwbezs	u/Cryptic_NX	frhshj	S
2020-03-30 01:19:49.743776	u/Fatie_b0i	flwbf8b	u/gunsashootin	flv4kdq	C
2020-03-30 01:20:40.728493	u/Strykehammer	flwbh7z	u/engineerkoala	flw9h51	C
2020-03-30 01:20:47.680477	u/TheRecklessGuyy	flwbha9	u/DeadeyeLan	flwb6y3	C
2020-03-30 01:21:15.300658	u/chingun09	flwbifn	u/TheMerryBerry	flw1kwx	C
2020-03-30 01:22:08.675394	u/GalleonBreeze	flwbjsw	u/ggmy	flw68mx	C
2020-03-30 01:22:17.518490	u/sealpup6	flwbk1w	u/IMakePhoneCalls	flw4sdp	C
2020-03-30 01:22:41.034416	u/sealpup6	flwbku8	u/YandereAyaka	flvkkhg	C
2020-03-30 01:22:44.310895	u/CarDoor_Curti	flwbkze	u/lazy_potato_07	flvsdvz	C
2020-03-30 01:22:50.912328	u/fapking42069	flwbl8r	u/panling69	flwbhi8	C
2020-03-30 01:23:04.770757	u/BoiWithGoodSucc	flwblpy	u/Kindred22	flw8w4w	C
2020-03-30 01:23:32.769738	u/Quionn	flwbmhx	u/Khroneq	flw1fhp	C
2020-03-30 01:24:11.107350	u/SteveOctober	flwbo4u	u/Soviet-Biscuit	flwb2gd	C
2020-03-30 01:24:14.450044	u/the-kiwi-man	flwbobu	u/fualtyzane	flw9b7o	C
2020-03-30 01:24:37.102525	u/corbiniscool	flwbp70	u/TempleOfBone	flw2rqt	C
2020-03-30 01:24:39.176202	u/LickToesAndSlayHoes	flwbp7i	u/Buckhunter143	flwbfqm	C
2020-03-30 01:24:44.201492	u/Ookgluk32	flwbpa8	u/fualtyzane	flw9jfz	C
2020-03-30 01:24:51.225024	u/praran26	flwbpiu	u/NeatTealn	flw5m5n	C
2020-03-30 01:24:53.325448	u/Ecstatic-History	flwbpl4	u/RDMCFoxinatorYT	flw7huj	C
2020-03-30 01:25:25.214199	u/BirbsHere	flwbqmz	u/___Jesus__Christ___	flwauo0	C
2020-03-30 01:25:53.300191	u/Dapetes	flwbrey	u/fualtyzane	flw6pgc	C
2020-03-30 01:25:56.136774	u/darknight1022	flwbrf9	u/m4a1pewpew	flvzfwi	C
2020-03-30 01:26:27.735307	u/JazzTheBarnacles	flwbs7e	u/OofYeetKackow	flwb73r	C
2020-03-30 01:26:29.608739	u/kashmoney9	flwbs8n	u/Rumplestilskin_9	flw7gid	C
2020-03-30 01:27:02.858156	u/rattpack56	flwbtid	u/RepostSleuthBot	flux0tz	C
2020-03-30 01:27:26.996289	u/TheCheshireSlut	flwbugd	u/Bruh_Bot_	flwbte3	C
2020-03-30 01:27:38.165835	u/Kingconnor39	flwbunx	u/AutoModerator	flv64se	C
2020-03-30 01:27:43.313646	u/bdd1001	flwburk	u/fualtyzane	flw7ray	C
2020-03-30 01:28:19.918430	u/furry_anus_explosion	flwbvwq	u/AK24ROCKS	flwbry8	C
2020-03-30 01:28:46.661556	u/KingOfTvs	flwbwz4	u/LittleHoagie	flw10lm	C
2020-03-30 01:29:18.691582	u/CocoaPxffs	flwby0a	u/Quality02	flwbgws	C
2020-03-30 01:29:32.478681	u/WeLikeIke47	flwbyk4	u/Lyhdelix74	flwbb0u	C
2020-03-30 01:29:43.545148	u/Kcromery	flwbzdb	u/fualtyzane	flw8y06	C
2020-03-30 01:29:46.164950	u/Faceless_Pikachu	flwbzkr	u/Dimitri_Vorshev	flw6lst	C
2020-03-30 01:29:57.291215	u/GodOfGodOfDeath	flwc15r	u/Ojlevens	flw4ip1	C
2020-03-30 01:30:11.259256	u/pandaisyy	flwc1rh	u/TheFloofyPotato	fls2exc	C
2020-03-30 01:30:26.494489	u/dj12889	flwc2ch	u/Missapizza	flwauco	C
2020-03-30 01:30:43.992404	u/daviddoesntloveme	flwc2xy	u/AidanOrsargos	flvpn0s	C
2020-03-30 01:30:53.779333	u/Swiperlol	flwc3ai	u/xxxendermans	flw4lqh	C
2020-03-30 01:31:25.403500	u/YerBoiKermitTheFrog	flwc47n	u/WeLikeIke47	flw9jfo	C
2020-03-30 01:31:28.938438	u/trollman24769	flwc4a4	u/markregg	flwc0el	C
2020-03-30 01:32:13.612896	u/silverhoe	flwc5pg	u/zingyzucchini	flwb6k1	C
2020-03-30 01:32:29.531005	u/Potatochak	flwc62u	u/Tader1112	flvq5b3	C
2020-03-30 01:32:32.968594	u/Robocopyt8	flwc64l	u/Claudiomerlo	flv1fiw	C
2020-03-30 01:32:56.794490	u/Mr-Breadly	flwc70w	u/Owanjila	flurih5	C
2020-03-30 01:33:16.114753	u/1peace	flwc7jk	u/Alexr771	flwbx8o	C
2020-03-30 01:33:22.554279	u/sxeli	flwc7sw	u/jaisaitu	flw7ypi	C
2020-03-30 01:33:28.123818	u/TheNoodler98	flwc7zm	u/CHFCalvin	flvr1qc	C
2020-03-30 01:33:32.386260	u/Rydog2607	flwc80i	u/CuteCumbar11	flw9it9	C
2020-03-30 01:33:48.508489	u/heeheemcgee	flwc8qd	u/SomeWeirdDude098734	flvm7hx	C
2020-03-30 01:33:50.677028	u/Gorlak537	flwc8rg	u/JediDumbledore	flwakuv	C
2020-03-30 01:33:59.859096	u/Awwdamn65	flwc92k	u/Gamers_Against_Thots	flwb8zd	C
2020-03-30 01:34:05.388660	u/ThatsCoolNope	flwc97y	u/AkilleezBomb	flwbqee	C
2020-03-30 01:34:13.531098	u/nnam2606	flwc9fx	u/thOse-aRE-mY-cRocS	flvu6l1	C
2020-03-30 01:34:38.807411	u/OG-Loaf	flwcab1	u/cheesetastes_good	flvhqxa	C
2020-03-30 01:35:04.158672	u/sillyfacex3	flwcbb3	u/Dryym	flvudz8	C
2020-03-30 01:35:22.140903	u/M1dor1	flwcbun	u/1peace	flwc7jk	C
2020-03-30 01:35:24.187936	u/NYCHammer	flwcbv6	u/Gamers_Against_Thots	flwb8zd	C
2020-03-30 01:35:32.315123	u/Yeetreditisnoice	flwcc08	u/Rydog2607	flwc80i	C
2020-03-30 01:35:34.331101	u/BurzumKilledMayhemDi	flwcc0g	u/Toenail_93	flwc1rp	C
2020-03-30 01:35:39.347669	u/11445jam	flwccai	u/and_i_spoop	flvr6r8	C
2020-03-30 01:35:50.074295	u/nothankyoupleasedont	flwcclc	u/L0rdOfBac0n	flw885o	C
2020-03-30 01:36:01.107636	u/Superjulian909	flwcd3c	u/Kypsta2000	fluuscd	C
2020-03-30 01:36:11.981973	u/auricomousboy	flwcda8	u/fualtyzane	flw8s5c	C
2020-03-30 01:36:20.891444	u/Prodavez_Nasvaya	flwcde0	u/ThatsCoolNope	flwc97y	C
2020-03-30 01:36:55.852823	u/Nonentitledkid123	flwceme	u/mrboi800	flwavbj	C
2020-03-30 01:37:10.143041	u/Pegadi	flwceu9	u/LucarioMain52	flw2l7m	C
2020-03-30 01:37:12.850955	u/Big-mistake-uwu	flwcezi	u/Yeetreditisnoice	flwcc08	C
2020-03-30 01:38:08.891480	u/brking805	flwcgfa	u/EpicGamer1919	flw6gzl	C
2020-03-30 01:38:28.476864	u/sanic_the_henhog	flwch9x	u/racerfree	flwb00l	C
2020-03-30 01:38:35.438741	u/brosip9000	flwchh4	u/Lien417	flw9jpe	C
2020-03-30 01:38:36.908381	u/1130Cedp	flwchkr	u/fapking42069	flwbl8r	C
2020-03-30 01:38:40.622733	u/carrot1002	flwchon	u/ThanosBBBean	flwbdei	C
2020-03-30 01:38:43.408501	u/VirtualMe64	flwchs4	u/dummybricksrian	flvtygo	C
2020-03-30 01:39:05.738018	u/CrunchyTacooos	flwcilh	u/Bruh_Bot_	flwbk4r	C
2020-03-30 01:39:27.509519	u/Ghost_Seeker02	flwcjbx	u/NegevExploits	flwbdxs	C
2020-03-30 01:39:53.250053	u/Massiveodin8138	flwcke5	u/madyjane	flwaokp	C
2020-03-30 01:39:56.698993	u/UWU_beast	flwckpl	u/AidanOrsargos	flvpl11	C
2020-03-30 01:39:59.290831	u/iamGustard_	flwcl52	u/ShieldOfFury	flw891k	C
2020-03-30 01:40:07.339609	u/mcpat21	flwcli3	u/Voxesness	flvzfwj	C
2020-03-30 01:41:04.892162	u/pokeswapsans	flwcmuj	u/BlueDragon1813	flwc4yw	C
2020-03-30 01:41:09.766708	u/fruity_frend	flwcmxa	u/DuckLord17	flvrhlt	C
2020-03-30 01:41:31.073922	u/Mr_A14	flwcnp1	u/NoPostsHowMuchKarma	flvbmj5	C
2020-03-30 01:42:06.688689	u/shineyPOTATO	flwcoqg	u/fualtyzane	flw9crq	C
2020-03-30 01:42:31.051244	u/Poutine-San	flwcprx	u/kashmoney9	flwbs8n	C
2020-03-30 01:42:47.195616	u/effective_techer	flwcq4v	u/Bruh_Bot_	flwbebq	C
2020-03-30 01:43:14.912242	u/Calebboarding	flwcqr2	u/arsenic_shots	flw9tyd	C
2020-03-30 01:43:20.646857	u/SeveralAmoeba	flwcqwy	u/nolindlitch	flwc3v2	C
2020-03-30 01:43:24.097727	u/StoneBone22	flwcqyy	u/OriginallyJames	frgsbp	S
2020-03-30 01:43:26.235700	u/thetlo	flwcqzz	u/the_mspaint_wizzard	flw6898	C
2020-03-30 01:43:28.397038	u/sublimem	flwcr1k	u/NaturallyFrank	flvj68f	C
2020-03-30 01:43:57.795946	u/AlexWays	flwcrva	u/GodOfGodOfDeath	flwc15r	C
2020-03-30 01:44:16.718877	u/Flyingfish222	flwcsjh	u/nothankyoupleasedont	flwc9rg	C
2020-03-30 01:44:59.273590	u/ChaChaRealSmooth1955	flwctx1	u/bluejay55669	flto5ub	C
2020-03-30 01:45:02.295238	u/Your-Last-OOF	flwcu6d	u/speedoc	flvifrv	C
2020-03-30 01:45:05.290799	u/BigFatSlabs	flwcu89	u/kaiden017	flvqi7a	C
2020-03-30 01:45:10.485075	u/traveler_3326	flwcufw	u/the_jackalantern	flw3k0z	C
2020-03-30 01:45:15.514652	u/Mr_OceMcCool	flwcukz	u/Gloomy-Relationship	flw99bs	C
2020-03-30 01:45:30.082030	u/YaBoiDeppressiMan	flwcvbs	u/Qwertythe47th	flwcgar	C
2020-03-30 01:45:41.456620	u/Exo0804	flwcvk4	u/JazzistBoi402	flw5xym	C
2020-03-30 01:45:43.423683	u/McDerpDerperton	flwcvkq	u/okthennoobs	flw97cc	C
2020-03-30 01:45:57.039100	u/fungalhunt	flwcwan	u/victoriaa-	flw64qc	C
2020-03-30 01:46:16.396205	u/ProtonPi23	flwcwxt	u/dummybricksrian	flvtygo	C
2020-03-30 01:46:37.944809	u/lupus_mortuus_est	flwcxl1	u/SmokedOutVlogs	flwcvvd	C
2020-03-30 01:47:18.607771	u/AlexNae	flwcywv	u/RepostSleuthBot	flwcw8y	C
2020-03-30 01:47:22.676619	u/King-Watt	flwcz41	u/theblueduckz	flw6l5q	C
2020-03-30 01:47:34.151284	u/KoiFishTaco	flwcznu	u/TheMerryBerry	flw1kwx	C
2020-03-30 01:48:03.793531	u/Spazztasticotron	flwd0wx	u/Jmoney1932	flwbqrg	C
2020-03-30 01:48:43.145284	u/SwishedCheese	flwd2dc	u/Tader1112	flvqcm9	C
2020-03-30 01:48:56.808107	u/thiqqqboy	flwd2wr	u/K1TSUNE9	flw6pd9	C
2020-03-30 01:49:12.467155	u/Altmimeme9	flwd3oa	u/Sub2SmokeAlphaYt	fr2z4s	S
2020-03-30 01:49:28.161208	u/lil-kid1	flwd4mb	u/seanfch18052007	flw6ann	C
2020-03-30 01:49:43.609366	u/monxlix	flwd5es	u/Ryan8088	flw0j28	C
2020-03-30 01:49:47.876227	u/pineappleManpen	flwd5mr	u/x_Artifex_x	flwcbj7	C
2020-03-30 01:49:48.833468	u/Drago957	flwd5rn	u/Life-Is-Dank	flvriqw	C
2020-03-30 01:50:02.635832	u/unluckieduckie	flwd6tj	u/denibeni	flwd3el	C
2020-03-30 01:51:20.333751	u/Spencerecker	flwd92v	u/Richie-117	flwayut	C
2020-03-30 01:52:23.482542	u/sye1337	flwdab3	u/M3PHIST0-EvE	flwcpih	C
2020-03-30 01:52:29.009253	u/Stermtruper	flwdagm	u/Regal_reaper	flwd370	C
2020-03-30 01:52:48.819304	u/shaund1225	flwdawy	u/TheQuantumPikachu	fluaf41	C
2020-03-30 01:53:26.269616	u/Jewish-Jungle	flwdbfp	u/Rumplestilskin_9	flw7gid	C
2020-03-30 01:54:15.602742	u/Grant_The_King_Cheeb	flwdd4u	u/Unkn0wn_Ace	flwcp7f	C
2020-03-30 01:54:25.487912	u/TheEdgiestTaco	flwddee	u/Starkiller00732	flw0frc	C
2020-03-30 01:54:28.577974	u/animefan7642	flwddgo	u/firelasto	flvzyez	C
2020-03-30 01:54:35.631409	u/Meme_bear227	flwddpi	u/fergiboi123	flw8az2	C
2020-03-30 01:54:44.896167	u/RezzMetezz	flwde2p	u/m4a1pewpew	flwaigi	C
2020-03-30 01:55:10.770888	u/at1-nebula	flwdery	u/bluehatgamingNXE	flw54ed	C
2020-03-30 01:55:32.575941	u/Tidiestdog	flwdfaa	u/sohvos	flwcvvr	C
2020-03-30 01:55:40.669551	u/hilde_01	flwdfee	u/Jmoney1932	flwbg8x	C
2020-03-30 01:55:55.010472	u/instasuck99	flwdfzz	u/ThanosBBBean	flwbdei	C
2020-03-30 01:56:14.298604	u/unknown_creator	flwdgjf	u/fualtyzane	flwdd51	C
2020-03-30 01:56:16.225362	u/angelictoad	flwdgk4	u/RepostSleuthBot	flvz41x	C
2020-03-30 01:56:52.104023	u/North_Activist	flwdhpt	u/Jace-Ace	flvybos	C
2020-03-30 01:57:20.628684	u/Mr-variableunknown	flwdip6	u/JealousAdeptness	flw8m1d	C
2020-03-30 01:57:22.408680	u/Showzapow	flwdiq9	u/JesusSlayer903	flu5hc8	C
2020-03-30 01:57:25.250476	u/noicemeimei	flwdivn	u/FenrirApalis	flwb8xe	C
2020-03-30 01:57:47.144728	u/Growle	flwdjng	u/ShadowPigLord	flw1rwt	C
2020-03-30 01:57:51.123952	u/doodlez420	flwdjpd	u/wg041403	flw7u94	C
2020-03-30 01:58:10.096104	u/TallBird99	flwdl0i	u/denibeni	flwc8y4	C
2020-03-30 01:58:42.763492	u/Quakmiester	flwdmct	u/CinKM4D	flhfcsy	C
2020-03-30 01:58:50.892492	u/MoreLikeMore	flwdmr2	u/lucifer_1412	flwa5nk	C
2020-03-30 01:59:05.951125	u/DannyDevChuckles	flwdn1t	u/BradleeTheNerd	frjzj8	S
2020-03-30 01:59:24.968185	u/Arizoniac	flwdnyb	u/Mr-variableunknown	flwdip6	C
2020-03-30 01:59:39.070706	u/DannyDevChuckles	flwdowb	u/datsmamail12	flw9zja	C
2020-03-30 01:59:53.369437	u/Colin4ds	flwdqey	u/_The__Stig___	flw83h1	C
2020-03-30 02:00:00.078150	u/username156	flwdqv0	u/-Pachinko	flwdjge	C
