2020-04-01 15:00:26.764366	u/AZN-TV	fm564cg	u/ZakoGD	fm52225	C
2020-04-01 15:00:53.329322	u/anika01z	fm565vk	u/bakzirus	fm55d1x	C
2020-04-01 15:01:12.213543	u/JamesTheConqueror	fm566iv	u/GameFaceJc	fm542f7	C
2020-04-01 15:01:20.184939	u/Lmmmmmm123	fm566vi	u/F_O_R_T_N_U_T	fm4t3wb	C
2020-04-01 15:01:43.718507	u/thewartornhippy	fm56801	u/Motown06	fm4w41a	C
2020-04-01 15:04:21.870152	u/graceiguesslol	fm56eiq	u/flimbs	fm5342d	C
2020-04-01 15:04:34.245944	u/SoccerMuffinPunz4	fm56f2a	u/seira117	fm4ozu3	C
2020-04-01 15:05:02.536950	u/tijn_van_wijk	fm56fvc	u/RyanLikesAntiques	fm4z85k	C
2020-04-01 15:05:07.783965	u/RavagerRaven	fm56g3d	u/solomonjl	fm50doo	C
2020-04-01 15:05:48.050168	u/Sufficient-Throat	fm56hyb	u/Soppoi	fm55hz5	C
2020-04-01 15:06:12.735058	u/a_blue_dog	fm56j53	u/Margiris007	fm56gu7	C
2020-04-01 15:06:23.256386	u/robblokkit	fm56jf7	u/maninblakkk	fm4933d	C
2020-04-01 15:06:31.623595	u/Exentrez	fm56jon	u/asdf_young	fm4u54r	C
2020-04-01 15:06:52.839409	u/Roman_Emperor_1st	fm56la7	u/Topovfan	fm4z3om	C
2020-04-01 15:06:55.537714	u/avoir-baby	fm56ldi	u/aegis94	fm568e0	C
2020-04-01 15:08:13.064062	u/carledricksy	fm56olg	u/MinecraftFart	fm4ncam	C
2020-04-01 15:08:37.088521	u/Kapitan112	fm56q40	u/a_person_with_a_cake	fm4m8dy	C
2020-04-01 15:08:40.678238	u/clickitbaby69	fm56qgt	u/Ramses3	fm48jh7	C
2020-04-01 15:08:47.955744	u/rae_pist	fm56qzb	u/MrEndsy05	fm56oda	C
2020-04-01 15:09:11.387100	u/littlekidlover102030	fm56sls	u/Emperor_O_Memes	fm56nmb	C
2020-04-01 15:09:17.442330	u/Samayo-Mayo	fm56sw1	u/o-387whocaresanyway	fm56plj	C
2020-04-01 15:09:50.057256	u/monkeyking156	fm56vcm	u/schmidtty62	fm4wbfz	C
2020-04-01 15:10:58.281938	u/radamo96	fm56zl1	u/EverydayEverynight01	fm50o2g	C
2020-04-01 15:11:26.720141	u/joshWiThNuMbErS	fm570tb	u/Motown06	fm4w41a	C
2020-04-01 15:11:33.514231	u/blackKiteCut2k19	fm570yt	u/Topovfan	fm4z9li	C
2020-04-01 15:11:58.256403	u/Rabitttt	fm5726d	u/adwait199	fm50qep	C
2020-04-01 15:12:27.831402	u/--JoJo_Golden_Wind--	fm573i6	u/oBi_wAN_kENoBI______	fm4s9e1	C
2020-04-01 15:12:51.526549	u/Geodinamo	fm574om	u/Brign716	fm54a9a	C
2020-04-01 15:13:02.807643	u/ChristieFox	fm574xd	u/NotDaveBut	fm4v6p6	C
2020-04-01 15:13:33.721348	u/Gorilla_Krispies	fm576et	u/Beefskeet	fm4yhjg	C
2020-04-01 15:14:24.935104	u/MouldyBanana72xbx	fm578np	u/Gubq	fl5lg0s	C
2020-04-01 15:15:37.265786	u/NekronOverlord	fm57c8u	u/Vault-71	flz075n	C
2020-04-01 15:16:16.973841	u/monkeymacman	fm57f2s	u/Motown06	fm4w41a	C
2020-04-01 15:16:19.629942	u/Stargazer237	fm57f3p	u/GuillaumeTheMajestic	fm579f5	C
2020-04-01 15:16:36.622991	u/GeovanaSB	fm57gxs	u/PoopdiShnoopdySmoria	fm4wev7	C
2020-04-01 15:17:38.120195	u/VaccinialCargo1	fm57kt8	u/PoopdiShnoopdySmoria	fm4wev7	C
2020-04-01 15:17:48.946232	u/stormblast1999-2	fm57lg1	u/dragons_are_majestic	fm4otw7	C
2020-04-01 15:17:52.291725	u/BakuBish12	fm57llr	u/SeabassWolf3748	fm4208x	C
2020-04-01 15:18:01.997591	u/Dragonmecha	fm57mkk	u/Sub_to_Pewdiepie2	fm4wapi	C
2020-04-01 15:18:03.640293	u/D-Spornak	fm57mq9	u/carledricksy	fm56olg	C
2020-04-01 15:18:12.088828	u/Danger11195	fm57nb4	u/AutoModerator	fm4zusu	C
2020-04-01 15:18:25.913283	u/LovesSweetMan	fm57ocv	u/Respect_Paying_Bot	fm57k6z	C
2020-04-01 15:18:33.247483	u/Flirtninja	fm57p03	u/GuillaumeTheMajestic	fm57fvw	C
2020-04-01 15:18:34.715045	u/CormAlan	fm57p80	u/thewartornhippy	fm56801	C
2020-04-01 15:18:38.862680	u/Sheriff42	fm57psf	u/annonys	ft549p	S
2020-04-01 15:18:42.490269	u/usernamesarehard9099	fm57pz1	u/white_android	fm56w3i	C
2020-04-01 15:19:02.604179	u/thandy9	fm57rxd	u/sadboyleto2	fm52qjx	C
2020-04-01 15:19:18.304444	u/Ally0Paly	fm57tpx	u/SpicyChessPlayer	fm57qfa	C
2020-04-01 15:19:20.780597	u/MarsDamon	fm57trt	u/TheCommander07	fm4s5wd	C
2020-04-01 15:19:44.754854	u/freshlygroundcoffeee	fm57wrz	u/Topovfan	fm4z9li	C
2020-04-01 15:19:45.752231	u/asian_identifier	fm57wsu	u/flimbs	fm5342d	C
2020-04-01 15:19:49.106196	u/bodyelbotaly	fm57x6i	u/RichardTheB-tchBoy	fm56vor	C
2020-04-01 15:19:57.367850	u/wreck_it_rita	fm57xu8	u/holocene28	fm4xlop	C
2020-04-01 15:20:45.973206	u/milkybarboi	fm5809s	u/lord_z9	fm4zzyv	C
2020-04-01 15:21:05.820676	u/-SpamCauldron-	fm580v6	u/XPSSlingGAMING	fm3tl0j	C
2020-04-01 15:21:45.685830	u/fieryfierce	fm582k1	u/Hollow_Logic	fm57xnq	C
2020-04-01 15:22:21.703753	u/gamerock_125	fm583ov	u/Thraximundurabrask	fm530b0	C
2020-04-01 15:23:28.222529	u/bryj15	fm5872u	u/RepostSleuthBot	fm4vcu1	C
2020-04-01 15:23:42.062843	u/Tack22	fm587qf	u/usernamesarehard9099	fm57pz1	C
2020-04-01 15:23:59.042583	u/quest_completed	fm588tm	u/acid_b0i	fm4yc2u	C
2020-04-01 15:24:06.577842	u/AkyRhO	fm5891w	u/FFalcon_Boi	fm55eqc	C
2020-04-01 15:24:08.726028	u/Rustyknightowl	fm5894j	u/NoahTomori	fm4vp98	C
2020-04-01 15:24:10.859691	u/Popcorny_YT	fm589b5	u/ZZionix	fm4tirx	C
2020-04-01 15:24:37.588810	u/lnkov1	fm58b1i	u/monkeymacman	fm57f2s	C
2020-04-01 15:25:11.354976	u/getdylanalovelife	fm58dkm	u/AutoModerator	fm3btws	C
2020-04-01 15:26:05.688866	u/epicfags	fm58gfn	u/RepostSleuthBot	fm4vbnf	C
2020-04-01 15:26:19.652419	u/icamefordeath	fm58h50	u/graceiguesslol	fm56eiq	C
2020-04-01 15:26:33.625119	u/-_-B-R-U-H-_-	fm58ho6	u/Retarded-Minecrafter	fm584kg	C
2020-04-01 15:26:43.947216	u/Jarn00tje	fm58hxz	u/jay1687	fm5707k	C
2020-04-01 15:26:59.783909	u/silentwrath47	fm58ic1	u/Asil001	fm56c3c	C
2020-04-01 15:27:19.649345	u/archrival33	fm58jg8	u/sooka-asylum	fm57ibg	C
2020-04-01 15:27:51.540677	u/Uncledave1212	fm58llg	u/Xoohoo_	fm4g5pl	C
2020-04-01 15:28:20.130709	u/ResponsiblePen13	fm58nq1	u/FRICKINGNAMES	fm4vnbi	C
2020-04-01 15:28:41.786322	u/uknowwhatitis420	fm58p8e	u/ReasonablySizedApple	fm568pz	C
2020-04-01 15:28:58.893924	u/FluffyDuff_v2	fm58qhl	u/RandomRedditor404	fm4of9q	C
2020-04-01 15:29:05.490920	u/TacovilleMC	fm58qx1	u/SuchANoooob	fm56n0s	C
2020-04-01 15:29:38.125125	u/9_Kairam_3	fm58va7	u/unevenOllesontea	fm51xuf	C
2020-04-01 15:29:52.102626	u/janglesTheM0nkey	fm58yot	u/Jaded-Imagination	fm502dq	C
2020-04-01 15:29:59.647604	u/littlerosepose	fm58zny	u/ThunderingSacks	fm4gcrp	C
2020-04-01 15:30:05.444708	u/-McFuckNugget-	fm5901w	u/racerfree	fm3exgu	C
2020-04-01 15:30:36.306204	u/Futuredetective98	fm591ky	u/D-Spornak	fm57mq9	C
2020-04-01 15:31:09.096356	u/siusiubryan	fm59373	u/Martinuz01	fm44k3z	C
2020-04-01 15:31:19.705137	u/dontbesuspiciousss	fm593ha	u/stripedslippers	fm53k2h	C
2020-04-01 15:31:41.715021	u/DiegoDiaz380	fm594gb	u/Toasty_Mostly	fm52vsf	C
2020-04-01 15:31:50.785252	u/animalbased	fm59588	u/ayoandteo21	fm49izs	C
2020-04-01 15:32:07.717756	u/Pepe_Arce	fm59655	u/A_Bird_survived	fm54bv3	C
2020-04-01 15:32:15.002269	u/The_bedstealer12	fm596gi	u/TheCommander07	fm4s5wd	C
2020-04-01 15:32:40.627440	u/Dayn09	fm5989g	u/TVStankee	fm58zma	C
2020-04-01 15:33:25.848142	u/Zaperex	fm599zb	u/WreakHavoc41910	fm4h1jp	C
2020-04-01 15:34:02.328637	u/BubbaJubz	fm59c9e	u/appelperen	fm55wmk	C
2020-04-01 15:34:12.847139	u/TherealKarlMarx404	fm59cla	u/Striker40k	fm58e1t	C
2020-04-01 15:34:20.053864	u/Pandarilla0	fm59d2i	u/MrGenius9000	fm591if	C
2020-04-01 15:34:40.397574	u/FartNibba	fm59e8d	u/TheCommander07	fm4s5wd	C
2020-04-01 15:34:53.290232	u/SonorousDrumM3R	fm59exr	u/Full-Distribution	fm4ucyv	C
2020-04-01 15:35:12.945383	u/LaPetitFleuret	fm59frw	u/Gerroh	fm52m7d	C
2020-04-01 15:35:25.160887	u/DrCreamAndScream	fm59gjt	u/Yedabobble	fm4ufdu	C
2020-04-01 15:35:45.001000	u/golem655782	fm59i0j	u/seira117	fm4ozu3	C
2020-04-01 15:36:03.552892	u/Vlcendo	fm59jpa	u/Shagurope	fm4ref7	C
2020-04-01 15:36:26.338864	u/MoiraSearches	fm59lcv	u/porcelainphilosopher	fm4hxi9	C
2020-04-01 15:37:32.076290	u/yatosnoodles	fm59qcn	u/Dominikoy2	fm3on9o	C
2020-04-01 15:37:35.676613	u/PessimisticProphet	fm59qgf	u/NotDaveBut	fm4v6p6	C
2020-04-01 15:37:37.405274	u/shitsfuckedupalot	fm59qi6	u/monkeymacman	fm57f2s	C
2020-04-01 15:37:42.454545	u/Brobuscus48	fm59qub	u/GuillaumeTheMajestic	fm56z1j	C
2020-04-01 15:37:46.974390	u/villotzi	fm59qz4	u/KINGOFBORDEM	fm4z08p	C
2020-04-01 15:38:07.615386	u/-MangoDown	fm59sd8	u/graceiguesslol	fm56eiq	C
2020-04-01 15:38:10.149368	u/Dyougou	fm59sgl	u/uknowwhatitis420	fm58p8e	C
2020-04-01 15:38:25.802789	u/MrPoopieMcCuckface	fm59ttv	u/captaincold765	fm49417	C
2020-04-01 15:38:28.717867	u/shubhamnath2	fm59u0r	u/Iaxacs	fm58pf6	C
2020-04-01 15:38:39.270268	u/_supdns	fm59ujp	u/roncastelino	fm54ekn	C
2020-04-01 15:38:55.219184	u/CosmicAcorn	fm59vku	u/r3dcrayon	fm59uam	C
2020-04-01 15:39:09.413373	u/le_shiter	fm59w6p	u/SuchANoooob	fm56n0s	C
2020-04-01 15:39:44.237780	u/algakatt	fm59zyu	u/Gubq	fl5lyk4	C
2020-04-01 15:39:59.921361	u/sniffing-toad	fm5a2fk	u/golem655782	fm59i0j	C
2020-04-01 15:40:14.476924	u/BABY_YODA12345	fm5a2tf	u/monkeyking156	fm56vcm	C
2020-04-01 15:40:16.903309	u/NekiaMac	fm5a2wc	u/moelad1	fm599es	C
2020-04-01 15:40:28.806195	u/Siriusone11	fm5a3fl	u/HBG2004	fm57r9g	C
2020-04-01 15:40:50.064833	u/bullsnation91_	fm5a4tm	u/MrProbation	fm598lz	C
2020-04-01 15:40:59.502738	u/2punornot2pun	fm5a56k	u/Gimme_carrots_humans	fm4nd1z	C
2020-04-01 15:41:11.316621	u/Azz1337	fm5a5lb	u/9_Kairam_3	fm590cg	C
2020-04-01 15:41:24.188126	u/sovietcheese-dealer	fm5a62z	u/Shivshanks	fm46m4e	C
2020-04-01 15:41:41.282496	u/arandomhungarian	fm5a6ug	u/As1anPersuas1an	fm57u9t	C
2020-04-01 15:41:59.477458	u/jtlx25	fm5a7e3	u/-_-B-R-U-H-_-	fm58ho6	C
2020-04-01 15:42:24.487370	u/lovethepuppers	fm5a84w	u/CthuluSpecialK	fm55tuw	C
2020-04-01 15:42:37.355844	u/ShroudedInThorns	fm5a8hi	u/Motown06	fm4w41a	C
2020-04-01 15:42:41.866661	u/Cod71	fm5a8m4	u/Martinuz01	fm4a8cy	C
2020-04-01 15:42:52.533990	u/88pinocho	fm5a8w5	u/stillanmcrfan	fm4d1v9	C
2020-04-01 15:42:54.762745	u/shaker7	fm5a8xe	u/RepostSleuthBot	fm3yn6r	C
2020-04-01 15:44:09.610787	u/grahamtg	fm5acue	u/SonorousDrumM3R	fm59exr	C
2020-04-01 15:44:17.564779	u/McWalker1	fm5ad6r	u/-MangoDown	fm59sd8	C
2020-04-01 15:44:47.824586	u/antimatter246	fm5aec1	u/ZZionix	fm4kome	C
2020-04-01 15:45:08.057546	u/wowjpeg	fm5afec	u/monkeymacman	fm59rpi	C
2020-04-01 15:45:24.465513	u/nre_graphico	fm5agik	u/Motown06	fm4w41a	C
2020-04-01 15:45:29.690478	u/ombalal	fm5agxb	u/unevenOllesontea	fm58xoy	C
2020-04-01 15:45:44.785889	u/smashbrosislit	fm5ahkz	u/DocMenios	fm3t067	C
2020-04-01 15:46:07.129244	u/efnilite	fm5aiby	u/fantastich_freidrich	fm5adla	C
2020-04-01 15:46:39.813270	u/CDS999	fm5ccl1	u/MattTheAccountant	fm4bjv8	C
2020-04-01 15:46:57.857853	u/The_Android_	fm5cdnw	u/ThunderingSacks	ft0rb6	S
2020-04-01 15:47:25.681345	u/naoufumi56788	fm5cfnh	u/Haroondotkom	fm4dbbu	C
2020-04-01 15:47:35.529711	u/Apollo20_	fm5cgtv	u/AlkazarCZ	fm3ybqn	C
2020-04-01 15:47:48.391090	u/dimensional-chaos	fm5chyx	u/Santak1ng	fm4q466	C
2020-04-01 15:47:50.793578	u/FinalFuzzy	fm5chz6	u/ZakoGD	fm5bvmh	C
2020-04-01 15:47:55.636165	u/Irish_Ginger2014	fm5cicy	u/CJ_42069	fm5bt1c	C
2020-04-01 15:47:58.128598	u/Lennie12321	fm5cigg	u/MajorNicki	flwu8u5	C
2020-04-01 15:48:01.617290	u/yeet_sein_vater	fm5cio9	u/AgentPerry07	fm57fzx	C
2020-04-01 15:48:17.784587	u/CadenDaBigBoi	fm5cjvx	u/TacovilleMC	fm5930x	C
2020-04-01 15:48:25.908020	u/SuDdEromba	fm5ckln	u/Martinuz01	fm4ucjx	C
2020-04-01 15:48:27.644944	u/CJrockwell	fm5ckn9	u/Patriklilcocky	fm53k9z	C
2020-04-01 15:48:38.038569	u/weiger702	fm5clbf	u/SonorousDrumM3R	fm59exr	C
2020-04-01 15:48:52.770744	u/scythe-volta	fm5cmib	u/seira117	fm4ozu3	C
2020-04-01 15:49:23.378622	u/Jarhead004	fm5cp4w	u/robin_joker	fm5cibj	C
2020-04-01 15:49:27.400345	u/awesomeaaron72	fm5cpnx	u/anika01z	fm565vk	C
2020-04-01 15:49:37.490959	u/bostomaatje6	fm5cpy1	u/Jofe7	fm4qil6	C
2020-04-01 15:49:38.559116	u/Sohnich	fm5cpz1	u/ThunderingSacks	fm4gcrp	C
2020-04-01 15:49:47.435199	u/BennyBands_	fm5crf1	u/7_Cube	fm5bktp	C
2020-04-01 15:49:53.454094	u/prime2twenty	fm5cs78	u/Lathamuel	fm4yszu	C
2020-04-01 15:50:28.633720	u/TheEgoManiac_	fm5cuzh	u/BakulaSelleck92	fm4hsd2	C
2020-04-01 15:52:19.625377	u/MrWizardMrWizard	fm5d0dp	u/ZukusCatHeaven_Art	fm53rn5	C
2020-04-01 15:53:14.872055	u/_csrplays_	fm5d319	u/ZZionix	fm4kome	C
2020-04-01 15:53:29.197682	u/YupItsMe002	fm5d3ta	u/Martinuz01	fm4uqcj	C
2020-04-01 15:53:45.429121	u/Ryffalo	fm5d46e	u/xr280xr	fm52ksq	C
2020-04-01 15:54:53.456848	u/Spicycold-10	fm5d7b3	u/Aiman_ISkandar	fm5d170	C
2020-04-01 15:55:17.099036	u/tenaciousjoda	fm5d8uv	u/Holder_Of_Demons	ft78gv	S
2020-04-01 15:55:22.425260	u/ObliviousOblong	fm5d8wy	u/Shivshanks	fm46m4e	C
2020-04-01 15:56:01.944419	u/macewindu111	fm5daoh	u/XPSSlingGAMING	fm4zf72	C
2020-04-01 15:56:05.307762	u/Groyper2020	fm5dapp	u/i-dont-realy-know	fm5cnfs	C
2020-04-01 15:56:38.467199	u/Mr-Wombo-Combo	fm5dcdu	u/Irrational-Charisma	fm5d9gu	C
2020-04-01 15:56:59.597776	u/kkberry20	fm5de0v	u/ThunderingSacks	fm4gcrp	C
2020-04-01 15:57:05.657333	u/L3onard2404	fm5de40	u/TheActiveBoy	fm5b0iq	C
2020-04-01 15:57:29.488880	u/Thisisasupersayin2	fm5dfmv	u/Bmosmile	fm58l2t	C
2020-04-01 15:58:24.045110	u/DorsetBinman	fm5dim7	u/The_Radioactive_Rat	fm2u4g8	C
2020-04-01 15:59:22.144086	u/ledhead224	fm5dnlf	u/DeepAnus69	fm4nfek	C
2020-04-01 15:59:24.588683	u/MCY_97	fm5dnr0	u/PyroYeet0808	fm5ac30	C
2020-04-01 15:59:34.312021	u/WeepingWillow853	fm5dof6	u/Roman_Emperor_1st	fm56la7	C
2020-04-01 15:59:35.835682	u/PanAmAviator	fm5dooo	u/RepostSleuthBot	fm5da43	C
2020-04-01 15:59:54.358590	u/Horcrux1412	fm5dr2k	u/and0mgCholesterol	fm27moo	C
