2020-03-20 19:58:30.851764	u/-ajrojrojro-	fl2ds8z	u/BirdieBronze	fl2aif0	C	N
2020-03-20 19:58:33.366152	u/UncleSam50	fl2drwm	u/CurrentlyConfuzuled	fm3pi9	S	N
2020-03-20 19:58:33.637601	u/carleslaorden	fl2drxa	u/nashville_nobody	fl00l15	C	N
2020-03-20 19:58:34.263583	u/Mussolini_spagitti	fl2ds44	u/DecrepitDemon	fl29yly	C	N
2020-03-20 19:58:34.804549	u/Dakkotaz	fl2dscl	u/plippy2016	fl0efxl	C	N
2020-03-20 19:58:35.165781	u/AutoModerator	fl2dsdg	u/Current_Winner	fm5knt	S	N
2020-03-20 19:58:40.044103	u/AutoModerator	fl2ds85	u/0range_Monkey	fm5kn4	S	N
2020-03-20 19:58:40.393334	u/MCServerHoster	fl2dsdn	u/Enix1523	fm5h42	S	N
2020-03-20 19:58:40.753811	u/AutoModerator	fl2dsik	u/TDS755	fm5kow	S	N
2020-03-20 19:58:41.033920	u/Chaos268	fl2dsir	u/jayosda	fl2doh0	C	N
2020-03-20 19:58:41.295171	u/cait-nicole	fl2dsk1	u/For_Answer	fl28imx	C	N
2020-03-20 19:58:41.716266	u/xtra-short-dwarf	fl2dspm	u/Bmanyo69	fm0syf	S	N
2020-03-20 19:58:42.605253	u/Vile-Bagger	fl2dswh	u/YungFishIsAround	flxpw3	S	N
2020-03-20 19:58:42.963372	u/Cyberbuzz99	fl2dsxu	u/_Bussey_	fm52bi	S	N
2020-03-20 19:58:45.244458	u/FedEx84	fl2dsg2	u/RepostSleuthBot	fl2dku9	C	N
2020-03-20 19:58:45.580735	u/SnapshillBot	fl2dsk3	u/Current_Winner	fm5knt	S	N
2020-03-20 19:58:46.284190	u/kyriakoskon90	fl2dsmy	u/jakseptki	fm1612	S	N
2020-03-20 19:58:46.719515	u/SnapshillBot	fl2dsq5	u/0range_Monkey	fm5kn4	S	N
2020-03-20 19:58:47.197961	u/shizeR45	fl2dsu4	u/Nearsighted_Madman	fm2af8	S	N
2020-03-20 19:58:47.448197	u/Insanebassninja	fl2dsve	u/AzzyDaBobcat	fl19e21	C	N
2020-03-20 19:58:47.688360	u/ChampawatReborn	fl2dt5c	u/randomfox	fl29s9c	C	N
2020-03-20 19:58:48.884475	u/A_Aron_AKA_Aaron	fl2dt6p	u/KohakoAT	flmg9v	S	N
2020-03-20 19:58:49.251422	u/MemesMod	fl2dt7i	u/0range_Monkey	fm5kn4	S	N
2020-03-20 19:58:49.636120	u/SnapshillBot	fl2dtas	u/PeekClamBeDyslexic	fm5krt	S	N
2020-03-20 19:58:50.107734	u/thomasturc	fl2dtbb	u/ApexReddit13	flwe2s	S	N
2020-03-20 19:58:50.769567	u/Yummypizzaguy1	fl2dteb	u/PS4950	flvka3	S	N
2020-03-20 19:58:51.113541	u/day_of_life	fl2dtg8	u/Pocket680	fm2k16	S	N
2020-03-20 19:58:51.639767	u/AutoModerator	fl2dthg	u/loganfal1	fm5kte	S	N
2020-03-20 19:58:53.849435	u/whale-panda	fl2dsyt	u/hi-udhjeu-rnja	fl27cwp	C	N
2020-03-20 19:58:54.208427	u/AutoModerator	fl2dt0l	u/70723	fm5krd	S	N
2020-03-20 19:58:54.517343	u/AutoModerator	fl2dt2r	u/PeekClamBeDyslexic	fm5krt	S	N
2020-03-20 19:58:54.758607	u/SkoglundTheGreat	fl2dt37	u/Ty_128	fl2dp2w	C	N
2020-03-20 19:58:55.119884	u/fantasie037	fl2dt56	u/Enix1523	fm5h42	S	N
2020-03-20 19:58:55.438746	u/AutoModerator	fl2dtdc	u/Seren541	fm5kt1	S	N
2020-03-20 19:58:55.774118	u/SnapshillBot	fl2dtdt	u/70723	fm5krd	S	N
2020-03-20 19:58:56.052001	u/SnapshillBot	fl2dtjb	u/TDS755	fm5kow	S	N
2020-03-20 19:58:56.532799	u/dovahkiin4299	fl2dtlk	u/thebuildadadaburg5	fl2d40b	C	N
2020-03-20 19:58:57.338249	u/woodchuck69420	fl2dtmz	u/tankmastor	fm2j5l	S	N
2020-03-20 19:58:57.745256	u/WombatZeppelin	fl2dtn8	u/ApexReddit13	flwe2s	S	N
2020-03-20 19:58:59.221307	u/IfTheShoeFits_	fl2dtri	u/Omega4Life	fm0bxl	S	N
2020-03-20 19:58:59.511665	u/Tiegoo2	fl2dtsi	u/AngelDustismykink	fm36tj	S	N
2020-03-20 19:59:02.686296	u/BloodyDireWolf	fl2dtcf	u/LORE-above-ALL09	fm0o0p	S	N
2020-03-20 19:59:02.966065	u/AutoModerator	fl2dte7	u/MrRight404	fm5ktd	S	N
2020-03-20 19:59:03.579683	u/AutoModerator	fl2dtvs	u/TimothyTroller	fm5kvq	S	N
2020-03-20 19:59:05.921263	u/AutoModerator	fl2du5i	u/Roar_Im_A_Nice_Bear	fm5kx9	S	N
2020-03-20 19:59:06.641231	u/datdanny123	fl2du6u	u/manicottiiskindaneat	flz0aq	S	N
2020-03-20 19:59:08.664679	u/bigchungus_6969	fl2du7x	u/PyroPringle1	fl2bv67	C	N
2020-03-20 19:59:08.953993	u/MemesMod	fl2duen	u/Current_Winner	fm5knt	S	N
2020-03-20 19:59:11.242142	u/RealLiveChicken	fl2du72	u/_Bussey_	fm52bi	S	N
2020-03-20 19:59:11.553655	u/SnapshillBot	fl2du8a	u/TimothyTroller	fm5kvq	S	N
2020-03-20 19:59:11.785820	u/Mussolini_spagitti	fl2duf4	u/goesey	fl29bit	C	N
2020-03-20 19:59:13.073950	u/vadeye	fl2dulh	u/NecroWolf28	flv7yb	S	N
2020-03-20 19:59:13.281885	u/Yeet_Master420	fl2dulm	u/RepostSleuthBot	fl21slb	C	N
2020-03-20 19:59:13.836163	u/mmhmounib	fl2dup7	u/Yumyumyumyesyesyes	fl1wbaj	C	N
2020-03-20 19:59:14.075679	u/remindditbot	fl2duqb	u/CasualScreeching	fl28zj4	C	N
2020-03-20 19:59:14.878963	u/WarmBathtubWater	fl2duu1	u/manicottiiskindaneat	flz0aq	S	N
2020-03-20 19:59:17.001698	u/lolurmomgay69it6	fl2du9m	u/Purplecowpig	fm46zy	S	N
2020-03-20 19:59:18.393768	u/dallolacid	fl2dua8	u/LORE-above-ALL09	fm0o0p	S	N
2020-03-20 19:59:19.178144	u/Momonada232	fl2dubh	u/notpreposterous	fm1bx6	S	N
2020-03-20 19:59:19.526804	u/AutoModerator	fl2duby	u/Geriltan	fm5ky7	S	N
2020-03-20 19:59:19.999715	u/Mechagodzilla_3	fl2dud8	u/Karinguer	fm1y3i	S	N
2020-03-20 19:59:20.275916	u/SnapshillBot	fl2duej	u/MrRight404	fm5ktd	S	N
2020-03-20 19:59:20.744975	u/AutoModerator	fl2dur3	u/preupeumeus	fm5l0y	S	N
2020-03-20 19:59:20.947578	u/yeeteryeet13	fl2duwx	u/RepostSleuthBot	fl1t1si	C	N
2020-03-20 19:59:21.182803	u/SnapshillBot	fl2duxj	u/preupeumeus	fm5l0y	S	N
2020-03-20 19:59:21.446264	u/SnapshillBot	fl2dv2a	u/Geriltan	fm5ky7	S	N
2020-03-20 19:59:21.858744	u/GERMA90	fl2dv6e	u/fazekas_julcsi	fm10l5	S	N
2020-03-20 19:59:24.893822	u/yachter	fl2duvm	u/BlueDragon1813	flx6wr	S	N
2020-03-20 19:59:25.196162	u/AutoModerator	fl2dv0v	u/Lepsiakoty	fm5l2m	S	N
2020-03-20 19:59:26.106880	u/DaGamingHamster	fl2dv3f	u/TJKD23	flw2j4	S	N
2020-03-20 19:59:28.142078	u/thebuildadadaburg5	fl2dv6k	u/OracleMic	fl2dgpo	C	N
2020-03-20 19:59:30.223195	u/OliversCandyMan19	fl2dvjb	u/mtgkajhit	fm5j8t	S	N
2020-03-20 19:59:32.155059	u/Juloo3	fl2dvlv	u/shizeR45	fl2drl6	C	N
2020-03-20 19:59:32.634440	u/Ren183	fl2dvna	u/RexArcadia	flzl3i	S	N
2020-03-20 19:59:33.119599	u/FatBoOoOi	fl2dvpy	u/Nearsighted_Madman	fm2af8	S	N
2020-03-20 19:59:33.559231	u/Row-well	fl2dvxh	u/soubhik1999	fm5ea5	S	N
2020-03-20 19:59:36.416735	u/Neoblaze1207	fl2dvji	u/Omega4Life	fm0bxl	S	N
2020-03-20 19:59:36.560479	u/Omega4Life	fl2dvl3	u/IfTheShoeFits_	fl2dtri	C	N
2020-03-20 19:59:36.821800	u/AutoModerator	fl2dw0d	u/Arber-Guardian	fm5l99	S	N
2020-03-20 19:59:37.426479	u/hifrandimcool	fl2dw1y	u/jdwjeremy28	fm2ox5	S	N
2020-03-20 19:59:39.416998	u/NyTeOwI	fl2dvor	u/spcontinuum	fm5k6t	S	N
2020-03-20 19:59:39.691006	u/DockYardigan	fl2dw3u	u/jegshemash	fm4brx	S	N
2020-03-20 19:59:41.614838	u/SnapshillBot	fl2dvzg	u/Roar_Im_A_Nice_Bear	fm5kx9	S	N
2020-03-20 19:59:46.208234	u/McChexMix	fl2dw9h	u/casualgamerwithbigPC	fl2383p	C	N
2020-03-20 19:59:46.651171	u/MemesMod	fl2dwcb	u/Arber-Guardian	fm5l99	S	N
2020-03-20 19:59:51.553656	u/YourBoiMemeBeast	fl2dw87	u/tankmastor	fm2j5l	S	N
2020-03-20 19:59:51.741502	u/AutoModerator	fl2dwdq	u/Time-Caterpillar	fm5lb0	S	N
2020-03-20 19:59:52.032637	u/AutoModerator	fl2dwgk	u/Bostonboy47382629	fm5lbi	S	N
2020-03-20 19:59:52.163928	u/54312Boo	fl2dwlj	u/Z4REN	fl28ch2	C	N
2020-03-20 19:59:52.353989	u/SnapshillBot	fl2dwtr	u/Lepsiakoty	fm5l2m	S	N
2020-03-20 19:59:52.746634	u/b33rface	fl2dwxy	u/TDS755	fm5kow	S	N
2020-03-20 19:59:53.474589	u/StoryMaking_Bitch	fl2dwya	u/vedarsh	flzf6i	S	N
2020-03-20 19:59:55.686762	u/SnapshillBot	fl2dwk5	u/Time-Caterpillar	fm5lb0	S	N
2020-03-20 19:59:55.826065	u/hitleristhg	fl2dwkc	u/captainfalconxiiii	fl22s9i	C	N
2020-03-20 19:59:56.049022	u/TyRan2424	fl2dwof	u/DJistheNerd	flwlmh	S	N
2020-03-20 19:59:56.443150	u/bomzay	fl2dwsl	u/TheDoctorTen	fm45c6	S	N
2020-03-20 19:59:57.041555	u/Lynxieee	fl2dwwy	u/Nearsighted_Madman	fm2af8	S	N
2020-03-20 19:59:57.208700	u/erockbrox	fl2dwxv	u/preupeumeus	fm5l0y	S	N
2020-03-20 19:59:57.455561	u/MemesMod	fl2dx3f	u/Grandmabait	fm5ldm	S	N
2020-03-20 19:59:59.637730	u/AutoModerator	fl2dwsb	u/loganfal1	fm5lcs	S	N
2020-03-20 19:59:59.748458	u/RepostSleuthBot	fl2dwvg	u/killedbyshrek	fl2dmar	C	N
2020-03-20 19:59:59.863938	u/Purplecowpig	fl2dwvu	u/lolurmomgay69it6	fl2du9m	C	N
2020-03-20 20:00:00.038558	u/AutoModerator	fl2dwxp	u/Grandmabait	fm5ldm	S	N
