2020-04-13 14:01:13.820996	u/Isolation_Man	fnanmrr	u/Dhwaneel_Kapadia	fn9uwkk	C
2020-04-13 14:01:48.027898	u/Aggressive_Rooster	fnannky	u/lolcryingfacesmh	fnambtm	C
2020-04-13 14:01:59.640885	u/ricebowlforahat	fnano8x	u/RepostSleuthBot	fnamqr6	C
2020-04-13 14:02:30.784113	u/karlk05	fnanpu8	u/Bald_Wolverine	fnann1d	C
2020-04-13 14:02:35.207841	u/CheezeNachos	fnanpwq	u/swagcheese07	fnae09p	C
2020-04-13 14:02:49.673309	u/Makudo333	fnanqkp	u/Duckling-The-CEO	fn9riuh	C
2020-04-13 14:03:12.760719	u/riso1559	fnanrle	u/cioarasubagvactica	fnal8b4	C
2020-04-13 14:03:16.080262	u/SquareCurvesStudio	fnanrlq	u/Duckling-The-CEO	fn9riuh	C
2020-04-13 14:03:20.660148	u/Kr1sna	fnanrsu	u/ninthcircleofboredom	fnanpzb	C
2020-04-13 14:03:27.120389	u/v2Ethercist	fnansas	u/IdkWTF3001	fnan58c	C
2020-04-13 14:03:57.099982	u/jprocter15	fnantth	u/my_name_is_trash	fnaklte	C
2020-04-13 14:04:01.112426	u/HamGrease	fnanu3w	u/Ronthecat13	fnamawr	C
2020-04-13 14:04:35.669243	u/T_Halls	fnanvd5	u/vghouse	fnac1fg	C
2020-04-13 14:04:42.206617	u/MrCroque42	fnanvpr	u/Little-Cakes	fn9x4s2	C
2020-04-13 14:04:56.249346	u/Expl0dingCat	fnanwr7	u/benas103	fnaif6h	C
2020-04-13 14:05:04.976318	u/CreativeCoffee18	fnanx34	u/TheMightyBeak376	fna0na3	C
2020-04-13 14:06:01.133078	u/theemotortoise123	fnanzwf	u/YaronL16	g0jf1v	S
2020-04-13 14:06:09.798418	u/A_Milk_Carton	fnao0e2	u/OGName333	fnanx7j	C
2020-04-13 14:06:47.727571	u/OneHitPlunder	fnao1ys	u/slendersloup	fnanx07	C
2020-04-13 14:07:11.852730	u/69Minecraft420666	fnao3lk	u/RiiceTOB	fnao1kq	C
2020-04-13 14:07:54.103450	u/Super_Degenerate	fnao5ag	u/naquib16321	fnaima7	C
2020-04-13 14:07:55.636776	u/StarMarinrTUR	fnao5aw	u/RepostSleuthBot	fnahqdq	C
2020-04-13 14:08:06.224803	u/davymak_	fnao68p	u/flmceccato	fnam4tx	C
2020-04-13 14:08:09.205505	u/fiddlemanjoe	fnao6bf	u/RepostSleuthBot	fnalh7j	C
2020-04-13 14:08:13.031604	u/Hornyiguanas	fnao6h8	u/EntertainersPact	fnamjjm	C
2020-04-13 14:08:14.723634	u/Thewatchedone	fnao6hh	u/WallyBySunset	fn8lsn2	C
2020-04-13 14:08:36.930701	u/mahojo12	fnao86y	u/RepostSleuthBot	fnao3n0	C
2020-04-13 14:08:54.642281	u/yhhshshshsms	fnao9kq	u/MrZhakss	fn9u4gl	C
2020-04-13 14:09:44.217467	u/Janabl7	fnaocty	u/Mastermind291	fn9x4k5	C
2020-04-13 14:09:55.748140	u/Snooooooops	fnaoe36	u/OneHitPlunder	fnao4hc	C
2020-04-13 14:10:57.651395	u/Vaikeenimi	fnaohln	u/Nid5ydr	fn9xqu9	C
2020-04-13 14:11:08.966166	u/poopiehea	fnaohv8	u/ThisIsItChief-	fn9wvvp	C
2020-04-13 14:11:11.686196	u/StyledCarp63701	fnaohzx	u/bloodknightx	fnagzi6	C
2020-04-13 14:11:15.700549	u/dwide_k_shrude	fnaoi4l	u/RedShankyMan	fnacusl	C
2020-04-13 14:11:28.231658	u/xDirtyxBurgerx	fnaoirg	u/Captain-titanic	fna60zn	C
2020-04-13 14:13:22.668359	u/z_mija	fnaon4m	u/ZagemblenecSK	fnaet9w	C
2020-04-13 14:13:58.739671	u/redditredditmemes	fnaoor5	u/PolskieBall	g0mp1h	S
2020-04-13 14:14:54.665948	u/DerSprechendeBusch	fnaormh	u/rayou_reddit	fname70	C
2020-04-13 14:15:29.987240	u/Boku-No-Zero	fnaou3p	u/aprition	fnaoles	C
2020-04-13 14:15:38.656834	u/SUBZEROXXL	fnaouhl	u/69420lmaogottem	fnaoa0a	C
2020-04-13 14:15:51.610576	u/Orio380	fnaov9g	u/Beckybeck2323	fn9l21h	C
2020-04-13 14:15:55.392437	u/exValway	fnaovnz	u/MaximaBlink	fnal1s5	C
2020-04-13 14:15:57.406309	u/Mrsnowmun	fnaovqc	u/RiiceTOB	g0kp44	S
2020-04-13 14:16:04.351134	u/hemantcompiler	fnaow1x	u/SmudgeTheCatt	fmqtpse	C
2020-04-13 14:16:17.819303	u/xxX_AleXifeu-pRo_Xxx	fnaox8h	u/Chickiri	fnaa3n9	C
2020-04-13 14:16:57.848736	u/BirmzboyRML	fnaozyd	u/DaddyPepeElPigelo	fnalmkq	C
2020-04-13 14:17:37.725133	u/CheckPlease123	fnap1z9	u/MAGIC_EYE_BOT	fnaoz89	C
2020-04-13 14:18:28.125117	u/greenwallflower1234	fnap3z4	u/LordDraco781	fle9p0s	C
2020-04-13 14:18:31.015607	u/UwuDeadInsideUwu	fnap459	u/DidjTerminator	fna25ec	C
2020-04-13 14:18:36.969948	u/flo317	fnap4ia	u/VampireBl000d	fn9bnh6	C
2020-04-13 14:18:44.539529	u/patnep	fnap50h	u/AzraeltheGrimReaper	fnaai51	C
2020-04-13 14:18:50.866846	u/Mateusz_Morawiecki	fnap59p	u/doodlez420	fnajgi4	C
2020-04-13 14:18:53.260500	u/Warrior102837	fnap5f1	u/Majestic_Horseman	fn9epes	C
2020-04-13 14:18:57.066971	u/Saezjose	fnap5i3	u/Shinigami0108	fnaowt9	C
2020-04-13 14:19:03.254349	u/dense_cabbage_5-1	fnap60u	u/nameofanuser	fnajrwf	C
2020-04-13 14:19:11.317442	u/daboosbubae	fnap6z5	u/yoboimomma	fnaf5bh	C
2020-04-13 14:19:34.240222	u/death-the-o-g	fnap87n	u/Mzarie	fnag0ud	C
2020-04-13 14:19:44.700344	u/anxious-sociopath	fnap8z2	u/representmcforyouth	fna4hd0	C
2020-04-13 14:20:16.164933	u/I-Play-Games_	fnapb15	u/Joes_Reddit_acount	fnag36c	C
2020-04-13 14:20:40.834166	u/Lord-CornSwallow	fnapbr4	u/Commander_Emu	fnaoomu	C
2020-04-13 14:21:20.466097	u/KosiIsHere	fnapdx9	u/Neet-owo	fnal688	C
2020-04-13 14:21:34.662033	u/Decapatain_Cuppajoe	fnapeb1	u/jetlag-fairytales	fn9mozq	C
2020-04-13 14:22:02.854848	u/nightmareasault	fnapf3e	u/Core1989	fnaofv6	C
2020-04-13 14:23:05.457499	u/DerPingufin	fnaphhh	u/VirtualPermission	fnaliyg	C
2020-04-13 14:23:07.709462	u/Jjjsjaallsdjdbsjsos	fnaphkc	u/Pls_vaccinate	fnalolv	C
2020-04-13 14:23:11.438166	u/Pundex_69	fnaphrj	u/AzraeltheGrimReaper	fnaai51	C
2020-04-13 14:23:22.182484	u/TheDeadpoolFan	fnaphyy	u/ChrispyTofuChoii	fnahm77	C
2020-04-13 14:23:29.682524	u/bigdummydumbdumb123	fnapi6o	u/yoboimomma	fnaaj5k	C
2020-04-13 14:23:44.447872	u/FrostPhoenix13	fnapiu6	u/Maruyang_Saging	fnajw3g	C
2020-04-13 14:24:59.626864	u/jackroy20	fnapn0w	u/Ranged-Gaming	fnanwk0	C
2020-04-13 14:25:14.050933	u/wvdg	fnapnd0	u/scientia_analytica	fnap6pv	C
2020-04-13 14:25:30.184281	u/AdamC2003	fnapoa0	u/Boku-No-Zero	fnaou3p	C
2020-04-13 14:26:52.490843	u/OogaBoogaRock	fnapsjm	u/AK47_Sushant	fnahe05	C
2020-04-13 14:27:09.583704	u/Astros_Odd	fnaptdg	u/Blursed-	fnapp9x	C
2020-04-13 14:27:21.610200	u/Joergan_Sven_Merch	fnapu41	u/SusalulmumaO12	fnapl17	C
2020-04-13 14:27:45.430664	u/Fawkes2004	fnapvff	u/DarkPrince45AH	fn959m8	C
2020-04-13 14:27:49.307395	u/jbowen06	fnapvkd	u/AetherBytes	fnana1x	C
2020-04-13 14:27:59.664221	u/invictvs138	fnapwgm	u/PastInspection	fnaam5h	C
2020-04-13 14:28:07.447217	u/Trakel_Teich	fnapwrq	u/reallifemoonmoon	fn9erdc	C
2020-04-13 14:28:09.175352	u/kat_filf	fnapwrx	u/Fire-Nation-Soldier	fnanpgh	C
2020-04-13 14:28:31.221316	u/HereticalSentience	fnapx8e	u/crushingmysoul54	fnaajry	C
2020-04-13 14:28:32.781085	u/rajine105	fnapx8p	u/Maruyang_Saging	fnajqom	C
2020-04-13 14:28:37.400493	u/ethan-glasgow	fnapxk0	u/AdamC2003	fnapoa0	C
2020-04-13 14:29:01.014519	u/SnappingThraggmtg	fnapyev	u/Michael_Riendeau	fnaprt5	C
2020-04-13 14:29:03.630025	u/Cyber-Nibba	fnapyks	u/poorly_timed_fuck	fnaj4qq	C
2020-04-13 14:29:06.436496	u/tympanicpilot	fnapyqu	u/Tby2974	fnak5zr	C
2020-04-13 14:29:52.344534	u/SimpleCanadianFella	fnaq2ct	u/duck-man-cool-man	fn9hbnh	C
2020-04-13 14:29:55.985201	u/literalAurora	fnaq2j2	u/TheBeast798	fnajvkx	C
2020-04-13 14:30:03.460163	u/Lawliet23x	fnaq37c	u/captjust	fnalpw6	C
2020-04-13 14:31:22.884788	u/PICTA4	fnaq65t	u/dude_above_me_is_gay	fna9fhu	C
2020-04-13 14:31:29.637490	u/freilin43	fnaq69q	u/FactWizard87	fna8mtu	C
2020-04-13 14:33:03.674952	u/miller-lite-and-	fnaqa5t	u/RubMcDub	fna3bpd	C
2020-04-13 14:33:21.202733	u/aytunch	fnaqam3	u/blitzmeme69	fnadnfa	C
2020-04-13 14:35:04.742435	u/SadWicky	fnas1gx	u/tydyedTIEfighter	fnalq0y	C
2020-04-13 14:36:28.825738	u/Blazebest7	fnas502	u/Pamukyoti61	fnagu1v	C
2020-04-13 14:37:53.129183	u/trevorcorylahey	fnas9ob	u/FlakFlanker3	fnaiyqk	C
2020-04-13 14:38:21.804676	u/DennisIcu	fnasbff	u/pen15land-	g0h3f0	S
2020-04-13 14:38:52.110055	u/Gabmiral	fnasd4l	u/autopoietico	fn9krt6	C
2020-04-13 14:38:58.901991	u/lampunpidike	fnasdmx	u/Jofe7	fn7lm10	C
2020-04-13 14:39:24.134959	u/wmpyle	fnasf62	u/Yellossss	fn9gujy	C
2020-04-13 14:39:31.831104	u/Ruvihec0404	fnasfow	u/ChrispyTofuChoii	fnamay4	C
2020-04-13 14:39:39.889256	u/hokusaijunior	fnasgh9	u/Pewpewgamer321	fnanz1b	C
2020-04-13 14:39:54.802281	u/lmurray20737	fnashk2	u/Frubbs	fn7srp3	C
2020-04-13 14:40:44.161973	u/Minefan48	fnasjky	u/TrickyArmyMan	fnariv9	C
2020-04-13 14:41:13.096287	u/alternaccount000	fnasklb	u/StarManOMG	fnapgka	C
2020-04-13 14:41:28.389045	u/YourGirlHailz	fnasl2h	u/merry_crimis	fnasi82	C
2020-04-13 14:42:21.711173	u/m11824Q	fnasmez	u/FactWizard87	fna8mtu	C
2020-04-13 14:42:29.133681	u/TheDerpyDisaster	fnasmqi	u/Xwwih	g0hxyf	S
2020-04-13 14:43:12.391041	u/2dn2	fnasodu	u/Sam_le_potato	fnas9r2	C
2020-04-13 14:43:29.999468	u/Theghost129	fnasovy	u/EPSlapper	fna7wd4	C
2020-04-13 14:43:42.320177	u/eat_my_meat	fnaspcq	u/snippysnap_reddit	fmt5lu3	C
2020-04-13 14:44:20.536526	u/25ReasonsForSuicide	fnasq9y	u/PICTA4	fnaq65t	C
2020-04-13 14:44:56.906457	u/rmil45	fnasryh	u/Clipper94	g0orr3	S
2020-04-13 14:46:12.404760	u/Gabzerty2	fnasvsm	u/extantbuffalo	fnabkd3	C
2020-04-13 14:46:52.864977	u/samgarlic	fnasxlj	u/Deathnoob101	fnaf57u	C
2020-04-13 14:47:02.001372	u/Adi_Mawhinney	fnasydv	u/janex29	fn9vqwn	C
2020-04-13 14:47:16.537513	u/IamSteve_Too	fnaszaw	u/HiThereHumans_	fnasdyt	C
2020-04-13 14:47:19.240107	u/jyanseisei	fnaszc2	u/Gorogorgo-chan	fnasq0q	C
2020-04-13 14:47:24.681762	u/Popularmeme21	fnaszk8	u/SampleTexDoggo	fnasgbe	C
2020-04-13 14:47:54.096466	u/monstre1022	fnat0r9	u/extantbuffalo	fnabkd3	C
2020-04-13 14:48:07.078035	u/QueenAlpaca	fnat1vp	u/WoolWitchery	fnadl02	C
2020-04-13 14:48:23.552919	u/SomeoneCrazy69	fnat2xe	u/thanos12345635	fnaield	C
2020-04-13 14:48:49.505978	u/iwan103	fnat55p	u/automatez	fna89uv	C
2020-04-13 14:49:13.864401	u/Groovy_Rice	fnat6lw	u/longhud	g0kucs	S
2020-04-13 14:49:17.055287	u/PussyWrangler462	fnat74k	u/Fire-Nation-Soldier	fnanpgh	C
2020-04-13 14:49:45.589905	u/MinatoNamikaze13	fnat9ju	u/ernan_h	fnaomnn	C
2020-04-13 14:49:46.887255	u/Nilt_PL2	fnat9st	u/CC_Dragons329	fnasnwv	C
2020-04-13 14:50:00.154597	u/sosimbroke	fnatc01	u/LetsJustPlayer	fmqsnf6	C
2020-04-13 14:50:02.619953	u/joycee312	fnatc2i	u/DaWhiteLight	fnat8jv	C
2020-04-13 14:50:42.133993	u/GrohkWaifu	fnatdih	u/jacobbriddell	fnagkzv	C
2020-04-13 14:51:10.689575	u/Gaben2012	fnateor	u/TheBeast798	fnajvkx	C
2020-04-13 14:52:37.399888	u/InsaneBolt963	fnathfb	u/mesaprettygood	fnalnim	C
2020-04-13 14:52:58.976723	u/lillidrawn	fnatigf	u/Noyoucanthaveone	fn1ds0x	C
2020-04-13 14:53:05.126244	u/OrdinalPerson	fnatilp	u/r3dcrayon	fnatb5n	C
2020-04-13 14:53:25.727783	u/____yeetster69____	fnatjgq	u/bladeshadow101	fnancdu	C
2020-04-13 14:53:28.140639	u/SpookedAyyLmao	fnatjpy	u/Emperor_O_Memes	fnat9x7	C
2020-04-13 14:53:45.726727	u/Matsman26	fnatk6g	u/Luko_Landino	fnasf8w	C
2020-04-13 14:54:01.343484	u/alexcrelled	fnatkn3	u/mayavi_chumbak	fnas3nd	C
2020-04-13 14:54:39.951100	u/im-an-idiot8354	fnatm41	u/AzraeltheGrimReaper	fnartf0	C
2020-04-13 14:54:46.539353	u/pirivalfang	fnatm8p	u/Thoughtfulprof	fnafxew	C
2020-04-13 14:54:59.250748	u/Give-Valk-Acog	fnatmjb	u/MichelleObamasCockkk	fnasij6	C
2020-04-13 14:56:22.527578	u/jetijsje	fnatqih	u/kapter792156	fn9stas	C
2020-04-13 14:56:39.445190	u/newIndianserialsweeb	fnatrfv	u/IndianTVserialsweeb2	fna90xf	C
2020-04-13 14:57:12.654681	u/mohammed_saad-_-	fnatsri	u/PrettySeal8927	fnah15e	C
2020-04-13 14:58:11.518509	u/Jayzzang	fnatv8h	u/PharmaGangsta	fna17vr	C
2020-04-13 14:58:19.086141	u/Loopp_YT	fnatvgm	u/MusicLover675	fna7k2t	C
2020-04-13 14:58:25.336359	u/severusnapple	fnatvoh	u/Nightbadger03	fnaenlm	C
2020-04-13 14:58:35.771935	u/LoneMemeStalker	fnatvvg	u/_Derpy_Boi_	fnaqvxv	C
2020-04-13 14:58:39.943017	u/FalsyB	fnatvw6	u/Theghost129	fnasyeu	C
2020-04-13 14:58:41.526806	u/gireeo	fnatvyu	u/PeterPorky	fnasqnx	C
2020-04-13 14:58:51.773456	u/leecoulou	fnatwpg	u/Y0nchey	fn8m93x	C
2020-04-13 14:59:00.034961	u/NateBojackISLIFE	fnatwx6	u/TheBigUFF	fnak5rh	C
2020-04-13 14:59:07.009819	u/Oh_no_bro3	fnatx9v	u/Espurranza	fn8d4xm	C
2020-04-13 14:59:26.843129	u/insertpanusername	fnatydl	u/Mzarie	fnag2dd	C
2020-04-13 14:59:54.195380	u/Khajiitthecat117	fnau091	u/I_came_from_uranus	fnaqry5	C
