2020-04-15 17:00:08.269361	u/Crusaderofcarl	fnip8d3	u/jdog479	g1uf94	S
2020-04-15 17:01:15.994791	u/Giantape64	fnipall	u/pyro1645	fninyfd	C
2020-04-15 17:01:26.903731	u/P1atypus123	fnipaxe	u/MyNameIsAnonymous1	fnhwpbu	C
2020-04-15 17:01:29.330352	u/Ihavethisformemes	fnipayx	u/Jayako	fnhvfdd	C
2020-04-15 17:02:01.684969	u/GreekFreak_99	fnipbsq	u/BalGu	fnhcacv	C
2020-04-15 17:02:07.502329	u/One_Word_Dude	fnipbx4	u/NOT-THE-BEES432	fnimp6a	C
2020-04-15 17:02:46.510701	u/Oplp25	fnipdep	u/SkiaFox17	fnhiu66	C
2020-04-15 17:03:32.242827	u/adrox265	fnipf8o	u/EccentricEnthusiast7	fnif6u0	C
2020-04-15 17:03:52.469619	u/HyperlordSkeletus	fnipg7r	u/bruhcantfindusername	fnind07	C
2020-04-15 17:04:40.905890	u/Sawblade10	fniphvv	u/Koolboy_678	fniopt5	C
2020-04-15 17:05:11.058238	u/AroBrain21	fnipisx	u/titmouse_420	g1yke3	S
2020-04-15 17:06:51.389475	u/nilstars	fnipnb7	u/Bruh_Bot_	fnip95l	C
2020-04-15 17:07:00.495863	u/GreyCaps37	fnipnq9	u/HelpMeILostMyAccount	fngt9y5	C
2020-04-15 17:07:35.123963	u/CorgisNarwhals	fnippes	u/Kind-Pop	fl3zlqu	C
2020-04-15 17:07:49.913757	u/GoodGuySkiller	fnipqii	u/i_hate_instagran	fnip8ec	C
2020-04-15 17:08:24.185764	u/Radzio89k	fnips0x	u/sarcasmbirthedme	fnipntu	C
2020-04-15 17:09:18.943239	u/SmileyFacedAntenna	fnipvs3	u/CRSemantics	fnigr27	C
2020-04-15 17:09:53.416538	u/LowercaseLambda	fnipxwl	u/RepostSleuthBot	fnikssj	C
2020-04-15 17:09:57.191544	u/dsm_lux	fnipyaf	u/POPPI29	fnhgso4	C
2020-04-15 17:10:15.716594	u/nic_th	fnipz7z	u/boek2107	fnipeda	C
2020-04-15 17:10:22.967213	u/Billy02357	fnipze6	u/ThePukkeryGuy	fnh8hq1	C
2020-04-15 17:10:30.883997	u/3Stripescyn	fnipzgx	u/ClarkyBoy4	fnhv3dm	C
2020-04-15 17:10:58.945060	u/-tododekulover-	fniq0gh	u/Kind-Pop	fl3zlqu	C
2020-04-15 17:12:23.814206	u/xVincentism	fniq30u	u/FL0TES	fnhqigb	C
2020-04-15 17:13:05.396653	u/shandyfam	fniq45z	u/J8rh3ad	fnipcxw	C
2020-04-15 17:13:09.689452	u/Midget_Child	fniq48w	u/TFW_YT	fnioi1b	C
2020-04-15 17:13:45.027800	u/devasohouse	fniq5c6	u/notkhaos	fnipygs	C
2020-04-15 17:13:47.534816	u/zymbaluknik	fniq5ci	u/Tutti3344	g1rcji	S
2020-04-15 17:14:08.004126	u/jadensaurus	fniq6tk	u/Lunarskies92	fnhkbeu	C
2020-04-15 17:14:10.131809	u/i-on	fniq6vw	u/ghostgamer242	fnikqap	C
2020-04-15 17:14:14.055787	u/WhatTheCrisp	fniq6y2	u/haiasi__	fnhm1ct	C
2020-04-15 17:14:41.211272	u/randommuserrname	fniq7tb	u/Yeeet18	fnipylw	C
2020-04-15 17:15:16.199959	u/YOGAIBOI	fniq8un	u/tbrink23	fni252d	C
2020-04-15 17:15:47.747690	u/EpicSexGay_	fniq9rf	u/strange_wilds	fnhsgub	C
2020-04-15 17:15:49.666401	u/roan1503	fniq9ti	u/jammidodgajames	fnilxcc	C
2020-04-15 17:16:03.530325	u/SirBeavisChrist	fniqajc	u/Galaver1	fnikbgd	C
2020-04-15 17:16:18.870363	u/jackmPortal	fniqb8a	u/Mork_the_cat	fnik0ln	C
2020-04-15 17:16:24.040922	u/noah_the_boi29	fniqbco	u/Anhilatr	fnhkndk	C
2020-04-15 17:16:28.256921	u/V1gilz	fniqbeu	u/vylizejmyprdel76	fnhei5i	C
2020-04-15 17:16:37.587017	u/Sefulabanii	fniqbt7	u/VanHartnell	fnhlnkd	C
2020-04-15 17:17:44.447262	u/Lord-Cookie2153	fnis2l1	u/ticehtapAHeretic	fnilooz	C
2020-04-15 17:18:06.033924	u/zw9491	fnis3hp	u/blueeggsandwaffles	fniij2y	C
2020-04-15 17:18:49.099147	u/beowulf229	fnis6de	u/RandomGuylol01	fne59bf	C
2020-04-15 17:19:00.108655	u/DefaultBoi420	fnis6ya	u/totiisawesome	fnis41s	C
2020-04-15 17:19:02.249339	u/bubblegummustard	fnis72q	u/spacepeenuts	fnigfr3	C
2020-04-15 17:19:25.386606	u/mysmellydong	fnis8jx	u/anuglyhuman	fnikfp5	C
2020-04-15 17:19:53.514797	u/ollieee_w	fnisb0d	u/cmakc69	fnhgfpq	C
2020-04-15 17:19:59.429356	u/Krischoni	fnisce2	u/bobthebuilder_5	fnirwzn	C
2020-04-15 17:21:40.026758	u/PietroMaximoff8	fnisgsu	u/ShrekIsHotAF	fnirttl	C
2020-04-15 17:21:50.633806	u/Symbioter	fnish6v	u/goony83	g1zjth	S
2020-04-15 17:22:37.513088	u/Hazel-Druid	fnisjtp	u/limones4K	fni78d2	C
2020-04-15 17:22:51.026367	u/TheRealButteredBagel	fniskbx	u/quanking600	fnhjqvu	C
2020-04-15 17:22:54.779007	u/poxyma	fniskgp	u/gazez	fni1ec9	C
2020-04-15 17:22:57.046027	u/tip9968	fniskhd	u/Lowcrbnaman	fngrd86	C
2020-04-15 17:23:34.085374	u/Scotty245	fnism4d	u/xChtz--	fniqldu	C
2020-04-15 17:23:39.030464	u/metaloprotein	fnismd7	u/Volvoxt_ops	fnis9ib	C
2020-04-15 17:23:49.162167	u/YoshiNino49	fnismth	u/ranjeet-k	fni63dn	C
2020-04-15 17:24:50.916111	u/Sasuke1791	fnisq62	u/appelperen	fnin0gs	C
2020-04-15 17:24:54.179895	u/30th_Century_Man_	fnisqf8	u/Wolfwilleatyou	fni1stg	C
2020-04-15 17:25:47.819334	u/onas627	fniss1l	u/redditer136	fnigk8g	C
2020-04-15 17:25:57.599205	u/Pretre-Photography	fnisses	u/jchpr	fnisqri	C
2020-04-15 17:26:16.917082	u/Azlielx	fnistl9	u/SERG10callielover	fnel11q	C
2020-04-15 17:26:21.761553	u/BabyYetiPoo	fnistty	u/POPPI29	fnhgso4	C
2020-04-15 17:26:37.364338	u/goldenspiro	fnisuxw	u/2_Finger_Guns	fnim9kv	C
2020-04-15 17:26:43.869739	u/babysterni	fnisv1t	u/3p1c-64m3r	fnis68f	C
2020-04-15 17:26:59.488100	u/ifhumantalktalkbacc	fnisvsr	u/cooleo420	fniphr1	C
2020-04-15 17:27:40.674001	u/King_Cord	fnisxej	u/Ya_m_Boi	fninjqk	C
2020-04-15 17:27:44.531887	u/crispeeoreo	fnisxhl	u/the_spookiest_	fnissyy	C
2020-04-15 17:28:02.786684	u/ZaddyMczucc	fnisyic	u/FabioEGonzales	g20k24	S
2020-04-15 17:28:20.207080	u/joaop264	fniszps	u/Bruh_Bot_	fnimdii	C
2020-04-15 17:29:01.206300	u/plunko625	fnit2j1	u/FabioEGonzales	fniqf43	C
2020-04-15 17:29:17.271010	u/IMightBeAHamster	fnit3ff	u/Fluffy-Toenails	fnineji	C
2020-04-15 17:29:18.479099	u/Local-Trash-Poster	fnit3go	u/DoenS12	fnisat4	C
2020-04-15 17:29:30.788905	u/yohan2661	fnit473	u/Bauerdog2015	fnip995	C
2020-04-15 17:31:16.658051	u/Boris_Johnson_09	fnit909	u/jammidodgajames	fnisr2q	C
2020-04-15 17:31:18.941697	u/FandomKun69420	fnit90i	u/TheUserGoesHere	fnisrye	C
2020-04-15 17:31:21.296271	u/merrivale-tearooms	fnit9a2	u/SerbianAntiVaxxer	fnht3de	C
2020-04-15 17:33:28.123608	u/boshthegoul	fnite7p	u/Bruh_Bot_	fnislv1	C
2020-04-15 17:35:06.068703	u/Eqothememe	fnitj09	u/Madein_Debauchery	fnisd41	C
2020-04-15 17:35:10.777548	u/piecwm	fnitj7n	u/EliteBeast719	fnitdt6	C
2020-04-15 17:35:31.002584	u/hmuwithmemes	fnitk01	u/heyguysitsbrian	fnhposz	C
2020-04-15 17:36:23.060204	u/VildWagina	fnitmrm	u/Username-Taken-01	fnith3y	C
2020-04-15 17:36:27.860374	u/The_Memester_42069	fnitmwr	u/TheEgyptDog	g1uwlq	S
2020-04-15 17:36:37.153538	u/Blyvion	fnitn60	u/Happy_doot	fnhz7pp	C
2020-04-15 17:37:04.336092	u/WaaWaaaWaa	fnitny8	u/9yearsalurker	fnimalw	C
2020-04-15 17:37:15.759360	u/Savage_Jimmy	fnitobu	u/Mathijsthunder3	fnitn4n	C
2020-04-15 17:37:43.946521	u/picardiamexicana	fnitp73	u/Whiteshadow_cat	fnia90p	C
2020-04-15 17:38:15.776257	u/Savage_Jimmy	fnitqxi	u/Mathijsthunder3	fnitpxr	C
2020-04-15 17:38:18.763698	u/Jeremeyer-Smith	fnitr2m	u/DarkCerberus1332	fniq3co	C
2020-04-15 17:38:26.141912	u/notleducs	fnitrb9	u/cargooooo	fnifvi4	C
2020-04-15 17:39:00.960424	u/izzetraea	fnitt80	u/L3w1s_m1t_N3mer0	fnhz812	C
2020-04-15 17:39:36.493450	u/loli-a_ravioli	fnitvj9	u/Crusader_Guilliman	fnir7tr	C
2020-04-15 17:39:42.168430	u/IMightBeAHamster	fnitvlm	u/L3w1s_m1t_N3mer0	fnito8r	C
2020-04-15 17:39:45.401718	u/PhychoJakkals	fnitvvw	u/f1fan6890	fneuggm	C
2020-04-15 17:40:05.622384	u/Quintin__	fnitxgl	u/Whiteshadow_cat	fnia90p	C
2020-04-15 17:40:34.387590	u/the_virginity_thief	fnityc5	u/3p1c-64m3r	fnitfby	C
2020-04-15 17:41:31.057984	u/KiroDrache	fniu0us	u/Centurian1337	fninngt	C
2020-04-15 17:42:04.276488	u/calliage_soup	fniu2yr	u/an_unknown_dragon	fnip4aa	C
2020-04-15 17:42:45.205870	u/hihiihih_hellome	fniu50p	u/Jaface	fn6qbto	C
2020-04-15 17:44:06.221405	u/biglittle27	fniu83u	u/-HiHi1212-	fniu5uy	C
2020-04-15 17:44:12.943516	u/Jatus_	fniu8ci	u/TFW_YT	fniqfcy	C
2020-04-15 17:44:43.943798	u/kekarl_boi	fniu9cd	u/GenosseOle	fniu8aj	C
2020-04-15 17:45:06.637384	u/Casitano	fniua25	u/reachout_touchspace	fniu1vw	C
2020-04-15 17:45:16.641357	u/real_consauce	fniua8p	u/GreekFreak_99	fnipbsq	C
2020-04-15 17:45:49.507653	u/Thedragon450	fniucej	u/Mason-the-Illithid	fnismr4	C
2020-04-15 17:46:08.034476	u/A_literal_tree	fniudl9	u/Kajus42069	fnikfd1	C
2020-04-15 17:46:43.144429	u/Stock-Orange	fniufmb	u/Colyoly321	fnhzoay	C
2020-04-15 17:46:48.766426	u/linley_patoto	fniufr3	u/King-of-Dots	fniu3hp	C
2020-04-15 17:47:04.175377	u/bluehairedemon	fniugg7	u/Pax_flash	fnitnkr	C
2020-04-15 17:47:08.728797	u/Chuck_the_bastard	fniugpi	u/the_spookiest_	fnitn18	C
2020-04-15 17:47:22.192839	u/Teyasha	fniuhoy	u/xforesttree	fninx88	C
2020-04-15 17:47:27.764997	u/A_literal_tree	fniui45	u/Freynir	fnijp46	C
2020-04-15 17:47:41.639315	u/F_O_R_T_N_U_T	fniuiks	u/XB2006	fngtzld	C
2020-04-15 17:47:51.146103	u/Dope_Nibba	fniuj14	u/ironwolf6464	fnhungj	C
2020-04-15 17:47:54.493228	u/Oldhanat000	fniuj3o	u/RealCabber	fnhe4uo	C
2020-04-15 17:47:59.913403	u/linley_patoto	fniujbc	u/Tool_Fann1516	fnitzs6	C
2020-04-15 17:48:10.179581	u/refaelzat	fniujyz	u/getyourrealfakedoors	fnitsht	C
2020-04-15 17:48:32.447672	u/pileOfSchist	fniulku	u/_PM_ME_ANYTHING_-	fngizym	C
2020-04-15 17:49:01.833457	u/d_nt_	fniumrc	u/kamr2003	fnir5s2	C
2020-04-15 17:49:16.711154	u/ChosenUndead24	fniuo9p	u/TheWaterIsFine82	fni0a32	C
2020-04-15 17:49:33.130928	u/CeramicBadger	fniupz6	u/Kivy6928	fnit02u	C
2020-04-15 17:49:38.912214	u/TRNTN-CRRLL	fniuqil	u/CeasarHUN	fnhg2j7	C
2020-04-15 17:49:51.023543	u/Tabletop_Spartan	fniurox	u/zebbojojozebbo	fnejqsa	C
2020-04-15 17:50:41.475145	u/matthieuzone	fniutyr	u/TheUrbanSaint	fniupvy	C
2020-04-15 17:51:02.781597	u/esketiteazy	fniuunq	u/mazen2985	fniqajd	C
2020-04-15 17:51:07.515292	u/Amystars	fniuute	u/ghostkiller70849	fniro1x	C
2020-04-15 17:51:18.815138	u/ImaginationMagic	fniuv2z	u/CrispyTacosisLife	fni9qbn	C
2020-04-15 17:53:04.720869	u/Roodittir	fniuzpu	u/swerzy206	fniuvx3	C
2020-04-15 17:53:57.089392	u/jeffrey-michel	fniv1vm	u/Roodittir	fniv0pb	C
2020-04-15 17:54:11.991856	u/TrashGamer79	fniv29x	u/Pranjal2	fngt1i3	C
2020-04-15 17:54:25.589973	u/boatdude420	fniv37i	u/Manzar534	fnhuy3b	C
2020-04-15 17:54:33.756761	u/suedeus18	fniv3i7	u/POPPI29	fnhgso4	C
2020-04-15 17:55:31.660882	u/AYAYAYYAYYA	fniv65h	u/RepostSleuthBot	fnigkn2	C
2020-04-15 17:55:53.233075	u/tipx2	fniv77a	u/Jatus_	fniv51v	C
2020-04-15 17:56:56.071199	u/MarcBelmaati	fniv9kv	u/maharshimartian	fnit7qo	C
2020-04-15 17:57:49.421675	u/snakestrike	fnivcx2	u/behanandgsha	fniu5o9	C
2020-04-15 17:57:57.884957	u/md_asmar	fnivdgx	u/maharshimartian	fnit7qo	C
2020-04-15 17:58:05.123391	u/KLost4Ever	fnivdyc	u/Delta9S	fnijaxg	C
2020-04-15 17:58:29.015175	u/Bobbymcbobface55	fnivfae	u/bereketamca	fnisynm	C
2020-04-15 17:58:36.998266	u/Notyoursaviourq	fnivfqi	u/Shnartzy	fniu493	C
2020-04-15 17:58:46.100011	u/PhonicScarab974	fnivgcy	u/Neko-San_Car55	fnhnm9z	C
2020-04-15 17:59:25.723640	u/UltraWeird0	fnivj9v	u/Sefulabanii	fniqbt7	C
2020-04-15 17:59:40.511508	u/IceReaper2369	fnivkjw	u/freestylearts911	fnipagj	C
2020-04-15 17:59:54.137514	u/RiptideIsGay	fnivlya	u/the_spookiest_	fniun5o	C
2020-04-15 17:59:56.308101	u/ChristianAlger	fnivm9o	u/cooleo420	fniphr1	C
