2020-03-22 22:00:04.464680	u/RhodesYT	fl8on9p	u/adambeck656	fl8ldjw	C
2020-03-22 22:00:38.585112	u/Cristal031	fl8onux	u/HaruTheSweetOne	fl6ss3m	C
2020-03-22 22:00:44.529729	u/faith-less	fl8onwd	u/DeltarUltima	fl82yw8	C
2020-03-22 22:00:50.298806	u/Humble-Sheepherder	fl8oo0l	u/Savy_Spaceman	fl8cyft	C
2020-03-22 22:00:57.715134	u/tHaT-oNE-kID-69	fl8oo5d	u/AutoModerator	fl72rra	C
2020-03-22 22:01:13.087832	u/Yzard27	fl8ooc8	u/elongated-tuskrat	fl8eymw	C
2020-03-22 22:01:17.951829	u/LegacyChamp4944	fl8oogi	u/meljohn22gaming	fl6d0m2	C
2020-03-22 22:02:18.723943	u/blaz3heart	fl8oq40	u/basementlord69420	fl8gc98	C
2020-03-22 22:02:38.708323	u/hypnautiq05	fl8oqkw	u/BillNyeTheElonGuy	fl8nrzl	C
2020-03-22 22:02:46.960616	u/4rni3	fl8oqvs	u/jackcabral90	fl879ic	C
2020-03-22 22:03:11.747297	u/blaz3heart	fl8or71	u/dovedevic	fl2izeo	C
2020-03-22 22:03:28.765569	u/blaz3heart	fl8orns	u/spinelisbeast	fl5tl4p	C
2020-03-22 22:03:34.996448	u/Cookietron	fl8ory7	u/DeepFriedEggz	fl7zz70	C
2020-03-22 22:03:46.775520	u/therecanbeonlyjuan	fl8os8r	u/tracker904	fl7xev9	C
2020-03-22 22:03:49.873782	u/MrSpooks69	fl8ose4	u/jackben_imble	fl8o2fe	C
2020-03-22 22:03:56.453108	u/ilyas114	fl8osfz	u/laenjara	fl734t6	C
2020-03-22 22:03:59.469265	u/ThaRadBradLad	fl8osi0	u/Sir_Jesus_kun	fl8onuy	C
2020-03-22 22:04:03.877766	u/Kbschultz1	fl8osq6	u/Xploiter_RBLX	fl8knc1	C
2020-03-22 22:04:50.535165	u/FlapjackRT	fl8otl2	u/dolphin-heart-jotaro	fl8o11t	C
2020-03-22 22:04:52.552713	u/jimmyneutron42069	fl8otmx	u/Soul_of_Solace	fl8jsrp	C
2020-03-22 22:04:59.820421	u/ThatCraftyBoi53	fl8otvz	u/mr_zachary321	fl8jqib	C
2020-03-22 22:05:08.337260	u/nonearefree	fl8ou5a	u/MagicBread04	fl841qr	C
2020-03-22 22:05:10.278438	u/MalDD64	fl8ou71	u/LOUPLAYZ28	fl6hqpq	C
2020-03-22 22:05:15.961072	u/Angry_Owl_96	fl8oump	u/Lord_Nyarlathotep	fl8or1u	C
2020-03-22 22:05:17.939506	u/SirDoggie	fl8ouod	u/t-rem_cem	fl8og0d	C
2020-03-22 22:05:34.249874	u/FlapjackRT	fl8ov14	u/DoggoandHPLover	fl8o7ys	C
2020-03-22 22:05:47.903887	u/jwl836	fl8ovjy	u/crunchycorndog2	fl8o8s7	C
2020-03-22 22:06:03.868630	u/TacoBell4TheSoul	fl8ovte	u/dishwasher23	fl8l6j9	C
2020-03-22 22:06:11.438129	u/Takishah12	fl8ovvj	u/memeyboioffical	fl818v2	C
2020-03-22 22:06:21.550188	u/TheLeviathan918	fl8owab	u/Josiador	fl8l879	C
2020-03-22 22:06:23.404227	u/Jay_Do	fl8owb4	u/thelonelygenuis	fl7a0xm	C
2020-03-22 22:06:50.968193	u/PuzzleheadedLeading9	fl8owyk	u/trixnbella35	fl8ejs4	C
2020-03-22 22:07:02.632983	u/Ringo_Starrkey	fl8ox8x	u/Rahmene	fl8b724	C
2020-03-22 22:07:14.668847	u/SuperNici	fl8oxrl	u/AutoModerator	fl8ovpa	C
2020-03-22 22:07:17.440675	u/The_Hyenabear	fl8oxuo	u/Lord_Nyarlathotep	fl8ox7g	C
2020-03-22 22:07:21.625873	u/JG121	fl8oxyv	u/hdjfug	fl8f9ef	C
2020-03-22 22:07:24.269250	u/koky1283	fl8oxz6	u/Trate-oof-a-kind	fl7sdgc	C
2020-03-22 22:07:28.003477	u/NoTalker_	fl8oy33	u/ero4life	fl884ff	C
2020-03-22 22:07:31.929832	u/I-Died0	fl8oy8m	u/The_night_camel	fl8lc7h	C
2020-03-22 22:07:39.587778	u/hijackjellyfish	fl8oyek	u/jestes15	fl8h789	C
2020-03-22 22:07:53.222201	u/AbjectPandora	fl8oyuh	u/ValkyrieDraco	fl8dcqz	C
2020-03-22 22:07:57.027299	u/twiztedmind209	fl8oyz1	u/DoggoGamer	fl8mya8	C
2020-03-22 22:08:18.867748	u/DuckyMomoTheGay	fl8ozot	u/ergfty	fl8oyt6	C
2020-03-22 22:08:23.473489	u/Trainmaster12467	fl8ozrt	u/AutoModerator	fl8mlmu	C
2020-03-22 22:08:25.740794	u/RockyRavioli713	fl8ozs2	u/devilpuppy	fl8obwt	C
2020-03-22 22:08:29.417623	u/just_me3462	fl8ozzn	u/crunchycorndog2	fl8o8s7	C
2020-03-22 22:08:33.686796	u/Venom-snake6969	fl8p04b	u/Xploiter_RBLX	fl8ox7u	C
2020-03-22 22:08:40.738509	u/kingmizcraft	fl8p0lw	u/YEETMASTER091	fl8n95z	C
2020-03-22 22:08:42.689391	u/Comrade108	fl8p0od	u/Brendina	fl8f24t	C
2020-03-22 22:08:50.927443	u/Mixmaster-Omega	fl8p0rf	u/ValkyrieDraco	fl8dcqz	C
2020-03-22 22:08:59.295280	u/sopieseok	fl8p0zs	u/ZackSousa	fl8gvk2	C
2020-03-22 22:09:02.214259	u/bleeembooombop	fl8p14o	u/R4ndomBlackGuy	fl8cds0	C
2020-03-22 22:09:04.791759	u/okcfan37	fl8p14w	u/AutoModerator	fl7dj48	C
2020-03-22 22:09:05.970631	u/pandaboy22	fl8p16h	u/this_kickass_kid	fl86jfb	C
2020-03-22 22:09:15.375105	u/a__________________	fl8p1ka	u/Gamer23car	fl8dsmh	C
2020-03-22 22:09:31.584902	u/Thameus	fl8p27d	u/br_igris	fl7xou1	C
2020-03-22 22:09:32.546931	u/EstrogenAmerican	fl8p27e	u/elongated-tuskrat	fl8eymw	C
2020-03-22 22:09:41.621132	u/Fire_Killer07	fl8p2d9	u/I_Fucked_A_Barbie	fl88j2g	C
2020-03-22 22:10:12.030874	u/Sexyb01	fl8p47g	u/Capichin_Chan	fl8obok	C
2020-03-22 22:10:18.242622	u/PK_dream	fl8p4dy	u/lordcthulu678	fl8jv35	C
2020-03-22 22:10:30.645284	u/Amazing-Cool	fl8p4ic	u/MoltenMinded	fl8odit	C
2020-03-22 22:10:48.444243	u/ExZ0diac	fl8p57y	u/iforgotwhat8wasfor	fl8of34	C
2020-03-22 22:11:07.042006	u/MrUnfamiliar	fl8p5gn	u/Geraminus	fl8kd2y	C
2020-03-22 22:11:26.720786	u/geigernate	fl8p5z4	u/sunnysquid68	fl8kp0j	C
2020-03-22 22:11:35.782683	u/mookie200	fl8p676	u/benglescott	fl8l1q3	C
2020-03-22 22:12:21.567738	u/cloudwalkerguy	fl8p7dw	u/Warblingpants67	fl8mpvm	C
2020-03-22 22:12:30.042806	u/KarlCuddles	fl8p7l2	u/justchecking69420	fl8p5pk	C
2020-03-22 22:12:40.759693	u/Ninjax3X	fl8p7r4	u/Geraminus	fl8lcav	C
2020-03-22 22:12:53.268753	u/xgoewey1	fl8p7yn	u/NumbPeach	fl8nao3	C
2020-03-22 22:12:59.012065	u/Starkiller525	fl8p86i	u/LinkAtrius	fl8owjc	C
2020-03-22 22:13:11.831223	u/MrChipmonkey	fl8p8lu	u/Xploiter_RBLX	fl8oz4j	C
2020-03-22 22:13:22.161779	u/JordanLamar	fl8p8pm	u/PrayingSlays	fl73ksf	C
2020-03-22 22:13:33.026800	u/GoldAwesome1001	fl8p998	u/BirdoTheSeizure	fl89jn5	C
2020-03-22 22:13:36.227104	u/Golden-Warrior-212	fl8p9au	u/I_like_the_abuse	fl83uld	C
2020-03-22 22:13:45.601431	u/MrRelleno	fl8p9q3	u/shakethebabysilent	fl8os8x	C
2020-03-22 22:14:03.900867	u/sametrol	fl8paf8	u/hidaddym	fl8adwx	C
2020-03-22 22:14:06.084933	u/dnakicks	fl8pagh	u/UnloadingGnat23	fl8ez4n	C
2020-03-22 22:14:26.802794	u/Abbachiode	fl8pb1l	u/MarnickBeer01	fl7eiox	C
2020-03-22 22:14:36.231914	u/Ligmafromsugondese	fl8pbdd	u/Destore_	fl8id1b	C
2020-03-22 22:14:47.295603	u/ZeroxityU	fl8pbqp	u/ConsumerOfRamen	fl8p1ax	C
2020-03-22 22:14:57.123823	u/adriannas_bitch	fl8pc9f	u/VibraniumDragonborn	fl5nrgn	C
2020-03-22 22:15:04.561274	u/NotAUselessDude	fl8pcep	u/ValkyrieDraco	fl8dcqz	C
2020-03-22 22:15:13.737316	u/thebest80000	fl8pcn9	u/Masonbeck67	fl8p6tz	C
2020-03-22 22:15:31.457412	u/neon_fern2	fl8pd68	u/DoggoGamer	fl8o02y	C
2020-03-22 22:15:34.576978	u/BigSaroo	fl8pdb6	u/elongated-tuskrat	fl8eymw	C
2020-03-22 22:15:51.378589	u/RoiCalicdan	fl8pdnm	u/Geraminus	fl8kd2y	C
2020-03-22 22:15:53.231214	u/MRollins2012	fl8pdpt	u/Thereddittor314	fl8p6up	C
2020-03-22 22:16:03.325285	u/Tiger-Mafia	fl8pedm	u/DarkArrowNew52	fl8opya	C
2020-03-22 22:16:14.124120	u/MRLONGPPLOL	fl8pekx	u/RepostSleuthBot	fl5qftq	C
2020-03-22 22:16:24.977144	u/RandomSGkid	fl8pfbt	u/11Pewdiepiefan11	fl8olfg	C
2020-03-22 22:16:38.366213	u/BigRickJames	fl8pfqx	u/omergroisman	fl8fv0y	C
2020-03-22 22:16:43.634641	u/Soofadalooka	fl8pfv6	u/Kromandi	fl8n0ya	C
2020-03-22 22:17:02.894522	u/bholekittens	fl8pggq	u/Born2Flex	fl87vec	C
2020-03-22 22:17:20.080418	u/KewlnessKris	fl8pgsr	u/1ukeC	fl82dff	C
2020-03-22 22:17:29.880261	u/Superdogs5454	fl8ph46	u/mrboat-man	fl8hb3r	C
2020-03-22 22:17:45.578858	u/MC_Cookies	fl8phig	u/Quija5000	fl84aas	C
2020-03-22 22:17:47.162116	u/Shnoob_Hole	fl8phif	u/i-will-be-offended	fl8pfl9	C
2020-03-22 22:17:57.517281	u/incontessa	fl8phwg	u/Lord_Nyarlathotep	fl8p7a2	C
2020-03-22 22:18:11.472650	u/insaneboyo626	fl8pi7x	u/ItsToxyk	fl7zq11	C
2020-03-22 22:18:46.326015	u/HackPorpoise	fl8pjoq	u/elongated-tuskrat	fl8eymw	C
2020-03-22 22:18:54.069098	u/mtlgrems	fl8pjzc	u/Pluto0321	fl8p0t3	C
2020-03-22 22:19:06.463071	u/flaiqe	fl8pkky	u/_Xand0n_	fl8j6dh	C
2020-03-22 22:19:12.788771	u/SuchStratsYT	fl8pl1e	u/masterofmemes345	fl8mnn0	C
2020-03-22 22:19:16.364698	u/seanfch18052007	fl8pl8h	u/mcalladin	fl8cszt	C
2020-03-22 22:19:47.156894	u/JudgeyDonut	fl8pm31	u/JimFlix	fl8n6rg	C
2020-03-22 22:19:55.758350	u/BiGyokesM8tE	fl8pmlb	u/CreamyKnougat	fl80jqo	C
2020-03-22 22:19:57.167999	u/WhatGoesInAName	fl8pmsb	u/RepostSleuthBot	fl8pm5n	C
2020-03-22 22:19:58.322358	u/cloud571	fl8pmxu	u/Jack-M-y-u-do-dis	fl8daad	C
2020-03-22 22:19:58.747770	u/RamblerTheGambler	fl8pn02	u/Tru_Drone_Videos	fl8pm1v	C
2020-03-22 22:20:12.389424	u/BrendalBallentine	fl8pnks	u/arsene-17	fl8o3xa	C
2020-03-22 22:20:28.497816	u/milkyquirky	fl8pnzy	u/Xploiter_RBLX	fl81eq0	C
2020-03-22 22:21:17.140012	u/kriegsmen	fl8powu	u/JarOfNibbles	fl8p3sc	C
2020-03-22 22:21:23.535381	u/Infiknight97	fl8pp26	u/Night-Hunter	fl8p488	C
2020-03-22 22:21:26.995991	u/virtual_Gamer10	fl8pp3r	u/ValkyrieDraco	fl8dcqz	C
2020-03-22 22:22:11.973655	u/PhuckMeInTheAss	fl8pqjt	u/jar-jarbinksisasith	fl8pobi	C
2020-03-22 22:22:21.501061	u/maybeimyourgirl	fl8pqrd	u/mememan290	fl8ntft	C
2020-03-22 22:23:00.450357	u/ThunderingSacks	fl8ps4r	u/AlphaFlame5	fl8parj	C
2020-03-22 22:23:09.157968	u/Mathisbuilder75	fl8pscw	u/just_one_spark	fl8pnxo	C
2020-03-22 22:23:11.369403	u/prod_dys	fl8psd6	u/vVurve	fl8luq0	C
2020-03-22 22:23:14.580450	u/Windwalker61	fl8psec	u/DeltarUltima	fl82yw8	C
2020-03-22 22:23:33.173110	u/Balorclub35	fl8psqf	u/JimiWanShinobi	fl8opag	C
2020-03-22 22:23:35.337169	u/Mr-Griffith-	fl8psqm	u/jar-jarbinksisasith	fl8pruj	C
2020-03-22 22:23:38.463890	u/GrumpyGazpacho	fl8pstt	u/Xploiter_RBLX	fl7l837	C
2020-03-22 22:24:01.147796	u/LeWizardOfShame	fl8ptho	u/TheRichSeries	fl8o6es	C
2020-03-22 22:24:06.845743	u/Era_Ton	fl8ptmn	u/Rxsin69	fl84v4c	C
2020-03-22 22:24:27.742854	u/yegantao	fl8pu0e	u/Brendina	fl8p8kj	C
2020-03-22 22:25:09.060853	u/AuzCakez7	fl8pvea	u/AlKuZz	fl8kwoy	C
2020-03-22 22:25:33.185847	u/godofcreation76	fl8pw5s	u/nahcantbeserious	fl8h76c	C
2020-03-22 22:26:00.520974	u/SpaghettiAnal1	fl8pwy0	u/branangeo	fl8lrxd	C
2020-03-22 22:26:16.462888	u/Viper236	fl8pxd3	u/i-will-be-offended	fl8hx9m	C
2020-03-22 22:26:18.353890	u/loopihamster	fl8pxfu	u/Xploiter_RBLX	fl8pp4b	C
2020-03-22 22:26:35.255879	u/nottodaysatan129	fl8r7dm	u/Daartboi	fl8nrsr	C
2020-03-22 22:26:43.497219	u/vrysmolcat	fl8r7l7	u/AutoModerator	fl7kzbq	C
2020-03-22 22:26:47.957869	u/yourpantsaretoobig	fl8r7va	u/AutoModerator	fl8qklo	C
2020-03-22 22:26:58.441237	u/UA_PEEKMASTER	fl8r8ae	u/GraffeChokos	fn6aen	S
2020-03-22 22:27:16.995181	u/-McChickenNugget-	fl8r948	u/Icybow73	fl8r2vm	C
2020-03-22 22:27:24.871946	u/dondisease	fl8r9oj	u/xavi_chiang	fn6dp8	S
2020-03-22 22:27:28.986960	u/mushyx10	fl8r9v8	u/DeltarUltima	fl82yw8	C
2020-03-22 22:27:30.636532	u/SummerDaBunno	fl8r9vq	u/djremedymusic	fl8r5s4	C
2020-03-22 22:27:37.335282	u/ZenTheCrusader	fl8ra1y	u/apolloladdie	fl8jn5c	C
2020-03-22 22:27:41.803850	u/lilbroc	fl8ra6c	u/Http-Chief	fl7yyvh	C
2020-03-22 22:27:45.252538	u/Howz_life2	fl8rabf	u/he6-n-sIHf-peaJ-n-tI	fl8pha9	C
2020-03-22 22:27:51.718473	u/LilysUNIVERSE	fl8ral0	u/The_Wizzard-CoC	fl8413o	C
2020-03-22 22:28:04.668707	u/BreadNugget7567	fl8rb88	u/Somegaykid31	fl8hdcp	C
2020-03-22 22:28:21.347149	u/gpw8705	fl8rbhs	u/Jerry_474	fl8hicx	C
2020-03-22 22:28:46.988622	u/King-Oylmpus	fl8rckc	u/justchecking69420	fl8q280	C
2020-03-22 22:28:55.423133	u/Snook0116	fl8rd3q	u/jazzysoultrain	fl89jik	C
2020-03-22 22:28:57.238720	u/imsquidward4032	fl8rdc6	u/Moxie2351	fl6am2u	C
2020-03-22 22:28:59.653043	u/keanu37482	fl8rdiw	u/Josiador	fl8ra07	C
2020-03-22 22:29:00.881353	u/evan_720	fl8rdlm	u/InfinateUniverse	fl8r7ad	C
2020-03-22 22:29:03.234730	u/IExtremeXD	fl8rdq3	u/Keijjoannikki	fl8epnw	C
2020-03-22 22:29:06.044791	u/schultzie2240	fl8rdt1	u/Waluigi-uwu-	fl8pxq3	C
2020-03-22 22:29:07.278505	u/rayman9076	fl8rdto	u/GriffinLech	fl8ai8b	C
2020-03-22 22:29:15.104093	u/rightoverheremyguy	fl8rdyz	u/I_Fucked_A_Barbie	fl88j2g	C
2020-03-22 22:29:19.262157	u/DuskfallTeMoondragon	fl8re8i	u/ValkyrieDraco	fl8dcqz	C
2020-03-22 22:29:28.214218	u/IdiotInATree	fl8regr	u/mgcNoShoot	fl7un7s	C
2020-03-22 22:29:31.448199	u/Dempigs	fl8resn	u/mememan290	fl8rb4t	C
2020-03-22 22:29:33.665098	u/Secertiive	fl8rf3k	u/AutoModerator	fl8radq	C
2020-03-22 22:29:36.944724	u/Steven074	fl8rfcq	u/AutoModerator	fl72gu2	C
2020-03-22 22:29:39.053328	u/TimmyTheToitle	fl8rfgd	u/iforgotmypasswordss	fl8p02d	C
2020-03-22 22:29:44.562553	u/23Silicon	fl8rfqt	u/COOL_GROL	fl8r6jx	C
2020-03-22 22:29:49.690530	u/fliporoos	fl8rfxi	u/Mr_Midnight_Moon	fl8rao7	C
2020-03-22 22:29:50.399698	u/ethiopiaslaveowner69	fl8rfyg	u/nameofanuser	fl8rc0r	C
2020-03-22 22:29:51.063148	u/epic8gamer85	fl8rfyt	u/ValkyrieDraco	fl8dcqz	C
2020-03-22 22:29:52.863151	u/idkwhatmylifeis213	fl8rg45	u/Sayeet0620	fl8rezz	C
2020-03-22 22:29:56.452155	u/Steven074	fl8rgch	u/Hodlon2	fl7qhwr	C
2020-03-22 22:30:01.665266	u/Random_redditor3626	fl8rgvx	u/1ukeC	fl82dff	C
2020-03-22 22:30:07.027491	u/Just_Denal	fl8rh29	u/I_like_the_abuse	fl8iz8h	C
2020-03-22 22:30:33.621451	u/Steven074	fl8rhjy	u/FFF982	fl8b134	C
2020-03-22 22:30:41.628131	u/Knifferoo	fl8rhxs	u/babybopper	fl8pclg	C
2020-03-22 22:30:49.207281	u/CecilFilipino	fl8ri7t	u/Parnell28	fl8569c	C
2020-03-22 22:31:12.701339	u/dracona94	fl8rj0r	u/1ukeC	fl82dff	C
2020-03-22 22:31:18.849310	u/Romae_Imperium	fl8rja9	u/Josiador	fl8ra07	C
2020-03-22 22:31:23.272125	u/KIgaming	fl8rje5	u/ihavenolife70	fl8gnhw	C
2020-03-22 22:31:34.568612	u/GamerBlue_W	fl8rjn1	u/ValkyrieDraco	fl8dcqz	C
2020-03-22 22:31:58.300165	u/seamouse05	fl8rkmn	u/Potatotheooflord	fl5gy4n	C
2020-03-22 22:32:05.772175	u/CecilFilipino	fl8rkxx	u/ninjewish	fl8cpnm	C
2020-03-22 22:32:40.798786	u/Bekfast-Stealer	fl8rm5z	u/_Xand0n_	fl8qiwg	C
2020-03-22 22:32:46.507915	u/A_Person33	fl8rm7t	u/AlphaFlame5	fnc7zn	S
2020-03-22 22:33:00.725513	u/MemesterMiner	fl8rmss	u/mr_zachary321	fl8jqib	C
2020-03-22 22:33:14.204613	u/quackmydack	fl8rn1l	u/fualtyzane	fl8fx5b	C
2020-03-22 22:33:26.776287	u/Wappett69	fl8rnit	u/NumbPeach	fl8m8cy	C
2020-03-22 22:33:29.847947	u/giselasald97	fl8rnpg	u/comradecodster	fl8fghz	C
2020-03-22 22:33:47.472365	u/antibioteka	fl8rnvs	u/oazurduy	fl8l2qw	C
2020-03-22 22:33:50.557638	u/DigitaLegend	fl8ro0e	u/Knifferoo	fl8rhxs	C
2020-03-22 22:34:01.194100	u/FatherNatureofPlants	fl8rocp	u/AutoModerator	fl8rjni	C
2020-03-22 22:34:10.062894	u/Arctus06	fl8roni	u/DaddyFry_	fl8g6ao	C
2020-03-22 22:34:12.094254	u/a_cow_eating_beef	fl8ronh	u/MrChipmonkey	fl8hwoh	C
2020-03-22 22:34:14.114869	u/FatherNatureofPlants	fl8ropm	u/FatherNatureofPlants	fl8rocp	C
2020-03-22 22:34:17.142418	u/MaurixioZ	fl8rot2	u/FlimFlamgo	fl8mry0	C
2020-03-22 22:34:28.268474	u/Stay_Frozty	fl8rp5g	u/apolloladdie	fl8n84n	C
2020-03-22 22:34:47.709397	u/Child_of_Hylia	fl8rq2d	u/ValkyrieDraco	fl8dcqz	C
2020-03-22 22:34:50.686113	u/Rybka30	fl8rq2s	u/MrAwesome174	fl6m9ph	C
2020-03-22 22:34:52.622462	u/tinygabe123	fl8rq46	u/RandomSGkid	fl8pfbt	C
2020-03-22 22:34:55.878361	u/rockothewallaby	fl8rq8p	u/MrTouchy17	fl8qj1k	C
2020-03-22 22:35:00.134940	u/DarkCyberGamer	fl8rqa2	u/ValkyrieDraco	fl8dcqz	C
2020-03-22 22:35:08.611188	u/gman4545	fl8rqdj	u/Yeeaahduudee	fl8cegk	C
2020-03-22 22:35:22.350870	u/FatherNatureofPlants	fl8rqys	u/Ultra_Weaboo	fl5ifgw	C
2020-03-22 22:35:24.674413	u/theresacreamforthat	fl8rqyy	u/Rivinis	fl6uzn0	C
2020-03-22 22:35:27.415338	u/Pirulax	fl8rr3w	u/AutoModerator	fl8roa6	C
2020-03-22 22:36:06.445980	u/_NaturallyN3rdy_	fl8rs6l	u/life_saver	fl8rls2	C
2020-03-22 22:36:25.062406	u/mine-gang	fl8rsyg	u/NyTeOwI	fl8roi9	C
2020-03-22 22:36:54.630211	u/JcEmperator	fl8rtn8	u/anouk0x	fl8a9x6	C
2020-03-22 22:37:04.441944	u/geekboi2008	fl8rtsq	u/HeatSeeka44	fl7qbv0	C
2020-03-22 22:37:07.748121	u/Rookie1299	fl8rtwn	u/LinkAtrius	fl8qy7t	C
2020-03-22 22:37:25.094515	u/CelloSamurai44	fl8rugd	u/Rookie1299	fl8re6n	C
2020-03-22 22:37:41.134829	u/Skrimbothegoblin	fl8rutc	u/RuntOfTheHumanLitter	fl8fkym	C
2020-03-22 22:37:48.199738	u/Pandanerd51	fl8rv16	u/I_Fucked_A_Barbie	fl88j2g	C
2020-03-22 22:38:01.099334	u/bested124	fl8rvk6	u/wb2006xx	fl8ocoj	C
2020-03-22 22:38:07.755423	u/dgloverii	fl8rvqi	u/Josiador	fl8qz7o	C
2020-03-22 22:38:15.559104	u/JustADumb	fl8rw04	u/Hodlon2	fl7s12h	C
2020-03-22 22:38:17.006691	u/DatBoiDan51	fl8rw2d	u/NyTeOwI	fl8roi9	C
2020-03-22 22:38:20.736010	u/Yato_Delivery_God	fl8rw6w	u/ItsToxyk	fl80uqf	C
2020-03-22 22:38:29.922306	u/XenoChann	fl8rwlj	u/rockothewallaby	fl8rq8p	C
2020-03-22 22:38:33.782478	u/Atomic_Duck556	fl8rwoi	u/_Xand0n_	fl8rv6h	C
2020-03-22 22:38:42.472401	u/pseudz1	fl8rwyi	u/RepostSleuthBot	fl8bxh1	C
2020-03-22 22:38:55.432005	u/srtz8	fl8rxd7	u/vikingonshroom	fl8hz28	C
2020-03-22 22:38:57.335410	u/Damon82	fl8rxfl	u/Wheel31	fl5790b	C
2020-03-22 22:39:07.787311	u/luetty2004	fl8rxwm	u/jdw221221221	fl8rtjg	C
2020-03-22 22:39:10.157442	u/The-Galaxy-Holder	fl8rxz5	u/AmishPoser	fl8ab9w	C
2020-03-22 22:39:24.735085	u/LiliTheOwl	fl8ry9h	u/The2AndOnly1	fl8h4kr	C
2020-03-22 22:39:38.870107	u/oc2156	fl8ryrv	u/Deppresedboy	fl8ry1s	C
2020-03-22 22:39:44.927508	u/GameboyAdvDarkness	fl8ryvz	u/IDontNotDoThings	fl8qcre	C
2020-03-22 22:39:53.129552	u/Dyingdaze89	fl8rzl1	u/mtlgrems	fl8gcyu	C
2020-03-22 22:39:58.815479	u/sepehrtoto23	fl8s0fq	u/icaughtdemall	fl8mqk6	C
2020-03-22 22:40:08.793808	u/Fmcgucket	fl8s0s0	u/ThiccDucksAndBooks	fl87hzx	C
2020-03-22 22:40:18.086469	u/squeakysquirrel59	fl8s11a	u/arsene-17	fl8o3xa	C
2020-03-22 22:40:37.442759	u/Zachzedzach	fl8s1ed	u/Jerrythedude101	fl869io	C
2020-03-22 22:41:14.269903	u/SculPoint	fl8s261	u/GMBoxer	fl5enfp	C
2020-03-22 22:41:29.143929	u/Shaniac_C	fl8s2nz	u/nameofanuser	fl8rrz9	C
2020-03-22 22:41:50.062035	u/dragonprints	fl8s3h0	u/virtual_Gamer10	fl8l4gk	C
2020-03-22 22:41:58.725898	u/Shaniac_C	fl8s3h7	u/JimiWanShinobi	fl8r2zt	C
2020-03-22 22:42:05.436886	u/Gawain_21	fl8s3uz	u/Wsdies	fl8q8jo	C
2020-03-22 22:42:09.589012	u/bigbobbys32	fl8s3x7	u/HeatSeeka44	fl7qbv0	C
2020-03-22 22:42:22.956331	u/Viporal	fl8s4b8	u/AutoModerator	fl8lpxx	C
2020-03-22 22:42:34.149492	u/TRBuild	fl8s4jt	u/CDN_Shadow	fl8rn38	C
2020-03-22 22:42:47.591238	u/cookiesandpikachu	fl8s4y9	u/no_u____	fl8p50r	C
2020-03-22 22:42:50.775301	u/stainless-steel-bowl	fl8s4yn	u/pedroamurta	fl8povc	C
2020-03-22 22:43:21.263320	u/DisConorable	fl8s5uj	u/Quija5000	fl8ioeu	C
2020-03-22 22:44:08.230040	u/Joshuasss98M1nt	fl8s7g0	u/lordcthulu678	fl8n1my	C
2020-03-22 22:44:10.321427	u/Bill_Gates_2020	fl8s7h1	u/MrTouchy17	fl8hm2v	C
2020-03-22 22:44:38.815480	u/Lego-Bro-2	fl8s8e6	u/Brocolio_	fl8kry0	C
2020-03-22 22:44:41.709039	u/jivygraphics	fl8s8fj	u/justchecking69420	fl8rx34	C
2020-03-22 22:45:17.648431	u/kalmar_assasin	fl8s9gv	u/thatonesUpeRcooLGUY-	fl8jvzx	C
2020-03-22 22:45:20.608459	u/SirJape	fl8s9lx	u/MrTouchy17	fl8qj1k	C
2020-03-22 22:45:22.558251	u/SkywalkerSW5	fl8s9p0	u/Josiador	fl8rk9y	C
2020-03-22 22:45:28.958446	u/ftpcigs	fl8s9ui	u/MrTouchy17	fl8qj1k	C
2020-03-22 22:45:55.293071	u/acrainian	fl8sayu	u/TheMartinGoldShow	fl8o6ib	C
2020-03-22 22:46:10.125040	u/emily010101	fl8sbfp	u/I_like_the_abuse	fl8gop5	C
2020-03-22 22:46:31.851830	u/Planet_Insider	fl8sby8	u/TheBlabArmy	fl88ys2	C
2020-03-22 22:46:42.627418	u/warptwenty1	fl8scgi	u/ImPartAsian	fl8kn6s	C
2020-03-22 22:46:46.349353	u/ls42598	fl8scie	u/RepostSleuthBot	fl885fn	C
2020-03-22 22:47:15.011490	u/dennx_	fl8se4s	u/planesqaud63	fl7b1hy	C
2020-03-22 22:47:19.588558	u/boejex	fl8se9b	u/KewlnessKris	fl8pgsr	C
2020-03-22 22:47:21.118069	u/Dawson-Larsen	fl8se9r	u/Kind-Pop	fl3zlqu	C
2020-03-22 22:47:32.249824	u/CallMehPappi	fl8serc	u/AutoModerator	fl86i49	C
2020-03-22 22:48:09.573722	u/DoggoLover257	fl8sg23	u/RepostSleuthBot	fl8dwcp	C
2020-03-22 22:48:30.070068	u/empire1one	fl8sh9c	u/rayman9076	fl8r1rx	C
2020-03-22 22:48:56.515196	u/Westlenando	fl8si2n	u/rockothewallaby	fl8sbkw	C
2020-03-22 22:49:09.661212	u/idk_yet23	fl8siww	u/Potatotheooflord	fl5lx1y	C
2020-03-22 22:49:22.329244	u/RoastedChikn	fl8sjno	u/StreetsOfRogue_h4xor	fl8dzps	C
2020-03-22 22:49:24.377876	u/Big_Tie	fl8sjrd	u/dgloverii	fl8s00j	C
2020-03-22 22:49:30.253110	u/astra_hole	fl8ski0	u/StreetsOfRogue_h4xor	fl8dzps	C
2020-03-22 22:49:50.281578	u/Danny_DeJesus	fl8slcy	u/Significant-Battle	fl8r9w5	C
2020-03-22 22:49:51.378910	u/YeetCannon9x19mm	fl8slfs	u/AutoModerator	fl8rjni	C
2020-03-22 22:49:53.049824	u/iNatro	fl8slj6	u/christmastime54321	fl8lj0f	C
2020-03-22 22:49:53.951271	u/BananaBossFX	fl8slmv	u/Hodlon2	fl7s12h	C
2020-03-22 22:50:06.029934	u/Hat_n_Glasses	fl8smbx	u/scottyscotsman	fl8pjs2	C
2020-03-22 22:50:16.028867	u/PsychoMonkey360	fl8smjj	u/cookiesandpikachu	fl8s4y9	C
2020-03-22 22:50:40.268184	u/gwright01	fl8sn3x	u/yourpantsaretoobig	fl8r0ac	C
2020-03-22 22:50:55.659907	u/Spicymemez17	fl8snn2	u/Capichin_Chan	fl8lo6t	C
2020-03-22 22:51:02.916285	u/tnuCA69	fl8snqz	u/dovedevic	fl2izeo	C
2020-03-22 22:51:05.312445	u/MrsShadowZz	fl8sntb	u/someoneslostrock	fl7wsl1	C
2020-03-22 22:51:08.997578	u/Darkwolf768	fl8snvg	u/AutoModerator	fl7rmcy	C
2020-03-22 22:51:11.403355	u/parsonip132	fl8so0t	u/1ukeC	fl82dff	C
2020-03-22 22:51:45.292868	u/realdjjmc	fl8sp96	u/Blakk_exe	fl8kedb	C
2020-03-22 22:51:51.811750	u/Awewewe7	fl8spd7	u/I_Fucked_A_Barbie	fl88j2g	C
2020-03-22 22:51:54.112189	u/Hellbanisher	fl8spdr	u/AutoModerator	fl8shmo	C
2020-03-22 22:52:20.745694	u/Silver_Storm04	fl8sqg9	u/YeetSkeetKareet	fl8np2l	C
2020-03-22 22:52:28.967915	u/ImHornyAndDepressed	fl8sqqu	u/Darkdragonite11	fl8hbvc	C
2020-03-22 22:52:31.227564	u/Ash369209	fl8sqse	u/NumbPeach	fl8m8cy	C
2020-03-22 22:52:42.753125	u/Jabba2x	fl8sre5	u/wb2006xx	fl8slki	C
2020-03-22 22:52:48.451032	u/Warter659	fl8srqs	u/fualtyzane	fl8s4fn	C
2020-03-22 22:53:42.792849	u/the_itellectual_cato	fl8staw	u/bin-aladden	fl7blj3	C
2020-03-22 22:53:52.525368	u/ThaDroplet	fl8stm3	u/DoggoGamer	fl8nxs7	C
2020-03-22 22:53:56.409202	u/XyerAwizardHarryX	fl8stv7	u/AutoModerator	fl7poqa	C
2020-03-22 22:54:03.116048	u/Monkeybomb_17	fl8stya	u/BlinMaster69	fl7nlu9	C
2020-03-22 22:54:07.301772	u/Xever_Doomsayer	fl8su1a	u/ns5sonny	fl8nag8	C
2020-03-22 22:54:10.546811	u/willowbeef	fl8su74	u/christmastime54321	fl8lj0f	C
2020-03-22 22:54:25.961102	u/Mighty_Woodchuck	fl8suno	u/peepeepoopoofanok	fl8sskp	C
2020-03-22 22:54:38.943342	u/Dragonrin48	fl8suyj	u/pussydestroyer69__	fl79u6y	C
2020-03-22 22:54:46.259411	u/princepineapple69	fl8sv9m	u/Yeeaahduudee	fl8cegk	C
2020-03-22 22:54:53.270663	u/Kinngandrew12	fl8svn8	u/Josiador	fl8rlc0	C
2020-03-22 22:55:08.186867	u/ernofibonacci	fl8swd7	u/floppygoos	fl8n7jk	C
2020-03-22 22:55:14.834862	u/Weetang015	fl8swm8	u/jestes15	fl8p0kn	C
2020-03-22 22:55:16.935337	u/TrainerMahnee	fl8swmc	u/_Xand0n_	fl8r1r3	C
2020-03-22 22:55:50.172298	u/n-crispy7	fl8syaj	u/bin-aladden	fl7blj3	C
2020-03-22 22:56:03.738536	u/TenTails	fl8syjm	u/AutoModerator	fl8ada6	C
2020-03-22 22:56:08.496557	u/weird_quite_kid	fl8syol	u/feimaomiao	fl8mibk	C
2020-03-22 22:56:17.078155	u/TragdorTheBurninator	fl8sz3n	u/RepostSleuthBot	fl8mk0x	C
2020-03-22 22:56:26.828429	u/redroses1738	fl8szb9	u/I_like_the_abuse	fl83lq5	C
2020-03-22 22:56:37.658328	u/XxIIIBanIIIxX	fl8t00q	u/flyingOR3Ofish	fl8s0zr	C
2020-03-22 22:56:39.377987	u/redroses1738	fl8t02t	u/Nebster2102	fl8ksyn	C
2020-03-22 22:56:49.493940	u/Sankool	fl8t0ij	u/UD_1680	fl7oqgf	C
2020-03-22 22:56:52.015972	u/Apepu	fl8t0k4	u/elongated-tuskrat	fl8eymw	C
2020-03-22 22:57:02.153126	u/icantbeme	fl8t0o0	u/NoLuBr	fl2ipi2	C
2020-03-22 22:57:14.019428	u/HOGNUTZ69	fl8t17l	u/syndicate1024	fl86xmy	C
2020-03-22 22:57:19.999752	u/santasbigwhitebeard	fl8t1d7	u/MAPX0	fl87b71	C
2020-03-22 22:57:26.029403	u/Malifry9705	fl8t1mo	u/MightBeFloridaMan	fl7z8a0	C
2020-03-22 22:57:32.408996	u/JustAnotherBeefMan	fl8t1uz	u/chararray_username	fl8sjp6	C
2020-03-22 22:57:34.139521	u/RuralRedhead	fl8t1va	u/trashbagman111	fl8o5xl	C
2020-03-22 22:57:45.227197	u/Alcatraz2094	fl8t20p	u/NyTeOwI	fl8roi9	C
2020-03-22 22:57:48.394784	u/CameronIsNotAJew	fl8t21v	u/Danny_DeJesus	fl8t0n0	C
2020-03-22 22:57:51.728253	u/s1ibedr1ll	fl8t278	u/jar-jarbinksisasith	fl8pl8p	C
2020-03-22 22:58:39.470131	u/NovelCockVirus	fl8t3h0	u/Kirbyclaimspoyo	fl8qas7	C
2020-03-22 22:58:42.530736	u/benson2030	fl8t3kc	u/antseatmyhouse	fl8skk5	C
2020-03-22 22:58:44.499762	u/UwU-Weeb	fl8t3m6	u/elongated-tuskrat	fl8eymw	C
2020-03-22 22:58:50.822158	u/Raptor_8	fl8t3xb	u/emily010101	fl8sbfp	C
2020-03-22 22:58:54.026293	u/treburkulosis	fl8t48p	u/Pokemaster_Dude	fl8mos5	C
2020-03-22 22:59:00.709208	u/Queball06	fl8t4kx	u/RepostSleuthBot	fl8l8ig	C
2020-03-22 22:59:02.511539	u/benson2030	fl8t4t1	u/Silent_Guardian2008	fl7hxfq	C
2020-03-22 22:59:04.774869	u/The_Edgiest_Angle	fl8t51i	u/I_like_the_abuse	fl83lq5	C
2020-03-22 22:59:30.949303	u/octoboi98	fl8t72e	u/apolloladdie	fl8jn5c	C
2020-03-22 22:59:44.442062	u/happy_male	fl8t77m	u/Respect_Paying_Bot	fl8kvsz	C
2020-03-22 22:59:57.037230	u/r41nf1r3_yt	fl8t8e7	u/Xploiter_RBLX	fl8pp4b	C
2020-03-22 22:59:57.580166	u/pumpkinhead4288	fl8t8et	u/pambe123	fl8kvou	C
2020-03-22 22:59:59.248470	u/guineapigs421	fl8t8gw	u/Snook0116	fl8rv24	C
