2020-03-31 01:00:37.255590	u/Brs8604	flzqvsx	u/Limbobutnomadara	flz7lzj	C
2020-03-31 01:00:54.231667	u/GiveBirb	flzqw4s	u/this___name_is_taken	flzqldf	C
2020-03-31 01:01:39.838431	u/MattyMoulsandGio	flzqyj0	u/JoeAndAThird	flzl3fd	C
2020-03-31 01:03:08.375036	u/ColoradoPat01	flzr2bw	u/orange-guy-	flzq04y	C
2020-03-31 01:03:32.525010	u/zabazookaman	flzr34e	u/BigDogProductions	flzq7n9	C
2020-03-31 01:04:11.236461	u/ezio640	flzr4l8	u/TheMightyBeak376	flzcucg	C
2020-03-31 01:04:20.596120	u/ShenanigansCat	flzr52f	u/Salasm227	flzr38v	C
2020-03-31 01:04:25.737158	u/Life_Peanut	flzr59m	u/13ryc3	flzr1iy	C
2020-03-31 01:04:34.135972	u/Cobalt312	flzr5r6	u/All_Hail_Hale306	flyolyv	C
2020-03-31 01:04:36.266371	u/Asami97	flzr5t1	u/GRAZLLY	flymqge	C
2020-03-31 01:07:42.575660	u/simonmonkey	flzramm	u/fualtyzane	flz9q5l	C
2020-03-31 01:08:17.664208	u/Vegetable_Error	flzrbj4	u/Rice_Jap808	flzhei6	C
2020-03-31 01:08:22.032837	u/jayceeboi	flzrbor	u/s432711	flz7ma2	C
2020-03-31 01:09:05.941069	u/EXtremeWalrus1	flzrd67	u/EpicMemer100	flysr6r	C
2020-03-31 01:09:27.574960	u/paidtolaypipe	flzreqw	u/Kind-Pop	fl3zlqu	C
2020-03-31 01:09:32.083203	u/JamesLikesGames07	flzrf16	u/AutoModerator	flzr785	C
2020-03-31 01:09:40.477779	u/WolvenHunter1	flzrfts	u/avascrzyfknmom	flz5luc	C
2020-03-31 01:09:46.924168	u/tyedasey14	flzrg8i	u/fualtyzane	flz4b20	C
2020-03-31 01:09:48.517108	u/stalin_pootus	flzrgdt	u/AredEagle15	flywi2e	C
2020-03-31 01:09:55.604157	u/I_Fall_Off_At_30	flzrgxy	u/fualtyzane	flzoc6d	C
2020-03-31 01:10:11.592310	u/EseinHeroine	flzrhqw	u/NaroKentaki	flyqcqc	C
2020-03-31 01:10:16.352328	u/RTT2_Reddit	flzrhtr	u/mmbriggo	flxz3cr	C
2020-03-31 01:10:42.250433	u/SushiSnake12	flzries	u/RepostSleuthBot	flzoqon	C
2020-03-31 01:10:58.775650	u/SethTheStitch	flzrj5u	u/DoctorModalus	flzrf4g	C
2020-03-31 01:11:01.136409	u/TheAsianSquad	flzrj60	u/tom_m_ryan	flzqnhg	C
2020-03-31 01:12:43.622977	u/gauthamtraj	flzrnab	u/Nerfherder_328	flzavut	C
2020-03-31 01:12:47.027557	u/Nice260	flzrng5	u/Bobbio1245dkw	flzmo16	C
2020-03-31 01:12:58.764950	u/_thejames100_	flzrnqd	u/ZERMproductions	flzhrzg	C
2020-03-31 01:13:04.613009	u/fifteen_two	flzrnzn	u/RedditMeUse	flz6j1h	C
2020-03-31 01:13:08.228543	u/Rad_YT	flzro5h	u/MasterTvizz	flzrhph	C
2020-03-31 01:13:44.990459	u/Slippy69420	flzrpu2	u/Dead_Snapper	flzk2at	C
2020-03-31 01:13:55.986777	u/Tokyo5o	flzrq34	u/HauntedHealer	flz932i	C
2020-03-31 01:13:59.460138	u/SirOkurka	flzrq4k	u/zozoah	flwty71	C
2020-03-31 01:14:39.809123	u/Jpgaming75	flzrrl9	u/Last6king	flzirjm	C
2020-03-31 01:15:32.580502	u/Karebear3242	flzrtvz	u/Kind-Pop	fl3zlqu	C
2020-03-31 01:15:34.528782	u/puppypuppet33	flzru1e	u/dovedevic	fl2izeo	C
2020-03-31 01:15:41.892821	u/__KJG__	flzruc0	u/Limbobutnomadara	flz6en8	C
2020-03-31 01:16:07.813600	u/enderson_kyon	flzrvh5	u/silverhoe	flzrsqj	C
2020-03-31 01:16:15.546488	u/Great_Thunderbird	flzrvvl	u/CrusaderGoose	flzg1sq	C
2020-03-31 01:16:39.685005	u/louerbrat	flzrwl7	u/EliMaxsaysSaveEarth	flzrr49	C
2020-03-31 01:17:09.168033	u/Picol__	flzrxwg	u/hamiton1	fs61bv	S
2020-03-31 01:17:22.927506	u/FisterRobotOh	flzryyz	u/F_O_R_T_N_U_T	flz5vj5	C
2020-03-31 01:17:29.034068	u/PointGod01	flzrzkv	u/aliasdred	flzjp2z	C
2020-03-31 01:17:31.662098	u/kyleritty	flzrzq3	u/Final-Hawk	flzrx0k	C
2020-03-31 01:17:34.034951	u/Itsili	flzrzvo	u/NaturallyFrank	flzjbj8	C
2020-03-31 01:17:43.213019	u/bestmemescollections	flzs0ks	u/fualtyzane	flzrfen	C
2020-03-31 01:17:59.443879	u/masterdoggo7	flzs18a	u/A26lolheart	flzbzdt	C
2020-03-31 01:18:06.743254	u/sad_boi_cucumber	flzs1is	u/Carson200525	flzrm37	C
2020-03-31 01:18:08.335985	u/V_Sharp	flzs1l2	u/apeAllBetroots	fludnr2	C
2020-03-31 01:18:11.632347	u/epic-gamer1324657	flzs1pv	u/AK24ROCKS	fs67dq	S
2020-03-31 01:18:13.243684	u/cuddlygunman2	flzs1ru	u/boxeq-does-uwu	flzn6pg	C
2020-03-31 01:18:29.798568	u/IAmALostChild	flzs2dv	u/VeryLuciD	flzbh65	C
2020-03-31 01:18:33.508178	u/Radradradra	flzs2f2	u/DaveoftheMoon	flzdj0f	C
2020-03-31 01:18:42.555971	u/AtlaXenos	flzs2um	u/puppypuppet33	flzs1nq	C
2020-03-31 01:18:48.581160	u/Lucas_Thrasher13	flzs39i	u/VeryLuciD	flzbh65	C
2020-03-31 01:18:52.148694	u/titsflasher	flzs3gv	u/BigOunce391	flzlw14	C
2020-03-31 01:19:00.000993	u/Kintra_	flzs3us	u/JamesLikesGames07	flzr726	C
2020-03-31 01:19:02.410135	u/yttpr	flzs40p	u/RepostSleuthBot	flzmlry	C
2020-03-31 01:19:48.198367	u/SomeFakeInternetName	flzs6eh	u/dovedevic	fl2laxa	C
2020-03-31 01:20:04.025969	u/Leighlovelie	flzs7ii	u/yourpantsaretoobig	flyjmea	C
2020-03-31 01:20:22.005168	u/vivid_waffles	flzs812	u/Limbobutnomadara	flz5phd	C
2020-03-31 01:20:35.602849	u/alexathegibrakiller	flzs8f5	u/Limbobutnomadara	flz6en8	C
2020-03-31 01:20:49.083882	u/Basith_Shinrah	flzs8tw	u/AK24ROCKS	fs67dq	S
2020-03-31 01:20:56.109052	u/Isaak__	flzs8y3	u/MightyMrRogers	flzlgvm	C
2020-03-31 01:20:59.614153	u/ThatWasInformative	flzs90m	u/Sir-Chris-Finch	flzd2kp	C
2020-03-31 01:21:18.431279	u/xUrMomGayx	flzs9q0	u/silverhoe	flzrjtt	C
2020-03-31 01:21:33.936164	u/JamesIsMeo	flzsa97	u/jansjska	flzrpg5	C
2020-03-31 01:21:38.707232	u/methneko	flzsahb	u/Noahs132	flzj522	C
2020-03-31 01:21:46.640300	u/The-Scavenger	flzsas1	u/epic-gamer1324657	flzrxie	C
2020-03-31 01:21:48.877705	u/goldbear11	flzsasn	u/finnikarma2431	flz3etk	C
2020-03-31 01:21:57.603479	u/zLc362	flzsb69	u/AK24ROCKS	flzs7u0	C
2020-03-31 01:23:10.172724	u/SpareCounter	flzsddv	u/sasori1771	flvgqwd	C
2020-03-31 01:23:12.278191	u/blurberry_eggos	flzsdf4	u/User_of_Name	flzrmpf	C
2020-03-31 01:23:50.673179	u/clorox-taste-funny	flzsf3y	u/friskyfraskyfroo	flzkw6f	C
2020-03-31 01:23:55.988001	u/KKB6848	flzsf5l	u/fualtyzane	flwfzbq	C
2020-03-31 01:24:15.076656	u/LessWeakness	flzsfqq	u/Skrooner	flyyert	C
2020-03-31 01:24:21.381069	u/PesidentDonaldTrump	flzsg10	u/ShenanigansCat	flzr402	C
2020-03-31 01:24:32.376765	u/brak0n	flzsgdy	u/Glyorgi	flzsfmf	C
2020-03-31 01:24:56.165623	u/sweetxflamingo	flzsgzo	u/Hodlon2	fs0uch	S
2020-03-31 01:25:00.185166	u/diaperpop	flzsh2a	u/Carson200525	flzrush	C
2020-03-31 01:25:24.849845	u/tremmex	flzsi40	u/pattiPoda	flzs480	C
2020-03-31 01:25:37.005547	u/beastfromtheeast92	flzsif9	u/fireking64	flzrk2s	C
2020-03-31 01:25:43.331313	u/Arrowburn	flzsiir	u/bigpersonality420	flzirlp	C
2020-03-31 01:25:51.188172	u/Sitren	flzsipv	u/shadow-wtf	flp1dfx	C
2020-03-31 01:25:55.048121	u/OhGodNotAgainPls	flzsj1w	u/blurberry_eggos	flzsdf4	C
2020-03-31 01:26:19.021272	u/BrookeRooney123	flzsk4i	u/MichiganSummerSnow	flz3nvq	C
2020-03-31 01:26:20.948512	u/SwetyBG	flzsk5u	u/Muhamad-Gamer	flyf3jz	C
2020-03-31 01:26:25.670284	u/SCREEEEEEEE_MFS	flzskcm	u/pippo_baudo2	flxs6ut	C
2020-03-31 01:26:27.511075	u/TristanTehNoob	flzskcq	u/JamesLikesGames07	flzrj2c	C
2020-03-31 01:26:45.795146	u/barbsa	flzskzp	u/brak0n	fs73ar	S
2020-03-31 01:27:02.521767	u/Ebola_x	flzsldi	u/SirRazma	flzmf8n	C
2020-03-31 01:27:09.053625	u/jemguinpemguin	flzslz1	u/AutoModerator	flzs744	C
2020-03-31 01:27:10.772599	u/DanBitesDog	flzsm2w	u/okruina	flzdwzs	C
2020-03-31 01:27:22.376416	u/istronkmad	flzsmnf	u/JOHNTHEBUN4	flzmnvd	C
2020-03-31 01:27:25.899235	u/Wolfknap	flzsmt8	u/AnakinsShowerDrain	flz4q7y	C
2020-03-31 01:27:34.385562	u/DevTTS	flzsn6j	u/ShenanigansCat	flzratq	C
2020-03-31 01:28:51.118006	u/theChillyhot	flzsqcf	u/MusaBoiiiii	flq35eh	C
2020-03-31 01:28:54.653127	u/ev33lution	flzsqgq	u/Queball06	flysz1q	C
2020-03-31 01:29:25.561014	u/DoucheBaggins12	flzss13	u/VeryLuciD	flzbh65	C
2020-03-31 01:29:32.470654	u/Zaniak88	flzssff	u/antithesyst	flzhtus	C
2020-03-31 01:29:34.255357	u/astrvmnauta	flzssh5	u/polkalana	flzsme9	C
2020-03-31 01:29:37.736943	u/water-is-wet-	flzsss5	u/Dat_Dank_Duck93	fly031c	C
2020-03-31 01:29:51.852673	u/g4l4ctik	flzstw3	u/jackop6	flznbrv	C
2020-03-31 01:30:06.485280	u/zephynayers	flzsuno	u/newtside	flzsqaj	C
2020-03-31 01:30:09.993385	u/The-Zeus-Is-Loose	flzsunz	u/Mr-Lungu	flza5ze	C
2020-03-31 01:30:38.964178	u/Tzfocus	flzsvjs	u/leo_schoch13	flyv1m0	C
2020-03-31 01:30:49.787381	u/ThisDudeEmpty	flzsw0j	u/JG_92	flzdv4k	C
2020-03-31 01:30:53.354673	u/ace_enby_in_a_bag	flzsw75	u/StupidDepressedGamer	flz0uyy	C
2020-03-31 01:31:20.274269	u/Y4OURBOY	flzsxja	u/hipartsy	flzsnrc	C
2020-03-31 01:31:43.541523	u/GameOver_0101	flzsypc	u/antithesyst	flzhtus	C
2020-03-31 01:31:57.968105	u/G4m3st3p	flzsyzs	u/striped-pony	flzaqhf	C
2020-03-31 01:32:13.204148	u/Ferrariboi09	flzszi7	u/MrBobbysin	flz8pfn	C
2020-03-31 01:32:16.819561	u/PopsoPants	flzszju	u/J4yMel	flzkf8a	C
2020-03-31 01:32:28.974346	u/A_ManO0o	flzt07b	u/Derpy915	flz4csd	C
2020-03-31 01:32:33.411617	u/rgliszin	flzt0bu	u/ZenithDaCretan	flxoktd	C
2020-03-31 01:32:37.733234	u/Static0Sanity	flzt0d0	u/OwOJustinistaken	flzswj4	C
2020-03-31 01:32:51.472253	u/SGTDeven	flzt0xy	u/gthesaucekig	fs75q4	S
2020-03-31 01:33:18.182372	u/911420blazeit69nice	flzt2e7	u/fualtyzane	flz9ii6	C
2020-03-31 01:33:43.165373	u/kobethb	flzt3fn	u/brak0n	flzsx3j	C
2020-03-31 01:33:57.349592	u/nmbrod	flzt3zr	u/g8rBfKn	flyilyb	C
2020-03-31 01:34:01.962242	u/FeckinOath	flzt42n	u/Yeah_Im_a_cunt	flww0q1	C
2020-03-31 01:34:10.634622	u/Hypez_original	flzt451	u/SovietSiamese	flzrmw0	C
2020-03-31 01:34:20.961949	u/cxkoda	flzt4jr	u/Embarrassed-Smoke	flytcfb	C
2020-03-31 01:34:44.910661	u/Eliathere	flzt5f9	u/fualtyzane	flzrdr1	C
2020-03-31 01:35:08.351227	u/Expearke	flzt5zz	u/PsyberN	fly8o4z	C
2020-03-31 01:35:24.304900	u/Reddit-Carrot	flzt6pe	u/wise_crack-cocaine	flyigsq	C
2020-03-31 01:35:51.192265	u/ChEATax	flzt7mr	u/fualtyzane	flypxf8	C
2020-03-31 01:36:08.745177	u/xd_itsme03	flzt8au	u/VeryLuciD	flzbh65	C
2020-03-31 01:36:20.551583	u/l-o-o-k	flzt8z6	u/Moo58	flzikhp	C
2020-03-31 01:36:43.442179	u/sab6286	flzta1o	u/Luc1_F0x	flyy6iw	C
2020-03-31 01:37:13.053443	u/skylord406	flztb79	u/ItsFrenzius	flzofys	C
2020-03-31 01:37:16.641234	u/WZTKAZU	flztbaj	u/M4nd4l0r3_zo15	flzpdbh	C
2020-03-31 01:37:19.548738	u/dewnar	flztbct	u/ZiOnIsNeXtLeBrOn	flz9k83	C
2020-03-31 01:37:31.904414	u/Bluegriffin0999	flztc5c	u/brak0n	flzt9a1	C
2020-03-31 01:38:41.408057	u/some_random_user24	flztftw	u/TRoastedPotato	flztad3	C
2020-03-31 01:38:51.844586	u/ma-name-jeff1234	flztgeo	u/Appah0625	flzqv32	C
2020-03-31 01:38:53.995413	u/ShotZ_Eclipse	flztgfp	u/Lauren_Cox	flzne06	C
2020-03-31 01:39:36.828090	u/Pluto-RS	flztjs9	u/anime_forever03	flzthfa	C
2020-03-31 01:39:37.854079	u/DarknessD01	flztjtp	u/RepostSleuthBot	flzti6v	C
2020-03-31 01:39:38.939230	u/Socalwriterguy	flztjut	u/Real-Soraith	flzmcaj	C
2020-03-31 01:39:42.110598	u/jdkskndis	flztjxc	u/MrGenius9000	flzrdzw	C
2020-03-31 01:39:58.741517	u/VegetarianSausage	flztlbq	u/AutoModerator	flword7	C
2020-03-31 01:39:59.572727	u/gals243	flztlh9	u/4ssteroid	flz5irh	C
2020-03-31 01:40:13.989354	u/DARTHBRIXLEGO	flztlru	u/Rid1cheem	flzqttg	C
2020-03-31 01:40:34.045837	u/yachter	flztmmx	u/RepostSleuthBot	flzpcag	C
2020-03-31 01:40:36.464346	u/dudenamedgunther	flztmne	u/Deathnoob101	flzg6vv	C
2020-03-31 01:40:38.844221	u/r1chard3	flztmo0	u/darrellmarch	flyxmli	C
2020-03-31 01:40:50.667362	u/thebigz52	flztmzo	u/I_like_water2	flzf753	C
2020-03-31 01:42:02.852410	u/Blueacego86	flztp54	u/_hirohamada_	flzgu9i	C
2020-03-31 01:42:15.409411	u/reverseadam	flztpdy	u/wholesome_pyschopath	flztlit	C
2020-03-31 01:42:26.452478	u/rainless_reddit	flztprq	u/Wiseonejambo	flzhrvz	C
2020-03-31 01:43:02.967675	u/ImmaTakeYoMans	flztre8	u/TreeCopjr	flzqk6c	C
2020-03-31 01:43:14.422470	u/Triple___A	flztrsh	u/AidanOrsargos	flynq3c	C
2020-03-31 01:43:32.662958	u/Reibai_Seishin	flztsdp	u/DeadKingZod	flyw0xd	C
2020-03-31 01:43:44.665549	u/lordgamer65432	flztsvi	u/GaminB4	flztqb6	C
2020-03-31 01:43:46.762726	u/Alien_Refugee	flztsvo	u/Plasteel	flzocac	C
2020-03-31 01:44:03.090412	u/DKDomee	flzttpr	u/generalTRUMP_	flztqz3	C
2020-03-31 01:45:07.285645	u/Cowboyfromthepast	flztwrd	u/NL458	flywerw	C
2020-03-31 01:45:11.225210	u/mawols	flztwuk	u/username-girl123	flztkze	C
2020-03-31 01:45:20.687116	u/BroadwayJay1	flztx55	u/YesIAmWolfie	flzsla0	C
2020-03-31 01:45:26.839185	u/stamvee	flztxal	u/leicholy	flzmvuz	C
2020-03-31 01:45:52.129435	u/sanesociopath	flztxwe	u/Loyellow	flztrkw	C
2020-03-31 01:46:02.478541	u/EPSlapper	flzty4k	u/Maeto_Diego	flzq4bm	C
2020-03-31 01:46:07.744466	u/Dinospider7	flztyf6	u/jeffron12345	flzivpl	C
2020-03-31 01:46:54.132562	u/ThomasdaTrain1	flzu08a	u/Doehap	flza9cx	C
2020-03-31 01:46:59.787900	u/Helvettia	flzu0lu	u/DKDomee	fs7ang	S
2020-03-31 01:47:17.096791	u/Batarang113	flzu18m	u/DragonMaster109	flyzeh0	C
2020-03-31 01:47:27.830833	u/Boomshakalacka101	flzu1j1	u/GullibleSeal94	flzo2em	C
2020-03-31 01:47:30.496229	u/VuIturous	flzu1lt	u/RepostSleuthBot	flztiqi	C
2020-03-31 01:47:51.470866	u/xXastr0maxXx	flzu2d7	u/AutoModerator	flztncr	C
2020-03-31 01:48:28.352138	u/Thatboigaming	flzu3m1	u/Holyminecraft	flzqq1q	C
2020-03-31 01:48:36.120941	u/TheKingOfIceCream1	flzu3sr	u/wampmaster3000	frw4br	S
2020-03-31 01:49:02.143344	u/rahulshinde235	flzu56n	u/GnocchiBoss	flzu2nv	C
2020-03-31 01:49:19.234844	u/ApexLegendsFan0	flzu5oj	u/clorox-taste-funny	flzsf3y	C
2020-03-31 01:49:31.597727	u/chipychocho88	flzu6h5	u/levelup_jar	fly5vaf	C
2020-03-31 01:49:42.963385	u/Azallp1	flzu72r	u/Hypez_original	flzt451	C
2020-03-31 01:49:51.274703	u/Vourem	flzu7tx	u/astrvmnauta	flzssh5	C
2020-03-31 01:50:02.525121	u/will_372_	flzu8l2	u/BigBoyBagelBoy	flzsxxa	C
2020-03-31 01:50:15.602071	u/EPlurbusUnicorn	flzu8ze	u/brak0n	fs73ar	S
2020-03-31 01:50:27.115445	u/Le_Anoos-101	flzu9b5	u/Dead_Snapper	flzk2at	C
2020-03-31 01:50:57.921489	u/easthome_	flzuadr	u/thebluefury	flztwtk	C
2020-03-31 01:51:27.072537	u/hotdragon2000	flzuc1p	u/Dark-memes-ha	flzu8fr	C
2020-03-31 01:52:31.583757	u/fuflikoviy	flzuemb	u/Evolution-is-a-fact	flzty09	C
2020-03-31 01:52:38.126807	u/BBQWengs	flzueqv	u/AutoModerator	flyoyx2	C
2020-03-31 01:52:52.086850	u/TwitchyPath9920	flzuf6j	u/Coolroolie13	flzm8kb	C
2020-03-31 01:53:20.816449	u/Saltyspatoon_17	flzug6s	u/ShotZ_Eclipse	flztgfp	C
2020-03-31 01:53:26.156642	u/boby_271	flzugjw	u/fualtyzane	flzhb7s	C
2020-03-31 01:53:30.797045	u/DerpehDoges	flzugt5	u/AredEagle15	flywi2e	C
2020-03-31 01:53:43.409584	u/Switchblade48	flzuhas	u/ZenXgaming100	flzspvx	C
2020-03-31 01:55:18.418556	u/Tagbush	flzuldv	u/DamionGreyjoy	flz5lzp	C
2020-03-31 01:55:46.455841	u/reresca	flzum59	u/dudenamedgunther	flztmne	C
2020-03-31 01:56:53.893000	u/HamboneVader	flzupt9	u/sowhichnameisnttaken	flyrfvf	C
2020-03-31 01:56:55.620223	u/666bitchlasagna	flzupva	u/Datruedabking	flzri18	C
2020-03-31 01:56:58.522551	u/ItsAsum	flzupy3	u/Ninja-nun	flzujnz	C
2020-03-31 01:57:17.883869	u/Sir1226	flzuq4r	u/Wimpykid2302	flxczi9	C
2020-03-31 01:57:58.389822	u/BaGM_Phoenix	flzurni	u/ByronLegion	fs40uo	S
2020-03-31 01:58:01.657738	u/iushciuweiush	flzurqw	u/Goose_liver_pate	flz9dk7	C
2020-03-31 01:58:03.883542	u/PsychOnTheBike	flzursc	u/racerfree	flzt9oj	C
2020-03-31 01:58:10.948705	u/Nixon_Likes_V	flzurza	u/jackben_imble	flzo13w	C
2020-03-31 01:58:17.698552	u/ArtAndCraftBeers	flzus78	u/T-roySwink	fly3rjg	C
2020-03-31 01:59:03.972651	u/That-dude-Yoga	flzuuls	u/TheLamerGamer	flzskn9	C
2020-03-31 01:59:22.192732	u/pineconeassbitch	flzuvbu	u/AutoModerator	flzh8zw	C
2020-03-31 01:59:24.435143	u/seanisonreddit1	flzuvgl	u/DogeCoinNut22	flyq036	C
2020-03-31 01:59:46.565071	u/TheBurnedMutt45	flzuwph	u/BigBuiltGeek	flzkwyz	C
2020-03-31 01:59:54.589203	u/doideservethisshit	flzuxcl	u/DogeCoinNut22	flyq036	C
