2020-03-31 20:00:53.752008	u/Theslees479	fm2il1y	u/taylorcoth	fm2ii43	C
2020-03-31 20:01:25.640433	u/Horghor	fm2imkl	u/inmyheartyapaynorent	fseoka	S
2020-03-31 20:01:38.310374	u/HeavyFlange	fm2imy6	u/Xploiter_RBLX	flnr7oc	C
2020-03-31 20:01:48.661280	u/JustLuna_	fm2indn	u/pinkpatiences	fm1uivw	C
2020-03-31 20:01:57.492220	u/citrineskye	fm2invf	u/tankopter	fm24rcq	C
2020-03-31 20:01:59.714532	u/l_ennny	fm2inz1	u/ratkiller47130	fm2h44v	C
2020-03-31 20:02:05.454368	u/ur_opinion_is_wrong	fm2iod7	u/nyamzzz	fm18kfj	C
2020-03-31 20:02:11.064735	u/Peterx2112	fm2iomc	u/tankopter	fm24rcq	C
2020-03-31 20:02:40.121879	u/gr3ywolf1757	fm2ipz0	u/FunkyYetRuined	fm2gm69	C
2020-03-31 20:02:45.876541	u/_Berzerkered_	fm2iq5r	u/Username-Taken-01	fm2bxvk	C
2020-03-31 20:03:17.425528	u/osjshs	fm2irxl	u/cerealcat2020	fm2bzif	C
2020-03-31 20:03:32.809454	u/dingusbingfro	fm2isef	u/burning_globe	fm0cbtl	C
2020-03-31 20:03:40.148118	u/JU4NTHE1	fm2isx1	u/Dusky9653	fm2c883	C
2020-03-31 20:04:09.697356	u/Blaze-chicken	fm2iu9u	u/xXCANCERGIVERXx	fm20bfj	C
2020-03-31 20:04:21.346869	u/Xxthekingalberto	fm2ivbh	u/1_Nysosis_1	fm26q2w	C
2020-03-31 20:04:29.411359	u/SupremeDickman	fm2ivpd	u/B19B0y124	fm13aqd	C
2020-03-31 20:04:37.065714	u/toredtimetraveller	fm2ivww	u/Al_E_Borland	fm2ddeu	C
2020-03-31 20:04:53.159574	u/Rampagingpenguin	fm2iwpt	u/OblivionDemon09	fm2i76o	C
2020-03-31 20:05:10.720617	u/polarvortex_opposite	fm2ixon	u/Forbidden_Breakfast	fm2hwj3	C
2020-03-31 20:06:27.078482	u/therealestblobis	fm2j1nj	u/Kopie115	fm2irsb	C
2020-03-31 20:07:31.208717	u/-whyareyousosweaty-	fm2j5t3	u/ProNo0ob	fm2d7pd	C
2020-03-31 20:07:37.801127	u/omck6	fm2j6dv	u/quarks_r_gay	fm2iwyn	C
2020-03-31 20:08:03.186859	u/nicolas_k2005	fm2j8f1	u/sirsnipz	fm2fne6	C
2020-03-31 20:08:26.528279	u/chompchom1	fm2j997	u/Username-Taken-01	fm2cuh9	C
2020-03-31 20:08:37.235686	u/Estefo_	fm2ja61	u/automatez	fm16emr	C
2020-03-31 20:08:43.337184	u/christopherror404	fm2jan6	u/Goodgamerguy023	fm0qqmu	C
2020-03-31 20:08:54.264347	u/hunter117985	fm2jb65	u/Ranger343	fm2g7w7	C
2020-03-31 20:09:26.795429	u/Lord_Gentlemon	fm2jds0	u/jabari2476	fm2jahn	C
2020-03-31 20:09:34.004646	u/minerguy1232	fm2jefs	u/bob1278999	fm27too	C
2020-03-31 20:09:36.585018	u/skydude64	fm2jeod	u/arankatarn	fm2iyb1	C
2020-03-31 20:09:37.579849	u/Pixelmite	fm2jeu1	u/dirtbutcher	fm2j8zx	C
2020-03-31 20:09:39.516784	u/Orangecup05	fm2jey6	u/ByShaggysBeard	fm2gkie	C
2020-03-31 20:09:40.975313	u/MadSkillz127	fm2jf0y	u/ostruch	fm1862x	C
2020-03-31 20:09:45.156678	u/protysr	fm2jft0	u/Sweepy-Edge	fm21en9	C
2020-03-31 20:09:54.358138	u/matttheshack69	fm2jgdq	u/NOT-A-WISEMAN	fm18ym1	C
2020-03-31 20:10:20.650782	u/Darthdeathclaw	fm2jice	u/Gubq	fl5lg0s	C
2020-03-31 20:11:46.237615	u/FinderOfSauce	fm2jmgb	u/afartnamedbob	fm1mnee	C
2020-03-31 20:13:11.672377	u/Lord_Yagami	fm2jrla	u/master_meme_monk	fm2jlh9	C
2020-03-31 20:13:18.523723	u/B_scuit	fm2jrpr	u/JoJosReferenceX3	fm17qi7	C
2020-03-31 20:13:21.841601	u/Simplykinetic	fm2jrtx	u/Sandoron	fm1zeod	C
2020-03-31 20:14:02.727012	u/B_scuit	fm2juda	u/Sweepy-Edge	fm1djm7	C
2020-03-31 20:14:05.801281	u/Trenov17	fm2jukf	u/Wimpykid2302	flxczi9	C
2020-03-31 20:14:24.387824	u/-Roborat-	fm2jw7l	u/mal-Fn	fm2jsd3	C
2020-03-31 20:14:26.532883	u/Willing-Specialist	fm2jwav	u/YesILikePizza	fjxyg4s	C
2020-03-31 20:14:44.160991	u/bellazdona	fm2jxkd	u/mihai2004986	fsksh2	S
2020-03-31 20:14:55.708612	u/mcstonksfrommcbonks	fm2jyf7	u/therealestblobis	fm2jwh5	C
2020-03-31 20:15:26.498998	u/Jaqb_Jan	fm2jzfy	u/mwaderun	fm1pmt6	C
2020-03-31 20:16:53.813063	u/MonsterDiotic	fm2k3kk	u/LegitWaffles05	fm2ijlz	C
2020-03-31 20:16:57.356215	u/Taluca_me	fm2k3lw	u/Ph0enlxL0rd	fm1ry1u	C
2020-03-31 20:17:11.721713	u/ismatrix23	fm2k4pr	u/bautisto	fm23oxa	C
2020-03-31 20:17:22.308495	u/Rental_Car	fm2k5f7	u/Fapinator500	fm2b75q	C
2020-03-31 20:17:27.584191	u/RBG-Sunset	fm2k5tc	u/1_Nysosis_1	fm24mrd	C
2020-03-31 20:17:30.143328	u/treesmithmusic	fm2k690	u/Kami103	fm2k1fm	C
2020-03-31 20:17:49.268531	u/SerotonineAddict	fm2k75m	u/TheAdimLizard	fm2dug0	C
2020-03-31 20:18:19.389070	u/not_wadud92	fm2k919	u/FISH_GAMING_OFFICIAL	fm2fyvx	C
2020-03-31 20:18:26.319784	u/SolidworksError404	fm2k9cn	u/Matheus_MSP	fm2ixaj	C
2020-03-31 20:18:33.187882	u/ItzSpiffy654	fm2ka5g	u/RepostSleuthBot	fm2jnji	C
2020-03-31 20:18:36.022930	u/OrgasmicLeprosy87	fm2kakz	u/YouDrinkMahDew	fm0hro9	C
2020-03-31 20:18:39.331717	u/not_wadud92	fm2kan9	u/The_Dylmyster	fm2g75v	C
2020-03-31 20:18:47.684326	u/just_another_Texan	fm2kc7z	u/RepostSleuthBot	fm26my5	C
2020-03-31 20:19:01.428069	u/EDDYCROSS47	fm2kd93	u/EthanielClyne	fm2k2zx	C
2020-03-31 20:19:21.740717	u/alyssagregoryr	fm2kemz	u/weirdchild62	fm2kd48	C
2020-03-31 20:19:39.463672	u/jay_man0599	fm2kgjw	u/chompchom1	fm2jzqy	C
2020-03-31 20:19:41.144766	u/SpiderOniOS	fm2kgvk	u/epicdustbin4	fm2key8	C
2020-03-31 20:19:51.904283	u/metaphorical_trash	fm2kirb	u/DaHerv	fm1tzw0	C
2020-03-31 20:19:55.943977	u/IDK-what-to-put-1234	fm2kj8n	u/Alien_lifeform_	fm21h8h	C
2020-03-31 20:19:58.493600	u/skricyy	fm2kjqa	u/BluSilber	fm2kiuy	C
2020-03-31 20:21:11.766689	u/Badier4	fm2kn5c	u/stewham123	fm2gizr	C
2020-03-31 20:21:14.121999	u/Oslawiony	fm2kn7o	u/ReckLich	fm2khn3	C
2020-03-31 20:22:16.502875	u/Fr33kOut	fm2kqmr	u/Dangleben	fm2fgig	C
2020-03-31 20:22:41.700200	u/TeshSprite	fm2kroj	u/APowerBlackout	fm1ae9q	C
2020-03-31 20:22:56.990738	u/itsxaxmexmaria	fm2ksdw	u/fernanchistera	fm2knzr	C
2020-03-31 20:23:43.996511	u/sorryihavetopractice	fm2kulh	u/bleurex132	fm1blqs	C
2020-03-31 20:24:06.536167	u/PopeNeiaBaraja	fm2kvub	u/RepostSleuthBot	fm28rwj	C
2020-03-31 20:24:22.748621	u/Lejund7	fm2kxi4	u/Doggo-Lovato	fm2kj76	C
2020-03-31 20:24:48.954315	u/221bSweden	fm2kymf	u/nicolas_k2005	fm1vzu7	C
2020-03-31 20:24:54.433603	u/0rock11	fm2kz4e	u/ScalierLotus11	fm1x1xo	C
2020-03-31 20:25:50.800803	u/TheOddScientist	fm2l2hy	u/TigMast3r	fm2kksd	C
2020-03-31 20:26:20.982919	u/FreeNipple	fm2l41t	u/heccingname	fm2kuf6	C
2020-03-31 20:26:22.847941	u/KTreaties	fm2l423	u/RepostSleuthBot	fm2imuh	C
2020-03-31 20:27:25.142428	u/froggy_209	fm2l9ay	u/munkmaster	fm2l5im	C
2020-03-31 20:28:00.868760	u/boldfacelemon	fm2lcex	u/TRex_OfTheAges	fm2l9z2	C
2020-03-31 20:28:10.312152	u/ayman_97	fm2ld9t	u/Emperor_O_Memes	fm1wx9h	C
2020-03-31 20:28:16.984455	u/Dairy762	fm2ldle	u/NvrOnTime	fm289he	C
2020-03-31 20:28:35.671428	u/Wcherry28	fm2lfcb	u/Deke-Travers	fm2ld4x	C
2020-03-31 20:28:48.879760	u/southerndirtbag	fm2lgh1	u/mufasto1	fm2ldcw	C
2020-03-31 20:29:21.151888	u/Carl_theLamma	fm2lj2h	u/Freedom-Costs-Tax	fm2fb2u	C
2020-03-31 20:29:31.761325	u/Wcherry28	fm2ljy8	u/Deke-Travers	fm2lhm0	C
2020-03-31 20:29:45.196597	u/MrFluffyLuffy	fm2ll9x	u/ButterSpreads	fm1ogx9	C
2020-03-31 20:29:55.677221	u/rickybobby489	fm2lm84	u/Meckma	fm2fcs8	C
2020-03-31 20:29:59.391366	u/skooben	fm2lmke	u/mind-sweeper	fm26a2b	C
2020-03-31 20:30:28.327241	u/DarthFargus05	fm2log9	u/currentlyjerkingoff_	fm0lwy2	C
2020-03-31 20:30:46.619930	u/TinCan-Express	fm2lp02	u/AttackofNoob	fm0rrrm	C
2020-03-31 20:31:00.691414	u/edus_ryanus	fm2lplw	u/ODSEESDO	fm2l6vo	C
2020-03-31 20:31:20.206078	u/FouadKh	fm2lqu8	u/GorgeousGregory	fm2kus3	C
2020-03-31 20:31:25.847739	u/Drakeadrong	fm2lqxt	u/memer414gamer	fm2lh2x	C
2020-03-31 20:31:44.705808	u/Seeker_1200	fm2lrtl	u/RepostSleuthBot	fm28lpn	C
2020-03-31 20:32:04.366084	u/Rain-Peter2001	fm2lspl	u/chompchom1	fm2j997	C
2020-03-31 20:32:08.939490	u/LadyLevia	fm2lstn	u/Mastermind291	fm2lcev	C
2020-03-31 20:32:12.231962	u/Aogan036	fm2lsut	u/Vixxo-Mixxo	fm2aogm	C
2020-03-31 20:32:26.051365	u/Indagoo_	fm2lt59	u/ILikedThat	fm22ksi	C
2020-03-31 20:32:50.413303	u/juanjogp	fm2luc9	u/Exercise_Book02	fm26pvw	C
2020-03-31 20:33:03.953228	u/Citizen_Montag	fm2luw8	u/AutoModerator	fm0vy4q	C
2020-03-31 20:33:09.484520	u/account232323	fm2lv59	u/Huxm_luxl	fm1bsyh	C
2020-03-31 20:33:22.350209	u/account232323	fm2lw2v	u/K_Elmo	fm1ei50	C
2020-03-31 20:33:33.469553	u/account232323	fm2lwuz	u/Dr_Killer1329	fm172ii	C
2020-03-31 20:33:36.551528	u/Myhotrabbi	fm2lx6b	u/ILikedThat	fm22ksi	C
2020-03-31 20:33:38.680448	u/A-stack-of-boomer	fm2lxmx	u/ultimateman55	fm2dp9n	C
2020-03-31 20:33:55.496618	u/account232323	fm2lylt	u/mfreitas415	fm11499	C
2020-03-31 20:34:03.805044	u/account232323	fm2lz7n	u/Hammode174	fm1ivs9	C
2020-03-31 20:34:05.834316	u/Axolotlife	fm2lzcq	u/Drakeadrong	fm2lqxt	C
2020-03-31 20:34:27.684400	u/Thr0w4w4yf0r3v127	fm2m14k	u/mal-Fn	fm2gxav	C
2020-03-31 20:34:31.732216	u/oppoop23	fm2m1cf	u/Iord_Voldemort	fm1uf99	C
2020-03-31 20:34:43.407607	u/thisguyfr0mthatplace	fm2m1sp	u/bleachbum98	fm2d4sm	C
2020-03-31 20:34:47.953640	u/williewasher	fm2m1tk	u/FR34K5H0	fm2doxd	C
2020-03-31 20:36:14.099113	u/2Funny_8	fm2m5kj	u/gergatori	fm1cbmf	C
2020-03-31 20:36:18.895522	u/TheRubyBlade	fm2m5qn	u/bloody-Commie	fm2gspy	C
2020-03-31 20:36:21.606461	u/SirDeep	fm2m5v4	u/june-bug-69	fm2lo99	C
2020-03-31 20:36:56.121060	u/Heronic-Studios	fm2m7nc	u/d4rk_fusion	fm2dj5u	C
2020-03-31 20:37:53.313579	u/InvaderDem	fm2mdxz	u/_moistmcdiddles_	fm2f084	C
2020-03-31 20:38:30.318031	u/CrassKal	fm2mgvn	u/LegitWaffles05	fm2ijlz	C
2020-03-31 20:38:32.313310	u/NikaBlazing	fm2mh0y	u/lvtn11	fm0i4ju	C
2020-03-31 20:39:19.521209	u/blob-mic-blob	fm2mli0	u/AutoModerator	fm2kvrv	C
2020-03-31 20:39:24.096155	u/I_am_Inevitable_Boi	fm2mlmk	u/kyleman39	fm29192	C
2020-03-31 20:40:05.470277	u/roses_and_sacrifice	fm2mq2d	u/PopMyEyess	flzy1lo	C
2020-03-31 20:40:37.975449	u/johnnyghost1	fm2mspi	u/MrProbation	fm2mphd	C
2020-03-31 20:40:56.706362	u/Britelitey	fm2mtyk	u/Devils_Advocate1357	fm20fqk	C
2020-03-31 20:41:21.698938	u/crazycatdude07	fm2muu8	u/username-girl123	fm2fc46	C
2020-03-31 20:41:42.378724	u/zygotesoup	fm2mvsb	u/MurseNaygen	fm0ziyx	C
2020-03-31 20:42:05.404018	u/bokcuvogom	fm2mwr3	u/IsuIri	fm2bykg	C
2020-03-31 20:42:47.845617	u/chartech100	fm2mzld	u/Hescoveredinbutter	fm2myg2	C
2020-03-31 20:43:01.768286	u/robsongice	fm2n0il	u/bob1278999	fm27too	C
2020-03-31 20:43:40.714879	u/_helloalien	fm2n39y	u/1mtheprince	fm2dkrr	C
2020-03-31 20:43:42.853730	u/tobz_ren	fm2n3ix	u/JOHNTHEBUN4	fm1g194	C
2020-03-31 20:44:09.525162	u/vidawaffleYT	fm2n5c0	u/Avyern1	fm2bpfj	C
2020-03-31 20:45:12.229536	u/gilpima	fm2n8yr	u/Ph0enlxL0rd	fm1ry1u	C
2020-03-31 20:45:33.674569	u/DozenPlatypus60	fm2na1n	u/jeffynibbles69	fm2mob4	C
2020-03-31 20:45:44.327782	u/EastboundNdown5	fm2navh	u/D4ncingEyes	fm2n6s9	C
2020-03-31 20:45:47.210176	u/Hux17	fm2nax5	u/thedeathmachine	fm2bzqc	C
2020-03-31 20:45:49.112402	u/Universe128	fm2naxq	u/AnotherInternetHuman	fm1t3q5	C
2020-03-31 20:46:09.059255	u/EastboundNdown5	fm2nc0c	u/D4ncingEyes	fm2n6s9	C
2020-03-31 20:46:18.365748	u/AFatPieceOfGarbage	fm2nc8d	u/AutoModerator	fm2mym8	C
2020-03-31 20:46:36.249391	u/yurboi21XD	fm2ndu4	u/Gubq	fl5lyk4	C
2020-03-31 20:46:45.637860	u/cstormslatt13	fm2ne8n	u/Alien_lifeform_	fm21h8h	C
2020-03-31 20:46:59.089919	u/LaserSpaceMan	fm2nevu	u/Thunderbolt5827	fm2f1c7	C
2020-03-31 20:47:20.661055	u/_Flying_Scotsman_	fm2ngas	u/Bacon_Techie	fm2nf74	C
2020-03-31 20:47:39.285628	u/MerlinGrandCaster	fm2nh8s	u/fuggin-balls	fm2mb1n	C
2020-03-31 20:47:57.064079	u/ExplosiveSpecialist3	fm2nigl	u/Ethan11223	fm2louq	C
2020-03-31 20:48:04.699620	u/peasill	fm2nisu	u/Lol_zz	fm1zp3v	C
2020-03-31 20:48:19.765248	u/Unremarkablebastard	fm2nk04	u/A-stack-of-boomer	fm2mxxs	C
2020-03-31 20:48:28.902196	u/Dbone_99	fm2nkps	u/tom_m_ryan	fm0sfc7	C
2020-03-31 20:48:30.330328	u/ahungrylilsandwhich	fm2nkr0	u/Leo_V82	fm1cnh1	C
2020-03-31 20:49:14.850868	u/ohittsbae	fm2no0o	u/Hammode174	fm0w6th	C
2020-03-31 20:49:28.200834	u/bt_649	fm2np0x	u/nateyboi921	fm2na90	C
2020-03-31 20:49:30.068186	u/TerabyteRD	fm2npag	u/Roskot	fm1i6aa	C
2020-03-31 20:49:34.565461	u/CoonOpVooDooDoll	fm2npm8	u/Kind-Pop	fl3zlqu	C
2020-03-31 20:50:27.353704	u/Genjien514	fm2ntqs	u/ItalyIsNice	fm29ea4	C
2020-03-31 20:50:29.737182	u/preston-w	fm2ntsl	u/dumb-stoopid	fsoyx5	S
2020-03-31 20:50:37.121537	u/gormystar	fm2nuf1	u/darkmagican01	fm1ye1g	C
2020-03-31 20:51:09.805848	u/wiscowarrior24	fm2nwfe	u/Rechenax	fm2k6ma	C
2020-03-31 20:51:16.662810	u/brooklyn-Nein-nien	fm2nwnz	u/Axolotlife	fm2lzcq	C
2020-03-31 20:51:28.883423	u/Tornadodex	fm2nx48	u/converter-bot	fm2ns5e	C
2020-03-31 20:52:53.344267	u/sublimeGH0ST	fm2o225	u/DetectiveMinh	fm2nq7l	C
2020-03-31 20:53:03.432644	u/just_a_redditor_	fm2o2vh	u/rriro	fm2d9ui	C
2020-03-31 20:53:41.338454	u/Iaxacs	fm2o5uu	u/Tornadodex	fm2o00d	C
2020-03-31 20:54:01.154520	u/diegovsky_pvp	fm2o6td	u/Toilet_Time_Material	fm2ndya	C
2020-03-31 20:54:03.478749	u/Amymoha	fm2o6uh	u/JOHNTHEBUN4	fm1g88y	C
2020-03-31 20:54:48.347214	u/Deathraidingtomb	fm2o92g	u/colbywankenobi0	fm2ndr7	C
2020-03-31 20:55:43.627431	u/Azzey28	fm2obvt	u/Peppa2	fm2nrg5	C
2020-03-31 20:55:47.415022	u/jawnlukepiccolo	fm2oc1u	u/disbandedhawk	fm2nke5	C
2020-03-31 20:55:49.321297	u/Azzey28	fm2oc86	u/Respect_Paying_Bot	fm2o0s7	C
2020-03-31 20:55:55.854220	u/MyPeepeeFeelsSilly	fm2oceh	u/AutoModerator	fm2mtms	C
2020-03-31 20:56:02.334760	u/b_a_b_y	fm2ocpm	u/xdMatthewbx	fm2nyhg	C
2020-03-31 20:56:21.707573	u/pastalarm568	fm2odyr	u/Zenti04	fm0mgob	C
2020-03-31 20:56:39.330363	u/liquid_shitz	fm2oero	u/think_lemons	fm0kdzl	C
2020-03-31 20:57:10.314969	u/doodicalisaacs	fm2oguw	u/Qurisssi	fm0sw77	C
2020-03-31 20:57:27.713673	u/sheks1234	fm2ohqu	u/Doom-Spidey	fm1uf4d	C
2020-03-31 20:58:20.412817	u/PabloAsHanzo	fm2okqu	u/RepostSleuthBot	fm2k8d1	C
2020-03-31 20:58:55.510757	u/Canal_Avity	fm2on7y	u/southernmomofboys	fm1sxgr	C
2020-03-31 20:58:59.770401	u/Spartan_28	fm2onuc	u/FoolsVoice	fm2ohpl	C
2020-03-31 20:59:35.956193	u/Cheeetos_and_Milk	fm2oqag	u/DBoltOnFire	fm1iuom	C
2020-03-31 20:59:39.725596	u/sonderoblivion	fm2oqmx	u/Reddituser8812	fm146px	C
2020-03-31 20:59:41.332386	u/bagelthebeagle0610	fm2oqre	u/gabrielm4	fm22oy2	C
2020-03-31 20:59:44.937213	u/Ruben_Edward	fm2or8f	u/Blueberry_Enby	fm1ojmp	C
