2020-03-28 13:00:41.046312	u/nc05	flr7i7d	u/FrogOfDreams	flq75ml	C
2020-03-28 13:00:43.450741	u/45726066	flr7i8h	u/fualtyzane	flr60el	C
2020-03-28 13:00:45.853708	u/TheRealBman03	flr7ia9	u/Black212222223222211	flr7g7u	C
2020-03-28 13:00:48.188134	u/JakePeralta09	flr7ibw	u/Centtrix	flr78mg	C
2020-03-28 13:01:01.462117	u/DustyOldFarts	flr7itl	u/Xploiter_RBLX	flr7hrt	C
2020-03-28 13:01:05.043180	u/hifi3xx	flr7iuv	u/BluRevealing	flr658z	C
2020-03-28 13:01:29.678892	u/FrobyJ	flr7jdg	u/AHHHHHHHHHH-hi	flr6mbc	C
2020-03-28 13:02:03.573080	u/Som_Tin_Wong	flr7jwi	u/Nochman04	flr1guh	C
2020-03-28 13:02:08.010758	u/MilwaakeePustaBandit	flr7jzx	u/damlazittin	flr7ix7	C
2020-03-28 13:02:17.259762	u/javap12	flr7kbf	u/GuineaPig2000	flr3a1n	C
2020-03-28 13:02:37.850230	u/ElOneElOnlyElZorro	flr7kvf	u/Xploiter_RBLX	flr7bsr	C
2020-03-28 13:02:54.942707	u/annoi2theworld	flr7llh	u/RedstoneMastah22	flpy1q4	C
2020-03-28 13:03:14.404397	u/yo229no	flr7m1t	u/CDXXD9	flqsalk	C
2020-03-28 13:03:44.822649	u/Turduck3ns	flr7n8t	u/NienieDreamer	flr06hc	C
2020-03-28 13:04:11.285449	u/Qelxiros	flr7o1t	u/kiIIcharge	flqxmew	C
2020-03-28 13:04:23.078161	u/_bAnOoNeRs_	flr7of1	u/shreddedcheese42069	flqsssm	C
2020-03-28 13:04:58.488909	u/Urdus	flr7pg6	u/a_dutch_boi	flr0bml	C
2020-03-28 13:05:14.065367	u/bigdanrog	flr7q75	u/theprimememeister	flpxowh	C
2020-03-28 13:05:28.051794	u/My_normal_Username	flr7qpn	u/WhatItzJake	fl78jl7	C
2020-03-28 13:05:40.139805	u/Nexon309	flr7qzg	u/damlazittin	flr7odq	C
2020-03-28 13:06:06.684261	u/I_am_called_bob	flr7rob	u/_-_Spectre_-_	flr3apr	C
2020-03-28 13:06:35.168401	u/VitalTrouble	flr7sgy	u/HaloArtificials	flqysds	C
2020-03-28 13:07:28.047274	u/vutuanlinh03	flr7ugx	u/ecchi_yajur	flr47z8	C
2020-03-28 13:07:32.215119	u/Icefox119	flr7ul1	u/Black1ist	flr25go	C
2020-03-28 13:07:48.291128	u/k_from_that_app	flr7vcn	u/S-n-u-f-f	flq3z5s	C
2020-03-28 13:07:59.132598	u/OmegaPh	flr7vna	u/Raghav_J_Sankar	flpzucl	C
2020-03-28 13:08:08.741107	u/Stianfut_RL	flr7vw8	u/RepostSleuthBot	flr7uei	C
2020-03-28 13:08:22.056034	u/Monster_Jerms	flr7wgt	u/Tyman2323	flr6tne	C
2020-03-28 13:08:34.767354	u/ThatOneAsswipe	flr7wu6	u/MAGIC_EYE_BOT	flr7adi	C
2020-03-28 13:09:11.273173	u/skrrrrrrrrrrrrtKing	flr7ydc	u/Justin_The_Fox2	flr7e1h	C
2020-03-28 13:09:15.634315	u/Spr09	flr7ylm	u/HaloArtificials	flqysds	C
2020-03-28 13:09:17.948711	u/DrunkDoughnut53	flr7yns	u/damlazittin	flr7knb	C
2020-03-28 13:09:23.749259	u/FlashyBishOk	flr7yuf	u/Clbull	fqillv	S
2020-03-28 13:09:26.771338	u/gwnTijn	flr7yzd	u/RepostSleuthBot	flr7xac	C
2020-03-28 13:09:28.440521	u/BigGreasyNuk	flr7z59	u/Justin_The_Fox2	flr7e1h	C
2020-03-28 13:09:41.444672	u/rick_boiz	flr7zvg	u/bigthinkmemes69	flr6e6b	C
2020-03-28 13:09:44.531177	u/ISurvived9Gag	flr802u	u/PhoenixPlayz_	flr7y18	C
2020-03-28 13:09:56.106116	u/SkyCombine	flr80mo	u/damlazittin	flr7mqf	C
2020-03-28 13:09:58.298904	u/HouseGraham	flr8197	u/TibbeOrdelman	flr7xw6	C
2020-03-28 13:10:21.866878	u/Carpe-Noctom	flr824x	u/damlazittin	flr81fr	C
2020-03-28 13:10:38.469700	u/Sam-Bennie	flr82l7	u/VangeeOP	flr7yrn	C
2020-03-28 13:11:17.593069	u/crx_babx	flr83te	u/Atom596	flr5ubn	C
2020-03-28 13:11:19.868483	u/psontake	flr83td	u/loopihamster	flr821a	C
2020-03-28 13:11:35.330231	u/_-Whale-_	flr8442	u/racerfree	flq1t8q	C
2020-03-28 13:11:51.682146	u/messi100barca	flr84vj	u/Skullrocks	flr5d6t	C
2020-03-28 13:12:14.634335	u/rick_loves_anime	flr85p9	u/Xploiter_RBLX	flr730v	C
2020-03-28 13:12:16.982240	u/Rattleshakes1	flr85pk	u/44G6	flqnf8k	C
2020-03-28 13:13:14.823625	u/Toasterman445	flr879y	u/casualgamer71	flr4nkv	C
2020-03-28 13:13:22.593387	u/goldcakes	flr87gl	u/GrannyLow	flqt46k	C
2020-03-28 13:13:45.234577	u/captasticTS	flr8851	u/WhoaTherePal	flqux3a	C
2020-03-28 13:13:55.473836	u/Mini_pp	flr88fo	u/Robertj1002	flr84zt	C
2020-03-28 13:14:20.871210	u/BardoEduardo	flr899u	u/AwesomePig278	flr2h0s	C
2020-03-28 13:14:24.997688	u/veggmech	flr89kg	u/fualtyzane	flr4hzt	C
2020-03-28 13:14:29.050772	u/GUNGUNM4N	flr89p8	u/ireallywanttogiveup	flq67ne	C
2020-03-28 13:14:37.695451	u/thekingofcanada01	flr8a7c	u/Woosley49	flob6jw	C
2020-03-28 13:14:53.035476	u/dritttoolegit	flr8arx	u/TibbeOrdelman	flr7xw6	C
2020-03-28 13:14:55.144319	u/SillyCookie358	flr8atl	u/damlazittin	flr83gy	C
2020-03-28 13:14:58.212634	u/purplecurtain16	flr8awn	u/ConThePc	flr0h9i	C
2020-03-28 13:15:03.550195	u/everydaynormalsteven	flr8b8q	u/hockey_boi124	flr0t21	C
2020-03-28 13:15:07.622087	u/sh3rl0ck_13	flr8bb0	u/oogaboogaNXS	flqwg5o	C
2020-03-28 13:15:12.722899	u/Vishtar	flr8bbs	u/TempleOfAlpaca	flr4xh9	C
2020-03-28 13:15:19.060889	u/bigsurdeg	flr8bk0	u/WE_FEE	flr7yii	C
2020-03-28 13:15:25.891563	u/ninetiesnostalgic	flr8bm1	u/isaacveenstra	flqsf4v	C
2020-03-28 13:15:30.307198	u/Justsomeguydontask	flr8bo5	u/mattoisacatto	flr1mir	C
2020-03-28 13:16:31.706158	u/Ricardo_-milos	flr8dyv	u/Mini_pp	flr88fo	C
2020-03-28 13:16:37.293075	u/animemes537	flr8e2l	u/Animeking1108	flr87b1	C
2020-03-28 13:16:41.532950	u/sum_random_boi_lmao	flr8e5f	u/TRoastedPotato	flr8ckx	C
2020-03-28 13:16:46.565061	u/cernobyl999	flr8eag	u/44G6	flqnf8k	C
2020-03-28 13:16:57.040965	u/redditiscoolwow	flr8esf	u/44G6	flqnf8k	C
2020-03-28 13:17:19.847709	u/duddy33	flr8fn2	u/Devotionexe	flr4b3s	C
2020-03-28 13:17:34.861728	u/Wired_In_Blood	flr8g6o	u/shellypancake	flo5fwc	C
2020-03-28 13:18:38.386726	u/elijahspartan	flr8iot	u/MaximaBlink	flr87vf	C
2020-03-28 13:18:52.228732	u/CringeVot	flr8jkl	u/Fluffball_	flnoxs3	C
2020-03-28 13:18:54.395327	u/AashishandSingh	flr8jmy	u/hueLUVitz1757	flqvx3a	C
2020-03-28 13:18:57.240376	u/AirConditoner	flr8js8	u/D13XD	flr5yk7	C
2020-03-28 13:19:07.386559	u/jgreen512	flr8kcf	u/Tyran_Cometh	flqmfgu	C
2020-03-28 13:19:14.883287	u/Anakn-Skywalker	flr8l8k	u/oogaboogaNXS	flqwg5o	C
2020-03-28 13:19:34.217924	u/Roomiermeat331	flr8m27	u/Jomesfonso	flqz6i0	C
2020-03-28 13:19:56.388592	u/GiGi_IggY	flr8oat	u/44G6	flqnf8k	C
2020-03-28 13:20:05.482318	u/arisfren	flr8owa	u/hyperiooon	flr7h9w	C
2020-03-28 13:20:14.943401	u/squishypoo91	flr8paf	u/justwalkinby91	flr6hy7	C
2020-03-28 13:21:11.116384	u/Aquamelon99	flr8rhz	u/TheNamBurger	flr13mi	C
2020-03-28 13:21:28.194206	u/LucasPlay171	flr8rvp	u/Yeettheinfants	flqtu1p	C
2020-03-28 13:21:32.996619	u/isabella2435	flr8s1r	u/Justin_The_Fox2	flr7mjm	C
2020-03-28 13:21:55.089408	u/TheRetardN00B	flr8sl6	u/iolanthe7shoes	flr8r68	C
2020-03-28 13:21:57.312706	u/Beemovieisgood	flr8sp6	u/Dragonballfan1234	flr7w58	C
2020-03-28 13:22:43.212213	u/SteamPUNK77	flr8ugq	u/iiCheatr	flr6uq9	C
2020-03-28 13:22:54.361882	u/pearson576	flr8uoc	u/AutoModerator	flr8ejj	C
2020-03-28 13:23:23.397266	u/jshkm	flra7q8	u/fualtyzane	flr0z2c	C
2020-03-28 13:23:57.152590	u/Far2Cold	flra91y	u/ConfusedLittleChild	flqwf84	C
2020-03-28 13:24:12.080581	u/really_the_dream	flra9lh	u/MaatRolo	flqi1e9	C
2020-03-28 13:24:59.131855	u/vixusofskyrim	flraaxm	u/Nub_Master5409	flr12z1	C
2020-03-28 13:25:26.563915	u/LilSquigga	flracc2	u/Patrick_Bot2	flr6dn6	C
2020-03-28 13:25:39.232123	u/tan_1512	flracx9	u/Xploiter_RBLX	flra4yz	C
2020-03-28 13:26:02.228496	u/insert-name696969	flradnu	u/NoPostsHowMuchKarma	flr1o4m	C
2020-03-28 13:26:08.134553	u/lummoboi	flradw6	u/AspireBreak	flr6fgk	C
2020-03-28 13:26:24.857739	u/onlyherefor50_50	flraejp	u/TheSaltyReddittor	flr5nu3	C
2020-03-28 13:26:37.375961	u/DrFroehlich	flraexq	u/44G6	flqlrok	C
2020-03-28 13:26:45.794012	u/Idiotology101	flrafan	u/jack-K-	flqwoep	C
2020-03-28 13:26:54.293676	u/Fforluxembourg	flrafl6	u/WonderHollow	flqtq39	C
2020-03-28 13:27:04.276604	u/Chowderman36	flrafu4	u/vkuura	flr9i68	C
2020-03-28 13:27:06.061741	u/idontcarebleepblop	flrafvn	u/Pizzaboy90	flr36y4	C
2020-03-28 13:27:11.997780	u/LuquidThunderPlus	flrag8o	u/Manzar534	flqk0d5	C
2020-03-28 13:27:22.797828	u/HemaMemes	flragla	u/Justin_The_Fox2	flr7e1h	C
2020-03-28 13:27:59.851201	u/Hostelgado	flraim1	u/LilSquigga	flracc2	C
2020-03-28 13:28:06.072943	u/Pepedarealone	flrainl	u/defohuman	flr7yne	C
2020-03-28 13:28:09.099130	u/JackAnimatesRBLX	flraitp	u/GravityFallsChicken	flr41l9	C
2020-03-28 13:28:35.128336	u/Nijajjuiy88	flrajzp	u/Plichso	flrahx3	C
2020-03-28 13:28:51.449929	u/PinkRanger2341	flrakkn	u/oogaboogaNXS	flqwg5o	C
2020-03-28 13:28:59.804454	u/xXNUTella69Xx	flrakub	u/Thehan2004	flra8zt	C
2020-03-28 13:29:03.055659	u/KosmicFoX	flrakzm	u/44G6	flqnf8k	C
2020-03-28 13:29:08.255372	u/LumpyNoodler	flral7o	u/TheUpsideDownTaco	flqzp0f	C
2020-03-28 13:29:45.431059	u/ForBetterorWhorse	flrao0z	u/Sergeant555	flr2h60	C
2020-03-28 13:29:54.004664	u/TaylorC5_	flraorp	u/theswagdodo11	flr9fmz	C
2020-03-28 13:30:39.494001	u/JustJola	flraq8e	u/ZEPHlROS	flr0sdg	C
2020-03-28 13:31:16.114809	u/OverseerOfAllBacon	flrarxj	u/CurfBoi	flrar3m	C
2020-03-28 13:31:27.792683	u/JustTheOtherAsian	flras5h	u/DangerousHeadhunter	flr5d8u	C
2020-03-28 13:31:45.883910	u/Dethgum	flraspk	u/44G6	flqnf8k	C
2020-03-28 13:32:16.326998	u/gluestick20	flratn9	u/ninogordo88	flqvulb	C
2020-03-28 13:32:47.220563	u/shotiii69	flrauea	u/AutoModerator	flqiafq	C
2020-03-28 13:33:52.479765	u/GravityBringer	flrawdq	u/Butterflugan	flr0ja7	C
2020-03-28 13:34:17.005310	u/HarishyQuichey	flrawye	u/44G6	flqnf8k	C
2020-03-28 13:34:30.497422	u/DerpyCappy64	flrax8c	u/AutoModerator	flqszl2	C
2020-03-28 13:34:33.827331	u/nickbh15	flrax9w	u/randians_ka_baap	flradfe	C
2020-03-28 13:34:58.213849	u/practice_spelling	flray5t	u/tan_1512	flra2lf	C
2020-03-28 13:35:14.066440	u/MrWheebie	flrayog	u/MAGIC_EYE_BOT	flraxd7	C
2020-03-28 13:35:44.340799	u/PA1GR	flrazoj	u/DeleteAnimeDeusVult	flrauht	C
2020-03-28 13:35:53.206158	u/Sai_Srikar	flrb04j	u/fualtyzane	flr0ttk	C
2020-03-28 13:35:55.092011	u/_CD1st	flrb05r	u/Mrmimickyu	flraalo	C
2020-03-28 13:36:15.139047	u/khs2005	flrb0zp	u/Atom596	flr5ubn	C
2020-03-28 13:36:20.740693	u/Tkong26	flrb18w	u/TickleDuckFeathers	flql6zs	C
2020-03-28 13:36:38.515724	u/Soupyboi-	flrb1qt	u/44G6	flqnf8k	C
2020-03-28 13:36:40.293722	u/Quiccky_	flrb1ty	u/tjac06	flpxgcy	C
2020-03-28 13:36:44.317315	u/Doopshooponaloop	flrb1zx	u/kiIIcharge	flqxzsn	C
2020-03-28 13:36:54.531898	u/sanderVS199	flrb2az	u/BluRevealing	flr5fi3	C
2020-03-28 13:37:11.120632	u/Rozycka123	flrb37n	u/parrylover69	flr4kwd	C
2020-03-28 13:37:31.981630	u/chloe_n98	flrb3wb	u/Notchle	flr8cgj	C
2020-03-28 13:37:33.573232	u/trickshot134	flrb41e	u/VerySmolRettiter	flqgd7s	C
2020-03-28 13:37:35.915613	u/Tanktatu	flrb44c	u/igorciak	flraw4m	C
2020-03-28 13:37:37.522714	u/suicidelemur	flrb44s	u/rick_boiz	flr963d	C
2020-03-28 13:37:43.596634	u/jcfoxtrot	flrb4hy	u/Toasterman445	flr879y	C
2020-03-28 13:37:55.831855	u/broxly09	flrb4vr	u/Sergeant555	flrappu	C
2020-03-28 13:37:57.321995	u/Kim_francis	flrb4x4	u/Tyran_Cometh	flqmfgu	C
2020-03-28 13:38:02.407918	u/cailcc	flrb56x	u/Virabyte	flqqi9z	C
2020-03-28 13:38:03.855117	u/El_Queso2	flrb593	u/_n1ghtfury_	flr2to3	C
2020-03-28 13:38:06.228253	u/forcefeildgaming	flrb5dj	u/jacobsredditusername	flr7jcs	C
2020-03-28 13:38:19.698934	u/GreatRedCatTheThird	flrb64o	u/sieg-the-frenchie	flr4pj5	C
2020-03-28 13:38:34.844729	u/MrBrianregan	flrb6m3	u/Xploiter_RBLX	fl7fjqv	C
2020-03-28 13:39:30.952576	u/Random-Swedish	flrb8sg	u/datfurrylemon	flqzazr	C
2020-03-28 13:39:41.665005	u/MrBIuee	flrb9ml	u/CameronIsNotAJew	flratl6	C
2020-03-28 13:39:43.768010	u/SomeAnimeNiBBa	flrb9ri	u/UnknownCPYT	flrb29m	C
2020-03-28 13:39:52.052856	u/Aequitas2116	flrba2g	u/Denpants	flq98ya	C
2020-03-28 13:39:54.920274	u/UnderscoreKer	flrba47	u/guy_on_reddit04	flraeaq	C
2020-03-28 13:40:37.932562	u/Dersatar	flrbbst	u/Emperor_O_Memes	flr8heb	C
2020-03-28 13:40:40.218238	u/WILLSMITHISBEST	flrbbt1	u/tottalynotameme	flqlauq	C
2020-03-28 13:40:43.731526	u/Arthurseo	flrbbv5	u/elijahspartan	flr62vh	C
2020-03-28 13:40:47.300892	u/xeyril	flrbc2i	u/CensoredColour	flqu56a	C
2020-03-28 13:40:57.748483	u/sex_wit_a_massive_pp	flrbcf0	u/goodcapt	flraw3c	C
2020-03-28 13:41:06.377245	u/Dembzi	flrbcwf	u/TheKidWhoLikesToFix	flqwyo6	C
2020-03-28 13:41:14.764130	u/K3R3G3	flrbd0d	u/AK24ROCKS	flqrrnm	C
2020-03-28 13:41:20.769921	u/fluffiekittie13	flrbd5x	u/fualtyzane	floopu3	C
2020-03-28 13:41:30.155420	u/LilTange	flrbdfx	u/fualtyzane	flpnlzc	C
2020-03-28 13:41:32.388456	u/Leawithanacuteaccent	flrbdh2	u/Shamic	flr1mfw	C
2020-03-28 13:41:41.095435	u/space-pandas	flrbdr0	u/TimeRockOrchestra	flranow	C
2020-03-28 13:42:48.278705	u/Thug-be-egging	flrbg6d	u/Donghoon	flr62vm	C
2020-03-28 13:43:35.887039	u/TheDongBong	flrbhx9	u/dima_bljat_suka	flqv67d	C
2020-03-28 13:43:42.760688	u/testdex	flrbi0v	u/cat_on_crack_	flr6aju	C
2020-03-28 13:44:12.833814	u/Cargold22	flrbjfl	u/igorciak	flraf3a	C
2020-03-28 13:44:17.639856	u/onelaziboi	flrbjja	u/BallSlap1920	flqtdlj	C
2020-03-28 13:44:38.709364	u/SAMwiseGAMgee808	flrbk62	u/HenryIsaBeast42	flrbgtb	C
2020-03-28 13:45:01.908642	u/electricpant	flrbkuw	u/That_OneWhiteDude	fl7yrgh	C
2020-03-28 13:45:31.895603	u/cdort1	flrblvk	u/JasperVov	flr1qh4	C
2020-03-28 13:45:38.468869	u/Kgbforlife	flrbm9j	u/racerfree	flrbh0n	C
2020-03-28 13:45:52.912558	u/Im-definately-human	flrbn0k	u/TRoastedPotato	flrb1wn	C
2020-03-28 13:45:57.199711	u/PhoenixLord5677	flrbn3f	u/TheUnknownRange	fqcnao	S
2020-03-28 13:45:59.972634	u/SoggyPineapple17	flrbn4b	u/SumMagnus29	flr8ygo	C
2020-03-28 13:46:15.288550	u/1MooseontheMoon	flrbno5	u/LittleMan1826	flqn03c	C
2020-03-28 13:46:18.101396	u/Kraddy96	flrbnom	u/Centtrix	flr7gs5	C
2020-03-28 13:46:53.093056	u/Crazed_Chomper	flrbops	u/GoAvsGo17	flr7vg2	C
2020-03-28 13:47:09.587289	u/fireslate	flrbpcd	u/The_night_camel	flr1hxw	C
2020-03-28 13:47:11.239683	u/FightmeFighter	flrbpcw	u/adampo107	flrao6m	C
2020-03-28 13:47:13.735263	u/spiderfan1998	flrbpkf	u/astrocat109	flr3mpz	C
2020-03-28 13:47:15.537239	u/aaxyat	flrbplb	u/sex_wit_a_massive_pp	flrbcf0	C
2020-03-28 13:47:39.911001	u/Georg2020	flrbqtw	u/mheurtevent1	flqw1xr	C
2020-03-28 13:47:59.213803	u/tinygrowsa	flrbrpt	u/cailcc	flrbk77	C
2020-03-28 13:48:17.639712	u/meowmere12	flrbss6	u/RepostSleuthBot	flrb0qr	C
2020-03-28 13:48:40.693420	u/Younesnake	flrbu5e	u/lilbarbque	flrbqpk	C
2020-03-28 13:48:54.674862	u/Pointbreak__	flrbuxt	u/datguytho4321	flr8zhy	C
2020-03-28 13:49:09.352146	u/Piggywink	flrbvy4	u/RepostSleuthBot	flrbo2t	C
2020-03-28 13:49:12.174423	u/finnboy22	flrbw0b	u/tinygrowsa	flrbrpt	C
2020-03-28 13:49:18.026622	u/TurboJake	flrbw9k	u/I_Am_Hacob	flr3mg4	C
2020-03-28 13:49:48.830568	u/Braanta	flrbz7u	u/Centtrix	flr7gs5	C
2020-03-28 13:50:09.933145	u/XxFordStxX	flrc0d7	u/AutoModerator	flqm1wq	C
2020-03-28 13:50:22.536224	u/GhettoBeiber	flrc0si	u/Soldierman2020	flrbso3	C
2020-03-28 13:50:33.187987	u/Luismonti	flrc119	u/Petelammons	flr3dja	C
2020-03-28 13:51:07.035964	u/BiggBill7	flrc1o7	u/fualtyzane	flrbyce	C
2020-03-28 13:51:19.843401	u/The_butsmuts	flrc21v	u/MasterMysticism	flqswt2	C
2020-03-28 13:51:36.130679	u/emalina	flrc2dl	u/AutoModerator	flomwsb	C
2020-03-28 13:52:02.953126	u/MrHutches	flrc35m	u/owen_stha	fqi6lc	S
2020-03-28 13:52:15.866502	u/Demraude	flrc3ic	u/Emperor_O_Memes	flrbz7o	C
2020-03-28 13:52:18.108577	u/ThatWalrusMan	flrc3im	u/Pointbreak__	flrbuxt	C
2020-03-28 13:52:24.390490	u/witteke45	flrc3xw	u/Apple-Trump	flpgf01	C
2020-03-28 13:53:39.621568	u/Soviet_Russia521	flrc7gj	u/Manzar534	flr6cw9	C
2020-03-28 13:53:57.327048	u/Beautiful-Musk-Ox	flrc817	u/Idiotology101	flraj1s	C
2020-03-28 13:54:00.454178	u/maxiimus1	flrc84e	u/Kim-Jong-Long-Dong	flr5e2q	C
2020-03-28 13:54:16.040509	u/Ryykur	flrc8so	u/Mr__Sad	flqlp40	C
2020-03-28 13:54:45.012635	u/VauMona	flrc9pl	u/sagebuck04	flr4hz6	C
2020-03-28 13:54:48.123133	u/crazy_boy8774	flrc9xz	u/Piggywink	flrc6a8	C
2020-03-28 13:55:25.049728	u/CrappyRedditGuy	flrcb7c	u/StoicLaugh	flr44g8	C
2020-03-28 13:55:33.434718	u/deus_vult_u_infidel	flrcbt7	u/Cottoncandyskiesthrw	flrc6vx	C
2020-03-28 13:55:41.664923	u/Mike-Wazovski-69	flrccg6	u/Quarantinememes	flr7lcs	C
2020-03-28 13:56:27.051685	u/ham-dragon	flrceek	u/ConfusedLittleChild	flqwf84	C
2020-03-28 13:56:42.543744	u/TherealDS811	flrcf0f	u/flwrs__	flqmbf5	C
2020-03-28 13:56:49.037249	u/megaruuuuu	flrcf3u	u/bananbat	flq3a7g	C
2020-03-28 13:56:50.874390	u/sillysideofthecorn	flrcf49	u/Firenado_Gaming	flr41fn	C
2020-03-28 13:56:56.355874	u/peterm138	flrcfbe	u/WonderHollow	fiu8cf3	C
2020-03-28 13:57:18.796785	u/Shree1999	flrcgla	u/jdawgyeeeet	flr73ws	C
2020-03-28 13:57:23.379477	u/what_are_maymays	flrcgxh	u/Lockenhart	flqyolv	C
2020-03-28 13:57:39.922733	u/zack_x4	flrchi7	u/boogiepop1011	flrbty9	C
2020-03-28 13:57:45.145815	u/Killerqu00	flrchrg	u/LWIAY100	flrc77k	C
2020-03-28 13:57:53.399043	u/Krohn0708	flrdu2p	u/Lord_Umpanz	flrdl7t	C
2020-03-28 13:58:00.820818	u/olimon118	flrdulb	u/hey-not-gay-am-dad	flrd8oi	C
2020-03-28 13:58:04.603368	u/ERMOON-Carlson	flrdupl	u/Asil001	flrdpek	C
2020-03-28 13:58:16.486172	u/SadThermometer	flrdvop	u/ItsMinjaMike	flrdie5	C
2020-03-28 13:58:24.103147	u/exerlion	flrdw9u	u/deus_vult_u_infidel	flrdazu	C
2020-03-28 13:58:26.387328	u/sneakatone	flrdwcd	u/idontcarebleepblop	flrafvn	C
2020-03-28 13:58:28.645366	u/victor_9	flrdwfo	u/MarleyMcGnarley	flqconq	C
2020-03-28 13:58:33.007941	u/repostbotv2	flrdwm9	u/_n1ghtfury_	flr2to3	C
2020-03-28 13:58:34.457974	u/klequix	flrdwmu	u/AutoModerator	flqm1wq	C
2020-03-28 13:58:36.658284	u/Nayquaza69	flrdwrx	u/Last_Crew	flrdsnz	C
2020-03-28 13:58:39.477871	u/Embodiment-Of-Memes	flrdwu5	u/Curious_Winter	flrdg5q	C
2020-03-28 13:59:26.496814	u/Bruisley73	flrdzdo	u/sneakatone	flrdwcd	C
2020-03-28 13:59:27.571632	u/Scoliath	flrdzew	u/fualtyzane	flr346g	C
2020-03-28 13:59:42.219477	u/raposo142857	flre0km	u/Faintfuzz	flrdwg8	C
2020-03-28 13:59:51.480396	u/TheCopy_Cat	flre1z0	u/Long_Giraffe69	flrbw5t	C
2020-03-28 13:59:56.041220	u/AnonTogo	flre2lb	u/IncompleteHandjob	flrdztz	C
