2020-04-14 20:01:27.416725	u/mmj50	fnfhxup	u/korroth	fne0cdk	C
2020-04-14 20:02:08.213832	u/Swaynee2	fnfhz8w	u/Swaynee	fnffer1	C
2020-04-14 20:02:33.729074	u/mrbean1717	fnfhzvk	u/MLG_Hyperkitten	fnfhi9e	C
2020-04-14 20:03:11.173859	u/Dojo456	fnfi0hm	u/KaramTNC	fnfh5ha	C
2020-04-14 20:03:32.016282	u/amotherofadingo	fnfi13h	u/WeenieHuttGod2	fnexh9y	C
2020-04-14 20:03:39.175184	u/R_rest_T	fnfi1ba	u/Danslive	fnf9qcx	C
2020-04-14 20:03:42.318159	u/Golden_Chicken_Nuget	fnfi1b6	u/Nameless_Individual	fnf1nxm	C
2020-04-14 20:04:01.223259	u/mrbean1717	fnfi1z1	u/MLG_Hyperkitten	fnfi10p	C
2020-04-14 20:04:03.388457	u/Leviathan2180	fnfi1zu	u/RepostSleuthBot	fnf0ddo	C
2020-04-14 20:04:45.506075	u/chrisdabaker	fnfi3ip	u/rainbow227kitty	fnfee8f	C
2020-04-14 20:04:49.483206	u/HailThePotatoes	fnfi3nr	u/EndaO1R	fnei6cj	C
2020-04-14 20:05:25.167572	u/tattoo_so_spensive	fnfi4xq	u/Waixxr	fnexzkv	C
2020-04-14 20:05:54.134701	u/ackermanacks	fnfi632	u/big-fat-fart	fnfhvof	C
2020-04-14 20:06:20.046051	u/crocwithaglockthrow	fnfi757	u/Justsk8n	fncuu4h	C
2020-04-14 20:06:48.034969	u/Le-Monke420	fnfi8bj	u/Connor0319	fnf662p	C
2020-04-14 20:07:25.389066	u/Neil3380	fnfi9xy	u/scientia_analytica	fnexulg	C
2020-04-14 20:07:46.283546	u/regionrat03	fnfiaif	u/MagicalUnicorn673	fnf061k	C
2020-04-14 20:08:30.632578	u/FBIHasArrived	fnficdp	u/TidalFront	fnfewvd	C
2020-04-14 20:08:54.592671	u/DefinetlyNotAnIdiot	fnfidcj	u/realamazingpieop	fnf2h10	C
2020-04-14 20:08:55.971241	u/kimcapitalg	fnfidgh	u/Barshan123	fnfh7k9	C
2020-04-14 20:09:06.609063	u/eugene_steelflex	fnfidxm	u/pitt0518	fnfi4kl	C
2020-04-14 20:09:51.622727	u/Witty-Pitty	fnfigzu	u/HollyDown	fnf97ij	C
2020-04-14 20:09:55.120899	u/BabylonianBazooka	fnfiher	u/thatisaginger	fnfhy7x	C
2020-04-14 20:09:57.641995	u/ironman30984563	fnfihmf	u/DialeKT757	fndni3g	C
2020-04-14 20:10:16.157795	u/Kidinmiddleschool	fnfiihu	u/MrSaucyLamp	fnfeijg	C
2020-04-14 20:10:51.936339	u/Deku_Kundan	fnfijk3	u/Snoopia	fnfhq9r	C
2020-04-14 20:11:03.815307	u/EatAMattress	fnfijxu	u/maxxyasgur	g1clnp	S
2020-04-14 20:11:36.888352	u/Deku_Kundan	fnfikve	u/Sir-Memebottom	fnfen5b	C
2020-04-14 20:11:59.868411	u/ALM0NSTER08	fnfil6f	u/Barshan123	fnfh7k9	C
2020-04-14 20:12:04.330333	u/bruins4life85	fnfil71	u/darrellmarch	fnert8a	C
2020-04-14 20:12:18.091924	u/pheonixarts	fnfilrz	u/MrPresidentBanana	fnfhys8	C
2020-04-14 20:12:33.151710	u/Maxers13101	fnfim6p	u/representmcforyouth	fnf7dcr	C
2020-04-14 20:12:43.390325	u/milu0330	fnfimft	u/DarkArrowNew52	fnfh1s4	C
2020-04-14 20:12:50.122941	u/7Ceys	fnfimh9	u/gatoALFA15	g1gag9	S
2020-04-14 20:12:58.583038	u/axdxnco	fnfimpj	u/Muggy1212	fnfh5d1	C
2020-04-14 20:13:04.202584	u/Zeykox	fnfimui	u/zebbojojozebbo	fnejwkn	C
2020-04-14 20:13:08.394123	u/DelinqPsych	fnfin0l	u/csteele33	fnfgsnt	C
2020-04-14 20:14:49.422035	u/Myusuki	fnfipy5	u/Revaza	fnf8lls	C
2020-04-14 20:15:13.651673	u/keeshlife	fnfiqxn	u/Epic_Overload	fnez3gb	C
2020-04-14 20:15:39.508367	u/Redshadow_11	fnfirxu	u/Amusing_Diction	fnfi8eh	C
2020-04-14 20:15:46.400127	u/ShootEmSilly	fnfis9m	u/darrellmarch	fnert8a	C
2020-04-14 20:15:55.298314	u/flipkaleo	fnfisrp	u/CorbinMar	fnfa0ax	C
2020-04-14 20:15:59.368158	u/DaWeed420MLG	fnfisvw	u/Bruh_Bot_	fnfhzap	C
2020-04-14 20:16:48.483745	u/SlurpeeKing123	fnfiv9b	u/dogzarehhmanz	fnfik4x	C
2020-04-14 20:17:16.006621	u/RancidLoaf27	fnfivxd	u/aphrim1	fnfhtr8	C
2020-04-14 20:17:20.051457	u/SH_Films	fnfiw1y	u/Brummelhummel	fnfhd5n	C
2020-04-14 20:17:26.037022	u/toddytoad	fnfiwby	u/Darkphionex235	fnfhfs0	C
2020-04-14 20:17:44.561143	u/41ia2	fnfix1r	u/Mr_oof1010	fnf3l1b	C
2020-04-14 20:17:57.279691	u/TheAlchemist-404	fnfixb8	u/BeeMill_	fnevfb2	C
2020-04-14 20:18:06.971121	u/AHdideverythingwrong	fnfixoi	u/YoHomie99	fnfhpsp	C
2020-04-14 20:19:29.959584	u/ItsUrMomMan	fnfkkmk	u/AnnieDoesntLovesYou	fnfkfav	C
2020-04-14 20:19:31.451818	u/Master_JBT	fnfkkmy	u/Ice-Juice1	fnfkben	C
2020-04-14 20:19:32.550446	u/SerpentDeity	fnfkkno	u/YoHomie99	fnfkjgo	C
2020-04-14 20:19:41.089059	u/skinnylegend1894	fnfkl1l	u/maxwfk	fnbrc69	C
2020-04-14 20:19:59.744067	u/Aesthetic-Lous	fnfkn4l	u/GameIsMyName12	fnfjj2x	C
2020-04-14 20:20:41.963240	u/radnovaxwavez	fnfkox0	u/it-be-red	fnfhk7y	C
2020-04-14 20:20:47.555333	u/generallyihavenoidea	fnfkp2f	u/potters_heir	fneyr5b	C
2020-04-14 20:20:53.536934	u/Jth0rn	fnfkpbd	u/darrellmarch	fnfjbzj	C
2020-04-14 20:20:56.830431	u/NicholasReggie	fnfkpc9	u/Aspen_Alabaster	fneb6bj	C
2020-04-14 20:21:24.355571	u/Greatius	fnfkq1x	u/craqueball	fncdrpk	C
2020-04-14 20:21:27.807085	u/givesomebagelsplz	fnfkq2c	u/Aesthetic-Lous	fnfkn4l	C
2020-04-14 20:21:44.150053	u/MonocleGentleman	fnfkqcl	u/Bruh_Bot_	fnfghfo	C
2020-04-14 20:21:52.969985	u/About40Chairs	fnfkqme	u/TidalFront	fnfikgp	C
2020-04-14 20:22:26.639157	u/jakooby	fnfkrwc	u/Aspen_Alabaster	fneb6bj	C
2020-04-14 20:22:56.616350	u/Veleeho	fnfkt3n	u/MemezLIB	fnfeex5	C
2020-04-14 20:23:03.271983	u/sTaTicSoup510	fnfktew	u/ButterSpreads	fnfkpwo	C
2020-04-14 20:24:31.012276	u/Daboss__	fnfkxng	u/3_DX	fnfjmoi	C
2020-04-14 20:24:37.771575	u/Dandollo2	fnfkyc2	u/Sim0n5	fnfbpzi	C
2020-04-14 20:24:45.037604	u/MrTHEPug	fnfkyli	u/luke_goose	fnfk9a4	C
2020-04-14 20:26:18.356302	u/driehvs	fnfl2pe	u/cessactdm	fnfk0ku	C
2020-04-14 20:26:31.664123	u/Tommy_Wisseau_burner	fnfl3hk	u/reddituser46290	fnen5ld	C
2020-04-14 20:26:37.753695	u/Lordo5432	fnfl3tm	u/Reddituser9003	fndakg3	C
2020-04-14 20:27:21.747729	u/CoolManGamingTan	fnfl6o9	u/Cdumi49	fnel5y1	C
2020-04-14 20:27:36.372435	u/Deadly-KO	fnfl6ys	u/mohaee	fneqa8a	C
2020-04-14 20:27:54.743696	u/SNAFU8675	fnfl7h9	u/Napalm_B	fnf8b9a	C
2020-04-14 20:28:12.680496	u/ThEChaS3	fnfl8lt	u/Glitch367	fnfl7fe	C
2020-04-14 20:28:19.488146	u/heyitsbilal	fnfl8vg	u/locoyou20000	fnfl77i	C
2020-04-14 20:28:52.128511	u/camobob123	fnfla7q	u/Epictendope	fnfklbv	C
2020-04-14 20:29:01.151836	u/RandomCuck64	fnflas0	u/StoryMaking_Bitch	fne4425	C
2020-04-14 20:29:02.529977	u/ydnahob	fnflayu	u/kanjijiji	fnfl66m	C
2020-04-14 20:29:06.030379	u/jdudley222	fnflb3v	u/UltraNice69420	fnfb73f	C
2020-04-14 20:29:14.683142	u/DerpyFlareon	fnflbph	u/probably-an-asshole-	fne4xh7	C
2020-04-14 20:29:18.728737	u/ed-bethel	fnflbwe	u/Deathbysnusnubooboo	fnerc71	C
2020-04-14 20:29:59.216749	u/TheBitcoinMiner	fnflecj	u/Prestigious-Falcon	fnevck3	C
2020-04-14 20:31:22.991324	u/buzzme69420	fnflhir	u/Thotslayer280	fnfda9e	C
2020-04-14 20:31:52.867899	u/SGCarnage	fnfli9c	u/fredrigozxs	fnfcoy7	C
2020-04-14 20:32:07.914709	u/enchiladeas87	fnflijb	u/bigdaddy66669420	fnfjbkn	C
2020-04-14 20:33:14.377263	u/BotchyJewel4344	fnfll9a	u/F_A_T_H_O_M	fnfljj5	C
2020-04-14 20:33:26.681040	u/-Dutch_Van_Derlinde-	fnfllfo	u/Bruh_Bot_	fnfjr8y	C
2020-04-14 20:34:32.993557	u/EmbarrassedGiraffe8	fnflmxm	u/cessactdm	fnfkzh8	C
2020-04-14 20:34:36.224140	u/DOJITZ2DOJITZ	fnfln5p	u/Napalm_B	fnf8b9a	C
2020-04-14 20:35:03.426032	u/nichecoverband	fnfloaf	u/Joth91	fnf08be	C
2020-04-14 20:35:08.169772	u/UndeFR	fnflof0	u/Lazaro22	fnfjmdp	C
2020-04-14 20:35:26.432819	u/garageofevil	fnfloo7	u/kingferret53	fnfke3e	C
2020-04-14 20:35:53.843505	u/lilgumpboi	fnflpnc	u/CB2231	fnfh4sl	C
2020-04-14 20:36:34.573599	u/rough_rider7	fnflr4o	u/Haxuppdee-85	fmb650r	C
2020-04-14 20:37:04.790394	u/ToiletSkittle	fnfls7h	u/Shiromi_Torayoshi	fnflqyr	C
2020-04-14 20:37:16.729437	u/AtomicFettuccine	fnflszd	u/Andrei-O	fnevxal	C
2020-04-14 20:37:20.066150	u/BlissedIgnorance	fnflt5q	u/AvariceRu	fnfianp	C
2020-04-14 20:37:51.153658	u/SlothsAreCommunists	fnfluhd	u/LysolWipesFreshLemon	fnflp5k	C
2020-04-14 20:37:53.400164	u/AntDao	fnfluom	u/ShadowMenace456	fnfdvfw	C
2020-04-14 20:38:07.535462	u/RusT_Legion	fnflven	u/cats_are_cool_2	fnflu9a	C
2020-04-14 20:38:13.163435	u/geoffp82	fnflvm4	u/Sax_N_IceCream	fnfk3ii	C
2020-04-14 20:38:20.235018	u/mjta01	fnflvxa	u/Brummelhummel	fnfgwy1	C
2020-04-14 20:38:39.084451	u/Randilion8	fnflx00	u/made-in-usa-	fnbuioa	C
2020-04-14 20:38:45.330560	u/R3kterAlex	fnflxa4	u/MrNarfal	fnfki50	C
2020-04-14 20:38:53.138533	u/tarthwell	fnflxwv	u/Triggerhappy629	fnfimg6	C
2020-04-14 20:39:01.491918	u/charles_win	fnflyg9	u/gatoALFA15	g1f0kq	S
2020-04-14 20:39:04.968151	u/Shit_Lord_Detective	fnflyst	u/ed-bethel	fnflbwe	C
2020-04-14 20:39:08.440079	u/AdmiralReeves	fnflyyw	u/MLG_Hyperkitten	fnfi5br	C
2020-04-14 20:39:27.556926	u/cocoheroes	fnfm01q	u/nichecoverband	fnflrx2	C
2020-04-14 20:39:41.135058	u/Chrisseffery	fnfm0yp	u/cessactdm	fnfkzh8	C
2020-04-14 20:40:07.961579	u/DIDDY_COSMICKING	fnfm3st	u/Lazaro22	fnfjmdp	C
2020-04-14 20:40:22.776302	u/Neldoret	fnfm44n	u/tarthwell	fnflxwv	C
2020-04-14 20:41:03.428331	u/senohara	fnfm5sm	u/ru-meme	fnflc17	C
2020-04-14 20:41:50.422671	u/xXxOsiris	fnfm70u	u/Nacho_2014	fneezbj	C
2020-04-14 20:42:08.786582	u/karlo895	fnfm7yg	u/BenjiOOPS	fnf9xq3	C
2020-04-14 20:42:50.827107	u/NightmareUwU	fnfm9rs	u/ItsTrueIDo	fnfaa60	C
2020-04-14 20:42:57.085232	u/Endmo1	fnfm9uy	u/AnnieDoesntLovesYou	fnfko3g	C
2020-04-14 20:43:06.117406	u/Isumairu1	fnfma1o	u/racoondawg	fnflztr	C
2020-04-14 20:43:09.259509	u/TheKingsOfTNT	fnfma4s	u/dashadowmaster69420	fnf6csk	C
2020-04-14 20:43:18.373022	u/Therealbigchungas	fnfmaed	u/XDrone160	fnea4xz	C
2020-04-14 20:43:39.461066	u/meltedsheetmetal	fnfmb3p	u/SerpentDeity	fnfjh3c	C
2020-04-14 20:43:55.713251	u/yvngcommiecrusher	fnfmbek	u/evanc1411	fnfjid2	C
2020-04-14 20:44:09.096269	u/Yung_Alex1	fnfmbp3	u/AoRozu	fnfm67d	C
2020-04-14 20:44:11.270436	u/RoCaft__	fnfmbp8	u/Riptide047	fnflrgc	C
2020-04-14 20:45:47.657068	u/game4steven	fnfmer3	u/iamdonatello	fnfmbm6	C
2020-04-14 20:46:29.319012	u/ZeroisR	fnfmg4f	u/2020_Survivor	fnf7sex	C
2020-04-14 20:46:38.466586	u/TheMemeOrca	fnfmggz	u/Sir-Memebottom	fnfef8z	C
2020-04-14 20:46:41.953165	u/potatowinston	fnfmgk4	u/dashadowmaster69420	fnfmcb4	C
2020-04-14 20:47:08.979580	u/BoS_Palladin	fnfmhez	u/behanandgsha	fnf31hy	C
2020-04-14 20:47:22.910133	u/IronicMagician	fnfmi3c	u/Isumairu1	fnfma1o	C
2020-04-14 20:47:25.720275	u/choke_my_chocobo	fnfmi4f	u/languish24	fnfm14z	C
2020-04-14 20:47:30.853871	u/iwishwewerebeautiful	fnfmigb	u/xImZenthixX	fnfmba1	C
2020-04-14 20:48:14.703614	u/JoAl1209	fnfmkr8	u/_Xand0n_	fne4x7g	C
2020-04-14 20:48:21.253143	u/fastfox3452	fnfml4w	u/lilchonk69	fnfcj55	C
2020-04-14 20:48:38.994156	u/alphacuremother1	fnfmm1a	u/mapanpang69420	fnf45jw	C
2020-04-14 20:48:57.237915	u/THE_DACTATOR78	fnfmmsy	u/SamuraiXX05	fnfmem3	C
2020-04-14 20:49:18.113324	u/jsassa	fnfmnve	u/GreenIkea	g1c4ki	S
2020-04-14 20:49:45.228321	u/Oddity-the-awsome	fnfmpl4	u/Stvn494	fnf1dxi	C
2020-04-14 20:49:55.348948	u/Chainsaw-Surgeon	fnfmqb0	u/t_aronja	fnf9lue	C
2020-04-14 20:51:08.404487	u/nEeDMorESLeEPDaMniT	fnfmti4	u/Gentleman_Blacksmith	fnfjokv	C
2020-04-14 20:51:31.455146	u/Lukas2811_	fnfmtzv	u/mrgopher17	fnew4ij	C
2020-04-14 20:51:58.821457	u/DreamFarewell	fnfmuyk	u/mohamed12349	fnfmtxr	C
2020-04-14 20:52:18.383173	u/ItsJuicyKoala	fnfmvn0	u/BIG_SMOOOOOOOHKE_PL	fnfjmvp	C
2020-04-14 20:53:40.118296	u/i_am_steelheart	fnfmyd2	u/unknown_entity2019	fnfho1b	C
2020-04-14 20:53:48.524122	u/S3aweed_Brain	fnfmys4	u/Satanic_Moth	fnfljtd	C
2020-04-14 20:53:53.969707	u/little-cali	fnfmyxj	u/KerenStoller	fnec70z	C
2020-04-14 20:54:21.317081	u/Marcororeds	fnfn0s5	u/ItzYoBoi_DatOneGuy	fnflvdj	C
2020-04-14 20:54:25.596607	u/scientifick	fnfn0we	u/yalikejazz89	fnfebf5	C
2020-04-14 20:54:43.543270	u/BUHlowKNEE	fnfn1bi	u/Cre8ive-Exercise	fnfld58	C
2020-04-14 20:55:24.922117	u/posessedhouse	fnfn2oq	u/Fake-DAIH	fnf2r3o	C
2020-04-14 20:55:38.059706	u/ASinglePackingPeanut	fnfn32f	u/Colelittle1	fneucnc	C
2020-04-14 20:55:46.806683	u/IKR_Jets	fnfn3b4	u/Fantastic_Ostrich	fnes58j	C
2020-04-14 20:56:09.777383	u/crescent_moon_boi	fnfn4cr	u/LysolWipesFreshLemon	fnflp5k	C
2020-04-14 20:56:18.043144	u/LadyBird2018	fnfn4i6	u/Haxiwada	fnflhbn	C
2020-04-14 20:56:52.300176	u/juulthe3rd	fnfn61a	u/cloudysasquatch	fnfn4f0	C
2020-04-14 20:57:07.134993	u/StUpidM0nKeY	fnfn74x	u/kapn_karit	fnflkb6	C
2020-04-14 20:57:09.041503	u/Juanito2Gud	fnfn74z	u/SamuraiXX05	fnfn56q	C
2020-04-14 20:57:28.735661	u/SuperPotato014	fnfn7ra	u/Ethimo16	fne5vks	C
2020-04-14 20:58:02.257827	u/DarkestAKnight	fnfn91d	u/ROBO_cat08	fnfl0pf	C
2020-04-14 20:58:12.829194	u/Gomicho	fnfn9i8	u/RAI_DEN	fnfn2vb	C
2020-04-14 20:59:05.466948	u/Blauer_stift	fnfomup	u/JoeNotUMami	fnfnrqh	C
2020-04-14 20:59:12.679278	u/lozmyst	fnfon0t	u/sacrificial_reunion	flafgjk	C
2020-04-14 20:59:14.968298	u/Friedameskfb	fnfon5z	u/GameChanger099	fnflp2b	C
2020-04-14 20:59:43.246103	u/iTzAap_v2	fnfoox0	u/Doggo23678	g1hv35	S
2020-04-14 20:59:57.611987	u/the-cheesie1234	fnfoqgu	u/skijjy13	fnfonfk	C
