2020-03-23 23:00:21.618858	u/PrestigeAlien	flc2xao	u/nottherealyobama	flc2vly	C
2020-03-23 23:00:27.449178	u/Josan678	flc2xkt	u/Nosyrbnomah	flbc2dn	C
2020-03-23 23:01:16.345581	u/Vicarious124	flc2zj0	u/mooseeggs-	flbyfsl	C
2020-03-23 23:01:32.878566	u/OpticCobra	flc302h	u/SirSmileyonReddit	flc1qxs	C
2020-03-23 23:02:20.315486	u/camotocicleta	flc31kr	u/j0rax	flb9f9n	C
2020-03-23 23:02:45.793771	u/Person_26	flc32ex	u/Cookie_Donato	flbynhy	C
2020-03-23 23:02:48.011440	u/ian_aved14	flc32j2	u/Jir_0	flbybuu	C
2020-03-23 23:02:53.369050	u/MyNameVEVO	flc32up	u/theoneanddonly	flblgzk	C
2020-03-23 23:03:05.954356	u/RXQGSFWV4	flc339e	u/MemErAMERicano	flc28je	C
2020-03-23 23:03:26.677625	u/DriftMiata	flc33s1	u/NotUltimate	flbs1ek	C
2020-03-23 23:04:03.350429	u/xaviii_	flc35rn	u/Loyellow	flc2t41	C
2020-03-23 23:04:06.849344	u/Fifth_Geass	flc35sd	u/yeet2077	flbyy0w	C
2020-03-23 23:04:34.906726	u/ohsureeeee	flc36mi	u/horse_at_water	flbti7i	C
2020-03-23 23:04:43.642222	u/wavebeastproductions	flc36sh	u/spoikyvoid	flc2k5n	C
2020-03-23 23:05:09.403121	u/Pomasto	flc37ha	u/VaporGlitch	flbuhu7	C
2020-03-23 23:05:28.117506	u/danherd56	flc3833	u/raikai2219	flc0k90	C
2020-03-23 23:05:51.851458	u/BlackFire68	flc398f	u/RXQGSFWV4	flc339e	C
2020-03-23 23:05:55.769320	u/infectious_rhino	flc39gh	u/RXQGSFWV4	flc339e	C
2020-03-23 23:05:57.662321	u/ryannut	flc39ns	u/616659	flbup88	C
2020-03-23 23:06:05.211756	u/cheshire102	flc39wk	u/Electroshock14	flbkj27	C
2020-03-23 23:06:14.031901	u/BottledExperiment	flc3aay	u/urmomsaregay-	flbu3yi	C
2020-03-23 23:06:27.684021	u/ThePuguwu	flc3b2j	u/Charles4200	flc288z	C
2020-03-23 23:06:29.498919	u/ryannut	flc3b33	u/12345xela	flc1kj2	C
2020-03-23 23:06:41.844425	u/SgZ_Vapor	flc3bu4	u/pew_pew21	flc1hj6	C
2020-03-23 23:06:49.450344	u/SplitHalo2332	flc3c2a	u/MyNameIsAnonymous1	flc2eev	C
2020-03-23 23:06:53.757919	u/Bruhboi08	flc3c60	u/InedibleTaco	flbw7l1	C
2020-03-23 23:07:02.976164	u/FruityPebblePug	flc3chr	u/TheAllKnowingCharles	flbdxjo	C
2020-03-23 23:07:09.120079	u/datlilman	flc3csb	u/IAmNotABotFromRussia	flc376x	C
2020-03-23 23:07:17.934644	u/white__cyclosa	flc3d5u	u/jehssl	fl9u1mv	C
2020-03-23 23:07:22.457898	u/Croutons2414	flc3dau	u/Cpapa97	flbtk8z	C
2020-03-23 23:07:30.808594	u/ovrdrv3	flc3dvf	u/raikai2219	flc0k90	C
2020-03-23 23:07:38.191997	u/MicroscopicSpeck	flc3e78	u/BlackDaggerRose	flaz69u	C
2020-03-23 23:07:40.665883	u/dopeandmoreofthesame	flc3edl	u/RIZLEMON	flazp9i	C
2020-03-23 23:07:53.751615	u/Scp_Site_Director	flc3ewb	u/wadszky65	flc24wn	C
2020-03-23 23:07:56.050851	u/ThatEDMGeek	flc3f70	u/AutoModerator	flakzjx	C
2020-03-23 23:09:07.021565	u/A-Pilots-best-friend	flc3jg9	u/Idk_to_put_here	flc3io8	C
2020-03-23 23:09:11.818527	u/Gayk1d	flc3jtp	u/RepostSleuthBot	flc3imq	C
2020-03-23 23:09:22.326405	u/toxictouch3	flc3kcl	u/Kind-Pop	fl3zlqu	C
2020-03-23 23:09:48.771038	u/FierTrukc	flc3mji	u/DemonGummiBear	flbywg1	C
2020-03-23 23:09:52.052563	u/Majkl_94	flc3my9	u/Morfilix	fl9t92e	C
2020-03-23 23:09:53.082183	u/WetBenchbath	flc3n0z	u/Fifth_Geass	flc35sd	C
2020-03-23 23:09:57.171093	u/biggeeeepee	flc3nk2	u/AmishPoser	flbvqn5	C
2020-03-23 23:09:58.308551	u/MightyElemental	flc3nne	u/Triggerhappy629	flc1xp0	C
2020-03-23 23:09:59.424362	u/Faby077	flc3nsi	u/heheboi_07	flbjfk6	C
2020-03-23 23:10:00.042300	u/Mittenz_Kero	flc3nuv	u/Cottoncandyskiesthrw	flb3qyo	C
2020-03-23 23:10:17.081113	u/LT_libtard	flc3o7j	u/Kind-Pop	fl3zlqu	C
2020-03-23 23:10:40.803475	u/jacoboosharpoo	flc3p0j	u/Cman1551	flbi40q	C
2020-03-23 23:10:59.115850	u/Dadaji18	flc3pim	u/kolokythas5	flaq27p	C
2020-03-23 23:11:19.948893	u/Pancake_Destroyer612	flc3q01	u/LePetiteSiren	flbty25	C
2020-03-23 23:11:22.292282	u/BT_DUBB	flc3q1a	u/Nerd_Watching	flbh2yj	C
2020-03-23 23:11:24.674814	u/DUDEuDROPPEDurPOCK3T	flc3q2d	u/panetristt	fl9w0c4	C
2020-03-23 23:11:45.128435	u/DUDEuDROPPEDurPOCK3T	flc3qzt	u/heyyoulookingnice	flan1f3	C
2020-03-23 23:11:53.995777	u/the_cray_fish	flc3rbt	u/Pendronator	flbp1za	C
2020-03-23 23:12:13.185345	u/GAMERBOY1127	flc3ruf	u/achillea666	flaub4j	C
2020-03-23 23:12:16.572187	u/yhoganta	flc3rv9	u/subsartorialplexus	flc3eul	C
2020-03-23 23:12:32.366452	u/Rockman307	flc3sja	u/meme69420666	flc1fbz	C
2020-03-23 23:12:35.806666	u/Hotdog-Breath	flc3sue	u/datlilman	flc3csb	C
2020-03-23 23:12:47.021543	u/sassylildame	flc3t4e	u/jarroddibell	flbnnp1	C
2020-03-23 23:13:04.194232	u/DannyOnJupiter	flc3tnz	u/name_alrd_taken	flc1s8k	C
2020-03-23 23:13:09.884617	u/lukestutzman7	flc3trw	u/AutoModerator	flc318a	C
2020-03-23 23:13:16.240210	u/razpro	flc3tva	u/OutFawksed	flainoy	C
2020-03-23 23:13:35.489773	u/esssnake	flc3urf	u/victorssd24	flau275	C
2020-03-23 23:13:40.837466	u/box138	flc3uuo	u/Xploiter_RBLX	flap06p	C
2020-03-23 23:13:42.963354	u/AJJJJJJJJJJJJ_Z	flc3uvn	u/Pretend-Gain	flaytl7	C
2020-03-23 23:13:45.130927	u/Opinionated_Top_hat	flc3uwp	u/noonetookdisusername	flc0gok	C
2020-03-23 23:13:50.476122	u/Borris0985	flc3v7l	u/non_parlo_italiano	flbp9fi	C
2020-03-23 23:13:52.666246	u/12349876susan	flc3v80	u/WhatThePuppies	flbwt56	C
2020-03-23 23:14:29.856011	u/tman459	flc3wb2	u/TheAdimLizard	flbw2bk	C
2020-03-23 23:14:44.743053	u/PrecisionCumshooting	flc3wlc	u/mindathefox	flbv1oj	C
2020-03-23 23:14:49.719105	u/SoundCloudRapper8	flc3wwk	u/GeraltOfNoxus	flbz0bo	C
2020-03-23 23:15:00.285820	u/DandyLeopard	flc3x90	u/savarino1	flc1wcf	C
2020-03-23 23:15:24.631339	u/ginnundso	flc3y4b	u/TheAllKnowingCharles	flbdxjo	C
2020-03-23 23:15:42.269214	u/hellopepleo	flc3z37	u/lukestutzman7	flc3y02	C
2020-03-23 23:15:50.660749	u/iVirtue	flc3znf	u/Tru_Drone_Videos	flbw8lc	C
2020-03-23 23:16:22.495644	u/beasthunter97	flc40xw	u/thespeedyforce	flb6dyn	C
2020-03-23 23:16:54.843090	u/hellopepleo	flc426f	u/lukestutzman7	flc419i	C
2020-03-23 23:16:57.513355	u/Muther-Russia	flc42bh	u/Sarlacc_	flbw5o5	C
2020-03-23 23:17:03.785479	u/terester3	flc42uw	u/TexacanLit	flblxjt	C
2020-03-23 23:17:07.378483	u/NOTZawp	flc42xl	u/i-dont-fuckin-knoe	flbqykf	C
2020-03-23 23:17:12.930096	u/PhoenixFlame52	flc435x	u/One_Gloved_God69	flc2mzo	C
2020-03-23 23:17:15.620207	u/PasswordLai	flc439p	u/XykronDevil	flc422x	C
2020-03-23 23:17:42.661944	u/Melody636	flc44at	u/Tru_Drone_Videos	flb94to	C
2020-03-23 23:17:47.145659	u/DRMWhibang	flc44eo	u/Jmoney1932	flc3qfa	C
2020-03-23 23:17:58.875287	u/TemperedFiddles	flc44zk	u/Anakin1882	flc3x5p	C
2020-03-23 23:18:03.867185	u/kb3ylo	flc455o	u/MechanicalMelonz	flc3s2w	C
2020-03-23 23:18:05.496671	u/BeanAPutter	flc458z	u/PrestigeAlien	flc3g3e	C
2020-03-23 23:18:40.702247	u/mr_salsa123	flc47cw	u/TemperedFiddles	flbznjq	C
2020-03-23 23:18:47.133123	u/StephCaba	flc47p0	u/Triggerhappy629	flc0xz7	C
2020-03-23 23:18:52.511372	u/SonicZedt	flc47xl	u/Zilixi	flbvq96	C
2020-03-23 23:18:53.850015	u/omegadeather	flc480e	u/KennyDoge39	flc0w70	C
2020-03-23 23:19:14.701177	u/sirawit5252	flc48lj	u/Jeffrey211986	fnti0x	S
2020-03-23 23:19:18.379696	u/HunterBoyxXx	flc48t4	u/WorkedData48	flbmcpz	C
2020-03-23 23:19:33.905813	u/Drpoptart15	flc49iz	u/Bierbart12	flbuj71	C
2020-03-23 23:19:37.222348	u/Big_Lo19	flc49mf	u/Cookie_Donato	flbyixj	C
2020-03-23 23:19:40.686465	u/fuck_dat_shit_	flc49vi	u/PrestigeAlien	flc3xdr	C
2020-03-23 23:19:46.614115	u/JDMintz718	flc4a81	u/RepostSleuthBot	flbkabg	C
2020-03-23 23:19:50.501396	u/gigglesprouts	flc4aer	u/lovnelymoon-	fl9t6az	C
2020-03-23 23:19:52.584657	u/ASAP_Rambo	flc4ap9	u/NeevaErcevan	flbiu96	C
2020-03-23 23:19:54.790092	u/eyadfareh	flc4arz	u/SquirrelMaster1738	flc405k	C
2020-03-23 23:19:55.395097	u/trish6907	flc4at5	u/Hotonis	flc2cb1	C
2020-03-23 23:19:55.954635	u/Evolution-is-a-fact	flc4atp	u/CheesusKrispy	flc46on	C
2020-03-23 23:19:57.014944	u/ShinyCube673066	flc4avm	u/MrFanFiction	flbm5wc	C
2020-03-23 23:20:03.088117	u/secretfurrycult	flc4blt	u/facelesswolf_	flbydm5	C
2020-03-23 23:20:14.274789	u/Caleb_Choj	flc4bxx	u/Thats_Mafia	flby7rg	C
2020-03-23 23:20:31.948819	u/secretfurrycult	flc4c9z	u/macropepe	flbxitk	C
2020-03-23 23:20:45.593927	u/DaGuyOnReddit	flc4csu	u/Tarbarion2	flc4ahy	C
2020-03-23 23:20:55.086619	u/gilbzC13i	flc4d5f	u/Tru_Drone_Videos	flc3cxx	C
2020-03-23 23:21:15.209706	u/Ryananan	flc4e5c	u/S1eepyZ	flbpghl	C
2020-03-23 23:21:18.608769	u/Db1154	flc4e8x	u/Scp_Site_Director	flc3ewb	C
2020-03-23 23:21:27.000726	u/DaGuyOnReddit	flc4er5	u/Peachy_Bubble	flc4dc7	C
2020-03-23 23:21:33.499349	u/Mojotokin	flc4ev5	u/Gubq	fl5lyk4	C
2020-03-23 23:21:54.374023	u/IXInsaneJamesXI	flc4fqz	u/UnknownCPYT	flc3il3	C
2020-03-23 23:22:00.916876	u/CondomFrictionEnergy	flc4fx3	u/finny-bo-binny	fl77bin	C
2020-03-23 23:22:10.653844	u/Kenny_Stryker	flc4gdd	u/ThiccDucksAndBooks	flc2lpl	C
2020-03-23 23:22:16.234835	u/Yurishirox	flc4ggf	u/IAmNotABotFromRussia	flc359x	C
2020-03-23 23:22:29.019227	u/earthfather47	flc4gpw	u/retrochicken23	flby6l8	C
2020-03-23 23:22:38.855704	u/Thunderlight8	flc4gzl	u/HelloThereDrFreeman	flc1sgc	C
2020-03-23 23:22:49.780915	u/AL_Carrot	flc4hb1	u/Repost-Boi	flbzt1q	C
2020-03-23 23:23:37.525945	u/semvhu	flc4ip1	u/Starboss10YT	flbjqtk	C
2020-03-23 23:23:47.427724	u/livisokay	flc4ivj	u/BeNbUcKToO	flbqrmw	C
2020-03-23 23:23:49.511699	u/GilbertPlays	flc4iyn	u/fualtyzane	flb7p18	C
2020-03-23 23:23:59.385754	u/Tie_me_off	flc4j79	u/PrecisionCumshooting	flc3yj1	C
2020-03-23 23:24:48.949994	u/HAPPY-BIRTHDAY-RAVEN	flc4kq3	u/TheAllKnowingCharles	flc4h2i	C
2020-03-23 23:24:54.003850	u/EpicGamer1919	flc4ktv	u/i-dont-fuckin-knoe	flbqykf	C
2020-03-23 23:25:07.729507	u/lsThlsLoss	flc4lbc	u/SeeingRandomThings	flbnkaa	C
2020-03-23 23:25:13.196146	u/_1752_	flc4ldn	u/Xx_GrammarNazi_xX	flbuhfq	C
2020-03-23 23:25:25.980538	u/MoTheSoleSeller	flc4lv5	u/misterman573	flbzxw6	C
2020-03-23 23:25:35.011927	u/thermonucleardom	flc4m8n	u/Pug-Doug-the-pug	flbr69p	C
2020-03-23 23:25:36.989458	u/HiAndrewHere25	flc4ma1	u/Bierbart12	flbuj71	C
2020-03-23 23:25:41.801266	u/Cygnus0mega	flc4mdt	u/PewPeePooDee	flc450h	C
2020-03-23 23:26:13.556649	u/saikik13	flc4nuf	u/TexacanLit	flbntxk	C
2020-03-23 23:26:37.563936	u/Corroded_Filter	flc4pg4	u/SoleSurvivor-2277	flc4mx3	C
2020-03-23 23:26:47.141388	u/phaxux	flc4pvq	u/RepostSleuthBot	flc4o3e	C
2020-03-23 23:26:53.182092	u/MCBUSTA	flc4q50	u/AutoModerator	flb6h6l	C
2020-03-23 23:27:04.591467	u/Coolguy10114312	flc4qnv	u/yeeteryeet13	flbysbx	C
2020-03-23 23:27:13.326969	u/LeafletLeaf	flc4qzm	u/the399er	flc3kas	C
2020-03-23 23:27:18.644650	u/ilikebluesocks	flc4r3t	u/XxEleanoraXx	flc36ag	C
2020-03-23 23:27:20.396670	u/weekdayvegan	flc4rb6	u/DroppedGhoSt	flbxk1c	C
2020-03-23 23:27:30.778371	u/Drunkandcommenting	flc4roy	u/ryannut	flc39ns	C
2020-03-23 23:27:56.400511	u/DarkninjaEX	flc4t6o	u/Xploiter_RBLX	flbyvz0	C
2020-03-23 23:28:36.050163	u/TheHiddenToad	flc4uko	u/SampleTexDoggo	flbacxa	C
2020-03-23 23:28:42.824580	u/Yooviee	flc4uzv	u/AutoModerator	flbjffr	C
2020-03-23 23:28:44.267235	u/FlyingFishexe	flc4v1a	u/PewPeePooDee	flc450h	C
2020-03-23 23:28:49.146274	u/3thanat0r	flc4v8h	u/SoleSurvivor-2277	flc4mx3	C
2020-03-23 23:28:52.610009	u/biznatch11	flc4vdv	u/TheAllKnowingCharles	flbb6wl	C
2020-03-23 23:29:06.987350	u/RedKurisu	flc4w4o	u/PewPeePooDee	flc450h	C
2020-03-23 23:29:08.853676	u/JonCon965	flc4wa5	u/MyNameIsAnonymous1	flc0td4	C
2020-03-23 23:29:12.264116	u/NODROG333	flc4wgl	u/themetaorange	flc4cqi	C
2020-03-23 23:29:33.850321	u/sreenath95	flc4y4s	u/Jeffrey211986	fnti0x	S
2020-03-23 23:29:39.149036	u/Tinywhooppro	flc4yqw	u/Pendronator	flbp1za	C
2020-03-23 23:29:46.922421	u/JeeeeeyDiii	flc4z6p	u/AtariPitfall	flbbqlt	C
2020-03-23 23:29:50.908121	u/JonCon965	flc4zk3	u/MyNameIsAnonymous1	flc4yf3	C
2020-03-23 23:30:22.008744	u/SlayerSaturn	flc50qv	u/kb3ylo	flbl4jq	C
2020-03-23 23:30:33.296070	u/avlism	flc512o	u/BillhookthonyChad	flc03my	C
2020-03-23 23:30:57.416991	u/houshaboi	flc520m	u/MilsyV135	flc1lbh	C
2020-03-23 23:31:05.779403	u/BoK_b0i	flc526r	u/SoleSurvivor-2277	flc4mx3	C
2020-03-23 23:31:17.059254	u/AllTheFood_	flc52lh	u/XxEleanoraXx	flc36ag	C
2020-03-23 23:31:29.146220	u/Cosmic_Enitity_Abhi	flc52wk	u/4thegloryofusername	flbr60c	C
2020-03-23 23:31:36.556672	u/Smashingxan	flc535j	u/TheAllKnowingCharles	flat1yp	C
2020-03-23 23:31:49.054850	u/Karthadon	flc53is	u/MilsyV135	flc1lbh	C
2020-03-23 23:31:55.799599	u/lts_King_Kevin	flc53vh	u/MyNameIsAnonymous1	flc4xmr	C
2020-03-23 23:32:13.997109	u/Terralos	flc54tv	u/lazydonkey25	flc53ud	C
2020-03-23 23:32:26.163618	u/Karthadon	flc556d	u/Subject-Weight	flbwmfw	C
2020-03-23 23:32:28.319601	u/iosiro	flc558y	u/_Rusty_Milkshake_	flc0p2j	C
2020-03-23 23:32:39.807556	u/lts_King_Kevin	flc55u3	u/lts_King_Kevin	flc53vh	C
2020-03-23 23:32:48.485893	u/Mauricio2427	flc55yx	u/RepostSleuthBot	flaxair	C
2020-03-23 23:34:11.214956	u/theworldstoptime	flc58u4	u/Garett_the_Great	flc2bqr	C
2020-03-23 23:34:21.702238	u/eggcrack174	flc58xz	u/scullscan	flc4vmu	C
2020-03-23 23:34:41.894387	u/Djay210	flc59xs	u/gigglesprouts	flc4erv	C
2020-03-23 23:35:02.771505	u/GamingWolf50	flc5b1j	u/palpaple777	flc3fhy	C
2020-03-23 23:35:05.774505	u/SnivyLlama	flc5b36	u/sxdfqce	flb5dq7	C
2020-03-23 23:35:21.576601	u/uncomfortablyhappy	flc5bjt	u/trish6907	flc4at5	C
2020-03-23 23:35:36.201905	u/Copenhagen_1987	flc5c2j	u/Alexis-Aparicio	flc3t2o	C
2020-03-23 23:35:56.911000	u/DrBleach466	flc5crb	u/WetBenchbath	flc3n0z	C
2020-03-23 23:36:04.598599	u/cool-girl-tingz	flc5cyy	u/SoleSurvivor-2277	flc4mx3	C
2020-03-23 23:36:16.719781	u/WhatToDo_WhatToDo2	flc5dcd	u/it_wooden_whistle	fl3cv9r	C
2020-03-23 23:36:29.811487	u/masteratgames	flc5dul	u/MyNameVEVO	flc32up	C
2020-03-23 23:36:40.556441	u/Mr_Ey3	flc5emu	u/PrettySeal8927	fl9lcrl	C
2020-03-23 23:36:44.323864	u/SMsauce2	flc5etn	u/despaceeto	flbqc3d	C
2020-03-23 23:36:55.523308	u/the_e_master_	flc5f5m	u/themadladboy	fladpoe	C
2020-03-23 23:36:59.679685	u/young-and_broke	flc5f7q	u/thespeedyforce	fns34o	S
2020-03-23 23:37:06.053108	u/Shoebillius	flc5fkf	u/18bullew	flc5bry	C
2020-03-23 23:37:16.028996	u/JustAFCasul	flc5fum	u/PM-me-your-tits-thot	fl6cvtv	C
2020-03-23 23:37:23.927518	u/hoomaniguess	flc5gcv	u/PrestigeAlien	flc5dqh	C
2020-03-23 23:37:29.529352	u/NaiveFly8	flc5ggk	u/leaderofthevirgins	flc5evq	C
2020-03-23 23:37:40.977032	u/J05H5M1TH	flc5h15	u/sarhan182	flc4ite	C
2020-03-23 23:37:44.006464	u/The-Petri-Dish	flc5h6j	u/sarcastic-worm-boi	flbm1je	C
2020-03-23 23:37:53.359285	u/zmanofdoom95	flc5hj3	u/prumbeljack	flc5cxo	C
2020-03-23 23:38:13.866715	u/Vraxx2002	flc5img	u/Aikoeden	flc5d7d	C
2020-03-23 23:38:18.629412	u/kerosene42	flc5iql	u/CristolerGm	flbgi6y	C
2020-03-23 23:38:28.747376	u/Snaper_XD	flc5j2p	u/JohnWick80000	flbh85j	C
2020-03-23 23:38:39.902439	u/araesaenz	flc5jmi	u/PrestigeAlien	flc4t41	C
2020-03-23 23:38:54.497932	u/imagrasshopperlmao	flc5jzv	u/eggcrack174	flc58xz	C
2020-03-23 23:39:00.231355	u/jclss99	flc5kfe	u/xI_Fabi_Ix	flc5iy6	C
2020-03-23 23:39:45.992968	u/scarypengu	flc5mvz	u/Corroded_Filter	flc4pg4	C
2020-03-23 23:39:55.437215	u/chiquan_nugeat	flc5nh1	u/LeafletLeaf	flc4qzm	C
2020-03-23 23:39:59.437144	u/THEazelo	flc5nmk	u/non_parlo_italiano	flbp9fi	C
2020-03-23 23:39:59.845416	u/scarypengu	flc5npk	u/snacsnacsnac	flc5lki	C
2020-03-23 23:40:05.265160	u/ILoveBords	flc5nx4	u/Fire-Nation-Soldier	flc5iaq	C
2020-03-23 23:40:25.484013	u/SlyKittyPie	flc5oqp	u/jclss99	flc5kfe	C
2020-03-23 23:40:40.347237	u/zitchat	flc5p8d	u/IAmYoDaddyDuh	flbe79w	C
2020-03-23 23:40:59.863846	u/ulyssesm_123	flc5pr4	u/justdoitsometime	flc5owi	C
2020-03-23 23:41:07.722035	u/gnarlyceiling32	flc5pt7	u/lshqpyari	fl5qqvf	C
2020-03-23 23:41:24.236888	u/minejjchase	flc5qet	u/BunkerBuster22	flbtli0	C
2020-03-23 23:41:30.122074	u/sm0llb0ii	flc5qkp	u/TheAllKnowingCharles	flc4h2i	C
2020-03-23 23:41:35.930378	u/AvariceRu	flc5qsn	u/Tru_Drone_Videos	flb94to	C
2020-03-23 23:42:41.435933	u/foreva-lonely	flc5t7d	u/mikeytwocakes	flc57cr	C
2020-03-23 23:42:50.241741	u/SharkStrike24	flc5tjg	u/TheAllKnowingCharles	flbdxjo	C
2020-03-23 23:43:15.442631	u/GetOutYaFeelings	flc5u77	u/YuhBoiB	flc5343	C
2020-03-23 23:43:18.751055	u/the__fetus	flc5ub0	u/BeNbUcKToO	flbb8u5	C
2020-03-23 23:43:29.350258	u/angelo5554	flc5uo5	u/Memunism4Life	flc0muh	C
2020-03-23 23:43:40.408927	u/brody32504	flc5uw2	u/TheAllKnowingCharles	flbb6wl	C
2020-03-23 23:43:58.022370	u/Old_School_Legend	flc5vhk	u/Freedom-Costs-Tax	flb8ckl	C
2020-03-23 23:44:16.671324	u/Buck_Ranger	flc5vs4	u/Alexis-Aparicio	flc5d2l	C
2020-03-23 23:44:24.995290	u/sleepy_lurker695	flc5w1r	u/FURYEQUALSM4	flay5ek	C
2020-03-23 23:44:39.986352	u/boss4568	flc5wch	u/Db1154	flc4e8x	C
2020-03-23 23:45:14.438792	u/Mountain-Respond	flc5xd5	u/MrTfanguy	flbwf3u	C
2020-03-23 23:45:27.085061	u/how-to-username	flc5xj3	u/sassylildame	flc3t4e	C
2020-03-23 23:45:34.421579	u/somaticnickel60	flc5xke	u/Cookie_Donato	flbyixj	C
2020-03-23 23:45:53.277546	u/mklipka	flc5y64	u/Drunkandcommenting	flc4roy	C
2020-03-23 23:45:59.990113	u/7evenCircles	flc5yfp	u/Bubobubo22	flbxh2a	C
2020-03-23 23:46:02.855267	u/Laypenide	flc5yk0	u/Masterkiller69	fl9pojg	C
2020-03-23 23:46:16.370384	u/Kawhi_is_a_Fungi	flc5yqf	u/SirJape	flbga21	C
2020-03-23 23:46:23.577424	u/AHalfFilledBox	flc5z0g	u/Gayk1d	flc4p3f	C
2020-03-23 23:46:29.999465	u/dinogirl246	flc5zfw	u/wavebeastproductions	flc36sh	C
2020-03-23 23:46:40.378977	u/YosHi_PRO	flc5zvr	u/pew_pew21	flbmsmr	C
2020-03-23 23:46:44.006913	u/Mlvr2161	flc5zzc	u/Dave30954	flbqux8	C
2020-03-23 23:47:04.696596	u/Star_Fazer	flc60po	u/sarhan182	flc4ite	C
2020-03-23 23:47:24.051679	u/Ipg_perrigrin64	flc61g7	u/wynntari	flbj6v1	C
2020-03-23 23:47:27.543944	u/Boruto2005	flc61ho	u/Josiador	flbxst0	C
2020-03-23 23:48:08.841330	u/Dusk618	flc63rf	u/livisokay	flc4ivj	C
2020-03-23 23:48:20.960265	u/roflmao47	flc644k	u/YerBoiCinamon	flb6fln	C
2020-03-23 23:48:23.148029	u/matheussanthiago	flc6453	u/Chello-fish	flc0z32	C
2020-03-23 23:48:37.429633	u/NABadass	flc64v5	u/Cejaboy21	flc1vdq	C
2020-03-23 23:48:43.888106	u/CalebS413	flc655j	u/tangy_orange	flc4409	C
2020-03-23 23:49:01.493988	u/Vortex_creator	flc66al	u/lebronjamesboi	flc651l	C
2020-03-23 23:49:09.242562	u/MAGMA1231	flc66oo	u/Morfilix	flc5u42	C
2020-03-23 23:49:11.496574	u/Air_Admiral	flc66sy	u/ThisMyGamingAcconunt	flc62v6	C
2020-03-23 23:49:32.136018	u/Yazzi1018	flc68gr	u/Jeffrey211986	fnti0x	S
2020-03-23 23:49:44.459724	u/Xmaruo97	flc694f	u/DandyLeopard	flc3x90	C
2020-03-23 23:49:56.153772	u/getread	flc6aa8	u/Starboss10YT	flbjqtk	C
2020-03-23 23:49:56.976516	u/xxkid_wolf	flc6ack	u/heavysafley	flbmckl	C
2020-03-23 23:50:09.722597	u/bensp6417	flc6bbk	u/horse_at_water	flbti7i	C
2020-03-23 23:50:15.172668	u/Mr-saltyfrost	flc6bm9	u/Nikotiiiini	fl9q478	C
2020-03-23 23:50:36.175849	u/B_rookie86	flc6csq	u/WaffleEaterMan	flb8v4x	C
2020-03-23 23:50:43.160770	u/Chafla	flc6ctu	u/Bierbart12	flbuj71	C
2020-03-23 23:51:01.944593	u/Carter_Hunsaker	flc6dul	u/Kanan_R	flc24pv	C
2020-03-23 23:51:15.376482	u/egggoboom	flc6e1o	u/Supernova-581	fl9xumv	C
2020-03-23 23:51:24.718912	u/Hawkeye0617	flc6e8v	u/RepostSleuthBot	flapa0j	C
2020-03-23 23:51:26.957389	u/A_very_normal_potato	flc6ecf	u/RepostSleuthBot	flc68kr	C
2020-03-23 23:53:10.378109	u/MaxDerDeveloper	flc6i4s	u/imagrasshopperlmao	flc5jzv	C
2020-03-23 23:53:14.787262	u/yellow_bandana	flc6ida	u/BunkerBuster22	flbtli0	C
2020-03-23 23:53:21.453617	u/starkofwinterfell_	flc6iiv	u/00psieD00psie	flc5zcf	C
2020-03-23 23:53:30.180508	u/Xxdgw100gsdxX	flc6isc	u/rafael_ito	flbwkcd	C
2020-03-23 23:53:36.065235	u/RestinConfusedFace	flc6iws	u/coolzetron	flby4xk	C
2020-03-23 23:53:49.330813	u/shuckels	flc6jhh	u/M37r0p13x	flc6cg8	C
2020-03-23 23:53:58.653619	u/TooLazy4C	flc6jvs	u/leaderofthevirgins	flc5wzh	C
2020-03-23 23:54:31.128797	u/monewill	flc6kti	u/TheAllKnowingCharles	flat1yp	C
2020-03-23 23:54:35.086528	u/shuckels	flc6kx0	u/Person_26	flc32ex	C
2020-03-23 23:54:38.224467	u/BeisbolDoge	flc6l27	u/non_parlo_italiano	flbp9fi	C
2020-03-23 23:54:43.331227	u/shuckels	flc6lao	u/Cookie_Donato	flbynhy	C
2020-03-23 23:55:43.527385	u/monumentofflavor	flc6mu8	u/Josiador	flbnmiz	C
2020-03-23 23:56:10.350818	u/potatogodyouknowit	flc6og4	u/The-Petri-Dish	flc5ruq	C
2020-03-23 23:56:19.913448	u/NoGiveAway	flc6ou9	u/PewPeePooDee	flc450h	C
2020-03-23 23:56:25.932526	u/the_sumanth	flc6oxg	u/TheAllKnowingCharles	flc6lz4	C
2020-03-23 23:56:29.551989	u/BluePhoenixCG	flc6p03	u/scarypengu	flc5mvz	C
2020-03-23 23:56:34.058407	u/CaseyGumball	flc6p59	u/Joe_Ledge	flc0o9b	C
2020-03-23 23:57:09.490176	u/Haxorian	flc6q6c	u/scarypengu	flc5npk	C
2020-03-23 23:57:14.196619	u/patricija85	flc6qft	u/SonicZedt	flc47xl	C
2020-03-23 23:57:20.825652	u/k288DT	flc6qr2	u/Alexis-Aparicio	flc6q79	C
2020-03-23 23:57:24.970045	u/Superdragonma	flc6qwd	u/MyNameIsAnonymous1	flbot3g	C
2020-03-23 23:57:42.232756	u/mccauleyh	flc6ryu	u/secretfurrycult	flc4var	C
2020-03-23 23:57:47.058467	u/Xylebil	flc6s4d	u/AutoModerator	flb2ap1	C
2020-03-23 23:57:49.576664	u/k288DT	flc6s9u	u/Alexis-Aparicio	flc6q79	C
2020-03-23 23:57:52.632540	u/mann-n-	flc6sik	u/_Xand0n_	flc6cx7	C
2020-03-23 23:57:58.394678	u/Vulture911	flc6ss4	u/PrestigeAlien	flc31cd	C
2020-03-23 23:58:02.371043	u/rayder11	flc6sy8	u/Elikorm	flc2j27	C
2020-03-23 23:58:05.840116	u/Blastin-n-relaxin	flc6t3d	u/Fire-Nation-Soldier	flc673b	C
2020-03-23 23:58:09.721220	u/rorschach0000001	flc6t8c	u/scarypengu	flc5mvz	C
2020-03-23 23:58:36.834320	u/elsnoofer	flc6ubh	u/Xploiter_RBLX	flbyvz0	C
2020-03-23 23:58:38.230106	u/xxRa1n	flc6udc	u/Forward_Job	flbp5k2	C
2020-03-23 23:58:48.294783	u/ThanosIsUgly	flc6uor	u/the_sumanth	flc6oxg	C
2020-03-23 23:58:54.274054	u/NSA_Chatbot	flc6uwf	u/meatpopsicle69420	flc4qh8	C
2020-03-23 23:59:14.587601	u/mute-individual	flc6w24	u/MyNameIsAnonymous1	flbot3g	C
2020-03-23 23:59:15.774720	u/FiveRandomWookies	flc6w4i	u/RepostSleuthBot	flbtb5e	C
2020-03-23 23:59:43.551881	u/CadenH99	flc6xsc	u/RepostSleuthBot	flc6ize	C
2020-03-23 23:59:47.481568	u/callmeaki	flc6xys	u/wavebeastproductions	flc36sh	C
2020-03-23 23:59:53.962344	u/chaotic_thundergod	flc6yff	u/lovnelymoon-	flajxpw	C
2020-03-23 23:59:57.541487	u/rafa-09	flc6yoa	u/R178	flc55vu	C
2020-03-23 23:59:58.025915	u/Ink_pasta	flc6ysn	u/Tru_Drone_Videos	flc6t5y	C
2020-03-23 23:59:58.499013	u/bonsc	flc6yu6	u/da7dwarves	flc4vqx	C
