2020-04-11 00:00:46.899182	u/LouisTheXVII	fn24i4j	u/gideon16	fn20r3n	C
2020-04-11 00:01:13.760346	u/JoeVos47812	fn24jar	u/Ripperr_EU	fn10mv2	C
2020-04-11 00:02:50.869613	u/Mashiro-shiina2	fn24nh8	u/WEIRDDUDE69420	fn22o0v	C
2020-04-11 00:03:08.242464	u/DaimDima	fn24oow	u/gamerrfm9	fn24jgf	C
2020-04-11 00:03:33.695760	u/LuckySparky420	fn24pqc	u/TheSuaveMonkey	fn1r8jk	C
2020-04-11 00:04:24.367526	u/drakner1	fn24rzv	u/waterchickenz	fysrdd	S
2020-04-11 00:04:45.367400	u/TheAssels	fn24swh	u/Mblackbu	fn1z8e7	C
2020-04-11 00:05:10.221082	u/OwMyBalllz	fn24uih	u/Mblackbu	fn1z8e7	C
2020-04-11 00:05:54.365282	u/SlappieChan	fn24x3c	u/Hello-ThereKenobi	fn1zwj0	C
2020-04-11 00:06:02.875617	u/qwspol	fn24xnd	u/StealthyHale	fn1xfbz	C
2020-04-11 00:06:45.076781	u/Brigand73	fn24z19	u/Kubera-372	fn1ypcs	C
2020-04-11 00:06:51.462126	u/RedsRearDelt	fn24zae	u/Joesdad65	fn203yc	C
2020-04-11 00:07:00.902206	u/sykowt	fn2502h	u/RepostSleuthBot	fn21ukx	C
2020-04-11 00:07:18.898749	u/MrNinjaBaby	fn25122	u/OfficialGImarqui	fn24t3e	C
2020-04-11 00:08:21.970791	u/Vonbalthier	fn253n0	u/OfficialGImarqui	fn24t3e	C
2020-04-11 00:08:23.458806	u/Darkshimmer	fn253ni	u/shootme_co	fn197r5	C
2020-04-11 00:08:28.609604	u/IlInugget	fn2542k	u/Mistere6	fn1yr8g	C
2020-04-11 00:08:32.285956	u/Callmerenegade	fn2546k	u/Fudge-Boi	fn1mia5	C
2020-04-11 00:08:33.719766	u/Champion_noobie	fn2546z	u/Bruh_Bot_	fn250yx	C
2020-04-11 00:08:53.106083	u/69toxic69	fn2559v	u/69420_sexgod	fn1b9yt	C
2020-04-11 00:09:25.367013	u/Songbird420	fn256wv	u/ItalianComrade19	fn1lb6o	C
2020-04-11 00:09:33.322992	u/C43896	fn2578z	u/ETHEKILLER	fn1q28q	C
2020-04-11 00:09:46.772580	u/dbzmaster956	fn257uc	u/Mysatt	fn23fxb	C
2020-04-11 00:10:37.998782	u/Coughing_Cyborg	fn25a51	u/razersnek	fn1mzx0	C
2020-04-11 00:10:59.590331	u/Chimney-head	fn25b5d	u/ultraflair04	fn1908k	C
2020-04-11 00:11:10.906431	u/xXTwilightNinjaXx	fn25bnl	u/MasterSofa69	fn1xcsy	C
2020-04-11 00:11:34.789577	u/Bat_Jaidyn	fn25aln	u/tester_720	fn2406j	C
2020-04-11 00:11:50.259851	u/Texty_McTexterson	fn25bxt	u/Mblackbu	fn1z8e7	C
2020-04-11 00:12:15.141243	u/Jalatkes	fn25den	u/badboyquinny	fn1yyve	C
2020-04-11 00:13:21.472891	u/Csnackz	fn25hcg	u/The-PK	fn22y54	C
2020-04-11 00:13:33.549108	u/wasteofahumansoul	fn25i1n	u/jc3av1c45kq3	flqj24q	C
2020-04-11 00:13:59.362025	u/1BrownieLeft	fn25iuw	u/ZenaLundgren	fn1e2vv	C
2020-04-11 00:14:02.457262	u/icydragon10	fn25j67	u/bob1278999	fn1shn1	C
2020-04-11 00:15:07.483366	u/Mr_terra-plant	fn25lj0	u/tester_720	fn22elp	C
2020-04-11 00:15:24.479062	u/MayiHav10kMarblesPlz	fn25ly9	u/getyourrealfakedoors	fn21yub	C
2020-04-11 00:16:36.115689	u/noisyboy1215	fn25ok1	u/FinnishCheez	fn05wkz	C
2020-04-11 00:16:43.290695	u/The_Brighterside	fn25oyb	u/Masonbeck67	fyw8n2	S
2020-04-11 00:16:45.222484	u/dracarysblaze420	fn25oz1	u/Drewsophila	fn23cgh	C
2020-04-11 00:16:59.849727	u/The_end_of_the_cycle	fn25pfq	u/Amrevoe	fn1ovs6	C
2020-04-11 00:17:08.922038	u/lilwhiteboy420	fn25px6	u/shamwow_solvent	fn1vf14	C
2020-04-11 00:17:10.789617	u/Halaku	fn25pxr	u/Reddit_Historian1945	fn24yuj	C
2020-04-11 00:17:28.017787	u/SirDerpingtard	fn25r2g	u/Dostorwellmus	fn203eh	C
2020-04-11 00:18:29.344353	u/Bryan7Ismodes	fn25uae	u/Drewsophila	fn22jlp	C
2020-04-11 00:18:45.988713	u/PvtTucker451	fn25uv3	u/jedi-ma--just-anakin	fn1mhcn	C
2020-04-11 00:18:50.329660	u/Lazy_Dervish	fn25v46	u/L0re135	fn1pmr7	C
2020-04-11 00:19:55.903783	u/InsertNameHere9372	fn25zby	u/RepostSleuthBot	fn25v9b	C
2020-04-11 00:19:56.845350	u/amsaur212100	fn25zfi	u/RepostSleuthBot	fn25v9b	C
2020-04-11 00:20:17.470774	u/EmpressYerin	fn260i6	u/Respect_Paying_Bot	fn25wlx	C
2020-04-11 00:20:57.048064	u/clumsdenmemr2	fn261j3	u/TrexarSC	fn126ow	C
2020-04-11 00:21:14.964433	u/-153	fn262ad	u/inthedarktheresnolit	fn1wabz	C
2020-04-11 00:21:48.951354	u/BarronVonBumcheeks	fn264dq	u/Xoohoo_	fn0qnj7	C
2020-04-11 00:21:53.504135	u/Lucky8Levi	fn264im	u/shootme_co	fn197r5	C
2020-04-11 00:22:35.788618	u/Of_ists_and_isms	fn26636	u/Mblackbu	fn1z8e7	C
2020-04-11 00:22:37.979803	u/Lee_now_	fn2664u	u/murdercoven	fn22sfy	C
2020-04-11 00:22:48.428732	u/drungayuuu	fn266dh	u/monsterMike690	fn2255n	C
2020-04-11 00:22:50.600986	u/FortniteBurgerRalph	fn266ha	u/wolfy1x1	fn25et6	C
2020-04-11 00:23:00.673250	u/Mohan_N	fn266w3	u/Bat_Jaidyn	fn25aln	C
2020-04-11 00:23:08.229349	u/JustJd91	fn267lw	u/TrexarSC	fn126ow	C
2020-04-11 00:23:16.832850	u/Zarir-	fn267ws	u/Songbird420	fn256wv	C
2020-04-11 00:23:21.804460	u/just_noted	fn2688a	u/RepostsSleuthbott	fn1aepw	C
2020-04-11 00:23:24.953386	u/Shownape	fn268eh	u/TwerpDerpy	fn25l5r	C
2020-04-11 00:23:29.204027	u/Username47826	fn268jc	u/hexagonalsky	fn20yq8	C
2020-04-11 00:24:45.934539	u/GrandRubyGalaxy	fn26bf8	u/ZeroLurkThirty	fn21ynf	C
2020-04-11 00:24:58.454295	u/Capecodgurl	fn26brh	u/boblet_jish	fn26asp	C
2020-04-11 00:25:15.123121	u/Harambememes69	fn26chw	u/ulyssesm_123	fn0zrpg	C
2020-04-11 00:25:51.206800	u/CrypticVacancies	fn26efo	u/Lee_now_	fn2664u	C
2020-04-11 00:26:29.113205	u/hnled	fn26ge1	u/LouisTheXVII	fysxe4	S
2020-04-11 00:26:32.104140	u/LockeLamoraLies	fn26gj8	u/pbmultiverse2	fn20lmw	C
2020-04-11 00:26:49.997694	u/DoktorVaso18	fn26hch	u/Samantha-06	fn24fd9	C
2020-04-11 00:27:24.333061	u/vickohl	fn26jja	u/Mblackbu	fn1z8e7	C
2020-04-11 00:27:40.760378	u/WillTheWAFSack	fn26kho	u/RepostsSleuthbott	fn1aepw	C
2020-04-11 00:27:53.220096	u/chase-cherry	fn26kmz	u/teekay_1994	fn20abc	C
2020-04-11 00:28:11.742577	u/MHXXXX	fn26luz	u/StealthyHale	fn1yvpy	C
2020-04-11 00:28:16.629754	u/LilYayv	fn26m15	u/Respect_Paying_Bot	fn25x7e	C
2020-04-11 00:28:26.545039	u/GG_Midori_13	fn26ky1	u/Gracelander101	fn1zdkb	C
2020-04-11 00:28:31.196526	u/fuzzydino123Official	fn26lum	u/Dbond213	fn26fxy	C
2020-04-11 00:28:32.648055	u/Nutdealer9000	fn26mar	u/bigouncprostretfella	fn1sdz6	C
2020-04-11 00:28:56.054782	u/FuyukiLikesWaffles	fn26n1h	u/STRADD838	fmzfqtq	C
2020-04-11 00:29:22.661339	u/glassedMalk	fn26of0	u/Haritoo	fn23m5v	C
2020-04-11 00:29:40.169394	u/horrorshowd9	fn26plu	u/5_Dicks_In_Me	fn25um1	C
2020-04-11 00:29:42.363047	u/arka_dastidar	fn26psn	u/Floriejan	fn0zlow	C
2020-04-11 00:29:59.576693	u/onyuchen	fn26qjt	u/BlackOut-76	fn1tbwt	C
2020-04-11 00:30:14.355861	u/puropinchespurs	fn26r9k	u/Joesdad65	fn203yc	C
2020-04-11 00:30:55.826854	u/Dance_Monkee_Dance	fn26rjn	u/LockeLamoraLies	fn26gj8	C
2020-04-11 00:31:24.031953	u/Dry_Web	fn26tgk	u/fuzzydino123Official	fn26lum	C
2020-04-11 00:31:55.057204	u/Thekingsupre	fn26up4	u/RepostSleuthBot	fn26sl8	C
2020-04-11 00:32:31.993337	u/Blazeradio37	fn26wi7	u/Teshin_Thai	fn26mc8	C
2020-04-11 00:32:35.874703	u/JakeO-lantern	fn26wob	u/infamouszoggy	fn26afm	C
2020-04-11 00:32:38.150056	u/hillbillyboy28374737	fn26wp1	u/scavenger-turtle	fn23xr6	C
2020-04-11 00:32:46.941320	u/LunaticRonin	fn26wxg	u/zombiere4	fn1q41l	C
2020-04-11 00:33:50.496699	u/6The_Dude9	fn26z34	u/Zunaryon	fmzr58x	C
2020-04-11 00:33:52.636055	u/ofretc	fn26z3m	u/Master_JBT	fn261mz	C
2020-04-11 00:34:08.849794	u/mamamma13	fn2700r	u/A_team_of_ants	fn1h17o	C
2020-04-11 00:34:45.572228	u/Ultk15	fn2714r	u/Hippie2dend	fn1weee	C
2020-04-11 00:35:10.131926	u/Tincanman06	fn2726x	u/12cheese21	fn19yws	C
2020-04-11 00:35:29.885048	u/SlightZookeepergame5	fn272yx	u/cjdeathhunter1	fn23doe	C
2020-04-11 00:36:08.722735	u/Woooosh_If_Gay	fn274xf	u/Codiplee47	fn26xbt	C
2020-04-11 00:36:13.927717	u/xXMuschi_DestroyerXx	fn2754d	u/jollymemegiant	fn1kq82	C
2020-04-11 00:36:15.869684	u/critic2029	fn2754e	u/Mblackbu	fn1z8e7	C
2020-04-11 00:36:36.071887	u/tenzok	fn276mc	u/Donghoon	fn25zmf	C
2020-04-11 00:36:39.848532	u/Nik_116	fn276u3	u/Dememer69420	fn1v4kl	C
2020-04-11 00:36:43.716310	u/LuckiPop	fn276zv	u/CamaraCam	fn24tgl	C
2020-04-11 00:36:51.118744	u/David_Simone	fn277d3	u/sam_774	fmp8djg	C
2020-04-11 00:36:59.550435	u/CarFreak777	fn277vp	u/AdrianBUL	fn0zfz5	C
2020-04-11 00:37:07.459682	u/TheLordOfWraiths	fn2788i	u/Steven_the_dipshit	fn272qj	C
2020-04-11 00:37:21.967243	u/Fascadez	fn278zt	u/dani-snijders	fyqxei	S
2020-04-11 00:37:34.450848	u/Chris_El_Deafo	fn279g4	u/ZAVVVVV23	fn21ngs	C
2020-04-11 00:37:54.881796	u/unobaldmiser	fn27ave	u/teriyaki_sandwich	fn1cmtj	C
2020-04-11 00:38:06.814656	u/valzargaming	fn27bff	u/Noahbradley125	fn1ldf9	C
2020-04-11 00:38:09.272068	u/AliItisnot	fn27bht	u/CristolerGm	fn1ae2r	C
2020-04-11 00:38:27.061626	u/jda2910	fn27cfx	u/wolfy1x1	fn276jb	C
2020-04-11 00:39:08.558385	u/Netra14	fn27eod	u/NotYetPotato143	fn26yc5	C
2020-04-11 00:40:17.171419	u/EnderSchool101	fn27hph	u/comrade-d0ggo	fn27aec	C
2020-04-11 00:40:35.525495	u/PhxRising29	fn27i5a	u/getyourrealfakedoors	fn21yub	C
2020-04-11 00:40:41.340062	u/rararar234whsjer	fn27ibv	u/Chimney-head	fn25b5d	C
2020-04-11 00:41:21.832825	u/the_new_longneck	fn27k3r	u/BlackHawkUH6024	fn26t93	C
2020-04-11 00:42:00.732727	u/NickyTheGreater	fn27lpp	u/PlzButterMeUp	fn1uciv	C
2020-04-11 00:42:03.107577	u/HowdieHighHowdieHoe	fn27ls1	u/0BYK0	fn1l5lm	C
2020-04-11 00:43:08.215775	u/-N00BMaster69--	fn27o6p	u/shleyal19	fn1nryl	C
2020-04-11 00:43:40.444674	u/livens	fn27pk0	u/Mblackbu	fn1z8e7	C
2020-04-11 00:44:32.783513	u/OwStopHittingMe	fn27rzb	u/FireballPlayer0	fn27qdf	C
2020-04-11 00:44:35.316700	u/ZolbieAB	fn27s2g	u/Ap125679	fyp3dg	S
2020-04-11 00:44:48.446155	u/PortlyWarhorse	fn27se3	u/bb0511	fn20ogo	C
2020-04-11 00:44:56.647559	u/theblubbyone	fn27sv3	u/PhxRising29	fn27kb1	C
2020-04-11 00:45:06.083613	u/lillyk2022	fn27t50	u/tejpym	fn27f0a	C
2020-04-11 00:45:08.128507	u/Harvestman45	fn27t5e	u/OwStopHittingMe	fn27oxj	C
2020-04-11 00:45:20.035814	u/zanexddd	fn27tkv	u/wigga_higga	fn1piuc	C
2020-04-11 00:45:34.751270	u/sumguy32	fn27u4p	u/carnivores_vegan	fn278wn	C
2020-04-11 00:45:54.194782	u/lelboie214	fn27uwf	u/MyNameIsConway	fn22o98	C
2020-04-11 00:46:07.168391	u/elbenji	fn27vmr	u/staring_at_the_sky	fn0n8n0	C
2020-04-11 00:46:21.366301	u/Pyoro_Byoro_Ryoro	fn27w1e	u/Jasper455	fn200xp	C
2020-04-11 00:46:59.895526	u/nelsyaqm	fn27xyw	u/BillNyeTheElonGuy	fn26gnp	C
2020-04-11 00:47:17.811352	u/NoLamesAllowed	fn27yw2	u/JuliaKostiv	fn1wlil	C
2020-04-11 00:47:30.972065	u/maxschreck616	fn27zpv	u/fredvanvleetsr	fn1s1l6	C
2020-04-11 00:48:07.069907	u/swiftreddit75	fn281cf	u/_jun_yi_	fn27yfk	C
2020-04-11 00:48:20.471599	u/gradill22	fn281xr	u/ZipitKat	fn1f61o	C
2020-04-11 00:48:34.404550	u/Rosinante3000	fn282ty	u/ZipitKat	fn1f61o	C
2020-04-11 00:49:17.311458	u/PeterExpainsTheJoke	fn2851n	u/MasterSofa69	fn1xcsy	C
2020-04-11 00:49:32.904477	u/PedoSa	fn285zn	u/ewan57	fn0bnol	C
2020-04-11 00:50:04.974332	u/KillerQueen913	fn2878h	u/BluRevealing	fn282as	C
2020-04-11 00:50:20.305935	u/amlo420	fn287vu	u/LUFTWAFF3L	fn13b7v	C
2020-04-11 00:50:29.346852	u/sirkilzlot	fn2886q	u/the21ms	fn286uh	C
2020-04-11 00:50:37.472452	u/MVP-Ali-X	fn288ca	u/RepostSleuthBot	fn26hpn	C
2020-04-11 00:50:55.618828	u/AceOfEpix	fn288v8	u/sangriya	fn1ulsv	C
2020-04-11 00:52:40.517338	u/SemiNormal	fn28cs0	u/ntplays	fn26yh4	C
2020-04-11 00:52:57.634375	u/JacobLTG	fn28d6z	u/DoktorVaso18	fn26hch	C
2020-04-11 00:53:07.330386	u/-Nick____	fn28dep	u/MuskyMusk123	fn1qzez	C
2020-04-11 00:54:19.336424	u/Engine552	fn28gcj	u/SkepticalSeptro	fn15r5b	C
2020-04-11 00:54:21.464782	u/TobiiSenrin	fn28ges	u/RepostsSleuthbott	fn1aepw	C
2020-04-11 00:54:42.019165	u/Stangler_61	fn28h8c	u/RepostSleuthBot	fn28au5	C
2020-04-11 00:54:48.719698	u/mcflurry132	fn28hhi	u/Atrocity_YT	fn27vq8	C
2020-04-11 00:54:50.748525	u/Undertale123452	fn28hjn	u/NickyTheGreater	fn27lpp	C
2020-04-11 00:54:54.001041	u/Furry-Nerd	fn28hvg	u/A_team_of_ants	fn1h17o	C
2020-04-11 00:55:07.214807	u/syrinxu	fn28ia2	u/Dependent-Photograph	fn21xev	C
2020-04-11 00:55:10.228613	u/jlegs407	fn28id1	u/Justifier925	fn1z4v8	C
2020-04-11 00:55:16.658793	u/Lepoi	fn28il7	u/RepostSleuthBot	fn23322	C
2020-04-11 00:55:19.589607	u/dragon_qu33n1	fn28iv5	u/lillyk2022	fn27w9l	C
2020-04-11 00:55:31.247753	u/peepingjudging	fn28j8l	u/lillyk2022	fn27t50	C
2020-04-11 00:56:10.161284	u/wolftron9001	fn28kx3	u/Benjithedog2421	fn20rke	C
2020-04-11 00:56:13.944115	u/smol_bean0	fn28l05	u/Trumpet_Boooi	fn20i88	C
2020-04-11 00:56:17.801923	u/glorius_pepper	fn28l9w	u/sangriya	fn1ulsv	C
2020-04-11 00:56:30.835108	u/UnspokenBeing	fn28lzq	u/iwantmoresoup	fn27mfe	C
2020-04-11 00:56:36.616981	u/Mortuus1725	fn28mfp	u/AChero9	fn1sk71	C
2020-04-11 00:57:10.374781	u/FierceMudcrab	fn28nu7	u/shleyal19	fn1nryl	C
2020-04-11 00:57:13.970682	u/not_a_9_year_old12	fn28o8g	u/TheDevilsDingo	fn28hxd	C
2020-04-11 00:57:32.205002	u/pm-ur-bobz-or-vagene	fn28p4i	u/plaguer2023	fl9qywg	C
2020-04-11 00:57:34.689136	u/NUT696969	fn28pba	u/ab2200461	fn1ulv5	C
2020-04-11 00:57:50.660327	u/darksyder234	fn28q1r	u/Respect_Paying_Bot	fn281el	C
2020-04-11 00:57:58.302334	u/CallMeZeo	fn28qvu	u/glkerr	fn2535a	C
2020-04-11 00:58:11.543617	u/ReanuKeeves94	fn28rkx	u/Fair_Salt	fn1xbfk	C
2020-04-11 00:58:35.538497	u/Bax3l	fn28stb	u/Mohan_N	fn266w3	C
2020-04-11 00:59:00.218472	u/RB26xSkyline34	fn28u2s	u/5_Dicks_In_Me	fn25zan	C
2020-04-11 00:59:10.536264	u/ZerbaDerba12	fn28uxr	u/gamerrfm9	fn24jgf	C
2020-04-11 00:59:29.314053	u/Ching871	fn28vnr	u/TheDevilsDingo	fn28uo5	C
2020-04-11 00:59:43.375749	u/6668882005	fn28vsd	u/ENDwave	fn177kj	C
2020-04-11 00:59:55.248233	u/Phynatic	fn28x07	u/Bantabury97	fn10pe1	C
