2020-03-21 12:00:55.833763	u/DorIsch	fl45aex	u/modern_problems	fl3wzy9	C
2020-03-21 12:01:55.050005	u/errormessage69	fl45cdw	u/RepostSleuthBot	fl45a21	C
2020-03-21 12:02:07.180237	u/MelvinM2003	fl45czx	u/Weiplayz	fl458bb	C
2020-03-21 12:04:13.071835	u/Crystalizer66	fl45hqt	u/embracethemems	fl40g6i	C
2020-03-21 12:05:40.588861	u/Kobalt_Clutterphuck	fl45kk8	u/ImFairly_	fl42mr5	C
2020-03-21 12:05:50.450903	u/LoneWolfFalling	fl45kzc	u/Verdeant	fl45fdq	C
2020-03-21 12:06:32.420447	u/Just_A_Passing_Bi	fl45mul	u/TheRealChrome_	fl40vl2	C
2020-03-21 12:06:44.215495	u/somania123	fl45nbz	u/locolukie69	fl42dv0	C
2020-03-21 12:07:00.144361	u/MegaCoolRulez	fl45nsq	u/Essa20	fl44tea	C
2020-03-21 12:07:19.300032	u/vulpecula_alfa	fl45ofl	u/modern_problems	fl42odt	C
2020-03-21 12:07:57.089686	u/WonkaILoompa	fl45q2o	u/AzuFanti16	fl42102	C
2020-03-21 12:08:59.475755	u/CypherIsBad	fl45tty	u/RepostSleuthBot	fl3ysi8	C
2020-03-21 12:09:41.344482	u/joshab537	fl45wsn	u/diamondyy04	fl3y6vc	C
2020-03-21 12:09:51.286715	u/Fred-The-Chicken	fl45xbv	u/Frugal-Redditor	fl3ub8d	C
2020-03-21 12:10:01.390159	u/broccoli-love	fl45yio	u/PerfectOctogon	fl41tmy	C
2020-03-21 12:11:25.891958	u/josh-britton	fl460s9	u/EthanielClyne	fl45yn0	C
2020-03-21 12:12:29.338106	u/MarvelMatt924	fl463a1	u/RepostSleuthBot	fl4627k	C
2020-03-21 12:13:56.425077	u/poorly_timed_fuck	fl466p3	u/Dr_Saguaro	fl45rh0	C
2020-03-21 12:14:33.153767	u/Q-singularity	fl467yu	u/newreditspellcant	fl45s4m	C
2020-03-21 12:15:24.852189	u/red_velv	fl46acv	u/L3on51	fl3k8ij	C
2020-03-21 12:16:31.437925	u/jeparleunpeu	fl46d2e	u/sleepyBear012	fl3sbme	C
2020-03-21 12:17:00.570152	u/LearnedTsunami	fl46dz1	u/abductedpeanut	fl3on4n	C
2020-03-21 12:17:22.517335	u/MrArgle_Bargle	fl46f1i	u/salmonwings69	fl3y3jr	C
2020-03-21 12:17:27.410940	u/h_harre	fl46f6e	u/RepostSleuthBot	fl45zgs	C
2020-03-21 12:17:35.389974	u/Obaijansen21	fl46fll	u/da_angry_bison	fl3v6vs	C
2020-03-21 12:18:17.744839	u/YouAreWhat-killed-me	fl46h5l	u/WheelyFreely	fl45dqx	C
2020-03-21 12:18:21.434070	u/Scioto_	fl46hbp	u/blackspy1	fl3xjmj	C
2020-03-21 12:18:37.060261	u/fallenangel8482	fl46i6f	u/HammerAlzheimer	fl3k7tg	C
2020-03-21 12:18:54.037039	u/Kalgor91	fl46izc	u/GordonSucksAtLife	fl3se2d	C
2020-03-21 12:19:17.985053	u/ExpensiveCourage	fl46kfe	u/KingCrimsonsEpitaph-	fl44iax	C
2020-03-21 12:19:27.657155	u/Bandeszdeloresz	fl46l1l	u/RepostSleuthBot	fl46fxj	C
2020-03-21 12:19:46.540938	u/Waterbotlecap	fl46mcd	u/Dr_Saguaro	fl463la	C
2020-03-21 12:19:50.318316	u/Naqochak	fl46n0t	u/RepostSleuthBot	fl40ygj	C
2020-03-21 12:19:54.255622	u/CowCluckLated	fl46n8g	u/RepostSleuthBot	fl45y6o	C
2020-03-21 12:19:55.071076	u/lost-my-kite	fl46nex	u/AutoModerator	fl46lo9	C
2020-03-21 12:19:55.341382	u/OrangeTiger91	fl46nfs	u/theGhats	fl3e1z8	C
2020-03-21 12:19:58.971456	u/Chococrispreunite	fl46o1d	u/RepostSleuthBot	fl40ygj	C
2020-03-21 12:19:59.987058	u/PumaDAce90	fl46o65	u/DummeTaube	fl45uo0	C
2020-03-21 12:21:09.099475	u/cris88888	fl46qj4	u/PumaDAce90	fl46o65	C
2020-03-21 12:21:20.818467	u/sandy-cheeks-	fl46qtj	u/Swoopzs	fl3vczf	C
2020-03-21 12:21:41.346030	u/Isai284390	fl46rg6	u/aloncat	fl3iyif	C
2020-03-21 12:22:03.041941	u/lukecanpuke	fl46srx	u/signofthecross17	fl41i4o	C
2020-03-21 12:22:09.329999	u/ReverseNL	fl46t11	u/DmMacniel	fl3hr15	C
2020-03-21 12:22:59.241626	u/TibbeOrdelman	fl46upl	u/RepostSleuthBot	fl467vd	C
2020-03-21 12:23:05.201249	u/koterstijder	fl46uyl	u/zhoox	fl3os0v	C
2020-03-21 12:23:07.430406	u/MysticFlarePlayz	fl46v7s	u/oli_n_174	fl3rx5x	C
2020-03-21 12:23:17.695051	u/BridgeSheep	fl46vs6	u/getyeetd	fl460n6	C
2020-03-21 12:25:01.830197	u/phuckmyluck	fl46ypf	u/DeadMan-Walkin	fl45y80	C
2020-03-21 12:25:40.980843	u/mixam-_-	fl470pb	u/RepostSleuthBot	fl3ysi8	C
2020-03-21 12:25:57.193784	u/y-u-lookinat-me-bro	fl471hy	u/Gerbie100	fl43ulw	C
2020-03-21 12:26:04.001937	u/Avenixor420	fl471wc	u/RepostSleuthBot	fl4704d	C
2020-03-21 12:26:09.668182	u/finny-bo-binny	fl4727x	u/RepostSleuthBot	fl46yhf	C
2020-03-21 12:26:29.817055	u/NKserbia	fl472se	u/abductedpeanut	fl443jw	C
2020-03-21 12:26:37.573910	u/CkGameplay	fl4738m	u/billy-da-hobo	fl3osym	C
2020-03-21 12:26:50.592562	u/SnappyTurtle57	fl473xi	u/RepostSleuthBot	fl3ysi8	C
2020-03-21 12:26:58.546897	u/Flo_oid	fl474cd	u/LonnieBird	fl1yjcu	C
2020-03-21 12:28:22.739424	u/General-HelloThere	fl477k5	u/KnowedgeAndStupidity	fl43mjc	C
2020-03-21 12:28:56.358027	u/YourAverageReddit0r	fl479ih	u/furhoove	fl3v0q1	C
2020-03-21 12:28:58.936625	u/Grvachi	fl479po	u/YouAreWhat-killed-me	fl46h5l	C
2020-03-21 12:29:20.029367	u/montysholygrail	fl47be6	u/AutoModerator	fl3z6u2	C
2020-03-21 12:29:31.785863	u/XENOX_glhf	fl47c2k	u/IguanasWithInternet	fl44uzm	C
2020-03-21 12:29:32.823878	u/BitnubZ	fl47c7t	u/nota3lephant	fl42foi	C
2020-03-21 12:32:35.956997	u/suk_me_hahaha	fl47k4t	u/RepostSleuthBot	fl3ysi8	C
2020-03-21 12:32:38.136840	u/pranav2112	fl47kc8	u/AutoModerator	fl3m24x	C
2020-03-21 12:33:28.153672	u/TheRealWinDexTer	fl47men	u/RepostSleuthBot	fl435e9	C
2020-03-21 12:33:46.651420	u/Miguel-chan	fl47n96	u/Amnondyonon	fl3lypg	C
2020-03-21 12:33:56.404042	u/representmcforyouth	fl47nm7	u/IguanasWithInternet	fl44uzm	C
2020-03-21 12:34:18.930477	u/InsanePacman	fl47oz3	u/Xx_KiK_xX_AltAcc	fl3h1gn	C
2020-03-21 12:34:21.088816	u/PieceOfCringePie	fl47p1r	u/Obaijansen21	fl40rao	C
2020-03-21 12:35:16.478048	u/Nanowielder	fl47rad	u/TherionX2	fl3xe97	C
2020-03-21 12:35:22.408718	u/nivniv3	fl47rp8	u/BitnubZ	fl47c7t	C
2020-03-21 12:35:31.987684	u/whitson67	fl47s0x	u/LoneWolfFalling	fl45a01	C
2020-03-21 12:37:11.000904	u/DanielTheDM	fl47wl0	u/RepostSleuthBot	fl3o5xr	C
2020-03-21 12:37:23.315095	u/Jerrythedude101	fl47x6s	u/memes-69-420	fl45juf	C
2020-03-21 12:38:03.722257	u/afxin	fl47zhl	u/NomNomJohn	fl3rz5g	C
2020-03-21 12:38:13.846587	u/Leo_MON3Y	fl47zwv	u/Gerbie100	fl43ulw	C
2020-03-21 12:38:37.208861	u/yirthain	fl4817f	u/Scioto_	fl46lai	C
2020-03-21 12:39:14.103690	u/SeymourPant	fl483a6	u/AutoModerator	fl423iv	C
2020-03-21 12:39:28.520246	u/Modern_Solutions2	fl4849m	u/modern_problems	fl466x6	C
2020-03-21 12:39:49.844427	u/cjc1234godkiller	fl485ev	u/Upper-Bonus	fl41fd9	C
2020-03-21 12:40:08.184271	u/mrhyb	fl487cf	u/3ggyman	fl46wij	C
2020-03-21 12:40:10.541773	u/_MrGullible	fl487e2	u/CypherIsBad	fl44434	C
2020-03-21 12:40:21.293528	u/Fanmeme12345	fl487kq	u/UslashUslashUser	fl480rc	C
2020-03-21 12:41:07.025815	u/InedibleTaco	fl489b7	u/MegaCoolRulez	fl45nsq	C
2020-03-21 12:41:08.137648	u/_RKade_	fl489bb	u/ExpensiveCourage	fl45iwq	C
2020-03-21 12:42:24.345264	u/Dank_degree	fl48bm6	u/nivniv3	fl47rp8	C
2020-03-21 12:42:30.220085	u/scps53770	fl48bqj	u/3ggyman	fl46ktb	C
2020-03-21 12:42:36.429370	u/konotacja	fl48btl	u/el_hirmo	fl46klm	C
2020-03-21 12:42:44.344711	u/drink-beer-and-fight	fl48c5k	u/LoneWolfFalling	fl44pjl	C
2020-03-21 12:43:25.232028	u/Leonidus159	fl48dh6	u/RepostSleuthBot	fl4344u	C
2020-03-21 12:43:40.633834	u/ImNayeon_	fl49o1e	u/Kind-Pop	fl3zskq	C
2020-03-21 12:43:42.657275	u/DaddyCal0	fl49o6a	u/almightygamer2020	fl42ypi	C
2020-03-21 12:43:53.909475	u/Retro0410	fl49otz	u/SquirrelMaster1738	fl43thl	C
2020-03-21 12:44:18.367856	u/Gunslinger_jr	fl49pr2	u/good_boi_bot	fl34w57	C
2020-03-21 12:44:19.353697	u/SkeepantheDwarf	fl49psx	u/el_hirmo	fl46klm	C
2020-03-21 12:44:20.385497	u/fleming0234	fl49pud	u/TheTreeDemoknight	fl3yvhd	C
2020-03-21 12:44:33.723030	u/otaku_teddy	fl49ql3	u/Upper-Bonus	fl418j4	C
2020-03-21 12:46:27.531415	u/Danwell445	fl49uzw	u/krisjanssen	fl49501	C
2020-03-21 12:47:12.373664	u/the_wright_guy11	fl49x71	u/Dank_degree	fl48bm6	C
2020-03-21 12:48:07.710984	u/SillyGustavo	fl4a037	u/Clanish	fl49xli	C
2020-03-21 12:48:13.898839	u/hoagy44	fl4a0fc	u/The_Odyssee	fl3zgfu	C
2020-03-21 12:48:22.837845	u/Revolutionary__Goose	fl4a0ty	u/Leo_MON3Y	fl47zwv	C
2020-03-21 12:48:40.368413	u/PsyLich	fl4a1cv	u/RepostSleuthBot	fl44gvy	C
2020-03-21 12:49:17.151377	u/GamerJBoy69	fl4a393	u/Patrick_Bot2	fl48qkc	C
2020-03-21 12:49:37.274656	u/Croissant_Master	fl4a4dv	u/Modern_Solutions2	fl4849m	C
2020-03-21 12:49:49.273165	u/DitoDevice	fl4a50s	u/Jerrythedude101	fl46qc4	C
2020-03-21 12:50:20.109360	u/MyAutisticBoi	fl4a7dw	u/PumaDAce90	fl46xmf	C
2020-03-21 12:50:45.233599	u/Dragon01543	fl4a824	u/Patrick_Bot2	fl3wdb0	C
2020-03-21 12:51:21.338525	u/Gmanmaster7672	fl4a9fc	u/NomNomJohn	fl3ta1x	C
2020-03-21 12:51:41.681517	u/SpookyCutlery	fl4aa3t	u/zhoox	fl3wlci	C
2020-03-21 12:51:47.280707	u/AimBo_TIL	fl4aab5	u/RepostSleuthBot	fl49pg4	C
2020-03-21 12:51:48.367435	u/Toxic_Microwave	fl4aafw	u/DarkKnight242	fl4a8cw	C
2020-03-21 12:52:18.445740	u/droneflyer35621	fl4absh	u/RepostSleuthBot	fl45xer	C
2020-03-21 12:52:51.532626	u/ClessGames	fl4acw0	u/justcatt	fl3sl2d	C
2020-03-21 12:53:29.668488	u/Faleves	fl4ae5b	u/thelonelygenuis	fl44ysg	C
2020-03-21 12:54:16.883163	u/friendfar	fl4ag6s	u/CowCluckLated	fl46o3t	C
2020-03-21 12:54:57.279560	u/some_rando_i_guess	fl4ai7i	u/billy-da-hobo	fl4ad2a	C
2020-03-21 12:55:47.755855	u/cammyboy55	fl4ajsn	u/RepostSleuthBot	fl42gyf	C
2020-03-21 12:56:44.999912	u/Smasher4291	fl4am00	u/AutoModerator	fl423iv	C
2020-03-21 12:57:19.300687	u/justhereforthehumor	fl4anbp	u/jeparleunpeu	fl46d2e	C
2020-03-21 12:57:55.847329	u/Mediocre_Nobody	fl4aovf	u/YourLocalCreep	fl49myt	C
2020-03-21 12:58:10.850519	u/secondtoasterintub	fl4apvu	u/Jerrythedude101	fl48dgh	C
2020-03-21 12:58:32.164114	u/__mahalo___	fl4aqxy	u/lipplapp	fl4an52	C
2020-03-21 12:58:35.548668	u/BlantonThePirate	fl4ar5l	u/Ghoulish4t0m	fl3oxnk	C
2020-03-21 12:58:39.600837	u/Dj23ItA_PUBG	fl4ards	u/RepostSleuthBot	fl4ae7h	C
2020-03-21 12:59:26.413679	u/KnightOfRozhok5	fl4atrk	u/RepostSleuthBot	fl4774o	C
2020-03-21 12:59:31.311433	u/tanuj_maheshwari	fl4au7x	u/Jerrythedude101	fl45dqo	C
2020-03-21 12:59:35.509847	u/donutjoe21	fl4auz2	u/poorly_timed_fuck	fl466p3	C
2020-03-21 12:59:44.296856	u/TryMyGravy	fl4avfs	u/Yedok-Hon	fl3xgw3	C
2020-03-21 12:59:46.542290	u/Donfau	fl4avk9	u/billy-da-hobo	fl4au97	C
2020-03-21 12:59:57.764213	u/maeoski	fl4awj0	u/cor_II	fl3kp1c	C
2020-03-21 12:59:58.266050	u/ItsPringles123	fl4awla	u/RepostSleuthBot	fl4aukd	C
