2020-04-10 22:00:31.834902	u/mr_ransom	fn1tbwl	u/GCat26	fn1sw2l	C
2020-04-10 22:01:01.899863	u/ihatemondaynights	fn1td1j	u/KingCon6931	fn1noyn	C
2020-04-10 22:01:06.827587	u/sotusakr	fn1td6w	u/Master_JBT	fn1oika	C
2020-04-10 22:01:20.423694	u/xWorldSoColdxmm	fn1tds4	u/DrSquiggly-	fn04w4q	C
2020-04-10 22:01:22.677528	u/OrganicSignature	fn1tdtj	u/illeger_hamberder	fn1p8an	C
2020-04-10 22:01:37.132267	u/Neverbloomy	fn1teia	u/Crazy_Squid_420	fn1s7b0	C
2020-04-10 22:01:50.750814	u/Scf090701	fn1teyt	u/RightEquivalent	fn1skd6	C
2020-04-10 22:02:38.563721	u/the_welfare_store	fn1tgvr	u/Russell_02	fn1f27f	C
2020-04-10 22:02:59.870940	u/HyperNathan	fn1thov	u/RepostSleuthBot	fn1q989	C
2020-04-10 22:03:15.856899	u/TinyKeanuReevesMeme	fn1tidq	u/Acedia_the_Skele	fn1cw0t	C
2020-04-10 22:04:56.868569	u/jamesmarsha1991	fn1tm1p	u/illeger_hamberder	fn1pag3	C
2020-04-10 22:05:05.617961	u/captianpancake	fn1tmdn	u/Master_JBT	fn1ngs0	C
2020-04-10 22:05:13.435567	u/FNaF_Theorizer	fn1tmg4	u/Ripperr_EU	fn10uqt	C
2020-04-10 22:05:19.471289	u/polarbear-likes-cake	fn1tmkv	u/DodrioFan480	fn1mce6	C
2020-04-10 22:05:32.637719	u/snaer11	fn1tn37	u/RepostSleuthBot	fn1s1yh	C
2020-04-10 22:05:36.822343	u/Thefoxsinofgeed	fn1tnbd	u/NoodleSaidSo	fn1si1s	C
2020-04-10 22:05:43.117064	u/boipop729	fn1tnl4	u/Chief_Boi	fn1qam3	C
2020-04-10 22:05:46.048601	u/DayzManEater	fn1tnqa	u/MAGIC_EYE_BOT	fn1tje1	C
2020-04-10 22:06:13.977897	u/adamsama22	fn1tp6m	u/BinBender	fn1tifb	C
2020-04-10 22:07:05.692832	u/282449	fn1tsfd	u/freestylearts911	fyj6k7	S
2020-04-10 22:07:26.896828	u/bean-garlick	fn1tt8m	u/V_da_Gr8	fn1rzt8	C
2020-04-10 22:07:34.338137	u/red7ent	fn1ttic	u/NICKGURH6969	fn1tnya	C
2020-04-10 22:08:31.274565	u/Joe_Schmo_	fn1tvsr	u/ThiccBepissss	fn0j8xq	C
2020-04-10 22:08:51.171177	u/yewtewbtee	fn1txor	u/rriro	fn1s848	C
2020-04-10 22:09:19.146852	u/im2fat4myspeedo	fn1tz59	u/rriro	fn1s848	C
2020-04-10 22:09:27.429578	u/Singular1st	fn1u09j	u/ultraman7676	fn16p2g	C
2020-04-10 22:09:38.981561	u/MilkTastesGood4	fn1u184	u/meepoids	fn1smkb	C
2020-04-10 22:09:40.327167	u/BerruecoDD	fn1u1a5	u/parola123y	fn1stgx	C
2020-04-10 22:09:42.578554	u/no_ur_mom_gay	fn1u1bi	u/annoying_ravenclaw	fn1t6dj	C
2020-04-10 22:09:44.976511	u/Charvey74	fn1u1m0	u/BobRoss_keepcrits	fn1tgji	C
2020-04-10 22:09:45.727093	u/F1r5TBl0oD23	fn1u1m4	u/red7ent	fn1ttic	C
2020-04-10 22:10:36.537092	u/white_viper	fn1u408	u/joelwinsagain	fn1nyw5	C
2020-04-10 22:11:16.517011	u/why-am-I-alive-here	fn1u5fr	u/TooStew	fn1oilf	C
2020-04-10 22:11:31.624338	u/dontworryaboutfallin	fn1u5wi	u/BinBender	fn1u17y	C
2020-04-10 22:11:46.136430	u/Datboirollin51	fn1u6qo	u/Guevasa	fn1t9t8	C
2020-04-10 22:11:52.709426	u/attention2detail96	fn1u791	u/HelpingPhriendlyPhan	fn1tya9	C
2020-04-10 22:12:02.279085	u/kittiot_thing	fn1u7pg	u/zomkilla123	fn1pqrm	C
2020-04-10 22:12:04.580628	u/LeftmostAura	fn1u7u3	u/RepostSleuthBot	fn1s1yh	C
2020-04-10 22:12:27.512429	u/chrirei	fn1u93h	u/Relan42	fn1miny	C
2020-04-10 22:12:33.145413	u/illxyena	fn1u98n	u/PresidentXanders	fn1bvmh	C
2020-04-10 22:13:42.082444	u/BadmanStarks434	fn1ucj0	u/im-gay-motherfucker	fmyvzre	C
2020-04-10 22:14:16.858468	u/Bennybooooooi	fn1udqi	u/VentCrab	fn0mjor	C
2020-04-10 22:14:31.998542	u/Foxweeb-	fn1ued1	u/DraxRieper	fn1u0w4	C
2020-04-10 22:14:36.644922	u/KkngTyler	fn1uegf	u/SteveTartar	fmz2db4	C
2020-04-10 22:14:47.015793	u/Rhett12344	fn1uey1	u/ShellyXT	fn12jnm	C
2020-04-10 22:14:59.563553	u/mickeltee	fn1ufdx	u/Meme_geezus	fn1syt7	C
2020-04-10 22:15:07.027420	u/xannypacquiao1	fn1ufmg	u/phustalma	fn1uecd	C
2020-04-10 22:15:26.200750	u/DodgeGuy07	fn1ug0a	u/ehgwdf	fn1pszl	C
2020-04-10 22:15:36.819612	u/shsshahnsna38272	fn1ugg1	u/lucasbaku	fn1t4dh	C
2020-04-10 22:15:44.452999	u/jjustanotherredditer	fn1ugqr	u/VentCrab	fn0mjor	C
2020-04-10 22:15:47.470523	u/SadSpleen	fn1ugt6	u/BORORORI	fn1lu42	C
2020-04-10 22:15:56.332126	u/xJohnnyQuidx	fn1uh97	u/FormalSwimming	fn1u0q2	C
2020-04-10 22:16:45.527876	u/MrCheezballzKET	fn1uk5l	u/Imsociallyawkwardwoo	fn1t1s2	C
2020-04-10 22:16:57.840623	u/dpahoe	fn1ullo	u/totalyamemegod	fmzkqjb	C
2020-04-10 22:17:00.472870	u/xd_Pawsitive	fn1ulp5	u/xd-thermic	fn0kfu5	C
2020-04-10 22:17:39.297425	u/_pikagirl345	fn1unvi	u/JellyFishSenpai	fn16nus	C
2020-04-10 22:17:54.935707	u/Trombittone5	fn1uotp	u/TrexarSC	fn126ow	C
2020-04-10 22:18:01.709836	u/Uni_Salvern	fn1uozd	u/Blitxer	fn1i011	C
2020-04-10 22:18:07.625621	u/JustALonelyWriter1	fn1upad	u/oingo-boingo-brother	fn0pq8k	C
2020-04-10 22:18:09.908879	u/ca1m_4s_fuck	fn1upbb	u/jedi-ma--just-anakin	fn1mhcn	C
2020-04-10 22:18:15.378819	u/SleepDeprivedFun	fn1upjc	u/the-dude-over-there	fm97ahc	C
2020-04-10 22:18:22.522957	u/null2022	fn1upsn	u/Grey-Jay-1	fn16ip6	C
2020-04-10 22:18:40.462723	u/sop4321	fn1uqqc	u/oof_oofo	fn1upfv	C
2020-04-10 22:18:58.503731	u/Spekk0	fn1uro5	u/Nerfed_Nerfgun	fn1u4sr	C
2020-04-10 22:19:22.981752	u/itsallgoodman2002	fn1uu4r	u/MilitantCentrist	fn1tn5h	C
2020-04-10 22:19:28.760016	u/burbuliethres	fn1uuv4	u/R-Y-U-K-O	fn1250y	C
2020-04-10 22:19:36.086536	u/rajigo07	fn1uvbh	u/KJTGamer1	fn1ujt4	C
2020-04-10 22:19:41.283346	u/schmobiluck	fn1uvr4	u/johntheflyingwhale	fn1tvkj	C
2020-04-10 22:19:57.939288	u/bobby_tincan	fn1uxk1	u/BeNbUcKToO	fn1p9ld	C
2020-04-10 22:19:59.476609	u/tsangal1	fn1uy34	u/SnowySupreme	fn1a95s	C
2020-04-10 22:20:12.499353	u/misa2310	fn1uyky	u/TheFischschtick	fn1ac1k	C
2020-04-10 22:20:51.070359	u/Anferoni	fn1v077	u/GingerBreadMob	fmxdr9z	C
2020-04-10 22:20:59.081519	u/mystickxnna	fn1v0i8	u/RetardedGaming	fn1bwjm	C
2020-04-10 22:21:11.171867	u/River_Grass	fn1v16u	u/MicahSlash	fn1lxtg	C
2020-04-10 22:22:15.831234	u/che-Z	fn1v4gy	u/BobRoss_keepcrits	fn1tgji	C
2020-04-10 22:22:22.374034	u/Lycanthropize	fn1v4pw	u/Nightfountain11	fn1raqk	C
2020-04-10 22:22:32.823717	u/KissAndControlx	fn1v51v	u/interstitiality	fn1uu5h	C
2020-04-10 22:22:56.306931	u/bubzr8	fn1v5hq	u/Mconefrey2021	fn1rqb5	C
2020-04-10 22:23:08.877597	u/Filthy_Ratdog	fn1v60b	u/SofiBK	fn02nc3	C
2020-04-10 22:23:31.414340	u/Zeymare	fn1v7bj	u/Neoblaze1207	fn1m74t	C
2020-04-10 22:24:18.287203	u/Kumquat-Master	fn1v97n	u/PlzButterMeUp	fn1uciv	C
2020-04-10 22:24:58.743803	u/dat_boi12409	fn1vaqy	u/Meckma	fn1q79i	C
2020-04-10 22:25:03.242779	u/Purple_K	fn1vatt	u/Noahbradley125	fn1ldf9	C
2020-04-10 22:25:29.339135	u/Misplacedmypenis	fn1vc25	u/TheSuaveMonkey	fn1r8jk	C
2020-04-10 22:25:46.886693	u/Eden134	fn1vcx5	u/Bruh_Bot_	fn1vayw	C
2020-04-10 22:25:50.809740	u/thejamhole	fn1vczi	u/pm_me_subreddit_bans	fn1omyw	C
2020-04-10 22:26:03.703115	u/cupcsr_YT	fn1vdif	u/funny_man_reddituser	fn1ibog	C
2020-04-10 22:26:14.500338	u/FabAlien	fn1ve9e	u/Kumquat-Master	fn1v97n	C
2020-04-10 22:26:32.487902	u/Yeetus_thy_deeletus	fn1vf7l	u/TheFlareFox	fn1u1s3	C
2020-04-10 22:26:34.332087	u/Drakonna89	fn1vf8j	u/computerwtf	fn1v9h3	C
2020-04-10 22:27:11.347224	u/aidenmce	fn1vi6o	u/RepostSleuthBot	fn1uaru	C
2020-04-10 22:27:22.908018	u/CthulhuGonfalon	fn1vigp	u/samross100	fn1v9xc	C
2020-04-10 22:27:24.595535	u/ChocolateBattery	fn1viho	u/toucon101	fn1ng3l	C
2020-04-10 22:27:27.877393	u/PM_YOUR_CLIT	fn1vilm	u/marksiwelforever	fn1ssiy	C
2020-04-10 22:27:32.318121	u/Iceagebabysucks	fn1vixm	u/ProudRavenclaw24	fmqnk7t	C
2020-04-10 22:28:08.638254	u/ProdSat	fn1vl7l	u/oLynxx	fn1v8yb	C
2020-04-10 22:28:11.703848	u/MDMATurtle	fn1vl8e	u/Squiddo11	fmzqco5	C
2020-04-10 22:28:18.786530	u/ForeverMoody	fn1vlv7	u/illusion_001	fn1rw71	C
2020-04-10 22:28:24.461007	u/Criton1900	fn1vm5w	u/myouism	fn1u67t	C
2020-04-10 22:28:33.785883	u/Dude_Of_Darkness	fn1vmh8	u/CthulhuGonfalon	fn1vc0r	C
2020-04-10 22:29:11.773882	u/Victor2605	fn1voe7	u/ihatemondaynights	fn1tx0q	C
2020-04-10 22:29:17.678338	u/floppybanana2point0	fn1vor2	u/amitav554	fn1vmjv	C
2020-04-10 22:29:23.030451	u/Observient	fn1vp5i	u/MediumDiamond39	fn1v9mv	C
2020-04-10 22:29:38.736533	u/theCatNtheHat	fn1vq56	u/Ryan_ThePizzaMan	fn1ut4z	C
2020-04-10 22:29:41.137330	u/Blyat_Gopnik	fn1vq8a	u/ProdSat	fn1vl7l	C
2020-04-10 22:29:44.923084	u/Pharaya	fn1vqfv	u/A_team_of_ants	fn1h17o	C
2020-04-10 22:30:06.248852	u/amilcar2311	fn1vs26	u/ohshitthatscrazy29	fn1ux01	C
2020-04-10 22:30:41.506372	u/TravelingMerchant1	fn1vu59	u/bitchlasagnaisjohwic	fn1364b	C
2020-04-10 22:30:52.571838	u/bootnuts10	fn1vuuk	u/Everyone_is_Ken	fn1v0gj	C
2020-04-10 22:31:44.235186	u/Xx_ImDepressed_xX	fn1vwl3	u/depression-2	fn1urph	C
2020-04-10 22:32:09.072810	u/issuekid	fn1vxjf	u/Bruh_Bot_	fn1qj34	C
2020-04-10 22:32:13.530598	u/alikatbar	fn1vxu9	u/ForeverMoody	fn1vlv7	C
2020-04-10 22:32:20.813619	u/RamenNoodles-_-yeet	fn1vy10	u/OoopsAlreadyTaken	fn1nhwr	C
2020-04-10 22:32:50.285684	u/XososoX	fn1vzl4	u/swagdaddy27	fn1vybc	C
2020-04-10 22:33:02.031734	u/xxxNotElonMuskxxx	fn1w01j	u/A_very_normal_potato	fn1qc75	C
2020-04-10 22:34:02.584208	u/ZombieSeeker99	fn1w2va	u/ItsStryker	fn1tslu	C
2020-04-10 22:34:05.780293	u/Blue6092	fn1w31d	u/languish24	fn1sw0h	C
2020-04-10 22:34:21.727158	u/kavOclock	fn1w3sz	u/tearose11	fn1ft51	C
2020-04-10 22:34:45.352699	u/SunPotatoYT	fn1w4o9	u/WoNDeR-SpeedBump	fmt3a3o	C
2020-04-10 22:35:01.643784	u/AllThunder	fn1w5oc	u/BiggieBills115	fn1ryy3	C
2020-04-10 22:35:21.701402	u/hail_to_latvia	fn1w6wr	u/TheOnlyShyG	fn1u30n	C
2020-04-10 22:35:33.372157	u/Superejt_	fn1w7cr	u/dippyfreshdawg	fn1ujjj	C
2020-04-10 22:36:15.903972	u/ReeJay41	fn1w94l	u/UnknownCPYT	fn1pt5s	C
2020-04-10 22:36:25.157254	u/Redblackberry	fn1w9kq	u/ThiccBepissss	fn0j8xq	C
2020-04-10 22:36:49.922561	u/von_como	fn1waow	u/It_Was_Joao	fn0loud	C
2020-04-10 22:37:18.560974	u/gh6uls	fn1wbwi	u/Star_Fazer	fn1hh74	C
2020-04-10 22:37:20.278977	u/jigletunit	fn1wbyo	u/luckysnipr	fn1rt9r	C
2020-04-10 22:38:15.544378	u/fishhead20	fn1wehy	u/A_team_of_ants	fn1h17o	C
2020-04-10 22:38:24.426440	u/MauledByPigs	fn1wewi	u/malmordar	fn1oltv	C
2020-04-10 22:38:26.637162	u/OjTheHandyman	fn1wewy	u/hail_to_latvia	fn1wcdc	C
2020-04-10 22:39:17.644234	u/NdibuD	fn1wgno	u/TheWeekle	fn1veuk	C
2020-04-10 22:39:18.750560	u/OjTheHandyman	fn1wgo4	u/Hippie2dend	fn1wfg5	C
2020-04-10 22:39:20.702211	u/Kay_42o	fn1wgrl	u/trizonxjay	fn1pynz	C
2020-04-10 22:39:26.905196	u/Random_Person81	fn1wh1r	u/Joshadow11	fn1we3o	C
2020-04-10 22:39:27.926171	u/lovejoy812	fn1wh2n	u/Purple_K	fn1vatt	C
2020-04-10 22:39:57.040949	u/meme-reaper	fn1wkes	u/couldntcreatename	fn1w0ns	C
2020-04-10 22:40:18.054346	u/Enlight1Oment	fn1wle3	u/kaneki1921	fn1qaq6	C
2020-04-10 22:40:30.852384	u/YeetUrFace	fn1wm0i	u/Smurf2008	fn1w0kh	C
2020-04-10 22:41:05.855475	u/domansticated	fn1wncc	u/PeepeeHalpert97	fn1wfj8	C
2020-04-10 22:41:10.464805	u/thom_run	fn1wndo	u/risingcomplexity	fn1w0jh	C
2020-04-10 22:41:21.208455	u/jslayer2693	fn1wnoc	u/bobby_tincan	fn1uxk1	C
2020-04-10 22:41:25.994907	u/KoreanBassGuy	fn1wnr9	u/OpalRuohou	fn10unh	C
2020-04-10 22:41:39.448200	u/damassie_03	fn1woef	u/twenty-one-doggos	fn1uvii	C
2020-04-10 22:41:41.715938	u/tuk-tuk749	fn1wogg	u/Memerchild	fn1qjhj	C
2020-04-10 22:41:43.981718	u/Deathmetaladdict	fn1woh3	u/1ukeC	fn029l2	C
2020-04-10 22:41:48.432611	u/Vault-_Boy	fn1wolt	u/yomamasofathahaha	fyrvvt	S
2020-04-10 22:41:57.075168	u/Morgen-is-gamer	fn1wp4s	u/AllStrangers	fyjp4y	S
2020-04-10 22:42:09.277404	u/snackpack_1703	fn1wprs	u/Viperfishman	fn1r4gt	C
2020-04-10 22:42:22.479884	u/Nihil_esque	fn1wq7e	u/holycookie96	fn1oej6	C
2020-04-10 22:43:45.046250	u/Drag0nS0ul04	fn1wv3u	u/Bruh_Bot_	fn1wml3	C
2020-04-10 22:43:47.228929	u/lostinliife	fn1wv6t	u/SomeRedditerOnline	fn1prhx	C
2020-04-10 22:43:49.454045	u/Levoxymoron	fn1wv7k	u/CorndogCrusader	fmx46yz	C
2020-04-10 22:43:58.767888	u/Ryantd03	fn1wvgm	u/ApPLLEBAnDAna126	fn1ws9c	C
2020-04-10 22:44:04.138136	u/GenPatton97	fn1wvko	u/bro--wtf	fn1vtqn	C
2020-04-10 22:44:16.412674	u/red_devilz_1988	fn1ww0t	u/TheFirstNutBusted	fn1rpfy	C
2020-04-10 22:44:30.985177	u/CraYzySaurous574	fn1wwhm	u/RepostSleuthBot	fn1w51e	C
2020-04-10 22:44:47.113761	u/MiserableRide	fn1www1	u/CrowGoblin	fn1va8x	C
2020-04-10 22:45:12.983910	u/Fair_Salt	fn1wyf1	u/Kumquat-Master	fn1v97n	C
2020-04-10 22:45:26.303053	u/Darth_Raptor_Jesus	fn1wymf	u/-acon-trash	fyiuoe	S
2020-04-10 22:45:58.865622	u/a190nux	fn1x0kg	u/gregomano2	fn1wxhv	C
2020-04-10 22:46:07.440673	u/ItzNinjah	fn1x0yx	u/Meme_Missionary_	fn1stoi	C
2020-04-10 22:46:20.944066	u/FishInEuropa	fn1x1m2	u/handymanny6	fn1vmzs	C
2020-04-10 22:46:27.786067	u/Fox784	fn1x1w4	u/poorly_timed_fuck	fn1qxch	C
2020-04-10 22:46:48.791103	u/lykewyse__	fn1x2r0	u/Crazy_Squid_420	fn1s6vz	C
2020-04-10 22:46:57.100803	u/HamboneMalone1103	fn1x32f	u/dumb-nerd	fn1wf18	C
2020-04-10 22:47:03.567352	u/SmallDangerousHippo	fn1x35o	u/Grayyeo2213	fn1wd58	C
2020-04-10 22:47:19.534776	u/DaveDonnie	fn1x493	u/lykewyse__	fn1nfx5	C
2020-04-10 22:47:36.120032	u/instantnoodloss	fn1x52t	u/Bantabury97	fn10pe1	C
2020-04-10 22:48:07.955950	u/Nobletwoo	fn1x6yj	u/Enlight1Oment	fn1wle3	C
2020-04-10 22:48:51.701617	u/superocho13	fn1x9gn	u/Saskyboy123	fn1t206	C
2020-04-10 22:49:13.883617	u/Sponge-iopotortoise	fn1xb4c	u/L478991	fn1x9yh	C
2020-04-10 22:49:15.059318	u/AnonymousSpud	fn1xb4r	u/A_very_normal_potato	fn1qc75	C
2020-04-10 22:49:28.663935	u/HeavyBot45	fn1xbzy	u/RyanLikesAntiques	fn1xati	C
2020-04-10 22:49:34.152665	u/CrazyTillItHurts	fn1xckm	u/Darth_Ewok14	fn1x2k4	C
2020-04-10 22:49:41.013915	u/brain485	fn1xd2q	u/_pc_-_-_	fn1wrlr	C
2020-04-10 22:49:59.724413	u/brownmarkruffalo	fn1xevn	u/RyanLikesAntiques	fn1xati	C
2020-04-10 22:50:02.674958	u/OmarSjr	fn1xf13	u/ArmstrongTREX	fn1udan	C
2020-04-10 22:50:10.122179	u/StealthyHale	fn1xfbz	u/badboyquinny	fn1ds2a	C
2020-04-10 22:50:45.162505	u/Tony_Henriquez	fn1xgxa	u/Pepogo	fn1pt3b	C
2020-04-10 22:50:51.801060	u/Responsible_Version	fn1xh35	u/WingsofRain	fn1u39l	C
2020-04-10 22:50:55.376141	u/thick_necessary	fn1xh4x	u/ItalianComrade19	fn1ttzb	C
2020-04-10 22:51:34.363667	u/Lolaindisguise	fn1xi5j	u/ForeverMoody	fyqf1g	S
2020-04-10 22:52:31.826504	u/SuicideAintABadThing	fn1xlkz	u/Lordtygon	fn1xiag	C
2020-04-10 22:52:37.042756	u/Rezolverz	fn1xlu2	u/ThiccBepissss	fn0j8xq	C
2020-04-10 22:52:49.422547	u/RowKHAN	fn1xlzg	u/Kumquat-Master	fn1v97n	C
2020-04-10 22:52:54.908437	u/samatkinson420	fn1xm5a	u/TrialByFirrre	fn0j20m	C
2020-04-10 22:52:57.034321	u/Hug0San	fn1xm8o	u/ToughBeingAPig	fmhnqed	C
2020-04-10 22:53:33.513167	u/TheStinkyRebel	fn1xntf	u/ouyin2000	fn1qq4v	C
2020-04-10 22:53:39.064871	u/jimmy_my_way_in_hur	fn1xo21	u/bigdepress	fn1xkkb	C
2020-04-10 22:53:41.183138	u/itsme440	fn1xo2c	u/thinkinchair	fn1vy69	C
2020-04-10 22:54:06.727607	u/AqunAthlok	fn1xplx	u/Conan253	fn1xhlb	C
2020-04-10 22:54:22.666953	u/skelb192	fn1xpz0	u/cupcakeconstitution	fn0qyrh	C
2020-04-10 22:54:56.145486	u/FlexSeal8906	fn1xqyd	u/g_guacamole	fn1ga54	C
2020-04-10 22:55:25.115322	u/JackyHarperRed	fn1xrxm	u/ForeverMoody	fyqf1g	S
2020-04-10 22:55:35.288219	u/The_Box46	fn1xs7h	u/Tophergamingphd	fn1xqbi	C
2020-04-10 22:55:51.187827	u/Judeperson3000	fn1xt2d	u/The-Sloth-Ninja	fn1xlva	C
2020-04-10 22:56:03.167470	u/20040513	fn1xts4	u/Fair_Salt	fn1xbvp	C
2020-04-10 22:56:11.887736	u/nathan_herbert_	fn1xu71	u/ImHellaConfusedboi	fn1xqai	C
2020-04-10 22:56:31.739330	u/hillhold	fn1xvhh	u/-N0obmaster69	fn1xmrh	C
2020-04-10 22:56:42.155332	u/Soaring_apple34	fn1xvuy	u/RepostSleuthBot	fn1sulx	C
2020-04-10 22:57:09.330341	u/Suh-Niff	fn1xwwk	u/ZoTBO_	fn1tqiw	C
2020-04-10 22:57:22.931964	u/Kitkatismylove	fn1xxbk	u/LucasTheMemeGod	fmozerm	C
2020-04-10 22:57:41.203244	u/Afraid_Worth	fn1z903	u/Fair_Salt	fn1xfnd	C
2020-04-10 22:58:13.614575	u/anirregularvisitor	fn1zaot	u/Reaper_64	fmz6frh	C
2020-04-10 22:58:21.500952	u/candysell	fn1zbbk	u/boot-san1	fmyp1wk	C
2020-04-10 22:58:25.026523	u/Tackle3erry	fn1zbn4	u/Afraid_Worth	fn1z47l	C
2020-04-10 22:59:00.089184	u/MemeLordArmo	fn1ze12	u/chemicalmuffin123	fmv4pih	C
2020-04-10 22:59:05.611122	u/Witty-CleverUsername	fn1ze8p	u/Drakonna89	fn1u2x4	C
2020-04-10 22:59:06.846419	u/FewBluejay6	fn1ze9a	u/Observient	fn1z9fk	C
2020-04-10 22:59:14.459632	u/DiddlyDarnDuck	fn1zemi	u/AlphaDickTickler	fyusb7	S
2020-04-10 22:59:28.649054	u/gabrielm3llo	fn1zfby	u/wktr_t	fn1yl7a	C
2020-04-10 22:59:39.957615	u/CrazyCore1110	fn1zg1s	u/The_Box46	fn1yl5g	C
