2020-03-24 09:01:11.695766	u/solix414	fld1v9o	u/RetrogradeIntellect	flco896	C
2020-03-24 09:01:21.845249	u/Goatslayer219	fld1viw	u/Qwertythe47th	fld1ot0	C
2020-03-24 09:01:26.521554	u/deepfriedcookie	fld1vkb	u/RepostSleuthBot	fld01w5	C
2020-03-24 09:01:39.369555	u/karanshsu	fld1w57	u/RepostSleuthBot	fld1upg	C
2020-03-24 09:01:44.982246	u/haiasi__	fld1wa1	u/vinatoru	flcnv4h	C
2020-03-24 09:01:49.495475	u/alexstandifer	fld1wjh	u/NowUKnowMyUsername	flc61qe	C
2020-03-24 09:01:54.023319	u/snapchat-funny	fld1wp7	u/PickAChou	flct7xc	C
2020-03-24 09:02:06.793718	u/Bob_Spoon125	fld1xdm	u/AutoModerator	fl9lxc6	C
2020-03-24 09:02:19.098821	u/SonikkuRikku	fld1xre	u/Xx_GrammarNazi_xX	fld1uns	C
2020-03-24 09:02:21.451027	u/ParishOfOrleans	fld1xsn	u/Dokrin3	flc7l2q	C
2020-03-24 09:03:16.531591	u/Iwantclout	fld1zyy	u/DonutOlympian	fl6i66s	C
2020-03-24 09:03:51.936045	u/Itscomingon	fld212q	u/A2X-iZED	flcz4na	C
2020-03-24 09:03:54.056824	u/Halo4_Marine	fld214v	u/DeeperGroovesatLVL7	flcqmbw	C
2020-03-24 09:04:07.655434	u/what-is-boomer	fld21tl	u/Ihmisboi	flcvull	C
2020-03-24 09:04:13.583272	u/Lady_Pearl	fld2242	u/BrokenCog2020	flc8ywt	C
2020-03-24 09:04:19.727631	u/flxwerydxmpstxr	fld22az	u/BadAd223	fld0vq6	C
2020-03-24 09:04:25.892915	u/luciver616	fld22md	u/Qwertythe47th	fld1ot0	C
2020-03-24 09:04:51.314254	u/MemeStreamMalharteam	fld23ni	u/soviet-assassin	fld1ihb	C
2020-03-24 09:05:03.706320	u/misterjip	fld24ec	u/Farenhytee	fld21p0	C
2020-03-24 09:05:24.030425	u/Soooose	fld2540	u/TemoFawwaz	fld20xt	C
2020-03-24 09:05:28.213848	u/IWishIhadAName2	fld25at	u/NepTooter	flcsszw	C
2020-03-24 09:05:34.234172	u/Sztabka_Szynki	fld25fd	u/Just_nobody_303	fld20nn	C
2020-03-24 09:05:42.161173	u/Replicatar	fld25ni	u/tntyeeterOOF	flcsmbb	C
2020-03-24 09:05:56.287552	u/Albatrossosaurus	fld2667	u/UD_1680	fld24ww	C
2020-03-24 09:06:18.123739	u/69Divorce_Papers	fld26ui	u/Blu3Subaru	flcy5mh	C
2020-03-24 09:06:21.052097	u/lamachun	fld26yw	u/JakeTheSandMan	fld1t8u	C
2020-03-24 09:06:30.429319	u/ItCameFr0mMars	fld276o	u/FUCKNAMES21	flcx0ei	C
2020-03-24 09:06:33.235752	u/Logantfoster05	fld276y	u/Pokedactyl	flcwcwy	C
2020-03-24 09:06:43.739065	u/gloss22	fld27q7	u/A_normal_guy_	flcyhwb	C
2020-03-24 09:06:52.231320	u/MALI_BOB	fld284y	u/tman459	flc3wb2	C
2020-03-24 09:07:07.086343	u/SCP096TheShyGuyLOLZ	fld28vm	u/AutoModerator	fld0ywt	C
2020-03-24 09:07:20.271943	u/itsafoxboi	fld29br	u/RepostSleuthBot	flcyd4i	C
2020-03-24 09:07:47.698336	u/farisisgoingtokillu	fld2af7	u/Tru_Drone_Videos	flcanyj	C
2020-03-24 09:08:06.449311	u/Capable-Average	fld2b7m	u/Zafk13l	flcuprv	C
2020-03-24 09:08:23.428156	u/nikknez	fld2byk	u/StephenKingnIT	fld2b60	C
2020-03-24 09:08:34.007623	u/german-boi	fld2c7p	u/aftensmilk	flcy7xt	C
2020-03-24 09:08:54.567479	u/weirdo565	fld2d37	u/YeetusDeletusULTRA	flcxcsu	C
2020-03-24 09:09:00.163919	u/exodus_doggo	fld2d5m	u/WagonMafia86	flcwoh0	C
2020-03-24 09:09:01.702360	u/ovmasterr	fld2d7p	u/Scuid_HD	fld1zyg	C
2020-03-24 09:09:29.598137	u/ArgonOutPlay	fld2ej8	u/Gilgames32	flczzmt	C
2020-03-24 09:09:48.464154	u/Janskovitsch	fld2ffr	u/LordTaco420	flch286	C
2020-03-24 09:09:53.668222	u/WurstStar	fld2fpe	u/rebecks_	fld1gqc	C
2020-03-24 09:09:59.141379	u/RohnekKdosi	fld2g00	u/Kokachi	fld1s4r	C
2020-03-24 09:10:04.987285	u/FLYbyGaming_123465	fld2g7e	u/AK24ROCKS	fld2b0f	C
2020-03-24 09:10:15.351650	u/henkieqwerty	fld2gm6	u/AutoModerator	fld1qt3	C
2020-03-24 09:10:36.090597	u/chxnd0	fld2gy4	u/Tru_Drone_Videos	flcedv4	C
2020-03-24 09:10:39.650675	u/retr0_9	fld2gyt	u/Ironlixivium	flcl3iy	C
2020-03-24 09:10:52.023757	u/MrKiya	fld2hbu	u/L0pina	flcz86f	C
2020-03-24 09:10:56.702687	u/Item404notfound	fld2hj9	u/TemoFawwaz	fld28zb	C
2020-03-24 09:11:02.716313	u/GrannyLow	fld2hqv	u/TheGoldenMinion	flc8wd7	C
2020-03-24 09:11:26.163725	u/justaredditguy123	fld2ihu	u/RepostSleuthBot	flczw6i	C
2020-03-24 09:11:28.780085	u/SmartSwagg	fld2ik9	u/CraZe-CoBra-14	flcre5z	C
2020-03-24 09:11:34.959917	u/kcp110	fld2it4	u/XxEleanoraXx	fld24x5	C
2020-03-24 09:11:44.962556	u/SansGranie1414	fld2j4s	u/spinelisbeast	fl5tl4p	C
2020-03-24 09:11:49.697625	u/shindylesis	fld2j8p	u/MAGIC_EYE_BOT	fld2bj7	C
2020-03-24 09:11:55.278981	u/magicalmerlin5	fld2jh8	u/randomcitizen2-0	flcdoae	C
2020-03-24 09:12:06.602144	u/sirknightowlthe2nd	fld2js5	u/lazydonkey25	flb1xv4	C
2020-03-24 09:12:26.190659	u/ohhh-a-number-9	fld2kgp	u/jaylend25	flcj0bu	C
2020-03-24 09:12:29.582573	u/Swegsparky	fld2kmc	u/RepostSleuthBot	fld2hu8	C
2020-03-24 09:12:56.265775	u/GorgonTheOrc	fld2lec	u/Radeczech2004	fld1cbf	C
2020-03-24 09:13:09.647672	u/Dtapped	fld2lhg	u/Crazy-Camo-124	flc9tl6	C
2020-03-24 09:13:15.226938	u/MemeCreator098	fld2lk0	u/SlightlyRage	fld2dx2	C
2020-03-24 09:13:48.592417	u/Beatlegease	fld2mbg	u/itsafoxboi	fld29br	C
2020-03-24 09:13:50.680516	u/BigWeebShoku	fld2mg9	u/Tru_Drone_Videos	flc74je	C
2020-03-24 09:13:56.420906	u/Stoffel_boy	fld2ml3	u/Dr_Gonzo__	flcycab	C
2020-03-24 09:14:08.919437	u/chance1333	fld2n4i	u/Strang-uwu	flciz0m	C
2020-03-24 09:14:21.421126	u/IkeaYeezys	fld2nhz	u/That_Wannabe_Artist	flczqtw	C
2020-03-24 09:14:33.693891	u/anthony_ski	fld2nty	u/Soooose	fld2erw	C
2020-03-24 09:15:16.446652	u/hardcorekat	fld2pev	u/YeetusDeletusULTRA	flcyxru	C
2020-03-24 09:16:01.131917	u/hshdjfjdj	fld2rb0	u/shiddy_alt_account	flcvnkm	C
2020-03-24 09:16:11.801310	u/MarcusofMenace	fld2rvl	u/RepostSleuthBot	fld0rpk	C
2020-03-24 09:16:18.414200	u/ICollectSouls	fld2s0k	u/Phalanxer17	flczacz	C
2020-03-24 09:16:23.306012	u/Cr3amyFeet	fld2sa8	u/moonydream	flcsm05	C
2020-03-24 09:16:27.925847	u/natoni_holybasil	fld2sco	u/SanchitJain07	flcuvx1	C
2020-03-24 09:16:33.820757	u/Bradleyisfishing	fld2sjs	u/trish6907	flc4at5	C
2020-03-24 09:16:43.322821	u/p1stha	fld2snf	u/Phalanxer17	flczacz	C
2020-03-24 09:17:24.386776	u/4oMaK	fld2uns	u/philpsy26	flczob0	C
2020-03-24 09:17:36.575795	u/Veketaali	fld2v21	u/696969lols2	flcwtff	C
2020-03-24 09:17:57.662144	u/Bombarder1234	fld2w02	u/LordTaco420	flch286	C
2020-03-24 09:18:08.468848	u/LiqFueldLightning	fld2wej	u/alotteofchar	fld0i9a	C
2020-03-24 09:18:10.056424	u/KiraTetshui	fld2wgm	u/GriM749	fld1j1s	C
2020-03-24 09:18:12.580728	u/Alt_Alpha9	fld2wht	u/awesome_pigy	flcqivr	C
2020-03-24 09:18:15.853771	u/BuiltlikeanOrc-a	fld2wkv	u/Cheezzy3	flcznxi	C
2020-03-24 09:18:28.309041	u/UnsoundPrism32	fld2x4b	u/D4NK_H0KU70	flcw8zq	C
2020-03-24 09:18:34.164329	u/NoobasticMan	fld2x6d	u/LordTaco420	flch286	C
2020-03-24 09:18:37.662440	u/Acaerr	fld2x7j	u/Dead_Man_Nick	flcwf3u	C
2020-03-24 09:19:17.241088	u/SirHobington	fld2yh7	u/p1stha	fld2wzr	C
2020-03-24 09:19:26.159824	u/BlazingFlames6073	fld2z68	u/Haarrrri	flcjye1	C
2020-03-24 09:19:28.342102	u/VishSathy	fld2z7v	u/mandomassive	fld2up4	C
2020-03-24 09:19:35.904278	u/Kruger_Sheppard	fld2zkn	u/CryoAnt	flctvmd	C
2020-03-24 09:19:42.283714	u/Nicklee3700	fld3037	u/abductedpeanut	flcnbwt	C
2020-03-24 09:19:55.108417	u/MrKatoham	fld31ad	u/Temnelc	fld2239	C
2020-03-24 09:19:57.325300	u/SohamKing1	fld31ed	u/Dzilija	fld2zou	C
2020-03-24 09:20:00.024119	u/Kunj_The_Boss	fld31z0	u/WhiplashFishy	flcye6k	C
2020-03-24 09:20:09.209458	u/GatorGraded	fld32dv	u/Farenhytee	fld21p0	C
2020-03-24 09:20:23.612361	u/WennPK	fld32wi	u/Grenotic	flcrgvr	C
2020-03-24 09:20:44.946007	u/NotMilitaryAI	fld33kz	u/RepostSleuthBot	fld2b01	C
2020-03-24 09:20:49.608067	u/chubby_cheese	fld33re	u/SirHobington	fld2tk6	C
2020-03-24 09:20:56.584076	u/retf1213	fld343y	u/meme_a_licious	flczqzk	C
2020-03-24 09:21:01.315447	u/Little_BrownDude	fld347g	u/Wali_2004	flcy6qc	C
2020-03-24 09:21:12.822844	u/Lu-Grandi	fld34nz	u/LordTaco420	flch286	C
2020-03-24 09:21:30.176920	u/uglypish06	fld352n	u/CaesarCaracalla	fld1z6e	C
2020-03-24 09:21:34.812288	u/Rq_tz	fld357s	u/KiraTetshui	fld2wgm	C
2020-03-24 09:21:46.345642	u/thwerticus	fld35gk	u/BleachIF	flc9lwx	C
2020-03-24 09:22:10.226737	u/MortalClado	fld361v	u/Apocalypse_11	flczyqt	C
2020-03-24 09:22:21.604747	u/capybara4ever	fld367z	u/dovedevic	fl2eb1j	C
2020-03-24 09:22:40.349966	u/quaileatingducks	fld36xs	u/RepostSleuthBot	flcydkp	C
2020-03-24 09:22:47.538681	u/andre_measles	fld373l	u/mandomassive	fld2up4	C
2020-03-24 09:22:49.795625	u/Nanotaku06	fld3771	u/AutoModerator	fld25eo	C
2020-03-24 09:22:55.217439	u/coltenfart	fld37by	u/TylerSmash	fld230h	C
2020-03-24 09:23:13.930502	u/NowThatsASpicyTamale	fld37yv	u/UnsoundPrism32	fld2x4b	C
2020-03-24 09:23:17.446731	u/sparky6381	fld37zg	u/mandomassive	fld2up4	C
2020-03-24 09:23:23.055934	u/sewerHand	fld381r	u/AndreyRussian1	fld1quo	C
2020-03-24 09:23:46.125261	u/WAT_an_ABSOLUTE_unit	fld38tz	u/landrover97centre	flcvbk3	C
2020-03-24 09:24:06.667223	u/Eyerees	fld39hh	u/anime_forever03	flcudik	C
2020-03-24 09:24:08.876549	u/Rekhyt711	fld39i6	u/Kind-Pop	fl3zlqu	C
2020-03-24 09:24:12.190034	u/MKmacSM	fld39ou	u/farisisgoingtokillu	fld2g73	C
2020-03-24 09:25:32.683617	u/ChineseGamer	fld3ceg	u/SCP096TheShyGuyLOLZ	fld2pe6	C
2020-03-24 09:25:53.516915	u/jamie264747	fld3czq	u/AutoModerator	flcqnvn	C
2020-03-24 09:26:21.905616	u/OPRacoon	fld4grj	u/Zachja961	flclo64	C
2020-03-24 09:26:23.794671	u/GenosseOle	fld4gro	u/Paukarr	fld3mu6	C
2020-03-24 09:26:38.369240	u/pietro_03	fld4hae	u/vinatoru	flcnv4h	C
2020-03-24 09:26:43.009278	u/Snoo_are_you	fld4hdx	u/Draydaslay	fld44r8	C
2020-03-24 09:26:58.645388	u/kill_all_the_genders	fld4hvd	u/Cr3amyFeet	fld2sa8	C
2020-03-24 09:27:13.820600	u/Merlin404	fld4igc	u/Mobilfan	fld3srt	C
2020-03-24 09:27:24.670355	u/AleemAppleCider	fld4iqo	u/robin_joker	fld4hbq	C
2020-03-24 09:27:45.858078	u/waaromleefik	fld4jjf	u/SkyRocketMiner	flcx5o5	C
2020-03-24 09:27:51.050502	u/ToskeYTgame	fld4jq1	u/Rq_tz	fld357s	C
2020-03-24 09:28:03.802254	u/newplayer360	fld4k8b	u/FUCKNAMES21	flcx0ei	C
2020-03-24 09:28:10.841794	u/SpartanZeroOn3	fld4kjo	u/Valle_1509	flct7pb	C
2020-03-24 09:28:29.402762	u/Jolteonaaaa	fld4l8b	u/Stoffel_boy	fld2ml3	C
2020-03-24 09:28:37.469001	u/SunkenCrayon	fld4lk3	u/as_a_pan	flcp6j9	C
2020-03-24 09:29:08.352919	u/Teleshark	fld4n4s	u/Devourah	fld2zm0	C
2020-03-24 09:29:11.362756	u/The_Real_Raw_Gary	fld4n8o	u/CryoAnt	flck7de	C
2020-03-24 09:29:17.713035	u/ItalyIsNice	fld4ni6	u/LordTaco420	flch286	C
2020-03-24 09:29:24.123715	u/SofaGun21	fld4nvc	u/thekeenspartan	flc8p9u	C
2020-03-24 09:29:27.135763	u/Sensitive-Leek	fld4o1u	u/Amal_Jayakumar	fld405j	C
2020-03-24 09:29:30.535719	u/BOWSunny	fld4o8r	u/BigPeen12	fld2omh	C
2020-03-24 09:29:36.798944	u/-_-potato-_--_-	fld4ogw	u/RepostSleuthBot	flcucnq	C
2020-03-24 09:29:45.499411	u/SweatySpaghet420	fld4ouv	u/AutoModerator	flctp19	C
2020-03-24 09:29:48.347488	u/Tengam15	fld4oza	u/CryoAnt	flck7de	C
2020-03-24 09:29:52.247068	u/zaxephone	fld4pgi	u/amirulkingkong2	flcy6mi	C
2020-03-24 09:30:03.770496	u/Musical_Toad_558	fld4pyg	u/Chello-fish	fld37x7	C
2020-03-24 09:30:07.373436	u/WeaponCaster	fld4q22	u/Ravioili420	fld4l94	C
2020-03-24 09:30:18.670876	u/seidcafezinho	fld4qka	u/UD_1680	fld36pe	C
2020-03-24 09:30:22.175120	u/atronos_kronios	fld4qnp	u/AutoModerator	fld4o9c	C
2020-03-24 09:30:43.921695	u/_Poshington_	fld4rh0	u/gatuni1569	fld3wez	C
2020-03-24 09:31:02.124451	u/colourblinddesigner	fld4rnr	u/Paukarr	fld4gxy	C
2020-03-24 09:31:27.685256	u/Juniper118	fld4sen	u/PriceTag184	fld3k9l	C
2020-03-24 09:31:40.875202	u/stnick6	fld4srv	u/JakeTheSandMan	fld1t8u	C
2020-03-24 09:32:04.480878	u/theReal_JoeBiden	fld4tu4	u/NotSomeSuggestedname	fld4qht	C
2020-03-24 09:32:15.893256	u/island_Keira	fld4uea	u/XxEleanoraXx	fld48ho	C
2020-03-24 09:32:32.138369	u/Olmo-C	fld4uyw	u/WeaponCaster	fld4fjj	C
2020-03-24 09:32:42.300711	u/pusabhuman	fld4v9w	u/AutoModerator	fld3wsh	C
2020-03-24 09:32:46.793331	u/FujakaBaraBara	fld4vae	u/llamacorn_ish	flcp7j0	C
2020-03-24 09:33:24.818703	u/whyDidIDoDis134	fld4wa4	u/AK24ROCKS	fld3sjl	C
2020-03-24 09:33:32.612643	u/fingerguns-awkwardly	fld4wlq	u/Potatotheooflord	fl5ewkn	C
2020-03-24 09:33:41.107385	u/Qiwas	fld4x2n	u/vinatoru	flcnv4h	C
2020-03-24 09:33:51.099886	u/genna-	fld4xcq	u/L0pina	fld1b4z	C
2020-03-24 09:34:01.509810	u/Tsukuyomi_No_Kami	fld4xrx	u/Tru_Drone_Videos	flcedv4	C
2020-03-24 09:34:24.430384	u/yeezy_chin	fld4ypm	u/JakeTheSandMan	fld1t8u	C
2020-03-24 09:34:26.537393	u/Emrald35	fld4yrn	u/winterh0und	flcqk9f	C
2020-03-24 09:35:00.962848	u/yoyo2134	fld50ah	u/unclerico589	fld4xtk	C
2020-03-24 09:35:12.204531	u/3nc0der	fld50o6	u/Koryzer	fld4s1r	C
2020-03-24 09:35:22.419429	u/Jake16062003	fld512n	u/Plasteel	fld3vd3	C
2020-03-24 09:36:21.905578	u/Mauschen16	fld52ye	u/retf1213	fld343y	C
2020-03-24 09:36:44.019910	u/Alimd98	fld53mc	u/epicgamer6-9-420	flcog6f	C
2020-03-24 09:36:49.973470	u/Killer512	fld53qx	u/landrover97centre	flcu4v3	C
2020-03-24 09:37:02.268723	u/justwalk1234	fld549k	u/5avenger	fo1im1	S
2020-03-24 09:37:15.617840	u/Androman777	fld54u2	u/IronicCommunist18	fld546b	C
2020-03-24 09:37:21.088835	u/tyknight205	fld54yf	u/mcknightrider	fld50bu	C
2020-03-24 09:37:33.988062	u/longgboii	fld55d1	u/alexstandifer	fld1wjh	C
2020-03-24 09:37:36.751882	u/fighter27	fld55ly	u/TheAllKnowingCharles	fld4jwz	C
2020-03-24 09:37:41.599092	u/LolzKing2	fld55r0	u/AndreewPFG123	flcrcn3	C
2020-03-24 09:37:54.238380	u/i_hate_ducking_ducks	fld568c	u/Kunj_The_Boss	fld31z0	C
2020-03-24 09:38:20.572680	u/LikeHarambeMemes	fld57fz	u/Zafk13l	flcuprv	C
2020-03-24 09:38:28.974728	u/STTWNO	fld57wz	u/JakeTheSandMan	fld1t8u	C
2020-03-24 09:38:32.824193	u/LikeHarambeMemes	fld582t	u/Capable-Average	fld2b7m	C
2020-03-24 09:38:42.754046	u/OrionHasMemes	fld589r	u/LordCookieKarma69	fld4fyh	C
2020-03-24 09:38:45.763337	u/LikeHarambeMemes	fld58h0	u/Amal_Jayakumar	flcy7qk	C
2020-03-24 09:38:59.162887	u/LikeHarambeMemes	fld592c	u/subhumanslimething	fld3f2f	C
2020-03-24 09:39:14.618352	u/Romner_set	fld59wu	u/Step_Switcher	fld4o8q	C
2020-03-24 09:39:37.100202	u/mohsen217	fld5b60	u/KKirscheAufSahne	fld4wsf	C
2020-03-24 09:39:39.682701	u/TheiPotter	fld5bcf	u/JakeTheSandMan	fld1t8u	C
2020-03-24 09:39:43.532324	u/YodaRealMVP-	fld5bfo	u/epicgamer6-9-420	flcog6f	C
2020-03-24 09:39:48.571901	u/Zelda2IsUnderrated	fld5bv3	u/mattoisacatto	flcrdk1	C
2020-03-24 09:40:26.127032	u/samilboi42069	fld5cub	u/misterman573	flc51qf	C
2020-03-24 09:40:35.421917	u/TheiPotter	fld5czu	u/stnick6	fld4srv	C
2020-03-24 09:40:50.258424	u/The_Robot_Uprising	fld5db5	u/WinterGhost4729	fl99yxx	C
2020-03-24 09:40:59.519830	u/_Complicatedlastname	fld5dk2	u/oCyanide	flcws2p	C
2020-03-24 09:41:01.789490	u/Zahharcen	fld5dml	u/steamybathtub	flckyel	C
2020-03-24 09:41:10.063817	u/bippity-boppty	fld5dsk	u/lil___spud	flcyj0k	C
2020-03-24 09:41:14.748371	u/awaysaway23	fld5dzp	u/unclerico589	fld58v5	C
2020-03-24 09:41:54.516689	u/leanderdestigter00	fld5ez1	u/3nc0der	fld50o6	C
2020-03-24 09:41:59.581358	u/Morellonomiconas	fld5f0n	u/landrover97centre	flcsh4d	C
2020-03-24 09:42:12.435600	u/Mr_Cheesepoo	fld5fl4	u/ItalianJamal	flcqrsr	C
2020-03-24 09:42:21.566664	u/Togo_rot_naoborot	fld5fsw	u/Chello-fish	fld37x7	C
2020-03-24 09:42:23.888336	u/thatrandomguy565	fld5fvb	u/AAFC417	fld5de2	C
2020-03-24 09:42:27.252883	u/Russiky	fld5fz8	u/wu_whats_thi5	fld5cin	C
2020-03-24 09:42:36.096849	u/Liolanse	fld5g3u	u/dovedevic	fl2izeo	C
2020-03-24 09:42:41.920960	u/Sgt_91	fld5g8o	u/somekindajerkk	flcuwmg	C
2020-03-24 09:42:45.341311	u/Cydhra	fld5gb3	u/TheChocolateCray	flcwoiz	C
2020-03-24 09:43:00.228191	u/Kralik333	fld5gzf	u/Scuid_HD	fld2jdr	C
2020-03-24 09:43:09.643663	u/Nissan-z-300zx	fld5h92	u/Lucky_Lemon99	flawrqa	C
2020-03-24 09:43:20.454201	u/idk7643	fld5hm2	u/Nutella_Lord	flcycim	C
2020-03-24 09:43:35.537333	u/Luddeldapuddel	fld5ich	u/Anirudh30897	fld0r9r	C
2020-03-24 09:43:47.146616	u/edgyandfacepalm	fld5iir	u/Bloodrush19405	fld306q	C
2020-03-24 09:44:13.193207	u/xXTheDudeAbideXx	fld5ju5	u/Jake16062003	fld512n	C
2020-03-24 09:44:20.479838	u/homeskilled12	fld5jyl	u/BackTireBakhtyar	fld3hdk	C
2020-03-24 09:44:34.216301	u/Hufflepp	fld5kg0	u/Elijahronnakorn	flcssfw	C
2020-03-24 09:44:37.243057	u/RichardButt1992	fld5kkg	u/axlsky	flcuiw4	C
2020-03-24 09:44:43.375517	u/Gigginator	fld5krr	u/syndicate1024	flcza0f	C
2020-03-24 09:45:07.639845	u/swordslayer777	fld5ln5	u/yangelvis789	fld140o	C
2020-03-24 09:45:16.952138	u/shadowfurrr	fld5m03	u/odranowen	flcy4ty	C
2020-03-24 09:45:29.176809	u/BM_14	fld5mer	u/CheeseCakeGamer123	flcz5m6	C
2020-03-24 09:45:39.822447	u/Raumenas	fld5mpe	u/RepostSleuthBot	flcugad	C
2020-03-24 09:46:03.792788	u/david2017hachi	fld5n9g	u/AutoModerator	flctp19	C
2020-03-24 09:46:22.366974	u/DarthUrbosa	fld5nv2	u/bigmig1980	fld253o	C
2020-03-24 09:46:55.020756	u/Phoenix5423	fld5oxi	u/RepostSleuthBot	fld422r	C
2020-03-24 09:47:11.673722	u/kyani4646	fld5pjv	u/isthatabingo	flbibgr	C
2020-03-24 09:47:24.025697	u/MemeAccountAccount	fld5ps4	u/Scuid_HD	fld1zyg	C
2020-03-24 09:48:34.002119	u/ZaidPlayz	fld5st8	u/Reditovan	fld5h7v	C
2020-03-24 09:48:35.404625	u/BoiOfMemery	fld5sta	u/verdenvidia	flcguvv	C
2020-03-24 09:48:39.289632	u/k-a-m-i_s-a-m-a	fld5svo	u/edgyandfacepalm	fld5iir	C
2020-03-24 09:48:45.263104	u/Dova_hunter	fld5t4w	u/Haarrrri	flcjutt	C
2020-03-24 09:48:54.697189	u/un1son	fld5tmf	u/RepostSleuthBot	fld33fv	C
2020-03-24 09:48:57.233286	u/HumbrolUser	fld5tmt	u/misterjip	fld5nk4	C
2020-03-24 09:48:58.462734	u/ramen_sweatshirt	fld5tou	u/shurikunaiboi	fld1zqw	C
2020-03-24 09:49:08.747360	u/Mommys_Thug	fld5u03	u/JakeTheSandMan	fld1t8u	C
2020-03-24 09:49:16.493056	u/mattew777	fld5uet	u/puggiepuggie	fld20xi	C
2020-03-24 09:49:20.239314	u/potatodude456	fld5uht	u/mtuan1812	fld5pe5	C
2020-03-24 09:49:27.946304	u/Theimmortalboi	fld5ur8	u/kyoger_Busted	fld408l	C
2020-03-24 09:49:32.207216	u/Macaroniandcheesez	fld5uy9	u/Scuid_HD	fld1xyc	C
2020-03-24 09:49:33.228832	u/iamJ35U5	fld5v31	u/DragoDoctor67	fl5k6ca	C
2020-03-24 09:49:35.685503	u/LazGriz	fld5v8y	u/Qiwas	fld4x2n	C
2020-03-24 09:49:39.795082	u/IljaTheNotCoolGuy	fld5vgq	u/MythicalAce	flcmk0m	C
2020-03-24 09:49:54.550438	u/JKJWL	fld5w57	u/natoni_holybasil	fld2sco	C
2020-03-24 09:49:56.790881	u/ohshitthatscrazy29	fld5wax	u/amauri8	flcvuyo	C
2020-03-24 09:49:59.932465	u/PI-XR	fld5wta	u/electr9	fld29wi	C
2020-03-24 09:50:24.675202	u/Mr_brib	fld5xoc	u/mtuan1812	fld5myv	C
2020-03-24 09:50:35.256333	u/VVachter	fld5xyq	u/Wsdies	flcwkz2	C
2020-03-24 09:50:42.217395	u/GoodSlav09	fld5y7v	u/birbbs	fla6amt	C
2020-03-24 09:50:50.746367	u/Evolvedfish7	fld5ydf	u/TheLVL5Mage	flcw27l	C
2020-03-24 09:51:15.421973	u/Priest_In_You	fld5yut	u/gatuni1569	fld3wez	C
2020-03-24 09:51:30.973448	u/josephumi	fld5z07	u/Naliaklmao	flcthf6	C
2020-03-24 09:51:40.774318	u/Skukadu	fld5z7w	u/DeadlyCanister	fld3m56	C
2020-03-24 09:52:10.787647	u/Surgeofthestorm	fld604q	u/AK24ROCKS	fo2yxt	S
2020-03-24 09:52:15.312060	u/niki_da_human	fld60bm	u/IEatCheeseInTheDark	flcxdz8	C
2020-03-24 09:52:18.649042	u/Legendofsarcasm	fld60cn	u/xI_Fabi_Ix	fld5xwy	C
2020-03-24 09:52:34.810778	u/UltimateMate101_9	fld60kn	u/Real_SJae22	flcyzxh	C
2020-03-24 09:52:45.069729	u/bad_reflexes	fld60sd	u/Nekattnsiemantaht	fld3cga	C
2020-03-24 09:52:47.375139	u/DeyCallItAMine	fld60sl	u/tylernelson71515	flcqfzi	C
2020-03-24 09:53:40.758684	u/yootboya	fld62iz	u/HDSQ	fld421w	C
2020-03-24 09:53:45.151315	u/wizardkoer	fld62mu	u/HDSQ	flcxc01	C
2020-03-24 09:54:16.628659	u/USSCrab	fld63nz	u/OofScan	flcet63	C
2020-03-24 09:54:37.498306	u/iuni11	fld64t0	u/Ice-Juice1	flc8vqc	C
2020-03-24 09:54:45.719382	u/TorinWarLord	fld64xx	u/Mr-Pr1nce	fld2xzx	C
2020-03-24 09:54:47.832412	u/4PointzX	fld64yb	u/_cnz	flcrk01	C
2020-03-24 09:54:57.111605	u/Gips3	fld65dq	u/HDSQ	flcxc01	C
2020-03-24 09:55:01.275866	u/frootwap	fld65n4	u/FTstealth77	flcwld1	C
2020-03-24 09:55:16.561779	u/MasThomp007	fld661y	u/BM_14	fld5mer	C
2020-03-24 09:55:26.786762	u/Lenka420	fld66de	u/Gunslinger_jr	fla4bkz	C
2020-03-24 09:55:34.446812	u/ShabalabaBangbang	fld66hl	u/yootboya	fld62iz	C
2020-03-24 09:55:58.382627	u/KatiosCheerios	fld676r	u/luesewr	flcmkg8	C
2020-03-24 09:56:13.957735	u/KVWebs	fld67wr	u/Val-Oswald	flcja1n	C
2020-03-24 09:56:20.158967	u/LookedSilver9	fld685m	u/fxt3i	fld5p8c	C
2020-03-24 09:56:38.629272	u/UnlikelyNecessary4	fld68u9	u/JefferyApproves	fld3yiy	C
2020-03-24 09:56:48.252597	u/The_craft3r	fld697d	u/Thunderdestroyr	fld66sk	C
2020-03-24 09:56:51.362521	u/OkCow1	fld69on	u/bigchungusisthicc69	fld57nx	C
2020-03-24 09:57:17.796813	u/Potato-Shavings	fld6a8l	u/Gilgames32	fld68bi	C
2020-03-24 09:57:20.739965	u/AmaterasuWolf21	fld6aho	u/FluuBk	fld1fo2	C
2020-03-24 09:57:25.156561	u/minicooper78	fld6aq4	u/papaya360	flcs6lf	C
2020-03-24 09:57:41.324781	u/Wolfwilleatyou	fld6be9	u/daniel5764	flcn56z	C
2020-03-24 09:57:52.198218	u/LookedSilver9	fld6bry	u/vinatoru	fld1y51	C
2020-03-24 09:58:08.242858	u/redditsprettychill	fld6cmx	u/ShabalabaBangbang	fld66hl	C
2020-03-24 09:58:24.921566	u/Monsieur_Alt	fld6d0z	u/RepostSleuthBot	flczqr3	C
2020-03-24 09:58:44.446857	u/ProbatonApololos	fld6dun	u/HDSQ	flcxc01	C
2020-03-24 09:58:50.641294	u/jimmmydickgun	fld6e68	u/CheesusKrispy	fld6brr	C
2020-03-24 09:58:57.248610	u/afartnamedbob	fld6edu	u/ReMaes	flcsdwo	C
2020-03-24 09:59:07.523749	u/sowhichnameisnttaken	fld6evj	u/inbred_bread	flcstce	C
2020-03-24 09:59:19.681652	u/papa_franku_2	fld6fb1	u/T0rn4do_	flcqpqm	C
2020-03-24 09:59:26.049162	u/felicitationesx	fld6fj5	u/Nutella_Lord	flcycim	C
2020-03-24 09:59:30.967441	u/user___________	fld6g2r	u/AcidNewports	fld560o	C
2020-03-24 09:59:44.026065	u/adwait199	fld6gjd	u/flashyboy123	fld6a8i	C
2020-03-24 09:59:47.929721	u/Owen-Elmburg	fld6gs9	u/IchbinLuka	flcrpwh	C
2020-03-24 09:59:52.054695	u/OttoismyMotto	fld6h38	u/ShabalabaBangbang	fld66hl	C
2020-03-24 09:59:56.010503	u/greteldog12	fld6hdc	u/thespeedbrgamer69420	flcwju6	C
2020-03-24 09:59:58.145655	u/a_faux_human	fld6hk6	u/Scupake	fld4452	C
2020-03-24 09:59:59.735637	u/director-of-ops_DoO	fld6hsh	u/mtuan1812	fld5myv	C
