2020-04-09 06:00:53.948094	u/polanco14	fmvpybf	u/CornOnMyCrop	fmvpxgi	C
2020-04-09 06:00:58.476029	u/shellbygates	fmvpydm	u/littlefar	fmvobvd	C
2020-04-09 06:01:04.852698	u/eosodksspdjsk	fmvpyhr	u/MrsWhippy69	fmvppaa	C
2020-04-09 06:01:23.790610	u/Deez_nuts707	fmvpyr2	u/Gamer_Lmc	fmvd4b9	C
2020-04-09 06:02:50.058752	u/Salamonti007	fmvq11d	u/Ciocalatta	fmv3fvs	C
2020-04-09 06:02:53.208960	u/wannablequant	fmvq11o	u/La_Kotte	fmvpjx0	C
2020-04-09 06:03:09.256552	u/PanzerTrooper	fmvq1vf	u/Affwind	fmvq0wx	C
2020-04-09 06:03:11.420731	u/Mondarier	fmvq1vh	u/NuclearWarGod	fmvnbs9	C
2020-04-09 06:04:09.155142	u/RomaInvicta2206	fmvq3jz	u/Condor193	fmveue3	C
2020-04-09 06:04:30.073150	u/UrAnus____	fmvq414	u/thinethpopeth	fmtdxxm	C
2020-04-09 06:04:46.978038	u/Yogoseth	fmvq4bq	u/BlackVendaeta	fmvq112	C
2020-04-09 06:05:08.973589	u/Dev3212	fmvq4wa	u/ILikeToBeAnnoying	fmv39x0	C
2020-04-09 06:05:25.852964	u/orangeyboo	fmvq56u	u/SuperMariosGr	fmvk7q2	C
2020-04-09 06:05:30.673298	u/PanzerTrooper	fmvq58u	u/Affwind	fmvq3yo	C
2020-04-09 06:06:07.839337	u/JacobMaxx	fmvq6fn	u/Moetoefoeka	fmuvyxx	C
2020-04-09 06:06:23.257250	u/Inevitable_gamer01	fmvq6nd	u/10-001-01	fmvnzbm	C
2020-04-09 06:06:45.968009	u/OKboooomer	fmvq750	u/Albond_8746	fmtkjuk	C
2020-04-09 06:06:53.653581	u/TalayChanta0	fmvq7cd	u/Gsomethepatient	fmvq67o	C
2020-04-09 06:07:01.267404	u/smile_13524	fmvq7k1	u/Mandrijn	fmvpv5z	C
2020-04-09 06:07:22.410627	u/cheeseman2k	fmvq7w0	u/umm1234--	fmvn4sg	C
2020-04-09 06:08:27.427024	u/strgzn	fmvq9xb	u/kawaiiiblobfish	fmvq71b	C
2020-04-09 06:08:30.345320	u/kingmkh	fmvq9xe	u/mrskinnywrists	fmvq5s5	C
2020-04-09 06:08:37.526337	u/Bjorniblyat	fmvqa9a	u/blueeggsandwaffles	fmvptjs	C
2020-04-09 06:08:52.198139	u/NexusBlasst	fmvqakb	u/LONEGAMER2020	fmvivog	C
2020-04-09 06:09:28.410927	u/Dapplication	fmvqbv4	u/RepostSleuthBot	fmvqb4t	C
2020-04-09 06:09:45.989734	u/Jiten1999	fmvqcqv	u/el_hirmo	fmvmj8w	C
2020-04-09 06:10:07.935504	u/Apfelxyz	fmvqe2p	u/Datruedabking	fmvad1e	C
2020-04-09 06:10:32.276137	u/marko_12th	fmvqeqz	u/ghueber	fmvpkg2	C
2020-04-09 06:11:05.828172	u/gtth12	fmvqfgd	u/wehaveruinedhumanity	fmvme20	C
2020-04-09 06:11:14.723401	u/Spidfaille	fmvqfr3	u/Suepermax	fxp537	S
2020-04-09 06:11:20.162471	u/T5r3	fmvqfu7	u/cheeseman2k	fmvq7w0	C
2020-04-09 06:11:29.651181	u/Iciest64	fmvqfza	u/kingmkh	fmvqcou	C
2020-04-09 06:11:50.840857	u/H_Norwest	fmvqggg	u/TheThingNasim	fmvoj8q	C
2020-04-09 06:12:02.471017	u/philbert-05	fmvqgng	u/DarkKnight_Jedi	fxptll	S
2020-04-09 06:13:31.090131	u/EzonkielWong_	fmvqijc	u/Darth_Star_Vader	fmvoz8g	C
2020-04-09 06:13:47.724303	u/Arkemon-prime	fmvqj54	u/BinkerOnCarnage	fmvppra	C
2020-04-09 06:14:30.636221	u/aleks01100001	fmvqk11	u/GroudonErik	fmvk1v3	C
2020-04-09 06:14:54.709486	u/RMPY96	fmvqkdv	u/Emperor_Cheese	fmvlfd1	C
2020-04-09 06:15:12.464211	u/Jirachi720	fmvql5j	u/thedovahkitt	fmvn3pp	C
2020-04-09 06:15:25.982452	u/wanderingPHL	fmvqlcz	u/xavier7777777	fmvqfxq	C
2020-04-09 06:15:50.869362	u/Fysch	fmvqlws	u/UtoomadLoL	fmvla9h	C
2020-04-09 06:17:16.525561	u/Lick_Ma_Balls	fmvqohk	u/pbandjadin	fmvan2b	C
2020-04-09 06:17:31.009036	u/boombapsound	fmvqoro	u/MichaelRostom	fmvkhnw	C
2020-04-09 06:17:34.544696	u/Azhz96	fmvqory	u/ya_lil_dovahkin	fmvpsls	C
2020-04-09 06:18:13.120237	u/killyourvibe	fmvqq3u	u/UpsideDownToaster69	fmvn0ln	C
2020-04-09 06:18:24.582454	u/alexmihai12	fmvqqbd	u/WarmCorgiFTW	fmvlymm	C
2020-04-09 06:18:47.535527	u/Sononda201	fmvqr9x	u/depressed_melons	fmvh8xm	C
2020-04-09 06:19:38.292377	u/YeetingBingBong	fmvqtbn	u/MrKrabs8Myflipflops	fmvm7we	C
2020-04-09 06:19:48.241577	u/WaltManny	fmvqtw2	u/xXAlphaManXx	fmvn8st	C
2020-04-09 06:19:54.101831	u/yasir286	fmvqu5t	u/C9SF-Dr0p	fmvo79d	C
2020-04-09 06:19:58.407311	u/SH4DE_Z	fmvquho	u/O-YES-DADDY	fmvexzu	C
2020-04-09 06:20:18.878680	u/XCuteManlinessMLGX	fmvqvdr	u/0R4CL3-G4MZ33	fmvpqqp	C
2020-04-09 06:20:39.167222	u/XCuteManlinessMLGX	fmvqvs2	u/LasRedStar	fmvm27v	C
2020-04-09 06:20:50.093501	u/Mrgamer5409	fmvqvy7	u/ninjrfrg	fmvjmgi	C
2020-04-09 06:21:19.911787	u/SHREKABOIMAN123	fmvqwp0	u/outstandn12	fmvqvz9	C
2020-04-09 06:21:24.157622	u/Caskain	fmvqwqi	u/potatos-in-space	fmvqcn6	C
2020-04-09 06:21:57.303951	u/VorteXEliteZero	fmvqxmg	u/outstandn12	fmvqo49	C
2020-04-09 06:22:17.801871	u/Shaquille_0atmeaI	fmvqxz3	u/palabhiihbalap	fmvps7x	C
2020-04-09 06:22:26.357531	u/face157	fmvqybh	u/wannablequant	fmvqspe	C
2020-04-09 06:22:45.237121	u/TweedledeeTweedleduh	fmvqyur	u/MediumSatisfaction1	fmvgl9t	C
2020-04-09 06:22:53.488142	u/SLAVA_STRANA541	fmvqz3t	u/RepostSleuthBot	fmvov63	C
2020-04-09 06:23:04.266026	u/dishonestPotato	fmvqzbj	u/MoreMtnDew	fmvmi5o	C
2020-04-09 06:23:07.746084	u/mebelik	fmvqzf5	u/MsJacq	fmvqiod	C
2020-04-09 06:23:19.337560	u/SLAVA_STRANA541	fmvqzim	u/RepostSleuthBot	fmvivj2	C
2020-04-09 06:23:25.944784	u/ImSoBored246	fmvqzqj	u/AutoModerator	fm37d72	C
2020-04-09 06:23:35.166967	u/turbogaylord	fmvqzzk	u/DatFisheBoi	fmt4p9g	C
2020-04-09 06:24:09.405839	u/thiccfaggot12	fmvr0nv	u/AutoModerator	fijligx	C
2020-04-09 06:24:30.405438	u/thiccfaggot12	fmvr1w2	u/AutoModerator	fijligx	C
2020-04-09 06:24:59.013289	u/kaaskompie60606	fmvr2vy	u/Bruh_Bot_	fmv928i	C
2020-04-09 06:25:32.219233	u/aridivici	fmvr3wy	u/waiting2becarriedout	fmvnf2q	C
2020-04-09 06:25:41.017313	u/Snippet69	fmvr4ba	u/Putrid-Gap	fmvpmsf	C
2020-04-09 06:25:48.274509	u/ThijsHoudVanIJS	fmvr4h6	u/Ophiotaurus_	fmvqawe	C
2020-04-09 06:26:05.785076	u/ilay_ben_shimon	fmvr5ev	u/Illidan-the-Assassin	fmu66f6	C
2020-04-09 06:26:20.059183	u/ok_shut_up	fmvr5sf	u/YeetingBingBong	fmvqtbn	C
2020-04-09 06:26:48.616612	u/M0n5teRS	fmvr6y1	u/Bruh_Bot_	fmvlm8t	C
2020-04-09 06:27:22.648248	u/C1iver	fmvr824	u/Maciejlok	fmvp9a2	C
2020-04-09 06:27:25.338016	u/jojoismyreligion	fmvr843	u/XCuteManlinessMLGX	fmvqvs2	C
2020-04-09 06:27:40.256729	u/RealDealRio	fmvr8hj	u/HercIsJesus	fmvl18i	C
2020-04-09 06:28:01.149787	u/Joku_Suomalainen	fmvr912	u/RepostSleuthBot	fmeu6s5	C
2020-04-09 06:28:14.891882	u/B0larP3ar	fmvr99r	u/FRAX1001	fmvq0l9	C
2020-04-09 06:28:21.135496	u/kkwjsbanana	fmvr9ks	u/RC_G4m1ng	fmvquxy	C
2020-04-09 06:28:30.006194	u/Boltyboy117	fmvr9us	u/JimAbaddon	fmvr7vd	C
2020-04-09 06:28:46.110886	u/alucard_shmalucard	fmvrava	u/eosodksspdjsk	fmvq09z	C
2020-04-09 06:29:02.815198	u/michae65536	fmvrblw	u/phairnuff	fmvnq92	C
2020-04-09 06:30:01.953921	u/Ledah76	fmvrf4z	u/swifty23905	fmvlgc8	C
2020-04-09 06:30:42.911805	u/zunny19	fmvrg1g	u/_Wizards4Hire_	fmvlklv	C
2020-04-09 06:30:46.465115	u/LongClimb	fmvrg6a	u/Nehru42069	fmuzxhf	C
2020-04-09 06:31:00.844668	u/The-German_Guy	fmvrgm6	u/L_amiri	fmvo2ss	C
2020-04-09 06:31:49.082063	u/_org_azam	fmvrhgx	u/joliesleftnipple	fmvr8th	C
2020-04-09 06:32:11.262186	u/brutalangel6	fmvri7g	u/Cameron-Samain	fmvjv2o	C
2020-04-09 06:32:59.135895	u/leonslights33	fmvrjgi	u/Abdullx200	fmvrfor	C
2020-04-09 06:33:26.701610	u/BoGa91	fmvrk6g	u/Intabus	fmvflra	C
2020-04-09 06:33:28.910901	u/SlapMemer	fmvrk8u	u/shitty-posts	fmvrioe	C
2020-04-09 06:34:22.132384	u/yaboisavageburger	fmvrlic	u/kaanscumming	fmvo5bk	C
2020-04-09 06:34:44.009851	u/Arbitrary_Bastion	fmvrly2	u/_Wizards4Hire_	fmvlklv	C
2020-04-09 06:34:57.057520	u/Grand_Grid	fmvrmaf	u/memes_for-the_win	fmvng0z	C
2020-04-09 06:35:08.193443	u/Solier26	fmvrmgn	u/Sinoxi	fmvrdu3	C
2020-04-09 06:35:13.054362	u/UWan2fight	fmvrmld	u/Elastic_breloom	fmvlzl6	C
2020-04-09 06:35:28.692348	u/Playlostexe	fmvrmvl	u/InfiniteOreos	fmviq9c	C
2020-04-09 06:36:00.518753	u/Sym_Funny	fmvrnr6	u/Vollhartmetall	fmvrmuz	C
2020-04-09 06:36:20.184570	u/ARandomAlbanianGuy	fmvrok0	u/sxeli	fmvhkuv	C
2020-04-09 06:36:22.956012	u/Tesssiee	fmvroqs	u/elimepie	fmvgna4	C
2020-04-09 06:37:20.875014	u/IEatSheeps	fmvrq2v	u/ICECIBOA	fmvn6cc	C
2020-04-09 06:37:31.898796	u/alexander-the_decent	fmvrq9i	u/totallyahumanperson1	fmvqaa7	C
2020-04-09 06:37:55.923290	u/BorkBork_I_Am_A_Dog	fmvrr34	u/sped-a-saurus-rex	fmvea54	C
2020-04-09 06:38:13.106009	u/OviceOwozo	fmvrryi	u/bluehatgamingNXE	fmvnur3	C
2020-04-09 06:38:16.235844	u/Eco199	fmvrs2l	u/Callumfpotter	fmvn5ne	C
2020-04-09 06:38:24.037545	u/xtrozia	fmvrsc3	u/python_boti	fmvjymv	C
2020-04-09 06:38:38.626709	u/kristuxxx	fmvrt2g	u/cursedcoochie	fmvfwl1	C
2020-04-09 06:38:46.522664	u/exotitanmale	fmvrt6i	u/Novocaine0	fmvrax2	C
2020-04-09 06:38:48.027797	u/jotainpuuta	fmvrt8i	u/SebMerican	fmvnaze	C
2020-04-09 06:38:51.882253	u/kristuxxx	fmvrtb1	u/Gamerschoice	fmv1ihs	C
2020-04-09 06:39:00.241081	u/BorkBork_I_Am_A_Dog	fmvrthh	u/CacklettasMinion	fmu2fr9	C
2020-04-09 06:39:06.164147	u/kristuxxx	fmvrtm2	u/AntTuM	fmvosi6	C
2020-04-09 06:39:43.238001	u/WhiteComic8	fmvrvkv	u/2dumb2live69	fmvru2q	C
2020-04-09 06:39:49.249076	u/ninjagotligma69420	fmvrw3a	u/zayedj17	fmvrvar	C
2020-04-09 06:39:57.118066	u/0rJay	fmvrwox	u/Count_Binfake	fl6nqsy	C
2020-04-09 06:40:02.809517	u/Mr_It66	fmvrww8	u/empty-soal	fmvrw0n	C
2020-04-09 06:40:22.904067	u/X-gamer-719719179179	fmvrx6i	u/throwie66642069	fmvrwfj	C
2020-04-09 06:40:57.433733	u/Cubidasse	fmvrxwb	u/xavier7777777	fmvq5qx	C
2020-04-09 06:41:26.592654	u/Huol12	fmvryi5	u/zayedj17	fmvrvar	C
2020-04-09 06:41:35.231801	u/X-gamer-719719179179	fmvrym8	u/throwie66642069	fmvrxwh	C
2020-04-09 06:41:37.446877	u/stewardplanet	fmvrynr	u/Gabrieleatsflans	fmvl19s	C
2020-04-09 06:42:57.593375	u/Riowood13	fmvs0dt	u/Hercules69Soul	fmvrvee	C
2020-04-09 06:43:15.725645	u/doordiaper	fmvs0yy	u/notfunnytho	fmuumc9	C
2020-04-09 06:43:25.383685	u/BOWSunny	fmvs17w	u/VALKYRIE28277	fmvovht	C
2020-04-09 06:44:15.001458	u/Smylist	fmvs2z9	u/Apfelxyz	fmvqe2p	C
2020-04-09 06:44:36.502818	u/Dark4Sausage	fmvs3gf	u/kingmkh	fmvqf88	C
2020-04-09 06:45:03.956615	u/tylerthedark	fmvs45e	u/Intabus	fmvflra	C
2020-04-09 06:45:26.212887	u/RoseFlavouredGlasses	fmvs51i	u/RossParka	fmvjbmd	C
2020-04-09 06:45:43.668117	u/Nilshrling	fmvs5gg	u/Bartgames03	fmvs3xe	C
2020-04-09 06:45:47.468291	u/LilacsNdaggers	fmvs5if	u/xLacho	fmvptn8	C
2020-04-09 06:46:38.045737	u/AtruecanadianMoose	fmvs752	u/Eco199	fmvrr9z	C
2020-04-09 06:46:44.919589	u/VersaceWalkieTalkie	fmvs7ce	u/savagelama	fmtr295	C
2020-04-09 06:47:07.723231	u/Aesic_	fmvs7ye	u/uriahcp	fmvs2t1	C
2020-04-09 06:47:12.252402	u/juanmorepost	fmvs88y	u/SlaughterKoorland	fmvcvxq	C
2020-04-09 06:47:33.176782	u/baileeTheGreat	fmvs94n	u/MaurixioZ	fms50zv	C
2020-04-09 06:47:45.427194	u/hbbmoljan	fmvs9kk	u/currentlydeepfrying	fmvs7dr	C
2020-04-09 06:47:50.796622	u/tfwNPC	fmvs9o4	u/low-balling-johnson	fmvs6fx	C
2020-04-09 06:48:24.231026	u/KushSmoka	fmvsau0	u/memezop	fmv8815	C
2020-04-09 06:48:56.641870	u/outofthelurkingzone	fmvsbwm	u/face157	fmvqybh	C
2020-04-09 06:49:19.520621	u/mcgillibuddy	fmvsd19	u/can_cancel	fmvrwhq	C
2020-04-09 06:49:20.949939	u/hbbmoljan	fmvsd3l	u/currentlydeepfrying	fmvsaag	C
2020-04-09 06:49:43.308480	u/Daridum	fmvse7o	u/AM4841992	fmvf72k	C
2020-04-09 06:49:57.653180	u/kaninkanon	fmvsfi3	u/anamariapapagalla	fmvkocl	C
2020-04-09 06:50:00.146220	u/geileSpecht	fmvsfr2	u/TruthSeekingEye	fmvsec9	C
2020-04-09 06:50:57.331106	u/EricEdelson	fmvsh6k	u/brutalangel6	fmvri7g	C
2020-04-09 06:51:01.764300	u/Falcon_Cheif	fmvsh74	u/Melioidozer	fmvs785	C
2020-04-09 06:52:32.979540	u/Unkn0wn-G0d	fmvsk2x	u/LHB38	fmvsiq2	C
2020-04-09 06:53:19.179110	u/misterqman	fmvsl4f	u/DeepFryBot	fmvsfmz	C
2020-04-09 06:53:28.627507	u/ClearestTick177	fmvslad	u/MonotonousProtocol	fmvs0cn	C
2020-04-09 06:53:58.578171	u/TunaBord	fmvslx1	u/Locrem	fxkidx	S
2020-04-09 06:54:11.044150	u/Blutshund	fmvsm7p	u/STEALTH_OW	fmvr06z	C
2020-04-09 06:54:52.576274	u/DominationGames	fmvsnjn	u/LHB38	fmvsjs8	C
2020-04-09 06:54:56.524030	u/r_-username	fmvsnl3	u/The_first_sin	fmvdnt2	C
2020-04-09 06:55:31.880666	u/Avacadoos	fmvsojs	u/turthater9000	fmvns92	C
2020-04-09 06:56:46.153316	u/Feedmegrapesplz	fmvsr08	u/torto505	fmvfjtm	C
2020-04-09 06:57:10.461092	u/Blasulz1234	fmvsrwh	u/Haijuro	fmvretl	C
2020-04-09 06:57:15.859292	u/OhLookItsAlpha	fmvss82	u/xdClarkeyboy	fmuuptj	C
2020-04-09 06:57:23.681264	u/Bennett13	fmvsscg	u/cheeseman2k	fmvqlz1	C
2020-04-09 06:57:47.465789	u/reddragmo	fmvstd7	u/loli-breaker	fmvsobq	C
2020-04-09 06:57:51.273238	u/Jesuisquelqun	fmvstje	u/ExtremEli	fmvs9ke	C
2020-04-09 06:57:55.431675	u/Burgnasty54	fmvstl9	u/TruthSeekingEye	fmvsec9	C
2020-04-09 06:58:05.624564	u/LeakyThoughts	fmvstta	u/pinkdog97	fmv8zw6	C
2020-04-09 06:58:13.440940	u/mrspunkyboi	fmvsu0q	u/LonelyPole	fmvqi4b	C
2020-04-09 06:58:33.471596	u/asusan	fmvsuge	u/the_sumanth	fxm5n8	S
2020-04-09 06:58:46.545568	u/RobGavagan	fmvsuuk	u/Melioidozer	fmvrqbu	C
2020-04-09 06:58:57.592334	u/Rootriver	fmvsvdw	u/Emperor_O_Memes	fmvne69	C
2020-04-09 06:59:02.636885	u/Yemen_Is_My_City	fmvsvi6	u/Jesuisquelqun	fmvstje	C
2020-04-09 06:59:48.828210	u/DrRespectful2212	fmvsxel	u/kimchi-tacos	fmvmp5d	C
2020-04-09 06:59:57.568068	u/Tacomonster83	fmvsy0m	u/AVeryVerySadPerson	fmvrxco	C
