2020-03-29 09:00:36.873002	u/Akraelinum	fltszn1	u/KiwiTheRedditer	fltsf5h	C
2020-03-29 09:01:08.985586	u/oOScreamingBadgerOo	fltt0jb	u/ijustviewstuffmostly	flt7fy4	C
2020-03-29 09:01:32.921986	u/therealschnoesel	fltt11j	u/WilyDeject	fltsaqj	C
2020-03-29 09:01:36.299891	u/leaf_u	fltt13t	u/Bo4nerd	fltk7ie	C
2020-03-29 09:01:48.396069	u/BarronTrumpJr	fltt1bj	u/CapnChiknNugget	fltlysm	C
2020-03-29 09:02:00.483411	u/Imglitch13	fltt1vl	u/emnazee	fltldwz	C
2020-03-29 09:02:08.793875	u/ChewbyWeedy	fltt273	u/CallMeMatheist	fltrxxo	C
2020-03-29 09:02:16.032938	u/TheDirgeCaster	fltt2by	u/Frawgsssss	fltrigr	C
2020-03-29 09:02:22.837994	u/InstantName	fltt2g6	u/iTardavk	fltsk1m	C
2020-03-29 09:02:34.600087	u/BrooklynBookworm	fltt2ri	u/olcq777	fltsjv5	C
2020-03-29 09:02:46.774493	u/dariongw26	fltt2uo	u/TokyoTofu	fltrtqj	C
2020-03-29 09:02:54.345243	u/HamsterWithInternet	fltt2zg	u/santasbigwhitebeard	fltil36	C
2020-03-29 09:02:57.628350	u/Fatasspieceofdoodoo9	fltt30p	u/Miloficent	fltt0h6	C
2020-03-29 09:02:59.856755	u/jeffanator876	fltt312	u/pascal_prv	flts1u9	C
2020-03-29 09:03:04.687602	u/Wowo_Hekmoon	fltt32h	u/RepostSleuthBot	fltkugv	C
2020-03-29 09:03:31.183874	u/ITIZJAKE	fltt3qv	u/Concordia_chaos	fltq184	C
2020-03-29 09:03:33.334507	u/Im_here_for_the_BASS	fltt3r3	u/Fed97	fltkggy	C
2020-03-29 09:04:00.712902	u/rivetedoaf	fltt4rc	u/Vindovilles	fltst1z	C
2020-03-29 09:04:12.879767	u/Wolfgangrocks7	fltt5et	u/MEH_PL	fltpuwx	C
2020-03-29 09:04:21.127069	u/Fatasspieceofdoodoo9	fltt5pg	u/Miloficent	fltt3mz	C
2020-03-29 09:04:47.159522	u/Mr-_-clutch	fltt683	u/RepostSleuthBot	fltt5ds	C
2020-03-29 09:05:29.932224	u/CanlexGaming	fltt76z	u/Iyeettomuch	fltseww	C
2020-03-29 09:05:43.364096	u/Gregoriuza	fltt7n3	u/CapnChiknNugget	fr2oxf	S
2020-03-29 09:06:08.710620	u/ShadowofTheNight2530	fltt887	u/whats_the_frequency_	fltrd87	C
2020-03-29 09:06:12.404669	u/Centurian1337	fltt8af	u/its_rembol	fltt6j3	C
2020-03-29 09:06:15.216793	u/Olivia12369	fltt8dr	u/petee_cjc	fltt6pk	C
2020-03-29 09:06:18.390156	u/ItsBoomBoomTime	fltt8f1	u/DeRealBatman	fltrnsq	C
2020-03-29 09:06:25.066607	u/Chummy_Chimchim	fltt8mi	u/ahmed_17_PHANTOM	fltm7v8	C
2020-03-29 09:06:26.909900	u/intensebrie	fltt8mz	u/RepostSleuthBot	fltq8yi	C
2020-03-29 09:06:29.659021	u/jailerjethro	fltt8nx	u/17Cabbages	fltgn18	C
2020-03-29 09:06:38.149859	u/Gisvaldo	fltt8zi	u/TsuShiNe	flth5fk	C
2020-03-29 09:06:45.219901	u/DrFelixou	fltt921	u/britishtoast29	fltktgq	C
2020-03-29 09:06:51.654952	u/DjBlackblyat	fltt95t	u/Shawarmaandlettuce	fltsabn	C
2020-03-29 09:06:53.488174	u/xJamesio	fltt96a	u/LordHaveMRSA14	fltqhpf	C
2020-03-29 09:07:02.719002	u/Revreal	fltt9c2	u/waluigitime1337	fltp1zb	C
2020-03-29 09:07:21.355405	u/jabawokey1	fltt9xj	u/TheUnkownGamer21	fltsu2e	C
2020-03-29 09:07:25.738443	u/gazjelle	fltt9zx	u/UchhItachi	fltnp3d	C
2020-03-29 09:07:27.459957	u/CaptainWillem	fltta0d	u/NewVeniceRepublic	fltqkec	C
2020-03-29 09:07:54.897451	u/Kontra_Wolf	flttau6	u/SeaSmokie	flsal3t	C
2020-03-29 09:08:02.575642	u/VeryTalentedUser	flttb3i	u/SpicyChessPlayer	fltg6ay	C
2020-03-29 09:08:18.406455	u/rouge_panda434	flttbkw	u/Artemis_Valentine	fltssfz	C
2020-03-29 09:08:24.326434	u/galactixo	flttbpw	u/UneatenLeftovers	flts372	C
2020-03-29 09:08:35.666931	u/TheRosenberg1	flttbwz	u/--InZane--	fltm5lo	C
2020-03-29 09:08:40.045213	u/Embo2067	flttc33	u/PokeDuckYa77	fltrv5e	C
2020-03-29 09:08:51.354409	u/xdxdxdxd__xD	flttcjx	u/Emjay_0	flshlxl	C
2020-03-29 09:09:16.588093	u/xdxdxdxd__xD	flttdqe	u/Myriii1911	flhzrox	C
2020-03-29 09:09:30.602048	u/smokygr	flttefp	u/VenditGamingYT	flrq33k	C
2020-03-29 09:09:38.805339	u/xdxdxdxd__xD	flttexw	u/bepisisgoodis	flaicc2	C
2020-03-29 09:09:57.902321	u/10lizards	flttg52	u/petee_cjc	fltt66j	C
2020-03-29 09:10:18.197136	u/redisgoo1	flttgvv	u/Darkcat9000	fltrfqe	C
2020-03-29 09:10:28.460456	u/AlexGOP15	fltth62	u/kdsiss	fltmedy	C
2020-03-29 09:10:40.442461	u/GrandMarshalEzreus	flttha9	u/mcscusemebitchass	fltgcz4	C
2020-03-29 09:10:54.860962	u/Gozuken	fltthjq	u/Noobster646	fltgl51	C
2020-03-29 09:11:07.143905	u/heidrichsadrt	fltthw6	u/Raiden1415	flts08a	C
2020-03-29 09:11:11.678255	u/GrandMarshalEzreus	fltthz8	u/mcscusemebitchass	fltgh0b	C
2020-03-29 09:11:13.967350	u/RandomAbed	fltthzd	u/ManiacZombie69	fltnr2b	C
2020-03-29 09:11:40.940138	u/heidrichsadrt	flttijr	u/Doctor-Rat-32	fltkbpi	C
2020-03-29 09:11:51.964676	u/WafflePress	flttiqu	u/standin_faith01	fltt9y6	C
2020-03-29 09:11:57.746175	u/WrongPromise	flttixm	u/creeperbro2999	fltr65g	C
2020-03-29 09:12:20.608556	u/BoysIsBetterThanGirl	flttjc8	u/Huesan	fltedtz	C
2020-03-29 09:12:22.911024	u/TheGuus23	flttjdh	u/pepper1boi	fltt5vi	C
2020-03-29 09:12:34.746679	u/Kanvred	flttjlp	u/Schrutey	flttaa0	C
2020-03-29 09:12:39.559544	u/CinnamonToastSquanch	flttjo6	u/Jjeff_	fr583t	S
2020-03-29 09:13:07.883237	u/Ab_IV4N	flttka6	u/Chewy598	flto7ai	C
2020-03-29 09:13:25.117362	u/drnx1	flttknk	u/sylviette_pancakes	fltlybd	C
2020-03-29 09:13:42.387393	u/Rckmonster9	flttkyg	u/TsuShiNe	flth5fk	C
2020-03-29 09:13:57.695611	u/Reaverx218	flttlip	u/cccelik	flttjxd	C
2020-03-29 09:14:13.648794	u/sQuackuerone	flttlyy	u/T-posingDedede	fltko8e	C
2020-03-29 09:14:57.664480	u/Chaser601	flttn1w	u/ijustviewstuffmostly	flt7q5x	C
2020-03-29 09:15:23.136930	u/humptynumpty69	fltto46	u/JiPvAnAtTiKuM	fltn46p	C
2020-03-29 09:15:37.332319	u/vetiverbreath	flttogz	u/FuSaRo_	fltm8bx	C
2020-03-29 09:15:47.824309	u/LinusOksaras	flttozb	u/melarnd	fltqv3i	C
2020-03-29 09:16:00.836174	u/yourdadisavirgin	flttpac	u/Embo2067	flttc33	C
2020-03-29 09:16:08.270786	u/mdNaush	flttpl8	u/CreatorGangwar	fltsxw3	C
2020-03-29 09:16:13.504356	u/Hadolf_Hortler	flttpqo	u/Barack-Obama11	fltswfx	C
2020-03-29 09:16:15.393002	u/officialnra	flttpqx	u/Fantastic_Ostrich	flttnlf	C
2020-03-29 09:16:40.349088	u/RainbowNeck	flttqbn	u/MonotonousProtocol	fr3q2t	S
2020-03-29 09:16:55.818308	u/georgetsant3	flttqro	u/Embo2067	flttc33	C
2020-03-29 09:17:32.376520	u/not_a_bot_0110	flttrz7	u/xbox360noscope	fltqe52	C
2020-03-29 09:17:45.893176	u/GabeNForehead	flttslj	u/AllTheLove__H__	fltc9qo	C
2020-03-29 09:17:53.842939	u/ReedYyyy	flttswi	u/Aftermath666_	flth5k9	C
2020-03-29 09:18:14.026244	u/OskarSalt	fltttfk	u/genital_rot	flttm7t	C
2020-03-29 09:18:26.126955	u/Xukay333	flttu8g	u/Dunebuggyboi	flttr44	C
2020-03-29 09:18:59.181339	u/JayJay3597	flttv3b	u/CanlexGaming	fltt76z	C
2020-03-29 09:19:07.238436	u/Schmaddin	flttvgb	u/M4rkoz	flttrmo	C
2020-03-29 09:19:16.059731	u/Simon_Nibba	flttvmm	u/Hercules_ZH	flto7bf	C
2020-03-29 09:19:18.930809	u/Balcara	flttvwv	u/C3PlastickO	fltrdep	C
2020-03-29 09:19:28.528021	u/shadow-sky-monkey	flttw7z	u/SockySocdSock	fltpscd	C
2020-03-29 09:19:29.964285	u/babyLays	flttw9q	u/Matt1686	fltrf78	C
2020-03-29 09:19:36.468252	u/Alsoananimelover	flttwr2	u/pooover	fltj5ff	C
2020-03-29 09:19:51.266533	u/Dessd	flttxs2	u/TheMightyBeak376	fltsvmd	C
2020-03-29 09:20:02.518056	u/dick_duck-returd	flttyjy	u/v0idflam3	fltsrul	C
2020-03-29 09:20:22.377310	u/CyanCyborg-	flttz2w	u/Memelord14244	fltrm7d	C
2020-03-29 09:20:24.706013	u/Nintenden	flttz36	u/tippybunny	fltt6s6	C
2020-03-29 09:20:39.236030	u/CypherRen	flttzeb	u/XxJameZ_xX	fr1pqo	S
2020-03-29 09:21:08.742316	u/ouganfenghan	fltu08a	u/Lihuman	fltt0wh	C
2020-03-29 09:21:17.048703	u/RadToaster	fltu0jy	u/ShreksMassiveDong	fr5h0z	S
2020-03-29 09:21:27.956863	u/DBahker	fltu0qp	u/ManiacZombie69	fltskbt	C
2020-03-29 09:21:42.973669	u/rusty-pipes	fltu13t	u/TheMythology27	fltr427	C
2020-03-29 09:21:46.292436	u/Bos_lost_ton	fltu183	u/Aftermath666_	flth5k9	C
2020-03-29 09:22:07.673617	u/Posypkuss	fltu217	u/LJanzen	fltsnh7	C
2020-03-29 09:22:13.494053	u/Pile_O_Pancake	fltu25u	u/SecretGiver	fltit1a	C
2020-03-29 09:22:43.177681	u/BobTheCoolRock	fltu2u2	u/Frugal-Redditor	flt1zbl	C
2020-03-29 09:22:52.937362	u/pitaman92	fltu33o	u/NienieDreamer	fltkj37	C
2020-03-29 09:23:06.940068	u/KatsKlaw	fltu3lc	u/Musab_Nauman	fr2xut	S
2020-03-29 09:23:18.660184	u/PsyKite	fltu3rs	u/end_my_suffering44	flttwry	C
2020-03-29 09:23:23.013999	u/JoKenDo	fltu3t6	u/pepper1boi	flttorx	C
2020-03-29 09:23:33.957386	u/ihateoriginalnames	fltu49o	u/Jay_Is_Not_Here	flsf6on	C
2020-03-29 09:23:59.883654	u/yankeesfanate	fltu5bl	u/SillyNoodle7	fltu09p	C
2020-03-29 09:24:03.987635	u/SiriSingh06	fltu5je	u/hockey_boi124	flttxdp	C
2020-03-29 09:24:06.036664	u/Richey5900	fltu5kr	u/iamgourd	fltsuft	C
2020-03-29 09:24:13.913714	u/lumpaywk	fltu61u	u/Tooniis	fltticm	C
2020-03-29 09:24:22.275087	u/Lord_Archibald_IV	fltu65v	u/crouton_castle	fltsswm	C
2020-03-29 09:24:24.287304	u/Blue__Lama	fltu66r	u/dead-memes-man64	flt26zk	C
2020-03-29 09:24:36.280349	u/kurinsepu	fltu6ev	u/annormalpug	flttwwy	C
2020-03-29 09:24:50.909347	u/LoudestOfTheLargest	fltu6wy	u/pepper1boi	flttorx	C
2020-03-29 09:24:54.816356	u/AVSKII	fltu6yp	u/Xploiter_RBLX	flnnp5g	C
2020-03-29 09:25:13.413886	u/ThunderSTRIKE321	fltu7ho	u/gibbyjustin07	fltspvj	C
2020-03-29 09:25:27.297524	u/XxJoe_momma69xX	fltu862	u/colloquialmalayali	fr3d1u	S
2020-03-29 09:25:33.689253	u/Dugimon	fltu8en	u/Zizzitheroach	fltoin1	C
2020-03-29 09:25:38.565353	u/greenmuddy	fltu8kd	u/Mobilfan	fltn5w7	C
2020-03-29 09:25:40.543209	u/misxnthropist_24	fltu8n5	u/Embo2067	fltu2gx	C
2020-03-29 09:25:43.387490	u/Spalter_alder	fltu8qh	u/End_Of_The_Line101	fltom3u	C
2020-03-29 09:26:05.173517	u/lumpaywk	fltu9cp	u/shashaaaaaank	fltov6s	C
2020-03-29 09:26:17.771332	u/CoMaBlitz	fltvaje	u/GammaEmerald	fltqwuk	C
2020-03-29 09:26:20.492265	u/pianotown99	fltval0	u/Papi_T_69	fllmdum	C
2020-03-29 09:26:38.563096	u/A-A-Ron2005	fltvb6z	u/JohnReese2	fltok0n	C
2020-03-29 09:26:49.645469	u/Flokis404	fltvbiu	u/Notyoursenseimp4	flttnz2	C
2020-03-29 09:26:54.061898	u/mikael554	fltvbng	u/TsuShiNe	flth5fk	C
2020-03-29 09:27:06.949203	u/jongull19	fltvc7y	u/orcaleeorcabee	fltumdk	C
2020-03-29 09:27:13.345500	u/TheOGJohn	fltvccm	u/RepostSleuthBot	fltht5u	C
2020-03-29 09:27:27.298690	u/Eken17	fltvcwd	u/Diamantazul	fltvacc	C
2020-03-29 09:27:31.950270	u/FuturePeach	fltvd3n	u/u812me2	flttysb	C
2020-03-29 09:27:49.495126	u/TECUnicorn	fltve1y	u/memeatic_ape	fltv8zo	C
2020-03-29 09:27:58.816642	u/kidneybean15	fltvei2	u/IceyEnder	fltr4p4	C
2020-03-29 09:28:03.270544	u/Sliced_alt	fltveoc	u/SergeantPotatoes	fltn4fn	C
2020-03-29 09:28:13.164650	u/therealpercychan	fltvf4c	u/Bella_Avery	fltq19p	C
2020-03-29 09:28:46.175926	u/BelieveInRollins	fltvgxh	u/Gimme_carrots_humans	fltsty8	C
2020-03-29 09:28:47.562780	u/HisLittleDumpster	fltvgy4	u/Christinathehuman	fltv1nc	C
2020-03-29 09:28:49.961262	u/mn743	fltvh3s	u/Useless-Trashcan	fltr30v	C
2020-03-29 09:28:52.114268	u/neelis1970	fltvh6m	u/Darkcat9000	fltr61y	C
2020-03-29 09:28:57.129352	u/tacogurl94	fltvhbs	u/RVK_WAFFLE	fltuvmj	C
2020-03-29 09:28:59.923629	u/lillipuf	fltvhe3	u/17Cabbages	fltgle5	C
2020-03-29 09:29:03.273445	u/vedacom	fltvhhs	u/danktimeape	fltsqqd	C
2020-03-29 09:29:04.628591	u/Dairbarely	fltvhi2	u/justjoe1964	fltmy90	C
2020-03-29 09:29:15.620662	u/Ice_end	fltvi0h	u/RH3DD1T	fltt788	C
2020-03-29 09:29:29.210871	u/ihatenig	fltvipu	u/Python208	fltujvx	C
2020-03-29 09:29:38.069913	u/thebookman10	fltvj7u	u/littlefar	fltnf2w	C
2020-03-29 09:29:50.564061	u/UncreativeAnoymous	fltvk09	u/Spalter_alder	fltu8qh	C
2020-03-29 09:29:53.364774	u/painedguide	fltvk97	u/Dannylicious69	fltuyfh	C
2020-03-29 09:29:55.679262	u/P1XeL_GuY	fltvkm1	u/Dont_Pee_In_The_Pool	flqz2cf	C
2020-03-29 09:29:56.555334	u/SmugDrugBug	fltvkmw	u/officialnra	fltun84	C
2020-03-29 09:30:14.994712	u/XarrenJhuud	fltvljd	u/Legion_707	fltktzm	C
2020-03-29 09:30:35.299146	u/GameplaySLO	fltvm94	u/dryfer	fltetoq	C
2020-03-29 09:31:02.251197	u/Conqueror-MK2	fltvnfa	u/Sujallamichhaneakasl	fltmcd3	C
2020-03-29 09:31:21.106220	u/Galaxy_Hopper	fltvo81	u/Billy_T_Wierd	fltreyt	C
2020-03-29 09:31:25.754047	u/TheRnegade	fltvob4	u/TiesG92	fltn90h	C
2020-03-29 09:31:53.225885	u/547217	fltvp4k	u/FuturePeach	fltuv1v	C
2020-03-29 09:32:03.363598	u/iWantATree	fltvpe8	u/TsuShiNe	flth5fk	C
2020-03-29 09:32:22.772481	u/Y0lkEgg	fltvpza	u/Maleficent-Cow	fltou3t	C
2020-03-29 09:32:45.173146	u/Mrvnukabomb	fltvqu4	u/314311h3p41	fltsc06	C
2020-03-29 09:33:24.161555	u/EbonTitan	fltvrdk	u/NoticeMeHogHorn999	fltvhlu	C
2020-03-29 09:33:39.656022	u/unravleddonut	fltvrro	u/NotJoeMama420	flto9l8	C
2020-03-29 09:33:44.647024	u/Coop554	fltvrwi	u/Gubq	fl5lg0s	C
2020-03-29 09:33:51.119238	u/LegoManInTheRiver	fltvs0h	u/Yolom4ntr1c	fltr4sb	C
2020-03-29 09:34:11.965048	u/Dawaidso	fltvslh	u/SteliosTh	fr2xlh	S
2020-03-29 09:34:43.374218	u/DumbDumbChan	fltvtpr	u/MysticVagabond	flto1sb	C
2020-03-29 09:34:46.784872	u/hermanskledar	fltvtvn	u/tvnnfst	fltj898	C
2020-03-29 09:35:09.159369	u/ExpiredLaxative	fltvurx	u/NOTAPERSON10	flte56p	C
2020-03-29 09:35:11.198906	u/Newbootgoofin99	fltvusg	u/ContentNicholas	fltla37	C
2020-03-29 09:35:23.760827	u/locus0016	fltvv6m	u/Sujallamichhaneakasl	fltmcd3	C
2020-03-29 09:35:36.634721	u/guffy000	fltvvkg	u/theMeatman7	fltgrzz	C
2020-03-29 09:35:40.577481	u/GameplaySLO	fltvvmu	u/jicty	fltueee	C
2020-03-29 09:36:06.449743	u/diabolicalb3ast	fltvwdy	u/CloppyTheClopper	fltvjpc	C
2020-03-29 09:36:18.985628	u/SirJacen	fltvwyx	u/Spalter_alder	fltujuh	C
2020-03-29 09:36:31.573727	u/ChemoPutin	fltvxk0	u/17Cabbages	flth7e4	C
2020-03-29 09:36:34.265593	u/Raphaelch	fltvxml	u/TsuShiNe	flth5fk	C
2020-03-29 09:36:42.429996	u/SuperHornyBadgerz	fltvxt2	u/vedacom	fltvhhs	C
2020-03-29 09:36:50.757600	u/Fat_Miltank_Pussy	fltvy22	u/GhostAspect_	fltocjw	C
2020-03-29 09:37:19.318212	u/REHAB_Hyena	fltvyye	u/HappyHalloweenieHoe	flmzhx2	C
2020-03-29 09:37:22.360002	u/Downunderanxiety	fltvyzj	u/DannyTyler95	flttalh	C
2020-03-29 09:37:24.850284	u/BytheVay	fltvz3s	u/ghostofHamilton9488	flts4ip	C
2020-03-29 09:37:59.535830	u/Radolus	fltw0k7	u/pooover	fltj5ff	C
2020-03-29 09:38:03.311259	u/LolImUgly	fltw0qv	u/RepostSleuthBot	fltpbqd	C
2020-03-29 09:38:13.064888	u/_ninad	fltw175	u/atotalfuckingfailure	fltusgk	C
2020-03-29 09:38:14.488933	u/Eyy_Dooga	fltw18d	u/idkbastacuteako	flttk8h	C
2020-03-29 09:38:28.111368	u/Alpha_s0dk0	fltw1tm	u/hockey_boi124	flttxdp	C
2020-03-29 09:38:31.774723	u/cascool8	fltw1zm	u/TickleDuckFeathers	fltq2sd	C
2020-03-29 09:38:35.431942	u/awesomecheeseburger3	fltw21n	u/LukeWendell	fltvews	C
2020-03-29 09:38:44.086463	u/_ninad	fltw2rk	u/hockey_boi124	fltum6z	C
2020-03-29 09:38:47.492298	u/SheikHunt	fltw2w0	u/yeetbagels2thesun	fltv8be	C
2020-03-29 09:38:56.404541	u/_WaVe-	fltw36l	u/Huesan	fltraom	C
2020-03-29 09:39:08.974065	u/Danknoodle420	fltw3nf	u/dorkonafork	flt9ev7	C
2020-03-29 09:39:11.988506	u/WARNING3110	fltw3va	u/gigdygigidydoo	fltv1wy	C
2020-03-29 09:39:13.746916	u/FeistyBandicoot	fltw3zr	u/Concordia_chaos	fltq184	C
2020-03-29 09:39:23.109977	u/mixx1e	fltw4lt	u/SergeantPotatoes	fltn4fn	C
2020-03-29 09:39:47.218764	u/hanC55	fltw691	u/genital_rot	fltuok5	C
2020-03-29 09:39:55.705272	u/shittytin	fltw6s4	u/Spalter_alder	fltvrof	C
2020-03-29 09:39:57.206333	u/onespiker	fltw6wq	u/s432711	fltm1z7	C
2020-03-29 09:40:06.452342	u/tricks_23	fltw75b	u/RepostSleuthBot	fltt2kq	C
2020-03-29 09:40:08.832056	u/blackdolly0312	fltw75w	u/M4rkoz	fltvs39	C
2020-03-29 09:40:16.281818	u/Balindaks	fltw7cb	u/Get-Vectored	fltw5jf	C
2020-03-29 09:40:22.508062	u/WilliamVal1	fltw7gx	u/pascal_prv	flts1u9	C
2020-03-29 09:40:38.475891	u/mrsammysam	fltw824	u/Giri14	fltvu3v	C
2020-03-29 09:41:04.813978	u/WillyDope	fltw8lx	u/mayneffs	fltsdtf	C
2020-03-29 09:41:10.574474	u/FrephaL	fltw8qp	u/Billy_T_Wierd	fltrkc2	C
2020-03-29 09:41:39.933238	u/Kyrzyo	fltw9sj	u/GirthyLemonUlcers	fltr8ia	C
2020-03-29 09:42:07.285038	u/TadiTads	fltwam2	u/Isolatedcow	flttbw1	C
2020-03-29 09:42:09.627941	u/Hostilian_	fltwaqg	u/Mr_Rebeller	fltvl3z	C
2020-03-29 09:42:24.397367	u/dmozarella	fltwb3f	u/just_Dan___	fltvzap	C
2020-03-29 09:43:23.076239	u/ToasterToasts	fltwdiu	u/haydorio	flt8u0v	C
2020-03-29 09:43:25.188357	u/im_watching_you6969	fltwdln	u/pepper1boi	flttorx	C
2020-03-29 09:44:04.528857	u/Rijka	fltwet6	u/GirthyLemonUlcers	fltr8ia	C
2020-03-29 09:44:18.502011	u/SeboNance	fltwf82	u/pooover	fltwdzq	C
2020-03-29 09:44:31.233292	u/alexthekillerf	fltwfof	u/Xslowmo2208	fltvx0z	C
2020-03-29 09:44:41.320321	u/Pure_Iron_Pyrite	fltwfzj	u/Dannylicious69	fltug6v	C
2020-03-29 09:44:55.204232	u/appleofhereye	fltwgi4	u/abhay251	fltwdc4	C
2020-03-29 09:45:07.250607	u/User_of_Name	fltwh17	u/a_sleepy_one	fltu4nr	C
2020-03-29 09:45:21.482382	u/Kunalchavan	fltwhii	u/darrellmarch	fltphst	C
2020-03-29 09:45:37.299604	u/refrigeratorhum31	fltwi13	u/Xslowmo2208	fltvx0z	C
2020-03-29 09:45:45.955877	u/Pixel-Wolf	fltwi5q	u/17Cabbages	fltgn18	C
2020-03-29 09:45:51.664808	u/many_small_children	fltwi83	u/officialnra	fltw8sq	C
2020-03-29 09:45:53.667837	u/HazzyDayzz	fltwi98	u/SheikHunt	fltw2w0	C
2020-03-29 09:46:13.156292	u/Buwaro	fltwip5	u/Sa-ha-gin	fltpx48	C
2020-03-29 09:46:20.231277	u/Darkasor97450	fltwiv8	u/orcaleeorcabee	fltufii	C
2020-03-29 09:46:30.014285	u/suckmybush	fltwj2e	u/Fat_Miltank_Pussy	fltvy22	C
2020-03-29 09:46:36.178399	u/markhammle	fltwj5m	u/XDEC0DE	fltwfd2	C
2020-03-29 09:46:38.911853	u/Volde_Snort	fltwj8p	u/KrispyBudder	fltvido	C
2020-03-29 09:46:49.452879	u/TyreIron07	fltwjls	u/SharkDaBz	fltw9ky	C
2020-03-29 09:47:24.401673	u/Uraharra	fltwkdg	u/AutoModerator	fltjyx6	C
2020-03-29 09:48:13.100210	u/StupidOther	fltwkm0	u/TsuShiNe	flth5fk	C
2020-03-29 09:48:38.231597	u/Lord_Hortler	fltwl7s	u/orcaleeorcabee	fltunz4	C
2020-03-29 09:49:47.942000	u/DragonPeach02	fltwli2	u/cascool8	fltw4pb	C
2020-03-29 09:50:30.853984	u/ezwarflip	fltwm5h	u/TsuShiNe	flth5fk	C
2020-03-29 09:50:34.233073	u/Moothu22	fltwma3	u/ThunderSTRIKE321	fltu7ho	C
2020-03-29 09:50:45.886263	u/Harsh_Asnani	fltwmhn	u/enough-rope	fltu7zp	C
2020-03-29 09:50:48.287892	u/ollyester	fltwmjh	u/gravitymeme56	flturky	C
2020-03-29 09:50:55.123550	u/DrCREEPYFRI	fltwmru	u/R_Zamo360	fltw6kt	C
2020-03-29 09:51:12.166964	u/abeslon3	fltwn5r	u/Tsrt2k6	fltqc0u	C
2020-03-29 09:51:16.711392	u/MangoOfTruth	fltwn8a	u/oogaboogaNXS	fltwea6	C
2020-03-29 09:51:20.353421	u/Albertovolador	fltwnce	u/Its_Slinky	fltsp52	C
2020-03-29 09:51:23.712182	u/tjeerrd	fltwndc	u/Joycelly	fls7n9w	C
2020-03-29 09:51:31.680334	u/PranshuKhandal	fltwnn4	u/Laurean-mooiboi	fltl1ox	C
2020-03-29 09:51:51.322484	u/DiyarCiph	fltwoaj	u/elskidaadleskidoodle	fltwmdd	C
2020-03-29 09:51:59.099558	u/ScalierLotus11	fltwol3	u/ManyManyMoonsUggo	fltwarx	C
2020-03-29 09:52:01.276058	u/Caveskelton	fltwolt	u/ShinichiBaka	fltq367	C
2020-03-29 09:52:38.917745	u/FailedKing777	fltwq8r	u/KazoBanjooie64	fltuvqg	C
2020-03-29 09:52:49.264188	u/EZClapz4Dayz	fltwqm7	u/simplyexplained123	fr3vn6	S
2020-03-29 09:52:54.567265	u/Hi_hi-hi_Hi	fltwqq6	u/I_bims_Amthor	flto34x	C
2020-03-29 09:53:45.786736	u/Cyrus5972	fltwswt	u/ThisNameIsNotTakes	fltvmyt	C
2020-03-29 09:54:06.617605	u/ScalierLotus11	fltwtjw	u/ManyManyMoonsUggo	fltwplo	C
2020-03-29 09:54:20.221194	u/Lionboidaboi	fltwtz4	u/_wazzupp_	fltp5f9	C
2020-03-29 09:54:35.316750	u/slipperyuser00	fltwum8	u/AutoModerator	flomwsb	C
2020-03-29 09:54:40.562577	u/Jacter3107	fltwup8	u/_Progamerbutpoor_	fltw642	C
2020-03-29 09:54:42.604560	u/Niggo0913	fltwurs	u/ajran_adib139	flts7by	C
2020-03-29 09:55:08.453287	u/ScalierLotus11	fltwv67	u/ManyManyMoonsUggo	fltwplo	C
2020-03-29 09:55:11.390976	u/slipperyuser00	fltwv90	u/dovedevic	fl2izeo	C
2020-03-29 09:55:41.740420	u/Mantiix1	fltww9d	u/BlueEyedFremen	flthyt0	C
2020-03-29 09:55:46.829728	u/slipperyuser00	fltwwhc	u/Kind-Pop	fl3zlqu	C
2020-03-29 09:55:54.453089	u/UnknownWatermelon69	fltwwm9	u/DieHarD04	fltrqxh	C
2020-03-29 09:55:59.551497	u/B_33K	fltwwoy	u/Python208	fltuljk	C
2020-03-29 09:56:12.514846	u/slipperyuser00	fltwx23	u/DragoDoctor67	fl5k6ca	C
2020-03-29 09:56:40.050378	u/bobert_the_grey	fltwxws	u/Shree1999	fltvd1o	C
2020-03-29 09:57:02.313671	u/Cruntus	fltwymf	u/_wazzupp_	fltp5f9	C
2020-03-29 09:57:39.867293	u/Randomguym80512	fltx0bs	u/Moha_HT	fr32er	S
2020-03-29 09:57:46.585013	u/jcrewz	fltx0e1	u/Hercules69Soul	fltvl05	C
2020-03-29 09:58:14.443466	u/Kush1000	fltx18s	u/Y0lkEgg	fltwx22	C
2020-03-29 09:58:16.649318	u/insertstupidyuser69	fltx1dk	u/Nuudelholz	fltwy42	C
2020-03-29 09:58:30.333002	u/Avensus	fltx1wo	u/Swishta	fltnoo5	C
2020-03-29 09:58:45.362166	u/Geekguy012601	fltx2lj	u/hockey_boi124	fltuss3	C
2020-03-29 09:58:52.895587	u/robot-shmobot	fltx2xr	u/tomatotom999	flto352	C
2020-03-29 09:59:08.494661	u/mshunter1	fltx3qi	u/BoysIsBetterThanGirl	flttjc8	C
2020-03-29 09:59:12.463961	u/Kung-Furry	fltx3ue	u/Hercules_ZH	flto7bf	C
2020-03-29 09:59:14.382922	u/Palouff	fltx418	u/fualtyzane	flt1wxt	C
2020-03-29 09:59:28.713531	u/TunaSammich87	fltx4mr	u/jicty	fltvj5e	C
2020-03-29 09:59:39.077890	u/jimbo-the-lesser	fltx56e	u/Hercules69Soul	fltursa	C
2020-03-29 09:59:45.550275	u/weewoo573	fltx5gl	u/min35vil	fltnh0j	C
2020-03-29 09:59:48.999493	u/Xoohoo_	fltx5jq	u/invalidcode232	flttxax	C
2020-03-29 09:59:53.211335	u/peep-the-sad-horse	fltx652	u/SirRazma	fltw1a2	C
