2020-03-31 13:00:08.711556	u/spiffygannondorf	fm17th1	u/dontneedanickname	fm0p55b	C
2020-03-31 13:00:11.150119	u/frogger123_cookie	fm17tir	u/bananapenguin72	fm0imv5	C
2020-03-31 13:00:36.641855	u/flowers_followed	fm17u77	u/jordab7	fm145d2	C
2020-03-31 13:01:02.915306	u/TheDraiike	fm17uqw	u/TheEmperorMk2	fm0wqux	C
2020-03-31 13:01:10.117156	u/UDontKnowMeh8	fm17v14	u/Weebus69	flxosrx	C
2020-03-31 13:01:19.530971	u/SysmicSurfer959	fm17vem	u/Iguessgamesarecool	fm0pt8v	C
2020-03-31 13:01:26.061766	u/TheLastMandalore	fm17viw	u/AFXC1	fm122xq	C
2020-03-31 13:01:42.989256	u/fatpoodles	fm17vum	u/XIMonsterXl	fm0yefs	C
2020-03-31 13:01:49.655838	u/sipcoffeespilltea	fm17w0e	u/Zenon_Gaming	fm0xzv5	C
2020-03-31 13:01:52.045457	u/Useful_Extension	fm17w2l	u/Googlefisch	fm0x4k5	C
2020-03-31 13:01:58.829051	u/Birdie0909	fm17w7w	u/AlbinoLukaku	fm0mh39	C
2020-03-31 13:02:11.105611	u/ariftheMemer420	fm17wjy	u/LongRamen	fm17h5a	C
2020-03-31 13:02:13.317670	u/Goldenmemage	fm17wkw	u/daltonpassmore18	fm0zipv	C
2020-03-31 13:02:24.949879	u/Probsy0	fm17wuq	u/Keslerciang	fs9hog	S
2020-03-31 13:02:27.188466	u/threethirtythree333	fm17wvs	u/LukeWendell	fm0ytao	C
2020-03-31 13:02:34.041548	u/detnahcnesiD	fm17x0j	u/Zenon_Gaming	fm0xzv5	C
2020-03-31 13:02:46.430581	u/salcube	fm17xep	u/SlowjoeTheTortoise	fm0t9cp	C
2020-03-31 13:03:45.752078	u/RangoonBoy	fm17yft	u/Senpai59210	fm13nmw	C
2020-03-31 13:04:04.236047	u/BananaRama276	fm17yz8	u/DrLawyerPI	fm17sfp	C
2020-03-31 13:04:06.426423	u/TielonDuty	fm17yzw	u/Shortnametoremember	fm17u9b	C
2020-03-31 13:04:17.073466	u/Carson_2112	fm193fu	u/RepostSleuthBot	flygw9w	C
2020-03-31 13:04:45.961954	u/seirds-the-wierd	fm19405	u/Little_River_Of_Lava	fm0v033	C
2020-03-31 13:05:14.324483	u/imperfect421	fm194n3	u/Akronym-A	fm0be4z	C
2020-03-31 13:05:23.250131	u/icantwaittoh8u	fm194rb	u/theshooter5337	fm0lpj8	C
2020-03-31 13:05:51.315764	u/Theory_King	fm195dg	u/Sprizys	fm1610r	C
2020-03-31 13:06:11.075418	u/Trumpsabortedtwin	fm1961n	u/GhostWolf2048	fm16cao	C
2020-03-31 13:06:17.484664	u/RYAN_BENJAMIN	fm1966i	u/Jay20_03	fm12vgi	C
2020-03-31 13:06:25.610765	u/-StormTrooperAim-	fm196fb	u/bepis_man_official	fm15tbx	C
2020-03-31 13:06:50.245308	u/Kaiku72	fm197fp	u/dumpster-dachshund	fm0i4mg	C
2020-03-31 13:06:56.295819	u/TheIntrovertedHuman	fm197jv	u/ArishaSmile	fm17acq	C
2020-03-31 13:07:22.073585	u/Parrtymonster	fm1985v	u/Melotainment	fm0db83	C
2020-03-31 13:07:36.641573	u/rillip	fm198l4	u/Alram69	fm0w06j	C
2020-03-31 13:07:39.820855	u/Overall_Knowledge	fm198p1	u/disorderedAF	fm13ioq	C
2020-03-31 13:07:59.365196	u/shadeOOTU	fm19994	u/RepostSleuthBot	fm1933g	C
2020-03-31 13:08:15.069518	u/SupremeLisper	fm199v6	u/Midnight0010	fm15b4g	C
2020-03-31 13:08:17.107732	u/Coopdon101	fm199wn	u/stalinshootskulaks	fm1983s	C
2020-03-31 13:08:20.213487	u/hardmemer069	fm19a9j	u/sdot16	fm196tu	C
2020-03-31 13:08:38.743188	u/BlueDogTM	fm19arw	u/Ao1Yamada	fm12kff	C
2020-03-31 13:08:41.376154	u/sparkyleo333	fm19ax7	u/jacob1453	fm18h32	C
2020-03-31 13:08:47.241252	u/LazyOx199	fm19b6z	u/RandomStranger1776	fm10vze	C
2020-03-31 13:08:50.249149	u/ThisUserisCreative	fm19b95	u/1nsp1ron	flzxot5	C
2020-03-31 13:09:03.506029	u/DankYeeter	fm19byu	u/animegirlGrivous	fm196sm	C
2020-03-31 13:09:07.596711	u/kruppenm	fm19c8o	u/Kilian371	fm17p2q	C
2020-03-31 13:09:16.749295	u/dinosour_07	fm19csd	u/IzWeird	fm15quu	C
2020-03-31 13:09:21.100435	u/mitsukaikira	fm19cys	u/wert7a	fm19862	C
2020-03-31 13:09:32.680614	u/mikesdeathnote	fm19dxv	u/XIMonsterXl	fm0yefs	C
2020-03-31 13:09:41.840748	u/yashdesh	fm19e2z	u/ChildrenWatcher	fm16eki	C
2020-03-31 13:09:49.018768	u/JinxerH	fm19eed	u/lobo06nyy	fm04uv5	C
2020-03-31 13:09:49.672729	u/SownSaint_James	fm19ekp	u/freddyisreaddy	fm14vvq	C
2020-03-31 13:09:54.158075	u/W1LLC4Zz	fm19esr	u/Matimusho	fm19cob	C
2020-03-31 13:09:56.104017	u/LaHighdonkay	fm19faf	u/xboxplyer	fm07oq5	C
2020-03-31 13:10:05.494107	u/wittyusername424	fm19fgc	u/EastboundNdown5	fm19crr	C
2020-03-31 13:10:09.383867	u/JoelCrafter43	fm19fhk	u/JodaUSA	fls3b4k	C
2020-03-31 13:10:17.292851	u/thedaiyen	fm19fnp	u/roncastelino	fm11tmf	C
2020-03-31 13:10:19.664935	u/lol_is_copied2	fm19fpa	u/Mxa130_	fm19apa	C
2020-03-31 13:10:24.446799	u/hairybushy	fm19fwd	u/Aska09	fm12ynx	C
2020-03-31 13:10:35.656850	u/mikesdeathnote	fm19g44	u/dontneedanickname	fm0p55b	C
2020-03-31 13:10:40.516801	u/SwiftyWifty	fm19g83	u/SomeGuy5839	fm109cz	C
2020-03-31 13:11:24.367798	u/Mowfling	fm19hbb	u/A_sad_toaster	fm0uvt1	C
2020-03-31 13:11:29.961890	u/Visual-Attempt	fm19hli	u/PewdsBeastPie	flbnti2	C
2020-03-31 13:11:32.287729	u/IamShinobiLul	fm19hmi	u/dumpster-dachshund	fm0xlg2	C
2020-03-31 13:12:18.006230	u/Mr_Nuggleton	fm19j2o	u/BuschGuidoFan1821	fm18l1l	C
2020-03-31 13:12:25.335506	u/rydervader00	fm19j94	u/bananaman_joe	fm18sm2	C
2020-03-31 13:13:03.911950	u/TheAmericanShark214	fm19jx9	u/ostruch	fm1862x	C
2020-03-31 13:13:09.159048	u/iPodee	fm19k20	u/Just_a_guy69_	fm0mfan	C
2020-03-31 13:13:38.664915	u/nightbot198356	fm19kq9	u/Birdie0909	fm17w7w	C
2020-03-31 13:13:42.971974	u/Crusader_with_Ligma	fm19kv5	u/automatez	fm16emr	C
2020-03-31 13:14:02.265493	u/Snapd_In2_Anothr_Act	fm19l8q	u/Unshelled_1	fm0plmb	C
2020-03-31 13:14:34.331290	u/whatsupusers	fm19mli	u/Sigma_Bonds	fm16q5p	C
2020-03-31 13:14:51.269012	u/Batmansuarusrex69	fm19n77	u/HaloArtificials	fm0at3x	C
2020-03-31 13:15:16.659058	u/theSaltySithLord	fm19nqn	u/Mike212069	fm18ysx	C
2020-03-31 13:15:19.476850	u/Quailpower	fm19ntm	u/JxY1989	fm193ey	C
2020-03-31 13:15:33.789789	u/firerod2	fm19opt	u/IIISOPUREIII	fm0b5k7	C
2020-03-31 13:15:46.805529	u/TheeDodo	fm19p4q	u/RepostSleuthBot	fm0o142	C
2020-03-31 13:16:10.428121	u/The_Purple_Duck	fm19ptv	u/Schlongevity	fm18jrn	C
2020-03-31 13:16:27.612222	u/PastInspection	fm19qdl	u/skinatri	fm184ve	C
2020-03-31 13:16:46.272809	u/NOM1001	fm19qma	u/Andrew3243	fm18bjo	C
2020-03-31 13:16:58.275756	u/Lik_my_undersid	fm19r2j	u/trelium06	fm0u2sa	C
2020-03-31 13:17:05.364190	u/DarkLight382	fm19rbw	u/saggysandwich	fm17e2o	C
2020-03-31 13:17:24.927693	u/MobbiK04	fm19s7h	u/Sigma_Bonds	fm16q5p	C
2020-03-31 13:17:31.947629	u/xxKiMJonGoonxx	fm19smg	u/Lord_Cronic	fm178kk	C
2020-03-31 13:17:35.766844	u/CarolusX2	fm19ssl	u/hungary2006	fm0uc6l	C
2020-03-31 13:17:38.686031	u/patata-	fm19swg	u/AeZhee	fm11bha	C
2020-03-31 13:17:46.911199	u/ARealFool	fm19tgt	u/Quailpower	fm19ntm	C
2020-03-31 13:17:58.617119	u/Wayybig	fm19tjb	u/justsomebodii	fm19ko3	C
2020-03-31 13:18:01.680381	u/osku551	fm19tms	u/OneSushi	fm13p1i	C
2020-03-31 13:18:03.682751	u/0IsNotANaturalNumber	fm19tpn	u/GenosseOle	fm10iq4	C
2020-03-31 13:18:06.571550	u/Sp4r0	fm19tw1	u/NintendoEssentials	fm138gc	C
2020-03-31 13:18:08.591938	u/ModsFuckedMeOver	fm19twa	u/Iguessgamesarecool	fm0pt8v	C
2020-03-31 13:18:30.974894	u/see-spot-run4576	fm19uyy	u/Emperor_O_Memes	fm16o4n	C
2020-03-31 13:18:39.361482	u/Toasted-Pompano	fm19vhl	u/patata-	fm19swg	C
2020-03-31 13:18:42.141843	u/dankmasterpantheon	fm19vk8	u/SCP-0666	fm0zz2z	C
2020-03-31 13:19:28.845220	u/Kishoniso	fm19yjt	u/weirdassdesiboi	fm193y0	C
2020-03-31 13:19:30.658203	u/Kayisnotmyname	fm19ymz	u/OkWall6	fm0p8x1	C
2020-03-31 13:19:32.687829	u/AHeldalil	fm19yr7	u/Abs4life123	flgjw86	C
2020-03-31 13:19:37.303867	u/whackathon2002	fm19zg2	u/The_Zoffical	fm080vq	C
2020-03-31 13:19:38.828934	u/JosephMcN	fm19zkn	u/its-just-paul	fm18jes	C
2020-03-31 13:20:12.523103	u/HD210802	fm1a1pq	u/AlbinoLukaku	fm0mh39	C
2020-03-31 13:20:14.901730	u/Doomblud	fm1a1qa	u/Titan2562	fm0qxhv	C
2020-03-31 13:20:33.646729	u/champoradog	fm1a2r7	u/MurseNaygen	fm0levv	C
2020-03-31 13:20:53.741311	u/Black_DemonSk	fm1a3ht	u/frying_zepter	fm0tm5c	C
2020-03-31 13:21:04.757940	u/pl3asedeargodkillme	fm1a3va	u/BoomBug	fm16nu6	C
2020-03-31 13:21:08.335612	u/HereComesThatApache	fm1a46v	u/memelord_elmo	fm0z9mz	C
2020-03-31 13:21:47.604545	u/1x_yaya	fm1a56y	u/AutoModerator	fm0wm4t	C
2020-03-31 13:21:52.517994	u/IAmGod024	fm1a5bs	u/n00bmASt3R6nine	fm0s1th	C
2020-03-31 13:22:29.076935	u/jaerie	fm1a6ig	u/ARealFool	fm19tgt	C
2020-03-31 13:22:50.416055	u/tanker-jack	fm1a7eo	u/stalinshootskulaks	fm19hw2	C
2020-03-31 13:22:59.252157	u/Taianonni	fm1a7qw	u/WhoTfIsLipGallagher	fm19jhu	C
2020-03-31 13:23:04.804129	u/TeunVV	fm1a876	u/EmbrocationL	fm19t9t	C
2020-03-31 13:23:07.001306	u/DraconicCZK	fm1a89y	u/LonelyPole	fm0ekim	C
2020-03-31 13:23:11.480306	u/MarioCraft_156	fm1a8f3	u/mylo38	fm0xmka	C
2020-03-31 13:23:26.863903	u/bleurex132	fm1a95t	u/automatez	fm16emr	C
2020-03-31 13:23:43.753407	u/JDidonca	fm1a9t0	u/RepostSleuthBot	fm17a2o	C
2020-03-31 13:23:54.707621	u/bstarkiller24	fm1a9zm	u/Qurisssi	fm0sw77	C
2020-03-31 13:24:00.974903	u/im-humen	fm1aa2j	u/snoringscarecrow	fm17w74	C
2020-03-31 13:24:04.181147	u/iamniklas	fm1aa7k	u/tnboy22	fm13gqa	C
2020-03-31 13:24:34.282820	u/Kaasschotel	fm1aamk	u/presidentdeeznut	fm19j9y	C
2020-03-31 13:24:36.323375	u/annabelle_cant_draw	fm1aamj	u/Emperor_O_Memes	fm1a8dy	C
2020-03-31 13:24:55.254480	u/MaskedMan88	fm1ab8w	u/Balindaks	fm18p6l	C
2020-03-31 13:25:02.648359	u/BruhMoment_519	fm1abdv	u/pickle_mateo	fm19yn1	C
2020-03-31 13:25:33.426617	u/da_foxyboy	fm1bk70	u/AutoModerator	fm0arpc	C
2020-03-31 13:25:48.591498	u/Jzillaisreal	fm1bkoo	u/2_cam_2	fm1bff3	C
2020-03-31 13:25:54.305935	u/yourbestsenpai	fm1bl0v	u/Hammode174	fm10pd0	C
2020-03-31 13:26:12.259367	u/SmashHype64	fm1blmd	u/Goldenmemage	fm17wkw	C
2020-03-31 13:26:16.964941	u/ThatPotatoWithSugar	fm1blzm	u/EastboundNdown5	fm1a9tm	C
2020-03-31 13:26:19.579600	u/whatever_matters	fm1bm0j	u/MobKiller2181	fm133n4	C
2020-03-31 13:26:22.264723	u/SPYkEmAN	fm1bm28	u/YallSkinnyHorseZack	fm19klz	C
2020-03-31 13:26:24.014660	u/Exodust500	fm1bm3u	u/ikeepwipingSTILLPOOP	fm126z6	C
2020-03-31 13:26:30.616475	u/Soul_Knife	fm1bmdr	u/TheMudbloodHedgebot	fm1bf8p	C
2020-03-31 13:26:43.305364	u/kshool	fm1bn9j	u/12345xela	fm0ugp9	C
2020-03-31 13:26:45.102717	u/DankX42	fm1bnbn	u/BattlNerd	fm10lnd	C
2020-03-31 13:26:52.721138	u/Dae_Grighen	fm1bnyu	u/Jameson-Junkenstein	fm0iy8q	C
2020-03-31 13:27:16.964292	u/meanSh1t	fm1bp26	u/ultraman7676	fm14wsq	C
2020-03-31 13:27:21.038860	u/Cymyl	fm1bp85	u/Zenon_Gaming	fm0xzv5	C
2020-03-31 13:27:56.766603	u/Xelgumi	fm1bqpj	u/SirRoderic	fm13tt6	C
2020-03-31 13:28:00.019148	u/D3SP41R	fm1bqwt	u/sasquatsch-	fm10fes	C
2020-03-31 13:29:02.608330	u/Huxm_luxl	fm1bsyh	u/MazenFire2099	fm137xv	C
2020-03-31 13:29:05.022182	u/error1105	fm1bt3d	u/aaaaa_rxinydxay	fm135d6	C
2020-03-31 13:29:10.661335	u/EvilChromeGnomes	fm1btdn	u/ImTheNewKid22783	fm1afie	C
2020-03-31 13:29:19.067651	u/Huxm_luxl	fm1btpq	u/MazenFire2099	fm137xv	C
2020-03-31 13:29:27.149958	u/Jarrad3124	fm1bu1l	u/Swimmyofreddiy	fm1853k	C
2020-03-31 13:29:28.690998	u/WRECKINGBALL360	fm1bu4c	u/elia0500	fm0mns4	C
2020-03-31 13:29:36.330720	u/Laser_Gunns	fm1bult	u/RandomestGuy__-_-_-	fm1a94n	C
2020-03-31 13:29:58.367414	u/Everest_Twins	fm1bwl3	u/F4BY__	fsa26d	S
2020-03-31 13:29:58.881349	u/punzip	fm1bwm0	u/AlbinoLukaku	fm0mh39	C
2020-03-31 13:30:17.610172	u/masamuazu	fm1bx35	u/Unreal_Darkhalis	fm1a5yz	C
2020-03-31 13:30:28.758424	u/CrackMyIP	fm1bxjk	u/lady_end	fm18d6g	C
2020-03-31 13:31:12.546168	u/heyimlil	fm1bz7z	u/disbandedhawk	flxp8ri	C
2020-03-31 13:31:28.372253	u/Thelostcobra	fm1bzr5	u/jnewton1004	fm0mzgj	C
2020-03-31 13:31:35.345995	u/annoying_on_reddit	fm1c01r	u/TheChocolateCray	fm06w9a	C
2020-03-31 13:31:41.415213	u/epicgamer964	fm1c06m	u/racerfree	fm1bta5	C
2020-03-31 13:31:55.059258	u/LeCoronavirus	fm1c0ea	u/Exodust500	fm1bpna	C
2020-03-31 13:32:04.366989	u/QuickScope1597	fm1c0sl	u/MlgGuineaPig	fm1aup0	C
2020-03-31 13:32:27.438295	u/xavierthepotato	fm1c1l4	u/MedicOdin	fm17ejp	C
2020-03-31 13:32:39.918215	u/TenyeEast	fm1c1yc	u/WindyBoiiii	fm0e6so	C
2020-03-31 13:32:52.439982	u/unicorn_on_duty	fm1c22d	u/DankX42	fm1b2r0	C
2020-03-31 13:33:00.895128	u/A1MrSasquatch	fm1c2bn	u/meatman_plays	fm1bjjv	C
2020-03-31 13:33:21.810079	u/TheSaucyInquisitor	fm1c37m	u/Xploiter_RBLX	flvhql8	C
2020-03-31 13:33:27.298022	u/Insanityleo	fm1c39j	u/VangeeOP	fm0rve7	C
2020-03-31 13:33:38.297761	u/raspberry_ketone	fm1c3qt	u/AutoModerator	fm1bv5g	C
2020-03-31 13:34:02.403302	u/BigBellyMan42069	fm1c4ml	u/LukeWendell	fm0z58g	C
2020-03-31 13:34:29.876983	u/UnderFireCoolness	fm1c5nz	u/ARealFool	fm19y9i	C
2020-03-31 13:34:35.426299	u/Ethan_Becker	fm1c5q8	u/TheClevernickname	fm1c2gi	C
2020-03-31 13:34:40.526000	u/DennyDA	fm1c62w	u/aaaaa_rxinydxay	fm135d6	C
2020-03-31 13:34:47.549420	u/suit-man-gaming	fm1c6hk	u/-_N0_-	fm0nhw7	C
2020-03-31 13:34:51.762761	u/ChamsRock	fm1c6kz	u/validestusername	fm1ab2f	C
2020-03-31 13:35:28.945966	u/DennyDA	fm1c7nl	u/BlackBunny2424	fm1bk9p	C
2020-03-31 13:35:42.745981	u/DennyDA	fm1c8aw	u/BlackBunny2424	fm1bq74	C
2020-03-31 13:35:45.948081	u/panda_reaper	fm1c8fl	u/Freedom_Fighterbruv	fm10ape	C
2020-03-31 13:35:47.865803	u/ChamsRock	fm1c8gf	u/FryingTheEnds	fm1atr9	C
2020-03-31 13:35:50.870086	u/Ethan_Becker	fm1c8k2	u/TheClevernickname	fm1c7e8	C
2020-03-31 13:36:10.046581	u/LifeWillHurtYou	fm1c9b4	u/Hammode174	fm1c4sx	C
2020-03-31 13:36:26.538456	u/HappyMemeBoy	fm1c9qw	u/drissdoesnotexist	fm0kbib	C
2020-03-31 13:36:29.248435	u/ElCalculadora	fm1c9t8	u/pinokio-will-conquer	fm1aalg	C
2020-03-31 13:36:53.401468	u/BlackieButt	fm1ca2y	u/chakibrzg	fsaqnr	S
2020-03-31 13:37:20.577536	u/nuclearguacamole	fm1cb3f	u/ElCalculadora	fm1c9t8	C
2020-03-31 13:37:41.275174	u/Screenlock1337	fm1cbwg	u/biohazzerd91	flyb7a3	C
2020-03-31 13:37:46.689650	u/notmuch2ceehere	fm1cc4e	u/m4a1pewpew	fm0sj1u	C
2020-03-31 13:37:55.520651	u/TheHitmanJCG	fm1cch0	u/MooshleBooshle	fm1cbb5	C
2020-03-31 13:38:01.324267	u/TheHitmanJCG	fm1ccux	u/MooshleBooshle	fm1cbb5	C
2020-03-31 13:38:17.386197	u/Riccness	fm1cdge	u/icefire555	fm19kit	C
2020-03-31 13:38:28.342958	u/kill4588	fm1ce0k	u/NotAJInnit	fm12ucn	C
2020-03-31 13:38:30.464099	u/4dfolding	fm1ce6g	u/RepostSleuthBot	fm1blal	C
2020-03-31 13:38:59.921591	u/Ch0c0T	fm1cg4a	u/RepostSleuthBot	fm19djj	C
2020-03-31 13:39:02.718961	u/doba245	fm1cgep	u/Hammode174	fm1565d	C
2020-03-31 13:39:27.754053	u/Mippzdippz	fm1chr6	u/AllHailClubsy	fm0zn6w	C
2020-03-31 13:39:45.012700	u/doba245	fm1cid4	u/Hammode174	fm159gf	C
2020-03-31 13:39:48.167194	u/ImodDS	fm1cika	u/Huxm_luxl	fm1btpq	C
2020-03-31 13:39:48.822208	u/Commander_kjen	fm1cip5	u/XIMonsterXl	fm0yefs	C
2020-03-31 13:39:50.906289	u/mrdudeman666	fm1ciu3	u/Astolfo42	flupupq	C
2020-03-31 13:39:56.403173	u/LosVientos	fm1cjbk	u/Yeeticus-the-17th	fm14t3t	C
2020-03-31 13:40:00.088659	u/totiisawesome	fm1cjjv	u/slashth456	fm1ci8c	C
2020-03-31 13:41:04.342252	u/flustercuck91	fm1cl65	u/Lord_Cronic	fm178kk	C
2020-03-31 13:41:38.558325	u/DogsAreFuckingCute	fm1cm1y	u/meatman_plays	fm0smn9	C
2020-03-31 13:42:02.174216	u/DEAD-MARTYR	fm1cmyj	u/TimmyBattles	fm1c5aq	C
2020-03-31 13:42:05.575951	u/FatBOIisFatter	fm1cn87	u/MooshleBooshle	fm1cbb5	C
2020-03-31 13:42:10.015873	u/Canal_De_Ivan	fm1cndu	u/owenbarnes25	fln0eum	C
2020-03-31 13:42:12.262581	u/Biggest-Bannana-Man	fm1cndt	u/mnb1114	fm1cldo	C
2020-03-31 13:42:25.229921	u/Mockingboy	fm1cnvs	u/bleurex132	fm1a95t	C
2020-03-31 13:42:58.343468	u/Minerom45	fm1cohi	u/Unreal_Darkhalis	fm1a313	C
2020-03-31 13:43:04.688365	u/jackabobbles	fm1coji	u/faab64	fm1a0hh	C
2020-03-31 13:43:19.901843	u/badbanana08	fm1coth	u/FryingTheEnds	fm1atr9	C
2020-03-31 13:43:41.354121	u/AbstractBears	fm1cpsp	u/Qurisssi	fm0sw77	C
2020-03-31 13:43:59.209710	u/inker22	fm1cqip	u/Wiseonejambo	fm16w51	C
2020-03-31 13:44:01.332454	u/_Pidge_Podge	fm1cqkp	u/xavierthepotato	fm1cbd0	C
2020-03-31 13:44:19.172532	u/Cbutterworth1	fm1cr4k	u/Wheel31	fl5790b	C
2020-03-31 13:44:28.207422	u/YukiEktrix101	fm1crps	u/mistermuesli	fm1cd1y	C
2020-03-31 13:44:35.360839	u/Gitaly123	fm1cs3f	u/YanAdriel	fm0gn33	C
2020-03-31 13:44:40.013077	u/ShadowLion0131	fm1csbw	u/ikeepwipingSTILLPOOP	fm13ggd	C
2020-03-31 13:44:44.970217	u/kaloakl	fm1csgm	u/kcldnx	fm0voex	C
2020-03-31 13:44:49.547936	u/CR20dragon	fm1csh9	u/El-Toro96	fm1blco	C
2020-03-31 13:44:54.251070	u/Gitaly123	fm1cslq	u/ItzYoBoi_DatOneGuy	fm0h893	C
2020-03-31 13:44:56.108626	u/robbinnDaHood	fm1csmb	u/random_boi12345	fm0xegt	C
2020-03-31 13:45:01.861844	u/SpartanSam16	fm1csug	u/Bruhmomentum43	fm19bnx	C
2020-03-31 13:45:17.132912	u/a260Gaming	fm1cszm	u/AutoModerator	fm0bmjs	C
2020-03-31 13:45:19.117465	u/Red_Reddtior	fm1ct1m	u/adi717h	fm1bhzr	C
2020-03-31 13:45:50.020072	u/Arbiter6518	fm1cttu	u/meanSh1t	fm1byfs	C
2020-03-31 13:45:52.705525	u/a_p3nguin	fm1ctvq	u/WD40911	fm1bq54	C
2020-03-31 13:46:30.821162	u/ExoticWeek	fm1cvha	u/ARealFool	fm19y9i	C
2020-03-31 13:46:43.491939	u/oofergang2839293	fm1cvzt	u/scoobymax	fm165hu	C
2020-03-31 13:46:54.607946	u/uravved	fm1cwmw	u/Kelly240361	fsf5su	S
2020-03-31 13:47:10.507059	u/Ethanthegreat23	fm1cxkm	u/Hooded56	fm0qsgm	C
2020-03-31 13:47:32.454240	u/ryancaseyvevo	fm1e671	u/StarManOMG	fm1e5k7	C
2020-03-31 13:47:42.862948	u/Cillianna	fm1e6j8	u/headset-	fm1e4ni	C
2020-03-31 13:47:50.216760	u/RectangularMF	fm1e6v7	u/theblueduckz	fm14o7r	C
2020-03-31 13:48:09.250435	u/mustl2p	fm1e7h5	u/you_fucking_donkey13	fm16t6c	C
2020-03-31 13:48:17.315967	u/HippieDogeSmokes	fm1e85j	u/SupremeEpicGamer	fm0w4zl	C
2020-03-31 13:48:28.804151	u/Epiphany81964	fm1e8ox	u/Yedok-Hon	fm15gbq	C
2020-03-31 13:48:31.997514	u/ApolloAwe	fm1e8tl	u/sybch	fm1a64p	C
2020-03-31 13:48:37.419392	u/inzane26	fm1e92m	u/Fallout76IsPainful	fm1d6xu	C
2020-03-31 13:48:39.880936	u/PermaFrost_386	fm1e98k	u/dankmasterpantheon	fm19vk8	C
2020-03-31 13:48:47.028997	u/asiansrtasty	fm1e9iz	u/BolshevikZhang	flocn9m	C
2020-03-31 13:48:53.353755	u/amalhinder	fm1e9y7	u/Falafelfreak	fm19mmc	C
2020-03-31 13:48:57.253974	u/well_ja	fm1ea3p	u/LeCoronavirus	fm15x3y	C
2020-03-31 13:49:10.773946	u/jalfredproofrock	fm1eaay	u/Impiercito	fshe53	S
2020-03-31 13:49:12.228648	u/Gamed-way-too-long	fm1ead8	u/sentientparsley	flksvr0	C
2020-03-31 13:49:25.192174	u/Eternacheese	fm1eb43	u/ewan57	fm1dwjb	C
2020-03-31 13:49:28.810080	u/niknak_1	fm1ebfz	u/patata-	fm1dokm	C
2020-03-31 13:49:30.016831	u/Artezio	fm1ebi2	u/Redpikes	fm1e2w4	C
2020-03-31 13:49:48.900562	u/bigsad2020	fm1ecxo	u/starwolf_98	fm1bxiz	C
2020-03-31 13:50:09.245334	u/Paracelsus124	fm1edjv	u/okaymandude	fm19x4i	C
2020-03-31 13:50:18.432320	u/Atmix123456	fm1edq9	u/butterchickennaan	fm1d8nd	C
2020-03-31 13:50:35.556908	u/sppidderman	fm1eeld	u/patata-	fm19swg	C
2020-03-31 13:50:56.247468	u/DesertNinja93	fm1ef8m	u/j-essm	fm1e2ll	C
2020-03-31 13:51:02.983083	u/Boneman0101	fm1eff1	u/The_Gumbo	fm1dvby	C
2020-03-31 13:51:13.729187	u/Imcowfat	fm1efm7	u/chomperstyle	fm1c5pe	C
2020-03-31 13:51:36.678448	u/Atomic_bananaS	fm1eg91	u/CapShailesh	fshecx	S
2020-03-31 13:51:47.214311	u/YraX-GD	fm1egk5	u/FreddyKrum	fm0at5q	C
2020-03-31 13:51:49.489547	u/K_Elmo	fm1egl2	u/ImodDS	fm1cika	C
2020-03-31 13:51:57.395259	u/poptart-narwhale	fm1egv7	u/NotTheOnlyHunter	fm1e5m3	C
2020-03-31 13:52:03.016541	u/galaxonist	fm1ehh3	u/it_wooden_whistle	fm036os	C
2020-03-31 13:52:09.957029	u/K_Elmo	fm1ehnj	u/Huxm_luxl	fm1bsyh	C
2020-03-31 13:52:18.082013	u/Stuartriddle12	fm1ehwm	u/FRiedbaconboi	fm0psf1	C
2020-03-31 13:52:24.127855	u/PapaTrashBeard	fm1ei2m	u/milksoup-_-69	fm1dic5	C
2020-03-31 13:52:27.441418	u/Dorito_T	fm1ei4e	u/Dolph63	fm1bty7	C
2020-03-31 13:52:30.859362	u/K_Elmo	fm1ei50	u/Huxm_luxl	fm1bsyh	C
2020-03-31 13:53:04.513676	u/_Xand0n_	fm1eiv4	u/potatoooo66planet	fm1dy9a	C
2020-03-31 13:53:41.915465	u/afzujhaan	fm1ekfe	u/RepostSleuthBot	fm1a0vt	C
2020-03-31 13:53:45.177238	u/SvenSvenkill2	fm1ekha	u/inzane26	fm1e92m	C
2020-03-31 13:53:57.607102	u/MCUltraRetarded	fm1ekt2	u/redFinland	fm1dgje	C
2020-03-31 13:54:09.466005	u/seko69420	fm1el8u	u/bob1278999	fm1ehid	C
2020-03-31 13:54:51.972396	u/allyainsry	fm1em7g	u/Xploiter_RBLX	flud4zv	C
2020-03-31 13:55:04.052777	u/chickenNugger25	fm1emzq	u/oDoG311	fm1dbto	C
2020-03-31 13:55:23.878923	u/lordschnielsi	fm1enu0	u/GoHeadsGo	fm0g4r1	C
2020-03-31 13:55:27.034324	u/wtaaaaa	fm1eo4g	u/AutoModerator	flomwsb	C
2020-03-31 13:55:28.985583	u/luna_uwu	fm1eo9b	u/mistermuesli	fm1ejgi	C
2020-03-31 13:55:46.685861	u/Toxic__Phoenix	fm1eopi	u/patata-	fm1anlv	C
2020-03-31 13:55:49.449682	u/zack6869	fm1eoro	u/unbelievable_owl	fm1ejg6	C
2020-03-31 13:56:04.175962	u/Bodastitch	fm1epfo	u/inzane26	fm1e92m	C
2020-03-31 13:56:38.741695	u/Markmolinskid	fm1eqgk	u/creamoftoenail	fm1ahen	C
2020-03-31 13:56:54.993046	u/Hodoss	fm1er2a	u/CapnChiknNugget	fse6fr	S
2020-03-31 13:56:59.387598	u/SirPugglesworth2342	fm1er6g	u/kaloakl	fm1csgm	C
2020-03-31 13:57:11.277230	u/biscuitsmarie	fm1erp2	u/CRUSADEROF420	fm1c1xy	C
2020-03-31 13:57:21.818132	u/entangled_dicks	fm1es56	u/daddyfaps69	fm1eckn	C
2020-03-31 13:57:26.467168	u/khaledalnahas	fm1esf5	u/TheLostCore	fm19830	C
2020-03-31 13:58:08.473706	u/empty_Matt	fm1etxn	u/Imcowfat	fm1efm7	C
2020-03-31 13:58:22.642601	u/Stephensimon86	fm1eus6	u/someone835w	fm1cd4p	C
