2020-03-26 11:00:55.524186	u/CommunistWeirdo	flk6162	u/megalodon392	flhiwkp	C
2020-03-26 11:01:06.112181	u/Ev_Cruz	flk61cr	u/IvoBizzareAdventures	fl566r8	C
2020-03-26 11:01:35.758683	u/Thicc-Lite	flk62dr	u/Ricobois	flk5xki	C
2020-03-26 11:01:41.276119	u/KISSTEPAN	flk62hc	u/_DarkAnxiety	flk5hpw	C
2020-03-26 11:02:01.298987	u/minchim	flk630h	u/racerfree	flk57fl	C
2020-03-26 11:02:20.056513	u/xquarles2000	flk63hk	u/clarebear1138	flk36m8	C
2020-03-26 11:02:31.189320	u/HuffPuff_420	flk63qy	u/Coca_Cola42069	fljqe1a	C
2020-03-26 11:02:44.697451	u/Practical-Plant	flk648v	u/it_wooden_whistle	fleqlyj	C
2020-03-26 11:02:50.269416	u/6942051	flk64h9	u/JoeMDFK	flk0oiv	C
2020-03-26 11:03:10.499600	u/Jonn_Wolfe	flk64xv	u/Just_A_Passing_Bi	flk4swr	C
2020-03-26 11:03:17.824987	u/narg3000	flk655k	u/Jim__Halpert__	flk3plv	C
2020-03-26 11:03:39.017110	u/RealFunnySteve	flk661l	u/ThisNameIsNoOriginal	flk4hgs	C
2020-03-26 11:03:42.387308	u/BL4ZE0183	flk66f7	u/Destroyer7223	flk3k5e	C
2020-03-26 11:03:55.416778	u/Lame_Protagonist	flk66yd	u/nature-will-win	fljwayb	C
2020-03-26 11:04:13.043089	u/PandaRocksx	flk67ie	u/Yeetblep	flk6206	C
2020-03-26 11:05:08.306810	u/Keda_Keda	flk69qk	u/Ochinchin6969111	flk6604	C
2020-03-26 11:05:16.640202	u/Loke_2	flk6a4h	u/RepostSleuthBot	flk0es5	C
2020-03-26 11:06:16.503322	u/BartekRandomLad	flk6cmn	u/Sekof7	flju1zk	C
2020-03-26 11:06:18.555129	u/tehchangeling	flk6cp1	u/Spoggen	fljxr07	C
2020-03-26 11:06:26.556358	u/ManiacleGoon	flk6cza	u/Over-Engineering	flk2hrb	C
2020-03-26 11:06:51.069609	u/AlpineRipcord	flk6dkx	u/Gwen_Weasley	fljx8ma	C
2020-03-26 11:06:59.501914	u/lack_toes_intolerant	flk6dog	u/adwait199	flk1p7b	C
2020-03-26 11:07:11.764285	u/justheretoannoyyou	flk6eax	u/Pannenkoek420	flk4ohd	C
2020-03-26 11:07:16.397921	u/MyNameKev69	flk6eg2	u/ShadowTiger0803	fljxc5q	C
2020-03-26 11:07:24.677146	u/TitiGamer2772005	flk6euu	u/Emperor_O_Memes	flk64i9	C
2020-03-26 11:07:36.080215	u/Deepakkushwaha1	flk6f6c	u/FluuBk	fp8sve	S
2020-03-26 11:07:49.486114	u/ByfocialTech	flk6fs6	u/Jezzinferno	fljlk0z	C
2020-03-26 11:07:58.391558	u/BeedyNano	flk6g8v	u/Alfred-perhaps	fljbixk	C
2020-03-26 11:08:07.580984	u/thewitchmaker	flk6go8	u/Swiffer_Maister	flk693t	C
2020-03-26 11:08:19.895321	u/comicalben	flk6h58	u/MasterTar	fpak45	S
2020-03-26 11:08:37.504645	u/Jazzinarium	flk6hs0	u/racerfree	flk5jhj	C
2020-03-26 11:09:15.277725	u/Justputsomethingcool	flk6kw1	u/Pewdiepiedabezt	flk4v13	C
2020-03-26 11:09:18.734369	u/Stunning_Square9	flk6kza	u/potatoooo66planet	flk6ich	C
2020-03-26 11:09:22.421102	u/Original_username097	flk6lhz	u/Brokeasslobster	fljp2go	C
2020-03-26 11:09:30.944923	u/Sir_Waffles_2nd	flk6lno	u/yzrkash	flk5fdy	C
2020-03-26 11:10:06.284961	u/Alexderott	flk6noc	u/badister77	flk641n	C
2020-03-26 11:10:36.301330	u/CommunistBubs	flk6p23	u/deaddanik	flk2asf	C
2020-03-26 11:11:34.323028	u/Sandwich_Priest	flk6qqu	u/RepostSleuthBot	flk6odz	C
2020-03-26 11:12:27.104963	u/aakram2	flk6sem	u/lurkyboi12345	flk5u7b	C
2020-03-26 11:13:30.945774	u/svojtas	flk6ur1	u/deaddanik	flk2asf	C
2020-03-26 11:14:03.116685	u/TheLoneHunter73_Yt	flk6vxu	u/fualtyzane	fljd5ci	C
2020-03-26 11:14:18.244167	u/Riot4thewin	flk6wdj	u/Chickenjesus37	flk6vga	C
2020-03-26 11:14:24.092946	u/mercelangen	flk6wgl	u/Pigpenlordofdirt	flhsql4	C
2020-03-26 11:14:40.166783	u/pillowwhisperer127	flk6wvk	u/real_ass_fool	fljx89f	C
2020-03-26 11:14:51.917531	u/Gabrieleatsflans	flk6x6s	u/BigBoiPants24601	fljxe92	C
2020-03-26 11:14:57.264699	u/Satan-gave-me-a-taco	flk6xav	u/racerfree	flk6uww	C
2020-03-26 11:15:23.327282	u/KIRBJmemes	flk6y8s	u/racerfree	flk6vsr	C
2020-03-26 11:15:27.541536	u/Fr33z3Fir3	flk6ydg	u/Riot4thewin	flk6wdj	C
2020-03-26 11:15:49.573517	u/BluSilber	flk6yw6	u/Nid5ydr	fljebf8	C
2020-03-26 11:16:00.840874	u/MiniPeepus	flk6zah	u/PandaRocksx	flk67ie	C
2020-03-26 11:16:15.999566	u/Reallondoner	flk6zzk	u/GulianoBanano	fljzh7v	C
2020-03-26 11:16:23.170440	u/freckleear	flk705l	u/BoomerBuster69	fljxuik	C
2020-03-26 11:16:26.780257	u/ruohanz	flk7074	u/Frost-428	fljp5c3	C
2020-03-26 11:16:43.743723	u/hi-dudeitsfire	flk70yx	u/buhdeucer	flk6peo	C
2020-03-26 11:17:08.366309	u/LordMeiyou	flk71wh	u/NOTdavie53	fljlmca	C
2020-03-26 11:17:11.076079	u/Kathia666	flk71zf	u/CorruptedEither	flk1k6j	C
2020-03-26 11:17:13.533313	u/Toros_Mueren_Por_Mi	flk720d	u/arrow74	fljxkwk	C
2020-03-26 11:17:17.476052	u/Fed97	flk7282	u/Addian4	fpairx	S
2020-03-26 11:17:31.477961	u/rslashlmao-_-	flk72qj	u/nicatbzade58	fljp1g5	C
2020-03-26 11:17:36.244894	u/Gmez1407	flk72sv	u/natho39	fljhpgz	C
2020-03-26 11:17:43.182133	u/JayTurbo13	flk72z7	u/racerfree	flk57ta	C
2020-03-26 11:17:59.626216	u/Klatorello	flk73n6	u/aakram2	flk6tqp	C
2020-03-26 11:18:08.820566	u/ricemyride123-ri	flk73yj	u/Sekof7	fljknkd	C
2020-03-26 11:18:10.440408	u/AmgdeG	flk73yz	u/Comrade_Goreg	fljmfjy	C
2020-03-26 11:18:38.148711	u/diravello47	flk75bz	u/BunKuro	flk0eha	C
2020-03-26 11:18:41.962182	u/coolboi6942069	flk75dt	u/PyroYeet0808	fljupx2	C
2020-03-26 11:18:46.814394	u/ThatTubaGuy03	flk75nu	u/dementatron21	fljxl1u	C
2020-03-26 11:18:49.661739	u/DarkFPS	flk75q2	u/Alexderott	flk6noc	C
2020-03-26 11:18:58.462136	u/Wind_BS	flk76cb	u/kahlix	flk2aw6	C
2020-03-26 11:19:01.980487	u/zaneiplier	flk76ge	u/racerfree	flk6spg	C
2020-03-26 11:19:04.315988	u/lordevoldey	flk76iz	u/WolvePlex	fljkkav	C
2020-03-26 11:19:10.461682	u/anal_cancer305	flk76uf	u/kahlix	flk5gna	C
2020-03-26 11:19:20.596771	u/dylanlikesthememes	flk77cd	u/itsismail	flk6pt3	C
2020-03-26 11:19:52.732433	u/lolz_1201	flk794t	u/Ruspa4nale	flk5wfw	C
2020-03-26 11:19:57.205974	u/IamThecrackerkid	flk79gs	u/Sekof7	fljknkd	C
2020-03-26 11:20:16.962894	u/Nalukai	flk7abi	u/racerfree	flk55e4	C
2020-03-26 11:20:23.203164	u/mshimaro	flk7ah8	u/TheMightyPPBoi	fljz6a7	C
2020-03-26 11:20:44.713202	u/CrackBaby6	flk7axt	u/RepostSleuthBot	fljzku3	C
2020-03-26 11:21:34.744447	u/S_b_c-25	flk7bzg	u/TemoFawwaz	fpa61y	S
2020-03-26 11:21:38.256893	u/XLgamerFTW	flk7c28	u/Emperor_O_Memes	flk6w78	C
2020-03-26 11:22:03.579805	u/riceman06	flk7dbs	u/oogaboogaNXS	flisv6q	C
2020-03-26 11:22:12.043496	u/_Smiffy_	flk7dju	u/Big_Dessa	fljq97w	C
2020-03-26 11:22:17.226246	u/yeetmemead	flk7dns	u/Draydaslay	fljza5x	C
2020-03-26 11:22:27.863810	u/Sakisiil	flk7dzn	u/FlowingFrog04	fljygxe	C
2020-03-26 11:22:32.517600	u/gazez	flk7e2n	u/Mega-Squeeze	flk4sfl	C
2020-03-26 11:22:48.850105	u/xOK4M1	flk7eh9	u/AstralPotatoes	flk63n9	C
2020-03-26 11:23:06.269498	u/tat2ed	flk7eup	u/joshdts	fljv9ie	C
2020-03-26 11:23:23.606412	u/bhermlakosh	flk7fgf	u/borkzy1	flk200l	C
2020-03-26 11:23:31.925970	u/the_fall_collection	flk7frf	u/racerfree	flk75l7	C
2020-03-26 11:24:00.297611	u/RainVX	flk7gc2	u/real_doppelganger	fljs7xx	C
2020-03-26 11:24:08.017819	u/LegoYodaIsGod	flk7gjx	u/racerfree	flj0p6y	C
2020-03-26 11:24:17.413564	u/mannenhitsu	flk7gy3	u/woodendoors7	fljy4nx	C
2020-03-26 11:25:02.525805	u/clutchrocker	flk7ica	u/Darth_Star_Vader	flk2p0w	C
2020-03-26 11:25:31.199798	u/StarvingWalrus	flk7j1g	u/narg3000	flk76ln	C
2020-03-26 11:25:55.342613	u/Dustsara	flk8v96	u/racerfree	flk8rew	C
2020-03-26 11:25:57.425918	u/subelul	flk8vbf	u/Inexorable86	flk3wzl	C
2020-03-26 11:26:09.092815	u/Cvt213	flk8vrs	u/ManiacleGoon	flk6cza	C
2020-03-26 11:26:11.065170	u/imsochoofed	flk8vrt	u/racerfree	flk8tu1	C
2020-03-26 11:26:14.015415	u/lusifer2002	flk8vwj	u/racerfree	flk71yi	C
2020-03-26 11:26:18.761816	u/LiviousNEO	flk8w1g	u/Gwen_Weasley	fljx8ma	C
2020-03-26 11:27:30.541573	u/Slavic-Boii	flk8yzq	u/Sinamyte	flk337t	C
2020-03-26 11:27:46.152802	u/yolo004	flk8zhv	u/Kind-Pop	fl3zlqu	C
2020-03-26 11:28:00.584814	u/LuukFNAF	flk8zxe	u/Xx_meme-machine_xX	fljidnr	C
2020-03-26 11:28:09.380912	u/John-Louie	flk90cy	u/Shefer6713	flk745m	C
2020-03-26 11:28:12.656506	u/Muddykip13	flk90fk	u/madzest	flk7ml2	C
2020-03-26 11:28:14.321367	u/Wandering_cuck	flk90fx	u/numberbutton0	flk8zo6	C
2020-03-26 11:28:43.017388	u/BentanX	flk925f	u/Sekof7	fljknkd	C
2020-03-26 11:28:45.223976	u/white_android	flk929u	u/racerfree	flk82zq	C
2020-03-26 11:28:54.278559	u/NotSureWhatToDoHere0	flk92n6	u/HakuTsubaki	fljpfdj	C
2020-03-26 11:29:13.873152	u/Late-Luck	flk93io	u/CinKM4D	flhfcsy	C
2020-03-26 11:29:16.941788	u/Bossninja2004	flk93qo	u/grubas14	fljyr29	C
2020-03-26 11:29:19.181419	u/Bibbyh2	flk93th	u/Roc_na_na	flk8wtg	C
2020-03-26 11:29:35.510464	u/The_Flaw	flk94ll	u/Plasteel	flk8o9x	C
2020-03-26 11:30:01.364658	u/Vendruscolo	flk966l	u/DUCKLESSLORD	flhgwqq	C
2020-03-26 11:30:40.289266	u/EL_SQUISHY	flk9883	u/John-Louie	flk90cy	C
2020-03-26 11:30:48.371816	u/copperskin	flk98fd	u/CommunistBubs	flk6p23	C
2020-03-26 11:31:21.225312	u/ReliablePhrases	flk998n	u/RepostSleuthBot	flk967q	C
2020-03-26 11:31:44.418001	u/Fiio0	flk9acw	u/KingdesUniversums	fljgsnv	C
2020-03-26 11:31:47.619331	u/Artemisfowl0160	flk9adm	u/Kirbygreenfinety	fljk5c6	C
2020-03-26 11:31:59.117268	u/gamerboi895	flk9ath	u/god_peepee	fljdr7b	C
2020-03-26 11:32:05.724348	u/Killua73_	flk9bar	u/RealSeif47	flk3ffb	C
2020-03-26 11:32:21.468312	u/BennieTennie2005	flk9c4p	u/Octogus13	fljphu8	C
2020-03-26 11:32:28.748306	u/Miguel_Torres	flk9cbg	u/OffensiveAmerican	flib46m	C
2020-03-26 11:32:45.731947	u/TrapHeadShot	flk9ck6	u/Pigpenlordofdirt	flhsjmg	C
2020-03-26 11:33:24.981733	u/access_unlimited	flk9e7z	u/racerfree	flk6pe6	C
2020-03-26 11:33:28.495796	u/fuego-inferno	flk9e8p	u/jurgeeeh	flk9cr4	C
2020-03-26 11:33:33.141385	u/Dodgerboy3522	flk9ef3	u/RipAndTearDoomslayer	flk2ajq	C
2020-03-26 11:33:35.308328	u/RajaNR_	flk9eg9	u/RepostSleuthBot	flk4ve6	C
2020-03-26 11:33:39.462475	u/Hparsonst33	flk9eh8	u/drdebica	flj69ix	C
2020-03-26 11:33:59.061207	u/vorcray_vcc	flk9eya	u/aakram2	flk6sem	C
2020-03-26 11:34:08.590361	u/HydraKiller90IsTaken	flk9f54	u/NoPostsHowMuchKarma	flk08uo	C
2020-03-26 11:34:17.553258	u/ACOGJager	flk9fgm	u/racerfree	flk81zt	C
2020-03-26 11:35:13.396600	u/rickscarf	flk9hv5	u/racerfree	flk6keu	C
2020-03-26 11:35:16.358474	u/FunnyMonke	flk9hxs	u/winniethefukinpooh2	flk3h38	C
2020-03-26 11:35:29.903122	u/mittemickey96	flk9ir8	u/Cvt213	flk9dua	C
2020-03-26 11:35:40.304915	u/Colinoscopy90	flk9jgo	u/Ochinchin6969111	flk5xrw	C
2020-03-26 11:35:55.877167	u/IEatBabiesDailyNoob	flk9jts	u/CYCLEpathrad	flk30hb	C
2020-03-26 11:36:28.281586	u/Zeldoris13618	flk9kzq	u/memer2026	fljy1wp	C
2020-03-26 11:36:39.578102	u/Tha1Mclovin	flk9lgw	u/manboichild	flk8hqv	C
2020-03-26 11:36:47.999401	u/canyoueatchicken	flk9m61	u/tomatotom999	flk8m50	C
2020-03-26 11:36:55.820022	u/monkeyhasguns99	flk9md6	u/Sekof7	fljknkd	C
2020-03-26 11:37:03.414956	u/grimaceatmcdonalds	flk9miz	u/the-memer-man	fljjcdz	C
2020-03-26 11:37:15.314124	u/Screenname4	flk9myh	u/Freshorin	fljy60b	C
2020-03-26 11:37:18.018618	u/vandmike	flk9n0e	u/fualtyzane	flk87fh	C
2020-03-26 11:37:38.517113	u/Maccheng	flk9o8j	u/taeD2004	flk40fh	C
2020-03-26 11:37:51.792663	u/bertonomus	flk9oig	u/j0llychimp	flk3pil	C
2020-03-26 11:37:59.485547	u/alt_69_haha	flk9osw	u/modern_problems	fljsqkp	C
2020-03-26 11:38:09.590981	u/Turtlzze-	flk9p95	u/FluuBk	fp8sve	S
2020-03-26 11:38:11.167542	u/BananaSlayer203	flk9pac	u/winniethefukinpooh2	flk3h38	C
2020-03-26 11:38:12.815373	u/UnicornTheUniduck	flk9paj	u/Eatmydonkey1	flh09yz	C
2020-03-26 11:39:05.979120	u/basskev	flk9rcw	u/RepostSleuthBot	flk3dyz	C
2020-03-26 11:39:22.358483	u/trueGator89	flk9sb4	u/CinKM4D	flh8whz	C
2020-03-26 11:39:36.917925	u/Shane_2018	flk9tat	u/CinKM4D	flh8whz	C
2020-03-26 11:39:40.899234	u/EnderBoi666	flk9tmd	u/bigswampgoblin	flk7g4s	C
2020-03-26 11:39:41.835162	u/Davriel04	flk9tou	u/randomgeneratedname3	flinqzy	C
2020-03-26 11:39:46.507015	u/OkayB00m3rz	flk9ts4	u/HazShit	fljey6u	C
2020-03-26 11:39:54.981027	u/InsomniacSpider-Man1	flk9u2g	u/fualtyzane	flk9qa2	C
2020-03-26 11:40:21.132649	u/team-deathmatch	flk9vc5	u/p5xl0	fljsau1	C
2020-03-26 11:40:52.409820	u/ImSoLonely420	flk9w7n	u/Sekof7	fljknkd	C
2020-03-26 11:41:04.014251	u/Rotpax	flk9wp2	u/trashbagofthecentury	flk0rmb	C
2020-03-26 11:41:26.641254	u/lets-work-together	flk9xlo	u/GreenPolitical	flk9qrb	C
2020-03-26 11:41:29.996220	u/Ivan5744	flk9xpd	u/DUCKLESSLORD	flhgwqq	C
2020-03-26 11:41:58.646619	u/dragonponytrainer	flk9yj6	u/modern_problems	fljsoj8	C
2020-03-26 11:42:10.101093	u/Memerrrrrrrrrr	flk9yo8	u/Acid_Reflux_diet	fljc4jq	C
2020-03-26 11:42:22.267867	u/danp444	flk9z1s	u/KingofTahoe	fljx8zs	C
2020-03-26 11:42:24.480138	u/janzeturk	flk9z3g	u/vorcray_vcc	flk9eya	C
2020-03-26 11:42:47.749441	u/0jack_robinson0	flk9zrw	u/H4NSH0TF1RST721	flk97v0	C
2020-03-26 11:43:06.458356	u/uptotrouble	flka0h5	u/RepostSleuthBot	flk9rne	C
2020-03-26 11:43:17.653523	u/y_maouhoub	flka0wb	u/-EzWaY-	flk45fc	C
2020-03-26 11:44:00.141488	u/botcoffey	flka241	u/freefall-lemming	flk1t9e	C
2020-03-26 11:44:25.671293	u/myothergoggdilian	flka33n	u/AJ-Naka-Zayn-Owens	fp7ds5	S
2020-03-26 11:44:29.731108	u/Shaww_shankk	flka36z	u/M0RBlD	flk7b0w	C
2020-03-26 11:44:50.293479	u/Arcos760	flka40a	u/topachez	fljmkqy	C
2020-03-26 11:44:55.556379	u/fa_dabest	flka43f	u/freefall-lemming	flk1t9e	C
2020-03-26 11:45:30.758446	u/Neon-Tetra69420	flka57b	u/Kind-Pop	fl3zlqu	C
2020-03-26 11:45:35.910938	u/MadMaddyK	flka5bp	u/Mauricio2427	flk4s1c	C
2020-03-26 11:45:45.408971	u/zoom__boi	flka5lm	u/Petelammons	flk0bhq	C
2020-03-26 11:45:53.988233	u/YaBoiWezzz	flka5u7	u/uptotrouble	flk9xq9	C
2020-03-26 11:46:03.181007	u/FBIsecretservice	flka6ds	u/Chickenjesus37	flk7ld3	C
2020-03-26 11:46:05.148354	u/AirborneSpinnyChair5	flka6eo	u/TheMightyPPBoi	fljz6a7	C
2020-03-26 11:46:46.751791	u/Illuminaso	flka7ke	u/ttvlone_wulff	flk9104	C
2020-03-26 11:47:09.024873	u/Cicciofc	flka810	u/CorruptedEither	fkcch26	C
2020-03-26 11:47:15.277678	u/Anxiety_Pandxas	flka8gz	u/KarenIsGae69	fliv4uk	C
2020-03-26 11:47:19.736075	u/NightWolfYT	flka8pl	u/furmal182	flk1pjw	C
2020-03-26 11:47:36.315783	u/KaptainK1	flka9at	u/fualtyzane	flk9zsa	C
2020-03-26 11:48:12.131954	u/TheFirstOnion	flkaagr	u/Speegon	fljl0sn	C
2020-03-26 11:48:48.307382	u/OpsuFin	flkac2i	u/hmolinasanz	fl9kq6l	C
2020-03-26 11:48:53.100682	u/Automatic_Librarian	flkacc3	u/Sha6d0w	fliaznk	C
2020-03-26 11:48:57.400769	u/tomer8375	flkacf6	u/tij-d	fljsdqc	C
2020-03-26 11:49:13.006783	u/Emma_fy	flkaenv	u/LukasGamerPlayz	fljzjqr	C
2020-03-26 11:49:14.205260	u/ghostNest	flkaet1	u/Goldenstripe5020	flka9ey	C
2020-03-26 11:49:20.952730	u/Josephstalin-bestgov	flkaf9f	u/nameofanuser	flkadte	C
2020-03-26 11:49:22.949869	u/KING-_-HAWKS	flkaf9k	u/Blip_Blop_Blip	flka7o2	C
2020-03-26 11:49:26.357534	u/ihattwitch3752	flkafmt	u/whyDidIDoDis134	flk5fx4	C
2020-03-26 11:49:27.416905	u/limjeck	flkafnh	u/Shadow-Dragon_	flk9mfn	C
2020-03-26 11:49:29.836266	u/garden_of_steak	flkafr6	u/ShabalabaBangbang	fljouet	C
2020-03-26 11:49:32.114321	u/rice462	flkafso	u/GuyWhoEditsTemplates	flkac9a	C
2020-03-26 11:49:48.452210	u/boiiiiiiiiiii14	flkah6v	u/racerfree	flka2wg	C
2020-03-26 11:49:49.603359	u/kiko20010	flkahc9	u/aScrollingProgram	flhf0kb	C
2020-03-26 11:49:51.733285	u/virulentea	flkahir	u/fualtyzane	flk9mce	C
2020-03-26 11:50:16.815773	u/Thatguyisyoulol	flkailb	u/sweptchicken27	flileaa	C
2020-03-26 11:50:21.961115	u/HingeveldBmh	flkaing	u/44G6	flkaeuc	C
2020-03-26 11:50:38.211860	u/Pixel_Ferret327	flkaj57	u/kassiesaacvhy	flk3qzm	C
2020-03-26 11:50:46.207441	u/dafuqiamdoinghere	flkajem	u/RepostSleuthBot	flk64i2	C
2020-03-26 11:50:58.047556	u/heck300	flkajpa	u/nameofanuser	flkage4	C
2020-03-26 11:51:13.498269	u/MohamedKabary18	flkakgm	u/racerfree	flk54hq	C
2020-03-26 11:51:19.604201	u/ImAYe3ter	flkakjv	u/DUCKLESSLORD	flhgwqq	C
2020-03-26 11:51:23.023049	u/everyoneisodd	flkakmw	u/fualtyzane	flka900	C
2020-03-26 11:51:25.318082	u/willy-comics64	flkaknj	u/TheSnootBooper24	flk6185	C
2020-03-26 11:51:39.522684	u/Hoard_of_Sevens	flkakxp	u/Sekof7	flju1zk	C
2020-03-26 11:51:41.776484	u/THEKHANH1	flkakxh	u/McRayFan	fljzhyz	C
2020-03-26 11:51:54.537101	u/AmbitiousBudget0	flkal4t	u/CTT_sub	fljvwwf	C
2020-03-26 11:52:11.876725	u/__DarthBane	flkalz7	u/freckleear	flk9t44	C
2020-03-26 11:52:23.401956	u/XPCommonwealth	flkamar	u/Whee23	flk4on2	C
2020-03-26 11:52:42.184184	u/Tommiemith	flkan5h	u/fualtyzane	flka8hq	C
2020-03-26 11:53:11.008299	u/__xeev	flkaogm	u/anotherdepresedkid	fljxwor	C
2020-03-26 11:53:15.437793	u/following_seas	flkaolc	u/kap21tain	flka42p	C
2020-03-26 11:53:37.465524	u/B_tchlasagna	flkap5y	u/Goldenstripe5020	flkago3	C
2020-03-26 11:53:39.711298	u/PinheadLarry431	flkap6x	u/YaBoiWezzz	flka5u7	C
2020-03-26 11:55:27.003440	u/DontPostButUpvote	flkc0sp	u/Nooobyyy	flk6oqf	C
2020-03-26 11:55:31.900007	u/Lord_M_G_Albo	flkc124	u/Hylianpoketrainer12	flhe2mv	C
2020-03-26 11:55:39.028343	u/Lad-from-Ennis	flkc1de	u/InsomniacSpider-Man1	flk1ymz	C
2020-03-26 11:55:47.744269	u/theheateddude0	flkc1o3	u/SPOTlickPOP	fljwutp	C
2020-03-26 11:56:05.913703	u/Fishbarf	flkc299	u/Bibbyh2	flk93th	C
2020-03-26 11:56:15.188846	u/Hmm___yes	flkc2k0	u/fualtyzane	flk9w4e	C
2020-03-26 11:56:22.481654	u/RandomNarwal69420	flkc32i	u/kahlix	flk6rt0	C
2020-03-26 11:56:26.147059	u/MattTheBastard	flkc35c	u/taeD2004	flk4ado	C
2020-03-26 11:56:53.211648	u/SlightlyToastedBagel	flkc447	u/Pannenkoek420	fljtavp	C
2020-03-26 11:57:02.880982	u/SomeGuyWithALizard	flkc4jd	u/SarBearOfficial	fljplkq	C
2020-03-26 11:57:18.756565	u/Matthewberg98	flkc5aw	u/razersnek	flkbwx6	C
2020-03-26 11:58:13.833066	u/seeboing	flkc7et	u/The_Elwood_666	fljyn49	C
2020-03-26 11:58:15.874947	u/NachtschreckenDE	flkc7gq	u/Spoggen	fljxr07	C
2020-03-26 11:58:56.718766	u/Marekmonster	flkc8ux	u/fastAsFRICK7	fljzynw	C
2020-03-26 11:59:10.468905	u/Thunderious	flkc9bu	u/nate_schwartz	flk5wpx	C
2020-03-26 11:59:24.235484	u/jessie014	flkc9za	u/nomis2705	fljp4mb	C
2020-03-26 11:59:30.974174	u/rorylikememes	flkcab3	u/TheReal_JimPickens	fljhkte	C
2020-03-26 11:59:33.050841	u/itswensdaymydudes	flkcahv	u/Pleasant-Albatross	flk8dsw	C
2020-03-26 11:59:34.838077	u/notgoingtopostforayr	flkcako	u/supernick_144	fl60no7	C
