2020-03-27 16:00:16.418440	u/cycleskunks	floidns	u/SoWokeIdontSleep	flntngz	C
2020-03-27 16:00:23.088761	u/EnderKnightSam	floidqg	u/GloriousBeard905	flo71u1	C
2020-03-27 16:00:57.739096	u/fupamancer	floif5a	u/MoistFlapss	flo2ixe	C
2020-03-27 16:01:10.605774	u/Angyac26	floifhi	u/LukeWarm1144	flo7jjx	C
2020-03-27 16:01:16.454209	u/Mister1s	floifpv	u/Xploiter_RBLX	flogy9b	C
2020-03-27 16:01:43.094556	u/JetZflare25	floign6	u/FuerstAgus50	flna8bj	C
2020-03-27 16:02:08.843460	u/yeet_boy59	floihnw	u/ultraman7676	floig4w	C
2020-03-27 16:02:29.838504	u/Ryan_Reddit07	floiihx	u/squirtlehateswater	flnv87g	C
2020-03-27 16:02:46.233449	u/TOXICWOLF62	floij0d	u/xx_deded_xx	floc0jb	C
2020-03-27 16:02:59.182395	u/Flaminsalamander	floijg7	u/Dead_Ferret	floi9p7	C
2020-03-27 16:03:36.944110	u/stocking6	floil06	u/tony_thefapmonster	flo52en	C
2020-03-27 16:03:44.895058	u/J_naught151	floildr	u/natechenry	flo7mpn	C
2020-03-27 16:03:47.094998	u/Phobia---	floiled	u/fualtyzane	flogqq0	C
2020-03-27 16:04:14.795679	u/g14g	floimas	u/Xploiter_RBLX	flog9g5	C
2020-03-27 16:04:39.439802	u/AdammabA	floin0e	u/KidNigma	flofj22	C
2020-03-27 16:04:41.504724	u/kingbradely001	floin3c	u/CheezyChicken1	flo3gnd	C
2020-03-27 16:04:43.632458	u/superduperseven	floin43	u/WD-Night	floi3eb	C
2020-03-27 16:04:45.740020	u/story_studios	floin67	u/onlyUsernameLeft465	floila7	C
2020-03-27 16:04:56.020386	u/JoseneusApollo	floindv	u/WookieeR	flohsh0	C
2020-03-27 16:05:42.402111	u/aldrri	floiovd	u/AutoModerator	flo5r73	C
2020-03-27 16:05:45.385707	u/Spicy_1Sushi	floiovu	u/swerzy206	floigmv	C
2020-03-27 16:05:47.438172	u/KrysKus	floioyc	u/MrGenius9000	flof6uu	C
2020-03-27 16:05:59.299420	u/aldrri	floipis	u/aldrri	floiovd	C
2020-03-27 16:06:04.682922	u/story_studios	floipm0	u/onlyUsernameLeft465	floioo6	C
2020-03-27 16:06:43.817310	u/SkeetusDeletus	floirdg	u/Eternal_gamer	flo4sdz	C
2020-03-27 16:07:12.429896	u/ImNotRedPanda	floisjv	u/battleant1	flogrn6	C
2020-03-27 16:07:28.505985	u/BearclawsRoar	floit6s	u/DarkxNebula211	floinll	C
2020-03-27 16:07:43.699241	u/drissdoesnotexist	floits0	u/Mohammad927	floi7vk	C
2020-03-27 16:07:46.133603	u/mawashi-geri24	floiu3d	u/gigdygigidydoo	flogncr	C
2020-03-27 16:07:56.456392	u/shwaggins2	floiumh	u/tony_thefapmonster	flo6n8i	C
2020-03-27 16:07:58.121749	u/Vanhawk0912	floiuno	u/Q_C_Boogie	flohf7d	C
2020-03-27 16:08:02.155000	u/groudon2003	floiuwg	u/Sekof7	flnto0t	C
2020-03-27 16:08:25.342258	u/EmotinlessLizard	floivzc	u/ImTheNewKid22783	floajna	C
2020-03-27 16:08:29.698015	u/Ody_Mandrell	floiw3s	u/ThaRadBradLad	flnxtdl	C
2020-03-27 16:08:31.924228	u/JewelCove	floiw4o	u/TheLegend8146	flofm0x	C
2020-03-27 16:08:34.706935	u/Kajek777PL	floiw6u	u/daymion1221	floi6q0	C
2020-03-27 16:08:48.845787	u/nerdguynotsponsored	floiwvt	u/Jbk0	floae8r	C
2020-03-27 16:09:07.656303	u/DarthVader567	floixot	u/sarhan182	flnww8b	C
2020-03-27 16:09:17.141673	u/AndrewIsOnline	floixyn	u/JonnyRichter	floc3kv	C
2020-03-27 16:09:30.538719	u/IchHabDiabetes	floiywz	u/NoodleSaidSo	flo6iu4	C
2020-03-27 16:09:31.510948	u/JakeZain	floiyyn	u/XB2006	floi1md	C
2020-03-27 16:09:36.595064	u/CZERNEBLOG	floizh5	u/pocketpox	floinhm	C
2020-03-27 16:09:41.862888	u/Regor0129	floizsj	u/PandaBoi5555	floabjw	C
2020-03-27 16:09:42.764961	u/BraianP	floizud	u/cummy_balloon	flob1p0	C
2020-03-27 16:09:43.955525	u/imperial_berry6966	floizwv	u/MEGA_FAGGOT420	floct8o	C
2020-03-27 16:09:48.637430	u/MajorGrizzly	floj04g	u/LordDraco781	fle9p0s	C
2020-03-27 16:09:49.447698	u/Og-MemeRaider24	floj059	u/Xploiter_RBLX	flofm26	C
2020-03-27 16:09:51.267266	u/Meme_Adicts	floj08k	u/Xploiter_RBLX	floikv3	C
2020-03-27 16:10:10.913313	u/Aw230	floj1td	u/RikkRakk	flofagt	C
2020-03-27 16:10:32.045761	u/TheRealWinDexTer	floj2c8	u/squirtlehateswater	flnv87g	C
2020-03-27 16:10:46.894395	u/lsglongshotgaming	floj2px	u/Tru_Drone_Videos	flodnyb	C
2020-03-27 16:11:01.937103	u/razorhogs1029	floj354	u/AutoModerator	flnh11w	C
2020-03-27 16:11:26.748817	u/OneManDrones	floj477	u/FinnFred73	floio1f	C
2020-03-27 16:12:16.429291	u/CurtisMcNips	floj5sk	u/aesthetic_laker_fan	floikfa	C
2020-03-27 16:13:05.740724	u/Nagahalomac	floj89g	u/thespeedbrgamer69420	flof5m4	C
2020-03-27 16:13:46.428116	u/Codeman169	floj9w3	u/Xploiter_RBLX	flohqz1	C
2020-03-27 16:13:59.732799	u/Lean-Memes	flojafh	u/XB2006	flohpn5	C
2020-03-27 16:14:24.467752	u/IIltrng	flojb8u	u/RepostSleuthBot	floj6qb	C
2020-03-27 16:14:27.626243	u/Gavin223085	flojbb8	u/linglingssister	flnn0ur	C
2020-03-27 16:14:48.215423	u/S_0ul	flojc4r	u/Sk-yline1	floj3dh	C
2020-03-27 16:15:20.810672	u/PanPanBoi	flojd3m	u/real_doppelganger	floivnq	C
2020-03-27 16:15:30.026998	u/Skrubious	flojddz	u/squirtlehateswater	flnv87g	C
2020-03-27 16:15:46.826853	u/jumbothrone	flojdwq	u/racerfree	floj6u7	C
2020-03-27 16:16:03.777603	u/Thezappersde	flokkwa	u/natechenry	flo7mpn	C
2020-03-27 16:16:11.059050	u/MACAQLE	flokl4t	u/jessie014	flokizi	C
2020-03-27 16:16:19.897435	u/Edens_Hexx	floklg5	u/mistermuesli	flojokl	C
2020-03-27 16:17:07.078930	u/Decanno1	floknee	u/tisfope	flok8nm	C
2020-03-27 16:17:16.369340	u/Ted-E-Bear21	flokntg	u/curiouslysober	flnu11y	C
2020-03-27 16:17:18.913498	u/whjdhdhd	flokntz	u/v0sj3	flofnnx	C
2020-03-27 16:17:48.858985	u/GG_Exogun11	flokpck	u/FabioEGonzales	fi3i76k	C
2020-03-27 16:18:10.123020	u/thissitesucks01	flokqx7	u/johnblu5	flo2416	C
2020-03-27 16:18:28.430999	u/blainguns	flokrz2	u/bananapants676	flokfd7	C
2020-03-27 16:18:30.522300	u/soccerskills2004	floks06	u/AutoModerator	flmpud6	C
2020-03-27 16:18:57.556616	u/Joseisnotanaxolotl	floktsf	u/ognur	flokrj8	C
2020-03-27 16:19:00.123989	u/Zhik0	floktyf	u/Xploiter_RBLX	flof2d1	C
2020-03-27 16:19:07.335834	u/CringePoster567	flokumy	u/Xploiter_RBLX	flns503	C
2020-03-27 16:19:15.199427	u/kriticality_gaming	flokv5y	u/LoganPaul27	floka16	C
2020-03-27 16:19:20.657944	u/Krovette	flokvez	u/bigchillsharky	flmv6j1	C
2020-03-27 16:19:23.251660	u/Guardian_Stalker	flokvlc	u/cummy_balloon	flob1p0	C
2020-03-27 16:19:30.113745	u/ursophakingdome	flokwcx	u/fualtyzane	flmk635	C
2020-03-27 16:19:52.720190	u/HiredG00N	flokx7i	u/BlAcK_rAbBiX	flohyuw	C
2020-03-27 16:19:53.521746	u/CursedByDestiny	flokx7v	u/CrazyCozmog26	floeivl	C
2020-03-27 16:20:06.278092	u/BlankTheMemeMan	floky3q	u/CurtisMcNips	flo30uh	C
2020-03-27 16:20:17.034554	u/Pizzaboy90	flokynx	u/subelul	floau43	C
2020-03-27 16:20:27.005892	u/metoozen	flokyvv	u/XxI_Love_KittensxX	flokrjf	C
2020-03-27 16:20:41.200414	u/Daealis	flokza5	u/Mohammad927	flnx7zo	C
2020-03-27 16:20:47.827404	u/AndreasKvisler	flokzit	u/cooperg25	flocppi	C
2020-03-27 16:21:06.458764	u/YashIsDivine	flokzz1	u/Voller_Faulheit	flo9q1w	C
2020-03-27 16:21:22.458367	u/Garry-Love	flol0jm	u/Ozmorty	flofizv	C
2020-03-27 16:22:28.199783	u/hangryhooman311	flol2mu	u/Beaver008	flobo0v	C
2020-03-27 16:22:45.389180	u/sv_panda	flol2ux	u/RepostSleuthBot	flnqykq	C
2020-03-27 16:22:54.823097	u/UmbreonEeveeloution	flol345	u/Eddie-Electric	flojt5v	C
2020-03-27 16:23:08.129161	u/Crimeboss37	flol3lk	u/guilt_prevails	floetyr	C
2020-03-27 16:23:29.154299	u/Hanklinwilliamsvelt	flol41j	u/Big_old_Bulldog	flojncy	C
2020-03-27 16:23:32.655641	u/utkubaba9581	flol43f	u/KozKatma	flok00k	C
2020-03-27 16:24:01.833631	u/ChiefShaman	flol59f	u/ZbrojovkaBRNO	flokp1u	C
2020-03-27 16:24:17.393315	u/geekynerd543	flol62e	u/Gubq	fl5lyk4	C
2020-03-27 16:24:24.354004	u/Hairbear04	flol6ak	u/ReadItAlready_	flod0t1	C
2020-03-27 16:24:45.814097	u/Shulker-bag	flol6xb	u/samfish90212	floir0l	C
2020-03-27 16:24:53.157601	u/Mr_Saucypants	flol746	u/WhyIsThereNoWindows9	flok4n0	C
2020-03-27 16:24:56.276450	u/Ngs_	flol75f	u/racerfree	flol4gr	C
2020-03-27 16:24:59.321971	u/UUglyGod	flol78e	u/WhoElseButDedede	flofk7v	C
2020-03-27 16:25:05.463639	u/AcadianNich	flol7c8	u/brebby101	floku4l	C
2020-03-27 16:25:09.095356	u/TestSubject739	flol7fl	u/RealHuman3001	flol33x	C
2020-03-27 16:25:36.535714	u/Aquahex	flol89y	u/MEGA_FAGGOT420	floct8o	C
2020-03-27 16:25:41.062577	u/Thenderick	flol8cj	u/DecentOpposum18	flol21g	C
2020-03-27 16:26:17.922707	u/Polite_Memer	flol9g4	u/MasterR036	flod9d2	C
2020-03-27 16:26:20.765019	u/Pdrusz	flol9jk	u/Azrael_Fornivald	flokjxt	C
2020-03-27 16:26:25.608399	u/UncleSeismic	flol9tj	u/CrazyCozmog26	flojx7w	C
2020-03-27 16:26:34.391652	u/whyamihere0711	flola2q	u/Jonn_Wolfe	flofiky	C
2020-03-27 16:27:15.555909	u/DaSa7age	flolbn5	u/Sekof7	flju1zk	C
2020-03-27 16:27:17.229366	u/Flaccidboobs	flolbnd	u/Santak1ng	floj680	C
2020-03-27 16:27:29.568046	u/your_awesomeking1	flolc78	u/Enforcement94	fllnt3f	C
2020-03-27 16:27:36.452455	u/xhahzh	flolcg6	u/Peanuat__kee	floehy1	C
2020-03-27 16:27:45.042828	u/YeetDaMeatToDaBeat	flolcvj	u/woodendoors7	flok1m0	C
2020-03-27 16:27:52.916863	u/ifixtheinternet	flold96	u/AutoModerator	flnpcbe	C
2020-03-27 16:27:57.953375	u/SpidohMan	floldbq	u/Loppan35	flolbfm	C
2020-03-27 16:28:07.708300	u/xoxoruuan	floldvn	u/Ze-Peaueno	flohjki	C
2020-03-27 16:28:21.913273	u/A-A-Ron3105	flolet3	u/TimeRockOrchestra	flog8bm	C
2020-03-27 16:28:39.523346	u/LordJuk1	flolfpf	u/SaharshDaNerd	floct5o	C
2020-03-27 16:28:41.053307	u/TheCreepyGuyAtTheBus	flolfpn	u/Ted-E-Bear21	flokztt	C
2020-03-27 16:28:42.617459	u/tmou15	flolftg	u/Xploiter_RBLX	flohnf1	C
2020-03-27 16:28:58.265012	u/Rdwini_	flolgq0	u/benncampbelll	flojvnq	C
2020-03-27 16:29:07.755354	u/that1dragonreddit	flolhfc	u/leaderofthevirgins	floexsv	C
2020-03-27 16:29:09.677833	u/lampywastaken	flolhh1	u/just_gimme_anwsers	flodwux	C
2020-03-27 16:29:48.318570	u/WierdoYT	flolj4w	u/bubbleboysdad	flolgz1	C
2020-03-27 16:30:20.598766	u/ThreadTheft	flolkkc	u/AutoModerator	fln4hfk	C
2020-03-27 16:30:47.276898	u/JB_Big_Bear	floll66	u/NoodleSaidSo	flo6iu4	C
2020-03-27 16:31:05.270220	u/6___-4--___0	flollmp	u/chrisg2390	flnty4g	C
2020-03-27 16:31:23.329573	u/CreeperThePro	flolm4v	u/CatsAndCreamCheese	flnq81q	C
2020-03-27 16:31:52.930326	u/CarolinaGamer28	flolmov	u/Meet2756	flolf3h	C
2020-03-27 16:32:32.432167	u/mrcurry03_	flolnsr	u/Loyellow	flol9wz	C
2020-03-27 16:32:52.077271	u/mrfearystudios	flolomu	u/NoodleSaidSo	flo6iu4	C
2020-03-27 16:33:02.597526	u/Robotic-Operations	flolp13	u/TheCreepyGuyAtTheBus	flolfpn	C
2020-03-27 16:33:22.354177	u/Beat_Saber_Music	flolpkw	u/racerfree	flolku1	C
2020-03-27 16:33:24.464562	u/zach__nicholas	flolpl7	u/Kirby-For-Life05	flnxver	C
2020-03-27 16:33:28.675595	u/Flor1an_	flolpmh	u/PSI-THOM-PK	flo4kvi	C
2020-03-27 16:33:30.851201	u/BucketsOfLimes	flolpno	u/MaxDanger69	floezst	C
2020-03-27 16:33:33.019852	u/JuanSuales	flolpr4	u/papiBigBuck	floh9x0	C
2020-03-27 16:34:17.883605	u/ChettWood	flolr0f	u/KidNigma	flofj22	C
2020-03-27 16:34:50.879852	u/jonnyquickdraw	flolsds	u/AK24ROCKS	flnq11m	C
2020-03-27 16:34:59.276242	u/ChronicTxctonic	flolso8	u/Flaccidboobs	flolbnd	C
2020-03-27 16:35:14.412539	u/TarcanSam	flolsvn	u/Xploiter_RBLX	floe6zp	C
2020-03-27 16:35:54.286804	u/neindoctornein	flolu6i	u/Vollhartmetall	flnvmm0	C
2020-03-27 16:36:00.461523	u/TheUnknownRange	flolucv	u/fualtyzane	floiwp1	C
2020-03-27 16:36:19.863000	u/unseenarachnid	flolv5n	u/DevilBeater	flo2z76	C
2020-03-27 16:36:25.212385	u/neond0g5	flolvc3	u/CursedByDestiny	flokx7v	C
2020-03-27 16:36:40.264843	u/pwn_z0r	flolw2p	u/Taralyth	floestp	C
2020-03-27 16:36:52.838001	u/Richard13245	flolwsf	u/RepostSleuthBot	floftkd	C
2020-03-27 16:39:01.071157	u/sexytonguegirl	flom2n6	u/meme_and_draw	floiuay	C
2020-03-27 16:39:13.788966	u/CovetChlorine	flom3qo	u/yuvraj_0510	flo10zd	C
2020-03-27 16:39:37.818130	u/mdahms95	flom5bc	u/Pigpenlordofdirt	flolzv8	C
2020-03-27 16:39:48.315948	u/KrazyKirby99999	flom5ra	u/pizzaburger21	flokuj0	C
2020-03-27 16:40:28.695542	u/pineappleconsumer	flom83j	u/Xploiter_RBLX	flogl91	C
2020-03-27 16:41:22.645759	u/123Lory321	flomabw	u/BadBadMotorScooter	flolqai	C
2020-03-27 16:41:30.350531	u/Blugaming01	flomaig	u/johnwck6090	flodypv	C
2020-03-27 16:41:36.360064	u/MisterKumquat	flomapp	u/Ve8rel	flom775	C
2020-03-27 16:41:59.687837	u/okosnjacek	flombet	u/HighResDragon	fln3yac	C
2020-03-27 16:42:10.464499	u/SavageThe69th	flombuy	u/taiaguu	fl8jvme	C
2020-03-27 16:42:23.191460	u/Wandering-Nomad2002	flomcb2	u/BlackHawkUH6024	flnxqsr	C
2020-03-27 16:42:26.650502	u/Jimmythedad	flomcdg	u/Viporal	flnro63	C
2020-03-27 16:42:44.943213	u/ChurroChamp	flomd01	u/AbsolutMaverik	flnxu3j	C
2020-03-27 16:42:50.545147	u/Soft-lead	flomd6l	u/CosmicMemeMan	flol6pb	C
2020-03-27 16:43:38.200219	u/rtq7382	flomeyu	u/Mask1O1	flocfyc	C
2020-03-27 16:44:29.697989	u/TheSaphiro	flomh92	u/RepostSleuthBot	flnsocr	C
2020-03-27 16:44:58.234028	u/just-a-good-boi	flomhyt	u/benncampbelll	flol8yy	C
2020-03-27 16:45:34.019645	u/The_Goondocks	flomizu	u/Labinak	flojkw3	C
2020-03-27 16:45:41.195159	u/YungS8N	flomj9b	u/2thicc2live2sexc2die	flokf66	C
2020-03-27 16:45:49.817159	u/Illmakeausernamelate	flomjpu	u/AutoModerator	flomijt	C
2020-03-27 16:45:57.043767	u/Wildside255	flomjxy	u/BigRichardDix126	flom61z	C
2020-03-27 16:46:18.235007	u/mujtabaabdullah225	flomkrw	u/XDEC0DE	flo5yw6	C
2020-03-27 16:46:25.803003	u/ThatJuanKidWitAGlock	floml0t	u/NuttiestPotato	flolpfg	C
2020-03-27 16:46:29.480843	u/Norashio	floml81	u/_Xand0n_	flomi5c	C
2020-03-27 16:46:32.341855	u/MSQDK	floml9v	u/TheRedditWorld	floleak	C
2020-03-27 16:46:59.856193	u/OneSushi	flonw12	u/AutoModerator	flnymdm	C
2020-03-27 16:47:10.938234	u/rantonidi	flonweo	u/Eve0529	flodgcc	C
2020-03-27 16:47:12.720758	u/myhightide	flonwfh	u/Santak1ng	floj680	C
2020-03-27 16:47:29.061893	u/weirritaiting	flonxc2	u/Gabecar3	flomles	C
2020-03-27 16:47:45.191486	u/ticehtapAHeretic	flonxuw	u/Crimeboss37	flonw03	C
2020-03-27 16:47:46.836924	u/nasandre	flonxv1	u/Doubletap-v02	floli17	C
2020-03-27 16:48:06.297644	u/deviouspineapple	flonypj	u/Haritoo	flo8gwb	C
2020-03-27 16:48:20.909990	u/Gydovdh	flonzap	u/Garett_the_Great	floecpy	C
2020-03-27 16:48:42.576189	u/LeHappySpaceEmperor	floo075	u/jose_palolo1	flonc57	C
2020-03-27 16:49:00.601711	u/Sashiki	floo1bc	u/racerfree	flokzli	C
2020-03-27 16:49:34.037439	u/boredomwater913	floo2o9	u/Soft-lead	flomd6l	C
2020-03-27 16:49:42.164557	u/Ban4Ligma	floo36w	u/racerfree	flog1ox	C
2020-03-27 16:49:43.041140	u/Symmetrisize	floo37t	u/ZioGrando	flnutir	C
2020-03-27 16:49:48.161291	u/ImBadAtNames05	floo3i5	u/ThunderingSacks	floby9f	C
2020-03-27 16:49:50.756850	u/brumomn	floo3l2	u/Akio_Haze	fq1yzb	S
2020-03-27 16:50:10.718693	u/Fire_DJx1900	floo5da	u/kotik010	floi2vp	C
2020-03-27 16:50:31.768557	u/Wholetmymomout	floo60b	u/urawesomeniloveu	flnyic6	C
2020-03-27 16:50:45.706028	u/EasterPinkCups	floo6h8	u/sirweggen	flnudl5	C
2020-03-27 16:51:10.233746	u/hamez_ya_boi	floo7dg	u/_Xand0n_	floo5cw	C
2020-03-27 16:51:33.107030	u/Rayquaqua17	floo84t	u/Slomo-sapien	floo76o	C
2020-03-27 16:51:57.796092	u/dutchcowboy86	floo8zb	u/_Xand0n_	floo5cw	C
2020-03-27 16:52:01.166469	u/GoHabsVa	floo977	u/synthwave_Jotaro	floa8ia	C
2020-03-27 16:52:36.152262	u/gaarylasereyes	flooa74	u/HumbrolUser	flnpska	C
2020-03-27 16:53:10.323450	u/-nelli-	floobay	u/momochym	floajas	C
2020-03-27 16:53:31.256698	u/Heisenberg399	floobxh	u/haha0716	floiv5c	C
2020-03-27 16:53:33.479960	u/MMFuzzyface	floobxj	u/HiThere_420	flmsp6u	C
2020-03-27 16:53:44.844180	u/Plethora_of_Pinata	flooc6e	u/Mars_on_Water	flodlju	C
2020-03-27 16:53:57.284663	u/CrypticResponseMan	flooceo	u/natechenry	flo8kuh	C
2020-03-27 16:54:07.155547	u/slothboy	floocxz	u/Croatian_girl2	flol8ca	C
2020-03-27 16:54:09.357289	u/bockscar-nagasaki	flooczn	u/AutoModerator	floo8gd	C
2020-03-27 16:54:24.781779	u/slothboy	floodfy	u/KozKatma	flok00k	C
2020-03-27 16:54:38.447709	u/Pack_Black	flooduv	u/haha5601	floircg	C
2020-03-27 16:54:43.832598	u/----Ibi----	floodyk	u/xLacerate	flolznp	C
2020-03-27 16:54:57.747038	u/NotThePersonYouWant	flooeg2	u/Gubq	fl5lyk4	C
2020-03-27 16:54:59.729783	u/jonatheil	flooegz	u/fualtyzane	flof7a4	C
2020-03-27 16:55:11.911595	u/uranusismars	floof57	u/Eddie-Electric	flof06r	C
2020-03-27 16:55:26.268020	u/a-bagel-with-butter	floofle	u/AeonReign	floo3z1	C
2020-03-27 16:55:35.944979	u/Sogcat	floog16	u/slothboy	floo43b	C
2020-03-27 16:56:04.516918	u/wwaassuup	floogom	u/papiBigBuck	floh9x0	C
2020-03-27 16:56:09.220828	u/car_enthusiasts	floogtu	u/fualtyzane	flooei9	C
2020-03-27 16:56:15.871009	u/I_H4VE_NO_FR1END5	floogyb	u/HelpMeILostMyAccount	fpyzcl	S
2020-03-27 16:56:51.992289	u/MrCedeno	flooif0	u/dabPrassion	floitn0	C
2020-03-27 16:57:01.525046	u/Minemanfx	flooior	u/Pizzaboy90	flolrad	C
2020-03-27 16:57:29.261803	u/69_nice_69_nice	floojog	u/boredomwater913	floo2o9	C
2020-03-27 16:57:30.920530	u/AndTB	floojoh	u/TheRealSkinny_Penis	floo8ww	C
2020-03-27 16:57:56.456707	u/Video_Game_Kid	flookim	u/AutoModerator	floojch	C
2020-03-27 16:58:03.010108	u/Therassse	flooksm	u/BORORORI	floh105	C
2020-03-27 16:58:10.415254	u/chris_051201	flool79	u/Croatian_girl2	flol8ca	C
2020-03-27 16:58:21.977783	u/richardocarlo	flooluc	u/nguyenvietdungntt	fpyy3l	S
2020-03-27 16:58:39.794352	u/yashasgq	floomm0	u/_Xand0n_	floocn1	C
2020-03-27 16:58:44.093313	u/FLUNTERKLUFUN	floomqk	u/dannyboi_999	flobmze	C
2020-03-27 16:59:02.094659	u/xGoldenTigerLilyx	floonfy	u/NSA_Chatbot	flo81hq	C
2020-03-27 16:59:13.557529	u/Challengerererererer	floony2	u/LiamVrs	floo5li	C
2020-03-27 16:59:14.821786	u/xGoldenTigerLilyx	floonz5	u/shellypancake	flo5fwc	C
2020-03-27 16:59:15.941281	u/MineralWaterMike	floonzt	u/bubbleboysdad	floni0a	C
2020-03-27 16:59:23.581746	u/d4rkph03n1x	floooa0	u/LiamVrs	floo5li	C
2020-03-27 16:59:24.842500	u/Oemlf	floooa7	u/DiamondPower500	floomqt	C
2020-03-27 16:59:30.175110	u/habidk	flooofn	u/dogssomewhere	flo2q52	C
2020-03-27 16:59:36.800463	u/ooderdooder	flooon4	u/leave-my-arsenal-	floom25	C
2020-03-27 16:59:47.724750	u/rachelsqueak	floopeg	u/slothboy	flooeyx	C
2020-03-27 16:59:54.278069	u/YFleiter	floopwc	u/HowSad_	flooiza	C
2020-03-27 16:59:56.006913	u/Leo_theLeo	floopyt	u/Xploiter_RBLX	flnr0a0	C
2020-03-27 16:59:59.406586	u/yourmom695	flooqcd	u/RepostSleuthBot	flo8te0	C
