2020-04-16 22:00:17.034212	u/musicnote22	fnnb3tt	u/Here_when_Im_bored	fnnaxf2	C
2020-04-16 22:00:53.130492	u/poo_pee_	fnnb4xc	u/IonicSinclair	fnmv526	C
2020-04-16 22:01:25.021356	u/chicken-isnt-vegan2	fnnb5w8	u/Your_Last_Ink_Roll	fnnb4t1	C
2020-04-16 22:01:38.458776	u/droppingbasses	fnnb6ci	u/mr_anonymous85	fnnak1b	C
2020-04-16 22:02:25.210334	u/_ssh	fnnb8cr	u/strafocat	fnmiy7y	C
2020-04-16 22:02:49.537121	u/velost	fnnb947	u/Scorkami	fnnb3aa	C
2020-04-16 22:04:06.473684	u/Gavin_Wuin	fnnbc73	u/whowouldusethisname	fnnb6n3	C
2020-04-16 22:04:11.339817	u/Arihant-Guntiwar	fnnbccp	u/ImHereForTheMemes184	fnmom32	C
2020-04-16 22:04:25.676245	u/ykxxxx_	fnnbd5g	u/CartoonOG	fnmq4e9	C
2020-04-16 22:04:48.393756	u/SOXLO	fnnbe1d	u/End_Rage	fnmydsc	C
2020-04-16 22:06:48.800062	u/srihan_98	fnnbjx0	u/KOsanesome	fnl55b0	C
2020-04-16 22:07:17.254057	u/melatoninGG	fnnblo9	u/CartoonOG	fnmq4e9	C
2020-04-16 22:07:27.442729	u/drye2332	fnnbm2j	u/okboomer16	fnnbkap	C
2020-04-16 22:07:36.151352	u/MrJohnnyBoy	fnnbmfq	u/IonicSinclair	fnmv526	C
2020-04-16 22:08:05.419386	u/phyxial	fnnbnzf	u/jagfb	fnnajav	C
2020-04-16 22:08:07.765223	u/BlueyBoi	fnnbnzr	u/Gubq	fl5lyk4	C
2020-04-16 22:08:11.001755	u/RubPe	fnnbo4d	u/flyingOR3Ofish	fnnbb4d	C
2020-04-16 22:08:18.822239	u/razmuff	fnnbo9k	u/Crazy_Dalek_	fnn5tdr	C
2020-04-16 22:08:28.477626	u/Misses-U	fnnborn	u/cpsmith	fnn0t5a	C
2020-04-16 22:09:06.647618	u/zebreau	fnnbrhk	u/KOsanesome	fnl55b0	C
2020-04-16 22:09:36.152144	u/justruz	fnnbtxl	u/Harko-Luxa	fnnbjts	C
2020-04-16 22:09:39.690036	u/wimha422	fnnbu7u	u/mikecool818	fnn501x	C
2020-04-16 22:09:44.912000	u/QriusMeerkat	fnnbuqy	u/OlFourEyes	fnmssgf	C
2020-04-16 22:09:58.329085	u/ArcibusLoL	fnnbvtd	u/InternetMeme69	fnnbmey	C
2020-04-16 22:10:17.227081	u/undyingtestsubject	fnnbxe6	u/AlbertFishcutlet	fnnbjtp	C
2020-04-16 22:10:33.887145	u/SirCaptainSalty	fnnby3u	u/Dragon01543	fnn8po7	C
2020-04-16 22:10:45.065265	u/soupyllama03	fnnbyjr	u/hitleristhg	fnlocph	C
2020-04-16 22:11:20.647215	u/hosephjenry	fnnc064	u/winnieTheYeet	fnn8ytz	C
2020-04-16 22:11:35.019331	u/SquareCereal724	fnnc0n9	u/Ultra_Weaboo	fnlevrd	C
2020-04-16 22:12:16.713692	u/Alma_Tes	fnnc2ef	u/CatbeefMcRippin	fnnaptw	C
2020-04-16 22:12:44.412830	u/Jadseven	fnnc2we	u/The_Ace_Trace_2	fnmz7e2	C
2020-04-16 22:12:49.511789	u/Rorro_narvaez	fnnc34w	u/mookie200	fnmghcl	C
2020-04-16 22:13:03.446080	u/Dude567012	fnnc3ht	u/Zr_Stealth	fnn97wi	C
2020-04-16 22:13:52.951253	u/TheReaper999	fnnc4s3	u/Skididilidoodle	fnnc3r3	C
2020-04-16 22:13:57.103862	u/mike_pants	fnnc4ss	u/MrJohnnyBoy	fnnbmfq	C
2020-04-16 22:15:08.280004	u/b1g_Pp	fnnc7r7	u/IonicSinclair	fnnbvj7	C
2020-04-16 22:15:18.952944	u/F72_	fnnc8po	u/only___say--ok	fnnbb62	C
2020-04-16 22:16:00.367735	u/anahannya	fnncawp	u/flyingOR3Ofish	fnnbb4d	C
2020-04-16 22:16:30.639614	u/swic-knees-mamma-bee	fnnccs4	u/F72_	fnnc8po	C
2020-04-16 22:17:17.070259	u/username121812	fnncf16	u/RedditSuspendedMyAss	fncrvbl	C
2020-04-16 22:17:30.632617	u/NboyMedia	fnncfrs	u/DabbingUnikern	fnn97j6	C
2020-04-16 22:17:46.947605	u/lendox_	fnncgju	u/theFLUFF131	g2lcjd	S
2020-04-16 22:18:15.040625	u/ItsSlowAndPainful	fnnchz5	u/Madgrin03	fnmv5lg	C
2020-04-16 22:18:44.191602	u/Lillizsomd	fnncjqr	u/hamez_ya_boi	fnn6qc7	C
2020-04-16 22:19:19.343750	u/Link0822	fnncmh2	u/TheRioda	fnnbutc	C
2020-04-16 22:19:25.466136	u/GLAZ_SNIPED_JFK	fnncmou	u/prince-of-yeet	fnnc1p3	C
2020-04-16 22:20:05.985404	u/ngoduyanh	fnncp1q	u/Minh27	fnncby4	C
2020-04-16 22:20:14.135998	u/WashYourEyesTwice	fnncp66	u/Xukay333	fmlmpwb	C
2020-04-16 22:20:24.669736	u/meajean24	fnncpbp	u/greyfox199	fnnb5v9	C
2020-04-16 22:20:40.671756	u/TheInsomniacFox	fnncpu0	u/FBI_Agent_82	fnna6iv	C
2020-04-16 22:23:37.738259	u/TeslaBrandedTrees	fnncufb	u/TheMysticFez	fnm30k7	C
2020-04-16 22:24:04.117301	u/the-mega-sad	fnncv4k	u/_pc_-_-_	fnncola	C
2020-04-16 22:24:22.578455	u/ethangrichey	fnncvmq	u/SKTurbo	fnn39ab	C
2020-04-16 22:25:11.384249	u/the_fly_guy0423	fnncyb5	u/SolomonBird55	fnlky5o	C
2020-04-16 22:25:13.430998	u/le_chak_150	fnncybc	u/dumbestbell	fnnbad9	C
2020-04-16 22:25:19.176849	u/kami_sama347	fnncyf6	u/Ultra_Weaboo	fnlevrd	C
2020-04-16 22:25:42.100267	u/Beastmaster1357	fnnczor	u/XxWaffles09xX	g2sxsv	S
2020-04-16 22:25:51.871400	u/kartblaster	fnnd01q	u/User1036X	fnncft1	C
2020-04-16 22:26:20.629323	u/tdsupersaiyan	fnnd0v1	u/ToiletSkittle	fnn9yji	C
2020-04-16 22:26:50.076053	u/BATZistheBEST	fnnd2ex	u/AC8MXVIII	fnmtw0w	C
2020-04-16 22:26:51.908703	u/Stormzy18	fnnd2fr	u/CapnMats	fnnbznn	C
2020-04-16 22:26:53.799189	u/ericporing	fnnd2hn	u/S4J3R05	fnma0cb	C
2020-04-16 22:27:30.294145	u/KnightHawk37	fnnd3l3	u/RepostSleuthBot	fnnd17h	C
2020-04-16 22:27:42.067357	u/astronautincolombia	fnnd489	u/CyxPlays	fnnby3m	C
2020-04-16 22:28:07.984272	u/BossYap03	fnnd535	u/b1g_Pp	fnnc8uw	C
2020-04-16 22:28:49.204227	u/Hady_Toader	fnnd7ep	u/mapanpang69420	fnn86yk	C
2020-04-16 22:29:16.049062	u/knightdaux	fnnd8d5	u/bblackkcatt	fnncql1	C
2020-04-16 22:29:20.131735	u/Candy_Creeper	fnnd8gg	u/azamayid	fnn6ot5	C
2020-04-16 22:29:35.385539	u/ayoonsmeme	fnnd9wn	u/DDio_DMCZ123V	fnnd71v	C
2020-04-16 22:29:37.828520	u/ihavenoideanymore21	fnnda2l	u/CoherentPig4552	fnnd93o	C
2020-04-16 22:29:42.011085	u/interactiveztj	fnndagu	u/JonnyBrah	fnmre8f	C
2020-04-16 22:30:08.134089	u/IAm94PercentSure	fnndcuq	u/ZARVIYA	fnn7wam	C
2020-04-16 22:31:03.394158	u/brandond67	fnndegq	u/samus999	fnmotfo	C
2020-04-16 22:31:50.048425	u/shadowyskie	fnndgdv	u/PabloBaker	fnn2tkl	C
2020-04-16 22:33:50.287748	u/MoistTeaBag23e	fnndlfw	u/FairyPizza	fnn9358	C
2020-04-16 22:34:38.094278	u/PaigeysSims_MMD	fnndnt3	u/ALP_102	fnnde6w	C
2020-04-16 22:35:04.924227	u/your_conservative	fnndoo8	u/CartoonOG	fnmq4e9	C
2020-04-16 22:35:50.330827	u/dethenater368	fnndqmt	u/mookie200	fnmghcl	C
2020-04-16 22:36:10.334967	u/dominantcontrol	fnndr30	u/xXN8Th3Gr8Xx	fnmekny	C
2020-04-16 22:36:18.504901	u/catperzon	fnndrbs	u/Tomidnight	fnndd7h	C
2020-04-16 22:37:00.917269	u/fellowKidRussl	fnndtfz	u/Disposable_Glasses	fniq0kc	C
2020-04-16 22:37:02.721862	u/cheeseladder	fnndthl	u/fvck_everyone	fnnb4jz	C
2020-04-16 22:37:11.069254	u/8winter8	fnndtvn	u/MRQUARKS	fnmzate	C
2020-04-16 22:37:36.594350	u/ix_ixi_xi	fnnduqv	u/maudym	fnn1p10	C
2020-04-16 22:38:13.981043	u/not_me_VB	fnndwgt	u/hopebagelko	fnndrwi	C
2020-04-16 22:38:36.379217	u/HotdogMaster200	fnndwuv	u/IronTimm	fnnbpjo	C
2020-04-16 22:39:07.776273	u/JustEecksD	fnndyqg	u/hamez_ya_boi	fnn6qc7	C
2020-04-16 22:39:13.006244	u/TinyRick55	fnndz03	u/zboy101	fnndwod	C
2020-04-16 22:39:43.813493	u/ryanthebamboo	fnne1oi	u/TemperedFiddles	fnncg0s	C
2020-04-16 22:39:57.692651	u/theOGchucktaylor55	fnne2wk	u/Leo20020825	fnkw042	C
2020-04-16 22:40:47.243501	u/blackbloodgaming	fnne4ll	u/6906JSJ	fnne2t7	C
2020-04-16 22:42:09.194702	u/rakeroooo	fnne7ie	u/EquivalentInflation	fnlfwgv	C
2020-04-16 22:42:40.004792	u/Levi488	fnne8ov	u/bitchboy69420blazeit	fnmj6ol	C
2020-04-16 22:42:54.333962	u/AyDumass	fnne919	u/_xX-YourMom-Xx_	fnn1u1h	C
2020-04-16 22:44:57.672276	u/JailBirdNC	fnned15	u/MoistTeaBag23e	fnndlfw	C
2020-04-16 22:45:58.767167	u/leonyet	fnnefrt	u/jagfb	fnnalyd	C
2020-04-16 22:46:11.738010	u/LasagnaBits	fnnefyq	u/vorsky92	fnnefbm	C
2020-04-16 22:46:18.352530	u/Juptra	fnneg81	u/thelowercaseguyy	fnnebf9	C
2020-04-16 22:46:21.098382	u/modelX400	fnneg9s	u/brown361Cat	g2sl9b	S
2020-04-16 22:47:01.582431	u/NotAlbie	fnnehyj	u/smallcoder	fnn52z1	C
2020-04-16 22:47:43.478923	u/Mr_Fifths	fnneka5	u/SomberRc3d	fnn97om	C
2020-04-16 22:47:55.210029	u/BryanTennis	fnnekox	u/hamez_ya_boi	fnn6qc7	C
2020-04-16 22:48:14.656563	u/l1quidsanity	fnnelqh	u/801443	fnnebdd	C
2020-04-16 22:49:04.994831	u/yaboi1529	fnnenpu	u/iiCheatr	fl5tznu	C
2020-04-16 22:49:09.684885	u/Darthvaderade420	fnnenuw	u/RepostSleuthBot	fnndx0k	C
2020-04-16 22:49:52.685211	u/2147483	fnneriv	u/Predator_Hicks	fnn8nxs	C
2020-04-16 22:49:53.356428	u/Mr_Fufu_Cudlypoops	fnnerjc	u/SKTurbo	fnn39ab	C
2020-04-16 22:50:35.330761	u/FrostyWheats	fnnetul	u/Josiador	fnnae2b	C
2020-04-16 22:50:38.624064	u/soysaucesalt	fnnetyr	u/BryanTennis	fnnekox	C
2020-04-16 22:50:45.771922	u/Nellskiiiiiii	fnneuau	u/Elvicio335	fnn3hn5	C
2020-04-16 22:51:46.379141	u/drirrelavent	fnnewe5	u/HunterBoyxXx	fnn7gv8	C
2020-04-16 22:51:51.034862	u/Promorsteel	fnnewqm	u/AutoModerator	flafceq	C
2020-04-16 22:51:56.362016	u/CockatielTheElliot	fnnewug	u/Cowboy5636	fnneva8	C
2020-04-16 22:52:21.824266	u/AlexQuidSeiko	fnnexq7	u/pointedimposter143	fnndkde	C
2020-04-16 22:52:31.382137	u/-Unenjoyment-	fnney55	u/S_O_F_T-AND-W_E_T	fnnecje	C
2020-04-16 22:52:39.343746	u/DaTBoICheRry_MEJA	fnneye5	u/TinyRick55	fnnesip	C
2020-04-16 22:53:22.913603	u/Gooner1798	fnnezmk	u/BellaButt619	fnney38	C
2020-04-16 22:53:52.269685	u/PenguinGamer9876	fnnf0j2	u/notkhaos	fnmgeks	C
2020-04-16 22:54:23.401413	u/clarence_______1	fnnf1sl	u/BmMjO	fnnexz1	C
2020-04-16 22:55:04.255623	u/AlSapphire	fnngrk5	u/Thatitchypart	fnngdh5	C
2020-04-16 22:55:27.778899	u/Agengele	fnngs7e	u/ShayDBoi	fnngjm4	C
2020-04-16 22:55:31.686169	u/Charliesmama129	fnngs9z	u/gazmondo	fnmea47	C
2020-04-16 22:55:36.270165	u/CLXrsist	fnngsgh	u/kja2991	fn764an	C
2020-04-16 22:56:34.896353	u/h3nr7_f1sch3r	fnnguws	u/AllergicToStabWounds	fnmva2v	C
2020-04-16 22:56:40.232624	u/ThisSmartGuy8	fnngv4k	u/noor_bhoma	fnkklnp	C
2020-04-16 22:56:52.748241	u/ALotANuts96	fnngvv4	u/Site55	fnnde0y	C
2020-04-16 22:57:10.867681	u/la_luna653	fnngwyb	u/Agengele	fnngs7e	C
2020-04-16 22:58:00.465073	u/plaz45	fnngzo6	u/Fullxero	fnngy1v	C
2020-04-16 22:58:04.444041	u/phlibbertigibbet	fnngztb	u/Hypererra	fnludex	C
2020-04-16 22:58:09.748636	u/yodelayee	fnnh01e	u/MssDevil	fnnajbh	C
2020-04-16 22:58:34.775765	u/tim_tam1	fnnh10t	u/arcnae	fnmvkm5	C
2020-04-16 22:59:02.326650	u/thelonedorito	fnnh2ii	u/Caesaropapismno	fnng6j4	C
2020-04-16 22:59:20.681817	u/Stephen_Tinsley	fnnh36l	u/fvck_everyone	fnnb4jz	C
2020-04-16 22:59:29.737733	u/AkatsukiArts	fnnh40s	u/VideoStarTheRadio	fnnh1rz	C
2020-04-16 22:59:36.962410	u/cbradford203	fnnh4pn	u/greenlight144000	fnnb5oz	C
2020-04-16 22:59:51.593051	u/doughishere	fnnh5t7	u/ItsYaBoiBiggie65	fnmebrb	C
