2020-04-05 03:00:04.763304	u/DrMemer9000	fmh62ty	u/Gladion14	fmfmuex	C	I
2020-04-05 03:00:08.953264	u/SnapshillBot	fmh62uf	u/Starwarsmemes13	fv99bu	S	I
2020-04-05 03:00:15.153258	u/MediumSatisfaction1	fmh62yk	u/I_dostuff	fmh4j5r	C	N
2020-04-05 03:00:22.535750	u/Humor_Tumor	fmh62z4	u/osasuna	fv6rxe	S	N
2020-04-05 03:00:30.997122	u/SJBailey03	fmh62zg	u/sonsaitama	fv5ccf	S	N
2020-04-05 03:00:42.539288	u/donttellanybody12	fmh62zw	u/Sgt-Insane	fv4t65	S	I
2020-04-05 03:00:51.731172	u/RepostSleuthBot	fmh630j	u/zombienate27	fmh5z3b	C	N
2020-04-05 03:01:02.993748	u/cam-nash	fmh6330	u/SaltyThalassophile	fmh5tbx	C	N
2020-04-05 03:01:11.192319	u/blasteagle03	fmh6336	u/xHarryBallshard2006x	fmgwz2x	C	N
2020-04-05 03:01:22.452938	u/RD_0310	fmh633h	u/chocoboiv2	fmh5h9s	C	N
2020-04-05 03:01:29.672235	u/SnapshillBot	fmh6341	u/miraisekai_	fv99cq	S	N
2020-04-05 03:01:42.140377	u/n66b	fmh6366	u/TheToxicLogic	fv7wer	S	I
2020-04-05 03:01:51.378745	u/innovator97	fmh638g	u/flyyoufools97	fmh5ty0	C	I
2020-04-05 03:02:01.621623	u/MemesMod	fmh639k	u/Jashusjshsk	fv994d	S	N
2020-04-05 03:02:31.769873	u/SnapshillBot	fmh878z	u/BlurredOang	fv9ml4	S	I
2020-04-05 03:02:40.918150	u/TheGamyTuberYt	fmh879r	u/Mudslide0814	fmgwa0f	C	N
2020-04-05 03:02:51.147906	u/SnapshillBot	fmh87ag	u/Dubeyjii	fv9mi2	S	N
2020-04-05 03:03:01.421994	u/shrekisthekingofmeme	fmh87gv	u/MultipleFace1	fv7cye	S	I
2020-04-05 03:03:12.024929	u/Mr_NoobyNoob	fmh87hi	u/Fat_Pige0ns	fj3g78	S	I
2020-04-05 03:03:21.137239	u/Mindustry-player	fmh87j3	u/XXX_icecreamman_XXX	fmh624a	C	N
2020-04-05 03:03:33.478360	u/HellwolfGaming1	fmh87jb	u/GreenLynx26	fv98jw	S	I
2020-04-05 03:03:42.793633	u/Xx_Xian_xX	fmh87l5	u/lordofurjings	fv6q1w	S	N
2020-04-05 03:03:54.520032	u/ivanovski93	fmh87lg	u/mudahfukinnnnnnnnn	fv2doy	S	I
2020-04-05 03:04:04.566718	u/StoreMilk	fmh87of	u/Muti248	fv2jg1	S	N
2020-04-05 03:04:30.977973	u/productivecitizen	fmh87om	u/SexxxyWesky	fmh841l	C	I
2020-04-05 03:04:42.080084	u/The-dude-in-the-bush	fmh87s5	u/Lea-nDr0id	fmf7t22	C	N
2020-04-05 03:05:09.486363	u/Horsack	fmh87sr	u/brohemianrasputin	fmh81u3	C	I
2020-04-05 03:05:21.717295	u/Daitli	fmh87sz	u/Fantastic_Ostrich	fv5l6o	S	I
2020-04-05 03:05:33.959000	u/faab64	fmh87ub	u/PRECUMDAVE	fv5skz	S	N
2020-04-05 03:05:47.134247	u/SnapshillBot	fmh87un	u/DalenDean	fv9moh	S	N
2020-04-05 03:06:01.373175	u/TheGamyTuberYt	fmh87vl	u/yourpantsaretoobig	fv7h4p	S	I
2020-04-05 03:06:13.650081	u/DarkPrince45AH	fmh87vz	u/Shagurope	fuzrjn	S	I
2020-04-05 03:06:25.971086	u/PsychicTempestZero	fmh87w9	u/Sgt-Insane	fv4t65	S	I
2020-04-05 03:06:52.177421	u/potato430	fmh87wd	u/aries21___	fmh5xhn	C	I
2020-04-05 03:07:19.293315	u/ItsZlayers	fmh87wy	u/JoeMamaAndThePapas	fmh86ha	C	I
2020-04-05 03:07:33.176446	u/_Hell-No_	fmh87x7	u/pars-1	fv15so	S	N
2020-04-05 03:07:46.374382	u/westcoastcooper	fmh87ze	u/TacticalMicrowav3	fv5vqm	S	I
2020-04-05 03:08:01.314812	u/Agigator	fmh880s	u/MattTheMLGPro	fv90xr	S	N
2020-04-05 03:08:16.192088	u/beefjerkybannana5	fmh8813	u/just_an_insomniac	fmh7m75	C	I
2020-04-05 03:08:31.026449	u/superpigamelol	fmh883u	u/Fire_Squad475	fmguu8e	C	N
2020-04-05 03:08:46.056021	u/Itsatrap45	fmh883x	u/innovator97	fmh638g	C	I
2020-04-05 03:09:01.175888	u/AEGYpTUS_ali	fmh887a	u/LukZett	fv5s19	S	N
2020-04-05 03:09:16.048970	u/Absolute9yrMadLad	fmh887k	u/Molizo	fmfsvdy	C	N
2020-04-05 03:09:32.355773	u/Wilczek76	fmh8894	u/mathsucks69	fv19st	S	I
2020-04-05 03:09:48.287760	u/DragoonMaster638	fmh88aa	u/Sgt-Insane	fv4t65	S	I
2020-04-05 03:10:01.630758	u/TrIGErRedezpz	fmh88au	u/meme_me_Alone	fv6fwg	S	I
2020-04-05 03:10:02.952698	u/PervyPie	fmh88b7	u/MahaMedic	fv8jdd	S	I
2020-04-05 03:10:09.347390	u/Fist_dem_goats	fmh88be	u/Iceicebaby1027	fmh7v44	C	I
2020-04-05 03:10:13.509791	u/pantsRrad	fmh88bw	u/TheLegendPaulBunyan	fmh7ovh	C	N
2020-04-05 03:10:16.946788	u/sneek100	fmh88en	u/TacticalMicrowav3	fv5vqm	S	I
2020-04-05 03:10:23.192077	u/SnapshillBot	fmh88eu	u/1st2f4il	fv9mr6	S	N
2020-04-05 03:10:31.524110	u/brown361Cat	fmh88jn	u/Parura57	fmh6i1t	C	N
2020-04-05 03:10:40.586702	u/Xx_Xian_xX	fmh88l1	u/Mr-360	fv4g41	S	N
2020-04-05 03:10:44.793871	u/MemesMod	fmh88no	u/1st2f4il	fv9mr6	S	N
2020-04-05 03:10:53.034290	u/Jordanye3t	fmh88o8	u/GodCueio123	fmgg3al	C	I
2020-04-05 03:11:02.516642	u/Fuck_Names_	fmh88of	u/ThunderingSacks	fv27ir	S	I
2020-04-05 03:11:08.735087	u/Hoddedmann	fmh88pb	u/deleted	fv9ml4	S	N
2020-04-05 03:11:19.084065	u/phantom_pancake1	fmh88pe	u/YoBoiDivyansh	fv9i2e	S	N
2020-04-05 03:11:26.320831	u/Grusslen22	fmh88q6	u/bhavjotpahuja	fv9i5u	S	N
2020-04-05 03:11:34.788537	u/pacpumpumcaccumcum	fmh88rg	u/cam-nash	fv6a8q	S	I
2020-04-05 03:11:45.069188	u/Iceicebaby1027	fmh88xq	u/Fist_dem_goats	fmh88be	C	I
2020-04-05 03:11:53.333494	u/SnapshillBot	fmh88yj	u/deleted	fv9mun	S	N
2020-04-05 03:12:04.677220	u/Renzisan	fmh892k	u/DalenDean	fv9moh	S	N
2020-04-05 03:12:11.012535	u/No_Biscuits	fmh8961	u/WhoAm_I_WhyAm_I_Here	fv776g	S	I
2020-04-05 03:12:21.284953	u/ExtensionRegular1	fmh8970	u/Im_much_human	fmh7etz	C	N
2020-04-05 03:12:28.438107	u/Mindustry-player	fmh897n	u/cat_of_science	fmh7trr	C	N
2020-04-05 03:12:39.924749	u/Danxing2	fmh89a6	u/Eziopool	fv8xrk	S	I
2020-04-05 03:12:48.185444	u/CavesDweller	fmh89ez	u/Master_JBT	fmgvsu0	C	I
2020-04-05 03:12:58.464663	u/MemesMod	fmh89fn	u/deleted	fv9mun	S	N
2020-04-05 03:13:07.748479	u/jabmahn	fmh89fo	u/deleted	fv9mun	S	N
2020-04-05 03:13:18.262138	u/Vaiemp	fmh89gl	u/meme_me_Alone	fv6fwg	S	I
2020-04-05 03:13:27.486159	u/Millkstake	fmh89h7	u/lasagna_for_life	fv8xy1	S	I
2020-04-05 03:13:35.638767	u/YaGirlLo	fmh89k6	u/frankfires	fmgg6ce	C	I
2020-04-05 03:13:46.097764	u/Klos77	fmh89kq	u/DJMoney329	fv7bfk	S	N
2020-04-05 03:13:55.274570	u/jojo_weeb1121407	fmh89lp	u/Vector3Kowalski	fmh7w1x	C	N
2020-04-05 03:14:05.564134	u/Bonyboiii	fmh89nf	u/father_eden	fv9hzt	S	N
2020-04-05 03:14:12.943982	u/KimLerk	fmh89o7	u/snekshi69	fv7jc3	S	N
2020-04-05 03:14:24.224835	u/Nagirdnal	fmh89os	u/Cuffloops	fv96n2	S	I
2020-04-05 03:14:33.447440	u/youfibbedinjanuary	fmh89pm	u/just_an_insomniac	fv9api	S	I
2020-04-05 03:14:45.028258	u/Commander_Guts27	fmh89qe	u/wjraider2	fv7q4z	S	N
2020-04-05 03:14:54.327865	u/gpsteam	fmh89qj	u/MultipleFace1	fv7cye	S	I
2020-04-05 03:15:03.437877	u/Knee_and_Toe_Thief	fmh89r9	u/LeeviTheGuru	fmgieve	C	N
2020-04-05 03:15:13.601973	u/ClasIcTurtle	fmh89si	u/GamerOnBreak	fmff3uz	C	N
2020-04-05 03:15:21.686025	u/Memegod_04	fmh89wc	u/Smiley_26	fmgfdcc	C	N
2020-04-05 03:15:33.627911	u/AnisGames	fmh89wu	u/Alexis-Aparicio	fv25qb	S	I
2020-04-05 03:15:41.689682	u/Sky_Streak	fmh89xk	u/RepostSleuthBot	fmh74w8	C	I
2020-04-05 03:15:52.882601	u/AutoModerator	fmh8a0n	u/Expert_Carrot	fv9n5j	S	N
2020-04-05 03:16:02.252734	u/sendbobsasap	fmh8a0q	u/meme_me_Alone	fv6fwg	S	I
2020-04-05 03:16:24.619331	u/Fist_dem_goats	fmh8a3n	u/Iceicebaby1027	fmh88xq	C	I
2020-04-05 03:16:45.957118	u/DalenDean	fmh8a3p	u/Renzisan	fmh892k	C	I
2020-04-05 03:16:56.255723	u/MexicanAmericDaniel	fmh8a3u	u/viralagain	fv7v60	S	N
2020-04-05 03:17:07.366005	u/Everyonethinksim11	fmh8a4e	u/RepostSleuthBot	fmh7ssb	C	I
2020-04-05 03:17:17.378025	u/brohemianrasputin	fmh8a7w	u/Horsack	fmh87sr	C	I
2020-04-05 03:17:27.385082	u/SoLaRstrix86	fmh8a7x	u/realoza12	fmguky8	C	N
2020-04-05 03:17:38.650429	u/WickyBoi220	fmh8ad4	u/osasuna	fv6rxe	S	N
2020-04-05 03:17:49.687954	u/Mindustry-player	fmh8aea	u/The_Lazy_Smith22	fmh79jf	C	N
2020-04-05 03:18:00.986946	u/Brewtality76	fmh8ak6	u/Faintpaprika101	fv59z5	S	N
2020-04-05 03:18:10.941573	u/Lightcellfx-15	fmh8aqj	u/ImDankest	fmh7b4l	C	N
2020-04-05 03:18:22.060781	u/MachoNugget	fmh8asl	u/Valleyfairfanboy	fv57xt	S	I
2020-04-05 03:18:32.130918	u/AVENGETROIS	fmh8atd	u/DJMoney329	fv7bfk	S	N
2020-04-05 03:18:43.789512	u/QueenCobra91	fmh8avd	u/Alexis-Aparicio	fv25qb	S	I
2020-04-05 03:18:52.440216	u/Carson200525	fmh8awg	u/MexicanAmericDaniel	fmh86wv	C	I
2020-04-05 03:19:05.557529	u/RepostSleuthBot	fmh8ax7	u/MinionKeys	fmh86ys	C	I
2020-04-05 03:19:16.335262	u/MinionKeys	fmh8b30	u/Doc-paper-scissors	fmgtp1n	C	I
2020-04-05 03:19:27.104213	u/DyDy327	fmh8b3d	u/Mr_Goodman23	fv8sj3	S	N
2020-04-05 03:19:38.494343	u/Phebedavis1	fmh8b50	u/mudahfukinnnnnnnnn	fv2doy	S	I
2020-04-05 03:19:47.797678	u/Andarude	fmh8b73	u/Fthooper14	fmh7amn	C	N
2020-04-05 03:19:58.327067	u/ShmabbyTwo	fmh8baa	u/PRECUMDAVE	fv5skz	S	N
2020-04-05 03:20:00.434809	u/Austaras	fmh8bar	u/mancub3000	fmh53px	C	N
2020-04-05 03:20:04.269126	u/zeroedash	fmh8bdc	u/HavingLastLaugh	fv2r04	S	I
2020-04-05 03:20:08.418446	u/peterXforreal	fmh8bdt	u/SmarterThan-U-Idiot	fmbydoj	C	I
2020-04-05 03:20:12.849250	u/Octo95	fmh8biv	u/DaKatos	fv5c57	S	N
2020-04-05 03:20:17.057673	u/reposted-meme	fmh8bjt	u/deleted	fv9ml4	S	N
2020-04-05 03:20:34.686432	u/I-MeZiTA-I	fmh8bl2	u/Bulldoza32	fmh86n8	C	I
2020-04-05 03:20:42.925022	u/Everyonethinksim11	fmh8bnc	u/wolfy502	fmh4u6r	C	N
2020-04-05 03:20:52.186397	u/SCP-3388	fmh8bnw	u/Chadaphract	fmh7080	C	N
2020-04-05 03:21:02.733728	u/Antivax6969	fmh8bpl	u/ninjagold007	fv7qe9	S	N
2020-04-05 03:21:09.941935	u/DyingHyena121	fmh8bqm	u/SeeroDrag	fmgyrv5	C	N
2020-04-05 03:21:21.357218	u/Hoddedmann	fmh8brx	u/Mindustry-player	fv9m9d	S	N
2020-04-05 03:21:28.591995	u/fuwhyckin	fmh8bs9	u/redstag141	fv9gmk	S	I
2020-04-05 03:21:38.974988	u/jabmahn	fmh8bxj	u/DalenDean	fv9moh	S	I
2020-04-05 03:21:45.157872	u/Gnagetftw	fmh8bxt	u/xXThiccTacoXx	fmgvipm	C	I
2020-04-05 03:21:54.454709	u/Chronicmasturbator96	fmh8bym	u/LinkinShriya	fv98zn	S	N
2020-04-05 03:22:03.694009	u/MC_Cheshire	fmh8byv	u/baconmaka	fmh7pky	C	N
2020-04-05 03:22:13.044356	u/Hennessey_Drew	fmh8bz8	u/pantsRrad	fv9iig	S	I
2020-04-05 03:22:22.466968	u/SeBarosanul	fmh8c0q	u/MaiSenpaii2	fv8dxt	S	N
2020-04-05 03:22:32.866165	u/Ackerman72	fmh8c55	u/samuraityphoone	fuvzba	S	N
2020-04-05 03:22:43.216193	u/DegenerateUwU	fmh8c5h	u/Eziopool	fv8xrk	S	I
2020-04-05 03:23:01.650027	u/sweetbunsmcgee	fmh8c5x	u/spacezombiejesus	fmh5h05	C	I
2020-04-05 03:23:12.899063	u/Fist_dem_goats	fmh8c65	u/Harsh_Asnani	fmh4k8v	C	I
2020-04-05 03:23:22.505321	u/FreshMeatSeller	fmh8c7r	u/AlchemyJug	fv3iak	S	I
2020-04-05 03:23:32.896955	u/SociallyDeadOnReddit	fmh8c9t	u/InsaneInspector	fv5nvr	S	N
2020-04-05 03:23:42.067587	u/Everyonethinksim11	fmh8cb8	u/WhyDoINeedUsernam	fmgylq5	C	I
2020-04-05 03:23:52.293772	u/brohemianrasputin	fmh8cbl	u/Ihavebadreddit	fmh4f60	C	N
2020-04-05 03:24:01.791251	u/lintheflower	fmh8cbv	u/TacticalMicrowav3	fv5vqm	S	I
2020-04-05 03:24:11.976978	u/porntipsguzzardobot	fmh8cc6	u/brown361Cat	fv9njy	S	I
2020-04-05 03:24:23.623299	u/freshlocalmemes	fmh8ccr	u/AlchemyJug	fv3iak	S	I
2020-04-05 03:24:36.310809	u/KimLerk	fmh8cem	u/AshramZargrad	fv5klh	S	I
2020-04-05 03:24:45.422002	u/roncastelino	fmh8cfx	u/Harriseeno78	fmh46qo	C	N
2020-04-05 03:24:58.922695	u/holdthefortuntildawn	fmh8ch8	u/brinkz-	fv1rmv	S	N
2020-04-05 03:25:09.043897	u/DarthRygar	fmh8chs	u/k2dadub	fmh1pty	C	I
2020-04-05 03:25:22.046798	u/Kride500	fmh8civ	u/Krythulu	fv35s8	S	N
2020-04-05 03:25:48.391524	u/fakatorpedo	fmh8cjn	u/Ambiax38	fmh29ad	C	I
2020-04-05 03:26:01.043839	u/supersquid1000	fmh8cl7	u/mudahfukinnnnnnnnn	fv2doy	S	I
2020-04-05 03:26:12.044659	u/domasmyko	fmh8cqw	u/Nativendor	fmh80sl	C	N
2020-04-05 03:26:25.169905	u/pneumonoultramicrosi	fmh8ct4	u/Ya_Boi_Mozzie	fmgvvwp	C	N
2020-04-05 03:26:38.209002	u/Hatzerflatz	fmh8ctv	u/brinkz-	fv1rmv	S	N
2020-04-05 03:26:50.418436	u/FistingUrDad	fmh8d08	u/WhoAm_I_WhyAm_I_Here	fv776g	S	I
2020-04-05 03:27:04.828254	u/DragoonMaster638	fmh8d0d	u/AlexBrior	fv6aa9	S	N
2020-04-05 03:27:21.004946	u/coolmathgameslegend	fmh8d2i	u/flyyoufools97	fv4l9y	S	I
2020-04-05 03:27:35.004679	u/pantsRrad	fmh8d37	u/Hennessey_Drew	fmh8bz8	C	I
2020-04-05 03:27:52.602646	u/ohShitItsMax	fmh8d3r	u/sonsaitama	fv5ccf	S	N
2020-04-05 03:28:08.954706	u/PuFF1512	fmh8d3x	u/Kelly240361	fv527d	S	I
2020-04-05 03:28:24.891248	u/ardentcancer69	fmh8d5f	u/Shagurope	fuzydn	S	I
2020-04-05 03:28:41.950787	u/Mr-Whereland	fmh8d5j	u/harmony_strikes	fv9cty	S	N
2020-04-05 03:29:00.077803	u/RepostSleuthBot	fmh8d7n	u/DarkPrince45AH	fmh87vz	C	I
2020-04-05 03:29:19.972093	u/TopGrandGearTour	fmh8de9	u/pars-1	fv15so	S	N
2020-04-05 03:29:36.662779	u/RepostSleuthBot	fmh8dgn	u/Sepp-VI	fmh82ni	C	N
2020-04-05 03:29:53.438318	u/AutoModerator	fmh8dkf	u/Th1cc_Oreo	fv9nud	S	N
2020-04-05 03:30:01.235643	u/Raptor556	fmh8dog	u/End3rW1gg1n	fv6imb	S	N
2020-04-05 03:30:02.429714	u/oww_my_freaking_ears	fmh8dop	u/Cravos	fv1om3	S	N
2020-04-05 03:30:05.576744	u/ScrantonChoker	fmh8drj	u/THE-A7	fmh60ku	C	N
2020-04-05 03:30:10.819979	u/promethelon	fmh8ds0	u/Richey5900	fv805z	S	I
2020-04-05 03:30:17.272497	u/SoLaRstrix86	fmh8duf	u/Natendrtfm	fv3ith	S	I
2020-04-05 03:30:25.503442	u/brohemianrasputin	fmh8dwj	u/CloudsAreGodsSneezes	fmgu4jg	C	N
2020-04-05 03:30:43.084439	u/Bagelslol	fmh8dx6	u/BackgroundLeg7	fmgz1tr	C	I
2020-04-05 03:30:52.892253	u/whitelyon69	fmh8dxg	u/ContrarianSon	fuz2bo	S	I
2020-04-05 03:31:03.165850	u/-pomnuria-	fmh8e0f	u/Oof_Padoof	fmgp9j3	C	I
2020-04-05 03:31:12.427817	u/laurel_lz	fmh8e16	u/lizardskin514	fmfcyhs	C	N
2020-04-05 03:31:23.450425	u/Saviour254	fmh8e2j	u/Mr-360	fv4g41	S	N
2020-04-05 03:31:32.999313	u/iiDarkk	fmh8e5b	u/AlchemyJug	fv3iak	S	I
2020-04-05 03:31:43.435067	u/Jokerman5656	fmh8e5c	u/cam-nash	fv6a8q	S	I
2020-04-05 03:31:53.418588	u/Yevgen4000	fmh8e5d	u/Mr-360	fv4g41	S	N
2020-04-05 03:32:04.328963	u/Svennboii	fmh8e6f	u/Mr-360	fv4g41	S	N
2020-04-05 03:32:17.611389	u/LuigiKaweegee74	fmh8e6m	u/rapt0rgziz	fmgi4nf	C	N
2020-04-05 03:32:29.059108	u/Zumi04	fmh8ea3	u/TheRealWinDexTer	fv7psm	S	I
2020-04-05 03:32:39.377402	u/miraisekai_	fmh8ebd	u/beige-savage	fv5rd5	S	N
2020-04-05 03:32:51.847368	u/ikemike008	fmh8ec0	u/Rayleigh077	fv44ff	S	N
2020-04-05 03:33:05.204349	u/XFirebalX_347	fmh8ec7	u/pantsRrad	fv9fz3	S	I
2020-04-05 03:33:16.800577	u/kenjiban696	fmh8efo	u/wjraider2	fv7q4z	S	N
2020-04-05 03:33:27.388463	u/Chung_bungus	fmh8ehp	u/MarinusT_0111	fv1vis	S	N
2020-04-05 03:33:41.754308	u/scps53770	fmh8emg	u/BlackDMamba	fv8ml2	S	N
2020-04-05 03:33:53.116598	u/whitemencantjump1	fmh8erm	u/remoestmoi	fv3fkx	S	N
2020-04-05 03:34:05.271868	u/brohemianrasputin	fmh8esp	u/Castanhar1	fmgwon4	C	N
2020-04-05 03:34:19.274244	u/SchwarzGelb09	fmh8esr	u/flyyoufools97	fv4l9y	S	I
2020-04-05 03:34:30.832760	u/poopdog17	fmh8eta	u/brohemianrasputin	fv32vi	S	I
2020-04-05 03:34:57.215271	u/Mindustry-player	fmh8f0u	u/Hoddedmann	fmh8brx	C	I
2020-04-05 03:35:11.632153	u/Fish-dumpster	fmh8f2i	u/DJMoney329	fv7bfk	S	N
2020-04-05 03:35:25.858201	u/scps53770	fmh8f6t	u/deleted	fv8oqa	S	N
2020-04-05 03:35:40.764595	u/mykoden	fmh8f6x	u/amenotekijara	fv4jvl	S	N
2020-04-05 03:35:53.097175	u/RKay176	fmh8f8r	u/osasuna	fv6rxe	S	N
2020-04-05 03:36:09.341968	u/not_RangeRocket5453	fmh8fcq	u/Yeetmaster4786	fmh6o4f	C	I
2020-04-05 03:36:24.500275	u/TheRaccoonDude	fmh8fg0	u/omsphoenix	fmh584c	C	N
2020-04-05 03:36:39.615855	u/PMTittiesPlzAndThx	fmh8fj9	u/Designed_To	fmh3ndu	C	N
2020-04-05 03:37:08.829115	u/Mindustry-player	fmh8fl6	u/Hoddedmann	fmh8brx	C	I
2020-04-05 03:37:24.832299	u/BrandedDisco	fmh8fps	u/Mr-360	fv4g41	S	N
2020-04-05 03:37:39.040644	u/Oumashu345	fmh8fw3	u/Oldmate81	fv7rru	S	I
2020-04-05 03:37:54.050390	u/MyApple2018	fmh8g0l	u/Lmaozk	fmh6gt8	C	I
2020-04-05 03:38:10.303772	u/dumb-as-fuck	fmh8g1e	u/omw_2_fub	fv95r3	S	I
2020-04-05 03:38:26.533129	u/Tokyo_Echo	fmh8g1n	u/osasuna	fv6rxe	S	N
2020-04-05 03:38:43.743911	u/youfibbedinjanuary	fmh8g1q	u/xander1002	fv96jn	S	I
2020-04-05 03:38:59.722268	u/Euchr3	fmh8g45	u/Andy_boio	fv9d45	S	N
2020-04-05 03:39:17.148015	u/OGUncleSherm	fmh8g9c	u/LukZett	fv5s19	S	N
2020-04-05 03:39:34.329531	u/SteamrockFever	fmh8g9g	u/FalconPhantom	fv9dd3	S	N
2020-04-05 03:39:52.460567	u/iisanketii	fmh8gaz	u/Just_a_log	fmh82pw	C	I
2020-04-05 03:40:00.774324	u/sworpy123	fmh8gej	u/MaiSenpaii2	fv8dxt	S	N
2020-04-05 03:40:01.883816	u/RepostSleuthBot	fmh8gih	u/scps53770	fmh8emg	C	I
2020-04-05 03:40:14.408241	u/MrSchneider6969	fmh8gin	u/not_RangeRocket5453	fmh8fcq	C	I
2020-04-05 03:40:20.888717	u/ToastingTony	fmh8gma	u/osasuna	fv6rxe	S	N
2020-04-05 03:40:51.110854	u/smashbrosislit	fmhagnd	u/FatManZak	fmgrdm9	C	N
2020-04-05 03:41:13.769820	u/thefuckedupteen	fmhagnq	u/MediumDiamond39	fmgphiq	C	I
2020-04-05 03:41:23.413967	u/kenjiban696	fmhagog	u/AshramZargrad	fv5klh	S	I
2020-04-05 03:41:35.339386	u/BigDom92	fmhagor	u/grinshtain	fuxcwa	S	I
2020-04-05 03:41:44.568526	u/turbokrissy	fmhagpm	u/setmee	fv9y29	S	N
2020-04-05 03:41:57.925817	u/Deky45Alex	fmhagpv	u/ShutterClicc	fv9zzy	S	N
2020-04-05 03:42:08.197567	u/BirgBoi	fmhagqu	u/Anx55zaa	fv9y35	S	N
2020-04-05 03:42:20.560308	u/ParrotEvil	fmhagrc	u/BlurredOang	fv9si1	S	I
2020-04-05 03:42:30.595916	u/ZeFlammenwurfer	fmhah3w	u/kylojen_	fv1lxa	S	I
2020-04-05 03:42:42.811055	u/AffeDaBoss	fmhah54	u/Frightstories	fmh7bmo	C	I
2020-04-05 03:42:54.029295	u/SnapshillBot	fmhah60	u/offrythem	fva1b8	S	I
2020-04-05 03:43:07.427948	u/fleshgolem000	fmhah67	u/Ozzi4870	fuvu1o	S	N
2020-04-05 03:43:31.880613	u/emielbo2	fmhah77	u/whyaremytoeswet	fmfv5zx	C	I
2020-04-05 03:43:44.045984	u/Idooogamers	fmhah7z	u/edgy-potato-salad	fmhae0i	C	N
2020-04-05 03:43:58.372923	u/SnapshillBot	fmhah9f	u/deleted	fva14p	S	N
2020-04-05 03:44:12.632137	u/SnapshillBot	fmhahae	u/SecretInvader	fva14f	S	N
2020-04-05 03:44:26.005088	u/lintheflower	fmhahbd	u/Faintpaprika101	fv59z5	S	N
2020-04-05 03:44:38.233816	u/SnapshillBot	fmhahcs	u/juanmy420	fva102	S	N
2020-04-05 03:45:07.851891	u/vaibhav-chavda	fmhahd9	u/Lobster_The_Mobster	fmh8hgn	C	I
2020-04-05 03:45:21.092223	u/SnapshillBot	fmhahee	u/EliteAssassin750	fva0yn	S	I
2020-04-05 03:45:33.266877	u/canceled-ultimate	fmhahem	u/Sanic8Lrs	fv9rq5	S	N
2020-04-05 03:45:46.415032	u/SnapshillBot	fmhahfg	u/darrenbrads123	fva0vq	S	I
2020-04-05 03:46:00.709114	u/NaturallyFrank	fmhahgd	u/I-MeZiTA-I	fv9h3t	S	I
2020-04-05 03:46:14.767430	u/HyperVexed	fmhahh8	u/flyyoufools97	fv4l9y	S	I
2020-04-05 03:46:27.931900	u/SnapshillBot	fmhahi4	u/Hsingtism	fva0pi	S	N
2020-04-05 03:46:43.162434	u/PM-ME_UR_NUDE_BODY	fmhahii	u/directinfo77	fmh9c2k	C	N
2020-04-05 03:46:56.241247	u/SnapshillBot	fmhahjc	u/Shreyas_Aaron	fva0g1	S	N
2020-04-05 03:47:09.221604	u/kenjiban696	fmhahll	u/Obi-wanna-cracker	fmgxvm5	C	I
2020-04-05 03:47:23.260151	u/unknowtheone	fmhahlq	u/RepostSleuthBot	fmgsd46	C	I
2020-04-05 03:47:37.342835	u/SnapshillBot	fmhahm0	u/BeansliceAdvice	fva0dj	S	N
2020-04-05 03:47:50.287925	u/Matty2Napz	fmhahma	u/directinfo77	fmh9c2k	C	N
2020-04-05 03:48:04.415872	u/SnapshillBot	fmhahnc	u/JasonD_42	fva0bl	S	N
2020-04-05 03:48:18.425116	u/TacoOverlord69	fmhahp1	u/SurerCentuar	fmha87s	C	N
2020-04-05 03:48:31.383992	u/Stormblessed132	fmhahp0	u/xavythegod	fv97xw	S	N
2020-04-05 03:48:45.441207	u/SnapshillBot	fmhahpj	u/mrhnsmnckc	fva00s	S	N
2020-04-05 03:48:58.281878	u/SnapshillBot	fmhahqs	u/TrstnTrstnTrstn	fva002	S	N
2020-04-05 03:49:12.241811	u/TheBritishAced	fmhahra	u/ShutterClicc	fv9zzy	S	N
2020-04-05 03:49:26.408978	u/UnlawfulCrouton	fmhahrr	u/chivalrousguy11	fv81n8	S	I
2020-04-05 03:49:40.179509	u/SnapshillBot	fmhahsn	u/ShutterClicc	fv9zzy	S	N
2020-04-05 03:49:52.187095	u/DrBlowtorch	fmhahvf	u/Yellowdoesgaming	fv9vr8	S	N
2020-04-05 03:50:00.350447	u/UgandanSans1	fmhahxg	u/Venom_505	fv8fxt	S	N
2020-04-05 03:50:01.509690	u/AutoModerator	fmhahyo	u/kleksapa	fva1hv	S	N
2020-04-05 03:50:07.747502	u/SnapshillBot	fmhahyu	u/TheEGreatFish	fv9ze1	S	N
2020-04-05 03:50:15.626852	u/RodnyrUwU	fmhahyw	u/AshramZargrad	fv5klh	S	I
2020-04-05 03:50:21.831132	u/SnapshillBot	fmhai0z	u/deleted	fv9zav	S	N
2020-04-05 03:50:31.332921	u/Poortatoo	fmhai19	u/TheRealWinDexTer	fv7psm	S	I
2020-04-05 03:50:41.682874	u/edgy-potato-salad	fmhai1i	u/deleted	fv9dl5	S	N
2020-04-05 03:50:50.960873	u/SnapshillBot	fmhai2t	u/tamemeholic	fv9z59	S	N
2020-04-05 03:51:01.561571	u/birblover69420	fmhai36	u/viralagain	fv7zel	S	N
2020-04-05 03:51:10.780558	u/the_edgytexan	fmhai3v	u/Sean_oat	fmgpmdg	C	N
2020-04-05 03:51:22.194774	u/SnapshillBot	fmhai4b	u/mkhl2003	fv9z4u	S	N
2020-04-05 03:51:31.810294	u/AtomicKnight7431	fmhai53	u/AlchemyJug	fv3iak	S	I
2020-04-05 03:51:43.116745	u/TheBritishAced	fmhai5w	u/ShutterClicc	fv9zzy	S	N
2020-04-05 03:51:54.454052	u/SnapshillBot	fmhai61	u/Anx55zaa	fv9yvv	S	N
2020-04-05 03:52:04.739508	u/SnapshillBot	fmhai7m	u/reeceredreddit	fv9yv3	S	I
2020-04-05 03:52:16.058281	u/SnapshillBot	fmhai9x	u/uhf26	fv9ysj	S	N
2020-04-05 03:52:24.361957	u/theocelotslayuh	fmhaicr	u/Virgil397	fv9s4r	S	N
2020-04-05 03:52:36.628693	u/Serpentshand1	fmhaicz	u/Fire_Squad475	fmguu8e	C	N
2020-04-05 03:52:44.822148	u/I_love_potatoes_1234	fmhaidb	u/Byjayen123	fv9nnu	S	I
2020-04-05 03:52:56.164283	u/SnapshillBot	fmhaid8	u/LoGidudu	fv9yqt	S	N
2020-04-05 03:53:05.391987	u/DecrepitDemon	fmhaie0	u/mrpampersisgood	fv9rd0	S	I
2020-04-05 03:53:17.713673	u/SnapshillBot	fmhaiey	u/i-am-sammy-lawrence	fv9yq2	S	N
2020-04-05 03:53:26.922501	u/xFlx_	fmhaifr	u/BeansliceAdvice	fva0dj	S	N
2020-04-05 03:53:38.293625	u/Mindustry-player	fmhaig6	u/Anx55zaa	fv9yft	S	N
2020-04-05 03:53:49.581541	u/SnapshillBot	fmhaigy	u/whatamehlife	fv9ynr	S	I
2020-04-05 03:54:00.044958	u/Your_Golden_TrAsH_01	fmhaih9	u/MahaMedic	fv8jdd	S	I
2020-04-05 03:54:10.253623	u/SnapshillBot	fmhaiiy	u/amenotekijara	fv9yml	S	N
2020-04-05 03:54:22.385178	u/Vanguardian7	fmhaijl	u/Muti248	fv2jg1	S	N
2020-04-05 03:54:34.659512	u/SnapshillBot	fmhaikg	u/Anx55zaa	fv9yft	S	N
2020-04-05 03:54:48.908734	u/SurerCentuar	fmhaikm	u/TacoOverlord69	fmhahp1	C	N
2020-04-05 03:55:00.020460	u/fuzfy	fmhailu	u/boiling_hot_sperm	fmhafl1	C	N
2020-04-05 03:55:13.278401	u/SnapshillBot	fmhaim3	u/supermimipvp	fv9yfr	S	N
2020-04-05 03:55:27.554113	u/SnapshillBot	fmhainx	u/glitchnoob	fv9y81	S	I
2020-04-05 03:55:38.686758	u/SnapshillBot	fmhaipc	u/roncastelino	fv9y5m	S	I
2020-04-05 03:55:51.923943	u/Katweb88	fmhaiqd	u/amenotekijara	fv9yml	S	N
2020-04-05 03:56:04.177330	u/SnapshillBot	fmhairb	u/tomstnd	fv9y3f	S	N
2020-04-05 03:56:29.441990	u/HyperVexed	fmhairr	u/CatsAndCreamCheese	fmh52qj	C	I
2020-04-05 03:56:45.591794	u/XDEVASKYLINEXD	fmhais9	u/yoyoboyo95	fuyqp2	S	N
2020-04-05 03:56:56.578428	u/SnapshillBot	fmhaisu	u/Anx55zaa	fv9y35	S	N
2020-04-05 03:57:10.536768	u/LeBoi124	fmhait9	u/SlushGT	fmh71qp	C	N
2020-04-05 03:57:26.719236	u/SnapshillBot	fmhaiud	u/setmee	fv9y29	S	N
2020-04-05 03:57:44.062036	u/SnapshillBot	fmhaivz	u/BruhNoob	fv9xqb	S	I
2020-04-05 03:58:00.507083	u/monachia	fmhaiwb	u/osasuna	fv6rxe	S	N
2020-04-05 03:58:16.519274	u/axemaan	fmhaiww	u/mrhnsmnckc	fva00s	S	N
2020-04-05 03:58:33.684718	u/StarManOMG	fmhaix5	u/alonelysaber-returns	fv9ajr	S	N
2020-04-05 03:58:50.804054	u/xFlx_	fmhaixo	u/xFlx_	fmhaifr	C	N
2020-04-05 03:59:07.681015	u/Master_Jamez	fmhaixq	u/Mr-360	fv4g41	S	N
2020-04-05 03:59:23.545261	u/SnapshillBot	fmhaiy0	u/ThatRandomGuy670	fv9xoa	S	I
2020-04-05 03:59:40.244176	u/kaboomaster09	fmhaizv	u/DeRealBatman	fmh7sso	C	N
2020-04-05 03:59:54.951923	u/SnapshillBot	fmhaj01	u/LoGidudu	fv9xmp	S	N
2020-04-05 04:00:01.145432	u/SnapshillBot	fmhaj31	u/Sposidon	fv9xl2	S	N
