2020-04-07 07:00:20.763175	u/stevanmilo	fmof052	u/J3sush8sm3	fmo6oop	C
2020-04-07 07:00:29.325865	u/lalalicious453-	fmof06f	u/well-documented_weeb	fmoevqq	C
2020-04-07 07:01:20.976367	u/JovanReddit4556	fmof12f	u/Pipsqueak8908	fmo1o70	C
2020-04-07 07:01:48.371681	u/big-boy1234	fmof1hb	u/Sir_Nicholas_4	fmoabqh	C
2020-04-07 07:02:10.997037	u/robyn_or_jayden	fmof22i	u/bolto04	fmoene3	C
2020-04-07 07:02:23.762232	u/SirNeftal	fmof2d7	u/sammyiwas	fmnp2xp	C
2020-04-07 07:02:33.202763	u/NoaVelghe	fmof2mn	u/Jebsj	fmoetyd	C
2020-04-07 07:02:46.833887	u/xXEdgydemonlordXx	fmof30j	u/ar363_	fmoez1w	C
2020-04-07 07:05:20.600344	u/AcoHead	fmof5jo	u/Dood71	fmo9ma3	C
2020-04-07 07:05:22.790291	u/Deadgun76	fmof5r8	u/RedEagle_	fmoet0u	C
2020-04-07 07:05:29.652146	u/Infestrus	fmof5rf	u/ViperHavoc742	fmoew6z	C
2020-04-07 07:05:54.147684	u/gepard_27	fmof697	u/TrikStari	fmoclxm	C
2020-04-07 07:06:06.081408	u/SomeRandom_boi	fmof6hc	u/LordOfPhantoms	fmof60a	C
2020-04-07 07:07:56.601609	u/SomeRandom_boi	fmof93m	u/LordOfPhantoms	fmof8e4	C
2020-04-07 07:08:19.313469	u/Gauldur04	fmof9uy	u/EeveeAnti	fmof85n	C
2020-04-07 07:08:37.131446	u/auh_dam	fmofa0c	u/gu4c4m0l3n1bb4	fmoaup8	C
2020-04-07 07:09:15.139379	u/likelytripping	fmofb1h	u/languish24	fmnex8b	C
2020-04-07 07:10:35.678190	u/Funky8oy	fmofdz2	u/Elamet	fmoe2tn	C
2020-04-07 07:10:38.988930	u/todellagi	fmofe4n	u/ThePhantomRaven	fmocf2k	C
2020-04-07 07:10:50.483029	u/_04nora	fmofe78	u/HolyLoafOfBread	fmnzogd	C
2020-04-07 07:13:18.137323	u/ursamaJoR201	fmofg94	u/MC_CoolKid	fmk259v	C
2020-04-07 07:13:49.030169	u/blade2ring	fmofgs3	u/game69420	fmof3xy	C
2020-04-07 07:14:41.440225	u/fatjaygaming	fmofibc	u/hotpotatodude	fm9vt47	C
2020-04-07 07:14:58.998436	u/JANICKGMO_	fmofikj	u/YammiSann	fmmw98k	C
2020-04-07 07:15:09.305722	u/Deltha05	fmofix9	u/sammyiwas	fmnp2xp	C
2020-04-07 07:15:22.299441	u/youlandlordsucks	fmofj7w	u/An0N-3-M0us3	fmmxr4h	C
2020-04-07 07:15:29.037201	u/ineedmorebeavers	fmofjb5	u/RaDaR_LeviLawliet	fmoe2vg	C
2020-04-07 07:16:05.615341	u/thomasryfth	fmofk1r	u/Sun_Beams	fmo99rk	C
2020-04-07 07:16:49.925008	u/VladkoDreamy	fmoflb0	u/invinz524	fmodj9b	C
2020-04-07 07:16:55.703478	u/chevo21	fmoflek	u/u01aua1	fmof82w	C
2020-04-07 07:17:49.553396	u/starlordbitch136	fmofn5z	u/my-love-come-back	fmoaz25	C
2020-04-07 07:19:19.677290	u/MultiWichu	fmofr6c	u/DatboiGrindlewald	fmmide0	C
2020-04-07 07:19:44.739660	u/megan_liem	fmofsa6	u/chevo21	fmoflek	C
2020-04-07 07:19:48.662513	u/Stycore	fmofsb2	u/Aquamic	fmo93nx	C
2020-04-07 07:21:21.042459	u/stinkmybiscut	fmofukc	u/BobTheCoolRock	fmofl21	C
2020-04-07 07:21:49.638424	u/xDays172	fmofut0	u/depressed_idiot_69	fmoef5n	C
2020-04-07 07:22:19.225986	u/demolishedcook	fmofvc0	u/Tjor2	fmobm5h	C
2020-04-07 07:23:28.546310	u/MythicalsLegendaries	fmofx09	u/Bluegriffin0999	fmofvlc	C
2020-04-07 07:24:49.981020	u/Freynir	fmofykp	u/RepostSleuthBot	fmobuog	C
2020-04-07 07:25:09.107307	u/Otherversian-Elite	fmofyyx	u/Vergnossworzler	fmoatpw	C
2020-04-07 07:25:23.517715	u/Mehroli	fmofz93	u/Demon_Lord_Will	fmodfig	C
2020-04-07 07:25:55.855800	u/TokitaOhuma	fmofzy2	u/Bierbart12	fmoe52v	C
2020-04-07 07:26:46.129070	u/bjurnator	fmog0zo	u/chevo21	fmo8r1f	C
2020-04-07 07:27:44.765956	u/TheNonchalantZealot	fmog281	u/renoraid	fmo8zbz	C
2020-04-07 07:27:51.158399	u/iBabTv	fmog2j2	u/IvyTheWolf	fmog18q	C
2020-04-07 07:29:22.747208	u/x10102	fmog57s	u/gimme_the_sauce69	fmoceds	C
2020-04-07 07:29:30.294051	u/watermelon503	fmog5gz	u/mrstealyogrill1723	fmoeqaf	C
2020-04-07 07:30:01.468343	u/titch667	fmog718	u/John_Aggel	fmofv70	C
2020-04-07 07:31:00.377882	u/EmbarrassedContact	fmog8jj	u/youlandlordsucks	fmofmpm	C
2020-04-07 07:31:51.004649	u/BalkanGold	fmog9l8	u/studio_ss	fmoerlz	C
2020-04-07 07:32:37.244411	u/I_do_not_like_air	fmogaia	u/DarthJJAbrahams	flafpo4	C
2020-04-07 07:32:43.743050	u/Hellomp7	fmogakn	u/CalpolAddict	fmnhdx0	C
2020-04-07 07:33:16.101181	u/Cjackson7419	fmogb5s	u/Hank-the-ninja	fmo76wi	C
2020-04-07 07:35:22.539828	u/Torian_Grey	fmoge5p	u/Nicknamedreddit	fmnrbq0	C
2020-04-07 07:35:39.930559	u/ShrekkingHandsome	fmogeby	u/garry7777	fmof6sf	C
2020-04-07 07:37:14.187953	u/legendsplayminecraft	fmoggcr	u/Evliv	fmnbe2j	C
2020-04-07 07:38:12.285230	u/Claudio1054	fmoghrq	u/RepostSleuthBot	fmogged	C
2020-04-07 07:39:01.527439	u/rialc40	fmogjfs	u/Brucemoose1	fmoghh5	C
2020-04-07 07:40:26.832841	u/Sullycapalot	fmogmby	u/shubhanshuojha	fmo6xmq	C
2020-04-07 07:41:21.712347	u/queenchanka	fmogo2t	u/MyJelloJiggles	fmnx4mi	C
2020-04-07 07:41:25.051395	u/maverixxx	fmogo9l	u/chevo21	fmof2qm	C
2020-04-07 07:44:45.053717	u/ScarletRoseLea	fmogrba	u/StoneyBroi	fmirrkx	C
2020-04-07 07:45:09.338899	u/Piguyisme	fmogrvu	u/GoudoogDraak	fmofmdn	C
2020-04-07 07:45:15.578554	u/Zebra03	fmogrxu	u/ProwlerPlayzYT	fmnzkki	C
2020-04-07 07:46:13.741996	u/LargePenis123	fmogsvo	u/extantbuffalo	fmof0k3	C
2020-04-07 07:46:55.052261	u/Cool-guy-667	fmogu53	u/cactusfrut	fmodxvx	C
2020-04-07 07:47:28.346754	u/tullystenders	fmogvad	u/personalbilko	fmoekf0	C
2020-04-07 07:47:46.155435	u/TheMaster10000	fmogvx2	u/Aidan8r	fmmmen8	C
2020-04-07 07:47:59.277612	u/_maxhodge_	fmogw29	u/loopsbrother2903	fmogujw	C
2020-04-07 07:48:15.712220	u/ElNorden	fmogwgs	u/Mr_W0osh	fmo5noh	C
2020-04-07 07:48:36.965406	u/whatisabaggins55	fmogxio	u/born-a-wolf7650	fmog107	C
2020-04-07 07:48:45.759356	u/randomname12_B	fmogxqp	u/whatsupusers	fmoca72	C
2020-04-07 07:49:04.080045	u/Jackheart31	fmogyb1	u/DustyDayz	fmoafrg	C
2020-04-07 07:49:25.804737	u/DaniilRomanovich	fmoiiah	u/Nazzron	fmoif6m	C
2020-04-07 07:49:44.171092	u/Sincerely_ChknWng	fmoiiy7	u/Ediblemilk	fmoi2l0	C
2020-04-07 07:49:54.505679	u/MrBeard17	fmoij79	u/RepostSleuthBot	fmobluj	C
2020-04-07 07:50:10.259579	u/EvenlyTasteless	fmoik9x	u/Charamit	fmoht5x	C
2020-04-07 07:51:07.576665	u/basementboiiii	fmoilab	u/TrikStari	fmoij2k	C
2020-04-07 07:52:08.278367	u/DuctTapeOrWD40	fmoim70	u/MrsHDG	fmnvs7i	C
2020-04-07 07:52:34.645829	u/dextrejp	fmoimss	u/GrimRover	fmnr3t1	C
2020-04-07 07:52:40.087200	u/vikalp180	fmoin4j	u/Grand_Ray_Cero	fmm2wk8	C
2020-04-07 07:54:39.483352	u/SmilingSadist1	fmoipk3	u/godofthedevil	fmobx08	C
2020-04-07 07:55:45.484106	u/pastadry	fmoiquv	u/Patser21	fmo786k	C
2020-04-07 07:56:03.370941	u/AlexandExe	fmoira3	u/Memstaah	fwgbsb	S
2020-04-07 07:57:05.764272	u/xd-Huggeh	fmoisoc	u/TheHighGround52	fmoippo	C
2020-04-07 07:57:19.097298	u/JU3EL101	fmoitbs	u/biffyboy13	fmo5k9j	C
2020-04-07 07:57:39.854123	u/xxjp206xx	fmoitjo	u/basementboiiii	fmoilab	C
2020-04-07 07:57:42.718109	u/MkMyBnkAcctGrtAgn	fmoitjv	u/GearismYT	fmobzkf	C
2020-04-07 07:57:53.919483	u/AlexandExe	fmoitxj	u/chevo21	fmoflek	C
2020-04-07 07:58:25.955539	u/SquashedPizza	fmoiuhm	u/gu4c4m0l3n1bb4	fmoaup8	C
2020-04-07 07:58:34.715896	u/Tjaresh	fmoiumv	u/Minibotas	fmo8a4s	C
2020-04-07 07:58:38.218924	u/lordofalldagames	fmoiuq1	u/Respect_Paying_Bot	fmoh2bt	C
2020-04-07 07:59:12.717961	u/Kopfgeld4	fmoivu3	u/ViperHavoc742	fmoew6z	C
2020-04-07 07:59:44.050879	u/someguylol5	fmoiwlg	u/NebbaFin	fmoisje	C
