2020-03-30 22:00:06.812070	u/Snorklesnake	flzais5	u/Alternative-Rise	fly13ee	C
2020-03-30 22:00:11.501175	u/Kasshi	flzaj78	u/pascale23	flz52o8	C
2020-03-30 22:00:17.800811	u/N64TEAM	flzajj6	u/DarkKnight42069	flyv1vy	C
2020-03-30 22:00:37.914858	u/MEE_DA_FISH	flzakhw	u/AutoModerator	flxk63n	C
2020-03-30 22:00:54.654387	u/PimpAssLlama	flzalli	u/Limbobutnomadara	flz7lzj	C
2020-03-30 22:01:32.840958	u/LittleShyt	flzao2g	u/Squid2228	flzadh3	C
2020-03-30 22:01:44.112054	u/nibrasakhi	flzaodv	u/BitPumpkin	flyssgh	C
2020-03-30 22:01:52.341055	u/Ip33dalil	flzaonh	u/AutoModerator	flyvhis	C
2020-03-30 22:02:16.560393	u/Seamuthewhale	flzapd2	u/06Grill	flz87h2	C
2020-03-30 22:03:02.595901	u/ZacksTracks	flzaqoo	u/chase016	flz4gck	C
2020-03-30 22:03:27.818767	u/M3meL0rd1	flzarxh	u/RepostSleuthBot	flz626n	C
2020-03-30 22:03:46.682908	u/red-the-blue	flzaslp	u/racerfree	flt21pt	C
2020-03-30 22:03:53.848837	u/thalliehh	flzasyf	u/DogeCoinNut22	flyq036	C
2020-03-30 22:04:10.299213	u/Mxa130_	flzatt8	u/Tru_Drone_Videos	flz9r3o	C
2020-03-30 22:04:17.552153	u/bluedefender777	flzatx9	u/Darth_Star_Vader	flz7dtx	C
2020-03-30 22:04:20.677408	u/MrJagaloon	flzatzf	u/fualtyzane	flz53rm	C
2020-03-30 22:05:13.192442	u/Stellar_Odyssey	flzawla	u/fatty_libtard	flzaurg	C
2020-03-30 22:05:44.488318	u/sanichog	flzayv0	u/disbandedhawk	flxp8ri	C
2020-03-30 22:06:03.215451	u/yo-boy-cactus	flzazqj	u/FreezeY7	flxol3w	C
2020-03-30 22:06:05.266183	u/Undecided139	flzazsy	u/JoeWaffles234	flz4duk	C
2020-03-30 22:06:08.064189	u/TillmanResearch	flzazvu	u/fualtyzane	flzatkl	C
2020-03-30 22:07:17.408722	u/Octechxx	flzb3uu	u/AutoModerator	flzapdp	C
2020-03-30 22:07:48.436237	u/PhoenixBeatsYT	flzb5ja	u/Nick_Azrael	flz975s	C
2020-03-30 22:07:55.461834	u/CoalforgeDevelopment	flzb5of	u/Sovietmeteor	flyorsp	C
2020-03-30 22:08:00.072198	u/AlpineCorbett	flzb5zy	u/Goose_liver_pate	flz9dk7	C
2020-03-30 22:08:26.969752	u/_solvecoagula_	flzb7hk	u/Adolfoz	flzau99	C
2020-03-30 22:08:41.983752	u/Swisslex3009	flzb8az	u/Frylemons	flx34gn	C
2020-03-30 22:08:56.487845	u/Giuls91	flzb8sw	u/masterofyourhouse	flz1kd9	C
2020-03-30 22:09:21.968696	u/leicholy	flzbbun	u/DragonMaster109	flyzeh0	C
2020-03-30 22:09:41.463783	u/DogsBlimpsShootCloth	flzbe2m	u/OrionParadox	flz0b1s	C
2020-03-30 22:09:56.217895	u/imperialivan	flzbetm	u/___Hobbes	flx4mo2	C
2020-03-30 22:09:57.394908	u/nicerazer	flzbf1b	u/TheLatitude	flz053n	C
2020-03-30 22:09:59.727634	u/Aintneverdonenothin	flzbfss	u/beaverkc	flz2h0r	C
2020-03-30 22:10:00.155749	u/Jeedanlmfao	flzbfvk	u/DarkWolfJace	flx1bzb	C
2020-03-30 22:10:06.225896	u/Icyinfernal	flzbfyo	u/-Tyrone-Biggums-	flzb3wz	C
2020-03-30 22:10:19.950393	u/WillingTumbleweed5	flzbgkn	u/ThiccBepissss	flz9cfh	C
2020-03-30 22:10:34.833219	u/lordshreknos	flzbhak	u/justcallmelab666	flz1m0t	C
2020-03-30 22:10:44.530575	u/Mari_Ackerman	flzbhr0	u/whenUrealizeIt	flz80cy	C
2020-03-30 22:11:17.241725	u/20cmshlong	flzbjcn	u/DogeCoinNut22	flyq036	C
2020-03-30 22:11:19.490698	u/frenchtoast-mafia	flzbjgb	u/legendfire24	flyvrkm	C
2020-03-30 22:12:15.965602	u/2truthsandalie	flzbmmn	u/MellyNinj	flz8nn0	C
2020-03-30 22:12:32.083857	u/MarkusTheGecko	flzbnfj	u/BakulaSelleck92	flxpefr	C
2020-03-30 22:12:53.842289	u/nmsiscool	flzbonp	u/striped-pony	flzaqhf	C
2020-03-30 22:13:00.477192	u/jeffomate	flzbp1h	u/RepostSleuthBot	flyshl8	C
2020-03-30 22:13:08.267956	u/Mishuev	flzbpch	u/69Deckerspawn	flzbnxa	C
2020-03-30 22:13:10.461975	u/Fake_Chopin	flzbpdn	u/Moetoefoeka	flyycu0	C
2020-03-30 22:13:46.085731	u/CleanseMyDemons	flzbqmu	u/AredEagle15	flywi2e	C
2020-03-30 22:13:52.925054	u/joe_groves_04	flzbqt4	u/ireallywanttogiveup	flz5xt7	C
2020-03-30 22:13:58.149119	u/gongolongo123	flzbqzj	u/Gears_of_Noobs	flylsd4	C
2020-03-30 22:14:04.189433	u/SouthRabbit	flzbrb1	u/fualtyzane	flzbk2p	C
2020-03-30 22:14:27.340957	u/suckmyslab	flzbsde	u/phaze115	flz64nw	C
2020-03-30 22:14:33.568557	u/awesomelucas18	flzbsik	u/PresidentXanders	flyvzgt	C
2020-03-30 22:14:57.740616	u/Tommy_vr	flzbtdq	u/RepostSleuthBot	flz9wb0	C
2020-03-30 22:15:28.092187	u/Treenut1	flzbuz2	u/Darklord0007	flzb7gd	C
2020-03-30 22:15:40.643200	u/MoreOpposite	flzbw1t	u/Demoneastz	flt7x49	C
2020-03-30 22:16:24.663567	u/fadetoblack1106	flzbygr	u/BloonsPopper_-	flyliet	C
2020-03-30 22:16:32.054262	u/A26lolheart	flzbzdt	u/maninblakkk	flyp507	C
2020-03-30 22:16:47.316811	u/xaphans	flzc00k	u/beaverkc	flz2h0r	C
2020-03-30 22:16:58.626202	u/Wickeddweller	flzc0cd	u/DeadeyeLan	flyyqi4	C
2020-03-30 22:17:30.374115	u/zaphod_beeblebrox6	flzc1vd	u/bagagge	flywdqp	C
2020-03-30 22:17:36.300651	u/Jbon16	flzc23u	u/iwanteddiacriticals	flywifn	C
2020-03-30 22:17:50.911597	u/EM939	flzc2yz	u/PsyberN	fly8o4z	C
2020-03-30 22:18:28.806432	u/minicoop20048	flzc4y2	u/lilchonk69	flzbfdp	C
2020-03-30 22:18:31.836610	u/Moo58	flzc54w	u/Auto-ZonedOut	flz8al8	C
2020-03-30 22:18:53.320277	u/foxhound012	flzc7ax	u/finnikarma2431	flz3etk	C
2020-03-30 22:19:14.988270	u/Username16941379	flzc8tp	u/Lobster_The_Mobster	flzb534	C
2020-03-30 22:19:30.203041	u/KuntasHeart	flzcaci	u/i_require_sustinance	flzc61f	C
2020-03-30 22:19:44.715191	u/LineLogicWeb	flzcblj	u/Warheadd	flz57ht	C
2020-03-30 22:19:48.210624	u/whatwhatwhat59	flzcce9	u/beaverkc	flza089	C
2020-03-30 22:19:49.686432	u/Rice_Noodal	flzccje	u/KritzKriegMM	flz67fm	C
2020-03-30 22:20:15.036250	u/_MindFlayer	flzcdn1	u/Maximum_27	flxyris	C
2020-03-30 22:20:29.991700	u/nvincent	flzcelz	u/Limbobutnomadara	flz6en8	C
2020-03-30 22:20:52.943426	u/JLoJkYViaJ	flzcfkq	u/Stuck-Avatar	flxwxep	C
2020-03-30 22:21:48.318758	u/TheoVonSkeletor	flzci7z	u/jishkrabs	flyzaig	C
2020-03-30 22:22:40.029968	u/DOUGH-P	flzckhr	u/Endersgaming4066	flyb5wz	C
2020-03-30 22:22:45.929318	u/Pankeki2	flzckzc	u/Lihuman	flzb6a3	C
2020-03-30 22:23:11.974930	u/F1-Dank-Fang	flzcmpz	u/FoSchmizzle	flz8wox	C
2020-03-30 22:23:19.119417	u/Gimbard	flzcn3j	u/mrgopher17	flzceq9	C
2020-03-30 22:23:32.593193	u/Milk_ManxX	flzcnrr	u/huntergoo	flz60f6	C
2020-03-30 22:24:04.369253	u/Greyphalen	flzcp56	u/PineappleOnChildren	flzc3yf	C
2020-03-30 22:24:18.310353	u/xxenonexxo	flzcpua	u/MrProbation	flzbbyd	C
2020-03-30 22:24:52.262067	u/kawaii22	flzcru6	u/BirdieBronze	flz8kj4	C
2020-03-30 22:24:57.977169	u/TobertRohnson	flzcrw9	u/LegaciesFan666	flza2u7	C
2020-03-30 22:25:37.546277	u/SuperOmegaMemeLord	flzctsi	u/Respect_Paying_Bot	flzcoa0	C
2020-03-30 22:25:59.749144	u/Bowens1993	flzcv5r	u/fualtyzane	flzbbas	C
2020-03-30 22:26:08.683039	u/proxdy	flzcvl7	u/Frylemons	flws4cj	C
2020-03-30 22:27:12.333921	u/NowaiAma	flzczts	u/finnikarma2431	flzbckg	C
2020-03-30 22:27:21.728449	u/GuessImAlex	flzd0gv	u/fualtyzane	flz4b20	C
2020-03-30 22:27:34.423572	u/Deeliciousness	flzd1gz	u/finnikarma2431	flz3etk	C
2020-03-30 22:27:36.085602	u/Czarked_the_terrible	flzd1ik	u/ForestOfScreams	flzazfl	C
2020-03-30 22:27:40.962508	u/LeRedditB0i	flzd1jy	u/mc-person	flzb5ey	C
2020-03-30 22:28:00.376924	u/Sniaght	flzd2cu	u/KeepMeFrosty	fly5c1g	C
2020-03-30 22:28:06.583548	u/C0OkieJar	flzd2uw	u/RamblerTheGambler	flywxcz	C
2020-03-30 22:28:44.085224	u/JG_92	flzd5x0	u/1984IsBook	fs3iio	S
2020-03-30 22:28:52.856670	u/K0muu	flzd6i7	u/fualtyzane	flzcq06	C
2020-03-30 22:29:17.538095	u/Menosqueuno	flzd88j	u/mrgopher17	flzceq9	C
2020-03-30 22:29:22.794387	u/EdgaR1200	flzd8kf	u/phaze115	flzapxt	C
2020-03-30 22:29:57.770504	u/shawn0908	flzdb7b	u/AutoModerator	flzczk5	C
2020-03-30 22:30:08.710829	u/Jack00034	flzdbp6	u/RepostSleuthBot	flzd6w3	C
2020-03-30 22:30:11.135602	u/amateurgameboi	flzdbpf	u/JakeBo16	fkohjfo	C
2020-03-30 22:30:18.372603	u/Tsunam0	flzdbyp	u/fualtyzane	flzcq06	C
2020-03-30 22:30:45.559000	u/Le_T4rd	flzddm2	u/JMacFlint	flzdbfy	C
2020-03-30 22:30:59.111482	u/Sauce_Of_The_Grape	flzdecq	u/VendadneV	flythgd	C
2020-03-30 22:31:22.048608	u/Dr_Cheek_Clapper	flzdevy	u/beaverkc	flza089	C
2020-03-30 22:31:41.589781	u/themoonrulz	flzdfs8	u/shawn0908	flzdb7b	C
2020-03-30 22:31:48.534977	u/A_botello	flzdg31	u/Mxa130_	flzdb2z	C
2020-03-30 22:32:03.983264	u/bossladyfaithdg	flzdgmw	u/Meme_Lord42021	flz6kgi	C
2020-03-30 22:32:06.229280	u/vulvalociraptor	flzdgo3	u/DogeCoinNut22	flz4dnf	C
2020-03-30 22:32:21.134532	u/Engel1111	flzdgwh	u/mmmmbeepbeepbeepbeep	fly5clf	C
2020-03-30 22:33:14.698931	u/DaveoftheMoon	flzdj0f	u/phaze115	flzapxt	C
2020-03-30 22:33:56.994394	u/J_Bongos	flzdll7	u/Mxa130_	flzdjm7	C
2020-03-30 22:34:26.591389	u/sorrynothuman	flzdmzq	u/Tru_Drone_Videos	flzbeuv	C
2020-03-30 22:34:34.222372	u/PimpleBuster69	flzdn6w	u/Wimpykid2302	flxg4gi	C
2020-03-30 22:34:37.411577	u/nameless1der	flzdnk6	u/Octechxx	flzd2v0	C
2020-03-30 22:36:28.714308	u/will_cameron	flzdt61	u/spinelisbeast	fl5svi5	C
2020-03-30 22:36:30.544013	u/captaindrakon	flzdtdh	u/Andexm	flzdktq	C
2020-03-30 22:36:37.683014	u/Tha-KneeGrow	flzdty8	u/Tru_Drone_Videos	flz57if	C
2020-03-30 22:36:44.734179	u/Suibeew	flzduan	u/A_team_of_ants	flzar21	C
2020-03-30 22:36:59.992410	u/Ravingtux26	flzdv69	u/DogeCoinNut22	flz4dnf	C
2020-03-30 22:37:15.583427	u/Cruxion	flzdwma	u/Calebboarding	flz8pge	C
2020-03-30 22:37:28.074515	u/AshTD25	flzdxcb	u/UsernameIDKwhy	flz7g3h	C
2020-03-30 22:37:30.541986	u/ZiraelN7	flzdxg2	u/Wimpykid2302	flxczi9	C
2020-03-30 22:37:34.401480	u/eastwesterntribe	flzdxpm	u/Moetoefoeka	flyycu0	C
2020-03-30 22:37:37.858720	u/C0ngr4du14710n5	flzdxuw	u/LuisNeedsHelp	flzcvuq	C
2020-03-30 22:37:49.572971	u/dr_john_twinkletits	flzdybd	u/frenchtoast-mafia	flzbjgb	C
2020-03-30 22:37:53.565926	u/mayaseye	flzdyk7	u/DogeCoinNut22	flyq036	C
2020-03-30 22:38:02.294710	u/edenpaz	flzdyv0	u/PrestigeBoi	flzdihs	C
2020-03-30 22:38:23.627659	u/whysomuchtalkingtho	flze00m	u/DogeCoinNut22	flyq036	C
2020-03-30 22:38:25.786768	u/Chewietheshiba	flze06l	u/Larry507	flzdyyn	C
2020-03-30 22:38:50.745948	u/SD_Elite619	flze1ji	u/beaverkc	flz2h0r	C
2020-03-30 22:38:51.976001	u/StevenTGJ	flze1kt	u/AredEagle15	flywi2e	C
2020-03-30 22:38:55.354769	u/zstevens1	flze1qc	u/OrionParadox	flz0b1s	C
2020-03-30 22:39:06.422105	u/Cakeboy327	flze2eh	u/Speed212	flzbi3v	C
2020-03-30 22:39:28.063042	u/treebushkiddo	flze3f1	u/Seanmamasde	fl8jdmx	C
2020-03-30 22:39:57.374214	u/cool-guy6457	flze6vy	u/Chewietheshiba	flze06l	C
2020-03-30 22:39:59.665396	u/XxXGamerProXxXx	flze7fg	u/Unmeng	flxstiq	C
2020-03-30 22:40:05.298714	u/ontheiphonethistime	flze7vd	u/lupodipy	flz5w0a	C
2020-03-30 22:40:12.450190	u/Narutardop14	flze8gr	u/Shotgunknight	fkwxdyu	C
2020-03-30 22:40:22.710178	u/Ricmills9	flze8pu	u/PsyberN	fly8o4z	C
2020-03-30 22:40:46.157216	u/HALAL_HER0	flze9it	u/AidanOrsargos	fly3cop	C
2020-03-30 22:41:02.856172	u/catfaty1	flzeaan	u/b_lightning	flwqn5o	C
2020-03-30 22:42:38.801422	u/Kendrick2600	flzeell	u/Adzumin	flz27jq	C
2020-03-30 22:42:41.022876	u/Boslaviet	flzeeof	u/Memes_Castor	flywmnd	C
2020-03-30 22:42:43.199774	u/radman42069	flzeeov	u/Nooblord29	flz44o3	C
2020-03-30 22:42:45.443370	u/IDahbear	flzeeq1	u/potato_lord_ozai	flxwbkx	C
2020-03-30 22:43:08.719079	u/Deminho	flzefc2	u/kshitij1010	flym3e6	C
2020-03-30 22:43:23.823705	u/BillyYank2008	flzefu9	u/a-snakey	flyll8v	C
2020-03-30 22:43:25.954074	u/readredditrededit	flzefua	u/Sparkd_Reddit	flzdxqi	C
2020-03-30 22:43:35.889874	u/SniperKat17	flzeg8p	u/kirsten_angeli	flzddg8	C
2020-03-30 22:43:39.140429	u/Topby	flzegb4	u/Enterprise_1701_D	flyy7rc	C
2020-03-30 22:44:06.959409	u/jacob858	flzehlz	u/Masterooo337	flze539	C
2020-03-30 22:44:17.138963	u/cpg100	flzehzx	u/MoustachePika1	flz36cl	C
2020-03-30 22:44:21.248326	u/IMakeRandomMemes	flzei3g	u/Natendrtfm	fly2ct5	C
2020-03-30 22:44:24.384963	u/Human120	flzei7i	u/VeryLuciD	flzbh65	C
2020-03-30 22:45:15.918349	u/Burrato	flzemhf	u/IdkYeetusDeletus69	flzdsqk	C
2020-03-30 22:45:18.868314	u/wakaguy	flzemrm	u/Opening-Bumblebee	flz7d8m	C
2020-03-30 22:45:40.108942	u/Talos1111	flzenzz	u/Supernova-581	flx6pu0	C
2020-03-30 22:46:02.518489	u/imheretolaughcry	flzepcd	u/LevusG	flwqiik	C
2020-03-30 22:46:14.153189	u/boopmeintothewell	flzepow	u/ihasafish	flxj95d	C
2020-03-30 22:46:30.484955	u/brendanandaphone	flzeqap	u/readredditrededit	flzefua	C
2020-03-30 22:46:35.929605	u/mundieJ	flzeqhr	u/DabbingIsSo2015	flz0cje	C
2020-03-30 22:46:47.304485	u/AgitatedQuiche	flzeqx3	u/AredEagle15	flywi2e	C
2020-03-30 22:46:50.719161	u/StealthPrison	flzer7z	u/J_Bongos	flzed8j	C
2020-03-30 22:47:07.446079	u/Quingul	flzes7s	u/EpicMemer100	flz568v	C
2020-03-30 22:47:46.773205	u/FullPew	flzeufw	u/fualtyzane	flz52xy	C
2020-03-30 22:47:51.740832	u/JDude13	flzev76	u/gongolongo123	flzbqzj	C
2020-03-30 22:47:56.396327	u/GalacticLettuce	flzevc3	u/mirthfultale	flz3gon	C
2020-03-30 22:48:04.747926	u/allissonnana	flzevr1	u/3_DX	flzbknm	C
2020-03-30 22:48:09.367495	u/wiskeywednesday05	flzew04	u/BirdieBronze	flz1v3k	C
2020-03-30 22:48:37.304664	u/SmokingDragonprince	flzexzl	u/h_diabetes	fru4vw	S
2020-03-30 22:48:40.168489	u/gaumeowtoan	flzeyf0	u/finnikarma2431	flzbckg	C
2020-03-30 22:48:50.679637	u/W-Doggy	flzeyve	u/randomcitizen2-0	flzdkp5	C
2020-03-30 22:49:06.113495	u/RancidSeeSaw420	flzf070	u/Nerdydude14	flzddnz	C
2020-03-30 22:49:14.860262	u/heccingname	flzf0ho	u/NotEnoughCream	flzdxhz	C
2020-03-30 22:49:21.042467	u/girrafe_of_arson	flzf113	u/AidanOrsargos	fly3cop	C
2020-03-30 22:49:22.684874	u/Eagle_GamingYT	flzf16g	u/Kfuf	flyuy9h	C
2020-03-30 22:49:33.895257	u/Gattfish	flzf2s8	u/okruina	flzepw2	C
2020-03-30 22:49:43.189357	u/DatHungryHobo	flzf3gi	u/Adzumin	flz27jq	C
2020-03-30 22:49:46.593311	u/KFCISEVIL	flzf3qh	u/AredEagle15	flywi2e	C
2020-03-30 22:49:49.413721	u/ZizBaja	flzf3vi	u/beaverkc	flzcmea	C
2020-03-30 22:49:50.199804	u/JoeMamaisMyDad	flzf3wz	u/leicholy	flzbbun	C
2020-03-30 22:49:52.519426	u/warface25	flzf4ac	u/boredlilbitch	flywtl1	C
2020-03-30 22:50:05.434663	u/abhishekbhandari1234	flzf5kd	u/Nerfherder_328	flzavut	C
2020-03-30 22:50:25.241604	u/Redditbean11	flzf6d5	u/MmmOxygenUWU	flz0owm	C
2020-03-30 22:50:36.072696	u/I_like_water2	flzf753	u/bobcat878	flyb2ip	C
2020-03-30 22:50:39.705981	u/CRY_IO	flzf78w	u/SkinOfChild	flyy0m3	C
2020-03-30 22:51:08.288331	u/jackerman1235	flzf8gx	u/Andexm	flzf7l1	C
2020-03-30 22:51:10.618905	u/thepastagodisreal	flzf8ln	u/2truthsandalie	flzbmmn	C
2020-03-30 22:51:15.287650	u/ChiccenNugits	flzf8tq	u/fualtyzane	flw8sxz	C
2020-03-30 22:51:19.957721	u/timisaangel	flzf95q	u/AidanOrsargos	flz592j	C
2020-03-30 22:51:28.589580	u/TheKrustyArdvark	flzf9i1	u/a_very_small_dude	fs4sh0	S
2020-03-30 22:52:17.675192	u/Emmett366	flzfcfp	u/i-dont-fuckin-knoe	flyqmlf	C
2020-03-30 22:52:22.921786	u/JOT304	flzfcij	u/GRAZLLY	flymqge	C
2020-03-30 22:52:36.159571	u/LightquickYT	flzfd4b	u/phaze115	flze564	C
2020-03-30 22:52:38.494830	u/Theatomone	flzfd4i	u/AredEagle15	flywi2e	C
2020-03-30 22:52:49.109353	u/Yiaskk	flzfdmf	u/IfANoseKnows	flz7z9m	C
2020-03-30 22:52:58.815363	u/Eryu24	flzfdzc	u/DragonMaster109	flyzeh0	C
2020-03-30 22:53:57.468360	u/syndicated_inc	flzfgnu	u/gongolongo123	flzc0ae	C
2020-03-30 22:54:00.658676	u/KhanMcG	flzfgsi	u/tom-n-that	flwmz2a	C
2020-03-30 22:54:09.282321	u/JAY2988	flzfhal	u/ZacksTracks	flzaqoo	C
2020-03-30 22:54:19.035640	u/ChadBroChill_69420	flzfhtr	u/AutoModerator	flykl9a	C
2020-03-30 22:54:22.747789	u/Avalonanon	flzfhwy	u/fualtyzane	flzcq06	C
2020-03-30 22:54:26.895492	u/carclain	flzfi7q	u/hippoking14	flyy0ww	C
2020-03-30 22:54:32.680226	u/Redninja1972	flzfibh	u/RepostSleuthBot	flza26k	C
2020-03-30 22:54:39.072972	u/ack952	flzfioj	u/allissonnana	flzevr1	C
2020-03-30 22:54:46.035825	u/Sangelve	flzfiti	u/Smartyman123	flypq4s	C
2020-03-30 22:54:53.244183	u/TheLastJoe	flzfjgk	u/Magvel_	flz4b0o	C
2020-03-30 22:55:05.948773	u/IWantMemesJoe	flzfjz0	u/AutoModerator	fly53s2	C
2020-03-30 22:55:25.210941	u/The_French_Spy	flzfknq	u/Cromanshaaaa	flz1pci	C
2020-03-30 22:55:28.232198	u/geir24	flzfkt5	u/DragonMaster109	flyzeh0	C
2020-03-30 22:55:42.885006	u/gods-least-favorite	flzfliw	u/Kale_____	flyby9v	C
2020-03-30 22:55:55.489492	u/thesnack1	flzflwo	u/RepostSleuthBot	flzf6lu	C
2020-03-30 22:56:01.447434	u/logs_are_nice	flzfm2p	u/RepostSleuthBot	flyshl8	C
2020-03-30 22:56:06.582190	u/Colorsncaffeine	flzfmf5	u/ezmoney98	flzcda4	C
2020-03-30 22:56:18.922418	u/giokinkla	flzfmrs	u/Jondog1	flzfgfd	C
2020-03-30 22:56:20.810799	u/MintyyFreshh1	flzfmxb	u/ietsietsiets	flxyyh7	C
2020-03-30 22:56:22.678054	u/link21058	flzfn03	u/jackerman1235	flzer8u	C
2020-03-30 22:56:30.433115	u/PM_ME_YOUR_WIRING	flzfnbc	u/thepastagodisreal	flzf8ln	C
2020-03-30 22:56:41.510910	u/ZiOnIsNeXtLeBrOn	flzfnjr	u/DerpyTyrantrum	flzamhq	C
2020-03-30 22:57:06.868610	u/johnthevikingjesus	flzfoeg	u/VibraniumDragonborn	fl5nrgn	C
2020-03-30 22:57:14.572786	u/DarkLeSpector	flzfoyk	u/The-Mythical-Phoenix	flzfkqr	C
2020-03-30 22:57:37.326477	u/Dovakiin24	flzfqcj	u/PsyberN	fly8o4z	C
2020-03-30 22:58:05.701957	u/Parzival090	flzfs0l	u/odoogan	flzfp8c	C
2020-03-30 22:58:35.543948	u/what_is_the_time_	flzftd1	u/ohiseebruh	fly5uz7	C
2020-03-30 22:58:39.756131	u/Mesmo217	flzftdp	u/jackerman1235	flzeu8f	C
2020-03-30 22:58:41.152986	u/King_Jake239	flzfte8	u/QueenHays	flzadef	C
2020-03-30 22:58:45.810681	u/my__escape	flzftnp	u/DarthJJAbrahams	flafpo4	C
2020-03-30 22:58:48.624411	u/austinchow7	flzftr0	u/Brandiesel88	flyoh3j	C
2020-03-30 22:58:56.761620	u/BabaYagaThe17th	flzfu5g	u/giokinkla	flzfcqp	C
2020-03-30 22:59:06.374004	u/urmomshouse123456789	flzfuuw	u/iulik123	flzeila	C
2020-03-30 22:59:28.191492	u/Svvaggersouls	flzfvwd	u/mrgopher17	flzffkr	C
2020-03-30 22:59:57.864861	u/jhiphopinh	flzfy02	u/adrekris	flz8qq8	C
2020-03-30 22:59:59.669392	u/Majorbucky333	flzfyp3	u/KamrunG_05	fly5z2h	C
