2020-04-04 15:00:02.819317	u/killuakun1995	fmfg6ph	u/grinshtain	fuxcwa	S	I
2020-04-04 15:00:15.441061	u/Bionic-Barnacle	fmfg6x7	u/CooleyBrekka	fmfcy80	C	I
2020-04-04 15:00:18.756228	u/UrTypicalRedditor	fmfg6yl	u/Swashbuckler7	furyfc	S	N
2020-04-04 15:00:30.189859	u/SnapshillBot	fmfg743	u/Togo34	fuz561	S	I
2020-04-04 15:00:39.032845	u/JuanSuales	fmfg761	u/Swerve06	furxiy	S	I
2020-04-04 15:00:43.258449	u/RattyRattyTatTat	fmfg769	u/life_is_gay_mp4	fuueh5	S	N
2020-04-04 15:00:55.817921	u/Dat_Dank_Duck93	fmfg7aw	u/nknadeem800	fupj2z	S	I
2020-04-04 15:01:03.002717	u/lWanderingl	fmfg7bq	u/DarkAmin	fmfg1qb	C	N
2020-04-04 15:01:12.331231	u/unhabbited	fmfg7ec	u/Cyrius_	fuyvyn	S	N
2020-04-04 15:01:21.586653	u/deathstroke2801	fmfg7ew	u/07_diDact	fuq5da	S	I
2020-04-04 15:01:33.566350	u/Jehsun	fmfg7ih	u/TheBazeur	fuqflt	S	I
2020-04-04 15:01:42.987009	u/Celeste_0211	fmfg7j1	u/king_cakes_the_fake	fuusp9	S	I
2020-04-04 15:01:54.311918	u/SnapshillBot	fmfg7l1	u/hellomister-itsme	fuz5b2	S	N
2020-04-04 15:02:08.761999	u/JPmax4	fmfg7l9	u/Hodlon2	fuz3g9	S	I
2020-04-04 15:02:16.916479	u/Rapier369	fmfg7ls	u/neonroli47	fmf7ypw	C	N
2020-04-04 15:02:29.292059	u/Dirtroads2	fmfg7n3	u/ThatWoodCD	fuxziw	S	I
2020-04-04 15:02:37.488532	u/SnapshillBot	fmfg7n7	u/Thijn12345	fuz59v	S	N
2020-04-04 15:02:49.296023	u/Vishnu224	fmfg7nt	u/Philipp_01	fuv27g	S	I
2020-04-04 15:03:10.809794	u/jimmydean885	fmfg7rr	u/Rogue_Legend_01	fmeohd5	C	I
2020-04-04 15:03:20.101107	u/Wonderful-Shake	fmfg7zr	u/Nid5ydr	fuvt7f	S	I
2020-04-04 15:03:31.452758	u/Mr_T_123	fmfg7zt	u/Slav_the_survivor_69	fuw6w7	S	I
2020-04-04 15:03:52.001204	u/wd58	fmfg82r	u/Fanmeme12345	fmfewqv	C	I
2020-04-04 15:04:05.283118	u/nostradamus_0	fmfg82x	u/erowidseeker	fmfflqj	C	N
2020-04-04 15:04:13.412759	u/SnapshillBot	fmfg857	u/deleted	fuz5e6	S	N
2020-04-04 15:04:26.799884	u/kreator_666	fmfg868	u/the_sumanth	fuwgly	S	I
2020-04-04 15:04:37.345574	u/Iltempered1	fmfg8c5	u/AReallyHugeDik	fup9qo	S	I
2020-04-04 15:04:59.291440	u/SnapshillBot	fmfg8nt	u/PunjabiMamba13	fuz5gg	S	I
2020-04-04 15:05:09.414948	u/mamamedic	fmfg8og	u/Hollow661	fuywca	S	N
2020-04-04 15:05:23.419635	u/WillDaBeast675	fmfg8q0	u/utkubaba9581	futfxj	S	I
2020-04-04 15:05:35.501325	u/Kaiser3130	fmfg8qi	u/bigdepress	fmfg63f	C	I
2020-04-04 15:05:45.561544	u/SnapshillBot	fmfg8qw	u/NET_Duo	fuz5fj	S	I
2020-04-04 15:05:59.828382	u/mega-oood	fmfg8ub	u/Felit-cz	fuypjr	S	N
2020-04-04 15:06:16.127178	u/porntipsguzzardobot	fmfg8xi	u/deleted	fuz5ii	S	N
2020-04-04 15:06:30.601549	u/darth_shivank	fmfg8y2	u/_jun_yi_	fuuisv	S	I
2020-04-04 15:06:42.557139	u/frostdemon34	fmfg8z5	u/Magius1954	fmf8cvb	C	I
2020-04-04 15:06:55.603075	u/Fusbsky	fmfg901	u/DiekeDrake	fmffrvm	C	N
2020-04-04 15:07:08.634320	u/MemesMod	fmfg90f	u/deleted	fuz5e6	S	N
2020-04-04 15:07:23.795602	u/bigdepress	fmfg92t	u/Goooodmorninggamers	fmdxbh6	C	I
2020-04-04 15:07:37.821381	u/Master_JBT	fmfg93j	u/smolssnek	fmfepcx	C	I
2020-04-04 15:07:49.715881	u/jr88fan	fmfg94n	u/Linvkz	fmffmb2	C	N
2020-04-04 15:08:01.896570	u/Kampffrosch_06	fmfg96b	u/Lieutenant-Sanders	fuuhsr	S	N
2020-04-04 15:08:15.967374	u/SnapshillBot	fmfg96l	u/deleted	fuz5jj	S	N
2020-04-04 15:08:28.941861	u/SnapshillBot	fmfg98r	u/Mewgame0192	fuz5j7	S	N
2020-04-04 15:08:40.693421	u/Bhawks489	fmfg9an	u/-GiantSlayer-	fmez77v	C	I
2020-04-04 15:08:53.877917	u/WitheredYT	fmfg9aq	u/Fybonsize	fuv1v5	S	N
2020-04-04 15:09:17.090994	u/HKPHANTOM67	fmfg9dm	u/Zamerel	fmfbq6y	C	I
2020-04-04 15:09:41.647794	u/lukG-bruh_guy123_	fmfg9dr	u/Swirling_Stars_333	fmffmnm	C	I
2020-04-04 15:09:54.260350	u/LHB38	fmfg9g9	u/space_ghost31	fuz1u5	S	I
2020-04-04 15:10:00.482191	u/Kalistropha	fmfg9h7	u/GR33NRU135	fmffbx3	C	N
2020-04-04 15:10:06.017239	u/BraddockVinz	fmfg9hf	u/Flubernugget4305	fmffus1	C	I
2020-04-04 15:10:08.185953	u/hackosn	fmfg9i1	u/chr9756	fmffrdj	C	N
2020-04-04 15:10:11.438456	u/ThatOneTurkishDude	fmfg9rb	u/aakash658	fux7k5	S	N
2020-04-04 15:10:14.574562	u/gusttuu	fmfg9sk	u/potatozceuncher	fmf60e6	C	N
2020-04-04 15:10:22.916105	u/apolloladdie	fmfg9sn	u/LupLush	fuz3v0	S	N
2020-04-04 15:10:30.226691	u/SnapshillBot	fmfg9wa	u/Sharizay	fuz5na	S	I
2020-04-04 15:10:39.607576	u/SnapshillBot	fmfg9yk	u/pacheasecake	fuz5lo	S	N
2020-04-04 15:10:45.851663	u/SnapshillBot	fmfga0s	u/bruhtaterdude1234	fuz5ll	S	I
2020-04-04 15:10:53.128582	u/1_Nysosis_1	fmfga3f	u/deleted	fuyblv	S	N
2020-04-04 15:11:08.781852	u/gusttuu	fmfga7k	u/Enderbro8632	fmeqhtl	C	I
2020-04-04 15:11:19.149846	u/MemesMod	fmfgabu	u/bruhtaterdude1234	fuz5ll	S	I
2020-04-04 15:11:25.389754	u/RepostSleuthBot	fmfgac8	u/RedditerOfThings	fuye64	S	N
2020-04-04 15:11:33.607445	u/Luc1_F0x	fmfgafg	u/JacobS_555	fmfg2ov	C	I
2020-04-04 15:11:43.961434	u/SnapshillBot	fmfgag2	u/Konfuze7	fuz5p3	S	I
2020-04-04 15:11:52.344488	u/gicupfunny	fmfgagp	u/Fanmeme12345	fuvlfo	S	I
2020-04-04 15:12:00.091243	u/ShxdowDuckie	fmfgagy	u/Swerve06	furxiy	S	I
2020-04-04 15:12:08.409758	u/Mr_W0osh	fmfgaig	u/Megabytelul	fuxojw	S	N
2020-04-04 15:12:18.665586	u/JSArrakis	fmfgajs	u/gingermadlad2002	fmfd5ve	C	I
2020-04-04 15:12:24.916024	u/ArtworldKing	fmfgall	u/AwareSpring708	fuyoyt	S	I
2020-04-04 15:12:35.822582	u/FROGblogs	fmfgap9	u/_jun_yi_	fuuisv	S	I
2020-04-04 15:12:43.987910	u/EMEYDI	fmfgas1	u/SoaringChard678	fuz4uc	S	N
2020-04-04 15:12:54.230076	u/bukaj40	fmfgav6	u/Lieutenant-Sanders	fmepj4o	C	N
2020-04-04 15:13:01.480114	u/ZyklonBFuhrer	fmfgb4y	u/SP1D3RK1D	fmfeye6	C	N
2020-04-04 15:13:11.443987	u/GR33NRU135	fmfgb56	u/TheEpic_1YT	fuvlhy	S	N
2020-04-04 15:13:18.672225	u/DwarfishGremlin	fmfgb5l	u/CrystalCandies	fuy1sb	S	N
2020-04-04 15:13:27.848485	u/ntplays	fmfgb6x	u/technocat_assasin	fmez8pf	C	I
2020-04-04 15:13:37.028217	u/nostradamus_0	fmfgb71	u/aries21___	fmf3sab	C	N
2020-04-04 15:13:43.195512	u/SnapshillBot	fmfgbbf	u/mrbrauk	fuz5w7	S	N
2020-04-04 15:13:51.321721	u/jdw221221221	fmfgbbm	u/devilsanusisonfire	fmeqfrr	C	N
2020-04-04 15:14:01.587152	u/MickeyTheNihilist	fmfgbco	u/overload_games	fuyg89	S	N
2020-04-04 15:14:10.806299	u/SnapshillBot	fmfgbdx	u/sliimmshadyy	fuz5w2	S	I
2020-04-04 15:14:20.083509	u/SlashSarcazm	fmfgbet	u/AnDigz1	fuxt35	S	N
2020-04-04 15:14:28.236002	u/hyperactief	fmfgbfa	u/Mastroid	fuz1em	S	N
2020-04-04 15:14:36.430021	u/_randomsadboy	fmfgbfh	u/life_is_gay_mp4	fuueh5	S	N
2020-04-04 15:14:43.500940	u/Hodlon2	fmfgbfp	u/JPmax4	fmfg7l9	C	I
2020-04-04 15:14:56.053328	u/tomtk421	fmfgbhw	u/AJ-Naka-Zayn-Owens	fupoyi	S	I
2020-04-04 15:15:04.146953	u/MemesMod	fmfgbju	u/mrbrauk	fuz5w7	S	N
2020-04-04 15:15:15.200633	u/R1ckk_	fmfgbkb	u/DiekeDrake	fmffrvm	C	N
2020-04-04 15:15:26.426153	u/Happy-Eevee	fmfgbl5	u/spoticals	fuv5ql	S	I
2020-04-04 15:15:37.554957	u/Swirling_Stars_333	fmfgbou	u/ygrhmn	fuysjb	S	I
2020-04-04 15:15:59.822391	u/DDKinz64	fmfgbt2	u/skate3pro	fmf2nai	C	I
2020-04-04 15:16:09.878575	u/SnapshillBot	fmfgbtn	u/AABattery0	fuz60o	S	N
2020-04-04 15:16:19.949599	u/RepostSleuthBot	fmfgbxj	u/aceari	fuy7k4	S	N
2020-04-04 15:16:31.010595	u/Smiec_Lodka_Lad	fmfgby7	u/ATOM_real	fmero9c	C	I
2020-04-04 15:16:40.993098	u/hellothere101x	fmfgc01	u/babblebam	fuwbm1	S	I
2020-04-04 15:16:52.158875	u/OG_Rahn_420	fmfgc0v	u/TheGreatNavjeet	fuslx1	S	I
2020-04-04 15:17:03.347766	u/everydaybro21	fmfgc23	u/polkalana	fuoft7	S	I
2020-04-04 15:17:16.416351	u/Trash4521	fmfgc25	u/its_lit_fam_yery	futlfz	S	N
2020-04-04 15:17:29.277622	u/Jivenn	fmfgc3l	u/BlackSkullG4L	fuyuq3	S	I
2020-04-04 15:17:39.992891	u/dryfer	fmfgc62	u/simbapande	fmfcaw5	C	N
2020-04-04 15:17:52.908931	u/lukG-bruh_guy123_	fmfgc8z	u/mmltrccn	fuyu7l	S	N
2020-04-04 15:18:05.887394	u/SnapshillBot	fmfgc9z	u/realsuperguy199	fuz61h	S	I
2020-04-04 15:18:15.502478	u/DiekeDrake	fmfgcd2	u/Fusbsky	fmfg901	C	N
2020-04-04 15:18:29.439621	u/Joproc997	fmfgcf8	u/ygrhmn	fuysjb	S	I
2020-04-04 15:18:42.234374	u/Physicslover01	fmfgcir	u/ThatWoodCD	fuxziw	S	I
2020-04-04 15:18:54.889150	u/hacjy	fmfgcom	u/faiz_149	fmfbntt	C	N
2020-04-04 15:19:07.386132	u/DrunkRedditBot	fmfgcqq	u/utkubaba9581	futfxj	S	I
2020-04-04 15:19:20.018544	u/showmebobsburgers	fmfgcrh	u/bobahazza	fmfg0ep	C	N
2020-04-04 15:19:33.859087	u/vsk77	fmfgcve	u/Fanmeme12345	fuvfek	S	I
2020-04-04 15:19:44.417303	u/Luget717	fmfgcwq	u/Darth_Senat66	fmfft3z	C	N
2020-04-04 15:19:56.210412	u/SnapshillBot	fmfgd1o	u/dragonlilly4	fuz687	S	N
2020-04-04 15:20:00.323805	u/Rahul_Surendra	fmfgd3e	u/2nd_Reddit_acc	fmeto5t	C	N
2020-04-04 15:20:01.552017	u/slothmoth2813	fmfgd5l	u/ian_j_burr	futsdn	S	I
2020-04-04 15:20:02.707367	u/AutoModerator	fmfgd6o	u/deleted	fuz6af	S	N
2020-04-04 15:20:07.230579	u/Juice173	fmfgdbs	u/-GiantSlayer-	fmez77v	C	I
2020-04-04 15:20:12.393245	u/I_Buendel_I	fmfgdez	u/LightStriderX	fmfcyvz	C	N
2020-04-04 15:20:20.725951	u/MemesMod	fmfgdf7	u/dragonlilly4	fuz687	S	N
2020-04-04 15:20:41.560078	u/Rumaan-2512	fmfgdfa	u/wolfdog2345	fmfbnu4	C	I
2020-04-04 15:20:47.982652	u/le_its_me	fmfgdfr	u/Ozzi4870	fuvu1o	S	N
2020-04-04 15:21:00.389892	u/SnapshillBot	fmfgdgf	u/leonardodp	fuz6a3	S	N
2020-04-04 15:21:06.585680	u/alexdaboss2003	fmfgdj9	u/Arkavari1	fmdftet	C	N
2020-04-04 15:21:17.864991	u/LucifersPeen	fmfgdp9	u/-GiantSlayer-	fmez77v	C	I
2020-04-04 15:21:25.092966	u/thatmurdergoose4u2	fmfgdti	u/July_iOS	fmfa3dn	C	N
2020-04-04 15:21:36.362512	u/ScorpionTheInsect	fmfgdum	u/CorndogCrusader	fmfg2gn	C	I
2020-04-04 15:21:46.817969	u/WellHelloThereHuman-	fmfgdv6	u/TDKG	fupt0q	S	I
2020-04-04 15:21:58.162719	u/SnapshillBot	fmfgdxt	u/Harlequin__	fuz6d9	S	I
2020-04-04 15:22:09.501962	u/SnapshillBot	fmfge0o	u/vobsvids32	fuz6cz	S	I
2020-04-04 15:22:39.681538	u/Isabelle24816	fmfimmz	u/Isabelle24816	fmfik69	C	N
2020-04-04 15:22:49.849935	u/vobsvids32	fmfimqg	u/LilHorseC	fmfik81	C	I
2020-04-04 15:22:59.025176	u/MemesMod	fmfimrh	u/Dani__19	fuzk6x	S	N
2020-04-04 15:23:11.929833	u/kamalyaka	fmfimrt	u/TheBazeur	fuqflt	S	I
2020-04-04 15:23:24.159534	u/SnapshillBot	fmfims3	u/SnickerBlue	fuzk7q	S	N
2020-04-04 15:23:51.266739	u/eaerickson	fmfimv0	u/marshmallow_fluff1	fme9dp2	C	I
2020-04-04 15:24:01.394199	u/SnapshillBot	fmfimv9	u/Dani__19	fuzk6x	S	N
2020-04-04 15:24:15.662183	u/SnapshillBot	fmfimy1	u/tony_thefapmonster	fuzk5w	S	I
2020-04-04 15:24:29.855723	u/Harry_Potter_51	fmfimzs	u/LunisolarLegumophile	fmfi8cw	C	N
2020-04-04 15:24:44.147329	u/SnapshillBot	fmfin17	u/thattanmay	fuzk5r	S	I
2020-04-04 15:24:53.189905	u/Samantha_39	fmfin40	u/cometxii	fmfgzq0	C	N
2020-04-04 15:25:06.413085	u/SnapshillBot	fmfin4x	u/jonraddd	fuzk5n	S	N
2020-04-04 15:25:17.503230	u/lukG-bruh_guy123_	fmfin51	u/FlakFlanker3	fuynag	S	I
2020-04-04 15:25:28.816660	u/itsyourmanagerboi	fmfin5l	u/Pickle-rickkkkk	fuq955	S	N
2020-04-04 15:25:39.869305	u/Jimmy_On_Steroids	fmfincv	u/Wug_is_a_bug	fmffssc	C	N
2020-04-04 15:25:50.891391	u/I_Buendel_I	fmfingz	u/Isabelle24816	fmfik69	C	N
2020-04-04 15:26:01.939545	u/robin_joker	fmfinjk	u/deleted	fuz1cv	S	N
2020-04-04 15:26:13.089398	u/SatanTheWise	fmfinou	u/Yeetsauc3	fuz7gg	S	I
2020-04-04 15:26:35.151939	u/Warriors-Wrath	fmfinqi	u/TheSaltyReddittor	fmfdy1q	C	I
2020-04-04 15:26:45.084082	u/ghost123awesome	fmfinre	u/memes_only_99	fmf74b0	C	I
2020-04-04 15:26:54.950725	u/NintendoStation4	fmfinrc	u/iXodre	fmfi176	C	I
2020-04-04 15:27:05.923698	u/xxnoriginalname69xx	fmfinvt	u/A-simple-metalhead	fmfi4h8	C	I
2020-04-04 15:27:13.768308	u/Not_Bekki	fmfinvx	u/hellagoodburger	fmfd1u3	C	N
2020-04-04 15:27:25.737707	u/Samantha_39	fmfinxe	u/NukeWifeGuy	fmfeu80	C	N
2020-04-04 15:27:34.786360	u/diggdogger	fmfio49	u/AuTiStIc_SpIdEr69	fuswlr	S	N
2020-04-04 15:27:46.989533	u/AppropriateBaseball7	fmfio6f	u/jollygreenscott91	fun4x6	S	I
2020-04-04 15:27:55.818236	u/Booji-Boy	fmfio7e	u/parell_fox	fundpy	S	N
2020-04-04 15:28:06.488689	u/ThePhantomRaven	fmfioey	u/Elementz033	fmezqs6	C	I
2020-04-04 15:28:18.221832	u/PleasentUsername	fmfiohc	u/bananapanorama3	fuzgf7	S	I
2020-04-04 15:28:30.032215	u/amgadmohamed06	fmfioik	u/AnDigz1	fuxt35	S	N
2020-04-04 15:28:42.723218	u/cookiemaster902	fmfioiv	u/utkubaba9581	futfxj	S	I
2020-04-04 15:28:54.256517	u/Isoanoid_slav	fmfiolf	u/Fidget_Jackson	fmf7exc	C	N
2020-04-04 15:29:11.127758	u/Amazing-Cool	fmfioly	u/leohabs077	fmfihc8	C	N
2020-04-04 15:29:23.952001	u/LeoniDOS_99	fmfioqv	u/MonsterDiotic	fuskyz	S	I
2020-04-04 15:29:33.855577	u/Vampire_Of_DeathMoon	fmfip3f	u/gay-blades	fuzjlo	S	N
2020-04-04 15:29:48.533666	u/Benkarl1	fmfip5q	u/Quija5000	fuzir3	S	I
2020-04-04 15:30:02.048768	u/1NightInBerlin	fmfip7r	u/babblebam	fuwbm1	S	I
2020-04-04 15:30:03.564813	u/alexander007007007	fmfipm7	u/princeofthedark0	fusemo	S	N
2020-04-04 15:30:07.709827	u/realsies11	fmfipqf	u/Smalsberrie	fmfbt4l	C	I
2020-04-04 15:30:23.317266	u/SchmuckMoses	fmfiptv	u/MyJelloJiggles	fmennek	C	I
2020-04-04 15:30:43.023931	u/The5thBeatle2020	fmfipww	u/ArandomIdiotOnReddit	fmfgrap	C	I
2020-04-04 15:30:54.948463	u/YeettNeett	fmfiq34	u/GameIsMyName12	fuuy3b	S	I
2020-04-04 15:31:03.147395	u/checho260303	fmfiqac	u/Esbanest	fmexapm	C	N
2020-04-04 15:31:14.802492	u/battleguy412	fmfiqc2	u/GameIsMyName12	fuuy3b	S	I
2020-04-04 15:31:25.257160	u/GreenDayFan8	fmfiqig	u/SaltySplatoon69	fuunug	S	N
2020-04-04 15:31:46.931846	u/MiCasali	fmfiqji	u/JacobS_555	fmfhlzx	C	I
2020-04-04 15:31:55.124487	u/Bruno_Perruno	fmfiql5	u/El_Burkako	fmf6e7m	C	N
2020-04-04 15:32:06.430657	u/robin_joker	fmfiqlc	u/Totendax12K	fuz12y	S	N
2020-04-04 15:32:15.666351	u/SnapshillBot	fmfiqmx	u/equinefecalmatter	fuzkuq	S	N
2020-04-04 15:32:26.051814	u/xKaqtuz	fmfiqn6	u/SleepyRabbitXVI	fuuvpw	S	I
2020-04-04 15:32:36.418326	u/supernick_144	fmfiqpc	u/Yeetsauc3	fuz7gg	S	I
2020-04-04 15:32:46.684207	u/SnapshillBot	fmfiqpn	u/Ornsteinfanboi	fuzks8	S	N
2020-04-04 15:32:57.957219	u/MAGIC_EYE_BOT	fmfiqqw	u/deleted	fuzksm	S	N
2020-04-04 15:33:07.142744	u/suicidemeteor	fmfiqre	u/2nd_Reddit_acc	fmeto5t	C	N
2020-04-04 15:33:18.412274	u/SnapshillBot	fmfiqsq	u/Surreallkill3r	fuzkrk	S	I
2020-04-04 15:33:28.993013	u/rose-to-rise	fmfiquu	u/PolishedTurd69	fuuy43	S	I
2020-04-04 15:33:38.228350	u/roliravioli78	fmfiqw9	u/Quija5000	fuzir3	S	I
2020-04-04 15:33:59.840400	u/T7Studios	fmfiqxf	u/Scorpionbutwithaface	fmfezsb	C	I
2020-04-04 15:34:11.092288	u/AutoModerator	fmfiqyx	u/deleted	fuzkz3	S	N
2020-04-04 15:34:22.292865	u/MOBIMANZ	fmfir01	u/LumberWand	fmewp3q	C	N
2020-04-04 15:34:30.452539	u/VaultyVaulty	fmfir19	u/binkers9000	fmfiiva	C	I
2020-04-04 15:34:40.642426	u/Gragog	fmfir2x	u/SpiderOniOS	fuywc7	S	I
2020-04-04 15:34:49.106229	u/SithMistress	fmfir5b	u/AnDigz1	fuxt35	S	N
2020-04-04 15:34:59.184390	u/ScreamingGoat25	fmfir80	u/Simon_dme	fmfgubj	C	N
2020-04-04 15:35:08.541300	u/Mont-Blanc	fmfir9t	u/Ozzi4870	fuvu1o	S	N
2020-04-04 15:35:18.710849	u/alkanon14	fmfiram	u/SnickerBlue	fuzk7q	S	N
2020-04-04 15:35:29.831217	u/Isabelle24816	fmfirau	u/I_Buendel_I	fmfingz	C	N
2020-04-04 15:35:39.297978	u/Danikaa33	fmfircl	u/Wichtel64	furdgy	S	I
2020-04-04 15:35:48.367993	u/LuckyNinja5	fmfirgx	u/Loose_with_the_truth	fmf2ww4	C	I
2020-04-04 15:35:58.836390	u/F1lm3rMan	fmfirmg	u/AnDigz1	fuxt35	S	N
2020-04-04 15:36:09.016268	u/ToasterStudios	fmfirs7	u/Ba1awii	fuzirx	S	I
2020-04-04 15:36:18.014007	u/Logical_Solution	fmfiru0	u/102IsMyNumber	fmfifgh	C	N
2020-04-04 15:36:30.364819	u/Krevin-from-heaven	fmfirwm	u/babblebam	fuwbm1	S	I
2020-04-04 15:36:39.790250	u/jsmith_92	fmfis0j	u/Philipp_01	fuv27g	S	I
2020-04-04 15:36:49.899848	u/MrOtter314	fmfis2t	u/Qvistenn	fuqjmi	S	I
2020-04-04 15:37:03.124530	u/Biiiiictooooor	fmfis4t	u/Slav_the_survivor_69	fuw6w7	S	I
2020-04-04 15:37:14.244961	u/Cheeseboy_123	fmfis8t	u/babblebam	fuwbm1	S	I
2020-04-04 15:37:27.667606	u/Not_Bekki	fmfisa0	u/_jun_yi_	fuuisv	S	I
2020-04-04 15:37:44.707386	u/oceanicdonut	fmfiscc	u/TDKG	fupt0q	S	I
2020-04-04 15:37:58.614263	u/Yeetsauc3	fmfisil	u/SatanTheWise	fmfinou	C	I
2020-04-04 15:38:14.605876	u/Yusuf_Badaway	fmfisjq	u/thesourceofthesauce	fuyqqv	S	N
2020-04-04 15:38:28.419253	u/benjamin32456	fmfispe	u/LawfullySinned	fuxppx	S	N
2020-04-04 15:38:39.852233	u/Phobia---	fmfisru	u/Alexby5201	fmfbnxh	C	N
2020-04-04 15:38:54.652907	u/conryan22	fmfisu5	u/Tiger0065	fuzega	S	N
2020-04-04 15:39:09.634471	u/SmgNimbus43	fmfisv3	u/NintendoStation4	fuvb66	S	I
2020-04-04 15:39:24.236907	u/Jumbo_Cactaur	fmfit19	u/malay4singh	fuyewg	S	I
2020-04-04 15:39:36.124340	u/clarinetist420	fmfit2w	u/jcepiano	fuzcsh	S	N
2020-04-04 15:39:47.053115	u/SnapshillBot	fmfit49	u/maudym	fuzl7s	S	I
2020-04-04 15:39:59.319186	u/Quija5000	fmfit8o	u/Benkarl1	fmfip5q	C	N
2020-04-04 15:40:00.436225	u/Ba1awii	fmfitiw	u/ToasterStudios	fmfirs7	C	I
2020-04-04 15:40:01.620122	u/Wh1ms1cal	fmfitjq	u/iS3ed	fmeq2x1	C	I
2020-04-04 15:40:15.477212	u/sansaofhousestark99	fmfkg3q	u/DevilHoboCousin	furkus	S	N
2020-04-04 15:40:23.786023	u/Huesan	fmfkg5v	u/Fermats-Last-Account	fuzsnk	S	N
2020-04-04 15:40:35.458062	u/Energizerbee	fmfkg7s	u/TheGreatNavjeet	fuslx1	S	I
2020-04-04 15:40:45.702946	u/Eragon10401	fmfkg8d	u/kiayssa	fmfdxvp	C	N
2020-04-04 15:40:56.020081	u/TOZ407	fmfkga7	u/me_is_god123	fuzeio	S	I
2020-04-04 15:41:14.668250	u/DankOne8	fmfkgas	u/Doggo_Tacos	fmfjnfn	C	I
2020-04-04 15:41:25.014508	u/OneofTheOldBreed	fmfkgav	u/SentinelSpirit	fuzbj3	S	N
2020-04-04 15:41:35.602118	u/Rainbow-nerds	fmfkgeo	u/babblebam	fuwbm1	S	I
2020-04-04 15:41:46.908962	u/Mohecan	fmfkgh1	u/sliimmshadyy	fuz5w2	S	I
2020-04-04 15:41:58.138778	u/Madstone_returns	fmfkgho	u/Y45HK4R4NDIK4R	fmfahmo	C	I
2020-04-04 15:42:09.851589	u/victorvictor420	fmfkgi4	u/GameIsMyName12	fuuy3b	S	I
2020-04-04 15:42:21.049710	u/FM_LEGENDARY	fmfkgn3	u/ekiz02	fmfgxud	C	N
2020-04-04 15:42:34.324226	u/Prime-D-Wade	fmfkgn4	u/enissay2	fmfka7h	C	I
2020-04-04 15:42:43.863929	u/KD73-YT	fmfkgoi	u/AnDigz1	fuxt35	S	N
2020-04-04 15:42:57.263624	u/PieceOfCringePie	fmfkgpb	u/sliimmshadyy	fuz5w2	S	I
2020-04-04 15:43:08.400601	u/fatdutchies	fmfkgs0	u/disconformity	fmffm6z	C	I
2020-04-04 15:43:18.824300	u/issamoshi	fmfkgsl	u/NintendoStation4	fuvb66	S	I
2020-04-04 15:43:33.641167	u/JG_92	fmfkguc	u/Philipp_01	fuv27g	S	I
2020-04-04 15:43:46.828939	u/RepostSleuthBot	fmfkgwu	u/Bruh_moment35	fmfkek9	C	N
2020-04-04 15:43:56.331634	u/71Atlas	fmfkgxn	u/AnDigz1	fuxt35	S	N
2020-04-04 15:44:10.625507	u/theRealW_A_C_K	fmfkh1i	u/ItalyIsNice	fmfk9x2	C	I
2020-04-04 15:44:25.333379	u/solterosoltero	fmfkh38	u/PolishedTurd69	fuuy43	S	I
2020-04-04 15:44:36.435356	u/MeneT3k3l	fmfkh3x	u/JackMandolino	fmfk6we	C	N
2020-04-04 15:44:48.556587	u/HungaChunga69	fmfkh68	u/Jetideal	fmf5hwj	C	I
2020-04-04 15:45:01.779081	u/UltyQuintus	fmfkh92	u/gruniite	fmfe78p	C	I
2020-04-04 15:45:15.022324	u/Nick_Marvin	fmfkhcl	u/jdwjeremy28	fuztyb	S	I
2020-04-04 15:45:26.166807	u/Dave__Microwave_	fmfkhew	u/sliimmshadyy	fuz5w2	S	I
2020-04-04 15:45:40.172991	u/98012944	fmfkhk8	u/utkubaba9581	futfxj	S	I
2020-04-04 15:45:51.165498	u/XB2006	fmfkhla	u/cessactdm	fmfj2ct	C	I
2020-04-04 15:46:05.202200	u/Dijdoslayer69	fmfkhlp	u/gay-blades	fmfkat8	C	N
2020-04-04 15:46:18.298195	u/prisoner999	fmfkhls	u/yashk1810	fuurq9	S	N
2020-04-04 15:46:29.195734	u/MyJelloJiggles	fmfkhlw	u/Damanzi	fmfk9i6	C	N
2020-04-04 15:46:44.267246	u/YourLocalCreep	fmfkhmr	u/MediumRarePoptarts	fmetz71	C	I
2020-04-04 15:46:58.654809	u/mlgdolphin	fmfkhom	u/_jun_yi_	fuuisv	S	I
2020-04-04 15:47:09.710800	u/I-like-to-eat-kids	fmfkhot	u/AuTiStIc_SpIdEr69	fuswlr	S	N
2020-04-04 15:47:23.664902	u/LucifersPeen	fmfkhr0	u/mankeymus	fmfkaop	C	I
2020-04-04 15:47:38.762239	u/ZukusCatHeaven_Art	fmfkhra	u/Chinaman2019	fmfh2nf	C	N
2020-04-04 15:47:52.686584	u/fireslate	fmfkhtz	u/Imnewman	fmfke2g	C	N
2020-04-04 15:48:05.551473	u/JusticeFor_Jeb_	fmfkhva	u/Surreallkill3r	fuzkrk	S	I
2020-04-04 15:48:17.732245	u/lillyk2022	fmfkhya	u/AnDigz1	fuxt35	S	N
2020-04-04 15:48:31.597727	u/Valeryum999	fmfki33	u/Mr_W0osh	fmff0z8	C	I
2020-04-04 15:48:46.535691	u/HornyAssBreadSticks	fmfki6z	u/Pickle-rickkkkk	fuq955	S	N
2020-04-04 15:48:59.189425	u/SnapshillBot	fmfkibf	u/sociallyakwardme	fuzvmj	S	N
2020-04-04 15:49:11.907233	u/someguyfromnl	fmfkicw	u/TheEpic_1YT	fuvlhy	S	N
2020-04-04 15:49:25.882170	u/centhos202	fmfkid9	u/sanch3z90	fukwqy	S	I
2020-04-04 15:49:39.263425	u/-The-Goose0-	fmfkiko	u/KarolOfGutovo	fmfkcid	C	I
2020-04-04 15:49:54.709839	u/SnapshillBot	fmfkikp	u/OMEGA_GamingCrew	fuzvib	S	N
2020-04-04 15:50:00.821572	u/canyoueatchicken	fmfkil8	u/KingCreeper81	fmfkdjz	C	N
2020-04-04 15:50:01.974396	u/SnapshillBot	fmfkinz	u/Swish_Fate	fuzvhx	S	N
2020-04-04 15:50:04.272029	u/TheLoyalTR8R	fmfkip0	u/deleted	fuzpq9	S	N
2020-04-04 15:50:06.434289	u/9yoGeneral	fmfkiru	u/atharva_bende	fmf9uxt	C	N
2020-04-04 15:50:10.206039	u/Paladin_leeroy27	fmfkiw0	u/BeafyBoiBangsBongos	fuskvq	S	N
2020-04-04 15:50:16.695256	u/Baaf2015	fmfkiy3	u/TomMcWeedy	fusz8h	S	I
2020-04-04 15:50:24.925295	u/Kvetch__22	fmfkj0e	u/oceanicganjasmugglin	fmfj63c	C	N
2020-04-04 15:50:32.262189	u/frostdemon34	fmfkj1b	u/Magius1954	fmfk52c	C	I
2020-04-04 15:50:41.507541	u/cosmic-trafficone	fmfkj72	u/Skalaxius	fmf1j9p	C	N
2020-04-04 15:50:47.687560	u/Juanbass774	fmfkjax	u/IsoEeli	fmdx771	C	I
2020-04-04 15:50:59.065174	u/SnapshillBot	fmfkjb2	u/red-marsh	fuzvs3	S	N
2020-04-04 15:51:04.386450	u/leaderofthevirgins	fmfkjbc	u/missuncleben	fuygvh	S	N
2020-04-04 15:51:12.657768	u/Dilly_DB	fmfkjdo	u/redman_xitij8	fuzo4j	S	N
2020-04-04 15:51:21.967532	u/MemesMod	fmfkjgj	u/Swish_Fate	fuzvhx	S	N
2020-04-04 15:51:27.199388	u/SnapshillBot	fmfkjgq	u/ascodjeno	fuzvqx	S	I
2020-04-04 15:51:37.455335	u/bigdepress	fmfkjiv	u/Chazaguy	fmfjd9d	C	I
2020-04-04 15:51:43.652833	u/MountEverfresh53	fmfkjuo	u/DominiekV	fmfimdj	C	I
2020-04-04 15:51:53.004035	u/LiquifiedSpam	fmfkjwe	u/Wusser24	fuzjkt	S	I
2020-04-04 15:52:10.771753	u/teekay_1994	fmfkk0o	u/JuniorStudios5674	fuzuya	S	I
2020-04-04 15:52:18.018047	u/SnapshillBot	fmfkk3h	u/cocainecowboy69420	fuzvyw	S	N
2020-04-04 15:52:26.292800	u/LukeBlockwalker69	fmfkk5e	u/crimson__dog	fuzpah	S	N
2020-04-04 15:52:33.503271	u/SnapshillBot	fmfkk5o	u/deleted	fuzvwf	S	N
2020-04-04 15:52:44.733410	u/lillyk2022	fmfkk9e	u/utkubaba9581	futfxj	S	I
2020-04-04 15:52:51.059290	u/Agent0hio030	fmfkk9w	u/SleepyRabbitXVI	fuuvpw	S	I
2020-04-04 15:53:00.228872	u/AhmadSolo2109	fmfkk9u	u/kamalyaka	fmfhzg5	C	I
2020-04-04 15:53:09.362170	u/BigBerthaCavalry	fmfkkdj	u/SixagonRedditboi	fmfhnlf	C	N
2020-04-04 15:53:18.692540	u/Palangiboysharkb8	fmfkkf0	u/ian_j_burr	futsdn	S	I
2020-04-04 15:53:26.962165	u/RepostSleuthBot	fmfkkgb	u/JusticeFor_Jeb_	fmfkhva	C	I
2020-04-04 15:53:36.187808	u/Aster_the_genocider	fmfkkif	u/leonbadam	fuy1jt	S	N
2020-04-04 15:53:46.376954	u/MemesMod	fmfkkjo	u/red-marsh	fuzvs3	S	N
2020-04-04 15:53:58.188852	u/smalls1d	fmfkkk0	u/Skyeisland	fu523f	S	N
2020-04-04 15:54:07.599041	u/Lord_Hortler	fmfkkl2	u/Tzar-Sand-Hanitizer	fuw4x6	S	I
2020-04-04 15:54:21.838038	u/SnapshillBot	fmfkknu	u/Denster1313	fuzw2i	S	N
2020-04-04 15:54:32.947819	u/GameIsMyName12	fmfkkoh	u/Youre-mum	fmfc2bp	C	I
2020-04-04 15:54:41.978129	u/FM_LEGENDARY	fmfkkp0	u/OrangeSheep12	fmfd7th	C	I
2020-04-04 15:54:56.238761	u/SnapshillBot	fmfkkq9	u/17Bca1482	fuzw1z	S	I
2020-04-04 15:55:06.312290	u/horse_at_water	fmfkkqg	u/Gartenhacke	fmfkbml	C	N
2020-04-04 15:55:15.383040	u/MemesMod	fmfkks2	u/deleted	fuzvwf	S	N
2020-04-04 15:55:27.702800	u/-SomeSpookyBOi-	fmfkksv	u/TheGreatNavjeet	fuslx1	S	I
2020-04-04 15:55:36.621379	u/Fanmeme12345	fmfkl2n	u/Shef08	fmf9924	C	I
2020-04-04 15:55:49.752359	u/Deathnoob101	fmfkl4q	u/IguanasWithInternet	fmf3jjy	C	I
2020-04-04 15:56:02.824121	u/RepostSleuthBot	fmfkl9e	u/PieceOfCringePie	fmfkgpb	C	I
2020-04-04 15:56:14.933960	u/sbagg5	fmfklbk	u/missuncleben	fuygvh	S	N
2020-04-04 15:56:46.284354	u/arse420	fmfm3li	u/orator-sans	fmekejo	C	N
2020-04-04 15:56:58.861523	u/beckygreen89	fmfm3oy	u/Shiteingann	fupbdc	S	I
2020-04-04 15:57:10.840602	u/Randilion8	fmfm3ru	u/coolin68	fuzrlq	S	N
2020-04-04 15:57:21.734777	u/Lestyn27	fmfm3s8	u/kcp137	fmfljrf	C	N
2020-04-04 15:57:32.620730	u/XB2006	fmfm3sk	u/XB2006	fmflwor	C	I
2020-04-04 15:57:45.646963	u/HjalteDansbo	fmfm3tk	u/Qsaaad1	fmfm05f	C	I
2020-04-04 15:57:55.482041	u/MediocrePenisNumber6	fmfm3ue	u/PIGINBLACK3586	fv03ud	S	N
2020-04-04 15:58:06.256727	u/Fybonsize	fmfm3v3	u/DocHoffpauir	fmfm25e	C	N
2020-04-04 15:58:18.176007	u/porntipsguzzardobot	fmfm3vs	u/deleted	fv05fs	S	N
2020-04-04 15:58:26.457740	u/Kimchi1113	fmfm3wz	u/Fybonsize	fuv1v5	S	N
2020-04-04 15:58:38.405265	u/SnapshillBot	fmfm41d	u/Coolguy7194	fv0583	S	N
2020-04-04 15:58:48.033901	u/Rick-roller--	fmfm41g	u/HBG2004	fmfjmng	C	I
2020-04-04 15:58:58.722207	u/annonys	fmfm42m	u/Canye_East	fmfliem	C	I
2020-04-04 15:59:10.478299	u/that-one-guy69	fmfm4e6	u/Skyzouw	fmfgza4	C	N
2020-04-04 15:59:18.870199	u/SnapshillBot	fmfm4ex	u/lugiam54	fv05lb	S	N
2020-04-04 15:59:29.558992	u/TieDyeKid	fmfm4gg	u/j3hadipi3	fv0177	S	I
2020-04-04 15:59:38.959682	u/KelMic2	fmfm4ig	u/Shagurope	fv02oj	S	I
2020-04-04 15:59:47.115681	u/_Krisk_	fmfm4iu	u/life_is_gay_mp4	fuyi3b	S	N
2020-04-04 15:59:58.309510	u/Tony_Hunter	fmfm4j9	u/coolin68	fuzrlq	S	N
2020-04-04 16:00:00.501962	u/SnapshillBot	fmfm4kb	u/AzaBlanta	fv05jj	S	I
