2020-04-09 16:00:48.037656	u/MussoliniIsKing	fmxc986	u/jchpr	fmxc5vh	C
2020-04-09 16:00:59.897955	u/ali52109	fmxc9fa	u/RepostSleuthBot	fmwurhx	C
2020-04-09 16:02:00.320812	u/Ching_chong_man	fmxcbzt	u/Jack_Alloy	fmxbdc0	C
2020-04-09 16:02:19.932815	u/filthy-fuckin-casual	fmxcct1	u/CowCluckLated	fmxb66w	C
2020-04-09 16:03:13.908582	u/Hoagie_Camacho	fmxce8p	u/ShadeNLM064pm	fmxbaky	C
2020-04-09 16:04:07.408249	u/flipdruidbaklulu	fmxcgpp	u/File3235	fmw7lkw	C
2020-04-09 16:04:38.194050	u/qmb4806	fmxci9b	u/Sneaky_Beaky_B0Y	fmx2vye	C
2020-04-09 16:05:55.390776	u/Reddit_MaZe000	fmxckpl	u/Kyle_01110011	fmwx8ql	C
2020-04-09 16:05:57.293744	u/Samar_Dev	fmxckpu	u/whywontibefunny	fmw8xld	C
2020-04-09 16:06:21.683407	u/namer457	fmxcm35	u/YeetLordTheOne	fmx3yvt	C
2020-04-09 16:06:59.431233	u/bearmustang417	fmxco6m	u/MoustachePika1	fmxb8mb	C
2020-04-09 16:07:02.831032	u/InvitedRhino684	fmxco7n	u/CorndogCrusader	fmx4olm	C
2020-04-09 16:07:10.037897	u/shifer123	fmxco9x	u/elninoryu	fmx8bub	C
2020-04-09 16:07:57.879083	u/5303Triam	fmxcqs4	u/nicolas_the_fox	fmxc9tj	C
2020-04-09 16:08:25.984846	u/dwoodmanXD	fmxcsgx	u/kostas_vo	fmwi3bl	C
2020-04-09 16:08:33.036506	u/BRINGERofMILK	fmxcskc	u/Grant-Likes-Grapes	fmx1pji	C
2020-04-09 16:08:41.313681	u/Featruz	fmxcspj	u/Excaliber36	fmx02aa	C
2020-04-09 16:08:45.304361	u/g00dGr1ef	fmxct3u	u/NerdyNord	fmwml2h	C
2020-04-09 16:09:22.088307	u/selfproclaimedthot	fmxcuna	u/Linguicide	fmxbkzg	C
2020-04-09 16:09:35.606207	u/bakirbeg	fmxcvly	u/XB2006	fmxc5eh	C
2020-04-09 16:09:53.682526	u/ImHellaConfusedboi	fmxcxr7	u/Similar-Cauliflower	fmvlxgx	C
2020-04-09 16:10:22.906403	u/bunchedupwalrus	fmxcyr0	u/antivaxmom_	fmxcimu	C
2020-04-09 16:11:18.047387	u/YourOwnPybro	fmxd102	u/Sammysoupcat	fmxa42m	C
2020-04-09 16:12:22.176570	u/not-a-bot42069	fmxd36a	u/KaleidoscopePigeon	fmwoirl	C
2020-04-09 16:12:59.666962	u/senor-fish	fmxd4nl	u/CowCluckLated	fmxb0b3	C
2020-04-09 16:13:13.863803	u/Synder934	fmxd58f	u/Bruh_Bot_	fmxba4b	C
2020-04-09 16:13:41.767564	u/LaurieApple	fmxd6av	u/Racing_Legend	fmxcu4a	C
2020-04-09 16:14:16.545645	u/D1OG	fmxd7p5	u/Fake-DAIH	fmxa0kr	C
2020-04-09 16:14:19.587205	u/Maluko16	fmxd7um	u/Benecraft	fmxbw7c	C
2020-04-09 16:15:05.070445	u/GoldenRaider2	fmxdam6	u/HamStapledToTrees	fmxc30y	C
2020-04-09 16:15:14.502057	u/IRedditOnRedditLol	fmxdatt	u/Bruh_thats_so_deeep	fmwq045	C
2020-04-09 16:15:39.951157	u/VictorAlphaBVA	fmxdb83	u/K0muu	fmw2h88	C
2020-04-09 16:16:03.719051	u/ur_MemeSeeker	fmxdbyb	u/SCPunited	fmwyx95	C
2020-04-09 16:16:16.678945	u/jexzal25	fmxdcbm	u/Synder934	fmxd58f	C
2020-04-09 16:16:41.601314	u/Larax22	fmxddh7	u/son0fthedawn	fmx7on7	C
2020-04-09 16:16:46.116927	u/PeteyGANG	fmxddwo	u/abracadabra10000000	fmwn9c8	C
2020-04-09 16:16:47.862595	u/Darmilion	fmxddyg	u/LaurieApple	fmxdb8y	C
2020-04-09 16:17:48.092520	u/RealPizzaIsGood	fmxdg7u	u/Destroyer9903	fmxcizc	C
2020-04-09 16:17:49.700649	u/AinsleyObama	fmxdgbg	u/FistingUrDad	fmx6lem	C
2020-04-09 16:18:24.283079	u/bookapew	fmxdi6r	u/Screamformereddit	fmxaza1	C
2020-04-09 16:18:46.140299	u/Its_Sayori	fmxdizh	u/CaptainFluffyFace	fmwzot1	C
2020-04-09 16:19:16.272900	u/RickC-666	fmxdjsc	u/abracadabra10000000	fmwn9c8	C
2020-04-09 16:19:42.872035	u/ArayaMatt	fmxdmyj	u/TheReal_KindStranger	fmwlozr	C
2020-04-09 16:19:44.551013	u/twigboy25	fmxdn3w	u/Yemen_Is_My_City	fmvsvi6	C
2020-04-09 16:19:50.796859	u/lil-lad	fmxdnrr	u/OneUselessBoi	fmxdkgn	C
2020-04-09 16:19:57.194101	u/urMumm_YT	fmxdoc1	u/Mr_rejected15	fmxde9q	C
2020-04-09 16:20:20.379513	u/R1pY0u	fmxdp25	u/Downvoted_Avocado	fmvablf	C
2020-04-09 16:20:52.999074	u/GoingToasterXD	fmxdpx8	u/StreetSniper420	fmxdkkv	C
2020-04-09 16:21:18.588263	u/idk-bro-just-me	fmxdqkr	u/itsyyo	fmx0upd	C
2020-04-09 16:22:37.024538	u/Tronald_Dump666	fmxdt7p	u/gonecountry04	fmxa538	C
2020-04-09 16:23:15.347057	u/pen0ut	fmxdu3i	u/SaberIsMakingMemes	fxt9vj	S
2020-04-09 16:23:38.724945	u/The_Thurmanator	fmxdun6	u/papaoni420	fmx40bq	C
2020-04-09 16:23:42.753363	u/StarBean05	fmxduok	u/stevke33	fmx703q	C
2020-04-09 16:23:46.768078	u/Mr_President777	fmxduy4	u/yodakenobbi	fmwx2dp	C
2020-04-09 16:24:56.227726	u/DemMasters	fmxdxfw	u/Sameer089	fmx2vlt	C
2020-04-09 16:25:30.532004	u/Steakhousejohn	fmxdyi3	u/YourOwnPybro	fmxd102	C
2020-04-09 16:25:51.876233	u/Aarontheindoraptoryt	fmxdz1o	u/Excaliber36	fmx02aa	C
2020-04-09 16:26:22.882256	u/ClarentWielder	fmxdzr7	u/GravityFallsChicken	fmx1lw3	C
2020-04-09 16:26:37.485218	u/KylieTMS	fmxdzys	u/Ninja-nun	fmx7zmk	C
2020-04-09 16:27:21.912767	u/_-Ryan_D-_	fmxe2o3	u/MineKing822	fmqikfa	C
2020-04-09 16:27:42.277777	u/colep03l	fmxe3ai	u/KaleidoscopePigeon	fmwoirl	C
2020-04-09 16:28:45.696469	u/ElXToro	fmxe8e2	u/a-saved-alien	fmweliz	C
2020-04-09 16:28:48.777514	u/Un-Superman	fmxe8q3	u/wouldiwas-shookspear	fmvy149	C
2020-04-09 16:29:35.077791	u/xXMeanMemeSupremeXx	fmxeass	u/ThatOnePubgBridge	fmx67d2	C
2020-04-09 16:30:15.044511	u/stripedalligator	fmxecr2	u/Team_Pocket_Leader_	fga6u0l	C
2020-04-09 16:30:18.629313	u/NeutronStarTheSecond	fmxed14	u/RepostSleuthBot	fmxaz0m	C
2020-04-09 16:30:22.012516	u/Vulkren2	fmxed57	u/Cyber_s0ck	fmwql4u	C
2020-04-09 16:31:04.151981	u/Marphicy	fmxeefn	u/MussoliniIsKing	fmxdxd7	C
2020-04-09 16:31:12.915981	u/hatuhsawl	fmxef09	u/ThaMasterRoshi	fmxebxc	C
2020-04-09 16:31:27.279275	u/Aetheldrake	fmxefl1	u/AlkaliAvocado	fmx1blh	C
2020-04-09 16:32:19.264801	u/Blaineflum64	fmxeh7p	u/CartoonOG	fmwq923	C
2020-04-09 16:32:51.013374	u/baconmaka	fmxeiug	u/chettycheeks	fmxdm8a	C
2020-04-09 16:33:21.996266	u/xMoody	fmxejrt	u/dumbestbell	fmwz7mj	C
2020-04-09 16:33:32.767174	u/ok-at-stuff-	fmxejva	u/ComplexRaven	fxspti	S
2020-04-09 16:33:47.739472	u/TheRussianUberdriver	fmxeka3	u/Wiltz111	fmwq5eo	C
2020-04-09 16:33:56.552760	u/lukeskinwalker69epic	fmxekqc	u/How_art_thou_fallen_	fmx8r8b	C
2020-04-09 16:33:58.753999	u/Thicc_fila	fmxektx	u/Molpos	fmwozqg	C
2020-04-09 16:34:28.854104	u/LiterallySpark	fmxelh2	u/brinkmeister314	fmxek3h	C
2020-04-09 16:34:34.115399	u/CaptainNinjaKid	fmxelu8	u/jak-da-memer	fmwtqd5	C
2020-04-09 16:35:01.358147	u/fadizilla	fmxen0d	u/Geralt_the_Rive	fmxee5l	C
2020-04-09 16:35:16.127116	u/yellowflowers315	fmxengh	u/Carson153	fmx03jj	C
2020-04-09 16:35:35.158254	u/calliacat_42	fmxeorf	u/RepostSleuthBot	fmx4mfs	C
2020-04-09 16:35:37.878627	u/jerryhill50	fmxeosi	u/phoenix_is_gay	fmxdb6x	C
2020-04-09 16:35:44.305048	u/EdenNightwinter	fmxeovg	u/Weeearenumberone	fmx9ss6	C
2020-04-09 16:35:48.046913	u/eag1969	fmxep60	u/TheReal_KindStranger	fmwlozr	C
2020-04-09 16:37:20.102969	u/Kamui_Kun	fmxesso	u/AzraeltheGrimReaper	fmxbcm4	C
2020-04-09 16:37:26.804940	u/JustNukeMeAlready	fmxeszv	u/weirdgroovynerd	fmxencr	C
2020-04-09 16:38:11.322314	u/Teh_Shape	fmxevxl	u/usernametoolongtofit	fmwzv02	C
2020-04-09 16:38:34.061991	u/SomeAverageBoy	fmxewuj	u/ImHellaConfusedboi	fmxdkkd	C
2020-04-09 16:39:11.191114	u/Moiizez	fmxeyo3	u/Emperor_O_Memes	fmvyhed	C
2020-04-09 16:39:12.726437	u/Aryanman27	fmxeyrt	u/JustNukeMeAlready	fmxeszv	C
2020-04-09 16:39:14.157424	u/bendypencil1	fmxeyvc	u/brinkmeister314	fmxetd3	C
2020-04-09 16:39:18.523477	u/urboykman	fmxez11	u/tracermain134	fmxdebg	C
2020-04-09 16:39:24.880552	u/jacksonsftw	fmxezvk	u/FizzySodaBottle210	fmvgadx	C
2020-04-09 16:39:36.421770	u/Bogart86	fmxf07s	u/Un-Superman	fmxdk0x	C
2020-04-09 16:39:37.724851	u/Battlekurk2018	fmxf0kp	u/leko-baye	fmxeqnp	C
2020-04-09 16:39:47.946123	u/DeltaReconaissance	fmxf27a	u/Its_Sayori	fmxevvx	C
2020-04-09 16:39:48.594936	u/Doggcow	fmxf2bo	u/skinnan	fmwrh99	C
2020-04-09 16:39:58.515138	u/Canoooples	fmxf2qs	u/K3rm1tTh3Fr0g	fmxey4j	C
2020-04-09 16:40:47.114784	u/jeffreyl0220	fmxf4wr	u/kingmkh	fmx2qq1	C
2020-04-09 16:41:06.079243	u/Mirddyn_Tol	fmxf5qj	u/rhuffman4645	fmx6a27	C
2020-04-09 16:41:17.013272	u/SquishedPomegranate	fmxf6fu	u/L0rd_Tater	fmxbzie	C
2020-04-09 16:41:28.311455	u/AlbusCorax	fmxf6wo	u/frostburn60	fmwwwjd	C
2020-04-09 16:41:56.073172	u/Sea-Serpent69V	fmxf7zj	u/File3235	fmw7lkw	C
2020-04-09 16:42:12.183244	u/ayylmaothrowaway1337	fmxf91l	u/Hopp5432	fmwy4fy	C
2020-04-09 16:44:20.504346	u/kesslerrohaus	fmxfd2f	u/REL-YT	fmak6wn	C
2020-04-09 16:44:33.323910	u/Mike33460	fmxfdk7	u/CrossfirePoiPoiPoi	fmwzrx5	C
2020-04-09 16:44:36.551550	u/zderki	fmxfdm7	u/potato430	fmwlqfn	C
2020-04-09 16:45:42.643647	u/zichzelf	fmxffvg	u/lithobrakingdragon	fmwygkj	C
2020-04-09 16:45:47.564941	u/Grandpa-Palpatine	fmxfg76	u/Hazardous1012	fmxf9g9	C
2020-04-09 16:46:59.428864	u/steinlolboy	fmxfjug	u/Memphistophelian	fmxf2ra	C
2020-04-09 16:47:04.227703	u/Gullible_Priority	fmxfjy0	u/Idooogamers	fmwzxim	C
2020-04-09 16:47:30.647907	u/the-fnaf-ar-shreck	fmxflbj	u/FearTheUchiha	fmwnpgq	C
2020-04-09 16:47:37.332537	u/HaaboBoi	fmxfloq	u/FranchuFranchu	fmxd3q8	C
2020-04-09 16:47:58.099830	u/fucko5	fmxfn89	u/invalidcode232	fmwmmt0	C
2020-04-09 16:48:49.211748	u/Aria2355	fmxfq7y	u/bearmustang417	fmxco6m	C
2020-04-09 16:48:53.458416	u/My_dick_screamed	fmxfqe4	u/ChiefSkonchin	fmx0m1b	C
2020-04-09 16:48:56.963078	u/ENGLISHSCONESYAKNOW	fmxfqoc	u/worthlessjuan	fmx464d	C
2020-04-09 16:49:00.412634	u/yasin_meme	fmxfqwf	u/Justin_The_Fox2	fmwp970	C
2020-04-09 16:49:08.855530	u/Larry_Hegs	fmxfriv	u/thatguybruv	fxy7s6	S
2020-04-09 16:49:12.524950	u/karr7224	fmxhuva	u/GingerBreadMob	fmw5yey	C
2020-04-09 16:49:25.569752	u/Mr_KrabbsKachow	fmxhvfa	u/Zygal_	fmxhlgo	C
2020-04-09 16:49:27.124448	u/Cyb0rger	fmxhvg8	u/JustAGuy1336	fmwsgb1	C
2020-04-09 16:49:29.562419	u/Theartofjhin	fmxhvlh	u/Idooogamers	fmxcguo	C
2020-04-09 16:49:42.514353	u/the-emo-bi-person	fmxhwf3	u/ImHellaConfusedboi	fmxbjsg	C
2020-04-09 16:49:56.623446	u/lipgloss2	fmxhy2j	u/SentientNipslips	fkndznc	C
2020-04-09 16:49:57.499762	u/Stay-Au79	fmxhy3w	u/LePredator7186	fmxh146	C
2020-04-09 16:49:58.629557	u/Corrupt_Meatball	fmxhya6	u/TruckerDude9218	fmwzzq0	C
2020-04-09 16:50:40.509085	u/Tripledickmafia	fmxi04i	u/RichardDawsonsBlazer	fmwheuz	C
2020-04-09 16:51:20.282906	u/ArceusIsntGod	fmxi14c	u/weirdgroovynerd	fmxg4km	C
2020-04-09 16:52:04.817011	u/KenUbe	fmxi34u	u/assassins_creed2007	fmx4x4g	C
2020-04-09 16:52:21.234559	u/mannenzz	fmxi3x7	u/Matthewberg98	fmxi0z3	C
2020-04-09 16:52:29.061074	u/mamingtan	fmxi4gm	u/justmemesplease	fmxhfin	C
2020-04-09 16:52:43.020322	u/left-sok	fmxi4qk	u/-acon-trash	fxtkm1	S
2020-04-09 16:52:46.258765	u/SheriffEarlMcGraw	fmxi4sc	u/Usernamechecks101	fmwvrll	C
2020-04-09 16:53:21.388901	u/KingfisherPlayboy	fmxi6ht	u/fridgeairbnb	fmwbj2c	C
2020-04-09 16:53:46.432313	u/Batwing224	fmxi7aw	u/j_ramz1977	fmwtgja	C
2020-04-09 16:53:53.391900	u/Nadikarosuto	fmxi7jd	u/Satyr121	fmx3nwp	C
2020-04-09 16:54:15.801120	u/SimptimusPrime	fmxi8sc	u/frostburn60	fmwwr8n	C
2020-04-09 16:54:22.118150	u/huskydog125	fmxi8wt	u/banananana003	fmxh0k2	C
2020-04-09 16:55:14.042981	u/closetgeekasaurus	fmxiaiq	u/NOTanormie70421	fmx2s8u	C
2020-04-09 16:55:40.153122	u/howardthemetalalien	fmxibk8	u/Dennis_Ryan_Lynch	fmvq48c	C
2020-04-09 16:56:09.525323	u/PaytonioLOL	fmxicyt	u/Money_Stealer	fmxi2oi	C
2020-04-09 16:56:15.244014	u/DjYuricollector	fmxidam	u/Vlad-uf-complexity	fmxib76	C
2020-04-09 16:57:41.018491	u/Drool_Sheep	fmxih0a	u/frostburn60	fmwwsdt	C
2020-04-09 16:58:23.892579	u/Airiden47	fmxiifs	u/mannenzz	fmxiax8	C
2020-04-09 16:58:34.742245	u/armadillobarbie	fmxiiq8	u/Riyolen	fxuy7x	S
2020-04-09 16:58:53.742874	u/YehMateHaha	fmxijmc	u/Pugs4l1fe	fmw18wz	C
2020-04-09 16:59:23.024363	u/X1XLuMiNoX1X	fmxikvl	u/CorndogCrusader	fmxii7t	C
2020-04-09 16:59:51.142549	u/Karl-der-zweite	fmxim7j	u/CoolButBoring	fmx6omp	C
2020-04-09 16:59:51.745601	u/TheKirboi	fmxim86	u/Pewdiepiedabezt	fmxigcg	C
