2020-03-21 00:01:12.845105	u/LtProphet	fl2ycxl	u/Donofett	fl2w93i	C
2020-03-21 00:02:23.509928	u/LightModeIsTheBest	fl2yhqw	u/RepostSleuthBot	fl2x407	C
2020-03-21 00:03:00.573133	u/J-Bomb36	fl2yjgk	u/RepostSleuthBot	fl2k6ir	C
2020-03-21 00:04:08.628457	u/Yourboyfibs	fl2ymym	u/RaNdOmKaReNdEsTrOyEr	fl2xzeh	C
2020-03-21 00:04:38.440408	u/Epic_chily	fl2yo7g	u/Geraminus	fl2rc6g	C
2020-03-21 00:04:43.911676	u/eminenedtfr	fl2yodb	u/heineken117	fl2r6wr	C
2020-03-21 00:05:17.248367	u/TsubasaLick	fl2yq0q	u/jackben_imble	fl2yn7e	C
2020-03-21 00:05:38.795748	u/official_amo2005	fl2yn2q	u/Aircon0_0	fl2t8dj	C
2020-03-21 00:05:40.661599	u/OParadise	fl2yncl	u/sathak14	fl2xlkg	C
2020-03-21 00:05:54.056619	u/C0R0NA_CHAN	fl2yqeg	u/heineken117	fl2r6wr	C
2020-03-21 00:06:53.158569	u/FrickDaOpps	fl2yttp	u/Ben_Herr	fl2qyet	C
2020-03-21 00:07:17.035263	u/HayKd	fl2yub2	u/RepostSleuthBot	fl2ysis	C
2020-03-21 00:07:22.111964	u/Nzghzr	fl2yv1i	u/RepostSleuthBot	fl2rle8	C
2020-03-21 00:07:22.913110	u/AshOfEthan	fl2yv2d	u/GabeWhitman14	fl2udas	C
2020-03-21 00:10:49.704864	u/GalacticBagel14	fl2z4rw	u/RepostSleuthBot	fl25qyn	C
2020-03-21 00:11:01.477813	u/faillout	fl2z5d9	u/cakebuilder123	fl2vreh	C
2020-03-21 00:13:05.576505	u/zwoodfwefd	fl2zane	u/chrisl_003	fl2oyl1	C
2020-03-21 00:13:45.017786	u/MrLaurencium	fl2zch0	u/RepostSleuthBot	fl2t130	C
2020-03-21 00:14:03.413902	u/FroshWulf66	fl2zdhs	u/Aircon0_0	fl2t8dj	C
2020-03-21 00:14:56.541774	u/DombaBomba222	fl2zfoh	u/thatsmysnert	fl2p2xf	C
2020-03-21 00:15:13.131355	u/Texas-ranger-	fl2zg97	u/kaamibackup	fl2vy4e	C
2020-03-21 00:16:38.094080	u/StreetTacoGuy	fl2zjv8	u/VeryCool6969	fl2zi7z	C
2020-03-21 00:17:02.448915	u/RememberTheMaine1996	fl2zkov	u/woodendoors7	fl2ney7	C
2020-03-21 00:17:27.440146	u/abesterre	fl2zlik	u/unculturedschwine	fl2wexc	C
2020-03-21 00:19:05.936908	u/yeetdablitfam	fl2zql4	u/Riptide047	fl2wsan	C
2020-03-21 00:19:51.180568	u/good_boi_bot	fl2zsi9	u/RepostSleuthBot	fl2zl18	C
2020-03-21 00:20:00.528628	u/NorthernPunk	fl2zszv	u/Riptide047	fl2wsan	C
2020-03-21 00:21:28.428285	u/devalentinR6	fl2zwd1	u/chrisl_003	fl2oyl1	C
2020-03-21 00:21:41.341762	u/BeNbUcKToO	fl2zwte	u/NorthernPunk	fl2vuwo	C
2020-03-21 00:23:32.083268	u/lillyanne727	fl3004v	u/RepostSleuthBot	fl2x7e1	C
2020-03-21 00:23:54.828702	u/KodeyTheNeko	fl301y6	u/HANZ06	fl2w7e2	C
2020-03-21 00:23:58.125410	u/Darth_Ewok14	fl30270	u/jackben_imble	fl2vibw	C
2020-03-21 00:24:46.680539	u/El-vale-verga-troll	fl303x4	u/drprada073	fl2xlp3	C
2020-03-21 00:25:52.410534	u/TheUrbanXLegend	fl30755	u/BeNbUcKToO	fl2zsn7	C
2020-03-21 00:27:50.996083	u/doomknight012	fl30d19	u/kaamibackup	fl2vy4e	C
2020-03-21 00:30:40.857681	u/Anamorsmordre	fl30k1q	u/Purplecowpig	fl2v668	C
2020-03-21 00:31:31.035086	u/NOCTURN_05	fl30mi3	u/Eve-Potter	fl2m0ji	C
2020-03-21 00:31:44.435268	u/my_dude567	fl30m67	u/shadow938	fl2zypa	C
2020-03-21 00:31:50.566879	u/whynotm3e	fl30mj2	u/RepostSleuthBot	fl30j68	C
2020-03-21 00:32:20.005304	u/_MrWhy_	fl30noz	u/GabeWhitman14	fl2yxg1	C
2020-03-21 00:32:21.054804	u/Meatling_	fl30nwr	u/Aircon0_0	fl2t8dj	C
2020-03-21 00:33:06.165913	u/lmaostfuuu	fl30qn6	u/GabeWhitman14	fl2twvs	C
2020-03-21 00:33:34.176501	u/HellBlazer_123	fl30r63	u/canned-america	fl2o52i	C
2020-03-21 00:36:11.545882	u/paul_497	fl30xq6	u/whynotm3e	fl30aqz	C
2020-03-21 00:36:15.374447	u/NessTheGamer	fl30xwc	u/BeNbUcKToO	fl2zsn7	C
2020-03-21 00:36:32.904124	u/CinnamonOne	fl30yve	u/anhydrousahem	fl30xoi	C
2020-03-21 00:37:57.135751	u/Nero_Lokin	fl312k2	u/cakebuilder123	fl30xqb	C
2020-03-21 00:38:04.277778	u/Billy8752	fl312w2	u/YoshiNinja_YT	fl30aot	C
2020-03-21 00:39:39.443253	u/NeatTealn	fl317cs	u/TsubasaLick	fl2njzv	C
2020-03-21 00:40:27.598907	u/Fir3mast3r55	fl3193h	u/Blazefire2004	fl2xg9i	C
2020-03-21 00:40:29.822875	u/trebleclefofficial	fl3198d	u/Grannys_Sledgehammer	fl2ynp7	C
2020-03-21 00:41:04.637403	u/Peternuggett	fl31ali	u/NorthernPunk	fl2vuwo	C
2020-03-21 00:41:30.982113	u/MildlyShadyPassenger	fl31bhy	u/RaNdOmKaReNdEsTrOyEr	fl2pshs	C
2020-03-21 00:42:00.453084	u/LonePhoenix8592	fl31cto	u/_Xand0n_	fl31a7m	C
2020-03-21 00:42:02.734320	u/Zafk13l	fl31cwh	u/RepostSleuthBot	fl30z4n	C
2020-03-21 00:42:22.831924	u/mrmadchef	fl31dj4	u/Purplecowpig	fl2pj71	C
2020-03-21 00:42:43.182386	u/xunknownpj98	fl31er0	u/Fanchus	fl2rueg	C
2020-03-21 00:43:13.954236	u/Nubblycious	fl31eys	u/RepostSleuthBot	fl31btj	C
2020-03-21 00:43:48.844475	u/VINNY115	fl31hic	u/whynotm3e	fl31dyd	C
2020-03-21 00:44:07.562702	u/GeneLoop	fl31ipm	u/GabeWhitman14	fl2udas	C
2020-03-21 00:44:09.613476	u/thiefyzheng	fl31iqh	u/Billy8752	fl30x1q	C
2020-03-21 00:46:55.016920	u/jdp111	fl31pg9	u/BeNbUcKToO	fl2zsn7	C
2020-03-21 00:47:19.491776	u/H3imd4ll_8	fl31qkk	u/conjunctivious	fl2x7ag	C
2020-03-21 00:47:29.440205	u/SparkZXD	fl31r43	u/GabeWhitman14	fl2zba1	C
2020-03-21 00:49:34.851987	u/overlord_of_cringe	fl31w7i	u/blue_cows_rule	fl31rw1	C
2020-03-21 00:49:41.642172	u/GuitarKnight	fl31wqo	u/GabeWhitman14	fl2twvs	C
2020-03-21 00:50:41.892534	u/vindicator476	fl31z25	u/RepostSleuthBot	fl31u10	C
2020-03-21 00:51:10.231381	u/guysmileyusually	fl31zvq	u/Dr_Saguaro	fl2neel	C
2020-03-21 00:51:30.687359	u/Neither-Ask	fl320jn	u/jdp111	fl31ndl	C
2020-03-21 00:51:50.859801	u/Paladin_leeroy27	fl321vw	u/bestomemes	fl31zwl	C
2020-03-21 00:52:25.779947	u/Rockyflame458	fl323cq	u/NessTheGamer	fl30xwc	C
2020-03-21 00:52:46.195515	u/A-worm-with-a-sword	fl323v6	u/RepostSleuthBot	fl22tnc	C
2020-03-21 00:54:12.467009	u/tuuc_bataton	fl327iw	u/good_boi_bot	fl31lt4	C
2020-03-21 00:54:13.466912	u/badasshuh	fl327j5	u/blue_cows_rule	fl2nbl7	C
2020-03-21 00:54:20.252192	u/De4thL0rd19	fl327sw	u/overlord_of_cringe	fl31h17	C
2020-03-21 00:54:21.243052	u/UslashUslashUser	fl3282u	u/RepostSleuthBot	fl2z2fd	C
2020-03-21 00:54:56.244308	u/JumpingJebediah	fl329g9	u/RepostSleuthBot	fl2zftj	C
2020-03-21 00:55:41.637364	u/aaee10274	fl32amb	u/GabeWhitman14	fl2twvs	C
2020-03-21 00:55:58.249658	u/BrandoCi	fl32bj6	u/HANZ06	fm8tfo	S
2020-03-21 00:55:59.171649	u/porcupine07	fl32bka	u/Fir3mast3r55	fl3193h	C
2020-03-21 00:56:02.032360	u/mrspussyfeathers	fl32bm9	u/rebbit_helping_bot	fl3260e	C
2020-03-21 00:56:02.954553	u/A_soggy_nugget	fl32bo6	u/NorthernPunk	fl2zrbj	C
2020-03-21 00:56:39.059732	u/-nintendawg64	fl32dxr	u/Billy8752	fl32dmk	C
2020-03-21 00:57:27.722065	u/renkenberger91	fl32fog	u/BeNbUcKToO	fl2zsn7	C
2020-03-21 00:57:49.227535	u/Awarepillow	fl32g3b	u/RepostSleuthBot	fkw3b5y	C
2020-03-21 00:58:00.119364	u/Inconscient_CLST	fl32gpl	u/Wesmore24	fl2ph3v	C
2020-03-21 00:58:58.348121	u/positive_notes	fl32jc3	u/Shirt420	fl32fuh	C
2020-03-21 00:59:48.589290	u/LordEevee2005	fl32lem	u/BeNbUcKToO	fl30fe2	C
