2020-03-23 02:00:12.675047	u/FluffyKittens0	fl96mxd	u/Bierbart12	fl95qkc	C
2020-03-23 02:00:18.107737	u/1ogi6000	fl96n28	u/TheMafiaRulez	fl93q1m	C
2020-03-23 02:00:47.587589	u/Ill_ThinkOfOneLater	fl96nsv	u/EnderDude1233567	fl95jqs	C
2020-03-23 02:00:53.372880	u/dreaditter	fl96nvd	u/FLYnNImp3	fl8py5m	C
2020-03-23 02:01:29.301143	u/moonsheeper	fl96p1a	u/16BitCake	fl1a9jz	C
2020-03-23 02:01:51.783035	u/FreakyEggJr	fl96plz	u/Etcius	fl8vczu	C
2020-03-23 02:02:29.958716	u/TheIberMech	fl96qlb	u/newaccountoldwashack	fl8yeae	C
2020-03-23 02:02:54.467751	u/Antholk	fl96r1z	u/manishdekock	fl95bps	C
2020-03-23 02:03:22.913110	u/BigC-hung-us	fl96rwq	u/elongated-tuskrat	fl8tyni	C
2020-03-23 02:03:48.325297	u/alexl230	fl96slq	u/Fire-Nation-17	fl79njo	C
2020-03-23 02:04:01.135031	u/HoodForLyfe	fl96sww	u/Dimidibus	fl96p9g	C
2020-03-23 02:04:09.497282	u/matiasbouin	fl96t69	u/GERMA90	fl96izy	C
2020-03-23 02:04:33.942492	u/ICantSpellIcup	fl96txj	u/averageredditor234	fl6ca4i	C
2020-03-23 02:04:40.073310	u/HonkHonk26	fl96u22	u/king_george88	fl8jjgl	C
2020-03-23 02:04:42.136208	u/alexl230	fl96u4d	u/ThePhantomRaven	fl8zis4	C
2020-03-23 02:04:50.480120	u/nrlzzt	fl96uea	u/Acid_13	fl8t2wq	C
2020-03-23 02:05:19.129266	u/xz2543	fl96v3r	u/Original-name-san	fl947i8	C
2020-03-23 02:05:24.609577	u/jedy921	fl96vae	u/Hodlon2	fl7s12h	C
2020-03-23 02:05:41.598719	u/AlainaGo	fl96vkc	u/TheUpsideDownTaco	fl93lbw	C
2020-03-23 02:06:07.118844	u/4pinguy	fl96wlp	u/Lumonitor	fl7mj9t	C
2020-03-23 02:06:27.311098	u/Comathan	fl96xbq	u/Derpy915	fkpsi6s	C
2020-03-23 02:07:11.016601	u/Proper-Arrival	fl96ymz	u/DirtyDiogenes	fl8tvnn	C
2020-03-23 02:07:15.460734	u/rainbowkitchenfloor	fl96yre	u/fualtyzane	fl94i1c	C
2020-03-23 02:07:18.191330	u/Ravenous-Turtles	fl96yw7	u/mackjoe6	fl7yzop	C
2020-03-23 02:07:36.060556	u/Hashmit_Singh	fl96zo9	u/Cd258519	fl93n9n	C
2020-03-23 02:08:17.209377	u/PotatoBob2	fl971cp	u/GERMA90	fl96uzf	C
2020-03-23 02:08:25.140107	u/AmericaFirst2004	fl971qk	u/Legitimate_Teddy	fl970zb	C
2020-03-23 02:08:27.628470	u/HeeeeeeeMan	fl971ub	u/AlphaCorianderG	fl970uy	C
2020-03-23 02:08:30.250554	u/myra420	fl971ut	u/_SCP_173_	fl8bewz	C
2020-03-23 02:08:38.682226	u/Torsent	fl9722a	u/Xploiter_RBLX	fl8zhno	C
2020-03-23 02:08:40.318825	u/LibErTy_KK2K	fl9726o	u/dondisease	fl8qoxz	C
2020-03-23 02:08:53.424553	u/Aduritor	fl972no	u/TheForgottenWarrior9	fl8nuk3	C
2020-03-23 02:08:57.023224	u/Bagpipes_the_Rapper	fl972u3	u/XB2006	fl96v05	C
2020-03-23 02:09:08.955522	u/N00BMASTER6942096	fl973f2	u/spycrab24	fl94ec8	C
2020-03-23 02:09:12.314306	u/69AstroKnight420	fl973jj	u/GordonSucksAtLife	fl8fuu1	C
2020-03-23 02:09:26.670379	u/plsrespecttables	fl9741q	u/Fire-Nation-17	fl973we	C
2020-03-23 02:09:44.599312	u/kylkartz21	fl974m9	u/snacsnacsnac	fl96kby	C
2020-03-23 02:09:52.119334	u/10thletteroftheaphbt	fl974yg	u/Kind-Pop	fl3zlqu	C
2020-03-23 02:10:09.649191	u/S-n-u-f-f	fl975d2	u/AlphaCorianderG	fl972c9	C
2020-03-23 02:10:14.623225	u/xcrypticxdivinityx	fl975fc	u/PosNegTy	fl8nbx7	C
2020-03-23 02:10:19.309985	u/ScreamingLlama101	fl975ka	u/UnlikelyKitchen	fl8yefu	C
2020-03-23 02:10:27.290060	u/10thletteroftheaphbt	fl975mw	u/S1eepyZ	fl96k63	C
2020-03-23 02:10:52.574348	u/DSzer0	fl9764a	u/SheWhoUpvotes	fl96e6f	C
2020-03-23 02:11:07.128858	u/Leegan_Barkin	fl976i5	u/guffysama	fl9032j	C
2020-03-23 02:11:33.840045	u/kburden120	fl976uz	u/Potatotheooflord	fl5excx	C
2020-03-23 02:11:51.550493	u/Radan155	fl9776w	u/CRUSADEROF420	fl967og	C
2020-03-23 02:11:58.150152	u/KingoftheMongoose	fl977im	u/BadActsForAGoodPrice	fl81bds	C
2020-03-23 02:12:11.723079	u/Zomby_Boi	fl977wj	u/AutoModerator	fl96wye	C
2020-03-23 02:12:20.263497	u/skyvex1	fl9784y	u/AlphaCorianderG	fl96wq9	C
2020-03-23 02:12:24.438077	u/AtahanB	fl9788m	u/y0ur-nightmare	fl85x7n	C
2020-03-23 02:12:33.829162	u/Lukeiswonder	fl978c0	u/mysticwolf016	fl8xzvg	C
2020-03-23 02:12:36.089335	u/lolipopbro101	fl978dh	u/RepostSleuthBot	fl8yr0c	C
2020-03-23 02:12:46.706166	u/TenshuSurge	fl978t5	u/rainbow227kitty	fl8ua3m	C
2020-03-23 02:12:58.903911	u/AlexThaBoatNewAcount	fl9797h	u/fualtyzane	fl976xp	C
2020-03-23 02:13:05.600550	u/Moondique	fl979dn	u/XB2006	fl977ky	C
2020-03-23 02:13:22.107398	u/sebastiangzl07yeetbo	fl979t3	u/OOF-MY-PEE-PEE	fl95r9x	C
2020-03-23 02:13:24.225428	u/Conanwal	fl979u0	u/rainbow227kitty	fl8tfnc	C
2020-03-23 02:13:31.379989	u/siggidigital	fl979zt	u/Novice-Memer	fl8cd0z	C
2020-03-23 02:13:35.762503	u/givemefuelgimmefire	fl97a1p	u/AlphaCorianderG	fl9779j	C
2020-03-23 02:13:52.172246	u/sebastiangzl07yeetbo	fl97ans	u/OOF-MY-PEE-PEE	fl97a82	C
2020-03-23 02:14:08.806968	u/7thRey	fl97az8	u/IcE13erGeR	fl8uy0g	C
2020-03-23 02:14:56.704960	u/ernierainbows	fl97cjh	u/rainbow227kitty	fl922nf	C
2020-03-23 02:15:04.011720	u/yumyum36	fl97ct1	u/SpiritofFireHS	fl95gae	C
2020-03-23 02:15:20.838570	u/Bizzbaz27	fl97d16	u/Kind-Pop	fl3zlqu	C
2020-03-23 02:15:24.760429	u/The_Brown_Panther	fl97d3c	u/SmashedPotato97	fl96d2b	C
2020-03-23 02:15:28.518223	u/TheGrandWeasel	fl97d7e	u/dragondom23675	fl94n8a	C
2020-03-23 02:15:32.527354	u/vyukanasekacka	fl97dc7	u/elongated-tuskrat	fl8eymw	C
2020-03-23 02:15:41.411150	u/ChromiumRanger	fl97dgn	u/Jerrythedude101	fl869io	C
2020-03-23 02:15:59.103001	u/yumyum36	fl97dvj	u/SpiritofFireHS	fl95gae	C
2020-03-23 02:16:02.811978	u/iamadrunk_scumbag	fl97dxo	u/genital_rot	fl96nbw	C
2020-03-23 02:16:06.066187	u/TimeBreakerBaba	fl97dza	u/abductedpeanut	fl8xqka	C
2020-03-23 02:16:09.664284	u/capricornity	fl97e0b	u/Crazyp00p00pants	fl94777	C
2020-03-23 02:16:22.121476	u/The_Brown_Panther	fl97edm	u/GERMA90	fl96i2x	C
2020-03-23 02:16:42.619389	u/PapiFran12	fl97ems	u/RuffianRolex	fl89ddw	C
2020-03-23 02:16:44.377268	u/the-cringer	fl97ene	u/AutoModerator	fl8msvy	C
2020-03-23 02:16:47.265578	u/IronLizard2007	fl97eoo	u/Tigerclaw209	fl7w2m9	C
2020-03-23 02:17:17.185739	u/altiar65	fl97fzo	u/FLYnNImp3	fl8py5m	C
2020-03-23 02:17:22.063136	u/caesarinthefreezer	fl97g28	u/flamingfire2025	fl969wi	C
2020-03-23 02:17:30.428839	u/unp0pular_0p1nion	fl97g9r	u/Xploiter_RBLX	fl63tg6	C
2020-03-23 02:17:38.892187	u/Exclusive-Devil	fl97ghb	u/nofapbull	fl95rfl	C
2020-03-23 02:17:49.294340	u/imi2559	fl97gu1	u/adrianna56785	fl7ru2e	C
2020-03-23 02:18:22.721325	u/ShortText	fl97hn3	u/Jackpot-7777	fl8hra4	C
2020-03-23 02:18:26.052397	u/BAC0N_BOY	fl97hnd	u/marshmallow_fluff1	fl929n7	C
2020-03-23 02:18:42.023941	u/nuttellabadger	fl97i5u	u/Val-Oswald	fl95pwb	C
2020-03-23 02:18:45.261722	u/Bored1Game	fl97i7q	u/GERMA90	fl96uzf	C
2020-03-23 02:19:00.249018	u/Lebanx	fl97ir8	u/IcE13erGeR	fl923qm	C
2020-03-23 02:19:04.685803	u/NXSCR	fl97ix4	u/Scindite	fl8k0g5	C
2020-03-23 02:19:06.474864	u/JEFSrustynoodle1	fl97ixo	u/kriegsmen	fl97cac	C
2020-03-23 02:19:19.660483	u/69peepeepoopoo96	fl97jl0	u/willthewhale777	fl8uean	C
2020-03-23 02:19:20.873292	u/comakode	fl97jmo	u/unclerico589	fl8txlc	C
2020-03-23 02:19:22.050983	u/DrD0lphin	fl97jnf	u/RepostSleuthBot	fl97i3s	C
2020-03-23 02:19:30.886798	u/soviet_senpai69	fl97k35	u/DJason4001	fl8bk4q	C
2020-03-23 02:19:34.637820	u/RJ_Le_Epic_Gamer	fl97kci	u/jjcrawdad	fl8xc4a	C
2020-03-23 02:19:37.533808	u/haydeeney	fl97kg8	u/ApolloThecode	fl97ewv	C
2020-03-23 02:19:38.550628	u/Droidj4ck	fl97ki0	u/BeNbUcKToO	fl91j05	C
2020-03-23 02:19:58.106373	u/MoongodRai057	fl97ljy	u/debugaderad	fl9661d	C
2020-03-23 02:19:58.636804	u/gingerbreadraza	fl97lk4	u/Kind-Pop	fl3zlqu	C
2020-03-23 02:20:20.681221	u/Mcnanner5150	fl97mb0	u/VirtualAndrew	fl97emh	C
2020-03-23 02:20:24.159598	u/help-dadcomeback	fl97mcb	u/Xploiter_RBLX	fl8xyd1	C
2020-03-23 02:20:40.587929	u/Tsukemono75	fl97mkv	u/bepisisgoodis	fl97djb	C
2020-03-23 02:20:49.375282	u/Matt-jh	fl97mxg	u/MrTouchy17	fl8qj1k	C
2020-03-23 02:21:17.339337	u/shrekboi789	fl97ngq	u/ThatPanda_YT	fl92yon	C
2020-03-23 02:21:47.959134	u/Kirell__	fl97o6p	u/UnknownFounder	fl8fqwd	C
2020-03-23 02:22:04.741233	u/ItsYaaaaBoiStinky	fl97on2	u/fualtyzane	fl97nqd	C
2020-03-23 02:22:33.645056	u/masonmk7	fl97pb7	u/Mike_Diz	fl97oha	C
2020-03-23 02:22:53.623616	u/Pylitic	fl97pix	u/RedditGamerUltimate	fl90xxl	C
2020-03-23 02:23:04.718369	u/Omgwhyismylifethis	fl97psa	u/XB2006	fl977ky	C
2020-03-23 02:23:07.897014	u/YouAbsoluteLibtard	fl97pu8	u/JohnDRocky	fl97d2o	C
2020-03-23 02:23:16.914592	u/cheesasaurs	fl97q5b	u/BeNbUcKToO	fl96xno	C
2020-03-23 02:23:37.490753	u/lonelyswarm	fl97qno	u/YouAbsoluteLibtard	fl97m86	C
2020-03-23 02:23:51.766587	u/eyebackwardsiseye	fl97qz4	u/Magpiestronkperson	fl90ws6	C
2020-03-23 02:23:53.915142	u/Spacesuitkid	fl97qzc	u/theredditer27345	fl8ztsz	C
2020-03-23 02:24:14.659542	u/eee_eeee_e	fl97rhb	u/slashth456	fl8xihg	C
2020-03-23 02:24:17.641779	u/yourworsttaco	fl97rlv	u/devilpuppy	fl8p21q	C
2020-03-23 02:24:42.733429	u/YmiruYeagerUWU	fl97sdi	u/m4a1pewpew	fl92sju	C
2020-03-23 02:25:16.393953	u/RockstarMarcy	fl97tfa	u/flamingwolfsword	fl9759p	C
2020-03-23 02:25:21.436456	u/Sweet_Mayhem	fl97th1	u/AutoModerator	fl7wsmj	C
2020-03-23 02:25:43.619159	u/legomaster42069	fl97tws	u/elongated-tuskrat	fl8m15e	C
2020-03-23 02:25:57.025207	u/Itz_theFury	fl97u7c	u/yeeticus_deleticus_	fl97oa8	C
2020-03-23 02:26:36.787206	u/This_is_no_geek	fl97v5s	u/Atomic_Duck556	fl9644d	C
2020-03-23 02:26:44.125294	u/LOAFNESSS	fl97v8v	u/Rentermk4	fl5xvax	C
2020-03-23 02:26:58.003062	u/sethtothemax	fl97vnt	u/shakethebabysilent	fl8rnzb	C
2020-03-23 02:27:03.515013	u/Tolnin	fl97vs8	u/Tyler_Valeska	fl97tr5	C
2020-03-23 02:27:19.571271	u/AwakePomegranate	fl97wbx	u/C3DU	fl8drpm	C
2020-03-23 02:27:24.756356	u/sethtothemax	fl97wg5	u/BadWo1f925	fl8lp2q	C
2020-03-23 02:27:34.975507	u/scrapfuntime2	fl97wn1	u/McGreyan	fl964ys	C
2020-03-23 02:27:55.814547	u/Aikoda	fl97xau	u/Scindite	fl97k6q	C
2020-03-23 02:27:57.504158	u/Not_Found_Meme	fl97xbp	u/Novax37149	fl96v15	C
2020-03-23 02:27:59.954105	u/Crystal_Queen_20	fl97xcr	u/meat_toboggan69	fl91ji4	C
2020-03-23 02:28:14.200894	u/JuAnTaPpeD	fl97xsy	u/fualtyzane	fl95kfz	C
2020-03-23 02:28:31.707099	u/-_-KGGery-_-	fl97yjj	u/UnknownFounder	fl8ky54	C
2020-03-23 02:28:49.356626	u/No_ThisIs_Patrick	fl97z9w	u/ApolloThecode	fl97mf2	C
2020-03-23 02:29:16.012484	u/Gizmo2014	fl980f9	u/Zomby_Boi	fl97mba	C
2020-03-23 02:29:19.182827	u/indolgofera	fl980hf	u/fualtyzane	fl97vxx	C
2020-03-23 02:29:28.541815	u/ForgotMyPassword229	fl980t8	u/AutoModerator	fl8kb54	C
2020-03-23 02:29:33.025075	u/axdawes	fl980wq	u/spinelisbeast	fl5tl4p	C
2020-03-23 02:29:49.640780	u/flubflubflubflubflub	fl981oq	u/YoshiKun23	fl965xo	C
2020-03-23 02:29:51.061689	u/UZUMAKI_07	fl981rb	u/Respect_Paying_Bot	fl980ku	C
2020-03-23 02:29:55.218236	u/ImMacii	fl981yk	u/JEFSrustynoodle1	fl97ixo	C
2020-03-23 02:29:57.852883	u/mosaicevolution	fl9829r	u/Necessary-Effect	fl75u3r	C
2020-03-23 02:29:58.422486	u/MrRyanBot	fl982bu	u/GManT007	fl8oe0t	C
2020-03-23 02:29:58.922151	u/Kaiser3130	fl982cu	u/OOF-MY-PEE-PEE	fl96e1q	C
2020-03-23 02:30:03.591600	u/supdingding	fl982mz	u/DrD0lphin	fl980hz	C
2020-03-23 02:30:07.125825	u/xXxL1B3R4LL0V469xXx	fl982q3	u/Tyrannical4	fl94gp8	C
2020-03-23 02:30:31.093184	u/MrRyanBot	fl983d3	u/Wernekinho	fl84j79	C
2020-03-23 02:30:36.446526	u/Lil_Delirious	fl983l0	u/DrD0lphin	fl97z31	C
2020-03-23 02:30:57.352418	u/DJLoogie	fl9844k	u/kipper37	fl61dzk	C
2020-03-23 02:31:08.978211	u/-King_Of_Despair-	fl984k4	u/xXxL1B3R4LL0V469xXx	fl982q3	C
2020-03-23 02:31:21.668270	u/CasperKID79	fl984xz	u/jar-jarbinksisasith	fl95guq	C
2020-03-23 02:31:55.223682	u/wama_2	fl985tt	u/Respect_Paying_Bot	fl980ty	C
2020-03-23 02:32:05.595743	u/Unreal_Darkhalis	fl985zj	u/XxWaffles09xX	fl31b9h	C
2020-03-23 02:32:32.410493	u/emkayisgood	fl986yf	u/That-One-WeirdDude	fl8v0eb	C
2020-03-23 02:32:35.774942	u/Unreal_Darkhalis	fl986ze	u/AutoModerator	fl30qj5	C
2020-03-23 02:32:39.997458	u/SpaceD0rit0	fl9872x	u/DM_ME_YOUR_PASSWORD	fl95vqj	C
2020-03-23 02:32:51.518464	u/IIMeImesII	fl987f1	u/AutoModerator	fl90625	C
2020-03-23 02:33:15.194066	u/SantosRanger	fl98829	u/Xploiter_RBLX	fl86zjx	C
2020-03-23 02:33:25.027598	u/StevenUniverseFan14	fl988kj	u/AutoModerator	fl8t16t	C
2020-03-23 02:33:31.665348	u/akontonasakis	fl988ra	u/WinterGhost4729	fl987dn	C
2020-03-23 02:33:56.222335	u/Silent_B0I	fl989k0	u/Brocolio_	fl8oobk	C
2020-03-23 02:34:10.030512	u/Rex-the-wolf	fl989xs	u/AutoModerator	fl97vg2	C
2020-03-23 02:34:14.299073	u/hiyesiwould	fl98a0n	u/Itz_theFury	fl96mke	C
2020-03-23 02:34:21.663438	u/Alissonvert	fl98a62	u/TheMafiaRulez	fl96sh3	C
2020-03-23 02:34:40.713270	u/SoakedSandwich	fl98asn	u/UnknownFounder	fl8fqwd	C
2020-03-23 02:34:46.025499	u/Tobi87600	fl98b3b	u/nofapbull	fl97jhv	C
2020-03-23 02:34:52.336603	u/The_phoenix_kun	fl98b63	u/Zomby_Boi	fl9897y	C
2020-03-23 02:34:59.118001	u/veryoriginalartist	fl98bg2	u/DrD0lphin	fl988es	C
2020-03-23 02:35:02.163511	u/drinkin_ur_squirt	fl98bie	u/masonmk7	fl97y16	C
2020-03-23 02:35:14.019069	u/caceta_furacao	fl98bxe	u/TheGrandWeasel	fl97inz	C
2020-03-23 02:35:27.861526	u/AB1876	fl98c50	u/meme_a_licious	fl97wt1	C
2020-03-23 02:35:34.931396	u/burdock869	fl98ce6	u/Spicymemez17	fl8vo7o	C
2020-03-23 02:35:41.787502	u/Nuketown2025isbest	fl98clg	u/The_Brown_Panther	fl97d3c	C
2020-03-23 02:36:17.661382	u/-THEWORLD-	fl98dkf	u/LongBakunawa	fl92v4l	C
2020-03-23 02:36:41.537082	u/beasty105	fl98dz2	u/drago5layer64	fl98d7v	C
2020-03-23 02:36:50.623265	u/Falstaffe	fl98e4q	u/Kind-Pop	fl3zlqu	C
2020-03-23 02:36:54.392098	u/Foxxwelll	fl98e6d	u/AndrewPF1998	fl96eqv	C
2020-03-23 02:37:32.771530	u/ThickJoeMama	fl98f1o	u/DrD0lphin	fl98czz	C
2020-03-23 02:37:49.176337	u/Wiesel17	fl98fgj	u/YouAbsoluteLibtard	fl97pu8	C
2020-03-23 02:38:17.322041	u/elmo-on-crack	fl98gmc	u/AlainaGo	fl96vkc	C
2020-03-23 02:38:23.643018	u/Cavalier-0	fl98gyo	u/Rinisai	fl96dth	C
2020-03-23 02:38:35.541596	u/Dilbertrequiem	fl98hg1	u/Fliperdoodles	fl8w6yz	C
2020-03-23 02:38:40.847665	u/russunit	fl98hm2	u/gaLAGtuz	fl8nymw	C
2020-03-23 02:38:43.907064	u/didimusaurus	fl98hpf	u/Kind-Pop	fl3zlqu	C
2020-03-23 02:38:46.181295	u/Jammy_Gammy_	fl98hqk	u/BananaAttacker	fl8yum5	C
2020-03-23 02:38:54.331430	u/soviet-squid-boi	fl98hzd	u/altiar65	fl97fzo	C
2020-03-23 02:39:02.465478	u/NoUsername0K	fl98i9e	u/leaderofthevirgins	fl7wzua	C
2020-03-23 02:39:11.138004	u/RAMMSHUGGAH	fl98ilm	u/Red-Is-Nice	fl9413f	C
2020-03-23 02:39:14.762761	u/Jammy_Gammy_	fl98ir0	u/BananaAttacker	fl8yum5	C
2020-03-23 02:39:22.820704	u/MagicNoodle92	fl98j51	u/YouAbsoluteLibtard	fl986rx	C
2020-03-23 02:39:32.403397	u/TallChair	fl98jjh	u/Moksh2000	fl8mqcg	C
2020-03-23 02:39:45.074705	u/Jammy_Gammy_	fl98k42	u/BananaAttacker	fl8yum5	C
2020-03-23 02:39:46.041666	u/kaasjuan	fl98k5u	u/croxcoezy	fl96d3t	C
2020-03-23 02:39:47.541152	u/3qTp1	fl98k7t	u/wama_2	fl98ea9	C
2020-03-23 02:39:49.882337	u/NeoM02	fl98k8t	u/Crazyp00p00pants	fl97esb	C
2020-03-23 02:39:53.550254	u/minerofthesun	fl98kc4	u/Kermit______	fl986t0	C
2020-03-23 02:40:00.107982	u/Turtlelix	fl98km9	u/DrD0lphin	fl98i5c	C
2020-03-23 02:40:02.504702	u/buzzboy502	fl98kmd	u/PapiFran12	fl97ems	C
2020-03-23 02:40:30.332900	u/Scarlette_Wolfe124	fl98l9v	u/Exclusive-Devil	fl97ke0	C
2020-03-23 02:40:32.659030	u/DragonFire927	fl98las	u/Hooded_Tutle	fl8ww9u	C
2020-03-23 02:40:36.179564	u/LordDaruk	fl98lgp	u/FunnyPotatoes	fl98izr	C
2020-03-23 02:40:58.407211	u/PvtJewBalls	fl98m91	u/BrendalBallentine	fl92thh	C
2020-03-23 02:41:22.102535	u/superstonks	fl98mou	u/rainbow227kitty	fl8tfnc	C
2020-03-23 02:41:49.125561	u/NOObMAsTER738	fl98niy	u/Ya_Boy_Is_On_Reddit	fl97qre	C
2020-03-23 02:41:55.531180	u/Clipper94	fl98nng	u/ApolloThecode	fl97mf2	C
2020-03-23 02:42:03.897408	u/Master_Jamez	fl98npv	u/whatislove2019	fl8gpj6	C
2020-03-23 02:42:11.243258	u/Porygon-Z2	fl98nwj	u/DM_ME_YOUR_PASSWORD	fl93qfa	C
2020-03-23 02:42:14.600570	u/B4N35P1R17	fl98ny2	u/Itz_theFury	fl96pbk	C
2020-03-23 02:42:42.543291	u/homework6969	fl98onm	u/YouAbsoluteLibtard	fl98jmv	C
2020-03-23 02:43:03.289886	u/Oxu90	fl98pnz	u/Ladderyank	fl8hepe	C
2020-03-23 02:43:19.594400	u/B4N35P1R17	fl98pvj	u/Itz_theFury	fl96pbk	C
2020-03-23 02:43:30.837825	u/Jagob5	fl98qah	u/mgcNoShoot	fl7un7s	C
2020-03-23 02:43:35.106115	u/mesutozil99	fl98qg8	u/Cavalier-0	fl98eh8	C
2020-03-23 02:43:51.364029	u/Davario_22	fl98qlx	u/scottyscotsman	fl91p52	C
2020-03-23 02:43:53.497883	u/manago_jelly	fl98qm2	u/RepostSleuthBot	fl98dd2	C
2020-03-23 02:44:04.277745	u/Dinglinger	fl98qyy	u/Athovik	fl5q54p	C
2020-03-23 02:44:22.867227	u/Kaloyan12	fl98rcs	u/TallChair	fl98jjh	C
2020-03-23 02:44:26.991108	u/khademreza33	fl98rfk	u/AutoModerator	fl86i49	C
2020-03-23 02:44:29.126695	u/Scooby_Smokes_Dooby	fl98rfm	u/Canadian-Owlz	fl95obv	C
2020-03-23 02:44:31.229908	u/citothememelord	fl98rgc	u/fualtyzane	fl97wu9	C
2020-03-23 02:44:36.713632	u/dipstjck	fl98rj9	u/myra420	fl971ut	C
2020-03-23 02:44:46.515183	u/19THEBIGSUCC91	fl98rms	u/Kaiser3130	fl94ucf	C
2020-03-23 02:44:53.592497	u/Grapeshot0	fl98rsb	u/Scooby_Smokes_Dooby	fl94qj8	C
2020-03-23 02:44:57.735267	u/Nigbobee	fl98rvt	u/OceantehPiroteFoox	fl8ubgw	C
2020-03-23 02:45:08.491787	u/Code_Ded	fl98s3x	u/abductedpeanut	fl8t0y8	C
2020-03-23 02:45:16.179173	u/catattac1230	fl98sh4	u/AutoModerator	fl8k5bu	C
2020-03-23 02:45:23.643097	u/kch-gaming	fl98sml	u/AutoModerator	fl96dw0	C
2020-03-23 02:45:31.518744	u/SashaWoodson	fl98syu	u/thegamerplayer5S	fl98e2r	C
2020-03-23 02:45:33.498311	u/IAmClyde42	fl98szm	u/jOhNnYbOi455	fl8u2n7	C
2020-03-23 02:45:35.483896	u/kcb43	fl98t3p	u/Scindite	fl8kicl	C
2020-03-23 02:45:41.748854	u/NiceGuyKai	fl98t8y	u/YouAbsoluteLibtard	fl98jmv	C
2020-03-23 02:45:49.929897	u/rafi2398	fl98tja	u/Bierbart12	fl95lyo	C
2020-03-23 02:46:14.174327	u/SMlogs	fl98u0f	u/thisidntpunny	fl8po94	C
2020-03-23 02:46:23.759950	u/FlameBall128453	fl98uhj	u/jjcrawdad	fl8xc4a	C
2020-03-23 02:46:26.455351	u/HubbieDubbie123	fl98uiy	u/M4DDG04T	fl96es6	C
2020-03-23 02:46:39.665100	u/FreshBr3ad	fl98uxe	u/DJsupaman	fl96lw4	C
2020-03-23 02:47:02.570515	u/OryxIsDad	fl98viy	u/Bierbart12	fl95qkc	C
2020-03-23 02:47:04.392585	u/ygrhmn	fl98von	u/Fire-Nation-17	fl97460	C
2020-03-23 02:47:07.506581	u/ForeverRayne7	fl98vse	u/nottherealyobama	fl5lzax	C
2020-03-23 02:47:23.439896	u/AnActualGod1	fl98we2	u/i-dont-fuckin-knoe	fl8zlwf	C
2020-03-23 02:47:34.121823	u/anime_forever03	fl98wjp	u/DrD0lphin	fl98rra	C
2020-03-23 02:47:42.465280	u/Charles_the_duck69	fl98wrc	u/Tony-the-l3v1crush3r	fl8bzlg	C
2020-03-23 02:47:51.004225	u/Stefi007	fl98x1x	u/SeriousUndead30	fl7juxd	C
2020-03-23 02:47:56.536826	u/Laurinand	fl98x7t	u/IAmClyde42	fl98szm	C
2020-03-23 02:47:59.056498	u/brokebillgates	fl98xbk	u/I_like_the_abuse	fl83uld	C
2020-03-23 02:48:05.980633	u/mrsuns10	fl98xi3	u/RAMMSHUGGAH	fl98ilm	C
2020-03-23 02:48:28.913183	u/IronMan2024	fl98y8v	u/ImPartAsian	fl8kn6s	C
2020-03-23 02:48:38.497107	u/Stefi007	fl98ynn	u/UsernameInUseNow	fl7cggk	C
2020-03-23 02:48:40.017568	u/___courier___	fl98ynx	u/AKA_Dr_AquaFresh	fl96zd5	C
2020-03-23 02:48:44.598830	u/DJHypnotik	fl98yr5	u/Burns263	fl96hmy	C
2020-03-23 02:48:49.498173	u/Mikono_miko	fl98yux	u/MoongodRai057	fl97pyx	C
2020-03-23 02:48:56.285688	u/MrGenius9000	fl98z1r	u/hotpotatodude	fl96jxe	C
2020-03-23 02:49:03.567022	u/sub-to-pewdiepie1	fl98za2	u/SpaceD0rit0	fl98yrn	C
2020-03-23 02:49:05.093380	u/kahlix	fl98zas	u/AutoModerator	fl8t16t	C
2020-03-23 02:49:10.750205	u/zebrahorse69420	fl98zjm	u/kniattempler	fl90lln	C
2020-03-23 02:49:15.072938	u/derpetia	fl98zrj	u/GordonSucksAtLife	fl8fuu1	C
2020-03-23 02:49:40.364602	u/JAZZZZ13	fl990wy	u/-THEWORLD-	fl98dkf	C
2020-03-23 02:49:43.297802	u/metalspider77	fl99101	u/BigFatWorms	fl96lxf	C
2020-03-23 02:49:52.841259	u/Jawleene	fl991jo	u/spinelisbeast	fl8s74u	C
2020-03-23 02:49:55.485315	u/JAZZZZ13	fl991ld	u/BananaAttacker	fl92l2z	C
2020-03-23 02:50:17.097935	u/Jsboii	fl9926n	u/AutoModerator	fl81o8w	C
2020-03-23 02:50:19.444880	u/DK_GoneWild	fl992b6	u/Zarex389	fl95ggj	C
2020-03-23 02:50:37.894438	u/GeraltOfRivian	fl992r9	u/EmptyOrangeJuice	fl91ezu	C
2020-03-23 02:51:00.475724	u/brook1888	fl9939j	u/GERMA90	fl96i2x	C
2020-03-23 02:51:15.902736	u/Shaackleton	fl993qi	u/yumyum36	fl97ct1	C
2020-03-23 02:51:31.207290	u/Maggot2017	fl993zg	u/fualtyzane	fl92gix	C
2020-03-23 02:51:52.782171	u/X13M	fl994ba	u/This_is_no_geek	fl96cah	C
2020-03-23 02:51:57.274591	u/uncle-sausage	fl994eq	u/TheUserWolf	fl93ekd	C
2020-03-23 02:52:00.495244	u/mr_annoying_dog	fl994fd	u/yumyum36	fl97ct1	C
2020-03-23 02:52:15.050103	u/TheMooderator	fl994s8	u/RepostSleuthBot	fl9937x	C
2020-03-23 02:52:31.749552	u/Lurcolm	fl995ka	u/ExtensionRegular1	fl991ge	C
2020-03-23 02:52:35.188222	u/Yesterdaymore99	fl995ms	u/TheMafiaRulez	fl98cc7	C
2020-03-23 02:53:25.907521	u/gaming-gam3r	fl996ta	u/poorly_timed_fuck	fl8j05z	C
2020-03-23 02:53:30.085458	u/Char_lie13	fl996v2	u/Kaiser3130	fl94ucf	C
2020-03-23 02:53:35.031136	u/misterportugal	fl996ya	u/rafi2398	fl98tja	C
2020-03-23 02:53:38.210878	u/NotATakenUser	fl9973r	u/XanRaygun	fl83hdh	C
2020-03-23 02:53:48.602723	u/EazyArts	fl997j1	u/Tolnin	fl98hv1	C
2020-03-23 02:54:11.618391	u/committreason	fl998jq	u/ssjreditor	fl8fwk8	C
2020-03-23 02:54:15.639947	u/ThreadRetributionist	fl998o8	u/JelloMinister	fl90utb	C
2020-03-23 02:54:37.900189	u/linzak	fl99938	u/BigFatWorms	fl96lxf	C
2020-03-23 02:54:41.785815	u/JoeDaBoi	fl99966	u/Xploiter_RBLX	fl8uocs	C
2020-03-23 02:54:53.206435	u/HoloIsWaifu	fl999e5	u/GlowingIcefire	fl95b5p	C
2020-03-23 02:55:04.507844	u/Assassin1089	fl999kk	u/offrythem	fl94nob	C
2020-03-23 02:55:15.198891	u/Char_lie13	fl999th	u/Ill_ThinkOfOneLater	fl96k15	C
2020-03-23 02:55:28.275789	u/bcmarss	fl99a4e	u/RepostSleuthBot	fl962rc	C
2020-03-23 02:55:37.266385	u/YanLasagna	fl99ad4	u/OnionRights	fl96yec	C
2020-03-23 02:56:02.145670	u/TRAClassics	fl99av4	u/FLYnNImp3	fl8py5m	C
2020-03-23 02:56:12.578011	u/ButterscotchButthair	fl99b3f	u/That-One-WeirdDude	fl8v0eb	C
2020-03-23 02:56:26.663405	u/TheMysticFez	fl99bfk	u/OGbasegalaxy	fl8css1	C
2020-03-23 02:56:36.304801	u/Starman997	fl99brc	u/WinterGhost4729	fl99aos	C
2020-03-23 02:56:39.854443	u/HideTheRebel	fl99brs	u/Jon-Shannow	fl95xz9	C
2020-03-23 02:56:43.265810	u/toastytoast4	fl99btb	u/NeoM02	fl98k8t	C
2020-03-23 02:57:00.463497	u/wsnaw365	fl99ckb	u/Sagybagy	fl911zf	C
2020-03-23 02:57:24.710787	u/Amblit	fl99dci	u/yourmumgae22	fl96lj1	C
2020-03-23 02:57:46.148418	u/JeezJack	fl99dr9	u/syndicate1024	fl86xmy	C
2020-03-23 02:58:03.404739	u/kannin92	fl99egx	u/Nuketown2025isbest	fl98clg	C
2020-03-23 02:58:15.837533	u/MyTurtleApril	fl99est	u/scps53770	fl8xod5	C
2020-03-23 02:58:20.654712	u/I_feeel_different	fl99ewy	u/PastryFox	fl9925s	C
2020-03-23 02:58:49.633233	u/zitroniaque	fl99ges	u/misterman573	fnd7j9	S
2020-03-23 02:58:52.853889	u/wantedmaniac	fl99gk9	u/JOOCY_ChestPump	fl98doo	C
2020-03-23 02:58:55.215321	u/UltraFagToTheRescue	fl99gn1	u/TheUserWolf	fl93ekd	C
2020-03-23 02:59:04.559649	u/barakados	fl99gzt	u/m4a1pewpew	fl92sju	C
2020-03-23 02:59:10.594604	u/kubsonson	fl99h78	u/swouoosh	fl99g25	C
2020-03-23 02:59:20.629012	u/Actually_Thicc	fl99hro	u/jar-jarbinksisasith	fl959e5	C
2020-03-23 02:59:26.914443	u/Altairve	fl99i1m	u/FLYnNImp3	fl8py5m	C
2020-03-23 02:59:37.979222	u/epicglicher	fl99ix1	u/Zomby_Boi	fl98xlz	C
2020-03-23 02:59:41.970471	u/Mozhetbeats	fl99j6c	u/shakethebabysilent	fl7puni	C
2020-03-23 02:59:42.926065	u/CrazyPiXeLs916	fl99j6u	u/xXxL1B3R4LL0V469xXx	fl982q3	C
2020-03-23 02:59:44.324587	u/ScevXM	fl99j9y	u/bothacker2	fl98mbk	C
2020-03-23 02:59:47.965240	u/epicglicher	fl99jhr	u/Zomby_Boi	fl990yi	C
2020-03-23 02:59:51.284187	u/TheCorruption	fl99jjt	u/yumyum36	fl97ct1	C
2020-03-23 02:59:59.669932	u/pizzaisnotgay	fl99jyu	u/wiscup1748	fl95vkh	C
