2020-03-24 10:00:10.140085	u/ktyre0986	fld6hzr	u/DefaultText	fld1swi	C
2020-03-24 10:00:40.856132	u/SandManic42	fld6ir0	u/Da_MEME_GOD42069	flczjro	C
2020-03-24 10:00:49.012297	u/XFATEX_Falk	fld6iuc	u/Dillpickleater	fld5vy2	C
2020-03-24 10:01:08.519921	u/Ghosterboss	fld6j9z	u/fighter27	fld6f1o	C
2020-03-24 10:01:21.236636	u/maokopi	fld6jim	u/miragen125	fld2dzd	C
2020-03-24 10:01:24.706514	u/420_Sittin_Pigeon_69	fld6jm3	u/TheiPotter	fld5bcf	C
2020-03-24 10:01:45.537993	u/HG_Rick	fld6jzc	u/wardio4	flcuht9	C
2020-03-24 10:01:49.310104	u/Dynovore	fld6k40	u/abductedpeanut	flcnbwt	C
2020-03-24 10:01:51.611336	u/Danielthegamer699	fld6k4l	u/AwkwardAidenYT	fld6j4l	C
2020-03-24 10:01:56.703564	u/deadsanta69	fld6k7w	u/Berungee	flcl1gm	C
2020-03-24 10:02:18.135547	u/dangshnizzle	fld6kn8	u/P3rdix	flap72u	C
2020-03-24 10:02:27.131668	u/WindFurry37	fld6kwv	u/BattlNerd	fld4ka3	C
2020-03-24 10:02:54.750370	u/Panda1019	fld6lgs	u/DarkShadder	flcxhan	C
2020-03-24 10:03:05.445147	u/StormySands	fld6lr1	u/AyaJune	fld2c99	C
2020-03-24 10:03:21.904422	u/WhatsMaddenBro	fld6mb9	u/AK24ROCKS	fld1fa9	C
2020-03-24 10:03:28.623553	u/kat-lego	fld6mfl	u/vinatoru	flcnv4h	C
2020-03-24 10:03:35.106003	u/PotentialRuin	fld6mja	u/datboi288	fld0l4u	C
2020-03-24 10:04:15.831684	u/Dr_Odin	fld7p7z	u/flashyboy123	fld6nj1	C
2020-03-24 10:04:50.336871	u/Eric-01	fld7pqe	u/NeevaErcevan	fld5ovf	C
2020-03-24 10:05:02.941282	u/Unc1e_Boris	fld7q20	u/JimiTheGamerYT	fld7g1m	C
2020-03-24 10:05:12.414051	u/0x474f44	fld7qfa	u/Malifry9705	fld7lh7	C
2020-03-24 10:05:19.532321	u/YourAvrageBoris	fld7qio	u/696969lols2	fld7jr3	C
2020-03-24 10:05:22.487846	u/Jazimhammad	fld7qlb	u/EinfachPhilipp28	flctz0j	C
2020-03-24 10:05:29.105694	u/Fun1892	fld7qpv	u/Mythun4523	flcyt42	C
2020-03-24 10:05:37.527487	u/Jazimhammad	fld7qx7	u/RedMatt71	fld76zg	C
2020-03-24 10:05:49.865269	u/Nyghen	fld7rfw	u/tuittelituu	fld6au7	C
2020-03-24 10:05:54.668357	u/jaynor88	fld7riy	u/LookedSilver9	fld685m	C
2020-03-24 10:05:59.618736	u/VincentVile386	fld7rsf	u/AlaS_Is_FAT	fld71kr	C
2020-03-24 10:06:05.294342	u/g0-5uck-4-d1ck	fld7rx4	u/AutoModerator	fld6u4g	C
2020-03-24 10:06:20.447797	u/Fiskelord	fld7six	u/RepostSleuthBot	fld7k4c	C
2020-03-24 10:06:30.910086	u/ironhand97	fld7t2c	u/abductedpeanut	flcnbwt	C
2020-03-24 10:06:34.722667	u/Ayeemane1	fld7t4c	u/abductedpeanut	flcnbwt	C
2020-03-24 10:06:40.306441	u/alloush44	fld7t6x	u/RogueOfLemons	flcuvvk	C
2020-03-24 10:06:54.694122	u/FatefulWaffle	fld7twv	u/farisisgoingtokillu	fld47tc	C
2020-03-24 10:06:59.366314	u/Kaczaffi	fld7u0q	u/Snowdragondaddy	fld7pwf	C
2020-03-24 10:07:01.182412	u/reh_an123	fld7u2b	u/AwkwardAidenYT	fld7qol	C
2020-03-24 10:07:12.687088	u/flukulele	fld7uji	u/tntyeeterOOF	fld6qfq	C
2020-03-24 10:07:17.228120	u/datsWatSheSaid722	fld7upu	u/toothed_mustard_jar	fld4oyf	C
2020-03-24 10:07:52.051848	u/ZIJOH	fld7w7n	u/ItCameFr0mMars	fld276o	C
2020-03-24 10:07:54.510852	u/why-so-pro	fld7wd9	u/a_person8472	fld0tec	C
2020-03-24 10:08:02.116070	u/Nope_is_Dope	fld7wli	u/Fun1892	fld7qpv	C
2020-03-24 10:08:06.962343	u/chugzy7	fld7wv8	u/YoYoboi1313	fld7s6j	C
2020-03-24 10:08:10.605717	u/Sanos_1011	fld7wz6	u/Nanotaku06	fld6f5r	C
2020-03-24 10:08:17.082975	u/powellmunroholzner	fld7x31	u/Unknown_Narwhal	fld6xl6	C
2020-03-24 10:08:21.939930	u/BignAngry	fld7xca	u/bad_reflexes	fld60sd	C
2020-03-24 10:08:23.572268	u/outboard_mango	fld7xfn	u/smoll_boi_fire	fld7q4n	C
2020-03-24 10:08:28.856655	u/MrHanslaX	fld7xnd	u/kyoger_Busted	fld1d7n	C
2020-03-24 10:08:35.318792	u/timfp	fld7xy1	u/bad_reflexes	fld60sd	C
2020-03-24 10:08:36.846052	u/FuriousFish1	fld7xye	u/Tabitza	fld5bdn	C
2020-03-24 10:08:38.488825	u/Sanos_1011	fld7y2c	u/Sanos_1011	fld7wz6	C
2020-03-24 10:08:39.901286	u/69_IQ_GENIUS	fld7y3b	u/AutoModerator	fld0sup	C
2020-03-24 10:08:44.759160	u/_Snazzer_	fld7ybi	u/Fudge-Boi	fld7bab	C
2020-03-24 10:09:03.017264	u/Stark_salin	fld7zey	u/YoYoboi1313	fld7s6j	C
2020-03-24 10:09:31.380802	u/sloppy-unicorn	fld80zr	u/Alt_Alpha9	fld2wht	C
2020-03-24 10:09:40.470594	u/mmitchell835	fld81r2	u/RaNdOmKaReNdEsTrOyEr	flcm3gz	C
2020-03-24 10:09:45.823016	u/Boozardo	fld821e	u/SmartSwagg	fld4iep	C
2020-03-24 10:09:52.399574	u/FartSlayer223	fld82ej	u/9yr-old-bro190	fld7kbj	C
2020-03-24 10:09:54.354762	u/z338h4n	fld82js	u/06Grill	fld7t4f	C
2020-03-24 10:09:59.022404	u/LokPy	fld83bj	u/mattymattttt	flcz2ed	C
2020-03-24 10:09:59.571181	u/TheChrispr	fld83ep	u/evelyn_young	fld4d5e	C
2020-03-24 10:10:08.548505	u/Cocroachonmyserial	fld83xj	u/LikeHarambeMemes	fld58h0	C
2020-03-24 10:10:12.117155	u/HenessyJacob	fld83yr	u/eszynka	flcskcx	C
2020-03-24 10:10:27.558332	u/Djmaxx47	fld84dn	u/Tru_Drone_Videos	fld83gv	C
2020-03-24 10:10:38.245511	u/Djmaxx47	fld8504	u/Djmaxx47	fld84dn	C
2020-03-24 10:10:59.441370	u/Eldoddtheman	fld85os	u/BackTireBakhtyar	flck5yd	C
2020-03-24 10:11:13.278431	u/Vinsmokesnj	fld867b	u/Kokachi	fld6bxy	C
2020-03-24 10:11:16.702939	u/BigBoyKetamine	fld8696	u/RepostSleuthBot	flcy38c	C
2020-03-24 10:11:18.962355	u/GavinMcLOL	fld869x	u/Tru_Drone_Videos	flcdxco	C
2020-03-24 10:11:21.243723	u/doseofvitamink	fld86ax	u/z338h4n	fld82js	C
2020-03-24 10:11:25.074650	u/Russkoe	fld86en	u/DerekYeeter4307	fld3f5v	C
2020-03-24 10:11:37.281153	u/chookgirl	fld86ub	u/Salad121212	flcwrvk	C
2020-03-24 10:11:50.612099	u/sepponi	fld874q	u/mysticwarrior222	fld857n	C
2020-03-24 10:12:23.148141	u/Mammoth007	fld87zy	u/Daddy__Boi	flcqbf3	C
2020-03-24 10:12:25.477909	u/deatharrow999	fld883v	u/ItsNotARubiksCube	flb9nx9	C
2020-03-24 10:12:31.074226	u/Im-literally-satan	fld885r	u/fighter27	fld6kj8	C
2020-03-24 10:12:50.344113	u/iiWedo	fld88re	u/Hector_Tueux	fld5r2j	C
2020-03-24 10:13:00.805524	u/omusa_akane	fld8947	u/FuckinGandalfManWoah	flcz16q	C
2020-03-24 10:13:34.668883	u/Hobo_KK	fld8aif	u/maokopi	fld6jim	C
2020-03-24 10:14:06.123740	u/CuppaJoe23	fld8bh2	u/alloush44	fld86t3	C
2020-03-24 10:14:13.809523	u/Sapphire527	fld8blr	u/LordCookieKarma69	fld4fyh	C
2020-03-24 10:14:31.058468	u/PoorsquidNL	fld8c4k	u/RepostSleuthBot	flczamt	C
2020-03-24 10:14:57.342177	u/RoyKoopa4	fld8cwd	u/flukulele	fld7uji	C
2020-03-24 10:15:03.365893	u/IsDaBomBoi	fld8d6v	u/SWaG_oF_NoOBiE	fld60ji	C
2020-03-24 10:15:08.615558	u/namastyler	fld8deo	u/Pro_Gamer_Ahsan	flazk3w	C
2020-03-24 10:15:19.099535	u/CasualRebelDuckMug	fld8dzb	u/FranchuFranchu	fld2lqt	C
2020-03-24 10:15:23.448713	u/PraestSH	fld8e31	u/LordTaco420	flch286	C
2020-03-24 10:15:25.574558	u/i_like_miniwheats	fld8e3q	u/LT08978	fld8b8x	C
2020-03-24 10:15:27.620057	u/Grunger10	fld8e4p	u/simavok	fld2fxl	C
2020-03-24 10:15:43.224655	u/Coolguy9228	fld8ehw	u/Chello-fish	fld37x7	C
2020-03-24 10:16:01.043690	u/Swishgaming68	fld8fb8	u/Jason_Giambis_Thong	fld3m13	C
2020-03-24 10:16:18.601352	u/crazylazyjake	fld8g1p	u/Http-Chief	fld0rm4	C
2020-03-24 10:16:20.580119	u/gucolombinireddit	fld8g30	u/mysticwarrior222	fld7yc0	C
2020-03-24 10:16:32.648688	u/Jaxonian501	fld8gqr	u/wadermeloun	fld71pf	C
2020-03-24 10:16:37.452985	u/SulfuricLSD18	fld8gv3	u/Rheevalka	flcsykw	C
2020-03-24 10:16:46.974835	u/fingerboard_	fld8h2n	u/sepponi	fld8e9k	C
2020-03-24 10:17:07.259693	u/__padfoot23	fld8hrh	u/Ruspa4nale	fld7mjq	C
2020-03-24 10:17:10.868565	u/mazen26	fld8hxr	u/AwkwardAidenYT	fld8grb	C
2020-03-24 10:17:14.516348	u/bobEdgar1	fld8hzb	u/LordTaco420	flch286	C
2020-03-24 10:17:26.470463	u/CannyToon	fld8i7x	u/saltysquid_	fld83um	C
2020-03-24 10:17:42.169043	u/LiterallyDennisQuaid	fld8is6	u/antoniodiavolo	flcgw35	C
2020-03-24 10:17:43.880005	u/-Braydon-	fld8isx	u/bro--wtf	fld7eph	C
2020-03-24 10:17:54.037790	u/Shubhanshuprak	fld8j13	u/Scuid_HD	fld6704	C
2020-03-24 10:18:18.009720	u/Shubhanshuprak	fld8jqu	u/sahaDizel	fld2gd9	C
2020-03-24 10:18:41.725615	u/InfectionZoey	fld8knb	u/Tru_Drone_Videos	flcedv4	C
2020-03-24 10:18:55.160029	u/Bendixer	fld8l35	u/Banananananananalex	flcff0u	C
2020-03-24 10:19:11.729340	u/memezop	fld8lo4	u/chookgirl	fld7e6p	C
2020-03-24 10:19:18.520680	u/dogggo1	fld8lym	u/toothed_mustard_jar	fld4oyf	C
2020-03-24 10:19:23.829231	u/mindbending20	fld8mcc	u/jaybankzz	flczn8l	C
2020-03-24 10:19:31.000812	u/IanMario64	fld8mk1	u/Cocroachonmyserial	fld89bc	C
2020-03-24 10:19:50.956596	u/Retr0_21	fld8o2v	u/LokPy	fld83bj	C
2020-03-24 10:20:11.955634	u/worms9	fld8p79	u/bigchungusisthicc69	fld57nx	C
2020-03-24 10:20:55.635232	u/Virologic1717	fld8qde	u/redditfag66	flbjzok	C
2020-03-24 10:21:07.720129	u/Naggers123	fld8qqe	u/GassyGru	flat7tj	C
2020-03-24 10:21:16.077801	u/qazqazqaz1234	fld8qun	u/AwkwardAidenYT	fld7blx	C
2020-03-24 10:21:18.371050	u/Droid3560	fld8qvw	u/AmaterasuWolf21	fld672e	C
2020-03-24 10:21:23.411927	u/Tonka-alt	fld8r0k	u/IanMario64	fld8mk1	C
2020-03-24 10:21:40.762344	u/DangerousHeadhunter	fld8rn6	u/electr9	fld29wi	C
2020-03-24 10:21:48.286883	u/ChugBingus	fld8rr0	u/billybob_jr	fld5r8y	C
2020-03-24 10:22:19.494207	u/pratttatt	fld8sef	u/MRpotatoidk	fld8pxl	C
2020-03-24 10:22:25.021419	u/weirdoldpeople	fld8sgh	u/EneXo	flcynq0	C
2020-03-24 10:22:38.602298	u/ExecIntrovert	fld8szw	u/zitchat	fld5n5r	C
2020-03-24 10:22:55.458501	u/Some_Guy-2	fld8the	u/Barney-Powell	flcw1x6	C
2020-03-24 10:22:57.702911	u/TheIronDuke18	fld8tkj	u/ShortText	fld8o81	C
2020-03-24 10:23:21.096960	u/nintendont2005	fld8u49	u/Emperor_O_Memes	fld7mcg	C
2020-03-24 10:23:38.627216	u/mkrimmer	fld8ufn	u/santkedar	flcrqpc	C
2020-03-24 10:24:02.435054	u/mercury_in_retrogade	fld8v0m	u/Ayvias	flcyw2q	C
2020-03-24 10:24:04.582402	u/0Greg0	fld8v1l	u/RepostSleuthBot	fld6gx8	C
2020-03-24 10:24:48.394967	u/TheBlessedGalaxy	fld8w5g	u/PsychoLiv	fld8ris	C
2020-03-24 10:25:02.269460	u/OddMrThePanda	fld8wea	u/annoying_ravenclaw	flcrb17	C
2020-03-24 10:25:23.736468	u/DemonicLemon02	fld8wuq	u/DeadlyCanister	fld3m56	C
2020-03-24 10:25:27.937129	u/The_Legendary_Snek	fld8wwn	u/RepostSleuthBot	flcvbfs	C
2020-03-24 10:25:35.265764	u/LukeDuzGaming	fld8x4c	u/MrKrabs13	flcrzd8	C
2020-03-24 10:25:47.525376	u/d-o-o-p-w	fld8xe6	u/Bebe_Yoda-69	fld8j7d	C
2020-03-24 10:25:54.569293	u/catloverintexas	fld8xs4	u/jaybankzz	fld6pdm	C
2020-03-24 10:26:11.527629	u/Thisishard26	fld8y45	u/memetaco97	fld783s	C
2020-03-24 10:26:18.927821	u/Gph8820	fld8y80	u/AutoModerator	flcrm0p	C
2020-03-24 10:26:25.485767	u/Starland123	fld8ygh	u/Kind-Pop	fl3zlqu	C
2020-03-24 10:26:56.767273	u/Drambonii	fld8zf6	u/wizardkoer	fld62mu	C
2020-03-24 10:27:01.596857	u/JamesLeeThunder	fld8zk3	u/RepostSleuthBot	fld7yih	C
2020-03-24 10:27:04.733610	u/Saitama_Sensei_	fld8zpp	u/farisisgoingtokillu	fld8ml2	C
2020-03-24 10:27:30.838786	u/denhamfree	fld90ak	u/Morellonomiconas	fld5f0n	C
2020-03-24 10:28:05.310661	u/FuniGuy15	fld917x	u/timfp	fld7xy1	C
2020-03-24 10:28:19.285213	u/MichelleObamasCockkk	fld91wm	u/Ferral_Cat	flcu10t	C
2020-03-24 10:28:54.093541	u/Memorableman	fld93ii	u/ciantully12	fld4clg	C
2020-03-24 10:28:56.857860	u/archbroarch	fld93lu	u/xaviii_	flczth7	C
2020-03-24 10:29:07.100233	u/1-Simom	fld9406	u/Idiotic_Wizard	flco6vp	C
2020-03-24 10:29:24.769966	u/Sorxleva	fld94pf	u/CheeriodudeL45	fl9ew5d	C
2020-03-24 10:29:30.726222	u/dopiertaj	fld94wx	u/sepponi	fld7n3h	C
2020-03-24 10:29:36.264576	u/vauchesantana	fld953a	u/Nekattnsiemantaht	fld3cga	C
2020-03-24 10:29:56.546323	u/BlacSun	fld96if	u/punkmaster69	fld1hy8	C
2020-03-24 10:29:58.333302	u/Volcanic8171	fld96sy	u/TheWise07	flbeps3	C
2020-03-24 10:30:00.235433	u/MSMomany23	fld96wv	u/ThiccDucksAndBooks	fld8p9g	C
2020-03-24 10:30:21.871958	u/ConJohn42	fld97j1	u/RepostSleuthBot	fld1rb1	C
2020-03-24 10:30:29.466001	u/theReal_Kirito	fld97vm	u/mysticwarrior222	fld8411	C
2020-03-24 10:30:37.901907	u/MSMomany23	fld9814	u/ThiccDucksAndBooks	fld8p9g	C
2020-03-24 10:30:41.362837	u/iRepliToU	fld981m	u/Potatotheooflord	fl5lx1y	C
2020-03-24 10:30:49.805931	u/BunsLinkBoi	fld988m	u/powellmunroholzner	fld7x31	C
2020-03-24 10:30:52.203563	u/B-a-k-e-d_B-e-a-n	fld98bt	u/evelyn_young	fld6xql	C
2020-03-24 10:30:58.314052	u/cameron699696	fld98ie	u/Cocroachonmyserial	fld89bc	C
2020-03-24 10:31:22.573477	u/jasmineoof	fld996e	u/minicooper78	fld6aq4	C
2020-03-24 10:31:30.025926	u/FranksterTankster	fld99hm	u/RepostSleuthBot	fld8zy7	C
2020-03-24 10:31:39.694421	u/Chazaguy	fld99p1	u/AwkwardAidenYT	fld6u0s	C
2020-03-24 10:31:49.122803	u/MountEverfresh53	fld99ux	u/PM-ME-YOUR-PASSWORD-	flcetyb	C
2020-03-24 10:32:17.631062	u/Danjal372	fld9aor	u/RepostSleuthBot	flcvc7m	C
2020-03-24 10:32:53.959346	u/Exstreamise	fld9by0	u/Scupake	fld4452	C
2020-03-24 10:33:06.022945	u/Exstreamise	fld9cuc	u/Exstreamise	fld9by0	C
2020-03-24 10:33:19.258673	u/Uncrowned_EvilQueen	fld9d4b	u/emptyredpartycup	flcnvgl	C
2020-03-24 10:33:29.362451	u/JustComments6841	fld9ded	u/VVachter	fld3v4o	C
2020-03-24 10:33:36.320423	u/TheeDavidChrist	fld9dja	u/NoiceMango	flcpa10	C
2020-03-24 10:34:01.378508	u/BlackThunder_39	fld9e48	u/powellmunroholzner	fld7x31	C
2020-03-24 10:34:04.583499	u/loopdaed_mI	fld9e6b	u/_Poshington_	fld4rh0	C
2020-03-24 10:34:11.590527	u/DafaqVidz	fld9ehc	u/MrGenius9000	fld6xgr	C
2020-03-24 10:34:19.426994	u/szsfitz	fld9end	u/Happy_doot	flbesr0	C
2020-03-24 10:34:30.516647	u/JonMit123	fld9ewy	u/Juniper118	fld4sen	C
2020-03-24 10:34:49.966433	u/TheDistraction04	fld9fil	u/SunnierFlyer743	flcs069	C
2020-03-24 10:34:56.626811	u/Kraken_zero	fld9foc	u/uSrNm-ALrEAdy-TaKeN	fld9d50	C
2020-03-24 10:35:03.240826	u/talentedbilldill	fld9fvx	u/MemeForPresident	flcoiy8	C
2020-03-24 10:35:06.337467	u/gekkoman150	fld9fyv	u/zitchat	fld8mdv	C
2020-03-24 10:35:20.970344	u/TIMBO0324	fld9gj3	u/NeoLone	flbe0i1	C
2020-03-24 10:35:28.608660	u/Be-Evil	fld9grt	u/ZaDDyNek	flcuurb	C
2020-03-24 10:35:35.045698	u/Marcus69-420	fld9gyr	u/Idk_to_put_here	fld8l98	C
2020-03-24 10:35:41.558079	u/justagiraffewithahat	fld9hds	u/ShortText	fld8o81	C
2020-03-24 10:35:52.593319	u/Ze_Galaxy_Cat	fld9hw1	u/Amal_Jayakumar	flcq9t1	C
2020-03-24 10:36:00.674456	u/Laternen	fld9i7e	u/LordTaco420	flch286	C
2020-03-24 10:36:03.748642	u/Adam_Nizami	fld9ib5	u/currymonster3000	fl62nt3	C
2020-03-24 10:36:15.991129	u/MinisterMoose	fld9iny	u/Tonyke_13	flcyyso	C
2020-03-24 10:36:20.664985	u/MartaSch	fld9iqr	u/CryoAnt	flck7de	C
2020-03-24 10:36:31.611332	u/sideroig	fld9j5g	u/Hobo_KK	fld8aif	C
2020-03-24 10:36:40.612132	u/The_1023635th_user	fld9jg6	u/fantasie037	fld93mw	C
2020-03-24 10:37:03.707565	u/Guzzel12	fld9kwf	u/JazzistBoi402	flcr98f	C
2020-03-24 10:37:14.153696	u/Aiphaa	fld9lbw	u/landrover97centre	flcsh4d	C
2020-03-24 10:38:11.719580	u/mrshrub14	fld9nkn	u/YourAvrageBoris	fld7qio	C
2020-03-24 10:38:42.744529	u/EMEYDI	fldav6h	u/CooleyBrekka	fld7c5t	C
2020-03-24 10:38:50.595194	u/NameOfAction	fldavoj	u/robin_joker	flczg8p	C
2020-03-24 10:38:57.884055	u/Vebvorox	fldavz2	u/twiceforcedsucc	fldatrh	C
2020-03-24 10:39:05.414828	u/12tie	fldaw84	u/AutoModerator	fl9hc4x	C
2020-03-24 10:39:17.158471	u/longjia_raptor_kiki	fldawut	u/calloss	fldasxk	C
2020-03-24 10:39:30.261721	u/The_Nils31	fldaxsm	u/ToeyToeToe	fld4wfk	C
2020-03-24 10:39:35.732129	u/harrrharrrhar	flday3i	u/leHiergendwo	fld8u8n	C
2020-03-24 10:39:38.753983	u/sho_e	flday9a	u/syndicate1024	flcvshh	C
2020-03-24 10:39:42.192111	u/Me1132	fldayhz	u/XxEleanoraXx	fld24x5	C
2020-03-24 10:39:43.980053	u/SomeOneFromReddit	fldayj1	u/miragen125	fo4ncq	S
2020-03-24 10:39:46.761187	u/dkd123	fldayp5	u/moonsheeper	fldaez3	C
2020-03-24 10:40:11.149087	u/rwoooshed	fldb0fm	u/PotentialRuin	fld7ptw	C
2020-03-24 10:40:23.048270	u/aVanBoii	fldb0uc	u/Jeynarl	fld50oy	C
2020-03-24 10:40:29.450545	u/vitinhuDF	fldb13x	u/DragoDoctor67	fld8gds	C
2020-03-24 10:40:31.878946	u/Karlthechilldude	fldb15o	u/Doctor-Rat-32	fldax53	C
2020-03-24 10:40:39.344238	u/Depressedpotatoowo	fldb19y	u/vinatoru	fld1y51	C
2020-03-24 10:41:06.431964	u/DeshAsian	fldb1yv	u/Koenieboy666	fld2ln6	C
2020-03-24 10:41:18.049966	u/The-Bigger-Brain	fldb26y	u/Amal_Jayakumar	fld7dmd	C
2020-03-24 10:41:22.836019	u/Insanityxxx1	fldb2cf	u/I_HATE_LIFE_2	flcv79j	C
2020-03-24 10:41:25.139985	u/Morda101	fldb2cg	u/coolzetron	fldajmx	C
2020-03-24 10:41:35.999197	u/HMichaelBoudreaux	fldb2re	u/Dzilija	fld8ba1	C
2020-03-24 10:41:48.009726	u/Clayton096	fldb2vz	u/dharzen	flcwjg4	C
2020-03-24 10:42:03.161322	u/inevitablypresent	fldb3y3	u/D-A-N-I-EL	fld8ps5	C
2020-03-24 10:42:08.717500	u/Datwhiteboi1	fldb42v	u/flashyboy123	fld9sf8	C
2020-03-24 10:42:29.018033	u/NightKnight098	fldb4wh	u/powellmunroholzner	fld7x31	C
2020-03-24 10:42:36.518267	u/Furwing	fldb56v	u/Sztabka_Szynki	fld25fd	C
2020-03-24 10:42:59.246364	u/RamShawn	fldb6is	u/E4R04	fldaqfr	C
2020-03-24 10:43:23.334459	u/Help_Me8	fldb7cx	u/Vebvorox	fldavz2	C
2020-03-24 10:44:18.328698	u/MicrosoftExplorer	fldb9q9	u/memetaco97	fldb6hb	C
2020-03-24 10:44:20.513145	u/TotallyLethal	fldb9rl	u/SherbertL	fldb1xd	C
2020-03-24 10:44:29.147535	u/liquid_bacon	fldba89	u/AJ-K_7	flcr4ah	C
2020-03-24 10:44:32.566988	u/Jim__Halpert__	fldbabb	u/Memorableman	fld93ii	C
2020-03-24 10:44:45.884701	u/ReilReil	fldbays	u/shadowcyclon	flanvri	C
2020-03-24 10:45:06.847435	u/one_cactus_army	fldbbpr	u/rwoooshed	fldb0fm	C
2020-03-24 10:45:15.009618	u/HiOfficerImHigh	fldbc4s	u/MrGenius9000	fld6xgr	C
2020-03-24 10:45:30.249472	u/Bio_Sin	fldbckx	u/grifthecat	fld66g8	C
2020-03-24 10:45:58.290378	u/cold_cat_x8	fldbe63	u/m4a1pewpew	fldb9yp	C
2020-03-24 10:46:10.219072	u/Snortysnez	fldbeqn	u/tntyeeterOOF	fld6qfq	C
2020-03-24 10:46:12.188955	u/Cootie_Gamer_69	fldbern	u/Respect_Paying_Bot	fld2grz	C
2020-03-24 10:46:17.054820	u/T_Dog2024	fldbezu	u/AlreadyRedditAll	fldbdel	C
2020-03-24 10:46:21.774014	u/Rooboogood	fldbf3l	u/Daniel12395	flda2rk	C
2020-03-24 10:46:35.830085	u/LT_ARCH3R	fldbfs1	u/Myroyes2	fld0ea4	C
2020-03-24 10:46:45.086087	u/masteroyeet	fldbg6y	u/somerandomsem-appear	fldbajx	C
2020-03-24 10:47:01.092372	u/Rooboogood	fldbgig	u/C0uchP0t4tO	flday7k	C
2020-03-24 10:47:02.928659	u/Savvasxatz	fldbgiy	u/DirtyUnicycle	fldb5b4	C
2020-03-24 10:47:11.642350	u/ofcoursejosh	fldbgwf	u/sudo_rui	fld0kfu	C
2020-03-24 10:47:35.125667	u/seliyas	fldbhzq	u/mysticwarrior222	fld7yc0	C
2020-03-24 10:47:39.143322	u/Kaderloop	fldbi1p	u/longjia_raptor_kiki	fldawut	C
2020-03-24 10:47:47.239403	u/Rooboogood	fldbi4j	u/anotherdepresedkid	fld5qhl	C
2020-03-24 10:47:48.939760	u/George_2004	fldbi7k	u/Halo4_Marine	fld8qh4	C
2020-03-24 10:47:55.077725	u/savagenoob3	fldbifr	u/denhamfree	fld95t6	C
2020-03-24 10:47:56.655236	u/Ginou05	fldbih7	u/Respect_Paying_Bot	fld2grz	C
2020-03-24 10:48:02.287862	u/Lighty1116	fldbivw	u/Savvasxatz	fldbgiy	C
2020-03-24 10:48:09.055821	u/P4usunLP	fldbj50	u/Kaderloop	fldbi1p	C
2020-03-24 10:48:22.092642	u/dylina22	fldbjrf	u/masteroyeet	fldbg6y	C
2020-03-24 10:48:29.564815	u/LeftmostClamp	fldbjyg	u/Kaderloop	fldbi1p	C
2020-03-24 10:48:31.834828	u/Unavak	fldbjyz	u/Kaderloop	fldbi1p	C
2020-03-24 10:48:41.064894	u/dayeon_t_t	fldbkgj	u/unoriginalname7	fld9obd	C
2020-03-24 10:48:43.852550	u/EmoRatJaxon	fldbkm2	u/masteroyeet	fldbg6y	C
2020-03-24 10:48:49.766502	u/Unavak	fldbkqb	u/one_cactus_army	fldbbpr	C
2020-03-24 10:49:07.240554	u/kristyiks	fldbljd	u/Yorokon	flcn6v4	C
2020-03-24 10:49:11.085692	u/DatGunBoi	fldblog	u/Unavak	fldbkqb	C
2020-03-24 10:49:24.149722	u/moto_toto	fldbmf1	u/Bozena-Fisherman	fld8pga	C
2020-03-24 10:49:30.210901	u/Balle_I_Rumpan	fldbmld	u/RealisticBlob	flcirvm	C
2020-03-24 10:49:39.842062	u/alflonce	fldbn7q	u/tntyeeterOOF	fld6qfq	C
2020-03-24 10:49:41.404183	u/Himenim	fldbnaz	u/RepostSleuthBot	fld92xp	C
2020-03-24 10:49:42.414715	u/TheTrueBleu01	fldbnbc	u/Armor_of_Thorns	flcb2gn	C
2020-03-24 10:49:44.988334	u/kylec0909	fldbnm2	u/flashyboy123	fldbmdr	C
2020-03-24 10:49:50.912487	u/prophet1069	fldbnx4	u/toothed_mustard_jar	fld4oyf	C
2020-03-24 10:50:07.485128	u/WalkingTrash01	fldboqt	u/VibraniumDragonborn	fl5nrgn	C
2020-03-24 10:50:12.264126	u/R3Dsnapp3r	fldbosc	u/__UnknownEntity__	fld8k2a	C
2020-03-24 10:50:14.627351	u/anonymous_1294757	fldbott	u/harigesh	flcsk8c	C
2020-03-24 10:50:24.291377	u/CockorriculumVaginea	fldboz3	u/anthony_ski	fld1cg8	C
2020-03-24 10:50:40.149456	u/AmCanadianCanConfirm	fldbpfz	u/IIChristopher	flceefa	C
2020-03-24 10:50:47.252757	u/S-p-o-o-k-n-t	fldbplm	u/flashyboy123	fldboo3	C
2020-03-24 10:51:11.270090	u/xpertwolf517	fldbqcx	u/leHiergendwo	fld8u8n	C
2020-03-24 10:51:14.892522	u/Ted_Furgeson	fldbqhy	u/methintwig	flcmp5w	C
2020-03-24 10:51:46.098978	u/DecisionSS	fldbrdj	u/PotentialRuin	fld7ptw	C
2020-03-24 10:51:56.422852	u/ireallywanttogiveup	fldbrrt	u/__padfoot23	fld8hrh	C
2020-03-24 10:52:10.613874	u/MrBobbysin	fldbsla	u/1996baby	fld301d	C
2020-03-24 10:52:18.856199	u/d3stroyer98	fldbsrx	u/ThatOneNerd01	fld8lyv	C
2020-03-24 10:52:27.202439	u/ItzMeEgg	fldbsxv	u/d3stroyer98	fldbri9	C
2020-03-24 10:52:45.308457	u/doc2889	fldbtfn	u/Karlthechilldude	fldb15o	C
2020-03-24 10:53:13.088486	u/Bruins-Fanbase	fldbu44	u/LordCookieKarma69	fld4fyh	C
2020-03-24 10:53:18.679806	u/SovietBlyatman	fldbue9	u/ofcoursejosh	flda2u7	C
2020-03-24 10:53:43.909850	u/annirosec	fldbuzk	u/uSrNm-ALrEAdy-TaKeN	fld1isq	C
2020-03-24 10:54:22.612302	u/proskibrosup	fldbwjg	u/Killer512	fld53qx	C
2020-03-24 10:54:34.773950	u/RadioactiveChicken_1	fldbwsn	u/NoobSwifty	fldbp44	C
2020-03-24 10:54:59.304938	u/Big-Dhruv	fldbxhq	u/BikyC	flcr5xy	C
2020-03-24 10:55:01.349840	u/Zehta	fldbxmq	u/Night-Hunter	fld9due	C
2020-03-24 10:55:19.679524	u/Toilet-Sock	fldbya2	u/Shubhanshuprak	fld7lbp	C
2020-03-24 10:55:26.865037	u/RetroRedux	fldbykl	u/fighter27	fldbt30	C
2020-03-24 10:55:32.645729	u/Domztheginger	fldbypi	u/DragoDoctor67	fnzhfi	S
2020-03-24 10:55:46.934176	u/gallosip	fldbz6j	u/Doctor-Rat-32	fldax53	C
2020-03-24 10:55:54.371297	u/Jpm99921	fldbzc7	u/T0rn4do_	flcs9tw	C
2020-03-24 10:56:02.831532	u/Blood_Raven1	fldbzoy	u/SirHobington	fld3bk0	C
2020-03-24 10:56:37.783712	u/sh2har	fldc142	u/DeshAsian	fldb1yv	C
2020-03-24 10:57:29.702326	u/ChaoMinIsHere	fldc3l9	u/TheAllKnowingCharles	fld845v	C
2020-03-24 10:57:39.254452	u/asryu	fldc3zz	u/CuppaJoe23	fld8bh2	C
2020-03-24 10:57:46.071339	u/BOSSGRAN	fldc48j	u/thepyrofromtf2	flcei4e	C
2020-03-24 10:57:50.635943	u/mauro_rojas	fldc4ec	u/AyaJune	fld2lth	C
2020-03-24 10:58:50.526880	u/black_Chandler	fldc7pq	u/reddit_has_the_gay	fldc3w2	C
2020-03-24 10:58:57.591814	u/LastChairViolist	fldc843	u/DaWhiteLight	fld4oeb	C
2020-03-24 10:59:14.942933	u/CrusherDude125	fldc9bk	u/The_Legendary_Snek	fld949j	C
2020-03-24 10:59:16.833148	u/jonathandunlop	fldc9c2	u/SleepBeforeWork	fld8qn4	C
2020-03-24 10:59:19.758073	u/Stella1314	fldc9ja	u/cameron699696	fld98ie	C
2020-03-24 10:59:23.230385	u/NDOfficial	fldc9tx	u/Himenim	fldc79p	C
2020-03-24 10:59:28.230514	u/Nigatrick420	fldca2j	u/DecisionSS	fldbrdj	C
2020-03-24 10:59:36.502748	u/Reverse3kbtw	fldcajz	u/hdjfug	fl5qs5u	C
2020-03-24 10:59:40.398720	u/TheTrashMan121	fldcav5	u/Respect_Paying_Bot	fld8ym3	C
2020-03-24 10:59:45.447937	u/QuestionsHurtBrain	fldcb6i	u/MasterMonkej	flcku74	C
2020-03-24 10:59:54.250301	u/nevernotchill	fldcbor	u/UlteriorIncentive	fldc4fx	C
2020-03-24 10:59:57.515169	u/The-hANkbut-capitals	fldcc7i	u/Tru_Drone_Videos	fldafll	C
