2020-03-22 15:00:51.026491	u/tiafao	fl7jifb	u/AutoModerator	fl6p4qz	C
2020-03-22 15:00:54.707867	u/Shift_Spam	fl7jihv	u/Lolwutv2	fl7ibgv	C
2020-03-22 15:01:08.535268	u/ccllaarree	fl7jipg	u/Xploiter_RBLX	fl79q1q	C
2020-03-22 15:01:24.515003	u/it_could_be_me_1027	fl7jj3e	u/jackfinch69	fl75xqq	C
2020-03-22 15:01:32.109360	u/Derpy_Callum	fl7jj72	u/OmgAvy	fl7ek3v	C
2020-03-22 15:01:40.429747	u/SMoNk555	fl7jje3	u/blepshark	fl7fpyd	C
2020-03-22 15:01:51.635800	u/Glop-of-boopins	fl7jjqk	u/MrNarfal	fl78sad	C
2020-03-22 15:02:06.567023	u/razersnek	fl7jkd7	u/Didilusse	fl7budu	C
2020-03-22 15:02:13.709881	u/SmokedOutVlogs	fl7jkld	u/Xploiter_RBLX	fl7i2ma	C
2020-03-22 15:02:36.718911	u/Derpy_Callum	fl7jlr8	u/OmgAvy	fl7fiw9	C
2020-03-22 15:02:38.980171	u/NOobMAsTTER	fl7jlr6	u/Xploiter_RBLX	fl7jhnl	C
2020-03-22 15:02:55.277165	u/SaltKick2	fl7jmde	u/Elbers2	fl75nkc	C
2020-03-22 15:03:04.153020	u/NOobMAsTTER	fl7jmo3	u/NOobMAsTTER	fl7jlr6	C
2020-03-22 15:03:13.838366	u/CursedPirate1235	fl7jmxb	u/DecentOpposum18	fl75t3q	C
2020-03-22 15:03:19.388685	u/Beef-BoyYT	fl7jn0x	u/JupitersReddit	fl7chei	C
2020-03-22 15:03:28.329288	u/t_anmayi	fl7jnb6	u/AutoModerator	fl7i3w8	C
2020-03-22 15:03:43.146533	u/sirschnizel	fl7jnvj	u/ironship48	fl7j7ub	C
2020-03-22 15:03:52.374188	u/utahutes999	fl7jo3h	u/Solmyr69	fl77fey	C
2020-03-22 15:03:56.994369	u/Berkoo43	fl7jo7o	u/OmgAvy	fl79eh1	C
2020-03-22 15:04:28.619230	u/6marco9	fl7jos4	u/DonutOlympian	fl6i66s	C
2020-03-22 15:04:34.860593	u/QuazaTD	fl7jp4k	u/Darth_Star_Vader	fl7i53w	C
2020-03-22 15:04:38.012091	u/SeanJohn517	fl7jpa0	u/Starwarsmemes13	fl7ceyj	C
2020-03-22 15:04:53.277666	u/Wind_Dragon	fl7jprc	u/notomemes	fl7j4rs	C
2020-03-22 15:05:00.813613	u/QuazaTD	fl7jpwt	u/Darth_Star_Vader	fl7i53w	C
2020-03-22 15:05:18.420903	u/justauselesspotato	fl7jqc6	u/RepostSleuthBot	fl7aove	C
2020-03-22 15:05:22.493047	u/Sneak100-	fl7jqgs	u/rishita8	fl73ui7	C
2020-03-22 15:05:34.500370	u/Jonis13	fl7jqua	u/RepostSleuthBot	fl7517k	C
2020-03-22 15:05:44.137893	u/AReallyHugeDik	fl7jr60	u/RepostSleuthBot	fl7jjfg	C
2020-03-22 15:05:48.118701	u/kjorde_345	fl7jr7v	u/call_me_justin1	fl7edgg	C
2020-03-22 15:06:05.823258	u/Cadellex	fl7js2l	u/-insertbadusername-	fl7j1r5	C
2020-03-22 15:06:11.673353	u/Koszelus	fl7kyvx	u/pussydestroyer69__	fl79u6y	C
2020-03-22 15:06:23.542137	u/JAF05	fl7kzda	u/jackfinch69	fl75xqq	C
2020-03-22 15:06:34.015622	u/eLynxz	fl7kzmt	u/kjorde_345	fl7jr7v	C
2020-03-22 15:06:40.969698	u/Thegreenestpotato	fl7l04o	u/disboicito420	fl79iy2	C
2020-03-22 15:06:44.706802	u/livingtombs	fl7l0dx	u/AutoModerator	fl7kk29	C
2020-03-22 15:07:12.874877	u/Amrit0424	fl7l22o	u/Rydher98	fl7jne1	C
2020-03-22 15:07:14.718222	u/kimo2020	fl7l238	u/pussydestroyer69__	fl79u6y	C
2020-03-22 15:07:37.070220	u/fastdootboi	fl7l328	u/dovedevic	fl2izeo	C
2020-03-22 15:08:02.079902	u/baustell_goblin	fl7l3ub	u/sugastoenails	fl7iozj	C
2020-03-22 15:08:06.159691	u/66hello_there66	fl7l3w3	u/MaximaBlink	fl7kdx8	C
2020-03-22 15:08:14.814178	u/JordanKnightingale	fl7l4bc	u/696969lols2	fl7jbcl	C
2020-03-22 15:08:24.941188	u/greenracer123	fl7l4mr	u/FXRGRXD	fl7g0qm	C
2020-03-22 15:08:30.112404	u/Danking1346	fl7l4x8	u/HavingLastLaugh	fl7l13n	C
2020-03-22 15:08:35.602290	u/HornyGoose1121	fl7l58f	u/iiCheatr	fl6wju3	C
2020-03-22 15:08:59.252503	u/if_i_try	fl7l6bu	u/Jimmyjamz44	fl7l30j	C
2020-03-22 15:09:01.257275	u/AlchemyBeaver	fl7l6jd	u/AutoModerator	fl22jzb	C
2020-03-22 15:09:22.066429	u/_Chonkyboi_	fl7l7ll	u/soloforsolong	fl7hqpf	C
2020-03-22 15:09:29.415003	u/usmarshalkurt	fl7l7z8	u/FXRGRXD	fl7g0qm	C
2020-03-22 15:09:30.602625	u/fishingduke	fl7l82v	u/idontpostbutiupvote	fl7khgu	C
2020-03-22 15:09:32.734598	u/globgogabgalab20	fl7l890	u/dovedevic	fl2izeo	C
2020-03-22 15:09:35.445478	u/allen-turner2	fl7l8ib	u/pussydestroyer69__	fl79u6y	C
2020-03-22 15:09:37.142145	u/Lord_Shrektastic	fl7l8ku	u/Respect_Paying_Bot	fl7l3g7	C
2020-03-22 15:09:38.155618	u/neel11111	fl7l8m2	u/bin-aladden	fl7b90v	C
2020-03-22 15:09:40.158947	u/Flying_robot_beans	fl7l8oo	u/matt-murray17	fl74pcp	C
2020-03-22 15:09:42.642644	u/KohltonMaster	fl7l8xp	u/Potatotheooflord	fl5ewkn	C
2020-03-22 15:09:48.490007	u/luddealex	fl7l9c1	u/Skydiazs	fl77rfl	C
2020-03-22 15:09:56.717706	u/turtlesucle	fl7lae9	u/EBYTWOOOSIX	fl6lyvs	C
2020-03-22 15:09:58.459438	u/MasterZze	fl7lalm	u/XDr3bELXD	fl747v4	C
2020-03-22 15:10:20.122672	u/pixler3	fl7lb77	u/pussydestroyer69__	fl79u6y	C
2020-03-22 15:10:38.832873	u/I_am_Timetohunt	fl7lbqc	u/Garedbi69	fl7etph	C
2020-03-22 15:10:41.328262	u/IAMM0053	fl7lbqo	u/Drub404	fl7lair	C
2020-03-22 15:10:44.952363	u/MrPugsworth	fl7lbs9	u/planesqaud63	fl7be4v	C
2020-03-22 15:10:56.552623	u/Shadowing_	fl7lbxj	u/InspectorSheep	fl6q33b	C
2020-03-22 15:11:14.114928	u/Fresh__Timbs	fl7lcgo	u/UsernameInUseNow	fl7d7io	C
2020-03-22 15:11:21.208024	u/Pudgeysaurus	fl7lcym	u/pussydestroyer69__	fl79u6y	C
2020-03-22 15:11:23.680284	u/bobbyjames02	fl7ld0b	u/DonutOlympian	fl6i66s	C
2020-03-22 15:11:33.572714	u/lazz2307	fl7ldas	u/Apart-Responsibility	fl7cgnn	C
2020-03-22 15:11:39.933266	u/LechugaLettuceMan	fl7ldgb	u/Korenlh84	fl74xzn	C
2020-03-22 15:11:58.043229	u/Motredd	fl7ldpi	u/aratnagrid	fl6rk43	C
2020-03-22 15:12:03.699530	u/SiebrenDePiebren	fl7ldw0	u/Curious_Winter	fl76ye1	C
2020-03-22 15:12:22.127560	u/Luky022	fl7lebc	u/williamdope8	fl777u9	C
2020-03-22 15:12:41.937510	u/NashediPanda	fl7lfag	u/AutoModerator	fl6p4qz	C
2020-03-22 15:12:46.656996	u/Dylan31305	fl7lfeq	u/The_Digital_Friend	fl7lenr	C
2020-03-22 15:13:02.727514	u/getm200	fl7lg1l	u/RepostSleuthBot	fl7lc5o	C
2020-03-22 15:13:14.160344	u/_twrt	fl7lgk4	u/RepostSleuthBot	fl7h7ct	C
2020-03-22 15:13:46.148867	u/Zeusdawdy	fl7lhlh	u/palindromeflower	fl6vn0a	C
2020-03-22 15:13:53.489890	u/GoldenAttackWalrus	fl7lhqx	u/Xploiter_RBLX	fl7jfb0	C
2020-03-22 15:13:58.965794	u/wiz_ap	fl7lhzh	u/greatking6009	fl6ssvh	C
2020-03-22 15:14:08.686329	u/weaston02	fl7li9l	u/Xploiter_RBLX	fl7lcv4	C
2020-03-22 15:14:12.271700	u/Sev-_-	fl7libw	u/dovedevic	fl2izeo	C
2020-03-22 15:14:16.910827	u/xx_destroyer_xx35	fl7life	u/Derpy_Callum	fl7jj72	C
2020-03-22 15:14:24.181627	u/austen_ventures	fl7lisr	u/Respect_Paying_Bot	fl7jccy	C
2020-03-22 15:14:26.397757	u/AerialSN1PER	fl7lisu	u/The_Digital_Friend	fl6oy0q	C
2020-03-22 15:14:35.892419	u/boox_lol	fl7lja7	u/RepostSleuthBot	fl7lgr8	C
2020-03-22 15:14:38.029011	u/Zeusdawdy	fl7ljar	u/XxbruhmasterxX	fl7hurb	C
2020-03-22 15:14:40.117012	u/Sev-_-	fl7ljb6	u/DragoDoctor67	fl5k6ca	C
2020-03-22 15:14:43.154282	u/WwTheRedBladewW	fl7ljdf	u/Xploiter_RBLX	fl7l7b6	C
2020-03-22 15:14:51.502616	u/ThatRitzyBrit	fl7ljkt	u/BurntChickenNugget3	fl7bqhz	C
2020-03-22 15:14:58.784237	u/wiz_ap	fl7lk2r	u/NinjaCheetah	fl772yk	C
2020-03-22 15:15:10.035040	u/khayy	fl7lk5x	u/williamdope8	fl79eey	C
2020-03-22 15:15:12.047977	u/Sev-_-	fl7lk5y	u/Potatotheooflord	fl5ewkn	C
2020-03-22 15:15:40.461375	u/Sev-_-	fl7lkzr	u/Potatotheooflord	fl5exvm	C
2020-03-22 15:15:51.283065	u/spongeboi-me-bob-	fl7llb0	u/pussydestroyer69__	fl79u6y	C
2020-03-22 15:15:57.334738	u/FBI-Surveillance-021	fl7llcp	u/Sharkcoolness	fl7a3kg	C
2020-03-22 15:16:14.766206	u/ISHOOTMEATBALLS	fl7lmef	u/Sharkcoolness	fl7a3kg	C
2020-03-22 15:16:17.660667	u/spongeboi-me-bob-	fl7lmhd	u/pussydestroyer69__	fl79u6y	C
2020-03-22 15:16:19.445555	u/tamMY-0736	fl7lmm4	u/Stormshire	fl7g0l8	C
2020-03-22 15:16:24.421314	u/piandepression	fl7lmxk	u/Xploiter_RBLX	fl7laen	C
2020-03-22 15:16:28.987866	u/FBI-Surveillance-021	fl7ln2p	u/FXRGRXD	fl7g0qm	C
2020-03-22 15:16:30.828887	u/Food-Poisoning	fl7ln54	u/FaresAhmedEssam2005	fl7jfki	C
2020-03-22 15:16:32.693364	u/RuffianRolex	fl7ln5i	u/Mr-Brh	fl7etb0	C
2020-03-22 15:16:36.856737	u/spongeboi-me-bob-	fl7ln7o	u/pussydestroyer69__	fl79u6y	C
2020-03-22 15:16:38.854609	u/Miner420	fl7ln80	u/ehh1209	fl7kypg	C
2020-03-22 15:16:42.604140	u/CoolhandO383	fl7lnkb	u/dodobird-	fl74j65	C
2020-03-22 15:16:44.367411	u/FBI-Surveillance-021	fl7lnnm	u/Menefregoh	fl7fy6m	C
2020-03-22 15:16:50.913223	u/Texas_Nexus	fl7lnvx	u/pussydestroyer69__	fl79u6y	C
2020-03-22 15:16:58.642691	u/FBI-Surveillance-021	fl7lo1o	u/TheRemainingFruitcup	fl7iob4	C
2020-03-22 15:17:00.547511	u/DeerSgamr	fl7lo1n	u/UD_1680	fl7j76b	C
2020-03-22 15:17:10.004168	u/Kloudy122	fl7loax	u/iexist3	fl6w58w	C
2020-03-22 15:17:12.711156	u/MadMantis792	fl7locw	u/Solmyr69	fl77fey	C
2020-03-22 15:17:16.084642	u/FBI-Surveillance-021	fl7loe6	u/Dead_Scallop	fl7fae7	C
2020-03-22 15:17:37.472966	u/FBI-Surveillance-021	fl7lq0k	u/glamrockhippieguy	fl7lh89	C
2020-03-22 15:17:45.470645	u/Corndawg613	fl7lqk4	u/Rami-Rator	fl7cjhl	C
2020-03-22 15:17:47.970433	u/spongeboi-me-bob-	fl7lqka	u/storm_prince_	fl7edfo	C
2020-03-22 15:17:59.650212	u/M1nD_Fr34K	fl7lrgx	u/timypim	fl7d3jp	C
2020-03-22 15:18:01.940561	u/dankious_dank	fl7lro5	u/SomeFreshMeme	fl7lnw2	C
2020-03-22 15:18:14.256736	u/dawhiteztboi	fl7lsap	u/Stunning-Newspaper	fl798bg	C
2020-03-22 15:18:15.764020	u/mbeling28	fl7lsbb	u/Constelliarts	fl7ixi0	C
2020-03-22 15:18:18.128898	u/gmbmangoprincess	fl7lsf4	u/cupcake279	fl7feyl	C
2020-03-22 15:18:20.504938	u/Mr_T_123	fl7lsik	u/Michalon003	fl7dawl	C
2020-03-22 15:18:28.948703	u/Aaetheon	fl7lsqx	u/CJ-Moon	fl7disx	C
2020-03-22 15:18:34.284637	u/leowalke340	fl7lt42	u/06Grill	fl7lqjy	C
2020-03-22 15:19:04.697014	u/okali-a	fl7lue5	u/Mr_Schrute59840	fl7cjln	C
2020-03-22 15:19:20.255337	u/DarthXyno843	fl7luvf	u/_twrt	fl7lgk4	C
2020-03-22 15:19:29.183976	u/McMayhem21	fl7lvu2	u/Jonis13	fl7lt78	C
2020-03-22 15:19:31.251027	u/coreythomas797	fl7lvxg	u/PrayingSlays	fl73ksf	C
2020-03-22 15:19:36.697553	u/Schadow_Stoorm	fl7lw8q	u/TheRichSeries	fl788kr	C
2020-03-22 15:19:41.607438	u/mikeeoxmal	fl7lwo7	u/Constelliarts	fl7ixi0	C
2020-03-22 15:19:54.417177	u/XxGregoryHxX	fl7lxkh	u/pussydestroyer69__	fl79u6y	C
2020-03-22 15:19:55.073770	u/nlolhere	fl7lxlr	u/storm_prince_	fl7edfo	C
2020-03-22 15:20:04.404313	u/libtardslayer333	fl7ly37	u/JupitersReddit	fl7cn4g	C
2020-03-22 15:20:20.818991	u/iCantur	fl7lylo	u/dovedevic	fl2izeo	C
2020-03-22 15:20:44.944299	u/Last_Lone_Wolf	fl7lzg0	u/greenracer123	fl7l4mr	C
2020-03-22 15:20:53.331292	u/tikk74	fl7lzst	u/dense111	fl6vxvo	C
2020-03-22 15:21:07.463769	u/Kiznish	fl7m065	u/iiCheatr	fl6wju3	C
2020-03-22 15:21:21.232165	u/just_gimme_anwsers	fl7m0jt	u/tamMY-0736	fl7lmm4	C
2020-03-22 15:21:23.602814	u/Jackmac1738	fl7m0oz	u/CombatDylan	fl792h4	C
2020-03-22 15:21:28.466283	u/hecccu	fl7m0su	u/microwave-2	fl7lsky	C
2020-03-22 15:21:32.072735	u/That_Dork_9	fl7m0y9	u/hadtodohaveitwithjoe	fl69wu8	C
2020-03-22 15:21:37.826613	u/totoririsshu	fl7m186	u/generalkenobi28	fl7hlfs	C
2020-03-22 15:21:56.446458	u/tyujhvjhvj	fl7m1rz	u/Falcongamerabc	fl7lubp	C
2020-03-22 15:22:05.357579	u/workaccount4220	fl7m1xy	u/bunnywithahammer	fl76af8	C
2020-03-22 15:22:18.757349	u/mitchellpincham	fl7m29e	u/DecentOpposum18	fl75t3q	C
2020-03-22 15:22:22.435957	u/complecto	fl7m2gk	u/RepostSleuthBot	fl7k1ln	C
2020-03-22 15:22:45.215965	u/TheOneWraith	fl7m2ww	u/planesqaud63	fl6stor	C
2020-03-22 15:22:47.874547	u/Sameloff	fl7m2x1	u/AutoModerator	fl72rra	C
2020-03-22 15:22:53.291549	u/OGbasegalaxy	fl7m3ch	u/greatking6009	fl6ssvh	C
2020-03-22 15:23:08.657942	u/Battlebox0	fl7m45k	u/RepostSleuthBot	fl7dbmj	C
2020-03-22 15:23:16.046007	u/Ethan1q2w3	fl7m48r	u/RepostSleuthBot	fl7fkkp	C
2020-03-22 15:23:20.479825	u/moderately_nerdifyin	fl7m4cb	u/Rydher98	fl7iv4s	C
2020-03-22 15:23:24.059294	u/babyclawmachine	fl7m4e8	u/pussydestroyer69__	fl79u6y	C
2020-03-22 15:23:38.933922	u/yikezzs	fl7m4u5	u/Anykla	fl6j5q2	C
2020-03-22 15:23:46.805030	u/thecroodsn	fl7m510	u/Menefregoh	fl7fy6m	C
2020-03-22 15:23:50.156118	u/jadasta123	fl7m53c	u/planesqaud63	fl7cg0i	C
2020-03-22 15:24:03.379253	u/PolishHerbert	fl7m5kw	u/Ochinchin6969111	fl743mh	C
2020-03-22 15:24:34.625292	u/mooer_68	fl7m6kn	u/greenracer123	fl7l4mr	C
2020-03-22 15:24:42.987235	u/Unclegoogie	fl7m76u	u/emmotionnal	fl7m5pv	C
2020-03-22 15:24:51.459623	u/CaptainCobber	fl7m7km	u/sexiypaki	fl721wu	C
2020-03-22 15:24:53.598004	u/Airons1	fl7m7kx	u/lshqpyari	fl5oq3w	C
2020-03-22 15:25:01.556123	u/Username129360	fl7m81o	u/Kcromey	fl762vk	C
2020-03-22 15:25:09.945753	u/jadasta123	fl7m86l	u/planesqaud63	fl7cwef	C
2020-03-22 15:25:17.002288	u/Smallmango22	fl7m8g7	u/RevolutionaryFish5	fl7j4kp	C
2020-03-22 15:25:32.237359	u/Flubernugget4305	fl7m93n	u/turfersgreen	fl7bdam	C
2020-03-22 15:25:48.109878	u/Fuze_Loves_Hostages	fl7m9p0	u/sirschnizel	fl7k4rg	C
2020-03-22 15:26:29.601641	u/TheBigCat63	fl7mb6h	u/imakememes69420	fl7j3sr	C
2020-03-22 15:26:33.843428	u/vee-cee	fl7mba5	u/37IsntARealNumber	fl7jf5e	C
2020-03-22 15:26:36.627532	u/BOUT_TO_HEAD_OUT	fl7mbbj	u/NoobSwifty	fl7m881	C
2020-03-22 15:26:58.537762	u/jimmyjohns52	fl7mcad	u/iexist3	fl6w58w	C
2020-03-22 15:27:03.192243	u/pagal_vaigyanik	fl7mcds	u/williamdope8	fl79eey	C
2020-03-22 15:27:10.562911	u/RealRebel_gaming	fl7mcu9	u/RepostSleuthBot	fl7m1lp	C
2020-03-22 15:27:14.925071	u/Vollhartmetall	fl7md21	u/Xploiter_RBLX	fl7l837	C
2020-03-22 15:27:53.087320	u/cooganator	fl7memj	u/AutoModerator	fl2ovev	C
2020-03-22 15:27:57.318654	u/LawCoilDeneuve	fl7mern	u/Corondumisarock	fl7lxr3	C
2020-03-22 15:27:59.041972	u/WitheredYT	fl7mesc	u/koterstijder	fl72q37	C
2020-03-22 15:28:10.550260	u/Roger_Roger02	fl7mfe4	u/TheDrDzaster	fl6uj5d	C
2020-03-22 15:28:18.364002	u/bittuminni	fl7mfh5	u/RepostSleuthBot	fl7m2u7	C
2020-03-22 15:28:28.592521	u/MPIBlueFire	fl7mg3k	u/Weiplayz	fl796dr	C
2020-03-22 15:28:39.050444	u/FranzPorter	fl7mgo1	u/Timbx_	fl7fgy4	C
2020-03-22 15:28:47.884872	u/T00Bytoon	fl7mhbr	u/__y__y__	fl71fnc	C
2020-03-22 15:28:49.313666	u/Retarded_Pickle	fl7mhdw	u/DeathToTheFalseGods	fl7mci8	C
2020-03-22 15:28:55.365914	u/VllVsVreV	fl7mhpt	u/RepostSleuthBot	fl7g9vl	C
2020-03-22 15:28:57.539067	u/Draxik20	fl7mhtq	u/Alpha_479	fl6pysp	C
2020-03-22 15:29:14.051166	u/NeoBP	fl7miha	u/baustell_goblin	fl7l3ub	C
2020-03-22 15:29:23.648561	u/Lumonitor	fl7mj9t	u/ReadItAlready_	fl5dhxw	C
2020-03-22 15:29:24.943241	u/Dukememes6047	fl7mjdd	u/Thereddittor314	fl7mi5p	C
2020-03-22 15:29:43.928525	u/GhostOne_	fl7mkao	u/Pumcia69	fl7hyzn	C
2020-03-22 15:29:55.390023	u/John_02006	fl7ml7l	u/Tobster244466666	fl7itar	C
2020-03-22 15:30:10.486660	u/chewy__baca	fl7mlpy	u/Valleyfairfanboy	fl78pvr	C
2020-03-22 15:30:28.704678	u/Johnthebagel	fl7mm3u	u/Smallmango22	fl7m8g7	C
2020-03-22 15:30:35.939974	u/CapitanNordico69	fl7mmad	u/CrystalFuzion	fl73s3h	C
2020-03-22 15:30:43.059743	u/wasi305_2006	fl7mmfw	u/coreythomas797	fl7me6x	C
2020-03-22 15:30:49.014502	u/Eren-Kruger	fl7mmge	u/RepostSleuthBot	fl7fkkp	C
2020-03-22 15:31:03.643264	u/JustJdog2	fl7mmlp	u/TheShadepunk	fl7g5p0	C
2020-03-22 15:31:08.477761	u/USSThunderMufin	fl7mms5	u/Tobster244466666	fl7itar	C
2020-03-22 15:31:11.958506	u/theejooshh	fl7mmtf	u/dovedevic	fl2izeo	C
2020-03-22 15:31:14.347508	u/FLYnNImp3	fl7mmw3	u/UD_1680	fl7l671	C
2020-03-22 15:31:26.492050	u/randompersonyouhate	fl7mnbv	u/williamdope8	fl777u9	C
2020-03-22 15:31:41.717512	u/the-steel-curtain	fl7mnv7	u/jediareboss	fl7khlz	C
2020-03-22 15:31:44.111779	u/imarioveryreal	fl7mnvt	u/MisterPhister101	fl744de	C
2020-03-22 15:31:48.057729	u/ReapersPhantoms	fl7mnwn	u/abductedpeanut	fl6nza6	C
2020-03-22 15:32:09.352417	u/Gebieter33	fl7mohn	u/Tru_Drone_Videos	fl75y2c	C
2020-03-22 15:32:12.829002	u/Surt3473	fl7moli	u/Jeffo-The-Dank	fl7iuw2	C
2020-03-22 15:32:18.979145	u/Altoids-Addict	fl7morx	u/FBI-Surveillance-021	fl7ln2p	C
2020-03-22 15:32:21.258106	u/366m4n89	fl7mot7	u/Kassariah424	fl7i4ne	C
2020-03-22 15:32:32.782927	u/somedude-10	fl7mp8a	u/williamdope8	fl777u9	C
2020-03-22 15:32:54.491578	u/NotUserName420	fl7mq5k	u/JulieJules-	fl7ay6l	C
2020-03-22 15:32:59.190768	u/Sl0wP0kerZ	fl7mq7q	u/FLYnNImp3	fl7mjnl	C
2020-03-22 15:33:02.699451	u/AwareSpring708	fl7mq8i	u/Thereddittor314	fl7mo4f	C
2020-03-22 15:33:10.847835	u/CreeperBot174	fl7mqef	u/williamdope8	fl777u9	C
2020-03-22 15:33:16.398553	u/Wichtel64	fl7mqpe	u/Xploiter_RBLX	fl5y5fg	C
2020-03-22 15:33:18.709848	u/Harri_parri	fl7mqr3	u/MisterPhister101	fl744de	C
2020-03-22 15:33:23.264051	u/cat_on_crack_	fl7mqs6	u/cheggles	fl7ge9q	C
2020-03-22 15:33:27.573761	u/A_Child__	fl7mqzj	u/mooer_68	fl7m6kn	C
2020-03-22 15:33:45.520265	u/Frxquxnzy	fl7mree	u/Jeffo-The-Dank	fl7js7w	C
2020-03-22 15:33:47.717681	u/CreeperBot174	fl7mrgh	u/pussydestroyer69__	fl79u6y	C
2020-03-22 15:33:52.069650	u/kogergo	fl7mrlm	u/PrimeParzival	fl7dfs2	C
2020-03-22 15:33:54.214521	u/NotUserName420	fl7mrlq	u/dawhiteztboi	fl7lsap	C
2020-03-22 15:33:59.476664	u/OvercomeChunk42	fl7mrrd	u/Xploiter_RBLX	fl7fjqv	C
2020-03-22 15:34:06.190444	u/xluxueux	fl7mrz6	u/elppok	fl7c1pv	C
2020-03-22 15:34:15.494989	u/Average_User25	fl7msaw	u/lifeofwill	fl7azow	C
2020-03-22 15:34:47.480591	u/Average_User25	fl7mtix	u/AsumaBoy	fl77kui	C
2020-03-22 15:34:58.009524	u/blarglenarky	fl7mtun	u/planesqaud63	fl7ar2h	C
2020-03-22 15:35:11.084015	u/4sP_3nGG	fl7mu7i	u/-Fischy-	fl6tz7l	C
2020-03-22 15:35:20.461511	u/SonOfLiberty777	fl7mudq	u/Username129360	fl7mb5b	C
2020-03-22 15:35:32.608755	u/Marbinux	fl7mv1s	u/RealRebel_gaming	fl7mcu9	C
2020-03-22 15:35:48.662153	u/wheatydastarfox	fl7mvmn	u/DoggoGamer	fl7mttg	C
2020-03-22 15:35:57.371010	u/ProX_Gaming	fl7mvqd	u/_Xand0n_	fl64mkw	C
2020-03-22 15:36:09.958732	u/That_Random_Engineer	fl7mwb5	u/Xploiter_RBLX	fl7lcv4	C
2020-03-22 15:36:20.528487	u/PizzaRatDude	fl7mwl3	u/EpperFiend	fl7mta0	C
2020-03-22 15:36:26.781500	u/Dead_Snapper	fl7mwnu	u/TacoshiLL1	fl7g5nm	C
2020-03-22 15:36:34.145510	u/Robocat71	fl7mwxs	u/Pando-Xiloscient	fl7can7	C
2020-03-22 15:36:44.578315	u/Awesome_Romanian	fl7mx1c	u/dinus-pl	fl7e1t9	C
2020-03-22 15:36:53.810790	u/Bigzapper_	fl7mxi7	u/dank_memer_yeeter	fl7fixm	C
2020-03-22 15:36:58.055760	u/heavy__isgood	fl7mxmu	u/p1a2t3r	fl7ewjp	C
2020-03-22 15:37:22.810289	u/NiklasLjungdahl	fl7myl3	u/Fire-Nation-17	fl79njo	C
2020-03-22 15:37:35.678100	u/FellOffARoof	fl7mz9k	u/pussydestroyer69__	fl79u6y	C
2020-03-22 15:37:43.973760	u/TheDungeonCrawler	fl7mzr1	u/pussydestroyer69__	fl79u6y	C
2020-03-22 15:37:53.917656	u/FussTheAllWhyDang	fl7n0gz	u/ShootingAllDay88	fl792io	C
2020-03-22 15:37:56.348477	u/mo0lelo	fl7n0qd	u/willthewhale777	fl7d138	C
2020-03-22 15:37:59.559200	u/Awesome_Romanian	fl7n0vk	u/dinus-pl	fl7mxvg	C
2020-03-22 15:38:14.122925	u/no-uuuuu	fl7n193	u/vkuura	fl7g1e8	C
2020-03-22 15:38:17.183797	u/Robocat71	fl7n1hg	u/The_Grim_Bastard	fl7662w	C
2020-03-22 15:38:18.639134	u/egg_on_my_spaghet	fl7n1ij	u/ironship48	fl7mv2u	C
2020-03-22 15:38:36.024748	u/somekid_lamaman	fl7o8qi	u/FaresAhmedEssam2005	fl7kp9k	C
2020-03-22 15:38:47.527132	u/lvl99-maffia-boss	fl7o96o	u/G-Rod_V2	fl7994j	C
2020-03-22 15:38:51.063984	u/The2ndBestRedditUser	fl7o9a9	u/MuddyChairz	fl7o42r	C
2020-03-22 15:38:53.305499	u/pologxng	fl7o9dp	u/tyujhvjhvj	fl7ns8q	C
2020-03-22 15:38:58.124981	u/Agile_Sea	fl7o9np	u/leaderofthevirgins	fl79reg	C
2020-03-22 15:39:04.184320	u/Natuur1911	fl7o9uc	u/QuintenJV	fl6ol21	C
2020-03-22 15:39:08.087595	u/jack544633	fl7oa0w	u/Elbers2	fl75nkc	C
2020-03-22 15:39:10.763751	u/Thinkaton	fl7oa24	u/AutoModerator	fl7nq3t	C
2020-03-22 15:39:12.115105	u/Campacker	fl7oa25	u/AutoModerator	fl7nl3t	C
2020-03-22 15:39:21.597023	u/Coopman123	fl7oas3	u/FTstealth77	fl7n1u6	C
2020-03-22 15:39:34.782897	u/rmest345	fl7obcv	u/Respect_Paying_Bot	fl7oa12	C
2020-03-22 15:39:37.953674	u/Smallbenbot03	fl7obh1	u/l3m0nnnnn	fl7i8iz	C
2020-03-22 15:39:39.134057	u/Aniphobos	fl7obhx	u/PizzaRatDude	fl7mwl3	C
2020-03-22 15:39:41.611052	u/PeJaybird	fl7objz	u/RepostSleuthBot	fl6qrcu	C
2020-03-22 15:39:43.810428	u/Vinzor0	fl7oblx	u/PablitoThePotato	fl7o6om	C
2020-03-22 15:39:45.354761	u/NoPrankBot	fl7obq5	u/rndmzr153	fl7objf	C
2020-03-22 15:39:48.010563	u/pietsmieter	fl7obwp	u/Beef-BoyYT	fl7jn0x	C
2020-03-22 15:39:48.937890	u/cpark012	fl7oc10	u/pussydestroyer69__	fl79u6y	C
2020-03-22 15:39:54.138948	u/DeMonstaMan	fl7occp	u/Stunning-Newspaper	fl79er0	C
2020-03-22 15:39:54.911332	u/Rumply4Skin	fl7ocg7	u/__KOBAKOBAKOBA__	fl7mjoy	C
2020-03-22 15:39:56.006638	u/The_Lone_Wolf_YT	fl7ocj3	u/MuddyChairz	fl7o42r	C
2020-03-22 15:39:56.728147	u/Bigob84	fl7ocmw	u/rmest345	fl7obcv	C
2020-03-22 15:39:57.483506	u/OnyxRaven94562	fl7oco2	u/pussydestroyer69__	fl79u6y	C
2020-03-22 15:39:59.409268	u/Confused_Mouse	fl7ocp7	u/ShootingAllDay88	fl792io	C
2020-03-22 15:40:01.514694	u/Pusheenosaurous328	fl7octs	u/OmgAvy	fl79eh1	C
2020-03-22 15:40:07.887736	u/The_Lone_Wolf_YT	fl7ocz1	u/Shawnaeromayne	fl7g1q8	C
2020-03-22 15:40:16.376354	u/SameCalligrapher5	fl7od43	u/Weiplayz	fl7aqac	C
2020-03-22 15:40:25.152884	u/The_Lone_Wolf_YT	fl7od91	u/FIREJ4CKS	fl7j808	C
2020-03-22 15:40:31.293440	u/The_Lone_Wolf_YT	fl7odii	u/generalkenobi28	fl7iugq	C
2020-03-22 15:40:38.466752	u/Vinzor0	fl7odpe	u/Vinzor0	fl7oblx	C
2020-03-22 15:40:52.171022	u/ptrs09	fl7odyj	u/Sam45802	fl5brdc	C
2020-03-22 15:41:00.679555	u/iamdapotato	fl7oe2v	u/DecentOpposum18	fl75t3q	C
2020-03-22 15:41:21.229349	u/FBI-is-here-	fl7of0u	u/Bigob84	fl7ocmw	C
2020-03-22 15:41:23.650096	u/Sujallamichhaneakasl	fl7of1f	u/leaderofthevirgins	fl7c8gw	C
2020-03-22 15:41:34.009296	u/CandyTheCat2777	fl7ofdh	u/Electroshock14	fl77uzu	C
2020-03-22 15:42:02.173204	u/BadJanetYouDink	fl7oge6	u/AgentDefault_	fl6qds9	C
2020-03-22 15:42:10.666728	u/Turnip_Head2	fl7ogmd	u/williamdope8	fl777u9	C
2020-03-22 15:42:22.273660	u/flextape_007	fl7oh07	u/MrNarfal	fl78sad	C
2020-03-22 15:42:27.079143	u/Resnov789	fl7oh33	u/Rowdy_YT	fn5lgz	S
2020-03-22 15:42:29.338710	u/Fidel9509	fl7oh3u	u/Kiznish	fl7m065	C
2020-03-22 15:42:48.114566	u/APOLLOIBZ	fl7oi3d	u/Thereddittor314	fl7oeio	C
2020-03-22 15:43:00.733380	u/Mekemu	fl7oidd	u/niamarkusa	fl7ltsl	C
2020-03-22 15:43:06.393521	u/Richard_G_Obbler	fl7oikw	u/Comic_15	fl7nzqj	C
2020-03-22 15:43:28.360518	u/Boberttheboss	fl7ojbw	u/StoneyBroi	fl7mr05	C
2020-03-22 15:43:31.690556	u/IIWMC	fl7ojfg	u/NoobSwifty	fl7mc3z	C
2020-03-22 15:43:33.887495	u/JMahan22	fl7ojij	u/PablitoThePotato	fl7nkb2	C
2020-03-22 15:43:36.232044	u/reppbs	fl7ojm1	u/FBI-is-here-	fl7of0u	C
2020-03-22 15:43:42.329365	u/reetzy998	fl7oqss	u/omg_itsjr07	fl7afe7	C
2020-03-22 15:43:46.714582	u/CallMiDonut	fl7oqzd	u/DonutOlympian	fl6i66s	C
2020-03-22 15:43:50.219440	u/lolo604	fl7or0q	u/PablitoThePotato	fl7ooxc	C
2020-03-22 15:44:02.784842	u/Not_The_Reaper	fl7or7h	u/Aaetheon	fl7lsqx	C
2020-03-22 15:44:05.287520	u/guy_on_reddit04	fl7or9r	u/GouRouxCuber	fl7lxve	C
2020-03-22 15:44:21.857102	u/private-pickle	fl7orn6	u/Rumply4Skin	fl7olv1	C
2020-03-22 15:44:25.002789	u/FRAX1001	fl7orqu	u/Jassyladd311	fl7ooin	C
2020-03-22 15:44:36.609394	u/Ethanbc16	fl7osa4	u/NiklasLjungdahl	fl7myl3	C
2020-03-22 15:45:07.343569	u/exWhyEye	fl7ot4w	u/TheBigCat63	fl7nval	C
2020-03-22 15:45:36.947273	u/NeonTiger1135	fl7ovzl	u/king_george88	fl7m98q	C
2020-03-22 15:45:40.103845	u/Caelumo	fl7ow1e	u/Elbers2	fl75nkc	C
2020-03-22 15:45:43.034973	u/DrancisFrake	fl7ow3h	u/Aaetheon	fl7med8	C
2020-03-22 15:45:53.385609	u/ovidcado	fl7owh2	u/reppbs	fl7ojm1	C
2020-03-22 15:45:56.400827	u/wingedonyx	fl7owjg	u/XB2006	fl7kxvt	C
2020-03-22 15:45:58.351574	u/ShowAbe	fl7owkw	u/AutoModerator	fl7kzbq	C
2020-03-22 15:46:01.293293	u/Xiaodisan	fl7own7	u/Kassariah424	fl7ejfx	C
2020-03-22 15:46:19.146572	u/adyankee953	fl7ox4b	u/dor121	fl7f6of	C
2020-03-22 15:46:24.279974	u/mymemesoul	fl7oxap	u/PablitoThePotato	fl7o6om	C
2020-03-22 15:46:49.624157	u/MonsterMatt96	fl7oxu8	u/elizabethjane50	fl7ke8m	C
2020-03-22 15:46:51.446729	u/porkman384	fl7oxuf	u/Jimmyjamz44	fl7nigl	C
2020-03-22 15:46:58.866742	u/oarjay	fl7oy3l	u/Dm_big_boobs	fn27l4	S
2020-03-22 15:47:07.439108	u/Loquen-kun	fl7oylg	u/PrayingSlays	fl73ksf	C
2020-03-22 15:47:10.129767	u/dashishmeister	fl7oyo1	u/Potatotheooflord	fl7o9uy	C
2020-03-22 15:47:11.877479	u/CoolBoyEagle	fl7oyo2	u/Tru_Drone_Videos	fl62aoe	C
2020-03-22 15:47:18.161882	u/David_Wallace_CFO	fl7oysg	u/Http-Chief	fl5mx8o	C
2020-03-22 15:47:36.084266	u/legey-boi	fl7oznk	u/Weiplayz	fl7d145	C
2020-03-22 15:47:37.706987	u/MonsterMatt96	fl7ozte	u/NotUserName420	fl7mrlq	C
2020-03-22 15:47:48.167082	u/DemonicNomad	fl7p0d8	u/-IvM-PhyonesArc	fl7one8	C
2020-03-22 15:47:55.855706	u/ExactDependent8	fl7p5cq	u/boomsnap99	fl7fsd1	C
2020-03-22 15:47:57.624970	u/pinkpatiences	fl7p5cx	u/funkyman22	fl7itit	C
2020-03-22 15:48:02.671322	u/Potatolord100	fl7p5kz	u/AutoModerator	fl7o2q4	C
2020-03-22 15:48:06.202485	u/SatyajeetBehera5	fl7p5ln	u/FBI-is-here-	fl7or0h	C
2020-03-22 15:48:09.568112	u/sneakypanda21	fl7p5rm	u/JulieJules-	fl7b3ge	C
2020-03-22 15:48:24.961262	u/slugersrules1234	fl7p6hl	u/Xploiter_RBLX	fl7f3nl	C
2020-03-22 15:48:33.067363	u/dookiebitch1039	fl7p6xs	u/tommyblinddeaf	fl787fr	C
2020-03-22 15:48:42.811570	u/ajallee	fl7p79l	u/ilikepintobeans	fl7o5fi	C
2020-03-22 15:48:47.952343	u/Potatolord100	fl7p7lf	u/dor121	fl7p4o5	C
2020-03-22 15:48:53.939420	u/KyxLy	fl7p7sr	u/saw_him	fl7exri	C
2020-03-22 15:49:07.071374	u/sneakypanda21	fl7p8ci	u/USSThunderMufin	fl7mqw4	C
2020-03-22 15:49:10.735350	u/worldofwarshafts	fl7p8hs	u/Quintium	fl7d60m	C
2020-03-22 15:49:13.239114	u/Bandicot69	fl7p8qd	u/BooglerDewgler	fl7dlp1	C
2020-03-22 15:49:15.274379	u/Camerin00	fl7p8ve	u/shushpen	fl79wwe	C
2020-03-22 15:49:21.437216	u/IeAtAsS694206	fl7p9h8	u/dovedevic	fl4ehep	C
2020-03-22 15:49:33.176342	u/fistasaverb	fl7pa7g	u/FBI-Surveillance-021	fl7ln2p	C
2020-03-22 15:49:34.222173	u/ldnq	fl7pa9m	u/meljohn22gaming	fl6d0m2	C
2020-03-22 15:49:36.258783	u/Willie_Leak	fl7paco	u/genericvillagerone	fl7j70c	C
2020-03-22 15:49:44.454491	u/Lord_CoatRack	fl7pawk	u/PolishHerbert	fl7m5kw	C
2020-03-22 15:49:46.833649	u/Aryen1103	fl7pazv	u/WitheredYT	fl7msln	C
2020-03-22 15:49:56.493824	u/benglescott	fl7pbl5	u/AgentPerry07	fl7p4fu	C
2020-03-22 15:49:59.047606	u/TheHappyInkling4123	fl7pbv8	u/DeathToTheFalseGods	fl7p3mp	C
2020-03-22 15:50:02.539670	u/lazy_rocky	fl7pc69	u/Pannenkoek420	fl7p95d	C
2020-03-22 15:50:10.755354	u/ImASpecialBoy	fl7pcd6	u/DoggoGamer	fl7ndiw	C
2020-03-22 15:50:22.301520	u/megeno125	fl7pcq2	u/Orryhurt	fl77d45	C
2020-03-22 15:50:36.676029	u/Nolemy2800	fl7pd3f	u/Ronik336	fl7bam1	C
2020-03-22 15:51:08.951686	u/Ari1613	fl7pe9y	u/Thereddittor314	fl7pb13	C
2020-03-22 15:51:20.617473	u/sycknyss2	fl7pei1	u/BlueAuqa	fl7pcwu	C
2020-03-22 15:51:39.219584	u/Poisoncheese965	fl7pesl	u/lolo604	fl7or0q	C
2020-03-22 15:51:53.977389	u/mogley1992	fl7pf9w	u/PlexingtonSteel	fl6kkr4	C
2020-03-22 15:52:13.977413	u/ImaginarySavings	fl7pft3	u/RepostSleuthBot	fl7jezu	C
2020-03-22 15:52:17.374326	u/Human-One	fl7pftr	u/Xploiter_RBLX	fl7fbg4	C
2020-03-22 15:52:33.380399	u/Stitch_is_awsome	fl7pg2x	u/pologxng	fl7o9dp	C
2020-03-22 15:52:42.284285	u/leothememer	fl7pgen	u/AScottishkid	fl6tzqe	C
2020-03-22 15:53:02.333900	u/RussianBot101101	fl7ph3y	u/Rowdy_YT	fl7oih8	C
2020-03-22 15:53:05.882583	u/RedNylo	fl7ph6i	u/Dawgthatismoist	fl7pe8e	C
2020-03-22 15:53:10.649015	u/HereToBeBlownAway	fl7ph6x	u/pussydestroyer69__	fl79u6y	C
2020-03-22 15:53:18.844586	u/MrZwodder	fl7phgh	u/A_sad_toaster	fl7m4i1	C
2020-03-22 15:53:38.306991	u/saleh-abid	fl7pi1q	u/PablitoThePotato	fl7om0n	C
2020-03-22 15:53:45.418117	u/BrLeAeNsKeE	fl7pi52	u/Aspen_Alabaster	fl6ob4x	C
2020-03-22 15:53:51.179530	u/CosmicNuggies	fl7pigb	u/Comic_15	fl7nzqj	C
2020-03-22 15:54:06.996620	u/hilrlrlrllr	fl7pj28	u/Thereddittor314	fl7pa17	C
2020-03-22 15:54:10.712944	u/joyathomes98	fl7pj70	u/mandomassive	fl7odnw	C
2020-03-22 15:54:17.244167	u/mechchickenman	fl7pjai	u/PablitoThePotato	fl7nkb2	C
2020-03-22 15:54:22.699256	u/junkmailboxesh	fl7pjfj	u/A_sad_toaster	fl7k5yu	C
2020-03-22 15:54:33.781832	u/xXSeehechtXx	fl7pjun	u/pussydestroyer69__	fl79u6y	C
2020-03-22 15:54:56.394850	u/edgytem	fl7pkpa	u/Xploiter_RBLX	fl7iefm	C
2020-03-22 15:54:58.462102	u/sLiK619	fl7pkp9	u/Battlebox0	fl7ltqg	C
2020-03-22 15:55:27.759611	u/becutie1	fl7pm0p	u/JealousDog99	fl7p1y7	C
2020-03-22 15:55:42.043120	u/the_tabasco	fl7pmst	u/IIWMC	fl7ojfg	C
2020-03-22 15:55:50.512012	u/Wooden-Table_Man	fl7pmz7	u/sneakypanda21	fl7pewg	C
2020-03-22 15:56:00.172266	u/Awoozle	fl7pnkm	u/AutoModerator	fl6i162	C
2020-03-22 15:56:38.887552	u/macobus	fl7pphe	u/shleyal19	fl4vlhn	C
2020-03-22 15:56:44.995944	u/FishThePerson_	fl7ppln	u/emmotionnal	fl7o0cm	C
2020-03-22 15:57:03.826550	u/NexxesLooking4memes	fl7ppzt	u/TheSaltyViking	fl7ol2r	C
2020-03-22 15:57:29.477596	u/DizTraz	fl7prjh	u/Bravo-50	fl7bluw	C
2020-03-22 15:57:33.797266	u/asharjafri	fl7prom	u/BadJanetYouDink	fl7p162	C
2020-03-22 15:57:40.923649	u/iambluest	fl7ps1p	u/redstag141	fl7oltt	C
2020-03-22 15:58:00.729001	u/Jay_Boi12	fl7pt62	u/soviet-assassin	fl6svi3	C
2020-03-22 15:58:24.551459	u/lupy_beta	fl7pu5t	u/Jace-Ace	fl7fplj	C
2020-03-22 15:58:27.686421	u/sevente_e_n	fl7pubh	u/mo0lelo	fl7nubh	C
2020-03-22 15:58:43.114000	u/Etilictic	fl7puto	u/Elbers2	fl75nkc	C
2020-03-22 15:58:46.713722	u/Big_Nice_Wolf	fl7puwt	u/Outbreak-Prime	fl78n1v	C
2020-03-22 15:58:50.603986	u/prncs_lulu	fl7pv0v	u/dovedevic	fl2eb1j	C
2020-03-22 15:58:52.873509	u/wallerc15	fl7pv4y	u/sliferra	fl6faou	C
2020-03-22 15:58:54.979478	u/Outrageous-Seaweed	fl7pv6f	u/monseweb2100	fl77weh	C
2020-03-22 15:59:13.700516	u/NoOnesThiccAsGaston	fl7pwj8	u/it_could_be_me_1027	fl7jwya	C
2020-03-22 15:59:22.605915	u/ascodjeno	fl7px42	u/Ciocalatta	fl6iu49	C
2020-03-22 15:59:23.908683	u/walmartsinkwater69	fl7px47	u/XxbruhmasterxX	fl7o2b3	C
2020-03-22 15:59:31.960648	u/Aidensan11	fl7pxdh	u/fastdootboi	fl7ku3m	C
2020-03-22 15:59:35.559083	u/nickfaraci1994	fl7pxkm	u/CinKM4D	fl7pqo5	C
2020-03-22 15:59:41.705953	u/MINIIIIIIIIIIIIIIIII	fl7pxx3	u/spanch-moss	fl7phza	C
2020-03-22 15:59:43.479449	u/Korppi__	fl7pxzn	u/agent00gareth	fl7nvrh	C
2020-03-22 15:59:47.670315	u/HugeBlackGlock	fl7py6g	u/private-pickle	fl7n1ps	C
2020-03-22 15:59:54.585693	u/idjdbgdjdoxknrneijs	fl7pytl	u/NiklasLjungdahl	fl7pu1n	C
