2020-04-13 22:00:03.409231	u/NaRa0	fnc5q2x	u/memeyartistUwU	fnbvmcj	C
2020-04-13 22:00:46.494462	u/acountmadefor-rmemes	fnc5rp3	u/RepostSleuthBot	fnc1trl	C
2020-04-13 22:00:50.324234	u/Gothimaya	fnc5rsr	u/harshthegoose	g0o3nj	S
2020-04-13 22:00:53.566026	u/Jailbird19	fnc5rub	u/NinjaGuy274	fnbt3wz	C
2020-04-13 22:01:50.473784	u/camthenogayman	fnc5t0q	u/Sofia_864	fnbefav	C
2020-04-13 22:02:07.651306	u/david64074	fnc5t7x	u/Charlie_Berry	fnbwgn1	C
2020-04-13 22:02:41.697688	u/mgrant8888	fnc5u12	u/EatMy3point141592653	fnbzv0w	C
2020-04-13 22:02:43.888769	u/sorry_im_toxic_	fnc5u2g	u/GoldenFennekin	fnb9tz7	C
2020-04-13 22:03:37.448328	u/iam4real	fnc5vig	u/xDankSkank	fnbvysc	C
2020-04-13 22:04:19.372012	u/dretheboss06	fnc5w7e	u/The_night_camel	fnc4vpa	C
2020-04-13 22:04:48.029314	u/Jensyuwu	fnc5wiw	u/N0TH4CK3R303	fnc3de1	C
2020-04-13 22:05:12.116411	u/Gol3mMor3artYT	fnc5wu5	u/belgianPotatian	fnbz9rq	C
2020-04-13 22:05:41.737674	u/TheSaas	fnc5xb9	u/IeAtAsS694206	fnbu5nf	C
2020-04-13 22:06:04.823274	u/TheContextual	fnc5y9e	u/Sammysoupcat	fnbwxle	C
2020-04-13 22:07:13.380373	u/HellcatV8	fnc5zt5	u/MagicalUnicorn673	fnbwzuj	C
2020-04-13 22:07:14.853624	u/johnnymaryseed	fnc5zwv	u/EggAllocationService	fnbyx3y	C
2020-04-13 22:07:36.237639	u/sansfaz	fnc60bu	u/Michi_Draws	fnc5pn1	C
2020-04-13 22:08:31.540319	u/_noice202	fnc620c	u/gustavomendes10	fnc3gw2	C
2020-04-13 22:09:05.819644	u/Charzar98	fnc638p	u/belgianPotatian	fnbrbfn	C
2020-04-13 22:09:13.390409	u/Andysgirl1080	fnc63j5	u/MamaMoosicorn	fnbn2bv	C
2020-04-13 22:10:47.289555	u/sparkystudiosYT	fnc666o	u/thebreaditer	fnbx0by	C
2020-04-13 22:10:50.801307	u/R4ND0M101	fnc668i	u/MagicalUnicorn673	fnbmiqp	C
2020-04-13 22:10:58.523876	u/Alexander_pop	fnc66by	u/Dealkill	fnc5me0	C
2020-04-13 22:11:10.054150	u/ManateeMan21	fnc66lu	u/MindlessEgg	fnc4pf5	C
2020-04-13 22:11:53.269448	u/RustyWWIII	fnc67if	u/Dealkill	fnc5me0	C
2020-04-13 22:11:57.608156	u/thebranman18	fnc67m5	u/GreenhouseBug	fnbyu7k	C
2020-04-13 22:12:06.461623	u/LucyCotgias	fnc67qj	u/ChefSemiColon	fnbrg87	C
2020-04-13 22:12:08.783710	u/BIgbiGBing	fnc67s5	u/Tim_Barkie	fnb1njp	C
2020-04-13 22:12:11.128276	u/NamelessKoala32	fnc67u6	u/MuskyMusk123	fnc5c4y	C
2020-04-13 22:12:25.399688	u/NYEMESIS	fnc684j	u/fin020304	fnc09od	C
2020-04-13 22:13:55.748577	u/Wavefire_	fnc7lho	u/emrldmanlol	fn1eoh8	C
2020-04-13 22:15:20.732781	u/GOMD_mom	fnc7mzg	u/LolerPlaysThings	fnbavqg	C
2020-04-13 22:17:12.922186	u/raymond8505	fnc7p9w	u/belgianPotatian	fnbrbfn	C
2020-04-13 22:19:21.086919	u/flexseal123	fnc7sy6	u/wizzyneimeyer	fnbyoxf	C
2020-04-13 22:19:32.539455	u/tsunami_k	fnc7tuo	u/vjsz_thomas	fnc6jc2	C
2020-04-13 22:19:34.048241	u/YoMommaRedacted	fnc7tyj	u/kyle2530	fnc6wkn	C
2020-04-13 22:19:44.908367	u/Longingtornado1390	fnc7uzg	u/SandpaperDildo101	fnc1bei	C
2020-04-13 22:20:25.112936	u/DeathPheonix3006	fnc7w6k	u/Leelluu	fnc6uaa	C
2020-04-13 22:22:19.463227	u/proud-carpet	fnc7ypk	u/jokel7557	fnc3obe	C
2020-04-13 22:22:53.015669	u/Mechmann19	fnc7zeb	u/Chocolate_caffine	fnc6w8a	C
2020-04-13 22:23:00.819561	u/The-Stick-Lord	fnc7zj1	u/Formal_Breakfast	fnc5pfl	C
2020-04-13 22:24:29.574190	u/IceCreamHeart	fnc81cm	u/Lams1d	fnbgcux	C
2020-04-13 22:24:36.431194	u/reditor342	fnc81ke	u/LolerPlaysThings	fnbavqg	C
2020-04-13 22:24:48.581261	u/Averageone23	fnc81to	u/jokel7557	fnc3obe	C
2020-04-13 22:25:14.016733	u/blacksmithhi3	fnc82tg	u/nella96	fnc4tkp	C
2020-04-13 22:25:43.698781	u/AlfreMK	fnc83tc	u/Chuck_the_Chipmunk	fnc7wr0	C
2020-04-13 22:25:46.390471	u/Background-Being	fnc83w1	u/themadtitanDORMAMMU	fnc5k3v	C
2020-04-13 22:25:49.568058	u/toastnosauce	fnc83yp	u/RustyWWIII	fnc67if	C
2020-04-13 22:26:05.753385	u/Salt_Draw	fnc84s8	u/Freerangerandy	fnbltl7	C
2020-04-13 22:26:27.525544	u/DepressedEggroll13	fnc859o	u/13_sidd	fnbbdfs	C
2020-04-13 22:26:35.595131	u/Emily5282	fnc85dg	u/piratezombieking	fnc583s	C
2020-04-13 22:27:04.949344	u/paxlinhx	fnc85rt	u/BluValiGuy	fnbrc0m	C
2020-04-13 22:27:07.348807	u/Mr_Fshdg	fnc85sz	u/xbladeheh	fnbc5j0	C
2020-04-13 22:27:21.852392	u/Megumin_demon	fnc86q5	u/Bearofkratos	fnbv6x0	C
2020-04-13 22:28:02.824066	u/haiely	fnc87vr	u/mrgopher17	fnc7rmu	C
2020-04-13 22:28:28.060028	u/Za_BossMan	fnc88is	u/Steelrainsniper	fnc7928	C
2020-04-13 22:28:34.523533	u/datredditboii69	fnc88qq	u/17theKid	fnc6rjo	C
2020-04-13 22:28:49.033080	u/Pacmam9197	fnc89l0	u/Omegamemey	fnc8141	C
2020-04-13 22:29:19.327482	u/OreoDestroyer93	fnc8agm	u/Asscreamsundae667	g0vure	S
2020-04-13 22:29:22.301103	u/Woooosh-baiter10	fnc8all	u/Zafk13l	fnc4bjn	C
2020-04-13 22:29:27.460298	u/SteamyExecutioner	fnc8ar1	u/andyv001	fnby3rm	C
2020-04-13 22:30:10.244718	u/TH30REC4T	fnc8cwi	u/TwoBeeOreKnotTwoBee	g0wlh7	S
2020-04-13 22:31:15.297050	u/iwhattheduck	fnc8fa0	u/pythonkiller64	fnbz56h	C
2020-04-13 22:31:23.946659	u/GrassyPond	fnc8fjy	u/Zach_Xk	fnbtdx8	C
2020-04-13 22:32:08.471451	u/DaddyKunt	fnc8gfh	u/LolerPlaysThings	fnbavqg	C
2020-04-13 22:32:10.727494	u/destruction722	fnc8gff	u/RPBCup	fnc4wsj	C
2020-04-13 22:32:14.892572	u/walpus	fnc8ggl	u/ReversedPyramids	fnc8bb7	C
2020-04-13 22:32:18.219085	u/ForeverMonkeyMan	fnc8glr	u/Dalbah	fnbssy6	C
2020-04-13 22:33:25.506130	u/Wilde0ne1	fnc8hzz	u/AlfreMK	fnc6qss	C
2020-04-13 22:33:54.434992	u/maxwellkellner1	fnc8iyr	u/Sofia_864	fnbefav	C
2020-04-13 22:34:20.209178	u/Catcatian	fnc8jpl	u/neonstrat	fnbsk0h	C
2020-04-13 22:34:22.966543	u/LuckyDuck4	fnc8jqz	u/Elegant-Polar-Bear	fnc2yyq	C
2020-04-13 22:35:05.663232	u/RamenDevil-666	fnc8kiw	u/Logangster__	fnc7zag	C
2020-04-13 22:35:17.203877	u/capSAR273	fnc8klw	u/1fifty7	fnc5mer	C
2020-04-13 22:35:33.250502	u/footandfice	fnc8kz6	u/RealTigres	g0tlx0	S
2020-04-13 22:35:45.939750	u/Angry_Parrot	fnc8l54	u/clumsdenmemr2	fnc6meq	C
2020-04-13 22:36:00.872058	u/Shazoch	fnc8lnf	u/iwhattheduck	fnc8fa0	C
2020-04-13 22:36:24.758110	u/SightFad	fnc8m5t	u/BigOneSecond	fnavjky	C
2020-04-13 22:36:33.780732	u/TehWizardV2	fnc8mkc	u/Jomesfonso	fnc7onn	C
2020-04-13 22:36:48.570346	u/Tcrygaming	fnc8mvi	u/baekqtie	fnc8k0e	C
2020-04-13 22:38:03.985585	u/CherryLemonade1	fnc8pe0	u/ForgotMyPassword229	fnc7zcf	C
2020-04-13 22:38:07.043541	u/jesp676a	fnc8phr	u/V_da_Gr8	fnc6jx2	C
2020-04-13 22:38:30.292211	u/Skalaxius	fnc8pyo	u/SpiceTrader56	fnbhsfr	C
2020-04-13 22:38:52.141782	u/rodan91	fnc8ql9	u/ivangraupera	fna54sn	C
2020-04-13 22:39:30.040090	u/kmaster54321	fnc8scq	u/Masturbuilder	fnbxupw	C
2020-04-13 22:39:40.010585	u/Beeeen498	fnc8snj	u/AJRW-	fnc7v5z	C
2020-04-13 22:40:31.507624	u/TheTgPwny	fnc8ufh	u/SandpaperDildo101	fnc1bei	C
2020-04-13 22:41:11.037864	u/secretspy2000	fnc8vlr	u/YoMommaRedacted	fnc844f	C
2020-04-13 22:41:40.850155	u/nixthelatter	fnc8wb2	u/zigzagger123456	g0ob59	S
2020-04-13 22:43:07.629564	u/Jgarcia403	fnc8yd9	u/HaileeNun13	fnc40bo	C
2020-04-13 22:44:39.593135	u/2YoungSnick5	fnc9144	u/MCMikey3704	fnc8wjb	C
2020-04-13 22:44:42.985935	u/jeremym-donald	fnc915g	u/spookysam24	fnc8w7c	C
2020-04-13 22:45:09.994705	u/Laniculus	fnc929b	u/Mimikyu-Overlord	g0wuzj	S
2020-04-13 22:46:50.444461	u/IFuckPufferfish	fnc946u	u/CacklettasMinion	fnc167o	C
2020-04-13 22:46:54.387925	u/Peachedcrane60	fnc94c5	u/Didactikos	fnc8z3g	C
2020-04-13 22:46:59.451905	u/R3con420	fncaq59	u/NegativeReply3211	fncakni	C
2020-04-13 22:47:57.798600	u/wolfesquad	fncarl1	u/BossVoyage12317	fncaojx	C
2020-04-13 22:48:10.950971	u/teehee---	fncas3u	u/Tachihana	fncar1a	C
2020-04-13 22:48:54.607396	u/OmaeWaMowShindeiru	fncauo4	u/superALEX001	fnb8cpa	C
2020-04-13 22:49:17.429220	u/winter2014a	fncavgp	u/BlooFlea	fncaqmk	C
2020-04-13 22:49:20.331933	u/crash_niqqa	fncavn4	u/T3Chnological14	fnca6uw	C
2020-04-13 22:49:23.363107	u/Tyleri-_-	fncaw0s	u/bob1278999	fnc0gl0	C
2020-04-13 22:49:35.982389	u/Borderlands3isbest	fncawk7	u/jilljilljill27	fnc8fag	C
2020-04-13 22:49:36.644531	u/NoButterZ	fncawle	u/Lams1d	fnbkke1	C
2020-04-13 22:49:46.177157	u/Potatodactyal	fncawwl	u/fredvanvleetsr	fncah6l	C
2020-04-13 22:49:56.640139	u/EnderWiggin42	fncaxgz	u/Agitated_Fox	fnc7zpy	C
2020-04-13 22:50:06.233207	u/CreepyCowardess	fncaxv5	u/Doric_entrepeneur	fnc17st	C
2020-04-13 22:50:48.250055	u/featherhead13	fncaz0o	u/belgianPotatian	fnbzjzj	C
2020-04-13 22:51:15.340068	u/autistickid19	fncb09j	u/jackerman1235	fncap8p	C
2020-04-13 22:52:29.394432	u/TimkoMusic	fncb1tj	u/Kyongkieee	fnc6zs3	C
2020-04-13 22:53:07.187308	u/halaybasi55	fncb2yh	u/DiceDestroy	fnc2us8	C
2020-04-13 22:53:10.353958	u/Foofnarr	fncb35k	u/Synth131	fnc7b4k	C
2020-04-13 22:53:22.104921	u/thinkimfinallyclean_	fncb3cu	u/NightFighter013	fncax2k	C
2020-04-13 22:53:37.399254	u/veganseatmeat_	fncb3mf	u/lickmy9inch	fncalqd	C
2020-04-13 22:54:09.804354	u/AquaWuu	fncb4b5	u/Reddituser8812	fncav2d	C
2020-04-13 22:54:14.549672	u/obstacle66	fncb4h7	u/jokel7557	fnc3obe	C
2020-04-13 22:54:50.084804	u/kal_vratrak	fncb5az	u/jokel7557	fnc3obe	C
2020-04-13 22:54:59.178089	u/Zhellblah	fncb5s7	u/MCMikey3704	fnc8wjb	C
2020-04-13 22:55:10.773728	u/btfreflex	fncb66t	u/polarigina1	fnc9x3w	C
2020-04-13 22:55:49.286640	u/ichbinrechtlicht	fncb7ip	u/Barcagranny04	fna1pkp	C
2020-04-13 22:56:12.023939	u/Oshawott_12	fncb8ve	u/Kyongkieee	fnc6zs3	C
2020-04-13 22:56:34.043186	u/McHusk	fncb9gp	u/Duckling-The-CEO	fn9riuh	C
2020-04-13 22:56:38.703486	u/Tebasaki	fncb9hb	u/Christopher1228	g0u7rm	S
2020-04-13 22:56:42.710940	u/nosferasta	fncb9qe	u/generiCoff	fnbzsxk	C
2020-04-13 22:57:41.504196	u/_RryanT	fncbb75	u/NvrOnTime	fnbzm2h	C
2020-04-13 22:57:46.556077	u/FakeFiduciary	fncbbbo	u/Lams1d	fnbkke1	C
2020-04-13 22:58:13.786258	u/ilbtz	fncbcju	u/VloggedIn	fnc4x7i	C
2020-04-13 22:58:23.744918	u/Pteryll	fncbd4d	u/FBI-Agent-007	fnbeaaq	C
2020-04-13 22:58:33.334795	u/Awesomise	fncbdlk	u/Alexis-Aparicio	fncarkx	C
2020-04-13 22:58:46.122288	u/_Raymond_abc	fncber2	u/trm502	fncbbqn	C
2020-04-13 22:59:11.599119	u/WakBlack	fncbg0f	u/val_lim_tine	fncbdyw	C
2020-04-13 22:59:38.914658	u/Deku_Izuku_Midoryia	fncbifq	u/imaginarytoby	fnc7jlf	C
2020-04-13 22:59:44.363189	u/gardenhoze14	fncbino	u/Sattoth	fncb9rf	C
2020-04-13 22:59:56.430916	u/Dinochickennuggetz	fncbj3c	u/jokel7557	fnc3obe	C
