2020-03-27 04:00:16.550175	u/N3cromant	flmt7q1	u/born-a-wolf7650	flmpx6t	C
2020-03-27 04:00:54.029039	u/D1m3X	flmt8ss	u/bagged___milk	flmr6ew	C
2020-03-27 04:00:58.425636	u/3elewa	flmt8vq	u/superlogs	flms4f1	C
2020-03-27 04:01:17.453572	u/RiffoRaffo	flmt9ee	u/ivan_ng_smilerkiller	flmq4db	C
2020-03-27 04:01:24.206743	u/Merson13	flmt9mw	u/SevenPandas	fljz87d	C
2020-03-27 04:01:30.288940	u/Azriff	flmt9q0	u/NameRofl	flmo0z7	C
2020-03-27 04:01:47.061335	u/Clear-Print	flmta08	u/Resident-Sweet	flmt4s2	C
2020-03-27 04:01:56.644666	u/white-_--	flmta5v	u/cjc1234godkiller	flmsbv3	C
2020-03-27 04:02:01.211716	u/IDK_James	flmtab3	u/Irrational-Charisma	fpniw7	S
2020-03-27 04:02:12.301278	u/REXON37	flmtaq5	u/YNTheDissapointment	flm3nby	C
2020-03-27 04:02:19.900138	u/Ryanmiller70	flmtaui	u/BigBear_241	flmrax9	C
2020-03-27 04:02:32.669017	u/FeedMeWNews	flmtb2t	u/sammorrison9800	fpsyr5	S
2020-03-27 04:02:37.350097	u/69isverynice	flmtb3q	u/Eleven_Shelves	flmpwfz	C
2020-03-27 04:02:55.339395	u/lithium_girl	flmtbng	u/RepostSleuthBot	flmt673	C
2020-03-27 04:03:11.298122	u/AlmostMcFriccinHadIt	flmtch5	u/Vaultboy474	fpnh1b	S
2020-03-27 04:03:32.166134	u/ElDemomen	flmtd1q	u/basicallyagoodname	flmsi89	C
2020-03-27 04:03:35.436967	u/gabrielm4	flmtd2a	u/nervousmelon	flmt8l1	C
2020-03-27 04:04:18.073612	u/Pluto_A_Planet	flmte4a	u/TSM_LittleRaphie	flmtczd	C
2020-03-27 04:04:20.172416	u/LordBookshelf	flmte4y	u/Cheshire559	flmt99b	C
2020-03-27 04:04:31.304447	u/NoMorePomegranates	flmtec0	u/decendingvoid	flmrfcu	C
2020-03-27 04:04:33.406384	u/jaitogudksjfifkdhdjc	flmtecv	u/TheIIPaul	flmswss	C
2020-03-27 04:04:36.614420	u/bphoenix478	flmteeg	u/Ebyy0_0	flmr6xo	C
2020-03-27 04:04:59.617969	u/ILikeStones	flmtevt	u/Cheshire559	flmt99b	C
2020-03-27 04:05:03.547909	u/NinjaChestnut	flmtexm	u/Galvan2003	flmta4e	C
2020-03-27 04:05:15.694690	u/bphoenix478	flmtf46	u/yibredditmemer	flmqhgk	C
2020-03-27 04:05:25.767167	u/DishiestOrc	flmtfcl	u/Prime7937	flmnge0	C
2020-03-27 04:05:42.444627	u/GRAAAVYDUDE	flmtfuq	u/Xploiter_RBLX	flm382l	C
2020-03-27 04:05:46.408426	u/bphoenix478	flmtfvz	u/KRTrueBrave	flmhelr	C
2020-03-27 04:06:17.665196	u/smolduck69420	flmtgm9	u/racerfree	flmg14f	C
2020-03-27 04:06:26.656658	u/Willhouse_Scream	flmtgy6	u/fualtyzane	flmrt1n	C
2020-03-27 04:06:31.766954	u/nastyhealer	flmth1v	u/thespeedbrgamer69420	flmr5sx	C
2020-03-27 04:06:33.636508	u/TurnToPage88	flmth2w	u/thespeedbrgamer69420	flmr5sx	C
2020-03-27 04:06:40.676577	u/Heinest2000	flmth6c	u/racerfree	flmmvti	C
2020-03-27 04:07:11.881286	u/Weaponized-Austim	flmti1u	u/D1m3X	flmt8ss	C
2020-03-27 04:07:16.262875	u/dercolegolas420	flmti60	u/racerfree	flmsxq3	C
2020-03-27 04:07:22.927620	u/bruhmomentooooo	flmtibk	u/-EzWaY-	flm1bgd	C
2020-03-27 04:07:36.589328	u/TheLonelyKovil	flmtipr	u/racerfree	flmse4w	C
2020-03-27 04:07:55.267197	u/WHITEBLADE___	flmtj8s	u/opotatojesus	flmtdr2	C
2020-03-27 04:08:12.100722	u/SpicyButterscotch	flmtjua	u/Heinest2000	flmth6c	C
2020-03-27 04:08:39.781700	u/AlbinoPurpleDinosaur	flmtkdg	u/dino-crunch-berries	flmojj9	C
2020-03-27 04:09:02.725998	u/panling69	flmtl0t	u/racerfree	flmnjz7	C
2020-03-27 04:09:19.121460	u/A-cheap-escort	flmtltt	u/Kal-Kathow	flm4h2m	C
2020-03-27 04:09:27.148232	u/woosh_if_gay12	flmtm3e	u/nameofanuser	flmd5ri	C
2020-03-27 04:09:33.398747	u/Bz1800	flmtmbc	u/tookiesshorts	flms53v	C
2020-03-27 04:09:47.626030	u/Sertdemir	flmtmxh	u/Corona-Beer-is-cure	flmtlio	C
2020-03-27 04:09:49.892427	u/CrazyRexBoi	flmtn0t	u/RepostSleuthBot	flm3dum	C
2020-03-27 04:09:54.519772	u/kinetickle	flmtnce	u/Xploiter_RBLX	flmma8q	C
2020-03-27 04:09:55.645610	u/ikeapencil21	flmtnh3	u/Majorgunner05	flmi4xx	C
2020-03-27 04:10:01.544849	u/tejota	flmtnl0	u/FluuBk	fp8sve	S
2020-03-27 04:10:10.999451	u/Sayy_Myy_Name	flmtno4	u/69isverynice	flmth5i	C
2020-03-27 04:10:18.287266	u/One_Ponce_Man	flmtnv8	u/Coolbob6666	flmloc2	C
2020-03-27 04:10:40.669541	u/sponsoredmilk	flmtofu	u/HunterKiller1441	flms4he	C
2020-03-27 04:10:51.028283	u/existingisfake	flmtok6	u/madmilkaddicted	flmsshq	C
2020-03-27 04:10:57.762446	u/Bulletmaster79	flmtomi	u/fualtyzane	flmrnpy	C
2020-03-27 04:11:03.270866	u/Azour_	flmtoql	u/racerfree	flmr1rb	C
2020-03-27 04:11:14.315723	u/SphyxaIX	flmtoxu	u/Alram69	flmr839	C
2020-03-27 04:12:06.412367	u/meme_maniac42	flmtqj8	u/iexist3	flm1n83	C
2020-03-27 04:12:31.618535	u/iamdegenerat3	flmtr37	u/Shayarae	flmm2q9	C
2020-03-27 04:12:39.160146	u/Big-Dinguss	flmtr5e	u/palpaple777	flmc0d6	C
2020-03-27 04:13:03.815318	u/bloodybleachedfurry	flmtrx7	u/fualtyzane	flmrshz	C
2020-03-27 04:13:28.680938	u/Marek102008	flmtsgt	u/TheBiebs107	flly0q3	C
2020-03-27 04:13:44.700427	u/Mr-Buzinezz	flmtsq6	u/nervousmelon	flmtavx	C
2020-03-27 04:14:25.602781	u/bonizzle	flmttqh	u/Cheshire559	flmt99b	C
2020-03-27 04:14:30.713773	u/dunce_party	flmttvb	u/racerfree	flmpf9w	C
2020-03-27 04:14:37.469256	u/Dotard007	flmtu5c	u/peabut_nutters	flmmaz3	C
2020-03-27 04:14:40.658428	u/TrolSoNeK	flmtu78	u/RepostSleuthBot	flmliwo	C
2020-03-27 04:14:47.986226	u/Dotard007	flmtuf0	u/GuppyPup_2	flmmbkv	C
2020-03-27 04:14:56.445566	u/Rheytos	flmtuk6	u/im_a_disco_dancer	flkuoq3	C
2020-03-27 04:15:31.962937	u/KunkyFong_	flmtvh2	u/ScreamingLlama101	flml620	C
2020-03-27 04:15:36.762869	u/Mrspeanutbutterr	flmtviu	u/fualtyzane	flmq4wp	C
2020-03-27 04:15:47.806263	u/CpandaD	flmtvq3	u/racerfree	flmos93	C
2020-03-27 04:15:50.644946	u/pussfaceptarmigan	flmtvxv	u/penwellr	flmntmr	C
2020-03-27 04:15:57.091938	u/AndreiWarrior	flmtw0d	u/racerfree	flmp5vx	C
2020-03-27 04:16:04.324411	u/ColtonRomanus	flmtw8i	u/Firando	flmtto6	C
2020-03-27 04:16:18.013378	u/dunce_party	flmtwg8	u/diyas52	flmbpcm	C
2020-03-27 04:16:19.932982	u/Peeta32	flmtwip	u/SaharshDaNerd	flmtvgz	C
2020-03-27 04:16:22.727690	u/PhilDaMaster	flmtwj5	u/fualtyzane	flmseke	C
2020-03-27 04:16:26.393814	u/Yaboi-1512	flmtwjk	u/HIROGO	flmi26w	C
2020-03-27 04:17:08.440307	u/someguy_79	flmtxq5	u/_potential_username_	flmmba2	C
2020-03-27 04:17:37.893797	u/x3XC4L1B3Rx	flmtyi3	u/RepostSleuthBot	fllhdgz	C
2020-03-27 04:17:50.111342	u/PewdsLegz	flmtyrk	u/beany_boi45	flme610	C
2020-03-27 04:17:51.908092	u/thomast69420	flmtyt6	u/waterday-741	flmrd4s	C
2020-03-27 04:17:54.490817	u/potatocouch2	flmtyuy	u/Respect_Paying_Bot	flmtqwq	C
2020-03-27 04:18:04.695763	u/potatocouch2	flmtz19	u/icemage27	flmtmmd	C
2020-03-27 04:18:08.026659	u/PewdsLegz	flmtz3e	u/PoliticalCorrectguy	flmsa76	C
2020-03-27 04:18:12.395561	u/potatocouch2	flmtz6a	u/Ada_Wong_	flmtlt5	C
2020-03-27 04:18:15.744891	u/RientsSchilstra	flmtz88	u/Binky_barns	flmptch	C
2020-03-27 04:18:18.939746	u/dee_ceee	flmtzaw	u/-TheLamest	flmfela	C
2020-03-27 04:19:04.245714	u/DirectoryGrunt78	flmu119	u/ConstantlySuccubus	flmtode	C
2020-03-27 04:19:07.658905	u/MeriasForb	flmu12z	u/some-R6-siege-fan	flmpjzw	C
2020-03-27 04:19:09.731401	u/predalien7254	flmu15s	u/nedegame	flm7g38	C
2020-03-27 04:19:21.568859	u/Ebone710	flmu1rs	u/sleepy_lurker695	flmrx6k	C
2020-03-27 04:19:23.746720	u/AIM695	flmu1tu	u/fualtyzane	fl6ys81	C
2020-03-27 04:19:26.440928	u/100-PercentHooman	flmu1v2	u/eGGhEad113	flmshy2	C
2020-03-27 04:19:29.113845	u/DirectoryGrunt78	flmu20g	u/AutoModerator	flmtwc6	C
2020-03-27 04:19:36.755137	u/SHADYW0LF	flmu25t	u/Kind-Pop	fl3zlqu	C
2020-03-27 04:19:38.405036	u/Omegamemey	flmu287	u/HunterKiller1441	flmsbdu	C
2020-03-27 04:19:39.595663	u/Dream_4_Memes	flmu299	u/fualtyzane	flmsfhk	C
2020-03-27 04:19:49.635842	u/GamerCatBoy360	flmu2f2	u/Mexpotato	fljquoz	C
2020-03-27 04:19:57.650975	u/Arkhoos_	flmu2w2	u/Harry_JPotter	flmu0h5	C
2020-03-27 04:20:41.375187	u/uezyteue	flmu3z4	u/striptheflesh121	flmi22z	C
2020-03-27 04:20:44.626584	u/Astr0-0	flmu3zp	u/fualtyzane	flmqw5a	C
2020-03-27 04:20:56.372885	u/Kirbly11	flmu49y	u/RepostSleuthBot	flmtyfv	C
2020-03-27 04:21:57.060199	u/thrustnobody	flmu519	u/fualtyzane	fllr6iw	C
2020-03-27 04:22:12.452536	u/phairnuff	flmu58o	u/Kirbly11	flmtxaj	C
2020-03-27 04:22:24.722334	u/Gamedude2835	flmu5gw	u/marpoksma	flm01ju	C
2020-03-27 04:22:32.366446	u/Aquarii9	flmu5lz	u/-K-C-	flmjogv	C
2020-03-27 04:22:41.884198	u/explodedsteak	flmu5y1	u/AutoModerator	fl3u1tj	C
2020-03-27 04:22:47.180918	u/ClozetSkeleton	flmu5yu	u/fualtyzane	flmtxhx	C
2020-03-27 04:23:49.509065	u/Emerald_8XG	flmu7hb	u/Big-Dinguss	flmtr5e	C
2020-03-27 04:24:13.708553	u/Mikey_ap	flmu81y	u/GodComplexAthsmatic	flmflox	C
2020-03-27 04:24:15.771217	u/Trastane	flmu81x	u/racerfree	flmu3ko	C
2020-03-27 04:24:45.926756	u/helemaalwak	flmu8qa	u/RamanySquare	flmqusi	C
2020-03-27 04:24:59.674365	u/jrranch123	flmu8z0	u/FillFester1233	flmfti9	C
2020-03-27 04:25:23.384180	u/wolfhunter11	flmu9ba	u/tahickeboi	flmu6hu	C
2020-03-27 04:25:49.814715	u/Lemon_is_my_life	flmu9xx	u/fualtyzane	flmqr69	C
2020-03-27 04:25:57.226850	u/j1nxworld	flmua5m	u/terminator529	flmrrwr	C
2020-03-27 04:26:00.916309	u/FeetusDeletus12	flmua7g	u/tHaToNe_bReAd	flmiu8q	C
2020-03-27 04:26:04.667505	u/webberc	flmuaa4	u/goldenholden69	flmscif	C
2020-03-27 04:26:14.370455	u/Donut_The_Ghost	flmual9	u/Xploiter_RBLX	flmolqu	C
2020-03-27 04:26:56.799009	u/DecoPL3	flmubl3	u/AutoModerator	flmtp3w	C
2020-03-27 04:27:06.393784	u/fuzfy	flmubsm	u/bluehatgamingNXE	flmtr3q	C
2020-03-27 04:27:31.422373	u/ZappyMitts	flmuciy	u/wolfhunter11	flmu9ba	C
2020-03-27 04:27:33.970126	u/shinukaushik	flmucqe	u/fualtyzane	flmtz6f	C
2020-03-27 04:27:43.952063	u/Robbe1205	flmuczv	u/fualtyzane	flmtqvm	C
2020-03-27 04:28:00.013346	u/elephantghost26	flmudha	u/High-Pitched-Kid	flmrib3	C
2020-03-27 04:28:07.917582	u/carbonneutral02	flmudp9	u/TheSCP_3008	flmlj12	C
2020-03-27 04:28:09.494454	u/DoodlePerson1000	flmudpe	u/fualtyzane	flmu3nm	C
2020-03-27 04:28:11.077256	u/magicalflyinaardvark	flmudts	u/moh220051	flmu9ol	C
2020-03-27 04:28:13.731535	u/Asa_Ludwig	flmudya	u/D1m3X	flmt8ss	C
2020-03-27 04:28:45.557834	u/Wesoler	flmueyj	u/bloodybleachedfurry	flmqda8	C
2020-03-27 04:29:03.119368	u/KiingRaja	flmufio	u/VViper1232	flk4xum	C
2020-03-27 04:29:07.876808	u/erstanski	flmufoh	u/fualtyzane	flmtvh6	C
2020-03-27 04:29:13.475954	u/Bucivagyok	flmug31	u/One_Ponce_Man	flmtnv8	C
2020-03-27 04:29:17.707893	u/Shnibert	flmugb4	u/tahickeboi	flmu6hu	C
2020-03-27 04:29:25.105383	u/anonymous81860	flmugrj	u/Ben_Driscoll	flmrf4p	C
2020-03-27 04:29:48.283343	u/wrigh2uk	flmuhrn	u/Donimation73	flkfo8c	C
2020-03-27 04:29:53.491230	u/jsmooke	flmuhw8	u/superfishious	flmpakv	C
2020-03-27 04:29:55.722166	u/patwicc2004	flmui0h	u/RepostSleuthBot	flmug8w	C
2020-03-27 04:29:58.669915	u/WrathOfBrad	flmuia8	u/Alterex1	flmsga5	C
2020-03-27 04:30:37.258558	u/myusername_thisis	flmuje4	u/RepostSleuthBot	flmqy58	C
2020-03-27 04:31:02.886937	u/1111bryan1111	flmujwh	u/crazygamer_	flmmgf0	C
2020-03-27 04:31:08.452046	u/SpookyDotCom	flmuk27	u/RepostSleuthBot	flmug8w	C
2020-03-27 04:31:16.749151	u/igotsomegooddefs	flmukas	u/fualtyzane	flmocb8	C
2020-03-27 04:31:50.722509	u/Jehoiachin_	flmulht	u/Ben_Driscoll	flmrf4p	C
2020-03-27 04:32:14.459392	u/Klendagort	flmum26	u/Alterex1	flmsga5	C
2020-03-27 04:32:24.558604	u/UnholyRogue	flmumek	u/jackben_imble	flmhsjn	C
2020-03-27 04:32:53.400643	u/TheChadJoJo	flmun8y	u/FillFester1233	flmfti9	C
2020-03-27 04:32:56.642125	u/MrDragonball	flmund6	u/ScreamingLlama101	flmlets	C
2020-03-27 04:33:10.607202	u/GParkerG93	flmunj7	u/fualtyzane	flmuat3	C
2020-03-27 04:33:12.741512	u/WhereTFisGary	flmunky	u/ghostpuff_01	flm7vrq	C
2020-03-27 04:33:20.366698	u/rjojofan	flmunoz	u/marpoksma	flm01ju	C
2020-03-27 04:33:24.578186	u/OOOOOOF4244	flmuns9	u/BrandoMendo	flmq13l	C
2020-03-27 04:33:35.979478	u/lariverc	flmuo53	u/MoonlightSonnet	flm6wnl	C
2020-03-27 04:33:39.362791	u/Prantik8761	flmuo69	u/Izqandar_Gaming	flmune1	C
2020-03-27 04:33:41.479020	u/Henkie13248	flmuo7p	u/fualtyzane	flmqw5a	C
2020-03-27 04:33:59.221777	u/5enka1	flmuooa	u/FranklinMcCruiser	fllgzaa	C
2020-03-27 04:34:01.344637	u/Batur0000	flmuopc	u/poorly_timed_shit	fg4ixv5	C
2020-03-27 04:34:12.774903	u/eatlego	flmuov0	u/TheRedditor25	flmu9sy	C
2020-03-27 04:35:13.144373	u/DrStocks	flmuqjy	u/onlythreeletters	flmu961	C
2020-03-27 04:35:18.000131	u/marioisfun12	flmuqp3	u/Antonell15	flmucgl	C
2020-03-27 04:35:30.677764	u/new-old-ways	flmur1u	u/MoonlightSonnet	flm6wnl	C
2020-03-27 04:35:32.741094	u/Neurotypique	flmur2l	u/darkseaSW	flmn554	C
2020-03-27 04:35:36.727591	u/yakuyaku22	flmur7d	u/enough-rope	flmuptq	C
2020-03-27 04:35:45.032372	u/imbecominginsane	flmurb0	u/thefatcat89	flmdfgf	C
2020-03-27 04:36:20.693091	u/Alespic	flmus80	u/fualtyzane	flmurd1	C
2020-03-27 04:37:03.362867	u/electroshark44	flmutav	u/kgiurtino	flml7qi	C
2020-03-27 04:37:15.230840	u/xCirrusx	flmutq2	u/chewy1is1sasquatch	flme6ci	C
2020-03-27 04:37:31.117709	u/HjalteDansbo	flmuu80	u/fualtyzane	flmu9dp	C
2020-03-27 04:37:53.105859	u/furkaanhassan	flmuuur	u/Poseidons_Triten	flmtzdr	C
2020-03-27 04:37:57.782827	u/Nitesh470	flmuv1h	u/Ranger22445	flmumee	C
2020-03-27 04:37:59.418107	u/jeraldtherapist	flmuv2w	u/BrandoMendo	flmq13l	C
2020-03-27 04:38:13.619661	u/das-Alex	flmuvgr	u/Coolbob6666	flmloc2	C
2020-03-27 04:38:27.721230	u/WolfSLegend013	flmuvxq	u/Electriguy	flmuok4	C
2020-03-27 04:38:35.808665	u/MUNKEIJUNKEI	flmuw4v	u/getyourrealfakedoors	flljcea	C
2020-03-27 04:38:39.308918	u/asian_boi_3000	flmuw8m	u/Alram69	flmr839	C
2020-03-27 04:38:50.382494	u/TjeerdoWeirdo_	flmuwlf	u/ns5sonny	flmdrn8	C
2020-03-27 04:38:53.327690	u/thomas_and_freinds	flmuwnp	u/mediocre50	flmusdg	C
2020-03-27 04:38:56.166918	u/233034	flmuws2	u/Aweirdgamer1	flmua7f	C
2020-03-27 04:39:00.568287	u/ClawRovot	flmuwtl	u/GnocchiBoss	flmut67	C
2020-03-27 04:39:05.287457	u/APsenpai42	flmuwww	u/kch-gaming	flmua2x	C
2020-03-27 04:39:10.255816	u/DasRico	flmux6b	u/carbonneutral02	flmudp9	C
2020-03-27 04:39:12.907745	u/TomErlich98	flmuxcw	u/Dr_Killer611	flmrkvf	C
2020-03-27 04:39:24.094321	u/Loisible1834	flmuxzb	u/fualtyzane	flmuv9k	C
2020-03-27 04:39:42.420721	u/ClawRovot	flmuyy2	u/mrmayger	flmuxzg	C
2020-03-27 04:39:48.637425	u/fleshgolem000	flmuzgv	u/BigBear_241	flmrax9	C
2020-03-27 04:39:51.401012	u/retr0dev	flmuzly	u/NoMorePomegranates	flmtec0	C
2020-03-27 04:39:59.241803	u/vytisgytis	flmv07b	u/BadgerSilver	flmsynj	C
2020-03-27 04:40:20.210973	u/JerseyDevil6572	flmv0su	u/tony_thefapmonster	flmoem2	C
2020-03-27 04:40:41.932062	u/xDeesz	flmv19d	u/RustyPiano	flmsmhs	C
2020-03-27 04:41:01.287616	u/Akhmadjonov12	flmv1se	u/getyourrealfakedoors	flljcea	C
2020-03-27 04:41:09.352839	u/joni1606	flmv20r	u/fyukhyu	flme2gh	C
2020-03-27 04:41:16.520435	u/johnwck6090	flmv28v	u/Ben_Driscoll	flmrf4p	C
2020-03-27 04:41:30.883947	u/MrAppendixX	flmv2os	u/RepostSleuthBot	flmtwwd	C
2020-03-27 04:41:45.727962	u/dylankay04	flmv39z	u/miniekPL	flmqvk6	C
2020-03-27 04:42:27.789556	u/kingproducer	flmv4c4	u/fualtyzane	flmuvos	C
2020-03-27 04:42:41.719931	u/DomboDucky	flmv4q8	u/TheSCP_3008	flmkfk1	C
2020-03-27 04:42:54.830672	u/Lil1103	flmv4vv	u/fualtyzane	flmuvos	C
2020-03-27 04:43:15.367065	u/Famous_Stelrons	flmv5je	u/SaulsaWithChips	flmitv2	C
2020-03-27 04:43:59.908483	u/Timoba252	flmv6q1	u/fualtyzane	flmuccf	C
2020-03-27 04:44:08.861326	u/jarNO_WAY	flmv6v6	u/abductedpeanut	flmj190	C
2020-03-27 04:44:23.694061	u/kaffeine_kiddo	flmv759	u/j1nxworld	flmua5m	C
2020-03-27 04:44:33.996707	u/TyjoAttack	flmv7dj	u/P4r2iva1	flmv5tx	C
2020-03-27 04:45:09.597502	u/jackreetiepie	flmv80t	u/Irrational-Charisma	fpniw7	S
2020-03-27 04:45:13.357104	u/AnonymousJuicyCactus	flmv84x	u/RepostSleuthBot	fllcabo	C
2020-03-27 04:45:44.125408	u/iiStooge	flmv91s	u/fualtyzane	flmuil7	C
2020-03-27 04:46:06.361076	u/FryingPan973	flmv9n1	u/Heniningiboi	fl6hbim	C
2020-03-27 04:46:43.340977	u/shamongo	flmvan0	u/rossloderso	flmt052	C
2020-03-27 04:46:45.513148	u/ImTuGuud	flmvanc	u/RandomRedditUser9392	fpqrez	S
2020-03-27 04:47:05.167708	u/manga_fiend1	flmvays	u/ClawRovot	flmufav	C
2020-03-27 04:47:09.444637	u/DoctorRaven007	flmvb65	u/Sekof7	flmtw8r	C
2020-03-27 04:47:37.660307	u/Constant__Variables	flmvc6c	u/retr0dev	flmuzly	C
2020-03-27 04:47:57.676472	u/BlueAraquanid	flmvcqx	u/fualtyzane	flmuoda	C
2020-03-27 04:48:38.427683	u/Elifss_	flmvdzm	u/brianna18976	flmq3wr	C
2020-03-27 04:48:42.596372	u/GoosemanXD	flmve3a	u/woxxiiq	flmpojr	C
2020-03-27 04:48:50.218853	u/Portal4life	flmve9l	u/Taro8123	flmv125	C
2020-03-27 04:48:52.397314	u/Sir-Makaveli95	flmveag	u/Willhouse_Scream	flmqf6i	C
2020-03-27 04:48:54.482290	u/kiwilvl16	flmvecv	u/VroenGuard414	flmpdyh	C
2020-03-27 04:49:03.405557	u/stuckinazdabbin	flmvep6	u/fualtyzane	flmv74m	C
2020-03-27 04:49:08.176374	u/DoctahDrip	flmvew7	u/eGGhEad113	flmmoln	C
2020-03-27 04:49:11.260589	u/juiceyseks	flmvf07	u/RepostSleuthBot	flmc54h	C
2020-03-27 04:49:22.379707	u/manuelhecki	flmvfgo	u/MAPX0	flmjuzn	C
2020-03-27 04:49:31.931784	u/leon474938	flmvfvd	u/Heinjy	flmfz4k	C
2020-03-27 04:49:37.268115	u/LeUnTouchables	flmvg9l	u/xTFG	flml6x6	C
2020-03-27 04:49:49.084159	u/wilbur_fan	flmvgw2	u/eGGhEad113	flmrvw9	C
2020-03-27 04:50:46.468619	u/moware2	flmviuy	u/fualtyzane	flmvetm	C
2020-03-27 04:50:50.125161	u/GoCommitO-O	flmviw3	u/RandomRedditUser9392	fpqrez	S
2020-03-27 04:50:57.014213	u/Scp--XXXX	flmvj3r	u/LukeBlockwalker69	flmclij	C
2020-03-27 04:51:58.103218	u/TrueStarWarsFan	flmvkuf	u/Luizoon34	flmsr7f	C
2020-03-27 04:52:47.489114	u/ButterMan86	flmvm2k	u/1111bryan1111	flmujwh	C
2020-03-27 04:53:31.239357	u/deathtoamericadotmp4	flmvn1p	u/s432711	flmojo2	C
2020-03-27 04:53:51.872036	u/Frostbite_29	flmvnmz	u/fualtyzane	flmg37y	C
2020-03-27 04:53:56.315389	u/fender_strat55	flmvnqc	u/StupidRock84	fllu97k	C
2020-03-27 04:54:25.611868	u/ABigRiceBall	flmvonm	u/fualtyzane	flmv3d9	C
2020-03-27 04:54:34.740900	u/Mars_on_Water	flmvovf	u/nhansieu1	flmc3qp	C
2020-03-27 04:54:45.697446	u/Sixty-Nines	flmvp6g	u/_pc_-_-_	flmvm0q	C
2020-03-27 04:54:53.662751	u/A-Foot	flmvpbn	u/memez_reaper	flmsfbr	C
2020-03-27 04:55:06.952474	u/Willbegreat2k	flmvpoi	u/GParkerG93	flmunj7	C
2020-03-27 04:55:09.042193	u/the-ragin-pyro	flmvpp2	u/TheLegendaryZHR	flmkt5k	C
2020-03-27 04:55:14.324913	u/Kirby-For-Life05	flmvpvg	u/bloodybleachedfurry	flmufks	C
2020-03-27 04:55:28.419591	u/frecklesthe1	flmvqab	u/racerfree	fll6zxz	C
2020-03-27 04:55:32.254242	u/cykamaster444	flmvqgp	u/IDIOTSANDWHICH4	fllhvzi	C
2020-03-27 04:56:02.711950	u/Kirby-For-Life05	flmvr1v	u/bloodybleachedfurry	flmvqha	C
2020-03-27 04:56:06.755842	u/finnicus1	flmvr3e	u/fualtyzane	flmq159	C
2020-03-27 04:56:48.187466	u/frogfuccer	flmvsel	u/grubas14	fkx7yjx	C
2020-03-27 04:56:50.797652	u/Jxscha88	flmvsf0	u/HjalteDansbo	flmuu80	C
2020-03-27 04:57:17.749286	u/pms1712	flmvtfo	u/MrIdontgetthejoke	flmscdd	C
2020-03-27 04:57:50.298982	u/Epic_Gamerxxx69	flmvuag	u/saltykroks	flmbuos	C
2020-03-27 04:58:01.417284	u/N-Jam	flmvumr	u/RepostSleuthBot	flmvtph	C
2020-03-27 04:58:08.039431	u/SomeDudeAtAKeyboard	flmvusw	u/lmao_no_u_lmao	flmifdb	C
2020-03-27 04:58:13.006217	u/rztan	flmvuux	u/APsenpai42	flmuwww	C
2020-03-27 04:58:23.769895	u/N-Jam	flmvva4	u/N-Jam	flmvumr	C
2020-03-27 04:58:35.402059	u/IAmJustABunchOfAtoms	flmvvqa	u/RepostSleuthBot	flmvubl	C
2020-03-27 04:58:40.972219	u/GufisYET	flmvvt9	u/ClawRovot	flmu6y6	C
2020-03-27 04:58:45.276902	u/linkPGL	flmvvwg	u/fualtyzane	flmud9j	C
2020-03-27 04:58:52.249674	u/Skormseye	flmvw64	u/tony_thefapmonster	flmoem2	C
2020-03-27 04:59:03.877956	u/Skormseye	flmvwho	u/mediocre50	flmusdg	C
2020-03-27 04:59:05.907271	u/Duckling-The-CEO	flmvwip	u/TheHunter_XD	flmuvd0	C
2020-03-27 04:59:07.990824	u/copperdex	flmvwiy	u/Mang0s-Man	flmvrvg	C
2020-03-27 04:59:13.164809	u/BigBoyBearPapa	flmvwo6	u/eGGhEad113	flmmoln	C
2020-03-27 04:59:18.035556	u/Evil_737	flmvwrz	u/AJ7123	flmspes	C
2020-03-27 04:59:23.611969	u/badmamajama600	flmvwyi	u/Alram69	flmr839	C
2020-03-27 04:59:25.627199	u/wal-weq_103	flmvwzu	u/ANGELCASAS112	flmljwj	C
2020-03-27 04:59:29.720103	u/L_amiri	flmvx33	u/RepostSleuthBot	flmvthr	C
2020-03-27 04:59:37.423005	u/FoxFishy1	flmvxgh	u/fualtyzane	fllkihe	C
2020-03-27 04:59:38.517211	u/HappyAngron	flmvxh1	u/eGGhEad113	flmmoln	C
2020-03-27 04:59:40.362422	u/Skormseye	flmvxjt	u/tony_thefapmonster	flmpe3t	C
2020-03-27 04:59:42.723551	u/TensayTakkar97	flmvxpc	u/TyjoAttack	flmv7dj	C
2020-03-27 04:59:43.726247	u/UncleRascal	flmvxq8	u/Meme_R3w_ind	flmtfo7	C
2020-03-27 04:59:50.282758	u/bred_skate	flmvy1m	u/racerfree	flmvxjp	C
2020-03-27 04:59:58.182099	u/Pochez	flmvyh2	u/sanch3z90	flms9hx	C
