2020-04-07 17:00:16.440211	u/Flosero	fmq3q8o	u/OmegaMalkior	fmq0m4u	C
2020-04-07 17:00:21.390994	u/YaBoiJeff8	fmq3qcq	u/memeeeeeeeeeeeeee	fmpwqg9	C
2020-04-07 17:00:51.723285	u/allmyfriendsare-dead	fmq3rbr	u/Anonymous529YT	fmp4zxs	C
2020-04-07 17:01:05.970783	u/ZXGeo	fmq3rl0	u/RepostSleuthBot	fmq3pi1	C
2020-04-07 17:01:09.355639	u/Dark_Storm_98	fmq3rl7	u/im_fathaha	fmh00lf	C
2020-04-07 17:01:39.965244	u/Matthewhoogenboom	fmq3swy	u/RepostSleuthBot	fmq1h1u	C
2020-04-07 17:02:46.390839	u/Ilovefuta33	fmq3vpi	u/ThunderingSacks	fwiar0	S
2020-04-07 17:02:52.362883	u/Twitch_Static_Cosmos	fmq3vr0	u/LenoxSpeed	fmpyz77	C
2020-04-07 17:03:16.905124	u/SmokeWaterEveryday	fmq3wno	u/spiteprince	fmojroc	C
2020-04-07 17:04:09.781048	u/Zhukov64	fmq3zqe	u/RuralValley	fmq3yjf	C
2020-04-07 17:04:18.963785	u/JacksonBois	fmq404h	u/RepostSleuthBot	fmq3460	C
2020-04-07 17:04:52.956480	u/Gandalf__White	fmq41hj	u/unsuspicious_salmon	fmq3af9	C
2020-04-07 17:05:10.223870	u/RandomFrag	fmq41rf	u/that_one_dued	fmq3ij6	C
2020-04-07 17:05:24.666692	u/2ndEscape	fmq425y	u/Haritoo	fmpxsmz	C
2020-04-07 17:06:10.149413	u/BegginerSinner	fmq44td	u/BigLittleBrowse	fmou360	C
2020-04-07 17:06:18.837793	u/AlexsaurusRex715	fmq456f	u/ghueber	fmpx1h0	C
2020-04-07 17:07:37.953298	u/Kdaythekid	fmq488l	u/ImEmmiplier	fmq3pb2	C
2020-04-07 17:08:11.250703	u/Molizo	fmq49qm	u/XavierGopalan	fmpl5i2	C
2020-04-07 17:08:24.930769	u/brendan1273	fmq676x	u/ghueber	fmpx1h0	C
2020-04-07 17:08:27.338069	u/minecraftccool10	fmq67if	u/SuperkoloPL	fmq64in	C
2020-04-07 17:08:44.880924	u/Deavian	fmq68zh	u/rinobaugass	fmq4e22	C
2020-04-07 17:08:51.140611	u/D3RPB00ZLE	fmq69e3	u/arkblade006	fmpyt83	C
2020-04-07 17:08:59.181186	u/Spaceman248	fmq6a0p	u/mrsuns10	fmpby9w	C
2020-04-07 17:09:09.510101	u/Walmart_kid65	fmq6agx	u/mal-Fn	fmpzeap	C
2020-04-07 17:09:41.496920	u/_andrewmcgu	fmq6c1a	u/ghueber	fmpx1h0	C
2020-04-07 17:10:00.495533	u/Senko-san-is-my-waif	fmq6cy3	u/Small-Cactus	fmpz1e7	C
2020-04-07 17:10:30.440791	u/cl0ckw0rkman	fmq6dsf	u/Miron_Kost	fmp1tcl	C
2020-04-07 17:10:49.250116	u/Snofko	fmq6es4	u/thatguy1511	fmpjbbd	C
2020-04-07 17:11:16.463822	u/Zyrolic	fmq6fni	u/Bobbert-the-cat	fmq5zy6	C
2020-04-07 17:12:12.146860	u/DanielJeremiah05	fmq6hxf	u/HelpMeILostMyAccount	fmq35e4	C
2020-04-07 17:13:03.335085	u/tactical_otb	fmq6jv4	u/biffyboy13	fmph0ss	C
2020-04-07 17:13:44.070869	u/yharim01	fmq6lxq	u/Fireraptor99	fmorx05	C
2020-04-07 17:14:35.199347	u/LDHPopps	fmq6o0f	u/OmegaMalkior	fmq4655	C
2020-04-07 17:14:44.747382	u/theMiezmiez	fmq6o7c	u/LasseWN	fmpm1k2	C
2020-04-07 17:14:48.191884	u/Risom	fmq6oa3	u/Sandy-Cheese	fmluegv	C
2020-04-07 17:15:17.198562	u/tony_fat	fmq6p83	u/Mirio-jk	fmq6gwx	C
2020-04-07 17:15:43.470386	u/lilnocks	fmq6q6o	u/Crippling_Anxiety12	fm5xqaz	C
2020-04-07 17:15:49.023020	u/jayel4466	fmq6qe4	u/AeonReign	fmq3rua	C
2020-04-07 17:15:53.734754	u/r_Lousera	fmq6qk2	u/Soviet_Reddit	fmpwodo	C
2020-04-07 17:16:14.040023	u/NotLikelyJose	fmq6ri9	u/gavincarr97	fmph183	C
2020-04-07 17:16:40.323596	u/henr360a	fmq6snu	u/wobblesly	fmpum5i	C
2020-04-07 17:16:44.781301	u/PretentiousTaco	fmq6snz	u/QuamPlures	fmq69bq	C
2020-04-07 17:16:59.274501	u/weslington1	fmq6ts9	u/ghueber	fmpx1h0	C
2020-04-07 17:17:08.988108	u/Toastymemes	fmq6uaq	u/LordMaximus422	fmpk9pw	C
2020-04-07 17:18:02.189445	u/Catsrawesome80	fmq6xfi	u/XDEC0DE	fmp85pc	C
2020-04-07 17:18:56.069821	u/Nu_Knightus	fmq706o	u/Idooogamers	fmq6top	C
2020-04-07 17:19:20.371411	u/MisterMooMilk	fmq72a9	u/owen_stha	fwmcjb	S
2020-04-07 17:19:25.287349	u/IAmYourChicken__	fmq72ke	u/LucaThompson	fmpzoxn	C
2020-04-07 17:19:33.881236	u/WolvenGuard42	fmq739b	u/try-anther419	fmo874s	C
2020-04-07 17:20:55.656103	u/BullseyeWillie7	fmq7876	u/Irongolem2500	fmq76u6	C
2020-04-07 17:21:18.753977	u/mzbk8	fmq78rt	u/WhoElseButDedede	fmq6qkx	C
2020-04-07 17:21:38.932808	u/S4PG	fmq79nj	u/TheBigCheddar05	fmq6bwf	C
2020-04-07 17:21:48.008459	u/ItsYeFlappyBoi	fmq79zq	u/Miss-Stunshine	fmq5dx1	C
2020-04-07 17:22:16.706996	u/Sluggerrr5	fmq7b63	u/Bruh_Bot_	fmq6x72	C
2020-04-07 17:22:19.073123	u/Larssamer	fmq7b6f	u/Rusty_Garlic	fmle4gl	C
2020-04-07 17:22:43.190705	u/thematheguy	fmq7cfq	u/TheRealNotJared	fmpv6or	C
2020-04-07 17:25:16.679631	u/Stormchaserelite13	fmq7gun	u/rndmzr153	fmp8otp	C
2020-04-07 17:25:20.860698	u/RafikAcount	fmq7gyz	u/sacrificial_reunion	flafgjk	C
2020-04-07 17:26:32.407140	u/Draxxony	fmq7jxe	u/mixttime	fmpzsa2	C
2020-04-07 17:26:47.188575	u/bruhidkwut	fmq7k7b	u/bgog86411	fmovdlp	C
2020-04-07 17:26:50.012717	u/AzzyDaBobcat	fmq7kbg	u/extantbuffalo	fmpyuaq	C
2020-04-07 17:27:28.401854	u/categore	fmq7lsl	u/random-pineapple420	fmpxpbu	C
2020-04-07 17:27:30.206931	u/mooneytech	fmq7lxr	u/Skvm_99	fmpxvtt	C
2020-04-07 17:28:02.226732	u/Rkz97	fmq7na3	u/jl0xd	fmoo0as	C
2020-04-07 17:28:05.165893	u/danger_noodl	fmq7ngg	u/Furry_comrade	fmq44az	C
2020-04-07 17:28:20.119174	u/S_pline	fmq7nw6	u/the-dude-over-there	fmpk7uy	C
2020-04-07 17:28:37.530709	u/Garlic_goose	fmq7pc2	u/make_me_commit_die	fmq7kb1	C
2020-04-07 17:29:31.065869	u/ayang04635	fmq7smb	u/DewGolo	fmq48n3	C
2020-04-07 17:29:46.531921	u/FalkonJ	fmq7u33	u/JPmax4	fmq7sn8	C
2020-04-07 17:29:53.144422	u/FireProofGuy	fmq7v25	u/Secretly_Solanine	fmq2vrd	C
2020-04-07 17:29:59.528573	u/Adolf-Hitler-420	fmq7vna	u/earthyduck	fmq2f5l	C
2020-04-07 17:30:12.524642	u/tboyacending	fmq7wdm	u/Senira_G	fmps2cl	C
2020-04-07 17:30:51.036582	u/kubabaliszzzz	fmq7xko	u/ygrhmn	fmq79s9	C
2020-04-07 17:31:40.035810	u/Vexin25	fmq7z3p	u/Wolfshadow309	fmpq4b3	C
2020-04-07 17:31:47.962204	u/XtRabo2	fmq7zel	u/Hmm___yes	fmq7eu9	C
2020-04-07 17:32:34.833052	u/K0M0D0DR4G0N	fmq81ep	u/MCugs409	fmo45j6	C
2020-04-07 17:32:44.209658	u/ThePixelHerobrine	fmq81hu	u/ayang04635	fmq7smb	C
2020-04-07 17:34:08.751723	u/KingNovak529	fmq85pj	u/Twitch_Static_Cosmos	fmq3vr0	C
2020-04-07 17:35:30.434342	u/1MoistTowelette	fmq88mr	u/greatking6009	fmlyqu3	C
2020-04-07 17:36:24.394621	u/AwesomeWow69	fmq8b29	u/TheFlightlessPenguin	fmplot2	C
2020-04-07 17:36:30.580999	u/Bosslikebro	fmq8b6l	u/RepostSleuthBot	fmq7l30	C
2020-04-07 17:36:40.100936	u/Jaizhudraws_	fmq8bp5	u/ArmstrongTREX	fmq7ozp	C
2020-04-07 17:38:03.820070	u/WetCherry6969	fmq8eov	u/Sir_Nicholas_4	fmq8db8	C
2020-04-07 17:38:10.479081	u/KrombopulousMic	fmq8f7q	u/TheHellcatBandit	fmpvyeg	C
2020-04-07 17:38:32.231533	u/imabich75	fmq8g6j	u/Mirio-jk	fwnlja	S
2020-04-07 17:38:55.043110	u/L22ND	fmq8hib	u/Nuka-Kraken	fmpqak3	C
2020-04-07 17:39:12.033047	u/ekki911	fmq8ia3	u/scoobymax	fmpza1k	C
2020-04-07 17:39:19.140021	u/Wolf6513	fmq8iml	u/plzdontrepost	fmq7xms	C
2020-04-07 17:39:20.444304	u/Kiziku	fmq8iou	u/Mr_W0osh	fmpkoq0	C
2020-04-07 17:39:55.457070	u/3body_Games1	fmq8kze	u/SanGG96	fmq8ee4	C
2020-04-07 17:39:56.919449	u/joshbrownrigg2	fmq8l4e	u/Cameron-Samain	fmprvno	C
2020-04-07 17:40:40.839428	u/idkwhattodoorg	fmq8n3j	u/jar-jarbinksisasith	fmq6q8j	C
2020-04-07 17:43:06.216771	u/greendogs19	fmq8sct	u/BuckIwarrior5	fmq079m	C
2020-04-07 17:43:36.963562	u/Jaskier_pl	fmq8t7m	u/MCJon6	fmpp1p8	C
2020-04-07 17:44:52.428982	u/Kardin0	fmq8wko	u/TerabyteRD	fmq7fuj	C
2020-04-07 17:45:09.903346	u/Saitoki_Hatsuki	fmq8xw6	u/the-spring-champion	fmq8t3s	C
2020-04-07 17:46:59.780873	u/aekwolf	fmq930x	u/IEatzCookies	fmpy4te	C
2020-04-07 17:47:26.828532	u/herpes_free_since_73	fmq945p	u/Gorogorgo-chan	fmq80kx	C
2020-04-07 17:48:31.930953	u/windowbeanz	fmq97hm	u/VanashinGlory	fmpcn4c	C
2020-04-07 17:49:06.523361	u/G0ldenPhantom	fmq991r	u/Humpelo	fmptwzl	C
2020-04-07 17:49:11.555341	u/bonononononom	fmq996x	u/RankZistheBoi	fmq7gr8	C
2020-04-07 17:49:42.358488	u/stickycreamcheese	fmq9bj5	u/____db	fmq93oq	C
2020-04-07 17:49:51.334406	u/SkeletonLumberjack	fmq9cec	u/Human_Kite_as_fuck	fwrtfm	S
2020-04-07 17:49:52.046419	u/DaAveragePoTaTo	fmq9chf	u/Lenton99	fmpkq67	C
2020-04-07 17:50:38.907480	u/crackslet123	fmq9fmh	u/mal-Fn	fmpzeap	C
2020-04-07 17:50:47.571854	u/k3rn4l-p4n1c	fmq9g3u	u/RAPcity_in_Black	fmq86me	C
2020-04-07 17:50:57.339637	u/Drosera19	fmq9ges	u/alreasy	fmq66eh	C
2020-04-07 17:52:18.098590	u/_UglyBarnacle_	fmq9jdy	u/oogaboogaboi69420	fmp3cbc	C
2020-04-07 17:52:23.655185	u/Platytee	fmq9jnd	u/gaylord100	fmpl9mq	C
2020-04-07 17:52:48.834692	u/Th0tPatr0l911	fmq9kf5	u/Xeras6101	fmq96rj	C
2020-04-07 17:52:57.450410	u/OGName333	fmq9l1m	u/VergilSDT	fmq9e4j	C
2020-04-07 17:53:16.392203	u/KnifyMan	fmq9lxi	u/stickycreamcheese	fmq04ja	C
2020-04-07 17:53:25.016698	u/Burn1ngD4yl1ght	fmq9mhd	u/python_boti	fmq2mjt	C
2020-04-07 17:53:34.270212	u/OGName333	fmq9mow	u/RenderedBike40	fmq9l3w	C
2020-04-07 17:53:47.394377	u/cyberslime123	fmq9n2n	u/JPmax4	fmq9dsx	C
2020-04-07 17:54:03.748684	u/CocoBuffPlayzYT	fmq9nfb	u/Foxgamer64	fmq8ieq	C
2020-04-07 17:54:43.922615	u/incognitomus	fmq9oit	u/sinnohwow	fmlptpq	C
2020-04-07 17:55:23.135741	u/uosidi	fmq9pxr	u/SheWhoUpvotes	fmq6bv3	C
2020-04-07 17:55:46.795083	u/lithium142	fmq9qyy	u/The_Holy_Turnip	fmpw70o	C
2020-04-07 17:56:14.366841	u/TheWhat_13	fmq9sl5	u/SnowySupreme	fmq9oos	C
2020-04-07 17:56:47.980636	u/RuggerBugger623	fmq9uiz	u/MisterKumquat	fmq9nfj	C
2020-04-07 17:58:09.071261	u/Mmadjackk	fmq9z4i	u/ThunderingSacks	fwiar0	S
2020-04-07 17:58:17.641093	u/QuaccAtacc	fmq9zh0	u/RepostSleuthBot	fmq7dec	C
2020-04-07 17:58:43.968912	u/Xx_R0gue_xX	fmqa0re	u/TiesG92	fmq9yzm	C
2020-04-07 17:58:58.571401	u/shin_gojira118	fmqa0xr	u/PO-Extendus	fmq8l3g	C
2020-04-07 17:59:02.441434	u/Fixable_Halo	fmqa13m	u/The-Brawl-Shark	fmq9ste	C
2020-04-07 17:59:32.565318	u/_TheRealMG_	fmqbucz	u/SLforHongKong	fmqbl5e	C
2020-04-07 17:59:41.492530	u/Smiddy4147	fmqbusy	u/minerpirate55	fmq8nnp	C
2020-04-07 17:59:57.202373	u/arealydumbgamer	fmqbwl1	u/Gaydingo	fmpzbp9	C
