2020-03-27 17:00:26.103463	u/CJ_roman07	floor2k	u/_Xand0n_	flooq6n	C
2020-03-27 17:00:42.852173	u/Tniy2005	floorkp	u/fualtyzane	floo3ks	C
2020-03-27 17:01:17.603398	u/HyperionDraws	floosm7	u/fualtyzane	flonxg4	C
2020-03-27 17:01:19.944175	u/HeroMKS2	floosn7	u/CavemanSindahlMan	flojuvt	C
2020-03-27 17:01:30.997188	u/Hercavator	floosv7	u/racerfree	flojnsk	C
2020-03-27 17:01:39.040623	u/randomuser058	floot1c	u/AmishPoser	flooqfk	C
2020-03-27 17:01:41.444995	u/bill_gates_apple	floot1s	u/fualtyzane	floodqd	C
2020-03-27 17:01:43.851155	u/MadMeemo	floot2z	u/AreYouApprochingMe	flooc6h	C
2020-03-27 17:01:52.160753	u/Jayrotech	flootch	u/OrochiMain98	flonmmi	C
2020-03-27 17:01:59.975786	u/ZeroPotatoz	flootko	u/AdolfCosby	floools	C
2020-03-27 17:02:21.079919	u/CashAndCodes	flooua0	u/haha5601	floircg	C
2020-03-27 17:02:24.419219	u/Sir_Toaster_The_II	floouah	u/ImTrashHihiXd	flmx4cn	C
2020-03-27 17:02:33.810924	u/awesome-andwholesome	flooumc	u/The_Goondocks	flomizu	C
2020-03-27 17:02:37.103950	u/EL0NMUSK0FFlClAL	floouoi	u/piuamaster	flomuhi	C
2020-03-27 17:02:40.651868	u/Pissed-Away-Fortune	floourp	u/DemoRadicate	flom0w3	C
2020-03-27 17:02:54.808816	u/Fak3Sunni	floov2e	u/Lurker_B0T	flo2egx	C
2020-03-27 17:03:15.301870	u/Ib214000	floovzu	u/fualtyzane	floog3n	C
2020-03-27 17:03:24.654592	u/LooseSunflower1	floowc4	u/LeoCx1000	floooyd	C
2020-03-27 17:03:47.693274	u/almar230	floowwv	u/The_Punnier_Guy	floostr	C
2020-03-27 17:04:22.373887	u/SeerBloxian	flooy91	u/_Xand0n_	floo5cw	C
2020-03-27 17:04:31.377082	u/newbie_128	flooyhc	u/diegoham	flo9f1a	C
2020-03-27 17:04:48.495527	u/Ryan_ThePizzaMan	flooyts	u/IronMan-Mk3	floouy6	C
2020-03-27 17:05:16.875341	u/eviltwinkie	floozqk	u/racerfree	flomsyg	C
2020-03-27 17:05:33.126280	u/jellofishsaywhat	flop01l	u/BigJ0509	floibsk	C
2020-03-27 17:06:17.041994	u/Arthur1223	flop199	u/butcheek1	flo160m	C
2020-03-27 17:06:23.519804	u/KillerWhale01	flop1fp	u/KozKatma	flok00k	C
2020-03-27 17:06:30.883422	u/kyldeking	flop1m3	u/TheChocolateCray	floacip	C
2020-03-27 17:06:37.384621	u/Sagacian	flop1x3	u/piewithadonut	flohaom	C
2020-03-27 17:06:58.418571	u/Gerroh	flop2he	u/CosmicMemeMan	flol5mh	C
2020-03-27 17:07:07.308367	u/Weapon_Factory	flop2oc	u/camisrutt	flootks	C
2020-03-27 17:07:10.987035	u/IcelandicFajitas	flop2x3	u/The_Punnier_Guy	flooyq7	C
2020-03-27 17:07:27.899851	u/Kino87	flop3i9	u/fualtyzane	flootmx	C
2020-03-27 17:07:57.591106	u/cantchooseamedium	flop4gr	u/LooseSunflower1	flooz15	C
2020-03-27 17:07:59.915137	u/Eye-of_the-Storm	flop4io	u/AdamCraftmaster	flonuno	C
2020-03-27 17:08:01.432450	u/FriedFriew	flop4ka	u/IronMan-Mk3	floouy6	C
2020-03-27 17:08:08.996377	u/redditmeric	flop4nl	u/fualtyzane	flooyjn	C
2020-03-27 17:08:20.635162	u/MagicDM	flop4yz	u/RepostSleuthBot	flmzf0y	C
2020-03-27 17:08:51.052896	u/slowpotatoboy	flop6en	u/Big_old_Bulldog	flojncy	C
2020-03-27 17:09:04.834200	u/Nexus9T9	flop6yk	u/vitor7993	flnkqlp	C
2020-03-27 17:09:22.942354	u/Calmus5	flop7z2	u/RepostSleuthBot	floiq8u	C
2020-03-27 17:09:29.548450	u/donteatmyshoe	floqb8p	u/CookieLover_124	floc771	C
2020-03-27 17:09:31.856031	u/romanator25	floqbk8	u/Cottoncandyskiesthrw	floq8ra	C
2020-03-27 17:09:39.111225	u/kireotick	floqc2w	u/CartonFrog	flnb47g	C
2020-03-27 17:09:43.151797	u/Ekil_Snow	floqccs	u/OrochiMain98	flonmmi	C
2020-03-27 17:09:44.519511	u/Personality__Champ	floqcgs	u/myhightide	flonwfh	C
2020-03-27 17:09:46.076913	u/KCalifornia19	floqclt	u/TimeRockOrchestra	floehbh	C
2020-03-27 17:09:54.709253	u/bob_kys	floqcvg	u/Bennett_Barreca	floou84	C
2020-03-27 17:09:57.224552	u/CreativeScout	floqd0e	u/Cottoncandyskiesthrw	floq8ra	C
2020-03-27 17:09:57.871500	u/moldyshnoze	floqd1b	u/Rdwini_	flolgq0	C
2020-03-27 17:09:59.069140	u/RadicalDilettante	floqd6z	u/Hanklinwilliamsvelt	flojlak	C
2020-03-27 17:10:17.117358	u/yomomma1123	floqdx8	u/Existerboi	floogte	C
2020-03-27 17:10:26.014698	u/playmatrambone	floqe97	u/LooseSunflower1	flopkeo	C
2020-03-27 17:10:32.452919	u/aMaskOfManyMen	floqee8	u/LooseSunflower1	floq6qv	C
2020-03-27 17:10:49.056014	u/XxxxXxxxXYXxxxXxxxX	floqf05	u/VirtualPermission	floflgi	C
2020-03-27 17:11:07.473232	u/witness_of_life	floqfkd	u/LordJayfeather	flopt5j	C
2020-03-27 17:11:12.961684	u/ascendedfella	floqfrs	u/tmou15	floqbtf	C
2020-03-27 17:11:28.887565	u/voidseekerQED	floqgcs	u/clutzyninja	flokkcc	C
2020-03-27 17:11:37.157015	u/lev_1000	floqggw	u/InedibleTaco	flnupp3	C
2020-03-27 17:12:00.858150	u/jaredmillgan	floqh34	u/Electroshock14	floqf49	C
2020-03-27 17:12:04.602790	u/FenceCow13	floqh3h	u/redditmeric	floqe8d	C
2020-03-27 17:12:06.959040	u/royal-seal	floqh4v	u/M1nIMIze	flopuoy	C
2020-03-27 17:12:35.710854	u/FieryDragon0508	floqhqc	u/zach_da_bossss	flopprw	C
2020-03-27 17:12:38.020230	u/LordOfPizzas	floqhs0	u/AeonReign	floorzh	C
2020-03-27 17:12:46.670159	u/Pope_Penguin	floqi40	u/CZERNEBLOG	flnwkt9	C
2020-03-27 17:13:16.858155	u/AustinTheBoss11	floqjgk	u/Xploiter_RBLX	floibts	C
2020-03-27 17:13:20.788653	u/MaleIsAlwaysLeft	floqjmt	u/Haritoo	flo6j77	C
2020-03-27 17:13:29.802944	u/uhnwi	floqjx5	u/Jonn_Wolfe	flofiky	C
2020-03-27 17:13:34.109029	u/GalaxyQueen142	floqjz3	u/tryboi47	flolxdy	C
2020-03-27 17:13:39.594175	u/BlubberyHen	floqk5t	u/Luget717	floh79d	C
2020-03-27 17:13:41.830999	u/validestusername	floqk70	u/cooperg25	flocppi	C
2020-03-27 17:13:50.082707	u/Throwawayyoasslife	floqkcd	u/LooseSunflower1	flopuuw	C
2020-03-27 17:14:08.404956	u/Rohanbob	floqkur	u/DecentOpposum18	floktu8	C
2020-03-27 17:14:21.668820	u/validestusername	floql5i	u/pinkpatiences	floltvw	C
2020-03-27 17:14:39.056025	u/validestusername	floqlsx	u/Darth_Ewok14	flomo46	C
2020-03-27 17:15:24.531898	u/pS4STUr2M7	floqn47	u/herman_haensch	flombca	C
2020-03-27 17:15:34.006519	u/AJJJ888	floqnbx	u/MAGIC_EYE_BOT	floqkhm	C
2020-03-27 17:15:42.600474	u/xD_Calitrocity	floqnid	u/WhoElseButDedede	flopd6j	C
2020-03-27 17:15:48.996641	u/-_strawberry_-	floqns7	u/QwakorYeBoi	flodwdp	C
2020-03-27 17:16:03.014930	u/PacifistaPX-0	floqoia	u/Santak1ng	floj680	C
2020-03-27 17:16:28.060666	u/sawyer1025	floqp9q	u/Slomo-sapien	floqdei	C
2020-03-27 17:16:55.230730	u/stupidlesbian00	floqqk2	u/EntertainersPact	floqmfu	C
2020-03-27 17:17:02.611843	u/tHat_guy_steal_yo_gf	floqqwy	u/Amarson02	flonvas	C
2020-03-27 17:17:15.539698	u/TheDarkSky10	floqrj3	u/fualtyzane	flopair	C
2020-03-27 17:18:02.259735	u/apurplehoodie	floqtdt	u/BeeApples	flonqj9	C
2020-03-27 17:18:23.306744	u/NeffHEHEBOI	floqu75	u/The_Punnier_Guy	floostr	C
2020-03-27 17:18:28.456275	u/IBO00	floqu8b	u/mrpenusguy	fq5ely	S
2020-03-27 17:18:34.491612	u/JFloriturin	floquf7	u/camisrutt	flopk1d	C
2020-03-27 17:18:40.930318	u/usernametoolongtofit	floquof	u/racerfree	flopnhn	C
2020-03-27 17:18:42.314725	u/abbitman015	floquou	u/spoticals	floqrz6	C
2020-03-27 17:19:39.205523	u/waterzandey	floqxiz	u/vansh_0765	floqnd6	C
2020-03-27 17:19:42.687485	u/MyJelloJiggles	floqy3j	u/CMDR_Rh34dOD_KbJs	floqaux	C
2020-03-27 17:19:45.721055	u/JesusSlayer903	floqyfl	u/dirtbutcher	floo235	C
2020-03-27 17:19:48.889002	u/Airstapler	floqyzj	u/leon474938	flmvfvd	C
2020-03-27 17:19:49.621631	u/Harlequin__	floqyzs	u/Iceygamingrulez	floqvqx	C
2020-03-27 17:19:51.387842	u/SpeedyGonzales12	floqz1g	u/Amarson02	flonvas	C
2020-03-27 17:20:31.346750	u/funnyjunk63	flor0ai	u/RepMain	floq5sd	C
2020-03-27 17:20:37.227830	u/Giantbox1	flor0n4	u/WhyIsThereNoWindows9	flop3k9	C
2020-03-27 17:20:39.503787	u/11thRiddler	flor0nm	u/Nigel2602	flokmhj	C
2020-03-27 17:20:56.043033	u/RoliDaddy	flor0x9	u/hangryhooman311	flol3e4	C
2020-03-27 17:21:11.457046	u/Ice_Furret	flor1fy	u/haha5601	floircg	C
2020-03-27 17:21:22.834262	u/KadynDraws	flor1y6	u/memes-69-420	fl2l921	C
2020-03-27 17:21:25.139561	u/dryfer	flor1yu	u/Weapon_Factory	flop2oc	C
2020-03-27 17:21:32.130731	u/steadyaero	flor2co	u/PappaCringe01	flnkfee	C
2020-03-27 17:22:30.413492	u/dank_Memer29474	flor4lg	u/Amarson02	flonvas	C
2020-03-27 17:22:51.499721	u/BITE-ZA-WARUDO	flor5b6	u/freedonian_native	flonglr	C
2020-03-27 17:22:54.758069	u/Heshueish	flor5f4	u/Cottoncandyskiesthrw	floqw7k	C
2020-03-27 17:22:58.004601	u/baconrocx	flor5gy	u/RepostSleuthBot	flo48gn	C
2020-03-27 17:23:00.261300	u/Duloon	flor5ia	u/Pleasant-Albatross	flnejos	C
2020-03-27 17:23:08.323744	u/tayloredition	flor5rw	u/yomomma1123	floqdx8	C
2020-03-27 17:23:18.039374	u/presidentdeeznut	flor63q	u/Foobarbar42	floq5br	C
2020-03-27 17:23:21.515336	u/Yoshistar64	flor661	u/yomomma1123	floqdx8	C
2020-03-27 17:23:27.931987	u/NANANAANANANAN	flor6d7	u/yomomma1123	floqdx8	C
2020-03-27 17:23:48.579227	u/LSD-50	flor70r	u/Malifry9705	flomv31	C
2020-03-27 17:24:09.859698	u/MrAvcado	flor7z2	u/ZakTSK	flor7bb	C
2020-03-27 17:24:32.358013	u/Vinnipinni	flor8oa	u/Noname_FTW	flnd52n	C
2020-03-27 17:24:41.157199	u/Anthonyv69420	flor954	u/AutoModerator	flo3oyq	C
2020-03-27 17:24:53.384604	u/jorgio_	flor9pd	u/fualtyzane	floqkj9	C
2020-03-27 17:24:55.475184	u/JumboTrout	flor9pf	u/1234normalitynomore	flol8bf	C
2020-03-27 17:24:57.522761	u/jrob081997	flor9pt	u/MaleIsAlwaysLeft	flor1dk	C
2020-03-27 17:25:29.333455	u/The-Anime-Gamer6	floraj2	u/vpetrychuk	flncoi4	C
2020-03-27 17:25:41.967711	u/awzeus	floray6	u/killianmasterbeast	floqcoy	C
2020-03-27 17:25:44.786622	u/Athryn237	florb5c	u/brebby101	floku4l	C
2020-03-27 17:25:48.724279	u/conspiracydoge123	florb96	u/OrochiMain98	flonmmi	C
2020-03-27 17:25:57.266395	u/fudgedogs300008	florbhu	u/imagrasshopperlmao	flopu0x	C
2020-03-27 17:26:00.175844	u/TarzanPog	florbig	u/Huesan	fln08wq	C
2020-03-27 17:26:02.361791	u/Superdude3344	florbii	u/NANANAANANANAN	flor6d7	C
2020-03-27 17:26:06.350489	u/ciaomiau01	florbk1	u/yashasgq	floomm0	C
2020-03-27 17:26:10.863849	u/nouner	florbla	u/OmegaGeneral1	fldu2jw	C
2020-03-27 17:26:39.248032	u/StormCG	florchy	u/CrazyCozmog26	floeivl	C
2020-03-27 17:26:42.620552	u/Galaxy_Kirlia	florckk	u/michaelmanieri	flol3gy	C
2020-03-27 17:26:46.335675	u/Iamcreative11	florcod	u/LC_DUBB	flor6r6	C
2020-03-27 17:26:56.573401	u/StalinIsCommunism	flord0c	u/fualtyzane	florah1	C
2020-03-27 17:26:58.276227	u/green_grapes55	flord0r	u/fualtyzane	flopbce	C
2020-03-27 17:27:04.143307	u/TheMonsterInUrCloset	flord5e	u/11thRiddler	flor0nm	C
2020-03-27 17:27:06.827586	u/weeweeeeeeeeeeee	flordbr	u/funnyjunk63	flooxlq	C
2020-03-27 17:27:10.317233	u/yeetusdeletus68	flordhh	u/Luget717	flodzww	C
2020-03-27 17:27:12.101250	u/yeet_fetus_deletus	flordhj	u/LC_DUBB	flor6r6	C
2020-03-27 17:27:13.818349	u/IntenseInstruments	flordkf	u/Frostbite_29	flo7oo8	C
2020-03-27 17:27:16.469105	u/mariamkirshen	flordp3	u/Kal-Kathow	flnq1pn	C
2020-03-27 17:27:28.926783	u/Asspit	flore8n	u/neond0g5	flolvc3	C
2020-03-27 17:27:38.065060	u/Ceverlund	floremm	u/AccountAn0nymous	flod1zn	C
2020-03-27 17:27:58.427584	u/Kelovix	florfax	u/dank_Memer29474	flor4lg	C
2020-03-27 17:28:14.486250	u/CoastieMark	florg6u	u/bl4nkSl8	flnszbj	C
2020-03-27 17:28:25.945281	u/jan_sollo	florgju	u/Bierbart12	flopyqi	C
2020-03-27 17:29:12.139480	u/TheDarkLordOfTheJedi	florj6h	u/thisnam3ztak3n	flopyyi	C
2020-03-27 17:29:13.937595	u/BrookDumbledore	florj6l	u/M1nIMIze	floqkvd	C
2020-03-27 17:29:20.537855	u/blo0gurl87	florjg0	u/rachelsqueak	flofjzy	C
2020-03-27 17:29:37.674798	u/Wanna_Post_Memes	florkhx	u/Patrick_Bot2	florczl	C
2020-03-27 17:29:39.574739	u/Manifest82	florko8	u/Foxy212	flog9s6	C
2020-03-27 17:29:41.699189	u/AnonymousCharmander	florkwe	u/RokieVetran	flo6kau	C
2020-03-27 17:29:42.542571	u/FancyRavenclaw	florkwi	u/Everday_is_meme_day	floqho6	C
2020-03-27 17:29:43.577484	u/LlamasReddit	florkz9	u/moncerdis	flofbzm	C
2020-03-27 17:29:48.299043	u/geertgoochelaar	florl3r	u/TheMonsterInUrCloset	flord5e	C
2020-03-27 17:30:18.263334	u/Huchemef	flormcf	u/Kal-Kathow	flo9tl5	C
2020-03-27 17:30:47.161815	u/foxfunk	florn5x	u/herman_haensch	flombca	C
2020-03-27 17:31:34.660760	u/SovietSpaghetti1945	florpas	u/06Grill	floiw0n	C
2020-03-27 17:32:07.644853	u/BreadBondman	florqcq	u/Kajek777PL	floln3e	C
2020-03-27 17:32:13.261435	u/ChimChim09	florqka	u/Sinha5431	flo59yq	C
2020-03-27 17:32:21.874179	u/smpl_deb	florrbs	u/XB2006	floh9em	C
2020-03-27 17:32:55.374463	u/ColdWarVeteran	flors7y	u/tukboss	flocphj	C
2020-03-27 17:32:58.635795	u/craptasticluke	florsg7	u/HaloArtificials	floehvu	C
2020-03-27 17:33:39.466227	u/ConThePc	florums	u/inbred_bread	flon34l	C
2020-03-27 17:33:47.143046	u/Antolov564	floruwj	u/LooseSunflower1	floqo6z	C
2020-03-27 17:34:01.714416	u/jimmybbutter	florve2	u/_Xand0n_	florppv	C
2020-03-27 17:34:13.574430	u/bolshevikRASTA	florvm7	u/inbred_bread	flo6g6n	C
2020-03-27 17:34:15.689418	u/immacman	florvma	u/ZeroPotatoz	florl7y	C
2020-03-27 17:34:17.901590	u/Nathan4LYFE	florvpa	u/ZakTSK	flors7t	C
2020-03-27 17:34:28.666969	u/overthexbow	florwdk	u/jan_sollo	florgju	C
2020-03-27 17:34:48.992113	u/Ghousy	florx2d	u/zach_da_bossss	flopprw	C
2020-03-27 17:34:57.747876	u/DJredlight	florxen	u/fualtyzane	floo6ev	C
2020-03-27 17:35:05.369659	u/the_zesty_pepsidude	florxo9	u/_Xand0n_	floruxx	C
2020-03-27 17:35:11.699584	u/DEFAULTDANCINGLEMON	florxzp	u/EIRE_maherbailey	floiwzq	C
2020-03-27 17:35:29.557226	u/non-existed-account	floryi7	u/fualtyzane	flobaaw	C
2020-03-27 17:35:38.272553	u/Big-fluffy-panda	floryq0	u/moldyshnoze	floqd1b	C
2020-03-27 17:35:53.462242	u/EternalSchool	florz6w	u/EliteBeast719	florq80	C
2020-03-27 17:35:58.300210	u/bag-of-chip	florzko	u/fualtyzane	flor0r3	C
2020-03-27 17:36:10.699264	u/is_DABOIIIII	flos05t	u/IllegalBruhDealer	florvzt	C
2020-03-27 17:37:02.552729	u/la_kota	flos27z	u/days_hadd	fq1yqg	S
2020-03-27 17:37:05.935626	u/Letmedrivetheboat9	flos29w	u/redditmeric	florzm7	C
2020-03-27 17:37:16.640040	u/4dimensionaltoaster	flos2tc	u/curiouslysober	flnu11y	C
2020-03-27 17:37:29.994226	u/Nothing_here_bro	flos3b6	u/TheChocolateCray	flnmdop	C
2020-03-27 17:38:02.580961	u/joshchapper	flos4au	u/NewJosephStalin	flo9ndj	C
2020-03-27 17:38:08.687498	u/sdhakal12	flos4iw	u/CavemanSindahlMan	flojrcc	C
2020-03-27 17:38:20.721476	u/cheeseu_	flos56u	u/lillyanne727	flogk5b	C
2020-03-27 17:38:26.386281	u/kb0418	flos5i1	u/ThaRadBradLad	fllx422	C
2020-03-27 17:38:30.226409	u/WaterMelonKisses	flos5jy	u/racerfree	floldue	C
2020-03-27 17:38:36.319998	u/SonicFruitPunch	flos5wp	u/PornAndHentaiGood125	flo5apk	C
2020-03-27 17:38:55.704009	u/frank-cain-yt	flos6v1	u/iemawesoem	flnhui6	C
2020-03-27 17:38:59.504558	u/darkcatwizard	flos7bx	u/dovedevic	fl2eb1j	C
2020-03-27 17:39:10.541927	u/ccsherkhan	flos7sv	u/Rick_aka_Morty	flnzx4k	C
2020-03-27 17:39:26.585787	u/smalltownmyths	flos8hx	u/BoarRussian	floptev	C
2020-03-27 17:39:35.209343	u/Deibid234	flos94v	u/yeetusdeletus68	florduc	C
2020-03-27 17:39:56.839917	u/TheFinalEnd1	flosb02	u/VoiceOverGaming900	flora27	C
2020-03-27 17:39:58.488834	u/YouHrdKlm	flosb62	u/CookieLover_124	floc771	C
2020-03-27 17:40:51.432810	u/bigbadbillyy	flosde4	u/theswagdodo11	flojq6u	C
2020-03-27 17:40:54.885189	u/baumschueler69	flosdho	u/kotik010	floi2vp	C
2020-03-27 17:41:03.349960	u/resekdesek	flosdqk	u/JohkuKL	flojenc	C
2020-03-27 17:41:32.412569	u/bruhcantfindusername	floselj	u/Sunflower-1526	flortal	C
2020-03-27 17:41:41.962346	u/cantCommitToAHobby	flosezj	u/uhnwi	floqhhj	C
2020-03-27 17:41:51.845332	u/Moon14982	flosf4x	u/AutoModerator	flnttcc	C
2020-03-27 17:42:16.287259	u/OffensiveTree63	flosfol	u/AnakinsShowerDrain	flos0qc	C
2020-03-27 17:42:23.279961	u/BOBOFF02	flosg13	u/foxfunk	florh13	C
2020-03-27 17:42:37.664123	u/I_am_potatoman	flotpnh	u/UnNaMeDPlAyEr10	florhin	C
2020-03-27 17:42:49.726616	u/ibunofen	flotpya	u/Xploiter_RBLX	flog2gk	C
2020-03-27 17:42:56.517051	u/pawel12345678910	flotqdr	u/BucketsOfLimes	flolpno	C
2020-03-27 17:43:00.935104	u/Quizzer2016	flotqii	u/Suavpan	flot9z6	C
2020-03-27 17:44:02.199471	u/arisky2000	flotte4	u/Xploiter_RBLX	floin68	C
2020-03-27 17:44:20.341813	u/addemer	flottwi	u/tayloredition	flor5rw	C
2020-03-27 17:44:46.303883	u/ghost_onion	flotunq	u/RelentlessDonkey308	flotoiv	C
2020-03-27 17:45:24.210662	u/Accountantnotbot	flotw0d	u/Tru_Drone_Videos	flot02h	C
2020-03-27 17:45:50.864465	u/LocdIn	flotxnc	u/Bella_Avery	flotulp	C
2020-03-27 17:46:11.312267	u/FoxTreWX	flotyjp	u/BlAcK_rAbBiX	floo39f	C
2020-03-27 17:46:17.762140	u/Sjw_slayer45	flotyon	u/CookieLover_124	floc771	C
2020-03-27 17:46:26.012613	u/EliteApollo97	flotyyn	u/imabrocoli	floj2nq	C
2020-03-27 17:46:31.332395	u/Sslipperyssnek	flotz8z	u/Xploiter_RBLX	flofu9c	C
2020-03-27 17:46:37.782587	u/YandereAyaka	flotzlw	u/Grazthespaz	floldan	C
2020-03-27 17:47:17.897839	u/bruhmomento_69	flou1xi	u/fix_fix_psycx	flos2mg	C
2020-03-27 17:47:22.287843	u/_chr1570ph3r_	flou22f	u/ibunofen	flotpya	C
2020-03-27 17:48:00.546670	u/Quackajingleson	flou3th	u/racerfree	flopi1h	C
2020-03-27 17:48:06.956758	u/tmed1	flou3z9	u/LieutenantDangler	flot3x8	C
2020-03-27 17:48:08.454839	u/THERMO_THE_RAPIST	flou42h	u/YandereAyaka	flotzlw	C
2020-03-27 17:48:22.289826	u/The_DeadCrafter	flou4r7	u/JamesJoyceTheory	flotu6b	C
2020-03-27 17:48:23.787966	u/dogeski20	flou4ry	u/UchihaRecker	flotxpt	C
2020-03-27 17:48:34.457508	u/fortnite-SUCKS-poato	flou5gr	u/_Xand0n_	floorbd	C
2020-03-27 17:48:51.225231	u/Crispy_Sion_On_Plum	flou63f	u/XB2006	floc3my	C
2020-03-27 17:48:56.137078	u/nothingtoseehere196	flou6bd	u/BorgerBoi28	flo676d	C
2020-03-27 17:49:06.445975	u/dickdickens97	flou6w4	u/imabrocoli	flou003	C
2020-03-27 17:49:14.210207	u/MrJohnnyRamone	flou777	u/santasbigwhitebeard	flotmhi	C
2020-03-27 17:49:15.419032	u/Freecandykids124	flou787	u/Lata343	flou54a	C
2020-03-27 17:49:21.613181	u/RMcCloud49	flou820	u/Bartgames03	flou5zk	C
2020-03-27 17:49:24.159488	u/passin_assassin	flou88x	u/fualtyzane	floooxc	C
2020-03-27 17:49:33.870434	u/humancurrymaker	flou8x6	u/Xploiter_RBLX	flmpttb	C
2020-03-27 17:49:34.930142	u/gbabybackribs	flou8zi	u/MrClash8738	flou0co	C
2020-03-27 17:49:39.134100	u/patrocolus3	flou9af	u/SamOnReddit26	flot2aq	C
2020-03-27 17:49:52.982335	u/LoonyTitan	flou9m9	u/longhud	fpz0ak	S
2020-03-27 17:49:54.068884	u/EeveeAnti	flou9px	u/fualtyzane	flou70v	C
2020-03-27 17:50:25.154447	u/cnn_pepsicola	flouaxb	u/blo0gurl87	florjg0	C
2020-03-27 17:50:35.664819	u/hunterbot9904	floubag	u/_Xand0n_	floorbd	C
2020-03-27 17:50:51.264486	u/Entitled3ntity	flouc1t	u/GreenGriffin8	flou9d3	C
2020-03-27 17:50:59.897985	u/reddit_user1643	flouc4n	u/Tru_Drone_Videos	flodnyb	C
2020-03-27 17:51:24.054990	u/darnyoulikeasock	floucum	u/fualtyzane	flos4q1	C
2020-03-27 17:51:36.293421	u/MrRaccotaco	floud30	u/Riffle-Chips	flofjr7	C
2020-03-27 17:51:40.850660	u/Langerous6246	flouda2	u/WierdoYT	fq4vfg	S
2020-03-27 17:51:52.022436	u/MrMiffi	floudj7	u/ProDeath5567	flortq1	C
2020-03-27 17:52:04.000904	u/winter_fox9	floudou	u/dogeski20	flou4ry	C
2020-03-27 17:52:17.934043	u/harpermean	floue5g	u/DecentOpposum18	floleyd	C
2020-03-27 17:52:30.911841	u/2JDestroBot	flouem4	u/Hype-Beast-Joe	florqdp	C
2020-03-27 17:52:40.638197	u/Kilometer_Davis	floueu9	u/ButWhyTho112	flotwj9	C
2020-03-27 17:53:02.114299	u/AJ-XD	floufok	u/Tru_Drone_Videos	flouebv	C
2020-03-27 17:53:04.283616	u/ResurRecK	floufs0	u/fualtyzane	floudl7	C
2020-03-27 17:53:06.415478	u/Badprophet90	floufsc	u/inbred_bread	flondpx	C
2020-03-27 17:53:24.307869	u/Bluxri	flougbe	u/Tru_Drone_Videos	flo936f	C
2020-03-27 17:53:31.817352	u/Xtreme_exe	flouggo	u/fix_fix_psycx	flosa95	C
2020-03-27 17:53:34.904521	u/Luco64	flougi5	u/Dahwaann4U	flolqbs	C
2020-03-27 17:53:41.239992	u/50ftmongoose	flougpu	u/_Xand0n_	floqn5d	C
2020-03-27 17:53:53.589132	u/2JDestroBot	flouh6m	u/StormCG	florchy	C
2020-03-27 17:54:04.914976	u/polyfrogs	flouhon	u/Loppan35	flolbfm	C
2020-03-27 17:54:40.588799	u/Wack-Zilson	flouinm	u/fualtyzane	flou5ow	C
2020-03-27 17:54:42.621559	u/B1llythk1d	flouip5	u/Iceygamingrulez	flosut2	C
2020-03-27 17:54:54.192367	u/CatsPajama37	flouj7n	u/TarcanSam	flolsvn	C
2020-03-27 17:54:58.366064	u/just_kuba	floujdt	u/WholphinCheetos	flnuuw0	C
2020-03-27 17:55:03.416478	u/kmanestor22	floujk9	u/HelpMeILostMyAccount	flotfw2	C
2020-03-27 17:55:07.372717	u/Alan_The_Smithee	floujxs	u/fualtyzane	floouw3	C
2020-03-27 17:55:37.745459	u/kermit_dont_stop	floukzo	u/Blacknova17	flonhq4	C
2020-03-27 17:55:46.476433	u/TheUltimateJew46	floul4v	u/fualtyzane	flottft	C
2020-03-27 17:55:48.457260	u/Itchy-Scrotum	floul5g	u/That_Guy_Sean	flotnrt	C
2020-03-27 17:55:55.744108	u/YoshibombR	floule0	u/fualtyzane	flnymuw	C
2020-03-27 17:56:11.848776	u/boximis_maximis	floulwn	u/Master_JBT	flnqpvk	C
2020-03-27 17:57:06.072491	u/Squilliam01	flouonv	u/jazzy_boy_05	flnh6zp	C
2020-03-27 17:57:10.371839	u/bensg5	flouovc	u/fishfiftie	flote3m	C
2020-03-27 17:57:41.167079	u/aries-vevo	flouq82	u/DerpyTyrantrum	flopz0z	C
2020-03-27 17:57:43.622542	u/patdoggo	flouqd9	u/RufflesOriginal	flouhks	C
2020-03-27 17:57:52.711802	u/Coopie-lol	flouqvx	u/RepostSleuthBot	flos7kj	C
2020-03-27 17:57:54.297614	u/patdoggo	flouqy7	u/RufflesOriginal	flouj1v	C
2020-03-27 17:57:59.198904	u/YoDawgItzNick	flour53	u/bob_kys	flotfgf	C
2020-03-27 17:58:00.839666	u/ST6Dem	flour68	u/BITE-ZA-WARUDO	flooyip	C
2020-03-27 17:58:10.805473	u/EllieDaDog	flourd6	u/fishfiftie	flote3m	C
2020-03-27 17:58:33.183839	u/nightlampweight	flout15	u/jojo_morgn7	floubk9	C
2020-03-27 17:58:40.069162	u/54312Boo	floutjw	u/Kino87	flop3i9	C
2020-03-27 17:59:04.634823	u/rusty_618	flouuvf	u/fualtyzane	floozan	C
2020-03-27 17:59:07.468866	u/jujeyu	flouuxj	u/kokaiinikani	flot4mx	C
2020-03-27 17:59:25.971450	u/JediJoan	flouvvo	u/AutoModerator	flomwsb	C
2020-03-27 17:59:33.629156	u/HUNDREDVESSEL3	flouwet	u/Seanbyrne_28964	floul5u	C
2020-03-27 17:59:37.445267	u/mirotvorec_neo	flouwh5	u/JustawayV2	floqm5f	C
2020-03-27 17:59:44.847432	u/Mrs_HP_Sauce	floux9n	u/thisisaiken	flofh8j	C
2020-03-27 17:59:50.695979	u/corruptedgabe	flouxon	u/RandomBro1216	flory1u	C
