2020-03-21 02:00:33.866571	u/AREUATURTLE	fl36dyr	u/Iavenderp	fl364az	C
2020-03-21 02:02:36.197277	u/MeMooMy	fl36i7u	u/Starwarsmemes13	fl2iu53	C
2020-03-21 02:02:44.979707	u/_baby_child_	fl36ids	u/RepostSleuthBot	fl2wkcl	C
2020-03-21 02:02:46.039072	u/Qwex12	fl36ie0	u/jackben_imble	fl2xx5w	C
2020-03-21 02:02:56.757287	u/Cryptid_Girl	fl36ipj	u/rebbit_helping_bot	fl30r5r	C
2020-03-21 02:03:08.820999	u/aratnagrid	fl36iyl	u/kdavie98	fl36aya	C
2020-03-21 02:03:36.213278	u/Purplmonky	fl36kea	u/FacelessPoet	fl355tg	C
2020-03-21 02:03:41.867137	u/KingConduit	fl36iap	u/Skulldog995	fl2x2yb	C
2020-03-21 02:05:14.424610	u/MafiaHen	fl36ni1	u/demotecontrol	fl353ou	C
2020-03-21 02:05:21.685032	u/D048	fl36nui	u/LEGION_101	fl36lby	C
2020-03-21 02:05:30.928400	u/astrohnalle	fl36o83	u/chrisl_003	fl2oyl1	C
2020-03-21 02:05:52.246918	u/justwalkinby91	fl36p1y	u/GabeWhitman14	fl2twvs	C
2020-03-21 02:06:13.546205	u/Jason-C21	fl36pd2	u/MeMooMy	fl04sw7	C
2020-03-21 02:07:33.471365	u/Pokefan23432	fl36sap	u/canned-america	fl2o52i	C
2020-03-21 02:07:44.659746	u/Sirvolker757	fl36sw2	u/woodendoors7	fl2mylh	C
2020-03-21 02:08:06.822655	u/Exotic_Breadstick	fl36teu	u/AREUATURTLE	fl36dyr	C
2020-03-21 02:09:08.705397	u/The_Greate_Pickle	fl36vur	u/demotecontrol	fl35dcj	C
2020-03-21 02:10:08.782342	u/Fire-Nation-17	fl36xno	u/whynotm3e	fl320ni	C
2020-03-21 02:10:25.953254	u/tio_aliga	fl36y9n	u/woodendoors7	fl2n96x	C
2020-03-21 02:10:44.730552	u/minionofmoose1012	fl36yls	u/NorthernPunk	fl33vde	C
2020-03-21 02:11:54.206824	u/jdw221221221	fl36zcp	u/SangiMTL	fl303m8	C
2020-03-21 02:13:18.788449	u/WhiteFang1001	fl373qq	u/GabeWhitman14	fl2twvs	C
2020-03-21 02:13:56.051933	u/chotomatekudersai	fl37537	u/sburrito	fl35y1i	C
2020-03-21 02:14:12.078538	u/Less_Heat	fl375cu	u/Beginning_Option	fl36tdo	C
2020-03-21 02:14:44.556700	u/thekeenspartan	fl37636	u/HellBlazer_123	fl3759z	C
2020-03-21 02:15:20.325836	u/RobbidyRoblox	fl37822	u/Chidoriyama	fl2xr3b	C
2020-03-21 02:15:38.368024	u/Tanner9078	fl377x8	u/RepostSleuthBot	fl375xo	C
2020-03-21 02:15:49.402483	u/sterkm1st	fl378nr	u/DO_YOU_LIKE_277353	fl33yp8	C
2020-03-21 02:15:53.836149	u/RitzyTheWhiteGuy	fl378ys	u/MafiaHen	fl36p5g	C
2020-03-21 02:16:04.807776	u/i_am_a_condom	fl3797b	u/RepostSleuthBot	fl332fs	C
2020-03-21 02:16:38.479413	u/RagefulGoose	fl37ahi	u/Ice319	fl34cie	C
2020-03-21 02:18:14.215504	u/MystiqIQ	fl37dlz	u/TheRealChrome_	fl2vx57	C
2020-03-21 02:18:46.689182	u/TDK-Skin-Walker	fl37esf	u/_baby_child_	fl36ids	C
2020-03-21 02:18:57.075201	u/WaffleTickler4444	fl37f8t	u/good_boi_bot	fl37d05	C
2020-03-21 02:19:02.866887	u/HazShit	fl37ev4	u/unclerico589	fl2h2f9	C
2020-03-21 02:19:33.538587	u/LiftedLorax911	fl37gg5	u/Vindovilles	fl369h4	C
2020-03-21 02:19:50.164280	u/DeafDuckling12	fl37h1m	u/RepostSleuthBot	fl35hn9	C
2020-03-21 02:20:15.487816	u/Ihassmallbrain	fl37hjv	u/austind9999	fcnx0nv	C
2020-03-21 02:20:19.930019	u/Sir-Chris-Finch	fl37hx2	u/TheRealChrome_	fl2vx57	C
2020-03-21 02:20:37.726403	u/enough-rope	fl37idj	u/Less_Heat	fl37evv	C
2020-03-21 02:21:57.309683	u/jar-jarbinksisasith	fl37ky5	u/BadBadMotorScooter	fl3719e	C
2020-03-21 02:23:23.155823	u/KillKrites	fl37o2n	u/The_Greate_Pickle	fl36vur	C
2020-03-21 02:23:38.146658	u/MinotaurusTrollo	fl37o8f	u/porcupine07	fl32bka	C
2020-03-21 02:24:18.881534	u/Memetastrophe	fl37pbp	u/chotomatekudersai	fl37537	C
2020-03-21 02:26:01.840891	u/MortalVV	fl37t20	u/good_boi_bot	fl2zsi9	C
2020-03-21 02:27:07.808864	u/Lookingtogetrich	fl37v45	u/Starwarsmemes13	fl2iu53	C
2020-03-21 02:27:10.618510	u/repostseluthbot	fl37v82	u/yeet273773	fl37tih	C
2020-03-21 02:27:29.507899	u/Kostel34	fl37vsk	u/good_boi_bot	fl351tl	C
2020-03-21 02:28:06.142464	u/pyrince	fl37ww7	u/ugonlern2day	fl34nlt	C
2020-03-21 02:28:18.433532	u/minhliz119	fl37x6m	u/memes-69-420	fl2lqd3	C
2020-03-21 02:29:27.404836	u/Lilycloud02	fl37z94	u/Darth_Ewok14	fl373zt	C
2020-03-21 02:30:50.182541	u/Bed_Head_Redemption	fl3827k	u/Vindovilles	fl365on	C
2020-03-21 02:31:48.881194	u/wesayhappycakeday	fl383vn	u/GabeWhitman14	fl2twvs	C
2020-03-21 02:31:49.933761	u/Alasto	fl383xk	u/FoodToGo69	fl35zt7	C
2020-03-21 02:32:05.588203	u/akatherder	fl384gt	u/Shirt420	fl32fuh	C
2020-03-21 02:32:08.966121	u/pris9n-pony	fl384hw	u/Awarepillow	fl2zk5a	C
2020-03-21 02:33:12.307579	u/dont_worry_im_here	fl386gh	u/BeNbUcKToO	fl30fe2	C
2020-03-21 02:35:01.559937	u/BeeAnal	fl38a3a	u/RepostSleuthBot	fl38940	C
2020-03-21 02:35:14.386282	u/MyDadInventedOpera	fl389se	u/RepostSleuthBot	fl385pg	C
2020-03-21 02:39:15.065930	u/jackster0203	fl38iaj	u/BadBadMotorScooter	fl37eyl	C
2020-03-21 02:39:35.583906	u/ToadTendo	fl38itu	u/RepostSleuthBot	fl38gzy	C
2020-03-21 02:39:38.239026	u/__testicularcancer	fl38j7a	u/GabeWhitman14	fl2twvs	C
2020-03-21 02:40:35.716464	u/MrTwigz	fl38kst	u/thekeenspartan	fl317fi	C
2020-03-21 02:41:38.083657	u/infinity-69420	fl38n3l	u/da_angry_bison	fl32pd1	C
2020-03-21 02:42:29.051949	u/SavvyDogBurrito	fl38oln	u/kdavie98	fl36ba6	C
2020-03-21 02:42:59.912754	u/BlueBeetleSW	fl38pdu	u/GabeWhitman14	fl2twvs	C
2020-03-21 02:44:01.084057	u/MasterLuke97	fl38rnc	u/chrisl_003	fl2oyl1	C
2020-03-21 02:44:35.355381	u/PokeJoshua	fl38sf1	u/RepostSleuthBot	fl26sx2	C
2020-03-21 02:45:41.462718	u/rbaseless	fl38uyz	u/GabeWhitman14	fl2yxg1	C
2020-03-21 02:45:45.787137	u/Slippery_Wombat	fl38udf	u/Neither-Ask	fl31gl8	C
2020-03-21 02:45:56.962738	u/Mahdi_D	fl38vb2	u/GabeWhitman14	fl2twvs	C
2020-03-21 02:46:12.103510	u/JelloMinister	fl38vqj	u/RexoBagelBoi	fl37n3w	C
2020-03-21 02:47:02.104276	u/DogAteMyNandos	fl38xez	u/ToadTendo	fl38wsq	C
2020-03-21 02:47:14.993766	u/yayoshorti	fl38xmq	u/RepostSleuthBot	fl38d2i	C
2020-03-21 02:47:19.109355	u/TSM_LittleRaphie	fl38xno	u/SnipeyKeru	fl31mfc	C
2020-03-21 02:47:19.935079	u/dovedevic	fl38xr6	u/infinity-69420	fl38w3b	C
2020-03-21 02:47:54.400002	u/startlingstrawberry	fl38yka	u/welmish	fl34vty	C
2020-03-21 02:47:56.826661	u/LilSnowDragon	fl38yt9	u/SavvyDogBurrito	fl38oln	C
2020-03-21 02:48:11.919799	u/man-i-love-tacos-	fl38zhg	u/RepostSleuthBot	fl2wrq2	C
2020-03-21 02:48:14.263851	u/nanithedickyfricky	fl38znb	u/anhydrousahem	fl31rdd	C
2020-03-21 02:48:27.159961	u/paaul_	fl38zw8	u/DeadMan-Walkin	fl34tew	C
2020-03-21 02:49:08.167620	u/ay_yooo	fl391e9	u/thekeenspartan	fl36pyr	C
2020-03-21 02:51:11.318813	u/Not-a-dark-overlord	fl394sn	u/LEGION_101	fl36ay3	C
2020-03-21 02:52:27.460318	u/Rzargo	fl3968i	u/memes-69-420	fl37y0b	C
2020-03-21 02:52:30.731142	u/Mrmusen2	fl396bj	u/NessTheGamer	fl312e7	C
2020-03-21 02:52:40.206406	u/pink_panda2	fl396xg	u/Lilycloud02	fl37z94	C
2020-03-21 02:53:19.699336	u/shaili_i	fl398cn	u/Sir-Chris-Finch	fl37hx2	C
2020-03-21 02:53:59.144561	u/BlacksStar11130	fl399zr	u/SangiMTL	fl334hj	C
2020-03-21 02:54:21.969500	u/Ralinor	fl39aw2	u/TDK-Skin-Walker	fl37yo3	C
2020-03-21 02:54:54.798376	u/FRANKYDRANKY	fl39bxw	u/RepostSleuthBot	fl38rxm	C
2020-03-21 02:55:36.427732	u/yataviy	fl39d6l	u/Neither-Ask	fl320jn	C
2020-03-21 02:55:57.163578	u/ZbrojovkaBRNO	fl39dkx	u/ToadTendo	fl397o5	C
2020-03-21 02:56:06.585950	u/LightningPunk	fl39dxd	u/ToadTendo	fl39b28	C
2020-03-21 02:56:27.589155	u/uwo-wow	fl39eif	u/RepostSleuthBot	fl39537	C
2020-03-21 02:58:26.694299	u/DinoDerpin	fl39i8c	u/RepostSleuthBot	fl39g3k	C
2020-03-21 02:58:28.936199	u/CjtheTrumpetkid	fl39ii1	u/LightningPunk	fl39dxd	C
2020-03-21 02:58:44.936707	u/LonnieBird	fl39itx	u/Omega4Life	fl395z4	C
2020-03-21 02:59:25.906802	u/InvisibleImpostor	fl39kb9	u/Less_Heat	fl375cu	C
