2020-04-17 09:00:09.265775	u/PmpkinPatch	fnole7j	u/ChadWorthington1	fnn2ldt	C
2020-04-17 09:00:33.190926	u/FMITW17	fnoleoc	u/Pandoras-Soda-Can	fno6rvg	C
2020-04-17 09:01:06.314329	u/JKolor	fnolfnc	u/the__terces__society	fnoa4ck	C
2020-04-17 09:01:14.311603	u/AliveatMidnight	fnolfs0	u/Dylan_Dave24	fnoleer	C
2020-04-17 09:01:17.621150	u/Ismolboi	fnolful	u/UGLYSCPTATO-69	fnold8m	C
2020-04-17 09:01:45.970386	u/Jupitors_Aeneas	fnolgek	u/Laremyunsil	fnoe52q	C
2020-04-17 09:01:51.509339	u/justmax23	fnolggg	u/IT-WAS-ME-DIO19	fnnrja3	C
2020-04-17 09:02:14.245232	u/mmmeesss	fnolhcs	u/Xanda06	fnoklfv	C
2020-04-17 09:03:01.210144	u/pixiesunbelle	fnoli56	u/ItsYaBoiBiggie65	fnmebrb	C
2020-04-17 09:03:30.200921	u/MrHackebiff	fnoliqk	u/TechedPyro	fnoiipu	C
2020-04-17 09:04:16.107841	u/Gh0stwhale	fnoljpv	u/limones4K	fno5xjr	C
2020-04-17 09:04:29.767514	u/YEEDiNoSaUR69	fnoljzr	u/Vetcoolerobin	fnol9bw	C
2020-04-17 09:05:05.953233	u/TheCrowsNestTV	fnoll0l	u/mrgopher17	fnogy0a	C
2020-04-17 09:06:08.643799	u/black-flies	fnoln7q	u/lifeisforkiamsoup	fnnvz7m	C
2020-04-17 09:06:30.149496	u/Gustav_Ro03	fnolnuw	u/RepostSleuthBot	fnoijdb	C
2020-04-17 09:07:16.735549	u/L0uDboi	fnolpdm	u/lasagnato69	fnoc5d2	C
2020-04-17 09:07:35.022810	u/BranCracker	fnolppa	u/meatpopsicle69420	fnnn58v	C
2020-04-17 09:07:44.897306	u/savage_memes15	fnolpvh	u/AviatrixRaissa	fnnpmr0	C
2020-04-17 09:08:11.459198	u/viewtifreak	fnolqxh	u/WDYMEANITSTAKEN	fnol9cx	C
2020-04-17 09:08:16.004889	u/advoor007	fnolr1n	u/Junkie-sama	fnobfxe	C
2020-04-17 09:08:17.705204	u/isaac_metcalf	fnolr4v	u/VeryLargeDingus	fno6zbg	C
2020-04-17 09:09:14.035591	u/seestadt55	fnoltqi	u/Gremberoo	fno5c1c	C
2020-04-17 09:09:28.895016	u/TheSchoolKashooter	fnoluiy	u/ItsDelayGTX	fnolr9e	C
2020-04-17 09:09:48.116352	u/ottovon27	fnolvyx	u/SunnyDankness	fnoln73	C
2020-04-17 09:09:53.925820	u/-Pingouin-	fnolw9x	u/DrDonkervoort	fnolpmo	C
2020-04-17 09:09:54.649995	u/PauloIsMe	fnolwlc	u/wotu13	fnofdzh	C
2020-04-17 09:11:05.095042	u/Su_Din	fnolzk9	u/Meplore	fnofv92	C
2020-04-17 09:11:29.186475	u/AwesomeGuyTX	fnolzx3	u/RealStell2OO5	fnokxut	C
2020-04-17 09:11:31.499327	u/wrinklesmyshinkles	fnolzzj	u/hamburgler1984	fnolk1y	C
2020-04-17 09:11:44.363580	u/StaleTheBread	fnom06j	u/Noyoureblind	fnodeh5	C
2020-04-17 09:12:20.943507	u/GraySavoy	fnom1a9	u/thisisnotapotato123	fnolrnc	C
2020-04-17 09:14:10.121804	u/azzamsa7	fnom462	u/laddupeda	fnols0j	C
2020-04-17 09:14:44.792124	u/someguy2585	fnom4zj	u/GraySavoy	fnom1a9	C
2020-04-17 09:14:55.994520	u/Jigle_Wigle	fnom575	u/__SodiumChloride	fnoiok7	C
2020-04-17 09:15:02.653477	u/OffHandLogic	fnom59s	u/fox-mcleod	fnohsle	C
2020-04-17 09:15:08.612005	u/Louka3000	fnom5dv	u/hamburgler1984	fnolk1y	C
2020-04-17 09:15:53.269308	u/Frost__Tiger	fnom6wi	u/IceSango	fno3ksp	C
2020-04-17 09:15:57.855782	u/kimicu	fnom6xh	u/kodorx	fnolw6k	C
2020-04-17 09:16:00.657821	u/MangoMonger	fnom6yb	u/samus999	fnmotfo	C
2020-04-17 09:16:13.522329	u/bigger_the_tonic	fnom77u	u/ClumbusCrew	fnoipi6	C
2020-04-17 09:16:46.636695	u/lil_redittor	fnom8os	u/Xanda06	fnoklfv	C
2020-04-17 09:16:53.158367	u/hotNibbaBeanz	fnom8tz	u/mrpampersisgood	g2xccp	S
2020-04-17 09:17:06.445087	u/Theo_Retisch	fnom9fn	u/0xVENx0	fnoc950	C
2020-04-17 09:17:08.287700	u/Practical_Misotheist	fnom9g2	u/UGLYSCPTATO-69	fnolzmg	C
2020-04-17 09:17:19.621974	u/woozlewuzzle29	fnoma17	u/derpy-pangolin	fnnvzyg	C
2020-04-17 09:17:56.655982	u/nick_tintapura	fnombij	u/WarGodAKJ	g2xrew	S
2020-04-17 09:18:20.890886	u/_My_Name_Is_Jeff	fnomc83	u/JerseyDevil6572	fnolhgk	C
2020-04-17 09:18:27.378252	u/potato_man22	fnomcdm	u/AK24ROCKS	fnombiv	C
2020-04-17 09:18:29.020731	u/Germany_ball	fnomcei	u/dmishal14	fnom3of	C
2020-04-17 09:18:42.228249	u/Saucy_Crawdad	fnomcpg	u/Pleasant-Surprises	fnoldp6	C
2020-04-17 09:19:11.639219	u/ParthTehlan_69	fnomdq7	u/CuteVegetable	g2zhdj	S
2020-04-17 09:19:36.501298	u/JTempo51	fnomepw	u/cheeseu_	fnofvew	C
2020-04-17 09:19:42.120429	u/jeffsilverflower	fnomf1z	u/UGLYSCPTATO-69	fnoefce	C
2020-04-17 09:20:10.003590	u/PlainPastry	fnomgmt	u/mr_gamer_on_memes	fnolmzb	C
2020-04-17 09:20:13.457175	u/somejewautist	fnomgob	u/Pyftel	fnollrt	C
2020-04-17 09:21:25.719686	u/Olibiene	fnomieh	u/Jupitors_Aeneas	fnolgek	C
2020-04-17 09:21:38.131104	u/xP2Wx	fnomimc	u/Junkie-sama	fnobfxe	C
2020-04-17 09:21:40.459813	u/SomeGuyPerson12	fnomirm	u/WDYMEANITSTAKEN	fnolmab	C
2020-04-17 09:21:50.166364	u/ChrisyBoi19	fnomivq	u/CuteVegetable	fnoc1rm	C
2020-04-17 09:23:14.498470	u/RocketBullets123	fnomlfv	u/Dumbfaqer	fnoil1z	C
2020-04-17 09:23:32.172682	u/y414p	fnomlyo	u/Janiksuperpro	fnomkq7	C
2020-04-17 09:24:01.909890	u/Reaper_7037	fnomn28	u/fireslate	fnomk1s	C
2020-04-17 09:24:20.558786	u/jeff-herebois	fnomnhd	u/Daelony	fnomltf	C
2020-04-17 09:24:40.499311	u/Minecraft_kid99	fnomoah	u/FlamedFameFox87	fnomm50	C
2020-04-17 09:25:22.289122	u/ccarpetedkitchen	fnomp4z	u/YaYeetingBoi	fnojb0p	C
2020-04-17 09:26:20.733190	u/Manospondylus_gigas	fnomril	u/Azzy_Wolf	fnomj8l	C
2020-04-17 09:27:21.302614	u/Klink207	fnomtev	u/luilak-lazy	g2zfa5	S
2020-04-17 09:27:29.393508	u/ItsDatWombat	fnomtip	u/abuchewbacca1995	fno7aju	C
2020-04-17 09:27:52.032892	u/gamma_uranius	fnomu21	u/__Labyrinth__	fno9iog	C
2020-04-17 09:28:15.326576	u/pxl_aurous	fnomv8n	u/misa_want_die	fnnysm0	C
2020-04-17 09:28:46.883064	u/Mikeenness	fnomx22	u/iEatMemes_	fnocwd0	C
2020-04-17 09:28:53.273770	u/jelloboy6	fnomxfz	u/theknightingreen	fnnycz9	C
2020-04-17 09:28:55.300355	u/bomble_bee	fnomxh6	u/Warson444	fnoa34k	C
2020-04-17 09:29:02.463024	u/d_arora22	fnomy0k	u/aConsole	fnog86e	C
2020-04-17 09:29:16.188334	u/tenshisakimitsu	fnoo5fv	u/yureku_the_potato	fnoo3wv	C
2020-04-17 09:29:28.755476	u/jgreenshields4554	fnoo679	u/satt47	fnnuimo	C
2020-04-17 09:30:25.337195	u/ConnorOfFire18	fnoo8va	u/Kraqle	fno4235	C
2020-04-17 09:31:30.828126	u/-Pre_	fnooakw	u/Shamfish	fno3x5v	C
2020-04-17 09:31:40.366159	u/kwizatscadillac	fnooaum	u/ultrainstict	fno3bow	C
2020-04-17 09:31:54.332799	u/mcsylver	fnooba5	u/youfibbedinjanuary	fnnnu15	C
2020-04-17 09:32:08.487345	u/That_One_Guy_0	fnooblm	u/blikakisthepro	fnonph7	C
2020-04-17 09:32:22.417818	u/vale-para-pura-pija	fnoobtq	u/John2H	fnoifl6	C
2020-04-17 09:32:51.108645	u/thtblshvtrnd	fnoocap	u/superbloggity	fnokmn7	C
2020-04-17 09:33:03.800720	u/FromRuinsWeRise	fnoocl2	u/aldguton23	fnoiv7x	C
2020-04-17 09:33:07.987587	u/Sinaniac	fnoocr9	u/Glizzy3030	fnomsfp	C
2020-04-17 09:33:49.589056	u/Danidanilo	fnooe2c	u/RepostSleuthBot	fnoo35b	C
2020-04-17 09:34:27.724671	u/senhorporquito	fnoofcz	u/JealousDog99	fnogott	C
2020-04-17 09:34:39.587808	u/jkm7NR1white	fnoofml	u/pizza-on-cheese	fnol7gl	C
2020-04-17 09:35:01.996350	u/e-thct	fnoogad	u/f_n_a_	fnoo8gt	C
2020-04-17 09:35:27.536256	u/ii_jwoody_ii	fnoogul	u/Keaten88	fnoisgp	C
2020-04-17 09:35:43.807736	u/DerKaiserWilhelm2	fnoohdx	u/_MrYaMaGa_	fnon6x4	C
2020-04-17 09:35:56.744667	u/senhorporquito	fnoohnh	u/Meplore	fnofv92	C
2020-04-17 09:37:54.270417	u/thebjasmeister	fnoolsm	u/layinqui	fnonzep	C
2020-04-17 09:38:03.254379	u/janga576	fnoolzv	u/senhorporquito	fnoofcz	C
2020-04-17 09:38:05.593302	u/Th3Mouzter	fnoom07	u/rishi_aka_clown	fnokf1l	C
2020-04-17 09:38:08.828498	u/Korn_D	fnoom89	u/SuperRoseINSTINCT	fnonzo0	C
2020-04-17 09:38:11.157994	u/Xisbou	fnoombh	u/rahaton99	fno8ij3	C
2020-04-17 09:38:28.887291	u/JumpyTV	fnoongf	u/Bruh_Bot_	fnjl8h4	C
2020-04-17 09:38:46.547367	u/ksiazek7	fnooo5m	u/Emperor_O_Memes	fnoc7xm	C
2020-04-17 09:38:49.235587	u/augsburg71	fnooo8r	u/handlessuck	fnoogc2	C
2020-04-17 09:38:59.546206	u/MediocrePay	fnoool9	u/Mandalina88	fnoocf6	C
2020-04-17 09:39:05.778313	u/Tomasak1	fnooovj	u/VaginaYEASTwithTEETH	fnofqq8	C
2020-04-17 09:39:07.156439	u/madebyafan3	fnoooy8	u/moncerdis	fnobbvl	C
2020-04-17 09:39:29.758388	u/iMememoji	fnoopyk	u/Phantasus_Mosaik	fnojniy	C
2020-04-17 09:39:46.127244	u/7Reference	fnooqqq	u/cranberry-_-sauce	fnnwozp	C
2020-04-17 09:40:13.881542	u/Maximus-Pantoe	fnoort4	u/Sentient-Teapot	fnoony3	C
2020-04-17 09:40:28.459135	u/DamienRevilla	fnoos56	u/Epixle390	fgbdsa8	C
2020-04-17 09:40:38.636151	u/_llunae	fnoosgz	u/DaPhantom747	fnomn6u	C
2020-04-17 09:41:15.448133	u/nubcool3	fnoot6l	u/RepostSleuthBot	fnoohth	C
2020-04-17 09:41:27.370442	u/lionfang123	fnootbb	u/aldguton23	fnof582	C
2020-04-17 09:41:32.002731	u/Chikageee	fnoothz	u/Skruttlund	fnoexum	C
2020-04-17 09:41:36.279534	u/secundus1907	fnootkk	u/moncerdis	fnobbvl	C
2020-04-17 09:42:28.259140	u/sakarreddit	fnoov00	u/SuXilE	fno7it7	C
2020-04-17 09:42:49.067241	u/rwoooosh_if_simp	fnoovm0	u/Spider_Okapi	fnoorce	C
2020-04-17 09:43:22.058474	u/shrek786	fnoowkz	u/rwoooosh_if_simp	fnoljcg	C
2020-04-17 09:43:24.199993	u/arpotato	fnoowlh	u/UGLYSCPTATO-69	fnoo7pa	C
2020-04-17 09:43:58.993981	u/Terrabaap11	fnooxhc	u/Bruh_Bot_	fmpjdu7	C
2020-04-17 09:44:26.485911	u/Jack_W_	fnooy3p	u/SorryIdonthaveaname	fnootq3	C
2020-04-17 09:44:48.158753	u/cookie_man1751	fnooyq2	u/MrBIuee	fnohqbr	C
2020-04-17 09:45:34.224586	u/_TGT7	fnop038	u/Only1FootOfLettuce	fnohdqr	C
2020-04-17 09:45:42.979065	u/Hahahahahaha420	fnop09f	u/RepostSleuthBot	fnomaie	C
2020-04-17 09:45:48.693934	u/andersyu31415	fnop0h6	u/DreadBugle	fnobslb	C
2020-04-17 09:46:17.531380	u/blyatboi99	fnop19v	u/TheMightyBeak376	fnoot16	C
2020-04-17 09:46:52.903708	u/ragnarok69420	fnop2mx	u/Steven_BOizZ	fnohyjt	C
2020-04-17 09:46:54.802627	u/Shiny_Porygon-Z	fnop2my	u/Hammerman305	fnnm6ps	C
2020-04-17 09:46:59.327855	u/stupider4	fnop2r2	u/Catsofevilness	fnjur5r	C
2020-04-17 09:47:12.656403	u/DeathByTnT	fnop3fd	u/jensje69	fno2pea	C
2020-04-17 09:47:15.425438	u/hoi_42	fnop3od	u/Bedtyme06	fnokmxq	C
2020-04-17 09:47:28.929657	u/crazystar88205	fnop3z6	u/CuteVegetable	fnod52m	C
2020-04-17 09:47:48.838177	u/Wait_soooooooo_what	fnop4q1	u/p1a2t3r	fnom30t	C
2020-04-17 09:48:02.749591	u/kut_account_123	fnop5mv	u/layinqui	fnonzep	C
2020-04-17 09:48:15.370436	u/smiley4763	fnop659	u/philayzen	fnokcum	C
2020-04-17 09:48:29.999629	u/Potatos_are_my_life	fnop6ll	u/this_guy_zach	fnoop89	C
2020-04-17 09:48:34.716659	u/Kukuxumushu	fnop6nv	u/blockybookbook	fnont3t	C
2020-04-17 09:48:57.676074	u/Meloenenmans	fnop7uq	u/Xanda06	fnom3wa	C
2020-04-17 09:49:30.479159	u/darsenalmex	fnop95l	u/wantedmaniac	fnookaz	C
2020-04-17 09:49:32.979248	u/nadin3x_x	fnop96h	u/BORORORI	fno20pw	C
2020-04-17 09:49:45.215002	u/jgreenshields4554	fnop9se	u/satt47	fnoofzj	C
2020-04-17 09:51:02.234038	u/lejfanbejfans_farmor	fnopc2n	u/EliasHobeika	fnohqgd	C
2020-04-17 09:51:21.451618	u/TheCerealMemist	fnopcie	u/Minusfourty	fn7bf2t	C
2020-04-17 09:51:25.143786	u/Lukidaiello	fnopcnr	u/geekysandwich	g2w5u0	S
2020-04-17 09:51:40.362155	u/AdityaBiswabandhu	fnopcy3	u/Enterprise_1701_D	fnoot7n	C
2020-04-17 09:52:16.632373	u/Vebsterer	fnopdq9	u/letsjakeonit	fnopc4f	C
2020-04-17 09:52:30.817655	u/boxedmachine	fnope93	u/Kychiii	fno6pax	C
2020-04-17 09:53:12.026012	u/CummyIsTheHighGround	fnopfi9	u/htg_492	fnom0u2	C
2020-04-17 09:54:03.095667	u/RedditorZ3R0	fnopgd8	u/rahaton99	fno8j8r	C
2020-04-17 09:54:08.151245	u/Safe_Sir	fnopglm	u/doms3e	fnoml1y	C
2020-04-17 09:54:19.999349	u/yellow_itomato	fnopgz4	u/Frost__Tiger	fnolf7e	C
2020-04-17 09:54:56.339960	u/MUMBOJUMBO167	fnophtp	u/Sprodersprack	fnopa53	C
2020-04-17 09:55:11.489831	u/Yeetboi69_420	fnopi5w	u/A_casual69	fnocod3	C
2020-04-17 09:55:49.875685	u/bnastyindapaint	fnopjlp	u/rYze_CoOkEr	fnop6gd	C
2020-04-17 09:56:12.750772	u/Simon_chal	fnopklq	u/azzamsa7	fnom462	C
2020-04-17 09:56:39.490248	u/tHeNiGhTmAnCoMeTh413	fnoplpn	u/OneDerpyBoy	fnojltj	C
2020-04-17 09:56:46.137641	u/shabbykrabby	fnoplwg	u/shrek786	fnootwy	C
2020-04-17 09:56:49.500838	u/SgtBuffalo	fnoplxe	u/Jyes2005	fnophpi	C
2020-04-17 09:56:55.590378	u/LikeTheMemer	fnopm26	u/Mygmypipo	fno4guq	C
2020-04-17 09:57:11.836579	u/AhnYoSub	fnopmo6	u/TE-Lawrence1918	fnog66j	C
2020-04-17 09:57:27.999647	u/lol150123	fnopn4l	u/ThunderingSacks	g2vkjd	S
2020-04-17 09:58:07.510465	u/lil-ram	fnoqx8z	u/jackostpf	fnolwpf	C
2020-04-17 09:58:49.136313	u/PM_ME_ALL_YOU_GOT	fnoqzk6	u/Prof_Lego	fnoqtfs	C
2020-04-17 09:58:58.121849	u/sp911	fnor05v	u/JealousDog99	fnogott	C
2020-04-17 09:59:11.490986	u/FinnaFlexx	fnor0q7	u/R_rest_T	fnob2i9	C
2020-04-17 09:59:23.222863	u/ChillyPyro	fnor1fy	u/Schrutey	fnopxou	C
2020-04-17 09:59:45.502665	u/BetaRayBen	fnor2e5	u/Shroedingerzdog	fnocdo0	C
2020-04-17 09:59:48.988239	u/SimBone	fnor2mn	u/Sauce_Of_The_Grape	fnoncon	C
2020-04-17 09:59:51.171627	u/Jesus12464	fnor2te	u/dawokeinsomniac	fnoqsfb	C
2020-04-17 09:59:53.603270	u/rutars	fnor2y0	u/RpM_Feuerrm	fnoq28k	C
