2020-04-04 23:00:03.131266	u/zombodiy	fmgoytr	u/NewCrispyChickenFrie	fmgotvr	C	I
2020-04-04 23:00:06.258775	u/FBI-42069	fmgoyub	u/born-a-wolf7650	fmgovtk	C	I
2020-04-04 23:00:11.517556	u/Meisyws	fmgoyvk	u/Fantastic_Ostrich	fv5l6o	S	I
2020-04-04 23:00:19.724672	u/True_Prime	fmgoyvi	u/LupinThe8th	fmgo7dq	C	N
2020-04-04 23:00:26.975165	u/Gasterfire6	fmgoyzs	u/What-Did-I-Do-Wrong	fmghz4d	C	N
2020-04-04 23:00:42.514113	u/Miyuza	fmgoz0b	u/whothehellisjoe	fmgiv8p	C	I
2020-04-04 23:00:50.763871	u/MAGIC_EYE_BOT	fmgoz3z	u/jacksavage706	fv6ch3	S	I
2020-04-04 23:01:01.821622	u/D3US_3X_MACHINA	fmgoz5m	u/TheArcherFrog	fv1aam	S	I
2020-04-04 23:01:10.124834	u/SnapshillBot	fmgoz5s	u/AlienInUnderpants	fv6bns	S	N
2020-04-04 23:01:21.404175	u/MediumDiamond39	fmgoz6k	u/isumisum08	fmgnum4	C	N
2020-04-04 23:01:29.592616	u/RepostSleuthBot	fmgoza2	u/poorpeanuts	fmgovgj	C	I
2020-04-04 23:01:39.881611	u/MemesMod	fmgozb2	u/ivaligma	fv6ci1	S	N
2020-04-04 23:01:49.196975	u/TheRealAttacker	fmgozbw	u/astomious	fv2oqt	S	N
2020-04-04 23:01:59.109223	u/nobodycareSs1	fmgozc6	u/Muti248	fv2jg1	S	N
2020-04-04 23:02:08.273063	u/OrgasmicLeprosy87	fmgozcn	u/MC_Cheshire	fmgflpn	C	I
2020-04-04 23:02:18.656078	u/Sessoka	fmgozf3	u/DudeJude320	fv68hs	S	I
2020-04-04 23:02:28.862911	u/Khalittle_	fmgozgu	u/waitingfornewBIAgame	fmgo293	C	N
2020-04-04 23:02:40.155068	u/24pip	fmgozhs	u/ivaligma	fv6ci1	S	N
2020-04-04 23:02:48.476887	u/poorpeanuts	fmgozk1	u/lilhagan	fusekg	S	I
2020-04-04 23:02:58.080722	u/idris_spetal	fmgozwc	u/vc615923	fv2k3f	S	I
2020-04-04 23:03:07.321930	u/yeetyeer12	fmgozyn	u/MrMcYeetus	fv63c0	S	N
2020-04-04 23:03:17.570235	u/Sp1d3r0m3ga	fmgozza	u/TheToxicLogic	fv5k7b	S	I
2020-04-04 23:03:26.750354	u/MemesMod	fmgp04m	u/pythogeo	fv6cnn	S	N
2020-04-04 23:03:36.942529	u/Voxesness	fmgp056	u/Yurt_YT	fmggh2w	C	I
2020-04-04 23:04:03.956831	u/dusty2530	fmgrc0f	u/sliimmshadyy	fv2f19	S	I
2020-04-04 23:04:14.177879	u/SnapshillBot	fmgrc0t	u/sneakyclover	fv6gye	S	N
2020-04-04 23:04:23.311304	u/MemesMod	fmgrc23	u/hardore_memes	fv6qrc	S	N
2020-04-04 23:04:32.506292	u/SnapshillBot	fmgrc2k	u/AnarchySqueaks	fv6gxv	S	N
2020-04-04 23:04:42.319073	u/forensicnitr0	fmgrc4b	u/Muti248	fv2jg1	S	N
2020-04-04 23:04:51.462680	u/SnapshillBot	fmgrc4u	u/givemeyourbankdetail	fv6gx6	S	I
2020-04-04 23:05:01.609160	u/only___say--ok	fmgrc6b	u/DAKSAKO	fv6njs	S	N
2020-04-04 23:05:10.737947	u/aries21___	fmgrc91	u/CheesecakeCapo	fv5t2z	S	I
2020-04-04 23:05:21.019932	u/Linkadoodle	fmgrcc8	u/SrWoperPants	fv3at8	S	N
2020-04-04 23:05:30.166697	u/Slayer1500	fmgrcgq	u/Snowfox0819	fv6ner	S	N
2020-04-04 23:05:43.426773	u/SnapshillBot	fmgrchc	u/mrspinningtaco	fv6gce	S	N
2020-04-04 23:05:53.541633	u/SnapshillBot	fmgrciz	u/indecisiveusername2	fv6g74	S	N
2020-04-04 23:06:03.636800	u/SnapshillBot	fmgrcki	u/bishassslutasswhore	fv6g63	S	I
2020-04-04 23:06:14.753397	u/Synthetic-Toast	fmgrcqm	u/StreetReporter	fmgr9dq	C	I
2020-04-04 23:06:25.866437	u/SnapshillBot	fmgrcsr	u/FiZz_RUSH	fv6g0a	S	N
2020-04-04 23:06:36.971170	u/SnapshillBot	fmgrcuo	u/FiZz_RUSH	fv6fyc	S	N
2020-04-04 23:06:47.052581	u/SnapshillBot	fmgrcwl	u/natmatfoo	fv6fxj	S	I
2020-04-04 23:07:07.135980	u/SrWoperPants	fmgrcxm	u/Linkadoodle	fmgrcc8	C	I
2020-04-04 23:07:18.269067	u/A_Noobz	fmgrcxp	u/Zero-The-Her0	fmfco2b	C	N
2020-04-04 23:07:26.193721	u/SnapshillBot	fmgrcyn	u/Torrahcat	fv6fxh	S	N
2020-04-04 23:07:38.280269	u/MemesMod	fmgrcz0	u/deleted	fv6r19	S	N
2020-04-04 23:07:47.482817	u/SoUrPiCkEl09	fmgrcz8	u/KangarooMadness777	fuzy13	S	N
2020-04-04 23:07:59.489700	u/istrx13	fmgrczb	u/SEAHAWKSfan2007	fmgiwcb	C	N
2020-04-04 23:08:10.440050	u/YungKAP	fmgrczh	u/HappyTrees1342	fmg2wty	C	N
2020-04-04 23:08:19.634771	u/Riku_uwu_	fmgrd02	u/BlackEyedGuitarist	fus7x8	S	N
2020-04-04 23:08:30.652964	u/Downtown-Camp	fmgrd0b	u/Sandertjuh01	fmfpw74	C	N
2020-04-04 23:08:37.390361	u/Repost-Boi	fmgrd0f	u/DanIsForeverHere	fv6qa7	S	N
2020-04-04 23:08:47.141040	u/only___say--ok	fmgrd0j	u/Snowfox0819	fmgr52a	C	N
2020-04-04 23:08:55.883099	u/SnapshillBot	fmgrd0k	u/meme_me_Alone	fv6fwg	S	I
2020-04-04 23:09:07.032100	u/texazthrowd	fmgrd16	u/ErmineDev	fv26yb	S	N
2020-04-04 23:09:15.718083	u/SnapshillBot	fmgrd2h	u/itsMineDK	fv6fud	S	N
2020-04-04 23:09:27.941351	u/SnapshillBot	fmgrd4z	u/bumdiggler	fv6fn3	S	I
2020-04-04 23:09:36.825299	u/Aqua_Knight777	fmgrd5w	u/vc615923	fv2k3f	S	I
2020-04-04 23:09:46.316301	u/Georgia2347	fmgrd6c	u/malay4singh	fuyewg	S	I
2020-04-04 23:09:56.364377	u/rainbowsixsiegeboy	fmgrd87	u/yoyoboyo95	fuyqp2	S	N
2020-04-04 23:10:03.118788	u/haloblasterA259	fmgrdb3	u/pronoobot	fv2vsp	S	N
2020-04-04 23:10:04.331220	u/madman206	fmgrddd	u/thiccums42069	fv6ppd	S	I
2020-04-04 23:10:06.530552	u/SnapshillBot	fmgrdg3	u/deleted	fv6rde	S	N
2020-04-04 23:10:14.024094	u/bigpplazyguy	fmgrdgl	u/mudahfukinnnnnnnnn	fv2doy	S	I
2020-04-04 23:10:18.156235	u/baconrocx	fmgrdhm	u/jockerman01	fmg69gw	C	N
2020-04-04 23:10:26.489602	u/SnapshillBot	fmgrdi4	u/SnivyLlama	fv6rc3	S	I
2020-04-04 23:10:34.745440	u/SnapshillBot	fmgrdjt	u/deleted	fv6rbo	S	N
2020-04-04 23:10:42.956601	u/Jackwagon9	fmgrdkn	u/Fire_Squad475	fmgqpoq	C	N
2020-04-04 23:10:54.360142	u/SnapshillBot	fmgrdlj	u/deleted	fv6r8q	S	N
2020-04-04 23:11:02.914214	u/FatManZak	fmgrdm9	u/TinyRabbit2	fuzv4o	S	I
2020-04-04 23:11:13.209618	u/SnapshillBot	fmgrdnl	u/deleted	fv6r3q	S	N
2020-04-04 23:11:22.470570	u/SnapshillBot	fmgrdpm	u/uomar8	fv6r2p	S	N
2020-04-04 23:11:32.770317	u/Cookie_Crush	fmgrdqy	u/lukG-bruh_guy123_	fmfhg91	C	I
2020-04-04 23:11:41.006694	u/SnapshillBot	fmgrdrn	u/Crimeboss37	fv6r2e	S	I
2020-04-04 23:11:49.210021	u/LightStriderX	fmgrdsb	u/B_Randon222	fmgjfmb	C	I
2020-04-04 23:11:58.481933	u/aries21___	fmgrdsi	u/sonsaitama	fv5hki	S	N
2020-04-04 23:12:06.726400	u/SnapshillBot	fmgrdtt	u/DartMartYT	fv6r1e	S	N
2020-04-04 23:12:17.066921	u/SnapshillBot	fmgrdvb	u/RamblerTheGambler	fv6qzt	S	I
2020-04-04 23:12:26.273009	u/RepostSleuthBot	fmgrdvp	u/Parrythisyoucasual24	fmgr9o3	C	I
2020-04-04 23:12:37.278634	u/Vindovilles	fmgrdx4	u/Muti248	fv2jg1	S	N
2020-04-04 23:12:45.509165	u/SnapshillBot	fmgrdxc	u/Nico45426	fv6qx9	S	I
2020-04-04 23:12:53.712546	u/SnapshillBot	fmgrdyx	u/Lego_jedi_Bob	fv6qnx	S	N
2020-04-04 23:13:02.652101	u/RomanoNxs	fmgrdzf	u/ThunderingSacks	fv27ir	S	I
2020-04-04 23:13:12.900401	u/CreepyMute	fmgrdzd	u/DanIsForeverHere	fv6qa7	S	N
2020-04-04 23:13:21.142024	u/SnapshillBot	fmgre1o	u/bigboybobby6969	fv6qm8	S	I
2020-04-04 23:13:32.459038	u/SnapshillBot	fmgre3l	u/idoomi4real	fv6qhz	S	I
2020-04-04 23:13:41.629352	u/SnapshillBot	fmgre5v	u/PJA0307	fv6qgu	S	I
2020-04-04 23:13:51.490676	u/Lofted10	fmgre84	u/ThunderingSacks	fv27ir	S	I
2020-04-04 23:14:00.700543	u/SnapshillBot	fmgre9s	u/DanIsForeverHere	fv6qa7	S	N
2020-04-04 23:14:08.930033	u/rYze_CoOkEr	fmgreak	u/superbrain324	fv6cyq	S	I
2020-04-04 23:14:18.176307	u/SnapshillBot	fmgrecg	u/G0ds_militia	fv6q8e	S	I
2020-04-04 23:14:27.511694	u/StreetReporter	fmgredh	u/amenotekijara	fv4jvl	S	N
2020-04-04 23:14:38.731752	u/SnapshillBot	fmgreg7	u/drtyghttokid	fv6q1d	S	I
2020-04-04 23:14:47.880776	u/SnapshillBot	fmgrei9	u/Kingofspiders05	fv6q1a	S	I
2020-04-04 23:15:01.125984	u/DrewThePew	fmgrej2	u/catofthe9worlds	fmglks6	C	N
2020-04-04 23:15:10.340146	u/camojb0912	fmgrekl	u/simplyexplained123	fv0sup	S	I
2020-04-04 23:15:21.748963	u/jacksonjc514	fmgrekt	u/mudahfukinnnnnnnnn	fv2doy	S	I
2020-04-04 23:15:42.449768	u/SnapshillBot	fmgremc	u/I_am_That_Ian_Power	fv6psu	S	I
2020-04-04 23:15:54.687181	u/Gilgamesh2062	fmgremh	u/GameIsMyName12	fuuy3b	S	I
2020-04-04 23:16:04.748295	u/SnapshillBot	fmgreoa	u/MisterToppat	fv6ppi	S	I
2020-04-04 23:16:14.869097	u/pchinni	fmgreoh	u/equinefecalmatter	fuzkuq	S	N
2020-04-04 23:16:26.242849	u/General_Napoli	fmgrepg	u/Racing_in_the_street	fv1rtt	S	N
2020-04-04 23:16:37.240512	u/RepostSleuthBot	fmgreq8	u/Blobfishforpresident	fmgr7m4	C	I
2020-04-04 23:16:46.186095	u/SnapshillBot	fmgreqa	u/thiccums42069	fv6ppd	S	I
2020-04-04 23:16:57.204249	u/gardenbee14	fmgrerd	u/Rollanan	fv6mb2	S	I
2020-04-04 23:17:05.167194	u/AlfadorsBoggle	fmgreso	u/no_karmaman1405	fv57un	S	N
2020-04-04 23:17:16.141166	u/SnapshillBot	fmgreu1	u/JayCrizzle55	fv6peq	S	N
2020-04-04 23:17:24.104703	u/SnapshillBot	fmgrey2	u/Dragon0X	fv6p7g	S	I
2020-04-04 23:17:35.088690	u/charmandaaa	fmgrezm	u/RepostSleuthBot	fmgptd4	C	I
2020-04-04 23:17:46.624955	u/PugzPlayz	fmgrezx	u/Ifind_this_offensive	fuzgqk	S	I
2020-04-04 23:17:58.752160	u/SnapshillBot	fmgrf07	u/SnivyLlama	fv6p40	S	I
2020-04-04 23:18:09.509167	u/vc615923	fmgrf1c	u/Grandmaster_Z	fmgrbfv	C	N
2020-04-04 23:18:21.365445	u/SnapshillBot	fmgrf4o	u/tony_thefapmonster	fv6ozb	S	I
2020-04-04 23:18:33.138475	u/only___say--ok	fmgrf4k	u/accountens	fmgqy2z	C	N
2020-04-04 23:18:53.497295	u/fuzzbuzz2	fmgrf68	u/Vampierkonijn	fmfmgz1	C	I
2020-04-04 23:19:06.569601	u/SnapshillBot	fmgrf8l	u/Quija5000	fv6ooo	S	I
2020-04-04 23:19:19.324372	u/VivektheGamer	fmgrf9e	u/Muti248	fv2jg1	S	N
2020-04-04 23:19:28.556627	u/SnapshillBot	fmgrfa2	u/ib456	fv6ofm	S	N
2020-04-04 23:19:41.400186	u/SnapshillBot	fmgrfc5	u/Baba_Yaga_22	fv6o8t	S	I
2020-04-04 23:19:52.461451	u/SnapshillBot	fmgrfds	u/_pc_-_-_	fv6o6u	S	I
2020-04-04 23:20:00.672594	u/SnapshillBot	fmgrffd	u/kckid23	fv6o6g	S	N
2020-04-04 23:20:01.775060	u/Ifind_this_offensive	fmgrfg1	u/PugzPlayz	fmgrezx	C	I
2020-04-04 23:20:08.813337	u/globocide	fmgrfhq	u/justkindafloating	fv5zh2	S	N
2020-04-04 23:20:12.018715	u/SnapshillBot	fmgrfja	u/cabbagemelon	fv6nz4	S	I
2020-04-04 23:20:20.223686	u/TheLoganizer42	fmgrfjk	u/HamStapledToTrees	fmg15ln	C	I
2020-04-04 23:20:29.610720	u/RobbinCrosby	fmgrfmu	u/brohemianrasputin	fv32vi	S	I
2020-04-04 23:20:49.240819	u/cHuNgUsMoDe	fmgrfno	u/Catrock7	fmfr5m0	C	I
2020-04-04 23:21:01.089911	u/Kerberos--	fmgrfoe	u/vc615923	fv2k3f	S	I
2020-04-04 23:21:08.356414	u/G0ds_militia	fmgrfph	u/G0ds_militia	fv6q8e	S	I
2020-04-04 23:21:19.736694	u/SnapshillBot	fmgrfpz	u/Kelly240361	fv6noc	S	I
2020-04-04 23:21:39.350490	u/Joomin69	fmgrfqb	u/SrWoperPants	fmgqwvz	C	I
2020-04-04 23:21:50.712952	u/SnapshillBot	fmgrfrx	u/DAKSAKO	fv6njs	S	N
2020-04-04 23:22:00.945601	u/superbrain324	fmgrfsm	u/rYze_CoOkEr	fmgreak	C	N
2020-04-04 23:22:19.403847	u/poopi_scoopi420	fmgrfu0	u/Fnzreddit	fmgpqt9	C	I
2020-04-04 23:22:29.140605	u/dhuddjevdvudixpcpfkd	fmgrfv7	u/A_really_dumb_person	fv2yea	S	I
2020-04-04 23:22:37.410901	u/SnapshillBot	fmgrfwb	u/Snowfox0819	fv6ner	S	N
2020-04-04 23:22:47.679594	u/SnapshillBot	fmgrfyh	u/the_sumanth	fv6nda	S	I
2020-04-04 23:22:57.403518	u/Cookie_Crush	fmgrfyi	u/Cookie_Crush	fmgrbxz	C	I
2020-04-04 23:23:09.723026	u/only___say--ok	fmgrg1d	u/deleted	fv6n5w	S	N
2020-04-04 23:23:19.041945	u/supremeramenking	fmgrg1p	u/ErmineDev	fv26yb	S	N
2020-04-04 23:23:29.272855	u/SnapshillBot	fmgrg1w	u/deleted	fv6n5w	S	N
2020-04-04 23:23:38.565871	u/False_Purple	fmgrg22	u/Kiosss	fv2vb1	S	N
2020-04-04 23:23:48.772368	u/SnapshillBot	fmgrg47	u/jmjones91987	fv6n5q	S	I
2020-04-04 23:23:58.008316	u/aries21___	fmgrg5a	u/MrMcYeetus	fv63c0	S	N
2020-04-04 23:24:08.237685	u/SnapshillBot	fmgrg60	u/Can3333	fv6n3n	S	I
2020-04-04 23:24:18.420421	u/booklover67	fmgrg6c	u/BrothaJames69	fv4nis	S	I
2020-04-04 23:24:28.814870	u/Davethefrickingidiot	fmgrg7m	u/Itz_Syth	fv4zr6	S	N
2020-04-04 23:24:39.006375	u/SnapshillBot	fmgrg7w	u/Swift-nights	fv6n3c	S	I
2020-04-04 23:24:50.224517	u/SnivyLlama	fmgrg96	u/only___say--ok	fmgr4yd	C	I
2020-04-04 23:24:58.274377	u/Parrythisyoucasual24	fmgrgbu	u/RepostSleuthBot	fmgrdvp	C	I
2020-04-04 23:25:18.574655	u/GD_Hexa	fmgrgcb	u/mirthfultale	fmgrecc	C	I
2020-04-04 23:25:38.810288	u/lightblue1919	fmgrgfj	u/just-some-random-	fmgr4rg	C	I
2020-04-04 23:25:49.248500	u/gokolza	fmgrgi7	u/xinvisionx	fuslwn	S	N
2020-04-04 23:25:58.296194	u/DannyTyler95	fmgrgj9	u/samross100	fmgpefy	C	I
2020-04-04 23:26:08.342774	u/cam-nash	fmgrgjx	u/HHalogens	fmgpy52	C	N
2020-04-04 23:26:18.441179	u/SnapshillBot	fmgrgjz	u/SaltyPierre	fv6rtl	S	I
2020-04-04 23:26:27.434764	u/xXThAtKiDwYaTtXx	fmgrgmp	u/Cyane_pepper	fmgqirv	C	I
2020-04-04 23:26:37.520358	u/SnapshillBot	fmgrgn6	u/memestore101	fv6rqw	S	N
2020-04-04 23:26:47.538476	u/Master_JBT	fmgrgr3	u/MrTully23	fmgkmjh	C	I
2020-04-04 23:26:56.524129	u/JacobS_555	fmgrgs1	u/dixon_jack	fmfoqqc	C	N
2020-04-04 23:27:05.515657	u/only___say--ok	fmgrgvl	u/-eimaj-	fmgr2y7	C	N
2020-04-04 23:27:15.654172	u/ServeTheRealm	fmgrgxf	u/brohemianrasputin	fv32vi	S	I
2020-04-04 23:27:24.673603	u/SnapshillBot	fmgrgyu	u/turtlelover57	fv6rni	S	N
2020-04-04 23:27:34.740426	u/SnapshillBot	fmgrh0l	u/NakkiMonster	fv6rmf	S	N
2020-04-04 23:27:44.795365	u/RichRaichu5	fmgrh4b	u/Crimeboss37	fv6r2e	S	I
2020-04-04 23:27:53.816490	u/biggiebunches	fmgrh5b	u/Rollanan	fv6mb2	S	I
2020-04-04 23:28:12.861348	u/GD_Hexa	fmgrh5g	u/S-p-o-o-k-n-t	fmgra84	C	I
2020-04-04 23:28:22.944432	u/AutoModerator	fmgrh6a	u/rakkii_31	fv6rxn	S	N
2020-04-04 23:28:31.800047	u/Thechampion1300	fmgrh7y	u/suck_child	fmgfqp7	C	I
2020-04-04 23:28:43.342824	u/NightZKnight	fmgrhfd	u/pars-1	fv15so	S	N
2020-04-04 23:28:52.137703	u/MemesMod	fmgrhg0	u/NakkiMonster	fv6rmf	S	N
2020-04-04 23:29:01.749516	u/SnapshillBot	fmgrhgb	u/cabbagemelon	fv6ry1	S	I
2020-04-04 23:29:12.624166	u/SnapshillBot	fmgrhhv	u/osasuna	fv6rxe	S	N
2020-04-04 23:29:21.638517	u/Artyom_Saveli	fmgrhj4	u/A_really_dumb_person	fv2yea	S	I
2020-04-04 23:29:32.514712	u/SnapshillBot	fmgrhjy	u/CaliKaTastrophy	fv6rv1	S	N
2020-04-04 23:29:41.676014	u/Bennybecool	fmgrhlj	u/Cryptic_Ice	fmgpbcv	C	N
2020-04-04 23:29:50.958200	u/UpsidedownToasterBj	fmgrho6	u/SnivyLlama	fv6rc3	S	I
2020-04-04 23:30:00.267469	u/ntplays	fmgrhr7	u/mathsucks69	fv19st	S	I
2020-04-04 23:30:01.383427	u/Kingken130	fmgrhrc	u/justsitonmyfacealrdy	fmfwgzi	C	N
2020-04-04 23:30:02.585989	u/MemesMod	fmgrhum	u/memestore101	fv6rqw	S	N
2020-04-04 23:30:11.019263	u/scrotumstretcher	fmgrhut	u/am_person_not_robot	fmg8t2x	C	I
2020-04-04 23:30:19.527555	u/dullbrain	fmgrhw5	u/Itz_Syth	fv57wr	S	N
2020-04-04 23:30:28.481423	u/Etenox	fmgrhx6	u/vc615923	fv2k3f	S	I
2020-04-04 23:30:40.153446	u/xanax101010	fmgrhyo	u/Alexis-Aparicio	fv25qb	S	I
2020-04-04 23:30:46.451960	u/SnapshillBot	fmgrhyi	u/DreadArcher	fv6s16	S	N
2020-04-04 23:30:59.798866	u/shirukien	fmgri04	u/bassoonlady	fmgb9on	C	N
2020-04-04 23:31:06.045833	u/kjking1995	fmgri06	u/brohemianrasputin	fv32vi	S	I
2020-04-04 23:31:19.501075	u/SnapshillBot	fmgri0b	u/deleted	fv6rzq	S	N
2020-04-04 23:31:28.232345	u/UProgamerX1	fmgri8v	u/Fybonsize	fuzyq6	S	N
2020-04-04 23:31:40.562796	u/MemesMod	fmgridh	u/deleted	fv6rzq	S	N
2020-04-04 23:31:50.778626	u/quackabc	fmgrifr	u/TemInIt	fmgohpw	C	N
2020-04-04 23:32:01.027811	u/-McChickenNugget-	fmgriji	u/CaptMf	fmgoxh2	C	I
2020-04-04 23:32:11.352926	u/Angry20482	fmgrijz	u/DaKatos	fv5c57	S	N
2020-04-04 23:32:22.650596	u/sukkhie	fmgrili	u/godumbledork	fv655y	S	N
2020-04-04 23:32:34.017660	u/Houptie	fmgrilh	u/alexer_01	fv5k9n	S	I
2020-04-04 23:32:55.523994	u/rYze_CoOkEr	fmgrimm	u/superbrain324	fmgrfsm	C	I
2020-04-04 23:33:06.820403	u/AutoModerator	fmgrion	u/deleted	fv6s6h	S	N
2020-04-04 23:33:38.870035	u/pastell_soelli	fmgtno1	u/r3dcrayon	fmgtjpz	C	I
2020-04-04 23:33:50.333611	u/Randon-Wilston	fmgtno8	u/Ace_Trainer_Gus	fv0fj9	S	N
2020-04-04 23:34:01.501679	u/A_really_dumb_person	fmgtnqp	u/LaughyThaWickidOne	fmgthgd	C	I
2020-04-04 23:34:22.980888	u/jorge_fon123	fmgtnrt	u/toothed_mustard_jar	fmgori0	C	I
2020-04-04 23:34:34.853722	u/ImNotBlasterK	fmgtnta	u/Fybonsize	fuzyq6	S	N
2020-04-04 23:34:45.995422	u/GD_Hexa	fmgtnvu	u/Enterprise_1701_D	fmgtlta	C	I
2020-04-04 23:34:56.140273	u/B-O-R-I-S	fmgtnwc	u/fair_dinkum_arsehole	fmgtluh	C	N
2020-04-04 23:35:09.351617	u/Om3ga12172	fmgtnwx	u/-Riteman-	fmgtn1a	C	I
2020-04-04 23:35:21.560596	u/jdrocks2004	fmgto0w	u/msunfair	fv6tvg	S	I
2020-04-04 23:35:30.718349	u/ThanosTheSquirrel	fmgto1o	u/themexicoman	fv6vau	S	I
2020-04-04 23:35:41.945169	u/Cheeseboy_123	fmgto33	u/Natendrtfm	fv3ith	S	I
2020-04-04 23:35:53.114040	u/SnapshillBot	fmgto4q	u/NICKGURH6969	fv755p	S	N
2020-04-04 23:36:04.312409	u/starstorm808	fmgto4r	u/AlexBrior	fv6aa9	S	N
2020-04-04 23:36:15.627077	u/MiddleFlea	fmgto4t	u/Squachee	fv5a9a	S	N
2020-04-04 23:36:26.742310	u/SnapshillBot	fmgto73	u/rextain	fv755e	S	I
2020-04-04 23:36:36.817599	u/SnapshillBot	fmgto9o	u/iopjkk	fv754t	S	I
2020-04-04 23:36:47.968776	u/SaltyBoi669	fmgtoa2	u/Jackwagon9	fv6mku	S	N
2020-04-04 23:36:58.030033	u/SnapshillBot	fmgtoc5	u/Jackyboi42069	fv754l	S	N
2020-04-04 23:37:09.089695	u/LonelyPole	fmgtof6	u/i-have-aprox-4-bones	fmgt5jm	C	N
2020-04-04 23:37:21.161066	u/TheGaminglime79	fmgtoip	u/dhdndjdhh	fmgs9u4	C	I
2020-04-04 23:37:31.164711	u/MemesMod	fmgtor4	u/NICKGURH6969	fv755p	S	N
2020-04-04 23:37:42.122955	u/Enterprise_1701_D	fmgtora	u/GD_Hexa	fmgtnvu	C	I
2020-04-04 23:37:50.991462	u/hitara_erqing_	fmgtorw	u/Catsnakes0	fmgid3j	C	I
2020-04-04 23:38:01.334086	u/epicvan11	fmgtorr	u/NessleTheKing	fv5fl8	S	I
2020-04-04 23:38:10.352708	u/Fearless_Capital	fmgtote	u/Gandivdhari	fv74ny	S	I
2020-04-04 23:38:22.366305	u/killer-koalas345	fmgtouv	u/damaged_drifter	fmgtidf	C	N
2020-04-04 23:38:32.292750	u/EliMaxsaysSaveEarth	fmgtow6	u/TheSoulVibrators	fv3lp0	S	N
2020-04-04 23:38:52.165179	u/ReakDuck	fmgtowj	u/Noahbradley125	fmgtm49	C	I
2020-04-04 23:39:11.967311	u/Garrettb8666	fmgtowy	u/someperson877	fm5ackl	C	I
2020-04-04 23:39:21.951183	u/Bernautikus	fmgtoxi	u/Mr-360	fv4g41	S	N
2020-04-04 23:39:30.433873	u/nicolRB	fmgtozs	u/Flubernugget4305	fmfzuf2	C	I
2020-04-04 23:39:48.421985	u/Doc-paper-scissors	fmgtp1n	u/TheGoldenMinion	fmgeh7o	C	I
2020-04-04 23:39:57.866616	u/Complete_Bake	fmgtp1x	u/Shagurope	fv751l	S	I
2020-04-04 23:40:00.977961	u/Rolltop	fmgtp27	u/Derangedpinapple	fmgcn2f	C	N
2020-04-04 23:40:02.143428	u/SnapshillBot	fmgtp38	u/Squachee	fv75c2	S	N
2020-04-04 23:40:05.476980	u/youbigsnobhead5	fmgtp3x	u/amenotekijara	fv4jvl	S	N
2020-04-04 23:40:09.793879	u/mlpboss	fmgtp43	u/haliro	fv2wwt	S	N
2020-04-04 23:40:15.058587	u/Kokachi	fmgtp4v	u/Lulujuju28	fv3ig4	S	I
2020-04-04 23:40:21.913389	u/doggogodgurl	fmgtp55	u/yoyoboyo95	fuyqp2	S	N
2020-04-04 23:40:30.178848	u/SnapshillBot	fmgtp5w	u/Indicator_bul	fv75bg	S	N
2020-04-04 23:40:50.805176	u/elementalearth1234	fmgtpbg	u/Emperor_Alves	fmeyy12	C	I
2020-04-04 23:41:10.451224	u/mirage-ko	fmgtpdz	u/RepostSleuthBot	fmgtiva	C	I
2020-04-04 23:41:21.104997	u/SynCyaYT	fmgtpfs	u/mudahfukinnnnnnnnn	fv2doy	S	I
2020-04-04 23:41:41.668852	u/lazylookout99	fmgtpgn	u/Ultra_Noobzor	fmgfu20	C	I
2020-04-04 23:41:52.721833	u/fucknametakenrules	fmgtpko	u/vc615923	fv2k3f	S	I
2020-04-04 23:42:02.012425	u/SnapshillBot	fmgtpmc	u/RedFury235	fv75fz	S	I
2020-04-04 23:42:12.286745	u/SnapshillBot	fmgtpob	u/asian_boi_3000	fv75e4	S	I
2020-04-04 23:42:22.578982	u/trickshot134	fmgtpoc	u/Kamaj123	fv4kxb	S	I
2020-04-04 23:42:32.771824	u/blondie_the_abuser	fmgtpqf	u/manuelthemexicano	fmgoi7d	C	N
2020-04-04 23:42:44.868718	u/lesanepcrooks	fmgtprf	u/Philipp_01	fuywsg	S	I
2020-04-04 23:42:55.112248	u/RibbitFrog220	fmgtpro	u/theplanetisround	fv6zty	S	N
2020-04-04 23:43:05.306575	u/WWELegend316	fmgtptx	u/cheeeeeeeetos	fmgsukm	C	N
2020-04-04 23:43:15.456561	u/LaughyThaWickidOne	fmgtpy8	u/A_really_dumb_person	fmgtnqp	C	I
2020-04-04 23:43:25.649370	u/HuffyDraws	fmgtq3v	u/ItsPringles123	fmf0pmj	C	I
2020-04-04 23:43:36.075901	u/Crafty-Unit	fmgtq8a	u/Mr-360	fv4g41	S	N
2020-04-04 23:43:47.374766	u/themetaorange	fmgtqcn	u/Redditisgay123456789	fv6xpz	S	N
2020-04-04 23:43:56.537153	u/SnapshillBot	fmgtqfg	u/FalloutFan05	fv75km	S	N
2020-04-04 23:44:20.122503	u/Johnnyvezai	fmgtqg1	u/GamerGhooost	fmgsucc	C	I
2020-04-04 23:44:30.663831	u/AHHHHH-GET-THE-BOAT	fmgtqhh	u/Spicy-Samich	fv1qk3	S	I
2020-04-04 23:44:41.798692	u/Redditisgay123456789	fmgtqlm	u/AGuyInInternet	fmgt1vb	C	N
2020-04-04 23:44:51.662128	u/SpiderFlame04	fmgtqnw	u/vc615923	fv2k3f	S	I
2020-04-04 23:45:03.971571	u/italian-tacos	fmgtqnz	u/AlchemyJug	fv3iak	S	I
2020-04-04 23:45:14.248408	u/spiffygannondorf	fmgtqoc	u/Itz_Syth	fv61nz	S	N
2020-04-04 23:45:34.488040	u/RipHer25	fmgtqtb	u/Koji_Kun7	fmgry1m	C	I
2020-04-04 23:45:46.446718	u/aziz2427b	fmgtqti	u/vc615923	fv2k3f	S	I
2020-04-04 23:45:57.596917	u/SnapshillBot	fmgtqun	u/deleted	fv75le	S	N
2020-04-04 23:46:09.744930	u/MemesMod	fmgtqv2	u/FalloutFan05	fv75km	S	N
2020-04-04 23:46:19.750743	u/Cheeseboy_123	fmgtqwi	u/IronKazoo	fmgtlk3	C	N
2020-04-04 23:46:31.879088	u/T0ssB0y	fmgtr0e	u/AllPowerfulPenguin	fu9qyg	S	I
2020-04-04 23:46:43.946142	u/worlddestroyerX	fmgtr4f	u/RepostSleuthBot	fmgmvvq	C	I
2020-04-04 23:46:53.913258	u/CrystalFuzion	fmgtra8	u/SSJ-Tofu	fmfzzne	C	I
2020-04-04 23:47:19.711304	u/heis3nbergg	fmgtrah	u/GreatestJuan	fv734e	S	N
2020-04-04 23:47:30.773408	u/jake_baumgarten	fmgtrc8	u/Gandivdhari	fv74ny	S	I
2020-04-04 23:47:42.858652	u/starstorm808	fmgtrhg	u/DreadArcher	fv6s16	S	N
2020-04-04 23:47:54.799002	u/OkSlim60	fmgtrim	u/TheAcrithrope	fmgr0aw	C	N
2020-04-04 23:48:05.720099	u/MemesMod	fmgtrmc	u/deleted	fv75le	S	N
2020-04-04 23:48:18.796774	u/SnapshillBot	fmgtrmu	u/DocGerbil256	fv75sq	S	I
2020-04-04 23:48:40.480992	u/whyaremytoeswet	fmgtrnc	u/Garrett-i	fmgsnzk	C	I
2020-04-04 23:48:51.333408	u/Pacmam9197	fmgtrqe	u/connordragon10	fv586m	S	N
2020-04-04 23:49:05.848387	u/JackswatLL	fmgtrqw	u/utkubaba9581	futfxj	S	I
2020-04-04 23:49:15.527442	u/NoodleSaidSo	fmgtrsz	u/AlchemyJug	fv3iak	S	I
2020-04-04 23:49:29.058810	u/r3dcrayon	fmgtrv9	u/XxMGP160xX	fmgtmfj	C	I
2020-04-04 23:49:41.450282	u/AutoModerator	fmgts1g	u/deleted	fv75wm	S	N
2020-04-04 23:49:55.064028	u/darthsibelius	fmgts4p	u/RetroGameDays36	fv72or	S	I
2020-04-04 23:50:01.398686	u/Canopener18	fmgtsbp	u/Kourai04	fv1763	S	N
2020-04-04 23:50:02.619151	u/Lunarosa1985	fmgtsdp	u/Shagurope	fv751l	S	I
2020-04-04 23:50:07.039888	u/HornyAssBreadSticks	fmgtsdt	u/Squachee	fv5a9a	S	N
2020-04-04 23:50:10.224963	u/MemesMod	fmgtsf4	u/the_eggersource_99	fv75x5	S	N
2020-04-04 23:50:12.409418	u/AnthonyTheIntrovert	fmgtsge	u/AlissonFelipe1234	fv72p1	S	N
2020-04-04 23:50:17.563514	u/MrOtter314	fmgtsjg	u/FatpandaBitch	fmfyb4x	C	N
2020-04-04 23:50:25.999982	u/Darklight2810	fmgtsjw	u/brohemianrasputin	fv32vi	S	I
2020-04-04 23:50:32.191865	u/a_fearless_soliloquy	fmgtskh	u/tihu122	fmgp164	C	N
2020-04-04 23:50:43.585027	u/LordCoffe-kun	fmgtsl1	u/DictionaryThicc	fv6tjq	S	N
2020-04-04 23:50:52.229233	u/Ania_1233	fmgtsr9	u/Spicy-Samich	fv1qk3	S	I
2020-04-04 23:51:03.652880	u/GamerJBoy69	fmgtss4	u/TheToxicLogic	fv5k7b	S	I
2020-04-04 23:51:10.830114	u/UnstableFI0RIDAMAN69	fmgtsts	u/asbalikian	fmgmbe7	C	N
2020-04-04 23:51:22.227157	u/SnapshillBot	fmgtsuq	u/deleted	fv75z3	S	N
2020-04-04 23:51:28.852546	u/KING_BulKathus	fmgtswc	u/SrWoperPants	fv3at8	S	I
2020-04-04 23:51:48.535236	u/Cinnamon-Toast-Fuk	fmgtsxk	u/sunofsolaire21	fmgow3d	C	I
2020-04-04 23:51:59.868708	u/boocemaster_	fmgtt2a	u/ioofedmyslef	fv75pw	S	I
2020-04-04 23:52:08.039682	u/Isaiahluke40	fmgtt3v	u/xHoldenx	fmg8ztp	C	N
2020-04-04 23:52:17.270456	u/ThatEagleWithADeagle	fmgtt57	u/TheMightyBeak376	fmgrixe	C	I
2020-04-04 23:52:35.799729	u/i-have-aprox-4-bones	fmgtt63	u/LonelyPole	fmgtof6	C	I
2020-04-04 23:52:42.019861	u/MemesMod	fmgtt79	u/deleted	fv75z3	S	N
2020-04-04 23:52:54.400929	u/SnapshillBot	fmgtt8u	u/jdog479	fv760e	S	N
2020-04-04 23:53:01.284558	u/Semper-I	fmgttct	u/A_really_dumb_person	fv2yea	S	I
2020-04-04 23:53:20.726469	u/VexCex	fmgttgn	u/elonsmusketer	fmfc5to	C	I
2020-04-04 23:53:32.052889	u/RatherSmallCosmos	fmgtthz	u/Shagurope	fv751l	S	I
2020-04-04 23:53:42.250820	u/ReakDuck	fmgttl7	u/Lolgamz627	fmgd52i	C	I
2020-04-04 23:54:04.734784	u/whyaremytoeswet	fmgttn4	u/CrankyPanda241	fmgpklx	C	I
2020-04-04 23:54:13.990528	u/SnapshillBot	fmgttnk	u/IHaveFoodOnMyChin	fv764e	S	I
2020-04-04 23:54:24.542494	u/KING_BulKathus	fmgttnl	u/SrWoperPants	fv3at8	S	I
2020-04-04 23:54:36.818387	u/SnapshillBot	fmgttpp	u/EquamentaL_	fv763f	S	N
2020-04-04 23:54:44.914331	u/haliro	fmgttpy	u/mlpboss	fmgtp43	C	N
2020-04-04 23:55:06.297822	u/imreesithink	fmgttqh	u/TootleLePerson	fmgq6rd	C	I
2020-04-04 23:55:15.639897	u/TyTv	fmgttqo	u/Mr-360	fv4g41	S	N
2020-04-04 23:55:29.437884	u/Kwepsy	fmgttsv	u/pars-1	fv15so	S	N
2020-04-04 23:55:38.987492	u/Fan_With_A_Pan	fmgtttd	u/TheGreatNavjeet	fuslx1	S	I
2020-04-04 23:55:50.098732	u/Irkedibis	fmgttv2	u/depresso_espresso2	fv6y88	S	I
2020-04-04 23:56:02.168275	u/nipermanpoo	fmgttvn	u/Daveo88	fmg6yxf	C	I
2020-04-04 23:56:13.227253	u/Caboosethelad	fmgttvx	u/RedFury235	fv75fz	S	I
2020-04-04 23:56:23.201884	u/WooshIfUrPPIs1Inch	fmgtty6	u/Rusty-exe	fmfzpyu	C	I
2020-04-04 23:56:44.209533	u/Semper-I	fmgttzt	u/helvetica1291	fmgt2wf	C	I
2020-04-04 23:56:57.544087	u/mawashi-geri24	fmgtu2c	u/Muti248	fv2jg1	S	N
2020-04-04 23:57:18.347655	u/aries21___	fmgtu2t	u/itsAsiangarbage	fmgpree	C	I
2020-04-04 23:57:31.659255	u/KING_BulKathus	fmgtu88	u/SrWoperPants	fv3at8	S	I
2020-04-04 23:57:42.559918	u/RepostSleuthBot	fmgtuaw	u/20characters5	fmgtne8	C	I
2020-04-04 23:57:54.464001	u/TheOneAndOnly----	fmgtud9	u/RepostSleuthBot	fmgti7e	C	I
2020-04-04 23:58:05.338327	u/uSrNm-ALrEAdy-TaKeN	fmgtudy	u/47rampage47	fv3gnv	S	N
2020-04-04 23:58:15.204181	u/Sofia_864	fmgtuhb	u/LonelyPole	fv66mh	S	I
2020-04-04 23:58:26.114373	u/Fearless_Capital	fmgtuif	u/killer-koalas345	fv73xe	S	I
2020-04-04 23:58:38.565879	u/Karen-Redman	fmgtulg	u/Lauchomat3000	fuzdrm	S	N
2020-04-04 23:58:48.323622	u/SnapshillBot	fmgtulj	u/SavageOP	fv768f	S	N
2020-04-04 23:59:00.118844	u/5462580	fmgtuls	u/bigboybobby6969	fv6qm8	S	I
2020-04-04 23:59:10.726862	u/RepostSleuthBot	fmgtuni	u/riceveryyummy	fmgtmrn	C	N
2020-04-04 23:59:21.668433	u/WhoTFisthisdude1987	fmgtuoo	u/cam-nash	fv29yy	S	I
2020-04-04 23:59:33.188578	u/EZClapz4Dayz	fmgtupb	u/2fighter1	fmgld8z	C	I
2020-04-04 23:59:43.211733	u/algoRhythm2020	fmgtuq8	u/Libra_Maelstrom	fmgkcoc	C	N
2020-04-04 23:59:53.294703	u/Bayareavuln	fmgtus3	u/HollowB0i	fv25xf	S	N
2020-04-05 00:00:00.402514	u/sunofsolaire21	fmgtuu6	u/Cinnamon-Toast-Fuk	fmgtsxk	C	I
