2020-04-02 22:00:27.941067	u/HowDoYouInterwebs	fm9y4rm	u/mud_tug	fm8qeau	C
2020-04-02 22:00:30.311118	u/Fyrestar77	fm9y4um	u/raven080068	fm9vz29	C
2020-04-02 22:00:32.828805	u/ThatFlyBlackGuy	fm9y4x3	u/ThunderingSacks	ftyo7b	S
2020-04-02 22:00:53.057535	u/Raddz5000	fm9y5pt	u/THOTDESTROYR69	fm9gwnl	C
2020-04-02 22:01:01.604282	u/CursedKisses	fm9y63w	u/xXFuckboi6942069Xx	fm8th1r	C
2020-04-02 22:01:21.992390	u/memes-n-porn	fm9y7j2	u/DrP00nisher	fm6tl4s	C
2020-04-02 22:01:38.810355	u/Memesenpai69	fm9y8gt	u/LiamFrawley22	fm9vr11	C
2020-04-02 22:01:43.297001	u/CrandalltheVandal	fm9y8q1	u/-EzWaY-	fm8xy5p	C
2020-04-02 22:01:58.989293	u/tanjiro77	fm9y9cf	u/11annguyen	fm9ifwl	C
2020-04-02 22:02:35.548257	u/JaxsonM8	fm9ybgv	u/TheAnimatedGamingFox	fm9w0o3	C
2020-04-02 22:02:45.800880	u/ShrexyMemer69420	fm9ybtp	u/RepostSleuthBot	fm9yb5b	C
2020-04-02 22:02:51.451304	u/ImSqueakaFied	fm9ybw4	u/IAmNotDino	fm9v35r	C
2020-04-02 22:02:59.243121	u/Waitingforlunch	fm9ycc2	u/dirtbutcher	fm9xz35	C
2020-04-02 22:03:15.428855	u/jasonrodrigue	fm9ycth	u/1tsNeverLupus	fm9l17l	C
2020-04-02 22:03:25.447331	u/Dandy_the_cat	fm9yd10	u/Alex-xoxo666	fm9w0au	C
2020-04-02 22:03:35.522745	u/garvin1313	fm9ydfw	u/ReviewedMemes	fm9sw5s	C
2020-04-02 22:03:42.996570	u/ree_ving	fm9ydof	u/DP90ON	fm9867k	C
2020-04-02 22:04:23.690347	u/DioBrando_Joestar	fm9yf11	u/Kaifire941	fm9rihy	C
2020-04-02 22:04:32.488397	u/duckindonuts	fm9yfg0	u/Meowdy336	fm9y2nn	C
2020-04-02 22:05:05.544906	u/insidepassenger	fm9ygwe	u/MyDadWillComeBack	fm9j37w	C
2020-04-02 22:05:48.097679	u/dementiadory	fm9yiv7	u/z0mbieshift	fm9xa5f	C
2020-04-02 22:05:59.900854	u/SteveSettle	fm9yjkq	u/PotatoesAndChill	fm9jkez	C
2020-04-02 22:06:19.299370	u/TheBigFatBacon	fm9ykpp	u/duckindonuts	fm9yfg0	C
2020-04-02 22:06:27.575429	u/yoloindustries	fm9ylig	u/youfibbedinjanuary	fm92as7	C
2020-04-02 22:06:29.425508	u/memekumaar	fm9ylle	u/vasik153	fm601r3	C
2020-04-02 22:06:40.717564	u/DeElectricTroll	fm9yltk	u/ManDe1orean	fm9uozg	C
2020-04-02 22:06:57.304909	u/Th3-gazping_birb	fm9ymfo	u/NathanWilson2828	fm8w4v6	C
2020-04-02 22:06:59.988238	u/Jason556556	fm9ymhi	u/jackerman1235	fm9xsj8	C
2020-04-02 22:07:01.845596	u/luizfs92	fm9ymjq	u/DeMonstaMan	fm9nc34	C
2020-04-02 22:07:44.121709	u/smolnegro69	fm9yotr	u/tree-steaks	fm9ym25	C
2020-04-02 22:08:30.917075	u/cleetusyeetus25	fm9ys3d	u/mavropanos27	fm9co7d	C
2020-04-02 22:08:35.473367	u/Titan9999	fm9ysds	u/Cakemakesyoufat	fm9yhiv	C
2020-04-02 22:08:44.742733	u/MelodicMonitor	fm9yt44	u/MegaDepressionBoy	fm9q69u	C
2020-04-02 22:08:49.938192	u/Vanthtastisch	fm9yt9s	u/MicSpence	fm9u6o6	C
2020-04-02 22:09:16.778730	u/Supergator001	fm9yuzx	u/blasphemous__	fm9y6x2	C
2020-04-02 22:09:22.813439	u/JimHalpertOffice	fm9yviy	u/The_Giant_Blob	fm9ylnj	C
2020-04-02 22:09:26.744802	u/PillCosby_87	fm9yvtl	u/tizsnag	fm9f6p4	C
2020-04-02 22:09:32.035969	u/Zk_06	fm9yw0f	u/Breakfeast-Bo_23	fm9tjju	C
2020-04-02 22:09:39.290137	u/ArchetypeThe	fm9ywc4	u/RepostSleuthBot	fm9yu3q	C
2020-04-02 22:09:43.871142	u/emmilou12	fm9ywr8	u/Dandy_the_cat	fm9yurx	C
2020-04-02 22:09:48.827400	u/WutDeHeq	fm9yx71	u/Juicy1432	fm9yaed	C
2020-04-02 22:09:54.768019	u/TroubledPains	fm9yy45	u/AgentPerry07	fm54pwv	C
2020-04-02 22:10:00.084240	u/FloridaMan_29	fm9yymt	u/Zaratustrhah	fm9ywj6	C
2020-04-02 22:10:59.317385	u/Hamalan	fm9z1c0	u/bigbadbillyy	fm9hvk6	C
2020-04-02 22:11:23.457601	u/BobinskiCometh	fm9z2d2	u/Irregular_Boi	fm9so9g	C
2020-04-02 22:11:45.585569	u/ysisu	fm9z3rm	u/KingGAEMING	fm9hsf7	C
2020-04-02 22:11:51.100420	u/idHeretic	fm9z3xe	u/StevieMJH	fm9oh2s	C
2020-04-02 22:12:30.864523	u/Get_Swazzed	fm9z54w	u/Fatih719	fm98c7w	C
2020-04-02 22:12:50.675097	u/SamOBossTTD	fm9z5ts	u/DP90ON	fm9867k	C
2020-04-02 22:12:55.079430	u/Disgruntledparadox	fm9z60c	u/MyHandleisHandle	fm9xh9s	C
2020-04-02 22:12:59.203369	u/CantAffordManga	fm9z67t	u/Redd_Skyy	fm9w175	C
2020-04-02 22:13:19.472758	u/killer-koalas345	fm9z789	u/cyancode	fm9ucag	C
2020-04-02 22:13:31.044665	u/ItsSolar_	fm9z7kd	u/Kingturboturtle13	fm9rkle	C
2020-04-02 22:14:10.015632	u/andropeta	fm9z9vt	u/someonestealdmyname	fm9plaa	C
2020-04-02 22:14:14.089259	u/Crapool	fm9z9w9	u/AdolfDuckler3000	fm9z8g3	C
2020-04-02 22:15:03.814677	u/memerminecraft	fm9zc8g	u/InsaneGermanCoder	fm9w0nj	C
2020-04-02 22:15:32.090097	u/whimscailpower	fm9zdvz	u/Klendagort	fm9zct6	C
2020-04-02 22:15:41.059163	u/_-Faraday-_	fm9zele	u/kakibahan	fm9xol4	C
2020-04-02 22:15:58.699540	u/ButterChuggerEpic	fm9zfiu	u/RepostSleuthBot	fm93tp7	C
2020-04-02 22:16:46.209859	u/madcatzplayer3	fm9zg0i	u/nacholibre23	fm9dutp	C
2020-04-02 22:17:37.233210	u/Erudes11	fm9zj87	u/TheBionicleApple	fm9za3i	C
2020-04-02 22:17:52.426973	u/xIRonanIx	fm9zk6c	u/Solarburst	fm99ufb	C
2020-04-02 22:18:16.854425	u/Tapu_Boy	fm9zlbe	u/Moyeezes	fm9sqf2	C
2020-04-02 22:18:56.544035	u/GreenPlateBoi	fm9zobe	u/dummybutt2_	fm9t3c4	C
2020-04-02 22:18:58.218425	u/-Admiral--_--Updoot-	fm9zoc1	u/fuccspitt	fm9o8vh	C
2020-04-02 22:19:08.151062	u/funkshweez	fm9zp62	u/funnypornjoke	fm9nmsc	C
2020-04-02 22:19:21.801132	u/WinterSpir84	fm9zqmg	u/moe-kalong	fm9zb9w	C
2020-04-02 22:19:28.180470	u/Bradstreet1	fm9zr9k	u/LuckyAceBlue	fm9y95v	C
2020-04-02 22:19:36.311402	u/XRocksome	fm9zrkm	u/MafiaHen	fm8klzk	C
2020-04-02 22:19:42.420669	u/Whodahellisyou	fm9zs4g	u/teriyaki_sandwich	fm946mt	C
2020-04-02 22:19:56.232277	u/AussieScotsman12	fm9ztik	u/Reeeedit_User	fm9z95u	C
2020-04-02 22:19:59.755046	u/ProBenji	fm9ztuc	u/Dedede-02	fm9yra9	C
2020-04-02 22:20:01.247769	u/NSmett24	fm9ztx7	u/xXFuckboi6942069Xx	fm8th1r	C
2020-04-02 22:20:08.775717	u/Icy_ToiletPaper	fm9zu0b	u/Zafk13l	fm9y98w	C
2020-04-02 22:20:19.892504	u/Madein_Debauchery	fm9zuey	u/jl0xd	fm9zm6n	C
2020-04-02 22:20:36.899064	u/purpleturtlehurtler	fm9zv5c	u/dimmiii	fm9z3z5	C
2020-04-02 22:20:39.276155	u/The-Electrolyzer	fm9zv5r	u/Respect_Paying_Bot	fm9zqbw	C
2020-04-02 22:20:50.979832	u/Axcel-Wozniak	fm9zvg8	u/NicamanXvenia	fm9sw1f	C
2020-04-02 22:21:45.935906	u/doomedtobeme	fm9zy1e	u/Hairbear04	fm9pzep	C
2020-04-02 22:22:05.606516	u/pjgcat	fm9zytj	u/Joe-MaMa5	fm9immv	C
2020-04-02 22:22:07.809447	u/TooAngryForYou	fm9zyv0	u/meowmere12	fm9tgpf	C
2020-04-02 22:22:39.533283	u/CorruptBurst	fm9zzv8	u/Tader1112	fm9ylw0	C
2020-04-02 22:22:43.873716	u/Jamstroxian	fm9zzwc	u/Durmath	fm91z9f	C
2020-04-02 22:22:56.325859	u/AtelierNan	fma00lj	u/godememesbuddy	fm9zrbj	C
2020-04-02 22:23:15.872995	u/Official_Avocado	fma01h3	u/Fluffiddy	fm9s93w	C
2020-04-02 22:23:21.401901	u/SilverSamuel	fma01v6	u/Tox6ix	fm9eigp	C
2020-04-02 22:23:34.436140	u/Data_Meme	fma02hr	u/mrgopher17	fm9ujk9	C
2020-04-02 22:24:43.700718	u/4ninawells	fma06av	u/JoshR52	fm9yfu1	C
2020-04-02 22:25:18.556407	u/ihopeyoudieofaids	fma08ej	u/a-a-dude	fma061o	C
2020-04-02 22:25:20.633278	u/Danilw	fma08lr	u/WutDeHeq	fm9yx71	C
2020-04-02 22:25:35.397964	u/ksenyanarkevich	fma09ge	u/MatSonic99	fm9mn37	C
2020-04-02 22:25:40.232120	u/Everything10101	fma09lz	u/GreenyMcReddit2	fm9i54n	C
2020-04-02 22:25:44.135663	u/Wetraisin00	fma09rz	u/Crapool	fm9zif8	C
2020-04-02 22:26:36.244418	u/Gee_Thanks_Karen	fma0c8e	u/Bannedhour	fm9orxx	C
2020-04-02 22:27:07.397212	u/nightjar55	fma0d8b	u/NotStreamerNinja	fm9usj3	C
2020-04-02 22:27:10.809038	u/Mightygamer96	fma0df3	u/PottedRosePetal	fm9as13	C
2020-04-02 22:27:31.903974	u/Coldest-Oxygen	fma0ect	u/Username-Taken-01	fm9xx6a	C
2020-04-02 22:27:43.783681	u/notcreative234	fma0fg4	u/RealZesky	fm9uolq	C
2020-04-02 22:28:04.985366	u/that_Random_Dude24	fma0glr	u/DeapoolsConscience	fm9ndsn	C
2020-04-02 22:28:15.035396	u/daviddavidtwice2	fma0gzn	u/_Xand0n_	fm1scgn	C
2020-04-02 22:28:24.943918	u/DistinctDate9	fma0h5t	u/Raptor2464	fm9x126	C
2020-04-02 22:28:31.808965	u/alchemywiz	fma0h95	u/DP90ON	fm9867k	C
2020-04-02 22:28:36.043447	u/Little_Runmo	fma0hbf	u/nightwing33989	fm9yxxp	C
2020-04-02 22:28:38.826669	u/GuzmaBeast13	fma0hi1	u/Patrick_Bot2	fm9y7ic	C
2020-04-02 22:28:49.330110	u/90_oi	fma0hxx	u/AramushAAHH	fm9kptb	C
2020-04-02 22:29:03.633934	u/dwigtschrutebbbg	fma0ij3	u/Moyeezes	fm9sqf2	C
2020-04-02 22:29:08.285635	u/Rojaen9	fma0iy3	u/lopilopli	fm9alrm	C
2020-04-02 22:29:34.863986	u/WolfRix311	fma0koa	u/DiamondDragon63	fm95qnn	C
2020-04-02 22:29:42.336693	u/SRSGhost	fma0lta	u/Jjabrahams567	fm9s9h8	C
2020-04-02 22:29:47.763240	u/kabiskac	fma0m5w	u/Significant-Software	fm9hj35	C
2020-04-02 22:30:13.865007	u/chicnstu21	fma0oq5	u/kristallglad	fma0go0	C
2020-04-02 22:30:18.234099	u/MatthewGleeson14	fma0otn	u/A_Suicidal_Friend	fm9ghja	C
2020-04-02 22:30:37.069759	u/Rocket3431	fma0peh	u/Cazuzle	fm988v2	C
2020-04-02 22:30:42.071884	u/Pretend-Impress	fma0pif	u/xImZenthixX	fm9qo69	C
2020-04-02 22:31:13.893309	u/ChainMan1	fma0qx5	u/LTBT03	fm9z65k	C
2020-04-02 22:31:39.811583	u/Swagjaw10	fma0ryr	u/OstentatiousSock	fm9o0rt	C
2020-04-02 22:31:43.227373	u/TheSameGamer651	fma0rzz	u/H0mlezz	fm9j01m	C
2020-04-02 22:32:56.850021	u/the_memeist21l	fma0vqm	u/DBahker	fm9fw7n	C
2020-04-02 22:32:59.087530	u/YungChildSupportYSC	fma0vqy	u/Wetraisin00	fma0o6w	C
2020-04-02 22:33:01.363024	u/jerrymousehorsecock	fma0vrt	u/Doubletap-v02	fma00y9	C
2020-04-02 22:33:08.599832	u/Jay_Artist708	fma0w2z	u/Additional_Werewolf	fm9v8c4	C
2020-04-02 22:33:15.412670	u/Dabber0	fma0wf9	u/-Void-152	fm9udqh	C
2020-04-02 22:33:23.960629	u/beancakes33	fma0wt6	u/DP90ON	fm9867k	C
2020-04-02 22:33:57.534298	u/cuksukk	fma0yph	u/immaloafofbread	fma0qyj	C
2020-04-02 22:34:13.788032	u/Kyunjoku	fma0zqp	u/Out_of_Context_Info	fma0kjh	C
2020-04-02 22:35:17.857779	u/SkyGliderGamer	fma1278	u/tizsnag	fm9g1rl	C
2020-04-02 22:35:43.081487	u/notacooleagle	fma13oa	u/nightwing33989	fm9zavt	C
2020-04-02 22:35:59.435117	u/The1stmadman	fma14si	u/kmfdhirnezeg	fm9xj69	C
2020-04-02 22:36:29.008892	u/sdgm09	fma16cq	u/Sykes49	fm9jzm8	C
2020-04-02 22:36:30.861967	u/benevolentyeets	fma16fa	u/erka1004	fm85obo	C
2020-04-02 22:36:46.791887	u/rowapair	fma1764	u/Hairbear04	fm9pzep	C
2020-04-02 22:37:02.177569	u/contacts_eyes	fma184d	u/eeveeplays50040	fm9hq1e	C
2020-04-02 22:37:05.014461	u/RabbitFush	fma18an	u/SkywalkerSW5	ftzr8q	S
2020-04-02 22:37:10.511029	u/jorgitish	fma18k6	u/mavropanos27	fm9co7d	C
2020-04-02 22:37:31.269431	u/Lkirk54	fma19bk	u/Icy_ToiletPaper	fm9zu0b	C
2020-04-02 22:38:07.534296	u/Scenario_mellol	fma1b2b	u/James0130_05	fma198v	C
2020-04-02 22:38:20.940735	u/Supermelvinfell	fma1bih	u/Sykes49	fm9jzm8	C
2020-04-02 22:38:27.113628	u/Jimbo_391	fma1bnf	u/ZbrojovkaBRNO	fma18op	C
2020-04-02 22:38:30.364523	u/PeytonBuffalo	fma1bqv	u/ten-no	fma0svd	C
2020-04-02 22:38:33.435828	u/StannisSama	fma1bvx	u/lovehockey41	fm9z231	C
2020-04-02 22:38:34.978801	u/Dragon_Slayer2005	fma1bx8	u/Dragontooth15	fm96sm7	C
2020-04-02 22:38:51.728342	u/VajrayakshaKesari	fma1dcp	u/RandommRedditUser	fm85odm	C
2020-04-02 22:39:08.089923	u/AChungus	fma1e9k	u/Captm_obvious	fm96fmy	C
2020-04-02 22:39:12.230025	u/bananaman8920	fma1eid	u/RepostSleuthBot	fm9ef7u	C
2020-04-02 22:40:03.231883	u/dam_connor	fma1j69	u/AutoModerator	fm8964h	C
2020-04-02 22:40:09.107476	u/AnimePussy_	fma1jd2	u/Jokty	fma1a6z	C
2020-04-02 22:40:17.459394	u/GhostTheHunter64	fma1juh	u/grizhe1	fm9plla	C
2020-04-02 22:41:02.325205	u/jackinfire06	fma1lqo	u/Respect_Paying_Bot	fma0r3a	C
2020-04-02 22:41:29.527503	u/Mesa17	fma1ml1	u/TeaAndCrumpets4life	fm9zcp4	C
2020-04-02 22:41:42.844211	u/c4t_prsn	fma1n1b	u/vobsvids32	fm9uj3b	C
2020-04-02 22:42:25.751298	u/PixelgamerSquirrel	fma1p63	u/vobsvids32	fm9uj3b	C
2020-04-02 22:44:10.677386	u/snombomb	fma1tef	u/DannyTyler95	fma1pj1	C
2020-04-02 22:44:32.546017	u/MikeWasoskiRock	fma1ukd	u/SweatPig77	flru2mn	C
2020-04-02 22:44:35.581975	u/aberrantforestcat	fma1umd	u/DamienPotato488	fm9miq7	C
2020-04-02 22:44:40.669211	u/swarmlord19	fma1ut5	u/AhsokaLived	fma1a32	C
2020-04-02 22:44:54.862191	u/jb-dom	fma1vi0	u/RepostSleuthBot	fm94fqk	C
2020-04-02 22:44:58.867968	u/Bellinics	fma1vmw	u/Can-Opener1939	fm9j8lw	C
2020-04-02 22:45:06.297902	u/xd_pickel00	fma1vxb	u/BT13YT	fma1lwn	C
2020-04-02 22:45:08.275484	u/Valetic	fma1vz0	u/EbicBoi	fm9zqcx	C
2020-04-02 22:45:11.319797	u/PSTuares	fma1w7y	u/SerketyIcedTea	fma00mi	C
2020-04-02 22:45:42.923307	u/Kronomancer_	fma1y42	u/Dragonborn100	fm8qpw4	C
2020-04-02 22:46:41.836395	u/RoscoMan1	fma21ik	u/Crapool	fm9yysu	C
2020-04-02 22:46:44.576425	u/Zepyrtucky	fma21mt	u/Vaultboy474	fm9efhu	C
2020-04-02 22:46:47.480110	u/Craimbow	fma21pn	u/ApolloThecode	fma1uv0	C
2020-04-02 22:46:49.354264	u/Potato_on_Kyle	fma21x7	u/KastroNauto	fm7r2ha	C
2020-04-02 22:46:54.813959	u/CoolCarrot34750	fma22a7	u/IntrovertedMiner	fma10ku	C
2020-04-02 22:47:20.259731	u/A_GreenDumpster	fma23fm	u/xXSonikkXx	flwh8qg	C
2020-04-02 22:48:03.915290	u/hok98	fma2694	u/eeveeplays50040	fm9hq1e	C
2020-04-02 22:48:07.923875	u/MoneyOverValues	fma269z	u/self-hating_hippo	fm8co2b	C
2020-04-02 22:48:30.117631	u/SrGasMan	fma27ga	u/RepostSleuthBot	fm9phvz	C
2020-04-02 22:48:33.017632	u/DsterGames	fma27gz	u/Hairbear04	fm9pzep	C
2020-04-02 22:48:45.336359	u/Flamestirke	fma27xx	u/PopeFrancisLXIX	fm8gr3i	C
2020-04-02 22:48:47.682049	u/Shayan951	fma282k	u/Fluffiddy	fm9s93w	C
2020-04-02 22:48:59.102450	u/I-dont-need-one-now	fma289j	u/TeoShek02	fma0yhb	C
2020-04-02 22:49:16.354180	u/some_random_meme_boi	fma29hj	u/Ningi_8	fma261g	C
2020-04-02 22:49:21.265636	u/NotApedo1Swear	fma2acq	u/TheRandomMaster800	fma1gmv	C
2020-04-02 22:49:43.060947	u/Krabz503	fma2c0s	u/hotpotatodude	fma126u	C
2020-04-02 22:49:43.993364	u/SquanchOne	fma2c0z	u/enderscytheyo	fma265r	C
2020-04-02 22:49:52.473374	u/DrEva_Braun	fma2d9c	u/aberrantforestcat	fma1umd	C
2020-04-02 22:50:00.309649	u/Reyortsedemag	fma2e0c	u/Soggy_doggy123	fma0zue	C
2020-04-02 22:50:06.218334	u/Peen_Weinerstien	fma2e75	u/Onyx_Rafle	fma0dsu	C
2020-04-02 22:51:34.009846	u/WombatZeppelin	fma2i9u	u/Yeet_Master420	fm9yyqz	C
2020-04-02 22:51:38.558132	u/Uncooked_Pillows	fma2iiu	u/DrumsFromDemaOnYT	fm9ixqe	C
2020-04-02 22:51:49.548306	u/overlord_silik	fma2ivx	u/secondtoasterintub	fm9v7hw	C
2020-04-02 22:51:55.318945	u/polarigina1	fma2j52	u/SZDXN	fm9co3y	C
2020-04-02 22:52:17.378268	u/dws4prez	fma2k3s	u/Solarburst	fm99ufb	C
2020-04-02 22:52:32.464518	u/XanthosAlpha	fma2l60	u/wulf15	fma0ge1	C
2020-04-02 22:53:03.579932	u/crazykashew	fma2mkk	u/TheZordLord	fm9cf0p	C
2020-04-02 22:53:26.187661	u/Metralhador05	fma2n8i	u/Geoclasm	fm9v7b9	C
2020-04-02 22:53:53.895669	u/woot_de_fook	fma2ojd	u/LondonLmao	fma22be	C
2020-04-02 22:53:57.056273	u/KevinsnotFunny	fma2oot	u/moderately_nerdifyin	fma2524	C
2020-04-02 22:54:42.528740	u/skeletoneg	fma2q6t	u/jackinfire06	fma1lqo	C
2020-04-02 22:55:11.130164	u/AbsolutelyOrchid	fma2r28	u/chunky_fungus	fma203f	C
2020-04-02 22:55:13.215480	u/elgoblinopenguino	fma2r2c	u/ritualofsamurai	fm9onqg	C
2020-04-02 22:55:24.256581	u/Fit-Comb	fma2rim	u/Lord_Nyarlathotep	fm9x4mr	C
2020-04-02 22:56:21.861702	u/Drako_Maxer	fma2t49	u/xjffkhx	fma2mse	C
2020-04-02 22:56:34.794208	u/ZAVVVVV23	fma2tni	u/Ningi_8	fma1mqu	C
2020-04-02 22:56:41.163605	u/ryujin_saberu	fma2tzl	u/epicchezburger	fm9tut1	C
2020-04-02 22:56:49.242018	u/TheWaterboatman	fma2uik	u/Sucidal_Fingers	fm9mfay	C
2020-04-02 22:57:15.912390	u/Cool-kid-man-child	fma2vmz	u/CorruptedCCG	fma2brs	C
2020-04-02 22:57:20.922456	u/momonga213123	fma2vu8	u/The1stmadman	fma14si	C
2020-04-02 22:57:31.135994	u/voidingbladder	fma2w6k	u/JonkersTwix	fm9kwuh	C
2020-04-02 22:57:56.455029	u/gobbler6000	fma2xpl	u/Moyeezes	fm9sqf2	C
2020-04-02 22:58:13.955241	u/sloth5576	fma2y9b	u/Wetraisin00	fma1hd7	C
2020-04-02 22:58:18.939908	u/duckenthusiast17	fma2yl0	u/Meowdy336	fm9y2nn	C
2020-04-02 22:58:25.550156	u/Kyriessecretbbymama1	fma2yvt	u/snombomb	fma1unl	C
2020-04-02 22:58:56.530492	u/GabeMI75	fma30hl	u/RepostSleuthBot	fma2n3d	C
2020-04-02 22:59:23.059445	u/BodegaDaddy	fma31kf	u/That-One-Nerd-There	fm9vfgn	C
2020-04-02 22:59:33.110349	u/Ethanplayz2	fma326o	u/Redd_Skyy	fm9nx8t	C
2020-04-02 22:59:55.595129	u/Titaniumspyborgbear	fma34om	u/CorruptedCCG	fma2wg6	C
