2020-04-13 04:00:12.193264	u/Threedog_ger	fn99zjf	u/Gorogorgo-chan	fn99lsu	C
2020-04-13 04:01:03.561789	u/Garrrzus	fn9a109	u/AbsolutMaverik	fn8z9u4	C
2020-04-13 04:01:33.535597	u/imkindaserious	fn9a22x	u/MaximaBlink	fn8kpeq	C
2020-04-13 04:02:01.852229	u/ColdLaK	fn9a34o	u/HiIamanoob_01	fn9a17c	C
2020-04-13 04:02:10.733195	u/broooooe	fn9a3fs	u/except_accept	fn8n4qa	C
2020-04-13 04:02:27.824069	u/Mealtreat	fn9a43f	u/bunnywithahammer	fn98ccs	C
2020-04-13 04:02:51.763170	u/powerfulKRH	fn9a43b	u/smileythesmiley	fn8n6zb	C
2020-04-13 04:04:21.184486	u/samsonofabeach	fn9a7d3	u/Weierstrash1999	fn97a0p	C
2020-04-13 04:05:02.013930	u/------------5	fn9a8zj	u/LogicalPhilosopher33	fn90p6p	C
2020-04-13 04:05:50.791185	u/Snwl_dev	fn9aa0i	u/VarianWrynn2018	fn9a73f	C
2020-04-13 04:06:04.756801	u/Distposal	fn9aazq	u/delastbalrog	fn8rniz	C
2020-04-13 04:06:15.862243	u/gumblemutt	fn9ab7z	u/Ceres-Venus	fn9aahz	C
2020-04-13 04:06:27.053302	u/Thorlynn	fn9abtd	u/jaydon1219	fn9a6bz	C
2020-04-13 04:06:45.336628	u/Tohulyf	fn9abuv	u/Bruh_Bot_	fn99ory	C
2020-04-13 04:06:52.671454	u/Thelegitcrip	fn9acj8	u/fmg1508	fn98dfa	C
2020-04-13 04:06:56.071565	u/Maxmalefic9x	fn9aclk	u/Lmaowhatismyname	fn997jm	C
2020-04-13 04:08:04.438020	u/SaiCharan456	fn9af42	u/KitaSmp121	fn92ej2	C
2020-04-13 04:08:27.333459	u/RevertBackwards	fn9afnq	u/LinkBrecken	fn8v3pm	C
2020-04-13 04:08:29.564112	u/Jabronskyi	fn9afse	u/snowballicious	fn974ya	C
2020-04-13 04:09:00.368192	u/werries238	fn9agm1	u/CroissantkingVII	fn96c0x	C
2020-04-13 04:09:22.848931	u/Scratch_This-	fn9ahhw	u/imsohungrydude	fn95uz0	C
2020-04-13 04:11:12.374286	u/CrY0g4n1C	fn9akr9	u/WallyTheWelder	fn9a7cm	C
2020-04-13 04:11:54.631639	u/TheDougio	fn9amlt	u/XdRockyxd	fn9a8gp	C
2020-04-13 04:12:00.103372	u/profuprofas112	fn9amp6	u/RiZeN_PaRaDoX	fn9a34d	C
2020-04-13 04:12:56.187451	u/shibarak	fn9an29	u/Unexpected_Shrew	fn97v3b	C
2020-04-13 04:13:02.861122	u/DidiAsk946	fn9anpx	u/Bruh_Bot_	fn9a5bx	C
2020-04-13 04:13:11.530089	u/RadzWasTakenRE	fn9ante	u/Tohulyf	fn9aj64	C
2020-04-13 04:13:35.783781	u/rokas34	fn9aosv	u/weirdhoe69	fn9a5g3	C
2020-04-13 04:13:39.954729	u/MisWojtek	fn9aoy3	u/Tohulyf	fn9ao3a	C
2020-04-13 04:13:43.142940	u/nimama70	fn9ap06	u/RepostSleuthBot	fn9a01r	C
2020-04-13 04:14:03.911445	u/expendable117	fn9aq2c	u/modern_problems	fn97xva	C
2020-04-13 04:15:05.533578	u/Robaz535	fn9as4c	u/Finboror	fn7qwyp	C
2020-04-13 04:15:13.662764	u/Jacobson123	fn9as6c	u/Unirrsall_Meatball	fmdx29c	C
2020-04-13 04:15:37.205369	u/TheIntoxicatedViper	fn9ataz	u/The_Real_JohnnyRicky	fn8rz4u	C
2020-04-13 04:15:48.693350	u/LostTornado	fn9atny	u/Electro_Romania	fn7vyfy	C
2020-04-13 04:15:57.565475	u/Alex-_-Vo	fn9atso	u/adithyadas430	fn8qidf	C
2020-04-13 04:16:13.918717	u/Strakk012	fn9aupc	u/Antruvius	fn90wmd	C
2020-04-13 04:16:23.945279	u/Nirinol	fn9av5i	u/bigthinkmemes69	fn8hbge	C
2020-04-13 04:17:31.503327	u/ArcticMuser	fn9ax8h	u/TheRetroFlowey	fn9auly	C
2020-04-13 04:17:35.932119	u/SilverWolf1776	fn9axed	u/roolinheart	fn9agjo	C
2020-04-13 04:17:42.893322	u/sawshark2000	fn9axvj	u/AK24ROCKS	fn999le	C
2020-04-13 04:18:13.029120	u/Sir-Dijon	fn9ayll	u/SlikeSpitfire	fn9a4hz	C
2020-04-13 04:18:33.115585	u/nickolaygo52	fn9az6h	u/RageMemesAreTheBest	fn8umjy	C
2020-04-13 04:18:50.775777	u/Snwl_dev	fn9azzo	u/NaniZaWarudo	fn9ay5q	C
2020-04-13 04:20:04.063075	u/Zedderine	fn9b2bs	u/Wesk333	fn8inlm	C
2020-04-13 04:21:03.902114	u/TNY78	fn9b48o	u/boobiebuy	fmzjmpk	C
2020-04-13 04:21:26.445958	u/Death_guard_guy	fn9b510	u/soccerislife1469	fn7z6a2	C
2020-04-13 04:21:35.223937	u/ErMagno	fn9b2md	u/TimX24968B	fn7wzmb	C
2020-04-13 04:21:40.787595	u/Alex-_-Vo	fn9b49q	u/The_Great_Roberto	fn8ouci	C
2020-04-13 04:21:52.219047	u/JillandherHills	fn9b5c7	u/Gaudy3747	fn8gssd	C
2020-04-13 04:21:57.947653	u/a-bad-username1	fn9b5k4	u/RepostSleuthBot	fn9b2p7	C
2020-04-13 04:22:00.152346	u/Pookthebannedlegend	fn9b5r8	u/erenayar5	fn99yfu	C
2020-04-13 04:22:05.751160	u/h4Ck3D001	fn9b5wd	u/ThePhantomRaven	fn6w814	C
2020-04-13 04:22:45.901201	u/CasminMania	fn9b73a	u/a-a-dude	fn9a7c1	C
2020-04-13 04:23:20.722312	u/--Aidan--	fn9b57u	u/roolinheart	fn9agjo	C
2020-04-13 04:23:30.332137	u/bluffcityprincess	fn9b8qw	u/MarziapieGoals	fn92znc	C
2020-04-13 04:24:27.396410	u/Alex-_-Vo	fn9bam0	u/Zachary-Pozhotonov	fn97b6t	C
2020-04-13 04:24:37.294917	u/VoteMoonMan	fn9bao5	u/jackerman1235	fn9b9u2	C
2020-04-13 04:24:50.899726	u/-any-person-	fn9bb0v	u/AwesomeFlorian	fn9a1as	C
2020-04-13 04:24:58.389244	u/Deadfox1313	fn9bb6g	u/gumblemutt	fn9azzr	C
2020-04-13 04:25:06.092975	u/KnatkTroll	fn9bbla	u/SatansCatfish	fn93ip2	C
2020-04-13 04:25:11.808830	u/HeadLiceEnthusiast	fn9bbtb	u/VajrayakshaKesari	fn96qm1	C
2020-04-13 04:25:39.018536	u/Arkalat	fn9bd23	u/except_accept	fn8n4qa	C
2020-04-13 04:25:59.709997	u/ankaro	fn9bdl5	u/commentreposthuman	fn8uui1	C
2020-04-13 04:26:10.817250	u/Hazakurain	fn9be52	u/Tohulyf	fn9a8qk	C
2020-04-13 04:26:13.409241	u/iyaoyas1	fn9be6s	u/karaapina	fn97nno	C
2020-04-13 04:26:18.863391	u/montyp2000	fn9bejt	u/XdRockyxd	fn99rmf	C
2020-04-13 04:26:26.804228	u/AmitYoel	fn9bav9	u/RiZeN_PaRaDoX	fn9an6y	C
2020-04-13 04:26:40.823091	u/AHHHHH-GET-THE-BOAT	fn9bf13	u/Eytherzea	fn8wjpk	C
2020-04-13 04:27:52.926047	u/Misharena	fn9bhh8	u/a-bad-username1	fn9b5k4	C
2020-04-13 04:28:05.515918	u/Kclawalreadytaken	fn9bhf7	u/Vega_Paradox	fn7wroq	C
2020-04-13 04:28:13.579810	u/le_its_me	fn9bhyv	u/TheNicktab	fn89okb	C
2020-04-13 04:28:23.193214	u/Jamesym100	fn9bihi	u/titankiller84	fn8uvwf	C
2020-04-13 04:28:30.132473	u/NoahTheFence	fn9bimd	u/WelcometoP-Town	fn86nvv	C
2020-04-13 04:28:36.386936	u/rubygem23	fn9bj0g	u/ExploitFlakes	fn834cx	C
2020-04-13 04:29:04.049516	u/Andrew_O_Shaughnessy	fn9bjht	u/delastbalrog	fn8p1d2	C
2020-04-13 04:29:28.015585	u/Outrageous_Fishing	fn9bkav	u/Mo2gen	fn68o7c	C
2020-04-13 04:29:39.258300	u/Flayff	fn9bkm1	u/except_accept	fn8n4qa	C
2020-04-13 04:29:52.672280	u/Abe_james	fn9bl5x	u/dat_random_boiii	fn9bk8s	C
2020-04-13 04:30:25.110283	u/prabhukimaya	fn9bm61	u/Tyman2323	fn98d7y	C
2020-04-13 04:30:27.431875	u/RIKUB0I	fn9bm7t	u/Laremyunsil	fn8c0lg	C
2020-04-13 04:30:29.794852	u/ugayifyouwooshme	fn9bm9o	u/AmitYoel	fn9bj30	C
2020-04-13 04:30:33.806422	u/puglord_1000	fn9bmas	u/RiZeN_PaRaDoX	fn96w9t	C
2020-04-13 04:31:20.751945	u/ididilaudid	fn9bntq	u/Datruedabking	fn996st	C
2020-04-13 04:32:31.581300	u/Giboit	fn9bq87	u/istrx13	fn90cer	C
2020-04-13 04:33:16.353331	u/Blazko_McTav	fn9bqo5	u/Bruh_Bot_	fn9bovu	C
2020-04-13 04:34:27.473265	u/Mr__Fluid	fn9btim	u/TORTOISE4LIFE	fn8wuhp	C
2020-04-13 04:34:30.659102	u/A_Normal_Fish	fn9btl9	u/RIPtrololkeeyan	fn9bocc	C
2020-04-13 04:35:21.124008	u/gryus	fn9bvcx	u/RepostSleuthBot	fn9bqyu	C
2020-04-13 04:35:38.169675	u/GoldGab	fn9bvyb	u/Kubera-372	fn95kah	C
2020-04-13 04:35:40.063409	u/InternationalGlass6	fn9bvys	u/DailyTomato	fn94p38	C
2020-04-13 04:35:53.280073	u/The-Real-Rorschakk	fn9bwhh	u/RiZeN_PaRaDoX	fn9buok	C
2020-04-13 04:36:44.734438	u/Colinyourmom	fn9bv8g	u/Tyrondav-of-hypergat	fn9b9pg	C
2020-04-13 04:36:58.957408	u/iamgarlic	fn9bytv	u/RepostSleuthBot	fn9bwbf	C
2020-04-13 04:38:46.255472	u/alawadhi42069y15	fn9c1g4	u/A_Cultured_Man	fn9bvcc	C
2020-04-13 04:39:04.914296	u/PancakeFarts19	fn9c22p	u/Kelly_Miles	fn94bfu	C
2020-04-13 04:39:31.552751	u/Aftab18	fn9c3g9	u/RepostSleuthBot	fn98bjj	C
2020-04-13 04:39:44.150120	u/greatfriendinrome	fn9c47n	u/Julien2701	fn8zt28	C
2020-04-13 04:40:08.592749	u/CrisuVaan	fn9c4id	u/UUYTK	fn9bs40	C
2020-04-13 04:40:39.242502	u/shaneelmehta	fn9c5u1	u/rance_kun	fn9bcjv	C
2020-04-13 04:40:51.728719	u/HowsoParty	fn9c62n	u/JamesLeeThunder	fn9c3f8	C
2020-04-13 04:40:58.958993	u/theCmachine	fn9c68b	u/erickurn	fn8demz	C
2020-04-13 04:41:06.101810	u/SimWim00	fn9c6hs	u/RiZeN_PaRaDoX	fn9c46o	C
2020-04-13 04:41:31.121626	u/Creeper_Loop	fn9c76q	u/Blackd3athstar	fn8rd6p	C
2020-04-13 04:41:39.991814	u/VendettaSunsetta	fn9c7gg	u/RepostSleuthBot	fn8tge1	C
2020-04-13 04:41:54.722203	u/QueenDelphine69	fn9c7s7	u/Sweatytowelz	fn8sbpa	C
2020-04-13 04:41:58.075983	u/SamTurvill	fn9c7t7	u/nickolaygo52	fn9az6h	C
2020-04-13 04:42:02.581727	u/Ian_R101	fn9c85c	u/Kostel34	fn9c62c	C
2020-04-13 04:42:10.985278	u/RnA_Ghost	fn9c8b3	u/RiZeN_PaRaDoX	fn9c6sq	C
2020-04-13 04:42:21.206989	u/Ppppooottato	fn9c8wb	u/Firethrow13	fn9bnin	C
2020-04-13 04:42:26.581815	u/rarlei	fn9c8yy	u/Manzar534	fn9bx0u	C
2020-04-13 04:42:36.435975	u/og_math_memes	fn9c9d5	u/HeckAryan	fn97z9v	C
2020-04-13 04:42:49.744485	u/bullYmaster69	fn9c9pr	u/modern_problems	fn999l9	C
2020-04-13 04:43:04.199952	u/StereotypicalNerd666	fn9ca3y	u/adithya_menon	fn8y1ho	C
2020-04-13 04:43:14.214445	u/Tricky_Shake	fn9caag	u/vaanavan	fn8wt5n	C
2020-04-13 04:43:18.578758	u/ministerxyz123	fn9cag8	u/djjoshi69	fn96tge	C
2020-04-13 04:44:08.053399	u/LadyAutumnFoxx	fn9cce6	u/Gage62	fn8wxjj	C
2020-04-13 04:44:52.374123	u/MrMango369	fn9cdw4	u/Mister_Posting	fn9ca8c	C
2020-04-13 04:44:57.789397	u/reddragon38	fn9ce4g	u/JFonseth	fn942pu	C
2020-04-13 04:45:00.916979	u/watchfrog_liverpool	fn9ce9y	u/LTBT03	fn9afmy	C
2020-04-13 04:45:47.424107	u/RoHeat3504	fn9ceuy	u/AlkinooVIII	fn9bvf7	C
2020-04-13 04:45:57.013552	u/Tmfwang	fn9cfh1	u/Theotakushenanigans	fn95ksk	C
2020-04-13 04:46:01.963887	u/yooz2714	fn9cfpu	u/iS3ed	fn99h6z	C
2020-04-13 04:46:06.043955	u/NuttyDuckyYT	fn9cfsy	u/Bruh_Bot_	fn9c6ga	C
2020-04-13 04:46:09.022507	u/LemonPoopyDumpling	fn9cfug	u/CENDOLGAN	fn99nx6	C
2020-04-13 04:46:20.376608	u/NotYourSaviour2	fn9cgbp	u/Joshicool2075	g0ewvu	S
2020-04-13 04:47:01.907598	u/Squid9576	fn9ci2r	u/brobrobro123456	fn7t0ca	C
2020-04-13 04:47:07.842587	u/TheInfinytiPlayer	fn9ciaq	u/casteliacitysax	fn7rgxr	C
2020-04-13 04:47:09.658352	u/Judas_Bishop	fn9cibm	u/gospo_gospo	fn9auwi	C
2020-04-13 04:47:16.036530	u/NikaBlazing	fn9cil4	u/RepostSleuthBot	fn8xu1r	C
2020-04-13 04:47:19.428914	u/RedditorCole	fn9cinj	u/LeCoronavirus	fn7mums	C
2020-04-13 04:47:41.274429	u/MarkkusM	fn9ch4a	u/McPapu1402	fn97m0a	C
2020-04-13 04:47:46.578434	u/_PrathamShah_	fn9cj0d	u/AwesomeFlorian	fn99xji	C
2020-04-13 04:48:35.499471	u/NikaBlazing	fn9cl22	u/KingRhoamOfHyrule	fn99z9c	C
2020-04-13 04:48:52.121893	u/No1CaresAboutUrName	fn9cl57	u/Vimri	fn86i0d	C
2020-04-13 04:49:01.944632	u/deedlebagglet	fn9clx4	u/Shaggy_Poop	fn9a0tq	C
2020-04-13 04:49:24.110656	u/KIT-OwMyWenis-KAT	fn9cmsq	u/MCServerHoster	fn8a8zq	C
2020-04-13 04:49:32.871944	u/mysticalunderpants	fn9cn5h	u/djjoshi69	fn96tge	C
2020-04-13 04:49:50.850728	u/mysticalunderpants	fn9cnov	u/RiZeN_PaRaDoX	fn96w9t	C
2020-04-13 04:50:50.389633	u/_jungleleaf	fn9cpco	u/Isizzz	fn9c76z	C
2020-04-13 04:51:39.706618	u/shrek328	fn9cqyx	u/1_Nysosis_1	fn9cdq4	C
2020-04-13 04:52:16.271698	u/SSJ_Neon	fn9cs2r	u/i-dont-fuckin-knoe	fn97xcg	C
2020-04-13 04:52:25.157457	u/EthanIsBored	fn9csd8	u/I-want-do-die	fn9ab2b	C
2020-04-13 04:53:23.547381	u/Jmrk2001	fn9ctn4	u/Theotakushenanigans	fn93kmu	C
2020-04-13 04:53:44.515365	u/svndor	fn9cuf8	u/Parcus42	fn99n9c	C
2020-04-13 04:54:03.196419	u/Dacia1320S	fn9cv1q	u/Stop_you	fn8h7kj	C
2020-04-13 04:54:15.552294	u/duckswearcrocs	fn9cvar	u/AndoGaming	fn9cduy	C
2020-04-13 04:54:24.023707	u/tf2janedoe	fn9cvkg	u/James232006	fn8xklf	C
2020-04-13 04:54:34.698426	u/vorvierkeinbier	fn9cvu7	u/Potatoking6942026	fn6qmgx	C
2020-04-13 04:54:49.015825	u/TheRealLoofapalooza	fn9cw8x	u/Holiday_Volume	fn9csix	C
2020-04-13 04:56:13.594519	u/Bogdan_CB	fn9cyjn	u/thebestroll	fn9ccuj	C
2020-04-13 04:56:19.873675	u/jellyserenebean	fn9cyq3	u/2ndMouseGetsCheese	fn9cpv5	C
2020-04-13 04:56:47.642921	u/Bio_Powered	fn9czks	u/Lenosel	fn96ri9	C
2020-04-13 04:56:55.821772	u/Funnyusername6	fn9czp6	u/AK24ROCKS	g0f49p	S
2020-04-13 04:57:12.908897	u/trashy-nb-emo	fn9d0gh	u/Bruh_Bot_	fn9awou	C
2020-04-13 04:57:18.302435	u/ptatersptate	fn9d0mb	u/Tyman2323	fn98d7y	C
2020-04-13 04:57:44.132469	u/lulucmy	fn9d1nj	u/RepostSleuthBot	fn9d1ed	C
2020-04-13 04:57:55.725793	u/ioeypro	fn9d27r	u/Mabyacommunist	g0cwgb	S
2020-04-13 04:58:23.292461	u/thatRussiankiddo	fn9d3ak	u/thebutinator	fn9cxu1	C
2020-04-13 04:58:24.875913	u/carbonat38	fn9d3cd	u/Tyman2323	fn98d7y	C
2020-04-13 04:58:39.169846	u/SMS_Novara	fn9d3v9	u/Nicedoodle	g0f6a3	S
2020-04-13 04:58:45.078216	u/tobajaraz	fn9d44z	u/rance_kun	fn9bcjv	C
2020-04-13 04:59:27.980021	u/sycon_ball	fn9d5ql	u/mister_dead_inside	fn85xzb	C
2020-04-13 04:59:54.159142	u/NotBennyBoy	fn9d6w1	u/ExploitFlakes	fn9d3hi	C
2020-04-13 05:00:04.957153	u/SirAeroz	fn9d715	u/yeetboi_2000	fn9akzv	C
