2020-04-09 00:00:02.828867	u/DerpDragonKing	fmv2hfi	u/Oliver2112	fmt3o4g	C
2020-04-09 00:01:00.197328	u/fuushiba	fmv2jj0	u/negitivekarmawhore	fmuzwp1	C
2020-04-09 00:01:05.423874	u/arolfs15	fmv2jpj	u/BeetleBug0803	fmui8aa	C
2020-04-09 00:01:31.015067	u/SchPeti	fmv2kl3	u/DankDucko77	fmsy88u	C
2020-04-09 00:03:17.875455	u/KamJack7289	fmv2okb	u/Bootiluvr	fmu8w21	C
2020-04-09 00:03:56.327192	u/Potato_Games	fmv2q3v	u/The_Blue_Pantha	fklzywz	C
2020-04-09 00:04:07.711706	u/subatomicbukkake	fmv2qjc	u/jmulderr	fmusxc3	C
2020-04-09 00:04:24.586488	u/MaiNameBestNam3	fmv2r7h	u/Xukay333	fmlmpwb	C
2020-04-09 00:04:30.295467	u/LEEWCHAHA	fmv2rav	u/Demon11721	fmv24tn	C
2020-04-09 00:04:49.400894	u/noobhannah	fmv2swe	u/Anarchocommunism	fmv2gqw	C
2020-04-09 00:06:01.936700	u/technodoki	fmv2xm0	u/lutzy89	fmuwtne	C
2020-04-09 00:07:03.206974	u/rootymooty666	fmv30p7	u/dash2731	fmuras1	C
2020-04-09 00:07:10.406724	u/Litandsexysidious	fmv310o	u/Boberttheboss	fmueke1	C
2020-04-09 00:07:46.231760	u/algebra1025	fmv331g	u/AreYouApprochingMe	fmuzv7v	C
2020-04-09 00:07:52.442556	u/xanneonomousx	fmv3364	u/ImContributing3	fmv127a	C
2020-04-09 00:07:56.506500	u/lizhorcajo	fmv33ez	u/Haws919	fmv2v4b	C
2020-04-09 00:08:15.829398	u/SupremeMemeRegime	fmv34f9	u/DanKou237	fmu0o0c	C
2020-04-09 00:08:53.451131	u/TheCartoonBoy	fmv36j7	u/lizhorcajo	fmv3268	C
2020-04-09 00:09:20.289172	u/smileyarin	fmv383q	u/reeeeonreeee	fmv31u5	C
2020-04-09 00:09:48.141653	u/Bradycolson1	fmv3aml	u/AtomicTitan101	fmut9ve	C
2020-04-09 00:09:59.071646	u/uhtredofbeb	fmv3bt7	u/SomberKlepto	fmthu0l	C
2020-04-09 00:10:42.004488	u/A-Pinto-Bean	fmv3dtj	u/rnd0musr	fmv3cw6	C
2020-04-09 00:11:04.635012	u/Inspire69420	fmv3efu	u/Anarchocommunism	fmv2hvw	C
2020-04-09 00:11:38.120624	u/raincity360	fmv3fpx	u/salamanderp915	fmuommz	C
2020-04-09 00:12:05.206142	u/ZamboniDriveby	fmv3gu8	u/Sam_le_potato	fmv39aq	C
2020-04-09 00:12:16.834716	u/gaben-elite	fmv3h2m	u/dude_above_me_is_gay	fmuv5sf	C
2020-04-09 00:12:20.526518	u/SCRedWolf	fmv3h7b	u/my-love-come-back	fmusq8l	C
2020-04-09 00:12:42.923349	u/raincity360	fmv3hz0	u/Fae_Scrael	fmv13hn	C
2020-04-09 00:13:40.668239	u/riddledhawk	fmv3krr	u/GabeB0415	fmv2ero	C
2020-04-09 00:14:14.561269	u/Cendeu	fmv3mlf	u/Miami199	fmv3czd	C
2020-04-09 00:14:29.828431	u/rafikis_blue_ass	fmv3nmu	u/leftshoelace136	fxi35w	S
2020-04-09 00:17:01.754019	u/Plushboi7	fmv3txi	u/Salasm227	fmv0ovn	C
2020-04-09 00:17:03.547433	u/sarcasmbirthedme	fmv3u0m	u/RageAgainstFurries	fmv0tl5	C
2020-04-09 00:17:12.191551	u/Walterod	fmv3uif	u/RoboJesus4President	fms4gs3	C
2020-04-09 00:17:18.478294	u/jordo-91	fmv3uw9	u/IIIlllIIIlllIIIEH	fmv066j	C
2020-04-09 00:17:52.834276	u/BrokenGlasz	fmv3x1o	u/dude_above_me_is_gay	fmuv5sf	C
2020-04-09 00:18:18.622540	u/Lachi3FC	fmv3ypi	u/Itzyaboikris	fmus4iz	C
2020-04-09 00:18:22.995403	u/SatanV3	fmv3z1k	u/dash2731	fmuras1	C
2020-04-09 00:19:07.331489	u/GeorgieTheThird	fmv41h5	u/hazelpaladin157	fmuspv6	C
2020-04-09 00:19:15.536377	u/mrnicedude12	fmv41yx	u/MonkeyClause	fms9ssv	C
2020-04-09 00:19:22.568539	u/starkrises	fmv42bv	u/Shadow0414BR	fmv3z1r	C
2020-04-09 00:19:24.452394	u/Uggums	fmv42ez	u/Bruh_Bot_	fmv21mq	C
2020-04-09 00:19:32.040134	u/J3fbr0nd0	fmv431n	u/starkrises	fmv3gnh	C
2020-04-09 00:19:43.505113	u/Avatar-Wolf-Link	fmv43y4	u/Theguyofri	fmuz8ch	C
2020-04-09 00:19:57.291544	u/BlandManBun	fmv45n6	u/disgruntledcrayfish	fmu03zf	C
2020-04-09 00:20:00.256869	u/esreveRnIefiL	fmv46b1	u/Aya-Bodhisattva	fmuty3b	C
2020-04-09 00:20:18.929506	u/Sushimus	fmv46yy	u/a_bby_drkmnd	fmurdsp	C
2020-04-09 00:20:38.132324	u/Sushimus	fmv47xk	u/haviles04	fmuruqs	C
2020-04-09 00:20:55.735062	u/BirchyField	fmv485w	u/Gilldroth_elvendorf	fmv0ybe	C
2020-04-09 00:20:58.049087	u/Sushimus	fmv487o	u/Gee_Thanks_Karen	fmuxn8t	C
2020-04-09 00:21:03.296266	u/JohnnyAppleseed9892	fmv488p	u/rocketboi1505	fmv29az	C
2020-04-09 00:21:08.032782	u/Sushimus	fmv48c9	u/TennisADHD	fmuyr97	C
2020-04-09 00:21:11.563813	u/Sushimus	fmv48i2	u/ACloakedEagox	fmuyo6t	C
2020-04-09 00:22:02.078537	u/Sushimus	fmv4al5	u/Respect_Paying_Bot	fmuugw5	C
2020-04-09 00:22:32.821397	u/Sushimus	fmv4blr	u/Gnomes3xfetish	fmuv9r4	C
2020-04-09 00:22:36.086144	u/Sushimus	fmv4bsd	u/Dyllon_Spicy	fmuvj6e	C
2020-04-09 00:23:37.042097	u/SlapstickShane	fmv4dnn	u/GAMING-STUPID	fmuyyz2	C
2020-04-09 00:23:45.977380	u/altnumberfour	fmv4e4u	u/cpsmith	fmv0ece	C
2020-04-09 00:23:50.010759	u/DerpyDemonArts	fmv4eou	u/teekay_1994	fmuqeu7	C
2020-04-09 00:23:57.915338	u/hdx2020	fmv4eyu	u/AlainaGo	fmur1of	C
2020-04-09 00:24:24.747199	u/VxbhE	fmv4fwe	u/RepostSleuthBot	fmv19qf	C
2020-04-09 00:24:26.900406	u/sam79-5	fmv4g19	u/THICCBOI42069XD	fmt16qv	C
2020-04-09 00:25:15.173559	u/msn0mr	fmv4i73	u/Smooth_Pimpz	fmuyh3k	C
2020-04-09 00:26:03.122712	u/432down	fmv4ke2	u/Foulbasket	fmuz4sk	C
2020-04-09 00:26:17.905299	u/Jesus-kid	fmv4kzx	u/chazzelton94	fmuzf0n	C
2020-04-09 00:26:51.828822	u/bigfatgato	fmv4mnl	u/Disco_Tempo	fmv4il5	C
2020-04-09 00:27:01.149550	u/thefakevortex	fmv4n4j	u/RepostSleuthBot	fmuwjah	C
2020-04-09 00:28:05.084583	u/bosoxtoker119	fmv4q09	u/Ron5683	fmv4kx2	C
2020-04-09 00:29:08.820459	u/solojones1138	fmv4tuy	u/genjaminfranklin	fmv43z7	C
2020-04-09 00:29:10.611628	u/fredymods1234	fmv4twu	u/thetabo	fmsla2m	C
2020-04-09 00:29:40.577386	u/alyxthedeer	fmv4xx7	u/harsterr	fmv4uaf	C
2020-04-09 00:29:50.676209	u/mystith	fmv4yl8	u/HAPPY-BIRTHDAY-RAVEN	fmv4h23	C
2020-04-09 00:30:21.398740	u/Mr_Gaming_HM_YT	fmv51dm	u/Hemlock_Deci	fmv4b23	C
2020-04-09 00:31:39.420299	u/ImInfiniti	fmv5406	u/toomuchtACKtical	fmv3hkc	C
2020-04-09 00:31:45.482529	u/BigballerBrett	fmv546l	u/GAMING-STUPID	fmuyyz2	C
2020-04-09 00:32:28.867070	u/JUST399TODAY	fmv55t5	u/thisnameisnotorg	fmul976	C
2020-04-09 00:32:38.893569	u/JUST399TODAY	fmv56he	u/JUST399TODAY	fmv55t5	C
2020-04-09 00:32:54.336010	u/weeninja1	fmv571q	u/TheAirNomad11	fmueya5	C
2020-04-09 00:33:10.531511	u/gotmilo11	fmv57ra	u/RealHuman3001	fmugf66	C
2020-04-09 00:33:19.299223	u/XxcoolstorexX	fmv581i	u/StalinSecond	fmu53wf	C
2020-04-09 00:34:55.015880	u/PunnyGeo	fmv5a6t	u/r3dcrayon	fmur9dt	C
2020-04-09 00:35:52.945385	u/mermaid-babe	fmv5bha	u/bigfatgato	fmuffve	C
2020-04-09 00:37:02.948151	u/yoimnate	fmv5dfk	u/SatanV3	fmv3z1k	C
2020-04-09 00:37:07.171080	u/GordonSwordon	fmv5dra	u/IIIlllIIIlllIIIEH	fmv066j	C
2020-04-09 00:37:12.678216	u/Montana_Joe	fmv5dx8	u/uwu-dealer	fmv4ixx	C
2020-04-09 00:37:38.448542	u/ReceivedBeans007	fmv5ev0	u/Willmo3	fmtc1e1	C
2020-04-09 00:37:51.761633	u/Anon_exposed	fmv5fpb	u/VaporonX64	fmv5b63	C
2020-04-09 00:38:00.161812	u/BiggityWapBap	fmv5fv5	u/VaporonX64	fmv5b63	C
2020-04-09 00:38:18.961654	u/anthonythei42	fmv5gu0	u/alsoyou	fmv4hci	C
2020-04-09 00:38:24.579016	u/billnyetheanimalguy	fmv5h82	u/bigfatgato	fmuffve	C
2020-04-09 00:38:29.305175	u/Jysgy	fmv5hg6	u/_-god-	fmv4xxl	C
2020-04-09 00:38:38.729433	u/lolyccp0	fmv5hky	u/PM-me-your-tits-thot	fmuurl4	C
2020-04-09 00:39:06.997878	u/AegisEpoch	fmv5j4a	u/bigfatgato	fmuffve	C
2020-04-09 00:39:31.575243	u/101st_kilometre	fmv5kxe	u/Shadow0414BR	fmv4ccy	C
2020-04-09 00:39:33.076536	u/CookieRisa	fmv5la1	u/Hype-Beast-Joe	fmsvlcz	C
2020-04-09 00:39:37.469906	u/Pyffel	fmv5lle	u/cpsmith	fmv0ece	C
2020-04-09 00:39:40.089354	u/killersquash	fmv5m1h	u/Bronc_masters	fmv4oyf	C
2020-04-09 00:39:49.268264	u/CookieRisa	fmv5n1j	u/SuperSic5846	fmsw4dt	C
2020-04-09 00:39:50.489984	u/ObsiArmyBest	fmv5n9j	u/bigfatgato	fmuffve	C
2020-04-09 00:39:55.117349	u/Starlynn_a_yes	fmv5nfv	u/kid-whyvern	fmv173g	C
2020-04-09 00:40:27.653740	u/dortuh	fmv5p3v	u/Bruh_Bot_	fmut509	C
2020-04-09 00:41:02.679261	u/Shark_Train	fmv5qrk	u/Bruh_Bot_	fmv509b	C
2020-04-09 00:41:59.852127	u/milkyOwU	fmv5sia	u/VaporonX64	fmv5b63	C
2020-04-09 00:44:13.476962	u/Monpop1014	fmv5xkc	u/Respect_Paying_Bot	fmutvz3	C
2020-04-09 00:44:42.623472	u/4air_enough	fmv5yir	u/wedstrom	fmuybmr	C
2020-04-09 00:44:49.532597	u/Bigdaddybigmac24	fmv5yz6	u/rocketboi1505	fmv5tii	C
2020-04-09 00:46:49.702373	u/Pksavage21	fmv62w1	u/Montana_Joe	fmv5dx8	C
2020-04-09 00:47:05.673899	u/Substitute-_-Teacher	fmv63bg	u/StoopidSmort	fmv61bs	C
2020-04-09 00:47:31.762851	u/uponAthonk	fmv64p2	u/Kubera-372	fmv3qpr	C
2020-04-09 00:47:49.850466	u/pro_zach_007	fmv65ug	u/yourgotopyromaniac	fmv0vwo	C
2020-04-09 00:48:39.249128	u/Aduanich	fmv690h	u/Branchy28	fmuy0sg	C
2020-04-09 00:48:40.620660	u/MikeySkates	fmv692l	u/ER1s69	fmv64qy	C
2020-04-09 00:48:49.880734	u/Moe_le-Itouchkids	fmv69zf	u/CulturalMushroom6	fmv32hf	C
2020-04-09 00:48:54.688942	u/BogBogyIsSad	fmv6a6s	u/Franco1234567890	fmv4id7	C
2020-04-09 00:48:59.433953	u/uponAthonk	fmv6aua	u/Kubera-372	fmv688b	C
2020-04-09 00:49:52.551214	u/Eeveenings	fmv6eau	u/usedbananadildo	fmv25pn	C
2020-04-09 00:49:53.431670	u/RainL2408	fmv6efr	u/darvesdanormy	fmv5pqt	C
2020-04-09 00:49:59.819024	u/Pikhachu	fmv6f4w	u/jordo-91	fmv3uw9	C
2020-04-09 00:50:01.591701	u/NI9TFIVE	fmv6f75	u/Malalang	fmv64o5	C
2020-04-09 00:50:23.780834	u/osinnycakes69	fmv6gd8	u/Gnomes3xfetish	fmuzx9b	C
2020-04-09 00:50:37.752481	u/Antiscribe69	fmv6gpd	u/TRT22222	fmv6erf	C
2020-04-09 00:51:03.287368	u/osinnycakes69	fmv6hah	u/ACloakedEagox	fmv058x	C
2020-04-09 00:52:17.794874	u/nico_nico_nya	fmv6jxk	u/FearfulKnight1	fmv5th2	C
2020-04-09 00:52:21.972091	u/-ron_jon-	fmv6k1c	u/GAMING-STUPID	fmuyyz2	C
2020-04-09 00:52:50.211816	u/u_wot456	fmv6l57	u/SatanV3	fmv3z1k	C
2020-04-09 00:54:59.592885	u/TheIceBoy2	fmv6ouv	u/Respect_Paying_Bot	fmutvz3	C
2020-04-09 00:55:35.564764	u/9-Times	fmv6qen	u/yoimnate	fmv5dfk	C
2020-04-09 00:56:57.607692	u/randoeverting	fmv6t3m	u/gotanx1	fmv6qgg	C
2020-04-09 00:57:07.588978	u/Temp_Account_School	fmv6thg	u/Aoki_88	fmtpa6i	C
2020-04-09 00:58:53.920221	u/aratnagrid	fmv6yto	u/Hazrtine	fmv3gkh	C
2020-04-09 00:59:24.631537	u/BSSR_v2	fmv70to	u/WhyAmIUsingThis1	fmutxv8	C
2020-04-09 00:59:35.586542	u/fn1225	fmv720b	u/rocketboi1505	fmv6ye6	C
2020-04-09 00:59:51.796267	u/LoVy999	fmv73gj	u/rocketboi1505	fmv6qpx	C
2020-04-09 00:59:59.245506	u/DEVAiANT_17	fmv74pg	u/WilliamRoblox01	fmv73ws	C
2020-04-09 01:00:00.223628	u/whhhhaaaatrrrr	fmv74ww	u/da-meme-guay	fljqhbd	C
