2020-04-02 02:00:32.868917	u/angry_catto	fm6yfon	u/pattiPoda	fm6xjhh	C
2020-04-02 02:00:48.628783	u/MicSpence	fm6yg4f	u/Percentage_069	fm6yemo	C
2020-04-02 02:01:31.781075	u/flozic	fm6yii3	u/05Lidhult	fm6vfna	C
2020-04-02 02:01:35.192042	u/3hatxh	fm6yijq	u/ilovepolthavemybabie	fm6xrk2	C
2020-04-02 02:01:53.571792	u/Kotawolf45455454	fm6yja7	u/PickleBob397	fm6yina	C
2020-04-02 02:02:15.914415	u/loli_boy	fm6ykfx	u/yeetlazarlazarb0i	fm6yfg6	C
2020-04-02 02:02:27.826847	u/KeXXXeT	fm6ylb8	u/GeorgianWineCooler	fm6y9p6	C
2020-04-02 02:02:57.162884	u/Auntimommy	fm6ymgs	u/DeafDuckling12	fm6qima	C
2020-04-02 02:04:17.620925	u/Merk121	fm6yoyy	u/Akshar_r	fm6yktr	C
2020-04-02 02:04:21.995683	u/R3333PO2T	fm6yp5k	u/SoberReddit_Bot	fm6dnpg	C
2020-04-02 02:04:25.111808	u/Kriaten1	fm6yp6y	u/DeadMan-Walkin	fm6y1t1	C
2020-04-02 02:04:58.235346	u/scubahood86	fm6yqhd	u/CatsAndCreamCheese	fm6xxhg	C
2020-04-02 02:05:11.589037	u/CptCrunch83	fm6yrad	u/scubahood86	fm6yebf	C
2020-04-02 02:05:13.619062	u/Pokechapp	fm6yrav	u/dipust	fm6wy5y	C
2020-04-02 02:05:27.936688	u/1Awesome12345	fm6yrzn	u/Blueman1357	fm62ffe	C
2020-04-02 02:05:38.098656	u/55555Pineapple55555	fm6yslm	u/Sale_the_Redditor	fm6yat2	C
2020-04-02 02:06:10.104602	u/DarkM4ss	fm6ytkc	u/lanicol7	fm6y8j5	C
2020-04-02 02:06:15.766002	u/marjooy	fm6ytzh	u/SlavBoy47	fm6wtfd	C
2020-04-02 02:06:17.622606	u/andypro77	fm6ytzm	u/CptCrunch83	fm6yedf	C
2020-04-02 02:07:05.024732	u/Carsondo1	fm6ywd5	u/DoxBox	fm6xkra	C
2020-04-02 02:07:15.550146	u/mydogisblack9	fm6yxao	u/f3lhorn	fm6rsu0	C
2020-04-02 02:07:48.973539	u/Zakuvo	fm6yylk	u/Arrowboi420	fm6ushw	C
2020-04-02 02:08:04.795442	u/Hazy_Nights	fm6yz4u	u/J_C_Wizard49	fm6rpxx	C
2020-04-02 02:08:06.348255	u/Cardona_ONEotaku	fm6yz6s	u/Kriaten1	fm6yp6y	C
2020-04-02 02:08:20.963122	u/ethanparab	fm6yztm	u/CrysisRequiem	fm6wh01	C
2020-04-02 02:08:40.896549	u/6Bella-Tricks9	fm6z0gp	u/Blueman1357	fm62ffe	C
2020-04-02 02:08:55.746595	u/baldurFromRoom29	fm6z0v9	u/50_percent_battery	fm6x65r	C
2020-04-02 02:09:35.435218	u/lost_chapstick_	fm6z2d7	u/AReditor1104	fm6xyx8	C
2020-04-02 02:10:40.698228	u/ProbablyStupidAF	fm6z5kx	u/Dislike24	fm6qsae	C
2020-04-02 02:10:46.600136	u/predator5421	fm6z5mi	u/Bergengod	fm5ou3s	C
2020-04-02 02:11:29.713913	u/mamadpri	fm6z71b	u/Sammythe_Boi	fm6z46h	C
2020-04-02 02:11:38.888078	u/ShaRkk05	fm6z77h	u/Nyctophilite	fm6ytnb	C
2020-04-02 02:12:00.104372	u/Damion2017	fm6z7qt	u/Nyctophilite	fm6yslt	C
2020-04-02 02:12:23.224230	u/saddbonkyboi	fm6z88j	u/Gimbard	fm6m42c	C
2020-04-02 02:12:28.553659	u/ssslifer	fm6z8fl	u/TwistedWolf667	fm6wkga	C
2020-04-02 02:13:17.345803	u/UniCodere	fm6za6r	u/Adventurous_Guy	fm6xz12	C
2020-04-02 02:13:24.167926	u/hamsandwicha6	fm6zaaw	u/KingOfTheHillAK	fm6yqqi	C
2020-04-02 02:13:33.858413	u/proironicsoviet	fm6zamy	u/derpy-pangolin	fm6z9q5	C
2020-04-02 02:13:45.031019	u/jyoti_6727	fm6zayj	u/-whocaresaboutapathy	fm6wtmj	C
2020-04-02 02:15:04.362308	u/Sprinklesnek	fm6zdl6	u/TheHiddenToad	fm6zcfo	C
2020-04-02 02:15:16.232550	u/Alemoncake	fm6ze6z	u/PickleBob397	fm6z9f7	C
2020-04-02 02:15:24.284055	u/the-lazy-sloth	fm6zeex	u/marjooy	fm6zcw0	C
2020-04-02 02:15:42.671246	u/Dyljim	fm6zf5y	u/xXEragonTheEldestXx	fm6z66m	C
2020-04-02 02:15:47.549389	u/feckbread	fm6zfo8	u/kitkatmb	fm6udwo	C
2020-04-02 02:15:52.491525	u/sturdybison74	fm6zfu9	u/Yeetblep	fm6v6j0	C
2020-04-02 02:16:07.452906	u/grim_hunter	fm6zghw	u/bruh-bruh_bruh	fm6y6sh	C
2020-04-02 02:16:09.401365	u/gimme_them_cheese	fm6zghx	u/endmyfrickinglife	fm50elo	C
2020-04-02 02:16:22.391771	u/Juggernaut432600	fm6zha4	u/vinayjrao	fm6zdve	C
2020-04-02 02:16:42.966071	u/Spicy_Bolitas	fm6zhz4	u/mariana96as	fm6u0f6	C
2020-04-02 02:16:51.772209	u/vaasdestructo1	fm6zicv	u/tropkis	ftditf	S
2020-04-02 02:16:58.334443	u/DElectrix	fm6zilu	u/Advaithca	fm6gbt4	C
2020-04-02 02:17:25.736069	u/gio-gio-pen	fm6zjn8	u/MicSpence	fm6zgud	C
2020-04-02 02:18:00.087339	u/diviken	fm6zksf	u/mariana96as	fm6vbry	C
2020-04-02 02:18:04.270915	u/mrkevman	fm6zkwb	u/Oliver_Armstrong	fm6ykb1	C
2020-04-02 02:18:12.225001	u/paint___	fm6zl6q	u/Laydia4093	fm6ix91	C
2020-04-02 02:18:19.195763	u/Lunarus_	fm6zldz	u/scubahood86	fm6yqhd	C
2020-04-02 02:18:22.728873	u/Whypozzapaxxels	fm6zlin	u/chunky_fungus	fm6ur4c	C
2020-04-02 02:18:31.666609	u/Cedric_Leroux	fm6zmdv	u/Advaithca	fm6zce0	C
2020-04-02 02:19:07.070118	u/A_Hallucigenia	fm6zo1q	u/roasted_0reo	fm6z5c9	C
2020-04-02 02:19:09.443117	u/mini_trost	fm6zo3o	u/baby-Joker5000	fm54h6w	C
2020-04-02 02:19:25.954766	u/The_Void_Speaketh	fm6zou7	u/jstrom657	fm6c2to	C
2020-04-02 02:19:40.956244	u/AbdulAzizAnbar	fm6zpou	u/Rick-roller--	fm6i07n	C
2020-04-02 02:19:43.842836	u/xxkarenxx69xx420	fm6zq15	u/mrttzmn	ft6a7h	S
2020-04-02 02:19:46.574615	u/RedLightSpecialist	fm6zqas	u/expresso_petrolium	fm6y7ak	C
2020-04-02 02:19:49.387811	u/_K3ver	fm6zqe3	u/Nickcin144	fm6wkzr	C
2020-04-02 02:20:42.671376	u/espriminati	fm6zsgg	u/CrikkLukkk420	fm6z53z	C
2020-04-02 02:20:52.590962	u/Andy_Obes	fm6zt2t	u/Alexisto15	fm6z5w4	C
2020-04-02 02:20:57.087446	u/beqs171	fm6ztci	u/leaderofthevirgins	fm68evm	C
2020-04-02 02:22:06.834163	u/Milkslinger	fm6zvu8	u/Advaithca	fm6nksp	C
2020-04-02 02:22:23.644957	u/Mich-Marsh69	fm6zwj7	u/joshua070	fm6zc32	C
2020-04-02 02:22:31.923524	u/Xxrasierklinge7	fm6zwus	u/Someoneyoucouldknow	fm6vu60	C
2020-04-02 02:22:36.234571	u/ExcessiveWaffle	fm6zwwq	u/RepostSleuthBot	fm6ztro	C
2020-04-02 02:22:38.424268	u/skratta_du	fm6zwxv	u/Dutsroth	fm6zuny	C
2020-04-02 02:22:46.310370	u/Dmitry_RussianMan	fm6zxcs	u/A_Ha_Hahaha	fm6muos	C
2020-04-02 02:22:48.511922	u/Hiveharbinger	fm6zxct	u/SirAren	fm6zvbv	C
2020-04-02 02:22:57.659862	u/OrlandofromOrlando	fm6zxqt	u/N1NJAREB0RN	fm6zo36	C
2020-04-02 02:23:01.018935	u/Dylan_San_	fm6zxrc	u/PickleBob397	fm6zcj2	C
2020-04-02 02:24:32.488272	u/kebab_guyz	fm7018m	u/Nestreeen	fm6xlzr	C
2020-04-02 02:24:44.455611	u/CaptainDieg	fm701ne	u/BeetleBug0803	fm6twzi	C
2020-04-02 02:25:19.786564	u/tenta8008	fm702o5	u/Spicy-Mario-Bois	fk84lq6	C
2020-04-02 02:25:58.777265	u/PetrKDN	fm70408	u/Advaithca	fm6gbt4	C
2020-04-02 02:26:08.408806	u/BingusDingusStick	fm704bj	u/blasphemous__	fm701zs	C
2020-04-02 02:26:22.810578	u/lost1519	fm704hj	u/RepostSleuthBot	fm6rka2	C
2020-04-02 02:26:33.689425	u/Barbarian_Forever	fm704yc	u/Jo3Dick	fm6zra5	C
2020-04-02 02:27:06.171758	u/lil-kumav	fm7060w	u/XX1Zapper1XX	fm6yo01	C
2020-04-02 02:27:31.769625	u/DINGO558	fm7078l	u/Advaithca	fm703rd	C
2020-04-02 02:27:50.434433	u/king_of_the_SIMPS	fm707vg	u/RepostSleuthBot	fm6lt5d	C
2020-04-02 02:27:56.510694	u/dumbshitgamer	fm7080q	u/scubahood86	fm6yqhd	C
2020-04-02 02:28:14.041872	u/cucumberman1273	fm708mf	u/MicSpence	fm6z8x8	C
2020-04-02 02:28:51.307591	u/zikababiesryummy	fm709nf	u/JuicyRice12	fm6yc9p	C
2020-04-02 02:28:54.940262	u/academic_dog	fm709vm	u/minev1128	fm6uk89	C
2020-04-02 02:29:24.705962	u/phatpear	fm70b6p	u/Damion2017	fm6ynby	C
2020-04-02 02:29:32.586708	u/SacredHolyBlueYoshi	fm70bh1	u/Shagurope	fm6djc5	C
2020-04-02 02:29:35.083893	u/Alnessi	fm70bkj	u/Advaithca	fm6r5lq	C
2020-04-02 02:29:46.423026	u/urdangerzone	fm70bv7	u/FckReddit1	fm6hdxc	C
2020-04-02 02:29:58.446852	u/akeins	fm70cob	u/jyoti_6727	fm6zayj	C
2020-04-02 02:30:26.353354	u/_WHEREARETHETURTLES_	fm70db3	u/vaderdude00	fm6r5s3	C
2020-04-02 02:31:20.212084	u/toaster69420	fm70ev7	u/Liolanse	fm700pv	C
2020-04-02 02:31:47.636942	u/unicornsarelife_	fm70fs2	u/Tech-Support-420	fm5vnje	C
2020-04-02 02:32:09.923657	u/Arindip	fm70gle	u/loose_noodle	ft5f50	S
2020-04-02 02:32:28.623472	u/Alex_02512	fm70gy9	u/SirAren	fth6ss	S
2020-04-02 02:32:57.543696	u/JuanWithTheDeagle	fm70hvs	u/VOID_INIT	fm62d9b	C
2020-04-02 02:33:23.422912	u/Call_Me_Rodrigo69nic	fm70il2	u/Octopod16	fm6ziic	C
2020-04-02 02:35:09.297119	u/NovemberRain583	fm70m7r	u/Adventurous_Guy	fm6xz12	C
2020-04-02 02:35:15.504037	u/halelangit	fm70ml9	u/TheRealTurtle1	fm4gbqv	C
2020-04-02 02:35:54.925388	u/kurisu7885	fm70nwp	u/dumbshitgamer	fm7080q	C
2020-04-02 02:36:10.440704	u/KSoccerman	fm70odf	u/DeadMan-Walkin	fm6y1t1	C
2020-04-02 02:36:20.996897	u/IGotAll2	fm70oq5	u/derpy-pangolin	fm70awz	C
2020-04-02 02:36:33.268247	u/amelioratien	fm70p8a	u/NathanWilson2828	fm6yzjx	C
2020-04-02 02:36:45.788444	u/Re3etr0	fm70prm	u/dont_tickle_mypickle	flwsowq	C
2020-04-02 02:36:47.618982	u/daddy_blunt165	fm70psu	u/AutoModerator	fm6kvur	C
2020-04-02 02:37:24.415009	u/sahalmaster546	fm70qoc	u/rpsychonaut11	fm6vk62	C
2020-04-02 02:37:57.963720	u/Headbanf	fm70s0p	u/DElectrix	fm70i3t	C
2020-04-02 02:37:59.585935	u/Muxsidov	fm70s1g	u/Kidplayer_666	fm4uwe6	C
2020-04-02 02:38:01.215686	u/Cool-Witness	fm70s3o	u/skratta_du	fm7036n	C
2020-04-02 02:38:32.351539	u/Moncus15	fm70t54	u/classypenquin002	fm6i69m	C
2020-04-02 02:38:48.527561	u/ZippyVonBoom	fm70tw1	u/DoubleACray21	fm6ljff	C
2020-04-02 02:39:44.811674	u/Yeet-It-Outta-Here	fm70wpn	u/SnipeyKeru	fm6mx65	C
2020-04-02 02:39:46.623048	u/Ph1LReddit	fm70wuc	u/Kriaten1	fm6yp6y	C
2020-04-02 02:39:56.777740	u/Kakalkoo69	fm70xfa	u/mattymattttt	fm6z5x5	C
2020-04-02 02:40:00.246276	u/iamlobsterr	fm70xjr	u/maximumoccupancy12	fm6xxsd	C
2020-04-02 02:40:02.580586	u/popfreq	fm70xn5	u/scubahood86	fm6yqhd	C
2020-04-02 02:41:23.468826	u/candypiece	fm7100o	u/AspiringAmbition	fm6xh25	C
2020-04-02 02:41:33.381642	u/Cronkwjo	fm7108i	u/RetrogradeIntellect	fm6vlkj	C
2020-04-02 02:41:44.610212	u/ClassicConcern	fm710jy	u/SoftUse	fm6g224	C
2020-04-02 02:41:53.599570	u/honeypopside	fm710so	u/DIAMONDECHOEZ	fm6b5hm	C
2020-04-02 02:42:09.454959	u/mrcrabspoo	fm711b2	u/AirborneSpinnyChair5	fm6hg3e	C
2020-04-02 02:43:10.560399	u/sujeetpowar	fm713cq	u/ShefCutie	fm6rsan	C
2020-04-02 02:43:15.197877	u/Uneducated_melon	fm713ji	u/oogaboogaNXS	fm6xekq	C
2020-04-02 02:43:31.002057	u/McToast82	fm714em	u/BeginReganPalestine	fm6r0wh	C
2020-04-02 02:43:34.270256	u/hi_de_ho_boi	fm714jw	u/Gimbard	fm6m42c	C
2020-04-02 02:43:36.532479	u/taboi420	fm714m9	u/Headbanf	fm70umf	C
2020-04-02 02:44:18.705112	u/ElConvict	fm71613	u/AutoModerator	fm5i7jt	C
2020-04-02 02:44:34.773702	u/robert235	fm716sj	u/SeptuagenarianOnion	fm6j4mg	C
2020-04-02 02:44:36.856497	u/Bluej31	fm716uz	u/billy-da-hobo	fm6wc6a	C
2020-04-02 02:45:14.393084	u/MrP-031	fm717yg	u/BlueAuqa	fm47dfb	C
2020-04-02 02:45:24.271581	u/ivanovski93	fm7185w	u/itheone123	fm6y5fj	C
2020-04-02 02:45:42.557781	u/praddi10	fm718pm	u/cogpsychbois	fm6x6b7	C
2020-04-02 02:45:53.231493	u/olah123	fm718z8	u/A_Person33	fm6zydl	C
2020-04-02 02:46:36.052382	u/brysonsams	fm719yl	u/FrenchWerewolf	fm4f406	C
2020-04-02 02:46:51.354312	u/dartagnansfy	fm71afb	u/AutoModerator	fm6gf93	C
2020-04-02 02:47:10.843540	u/Toraihekisa	fm71b5j	u/racon_	fm6xsbl	C
2020-04-02 02:47:15.656221	u/AAAAAHi	fm71bem	u/vaderdude00	fm6r5s3	C
2020-04-02 02:47:33.837374	u/VikTero	fm71c66	u/Gimbard	fm6m42c	C
2020-04-02 02:48:06.881670	u/neuroscientist06	fm71dg3	u/Awkward_demon	fm6byle	C
2020-04-02 02:48:40.569895	u/Riroi17	fm71faj	u/024_96_yawa_worht	fm70s47	C
2020-04-02 02:49:09.787709	u/hiltonke	fm71gim	u/APOCVLYPSIS	fm663sv	C
2020-04-02 02:49:17.798967	u/Bhf187	fm71hea	u/keco185	fm3283r	C
2020-04-02 02:49:22.376988	u/Virmaaa	fm71hrf	u/Advaithca	fm6gbt4	C
2020-04-02 02:49:28.213873	u/TSmokess	fm71i9e	u/MrPancakes101	fm712h9	C
2020-04-02 02:49:37.592022	u/WantingLuke	fm71ifj	u/Y0L0_Y33T	fm5nq1b	C
2020-04-02 02:49:42.203911	u/StalkingRini	fm71ivy	u/cajun89cam	fm6lwhi	C
2020-04-02 02:49:43.550129	u/goomba456	fm71jd0	u/AutoModerator	fm1rgno	C
2020-04-02 02:49:45.316724	u/WhiteN01se	fm71jef	u/derpy-pangolin	ftdtv5	S
2020-04-02 02:49:47.249799	u/CocaTrooper42	fm71jhl	u/justwalk1234	fm6v8us	C
2020-04-02 02:49:59.002224	u/goddthunder	fm71k1u	u/AutoModerator	fm6kvur	C
2020-04-02 02:50:00.164964	u/King_schulz1	fm71k3b	u/RepostSleuthBot	fm6fspm	C
2020-04-02 02:50:15.366952	u/Pink_Marshmallow420	fm71kow	u/joshua070	fm6zc32	C
2020-04-02 02:50:17.675993	u/The_Brick_is_my_name	fm71ktp	u/Andy_Obes	fm6zt2t	C
2020-04-02 02:50:27.722128	u/MaleCoWorker	fm71l8d	u/Advaithca	fm6gbt4	C
2020-04-02 02:50:51.773274	u/InsxrtNxme	fm71lzs	u/Pets-Lover-Community	fm6ndke	C
2020-04-02 02:50:57.760454	u/Silver_Alpha	fm71mf6	u/gandalf1420	fte6sj	S
2020-04-02 02:51:41.376450	u/MyouisMinaa97	fm71nli	u/Justin_The_Fox2	fm6iv11	C
2020-04-02 02:51:59.293779	u/wubbaaaa	fm71o9u	u/SheSuccMii	fm600w5	C
2020-04-02 02:52:17.454428	u/UEUEUEWEWE	fm71oxd	u/shatspiders	fm6m4fp	C
2020-04-02 02:52:58.614792	u/schrondigermemelord	fm71qcm	u/Riroi17	fm71faj	C
2020-04-02 02:54:40.032791	u/RoyalFlatworm7	fm71uit	u/YELLOWHIPPOSRDINNER	fm6p763	C
2020-04-02 02:55:06.853659	u/edosi	fm71va9	u/Gimbard	fm6m42c	C
2020-04-02 02:55:13.661185	u/PurplePomagranate	fm71vov	u/renoraid	fm70ty2	C
2020-04-02 02:55:20.539250	u/DankiNoobki	fm71vyh	u/Imgay69420lol	fm3wsfj	C
2020-04-02 02:55:30.259064	u/antaria_jack_99	fm71wlp	u/Xenius12	ftcr1n	S
2020-04-02 02:55:34.469862	u/LukeRenoe	fm71wqa	u/Fir3mast3r55	fm71fdo	C
2020-04-02 02:55:37.346162	u/ChildOfBund	fm71wtp	u/coco237	fm702i7	C
2020-04-02 02:56:01.584047	u/Dopedbirdy	fm71xoa	u/cogpsychbois	fm6vgkf	C
2020-04-02 02:56:09.826018	u/Gamma_249	fm71xyx	u/its-treason-then-	fm717ru	C
2020-04-02 02:56:55.213090	u/raccooninua	fm7201t	u/Advaithca	fm6gbt4	C
2020-04-02 02:57:21.435884	u/Wings_With_Horns	fm7214y	u/kurisu7885	fm70nwp	C
2020-04-02 02:57:28.744594	u/deathbreath88	fm721ki	u/mYsT1c01	fm6u9fu	C
2020-04-02 02:58:00.885017	u/MartonMorti	fm723u2	u/RepostSleuthBot	fm6zh4k	C
2020-04-02 02:58:13.087128	u/YTQthjs	fm7249a	u/jy3030	fm6nj72	C
2020-04-02 02:58:29.393534	u/ostrichual	fm724z5	u/andypro77	fm6y637	C
2020-04-02 02:58:34.109954	u/isbyuu	fm72583	u/taylorcoth	fm66ecg	C
2020-04-02 02:58:49.324553	u/AbdullahSab3	fm7264k	u/J_Man2743	fm5zw96	C
2020-04-02 02:59:22.165916	u/tomisthememeofthedec	fm728le	u/AnonymousCatLovrr	fm6zgvs	C
2020-04-02 02:59:24.420337	u/RetrOEra	fm728na	u/sreenath95	fm6tm9d	C
2020-04-02 02:59:31.042745	u/iv_Robbie_vi	fm729aq	u/billy-da-hobo	fm727h1	C
2020-04-02 02:59:40.054012	u/UncleSuccc	fm729vo	u/just_el1as	fm6xb26	C
2020-04-02 02:59:41.391322	u/M3MEMACH1NE	fm729wq	u/AutoModerator	fm6jmjy	C
2020-04-02 02:59:57.125047	u/ashirwad778	fm72bc5	u/sarco11	fm3y100	C
