2020-04-08 06:00:48.146429	u/GuegelChrome	fmrxva1	u/Ineedmorebread	fmrxdl8	C
2020-04-08 06:00:56.865500	u/Tr0ll3rBoi	fmrxvc3	u/Hungry-and-mad	fmrr33z	C
2020-04-08 06:01:00.252640	u/Smudgestar42069	fmrxvhp	u/lolgamer719	fmrx69w	C
2020-04-08 06:01:15.130959	u/D4rkArrow	fmrxvqe	u/DemonicLemon02	fmrugf5	C
2020-04-08 06:01:18.309292	u/doublebarreledcactus	fmrxvr2	u/kepler_runner	fmru71f	C
2020-04-08 06:01:21.928288	u/1-ragnaroq	fmrxvrj	u/Ineedmorebread	fmrxf1n	C
2020-04-08 06:01:37.925403	u/MarioMad2007	fmrxw0k	u/QWERTYAjay	fmrrv3y	C
2020-04-08 06:01:43.123772	u/rapman-24	fmrxw2b	u/Elijah-Bell	fmrt3fm	C
2020-04-08 06:01:53.568947	u/srijan958	fmrxw3i	u/hamster-de-x	fmqul37	C
2020-04-08 06:02:14.157465	u/myur4n	fmrxwdr	u/boblet_jish	fmrxw0u	C
2020-04-08 06:03:18.223761	u/Onda007	fmrxx55	u/bigpeenhole	fmrw4a4	C
2020-04-08 06:03:43.673042	u/skz_w_	fmrxxex	u/Redrebelraver	fmrhuci	C
2020-04-08 06:03:47.564569	u/Tw00nk	fmrxxht	u/BehaardeKat	fmrwx72	C
2020-04-08 06:04:33.277822	u/pxxl06	fmrxy12	u/QWERTYAjay	fmrswpi	C
2020-04-08 06:04:38.438719	u/TBLKingzz	fmrxy2q	u/Daytona_121	flx8bed	C
2020-04-08 06:05:04.066842	u/Phyzo	fmrxyci	u/BryNX_714	fmrxg10	C
2020-04-08 06:05:15.629946	u/XxBrando	fmrxyh7	u/RepostSleuthBot	fmrmxok	C
2020-04-08 06:06:03.500446	u/Shaymin1478	fmrxz0k	u/uss-Iowabb61	fmqg19l	C
2020-04-08 06:06:18.603760	u/iam_ImpulsE	fmrxz53	u/Fuggaak	fmrx30v	C
2020-04-08 06:06:23.791270	u/superjump071	fmrxz63	u/The-Brawl-Shark	fmrwas8	C
2020-04-08 06:06:53.547235	u/SEND_INVENTION_IDEAS	fmrxzm3	u/Sykfootball	fmrhj1c	C
2020-04-08 06:07:12.058060	u/PoopeyPantsThe420th	fmrxzqu	u/Kale_____	fmroj1o	C
2020-04-08 06:07:25.589883	u/Taytaytrayway	fmrxzzc	u/kepler_runner	fmru71f	C
2020-04-08 06:07:30.668909	u/coolxm	fmry02d	u/Sebsla	fmrxzjf	C
2020-04-08 06:07:38.975086	u/Corrupt_entity0982	fmry095	u/Warkan47	fmrqjn9	C
2020-04-08 06:08:21.539894	u/KaolinEarthSpirit	fmry0oc	u/exuberant_turtle	fmrt4jd	C
2020-04-08 06:08:23.416303	u/MoreMtnDew	fmry0q1	u/Minh1905	fmrp53e	C
2020-04-08 06:08:56.513366	u/spursjosh06	fmry1hs	u/Fortniteisbad7362627	fmrvv27	C
2020-04-08 06:09:09.041656	u/ZombieBebop31	fmry1qx	u/airsey18	fmrxvi0	C
2020-04-08 06:09:19.306452	u/cosmic-trafficone	fmry24d	u/LonelyPole	fmqx5ly	C
2020-04-08 06:09:46.926019	u/indiankaizoku	fmry2rr	u/Linkkk_	fmqjiuw	C
2020-04-08 06:09:47.407736	u/Swagwarior	fmry2uw	u/iHonestlyDoNotCare	fmrre2j	C
2020-04-08 06:09:49.954854	u/pugsdabest	fmry2xs	u/NikolasFoot	fmrw7zf	C
2020-04-08 06:09:50.431116	u/ALMAP1AN	fmry2y1	u/fierwoll	fmqt1hu	C
2020-04-08 06:09:50.890696	u/darklord01998	fmry2z6	u/QWERTYAjay	fmrrv3y	C
2020-04-08 06:09:59.197088	u/saransma	fmry35y	u/QWERTYAjay	fmrsy1t	C
2020-04-08 06:10:18.391940	u/Gran_Duma	fmrytho	u/Sykfootball	fmrhj1c	C
2020-04-08 06:10:44.305484	u/soldierkiller3005	fmrytsm	u/MSGRiley	fmrvygs	C
2020-04-08 06:11:16.589569	u/Rhynn-knoxx	fmryu1j	u/reeceredreddit	fmrytay	C
2020-04-08 06:11:21.826210	u/alou404	fmryu1t	u/Ph4nt0m_Hydra1	fmrtwl5	C
2020-04-08 06:11:54.490819	u/ShinyMoonUwU	fmryuc0	u/qtcrusher	fmrvp4h	C
2020-04-08 06:12:18.252222	u/ThijmenBrandts	fmryum4	u/idk_what_is_life	fmruu2t	C
2020-04-08 06:12:42.200327	u/xXSWAGTOMXx	fmryv0v	u/the-toaster420	fmrpszy	C
2020-04-08 06:13:28.764764	u/Lazy_SSJ_God	fmryvsz	u/TheBookOfSeil	fmrhy1o	C
2020-04-08 06:13:57.235748	u/Joeedis	fmryw6l	u/QWERTYAjay	fmrswpi	C
2020-04-08 06:14:53.593987	u/TickleMcGiggles	fmrywsg	u/Spragulater	fmrtksr	C
2020-04-08 06:15:51.275802	u/Lord_of_Defaults	fmryxmr	u/QWERTYAjay	fmrswpi	C
2020-04-08 06:15:56.416359	u/Saim-Kuka	fmryxq4	u/ifdestructionwasart6	fmrt6h1	C
2020-04-08 06:16:24.105404	u/stormycorfete	fmryy5y	u/Dancingtrev	fmrqr0a	C
2020-04-08 06:17:10.376700	u/adrian101621	fmryyll	u/dbozz135	fmrsgnt	C
2020-04-08 06:18:11.159065	u/Francho23000	fmrz079	u/FireDrag00nG	fmrxq0i	C
2020-04-08 06:19:03.461063	u/Deepfilly	fmrz0s3	u/FunniestShitIEvaSeen	fmrypo3	C
2020-04-08 06:19:09.561137	u/soul-burst	fmrz1am	u/SolaLupus42	fmrhjhp	C
2020-04-08 06:19:39.232190	u/RoyalDragon56	fmrz1lt	u/SpcHeizer-_-	fmrvof6	C
2020-04-08 06:20:34.269912	u/Tane-Tane-mahuta	fmrz2nq	u/NikolasFoot	fmrw897	C
2020-04-08 06:21:12.701062	u/WiseAce1	fmrz30w	u/GhostDivision7734	fmrw708	C
2020-04-08 06:21:28.393497	u/smushedtomato	fmrz3gg	u/DiamondPower500	fmrtsom	C
2020-04-08 06:22:04.361448	u/ZgnilyKrab	fmrz3pu	u/Elijah-Bell	fmrt3fm	C
2020-04-08 06:22:32.517530	u/Mannliest_Mike	fmrz499	u/ansel1406	fmryn4p	C
2020-04-08 06:22:48.419733	u/boyfriendagogo	fmrz4cq	u/Eggboi0	fmrix74	C
2020-04-08 06:23:11.484606	u/joshujo10	fmrz4lo	u/2JDestroBot	fmq6mt1	C
2020-04-08 06:23:15.277368	u/Emkoooo	fmrz4ma	u/iHonestlyDoNotCare	fmrre2j	C
2020-04-08 06:23:32.882702	u/vsco-turtle-person	fmrz4x0	u/SolaLupus42	fmrhjhp	C
2020-04-08 06:23:35.744519	u/RepubIique	fmrz4y6	u/FunniestShitIEvaSeen	fmryxtt	C
2020-04-08 06:25:33.252552	u/stefanstanciy	fmrz6g4	u/Argi871	fmrx17c	C
2020-04-08 06:25:39.743936	u/australia_fake	fmrz6jn	u/ProudRavenclaw24	fmqmfa5	C
2020-04-08 06:26:08.973460	u/sacredstones	fmrz6yy	u/MrDeadman4	fmrwbgy	C
2020-04-08 06:26:17.208960	u/Moosekunckle	fmrz776	u/Chris-P	fmrywjj	C
2020-04-08 06:26:30.009483	u/Rubenbaas	fmrz7b2	u/iHonestlyDoNotCare	fmrre2j	C
2020-04-08 06:27:27.406812	u/HowDoRddtUsrnmsWork	fmrz8ei	u/QWERTYAjay	fmrswpi	C
2020-04-08 06:27:43.137384	u/GuenzoAnoe	fmrz8pq	u/GhostDivision7734	fmrw708	C
2020-04-08 06:28:41.382264	u/davidgammer405	fmrz9p2	u/JeetVashisht	fmrw0wq	C
2020-04-08 06:29:48.604881	u/Jordii_vV	fmrzat6	u/citrusapplejuice	fmrr5h7	C
2020-04-08 06:29:49.344982	u/Diingo5	fmrzawi	u/definitely_indeed	fmrjpf8	C
2020-04-08 06:30:13.767101	u/Anuj4388	fmrzbie	u/iHonestlyDoNotCare	fmrre2j	C
2020-04-08 06:30:16.083397	u/Flourishingwithdecay	fmrzbk0	u/QWERTYAjay	fmrswpi	C
2020-04-08 06:30:48.495001	u/wolfblood912	fmrzbyc	u/-_N0_-	fmrqgql	C
2020-04-08 06:31:47.871821	u/Raccd343	fmrzcjq	u/mrpampersisgood	fmrtq86	C
2020-04-08 06:31:53.327547	u/Pietrzek	fmrzclp	u/MixerNexusVM	fmrtijj	C
2020-04-08 06:32:00.788592	u/Calebbjackson	fmrzctc	u/RepubIique	fmrywjv	C
2020-04-08 06:32:26.312978	u/timposes	fmrzcyo	u/HeartOfGold02	fmri04f	C
2020-04-08 06:32:57.031816	u/MisraBelle_	fmrzdja	u/MaskedFool37	fmrman4	C
2020-04-08 06:33:00.073757	u/saifullahh6	fmrzdl9	u/Potatotheooflord	fl5excx	C
2020-04-08 06:33:05.784110	u/munchycrunchlunch	fmrzdmm	u/QWERTYAjay	fmrsy1t	C
2020-04-08 06:33:31.074716	u/vaultdweller611	fmrzdu5	u/Jordii_vV	fmrz9ox	C
2020-04-08 06:34:16.067897	u/jmdman2001	fmrzenq	u/RepostSleuthBot	fmrjqrk	C
2020-04-08 06:34:23.989990	u/T4LONx	fmrzeuf	u/BehaardeKat	fmrvzg6	C
2020-04-08 06:35:22.604605	u/Absolute_Drongo	fmrzfu1	u/Spudmuffin_Reddit	fmry54m	C
2020-04-08 06:36:18.790210	u/FaidoCappuccino	fmrzgh1	u/Mattotto11	fx0puo	S
2020-04-08 06:36:51.783434	u/pewdiebhai64	fmrzgyf	u/Admirable_Hawk	fmrb13j	C
2020-04-08 06:37:56.837395	u/Momonada232	fmrzi2z	u/Tommotal	fmry5dx	C
2020-04-08 06:38:22.620613	u/PlayerOnSticks	fmrzi8g	u/HOMERUNHITTER900	fmprfk2	C
2020-04-08 06:39:10.636602	u/John_Mata	fms0h79	u/Sykfootball	fmrhj1c	C
2020-04-08 06:39:50.675554	u/mattboy01	fms0hvk	u/Doubletap-v02	fmrill3	C
2020-04-08 06:39:59.724949	u/americancat28	fms0i61	u/ansel1406	fmryzbh	C
2020-04-08 06:40:02.438820	u/yeet-us-a-feetus	fms0i8p	u/Mekemu	fmryqdg	C
2020-04-08 06:40:06.935185	u/Quencher47-	fms0ia8	u/MeatballJones2	fms016y	C
2020-04-08 06:41:11.605683	u/DollSteakTestMeat	fms0jcb	u/MyJelloJiggles	fmr4eu1	C
2020-04-08 06:41:26.796385	u/lsaerial	fms0jj9	u/opotatojesus	fmrqqyx	C
2020-04-08 06:41:43.663769	u/VistandsforVictory	fms0jll	u/knowyourcoin_	fmrts41	C
2020-04-08 06:42:00.479430	u/PullinPitch	fms0jry	u/Spragulater	fmrtksr	C
2020-04-08 06:42:45.547994	u/Hello_there180	fms0kbs	u/yaYeEt74	fmrxrjd	C
2020-04-08 06:44:06.637383	u/illgates369	fms0lii	u/TemperedFiddles	fms0k33	C
2020-04-08 06:45:10.388432	u/Meatloaf101	fms0mkm	u/Torch_Lord	fms0h8s	C
2020-04-08 06:45:29.299039	u/nomadicsnake	fms0mqs	u/wws7284	fms0jfg	C
2020-04-08 06:45:41.380466	u/smsonics1	fms0mu8	u/Minh1905	fwzxl7	S
2020-04-08 06:46:26.421933	u/sharpsensei	fms0nfh	u/RussianCheeseDood	fmrtryl	C
2020-04-08 06:47:00.410254	u/potatowarriorFo76	fms0nyn	u/kewqz	fmryk44	C
2020-04-08 06:47:04.722757	u/NOSKllL	fms0o05	u/Tyler_Valeska	fms0lxj	C
2020-04-08 06:47:23.487412	u/Tembii	fms0oco	u/Jomesfonso	fmqt4u4	C
2020-04-08 06:47:24.908464	u/fish-in-a-chicken	fms0ocv	u/SolaLupus42	fmrhjhp	C
2020-04-08 06:48:39.905315	u/Nerox1337	fms0pfo	u/MemeBoiCrep	fmrztn0	C
2020-04-08 06:49:44.235622	u/Bill_Crosby77	fms0qbw	u/WhiteUnicorn239	fmrz98k	C
2020-04-08 06:49:49.031005	u/emanuel_wam	fms0qy0	u/Elijah-Bell	fmrt3fm	C
2020-04-08 06:49:49.556183	u/CodeIsBack	fms0qyw	u/kepler_runner	fmru71f	C
2020-04-08 06:49:59.783384	u/Squamaze	fms0r8y	u/iHonestlyDoNotCare	fmrre2j	C
2020-04-08 06:52:24.011220	u/vinwin02	fms0suj	u/QWERTYAjay	fmrswpi	C
2020-04-08 06:52:33.045974	u/dclay_47	fms0svz	u/_something_cool_	fms0r4w	C
2020-04-08 06:53:10.473496	u/ranveersharma	fms0ti5	u/JayKB_YT	fmrw49t	C
2020-04-08 06:53:51.579047	u/HyelloWorld	fms0tyo	u/simon439	fms0185	C
2020-04-08 06:54:11.670581	u/Dirty_Louis	fms0uat	u/Another_Nguyen	fmrp18z	C
2020-04-08 06:54:56.417031	u/princeaimxn	fms0uxj	u/WhipFrog	fms0ps8	C
2020-04-08 06:55:18.236069	u/dbeee74	fms0v33	u/TsonK	fms0p05	C
2020-04-08 06:55:24.423756	u/YABOIETP445	fms0vc6	u/DiamondPower500	fmrtsom	C
2020-04-08 06:55:27.759318	u/imaspookedboi	fms0ve2	u/FinalDemise	fmry5qh	C
2020-04-08 06:56:25.768545	u/bricewho	fms0vzp	u/DoomRider2354	fmqb3in	C
2020-04-08 06:57:13.780339	u/Kfc_sauce	fms0wrl	u/Minh1905	fmrl7kz	C
2020-04-08 06:57:25.590407	u/Ohgodmanyo	fms0x6d	u/German_H2O_Lover	fms0ktk	C
2020-04-08 06:57:46.054622	u/Klok2018	fms0xv7	u/QWERTYAjay	fmrswpi	C
2020-04-08 06:59:02.466077	u/RoamingNZ2020	fms0z46	u/Slyrax-SH	fmrxs67	C
2020-04-08 06:59:03.404481	u/fAKA364	fms0z6v	u/TrollerBoy21	fmrxoo7	C
2020-04-08 06:59:22.393963	u/Tom_Okp	fms0zd5	u/dense111	fmrtadg	C
