2020-04-16 03:00:14.817751	u/ddark786	fnkap3k	u/AzaBlanta	fnkak71	C
2020-04-16 03:00:27.422243	u/Aimer1GG	fnkaphr	u/Garboioil	fnka2u5	C
2020-04-16 03:01:19.604930	u/lamaitagaming	fnkaqu2	u/mangdani282	fnjqtw9	C
2020-04-16 03:01:52.660436	u/Maximitaysii	fnkarda	u/yourmomsucks01	fnk8bxp	C
2020-04-16 03:02:09.034972	u/JimmyGotDead	fnkars7	u/Ben_0923	fnjycdy	C
2020-04-16 03:03:26.944538	u/DopeassFreshprince96	fnkauj9	u/pur__0_0__	fnk4iak	C
2020-04-16 03:03:31.194860	u/iamanonymous44	fnkaulp	u/coffe_and_ramen	fnjpj5s	C
2020-04-16 03:03:46.209947	u/ZapMayor	fnkav99	u/Meme_Lettuce45	fnkaa88	C
2020-04-16 03:04:20.404096	u/sashimi_girl	fnkawup	u/bhohensee23	fnjw0gv	C
2020-04-16 03:04:37.481910	u/fitgamer523	fnkaxd6	u/Exodust500	fnjm642	C
2020-04-16 03:05:15.117635	u/oogidy-spoogidy	fnkaykl	u/Relan42	fnhlxxl	C
2020-04-16 03:06:17.386320	u/Raven3223456	fnkb1tb	u/SharpLemon56	fnh6niv	C
2020-04-16 03:06:29.447413	u/johnnyroboto	fnkb25d	u/dayumbrah	fnjwo4c	C
2020-04-16 03:06:45.382838	u/Yankeethomas13	fnkb2qq	u/ben-aflic	fnkaih0	C
2020-04-16 03:06:47.144947	u/hussainfarhan	fnkb2qx	u/EpicMemer100	fnj8toq	C
2020-04-16 03:06:53.203053	u/FishFettish	fnkb34n	u/Galactica_Official	fnk7fqi	C
2020-04-16 03:07:56.104506	u/DingoKis	fnkb5oq	u/ConfusedSarcasm	fnka6pb	C
2020-04-16 03:08:01.928882	u/TuttlesJr	fnkb5tw	u/Bruh_Bot_	fnkaall	C
2020-04-16 03:08:34.115085	u/giuda929	fnkb7d4	u/shin_gojira118	fnk7501	C
2020-04-16 03:08:47.351351	u/MerleyMonster	fnkb84r	u/Boberoo2	fnk63k2	C
2020-04-16 03:08:56.492755	u/Flixten808	fnkb8d2	u/SallyTheGreat1	fnhchdv	C
2020-04-16 03:09:03.768279	u/g4m3s4nd5tuff	fnkb8j7	u/SergeantPotatoes	fnkb0zu	C
2020-04-16 03:09:41.135695	u/ScooterIsLife	fnkbb0f	u/drcatfaceMD	fnka0co	C
2020-04-16 03:09:43.191482	u/MMarvelousBoy	fnkbb1p	u/gking407	fnj6zcr	C
2020-04-16 03:09:44.861423	u/stemyboi	fnkbb33	u/The_Punnier_Guy	fnk6hy7	C
2020-04-16 03:09:48.308245	u/Archit299792458	fnkbbng	u/iwan103	fnkaue1	C
2020-04-16 03:09:49.139731	u/_-LorneMalvo	fnkbbnl	u/el_chupanebriated	fnjqy3z	C
2020-04-16 03:09:51.396113	u/CharcoalDorito	fnkbbv8	u/pneumonoultramicrosi	fnjvhyb	C
2020-04-16 03:09:59.623869	u/Arancio	fnkbcwi	u/JojoKen420	fnjb7wx	C
2020-04-16 03:10:10.013080	u/skiIICAP	fnkbd7v	u/randodude71117	fnkb6h9	C
2020-04-16 03:11:01.811088	u/ogcroak	fnkbewf	u/iAn-has-been-taken	fnk8xx7	C
2020-04-16 03:11:16.817186	u/lajosyext	fnkbfnb	u/bblackkcatt	fnkb3y6	C
2020-04-16 03:11:25.794038	u/malakd33	fnkbfq0	u/serial_code_r	fnk7ea2	C
2020-04-16 03:11:34.532702	u/Conallia	fnkbfxz	u/Garboioil	fnka54z	C
2020-04-16 03:11:51.210515	u/jordankothe9	fnkbgfq	u/PixlSynergy	fnjcheo	C
2020-04-16 03:13:29.721772	u/cowboy_communist	fnkbj0v	u/Weibrot	fnk4qrn	C
2020-04-16 03:13:41.495417	u/Mike_p5h	fnkbjfo	u/MeeeeemeWarsOfficial	fnkayfe	C
2020-04-16 03:14:25.416239	u/epicfunnyusername	fnkbkjd	u/masterlag723	fnhjgtt	C
2020-04-16 03:14:42.462899	u/JoanneKerlot	fnkbld0	u/doodlez420	fnk78ay	C
2020-04-16 03:16:16.792474	u/therealgarr	fnkbots	u/the300batt	fnkbl04	C
2020-04-16 03:17:18.629818	u/invincibilegoldfish	fnkbror	u/Savage80HD	fnkbk4w	C
2020-04-16 03:17:35.338292	u/Da_to	fnkbs9t	u/bug_fixx	fm6nh64	C
2020-04-16 03:17:51.184652	u/Snekatik	fnkbslx	u/tulsaflowers	fnkbomx	C
2020-04-16 03:18:12.042702	u/ayrhemmeemes	fnkbtl8	u/Pandabling2007	fnjpyyt	C
2020-04-16 03:18:23.652214	u/Ziado0	fnkbuac	u/ExtensionRegular1	fnkbrg6	C
2020-04-16 03:19:02.226826	u/pepethe_x_frog	fnkbw4c	u/MrTrump_Ready2Help	fnkaqak	C
2020-04-16 03:19:06.968518	u/mates0	fnkbwcg	u/Wesoooom122	fnkbhjw	C
2020-04-16 03:19:30.686739	u/Zjc_3	fnkbxj6	u/AriQueen_63	fnkb9lx	C
2020-04-16 03:20:29.696989	u/ColaMelon_	fnkc0q5	u/cpt_alfaromeo	fnkbrdm	C
2020-04-16 03:20:41.089861	u/JoltyKorit	fnkc15m	u/lukecagetheelephant	fnk8bze	C
2020-04-16 03:21:50.469092	u/LA457	fnkc2y3	u/MrxNightwing	fnjzttd	C
2020-04-16 03:21:56.652341	u/HivemindAnt	fnkc2yb	u/mr-memesss	g23v53	S
2020-04-16 03:22:08.417512	u/Tuke_96seemsnice	fnkc34f	u/PsychicTempestZero	fnk89u2	C
2020-04-16 03:22:11.566407	u/Meritania	fnkc36z	u/Sly_Mong00se	fnk9cad	C
2020-04-16 03:22:23.753690	u/ItsDelayGTX	fnkc3hn	u/Lemonademan45	fnjvugg	C
2020-04-16 03:22:37.878746	u/Hsb511	fnkc3x9	u/pepethe_x_frog	fnkbw4c	C
2020-04-16 03:23:20.951320	u/fifloveafssf	fnkc594	u/the300batt	fnkbqhb	C
2020-04-16 03:24:07.619071	u/kingofthunder123	fnkc750	u/Username-Taken-01	fnjfkrs	C
2020-04-16 03:24:42.276894	u/Mugiwara_AF	fnkc8eq	u/tulsaflowers	fnkbw4t	C
2020-04-16 03:25:30.892598	u/okctool	fnkcakl	u/A_soggy_nugget	fnjvn3s	C
2020-04-16 03:25:57.415633	u/SharkMilk	fnkcbg1	u/Penguin2453	fnk8ivk	C
2020-04-16 03:26:22.935277	u/JimboDile	fnkcciv	u/Baconman123654	fnka526	C
2020-04-16 03:27:22.194134	u/thiccdaddy3000	fnkcer1	u/Baxterdaxter	fnkcdi8	C
2020-04-16 03:27:39.598201	u/Dark-Nova1273	fnkcfly	u/didgoribattle	fnkagzr	C
2020-04-16 03:27:58.551739	u/StitchIsACrackhead	fnkcg75	u/ConfusedSarcasm	fnk9ujk	C
2020-04-16 03:28:33.896213	u/dirtyMSzombie	fnkchv4	u/mangdani282	fnjqtw9	C
2020-04-16 03:28:54.304364	u/RuhanUR	fnkciuo	u/Ben_0923	fni1ubn	C
2020-04-16 03:29:10.267789	u/Melodic_Passion	fnkcjqq	u/Bruh_Bot_	fnkb7wg	C
2020-04-16 03:29:14.361881	u/GeorgiaOKeefinItReal	fnkcjwd	u/Jofe7	fnjuukk	C
2020-04-16 03:30:51.818442	u/TheAkmenos	fnkcoo4	u/lWanderingl	fnkcctj	C
2020-04-16 03:30:58.663292	u/chielmdv	fnkcow3	u/mrboat-man	fnjkrf5	C
2020-04-16 03:31:43.382265	u/that_tall_nerd	fnkcqa5	u/Boberoo2	fnk6l70	C
2020-04-16 03:31:59.484890	u/luis-1101	fnkcqsn	u/YuvrajPrime	fnjn5m1	C
2020-04-16 03:33:03.882209	u/grandwizard-gandalf	fnkcst5	u/mangdani282	fnjqtw9	C
2020-04-16 03:33:58.077894	u/shifu--master_shifu	fnkcuy5	u/WE_FEE	fnkcrpi	C
2020-04-16 03:34:30.274564	u/thephantomstryfe	fnkcw06	u/acrobatsmat	fni1of1	C
2020-04-16 03:34:45.239001	u/Robin-Ja-Robin	fnkcwj8	u/Angoose3401	fnj3fqb	C
2020-04-16 03:34:49.406056	u/try_and_error	fnkcwr7	u/TheMishOfficial	fnk0ipm	C
2020-04-16 03:35:10.989975	u/Kokotnik	fnkcx5g	u/sethc26	fnk8fyd	C
2020-04-16 03:36:28.400453	u/jimmy_rickar	fnkcz8v	u/M112theboss	fnk9hc4	C
2020-04-16 03:36:37.211189	u/MeneerDavid	fnkczi4	u/NiceLettuce4	fnj2cr5	C
2020-04-16 03:37:00.426405	u/DrewTheZamboni	fnkd0iu	u/RiverSilent71	fnkcspb	C
2020-04-16 03:37:02.249238	u/LilThinMints	fnkd0jz	u/Legojedi73	fnjw3s8	C
2020-04-16 03:37:27.653014	u/Somerandomdude201	fnkd1dz	u/BlazeIsThanos	fnkcztb	C
2020-04-16 03:37:35.970802	u/BlackBadBandit	fnkd1xk	u/IHatePineapplePizzaa	fnjbmiy	C
2020-04-16 03:37:44.521575	u/Keklipse	fnkd27z	u/ShadowStrike2	fnk44pt	C
2020-04-16 03:38:00.284265	u/roisterthedoister	fnkd2gd	u/Rider2418	fnjohz9	C
2020-04-16 03:38:07.827842	u/PirateCatDot	fnkd2p4	u/Coffee_Mania	fnkc635	C
2020-04-16 03:38:42.830361	u/YannesTM	fnkd4df	u/sxeli	fnka85z	C
2020-04-16 03:38:47.784582	u/KewlKiwiKed	fnkd4iv	u/cookie71173	fnk1cmi	C
2020-04-16 03:39:29.936907	u/Aukrust	fnkd6av	u/Tobiwan03	fnkc6zj	C
2020-04-16 03:39:37.926100	u/PianoDevil	fnkd6ld	u/Manzar534	fnkd4fi	C
2020-04-16 03:39:45.383991	u/TehSalmonOfDoubt	fnkd70v	u/JoanneKerlot	fnkbld0	C
2020-04-16 03:40:46.427917	u/ajay091011	fnkd96t	u/RobinoWB	fnkd7yd	C
2020-04-16 03:41:06.306770	u/bruhmonsterboi	fnkd9ly	u/velvet_egg	fnkd4o9	C
2020-04-16 03:41:56.775082	u/PlameCarBoat	fnkdans	u/OFWGKTV	fnjlxot	C
2020-04-16 03:42:40.904204	u/crack_kittens	fnkdbzn	u/ass-holes	fnkc680	C
2020-04-16 03:42:56.332596	u/very_vulgar_virgo	fnkdcjv	u/fortnitegamertimdunk	fnk7m77	C
2020-04-16 03:43:04.293912	u/LittlePickling	fnkdcsf	u/Frawgsssss	fnjugdo	C
2020-04-16 03:43:07.412891	u/nastynarwhal05	fnkdcvd	u/VxTOMBSTONExV	fnkdbs4	C
2020-04-16 03:43:14.909407	u/Mooloo52	fnkdd2a	u/RepostSleuthBot	fnjrfbm	C
2020-04-16 03:43:40.484268	u/gerardolasagna	fnkde9h	u/ya_boi_Tits	fnkda9q	C
2020-04-16 03:44:16.897055	u/ScifMilch	fnkdfbc	u/Yeomans316	fnkd4xj	C
2020-04-16 03:44:29.929328	u/EifertGreenLazor	fnkdfjp	u/Sly_Mong00se	fnk9cad	C
2020-04-16 03:44:33.783666	u/Graf-Fruchtsalat	fnkdfl4	u/Zafk13l	fnk4rx9	C
2020-04-16 03:45:24.996662	u/SuperJJdiamond	fnkdhfp	u/Corpral_Bubbles	fnjax48	C
2020-04-16 03:45:30.991493	u/slippyboi420	fnkdhmh	u/nastynarwhal05	fnkdbfw	C
2020-04-16 03:46:27.347871	u/travis1oo	fnkdjfh	u/RepostSleuthBot	fnk6ss0	C
2020-04-16 03:47:14.602917	u/Oihso	fnkdkot	u/MicDeJo	fnka4h3	C
2020-04-16 03:47:41.676740	u/iggswiik	fnkdlfa	u/MicDeJo	fnkca0g	C
2020-04-16 03:48:26.504945	u/flingingpoop	fnkdnld	u/duy1008	fnkd3m1	C
2020-04-16 03:48:48.450107	u/ChiefChiripa	fnkdogn	u/THExCHOSENxJOSH	fnkdnqv	C
2020-04-16 03:51:03.241281	u/durantas	fnkdth7	u/EvilNaziPatriarchist	fnkcipv	C
2020-04-16 03:51:36.999007	u/david_ghirbo04	fnkduck	u/ExtronDark9	fnk95j5	C
2020-04-16 03:53:10.700804	u/Trymlus	fnkdxae	u/Mike_Diz	fnkdjft	C
2020-04-16 03:53:14.729821	u/Av0cad0111	fnkdxar	u/Abdullx200	fnkdw4d	C
2020-04-16 03:53:45.262384	u/mystarduck	fnkdy9v	u/Gammont360	fnkc2ya	C
2020-04-16 03:54:35.858889	u/Celestial_Apollo	fnkdzxm	u/very_vulgar_virgo	fnkdcjv	C
2020-04-16 03:54:45.911361	u/SadisticBiscuit	fnke0ni	u/Burkey207	fnjhte9	C
2020-04-16 03:54:51.760207	u/CurrentlyNotOnReddit	fnke0o8	u/Manzar534	fnkdil6	C
2020-04-16 03:57:08.552583	u/babygodzilla69420	fnke5z0	u/-NastyPlatypus-	fnke54m	C
2020-04-16 03:57:13.664410	u/burritobiscuit_	fnke66n	u/Chordstrike1994	fnk2e89	C
2020-04-16 03:57:18.403523	u/amreinj	fnke68u	u/NCRedditWanderer	fnjwm4y	C
2020-04-16 03:57:28.796523	u/Choc99Luftballons	fnke6se	u/complexxt	fnk0xsg	C
2020-04-16 03:57:41.270932	u/TbuckyFilms	fnke7jc	u/Jasper455	fnjywxq	C
2020-04-16 03:58:15.740819	u/Bone_charmer	fnke96y	u/artfillin	fnkdwdb	C
2020-04-16 03:58:37.741471	u/fabiothefenix69	fnkeae0	u/MakeLord95	fnj1ywj	C
2020-04-16 03:58:45.307349	u/yeet10136086	fnkean5	u/Kalistropha	fnkats1	C
2020-04-16 03:58:54.135266	u/A_Wild_VelociFaptor	fnkeaya	u/seimme	fnk82b6	C
2020-04-16 03:59:06.258828	u/420dankmemer69	fnkebqf	u/TwoSampleTTest	fnh4imb	C
2020-04-16 03:59:09.484221	u/n0_w_0ne	fnkebrt	u/fifloveafssf	fnkc3l6	C
2020-04-16 03:59:27.977716	u/Prof_Awesome_GER	fnkece5	u/Blakk_exe	fnkdrbt	C
2020-04-16 03:59:39.713571	u/lankstyle	fnked50	u/fifloveafssf	fnkc3l6	C
2020-04-16 03:59:51.982373	u/Sandyeye	fnkeeb3	u/ZoomZombie1119	fnk4ejp	C
