2020-04-16 09:00:31.157402	u/YanaB123	fnkw1w9	u/Omnom3709	fnkvupl	C
2020-04-16 09:00:42.784445	u/Betong34	fnkw266	u/Baxterdaxter	fnkfoos	C
2020-04-16 09:00:53.021556	u/Batdude110	fnkw2j4	u/Pyrocrite	fnkvvhg	C
2020-04-16 09:01:57.091809	u/H4msterr	fnkw4t1	u/RepostSleuthBot	fnktz93	C
2020-04-16 09:02:05.559095	u/Mhoalomar	fnkw4w2	u/GloriousMemelord	fnkvtvx	C
2020-04-16 09:02:07.805242	u/ItsKristinG	fnkw4yz	u/bubblegun9474	fnktvhl	C
2020-04-16 09:02:10.031450	u/DR_DRM_13	fnkw4zr	u/colorsofsound1	fnknuvw	C
2020-04-16 09:02:30.071077	u/cookie_crave	fnkw5gt	u/Zombvivor	fnk34yf	C
2020-04-16 09:03:00.885459	u/BetsyAndEmile	fnkw63e	u/TrojanSpartan	fnkveun	C
2020-04-16 09:03:03.064475	u/orinstine	fnkw66i	u/wirnra2004	fnkvurk	C
2020-04-16 09:05:03.457875	u/saaeer	fnkwapf	u/Svagis177cz	fnkw84o	C
2020-04-16 09:06:29.458830	u/BippyTheChippy	fnkwd3g	u/Mattyboi469	fnkrpnp	C
2020-04-16 09:06:52.213622	u/TheVoice106point7	fnkwdta	u/the-fnaf-ar-shreck	fnkup2m	C
2020-04-16 09:07:22.890339	u/leonkoelsch	fnkwf1s	u/Surely_Not_NSA	fnksfau	C
2020-04-16 09:07:34.575685	u/Sir-Goldenus-Gamus	fnkwfib	u/ass-holes	fnkc680	C
2020-04-16 09:07:40.555243	u/cinos018	fnkwfnr	u/yuki103388	fnknr2n	C
2020-04-16 09:07:42.395645	u/Mucha_Zabijak	fnkwfol	u/wheresmythermos	fnkwd1a	C
2020-04-16 09:07:45.152062	u/_Point_Break_	fnkwfv6	u/Gauntlets28	fnj7zv1	C
2020-04-16 09:07:56.974756	u/Eldrabun	fnkwg2v	u/Volnas	fnkqrta	C
2020-04-16 09:08:09.858780	u/ahu-bhai	fnkwghr	u/Surely_Not_NSA	fnkwdc2	C
2020-04-16 09:08:16.619628	u/Tzarkyzer	fnkwgsk	u/JoWi_	fnko8i4	C
2020-04-16 09:08:27.297263	u/GammaMango	fnkwh9w	u/TrevTrevv99	g2dmm7	S
2020-04-16 09:08:40.051794	u/psychopac3	fnkwhp2	u/bananacc	g2akkg	S
2020-04-16 09:09:05.096753	u/SlightTumbleweed	fnkwiky	u/XxStrikerekirtSxX	fnkwfov	C
2020-04-16 09:09:11.350091	u/Madjeweler	fnkwitj	u/Anime_Blushies	fnkvdbo	C
2020-04-16 09:09:49.705197	u/danacsko	fnkwjux	u/SuperStrike05	fnkpc0h	C
2020-04-16 09:10:00.101407	u/Manoflemoyne	fnkwkgs	u/That-Sandy-Arab	fnji9w9	C
2020-04-16 09:10:33.916891	u/nub_node	fnkwl3e	u/AnkitSaha_013	g28vjh	S
2020-04-16 09:11:15.348662	u/StickYourDickInMom	fnkxoav	u/GloriousMemelord	fnkxmvy	C
2020-04-16 09:11:53.985575	u/loveeverymemes	fnkxpg0	u/Alpha_479	fnkxdyn	C
2020-04-16 09:12:01.531463	u/ajmalyou	fnkxplp	u/mohamedihab2003	fnkxi0t	C
2020-04-16 09:12:29.926505	u/elgriego95	fnkxqu7	u/bentri010	fnkgiob	C
2020-04-16 09:12:43.922603	u/AlienTrace	fnkxrcu	u/MrKeepr	fnkfd0q	C
2020-04-16 09:13:17.748466	u/WAVY_KIWII0401	fnkxs3z	u/LaserTaser_LT	fnks8we	C
2020-04-16 09:13:19.955978	u/oatmillet	fnkxs6p	u/FishingHobo	fnkxb4a	C
2020-04-16 09:13:36.341771	u/kitub100	fnkxsls	u/Ten_Dobrej	fnkxq88	C
2020-04-16 09:14:08.153925	u/Mr_Mattrez	fnkxtzw	u/d-o-o-p-w	fnkxp4g	C
2020-04-16 09:15:04.059008	u/AuTisTiC-LibBtaRd	fnkxvr9	u/Pewdiepiedabezt	g23v61	S
2020-04-16 09:15:33.678173	u/pink-potatoe	fnkxwce	u/fifloveafssf	fnkbvmc	C
2020-04-16 09:16:22.028748	u/theEndWasShit	fnkxxw6	u/Grazthespaz	fnkxwmh	C
2020-04-16 09:17:23.475784	u/Yeetichris	fnkxzvk	u/Tobiwan03	fnknav6	C
2020-04-16 09:18:21.663698	u/JorJoe05	fnky2dz	u/IKATORO999	fnkriu6	C
2020-04-16 09:18:39.404705	u/ddt223	fnky30z	u/overbowme	fnkwwca	C
2020-04-16 09:18:44.224788	u/Zefotru	fnky36h	u/NeutronZanada	fnkgwvw	C
2020-04-16 09:18:58.236426	u/steve-97	fnky3xz	u/adwait199	fnkhfrd	C
2020-04-16 09:19:01.739979	u/DEEPfriedLEMONADE	fnky41a	u/Photographer10101	fnkrq8y	C
2020-04-16 09:19:11.825926	u/TakyoTacos	fnky4cd	u/JustMobsReddit	fnkxif5	C
2020-04-16 09:19:26.799261	u/MonstaSlaya00	fnky4ly	u/fernanchistera	fnkxmjr	C
2020-04-16 09:19:28.545671	u/Daii_Tenshi	fnky4wf	u/Le_we_02	fnkx66o	C
2020-04-16 09:19:30.889364	u/corollakid	fnky4x1	u/E-L-O-N_M-U-S-K	fnku94b	C
2020-04-16 09:19:35.366768	u/thfc11189	fnky56b	u/gronkulus	fnkkccd	C
2020-04-16 09:19:40.448611	u/DeMoN_MoNkEy02	fnky5f3	u/carterjazz	fnkutlb	C
2020-04-16 09:19:51.403210	u/VictoriaPoloo	fnky641	u/schn4uzer	fnkpnrg	C
2020-04-16 09:20:57.827991	u/Penguin_Loves_Robot	fnky8cf	u/Photographer10101	fnksyl1	C
2020-04-16 09:21:11.628013	u/Hyperb2002	fnky8on	u/Alabama_autistic	fnkt1st	C
2020-04-16 09:22:06.117515	u/Zer0Hiro	fnkyakx	u/someonefinaly	fnkmwio	C
2020-04-16 09:22:11.466737	u/_Hellchic_	fnkyap5	u/titmouse_420	fnkmdod	C
2020-04-16 09:22:28.909135	u/ThomasKEKW	fnkyb0a	u/Bruh_Bot_	fnkkm1b	C
2020-04-16 09:22:32.844771	u/Noturmothershandle	fnkyb3h	u/random4739264	fnkr9c7	C
2020-04-16 09:23:27.340575	u/LiveForPanda	fnkyct0	u/yugeyy	fnky4d3	C
2020-04-16 09:23:49.984516	u/Serious-Jim	fnkydk2	u/A_Silver_Turtle	fnkw8k1	C
2020-04-16 09:24:05.180889	u/Hackerman9084	fnkydwf	u/AK24ROCKS	fnkyacn	C
2020-04-16 09:24:17.064590	u/Declanthekid	fnkye8b	u/Foot38	fnky6wj	C
2020-04-16 09:25:27.804139	u/Za_Ark	fnkygfy	u/Voxesness	fnkx5wa	C
2020-04-16 09:25:44.266039	u/Razulisback	fnkygz6	u/infent0ne12	fnkxxa4	C
2020-04-16 09:25:56.261283	u/Nightseyes	fnkyhej	u/thfc11189	fnky56b	C
2020-04-16 09:26:55.192359	u/dank_survive	fnkyj0w	u/overbowme	fnkyd2v	C
2020-04-16 09:27:40.919422	u/BeastBoyUnknown	fnkyk96	u/Dark-Nova1273	fnkcfly	C
2020-04-16 09:28:05.402281	u/IgimusPrime	fnkylew	u/UnderSleek500	fnkxwx9	C
2020-04-16 09:28:38.651155	u/Vlado_TM	fnkyml6	u/cakeweefs	fnk9t8h	C
2020-04-16 09:28:53.458663	u/PS4Sorcerer	fnkyn86	u/Sir-Goldenus-Gamus	fnkwrrp	C
2020-04-16 09:29:06.319445	u/OliGuy5	fnkynmd	u/ozymandias-js	fnkyfok	C
2020-04-16 09:29:11.015904	u/UnhelpfulPrism	fnkynyw	u/taiaguu	fl8jvme	C
2020-04-16 09:29:23.117074	u/Charmender2461	fnkyol6	u/Pewdiepiedabezt	fnjms8y	C
2020-04-16 09:30:16.514136	u/jdmontez	fnkyruo	u/McWillerb7	fnkypg6	C
2020-04-16 09:31:21.798514	u/_Gman_66	fnkyti8	u/superman5837	flul9hf	C
2020-04-16 09:31:25.583406	u/Got1Job	fnkytll	u/TiTo4Nuke	fnkygnk	C
2020-04-16 09:32:01.298096	u/FedwithXanax	fnkyufc	u/OscarTheAbuser	fnj3yfi	C
2020-04-16 09:32:14.572294	u/loverintitledparents	fnkyuu0	u/OwO-Man-13	fnftbz3	C
2020-04-16 09:33:02.837218	u/ImSimulated	fnkywmv	u/Wilhelm_1871	fnk1r6e	C
2020-04-16 09:33:07.443118	u/ame_lia_h	fnkywqq	u/NoahSamboa	fnklwbo	C
2020-04-16 09:33:14.793204	u/Astrid__z	fnkyx1m	u/d-o-o-p-w	fnkxevl	C
2020-04-16 09:33:25.245253	u/nopuffinplease	fnkyxgr	u/Barman-the-alcoholic	fnkye28	C
2020-04-16 09:33:51.372241	u/Hypre4	fnkyy4r	u/OkFish4	fnkveb6	C
2020-04-16 09:33:59.989559	u/ZageStudios	fnkyym1	u/Cat_Dip	fnkyur8	C
2020-04-16 09:34:03.157355	u/mediumsteak1	fnkyym7	u/xOK4M1	fnkyj8e	C
2020-04-16 09:34:11.545936	u/terrario101	fnkyyst	u/iiPrivate_YT	fnky9sb	C
2020-04-16 09:34:35.295519	u/ItsMeKepler	fnkyzo4	u/FeetSauce3	fnkqy9o	C
2020-04-16 09:35:06.098052	u/White_lord666	fnkz0pb	u/reaper-is-happy	fnkywdy	C
2020-04-16 09:35:18.163079	u/BlockBuster3221	fnkz157	u/A_casual69	fnk7wur	C
2020-04-16 09:35:49.147994	u/GWuTB	fnkz2az	u/JoeyE-101	fnkyss8	C
2020-04-16 09:36:41.911608	u/DoggoCatLover	fnkz3vk	u/someonefinaly	fnkn95d	C
2020-04-16 09:36:52.271658	u/HealthierOverseas	fnkz444	u/ItsFrenzius	fnkqy1n	C
2020-04-16 09:38:26.537268	u/Cian0604	fnkz6yw	u/Andrei-O	fnkyfn3	C
2020-04-16 09:39:06.809343	u/PidgeyJB	fnkz8uk	u/yeet-pizza-with-a-T	fnkenkg	C
2020-04-16 09:39:08.225413	u/BATIM_FNAF	fnkz8w1	u/rock-solid-armpits	fnkz4g8	C
2020-04-16 09:39:14.924706	u/CraftingBlue28	fnkz94p	u/Himenim	fnkvirs	C
2020-04-16 09:39:32.305742	u/_TheS0viet_	fnkz9yv	u/Ronin_69_	fnkqrxx	C
2020-04-16 09:39:39.566527	u/SovietFarmer23	fnkza5l	u/ThisGirlLikesTurtles	fnkz7dp	C
2020-04-16 09:39:43.628471	u/emperoeragon	fnkzafu	u/icemage27	fnkg3x9	C
2020-04-16 09:40:14.462551	u/ReakerAwman	fnkzbvn	u/cessactdm	fnkxxmp	C
2020-04-16 09:40:41.276939	u/crayon_noir	fnkzd77	u/Vivalajav	fnknhct	C
2020-04-16 09:41:01.053390	u/SNPChurchill	fnkzduk	u/DeMoN_MoNkEy02	fnkz5jf	C
2020-04-16 09:41:29.010237	u/Dem_Normies	fnkzekk	u/WolffeCrow	fnkseas	C
2020-04-16 09:41:47.551660	u/M1nc3dM33t	fnkzf5u	u/ricorosali	fnjv6xn	C
2020-04-16 09:42:29.853539	u/just_didi	fnkzgq2	u/ultraman7676	fnkyx1t	C
2020-04-16 09:43:17.096471	u/Naverone_	fnkzhth	u/amreinj	fnke68u	C
2020-04-16 09:43:55.646342	u/SewerGuide	fnkzjav	u/PeteyGANG	fnkjalc	C
2020-04-16 09:44:01.047752	u/-periscope-	fnkzjeu	u/BATIM_FNAF	fnkz8w1	C
2020-04-16 09:44:13.997862	u/The_Hunter37	fnkzjqq	u/yeetmeintoablackhole	fnkjptw	C
2020-04-16 09:44:29.807729	u/ChunkyCocoKnut	fnkzk58	u/brohemianrasputin	g21ga8	S
2020-04-16 09:45:43.737456	u/J4ckdaw1715	fnkzlny	u/GWuTB	fnkz2az	C
2020-04-16 09:45:51.176037	u/drylube	fnkzlvr	u/Nightseyes	fnkyhej	C
2020-04-16 09:45:54.161226	u/Bakafly	fnkzm04	u/Pleasant-Albatross	fnkzhun	C
2020-04-16 09:46:28.070914	u/Paeri69	fnkznfz	u/platinum_1212	fnkqnxd	C
2020-04-16 09:47:14.529675	u/wksjkjxhrjlzsbv	fnkzowe	u/Timthepizza	fnky0q2	C
2020-04-16 09:47:41.271011	u/ObsidianOrangutan	fnkzqd7	u/Donner115	fnj2vvp	C
2020-04-16 09:47:43.096695	u/you-shall-not-meme	fnkzqdb	u/SnowySupreme	fnkyqtl	C
2020-04-16 09:48:11.700331	u/Cometguy7	fnkzrnz	u/INSANE-BRAD-500	fnkyp9i	C
2020-04-16 09:48:47.900474	u/TeaTimeSubcommittee	fnkzteh	u/BlueTyranno	fnkqggs	C
2020-04-16 09:48:59.059676	u/supersamurai445	fnkzttl	u/PhantomPheonix04	fnk99ag	C
2020-04-16 09:50:57.925958	u/KingVibezzz	fnkzzlk	u/invertedzombie12	fnk387v	C
2020-04-16 09:51:26.951584	u/JamSandwichZZX	fnl00s5	u/sasgabor	fnkex9z	C
2020-04-16 09:51:33.060599	u/datboi420lit	fnl00ti	u/Blyat_Gopnik	fnkzycf	C
2020-04-16 09:51:52.839672	u/Some-random-one	fnl01d3	u/Jace-Ace	fn3v2qu	C
2020-04-16 09:52:19.339587	u/Hotdogvomit	fnl1iht	u/TAiMUR-ALi	fnkgjcm	C
2020-04-16 09:52:25.954030	u/TAOL_Beast	fnl1inb	u/TheChocolateCray	fnl1hi8	C
2020-04-16 09:52:49.360718	u/SupaHotFire007	fnl1j0r	u/RetardsBeLike	fnky72q	C
2020-04-16 09:53:04.139019	u/TronyXES	fnl1jl3	u/platinum_1212	fnkqnxd	C
2020-04-16 09:53:11.889652	u/reidswetapples	fnl1jow	u/Octorangis	fnl1djk	C
2020-04-16 09:53:45.591884	u/thisbemymania	fnl1kh0	u/YTFatGuyGaming	fnkzda8	C
2020-04-16 09:53:49.050889	u/Dota2TradeAccount	fnl1kkg	u/MightBeYourDad_	fnksunm	C
2020-04-16 09:54:02.522100	u/pazzo17	fnl1kw5	u/RageMemesAreTheBest	fnl1b9p	C
2020-04-16 09:54:04.686892	u/ATCOSTTEHMEMER	fnl1kxe	u/Adolf__Hitler69420	fnkuhhx	C
2020-04-16 09:54:19.454185	u/jordanundead	fnl1ldv	u/GravityFallsChicken	fnl1e56	C
2020-04-16 09:54:21.595974	u/Guiderlippi	fnl1lj3	u/TheNiceKiller15	fnkvkvr	C
2020-04-16 09:54:53.339098	u/Sky_th3_third	fnl1miv	u/MakkoTheMemeLord	fnl1hnr	C
2020-04-16 09:55:25.688990	u/BlokeWithDaJoke	fnl1o35	u/YoHomie99	fnl1ky1	C
2020-04-16 09:55:34.902902	u/morithum	fnl1oah	u/Yaboialaind	fnkoaq5	C
2020-04-16 09:55:36.914955	u/Julianstelvio	fnl1omm	u/ChrissyStepford	fnk3sa5	C
2020-04-16 09:56:20.324185	u/EvilHamster59	fnl1pz7	u/TNerdy	fnknp8u	C
2020-04-16 09:56:57.881204	u/goofysquad	fnl1rfp	u/Switcheroe	fnl1awv	C
2020-04-16 09:57:12.654803	u/bennettadam115	fnl1rua	u/mea_monte	fnl17v2	C
2020-04-16 09:57:17.261241	u/UnepicDumbass	fnl1rzj	u/Lemon_Lord1	fnl1lus	C
2020-04-16 09:57:31.385284	u/Chaotic_Boots	fnl1sji	u/Greg-2012	fnl17sr	C
2020-04-16 09:57:41.837343	u/SRIOUS_GAMER	fnl1tjq	u/ashwinchandran13	fnkx3zn	C
2020-04-16 09:57:56.150944	u/username_unknown___	fnl1ubv	u/m_keast26	fnl1nl5	C
2020-04-16 09:58:08.330516	u/derpy645	fnl1v01	u/Brickbuilder0668	fnk2azm	C
2020-04-16 09:58:20.640159	u/kleuname	fnl1vd8	u/Gabo71	fnjkngd	C
2020-04-16 09:58:26.727763	u/SerAlchemystic	fnl1vp8	u/MistaJayJay	fnl1qo6	C
2020-04-16 09:59:04.197826	u/SIR_FRUITY	fnl1xre	u/expwizard360	fnjk0am	C
2020-04-16 09:59:18.871811	u/DixBeFappin69420	fnl1yez	u/RepostSleuthBot	fnkz3qi	C
2020-04-16 09:59:30.611750	u/manwithasmallpenis	fnl1z8p	u/tillhop19	fnl0sda	C
2020-04-16 09:59:59.985264	u/AlexGera	fnl228g	u/caitreign	fnl1glp	C
