2020-03-21 14:47:45.230143	u/YourAveragePerson101	fl4m29g	u/modern_problems	fl3wzy9	C
2020-03-21 14:47:45.914174	u/pissybaby69	fl4m2b7	u/AutoModerator	fl4lcov	C
2020-03-21 14:48:14.014900	u/olek32454	fl4m3gc	u/RepostSleuthBot	fl4ab0b	C
2020-03-21 14:48:43.889194	u/Britishmaninyankland	fl4m4n7	u/Faustonreddit	fl4kfjb	C
2020-03-21 14:48:45.069387	u/TheEtherealknight	fl4m4zv	u/pissybaby69	fl4m42d	C
2020-03-21 14:48:54.658642	u/Ender_The_BOT	fl4m5mn	u/RepostSleuthBot	fl4m07d	C
2020-03-21 14:49:15.217467	u/Vengefulseven	fl4m7m0	u/Pandaa210	fl4f7nw	C
2020-03-21 14:49:19.200643	u/ComfortableAnxiety6	fl4m4s0	u/scps53770	fl4l0qf	C
2020-03-21 14:49:19.603984	u/westerncombat	fl4m4z0	u/Twistedcrane	fl4dt33	C
2020-03-21 14:49:20.026752	u/BeanManEatsBeans	fl4m4zc	u/pissybaby69	fl4m1dk	C
2020-03-21 14:49:20.960122	u/proprrr	fl4m5nc	u/RepostSleuthBot	fl4m3kx	C
2020-03-21 14:49:31.908349	u/Mindless_Username	fl4m7i3	u/Fickle-Cap	fl43mbo	C
2020-03-21 14:49:36.853215	u/jacob_l_42	fl4m7z8	u/RepostSleuthBot	fl4ab0b	C
2020-03-21 14:49:39.707926	u/imyetihearmero	fl4m877	u/currymonster3000	fl4gyfg	C
2020-03-21 14:49:45.675967	u/CommunistQwerty	fl4m95k	u/lass896a	fl4c4x2	C
2020-03-21 14:49:48.375981	u/dumbopinion101	fl4m7an	u/A_shovel_	fl4m06q	C
2020-03-21 14:50:20.111207	u/randomation36	fl4mam2	u/pissybaby69	fl4m0hu	C
2020-03-21 14:50:37.742475	u/Olijvje1	fl4mb9k	u/CommunistQwerty	fmhyw1	S
2020-03-21 14:50:59.165546	u/rightthenyoulittlesh	fl4mcck	u/modern_problems	fl4hw8j	C
2020-03-21 14:51:34.720761	u/Honkey_Donkey69	fl4mdl3	u/CommunistQwerty	fl4maao	C
2020-03-21 14:51:56.867479	u/lettuce_umberella	fl4mepi	u/Vile-Bagger	fl4g9en	C
2020-03-21 14:52:14.704961	u/Mk_Money2021	fl4mfb4	u/Kirby-For-Life05	fl4fwdh	C
2020-03-21 14:52:51.141287	u/brammage8	fl4mh7c	u/Britishmaninyankland	fl4m4n7	C
2020-03-21 14:52:56.733729	u/WalkingBuk	fl4mhl1	u/yeetdablitfam	fl4i9pb	C
2020-03-21 14:53:00.572599	u/uptousflamey	fl4mhsx	u/Cottoncandyskiesthrw	fl42a3v	C
2020-03-21 14:53:17.478340	u/LazerGamer28	fl4mj31	u/Cathal19Byrne	fl3j09d	C
2020-03-21 14:53:55.564896	u/Hypererra	fl4mkua	u/representmcforyouth	fl47nm7	C
2020-03-21 14:54:04.795932	u/nahamemes	fl4ml8k	u/phuckmyluck	fl46ypf	C
2020-03-21 14:54:17.929893	u/shmittythefirst	fl4mlue	u/AutoModerator	fl3s9wf	C
2020-03-21 14:54:18.984839	u/m0nk37	fl4mlxp	u/xxTitanxx7272	fl4d2ip	C
2020-03-21 14:54:35.856952	u/LodtheFraud	fl4mmxv	u/drewmanchu74	fl4kb23	C
2020-03-21 14:54:36.848038	u/Just2Megafan	fl4mn0u	u/CowCluckLated	fl4l8sk	C
2020-03-21 14:55:52.089271	u/V_tdrF	fl4mpir	u/pissybaby69	fl4mai6	C
2020-03-21 14:57:11.664115	u/ramen_rooster	fl4mt2p	u/finchw53	fl433o7	C
2020-03-21 14:57:23.449692	u/VHallinto	fl4mt6v	u/LilJapKid	fl4ldbx	C
2020-03-21 14:58:00.990758	u/Themurlocking96	fl4musm	u/potatoooo66planet	fl4m8je	C
2020-03-21 14:58:08.901040	u/PancakeStack654	fl4mv2c	u/pissybaby69	fl4lrts	C
2020-03-21 14:58:16.070062	u/jirka_thesloth	fl4mvfl	u/AutoModerator	fl4mpib	C
2020-03-21 14:58:17.603031	u/Kelvinrambam	fl4mvk7	u/pissybaby69	fl4m77s	C
2020-03-21 14:58:30.995338	u/DogeyKid	fl4mvzi	u/A_shovel_	fl4lvmy	C
2020-03-21 14:59:19.084096	u/Freak7factor	fl4mzel	u/Cathal19Byrne	fl3j09d	C
