2020-04-07 05:00:42.043617	u/hiderssss	fmo82ow	u/TheAxzelerReloaded	fmo6x2p	C
2020-04-07 05:03:43.479745	u/Sir_Fapp_Alot	fmo93sb	u/Rascal24-Gaming	fmo91gd	C
2020-04-07 05:04:24.641053	u/_Andry2001_	fmo94cd	u/Anim0taku	fmo8y18	C
2020-04-07 05:05:08.714270	u/Memstaah	fmo954w	u/Kamikaze03	fmo92t0	C
2020-04-07 05:05:50.905941	u/poopoovotcom	fmo95p4	u/Montelion	fmo8t0v	C
2020-04-07 05:05:56.592531	u/Nqkis	fmo95p6	u/MssDevil	fmo8pys	C
2020-04-07 05:05:58.677375	u/BIg_aj_Nibba	fmo95qj	u/RepostSleuthBot	fmo5s05	C
2020-04-07 05:06:35.044076	u/goSciuPlayer	fmo96a3	u/A-maze-ing_Henry	fmo7hpu	C
2020-04-07 05:06:47.363184	u/poopoovotcom	fmo96ev	u/xXCRAZYIDEAXx	fmo2vqf	C
2020-04-07 05:07:01.520895	u/EvilDragonKnight	fmo96ls	u/janhetjoch	fmo8q0u	C
2020-04-07 05:07:13.594356	u/poopoovotcom	fmo96u4	u/69CR1T1CAL420	fmo6tna	C
2020-04-07 05:07:35.429193	u/poopoovotcom	fmo979a	u/SomberRc3d	fmo77ar	C
2020-04-07 05:09:01.478007	u/whatevertfusay	fmo98wl	u/uglybabyboyman	fmo91ck	C
2020-04-07 05:09:29.373591	u/Johnnydipshit	fmo99er	u/Metalloid_Space	fmo6zb6	C
2020-04-07 05:09:31.577599	u/lidlman1230	fmo99f3	u/Montelion	fmo8t0v	C
2020-04-07 05:09:35.237068	u/SRKfranky	fmo99go	u/Anim0taku	fmo8y18	C
2020-04-07 05:09:56.617497	u/SRKfranky	fmo9ab9	u/tysonzatn	fmo8rap	C
2020-04-07 05:10:00.723048	u/YesSatan	fmo9anc	u/OKara061	fmo8dzl	C
2020-04-07 05:10:06.599931	u/SolarXMace	fmo9asi	u/Montelion	fmo8t0v	C
2020-04-07 05:10:12.080872	u/PersianPrince59	fmo9aup	u/Montelion	fmo8t0v	C
2020-04-07 05:10:47.202003	u/s3tsunai	fmo9b40	u/VanashinGlory	fmo3qph	C
2020-04-07 05:10:53.510428	u/SRKfranky	fmo9b4l	u/tysonzatn	fmnvuno	C
2020-04-07 05:10:57.915828	u/The_total_Shitlord	fmo9b6u	u/Persik39	fmo90kd	C
2020-04-07 05:11:10.860319	u/PersianPrince59	fmo9baw	u/PersianPrince59	fmo9aup	C
2020-04-07 05:11:16.889654	u/Dood71	fmo9bc3	u/Lucianoluxx	fmo71b3	C
2020-04-07 05:11:28.966593	u/imShady9	fmo9bf7	u/Montelion	fmo8t0v	C
2020-04-07 05:11:34.247029	u/SRKfranky	fmo9bis	u/Montelion	fmo8t0v	C
2020-04-07 05:11:41.852993	u/Focus5610	fmo9bkx	u/Seachto	fmo8m2h	C
2020-04-07 05:12:22.029268	u/jefferson_psg	fmo9bzt	u/marshmallow_fluff1	fmo99n6	C
2020-04-07 05:12:58.282483	u/GodShadow1337	fmo9c83	u/NMmrNice	fmo8e1c	C
2020-04-07 05:15:28.923819	u/Jushak	fmo9e1t	u/femmefataleperkele	fmmchd1	C
2020-04-07 05:16:10.500642	u/BruhMomentV5	fmo9ewt	u/Mini_Michael2	fmnuiq6	C
2020-04-07 05:16:20.265604	u/shravi1995	fmo9eyr	u/_Andry2001_	fmo94cd	C
2020-04-07 05:17:17.955844	u/smithmmarcus	fmo9fic	u/LuckyAceBlue	fmo8q2y	C
2020-04-07 05:17:28.200586	u/JoshTheTheorist	fmo9foz	u/jack3072	fmo9dr2	C
2020-04-07 05:17:30.952244	u/Lonewolf2450	fmo9fqi	u/MyJelloJiggles	fmnx4mi	C
2020-04-07 05:18:16.413900	u/The_Game_Doctor	fmo9g9b	u/HauntedHealer	fml6sp0	C
2020-04-07 05:18:35.092428	u/Flaiggy35	fmo9gmk	u/Ihmisboi	fmo8pfd	C
2020-04-07 05:18:39.427846	u/Zyperreal	fmo9gnz	u/DaniilBSD	fmo63zx	C
2020-04-07 05:19:02.208502	u/El_Dief	fmo9h2n	u/tanishq1798	fmo18k7	C
2020-04-07 05:19:22.561067	u/wowy-lied	fmo9hhx	u/OrgasmicLeprosy87	fmo7m2d	C
2020-04-07 05:19:30.317039	u/Dusty_Reaper24	fmo9hl5	u/wo0ooshme	fmo9cqn	C
2020-04-07 05:19:37.386375	u/apscep	fmo9ht2	u/Christhephotographer	fmnz555	C
2020-04-07 05:19:40.161291	u/Curtdragoon	fmo9hw9	u/moisturizer394	fmo4nf4	C
2020-04-07 05:19:41.505406	u/The_SpellJammer	fmo9hwk	u/yaboiprettyrich	fmo20wi	C
2020-04-07 05:19:51.323724	u/Spudmuffin_Reddit	fmo9i1p	u/JayChaos01	fmo9a32	C
2020-04-07 05:19:59.302229	u/DefinitelyNotAj	fmo9i8c	u/mghoffmann	fmo4r8a	C
2020-04-07 05:20:14.274234	u/haraha_rawletch	fmo9iif	u/Hdobfjsiv	fmo65p7	C
2020-04-07 05:20:30.601273	u/TosutoToastIsTaken	fmo9iqx	u/wowy-lied	fmo9hhx	C
2020-04-07 05:21:17.461843	u/Shrek-is-Coming	fmo9j9e	u/IvanStefkof	fmo9hxj	C
2020-04-07 05:21:42.198684	u/PlannedSword	fmo9jlu	u/alreasy	fmo3368	C
2020-04-07 05:22:33.697615	u/edwardsux	fmo9k3d	u/Hellothere200	fwgayz	S
2020-04-07 05:23:13.886131	u/JohnyCacao	fmo9km0	u/lmaon00b	fmo966u	C
2020-04-07 05:23:55.549836	u/seatheweed	fmo9l1r	u/lalala88888	fmo4r5j	C
2020-04-07 05:24:41.887180	u/__acre	fmo9lr0	u/Dav_the_genius	fmo5sm4	C
2020-04-07 05:24:57.933009	u/Kakyoin-milf-seeker	fmo9lta	u/dovedevic	fl2izeo	C
2020-04-07 05:25:09.261066	u/neelalohith	fmo9lvr	u/rifkinsdilemma56	fmo6x2u	C
2020-04-07 05:25:25.792156	u/xjasho	fmo9lzd	u/xxnoriginalname69xx	fmo88xv	C
2020-04-07 05:26:14.135370	u/NinjaChicken391	fmo9mpt	u/PersianPrince59	fmo8osx	C
2020-04-07 05:26:21.660586	u/BenningtonSophia	fmo9mqx	u/mohaee	fmo74vu	C
2020-04-07 05:26:30.666180	u/pewdielukas	fmo9mxp	u/SeriousUndead30	fmo7utk	C
2020-04-07 05:26:39.108369	u/ADesiIndian	fmo9mz9	u/icecube2210	fmo6xrm	C
2020-04-07 05:27:36.596296	u/BenningtonSophia	fmo9npl	u/Misbah2107	fmo8vpd	C
2020-04-07 05:28:29.602472	u/Meal_the_flak_bison	fmo9oue	u/yaboiprettyrich	fmo20wi	C
2020-04-07 05:28:33.645105	u/trenzzio	fmo9ouf	u/modern_problems	fmo3pe8	C
2020-04-07 05:29:14.208350	u/a_icecream_sandwich_	fmo9pma	u/SailingLiam	fmo74ns	C
2020-04-07 05:29:22.149745	u/abi17	fmo9pmv	u/avascrzyfknmom	fmntoog	C
2020-04-07 05:29:24.747131	u/awful_everything	fmo9pqi	u/wo0ooshme	fmo86o5	C
2020-04-07 05:29:57.748179	u/Dwez369	fmo9qmx	u/plz_pm_me_ur_doggos	fmo1s5u	C
2020-04-07 05:30:07.020972	u/badpak023	fmo9qum	u/onions_aggressively	fmnb5t1	C
2020-04-07 05:30:15.770168	u/MeMe_Queen6	fmo9qxr	u/Minibotas	fmo8a4s	C
2020-04-07 05:30:21.132417	u/ShyFrog	fmo9qye	u/ThwartAbyss54	fmo2qx6	C
2020-04-07 05:30:41.330166	u/Trextoasty	fmo9r4v	u/MyJelloJiggles	fmnx4mi	C
2020-04-07 05:31:59.308214	u/triplos05	fmo9s0p	u/dtaylortx	fmntrya	C
2020-04-07 05:32:33.806733	u/Long-Object	fmo9sen	u/Emble12	fmo6qdj	C
2020-04-07 05:32:50.488479	u/Squmy	fmo9sig	u/minev1128	fmo98s9	C
2020-04-07 05:33:09.050732	u/TonyTonyChop1	fmo9ss7	u/SeriousUndead30	fmo7utk	C
2020-04-07 05:34:44.432610	u/Ann0D0m1n1	fmo9uaz	u/Ingoingmage920	fmmyt6r	C
2020-04-07 05:34:59.758216	u/Buunnyyy	fmo9ud8	u/Rokkstar007	fwfkx0	S
2020-04-07 05:36:32.650494	u/-C6H8O6	fmo9vi6	u/wowy-lied	fmo9hhx	C
2020-04-07 05:36:52.194222	u/Kizunafist	fmo9vqt	u/wherethebreakfastat	fmm39ue	C
2020-04-07 05:36:55.056374	u/NotYeeter	fmo9vqu	u/sammyiwas	fmo9uby	C
2020-04-07 05:37:02.806896	u/moderndayconsequence	fmo9vv2	u/Bruh_Bot_	fmo9pwq	C
2020-04-07 05:37:13.164369	u/ryuu_13	fmo9vxl	u/Jianna_Ge	fmo9mpp	C
2020-04-07 05:37:28.601426	u/squabblebobble43543	fmo9w85	u/Dusty_Reaper24	fmo9dyp	C
2020-04-07 05:38:02.432535	u/my-love-come-back	fmoaz25	u/DustyDayz	fmoafrg	C
2020-04-07 05:38:27.155179	u/Pishong	fmoazs5	u/hellakoala	fmo4x36	C
2020-04-07 05:38:34.946179	u/GoldenMercy	fmoazxk	u/MyJelloJiggles	fmnx4mi	C
2020-04-07 05:38:41.187187	u/AHeroGodRegrets	fmoazzt	u/I_am_dead_inside04	fmoaz19	C
2020-04-07 05:39:07.384213	u/army396	fmob0iu	u/Dzilija	fmoaygs	C
2020-04-07 05:39:40.553276	u/SusalulmumaO12	fmob1g8	u/SireneHomme	fmnxseo	C
2020-04-07 05:39:43.402454	u/D1hego	fmob1kx	u/tysonzatn	fmnvuno	C
2020-04-07 05:40:03.359100	u/HisOnlyFriend	fmob2bd	u/jahallo4	fmoawdl	C
2020-04-07 05:41:03.520650	u/R3DD1TP3RS0N	fmob31o	u/XtremeBurrito	fmkyqzk	C
2020-04-07 05:41:33.666626	u/DeRotterdammert	fmob3hd	u/McFatFudge	fmob1aw	C
2020-04-07 05:45:41.234579	u/twistedbanshee	fmob7d9	u/Ignitetheinferno37	fmoak51	C
2020-04-07 05:45:53.599390	u/RaymenNoodley	fmob7it	u/tysonzatn	fmnvuno	C
2020-04-07 05:45:57.533175	u/loooji	fmob7l5	u/Methode_Type004	fmoauwb	C
2020-04-07 05:46:25.047222	u/J2HxPWNZ	fmob82b	u/Skycrapper_MnM	fmo5yr8	C
2020-04-07 05:47:18.455018	u/Tu6s	fmob975	u/a-name-of-a-user	fmmnrf1	C
2020-04-07 05:47:50.818003	u/jsthd	fmoba6h	u/iambossofthegame	fmnrhze	C
2020-04-07 05:49:04.417169	u/lazkopat211	fmobbuk	u/loooji	fmob7l5	C
2020-04-07 05:49:07.598307	u/Canc3rEntranc3r	fmobbvo	u/MaurixioZ	fmo89af	C
2020-04-07 05:49:18.654664	u/PoisonedPokemon	fmobc1z	u/Champion20648	fmlh89y	C
2020-04-07 05:50:12.505365	u/NoU287	fmobe3w	u/InstantName	fmo96k9	C
2020-04-07 05:51:02.405460	u/kkdwielki	fmobern	u/ThunderingSacks	fwfkg6	S
2020-04-07 05:51:16.982900	u/shiz-kray-z	fmobeua	u/JustKebab	fmo8xhc	C
2020-04-07 05:51:39.893122	u/DaPhillyKid	fmobf38	u/boxingkangeroo	fmo9y56	C
2020-04-07 05:53:09.489675	u/IgneousPutorius	fmobgbi	u/mohaee	fmo7nue	C
2020-04-07 05:53:45.572891	u/ShantanuSingh42	fmobgs8	u/dtaylortx	fmntrya	C
2020-04-07 05:54:18.242587	u/Zymiiiixxxx	fmobhbn	u/TJordanW20	fmnzksy	C
2020-04-07 05:54:40.285870	u/MyNameIsBarryAllen	fmobhqu	u/J2HxPWNZ	fmob82b	C
2020-04-07 05:54:48.456555	u/Toolboxmcgee	fmobhv9	u/TableForkTheThird	fmo8iyj	C
2020-04-07 05:55:02.557733	u/ZedIsHere	fmobhyw	u/Cute-catz-2	fmobbke	C
2020-04-07 05:56:10.152145	u/tea_cooler	fmobip5	u/u01aua1	fmob9b9	C
2020-04-07 05:56:13.133551	u/aleeeda1	fmobip9	u/SaltLife0118	fmnoosa	C
2020-04-07 05:56:30.511840	u/Mr_Jumbles	fmobiyx	u/Bruh_Bot_	fmobi0r	C
2020-04-07 05:56:47.703946	u/aggerbugge	fmobj65	u/Jack-Yow	fmobfi1	C
2020-04-07 05:57:35.394187	u/SampoBoy290	fmobjue	u/uglybabyboyman	fmoag9q	C
2020-04-07 05:59:20.079011	u/space-_-man	fmobm22	u/Sidnev	fmobim8	C
2020-04-07 05:59:32.740224	u/breis777	fmobmk6	u/A-maze-ing_Henry	fmo93i5	C
2020-04-07 05:59:37.642755	u/breis777	fmobmrb	u/Alperen1627Abaci	fmnvkam	C
2020-04-07 05:59:46.025860	u/Danz_HD	fmobmw0	u/TheCheeseBroker	fmo0n0o	C
