2020-04-16 20:00:46.516685	u/milkvevo	fnmzy37	u/FluuBk	fnku5hz	C
2020-04-16 20:01:31.625900	u/BR3ADIT	fnmzzli	u/jamescuteloot	fnmyfmt	C
2020-04-16 20:02:22.123274	u/BlakBeret	fnn01hx	u/Dexie205	fnmaiuq	C
2020-04-16 20:03:27.022071	u/gohan23456110	fnn04aq	u/JeepersRubicorn	fnmvftf	C
2020-04-16 20:05:14.436433	u/ZionPacMun	fnn08wa	u/ayrhemmeemes	fnmz180	C
2020-04-16 20:05:54.465884	u/-somethingnotfunny-	fnn0asb	u/SSJ-Tofu	fnmndma	C
2020-04-16 20:06:14.230084	u/MarkMyName64	fnn0bo9	u/nala4978	fnmyy2v	C
2020-04-16 20:08:02.480087	u/Roannem	fnn0hly	u/French_Bulldog	fnm9w1s	C
2020-04-16 20:08:08.495097	u/-achisgreat	fnn0hym	u/spudnik0069	fn5o06y	C
2020-04-16 20:08:23.545331	u/JSoriano0910	fnn0iil	u/memegod25	fnmzry4	C
2020-04-16 20:09:00.594824	u/mybois9696	fnn0lrc	u/orangehound	fnl6pt5	C
2020-04-16 20:09:09.482771	u/ruebleader	fnn0md5	u/justashadeaux	fnmx6co	C
2020-04-16 20:09:15.403664	u/Dqmon_	fnn0n0f	u/Chickiri	fnmv2rf	C
2020-04-16 20:09:28.810231	u/TEQ_SUPREME_KAI	fnn0o2x	u/SGCarnage	fnfk0f0	C
2020-04-16 20:09:32.064484	u/Xav171XD	fnn0oul	u/IDKIfSauceExists	fnmqk5g	C
2020-04-16 20:09:38.179618	u/imthatguy25	fnn0p8a	u/RepostSleuthBot	fnn0a4c	C
2020-04-16 20:09:41.112610	u/ksmitty63	fnn0pc5	u/IDKIfSauceExists	fnmqk5g	C
2020-04-16 20:09:52.211098	u/PuzzleheadedMonth7	fnn0q1b	u/ToLorien	fnmy0jy	C
2020-04-16 20:10:36.190995	u/thefringeseanmachine	fnn0rh6	u/Andre_Sun	fnmzdeh	C
2020-04-16 20:10:48.539176	u/69Cris69	fnn0rt8	u/PolypsychicRadMan	fnlmwfb	C
2020-04-16 20:11:16.744202	u/Jaster147	fnn0sxj	u/riko845	fnn0agb	C
2020-04-16 20:11:28.869308	u/SUGAR_SEX_MAGIK	fnn0t8s	u/Fantastic-2019	fnmq08k	C
2020-04-16 20:11:36.152569	u/Shahid_06	fnn0tob	u/ImHereForTheMemes184	fnmom32	C
2020-04-16 20:11:53.355631	u/Irdk_redditWoW	fnn0u91	u/DaBiz_017	fnmzloc	C
2020-04-16 20:12:23.933651	u/TreQuinip2706	fnn0vik	u/CleverBalloon	fnn00lo	C
2020-04-16 20:12:40.544929	u/Jongelino	fnn0woq	u/XNS_Films	fnmu2eb	C
2020-04-16 20:12:47.484453	u/remlabme	fnn0wta	u/InfiniteLiveZ	fnmst4v	C
2020-04-16 20:14:09.474995	u/Dangy91	fnn100l	u/Gnome_King1	fnmwsxv	C
2020-04-16 20:14:11.575370	u/PurpleThyRandom	fnn105m	u/FuckMenacingShoelace	fnm84nd	C
2020-04-16 20:14:27.037493	u/The-fat-potato-	fnn10tu	u/NDOfficial	fnlp5v7	C
2020-04-16 20:15:12.399961	u/Furry_4_Life	fnn12pk	u/KingOfMemes1233	fnlwhsx	C
2020-04-16 20:15:46.163648	u/patatost	fnn14dx	u/sirchaptor	fnmz2qt	C
2020-04-16 20:15:56.860080	u/petataa	fnn1504	u/Ohimark24	fnmi4ho	C
2020-04-16 20:15:58.964763	u/RStengs	fnn150o	u/level69child	g2qzlx	S
2020-04-16 20:16:57.365709	u/Eractum	fnn17cb	u/Scioto_	fnn0wa9	C
2020-04-16 20:17:50.928087	u/strangebru	fnn19in	u/HoursLost98	fnn0qky	C
2020-04-16 20:19:23.209690	u/DewSchnozzle	fnn1eku	u/strafocat	fnmiy7y	C
2020-04-16 20:19:31.381931	u/matt-1818	fnn1f9m	u/FerreL235	fnl53cu	C
2020-04-16 20:21:12.686943	u/confusedvampy	fnn1llo	u/Biduliott218	fnef37v	C
2020-04-16 20:21:42.190703	u/TheQ1701	fnn1mpm	u/Spyqe	fnmbycd	C
2020-04-16 20:22:08.850967	u/doctor_jackal	fnn1nu4	u/MAGIC_EYE_BOT	fnn1gfp	C
2020-04-16 20:22:37.281268	u/ChaosBlackAce	fnn1ocu	u/EvildoingOG	fnn1dlt	C
2020-04-16 20:23:32.406878	u/dispenseroftheswamp	fnn1qqq	u/notkhaos	fnmvhun	C
2020-04-16 20:23:35.243633	u/CyanNinja58	fnn1qr5	u/Yankeethomas13	fnkmat7	C
2020-04-16 20:24:06.900458	u/Glautch	fnn1rfx	u/urmombanger	fnmntwk	C
2020-04-16 20:24:43.342487	u/GortackMck	fnn1szx	u/RepostSleuthBot	fnmz3et	C
2020-04-16 20:25:27.051786	u/VictorRazuk	fnn1uki	u/ChaosBlackAce	fnn1ocu	C
2020-04-16 20:25:47.710966	u/Jsnicks	fnn1v30	u/7051833	fnms22w	C
2020-04-16 20:26:07.491147	u/zvug	fnn1w39	u/strafocat	fnmiy7y	C
2020-04-16 20:26:11.125407	u/Wolf_Akabane	fnn1w8i	u/IDKIfSauceExists	fnmqk5g	C
2020-04-16 20:27:14.113679	u/DandaGames	fnn1z2k	u/leaderofthevirgins	fnn0dmx	C
2020-04-16 20:27:35.758708	u/bigtime1123	fnn202s	u/SavageSewerMermaid	fnmz8r7	C
2020-04-16 20:28:37.817552	u/S_Fevang	fnn23h9	u/Gabriel-Nye	g2odqi	S
2020-04-16 20:28:52.152258	u/DocSadness	fnn2448	u/Reekessence	fnlwbeg	C
2020-04-16 20:29:25.901183	u/Big_Dick_Kick	fnn26pz	u/TotallyIronicGay702	fnn25ez	C
2020-04-16 20:29:40.608809	u/iseackc	fnn27qw	u/French_Bulldog	fnm9w1s	C
2020-04-16 20:29:42.617855	u/Preston885	fnn27tv	u/Schlongevity	fnn1uoa	C
2020-04-16 20:29:46.068323	u/_xX-YourMom-Xx_	fnn285n	u/BigBoyBuddybeep	fnn0tzm	C
2020-04-16 20:29:47.768696	u/Eli_meddlers	fnn289b	u/MAGIC_EYE_BOT	fnn257j	C
2020-04-16 20:29:59.118428	u/badgerkatX	fnn29da	u/Crazy_Dalek_	fnn21dy	C
2020-04-16 20:29:59.896397	u/JustPlaY2WiN	fnn29h4	u/JohnBayani	fnmqwpi	C
2020-04-16 20:30:06.616039	u/Uranium404	fnn29tw	u/Bruh_Bot_	fnjtu53	C
2020-04-16 20:30:42.427434	u/cozmic-spaz	fnn2bed	u/pingpongplaya69420	fnn1t4p	C
2020-04-16 20:32:26.803001	u/ThePremiumOrange	fnn2flm	u/CalTCOD	fnn16vw	C
2020-04-16 20:32:39.976001	u/ParryTer	fnn2fsz	u/midgetunicorn24	fnmu1cg	C
2020-04-16 20:33:50.747479	u/scentlessgrape	fnn2it7	u/bash_the_first	fnn0l5r	C
2020-04-16 20:34:11.558836	u/SleepoosGuy	fnn2jw5	u/RustyMogwai_353	fnjrbxc	C
2020-04-16 20:34:18.825429	u/P-Atlaz	fnn2kaj	u/The-fat-potato-	fnn10tu	C
2020-04-16 20:34:55.652363	u/kurentai	fnn2lna	u/Gamegamer360	fnmywrc	C
2020-04-16 20:35:49.444852	u/TheLonelyBanana117	fnn2nnx	u/tearful_muffin	fnlsgwp	C
2020-04-16 20:36:10.483027	u/ramckendry	fnn2ou3	u/Stu2470	fnmcb9m	C
2020-04-16 20:36:14.124581	u/GameForest1	fnn2p1r	u/French_Bulldog	fnm9w1s	C
2020-04-16 20:37:26.268448	u/Immortalwraith97	fnn2rgs	u/PuzzleheadedMonth7	fnmno6h	C
2020-04-16 20:37:55.713920	u/Mac_or_Mac	fnn2t0u	u/rolyatnived	g2r25j	S
2020-04-16 20:38:07.275397	u/PabloBaker	fnn2tkl	u/TybaltTheSaucyBoy	fnmxvk3	C
2020-04-16 20:38:50.571164	u/Alive-Trouble-69	fnn2vnm	u/TheCorrectCroissant	fnm8p3o	C
2020-04-16 20:38:56.032102	u/trunks111	fnn2vrv	u/Screamformereddit	g2l4xf	S
2020-04-16 20:38:57.359396	u/DFD69	fnn2vso	u/TNTMASTER_GR	fnljfd4	C
2020-04-16 20:39:13.472002	u/MoAlmiron	fnn2wy1	u/LePetiteSiren	fnn1jaw	C
2020-04-16 20:40:08.773923	u/Haidybug00	fnn31sr	u/shaashaazda	fnl42qd	C
2020-04-16 20:40:12.335296	u/Cringe-Baby	fnn31w0	u/shrekbot123	fnn0zii	C
2020-04-16 20:40:54.779341	u/shrek_the_communist	fnn335g	u/SUPAPOWERS1D3R	fnmmhgh	C
2020-04-16 20:42:48.771590	u/chapwo	fnn37q5	u/M1cha4lZ	fnmduks	C
2020-04-16 20:43:36.017738	u/darktiger21	fnn39zq	u/Aeroponce	fnlxhto	C
2020-04-16 20:44:40.649311	u/teenyboppert	fnn3csi	u/Korr1n_	fnlwfzi	C
2020-04-16 20:46:10.936937	u/JohnathanPangolin	fnn3gvc	u/__zZzZ__	fnml4fe	C
2020-04-16 20:46:59.806101	u/Ronbaljeet	fnn3km6	u/DarthJJAbrahams	fnn33kj	C
2020-04-16 20:47:04.290013	u/SokratesLusitanius	fnn3kqz	u/VShadowOfLightV	fnn37qq	C
2020-04-16 20:47:06.928422	u/Shitposterman111	fnn3ktj	u/RepostSleuthBot	fnn2uzx	C
2020-04-16 20:47:54.760399	u/Potoo__	fnn3nn2	u/Oliver2112	fnmrnml	C
2020-04-16 20:48:39.373908	u/CarbonatedChlorine	fnn3pgt	u/The_Eggo55	fnn2o7m	C
2020-04-16 20:49:39.606204	u/Espian_didnt_die	fnn3txq	u/Airpeapodpro	fnmt7e3	C
2020-04-16 20:49:51.665314	u/fetterStinker	fnn3v4x	u/rustywrench07	fnmfe53	C
2020-04-16 20:51:24.987194	u/Mekamorph	fnn3zbl	u/moistnessboi	fnn38n7	C
2020-04-16 20:51:52.365105	u/Baked_Beansss	fnn3zx9	u/Steaking-out-Steak	fnn3yk2	C
2020-04-16 20:52:01.181722	u/TheLawsFire	fnn40ew	u/Spaghoochiemama	fnn3v17	C
2020-04-16 20:53:15.548762	u/poopwasfood	fnn43p5	u/cozmic-spaz	fnn206v	C
2020-04-16 20:53:27.062819	u/Sirgeeeo	fnn43y2	u/tropkis	g2qmae	S
2020-04-16 20:55:37.788971	u/Talilulu2	fnn49cf	u/DrScaccabarozzi	fnleprr	C
2020-04-16 20:55:41.936852	u/JaiDeLaChance	fnn49g9	u/ShadowChaser27	fnn37pn	C
2020-04-16 20:55:54.527421	u/SlippyIsDead	fnn49vd	u/inferno350z	fnmbmbw	C
2020-04-16 20:56:05.586088	u/whib96	fnn4ajp	u/AFatPieceOfGarbage	fnmrugk	C
2020-04-16 20:56:36.666373	u/joey_tribbiani69	fnn4c83	u/RoaringCookie	fnn3cr3	C
2020-04-16 20:56:49.260669	u/0v3r--k1ll	fnn4cy6	u/unknownchild3	fnn43rw	C
2020-04-16 20:56:58.273113	u/Cherylblossom_	fnn4dmc	u/Grandpa-Palpatine	fnn3umj	C
2020-04-16 20:57:48.317081	u/kimx9	fnn4fzy	u/-Redstoneboi-	fnmn32e	C
2020-04-16 20:58:14.703171	u/DaBaconWhale	fnn4hbc	u/VanashinGlory	fnmf5bv	C
2020-04-16 20:58:33.051287	u/Bear_Pope	fnn4io4	u/Branamp13	fnmuyob	C
2020-04-16 20:59:21.000577	u/TherapistOfOP	fnn4lls	u/Baked_Beansss	fnn4dn6	C
2020-04-16 20:59:27.918685	u/Morgullion	fnn4mjg	u/joe1200	fnmyeq1	C
2020-04-16 20:59:29.392210	u/ValiTornada	fnn4mme	u/VibingSlime	fnlriq5	C
2020-04-16 20:59:36.602778	u/MrBacon224	fnn4mqj	u/Am_1_Evil	fnn48sj	C
2020-04-16 20:59:39.689844	u/LeGashrod	fnn4n70	u/RepostSleuthBot	fnn4krf	C
2020-04-16 20:59:41.773469	u/justabadmind	fnn4ne2	u/white_android	fnmhkrn	C
2020-04-16 20:59:57.281347	u/Supa-Bucee	fnn4onu	u/RepostSleuthBot	fnmw4ok	C
