2020-04-08 05:00:09.366091	u/mairuageha	fmrus48	u/voxxNihili	fmrsjpr	C
2020-04-08 05:01:54.188916	u/klumel8	fmrutkw	u/Slapstream	fmrlsql	C
2020-04-08 05:02:02.253383	u/BlItZ_TrooperYT	fmrutob	u/DarthJJAbrahams	fme5j2g	C
2020-04-08 05:02:09.681220	u/McGODBEASTALPHAMODE	fmrutsg	u/BigBrainTimeLul	fmrurr4	C
2020-04-08 05:02:12.764174	u/XAstro47	fmrutt6	u/tangomarkIII	fmrri1e	C
2020-04-08 05:02:23.793579	u/idk_what_is_life	fmruu2t	u/Taco443322	fmrnz15	C
2020-04-08 05:02:47.528681	u/ASOD77	fmruua9	u/That_Old_TV	fmrsl2e	C
2020-04-08 05:02:51.418538	u/BabyDoritos	fmruubr	u/TwotitaniumG	fmrfq0w	C
2020-04-08 05:02:55.779918	u/sabbro	fmruugm	u/123_im_anti_lgbt	fmrpqi3	C
2020-04-08 05:03:17.493025	u/Dank_Lord_Lol	fmruuod	u/jahallo4	fmrupxq	C
2020-04-08 05:03:23.008700	u/MauiFizz	fmruuqe	u/Vast_gamer	fmrt8cu	C
2020-04-08 05:03:32.087301	u/Full_Regret_	fmruuwo	u/skduter	fmq1tlt	C
2020-04-08 05:03:38.609346	u/deranged_scumbag	fmruuyy	u/EmceeCalla	fmrs9bj	C
2020-04-08 05:03:41.531920	u/Essakly420	fmruv0k	u/kepler_runner	fmru71f	C
2020-04-08 05:03:50.080787	u/thehorn86	fmruv3i	u/SomeFreshMeme	fmrnw8b	C
2020-04-08 05:03:54.041039	u/giovanseandon	fmruv3v	u/QWERTYAjay	fmrrv3y	C
2020-04-08 05:04:49.931774	u/DeusSapien	fmruvll	u/bunnywithahammer	fmrqlx5	C
2020-04-08 05:05:14.441285	u/InfiniteSalmon	fmruvur	u/memelord_matz	fmrrrlx	C
2020-04-08 05:05:21.123062	u/UpsetTemperature0	fmruvx3	u/Harrison0918	fmrmh3m	C
2020-04-08 05:05:44.586931	u/InfiniteSalmon	fmruw6t	u/iHonestlyDoNotCare	fmrre2j	C
2020-04-08 05:06:40.914298	u/sedlamk	fmruwpl	u/BehaardeKat	fmrurb0	C
2020-04-08 05:07:06.756101	u/ICECIBOA	fmruwvi	u/joecool1340	fmrmvon	C
2020-04-08 05:07:09.903935	u/m80dd	fmruwvj	u/Amour4L1fe	fmru2e6	C
2020-04-08 05:07:28.815149	u/LatteLoli	fmruwyo	u/joecool1340	fmrmvon	C
2020-04-08 05:07:39.608837	u/Yindee8191	fmrux40	u/SolaLupus42	fmrhjhp	C
2020-04-08 05:07:48.864787	u/_bigMax	fmruxdp	u/LTBT03	fmrt0c0	C
2020-04-08 05:07:51.401733	u/CallMe_Ethan	fmruxh0	u/shleyal19	fmp6tbz	C
2020-04-08 05:08:06.407861	u/RenegadeAccolade	fmruxpt	u/theamazingjaw	fmrmwx6	C
2020-04-08 05:08:44.220418	u/cringy_fucks69	fmruyln	u/HeadlessDuckRider	fmrs7nd	C
2020-04-08 05:08:54.541061	u/Gawd_is_great	fmruyr7	u/yeetmynutz360degree	fmrnbg3	C
2020-04-08 05:08:58.010763	u/_rohanx	fmruys2	u/QWERTYAjay	fmrswpi	C
2020-04-08 05:09:00.772341	u/Thanos_Official1	fmruywv	u/_MIH4I_	fmrunrk	C
2020-04-08 05:09:12.327556	u/SomeDudeSayingHey	fmruz2f	u/MrTrump_Ready2Help	fmruusm	C
2020-04-08 05:09:31.114671	u/AgentWolfXxXx	fmruzcm	u/Nemesis233	fmruyt3	C
2020-04-08 05:09:43.584965	u/crackedlcdsalvage	fmruzlo	u/8163819266819	fmrtd19	C
2020-04-08 05:09:44.150121	u/TheMonkeyHuman	fmruzmb	u/QWERTYAjay	fmrswpi	C
2020-04-08 05:09:53.112755	u/Lumen_DH	fmrv01a	u/DrDrewToYou	fmrtxld	C
2020-04-08 05:10:06.918530	u/Thanos_Official1	fmrv0bt	u/QWERTYAjay	fmru69j	C
2020-04-08 05:10:26.292854	u/crappedcrusader	fmrv0f4	u/SoWokeIdontSleep	fmfnmyz	C
2020-04-08 05:11:00.086023	u/ladderyertights	fmrv0pp	u/TheKharjo	fmruqyf	C
2020-04-08 05:11:25.321707	u/imean_bot	fmrv0vo	u/Loffee_Co-fi	fmrv0ou	C
2020-04-08 05:11:53.402265	u/RoKy-uwu	fmrv12y	u/Elijah-Bell	fmrt3fm	C
2020-04-08 05:12:13.468863	u/Skrewboi	fmrv17b	u/kitsuWillwisp	fmruh1g	C
2020-04-08 05:12:25.465270	u/Milk_moustache	fmrv19x	u/taiger4791	fmrf3tc	C
2020-04-08 05:12:32.761855	u/caanthedalek	fmrv1c6	u/hyunnymanny	fmrt6fx	C
2020-04-08 05:12:43.450176	u/Tod_2004	fmrv1gm	u/themadladboy	fmruvky	C
2020-04-08 05:12:54.618536	u/SchmeckMichBot	fmrv1im	u/mohaee	fmrv190	C
2020-04-08 05:13:09.036338	u/Simo-ne	fmrv1ni	u/python_boti	fmru92f	C
2020-04-08 05:13:37.982808	u/GhostRydaar	fmrv1y0	u/PandasDontBreed	fmrum74	C
2020-04-08 05:14:07.877388	u/romeyo9186	fmrv271	u/loopsbrother2903	fmruy7w	C
2020-04-08 05:14:41.629893	u/Soy-Saucy	fmrv2hi	u/barry-d-benson2	fmrrlg2	C
2020-04-08 05:14:46.049929	u/siemvandecamp	fmrv2qi	u/OofManUwUOwO	fmrqh4g	C
2020-04-08 05:16:26.786182	u/AlienTrain_	fmrv3vk	u/BehaardeKat	fmrurnx	C
2020-04-08 05:16:42.704464	u/lilganondorf	fmrv46x	u/m4a1pewpew	fmrsy0q	C
2020-04-08 05:16:44.963191	u/Soy-Saucy	fmrv47v	u/adithyathetromb	fmrtf1j	C
2020-04-08 05:16:49.399379	u/KitchenOven36o	fmrv4a8	u/skduter	fmq1tlt	C
2020-04-08 05:16:53.429369	u/H4nneke2	fmrv4au	u/elijahn1812	fmrucxm	C
2020-04-08 05:17:24.174211	u/communistress	fmrv4up	u/Zolarix	fmru22r	C
2020-04-08 05:17:30.866773	u/theHeadsplitter	fmrv55t	u/sarcasticomens12	fmqxb6f	C
2020-04-08 05:18:05.198594	u/DasLappenGetier	fmrv5yr	u/Minh1905	fwzxl7	S
2020-04-08 05:18:08.230851	u/babybru45	fmrv60f	u/KANTholz0903	fmr24x9	C
2020-04-08 05:18:34.881714	u/kevoboi20	fmrv6dx	u/20008644	fmrt52r	C
2020-04-08 05:18:44.465727	u/CheezeburgurBut	fmrv6g0	u/sedlamk	fmruwpl	C
2020-04-08 05:19:25.194412	u/ZorgonSanzie	fmrv7b2	u/DatFisheBoi	fmrqvkc	C
2020-04-08 05:19:35.654397	u/CornHub_org	fmrv7k0	u/Elijah-Bell	fmrt3fm	C
2020-04-08 05:19:49.610218	u/jmet_	fmrw0gb	u/DwergNout	fmrratb	C
2020-04-08 05:19:50.327944	u/iCeKoLds	fmrw0jz	u/rymoplays	fmrkejt	C
2020-04-08 05:19:59.303985	u/Ashweed137	fmrw0v6	u/MrSchnapskatze	fmrvy6m	C
2020-04-08 05:19:59.765767	u/JeetVashisht	fmrw0wq	u/QWERTYAjay	fmrswpi	C
2020-04-08 05:20:29.843706	u/Guppy03	fmrw165	u/BehaardeKat	fmrvyog	C
2020-04-08 05:20:53.782404	u/LayoZz	fmrw1cn	u/IAintNotPedobear	fmrvvsv	C
2020-04-08 05:20:59.105041	u/mahdadflk2	fmrw1dp	u/Al8334	fmrsxxi	C
2020-04-08 05:21:04.364846	u/Blue283	fmrw1ed	u/QWERTYAjay	fmrrv3y	C
2020-04-08 05:21:52.824828	u/Eoro_Nooby	fmrw1ru	u/proteek_george	fmrw0g6	C
2020-04-08 05:22:16.299788	u/jand1983	fmrw1sz	u/memeologist01	fml4hq1	C
2020-04-08 05:22:49.972817	u/the_german_flag	fmrw297	u/Hungry-and-mad	fmrr1bz	C
2020-04-08 05:22:56.007208	u/SomeoneInEurope	fmrw2cf	u/pizzaking95	fmrj6zq	C
2020-04-08 05:23:00.670147	u/SCUNN3RR	fmrw2ii	u/Patrick_Bot2	fmrw1cl	C
2020-04-08 05:23:16.011901	u/justwillem9	fmrw2t3	u/skduter	fmq1tlt	C
2020-04-08 05:24:59.973938	u/bigpeenhole	fmrw4a4	u/Elijah-Bell	fmrt3fm	C
2020-04-08 05:25:25.165680	u/PoaterChips	fmrw4nf	u/ediz3434	fmruyr4	C
2020-04-08 05:25:27.750601	u/puplegay	fmrw4nk	u/Respect_Paying_Bot	fmrthxy	C
2020-04-08 05:25:38.166059	u/nas3nce	fmrw4wp	u/QWERTYAjay	fmrswpi	C
2020-04-08 05:25:54.433158	u/SomeRandomFemboy	fmrw56s	u/MyJelloJiggles	fmrazvm	C
2020-04-08 05:26:34.105117	u/Cantdousername	fmrw5o8	u/YYnotYY	fmrw0xu	C
2020-04-08 05:26:38.056449	u/BrownieOnReddit	fmrw5sd	u/GoodVibeKnight	fmrw4dc	C
2020-04-08 05:26:40.403710	u/GodsCara	fmrw5vf	u/cutie_undeniable	fmrrw0x	C
2020-04-08 05:27:26.137732	u/realiF1ame	fmrw6q7	u/python_boti	fmru2q0	C
2020-04-08 05:28:01.920387	u/enafhh	fmrw7ib	u/QWERTYAjay	fmrswpi	C
2020-04-08 05:28:27.170210	u/NikolasFoot	fmrw7zf	u/GhostDivision7734	fmrw708	C
2020-04-08 05:28:44.924518	u/NikolasFoot	fmrw897	u/NikolasFoot	fmrw7zf	C
2020-04-08 05:28:45.988589	u/VanillasBanana	fmrw89c	u/Sykfootball	fmrhj1c	C
2020-04-08 05:29:00.141713	u/dylan12210	fmrw8hc	u/yagasagabaga	fmrlx6e	C
2020-04-08 05:29:29.444253	u/45ntle	fmrw9go	u/fantasie037	fmrw6fz	C
2020-04-08 05:29:37.876058	u/Tomii_B101	fmrw9mc	u/iHonestlyDoNotCare	fmrre2j	C
2020-04-08 05:29:50.278519	u/l_llon_cause_why_not	fmrwa1r	u/DarkSlasher04	fmrri9v	C
2020-04-08 05:30:04.622414	u/hellogreeting	fmrwafj	u/Galactichydra	fmrm0hd	C
2020-04-08 05:30:42.794764	u/Kyfigrigas	fmrwb67	u/BingoBoy6	fmrszap	C
2020-04-08 05:31:10.355630	u/GetGood_ASAP	fmrwbnp	u/ansel1406	fmrw1ob	C
2020-04-08 05:31:51.309042	u/YHNS10414	fmrwc14	u/iHonestlyDoNotCare	fmrre2j	C
2020-04-08 05:32:27.191156	u/TiredofthisShits	fmrwc9a	u/FluuBk	fmrw4zv	C
2020-04-08 05:32:36.169269	u/ComApyr	fmrwcfa	u/Minh1905	fwzxl7	S
2020-04-08 05:33:02.060238	u/drnk_drgn	fmrwcgk	u/bred_skate	fmrvkjg	C
2020-04-08 05:33:07.435695	u/reed_a_book	fmrwckh	u/fierwoll	fmrjwwr	C
2020-04-08 05:33:34.017425	u/reed_a_book	fmrwcua	u/fierwoll	fmrjwwr	C
2020-04-08 05:33:45.855568	u/PotCommitted33	fmrwd1u	u/Breinbaugh	fmrnu9z	C
2020-04-08 05:33:56.343961	u/xX_vhhho_Xx	fmrwd9t	u/ITSPOLANDBOIS420	fmrqq7x	C
2020-04-08 05:34:10.129824	u/cldzn	fmrwdhq	u/ansel1406	fmrw1ob	C
2020-04-08 05:34:28.304245	u/Astheryon	fmrwdjf	u/DaMemeGod	fmrw2m9	C
2020-04-08 05:34:41.626950	u/yeet1785726	fmrwdkx	u/SmudgeTheCatt	fmqtpse	C
2020-04-08 05:34:43.514086	u/AlabasterMemorandum	fmrwdl7	u/Ravagore	fmrsspv	C
2020-04-08 05:35:11.755258	u/accik	fmrwdzy	u/Sustali	fmrowxw	C
2020-04-08 05:35:37.525812	u/doodsy	fmrweql	u/bred_skate	fmrvkjg	C
2020-04-08 05:36:26.005741	u/SqueakyArchie	fmrwflt	u/SolaLupus42	fmrhjhp	C
2020-04-08 05:36:31.322135	u/Kezzy_OMEGA	fmrwfrh	u/QWERTYAjay	fmrswpi	C
2020-04-08 05:36:33.722776	u/SixZeitgeist	fmrwfsr	u/manboobwarrior__	fmrvr27	C
2020-04-08 05:37:05.388500	u/Orrang13	fmrwg4d	u/Tigerz_G	fmrrsqz	C
2020-04-08 05:37:21.167069	u/Chase-Harper	fmrwge5	u/Donatboy86	fmrttuj	C
2020-04-08 05:37:23.329950	u/t_doctor	fmrwgf7	u/OtsuKotsu	fmrlhbq	C
2020-04-08 05:37:38.886833	u/justanotheruser9	fmrwgjv	u/mini_trost	fmrjzr3	C
2020-04-08 05:37:48.725744	u/Obscure_music	fmrwglm	u/jimmy1248	fmruvee	C
2020-04-08 05:38:05.277276	u/Swolebenswolo	fmrwgv4	u/python_boti	fmru4m3	C
2020-04-08 05:38:07.049237	u/BadassFlexington	fmrwgxh	u/Wakikakifridge69	fmrw5mm	C
2020-04-08 05:38:23.461633	u/Pspselcolam	fmrwh7y	u/ThatRandomCODPlayer	fmrqa1b	C
2020-04-08 05:39:53.267421	u/keforos	fmrwin9	u/Skarff_Femboy	fmrwfsw	C
2020-04-08 05:41:29.693994	u/Trigger_genie	fmrwjz3	u/gaygarfeild3	fmrgucj	C
2020-04-08 05:41:46.028974	u/ZfighterRay	fmrwk61	u/QWERTYAjay	fmrswpi	C
2020-04-08 05:42:10.861894	u/goodlowdee	fmrwker	u/python_boti	fmru69h	C
2020-04-08 05:42:13.930192	u/BenitoBendito	fmrwkiv	u/SusalulmumaO12	fmrvwc6	C
2020-04-08 05:43:09.022626	u/pilvikissa92	fmrwl7q	u/lordtweego	fmrwix1	C
2020-04-08 05:43:13.871943	u/SerraxAvenger	fmrwlac	u/Pigpenlordofdirt	flhsy75	C
2020-04-08 05:43:37.977821	u/Morego	fmrwlnd	u/Sykfootball	fmrhj1c	C
2020-04-08 05:44:56.734855	u/merkitteh	fmrwmfu	u/why_can_i_breathe	fmrtokh	C
2020-04-08 05:45:01.812167	u/itucym	fmrwmj7	u/Jomesfonso	fmqt4u4	C
2020-04-08 05:45:36.011089	u/HenceTheTrapture	fmrwn1m	u/RobloxLover369421	fmr1ttz	C
2020-04-08 05:45:42.901350	u/khaney1347	fmrwn54	u/Silez	fmrnf50	C
2020-04-08 05:45:47.271551	u/MowhawkCat	fmrwn7h	u/poppinpopy	fmrw5yt	C
2020-04-08 05:46:05.302339	u/nakahi70	fmrwn9j	u/CISSAN	fmrml70	C
2020-04-08 05:46:19.233338	u/rubdirtinit	fmrwnrz	u/OofManUwUOwO	fmrqh4g	C
2020-04-08 05:46:55.322702	u/fightyfightyfitefite	fmrwnz8	u/miokallio	fmrwh80	C
2020-04-08 05:46:59.963905	u/depressed_stoner01	fmrwo1z	u/Witch_King_	fmrggsu	C
2020-04-08 05:47:23.209658	u/neqftw	fmrwoep	u/OiSpongeBoyMeBob	fmrov3s	C
2020-04-08 05:47:26.815911	u/Denziloe	fmrwoin	u/cantfindusernameomg	fmrowlz	C
2020-04-08 05:47:28.183112	u/Verille	fmrwoka	u/QWERTYAjay	fmrswpi	C
2020-04-08 05:48:11.193904	u/lowestjoe1442	fmrxk15	u/kepler_runner	fmru71f	C
2020-04-08 05:48:36.832240	u/KimaDrafix	fmrxkb4	u/Anonymous02n	fmrmo5c	C
2020-04-08 05:49:06.499795	u/DahenKHD	fmrxkyq	u/QWERTYAjay	fmrswpi	C
2020-04-08 05:49:30.880749	u/Bluerasierer	fmrxlga	u/5p4n911	fltexoa	C
2020-04-08 05:49:42.962572	u/This_Too_Taken	fmrxlxq	u/SatanicMuppet999	fmrx2ru	C
2020-04-08 05:50:38.916490	u/ElPeruano69	fmrxmn1	u/pingy56000	fmrx1gx	C
2020-04-08 05:50:47.536802	u/Bakuconxd	fmrxmtz	u/Kimikopy1	fmrwzir	C
2020-04-08 05:51:32.659055	u/xNabi_	fmrxnfm	u/a_fadora_trickster	fmrxgun	C
2020-04-08 05:51:43.418555	u/Dirty-Bolk	fmrxnlr	u/howthefuckcan	fmrxlsi	C
2020-04-08 05:52:30.421874	u/ShadeEight	fmrxobd	u/OtsuKotsu	fmrl9le	C
2020-04-08 05:52:40.234818	u/Anonymous32990	fmrxog4	u/joecool1340	fmrmvon	C
2020-04-08 05:52:50.981638	u/DJAtomika7	fmrxokl	u/QWERTYAjay	fmrswpi	C
2020-04-08 05:53:08.531012	u/Chingz-Chongz	fmrxoxg	u/Varun157	fmrttxb	C
2020-04-08 05:53:12.539781	u/That_Piano_Zombie101	fmrxozz	u/SomeRandomFemboy	fmrw9td	C
2020-04-08 05:53:48.841450	u/Slyrax-SH	fmrxp9l	u/downunderthunderbro	fmrmacg	C
2020-04-08 05:53:56.896522	u/dunkeysaurus2	fmrxpc5	u/Valroz	fmru6sf	C
2020-04-08 05:54:04.058682	u/pythagoras_2	fmrxpe7	u/Elijah-Bell	fmrt3fm	C
2020-04-08 05:54:10.758427	u/karlzz14	fmrxph1	u/miokallio	fmrwp2s	C
2020-04-08 05:54:13.588775	u/Virtual_Shifter	fmrxphy	u/PulseSpear	fmrv1e4	C
2020-04-08 05:54:19.261118	u/dog_faced_man	fmrxpmw	u/skduter	fmq1tlt	C
2020-04-08 05:55:00.076762	u/FireDrag00nG	fmrxq0i	u/_rohanx	fmruys2	C
2020-04-08 05:55:04.568016	u/metA-Arceus9o9	fmrxq1t	u/AwareSpring708	fl7qoi8	C
2020-04-08 05:55:14.703385	u/mudpie8	fmrxq6e	u/RepostSleuthBot	fmrxo9n	C
2020-04-08 05:55:45.152506	u/oydluflhxluxlgxitx	fmrxqdl	u/skduter	fmq1tlt	C
2020-04-08 05:56:00.232358	u/tqbh	fmrxqii	u/Eggboi0	fmrix74	C
2020-04-08 05:56:14.794293	u/patz100	fmrxqrs	u/Milk_moustache	fmrwj5x	C
2020-04-08 05:56:36.457866	u/DareDanieI	fmrxr0z	u/AgentWolfXxXx	fmruzcm	C
2020-04-08 05:56:38.766949	u/THEmercianSAXON	fmrxr3w	u/Taldius175	fmrxo7j	C
2020-04-08 05:56:42.088739	u/brookytheheron	fmrxr8z	u/QWERTYAjay	fmrswpi	C
2020-04-08 05:56:52.952993	u/Jsi1226	fmrxrfb	u/cool-guy6457	fmrxq1h	C
2020-04-08 05:57:02.957913	u/yaYeEt74	fmrxrjd	u/Spl0oOsh	fmro0fb	C
2020-04-08 05:57:14.039585	u/BradoliciousHD	fmrxroy	u/LTG_Wladyslaw_Anders	fmror44	C
2020-04-08 05:57:36.231302	u/sandnose	fmrxs37	u/MrSchnapskatze	fmrxnaj	C
2020-04-08 05:57:39.072739	u/andreyou99	fmrxs3y	u/Inferno2014	fmrr4fh	C
2020-04-08 05:57:42.813762	u/rus82556	fmrxs66	u/This_Too_Taken	fmrxkok	C
2020-04-08 05:57:45.000626	u/Chihuhua_lover	fmrxs6d	u/MaurixioZ	fmrxquq	C
2020-04-08 05:57:54.719098	u/god_is_deadxxl6969	fmrxs7f	u/extremeavYT	fmrik0p	C
2020-04-08 05:57:56.604484	u/Brassdog15	fmrxs7n	u/QWERTYAjay	fmrswpi	C
2020-04-08 05:58:20.570842	u/dick-the-duck	fmrxson	u/ShashankMaganti	fmrxonk	C
2020-04-08 05:59:18.392853	u/Magmar_On_Reddit	fmrxtyu	u/ShashankMaganti	fmrxonk	C
2020-04-08 05:59:19.525190	u/danyilmeme	fmrxu09	u/sofi_toffee	fmrwbtl	C
2020-04-08 05:59:30.551926	u/Gourmet-Omelette	fmrxu28	u/nish4444	fmrwzgk	C
2020-04-08 05:59:32.447867	u/vapidfall11	fmrxu7i	u/kepler_runner	fmru71f	C
2020-04-08 05:59:33.495040	u/Wombqt	fmrxu9a	u/sandnose	fmrxlb7	C
2020-04-08 05:59:34.829944	u/Riddler_Jake	fmrxuan	u/thebootygrabber	fmrwrtj	C
2020-04-08 05:59:36.884290	u/R-O-O-G	fmrxukq	u/python_boti	fmru4m3	C
2020-04-08 05:59:37.912311	u/nervousmelon	fmrxul2	u/Cosmosaurio	fmrxtaa	C
2020-04-08 05:59:47.454685	u/BIG_PEEPEE42069	fmrxuof	u/Valroz	fmrtqcp	C
