2020-04-04 09:00:06.733651	u/Micah_Bell_is_dead	fmehjfe	u/JustFbi	fukvq0	S	N
2020-04-04 09:00:10.820603	u/SquareTheM	fmehjfq	u/fettanimememer	fmdv04h	C	I
2020-04-04 09:00:18.141174	u/somememekid	fmehjfp	u/jollygreenscott91	fun4x6	S	I
2020-04-04 09:00:24.439030	u/PussyDestroyer78	fmehjfs	u/mercnoobs	funj0d	S	N
2020-04-04 09:00:41.808400	u/lilbithippie	fmehjj9	u/shitbot_420	fmegqi3	C	I
2020-04-04 09:00:49.928900	u/WolfyBoi29	fmehjk2	u/djdaj92	fmehdss	C	N
2020-04-04 09:00:58.046016	u/Rogueone65	fmehjkd	u/GeniusInHumanClothes	fmehc46	C	N
2020-04-04 09:01:10.047600	u/Westlenando	fmehjka	u/JustFbi	fukvq0	S	N
2020-04-04 09:01:18.412018	u/Too_Old_for_dis	fmehjn0	u/Ice_Narwhal	fup4vx	S	N
2020-04-04 09:01:29.531579	u/AutoModerator	fmehjsw	u/flappybirdyolo	fut2cw	S	N
2020-04-04 09:01:40.646316	u/MemesMod	fmehjtx	u/tillmanstoastie	fut1z2	S	N
2020-04-04 09:01:50.788303	u/felloffaraptor	fmehjuh	u/superkaifas	fusbvd	S	I
2020-04-04 09:01:59.839328	u/StrikingMinion	fmehjw5	u/kitsuWillwisp	fmehims	C	I
2020-04-04 09:02:08.879609	u/luca01d	fmehjy2	u/Vivo106	fmeh6k7	C	I
2020-04-04 09:02:19.891770	u/movezig5	fmehk1i	u/TDKG	fupt0q	S	I
2020-04-04 09:02:29.111762	u/Up_Vootinator	fmehk3f	u/Long_Giraffe69	fumzh1	S	I
2020-04-04 09:02:39.168839	u/vityef	fmehk6y	u/SuperStrike05	fmeewid	C	N
2020-04-04 09:02:47.161880	u/Ori-and-Sein	fmehk96	u/Pilotboi12	fme580r	C	N
2020-04-04 09:02:56.037620	u/Chilled7	fmehkc5	u/nknadeem800	fupj2z	S	I
2020-04-04 09:03:04.124043	u/fmg1508	fmehkeb	u/Prizma173	fut26j	S	N
2020-04-04 09:03:13.186259	u/Pets-Lover-Community	fmehkem	u/TDKG	fupt0q	S	I
2020-04-04 09:03:21.122819	u/Mars_Apocalypse	fmehklf	u/LeMigi	fmd1g33	C	I
2020-04-04 09:03:31.241868	u/new_sherk_sucks	fmehkm0	u/GLyph483	furc5f	S	I
2020-04-04 09:03:40.183560	u/vityef	fmehkob	u/vityef	fmehk6y	C	I
2020-04-04 09:03:50.362849	u/ToyTrainlandFan	fmehkox	u/Afonso_Rebelo	fusj4g	S	N
2020-04-04 09:04:01.695289	u/klippo55	fmehkpv	u/RiskierSubsetR	fung9d	S	N
2020-04-04 09:04:08.627693	u/Kratos_69	fmehkr5	u/O-YES-DADDY	fupjv8	S	N
2020-04-04 09:04:18.997398	u/Sweet-MamaRoRo	fmehks5	u/ThunderingSacks	fukjkm	S	I
2020-04-04 09:04:26.914396	u/xeemurph05	fmehkt2	u/Prizma173	fut26j	S	N
2020-04-04 09:04:36.220152	u/2005_BEAST	fmehktx	u/RedactedHumancorns	funlyg	S	I
2020-04-04 09:04:43.258391	u/IWantDucks	fmehkv5	u/troepda	fupjue	S	N
2020-04-04 09:04:52.116534	u/Jack-Yow	fmehkvx	u/rackinthatkarma	fmeh3tl	C	N
2020-04-04 09:05:00.148981	u/Heshman69	fmehkw1	u/Im_Alr3ady_Gone	fun3rd	S	N
2020-04-04 09:05:07.968373	u/shitbot_420	fmehkx3	u/lilbithippie	fmehjj9	C	I
2020-04-04 09:05:15.805345	u/kitsuWillwisp	fmehl0i	u/StrikingMinion	fmehjw5	C	I
2020-04-04 09:05:30.561231	u/china_numba_waaaan	fmehl2b	u/Magvel_	fmehbf0	C	I
2020-04-04 09:05:38.687586	u/endtech7	fmehl42	u/FeijenoorderRS	furjac	S	I
2020-04-04 09:05:45.780097	u/Delta_doggo	fmehl79	u/Ice_Narwhal	fup4vx	S	N
2020-04-04 09:05:53.552508	u/fistinyourface	fmehlcf	u/crisplama	fmdygg1	C	N
2020-04-04 09:06:01.181060	u/angelshipac130	fmehlf9	u/nknadeem800	fupj2z	S	I
2020-04-04 09:06:16.906360	u/iconoclast63	fmehlff	u/kylelinder	fmehhvs	C	I
2020-04-04 09:06:27.172518	u/ligma77	fmehljj	u/JacobWasTaken	fts1y2	S	I
2020-04-04 09:06:34.856151	u/ForestOfScreams	fmehll4	u/carlosharu	fme36en	C	N
2020-04-04 09:06:50.223756	u/Prizma173	fmehlnd	u/xeemurph05	fmehkt2	C	I
2020-04-04 09:06:59.005169	u/TheB15m0	fmehlns	u/DanTheFryingPan	fus25p	S	N
2020-04-04 09:07:06.724763	u/anime_dolphin_7	fmehlox	u/TDKG	fupt0q	S	I
2020-04-04 09:07:14.557944	u/CM901	fmehlqc	u/LimCW1223	fut097	S	N
2020-04-04 09:07:22.083139	u/shtokavo	fmehlr4	u/tawfeeq2005	fmec2oi	C	N
2020-04-04 09:07:29.595387	u/ThatGuyNargh	fmehlrp	u/MemezLIB	fmehevw	C	I
2020-04-04 09:07:36.194694	u/The_Real_Raw_Gary	fmehlsh	u/sleepyjaeger	fme1wjk	C	I
2020-04-04 09:07:42.776392	u/i-feed-on-memes	fmehluc	u/TDKG	fupt0q	S	I
2020-04-04 09:07:50.073728	u/Sanguinusshiboleth	fmehlwf	u/AJ-Naka-Zayn-Owens	fupoyi	S	I
2020-04-04 09:07:55.979871	u/Nutty_Fruity	fmehlwn	u/TRIS74N	fuo7z3	S	I
2020-04-04 09:08:04.331914	u/StrikingMinion	fmehlwo	u/kitsuWillwisp	fmehl0i	C	I
2020-04-04 09:08:11.027011	u/redguy85	fmehlxc	u/TheGreatNavjeet	fupvts	S	I
2020-04-04 09:08:23.825740	u/forlop	fmehlxh	u/Zauson	fmee7ew	C	I
2020-04-04 09:08:27.595905	u/Medium_Man88	fmehlxt	u/life_is_gay_mp4	fuqiyr	S	N
2020-04-04 09:08:33.036758	u/itzkroyyy	fmehlxs	u/Wouldnt_even_know	fuszah	S	N
2020-04-04 09:08:38.471052	u/enissay2	fmehlya	u/King-of-Dots	fmefkts	C	I
2020-04-04 09:08:42.104942	u/JazJaz123	fmehm02	u/titancamper	fur64t	S	I
2020-04-04 09:08:52.080393	u/Flexions	fmehm0r	u/IHaveFoodOnMyChin	fmdfgmg	C	I
2020-04-04 09:08:57.454862	u/Shaymin1478	fmehm1u	u/OHAITHARU	fmegzxx	C	N
2020-04-04 09:09:01.100407	u/roadtrip-ne	fmehm3u	u/Farzadu	furx4a	S	N
2020-04-04 09:09:05.735528	u/Dedicated9yrold	fmehm3t	u/Snake_Bomber	fuqnsk	S	I
2020-04-04 09:09:09.606028	u/DaRealTiger677	fmehm4f	u/daddypig31	fupasf	S	I
2020-04-04 09:09:15.122266	u/47Dark	fmehm4q	u/Sebbyyyyyy	fuqb6p	S	I
2020-04-04 09:09:18.600484	u/Eorlund_Gray_Mane	fmehm56	u/VaaArt	fupykz	S	N
2020-04-04 09:09:27.919065	u/spammerspamd	fmehm9q	u/Gubq	fl5lyk4	C	I
2020-04-04 09:09:30.400831	u/Stefan_undnochwas	fmehmab	u/Stefan_undnochwas	fut2iv	S	I
2020-04-04 09:09:33.698206	u/SnapshillBot	fmehmb9	u/TomMcWeedy	fut1s7	S	I
2020-04-04 09:09:40.211035	u/GoldenSpermShower	fmehmkh	u/shitbot_420	fmegqi3	C	I
2020-04-04 09:09:45.732356	u/Alzoura	fmehmkt	u/_jun_yi_	fmeet07	C	I
2020-04-04 09:09:52.034808	u/movezig5	fmehml1	u/cheekyphuzz	fme65gy	C	I
2020-04-04 09:09:55.234974	u/I-am-TheMindBoggler	fmehmm9	u/Kaezumi	furvnl	S	N
2020-04-04 09:09:55.795110	u/Zenocut	fmehmmr	u/Panyagi	fmehdh2	C	N
2020-04-04 09:09:57.150590	u/Emperor_O_Memes	fmehmna	u/Super-Toad	fusvj2	S	I
2020-04-04 09:10:00.449573	u/WolfyBoi29	fmehmp5	u/blood4death	fmehg2j	C	N
2020-04-04 09:10:01.638043	u/Nagl85	fmehmra	u/itzkitten	fusyvd	S	I
2020-04-04 09:10:03.030969	u/juster_boi	fmehmsq	u/Derextus	fuq7cs	S	N
2020-04-04 09:10:09.585394	u/Bazookasajizo	fmehmtg	u/ARNisUsername	fuee6q	S	I
2020-04-04 09:10:14.852061	u/ThisIsMelkaro	fmehmzc	u/V_pussy-slayer-69_V	fuqprw	S	I
2020-04-04 09:10:21.083061	u/Soda_Addict_XD	fmehn0k	u/Justme_lol	fusvqa	S	I
2020-04-04 09:10:28.271263	u/xXCoordinateXx	fmehn0q	u/Noobster646	fmehf0s	C	I
2020-04-04 09:10:32.516744	u/SeamusOS	fmehn0y	u/OwOJustinistaken	fus7rg	S	I
2020-04-04 09:10:38.675759	u/rogersniper1	fmehn3m	u/randomWebVoice	fmebji7	C	N
2020-04-04 09:10:46.067058	u/swaney001	fmehn48	u/DanTheFryingPan	fus25p	S	N
2020-04-04 09:10:50.268708	u/Gorondir	fmehn90	u/TomMcWeedy	fut1s7	S	I
2020-04-04 09:10:56.493762	u/itzkroyyy	fmehn96	u/Spanish-Inquistion	fusysu	S	I
2020-04-04 09:11:03.727545	u/WenseslaoMoguel-o	fmehna8	u/Riyolen	fusgzc	S	N
2020-04-04 09:11:08.870234	u/GoldenSpermShower	fmehnaf	u/Dragonslayer3	fmegzqm	C	N
2020-04-04 09:11:16.435733	u/Cheddar-Carrot	fmehnay	u/daddypig31	fupasf	S	I
2020-04-04 09:11:36.511716	u/SnapshillBot	fmeje08	u/funny-fuhrer	futg92	S	N
2020-04-04 09:11:42.654150	u/retard56	fmeje09	u/RowletWithAKnife	fme6bj3	C	N
2020-04-04 09:11:48.843531	u/JMUDan	fmeje0u	u/that_genius_	fustyl	S	N
2020-04-04 09:11:57.041682	u/SnapshillBot	fmejee6	u/Pringles__	futgay	S	N
2020-04-04 09:12:01.202333	u/CaptainWillem	fmejegh	u/bhattsahab	furjay	S	N
2020-04-04 09:12:09.499477	u/Zairy47	fmejegs	u/OkymCZ	fuq59g	S	I
2020-04-04 09:12:16.759170	u/Tsunami_HD	fmejem9	u/JakovColan12	fupprh	S	N
2020-04-04 09:12:22.964640	u/Lichtwiesel	fmejeno	u/Nokoppa	futet5	S	I
2020-04-04 09:12:30.145615	u/SnapshillBot	fmejesd	u/The_JCP	futgdk	S	N
2020-04-04 09:12:36.454268	u/communism-was-good	fmejeun	u/TDKG	fupt0q	S	I
2020-04-04 09:12:42.504040	u/jc3av1c45kq3	fmejeyb	u/SoLikeWhatIsCheese	fmeh8n3	C	I
2020-04-04 09:12:51.197656	u/The_Indian_Gamer	fmejf0o	u/TRIS74N	fuo7z3	S	I
2020-04-04 09:12:58.278787	u/SqueekyCheekyBreeky	fmejf28	u/mrgopher17	fmeigsj	C	I
2020-04-04 09:13:05.552626	u/F4hrenheit_	fmejf2q	u/GeneralTaho	futf3j	S	I
2020-04-04 09:13:10.688467	u/bense101	fmejf84	u/Sattoth	fut763	S	N
2020-04-04 09:13:18.836198	u/Renziie_1	fmejf9g	u/VespeGas	fmegc80	C	N
2020-04-04 09:13:26.961585	u/xXCreezer	fmejfby	u/Cheezy73	fmej25o	C	I
2020-04-04 09:13:35.128311	u/itzkroyyy	fmejfdy	u/tyga999	fusl78	S	N
2020-04-04 09:13:43.271002	u/RepostSleuthBot	fmejff2	u/5265644D61736F6E	fmejdre	C	I
2020-04-04 09:13:50.380647	u/braillenotincluded	fmejfg8	u/Rogueone65	fusvj5	S	I
2020-04-04 09:13:58.517037	u/AutoModerator	fmejfhz	u/xupamos87	futglg	S	I
2020-04-04 09:14:01.655671	u/xxizxi55	fmejflx	u/levi876	futakg	S	N
2020-04-04 09:14:09.747402	u/TheThingNasim	fmejfm4	u/boredoutofmyass	fmejbtu	C	N
2020-04-04 09:14:19.953432	u/BillyBobJoe612n	fmejfma	u/thelostviner	fmejdxy	C	I
2020-04-04 09:14:27.062780	u/FakeAustralian69	fmejfpz	u/Bronchai	fute2g	S	N
2020-04-04 09:14:34.162362	u/Runethe	fmejg0j	u/Professor_PEEN69	fmed7e3	C	N
2020-04-04 09:14:38.275018	u/fistinyourface	fmejg3y	u/seira117	fustlo	S	I
2020-04-04 09:14:46.708213	u/CoolNerd5802	fmejg5l	u/Greatest-idiot	funosv	S	I
2020-04-04 09:14:56.893006	u/AlessioPpp	fmejg8u	u/Toxic_deadeye	fm7ctp7	C	I
2020-04-04 09:15:06.023776	u/SnapshillBot	fmejg8v	u/Shakespeare24	futgpw	S	N
2020-04-04 09:15:10.352891	u/Shadow1242	fmejg97	u/Oreo_The_Dino	fumrf2	S	I
2020-04-04 09:15:15.443844	u/nate223	fmejg9a	u/nate223	fut3if	S	N
2020-04-04 09:15:25.529047	u/SnapshillBot	fmejgal	u/Fa_elg	futgph	S	N
2020-04-04 09:15:30.650794	u/kkaancanli	fmejgas	u/DevilHoboCousin	furkus	S	N
2020-04-04 09:15:37.899934	u/iupvotebutdontpost	fmejgdz	u/07_diDact	fuq5da	S	I
2020-04-04 09:15:43.977757	u/aaropoll	fmejgec	u/SteliosTh	fuszqy	S	I
2020-04-04 09:15:49.490519	u/apolloladdie	fmejgej	u/Sebbyyyyyy	fuqb6p	S	I
2020-04-04 09:15:57.994641	u/Rorschachthepiece	fmejghp	u/AJ-Naka-Zayn-Owens	fupoyi	S	I
2020-04-04 09:16:05.159208	u/hungary2006	fmejgjd	u/NihilisticBloodbag	fuqkso	S	I
2020-04-04 09:16:12.074239	u/HDominus	fmejgjj	u/Kinky_Queen	fmecg1p	C	N
2020-04-04 09:16:19.004321	u/CzainjikMaster4444	fmejgmj	u/Lennix1553	fmei39q	C	N
2020-04-04 09:16:25.019202	u/DrakonSpawn	fmejgng	u/ImmobileLavishness	fupxdu	S	N
2020-04-04 09:16:32.295202	u/cherry_tiddy	fmejgps	u/Suprovation	funo24	S	N
2020-04-04 09:16:39.399396	u/ArtemoisFowly	fmejgs4	u/Gumus33	fup1wl	S	N
2020-04-04 09:16:44.349334	u/CaptainWillem	fmejgtk	u/El___pescado	furiex	S	N
2020-04-04 09:16:54.882415	u/chafedogg	fmejgtz	u/AJ-Naka-Zayn-Owens	fupoyi	S	I
2020-04-04 09:16:59.852465	u/SoundWaves843	fmejgur	u/GeneralTaho	futf3j	S	I
2020-04-04 09:17:09.670545	u/meme-boy-9992	fmejgvd	u/Steel_44	fmds2ry	C	N
2020-04-04 09:17:16.499418	u/Rial_god	fmejgwg	u/tyga999	fusl78	S	N
2020-04-04 09:17:31.118526	u/DARE200Dave	fmejgww	u/nephilim80	fme834x	C	I
2020-04-04 09:17:38.793311	u/yesorno12138	fmejgxh	u/DanFrancisco580	fuecsr	S	N
2020-04-04 09:17:46.718208	u/Siris-Inidite	fmejgzx	u/Shiteingann	fup4qg	S	I
2020-04-04 09:17:52.474835	u/SnapshillBot	fmejh12	u/dogiogi33	futgwh	S	N
2020-04-04 09:18:02.397510	u/EmboatishKing	fmejh42	u/Derextus	fuq7cs	S	N
2020-04-04 09:18:07.132782	u/sexyass1010	fmejh60	u/GeneralTaho	futf3j	S	I
2020-04-04 09:18:15.967807	u/Milin_Grover	fmejh9r	u/Gumus33	fup1wl	S	N
2020-04-04 09:18:23.314462	u/DeavlyPosty	fmejha4	u/AJ-Naka-Zayn-Owens	fupoyi	S	I
2020-04-04 09:18:26.950119	u/Jazzyjeff2005	fmejhab	u/TimeTraveliToaster	fme0piy	C	N
2020-04-04 09:18:38.388366	u/ricudo_1	fmejhbe	u/nonvegvegan	fuo5tt	S	I
2020-04-04 09:18:44.012274	u/StrangeJono	fmejhbr	u/Farzadu	fus1ku	S	N
2020-04-04 09:18:58.538680	u/The_JCP	fmejhcu	u/mrgopher17	fmeig6k	C	I
2020-04-04 09:19:05.648325	u/Wichtel64	fmejhe2	u/Weh_Long_Dong	fmejcdn	C	N
2020-04-04 09:19:10.102701	u/Gabou374	fmejhf4	u/GeneralTaho	futf3j	S	I
2020-04-04 09:19:13.584015	u/AstronautUnique	fmejhfp	u/ZenXgaming100	futd40	S	I
2020-04-04 09:19:17.174899	u/CheesyOnion123456789	fmejhfs	u/Mich-Marsh69	fup2q4	S	I
2020-04-04 09:19:24.407730	u/tbskinne	fmejhg6	u/xXCoordinateXx	fusbvj	S	I
2020-04-04 09:19:30.209024	u/Mewcancraft	fmejhg9	u/DangerBaba	fmegkd8	C	I
2020-04-04 09:19:33.607221	u/SovietYoungOne	fmejhh1	u/Qvistenn	fuqjmi	S	I
2020-04-04 09:19:38.703916	u/Mama_Comic	fmejhh3	u/ZenXgaming100	futd40	S	I
2020-04-04 09:19:42.002959	u/Pixwiz7	fmejhj5	u/GeneralTaho	futf3j	S	I
2020-04-04 09:19:44.315781	u/TheBazeur	fmejhkk	u/someone_i-guess	fmej3h2	C	N
2020-04-04 09:19:45.906844	u/Clarinha666	fmejhkw	u/sheepery	fusyij	S	N
2020-04-04 09:19:49.060741	u/thelostviner	fmejhvx	u/BillyBobJoe612n	fmejfma	C	I
2020-04-04 09:19:53.205558	u/butthurt_cream	fmejhwz	u/ImSuchAGemini	fmehwn6	C	N
2020-04-04 09:19:55.948527	u/RepostSleuthBot	fmeji16	u/dustyanup	fut8jz	S	N
2020-04-04 09:19:58.987076	u/SnapshillBot	fmeji21	u/Hoctoror	futh54	S	I
2020-04-04 09:20:00.614768	u/FA-lcon	fmeji4b	u/Amazon-Q-and-A	fmej8fh	C	N
2020-04-04 09:20:02.042794	u/Ivided	fmeji4g	u/Spook-Zilla	furini	S	N
2020-04-04 09:20:04.215567	u/OmegaGayy	fmeji5v	u/Bronchai	fute2g	S	N
2020-04-04 09:20:09.545104	u/Wizzmyster1	fmeji6r	u/Farzadu	fus7u1	S	N
2020-04-04 09:20:14.711224	u/Professor_PEEN69	fmeji9x	u/Runethe	fmejg0j	C	N
2020-04-04 09:20:20.217877	u/Yosoyballer	fmejia7	u/BeansTasteLikePotato	fuplr6	S	N
2020-04-04 09:20:32.671755	u/ShadowGoat128134	fmejibl	u/Greatest-idiot	fmdy6lr	C	I
2020-04-04 09:20:37.885125	u/oompaoomps	fmejicd	u/Shakespeare24	futgpw	S	N
2020-04-04 09:20:43.287748	u/the-bad-boy-	fmejie3	u/Spook-Zilla	furini	S	N
2020-04-04 09:20:48.491940	u/SnapshillBot	fmejifh	u/MemezDaDank	futh74	S	N
2020-04-04 09:20:55.795992	u/saladavid	fmejigd	u/GeneralTaho	futf3j	S	I
2020-04-04 09:21:02.283881	u/mesadrag	fmejih8	u/WytBandit	fup12p	S	I
2020-04-04 09:21:08.546492	u/extantbuffalo	fmejihn	u/Philipp_01	fus9gf	S	I
2020-04-04 09:21:19.729172	u/NotWuushu	fmejijb	u/tanishvv	fqpf9w	S	I
2020-04-04 09:21:35.999498	u/i_speak_bane	fmejip4	u/FlyYouFoolyCooly	fmefww5	C	I
2020-04-04 09:21:47.847466	u/Maxwelwild	fmejisv	u/AJ-Naka-Zayn-Owens	fupoyi	S	I
2020-04-04 09:21:57.978787	u/WenseslaoMoguel-o	fmejiwk	u/samg54	fusdeu	S	I
2020-04-04 09:22:18.438912	u/Dirtyhippee	fmejixr	u/Anim0taku	fmeeh6g	C	I
2020-04-04 09:22:29.659467	u/Tim180803	fmejiyf	u/xXCoordinateXx	fushxn	S	I
2020-04-04 09:22:40.239446	u/nbleteam6	fmejiyi	u/Ginger_Face_29	fumk7v	S	I
2020-04-04 09:22:49.797450	u/-Braydon-	fmejj0o	u/kamerlingh_kane	fuq6th	S	N
2020-04-04 09:23:01.428965	u/deathsservant	fmejj1x	u/BeansTasteLikePotato	fuplr6	S	N
2020-04-04 09:23:09.501232	u/SnapshillBot	fmejj2d	u/Shakameme	futhd4	S	I
2020-04-04 09:23:28.615951	u/fryguyxd	fmejj6h	u/rykes_	fmebzbj	C	I
2020-04-04 09:23:36.652603	u/VoltyCube02	fmejjaq	u/alftrazign	fmd03w1	C	I
2020-04-04 09:23:43.725056	u/Gabou374	fmejje6	u/3rdWaveHarmonic	futf22	S	I
2020-04-04 09:23:52.771525	u/SnapshillBot	fmejjf2	u/deleted	futhew	S	N
2020-04-04 09:23:59.759179	u/BillyBobJoe612n	fmejjh4	u/thelostviner	fmejhvx	C	I
2020-04-04 09:24:11.032806	u/Erichey00	fmejjkq	u/AJ-Naka-Zayn-Owens	fupoyi	S	I
2020-04-04 09:24:18.077684	u/captainshado	fmejjkv	u/MemezDaDank	futh74	S	N
2020-04-04 09:24:29.234702	u/itzkroyyy	fmejjmf	u/Fantastic_Ostrich	fusm7y	S	I
2020-04-04 09:24:36.236061	u/big-yeat-big-smeat	fmejjq9	u/yeetyeetggaass	fuqbsf	S	N
2020-04-04 09:24:45.226064	u/respost_finder	fmejjrn	u/mohaee	fuon6a	S	I
2020-04-04 09:24:52.156085	u/Nokoppa	fmejjsy	u/Lichtwiesel	fmejeno	C	I
2020-04-04 09:25:01.103890	u/SnapshillBot	fmejjtu	u/Bob_Le1	futhhv	S	N
2020-04-04 09:25:07.023227	u/XarrenJhuud	fmejju7	u/Tudyks	fme52zl	C	N
2020-04-04 09:25:16.997829	u/SnapshillBot	fmejjvf	u/Senira_G	futhhi	S	I
2020-04-04 09:25:22.926151	u/Raiyan135	fmejjvk	u/ArcaneApocalypse	fmegauc	C	N
2020-04-04 09:25:29.257344	u/Raz0rp1ne	fmejjvm	u/FeijenoorderRS	furjac	S	I
2020-04-04 09:25:38.465132	u/NameTaken24	fmejjw3	u/TRIS74N	fuo7z3	S	I
2020-04-04 09:25:44.454864	u/itzkroyyy	fmejk0g	u/Mohammed_satar	fusabj	S	N
2020-04-04 09:25:54.386889	u/spacezombiejesus	fmejk0o	u/BingBongImRapingYou	fusljz	S	N
2020-04-04 09:25:59.259254	u/YouNeedPunctuation	fmejk0z	u/XDEC0DE	fmeifwa	C	I
2020-04-04 09:26:06.477240	u/FistingUrDad	fmejk2m	u/TheBazeur	fuqflt	S	I
2020-04-04 09:26:18.297777	u/alf9269420	fmejk3s	u/KinkyGCM	fmeieml	C	I
2020-04-04 09:26:27.114845	u/Raiyan135	fmejk5r	u/csakaoskiga	fmegkmc	C	N
2020-04-04 09:26:32.998870	u/SnapshillBot	fmejk7r	u/Lauri_Niemela	futhkq	S	N
2020-04-04 09:26:38.926773	u/SnapshillBot	fmejk98	u/kuhlschranko	futhjs	S	I
2020-04-04 09:26:45.820655	u/ajacks2121	fmejkdd	u/Master_Ilkka	futfbt	S	N
2020-04-04 09:26:52.106835	u/ddorr77	fmejkem	u/Sebbyyyyyy	fuqb6p	S	I
2020-04-04 09:27:00.194749	u/KingProMemo123	fmejkgt	u/TDKG	fupt0q	S	I
2020-04-04 09:27:05.671018	u/jc3av1c45kq3	fmejkh8	u/Sebbyyyyyy	fuqb6p	S	I
2020-04-04 09:27:13.405383	u/Gheetah2	fmejkhx	u/yonking_15_2	fmejcxv	C	N
2020-04-04 09:27:27.884342	u/My_usr_Name_cusyeh	fmejki0	u/its_rembol	fme3lo2	C	I
2020-04-04 09:27:35.730124	u/Spicymemez17	fmejkin	u/lbi4	fure5o	S	N
2020-04-04 09:27:42.472659	u/Raiyan135	fmejkk4	u/yonking_15_2	fmegcfc	C	N
2020-04-04 09:27:47.284732	u/RepostSleuthBot	fmejkkt	u/totalyamemegod	fut42z	S	I
2020-04-04 09:27:51.997748	u/PrinceXLoFi	fmejknm	u/Stefan_undnochwas	fmeii1i	C	I
2020-04-04 09:27:58.743042	u/RepostSleuthBot	fmejkqe	u/Super-Toad	fut40c	S	I
2020-04-04 09:28:03.533474	u/Keslerciang	fmejkqh	u/fortnut-bad	fmei7va	C	I
2020-04-04 09:28:09.728242	u/StonedBassTheory	fmejktd	u/walkietalkie22	fujhqe	S	N
2020-04-04 09:28:16.345485	u/bense101	fmejku9	u/Farzadu	fut5yw	S	N
2020-04-04 09:28:21.970041	u/SnapshillBot	fmejkw4	u/septicboy05	futhr3	S	N
2020-04-04 09:28:34.400783	u/zj_y33t	fmejkwg	u/RepostSleuthBot	fmeipif	C	I
2020-04-04 09:28:39.130931	u/itzkroyyy	fmejkz8	u/PlatinumRudy	fusdh5	S	I
2020-04-04 09:28:46.717323	u/Oregon-Transplant	fmejkzk	u/FrameRB	futc16	S	N
2020-04-04 09:28:52.000554	u/ReptileGuitar	fmejkzo	u/polkalana	fuoft7	S	I
2020-04-04 09:28:55.520327	u/Raiyan135	fmejl2v	u/futileperson	fmegdkh	C	N
2020-04-04 09:29:03.996022	u/RepostSleuthBot	fmejl42	u/flappybirdyolo	fut2ya	S	N
2020-04-04 09:29:09.843224	u/Whiz0001	fmejl71	u/FeijenoorderRS	furjac	S	I
2020-04-04 09:29:13.409996	u/FlouryBoy	fmejl7j	u/supergamer12340	fupzqt	S	N
2020-04-04 09:29:19.606411	u/Raiyan135	fmejldp	u/KoiosTheTitan	fmegwnl	C	N
2020-04-04 09:29:24.966299	u/RepostSleuthBot	fmejlhd	u/Prizma173	fut26j	S	I
2020-04-04 09:29:28.433895	u/Luke_4100	fmejlio	u/nknadeem800	fupj2z	S	I
2020-04-04 09:29:31.006709	u/Saman93	fmejljh	u/xavi_chiang	fus626	S	I
2020-04-04 09:29:41.206078	u/Raiyan135	fmejlmf	u/MesonicHideaway	fmeiyi2	C	I
2020-04-04 09:29:44.320351	u/WenseslaoMoguel-o	fmejlqy	u/Electric-Boogaloo-3	fuscoj	S	N
2020-04-04 09:29:47.059341	u/libtardslayer333	fmejlrz	u/samthegiraffe	funlyy	S	N
2020-04-04 09:29:51.732920	u/slippyboi420	fmejlt6	u/Racing_in_the_street	fulptb	S	N
2020-04-04 09:29:53.876014	u/SnapshillBot	fmejlww	u/tylerM3M3	futhwi	S	N
2020-04-04 09:29:56.654780	u/itzkroyyy	fmejlwz	u/princeofthedark0	fusemo	S	N
2020-04-04 09:29:59.415768	u/lonely1010	fmejlxs	u/rykes_	fmebzbj	C	I
2020-04-04 09:29:59.837150	u/IrOn-Tee	fmejlzk	u/Prizma173	fut26j	S	I
2020-04-04 09:30:00.607704	u/Onemillionupvotes	fmejm2u	u/ChiChiMihn	fmci53f	C	I
2020-04-04 09:30:01.853007	u/dirtbutcher	fmejm31	u/Bootiluvr	fugpnm	S	N
2020-04-04 09:30:04.156391	u/hornaldo28	fmejm52	u/Horrorfan5	futbl6	S	N
2020-04-04 09:30:09.329318	u/thebobapaul	fmejm7e	u/Westlenando	fmeipwe	C	I
2020-04-04 09:30:14.485276	u/themechanic0	fmejm7h	u/xXGamesDeanXx	fmecijt	C	N
2020-04-04 09:30:23.839769	u/Raiyan135	fmejm8z	u/ooga42	fmeja9w	C	I
2020-04-04 09:30:30.031382	u/extantbuffalo	fmejm96	u/FrephaL	fmej0ee	C	I
2020-04-04 09:30:36.360481	u/itzkroyyy	fmejmez	u/xinvisionx	fuslwn	S	N
2020-04-04 09:30:39.598205	u/Idiotinourtime	fmejmiu	u/deth213	fusgh3	S	I
2020-04-04 09:30:52.106684	u/yonking_15_2	fmejmnh	u/Raiyan135	fmejkk4	C	I
2020-04-04 09:30:57.269872	u/CyberKitten05	fmejmnl	u/BigMood42069	fme7tu2	C	I
2020-04-04 09:31:02.924891	u/subtle_fumble	fmejmo2	u/BeansTasteLikePotato	fuplr6	S	N
2020-04-04 09:31:10.143011	u/SnapshillBot	fmejmt3	u/deleted	futi5w	S	N
2020-04-04 09:31:15.311875	u/SpaghettiCrowd	fmejn3c	u/justjoe1964	fmede12	C	I
2020-04-04 09:31:18.474401	u/Kyogre729	fmejn8y	u/PrinceXLoFi	fmejknm	C	I
2020-04-04 09:31:32.910791	u/bigbrain6942069420	fmejnaa	u/archerbow234	fmedlwt	C	I
2020-04-04 09:31:43.817469	u/itzkroyyy	fmejna9	u/euein	fusocu	S	N
2020-04-04 09:31:51.177585	u/shrekisthekingofmeme	fmejndy	u/DevilHoboCousin	furkus	S	N
2020-04-04 09:31:57.455079	u/spartankik	fmejniy	u/supergamer12340	fupzqt	S	N
2020-04-04 09:32:04.663441	u/MemesMod	fmejnlh	u/deleted	futi5w	S	N
2020-04-04 09:32:09.113979	u/Anim0taku	fmejnq3	u/Derextus	fuq7cs	S	N
2020-04-04 09:32:16.296756	u/AutoModerator	fmejnr6	u/deleted	futias	S	N
2020-04-04 09:32:22.463550	u/Raiyan135	fmejnsw	u/yonking_15_2	fmejmnh	C	I
2020-04-04 09:32:27.074998	u/litsnek	fmejnto	u/Sebbyyyyyy	fuqb6p	S	I
2020-04-04 09:32:35.228498	u/weird-lamp	fmejnu4	u/The_JCP	futgdk	S	I
2020-04-04 09:32:42.449687	u/enissay2	fmejnu6	u/sahilian	futfk3	S	I
2020-04-04 09:32:48.441572	u/melonmemer	fmejnui	u/nknadeem800	fupj2z	S	I
2020-04-04 09:32:55.666717	u/dayumbrah	fmejnw5	u/xXCoordinateXx	fushxn	S	I
2020-04-04 09:33:00.898480	u/FeralStreetwear	fmejnxu	u/Bexsli	fur45k	S	N
2020-04-04 09:33:07.995362	u/Just2Megafan	fmejo12	u/563ChickenNuggets	fmdlh6z	C	I
2020-04-04 09:33:16.129364	u/Hazy-Bolognese	fmejo1m	u/JungleDanDaPirateMan	fmeidos	C	I
2020-04-04 09:33:23.792675	u/JunkieJonathon	fmejo4v	u/Pickle-rickkkkk	fuq955	S	N
2020-04-04 09:33:31.022673	u/Ishdres	fmejo8g	u/GeneralTaho	futf3j	S	I
2020-04-04 09:33:35.093836	u/yonking_15_2	fmejoaj	u/Raiyan135	fmejnsw	C	I
2020-04-04 09:33:41.253492	u/SnapshillBot	fmejocp	u/deleted	futig1	S	N
2020-04-04 09:33:49.392653	u/I_am_unholy	fmejokb	u/_asstronaut_	futg0v	S	I
2020-04-04 09:33:53.465831	u/okflipflop	fmejol4	u/DefinetlyARedditor	fmeajlc	C	N
2020-04-04 09:34:01.610430	u/Fiestabowl	fmejopq	u/mene3381	fmdx8a9	C	I
2020-04-04 09:34:07.669268	u/dirtbutcher	fmejoqy	u/piplup33	fmdm8vi	C	N
2020-04-04 09:34:10.720301	u/69CR1T1CAL420	fmejowq	u/BROken-reddit-user	fmef782	C	N
2020-04-04 09:34:16.806900	u/MemesMod	fmejoz2	u/deleted	futig1	S	N
2020-04-04 09:34:25.249488	u/RepostSleuthBot	fmejoz4	u/Super-Toad	fusxha	S	I
2020-04-04 09:34:29.443759	u/RepostSleuthBot	fmejoz5	u/butthurt_cream	fuswta	S	N
2020-04-04 09:34:38.555268	u/SnapshillBot	fmejozw	u/KografyaCaderdir	futijz	S	N
2020-04-04 09:34:43.969031	u/potaaatoo_maan	fmejp0c	u/FeijenoorderRS	furjac	S	I
2020-04-04 09:34:56.148487	u/Horrorfan5	fmejp45	u/WhyYesIamHuman	fmejb39	C	I
2020-04-04 09:35:02.177996	u/ralfiano	fmejpbg	u/Dankey19	fmebysz	C	N
2020-04-04 09:35:09.290801	u/ZeusAmmon	fmejpe6	u/princeofthedark0	fusemo	S	N
2020-04-04 09:35:16.722599	u/Muhdo	fmejpft	u/Greatest-idiot	funosv	S	I
2020-04-04 09:35:20.885049	u/Spicymemez17	fmejpii	u/lightningshit	furikt	S	I
2020-04-04 09:35:27.183720	u/dino_lover123	fmejpix	u/Derextus	fuq7cs	S	N
2020-04-04 09:35:34.359303	u/bense101	fmejpn6	u/ohdearswine	fut46t	S	I
2020-04-04 09:35:40.420078	u/mossipb	fmejpnn	u/dogiogi33	futgwh	S	N
2020-04-04 09:35:49.501818	u/RepostSleuthBot	fmejpnq	u/Super-Toad	fusvj2	S	I
2020-04-04 09:36:01.157576	u/_batman_dark	fmejppx	u/Sebbyyyyyy	fuqb6p	S	I
2020-04-04 09:36:08.222304	u/SnapshillBot	fmejpqf	u/uwantsome_donuts	futiqq	S	I
2020-04-04 09:36:14.689143	u/14JRJ	fmejpql	u/CatsAndCreamCheese	fukd3t	S	I
2020-04-04 09:36:23.068182	u/ShadowBloxxer	fmejpw5	u/FeijenoorderRS	furjac	S	I
2020-04-04 09:36:30.007836	u/konurm	fmejpwz	u/TomMcWeedy	fut3f1	S	I
2020-04-04 09:36:40.247035	u/abmasterisonreddit	fmejq0k	u/TDKG	fupt0q	S	I
2020-04-04 09:36:47.130513	u/Steven_2769	fmejq33	u/Pringles__	futeh1	S	N
2020-04-04 09:36:56.921536	u/Horrorfan5	fmejq4a	u/hornaldo28	fmejm52	C	N
2020-04-04 09:37:03.718491	u/BartPRO1000000	fmejqav	u/Mastermind291	fmebx42	C	I
2020-04-04 09:37:19.515872	u/MCSquaredBoi	fmejqaz	u/JuanitaTheCowboyRat	fmej1j6	C	I
2020-04-04 09:37:25.324892	u/qqqfuzion	fmejqbt	u/Imphulsive	fme0cbg	C	I
2020-04-04 09:37:33.222720	u/ajacks2121	fmejqc0	u/GeneralTaho	futf3j	S	I
2020-04-04 09:37:39.047367	u/jeremias20055	fmejqgm	u/Centerorgan	fme2r18	C	I
2020-04-04 09:37:53.072142	u/bloodysquite	fmejqgv	u/Snake_Bomber	fuqnsk	S	I
2020-04-04 09:37:58.844418	u/Stormyhauk	fmejqhf	u/utkubaba9581	futfxj	S	I
2020-04-04 09:38:07.485342	u/ralfiano	fmejqhz	u/Ilikeoreos47	fme7az4	C	N
2020-04-04 09:38:13.131638	u/Tech-Support-420	fmejqj3	u/CymsiJr	fme2hbk	C	I
2020-04-04 09:38:16.840418	u/i_speak_bane	fmejqng	u/aa821	fmei69g	C	N
2020-04-04 09:38:24.183794	u/edith-bunker	fmejqpa	u/Pickle-rickkkkk	fuq955	S	N
2020-04-04 09:38:35.655056	u/westsideee83	fmejqqw	u/Ikbenmathijs	fm9hcrt	C	I
2020-04-04 09:38:41.355127	u/themarine40k	fmejqru	u/GeneralTaho	futf3j	S	I
2020-04-04 09:38:48.229171	u/egonthehippo	fmejqta	u/TDKG	fupt0q	S	I
2020-04-04 09:38:52.898148	u/Clash_of_PoKe	fmejqu3	u/supergamer12340	fupzqt	S	N
2020-04-04 09:38:58.382046	u/h3lm0	fmejqvm	u/dogiogi33	futgwh	S	N
2020-04-04 09:39:03.991375	u/EmreAlpY	fmejqvp	u/Yeet_muther	fupm6v	S	N
2020-04-04 09:39:09.397229	u/Respect_Paying_Bot	fmejqxo	u/OmegaGayy	fmejbuf	C	N
2020-04-04 09:39:13.917449	u/immaloafofbread	fmejqzg	u/PK_dream	futf79	S	I
2020-04-04 09:39:19.312942	u/MemesMod	fmejr1h	u/mayanmomo	futixi	S	N
2020-04-04 09:39:24.884498	u/Chocolatestarfish247	fmejr1y	u/TDKG	fupt0q	S	I
2020-04-04 09:39:29.847986	u/natbrooks406	fmejr7a	u/Snake_Bomber	fuqnsk	S	I
2020-04-04 09:39:34.985001	u/very-creative-name2	fmejr92	u/Bob_Le1	futhhv	S	N
2020-04-04 09:39:39.815803	u/Respect_Paying_Bot	fmejrb1	u/OmegaGayy	fmeji5v	C	N
2020-04-04 09:39:43.855600	u/stan_seyoung	fmejref	u/PunjabDa	fupzwb	S	N
2020-04-04 09:39:48.707188	u/NrckRD	fmejrf9	u/dogiogi33	futgwh	S	N
2020-04-04 09:39:51.570246	u/RepostSleuthBot	fmejrfl	u/NMDGODDY	fussjo	S	N
2020-04-04 09:39:53.863877	u/donutKiwi	fmejrj1	u/samthegiraffe	funlyy	S	N
2020-04-04 09:39:56.913582	u/_vlad_b	fmejrmw	u/Snake_Bomber	fuqnsk	S	I
2020-04-04 09:39:58.056171	u/Patrick_L58	fmejroj	u/GlobalStupidity	fur7b8	S	I
2020-04-04 09:39:59.551087	u/louskateboarder	fmejrqb	u/Nokoppa	futet5	S	I
2020-04-04 09:39:59.787243	u/Jointhamurder	fmejrqw	u/the_sumanth	fusvyu	S	I
2020-04-04 09:39:59.941186	u/sostoast5	fmejrtt	u/Minhvlvl	fmej2d9	C	I
2020-04-04 09:40:01.315118	u/Thisplaceseemsnice	fmejrwi	u/cat_on_crack_	fmeicut	C	I
2020-04-04 09:40:04.520836	u/MemesMod	fmejryf	u/2thdocta	futj2i	S	N
2020-04-04 09:40:07.776536	u/Westaufel	fmejs0u	u/Lukiizon	futb1q	S	I
2020-04-04 09:40:11.997868	u/Tech-Support-420	fmejs2b	u/FUCKING_ELMO	fme22dn	C	I
2020-04-04 09:40:16.686652	u/tutude	fmejs40	u/FeijenoorderRS	furjac	S	I
2020-04-04 09:40:22.916808	u/catchuez	fmejs6e	u/dayumbrah	fmejnw5	C	I
2020-04-04 09:40:30.109578	u/Grannys_Sledgehammer	fmejs6t	u/Petra517	fmehvqf	C	I
2020-04-04 09:40:36.460381	u/pink_panda2	fmejs7n	u/05Lidhult	fupeb4	S	I
2020-04-04 09:40:47.996110	u/chaor250	fmejs8s	u/FIicky	fmdzjgm	C	I
2020-04-04 09:40:54.692976	u/zizkasmizka	fmejs98	u/Sebbyyyyyy	fuqb6p	S	I
2020-04-04 09:41:07.076394	u/boredoutofmyass	fmejs9w	u/TheThingNasim	fmejfm4	C	I
2020-04-04 09:41:18.540566	u/wooert	fmejsar	u/LearnedTsunami	fmeetty	C	I
2020-04-04 09:41:26.744781	u/icrapmypants-_-	fmejsct	u/squished_potato	fmefaiv	C	N
2020-04-04 09:41:31.944993	u/RepostSleuthBot	fmejsdf	u/maaszdavid	fusuvi	S	N
2020-04-04 09:41:41.148327	u/charizardfan101	fmejse6	u/CaptainSmackJerro	fmeilp7	C	I
2020-04-04 09:41:46.264223	u/memezop	fmejsfi	u/Timon_Bank	fmecqef	C	I
2020-04-04 09:41:51.499323	u/Izidro21	fmejsp9	u/sahilian	futfk3	S	I
2020-04-04 09:41:59.702427	u/MemesMod	fmejsq3	u/deleted	futjaq	S	N
2020-04-04 09:42:13.101868	u/ConstantlyACunt	fmejssc	u/rykes_	fmebzbj	C	I
2020-04-04 09:42:20.364347	u/RepostSleuthBot	fmejssz	u/Daweed221	fustww	S	N
2020-04-04 09:42:24.550835	u/Perunajunior	fmejsv0	u/dogiogi33	futgwh	S	N
2020-04-04 09:42:44.526091	u/matgravel	fmelm4v	u/Prizma173	fut26j	S	I
2020-04-04 09:42:52.676486	u/KingKiehl	fmelmd8	u/piggythebacpn	fmeksj5	C	N
2020-04-04 09:42:56.543628	u/A_drunkenwhaler	fmelme9	u/nknadeem800	fupj2z	S	I
2020-04-04 09:43:03.545392	u/IsThis_Working	fmelmfr	u/nknadeem800	fupj2z	S	I
2020-04-04 09:43:12.722394	u/ajacks2121	fmelmje	u/PenisThePotatoMan	futuwu	S	I
2020-04-04 09:43:18.804007	u/RoaringCookie	fmelmjy	u/Turbulent-Policy	fmeljma	C	I
2020-04-04 09:43:27.973414	u/SnapshillBot	fmelml2	u/senior-spooks	futw2g	S	N
2020-04-04 09:43:33.213771	u/noob_23	fmelmml	u/Jack-Yow	furxcb	S	I
2020-04-04 09:43:42.305325	u/Gheetah2	fmelmmz	u/furious_flopper	fmelgau	C	N
2020-04-04 09:43:47.413035	u/AutoModerator	fmelmni	u/deleted	futw4y	S	N
2020-04-04 09:43:54.481471	u/Tech-Support-420	fmelmt7	u/Sshhirrikko	fmdypfv	C	N
2020-04-04 09:44:04.763210	u/BanishDank	fmelmtl	u/coolguy3720	fi4630p	C	I
2020-04-04 09:44:12.881097	u/Kwiktan	fmelmxl	u/Herman666KKK	fmehyhb	C	I
2020-04-04 09:44:21.138888	u/jeinermelon	fmelmyb	u/GeneralTaho	futf3j	S	I
2020-04-04 09:44:28.680990	u/November-Juliet1	fmelmyq	u/MemeMaster5	fuo5hp	S	N
2020-04-04 09:44:34.693884	u/apolloladdie	fmeln11	u/WizardOfZinks	fmel5xt	C	N
2020-04-04 09:44:38.824386	u/Sam-Bennie	fmeln2j	u/days_hadd	futsvj	S	I
2020-04-04 09:44:46.871372	u/kaciw17	fmeln38	u/Respected0verlord	fme7edr	C	N
2020-04-04 09:44:54.998179	u/Baberaham_Linncoln	fmeln7c	u/Anim0taku	fmej93v	C	I
2020-04-04 09:45:01.114650	u/Toykio	fmeln84	u/TheAmazingMrfella	fuisvy	S	I
2020-04-04 09:45:09.933689	u/BurnedPinguin	fmeln8e	u/AJ-Naka-Zayn-Owens	fupoyi	S	I
2020-04-04 09:45:14.933844	u/CAPTAINPRICE79	fmelnao	u/teriyaki_sandwich	fme6n56	C	I
2020-04-04 09:45:22.909488	u/BILLBO-BOOGONS	fmelne6	u/TheJayBird43	fmelkz3	C	N
2020-04-04 09:45:30.455615	u/slayer420698	fmelnf8	u/kabeersoni	funvrv	S	I
2020-04-04 09:45:37.416530	u/RepostSleuthBot	fmelng4	u/LILkakakshi	fmelkmx	C	I
2020-04-04 09:45:46.425091	u/Andrija6897	fmelnhl	u/kioobee	fmelhgv	C	I
2020-04-04 09:45:51.453845	u/SnapshillBot	fmelnii	u/new2this12345678	futw9c	S	N
2020-04-04 09:45:59.446792	u/MemesMod	fmelnj0	u/deleted	futvuz	S	N
2020-04-04 09:46:05.664128	u/itzpenguinking	fmelnjg	u/TheGreatNavjeet	fupvts	S	I
2020-04-04 09:46:12.572728	u/Pets-Lover-Community	fmelnqw	u/Voidmemer	fmdzkp7	C	I
2020-04-04 09:46:19.563506	u/enderendirius69420	fmelnv5	u/ShinigamiDady	futsil	S	N
2020-04-04 09:46:25.539233	u/DerKaiserWilhelm2	fmelnwr	u/Luna_Moon777	futuqd	S	I
2020-04-04 09:46:31.442342	u/Turbulent-Policy	fmelnya	u/RoaringCookie	fmelmjy	C	I
2020-04-04 09:46:37.508073	u/unclebugg080706	fmelo3t	u/kathathum	fut6op	S	I
2020-04-04 09:46:43.466449	u/xPeryium	fmeloex	u/ShinigamiDady	futsil	S	N
2020-04-04 09:46:49.434050	u/SnapshillBot	fmelogr	u/ImASxammer2	futwgu	S	N
2020-04-04 09:46:55.404794	u/Gonzobolonzo	fmeloiq	u/CadenMekhi	futuru	S	N
2020-04-04 09:47:01.382398	u/pangar03	fmeloj5	u/Gheetah2	futdmh	S	N
2020-04-04 09:47:07.944086	u/pogii__	fmelojo	u/pogii__	fulaix	S	I
2020-04-04 09:47:13.964862	u/allezhaven	fmelom7	u/Mohammed_satar	fusabj	S	N
2020-04-04 09:47:19.958726	u/SamuelA513	fmelon4	u/flwrs__	fupgsf	S	I
2020-04-04 09:47:27.887165	u/AutoModerator	fmelorj	u/yourbestfriend55	futwls	S	I
2020-04-04 09:47:35.156424	u/nathanschmidttt	fmelos7	u/daddypig31	fupasf	S	I
2020-04-04 09:47:41.017339	u/LoadedMagic	fmeloss	u/simwalkedaway	futukt	S	N
2020-04-04 09:47:47.794075	u/LatifSC	fmelot7	u/LJR003	fmeh1dv	C	I
2020-04-04 09:47:54.480808	u/Akio_Haze	fmelou9	u/ThatWoodCD	fuju7l	S	I
2020-04-04 09:48:01.270901	u/MemesMod	fmeloui	u/ImASxammer2	futwgu	S	N
2020-04-04 09:48:09.249171	u/leonard11111	fmelp01	u/Spook-Zilla	furini	S	N
2020-04-04 09:48:15.012532	u/Redrebelraver	fmelp3e	u/EvanAhammed	futvgb	S	I
2020-04-04 09:48:23.394335	u/Splashboat	fmelp4n	u/sub2deadmeat	fuqavy	S	I
2020-04-04 09:48:29.047147	u/CatDank3356	fmelp5h	u/NoobSwifty	fmbgde0	C	I
2020-04-04 09:48:37.985604	u/Galeri99	fmelp5p	u/Spook-Zilla	furini	S	N
2020-04-04 09:48:44.470326	u/CerseiMustDie	fmelp7s	u/Lobotomy-Rips	fmegv0n	C	N
2020-04-04 09:48:49.001169	u/Mediocre_Nobody	fmelpby	u/Gajiba	fmbus8y	C	I
2020-04-04 09:48:56.564540	u/SnapshillBot	fmelpd1	u/HelloimNikita	futwoi	S	N
2020-04-04 09:49:00.160310	u/llerell	fmelpgl	u/SneakySam656	fmeli5b	C	I
2020-04-04 09:49:04.678137	u/MemesMod	fmelpoh	u/HelloimNikita	futwoi	S	N
2020-04-04 09:49:11.116656	u/Gheetah2	fmelpq1	u/pangar03	fmeloj5	C	N
2020-04-04 09:49:15.796238	u/LordJuk1	fmelpqm	u/Wichtel64	furdgy	S	I
2020-04-04 09:49:18.446150	u/CadenMekhi	fmelpt1	u/Gonzobolonzo	fmeloiq	C	N
2020-04-04 09:49:21.091753	u/SnapshillBot	fmelptg	u/JustTryingTo_Pass	futwpg	S	N
2020-04-04 09:49:26.686826	u/Andrija6897	fmelpwp	u/Andrija6897	futouv	S	I
2020-04-04 09:49:32.041241	u/Therealnoobumut	fmelpz2	u/Itoaii	fmekve3	C	N
2020-04-04 09:49:34.733921	u/-GiantSlayer-	fmelq1w	u/gusttuu	fuqy22	S	N
2020-04-04 09:49:39.226408	u/loverintitledparents	fmelq4s	u/jollygreenscott91	fun4x6	S	I
2020-04-04 09:49:44.437242	u/KarmaBotKiller	fmelq5g	u/SecretTurnover7	fme3vtg	C	I
2020-04-04 09:49:49.124576	u/BardoEduardo	fmelq5t	u/Iron_Man_4	fmeh5xn	C	N
2020-04-04 09:49:51.915188	u/SnapshillBot	fmelq9z	u/daphillymann	futwvb	S	I
2020-04-04 09:49:53.434000	u/SnapshillBot	fmelqc0	u/beaverkc	futwv5	S	I
2020-04-04 09:49:56.167950	u/PinkPunkInBlack	fmelqf4	u/yamideath	furop9	S	N
2020-04-04 09:50:00.300214	u/AggravatingWorld4	fmelqf1	u/Random-Pedestrian	fmdylaz	C	I
2020-04-04 09:50:01.449467	u/KarmaBotKiller	fmelqfb	u/SecretTurnover7	fme3uy3	C	I
2020-04-04 09:50:03.212431	u/charizardfan101	fmelqfw	u/Sebbyyyyyy	fuqb6p	S	I
2020-04-04 09:50:04.271398	u/Yeetboisph42	fmelqgm	u/Levan54321	fmdcxs3	C	N
2020-04-04 09:50:10.542600	u/daddypig31	fmelqku	u/nelabieji	fmejttf	C	N
2020-04-04 09:50:19.739295	u/notveryepicatall	fmelqnt	u/JustFbi	fukvq0	S	N
2020-04-04 09:50:27.634272	u/Nate_Da_Grate	fmelqqi	u/FalconPhantom	funqft	S	N
2020-04-04 09:50:34.896069	u/Teshin_Thai	fmelqqg	u/LimCW1223	fut097	S	N
2020-04-04 09:50:44.135414	u/Marcus_Macabre	fmelqqv	u/Jerrythedude101	futqo3	S	I
2020-04-04 09:50:51.331226	u/MemesMod	fmelqr5	u/StatusYouth	futwx6	S	N
2020-04-04 09:51:00.543289	u/Deafening_Silence12	fmelqv1	u/ShinigamiDady	futsil	S	N
2020-04-04 09:51:07.901665	u/ItzShadowLilac	fmelr26	u/JackeRid05	fup7fe	S	I
2020-04-04 09:51:17.171645	u/mi_dgy	fmelr43	u/Luna_Moon777	futuqd	S	I
2020-04-04 09:51:25.253506	u/PsychFlame	fmelr8n	u/Johnny_The_Pirate	fuljh1	S	N
2020-04-04 09:51:34.462551	u/KarmaBotKiller	fmelrb8	u/SecretTurnover7	fme3s6j	C	I
2020-04-04 09:51:41.572675	u/ZedsDadBaby	fmelrc3	u/beep_boop_3324	fme70oh	C	I
2020-04-04 09:51:50.747970	u/MAGIC_EYE_BOT	fmelrep	u/deleted	futwvr	S	N
2020-04-04 09:51:59.793372	u/Tkms_24s	fmelrfj	u/AJ-Naka-Zayn-Owens	fupoyi	S	I
2020-04-04 09:52:18.123674	u/CreamOnMyNutella	fmelrkc	u/alphonae	fmehsl6	C	I
2020-04-04 09:52:28.326819	u/FossilSpoon	fmelrlp	u/Haianh235	fusln4	S	N
2020-04-04 09:52:36.689292	u/Doggo-sk	fmelrmq	u/V_pussy-slayer-69_V	fuqprw	S	I
2020-04-04 09:52:45.819680	u/SnapshillBot	fmelrss	u/milk_connoisseur23	futx6x	S	I
2020-04-04 09:52:53.878581	u/putnamto	fmelru8	u/AaaOooRiver	fmehxvw	C	N
2020-04-04 09:53:04.215155	u/Cozmiczzz	fmelruq	u/V_pussy-slayer-69_V	fuqprw	S	I
2020-04-04 09:53:11.235285	u/Weebpower123	fmelrvx	u/OmegaGayy	fmejbuf	C	N
2020-04-04 09:53:20.743909	u/Taoist-teacup96	fmelrwg	u/TheBazeur	fuqflt	S	I
2020-04-04 09:53:28.166658	u/Pedroman232	fmels0l	u/newguyfng	fuk99t	S	I
2020-04-04 09:53:37.217172	u/simwalkedaway	fmels7k	u/LoadedMagic	fmeloss	C	N
2020-04-04 09:53:44.256261	u/SnapshillBot	fmels9j	u/Xx_Fluffy_Dust_xX	futx9s	S	N
2020-04-04 09:54:00.353631	u/Nonfaktor	fmels9x	u/drexl147	fme901m	C	I
2020-04-04 09:54:08.493553	u/Breepdupdupbloop	fmelsah	u/Antscannabis	futvx8	S	I
2020-04-04 09:54:16.582009	u/Imelie	fmelsam	u/Suepermax	futru2	S	I
2020-04-04 09:54:24.628573	u/SnapshillBot	fmelsbi	u/LibidinousBard	futx8e	S	N
2020-04-04 09:54:32.672635	u/AutoModerator	fmelso8	u/ZEP4R	futxdo	S	N
2020-04-04 09:54:37.656189	u/pangar03	fmelsrg	u/Gheetah2	fmelpq1	C	N
2020-04-04 09:54:48.982899	u/Parsagolnia	fmelss8	u/AJ-Naka-Zayn-Owens	fupoyi	S	I
2020-04-04 09:54:55.029977	u/enough-rope	fmelssp	u/IfTheHouseBurnsDown	fut06r	S	N
2020-04-04 09:55:05.073520	u/daddypig31	fmelsw3	u/butthurt_cream	fuswta	S	N
2020-04-04 09:55:21.039476	u/okojofiveeyes	fmelsx5	u/FireStrike5	fmeex5r	C	I
2020-04-04 09:55:28.028758	u/AutoModerator	fmelt0z	u/deleted	futxgg	S	N
2020-04-04 09:55:37.022383	u/-GiantSlayer-	fmelt2i	u/DaddyHumpMe	furxay	S	N
2020-04-04 09:55:45.076012	u/AlkacidPotato	fmelt6b	u/polkalana	fuoft7	S	I
2020-04-04 09:55:51.971979	u/MemesMod	fmeltc9	u/Xx_Fluffy_Dust_xX	futx9s	S	N
2020-04-04 09:55:59.932399	u/Karl-Gerat	fmeltfs	u/HBG2004	futq4s	S	I
2020-04-04 09:56:06.771982	u/Dahwaann4U	fmeltg5	u/21paradox	fmec3hj	C	N
2020-04-04 09:56:13.672680	u/SnapshillBot	fmeltgt	u/Mose_in_sox	futxf0	S	N
2020-04-04 09:56:19.554545	u/EvanAhammed	fmeltot	u/Redrebelraver	fmelp3e	C	I
2020-04-04 09:56:26.596643	u/JacketKnees	fmeltoz	u/VaaArt	fupykz	S	N
2020-04-04 09:56:33.466280	u/retrogamet	fmeltqi	u/simwalkedaway	futukt	S	N
2020-04-04 09:56:40.309269	u/SnapshillBot	fmeltz4	u/mansyking00	futxjy	S	I
2020-04-04 09:56:49.087456	u/Iamagudredditor	fmelu01	u/AJ-Naka-Zayn-Owens	fupoyi	S	I
2020-04-04 09:56:55.873389	u/AutoModerator	fmelu0u	u/DenseHoliday	futxmh	S	N
2020-04-04 09:57:03.238179	u/Mb134340	fmelubb	u/Racing_in_the_street	fulptb	S	N
2020-04-04 09:57:10.585262	u/Bushidoman52	fmelud4	u/Pickle-rickkkkk	fuq955	S	N
2020-04-04 09:57:17.318291	u/SnapshillBot	fmelufe	u/Minecraft-forever	futxnt	S	I
2020-04-04 09:57:25.060002	u/TerrificTomi	fmelufk	u/dildo_Swaginns	furu38	S	N
2020-04-04 09:57:31.770190	u/SnapshillBot	fmeluhe	u/TheVoicesWontLeave	futxlx	S	N
2020-04-04 09:57:39.519464	u/SnapshillBot	fmeluj4	u/xVoldyx	futxlq	S	N
2020-04-04 09:57:46.195973	u/Rhuamer	fmeluuc	u/Shakespeare24	futgpw	S	N
2020-04-04 09:57:50.949818	u/AutoModerator	fmeluw0	u/deleted	futxrv	S	N
2020-04-04 09:57:57.593794	u/HBG2004	fmeluxh	u/Karl-Gerat	fmeltfs	C	N
2020-04-04 09:58:03.326189	u/EdBoi007	fmeluxn	u/Qvistenn	futtsp	S	I
2020-04-04 09:58:07.114720	u/SnapshillBot	fmelv0p	u/spanktoy	futxri	S	N
2020-04-04 09:58:13.741280	u/LukariBRo	fmelv1s	u/EumenidesTheKind	fmed7p8	C	N
2020-04-04 09:58:19.331545	u/FlamingChicken43	fmelv6z	u/Karl-Gerat	fmeld7k	C	N
2020-04-04 09:58:22.224930	u/Palafranco	fmelv8j	u/deleted	futvvl	S	N
2020-04-04 09:58:28.259930	u/idkjustplease	fmelvdz	u/DanDeCoby	fuoo2o	S	I
2020-04-04 09:58:34.857459	u/SnapshillBot	fmelvk4	u/EfficaciousBean	futxsx	S	N
2020-04-04 09:58:37.722767	u/luhsya	fmelvli	u/xWHITEx123	fupkjr	S	N
2020-04-04 09:58:40.316419	u/uniqueusername2112	fmelvm2	u/TheBazeur	fuqflt	S	I
2020-04-04 09:58:45.875280	u/MemesMod	fmelvm8	u/spanktoy	futxri	S	N
2020-04-04 09:58:52.472552	u/extantbuffalo	fmelvmj	u/TheBazeur	fur6rt	S	I
2020-04-04 09:58:56.099126	u/apolloladdie	fmelvnm	u/new2this12345678	futw9c	S	N
2020-04-04 09:59:01.684992	u/beanstopper	fmelvpr	u/AJ-Naka-Zayn-Owens	fupoyi	S	I
2020-04-04 09:59:09.236773	u/SpazshooT	fmelvpy	u/GeneralTaho	futf3j	S	I
2020-04-04 09:59:13.626345	u/circassia	fmelvrb	u/Addian4	fuqdp7	S	I
2020-04-04 09:59:17.009231	u/Suepermax	fmelvug	u/Imelie	fmelsam	C	N
2020-04-04 09:59:25.215827	u/KosmoKale	fmelvut	u/Dahwaann4U	fmeltg5	C	I
2020-04-04 09:59:28.436394	u/-_-KGGery-_-	fmelvz5	u/skippy_35	fmei4me	C	N
2020-04-04 09:59:30.075227	u/SnapshillBot	fmelw30	u/deleted	futxww	S	N
2020-04-04 09:59:35.285788	u/DBHblueblood45	fmelw3m	u/ChinaChingu	futsc8	S	I
2020-04-04 09:59:40.252893	u/devajithvs	fmelw3s	u/seungo	fmeg8hy	C	N
2020-04-04 09:59:44.148848	u/DialeKT757	fmelw49	u/Astraquius	fmegj59	C	I
2020-04-04 09:59:45.606044	u/jdw221221221	fmelw9m	u/German_Irish_chicken	fmekc13	C	I
2020-04-04 09:59:46.444299	u/AggravatingWorld4	fmelwb8	u/Slyonix_	fmeiazi	C	N
2020-04-04 09:59:47.236975	u/MemesMod	fmelwfi	u/deleted	futxww	S	N
2020-04-04 09:59:50.257485	u/Pussy-Hunter6969	fmelwgr	u/V_pussy-slayer-69_V	fmelkfk	C	I
2020-04-04 09:59:58.407187	u/alphonae	fmelwgy	u/CreamOnMyNutella	fmelrkc	C	I
2020-04-04 10:00:02.052430	u/Mememaker4life	fmelwh1	u/jollygreenscott91	fun4x6	S	I
