2020-04-11 13:01:04.255730	u/KuroMomiji	fn3nn0t	u/SoloBLx	fn3mm9u	C
2020-04-11 13:01:27.556683	u/UniversWatch3r	fn3nnw4	u/loudsynthetic	fn3jf53	C
2020-04-11 13:01:43.827517	u/ponderousairlinefood	fn3nodp	u/ima-fist-ya-da	fn3kone	C
2020-04-11 13:02:05.771183	u/makaveli_248	fn3np22	u/Stealthminion18	fn3mji6	C
2020-04-11 13:03:04.864611	u/ROBBADOPOLIS	fn3nrrq	u/Chesney1995	fn3nhta	C
2020-04-11 13:04:18.425324	u/CaptainLysdexia	fn3nucv	u/filip_99	fn0sdcv	C
2020-04-11 13:04:21.631482	u/The_Drop_Bear_	fn3nugj	u/dino_lover123	fn3llcl	C
2020-04-11 13:04:30.346721	u/1800-bakes-a-lot	fn3nujk	u/CloneAssassin	fn3mel2	C
2020-04-11 13:04:33.494004	u/ReeseTheKitty	fn3nulv	u/VenomViper300	fn3d680	C
2020-04-11 13:04:37.864162	u/forcere3	fn3nups	u/weslington1	fn3c22q	C
2020-04-11 13:05:10.852692	u/theyeetbreaker	fn3nw1a	u/sharmin84	fn3m8g8	C
2020-04-11 13:05:22.025631	u/totalynotahatebot	fn3nwav	u/Maximus_1000	fn3kbzx	C
2020-04-11 13:05:25.145422	u/Vilhelmgg	fn3nwgb	u/Mr_Mammoth-man	fn3n37l	C
2020-04-11 13:05:33.165999	u/Brut4lC0ffee	fn3nwok	u/m7amdxd	fn3ntir	C
2020-04-11 13:06:00.279612	u/Gamerduden	fn3nxxg	u/DagonWorshipper1234	fn3nu59	C
2020-04-11 13:06:04.152981	u/Spathens	fn3ny18	u/CentBoy	fn2pu60	C
2020-04-11 13:06:28.168561	u/Viper010404	fn3nz6h	u/EthanielClyne	fn3ez6j	C
2020-04-11 13:06:39.904602	u/Sheercold36	fn3nzm1	u/Nyhaalm	fn33ve1	C
2020-04-11 13:07:11.069367	u/518goon	fn3o0lc	u/ZakTSK	fn3nyig	C
2020-04-11 13:07:12.851452	u/supreamyy	fn3o0nr	u/DragoDoctor67	fl5k6ca	C
2020-04-11 13:07:25.674245	u/TheLoneMemer-1405	fn3o13j	u/sinisterspud	fn3mzy5	C
2020-04-11 13:07:59.696946	u/twitchprime101	fn3o2d3	u/grzzbot	fn38o8x	C
2020-04-11 13:08:02.692841	u/TheRealSpatizm	fn3o2fn	u/nheljar_makotu	fn3kw6l	C
2020-04-11 13:08:52.067949	u/asianumba1	fn3o547	u/FQVBSina	fn3mxxg	C
2020-04-11 13:08:56.514997	u/Mild_Wings	fn3o5c1	u/Morfilix	fn3m0w3	C
2020-04-11 13:08:59.162484	u/ultratitan28	fn3o5e5	u/DragonSlayer9292	fn3hxcy	C
2020-04-11 13:09:01.131967	u/notcoolauggie	fn3o5g2	u/Bruh_Bot_	fn3nph6	C
2020-04-11 13:09:24.093686	u/EdgeOfTheWorld1997	fn3o6vi	u/Vulturiel	fn3h7so	C
2020-04-11 13:09:50.753590	u/themcjizzler	fn3o8il	u/dsessoms	fn3o39d	C
2020-04-11 13:10:31.797269	u/snoozingrex	fn3oaxz	u/VanashinGlory	fn358rb	C
2020-04-11 13:11:50.881924	u/dragonchick2001	fn3odki	u/nOt-ClicK-bAiT	fn3kxg6	C
2020-04-11 13:12:03.069544	u/TigoOver	fn3oe0v	u/parching-pretzels	fn3mvpe	C
2020-04-11 13:12:10.251765	u/CaroZoroark	fn3oedk	u/R-A-V-I-O-L-I-22	fmee4ly	C
2020-04-11 13:12:19.579646	u/lechucksrev	fn3oequ	u/Hemlock_Deci	fn33ujt	C
2020-04-11 13:12:21.884330	u/ShaySahn	fn3oeri	u/Scorpionbutwithaface	fn3j4n3	C
2020-04-11 13:12:57.338111	u/IDKAskMeLater	fn3og47	u/Centurian1337	fn3kw22	C
2020-04-11 13:14:19.249082	u/AaronVA	fn3oiru	u/DeltarUltima	fn3o6c3	C
2020-04-11 13:14:40.567784	u/across_chaos	fn3ojhu	u/tacticalheadband	fn3nsv7	C
2020-04-11 13:14:58.276334	u/moe_da_lawn	fn3ok54	u/ElPapo131	fn379cy	C
2020-04-11 13:15:02.986861	u/deathscar898	fn3okce	u/kewlkidxx	fn3l1oh	C
2020-04-11 13:15:23.175952	u/Barti666	fn3okoo	u/Semi-Charmedx	fn3jhx1	C
2020-04-11 13:15:50.063859	u/Lorenzo_BR	fn3olnr	u/itsthepatheticpatrol	fn3o76t	C
2020-04-11 13:16:51.419326	u/arnoldcranberry	fn3ooce	u/mdmd33	fn0u80l	C
2020-04-11 13:17:07.984708	u/ShutUpCarl69	fn3oowt	u/LoneAssassin29	fn2houc	C
2020-04-11 13:17:12.150758	u/Sovietbodypillow	fn3op6b	u/Bluemoon357	fn3m5b0	C
2020-04-11 13:17:23.399120	u/IAmTRiiLO	fn3opnl	u/thetabo	fn3f01k	C
2020-04-11 13:18:07.081557	u/usr47354	fn3ore1	u/Valsana	fn3lcp3	C
2020-04-11 13:18:12.330683	u/ramtax666	fn3orfu	u/slick-boi	fn3o62p	C
2020-04-11 13:18:20.507855	u/Memetasticmemes	fn3oryd	u/isumisum08	fn3opbi	C
2020-04-11 13:18:27.023162	u/Small_Time_Editor	fn3os61	u/cannedrex2406	fn33lpk	C
2020-04-11 13:18:28.618089	u/Tastykoala1	fn3os7n	u/DrumsFromDemaOnYT	fn3kexq	C
2020-04-11 13:18:30.847760	u/l_OXODONTA	fn3osba	u/slyredfox12	fn3kph2	C
2020-04-11 13:18:33.992310	u/Levan54321	fn3ospv	u/totalynotahatebot	fn3nwav	C
2020-04-11 13:18:39.969832	u/Puppies-_	fn3oszh	u/Sagelegend	fn3neal	C
2020-04-11 13:19:04.866577	u/Johnstruktor	fn3ouh4	u/Satanic_Moth	fn3c2rz	C
2020-04-11 13:19:17.139851	u/67reasonswhy	fn3ouy2	u/PenguinWithAglock	fn3k94z	C
2020-04-11 13:19:26.868393	u/omrantx2	fn3ovi7	u/NateZMCOG	fn3nku2	C
2020-04-11 13:19:36.469214	u/Guinsehtrix69	fn3ovyo	u/CourageousWinecup	fn3mcjc	C
2020-04-11 13:19:48.905055	u/kevinthegreat	fn3owe9	u/malmordar	fn3jnz1	C
2020-04-11 13:19:53.956243	u/mintas123	fn3owmq	u/TheFinalEnd1	fn3ond9	C
2020-04-11 13:19:54.736104	u/HappyAku800	fn3own7	u/HellArcher065	fn3ftlt	C
2020-04-11 13:19:58.485358	u/Levan54321	fn3ox94	u/Morfilix	fn3oekz	C
2020-04-11 13:20:00.433862	u/wlisii	fn3oxbi	u/Nyctophilite	fz1l8u	S
2020-04-11 13:20:01.798520	u/silverstonery	fn3oxc0	u/tacocheeze	fn38irg	C
2020-04-11 13:20:17.902689	u/Bakkuotaku	fn3oxw4	u/BraveCrusader69	fn3oipv	C
2020-04-11 13:20:31.625933	u/Kaidu93	fn3oy44	u/LionBub	fn3l7u7	C
2020-04-11 13:21:09.125346	u/EaglesFanGamer51	fn3oz4v	u/hitleristhg	fn3opsx	C
2020-04-11 13:21:53.164175	u/Exproossion	fn3p0jl	u/TheOnlyFallenCookie	fn3ol25	C
2020-04-11 13:22:03.088656	u/tinppis	fn3p0v2	u/RVK_WAFFLE	fn3dwx1	C
2020-04-11 13:23:41.458967	u/86thalternateacount	fn3p4k3	u/taylanunver	fn3ohn4	C
2020-04-11 13:23:59.939579	u/flipflopflapfish	fn3p58u	u/BwaBwa100	fn2llsc	C
2020-04-11 13:24:15.640982	u/LamborghiniLover47	fn3p69d	u/downvotes_me_please	fn3hb70	C
2020-04-11 13:24:17.730932	u/youindiayoulose	fn3p6dz	u/itsthepatheticpatrol	fn3o76t	C
2020-04-11 13:24:28.023491	u/gclem16	fn3p6l8	u/shuerintelectual	fn3n2ol	C
2020-04-11 13:24:53.699524	u/uwuwizard	fn3p7am	u/Coopy0233	fms3011	C
2020-04-11 13:25:00.388798	u/BlazingComet39	fn3p7fw	u/coptup4ik	fn2j3fc	C
2020-04-11 13:25:15.539556	u/Caferino-Boldy	fn3p8nm	u/chomperstyle	fn3bj1j	C
2020-04-11 13:25:31.177288	u/Dor-Yah	fn3p98x	u/DM_ME_YOUR_PASSWORD	fn3mb4q	C
2020-04-11 13:25:43.675207	u/Green_Snakea	fn3p9ov	u/IfZeldaWasAGirl	fn2linq	C
2020-04-11 13:25:45.816082	u/TheDJisReady	fn3p9pq	u/Bruh_Bot_	fn3opxp	C
2020-04-11 13:25:48.961229	u/Ubuysoft	fn3p9qp	u/Slendher40	fn3dr8o	C
2020-04-11 13:26:06.726923	u/ULTIMATE_TEOH	fn3pa4l	u/PearceWD	fn3lyq2	C
2020-04-11 13:27:09.996480	u/SureAirport	fn3pdep	u/86thalternateacount	fn3p4k3	C
2020-04-11 13:27:38.253942	u/Vuksa69	fn3pffd	u/Bruh_Bot_	fn3pbgl	C
2020-04-11 13:27:44.839259	u/BartaBogdan	fn3pfsf	u/ascarycat	fn3jv3u	C
2020-04-11 13:28:11.671961	u/xXRavenAttackXx	fn3ph6r	u/Surt3473	fn3jwpy	C
2020-04-11 13:28:20.622722	u/arthurs_hat	fn3phnw	u/SatyajeetBehera5	fza6xy	S
2020-04-11 13:28:39.382803	u/JarlofCitrine	fn3pj1x	u/RyanPridgeon	fn3ni85	C
2020-04-11 13:29:00.761995	u/ashmit50042	fn3pkoq	u/break616	fn3p6wx	C
2020-04-11 13:29:05.618350	u/freetobeme2020	fn3pkrc	u/Quija5000	fn3pef4	C
2020-04-11 13:29:12.107581	u/bigmanps1ronweasley	fn3pl49	u/jeffbeezos123	fn31mdq	C
2020-04-11 13:29:17.153186	u/metalgodwin	fn3plq6	u/Picker-Rick	fn3kti9	C
2020-04-11 13:29:31.648626	u/DMU7	fn3pmwp	u/Pratham_K	fn3j1b2	C
2020-04-11 13:29:56.858973	u/HansenIntercept	fn3pp0q	u/Liboudenn	fn381q9	C
2020-04-11 13:29:59.782541	u/BrassyFox	fn3ppam	u/Rieiid	fn3jh72	C
2020-04-11 13:30:00.200692	u/owtwestadam	fn3ppdr	u/jwymes44	fn3oywu	C
2020-04-11 13:30:10.961220	u/hellrider124	fn3ppnt	u/Pennutoh12	fn3bmp1	C
2020-04-11 13:30:26.129875	u/hellrider124	fn3pqiv	u/RyanPridgeon	fn3ni85	C
2020-04-11 13:30:33.435325	u/Literallyunloadable	fn3pqqm	u/Jelyarms	fn31doc	C
2020-04-11 13:30:48.573912	u/TheGamer37	fn3pr6c	u/Emmanunu	fn3kar8	C
2020-04-11 13:30:59.807745	u/erwinodyssey	fn3prdl	u/mintas123	fn3ehhn	C
2020-04-11 13:31:25.875326	u/kaitlynsnf	fn3ps9o	u/VibraniumDragonborn	fl5nrgn	C
2020-04-11 13:31:46.846799	u/Abysal_Incinerator	fn3ptek	u/lFuhrer	fn3nwip	C
2020-04-11 13:31:58.417564	u/OmegaBowser	fn3ptw8	u/ineedspoliedmilk	fn3msxf	C
2020-04-11 13:32:05.916920	u/JPEGfileformat	fn3pu4j	u/Excalibur_Zato	fn3pbep	C
2020-04-11 13:32:32.931894	u/Killtime15	fn3pvpa	u/amrich88	fn2o8lr	C
2020-04-11 13:34:07.220116	u/gir_loves_waffles	fn3pzf4	u/JarlofCitrine	fn3pj1x	C
2020-04-11 13:34:38.294203	u/ThisIsRandom0987	fn3q05t	u/DrStreiz	fn3owd9	C
2020-04-11 13:34:44.136711	u/_Is_fun_at_parties_	fn3q0ic	u/ashmit50042	fn3pkoq	C
2020-04-11 13:34:59.246724	u/guyhasnoname	fn3q0zq	u/bob1278999	fn1shn1	C
2020-04-11 13:35:10.685328	u/tylerdurden5105	fn3q1fk	u/Average_User25	fn3o8du	C
2020-04-11 13:35:27.270529	u/Zeus_Astrapios	fn3q27n	u/theCursedDinkleberg	fn3gm0k	C
2020-04-11 13:35:44.639280	u/DEAD1999	fn3q35s	u/jakecobbb	fn3mlzp	C
2020-04-11 13:35:54.483706	u/RatGamer_	fn3q3lk	u/Fantastic_Ostrich	fn3ps0w	C
2020-04-11 13:36:20.792865	u/LordDedede188	fn3q4t6	u/boxperson25	fn3prxr	C
2020-04-11 13:36:27.160065	u/PlusPoint7	fn3q50c	u/lFuhrer	fn3ourk	C
2020-04-11 13:36:44.085259	u/tryndamere12345	fn3q5xu	u/CloneAssassin	fn3bo49	C
2020-04-11 13:36:45.901973	u/Deez_donut	fn3q5xt	u/69_Hokage	fn3pt2b	C
2020-04-11 13:36:54.877283	u/pupcraft99	fn3q6ck	u/HannibalGoddamnit	fn3q5eu	C
2020-04-11 13:37:04.570317	u/alexb023	fn3q6ya	u/RepsajS05	fn3pz8k	C
2020-04-11 13:37:11.047710	u/mlgbutt	fn3q78f	u/Bantabury97	fn10pe1	C
2020-04-11 13:37:25.594934	u/cursed_tyrant	fn3q7z7	u/CrazySuperHotFire	fz41c3	S
2020-04-11 13:37:35.749909	u/MUS85702286	fn3q8iz	u/RufflesOriginal	fn3jmsh	C
2020-04-11 13:37:37.470993	u/SHAGBUM	fn3q8ln	u/HDSQ	fn359rd	C
2020-04-11 13:37:43.023790	u/Fluffy_Gandalf	fn3q8sr	u/CloneAssassin	fn3bo49	C
2020-04-11 13:37:55.248051	u/adylanb	fn3q9ha	u/across_chaos	fn3ojhu	C
2020-04-11 13:38:12.226868	u/Insurrection_Prime	fn3qate	u/MediocrePenisNumber6	fn3okfi	C
2020-04-11 13:38:16.030380	u/C_V_Carlos	fn3qb15	u/coinkeyboard	fn3fn6p	C
2020-04-11 13:38:44.355707	u/LordHamsterbacke	fn3rr8n	u/r4moneq7	fn3eq6d	C
2020-04-11 13:38:45.877870	u/Fuggabisch	fn3rr8t	u/Asriel_Dreeeemurr	fn3melr	C
2020-04-11 13:38:51.264149	u/how_to_namegenerator	fn3rrp5	u/Macawlord235	fn3p9k9	C
2020-04-11 13:38:56.078101	u/marty_126	fn3rrz7	u/mightandmagic88	fn3nem6	C
2020-04-11 13:38:58.632791	u/Brandonbuddy20	fn3rs77	u/emizeroage	fn2zy35	C
2020-04-11 13:39:14.995516	u/-g-r-e-g-	fn3rtiy	u/PranayNighukar	fn3qq8p	C
2020-04-11 13:39:16.268426	u/Fuggabisch	fn3rtjf	u/Asriel_Dreeeemurr	fn3rsaj	C
2020-04-11 13:39:18.570600	u/i_like_meatballs_	fn3rtsl	u/jeffru12345	fn3rrlf	C
2020-04-11 13:39:20.348310	u/Manhiyou22	fn3rtza	u/emeraldkma	fn3q1p6	C
2020-04-11 13:39:38.852576	u/Commanderguy0123	fn3rvgx	u/BenHighco	fn2mfrb	C
2020-04-11 13:39:48.409220	u/Flamingsnowball_	fn3rwbs	u/bugaboo84	fn1d6ez	C
2020-04-11 13:39:56.957531	u/Hoooonter	fn3rx6e	u/scotthog65	fn3jo0i	C
2020-04-11 13:39:57.482252	u/Toaster-Man72	fn3rx7r	u/Deathbysnusnubooboo	fn3rlfr	C
2020-04-11 13:39:58.356545	u/heyes34	fn3rxgi	u/Xach0	fn2f4lp	C
2020-04-11 13:40:00.921185	u/Tsuuppi	fn3ry0x	u/Flaxi74	fn3rg2o	C
2020-04-11 13:40:29.923585	u/Karlcen28	fn3rz7c	u/Googlefisch	fn39p6q	C
2020-04-11 13:40:54.970234	u/Nikodeam	fn3s04e	u/Ac_DrAgOn_	fn3pr0q	C
2020-04-11 13:40:57.265310	u/_sammyjankis-_	fn3s05a	u/Stealthminion18	fn3iamb	C
2020-04-11 13:41:07.114176	u/lemonfroggy	fn3s0l5	u/Sir-Memecelot	fn2y7h3	C
2020-04-11 13:41:16.689211	u/MartinDaWarrior	fn3s0x2	u/Gonai666	fn3rwa9	C
2020-04-11 13:42:14.092782	u/ILikeCows500	fn3s37r	u/RepostSleuthBot	fn350pw	C
2020-04-11 13:42:17.401499	u/TryhardDemo	fn3s3cn	u/alanboiboi	fn3rczk	C
2020-04-11 13:42:45.019967	u/Basic_Inside	fn3s4d2	u/Bruh_Bot_	fn3mh0y	C
2020-04-11 13:42:49.541370	u/nam_sdrawkcab_ehT	fn3s4oi	u/Mohammad927	fn3kxzx	C
2020-04-11 13:43:26.037995	u/JayMiester7	fn3s6eu	u/ligmaballs22	fz5wbj	S
2020-04-11 13:43:32.582564	u/Vyo	fn3s6mf	u/across_chaos	fn3ojhu	C
2020-04-11 13:43:42.683790	u/iannis7	fn3s730	u/SkrallTheRoamer	fn3rauu	C
2020-04-11 13:43:52.674062	u/anakalia256	fn3s7ej	u/Slyph321	fn379mt	C
2020-04-11 13:44:50.555767	u/shmoum	fn3sag1	u/grzzbot	fn38o8x	C
2020-04-11 13:45:27.799401	u/TonyTheTerp	fn3scbp	u/Phantasus_Mosaik	fn3bsyk	C
2020-04-11 13:45:50.905639	u/burritothedoggo	fn3scvt	u/GamerGriffin548	fn3oipt	C
2020-04-11 13:46:27.379497	u/MaccWillSmacc	fn3sepr	u/LHB38	fn3scg3	C
2020-04-11 13:46:30.929388	u/BadBamana	fn3sf0o	u/yatheen_1204	fn3pvjw	C
2020-04-11 13:47:10.008703	u/_KazeFaze_	fn3sgs1	u/-metronome-	fn3kwh9	C
2020-04-11 13:48:01.867916	u/mhmdali33	fn3siwf	u/badlight27	fn2vvsf	C
2020-04-11 13:48:06.525887	u/TheIhstarIsReal	fn3sj1w	u/Miles123K	fn2xxol	C
2020-04-11 13:48:16.075131	u/beigekidd	fn3sjkf	u/LucidityFree	fn3shvk	C
2020-04-11 13:48:17.710500	u/Silar91	fn3sjmn	u/OnionRights	fn3mlkz	C
2020-04-11 13:48:44.132843	u/Fjallskegg	fn3skvp	u/A_sad_toaster	fn330bf	C
2020-04-11 13:49:04.059349	u/ShatteredSins	fn3sm6b	u/chaotichousecat	fkhk8qk	C
2020-04-11 13:49:07.909608	u/colorsofsound1	fn3smfd	u/HowardtheDuck275	fn3dnfc	C
2020-04-11 13:49:16.017653	u/broadwaycade	fn3smsy	u/Garbinove	fn3omio	C
2020-04-11 13:49:20.731384	u/HmGrwnSnc1984	fn3sn3c	u/masonmax100	fn3qloi	C
2020-04-11 13:49:25.878261	u/MontyCristo98	fn3sna1	u/HowardtheDuck275	fn3dnfc	C
2020-04-11 13:49:27.718022	u/balto_zoom	fn3snf3	u/Whines90	fn3cz5m	C
2020-04-11 13:49:30.466967	u/bitnalhee	fn3snuz	u/Phantasus_Mosaik	fn3bsyk	C
2020-04-11 13:49:35.329585	u/Shinigami0108	fn3so1f	u/neelalohith	fn3rnfk	C
2020-04-11 13:49:38.389618	u/egosuminimicus	fn3so8u	u/Eeeeethrowawayowo	fn3smxe	C
2020-04-11 13:49:48.401591	u/LethargicLad24	fn3sp4x	u/Satanic_Moth	fn3c2rz	C
2020-04-11 13:50:00.358396	u/FantasticOni	fn3sq4h	u/Doomkiller7676	fn3ef2c	C
2020-04-11 13:50:22.625048	u/VeryMoistWalrus	fn3sqvx	u/WhyYesIamHuman	fn3slbt	C
2020-04-11 13:51:21.531298	u/PanillaCreams	fn3st6x	u/shubhanshuojha	fn37yh7	C
2020-04-11 13:51:27.609649	u/Viperdude1	fn3stdb	u/69dabpro69	fn30uw0	C
2020-04-11 13:51:53.884471	u/YeeSkee48	fn3suds	u/Viperdude1	fn3sr2o	C
2020-04-11 13:52:00.572148	u/YeeSkee48	fn3suqh	u/YeeSkee48	fn3suds	C
2020-04-11 13:52:31.618239	u/EGGMOMENT	fn3swcy	u/ZakTSK	fn3su2m	C
2020-04-11 13:52:38.894717	u/Beghorangi	fn3swrk	u/DovahOfDojima	fn38hfg	C
2020-04-11 13:52:56.147826	u/Virtual-Playground	fn3sxn9	u/yg111	fn3ohyk	C
2020-04-11 13:53:08.320488	u/dreetn_poepescheetn	fn3syam	u/tgc2005	fn3po03	C
2020-04-11 13:53:21.261378	u/RegiOwO	fn3sym7	u/iiLady_Insanityii	fn364k9	C
2020-04-11 13:53:35.571703	u/Rezzly1510	fn3sz7d	u/hellman211	fn3sxc2	C
2020-04-11 13:54:17.320555	u/Trickster259	fn3t0yk	u/boy_robot_Sky	fn38uxe	C
2020-04-11 13:54:42.633723	u/Soggy_beanz69	fn3t1nv	u/Hemlock_Deci	fn3sn8l	C
2020-04-11 13:54:47.014105	u/linkconlogs	fn3t1xg	u/PenguinWithAglock	fn3k94z	C
2020-04-11 13:54:59.560507	u/Ace_KuhWeen	fn3t2hf	u/grehoundound_syndica	fn3t072	C
2020-04-11 13:55:14.179389	u/expensiveness_	fn3t31d	u/broadwaycade	fn3smsy	C
2020-04-11 13:55:20.818335	u/Maxangel28	fn3t3ef	u/Bruh_Bot_	fn3s0yl	C
2020-04-11 13:55:44.150561	u/Pwnhunter	fn3t4tv	u/IfZeldaWasAGirl	fn2linq	C
2020-04-11 13:55:50.705111	u/NotKilian	fn3t4yy	u/b0bkakkarot	fn2zjr5	C
2020-04-11 13:56:17.016603	u/Dankcompany69	fn3t69q	u/RufflesOriginal	fn3jmsh	C
2020-04-11 13:56:26.955975	u/Wyltain	fn3t70i	u/Phantasus_Mosaik	fn3bsyk	C
2020-04-11 13:56:35.276744	u/Brother_YT	fn3t7a1	u/m4a1pewpew	fn3frdq	C
2020-04-11 13:57:02.022399	u/Fizki	fn3t99s	u/Vulturiel	fn3ow1d	C
2020-04-11 13:57:14.717439	u/demonman101	fn3t9rz	u/chetinator_1409	fz81hz	S
2020-04-11 13:57:34.055236	u/Verikthegeek	fn3tbfk	u/Bruh_Bot_	fmrh1fu	C
2020-04-11 13:58:33.854022	u/Kapi_47	fn3tfck	u/stepsonduplo	fmtzg3h	C
2020-04-11 13:58:45.200536	u/chococarmela	fn3tfwd	u/E_Mort100	fn35ed8	C
2020-04-11 13:58:49.469949	u/ExtremeSignal	fn3tg3f	u/KuebelGorgon	fn3tcxh	C
2020-04-11 13:58:57.832060	u/Rex_Funny	fn3tghr	u/ron22726	fn3s3ch	C
2020-04-11 13:59:20.359754	u/TheRealSwagMaster	fn3thwt	u/medium-daddy316	fn3otlc	C
2020-04-11 13:59:27.973946	u/RocketGamingFoxYT	fn3tins	u/egosuminimicus	fn3e5uh	C
2020-04-11 13:59:52.263800	u/lilJamieEllsworth	fn3tkhl	u/Enigma828	fn3qtud	C
2020-04-11 13:59:53.015507	u/fattah007	fn3tklc	u/MAGIC_EYE_BOT	fn3thc9	C
2020-04-11 13:59:54.149171	u/ndv-g	fn3tkwn	u/Kot9_Chungus	fn3tj66	C
2020-04-11 13:59:57.589878	u/Backroomwanderer	fn3tlb2	u/Sir_Jesus_kun	fn3t0h1	C
