2020-03-31 11:00:04.760423	u/Stoompa5	fm0tx59	u/Exekurtioner	fm0tdck	C
2020-03-31 11:00:25.732253	u/Ndam69	fm0txty	u/MrMagunga	fm0tngw	C
2020-03-31 11:00:35.161214	u/AeZhee	fm0tye4	u/kekistani_citizen-69	fm0g02u	C
2020-03-31 11:00:37.535869	u/steveyyyy3	fm0tyft	u/Ratchet13329	fm0tov3	C
2020-03-31 11:01:16.156081	u/That-One-Nerd-There	fm0v4zc	u/derpypoo4763	fm0to0b	C
2020-03-31 11:01:18.425837	u/peehps	fm0v50j	u/not_anakin	fm0qc8m	C
2020-03-31 11:01:24.228351	u/redder2D	fm0v58d	u/Despair4All	flzg976	C
2020-03-31 11:01:38.563859	u/Nozeforatoo	fm0v5pf	u/Philosopher_1	fm0udy1	C
2020-03-31 11:02:21.789392	u/_Mandible_	fm0v74g	u/orenjisan123	fm0tglv	C
2020-03-31 11:02:53.389289	u/js_harvey	fm0v88n	u/Letsgomees	fm0utin	C
2020-03-31 11:03:18.361496	u/Vogie4	fm0v96x	u/RepostSleuthBot	fm0ts5a	C
2020-03-31 11:03:28.978555	u/Manetho77	fm0v9bq	u/Kasanuva	fm0tyqg	C
2020-03-31 11:03:38.917088	u/aedroogo	fm0v9ig	u/MurseNaygen	fm0t2fa	C
2020-03-31 11:03:47.326861	u/BigBoiTimeSP	fm0v9q0	u/Hatimdecor	fm07aze	C
2020-03-31 11:03:56.806859	u/SuperSveed	fm0va56	u/jaavaaguru	fm0tupc	C
2020-03-31 11:04:53.784928	u/GoldeneAnanas	fm0vclr	u/AndreyRussian1	fm0ld0h	C
2020-03-31 11:04:57.112752	u/pingy56000	fm0vclt	u/coco237	fs7eqk	S
2020-03-31 11:05:19.261393	u/girl4Jesus	fm0vddl	u/BattlNerd	flyqva3	C
2020-03-31 11:05:30.417434	u/theyeetmister09	fm0vdnu	u/Lord_Bofadese37	fm0s8pg	C
2020-03-31 11:06:11.236238	u/RattlyHaddock	fm0vezg	u/RickBes	fm0hoep	C
2020-03-31 11:06:31.536729	u/Ricards77	fm0vfsm	u/hampusss99	fm0eqhf	C
2020-03-31 11:07:10.226885	u/Gaming-waffle-01	fm0vh5o	u/notasbruh	fm0mnku	C
2020-03-31 11:07:13.639865	u/zxcasd17	fm0vher	u/AlbinoLukaku	fm0l2jj	C
2020-03-31 11:07:33.162963	u/JayIsTrash0307	fm0vhxr	u/AlbinoLukaku	fm0mh39	C
2020-03-31 11:08:00.071661	u/SONDRINATOR	fm0viuo	u/CowCluckLated	fm0rdal	C
2020-03-31 11:08:02.853038	u/allidaPegroeG	fm0vizv	u/Dangleben	fm06923	C
2020-03-31 11:08:05.003168	u/BRANDXMAGNESIUM	fm0vj33	u/John2H	fm0ua7d	C
2020-03-31 11:08:22.659518	u/lovehockey41	fm0vjmn	u/notasbruh	fm0mnku	C
2020-03-31 11:09:03.330144	u/RickOnTheBeach-	fm0vlwr	u/Awesome_Ocelot5	fm0nwj9	C
2020-03-31 11:09:13.381901	u/lav1243	fm0vmi6	u/meatman_plays	fm0smn9	C
2020-03-31 11:09:45.854494	u/kcldnx	fm0voex	u/minefortblox	fm0mefe	C
2020-03-31 11:09:46.513350	u/struggleworm	fm0vof4	u/chaseprovost21	fm0u4av	C
2020-03-31 11:09:48.169297	u/uselesstoolbox	fm0vojj	u/finnikarma2431	fm0t0kk	C
2020-03-31 11:09:55.116018	u/disorderedAF	fm0voyo	u/Nyctophilite	fm0emj9	C
2020-03-31 11:09:55.613553	u/InvertedSuperHornet	fm0vp1m	u/derpypoo4763	fm0s8yl	C
2020-03-31 11:10:27.546123	u/thisaintsaurav	fm0vq1o	u/Simppu27	fm0hvn9	C
2020-03-31 11:10:37.798045	u/knowyourtaco	fm0vq9s	u/lifeasekansh	fm0pgbm	C
2020-03-31 11:11:05.735470	u/BioWark	fm0vr3n	u/Mecalico	fm0svtz	C
2020-03-31 11:11:55.972833	u/ThrOmbosisDUd3	fm0vsmn	u/AlbinoLukaku	fm0l2jj	C
2020-03-31 11:12:05.815409	u/happykidkai	fm0vswq	u/vineapplepizza	fm0vm6j	C
2020-03-31 11:12:11.425154	u/LucasNagy	fm0vt74	u/Dark_One1414	fm0los6	C
2020-03-31 11:12:23.496912	u/SpinoRaptor	fm0vtgi	u/Salted_Biscuit	fm0vp6u	C
2020-03-31 11:13:14.557239	u/LucasNagy	fm0vune	u/SpinoRaptor	fm0vslo	C
2020-03-31 11:13:36.896619	u/Derpy_Duolingo	fm0vv3h	u/lexvi1	fm0rfj7	C
2020-03-31 11:13:39.032968	u/gravity_rusher	fm0vv88	u/LBgamer24	fm0vfdb	C
2020-03-31 11:13:41.286571	u/CapitalismAndFreedom	fm0vv9v	u/elnino2703	fm0ao9y	C
2020-03-31 11:13:47.232139	u/taker_of_memes	fm0vve2	u/dissapointment_haha	fm0vtmq	C
2020-03-31 11:14:07.116320	u/trulyfoundparadise	fm0vw1b	u/Jeefly420	fm0quzd	C
2020-03-31 11:14:31.952869	u/josh_lol	fm0vwy4	u/madawynn	fm0oq4h	C
2020-03-31 11:15:01.059743	u/DaveYognaught17	fm0vxor	u/AlbinoLukaku	fm0l2jj	C
2020-03-31 11:15:03.019868	u/pufferfish-king	fm0vxpk	u/make-me-suffer	flz3muc	C
2020-03-31 11:15:09.313576	u/h4ppyp1LLs	fm0vxzq	u/GenosseOle	fm0m919	C
2020-03-31 11:15:37.630131	u/awesome-boi	fm0vz2p	u/MegaPompoen	fm0ior0	C
2020-03-31 11:15:48.056747	u/three-plus-shakes	fm0vzjr	u/RepostSleuthBot	fm0u7ft	C
2020-03-31 11:15:57.569028	u/KomandaKoroma	fm0w02j	u/okandy03	fm0h5fl	C
2020-03-31 11:16:01.760989	u/LordFailix	fm0w07s	u/Hooded56	fm0qsgm	C
2020-03-31 11:16:07.965558	u/turuncukalem	fm0w0l1	u/meatman_plays	fm0uu64	C
2020-03-31 11:16:14.079124	u/Victor_Stein	fm0w0q6	u/ygrhmn	fs71dv	S
2020-03-31 11:16:20.497910	u/cliff974	fm0w0uo	u/GoHeadsGo	fm0g4r1	C
2020-03-31 11:16:56.511251	u/Supremsteelman	fm0w220	u/HIROGO	fm0iqtl	C
2020-03-31 11:17:08.457775	u/Synthetic-Toast	fm0w2hy	u/MurseNaygen	fm0levv	C
2020-03-31 11:17:14.093423	u/DeadlySporks	fm0w2rc	u/InstantName	fm0al4s	C
2020-03-31 11:17:33.070110	u/Smn_1	fm0w393	u/IronRyan2807	fm0w1lc	C
2020-03-31 11:17:37.172610	u/Zenon_Gaming	fm0w3f1	u/leroymilo	fm0syec	C
2020-03-31 11:17:39.464493	u/Agoodusername42069	fm0w3iq	u/Infinitanium03	fm0r0of	C
2020-03-31 11:17:57.896237	u/weeniehut_general	fm0w3zl	u/ChickyChickyNugget	fm0el4a	C
2020-03-31 11:18:10.163113	u/lenin_undead	fm0w4fb	u/AK24ROCKS	fm0rq98	C
2020-03-31 11:18:20.800969	u/thedeityaphrodite	fm0w4zy	u/hunchybunchy101	fm0hads	C
2020-03-31 11:18:24.176115	u/ErwinR0mmel	fm0w54z	u/AlbinoLukaku	fm0lhdo	C
2020-03-31 11:18:27.837181	u/BoomBoomGamer	fm0w58o	u/IIISOPUREIII	fm0ncrj	C
2020-03-31 11:18:39.827212	u/Monsieuf_Poutineee	fm0w5w5	u/upset_foreskin76	fm0b1wf	C
2020-03-31 11:18:44.457655	u/BlueKnight230r	fm0w688	u/Qurisssi	fm0sw77	C
2020-03-31 11:18:53.399309	u/Hammode174	fm0w6th	u/Qurisssi	fm0sw77	C
2020-03-31 11:19:15.076756	u/Blindfire27	fm0w7zm	u/SONDRINATOR	fm0viuo	C
2020-03-31 11:19:34.659377	u/communistducks	fm0w8uf	u/Nervous-Pervous_Ned	fm0dz17	C
2020-03-31 11:19:41.124640	u/ShruggingBoi	fm0w9cd	u/thatgirl987	fm0bic0	C
2020-03-31 11:19:53.629640	u/Olasg	fm0wapr	u/sepo69420	fm0p0ej	C
2020-03-31 11:19:57.941693	u/Plulle	fm0wb3a	u/AutoModerator	fm0m784	C
2020-03-31 11:20:04.134149	u/tvenus	fm0wbau	u/AlbinoLukaku	fm0mh39	C
2020-03-31 11:20:21.182864	u/communistducks	fm0wbq4	u/Nervous-Pervous_Ned	fm0f7zp	C
2020-03-31 11:20:23.476260	u/gokublackisnotblack	fm0wbsn	u/IIISOPUREIII	fm0b5k7	C
2020-03-31 11:20:40.993908	u/versus986	fm0wc99	u/Brebu501	fm0sgnh	C
2020-03-31 11:20:44.508938	u/Fancy_Snek	fm0wc9u	u/chaseprovost21	fm0qxfd	C
2020-03-31 11:20:51.521472	u/ojeshi	fm0wcl9	u/AlbinoLukaku	fm0l2jj	C
2020-03-31 11:20:56.233468	u/phoenix2z	fm0wcqg	u/ollulo	fm0u1dp	C
2020-03-31 11:21:03.090405	u/Janosik660	fm0wd1g	u/euphoriia___	fm0wafh	C
2020-03-31 11:21:12.819988	u/AngryBidensAR14	fm0wdf2	u/Average_User25	fm0v7xm	C
2020-03-31 11:21:21.443117	u/DartTheMemeThief	fm0wdln	u/lllPoloski	fm0vnzt	C
2020-03-31 11:21:31.336334	u/greendanger28	fm0we49	u/BigBuiltGeek	fm0wak2	C
2020-03-31 11:21:33.660574	u/RONaldo_DMC	fm0we9s	u/NotRyanDunn	fm0dp25	C
2020-03-31 11:22:48.792892	u/crimedog69	fm0wg64	u/GoodOriginalName	fm0w7ud	C
2020-03-31 11:23:22.126673	u/ArtisticKoi	fm0whc4	u/jollysnake8898	fm0jk42	C
2020-03-31 11:24:23.070108	u/Blu3toothe	fm0xnxb	u/StellarSong	fm0au03	C
2020-03-31 11:24:37.828759	u/Yogurt_Can	fm0xo3l	u/AutoModerator	fm0xiyb	C
2020-03-31 11:24:51.454368	u/Sammy-64	fm0xom5	u/BlurredOang	fseroa	S
2020-03-31 11:25:31.825458	u/Pantalaimon40k	fm0xpec	u/MAINCRACIO	flz4pcd	C
2020-03-31 11:25:33.700935	u/yatheen_1204	fm0xpef	u/LambLeeg	fm0nyzw	C
2020-03-31 11:25:52.348391	u/RandomestGuy__-_-_-	fm0xpou	u/baguragu08	fm0gp2i	C
2020-03-31 11:25:54.224536	u/random_Demon123	fm0xppd	u/racerfree	fm0xlsz	C
2020-03-31 11:26:10.242743	u/junkyfunky69	fm0xq3h	u/Googlefisch	fm0we1q	C
2020-03-31 11:26:12.918730	u/H2theaon	fm0xq49	u/Agile_Sea	fm0tmeo	C
2020-03-31 11:26:34.749456	u/InfiniteOreos	fm0xr37	u/Ronin_69_	fm0xok1	C
2020-03-31 11:26:46.976429	u/Seikore_	fm0xrdi	u/Qurisssi	fm0sw77	C
2020-03-31 11:26:54.564703	u/yesnoahbeats	fm0xrqn	u/NoxisDoxis	fm0m7ck	C
2020-03-31 11:26:56.169498	u/WhoDatFreshBoi	fm0xrsh	u/FridgeBeater	fm0no1c	C
2020-03-31 11:27:05.489446	u/bochochakiata	fm0xry2	u/dumpster-dachshund	fm0i4mg	C
2020-03-31 11:27:07.954475	u/Tommotal	fm0xs2s	u/Jebdorf-Kerman	fm0tlqg	C
2020-03-31 11:27:41.938828	u/Seikore_	fm0xsj5	u/Seikore_	fm0xrdi	C
2020-03-31 11:28:06.592970	u/EterniumFinality	fm0xtar	u/goldrake_995	flqrgyr	C
2020-03-31 11:28:37.706217	u/reeeeeeeeeeee95	fm0xu2z	u/Balindaks	fm0xkqo	C
2020-03-31 11:28:53.280813	u/Laldin	fm0xuik	u/Svvaggersouls	fm0xs4m	C
2020-03-31 11:29:02.724293	u/Fermented_horse_eggs	fm0xv3m	u/Nerfherder_328	fm0wz4y	C
2020-03-31 11:29:11.857125	u/BIG_CHUNGUS__2	fm0xvvi	u/Smn_1	fm0ukuq	C
2020-03-31 11:29:15.275448	u/Jaabester	fm0xvza	u/Whatdidisaw	fm0dfpz	C
2020-03-31 11:29:21.961278	u/BillyT666	fm0xw55	u/Cthulhuwar1ord	fm0wyxb	C
2020-03-31 11:29:36.938929	u/Axelsius2	fm0xwtt	u/skelly_24	flx7c5m	C
2020-03-31 11:29:37.866792	u/_Exeno_	fm0xwzt	u/dumpster-dachshund	fm0hyy3	C
2020-03-31 11:29:38.973777	u/Ghastchamber	fm0xx27	u/DrFelixou	fm0m9yo	C
2020-03-31 11:29:56.875016	u/An_Obese_Beaver	fm0xxib	u/AutoModerator	fm0arpc	C
2020-03-31 11:29:58.991871	u/JamesAsterwolf	fm0xxt9	u/GravityFallsChicken	fm0m6wp	C
2020-03-31 11:29:59.352632	u/Bjorn_Gylfi	fm0xxv0	u/racerfree	fm0xtap	C
2020-03-31 11:30:15.062836	u/Acidshroommolly420	fm0xyij	u/T0rn4do_	fm0wxg7	C
2020-03-31 11:30:56.013844	u/livingab0rtion	fm0xzjq	u/Yurt_YT	fm0xown	C
2020-03-31 11:31:11.145366	u/azhirizgar	fm0xzwp	u/elnino2703	fm0ao9y	C
2020-03-31 11:31:28.710753	u/Juju20ggl	fm0y0do	u/racerfree	fm0xw80	C
2020-03-31 11:31:36.270739	u/daveeeee888	fm0y0oy	u/unbelievable_owl	flz1vh9	C
2020-03-31 11:31:54.668775	u/smile1237	fm0y170	u/GoHeadsGo	fm0g4r1	C
2020-03-31 11:32:11.078745	u/DaVitsChi	fm0y1rn	u/bloorp-god-of-frogs	fm0xo0u	C
2020-03-31 11:32:25.663410	u/RichieKYT	fm0y1xd	u/Jamie_freestyles	fm0u5ay	C
2020-03-31 11:32:45.022728	u/Xenopass	fm0y2i2	u/TheEmperorMk2	fm0wjay	C
2020-03-31 11:33:21.242421	u/ObeyToffles	fm0y33p	u/Teerhand	fm0hsf0	C
2020-03-31 11:33:26.433218	u/PichaelTheWise	fm0y393	u/LongRamen	fm0xu9l	C
2020-03-31 11:33:30.468811	u/twistingtablespoons	fm0y3dx	u/Kind-Pop	fl3zlqu	C
2020-03-31 11:33:39.388119	u/Cheeto789	fm0y3n6	u/racerfree	fm0xyk9	C
2020-03-31 11:33:41.512985	u/i_am_not_living	fm0y3nb	u/0xVENx0	fm0izz7	C
2020-03-31 11:33:53.083341	u/WowItsOrioz	fm0y404	u/AlbinoLukaku	fm0l2jj	C
2020-03-31 11:33:55.420055	u/GYMUS3N	fm0y44z	u/Karlthegamer21	fm0opwo	C
2020-03-31 11:33:57.468656	u/TonytheTerrorist	fm0y45g	u/GoHeadsGo	fm0g4r1	C
2020-03-31 11:34:10.774956	u/S_R2115	fm0y4bn	u/mylo38	fm0y32y	C
2020-03-31 11:34:43.254757	u/smol-n-needy	fm0y52j	u/Dasmartmemeboi	fm0w2c6	C
2020-03-31 11:34:55.206705	u/AneusPolluxJubJubIII	fm0y5fn	u/Normie_579	fm0l1vf	C
2020-03-31 11:34:59.974803	u/RoboMokins	fm0y5kx	u/lav1243	fm0vmi6	C
2020-03-31 11:35:06.001185	u/sumebodi	fm0y5ru	u/bigdorts	fm0pydk	C
2020-03-31 11:35:22.211294	u/Spaghettiboy54	fm0y6ey	u/SONDRINATOR	fm0wcrm	C
2020-03-31 11:36:27.008601	u/Horror_Metro	fm0y8sw	u/orenjisan123	fm0tglv	C
2020-03-31 11:36:49.446327	u/r0fff	fm0y9jk	u/6942051	fm0svo4	C
2020-03-31 11:37:02.181967	u/DCWalt	fm0y9yg	u/nunesws	fm0y84j	C
2020-03-31 11:37:11.203657	u/thekaotickitten	fm0yan2	u/SomeAnimeNiBBa	fm0rze4	C
2020-03-31 11:37:22.687404	u/5ky_lee_lye	fm0yasi	u/AlbinoLukaku	fm0mh39	C
2020-03-31 11:37:24.297558	u/Kamiplusultra	fm0yaxa	u/ThunderbirdEG	fm0tkg5	C
2020-03-31 11:38:00.823483	u/AlphaRouge99	fm0yc02	u/tomskeboy	fm0y8gi	C
2020-03-31 11:38:27.518410	u/Road_block_Rock	fm0ycxy	u/VangeeOP	fm0pal4	C
2020-03-31 11:38:29.375629	u/xotive	fm0yd1m	u/MurseNaygen	fm0wq9j	C
2020-03-31 11:38:46.844497	u/jswo61	fm0ydel	u/broheee	fm0xurg	C
2020-03-31 11:38:49.409252	u/DaJosuave	fm0ydli	u/BryceinReddit	fm0vczk	C
2020-03-31 11:39:02.318965	u/Haydelvice	fm0ye0l	u/GoHeadsGo	fm0g4r1	C
2020-03-31 11:39:13.558769	u/ImByased	fm0yexb	u/AlbinoLukaku	fm0l2jj	C
2020-03-31 11:39:37.215649	u/TheBandit06	fm0yffp	u/faab64	fm0poya	C
2020-03-31 11:39:39.311043	u/CouchPotatoPlayz	fm0yfla	u/antphilanthropist	fm0wszr	C
2020-03-31 11:39:42.163075	u/Darthvader11700	fm0yfv7	u/bigdady0134	fm0n10l	C
2020-03-31 11:39:56.189205	u/MangoSalsa48	fm0ygnl	u/PorterPoignant	fm0ey9h	C
2020-03-31 11:40:00.409648	u/_Hardy624_	fm0yh2w	u/MrBeardmeister	fm0sdw8	C
2020-03-31 11:40:14.253496	u/hdanders52807	fm0yhgh	u/bochochakiata	fm0xwe0	C
2020-03-31 11:40:21.979237	u/Tejas_Mondeeri	fm0yhme	u/CryoDel	fm0nx8o	C
2020-03-31 11:40:43.234868	u/ThatDinoR3X	fm0yi2s	u/PembeTavuk	fm0d9x7	C
2020-03-31 11:40:55.241610	u/p0w3rr	fm0yiam	u/anonym_00	fm0odjg	C
2020-03-31 11:41:27.775429	u/dequiallo	fm0yjgt	u/StrangerDragos	fm0nlpk	C
2020-03-31 11:41:30.136730	u/Rakshasasutra	fm0yjhw	u/XejgaToast	fm0leay	C
2020-03-31 11:41:34.561571	u/TheObscureBoi	fm0yjn4	u/ShruggingBoi	fm0w9cd	C
2020-03-31 11:41:41.337309	u/Neabyob	fm0yjxe	u/Azure_Palace	fm0yhqe	C
2020-03-31 11:41:47.219258	u/lexwuessie	fm0yjyv	u/green_lean_peen	fm0y30y	C
2020-03-31 11:41:49.489294	u/ThatDinoR3X	fm0yjzd	u/AndreyRussian1	fm0il6b	C
2020-03-31 11:41:51.750688	u/Rusty825	fm0yk0t	u/Kryptografik	fm0kynt	C
2020-03-31 11:42:05.174384	u/TeaAndCrumpets4life	fm0ykem	u/chakibrzg	fm0inmc	C
2020-03-31 11:42:50.794050	u/JiddleDiddle	fm0ylm6	u/lav1243	fm0y9gw	C
2020-03-31 11:43:00.799501	u/Smarackto	fm0ylx4	u/Dasmartmemeboi	fm0w6jv	C
2020-03-31 11:43:08.571787	u/WAR_LORD_94	fm0ym5a	u/hdanders52807	fm0yhgh	C
2020-03-31 11:43:21.659257	u/ItsMeCall911	fm0ym97	u/DrFelixou	fm0m9yo	C
2020-03-31 11:43:49.558254	u/doFt_tv	fm0ymwb	u/theyeetmister09	fm0vdnu	C
2020-03-31 11:43:51.713364	u/Draco1660	fm0ymwa	u/FIuffzy	flhb80j	C
2020-03-31 11:43:54.842188	u/hurry-up	fm0ymwx	u/Tommotal	fm0xs2s	C
2020-03-31 11:44:08.190425	u/juliusbenedikt	fm0ynby	u/DaVitsChi	fm0h5nm	C
2020-03-31 11:45:06.338298	u/CastJoker160072	fm0zy2j	u/RepostSleuthBot	fm0zsri	C
2020-03-31 11:45:30.883895	u/IdontNeedSleep99	fm0zypy	u/0xVENx0	fm0izz7	C
2020-03-31 11:45:44.536849	u/RetardsBeLike	fm0zyyf	u/jackerman1235	fm0keav	C
2020-03-31 11:46:05.430303	u/The_Covenant9	fm0zzm9	u/upset_foreskin76	fm0b1wf	C
2020-03-31 11:46:20.474592	u/isthisgood12	fm1001h	u/-EzWaY-	fm0f2ua	C
2020-03-31 11:46:29.024651	u/Number__9	fm1008s	u/HPtheButterfree	fm0s7vc	C
2020-03-31 11:46:37.728689	u/spasticpotato739	fm100br	u/exoelice	flyxwej	C
2020-03-31 11:47:10.539421	u/Ilikemymom_01	fm100w5	u/I_Am_Become_Salt	fm0zrdl	C
2020-03-31 11:47:31.973407	u/turiyoOTAKU	fm101te	u/jaavaaguru	fm0tupc	C
2020-03-31 11:47:40.686349	u/Seras-M	fm102gc	u/dumpster-dachshund	fm0hyy3	C
2020-03-31 11:47:52.640675	u/balisticyoda	fm102wu	u/Agile_Sea	fm0tmeo	C
2020-03-31 11:48:02.601682	u/HiddenNightmares	fm1031x	u/WhoDatFreshBoi	fm0zdj6	C
2020-03-31 11:48:05.096682	u/DYZYY	fm1032w	u/Vzr868	fm0tfb5	C
2020-03-31 11:48:08.030424	u/Mongo-P-Lloyd	fm1037u	u/Teerhand	fm0hsf0	C
2020-03-31 11:48:33.110177	u/Cheeseman706	fm1051e	u/itsmeyourfuhrer	fm06akd	C
2020-03-31 11:48:36.737694	u/Joaopn98	fm1052s	u/daltonpassmore18	fm0n84e	C
2020-03-31 11:48:42.441162	u/Dj_Woomy2005	fm105c7	u/mind_of_a_felix	fm0mxgr	C
2020-03-31 11:48:49.322579	u/Zereeni	fm105k7	u/GameIsMyName12	fm102lb	C
2020-03-31 11:48:53.386294	u/illyrianRed	fm105tu	u/sunbleahced	fm0zkoh	C
2020-03-31 11:48:55.642008	u/HeHuBendzWrenches	fm105x5	u/mxrxx_ag	fm0z0i1	C
2020-03-31 11:48:57.648689	u/alecn23	fm105yh	u/Clipped-Gaming	fm0zwzu	C
2020-03-31 11:49:13.136642	u/m0lia	fm106hd	u/Toilet-Sock	fm0mqbv	C
2020-03-31 11:49:23.713218	u/Galactix03	fm1078k	u/Willi_Concarnez	fm0xe89	C
2020-03-31 11:49:36.109907	u/Midnight_RPST	fm107lf	u/Balindaks	fm0xywx	C
2020-03-31 11:49:49.412442	u/ACrazedRodent	fm107zm	u/dumpster-dachshund	fm0hyy3	C
2020-03-31 11:50:04.322247	u/EricGmez	fm108fm	u/AndreyRussian1	fm0il6b	C
2020-03-31 11:50:29.151494	u/myto64	fm109ao	u/ForsakenCryz	fm0jau1	C
2020-03-31 11:50:55.929959	u/Bredincaptivity825	fm10a3x	u/TheAkwardMemer489	fm09xdr	C
2020-03-31 11:51:00.794893	u/QualityCatharis	fm10a5p	u/Unbekannt1918	fm0w2q3	C
2020-03-31 11:51:29.885111	u/Freedom_Fighterbruv	fm10ape	u/Hammode174	fm0w6th	C
2020-03-31 11:51:34.570680	u/Eruantien930	fm10avm	u/nofapbull	fm0zaw6	C
2020-03-31 11:51:45.532746	u/Evenweer	fm10bc8	u/RepostSleuthBot	fm0ncgr	C
2020-03-31 11:51:55.403067	u/Kpruett95	fm10bs5	u/IsaacTurk23	flzwlqf	C
2020-03-31 11:52:02.640955	u/Niilyx	fm10c1c	u/dumpster-dachshund	fm0i4mg	C
2020-03-31 11:53:12.691196	u/CrazyGamer37562	fm10el1	u/Qurisssi	fm0sw77	C
2020-03-31 11:53:30.252936	u/vurk12	fm10exg	u/daltonpassmore18	fm0mxns	C
2020-03-31 11:54:04.516140	u/reaper131364	fm10g43	u/KMS_Prinz-Eugen	fm0dock	C
2020-03-31 11:54:08.112100	u/lords-best-pp-head	fm10gdp	u/LtGeneral-Obasanjo	fm0up2u	C
2020-03-31 11:54:11.282131	u/Max2000128	fm10gg1	u/matheussanthiago	fm10ag7	C
2020-03-31 11:54:37.819769	u/MemePlayz	fm10h6r	u/Shotplay24	fm05ol1	C
2020-03-31 11:54:45.931491	u/realydum	fm10hgx	u/dumpster-dachshund	fm0hyy3	C
2020-03-31 11:54:47.906793	u/mfreitas415	fm10hhu	u/Hammode174	fm0w6th	C
2020-03-31 11:54:50.351799	u/falfin1231	fm10hkt	u/_TheFBI_	fsc6wi	S
2020-03-31 11:54:52.402564	u/living-cursed-image	fm10hlw	u/Anishthdev	fm0t14i	C
2020-03-31 11:54:54.442288	u/ICBTOnly	fm10hnn	u/BattlNerd	fm0hxxn	C
2020-03-31 11:55:19.592114	u/Lordrickyz	fm10ijs	u/AdmiringTheMonaLisa	fm0utab	C
2020-03-31 11:56:06.031403	u/Akashic101	fm10kkf	u/afartnamedbob	fm0viqz	C
2020-03-31 11:56:32.969517	u/StarHope42	fm10lz8	u/drissdoesnotexist	fm0kbib	C
2020-03-31 11:56:39.000218	u/ConstructDeez	fm10m6e	u/PichaelTheWise	fm0xek0	C
2020-03-31 11:57:10.863373	u/azkbaninmate	fm10n5k	u/NotMilitaryAI	fm0tbn4	C
2020-03-31 11:57:37.682693	u/damaro14	fm10ntm	u/GoHeadsGo	fm0g4r1	C
2020-03-31 11:58:13.527626	u/Rickyaura	fm10oya	u/AlbinoLukaku	fm0l2jj	C
2020-03-31 11:58:15.588442	u/MisterDYT	fm10p0m	u/LordCookieKarma69	fm0ysnx	C
2020-03-31 11:58:20.999842	u/Lazy_ass_mill69	fm10p58	u/Oh________________No	fm0xa6o	C
2020-03-31 11:58:32.367110	u/gunylcyclase	fm10pkn	u/M_y_t_hs	fm0xt5w	C
2020-03-31 11:58:35.660869	u/ThompsonGun1921	fm10poh	u/Kermit______	fm10fq1	C
2020-03-31 11:58:36.910360	u/sublimesuperb	fm10por	u/TemoFawwaz	fm0k4oq	C
2020-03-31 11:58:59.026824	u/FreshiDory	fm10pyp	u/LawbringerOP	flz6a9a	C
2020-03-31 11:59:00.207697	u/Balke_kragkuk69420	fm10pzz	u/Eruantien930	fm10avm	C
2020-03-31 11:59:01.292324	u/AnimeFan1230	fm10q1h	u/RepostSleuthBot	fm10lph	C
2020-03-31 11:59:13.847641	u/king_is_noob	fm10r1r	u/BlueKnight230r	fm0wg80	C
2020-03-31 11:59:16.945776	u/mindofdoot	fm10r68	u/Cheeseman706	fm0zw9a	C
2020-03-31 11:59:40.233457	u/Aeriosus	fm10sn2	u/woodendoors7	fm0r1qi	C
2020-03-31 11:59:42.343935	u/DuckRidingOnACat	fm10soj	u/GoHeadsGo	fm0g4r1	C
2020-03-31 11:59:49.934429	u/THUNDEROVERUNDER	fm10t6l	u/LongRamen	fm0yd07	C
2020-03-31 11:59:55.810352	u/rarepepemarek	fm10tpk	u/D0M1NU5_7	fm0x3uk	C
