2020-04-16 17:01:05.003244	u/Spoornado	fnmf2vi	u/RedTourms	fnmexjq	C
2020-04-16 17:01:28.196623	u/GulaGer420	fnmf3v3	u/memer0512	fnlibrr	C
2020-04-16 17:01:58.893034	u/Vraj_God	fnmf5d1	u/spaghet3	fnlrzxb	C
2020-04-16 17:03:36.086821	u/Dexie205	fnmf8a2	u/TehFuriousKid	fnmenho	C
2020-04-16 17:04:20.888969	u/virus_chara	fnmf9cw	u/bananakiwi777	fnmdidk	C
2020-04-16 17:04:42.235284	u/RoloReo	fnmfa3b	u/fluffypixie	fnljcuq	C
2020-04-16 17:04:44.251013	u/CH711HYP3R	fnmfa8j	u/VesperalThyme93	fnlty79	C
2020-04-16 17:04:54.050796	u/Seffyr	fnmfag7	u/Doomkiller7676	fnll0wj	C
2020-04-16 17:05:45.402291	u/LittleAdventurer-	fnmfchz	u/the-spring-champion	fnmf4qa	C
2020-04-16 17:06:08.794194	u/TheDankestMeme102	fnmfdh5	u/The-New-Kid54	fnmfaap	C
2020-04-16 17:06:18.593816	u/CatsAndCreamCheese	fnmfdrk	u/jhanb	fnl9sgf	C
2020-04-16 17:06:41.283095	u/Mc_Doodle_Fart	fnmfeu3	u/birchmont	fnl9tez	C
2020-04-16 17:06:56.739675	u/KalakCZ	fnmffft	u/j0hn73x	fnmb7ox	C
2020-04-16 17:07:22.248715	u/4tnite_Kat	fnmfgor	u/okboomer16	fnmffdw	C
2020-04-16 17:07:51.562858	u/BienBo123	fnmfi5r	u/SonOf4Biscuit	fnmf0yq	C
2020-04-16 17:09:13.466022	u/itsLanoow	fnmgzvc	u/tottytijd	fnm28r9	C
2020-04-16 17:09:14.656327	u/CoinMosquito703	fnmgzw9	u/Pr1nc3L0k1	fnmgoue	C
2020-04-16 17:09:22.095152	u/Vianesgo	fnmh0f6	u/scotte83	fnmgail	C
2020-04-16 17:09:24.263575	u/NegroNobi	fnmh0jc	u/French_Bulldog	fnm9w1s	C
2020-04-16 17:09:38.643628	u/Khyta	fnmh1s0	u/TheWeekle	fnmgvvs	C
2020-04-16 17:09:39.999768	u/fearofcrowds	fnmh1ux	u/pazureaus	fnmcf79	C
2020-04-16 17:09:42.486813	u/Bergeron83	fnmh1ys	u/Berson129	fnmdwdv	C
2020-04-16 17:10:29.663313	u/Itzzyaboiisynx	fnmh5c2	u/That_Guy-Kai	fnm3chd	C
2020-04-16 17:11:09.436675	u/stefan060405	fnmh6ov	u/Nintendanime420	fnmftd0	C
2020-04-16 17:12:25.769814	u/doggo_tho	fnmh9t0	u/EvilNaziPatriarchist	fnmfynq	C
2020-04-16 17:12:40.615643	u/Bubdolf7	fnmha7e	u/Socially_Odd260	fnlzj05	C
2020-04-16 17:13:39.547983	u/Big_Blondeboy	fnmhccq	u/Breadfruit123	fnmha27	C
2020-04-16 17:14:08.575005	u/STRONG_PENGUINS	fnmhdrs	u/Breadfruit123	fnmha27	C
2020-04-16 17:14:14.965607	u/Mr_NotNice1	fnmhdzi	u/JediDumbledore	fnmgsbj	C
2020-04-16 17:14:20.430777	u/Lady_Lovell_Longoria	fnmhe8f	u/dukeofderptown	fnmhcdh	C
2020-04-16 17:14:32.132332	u/efe0114	fnmheh5	u/ThatYellowElephant	fnmdh57	C
2020-04-16 17:14:36.254519	u/S_a_m_p_l_e_T_3_x_t	fnmhes2	u/mannyondamand	fnm1led	C
2020-04-16 17:14:53.440368	u/JustARussianGuy	fnmhfi1	u/mannyondamand	fnm1led	C
2020-04-16 17:15:48.352463	u/i-will-decide	fnmhgvi	u/-Blixx-	fnlown7	C
2020-04-16 17:15:56.873646	u/magnetic_crackhead	fnmhh9k	u/zombieblackbird	fnmgshv	C
2020-04-16 17:16:12.577642	u/alphatron10	fnmhhz9	u/SnowySupreme	fnmhfzo	C
2020-04-16 17:16:18.786434	u/Doctor-Sharbin	fnmhi65	u/isdky16082000	fnmbnqz	C
2020-04-16 17:16:44.279792	u/murples1999	fnmhj3o	u/big_blu_boi	fnlg0wa	C
2020-04-16 17:17:36.813329	u/MrPettypaws56	fnmhlaf	u/RepostSleuthBot	fnme3i0	C
2020-04-16 17:17:52.849521	u/b00ml00m	fnmhlyw	u/BeNbUcKToO	fnmcaqa	C
2020-04-16 17:18:06.954268	u/cockapooch	fnmhmqu	u/Antwriterdragon	fnmgy30	C
2020-04-16 17:19:06.680998	u/MarlinMr	fnmhpmr	u/IRFUftw	fnmhdm3	C
2020-04-16 17:19:45.439531	u/TotalHeartless	fnmhs2x	u/spicyrefrigerator	fnfbjc0	C
2020-04-16 17:19:51.161138	u/WertyTheGamer	fnmhsb4	u/Big_Blondeboy	fnmhccq	C
2020-04-16 17:21:35.809847	u/Orianaaaa	fnmhx5a	u/_King_Crab_	fnmhl96	C
2020-04-16 17:21:43.520484	u/sassysalad03	fnmhxjv	u/SerpentDeity	fnm1ra7	C
2020-04-16 17:21:52.241049	u/then-perish-mortal	fnmhxoj	u/JeanCarlLuu	fnmemh8	C
2020-04-16 17:22:39.394447	u/zeeblob	fnmhzkx	u/RageQuitPlay	fnlvc7l	C
2020-04-16 17:22:52.297871	u/Boibibba	fnmhzwu	u/jameenski	fnlwbkm	C
2020-04-16 17:22:55.434753	u/AlienWare19	fnmhzwz	u/PeteyGANG	fnkjalc	C
2020-04-16 17:23:24.447761	u/MrHellGamer	fnmi1gm	u/Ivided	fnmhwip	C
2020-04-16 17:23:29.612885	u/NeverTooStoned	fnmi1ta	u/ArandomIdiotOnReddit	fnluia8	C
2020-04-16 17:23:31.783832	u/iLoveStarsInTheSky	fnmi1w8	u/CheeriodudeL45	fnln29x	C
2020-04-16 17:23:57.357606	u/wherehaveibeenz	fnmi2un	u/kuhlschranko	g248wf	S
2020-04-16 17:24:03.392558	u/anastsk	fnmi2y2	u/Ultra_Weaboo	fnlevrd	C
2020-04-16 17:24:10.886472	u/GILD86	fnmi383	u/That_dude_from_India	fnm4fhx	C
2020-04-16 17:24:56.125683	u/AnswersOnly_alsoImBi	fnmi62j	u/savagepizza11	fnmf3p7	C
2020-04-16 17:25:04.306501	u/eojen	fnmi6io	u/Dutch_Donkey	fnmhmox	C
2020-04-16 17:25:12.041042	u/decoolegastdotzip	fnmi6xh	u/Phageinz	fnmi58o	C
2020-04-16 17:25:27.738174	u/Walk_or_Run	fnmi7l7	u/4tnite_Kat	fnmeuhp	C
2020-04-16 17:25:30.868539	u/Bonaque	fnmi7uf	u/MillenniumGreed	fnmgkvv	C
2020-04-16 17:25:38.177044	u/AnswersOnly_alsoImBi	fnmi81t	u/Great-Baldwino	fnmer41	C
2020-04-16 17:26:02.879009	u/yraco	fnmi8sa	u/Tallgeese3w	fnmg06q	C
2020-04-16 17:26:06.135112	u/Totallynotfakevideoo	fnmi8w7	u/The-Last-Mole-Man	fnmhjtx	C
2020-04-16 17:26:27.080543	u/DocGargi	fnmi9h5	u/TheRealSwagMaster	fnlblit	C
2020-04-16 17:26:42.259847	u/NergoN123	fnmia4e	u/WertyTheGamer	fnmhsb4	C
2020-04-16 17:26:47.087366	u/pkk24	fnmia8v	u/sasthepengwing	fnm8ldj	C
2020-04-16 17:27:32.483648	u/bruhbruhjames1	fnmibu4	u/tbrink23	fnkvwe2	C
2020-04-16 17:27:49.897797	u/itseddyxf	fnmicw6	u/Flowers1116	fnmgsvr	C
2020-04-16 17:28:45.563065	u/Stovetopteej	fnmif98	u/Quarantinememes	fnm6y9w	C
2020-04-16 17:28:51.975862	u/theroboredneck	fnmife8	u/The-Last-Mole-Man	fnmhtzt	C
2020-04-16 17:28:56.343849	u/Eyrkah_Ralluq	fnmifqd	u/TheDankestMeme102	fnmfdh5	C
2020-04-16 17:28:58.917975	u/ShadowChaser27	fnmift6	u/TG22515	fnmae1c	C
2020-04-16 17:29:01.663950	u/underlicou	fnmig0e	u/Whaly_Whale	fnmi3q6	C
2020-04-16 17:29:28.735528	u/Seyo05	fnmihlu	u/WirbelAss	fnma8y2	C
2020-04-16 17:29:48.464824	u/DominoUB	fnmijhx	u/twentyplusfortynine	fnm52lu	C
2020-04-16 17:29:49.299291	u/artfillin	fnmiji7	u/real_joe356	fnlnu6d	C
2020-04-16 17:30:14.555444	u/JosiahB8675	fnmiko3	u/adirtycommiebastard	fnmidg8	C
2020-04-16 17:30:25.455722	u/Megamage778	fnmil1y	u/RaymondFelkrose	g2kaqp	S
2020-04-16 17:30:28.799533	u/Bakerz420	fnmil6r	u/me_whoelse	fnmeyeb	C
2020-04-16 17:30:32.437384	u/Forsparta21	fnmil7r	u/Pyro_Maniack	fnm1u28	C
2020-04-16 17:30:53.227332	u/UR-VeryCute	fnmilsg	u/PublicTrash	fnmijuj	C
2020-04-16 17:31:21.616611	u/juiokoli	fnmimdc	u/Ivided	fnmhd3p	C
2020-04-16 17:33:01.302106	u/johnny-boi-lemon	fnmip5b	u/STRONG_PENGUINS	fnmhdrs	C
2020-04-16 17:33:20.723864	u/Orang_E6	fnmipyd	u/red-potato-salad	fnm98g4	C
2020-04-16 17:33:32.163455	u/PenguinLifeJustChill	fnmiq6w	u/alexfedp26	fnm4ola	C
2020-04-16 17:34:04.436364	u/bruhbruhjames1	fnmiqyp	u/LargeMeatProducts	fnmij0j	C
2020-04-16 17:34:18.639154	u/Aury_Bears	fnmirsd	u/IDKIfSauceExists	fnminqn	C
2020-04-16 17:34:59.809746	u/Stanlot	fnmitu0	u/Dutch_Donkey	fnmhmox	C
2020-04-16 17:35:02.835283	u/HELLOOOOCATS	fnmitui	u/MPhoenixS	fnmccd2	C
2020-04-16 17:35:26.017425	u/woutro	fnmiuyn	u/BM_14	fnlsj4o	C
2020-04-16 17:35:28.053208	u/egoistjojuk	fnmiuz6	u/DieEneFinn	fnmiscm	C
2020-04-16 17:35:37.456947	u/Slyder67	fnmiv9u	u/bootonewreddit	fnm3q17	C
2020-04-16 17:36:36.066691	u/ASR3015NTK	fnmiy43	u/justjoe1964	fnmimfp	C
2020-04-16 17:36:38.979859	u/strafocat	fnmiy7y	u/white_android	fnmhkrn	C
2020-04-16 17:37:02.766439	u/F1accidSquid	fnmiz2q	u/sorry-who	fnlrn42	C
2020-04-16 17:37:04.617272	u/Rod-IA	fnmiz6u	u/NergoN123	fnmia4e	C
2020-04-16 17:37:30.019474	u/QuirkArsonist	fnmj0gw	u/klips-eclipse	fnmivv4	C
2020-04-16 17:37:36.293318	u/Iceninja413	fnmj0uh	u/Tallgeese3w	fnmg06q	C
2020-04-16 17:38:15.153429	u/dont-eat-bats	fnmj2si	u/Strngrthngs_1	fnmiyk6	C
2020-04-16 17:38:31.553294	u/youhavebeenwobbled	fnmj3py	u/elitePP69lmao	fnm2l0b	C
2020-04-16 17:38:33.149538	u/trueretrogamer	fnmj3q7	u/Rod-IA	fnmiz6u	C
2020-04-16 17:38:43.447646	u/jokerloll	fnmj4c6	u/maninblakkk	fnmb60m	C
2020-04-16 17:38:58.841193	u/O-bearer-mine	fnmj5sn	u/goldyphallus	fnmip4j	C
2020-04-16 17:39:25.510781	u/L0nd0nBr1dg3	fnmj84c	u/Dier_runner	fnma5qd	C
2020-04-16 17:39:32.897254	u/blujesters1	fnmj8ou	u/Rick-Grimes_	fnmetgb	C
2020-04-16 17:39:33.995669	u/razorisrandom	fnmj8q9	u/ASR3015NTK	fnmj1kp	C
2020-04-16 17:40:00.141596	u/idaboi9000	fnmjbjr	u/LONELYTMex	fnlammm	C
2020-04-16 17:40:29.878431	u/mrfelixoscar	fnmjd4l	u/Tbmadpotato	fnlrn7x	C
2020-04-16 17:41:12.891340	u/Rolltide-tolietpaper	fnmjeuu	u/PrimeParzival	fnmh076	C
2020-04-16 17:41:23.892994	u/adat96	fnmjf8y	u/Jhqwulw	fnm4f40	C
2020-04-16 17:41:46.029211	u/paradoxr1ft	fnmjg9o	u/RedditBoi696969	fnmje8r	C
2020-04-16 17:42:10.497450	u/catsfavor	fnmjgzp	u/polotrav	g2gf68	S
2020-04-16 17:43:19.572962	u/grim_108	fnmjju3	u/platinum_1212	fnkqnxd	C
2020-04-16 17:43:29.268215	u/spulfeed	fnmjk0u	u/dabaker509	fnmj9en	C
2020-04-16 17:43:43.816460	u/bruhbruhjames1	fnmjl1t	u/_Unhealthy_Grandpa_	fnm8hn6	C
2020-04-16 17:43:57.517810	u/petrhitrec	fnmjm4f	u/Background-Noisy	fnlfg2l	C
2020-04-16 17:44:18.597839	u/yamifiendaura	fnmjn0p	u/Pigsnout69	fnmakds	C
2020-04-16 17:45:04.797638	u/SilentToska	fnmjos9	u/PublicTrash	fnmimqn	C
2020-04-16 17:45:20.955397	u/Seeschurke	fnmjpas	u/VirgenALos40_Posting	fnmgtvb	C
2020-04-16 17:45:23.020440	u/Dr_Eat_Your_Ass	fnmjpbf	u/Doomkiller7676	fnm2iun	C
2020-04-16 17:45:32.984894	u/ovmba	fnmjpm4	u/notkhaos	fnmgiah	C
2020-04-16 17:45:46.686367	u/gspotslayer69XX	fnmjqxr	u/elmateeeo	fnm45yq	C
2020-04-16 17:45:55.953158	u/Unusual_Divided	fnmjr85	u/sboxtf	fnky7ez	C
2020-04-16 17:46:06.130980	u/savagetactix	fnmjrje	u/Totallynotfakevideoo	fnmi8w7	C
2020-04-16 17:46:10.176620	u/Bombtrust	fnmjrpy	u/Berson129	fnmdwdv	C
2020-04-16 17:46:12.107256	u/ryker1930	fnmjrrg	u/alep1998	fnmjp0j	C
2020-04-16 17:46:47.133969	u/ImKiriko	fnmjt9l	u/alep1998	fnmjp0j	C
2020-04-16 17:46:53.465184	u/voluminousseaturtle	fnmjtpx	u/RepostSleuthBot	fnl551g	C
2020-04-16 17:47:13.934925	u/cordis_contritum	fnmjun0	u/darkmodeyagami	fnmia4f	C
2020-04-16 17:47:37.447990	u/RandomAmerican81	fnmjw7v	u/salmonboilover	fnmdok8	C
2020-04-16 17:47:50.721564	u/Killeraptor9	fnmjwq8	u/confusedddaddio	fnm9715	C
2020-04-16 17:48:10.832045	u/Dooja	fnmjxle	u/TheTurtleGuy17	fnmijih	C
2020-04-16 17:48:12.401258	u/McBurgerQueen	fnmjxlr	u/Dutch_Donkey	fnmjn7a	C
2020-04-16 17:48:22.424514	u/PeriGamer456	fnmjyey	u/min35vil	fnm71jy	C
2020-04-16 17:48:26.040624	u/MostHighAcademe	fnmjyjb	u/memeboi895	fnmfzpa	C
2020-04-16 17:48:36.605611	u/Pandamonium231	fnmjzqt	u/DodoNoobLord	fnmgze4	C
2020-04-16 17:48:42.068955	u/Roboticsammy	fnmjzzl	u/Antwriterdragon	fnmgy30	C
2020-04-16 17:48:57.333746	u/AquilexArtz	fnmk0im	u/IssaSneakySnek	fnm2501	C
2020-04-16 17:49:00.962571	u/Potatice	fnmk0ui	u/FUNKbrs	fnmees6	C
2020-04-16 17:49:08.495982	u/CanThisBeChangedLtr	fnmk1do	u/its_dann	fnme8a1	C
2020-04-16 17:49:18.200623	u/urfateisdeath	fnmk1tn	u/Ultra_Weaboo	fnlevrd	C
2020-04-16 17:49:21.329327	u/xxxhacks_	fnmk1yi	u/Asclkose	fnm7ptf	C
2020-04-16 17:49:52.712479	u/CZ_Citrus	fnmk3er	u/then-perish-mortal	fnmhxoj	C
2020-04-16 17:49:57.666016	u/Nameisalways_taken	fnmk42x	u/white_android	fnmhkrn	C
2020-04-16 17:49:58.454065	u/Frost_ByteRL	fnmk4fk	u/ImContributing3	fnmjs30	C
2020-04-16 17:50:02.545300	u/Lewis_Smith000	fnmk51w	u/Kinoyo	fnl9jlj	C
2020-04-16 17:50:27.527418	u/shsluckymushroom	fnmk5z3	u/MillenniumGreed	fnmgkvv	C
2020-04-16 17:52:06.975936	u/wow-such-yes	fnmk9t7	u/usolame	fnmiomo	C
2020-04-16 17:52:13.241027	u/chxry__	fnmka5a	u/Deathnoob101	fnm06q6	C
2020-04-16 17:53:30.006773	u/Deficientus	fnmkcsj	u/zrndo	fnmcz1b	C
2020-04-16 17:54:24.288202	u/EvanLewiss	fnmkf50	u/BananaZeta	fnm13qv	C
2020-04-16 17:54:32.901780	u/AnCom9	fnmkfdw	u/Dutch_Donkey	fnmhmox	C
2020-04-16 17:55:04.393176	u/Mycraft69	fnmmbau	u/Rocketman1874	fnmhybt	C
2020-04-16 17:55:14.956265	u/Spadman2000	fnmmboc	u/champepe	fnlgmfy	C
2020-04-16 17:55:18.797084	u/noshore4me	fnmmbqz	u/shsluckymushroom	fnmk5z3	C
2020-04-16 17:55:26.215884	u/TheAlphaKarp	fnmmc40	u/thisshouldbevalid	fnmlsks	C
2020-04-16 17:56:08.466530	u/3rR0r2168	fnmmdkq	u/artisteque	fnm270y	C
2020-04-16 17:56:15.666131	u/Hidonias	fnmmduo	u/dogssomewhere	fnlvwia	C
2020-04-16 17:56:35.964996	u/Isse96	fnmmemr	u/red-potato-salad	fnmklls	C
2020-04-16 17:57:15.046572	u/domkuma	fnmmgmb	u/StasisModule	fnmm3nf	C
2020-04-16 17:57:35.548445	u/SUPAPOWERS1D3R	fnmmhgh	u/ml00p	fnlt4dw	C
2020-04-16 17:57:47.559277	u/SeniorEmy	fnmmi0u	u/red-potato-salad	fnm98g4	C
2020-04-16 17:57:57.499956	u/moosiahdexin	fnmmie3	u/ItsYaBoiBiggie65	fnmebrb	C
2020-04-16 17:58:14.311954	u/druman22	fnmmjhr	u/shsluckymushroom	fnmk5z3	C
2020-04-16 17:58:25.270011	u/MightyArmadillo123	fnmmk0l	u/theking10526	fnmm9cy	C
2020-04-16 17:58:48.497636	u/FlyingCommunistLlama	fnmml6b	u/PublicTrash	fnminjd	C
2020-04-16 17:58:52.722385	u/PPextensionman420	fnmmlj7	u/AnimeJay42069	fnmmfqq	C
2020-04-16 17:59:05.349318	u/Lumpy_lad	fnmmm9i	u/Embarrassed-Advice	fnluacp	C
2020-04-16 17:59:25.455018	u/_KingJulian_	fnmmnsd	u/RepostSleuthBot	fnmmg10	C
2020-04-16 17:59:30.465939	u/GOD-IS-NEAR	fnmmof7	u/ReaperTheRaper	fnmlpkl	C
2020-04-16 17:59:45.516825	u/Clarinet_player_2	fnmmpvc	u/That_dude_from_India	fnky143	C
2020-04-16 17:59:50.802625	u/Mattho	fnmmq64	u/JustARandomJew	fnm75x2	C
2020-04-16 17:59:56.863066	u/CastaliaBot	fnmmrkd	u/MillenniumGreed	fnmgkvv	C
