2020-03-29 23:00:15.380911	u/Zoobals	flw061o	u/mrsuns10	flw012k	C
2020-03-29 23:00:21.885677	u/Coin2111	flw068a	u/carlomarx1234	flw02r1	C
2020-03-29 23:00:38.758997	u/MattBatz1991	flw06mj	u/Vegetable-Dealer	flvzs7e	C
2020-03-29 23:01:13.151306	u/FuzzyCrafter	flw098g	u/SmoothOperator89	flvxv4m	C
2020-03-29 23:01:36.383728	u/Starkiller00732	flw0at4	u/MattHaise	flvb3gc	C
2020-03-29 23:01:42.792378	u/SkurtCobainboi	flw0ay3	u/okboomer16	flvsd8w	C
2020-03-29 23:01:56.422961	u/womper-romper	flw0bml	u/Icyhot72	flvwtcw	C
2020-03-29 23:02:06.108170	u/WISEOCT	flw0buw	u/Xploiter_RBLX	flufgco	C
2020-03-29 23:02:09.581200	u/OriginallyJames	flw0bvu	u/RepostSleuthBot	flw0bbw	C
2020-03-29 23:02:23.608272	u/NeedADecentProfile	flw0c6l	u/JashBhanushali	flvzubp	C
2020-03-29 23:02:41.712749	u/Turbulent-Policy	flw0cxh	u/Vimri	fri6wx	S
2020-03-29 23:02:49.397062	u/SkellySniper	flw0d8a	u/GermanNarutoOP	fky8diu	C
2020-03-29 23:02:53.282030	u/DJReasonable	flw0daj	u/TickleDuckFeathers	flvwizy	C
2020-03-29 23:03:00.500483	u/JakethaSnake1126	flw0dea	u/jamboy1255	flvx6ge	C
2020-03-29 23:03:02.740562	u/dark_hAze_21	flw0df2	u/DEcrypt1SouL	flvtdsz	C
2020-03-29 23:03:08.110910	u/BrockHeBe	flw0ds8	u/StasisModule	flvaa4g	C
2020-03-29 23:03:11.439478	u/RageBison22	flw0dv6	u/DING_-	flvd8dm	C
2020-03-29 23:03:15.063882	u/dark_hAze_21	flw0e3s	u/Potato_monkey1	flvs7qe	C
2020-03-29 23:03:31.091786	u/DannyDeShreko	flw0eht	u/big_fella_jacrispy	flvxrcc	C
2020-03-29 23:03:33.260657	u/pastamasta177	flw0eih	u/AutoModerator	flv7jfe	C
2020-03-29 23:03:41.084548	u/tingent	flw0emz	u/Tjk50932	flw06zv	C
2020-03-29 23:03:44.299376	u/StraitGate	flw0eq3	u/unknowtheone	flvzvks	C
2020-03-29 23:03:46.469913	u/Agent2Orange	flw0eqe	u/Diam0ndDude	fluzyc9	C
2020-03-29 23:03:58.233520	u/ImLid	flw0f1u	u/Riley_Reddits	flvyw1y	C
2020-03-29 23:04:17.126961	u/CranfillCrusher	flw0fx1	u/LiveOnJakku	flvzczk	C
2020-03-29 23:04:23.542952	u/watermelonez	flw0gi4	u/mbosty	flw0dcb	C
2020-03-29 23:04:33.688714	u/TheXterminator13	flw0gpg	u/Florida_mans	flvp3zx	C
2020-03-29 23:04:46.372923	u/LingLingWanabe-n1002	flw0hg5	u/jeb0605	flvyeeq	C
2020-03-29 23:06:00.720066	u/Crazyhipsterwhale	flw0kl0	u/Jinix13	flvzn2v	C
2020-03-29 23:06:13.739925	u/FlatD13tSoda	flw0leg	u/Mikey_the_Vegan	flvzz9r	C
2020-03-29 23:06:33.554199	u/hitlerosexual	flw0moc	u/Kingteamleader	flvg7i0	C
2020-03-29 23:06:46.702924	u/hbetz15	flw0n0j	u/RepostSleuthBot	flw0j7g	C
2020-03-29 23:07:11.516940	u/Ghuz2	flw0o0r	u/AutoModerator	flw06f4	C
2020-03-29 23:07:16.983607	u/Potato_Boi69	flw0o7f	u/sos977	flvzkws	C
2020-03-29 23:07:38.224277	u/heyheybrofists-await	flw0p7g	u/sunbleahced	flvmadd	C
2020-03-29 23:07:43.231855	u/mgoldylocks	flw0pb9	u/joaquinojoestrela	flugkuy	C
2020-03-29 23:08:00.729194	u/Bpondering2	flw0q61	u/Lame_Protagonist	flw0j1c	C
2020-03-29 23:08:33.376966	u/zozoah	flw0sbw	u/Dullwiii	flvz0nz	C
2020-03-29 23:08:38.446594	u/tubscdfg	flw0sfq	u/Potato_Boi69	flw0o7f	C
2020-03-29 23:08:51.697606	u/littertron2000	flw0tkd	u/Renzisan	flw05ql	C
2020-03-29 23:09:26.076825	u/LeeGame67	flw0w0h	u/PedroSilva_	flvatnj	C
2020-03-29 23:09:43.064629	u/OfficialHellcat060	flw0xid	u/KFBNoMercy	frgne8	S
2020-03-29 23:09:46.389563	u/Deadbutstilldead	flw0yef	u/ghostdragonmanscary	flw0v3l	C
2020-03-29 23:10:43.877320	u/Cruddylikewho	flw10so	u/IIISOPUREIII	flw0qqo	C
2020-03-29 23:11:02.783434	u/Al3xgreer18	flw11sw	u/AutoModerator	flw0lb9	C
2020-03-29 23:11:14.844724	u/Duckway767	flw1218	u/Diam0ndDude	fluzyc9	C
2020-03-29 23:11:39.632770	u/LugyD1xd_ONE	flw12za	u/MAGIC_EYE_BOT	flw0pcz	C
2020-03-29 23:11:54.429590	u/JackDockz	flw13kb	u/teflondonald1776	flvwfna	C
2020-03-29 23:12:17.067200	u/in-utero89	flw149o	u/poopstainonscarf	flvzmia	C
2020-03-29 23:12:20.366466	u/WaffleIronCreature	flw14b2	u/and_i_spoop	flvr6r8	C
2020-03-29 23:12:32.501498	u/TheHarbingerofTruth	flw14wx	u/crunchycorndog2	flw0u5d	C
2020-03-29 23:13:21.097020	u/Life-Is-Dank	flw17bn	u/GreenPhoenix14	flw0ddn	C
2020-03-29 23:13:29.615422	u/FightingScots	flw17ng	u/ghostdragonmanscary	flw1241	C
2020-03-29 23:13:40.206864	u/Freestyle74	flw18bg	u/Cabnbeeschurgr	flvnlta	C
2020-03-29 23:13:51.311764	u/thatps4player	flw18ri	u/Wheel31	fl5790b	C
2020-03-29 23:14:20.609351	u/Labrat_The_Man	flw19wq	u/eli9938	flvllz3	C
2020-03-29 23:14:22.690157	u/JunckMale	flw19xe	u/crawdaddy-	flve3iu	C
2020-03-29 23:14:29.408932	u/oline53	flw1alg	u/Fang_21	flw0k16	C
2020-03-29 23:14:46.115310	u/ingoodfaith_	flw1bam	u/FineCastle77731	flvrco2	C
2020-03-29 23:16:07.548930	u/alish_sapkota	flw1eah	u/RepostSleuthBot	flvz8ci	C
2020-03-29 23:16:30.564097	u/Khroneq	flw1fhp	u/iexist3	flvvdfu	C
2020-03-29 23:16:32.506379	u/Mr__Riddles	flw1fmg	u/boy_named_SuZi	flw05qy	C
2020-03-29 23:16:39.568294	u/RaptorSK	flw1g6y	u/sarcasticallyabusive	fkhlbo5	C
2020-03-29 23:16:54.952127	u/Pop_Porn	flw1gq7	u/deadsanta69	flvix3d	C
2020-03-29 23:16:56.831986	u/Thomas-greiss	flw1gr0	u/NoPostsHowMuchKarma	flvcepi	C
2020-03-29 23:16:59.334158	u/Wohn-Jick-421	flw1gtd	u/that-one-guy69	flw1el1	C
2020-03-29 23:17:19.236057	u/Zanger67	flw1hp1	u/trelium06	flvd3w1	C
2020-03-29 23:17:53.676565	u/FRICKINGNAMES	flw1j11	u/itzmythicstar	flvck7f	C
2020-03-29 23:18:02.850698	u/joped99	flw1jf1	u/DreadWood7	flvvx9m	C
2020-03-29 23:18:07.750205	u/meeowlord	flw1jto	u/Blazer2411	flvghob	C
2020-03-29 23:18:10.336020	u/CaineTheGamerYT	flw1jw6	u/FijiWater001	flvrmr9	C
2020-03-29 23:18:22.328225	u/yedipi	flw1keh	u/Khroneq	flw1fhp	C
2020-03-29 23:18:32.447911	u/General-Nonsens3	flw1l5k	u/Peanutbutter-pickle	flur96u	C
2020-03-29 23:18:39.903144	u/adna2231	flw1lfc	u/Warlord2252	flw0w76	C
2020-03-29 23:18:44.886499	u/DkJ1500	flw1lwn	u/DoMeAFavorAndShootMe	flw1iar	C
2020-03-29 23:18:49.874880	u/normalwarble	flw1mht	u/Toxreg	flvtdso	C
2020-03-29 23:18:59.009388	u/superkid460	flw1mu5	u/RandAlThorMessedUp	flw1lbv	C
2020-03-29 23:19:18.920772	u/AttestedArk1202	flw1npx	u/ProbbablyaCantolope	flvrmv5	C
2020-03-29 23:19:48.976615	u/RafaelCraft2	flw1py6	u/Wohn-Jick-421	flw1gtd	C
2020-03-29 23:19:53.347924	u/BAGNBANGDOOM	flw1qww	u/_-Whale-_	flv5a3u	C
2020-03-29 23:20:27.884480	u/Grinchimabober	flw1skc	u/digger200	flw1klm	C
2020-03-29 23:22:01.170555	u/ZhuangMeister	flw1vgi	u/smokwedeverydae	flvdrfx	C
2020-03-29 23:22:09.798282	u/bronxbomberempire	flw1vq1	u/m4a1pewpew	flvqpum	C
2020-03-29 23:22:48.401607	u/wifeyiiter	flw37le	u/ghostdragonmanscary	flw13vk	C
2020-03-29 23:23:13.427405	u/uppys10101	flw38ds	u/Cracked_Eggg	flw33n7	C
2020-03-29 23:23:15.743666	u/AtomicPrimeo	flw38g9	u/NeffHEHEBOI	flvl8d7	C
2020-03-29 23:23:30.284951	u/CadmiumAndWilsin	flw38w3	u/thatdancingkid	flw0mqz	C
2020-03-29 23:23:53.624690	u/jordantheshrimp	flw39xh	u/AidanOrsargos	flvq4zk	C
2020-03-29 23:24:19.895646	u/Kingminer13579	flw3an4	u/1Cryptic_Phoenix	flvknh9	C
2020-03-29 23:24:40.395339	u/bubedibubedi	flw3b9v	u/Diamond-sloth	flvyecb	C
2020-03-29 23:25:00.393894	u/foreversylvia	flw3bw4	u/AidanOrsargos	flvpn0s	C
2020-03-29 23:25:13.265297	u/Dragonfire04071	flw3c6i	u/LordTumiXD	flulnjr	C
2020-03-29 23:25:35.832418	u/covid------19	flw3cze	u/RocketPuff	flvr4pn	C
2020-03-29 23:25:37.954988	u/UpperEchelon666	flw3d0j	u/YandereAyaka	flvkkhg	C
2020-03-29 23:25:40.120871	u/FemmeParanormal	flw3d3i	u/MinionKeys	flvv7ef	C
2020-03-29 23:25:55.858363	u/Scp-Fan35	flw3du0	u/ShadowPigLord	flw1rwt	C
2020-03-29 23:26:05.769052	u/blazerthedazer	flw3eir	u/pitekargos6	flv80dl	C
2020-03-29 23:26:09.811641	u/Darklynx07	flw3emy	u/MemerMan1212	flw2z6t	C
2020-03-29 23:27:13.901543	u/Jayayawesome	flw3gn3	u/inline_citations	flvif9h	C
2020-03-29 23:27:36.655554	u/Ohimark24	flw3hap	u/Starwarsmemes13	flw39ib	C
2020-03-29 23:27:48.092451	u/DankQuil	flw3i42	u/Ava_Awesome2216	flvti0h	C
2020-03-29 23:28:01.237740	u/jackop6	flw3isa	u/Xach0	flw3i49	C
2020-03-29 23:28:03.950368	u/aRobot9000	flw3iw7	u/IvoBizzareAdventures	fl566r8	C
2020-03-29 23:28:10.637952	u/arrowbeeonxbl	flw3j55	u/AutoModerator	flw3bhy	C
2020-03-29 23:28:12.178350	u/ClosingRogue	flw3j5r	u/1Cryptic_Phoenix	flvknh9	C
2020-03-29 23:28:26.001320	u/pomelorosado	flw3jok	u/TheFloofyPotato	flw267v	C
2020-03-29 23:28:31.891229	u/WickedSDB	flw3jv7	u/godememesbuddy	frebnj	S
2020-03-29 23:29:26.366303	u/Patroclus44	flw3mmj	u/sakethc22	flvdzxa	C
2020-03-29 23:29:28.865637	u/YeahIDoReddit	flw3msc	u/TheFloofyPotato	flw3fnv	C
2020-03-29 23:29:29.983102	u/BoostedDrifterz	flw3mt2	u/game__god__101	flw3kk2	C
2020-03-29 23:29:32.807924	u/Dinoninja69	flw3n0d	u/kb3ylo	flvylny	C
2020-03-29 23:29:35.923387	u/LondonLmao	flw3nav	u/69magnumdong420	flvrg26	C
2020-03-29 23:31:50.045597	u/Mythical_Mew	flw3sl9	u/MattHaise	flvzocv	C
2020-03-29 23:32:58.076940	u/namesake_kml	flw3v3i	u/Kdial2002	flvy659	C
2020-03-29 23:33:31.687743	u/iArena	flw3wex	u/WoodyThe5th	flw2sut	C
2020-03-29 23:33:42.292848	u/forko1231	flw3wt2	u/Grinchimabober	flvjsjr	C
2020-03-29 23:33:46.834010	u/evolve2021	flw3wwh	u/The-Always-Lie-Guy	flw3fw7	C
2020-03-29 23:34:07.146515	u/journeygabbi	flw3xmy	u/Xploiter_RBLX	flvkqk7	C
2020-03-29 23:34:20.645841	u/SquishyRo	flw3y24	u/minibartosz	flv1lpm	C
2020-03-29 23:34:36.254772	u/lordjimblesxD	flw3yax	u/MrClash8738	flvg7cy	C
2020-03-29 23:35:12.021504	u/BellaButt619	flw3zik	u/youfibbedinjanuary	flw2vd1	C
2020-03-29 23:35:16.110974	u/polotrav	flw3zps	u/inline_citations	flvif9h	C
2020-03-29 23:35:24.015676	u/brain_nerd4life	flw3zy0	u/Patriotic_Dreams	fltp3cj	C
2020-03-29 23:35:26.168270	u/hopeless_apprentice	flw400f	u/velislav11	flv7myo	C
2020-03-29 23:35:31.204053	u/Nythagorn	flw4066	u/jackop6	flw3gjg	C
2020-03-29 23:35:43.151633	u/GallifreyanWarrior99	flw40rg	u/AutoModerator	flw3y31	C
2020-03-29 23:35:45.223672	u/hayjaybirk	flw40xr	u/JustinTime4763	flw2ksl	C
2020-03-29 23:35:54.431806	u/the_Apple_123	flw41a1	u/Text2CommentAwards	fltumtz	C
2020-03-29 23:36:02.921399	u/ThatPersonalityZ	flw41ji	u/AutoModerator	flv64se	C
2020-03-29 23:36:04.892377	u/urmomshwul	flw41ky	u/oogaboogaNXS	flw3tki	C
2020-03-29 23:36:13.552644	u/Legitimate_Boofer	flw41s0	u/MinionKeys	flw15tr	C
2020-03-29 23:36:15.514603	u/Vinvyin	flw41sk	u/gl0000000m	flvuw5o	C
2020-03-29 23:36:21.367075	u/lotsawisdumb	flw41x8	u/teamfupa	flw3ye7	C
2020-03-29 23:36:27.494782	u/Amazing_Ayman	flw421f	u/meat--crayon	flvktej	C
2020-03-29 23:36:48.350175	u/ThatPersonalityZ	flw42k7	u/1Cryptic_Phoenix	flvknh9	C
2020-03-29 23:37:34.048278	u/osnowfisho	flw44tm	u/youfibbedinjanuary	flw2vd1	C
2020-03-29 23:37:58.428587	u/M00sechuckle	flw46bp	u/Hescoveredinbutter	flw3zvh	C
2020-03-29 23:38:01.131874	u/pirotix	flw46fh	u/pomelorosado	flw3jok	C
2020-03-29 23:38:12.665714	u/GeorgianWineCooler	flw476o	u/Warhammer55	flw3td9	C
2020-03-29 23:38:14.292914	u/Jofe7	flw477s	u/GeorgianWineCooler	flw4148	C
2020-03-29 23:38:17.254077	u/Unoriginalmusic	flw478m	u/DoMeAFavorAndShootMe	flw1sqm	C
2020-03-29 23:38:23.479868	u/_Phase_Libra_	flw47ic	u/fualtyzane	flp2sfy	C
2020-03-29 23:38:43.222977	u/Beckamamemer	flw48oa	u/TickleDuckFeathers	fltrihb	C
2020-03-29 23:38:57.335541	u/NemoIsDead2005	flw49ui	u/WaffleIronCreature	flw3156	C
2020-03-29 23:39:03.869262	u/blackstockc	flw4a3f	u/Potatotheooflord	fl5ewkn	C
2020-03-29 23:39:25.404525	u/pugmaster18	flw4cgd	u/Icyhot72	flw3jfm	C
2020-03-29 23:39:44.600013	u/_CorporalHart	flw4dzz	u/IAmNotABotFromRussia	flw2ytf	C
2020-03-29 23:39:49.583177	u/LucarioMain52	flw4elo	u/Geox-	flvzeie	C
2020-03-29 23:39:57.484935	u/halffist	flw4fe4	u/F69420	flvqq2u	C
2020-03-29 23:40:02.868483	u/hubert_cumberdalee	flw4fnj	u/SebtheThomasFan1	flw3rsp	C
2020-03-29 23:40:15.677220	u/killerwhalesamich	flw4g30	u/fualtyzane	flvusaf	C
2020-03-29 23:40:56.587107	u/shellexyz	flw4hke	u/username0702	flvpahn	C
2020-03-29 23:41:04.869004	u/samskirim97	flw4hpb	u/like___zoinks-scoob	flvr4vu	C
2020-03-29 23:41:08.113968	u/GammaGamesGG	flw4hr2	u/xXxXdeadXxXx	flvqo6z	C
2020-03-29 23:41:15.631032	u/DracodianOG	flw4hsh	u/ajockmacabre	flux8oc	C
2020-03-29 23:41:24.338588	u/OverkillAntics	flw4hyi	u/papa_stalin432	flw3rfb	C
2020-03-29 23:41:34.550290	u/1-dont-even-know	flw4id1	u/dpo466321	flw4hha	C
2020-03-29 23:41:47.390993	u/tommygun3833	flw4inc	u/depicc	flw4f6j	C
2020-03-29 23:41:49.719948	u/Ojlevens	flw4ip1	u/ItzHellF1re24	flw3dq0	C
2020-03-29 23:42:19.990370	u/GamblingGibbs	flw4jil	u/Xach0	flve4eu	C
2020-03-29 23:42:22.223527	u/TheREEEGod	flw4jkm	u/Hans_Hazelnuss	fluj0e4	C
2020-03-29 23:42:45.389138	u/jansjska	flw4ksm	u/CAEZARLOV	flvxsdd	C
2020-03-29 23:42:55.089332	u/phatbalzzz	flw4lf2	u/cheese4691	flw42xp	C
2020-03-29 23:43:01.531517	u/MicroMegha	flw4lnc	u/retardedkid672	fluigq2	C
2020-03-29 23:43:03.730490	u/xxxendermans	flw4lqh	u/MoongodRai057	flw19oo	C
2020-03-29 23:43:13.875309	u/vforvine	flw4m9z	u/-BlasterMan-	flvyezm	C
2020-03-29 23:43:25.181446	u/homo_buttman	flw4mmq	u/_TheFBI_	flvw5av	C
2020-03-29 23:44:06.616566	u/FearLuna	flw4o0n	u/theweirdinstruction	frhf9z	S
2020-03-29 23:44:08.735912	u/rLordOfLols	flw4o0o	u/saikrishnav	flusjid	C
2020-03-29 23:44:15.934575	u/phatbalzzz	flw4olk	u/Merlijn-69	flw43pi	C
2020-03-29 23:44:37.865398	u/King-Cruz	flw4p63	u/willowbeef	flw4nti	C
2020-03-29 23:44:43.446150	u/Steamed_hams06	flw4pbj	u/AidanOrsargos	flvpn0s	C
2020-03-29 23:44:51.282799	u/phatbalzzz	flw4pmw	u/Respect_Paying_Bot	flw4515	C
2020-03-29 23:44:58.277354	u/Noah_Erz	flw4prb	u/SKylanders22	flvkxnd	C
2020-03-29 23:45:25.155850	u/azbadaroak	flw4qh4	u/pbmultiverse2	flw4c9t	C
2020-03-29 23:45:32.745415	u/Diecest	flw4qrp	u/1Cryptic_Phoenix	flvknh9	C
2020-03-29 23:45:56.956378	u/ronniemac07	flw4s3a	u/atul_ks	flw3kdq	C
2020-03-29 23:46:03.520582	u/IMakePhoneCalls	flw4sdp	u/xkjkgrtstnt-1010	flvyccx	C
2020-03-29 23:46:05.470985	u/snavjot041	flw4sdr	u/1Cryptic_Phoenix	flvknh9	C
2020-03-29 23:46:07.328309	u/lukecywon	flw4sdz	u/azbadaroak	flw4qh4	C
2020-03-29 23:46:28.519221	u/Wolfzy04	flw4ss4	u/Akura_Compassion	fe5jk7j	C
2020-03-29 23:46:55.261964	u/Arin_u	flw4ttu	u/Hescoveredinbutter	flw3zvh	C
2020-03-29 23:47:09.275866	u/Iamapersonmag	flw4ufz	u/HenryIsaBeast42	flw4tjo	C
2020-03-29 23:47:14.086319	u/KrazyCameron	flw4uj4	u/Lordkelo87	flvw1d0	C
2020-03-29 23:47:16.936021	u/Josh81639	flw4una	u/Steven_2769	flvxsb5	C
2020-03-29 23:48:00.377652	u/Kim--Jong--Un	flw4xdo	u/robin_joker	flusiyy	C
2020-03-29 23:48:09.029821	u/trigg_luc	flw4xvb	u/mrskinnywrists	flv6twy	C
2020-03-29 23:49:00.167897	u/xprozoomy	flw4zb7	u/m4a1pewpew	flvzfwi	C
2020-03-29 23:49:14.414216	u/FlyHamsterPaul	flw506e	u/AutoModerator	flw498z	C
2020-03-29 23:49:24.292375	u/Gecko_87_	flw50kf	u/i-dont-fuckin-knoe	flw1pbc	C
2020-03-29 23:49:30.462207	u/TelePathetlc	flw50tu	u/Broiled_Beans	flvhxq9	C
2020-03-29 23:49:31.525410	u/joannee1197	flw50yp	u/Areeb3331	fluv5n6	C
2020-03-29 23:49:36.408993	u/Vaspickle	flw513y	u/Dadaji18	flw22nv	C
2020-03-29 23:49:45.473572	u/JamalFucksGranny	flw5204	u/DoggoGamer	flvocmz	C
2020-03-29 23:49:50.687633	u/Important_Sound	flw52e4	u/Smoogy841	flw4u74	C
2020-03-29 23:51:31.379929	u/Coffee-and-correne	flw5775	u/Silver2404	flw1dso	C
2020-03-29 23:51:33.617909	u/StatIsThicc	flw57ge	u/RepostSleuthBot	flw4q8d	C
2020-03-29 23:51:38.273024	u/Pecassobango	flw57iu	u/fualtyzane	flvuesa	C
2020-03-29 23:51:42.967164	u/Khidekhosko	flw57nm	u/My-Long-Schlong	flw564r	C
2020-03-29 23:52:12.345841	u/Random-Ryan-	flw58i5	u/Thispostisveryfunny	flw3yju	C
2020-03-29 23:52:17.259817	u/BoldGambit	flw58nd	u/frawleyg	flw1wbr	C
2020-03-29 23:52:37.066476	u/ThatRandom_Boi	flw592f	u/frawleyg	flw1i68	C
2020-03-29 23:52:55.636634	u/SSNFUL	flw59qs	u/LogoDaPogo	flgjmm2	C
2020-03-29 23:53:00.033009	u/MikeHunt_004	flw59tl	u/speedoc	flvifrv	C
2020-03-29 23:53:38.695217	u/buscuits64	flw5bd8	u/fualtyzane	flpu9hm	C
2020-03-29 23:54:50.251596	u/TopaztheLycanroc	flw5dw3	u/SoleSurvivor-2277	flvw8eg	C
2020-03-29 23:55:35.050582	u/classidyrae	flw5fw2	u/notLOL	flvppzr	C
2020-03-29 23:55:52.759764	u/qwerty23454	flw5gj1	u/Turbulent-Policy	flvzgoq	C
2020-03-29 23:56:03.170809	u/Goose-Required	flw5grg	u/UpperEchelon666	flw3d0j	C
2020-03-29 23:56:16.450606	u/sublime119	flw5hac	u/atul_ks	flw5g9d	C
2020-03-29 23:56:28.831950	u/uselessreddituse00	flw5hkt	u/FloweyTheFlowerYT	flvkb0l	C
2020-03-29 23:56:36.500109	u/ggmy	flw5hss	u/Obama_Gaming94	flw2bir	C
2020-03-29 23:57:26.067104	u/lolipopy198	flw5iqc	u/LondonLmao	flw3nav	C
2020-03-29 23:58:29.597602	u/pleathershorts	flw5m33	u/effective_techer	flw4ywb	C
2020-03-29 23:58:38.975070	u/Chokutomoe	flw5mlt	u/Kawaii_Batman3	flvmm9i	C
2020-03-29 23:58:43.215419	u/badgenep00l	flw5n1n	u/AmeriCANmounties6776	flvr6y4	C
2020-03-29 23:58:58.029573	u/Avennon187	flw5o0o	u/VarianWrynn2018	flw2qhm	C
2020-03-29 23:59:02.192781	u/Huntermazz	flw5oc3	u/iwanteddiacriticals	flvcku7	C
2020-03-29 23:59:29.527707	u/samtheboi	flw5pql	u/Mom_lover60	fjp5pya	C
2020-03-29 23:59:30.579008	u/charlie_foxtrot_xyz	flw5pvw	u/mobidick223	fls7r2i	C
2020-03-29 23:59:34.431516	u/Leerian	flw5qeb	u/Xploiter_RBLX	fludg76	C
2020-03-29 23:59:39.742122	u/BobThe6Killer	flw5qpw	u/Xach0	flve4eu	C
2020-03-29 23:59:48.346589	u/QwertyLockjaw	flw5r6u	u/badgenep00l	flw5n1n	C
