2020-04-16 08:00:05.524307	u/PichuTheDestroyer	fnkri29	u/METOgaming	fnkn3v8	C
2020-04-16 08:00:13.122771	u/Boy_Wonder22	fnkri6i	u/lost-my-kite	fnkl4pg	C
2020-04-16 08:03:11.917863	u/Cancer_Bot_	fnkrmli	u/sudhish81	fnkkudq	C
2020-04-16 08:03:26.440015	u/Kosmic_K9	fnkrmr4	u/AetherealVoid	fnjznyi	C
2020-04-16 08:03:29.735705	u/acidcacti	fnkrmx7	u/Flanz1	fnkpb19	C
2020-04-16 08:03:43.605522	u/KuronVerz	fnkrn7q	u/0SaturatedFats	g2anh9	S
2020-04-16 08:03:46.857168	u/Feng-Long	fnkrnd0	u/IAmNotABotFromRussia	fnjx8xd	C
2020-04-16 08:04:56.166553	u/SuperStrike05	fnkrp45	u/RedninjaJ	fnkrd7d	C
2020-04-16 08:05:02.981327	u/ass-earlyintheAM	fnkrp5y	u/Malalang	fnkpyo7	C
2020-04-16 08:05:20.438438	u/StrikeForcexX	fnkrpge	u/Patrick_Bot2	fnkh08y	C
2020-04-16 08:05:24.760629	u/Mattyboi469	fnkrpnp	u/shekelest	fnkim73	C
2020-04-16 08:05:47.437385	u/Photographer10101	fnkrq8y	u/Pied_2_Pastek	fnkrkkf	C
2020-04-16 08:05:57.458930	u/RedneckNinjy	fnkrqo4	u/imaginary_boner	fnkqpix	C
2020-04-16 08:06:38.264280	u/Oliver_warfare	fnkrsbk	u/Coolkidtyler	fnkjxzg	C
2020-04-16 08:06:45.550874	u/shotolic	fnkrsct	u/jdaly97	fnkrjjj	C
2020-04-16 08:07:30.071673	u/What_is_a_username1	fnkrtwc	u/a2jed	fnkcoaz	C
2020-04-16 08:07:56.900643	u/PansexualLogan	fnkrum0	u/Xx_-Boi-_xX	fnkrteb	C
2020-04-16 08:08:35.055196	u/Datky	fnkrvqk	u/The_Brick_is_my_name	fnknguf	C
2020-04-16 08:09:03.371615	u/dumbest_person	fnkrwue	u/FluuBk	fnkrq1z	C
2020-04-16 08:09:20.896789	u/Rasul583	fnkrxjd	u/haiasi__	fnkehbe	C
2020-04-16 08:09:28.302160	u/Devil_28	fnkrxw8	u/Artulis	fnkrx8s	C
2020-04-16 08:09:30.001278	u/ballzrsweatymomsgeti	fnkrxxa	u/ScottSepter	fnkrvtl	C
2020-04-16 08:09:44.627705	u/mekhi2ploopy	fnkrym0	u/Lighty1116	fnkr86j	C
2020-04-16 08:09:58.453645	u/Electra_is_bored	fnkrzyk	u/Blupoisen	fnko8ja	C
2020-04-16 08:09:58.895330	u/KingKangKong2	fnks01c	u/AutoModerator	fl3u1tj	C
2020-04-16 08:10:27.852253	u/daycn1084	fnks0ys	u/ScoldjoeyStone5	fnkrgwc	C
2020-04-16 08:10:30.207058	u/Sadique-N	fnks0yw	u/et_cetera1	fnkrtv0	C
2020-04-16 08:11:55.143669	u/KaiserKrautt	fnks34a	u/Iravii280	fnkpmnz	C
2020-04-16 08:12:09.746025	u/MisterFluffkins	fnks3hj	u/KentuckyFriedEel	fnk909c	C
2020-04-16 08:12:28.294102	u/Top_Relevant_Memes	fnks42k	u/Potatoes-Mcgee	fnko9zu	C
2020-04-16 08:12:42.158397	u/AsianCommunist12K	fnks4tm	u/boioi3	fnko4v4	C
2020-04-16 08:12:57.059390	u/ehsan_akbari09	fnks58f	u/Drion_e	fnkry12	C
2020-04-16 08:12:59.320446	u/AsianCommunist12K	fnks5bt	u/joemother400	fnkoasj	C
2020-04-16 08:13:03.541236	u/takudomii	fnks5ni	u/syndicate1024	fnks039	C
2020-04-16 08:13:06.993062	u/vibecurator	fnks5op	u/Haxuppdee-85	fnknx45	C
2020-04-16 08:13:12.232920	u/AsianCommunist12K	fnks5rv	u/Triggerhappy_1	fnkrkf5	C
2020-04-16 08:13:37.109728	u/AsianCommunist12K	fnks64t	u/Bruh_Bot_	fnkoewt	C
2020-04-16 08:14:04.831293	u/iSpazm	fnks70k	u/spiderkid1999	fnkodvo	C
2020-04-16 08:14:46.787891	u/icebrotha	fnks7pv	u/Aritilli	fnhzfdt	C
2020-04-16 08:14:51.955343	u/Wilfred_Warrior	fnks7s4	u/Salmoob	fnkr541	C
2020-04-16 08:15:14.092889	u/CharlesMcreddit	fnks8nb	u/CamoFreakGaming	fnks6u0	C
2020-04-16 08:15:59.632517	u/The_Safe_For_Work	fnksagl	u/swiftreddit75	fnkopis	C
2020-04-16 08:17:36.414558	u/iamhumon	fnksd80	u/PenguinWithAglock	fnkr6wg	C
2020-04-16 08:19:26.402396	u/El_peon_masque	fnksi0a	u/The_Brick_is_my_name	fnks42p	C
2020-04-16 08:19:30.047606	u/akuuttikasvain	fnksi5t	u/NoName3674	fnj4pye	C
2020-04-16 08:19:32.310656	u/paperbackbookbitch	fnksig6	u/moncerdis	fnknkh1	C
2020-04-16 08:19:40.419118	u/Jtewkes	fnksixp	u/DevoNorm	fnkmibu	C
2020-04-16 08:19:46.106120	u/Marcus405	fnksj46	u/FFalcon_Boi	fnkr7r8	C
2020-04-16 08:19:51.788930	u/TheBlackBox333	fnksjpx	u/yeetus-deletus00185	fnj9uji	C
2020-04-16 08:20:29.329157	u/Woox1	fnkslir	u/rotten_pasta	fnkr5j3	C
2020-04-16 08:20:36.065347	u/kbammy	fnkslmk	u/LilSkills	fnkrqjf	C
2020-04-16 08:21:46.480014	u/yeetplatinum	fnksni2	u/Surely_Not_NSA	fnksfau	C
2020-04-16 08:21:48.703528	u/squidwardtentacles69	fnksnjn	u/ScarletWill1	fnkod36	C
2020-04-16 08:22:29.748183	u/sgtpanic	fnksoga	u/Mikroglycerin	fnkqyi9	C
2020-04-16 08:24:34.957536	u/JumpupRS	fnkss8f	u/sasgabor	fnkex9z	C
2020-04-16 08:24:44.332265	u/ChiefCamel	fnkssik	u/POPPI29	fnhgso4	C
2020-04-16 08:25:07.959391	u/DownshiftedRare	fnkst7k	u/ThunderingSacks	fnjwgl0	C
2020-04-16 08:25:18.770121	u/Shubhanker99	fnkstge	u/STOPdyingalready	fnksmn7	C
2020-04-16 08:25:58.013281	u/SpaceOxymo	fnksulz	u/Nemisis_HD	fnko1pt	C
2020-04-16 08:26:49.567126	u/Morgz789	fnksw8s	u/Ferdinand74	fnknq93	C
2020-04-16 08:26:56.851858	u/ppPOOPPOOP	fnkswbq	u/BlazeKing2020	fnkstf1	C
2020-04-16 08:27:12.227782	u/jaisoin7	fnksx0z	u/BrokeAssBeavis	fnkqsmr	C
2020-04-16 08:28:02.543458	u/1bitesDdust	fnku3k0	u/Kyllingekage	fnevqnl	C
2020-04-16 08:28:19.291367	u/bruhmajesticmoment	fnku4b3	u/nobodyman617	fnkqbge	C
2020-04-16 08:28:25.038554	u/TaylorWhu	fnku4ka	u/TickleDuckFeathers	fnku0w1	C
2020-04-16 08:28:44.296452	u/G4rtos	fnku5ev	u/BrokeAssBeavis	fnkqsmr	C
2020-04-16 08:29:00.421617	u/easytospell_	fnku5ys	u/iamhumon	fnku19g	C
2020-04-16 08:29:08.190295	u/SuperVegito777	fnku6ff	u/WolffeCrow	fnkseas	C
2020-04-16 08:29:15.313161	u/delnyn	fnku6n8	u/azarbi	fnkn5ec	C
2020-04-16 08:29:46.356867	u/OkFish4	fnku8pb	u/Eeveechuster	fnkrh8u	C
2020-04-16 08:29:50.227739	u/Gardner911a	fnku8xh	u/TheClevernickname	g2deos	S
2020-04-16 08:30:03.730027	u/OkFish4	fnku9u1	u/AEntunus	fnkkmcb	C
2020-04-16 08:30:08.635791	u/master-cat	fnku9xa	u/Baxterdaxter	fnkfoos	C
2020-04-16 08:30:35.077849	u/JoeJoeR900	fnkuadx	u/Bartgames03	fnkmqle	C
2020-04-16 08:30:48.370373	u/OkFish4	fnkuao7	u/aineri	fnkjbdh	C
2020-04-16 08:30:58.830388	u/OnCreeper12	fnkuavt	u/meove	fnkolvp	C
2020-04-16 08:31:29.922232	u/ashishchhh	fnkubtq	u/Retard-69	fnkqn4j	C
2020-04-16 08:31:43.150999	u/OkFish4	fnkuc5l	u/syndicate1024	fnkrlcb	C
2020-04-16 08:31:56.455463	u/Senetiner	fnkucbi	u/GuillaumeTheMajestic	fnktsem	C
2020-04-16 08:32:29.950192	u/LPmitV0	fnkudhr	u/Kitebot001	fnjea5w	C
2020-04-16 08:33:05.425841	u/6969MeME	fnkuehn	u/Spanish-Inquistion	fnktf26	C
2020-04-16 08:33:12.252335	u/themastersword08	fnkuenf	u/RepostSleuthBot	fnktey6	C
2020-04-16 08:33:24.829558	u/Jack_Kegan	fnkuf42	u/OmG_a_Puggle	fnkpxva	C
2020-04-16 08:33:34.135926	u/rnld_za	fnkufce	u/perfectlycurated	fnkrsyq	C
2020-04-16 08:33:41.952325	u/TheRagingArceus	fnkufja	u/u-Darien	fnkq6tv	C
2020-04-16 08:34:13.589996	u/Canadian-Fred	fnkugf8	u/Photographer10101	fnkue86	C
2020-04-16 08:34:38.105725	u/fuflue69	fnkuh4z	u/RepostSleuthBot	fnkd6gv	C
2020-04-16 08:34:58.884441	u/Oualid_hgslm	fnkuhol	u/Maxi25554	fnkrnsh	C
2020-04-16 08:35:30.403706	u/facts_my_guyy	fnkuip8	u/XxX_MiikaP_XxX_69420	fnkttjz	C
2020-04-16 08:36:26.385473	u/I_dostuff	fnkuksc	u/BloodyBoots357	fnkln4c	C
2020-04-16 08:36:43.933975	u/uttamhatesreddit	fnkuldb	u/d3zm4n	fnk3pty	C
2020-04-16 08:37:43.057038	u/MistaJayJay	fnkunqv	u/jserv2020	fnkuani	C
2020-04-16 08:37:55.716867	u/Tobimanden	fnkunz4	u/KMS_Prinz-Eugen	fnksy6b	C
2020-04-16 08:38:30.259277	u/JAK-the-YAK	fnkupxm	u/Balindaks	g2dulr	S
2020-04-16 08:38:35.900595	u/redbloodgod	fnkuqas	u/_Shikamaru_nara_	fnb00q7	C
2020-04-16 08:38:49.722701	u/tadpole223	fnkuqo4	u/lost-my-kite	fnkrf7u	C
2020-04-16 08:39:02.251949	u/TrainedMusician	fnkur30	u/RepostSleuthBot	fnkumcv	C
2020-04-16 08:39:05.857335	u/james_rey5020	fnkur51	u/DefinitelyNotAliens	fnks643	C
2020-04-16 08:39:27.087190	u/mr_hindenburg	fnkus8j	u/OkFish4	fnku9u1	C
2020-04-16 08:39:34.946496	u/The_Narwhalrus	fnkusn0	u/dbozz135	fnkgpye	C
2020-04-16 08:40:00.142008	u/bubblegun9474	fnkuuwx	u/cheeseface35	fnkutcn	C
2020-04-16 08:40:05.418626	u/septentri0n	fnkuv2u	u/C4NT_M4K3_M3	fnkszre	C
2020-04-16 08:40:19.150560	u/ArgiBoi1747	fnkuvd1	u/XimhereforthememesX	g2bky6	S
2020-04-16 08:40:31.705592	u/harry-balzac	fnkuveb	u/dharzen	fnkiku0	C
2020-04-16 08:40:58.527214	u/RokVuk	fnkuvzt	u/RunasIlVadio	fnksyj9	C
2020-04-16 08:41:30.499567	u/yeetett	fnkuwpo	u/--DonQuixote--	fnklw1a	C
2020-04-16 08:41:58.460511	u/BladeMLG	fnkux9h	u/DiekeDrake	fnktzl8	C
2020-04-16 08:42:00.714297	u/lightningbb	fnkuxah	u/MPhoenixS	fnkij87	C
2020-04-16 08:43:05.979674	u/cbranson00	fnkuzhx	u/EdwardYen	fnkplle	C
2020-04-16 08:43:50.730188	u/taobestbita	fnkv1ac	u/UgandanShrekBoi	fnkufel	C
2020-04-16 08:44:08.863421	u/artfillin	fnkv1ze	u/RepostSleuthBot	fnkv17m	C
2020-04-16 08:44:47.308261	u/AlwaysMakingBadPuns	fnkv35o	u/LORDBOMBAF	fnkq3kl	C
2020-04-16 08:45:31.047016	u/DarthSverige	fnkv4b6	u/NonchalantxCasual	fnku5q6	C
2020-04-16 08:45:50.947069	u/Dignahning	fnkv500	u/Narutoaddict	fnk8lq7	C
2020-04-16 08:46:26.782299	u/cpbara	fnkv5v0	u/okruina	fnkuoqn	C
2020-04-16 08:46:41.397134	u/idk_y_im_here777	fnkv6b6	u/Artonioo	fnkv078	C
2020-04-16 08:46:43.378784	u/Cheesetheory	fnkv6e2	u/puggiepuggie	fnk81ij	C
2020-04-16 08:47:04.075742	u/BoxxyFoxxy	fnkv6vh	u/masterlag723	fnhftok	C
2020-04-16 08:47:32.808059	u/sabregamer	fnkv7uq	u/StickyBoygg	fnkuntl	C
2020-04-16 08:47:52.591264	u/peanutbutter4267395	fnkv8kd	u/GronKy_18	fnkoz2y	C
2020-04-16 08:47:55.844402	u/RamRap26	fnkv8me	u/FatManZak	fnku554	C
2020-04-16 08:48:01.726909	u/Zaldr0n	fnkv8xu	u/Timthepizza	fnkpn5n	C
2020-04-16 08:48:25.706077	u/binarydaaku	fnkva4e	u/Pied_2_Pastek	fnkrkkf	C
2020-04-16 08:48:44.538789	u/wednesdayapril8	fnkvb95	u/itzdacks	fnku3ss	C
2020-04-16 08:48:46.210402	u/Kaneki_keN198	fnkvb9p	u/FZeti	fnkpwlh	C
2020-04-16 08:48:57.634050	u/symetra-	fnkvc67	u/Merentha8681	fnkk5hv	C
2020-04-16 08:49:05.088768	u/platsdarg	fnkvci6	u/Bruh_Bot_	fnkfkgk	C
2020-04-16 08:49:10.015729	u/dandelionips	fnkvd4d	u/Yurishirox	fnkv1gy	C
2020-04-16 08:49:41.214034	u/TrojanSpartan	fnkveun	u/Timthepizza	fnkeamx	C
2020-04-16 08:49:52.425534	u/Zander_Worthy	fnkvfqa	u/IDontHaveAName99	fnkt3x0	C
2020-04-16 08:49:59.239036	u/lukec973	fnkvfwb	u/RamRap26	fnkv8me	C
2020-04-16 08:51:02.851107	u/RepostSleuthBot2	fnkvi0c	u/Ninjashark_studios	fnjh1x8	C
2020-04-16 08:51:21.037469	u/archangel147	fnkvid1	u/need_for_speeed	fnkaufw	C
2020-04-16 08:51:41.338753	u/Janiksuperpro	fnkviz3	u/Adolf__Hitler69420	fnkurio	C
2020-04-16 08:52:32.901691	u/anonymous7074	fnkvk68	u/MPhoenixS	fnkitat	C
2020-04-16 08:52:37.887910	u/chris_rabet	fnkvkjj	u/an_unknown_dragon	fnkulzc	C
2020-04-16 08:53:50.355227	u/tylerjordanm	fnkvm3t	u/chandler_mosby	fnkvko1	C
2020-04-16 08:54:24.878088	u/TheLameTameWolf	fnkvna1	u/haiasi__	fnkl886	C
2020-04-16 08:56:04.889453	u/THE445GUY	fnkvqac	u/Ninja-nun	fnkvejt	C
2020-04-16 08:56:24.252754	u/JoshPoshTheGreat	fnkvqwm	u/sasgabor	fnkk3dp	C
2020-04-16 08:57:08.955844	u/Some_Melon	fnkvsrl	u/Cheesetheory	fnkv6e2	C
2020-04-16 08:57:40.096056	u/LamaSlayer12	fnkvttz	u/leJINdary_dad_jokes	fnkvpj8	C
2020-04-16 08:57:51.567808	u/ASadFuckhead	fnkvuds	u/agyad_arts	fnkvqfw	C
2020-04-16 08:58:00.600682	u/afshahan	fnkvumz	u/BestieBrodie	fnkvr8l	C
2020-04-16 08:58:13.224463	u/JBowser64	fnkvv4y	u/mapanpang69420	fnknyhe	C
2020-04-16 08:58:22.705110	u/AquaVR	fnkvvdp	u/MiloThePotato	fni4bpi	C
2020-04-16 08:58:28.538102	u/Sacred_blu	fnkvvh0	u/cockusian	fnks7rw	C
2020-04-16 08:58:37.111203	u/aleksei01	fnkvvvq	u/WhyIsThisUnblocked	fnkvume	C
2020-04-16 08:58:53.599343	u/catriona_s_	fnkvwk1	u/Deadgun76	fnkvv2m	C
2020-04-16 08:59:03.556906	u/xMLGPRO	fnkvwx9	u/monachia	fnkoq8g	C
2020-04-16 08:59:21.962059	u/Dheikh	fnkvxqs	u/Longduzb00b	fnktde0	C
2020-04-16 08:59:23.819934	u/Mikoto00	fnkvxwb	u/xFreemason37x	fnkvfj6	C
2020-04-16 08:59:47.645636	u/TwistedAutism	fnkvyzt	u/NotAnAlternateID	fnksn8h	C
2020-04-16 08:59:55.099173	u/Spidery7	fnkw09i	u/an_unknown_dragon	fnkulzc	C
