2020-04-13 07:00:47.155415	u/Fishboi4eva	fn9jqfe	u/GodTyphon	fn9jomv	C
2020-04-13 07:01:35.005501	u/fudgerug	fn9jphj	u/FinancialAverage	fn9il9x	C
2020-04-13 07:01:45.056725	u/Exec-	fn9jrh6	u/defaultgarlicbread	fn8gg5c	C
2020-04-13 07:02:11.429383	u/ThePandaBrah666	fn9jss3	u/lWanderingl	fn9jgno	C
2020-04-13 07:04:05.715634	u/Blukey23	fn9jx40	u/Ant_Man420	fn8xq5i	C
2020-04-13 07:04:54.113322	u/defunct_pistols	fn9jyqv	u/PokefoxGB	fn99sy2	C
2020-04-13 07:05:17.277884	u/Tactical_Ninja	fn9jzzt	u/Grimbasepost	fn8wn4h	C
2020-04-13 07:06:30.963701	u/Cpt-JackSkellington	fn9k1wa	u/Red-German-Crusader	fn9b25h	C
2020-04-13 07:06:56.655252	u/TheGoldenTomato18	fn9k367	u/Seanmiller1903	fn9eo1w	C
2020-04-13 07:07:07.518985	u/SammonGUNS27	fn9k3kz	u/Cifer88	fn9hkov	C
2020-04-13 07:07:42.821700	u/FeelingJeweler	fn9k4r5	u/Emperor_O_Memes	fn9jwt2	C
2020-04-13 07:07:50.277512	u/wigglin_willie999	fn9k4vk	u/Emperor_O_Memes	fn9jtv5	C
2020-04-13 07:08:49.682191	u/cornfed-chicken	fn9k6kj	u/packle-kackle	fn9ds8g	C
2020-04-13 07:08:58.907637	u/boringmoonychick	fn9k758	u/stonksmanmeme	g0gugn	S
2020-04-13 07:09:16.609122	u/Warlord53104	fn9k7tr	u/John_Bruhman	fn9d47h	C
2020-04-13 07:10:00.103872	u/sr19_8	fn9k9lx	u/2ndMouseGetsCheese	fn9jyr6	C
2020-04-13 07:10:41.873773	u/PrinceofallRabbits	fn9kaae	u/LTBT03	fn9d18x	C
2020-04-13 07:11:03.422416	u/youprobro	fn9kas7	u/livitan	fn9j4uv	C
2020-04-13 07:11:05.727777	u/Curious_Interloper	fn9kava	u/Petra517	fn9jx2n	C
2020-04-13 07:12:02.237625	u/MacPooPum	fn9kck5	u/RepostSleuthBot	fn9fgu3	C
2020-04-13 07:12:06.789019	u/boniny4	fn9kcm3	u/babatundeHD	fn9kbmj	C
2020-04-13 07:12:18.345557	u/rootsimmons	fn9kcvi	u/Hilkene15	fn8l0p0	C
2020-04-13 07:14:07.234920	u/FlaSHbaNG78	fn9kh67	u/Mango_Crepe	fn9kdlk	C
2020-04-13 07:14:12.404894	u/an_anoneemus	fn9khbw	u/Taco443322	fn9jjsn	C
2020-04-13 07:14:24.904198	u/massive_testicles69	fn9khic	u/Franky_153	fn9j9ml	C
2020-04-13 07:14:27.888202	u/A-Young-Padawan	fn9khih	u/The_Brick_is_my_name	fn9itz4	C
2020-04-13 07:14:45.823519	u/werewolfhunger	fn9khyh	u/Kelly240361	g0ect3	S
2020-04-13 07:15:15.099420	u/Magickmarkerz	fn9kj69	u/AfricabyToToisCOOL	fn9ki97	C
2020-04-13 07:15:22.232455	u/fasti-au	fn9kjca	u/randombunchofwords	fn9h5v0	C
2020-04-13 07:15:29.021174	u/kirstoin	fn9kjin	u/yeetboi_2000	fn9ae4i	C
2020-04-13 07:16:01.195063	u/MayonaiseRemover	fn9kkz2	u/sdlover420	fn9kb45	C
2020-04-13 07:16:14.742729	u/akiti_mk	fn9klsv	u/a_traktor13579	fn9fgv8	C
2020-04-13 07:16:20.457843	u/brumbrum1738	fn9klzk	u/youmispelled	fn9hlxx	C
2020-04-13 07:16:31.107860	u/_andromedak_	fn9kmi2	u/Xplodingpanther	fn916ov	C
2020-04-13 07:16:39.376348	u/Snwl_dev	fn9kms6	u/S_shiggy_Y	fn9izqu	C
2020-04-13 07:16:49.039854	u/Thelightningrod	fn9kn55	u/morning_retard	fn7sdfa	C
2020-04-13 07:17:31.204680	u/FallenOneII	fn9kp2c	u/Z_TDD	fn953u1	C
2020-04-13 07:17:33.004406	u/jun__june	fn9kp36	u/Shotgunknight	fn9fn4p	C
2020-04-13 07:17:37.183224	u/zeina21	fn9kouj	u/milksoup-_-69	fn9iynj	C
2020-04-13 07:17:38.929533	u/jos_geerink	fn9kpgv	u/dovedevic	fl2izeo	C
2020-04-13 07:18:19.361871	u/gnomer_the_gnome	fn9kqmh	u/reddit-emoji-police	fn9kobb	C
2020-04-13 07:18:54.477622	u/autopoietico	fn9krt6	u/KS_345	fn98znv	C
2020-04-13 07:19:53.935472	u/bobathefett135	fn9kty9	u/DustToSmoke	fn9io7u	C
2020-04-13 07:20:33.503595	u/godboy1729	fn9kv1v	u/AnnexFromCanada	fn5g3nm	C
2020-04-13 07:22:25.019384	u/CaptBailey	fn9kzbz	u/abductedpeanut	fn9g236	C
2020-04-13 07:22:50.932158	u/malakiangpekpek	fn9kzeg	u/-ZE1T-	fn6y81f	C
2020-04-13 07:23:49.034819	u/Porunga_Z_The_Second	fn9l1ce	u/MasterNonce04	fn9iyyu	C
2020-04-13 07:23:53.282554	u/BleakAsh	fn9l1gd	u/SomebodyUdontKnow-	fn9i0ru	C
2020-04-13 07:23:57.490310	u/Azzy_Wolf	fn9l1m5	u/packle-kackle	fn9e8ez	C
2020-04-13 07:24:31.804169	u/TheZerothLawOfeNVy	fn9l2mi	u/deweydecimaldog	fn9gajj	C
2020-04-13 07:24:48.973460	u/liil_lil	fn9l332	u/technophyleboi	fn9hev0	C
2020-04-13 07:24:52.860372	u/KeizerKasper	fn9l368	u/RiZeN_PaRaDoX	fn9cgat	C
2020-04-13 07:25:07.479173	u/FinallyReborn	fn9l3ia	u/boby_271	fn9g3f4	C
2020-04-13 07:25:20.268287	u/pcandpsplayer	fn9l3wv	u/pregante	fn99mcs	C
2020-04-13 07:25:31.259630	u/Supremekyrie	fn9l44p	u/eko3002	fn9kdnm	C
2020-04-13 07:25:38.134024	u/Ivided	fn9l4ey	u/DanMezera	fn9kd9c	C
2020-04-13 07:25:49.282978	u/LeonTheGreat22	fn9l50d	u/RepostSleuthBot	fn9i22i	C
2020-04-13 07:25:56.073866	u/LeonTheGreat22	fn9l5ag	u/WakA1337_	fn9ibyd	C
2020-04-13 07:26:11.723183	u/Stu2470	fn9l61o	u/XeitPL	fn9e7fk	C
2020-04-13 07:26:40.473177	u/SupAyamOP	fn9l7ed	u/kenny7311	fn9kvq3	C
2020-04-13 07:26:52.973238	u/wonder_wolfie	fn9l7y6	u/7umor	fn7nfls	C
2020-04-13 07:27:15.295008	u/wgkfish	fn9l90d	u/math_enthusiast163	fn9kysb	C
2020-04-13 07:28:00.788162	u/Mememan1741	fn9larp	u/Kelly240361	g0ect3	S
2020-04-13 07:28:53.291757	u/bamfdan	fn9ld44	u/terribleyasuomain	fn9eegq	C
2020-04-13 07:28:59.063100	u/AthenOwl	fn9ldi6	u/coolo04	fn9jbp9	C
2020-04-13 07:29:11.439010	u/Ikremahy	fn9ldz8	u/Z_TDD	fn953u1	C
2020-04-13 07:29:57.576940	u/jarne15	fn9lfgk	u/Ceres-Venus	fn9leyy	C
2020-04-13 07:30:20.242526	u/Hitman20741	fn9lg5y	u/NaniZaWarudo	fn9aszr	C
2020-04-13 07:30:28.685327	u/kgnunn	fn9lggz	u/chipsonaft	fn9icpa	C
2020-04-13 07:30:54.841464	u/AstolfoNT	fn9lh2k	u/A_Browncastle	g09ugd	S
2020-04-13 07:31:21.394889	u/uhsnadev	fn9lhlz	u/Rheevalka	fn9ig3g	C
2020-04-13 07:31:39.318695	u/InkySacc	fn9licc	u/WindexCleaner	fn9lgms	C
2020-04-13 07:31:49.707273	u/Sundan42	fn9lir7	u/Thisshitaintfree	fn9a09l	C
2020-04-13 07:32:07.055130	u/DimitryKratitov	fn9ljit	u/UselessLightyear	fn8qauw	C
2020-04-13 07:32:11.474422	u/-TheConductor-	fn9ljjw	u/ultimatewar500	fn9ixjq	C
2020-04-13 07:32:44.607521	u/Toastcoin	fn9ll62	u/Bleeding_Edge3301	fn9l1bf	C
2020-04-13 07:32:52.447148	u/dothhathdepression	fn9llgo	u/leko-baye	fn9limp	C
2020-04-13 07:33:03.438182	u/MonoManSK	fn9lm4d	u/swiftreddit75	fn9ll5p	C
2020-04-13 07:34:04.193559	u/KsDzon	fn9lokg	u/-TheConductor-	fn9ljjw	C
2020-04-13 07:34:18.271205	u/Rusty--Wrench	fn9lot4	u/LamarjbYT	fn9lmlm	C
2020-04-13 07:35:14.572478	u/CringyYT	fn9lquh	u/PaciStan	fn9iuqn	C
2020-04-13 07:35:31.683011	u/Hououin-Kyouma-001	fn9lokj	u/Memerboi21	fn9jvoy	C
2020-04-13 07:35:35.611142	u/Chygrynsky	fn9lpg9	u/YouDrinkMahDew	fn9k9tz	C
2020-04-13 07:35:40.755896	u/BlackVicinity	fn9lr8a	u/Emperor_O_Memes	fn9lpqd	C
2020-04-13 07:36:17.403772	u/zoom_the_speedster	fn9lt39	u/BleakAsh	fn9l1gd	C
2020-04-13 07:37:37.058783	u/Kreker1488	fn9lvpm	u/Hououin-Kyouma-001	fn9lt9e	C
2020-04-13 07:37:39.711978	u/VoltNinja101	fn9lvu1	u/Supremekyrie	fn9llj7	C
2020-04-13 07:38:06.059112	u/flipitsmike	fn9lwwc	u/ekivanassche	fn9lv88	C
2020-04-13 07:38:11.964711	u/mcdeuxx	fn9lx1c	u/lasagna_for_life	fn9ln7q	C
2020-04-13 07:38:18.163402	u/LIUDER	fn9lx9e	u/IsawishIsawaIsaiah	fn9lvco	C
2020-04-13 07:38:44.344194	u/vishal_201	fn9lyma	u/delastbalrog	fn8p1d2	C
2020-04-13 07:38:50.521714	u/FiKra1	fn9lypx	u/GoodVibeKnight	fn9lvbg	C
2020-04-13 07:39:16.267669	u/Corvou	fn9lzf9	u/Analytical_Chemist	fn8e1m4	C
2020-04-13 07:40:07.459887	u/Meme-Reader20-	fn9m1f6	u/Ceres-Venus	fn9l9oh	C
2020-04-13 07:40:47.217746	u/tomstnd	fn9m2pt	u/monumentofflavor	fn9m1kr	C
2020-04-13 07:40:55.213273	u/InvincibleRaft	fn9m36n	u/Kitebot001	g0h9sq	S
2020-04-13 07:41:01.190458	u/mflemingmaccom	fn9m3is	u/TooStew	fn9lyqp	C
2020-04-13 07:41:23.969157	u/arquam	fn9m45z	u/Mr-Black_	fn9lzf4	C
2020-04-13 07:41:32.496146	u/ILikeCalpol	fn9m4dh	u/bfindlay22	fn9lw1n	C
2020-04-13 07:41:47.536076	u/Hytashi	fn9m4q5	u/rosey_1	fn9hit2	C
2020-04-13 07:42:27.929815	u/Justamanlolz	fn9m5xo	u/RepostSleuthBot	fn9m39q	C
2020-04-13 07:42:36.936047	u/Thanatos_Rex	fn9m6c9	u/Nubgameplay12	fn9lawu	C
2020-04-13 07:43:17.582087	u/JUULIEJAN	fn9m7zp	u/GameMemesDoritos	fn8facb	C
2020-04-13 07:44:13.222567	u/Bandurcer	fn9ma3d	u/An_average_moron	fn9h688	C
2020-04-13 07:44:17.806118	u/iamdonatello	fn9maeg	u/krabbstone	fn9m8zb	C
2020-04-13 07:44:22.022002	u/Muitertje	fn9manj	u/PokefoxGB	fn99sy2	C
2020-04-13 07:45:23.025697	u/sweatynready2020	fn9mcbq	u/MashTactics	fmiheiy	C
2020-04-13 07:45:38.199441	u/kefir5042	fn9mcqs	u/oh-no-thisisagoodnew	g04lgy	S
2020-04-13 07:46:01.657309	u/DavidJonesLock	fn9me8q	u/Karl_Bowers	fn9m4p3	C
2020-04-13 07:46:18.791681	u/ivanjdevera	fn9mezn	u/Mango_Crepe	fn9kdlk	C
2020-04-13 07:47:09.910052	u/Thebeninho	fn9mh3c	u/randombunchofwords	fn9lvm2	C
2020-04-13 07:48:00.439392	u/mistermuesli	fn9mivm	u/big-fat-fart	fn9a8fn	C
2020-04-13 07:48:25.933170	u/kihiroK	fn9mjsi	u/Corbettcommander	fn9hijj	C
2020-04-13 07:48:27.503069	u/That_One_Weeb132	fn9mjyr	u/dovedevic	fl2izeo	C
2020-04-13 07:48:30.044834	u/Hurjimus1	fn9mjz4	u/LinkBrecken	fn8v3pm	C
2020-04-13 07:49:25.992299	u/godlyhk75	fn9mllp	u/Zumi04	fn9bffq	C
2020-04-13 07:49:54.996499	u/dokuy	fn9mnls	u/WonderCookieee	fn9m8sz	C
2020-04-13 07:49:55.690715	u/macig_oz	fn9mnsc	u/justlookedatmyname	fn9ht5q	C
2020-04-13 07:50:14.187746	u/MathAttackitt	fn9mo5f	u/TowingLife	fn9mjb3	C
2020-04-13 07:50:19.978563	u/lapislazulius	fn9mogc	u/Muitertje	fn9manj	C
2020-04-13 07:50:35.158781	u/Meh38	fn9moud	u/Diamond__Phoenix	fn9k6qo	C
2020-04-13 07:50:50.238866	u/bonjourmesamigos	fn9mp8u	u/mal-Fn	fn9miph	C
2020-04-13 07:50:58.578446	u/IinfinityR	fn9mpug	u/CharmingWeight1	fn9m5gt	C
2020-04-13 07:51:01.914377	u/Abdelilah07	fn9mpv0	u/DarkPrince45AH	fn959m8	C
2020-04-13 07:52:47.900422	u/yuuhless	fn9mtoi	u/uhsnadev	fn9lhlz	C
2020-04-13 07:53:27.022173	u/LongLostMemer	fn9muy7	u/_Silly_Wizard_	fn91er9	C
2020-04-13 07:54:05.308496	u/Kooky_Krazy_Kay	fn9mwh3	u/laughs_with_salad	fn9f5f0	C
2020-04-13 07:54:26.416430	u/Ludde_Pogge	fn9mxrr	u/prophetNL	g0hh3d	S
2020-04-13 07:55:25.040073	u/imnotryuk	fn9mzt6	u/RepostSleuthBot	fn9muiy	C
2020-04-13 07:56:18.380733	u/Snwl_dev	fn9n228	u/The_Meme_Man29	fn9my9r	C
2020-04-13 07:56:30.974374	u/Wubblin	fn9n2es	u/Hot_Sauce3210	fn9mcpn	C
2020-04-13 07:56:39.533718	u/IguanaBits4Sale	fn9n2yx	u/EatButtDrinkNutt	fn9mz76	C
2020-04-13 07:57:07.172436	u/Maskoz	fn9n3xf	u/ZaidS05	fn9h69v	C
2020-04-13 07:57:15.108388	u/scorpion23ha	fn9n40d	u/DarkPrince45AH	fn959m8	C
2020-04-13 07:57:55.279495	u/Memecube01	fn9n5ug	u/kubakuba007	fn9n586	C
2020-04-13 07:58:34.980681	u/Snwl_dev	fn9n7oz	u/The_Meme_Man29	fn9n3zx	C
2020-04-13 07:59:27.191729	u/ExtraordinaryBruh	fn9n9l7	u/darrenbrads123	fn9mn40	C
