2020-03-22 13:00:35.759064	u/Odusei	fl77il9	u/xl-Destinyyy-lx	fl779qm	C
2020-03-22 13:00:49.711516	u/Suwerren	fl77j2a	u/obaming16	fl75htk	C
2020-03-22 13:00:55.778795	u/screejillo	fl77jbp	u/Mr_Rebeller	fl6ppoj	C
2020-03-22 13:00:59.795099	u/master_meme_monk	fl77jch	u/MazieWolf	fl69h1b	C
2020-03-22 13:01:06.154733	u/Siydge	fl77jjh	u/MIRACULOUSFUCKHEAD90	fl6w40p	C
2020-03-22 13:01:27.678137	u/Electroshock14	fl77jza	u/born-a-wolf7650	fl6xood	C
2020-03-22 13:01:31.490952	u/Tian610	fl77k26	u/cactiiboi	fl75tii	C
2020-03-22 13:01:45.916622	u/F_A_T_H_O_M	fl77kcu	u/DonutOlympian	fl6i66s	C
2020-03-22 13:01:51.145881	u/AveragePlus	fl77khi	u/Stunning-Newspaper	fl77651	C
2020-03-22 13:02:33.997662	u/tanzaniansurfowl	fl77lf0	u/Outbreak-Prime	fl778bi	C
2020-03-22 13:03:06.445599	u/DogeThe1	fl77lvw	u/PrayingSlays	fl73ksf	C
2020-03-22 13:03:20.347246	u/lideon16	fl77mfj	u/VirtualAndrew	fl77134	C
2020-03-22 13:03:33.996827	u/SkyBanditS	fl77miu	u/Xploiter_RBLX	fl734vl	C
2020-03-22 13:03:54.582989	u/OverBakedParsnip	fl77mqc	u/dovedevic	fl2izeo	C
2020-03-22 13:03:57.506139	u/MyLastAccGoneIDKwhy	fl77msr	u/only__say__perhaps	fl75z5y	C
2020-03-22 13:04:31.888427	u/Falcongamerabc	fl77o1k	u/BunkerBuster22	fl74g7u	C
2020-03-22 13:04:35.125257	u/Ryv_	fl77o4x	u/Seren541	fl774p3	C
2020-03-22 13:04:38.535364	u/Jabreakit-Jubawdit1	fl77o6f	u/Outbreak-Prime	fl778bi	C
2020-03-22 13:04:40.485514	u/RakketyDash	fl77o8t	u/mr-bond-man-	fl6ypzk	C
2020-03-22 13:04:51.376195	u/Crack_Head69	fl77osg	u/PrayingSlays	fl73ksf	C
2020-03-22 13:05:16.686034	u/supra1012	fl77pc4	u/spoticals	fl6y09p	C
2020-03-22 13:05:47.353841	u/Intellectual-Potato	fl77q3s	u/Eksushaa	fl6qkza	C
2020-03-22 13:06:00.643848	u/GullibleZoomer	fl77qkn	u/GitProbe	fl75yam	C
2020-03-22 13:06:02.435061	u/MovedDiamond3	fl77qko	u/tanzaniansurfowl	fl77lf0	C
2020-03-22 13:06:05.771837	u/Ao1Yamada	fl77qmd	u/tanzaniansurfowl	fl77lf0	C
2020-03-22 13:06:12.376940	u/Alphaz779	fl77qs3	u/G-Rod_V2	fl6yeaw	C
2020-03-22 13:06:21.144901	u/KingARool	fl77r21	u/KubiX4	fl72mbl	C
2020-03-22 13:06:36.853491	u/Skydiazs	fl77rfl	u/ifuckwithpizzacrust	fl76y7a	C
2020-03-22 13:06:41.051319	u/Joycelly	fl77rjh	u/100DicksInYourBum	fl6govh	C
2020-03-22 13:07:01.587360	u/MatthewJJB	fl77sd6	u/iiCheatr	fl76et3	C
2020-03-22 13:07:20.745160	u/Read_It_Kill_Me_Pls	fl78we4	u/3ryan_the_3oss	fl76s53	C
2020-03-22 13:07:27.794602	u/bakchod_ghoda	fl78wpp	u/Gubq	fl5lyk4	C
2020-03-22 13:07:33.635564	u/clomis	fl78wyc	u/KingdesUniversums	fl775vk	C
2020-03-22 13:08:06.308882	u/SleepBeforeWork	fl78xe2	u/Electronic_Cat	fl6n0m1	C
2020-03-22 13:08:39.145368	u/pidgeonatemypidgeon	fl78yfv	u/Necessary-Effect	fl75phr	C
2020-03-22 13:08:51.317963	u/TwipzGR	fl78zbp	u/MrAwesome174	fl6m9ph	C
2020-03-22 13:08:58.807650	u/JulieJules-	fl78zl9	u/srys98	fl78pgf	C
2020-03-22 13:09:01.335630	u/Madstone_returns	fl78ztk	u/ask312	fl775ya	C
2020-03-22 13:09:18.848249	u/Valleyfairfanboy	fl790fs	u/GoDOfSaRcAsM7	fl6l59j	C
2020-03-22 13:09:19.818707	u/kessler_fox	fl790ju	u/Gubq	fl5lg0s	C
2020-03-22 13:09:21.610666	u/Mikay1332	fl790n6	u/OmniMaster837	fl77dvz	C
2020-03-22 13:09:22.462802	u/muttonman320	fl790ng	u/Rich-Word	fl6wfzf	C
2020-03-22 13:09:24.640623	u/elskidaadleskidoodle	fl790xh	u/DangerousArtist7	fl78xiu	C
2020-03-22 13:09:51.502703	u/AChero9	fl791vu	u/Elbers2	fl75nkc	C
2020-03-22 13:09:58.480021	u/imunchchildren	fl7927h	u/woodendoors7	fl78xg9	C
2020-03-22 13:10:05.821731	u/indecisive_parallels	fl792ge	u/DiverseHaddock5	fl6jpsv	C
2020-03-22 13:10:09.453144	u/ShootingAllDay88	fl792io	u/williamdope8	fl777u9	C
2020-03-22 13:10:25.336764	u/RES_KnowsYourSins	fl79316	u/Elbers2	fl75nkc	C
2020-03-22 13:10:29.252070	u/milejdyvan	fl7934n	u/G-Rod_V2	fl791tq	C
2020-03-22 13:10:32.783213	u/Broday_toblerone	fl7936s	u/WrathMachina	fl6y40d	C
2020-03-22 13:10:37.999016	u/Da-Real-Whomst	fl793bx	u/Lusamyne	fl5xdv7	C
2020-03-22 13:10:47.389639	u/ethanthehut	fl793og	u/Http-Chief	fl5rwnc	C
2020-03-22 13:11:05.706854	u/gamerboi6969	fl794ah	u/Bubblykit	fl77d2f	C
2020-03-22 13:11:20.892044	u/FrostyFox666	fl794hp	u/Gsomethepatient	fl6i5rj	C
2020-03-22 13:11:24.426184	u/Mr_Pingu_Nootkins	fl794k4	u/Holzinator007	fl6ktlu	C
2020-03-22 13:12:07.343249	u/tungplaygame	fl7954k	u/CTGRW_30477953419	fl6r4hk	C
2020-03-22 13:12:13.487013	u/DawsonFourTwenty	fl7958j	u/random-pineapple420	fl6vqoj	C
2020-03-22 13:12:17.233424	u/MetalSaturn8727	fl795ba	u/RepostSleuthBot	fl793c3	C
2020-03-22 13:12:54.798352	u/xXx_Rh10_xXx	fl795xw	u/king_george88	fl5xhsb	C
2020-03-22 13:13:02.081538	u/WhatItzJake	fl7968g	u/Comic_15	fl669jt	C
2020-03-22 13:13:29.817628	u/MCJon6	fl796z0	u/RepostSleuthBot	fl795h4	C
2020-03-22 13:13:35.866441	u/astrocat109	fl7975q	u/BluRevealing	fl76lu9	C
2020-03-22 13:13:53.005192	u/Razerlwolf	fl797ka	u/Elbers2	fl75nkc	C
2020-03-22 13:13:58.620735	u/icykingsley	fl797mr	u/unclerico589	fl77b0m	C
2020-03-22 13:14:28.648926	u/JimmyNeutron8000	fl798mt	u/dudumm	fl751ty	C
2020-03-22 13:14:38.615862	u/Nedster82	fl798xl	u/Mr_Rebeller	fl6pykv	C
2020-03-22 13:14:41.913954	u/n1ghteye	fl7991f	u/Necessary-Effect	fl74kaa	C
2020-03-22 13:14:43.968325	u/Genius323	fl79935	u/Random__guy_	fl6rfzp	C
2020-03-22 13:14:49.514401	u/joseph_yau	fl799b1	u/Weiplayz	fl797l2	C
2020-03-22 13:14:51.439074	u/Taraxacum360	fl799c8	u/random-pineapple420	fl6vqoj	C
2020-03-22 13:15:03.172729	u/kitkat8475	fl799xe	u/Fjallmar	fl6qrvj	C
2020-03-22 13:15:14.811422	u/Divyam69420	fl79a3q	u/OmniMaster837	fl77dvz	C
2020-03-22 13:15:30.276120	u/Jojo_Addicted	fl79a89	u/Gaminggod8	fl6ux3y	C
2020-03-22 13:15:32.243996	u/Chasity_3426	fl79aaa	u/NinjaCheetah	fl772yk	C
2020-03-22 13:15:37.591560	u/theendr	fl79afa	u/AutoModerator	fl72rra	C
2020-03-22 13:15:41.189317	u/a-snakey	fl79ak8	u/DonutOlympian	fl6i66s	C
2020-03-22 13:16:18.353855	u/CrimsonTweedle	fl79bvf	u/karty135	fl6wvxw	C
2020-03-22 13:16:36.360864	u/AydenRules	fl79cep	u/G-Rod_V2	fl797x6	C
2020-03-22 13:16:42.020686	u/lunaandstellamemes	fl79cld	u/frozenn_butter	fl75m5j	C
2020-03-22 13:16:49.475169	u/Cholox12	fl79cy9	u/LuckyDiAmond1234	fl7596s	C
2020-03-22 13:17:05.519449	u/Ov_JawbreakerX	fl79dj4	u/depresso_espresso2	fl77zkm	C
2020-03-22 13:17:16.754501	u/Niko1092a	fl79e9g	u/ask312	fl77kv1	C
2020-03-22 13:17:21.575945	u/OmgAvy	fl79eh1	u/Read_It_Kill_Me_Pls	fl7942m	C
2020-03-22 13:17:25.122970	u/MrHunterGames	fl79ekg	u/nathenot	fl78eb6	C
2020-03-22 13:17:38.279775	u/Thatkidwithametalleg	fl79f2z	u/RepostSleuthBot	fl6peb3	C
2020-03-22 13:17:53.031785	u/UnderWorld11	fl79fu3	u/frozenn_butter	fl75m5j	C
2020-03-22 13:18:16.209877	u/Phoenix15680	fl79h55	u/Xploiter_RBLX	fl79cbw	C
2020-03-22 13:18:29.954466	u/Dat-Boi-is-dead	fl79hj0	u/Stunning-Newspaper	fl7978z	C
2020-03-22 13:18:45.550779	u/100yearoldgay	fl79i8n	u/Necessary-Effect	fl74kaa	C
2020-03-22 13:19:03.076834	u/Online_Echo	fl79j3d	u/Potatotheooflord	fl5lx1y	C
2020-03-22 13:19:12.363697	u/Rayan-kamil	fl79jsc	u/DecentOpposum18	fl78kuj	C
2020-03-22 13:19:21.421638	u/Ms-Kate	fl79kam	u/dntfcknvapeondapizza	fl6e4x1	C
2020-03-22 13:19:23.247843	u/okkedeleng	fl79kf8	u/britkneefishee	fl6wej3	C
2020-03-22 13:19:25.393901	u/Hishira	fl79kil	u/JulieJules-	fl78zl9	C
2020-03-22 13:19:27.528641	u/zironofsetesh	fl79kpx	u/duckyman0203	fl75i23	C
2020-03-22 13:19:38.632729	u/Pukilukiii	fl79lfh	u/OmgAvy	fl79eh1	C
2020-03-22 13:19:43.004078	u/Polatis_Leon	fl79lln	u/Elbers2	fl75nkc	C
2020-03-22 13:19:57.060121	u/XbluesackboyX	fl79m02	u/HaruTheSweetOne	fl6ss3m	C
2020-03-22 13:19:58.290265	u/colt_master96	fl79m5x	u/Electroshock14	fl7825f	C
2020-03-22 13:20:07.820503	u/McChexMix	fl79mcw	u/Gqrry123	fl77fff	C
2020-03-22 13:20:14.441109	u/Retard-69	fl79mi5	u/depresso_espresso2	fl798x8	C
2020-03-22 13:20:16.946600	u/notmyname5670	fl79mjr	u/Orryhurt	fl76z1e	C
2020-03-22 13:20:19.498356	u/brazen12	fl79mk4	u/lshqpyari	fl5oq3w	C
2020-03-22 13:21:34.905822	u/ggclay	fl79occ	u/Hypererra	fl6yt2y	C
2020-03-22 13:21:38.470863	u/That_lag_Thot	fl79oem	u/AutoModerator	fl7981k	C
2020-03-22 13:21:53.885713	u/last-remaining-me	fl79ovm	u/davaug	fl79li0	C
2020-03-22 13:21:57.276952	u/lifeofwill	fl79oxy	u/jc3av1c45kq3	fl790p8	C
2020-03-22 13:22:00.638724	u/delete_techies	fl79p2d	u/random-pineapple420	fl6wz1k	C
2020-03-22 13:22:12.972836	u/Axlman9000	fl79pi7	u/Shut_up_Alice	fk24qek	C
2020-03-22 13:22:15.264193	u/KyleMidnight	fl79pmd	u/trashkan27	fl79gf1	C
2020-03-22 13:22:18.999769	u/0saran	fl79po5	u/Xploiter_RBLX	fl784ah	C
2020-03-22 13:22:24.966006	u/Moffattk	fl79ps8	u/meaux253	fl76jt9	C
2020-03-22 13:23:19.994916	u/TheRealAesthetic	fl79s52	u/MazieWolf	fl7411q	C
2020-03-22 13:23:24.504410	u/TheDizzle87	fl79s7q	u/wsupmanibba	fl79hik	C
2020-03-22 13:23:36.975725	u/Stikky_Rice	fl79si8	u/DonutOlympian	fl6i66s	C
2020-03-22 13:23:39.176954	u/Frawgsssss	fl79sj2	u/Sorenskull	fl6o1jw	C
2020-03-22 13:23:59.250123	u/XSplode	fl79t12	u/jamisoniscool	fl6txji	C
2020-03-22 13:24:03.554793	u/md28usmc	fl79t69	u/dovedevic	fl79qf1	C
2020-03-22 13:24:18.321294	u/bobrossermans	fl79tfl	u/depresso_espresso2	fl77zkm	C
2020-03-22 13:24:27.953266	u/reallyausername	fl79tsw	u/AutoModerator	fl4rg2s	C
2020-03-22 13:24:33.552976	u/Anemixyeetuz	fl79ty0	u/Genius323	fl79935	C
2020-03-22 13:24:35.725383	u/waterskiandhike	fl79tye	u/selcukbulut	fl6gq1r	C
2020-03-22 13:24:40.271921	u/Kim_Jong_Jeff	fl79u2i	u/Taint-Thinner	fl76q32	C
2020-03-22 13:24:50.525562	u/scorpion2037	fl79uco	u/OmgAvy	fl79eh1	C
2020-03-22 13:24:54.781679	u/Landurp	fl79ufj	u/lshqpyari	fl5oq3w	C
2020-03-22 13:24:59.175921	u/Kmcb4406	fl79un0	u/thatonepieceofsith	fl74ydx	C
2020-03-22 13:25:24.634113	u/Deity_Mystic	fl79v2g	u/Spi4123	fmww0n	S
2020-03-22 13:25:39.019102	u/no-braincells	fl79vjy	u/HellcatGamer123	fl69ywf	C
2020-03-22 13:25:40.877258	u/Talvi_Thunder	fl79vku	u/Xploiter_RBLX	fl74087	C
2020-03-22 13:25:43.965431	u/SpanAceh	fl79vq8	u/RepostSleuthBot	fl79188	C
2020-03-22 13:26:05.151845	u/FerencS	fl79wkv	u/Lucas_Islas	fl6wcsp	C
2020-03-22 13:26:08.832316	u/pnutbutter-the-pig	fl79wsh	u/kessler_fox	fl79v14	C
2020-03-22 13:26:21.231956	u/shushpen	fl79wwe	u/KyleMidnight	fn1vnr	S
2020-03-22 13:26:38.674806	u/SwordNPika657	fl79xaq	u/zebbojojo	fl77pzk	C
2020-03-22 13:26:42.491735	u/TeamZoellaForever	fl79xd0	u/Xploiter_RBLX	fl79t9t	C
2020-03-22 13:26:44.184277	u/LilGoughy	fl79xda	u/Elbers2	fl75nkc	C
2020-03-22 13:26:56.036721	u/HParadox	fl79xjz	u/Muffin2002	fl6uaha	C
2020-03-22 13:27:02.267710	u/theLeoKing11	fl79xqt	u/AzaBlanta	fl78w5u	C
2020-03-22 13:27:04.040981	u/monseweb2100	fl79xrg	u/1dEpREsSEdGAmEr	fl74b68	C
2020-03-22 13:27:05.721239	u/BleachedRabb1t	fl79xrq	u/PrayingSlays	fl73ksf	C
2020-03-22 13:27:21.937844	u/ARNisUsername	fl79y3m	u/keep__scrolling	fl78cbv	C
2020-03-22 13:27:25.382829	u/Decidueyebestpokemon	fl79yhv	u/born-a-wolf7650	fl6xood	C
2020-03-22 13:27:33.318260	u/IffySaiso	fl79yvt	u/Grathmar	fl75nvf	C
2020-03-22 13:27:39.451972	u/steneezzee	fl79z4v	u/MySwordingThrowbacks	fl6s9j3	C
2020-03-22 13:27:47.509323	u/Ph4nt0m_Hydra1	fl79zc3	u/Communist-Pooch	fn2u03	S
2020-03-22 13:27:52.565451	u/defohuman	fl79zf4	u/W1CK3D-D0G	fl79ccd	C
2020-03-22 13:27:54.861041	u/Peachseeker123	fl79zjw	u/Kmcb4406	fl79un0	C
2020-03-22 13:28:01.950292	u/mayneffs	fl79zyj	u/notmyname5670	fl79oq9	C
2020-03-22 13:28:37.961505	u/AlaS_Is_FAT	fl7a1ey	u/muttonman320	fl76x3u	C
2020-03-22 13:28:39.342621	u/senior_spidey	fl7a1fe	u/apexsimz	fl6o9kr	C
2020-03-22 13:28:40.596659	u/maninblakkk	fl7a1fw	u/Mango_Crepe	fl742h8	C
2020-03-22 13:28:45.959670	u/Sharkcoolness	fl7a1zn	u/n1ghteye	fl7991f	C
2020-03-22 13:28:51.978853	u/hoi4_is_a_good_game	fl7a27e	u/RepostSleuthBot	fl78e18	C
2020-03-22 13:28:54.058165	u/ZaidAmm	fl7a2f6	u/greatking6009	fl6ssvh	C
2020-03-22 13:28:59.783645	u/stich3sis	fl7a2pe	u/born-a-wolf7650	fl6xood	C
2020-03-22 13:29:02.262714	u/Just_For_Dem_Memes	fl7a2sy	u/S0me_B0i	fl79nun	C
2020-03-22 13:29:12.127718	u/unclassifiedrandom	fl7a2xn	u/Read_It_Kill_Me_Pls	fl7942m	C
2020-03-22 13:29:14.120529	u/Nelfin-8	fl7a2y7	u/leaderofthevirgins	fl79reg	C
2020-03-22 13:29:16.837321	u/dinus-pl	fl7a30k	u/gentlebass	fl79zzs	C
2020-03-22 13:29:52.145304	u/elizabethsproctor	fl7a4gv	u/JealousDog99	fl79xxn	C
2020-03-22 13:29:53.228200	u/ManWithoutNoPlan	fl7a4ku	u/LuckyDiAmond1234	fl758ey	C
2020-03-22 13:29:53.768487	u/adamcrisp97	fl7a4kx	u/Razerlwolf	fl797ka	C
2020-03-22 13:30:09.989807	u/potet2	fl7a545	u/The_Demonic_Duck	fl79nxa	C
2020-03-22 13:30:13.928200	u/Kittyoko_Kirigiri	fl7a557	u/Muffin2002	fl6uaha	C
2020-03-22 13:30:17.541584	u/ameanderthal	fl7a5c7	u/Xploiter_RBLX	fl76ixi	C
2020-03-22 13:30:23.753584	u/schlangecalo	fl7a5gd	u/PrayingSlays	fl73ksf	C
2020-03-22 13:30:28.593223	u/Grizzly_228	fl7a5j2	u/Hypererra	fl6yoh7	C
2020-03-22 13:30:39.820735	u/Broiled_Beans	fl7a5rq	u/RepostSleuthBot	fl7a4s6	C
2020-03-22 13:30:52.987192	u/PQjunior	fl7a6al	u/ThiccDucksAndBooks	fl78fhh	C
2020-03-22 13:31:17.789815	u/Nersius	fl7a714	u/Elbers2	fl75nkc	C
2020-03-22 13:31:51.417011	u/dubberruckyyy	fl7a8dx	u/AutoModerator	fkwhctj	C
2020-03-22 13:31:57.332014	u/marvincarvin	fl7a8iw	u/Potatotheooflord	fl6xowd	C
2020-03-22 13:32:11.831117	u/foxfurp	fl7a8pn	u/Get-Vectored	fl771ln	C
2020-03-22 13:32:23.405740	u/Jokes_19	fl7a8z4	u/fiisntannoying	fl70xse	C
2020-03-22 13:32:26.709319	u/riulenn	fl7a91p	u/The_Grim_Bastard	fl7662w	C
2020-03-22 13:32:33.585764	u/the_Hindri	fl7a94i	u/Stunning-Newspaper	fl79gwc	C
2020-03-22 13:33:09.578725	u/RubyPenta	fl7aaaa	u/Count_Ling	fl6mjda	C
2020-03-22 13:33:22.225178	u/coopjoop729572	fl7aau2	u/100yearoldgay	fl79i8n	C
2020-03-22 13:33:27.963266	u/kgaudr	fl7ab42	u/RES_KnowsYourSins	fl79316	C
2020-03-22 13:34:08.742958	u/Mr_Schrute59840	fl7bl4x	u/why-thooo	fl78mz4	C
2020-03-22 13:34:16.160047	u/heythanksihateit	fl7blae	u/AVeryVerySadPerson	fl7b1p8	C
2020-03-22 13:34:20.091507	u/Apart-Responsibility	fl7blfi	u/Dat-Boi-is-dead	fl79hj0	C
2020-03-22 13:34:32.252423	u/bilsarius	fl7bltd	u/Pannenkoek420	fl6p3zw	C
2020-03-22 13:34:56.226074	u/LegionGold	fl7bmqv	u/Starwarsmemes13	fl784bd	C
2020-03-22 13:35:11.955752	u/BarbarianGhost	fl7bn7p	u/Elbers2	fl75nkc	C
2020-03-22 13:35:16.338728	u/MegaDinosaur108	fl7bncr	u/YONVNVDA	fl77lpw	C
2020-03-22 13:35:47.449610	u/jazznpickles	fl7boqn	u/spoticals	fl6y09p	C
2020-03-22 13:35:49.384754	u/BurntChickenNugget3	fl7borg	u/zebbojojo	fl6wpeg	C
2020-03-22 13:36:03.845947	u/Jose0412	fl7bp9e	u/KyleMidnight	fl73b47	C
2020-03-22 13:36:07.963108	u/SirGocell	fl7bpfa	u/woodendoors7	fl5ih0y	C
2020-03-22 13:36:09.920114	u/Plasma294	fl7bph5	u/DawsonFourTwenty	fl7958j	C
2020-03-22 13:36:12.885433	u/AgentPerry07	fl7bpjt	u/Tru_Drone_Videos	fl7blfr	C
2020-03-22 13:36:23.531878	u/PlatinumEmperium	fl7bpyr	u/Anykla	fl6j5q2	C
2020-03-22 13:36:25.364070	u/nathangotredditpage	fl7bq1b	u/Decidueyebestpokemon	fl79z4l	C
2020-03-22 13:36:29.074385	u/kejpies	fl7bq5w	u/NeitherHost7	fl6yzb0	C
2020-03-22 13:36:34.272661	u/Yampace	fl7bq9o	u/Zer0M0ti0nless	fl64cow	C
2020-03-22 13:36:38.419533	u/SirFlufDog	fl7bqem	u/Undertilted	fl7av5l	C
2020-03-22 13:36:44.537211	u/Flyingbobb01	fl7bqik	u/Kind-Pop	fl3zlqu	C
2020-03-22 13:36:46.446788	u/unreadysoup8643	fl7bqjx	u/KubiX4	fl75wrf	C
2020-03-22 13:36:50.860998	u/headisclean	fl7bqov	u/keep__scrolling	fl786bf	C
2020-03-22 13:37:14.631186	u/BeyondDusk	fl7brk9	u/AutoModerator	fl7bj2o	C
2020-03-22 13:37:19.436100	u/santiiiiiiiiiiiii	fl7brpk	u/Elbers2	fl75nkc	C
2020-03-22 13:37:32.109950	u/Kajninja13	fl7brz8	u/maninblakkk	fl7a1fw	C
2020-03-22 13:37:42.627311	u/My-Long-Schlong	fl7bsej	u/Stunning-Newspaper	fl79qjj	C
2020-03-22 13:37:47.687513	u/jaocraftbr	fl7bsim	u/RepostSleuthBot	fl6qrcu	C
2020-03-22 13:37:49.364163	u/cabeaver	fl7bsj8	u/master_meme_monk	fl78iwh	C
2020-03-22 13:37:58.444736	u/Starkitten_101	fl7bt1r	u/AutoModerator	fl54r14	C
2020-03-22 13:38:12.864577	u/leftwing_rightist	fl7btuq	u/CamtheRulerofAll	fl798ez	C
2020-03-22 13:38:19.815153	u/BenBeau73	fl7btyv	u/the_Hindri	fl7bi6m	C
2020-03-22 13:38:23.461421	u/SPLASHBR034	fl7bu5l	u/WhereIsWalmart	fl5g156	C
2020-03-22 13:38:26.868765	u/Hanny_30060	fl7bucq	u/zebbojojo	fl7bsjt	C
2020-03-22 13:38:32.490106	u/Niklaus0279	fl7bul0	u/G-Rod_V2	fl71f0i	C
2020-03-22 13:39:00.902073	u/UsernameInUseNow	fl7bwce	u/Sun_Beams	fjjnfum	C
2020-03-22 13:39:07.212008	u/PM_meSpongebobQuotes	fl7bwok	u/RepostSleuthBot	fl6peb3	C
2020-03-22 13:39:16.902256	u/ThiqqMuffin	fl7bxbo	u/Genius323	fl7b3dz	C
2020-03-22 13:39:29.415035	u/CasualFBIAgent	fl7bxq8	u/Stunning-Newspaper	fl79tcl	C
2020-03-22 13:39:32.398530	u/Hogie__	fl7bxqu	u/BeyondDusk	fl7buxf	C
2020-03-22 13:40:17.397277	u/ThatOneBasicUser	fl7bzsk	u/AutoModerator	fl7buda	C
2020-03-22 13:40:19.757144	u/SolarKool11	fl7bzsw	u/UD_1680	fl76nku	C
2020-03-22 13:40:23.664971	u/originalchickenslut	fl7bzyi	u/jakeridd22	fl6a8pw	C
2020-03-22 13:40:28.515386	u/hisbeer	fl7c034	u/JulieJules-	fl7b3ge	C
2020-03-22 13:40:31.022835	u/thisidntpunny	fl7c03f	u/OP_0-0-0_dart_monkey	fl6f0le	C
2020-03-22 13:41:14.636715	u/notpumpkinpie	fl7c16r	u/Samleuning	fl7bhg5	C
2020-03-22 13:41:45.154748	u/-m-m-m--m	fl7c1wn	u/Elbers2	fl75nkc	C
2020-03-22 13:41:49.778617	u/Smooth_Detective	fl7c25j	u/Just_For_Dem_Memes	fl7a2sy	C
2020-03-22 13:42:08.841192	u/Didilusse	fl7c322	u/RepostSleuthBot	fl7c1c7	C
2020-03-22 13:42:33.795391	u/GamerProducts4	fl7c49c	u/md_memelord	fl6ukkx	C
2020-03-22 13:42:39.537990	u/Skull_wind	fl7c4ds	u/The_night_camel	fl6cgwo	C
2020-03-22 13:42:49.051591	u/TyrantWrld	fl7c4jy	u/Crack_Head69	fl77osg	C
2020-03-22 13:43:27.113630	u/MLG_Obardo	fl7c5jg	u/BlueDragon1813	fl79vqm	C
2020-03-22 13:43:39.831083	u/Mr_Midnight_Moon	fl7c5q7	u/Reddinator64	fl73mtp	C
2020-03-22 13:43:50.188365	u/garo1212	fl7c61g	u/sexiypaki	fl721wu	C
2020-03-22 13:44:16.454579	u/yuvraj_104	fl7c6sh	u/Mr_Rebeller	fl6pykv	C
2020-03-22 13:44:18.653952	u/voitrien	fl7c6tp	u/Bravo-50	fl79xt3	C
2020-03-22 13:44:36.413818	u/Ikillesuper	fl7c7a5	u/InconspicuousVulture	fl5pvxx	C
2020-03-22 13:44:45.033154	u/SpecialOneOnReddit	fl7c7hc	u/Donutrz	fl75g1u	C
2020-03-22 13:44:52.162519	u/yikeryeeterman69	fl7c7uj	u/jackfinch69	fl75xqq	C
2020-03-22 13:45:12.154019	u/BoneHead796	fl7c8ln	u/M4rkoz	fl7bmd5	C
2020-03-22 13:45:27.684011	u/Ruger1387	fl7c9sa	u/MrNarfal	fl78sad	C
2020-03-22 13:45:29.635004	u/IKnowWhatYouDidMum	fl7c9u6	u/G-Rod_V2	fl7915q	C
2020-03-22 13:45:38.741651	u/egg-time-boys	fl7ca66	u/be-gon-boomers	fl7c95v	C
2020-03-22 13:45:46.674002	u/Pando-Xiloscient	fl7can7	u/The_Grim_Bastard	fl7662w	C
2020-03-22 13:45:56.783054	u/black-kittie	fl7cb3b	u/The_Grim_Bastard	fl7662w	C
2020-03-22 13:46:13.447779	u/unXpected69	fl7cbki	u/Kale_____	fl7c6kl	C
2020-03-22 13:46:15.354359	u/Reaqzehz	fl7cblm	u/harbac	fl720hm	C
2020-03-22 13:46:42.211150	u/milk_connoisseur23	fl7cbzi	u/TemoFawwaz	fl7c7lx	C
2020-03-22 13:46:44.094330	u/Dragon_on_Weed	fl7cc2d	u/notmyname5670	fl79mjr	C
2020-03-22 13:46:59.255187	u/Miniature_Brain	fl7ccmt	u/XB2006	fl7a656	C
2020-03-22 13:47:14.854465	u/Red0rWhite1407	fl7cde9	u/RepostSleuthBot	fl7bxdm	C
2020-03-22 13:47:24.621604	u/shinobi_of_the_leaf1	fl7cdq6	u/krisjanssen	fl75swg	C
2020-03-22 13:47:39.292933	u/Kys4	fl7ce75	u/TwigLadBoi	fl6uifo	C
2020-03-22 13:47:54.849116	u/planesqaud63	fl7cevi	u/NoobSwifty	fn3bv7	S
2020-03-22 13:47:58.803026	u/ENDZZZ16	fl7cf2a	u/CpTKugelHagel	fl6qraa	C
2020-03-22 13:48:03.299744	u/ZwillingStain	fl7cfcd	u/Exxzzos	fl72zuz	C
2020-03-22 13:48:07.533627	u/BlueishBite	fl7cfjj	u/PrayingSlays	fl73ksf	C
2020-03-22 13:48:09.777345	u/hoostave	fl7cfp5	u/Apart-Responsibility	fl7blfi	C
2020-03-22 13:48:28.964429	u/Itsme1482	fl7cgla	u/PrayingSlays	fl73ksf	C
2020-03-22 13:48:31.337075	u/TheMediumJanet	fl7cgm5	u/NeatTealn	fl7brk3	C
2020-03-22 13:48:33.993474	u/FakeHoly	fl7cgot	u/JulieJules-	fl7b3ge	C
2020-03-22 13:48:36.748456	u/J_Knight03	fl7cgvw	u/potet2	fl7a545	C
2020-03-22 13:48:47.601749	u/SCRebel2005	fl7chg9	u/HATECELL	fl6m971	C
2020-03-22 13:48:51.520049	u/Newoh14	fl7chjd	u/Elbers2	fl75nkc	C
2020-03-22 13:48:58.109959	u/xxBaconOnAStickxx	fl7chva	u/RES_KnowsYourSins	fl79316	C
2020-03-22 13:49:12.467606	u/Ra1n69	fl7cija	u/Elbers2	fl75nkc	C
2020-03-22 13:49:13.592798	u/lazybitch132	fl7cijy	u/My-Long-Schlong	fl7c3p3	C
2020-03-22 13:49:15.854776	u/castillo9	fl7cinu	u/MegaGamingGecko44	fl73144	C
2020-03-22 13:49:25.553385	u/eonses	fl7cj8g	u/KubiX4	fl764u4	C
2020-03-22 13:49:28.320569	u/Rami-Rator	fl7cjhl	u/Rayan-kamil	fl79jsc	C
2020-03-22 13:49:31.763887	u/ahoneybadger3	fl7cjne	u/Moffattk	fl79ps8	C
2020-03-22 13:49:37.843506	u/RevolutionaryFish5	fl7ck5z	u/RepostSleuthBot	fl78e18	C
2020-03-22 13:49:43.879012	u/Lord_Anxiety	fl7cksw	u/gg2645	fl57mmo	C
2020-03-22 13:49:58.975502	u/Kratosbinzeus	fl7clqy	u/SirFlufDog	fl7bqem	C
2020-03-22 13:50:08.810519	u/daanbanaan89	fl7cm1t	u/be-gon-boomers	fl7b7ck	C
2020-03-22 13:50:16.092484	u/MrCleansed	fl7cmha	u/planesqaud63	fl7cbju	C
2020-03-22 13:50:22.668865	u/_Zamalekies	fl7cmld	u/RepostSleuthBot	fl7cc4j	C
2020-03-22 13:50:37.648727	u/JupitersReddit	fl7cn4g	u/Apart-Responsibility	fl7bifw	C
2020-03-22 13:51:01.317331	u/Gooey_G42069	fl7cnxl	u/Http-Chief	fl5hmev	C
2020-03-22 13:51:39.318789	u/NunoGavazzi	fl7coyc	u/Moffattk	fl79ps8	C
2020-03-22 13:51:48.101152	u/Falafelfreak	fl7cp43	u/Apart-Responsibility	fl7c6oe	C
2020-03-22 13:52:28.929269	u/k2dadub	fl7cql5	u/Hemlock_Deci	fl7ayc1	C
2020-03-22 13:52:39.267675	u/CJ-Moon	fl7cqy1	u/Gubq	fl5lg0s	C
2020-03-22 13:52:57.458509	u/WellMyNameIsTaken	fl7crs7	u/UsernameInUseNow	fl7cggk	C
2020-03-22 13:53:02.232050	u/NiceTry_765	fl7crvd	u/the_Hindri	fl7c78x	C
2020-03-22 13:53:17.943375	u/PrimeParzival	fl7cs44	u/ThiqqMuffin	fl7bxbo	C
2020-03-22 13:53:31.547124	u/yzrkash	fl7cst9	u/Plasma294	fl7bph5	C
2020-03-22 13:53:48.706706	u/teddyisbaked	fl7cti5	u/Kittyoko_Kirigiri	fl7cayj	C
2020-03-22 13:53:54.801916	u/CamoShado	fl7ctme	u/Return_to_the_Abyss	fl7bqfg	C
2020-03-22 13:54:10.953150	u/helpme123boom	fl7cu2g	u/sliferra	fl6faou	C
2020-03-22 13:55:18.564647	u/every-man-ever	fl7cwke	u/krishkalra43	fl7cq7o	C
2020-03-22 13:55:35.704778	u/blong0318007	fl7cxbg	u/MrNarfal	fl78sad	C
2020-03-22 13:55:53.229852	u/Monumental-brain	fl7cxy6	u/Nelfin-8	fl7a2y7	C
2020-03-22 13:56:03.632904	u/AgentSurvivor	fl7cy9j	u/CamtheRulerofAll	fl79enc	C
2020-03-22 13:56:14.899122	u/Luciel_Melike	fl7cyne	u/Dr-W4ts0n	fl6szrx	C
2020-03-22 13:56:30.147514	u/i_have_depressed	fl7cz8t	u/Kind-Pop	fl3zlqu	C
2020-03-22 13:56:37.611767	u/Indeed_So	fl7czjr	u/tomatomater	fl7a2kd	C
2020-03-22 13:56:44.578561	u/RussianCheeseDood	fl7czy5	u/iexist3	fl6w58w	C
2020-03-22 13:56:49.440919	u/luushi	fl7czzv	u/AutoModerator	fl6cwtd	C
2020-03-22 13:56:53.949604	u/yellow-yolk	fl7d092	u/Sarcasticcrab	fl7a1bu	C
2020-03-22 13:56:57.482256	u/jigMerryjr	fl7d0e9	u/random-pineapple420	fl6vqoj	C
2020-03-22 13:57:00.093992	u/potatonice	fl7d0gy	u/x___that-one-guy___x	fl6t3qj	C
2020-03-22 13:57:11.246815	u/marnott4004	fl7d0vt	u/jimbothebimbo92	fl6p1xp	C
2020-03-22 13:57:13.868640	u/willthewhale777	fl7d138	u/YONVNVDA	fl77lpw	C
2020-03-22 13:57:22.726936	u/mensamlol	fl7d1ch	u/planesqaud63	fl7cye2	C
2020-03-22 13:57:45.604221	u/cheatersstealmyname	fl7d31m	u/AutoModerator	fl73jvo	C
2020-03-22 13:57:49.530606	u/Day_Bunny05	fl7d37u	u/Lunar_Banshee	fl6t5kt	C
2020-03-22 13:58:04.390072	u/cpobrien2	fl7d48o	u/DonutOlympian	fl6i66s	C
2020-03-22 13:58:07.618439	u/John-333	fl7d4fj	u/CrimsonTweedle	fl79bvf	C
2020-03-22 13:58:12.579682	u/nifeorbs	fl7d4qy	u/TheRichSeries	fl78gyc	C
2020-03-22 13:58:14.086020	u/AsortoReddits	fl7d4rx	u/Razerlwolf	fl7asx9	C
2020-03-22 13:58:21.625603	u/SleepingShinobi	fl7d4y1	u/AutoModerator	fl7crct	C
2020-03-22 13:58:33.005500	u/LMAO_ZEDONG769	fl7d5g9	u/newaccountoldwashack	fl7alof	C
2020-03-22 13:58:42.280494	u/SAVAGE-DOGG	fl7d5jl	u/thisidntpunny	fl7bwrq	C
2020-03-22 13:58:43.663424	u/Bigg-Ol-Boy	fl7d5jk	u/Respect_Paying_Bot	fl7cwqd	C
2020-03-22 13:58:45.988109	u/NovaX31	fl7d5pr	u/Ao1Yamada	fl77qmd	C
2020-03-22 13:58:49.884760	u/Michalon003	fl7d5t0	u/MisterPhister101	fl744de	C
2020-03-22 13:58:53.580673	u/Rene_Russos_Red_Bush	fl7d5ya	u/CamtheRulerofAll	fl7c1ls	C
2020-03-22 13:58:55.555593	u/Quintium	fl7d60m	u/hisbeer	fl7c034	C
2020-03-22 13:59:02.459893	u/spidermaniscool98	fl7d6bz	u/Elbers2	fl75nkc	C
2020-03-22 13:59:06.794094	u/sai_teja_	fl7d6hl	u/random-pineapple420	fl6vqoj	C
2020-03-22 13:59:31.528659	u/explodingmilk	fl7d7ok	u/adamcrisp97	fl7a4kx	C
2020-03-22 13:59:33.045727	u/Arkelynmainy	fl7d7wm	u/MLG_Obardo	fl7c5jg	C
2020-03-22 13:59:36.664043	u/MVDSW	fl7d800	u/Lord_Anxiety	fl7cksw	C
2020-03-22 13:59:56.824658	u/MemezLIB	fl7d8jr	u/RepostSleuthBot	fl7bydb	C
2020-03-22 13:59:57.692152	u/MarnickBeer01	fl7d8qk	u/Parnell28	fl7ap9d	C
2020-03-22 13:59:58.427634	u/A_Gringo666	fl7d8xk	u/Kind-Pop	fl3zlqu	C
2020-03-22 13:59:59.473208	u/thallusphx	fl7d92c	u/thelonelygenuis	fl7a0xm	C
