2020-04-14 19:00:03.968282	u/markysss23	fnfb2x6	u/pintango	fnewj9d	C
2020-04-14 19:00:09.471547	u/notSipherrus	fnfb33n	u/hekilledme	fnd5fld	C
2020-04-14 19:01:29.023053	u/fredsksksksk	fnfb6mf	u/Zaiat1998	fnem5d6	C
2020-04-14 19:02:14.191295	u/TannenF	fnfb7z1	u/Roamer101	fnepzme	C
2020-04-14 19:02:16.549102	u/mcslinplay	fnfb7zu	u/RepostSleuthBot	fnfagqj	C
2020-04-14 19:02:44.560304	u/Skiexx	fnfb8pr	u/Zomby_Boi	fnf2h2p	C
2020-04-14 19:04:32.584349	u/Caydes_Avenger	fnfbc78	u/IAteBaconToday	fnep8hh	C
2020-04-14 19:04:44.137468	u/TheVulcan04	fnfbcek	u/H0mlezz	fnevjl2	C
2020-04-14 19:05:10.290919	u/goodvibesforever17	fnfbdgm	u/kaminari69	fnf1sm9	C
2020-04-14 19:05:26.247580	u/PopeRegeaman	fnfbdvp	u/absolutemuppet_	fnf0yij	C
2020-04-14 19:05:30.116386	u/PassDaPepperPasta	fnfbe32	u/RepostSleuthBot	fnfbck0	C
2020-04-14 19:05:48.962278	u/Bunkles-great-dunkle	fnfbezz	u/Old-Response	fne4q0h	C
2020-04-14 19:06:00.328422	u/obiwade	fnfbfsi	u/SurferKid94	fnesaey	C
2020-04-14 19:06:29.673562	u/PilotLodge	fnfbh2y	u/PurpleFirebolt	fnfbdl0	C
2020-04-14 19:06:31.595421	u/ElderlyRumble	fnfbh8h	u/FISH_GAMING_OFFICIAL	fnettm2	C
2020-04-14 19:06:59.072413	u/EpicRedditor666	fnfbifm	u/zerehx	fndvz2c	C
2020-04-14 19:07:07.140030	u/TSK70	fnfbis5	u/SquidPersonThing	fneszlp	C
2020-04-14 19:08:04.331238	u/elonmusque	fnfbl5n	u/carterjazz	fnfaf2c	C
2020-04-14 19:08:13.698172	u/Crazy_lobster_	fnfblry	u/health-safety-bot	fnerxnj	C
2020-04-14 19:08:22.465544	u/extremelylonguser	fnfbm6f	u/RepostSleuthBot	fnevt5v	C
2020-04-14 19:08:35.119914	u/Benscko	fnfbn1w	u/TheDeadlyOctopus	fnfb794	C
2020-04-14 19:08:38.585768	u/Doggo_Number1	fnfbn4k	u/Blue_Baguette	fnf228u	C
2020-04-14 19:08:40.039120	u/NickTron96	fnfbn96	u/Sim0n5	fnf6j3u	C
2020-04-14 19:09:04.044694	u/Duncan_201	fnfboez	u/leaderofthevirgins	fnex2i0	C
2020-04-14 19:09:05.402551	u/cuba9711	fnfbogs	u/oh_spookish	fnf3tmy	C
2020-04-14 19:09:26.757707	u/inset-username-here	fnfbpht	u/TSK70	fnfbis5	C
2020-04-14 19:09:38.429262	u/myne	fnfbq0z	u/kentthehippo	fneztu8	C
2020-04-14 19:09:49.862888	u/UnculturedJuan	fnfbr2p	u/no_gracias_	fneydi7	C
2020-04-14 19:10:22.157390	u/pacman12a	fnfbt4f	u/mhassassin	fneanxw	C
2020-04-14 19:10:58.426324	u/sir-zacch	fnfbu2r	u/nahcantbeserious	fnf69m5	C
2020-04-14 19:11:15.791955	u/stifling_flea210	fnfbuex	u/korroth	fne0cdk	C
2020-04-14 19:11:28.182335	u/C4llMeSteve	fnfbuu4	u/MooZuuu	fnek5av	C
2020-04-14 19:12:42.263911	u/furriesarelgbt	fnfbxoi	u/ThatWoodCD	g1coxw	S
2020-04-14 19:13:26.908818	u/XxsusquatchxX	fnfbyp1	u/Fantastic_Ostrich	fnf9396	C
2020-04-14 19:13:58.853913	u/IslanderWalnut	fnfbz8p	u/_Perd-Hapley_	fncq84b	C
2020-04-14 19:14:00.931291	u/Xancestor	fnfbz91	u/aprilalpaca	fnfaxer	C
2020-04-14 19:14:48.666624	u/organic_crystal_meth	fnfdijh	u/Bigbrainium	fnf8nc3	C
2020-04-14 19:15:27.194009	u/heyitsbilal	fnfdjw2	u/Fake-DAIH	fnfdizo	C
2020-04-14 19:15:29.181497	u/highas_giraffepussy	fnfdjxg	u/Chung_bungus	fnfcf4q	C
2020-04-14 19:15:37.167766	u/big-cheese-wheel27	fnfdk1g	u/rataclipsyt	g1ag8i	S
2020-04-14 19:15:49.157261	u/swebonny	fnfdkb1	u/mhassassin	fneanxw	C
2020-04-14 19:16:00.261631	u/JustYougen	fnfdkz8	u/RepostSleuthBot	fnfdj0k	C
2020-04-14 19:16:07.595774	u/Medyk0	fnfdl70	u/SampleTexDoggo	fnf8amh	C
2020-04-14 19:17:22.171146	u/BlackBunny88	fnfdok0	u/ZenithDaCretan	fnf9ebp	C
2020-04-14 19:17:36.171302	u/mangiatore97	fnfdpah	u/poptart-narwhale	fnefgza	C
2020-04-14 19:17:37.893731	u/infaredz	fnfdpf0	u/Jonnyboy14242	fnfd3ys	C
2020-04-14 19:18:08.516066	u/imaginary_butter	fnfdqnc	u/UncommonSweatshirt29	fnf7ov2	C
2020-04-14 19:18:15.230536	u/heyitsbilal	fnfdqrf	u/Fake-DAIH	fnfdq44	C
2020-04-14 19:18:22.862573	u/oscardeasy	fnfdr4w	u/azab189	fnev719	C
2020-04-14 19:18:30.959498	u/rippp91	fnfdrgc	u/blueeggsandwaffles	fnfd8o1	C
2020-04-14 19:18:39.315538	u/Scupake	fnfdrq9	u/RoninXVIII	fnfd93z	C
2020-04-14 19:18:54.935890	u/bigcityboycry	fnfdsil	u/Fatoohi1976	g1bpau	S
2020-04-14 19:19:26.549221	u/FixGMaul	fnfdu7f	u/tittysprinkles112	fnd36o6	C
2020-04-14 19:19:29.394072	u/bakhtyars	fnfduao	u/ZZionix	fnfdop4	C
2020-04-14 19:19:41.458494	u/eifersucht12a	fnfdus8	u/LSD-50	fneumxu	C
2020-04-14 19:19:43.599160	u/johnnychimpo241	fnfdv3j	u/cajun89cam	fnc3om7	C
2020-04-14 19:20:07.505132	u/DooplerBoopler	fnfdwlo	u/__UnknownEntity__	fnf7lrx	C
2020-04-14 19:20:55.960961	u/Mrpenguin88	fnfdxsn	u/Bottle_case	fncjnce	C
2020-04-14 19:21:04.856829	u/ClarkCarl126	fnfdy0a	u/Yayaet	fne5ec1	C
2020-04-14 19:22:17.840910	u/Pandamana	fnfe0dd	u/RepulsiveCorner	fnf1d98	C
2020-04-14 19:22:35.439506	u/Janders2124	fnfe10n	u/Joth91	fnf1xvf	C
2020-04-14 19:23:37.248362	u/Spencrage5	fnfe2sf	u/blueeggsandwaffles	fnezk2r	C
2020-04-14 19:24:05.895833	u/safemommy123	fnfe451	u/Perussuomalaiset	fnfdaiu	C
2020-04-14 19:24:28.272084	u/HectoLogic20	fnfe541	u/Ajhayjhayjhay	fnf691m	C
2020-04-14 19:25:14.734413	u/ConservativeJay9	fnfe6fd	u/maxdevader	fnfdi6c	C
2020-04-14 19:25:18.192522	u/iloverox	fnfe6hd	u/Skank-Hunter	fnew4uz	C
2020-04-14 19:25:33.011923	u/Perry52505	fnfe7ba	u/Hemlock_Deci	fnfe5pq	C
2020-04-14 19:26:00.068819	u/Kondzio24319	fnfe7x6	u/Kenneth_Hughson	fnf9gm5	C
2020-04-14 19:26:24.559747	u/engie_boy_6000	fnfe8hh	u/Aspen_Alabaster	fne8zq0	C
2020-04-14 19:26:27.431995	u/yousawnothing7303	fnfe8hu	u/rippp91	fnf9zwz	C
2020-04-14 19:26:57.779161	u/gogozrx	fnfea7l	u/bigchungus535752wyuu	fnby911	C
2020-04-14 19:27:46.803220	u/rryder64x	fnfecaa	u/TheMangoMando	fney5j3	C
2020-04-14 19:27:55.540033	u/clynche	fnfecgn	u/Lenton99	fnfeary	C
2020-04-14 19:27:59.682938	u/Kallchak	fnfecml	u/-toad	fndqa7a	C
2020-04-14 19:28:12.828291	u/OddlySpecificName	fnfedb0	u/queenofdarkness68	fnekguc	C
2020-04-14 19:28:23.089851	u/2jujube7	fnfedm4	u/Josh81639	fnfdvix	C
2020-04-14 19:28:53.000666	u/MOAR_BACON	fnfeex4	u/donotlookatmeduh	fne0na8	C
2020-04-14 19:28:58.300600	u/Sir-Memebottom	fnfef8z	u/MKaiserW	fnfa0yv	C
2020-04-14 19:29:01.686229	u/Shadowjkbny	fnfefb3	u/Awkward_demon	fneiy7a	C
2020-04-14 19:29:38.046753	u/Sir-Memebottom	fnfegs3	u/Yeeet18	fnfe9z1	C
2020-04-14 19:29:46.397431	u/and_eazy	fnfehqr	u/mhassassin	fneanxw	C
2020-04-14 19:29:52.239990	u/BreathtakingBoi	fnfei3w	u/Picker-Rick	fnfbjft	C
2020-04-14 19:29:52.912685	u/Modacross	fnfei4d	u/KaktusManCz	fnfae5w	C
2020-04-14 19:29:53.580822	u/Sir-Memebottom	fnfeiak	u/MKaiserW	fnfa0yv	C
2020-04-14 19:30:04.686781	u/Sir-Memebottom	fnfejft	u/booming_boomer	fndxpxz	C
2020-04-14 19:30:27.721330	u/shortbusterdouglas	fnfejqi	u/rktscntst	fnf6x5y	C
2020-04-14 19:30:34.973110	u/Scoliosis_is	fnfejrs	u/The-Litlle-Pineapple	fndpuk9	C
2020-04-14 19:31:53.924707	u/1tsOnlyRocketScience	fnfem13	u/AnnieDoesntLovesYou	fnev5o1	C
2020-04-14 19:33:28.168517	u/InKyDiNo	fnfepi0	u/Greenllamas1002	fnfcxig	C
2020-04-14 19:33:33.974210	u/LostInNew	fnfepj9	u/Whovian1701	fnerow3	C
2020-04-14 19:34:05.237638	u/DarthMaulMalgus	fnfeqep	u/donotlookatmeduh	fne0na8	C
2020-04-14 19:34:53.921223	u/6dollarfillup	fnfes0m	u/hansolo625	fnfeqi4	C
2020-04-14 19:35:07.128190	u/DrBanana30	fnfesg4	u/JustAFox_	fnewb7b	C
2020-04-14 19:37:00.001758	u/yuri-tared_if_gay	fnfewuy	u/Aspen_Alabaster	fneb6bj	C
2020-04-14 19:37:10.994976	u/ImGigglez	fnfex9m	u/Filthy_Dub	fndxztn	C
2020-04-14 19:37:53.839404	u/mafiozer_3000	fnfeyo9	u/kjongkilong	g18b8k	S
2020-04-14 19:38:11.305354	u/theonlynameavaible	fnfez77	u/DiscWieldingHippies	fnfdui5	C
2020-04-14 19:39:21.309963	u/mardov-shadowsword	fnff2iq	u/brohemianrasputin	fnfe2ge	C
2020-04-14 19:39:33.667483	u/DRealRonWeasley	fnff3j1	u/A_Pinoy	fnf6dxw	C
2020-04-14 19:40:43.999716	u/fastvegtable2	fnff779	u/FlyingSpacefrog	fncaj88	C
2020-04-14 19:40:54.896317	u/Eggzed3625	fnff7db	u/TheDeadlyOctopus	fneumxv	C
2020-04-14 19:41:09.510197	u/MiraiGohan	fnff7je	u/Max2000128	fnfa2u7	C
2020-04-14 19:41:17.780527	u/cyclerdtX	fnff7o1	u/brohemianrasputin	fnff00e	C
2020-04-14 19:42:10.057892	u/SolarFlare1230	fnff9gw	u/Timedylan10	fnff0tr	C
2020-04-14 19:42:39.956185	u/Iginition	fnfgmia	u/AzekiaXVI	fnf8zr6	C
2020-04-14 19:42:48.729964	u/hughjanusphd	fnfgmp3	u/thesordidone	fnfgke8	C
2020-04-14 19:42:52.120109	u/Zomb1stuv	fnfgmub	u/not_the_tomatoes	fney5c2	C
2020-04-14 19:42:55.204370	u/MahamidMayhem	fnfgmun	u/RAMENBOY445	fnf9073	C
2020-04-14 19:43:00.874034	u/CatchMoreFliesWHoney	fnfgn72	u/Tradcon12	g16zfq	S
2020-04-14 19:43:06.300116	u/MaLi415	fnfgncs	u/Eggzed3625	fnffxj7	C
2020-04-14 19:43:11.617987	u/WEBBBSTAAAAAAAA	fnfgnnu	u/LugyD1xd_ONE	fnfgj34	C
2020-04-14 19:43:15.939169	u/billybob3011	fnfgnp3	u/Bhawks489	fneik1r	C
2020-04-14 19:43:21.719597	u/allout_atl	fnfgnud	u/sophieonasofa	fnfgm6r	C
2020-04-14 19:44:16.465064	u/nipplechodemeister	fnfgptb	u/FishCream	fne2a93	C
2020-04-14 19:44:26.560177	u/Ezio9792002	fnfgqh7	u/Dillbert75	fndt1jz	C
2020-04-14 19:44:28.649206	u/sleazymeezy	fnfgqnq	u/Fake-DAIH	fnff0v9	C
2020-04-14 19:44:49.539431	u/the-lego-dragon-guy1	fnfgrbq	u/Haxiwada	fnfghdk	C
2020-04-14 19:45:32.853718	u/FamiliarHeights	fnfgsr3	u/Andrei-O	fnf4awy	C
2020-04-14 19:45:45.825295	u/lsmine0	fnfgt1u	u/DingusTickler007	fnfgf4p	C
2020-04-14 19:46:18.230514	u/FantasticMagicalNote	fnfgueo	u/thepopcornsurvivor	fnfgqt9	C
2020-04-14 19:46:28.086576	u/The-Android3000	fnfguyt	u/AetherialWomble	fnfezq5	C
2020-04-14 19:46:47.836301	u/Efficient7x	fnfgvxt	u/Iginition	fnfgmia	C
2020-04-14 19:46:53.281295	u/hangytangywot	fnfgw2m	u/LONEGAMER2020	fnf1xav	C
2020-04-14 19:46:58.702728	u/heyitsbilal	fnfgw8v	u/TheBlueFleer203	fne33o5	C
2020-04-14 19:48:08.234090	u/CountryBoyLiam	fnfgzll	u/JonnyRichter	fnequp1	C
2020-04-14 19:48:09.801054	u/OoooBLUEooo0	fnfgzo7	u/safemommy123	fnffdgt	C
2020-04-14 19:48:47.985008	u/Oneinchw0nder	fnfh1z5	u/MrShawHere	fnfdfgt	C
2020-04-14 19:48:55.999749	u/TheThunderGuyS	fnfh2gb	u/GrilledLettuce2_0	fnfg37b	C
2020-04-14 19:48:58.379571	u/DaStarWarsGeek	fnfh2i6	u/Grannys_Sledgehammer	fnedjd7	C
2020-04-14 19:49:01.582513	u/Master_Achi	fnfh2lp	u/Garbagedinghy	fnfdpwo	C
2020-04-14 19:49:08.990420	u/SendBankDetails	fnfh2tf	u/AuthorityRemix	fnfex5p	C
2020-04-14 19:49:18.534715	u/biggggmac	fnfh3c4	u/Zoralfe	fnf4iqg	C
2020-04-14 19:49:41.124463	u/molzibar	fnfh4ld	u/csteele33	fnfgsnt	C
2020-04-14 19:49:58.274796	u/bringbacktruth	fnfh6xh	u/Incuraio	fnf6902	C
2020-04-14 19:50:26.255876	u/CoolManGamingTan	fnfh7yk	u/AlexeiSkorpion	fnf3c2y	C
2020-04-14 19:50:40.129114	u/cheetahfire08	fnfh8de	u/Yeeet18	fnfezv9	C
2020-04-14 19:51:28.093891	u/Im_Sorry_93	fnfh9xj	u/MLG_Hyperkitten	fnfgtsx	C
2020-04-14 19:51:32.475349	u/CharlieLou94	fnfh9yw	u/Brummelhummel	fnfh16w	C
2020-04-14 19:52:52.149638	u/CoolManGamingTan	fnfhdce	u/Revaza	fnf8lls	C
2020-04-14 19:53:12.714210	u/KFlex-Fantastic	fnfhe24	u/GrilledLettuce2_0	fnez3uw	C
2020-04-14 19:53:28.841765	u/The-Not-Irish-Irish	fnfhefa	u/ardmas123	fnfh7ai	C
2020-04-14 19:53:37.113145	u/max_adam	fnfhep8	u/lospantalonesdefuego	fn3medo	C
2020-04-14 19:54:34.205368	u/dave_rey	fnfhg7y	u/Master_Achi	fnfh2lp	C
2020-04-14 19:54:47.529886	u/DubWizzer	fnfhgir	u/Dominus_Nova227	fnfgd5j	C
2020-04-14 19:57:00.448193	u/Ducimus88	fnfhlhb	u/Ripley422	fnffwr0	C
2020-04-14 19:57:13.432633	u/Benoldo	fnfhlpv	u/NinjaGuy274	fnf5hsh	C
2020-04-14 19:57:29.704570	u/that_one_dude7861	fnfhme6	u/niceguysatya	fnf0fux	C
2020-04-14 19:58:41.049592	u/DappyUN1C0RN	fnfhq9m	u/Smart_Wolfie	fnezwk4	C
2020-04-14 19:58:43.687552	u/Snoopia	fnfhq9r	u/FishCream	fne2a93	C
2020-04-14 19:58:53.659992	u/N-E-B	fnfhqri	u/__UnknownEntity__	fnf7lrx	C
2020-04-14 19:59:08.576168	u/JamboDaRedditor11	fnfhrog	u/ProbablyScotty	fnfbyjr	C
2020-04-14 19:59:25.039235	u/Brent_Fox	fnfhs8z	u/HSD112	fnfg07s	C
2020-04-14 19:59:29.934176	u/360noscopedickshot	fnfhsko	u/Crusader_M8	fnf0grx	C
2020-04-14 19:59:52.044400	u/sianntoy11	fnfhudm	u/AhsokaLived	flvtyel	C
