2020-04-14 23:00:13.096176	u/Slabogaming	fng02kx	u/Butchboi69	fnfszoi	C
2020-04-14 23:00:22.234613	u/gwaydms	fng02t6	u/ForeverRayne7	fnfgx8b	C
2020-04-14 23:01:14.934590	u/depressed_meemer	fng03li	u/OwO-Man-13	fnfrrks	C
2020-04-14 23:01:41.573274	u/AlexFromOmaha	fng046k	u/brandonwest18	fnfx7ky	C
2020-04-14 23:01:52.234856	u/cwo33	fng04h0	u/michealjcaboose87	fnfzhpb	C
2020-04-14 23:02:47.632091	u/kothiman	fng0648	u/-rabotnik-	fnfrj9w	C
2020-04-14 23:03:22.228431	u/high-t-rex	fng0733	u/anythingforclout	fnfyt8m	C
2020-04-14 23:03:25.343813	u/Eimgei	fng074u	u/gatoALFA15	fnfencq	C
2020-04-14 23:03:42.226263	u/PlutoIsMyDog	fng088j	u/Incognito_Placebo	fnfzha8	C
2020-04-14 23:04:48.841433	u/XxDarkSasuke69xX	fng0abi	u/mohaee	fk7lezu	C
2020-04-14 23:05:09.335294	u/Spoodle72	fng0az2	u/mr-memesss	fnfzec3	C
2020-04-14 23:05:15.094045	u/Grendallmayo	fng0b6b	u/epicgames6999	fnfzf04	C
2020-04-14 23:05:19.261534	u/Chopped247	fng0b9m	u/doo138	fnfwjjn	C
2020-04-14 23:05:56.227047	u/MrHouck	fng0c5q	u/GassyGru	fnfy4k4	C
2020-04-14 23:06:55.093632	u/they-call-me-cummins	fng0e6l	u/Maffters	fnfz5j1	C
2020-04-14 23:07:10.597515	u/picklethepuckle	fng0eno	u/Bruh_Bot_	fnfyiy0	C
2020-04-14 23:07:13.239255	u/Attox8	fng0es7	u/michealjcaboose87	fnfqou2	C
2020-04-14 23:07:53.603257	u/Madddux23	fng0g9u	u/Bmanyo69	fnfwen7	C
2020-04-14 23:08:15.594368	u/Doomed_Angel_420	fng0h1z	u/KenIbnKen	fng01ep	C
2020-04-14 23:08:24.136671	u/sidb2005	fng0hls	u/AdityaKuliyal1127	fnfgvx9	C
2020-04-14 23:08:31.881678	u/jisaacray	fng0hzi	u/rippp91	fnf9zwz	C
2020-04-14 23:08:39.571344	u/DorothyHaze17	fng0igi	u/Kind-Pop	fl3zlqu	C
2020-04-14 23:08:55.741644	u/yarinbels	fng0j5k	u/RepostSleuthBot	fng0a2a	C
2020-04-14 23:09:14.441239	u/Lum1nar1an	fng0k07	u/devine_swine	fnfzb5b	C
2020-04-14 23:09:16.616650	u/Sirmatten	fng0k49	u/Polar-ish	fnfyo4i	C
2020-04-14 23:09:43.927735	u/Soulsbyorn	fng0n55	u/arthurs_hat	fng0k2m	C
2020-04-14 23:09:47.398170	u/bored-on-a-rainy-day	fng0nti	u/Hebruwu	fnff88o	C
2020-04-14 23:09:57.800384	u/MsSusmitaPaul	fng0owo	u/JimmyJohnsonBeer	fng01hq	C
2020-04-14 23:10:16.501723	u/Nor62Cin	fng0pul	u/Caliber70	fnf3bij	C
2020-04-14 23:10:46.983006	u/M3M3L0RD_29	fng0qfw	u/michealjcaboose87	fng0ov1	C
2020-04-14 23:11:41.371282	u/hercules_bacon_tits	fng0stp	u/Michael-Doukas	fnftaat	C
2020-04-14 23:11:49.392154	u/WooooshMeRaw	fng0tad	u/michealjcaboose87	fng0etb	C
2020-04-14 23:12:11.941169	u/DerpTheRight	fng0u9j	u/shaner38	fnfob1j	C
2020-04-14 23:12:30.648426	u/Jbeck8204	fng0v3u	u/toomuchtACKtical	fnfqqa6	C
2020-04-14 23:13:06.353879	u/jwfzl81	fng0wq8	u/BreathtakingBoi	fnfoae9	C
2020-04-14 23:13:15.268707	u/chickavee	fng0wwy	u/Skyrider419	fnfyh31	C
2020-04-14 23:15:05.297767	u/xkitteakatx	fng12an	u/shiny_yagami_319	fng016l	C
2020-04-14 23:16:05.007982	u/NationStateOfWeebs	fng15il	u/MyGallladderHurty	fng136i	C
2020-04-14 23:16:47.686477	u/Eduxgamer_1000	fng180y	u/D3rpster123	fnfr931	C
2020-04-14 23:16:52.909392	u/Barresam	fng184k	u/invertedzombie12	fnfss3q	C
2020-04-14 23:16:55.639343	u/Galakyta	fng185i	u/KingEngland1	fnfy9j8	C
2020-04-14 23:17:33.040364	u/WeeabooGod360	fng1ajx	u/Potato_heart14	fng19c5	C
2020-04-14 23:17:34.813556	u/bryc3z	fng1aow	u/Billy_T_Wierd	fng0j2x	C
2020-04-14 23:17:36.559161	u/ProtoconOfSorrow	fng1apj	u/mgz_henry	fng0by5	C
2020-04-14 23:17:43.714078	u/Rontuaru234	fng1b0l	u/devine_swine	fnfzb5b	C
2020-04-14 23:17:46.116386	u/newdecadefreshstart	fng1b2p	u/michealjcaboose87	fng18mo	C
2020-04-14 23:17:52.706364	u/jai_r0bb0	fng1bpf	u/nmyg08	fng1b0c	C
2020-04-14 23:17:59.035751	u/stink-pig	fng1bvn	u/michealjcaboose87	fng0xnr	C
2020-04-14 23:18:29.731643	u/arik_p	fng1cvr	u/Chung_bungus	fnfrh2f	C
2020-04-14 23:18:32.156102	u/brendanarens	fng1cxp	u/RepostSleuthBot	fnfynho	C
2020-04-14 23:18:34.370760	u/Darkkadic	fng1czv	u/xdMatthewbx	fnfzy9j	C
2020-04-14 23:18:36.612896	u/beete17	fng1d4k	u/InfinateUniverse	fnfmhn4	C
2020-04-14 23:19:07.714730	u/Bulletbill7597	fng1fds	u/idjdbgdjdoxknrneijs	fng1166	C
2020-04-14 23:19:48.200535	u/Bendy962	fng1i45	u/Kagillion	fnffsna	C
2020-04-14 23:19:54.092570	u/TheMeme264	fng1j4f	u/enderjelly	fnfxtpf	C
2020-04-14 23:20:02.574365	u/grump42069	fng1kor	u/SnoZZuFin	fnfeqd4	C
2020-04-14 23:21:47.565255	u/Adam_Bartholomew	fng1pek	u/Ice-Juice1	fneu787	C
2020-04-14 23:22:42.662427	u/PizzaAmerica	fng1s28	u/rippp91	fnf9zwz	C
2020-04-14 23:22:55.360805	u/BasicMemeUser42	fng1s9w	u/Andarude	fnfq1eb	C
2020-04-14 23:23:40.140511	u/DarthVenti	fng1tvu	u/michealjcaboose87	fng0r68	C
2020-04-14 23:23:43.244247	u/Rimm9246	fng1tw3	u/UnknownCPYT	fndyvid	C
2020-04-14 23:23:49.835408	u/bird_is_GOD	fng1ujk	u/JJ__Loser	fndz1me	C
2020-04-14 23:24:42.894208	u/8stringtheory	fng1wci	u/michealjcaboose87	fng0h77	C
2020-04-14 23:25:24.688389	u/09EpicGameFlame	fng1y7g	u/itsessjaydee	fn6y58z	C
2020-04-14 23:25:42.862930	u/phuckun244	fng1yvl	u/evan13lee	fng1t7y	C
2020-04-14 23:25:48.554403	u/ACDarby	fng1z1n	u/markbarndoor	fng0gkx	C
2020-04-14 23:26:26.635737	u/Jesse_Snow	fng20y6	u/IAmDrChocolate	fnfrhzs	C
2020-04-14 23:26:31.514579	u/dontdropthesoap17	fng219c	u/Hephaestus_God	fnfqihb	C
2020-04-14 23:26:54.745518	u/MelTheDel	fng2392	u/MuskyMusk123	fnfplg3	C
2020-04-14 23:27:18.524897	u/Brainha	fng24lx	u/Miggle7	g18tz8	S
2020-04-14 23:27:21.158913	u/ABAgamer	fng24od	u/cascool8	fnf0ger	C
2020-04-14 23:27:36.209334	u/newjbentley88	fng25qb	u/michealjcaboose87	fng0169	C
2020-04-14 23:27:45.360255	u/Pussy_hoe	fng26k5	u/devine_swine	fnfzb5b	C
2020-04-14 23:28:13.486375	u/superairjake	fng27yf	u/mrfunnyduck	fng1bci	C
2020-04-14 23:28:22.127072	u/ItsVector02	fng28in	u/ChimChim09	fnemcqj	C
2020-04-14 23:28:29.416074	u/thenathanmarcus	fng290k	u/dorondoritus	fng1muo	C
2020-04-14 23:28:58.021322	u/XxTezeract	fng2alg	u/Kind-Pop	fl3zlqu	C
2020-04-14 23:29:20.199006	u/kittiphile	fng2bpv	u/blitzmeme69	fnfs945	C
2020-04-14 23:29:25.453738	u/Noyourejustfat	fng2byb	u/KenIbnKen	fng01ep	C
2020-04-14 23:29:28.613759	u/pvlygvndvst	fng2c4z	u/AntDao	fnfl0fr	C
2020-04-14 23:29:50.553258	u/hankhall3	fng2dbo	u/YeetLordTheOne	fng2al2	C
2020-04-14 23:30:11.134296	u/Stickbunny	fng2en2	u/white-dumbledore	fnfac0p	C
2020-04-14 23:30:19.246823	u/turnmearound1	fng2ey9	u/Stubbornhat234	fnfq3b4	C
2020-04-14 23:30:36.368127	u/Mathematical_Pie	fng2fm9	u/btwmagic	fnftfhx	C
2020-04-14 23:30:44.185940	u/Lord_Brock	fng2fws	u/Incognito_Placebo	fng1gna	C
2020-04-14 23:31:03.364706	u/thepigeongamer2020	fng2hd7	u/rippp91	fnf9zwz	C
2020-04-14 23:32:28.644429	u/LonelyLittleWolfie	fng2lmw	u/representmcforyouth	fnf7dcr	C
2020-04-14 23:32:47.757438	u/largemelancholy	fng2mi1	u/abductedpeanut	fng0dkh	C
2020-04-14 23:32:50.941299	u/tjrei247	fng2mj0	u/Idkwhattochoosetho	fneozci	C
2020-04-14 23:33:02.263181	u/HorchataFresh	fng2nc9	u/another_redditor1219	fn6mke1	C
2020-04-14 23:33:53.582831	u/kaizvisani	fng2orj	u/Pussy_hoe	fng26k5	C
2020-04-14 23:34:03.972493	u/Comeonjeffrey0193	fng2p7y	u/kniattempler	fng1j6m	C
2020-04-14 23:34:24.024065	u/NubAutist	fng2q3t	u/Epictendope	fnfvu9p	C
2020-04-14 23:34:46.714212	u/Seremi6	fng2rb6	u/idjdbgdjdoxknrneijs	fng1166	C
2020-04-14 23:35:05.376594	u/nothingifeelnothing	fng2s38	u/xXRLPhantomXx	fnfw8kk	C
2020-04-14 23:36:04.227905	u/tibi_mees	fng2uyn	u/AnnieDoesntLovesYou	fnev5o1	C
2020-04-14 23:36:20.380701	u/boyf-has-pink-hair	fng2w08	u/OceanOfWords	fnfz3u9	C
2020-04-14 23:36:26.071743	u/CrusaderTbone	fng2w6e	u/MyPeepeeFeelsSilly	g1jdnh	S
2020-04-14 23:37:29.173382	u/Meme_bro_1	fng2yog	u/Spoodle72	fng0az2	C
2020-04-14 23:37:46.116475	u/MeepisRee	fng2zhn	u/1tsOnlyRocketScience	fnfem13	C
2020-04-14 23:37:59.485336	u/bobbidy_mc_boby	fng3018	u/Cillian_Brouder	fnft68a	C
2020-04-14 23:38:19.808767	u/DeusVultOfThHolyLand	fng31c1	u/DaWildBob	fnejytw	C
2020-04-14 23:38:54.056002	u/pops9935	fng33p8	u/Matchyoo	fnfq55q	C
2020-04-14 23:39:43.476124	u/bobert1201	fng38un	u/DrAhktarious	fnft0h7	C
2020-04-14 23:39:47.276540	u/CubbyAZ01	fng396r	u/Seige_Boi	fnfyert	C
2020-04-14 23:39:51.631484	u/SmokkeyDaPlug	fng39md	u/TimelyTraining	fnfs6ii	C
2020-04-14 23:39:59.261775	u/I-Say-I-Love-You	fng3aql	u/ChrispyTofuChoii	fnfnkny	C
2020-04-14 23:40:59.809807	u/Rankin00	fng3cv7	u/thanosplusdespacito	fnfviyo	C
2020-04-14 23:41:23.516470	u/Raz0rp1ne	fng3dl4	u/Berocraft77	fnf9l7x	C
2020-04-14 23:41:37.595327	u/blobbygamingbros	fng3e0k	u/Cillian_Brouder	fnfsmee	C
2020-04-14 23:41:56.086154	u/zhetay	fng3esp	u/shaner38	fnfob1j	C
2020-04-14 23:42:30.359352	u/mike_oxlong_69	fng3g17	u/Miggle7	fm7syp5	C
2020-04-14 23:42:51.269352	u/Rumble330	fng3gap	u/DraviteDraz	g15330	S
2020-04-14 23:43:09.918070	u/a_pan01	fng3hnt	u/Sexyshark15	fng1tp4	C
2020-04-14 23:43:27.809389	u/aidentheguy03	fng3i7g	u/WhiplashFishy	fneuj1z	C
2020-04-14 23:44:05.868902	u/Kategreen01	fng3jwf	u/llegojedi08	fnfzdmt	C
2020-04-14 23:44:18.794296	u/MemeLakes	fng3kg2	u/RedditDragon9731	fng325n	C
2020-04-14 23:44:48.766969	u/Italian-Cucumber	fng3lyb	u/BluefinDinosaur	fng12ca	C
2020-04-14 23:45:42.515536	u/LeRat0nLaveur	fng3p27	u/MythicalWarrior78	fn08gp0	C
2020-04-14 23:45:47.272976	u/Nickmasterluke	fng3p7g	u/terryherrmann	fnfmlbe	C
2020-04-14 23:46:07.292400	u/Darkf1am3	fng3qhq	u/Kind-Pop	fl3zlqu	C
2020-04-14 23:46:14.038360	u/addiejoq	fng3qtz	u/TheKirboi	fng3nbr	C
2020-04-14 23:46:17.965288	u/sebasv09	fng3qw8	u/Malgus20033	fnfxz18	C
2020-04-14 23:46:19.891748	u/N1CE_N0Z3	fng3qwf	u/SLforHongKong	fnfutw9	C
2020-04-14 23:46:39.432091	u/Br44n5m	fng3sa0	u/Plastic-Ramen	fng3qjs	C
2020-04-14 23:47:03.537354	u/Legendary_boomer	fng3tq7	u/Orbitz_Dann	fn8cp42	C
2020-04-14 23:47:08.990985	u/DHG-BEEST	fng3tvq	u/NevilleTheDevil	fnfy8dh	C
2020-04-14 23:47:28.467219	u/asapmipy	fng3uy8	u/TrixSy_420	fnfrakn	C
2020-04-14 23:47:39.222456	u/bored-boi869	fng3vua	u/rippp91	fnf9zwz	C
2020-04-14 23:47:41.930057	u/MonsterMash577	fng3w4t	u/Filthy_Dub	fndxztn	C
2020-04-14 23:47:45.298314	u/TanneAndTheTits	fng3w5y	u/GMCpatata13	fnfkc9x	C
2020-04-14 23:47:57.400712	u/Nicinlos	fng3wuo	u/Pussy_hoe	fng2rsc	C
2020-04-14 23:49:02.680220	u/smileywater	fng414d	u/velociraptorjax	fng2xay	C
2020-04-14 23:49:18.554369	u/mex1can_	fng41xq	u/Vitiminwater	fng151i	C
2020-04-14 23:49:27.359904	u/HappyyBoii	fng42wf	u/slothboy	fnfio5r	C
2020-04-14 23:49:54.677778	u/icfx87	fng463r	u/CheapestClown	fng3yzp	C
2020-04-14 23:50:23.333643	u/IdioticRiolu	fng47rt	u/rndmzr153	fng42tl	C
2020-04-14 23:50:38.760005	u/Rhianu	fng486j	u/hdjfug	fl5qs5u	C
2020-04-14 23:50:41.087286	u/IsopodKid	fng48bi	u/iplay2manyvideogames	fnfx5nr	C
2020-04-14 23:50:43.423048	u/thanh173	fng48by	u/NarwhalAnusLicker00	fng3bps	C
2020-04-14 23:50:47.769851	u/Asdret12	fng48cp	u/Tempest_Skies	fnfr753	C
2020-04-14 23:51:46.161731	u/Pete2487	fng4ayd	u/eVillain13	fng1nye	C
2020-04-14 23:52:04.282908	u/Walamader	fng4bo3	u/Hysterical110	fnfyhg3	C
2020-04-14 23:52:18.006844	u/Greenwhatevers	fng4cbp	u/Alabonde	fnfj5by	C
2020-04-14 23:52:45.933645	u/iodized_table_salt	fng4dg2	u/MysticVagabond	fnf8uum	C
2020-04-14 23:53:08.299421	u/Atheylia	fng4e1y	u/lol_yikes	fnfycxs	C
2020-04-14 23:53:58.322456	u/notkevin_durant	fng4gkd	u/dgarrison302	fnftf36	C
2020-04-14 23:54:30.177950	u/the-waterr	fng4i9v	u/thanos12345635	fnfzhhb	C
2020-04-14 23:54:42.347316	u/GameDoggsMC	fng4iwq	u/devine_swine	fnfzb5b	C
2020-04-14 23:54:54.065749	u/RealFalseLlama	fng4jd1	u/69updoot69	fnft505	C
2020-04-14 23:54:59.821039	u/Da-Bandit	fng4jki	u/KeiraLaka	fnfp5gg	C
2020-04-14 23:55:46.133769	u/A-wild-Box	fng4kud	u/smileywater	fng414d	C
2020-04-14 23:55:56.119072	u/JJungling	fng4lel	u/WhiteWolfofRivia0504	fnfy48l	C
2020-04-14 23:56:16.154219	u/FastBoi_YT	fng4m4w	u/packle-kackle	fng4k93	C
2020-04-14 23:56:20.144564	u/wastelandwasted	fng4mef	u/MoreAnonymo	fnenan7	C
2020-04-14 23:57:15.489322	u/Camjdog1998	fng4ojc	u/ikidnappeopleonroblx	fng4j8f	C
2020-04-14 23:57:31.278356	u/gusgus2point0	fng4p6f	u/jicty	fnf9ukp	C
2020-04-14 23:57:39.776866	u/Dustin_Destruction	fng4q0f	u/123PleaseKillMeNow	fng0k6f	C
2020-04-14 23:58:07.812609	u/Aztec3p	fng4r0t	u/xXBiGgAy69Xx	fnf4rw3	C
2020-04-14 23:58:28.182331	u/hammysyrian	fng4sfp	u/Ca-Game	fnfyzwg	C
2020-04-14 23:59:03.927381	u/zoedk99	fng4tsl	u/gypsy_remover	fnay81p	C
2020-04-14 23:59:16.283641	u/The_Hive_King	fng4u8i	u/Sloth-Sucker	fng3p2b	C
2020-04-14 23:59:34.187613	u/BanderPanther	fng4vfk	u/D-money420	fng4tcn	C
2020-04-14 23:59:35.766391	u/ItsDawn_	fng4vjc	u/RepostSleuthBot	fnfxrmm	C
