2020-04-17 08:01:21.505017	u/cosmicsphinx5543	fnogxod	u/MrFr0stycave	fnodjf6	C
2020-04-17 08:01:35.153029	u/RCheeReddit	fnogxya	u/Junkie-sama	fnobfxe	C
2020-04-17 08:01:47.449476	u/FINANCIALGOOSEEEEEEE	fnogyj5	u/TehFuriousKid	fnoe65e	C
2020-04-17 08:01:52.582258	u/ApeTornadoToaster	fnogyk3	u/the__terces__society	fnoa4ck	C
2020-04-17 08:02:44.304484	u/WAXEL1339	fnoh059	u/BoysIsBetterThanGirl	fnog484	C
2020-04-17 08:03:39.363186	u/0utlyre	fnoh1uc	u/ChmeldaMat	fno0aev	C
2020-04-17 08:03:49.766486	u/robbytolentino	fnoh28o	u/dat_random_furry	fnogzvb	C
2020-04-17 08:04:19.429329	u/DRT-OFFICIAL	fnoh3aw	u/Instalok_Nami	fnogm4u	C
2020-04-17 08:04:42.778561	u/AvI-Rokushiki	fnoh40p	u/OverDies	fno6t2l	C
2020-04-17 08:04:53.136865	u/Danitron21	fnoh4am	u/redstoned26	fno7wkl	C
2020-04-17 08:05:04.542135	u/BR47WUR57	fnoh4mh	u/xX_darkpanther_Xx	fnoa7ii	C
2020-04-17 08:05:47.480915	u/WildTerrarian	fnoh6l0	u/MicrowaveBurrito2568	g2yg8d	S
2020-04-17 08:06:52.069801	u/Muecke173	fnoh8g4	u/miserable_gaimer	fnogufm	C
2020-04-17 08:07:08.371217	u/LegoMyStairs	fnoh8vz	u/KentConnor	fno4ql7	C
2020-04-17 08:07:12.603677	u/AlexHail1	fnoh8x1	u/lastplacejunkie	fnoh6s0	C
2020-04-17 08:07:35.222282	u/SadBoi_throw	fnoh9kl	u/kiritoto	fnocpxj	C
2020-04-17 08:07:52.972182	u/Lydiagh0st	fnoha41	u/The_Nobody_Nowhere	fno35b8	C
2020-04-17 08:07:54.682670	u/Ember82O	fnoha4n	u/fucking_lit_username	fnob3ft	C
2020-04-17 08:07:57.658304	u/fox-mcleod	fnohaad	u/Chemicald90	fnod828	C
2020-04-17 08:08:02.704996	u/cjc160	fnohac3	u/Manetho77	fno21sf	C
2020-04-17 08:08:12.296285	u/Horny_Chinchila	fnohao5	u/Deathnoob101	fnodscn	C
2020-04-17 08:08:20.100875	u/manishrath	fnohb6s	u/PlagueComics	fnob2v7	C
2020-04-17 08:08:35.645319	u/Mstr0A	fnohbp6	u/khaledalnahas	g2yfl1	S
2020-04-17 08:08:41.650874	u/DarrylTheWolf	fnohbx7	u/OneLittleAmerican	fnm4r3b	C
2020-04-17 08:08:58.090764	u/Great_Greed	fnohd47	u/clone_ranger	fnocsrf	C
2020-04-17 08:09:16.791255	u/oheckitsshrek	fnohdrc	u/HiIamanoob_01	fnofv1d	C
2020-04-17 08:09:20.031472	u/thatoneguyfrom2019	fnohdv4	u/-NastyPlatypus-	fnogzia	C
2020-04-17 08:09:21.324605	u/melanie-7	fnohdw1	u/Manzar534	fnoeqft	C
2020-04-17 08:09:26.522204	u/PenguinsLoveMyD	fnohe5m	u/Magical_Wheelchair	fnohb99	C
2020-04-17 08:09:33.048491	u/Timesjustsilver	fnoheg3	u/niqqa_cat111111	fno7n7q	C
2020-04-17 08:09:37.806130	u/Cryptoporticus	fnohel7	u/pepebig69420	fno8rvf	C
2020-04-17 08:10:13.899612	u/catazt	fnohg9b	u/-NastyPlatypus-	fnogzia	C
2020-04-17 08:10:18.399365	u/TequilaJohnson	fnohgcy	u/Swolebenswolo	fno6jk9	C
2020-04-17 08:10:24.799037	u/not_vani	fnohgdy	u/redditargoldlax	fnoft31	C
2020-04-17 08:11:02.262051	u/finelikeoldwine	fnohhbz	u/yeetus-deletus00185	fnogv7n	C
2020-04-17 08:11:40.889236	u/littl3willy	fnohi1h	u/AggressiveChick	fnofvfi	C
2020-04-17 08:12:09.110390	u/sickpmind	fnohir1	u/account14407	fno61fy	C
2020-04-17 08:12:38.616908	u/wotu13	fnohjxb	u/random-pineapple420	fnoh9zf	C
2020-04-17 08:13:27.892932	u/MCU3000	fnohl1r	u/Trollport	fnohfqg	C
2020-04-17 08:14:09.507972	u/Danorlan06	fnohm9r	u/satt47	fnoeap9	C
2020-04-17 08:14:12.525569	u/DemureEvening5	fnohmco	u/RedditMemesAreNice	fno8f7j	C
2020-04-17 08:14:38.560289	u/GreenLigh1337	fnohn3g	u/pokemans-is-cool	fno8css	C
2020-04-17 08:14:46.874683	u/lyricacrobat	fnohnac	u/shubhanshuojha	fnoaohb	C
2020-04-17 08:15:00.862795	u/pakistani_pizza	fnohnrr	u/Doggo-6	fnohn8b	C
2020-04-17 08:15:26.230061	u/_Fiddlez_	fnohorm	u/meghna4991	fnoc6m2	C
2020-04-17 08:15:39.846033	u/whattheclap	fnohp60	u/Cupcake434	fnnnq7j	C
2020-04-17 08:16:03.290056	u/P1emonster	fnohq06	u/motwaaagh	fnnxofl	C
2020-04-17 08:16:13.785167	u/naterazzwowski	fnohqds	u/Lydiagh0st	fnohj4j	C
2020-04-17 08:16:30.919647	u/yourboitruly	fnohr19	u/AcidicWildberries	fnoeiat	C
2020-04-17 08:16:44.603525	u/Joku-ukko	fnohrgn	u/CatGamer_118	fnnwg13	C
2020-04-17 08:17:15.332787	u/bailey_mcneveen	fnohsm1	u/page_not_found_402	fnohm7i	C
2020-04-17 08:17:18.974937	u/FleshPound69	fnohsrg	u/somone-random	fno6tpr	C
2020-04-17 08:17:28.043815	u/emojacket	fnohswe	u/zawarudoe	fno6g96	C
2020-04-17 08:18:17.608591	u/xina_zathrol	fnohus8	u/i-like-to-be-wooshed	g2yys0	S
2020-04-17 08:19:23.019470	u/givemethetitty	fnohy5k	u/Barrcod3	fnohwuu	C
2020-04-17 08:19:39.286528	u/Subzero90901	fnohys4	u/Emoooo1	fnog4iy	C
2020-04-17 08:19:44.254851	u/Du3s	fnohz20	u/EliasHobeika	fnohqgd	C
2020-04-17 08:20:06.695913	u/abloodthirstykiller	fnoi0is	u/Alex153Brb	fnoh4vh	C
2020-04-17 08:20:20.018806	u/PieGuy91	fnoi0tc	u/TheWhitePolarBear1	fnohhj5	C
2020-04-17 08:20:37.803653	u/The-Wang-Head	fnoi12v	u/Rogerinhoooooo	fnob0qz	C
2020-04-17 08:21:15.115683	u/eggcellent_guy	fnoi1tp	u/Cryptoporticus	fnofe70	C
2020-04-17 08:21:27.394509	u/UrAvrgJude	fnoi21s	u/TehFuriousKid	fnofrcg	C
2020-04-17 08:22:40.056312	u/XSpicyKebabX	fnoi42x	u/a_bunch_of_iguanas	fnoi1m9	C
2020-04-17 08:22:57.433335	u/JesusHenteiChrist	fnoi4nk	u/GamingLegion27	fnoi2ej	C
2020-04-17 08:24:11.570076	u/YourCharacterCounts	fnoi6b0	u/nealamanisampat	fnohzll	C
2020-04-17 08:24:34.312134	u/Znorlaz	fnoi6xv	u/BoysIsBetterThanGirl	fnog484	C
2020-04-17 08:25:16.664504	u/VidekSon	fnoi84y	u/CookieEric	fnoeewh	C
2020-04-17 08:25:25.121771	u/Spider--Gay	fnoi8bh	u/syndicate1024	fnohg7x	C
2020-04-17 08:25:35.145051	u/JEFFJEFF694207	fnoi8q7	u/PopatoChisper	fnoi1ox	C
2020-04-17 08:26:18.027907	u/Janovicj	fnoia2o	u/fucking_lit_username	fnob3ft	C
2020-04-17 08:26:40.389905	u/bonbon9000	fnoiapv	u/et_cetera1	fnohpoj	C
2020-04-17 08:27:05.032047	u/Such_A_Dope_Kid_Neil	fnoib9c	u/Aljef	fnohs6x	C
2020-04-17 08:27:09.171496	u/DA_KING69420	fnoibcz	u/Erratic_Penguin	fnohd76	C
2020-04-17 08:27:18.801016	u/Stieselkeine	fnoiboy	u/bummedout1492	fnogex9	C
2020-04-17 08:27:39.575996	u/iMPeANIA	fnoic6s	u/Lams1d	fnoh6ki	C
2020-04-17 08:28:20.949579	u/alphaforce00	fnoie4n	u/Jyes2005	fnoh0sv	C
2020-04-17 08:28:36.515696	u/Maku08	fnoielc	u/B3a_ns	fl5hpct	C
2020-04-17 08:28:38.526196	u/Catermelons	fnoielb	u/FeFiFoPinky	fnoedl1	C
2020-04-17 08:28:47.230667	u/Bojout	fnoiexw	u/Akio_Haze	fnoi1t3	C
2020-04-17 08:29:03.317991	u/Simon_Forcer	fnoifbs	u/jcstrat	fno8317	C
2020-04-17 08:29:25.061910	u/ThaPTGaming	fnoigg4	u/galaxy02468	fnoid1p	C
2020-04-17 08:29:31.293670	u/I_Faced_The_Wind	fnoigo9	u/Just_Carliz	fnodqkj	C
2020-04-17 08:29:33.157761	u/MoFauxTofu	fnoigpd	u/YeetTheMeatyFeet	fnoh7ab	C
2020-04-17 08:29:41.290423	u/FIFAMEMES	fnoihb1	u/GoyimBorn	fnoi807	C
2020-04-17 08:29:49.854021	u/CollineLouise	fnoihvw	u/anthonywj9	fnohm5t	C
2020-04-17 08:30:13.383018	u/TechedPyro	fnoiipu	u/melikedoggos	fnoia8u	C
2020-04-17 08:30:35.783138	u/GodLikeSasquatch	fnoijb7	u/SadBoi_throw	fnoh9kl	C
2020-04-17 08:30:58.607312	u/Cheesymite589	fnoijsl	u/RepostSleuthBot	fnogsfg	C
2020-04-17 08:31:06.391948	u/PrimusPeksimus	fnoijxy	u/Manzar534	fnoicfj	C
2020-04-17 08:31:10.834158	u/Slim_130	fnoik53	u/Cryptoporticus	fnofe70	C
2020-04-17 08:31:46.707743	u/HotBurger122	fnoil9u	u/superbloggity	g2wqyt	S
2020-04-17 08:32:06.664175	u/Sweet_Tooth_VII	fnoiluq	u/RedditSuspendedMyAss	fnohwlu	C
2020-04-17 08:32:35.654819	u/brunoras	fnoimpo	u/aleksei01	fnnztcx	C
2020-04-17 08:33:44.259262	u/Pjad112	fnoip3a	u/UndeadNewt	fnoigi7	C
2020-04-17 08:34:58.675445	u/RusMarioRomania	fnoirj8	u/YourCharacterCounts	fnoim9u	C
2020-04-17 08:35:22.958238	u/TrashyMgee	fnoisey	u/-PeanutButterFly-	fnoejs9	C
2020-04-17 08:35:29.740871	u/That_Grim_Texan	fnoisjx	u/ChmeldaMat	fno0aev	C
2020-04-17 08:35:31.745654	u/Idrowngoldfish	fnoisn9	u/Spooky_Maniac	fnoi2oi	C
2020-04-17 08:35:36.489111	u/Eddepedde06	fnoisq3	u/Ramverk	fnoijlj	C
2020-04-17 08:35:49.596076	u/BebeIsImportant	fnoit2d	u/EliasHobeika	fnohqgd	C
2020-04-17 08:35:51.550078	u/Crimson_time	fnoit3x	u/its-just-paul	fnoint1	C
2020-04-17 08:36:48.384416	u/C-Roof-Jumper	fnoiuep	u/fanpan1234	fnnzrl9	C
2020-04-17 08:37:07.577582	u/ObiWanCanShowMe	fnoiv4m	u/Chemicald90	fnod828	C
2020-04-17 08:37:22.864724	u/KuonRad	fnoivfn	u/JealousDog99	fnoi69n	C
2020-04-17 08:37:27.487722	u/Himanshupanse86	fnoivno	u/Leviticoh	fnnyfqa	C
2020-04-17 08:37:43.100472	u/_pacifier_	fnoiw1g	u/The_Winner_2021	fnoitv0	C
2020-04-17 08:38:02.128510	u/fnaf_fan_rem	fnoiwri	u/Nomulite	fnof0s9	C
2020-04-17 08:38:19.226074	u/Dadilan	fnoixc3	u/ClumbusCrew	fnoirqs	C
2020-04-17 08:38:34.082308	u/Reddit-Detective-	fnoixom	u/ineed_somelove	fnof1d6	C
2020-04-17 08:38:39.535149	u/irate_peacekeeper	fnoixss	u/syndicate1024	fnogwdy	C
2020-04-17 08:38:44.413913	u/Sandirocsayzlol	fnoixy9	u/Anuj4388	fno4tw8	C
2020-04-17 08:38:58.965391	u/VictoriaSobocki	fnoiyi1	u/Chemicald90	fnod828	C
2020-04-17 08:39:47.078603	u/grayk38	fnoj11w	u/rojo100pfr	fnoackq	C
2020-04-17 08:41:48.871095	u/Yaragaray	fnoj4o1	u/CorruptedApple23	fnog820	C
2020-04-17 08:42:39.331104	u/demo141	fnoj6a1	u/currentlyjerkingoff_	fnoj4nv	C
2020-04-17 08:42:56.815111	u/TheNoobDog13	fnoj6qg	u/ElectricMotorsAreBad	fnoiwn3	C
2020-04-17 08:43:13.013619	u/Gaucho996	fnoj6xp	u/ShittymemesRU	fnoimev	C
2020-04-17 08:43:39.123387	u/Knowledge_Harbinger	fnoj7cg	u/Shaarsp	fnnwokt	C
2020-04-17 08:43:55.749575	u/Xxdark-ninja0xX	fnoj7v1	u/julian_a_arnold	fnoj2sl	C
2020-04-17 08:44:23.232433	u/antiniger	fnoj8ih	u/TheChocolateCray	fnohzgp	C
2020-04-17 08:44:35.410428	u/watermelonOrbit	fnoj8pl	u/pizza-on-cheese	fnodyja	C
2020-04-17 08:44:39.677961	u/jackdoeniels	fnoj8r3	u/Danorlan06	fnohfod	C
2020-04-17 08:44:46.570166	u/SSSNERT	fnoj8uj	u/DueLearner	fnoeq44	C
2020-04-17 08:45:01.913544	u/heyyanewbie	fnoj9fn	u/RepostSleuthBot	fnoj6vs	C
2020-04-17 08:45:06.397521	u/soul_crusher16	fnoj9ix	u/Kraqle	fno4uaa	C
2020-04-17 08:45:45.858124	u/quixmeemalt	fnojakz	u/SeaGDPA	fnm2f8u	C
2020-04-17 08:45:53.536092	u/dashrman	fnojaxa	u/dashadowmaster69420	fno81kw	C
2020-04-17 08:46:24.526611	u/Alexexec	fnojbpf	u/warptwenty1	fnoisqc	C
2020-04-17 08:46:37.442587	u/Gigi121k	fnojc22	u/smolraven	fnnxrf5	C
2020-04-17 08:46:54.529469	u/linklone1122	fnojdbt	u/NicoSvon	fnoiw2h	C
2020-04-17 08:47:04.879936	u/Tiggs_345	fnojdww	u/FishingHobo	fnofwq5	C
2020-04-17 08:47:16.661807	u/GoncaloConceicao	fnojed4	u/Bedtyme06	fnob1cj	C
2020-04-17 08:49:47.381109	u/Dr4g0nW4g0n	fnojjoj	u/Daelony	fnof2f7	C
2020-04-17 08:52:01.958019	u/lealeas	fnojngc	u/Tuke_96seemsnice	fnod70f	C
2020-04-17 08:52:25.188663	u/Pandalife1416	fnojo69	u/TNerdy	fnocuh4	C
2020-04-17 08:52:37.891375	u/SexyGenguButt	fnojof9	u/Markus-but-with-a-c	fnoe1ld	C
2020-04-17 08:52:52.321217	u/omnomnomnomatopoeia	fnojp2t	u/Chemicald90	fnod828	C
2020-04-17 08:52:58.781840	u/Talk8tive_NxiT	fnojp4b	u/Riskyzz	fnojo6o	C
2020-04-17 08:53:06.731015	u/aviationtweet	fnojp79	u/Knowledge_Harbinger	fnoj7cg	C
2020-04-17 08:53:45.289144	u/CoinLords	fnojqd1	u/TrashyMgee	fnoisey	C
2020-04-17 08:54:07.083671	u/Ssxxxhxxx	fnojqsp	u/UGLYSCPTATO-69	fnojotr	C
2020-04-17 08:54:16.650627	u/thegreatprofessor	fnojr1k	u/AnAverageGamer2128	fnoilex	C
2020-04-17 08:54:37.778042	u/Philipp100298	fnol1kr	u/defohuman	fno9nh8	C
2020-04-17 08:55:15.286509	u/13579dll_	fnol2vz	u/UGLYSCPTATO-69	fnokoeu	C
2020-04-17 08:55:17.359231	u/Informal_Coconut	fnol2wx	u/ikilled5kids	fnoiu7u	C
2020-04-17 08:55:40.844742	u/SuperToast32	fnol3qd	u/felixjsp	fnoc3dn	C
2020-04-17 08:55:57.023340	u/TackieToot	fnol4ab	u/YeetTheMeatyFeet	fnoi9bd	C
2020-04-17 08:56:22.729567	u/Kersak_The_Great	fnol532	u/NguyenKhangThinh	fno7j9p	C
2020-04-17 08:56:55.371770	u/cringemaster2175	fnol5uy	u/Jindo5	fno5g86	C
2020-04-17 08:58:06.851342	u/DANGERSCONE	fnol8kp	u/clone_ranger	fnod2vo	C
2020-04-17 08:58:15.791552	u/C00lCat789	fnol8wn	u/AREUATURTLE	fnnxws5	C
2020-04-17 08:58:24.185670	u/_mm19_	fnol929	u/TickleDuckFeathers	fnol6p0	C
2020-04-17 08:59:08.842333	u/bich-	fnolb0f	u/NotMuselk26	fnol3mv	C
2020-04-17 08:59:38.587256	u/sadrabp	fnolc8a	u/lastplacejunkie	fnogzze	C
2020-04-17 08:59:42.613109	u/luddexdd	fnolcfn	u/StarvingWalrus	fnoixfb	C
2020-04-17 08:59:51.752674	u/betiktumilikaq	fnoldbd	u/AK24ROCKS	fnolc55	C
