2020-04-16 19:00:37.979743	u/bruhdontgotolocker25	fnmtcsx	u/Artulis	fnmsecg	C
2020-04-16 19:00:42.493132	u/cinnamon_52	fnmtcw2	u/7051833	fnms22w	C
2020-04-16 19:01:47.192415	u/doomed_123	fnmtftk	u/AFatPieceOfGarbage	fnmri5z	C
2020-04-16 19:01:50.546189	u/Pr0m3theus88	fnmtg55	u/ItsYaBoiBiggie65	fnmebrb	C
2020-04-16 19:01:57.008713	u/JazzyAngelFlower	fnmtga0	u/Picker-Rick	fnmr3v0	C
2020-04-16 19:02:24.019034	u/siy05	fnmthjz	u/MoreAnonymo	fnmmmox	C
2020-04-16 19:02:31.631035	u/tperks55	fnmthoh	u/Riftychu	fnmnsz8	C
2020-04-16 19:02:36.023943	u/s8anicMeat	fnmthwt	u/yaboyroy61	fnmbhqs	C
2020-04-16 19:02:58.226783	u/finfeeven	fnmtizf	u/Ssamitox	fnmank4	C
2020-04-16 19:03:07.251689	u/AAXP03	fnmtj8n	u/MoreAnonymo	fnmt2mp	C
2020-04-16 19:03:43.020428	u/SL-Not-A-Noob	fnmtkk3	u/Rock_Roll_Brett	fnmmjsf	C
2020-04-16 19:04:26.207018	u/Dank-boi9000	fnmtlxa	u/Pewdiepiedabezt	fnk2elt	C
2020-04-16 19:04:43.159785	u/YourLocalMosquito	fnmtmo0	u/NautilusCubist	fnmq8pe	C
2020-04-16 19:05:02.494613	u/punkrockerducker	fnmtnku	u/ItsYaBoiBiggie65	fnmebrb	C
2020-04-16 19:06:42.009262	u/AwkwardPug16	fnmts3b	u/Mr_It66	fnmf8cg	C
2020-04-16 19:06:47.252387	u/imDEUSyouCUNT	fnmtsfb	u/Archangel004	fnmrc3p	C
2020-04-16 19:06:57.835879	u/Mr_Martiniii	fnmtsri	u/PrimeParzival	fnmsju5	C
2020-04-16 19:08:02.653611	u/RamenBurgerWasTaken	fnmtvxn	u/MrGrampton	fnmofwz	C
2020-04-16 19:08:21.928505	u/JUSTWANNACUDDLE	fnmtxej	u/JDixxer	fnmps49	C
2020-04-16 19:08:26.843291	u/50_kuRus_vER_tIRrEk	fnmtxl1	u/AutisticDoughnut420	flixfxz	C
2020-04-16 19:09:31.960388	u/NIcE420_69	fnmu3la	u/MrGrampton	fnmofwz	C
2020-04-16 19:09:33.826201	u/Shadow1y	fnmu3ny	u/ai_to_do_reCAPTCHAs	fnmseic	C
2020-04-16 19:09:46.561592	u/knorknorknor	fnmu4mv	u/defohuman	fnm9pa4	C
2020-04-16 19:09:52.142371	u/pumpkeene	fnmu5fk	u/JazzyAngelFlower	fnmilu3	C
2020-04-16 19:09:56.302720	u/Ayee1tsLeooo	fnmu68n	u/Billyblunderbuttles	fnmt4nr	C
2020-04-16 19:10:03.134384	u/Willow_Treex	fnmu6vk	u/VirgenALos40_Posting	fnmpz4e	C
2020-04-16 19:10:56.865190	u/NaturalRadiation	fnmu7ro	u/ai_to_do_reCAPTCHAs	fnmseic	C
2020-04-16 19:11:02.015049	u/ISWGuitar	fnmu7tl	u/Kade_Watson	fnkmco8	C
2020-04-16 19:12:09.027950	u/MasterKingWizard	fnmuasg	u/AtruecanadianMoose	fnmqqw1	C
2020-04-16 19:12:25.012233	u/BanginBananas	fnmubdo	u/meh9876543210	fnmtwa0	C
2020-04-16 19:12:35.151783	u/Shangohod	fnmubv1	u/meh9876543210	fnmtwa0	C
2020-04-16 19:13:17.107967	u/jonahgirl10	fnmucxk	u/flmceccato	fnmuaor	C
2020-04-16 19:13:20.363889	u/GopherBeans	fnmud1l	u/5p4n911	fnmsbqo	C
2020-04-16 19:13:42.377423	u/LudlethTheExiled	fnmudx0	u/Eagleye2504	fnlqb0n	C
2020-04-16 19:14:34.099394	u/juniperwitcher	fnmufys	u/XNS_Films	fnmu2eb	C
2020-04-16 19:14:37.008542	u/after_brillig	fnmug0h	u/JediDumbledore	fnmmw4p	C
2020-04-16 19:14:50.122804	u/prayformoj0	fnmugpb	u/Hypererra	fnludex	C
2020-04-16 19:16:34.460664	u/blixafritz	fnmuli8	u/ultraman7676	fnmsua1	C
2020-04-16 19:16:58.603269	u/mossipb	fnmumlp	u/meh9876543210	fnmu8ie	C
2020-04-16 19:17:07.835423	u/1011lg	fnmun30	u/VirgenALos40_Posting	fnmpz4e	C
2020-04-16 19:17:47.977042	u/Anonymousmedstudnt	fnmuoj9	u/bopp0	fnmnrh4	C
2020-04-16 19:18:01.486832	u/drolgnir	fnmupb6	u/Lolifox-UwU	g2ha9a	S
2020-04-16 19:18:30.951343	u/Drink_Bread_	fnmur1p	u/TheAvalanchilator	fnlg3n2	C
2020-04-16 19:18:37.489684	u/karenbecerrs	fnmurfu	u/Archangel004	fnmrc3p	C
2020-04-16 19:18:38.908507	u/squat_slav_1945	fnmurjd	u/FelixShitberg	fnky1mq	C
2020-04-16 19:18:44.532348	u/Volkuun	fnmus42	u/Half_Ork_Cacti	fnmuj25	C
2020-04-16 19:18:56.976132	u/usernamejohnny12	fnmut51	u/boldj180	fnmpf97	C
2020-04-16 19:19:23.111037	u/t3450	fnmuujw	u/Stevemagegod	fnmuooo	C
2020-04-16 19:19:28.884037	u/idankthegreat	fnmuutl	u/Priapus3	fnmucgf	C
2020-04-16 19:19:29.921831	u/xii3BDo	fnmuuvb	u/maudlinLark	fnmni4f	C
2020-04-16 19:19:42.519716	u/_DeAd_MeAm_	fnmuvzm	u/YandereScum	fnmuspu	C
2020-04-16 19:19:53.446620	u/DingusCrisper	fnmuwto	u/KillMeImNoPotatoe	fnmo6ek	C
2020-04-16 19:20:04.340755	u/rockstar21513	fnmuxn9	u/The-Redditor-Sir-Nap	fnjjcfz	C
2020-04-16 19:21:33.825319	u/ricbir	fnmv02n	u/coolmandude545	fnmc2sw	C
2020-04-16 19:21:39.319108	u/god_of_scum	fnmv07d	u/roliravioli78	fnmuquu	C
2020-04-16 19:21:49.341332	u/Raccen_	fnmv0d1	u/BestResponder1234	fnmtlme	C
2020-04-16 19:22:02.300516	u/ToBeat_ELIT3	fnmv0qw	u/KormitTheFreg	g2iur0	S
2020-04-16 19:23:12.584362	u/CloudedWheel6	fnmv3af	u/handlessuck	fnm4pn6	C
2020-04-16 19:23:41.760776	u/meatballboio	fnmv4qz	u/DaAveragePoTaTo	fnkw57d	C
2020-04-16 19:23:48.054874	u/MDole101	fnmv4uc	u/FloweyTheFlowerYT	fnmuxgt	C
2020-04-16 19:23:52.841544	u/TheDrunkenMonarch	fnmv4x6	u/AAXP03	fnmtj8n	C
2020-04-16 19:24:11.202618	u/ELADESOM	fnmv5m0	u/PKMartinL	fnmv23t	C
2020-04-16 19:24:40.796060	u/Paramisamigos	fnmv74d	u/inferno350z	fnmbmbw	C
2020-04-16 19:24:46.535750	u/troc1337	fnmv7e5	u/Aurilion	fnmu4y3	C
2020-04-16 19:25:00.142826	u/t1r1g0n	fnmv7tg	u/whatchagonnado0707	fnmp9ri	C
2020-04-16 19:25:37.706841	u/thathvacguy	fnmv9ak	u/cbroney	g2q0ww	S
2020-04-16 19:25:41.543160	u/zenofire	fnmv9gq	u/yowc	fnmowmg	C
2020-04-16 19:25:46.705211	u/LORD_O_LORDS	fnmva0m	u/YoHomie99	fnmrk6h	C
2020-04-16 19:26:25.302794	u/MemeblitzIQ	fnmvav1	u/RepostSleuthBot	fnmpbhw	C
2020-04-16 19:26:30.640154	u/Amine_0047	fnmvb2r	u/adrian443	fnmsha7	C
2020-04-16 19:27:05.203161	u/Kermitheranger	fnmvchg	u/itseuropareport	fnmu69u	C
2020-04-16 19:27:08.980474	u/bobandsvagene	fnmvcxs	u/IDKIfSauceExists	fnmqk5g	C
2020-04-16 19:28:06.595853	u/Jordicious	fnmvfpw	u/Jcrouse83	fnmukq6	C
2020-04-16 19:28:25.206562	u/Azure2001	fnmvguw	u/Darth-Oreo	fnmu95m	C
2020-04-16 19:28:28.143866	u/Credix03	fnmvgwu	u/maninblakkk	fnmb60m	C
2020-04-16 19:28:45.234119	u/Xboxinab0x	fnmvhxf	u/Gamerschoice	fnl73v0	C
2020-04-16 19:28:47.840517	u/nofizzle	fnmvi1k	u/EvilNaziPatriarchist	fnmc5og	C
2020-04-16 19:29:01.804151	u/banjoplayingredneck	fnmvj4v	u/RetroBoo	fnmc9sk	C
2020-04-16 19:29:46.410101	u/CrypticSplunge	fnmvlzm	u/Flippyrex	fnmv6qn	C
2020-04-16 19:30:04.242944	u/mikey300908	fnmvmpa	u/SuperSonicForce	g2q0hi	S
2020-04-16 19:31:51.062814	u/MrRandom363	fnmvrqo	u/bobbyskee	fnmuyqw	C
2020-04-16 19:32:21.938143	u/Real_Macgyver	fnmvsky	u/mildly-liberal	fnmuyet	C
2020-04-16 19:33:19.427523	u/ZenMasterChief	fnmvufu	u/thiccest-boi-here	fnmvtpo	C
2020-04-16 19:33:54.369956	u/MisplacingCommas	fnmvvwl	u/blitzmeme69	fnll803	C
2020-04-16 19:34:13.699531	u/boltsteamer	fnmvwdk	u/ai_to_do_reCAPTCHAs	fnmuk6x	C
2020-04-16 19:34:22.383614	u/nibck	fnmvwnz	u/3XcRaZyX3	fnmt8zh	C
2020-04-16 19:34:29.472717	u/royal__blu	fnmvwsi	u/suit-man-gaming	fnmm3sb	C
2020-04-16 19:34:41.069087	u/HeyImMarius	fnmvx8b	u/tavorasc	fnmvt36	C
2020-04-16 19:34:48.650458	u/U-Perm	fnmvxj5	u/YeetusMcSkeetus69420	fnmixr4	C
2020-04-16 19:35:01.054616	u/i-use-this-badly	fnmvyh4	u/twiztedmind209	fnmcy9o	C
2020-04-16 19:35:16.919908	u/Mega_B0T	fnmvzlr	u/coco_likes_gaming	fnml6iy	C
2020-04-16 19:35:38.158048	u/andres69420	fnmw0e7	u/ZenMasterChief	fnmvufu	C
2020-04-16 19:35:44.697610	u/Just_a_meme_searcher	fnmw0k6	u/AK24ROCKS	g2e1qe	S
2020-04-16 19:36:34.361473	u/Raebor	fnmw382	u/Mr_SmoothieHuman	fldvbzz	C
2020-04-16 19:36:41.373464	u/SisyphusPushinBoots	fnmw39q	u/Zanadar	fnmq02k	C
2020-04-16 19:36:57.630996	u/ANCHOMAN82	fnmw44e	u/RepostSleuthBot	fnmqps1	C
2020-04-16 19:37:03.548122	u/wholelottafiji	fnmw4bf	u/PrimeParzival	fnmsju5	C
2020-04-16 19:38:23.039392	u/Pillowmaster7	fnmw9va	u/JDixxer	fnmpd98	C
2020-04-16 19:38:47.742975	u/kevinlienus	fnmwbd6	u/again-taken-Username	fnmp6tx	C
2020-04-16 19:38:50.126897	u/spectre1006	fnmwbjk	u/RetroBoo	fnmpu9t	C
2020-04-16 19:39:16.449539	u/Blank_24200	fnmwdj3	u/pewdievik	fmmz526	C
2020-04-16 19:39:30.070957	u/JustALoserr	fnmwf9s	u/Unsocialtowel	fnl5num	C
2020-04-16 19:39:39.640878	u/pandadragon52	fnmwgw5	u/JonnyBrah	fnmre8f	C
2020-04-16 19:39:40.486747	u/ManiacCuber	fnmwgwv	u/kylelovershrek2	fnmfxdn	C
2020-04-16 19:39:58.056447	u/silver6226	fnmwi9h	u/NIcE420_69	fnmwedz	C
2020-04-16 19:40:19.238867	u/Tough_Fruit	fnmwjk3	u/CorbinMar	fnmw464	C
2020-04-16 19:42:02.179434	u/MrCompsognathus	fnmwod1	u/ANCHOMAN82	fnmw44e	C
2020-04-16 19:42:16.973149	u/THEBESTINTHEWORLD111	fnmworq	u/JackMandolino	fnmwlnm	C
2020-04-16 19:44:13.318604	u/Masterbaiter90	fnmwtwk	u/sulphra_	fn5uyc0	C
2020-04-16 19:44:55.589138	u/Primrose_Blank	fnmww4k	u/JonnyBrah	fnmre8f	C
2020-04-16 19:44:58.599999	u/XShad0wRiderX	fnmwwdh	u/Deathnoob101	fnmlfvq	C
2020-04-16 19:45:33.841702	u/DCook58	fnmwxu7	u/tposeonthehighground	fnmmuj0	C
2020-04-16 19:46:06.088625	u/pinkcat219	fnmwzrv	u/woahwayne	fnm159o	C
2020-04-16 19:46:09.239437	u/HappyHusky348	fnmwzth	u/usernamenoises	fnmvcga	C
2020-04-16 19:47:01.022338	u/WebSurferLifeless	fnmx28a	u/Rolltide-tolietpaper	fnmgyk6	C
2020-04-16 19:47:49.842621	u/Walrus9000	fnmx4f8	u/tonystarkreborn	fnmx28w	C
2020-04-16 19:48:00.544142	u/its_bobatea	fnmx4qk	u/IDKIfSauceExists	fnmqk5g	C
2020-04-16 19:48:18.009614	u/TheDankerGod	fnmx5wk	u/JonnyBrah	fnmre8f	C
2020-04-16 19:48:34.576981	u/NotRandomlyGenerated	fnmx6i8	u/ShadyGrady15	fnkhp73	C
2020-04-16 19:48:48.432012	u/terrifying_avocado	fnmx7nl	u/BigBeardie215	fnmnwwg	C
2020-04-16 19:48:52.382409	u/spooderdoggo	fnmx7zg	u/ImSoFaboolous	fnms7hc	C
2020-04-16 19:49:45.009240	u/MrChillis12	fnmxb9y	u/Bi-Cycle-Unchained	fnmtpfx	C
2020-04-16 19:49:50.070413	u/Cake_Day_Is_420	fnmxc0k	u/RepostSleuthBot	fnmty91	C
2020-04-16 19:49:58.229090	u/ryderalex04	fnmxebe	u/TheStonka	fnljql3	C
2020-04-16 19:50:14.837223	u/Potentially_great_	fnmxf7l	u/Duncan_stone	fnmby9l	C
2020-04-16 19:50:50.534675	u/ScientificGem	fnmxh3x	u/C1nders-Two	fnmwzme	C
2020-04-16 19:51:39.376632	u/kpop016	fnmxiyv	u/Y0lkEgg	fnmxf5w	C
2020-04-16 19:51:55.507455	u/trufflekitten7	fnmxjd1	u/ZenithDaCretan	fnmx91x	C
2020-04-16 19:52:57.700001	u/Raindot	fnmxlmn	u/icefire555	fnmw21t	C
2020-04-16 19:53:59.634908	u/DaPencilBuddy	fnmxp0m	u/Aeroponce	fnlxhto	C
2020-04-16 19:54:01.804083	u/SadRegular	fnmxpdj	u/Single2Dingle	fnjuzp8	C
2020-04-16 19:54:31.550940	u/E_A_STONKS	fnmxqi1	u/mitynho	fnmc7sa	C
2020-04-16 19:54:40.573876	u/PGala01	fnmxr1d	u/Crzy_Scopez	g2m6yh	S
2020-04-16 19:54:46.492797	u/lonesnipe-r	fnmxr4q	u/Soulsaversara	fnmlcax	C
2020-04-16 19:55:28.455132	u/bkrus187	fnmxsmr	u/dl-rsk	fnmtkdm	C
2020-04-16 19:55:59.983300	u/UltraEpicMan	fnmxt7d	u/Wannabe-Mexican	fnljpjd	C
2020-04-16 19:56:53.752878	u/YouPickedTheWrongDip	fnmzmfx	u/ExInferisExcitare	fnmz7na	C
2020-04-16 19:58:28.028221	u/yogalift	fnmzr9e	u/Ox_Kit-Kat_xO	fnmms8n	C
2020-04-16 19:58:30.072403	u/obama_the_lllama	fnmzrbg	u/alexfedp26	fnm4ola	C
2020-04-16 19:59:06.497285	u/Babe_the_Gallant_Pig	fnmztfg	u/Unreal_Darkhalis	fnmyp1c	C
2020-04-16 19:59:19.391767	u/Chunky-Joe-	fnmztwi	u/PublicTrash	fnmiuiw	C
2020-04-16 19:59:21.627736	u/Nionori	fnmztza	u/Quija5000	fnmznta	C
2020-04-16 19:59:22.745399	u/midget_porn_for_life	fnmzu1y	u/SpectralOwl69	fnmwzzs	C
2020-04-16 19:59:33.346042	u/Ki113rFr05t	fnmzuct	u/hitleristhg	fnlocph	C
