2020-03-29 19:00:04.252084	u/Twenty_OneTacos	flvfe1b	u/Gijsieboy100	flvbifi	C
2020-03-29 19:00:20.653071	u/Niggie-cheese	flvfego	u/RandomPersonMemes	flv61pq	C
2020-03-29 19:00:32.815609	u/GoniniNLoff	flvfero	u/Wiggle_Titties_UWU	frdzmq	S
2020-03-29 19:00:37.704660	u/mikejr96	flvfevm	u/Jazzinarium	flvel6b	C
2020-03-29 19:00:42.411739	u/jamsisathing	flvff10	u/Patatas_Quemadas	flvfbv9	C
2020-03-29 19:00:45.947716	u/hogey74	flvff5h	u/Rockman307	flv8adb	C
2020-03-29 19:00:54.257670	u/TIMBEROWIE	flvffdd	u/Tobzzzzzzzzzzzzzzzzz	flvf9f1	C
2020-03-29 19:01:05.394300	u/meemer-minty	flvffhi	u/Protoss11	flsvdrx	C
2020-03-29 19:01:08.998997	u/Midnightt247	flvfflh	u/migu31_h	flve5gd	C
2020-03-29 19:01:37.892353	u/LacunaArcane	flvfgee	u/The_night_camel	flvb7up	C
2020-03-29 19:02:10.130157	u/caburped	flvfhj3	u/Bonnie192	flv70tl	C
2020-03-29 19:02:58.599726	u/pinakoladaz	flvfj1h	u/YeetusGetDiabeetus	flvb1h1	C
2020-03-29 19:03:09.247092	u/famaalex	flvfj92	u/Evan_Rookie	flv7lwl	C
2020-03-29 19:03:28.601874	u/karen_squad	flvfjqv	u/Thanosboi86	flv1wtq	C
2020-03-29 19:03:44.850304	u/omega6942	flvfkib	u/Ph4nt0m_Hydra1	flv58et	C
2020-03-29 19:03:49.172411	u/Lofted10	flvfkk6	u/zentaurussaurus	flvfhht	C
2020-03-29 19:04:07.605552	u/honeytown_	flvfl5u	u/Sergey32321	flvb3gb	C
2020-03-29 19:04:11.921343	u/BigOlSasauge	flvflcf	u/leothememer	flvert5	C
2020-03-29 19:04:16.158518	u/aShittybakedPotato	flvfleo	u/ggdabs	flv81k5	C
2020-03-29 19:04:23.944009	u/frickin-heckers	flvflmb	u/AutoModerator	flu6lsu	C
2020-03-29 19:04:30.370417	u/StrikeRed23	flvflwp	u/KiraR00t	flvffw9	C
2020-03-29 19:04:35.460241	u/thmsdrdn56	flvfly4	u/thenonfurrywolf	flvf49i	C
2020-03-29 19:04:37.596957	u/T-223	flvfm5q	u/Westdrache	fluhxys	C
2020-03-29 19:04:49.349595	u/idontlikebaddrivers	flvfmn2	u/LeonardoFire_	flvfktn	C
2020-03-29 19:05:35.873080	u/NumerousPomegranate6	flvfob8	u/FluffyScruff	fj7zlv2	C
2020-03-29 19:06:45.974004	u/i-can-only-lie	flvfqko	u/MrKrabs13	flv2arz	C
2020-03-29 19:06:56.130073	u/69_angle	flvfqvr	u/NuttyPichu	fluh0j3	C
2020-03-29 19:07:02.190689	u/neoooooooowwwwmmmm	flvfr25	u/ARandom-Penguin	flurxqo	C
2020-03-29 19:07:18.841555	u/Lvl3WifeBeater	flvfrw6	u/racerfree	flvcoj4	C
2020-03-29 19:07:25.189585	u/pjanic-at-the-isco	flvfryi	u/InfinateUniverse	fr9dgk	S
2020-03-29 19:07:36.870972	u/geb9000	flvfscf	u/Spicymemez17	flv9pko	C
2020-03-29 19:07:45.571965	u/cheddarbob012	flvfsn5	u/malupaural	flv7gkt	C
2020-03-29 19:08:01.571139	u/fiddleplayer557	flvftck	u/j4mi3_69429	flv5o7n	C
2020-03-29 19:08:26.764604	u/halmyradov	flvfukp	u/ZebraPopcorn94	flveyif	C
2020-03-29 19:08:28.285894	u/lilcheetoh02	flvfunc	u/Xach0	flve4eu	C
2020-03-29 19:08:34.892524	u/El_Gabbas	flvfuzg	u/lucasborage	fr8xbu	S
2020-03-29 19:08:48.524783	u/ginger_kid03	flvfvpt	u/GhostDogThing	flvdxii	C
2020-03-29 19:08:53.932684	u/Captain_Obvious9001	flvfvrw	u/The_Dark_Boco	flvebr5	C
2020-03-29 19:09:01.618300	u/Zeus0907	flvfw33	u/R_Zamo360	fltw0gw	C
2020-03-29 19:09:04.344936	u/ankurlal2015	flvfw46	u/Thederpydroid	flv7mmn	C
2020-03-29 19:09:27.673393	u/thebagleboI	flvfwyf	u/BlackPawss	flvawq1	C
2020-03-29 19:09:57.706825	u/memelicious72	flvfywy	u/Mynameischococookie	flvan6i	C
2020-03-29 19:10:10.039588	u/Mochapine819	flvfzc8	u/patronstofveganchefs	fluo6qf	C
2020-03-29 19:10:14.911442	u/ASHER999999	flvfzgq	u/Toxic_scientist	fraet4	S
2020-03-29 19:10:35.430214	u/Twigkid15	flvfzyu	u/MrIceGuyD	flvbtdw	C
2020-03-29 19:11:31.689785	u/MyArse37	flvg1l2	u/artfillin	flvfi8p	C
2020-03-29 19:12:02.139528	u/memelicious72	flvg276	u/reeeeingpepeisgod	flvaqnt	C
2020-03-29 19:12:18.002119	u/another_idiot9	flvg2ep	u/that1dragonreddit	flvfoma	C
2020-03-29 19:12:39.293849	u/MT1690	flvg2z2	u/sunbleahced	fluojux	C
2020-03-29 19:13:00.007361	u/Reddit-Dit-Dit-Doo	flvg3m4	u/RandomPersonMemes	flv61pq	C
2020-03-29 19:13:02.149691	u/leviawkward	flvg3mn	u/chinese_bat	flv96yy	C
2020-03-29 19:13:11.637206	u/BusyChameleon	flvg3wq	u/Thatdudeross	flvat0c	C
2020-03-29 19:13:17.209495	u/Katsoya	flvg45k	u/Deviliant1	fluswmc	C
2020-03-29 19:13:20.288437	u/MightyAnarchist	flvg46w	u/randomphiladelphian	flve6yi	C
2020-03-29 19:13:41.990094	u/jacob_r2004	flvg506	u/iCanGo4That	fluwttq	C
2020-03-29 19:13:44.117167	u/Judistheworst	flvg51w	u/j4mi3_69429	flv5o7n	C
2020-03-29 19:13:46.326868	u/lualdu	flvg529	u/Evil_Boi_Deku	flu5w9j	C
2020-03-29 19:13:57.499460	u/SimonHKongsted	flvg5as	u/chaotic-sadness77	flvfp1e	C
2020-03-29 19:14:01.503636	u/Velvetpegasus	flvg5fj	u/deaf_rampss	flv9q4u	C
2020-03-29 19:14:03.631007	u/Ph3n0lphthalein	flvg5hm	u/AutoModerator	flomwsb	C
2020-03-29 19:14:07.122541	u/MoNeu98	flvg5i7	u/InfinateUniverse	fluluek	C
2020-03-29 19:14:26.382091	u/Ryannitro9	flvg612	u/night_stealer	flv9q9z	C
2020-03-29 19:14:32.681267	u/kimcpi	flvg62i	u/Toxic_scientist	fraet4	S
2020-03-29 19:14:34.667701	u/Retarded_Capatalist	flvg639	u/The_Dark_Boco	flvd3d9	C
2020-03-29 19:15:26.738528	u/Kingteamleader	flvg7i0	u/crawdaddy-	flve3iu	C
2020-03-29 19:15:28.640008	u/alwx86811	flvg7i5	u/AutoModerator	fluql8t	C
2020-03-29 19:15:46.191198	u/acatwholikestacos	flvg85z	u/hi_nice_to_met_u	flvaym7	C
2020-03-29 19:16:22.115296	u/bradje61	flvg947	u/jeweleryinthesea	fluv38d	C
2020-03-29 19:16:24.566075	u/Fran-san123	flvg97o	u/Owanjila	flurih5	C
2020-03-29 19:16:37.563892	u/Gammingguy365	flvg9n3	u/loliprotectservice	fluwxol	C
2020-03-29 19:16:52.182154	u/yaboiyos	flvgaa8	u/clever_whenever	flvcitc	C
2020-03-29 19:16:59.599997	u/introvertguyishere	flvgam3	u/DogeMaster21	flv54w0	C
2020-03-29 19:17:16.572876	u/TheSpamwich	flvgb2r	u/ThinkSkyFour	flve3bu	C
2020-03-29 19:17:25.713176	u/Iliketurtles9187	flvgbg7	u/GodplayzGaming	flv9t2o	C
2020-03-29 19:17:29.581962	u/MegaTurtle7	flvgblg	u/InfinateUniverse	fluluek	C
2020-03-29 19:17:32.134516	u/MetalHybrid	flvgbsm	u/G4Fly4Ever	flurbor	C
2020-03-29 19:18:27.328655	u/IhateMicah06	flvge3i	u/AnakinsShowerDrain	flvfynt	C
2020-03-29 19:18:39.657090	u/RazvanCl	flvgekv	u/MT1690	flvg2z2	C
2020-03-29 19:18:41.033416	u/ItsAndyRu	flvgen0	u/night_stealer	flv9q9z	C
2020-03-29 19:18:44.231421	u/Squilliam_Dowd	flvgetl	u/Octopus-masterpiece	flvckvk	C
2020-03-29 19:19:01.759627	u/BaconBeary	flvgg6q	u/ThinkSkyFour	flveg45	C
2020-03-29 19:19:05.237009	u/ToyoKitty	flvggfa	u/JustCharles_	flusmik	C
2020-03-29 19:19:30.728957	u/Blazer2411	flvghob	u/Ph4nt0m_Hydra1	flv58et	C
2020-03-29 19:19:38.007869	u/flamingkitten101	flvgi3i	u/TheChicken925	flv27pk	C
2020-03-29 19:19:50.775014	u/rustyrobotisbroken	flvgik9	u/Tomatozauz	flvau55	C
2020-03-29 19:19:55.303117	u/ConceptualizingHuspa	flvgipu	u/UgandanShrekBoi	flvexdw	C
2020-03-29 19:19:55.972552	u/flamingkitten101	flvgiqv	u/TheChicken925	flv27pk	C
2020-03-29 19:19:58.692595	u/34shadow1	flvgj4b	u/IRecallATime	flvgequ	C
2020-03-29 19:20:37.160059	u/reithiho	flvhkw2	u/Sinisterr_	fluvf5h	C
2020-03-29 19:20:50.715379	u/dreadpiraterobbo	flvhl9u	u/Mystic_Nemesis	flvh8dd	C
2020-03-29 19:20:55.322285	u/ayemapirate	flvhlbb	u/jmc1004	flv8f0a	C
2020-03-29 19:21:10.525245	u/DwellerOfDixieland	flvhlvr	u/racerfree	flvd7ct	C
2020-03-29 19:21:13.791676	u/Ferrets_can_draw	flvhlvx	u/Mikaelynn	flvhe9f	C
2020-03-29 19:21:16.167585	u/012mikey	flvhlxp	u/HunterBoyxXx	flup4qg	C
2020-03-29 19:21:43.032094	u/Donny_Mcnuggets	flvhmbf	u/FallenOfficer	fluecbd	C
2020-03-29 19:21:53.949745	u/Amthermandes	flvhmhp	u/fritzaj	fluru8e	C
2020-03-29 19:22:07.610200	u/ThePhantom1994	flvhn94	u/SatanOnACross	flv9v7z	C
2020-03-29 19:22:09.900939	u/MrSquidu	flvhnai	u/pinkpatiences	flvhiyg	C
2020-03-29 19:22:35.011218	u/cheesetastes_good	flvhnzt	u/Gijsieboy100	flvbifi	C
2020-03-29 19:22:58.538076	u/masmasoo	flvhoft	u/Evil_Boi_Deku	flu38cz	C
2020-03-29 19:23:30.578095	u/Skeet-Reet987	flvhp3c	u/rob_nothing	fluuvh7	C
2020-03-29 19:24:13.446036	u/L0P1T05	flvhpy8	u/Evan_Rookie	flv7lwl	C
2020-03-29 19:24:56.634046	u/fin_pepper	flvhr2o	u/Kypsta2000	flu8k3r	C
2020-03-29 19:25:00.542239	u/wheeler_dealer1000	flvhr72	u/Patatas_Quemadas	flvhjyi	C
2020-03-29 19:25:03.307778	u/Math-ieu	flvhr7b	u/Monster_Jerms	flvhogm	C
2020-03-29 19:25:15.795710	u/Jonnyyrage	flvhrh9	u/Wynst0n-_OST	flv5vgw	C
2020-03-29 19:25:20.641811	u/2OG2Gangsta	flvhrjc	u/egg_on_my_spaghet	flvhn78	C
2020-03-29 19:25:51.490179	u/themoremightyone	flvhsd8	u/leonastani	flvhlk2	C
2020-03-29 19:26:08.183418	u/EldritchHamster	flvhsta	u/SheWhoUpvotes	flur6du	C
2020-03-29 19:26:22.292389	u/ZA_WARUDO_89	flvht15	u/racerfree	flvcsxg	C
2020-03-29 19:26:47.741767	u/SimplyMike17	flvhtte	u/j4mi3_69429	flvhsqr	C
2020-03-29 19:27:02.055531	u/Linkthehero1234	flvhubh	u/javap12	flvfco0	C
2020-03-29 19:27:05.422824	u/Jtdm93	flvhue4	u/Quija5000	flvhddn	C
2020-03-29 19:27:22.601571	u/there-in-spirit	flvhvc2	u/jmc1004	flv8f0a	C
2020-03-29 19:27:25.911251	u/Mazusu_Natsukawa	flvhvdy	u/Judistheworst	flvh3me	C
2020-03-29 19:27:34.367701	u/Viainferno3	flvhvo2	u/Original_Name_420	flvcuiw	C
2020-03-29 19:27:35.954139	u/there-in-spirit	flvhvo3	u/jmc1004	flv8f0a	C
2020-03-29 19:27:37.605687	u/Aranost12	flvhvp8	u/Tecoh	flvfagf	C
2020-03-29 19:27:44.615938	u/karmasniffer	flvhw4s	u/ShirimoT2000	flv8uq7	C
2020-03-29 19:27:57.602814	u/ElimOats	flvhwsm	u/reddit-emoji-police	flvhon9	C
2020-03-29 19:28:05.538392	u/cashflow_	flvhx2a	u/Bobone2121	flvex6u	C
2020-03-29 19:28:46.164059	u/EnterNameHere20	flvhybg	u/sasori1771	flvhdm9	C
2020-03-29 19:28:55.675320	u/pipethedog	flvhyjt	u/Iliketurtles9187	flvgbg7	C
2020-03-29 19:28:58.422181	u/Expendable95	flvhypn	u/lucasborage	fluocqu	C
2020-03-29 19:29:01.302016	u/Yeetomeskeeto	flvhytm	u/DownWithSpectrum	flv7kod	C
2020-03-29 19:29:09.753649	u/ThiccBeans__69	flvhzau	u/Xploiter_RBLX	flvhvzd	C
2020-03-29 19:29:13.539796	u/VoidRaptor7	flvhzno	u/inbred_bread	flv36ic	C
2020-03-29 19:29:31.829558	u/SkunkApe2003	flvi0ma	u/TheBookOfSeil	fluohef	C
2020-03-29 19:29:33.401927	u/vaikkis	flvi0nu	u/login__name2	flveu8d	C
2020-03-29 19:29:38.914972	u/Sinisternipples7	flvi11u	u/KingKongsButtPlug	fluniff	C
2020-03-29 19:29:50.689539	u/account108	flvi1hv	u/name11122211	fluuvdv	C
2020-03-29 19:29:52.636889	u/ThisIsntJackaloupe	flvi1qd	u/Zapro12345	flvfogg	C
2020-03-29 19:30:59.120401	u/logun8or	flvi4wp	u/bepisisgoodis	flvi3kk	C
2020-03-29 19:31:58.148371	u/CyberNuggets	flvi6eb	u/kkharadirock	flr20ve	C
2020-03-29 19:32:26.596784	u/jimmybungalo	flvi6xz	u/AutoModerator	flv16ya	C
2020-03-29 19:32:34.359866	u/failedvibe	flvi712	u/BigBeardie215	flvgygx	C
2020-03-29 19:32:37.673525	u/coleslaw374	flvi73g	u/Plagueis2689	flvbath	C
2020-03-29 19:32:41.016341	u/TheMightyLaww	flvi75c	u/reddit-emoji-police	flvhz6a	C
2020-03-29 19:33:10.834653	u/hotpotatoonfire	flvi7ks	u/Je_bus	fluzgvc	C
2020-03-29 19:33:16.082330	u/naylsonsb	flvi7o8	u/-EzWaY-	flv8qge	C
2020-03-29 19:33:31.118844	u/ianf1805	flvi83h	u/Owanjila	flurih5	C
2020-03-29 19:33:41.506452	u/asbertos	flvi8bw	u/j4mi3_69429	flv5o7n	C
2020-03-29 19:34:15.054103	u/OofPowerToThePeople	flvi9cq	u/ViktorVaughnLickupon	flvg46f	C
2020-03-29 19:34:20.371998	u/djmrqz2594	flvi9j2	u/j4mi3_69429	flv5o7n	C
2020-03-29 19:34:37.856085	u/jswift7046	flvia56	u/Owanjila	flurih5	C
2020-03-29 19:34:48.585531	u/Deathbysnusnubooboo	flviac0	u/LacunaArcane	flvf94g	C
2020-03-29 19:35:03.200457	u/Elhypersnyper	flviapi	u/Owanjila	flurih5	C
2020-03-29 19:35:07.573651	u/CyborgCreeperPlayz	flviasf	u/The_Dark_Boco	flvd3d9	C
2020-03-29 19:35:11.574375	u/mostpandabear11	flvib3a	u/Peto6421	flvhi8g	C
2020-03-29 19:35:14.552269	u/pm_me_subreddit_bans	flvibbe	u/Iss_leemz	fluwloo	C
2020-03-29 19:35:24.228165	u/le-tabouret	flvibq6	u/BattlNerd	flviadg	C
2020-03-29 19:35:45.756377	u/djmrqz2594	flvicp1	u/j4mi3_69429	flvic1t	C
2020-03-29 19:35:52.464283	u/LollipopWilliams_04	flvid5s	u/BattlNerd	flvibwk	C
2020-03-29 19:35:56.098659	u/MommyRin	flvid7y	u/Ehaeka42069	flu299v	C
2020-03-29 19:36:00.889354	u/igsrciadiaz	flvidcl	u/Linx_Gaming	flviadu	C
2020-03-29 19:36:18.199141	u/TTVAundreas	flvidm2	u/sakethc22	flvdzxa	C
2020-03-29 19:36:52.457551	u/Canon_in_the_sky	flvierd	u/Acceptable-Feature	flsuwjz	C
2020-03-29 19:36:55.219778	u/Cloudi_3	flvieu5	u/Pumpkin-2	flv4gw4	C
2020-03-29 19:37:08.663172	u/gillycivvygit	flvif8e	u/Xploiter_RBLX	flvi37a	C
2020-03-29 19:37:32.142224	u/BasketOfLaundry	flvifzp	u/j4mi3_69429	flv5o7n	C
2020-03-29 19:37:40.529636	u/tommy_paul	flvigch	u/j4mi3_69429	flv5o7n	C
2020-03-29 19:38:18.933616	u/BARA_51	flvii0g	u/j4mi3_69429	flv5o7n	C
2020-03-29 19:38:37.431021	u/Cernofil	flviil4	u/CoastieMark	flupuli	C
2020-03-29 19:38:46.020506	u/VOID_SAMIT	flviiwb	u/NomadicCloud	flv9va4	C
2020-03-29 19:38:48.090155	u/carrot-man-	flviizf	u/BattlNerd	flvihtu	C
2020-03-29 19:38:53.396410	u/Pablo_Fablo	flvijnx	u/sgt_sniper	flvieai	C
2020-03-29 19:38:54.800197	u/Kellogs_cereal2	flvijq7	u/Ericool35	flvigc5	C
2020-03-29 19:39:17.724334	u/mustard-monacle	flvikny	u/defohuman	fltmdx3	C
2020-03-29 19:39:20.083460	u/redditrandom37373	flvikrf	u/Y0lkEgg	fltwbgo	C
2020-03-29 19:39:31.507155	u/TFTurco05	flvilbp	u/fualtyzane	flu8w02	C
2020-03-29 19:39:32.593108	u/totesmuhgoats93	flvilde	u/IShitMyFuckingPants	flvf3aq	C
2020-03-29 19:39:41.043739	u/fridge13	flvilp3	u/Heronick2005	fluo3a0	C
2020-03-29 19:39:46.572940	u/Ash019260	flvilvo	u/BattlNerd	flvieyb	C
2020-03-29 19:39:57.472552	u/URHelper204	flvimhj	u/ThinkSkyFour	flvgerf	C
2020-03-29 19:39:59.455404	u/Finna_Blow_up	flvimnk	u/Warden-Stone	fltoix7	C
2020-03-29 19:41:03.905035	u/TrollinFortuneCookie	flvinzi	u/BabiesTasteWeird	flvil0x	C
2020-03-29 19:41:11.699633	u/saltqueen95	flvio6y	u/Sinisternipples7	flty58o	C
2020-03-29 19:41:35.376104	u/CLOUD_STALLION	flviolo	u/SuperCarrot990	flviff4	C
2020-03-29 19:41:40.975193	u/bunnings-snags	flvios8	u/Xploiter_RBLX	flvi52z	C
2020-03-29 19:42:32.781219	u/Huskiv0	flvipz1	u/Xploiter_RBLX	flvine0	C
2020-03-29 19:42:54.037465	u/_Xand0n_	flviqgk	u/Linx_Gaming	flvfa3z	C
2020-03-29 19:43:18.257007	u/austriaaustria	flviqy2	u/hi-udhjeu-rnja	flvexp8	C
2020-03-29 19:43:33.937969	u/FormalDepression	flvirkc	u/sasori1771	flvfmfz	C
2020-03-29 19:44:00.781411	u/Dylanstpy	flvisg1	u/reeeeingpepeisgod	flvavlk	C
2020-03-29 19:44:04.717898	u/IwishIcouldSleepREEE	flvish1	u/octoboi98	flvd2oq	C
2020-03-29 19:44:18.820651	u/wanderingfloatilla	flvit0a	u/Gnomes3xfetish	flv9kyn	C
2020-03-29 19:44:29.425096	u/sweaty_middle	flvitbc	u/SCRebel2005	flv0b9a	C
2020-03-29 19:45:29.963880	u/AllergicToStabWounds	flvivsn	u/CausticHydra	frerqn	S
2020-03-29 19:45:31.957331	u/abdulsamads	flvivtr	u/dick0head	flua80n	C
2020-03-29 19:45:35.822164	u/floeghost	flvivwr	u/cheesetastes_good	flvhnzt	C
2020-03-29 19:45:46.988322	u/MickST1	flviw7w	u/RepostSleuthBot	flvique	C
2020-03-29 19:46:31.509755	u/AndyDied	flvix4v	u/AutoModerator	fltfhpq	C
2020-03-29 19:46:43.759798	u/Ukhu	flvk2qe	u/Diam0ndDude	fluzyc9	C
2020-03-29 19:46:46.283327	u/KookyKeenan	flvk2qx	u/notLOL	flvjt4l	C
2020-03-29 19:47:06.737234	u/ouma_chan1	flvk3fy	u/Xploiter_RBLX	flvk2c8	C
2020-03-29 19:47:24.461573	u/ResoundingGong	flvk3jz	u/TimeRockOrchestra	flvgxt6	C
2020-03-29 19:47:29.140037	u/Boiboi255	flvk3od	u/Xploiter_RBLX	flvhvi7	C
2020-03-29 19:47:30.797997	u/DerZahnloseAlfred	flvk3oj	u/YeetusMcSkeetus69420	flve5wf	C
2020-03-29 19:47:33.160800	u/Creeper_King_558	flvk3rm	u/j4mi3_69429	flv5o7n	C
2020-03-29 19:47:35.617285	u/Hazzabazza37A	flvk3u5	u/nacholibre23	flvk1jx	C
2020-03-29 19:47:37.937708	u/Copaxius	flvk3w8	u/ProSuperspy29	flvg9uk	C
2020-03-29 19:47:40.073477	u/KookyKeenan	flvk3zl	u/TTVAundreas	flvieon	C
2020-03-29 19:47:41.579100	u/thicc_biscuit420	flvk41z	u/divadxuy	flvjzao	C
2020-03-29 19:47:47.799909	u/dead_girl_	flvk466	u/AutoModerator	flomwsb	C
2020-03-29 19:48:23.614689	u/RoyalKitsune37	flvk5ei	u/Xploiter_RBLX	flvk1hu	C
2020-03-29 19:48:37.200507	u/Fatal_Shadow	flvk5jn	u/Xploiter_RBLX	flvk4ei	C
2020-03-29 19:48:45.963559	u/in_Vaiin	flvk5ys	u/Synka	flv23u8	C
2020-03-29 19:48:51.905879	u/OscarCookeAbbott	flvk67i	u/InnerMousse7	flv1n76	C
2020-03-29 19:48:55.426340	u/cheese_rat	flvk6do	u/dawnstarguard4	flvk440	C
2020-03-29 19:49:09.520199	u/GreyHexagon	flvk6z7	u/Kypsta2000	flu8k3r	C
2020-03-29 19:49:14.412210	u/minipolloxP	flvk7g0	u/Xach0	flvc42y	C
2020-03-29 19:49:15.552524	u/Purple_Venom_07	flvk7gb	u/Donny_Mcnuggets	flvhmbf	C
2020-03-29 19:49:18.590614	u/HalfAshed2520	flvk7ld	u/LadyOfOz83	flvj4of	C
2020-03-29 19:49:24.003474	u/nibbabibba420-746	flvk7yp	u/j4mi3_69429	flv5o7n	C
2020-03-29 19:49:25.011610	u/RuskiDan	flvk7z5	u/Xploiter_RBLX	flvjccj	C
2020-03-29 19:49:29.128504	u/ax_n_hax	flvk85i	u/AccidentCarrot	flvk1o0	C
2020-03-29 19:49:31.109411	u/alega963	flvk890	u/perreeeeee	flv33vu	C
2020-03-29 19:49:37.426098	u/Ratorres23	flvk906	u/YourRoyalF0xy	fll5rfa	C
2020-03-29 19:49:42.827675	u/Reddit_Historian1945	flvk9kk	u/corndogmanIV	flvinsg	C
2020-03-29 19:49:49.391660	u/MrMcWeasel	flvka3a	u/Penandor	flve4jq	C
2020-03-29 19:49:50.401985	u/Kdolphin17	flvka8l	u/Patatas_Quemadas	flvk9gu	C
2020-03-29 19:49:51.409936	u/Coconut-Lubeeee	flvkaap	u/MrMasqueradeKiller	flvjvj8	C
2020-03-29 19:49:59.261807	u/bassbassslappslapp	flvkbd7	u/drissdoesnotexist	flvjp6e	C
2020-03-29 19:50:09.870471	u/dofun400	flvkbpp	u/chemicalmuffin123	flu2ezo	C
2020-03-29 19:50:12.232537	u/Maria_is_virgin	flvkbpu	u/sophia_memes	flvk77s	C
2020-03-29 19:50:35.381643	u/SirLagmire	flvkcip	u/-Adrix_5521-	flvkbd9	C
2020-03-29 19:50:54.808967	u/mr_ToastMaster1911	flvkdjg	u/AutoModerator	flugnan	C
2020-03-29 19:51:25.988874	u/MXP-Max	flvkeaa	u/LordJayfeather	flvk93t	C
2020-03-29 19:51:46.543586	u/Some_healthy_guy	flvkeme	u/RandomPersonMemes	flv61pq	C
2020-03-29 19:52:46.418403	u/marky294201	flvkfvm	u/Xploiter_RBLX	flvj4xm	C
2020-03-29 19:52:52.450701	u/ShenSavageJr	flvkg0h	u/GeneralGold742	flv3y8m	C
2020-03-29 19:52:58.780430	u/Danny_Gamer	flvkgbx	u/jollysnake8898	fluc1td	C
2020-03-29 19:53:30.806390	u/Andrei23a3	flvkhg5	u/bagguetesword	flvidjm	C
2020-03-29 19:53:36.197720	u/ThisIsArtIGuess	flvkhji	u/Potato-Shavings	flvdgoq	C
2020-03-29 19:54:00.383949	u/Ellecomedian	flvki6h	u/TheWeekle	flup262	C
2020-03-29 19:54:08.419994	u/Mynamebetter	flvkiah	u/RepostSleuthBot	flvk82p	C
2020-03-29 19:54:11.702683	u/wolfgangang69	flvkig0	u/DatboiGrindlewald	flvkg4x	C
2020-03-29 19:54:16.823702	u/Shark-YEETER	flvkii5	u/AutoModerator	flugnan	C
2020-03-29 19:54:23.013066	u/trashkid69320	flvkio5	u/AashishandSingh	fluicm8	C
2020-03-29 19:54:41.164883	u/11372324	flvkj0z	u/AutoModerator	flugnan	C
2020-03-29 19:54:47.539785	u/YA11yee	flvkj42	u/memelicious72	flvg276	C
2020-03-29 19:54:59.661448	u/dylanthe-champoon	flvkjel	u/j4mi3_69429	flv5o7n	C
2020-03-29 19:55:58.279071	u/bionicle-cat	flvklfd	u/AirP0D	flv7xnm	C
2020-03-29 19:56:08.584662	u/beta_ji	flvklso	u/dharzen	flvbat6	C
2020-03-29 19:56:15.615017	u/lional-hutz	flvkm23	u/delete_techies	flvkfyt	C
2020-03-29 19:56:18.588463	u/muchgreatname	flvkm4r	u/j4mi3_69429	flvi1kk	C
2020-03-29 19:56:29.703505	u/ian_j_burr	flvkmiv	u/Memer_Vincee	flvkiy9	C
2020-03-29 19:56:31.674685	u/joelham01	flvkmji	u/lucasborage	fluocqu	C
2020-03-29 19:56:49.496356	u/SamMAKII	flvkn6m	u/Sub-To_PewDiePie	flvgu8y	C
2020-03-29 19:56:55.035802	u/Court_of_the_Bats	flvkngj	u/BigSkuu	flsumcw	C
2020-03-29 19:57:32.168641	u/IGNBozza	flvkomc	u/j4mi3_69429	flv5o7n	C
2020-03-29 19:57:50.330474	u/kxj32p12	flvkpaw	u/Ellecomedian	fltktua	C
2020-03-29 19:58:09.897923	u/BeanMan694200	flvkpxn	u/Fern_blanket	flvjrmc	C
2020-03-29 19:58:11.630316	u/Weirdwill2442	flvkpyb	u/spagetsauage	flvkmzq	C
2020-03-29 19:58:15.844578	u/phetboih	flvkq1h	u/Mama_Comic	fltowvf	C
2020-03-29 19:58:22.138555	u/quanlangle	flvkq69	u/epic696969	flvi431	C
2020-03-29 19:58:32.100439	u/pressf50	flvkqig	u/GR1FF1NGTON	fltcsxz	C
2020-03-29 19:58:36.584923	u/Sungamcar	flvkqnb	u/KookyKeenan	flvk2qx	C
2020-03-29 19:58:43.999997	u/rushhh3x	flvkqvw	u/RepostSleuthBot	flvkect	C
2020-03-29 19:58:50.175967	u/PotatoFarmer2341	flvkrc2	u/Jurgis_	flvduhz	C
2020-03-29 19:58:52.324362	u/lookintothevoid	flvkrd7	u/Y33TOUTTAHERE	flvbxjs	C
2020-03-29 19:59:22.080949	u/bruhnoyou96	flvksiw	u/InfinateUniverse	fluluek	C
2020-03-29 19:59:24.430735	u/iwannastudy	flvksn2	u/Xploiter_RBLX	flvhl7b	C
2020-03-29 19:59:29.877547	u/bruhnoyou96	flvksya	u/InfinateUniverse	fluluek	C
2020-03-29 19:59:35.208989	u/Belikemik	flvkte2	u/Linx_Gaming	flvk0n4	C
2020-03-29 19:59:36.420820	u/meat--crayon	flvktej	u/TTVAundreas	flvidm2	C
2020-03-29 19:59:38.514312	u/bruhnoyou96	flvktjs	u/JStewy21	flv78tt	C
2020-03-29 19:59:40.574056	u/navydit	flvktlz	u/Halfayay12	fluz74j	C
2020-03-29 19:59:41.677856	u/SkittleBoim	flvktrx	u/DatboiGrindlewald	flvkg4x	C
2020-03-29 19:59:49.670314	u/StreetSmaarts	flvkv6x	u/memeatic_ape	fltm5fh	C
2020-03-29 19:59:59.847823	u/hastings36	flvkvm5	u/sunbleahced	flvk0pf	C
