2020-04-13 10:00:03.628325	u/Error_of_Light	fn9wqim	u/Kfuf	fn9b66i	C
2020-04-13 10:00:48.210884	u/HeavySaucer	fn9ws4g	u/klemen_sesel	fn9usq2	C
2020-04-13 10:01:06.385490	u/-MattFromWiiSports-	fn9wsz1	u/HORNETETETET	fn9ug9t	C
2020-04-13 10:02:23.919142	u/planetary_facts	fn9wvmr	u/pudgyp08	fn9umo3	C
2020-04-13 10:02:26.277790	u/Terrifiedspork	fn9wvne	u/el_memer	fn9wtbn	C
2020-04-13 10:02:42.270020	u/The-Reoccurance	fn9ww30	u/Dheikh	fn9sdw4	C
2020-04-13 10:02:44.596428	u/TheIronicBurger	fn9ww3w	u/Wizner5555	fn9wtef	C
2020-04-13 10:02:49.303745	u/Doug_Tav	fn9ww75	u/moulahbreton69	g0iy6z	S
2020-04-13 10:03:01.229855	u/theycallmepawo	fn9wws6	u/Dheikh	fn9r7h1	C
2020-04-13 10:03:11.320953	u/Reddit_God_5505	fn9wx4z	u/ChickenCoop24	fn9w794	C
2020-04-13 10:03:15.912612	u/Death--666	fn9wxam	u/NateZMCOG	fn9qrx0	C
2020-04-13 10:03:21.652401	u/Joe_Mency	fn9wxcp	u/Davros-123	fn9tjqq	C
2020-04-13 10:03:31.646448	u/Cody_Aggers	fn9wxls	u/Wildfierro06	fn9ulmr	C
2020-04-13 10:03:55.983322	u/Pewdiepie4vrno	fn9wyzc	u/PotatoeTaco43	fn9w827	C
2020-04-13 10:04:02.425122	u/jp270907	fn9wz6g	u/oBi_wAN_kENoBI______	fn9wjuq	C
2020-04-13 10:04:30.178860	u/Vlademir35	fn9x0ny	u/Username_Taken46	fn9nwey	C
2020-04-13 10:04:51.433402	u/Nude_N0odle	fn9x1qc	u/Fluuma	fn6rmef	C
2020-04-13 10:04:54.570164	u/Ova-9000	fn9x1tg	u/DenissDG	fn9vfca	C
2020-04-13 10:05:13.196341	u/martinluna1909	fn9x2k5	u/Emotive_boi_uwu	fn9x19n	C
2020-04-13 10:05:23.406724	u/Wryd3n	fn9x2ud	u/dogs_go_to_heaven	fn9uvg4	C
2020-04-13 10:05:51.249552	u/acidic_lime	fn9x44z	u/Bruh_Bot_	fn9vjt0	C
2020-04-13 10:06:05.264891	u/xxHANSUxx	fn9x4lp	u/13_sidd	fn9qrk5	C
2020-04-13 10:06:10.080164	u/Little-Cakes	fn9x4s2	u/iupvotebutdontpost	fn9uuo9	C
2020-04-13 10:06:16.475844	u/Hlealthfreshstart	fn9x5av	u/that_ginger18	fn9x3z5	C
2020-04-13 10:06:18.474697	u/ligmaboiii69	fn9x5dm	u/mr_anonymous85	fn9x2k0	C
2020-04-13 10:06:42.304913	u/Green_Lemon_uwu	fn9x5w9	u/StefanLazar07ALT	fn9vpxo	C
2020-04-13 10:06:54.145484	u/theCrono	fn9x76w	u/duster137	fn9p63x	C
2020-04-13 10:06:58.876175	u/craqueball	fn9x78h	u/highrise95	fn9s6s0	C
2020-04-13 10:07:09.864084	u/tementnoise	fn9x7tm	u/lasagna_for_life	fn9ln7q	C
2020-04-13 10:07:42.829180	u/BeneficialPassion	fn9x9ca	u/theneoroot	fn9tg1k	C
2020-04-13 10:07:45.355950	u/Nathanielcarr	fn9x9dc	u/RepostSleuthBot	fn9jm61	C
2020-04-13 10:07:53.734620	u/LinkinShriya	fn9x9kx	u/Chung_bungus	fn9vjh2	C
2020-04-13 10:08:48.844379	u/RobbieUGC	fn9xday	u/good_fella13	fn9w4w2	C
2020-04-13 10:08:52.011631	u/DawsOnTheSauce	fn9xdc8	u/Dhwaneel_Kapadia	fn9w0nx	C
2020-04-13 10:09:16.626730	u/madelinekilton	fn9xf4j	u/IJustWantSomeReddit	fn9s9vc	C
2020-04-13 10:09:25.408547	u/Nicolonthropy	fn9xfps	u/UnknitCoder34	fn9vuu8	C
2020-04-13 10:09:35.012569	u/P1zzaNoah2000	fn9xgfr	u/gaming_raptor	fn9t4gz	C
2020-04-13 10:09:48.904558	u/Bennyx5061	fn9xids	u/atehate	fn9u5xq	C
2020-04-13 10:09:57.050175	u/SgtDonutOG	fn9xjco	u/MLGCombosYT	fn9a83n	C
2020-04-13 10:09:57.779703	u/skidudle	fn9xjdn	u/erikfurlan23	fn9tvng	C
2020-04-13 10:10:10.163506	u/ThiccEla1	fn9xju3	u/broheee	fn9vizj	C
2020-04-13 10:10:12.652630	u/ashenstream12	fn9xjxy	u/elvira1619	fn9d0e2	C
2020-04-13 10:11:53.839045	u/samuelgoldberg88	fn9xof7	u/duster137	fn9p63x	C
2020-04-13 10:12:08.386860	u/Lzerdoodle	fn9xp3f	u/thedevilsadvisor	fn9v6ky	C
2020-04-13 10:12:20.020104	u/GayAstrophysicist	fn9xpde	u/Cash_the_furry	fn9rttz	C
2020-04-13 10:12:27.374363	u/JustUsernameLmao	fn9xpob	u/__toxic__boi__	fn9pwdw	C
2020-04-13 10:12:30.747616	u/AlphaVinNova	fn9xpoo	u/icicalDiamondish	fn9seli	C
2020-04-13 10:12:44.611256	u/craniocaudal	fn9xqid	u/IJustWantSomeReddit	fn9s9vc	C
2020-04-13 10:12:53.777772	u/JoypadJoy	fn9xqnu	u/NakedMoleRatt	fn9ufmu	C
2020-04-13 10:13:09.470201	u/dronesjones	fn9xr5g	u/BebeStonksMan	fn9xoww	C
2020-04-13 10:13:23.895811	u/xanolium	fn9xrmt	u/Nyekel-Rolikur	fn9qc41	C
2020-04-13 10:13:36.880203	u/OrganicOrganigs	fn9xrwj	u/MattJ7Stewart	fn9n6ln	C
2020-04-13 10:13:39.041276	u/Cristi9779	fn9xrxm	u/About40Chairs	fn9ufir	C
2020-04-13 10:13:48.254691	u/Greenmooseleg	fn9xs81	u/Sn_Rt	fn9q6yz	C
2020-04-13 10:14:07.026573	u/ItsUrMomMan	fn9xstt	u/Dheikh	fn9vt1c	C
2020-04-13 10:14:22.048177	u/divinebear1	fn9xtlu	u/Spaghoochiemama	fn9xppq	C
2020-04-13 10:14:36.382930	u/Finska_pojke	fn9y3vp	u/Fuckinkillmealready	fn2y0s8	C
2020-04-13 10:15:22.757729	u/peeinurbutt69	fn9y5dx	u/duster137	fn9p63x	C
2020-04-13 10:15:43.823771	u/Benny-Jones	fn9y6g6	u/TheeScribe	fn9phsg	C
2020-04-13 10:15:53.442842	u/samkuz05	fn9y6qg	u/Sweatytowelz	fn8w378	C
2020-04-13 10:16:21.050755	u/chickenmcnugg	fn9y7zk	u/CheeriodudeL45	fn9ope9	C
2020-04-13 10:16:37.849844	u/Nithishkumar0104	fn9y8vk	u/ForgotMyPassword229	fn9m2up	C
2020-04-13 10:16:48.365732	u/omni-meme	fn9y95l	u/its_Trollcraft	fn9kqox	C
2020-04-13 10:17:01.398261	u/JoergenV	fn9y9tk	u/TheCanadianm8	fn9x0yu	C
2020-04-13 10:18:22.054316	u/RandomIdiot1816	fn9yd3w	u/Gamer-Rat	fn9ya1t	C
2020-04-13 10:18:45.253181	u/ponds666	fn9yeeg	u/injKING	fn9vu7i	C
2020-04-13 10:18:52.387420	u/mefingers	fn9yery	u/AiKai7	fn9rsc4	C
2020-04-13 10:18:57.966216	u/cida_hanal	fn9yeza	u/amnohappy	fn9xkw0	C
2020-04-13 10:19:18.917810	u/ICantFindAnUsername-	fn9ygb3	u/Slyph321	fn9lbhs	C
2020-04-13 10:19:28.953735	u/ponds666	fn9ygo2	u/Di3redd3ad	fn9xxt4	C
2020-04-13 10:19:32.808822	u/GewardYT	fn9ygwo	u/AI_user_001	fn9k77c	C
2020-04-13 10:19:48.455792	u/mr_zolfi	fn9yhky	u/IJustWantSomeReddit	fn9s9vc	C
2020-04-13 10:19:49.881029	u/trenton_quarantino	fn9yhml	u/RepostSleuthBot	fn9vkw6	C
2020-04-13 10:19:58.675129	u/Furretly	fn9yikd	u/P1zzaNoah2000	fn9xgfr	C
2020-04-13 10:20:00.212676	u/three_of_clubs	fn9yisr	u/Yellossss	fn9gujy	C
2020-04-13 10:20:02.622166	u/VeryToxicBoi_	fn9yiv5	u/ScottiyBoi	fmc0kq3	C
2020-04-13 10:20:09.974699	u/Jsens123	fn9yj56	u/boombot99	fn9rbsg	C
2020-04-13 10:20:13.607434	u/imtheworstatreddit	fn9yjdr	u/RepostSleuthBot	fn9yhjh	C
2020-04-13 10:20:52.831471	u/z4in93	fn9yka6	u/Kfuf	fn9b66i	C
2020-04-13 10:20:58.713876	u/MoTheWerewolf4310	fn9ykl4	u/German_Drive	fn9ivww	C
2020-04-13 10:21:01.078609	u/Grimdar88	fn9yklv	u/JhonElevatorOperator	fn9qbit	C
2020-04-13 10:21:52.953473	u/z4in93	fn9ymaf	u/incrediblemarv	fn9go8x	C
2020-04-13 10:21:56.815906	u/Broken-_-mic	fn9ymag	u/fixxer75	fn9kc38	C
2020-04-13 10:22:08.441808	u/magentabomb	fn9ymno	u/VideoGamesAreExist	fn9xkr0	C
2020-04-13 10:22:26.727782	u/ghaja00	fn9yniq	u/Amezaiku	fn9tycr	C
2020-04-13 10:23:49.700798	u/Jroyster393	fn9yr91	u/GoodVibeKnight	fn93npb	C
2020-04-13 10:23:53.810501	u/Lanas-Pepsi-Pussy	fn9yrcn	u/duster137	fn9p63x	C
2020-04-13 10:24:07.223594	u/saksaWasUsed	fn9yrtr	u/Faleves	fn9qxyh	C
2020-04-13 10:24:15.429558	u/mb032475	fn9ys3b	u/aulosirasirius	fn9xwux	C
2020-04-13 10:24:29.518508	u/Pro42069666	fn9ysmx	u/Shluappa	fn9ynl0	C
2020-04-13 10:24:43.715106	u/Hancore_x	fn9ytdf	u/suitable-robot01	fn9sna6	C
2020-04-13 10:25:12.784955	u/ishmam025	fn9yusf	u/Eziopool	fn9yc1z	C
2020-04-13 10:25:34.368656	u/Gaming-legends	fn9yvgk	u/MisterBurn	fn9xzh2	C
2020-04-13 10:25:48.182978	u/PurushNahiMahaPurush	fn9yvzf	u/Core1989	fn9y6bt	C
2020-04-13 10:26:03.343832	u/GrainsofArcadia	fn9ywju	u/Vitovonburen	fn9rf8p	C
2020-04-13 10:26:09.148074	u/bigboddle	fn9ywnh	u/Yellossss	fn9gujy	C
2020-04-13 10:26:11.119762	u/BeanerColada	fn9ywni	u/idlecharacter	fn9soq1	C
2020-04-13 10:26:19.759804	u/danae_rpd	fn9yx2g	u/Einfach-Anders	fn9y6ny	C
2020-04-13 10:26:27.576420	u/CatsAndCreamCheese	fn9yxd0	u/Gearmaster08	fn99g8o	C
2020-04-13 10:26:30.855734	u/anthonyliang12	fn9yxdy	u/GordonGiovarno	fn9qfp8	C
2020-04-13 10:26:38.520074	u/l0Insidiousl0	fn9yxjw	u/PrettyDimiHD	fn9yska	C
2020-04-13 10:27:15.056441	u/Itz_Galaxium	fn9yzav	u/D-Link-Gaming	fn9y14m	C
2020-04-13 10:27:43.929868	u/NateinSpace	fn9z0jh	u/tom_m_ryan	fn9xp6p	C
2020-04-13 10:28:03.049930	u/y-u-bolime	fn9z1j5	u/D-Link-Gaming	fn9y14m	C
2020-04-13 10:28:44.212781	u/DownGradedtogei	fn9z49o	u/TerraGamer9384	fn9t8dt	C
2020-04-13 10:28:45.880136	u/MaxB-1124	fn9z49s	u/Snipercipher101	fn94lrd	C
2020-04-13 10:29:26.316297	u/apple1234boo	fn9z6sm	u/SuperSonic486	fn9vsw3	C
2020-04-13 10:29:53.934127	u/DeathBeN0Tproud1	fn9z9m5	u/EL-TORA-NACHO-CHEESE	fn9yvhb	C
2020-04-13 10:29:56.142188	u/Sydid	fn9z9pc	u/--perfectly_insane--	fn9ywuj	C
2020-04-13 10:30:39.410243	u/bodegamoms	fn9zb3f	u/injKING	fn9rb2r	C
2020-04-13 10:30:57.723511	u/Zehaldrin	fn9zbhd	u/it-is_me	fn9z3nl	C
2020-04-13 10:31:21.485061	u/TheOne69420666	fn9zcbc	u/HUGH-G-RECTION5	fn9za2l	C
2020-04-13 10:31:58.972241	u/SucculentSpider	fn9zdl5	u/YourAvrageBoris	fn9g6zn	C
2020-04-13 10:32:23.651325	u/AryanGG	fn9zeey	u/Finboror	fn7qwyp	C
2020-04-13 10:32:26.101233	u/capXgod	fn9zegn	u/bigbadbillyy	fn8qq59	C
2020-04-13 10:33:04.792815	u/skinkefyr69	fn9zfyy	u/TarriestBread96	fn9q1qb	C
2020-04-13 10:33:14.926603	u/LemonBaconPancake	fn9zgq8	u/Qwertybot1000	fn9z3xq	C
2020-04-13 10:33:34.005450	u/Dealkill	fn9zhna	u/DispleasedSteve	fn9vurh	C
2020-04-13 10:33:36.253023	u/fhzhugz1	fn9zhrk	u/oOScreamingBadgerOo	fn9xcje	C
2020-04-13 10:33:40.639366	u/le_shushan	fn9zhx8	u/Mohammad927	fn9yz6r	C
2020-04-13 10:34:23.866094	u/deanveloper	fn9zjdd	u/221bSweden	fn9m1br	C
2020-04-13 10:34:43.831730	u/DualKopBot	fn9zk62	u/wrdlbrimpft	fn9z9q8	C
2020-04-13 10:34:59.818586	u/extra__sugaaaa	fn9zkyy	u/NakedMoleRatt	fn9ufmu	C
2020-04-13 10:35:23.784459	u/EveninqSkies	fn9zmk8	u/madlad464	fn6pkxu	C
2020-04-13 10:35:33.209542	u/vinniegrunn666	fn9zmp5	u/sucemabite69	fn9tiyd	C
2020-04-13 10:35:40.331715	u/BlackShogun27	fn9zn4u	u/BebeStonksMan	fn9yb5b	C
2020-04-13 10:35:43.425888	u/Random-European	fn9zn55	u/Eden_T17	fn9va4r	C
2020-04-13 10:36:33.950187	u/Blip-Blap-Blop	fn9zpef	u/XrosBlade	fn9amwa	C
2020-04-13 10:36:46.047355	u/sloshman	fn9zpt9	u/MrLeshen	g0h2lk	S
2020-04-13 10:37:08.116585	u/CatsAndCreamCheese	fn9zqvi	u/Gearmaster08	fn9z1y2	C
2020-04-13 10:37:36.931383	u/pahrooman	fn9zs71	u/Treejeig	fn9h26p	C
2020-04-13 10:38:08.592542	u/kyoko_coco	fn9ztxg	u/Manzar534	fn9zqdu	C
2020-04-13 10:38:22.453946	u/BagelLover123	fn9zuih	u/IAmCollabroReddit	fn9wbfi	C
2020-04-13 10:39:11.574972	u/JohnnyForta	fn9zx3t	u/its_just_crispy_wate	fn9vlee	C
2020-04-13 10:39:20.854543	u/FshazalAlt	fn9zxdc	u/RepostSleuthBot	fn9jm61	C
2020-04-13 10:39:22.115440	u/KingofYogurt_	fn9zxi3	u/ShrimplyDimply	fn9zp21	C
2020-04-13 10:39:46.101684	u/billjames1685	fn9zz1o	u/Amezaiku	fn9sqdc	C
2020-04-13 10:39:54.101759	u/Oreo_The_Dino	fn9zztn	u/LuigiBoi42	fn9z6ym	C
2020-04-13 10:39:58.144624	u/AnDigz1	fna0091	u/Blulien	fn9mbea	C
2020-04-13 10:40:29.337271	u/agentofmidgard	fna01ar	u/RepostSleuthBot	fn9uiof	C
2020-04-13 10:40:45.095923	u/Jeroendehond	fna01sf	u/AlphaVinNova	fn9xpoo	C
2020-04-13 10:41:10.613866	u/WhyIsThisUnblocked	fna02p7	u/RepostSleuthBot	fn9z61k	C
2020-04-13 10:41:13.033855	u/Bro_Player	fna02ox	u/Memerboi21	fna00a0	C
2020-04-13 10:41:47.860765	u/Rosetti	fna04fo	u/daniel-karni	fn9jvpn	C
2020-04-13 10:41:50.279545	u/Azylongarm420	fna04h0	u/RepostSleuthBot	fn9xuvt	C
2020-04-13 10:42:33.481948	u/unknown_anon1605	fna06c7	u/PLEBmelon	fn9wb4g	C
2020-04-13 10:42:38.169553	u/Azylongarm420	fna06gt	u/Azylongarm420	fn9vz4f	C
2020-04-13 10:42:56.424209	u/NitraTCBH	fna07jh	u/TheMicasaurus	fn9pgwm	C
2020-04-13 10:43:27.985825	u/koekje2098	fna094m	u/LifeisFunny69	fna07ha	C
2020-04-13 10:43:34.978141	u/Farcry_Wanderer44	fna09cz	u/suhani_Pawar	fn9y09t	C
2020-04-13 10:43:39.396428	u/Der_Held_	fna09j9	u/TheR6God	fn9wrx1	C
2020-04-13 10:43:58.067862	u/WinndZe	fna09y5	u/warframefan420	fna03oc	C
2020-04-13 10:44:10.083013	u/scaptal	fna0a9n	u/mister_dead_inside	fn9idd7	C
2020-04-13 10:44:54.472759	u/eh1498	fna0cye	u/S1Ndrome_	fn9yskv	C
2020-04-13 10:45:01.683714	u/Triceracucks	fna0dgb	u/Pittaandchicken	fn9zxpr	C
2020-04-13 10:45:33.635365	u/Supercoolman555	fna0far	u/Racoon777	fn9zgzm	C
2020-04-13 10:45:44.580733	u/MEMKILLER	fna0fgi	u/DarkPrince45AH	g0dgu4	S
2020-04-13 10:45:54.966690	u/CuZimLuuu	fna0g6a	u/XxDogePartyxX	fn8hdz7	C
2020-04-13 10:46:53.595284	u/Master_JBT	fna0imh	u/Oreo_The_Dino	fn9q8kq	C
2020-04-13 10:47:39.269876	u/Sallykellz	fna0kdh	u/JoypadJoy	fn9xqnu	C
2020-04-13 10:47:49.715940	u/HitlersTeddyBear	fna0ksx	u/Sun_Beams	fna0go0	C
2020-04-13 10:47:55.548208	u/koszatnik_12	fna0l0u	u/StaryBoi	fna08vr	C
2020-04-13 10:48:10.282483	u/irongulum	fna0lxh	u/Master_JBT	fn8wmke	C
2020-04-13 10:48:13.510160	u/Rapter_0ne	fna0m3r	u/ThatOneKid000005	fn9sbh3	C
2020-04-13 10:48:18.464766	u/KingOfTheBeans	fna0mcb	u/Eziopool	fn9ycot	C
2020-04-13 10:48:31.556676	u/wilk85	fna0n92	u/osmium999	fna08p6	C
2020-04-13 10:48:35.790377	u/BrotherSergeantPriad	fna0ndz	u/Davros-123	fn9vv0p	C
2020-04-13 10:48:39.635797	u/idkhowtosignin	fna0nl5	u/Amezaiku	fn9zff6	C
2020-04-13 10:49:30.448904	u/Einfach-Anders	fna0q0k	u/Master_JBT	fna0k2g	C
2020-04-13 10:49:32.452319	u/Hansgruber12345678	fna0q97	u/TrooperUnit001	fn9xy93	C
2020-04-13 10:49:43.841556	u/MBW13	fna0qz4	u/boomersooner056	fmwj9p9	C
2020-04-13 10:51:26.649090	u/EeliAsser	fna0vqx	u/stonksmanmeme	fna00nj	C
2020-04-13 10:51:40.193107	u/Cold_Cash	fna0weq	u/Duckling-The-CEO	fn9w56t	C
2020-04-13 10:51:57.730511	u/Panda_Named_Bob	fna0wre	u/Youfkingapologist	fn9xuxs	C
2020-04-13 10:52:08.151937	u/fortinwithwill	fna0x6j	u/duster137	fn9p63x	C
2020-04-13 10:52:55.850410	u/Master_JBT	fna0yp9	u/Einfach-Anders	fna0vs4	C
2020-04-13 10:53:12.221317	u/BestieBrodie	fna0z0q	u/Goofy_Gamer_53	fna0umx	C
2020-04-13 10:54:07.033361	u/_thugpro_	fna10xl	u/idkwhatuseriwant	fn9xv4f	C
2020-04-13 10:54:11.545740	u/Navphe	fna10z0	u/mrgopher17	fkdvm5f	C
2020-04-13 10:54:35.166298	u/scotch-fanatic	fna11sp	u/DispleasedSteve	fn9vurh	C
2020-04-13 10:54:42.393598	u/dogiogi33	fna1200	u/armyfidds	fn9y1n5	C
2020-04-13 10:55:32.339482	u/EminRaba	fna14ey	u/Einfach-Anders	fn9mawh	C
2020-04-13 10:55:54.005186	u/A--P--S	fna15a1	u/-pogpoja-	fn9lz9t	C
2020-04-13 10:56:06.377043	u/Mailiam21	fna15sg	u/EdwardM290	fn9yg18	C
2020-04-13 10:56:08.421683	u/xXrednazXx	fna15tl	u/WinndZe	fna0alc	C
2020-04-13 10:56:10.456888	u/mhblm	fna160i	u/peeinurbutt69	fn9z517	C
2020-04-13 10:56:20.173623	u/FFirebug	fna16k6	u/Vanir2	fn9xwea	C
2020-04-13 10:56:26.891158	u/CARLCZE	fna171o	u/stonksmanmeme	g0gugn	S
2020-04-13 10:57:42.741661	u/Camiljr	fna1aez	u/_TheFBI_	g0k7ao	S
2020-04-13 10:57:55.261197	u/Mig2099	fna1bfw	u/DarkPrince45AH	fn959m8	C
2020-04-13 10:58:02.245960	u/punkalunka	fna1bvm	u/15Orphans	fn9rt95	C
2020-04-13 10:58:38.239906	u/EdgeLord671	fna1eum	u/ilikecirclepits	fn9fsvm	C
2020-04-13 10:58:54.809660	u/Flying-_-Potatoes	fna1frf	u/littlefar	fn9xrft	C
2020-04-13 10:59:03.899220	u/ciphered4u	fna1fzo	u/Ipoptart20	fn9tl9b	C
2020-04-13 10:59:53.774463	u/The_Boss69	fna1izc	u/Wait-u-r-not-my-mom	fn98gdg	C
2020-04-13 10:59:57.327193	u/CatsAndCreamCheese	fna1jbs	u/Gearmaster08	fna0mnl	C
2020-04-13 10:59:58.524287	u/Flying-_-Potatoes	fna1jlv	u/Highnoon_Shadow	fn9xu7z	C
2020-04-13 10:59:59.086828	u/FortniteFortbytes	fna1jpl	u/boiiiiiiiiiii14	fn9sooh	C
