2020-04-04 03:00:02.825692	u/West-Highlight	fmdz8z1	u/Ductape_the_Short	fmdup0w	C	I
2020-04-04 03:00:06.160698	u/zitchat	fmdz92c	u/JustFbi	fukvq0	S	N
2020-04-04 03:00:10.248449	u/young_boss27	fmdz95b	u/Memeissour23	fmdz6wc	C	I
2020-04-04 03:00:13.728594	u/Gritilis_PEPER	fmdz95z	u/Oatmeal_Ballgod	fumbfz	S	I
2020-04-04 03:00:18.287621	u/Weird-Matter	fmdz989	u/jollygreenscott91	fun4x6	S	I
2020-04-04 03:00:23.311616	u/sunnylmao	fmdz98q	u/ARNisUsername	fuee6q	S	I
2020-04-04 03:00:27.477178	u/SnapshillBot	fmdz9ac	u/Theswagguy5000	fup0d4	S	N
2020-04-04 03:00:32.673615	u/SnapshillBot	fmdz9bu	u/KustomKonceptz	fup0bq	S	I
2020-04-04 03:00:37.299541	u/seanmhyap	fmdz9e9	u/RiskierSubsetR	fung9d	S	N
2020-04-04 03:00:39.453952	u/spapui	fmdz9kf	u/DanDeCoby	fuoo2o	S	I
2020-04-04 03:00:43.562592	u/akontonasakis	fmdz9l2	u/LileXPlayz	fmdz678	C	I
2020-04-04 03:00:47.664270	u/MViscerX	fmdz9l0	u/diablorious	fmdabuf	C	I
2020-04-04 03:00:52.758137	u/iwreck123	fmdz9mk	u/Evan60	fmc272v	C	N
2020-04-04 03:00:55.171394	u/LaxLapo	fmdz9mw	u/Leipurinen	fum8jk	S	N
2020-04-04 03:00:59.270077	u/MewtwoMainIsHere	fmdz9ng	u/warptwenty1	fmdz85w	C	I
2020-04-04 03:01:02.718464	u/imnicetho	fmdz9p4	u/4garrett81H	fulk2j	S	I
2020-04-04 03:01:08.768734	u/Wukkax	fmdz9rd	u/ThatWoodCD	fuju7l	S	I
2020-04-04 03:01:12.255570	u/Gritilis_PEPER	fmdz9sc	u/RiskierSubsetR	fung9d	S	N
2020-04-04 03:01:16.327627	u/GammaEmerald	fmdz9t6	u/BIG_SMOOOOOOOHKE_PL	fmdvl7q	C	I
2020-04-04 03:01:22.931141	u/ProjectStarscream_Ag	fmdz9w2	u/Skyeisland	fu523f	S	N
2020-04-04 03:01:28.264594	u/Shirroyd	fmdz9x3	u/CashMachine2192	fulc9k	S	I
2020-04-04 03:01:33.678911	u/bigschmoe	fmdz9xe	u/FabioEGonzales	fudlav	S	I
2020-04-04 03:01:39.701029	u/caldersalamander	fmdz9yx	u/icyyyyboi	fmdal4w	C	N
2020-04-04 03:01:43.835078	u/SnapshillBot	fmdza2d	u/-_-_-__-_-__-	fup0hy	S	I
2020-04-04 03:01:47.877761	u/West-Highlight	fmdza4i	u/darkspeed002	fmdvwok	C	I
2020-04-04 03:01:49.970529	u/jacksavage706	fmdza4o	u/judesantose	fmdyym2	C	I
2020-04-04 03:01:55.008674	u/akontonasakis	fmdza6z	u/akontonasakis	fmdz9l2	C	I
2020-04-04 03:01:59.046355	u/lonlywanderer2970	fmdza77	u/NobodyOutpizzasThHut	fmdz0ah	C	I
2020-04-04 03:02:04.690549	u/alexx20054	fmdzaad	u/cursedcoochie	fuov4u	S	I
2020-04-04 03:02:09.672342	u/Matalya1	fmdzaau	u/deadparodox	fulsia	S	I
2020-04-04 03:02:15.359698	u/Weird-Matter	fmdzac7	u/TwitchItzRich	fukcrn	S	I
2020-04-04 03:02:18.689469	u/im_fr3sh	fmdzaht	u/CashMachine2192	fulc9k	S	I
2020-04-04 03:02:26.828065	u/ThisIsJegger	fmdzai7	u/LileXPlayz	fmdz678	C	I
2020-04-04 03:02:31.376121	u/hey_potato	fmdzaje	u/jollygreenscott91	fun4x6	S	I
2020-04-04 03:02:34.739827	u/hubail2	fmdzanh	u/Kitebot001	fubx1q	S	I
2020-04-04 03:02:37.818584	u/marshamallow_fluf	fmdzapd	u/Theswagguy5000	fup0d4	S	N
2020-04-04 03:02:43.698971	u/Weird-Matter	fmdzaqg	u/walkietalkie22	fujhqe	S	N
2020-04-04 03:02:47.880205	u/Eleven_Shelves	fmdzasx	u/Johnny_The_Pirate	fuljh1	S	N
2020-04-04 03:02:52.019681	u/AbstractMarcher	fmdzatd	u/JustFbi	fukvq0	S	N
2020-04-04 03:02:55.147043	u/FIicky	fmdzatm	u/Scannable7	fuo7o4	S	N
2020-04-04 03:03:01.416624	u/jesibeII	fmdzatn	u/JustFbi	fukvq0	S	N
2020-04-04 03:03:05.444854	u/DiekeDrake	fmdzats	u/male_boi	fuorh8	S	N
2020-04-04 03:03:10.405677	u/DeRealBatman	fmdzav1	u/ChrissyTheCart	fuozuz	S	N
2020-04-04 03:03:19.396711	u/caldersalamander	fmdzayx	u/gat12393	fmdmqgs	C	I
2020-04-04 03:03:22.262598	u/Dudop0	fmdzazx	u/vegetarianlions	fuebny	S	I
2020-04-04 03:03:26.148129	u/Bossdemani	fmdzb16	u/zitchat	fmdz6da	C	I
2020-04-04 03:03:31.056842	u/TheAngryChickenWing	fmdzb32	u/peoplecalmdown	fmdz2jk	C	I
2020-04-04 03:03:36.184929	u/Weird-Matter	fmdzb39	u/Tech-Support-420	fujnal	S	I
2020-04-04 03:03:38.243497	u/warframefan420	fmdzb48	u/9yr_old	fuozxf	S	N
2020-04-04 03:03:42.162892	u/akontonasakis	fmdzb6b	u/Kroestah	fmd5e5c	C	N
2020-04-04 03:03:48.588347	u/yoda-yoshkaga	fmdzb6o	u/JustFbi	fukvq0	S	N
2020-04-04 03:03:52.991444	u/matin1385	fmdzb7l	u/jollygreenscott91	fun4x6	S	I
2020-04-04 03:03:54.970099	u/dimmiii	fmdzbas	u/brus_viljis	fmcxeb9	C	I
2020-04-04 03:03:59.605051	u/1_Nysosis_1	fmdzbay	u/iRedstoneFox	fufvkq	S	N
2020-04-04 03:04:08.505864	u/deadpoolminy	fmdzbd3	u/Breadette	fmdyhge	C	I
2020-04-04 03:04:13.729642	u/capitol-of-meme	fmdzbgg	u/Reb-Crasher	fmdo0vp	C	I
2020-04-04 03:04:17.864183	u/xx_deded_xx	fmdzbja	u/CooperQuartz	fuol0r	S	I
2020-04-04 03:04:22.205866	u/MassiveMD	fmdzbju	u/iRedstoneFox	fufvkq	S	N
2020-04-04 03:04:25.887713	u/Weird-Matter	fmdzbko	u/sanch3z90	fukwqy	S	I
2020-04-04 03:04:30.357645	u/Pewdiepiedabezt	fmdzbmu	u/JustFbi	fukvq0	S	N
2020-04-04 03:04:33.242292	u/MeChikaBoomBayah	fmdzbq2	u/CODEX_O_BARBARO	fmdjzp9	C	I
2020-04-04 03:04:39.062552	u/SnapshillBot	fmdzbrz	u/KyugaKitsuzen	fup0qp	S	N
2020-04-04 03:04:44.998764	u/thewardenofderps	fmdzbtx	u/vobsvids32	fmdyy3y	C	I
2020-04-04 03:04:47.941364	u/Eleven_Shelves	fmdzbub	u/simbanalas	fmdo3yo	C	N
2020-04-04 03:04:53.233467	u/bulshitterio	fmdzbuj	u/IwusFun	fudex8	S	I
2020-04-04 03:04:58.327390	u/Gunfire81	fmdzbwp	u/JustFbi	fukvq0	S	N
2020-04-04 03:04:59.370932	u/MViscerX	fmdzbwr	u/Melodic_Equipment	fmdg2sl	C	I
2020-04-04 03:05:02.680437	u/IdahoBornPotato	fmdzbww	u/Shoemagoo52	fuin1n	S	N
2020-04-04 03:05:05.568225	u/pattacus90	fmdzbz0	u/Prodigy59	fmdyi4q	C	N
2020-04-04 03:05:12.221016	u/Dudop0	fmdzc20	u/Potatoinspaget	fmdv9zf	C	N
2020-04-04 03:05:15.774744	u/Gayman3232	fmdzc2u	u/JustFbi	fukvq0	S	N
2020-04-04 03:05:18.776663	u/SkyRocketMiner	fmdzc30	u/Jordanye3t	fuoyf5	S	I
2020-04-04 03:05:21.624966	u/CampCounselorBatman	fmdzc3e	u/OakTree1203	fmdyy3a	C	I
2020-04-04 03:05:26.404239	u/ExtensionRegular1	fmdzc81	u/roasted_0reo	fmdz65g	C	I
2020-04-04 03:05:30.218154	u/Ant_Man420	fmdzc88	u/SuperSamPam	fuozwl	S	N
2020-04-04 03:05:33.095889	u/SnapshillBot	fmdzc9k	u/Blyatman-	fup0t5	S	I
2020-04-04 03:05:35.947322	u/dimmiii	fmdzcag	u/Master_JBT	fmdicda	C	I
2020-04-04 03:05:37.937865	u/rwabiza23	fmdzcap	u/FultonHomes	fuoycs	S	N
2020-04-04 03:05:41.732674	u/MeChikaBoomBayah	fmdzccz	u/thelonelygenuis	fmdo444	C	I
2020-04-04 03:05:45.995672	u/IAmBoredRightNovv	fmdzcd8	u/Captain_Jorik	fubd19	S	I
2020-04-04 03:05:47.898542	u/Leipurinen	fmdzced	u/Stylera	fmdyxfq	C	N
2020-04-04 03:05:49.827222	u/West-Highlight	fmdzceh	u/darkspeed002	fmdvv5p	C	I
2020-04-04 03:05:54.562216	u/Weird-Matter	fmdzcfu	u/s4m3350	fufzus	S	I
2020-04-04 03:05:58.215859	u/SimpleQuantum	fmdzch8	u/deadparodox	fulsia	S	I
2020-04-04 03:06:03.883244	u/pill-ingester	fmdzckz	u/SuperSamPam	fuozwl	S	N
2020-04-04 03:06:09.619544	u/JethroSkrull	fmdzcmd	u/furiiustanks	fmdyt17	C	I
2020-04-04 03:06:12.475676	u/SnapshillBot	fmdzcng	u/MammothTurd	fup0xc	S	N
2020-04-04 03:06:15.298415	u/minecraftgood8130	fmdzcsh	u/BirdieBronze	fmdspo9	C	I
2020-04-04 03:06:20.326425	u/MinisculeMax	fmdzcus	u/JustFbi	fukvq0	S	N
2020-04-04 03:06:22.574952	u/PancakeFace97	fmdzd27	u/mnb1114	fug0nz	S	I
2020-04-04 03:06:26.246706	u/darliamlothair	fmdzd2c	u/CrysisRequiem	fmd6z6e	C	I
2020-04-04 03:06:31.289338	u/Itay_Gremlin	fmdzd2w	u/MontyShallot	fuj949	S	N
2020-04-04 03:06:35.013895	u/SnapshillBot	fmdzd8r	u/WytBandit	fup12p	S	I
2020-04-04 03:06:36.906962	u/deadparodox	fmdzd8x	u/SimpleQuantum	fmdzch8	C	I
2020-04-04 03:06:38.824912	u/SnapshillBot	fmdzda7	u/BIGZO123	fup12g	S	N
2020-04-04 03:06:41.576985	u/Weird-Matter	fmdzdar	u/IEatYoPizzaRolla	fmdm5sl	C	N
2020-04-04 03:06:45.293676	u/Oliver_Armstrong	fmdzdaw	u/Voidmemer	fuozor	S	N
2020-04-04 03:06:48.528706	u/Dragon882828	fmdzdb7	u/Will_Kirkwood98653	fug051	S	I
2020-04-04 03:06:51.945813	u/just_gimme_anwsers	fmdzdcc	u/Inf1n1tyMagic	fujb9a	S	I
2020-04-04 03:06:55.316488	u/Tochne	fmdzddh	u/JustFbi	fukvq0	S	N
2020-04-04 03:06:57.247565	u/SkylerBleu	fmdzdg3	u/Jordanye3t	fuoyf5	S	I
2020-04-04 03:07:01.710350	u/arcprocrastinates	fmdzdg5	u/WertySqwerty	fmdwba3	C	N
2020-04-04 03:07:05.364152	u/MemesMod	fmdzdhe	u/Blyatman-	fup0t5	S	I
2020-04-04 03:07:08.054821	u/LileXPlayz	fmdzdkf	u/akontonasakis	fmdza6z	C	I
2020-04-04 03:07:10.782455	u/SnapshillBot	fmdzdmx	u/1_nd_only	fup13z	S	N
2020-04-04 03:07:12.705402	u/OmegaBasketcase	fmdzdo5	u/KyugaKitsuzen	fup0qp	S	N
2020-04-04 03:07:16.576470	u/DerangedWifi	fmdzdov	u/ThunderingSacks	fukjkm	S	I
2020-04-04 03:07:19.256293	u/West-Highlight	fmdzdq6	u/Lucy-Virtue	fmdwcm4	C	I
2020-04-04 03:07:22.843932	u/Leipurinen	fmdzdqy	u/mujtaba_mehdi224	fmdyxmt	C	N
2020-04-04 03:07:23.849724	u/FIicky	fmdzdr2	u/Alexis-Aparicio	fuo8ax	S	I
2020-04-04 03:07:24.942843	u/Parzival_Z	fmdzdrs	u/Jordanye3t	fuoyf5	S	I
2020-04-04 03:07:27.227678	u/Weird-Matter	fmdzdrx	u/MontyShallot	fuj949	S	N
2020-04-04 03:07:30.833455	u/xx_Vexatious_xx	fmdzdt6	u/wumpy112	fmdywg8	C	I
2020-04-04 03:07:35.849480	u/Wanheda23	fmdzdte	u/DuckFrog26	funntu	S	N
2020-04-04 03:07:39.394530	u/3ggyman	fmdzdth	u/I_love_potatoes_1234	fmdrphy	C	I
2020-04-04 03:07:40.780397	u/1_Nysosis_1	fmdzdtm	u/funknjam	fuf3n6	S	I
2020-04-04 03:07:44.500844	u/iaMiro	fmdzduq	u/RepostSleuthBot	fmdrer3	C	I
2020-04-04 03:07:47.994657	u/peoplecalmdown	fmdzdw3	u/TheAngryChickenWing	fmdzb32	C	I
2020-04-04 03:07:51.560651	u/OilfieldDrunk	fmdzdzq	u/Myringingears	fuotbv	S	N
2020-04-04 03:07:56.069586	u/PangwinAndTertle	fmdze0t	u/15Orphans	fmdf1v6	C	I
2020-04-04 03:07:57.071791	u/gsUAE	fmdze0v	u/MammothTurd	fup0xc	S	N
2020-04-04 03:07:58.993507	u/thespeedbrgamer69420	fmdze2c	u/vegetarianlions	fuebny	S	I
2020-04-04 03:08:01.192151	u/FiDG3TY_PS	fmdze3t	u/jollygreenscott91	fun4x6	S	I
2020-04-04 03:08:05.478311	u/denisgur1	fmdze5a	u/Diamondees	fmdas1e	C	N
2020-04-04 03:08:08.902006	u/nhansieu1	fmdze5f	u/IliketheJewishMafia	fmdhugm	C	N
2020-04-04 03:08:12.351818	u/KyugaKitsuzen	fmdze8v	u/OmegaBasketcase	fmdzdo5	C	N
2020-04-04 03:08:13.587788	u/Weird-Matter	fmdze9b	u/RiskierSubsetR	fung9d	S	N
2020-04-04 03:08:14.589523	u/SnapshillBot	fmdze9z	u/clay2232	fup1c3	S	N
2020-04-04 03:08:21.154179	u/Flash102039	fmdzeac	u/allaboutthismoment	fumd6b	S	N
2020-04-04 03:08:24.501386	u/scodennton456	fmdzeao	u/S-pr-S-O	fmdvlde	C	N
2020-04-04 03:08:28.098837	u/TeamZoellaForever	fmdzebj	u/sheshatinmyoven	fumiuy	S	N
2020-04-04 03:08:29.984335	u/super_ale_br0s_7	fmdzec5	u/Craftite	fmdym4u	C	I
2020-04-04 03:08:31.775893	u/DeRealBatman	fmdzeck	u/-_-_-__-_-__-	fup0hy	S	I
2020-04-04 03:08:33.663429	u/Supercampeones	fmdzefj	u/meatwhistle95	fmdut4a	C	I
2020-04-04 03:08:37.921992	u/qtkek	fmdzej6	u/CEOOfRussia	funx7h	S	N
2020-04-04 03:08:41.318161	u/bazalvid	fmdzejg	u/MrLoupak	fuowrl	S	N
2020-04-04 03:08:44.666062	u/bigschmoe	fmdzek8	u/UpV0t3D-	fundcq	S	I
2020-04-04 03:08:45.581000	u/SnapshillBot	fmdzemp	u/deleted	fup1ci	S	N
2020-04-04 03:08:46.481264	u/Porygon-Z2	fmdzes4	u/thespeedbrgamer69420	fmdymgm	C	I
2020-04-04 03:08:48.198015	u/MemesMod	fmdzesf	u/1_nd_only	fup13z	S	N
2020-04-04 03:08:49.411643	u/Weird-Matter	fmdzeu3	u/WaffleConeTaco	ful8oz	S	N
2020-04-04 03:08:50.305259	u/SimpleQuantum	fmdzeu9	u/deadparodox	fmdzd8x	C	I
2020-04-04 03:08:55.243868	u/Hailmist	fmdzew0	u/Ofdas23	fmdjvqf	C	N
2020-04-04 03:08:58.650493	u/The_Fast_Parrot	fmdzewe	u/deadparodox	fulsia	S	I
2020-04-04 03:09:01.882907	u/TheAngryChickenWing	fmdzeyg	u/peoplecalmdown	fmdzdw3	C	I
2020-04-04 03:09:02.796083	u/West-Highlight	fmdzez7	u/Mr_CockSwing	fuo3rt	S	N
2020-04-04 03:09:04.546973	u/abiggj	fmdzf1j	u/RamennoodlepoodleK	fulaw4	S	I
2020-04-04 03:09:05.410541	u/vobsvids32	fmdzf3e	u/thewardenofderps	fmdzbtx	C	I
2020-04-04 03:09:11.847412	u/super_ale_br0s_7	fmdzf4f	u/super_ale_br0s_7	fmdzec5	C	I
2020-04-04 03:09:14.224439	u/scrambledeggs34	fmdzf4t	u/Alex103140	fmdz8ti	C	N
2020-04-04 03:09:16.553498	u/Diamondees	fmdzf67	u/denisgur1	fmdze5a	C	N
2020-04-04 03:09:17.432826	u/MemesMod	fmdzf96	u/deleted	fup1ci	S	N
2020-04-04 03:09:18.302973	u/SnapshillBot	fmdzf9k	u/deleted	fup1ie	S	N
2020-04-04 03:09:19.857231	u/deadpoolminy	fmdzffw	u/Yato_Delivery_God	fmdtsf8	C	I
2020-04-04 03:09:20.978017	u/Tired-Usef	fmdzfgr	u/Sky-devil	fuldl7	S	N
2020-04-04 03:09:21.849620	u/Starleafee	fmdzfhf	u/TotallyNotGameWorthy	fuou7b	S	I
2020-04-04 03:09:24.214208	u/mememasterdagda	fmdzfjl	u/9yr_old	fuozxf	S	N
2020-04-04 03:09:28.918158	u/ThenBrilliant	fmdzfn4	u/oLumio	fmdqsa5	C	N
2020-04-04 03:09:32.195504	u/LaxLapo	fmdzfnu	u/BoredomIsntNihilism	fukbuw	S	N
2020-04-04 03:09:33.163585	u/Oropeu	fmdzfp1	u/Optimus_Durex	fuf1sd	S	N
2020-04-04 03:09:34.568847	u/Brainless-Brian	fmdzfr3	u/DuckFrog26	funntu	S	N
2020-04-04 03:09:35.420785	u/West-Highlight	fmdzfs9	u/polkalana	fuoft7	S	I
2020-04-04 03:09:37.383731	u/thomas-de-mememaker	fmdzfsg	u/sanch3z90	fukwqy	S	I
2020-04-04 03:09:38.124756	u/Iamrandomz	fmdzfsl	u/DarkSoulsDoggo	fmd1mr7	C	N
2020-04-04 03:09:40.205961	u/MemesMod	fmdzftl	u/deleted	fup1ie	S	N
2020-04-04 03:09:43.735766	u/dberryzach	fmdzful	u/sanch3z90	fukwqy	S	I
2020-04-04 03:09:45.969569	u/The_Radioactive_Rat	fmdzfv6	u/dark_humor69	fug0jm	S	N
2020-04-04 03:09:48.748954	u/MammothTurd	fmdzfyi	u/gsUAE	fmdze0v	C	N
2020-04-04 03:09:49.544018	u/JustThatOneDragon	fmdzfyu	u/scodennton456	fumf6g	S	I
2020-04-04 03:09:50.554428	u/Yeetmaster4786	fmdzfz1	u/DuckFrog26	funntu	S	N
2020-04-04 03:09:51.163388	u/thespeedbrgamer69420	fmdzg7l	u/Porygon-Z2	fmdzes4	C	I
2020-04-04 03:09:52.269685	u/9yr_old	fmdzg7m	u/mememasterdagda	fmdzfjl	C	N
2020-04-04 03:09:52.896337	u/fenderiobassio	fmdzg98	u/WytBandit	fup12p	S	I
2020-04-04 03:09:54.766595	u/hitlers-third-nipple	fmdzgac	u/fizzy_the_dragon	fmdocrp	C	I
2020-04-04 03:09:56.896101	u/MarkVHun	fmdzgc9	u/FabioEGonzales	fudlav	S	I
2020-04-04 03:09:57.874184	u/SpecialOneOnReddit	fmdzgfx	u/good_boi_bot	fmdrg61	C	I
2020-04-04 03:10:00.473833	u/Noahbradley125	fmdzgi3	u/kingdine	fun4cx	S	N
2020-04-04 03:10:02.180568	u/cal_killy	fmdzgk1	u/jollygreenscott91	fun4x6	S	I
2020-04-04 03:10:06.293979	u/darliamlothair	fmdzgl0	u/michaelje0	fmcoot6	C	I
2020-04-04 03:10:07.435072	u/SuckUrMudda420	fmdzgpc	u/packle-kackle	fmdz2wk	C	I
2020-04-04 03:10:09.546394	u/Lenin_666	fmdzgph	u/canadian_dictator	fmdy16x	C	I
2020-04-04 03:10:11.693472	u/SpecialOneOnReddit	fmdzgpz	u/RepostSleuthBot	fmdrfkw	C	I
2020-04-04 03:10:20.055805	u/SRK_Mine	fmdzgw9	u/Pentium04extreme	fmdfi3i	C	I
2020-04-04 03:10:25.258372	u/addester	fmdzgxj	u/CatsAndCreamCheese	fukd3t	S	I
2020-04-04 03:10:28.666704	u/Nick-Kitty-Cat	fmdzgzl	u/Philipp_01	fuegjx	S	I
2020-04-04 03:10:32.813602	u/AutoModerator	fmdzh1n	u/JabbaTheBassist	fup1un	S	N
2020-04-04 03:10:38.007631	u/Mil_2	fmdzh3h	u/WytBandit	fup12p	S	I
2020-04-04 03:10:44.398327	u/Funyarinpa07	fmdzh4v	u/JoeMDFK	fmdyyqt	C	I
2020-04-04 03:10:48.566016	u/SnapshillBot	fmdzh4u	u/pokyeetmon	fup1ub	S	N
2020-04-04 03:10:53.761402	u/judesantose	fmdzh79	u/babies_are_useless	fun8le	S	N
2020-04-04 03:11:00.045519	u/benvonpluton	fmdzh86	u/NoSkillxOverkill	fmdyynz	C	I
2020-04-04 03:11:04.144120	u/Recabilly	fmdzh9e	u/Marca2273	fmb9if7	C	I
2020-04-04 03:11:10.201612	u/D0ofenward	fmdzh9t	u/CatsAndCreamCheese	fukd3t	S	I
2020-04-04 03:11:13.334278	u/alexx20054	fmdzha9	u/Rasalm	fuosty	S	N
2020-04-04 03:11:16.845769	u/azb1812	fmdzhd2	u/DuckFrog26	funntu	S	N
2020-04-04 03:11:20.985594	u/SnapshillBot	fmdzhhb	u/deleted	fup1ww	S	N
2020-04-04 03:11:26.162077	u/SnapshillBot	fmdzhin	u/Gumus33	fup1wl	S	N
2020-04-04 03:11:29.546788	u/Oliver_Armstrong	fmdzhj8	u/Lime_Turtle69	fuoy25	S	I
2020-04-04 03:11:32.812602	u/abiggj	fmdzhko	u/Jeffrey211986	fukj7o	S	I
2020-04-04 03:11:35.894539	u/roasted_0reo	fmdzhmp	u/ExtensionRegular1	fmdzc81	C	I
2020-04-04 03:11:41.977760	u/akontonasakis	fmdzhoj	u/LileXPlayz	fmdzdkf	C	I
2020-04-04 03:11:45.176458	u/Aligator_Kurator	fmdzhra	u/HelpMeILostMyAccount	fuhdrz	S	I
2020-04-04 03:11:48.913109	u/Jonnysaurus	fmdzhs4	u/jollygreenscott91	fun4x6	S	I
2020-04-04 03:11:57.186797	u/BogdanSC2	fmdzhu5	u/scp-reeee	fmdvkcc	C	I
2020-04-04 03:12:01.247637	u/packle-kackle	fmdzhyu	u/SuckUrMudda420	fmdzgpc	C	I
2020-04-04 03:12:03.370682	u/Parzival_Z	fmdzhzu	u/FultonHomes	fuoycs	S	N
2020-04-04 03:12:07.660404	u/Voidmemer	fmdzi0i	u/Oliver_Armstrong	fmdzdaw	C	I
2020-04-04 03:12:13.768795	u/but_muh_identity	fmdzi0s	u/illuminatiyeet	fmcwf60	C	N
2020-04-04 03:12:17.872257	u/MemesMod	fmdzi4v	u/pokyeetmon	fup1ub	S	N
2020-04-04 03:12:20.944553	u/West-Highlight	fmdzi6a	u/TRIS74N	fmdvn8u	C	I
2020-04-04 03:12:23.056346	u/dashadowmaster69420	fmdzi9l	u/Parzival_Z	fmdzdrs	C	N
2020-04-04 03:12:29.279437	u/bigschmoe	fmdziar	u/Zelderd2077	fu8cij	S	I
2020-04-04 03:12:32.465445	u/JoeHaydn	fmdzift	u/GoatyMcGoatFace7	funuty	S	I
2020-04-04 03:12:35.510147	u/Youfkingapologist	fmdzigm	u/TeamFishSlap	fmdxsse	C	N
2020-04-04 03:12:38.315941	u/_darcl8_	fmdzih0	u/deadparodox	fulsia	S	I
2020-04-04 03:12:39.408775	u/SnapshillBot	fmdziim	u/Garrett-i	fup23i	S	I
2020-04-04 03:12:43.444481	u/peoplecalmdown	fmdzikq	u/TheAngryChickenWing	fmdzeyg	C	I
2020-04-04 03:12:48.506833	u/MemesMod	fmdzils	u/deleted	fup24z	S	N
2020-04-04 03:12:52.637652	u/ttp-prob_another_acc	fmdzipd	u/no_karmaman1405	fuosad	S	N
2020-04-04 03:12:54.861471	u/Obama-bin-ladin	fmdziry	u/geoxan69	fuobxy	S	N
2020-04-04 03:12:56.438154	u/IeAtAsS694206	fmdzitn	u/MontyShallot	fuj949	S	N
2020-04-04 03:13:01.627659	u/DiekeDrake	fmdzius	u/MSGolimarkar	fuoqgx	S	I
2020-04-04 03:13:06.380835	u/Psychobot12	fmdzivq	u/jollygreenscott91	fun4x6	S	I
2020-04-04 03:13:10.463874	u/SnapshillBot	fmdziw4	u/deleted	fup26q	S	N
2020-04-04 03:13:13.125161	u/donncadh	fmdzj1i	u/jollygreenscott91	fun4x6	S	I
2020-04-04 03:13:15.932611	u/Rick_Has_Royds	fmdzj2t	u/walkietalkie22	fujhqe	S	N
2020-04-04 03:13:20.946691	u/MemesMod	fmdzj7f	u/Blyatman-	fup28l	S	I
2020-04-04 03:13:26.937851	u/Shapen360	fmdzj87	u/_bustercherry_	fmdjie5	C	I
2020-04-04 03:13:31.657010	u/packle-kackle	fmdzj97	u/deleted	fuoqv7	S	N
2020-04-04 03:13:36.701881	u/SnapshillBot	fmdzjaq	u/Hazmatlegend	fup27z	S	I
2020-04-04 03:13:42.656436	u/Priyanka1026	fmdzjcz	u/simbanalas	fmdo3yo	C	N
2020-04-04 03:13:44.755131	u/roasted_0reo	fmdzjdb	u/roasted_0reo	fmdzhmp	C	I
2020-04-04 03:13:46.866209	u/FIicky	fmdzjgm	u/chaor250	fuo7af	S	N
2020-04-04 03:13:53.975798	u/McThije	fmdzji8	u/MrGatsbyy	fmdcvdb	C	I
2020-04-04 03:13:59.107316	u/dashadowmaster69420	fmdzjiu	u/Jordanye3t	fuoyf5	S	I
2020-04-04 03:14:01.156259	u/boogiepop1011	fmdzjj5	u/smolnegro69	fmdyw8j	C	I
2020-04-04 03:14:03.206105	u/reallifemoonmoon	fmdzjkh	u/RedSandman	fmcz4f7	C	I
2020-04-04 03:14:05.280505	u/Recabilly	fmdzjlt	u/Grand_Ray_Cero	fmb6fh1	C	I
2020-04-04 03:14:10.303110	u/SnapshillBot	fmdzjpv	u/Radu32	fup2bm	S	I
2020-04-04 03:14:15.563506	u/Dammageddon	fmdzjpx	u/RiskierSubsetR	fung9d	S	N
2020-04-04 03:14:17.686475	u/FeetSauce3	fmdzjvc	u/aakash658	fuohi5	S	N
2020-04-04 03:14:20.499287	u/GarrisonWhite2	fmdzjvm	u/deadparodox	fulsia	S	I
2020-04-04 03:14:22.493706	u/Stargazer237	fmdzjw6	u/Sam-the-Man-69	fmddazr	C	I
2020-04-04 03:14:27.308683	u/logun8or	fmdzjxf	u/CatsAndCreamCheese	fukd3t	S	I
2020-04-04 03:14:33.260497	u/Leipurinen	fmdzjyg	u/RodnyrUwU	fmdyz34	C	N
2020-04-04 03:14:36.306547	u/Kidplayer_666	fmdzk0f	u/WytBandit	fup12p	S	I
2020-04-04 03:14:39.302173	u/SnapshillBot	fmdzk2m	u/ban_tabl	fup2dl	S	N
2020-04-04 03:14:43.369414	u/GruntBlender	fmdzk7o	u/SirSacrament	funeyq	S	N
2020-04-04 03:14:49.233852	u/-Snail_Trail-	fmdzka1	u/Maddox42069	fmdytyn	C	I
2020-04-04 03:14:51.234801	u/Triande	fmdzkba	u/Chaot1c_Go0d	fmdhuy9	C	N
2020-04-04 03:14:53.409880	u/palabhiihbalap	fmdzke3	u/Jeffrey211986	fukj7o	S	I
2020-04-04 03:14:56.414589	u/GarrisonWhite2	fmdzkgb	u/Brutal-Turtle	fmdnty9	C	N
2020-04-04 03:14:59.308312	u/Fullmetal689	fmdzkgd	u/ThatWoodCD	fuju7l	S	I
2020-04-04 03:15:07.206119	u/PLetEreddit	fmdzkgo	u/ProtonPi23	fmdvxlf	C	I
2020-04-04 03:15:11.733944	u/SGT-York-	fmdzkgp	u/DanFrancisco580	fuecsr	S	N
2020-04-04 03:15:15.930344	u/D-money420	fmdzkik	u/Rockman307	fue4eo	S	I
2020-04-04 03:15:20.847679	u/outdatedmouse	fmdzkiw	u/FalconPhantom	funqft	S	N
2020-04-04 03:15:23.906727	u/Flash102039	fmdzkjo	u/WytBandit	fup12p	S	I
2020-04-04 03:15:27.028928	u/Flying_ToastMachine	fmdzklb	u/kingdine	fun4cx	S	N
2020-04-04 03:15:30.905329	u/zhou23	fmdzklr	u/Kroestah	fmd5e5c	C	N
2020-04-04 03:15:35.300209	u/HsBoi	fmdzkmw	u/jollygreenscott91	fun4x6	S	I
2020-04-04 03:15:39.859311	u/babybacon12	fmdzknm	u/deadparodox	fulsia	S	I
2020-04-04 03:15:41.843786	u/Voidmemer	fmdzkp7	u/Gumus33	fup1wl	S	N
2020-04-04 03:15:45.707342	u/thewardenofderps	fmdzkqx	u/vobsvids32	fmdzf3e	C	I
2020-04-04 03:15:50.518375	u/Iceberllama	fmdzkr8	u/BIG_SMOOOOOOOHKE_PL	fmdwi1q	C	I
2020-04-04 03:15:56.429508	u/raj_nv97	fmdzkrp	u/about6140ninjas	fmdxkqa	C	I
2020-04-04 03:15:59.979097	u/HornyAssBreadSticks	fmdzks1	u/JustFbi	fukvq0	S	N
2020-04-04 03:16:03.777490	u/canadian_dictator	fmdzkxc	u/Lenin_666	fmdzgph	C	I
2020-04-04 03:16:07.596833	u/West-Highlight	fmdzkxf	u/DISTRUCTION50	fmdylhj	C	I
2020-04-04 03:16:11.433340	u/superdood46	fmdzkxw	u/Q-_-3	fmdoqq2	C	N
2020-04-04 03:16:13.378045	u/NobodyOutpizzasThHut	fmdzl10	u/barnettwi	fmdo9mm	C	I
2020-04-04 03:16:17.178761	u/ExtensionRegular1	fmdzl2e	u/The_Purple_Duck	fmdz35t	C	I
2020-04-04 03:16:19.133466	u/Gretelclufin	fmdzl5h	u/LHredditer	fmd500i	C	I
2020-04-04 03:16:22.979306	u/Scanderbilt	fmdzlaw	u/Sharibo	fuo0su	S	I
2020-04-04 03:16:25.430144	u/Kaalyn_2020	fmdzlbd	u/DuckFrog26	funntu	S	N
2020-04-04 03:16:28.309742	u/CheeriodudeL45	fmdzlbj	u/Haxorian	fmcjbmh	C	I
2020-04-04 03:16:31.156822	u/Porygon-Z2	fmdzlc9	u/mrttzmn	fmdehz4	C	I
2020-04-04 03:16:35.367503	u/pantydroppa132005	fmdzlcp	u/DuckFrog26	funntu	S	N
2020-04-04 03:16:38.263200	u/mjartien_	fmdzled	u/Irrational-Charisma	fuoj6g	S	I
2020-04-04 03:16:41.211553	u/Fritserick	fmdzlgl	u/KyugaKitsuzen	fup0qp	S	N
2020-04-04 03:16:44.092092	u/SnapshillBot	fmdzlog	u/Week_Bangs	fup2n1	S	N
2020-04-04 03:16:46.103273	u/akontonasakis	fmdzltk	u/BigMemeEuropeBig	fmgj5p	S	I
2020-04-04 03:16:51.333649	u/BLVK_SHEEP	fmdzlu0	u/JustFbi	fukvq0	S	N
2020-04-04 03:16:55.853489	u/The-Redditor-Sir-Nap	fmdzlx0	u/jollygreenscott91	fun4x6	S	I
2020-04-04 03:16:59.663503	u/SnapshillBot	fmdzlzx	u/Mich-Marsh69	fup2q4	S	I
2020-04-04 03:17:02.825019	u/howtoDIYstuff	fmdzm0t	u/Tech-Support-420	fujnal	S	I
2020-04-04 03:17:10.293636	u/MAZENAHMED128	fmdzm2g	u/Youfkingapologist	fmdtinq	C	I
2020-04-04 03:17:13.961977	u/Pentium04extreme	fmdzm4t	u/SRK_Mine	fmdzgw9	C	I
2020-04-04 03:17:16.772505	u/Maddox42069	fmdzm4w	u/-Snail_Trail-	fmdzka1	C	I
2020-04-04 03:17:17.756921	u/itdoesntevenmatter3	fmdzm86	u/poopellar	fmdsuuy	C	I
2020-04-04 03:17:23.383490	u/redeneder	fmdzm9c	u/Tudi23	fmd6nks	C	I
2020-04-04 03:17:27.864110	u/furytoxicanYT	fmdzme4	u/deadparodox	fulsia	S	I
2020-04-04 03:17:31.540791	u/SnapshillBot	fmdzmed	u/AJNotMyRealName	fup2rq	S	N
2020-04-04 03:17:33.437882	u/SnapshillBot	fmdzmfl	u/danbo_the_manbo	fup2r8	S	I
2020-04-04 03:17:34.489452	u/Obama-bin-ladin	fmdzmje	u/Adolf_doggo	fuo9ip	S	I
2020-04-04 03:17:37.425067	u/Sonotsugipaa	fmdzmn6	u/CatsAndCreamCheese	fukd3t	S	I
2020-04-04 03:17:42.364598	u/winethursday	fmdzmnz	u/michaelje0	fufz9c	S	I
2020-04-04 03:17:46.858346	u/BigMemeEuropeBig	fmdzmq9	u/akontonasakis	fmdzltk	C	I
2020-04-04 03:17:49.661458	u/MemesMod	fmdzmsh	u/Week_Bangs	fup2n1	S	N
2020-04-04 03:17:50.755385	u/3drawsnightstand	fmdzmuc	u/Vimri	fuoy2u	S	I
2020-04-04 03:17:52.097171	u/ALQaholic835	fmdzmyc	u/DuckFrog26	funntu	S	N
2020-04-04 03:17:55.255446	u/xX_CommanderPuffy_Xx	fmdzn93	u/DuckFrog26	funntu	S	N
2020-04-04 03:17:59.074902	u/spapui	fmdzna5	u/XxANONYMOUS_SniperXx	fuovx9	S	I
2020-04-04 03:18:05.271621	u/slayer33321	fmdznbh	u/CatsAndCreamCheese	fukd3t	S	I
2020-04-04 03:18:07.043137	u/akontonasakis	fmdzncx	u/BigMemeEuropeBig	fmdzmq9	C	I
2020-04-04 03:18:08.040751	u/dashadowmaster69420	fmdznfz	u/3drawsnightstand	fmdzmuc	C	N
2020-04-04 03:18:12.339818	u/JimothyVII	fmdzngp	u/Philipp_01	fu94hn	S	I
2020-04-04 03:18:15.790546	u/RepostSleuthBot	fmdznia	u/_darcl8_	fmdzih0	C	I
2020-04-04 03:18:20.985005	u/JoeMDFK	fmdznio	u/Funyarinpa07	fmdzh4v	C	I
2020-04-04 03:18:22.814520	u/havocallaround	fmdznit	u/MemeMaster5	fuo5hp	S	N
2020-04-04 03:18:23.795754	u/016DF	fmdznl7	u/MrLoupak	fuowrl	S	N
2020-04-04 03:18:25.812745	u/FIicky	fmdznn2	u/AK24ROCKS	fuoqvk	S	I
2020-04-04 03:18:32.769071	u/3pnt14XrSq	fmdznqc	u/Old-Turtle75	fmd0rji	C	I
2020-04-04 03:18:36.473690	u/deutscher_Hund	fmdznui	u/RiskierSubsetR	fung9d	S	N
2020-04-04 03:18:38.214978	u/SnapshillBot	fmdzo01	u/_SoVa	fup327	S	N
2020-04-04 03:18:39.211458	u/SnapshillBot	fmdzo13	u/deleted	fup325	S	N
2020-04-04 03:18:40.324585	u/MyLeftNutIsGone	fmdzo3x	u/Johnny_The_Pirate	fuljh1	S	N
2020-04-04 03:18:42.323198	u/ErBaut	fmdzo5o	u/Pringles__	fuhlpz	S	N
2020-04-04 03:18:45.923458	u/perdzia	fmdzo6h	u/FeralStreetwear	fuo2li	S	I
2020-04-04 03:18:50.443013	u/bruhhhghgbskw	fmdzo6o	u/TennisADHD	fui3jf	S	N
2020-04-04 03:18:53.713508	u/Ryuhanta	fmdzo77	u/DragonSlayer9292	fmdn3ze	C	I
2020-04-04 03:18:55.376138	u/Leipurinen	fmdzo92	u/Mbugu	fmdz8qy	C	N
2020-04-04 03:18:56.446915	u/DeadCactusGaming	fmdzo9g	u/Mysterious_Purpose	fucnou	S	I
2020-04-04 03:18:58.115747	u/porntipsguzzardobot	fmdzocs	u/deleted	fup35w	S	N
2020-04-04 03:19:01.383433	u/SnapshillBot	fmdzoed	u/deleted	fup35w	S	N
2020-04-04 03:19:03.096555	u/CrazyFluttershy	fmdzoeh	u/lotab3	fmdxpf7	C	N
2020-04-04 03:19:06.350804	u/SantosRanger	fmdzoek	u/BaconLordMLG	fmdrc5k	C	I
2020-04-04 03:19:09.664262	u/SnapshillBot	fmdzof6	u/Bloodyfangs108	fup34y	S	N
2020-04-04 03:19:12.047513	u/doincatsdoggystyle	fmdzofg	u/FeralStreetwear	fuo2li	S	I
2020-04-04 03:19:13.643164	u/pickleizer	fmdzofl	u/TD6482	fmd3g7p	C	N
2020-04-04 03:19:16.857444	u/TRoastedPotato	fmdzoge	u/Gph8820	fuoest	S	I
2020-04-04 03:19:25.572439	u/Lil_Jebb	fmdzogg	u/TykoiOfficial	fmcxhis	C	I
2020-04-04 03:19:27.034579	u/-Snail_Trail-	fmdzomz	u/Maddox42069	fmdzm4w	C	I
2020-04-04 03:19:27.906773	u/SnapshillBot	fmdzosp	u/boopiebattole	fup37m	S	I
2020-04-04 03:19:29.443189	u/SnapshillBot	fmdzou2	u/r_slash_reddit_user	fup37c	S	I
2020-04-04 03:19:31.501755	u/AFriendlyDragon	fmdzou8	u/jollygreenscott91	fun4x6	S	I
2020-04-04 03:19:34.530186	u/SnapshillBot	fmdzovb	u/HornyAssBreadSticks	fup36w	S	I
2020-04-04 03:19:36.062954	u/casian12	fmdzowf	u/ThatWoodCD	fuju7l	S	I
2020-04-04 03:19:38.130210	u/Atli-ttaurs	fmdzoxe	u/Gumus33	fup1wl	S	N
2020-04-04 03:19:40.325814	u/unfunny_monkey	fmdzozi	u/rahil_p11	fund5f	S	N
2020-04-04 03:19:41.605378	u/mitten-boi	fmdzp01	u/TyMT	fmdz7jp	C	N
2020-04-04 03:19:42.987872	u/YaBoiLeadFist	fmdzp1j	u/-_-_-__-_-__-	fup0hy	S	I
2020-04-04 03:19:43.827170	u/H4m1sh_1	fmdzp2a	u/Hazmatlegend	fup27z	S	I
2020-04-04 03:19:45.238781	u/cRaZy_SoB	fmdzp2q	u/Vimri	fuoy2u	S	I
2020-04-04 03:19:45.921657	u/SnapshillBot	fmdzp6g	u/deleted	fup3bn	S	N
2020-04-04 03:19:48.537195	u/SlayerArmy45	fmdzp74	u/Sleepybunny08	fmdymwz	C	N
2020-04-04 03:19:50.587429	u/1_Nysosis_1	fmdzp81	u/vegetarianlions	fuebny	S	I
2020-04-04 03:19:51.229698	u/Maddox42069	fmdzp8h	u/-Snail_Trail-	fmdzomz	C	I
2020-04-04 03:19:52.334625	u/_darcl8_	fmdzpb8	u/RepostSleuthBot	fmdznia	C	I
2020-04-04 03:19:53.438975	u/AutoModerator	fmdzpbs	u/deleted	fup3cu	S	N
2020-04-04 03:19:55.036464	u/luijkanic	fmdzpgw	u/masterfullystupid	fmdtzlh	C	I
2020-04-04 03:19:56.211927	u/SnapshillBot	fmdzpim	u/daddypig31	fup3dj	S	I
2020-04-04 03:19:57.329462	u/Cripst1	fmdzpmi	u/Leipurinen	fum8jk	S	N
2020-04-04 03:19:58.925482	u/itdoesntevenmatter3	fmdzppd	u/jollygreenscott91	fun4x6	S	I
2020-04-04 03:19:59.261438	u/WhyIsThereNoWindows9	fmdzprg	u/a_vaught	fmcs2kj	C	I
2020-04-04 03:19:59.542063	u/kinetickle	fmdzpt6	u/kpmtech	fmdwqmh	C	I
2020-04-04 03:19:59.652221	u/Vimri	fmdzptg	u/3drawsnightstand	fmdzmuc	C	N
2020-04-04 03:19:59.849764	u/santathe1	fmdzptl	u/SK8RMANZ	ful0mq	S	N
2020-04-04 03:19:59.950225	u/Tenhr	fmdzpvz	u/MoreThanNormalRegret	fmdx6jx	C	I
2020-04-04 03:20:00.128135	u/_Nothing_Important_	fmdzpyj	u/wnnais	fuofcu	S	I
2020-04-04 03:20:02.447916	u/Dudop0	fmdzq0n	u/Dafishhh17	fubr5q	S	N
2020-04-04 03:20:05.539962	u/FeralStreetwear	fmdzq0r	u/perdzia	fmdzo6h	C	N
2020-04-04 03:20:10.804334	u/AJLuby110	fmdzq0u	u/Tech-Support-420	fujnal	S	I
2020-04-04 03:20:15.928507	u/ogernugget	fmdzq1u	u/SoggyPineapple17	fmdlns1	C	I
2020-04-04 03:20:19.045432	u/fjv08kl	fmdzq1z	u/TeamFishSlap	fmdxsse	C	N
2020-04-04 03:20:26.450407	u/SkullyFishCurry	fmdzq2n	u/Tech-Support-420	fujnal	S	I
2020-04-04 03:20:30.699970	u/SnapshillBot	fmdzq4i	u/fardthenpoopie	fup3he	S	N
2020-04-04 03:20:41.082199	u/StrandH-	fmdzq59	u/RepostSleuthBot	fmdyujk	C	I
2020-04-04 03:20:45.343935	u/renoraid	fmdzq6r	u/CEOOfRussia	funmd0	S	N
2020-04-04 03:20:49.784796	u/crazyman3561	fmdzq9c	u/JustFbi	fukvq0	S	N
2020-04-04 03:20:52.477840	u/2020newacaount	fmdzqbb	u/sanch3z90	fukwqy	S	I
2020-04-04 03:20:59.863897	u/_TheWiz	fmdzqca	u/MagicMonkey667	fuezqu	S	I
2020-04-04 03:21:05.782293	u/sidlion03	fmdzqd0	u/jollygreenscott91	fun4x6	S	I
2020-04-04 03:21:08.861022	u/PLAMETREE	fmdzqd6	u/bob1278999	fmdz2hj	C	I
2020-04-04 03:21:15.015146	u/thicc-potatochipp-	fmdzqdu	u/Exdogeman	fumemh	S	N
2020-04-04 03:21:21.227241	u/electrila	fmdzqed	u/ban_tabl	fup2dl	S	N
2020-04-04 03:21:23.344872	u/SnapshillBot	fmdzqgb	u/ansimi	fup3kb	S	N
2020-04-04 03:21:28.939592	u/iHave_600lotions	fmdzqhd	u/JustFbi	fukvq0	S	N
2020-04-04 03:21:32.103195	u/Riggard-Li	fmdzqkc	u/SuperSamPam	fuozwl	S	N
2020-04-04 03:21:38.159098	u/ShabalabaBangbang	fmdzqn8	u/Leipurinen	fmdu418	C	N
2020-04-04 03:21:45.374974	u/theCrumb297	fmdzqoz	u/deadparodox	fmdmzf7	C	I
2020-04-04 03:21:49.556596	u/SnapshillBot	fmdzqsh	u/benmcbennyface	fup3lx	S	N
2020-04-04 03:21:53.606712	u/meatwhistle95	fmdzqtr	u/jhaybaws	fmdw3h7	C	N
2020-04-04 03:21:55.720488	u/ExtensionRegular1	fmdzquf	u/deleted	fmdyph1	C	N
2020-04-04 03:22:02.938051	u/Luledino	fmdzqum	u/peoplecalmdown	fmdzikq	C	I
2020-04-04 03:22:08.128644	u/Quirkyserenefrenzy	fmdzqwa	u/oklahomascout	fumnqx	S	N
2020-04-04 03:22:10.408029	u/hiro_009	fmdzqwk	u/kokoge30	fuixmx	S	N
2020-04-04 03:22:12.468029	u/FeralStreetwear	fmdzqx1	u/doincatsdoggystyle	fmdzofg	C	N
2020-04-04 03:22:15.729785	u/stabbynonbinary	fmdzqxu	u/AK24ROCKS	fun35y	S	I
2020-04-04 03:22:19.811937	u/Fritserick	fmdzqyc	u/Theswagguy5000	fup0d4	S	N
2020-04-04 03:22:26.596307	u/GreedFoxSin	fmdzr42	u/sanch3z90	fukwqy	S	I
2020-04-04 03:22:28.760526	u/NotAverageAcorn	fmdzr4a	u/CEOOfRussia	funmd0	S	N
2020-04-04 03:22:31.800458	u/memes_sk	fmdzr5f	u/_-daphne-_	fl03n3e	C	N
2020-04-04 03:22:35.882550	u/SnapshillBot	fmdzr5q	u/soggy_cereal109	fup3oi	S	N
2020-04-04 03:22:41.972446	u/AutoModerator	fmdzr63	u/MasterDillPickle	fup3p5	S	I
2020-04-04 03:22:44.090788	u/SnapshillBot	fmdzr7t	u/deleted	fup3n3	S	N
2020-04-04 03:22:46.155432	u/RepostSleuthBot	fmdzr90	u/TRoastedPotato	fmdzoge	C	I
2020-04-04 03:22:50.192926	u/Lenin_666	fmdzr9n	u/kernelcena21	fmdy7un	C	N
2020-04-04 03:22:54.924617	u/shushpen	fmdzrfd	u/caleb-vw4	fucklh	S	I
2020-04-04 03:22:59.960319	u/MemesMod	fmdzrfg	u/soggy_cereal109	fup3oi	S	N
2020-04-04 03:23:08.047948	u/Monstar235	fmdzri7	u/Turtlemandb	fmdz1na	C	I
2020-04-04 03:23:11.124727	u/adwait199	fmdzrig	u/deleted	fup325	S	N
2020-04-04 03:23:15.834777	u/dlotaury88	fmdzrj5	u/Pet_Rock788	fuehds	S	I
2020-04-04 03:23:18.200973	u/SuperBoiYEET	fmdzrlt	u/RiskierSubsetR	fung9d	S	N
2020-04-04 03:23:21.386596	u/Kidplayer_666	fmdzrpl	u/AJNotMyRealName	fup2rq	S	N
2020-04-04 03:23:26.212533	u/PunjabDa	fmdzrpx	u/walkietalkie22	fujhqe	S	N
2020-04-04 03:23:31.552918	u/kipobaker	fmdzrvb	u/DuckFrog26	funntu	S	N
2020-04-04 03:23:34.751278	u/Oliver_Armstrong	fmdzs1u	u/PonyUpDaddy	fuouz2	S	N
2020-04-04 03:23:41.788010	u/Charamit	fmdzs2r	u/Greatest-idiot	fmdy6lr	C	I
2020-04-04 03:23:49.805392	u/cheesewithyourwine	fmdzs8k	u/J_C_Wizard49	fmdysuz	C	I
2020-04-04 03:23:52.790916	u/LuckyAceBlue	fmdzs8z	u/RepostSleuthBot	fmdk73v	C	I
2020-04-04 03:23:56.803827	u/memeeez	fmdzsa2	u/Mich-Marsh69	fup2q4	S	I
2020-04-04 03:23:59.059066	u/Kalosian_Turtwig95	fmdzsg9	u/hairdyeginger	fuh78m	S	I
2020-04-04 03:24:02.076933	u/C3PlastickO	fmdzsoj	u/asian-comrade	fmdxfqp	C	I
2020-04-04 03:24:06.100132	u/LukasDobos	fmdzsre	u/Mich-Marsh69	fup2q4	S	I
2020-04-04 03:24:13.112770	u/Ion-Nation-	fmdzss5	u/CatsAndCreamCheese	fmdke7e	C	I
2020-04-04 03:24:15.166441	u/OilfieldDrunk	fmdzstf	u/Ullyr_Atreides	fmdxbne	C	I
2020-04-04 03:24:18.238808	u/1Plz-Easy-Way-Star	fmdzstg	u/keem-boi	fumub8	S	N
2020-04-04 03:24:22.287345	u/raj_nv97	fmdzsv0	u/GrayKohle	fuosd4	S	N
2020-04-04 03:24:26.220452	u/Leipurinen	fmdzsxr	u/Cripst1	fmdzpmi	C	N
2020-04-04 03:24:29.176936	u/Shiyama23	fmdzsxu	u/Eagleye2504	fmdio4n	C	I
2020-04-04 03:24:31.608187	u/slavicnavic	fmdzsyv	u/pogii__	fulaix	S	I
2020-04-04 03:24:34.624626	u/luijkanic	fmdzsz8	u/Bossdemani	fmdzb16	C	I
2020-04-04 03:24:39.696998	u/PauIanerBerq	fmdzt00	u/deadparodox	fulsia	S	I
2020-04-04 03:24:44.261103	u/weebAnimeKid	fmdzt54	u/sanch3z90	fukwqy	S	I
2020-04-04 03:24:47.300593	u/marioandrea06	fmdzt6d	u/Mich-Marsh69	fup2q4	S	I
2020-04-04 03:24:51.239191	u/Zaphalsun	fmdzt8h	u/Bloodyfangs108	fup34y	S	N
2020-04-04 03:24:55.475412	u/Mr_Potatao	fmdztdg	u/deadparodox	fulsia	S	I
2020-04-04 03:25:03.842184	u/Vimri	fmdzte0	u/cRaZy_SoB	fmdzp2q	C	I
2020-04-04 03:25:08.222231	u/Xc_ihavememes	fmdztei	u/jollygreenscott91	fun4x6	S	I
2020-04-04 03:25:12.166942	u/bruhmobile12	fmdzthj	u/Long_Giraffe69	fumzh1	S	I
2020-04-04 03:25:17.008836	u/AutoModerator	fmdztsl	u/deleted	fup470	S	N
2020-04-04 03:25:18.992341	u/mjartien_	fmdztuk	u/leapyearwoo	fmdx1h9	C	N
2020-04-04 03:25:22.332502	u/Kitcot	fmdzu11	u/RiskierSubsetR	fung9d	S	N
2020-04-04 03:25:25.267509	u/wumpy112	fmdzu6n	u/xx_Vexatious_xx	fmdzdt6	C	I
2020-04-04 03:25:32.152239	u/Lameyy2006	fmdzu6v	u/Steven_2769	fmduel3	C	I
2020-04-04 03:25:35.066658	u/Mr_oof1010	fmdzu7z	u/DIO_BRANDO1373	fmdz1o9	C	I
2020-04-04 03:25:38.914969	u/TheCheeseBroker	fmdzu94	u/pppundercover	fmdyw1e	C	N
2020-04-04 03:25:41.818220	u/Ullyr_Atreides	fmdzuaw	u/OilfieldDrunk	fmdzstf	C	I
2020-04-04 03:25:43.818129	u/RepostSleuthBot	fmdzud2	u/PauIanerBerq	fmdzt00	C	I
2020-04-04 03:25:45.785686	u/WytBandit	fmdzug1	u/Mil_2	fmdzh3h	C	I
2020-04-04 03:25:49.636792	u/TyMT	fmdzul1	u/mitten-boi	fmdzp01	C	N
2020-04-04 03:25:54.548080	u/YaBoiLeadFist	fmdzup0	u/caleb-vw4	fucklh	S	I
2020-04-04 03:25:57.376752	u/KingdesUniversums	fmdzuqs	u/jihadMW	fmdwj5k	C	N
2020-04-04 03:26:01.171899	u/ItzTrixterzz	fmdzusv	u/Dudop0	fmdzc20	C	N
2020-04-04 03:26:04.827602	u/LittleShit3000	fmdzuwm	u/JustFbi	fukvq0	S	N
2020-04-04 03:26:08.567249	u/SpecialOneOnReddit	fmdzuxz	u/Skipplx	fmdvhlc	C	N
2020-04-04 03:26:14.074095	u/itsthepatheticpatrol	fmdzv2s	u/CopperScout	fubqtk	S	N
2020-04-04 03:26:18.053269	u/TeamZoellaForever	fmdzv3c	u/Racing_in_the_street	fulptb	S	N
2020-04-04 03:26:20.043324	u/spamooo	fmdzv3f	u/fardthenpoopie	fup3he	S	N
2020-04-04 03:26:24.729012	u/Recabilly	fmdzv4u	u/bluecat21	fmck6sz	C	N
2020-04-04 03:26:28.564260	u/ConfusedShibaInu	fmdzv64	u/KustomKonceptz	fup0bq	S	I
2020-04-04 03:26:32.578985	u/Miro_Meme_EXPERT	fmdzv6v	u/darkspeed002	fuodkv	S	I
2020-04-04 03:26:33.627458	u/MemesMod	fmdzv7r	u/Saturn5279	fup46n	S	N
2020-04-04 03:26:35.551894	u/NutellaWuver	fmdzv9w	u/deleted	fmdyph1	C	N
2020-04-04 03:26:40.212112	u/SoggyPineapple17	fmdzvc2	u/sanch3z90	fukwqy	S	I
2020-04-04 03:26:43.335662	u/Lilcheebs93	fmdzvct	u/Racing_in_the_street	fulptb	S	N
2020-04-04 03:26:49.945013	u/proftrio	fmdzvey	u/s144949	fmdt61p	C	I
2020-04-04 03:26:51.841140	u/-_-_-__-_-__-	fmdzvf8	u/YaBoiLeadFist	fmdzp1j	C	N
2020-04-04 03:26:56.505502	u/if-you-reply-ure-gay	fmdzvfm	u/deadparodox	fulsia	S	I
2020-04-04 03:26:59.272283	u/Youfkingapologist	fmdzvg8	u/Zarutoks	fmdvnla	C	N
2020-04-04 03:27:02.935586	u/HEBKoolAid3	fmdzvi6	u/Doggo_Tacos	fmdlnay	C	I
2020-04-04 03:27:06.525672	u/xXSNIP3R_K1DXx	fmdzvjb	u/ThatWoodCD	fuju7l	S	I
2020-04-04 03:27:08.417257	u/fardthenpoopie	fmdzvks	u/spamooo	fmdzv3f	C	N
2020-04-04 03:27:12.252073	u/20antwan	fmdzvlt	u/Latricc	fumtsx	S	N
2020-04-04 03:27:17.805923	u/urjs	fmdzvm8	u/asseater293	fm3iau3	C	I
2020-04-04 03:27:21.577882	u/bumm_bumm	fmdzvn5	u/MammothTurd	fup0xc	S	N
2020-04-04 03:27:24.244091	u/ThePuffBoss	fmdzvn7	u/JustFbi	fukvq0	S	N
2020-04-04 03:27:26.050777	u/The_Radioactive_Rat	fmdzvn9	u/Luc1_F0x	fmdto9l	C	I
2020-04-04 03:27:29.653694	u/ThicccyNicccy	fmdzvnx	u/StannisSama	fmdxxbi	C	I
2020-04-04 03:27:37.829628	u/Benisaperson1	fmdzvnw	u/RedditMemesSuck	fmd3ggn	C	I
2020-04-04 03:27:39.751972	u/Luc1_F0x	fmdzvo0	u/boopiebattole	fup37m	S	I
2020-04-04 03:27:43.917065	u/LB311	fmdzvp2	u/MagicMonkey667	fuezqu	S	I
2020-04-04 03:27:45.719848	u/toucansanch	fmdzvsp	u/House_of_ill_fame	fmd23bg	C	I
2020-04-04 03:27:49.204242	u/HelloImAPotatoGuy	fmdzvtu	u/deadparodox	fulsia	S	I
2020-04-04 03:27:52.826362	u/JoeMamma1221	fmdzvwt	u/nonvegvegan	fuo5tt	S	I
2020-04-04 03:27:55.512078	u/SnapshillBot	fmdzvx2	u/getagrab	fup4e3	S	N
2020-04-04 03:27:58.227832	u/SnapshillBot	fmdzvyn	u/lemonto	fup4di	S	N
2020-04-04 03:28:00.848392	u/Here_FO_MemeS	fmdzvyu	u/Luledino	fmdzqum	C	I
2020-04-04 03:28:03.526158	u/kinetickle	fmdzvzx	u/Radu32	fup2bm	S	I
2020-04-04 03:28:06.206551	u/SnapshillBot	fmdzw0i	u/Ekxkarte	fup4b7	S	N
2020-04-04 03:28:08.897211	u/SnapshillBot	fmdzw20	u/AwesomeManDan13	fup47i	S	I
2020-04-04 03:28:10.735693	u/ExtensionRegular1	fmdzw3r	u/Jarroud69	fuovhc	S	N
2020-04-04 03:28:13.496220	u/Retroboy216	fmdzw96	u/deadparodox	fulsia	S	I
2020-04-04 03:28:16.954540	u/CheeriodudeL45	fmdzwb8	u/SlavNibbas69	fmdq8az	C	I
2020-04-04 03:28:18.721075	u/Lenin_666	fmdzwci	u/god_peepee	fmdyfly	C	I
2020-04-04 03:28:20.591954	u/ConfusedShibaInu	fmdzwex	u/SuperSamPam	fuozwl	S	N
2020-04-04 03:28:25.820235	u/kostya1617	fmdzwfe	u/cheesewithyourwine	fmdzs8k	C	I
2020-04-04 03:28:27.612235	u/SnapshillBot	fmdzwjs	u/Shiteingann	fup4qg	S	I
2020-04-04 03:28:31.078599	u/Yarzu89	fmdzwk4	u/deadparodox	fulsia	S	I
2020-04-04 03:28:34.246314	u/Rockario101	fmdzwki	u/jollygreenscott91	fun4x6	S	I
2020-04-04 03:28:36.892533	u/lasanaman	fmdzwmc	u/_wdsans_	fum3hg	S	I
2020-04-04 03:28:42.801406	u/PotatoMeme03	fmdzwrj	u/IShartedOnUrPillow	fmcy6gq	C	I
2020-04-04 03:28:45.111775	u/Respecwamon	fmdzwxb	u/j3hadipi3	fujdaj	S	I
2020-04-04 03:28:48.445120	u/itzkroyyy	fmdzwyc	u/Starlord107	fmdl2nq	C	I
2020-04-04 03:28:50.286073	u/PSTuares	fmdzx35	u/PonyUpDaddy	fuouz2	S	N
2020-04-04 03:28:53.713096	u/bjerendos	fmdzx9j	u/Mr_Moose804	fmdd334	C	I
2020-04-04 03:28:55.353976	u/RepostSleuthBot	fmdzx9n	u/if-you-reply-ure-gay	fmdzvfm	C	N
2020-04-04 03:28:58.149565	u/asian-comrade	fmdzxag	u/Maissa_008	fucp1b	S	N
2020-04-04 03:28:59.782940	u/Gandivdhari	fmdzxch	u/chickenlegflipflops	fmdwunr	C	I
2020-04-04 03:29:01.512211	u/SnapshillBot	fmdzxdj	u/Ice_Narwhal	fup4vx	S	N
2020-04-04 03:29:04.813377	u/XPSSlingGAMING	fmdzxg4	u/NoLifeOnlyReddit	funn5o	S	N
2020-04-04 03:29:06.510431	u/manago_jelly	fmdzxkj	u/deleted	fuo75r	S	N
2020-04-04 03:29:08.183743	u/NutellaWuver	fmdzxlu	u/Jarroud69	fuovhc	S	N
2020-04-04 03:29:09.019749	u/poorly_timed_fuck	fmdzxpj	u/TheNiftyNoodle17	fmdx1vb	C	I
2020-04-04 03:29:11.529039	u/Tako-Su	fmdzxq9	u/Mich-Marsh69	fup2q4	S	I
2020-04-04 03:29:14.148669	u/C-C93	fmdzxty	u/ThunderingSacks	fukjkm	S	I
2020-04-04 03:29:16.353148	u/SpecialOneOnReddit	fmdzxx4	u/west2753	fmdqala	C	I
2020-04-04 03:29:18.162855	u/OilfieldDrunk	fmdzxzz	u/CooperQuartz	fuol0r	S	I
2020-04-04 03:29:22.160031	u/oofxwastaken	fmdzy0t	u/TwitchItzRich	fukcrn	S	I
2020-04-04 03:29:24.038025	u/B-i-g-K-a-l	fmdzy1o	u/pogii__	fulaix	S	I
2020-04-04 03:29:27.056621	u/edward-has-many-eggs	fmdzy36	u/MagicMonkey667	fuezqu	S	I
2020-04-04 03:29:32.102854	u/InfinityXI6	fmdzy3p	u/Poopkillio	fmccvtd	C	I
2020-04-04 03:29:32.848457	u/picklecheww	fmdzy91	u/faze_overclock	fmdqg50	C	N
2020-04-04 03:29:34.318825	u/FloatingScooter	fmdzy93	u/Lime_Turtle69	fuoy25	S	I
2020-04-04 03:29:38.542016	u/ImNooby_	fmdzydp	u/hot_grills	fmdxz65	C	I
2020-04-04 03:29:39.260467	u/Triande	fmdzyev	u/Adelh1025	fmdn0ia	C	I
2020-04-04 03:29:40.607045	u/LocalGrinch-	fmdzyg5	u/This_guy7796	fmdy7mu	C	I
2020-04-04 03:29:42.851197	u/LuckyLudor	fmdzyi3	u/JustFbi	fukvq0	S	N
2020-04-04 03:29:45.206661	u/SnapshillBot	fmdzyi9	u/FiggerWiddaN	fup53i	S	I
2020-04-04 03:29:47.151267	u/SnapshillBot	fmdzyjg	u/Dude319	fup52g	S	N
2020-04-04 03:29:48.993141	u/black_icce	fmdzyjn	u/ItzTrixterzz	fmdzusv	C	I
2020-04-04 03:29:49.612074	u/boopiebattole	fmdzykg	u/Luc1_F0x	fmdzvo0	C	I
2020-04-04 03:29:51.367901	u/cRaZy_SoB	fmdzyod	u/Vimri	fmdzte0	C	I
2020-04-04 03:29:53.594766	u/beybey2018	fmdzyqn	u/Will_Kirkwood98653	fug051	S	I
2020-04-04 03:29:54.701288	u/Miranda-Milat	fmdzyrh	u/Gumus33	fup1wl	S	N
2020-04-04 03:29:56.619117	u/hmntsrsh	fmdzyth	u/walkietalkie22	fujhqe	S	N
2020-04-04 03:29:57.529294	u/matt10315	fmdzyvn	u/MontyShallot	fuj949	S	N
2020-04-04 03:30:00.313822	u/evilfuzzyofdoom	fme1915	u/polkalana	fuoft7	S	I
2020-04-04 03:30:03.644448	u/-MemeMaster-	fme192z	u/vusog	fmdsnfn	C	I
2020-04-04 03:30:04.743246	u/ankush_8	fme197s	u/Betorange	fmd3483	C	N
2020-04-04 03:30:06.377107	u/darkspeed002	fme19an	u/jollygreenscott91	fun4x6	S	I
2020-04-04 03:30:08.596375	u/DoktorZombie1	fme19dl	u/nonvegvegan	fuo5tt	S	I
2020-04-04 03:30:12.760009	u/AutoModerator	fme19gc	u/tybur11	fupejg	S	N
2020-04-04 03:30:17.822926	u/pressyprice	fme19gz	u/ThatWoodCD	fuju7l	S	I
2020-04-04 03:30:23.166880	u/tht_prelude_guy	fme19j8	u/Racing_in_the_street	fulptb	S	N
2020-04-04 03:30:26.273419	u/basiclyImonky	fme19jl	u/Gritilis_PEPER	fmdz9sc	C	I
2020-04-04 03:30:34.701987	u/Wusup2007	fme19jy	u/RussianCheeseDood	fme0zte	C	I
2020-04-04 03:30:38.844875	u/dude_what_is_u_doin	fme19km	u/Antstony420	fmdz13v	C	I
2020-04-04 03:30:41.032937	u/Axolotlife	fme19me	u/Acridcomic7276	fup7pi	S	I
2020-04-04 03:30:45.215733	u/AMIRH82	fme19mi	u/JackeRid05	fup7sa	S	I
2020-04-04 03:30:53.519821	u/Alibaran45	fme19sl	u/cerealcat2020	fmdxkut	C	I
2020-04-04 03:30:56.691610	u/MrMinerNiner	fme19wf	u/vpetrychuk	fupcr2	S	I
2020-04-04 03:31:00.903672	u/Semaj_Tram	fme19xd	u/GreatLeonus	fuolar	S	I
2020-04-04 03:31:08.204775	u/okzoomer420	fme1a18	u/MrGatsbyy	fmcerk5	C	I
2020-04-04 03:31:11.306191	u/AdditionalCalendar9	fme1a3q	u/Imphulsive	fme16o8	C	N
2020-04-04 03:31:13.457514	u/Imphulsive	fme1a54	u/kingdine	fupe4u	S	N
2020-04-04 03:31:18.580000	u/bruh_the_person	fme1a6o	u/Philipp_01	fuegjx	S	I
2020-04-04 03:31:25.825603	u/Damoncorso	fme1a8r	u/ehzihan	fme16xx	C	I
2020-04-04 03:31:30.654479	u/BigYak_270	fme1a9k	u/jollygreenscott91	fun4x6	S	I
2020-04-04 03:31:35.412241	u/TheMinecraftDerp	fme1aah	u/TwitchItzRich	fukcrn	S	I
2020-04-04 03:31:39.538280	u/bleepblorp552	fme1aeq	u/jhoughton663	fuozmk	S	I
2020-04-04 03:31:44.777863	u/srslytho323	fme1akv	u/FeralStreetwear	fuo2li	S	I
2020-04-04 03:31:49.361077	u/Runimoes	fme1an6	u/JustFbi	fukvq0	S	N
2020-04-04 03:31:53.412150	u/Grong-the-Red	fme1anx	u/Philipp_01	fuegjx	S	I
2020-04-04 03:31:57.995864	u/IEatYoPizzaRolla	fme1aoy	u/jollygreenscott91	fun4x6	S	I
2020-04-04 03:32:04.428129	u/JakeDBfc	fme1aq2	u/RiskierSubsetR	fung9d	S	N
2020-04-04 03:32:08.531956	u/corship	fme1aqt	u/SecretInvader	fupel5	S	N
2020-04-04 03:32:11.786784	u/faithtofu	fme1asg	u/sheshatinmyoven	fumiuy	S	N
2020-04-04 03:32:15.811591	u/legendarykale	fme1at8	u/Nekoma1a	fmdxhro	C	N
2020-04-04 03:32:20.713335	u/Jorsk3n	fme1ath	u/CatsAndCreamCheese	fukd3t	S	I
2020-04-04 03:32:24.854292	u/xkurlykidx	fme1b0v	u/kingdine	fun4cx	S	N
2020-04-04 03:32:28.007630	u/Mediocre_Nobody	fme1b2y	u/therus89	fuh7lb	S	N
2020-04-04 03:32:31.283842	u/tht_prelude_guy	fme1b57	u/Racing_in_the_street	fulptb	S	N
2020-04-04 03:32:36.295421	u/RepostSleuthBot	fme1b5x	u/TheElderCheese	fme1410	C	N
2020-04-04 03:32:40.477272	u/Elllipropelli	fme1bc3	u/Riyolen	fui7d7	S	N
2020-04-04 03:32:43.534746	u/MemesMod	fme1bdm	u/Fritserick	fupeun	S	N
2020-04-04 03:32:45.601664	u/RepostSleuthBot	fme1biy	u/TheElderCheese	fme1410	C	N
2020-04-04 03:32:49.626361	u/mil_boi42	fme1bj3	u/Wusup2007	fme19jy	C	I
2020-04-04 03:32:53.763585	u/heyuhitsyaboi	fme1bo3	u/ricebowlforahat	fupbfy	S	N
2020-04-04 03:33:00.953058	u/erichungus	fme1bp5	u/TRoastedPotato	fmdysn3	C	I
2020-04-04 03:33:03.120805	u/n00b_shl00b	fme1bp7	u/LukasDobos	fup94i	S	N
2020-04-04 03:33:07.249093	u/RandAlThorMessedUp	fme1bqy	u/XxANONYMOUS_SniperXx	fuovx9	S	I
2020-04-04 03:33:12.351771	u/mushroom79	fme1brk	u/kabeersoni	funvrv	S	I
2020-04-04 03:33:15.463191	u/MAGIC_EYE_BOT	fme1bwb	u/HornyAssBreadSticks	fupepz	S	I
2020-04-04 03:33:17.690303	u/_rsmavi_	fme1bwy	u/rahil_p11	fund5f	S	N
2020-04-04 03:33:24.812417	u/-Tuho-	fme1c5p	u/CyberneticFennec	fmcy53b	C	I
2020-04-04 03:33:28.852173	u/Imphulsive	fme1c91	u/Brandonblaze116	fupcra	S	N
2020-04-04 03:33:32.912100	u/lasertie	fme1c97	u/fijifod	fuo726	S	N
2020-04-04 03:33:34.113030	u/Ammo-Racc	fme1c9k	u/FalconPhantom	funqft	S	N
2020-04-04 03:33:40.239400	u/lemonto	fme1caj	u/manago_jelly	fme185m	C	I
2020-04-04 03:33:44.977023	u/superdoods26	fme1cak	u/g_wazowski	fuehwz	S	I
2020-04-04 03:33:49.397680	u/blursed42069	fme1cau	u/funknjam	fuf3n6	S	I
2020-04-04 03:33:53.172453	u/South-wind19	fme1cb1	u/jollygreenscott91	fun4x6	S	I
2020-04-04 03:34:00.174257	u/Mrsjoeblack	fme1cer	u/caleb-vw4	fucklh	S	I
2020-04-04 03:34:06.212682	u/shepard_tsoni	fme1ceu	u/-personwhoslaps-	fup6c0	S	I
2020-04-04 03:34:11.122467	u/Kuraun-kun	fme1ch2	u/DaCreepNexDoah	fmdvmde	C	N
2020-04-04 03:34:14.141360	u/sN1pA_d4nk	fme1cix	u/05Lidhult	fupeb4	S	I
2020-04-04 03:34:18.074822	u/dude_what_is_u_doin	fme1cj0	u/Parzival_Z	fme02bx	C	N
2020-04-04 03:34:23.291990	u/HEBKoolAid3	fme1ckv	u/RiskierSubsetR	fung9d	S	N
2020-04-04 03:34:27.413764	u/dingding9	fme1cl6	u/rahil_p11	fund5f	S	N
2020-04-04 03:34:30.012558	u/superdoods26	fme1cw6	u/ErmineDev	fuhol4	S	N
2020-04-04 03:34:33.425451	u/TheGoldenGasMask	fme1cz5	u/Shoemagoo52	fuin1n	S	N
2020-04-04 03:34:37.536775	u/shanece_mcc	fme1d05	u/CEOOfRussia	funmd0	S	N
2020-04-04 03:34:40.525835	u/RANATANATA	fme1d36	u/RealNxiss	fupcpx	S	N
2020-04-04 03:34:45.384173	u/ValsoKnight	fme1d74	u/ItzTrixterzz	fmdzusv	C	I
2020-04-04 03:34:47.489813	u/stay_fr0sty	fme1d87	u/polkalana	fuoft7	S	I
2020-04-04 03:34:57.122870	u/Guzzler829	fme1d8p	u/MelsBov	fd08zj	S	N
2020-04-04 03:35:00.863461	u/Infinity430	fme1dch	u/milant_	fup57h	S	N
2020-04-04 03:35:07.668661	u/tabion2000	fme1dfz	u/mafiaworks_08	func2j	S	I
2020-04-04 03:35:15.283052	u/MemesMod	fme1dgb	u/OrangeJuiceK1d	fupf1y	S	N
2020-04-04 03:35:20.236081	u/Galactica_Official	fme1dhe	u/sheshatinmyoven	fumiuy	S	N
2020-04-04 03:35:24.020346	u/evan_720	fme1dk7	u/FadingStoic	fme13vd	C	N
2020-04-04 03:35:29.103927	u/XDCDA	fme1dkg	u/MagicMonkey667	fuezqu	S	I
2020-04-04 03:35:32.922921	u/Deawesomerx	fme1dlh	u/senato27	fupb75	S	I
2020-04-04 03:35:35.950796	u/Bearpaca	fme1do1	u/darkspeed002	fuodkv	S	I
2020-04-04 03:35:38.779020	u/Jaybo4000	fme1ds9	u/Triande	fmdyvlg	C	I
2020-04-04 03:35:45.415031	u/-MemeMaster-	fme1dtk	u/anonymous1739361	fmcipwb	C	I
2020-04-04 03:35:50.144780	u/SnapshillBot	fme1du4	u/MSGolimarkar	fupbg3	S	I
2020-04-04 03:35:52.166760	u/Porygon-Z2	fme1duh	u/roasted_0reo	fuowzb	S	I
2020-04-04 03:35:55.072046	u/SnapshillBot	fme1dvf	u/ricebowlforahat	fupbfy	S	N
2020-04-04 03:35:57.025135	u/SnapshillBot	fme1dwf	u/Shiteingann	fupbdc	S	I
2020-04-04 03:35:59.990544	u/Quarterhour420	fme1dxs	u/Pulsarial	fulacj	S	N
2020-04-04 03:36:07.057994	u/Imphulsive	fme1e03	u/Infinity430	fme14xp	C	N
2020-04-04 03:36:09.111706	u/urfuckingwife	fme1e07	u/SpaarkyXD	fuilqw	S	N
2020-04-04 03:36:12.620780	u/uglynakedguyyyy	fme1e9v	u/jollygreenscott91	fun4x6	S	I
2020-04-04 03:36:16.610555	u/moon_mantis	fme1ea6	u/Tech-Support-420	fujnal	S	I
2020-04-04 03:36:20.384802	u/Mr_Beer_Man	fme1eds	u/ARNisUsername	fuee6q	S	I
2020-04-04 03:36:25.063748	u/Garrett-i	fme1edw	u/normitrash2	fme0xp3	C	I
2020-04-04 03:36:28.813694	u/B19B0y124	fme1ee1	u/vpetrychuk	fupcr2	S	I
2020-04-04 03:36:32.599018	u/mungwhisperer	fme1ega	u/polkalana	fuoft7	S	I
2020-04-04 03:36:35.226760	u/1upGAMeR200	fme1eiz	u/TwitchItzRich	fukcrn	S	I
2020-04-04 03:36:39.790496	u/05Lidhult	fme1ejc	u/AK24ROCKS	fme17ki	C	I
2020-04-04 03:36:42.564379	u/lit_tle_asian	fme1ejx	u/jollygreenscott91	fun4x6	S	I
2020-04-04 03:36:45.380786	u/GokusTheName	fme1ems	u/Shagurope	fup9ez	S	I
2020-04-04 03:36:50.942012	u/Free2Play1457	fme1ep9	u/Redrobin_Nest	fmdtiq3	C	I
2020-04-04 03:36:55.492431	u/The_Living_Tomato	fme1es1	u/TigerClaw64	fmdhbxi	C	I
2020-04-04 03:36:57.336197	u/paaul_	fme1es6	u/IINeVeNII	fmdyj45	C	N
2020-04-04 03:37:02.923772	u/Sheppsi	fme1etr	u/wolfenyeager	fmdkrm0	C	I
2020-04-04 03:37:05.950549	u/ImStillChill	fme1eyx	u/Tech-Support-420	fujnal	S	I
2020-04-04 03:37:07.764168	u/allbirdsaregay	fme1ezq	u/cReddit-Toby	fme0rxe	C	N
2020-04-04 03:37:12.302164	u/shepard_tsoni	fme1f11	u/DDoMO68	fup5xs	S	N
2020-04-04 03:37:15.322041	u/LACHTHEPRO	fme1f9q	u/ErmineDev	fuhol4	S	N
2020-04-04 03:37:17.263639	u/icantchoosename123	fme1fap	u/theMeatman7	fttqhc	S	I
2020-04-04 03:37:22.811669	u/just_an_insomniac	fme1fb0	u/Avongrane	fmd9q7z	C	I
2020-04-04 03:37:25.630155	u/PeterGriffenttv	fme1fca	u/scodennton456	fumf6g	S	I
2020-04-04 03:37:28.376901	u/TravelerXZero	fme1fdk	u/Neo_The_bluepill_One	fupdx4	S	I
2020-04-04 03:37:31.268944	u/hijii144	fme1fin	u/ThunderingSacks	fukjkm	S	I
2020-04-04 03:37:33.940687	u/HostMemeMachine	fme1fjx	u/E-L-O-N_M-U-S-K	fme152q	C	I
2020-04-04 03:37:36.607307	u/SCPunited	fme1fn0	u/the_cat_showz	fmcflrx	C	I
2020-04-04 03:37:38.682939	u/Schijn_Filantroop	fme1fow	u/DomD8	fuju5r	S	I
2020-04-04 03:37:40.463129	u/Azallp1	fme1fqo	u/Q-_-3	fmdoqq2	C	N
2020-04-04 03:37:43.991320	u/demotecontrol	fme1fqv	u/StevenStarkem	fmdn8p5	C	N
2020-04-04 03:37:45.036672	u/FijiWater001	fme1fs7	u/CEOOfRussia	funx7h	S	N
2020-04-04 03:37:47.866963	u/AdditionalCalendar9	fme1fsm	u/LukasDobos	fup94i	S	N
2020-04-04 03:37:53.255720	u/memebotter420	fme1fuy	u/Miraphica	fmd4ds1	C	I
2020-04-04 03:37:55.132595	u/amrindersr16	fme1fv9	u/darkspeed002	fuod89	S	I
2020-04-04 03:37:58.253367	u/-Liquid_Snake-	fme1fyn	u/MontyShallot	fuj949	S	N
2020-04-04 03:38:01.111891	u/deluded_soull	fme1fzz	u/ThunderingSacks	fukjkm	S	I
2020-04-04 03:38:03.801614	u/LankyPurple	fme1g00	u/johuitheperson	fupcjx	S	N
2020-04-04 03:38:07.215325	u/Ynda-	fme1g1s	u/jollygreenscott91	fun4x6	S	I
2020-04-04 03:38:11.625708	u/WeinerCircle	fme1g1t	u/Ddog200411	fmdtmuy	C	I
2020-04-04 03:38:16.214654	u/RelativeBlindness	fme1g8c	u/darkspeed002	fuodkv	S	I
2020-04-04 03:38:17.171583	u/PrudentJuice	fme1g8t	u/FragaZouk	fme18fh	C	I
2020-04-04 03:38:18.276543	u/MalibK	fme1g97	u/CEOOfRussia	funmd0	S	N
2020-04-04 03:38:20.912888	u/thememethatwasnt	fme1gbe	u/stavsent	fupf3s	S	N
2020-04-04 03:38:25.289150	u/TON_THENOOB	fme1gcn	u/TRIS74N	fuo7z3	S	I
2020-04-04 03:38:28.316077	u/Sodafff	fme1gd4	u/Tech-Support-420	fujnal	S	I
2020-04-04 03:38:31.686736	u/bruh_the_person	fme1gfg	u/SirSacrament	fmdqtep	C	N
2020-04-04 03:38:33.392462	u/South-wind19	fme1gih	u/uglynakedguyyyy	fme1e9v	C	I
2020-04-04 03:38:34.830309	u/blopbliep	fme1gl1	u/j3hadipi3	fujdaj	S	I
2020-04-04 03:38:37.317172	u/AidanTayTay	fme1gmx	u/TTV_gungame231	fmdp2lc	C	N
2020-04-04 03:38:41.461229	u/R3t4rd3dD3m0n	fme1gnj	u/Addictedtohistorymem	fmdiryx	C	N
2020-04-04 03:38:42.434150	u/ioofedmyslef	fme1gp8	u/Psyduck2708	fup8ln	S	N
2020-04-04 03:38:44.912290	u/Reditovan	fme1grm	u/FaCe_CrazyKid05	fmdrygf	C	I
2020-04-04 03:38:48.303557	u/asheacher12	fme1gyq	u/kingdine	fupe4u	S	N
2020-04-04 03:38:49.424510	u/PeterGriffenttv	fme1gyx	u/ThunderingSacks	fukjkm	S	I
2020-04-04 03:38:51.331612	u/kefir5042	fme1h4h	u/Tech-Support-420	fujnal	S	I
2020-04-04 03:38:52.941452	u/MuscleMike	fme1h4p	u/Colbysrich	fmdc4dg	C	N
2020-04-04 03:38:57.499809	u/itdoesntevenmatter3	fme1h52	u/RiskierSubsetR	fung9d	S	N
2020-04-04 03:38:59.175553	u/Shiteingann	fme1h6r	u/ricebowlforahat	fupbfy	S	N
2020-04-04 03:39:04.918858	u/ARandomAnimeGirlUwU	fme1hau	u/timothee1	fmdrr0g	C	I
2020-04-04 03:39:06.017998	u/AnonymousDemon69	fme1hc7	u/TheLatitude	fui46r	S	I
2020-04-04 03:39:06.862912	u/Wusup2007	fme1hgs	u/mil_boi42	fme1bj3	C	I
2020-04-04 03:39:08.539332	u/tyRENasoarus	fme1hij	u/stavsent	fupf3s	S	N
2020-04-04 03:39:10.477158	u/ricecutlet	fme1hix	u/Pringles__	fuhlpz	S	N
2020-04-04 03:39:14.465657	u/androgeek777	fme1hj7	u/DannyGiscool	fuoixs	S	I
2020-04-04 03:39:16.760852	u/St0rmFrog	fme1hm2	u/Redbeetle98	fmdqlmh	C	I
2020-04-04 03:39:19.940681	u/Mozgonus	fme1hn2	u/MrLoupak	fuowrl	S	N
2020-04-04 03:39:21.151260	u/T_major2	fme1hne	u/pogii__	fulaix	S	I
2020-04-04 03:39:21.947105	u/Hailmist	fme1hov	u/tonytonix	fmdyf6t	C	I
2020-04-04 03:39:22.856510	u/MAGIC_EYE_BOT	fme1hps	u/Thibom	fupfsy	S	I
2020-04-04 03:39:24.909671	u/ItalyIsNice	fme1hso	u/oklahomascout	fumnqx	S	N
2020-04-04 03:39:26.392545	u/asheacher12	fme1hu0	u/Imphulsive	fme1a54	C	N
2020-04-04 03:39:29.395606	u/Gauldur04	fme1hv2	u/Xx_Notaweeaboo_xX	fupam3	S	I
2020-04-04 03:39:31.070873	u/Unlucky-Map	fme1hyb	u/BoredomIsntNihilism	fukbuw	S	N
2020-04-04 03:39:34.149633	u/MemesMod	fme1hy7	u/deleted	fupfxc	S	N
2020-04-04 03:39:37.383853	u/The_Waddles69	fme1i1k	u/ThatWoodCD	fuju7l	S	I
2020-04-04 03:39:38.210419	u/NiceBeaver2018	fme1i2z	u/about6140ninjas	fuoizc	S	I
2020-04-04 03:39:39.612679	u/SnapshillBot	fme1i32	u/senato27	fupb75	S	I
2020-04-04 03:39:40.375316	u/B19B0y124	fme1i5u	u/QuasiQueer	fupcmg	S	N
2020-04-04 03:39:41.847028	u/waterbottleman8000	fme1i61	u/sanch3z90	fukwqy	S	I
2020-04-04 03:39:43.825540	u/ProtectTheVetsRights	fme1i6g	u/Ayden-is-a-okbuilder	fupa27	S	I
2020-04-04 03:39:45.809609	u/Dino_Pasta	fme1i7m	u/stavsent	fupf3s	S	N
2020-04-04 03:39:47.094317	u/itzkroyyy	fme1i7x	u/_Xx_ShadowHunter_xX_	fmco9mf	C	I
2020-04-04 03:39:49.581196	u/Patrick_Bot2	fme1i92	u/LittleShit3000	fme08d2	C	I
2020-04-04 03:39:51.486042	u/Damo313	fme1i96	u/camelcabel	fmb2s51	C	I
2020-04-04 03:39:52.105809	u/05Lidhult	fme1ibk	u/sN1pA_d4nk	fme1cix	C	N
2020-04-04 03:39:53.011320	u/EdwardYen	fme1id3	u/RiskierSubsetR	fung9d	S	N
2020-04-04 03:39:55.202101	u/AwkwardAidenYT	fme1ie5	u/JustFbi	fukvq0	S	N
2020-04-04 03:39:55.742424	u/bruh_the_person	fme1ijt	u/paaul_	fme1es6	C	I
2020-04-04 03:39:57.189434	u/darby-dev	fme1ik2	u/Leipurinen	fum8jk	S	N
2020-04-04 03:39:59.357656	u/Spider_Venom007	fme1ikr	u/JustFbi	fukvq0	S	N
2020-04-04 03:40:01.138106	u/Dino_Pasta	fme1il8	u/Dino_Pasta	fme1i7m	C	N
2020-04-04 03:40:03.470239	u/frelux	fme1inn	u/23x3	fme0krh	C	I
2020-04-04 03:40:07.317144	u/CaroZoroark	fme1iok	u/jollygreenscott91	fun4x6	S	I
2020-04-04 03:40:11.476253	u/MemesMod	fme1itg	u/deleted	fupfyr	S	N
2020-04-04 03:40:13.662489	u/-_-_-__-_-__-	fme1ive	u/-_-_-__-_-__-	fup0hy	S	I
2020-04-04 03:40:17.798826	u/Triande	fme1iy3	u/Jaybo4000	fme1ds9	C	I
2020-04-04 03:40:21.051992	u/eat_me_rn_please	fme1j0p	u/LukasDobos	fup94i	S	N
2020-04-04 03:40:27.434113	u/Embarrassed_Cyril	fme1j5m	u/sheshatinmyoven	fumiuy	S	N
2020-04-04 03:40:29.548705	u/darkspeed002	fme1j7a	u/Bearpaca	fme1do1	C	N
2020-04-04 03:40:32.712917	u/The_Jim_Pickens	fme1j7t	u/ban_tabl	fup2dl	S	N
2020-04-04 03:40:39.640766	u/AdditionalCalendar9	fme1ja3	u/Imphulsive	fme1dx9	C	N
2020-04-04 03:40:45.091276	u/BlackDemise	fme1jah	u/kokoge30	fuixmx	S	N
2020-04-04 03:40:48.546691	u/LimaZim	fme1jc6	u/Jordanye3t	fuoyf5	S	I
2020-04-04 03:40:52.782283	u/PeterGriffenttv	fme1jck	u/keem-boi	fumub8	S	N
2020-04-04 03:40:55.937625	u/Alexcreeper71	fme1jdj	u/_SoVa	fup327	S	N
2020-04-04 03:41:02.605352	u/GeraltofMinecraft	fme1jhs	u/what-is-my-life-and-	fuf0c3	S	I
2020-04-04 03:41:04.665042	u/J_C_Wizard49	fme1jia	u/cheesewithyourwine	fmdzs8k	C	I
2020-04-04 03:41:10.151997	u/Embarrassed_Cyril	fme1jjp	u/Sky-devil	fuldl7	S	N
2020-04-04 03:41:14.315249	u/Cringemasta6f4	fme1jl5	u/Ryan8088	fulrkx	S	I
2020-04-04 03:41:18.399158	u/vermonia32	fme1jur	u/collincity	fmbs9nh	C	N
2020-04-04 03:41:23.637644	u/Deawesomerx	fme1jut	u/daddypig31	fupasf	S	I
2020-04-04 03:41:27.820782	u/verus_es_tu	fme1jvf	u/Philipp_01	fuegjx	S	I
2020-04-04 03:41:31.876567	u/DemZombie	fme1jzi	u/jollygreenscott91	fun4x6	S	I
2020-04-04 03:41:37.170383	u/Sonazaki_Raito	fme1jzj	u/scodennton456	fumf6g	S	I
2020-04-04 03:41:42.243177	u/meatwhistle95	fme1k3e	u/I-Pee-Razors	fmdxpi7	C	N
2020-04-04 03:41:48.082553	u/Dragonslayerj262	fme1k4v	u/DanFrancisco580	fuecsr	S	N
2020-04-04 03:41:51.099919	u/typicalguy-was-taken	fme1k5k	u/sammessi10	fme0n78	C	N
2020-04-04 03:41:57.167916	u/deephobby	fme1kce	u/kokkenrole	fupggr	S	N
2020-04-04 03:42:01.263943	u/Centerorgan	fme1key	u/redeneder	fmdzm9c	C	I
2020-04-04 03:42:05.373241	u/PY7HON	fme1kj0	u/wsamson	fupev9	S	N
2020-04-04 03:42:08.516941	u/Sans_The_Comic321	fme1kkc	u/JackeRid05	fup7fe	S	I
2020-04-04 03:42:12.545790	u/halfbloodprince07	fme1ksw	u/MssDevil	fmddhgj	C	I
2020-04-04 03:42:16.640743	u/ricebowlforahat	fme1kuo	u/ricebowlforahat	fupbfy	S	N
2020-04-04 03:42:18.706597	u/R3t4rd3dD3m0n	fme1kuz	u/DespacitoPlane	fme1240	C	N
2020-04-04 03:42:22.228617	u/Cripst1	fme1kxd	u/iRedstoneFox	fufvkq	S	N
2020-04-04 03:42:25.296716	u/ohiseebruh	fme1kyo	u/ZheHoons	fme0g58	C	N
2020-04-04 03:42:33.437613	u/Berblarez	fme1kz6	u/cheesewithyourwine	fme10zu	C	I
2020-04-04 03:42:36.531871	u/evilfuzzyofdoom	fme1l0e	u/Ruddeh	fumz45	S	N
2020-04-04 03:42:39.669293	u/KoolSky387	fme1l10	u/stavsent	fupf3s	S	N
2020-04-04 03:42:47.803152	u/nickgurr435	fme1l2l	u/QWERTYAjay	fmdy7fj	C	I
2020-04-04 03:42:51.014876	u/cooperbean	fme1l2s	u/Jordanye3t	fuoyf5	S	I
2020-04-04 03:42:54.992461	u/RobbidyRoblox	fme1l5s	u/Scottage-Cheese-	fueapg	S	N
2020-04-04 03:42:57.061559	u/MemesMod	fme1lcn	u/SwishGod9286	fupgnk	S	N
2020-04-04 03:43:00.278750	u/AshNotAsh	fme1lcs	u/SirSacrament	funeyq	S	N
2020-04-04 03:43:07.747462	u/waterbottleman8000	fme1lcz	u/Tech-Support-420	fujnal	S	I
2020-04-04 03:43:10.844985	u/Rapid-23	fme1ld0	u/kabeersoni	funvrv	S	I
2020-04-04 03:43:15.463696	u/icedontsleep	fme1lgl	u/Inf1n1tyMagic	fujb9a	S	I
2020-04-04 03:43:21.839665	u/saitama-shoelace	fme1lhz	u/JustFbi	fukvq0	S	N
2020-04-04 03:43:26.748385	u/getyeetd	fme1liu	u/CatsAndCreamCheese	fukd3t	S	I
2020-04-04 03:43:32.483985	u/Entire-Pickle	fme1ljh	u/JustFbi	fukvq0	S	N
2020-04-04 03:43:39.665088	u/Ethan_101184	fme1ljt	u/Tech-Support-420	fujnal	S	I
2020-04-04 03:43:45.517476	u/Jaybo4000	fme1llb	u/Triande	fme1iy3	C	I
2020-04-04 03:43:48.486304	u/RobbidyRoblox	fme1lnc	u/RobbidyRoblox	fme1l5s	C	I
2020-04-04 03:43:54.650667	u/the-blasted-shark	fme1lod	u/RiskierSubsetR	fung9d	S	N
2020-04-04 03:43:59.563746	u/Deawesomerx	fme1log	u/Xx_Notaweeaboo_xX	fupam3	S	I
2020-04-04 03:44:02.565417	u/tyRENasoarus	fme1lsc	u/SecretInvader	fupel5	S	N
2020-04-04 03:44:06.472610	u/Reditovan	fme1lsg	u/D0ofenward	fmdzh9t	C	N
2020-04-04 03:44:10.381620	u/itzkroyyy	fme1lt9	u/oicirbaf239	fmarbnt	C	N
2020-04-04 03:44:15.417238	u/OwenWilsonShares	fme1lwh	u/RepostSleuthBot	fme0z2x	C	I
2020-04-04 03:44:17.410597	u/Lime_Turtle69	fme1m07	u/Strimbo	fmdz4pg	C	N
2020-04-04 03:44:20.762841	u/SilverTheSpy	fme1m42	u/RiskierSubsetR	fung9d	S	N
2020-04-04 03:44:28.661750	u/NoHomoButINeedCash	fme1m4g	u/MrGatsbyy	fmcerk5	C	I
2020-04-04 03:44:33.695536	u/DDoMO68	fme1m6d	u/shepard_tsoni	fme1f11	C	I
2020-04-04 03:44:36.765197	u/Porygon-Z2	fme1m70	u/PonyUpDaddy	fuouz2	S	N
2020-04-04 03:44:41.871389	u/ThiccSexyThanos	fme1m7m	u/Adelh1025	fuk362	S	I
2020-04-04 03:44:43.935023	u/_ProfessionalRetard_	fme1m7s	u/Reese1256	fupggo	S	N
2020-04-04 03:44:46.377459	u/Sushi617	fme1mc3	u/IwusFun	fudex8	S	I
2020-04-04 03:44:49.295375	u/05Lidhult	fme1mc8	u/_wdsans_	fmdz220	C	I
2020-04-04 03:44:52.297536	u/PhantomSpeck	fme1md4	u/squirtrolous	fup5hu	S	N
2020-04-04 03:45:00.107281	u/DespacitoPlane	fme1mh7	u/R3t4rd3dD3m0n	fme1kuz	C	I
2020-04-04 03:45:02.640194	u/IEatYoPizzaRolla	fme1mhw	u/WaffleConeTaco	ful8oz	S	N
2020-04-04 03:45:06.107356	u/Embarrassed_Cyril	fme1min	u/Inf1n1tyMagic	fujb9a	S	I
2020-04-04 03:45:09.266084	u/danegraphics	fme1ml5	u/rahil_p11	fund5f	S	N
2020-04-04 03:45:16.552138	u/faithtofu	fme1mpa	u/JustFbi	fukvq0	S	N
2020-04-04 03:45:19.455593	u/devilsadvorat	fme1mpd	u/Neo_The_bluepill_One	fupfzl	S	I
2020-04-04 03:45:22.359658	u/RelativeBlindness	fme1mpw	u/defaultgarlicbread	fmdxh9d	C	I
2020-04-04 03:45:25.260389	u/2020newacaount	fme1mq8	u/BiggestZahedrion	fmdxew5	C	I
2020-04-04 03:45:31.924022	u/RepostSleuthBot	fme1mv3	u/AnonymousDemon69	fme1hc7	C	N
2020-04-04 03:45:34.544161	u/logan_fleet	fme1mve	u/TwitchItzRich	fukcrn	S	I
2020-04-04 03:45:37.514540	u/Ana_Woon	fme1mvk	u/Cachuchotas	fui1xj	S	I
2020-04-04 03:45:40.424563	u/EpicBeef258	fme1n3k	u/Xx_Notaweeaboo_xX	fupam3	S	I
2020-04-04 03:45:44.301167	u/rivxxn	fme1n6r	u/stavsent	fupf3s	S	N
2020-04-04 03:45:48.214347	u/Gebieter33	fme1n76	u/LukasDobos	fup94i	S	N
2020-04-04 03:45:50.166373	u/Ph1LReddit	fme1n9r	u/stn994	fmdxjfa	C	N
2020-04-04 03:45:53.305459	u/Cannibal_Pxnda	fme1nar	u/BoredomIsntNihilism	fukbuw	S	N
2020-04-04 03:45:57.724063	u/themolluskman	fme1nbv	u/JustFbi	fukvq0	S	N
2020-04-04 03:46:00.477982	u/Bazzy_	fme1nby	u/slashth456	fmdxwl5	C	I
2020-04-04 03:46:05.238183	u/giuda929	fme1neb	u/Gumus33	fup1wl	S	N
2020-04-04 03:46:07.338217	u/Stupidspannerbroke	fme1neh	u/oklahomascout	fumnqx	S	N
2020-04-04 03:46:10.201648	u/thememethatwasnt	fme1ngf	u/SecretInvader	fupel5	S	N
2020-04-04 03:46:13.247190	u/Dino_Pasta	fme1nig	u/PuggyOG	fupdgg	S	I
2020-04-04 03:46:20.704721	u/TIXOxD	fme1nta	u/JustFbi	fukvq0	S	N
2020-04-04 03:46:23.577788	u/qweenqweef	fme1nv7	u/Bockscutter	fum6l0	S	I
2020-04-04 03:46:26.459821	u/69joseph-stalin420	fme1nvh	u/god_peepee	fuon5v	S	I
2020-04-04 03:46:29.333738	u/grzzbot	fme1nxe	u/Merc_lol	fuomme	S	N
2020-04-04 03:46:32.186106	u/AutoModerator	fme1o1b	u/deleted	fuphc5	S	N
2020-04-04 03:46:38.286756	u/Luckiehoodie	fme1o34	u/what-is-my-life-and-	fuf0c3	S	I
2020-04-04 03:46:43.045177	u/Big_Teeter	fme1o7p	u/BirgBoi	fmdi8fh	C	I
2020-04-04 03:46:45.905421	u/TidiestTrash824	fme1o9v	u/JackeRid05	fup7fe	S	I
2020-04-04 03:46:50.502982	u/HelpMe-orz	fme1oaa	u/proftrio	fmdzvey	C	I
2020-04-04 03:46:53.766803	u/HeadResponsibility2	fme1ocq	u/RiskierSubsetR	fung9d	S	N
2020-04-04 03:46:55.625465	u/itzkroyyy	fme1off	u/DodoNoobLord	fmayfzb	C	I
2020-04-04 03:46:58.367848	u/AwkwardAidenYT	fme1oh0	u/RepostSleuthBot	fmdmz6b	C	I
2020-04-04 03:47:01.412979	u/Mah_kiwi	fme1oii	u/Adelh1025	fuk362	S	I
2020-04-04 03:47:03.349525	u/JammieDodger647	fme1oj3	u/EmeraldianCarrot	fuph45	S	N
2020-04-04 03:47:07.910023	u/RepostSleuthBot	fme1okq	u/deleted	fme1fow	C	N
2020-04-04 03:47:10.654477	u/GurkanThomas	fme1oq2	u/Kroestah	fmd5e5c	C	N
2020-04-04 03:47:14.041533	u/AdamR91	fme1ot0	u/JustFbi	fukvq0	S	N
2020-04-04 03:47:16.006616	u/squeezy102	fme1ota	u/keem-boi	fumub8	S	N
2020-04-04 03:47:18.729001	u/androgeek777	fme1oy1	u/Infinity430	fme0uii	C	N
2020-04-04 03:47:27.490255	u/leapyearwoo	fme1oyc	u/EmeraldianCarrot	fuph45	S	N
2020-04-04 03:47:31.164414	u/GalacticOverlordED	fme1ozs	u/Ginger_Face_29	fumk7v	S	I
2020-04-04 03:47:33.842485	u/KoolSky387	fme1p35	u/Imphulsive	fme1a54	C	N
2020-04-04 03:47:35.641883	u/smolssnek	fme1p3r	u/leapyearwoo	fmdz7mj	C	N
2020-04-04 03:47:37.486408	u/sugimateasu	fme1p5m	u/TheElderCheese	fupekr	S	N
2020-04-04 03:47:41.267672	u/WhiteNorthAstronomy	fme1p7r	u/Jordanye3t	fuoyf5	S	I
2020-04-04 03:47:44.708513	u/EthanPrisonMike	fme1p8q	u/jollygreenscott91	fun4x6	S	I
2020-04-04 03:47:47.344717	u/Ninjago_Vo	fme1pf2	u/A-Gamer-God	fmdrcrw	C	I
2020-04-04 03:47:50.005932	u/MemesMod	fme1pid	u/deleted	fuphk0	S	N
2020-04-04 03:47:51.996398	u/epicmemeslawd	fme1pjv	u/CEOOfRussia	funmd0	S	N
2020-04-04 03:47:53.807504	u/Adelh1025	fme1pld	u/Mah_kiwi	fme1oii	C	I
2020-04-04 03:47:57.619743	u/R3t4rd3dD3m0n	fme1plo	u/LitPepe	fuj7mw	S	N
2020-04-04 03:48:00.888440	u/Gewoon__ik	fme1plx	u/M-K-_-_-M-K	fuhews	S	N
2020-04-04 03:48:03.624285	u/mil_boi42	fme1pn5	u/Peyton_Tal	fum62k	S	N
2020-04-04 03:48:08.086232	u/sammyhi13	fme1pod	u/BIG_SMOOOOOOOHKE_PL	fmdwe34	C	I
2020-04-04 03:48:09.946548	u/AndrewtheGreatGamer	fme1pp8	u/MemeMaster5	fuo5hp	S	N
2020-04-04 03:48:13.397289	u/05Lidhult	fme1ptr	u/Grusslen22	fmdytqo	C	I
2020-04-04 03:48:15.237050	u/Planktillimdank	fme1pxk	u/tybur11	fuphcb	S	N
2020-04-04 03:48:18.792131	u/LadyofDungeons	fme1q2k	u/g_wazowski	fuehwz	S	I
2020-04-04 03:48:24.767138	u/ullubullu	fme1q30	u/Mattdog_99	fmcv1qt	C	I
2020-04-04 03:48:27.299615	u/Falconasse	fme1q53	u/bluerosereality	fmdk087	C	I
2020-04-04 03:48:30.171377	u/xmasbad	fme1q82	u/Shoemagoo52	fuin1n	S	N
2020-04-04 03:48:34.514176	u/Alzakex	fme1qb5	u/ButtStuffMom	fmdgkjh	C	I
2020-04-04 03:48:37.238240	u/imsoboredwhy	fme1qc4	u/Ramses3	ft03dz	S	I
2020-04-04 03:48:39.704102	u/AK24ROCKS	fme1qh9	u/05Lidhult	fme1ejc	C	I
2020-04-04 03:48:41.536364	u/lordbutternut	fme1qjw	u/CEOOfRussia	funmd0	S	N
2020-04-04 03:48:44.879105	u/-Kakauko-	fme1qmu	u/MrLoupak	fuowrl	S	N
2020-04-04 03:48:47.357504	u/ayaan604	fme1qqn	u/ayush_khedekar	flf1ndh	C	N
2020-04-04 03:48:48.324462	u/SomeDudeist	fme1qrw	u/MichDontTrip	fupg1d	S	N
2020-04-04 03:48:50.822129	u/stay_fr0sty	fme1qtz	u/about6140ninjas	fuoizc	S	I
2020-04-04 03:48:52.496816	u/bruhhhghgbskw	fme1qvg	u/Hypererra	fme0ip0	C	I
2020-04-04 03:48:55.724510	u/ThatGuyNextToMe	fme1qw2	u/J_C_Wizard49	fme1jia	C	I
2020-04-04 03:48:56.589142	u/R3t4rd3dD3m0n	fme1qwf	u/Kroestah	fmd5e5c	C	N
2020-04-04 03:48:58.451000	u/ageneraluseraccount	fme1qwp	u/SirSacrament	funeyq	S	N
2020-04-04 03:49:01.766104	u/MrSchnapskatze	fme1qwt	u/stavsent	fupf3s	S	N
2020-04-04 03:49:03.982746	u/stkilda2kingscross	fme1r13	u/RiskierSubsetR	fung9d	S	N
2020-04-04 03:49:04.863693	u/Jimbabwe10	fme1r1f	u/Marco_STFX	fup6ta	S	N
2020-04-04 03:49:08.921485	u/bigschmoe	fme1r20	u/AK24ROCKS	fme0z0r	C	I
2020-04-04 03:49:12.635278	u/john151M	fme1r3e	u/Tech-Support-420	fujnal	S	I
2020-04-04 03:49:14.697945	u/Bamb00zi	fme1r5z	u/Boulahcen487	fubgvu	S	N
2020-04-04 03:49:18.619723	u/hmsigy538	fme1r6l	u/EmeraldianCarrot	fuph45	S	N
2020-04-04 03:49:20.198441	u/milant_	fme1r72	u/milant_	fup57h	S	N
2020-04-04 03:49:21.723953	u/StanStach	fme1r83	u/Skywalket	fmdebpe	C	I
2020-04-04 03:49:23.224850	u/thememethatwasnt	fme1rcc	u/Imphulsive	fme1a54	C	N
2020-04-04 03:49:24.764399	u/im_a_yugioh_fan	fme1ri7	u/no_karmaman1405	fuor16	S	N
2020-04-04 03:49:26.274604	u/ntminh	fme1rj0	u/ValsoKnight	fme1d74	C	I
2020-04-04 03:49:28.562895	u/st_riccardo	fme1rjz	u/FalconPhantom	funqft	S	N
2020-04-04 03:49:30.803774	u/RepostSleuthBot	fme1rl9	u/epicmemeslawd	fme1pjv	C	I
2020-04-04 03:49:33.112271	u/Spectre-VX	fme1rlz	u/Dyson007	fum5a7	S	N
2020-04-04 03:49:35.702175	u/Tepes1848	fme1ror	u/CatsAndCreamCheese	fukd3t	S	I
2020-04-04 03:49:37.494336	u/TheGoldenGasMask	fme1rqm	u/aHumanWhoExists68888	fuaegq	S	I
2020-04-04 03:49:39.116334	u/aQSmally	fme1rrx	u/Racing_in_the_street	fulptb	S	N
2020-04-04 03:49:40.959077	u/SilencedCries	fme1rxh	u/_jun_yi_	fu9r6q	S	I
2020-04-04 03:49:42.677273	u/Ihav3literallynoidea	fme1rz8	u/Sky-devil	fuldl7	S	N
2020-04-04 03:49:46.904041	u/pressyprice	fme1s24	u/JustFbi	fukvq0	S	N
2020-04-04 03:49:48.655672	u/Stickerstarbad	fme1s2f	u/RiskierSubsetR	fmdvv2j	C	N
2020-04-04 03:49:51.451289	u/XtremeMonkey	fme1s2m	u/Inf1n1tyMagic	fujb9a	S	I
2020-04-04 03:49:52.084903	u/Indominus_wraith	fme1s6j	u/MemeMaster5	fuo5hp	S	N
2020-04-04 03:49:53.273851	u/Amphibutter	fme1s7i	u/TheLatitude	fui46r	S	I
2020-04-04 03:49:54.176346	u/MemesMod	fme1s9f	u/xXKateKatXx	fuphuk	S	N
2020-04-04 03:49:55.328766	u/Cowenn	fme1sal	u/jollygreenscott91	fun4x6	S	I
2020-04-04 03:49:56.467910	u/Guigui_LG	fme1sdh	u/Pet_Rock788	fuehds	S	I
2020-04-04 03:49:56.883207	u/IamPoopsMcGee	fme1seh	u/00000000000000002000	fmdwoxv	C	N
2020-04-04 03:49:57.622228	u/Bockscutter	fme1ses	u/qweenqweef	fme1nv7	C	I
2020-04-04 03:49:58.158817	u/I_eat_logs_4_lunch	fme1sif	u/Oreo_The_Dino	fumrf2	S	I
2020-04-04 03:49:58.526503	u/PewdsMissingBeard	fme1sja	u/nickgurr435	fme1l2l	C	I
2020-04-04 03:49:59.969156	u/Gamerul_A	fme1sn1	u/g_wazowski	fuit8n	S	I
2020-04-04 03:50:00.116193	u/robin_joker	fme1so1	u/rotten_pasta	fuphw1	S	I
2020-04-04 03:50:04.468105	u/SamDDBS	fme1sq5	u/after-the-paradigm	fmduqka	C	I
2020-04-04 03:50:08.707043	u/warframefan420	fme1sqx	u/EmeraldianCarrot	fuph45	S	N
2020-04-04 03:50:10.861083	u/MemesMod	fme1stx	u/pacyplayer	fuphvq	S	N
2020-04-04 03:50:13.126510	u/epicmemeslawd	fme1svp	u/CEOOfRussia	funmd0	S	N
2020-04-04 03:50:14.289164	u/leapyearwoo	fme1sw9	u/Shagurope	fupgmc	S	I
2020-04-04 03:50:17.487963	u/Brandon48236	fme1swp	u/Reese1256	fupggo	S	N
2020-04-04 03:50:21.803591	u/Snickerssnickers13	fme1sya	u/SirSacrament	funeyq	S	N
2020-04-04 03:50:27.008080	u/AzericTheTraveller	fme1t0n	u/J3lloFish	fuojfr	S	N
2020-04-04 03:50:30.174700	u/05Lidhult	fme1t20	u/LukasDobos	fmdzsre	C	N
2020-04-04 03:50:33.293796	u/ThicccyNicccy	fme1t4d	u/StannisSama	fme07br	C	I
2020-04-04 03:50:36.433465	u/J_C_Wizard49	fme1t62	u/ThatGuyNextToMe	fme1qw2	C	I
2020-04-04 03:50:40.671921	u/aminf800qq	fme1t6m	u/SK8RMANZ	ful0mq	S	N
2020-04-04 03:50:43.890725	u/fil02nok	fme1t9j	u/Grand_Ray_Cero	fupdst	S	I
2020-04-04 03:50:47.024616	u/MemesMod	fme1ta9	u/deleted	fupi0c	S	N
2020-04-04 03:50:50.572188	u/TrIbOiD_RaJa	fme1tc8	u/RiskierSubsetR	fung9d	S	N
2020-04-04 03:50:53.769511	u/UshuWushi	fme1tdp	u/flwrs__	fupgsf	S	I
2020-04-04 03:50:59.653099	u/__DiegoFF__	fme1te9	u/TwitchItzRich	fukcrn	S	I
2020-04-04 03:51:04.728395	u/SagittariusAstr	fme1tg5	u/walkietalkie22	fujhqe	S	N
2020-04-04 03:51:09.730952	u/OOPDOOPLOOP	fme1tgl	u/jollygreenscott91	fun4x6	S	I
2020-04-04 03:51:12.787391	u/MemesMod	fme1tir	u/ProbablyAThrowAway80	fupi60	S	N
2020-04-04 03:51:22.061332	u/Tragicsnow11740	fme1tnu	u/CorruptorBot	fmdy2cp	C	I
2020-04-04 03:51:26.302483	u/VelosoFlow	fme1tug	u/kingdine	fun4cx	S	N
2020-04-04 03:51:30.659219	u/-iiBLOODgirlcraft	fme1tzp	u/DomD8	fuju5r	S	I
2020-04-04 03:51:35.801402	u/itzkroyyy	fme1u0b	u/Triande	fuphi0	S	I
2020-04-04 03:51:40.070236	u/SilencedCries	fme1u3l	u/Philipp_01	fu94hn	S	I
2020-04-04 03:51:43.222476	u/bobbo217217	fme1u3v	u/squidwardtrentacles	fumyxn	S	I
2020-04-04 03:51:46.422349	u/TravelerXZero	fme1u3z	u/Grand_Ray_Cero	fupdst	S	I
2020-04-04 03:51:55.634249	u/Tragicsnow11740	fme1u7b	u/s144949	fmdt61p	C	I
2020-04-04 03:51:58.696480	u/sN1pA_d4nk	fme1u7u	u/Imphulsive	fme11sj	C	N
2020-04-04 03:52:06.028013	u/jackweller	fme1u8q	u/pototo72	fmdntyc	C	I
2020-04-04 03:52:09.139342	u/downofasystem80	fme1ubj	u/TheElderCheese	fupekr	S	N
2020-04-04 03:52:14.267898	u/Ksairon76	fme1ufn	u/Triande	fuphi0	S	I
2020-04-04 03:52:18.894082	u/ThatGuyNextToMe	fme1uga	u/J_C_Wizard49	fmdyvnn	C	I
2020-04-04 03:52:22.104539	u/Laffantion	fme1uhr	u/Shagurope	fupc6j	S	I
2020-04-04 03:52:26.243157	u/SheFartsInHerSleep	fme1ujv	u/no_karmaman1405	fuosad	S	N
2020-04-04 03:52:31.326575	u/Tragicsnow11740	fme1ulk	u/basiclyImonky	fme10m3	C	I
2020-04-04 03:52:33.497094	u/Merc_lol	fme1ulj	u/SK8RMANZ	ful0mq	S	N
2020-04-04 03:52:35.658219	u/CrispityBroski	fme1ulr	u/daddypig31	fupasf	S	I
2020-04-04 03:52:38.779346	u/BR3ADIT	fme1uoq	u/cursedcoochie	fuov4u	S	I
2020-04-04 03:52:43.010559	u/R3t4rd3dD3m0n	fme1us3	u/keem-boi	fumub8	S	N
2020-04-04 03:52:48.052111	u/PetrKDN	fme1uuw	u/Mr_Moose804	fmdd334	C	I
2020-04-04 03:52:50.111994	u/Rappeeet	fme1uwg	u/jollygreenscott91	fmdowsq	C	I
2020-04-04 03:52:53.152506	u/Reditovan	fme1uxt	u/FyreXYZ	fmdu6te	C	I
2020-04-04 03:52:56.189942	u/RebelPoetically	fme1v67	u/TruckFluster	fmdywsp	C	N
2020-04-04 03:53:00.233317	u/05Lidhult	fme1v7e	u/falukorv911	fmdz21i	C	N
2020-04-04 03:53:04.308689	u/shaubham_pan97	fme1v9x	u/JCMorcas	fupagp	S	N
2020-04-04 03:53:06.534283	u/macmac6677	fme1vej	u/FeralStreetwear	fuo2li	S	I
2020-04-04 03:53:09.566839	u/That_one_guy445	fme1vf3	u/Mch33se	fmdt47b	C	I
2020-04-04 03:53:15.449083	u/its_me_lazy	fme1vl3	u/s4m3350	fufzus	S	I
2020-04-04 03:53:20.539488	u/shelfontheshelf	fme1vnb	u/SirSacrament	funeyq	S	N
2020-04-04 03:53:23.735101	u/kinetickle	fme1vq3	u/EverlastingAvenger	fupds6	S	N
2020-04-04 03:53:26.774291	u/Nevek_Green	fme1vwv	u/coasterboi7	fm3mray	C	I
2020-04-04 03:53:31.691698	u/coolfingamer	fme1vyt	u/Scottage-Cheese-	fueapg	S	N
2020-04-04 03:53:37.738774	u/veganmeatbacker	fme1w01	u/EmeraldianCarrot	fuph45	S	N
2020-04-04 03:53:40.753039	u/OliverLlama	fme1w0e	u/PLAMETREE	fme15ge	C	I
2020-04-04 03:53:43.947632	u/Butterflytherapist	fme1w55	u/oklahomascout	fumnqx	S	N
2020-04-04 03:53:48.002614	u/azzayu	fme1w6v	u/ioofedmyslef	fupifd	S	I
2020-04-04 03:53:53.159017	u/Gay-redditor	fme1w9w	u/sahilian	fukha1	S	I
2020-04-04 03:53:55.291559	u/androgeek777	fme1wa0	u/EmeraldianCarrot	fuph45	S	N
2020-04-04 03:53:58.388209	u/RANATANATA	fme1wcg	u/QuasiQueer	fupcmg	S	N
2020-04-04 03:54:01.491578	u/ioofedmyslef	fme1wib	u/CCYEET2024	fup5b1	S	N
2020-04-04 03:54:04.511308	u/good_old_jrmint	fme1wiv	u/legendarykale	fme1at8	C	I
2020-04-04 03:54:09.593903	u/sleepyjaeger	fme1wjk	u/FalconPhantom	funqft	S	N
2020-04-04 03:54:11.623361	u/RepostSleuthBot	fme1ws7	u/05Lidhult	fme1v7e	C	I
2020-04-04 03:54:17.795116	u/EmeraldianCarrot	fme1wvl	u/warframefan420	fme1sqx	C	I
2020-04-04 03:54:21.267749	u/Octavian1080	fme1ww3	u/iRedstoneFox	fufvkq	S	N
2020-04-04 03:54:26.358525	u/ntminh	fme1wxs	u/_wdsans_	fum3hg	S	I
2020-04-04 03:54:28.463313	u/OrangeJuiceK1d	fme1wzn	u/Mr_CockSwing	fuo3rt	S	N
2020-04-04 03:54:35.521361	u/NullifyI	fme1x02	u/JimBobWay16	fmcjov7	C	I
2020-04-04 03:54:38.726054	u/TheGoldenGasMask	fme1x0l	u/Jmmcyclones	fuhm3o	S	I
2020-04-04 03:54:42.755312	u/slayalldayyyy	fme1x3g	u/midgetapple13	fuow36	S	I
2020-04-04 03:54:44.896086	u/CloppyTheClopper	fme1x4z	u/XXG1212	fuoq8i	S	N
2020-04-04 03:54:51.909021	u/P1nappl	fme1x66	u/pototo72	fmdntyc	C	I
2020-04-04 03:54:54.880836	u/Bobo_exe	fme1x6i	u/lordlord_	fm45yj9	C	N
2020-04-04 03:55:00.486953	u/FIicky	fme1x8x	u/JustFbi	fukvq0	S	N
2020-04-04 03:55:04.390513	u/typicalguy-was-taken	fme1xbe	u/CatsAndCreamCheese	fukd3t	S	I
2020-04-04 03:55:11.150602	u/manifoldflame83	fme1xet	u/BattlebeeUltor	fu7raa	S	I
2020-04-04 03:55:15.012881	u/some_half_asian	fme1xgw	u/LightStriderX	fme0aok	C	N
2020-04-04 03:55:22.943217	u/JimbobTheKabob	fme1xi1	u/west2753	fmdqala	C	I
2020-04-04 03:55:27.073931	u/hefty_misteak	fme1xia	u/sheshatinmyoven	fumiuy	S	N
2020-04-04 03:55:31.884004	u/KoolSky387	fme1xij	u/Imphulsive	fme11sj	C	N
2020-04-04 03:55:34.964339	u/hgrx	fme1xii	u/CEOOfRussia	funx7h	S	N
2020-04-04 03:55:37.879958	u/J_C_Wizard49	fme1xki	u/ThatGuyNextToMe	fme1uga	C	I
2020-04-04 03:55:41.742313	u/warframefan420	fme1xm8	u/EmeraldianCarrot	fme1wvl	C	I
2020-04-04 03:55:47.170026	u/Reditovan	fme1xmd	u/JustFbi	fukvq0	S	N
2020-04-04 03:55:49.110387	u/AutoModerator	fme1xmt	u/deleted	fupj3p	S	N
2020-04-04 03:55:52.080478	u/Fritserick	fme1xnt	u/GrayKohle	fuosd4	S	N
2020-04-04 03:55:55.911485	u/EntertainersPact	fme1xoi	u/XxReaper666xX	fme0t3g	C	N
2020-04-04 03:55:59.809681	u/Sypheerian_	fme1xon	u/ioofedmyslef	fupifd	S	I
2020-04-04 03:56:04.763662	u/FlamedEnder	fme1xq2	u/CopperScout	fubqtk	S	N
2020-04-04 03:56:06.689620	u/_Poshington_	fme1xqq	u/YourPainTastesGood	fmdvats	C	I
2020-04-04 03:56:10.565409	u/screw_u69420	fme1xrb	u/Kelly240361	fupg89	S	I
2020-04-04 03:56:14.473841	u/jamabo3	fme1xs4	u/CEOOfRussia	funx7h	S	N
2020-04-04 03:56:19.267171	u/RedNoseRuben	fme1xs7	u/flwrs__	fupgsf	S	I
2020-04-04 03:56:22.237639	u/FakeAimbot4Sale	fme1xsi	u/anders1318	fuh7ts	S	N
2020-04-04 03:56:23.336643	u/MAGIC_EYE_BOT	fme1xvg	u/deleted	fupj12	S	N
2020-04-04 03:56:26.187918	u/ioofedmyslef	fme1xxd	u/azzayu	fme1w6v	C	N
2020-04-04 03:56:32.641138	u/KrakenMaster62	fme1xxk	u/JustFbi	fukvq0	S	N
2020-04-04 03:56:39.096862	u/MrButtFace305	fme1y2m	u/JustFbi	fukvq0	S	N
2020-04-04 03:56:41.012753	u/Brandon48236	fme1y4w	u/MichDontTrip	fupg1d	S	N
2020-04-04 03:56:45.645688	u/MuskyMusk123	fme1y58	u/yyyyyyeeeeeetttttttt	fmdefe5	C	I
2020-04-04 03:56:51.198330	u/HoursLost98	fme1y88	u/FadingStoic	fme0inf	C	N
2020-04-04 03:56:53.989100	u/ioofedmyslef	fme1y9d	u/Sypheerian_	fme1xon	C	N
2020-04-04 03:56:55.882183	u/Existential-Brick	fme1ybz	u/LimaZim	fme12rf	C	N
2020-04-04 03:56:57.783710	u/RepostSleuthBot	fme1ycw	u/ntminh	fme1wxs	C	I
2020-04-04 03:57:00.683787	u/AsdaFad12	fme1yfm	u/MagicMonkey667	fuezqu	S	I
2020-04-04 03:57:04.344809	u/Nevek_Green	fme1yg2	u/Vohems	fmaoigj	C	I
2020-04-04 03:57:09.150906	u/sweaty_spaghetti-man	fme1yj1	u/Jordanye3t	fuoyf5	S	I
2020-04-04 03:57:11.063442	u/MemesMod	fme1ylr	u/_Syphlix	fupj7m	S	I
2020-04-04 03:57:14.418314	u/uwu_eliza	fme1yma	u/what-is-my-life-and-	fuf0c3	S	I
2020-04-04 03:57:16.298417	u/SnapshillBot	fme1ynj	u/knightlord6	fupj4g	S	I
2020-04-04 03:57:21.728378	u/UnfriendlyGhost1	fme1yny	u/pauriush	fme0ndv	C	N
2020-04-04 03:57:25.429697	u/SnapshillBot	fme1yop	u/JOSEYWOO	fupj46	S	I
2020-04-04 03:57:27.338273	u/SnapshillBot	fme1yq3	u/nknadeem800	fupj2z	S	I
2020-04-04 03:57:29.278112	u/SnapshillBot	fme1yrg	u/LotosProgramer	fupiz5	S	I
2020-04-04 03:57:32.042439	u/SnapshillBot	fme1ysn	u/vincentwastaken	fupiwx	S	I
2020-04-04 03:57:33.917324	u/SnapshillBot	fme1yvv	u/alpha_sinner	fupir7	S	I
2020-04-04 03:57:39.099399	u/GalacticOverlordED	fme1yw0	u/Rook8811	fuauv2	S	I
2020-04-04 03:57:42.717693	u/SnapshillBot	fme1yxc	u/Shikurin	fupipk	S	N
2020-04-04 03:57:45.693151	u/imstupidsaidbeevop	fme1yye	u/DomD8	fuju5r	S	I
2020-04-04 03:57:48.321078	u/MattTheAccountant	fme1yyl	u/wolfenyeager	fmdkrm0	C	I
2020-04-04 03:57:50.251486	u/TheeEWee	fme1yyy	u/EmeraldianCarrot	fuph45	S	I
2020-04-04 03:57:53.853087	u/SnapshillBot	fme1z02	u/ioofedmyslef	fupifd	S	I
2020-04-04 03:57:57.525121	u/Long__Jump	fme1z0r	u/TXVERAS	fugg2q	S	I
2020-04-04 03:57:59.515310	u/MostLikelyJack	fme1z3n	u/newguyfng	fuk99t	S	I
2020-04-04 03:58:01.376238	u/SnapshillBot	fme1z41	u/ThatOneItalianTwat	fupi6u	S	N
2020-04-04 03:58:04.076029	u/SnapshillBot	fme1z7b	u/rajeshbhat_ds	fupi54	S	N
2020-04-04 03:58:05.866486	u/Dim_Sum_Buddy	fme1z8h	u/Parzival_Z	fmdzdrs	C	N
2020-04-04 03:58:08.556410	u/MemesMod	fme1z8o	u/deleted	fupjdl	S	N
2020-04-04 03:58:12.080419	u/Douglas702	fme1zat	u/saulios420	fmdqnhm	C	I
2020-04-04 03:58:14.763906	u/SnapshillBot	fme1zbt	u/rotten_pasta	fuphw1	S	I
2020-04-04 03:58:16.585928	u/SnapshillBot	fme1zd9	u/Dem_Onion	fuphtx	S	N
2020-04-04 03:58:21.564328	u/05Lidhult	fme1zdu	u/RepostSleuthBot	fme1ws7	C	I
2020-04-04 03:58:24.203468	u/SnapshillBot	fme1zet	u/sryia_have_malaria	fuphlx	S	N
2020-04-04 03:58:26.943033	u/SnapshillBot	fme1zg8	u/Triande	fuphi0	S	I
2020-04-04 03:58:30.521149	u/TappWaterStudios	fme1zgx	u/sanch3z90	fukwqy	S	I
2020-04-04 03:58:32.285288	u/SnapshillBot	fme1zhg	u/Cottoncandyskiesthrw	fuphgk	S	I
2020-04-04 03:58:34.036616	u/AutoModerator	fme1zi5	u/William2198	fupjg0	S	N
2020-04-04 03:58:37.536873	u/SnapshillBot	fme1zis	u/Vanneva	fuphf0	S	N
2020-04-04 03:58:40.144304	u/NotUltimate	fme1zjh	u/WalterTheWhitest	fmdh9bj	C	N
2020-04-04 03:58:42.708781	u/SnapshillBot	fme1zkf	u/tybur11	fuphcb	S	N
2020-04-04 03:58:44.474172	u/SnapshillBot	fme1zmx	u/spencerblues	fuph8v	S	I
2020-04-04 03:58:47.649913	u/clay2232	fme1zo3	u/M-K-_-_-M-K	fuhews	S	N
2020-04-04 03:58:49.343724	u/ThePhantomRaven	fme1zo5	u/fjv08kl	fmdk7lr	C	I
2020-04-04 03:58:51.168636	u/SnapshillBot	fme1zoh	u/EmeraldianCarrot	fuph45	S	I
2020-04-04 03:58:53.684481	u/Douglas702	fme1zov	u/Douglas702	fme1zat	C	I
2020-04-04 03:58:56.224263	u/SnapshillBot	fme1zqn	u/nanoloch	fuph2u	S	I
2020-04-04 03:58:58.793939	u/SnapshillBot	fme1zs5	u/_SoVa	fupgz1	S	N
2020-04-04 03:59:00.481149	u/hippity-dippity	fme1zty	u/LileXPlayz	fmdxo03	C	I
2020-04-04 03:59:02.225456	u/shaubham_pan97	fme1zu4	u/Mozgonus	fup9qa	S	N
2020-04-04 03:59:03.944521	u/SnapshillBot	fme1zv9	u/flwrs__	fupgsf	S	I
2020-04-04 03:59:07.387521	u/elkevinbraian1	fme1zvz	u/Emero_Brandon	fmctnp5	C	I
2020-04-04 03:59:09.913675	u/SnapshillBot	fme1zwm	u/yuredh	fupgs9	S	N
2020-04-04 03:59:12.424688	u/SnapshillBot	fme1zyl	u/Shagurope	fupgmc	S	I
2020-04-04 03:59:14.986429	u/SnapshillBot	fme201c	u/kokkenrole	fupggr	S	N
2020-04-04 03:59:18.008928	u/fat_tony031	fme201x	u/Tech-Support-420	fujnal	S	I
2020-04-04 03:59:18.882366	u/SnapshillBot	fme202q	u/Reese1256	fupggo	S	N
2020-04-04 03:59:21.272873	u/024_96_yawa_worht	fme203y	u/Vanneva	fuphf0	S	N
2020-04-04 03:59:22.889718	u/SnapshillBot	fme204c	u/deleted	fupgei	S	N
2020-04-04 03:59:26.110533	u/Maul6520	fme205p	u/Triande	fuphi0	S	I
2020-04-04 03:59:28.505328	u/SnapshillBot	fme205y	u/Kelly240361	fupg89	S	I
2020-04-04 03:59:30.271491	u/sN1pA_d4nk	fme206d	u/Shagurope	fupc6j	S	I
2020-04-04 03:59:31.830400	u/Oliver_Armstrong	fme2076	u/Voidmemer	fme0w7s	C	I
2020-04-04 03:59:33.379620	u/SnapshillBot	fme207j	u/MichDontTrip	fupg1d	S	N
2020-04-04 03:59:34.933948	u/awesomesaying65	fme2082	u/mercnoobs	funj0d	S	N
2020-04-04 03:59:36.485659	u/SnapshillBot	fme208z	u/Neo_The_bluepill_One	fupfzl	S	I
2020-04-04 03:59:37.976693	u/Centerorgan	fme2090	u/randomassname0120	fme0s4t	C	I
2020-04-04 03:59:39.549035	u/Dud3ManGuy	fme20c2	u/LotosProgramer	fupiz5	S	I
2020-04-04 03:59:41.800071	u/SnapshillBot	fme20dh	u/SickofdaBS	fupffn	S	N
2020-04-04 03:59:44.077932	u/SnapshillBot	fme20eo	u/advant525	fupfcp	S	N
2020-04-04 03:59:45.590893	u/SnapshillBot	fme20gf	u/SickofdaBS	fupf9r	S	N
2020-04-04 03:59:47.160423	u/SnapshillBot	fme20it	u/stavsent	fupf3s	S	N
2020-04-04 03:59:48.647559	u/Bhavya_as	fme20kt	u/Xavagery	fuhj2i	S	N
2020-04-04 03:59:49.426573	u/SnapshillBot	fme20m9	u/wsamson	fupev9	S	N
2020-04-04 03:59:50.231962	u/Sans_The_Comic321	fme20n8	u/ioofedmyslef	fupifd	S	I
2020-04-04 03:59:52.972383	u/ThepriestofPepe	fme20o1	u/luijkanic	fmdzsz8	C	I
2020-04-04 03:59:54.423981	u/thicc-potatochipp-	fme20q2	u/PoopNose37	fuob8t	S	N
2020-04-04 03:59:55.049107	u/Oliver_Armstrong	fme20qk	u/Voidmemer	fme0w7s	C	I
2020-04-04 03:59:55.707968	u/Domneyman22	fme20qy	u/RelativeBlindness	fme1mpw	C	I
2020-04-04 04:00:00.351273	u/freshtoast75	fme20tv	u/sammyhi13	fme1pod	C	I
