2020-03-25 01:00:12.497903	u/The_Next_Legend	flfojbj	u/deReluctantKing	foj3z5	S	N
2020-03-25 01:00:14.426501	u/Skatesharpener911	flfojid	u/Cachuchotas	fofxko	S	I
2020-03-25 01:00:16.602254	u/Forlorn_Cyborg	flfojo4	u/Frugo6174	flenlk5	C	N
2020-03-25 01:00:20.331432	u/YungDany	flfojaa	u/Newt_Memes-	flfh106	C	N
2020-03-25 01:00:21.420477	u/bubbleboysdad	flfojhe	u/lil-bruh4206969	flfoggh	C	N
2020-03-25 01:00:23.814824	u/_Smpls_	flfojov	u/sceema333	foc6ve	S	N
2020-03-25 01:00:24.904697	u/Erby4	flfojr8	u/killergamerYT	flfnvqp	C	N
2020-03-25 01:00:26.023035	u/23-PercentDone	flfojrz	u/mimilegolol	fldzrr7	C	N
2020-03-25 01:00:27.282913	u/theMeatman7	flfojuf	u/theMeatman7	fn6xbl	S	N
2020-03-25 01:00:28.386849	u/AutoModerator	flfojvi	u/allergic2dancin	fokiyx	S	I
2020-03-25 01:00:29.508777	u/JediDumbledore	flfok0v	u/owen_stha	foke8e	S	N
2020-03-25 01:00:31.847133	u/leo2k20	flfok3j	u/MGS-youtube	fok880	S	I
2020-03-25 01:00:34.149883	u/AutoModerator	flfok9t	u/DylanCrazyCat64	fokj1t	S	N
2020-03-25 01:00:37.994998	u/Arbelisk	flfoju7	u/Caleb2103	flf1cde	C	N
2020-03-25 01:00:39.088073	u/LordYeastRing	flfojwz	u/Matthew_lol	flfn8uh	C	N
2020-03-25 01:00:40.239190	u/Name1ezz	flfok9o	u/cameroo_n	fokhsd	S	N
2020-03-25 01:00:42.546186	u/earquack	flfokam	u/RandomDude72	flfd1f4	C	I
2020-03-25 01:00:44.733712	u/racerfree	flfoki5	u/tangerinedog	flfoilf	C	N
2020-03-25 01:00:45.927930	u/RepostSleuthBot	flfokjg	u/Themadschoolbus	fokcpg	S	I
2020-03-25 01:00:47.014095	u/Inn0centJok3r	flfokk8	u/h3lm0	flfoile	C	N
2020-03-25 01:00:48.271878	u/derpreso	flfokri	u/SneakySam656	fo8cb8	S	N
2020-03-25 01:00:49.678493	u/scrumptiousberries	flfokrm	u/ZaddR	fohhd0	S	I
2020-03-25 01:00:51.882327	u/MinecraftFart	flfokv7	u/cameroo_n	fokhsd	S	N
2020-03-25 01:00:54.137903	u/schlogumann	flfokvo	u/Fudge-Boi	flfo3kh	C	I
2020-03-25 01:00:55.276014	u/uhthred_ragnarson	flfokxn	u/bacan9	flfm6fu	C	I
2020-03-25 01:00:56.462501	u/t48_gamer	flfokxq	u/Http-Chief	foh1di	S	I
2020-03-25 01:00:57.597421	u/IdkYeetusDeletus69	flfol08	u/NoASmurf	fokedz	S	I
2020-03-25 01:00:58.731939	u/l3ruh	flfol2q	u/Jellybeans0128	flf5mpz	C	I
2020-03-25 01:01:00.670804	u/Erby4	flfol3a	u/Cachuchotas	fofxko	S	I
2020-03-25 01:01:02.980912	u/AutoModerator	flfol3y	u/Abschori	fokj78	S	N
2020-03-25 01:01:04.287604	u/circus_of_value	flfolho	u/Thiccmemer666	foi204	S	I
2020-03-25 01:01:06.470088	u/dimmiii	flfoljq	u/flip_flop_wrench	flfoi51	C	N
2020-03-25 01:01:10.199213	u/elevmikasa	flfol0r	u/dilly_bar_boi	flfo656	C	N
2020-03-25 01:01:11.684884	u/Bongo_the_good_doggo	flfolgd	u/aman-angel	fodnog	S	I
2020-03-25 01:01:12.886609	u/AutoModerator	flfolqo	u/BigGigantic_1	fokjc9	S	N
2020-03-25 01:01:15.463730	u/Dooncanwooncan	flfolul	u/Xypher1337	fohbtl	S	I
2020-03-25 01:01:16.702945	u/Webster11234	flfolv1	u/tropkis	foevsi	S	I
2020-03-25 01:01:19.581438	u/RaquazaKnight	flfolyu	u/diabolical-snek	fod5c0	S	I
2020-03-25 01:01:20.706637	u/A2X-iZED	flfom0k	u/Lau_Heuts11	foi0qt	S	I
2020-03-25 01:01:21.797592	u/AutoModerator	flfom1x	u/pantsRrad	fokjee	S	I
2020-03-25 01:01:22.865423	u/DerpyTyrantrum	flfom4a	u/nameofanuser	flfobbn	C	I
2020-03-25 01:01:25.046745	u/elevmikasa	flfom7v	u/the_mormon_jew	flfi0vy	C	N
2020-03-25 01:01:26.312910	u/dilly_bar_boi	flfom8g	u/SadBlam	fofs1b	S	N
2020-03-25 01:01:28.873366	u/Av1choudhary	flfoma1	u/Mxhmoud	foffhj	S	I
2020-03-25 01:01:29.949912	u/RepostSleuthBot	flfomce	u/thatsnotmywallet5	fok9md	S	N
2020-03-25 01:01:32.217832	u/6Northern9	flfomhu	u/jivixi	fokfrf	S	I
2020-03-25 01:01:33.337242	u/Themurlocking96	flfomkw	u/New_Welcome	fokh16	S	I
2020-03-25 01:01:34.501211	u/MemesMod	flfomp4	u/Abschori	fokj78	S	N
2020-03-25 01:01:35.578189	u/AriLion16	flfomrt	u/1_know_too_much	flfojc8	C	N
2020-03-25 01:01:36.641723	u/schlogumann	flfomtl	u/Fudge-Boi	flfo3kh	C	I
2020-03-25 01:01:39.948863	u/tim_404	flfomw4	u/Zaplett	flfnr7s	C	I
2020-03-25 01:01:42.195171	u/RepostSleuthBot	flfomwk	u/DustCry	fok850	S	N
2020-03-25 01:01:44.874150	u/runningagain72	flfomzt	u/dishwasher23	foc59y	S	I
2020-03-25 01:01:46.978319	u/darippa77	flfoncv	u/thats-MEan	flfojbn	C	N
2020-03-25 01:01:50.725185	u/Thiccmemer666	flfom3e	u/circus_of_value	flfolho	C	I
2020-03-25 01:01:51.836940	u/TheLoyalTR8R	flfomo5	u/deadmurgi	fokgqg	S	N
2020-03-25 01:01:52.949676	u/imr96	flfoms9	u/GormStorm123	fleq97y	C	N
2020-03-25 01:01:54.180467	u/Ellie-Tan	flfomt7	u/Thiccmemer666	foi204	S	I
2020-03-25 01:01:55.392275	u/Av1choudhary	flfomuo	u/ObamaJackedMyVCR	fohx97	S	I
2020-03-25 01:01:56.454158	u/deReluctantKing	flfomv9	u/The_Next_Legend	flfojbj	C	N
2020-03-25 01:01:57.550169	u/AutoModerator	flfon43	u/pantsRrad	fokjmv	S	I
2020-03-25 01:01:58.658529	u/AutoModerator	flfon59	u/Bobfrey101	fokjn2	S	N
2020-03-25 01:02:00.920828	u/IdkYeetusDeletus69	flfonaa	u/Kdial2002	fokea9	S	I
2020-03-25 01:02:01.965329	u/MADDA_2078	flfoncc	u/readitorwhat	flfjoqe	C	N
2020-03-25 01:02:03.871176	u/mrbeastmr	flfone7	u/wackadoodle_	fob5hd	S	I
2020-03-25 01:02:04.958868	u/DaDemocraticDictator	flfonmy	u/Quininator2000	fok7hr	S	I
2020-03-25 01:02:06.389806	u/dr-karate	flfonn4	u/ZaddR	fohhd0	S	I
2020-03-25 01:02:07.471789	u/AutoModerator	flfono7	u/Sheikh_Abdu	fokjq9	S	N
2020-03-25 01:02:08.592016	u/battery_low_	flfonp4	u/RayShield	fok4gd	S	N
2020-03-25 01:02:10.374222	u/366m4n89	flfonpe	u/Cachuchotas	fofxko	S	I
2020-03-25 01:02:11.473105	u/AimanCatalyst	flfonrf	u/Alm3nd	fokigw	S	I
2020-03-25 01:02:13.719058	u/shakenbacon159	flfonvc	u/NicolasBR1749	flfo2po	C	I
2020-03-25 01:02:15.880252	u/imr96	flfonzr	u/GormStorm123	fleq97y	C	N
2020-03-25 01:02:17.002253	u/po0tatoos	flfoo15	u/FlyingLlama05	fojkng	S	I
2020-03-25 01:02:18.757767	u/ShisuiSama	flfoo2i	u/inslatafresca_	fof5i8	S	N
2020-03-25 01:02:20.500197	u/SkullyFishCurry	flfoo2o	u/Cachuchotas	fofxko	S	I
2020-03-25 01:02:21.688865	u/habbnn	flfoo4e	u/DerpyTyrantrum	fok17g	S	I
2020-03-25 01:02:22.769312	u/camouflagethisshit	flfoo4j	u/racerfree	flfo7jg	C	I
2020-03-25 01:02:24.664937	u/TheoCarnero	flfoo4k	u/Drix1942	fofiyq	S	N
2020-03-25 01:02:25.792281	u/AutoModerator	flfoo7l	u/Georgies-Boat	fokjtt	S	N
2020-03-25 01:02:26.835164	u/FBI-42069	flfoo85	u/Ze_Hydra1	flfmdb9	C	I
2020-03-25 01:02:27.955378	u/RepostSleuthBot	flfoo93	u/Trevorbeau	fok5fw	S	N
2020-03-25 01:02:30.188049	u/HeartOfGold02	flfoob0	u/Grvachi	flfo84c	C	I
2020-03-25 01:02:32.349816	u/lil-bruh4206969	flfooen	u/bubbleboysdad	flfojhe	C	I
2020-03-25 01:02:33.437544	u/MemesMod	flfoog2	u/PalmtreeHead	fokjrn	S	N
2020-03-25 01:02:35.674397	u/patronstofveganchefs	flfoohw	u/downofasystem80	fo9gm1	S	N
2020-03-25 01:02:36.709323	u/lidekwhatname	flfoonk	u/Kingbuster9903	flenvjs	C	I
2020-03-25 01:02:37.767899	u/CompletelyPresent	flfooo5	u/strgwhlhldr	flfnqxn	C	N
2020-03-25 01:02:40.063014	u/im-kinda-wetarded	flfooqa	u/TheYeetYoloManz	focxy3	S	N
2020-03-25 01:02:41.070781	u/scandanavianclown	flfoouy	u/weaklyrich	flfmzln	C	N
2020-03-25 01:02:42.234188	u/Tru_Drone_Videos	flfoov6	u/Nishant95	fokieo	S	N
2020-03-25 01:02:43.343309	u/elevmikasa	flfooy4	u/Valleycruiser	flfckdk	C	N
2020-03-25 01:02:44.389197	u/slashth456	flfoozy	u/Texas_Tusks	fldnlrb	C	N
2020-03-25 01:02:45.422583	u/t48_gamer	flfop1x	u/leaderofthevirgins	flfnp21	C	I
2020-03-25 01:02:46.449341	u/RandomDude72	flfop4l	u/HattedCactus1	flfoflc	C	N
2020-03-25 01:02:49.182107	u/AdamStar05	flfop5s	u/Mxhmoud	foffhj	S	I
2020-03-25 01:02:50.212263	u/AutoModerator	flfop6l	u/D3V1L_D0G	fokjzj	S	N
2020-03-25 01:02:51.368265	u/PickButtkins	flfopgv	u/ixythings	fokhy8	S	N
2020-03-25 01:02:53.601693	u/AutoModerator	flfopko	u/NoodleBeoch_uwu	fokk29	S	I
2020-03-25 01:02:54.769937	u/skroodleMEnoodle	flfoplr	u/Thiccmemer666	foi204	S	I
2020-03-25 01:02:55.847630	u/awesomejake1	flfopne	u/nvalenti27	fmqdwn	S	N
2020-03-25 01:02:56.870982	u/deReluctantKing	flfopnm	u/anxgma	flfnly9	C	N
2020-03-25 01:02:57.996587	u/hereinaboop	flfopnv	u/SonicMobius	fokgt7	S	N
2020-03-25 01:03:00.156585	u/ga1ahad02	flfopo6	u/sOy_nUt	flfi2l0	C	I
2020-03-25 01:03:01.383111	u/PasserOfTheBoof	flfopo7	u/Togo34	fohi1v	S	I
2020-03-25 01:03:04.082680	u/ShyGuy8555	flfopp4	u/Fandayo	foe92z	S	N
2020-03-25 01:03:05.138996	u/sadboy-slim	flfopqk	u/Alex_reddit_king	fokhfi	S	N
2020-03-25 01:03:06.153084	u/Zaplett	flfopso	u/tim_404	flfomw4	C	I
2020-03-25 01:03:07.207561	u/MemesMod	flfopvp	u/NoodleBeoch_uwu	fokk29	S	I
2020-03-25 01:03:09.014709	u/Hellbillyx	flfopvo	u/inslatafresca_	fof5i8	S	N
2020-03-25 01:03:10.153971	u/Ultra_Noobzor	flfopzp	u/Negral	fojgax	S	N
2020-03-25 01:03:19.799986	u/dilly_bar_boi	flfoq13	u/dovedevic	fm5k7j	S	I
2020-03-25 01:03:21.699827	u/beannie_babbiiee	flfoq56	u/joeslouie06	flfnya0	C	I
2020-03-25 01:03:24.667795	u/RecreationalMemer	flfoq63	u/Fandayo	foe92z	S	N
2020-03-25 01:03:25.618072	u/ShyGuy8555	flfoq7c	u/ShyGuy8555	flfopp4	C	N
2020-03-25 01:03:26.871268	u/theflashreincarnated	flfoq7o	u/ICERTW0	fofndd	S	I
2020-03-25 01:03:27.925507	u/Not_Space_Rock21	flfoq86	u/HIROGO	flf7dst	C	I
2020-03-25 01:03:30.055088	u/_wazzupp_	flfoq91	u/thunderseye	fl5e5cz	C	I
2020-03-25 01:03:31.046760	u/VM1117	flfoqb0	u/Nooblord29	flfbrmo	C	I
2020-03-25 01:03:32.087387	u/ExpertAccident	flfoqh3	u/DylanCrazyCat64	fokj1t	S	N
2020-03-25 01:03:33.090968	u/slashth456	flfoqji	u/AreYouEvenLeaf	flfn1yu	C	I
2020-03-25 01:03:35.642989	u/torcat96	flfoqjt	u/Mxhmoud	foffhj	S	I
2020-03-25 01:03:36.642474	u/mysteriouskazoo	flfoql3	u/cameroo_n	fokhsd	S	N
2020-03-25 01:03:38.731119	u/meta_lomin	flfoqn3	u/Apailox	flf902b	C	I
2020-03-25 01:03:40.237758	u/-Pokei-Pokei-	flfoqpk	u/Xypher1337	fohbtl	S	I
2020-03-25 01:03:41.428464	u/Daffy_Cat	flfoqqg	u/shreddedcheese42069	foiug7	S	I
2020-03-25 01:03:42.462705	u/QuintTheWarlock	flfoqqe	u/racerfree	flfo99w	C	I
2020-03-25 01:03:43.464419	u/KiritoDragonborn	flfoqt1	u/ItsCashman	flfdidp	C	I
2020-03-25 01:03:45.569561	u/11629m	flfoqy0	u/Nick-Kitty-Cat	flfnuru	C	I
2020-03-25 01:03:46.786386	u/amruthsgr	flfor2s	u/Mydiddlydarnitdude	foci45	S	N
2020-03-25 01:03:47.788279	u/AutoModerator	flfor4c	u/DabbingIsSo2015	fokkdk	S	I
2020-03-25 01:03:54.579088	u/ToasterStudios	flfor7l	u/EfficaciousBean	fo91y7	S	N
2020-03-25 01:03:55.454712	u/AutoModerator	flforap	u/Lazer45	fokkfj	S	N
2020-03-25 01:03:57.264357	u/lightpole13	flforcp	u/Master_Lego_Yoda	fo7skt	S	N
2020-03-25 01:03:59.846916	u/Tomczakowski	flforej	u/Fandayo	foe92z	S	N
2020-03-25 01:04:01.849723	u/maplejuice424	flforhl	u/Blacc-Fluff	flfohnq	C	I
2020-03-25 01:04:03.916471	u/SonicMobius	flforht	u/hereinaboop	flfopnv	C	I
2020-03-25 01:04:04.873154	u/bubbleboysdad	flforko	u/lil-bruh4206969	flfooen	C	I
2020-03-25 01:04:05.917689	u/AutoModerator	flforlm	u/piyush7705	fokkhn	S	N
2020-03-25 01:04:06.942187	u/little2n	flforn9	u/_clickhere_	foki9v	S	N
2020-03-25 01:04:08.996977	u/RecreationalMemer	flforp0	u/butt_quack	flf3ggy	C	I
2020-03-25 01:04:10.187492	u/SuzyLouWhoo	flforqs	u/shreddedcheese42069	foiug7	S	I
2020-03-25 01:04:11.585907	u/Dekuscrub321	flforrh	u/ronnieth024	fo95mk	S	N
2020-03-25 01:04:12.612361	u/AutoModerator	flforrq	u/deleted	fokkio	S	N
2020-03-25 01:04:13.635949	u/AutoModerator	flforw2	u/Wellthatwascool-	fokkjh	S	N
2020-03-25 01:04:14.711733	u/AutoModerator	flforwv	u/ttriggerfish	fokkjm	S	N
2020-03-25 01:04:16.014588	u/ndblckmore	flfory8	u/Mydiddlydarnitdude	foci45	S	N
2020-03-25 01:04:17.031169	u/fort_one-e	flfos0y	u/DA_BEST_1	fojqxv	S	I
2020-03-25 01:04:19.014734	u/xX_Superprogamer_Xx	flfos5t	u/Eeeeeeeeeeerrr	fleq9xc	C	I
2020-03-25 01:04:20.020607	u/porntipsguzzardobot	flfos75	u/deleted	fokkio	S	N
2020-03-25 01:04:22.009875	u/RecreationalMemer	flfos83	u/butt_quack	flf3ggy	C	I
2020-03-25 01:04:22.964973	u/converter-bot	flfos93	u/ndblckmore	flfory8	C	N
2020-03-25 01:04:25.040812	u/AutoModerator	flfos9e	u/Ruby1213	fokklb	S	N
2020-03-25 01:04:26.776157	u/woooshifudumb	flfosag	u/Drix1942	fofiyq	S	N
2020-03-25 01:04:28.791209	u/ImJustDubzzz	flfosbc	u/Grady_Yeet	flf7hs3	C	I
2020-03-25 01:04:29.779569	u/AutoModerator	flfosfn	u/Eziopool	fokkmi	S	N
2020-03-25 01:04:30.941245	u/jjdehuyeif	flfosft	u/TabletGlitch8000	foera1	S	N
2020-03-25 01:04:31.876237	u/MysticFaJ	flfosh8	u/-plz-dont-touch-me-	flfof3f	C	I
2020-03-25 01:04:32.867637	u/MemesMod	flfosja	u/Wellthatwascool-	fokkjh	S	N
2020-03-25 01:04:33.982767	u/RepostSleuthBot	flfosl4	u/Console_peasant101	fojxuy	S	I
2020-03-25 01:04:34.936636	u/hereinaboop	flfosl8	u/SonicMobius	flforht	C	I
2020-03-25 01:04:35.944004	u/h3lm0	flfosok	u/Sheikh_Abdu	fokjq9	S	N
2020-03-25 01:04:36.929176	u/AutoModerator	flfosor	u/Qmqkskgwgs	fokknw	S	N
2020-03-25 01:04:37.863453	u/Fudge-Boi	flfosrf	u/leo2k20	flfok3j	C	N
2020-03-25 01:04:39.825195	u/Mr_Roberge	flfosu5	u/Vang_spitfire	flervbs	C	I
2020-03-25 01:04:40.878568	u/AutoModerator	flfot19	u/bs_PUG	fokkq9	S	N
2020-03-25 01:04:41.813444	u/deReluctantKing	flfot2h	u/QRquick	flfogpf	C	N
2020-03-25 01:04:42.824841	u/MemesMod	flfot34	u/ttriggerfish	fokkjm	S	N
2020-03-25 01:04:43.878899	u/bulshitterio	flfotab	u/CavesDweller	foiv3c	S	I
2020-03-25 01:04:45.846048	u/ndblckmore	flfotb2	u/converter-bot	flfos93	C	I
2020-03-25 01:04:46.790973	u/drkidkill	flfotd4	u/HandHoldingClub	flfnyud	C	N
2020-03-25 01:04:47.762142	u/rat-soup	flfotf7	u/D3V1L_D0G	fokjzj	S	N
2020-03-25 01:04:48.899497	u/Squottwerd88	flfotf6	u/Thiccmemer666	foi204	S	I
2020-03-25 01:04:50.897694	u/leo2k20	flfothy	u/Fudge-Boi	flfosrf	C	I
2020-03-25 01:04:51.946983	u/1_know_too_much	flfotmq	u/not-the-dogs-back	fokfex	S	N
2020-03-25 01:04:52.896109	u/RecreationalMemer	flfottx	u/dusty_noodles	flfc8ts	C	I
2020-03-25 01:04:54.905333	u/ExpertAccident	flfotyr	u/cameroo_n	fokhsd	S	N
2020-03-25 01:04:56.082302	u/Nick-Kitty-Cat	flfou14	u/Togo34	fohi1v	S	I
2020-03-25 01:04:57.064232	u/PalmtreeHead	flfou44	u/Potter_Pegasus	fojgsd	S	N
2020-03-25 01:04:58.735547	u/LoGik-Kat	flfou6b	u/DustCry	fobf8b	S	N
2020-03-25 01:05:00.714108	u/NotThatNut	flfou70	u/RepostSleuthBot	flfoik6	C	I
2020-03-25 01:05:01.630438	u/VanillaNyx	flfou8t	u/Haarrrri	flfodd5	C	I
2020-03-25 01:05:02.861015	u/TOXIC-K4M0	flfouab	u/Ziograffiato	fobr21	S	I
2020-03-25 01:05:03.782252	u/ArthurDentonWelch	flfouat	u/harbac	fldofd0	C	I
2020-03-25 01:05:04.872759	u/TheLatitude	flfoubo	u/ObamaJackedMyVCR	fohx97	S	I
2020-03-25 01:05:05.840861	u/leo2k20	flfoucn	u/stan_the_meme_guy	flfn7d3	C	I
2020-03-25 01:05:06.831491	u/AutoModerator	flfoucz	u/ShotoKacchanDeku	fokkzd	S	N
2020-03-25 01:05:09.471255	u/farisisgoingtokillu	flfoukq	u/Mxhmoud	foffhj	S	I
2020-03-25 01:05:10.320841	u/abductedpeanut	flfoung	u/MateoDoge	flfoan4	C	N
2020-03-25 01:05:11.320579	u/SnapshillBot	flfoutr	u/ShotoKacchanDeku	fokkzd	S	N
2020-03-25 01:05:13.293046	u/Aegis722	flfouuz	u/machanicalsupersaunt	flfjc6l	C	I
2020-03-25 01:05:15.338943	u/AutoModerator	flfouwy	u/CapnChiknNugget	fokl2f	S	I
2020-03-25 01:05:16.310311	u/SnapshillBot	flfouz2	u/bs_PUG	fokkq9	S	N
2020-03-25 01:05:19.138721	u/brickbuilder876	flfouzd	u/F1lthyG0pnik	fo8z0r	S	I
2020-03-25 01:05:20.043604	u/Not_Space_Rock21	flfov0h	u/eveviews	flfo3we	C	I
2020-03-25 01:05:21.351212	u/Alma12359	flfov1l	u/jesibeII	fofin0	S	N
2020-03-25 01:05:22.365130	u/SnapshillBot	flfov1u	u/Eziopool	fokkmi	S	N
2020-03-25 01:05:23.471059	u/cute_anime_girl-69-	flfov4f	u/filipo_ltd	foc981	S	I
2020-03-25 01:05:24.481494	u/SnapshillBot	flfov9f	u/Ruby1213	fokklb	S	N
2020-03-25 01:05:26.384263	u/D3V1L_D0G	flfovc7	u/rat-soup	flfotf7	C	I
2020-03-25 01:05:27.331018	u/MemesMod	flfovcc	u/ShotoKacchanDeku	fokkzd	S	N
2020-03-25 01:05:29.237874	u/EmP11170	flfovex	u/roarimshreck	flfb8ec	C	I
2020-03-25 01:05:31.875218	u/zboy101	flfovgn	u/Mxhmoud	foffhj	S	I
2020-03-25 01:05:33.879440	u/akkianandqwerty	flfovkj	u/Master_Sandwitch	fo8byj	S	I
2020-03-25 01:05:35.821672	u/ppnutscratcher	flfovl0	u/11629m	flfoqy0	C	I
2020-03-25 01:05:36.759596	u/SnapshillBot	flfovr8	u/piyush7705	fokkhn	S	N
2020-03-25 01:05:39.398723	u/Kaliso-man	flfovu3	u/Deer-frm-the-pool	fo56mr	S	I
2020-03-25 01:05:40.394469	u/ImABabyBottomBitch	flfovug	u/Stotan_	foij96	S	N
2020-03-25 01:05:41.399133	u/SnapshillBot	flfovv0	u/Lazer45	fokkfj	S	N
2020-03-25 01:05:42.302304	u/OkPreference6	flfovv9	u/Cyke__	flf9ycl	C	N
2020-03-25 01:05:43.252422	u/MortalVV	flfovww	u/alexisnicoleyo	flfcgud	C	N
2020-03-25 01:05:44.296731	u/MAGIC_EYE_BOT	flfovxd	u/deleted	fokkuk	S	N
2020-03-25 01:05:45.246300	u/Tru_Drone_Videos	flfovxx	u/Alex_reddit_king	fokhfi	S	N
2020-03-25 01:05:46.753394	u/SnapshillBot	flfovz6	u/DabbingIsSo2015	fokkdk	S	I
2020-03-25 01:05:47.760872	u/AutoModerator	flfow1s	u/godememesbuddy	fokl96	S	N
2020-03-25 01:05:48.696713	u/lucasrow	flfow1x	u/DabbingIsSo2015	fokkdk	S	I
2020-03-25 01:05:49.672313	u/SnapshillBot	flfow4r	u/AK24ROCKS	fokk1i	S	I
2020-03-25 01:05:50.608016	u/AutoModerator	flfow4q	u/Crusher8783	fokl9l	S	N
2020-03-25 01:05:51.582306	u/BabyYoda89	flfow50	u/deadmurgi	fokiw4	S	N
2020-03-25 01:05:52.564305	u/SnapshillBot	flfow83	u/D3V1L_D0G	fokjzj	S	I
2020-03-25 01:05:53.434591	u/leo2k20	flfowc7	u/Julian4444	flfnv7y	C	I
2020-03-25 01:05:54.435527	u/Jtqunn	flfowcx	u/trenchman_	foe2jw	S	N
2020-03-25 01:05:55.406801	u/SnapshillBot	flfowd8	u/Sheikh_Abdu	fokjq9	S	N
2020-03-25 01:05:57.258608	u/DylanCrazyCat64	flfowed	u/ExpertAccident	flfoqh3	C	I
2020-03-25 01:05:59.099388	u/kidrah2201	flfowg8	u/Ghostslayer4779	flfkgp1	C	I
2020-03-25 01:06:00.043857	u/MemesMod	flfowji	u/Crusher8783	fokl9l	S	N
2020-03-25 01:06:00.986758	u/SnapshillBot	flfowky	u/BigGigantic_1	fokjc9	S	N
2020-03-25 01:06:01.861754	u/Fudge-Boi	flfownh	u/leo2k20	flfothy	C	I
2020-03-25 01:06:04.006972	u/Alec2092	flfowqn	u/AidenWH87	foddiu	S	I
2020-03-25 01:06:04.876299	u/ggdikhead	flfowr9	u/feedstheanimals	fle0phb	C	N
2020-03-25 01:06:05.867848	u/SnapshillBot	flfowrc	u/DylanCrazyCat64	fokj1t	S	I
2020-03-25 01:06:06.820951	u/SnapshillBot	flfowuj	u/allergic2dancin	fokiyx	S	I
2020-03-25 01:06:07.993518	u/Recombination2004	flfowup	u/Carslayer12	fojcjm	S	N
2020-03-25 01:06:08.914023	u/SnapshillBot	flfowvw	u/deadmurgi	fokiw4	S	N
2020-03-25 01:06:10.129233	u/myglockpopliketictoc	flfowx5	u/YerrBoiiTucker	fob7v7	S	I
2020-03-25 01:06:10.992121	u/Empty_Damage	flfowxd	u/yeetlord73	fleclrv	C	N
2020-03-25 01:06:11.868846	u/DylanCrazyCat64	flfowxe	u/That1emokid13	flfottn	C	N
2020-03-25 01:06:12.813272	u/SnapshillBot	flfowxt	u/Alm3nd	fokigw	S	I
2020-03-25 01:06:13.769214	u/SnapshillBot	flfox1d	u/Nishant95	fokieo	S	N
2020-03-25 01:06:14.687419	u/SnapshillBot	flfox2v	u/the-SG	fokic9	S	N
2020-03-25 01:06:15.608176	u/SnapshillBot	flfox4b	u/_clickhere_	foki9v	S	N
2020-03-25 01:06:16.520408	u/SnapshillBot	flfox7e	u/Fluffy_marshmello	foki82	S	N
2020-03-25 01:06:17.411163	u/Ze_Hydra1	flfoxa0	u/FBI-42069	flfoo85	C	I
2020-03-25 01:06:18.334883	u/SnapshillBot	flfoxa6	u/ixythings	fokhy8	S	N
2020-03-25 01:06:19.523176	u/AxelPantheon	flfoxah	u/YerrBoiiTucker	fob7v7	S	I
2020-03-25 01:06:20.365792	u/leo2k20	flfoxb0	u/Fudge-Boi	flfownh	C	I
2020-03-25 01:06:21.530995	u/SnapshillBot	flfoxcx	u/100DicksInYourBum	fokhtd	S	I
2020-03-25 01:06:22.398233	u/Grannys_Sledgehammer	flfoxd4	u/xXOriginalNameHereXx	flfoeqe	C	N
2020-03-25 01:06:23.532360	u/AutoModerator	flfoxd7	u/grandmaster_meat	foklgt	S	N
2020-03-25 01:06:24.462788	u/SnapshillBot	flfoxgi	u/cameroo_n	fokhsd	S	N
2020-03-25 01:06:25.369659	u/Sweatytowelz	flfoxhn	u/Ruby1213	fokklb	S	N
2020-03-25 01:06:26.254863	u/Cabnbeeschurgr	flfoxht	u/RetrogradeIntellect	flefrdg	C	I
2020-03-25 01:06:27.190882	u/SnapshillBot	flfoxj2	u/D3V1L_D0G	fokhk6	S	I
2020-03-25 01:06:29.089357	u/SnapshillBot	flfoxks	u/Alex_reddit_king	fokhfi	S	N
2020-03-25 01:06:29.985279	u/SnapshillBot	flfoxm2	u/f0rlackofabetternam3	fokh47	S	N
2020-03-25 01:06:31.287110	u/ConnerOHare	flfoxn6	u/buhoo115	fogibz	S	N
2020-03-25 01:06:32.227293	u/Zaplett	flfoxnq	u/uraveragehorse	fojy8p	S	N
2020-03-25 01:06:33.172730	u/SnapshillBot	flfoxnp	u/Cottoncandyskiesthrw	fokh2m	S	I
2020-03-25 01:06:34.126215	u/Hawkman7701	flfoxre	u/Potter_Pegasus	fojgsd	S	N
2020-03-25 01:06:35.067055	u/Bakuconxd	flfoxsf	u/_clickhere_	fok4nl	S	N
2020-03-25 01:06:35.907389	u/thelonelygenuis	flfoxvc	u/Editman101	flfa7gn	C	N
2020-03-25 01:06:36.832750	u/AutoModerator	flfoxwi	u/Blubbering_Bolshevik	foklk2	S	I
2020-03-25 01:06:38.976156	u/Ava_Beop	flfoxwh	u/New_Welcome	fodark	S	I
2020-03-25 01:06:40.533161	u/FreshSuccotash5	flfoxx3	u/Drix1942	fofiyq	S	N
2020-03-25 01:06:41.362246	u/Athanasa11	flfoxxf	u/YeetSkillet	flfakeg	C	N
2020-03-25 01:06:42.254146	u/SnapshillBot	flfoxyz	u/Blubbering_Bolshevik	foklk2	S	I
2020-03-25 01:06:43.196173	u/AutoModerator	flfoxz7	u/D3V1L_D0G	foklkp	S	I
2020-03-25 01:06:44.115934	u/SnapshillBot	flfoy0i	u/grandmaster_meat	foklgt	S	N
2020-03-25 01:06:45.024726	u/chase4060	flfoy1q	u/ChristianCountryBoy	fokgxy	S	N
2020-03-25 01:06:45.895694	u/SnapshillBot	flfoy26	u/godememesbuddy	fokl96	S	N
2020-03-25 01:06:46.804989	u/AutoModerator	flfoy37	u/sombody-once	foklll	S	N
2020-03-25 01:06:47.644497	u/CobaltSurvivor	flfoy3j	u/iiCheatr	flez74l	C	I
2020-03-25 01:06:48.567987	u/SnapshillBot	flfoy3o	u/CapnChiknNugget	fokl2f	S	I
2020-03-25 01:06:49.545005	u/xXxXdeadXxXx	flfoy7e	u/mysteriouskazoo	flfoql3	C	N
2020-03-25 01:06:51.331021	u/YeChapRichy	flfoyci	u/squirtlehateswater	flexhw4	C	I
2020-03-25 01:06:52.202526	u/SnapshillBot	flfoyfo	u/sombody-once	foklll	S	N
2020-03-25 01:06:53.844008	u/Iceberllama	flfoyg1	u/Cachuchotas	fofxko	S	I
2020-03-25 01:06:56.136104	u/ammurrica	flfoyn0	u/Mxhmoud	foffhj	S	I
2020-03-25 01:06:57.921883	u/XDLAv5	flfoyp6	u/pantsRrad	fokjmv	S	I
2020-03-25 01:06:59.673922	u/Garaogu	flfoyrt	u/RepostSleuthBot	flfowlr	C	I
2020-03-25 01:07:00.552818	u/AutoModerator	flfoyrz	u/definitelyhooman	foklqg	S	N
2020-03-25 01:07:01.419374	u/SnapshillBot	flfoys0	u/FnaffanXD	foklnu	S	I
2020-03-25 01:07:02.264792	u/Cyke__	flfoyt5	u/OkPreference6	flfovv9	C	N
2020-03-25 01:07:03.170836	u/unclerico589	flfoywh	u/CapnChiknNugget	fokl2f	S	I
2020-03-25 01:07:04.044429	u/AutoModerator	flfoz20	u/deleted	foklrz	S	N
2020-03-25 01:07:04.899326	u/SnapshillBot	flfoz3o	u/definitelyhooman	foklqg	S	N
2020-03-25 01:07:05.798838	u/RepostSleuthBot	flfoz48	u/WallyBySunset	fojmr2	S	N
2020-03-25 01:07:06.638310	u/tillhop19	flfozbd	u/Joe_Kooal	flfo17u	C	N
2020-03-25 01:07:07.457175	u/leaderofthevirgins	flfozbq	u/t48_gamer	flfop1x	C	I
2020-03-25 01:07:09.223768	u/AbboodAhmed	flfozcj	u/ppnutscratcher	flfovl0	C	I
2020-03-25 01:07:10.951068	u/TECHNOCAT112	flfozdn	u/mudkipster2006	flfibp8	C	I
2020-03-25 01:07:11.777114	u/deadmurgi	flfozex	u/BabyYoda89	flfow50	C	N
2020-03-25 01:07:12.597781	u/p_ke	flfozg2	u/meowingexpletives	flffdxt	C	I
2020-03-25 01:07:13.487566	u/Blue6735	flfozg9	u/Potter_Pegasus	fojgsd	S	N
2020-03-25 01:07:14.297708	u/vyaska	flfozh2	u/tamagoxxx	flfi7bi	C	N
2020-03-25 01:07:16.200935	u/woooshifudumb	flfozi3	u/New_Welcome	fodark	S	I
2020-03-25 01:07:17.089982	u/RepostSleuthBot	flfozjg	u/PM-ME-ANYTHING7	fojr7i	S	N
2020-03-25 01:07:17.975456	u/AutoModerator	flfozjz	u/deleted	fokluw	S	N
2020-03-25 01:07:21.148679	u/UD_1680	flfozko	u/Fandayo	foe92z	S	N
2020-03-25 01:07:22.635353	u/zboy101	flfozl1	u/Drix1942	fofiyq	S	N
2020-03-25 01:07:23.440171	u/SnapshillBot	flfozoj	u/deleted	fokluw	S	N
2020-03-25 01:07:24.232617	u/elitePP69lmao	flfozqz	u/someone-thats-human	flfl7d6	C	N
2020-03-25 01:07:25.945032	u/Tru_Drone_Videos	flfozs4	u/ChristianCountryBoy	fokgxy	S	N
2020-03-25 01:07:27.124416	u/babyeggquestion	flfozv2	u/thedemoncowboy	fobhzc	S	N
2020-03-25 01:07:29.309331	u/Ava_Beop	flfozwg	u/New_Welcome	fodark	S	I
2020-03-25 01:07:30.058238	u/xx_destroyer_xx35	flfp02a	u/ilyas114	flfi85f	C	I
2020-03-25 01:07:30.978299	u/AutoModerator	flfp03s	u/DecaMonDi	foklxr	S	N
2020-03-25 01:07:31.833770	u/SnapshillBot	flfp04h	u/ChristianCountryBoy	foklvr	S	N
2020-03-25 01:07:32.672561	u/AutoModerator	flfp04v	u/pewnanner	fokly1	S	N
2020-03-25 01:07:33.795362	u/Scotty245	flfp067	u/Xypher1337	fohbtl	S	I
2020-03-25 01:07:35.018642	u/zboy101	flfp0ay	u/buhoo115	fogibz	S	N
2020-03-25 01:07:36.659338	u/SampraxYT	flfp0dv	u/dusty_noodles	flfc8ts	C	I
2020-03-25 01:07:37.599120	u/RepostSleuthBot	flfp0fa	u/PM-ME-ANYTHING7	fojmir	S	N
2020-03-25 01:07:38.453142	u/AutoModerator	flfp0fj	u/colbyhudson	fokm0v	S	N
2020-03-25 01:07:39.292597	u/ExplosiveRoo	flfp0fp	u/Yahallo123	foirw7	S	N
2020-03-25 01:07:40.104916	u/SnapshillBot	flfp0hs	u/pewnanner	fokly1	S	N
2020-03-25 01:07:40.939374	u/Kazoo-Reeves	flfp0if	u/godememesbuddy	fokl96	S	N
2020-03-25 01:07:41.775843	u/SnapshillBot	flfp0j5	u/DecaMonDi	foklxr	S	N
2020-03-25 01:07:42.568354	u/Julian4444	flfp0k1	u/leo2k20	flfowc7	C	I
2020-03-25 01:07:43.387892	u/AutoModerator	flfp0lj	u/RecreationalMemer	fokm2b	S	I
2020-03-25 01:07:44.182988	u/MemesMod	flfp0ql	u/RecreationalMemer	fokm2b	S	I
2020-03-25 01:07:45.029829	u/SnapshillBot	flfp0vm	u/colbyhudson	fokm0v	S	N
2020-03-25 01:07:47.865742	u/karma_0w0	flfp0xn	u/New_Welcome	fodark	S	I
2020-03-25 01:07:48.669348	u/AutoModerator	flfp0z3	u/lost-my-kite	fokm5c	S	I
2020-03-25 01:07:49.516105	u/AutoModerator	flfp0zk	u/Abhi345	fokm5o	S	N
2020-03-25 01:07:50.354353	u/AutoModerator	flfp12c	u/BoomBug	fokm68	S	N
2020-03-25 01:07:51.222377	u/robin_joker	flfp12d	u/pantsRrad	fokjmv	S	I
2020-03-25 01:07:52.040756	u/Spartan_1_1_6	flfp14h	u/bs_PUG	fokkq9	S	N
2020-03-25 01:07:54.301574	u/theroyalbean	flfp18a	u/Mxhmoud	foffhj	S	I
2020-03-25 01:07:55.970889	u/Grizzly_Rob	flfp19l	u/NordicHorde	flflshk	C	I
2020-03-25 01:07:56.704133	u/DabbingIsSo2015	flfp1ah	u/lucasrow	flfow1x	C	N
2020-03-25 01:07:57.524582	u/AutoModerator	flfp1cl	u/Georgies-Boat	fokm8r	S	N
2020-03-25 01:07:58.701125	u/Ary_Mishor	flfp1gf	u/DustCry	fnwny6	S	N
2020-03-25 01:07:59.493986	u/SnapshillBot	flfp1hc	u/Abhi345	fokm5o	S	N
2020-03-25 01:08:00.256674	u/leo2k20	flfp1ir	u/Julian4444	flfp0k1	C	I
2020-03-25 01:08:01.807252	u/freakingamer1	flfp1lx	u/isabean-bos	flfdoi8	C	I
2020-03-25 01:08:02.786485	u/MemesMod	flfp1ot	u/Georgies-Boat	fokm8r	S	N
2020-03-25 01:08:04.796586	u/zboy101	flfp1r9	u/bbbBagger	fofct6	S	N
2020-03-25 01:08:05.613754	u/PappiSteph	flfp1re	u/Abhi345	fokm5o	S	N
2020-03-25 01:08:06.388482	u/AutoModerator	flfp1tr	u/AlkalinePotato	fokmbq	S	N
2020-03-25 01:08:07.130777	u/Anti_Karen_League	flfp1ub	u/Thraddis	flfo9e3	C	N
2020-03-25 01:08:08.063343	u/Linkxs46sey	flfp1uf	u/shreddedcheese42069	foiug7	S	I
2020-03-25 01:08:10.302825	u/bomber200520	flfp20t	u/New_Welcome	fodark	S	I
2020-03-25 01:08:11.369281	u/YeChapRichy	flfp22x	u/squirtlehateswater	fofy6a	S	I
2020-03-25 01:08:12.134483	u/RepDragonTile	flfp24j	u/pewnanner	fokly1	S	N
2020-03-25 01:08:12.862538	u/SnapshillBot	flfp24v	u/AlkalinePotato	fokmbq	S	N
2020-03-25 01:08:13.625928	u/Battleninja345	flfp262	u/New_Welcome	fokh16	S	I
2020-03-25 01:08:14.738117	u/Adamden91	flfp28i	u/Xypher1337	fohbtl	S	I
2020-03-25 01:08:15.482160	u/Fhuga	flfp2bn	u/gettotallygayaboutit	flfapzw	C	N
2020-03-25 01:08:16.249040	u/Firestone9999	flfp2fu	u/dandan_56	fojyor	S	N
2020-03-25 01:08:16.985183	u/Fluid_Twinkie	flfp2ij	u/zthemaster	flfn5wx	C	N
2020-03-25 01:08:17.705786	u/666HALLOWED666	flfp2j0	u/shepard_tsoni	flfncac	C	N
2020-03-25 01:08:19.244954	u/sudo_rui	flfp2jv	u/J0shDaBEAST	flfhbp7	C	I
2020-03-25 01:08:19.988009	u/AutoModerator	flfp2km	u/Parkee05_YT	fokmg2	S	N
2020-03-25 01:08:21.518621	u/Superskygames	flfp2ng	u/godofcreation76	fl8pb2w	C	I
2020-03-25 01:08:22.289352	u/RickC-249	flfp2pb	u/DivineSunshine	fok3tw	S	N
2020-03-25 01:08:23.788298	u/Burglarproof_Bread	flfp2q3	u/cnadyyy	flby2w5	C	I
2020-03-25 01:08:25.346192	u/DonPaburo	flfp2r6	u/Xploiter_RBLX	flfbf0t	C	I
2020-03-25 01:08:26.477257	u/Krock44	flfp2rz	u/ZaddR	fohhd0	S	I
2020-03-25 01:08:27.189807	u/our_lord23	flfp2wo	u/Dark_Zagan	flfgoj2	C	N
2020-03-25 01:08:27.914582	u/SnapshillBot	flfp32u	u/Parkee05_YT	fokmg2	S	N
2020-03-25 01:08:28.665667	u/PricklyCactus2	flfp337	u/deleted	fokkhn	S	N
2020-03-25 01:08:30.090705	u/11629m	flfp33r	u/ppnutscratcher	flfovl0	C	I
2020-03-25 01:08:30.843687	u/AutoModerator	flfp34d	u/lost-my-kite	fokmjf	S	I
2020-03-25 01:08:32.322275	u/I--Bot	flfp35u	u/Drix1942	fofiyq	S	N
2020-03-25 01:08:33.127762	u/Ultra_Noobzor	flfp3ba	u/Daltipolous	fojl1d	S	N
2020-03-25 01:08:33.836701	u/freakingamer1	flfp3en	u/SomthinDumb	flf2oce	C	I
2020-03-25 01:08:34.561991	u/Kazoo-Reeves	flfp3ey	u/bs_PUG	fokkq9	S	N
2020-03-25 01:08:35.256411	u/AutoModerator	flfp3g3	u/ChristianCountryBoy	fokmlq	S	N
2020-03-25 01:08:36.727671	u/OhYeahItsZ	flfp3gi	u/TTVTTB	fojqg4	S	N
2020-03-25 01:08:37.396118	u/JustawayV2	flfp3h9	u/TenMinMiner	flfb3w8	C	N
2020-03-25 01:08:38.118475	u/SnapshillBot	flfp3ho	u/xXPacotillaXx	fokmi2	S	N
2020-03-25 01:08:38.832490	u/ImmaPig	flfp3jk	u/deleted	fokkhn	S	N
2020-03-25 01:08:40.252763	u/IHasItNoTouchy	flfp3kd	u/coolwalker1996	fldgrj0	C	I
2020-03-25 01:08:40.913327	u/benwatson2468	flfp3oy	u/hufflekrunk	fle0wjb	C	N
2020-03-25 01:08:41.586811	u/Superskygames	flfp3p6	u/TankoBOB	fl8k9nn	C	I
2020-03-25 01:08:43.983825	u/ineedapapaya	flfp3t7	u/Fandayo	foe92z	S	N
2020-03-25 01:08:45.410323	u/AutoModerator	flfp3uw	u/BoomBug	fokmpc	S	N
2020-03-25 01:08:46.760290	u/123PleaseKillMeNow	flfp3vg	u/wadermeloun	fldsdvt	C	I
2020-03-25 01:08:48.595955	u/Stojy3	flfp3vf	u/TheYeetYoloManz	focxy3	S	N
2020-03-25 01:08:49.223316	u/EJustice1	flfp3yw	u/xRuzD	flfhkko	C	N
2020-03-25 01:08:50.778330	u/deadpoolminy	flfp42v	u/chuse1995	fnhqij	S	I
2020-03-25 01:08:51.479731	u/RandomScrub666	flfp45w	u/LambChops3232	foje1z	S	N
2020-03-25 01:08:52.288427	u/issaknife8916	flfp469	u/Stotan_	foij96	S	N
2020-03-25 01:08:53.621000	u/SnapshillBot	flfp474	u/ChristianCountryBoy	fokmlq	S	N
2020-03-25 01:08:54.773644	u/sunnysquid68	flfp48h	u/TheOtherWhiteCastle	fo7fsa	S	I
2020-03-25 01:08:55.511053	u/Swimmyofreddiy	flfp49o	u/peabut_nutters	fo77xl	S	N
2020-03-25 01:08:56.144006	u/AutoModerator	flfp4bo	u/Smoke4731	fokms9	S	N
2020-03-25 01:08:56.773724	u/Recombination2004	flfp4el	u/LUD_Mari	flfihts	C	N
2020-03-25 01:08:58.033367	u/Superskygames	flfp4fa	u/GarryBug	fl8k45p	C	N
2020-03-25 01:08:58.692327	u/myglockpopliketictoc	flfp4fk	u/rm4453	fleyn7a	C	N
2020-03-25 01:09:00.010391	u/Future-Frost	flfp4ji	u/DustCry	fobf8b	S	N
2020-03-25 01:09:00.960711	u/YeChapRichy	flfp4mg	u/ZaddR	fohhd0	S	I
2020-03-25 01:09:02.207407	u/ChristianCountryBoy	flfp4o4	u/ChristianCountryBoy	fokgxy	S	N
2020-03-25 01:09:03.170615	u/saitama-shoelace	flfp4p5	u/aman-angel	fodnog	S	I
2020-03-25 01:09:03.801672	u/Julian4444	flfp4sj	u/leo2k20	flfp1ir	C	I
2020-03-25 01:09:05.042725	u/AutoModerator	flfp4ty	u/lost-my-kite	fokmv4	S	I
2020-03-25 01:09:05.711327	u/SnapshillBot	flfp4y7	u/Smoke4731	fokms9	S	N
2020-03-25 01:09:06.973822	u/TheRedditPig1	flfp4ys	u/Ryan8088	fojcue	S	I
2020-03-25 01:09:07.717206	u/NoiceMango	flfp50f	u/tropkis	foevsi	S	I
2020-03-25 01:09:08.900709	u/TheFloofyPotato	flfp51e	u/NATSOUT765	flfeqdm	C	N
2020-03-25 01:09:10.145045	u/SnapshillBot	flfp56o	u/BoomBug	fokmpc	S	N
2020-03-25 01:09:12.963041	u/MAGIC_EYE_BOT	flfp1l3	u/Abhi345	fokm5o	S	N
2020-03-25 01:09:14.220744	u/ehhdjdmebshsmajsjssn	flfp2bu	u/23Silicon	flfizp2	C	I
2020-03-25 01:09:14.840046	u/AutoModerator	flfp2w8	u/xXPacotillaXx	fokmi2	S	N
2020-03-25 01:09:15.461271	u/AutoModerator	flfp3ea	u/deleted	fokmld	S	N
2020-03-25 01:09:16.061301	u/EpidemX017	flfp3fy	u/pinoyboyftw	fokgl4	S	N
2020-03-25 01:09:17.014080	u/zboy101	flfp3p9	u/squirtlehateswater	fofy6a	S	I
2020-03-25 01:09:17.766532	u/dedman1	flfp3pr	u/shreddedcheese42069	foiug7	S	I
2020-03-25 01:09:18.405059	u/AutoModerator	flfp3q3	u/OneTrueLordOfReddit	fokmnz	S	N
2020-03-25 01:09:19.034492	u/Tru_Drone_Videos	flfp3qx	u/ChristianCountryBoy	foklvr	S	N
2020-03-25 01:09:19.867321	u/Han_Sama	flfp41f	u/Togo34	fohi1v	S	I
2020-03-25 01:09:20.486333	u/SnapshillBot	flfp41j	u/OneTrueLordOfReddit	fokmnz	S	N
2020-03-25 01:09:21.143444	u/RepostSleuthBot	flfp42n	u/MrDrProfDav	fojm4c	S	N
2020-03-25 01:09:21.746069	u/SnapshillBot	flfp4a0	u/deleted	fokmld	S	N
2020-03-25 01:09:22.295816	u/Pyrenes	flfp4e9	u/FrequentFlyer8	flexdxq	C	N
2020-03-25 01:09:22.819373	u/ExpertAccident	flfp4jd	u/sadboy-slim	flfopqk	C	N
2020-03-25 01:09:24.890836	u/saikopasu_neko28	flfp4s7	u/Mxhmoud	foffhj	S	I
2020-03-25 01:09:25.516895	u/UsernameIDKwhy	flfp4w1	u/ScreaminNo	fohxs8	S	I
2020-03-25 01:09:26.485198	u/loliprotectservice	flfp4xf	u/lord-pretty_flacko	fogpgl	S	N
2020-03-25 01:09:27.054814	u/samtexwaslost	flfp4zp	u/pewnanner	fokly1	S	N
2020-03-25 01:09:27.591387	u/Viwreck	flfp54u	u/ChristianCountryBoy	foklvr	S	N
2020-03-25 01:09:29.292872	u/Cffd	flfp579	u/brujah8	flfmhqw	C	I
2020-03-25 01:09:29.919703	u/cellper	flfp57d	u/Crabby8889	foj2we	S	N
2020-03-25 01:09:30.999493	u/Dwelld	flfp57u	u/thedemoncowboy	fobhzc	S	N
2020-03-25 01:09:33.225890	u/Xmaruo97	flfp5bb	u/F1lthyG0pnik	fo8z0r	S	I
2020-03-25 01:09:33.708630	u/Firestone9999	flfp5c6	u/DustCry	fok5u3	S	N
2020-03-25 01:09:34.186909	u/TECHNOCAT112	flfp5d0	u/Tru_Drone_Videos	flehch0	C	I
2020-03-25 01:09:34.726383	u/AutoModerator	flfp5g8	u/juuuceboy	fokn01	S	N
2020-03-25 01:09:35.189219	u/Superskygames	flfp5jj	u/G3N5YM	fl8jk8x	C	N
2020-03-25 01:09:35.937915	u/potatolord65	flfp5mh	u/angryburrito193	fogp6c	S	N
2020-03-25 01:09:36.400921	u/SnapshillBot	flfp5np	u/juuuceboy	fokn01	S	N
2020-03-25 01:09:36.959407	u/Komrade-Seals	flfp5qv	u/Evangelionlovr	focob4	S	I
2020-03-25 01:09:37.612128	u/BloonsPopper_-	flfp5r1	u/SlipknotIsRealMusic	fohw3l	S	N
2020-03-25 01:09:39.116904	u/ibLocal619	flfp5t1	u/Golf_Ball	flc3xps	C	I
2020-03-25 01:09:39.608451	u/AutoModerator	flfp5tw	u/BigChungusMaBoi	fokn2p	S	N
2020-03-25 01:09:40.033312	u/totallynotzoidberg	flfp5uq	u/ikindalold	flfo9o7	C	N
2020-03-25 01:09:40.540445	u/GeraldoOfRivaldo	flfp5v8	u/Stotan_	foio2v	S	N
2020-03-25 01:09:41.028691	u/AutoModerator	flfp5z5	u/JonEagle	fokn3k	S	I
2020-03-25 01:09:41.517578	u/RepostSleuthBot	flfp61k	u/TheRedditPig1	flfp4ys	C	I
2020-03-25 01:09:42.448132	u/Xxcoug99xX	flfp61x	u/AriLion16	flfob1x	C	I
2020-03-25 01:09:44.502492	u/Plnguu	flfp633	u/Mxhmoud	foffhj	S	I
2020-03-25 01:09:44.987836	u/habbnn	flfp67n	u/dandan_56	fojyor	S	N
2020-03-25 01:09:45.405649	u/2derp2	flfp68k	u/BoomBug	fokmpc	S	N
2020-03-25 01:09:45.818441	u/unclerico589	flfp6cg	u/Ruby1213	fokklb	S	N
2020-03-25 01:09:46.670539	u/ineedapapaya	flfp6dp	u/BoomBug	fokmpc	S	N
2020-03-25 01:09:47.059927	u/SnapshillBot	flfp6e2	u/JonEagle	fokn3k	S	I
2020-03-25 01:09:47.478327	u/SnapshillBot	flfp6fc	u/BigChungusMaBoi	fokn2p	S	N
2020-03-25 01:09:49.329830	u/Bit_of_a_Hater	flfp6fm	u/bignate-_-	fo8d2g	S	I
2020-03-25 01:09:49.779912	u/UnKnOwNLIKER	flfp6ho	u/Alexis-Aparicio	foi5ld	S	I
2020-03-25 01:09:50.098524	u/Mxhmoud	flfp6jv	u/zboy101	flfovgn	C	N
2020-03-25 01:09:51.231537	u/quantum-ass	flfp6kh	u/Cachuchotas	fofxko	S	I
2020-03-25 01:09:53.510823	u/wilhungliam	flfp50o	u/InfamousManiac	flfnz62	C	I
2020-03-25 01:09:54.211943	u/HeartOfGold02	flfp538	u/Hamza5788the2nd	fodcj5	S	I
2020-03-25 01:09:54.570526	u/MemesMod	flfp53a	u/lost-my-kite	fokmv4	S	I
2020-03-25 01:09:55.195611	u/Lazer45	flfp5mx	u/mishmash444	flfoykq	C	I
2020-03-25 01:09:55.496934	u/AutoModerator	flfp66c	u/ExplosiveThingy	fokn5e	S	I
2020-03-25 01:09:55.732756	u/TheAllKnowingCharles	flfp69v	u/Wage_slave	flfmf2p	C	N
2020-03-25 01:09:55.983159	u/hdudbdhdvd	flfp6b3	u/kiddop04	fle5agq	C	N
2020-03-25 01:09:56.288641	u/Viwreck	flfp6bv	u/definitelyhooman	foklqg	S	N
2020-03-25 01:09:56.598383	u/SnapshillBot	flfp6cv	u/ExplosiveThingy	fokn5e	S	I
2020-03-25 01:09:57.888617	u/rudawn	flfp6h0	u/New_Welcome	fodark	S	I
2020-03-25 01:09:58.085854	u/DuckfordMr	flfp6ij	u/ResistibleElk	flf871r	C	I
2020-03-25 01:09:58.538834	u/yee3009	flfp6w2	u/AutoModerator	flf9ch7	C	I
2020-03-25 01:09:59.659548	u/zboy101	flfp6zp	u/mijuzz7	fodyp1	S	N
2020-03-25 01:09:59.826037	u/OhYeahItsZ	flfp70d	u/FatedDragoner	flfli9h	C	N
2020-03-25 01:10:02.640237	u/Themurlocking96	flfp6s5	u/AriLion16	fokg41	S	I
2020-03-25 01:10:03.763707	u/totallynotzoidberg	flfp6uz	u/bopbeepbopbeepbop	flfk4za	C	N
2020-03-25 01:10:06.070001	u/Empty_Damage	flfp706	u/rajeshbhat_ds	foiwf8	S	N
2020-03-25 01:10:09.040875	u/Shurick45	flfp76d	u/Drix1942	fofiyq	S	N
2020-03-25 01:10:10.294312	u/RepostSleuthBot	flfp7a7	u/Mr-_-clutch	fojlkd	S	N
2020-03-25 01:10:11.682006	u/Superskygames	flfp7dx	u/Redwrx345	fl8j59g	C	I
2020-03-25 01:10:13.902229	u/Thotslayer280	flfp7eb	u/Thermalpigion	fl5yk9j	C	N
2020-03-25 01:10:15.377332	u/Jstew28	flfp7eu	u/squirtlehateswater	fofy6a	S	I
2020-03-25 01:10:17.668588	u/1_know_too_much	flfp7l2	u/AriLion16	flfomrt	C	I
2020-03-25 01:10:21.405933	u/AutoModerator	flfp7bf	u/bobbylabuiler	fokndk	S	N
2020-03-25 01:10:22.572207	u/AutoModerator	flfp7rh	u/fleshy_wetness	fokngu	S	N
2020-03-25 01:10:25.038121	u/SnapshillBot	flfp7rd	u/bobbylabuiler	fokndk	S	N
2020-03-25 01:10:27.800594	u/zboy101	flfp7sw	u/Mxhmoud	foffhj	S	I
2020-03-25 01:10:29.062944	u/HeartOfGold02	flfp84n	u/AidenWH87	foddiu	S	I
2020-03-25 01:10:31.373917	u/Tru_Drone_Videos	flfp86j	u/Eziopool	fokkmi	S	N
2020-03-25 01:10:32.529771	u/AutoModerator	flfp88f	u/AK24ROCKS	foknkp	S	I
2020-03-25 01:10:33.799938	u/skroodleMEnoodle	flfp8d8	u/shreddedcheese42069	foiug7	S	I
2020-03-25 01:10:36.093456	u/ineedapapaya	flfp8ee	u/DecaMonDi	foklxr	S	N
2020-03-25 01:10:37.218223	u/AutoModerator	flfp8ei	u/elevated_stonks	foknm3	S	I
2020-03-25 01:10:38.298694	u/TheFloofyPotato	flfp8fa	u/Durza_81	flfhdm5	C	I
2020-03-25 01:10:39.447961	u/idk-what-to-put13	flfp8fy	u/deleted	fokkhn	S	N
2020-03-25 01:10:42.897165	u/xXOriginalNameHereXx	flfp8h7	u/Grannys_Sledgehammer	flfoxd4	C	I
2020-03-25 01:10:44.038134	u/Canspeakmoon	flfp8l4	u/Parkee05_YT	fokmg2	S	N
2020-03-25 01:10:45.139366	u/Tru_Drone_Videos	flfp8rf	u/Tru_Drone_Videos	flfp86j	C	I
2020-03-25 01:10:47.434325	u/FM79SG	flfp8rm	u/rayass69	fohiiz	S	N
2020-03-25 01:10:48.523448	u/Superskygames	flfp8su	u/MarleyTheDogg	fl8h3xt	C	N
2020-03-25 01:10:49.693349	u/BlingBangBong	flfp8ua	u/cameroo_n	fokhsd	S	N
2020-03-25 01:10:50.841808	u/IguanasWithInternet	flfp8ve	u/koolfan	flfoe8g	C	N
2020-03-25 01:10:53.075604	u/SlikeSpitfire	flfp932	u/hduddjdgdh	fokax8	S	N
2020-03-25 01:10:56.437589	u/samtexwaslost	flfp93r	u/Viwreck	flfp54u	C	I
2020-03-25 01:10:57.558906	u/SnapshillBot	flfp94d	u/elevated_stonks	foknm3	S	I
2020-03-25 01:10:59.076529	u/Linkxs46sey	flfp9b5	u/thedemoncowboy	fobhzc	S	N
2020-03-25 01:11:01.663414	u/I--Bot	flfp9dm	u/ZaddR	fohhd0	S	I
2020-03-25 01:11:02.981744	u/klassenklan	flfp9dy	u/windrunner1996	fof2zr	S	N
2020-03-25 01:11:05.151108	u/woooshifudumb	flfp9nn	u/jac2kk	flf4r74	C	I
2020-03-25 01:11:09.379567	u/Julian4444	flfp7qs	u/MGS-youtube	fok880	S	I
2020-03-25 01:11:10.495658	u/ExpertAccident	flfp7wj	u/depressedkid1233	fokggt	S	N
2020-03-25 01:11:11.817696	u/unexistanthuman	flfp7x1	u/windrunner1996	fof2zr	S	N
2020-03-25 01:11:13.003081	u/That1emokid13	flfp83a	u/cameroo_n	fokhsd	S	N
2020-03-25 01:11:16.732357	u/naveen000can	flfp8ca	u/Mxhmoud	foffhj	S	I
2020-03-25 01:11:17.863194	u/SnapshillBot	flfp8fj	u/fleshy_wetness	fokngu	S	N
2020-03-25 01:11:18.954834	u/habbnn	flfp8os	u/RepostSleuthBot	flfosl4	C	I
2020-03-25 01:11:20.115433	u/AutoModerator	flfp8qv	u/Joshadow11	foknoh	S	I
2020-03-25 01:11:21.244645	u/Ultra_Noobzor	flfp8r1	u/slavo37	fojhdo	S	I
2020-03-25 01:11:22.712213	u/zboy101	flfp8v8	u/ZaddR	fohhd0	S	I
2020-03-25 01:11:24.989607	u/Vishvraj	flfp90j	u/Trivenger1	flfn1vp	C	I
2020-03-25 01:11:26.136141	u/SnapshillBot	flfp91p	u/Joshadow11	foknoh	S	I
2020-03-25 01:11:27.277567	u/notmy_llave	flfp92k	u/xXPacotillaXx	fokmi2	S	N
2020-03-25 01:11:28.559773	u/eveviews	flfp94e	u/windrunner1996	fof2zr	S	N
2020-03-25 01:11:29.662884	u/SnapshillBot	flfp969	u/AK24ROCKS	foknkp	S	I
2020-03-25 01:11:30.777273	u/Viwreck	flfp9a7	u/CapnChiknNugget	fokl2f	S	I
2020-03-25 01:11:31.926671	u/Zaplett	flfp9a8	u/Solomon_isedgy	fojvb7	S	I
2020-03-25 01:11:33.125030	u/two_inchtony	flfp9fh	u/Alexis-Aparicio	foi5ld	S	I
2020-03-25 01:11:34.367453	u/JaydinoBoi	flfp9mz	u/Gunslinger19723	foi5ck	S	I
2020-03-25 01:11:36.792652	u/kingmokh133	flfp9sl	u/itzdacks	fofd6h	S	I
2020-03-25 01:11:37.852312	u/Superskygames	flfp9y7	u/A_Luau_Snackbar	fl8fvzu	C	N
2020-03-25 01:11:39.014287	u/iplaypokmengo	flfpa0a	u/Punisher2112	fokerv	S	I
2020-03-25 01:11:41.265713	u/EnjiOjiru	flfpa16	u/josipBogy	fo3xw4	S	N
2020-03-25 01:11:44.101163	u/bismarck414	flfpa2o	u/Mxhmoud	foffhj	S	I
2020-03-25 01:11:45.182111	u/AutoModerator	flfpa40	u/eggo29	fokny9	S	N
2020-03-25 01:11:46.262136	u/Kazoo-Reeves	flfpa5e	u/XDLAv5	flfoyp6	C	N
2020-03-25 01:11:47.349310	u/FM79SG	flfpa7j	u/rayass69	flfl28j	C	N
2020-03-25 01:11:48.451616	u/gettotallygayaboutit	flfpa8a	u/Fhuga	flfp2bn	C	N
2020-03-25 01:11:49.529088	u/jac2kk	flfpa8z	u/gloria-hamborger	fl6s1z0	C	I
2020-03-25 01:11:50.975035	u/benconnor20	flfpa9u	u/lord-pretty_flacko	fogpgl	S	N
2020-03-25 01:11:52.036461	u/1111Jonnyman007	flfpa9w	u/i-dont-fuckin-knoe	flfnz8o	C	I
2020-03-25 01:11:53.142261	u/AutoModerator	flfpach	u/way-too-cooked-bread	foko06	S	I
2020-03-25 01:12:00.725794	u/1_know_too_much	flfpaff	u/dovedevic	fm5k7j	S	I
2020-03-25 01:12:02.818482	u/Sweatytowelz	flfpagx	u/D3V1L_D0G	fokjzj	S	I
2020-03-25 01:12:04.265488	u/moonsheeper	flfpahb	u/ZaddR	fohhd0	S	I
2020-03-25 01:12:05.336620	u/InfamousManiac	flfpaji	u/wilhungliam	flfp50o	C	I
2020-03-25 01:12:06.392298	u/abductedpeanut	flfpalj	u/R3strained	flemomu	C	N
2020-03-25 01:12:07.513297	u/SnapshillBot	flfpalm	u/way-too-cooked-bread	foko06	S	I
2020-03-25 01:12:08.642953	u/Daikaji	flfpals	u/pantsRrad	fokjmv	S	I
2020-03-25 01:12:09.772955	u/AutoModerator	flfpamy	u/Urmumgay6	foko3e	S	N
2020-03-25 01:12:10.901589	u/SnapshillBot	flfpaq8	u/eggo29	fokny9	S	N
2020-03-25 01:12:13.267227	u/AutoModerator	flfparm	u/cheesytanker	foko58	S	N
2020-03-25 01:12:15.464844	u/denimrenim	flfpavs	u/shunaay	flfji1q	C	I
2020-03-25 01:12:17.682844	u/VVLD420	flfpawp	u/Ogelbeh	flfhta7	C	I
2020-03-25 01:12:18.735174	u/XxReaper666xX	flfpazm	u/StirFRYS	flfenqu	C	N
2020-03-25 01:12:19.827549	u/abductedpeanut	flfpb3r	u/BryNX_714	flfg80s	C	N
2020-03-25 01:12:20.919588	u/I-am-TheMindBoggler	flfpb4q	u/pewnanner	fokly1	S	N
2020-03-25 01:12:21.989442	u/Parkee05_YT	flfpb7u	u/Canspeakmoon	flfp8l4	C	N
2020-03-25 01:12:23.141640	u/-trashlord-	flfpb8g	u/peabut_nutters	fo77xl	S	N
2020-03-25 01:12:24.265411	u/SnapshillBot	flfpbac	u/cheesytanker	foko58	S	N
2020-03-25 01:12:25.490629	u/BossBurrito11	flfpbaj	u/1111Jonnyman007	fogtqf	S	I
2020-03-25 01:12:26.517426	u/goatts__	flfpbc0	u/RickC-249	flfogth	C	N
2020-03-25 01:12:28.785810	u/casualgamer71	flfpbc9	u/Ericool35	flflrq4	C	I
2020-03-25 01:12:31.051633	u/goron42	flfpbea	u/-coronavirus--	flfkmj9	C	I
2020-03-25 01:12:32.093723	u/ayoushe2809	flfpbfv	u/UD_1680	flfkzz2	C	I
2020-03-25 01:12:34.358471	u/Shaqundaya	flfpbi5	u/TheYeetYoloManz	focxy3	S	N
2020-03-25 01:12:35.494497	u/SnapshillBot	flfpbi6	u/Urmumgay6	foko3e	S	N
2020-03-25 01:12:37.777843	u/AMICUS_	flfpbiv	u/dusty_noodles	flfc8ts	C	I
2020-03-25 01:12:39.084978	u/Pewdiepiedabezt	flfpbl7	u/Togo34	fohi1v	S	I
2020-03-25 01:12:40.147421	u/MemesMod	flfpbll	u/eggo29	fokny9	S	N
2020-03-25 01:12:41.291574	u/habbnn	flfpblo	u/THEVILLAGEIDI0T	fojwtc	S	N
2020-03-25 01:12:42.359215	u/snape_is_thick	flfpbo4	u/JonEagle	fokn3k	S	I
2020-03-25 01:12:43.441448	u/Viwreck	flfpbq4	u/Lazer45	fokkfj	S	I
2020-03-25 01:12:45.620828	u/Illusion597	flfpbs6	u/RepostSleuthBot	fle9afu	C	I
2020-03-25 01:12:46.719036	u/AutoModerator	flfpbsl	u/OG-Dreadful	fokobk	S	N
2020-03-25 01:12:47.749309	u/nameofanuser	flfpbtk	u/Irrational-Charisma	flfo6qv	C	I
2020-03-25 01:12:48.855803	u/AutoModerator	flfpbvl	u/KamDrinkard	fokoc5	S	N
2020-03-25 01:12:49.925653	u/SnapshillBot	flfpbzc	u/KamDrinkard	fokoc5	S	N
2020-03-25 01:12:50.956129	u/NAV8881	flfpbzg	u/tek_tush	flfmo04	C	N
2020-03-25 01:12:52.075679	u/SnapshillBot	flfpc0r	u/OG-Dreadful	fokobk	S	N
2020-03-25 01:12:54.214137	u/InfuriatedBrute	flfpc21	u/I_like_the_abuse	flevcvs	C	I
2020-03-25 01:12:55.238141	u/HypnoBagels	flfpc2b	u/Avika123	flfnox5	C	N
2020-03-25 01:12:56.550892	u/goron42	flfpc3x	u/mysticwarrior222	foirgl	S	I
2020-03-25 01:12:57.622278	u/tiedyeshirtman	flfpc88	u/NoASmurf	fokedz	S	I
2020-03-25 01:12:59.863260	u/horavalre317	flfpcaf	u/Gold-Ring	flf40re	C	I
2020-03-25 01:13:03.877273	u/mrconfusedhobbit	flfpcb2	u/Fandayo	foe92z	S	N
2020-03-25 01:13:04.862729	u/D3V1L_D0G	flfpcbt	u/Sweatytowelz	flfpagx	C	I
2020-03-25 01:13:06.292108	u/EPSlapper	flfpcf9	u/ZaddR	fohhd0	S	I
2020-03-25 01:13:07.367729	u/AutoModerator	flfpcih	u/mrtibbs7	fokog3	S	I
2020-03-25 01:13:08.430659	u/YaYeetus_Deletus	flfpcmn	u/angryburrito193	flf2x6w	C	N
2020-03-25 01:13:09.489447	u/Hunter0674	flfpctq	u/OneTrueLordOfReddit	fokmnz	S	N
2020-03-25 01:13:10.527472	u/squirtlehateswater	flfpcv0	u/Jstew28	flfp7eu	C	I
2020-03-25 01:13:11.861489	u/NotFunnyBuddy	flfpcxh	u/Mydiddlydarnitdude	foci45	S	N
2020-03-25 01:13:12.980954	u/AutoModerator	flfpcyu	u/amitav554	fokojk	S	N
2020-03-25 01:13:14.062803	u/SnapshillBot	flfpczw	u/mrtibbs7	fokog3	S	I
2020-03-25 01:13:15.160799	u/nintendonate64	flfpd1t	u/NigitTheMemer	fojrh4	S	I
2020-03-25 01:13:16.180311	u/p_shark162	flfpd1w	u/The_big_Lambowski	flf35ee	C	N
2020-03-25 01:13:17.246356	u/Han_Sama	flfpd24	u/Evangelionlovr	fleitom	C	I
2020-03-25 01:13:18.472839	u/jvdrba	flfpd4f	u/Thiccmemer666	foi204	S	I
2020-03-25 01:13:20.208261	u/froobie40k	flfpd4p	u/Cachuchotas	fofxko	S	I
2020-03-25 01:13:21.205376	u/Punisher2112	flfpd7j	u/iplaypokmengo	flfpa0a	C	N
2020-03-25 01:13:22.373494	u/brickbuilder876	flfpd8h	u/mohamud02	fo9yz2	S	N
2020-03-25 01:13:23.389002	u/King-of-Dots	flfpd8s	u/GoAbNDP	flfo5az	C	N
2020-03-25 01:13:25.587965	u/GeorgianWineCooler	flfpd98	u/josipBogy	fo3xw4	S	N
2020-03-25 01:13:26.620103	u/MemesMod	flfpd9i	u/KamDrinkard	fokoc5	S	N
2020-03-25 01:13:27.705098	u/jeraldtherapist	flfpdc0	u/mrtibbs7	foior6	S	I
2020-03-25 01:13:28.767741	u/AutoModerator	flfpddf	u/Province_of_Pacifica	fokomu	S	N
2020-03-25 01:13:29.894403	u/AutoModerator	flfpdfb	u/Thomasathena07	fokonb	S	N
2020-03-25 01:13:30.931836	u/SnapshillBot	flfpdh5	u/Province_of_Pacifica	fokomu	S	N
2020-03-25 01:13:32.038473	u/Cityboy216	flfpdho	u/Wale365	foiah4	S	N
2020-03-25 01:13:33.122030	u/AutoModerator	flfpdjs	u/kcsujeet	fokoo4	S	N
2020-03-25 01:13:34.181141	u/SnapshillBot	flfpdkk	u/amitav554	fokojk	S	N
2020-03-25 01:13:35.192641	u/Grannys_Sledgehammer	flfpdll	u/SunshineF32	flfnydd	C	I
2020-03-25 01:13:36.481513	u/matt-velociraptor	flfpdpt	u/angryburrito193	fogp6c	S	N
2020-03-25 01:13:37.506091	u/racerfree	flfpdrs	u/camouflagethisshit	flfoo4j	C	I
2020-03-25 01:13:39.618634	u/Lilmechazoid	flfpduc	u/yeetoburrito_420	flfb3qh	C	I
2020-03-25 01:13:40.722806	u/Aggieboy1444	flfpdue	u/iheckinglovepewds	fok6mk	S	N
2020-03-25 01:13:41.832330	u/PieGamer5222	flfpdx9	u/MotherOfPerls	foe0r2	S	N
2020-03-25 01:13:42.827495	u/ikindalold	flfpdxs	u/totallynotzoidberg	flfp5uq	C	N
2020-03-25 01:13:43.827890	u/ExpertAccident	flfpdxv	u/2derp2	flfp68k	C	N
2020-03-25 01:13:44.886832	u/AutoModerator	flfpdyt	u/Fatoohi1976	fokoqg	S	N
2020-03-25 01:13:46.005623	u/FattyCatnipples	flfpdys	u/NigitTheMemer	fojrh4	S	I
2020-03-25 01:13:47.888869	u/eggrits	flfpdzt	u/Cachuchotas	fofxko	S	I
2020-03-25 01:13:49.825737	u/sumn_random	flfpe0q	u/Lil_Nibba69	fo6xe7	S	N
2020-03-25 01:13:50.786218	u/RepostSleuthBot	flfpe1l	u/BossBurrito11	flfpbaj	C	I
2020-03-25 01:13:52.928979	u/subto-pewdiepie-now	flfpe1m	u/AutoModerator	flff843	C	I
2020-03-25 01:13:54.015515	u/SnapshillBot	flfpe1y	u/Fatoohi1976	fokoqg	S	N
2020-03-25 01:13:55.060338	u/Viwreck	flfpe2k	u/bobbylabuiler	fokndk	S	N
2020-03-25 01:13:56.168960	u/I-am-TheMindBoggler	flfpe3t	u/FnaffanXD	foklnu	S	I
2020-03-25 01:13:57.434685	u/PickleRick2k20	flfpe57	u/windrunner1996	fof2zr	S	N
2020-03-25 01:13:58.500508	u/SnapshillBot	flfpe7w	u/Thomasathena07	fokonb	S	N
2020-03-25 01:14:00.929029	u/Gatty-man-ting	flfpe83	u/deReluctantKing	foj3z5	S	N
2020-03-25 01:14:01.992752	u/tato_man0	flfpeay	u/Bobfrey101	fokjn2	S	N
2020-03-25 01:14:03.080045	u/anti_MATT_er	flfpeb2	u/elevated_stonks	foknm3	S	I
2020-03-25 01:14:04.589218	u/meta_lomin	flfpecm	u/mijuzz7	fodyp1	S	N
2020-03-25 01:14:06.676620	u/biggested304	flfpeck	u/Mrepic229	flfn904	C	I
2020-03-25 01:14:07.789457	u/OneNootBoi	flfped8	u/NI__A	fohdl7	S	N
2020-03-25 01:14:08.799878	u/AriLion16	flfpeet	u/Themurlocking96	flfp6s5	C	I
2020-03-25 01:14:09.794224	u/Aggieboy1444	flfpef9	u/eakman69	flfod0k	C	N
2020-03-25 01:14:11.929169	u/bobbylabuiler	flfpell	u/Viwreck	flfpe2k	C	I
2020-03-25 01:14:12.920928	u/The_Next_Legend	flfpem2	u/deReluctantKing	flfomv9	C	N
2020-03-25 01:14:13.917240	u/Superskygames	flfpequ	u/RepostSleuthBot	fl8fjmy	C	I
2020-03-25 01:14:14.939709	u/MemesMod	flfperr	u/deleted	fokoqg	S	N
2020-03-25 01:14:16.159481	u/shurtugal2	flfpet4	u/ajheslin	foihxv	S	N
2020-03-25 01:14:17.140436	u/OneTrueLordOfReddit	flfpetw	u/Hunter0674	flfpctq	C	N
2020-03-25 01:14:18.173748	u/theshiter69	flfpex2	u/Alm3nd	fokigw	S	I
2020-03-25 01:14:19.202906	u/keem-boi	flfpf0r	u/ShruteFarms123	flfjpcr	C	N
2020-03-25 01:14:20.183482	u/XDLAv5	flfpf7e	u/Kazoo-Reeves	flfpa5e	C	N
2020-03-25 01:14:22.239401	u/Sleiger	flfpf8g	u/AutoModerator	flfp0fj	C	I
2020-03-25 01:14:23.362735	u/lukestutzman7	flfpf8x	u/Alexis-Aparicio	foi5ld	S	I
2020-03-25 01:14:24.361347	u/elevated_stonks	flfpf94	u/anti_MATT_er	flfpeb2	C	N
2020-03-25 01:14:25.540681	u/The_BLSD	flfpfad	u/DaDerpyDog	foef17	S	N
2020-03-25 01:14:27.604021	u/DaBabyY0DA	flfpfbq	u/Master_JBT	flfm167	C	I
2020-03-25 01:14:28.686076	u/Ultra_Noobzor	flfpfcf	u/thepotsmoker	fojc9g	S	N
2020-03-25 01:14:30.197148	u/WllhYaDlabu	flfpfjl	u/bbbBagger	fofct6	S	N
2020-03-25 01:14:33.094420	u/YeChapRichy	flfpfjv	u/secondhandsisters	fobcb0	S	N
2020-03-25 01:14:34.054742	u/shrek8mywaffle	flfpfk5	u/Neo_The_bluepill_One	fokdd7	S	N
2020-03-25 01:14:35.051570	u/racerfree	flfpfkh	u/QuintTheWarlock	flfoqqe	C	I
2020-03-25 01:14:36.060511	u/AutoModerator	flfpfkr	u/TBL_Disastrous	fokozs	S	N
2020-03-25 01:14:37.095351	u/Apfelmator	flfpflf	u/Joshadow11	foknoh	S	I
2020-03-25 01:14:38.309382	u/woooshifudumb	flfpflu	u/sceema333	foc6ve	S	N
2020-03-25 01:14:40.372314	u/weht_sock	flfpfrx	u/Trivenger1	flfljvn	C	I
2020-03-25 01:14:41.336878	u/Swimmyofreddiy	flfpfu5	u/eberlegames	fleheld	C	I
2020-03-25 01:14:42.305151	u/nameofanuser	flfpfzj	u/Lazer45	flfp5mx	C	I
2020-03-25 01:14:43.547125	u/Kenobi777	flfpg4q	u/Togo34	fohi1v	S	I
2020-03-25 01:14:45.789044	u/homeslice66	flfpg5b	u/dr3attack1054	fo4dml	S	N
2020-03-25 01:14:47.793796	u/coz36	flfpg66	u/SlikeSpitfire	flfp932	C	I
2020-03-25 01:14:48.748041	u/GeorgianWineCooler	flfpg7s	u/What-Did-I-Do-Wrong	fldodt1	C	N
2020-03-25 01:14:49.748244	u/SnapshillBot	flfpg8c	u/TBL_Disastrous	fokozs	S	N
2020-03-25 01:14:50.740179	u/Hunter0674	flfpg8r	u/OneTrueLordOfReddit	flfpetw	C	N
2020-03-25 01:14:51.781383	u/OldManThumbs	flfpgaf	u/10millionpuppies	fojr7n	S	N
2020-03-25 01:14:52.735612	u/crunchy_crop	flfpgbo	u/zeus_18	flfk0yv	C	N
2020-03-25 01:14:53.696556	u/Viwreck	flfpgds	u/ineedapapaya	flfp6dp	C	N
2020-03-25 01:14:56.055923	u/Hrxcky	flfpgjm	u/ZaddR	flfo9i2	C	I
2020-03-25 01:14:59.328365	u/BoomBug	flfpgp3	u/ExpertAccident	flfpdxv	C	I
2020-03-25 01:15:00.434047	u/Georgies-Boat	flfpgp5	u/JoruusSkywalker	fob6lg	S	N
2020-03-25 01:15:01.920681	u/Dogenoscope123	flfpgpv	u/ZaddR	fohhd0	S	I
2020-03-25 01:15:02.934776	u/AutoModerator	flfpgt4	u/juuuceboy	fokp7y	S	N
2020-03-25 01:15:03.971502	u/habbnn	flfpguk	u/PM_ME_LOOSE_LIPS	fojwnm	S	N
2020-03-25 01:15:05.036698	u/Samaki_Ni_Meli	flfpguz	u/NigitTheMemer	fojrh4	S	I
2020-03-25 01:15:06.047692	u/RepostSleuthBot	flfpgww	u/lukestutzman7	flfpf8x	C	I
2020-03-25 01:15:07.256908	u/ManKneeCruise	flfph2k	u/Togo34	fohi1v	S	I
2020-03-25 01:15:08.328323	u/KATH00L00	flfph7g	u/New_Welcome	fokh16	S	I
2020-03-25 01:15:09.303542	u/Kazoo-Reeves	flfph7u	u/XDLAv5	flfpf7e	C	N
2020-03-25 01:15:10.325645	u/SnapshillBot	flfph8c	u/juuuceboy	fokp7y	S	N
2020-03-25 01:15:12.284579	u/kiIIcharge	flfph8e	u/racerfree	flfio1b	C	I
2020-03-25 01:15:13.305667	u/-Retrospective-	flfpha6	u/kcsujeet	fokoo4	S	N
2020-03-25 01:15:14.280585	u/ExpertAccident	flfphat	u/BoomBug	flfpgp3	C	I
2020-03-25 01:15:16.571920	u/noobcluster	flfphfj	u/darknessrisen3	foft8k	S	N
2020-03-25 01:15:18.245942	u/Jewish-Jungle	flfphfv	u/FluuBk	fo5ioc	S	I
2020-03-25 01:15:19.376917	u/riverjesus	flfphg3	u/Stotan_	foij96	S	N
2020-03-25 01:15:20.537117	u/ChrisMan1214	flfphkb	u/Togo34	fohi1v	S	I
2020-03-25 01:15:21.529844	u/Viwreck	flfphl6	u/OneTrueLordOfReddit	fokmnz	S	N
2020-03-25 01:15:22.475643	u/selfdeleter69	flfphrk	u/msconfig32	fle2605	C	N
2020-03-25 01:15:23.491656	u/D31TA40RC3	flfphuk	u/mrtibbs7	fokog3	S	I
2020-03-25 01:15:24.434785	u/BossBurrito11	flfphwf	u/RepostSleuthBot	flfpe1l	C	I
2020-03-25 01:15:25.441120	u/-Retrospective-	flfphy9	u/Province_of_Pacifica	fokomu	S	N
2020-03-25 01:15:26.424535	u/TheViolat0r	flfpi18	u/the-SG	fokic9	S	N
2020-03-25 01:15:27.701331	u/probro1234567	flfpi34	u/midgardian_loki	fo7de1	S	N
2020-03-25 01:15:28.880957	u/saggggf1	flfpi3m	u/jesibeII	fofin0	S	N
2020-03-25 01:15:29.890724	u/Reyez53	flfpi4q	u/sirthas	fojp5c	S	I
2020-03-25 01:15:30.821581	u/Dave30954	flfpi8f	u/therealbitchboy	flfmp4w	C	N
2020-03-25 01:15:31.962219	u/AutoModerator	flfpi8r	u/Taldius175	fokpi4	S	N
2020-03-25 01:15:32.911701	u/the_friendly_one	flfpic4	u/MrDarkAvacado	flfn17j	C	N
2020-03-25 01:15:34.137459	u/robin_joker	flfpid7	u/thats-MEan	fokgn9	S	N
2020-03-25 01:15:35.258313	u/undeadweed	flfpiiq	u/Carslayer12	fojcjm	S	N
2020-03-25 01:15:36.474103	u/muritoburito	flfpij0	u/Togo34	fohi1v	S	I
2020-03-25 01:15:37.392247	u/Illusion597	flfpil9	u/Illusion597	flfpbs6	C	I
2020-03-25 01:15:38.400084	u/somethingelseyt88	flfpime	u/Daguy223	fok55k	S	N
2020-03-25 01:15:39.451541	u/the-shortest-giraffe	flfpio6	u/Urmumgay6	foko3e	S	N
2020-03-25 01:15:40.536968	u/Seabornebook	flfpiov	u/Paranxipress	fod74u	S	N
2020-03-25 01:15:41.540493	u/SnapshillBot	flfpiph	u/Taldius175	fokpi4	S	N
2020-03-25 01:15:43.216886	u/LoxyTheFoxy	flfpir3	u/Drix1942	fofiyq	S	N
2020-03-25 01:15:44.179411	u/AutoModerator	flfpirs	u/neitral-fella	fokplq	S	I
2020-03-25 01:15:45.220089	u/-Retrospective-	flfpist	u/amitav554	fokojk	S	N
2020-03-25 01:15:46.369840	u/abductedpeanut	flfpiuj	u/CavesDweller	foiv3c	S	I
2020-03-25 01:15:48.435710	u/undeadweed	flfpivf	u/undeadweed	flfpiiq	C	I
2020-03-25 01:15:49.417420	u/mlgjaws23	flfpiz8	u/mrtibbs7	fokog3	S	I
2020-03-25 01:15:50.459794	u/ExpertAccident	flfpizf	u/Province_of_Pacifica	fokomu	S	N
2020-03-25 01:15:51.381579	u/bd2thbn	flfpj2d	u/Travy-D	flf7hir	C	N
2020-03-25 01:15:52.315222	u/BlackOut-76	flfpj5a	u/roarimshreck	flfb8ec	C	I
2020-03-25 01:15:53.296352	u/AutoModerator	flfpj6j	u/Slowburn827	fokpoc	S	N
2020-03-25 01:15:54.259198	u/SnapshillBot	flfpj7h	u/deleted	fokplq	S	N
2020-03-25 01:15:55.247185	u/literallyfreemoney	flfpj7v	u/MrDrProfDav	fojm4c	S	N
2020-03-25 01:15:57.977311	u/just_el1as	flfpjas	u/Fandayo	foe92z	S	N
2020-03-25 01:15:58.849637	u/PorterPoignant	flfpjb5	u/bigSpear_broker	flfj4im	C	I
2020-03-25 01:15:59.792755	u/WhatTheHELLJackie	flfpjdk	u/-plz-dont-touch-me-	flfof3f	C	I
2020-03-25 01:16:00.942253	u/lukestutzman7	flfpjdi	u/CapnChiknNugget	fod9yk	S	I
2020-03-25 01:16:01.958574	u/xodhruv	flfpjdn	u/Random-Game-Dude	foiwkz	S	N
2020-03-25 01:16:02.868085	u/battery_low_	flfpjfc	u/Rcadit	flfmbjv	C	N
2020-03-25 01:16:03.893936	u/porntipsguzzardobot	flfpjfz	u/deleted	fokplq	S	N
2020-03-25 01:16:04.804505	u/shepard_tsoni	flfpjg1	u/666HALLOWED666	flfp2j0	C	N
2020-03-25 01:16:05.734306	u/OneTrueLordOfReddit	flfpjgh	u/Hunter0674	flfpg8r	C	N
2020-03-25 01:16:06.806764	u/icantbeme	flfpjgs	u/OneTrueLordOfReddit	fokmnz	S	N
2020-03-25 01:16:07.703997	u/habbnn	flfpjhz	u/Justwill007	flflhkx	C	N
2020-03-25 01:16:08.618393	u/gaygelding	flfpjis	u/slashth456	flfny4c	C	I
2020-03-25 01:16:09.632223	u/MemesMod	flfpjju	u/Slowburn827	fokpoc	S	N
2020-03-25 01:16:11.110792	u/NightJasian	flfpjm2	u/sanjithar	foch8b	S	I
2020-03-25 01:16:12.310859	u/anjudash	flfpjmk	u/CapnChiknNugget	fod9yk	S	I
2020-03-25 01:16:13.200525	u/guineaprince	flfpjri	u/vfcsghjdfgj	flfo2du	C	N
2020-03-25 01:16:14.254353	u/zaner3999	flfpjrs	u/DylanCrazyCat64	fokj1t	S	I
2020-03-25 01:16:16.259131	u/njboys06	flfpjsc	u/SalemtheBat	fldbpc3	C	I
2020-03-25 01:16:17.497342	u/Unlivednest6566	flfpjsx	u/lord-pretty_flacko	fogpgl	S	N
2020-03-25 01:16:18.409278	u/AutoModerator	flfpjve	u/RusticRock	fokpt0	S	N
2020-03-25 01:16:19.310203	u/AlmostGenocide	flfpjy1	u/ShadowOfTheFireworks	flflis1	C	I
2020-03-25 01:16:20.318835	u/Zaplett	flfpk1f	u/loveurselfowo	fojsji	S	N
2020-03-25 01:16:21.243934	u/AutoModerator	flfpk3o	u/deleted	fokpuz	S	N
2020-03-25 01:16:22.424431	u/RomulanRaptorPrey	flfpk4d	u/jesibeII	fofin0	S	N
2020-03-25 01:16:23.309838	u/crunchy_crop	flfpk4z	u/p0g0s71ck	flf51pt	C	N
2020-03-25 01:16:24.249239	u/SnapshillBot	flfpk5l	u/RusticRock	fokpt0	S	N
2020-03-25 01:16:25.154248	u/PaddyPumpkin	flfpk6k	u/Rarth2563	flfgeit	C	N
2020-03-25 01:16:26.103580	u/AutoModerator	flfpk72	u/Mabus38	fokpvn	S	I
2020-03-25 01:16:30.187841	u/u-Darien	flfpk7d	u/Pringles__	fmf637	S	N
2020-03-25 01:16:31.108204	u/ineedapapaya	flfpk8g	u/pantsRrad	fokjmv	S	I
2020-03-25 01:16:32.228599	u/sidharth-003	flfpkbb	u/SadBlam	fofs1b	S	N
2020-03-25 01:16:33.110722	u/AdityaKuliyal1127	flfpkgt	u/mufassas_granny	flemgv1	C	N
2020-03-25 01:16:34.146742	u/bobber5050	flfpkie	u/mrtibbs7	fokog3	S	I
2020-03-25 01:16:35.173734	u/eveviews	flfpkjl	u/DetectiveBaby_Legs	fohouu	S	N
2020-03-25 01:16:36.118447	u/SSG_Yunny	flfpkju	u/sombody-once	foklll	S	N
2020-03-25 01:16:37.050230	u/Tru_Drone_Videos	flfpkk5	u/Province_of_Pacifica	fokomu	S	N
2020-03-25 01:16:38.914224	u/MapleSyrupSquirrel	flfpkl7	u/Master_Vicen	flfkl3c	C	I
2020-03-25 01:16:39.850405	u/SnapshillBot	flfpklz	u/Mabus38	fokpvn	S	I
2020-03-25 01:16:41.721906	u/XDLAv5	flfpkvp	u/Kazoo-Reeves	flfph7u	C	N
2020-03-25 01:16:43.552849	u/gappingdouble	flfpkxc	u/Cachuchotas	fofxko	S	I
2020-03-25 01:16:44.861779	u/drakonis_slushy123	flfpkzx	u/YerrBoiiTucker	fob7v7	S	I
2020-03-25 01:16:45.769261	u/mishmash444	flfpl3k	u/Sheikh_Abdu	fokjq9	S	N
2020-03-25 01:16:47.287876	u/MrUniverse1990	flfpl4l	u/Xypher1337	fohbtl	S	I
2020-03-25 01:16:49.877834	u/DarthSFK	flfpl6w	u/Mxhmoud	foffhj	S	I
2020-03-25 01:16:50.726198	u/dynamicmuo	flfplaq	u/MrDrProfDav	fojm4c	S	N
2020-03-25 01:16:51.611156	u/OkPreference6	flfplbj	u/Cyke__	flfoyt5	C	N
2020-03-25 01:16:52.665175	u/radical-tubular	flfplfq	u/keontayy	foe5gt	S	N
2020-03-25 01:16:55.528122	u/ayoushe2809	flfplgn	u/Fandayo	foe92z	S	N
2020-03-25 01:16:56.331218	u/TheAngryChickenWing	flfplgy	u/TheToxicLogic	flfc3oy	C	I
2020-03-25 01:16:57.192219	u/RepostSleuthBot	flfplhv	u/OneNootBoi	flfped8	C	N
2020-03-25 01:16:58.080731	u/Viwreck	flfplip	u/pewnanner	fokly1	S	N
2020-03-25 01:16:58.984494	u/robin_joker	flfplju	u/jivixi	fokgau	S	I
2020-03-25 01:17:00.173842	u/FranticMetallica	flfplku	u/lord-pretty_flacko	fogpgl	S	N
2020-03-25 01:17:01.002195	u/QRquick	flfplli	u/deReluctantKing	flfot2h	C	N
2020-03-25 01:17:02.226046	u/Jake081197	flfplos	u/buhoo115	fogibz	S	N
2020-03-25 01:17:03.082442	u/Tru_Drone_Videos	flfplso	u/ExpertAccident	flfpizf	C	I
2020-03-25 01:17:04.344505	u/Dyl547	flfplvx	u/ZaddR	fohhd0	S	I
2020-03-25 01:17:05.225414	u/AutoModerator	flfplwg	u/AK24ROCKS	fokq6d	S	I
2020-03-25 01:17:06.057828	u/pyro1645	flfplzl	u/AboHomood	fldlgm4	C	I
2020-03-25 01:17:06.935770	u/AutoModerator	flfpm2h	u/DistinctHyena	fokq71	S	N
2020-03-25 01:17:07.830967	u/SnapshillBot	flfpm3a	u/AK24ROCKS	fokq6d	S	I
2020-03-25 01:17:08.660506	u/Kazoo-Reeves	flfpm76	u/XDLAv5	flfpkvp	C	N
2020-03-25 01:17:09.517436	u/Datruedabking	flfpm79	u/ExpertAccident	flfpdxv	C	I
2020-03-25 01:17:10.409766	u/PayRespects-Bot	flfpm91	u/AK24ROCKS	fokq6d	S	I
2020-03-25 01:17:12.164004	u/meatball-the-toad	flfpm9y	u/Gunslinger19723	flfdvhw	C	I
2020-03-25 01:17:12.990899	u/Hunter0674	flfpm9z	u/OneTrueLordOfReddit	flfpjgh	C	N
2020-03-25 01:17:13.944498	u/mrk134	flfpmaj	u/OG-Dreadful	fokobk	S	N
2020-03-25 01:17:14.854301	u/Ultra_Noobzor	flfpmb8	u/the_memeosphere	foje7q	S	N
2020-03-25 01:17:15.740524	u/AutoModerator	flfpmbs	u/CaptainWaffleIron	fokq8x	S	N
2020-03-25 01:17:16.624644	u/AutoModerator	flfpmi6	u/SlimThiccStar123	fokq9r	S	N
2020-03-25 01:17:17.617112	u/Carpe-Noctom	flfpmjo	u/shreddedcheese42069	foiug7	S	I
2020-03-25 01:17:19.762517	u/Hatjin	flfpmp6	u/New_Welcome	fodark	S	I
2020-03-25 01:17:21.550898	u/mrbleach76	flfpmqb	u/Cachuchotas	fofxko	S	I
2020-03-25 01:17:22.496957	u/SnapshillBot	flfpmsg	u/CaptainWaffleIron	fokq8x	S	N
2020-03-25 01:17:23.311252	u/Topd808	flfpmu1	u/Lego-Bro-2	fleg6jz	C	I
2020-03-25 01:17:24.319334	u/SnapshillBot	flfpmzb	u/DistinctHyena	fokq71	S	N
2020-03-25 01:17:26.143734	u/AutoModerator	flfpn0q	u/Swarm474	fokqcs	S	N
2020-03-25 01:17:26.951686	u/robin_joker	flfpn1p	u/the_kiwichicken	flfoj1n	C	N
2020-03-25 01:17:27.841761	u/Daikaji	flfpn5b	u/Alm3nd	fokigw	S	I
2020-03-25 01:17:28.696432	u/ExpertAccident	flfpncp	u/RusticRock	fokpt0	S	N
2020-03-25 01:17:29.918829	u/Tollycat173	flfpngh	u/lord-pretty_flacko	fogpgl	S	N
2020-03-25 01:17:31.640134	u/Dyl547	flfpnhr	u/ZaddR	flfcsmz	C	I
2020-03-25 01:17:32.504545	u/SnapshillBot	flfpnhy	u/Swarm474	fokqcs	S	N
2020-03-25 01:17:33.362911	u/SnapshillBot	flfpnku	u/deadmurgi	fokqbz	S	N
2020-03-25 01:17:34.162383	u/vfcsghjdfgj	flfpnoy	u/guineaprince	flfpjri	C	N
2020-03-25 01:17:35.013287	u/AutoModerator	flfpnpz	u/BigYoshiFollower	fokqgr	S	N
2020-03-25 01:17:36.076165	u/IronEnder17	flfpnqx	u/shreddedcheese42069	foiug7	S	I
2020-03-25 01:17:37.782646	u/p0g0s71ck	flfpnr9	u/crunchy_crop	flfpk4z	C	I
2020-03-25 01:17:38.569375	u/IHateSpaghetti123	flfpnuj	u/LumpyAnteater	flfne7z	C	N
2020-03-25 01:17:39.507727	u/RacismIsForBlacks	flfpnur	u/ScreaminNo	fohxs8	S	I
2020-03-25 01:17:40.435872	u/forkingforkforksfork	flfpnw4	u/B100DW0RTH	el5dau	S	I
2020-03-25 01:17:41.238107	u/Scarlette_Wolfe124	flfpo4e	u/ZaddR	flfcsmz	C	I
2020-03-25 01:17:42.088623	u/SnapshillBot	flfpo85	u/BigYoshiFollower	fokqgr	S	N
2020-03-25 01:17:43.786625	u/JJabMann	flfpoaj	u/A_rutard3d007	fle3sdc	C	I
2020-03-25 01:17:44.710740	u/MemesMod	flfpob5	u/BigYoshiFollower	fokqgr	S	N
2020-03-25 01:17:45.579723	u/ConDog2929	flfpocp	u/ElOskar101	fofup3	S	N
2020-03-25 01:17:46.428514	u/Superskygames	flfpogs	u/Xploiter_RBLX	fl86wmx	C	I
2020-03-25 01:17:47.380669	u/Something_Syck	flfpoh9	u/Thiccmemer666	foi204	S	I
2020-03-25 01:17:48.254117	u/the1andonly234	flfpokh	u/juuuceboy	fokp7y	S	N
2020-03-25 01:17:55.796190	u/AlkalinePotato	flfpoo0	u/dovedevic	fm5k7j	S	I
2020-03-25 01:17:56.508834	u/robin_joker	flfpos3	u/kerowolf69	fokg6a	S	I
2020-03-25 01:17:58.958546	u/pugs-and-pizza	flfposb	u/parsamyan4243	flfhgd1	C	I
2020-03-25 01:17:59.765335	u/MonHun	flfpow9	u/thequacksterishere	fojnoh	S	N
2020-03-25 01:18:00.535174	u/Topd808	flfpoxg	u/Atalay12345	fleay3y	C	I
2020-03-25 01:18:01.877319	u/EmmerDoodle121	flfpp02	u/dishwasher23	foc59y	S	I
2020-03-25 01:18:02.630622	u/Superskygames	flfpp0t	u/linglings_mom	fl845ge	C	N
2020-03-25 01:18:03.468360	u/iplaypokmengo	flfpp1u	u/Themadschoolbus	fokcpg	S	I
2020-03-25 01:18:04.341128	u/AutoModerator	flfpp95	u/worstusername_ever69	fokqq6	S	N
2020-03-25 01:18:05.937077	u/AlkalinePotato	flfppc5	u/dovedevic	fl2izeo	C	I
2020-03-25 01:18:06.727774	u/-Retrospective-	flfppei	u/CaptainWaffleIron	fokq8x	S	N
2020-03-25 01:18:07.561596	u/zaner3999	flfppfz	u/_clickhere_	foki9v	S	N
2020-03-25 01:18:08.724642	u/Ksi_Fan1234567890	flfppge	u/ZaddR	fohhd0	S	I
2020-03-25 01:18:10.857060	u/WllhYaDlabu	flfppgn	u/NoobMaster69forlife	foce48	S	N
2020-03-25 01:18:11.582603	u/SnapshillBot	flfppih	u/worstusername_ever69	fokqq6	S	N
2020-03-25 01:18:12.404558	u/Jewish-Jungle	flfppkq	u/Kobe_Wan_Jabroni	foj66r	S	N
2020-03-25 01:18:13.112490	u/Superskygames	flfppnj	u/Walter-from-Facebook	fl8ftfn	C	N
2020-03-25 01:18:13.827502	u/Memecube7	flfpppe	u/Srohaan	flevon1	C	N
2020-03-25 01:18:14.623822	u/ImDefinitelyHuman	flfpppx	u/ineedapapaya	flfpk8g	C	N
2020-03-25 01:18:15.350896	u/DrunkRedditBot	flfppqr	u/BattleTitan6	flfmc7d	C	N
2020-03-25 01:18:17.994489	u/bitzxne_razor	flfppqx	u/Fandayo	foe92z	S	N
2020-03-25 01:18:18.850171	u/the_darknfe	flfpprv	u/Stotan_	foij96	S	N
2020-03-25 01:18:19.630822	u/Recombination2004	flfpps5	u/Iconic_Zombie	foj7ht	S	I
2020-03-25 01:18:20.333257	u/JJabMann	flfpps9	u/Jeynarl	flfg02d	C	I
2020-03-25 01:18:21.814756	u/deReluctantKing	flfppxf	u/Gatty-man-ting	flfpe83	C	I
2020-03-25 01:18:23.478626	u/elephant_sex	flfppzj	u/Drix1942	fofiyq	S	N
2020-03-25 01:18:24.496915	u/sheek360	flfpq1n	u/squirtlehateswater	fofy6a	S	I
2020-03-25 01:18:25.192086	u/Fhuga	flfpq2e	u/gettotallygayaboutit	flfpa8a	C	N
2020-03-25 01:18:26.705616	u/BlooFlea	flfpq2x	u/GmanTheHeMan	flf7t0i	C	I
2020-03-25 01:18:27.391250	u/openyoureyes89	flfpq4b	u/tomascolina25	flfjkur	C	N
2020-03-25 01:18:28.090776	u/PickButtkins	flfpq6w	u/ExpertAccident	flfp7wj	C	I
2020-03-25 01:18:28.868921	u/Canspeakmoon	flfpq7m	u/AriLion16	fokg41	S	I
2020-03-25 01:18:29.941887	u/Default_Username101	flfpq8i	u/luke_goose	fo83go	S	I
2020-03-25 01:18:30.685319	u/Hunter0674	flfpq9s	u/I-am-TheMindBoggler	flfpe3t	C	N
2020-03-25 01:18:31.471424	u/the1andonly234	flfpqa7	u/kcsujeet	fokoo4	S	N
2020-03-25 01:18:32.917467	u/Something_Syck	flfpqap	u/racerfree	flfdvkt	C	I
2020-03-25 01:18:33.593563	u/Arthrowelf	flfpqbv	u/Cheshire559	flfouus	C	N
2020-03-25 01:18:34.345659	u/CaptainWaffleIron	flfpqd6	u/juuuceboy	fokp7y	S	N
2020-03-25 01:18:35.095563	u/SnapshillBot	flfpqdk	u/XxANONYMOUS_SniperXx	fokquo	S	N
2020-03-25 01:18:36.129364	u/poopiehead11	flfpqfm	u/AriLion16	fokg41	S	I
2020-03-25 01:18:36.918586	u/colbywankenobi0	flfpqgw	u/BoomBug	fokmpc	S	I
2020-03-25 01:18:37.661015	u/AutoModerator	flfpqi4	u/bluewolve_51	fokqxf	S	N
2020-03-25 01:18:38.472080	u/shaniqqua	flfpqkx	u/AriLion16	fokg41	S	I
2020-03-25 01:18:39.313271	u/JoshuaBoss198	flfpqmb	u/deReluctantKing	foj3z5	S	I
2020-03-25 01:18:39.958417	u/uscsec	flfpqme	u/Dplepler	flef20p	C	N
2020-03-25 01:18:40.758618	u/-Retrospective-	flfpqog	u/AK24ROCKS	fokq6d	S	I
2020-03-25 01:18:42.917970	u/wet_chip	flfpqrb	u/F1lthyG0pnik	fo8z0r	S	I
2020-03-25 01:18:43.733346	u/Ca-Game	flfpqsj	u/AndersRL	fof4mz	S	N
2020-03-25 01:18:44.388838	u/camouflagethisshit	flfpqsl	u/racerfree	flfpdrs	C	I
2020-03-25 01:18:45.077904	u/MemesMod	flfpqsm	u/bluewolve_51	fokqxf	S	N
2020-03-25 01:18:46.290131	u/Preoccupiedude	flfpqt1	u/ZaddR	fohhd0	S	I
2020-03-25 01:18:46.987699	u/AutoModerator	flfpqwq	u/sanambudhathoki	fokr01	S	N
2020-03-25 01:18:48.030912	u/Salzanka	flfpqym	u/Xypher1337	fohbtl	S	I
2020-03-25 01:18:48.597078	u/Gatty-man-ting	flfpr1c	u/deReluctantKing	flfppxf	C	I
2020-03-25 01:18:49.872087	u/TheMan713	flfpr3v	u/sanjithar	foch8b	S	I
2020-03-25 01:18:50.500519	u/I-am-TheMindBoggler	flfpr7s	u/Hunter0674	flfpq9s	C	N
2020-03-25 01:18:51.871304	u/RepostSleuthBot	flfpr8y	u/RacismIsForBlacks	flfpnur	C	I
2020-03-25 01:18:53.235539	u/noobcluster	flfprbz	u/canadianpenguin123	flfgpv2	C	I
2020-03-25 01:18:54.017399	u/AutoModerator	flfprc7	u/DCTRO	fokr2w	S	N
2020-03-25 01:18:54.742834	u/MemesMod	flfprcj	u/sanambudhathoki	fokr01	S	N
2020-03-25 01:18:55.965627	u/RiverTGS	flfprf2	u/inslatafresca_	fof5i8	S	N
2020-03-25 01:18:56.648136	u/colbywankenobi0	flfprhp	u/BoomBug	fokmpc	S	I
2020-03-25 01:18:57.323020	u/D31TA40RC3	flfpria	u/s-exorcism	fojxua	S	N
2020-03-25 01:18:58.519770	u/Goshen32	flfprj7	u/ronnieth024	fo95mk	S	N
2020-03-25 01:18:59.184242	u/SnapshillBot	flfprnl	u/DCTRO	fokr2w	S	N
2020-03-25 01:18:59.862447	u/AutoModerator	flfprqi	u/bored_jester	fokr5m	S	N
2020-03-25 01:19:00.557359	u/AutoModerator	flfprso	u/ObamasGayNephew	fokr5z	S	N
2020-03-25 01:19:01.204093	u/chase4060	flfprt2	u/deadmurgi	fokgqg	S	N
2020-03-25 01:19:02.565071	u/666HALLOWED666	flfprud	u/shepard_tsoni	flfpjg1	C	N
2020-03-25 01:19:03.413373	u/MemesMod	flfprvs	u/DCTRO	fokr2w	S	N
2020-03-25 01:19:04.082287	u/AutoModerator	flfprz4	u/tomtom659	fokr6r	S	N
2020-03-25 01:19:04.766530	u/Kobalt_Clutterphuck	flfprz9	u/FnaffanXD	foklnu	S	I
2020-03-25 01:19:05.356003	u/crunchy_crop	flfps2w	u/toenailisripped	flewxbj	C	N
2020-03-25 01:19:06.674305	u/IHateSpaghetti123	flfps66	u/Fillthegap2	fldqlca	C	N
2020-03-25 01:19:07.307199	u/SnapshillBot	flfps99	u/tomtom659	fokr6r	S	N
2020-03-25 01:19:08.383421	u/steelersfan999	flfpsa3	u/aynaan_11	focixc	S	N
2020-03-25 01:19:09.028562	u/konuia	flfpsak	u/ObamasGayNephew	fokr5z	S	N
2020-03-25 01:19:09.658286	u/sheek360	flfpsai	u/XxANONYMOUS_SniperXx	fokquo	S	N
2020-03-25 01:19:10.266202	u/MemesMod	flfpsbg	u/bored_jester	fokr5m	S	N
2020-03-25 01:19:10.898567	u/SnapshillBot	flfpsbt	u/ObamasGayNephew	fokr5z	S	N
2020-03-25 01:19:11.536008	u/-Retrospective-	flfpsdj	u/juuuceboy	fokp7y	S	N
2020-03-25 01:19:12.180969	u/SnapshillBot	flfpseg	u/bored_jester	fokr5m	S	N
2020-03-25 01:19:12.764080	u/OverHealing16	flfpsgm	u/theMeatman7	flfo941	C	N
2020-03-25 01:19:13.396678	u/AutoModerator	flfpsgz	u/Zaplett	fokr9j	S	I
2020-03-25 01:19:13.992823	u/AutoModerator	flfpsh1	u/gluttonyv	fokr9k	S	I
2020-03-25 01:19:14.758941	u/radical-tubular	flfpsiv	u/Stotan_	foij96	S	N
2020-03-25 01:19:15.303307	u/deReluctantKing	flfpsjr	u/JoshuaBoss198	flfpqmb	C	N
2020-03-25 01:19:15.981431	u/the1andonly234	flfpsmj	u/amitav554	fokojk	S	N
2020-03-25 01:19:16.597604	u/AutoModerator	flfpsms	u/alfa619	fokra8	S	I
2020-03-25 01:19:17.843737	u/OneNootBoi	flfpsnh	u/RepostSleuthBot	flfplhv	C	I
2020-03-25 01:19:18.468069	u/porntipsguzzardobot	flfpsov	u/alfa619	fokra8	S	I
2020-03-25 01:19:19.000823	u/RepostSleuthBot	flfpsp6	u/Ca-Game	flfpqsj	C	N
2020-03-25 01:19:20.291327	u/ithoughtkh3wasfine	flfpsr5	u/AReallyHugeDik	fojlbm	S	I
2020-03-25 01:19:23.382966	u/Aww5492nd	flfpsuz	u/F1lthyG0pnik	fo8z0r	S	I
2020-03-25 01:19:29.595415	u/FootClann004	flfpsvv	u/EfficaciousBean	fo91y7	S	N
2020-03-25 01:19:30.130295	u/The-Real-Dankuya	flfpt0h	u/SadBlam	fofs1b	S	N
2020-03-25 01:19:30.587714	u/Superskygames	flfpt1n	u/KeBob2442	fl8h4lo	C	I
2020-03-25 01:19:31.080735	u/AutoModerator	flfpt29	u/BooperZeElephant	fokrcq	S	N
2020-03-25 01:19:31.521078	u/I-am-TheMindBoggler	flfpt35	u/Hunter0674	flfpsoo	C	N
2020-03-25 01:19:31.969025	u/shepard_tsoni	flfpt3p	u/666HALLOWED666	flfprud	C	N
2020-03-25 01:19:32.769972	u/nyancatdude	flfpt3s	u/squirtlehateswater	fofy6a	S	I
2020-03-25 01:19:33.707492	u/gettotallygayaboutit	flfpt6m	u/Fhuga	flfpq2e	C	N
2020-03-25 01:19:34.325066	u/Superskygames	flfptib	u/foxleigh81	fl8d90c	C	N
2020-03-25 01:19:34.740913	u/Hunter0674	flfptit	u/I-am-TheMindBoggler	flfpt35	C	N
2020-03-25 01:19:35.184275	u/FoxyFan505	flfptlg	u/kyleclay25	flf2hk5	C	N
2020-03-25 01:19:35.608133	u/xXPacotillaXx	flfptm4	u/notmy_llave	flfp92k	C	N
2020-03-25 01:19:36.081383	u/sheek360	flfptmg	u/worstusername_ever69	fokqq6	S	N
2020-03-25 01:19:36.503189	u/MidnightDoesThings	flfptn0	u/DanielTheDM	flerflf	C	N
2020-03-25 01:19:36.977829	u/AutoModerator	flfptpj	u/TatGuyBoi	fokrh4	S	N
2020-03-25 01:19:37.441693	u/AutoModerator	flfptqi	u/DiamondPlayz86	fokrh9	S	N
2020-03-25 01:19:38.375377	u/SnapshillBot	flfptsh	u/DiamondPlayz86	fokrh9	S	N
2020-03-25 01:19:38.840085	u/robin_joker	flfpttu	u/jivixi	fokfrf	S	I
2020-03-25 01:19:39.289769	u/SnapshillBot	flfptvt	u/TatGuyBoi	fokrh4	S	N
2020-03-25 01:19:39.728807	u/SnapshillBot	flfpty1	u/BooperZeElephant	fokrcq	S	N
2020-03-25 01:19:42.152168	u/AutoModerator	flfpr20	u/deleted	fokr0t	S	N
2020-03-25 01:19:42.599098	u/SnapshillBot	flfpr41	u/sanambudhathoki	fokr01	S	N
2020-03-25 01:19:43.028550	u/ICERTW0	flfpr5d	u/theflashreincarnated	flfoq7o	C	N
2020-03-25 01:19:43.405660	u/mishmash444	flfpr75	u/Lazer45	flfp5mx	C	I
2020-03-25 01:19:43.880927	u/Spencyn	flfpr7l	u/Lazer45	fokkfj	S	I
2020-03-25 01:19:44.657484	u/Deckhand47	flfps1e	u/shreddedcheese42069	foiug7	S	I
2020-03-25 01:19:45.542201	u/FoxyFan505	flfps2f	u/angryburrito193	fogp6c	S	N
2020-03-25 01:19:46.200825	u/Hunter0674	flfpsoo	u/I-am-TheMindBoggler	flfpr7s	C	N
2020-03-25 01:19:46.856018	u/ineedapapaya	flfpsox	u/ImDefinitelyHuman	flfpppx	C	N
2020-03-25 01:19:47.677300	u/frick_chick	flfptkj	u/Longbeacher707	fog8m6	S	I
2020-03-25 01:19:48.012066	u/ExpertAccident	flfptnu	u/Datruedabking	flfpm79	C	I
2020-03-25 01:19:48.371131	u/shreddedcheese42069	flfptpl	u/IronEnder17	flfpnqx	C	N
2020-03-25 01:19:49.179150	u/SnapshillBot	flfpu0o	u/gluttonyv	fokr9k	S	I
2020-03-25 01:19:50.163507	u/jake1080	flfpu1j	u/sanjithar	foch8b	S	I
2020-03-25 01:19:50.512279	u/SnapshillBot	flfpu38	u/Zaplett	fokr9j	S	I
2020-03-25 01:19:50.822605	u/Iconic_Zombie	flfpu8i	u/Recombination2004	flfpps5	C	N
2020-03-25 01:19:51.457887	u/I-am-TheMindBoggler	flfpubv	u/Hunter0674	flfptit	C	N
2020-03-25 01:19:55.176124	u/1cmhoodieman	flfpudc	u/mrhyb	fo5bp5	S	I
2020-03-25 01:19:56.129017	u/bobbylabuiler	flfpueg	u/dishwasher23	foc59y	S	I
2020-03-25 01:19:56.421513	u/konuia	flfpufn	u/Mabus38	fokpvn	S	I
2020-03-25 01:19:56.661003	u/MAGIC_EYE_BOT	flfpugm	u/DiamondPlayz86	fokrh9	S	N
2020-03-25 01:19:57.146607	u/ExpertAccident	flfpuly	u/PickButtkins	flfpq6w	C	I
2020-03-25 01:19:59.108612	u/ben_shapiro_did-911	flfpuco	u/thatsnotmywallet5	fok9md	S	N
2020-03-25 01:19:59.432934	u/AutoModerator	flfpurh	u/Magic176	fokrmv	S	I
2020-03-25 01:20:04.690509	u/AutoModerator	flfpuzl	u/IronEddie19	fokrol	S	I
2020-03-25 01:20:08.945363	u/MWC3	flfpuqt	u/bbbBagger	fofct6	S	N
2020-03-25 01:20:10.109917	u/kirishima195	flfpus5	u/hduddjdgdh	fokax8	S	N
2020-03-25 01:20:11.267235	u/LightningPunk	flfputa	u/mrtibbs7	fokog3	S	I
2020-03-25 01:20:12.406950	u/ethand2300	flfputk	u/AK24ROCKS	fokq6d	S	I
2020-03-25 01:20:13.655876	u/GavinElwood	flfputq	u/Thiccmemer666	foi204	S	I
2020-03-25 01:20:17.143831	u/Swarm474	flfpuye	u/Kind-Pop	fl3zlqu	C	I
2020-03-25 01:20:19.465713	u/Sum-Yung-Gei	flfpv16	u/huh_ok_123	flf5srh	C	I
2020-03-25 01:20:21.789451	u/lolking0	flfpv5h	u/Last_Crew	flfls2x	C	I
2020-03-25 01:20:23.067628	u/666bible69420	flfpv5v	u/AndersRL	fof4mz	S	N
2020-03-25 01:20:24.190016	u/SnapshillBot	flfpv7e	u/IronEddie19	fokrol	S	I
2020-03-25 01:20:25.294207	u/lupodipy	flfpve4	u/LWIAY100	flfk9ft	C	I
2020-03-25 01:20:27.571525	u/everlasting_snake	flfpvf3	u/Apfelmator	flfpflf	C	N
2020-03-25 01:20:28.674473	u/Hunter0674	flfpvh7	u/I-am-TheMindBoggler	flfpubv	C	N
2020-03-25 01:20:29.816099	u/sheek360	flfpvir	u/Swarm474	fokqcs	S	I
2020-03-25 01:20:31.360044	u/GeneralFakename	flfpvqi	u/aman-angel	fodnog	S	I
2020-03-25 01:20:33.675896	u/infamouszoggy	flfpvr2	u/ExpertAccident	flfpdxv	C	I
2020-03-25 01:20:35.956490	u/Northern_Media	flfpvry	u/tanzaniansurfowl	fl77fom	C	I
2020-03-25 01:20:37.062682	u/CalebAM4720	flfpvs2	u/Xploiter_RBLX	flfc3t4	C	I
2020-03-25 01:20:38.250615	u/k_from_that_app	flfpvsm	u/hullopalooza	fojr9e	S	N
2020-03-25 01:20:40.562230	u/AlwaysFearMe007	flfpvuh	u/_AskuuXL_	flfd97s	C	N
2020-03-25 01:20:41.710891	u/AutoModerator	flfpvy8	u/vgk19	fokrun	S	N
2020-03-25 01:20:42.871825	u/Jonno55	flfpvya	u/BooperZeElephant	fokrcq	S	N
2020-03-25 01:20:44.034038	u/the1andonly234	flfpw0c	u/elevated_stonks	foknm3	S	I
2020-03-25 01:20:45.283537	u/TheMan713	flfpw0f	u/CavesDweller	foiv3c	S	I
2020-03-25 01:20:46.654089	u/Jero1023	flfpw5l	u/angryburrito193	fogp6c	S	N
2020-03-25 01:20:47.728542	u/I-am-TheMindBoggler	flfpw98	u/Hunter0674	flfpvh7	C	N
2020-03-25 01:20:50.039647	u/AutoModerator	flfpw9r	u/C-Roof-Jumper	fokrx5	S	N
2020-03-25 01:20:51.320957	u/radical-tubular	flfpwac	u/SadBlam	fofs1b	S	N
2020-03-25 01:20:52.611720	u/Beefsauce3	flfpwct	u/JoruusSkywalker	fob6lg	S	N
2020-03-25 01:20:53.689867	u/cnadyyy	flfpwdd	u/Burglarproof_Bread	flfp2q3	C	I
2020-03-25 01:20:54.780196	u/tht_gayboy	flfpwdg	u/raydencreede	flfnlqa	C	I
2020-03-25 01:20:57.063746	u/successjul_failure	flfpwer	u/Last_Crew	flflm8a	C	I
2020-03-25 01:20:58.203661	u/ExpertAccident	flfpwlp	u/BooperZeElephant	fokrcq	S	N
2020-03-25 01:20:59.391668	u/habbnn	flfpwmb	u/paluchero	fojt0i	S	N
2020-03-25 01:21:02.882119	u/Ca-Game	flfpwni	u/RepostSleuthBot	flfpsp6	C	I
2020-03-25 01:21:03.959988	u/Hunter0674	flfpwnn	u/I-am-TheMindBoggler	flfpw98	C	N
2020-03-25 01:21:05.098789	u/SnapshillBot	flfpwnr	u/C-Roof-Jumper	fokrx5	S	N
2020-03-25 01:21:06.255992	u/SnapshillBot	flfpwq6	u/superqwerty11112	fokrwq	S	N
2020-03-25 01:21:07.520021	u/MassiveGuzongas	flfpwt5	u/hdudbdhdvd	foei64	S	I
2020-03-25 01:21:10.009922	u/Temptemp1155	flfpwvc	u/Mxhmoud	foffhj	S	I
2020-03-25 01:21:11.212032	u/theredditer27345	flfpwwt	u/i-eat-snakes	fojqt1	S	N
2020-03-25 01:21:12.352759	u/Bhawks489	flfpx01	u/TatGuyBoi	fokrh4	S	N
2020-03-25 01:21:14.607196	u/sceno_br4k3r	flfpx17	u/racerfree	flfggjp	C	I
2020-03-25 01:21:16.944529	u/robin_joker	flfpx5w	u/frawleyg	fokfcq	S	N
2020-03-25 01:21:18.221192	u/Raksup	flfpx69	u/Thiccmemer666	foi204	S	I
2020-03-25 01:21:19.325039	u/ExpertAccident	flfpx8b	u/gluttonyv	fokr9k	S	I
2020-03-25 01:21:20.418972	u/PieceOfCringePie	flfpxac	u/Deer-frm-the-pool	flfjk3n	C	I
2020-03-25 01:21:21.601637	u/Spencyn	flfpxag	u/pantsRrad	fokjmv	S	I
2020-03-25 01:21:22.691370	u/I-am-TheMindBoggler	flfpxf6	u/Hunter0674	flfpwnn	C	N
2020-03-25 01:21:23.937511	u/konuia	flfpxh4	u/Joshadow11	foknoh	S	I
2020-03-25 01:21:25.020826	u/Martiddy	flfpxh8	u/NachoMemer	fleyfz0	C	N
2020-03-25 01:21:26.189509	u/FroFrom	flfpxki	u/CaptainWaffleIron	fokq8x	S	N
2020-03-25 01:21:27.329032	u/powlivyvsenaxui	flfpxm4	u/Adventurous_Guy	fojd9y	S	I
2020-03-25 01:21:28.413917	u/SaltysSalty	flfpxmc	u/Hamza5788the2nd	flfh3j8	C	I
2020-03-25 01:21:29.581420	u/sheek360	flfpxqo	u/CaptainWaffleIron	fokq8x	S	N
2020-03-25 01:21:31.897837	u/Supersaiyanblue12	flfpxt0	u/DuplicitousFox	focehp	S	N
2020-03-25 01:21:33.041555	u/8OO8135ssssss	flfpxtp	u/thequacksterishere	fojnoh	S	N
2020-03-25 01:21:34.198727	u/AutoModerator	flfpxtw	u/Apache2003	foks5p	S	N
2020-03-25 01:21:35.305354	u/AutoModerator	flfpxv3	u/BigPeepMan	foks5z	S	N
2020-03-25 01:21:36.386193	u/jac2kk	flfpxxu	u/woooshifudumb	flfp9nn	C	I
2020-03-25 01:21:37.570546	u/Magic176	flfpy1s	u/Magic176	fokrmv	S	I
2020-03-25 01:21:38.674330	u/FnaffanXD	flfpy1u	u/Kobalt_Clutterphuck	flfprz9	C	I
2020-03-25 01:21:39.754827	u/Hunter0674	flfpy1v	u/I-am-TheMindBoggler	flfpxf6	C	N
2020-03-25 01:21:40.840891	u/RepostSleuthBot	flfpy2e	u/MWC3	flfpuqt	C	N
2020-03-25 01:21:41.931079	u/RogueCipher11	flfpy2n	u/BlackVendaeta	flfebuc	C	I
2020-03-25 01:21:43.085495	u/AutoModerator	flfpy3f	u/okbuddyo	foks77	S	N
2020-03-25 01:21:44.245424	u/AutoModerator	flfpy4e	u/Future-Frost	foks7k	S	N
2020-03-25 01:21:45.357922	u/SnapshillBot	flfpy4o	u/BigPeepMan	foks5z	S	N
2020-03-25 01:21:46.425736	u/TatGuyBoi	flfpy4w	u/Bhawks489	flfpx01	C	N
2020-03-25 01:21:48.777178	u/theMeatman7	flfpy5i	u/AriLion16	fokg41	S	I
2020-03-25 01:21:51.052723	u/AutoModerator	flfpy6m	u/anuglyhuman	foks89	S	I
2020-03-25 01:21:52.137582	u/GameBlueJay	flfpy6q	u/rm4453	fleyn7a	C	N
2020-03-25 01:21:54.391177	u/Doll_Maker_00	flfpy96	u/LordJayfeather	flezr8q	C	I
2020-03-25 01:21:55.525232	u/kmurph72	flfpy9m	u/thequacksterishere	fojnoh	S	N
2020-03-25 01:21:56.643389	u/AutoModerator	flfpy9t	u/ava_g135	foks91	S	N
2020-03-25 01:21:57.779391	u/AutoModerator	flfpyfy	u/deadmurgi	foksao	S	N
2020-03-25 01:21:58.906920	u/IxTwinklexI	flfpygp	u/Jake-Tha-Dawg_	f0pzq7	S	N
2020-03-25 01:21:59.955438	u/ExpertAccident	flfpyjw	u/Datruedabking	flfpwlg	C	I
2020-03-25 01:22:01.057561	u/MemesMod	flfpyk4	u/deleted	foks5z	S	N
2020-03-25 01:22:02.176824	u/SnapshillBot	flfpykp	u/deadmurgi	foksao	S	N
2020-03-25 01:22:03.359077	u/SnapshillBot	flfpyo0	u/ava_g135	foks91	S	N
2020-03-25 01:22:04.429274	u/just-some-random-	flfpyqt	u/shepard_tsoni	flfpjg1	C	N
2020-03-25 01:22:05.741862	u/PricklyCactus2	flfpyrp	u/mrtibbs7	fokog3	S	I
2020-03-25 01:22:06.805822	u/Lazer45	flfpysg	u/mishmash444	flfpr75	C	I
2020-03-25 01:22:07.883870	u/guineaprince	flfpytk	u/vfcsghjdfgj	flfpnoy	C	N
2020-03-25 01:22:09.036232	u/KATH00L00	flfpyuc	u/OG-Dreadful	fokobk	S	N
2020-03-25 01:22:10.150385	u/SnapshillBot	flfpyvg	u/Future-Frost	foks7k	S	N
2020-03-25 01:22:11.889765	u/Eltruuu	flfpyz5	u/bbbBagger	fofct6	S	N
2020-03-25 01:22:12.932159	u/Xploiter_RBLX	flfpz2m	u/CalebAM4720	flfpvs2	C	I
2020-03-25 01:22:14.052896	u/Future-Frost	flfpz2w	u/Future-Frost	foks7k	S	N
2020-03-25 01:22:15.157377	u/AutoModerator	flfpz3u	u/cancerkink	foksew	S	N
2020-03-25 01:22:17.419657	u/SlikeSpitfire	flfpz4r	u/strangerth1ghs	fok9y4	S	N
2020-03-25 01:22:19.020278	u/blackeyhaze	flfpz9i	u/bbbBagger	fofct6	S	N
2020-03-25 01:22:20.123933	u/SnapshillBot	flfpzby	u/cancerkink	foksew	S	N
2020-03-25 01:22:22.086013	u/roasted_0reo	flfpzc8	u/Drix1942	fofiyq	S	N
2020-03-25 01:22:23.157506	u/AutoModerator	flfpzci	u/MCL_Malone	foksg3	S	N
2020-03-25 01:22:24.350135	u/klepto420	flfpzeg	u/worstusername_ever69	fokqq6	S	N
2020-03-25 01:22:25.656898	u/YeChapRichy	flfpzf9	u/Togo34	fohi1v	S	I
2020-03-25 01:22:26.751560	u/MemesMod	flfpzgo	u/okbuddyo	foks77	S	N
2020-03-25 01:22:27.816962	u/gl3n14dingus	flfpzh9	u/Bhawks489	flfpx01	C	N
2020-03-25 01:22:29.052195	u/Georgies-Boat	flfpzji	u/itzdacks	fofd6h	S	I
2020-03-25 01:22:30.638708	u/ehaley15	flfpzkc	u/mijuzz7	fodyp1	S	N
2020-03-25 01:22:31.764519	u/sheek360	flfpzmn	u/Mabus38	fokpvn	S	I
2020-03-25 01:22:32.808904	u/RepostSleuthBot	flfpzq0	u/MassiveGuzongas	flfpwt5	C	N
2020-03-25 01:22:34.591088	u/Zenoverge	flfpzrb	u/mijuzz7	fodyp1	S	N
2020-03-25 01:22:35.654144	u/ExpertAccident	flfpzuj	u/infamouszoggy	flfpvr2	C	I
2020-03-25 01:22:36.707875	u/juuliscuulinachuul	flfpzva	u/declandrury	flfjzgd	C	N
2020-03-25 01:22:37.793076	u/racerfree	flfpzx2	u/kiIIcharge	flfph8e	C	I
2020-03-25 01:22:38.974486	u/SnapshillBot	flfpzyy	u/MCL_Malone	foksg3	S	N
2020-03-25 01:22:40.037118	u/AriLion16	flfq013	u/theMeatman7	flfpy5i	C	I
2020-03-25 01:22:42.397765	u/Justwingingit07	flfq01c	u/ixythings	fokhy8	S	N
2020-03-25 01:22:43.498616	u/Huothar	flfq02x	u/IronEddie19	fokrol	S	I
2020-03-25 01:22:44.641861	u/psycopathic_loser	flfq043	u/CaptainWaffleIron	fokq8x	S	N
2020-03-25 01:22:46.847286	u/ginoawesomeness	flfq04o	u/YeahsureProbably	flfo5m5	C	I
2020-03-25 01:22:48.204635	u/I_hart_cats	flfq08i	u/Togo34	fohi1v	S	I
2020-03-25 01:22:49.236252	u/elevated_stonks	flfq097	u/the1andonly234	flfpw0c	C	N
2020-03-25 01:22:51.459949	u/longlivestheking	flfq0en	u/AhsokaLived	flfk7z2	C	I
2020-03-25 01:22:52.580457	u/WatchfulSister	flfq0fr	u/Mark-SuckoBerg	fokfbd	S	I
2020-03-25 01:22:53.656547	u/justokjames	flfq0mv	u/racerfree	flfmfq8	C	I
2020-03-25 01:22:54.772553	u/ExpertAccident	flfq0p6	u/MCL_Malone	foksg3	S	N
2020-03-25 01:22:56.105583	u/Northern_Media	flfq0pp	u/ObamaJackedMyVCR	fohx97	S	I
2020-03-25 01:22:57.933074	u/danbo_the_manbo	flfq0py	u/Cachuchotas	fofxko	S	I
2020-03-25 01:22:59.141771	u/F69420	flfq0q0	u/Alexis-Aparicio	foi5ld	S	I
2020-03-25 01:23:00.230002	u/misswilwarin	flfq0qi	u/DistinctHyena	fokq71	S	N
2020-03-25 01:23:01.523985	u/Casual_gamer42069	flfq0qr	u/ObamaJackedMyVCR	fohx97	S	I
2020-03-25 01:23:02.690281	u/abductedpeanut	flfq0rk	u/Potter_Pegasus	fojgsd	S	N
2020-03-25 01:23:03.776416	u/sh_t72	flfq0v0	u/IronEddie19	fokrol	S	I
2020-03-25 01:23:04.816833	u/_1PoopyBoi_	flfq0xg	u/Memiky_sk	fiktcug	C	N
2020-03-25 01:23:06.061893	u/A-jellyfhish	flfq0ym	u/Pedrica1	fohw0q	S	N
2020-03-25 01:23:07.895162	u/OMPOmega	flfq103	u/inslatafresca_	fof5i8	S	N
2020-03-25 01:23:10.870729	u/letsexplorereddit	flfq13d	u/Drix1942	fofiyq	S	N
2020-03-25 01:23:11.916168	u/AutoModerator	flfq143	u/Stkwelder	foksrt	S	N
2020-03-25 01:23:12.994942	u/AutoModerator	flfq15l	u/Anarking64	foksrz	S	I
2020-03-25 01:23:14.036856	u/BeingTheBest101	flfq166	u/Yusuri-San	flfnxp3	C	N
2020-03-25 01:23:15.210520	u/ultrasin	flfq176	u/New_Welcome	fokh16	S	I
2020-03-25 01:23:16.323623	u/racerfree	flfq17p	u/sceno_br4k3r	flfpx17	C	I
2020-03-25 01:23:17.356645	u/PancakeStack654	flfq18a	u/raidernation69420	flffg8x	C	I
2020-03-25 01:23:19.099140	u/lost_talents	flfq19z	u/Cachuchotas	fofxko	S	I
2020-03-25 01:23:21.323182	u/danielazevedp	flfq1ak	u/Eli_pixelman	flf5dag	C	I
2020-03-25 01:23:23.526751	u/TOOutten	flfq1df	u/xMemeMachine128x	flek8rk	C	I
2020-03-25 01:23:26.055445	u/Derppydong	flfq1dw	u/New_Welcome	fodark	S	I
2020-03-25 01:23:27.127484	u/SnapshillBot	flfq1dy	u/Anarking64	foksrz	S	I
2020-03-25 01:23:28.283790	u/SnapshillBot	flfq1hz	u/Stkwelder	foksrt	S	N
2020-03-25 01:23:29.344955	u/MagicHeart2003	flfq1lw	u/fleshy_wetness	fokngu	S	N
2020-03-25 01:23:32.545507	u/tacolemons	flfq1qn	u/secondhandsisters	fobcb0	S	N
2020-03-25 01:23:33.521017	u/racerfree	flfq1qz	u/justokjames	flfq0mv	C	I
2020-03-25 01:23:34.713317	u/UD_1680	flfq1s0	u/Magic176	fokrmv	S	I
2020-03-25 01:23:35.712169	u/klepto420	flfq1t9	u/misswilwarin	flfq0qi	C	N
2020-03-25 01:23:36.793356	u/sheek360	flfq1td	u/RusticRock	fokpt0	S	N
2020-03-25 01:23:38.037468	u/A_really_dumb_person	flfq1x7	u/angryburrito193	fogp6c	S	N
2020-03-25 01:23:39.082414	u/AutoModerator	flfq1xm	u/rightisleft512	foksxd	S	N
2020-03-25 01:23:40.099829	u/deReluctantKing	flfq22u	u/QRquick	flfplli	C	N
2020-03-25 01:23:42.220475	u/Datruedabking	flfq28g	u/ExpertAccident	flfpyjw	C	I
2020-03-25 01:23:43.281331	u/kiIIcharge	flfq28h	u/racerfree	flfpzx2	C	I
2020-03-25 01:23:44.384057	u/ExpertAccident	flfq2ak	u/TatGuyBoi	fokrh4	S	N
2020-03-25 01:23:45.610251	u/Darkstar_010	flfq2fp	u/Alexis-Aparicio	foi5ld	S	I
2020-03-25 01:23:46.702214	u/boot-san1	flfq2g1	u/DustCry	fok1sy	S	N
2020-03-25 01:23:48.858356	u/AlbertXFish	flfq2g9	u/Aggieboy1444	flfpef9	C	I
2020-03-25 01:23:51.070671	u/kipklane	flfq2ik	u/Synoxal	flebcvi	C	I
2020-03-25 01:23:52.082174	u/HendrixDaBoi	flfq2iv	u/Mastrful1	flezci0	C	N
2020-03-25 01:23:53.206037	u/Daikaji	flfq2jd	u/depressedkid1233	fokggt	S	N
2020-03-25 01:23:54.766642	u/therealavrey	flfq2k0	u/bbbBagger	fofct6	S	N
2020-03-25 01:23:55.761213	u/Eli_pixelman	flfq2nr	u/danielazevedp	flfq1ak	C	I
2020-03-25 01:23:56.784445	u/Static0613	flfq2rd	u/Kaliso-man	flfos7c	C	I
2020-03-25 01:23:57.852193	u/robin_joker	flfq2wi	u/VanillaNyx	fokf0e	S	I
2020-03-25 01:23:59.351038	u/DareDanieI	flfq2yv	u/mickiokai	fo8jmw	S	N
2020-03-25 01:24:01.440560	u/declandrury	flfq2zw	u/juuliscuulinachuul	flfpzva	C	I
2020-03-25 01:24:02.785519	u/just-a-dude69	flfq31x	u/AndersRL	fof4mz	S	N
2020-03-25 01:24:03.874562	u/AutoModerator	flfq34e	u/RONaldo_DMC	fokt74	S	N
2020-03-25 01:24:04.930835	u/swerzy206	flfq34q	u/Smoke4731	fokms9	S	N
2020-03-25 01:24:05.931647	u/just-some-random-	flfq368	u/666HALLOWED666	flfprud	C	N
2020-03-25 01:24:07.029769	u/Xx_Dweeb_xX	flfq387	u/Anarking64	foksrz	S	I
2020-03-25 01:24:09.448928	u/Mrpot8to	flfq39r	u/Longbeacher707	fog8m6	S	I
2020-03-25 01:24:10.523362	u/MemesMod	flfq3c3	u/Anarking64	foksrz	S	I
2020-03-25 01:24:11.523594	u/RepostSleuthBot	flfq3gk	u/A-jellyfhish	flfq0ym	C	N
2020-03-25 01:24:12.589752	u/AutoModerator	flfq3hk	u/Thomas_B_Killen	fokt9x	S	N
2020-03-25 01:24:13.583957	u/Martiddy	flfq3i3	u/RylanPrime	fleqeq7	C	N
2020-03-25 01:24:14.623529	u/SnapshillBot	flfq3ir	u/RONaldo_DMC	fokt74	S	N
2020-03-25 01:24:15.683252	u/AutoModerator	flfq3j6	u/GR1DPAPeR	fokta8	S	N
2020-03-25 01:24:17.471062	u/MrCheggersPartyQuiz	flfq3k1	u/Cachuchotas	fofxko	S	I
2020-03-25 01:24:19.559289	u/TatGuyBoi	flfq3ml	u/ExpertAccident	flfq2ak	C	I
2020-03-25 01:24:20.555092	u/BoomBug	flfq3ox	u/colbywankenobi0	flfprhp	C	N
2020-03-25 01:24:21.633667	u/AutoModerator	flfq3u8	u/angkorjones	foktc0	S	N
2020-03-25 01:24:22.708873	u/green_lean_peen	flfq3uz	u/HeroOfTheWWII	fogxtq	S	N
2020-03-25 01:24:23.769529	u/SnapshillBot	flfq3y8	u/angkorjones	foktc0	S	N
2020-03-25 01:24:25.857486	u/Tackerta	flfq3z8	u/The_Real_Hapsburg	flf6exo	C	I
2020-03-25 01:24:27.067122	u/arvis03	flfq40c	u/filipo_ltd	foc981	S	I
2020-03-25 01:24:28.136598	u/MemesMod	flfq41i	u/angkorjones	foktc0	S	N
2020-03-25 01:24:30.236599	u/XDLAv5	flfq422	u/Spencyn	flfpxag	C	I
2020-03-25 01:24:31.301088	u/hacksacks	flfq426	u/XxANONYMOUS_SniperXx	fokquo	S	N
2020-03-25 01:24:32.345345	u/SnapshillBot	flfq42f	u/Thomas_B_Killen	fokt9x	S	N
2020-03-25 01:24:33.416170	u/lvl100mafia_boss	flfq43w	u/Neo_The_bluepill_One	fokdd7	S	N
2020-03-25 01:24:34.440042	u/fualtyzane	flfq45d	u/goddamn_shit_waffle	flfmpv2	C	N
2020-03-25 01:24:35.426520	u/Storiaron	flfq45f	u/slambamgonnacam	flf8m7h	C	N
2020-03-25 01:24:36.514669	u/PickButtkins	flfq45q	u/ChristianCountryBoy	fokg19	S	N
2020-03-25 01:24:37.800335	u/TheBreadCrumb6969	flfq45w	u/Mydiddlydarnitdude	foci45	S	N
2020-03-25 01:24:38.769153	u/Lazer45	flfq47a	u/Spencyn	flfpr7l	C	I
2020-03-25 01:24:39.856631	u/Flashyshooter	flfq47f	u/SillyNoodle7	fo3ke2	S	I
2020-03-25 01:24:40.928497	u/GustavoCampana	flfq47o	u/cameroo_n	fokhsd	S	N
2020-03-25 01:24:42.086978	u/Georgies-Boat	flfq48f	u/Alexis-Aparicio	foi5ld	S	I
2020-03-25 01:24:43.106471	u/robin_joker	flfq4a8	u/t00tsandb00ts	fokezy	S	N
2020-03-25 01:24:44.098375	u/danielazevedp	flfq4af	u/Eli_pixelman	flfq2nr	C	I
2020-03-25 01:24:46.164360	u/IxTwinklexI	flfq4co	u/Av1choudhary	flfomuo	C	N
2020-03-25 01:24:47.914672	u/YoungPhoooo	flfq4di	u/Drix1942	fofiyq	S	N
2020-03-25 01:24:48.991549	u/someone-random2007	flfq4fr	u/DaDerpyDog	foef17	S	N
2020-03-25 01:24:50.138763	u/Tonydethjr	flfq4ij	u/Alexis-Aparicio	foi5ld	S	I
2020-03-25 01:24:52.190829	u/Smoke4731	flfq4m3	u/swerzy206	flfq34q	C	I
2020-03-25 01:24:53.164764	u/Newt_Memes-	flfq4vu	u/YungDany	flfojaa	C	N
2020-03-25 01:24:54.151650	u/Rein_Maker	flfq4vw	u/HitlersTeddyBear	flfiy9x	C	I
2020-03-25 01:24:55.242801	u/Solomon_isedgy	flfq4x8	u/Solomon_isedgy	fojvb7	S	I
2020-03-25 01:24:57.234284	u/pablohelmbrecht123	flfq52b	u/jayboss101	flf8uhu	C	I
2020-03-25 01:24:58.253558	u/Honorius1991	flfq53n	u/redditfag66	foipqd	S	I
2020-03-25 01:24:59.298851	u/MrDarkAvacado	flfq56l	u/the_friendly_one	flfpic4	C	N
2020-03-25 01:25:00.734248	u/BillyDePig	flfq5ad	u/buhoo115	fogibz	S	N
2020-03-25 01:25:02.548370	u/KnavishManateeX	flfq5bo	u/Cachuchotas	fofxko	S	I
2020-03-25 01:25:04.055154	u/supersonic767	flfq5c2	u/bbbBagger	fofct6	S	N
2020-03-25 01:25:06.961107	u/KomradeEli	flfq5dk	u/secondhandsisters	fobcb0	S	N
2020-03-25 01:25:07.859567	u/imfricknawkward1031	flfq5ed	u/UnKnOwNLIKER	flfp6ho	C	N
2020-03-25 01:25:08.860927	u/pranksterman55	flfq5eq	u/boot-san1	flfq2g1	C	I
2020-03-25 01:25:10.889911	u/disappointedtaci	flfq5fu	u/crunchy_crop	flf7gn0	C	I
2020-03-25 01:25:11.862090	u/NI6MA	flfq5ht	u/mschk01	fldu850	C	N
2020-03-25 01:25:13.120749	u/Lunny1767	flfq5np	u/ObamaJackedMyVCR	fohx97	S	I
2020-03-25 01:25:14.285635	u/YeChapRichy	flfq5o3	u/filipo_ltd	foc981	S	I
2020-03-25 01:25:15.249046	u/fualtyzane	flfq5oz	u/PoliticalCorrectguy	flfm23b	C	N
2020-03-25 01:25:17.312828	u/AutoModerator	flfq5p3	u/thedecid34	foktnl	S	N
2020-03-25 01:25:18.306358	u/ThePuunSmasher6969	flfq5sa	u/ExpertAccident	flfq0p6	C	I
2020-03-25 01:25:19.328112	u/AutoModerator	flfq5t5	u/RedgrumGrinboldt	foktod	S	N
2020-03-25 01:25:21.331274	u/colbywankenobi0	flfq5tx	u/BoomBug	flfq3ox	C	I
2020-03-25 01:25:22.394175	u/sheek360	flfq5y9	u/mrtibbs7	fokog3	S	I
2020-03-25 01:25:24.413097	u/hey-now-your-an	flfq5yr	u/08110000	flexl3j	C	I
2020-03-25 01:25:25.429292	u/AutoModerator	flfq5yy	u/rightisleft512	foktp4	S	N
2020-03-25 01:25:26.395409	u/YeahsureProbably	flfq66u	u/ginoawesomeness	flfq04o	C	I
2020-03-25 01:25:29.595424	u/ANormie_j	flfq67j	u/secondhandsisters	fobcb0	S	N
2020-03-25 01:25:30.531036	u/SnapshillBot	flfq67l	u/rightisleft512	foktp4	S	N
2020-03-25 01:25:31.539418	u/SSJkakarrot	flfq689	u/Mabus38	fokpvn	S	I
2020-03-25 01:25:33.589779	u/ObjectivePosition8	flfq69l	u/Predator_Hicks	flfb5g6	C	I
2020-03-25 01:25:34.583726	u/AutoModerator	flfq6cu	u/slayer_cxx	foktio	S	N
2020-03-25 01:25:36.416971	u/--pancake	flfq6d5	u/inslatafresca_	fof5i8	S	N
2020-03-25 01:25:37.385678	u/SnapshillBot	flfq6dn	u/RedgrumGrinboldt	foktod	S	N
2020-03-25 01:25:38.500576	u/OldManMulligan	flfq6ep	u/Alexis-Aparicio	foi5ld	S	I
2020-03-25 01:25:39.471276	u/SnapshillBot	flfq6fi	u/thedecid34	foktnl	S	N
2020-03-25 01:25:40.406133	u/QuickGold23	flfq6gr	u/boot-san1	flfq2g1	C	I
2020-03-25 01:25:43.302816	u/UlTrAzYT	flfq6hi	u/secondhandsisters	fobcb0	S	N
2020-03-25 01:25:45.327332	u/Av1choudhary	flfq6kb	u/IxTwinklexI	flfq4co	C	I
