2020-03-23 05:00:03.886108	u/tineknight	fl9f9a8	u/Ao1Yamada	fl967od	C
2020-03-23 05:00:12.105553	u/brawldiepie	fl9f9er	u/YummyAdamai	fl9f81d	C
2020-03-23 05:00:28.683179	u/Timbo-bimbo-69	fl9f9x1	u/casperhammer_12	fl9f9bd	C
2020-03-23 05:00:47.486302	u/Nothing_is_simple	fl9fa9b	u/NoodleSaidSo	fl8ea3c	C
2020-03-23 05:01:09.590628	u/TheLatitude	fl9fazt	u/akontonasakis	fl9eetq	C
2020-03-23 05:01:17.386525	u/XcN_AntiMage	fl9fb35	u/toiletpaperpass	fl9emx7	C
2020-03-23 05:01:20.834373	u/xx_deded_xx	fl9fb40	u/michael128141	fl970aq	C
2020-03-23 05:01:36.196624	u/iLuvMaryjane420	fl9fbfe	u/Bobsatk	fl9elhi	C
2020-03-23 05:01:53.606718	u/danihol1234	fl9fbk9	u/PartyBarnacle420	fl8tg41	C
2020-03-23 05:02:15.401869	u/J03S_mY_n4M3	fl9fc1f	u/Xploiter_RBLX	fl8y0i6	C
2020-03-23 05:02:17.628027	u/LadyBugLissa55	fl9fc1n	u/akontonasakis	fl9eetq	C
2020-03-23 05:02:51.116167	u/-----------1283	fl9fcvc	u/Gubq	fl5lg0s	C
2020-03-23 05:03:04.569055	u/Drago_29	fl9fdm3	u/Meta-Knight-Main	fl96rph	C
2020-03-23 05:03:08.722179	u/Pharrzide47	fl9fdpv	u/JovialJem	fl9ey1v	C
2020-03-23 05:03:16.300726	u/zackeads1	fl9fdto	u/GERMA90	fl97n2k	C
2020-03-23 05:03:23.574683	u/Trash82	fl9fe0x	u/michael128141	fl970aq	C
2020-03-23 05:03:39.524400	u/LilPandan	fl9felr	u/Kodeine__Bryant	fl97uzy	C
2020-03-23 05:03:52.003152	u/yann_the_man	fl9fett	u/Xploiter_RBLX	fl8uocs	C
2020-03-23 05:04:09.421950	u/Nukito_	fl9ff5f	u/dhelle003	fl9aojv	C
2020-03-23 05:04:25.444849	u/RepulsivePurchase6	fl9ffic	u/the_zerg_rusher	fl9ch8o	C
2020-03-23 05:04:49.008921	u/Darth_Pengu	fl9ffyc	u/it_wooden_whistle	fl5h5k0	C
2020-03-23 05:04:51.082526	u/Amybbee	fl9ffyy	u/memer-time	fl9bvpw	C
2020-03-23 05:04:53.098092	u/Lekh27	fl9ffyz	u/Ice-Bear2000332	fl95hq7	C
2020-03-23 05:05:15.025699	u/Iamdelyano	fl9fgcz	u/AutoModerator	fl8t16t	C
2020-03-23 05:05:39.699102	u/AtXmicDaRk	fl9fgsf	u/Xploiter_RBLX	fl8uocs	C
2020-03-23 05:05:49.166810	u/help-me-plz101	fl9fgy1	u/Meta-Knight-Main	fl96rph	C
2020-03-23 05:05:54.668423	u/i_like_turtles_0614	fl9fh7t	u/leaderofthevirgins	fl8szla	C
2020-03-23 05:05:56.565792	u/Freshzero	fl9fh81	u/rainbow227kitty	fl8tfnc	C
2020-03-23 05:06:07.085435	u/noonpe	fl9fh9k	u/KOALAMORTO	fl9eiip	C
2020-03-23 05:06:10.700573	u/Wet-Spaghett	fl9fhdz	u/yann_the_man	fl9fett	C
2020-03-23 05:06:53.889146	u/Heroinfluenzer	fl9g9h7	u/StrikingMinion	fl9eqtx	C
2020-03-23 05:07:03.284552	u/RohnekKdosi	fl9g9og	u/RepostSleuthBot	fl9fw2o	C
2020-03-23 05:07:20.396606	u/poordesicionmaker	fl9ga11	u/Meta-Knight-Main	fl96rph	C
2020-03-23 05:07:36.029678	u/rpacheco20	fl9gall	u/CoOkIE_MoNstEr---	fl9g9dp	C
2020-03-23 05:07:39.097674	u/RohnekKdosi	fl9gan3	u/anotherdepresedkid	fl9eqhv	C
2020-03-23 05:07:41.427932	u/sparepartz71	fl9ganv	u/hitlerslefttesti	fl9ejay	C
2020-03-23 05:07:48.953322	u/Weak_Tomato	fl9gar8	u/RohnekKdosi	fl9g2dm	C
2020-03-23 05:08:01.164287	u/PRA0021	fl9gavb	u/FiveSevenUSG	fl9g7mh	C
2020-03-23 05:08:16.056506	u/rapistforhire1999	fl9gbbp	u/punkmaster69	fl9ga5x	C
2020-03-23 05:08:23.751935	u/K0TIS	fl9gbi3	u/Xploiter_RBLX	fl84ie2	C
2020-03-23 05:08:25.210100	u/FlashyButterscotch	fl9gbjc	u/NovelCockVirus	fl8t3h0	C
2020-03-23 05:08:34.527419	u/DaniDork	fl9gbke	u/FBI_Agent_82	fl8719r	C
2020-03-23 05:08:54.247618	u/lazynes	fl9gbyt	u/rpacheco20	fl9fw5i	C
2020-03-23 05:09:00.013445	u/igorrto2	fl9gc8f	u/wolfenyeager	fl9b2e0	C
2020-03-23 05:09:01.230819	u/Ark-Physics	fl9gc8p	u/_ALPHAMALE_	fl9fwc1	C
2020-03-23 05:09:02.390433	u/ElonMeester	fl9gc9w	u/Xploiter_RBLX	fl8uocs	C
2020-03-23 05:09:12.077564	u/love-song-hater	fl9gcnj	u/swiggityswoater	fl9fik3	C
2020-03-23 05:09:27.272223	u/R_edd_itor_9	fl9gcy0	u/comerade-elmo	fl90976	C
2020-03-23 05:09:33.037161	u/CaledonianWarrior	fl9gdc9	u/Random_Metroid_Fan	fl9gbz2	C
2020-03-23 05:09:48.739208	u/AbominableSnowDog	fl9gdgj	u/kahlix	fl9f5r1	C
2020-03-23 05:09:49.961729	u/Nicknotname2	fl9gdjo	u/lanhimr	fl96fj1	C
2020-03-23 05:09:52.402794	u/Jowzef	fl9gdp6	u/Uc59P	fl99nfj	C
2020-03-23 05:09:57.668844	u/GuyCalledRo	fl9gdwt	u/AmericaFirst2004	fl96hku	C
2020-03-23 05:09:58.051087	u/EV4gamer	fl9gdyj	u/jan1000000	fl9fgb2	C
2020-03-23 05:09:59.145062	u/FurryTheCrow	fl9ge22	u/eLynxz	fl9eg1b	C
2020-03-23 05:09:59.500733	u/_peepeepoopoo_6969	fl9ge2e	u/paladin_6	fl8ljpc	C
2020-03-23 05:10:11.820817	u/Ocus_san	fl9geba	u/AlainaGo	fl96vkc	C
2020-03-23 05:10:14.163717	u/Julian4444	fl9geby	u/spinelisbeast	fl5tl4p	C
2020-03-23 05:10:18.986469	u/yoiiot	fl9gedt	u/jojopeterjohn	fl94gkd	C
2020-03-23 05:10:27.970971	u/Avyspa	fl9gekc	u/DonutOlympian	fl6i66s	C
2020-03-23 05:11:02.696863	u/adn_sk	fl9gf05	u/rayman9076	fl8tyki	C
2020-03-23 05:11:11.412458	u/PumJum	fl9gfam	u/Gubq	fl5lg0s	C
2020-03-23 05:11:23.180734	u/PumJum	fl9gfix	u/Wheel31	fl5790b	C
2020-03-23 05:12:12.225436	u/iRizuri	fl9ggi8	u/uptousflamey	fl8navs	C
2020-03-23 05:12:25.198723	u/delmelgibs	fl9ggv0	u/THE-I-GAMING	fl8g0mi	C
2020-03-23 05:12:28.387764	u/WaluigiWa68419	fl9ggwz	u/Cyndiac731	fl8km7g	C
2020-03-23 05:12:38.549744	u/WaluigiWa68419	fl9ghaw	u/WaluigiWa68419	fl9ggwz	C
2020-03-23 05:13:01.704736	u/dooperlooper12	fl9ghnu	u/dwehlen	fl9f9b3	C
2020-03-23 05:13:15.537974	u/dooperlooper12	fl9ghza	u/guacatmole	fl9dlg7	C
2020-03-23 05:13:18.948561	u/Neck_bo	fl9gi08	u/imi2559	fl97gu1	C
2020-03-23 05:13:25.085286	u/Walmart_kid64	fl9gi5p	u/JAZZZZ13	fl9dvj2	C
2020-03-23 05:13:27.132945	u/dooperlooper12	fl9gi6q	u/guacatmole	fl9dk92	C
2020-03-23 05:13:34.581937	u/D-Celestial	fl9gibj	u/PlzButterMeUp	fl95ycn	C
2020-03-23 05:13:59.326642	u/mario_991	fl9gimn	u/rapistforhire1999	fl9gbbp	C
2020-03-23 05:14:04.315475	u/tizianrein	fl9git1	u/ARNisUsername	fl8kp3i	C
2020-03-23 05:14:18.420485	u/mimiboi3000	fl9gj21	u/verygroot1	fl8t58h	C
2020-03-23 05:14:46.155532	u/bullenis	fl9gjmk	u/rainbow227kitty	fl8ua3m	C
2020-03-23 05:14:49.105474	u/ChaosisLove	fl9gjqm	u/GoatyMcGoatFace7	fl9g2b3	C
2020-03-23 05:14:52.226762	u/pinokio-will-conquer	fl9gju4	u/guacatmole	fl9dlg7	C
2020-03-23 05:15:03.582965	u/How_To_Confused	fl9gk0w	u/Ice-Bear2000332	fl94g5g	C
2020-03-23 05:15:11.527161	u/AppropriateTomato8	fl9gkd8	u/PrimeBoxTTV	fl98k6a	C
2020-03-23 05:15:13.467989	u/TheCerberuus751	fl9gkdj	u/OnionRights	fl949qt	C
2020-03-23 05:15:33.241641	u/Tsairs	fl9gklm	u/Meta-Knight-Main	fl96rph	C
2020-03-23 05:15:52.602647	u/RockGTR	fl9gl1v	u/tillhop19	fl9fmfj	C
2020-03-23 05:15:58.239542	u/Aidan1111119	fl9gl4p	u/FiveSevenUSG	fl9gdln	C
2020-03-23 05:16:11.759601	u/Clashboy15	fl9glct	u/paperplane09	fl9d8yi	C
2020-03-23 05:16:28.173172	u/420bake	fl9gltt	u/TheDiabeticGuy	fl91ufi	C
2020-03-23 05:16:45.647878	u/tooncorbi	fl9gm6x	u/Air_wick_oda_spreyi	fl9gk2x	C
2020-03-23 05:17:02.705710	u/Brave-Towel	fl9gmn9	u/Concordia_chaos	fl9g4e2	C
2020-03-23 05:17:10.090740	u/XFlameBrawlStars	fl9gmyj	u/ceooftheFBI	fl9d7pe	C
2020-03-23 05:17:15.447378	u/OrnageMadness141	fl9gn2h	u/rainwatereyes1	fl7qo4t	C
2020-03-23 05:17:51.237922	u/Scottish_Tattie	fl9gnlr	u/Ark-Physics	fl9gc8p	C
2020-03-23 05:17:54.341793	u/notmanganese	fl9gnsb	u/AKA_Dr_AquaFresh	fl9b7fo	C
2020-03-23 05:17:59.324314	u/Soviet-Chungus	fl9gnxp	u/Aduritor	fl972no	C
2020-03-23 05:18:05.083073	u/stup1db4nana	fl9go1t	u/JovialJem	fl9ey1v	C
2020-03-23 05:18:14.399179	u/Vessel9000	fl9goae	u/SuccM3Sid3ways	fl9c7hj	C
2020-03-23 05:18:17.290854	u/your_pal_crow	fl9goc2	u/m4a1pewpew	fl9gfni	C
2020-03-23 05:18:25.801857	u/popingxanax	fl9goi6	u/StreetsOfRogue_h4xor	fl8dxm0	C
2020-03-23 05:18:39.909296	u/ShidooSaan	fl9gopr	u/Char_lie13	fl999th	C
2020-03-23 05:18:42.480323	u/thefireducky	fl9goqa	u/sbeve_for_president	fl6wg00	C
2020-03-23 05:18:43.695016	u/Panyboy	fl9goqg	u/Xploiter_RBLX	fl8wlpb	C
2020-03-23 05:18:45.993948	u/ToastyTyphlosion157	fl9gorl	u/WinterGhost4729	fl9a0s3	C
2020-03-23 05:18:52.428256	u/craigcrack64	fl9gp13	u/Mystic_Nemesis	fl9dmwv	C
2020-03-23 05:19:11.544321	u/Loperdavis	fl9gpgw	u/Battlebox0	fl7m28c	C
2020-03-23 05:19:12.556726	u/JollyMingtingTDM	fl9gpil	u/AutoModerator	fl9g4bo	C
2020-03-23 05:19:36.409403	u/JollyMingtingTDM	fl9gq6q	u/AutoModerator	fl9gmk4	C
2020-03-23 05:19:53.106406	u/JollyMingtingTDM	fl9gqv8	u/plshave69	fl5rnef	C
2020-03-23 05:19:54.237098	u/Ollie_summer	fl9gqwt	u/Kind-Pop	fl3zlqu	C
2020-03-23 05:19:58.268977	u/Ilovedoggoverymuch	fl9gr85	u/Alelpal	fl9f9xt	C
2020-03-23 05:20:46.067011	u/HelpMe123456788	fl9gs64	u/Xploiter_RBLX	fl7ai7z	C
2020-03-23 05:21:08.225427	u/shitson1310	fl9gsjb	u/fualtyzane	fl94oge	C
2020-03-23 05:21:10.509320	u/FraSkywalker	fl9gsk8	u/YinuSWinneR	fl99shm	C
2020-03-23 05:21:24.759395	u/MisterMeatBall1	fl9gsu7	u/icaughtdemall	fl8lp8e	C
2020-03-23 05:21:27.021603	u/pif716	fl9gsup	u/ZeroFourZura	fl9dz2z	C
2020-03-23 05:21:49.269609	u/Yeetlikeskeet	fl9gt6v	u/yourmomhehehehehe	fl9equl	C
2020-03-23 05:21:57.776102	u/BradLamar10	fl9gtf3	u/RampartScandal	fl9gkig	C
2020-03-23 05:22:21.810945	u/Lightning-Tells	fl9gtx6	u/ComeNConquerMe	fl9dfc2	C
2020-03-23 05:22:45.594512	u/IamGrootchie	fl9gudq	u/Xploiter_RBLX	fl8us0z	C
2020-03-23 05:22:53.920099	u/JimmyRJH	fl9guoh	u/dooperlooper12	fl9ghnu	C
2020-03-23 05:23:08.890690	u/urmum137	fl9gurk	u/mgcNoShoot	fl7un7s	C
2020-03-23 05:23:17.881083	u/Fast_car_freak	fl9guy2	u/Asket-	fl9gsa0	C
2020-03-23 05:23:19.967203	u/tafffffff	fl9guyq	u/RepostSleuthBot	fl9f6py	C
2020-03-23 05:23:35.748212	u/Noesk	fl9gva6	u/rainbow227kitty	fl8ua3m	C
2020-03-23 05:24:11.536443	u/decentbeast	fl9gwej	u/Kirbyclaimspoyo	fl8qas7	C
2020-03-23 05:24:13.575526	u/BestMemeLord	fl9gweu	u/Domtrom01	fl7xsnd	C
2020-03-23 05:24:19.008792	u/VietnameseMemer	fl9gwig	u/AutoModerator	fl928fr	C
2020-03-23 05:24:22.129240	u/Redreaper737	fl9gwji	u/KasturiPingBagiAis	fl9f52j	C
2020-03-23 05:24:43.126110	u/Lebowski401	fl9gx0i	u/I_like_the_abuse	fl83lq5	C
2020-03-23 05:24:52.972774	u/Lord_Darklight	fl9gx7h	u/Lets_Yeet_Bois	fl9fwsd	C
2020-03-23 05:25:03.634352	u/tafffffff	fl9gxiz	u/niqniqniq	fl6lq96	C
2020-03-23 05:25:14.542023	u/Lienshi	fl9gxuc	u/Plobisthebest	fl9eytq	C
2020-03-23 05:25:17.442012	u/whynothavesomereveng	fl9gxut	u/YanLasagna	fl99ad4	C
2020-03-23 05:25:33.721349	u/LatkoMaster	fl9gy4j	u/AutoModerator	fl9esyl	C
2020-03-23 05:25:46.670402	u/IneverHadAName	fl9gy8w	u/updooter69420	fl9btrb	C
2020-03-23 05:26:16.143135	u/Bloodrush19405	fl9gytg	u/habbnn	fl80lps	C
2020-03-23 05:26:24.936064	u/LatkoMaster	fl9gyxb	u/RepostSleuthBot	fl9gwvh	C
2020-03-23 05:26:26.679984	u/CuteBoy25	fl9gyzx	u/dovedevic	fl2izeo	C
2020-03-23 05:26:46.764702	u/NHK21506	fl9gzgs	u/Random_Metroid_Fan	fl9e17q	C
2020-03-23 05:26:50.983118	u/Abyss_walker56	fl9gzn7	u/defaultgarlicbread	fl9g7zt	C
2020-03-23 05:26:55.086085	u/Sevag2018	fl9gzpo	u/TheTank18	fl90lt4	C
2020-03-23 05:27:01.146784	u/Playerone-NL	fl9gzvd	u/happyquasont	fl83iew	C
2020-03-23 05:27:29.495536	u/ZCheekyCheese	fl9h0nj	u/AutoModerator	fl8um1x	C
2020-03-23 05:27:46.530354	u/lilsoy_sauce	fl9h1a0	u/RepostSleuthBot	fl9exz8	C
2020-03-23 05:28:10.071280	u/razboy022	fl9h1ps	u/Fir3mast3r55	fl8bmqx	C
2020-03-23 05:28:14.395514	u/jakeclulo	fl9h1qo	u/kyllsome	fl9f5ly	C
2020-03-23 05:28:17.355444	u/ZeddoWithHammer	fl9h1vp	u/memey-boi099	fl8qqhe	C
2020-03-23 05:28:19.577975	u/scx10_xj	fl9h1x0	u/destroyerx230x	fl9fsk9	C
2020-03-23 05:28:25.382574	u/wheresthebloodyches	fl9h25o	u/Ultra_Weaboo	fl5ifgw	C
2020-03-23 05:28:28.724911	u/Jonno55	fl9h27f	u/CommandJ21	fl8kox2	C
2020-03-23 05:28:35.905727	u/-_kori_-	fl9h2hw	u/Nerdy_Pasta	fl8ollq	C
2020-03-23 05:28:52.885784	u/GentleKyojin	fl9h2u1	u/AutoModerator	fl90625	C
2020-03-23 05:28:56.868902	u/Kicore0257	fl9h30y	u/WhiteWolfSV	fl9fyth	C
2020-03-23 05:29:21.938399	u/azzyscoper	fl9h3r5	u/dooperlooper12	fl9ghza	C
2020-03-23 05:29:40.040512	u/A_very_meriman	fl9h4ho	u/hentai_bender	fl9f18r	C
2020-03-23 05:29:42.582336	u/GreedyTaco8098	fl9h4ko	u/AdrianHD80	fl90qhz	C
2020-03-23 05:29:45.342919	u/Baitrix	fl9h4ox	u/yungboyjadler	fl9d7t4	C
2020-03-23 05:29:51.664681	u/Obsidian_human	fl9h549	u/sum1gamer	fl96e3t	C
2020-03-23 05:29:56.556833	u/RomanusStijkelvarken	fl9h5fs	u/PastryFox	fl9dm0y	C
2020-03-23 05:29:59.107996	u/Weird_af	fl9h5kx	u/kahlix	fl9f7oz	C
2020-03-23 05:30:52.327897	u/AndrewFelipe	fl9h6yq	u/Kicore0257	fl9gzwk	C
2020-03-23 05:31:05.199047	u/TheChunkyBoi69	fl9h78n	u/Meta-Knight-Main	fl96rph	C
2020-03-23 05:31:25.512894	u/D1LD0_SL4Y3R	fl9h7ox	u/yungboyjadler	fl9gq32	C
2020-03-23 05:32:12.061683	u/SaltyMonkey324	fl9h8xv	u/buzzboy502	fl98kmd	C
2020-03-23 05:32:14.283478	u/BilalAh07	fl9h8xx	u/Xploiter_RBLX	fl86zjx	C
2020-03-23 05:32:24.109633	u/aral0	fl9h98g	u/eLynxz	fl9eg1b	C
2020-03-23 05:32:28.650949	u/RedRassberry11	fl9h9al	u/Lokimugr	fl9clk9	C
2020-03-23 05:32:34.144279	u/Blooood54	fl9h9ck	u/Jezzinferno	fl836mp	C
2020-03-23 05:33:09.026504	u/SimoSella	fl9ha4m	u/AutoModerator	fl8j5tr	C
2020-03-23 05:33:14.963542	u/subzerobalde123	fl9ha72	u/pxduid	fl9fp45	C
2020-03-23 05:33:36.117796	u/ProPvProzzz	fl9hah0	u/Zafk13l	fl9fgyi	C
2020-03-23 05:33:42.384983	u/ottiottolw	fl9hal4	u/Coby2805	fl8qkvn	C
2020-03-23 05:33:44.627855	u/the_desert_prussia	fl9hame	u/dr_kaizerizer	fng6h3	S
2020-03-23 05:33:46.777016	u/JulianTheLegend	fl9haoc	u/wsnaw365	fl99ckb	C
2020-03-23 05:34:01.773972	u/lolligager96	fl9hb0e	u/ZCheekyCheese	fl9h0nj	C
2020-03-23 05:34:09.045277	u/UsmanAlvi1998	fl9hb45	u/TheChunkyBoi69	fl9h78n	C
2020-03-23 05:34:35.818226	u/Deaths_Dance0	fl9hbgv	u/RepostSleuthBot	fl9ex07	C
2020-03-23 05:34:39.035907	u/Ignatius_is_us	fl9hbk0	u/RussianDuck24	fl9fhwh	C
2020-03-23 05:34:47.559747	u/bramschaafsma	fl9hbn6	u/pixiedodo	fl93qq6	C
2020-03-23 05:34:49.590278	u/Gonzi_HR	fl9hbp9	u/adrianna56785	fl7ru2e	C
2020-03-23 05:34:51.585830	u/thetimeis2	fl9hbpz	u/BillNyeTheElonGuy	fl8nrzl	C
2020-03-23 05:34:59.587818	u/BTShitposter	fl9hbxx	u/Scottish_Tattie	fl9gnlr	C
2020-03-23 05:35:07.665168	u/SimoSella	fl9hc18	u/loox70	fl9c7hn	C
2020-03-23 05:35:13.408274	u/DoatyWomble	fl9hc2z	u/RepostSleuthBot	fl9ekoh	C
2020-03-23 05:35:17.367891	u/wolverine-claws	fl9hc52	u/Abyss_walker56	fl9gzn7	C
2020-03-23 05:35:26.879978	u/fuckingupismymotto	fl9hc9o	u/I_like_the_abuse	fl8uthh	C
2020-03-23 05:35:41.613067	u/YesILikePizza	fl9hchb	u/Hype-Beast-Joe	fl91rd7	C
2020-03-23 05:35:53.719727	u/firestrom8265	fl9hcnj	u/Chlert	fl8hvom	C
2020-03-23 05:35:57.907558	u/jarlsr	fl9hcqi	u/Asket-	fl9ghft	C
2020-03-23 05:36:08.217703	u/zach_da_bossss	fl9hd0g	u/ItsToxyk	fl7zins	C
2020-03-23 05:36:21.566578	u/Farenhytee	fl9hdey	u/Meta-Knight-Main	fl96rph	C
2020-03-23 05:36:26.150730	u/gayguyfromnextdoor	fl9hdg6	u/Danking1346	fl97jfy	C
2020-03-23 05:36:44.189776	u/KnightSlayet051	fl9hdvh	u/PhatPotato_Man	fl9ceq9	C
2020-03-23 05:36:48.996717	u/Goooodmorninggamers	fl9hdzj	u/AmericaFirst2004	fl96nc8	C
2020-03-23 05:37:07.216887	u/Jackeeeng	fl9hej6	u/defaultgarlicbread	fl9g7zt	C
2020-03-23 05:37:13.293962	u/GrandSoupDragon	fl9help	u/JovialJem	fl9ey1v	C
2020-03-23 05:37:15.061763	u/Cocothepuff	fl9helz	u/AmericaFirst2004	fl96hku	C
2020-03-23 05:37:16.805012	u/rextatacoco	fl9hemh	u/Walmart_kid64	fl9gt4g	C
2020-03-23 05:37:21.663215	u/Loyyo20	fl9hen5	u/penpaper20192020	fl8mfjv	C
2020-03-23 05:37:33.694721	u/jasperdj28	fl9hf1c	u/iforgotmypasswordss	fl9fb3g	C
2020-03-23 05:37:43.235641	u/Savant6	fl9hf4w	u/OnionRights	fl949qt	C
2020-03-23 05:37:46.686169	u/Driftedge	fl9hf7g	u/Random_Metroid_Fan	fl9gv3d	C
2020-03-23 05:38:28.054956	u/FreakyGhast	fl9hg33	u/Xploiter_RBLX	fl8uocs	C
2020-03-23 05:38:45.583434	u/Hugheth17	fl9hgsx	u/TheChocolateCray	fl9h8tn	C
2020-03-23 05:38:47.065719	u/toocoolzforschool	fl9hgu2	u/RampartScandal	fl9gkig	C
2020-03-23 05:38:55.387555	u/Sucheng	fl9hh51	u/JOOCY_ChestPump	fl93q84	C
2020-03-23 05:38:56.787569	u/illlegitimate	fl9hh5j	u/jakeclulo	fl9h1qo	C
2020-03-23 05:39:05.169742	u/chanmaxi	fl9hhbe	u/Meta-Knight-Main	fl96rph	C
2020-03-23 05:39:09.009045	u/chainsaw_fucker	fl9hhel	u/Lokimugr	fl9clk9	C
2020-03-23 05:39:14.805512	u/dupachujlulina	fl9hhpc	u/Lilycloud02	fl8ft8w	C
2020-03-23 05:39:25.832150	u/jagersvensson	fl9hi2p	u/dovedevic	fl2izeo	C
2020-03-23 05:39:28.409327	u/NeoXV	fl9hi73	u/DeepFryBot	fl9gffo	C
2020-03-23 05:39:34.675416	u/Frizzy1923	fl9hifw	u/GoldenBananaMan	fl9b10e	C
2020-03-23 05:39:39.226705	u/ButterPlugCharger	fl9hiis	u/Xploiter_RBLX	fl7j4wk	C
2020-03-23 05:39:41.195056	u/ayyy-don	fl9hikf	u/Pharrzide47	fl9fdpv	C
2020-03-23 05:39:44.655620	u/McRayFan	fl9hiow	u/scotty_sapphire19	fl9at3s	C
2020-03-23 05:39:55.354600	u/TheCastawayBall	fl9hj8w	u/chanmaxi	fl9hhbe	C
2020-03-23 05:40:23.838744	u/123acorns	fl9hk0u	u/AmericaFirst2004	fl96hku	C
2020-03-23 05:40:36.067094	u/Spetsnazdragon	fl9hkb2	u/zach_da_bossss	fl9h2ae	C
2020-03-23 05:40:40.540546	u/TooGucciGalpa1	fl9hkdt	u/BOSS_Master7000	fl9h9ce	C
2020-03-23 05:40:42.799831	u/nyxprimesucks	fl9hke1	u/Asket-	fl9gjxx	C
2020-03-23 05:40:51.137673	u/TheLongClaw_	fl9hki8	u/furhoove	fl9gtxs	C
2020-03-23 05:41:11.363365	u/Salty-man-boar	fl9hkn0	u/Char_lie13	fl9gpyf	C
2020-03-23 05:41:18.232940	u/Grahomir	fl9hkt4	u/SSlayaa	fl8mnc6	C
2020-03-23 05:41:32.598936	u/Aww5492nd	fl9hl8g	u/PowerfulSoil9	fl82j3k	C
2020-03-23 05:41:50.218901	u/calloss	fl9hlds	u/Lienshi	fl9gxuc	C
2020-03-23 05:41:54.558002	u/znojavoMomce	fl9hleb	u/defaultgarlicbread	fl9g7zt	C
2020-03-23 05:41:58.791520	u/AngkaSaWan01	fl9hlk8	u/OnionRights	fl949qt	C
2020-03-23 05:42:15.223862	u/Blip_Blop_Blip	fl9hlr7	u/YJC-Nate22	fl9ejxm	C
2020-03-23 05:42:24.463752	u/calloss	fl9hlvl	u/JAF05	fl9enej	C
2020-03-23 05:42:32.297748	u/Cl4udiu4	fl9hm0s	u/planesqaud63	fl7b1hy	C
2020-03-23 05:42:35.519178	u/bellariddlex	fl9hm4h	u/AutoModerator	fl8rynt	C
2020-03-23 05:42:52.817067	u/Sammythe_Boi	fl9hm9t	u/Ze_Hydra1	fl9gcw7	C
2020-03-23 05:42:57.173350	u/hijack-carman	fl9hmdz	u/Brave-Towel	fl9go8n	C
2020-03-23 05:43:01.914902	u/Shesha_GP	fl9hmh3	u/AssassinSW3	fl9bjw9	C
2020-03-23 05:43:04.920813	u/Penny-Dumb	fl9hmi8	u/benson2030	fl8t4t1	C
2020-03-23 05:43:09.691566	u/7_8_Nein	fl9hmmf	u/Ark-Physics	fl9gc8p	C
2020-03-23 05:43:11.789614	u/TheFatGamer0209	fl9hmn1	u/SimoSella	fl9hllw	C
2020-03-23 05:43:19.299406	u/GhetZeFlammenwerfer	fl9hmqx	u/tillhop19	fl9gu15	C
2020-03-23 05:43:47.024706	u/AnemayWeebUwU	fl9hniv	u/wilhungliam	fl9hmsm	C
2020-03-23 05:43:53.678312	u/oneflare69	fl9hno2	u/RepostSleuthBot	fl9ev0o	C
2020-03-23 05:43:57.277016	u/GlacialDuck	fl9hnrb	u/Kind-Pop	fl3zlqu	C
2020-03-23 05:44:06.054527	u/WeAreMeMeBigBoy12016	fl9ho3w	u/Spicymemez17	fl86q0d	C
2020-03-23 05:44:13.221633	u/Sammythe_Boi	fl9ho8v	u/Abyss_walker56	fl9he4e	C
2020-03-23 05:44:17.915573	u/joshhirst28	fl9hode	u/Redreaper737	fl9gwji	C
2020-03-23 05:44:19.943521	u/MiDaDa	fl9hodj	u/AlexThaBoatNewAcount	fl92dwi	C
2020-03-23 05:44:34.019296	u/Yubhead	fl9hooc	u/AutoModerator	fl9hipc	C
2020-03-23 05:44:51.344659	u/thatWeirdTallKid01	fl9hoyh	u/Shesha_GP	fl9hmh3	C
2020-03-23 05:44:55.631566	u/Montelion	fl9hp11	u/Heroinfluenzer	fl9g9h7	C
2020-03-23 05:45:01.451195	u/believeint0wels	fl9hp6g	u/me1ster0ogway	fl9de01	C
2020-03-23 05:45:06.592981	u/MiSaJi_0911	fl9hpbz	u/guacatmole	fl9dlg7	C
2020-03-23 05:45:08.607504	u/evillich21	fl9hpcl	u/LitDabber69420	fl8m0jq	C
2020-03-23 05:45:18.205805	u/jjen21	fl9hpko	u/GayFeetus	fl9hkhf	C
2020-03-23 05:45:21.201905	u/__Toaster	fl9hpnq	u/fualtyzane	fl99hjv	C
2020-03-23 05:45:37.816712	u/Choco_Doggo	fl9hpzk	u/iforgotmypasswordss	fl9fb3g	C
2020-03-23 05:45:47.079641	u/Aggemyster	fl9hq4c	u/nobody384	fl9g99k	C
2020-03-23 05:45:58.663951	u/RediYus	fl9hqbe	u/BTShitposter	fl9hbxx	C
2020-03-23 05:46:01.323536	u/Papitothresh	fl9hqbu	u/AutoModerator	fl8rynt	C
2020-03-23 05:46:19.555425	u/ItsMePuddings	fl9hqpl	u/RepostSleuthBot	fl9hcjj	C
2020-03-23 05:47:07.562281	u/biagiomelandri	fl9hrk1	u/YesILikePizza	fl9hchb	C
2020-03-23 05:47:22.125682	u/elissass	fl9hrxu	u/AmericaFirst2004	fl96hku	C
2020-03-23 05:47:32.249380	u/TylerSmash	fl9hs12	u/RepostSleuthBot	fl8swke	C
2020-03-23 05:47:38.546449	u/Soviet_habibi_smurf	fl9hs5q	u/Lienshi	fl9g0cm	C
2020-03-23 05:47:43.643756	u/AratrikD	fl9hs7z	u/defaultgarlicbread	fl9g7zt	C
2020-03-23 05:47:54.585798	u/MiestaWieck	fl9hseu	u/fualtyzane	fl89jow	C
2020-03-23 05:47:59.114842	u/FATBOI7913	fl9hslv	u/AutoModerator	fl95aqe	C
2020-03-23 05:48:06.214448	u/memoryisnotRAM	fl9hswn	u/TheHistroynerd	fl9hq6t	C
2020-03-23 05:48:09.806717	u/Skiersunite	fl9ht1s	u/AutoModerator	fl8rynt	C
2020-03-23 05:48:13.287477	u/xA_urora	fl9ht5y	u/JusticeBiglin	fl9b2xt	C
2020-03-23 05:48:20.648137	u/TsuShiNe	fl9htfg	u/QuickGold23	fl9hlas	C
2020-03-23 05:48:25.519451	u/TsuShiNe	fl9htn9	u/tjac06	fl9hoqs	C
2020-03-23 05:48:32.097022	u/CaptainGamer008	fl9htvo	u/be-gon-boomers	fl9hpzw	C
2020-03-23 05:48:35.653159	u/Winter032	fl9htxg	u/BOSS_Master7000	fl9hhq4	C
2020-03-23 05:48:50.051698	u/Benngdore	fl9hu4c	u/TheChocolateCray	fl9h8tn	C
2020-03-23 05:49:29.346587	u/ContentNicholas	fl9hvdg	u/Timbo-bimbo-69	fl9ezms	C
2020-03-23 05:49:37.265950	u/arc_menace	fl9hw4r	u/cloudburst__	fl96ms2	C
2020-03-23 05:49:44.470018	u/maybe_it	fl9hwf7	u/Sammythe_Boi	fl9h28y	C
2020-03-23 05:49:46.005163	u/JaanVandaal	fl9hwip	u/yvngcartier	fl9hi74	C
2020-03-23 05:49:46.794174	u/Thejoker21212121	fl9hwjf	u/Lienshi	fl9gxuc	C
2020-03-23 05:49:59.493064	u/BlothHonder	fl9hwwh	u/Meta-Knight-Main	fl96rph	C
2020-03-23 05:50:00.145966	u/lennon2298	fl9hwyq	u/kahlix	fl9hily	C
2020-03-23 05:50:05.862924	u/blattoid	fl9hx2d	u/-THEWORLD-	fl98dkf	C
2020-03-23 05:50:20.618594	u/litlpro	fl9hxa9	u/AratrikD	fnga1r	S
2020-03-23 05:50:30.768911	u/Cubalibre22G	fl9hxdr	u/ItsMePuddings	fl9hroy	C
2020-03-23 05:50:34.196262	u/Mini_Chooy	fl9hxgl	u/iforgotmypasswordss	fl9f3fg	C
2020-03-23 05:51:10.654281	u/Captslimjesus	fl9hxze	u/HeatSeeka44	fl7lzau	C
2020-03-23 05:51:27.010596	u/ThatBlueBoy_	fl9hyam	u/TheHistroynerd	fl9huor	C
2020-03-23 05:51:31.381058	u/-hakuna_matata-	fl9hyjk	u/UD_1680	fl9ggt4	C
2020-03-23 05:52:05.594497	u/ingmund29	fl9hyvg	u/JaanVandaal	fnh4oq	S
2020-03-23 05:52:35.309396	u/weirdnameiknow	fl9hzdg	u/JimmyRJH	fl9guoh	C
2020-03-23 05:53:14.259075	u/sessalgdeentnoduoy	fl9i04c	u/Orchas	fl80n16	C
2020-03-23 05:53:30.891287	u/emcee95	fl9i0in	u/akontonasakis	fl9eetq	C
2020-03-23 05:53:45.435018	u/SarcasticSarco	fl9i0yw	u/Peachy_Bubble	fl99zjy	C
2020-03-23 05:53:47.459898	u/HumanBeing104	fl9i106	u/CHFCalvin	fl9hvwz	C
2020-03-23 05:54:06.380109	u/Daster01	fl9i1di	u/Timmys-Turner	fl83cvn	C
2020-03-23 05:54:10.324299	u/Potatoman967	fl9i1gh	u/NobodyLovesMe68	fl9aou8	C
2020-03-23 05:54:12.388704	u/caitxrqt	fl9i1i6	u/JAZZZZ13	fl9dvj2	C
2020-03-23 05:54:31.661571	u/TopsaBOE	fl9i1zw	u/NoobSwifty	fl9i1dm	C
2020-03-23 05:54:52.775512	u/Michi122211	fl9i2kl	u/Iglaj	fl7oucd	C
2020-03-23 05:54:55.632551	u/raunaqdabaws	fl9i2lb	u/AratrikD	fl9hs7z	C
2020-03-23 05:54:57.629682	u/DaLionheart101	fl9i2mk	u/GlacialDuck	fl9hmpv	C
2020-03-23 05:55:38.811865	u/SadGinger_666	fl9i3lw	u/Xploiter_RBLX	fl8uocs	C
2020-03-23 05:56:33.344834	u/Dreadflares	fl9i4fp	u/weirdnameiknow	fl9hzdg	C
2020-03-23 05:57:21.874420	u/DontHateTheHydrate	fl9i5y1	u/I_Fucked_A_Barbie	fl88j2g	C
2020-03-23 05:57:27.472555	u/Kikkamon	fl9i63t	u/BlooFlea	fl617o6	C
2020-03-23 05:57:29.023090	u/Dan-Ti	fl9i63x	u/orcaleeorcabee	fl9ht4q	C
2020-03-23 05:57:40.179426	u/astropd	fl9i68v	u/Xploiter_RBLX	fl8wlpb	C
2020-03-23 05:58:16.436165	u/RandomGamer10000	fl9i6x2	u/Kind-Pop	fl3zlqu	C
2020-03-23 05:58:28.367606	u/tinycubegamer45	fl9i7a0	u/Jawleene	fl991jo	C
2020-03-23 05:58:32.252032	u/Kuray282828	fl9i7cy	u/pif716	fl9gsup	C
2020-03-23 05:58:39.495607	u/enava531	fl9i7il	u/EclipseOnReddit69	fl96jus	C
2020-03-23 05:58:50.496642	u/Zh-Ed	fl9i7r3	u/Xploiter_RBLX	fl8uocs	C
2020-03-23 05:59:00.200641	u/mister_negetive	fl9i83z	u/Sevarog5	fl9hyq3	C
2020-03-23 05:59:04.512872	u/CpowOfficial	fl9i8a5	u/LamisIsGood	fl9743j	C
2020-03-23 05:59:18.079217	u/KingNeonPanda	fl9i8kf	u/UD_1680	fl7oqgf	C
2020-03-23 05:59:25.794408	u/MiNi_MiLiTi	fl9i8rd	u/AmericaFirst2004	fl96hku	C
2020-03-23 05:59:26.777862	u/HoodedCowl	fl9i8sl	u/SharkyWithAsilentH	fl9dee8	C
2020-03-23 05:59:34.162173	u/Ethanzebest	fl9i94p	u/Meta-Knight-Main	fl96rph	C
2020-03-23 05:59:35.856339	u/whodidnotmadeameme	fl9i96r	u/SeriousUndead30	fl9cqpf	C
2020-03-23 05:59:37.581653	u/licketyspits	fl9i99u	u/Ark-Physics	fl9gc8p	C
2020-03-23 05:59:43.487859	u/Elewal	fl9i9sk	u/Count_Binfake	fl9i7k4	C
2020-03-23 05:59:56.145130	u/Megaflinterino	fl9ialk	u/Aftermath666_	fl9duu4	C
2020-03-23 05:59:57.248369	u/dooberdude	fl9iaml	u/babatundeHD	fl9h6uo	C
2020-03-23 05:59:58.193169	u/magikchikin	fl9iaxb	u/TooGucciGalpa1	fl9i8f0	C
