2020-04-14 03:00:18.706336	u/JustJJ92	fncu91w	u/LegitKillzPro	fncrnta	C
2020-04-14 03:01:07.414775	u/maglorofdorthonion	fncuaif	u/Sans_Toad	fnctvuy	C
2020-04-14 03:01:17.610782	u/Nuva-_-	fncuaum	u/MaskedFool37	fnctzuf	C
2020-04-14 03:01:23.667912	u/Takahashi_420	fncub5l	u/TheXplorar	fnct3vi	C
2020-04-14 03:02:32.573000	u/Jiekai9000	fncucbt	u/The-Confused-Guy	fncua9b	C
2020-04-14 03:02:37.959468	u/ZeFlammenwurfer	fncucgx	u/BalloonofPizzas	fncu3ll	C
2020-04-14 03:03:02.933251	u/satans-sausage	fncucx2	u/_Xx_ShadowHunter_xX_	fnbm44e	C
2020-04-14 03:03:45.648442	u/lrdmeme	fncudyj	u/Arcaan16	fnct3bn	C
2020-04-14 03:04:16.652688	u/Blazing-Winds	fncuev2	u/LifelessBlame	fncrpdd	C
2020-04-14 03:05:31.774031	u/DrkXmemes	fncugrz	u/hok98	fncu50j	C
2020-04-14 03:05:43.470573	u/iamnathanp	fncuh7d	u/OnlyAnon5275	fncnym4	C
2020-04-14 03:06:33.477120	u/Ninkoopa	fncuj7d	u/nicopagnani	fncmt32	C
2020-04-14 03:06:39.835747	u/Hunter663281	fncujir	u/The-Brawl-Shark	fncsupf	C
2020-04-14 03:07:01.691051	u/superbtitty	fncuk85	u/epic-gameer69	fnctxwy	C
2020-04-14 03:07:13.390502	u/AJ_dxb	fncukeh	u/MemerWienerYT	fnb5vvc	C
2020-04-14 03:07:48.508283	u/_0of_	fncul37	u/Iamrandomz	fncujux	C
2020-04-14 03:07:54.756077	u/Doc_Jaxx	fnculb1	u/jake_frp	fnc121t	C
2020-04-14 03:07:58.811889	u/donnyboi15	fnculjh	u/Lazuli_728	fncty73	C
2020-04-14 03:08:05.206030	u/ZeDashe	fnculnd	u/GardenData61371	fnctwtw	C
2020-04-14 03:08:18.250894	u/DryAndFried	fncumhd	u/TheAngryChickenWing	fncml13	C
2020-04-14 03:08:33.875743	u/Toadster-1	fncun4y	u/niveikitten	fncugmk	C
2020-04-14 03:09:45.878266	u/dankmemes32438	fncuqlk	u/SuperCx	fnctuza	C
2020-04-14 03:09:54.371220	u/afaceyocanpunch	fncuqsw	u/m4a1pewpew	fncn0on	C
2020-04-14 03:09:55.723251	u/NILLE_04	fncur2e	u/judge_exe	fnctoke	C
2020-04-14 03:10:13.169781	u/HydroGammer	fncurvu	u/uzybeens	fnc8a4s	C
2020-04-14 03:10:25.099960	u/9203691010197	fncus9x	u/Nor3Redditer	fncu8kx	C
2020-04-14 03:10:36.832246	u/Alansun99	fncusk2	u/ferrari812dude	fncuobd	C
2020-04-14 03:11:34.048436	u/Davs_Glitterfart	fncuuad	u/fi_pereira	fnco6ax	C
2020-04-14 03:13:02.476976	u/realyahli	fncuwzr	u/GlipGlopKing28	g0voc2	S
2020-04-14 03:13:20.729287	u/TiaramisuIsBalanced	fncux6v	u/DiceDestroy	fnc2us8	C
2020-04-14 03:13:24.898081	u/NaturallyGrayden	fncuxdq	u/Didactikos	fnc8jnf	C
2020-04-14 03:14:16.730328	u/sporkledeath	fncuyku	u/FakeBookshelf	fncm25q	C
2020-04-14 03:15:23.600694	u/Merilyn2003	fncv0uh	u/bradaboy	fncutg4	C
2020-04-14 03:15:46.773089	u/Barshan123	fncv1dt	u/GlipGlopKing28	g0voc2	S
2020-04-14 03:17:59.493307	u/your_pape	fncv6vh	u/Alansun99	fncuj06	C
2020-04-14 03:18:25.982097	u/NotMitcheII	fncv8e8	u/SlavicRaptor	fncv3jh	C
2020-04-14 03:18:28.503067	u/MacKenzieWright	fncv8hg	u/scientia_analytica	fnatbqq	C
2020-04-14 03:18:53.261017	u/TheHungryGrape	fncv9z7	u/CreepyPastaCool	fnc75p1	C
2020-04-14 03:19:27.615104	u/Daedpewl	fncvb0w	u/YoMommaRedacted	fnc98ec	C
2020-04-14 03:20:38.421077	u/cOmUnIsM_420	fncve63	u/overheaven_sushi	fncvdea	C
2020-04-14 03:20:56.695881	u/HardCor921	fncvelh	u/XxXS2mle100les_	fncuydu	C
2020-04-14 03:21:00.168709	u/wolf653	fncvetd	u/idris_spetal	fncol0p	C
2020-04-14 03:21:02.500487	u/theicebooky	fncveup	u/belgianPotatian	fnbzjzj	C
2020-04-14 03:21:22.179356	u/UncleSnot	fncvfcb	u/MegaGrimer	fncpz2z	C
2020-04-14 03:21:53.603358	u/suckthesejugscoward	fncvg7k	u/overheaven_sushi	fncvc75	C
2020-04-14 03:22:20.436272	u/ChillHeat	fncvgpd	u/pythonkiller64	fnbwzdt	C
2020-04-14 03:22:54.720910	u/Aethereal08	fncvhsz	u/DreadBurger	fnctnxp	C
2020-04-14 03:23:08.449384	u/Skyclad_Observer17	fncvi94	u/aPiMpNaMEdSLiCkBaCc	fnctfvi	C
2020-04-14 03:23:36.972300	u/GothJen	fncvj3f	u/enderson_kyon	fncs87k	C
2020-04-14 03:24:25.149782	u/itzdanell	fncvkmb	u/Nazzron	fncvj2x	C
2020-04-14 03:24:50.322116	u/TTV_ReditUser	fncvla9	u/memetaco97	fnc79p4	C
2020-04-14 03:25:22.981834	u/moyimya-capa	fncvm60	u/baktiv	fncve41	C
2020-04-14 03:26:16.873255	u/FarJourneyBeyond	fncvnq3	u/HeyMoon69	g0weuo	S
2020-04-14 03:26:23.657827	u/pigboi01	fncvo0p	u/craqueball	fncdrpk	C
2020-04-14 03:26:43.046007	u/Alexstephenson06	fncvozd	u/A2326P	fnck5sy	C
2020-04-14 03:27:04.066404	u/TJatPBnJ	fncvqaa	u/Armadill0420	fnbd1en	C
2020-04-14 03:28:08.017872	u/keenkeane	fncvtqd	u/hereforthememes10011	fncvo54	C
2020-04-14 03:28:16.851183	u/ConcreteJungleMonkey	fncvu9n	u/k_from_that_app	fncoqtd	C
2020-04-14 03:28:47.306680	u/this_site_is_fucked	fncvvms	u/Solpoteten	fncvkph	C
2020-04-14 03:28:56.078106	u/assmcpooperson	fncvwce	u/Cyno01	fncl1f9	C
2020-04-14 03:29:27.186017	u/magnetarbeing	fncvxpf	u/SDeathlock28	fncv3tz	C
2020-04-14 03:29:34.929823	u/foxi30	fncvypl	u/hereforthememes10011	fncvo54	C
2020-04-14 03:29:37.791662	u/LORD_INFINITY12	fncvytr	u/Kabe6900	fncd8cm	C
2020-04-14 03:30:34.328318	u/FoolofaTook6	fncw0zc	u/LaxLapo	fnctyxw	C
2020-04-14 03:30:39.044372	u/BenWeeZX	fncw11c	u/USMELLBADLOL	fncu9j4	C
2020-04-14 03:30:47.383354	u/CatFunt-	fncw18w	u/MegaGrimer	fncpz2z	C
2020-04-14 03:30:51.977554	u/letsgetpunk	fncw1cz	u/FuryBlast1	fmr1vt7	C
2020-04-14 03:31:52.001928	u/LostCauseAJ	fncw2al	u/LanuXaf	fncrvbm	C
2020-04-14 03:31:54.234973	u/SpoiledHoney	fncw2ib	u/alely92	fncqk99	C
2020-04-14 03:32:35.995629	u/Siohor	fncw3nc	u/Barshan123	fncvpjd	C
2020-04-14 03:33:48.442227	u/Jack_is_coming	fncw5ek	u/AutoModerator	fj1x1tq	C
2020-04-14 03:33:50.525229	u/nwem1999	fncw5iw	u/Roman_Howler	fncpv5j	C
2020-04-14 03:34:01.150734	u/kevinhoofddorp	fncw5jw	u/PulpyEnlightenment	fnc667r	C
2020-04-14 03:34:16.720644	u/Just-Call-Me-Sepp	fncw5p1	u/Benedict-Cursed	fnbv2jj	C
2020-04-14 03:34:30.599711	u/cerealghost	fncw5yp	u/TheXplorar	fncrbst	C
2020-04-14 03:35:09.006911	u/chonk69420	fncw7ir	u/RabbitFush	fncw1zf	C
2020-04-14 03:35:19.325945	u/springfox1465	fncw7xc	u/LolerPlaysThings	fnbavqg	C
2020-04-14 03:35:41.770284	u/bigboy204856	fncw8ih	u/dishonoredcow69	fncunqc	C
2020-04-14 03:35:59.667174	u/-_-TTaCOCAtT-_-	fncw932	u/perfect_cheese	fnc6o3j	C
2020-04-14 03:36:27.195145	u/DRiguezzz	fncwa66	u/NFX07	fncqrk4	C
2020-04-14 03:36:57.933506	u/RoastedToast007	fncwb68	u/BenWeeZX	fncw11c	C
2020-04-14 03:37:08.028986	u/019283746501234	fncwbs0	u/belgianPotatian	fnbz9rq	C
2020-04-14 03:37:29.747696	u/JBFlurry	fncwcme	u/KubiX4	fncw7t6	C
2020-04-14 03:37:33.834318	u/wajihch	fncwcoh	u/reddit-emoji-police	fncuyg8	C
2020-04-14 03:37:38.878237	u/end_me420	fncwcye	u/yeet-us-a-feetus	fncw601	C
2020-04-14 03:37:58.565124	u/ReimarPB	fncwetu	u/DreadBurger	fnctnxp	C
2020-04-14 03:38:15.539944	u/uncerta1n	fncwfee	u/belgianPotatian	fnbz9rq	C
2020-04-14 03:38:27.615090	u/bullshit_ranger	fncwfst	u/Emeraldtip	fncvj3s	C
2020-04-14 03:38:48.055677	u/nkrsshp	fncwgue	u/FizaFlora	fncw7a5	C
2020-04-14 03:38:57.919011	u/CholoManiac	fncwh9y	u/NaniZaWarudo	fn9u9cv	C
2020-04-14 03:39:15.465110	u/Blob_fish02	fncwhwq	u/Barshan123	fncv5el	C
2020-04-14 03:39:28.688836	u/player05677	fncwi8q	u/Amjad-ABK	g113ce	S
2020-04-14 03:39:30.769769	u/Blatant_L_Pseudonym	fncwiat	u/PoolSharkPete	fncwb2o	C
2020-04-14 03:39:40.962494	u/Jockyboy42069	fncwit6	u/Reece_Llama	fncwgn5	C
2020-04-14 03:39:55.641698	u/Alfranzin	fncwk2j	u/Sid0209	fncwdbt	C
2020-04-14 03:39:56.843729	u/Secr3tNinja15	fncwk44	u/CerealTheCrusader	g0xfl5	S
2020-04-14 03:39:57.936716	u/Idkwhattochoosetho	fncwk70	u/ZeDashe	fncu9fe	C
2020-04-14 03:40:00.293110	u/Neorem	fncwkvw	u/TheXplorar	fnct3vi	C
2020-04-14 03:40:32.027165	u/PROBABLYurDAD69	fncwlwx	u/DoctorErtan	fncn3da	C
2020-04-14 03:40:56.617382	u/yeetyyeeti	fncwmfz	u/Dollon_da_God	fncv6mw	C
2020-04-14 03:41:15.609622	u/DoJo_Mast3r	fncwn4a	u/jokel7557	fnc3obe	C
2020-04-14 03:41:42.353183	u/HandsomeOrange	fncwnte	u/sleazydaze	fncfn6t	C
2020-04-14 03:41:44.635397	u/rita_stfu	fncwnua	u/liblancam	fnck7l0	C
2020-04-14 03:42:59.064783	u/XtraReddit	fncwq2n	u/TheXplorar	fncrbst	C
2020-04-14 03:43:05.538025	u/itsacatslife2013	fncwqc0	u/aladdinr	fncoeh0	C
2020-04-14 03:43:09.872899	u/Vlogcrafter01	fncwqfk	u/Sid0209	fncwo3j	C
2020-04-14 03:43:22.080106	u/Noerdy	fncwqtf	u/itsacatslife2013	fncwqc0	C
2020-04-14 03:43:47.087620	u/mirai0o0kuuga	fncwrjp	u/Barshan123	fncv5el	C
2020-04-14 03:44:46.152400	u/Hellspoofer132	fncwtsr	u/TheHungryGrape	fncv9z7	C
2020-04-14 03:45:39.560297	u/JBroGamer	fncwvhk	u/UUYTK	fncwpqw	C
2020-04-14 03:46:24.731447	u/anguskeenan001	fncwwny	u/Britain_on_Reddit	fncwuxr	C
2020-04-14 03:46:45.118719	u/DanBaitle	fncwx63	u/LaxLapo	fncpp2u	C
2020-04-14 03:47:07.131846	u/WilkOskar	fncwxvn	u/Doomguycommunist	fncwx2p	C
2020-04-14 03:47:38.493125	u/bekkys	fncwyn7	u/Yuesnot	fnc0716	C
2020-04-14 03:47:40.239750	u/Bienenmaul	fncwyny	u/Alansun99	fncusk2	C
2020-04-14 03:49:34.877679	u/MarvelousDog69	fncx31b	u/SpecialPea	fncrvq9	C
2020-04-14 03:49:48.157965	u/sukablyat6969	fncx48c	u/Endey0boi	fncwpa4	C
2020-04-14 03:49:55.440110	u/demogorgon_main	fncx4rv	u/le_shushan	fnb6961	C
2020-04-14 03:50:05.470528	u/SgtShowa	fncx5ow	u/TheAngryChickenWing	fncml13	C
2020-04-14 03:50:26.419300	u/YEETBONG	fncx6bf	u/vomitcomet420	fncto7b	C
2020-04-14 03:50:56.366776	u/omnicron9	fncx6xh	u/Windeturnip654	fncg36k	C
2020-04-14 03:51:21.371094	u/Heedfulsky	fncx81p	u/anormalb0i	fn8964j	C
2020-04-14 03:53:02.811678	u/Lammian	fncxb18	u/nicopagnani	fncl1hb	C
2020-04-14 03:53:08.323312	u/LazyRaisin12	fncxb2u	u/Joyfulintrovert	fncx16p	C
2020-04-14 03:53:41.774475	u/Justaguyonreddit1234	fncxc30	u/TheCorrectCroissant	fnc1o2r	C
2020-04-14 03:54:39.909036	u/JohnDoe526	fncxeay	u/Frontline_69	fncwolk	C
2020-04-14 03:55:53.485780	u/Jargendas	fncxgzx	u/theCursedDinkleberg	fncwhmb	C
2020-04-14 03:55:58.275223	u/Mr_Hakan	fncxhd7	u/Cheemsburger69	fncohwu	C
2020-04-14 03:56:45.385616	u/MARCYS2013	fncxkdy	u/ASimpleTab	fnc5kta	C
2020-04-14 03:57:16.336212	u/EmployeeNo427	fncxlig	u/DoctorErtan	fncn3da	C
2020-04-14 03:57:34.617891	u/bruh_tobi	fncxmoa	u/baghead08	fncotlm	C
2020-04-14 03:58:24.838671	u/Educated_Echidna	fncxpgd	u/memethinker	fncf7e1	C
2020-04-14 03:58:37.792261	u/the-real-Nintendude	fncxqft	u/dtaylortx	fnct9ko	C
2020-04-14 03:58:58.917606	u/AndersNoes	fncxs2f	u/Nobody-once-told-me	fncxp2t	C
2020-04-14 03:59:37.467205	u/Loli-Hoe	fncxtc2	u/verbalyabusiveshit	fncwodi	C
2020-04-14 03:59:56.985965	u/Pootin123	fncxuq8	u/QwertyLockjaw	fncjpdt	C
