2020-03-20 23:01:10.433173	u/Grannys_Sledgehammer	fl2tm6s	u/Geraminus	fl2rc6g	C
2020-03-20 23:02:00.507022	u/kaiden017	fl2toi5	u/RepostSleuthBot	fl28ay2	C
2020-03-20 23:03:23.060784	u/Shirt420	fl2tr7d	u/canned-america	fl2o52i	C
2020-03-20 23:03:48.073493	u/Doehg	fl2tsj1	u/woodendoors7	fl2n33j	C
2020-03-20 23:03:59.345640	u/Synth131	fl2ttd7	u/woodendoors7	fl2hhey	C
2020-03-20 23:04:46.154655	u/fountainoftales	fl2tvg9	u/Quija5000	fl2tqz4	C
2020-03-20 23:05:14.398015	u/Deck_Stain12	fl2tw23	u/Ben_Herr	fm52xk	S
2020-03-20 23:06:36.569583	u/Q0NX	fl2u1ev	u/RepostSleuthBot	fl2rle8	C
2020-03-20 23:06:45.298765	u/ihave8s4lf	fl2u21x	u/I_love_potatoes_1234	fl2rxqz	C
2020-03-20 23:07:44.947189	u/ArthuReddit12	fl2u6cu	u/RepostSleuthBot	fl2gszk	C
2020-03-20 23:08:17.116611	u/Donofett	fl2u8hm	u/chrisl_003	fl2pl3h	C
2020-03-20 23:08:52.691173	u/howardthduck420	fl2ua5x	u/GabeWhitman14	fl2twvs	C
2020-03-20 23:09:20.857736	u/_memelord__	fl2ubz6	u/Gees_sass	fl2ozje	C
2020-03-20 23:10:22.938409	u/Gh0ost-	fl2ufxv	u/ImperiusFate	fl2ntj5	C
2020-03-20 23:10:41.639256	u/The_Karmadyl	fl2ughq	u/DipshitBasement	fl2punk	C
2020-03-20 23:10:45.087608	u/IAmInevitable1837	fl2ugmj	u/fakeGizmo	fl2s49m	C
2020-03-20 23:10:59.675126	u/dua-cid	fl2uhf0	u/DipshitBasement	fl2rz4r	C
2020-03-20 23:13:44.742907	u/DARCRY10	fl2up6w	u/chrisl_003	fl2oyl1	C
2020-03-20 23:15:24.190601	u/MrMemz	fl2uulc	u/woodendoors7	fl2gf3a	C
2020-03-20 23:15:28.143438	u/IEATPORKWITHAFORK	fl2uuux	u/Omega4Life	fl2m3qb	C
2020-03-20 23:16:31.883490	u/huskies6565	fl2uxsd	u/Purplecowpig	fl2ucrw	C
2020-03-20 23:16:50.455931	u/TheRealCannedTuna	fl2uyyy	u/woodendoors7	fl2etqi	C
2020-03-20 23:17:21.757989	u/The-Always-Lie-Guy	fl2v0jh	u/ergfty	fl2tftp	C
2020-03-20 23:17:37.136470	u/Twistedcrane	fl2v1cz	u/RepostSleuthBot	fl2uwwy	C
2020-03-20 23:17:53.964310	u/apurplecurtain33	fl2v1uy	u/memes-69-420	fl2ms5i	C
2020-03-20 23:19:19.581413	u/woooooshifgay69	fl2v6gi	u/Donofett	fl2v5xs	C
2020-03-20 23:19:25.818388	u/BoomerBuster69	fl2v6ix	u/GabeWhitman14	fl2twvs	C
2020-03-20 23:22:23.589508	u/FreeLook93	fl2vd8x	u/tadoba2	fl2a0bs	C
2020-03-20 23:23:07.634759	u/obamaSquare	fl2ver9	u/Aircon0_0	fl2t8dj	C
2020-03-20 23:24:04.338185	u/SithLordBuzio	fl2vh5c	u/Purplecowpig	fl2v668	C
2020-03-20 23:25:58.195788	u/wiscup1748	fl2vlry	u/memes-69-420	fl2l5tp	C
2020-03-20 23:26:00.128581	u/dopey-donkey	fl2vlvi	u/AcuzioRain	fl2pmp5	C
2020-03-20 23:26:18.609964	u/bobsnvagena	fl2vmxb	u/Omega4Life	fl1jaxg	C
2020-03-20 23:27:07.812714	u/jackben_imble	fl2vogl	u/acinco88	fl2mn0x	C
2020-03-20 23:27:10.285720	u/HANZ06	fl2voip	u/woodendoors7	fl2j10j	C
2020-03-20 23:27:20.538707	u/Jeffo-The-Dank	fl2vp33	u/GabeWhitman14	fl2vgh2	C
2020-03-20 23:27:23.189270	u/Zeddblidd	fl2vpcm	u/lilchonk69	fl2labv	C
2020-03-20 23:27:43.162079	u/theautisticfrog	fl2vqtf	u/MrSoldierMan51	fl2q27x	C
2020-03-20 23:27:50.974016	u/ravindude	fl2vr2g	u/RepostSleuthBot	fkw4yqi	C
2020-03-20 23:27:57.003896	u/TylerPAC	fl2vri9	u/Purplecowpig	fm46zy	S
2020-03-20 23:28:22.450400	u/useless_flesh	fl2vsvv	u/cakebuilder123	fl2vreh	C
2020-03-20 23:28:33.086574	u/Mrbubbles137	fl2vtqq	u/_Xand0n_	fl2rkvn	C
2020-03-20 23:28:56.584502	u/BooglerDewgler	fl2vvtr	u/woodendoors7	fl2n33j	C
2020-03-20 23:29:15.960648	u/robotpuppy4	fl2vy3w	u/GabeWhitman14	fl2t4ab	C
2020-03-20 23:29:16.570565	u/kaamibackup	fl2vy4e	u/heineken117	fl2r6wr	C
2020-03-20 23:29:38.837454	u/Ezkaton_Vatamier	fl2vzia	u/fakeGizmo	fl2tket	C
2020-03-20 23:30:05.007020	u/CattyBr44	fl2w0wa	u/RepostSleuthBot	fl2rhhp	C
2020-03-20 23:30:45.154365	u/cruisingforabruisin1	fl2w2y6	u/RepostSleuthBot	fl24atz	C
2020-03-20 23:31:44.793030	u/depresso_espresso2	fl2w5lf	u/ergfty	fl2tftp	C
2020-03-20 23:32:14.508240	u/rebbit_helping_bot	fl2w5yq	u/GabeWhitman14	fl2twvs	C
2020-03-20 23:32:25.641043	u/evenmancry191	fl2w71z	u/woodendoors7	fl2i6wp	C
2020-03-20 23:33:13.380306	u/MC_engineeer	fl2w9j4	u/dopey-donkey	fl2vlvi	C
2020-03-20 23:33:19.974709	u/Amat3r6su	fl2w9yn	u/HANZ06	fl2w7e2	C
2020-03-20 23:33:50.136007	u/Curious_Winter	fl2wb6y	u/Ben_Herr	fl2fr7f	C
2020-03-20 23:33:51.137831	u/IsPhil	fl2wb7u	u/woodendoors7	fl2ge5a	C
2020-03-20 23:35:00.769371	u/XxZanexX54	fl2wdhr	u/Fanchus	fl2rueg	C
2020-03-20 23:35:47.996957	u/unculturedschwine	fl2wexc	u/_Xand0n_	fl2wdfv	C
2020-03-20 23:36:42.676597	u/imRav	fl2wh3j	u/Fanchus	fl2rueg	C
2020-03-20 23:36:44.445768	u/DeadKingZod	fl2wh7t	u/RepostSleuthBot	fl2wgga	C
2020-03-20 23:37:00.072146	u/Wavez5	fl2whyf	u/Purplecowpig	fl2wdf5	C
2020-03-20 23:37:46.233242	u/NotSoPhun	fl2wl6g	u/_Xand0n_	fl2vz4s	C
2020-03-20 23:38:03.193913	u/Night-Hunter	fl2wlvq	u/Donofett	fl2wcvd	C
2020-03-20 23:39:01.403235	u/josephkeen0	fl2wp55	u/RepostSleuthBot	fl2wnsr	C
2020-03-20 23:39:15.384142	u/frankfires	fl2wq66	u/RepostSleuthBot	fl1jyel	C
2020-03-20 23:39:17.936412	u/ProbablyPleiades	fl2wqe5	u/GabeWhitman14	fl2t93i	C
2020-03-20 23:39:42.553170	u/Cyberbuzz99	fl2wrhq	u/Donofett	fl2wa24	C
2020-03-20 23:39:54.483169	u/Riptide047	fl2wsan	u/RepostSleuthBot	fl2viie	C
2020-03-20 23:40:21.818589	u/ThisNameIsNotTakes	fl2wstp	u/cakebuilder123	fl2tpck	C
2020-03-20 23:40:22.994898	u/i_hunger_for_flesh	fl2wsyc	u/MC_engineeer	fl2w9j4	C
2020-03-20 23:40:48.759652	u/conjunctivious	fl2wuge	u/RepostSleuthBot	fl2suuu	C
2020-03-20 23:41:55.474205	u/Olafsplinter00	fl2wxbi	u/_Xand0n_	fl2w5o0	C
2020-03-20 23:42:48.712145	u/someidiot0	fl2wzvm	u/conjunctivious	fl2wosm	C
2020-03-20 23:44:20.702555	u/Skulldog995	fl2x2yb	u/canned-america	fl2o7he	C
2020-03-20 23:44:26.080145	u/JustAPeiceOfTrash	fl2x42v	u/unclerico589	fl2h2f9	C
2020-03-20 23:45:40.549261	u/cabbage16	fl2x7xe	u/18thChoiceOfUsername	fl2lg19	C
2020-03-20 23:45:59.537497	u/Mr_Manly_Man_	fl2x8zl	u/chrisl_003	fl2ptrm	C
2020-03-20 23:46:33.784080	u/guille710r	fl2xan1	u/conjunctivious	fl2wosm	C
2020-03-20 23:47:05.226247	u/Eve-Potter	fl2xcj9	u/Aircon0_0	fl2tu6d	C
2020-03-20 23:47:58.211790	u/DansWiFi	fl2xeb6	u/Thirty3rd	fl2ramo	C
2020-03-20 23:48:13.787677	u/Blazefire2004	fl2xfci	u/i_hunger_for_flesh	fl2wsyc	C
2020-03-20 23:48:40.136535	u/Nate83102	fl2xfyx	u/Eve-Potter	fl2x4mf	C
2020-03-20 23:48:42.407651	u/Zurgon12	fl2xgcm	u/Eve-Potter	fl2xa7w	C
2020-03-20 23:49:02.853967	u/ParticularShake2	fl2xheh	u/kaamibackup	fl2vy4e	C
2020-03-20 23:49:58.978654	u/AZORAHAIAZOR	fl2xkph	u/chrisl_003	fl2oyl1	C
2020-03-20 23:50:32.096054	u/sathak14	fl2xlkg	u/RepostSleuthBot	fl2xiu3	C
2020-03-20 23:50:36.705277	u/r_nimator2006o	fl2xls1	u/conjunctivious	fl2wosm	C
2020-03-20 23:52:50.008330	u/lelolel42069	fl2xrl7	u/RepostSleuthBot	fl2m12v	C
2020-03-20 23:52:56.938756	u/Psilocybin_Solipsism	fl2xroy	u/BoomerBuster69	fl2v7mi	C
2020-03-20 23:54:07.196408	u/TheRealTomAnderson	fl2xv3h	u/jackben_imble	fl2vviy	C
2020-03-20 23:54:39.750701	u/boss2368	fl2xx1z	u/RepostSleuthBot	fl2wfa6	C
2020-03-20 23:55:00.237705	u/SansyTheSkeletonsy	fl2xxos	u/canned-america	fl2o52i	C
2020-03-20 23:55:17.984238	u/Danielly13	fl2xyfm	u/tadoba2	fl2a0bs	C
2020-03-20 23:56:11.045457	u/brans041	fl2y0td	u/GabeWhitman14	fl2wsta	C
2020-03-20 23:56:20.054804	u/PunnyButNotThatFunny	fl2y1he	u/canned-america	fl2o52i	C
2020-03-20 23:57:13.063132	u/nic_nac777	fl2y3um	u/GabeWhitman14	fl2wsta	C
2020-03-20 23:57:30.597597	u/offrythem	fl2y4yi	u/woodendoors7	fl2ney7	C
2020-03-20 23:57:32.302229	u/YK_241212	fl2y562	u/GabeWhitman14	fl2twvs	C
2020-03-20 23:58:45.267011	u/SnipeyKeru	fl2y8cx	u/GabeWhitman14	fl2t93i	C
2020-03-20 23:59:10.934872	u/jellyjamj	fl2y9ju	u/canned-america	fl2o52i	C
