2020-04-02 06:01:43.035861	u/Narutoismad	fm7chsy	u/7soonalt	fm76lqe	C
2020-04-02 06:01:57.537572	u/mathisruiningme	fm7ci9q	u/umpalumpa-memes	fm7aesz	C
2020-04-02 06:02:27.250679	u/vinayakgarg	fm7cigg	u/modern_problems	fm77htu	C
2020-04-02 06:02:37.296661	u/-Pandoxa-	fm7cjgt	u/indraneel1610	fm7cbf2	C
2020-04-02 06:02:39.517266	u/theholycrusaderofGod	fm7cji3	u/corbin-the-red	fm7bh0f	C
2020-04-02 06:02:43.827494	u/Will_Forest	fm7cjns	u/comrade_slav_mcsquat	fm71ypv	C
2020-04-02 06:02:48.239625	u/RunTheBands	fm7cjyg	u/DocMenios	fm7cd1w	C
2020-04-02 06:02:55.090287	u/icantfindafucking	fm7ck7f	u/Zafk13l	fm71rp1	C
2020-04-02 06:03:40.775338	u/AnxiousColdApproach	fm7clou	u/fualtyzane	fm7bjhb	C
2020-04-02 06:04:03.992809	u/Stalinswife	fm7cmcd	u/Imgay69420lol	fm7bj8i	C
2020-04-02 06:05:13.417433	u/knightlord6	fm7cohu	u/FabioEGonzales	fm7ce32	C
2020-04-02 06:05:40.911698	u/xhugstar	fm7cpgs	u/Gabrieleatsflans	fm7c75g	C
2020-04-02 06:05:44.956024	u/Dankcuntssuckme	fm7cpkb	u/yousosus	fm79h5e	C
2020-04-02 06:06:17.535429	u/Lumpy_Green_Potato	fm7cqju	u/sevenstupid	fm75vdm	C
2020-04-02 06:06:28.583471	u/xXCoordinateXx	fm7cqz1	u/EntertainingNuisance	fm79q4g	C
2020-04-02 06:06:59.584423	u/Schokiiiiiiiiiiiiiii	fm7cs5g	u/Punjabj-Ninja	fm795b7	C
2020-04-02 06:07:39.996129	u/Memager	fm7ct8c	u/Mexpotato	fm6n43v	C
2020-04-02 06:07:54.247183	u/ogshowtime33	fm7cti4	u/Tobantula	fm74rpf	C
2020-04-02 06:08:27.856415	u/Breeslushysundae	fm7cuqm	u/AutoModerator	fm5w5sw	C
2020-04-02 06:08:32.658741	u/Windrammer420	fm7cv13	u/kurtified	fm7cfxk	C
2020-04-02 06:09:20.967646	u/SinFour	fm7cwi6	u/AutoModerator	fm7cn2b	C
2020-04-02 06:09:53.458113	u/fierze16	fm7cxnk	u/derektaan	fm7cqx2	C
2020-04-02 06:10:05.878833	u/hellhound8998	fm7cy5r	u/hairyharrels	fm6lzlw	C
2020-04-02 06:10:56.925380	u/thyrannasaurus	fm7czmh	u/HomicidalNun	fm75iut	C
2020-04-02 06:11:22.523376	u/TankwarTTom	fm7cy5n	u/uhungma	fm76tv4	C
2020-04-02 06:11:34.131574	u/Wmer_01	fm7cys4	u/generalTRUMP_	fm7cuu5	C
2020-04-02 06:11:55.337663	u/KimJongAlmighty	fm7d0i3	u/Deviljhojo	fm7cx7j	C
2020-04-02 06:12:51.973648	u/XTheLegendProX	fm7d33g	u/yeahsar	fm76k91	C
2020-04-02 06:12:55.195866	u/chee_lizard	fm7d36s	u/erka1004	fm7949h	C
2020-04-02 06:12:58.588443	u/snapyboiytsecondacco	fm7d39d	u/bfindlay22	fm7cvxh	C
2020-04-02 06:13:30.496530	u/SirToastin	fm7d4bb	u/WaffleEaterMan	fm7br70	C
2020-04-02 06:14:53.110110	u/justmaybeindecisive	fm7d6gq	u/RepostSleuthBot	fm6o8lp	C
2020-04-02 06:16:32.918992	u/lemondegreat	fm7d9z2	u/ahmed_-_	fm7cqgn	C
2020-04-02 06:17:02.455837	u/Ren_ready	fm7d9rj	u/GeornoGeovanna	fm7cqap	C
2020-04-02 06:17:23.864650	u/Dvorozhetskii	fm7dbjr	u/MAGIC_EYE_BOT	fm4mqeb	C
2020-04-02 06:19:30.152801	u/bitchiamgroot	fm7dfmb	u/UgandanShrekBoi	fm7cxha	C
2020-04-02 06:19:57.091869	u/Isaiahluke40	fm7dgcd	u/GhostWolf2048	fm0xnoa	C
2020-04-02 06:20:10.974195	u/MesaGooberz	fm7dgl7	u/MrPancakes101	fm712h9	C
2020-04-02 06:20:43.512007	u/DarkVendetta67	fm7di31	u/KANTholz0903	fm7aeck	C
2020-04-02 06:21:05.605377	u/Igy_On_Reddit	fm7dilq	u/iambluest	fm72mc8	C
2020-04-02 06:21:49.047486	u/PickleDoughnut	fm7djs2	u/Ren_ready	fm7d9rj	C
2020-04-02 06:22:28.257783	u/loloider123	fm7dkua	u/Bit_of_a_Hater	fm72wa0	C
2020-04-02 06:22:49.671883	u/January_5th	fm7dlqm	u/TheKharjo	fm7a4dq	C
2020-04-02 06:23:45.647477	u/Fuze_d2	fm7dnjm	u/lynette9043	fm7c4v8	C
2020-04-02 06:24:44.284558	u/McSlurop	fm7do0w	u/ThisIsSuperFunny	fm4ecm9	C
2020-04-02 06:25:30.023952	u/endmostchimera	fm7dqc9	u/RepostSleuthBot	fm7a7bx	C
2020-04-02 06:25:37.270185	u/A1_certi6	fm7dqmq	u/gloria-hamborger	fm79s5e	C
2020-04-02 06:25:47.287652	u/GenericFern	fm7dqwn	u/AnywaysIsntReal	fm7dorh	C
2020-04-02 06:25:54.361268	u/somerandomguytalking	fm7dr9l	u/iskamag	fm75ws4	C
2020-04-02 06:26:21.849664	u/no_one_funny	fm7drut	u/LucaPVol2	fm7dqdi	C
2020-04-02 06:26:27.167217	u/BorisBeast	fm7ds31	u/DarthTrooper2207	ftg0de	S
2020-04-02 06:26:39.135105	u/semc1986	fm7dsg6	u/Old_Timey_Lemon	fm7dl34	C
2020-04-02 06:26:44.066094	u/Eggbox803	fm7dsif	u/Sayeet0620	fluec4j	C
2020-04-02 06:26:49.719920	u/inwector	fm7dsng	u/noncomfy-hooman	fm79u69	C
2020-04-02 06:27:06.603583	u/IsaiahExtra	fm7dtef	u/fualtyzane	fm7c34n	C
2020-04-02 06:27:51.414118	u/anonymous1739361	fm7dvdt	u/RepostSleuthBot	fm7dq50	C
2020-04-02 06:28:25.841452	u/coolranchboislayer	fm7dwa5	u/VirtualPermission	fm78md1	C
2020-04-02 06:28:27.574805	u/makelcheese	fm7dwaw	u/CondorB	fm788id	C
2020-04-02 06:29:16.305684	u/mejosvibe	fm7dy76	u/AnxiousColdApproach	fm7clou	C
2020-04-02 06:29:24.142654	u/jmartin21	fm7dy8o	u/CrypticResponseMan	fm77lvl	C
2020-04-02 06:30:05.918402	u/reddit-8274748301	fm7dzmy	u/25TM	fm1608j	C
2020-04-02 06:30:15.472982	u/CletusVanDamnit	fm7dzls	u/cajun89cam	fm6lwhi	C
2020-04-02 06:30:23.324563	u/Bulldoza32	fm7dzvd	u/V_pussy-slayer-69_V	fm7dyn6	C
2020-04-02 06:31:11.441362	u/vinhtheman07	fm7e1ep	u/Ph1LReddit	fm715or	C
2020-04-02 06:31:17.116448	u/voroneanu2001	fm7e1qn	u/Ri-Gamer123	fm7bt6q	C
2020-04-02 06:31:21.583424	u/CZMK2004	fm7e1wc	u/TheJFKexperience63	fm7cpnm	C
2020-04-02 06:31:41.805969	u/SneedyK	fm7e1kj	u/Zenti04	fm77z4n	C
2020-04-02 06:31:52.086234	u/Fatclapcheeks	fm7e2a0	u/DarkVendetta67	fm7di31	C
2020-04-02 06:32:04.085791	u/mustlovepotatos	fm7e2so	u/RepostSleuthBot	fm7dyvx	C
2020-04-02 06:32:22.010166	u/FranKenstein99	fm7e3ha	u/generalTRUMP_	fm7e0ns	C
2020-04-02 06:32:45.624498	u/ruud-gullit	fm7e44z	u/Bulldoza32	fm7dt8u	C
2020-04-02 06:32:55.835584	u/Eeep_Z1	fm7e4i7	u/lvtn11	fm769ah	C
2020-04-02 06:33:03.284122	u/idontcare-dot-org	fm7e4ni	u/NewAgeDoom	fm7e12q	C
2020-04-02 06:33:20.661309	u/YeetDeleet	fm7e5f8	u/jl0xd	fm7e2up	C
2020-04-02 06:33:43.122472	u/ContrabandParagon	fm7e6cw	u/fualtyzane	fm7c3vx	C
2020-04-02 06:33:57.234507	u/Ar-slash-lan_Beltran	fm7e6ot	u/Patrick_Bot2	fm7dunj	C
2020-04-02 06:34:37.790286	u/Plasticinity	fm7e7md	u/SneedyK	fm7e1kj	C
2020-04-02 06:34:44.204724	u/sasukes_wifeu	fm7e7qj	u/ANIKET_UPADHYAY	fm7dvpg	C
2020-04-02 06:34:49.913431	u/ThosePixels	fm7e7u1	u/Ranjerklin	fm0z5d2	C
2020-04-02 06:34:53.094458	u/Umwanted-vermin	fm7e7ud	u/Thefatrappist	fm7e6u0	C
2020-04-02 06:35:24.470848	u/Itsameyahoo	fm7e8y6	u/4ar0n	fm7d5m9	C
2020-04-02 06:35:37.190738	u/Fusseldieb	fm7e9ow	u/Aspen_Alabaster	fm7610m	C
2020-04-02 06:35:58.815713	u/LeoDeLion_lionheart	fm7eahx	u/Kubera-372	fm7010l	C
2020-04-02 06:36:40.911390	u/Capn_Havoc	fm7ebtu	u/denibeni	fm6dds4	C
2020-04-02 06:37:25.925638	u/Bulbapuppaur	fm7edee	u/thiccdogonthebeach	fm7e9gu	C
2020-04-02 06:38:31.430143	u/PacBoy123	fm7ef94	u/Jameson-Junkenstein	fm76qo5	C
2020-04-02 06:38:59.232258	u/krystatinyytott	fm7egng	u/gk-boy	fm7eg3i	C
2020-04-02 06:39:33.775522	u/iamprocrastinating93	fm7eh1w	u/xmcphe	fm7ef6w	C
2020-04-02 06:39:36.541469	u/Mastah-	fm7ehlr	u/CoffeeCrispSlut	fm7egha	C
2020-04-02 06:39:55.657178	u/FranticBronchitis	fm7eikx	u/xImZenthixX	fm7efyk	C
2020-04-02 06:40:06.012779	u/Blueness24071	fm7eitb	u/RepostSleuthBot	fm7dv3z	C
2020-04-02 06:40:52.671427	u/sanket911	fm7ek6v	u/GrimPotatoNugget	fm78iqb	C
2020-04-02 06:41:00.389904	u/drkdrm	fm7eki6	u/theyBidtheHack	fm72y1h	C
2020-04-02 06:41:37.008392	u/happles2	fm7elkj	u/YourLocalCreep	fm6b5ke	C
2020-04-02 06:41:41.713362	u/_harro_	fm7elpr	u/FranticBronchitis	ftjwt8	S
2020-04-02 06:41:50.651223	u/totoguil	fm7em0x	u/MediocrePenisNumber6	fm7csf3	C
2020-04-02 06:42:57.154435	u/AvaTheSeal	fm7eobw	u/Jomesfonso	fm7enna	C
2020-04-02 06:43:38.703000	u/Fatman365	fm7epzo	u/Kidplayer_666	fm7eegw	C
2020-04-02 06:44:27.171310	u/Suspect-Galahad	fm7eqm3	u/vortxoxo	fm7ep23	C
2020-04-02 06:45:11.096854	u/epicgamer_117	fm7es8w	u/AvaTheSeal	fm7eobw	C
2020-04-02 06:45:16.239379	u/Mileonen	fm7esaa	u/aob_sweden	fm7erj2	C
2020-04-02 06:45:31.997581	u/DatRabbi	fm7et1f	u/Ruspa4nale	fm7elkl	C
2020-04-02 06:45:41.393101	u/Jinyu-Pantash	fm7etey	u/jibharkejile	fm77cr1	C
2020-04-02 06:45:53.271390	u/nopow	fm7etut	u/FoxtorGabry	fm7e62p	C
2020-04-02 06:46:06.935428	u/GreatGrab	fm7euip	u/imsmeef	fm6rb6p	C
2020-04-02 06:46:35.810675	u/taur_1009	fm7evhi	u/Uniopin	fm7e953	C
2020-04-02 06:47:09.100292	u/ifidieilive	fm7ew57	u/D3jvis	fm7a8k1	C
2020-04-02 06:47:11.059828	u/Mr_Otterswamp	fm7ew82	u/crappy-mods	fm72jzt	C
2020-04-02 06:47:44.594128	u/aristotle2020	fm7exmq	u/wil803	fm7e6hm	C
2020-04-02 06:49:27.686694	u/Sairoxin	fm7f15a	u/mildly-liberal	fm6v9dy	C
2020-04-02 06:49:39.427783	u/scotchy91	fm7f1g2	u/M0T0-M0T0	fm7bryc	C
2020-04-02 06:49:41.696409	u/theidiotictf2fan	fm7f1x8	u/Dr-hugh-jass106	fm7ee8z	C
2020-04-02 06:49:45.409356	u/reddithaveproblems	fm7f1sj	u/MyAutisticBoi	fm7en87	C
2020-04-02 06:50:48.867965	u/Dan-Ramadan	fm7f40n	u/fualtyzane	fm7c3vx	C
2020-04-02 06:51:19.756294	u/noneOfUrBusines	fm7f4sy	u/pandacoat	fm65jv6	C
2020-04-02 06:51:26.794036	u/Mixmefox	fm7f522	u/Zenti04	fm7e6wo	C
2020-04-02 06:52:25.538581	u/LeniOwO	fm7f70h	u/jandikar	fm7f5hw	C
2020-04-02 06:52:36.758230	u/the_useless_1	fm7f7a0	u/69niceurmoom420	fm5ovjx	C
2020-04-02 06:53:12.708193	u/saltytable	fm7f88x	u/Cthulhujack451YT	fm77els	C
2020-04-02 06:54:05.397054	u/eeveesquad911	fm7faic	u/YeetDeleet	fm7fa39	C
2020-04-02 06:54:12.709263	u/KiNG_fiend	fm7faqv	u/scodennton456	fm750fr	C
2020-04-02 06:54:36.033498	u/casualcrusader7	fm7fb65	u/LegitFideMaster	fm7c33b	C
2020-04-02 06:54:46.967602	u/altafullahu	fm7fbu5	u/TheHeadWalrus	fm6sgz1	C
2020-04-02 06:54:53.187357	u/Sokkernr1	fm7fc59	u/RepostSleuthBot	fm7fakg	C
2020-04-02 06:55:01.407312	u/raz0rMo0s	fm7fcjh	u/-_-Uncommon	fm7f89o	C
2020-04-02 06:55:50.504182	u/TemporaryAccount3455	fm7fdvu	u/divsky2	fm7b5sv	C
2020-04-02 06:56:07.594850	u/stickdudeseven	fm7fek4	u/ContrabandParagon	fm7e6cw	C
2020-04-02 06:57:13.675882	u/gnome-cop	fm7ffm1	u/Kid2ReaperZ	fm7fcfz	C
2020-04-02 06:57:32.533939	u/Frettchen001666	fm7fhch	u/xImZenthixX	fm7fevz	C
2020-04-02 06:57:36.844178	u/THE_OFFICE_BLOWS	fm7fh4j	u/Maxie0210	fm76oq6	C
2020-04-02 06:58:10.971538	u/mabujamaah	fm7fij4	u/Mike210021	fm4njje	C
2020-04-02 06:58:19.586828	u/Queen_Fluffles	fm7fj17	u/K1llerF0xGaming	fm7fh4o	C
2020-04-02 06:58:49.279155	u/towadroid	fm7fjrz	u/Blueness24071	fm7eitb	C
2020-04-02 06:58:53.187152	u/tajanstvenix	fm7fjte	u/KodeyTheNeko	fm75cfz	C
2020-04-02 06:59:15.534805	u/Kazumakazuma898	fm7fksp	u/Balcara	fm70epw	C
2020-04-02 06:59:33.109244	u/Lady_Magic	fm7fl4g	u/AK24ROCKS	fm7e3cv	C
2020-04-02 06:59:53.685914	u/milanvlpd	fm7fm48	u/Kikkomaki	fm7ez93	C
