2020-03-31 12:00:08.839103	u/Fapinator500	fm10u6d	u/NIGERian42069	fm0oa8r	C
2020-03-31 12:00:22.965821	u/chadsworth0524	fm10uks	u/Flyers45432	flzuf3v	C
2020-03-31 12:00:25.348304	u/Reeyowunsixsix	fm10un8	u/Rusty825	fm0ygh7	C
2020-03-31 12:00:28.947972	u/MeaninglessVids	fm10up2	u/Fish_Falling	fm1096q	C
2020-03-31 12:01:25.980247	u/negitivekarma420	fm10vkw	u/RepostSleuthBot	fm0xwpr	C
2020-03-31 12:01:46.852213	u/RandomStranger1776	fm10vze	u/RikkRakk	fm0y59w	C
2020-03-31 12:02:00.237227	u/sjjcosmic	fm10wf2	u/RepostSleuthBot	fm10lph	C
2020-03-31 12:02:50.480704	u/arup02	fm10xc8	u/Fish_Falling	fm0ybqe	C
2020-03-31 12:03:10.032490	u/t0b1n4tOr315	fm10y9x	u/ZenithDaCretan	fm0xqae	C
2020-03-31 12:03:17.335725	u/OriginSport	fm10yo9	u/RandomStranger1776	fm10vze	C
2020-03-31 12:03:21.626784	u/Fatoohi1976	fm10ysx	u/CheesyFeet69	fm0zn9g	C
2020-03-31 12:03:41.348313	u/crusstywaffle44	fm10z79	u/obpie2005	fm0okmw	C
2020-03-31 12:04:25.088915	u/luilak-lazy	fm110eg	u/afartnamedbob	fm0viqz	C
2020-03-31 12:04:39.421293	u/JustAmai	fm110oy	u/GenosseOle	fm0m919	C
2020-03-31 12:04:54.381853	u/Adamshifnal	fm111c3	u/Eruantien930	fm0ukqs	C
2020-03-31 12:04:59.459511	u/Saidaraiza	fm111l4	u/ForsakenCryz	fm0jau1	C
2020-03-31 12:05:24.689312	u/mehmonster123	fm112cx	u/chiyobee	fm0axnr	C
2020-03-31 12:05:42.980167	u/Duternat	fm112rr	u/AutoModerator	flzsi8b	C
2020-03-31 12:06:13.247299	u/Crodr18	fm113rx	u/Balke_kragkuk69420	fm10pzz	C
2020-03-31 12:06:16.190319	u/kilroY_0	fm113vf	u/YoriMirus	fm10vcu	C
2020-03-31 12:06:53.247136	u/Fajaradi123	fm12euq	u/ollulo	fm0u1dp	C
2020-03-31 12:06:54.892280	u/ArchfiendPain	fm12exq	u/Undecided139	fm129cn	C
2020-03-31 12:08:03.739119	u/Supreme_0ld	fm12hkw	u/pizzaking95	fm11wsn	C
2020-03-31 12:08:05.189629	u/MrEnchiladas	fm12hod	u/a_victor	fm119l9	C
2020-03-31 12:08:06.526696	u/oneviolinistboi	fm12hr0	u/Qurisssi	fm0sw77	C
2020-03-31 12:08:29.013540	u/cdurbin909	fm12j2g	u/LordDraco781	fle9p0s	C
2020-03-31 12:08:30.911946	u/XcillStreak	fm12j33	u/GoHeadsGo	fm126qb	C
2020-03-31 12:08:38.207810	u/djbootyboo111	fm12jj1	u/robertron81	fm0z7es	C
2020-03-31 12:08:54.396063	u/_Redditor_420_	fm12kpf	u/Linked-Theory	fm10hb8	C
2020-03-31 12:09:00.676659	u/BirbTheThird	fm12kym	u/Gtfzu	flxu9g8	C
2020-03-31 12:09:12.359177	u/caepree	fm12lhi	u/MurseNaygen	fm0mij9	C
2020-03-31 12:09:17.136687	u/dumberthanuravgbear	fm12ly1	u/HolographicPhoenix	fm0jtr3	C
2020-03-31 12:09:24.425513	u/ForWHOMdaBELLTOLLS	fm12mvt	u/ForbiddenPie	fm0lf3m	C
2020-03-31 12:09:33.055980	u/lady_end	fm12n2y	u/Jay20_03	fm12jcx	C
2020-03-31 12:09:35.479953	u/Ovaday	fm12n55	u/GoldenBG	fm0x0le	C
2020-03-31 12:09:38.406282	u/Tizian_K	fm12nfz	u/chaseprovost21	fm0u4av	C
2020-03-31 12:10:13.723304	u/mycakedayisthe29th	fm12our	u/Azure_Palace	fm0lfas	C
2020-03-31 12:10:23.915067	u/jordab7	fm12pru	u/HennyGawd	fm0pujp	C
2020-03-31 12:10:44.415570	u/substitutewoofer	fm12q7c	u/lifeasekansh	fm0zaw3	C
2020-03-31 12:11:30.918835	u/corvus437	fm12r9w	u/AeZhee	fm1226i	C
2020-03-31 12:11:57.420013	u/youknow-urie	fm12rsi	u/D_T_1_5	fm0b6rs	C
2020-03-31 12:12:18.502797	u/theflappiestflapper	fm12s86	u/Lucius3111	fm0yadl	C
2020-03-31 12:12:26.243162	u/samelusac	fm12sbf	u/spademanden	fm0hork	C
2020-03-31 12:12:35.133159	u/icyblade_	fm12snc	u/notasbruh	fm0mnku	C
2020-03-31 12:12:57.719852	u/DominantHare	fm12t5s	u/RepostSleuthBot	fm12nhm	C
2020-03-31 12:13:08.398124	u/Jomdaz	fm12tet	u/Wick3d_s0uL	fm12fy7	C
2020-03-31 12:13:23.740887	u/filtxrtxps	fm12u0w	u/GoHeadsGo	fm0g4r1	C
2020-03-31 12:14:19.907641	u/skinatri	fm12v0g	u/Annainchains000	flz5ddp	C
2020-03-31 12:14:37.407322	u/DumbIdiotWeirdo	fm12vdn	u/RepostSleuthBot	fm0xstn	C
2020-03-31 12:15:06.482935	u/milk_smells_nice	fm12wbq	u/GoHeadsGo	fm0g4r1	C
2020-03-31 12:15:29.781724	u/monogatarist	fm12xm5	u/ItsMePuddings	fm12bnk	C
2020-03-31 12:16:03.481964	u/Aska09	fm12ynx	u/gbabybackribs	fm0zz00	C
2020-03-31 12:16:26.991683	u/Jorge563	fm12zz7	u/Number__9	fm1008s	C
2020-03-31 12:16:39.590019	u/ellophant1istaken	fm130mu	u/ygrhmn	flzz9y2	C
2020-03-31 12:16:45.517702	u/B00ty_Lick3r	fm130qe	u/r0fff	fm0y9jk	C
2020-03-31 12:16:49.165589	u/NineteenEighty9	fm130s2	u/Emperor_O_Memes	fm12r69	C
2020-03-31 12:16:56.215857	u/emanresusernamemanre	fm130z7	u/living-cursed-image	fm10hlw	C
2020-03-31 12:17:00.504481	u/AnOrangeDuck	fm1313z	u/LukeBlockwalker69	fm12qvh	C
2020-03-31 12:17:23.207758	u/WhispererKappa	fm132ao	u/IntelligentFruit0	fm12rs0	C
2020-03-31 12:18:04.641869	u/spiciernote	fm1341c	u/TacticalLemon65	fm11zhr	C
2020-03-31 12:18:46.972584	u/hajdigamer	fm135q3	u/RandomStranger1776	fm10vze	C
2020-03-31 12:18:49.224320	u/JAKOVtheJJ	fm135r4	u/AlbinoLukaku	fm0lgnb	C
2020-03-31 12:19:18.209500	u/jaka000	fm137bb	u/RepostSleuthBot	fm12qkd	C
2020-03-31 12:19:19.161591	u/RosaGabrielPudrir	fm137bn	u/GoHeadsGo	fm0g4r1	C
2020-03-31 12:19:25.343290	u/flying-kangaroos	fm137wv	u/racerfree	flkndqj	C
2020-03-31 12:19:26.305020	u/MazenFire2099	fm137xv	u/Hammode174	fm11iv3	C
2020-03-31 12:19:40.037240	u/wine_and_pills	fm138b4	u/1tzL3ban	fm12v5i	C
2020-03-31 12:19:42.352148	u/NintendoEssentials	fm138gc	u/Commander_Karma	fm12jbz	C
2020-03-31 12:19:48.379342	u/badger432	fm138za	u/AlbinoLukaku	fm0l2jj	C
2020-03-31 12:19:57.740921	u/Demon_spawn828	fm139ie	u/notasbruh	fm0mnku	C
2020-03-31 12:19:59.195744	u/Vdonvito34	fm139lz	u/D_T_1_5	fm0b6rs	C
2020-03-31 12:20:54.284957	u/LyleTheEgg	fm13avr	u/chakibrzg	fsaqnr	S
2020-03-31 12:21:20.974018	u/wholesomeinsideme	fm13bc7	u/AlbinoLukaku	fm0mh39	C
2020-03-31 12:21:44.371032	u/matklug	fm13buc	u/AutoModerator	fm0eglk	C
2020-03-31 12:22:12.254913	u/deth213	fm13cnl	u/hiportyuop	fm11877	C
2020-03-31 12:22:27.655109	u/LTcoon	fm13dj5	u/AK24ROCKS	fm132s4	C
2020-03-31 12:22:47.403494	u/JBBajanGamer	fm13ed5	u/IIISOPUREIII	fm0ncrj	C
2020-03-31 12:22:59.528405	u/hassy3105	fm13ehs	u/1ts2EASY	fm0za7m	C
2020-03-31 12:23:29.809174	u/Epicidex	fm13fa4	u/RepostSleuthBot	fm139az	C
2020-03-31 12:23:33.196536	u/PanPieCake	fm13fd0	u/the-holy-father	fm0ubqz	C
2020-03-31 12:23:35.357345	u/Alpha3K	fm13fe5	u/KanishkGoyal19	fsfh7u	S
2020-03-31 12:23:37.457259	u/when-users-rule	fm13fes	u/lobo06nyy	fm04uv5	C
2020-03-31 12:23:45.585180	u/Anomalous_Sun	fm13fu5	u/miragen125	fm13e06	C
2020-03-31 12:23:50.932652	u/scumfuckschmuck	fm13g09	u/Hooded56	fm0qsgm	C
2020-03-31 12:24:05.276456	u/tnboy22	fm13gqa	u/MurseNaygen	fm0mij9	C
2020-03-31 12:24:15.611873	u/soufi399	fm13hdb	u/Aduritor	fm0um7s	C
2020-03-31 12:24:20.918570	u/TheKingofIans909	fm13ho5	u/I_wanna_kjill_myself	fm0rz39	C
2020-03-31 12:24:25.324243	u/ialmoststudied	fm13hun	u/TempleOfBone	fm12ydm	C
2020-03-31 12:24:37.746973	u/DerDieter3	fm13idw	u/Qurisssi	fm0sw77	C
2020-03-31 12:25:47.438527	u/safeface1337	fm13l75	u/Jay20_03	fm12vgi	C
2020-03-31 12:25:50.404603	u/SSJSSKenny	fm13l8c	u/corvus437	fm12r9w	C
2020-03-31 12:25:52.279239	u/xylene_qryz	fm13l9m	u/Azure_Palace	fm0lfas	C
2020-03-31 12:25:54.167199	u/Semiox	fm13lar	u/MAGIC_EYE_BOT	fm13cv5	C
2020-03-31 12:26:13.385097	u/H-ckingKaren	fm13m5u	u/AK24ROCKS	fm13kfa	C
2020-03-31 12:27:07.967222	u/Yottahertz_	fm13nbh	u/I_wanna_kjill_myself	fm09rye	C
2020-03-31 12:27:12.096618	u/Senpai59210	fm13nmw	u/a_traktor13579	fm0rlje	C
2020-03-31 12:27:14.626308	u/julescaesar_	fm13nrl	u/xJamesio	fm0pbj7	C
2020-03-31 12:27:20.277156	u/a-mf-german	fm13nxu	u/SSJSSKenny	fm13l8c	C
2020-03-31 12:27:28.939183	u/Gameboy_29	fm13oie	u/ThatGuyAllen	fm136jf	C
2020-03-31 12:27:36.528435	u/cayden0203	fm13ouh	u/Azure_Palace	fm0lfas	C
2020-03-31 12:27:55.849181	u/kade_skeet	fm14t9w	u/AutoModerator	fm0arpc	C
2020-03-31 12:28:14.242487	u/Your_loyal_friend	fm14td7	u/Qurisssi	fm0sw77	C
2020-03-31 12:28:20.507443	u/I-surrender1	fm14txr	u/mpo0021	fm14moe	C
2020-03-31 12:28:34.224063	u/MrSKinsey	fm14um9	u/Hammode174	fm11dgy	C
2020-03-31 12:28:35.979669	u/FellowBeetlejuicers	fm14ums	u/Not_Moxxie	fm0hwud	C
2020-03-31 12:29:04.614779	u/Iwanttodieplzowo	fm14ve6	u/Jussapotato	fm14om3	C
2020-03-31 12:29:06.675542	u/awesomebudhha	fm14vfv	u/Barf_The_Mawg	fm0wnvp	C
2020-03-31 12:29:31.374172	u/Mrbaneprime	fm14wqq	u/Taralyth	fm124js	C
2020-03-31 12:29:33.127996	u/breadybreadman	fm14wtd	u/AlbinoLukaku	fm0lgnb	C
2020-03-31 12:29:51.503696	u/Are_a_loser	fm14xs8	u/BadassDeluxe	fm149n9	C
2020-03-31 12:29:57.911373	u/NovaRipper1	fm14ydn	u/Trump_Did-911	fm14cdm	C
2020-03-31 12:30:02.986792	u/GalactyAlex	fm14yta	u/LordCookieKarma69	fm14uxk	C
2020-03-31 12:30:10.118866	u/Jaydenlikesmemes	fm14yx6	u/Legion_707	fm112yp	C
2020-03-31 12:30:29.619792	u/Herobrain78_YT	fm14z6n	u/Yeetsauc3	fsfuqv	S
2020-03-31 12:30:42.310832	u/Luigisastar	fm14zji	u/xXdarkmoon645Xx	fm14xcq	C
2020-03-31 12:30:51.723313	u/AWetSockIsABadSock	fm14zvk	u/RepostSleuthBot	fm0xstn	C
2020-03-31 12:31:10.722043	u/RetroWhale	fm150bl	u/Jeefly420	fm0q8k7	C
2020-03-31 12:31:29.695043	u/Anne_Hanssi	fm150nm	u/AutoModerator	fm0sd1m	C
2020-03-31 12:31:31.978897	u/REALHEFFIX	fm150pv	u/XIMonsterXl	fm0yefs	C
2020-03-31 12:31:55.355469	u/baffordb	fm151l0	u/PembeTavuk	fm0d9x7	C
2020-03-31 12:31:57.653748	u/L0stSands	fm151ly	u/TimeRockOrchestra	fm14kl4	C
2020-03-31 12:32:18.406689	u/kylerler	fm1522e	u/ikeepwipingSTILLPOOP	fm12op8	C
2020-03-31 12:32:42.985302	u/TetroBroTV	fm1539k	u/ranieripilar04	fm0y7ss	C
2020-03-31 12:32:55.199296	u/analwax	fm153m9	u/Agile_Sea	fm0tmeo	C
2020-03-31 12:32:57.438987	u/idiotic_chicken	fm153mi	u/AutoModerator	fm05dp1	C
2020-03-31 12:33:05.634814	u/Collin-Tennant	fm153sm	u/first-time-second	fm0yepj	C
2020-03-31 12:33:08.958193	u/Mdeer716	fm153uv	u/Hammode174	fm14vsp	C
2020-03-31 12:33:13.355348	u/_Xand0n_	fm153wp	u/Matimusho	fm152gq	C
2020-03-31 12:33:27.259458	u/idiotic_chicken	fm154l2	u/St0fy_S0nIc	fm0vy63	C
2020-03-31 12:34:15.299319	u/death_by_cookie	fm155ud	u/Hammode174	fm10pd0	C
2020-03-31 12:35:09.353472	u/hxznova	fm157lf	u/DominiekV	fsg0yz	S
2020-03-31 12:35:49.864440	u/runedabid123	fm158tx	u/BluefootTheWarrior	fm139ak	C
2020-03-31 12:36:04.876803	u/NeitherCloud	fm159ho	u/Kami103	fm0kgda	C
2020-03-31 12:36:09.048717	u/TrueBeliever26	fm159lh	u/freddyisreaddy	fm14vvq	C
2020-03-31 12:36:24.862902	u/TheSpaceMonkeyBro	fm15abl	u/DisciplinedWolf	fm14rvc	C
2020-03-31 12:36:31.995135	u/Cazordon	fm15akx	u/Letsgomees	fm0f55t	C
2020-03-31 12:36:54.760643	u/Looking4Maria	fm15bcv	u/goldrake_995	fm158jp	C
2020-03-31 12:37:07.565713	u/IzWeird	fm15bxu	u/Qurisssi	fm0sw77	C
2020-03-31 12:37:27.216298	u/wholord000	fm15c98	u/AlexJonesInDisguise	fm14zuw	C
2020-03-31 12:37:33.752831	u/LifeIsBigMystery	fm15ca2	u/Yottahertz_	fm13nbh	C
2020-03-31 12:38:04.880386	u/Potterfan666	fm15d1i	u/Disappointed_Monkey_	fm15bt5	C
2020-03-31 12:38:18.712217	u/kamikazecopter300	fm15dk2	u/Connorclan	fm138nb	C
2020-03-31 12:38:34.694657	u/Jackthedog130	fm15dwj	u/daltonpassmore18	fm0wti4	C
2020-03-31 12:38:36.065469	u/thanosgnomecardo	fm15dwi	u/Van-Dangus	fm15ccd	C
2020-03-31 12:38:40.306489	u/biscut-boi	fm15dxz	u/ItsNotARubiksCube	fm0aw9b	C
2020-03-31 12:38:49.250027	u/big_c_los	fm15emr	u/Zenon_Gaming	fm0xzv5	C
2020-03-31 12:38:52.467388	u/roi_elboim27	fm15eq5	u/0xVENx0	fm0facv	C
2020-03-31 12:38:55.266474	u/Ali_Amr_Ezzat	fm15ezr	u/Lesdorph	fm0thcg	C
2020-03-31 12:39:22.918111	u/Keaten88	fm15g1o	u/AlbinoLukaku	fm0l2jj	C
2020-03-31 12:39:41.180530	u/GMCKKCMG	fm15gat	u/Bluegriffin0999	flzt1vv	C
2020-03-31 12:40:54.714305	u/Daniel1212121	fm15kiu	u/LostName50	fm120h3	C
2020-03-31 12:41:12.094200	u/sabreR7	fm15lbe	u/MurseNaygen	fm0sskv	C
2020-03-31 12:41:14.550967	u/GIBBEEEHHH	fm15lbf	u/mrboat-man	fm12b32	C
2020-03-31 12:41:21.614244	u/Andythebest21	fm15lgv	u/Qurisssi	fm0sw77	C
2020-03-31 12:41:26.299321	u/ChivalrousLonda	fm15lil	u/racerfree	flt3bfo	C
2020-03-31 12:41:38.616388	u/itchrevenge	fm15lq9	u/miragen125	fm137o5	C
2020-03-31 12:42:25.803202	u/Oprz_Qc	fm15ndv	u/SlamulusBranulus	fm15lcl	C
2020-03-31 12:42:31.719783	u/renegade667-	fm15nj8	u/MrFoxGamingTheOG	fm15jzs	C
2020-03-31 12:43:08.991660	u/liberty-prime-2287	fm15ote	u/XIMonsterXl	fm0yefs	C
2020-03-31 12:43:23.658056	u/JustTheTipPlusAnInch	fm15pdo	u/Qurisssi	fm0sw77	C
2020-03-31 12:43:28.012293	u/MrRedditGuy3	fm15pen	u/RickOnTheBeach-	fm0v8l6	C
2020-03-31 12:43:34.215862	u/Crew520	fm15prd	u/DoggishPrince	fm0uxsq	C
2020-03-31 12:43:36.413254	u/rj104	fm15psl	u/hassy3105	fm13ehs	C
2020-03-31 12:43:44.645609	u/I_bims_1_Mensch	fm15q7a	u/Hudriwudi	fm0pdos	C
2020-03-31 12:44:07.763608	u/renegade667-	fm15qzp	u/AutoModerator	fm15fxn	C
2020-03-31 12:45:08.653765	u/Juakius26	fm15s49	u/a_very_small_dude	fm15plj	C
2020-03-31 12:46:38.054551	u/juliojoe420	fm15uxq	u/GIBBEEEHHH	fm15lbf	C
2020-03-31 12:46:45.674104	u/i-like-crusty-toes89	fm15v9m	u/Matimusho	fm15sm9	C
2020-03-31 12:47:16.757991	u/AUserNameNoOneTook	fm172do	u/TemoFawwaz	fm0k4oq	C
2020-03-31 12:47:22.369897	u/Deviljhojo	fm172gh	u/GuyOnTheNet2	fm0w414	C
2020-03-31 12:47:24.043589	u/Dr_Killer1329	fm172ii	u/MazenFire2099	fm13b4w	C
2020-03-31 12:47:30.466301	u/jules637283	fm172tb	u/jahjah0405	fm0tiei	C
2020-03-31 12:47:40.186935	u/lpc1994	fm1737p	u/xotive	fm0zc86	C
2020-03-31 12:47:44.851092	u/alesterakens	fm173fh	u/AlbinoLukaku	fm0l2jj	C
2020-03-31 12:48:04.463935	u/kyetonio	fm173lh	u/YashThebeast	fm12jdk	C
2020-03-31 12:48:07.315556	u/steinskeeper	fm173pa	u/straightyoshi420	fm0muyq	C
2020-03-31 12:48:09.493843	u/Dychab100	fm173qa	u/weirdchild62	fm15m2c	C
2020-03-31 12:48:12.318293	u/BatteryAcid69	fm173w4	u/NigitTheMemer	fm16urc	C
2020-03-31 12:48:17.493030	u/_SkyShark	fm1743q	u/bruhmajesticmoment	fm16wpx	C
2020-03-31 12:48:47.269084	u/TwerpDerpy	fm175d3	u/rainfire47	fm16y56	C
2020-03-31 12:48:50.245567	u/xuzix	fm175gj	u/LoliGayTrap	fm171hq	C
2020-03-31 12:48:56.067748	u/ExHentaiHavenEmploye	fm175xt	u/billyshakes27	fm17437	C
2020-03-31 12:49:13.470893	u/GeneralSecrecy	fm176iu	u/Andarude	fm11dm4	C
2020-03-31 12:49:27.420387	u/SneakyNela	fm177cn	u/miragen125	fm173j0	C
2020-03-31 12:49:33.113885	u/chiku00	fm177lx	u/vpratham04	fm14gyo	C
2020-03-31 12:49:42.076958	u/tylerm442	fm178a5	u/Ima_Little_Bitch_Boy	fm1444k	C
2020-03-31 12:49:46.177074	u/Lord_Cronic	fm178kk	u/Ao1Yamada	fm16wul	C
2020-03-31 12:50:09.744890	u/rehan9	fm1792x	u/AlbinoLukaku	fm0l2jj	C
2020-03-31 12:50:34.454724	u/CurryMan21	fm179mp	u/chiggin_nuggets	fm0vymo	C
2020-03-31 12:50:43.197059	u/Fishwalking	fm179wh	u/Blueacego86	fm16r6y	C
2020-03-31 12:51:23.107235	u/fuckingdepressedemo	fm17aub	u/LeGeekEnCravate	fm0t4u2	C
2020-03-31 12:51:38.107394	u/naytreox	fm17b6s	u/TempleOfBone	fm12ydm	C
2020-03-31 12:51:42.687515	u/devin5500	fm17b9s	u/Dr_Killer1329	fm172ii	C
2020-03-31 12:52:17.406980	u/webbjaylin	fm17cpe	u/SC4L4RBL4Z3	fm174r9	C
2020-03-31 12:53:20.671588	u/saggysandwich	fm17e2o	u/dootloopscereal	fm144s3	C
2020-03-31 12:53:29.789629	u/MedicOdin	fm17ejp	u/EliteAssassin750	fm17a0x	C
2020-03-31 12:54:12.765269	u/Ramsvikyolo	fm17fyw	u/unsuspicious_salmon	fm17coj	C
2020-03-31 12:54:17.827512	u/Amon-Goeth	fm17g2g	u/mosab15	fm168pc	C
2020-03-31 12:54:26.180854	u/Zombieman-	fm17ggl	u/vulkur	fm0s9zq	C
2020-03-31 12:54:42.822389	u/swedemanqb04	fm17gsm	u/RandomStranger1776	fm10vze	C
2020-03-31 12:54:53.543363	u/DRUNK-BURITO	fm17h9q	u/IzWeird	fm15quu	C
2020-03-31 12:55:13.784173	u/Vbernardo79	fm17hlx	u/goldrake_995	fm16is1	C
2020-03-31 12:55:36.167168	u/__cream_ru	fm17ih0	u/Hammode174	fm10xii	C
2020-03-31 12:55:46.459449	u/kevR_08	fm17iqh	u/daltonpassmore18	fm0msk0	C
2020-03-31 12:55:56.097941	u/dead-children	fm17j4a	u/TOXICWOLF62	fsclid	S
2020-03-31 12:56:11.730364	u/theunusualnoob	fm17jny	u/tryaege	fm0cpkt	C
2020-03-31 12:56:24.441174	u/inb4ww3	fm17kc0	u/aemonp16	fm12l0b	C
2020-03-31 12:56:27.974602	u/Mrpolje	fm17kfa	u/QuirkySquid	fm17abt	C
2020-03-31 12:56:40.031098	u/ShadowMagix	fm17kzz	u/Titan2562	fm0qxhv	C
2020-03-31 12:56:44.708045	u/saintbadass	fm17l5d	u/arrow100605	fm14by5	C
2020-03-31 12:57:25.801543	u/Embarrassed-Advice	fm17m2b	u/Astrovancer	fm16icn	C
2020-03-31 12:57:49.017841	u/Bretharvell11	fm17mxi	u/6942051	fm0utlc	C
2020-03-31 12:58:06.303637	u/Finno-Ugric	fm17odg	u/whatislove2019	fm16xi0	C
2020-03-31 12:58:20.078390	u/Kilian371	fm17p2q	u/devin5500	fm17b9s	C
2020-03-31 12:58:27.817659	u/El_ThotStopper	fm17pjj	u/cosmic_cat_art	fm169fm	C
2020-03-31 12:58:32.445911	u/Bob_Ross_the_racecar	fm17psy	u/nbirdie100	flopppv	C
2020-03-31 12:59:02.271105	u/NvrOnTime	fm17r62	u/kiIIcharge	fm16weu	C
2020-03-31 12:59:17.448011	u/Quackurrate	fm17rnj	u/IWantDie-	fm14c6h	C
2020-03-31 12:59:22.737271	u/joshuakm	fm17s4t	u/MAGIC_EYE_BOT	fm17li1	C
2020-03-31 12:59:33.764864	u/Krazekiller_299	fm17s7u	u/TempleOfBone	fm17dg9	C
2020-03-31 12:59:41.345328	u/_Aneesh_AK_	fm17sn6	u/Zenon_Gaming	fm0xzv5	C
2020-03-31 12:59:42.695612	u/Adog__24	fm17stk	u/Username694205822	fm0jbsv	C
2020-03-31 12:59:47.905766	u/windowskeyplsandty	fm17tdf	u/PorterPoignant	fm0cd48	C
