2020-04-11 22:00:26.631471	u/KimJongSkill492	fn555rn	u/archerbow234	fn3xmja	C
2020-04-11 22:00:38.119174	u/farfadett	fn556g0	u/YourTypicalElitist	fn54srj	C
2020-04-11 22:00:42.891511	u/Legles101	fn556qr	u/BlitheSwing6523	fn4wpd3	C
2020-04-11 22:01:14.017449	u/HNedimLP	fn557o5	u/Lenton99	fzlu7b	S
2020-04-11 22:03:11.342145	u/KookskyReddit	fn55c87	u/KarmaSnek	fn528q8	C
2020-04-11 22:03:20.946067	u/Angryjoel771	fn55ce8	u/SP3CIFIC	fn54n84	C
2020-04-11 22:03:27.007716	u/TheCandyCorn	fn55ck6	u/betterdashirun	fn52z36	C
2020-04-11 22:03:46.840701	u/arisachan07	fn55d48	u/RocketGamingFoxYT	fn3tpo5	C
2020-04-11 22:04:08.787642	u/SnowTheMemeEmpress	fn55du6	u/EmeraldXRun	fn4smu1	C
2020-04-11 22:04:12.854380	u/nuclear_girl	fn55e24	u/leaderofthevirgins	fn4xgab	C
2020-04-11 22:04:27.642987	u/YoloForJesusChrist	fn55enm	u/n-crispy7	fn2gij6	C
2020-04-11 22:04:47.501939	u/BebeStonksMan	fn55fj0	u/Mk_Money2021	fmeff5p	C
2020-04-11 22:05:44.052133	u/DeadRabbit8813	fn55iu6	u/GanjaToker408	fn4e55h	C
2020-04-11 22:05:49.742527	u/jokehunt96	fn55j1d	u/Starwarsmemes13	fn02rmf	C
2020-04-11 22:05:58.380197	u/thatboiiiiiiii28	fn55jgo	u/Pando9owastaken	fn4za1u	C
2020-04-11 22:06:03.080977	u/leJINdary_dad_jokes	fn55jss	u/New_Mammal	fn54o2o	C
2020-04-11 22:06:17.363584	u/bambamgc_25	fn55k4t	u/cloudsoffinlanduwu	fn47gkw	C
2020-04-11 22:06:39.648215	u/vortillio	fn55l48	u/omrantx2	fn55c67	C
2020-04-11 22:06:42.863949	u/PaperclipDragon	fn55l9y	u/MSGRiley	fn4vsiw	C
2020-04-11 22:06:48.445304	u/emw_16	fn55liq	u/Your_loyal_friend	fn4wlp7	C
2020-04-11 22:07:32.344549	u/kingssman	fn55ne3	u/Lebanx	fn4wrzk	C
2020-04-11 22:08:08.268924	u/Oofdoodoo	fn55ozw	u/Mrcheddarboi	fn4wve6	C
2020-04-11 22:08:17.361993	u/JorjorBinks1221	fn55pka	u/Master_JBT	fn516ay	C
2020-04-11 22:08:45.422262	u/SpookyBoi35	fn55r4u	u/RepostSleuthBot	fn4mnpa	C
2020-04-11 22:08:48.691577	u/RedstoneGeek1	fn55rax	u/TheMicasaurus	fn54s08	C
2020-04-11 22:09:01.170076	u/Waluigis-mustache	fn55sh3	u/SaulsaWithChips	fn55107	C
2020-04-11 22:09:24.898960	u/ChrissyStepford	fn55tr7	u/allykopow	fn5508i	C
2020-04-11 22:09:26.322769	u/AddyMuch	fn55trb	u/teflondonald1776	fzkxb3	S
2020-04-11 22:09:28.412246	u/soggyurethra	fn55twr	u/The_Last_Y	fn545lb	C
2020-04-11 22:09:30.114398	u/ba123blitz	fn55tzt	u/dietpepsi42069	fn51v0g	C
2020-04-11 22:09:34.950974	u/dampuckjews	fn55uka	u/Tankertot1123	fn550j4	C
2020-04-11 22:09:53.259295	u/kilroy_wh	fn55v5r	u/NotAMazda	fzkyxt	S
2020-04-11 22:09:58.948005	u/kekistanian_solja	fn55vkr	u/TheCandyCorn	fn55ck6	C
2020-04-11 22:11:18.260225	u/michael97854	fn55ysi	u/YTFatGuyGaming	fzmo5p	S
2020-04-11 22:12:15.773377	u/dark-vater	fn56199	u/HowardsRocks	fn4vkmx	C
2020-04-11 22:12:42.276663	u/Speed_Deamon	fn5623c	u/bambamgc_25	fn55k4t	C
2020-04-11 22:12:46.482413	u/AndHisNameIsMoo	fn562ac	u/Dr_dry	fn54bul	C
2020-04-11 22:13:59.931461	u/Erodedragon18	fn56564	u/MurseNaygen	fn4xicz	C
2020-04-11 22:14:19.018325	u/Reido-frickin-dorito	fn565x6	u/bcrouch1	fn505j0	C
2020-04-11 22:14:26.349900	u/jackalsnifffeet	fn5669r	u/Realityiswack	fn560j1	C
2020-04-11 22:14:56.728120	u/Common_Filth	fn567my	u/Master_JBT	fn4vn8l	C
2020-04-11 22:15:03.374070	u/Negasenpai	fn567vc	u/apolloladdie	fn546rs	C
2020-04-11 22:15:41.404721	u/imcapam4_2	fn569jy	u/TheGBP_offical	fn45eet	C
2020-04-11 22:15:45.216153	u/Vladimir_Poutine69	fn569od	u/nuclear_girl	fn55e24	C
2020-04-11 22:15:50.474351	u/demoboilizer	fn569xg	u/TRBuild	fn55mln	C
2020-04-11 22:15:52.477415	u/GeneralFactotum	fn56a1i	u/bunchedupwalrus	fn55v67	C
2020-04-11 22:16:13.413845	u/AreYouAaronBurr	fn56avh	u/theodore_bundy_	fn4ux2w	C
2020-04-11 22:16:17.877020	u/ItsReckliss	fn56ay8	u/wellshit2face	fn4nwlz	C
2020-04-11 22:16:33.222512	u/HorseDrankMyWhiskey	fn56c3z	u/MSGRiley	fn4vsiw	C
2020-04-11 22:16:42.310938	u/squishyslime	fn56ceh	u/scp-REDACTED-site14	fn568bl	C
2020-04-11 22:16:59.087961	u/sadnwich	fn56d20	u/Longus96	fn56awh	C
2020-04-11 22:17:03.943483	u/Citizen_Snip	fn56dge	u/The_Last_Y	fn52k2z	C
2020-04-11 22:17:27.917214	u/wearerofgasmask	fn56ek0	u/sean_hates_onions	fn563ja	C
2020-04-11 22:17:47.840318	u/tachibana_ryu	fn56gnh	u/ARealFool	fn51lq1	C
2020-04-11 22:17:56.869632	u/db2	fn56gzu	u/superqwerty11112	fmspufm	C
2020-04-11 22:18:05.868832	u/ChrisEHood	fn56hhi	u/Zient15	fn4fmf7	C
2020-04-11 22:18:38.002095	u/JackSparrows449	fn56jyr	u/scp-REDACTED-site14	fn56hwn	C
2020-04-11 22:18:58.601377	u/MPEGabriel	fn56kxu	u/YourTypicalElitist	fn55xzi	C
2020-04-11 22:19:12.715137	u/ssf_dbst47x	fn56mcj	u/Zinalaki	fn4v77o	C
2020-04-11 22:19:16.227497	u/erectionCONNECTIONz	fn56ml2	u/YourTypicalElitist	fn552g3	C
2020-04-11 22:19:18.066143	u/AbhiMuni1411	fn56mtm	u/23082009	fn55m0m	C
2020-04-11 22:19:23.470001	u/no_one387	fn56n4f	u/psychologyFanatic	fn4t3h8	C
2020-04-11 22:19:36.206524	u/JustARandomJew	fn56ofs	u/SP3CIFIC	fn54do6	C
2020-04-11 22:19:39.212634	u/1looly1	fn56okc	u/KarlCuddles	fn4o99o	C
2020-04-11 22:19:51.547041	u/plipplop1	fn56qjl	u/V4_Sleeper	fn50x32	C
2020-04-11 22:19:53.604074	u/AaronGreaterThanSpez	fn56qvt	u/MrDankyStanky	fn412h2	C
2020-04-11 22:19:54.447074	u/Esmack	fn56qxd	u/MaximaBlink	fn52xlo	C
2020-04-11 22:19:57.833219	u/alwaysthebaby	fn56ra1	u/leJINdary_dad_jokes	fn55jss	C
2020-04-11 22:20:58.648812	u/justashadeaux	fn56uku	u/Alittar	fn551ok	C
2020-04-11 22:21:20.303302	u/abhiroopwastaken	fn56v7n	u/Teddy108	fms44w7	C
2020-04-11 22:22:28.651564	u/austrian-winter-peas	fn56xwy	u/KittyWithFangs	fn3wna8	C
2020-04-11 22:22:32.051107	u/Kings_Gold_Standard	fn56xze	u/prett_momes	fn2uwur	C
2020-04-11 22:22:39.173400	u/gotmilkas	fn56y6c	u/AlfadorsBoggle	fn4r8n3	C
2020-04-11 22:23:00.473509	u/International_Candy	fn56yt5	u/White-Obama231	fn55msv	C
2020-04-11 22:23:07.847829	u/adonej21	fn56z3y	u/EvilWolfSEF	fn54w5a	C
2020-04-11 22:23:10.117421	u/Mr_Animemeguy	fn56z4z	u/AlfadorsBoggle	fn4r8n3	C
2020-04-11 22:23:41.276777	u/BinaryDwarf	fn570e8	u/kyleman39	fn53uow	C
2020-04-11 22:23:44.828492	u/SomeUserComment	fn570ln	u/kyleman39	fn53uow	C
2020-04-11 22:24:29.153369	u/Dralix001	fn572lj	u/YeOldGravyBoat	fn53sla	C
2020-04-11 22:24:31.237273	u/Skypzz11	fn572ok	u/AbhiMuni1411	fn56mtm	C
2020-04-11 22:24:59.507988	u/rachpiec	fn574ff	u/VibraniumDragonborn	fl5nrgn	C
2020-04-11 22:25:16.790115	u/FatherSpacetime	fn575hp	u/Nearlyepic1	fn4zyr7	C
2020-04-11 22:26:03.344353	u/maygreene	fn5783l	u/The-Figure-13	fn4wi7b	C
2020-04-11 22:26:24.005055	u/EthicalGradient	fn5796q	u/Lebanx	fn4wrzk	C
2020-04-11 22:27:04.754751	u/Mudkips4Life	fn57bt7	u/Sumotory-007	fn2mp52	C
2020-04-11 22:27:14.378827	u/GamerMan9090	fn57c5s	u/eiggaMAD	fzo0c2	S
2020-04-11 22:27:39.446485	u/_Insert_Meme_Here_	fn57dft	u/juliofrivia	fmmg7xo	C
2020-04-11 22:27:46.354489	u/A-Literal-Nobody	fn57dog	u/Stroyetzel	fn4opax	C
2020-04-11 22:28:11.297280	u/substandardpoodle	fn57fnu	u/White-Obama231	fn56idz	C
2020-04-11 22:28:16.837510	u/Enevevet	fn57g5a	u/FloweyTheFlowerYT	fn56xej	C
2020-04-11 22:28:26.271458	u/AJ70694	fn57gpj	u/Speed_Deamon	fn57ffm	C
2020-04-11 22:28:40.321250	u/PumpkinCrabApple	fn57hpi	u/Bruhith	fn55v0y	C
2020-04-11 22:29:12.006773	u/024Luke420	fn57kla	u/freetobeme2020	fn4dje2	C
2020-04-11 22:29:21.289573	u/Androktone	fn57lb9	u/Jeynarl	fn56wrp	C
2020-04-11 22:29:22.639464	u/Rivalfox	fn57lcw	u/New_Mammal	fn56wm4	C
2020-04-11 22:29:34.768357	u/raven12456	fn57mde	u/AlfadorsBoggle	fn4r8n3	C
2020-04-11 22:29:36.312500	u/_Pellucidity_	fn57mf7	u/doyouareidot	fn57j57	C
2020-04-11 22:29:37.628286	u/Astropy	fn57mok	u/alwaysthebaby	fn56ra1	C
2020-04-11 22:29:41.414915	u/ihopeimnotbald	fn57mrz	u/dietpepsi42069	fn53uee	C
2020-04-11 22:29:46.681815	u/Captain_Hell	fn57n0j	u/when_you_cant_stop	fn50ckh	C
2020-04-11 22:29:59.944657	u/CrankedZombie	fn57odb	u/bcrouch1	fn566yg	C
2020-04-11 22:30:06.914359	u/jazzdownthestreet	fn57oku	u/Killakenyan	fn53mnb	C
2020-04-11 22:30:35.776015	u/Thtutkai	fn57pj6	u/xx_nonsense_xx	fn53kzq	C
2020-04-11 22:31:47.601376	u/k8sContain	fn57r2r	u/mikeymichaels	fn55ts9	C
2020-04-11 22:32:05.610409	u/sergeantnormscully	fn57rdq	u/YeOldGravyBoat	fn562au	C
2020-04-11 22:32:31.989202	u/Throwaway105252	fn57rz0	u/Kirk_Bananahammock	fn54m7i	C
2020-04-11 22:32:46.451096	u/IagMumRuoy	fn57sff	u/Meowstic_fan69	fn57jbl	C
2020-04-11 22:33:29.963487	u/FkHarlequin-	fn57tzn	u/ThatTemplar1119	fn57jkl	C
2020-04-11 22:33:47.900206	u/the_UwU_420	fn57up5	u/i-like-to-be-wooshed	fn402tp	C
2020-04-11 22:33:55.652755	u/derpasfuck	fn57uwm	u/DantetheMarco	fn53m3j	C
2020-04-11 22:34:30.183052	u/ChaseWaddy	fn57vrn	u/apurplecurtain33	fn4w8nq	C
2020-04-11 22:34:39.044370	u/Hakhoda	fn57vtx	u/Skypzz11	fn572ok	C
2020-04-11 22:35:07.761133	u/dannemora	fn57wo4	u/Skypzz11	fn572ok	C
2020-04-11 22:35:13.569109	u/T-Reks-U	fn57wp8	u/Killakenyan	fn53mnb	C
2020-04-11 22:35:19.063914	u/Scipio223	fn57x5n	u/vargslayer1990	fn57ven	C
2020-04-11 22:35:31.895459	u/Radioman6	fn57xrm	u/billybouffey	fn4weqi	C
2020-04-11 22:35:37.035463	u/johannthor123	fn57xyk	u/Itahaic_	fn57vyw	C
2020-04-11 22:36:01.072607	u/throwaway1000976	fn57yxn	u/someoneudontno1	fn52nij	C
2020-04-11 22:37:02.249861	u/BeardedDragoN6	fn581ct	u/blazing_mexican	fzfxw2	S
2020-04-11 22:37:11.320925	u/Beefypotato13	fn581ur	u/BigKidNow3	fn4uy13	C
2020-04-11 22:37:43.959550	u/Zman350x	fn582yl	u/aabdulr2	fn581vu	C
2020-04-11 22:37:51.944450	u/TheBlackParadeisBack	fn5830y	u/IagMumRuoy	fn57sff	C
2020-04-11 22:38:23.734883	u/FloridaManYeeting69	fn5853a	u/YourTypicalElitist	fn582tw	C
2020-04-11 22:38:40.136222	u/PayneHealer	fn5863g	u/Rivalfox	fn57lcw	C
2020-04-11 22:38:43.012786	u/itsNinjaKidd	fn58658	u/aabdulr2	fn581vu	C
2020-04-11 22:38:49.459315	u/xwolf360	fn586gw	u/CrankedZombie	fn57odb	C
2020-04-11 22:38:51.848781	u/Maragirl	fn586ka	u/boy_robot_Sky	fn4c74o	C
2020-04-11 22:39:01.363657	u/Floppyquaffy	fn587d4	u/Criton1900	fn57xtn	C
2020-04-11 22:39:27.587780	u/brought2ubyphilswift	fn5888g	u/Speed_Deamon	fn57vjd	C
2020-04-11 22:39:41.302142	u/joker-here	fn5891y	u/maygreene	fn582dy	C
2020-04-11 22:40:12.804795	u/castor2015	fn58b6y	u/brought2ubyphilswift	fn5894c	C
2020-04-11 22:40:44.378746	u/GainedFiber2742	fn58bug	u/jjjjacckk	fn4wpnp	C
2020-04-11 22:40:47.813545	u/_Bran_Flakes	fn58bwz	u/Bacon_Techie	fn4vfsb	C
2020-04-11 22:41:06.697587	u/CrapZackGames	fn58cjj	u/00psieD00psie	fn4wr78	C
2020-04-11 22:41:23.848227	u/03EngineEar	fn58d3a	u/GreenyMcReddit2	fn5753d	C
2020-04-11 22:41:44.431774	u/pussylicker995	fn58dw7	u/FloweyTheFlowerYT	fn56vir	C
2020-04-11 22:42:24.612057	u/Pixel_QQ	fn58f0j	u/PayneHealer	fn5863g	C
2020-04-11 22:43:23.424644	u/WingoMcgravyRichard	fn58hes	u/Rocc6913	fn58c08	C
2020-04-11 22:43:43.234226	u/iHazGames	fn58ihu	u/KarlCuddles	fn4o99o	C
2020-04-11 22:43:49.483012	u/AJDx14	fn58img	u/YeOldGravyBoat	fn562au	C
2020-04-11 22:44:08.919687	u/motoraway321	fn58j2o	u/Ultra_Noobzor	fn2bupe	C
2020-04-11 22:44:46.685540	u/ryuwaterbug	fn58krw	u/Zman350x	fn58io2	C
2020-04-11 22:45:00.632777	u/starboy-xo98	fn58ldl	u/msmith721	fn4lwue	C
2020-04-11 22:45:33.419880	u/Frostbeartunez	fn58mwd	u/IHaveFoodOnMyChin	fn3uttz	C
2020-04-11 22:45:39.255296	u/hakkai999	fn58n2u	u/jollygreenscott91	fn4q0b8	C
2020-04-11 22:45:45.973931	u/ShastaMite	fn58nhi	u/bigthinkmemes69	fn40vlq	C
2020-04-11 22:46:01.296683	u/WarDanceGaming	fn58oi5	u/Socialist-Hero	fn53shd	C
2020-04-11 22:46:03.232797	u/Oofers-skdoofers	fn58oi3	u/RocketGamingFoxYT	fn4qqhp	C
2020-04-11 22:46:15.838939	u/allst4r69	fn58oo2	u/TistedLogic	fn58h20	C
2020-04-11 22:46:21.295054	u/Travyplx	fn58otr	u/Disco_Tempo	fn55xby	C
2020-04-11 22:46:51.976537	u/yspud	fn58poc	u/heller_	fn2y6x7	C
2020-04-11 22:47:23.499459	u/Tkdude81	fn58rch	u/dietpepsi42069	fn517rv	C
2020-04-11 22:47:44.824324	u/Lafuffa	fn58sbz	u/jazzdownthestreet	fn581xf	C
2020-04-11 22:48:46.888469	u/dmen333x2	fn58vqu	u/xxGunnmanxx	fn58pjl	C
2020-04-11 22:49:05.236548	u/Ambitious-Reindeer	fn58wiw	u/poorly_timed_fuck	fn57pwj	C
2020-04-11 22:49:16.653771	u/Eatitapple	fn58xhh	u/how_to_namegenerator	fn3rrp5	C
2020-04-11 22:49:22.088094	u/Eltacosupremus	fn58y4m	u/raven12456	fn57mde	C
2020-04-11 22:49:35.547088	u/Detective_Cousteau	fn58zc9	u/dietpepsi42069	fn51boq	C
2020-04-11 22:49:39.191874	u/chessplayer121	fn58zlr	u/ThatTemplar1119	fn58uxm	C
2020-04-11 22:49:52.113607	u/Seamen-Thrower	fn590wb	u/i_have_a_10inchpenis	fn4mypu	C
2020-04-11 22:49:57.861413	u/psychedelicperson	fn591p9	u/00psieD00psie	fn4wr78	C
2020-04-11 22:49:58.836661	u/bounceflow	fn591s1	u/Omega4269	fn526vf	C
2020-04-11 22:50:42.460230	u/blamdin	fn593vh	u/AlfadorsBoggle	fn4r8n3	C
2020-04-11 22:50:49.416562	u/DarKbaldness	fn59458	u/dietpepsi42069	fn51v0g	C
2020-04-11 22:50:53.661393	u/ixiduffixi	fn5949q	u/UwUassass1n	fn583mp	C
2020-04-11 22:51:23.770138	u/El_Chairman_Dennis	fn5956b	u/Assmar	fn52jiy	C
2020-04-11 22:51:35.389362	u/fanver56	fn595h8	u/Ract0r4561	fn4x5gb	C
2020-04-11 22:52:03.414743	u/Yeah_like_maybe	fn595wv	u/Criton1900	fn57xtn	C
2020-04-11 22:52:31.751436	u/SilverSpireZ	fn597d5	u/T5R2S	fn3z8av	C
2020-04-11 22:53:04.814579	u/Drodr10	fn598vg	u/A_team_of_ants	fn446z3	C
2020-04-11 22:53:20.326178	u/jayplays900	fn599fs	u/ButIDidKidnapHisWife	fn598fq	C
2020-04-11 22:53:28.613702	u/anonymous1654833	fn599jr	u/originalsinisterdeer	fn4tlnb	C
2020-04-11 22:53:50.220966	u/testaccount62728	fn59aes	u/Lebanx	fn4wrzk	C
2020-04-11 22:53:52.357037	u/thesparkthatbled	fn59af7	u/DaEpicNess666	fn4p6zw	C
2020-04-11 22:54:36.850178	u/seamus-jamus	fn59bjm	u/uhummmmmm	fn58zap	C
2020-04-11 22:54:43.213249	u/oOwlBoyo	fn59bnk	u/Hakhoda	fn57vtx	C
2020-04-11 22:54:57.467570	u/Doomer92	fn59c74	u/dietpepsi42069	fn517rv	C
2020-04-11 22:55:29.096279	u/habaneroharlot	fn59dmr	u/Killakenyan	fn53mnb	C
2020-04-11 22:56:21.805560	u/ramimgh	fn59fym	u/theitdude1987	fn4vv5i	C
2020-04-11 22:56:25.288525	u/Winchester_The_Wolf	fn59g1i	u/Harmxn-	fn4w0be	C
2020-04-11 22:58:02.526800	u/Stumblebee	fn59kzz	u/Massive-Risk	fn4txt0	C
2020-04-11 22:58:19.538753	u/evil_drummer91	fn59lom	u/Ze-Plague-Doctor	fn4ewud	C
2020-04-11 22:58:45.247792	u/SonnusFanAB-C3000	fn59mx1	u/xXmikros_alanakosxX	fn3fw7r	C
2020-04-11 22:59:17.169583	u/AWildCommie	fn59p52	u/lisztianboi	fn4edpe	C
2020-04-11 22:59:27.985463	u/StayTrill-19	fn59p9z	u/PenguinWithAglock	fn4wskl	C
2020-04-11 22:59:29.844707	u/MoreNormalThanNormal	fn59pet	u/DarKbaldness	fn59458	C
2020-04-11 22:59:56.292279	u/DatFirestorm	fn59rcu	u/RjBlack06	fn59kjg	C
2020-04-11 22:59:58.865082	u/Kentuky_Fried_Chiken	fn59rih	u/BrainTurtle05	fn56we4	C
2020-04-11 22:59:59.594952	u/PumasCH10	fn59rjn	u/yousofunny111	fn3xugo	C
