2020-03-23 13:00:04.369615	u/lolOwOUwU	flaf7g5	u/Gonzi_HR	flaes2p	C
2020-03-23 13:00:06.940977	u/Chunky-Giraffe	flaf7hs	u/Philip347	flabhf1	C
2020-03-23 13:00:41.692815	u/snoringscarecrow	flaf8qx	u/Battison1735	fla6zox	C
2020-03-23 13:00:57.477482	u/themonkinizer-	flaf8yl	u/Jmoney1932	fladaw6	C
2020-03-23 13:01:02.302245	u/Toilet_Time_Material	flaf91m	u/WelcometoP-Town	flac48y	C
2020-03-23 13:01:11.745107	u/RAYKINGOD	flaf9h7	u/elonsmusketer	flaf6x1	C
2020-03-23 13:01:16.354278	u/Funnystix14	flaf9hp	u/DownSyndromeDogs	fla25er	C
2020-03-23 13:01:31.347051	u/SociallyDeadOnReddit	flafa4y	u/Fantastic_Ostrich	filpmr1	C
2020-03-23 13:01:47.231904	u/Ethanextinction	flafaib	u/AutoModerator	fl9k23b	C
2020-03-23 13:02:06.451926	u/Joah06	flafbc1	u/Additional_Werewolf	fla8kds	C
2020-03-23 13:02:40.303369	u/Chungus_4life	flafchw	u/bested124	fla56to	C
2020-03-23 13:02:42.579400	u/EvilDoritos	flafcl8	u/AutoModerator	fl9lxc6	C
2020-03-23 13:03:05.886325	u/thanos12345635	flafd30	u/Sith-Inquisitor	flaarey	C
2020-03-23 13:03:36.103834	u/ephkart	flafdua	u/MazieWolf	fl6ag3i	C
2020-03-23 13:04:06.710914	u/EvilDoritos	flafepe	u/EvilDoritos	flafdzt	C
2020-03-23 13:04:51.915443	u/Trygach	flaffwz	u/Zafk13l	fl9k3m5	C
2020-03-23 13:04:55.137513	u/Lustjej	flafg1p	u/egle377	fl9xvgs	C
2020-03-23 13:05:01.052452	u/PolishGameR2328	flafg5s	u/NoSleepJustMemes	fla3ki8	C
2020-03-23 13:05:03.095568	u/bruhm0m3ntum	flafg7p	u/YellowGetRekt	flael1o	C
2020-03-23 13:05:15.973988	u/MrKrabs13	flafglu	u/Fred-The-Chicken	fladwhs	C
2020-03-23 13:05:21.581618	u/Robet_the_potato	flafgsv	u/DogZombie13	fla9wfm	C
2020-03-23 13:05:26.519645	u/scarfulsin	flafh18	u/Xploiter_RBLX	fla6ang	C
2020-03-23 13:05:43.934242	u/QUESO0523	flafhtq	u/XB2006	flaem70	C
2020-03-23 13:05:48.197272	u/HogieV2	flafhuu	u/WaywardJourneyDragon	flaek8i	C
2020-03-23 13:05:52.417943	u/Hands4Dayz	flafhyh	u/sacrificial_reunion	flafgjk	C
2020-03-23 13:05:58.978963	u/Captain_Spido	flafi5n	u/OofScan	fl9ivjj	C
2020-03-23 13:06:34.520435	u/Suhma_Dyk	flafjgm	u/S_O_F_T-AND-W_E_T	fl9sgxm	C
2020-03-23 13:06:37.870067	u/riddus	flafjjw	u/MrAsimi	fla9bcq	C
2020-03-23 13:07:05.649278	u/gideon16	flafkeb	u/daily_memezz	flaemev	C
2020-03-23 13:07:23.083252	u/6969696969420696969	flaflhr	u/Xploiter_RBLX	fla4fmk	C
2020-03-23 13:07:46.909480	u/kaden86	flafmbx	u/AutoModerator	fl9g18p	C
2020-03-23 13:07:52.654199	u/iikkigvzc	flafmom	u/WaywardJourneyDragon	flaek8i	C
2020-03-23 13:08:11.769696	u/bipBopUshouldStop	flafnsy	u/Text2CommentAwards	flacz6f	C
2020-03-23 13:08:35.873128	u/panaskaew	flafohu	u/RepostSleuthBot	fl9sono	C
2020-03-23 13:08:46.787992	u/_F00P_	flafox0	u/kyssYT	flafhyn	C
2020-03-23 13:08:56.178027	u/LuigiBoi42	flafpqu	u/Bloodrush19405	flaeu5b	C
2020-03-23 13:09:10.713701	u/unalhasanli	flafqip	u/Aspen_Alabaster	flaa136	C
2020-03-23 13:09:13.332697	u/OwlBoiy	flafqtw	u/DarthJJAbrahams	flafjoo	C
2020-03-23 13:09:26.565696	u/Hectorgarcia69	flafrsd	u/JayJeds	flafcpq	C
2020-03-23 13:09:39.126377	u/LeDuckButt	flafsxc	u/Forbidden_Breakfast	flae9bw	C
2020-03-23 13:09:44.183996	u/erwt007	flaft95	u/HazShit	flafj21	C
2020-03-23 13:09:45.070537	u/low-syde	flaftav	u/Atomic_Duck556	flafahd	C
2020-03-23 13:09:53.616455	u/ForninhoSpringu3	flaftk5	u/__Dawn__Amber__	flaej4t	C
2020-03-23 13:09:59.368473	u/Mythicalsmore	flaftxf	u/AutoModerator	fl8msvy	C
2020-03-23 13:10:14.825459	u/therealapplewarrior	flafus1	u/hdjfug	fl5qs5u	C
2020-03-23 13:10:19.842741	u/MrDiamond64	flafuxc	u/gideon16	flafkeb	C
2020-03-23 13:10:38.597105	u/drtyghttokid	flafvbk	u/Kodeine__Bryant	flafjtl	C
2020-03-23 13:10:43.929252	u/rugged_beard	flafvhj	u/Xploiter_RBLX	fl7jjcn	C
2020-03-23 13:11:05.847604	u/MatteoIppolito	flafwfw	u/bipBopUshouldStop	flafnsy	C
2020-03-23 13:11:25.852843	u/Axileoni	flafx36	u/One_eyed_warrior	flafm23	C
2020-03-23 13:11:53.894168	u/Kai25552	flafy02	u/Hal_9000_1000	fl9pry0	C
2020-03-23 13:12:00.063117	u/amyxluxxt	flafy4n	u/communism1911	fnjqm9	S
2020-03-23 13:12:10.082902	u/Loliconfellow	flafyja	u/EthanielClyne	fla4ij2	C
2020-03-23 13:12:29.852674	u/-MoonStar-	flafz69	u/itsm1kan	fl9lyic	C
2020-03-23 13:12:59.661599	u/jackson234_D	flag0ih	u/AutoModerator	flafyuf	C
2020-03-23 13:13:05.548911	u/Lionoras	flag0qm	u/RohnekKdosi	flab0rj	C
2020-03-23 13:13:20.362593	u/g0thboicl1que	flag12z	u/DuckfordMr	fl9jytj	C
2020-03-23 13:14:06.107765	u/le-artisty-boi	flag3ad	u/AutoModerator	flaaw1r	C
2020-03-23 13:14:09.470204	u/maxtgebustednut	flag3cq	u/RealReagatron	flae1hy	C
2020-03-23 13:14:19.785369	u/420694206942069bruh	flag3oo	u/EvilDoritos	flafcl8	C
2020-03-23 13:14:25.560558	u/Erick837	flag3xa	u/GreenPhoenix14	fl9moiv	C
2020-03-23 13:14:39.313601	u/Shorsep	flag4a4	u/Froggit-Dogget	flad5rf	C
2020-03-23 13:14:51.315129	u/jrettberg01	flag4ot	u/Michael4444RG	fl9ztkw	C
2020-03-23 13:15:11.324842	u/Rein9stein2	flag55r	u/Plasteel	fladodf	C
2020-03-23 13:15:27.995921	u/BookfustBooiy	flag5ie	u/heromaster675	fla3rkx	C
2020-03-23 13:15:31.959967	u/drmarsche	flag5ks	u/JulieJules-	flaesyg	C
2020-03-23 13:15:50.808583	u/WanderingMadsy	flag60q	u/Xploiter_RBLX	fla53k4	C
2020-03-23 13:15:58.735837	u/Kanto_Rowlet	flag6bz	u/toad_with_gun	flag2jv	C
2020-03-23 13:16:04.458038	u/VENOMPOOL11	flag6ge	u/ShadowCavilier	flacgkj	C
2020-03-23 13:16:14.331848	u/Cuffloops	flag6qr	u/ManBoi885	flafwui	C
2020-03-23 13:16:39.177954	u/cbyl1	flag7ml	u/Supernova-581	fl9xumv	C
2020-03-23 13:16:40.993505	u/Ping--pong	flag7o0	u/RohnekKdosi	fla7lzm	C
2020-03-23 13:16:42.954452	u/LordDaeniel	flag7ou	u/ultraman7676	flac6k0	C
2020-03-23 13:16:53.508693	u/319ms	flag7xd	u/sacrificial_reunion	flaftpz	C
2020-03-23 13:16:58.057014	u/OnetimeMuffin	flag887	u/AwesomeAnsh	fl9o8c2	C
2020-03-23 13:16:59.978054	u/Ironwill922	flag8bo	u/Jiggyx42	fl9z5jf	C
2020-03-23 13:17:18.212907	u/MrrrrrB	flag8vt	u/ThisMyPlace	fl9dxja	C
2020-03-23 13:17:23.460652	u/FatBirdDead	flag97l	u/ThatPanda_YT	fni5zg	S
2020-03-23 13:17:26.045502	u/Xanasthiel	flag9eh	u/ntplays	fla17nh	C
2020-03-23 13:17:35.977816	u/lilball-ripjuice420	flag9ng	u/SunnyDankness	flag3eq	C
2020-03-23 13:17:44.615013	u/Snininja1	flag9xc	u/Dovalek	flag1pr	C
2020-03-23 13:18:03.783183	u/ohnomyankle	flagagj	u/SunnyDankness	flafocj	C
2020-03-23 13:18:06.826471	u/jcts0407	flagal4	u/NoPrankBot	fla2d2w	C
2020-03-23 13:18:10.039065	u/Firephoenixian	flagatq	u/sugastoenails	flag5k3	C
2020-03-23 13:18:11.674506	u/Cloud90909-	flagazg	u/Thecatatemymom	fla9hw8	C
2020-03-23 13:18:25.894281	u/electr1cbubba	flagbyw	u/Cheesefinger69	fl9ypmf	C
2020-03-23 13:18:45.195806	u/dabatteredboy	flagd04	u/MrGenius9000	fl9zbth	C
2020-03-23 13:18:52.543757	u/DominoParty	flagdg4	u/AutoModerator	fl9lxc6	C
2020-03-23 13:19:15.820642	u/subpewdiepie69	flage6l	u/dovedevic	fl2eb1j	C
2020-03-23 13:19:18.261896	u/WienerSchnitzel01	flageem	u/The_only_gamer_I_see	flaf6h8	C
2020-03-23 13:19:29.778534	u/burn_the_hippies	flagf5s	u/Axileoni	flafx36	C
2020-03-23 13:19:58.156859	u/Stormcloak-	flaggyp	u/bepisisgoodis	flafyrj	C
2020-03-23 13:20:03.751472	u/IlikeFifaMobile	flaghag	u/daddydooms	flabv0l	C
2020-03-23 13:20:06.197978	u/That-Reddit-poster	flaghcf	u/AutoModerator	fl9lxc6	C
2020-03-23 13:20:15.895889	u/khame1e0n	flaghqb	u/samuel2448	fl9j0ek	C
2020-03-23 13:20:30.258430	u/bigchungus341	flagi80	u/tbone2448777	fl9facr	C
2020-03-23 13:20:41.755137	u/TheLucidEnd	flagio1	u/FiveSevenUSG	fl9gdln	C
2020-03-23 13:20:46.194397	u/Tader1112	flagiri	u/mr_zachary321	fl8iugm	C
2020-03-23 13:20:54.729601	u/VukAnd12	flagja1	u/EvilDoritos	flafcl8	C
2020-03-23 13:21:04.691212	u/0earthcraft0	flagjg8	u/MrDiamond64	flafuxc	C
2020-03-23 13:21:07.177824	u/axxulotl	flagjj8	u/Querikalion	flaelip	C
2020-03-23 13:22:01.606196	u/Quizzii	flagl26	u/De5perad0	fladcej	C
2020-03-23 13:22:12.971214	u/YES12345678910asd	flaglk3	u/AutoModerator	fl9lxc6	C
2020-03-23 13:22:16.966341	u/StreetReporter	flaglpm	u/LuigiBoi42	flaflbb	C
2020-03-23 13:22:20.475677	u/Blue_Slime-1547	flagls3	u/UD_1680	fladvlb	C
2020-03-23 13:22:23.793757	u/Piksqu	flaglsp	u/shizeR45	flacsls	C
2020-03-23 13:22:41.698131	u/nitewing1124	flagmjh	u/RepostSleuthBot	fla2mds	C
2020-03-23 13:23:09.428756	u/KanishkGoyal19	flagnkd	u/jarroddibell	fla8rz4	C
2020-03-23 13:23:23.210255	u/VirtualNK	flagntl	u/Sergey32321	fla2u0c	C
2020-03-23 13:23:37.292275	u/CivilCJ	flagobs	u/Quarterhour420	fla9jlg	C
2020-03-23 13:23:42.991816	u/Rangerman007	flagopa	u/apolloladdie	flaafkv	C
2020-03-23 13:23:46.493125	u/ptrsh123	flagoq7	u/nicedigbick	fla9e41	C
2020-03-23 13:24:05.301986	u/Extreme_Baloney	flagp5u	u/ShadowCavilier	flaciqi	C
2020-03-23 13:24:20.933698	u/Woodsorrel521	flagpy7	u/alphanut13	fla8ost	C
2020-03-23 13:24:43.817946	u/DarthPalpatine87	flagqqt	u/Xploiter_RBLX	fla53k4	C
2020-03-23 13:25:08.127829	u/Prof_cancan	flagria	u/Lord4Squid	flaf46j	C
2020-03-23 13:25:28.755960	u/squisherthefish	flahz8j	u/Master_JBT	flagpxa	C
2020-03-23 13:25:40.891284	u/Electro_gAmer_11	flahzsz	u/koniety	flagvpo	C
2020-03-23 13:25:44.931399	u/neontf12	flahzwa	u/ItIsNotMuffinTime	flabpqc	C
2020-03-23 13:25:49.952664	u/IamRepaired	flai02w	u/rasse__	fl9vvo7	C
2020-03-23 13:26:03.346178	u/Mr_Incognito51	flai0lc	u/theswagdodo11	flab8lx	C
2020-03-23 13:26:18.157841	u/2OP4me	flai1ak	u/__Emer__	fl9q3wk	C
2020-03-23 13:26:26.938613	u/username1237988	flai1s0	u/AutoModerator	flahmr6	C
2020-03-23 13:26:32.714924	u/mg31415	flai1z3	u/jackcabral90	fla7tva	C
2020-03-23 13:27:04.313954	u/Willing_Breadfruit	flai347	u/EVERGREEN1232005	flai157	C
2020-03-23 13:27:08.695515	u/Yeseritos	flai3e9	u/0earthcraft0	flagjg8	C
2020-03-23 13:27:12.936220	u/Giovanni_Camerotto	flai3fs	u/the-toaster420	flafkk6	C
2020-03-23 13:27:16.457832	u/NotLozerish	flai3ie	u/Willing_Breadfruit	flahte9	C
2020-03-23 13:27:18.213361	u/Skalomanno	flai3ij	u/Bill-fricken-cipher	flah893	C
2020-03-23 13:27:31.847721	u/Spooktacilous	flai3vm	u/DizTraz	flai2gu	C
2020-03-23 13:27:33.808194	u/Touhouchen	flai3xc	u/Darth_Anakin_3334	flacxsr	C
2020-03-23 13:27:35.654799	u/obiwanshibobi	flai40v	u/thats_what_she-said1	flaawk4	C
2020-03-23 13:27:42.859415	u/xXGamer519Xx	flai43v	u/thejazzknight	fl9efqh	C
2020-03-23 13:27:53.942972	u/visitor83	flai4dw	u/rawrphael	flaba68	C
2020-03-23 13:27:59.582935	u/Yopkins	flai4lv	u/BigBrain0987654321	flahn3o	C
2020-03-23 13:28:01.132435	u/BCRcoolguy-04	flai4m8	u/SamZoneBS	fla0woc	C
2020-03-23 13:28:08.716816	u/aswdfzxcvbhgtyyn	flai4x0	u/nanxdini	flaczyi	C
2020-03-23 13:28:17.920388	u/RainbowDiamond9	flai56t	u/shaz-123	fnkzwt	S
2020-03-23 13:28:25.236941	u/im_alreadytracer_	flai5cz	u/VibraniumDragonborn	fl5nrgn	C
2020-03-23 13:28:31.088721	u/coolguydude5	flai5iv	u/coco237	fl5u5mb	C
2020-03-23 13:28:32.578865	u/DinDonDanBoh	flai5js	u/Hands4Dayz	flafrf7	C
2020-03-23 13:28:38.713063	u/Cold_Caz	flai5wr	u/Tank-01	fl9jqrk	C
2020-03-23 13:28:42.891414	u/BlackDaggerRose	flai610	u/GreatThodric	flaa0r2	C
2020-03-23 13:28:49.071636	u/WizardSnek	flai6an	u/MrTouchy17	flacf8r	C
2020-03-23 13:28:50.469414	u/OverDies	flai6b1	u/MrDiamond64	flafuxc	C
2020-03-23 13:28:57.180470	u/Willing_Breadfruit	flai6ty	u/chuse1995	fl9zbgn	C
2020-03-23 13:29:04.608470	u/govnosamesom	flai73t	u/RepostSleuthBot	fl0dnxf	C
2020-03-23 13:29:11.695056	u/SaltShaker1_	flai7d8	u/Reditovan	fl9nr26	C
2020-03-23 13:29:18.193786	u/sorryiamalwayslate	flai7r6	u/Reditovan	fl9nr26	C
2020-03-23 13:29:22.350520	u/memesinmyblood	flai81r	u/FlooperDang	fla77t0	C
2020-03-23 13:29:23.580312	u/dizzysaysfukyou	flai83c	u/Nope-_-7	flacond	C
2020-03-23 13:29:27.548950	u/jesuschristgoodlord	flai85j	u/Scioto_	fl9v50j	C
2020-03-23 13:29:39.248356	u/LibertyPrime123	flai90j	u/Lem0ncito	fla3wrg	C
2020-03-23 13:29:40.267354	u/ToiAndKoiLol	flai93z	u/Litoninja8	fl9sdbd	C
2020-03-23 13:29:42.741723	u/DJhoDoc11	flai98v	u/cragayon	fladfr2	C
2020-03-23 13:29:46.968255	u/krabbenchips_	flai9gw	u/misterportugal	fladpb4	C
2020-03-23 13:29:49.327665	u/Electriguy	flai9mx	u/Dyingdaze89	flahg6x	C
2020-03-23 13:29:50.745646	u/PatoKINGTITO	flai9ur	u/Tru_Drone_Videos	flahwfq	C
2020-03-23 13:29:53.175618	u/govnosamesom	flaia6q	u/Reditovan	fl9nr26	C
2020-03-23 13:29:55.747790	u/piokerer	flaiac0	u/jackcabral90	fla7tva	C
2020-03-23 13:29:56.801428	u/FreddieOnReddit	flaiagr	u/LuigiBoi42	flaflbb	C
2020-03-23 13:30:10.523135	u/azarbi	flaib0e	u/AutoModerator	fl9lxc6	C
2020-03-23 13:30:29.308563	u/Wargod0802	flaibmk	u/Kind-Pop	fl3zlqu	C
2020-03-23 13:30:43.407991	u/conankudo1610	flaibta	u/Redpikes	fl5yj9k	C
2020-03-23 13:30:46.919191	u/Bellschalcedony	flaibyl	u/Feb-29-20	flaai6p	C
2020-03-23 13:30:50.527900	u/BiBaiBye	flaic0s	u/shaz-123	flaia8l	C
2020-03-23 13:31:10.559108	u/TINYSEB14	flaicer	u/DizTraz	flai2gu	C
2020-03-23 13:31:14.508782	u/ImagineNotEatingHam	flaicfh	u/AutoModerator	flai775	C
2020-03-23 13:31:23.959180	u/west2753	flaicm9	u/delmelgibs	fl9ge8b	C
2020-03-23 13:31:43.114037	u/Blueberryspring	flaidb1	u/Bleeve942	fla6wm8	C
2020-03-23 13:31:52.434930	u/imnotamoos3	flaidnr	u/DarthJJAbrahams	flafpo4	C
2020-03-23 13:31:55.871502	u/Boomerboi2	flaidpt	u/RohnekKdosi	flab1vh	C
2020-03-23 13:32:10.974121	u/The-Lucah-Rio-YT	flaie2k	u/chocolatebar920	flaglqh	C
2020-03-23 13:32:29.216579	u/SENSHU_dp	flaiej0	u/SinglePringleMingle	fnf8h5	S
2020-03-23 13:32:35.004479	u/imnotamoos3	flaiend	u/Hands4Dayz	flafhyh	C
2020-03-23 13:32:43.925450	u/DizzyTyger	flaies5	u/4han_ali	flaehns	C
2020-03-23 13:32:52.833688	u/NajamSheikh7	flaiexc	u/swampertDbest	flahtq1	C
2020-03-23 13:32:55.116465	u/rosy621	flaif0j	u/lovnelymoon-	fl9t4ze	C
2020-03-23 13:32:57.421891	u/mazra888	flaif0q	u/rk66360	fla0zt3	C
2020-03-23 13:33:03.763224	u/owls1289	flaif57	u/rawrphael	flaba68	C
2020-03-23 13:33:09.394780	u/EvilKnivel69	flaifai	u/Witterik	fla5u2r	C
2020-03-23 13:33:17.918493	u/Flamelikesdarkmode	flaifh5	u/AutoModerator	fl8ada6	C
2020-03-23 13:33:38.400324	u/CyberDrake19	flaigbu	u/DarthJJAbrahams	flafv9k	C
2020-03-23 13:33:44.040854	u/micmeup	flaigi2	u/A_Person33	flaiawa	C
2020-03-23 13:33:48.460489	u/JungkoFett	flaigmn	u/Blueberryspring	flaidzp	C
2020-03-23 13:33:51.950830	u/e_akblt	flaigpu	u/Xploiter_RBLX	fla5nxz	C
2020-03-23 13:35:05.280732	u/anixxoo	flaiio7	u/Scioto_	fl9v50j	C
2020-03-23 13:35:07.296527	u/ooffueoof	flaiism	u/hecking-fricker	fladwoy	C
2020-03-23 13:35:15.416197	u/-Lemon-Boi-	flaij29	u/RepostSleuthBot	flagaei	C
2020-03-23 13:35:22.057003	u/xdTheRite	flaij4d	u/satvik__	fl99hmn	C
2020-03-23 13:35:30.591020	u/Eggnog38	flaijbw	u/Forbidden_Breakfast	flae9bw	C
2020-03-23 13:35:32.512906	u/lit-gang-boyyyy	flaijc7	u/theswagdodo11	flahhc2	C
2020-03-23 13:35:43.335061	u/qGabri	flaijnz	u/AnasKhatri	flafjet	C
2020-03-23 13:35:45.373579	u/AndreyRussian1	flaijpa	u/Erick837	flag3xa	C
2020-03-23 13:35:55.845450	u/redas1423	flaik5a	u/CurfBoi	flahizs	C
2020-03-23 13:36:09.966653	u/Gudziox	flaiknn	u/pixiedodo	flabyyw	C
2020-03-23 13:36:28.875047	u/CarsonOnReddit	flail7w	u/Your-name-would-bee	fl9ipll	C
2020-03-23 13:36:34.257172	u/doctor_dogo	flailde	u/Rucklook	fl9qmmm	C
2020-03-23 13:37:10.582751	u/Cinderheart	flaimgy	u/pxduid	fl9fp45	C
2020-03-23 13:37:12.324479	u/leonardow97	flaimhq	u/rasse__	fl9vvo7	C
2020-03-23 13:37:25.524068	u/Enderkilled121	flain1w	u/patato-boi	flaiidc	C
2020-03-23 13:37:27.261265	u/0_PH4NT0M_0	flain2b	u/Ludechking	fl9zj8a	C
2020-03-23 13:37:41.841144	u/Thensl04	flainig	u/daily_memezz	flahxb2	C
2020-03-23 13:37:45.249399	u/OutFawksed	flainoy	u/rasse__	fl9vvo7	C
2020-03-23 13:37:49.544234	u/eggs_moose	flaint8	u/toad_with_gun	flacwjc	C
2020-03-23 13:37:54.801371	u/NonsenseJack	flainy8	u/smexythebeutiful	fl9lxga	C
2020-03-23 13:38:01.799140	u/GrimFumo	flaioa7	u/NoPlenty2	fla44un	C
2020-03-23 13:38:13.803998	u/xX_ThiccKrabz69_Xx	flaior7	u/XB2006	fl9p3r0	C
2020-03-23 13:38:16.601977	u/Fuckbiy113	flaiorz	u/ElPapo131	flaf8uf	C
2020-03-23 13:38:27.602148	u/lonelyman29	flaipad	u/ImSomeStupidGoat	fl9u8lq	C
2020-03-23 13:38:29.212356	u/ragepandapajamas	flaipep	u/atxbruhhh	flaglal	C
2020-03-23 13:38:31.988685	u/FatEgg69	flaipgd	u/dizzysaysfukyou	flahu3e	C
2020-03-23 13:38:33.370491	u/midnight_x_toker	flaiph9	u/MrProbation	flahk6k	C
2020-03-23 13:38:36.198469	u/ian_zwergf	flaipks	u/aswdfzxcvbhgtyyn	fla6sp3	C
2020-03-23 13:38:37.650349	u/sojdoowooewoooo	flaipmp	u/signofthecross17	flahd5n	C
2020-03-23 13:38:39.158182	u/shandoofthepenguin	flaipnu	u/InvisibleImpostor	flaim1q	C
2020-03-23 13:38:47.778212	u/nbur4556	flaiq3m	u/Enderkilled121	flain1w	C
2020-03-23 13:38:50.190170	u/CookieManboyYT	flaiq7k	u/Reditovan	fl9nr26	C
2020-03-23 13:39:02.556980	u/Jhon360lol	flaiqsc	u/juelz127broo	flai4o9	C
2020-03-23 13:39:32.120728	u/NetskyMusics	flairqm	u/Xploiter_RBLX	fla55kt	C
2020-03-23 13:39:46.770319	u/ImOnReddit18	flais1r	u/Kind-Pop	fl3zlqu	C
2020-03-23 13:39:50.838113	u/King-001	flaiscg	u/juelz127broo	flai4o9	C
2020-03-23 13:40:41.167130	u/Sirdordanpringle	flaiu57	u/DizTraz	flaic1a	C
2020-03-23 13:40:50.686739	u/yabboi_	flaiubr	u/Hamed24TBD	fladify	C
2020-03-23 13:40:55.307662	u/fishteeth69420	flaiued	u/squisherthefish	flaibnj	C
2020-03-23 13:41:05.982422	u/tokoy_drift67	flaiujt	u/69peepeepoopoo96	flahgrn	C
2020-03-23 13:41:17.478045	u/TheAllForOne24	flaiutu	u/WizardSnek	flai6an	C
2020-03-23 13:41:19.902342	u/Darthmulder24	flaiuu1	u/thelonelygenuis	fla01kp	C
2020-03-23 13:41:23.402179	u/InsertVeryLongName	flaiuv5	u/DM_ME_YOUR_PASSWORD	flaip2r	C
2020-03-23 13:41:48.020647	u/esckeyy	flaivd0	u/Nope-_-7	flacond	C
2020-03-23 13:42:12.503616	u/Bubbly_Hat	flaivqu	u/Electro_gAmer_11	flahzsz	C
2020-03-23 13:42:14.770729	u/Tomkeath	flaivs1	u/Epic_Cheat_Codes	fl9y44a	C
2020-03-23 13:42:22.592548	u/BlaxNikkers	flaiw37	u/packle-kackle	fl9ixw7	C
2020-03-23 13:42:26.983983	u/Nicalad_	flaiw5v	u/Rein9stein2	flag55r	C
2020-03-23 13:42:52.695394	u/Jebenicausrcu	flaiwvv	u/meatpopsicle69420	flaij7o	C
2020-03-23 13:43:03.838519	u/Cr1bsy	flaixfx	u/Reditovan	fl9nr26	C
2020-03-23 13:43:06.051066	u/ribcatcher	flaixjj	u/lazydonkey25	fl9jfry	C
2020-03-23 13:43:19.800847	u/TheRealBrummy	flaixtt	u/vnca2000	fla9ntz	C
2020-03-23 13:43:28.905281	u/Aman0fCulture	flaiy0q	u/username1237988	flagxug	C
2020-03-23 13:43:37.018803	u/momo-the-molester	flaiyb4	u/mememaster69420911	fla0z9t	C
2020-03-23 13:44:13.113036	u/shunaay	flaiz7s	u/meatpopsicle69420	flaiudr	C
2020-03-23 13:44:22.613648	u/da7dwarves	flaizkk	u/regian24	flaatq3	C
2020-03-23 13:44:31.349086	u/tomeee22	flaizu5	u/DM_ME_YOUR_PASSWORD	flaip2r	C
2020-03-23 13:44:37.659590	u/WhiteRaven0303	flaizz5	u/JayChaos01	flaiumf	C
2020-03-23 13:44:47.589126	u/NyanBlak	flaj08h	u/zziraptorzz	flaao4b	C
2020-03-23 13:44:56.704815	u/immortalshadows4334	flaj0ch	u/Sirdordanpringle	flaiu57	C
2020-03-23 13:45:05.309554	u/Punado-de-soledad	flaj0qz	u/s1ibedr1ll	flahbnu	C
2020-03-23 13:45:17.936634	u/jvador	flaj19p	u/BlackDaggerRose	flai610	C
2020-03-23 13:45:23.593812	u/Dragonborne313	flaj1dy	u/theswagdodo11	flaizaz	C
2020-03-23 13:46:06.002835	u/tinmanmemes76	flak6wb	u/Wheel31	fl5790b	C
2020-03-23 13:46:20.339497	u/leave-me-alone-11	flak75k	u/AutoModerator	flajyo4	C
2020-03-23 13:46:28.763509	u/MonkeyHERE3	flak7ie	u/Plasteel	fla5msh	C
2020-03-23 13:46:30.611066	u/ThepictureBoi	flak7in	u/ferret_king9	fla1ljo	C
2020-03-23 13:46:38.371807	u/you-iz-gay	flak7n1	u/Xploiter_RBLX	fla5j4p	C
2020-03-23 13:46:46.197706	u/GucciTomas	flak7zy	u/DangerousArtist7	flak40k	C
2020-03-23 13:46:54.459994	u/OkIGuess21	flak88q	u/De5perad0	fl9qew2	C
2020-03-23 13:46:56.238603	u/memelord2-7	flak89b	u/LuigiBoi42	flaggxf	C
2020-03-23 13:47:03.301007	u/TiloMhopmson	flak8cr	u/ZeeSeeBoiy	fl9qa3a	C
2020-03-23 13:47:23.121525	u/NotFunnyOrange	flak92y	u/AutoModerator	fl9o4cp	C
2020-03-23 13:47:25.023681	u/artic05breeze	flak95b	u/FrogsInAHurricane	fladhr9	C
2020-03-23 13:48:00.736499	u/rufusa40	flakaeb	u/MichiganSummerSnow	flak35d	C
2020-03-23 13:48:02.416021	u/Ashutosh_0092	flakaee	u/Samurott_Studios	flaftgb	C
2020-03-23 13:48:07.459553	u/Barrakobambi	flakart	u/LaughR01331	fladuv0	C
2020-03-23 13:48:09.829384	u/yeahimdeadass	flakasb	u/hdjfug	fl8f9ef	C
2020-03-23 13:48:15.280341	u/SaltFusion	flakawy	u/finnikarma2431	fla9esd	C
2020-03-23 13:48:17.010662	u/Darklight2810	flakaxa	u/hungary2006	fl9ohp2	C
2020-03-23 13:48:40.162362	u/XDigital_StormX	flakbrg	u/pissybaby69	flajz3v	C
2020-03-23 13:48:48.427676	u/hardnachopuppy	flakc0b	u/RepostSleuthBot	flagf1u	C
2020-03-23 13:48:52.294979	u/yeahimdeadass	flakc4q	u/happy-demon	fl9wsrs	C
2020-03-23 13:48:54.369484	u/ten_says	flakc96	u/BLU3_Sc0rPi0n	flaie54	C
2020-03-23 13:49:03.343188	u/Plaidorc55114	flakcrq	u/AutoModerator	flajvf5	C
2020-03-23 13:49:35.710697	u/Chron300p	flakf4m	u/throwawaytrol7134	flaamxq	C
2020-03-23 13:49:41.997433	u/LunarLlamma	flakfan	u/srys98	flaisr0	C
2020-03-23 13:49:44.176574	u/AidanTNTyt	flakfff	u/CheeriodudeL45	fl9tvo0	C
2020-03-23 13:49:47.141816	u/NoxDrakon	flakflh	u/lideon16	flak9qm	C
2020-03-23 13:49:51.334323	u/CallMeMcNotEmsee	flakg2v	u/Ben_Herr	flajpif	C
2020-03-23 13:49:51.940268	u/KKilikk	flakg4m	u/akontonasakis	flahwjt	C
2020-03-23 13:49:54.965070	u/i_am_dumb_39	flakgcn	u/progers1904	fl9vtbl	C
2020-03-23 13:50:28.020078	u/ouTTTcasTTT	flakhl1	u/imtolateforacoolname	flahx7h	C
2020-03-23 13:50:31.651644	u/upersuccccccccc	flakhnh	u/elonsmusketer	flaf1kw	C
2020-03-23 13:50:37.597304	u/JunoDahWay	flakhpo	u/hockey_boi124	flaikpt	C
2020-03-23 13:50:57.274178	u/Teddy_Tickles	flakhyo	u/LEGO_Igor	fl9vs53	C
2020-03-23 13:51:26.553594	u/Foxstal	flakix6	u/Captain_Spido	flafi5n	C
2020-03-23 13:51:35.473843	u/yesillheatupyobread	flakjeu	u/damnshiraz	fl9b74l	C
2020-03-23 13:51:42.474946	u/HotNubsOfSteel	flakjiq	u/enough-rope	fl9hr7v	C
2020-03-23 13:51:57.934320	u/chiken_nuget_boy	flakjwu	u/YellowGetRekt	flah4x0	C
2020-03-23 13:52:04.673486	u/RuyBlas	flakjyx	u/TemoFawwaz	fl9xjph	C
2020-03-23 13:52:18.948716	u/SpideyHP	flakkfp	u/AutoModerator	fla1eqb	C
2020-03-23 13:53:21.108794	u/SheepieNawmore	flakmh9	u/Matix777	fl9l36n	C
2020-03-23 13:53:36.112643	u/-thefuckery	flakn38	u/Goooodmorninggamers	flakbfp	C
2020-03-23 13:54:10.307606	u/ThatBoy246	flako0h	u/im_mystery666	flaklq9	C
2020-03-23 13:54:27.860058	u/Kunkunington	flakocy	u/Fractorc	flaeyai	C
2020-03-23 13:54:29.972546	u/mowgli0423	flakocw	u/abductedpeanut	flaajar	C
2020-03-23 13:54:35.266792	u/HiTekLoLyfe	flakogb	u/TiMe-FoR-a-CrUsaDe-	flajbxi	C
2020-03-23 13:54:46.638993	u/brooklyn_boi	flakotv	u/VibraniumDragonborn	fl5nrgn	C
2020-03-23 13:54:56.187007	u/PhoenixGre	flakp05	u/IlikeFifaMobile	flaghag	C
2020-03-23 13:55:39.304995	u/anothercommentlads	flakq0x	u/Additional_Werewolf	fla12wb	C
2020-03-23 13:55:44.399089	u/SofiVCat	flakq4w	u/Alexiotron	fla8t0c	C
2020-03-23 13:55:48.356612	u/annoying_ravenclaw	flakq7y	u/fualtyzane	fl94a23	C
2020-03-23 13:56:00.432248	u/anxiouslobster96	flakqcz	u/GreatSoundingMaracas	fl3lz7i	C
2020-03-23 13:56:09.294390	u/linglingviolist	flakqom	u/cornchick	fl9tjdp	C
2020-03-23 13:56:11.217576	u/Edgelord-Carlos	flakqpb	u/immortalshadows4334	flak6mh	C
2020-03-23 13:56:39.361116	u/kotor-and-skyrim	flakrkk	u/aloncat	fla192x	C
2020-03-23 13:56:54.638392	u/autistic-username	flakrsy	u/JulieJules-	fla6vwr	C
2020-03-23 13:56:59.410402	u/plaqueplays	flakrxx	u/DonutOlympian	flaknh7	C
2020-03-23 13:57:01.363366	u/junana	flakryc	u/mildly-liberal	fl9umcv	C
2020-03-23 13:57:10.367298	u/IsimplylikeCats	flakse8	u/Benedict_pony_man	fla8d8c	C
2020-03-23 13:57:18.124242	u/Vaaman42	flaksm1	u/Pendronator	fla55ou	C
2020-03-23 13:57:34.622990	u/swo-osh	flakt1j	u/potatomaster57	flaknm8	C
2020-03-23 13:57:37.988559	u/DCunning85	flakt65	u/potatomaster57	flakok5	C
2020-03-23 13:57:50.182090	u/GravityFallsChicken	flaktlg	u/YellowGetRekt	flagvdw	C
2020-03-23 13:57:52.830804	u/WonderedLamb256	flaktvk	u/rasse__	fl9vvo7	C
2020-03-23 13:58:06.495052	u/BOLTz_	flaku91	u/he6-n-sIHf-peaJ-n-tI	flakltl	C
2020-03-23 13:58:11.402530	u/bradyiscool333	flakuce	u/EVERGREEN1232005	flakr7d	C
2020-03-23 13:58:26.752317	u/emirgul	flakujp	u/696969lols2	flahcxs	C
2020-03-23 13:58:29.084124	u/c00rs	flakuli	u/wojtech4	fl9iwri	C
2020-03-23 13:58:30.740459	u/tino04no	flakula	u/happyquasont	flakmfi	C
2020-03-23 13:58:36.561996	u/LeonardoC06	flakusb	u/Moses_16	flajgg1	C
2020-03-23 13:58:51.748901	u/Diarkhar	flakvwv	u/Kind-Pop	fl3zlqu	C
2020-03-23 13:58:55.224205	u/Meadows_108	flakvyu	u/DonutOlympian	flakpcl	C
2020-03-23 13:58:56.504325	u/MrrInferno	flakvzy	u/SoleSurvivor-2277	flaas29	C
2020-03-23 13:59:03.303227	u/saijftheworld	flakw9x	u/dipstjck	flaiwl9	C
2020-03-23 13:59:09.900675	u/-Pokei-Pokei-	flakwjk	u/pxduid	fl9fp45	C
2020-03-23 13:59:22.824691	u/SL043	flakwyv	u/a_single_potato	fla6yip	C
2020-03-23 13:59:39.789220	u/MrProdzOof	flaky6l	u/Reditovan	fl9nr26	C
2020-03-23 13:59:44.375433	u/BroSteMar	flakypx	u/AndreyRussian1	flaidw9	C
2020-03-23 13:59:45.201281	u/pupper_nahte36	flakyr3	u/daily_memezz	flaj9dn	C
2020-03-23 13:59:45.967155	u/_pc_-_-_	flakysg	u/notmyname5670	fl9ymwb	C
