2020-04-11 03:00:17.729738	u/punkBrotherZ	fn2gq56	u/Unknown_Person395	fn2gmxj	C
2020-04-11 03:01:02.538285	u/Fellkun15	fn2grll	u/LinkisLank	fn2gm3d	C
2020-04-11 03:01:27.222689	u/Hippiewolf42	fn2gsj7	u/bob1278999	fn2ghu7	C
2020-04-11 03:01:37.901959	u/southpolesara	fn2gt0v	u/raz9182	fn2gafq	C
2020-04-11 03:02:11.231277	u/Viticox	fn2guch	u/Toby_R_von_Olgarsson	fn2esh0	C
2020-04-11 03:02:21.198469	u/Newtlearms	fn2gusp	u/patate324	fn2foej	C
2020-04-11 03:03:57.479085	u/wizzah2	fn2gxzm	u/BigBosley	fn29xz3	C
2020-04-11 03:04:00.854056	u/ProfQuickScope	fn2gy8y	u/Colussus__	fn2bbf1	C
2020-04-11 03:04:22.454233	u/keontayy	fn2gyye	u/DemoRadicate	fn2cski	C
2020-04-11 03:04:43.910863	u/GlitchyMess	fn2gzl6	u/TheNerd669	fn2gpw7	C
2020-04-11 03:04:53.480907	u/pizzab0ner	fn2gzw6	u/PeteRepeats	fn2e6ft	C
2020-04-11 03:04:55.510105	u/DryTeaStain	fn2gzxj	u/Master_JBT	fn1n8xa	C
2020-04-11 03:05:29.215503	u/Fukin-Weeb	fn2h140	u/Cherrymp6	fn1mpkm	C
2020-04-11 03:05:46.673674	u/RamirezKilledOsama	fn2h1wh	u/froowny	fn2f1sj	C
2020-04-11 03:05:58.177673	u/emptywishingwelll	fn2h2a5	u/BluRevealing	fn2eyhn	C
2020-04-11 03:06:02.679782	u/J24cihpsd	fn2h2hs	u/TemperedFiddles	fn2fgsj	C
2020-04-11 03:06:12.973889	u/Aragonate	fn2h18o	u/Kriotik	fn2gjb6	C
2020-04-11 03:06:18.367491	u/Drindel08	fn2h2xk	u/randomaccountnumber8	fn2eh7f	C
2020-04-11 03:06:35.502841	u/cat_of_science	fn2h31d	u/SirShrekTheBrave21	fn2h00y	C
2020-04-11 03:06:41.510613	u/Sar_caste_tick	fn2h3od	u/MyJelloJiggles	fn0yetr	C
2020-04-11 03:06:44.297965	u/PointNowhere	fn2h3rx	u/Loquen-kun	fkle0cl	C
2020-04-11 03:06:54.362329	u/OzzyTheTrashBin	fn2h44h	u/ThiccBepissss	fn0j8xq	C
2020-04-11 03:07:23.440590	u/indian_danker	fn2h54c	u/brown_human	fn25wmt	C
2020-04-11 03:08:03.555134	u/thiha9ng	fn2h566	u/Godofpu55y	fn2h370	C
2020-04-11 03:08:05.962860	u/fedfan101	fn2h6qr	u/ZeroLurkThirty	fn1puv3	C
2020-04-11 03:08:38.825196	u/Biki_cz	fn2h7va	u/-E6E-	fn2gq6m	C
2020-04-11 03:09:02.858687	u/Blu3tooth_Hose	fn2h955	u/yuph_here	fn19ap8	C
2020-04-11 03:09:18.056859	u/tackyshowercurtain	fn2h9jx	u/EliB218704	fn2fuvz	C
2020-04-11 03:09:22.977455	u/Jaymzz2	fn2h9jl	u/yomommawantdiz	fn1ufmo	C
2020-04-11 03:09:37.689845	u/N-I-T-R-O	fn2haae	u/YellowBananaGoat	fn2gi6m	C
2020-04-11 03:11:55.587888	u/Andrew109	fn2hekf	u/ImHellaConfusedboi	fn1xqai	C
2020-04-11 03:12:05.113438	u/iwishmynamewasparsa	fn2hf6d	u/VarianWrynn2018	fn2hait	C
2020-04-11 03:12:07.327426	u/_mrpinkdonttip_	fn2hfat	u/RepostSleuthBot	fn2gyvi	C
2020-04-11 03:12:13.613761	u/smoketank	fn2hfgs	u/DioPlayingUno	fn1zkbb	C
2020-04-11 03:12:16.927997	u/giftedandcursed	fn2hflc	u/ChiefSkonchin	fn28cpr	C
2020-04-11 03:12:21.318043	u/PonyOnCrack	fn2hfng	u/TheToxicLogic	fn26gxi	C
2020-04-11 03:12:53.768935	u/ueiehdjfjjfudkkwl	fn2hg9j	u/froowny	fn2f1sj	C
2020-04-11 03:12:56.976066	u/Meemes04	fn2hgbv	u/a_fearless_soliloquy	fn2hfm1	C
2020-04-11 03:13:31.922882	u/c001quip	fn2hi82	u/mrawesome321c	fn2ap9g	C
2020-04-11 03:13:52.156889	u/Spiderwolf8	fn2hi6z	u/BengalsBoss99	fn2gl8y	C
2020-04-11 03:14:13.614266	u/arenajokes	fn2hjku	u/ultraman7676	fn16p2g	C
2020-04-11 03:15:05.586434	u/VideoCarp1	fn2hlbj	u/LoneAssassin29	fn2hkf0	C
2020-04-11 03:15:08.767066	u/Deimos227	fn2hlee	u/Chimichanga-Dragon	fn2hege	C
2020-04-11 03:16:16.129893	u/ascendant_mole	fn2hnl4	u/cjdeathhunter1	fn23doe	C
2020-04-11 03:16:40.501794	u/BlueshineKB	fn2ho7f	u/Bodega177013	fn2az3q	C
2020-04-11 03:17:04.017955	u/Dhonex_	fn2howg	u/ProdigalSon123456	fn2g5vg	C
2020-04-11 03:17:15.270099	u/gamer_unit69	fn2hphw	u/tester_720	fn22elp	C
2020-04-11 03:17:45.107151	u/laundryboyo	fn2hqhb	u/DylanJoinsTheParty	fmyw6kk	C
2020-04-11 03:17:55.525375	u/cheezeitzrice	fn2hqra	u/YeetCannon9x19mm	fn16zit	C
2020-04-11 03:18:18.509715	u/ADudeThatLikesMemes	fn2hrod	u/subelul	fn2hotw	C
2020-04-11 03:18:48.565985	u/bopbeepbopbeepbop	fn2ht93	u/Deathkiller9791	fn2fsso	C
2020-04-11 03:19:54.346424	u/B0DI11Y20	fn2hvov	u/XXXmemelord07	fn2d90e	C
2020-04-11 03:20:04.435446	u/TheDeadlyShadows	fn2hw2r	u/Preoccupiedude	fn2gh3e	C
2020-04-11 03:20:13.990573	u/KlayThoreiss	fn2hwck	u/RepostSleuthBot	fn2htq1	C
2020-04-11 03:20:49.243965	u/sobero_de_sobo	fn2hxcu	u/todorovski3	fmzk0e3	C
2020-04-11 03:21:07.027596	u/DestHUN	fn2hxxl	u/12cheese21	fn1omt7	C
2020-04-11 03:22:11.882391	u/Chinesedud3	fn2hxpf	u/shyervous	fn28zny	C
2020-04-11 03:22:15.267480	u/liamborghini129	fn2hxrk	u/jda2910	fn260au	C
2020-04-11 03:22:17.488347	u/sammar246	fn2hy07	u/18thChoiceOfUsername	fn2hc40	C
2020-04-11 03:23:07.738734	u/TheVolvoOfVulvas	fn2i0lc	u/Bignubie	fn2hfwo	C
2020-04-11 03:23:09.902004	u/tazoo321	fn2i0ll	u/Clayassault	fn2hdj2	C
2020-04-11 03:23:48.422643	u/QueenHash0503	fn2i1th	u/lucapresidente	fn2e7p4	C
2020-04-11 03:23:57.691068	u/jonzom	fn2i28m	u/chiknkeinnugegett	fn2htvx	C
2020-04-11 03:24:00.305122	u/MemeMaster5	fn2i2ce	u/dani-snijders	fyqxei	S
2020-04-11 03:24:17.926281	u/Samysavige	fn2i366	u/duy1008	fn2hymv	C
2020-04-11 03:24:39.080388	u/SCP-973	fn2i3lw	u/HandsomeChocolateBar	fn2hnux	C
2020-04-11 03:24:50.588226	u/_asianman_	fn2i41h	u/scoobymax	fn2fdmw	C
2020-04-11 03:25:24.303486	u/Chrispy0074	fn2i4sw	u/n-crispy7	fn2gij6	C
2020-04-11 03:25:38.900027	u/itaysha104	fn2i5oy	u/tester_720	fn22elp	C
2020-04-11 03:25:51.511700	u/landyn_8204	fn2i6gl	u/-GiantSlayer-	fn29iwn	C
2020-04-11 03:26:17.784797	u/Delia_coco	fn2i7if	u/Chinesedud3	fn2i3nx	C
2020-04-11 03:26:46.682303	u/Psycho6612	fn2i8mm	u/Sodafff	fn2hsfb	C
2020-04-11 03:27:09.704646	u/CallMeTheFishman	fn2i9re	u/Gay-redditor	fn2hgrw	C
2020-04-11 03:27:16.764015	u/MikeDragon04	fn2i9xy	u/BORORORI	fn2gc3z	C
2020-04-11 03:27:26.859273	u/Championiluvdogz	fn2iadb	u/-_-Uncommon	fn2hyl4	C
2020-04-11 03:27:34.444309	u/Kearfbz	fn2iai4	u/WhatItzJake	fyilu8	S
2020-04-11 03:27:48.307426	u/zetminus	fn2ib3z	u/Evil_Boi_Deku	fn2htqo	C
2020-04-11 03:27:53.932930	u/Ananya_Agrahari	fn2ib7m	u/ChipsBaMast	fn2i8wk	C
2020-04-11 03:27:57.502888	u/lanciro	fn2ibe4	u/JulieLynnO	fn28wyh	C
2020-04-11 03:28:08.690924	u/WottoRequiem	fn2ic4g	u/Lunar36	fn233il	C
2020-04-11 03:28:15.683470	u/Champion_of_Nopewall	fn2icdi	u/qwspol	fn24xnd	C
2020-04-11 03:29:00.003205	u/SmallTadpole	fn2ie4c	u/CthulhuGonfalon	fn1vc0r	C
2020-04-11 03:29:36.141980	u/crunchybirb	fn2ifds	u/n-crispy7	fn2fgcx	C
2020-04-11 03:30:12.244359	u/Yunndo	fn2igf6	u/FearfulKnight1	fn2d1kr	C
2020-04-11 03:30:14.581137	u/TopTimeHybrid	fn2igfo	u/Guardian983	fn2eqt3	C
2020-04-11 03:30:16.937992	u/DEVOmay97	fn2igtb	u/1korpus_1	fn2h3gp	C
2020-04-11 03:30:39.986786	u/Icosikaihenagonal	fn2ihiz	u/matheussanthiago	fn2g06n	C
2020-04-11 03:30:59.934281	u/BigHairyHermit	fn2ii8i	u/NowThatsASpicyTamale	fn1vhag	C
2020-04-11 03:31:03.429678	u/B_Pat_Real	fn2iiaw	u/Thecouchiestpotato	fn2igi7	C
2020-04-11 03:31:19.529952	u/papacherrythefirst	fn2iipt	u/cjdeathhunter1	fn23doe	C
2020-04-11 03:31:24.454709	u/PeskySpyCrab	fn2iiqb	u/diamondpolish	fn2iffx	C
2020-04-11 03:31:31.843065	u/raskoln1k0v	fn2ij1c	u/UnchiuVeres	fn2i1hk	C
2020-04-11 03:31:50.563923	u/krlucilfer	fn2ijge	u/joemoma21	fn0ulka	C
2020-04-11 03:32:38.409086	u/superdoods26	fn2il6z	u/ChiricahuAustin	fn2e22y	C
2020-04-11 03:32:51.450131	u/Minetilldrop22	fn2ills	u/BelgianPhaggot6	fn2gk7u	C
2020-04-11 03:33:06.634219	u/mnhaverland	fn2im5n	u/patate324	fn2forl	C
2020-04-11 03:33:21.365389	u/hh7jw6h64	fn2imwj	u/Quarxnox	fn2hqog	C
2020-04-11 03:33:23.560382	u/TheRealDankmountain	fn2imzq	u/Zafk13l	fn2gswm	C
2020-04-11 03:33:44.732034	u/Lork82	fn2innl	u/JR015	fn299xh	C
2020-04-11 03:34:02.508928	u/Railgunner45792	fn2io7t	u/TheMafiaRulez	fn2dqsm	C
2020-04-11 03:34:18.353025	u/Cool_Dude04	fn2ioty	u/Bruh_Bot_	fn2ieit	C
2020-04-11 03:34:28.864745	u/BeearGergely8	fn2ip3a	u/StabbyStaber	fn2f6ou	C
2020-04-11 03:34:49.924252	u/I-am-Luuk	fn2iptz	u/is_this_illegal_	fn2ej6f	C
2020-04-11 03:35:13.487988	u/sugar_cane_boy	fn2iqmh	u/inthedarktheresnolit	fn26gw3	C
2020-04-11 03:35:35.002127	u/Kzero01	fn2iosw	u/Azour_	fn2ii2d	C
2020-04-11 03:35:51.078526	u/whytfilikehitler	fn2irkr	u/Mohammad927	fn2ezrt	C
2020-04-11 03:36:10.219481	u/xd-IPSIT	fn2isej	u/Peanutbutter-pickle	fn26zdc	C
2020-04-11 03:36:45.485606	u/stankydish67	fn2iryc	u/wolerne	fn2i86c	C
2020-04-11 03:36:50.920389	u/may_be_human	fn2ittu	u/depressed_melons	fn2indi	C
2020-04-11 03:37:21.941957	u/Barrel-Master7	fn2iuur	u/-YeetsChild-	fletgx3	C
2020-04-11 03:38:31.678733	u/Crimson_King_27	fn2ix3n	u/Bruh_Bot_	fn2e8dz	C
2020-04-11 03:38:45.153820	u/ANotTakenUsername123	fn2ixth	u/KarmaHo3	fn2d7hr	C
2020-04-11 03:40:15.732368	u/xxGunnmanxx	fn2j1jh	u/BloodyBoots357	fn2ios4	C
2020-04-11 03:40:21.871073	u/TuxPenguin1	fn2j1p7	u/Thecouchiestpotato	fmzw00e	C
2020-04-11 03:40:38.406001	u/fixibleguide189	fn2j2d1	u/FearTheUchiha	fmwnpgq	C
2020-04-11 03:41:03.885115	u/QwertyBuffalo	fn2j1yh	u/Halfayay12	fn1nnzv	C
2020-04-11 03:41:24.879899	u/lnfinity	fn2j2tg	u/Starlighter18	fn2c7qd	C
2020-04-11 03:41:39.361356	u/coptup4ik	fn2j3fc	u/ExtensionRegular1	fn2j0ze	C
2020-04-11 03:42:29.403208	u/RandomPerson12191	fn2j4yr	u/hobo367	fn2g43x	C
2020-04-11 03:42:48.070930	u/bestcool5	fn2j5jf	u/childDuckling	fn2im05	C
2020-04-11 03:42:54.895138	u/jareddamonster	fn2j5q5	u/classypenquin002	fn26zhz	C
2020-04-11 03:43:09.272231	u/uwuavajean	fn2j683	u/Mrunknown100	fn2j3va	C
2020-04-11 03:43:17.783858	u/Forbs171	fn2j6p7	u/PETEMEISTA	fn2eymp	C
2020-04-11 03:43:34.661956	u/gaylordd_	fn2j76g	u/BORORORI	fn2j4z0	C
2020-04-11 03:44:01.415090	u/MrSlimey	fn2j8ah	u/Thor1400	fypx9c	S
2020-04-11 03:44:11.835773	u/sneakylilbish198	fn2j8li	u/itsthebird11	fn2j0pj	C
2020-04-11 03:44:44.897112	u/richyydoe	fn2jabu	u/uwuavajean	fn2j8zd	C
2020-04-11 03:44:54.796882	u/theshadow603	fn2jano	u/VarianWrynn2018	fn2hdlj	C
2020-04-11 03:45:20.762180	u/MrDUB5T3P	fn2jbfv	u/Just_a_spaghetti	fn2iq4p	C
2020-04-11 03:46:16.477700	u/Jamdan2	fn2jda2	u/Thebadwolfz	fn2j7iw	C
2020-04-11 03:46:32.471254	u/Habuki_Kabuki	fn2jdvc	u/is_this_illegal_	fn2jau1	C
2020-04-11 03:47:10.499486	u/ArMa2132	fn2jdhw	u/Analytical_Chemist	fn1gdof	C
2020-04-11 03:47:15.594212	u/cicadawing	fn2jf8t	u/Icmedia	fn293vp	C
2020-04-11 03:48:15.561677	u/Takatamo2007	fn2jhqd	u/Zuckerfeller	fn226s0	C
2020-04-11 03:48:23.728746	u/Dankie_Spankie	fn2ji1e	u/froowny	fn2f1sj	C
2020-04-11 03:48:52.970954	u/Drew_Lover	fn2jj46	u/MyJelloJiggles	fn29ufc	C
2020-04-11 03:49:51.710133	u/grandetacosupreme	fn2jkx4	u/Ca-Game	fn2ih8c	C
2020-04-11 03:50:36.519448	u/YeetGodOfScandinavia	fn2jmbc	u/delta_wow	fmzi6b0	C
2020-04-11 03:51:08.098044	u/TotemicNL	fn2jno6	u/lanciro	fn2ibe4	C
2020-04-11 03:51:14.484193	u/insertfunnyname06	fn2jmwk	u/bob1278999	fn2ghu7	C
2020-04-11 03:51:30.702608	u/JusticeNoori	fn2jnn8	u/Dhonex_	fn2howg	C
2020-04-11 03:51:32.989274	u/MisterCrow707158	fn2jnng	u/Capecodgurl	fn25450	C
2020-04-11 03:51:48.756863	u/iyav	fn2jo8b	u/Lenaud02	fn29mv6	C
2020-04-11 03:52:05.093736	u/LaceyBoi69	fn2josw	u/inhale_my_buttcrack	fn2itlv	C
2020-04-11 03:52:30.350903	u/MettledPlastic	fn2jpq7	u/single_mind	fn2f6n1	C
2020-04-11 03:52:40.391341	u/CoalFiredBanana	fn2jq5e	u/okboomer18	fn2flzj	C
2020-04-11 03:52:43.690068	u/egbdf333	fn2jq85	u/PearDailyYT	fn1p0in	C
2020-04-11 03:53:31.818085	u/chemicalrefugee	fn2jsjg	u/MemesAndBlunts	fn26piu	C
2020-04-11 03:53:51.243076	u/brodyk613	fn2jshf	u/zitfarmer	fn2bh0d	C
2020-04-11 03:54:20.571270	u/HiopXenophil	fn2ju8i	u/randomaccountnumber8	fn2enxx	C
2020-04-11 03:54:39.869941	u/CSK38	fn2juna	u/NaniZaWarudo	fn2i7vu	C
2020-04-11 03:55:48.856767	u/hamthoiphuchung	fn2jwh1	u/WhoElseButDedede	fn2iejc	C
2020-04-11 03:56:07.596763	u/GreninjaNafi	fn2jxl0	u/SeveralBoxesofFeces	fn03ufv	C
2020-04-11 03:57:01.541604	u/WOINAIMIR	fn2jywk	u/MrTouchy17	fn2jgyh	C
2020-04-11 03:57:59.275072	u/Ramboti	fn2jyun	u/shleyal19	fn1s66e	C
2020-04-11 03:58:14.068686	u/Dinglepussers	fn2k20p	u/LexStreams_	fn2hx4q	C
2020-04-11 03:59:07.638653	u/mapple-syrup	fn2k3gy	u/tester_720	fyug41	S
2020-04-11 03:59:12.323893	u/surf-n-ball	fn2k3w2	u/TheToxicLogic	fn26gxi	C
2020-04-11 03:59:49.633263	u/G0D_of_Virginity	fn2k55u	u/hailhitla1946	fn2jhz7	C
