2020-04-16 18:00:22.559596	u/Hushamusha_64	fnmms95	u/patrlim1	g2ok9i	S
2020-04-16 18:01:11.567872	u/WhatTheWack	fnmmtsa	u/TheShinyHunter3	fnl5c9z	C
2020-04-16 18:01:18.019793	u/kamelizann	fnmmtwv	u/inferno350z	fnmbmbw	C
2020-04-16 18:01:49.089506	u/rouivas1	fnmmupk	u/MightyArmadillo123	fnmmk0l	C
2020-04-16 18:02:54.649077	u/oof_is_off_backwards	fnmmwpb	u/TheAlphaKarp	fnmmc40	C
2020-04-16 18:03:12.794108	u/skinny_malone	fnmmxfu	u/MillenniumGreed	fnmgkvv	C
2020-04-16 18:03:24.268630	u/Moobbles	fnmmxt4	u/The-Last-Mole-Man	fnmjrt7	C
2020-04-16 18:03:45.201581	u/MattAwesome	fnmmyz8	u/The-Last-Mole-Man	fnmhtzt	C
2020-04-16 18:04:46.695375	u/andyboylettuce1	fnmn1ba	u/ItsYaBoiBiggie65	fnmebrb	C
2020-04-16 18:04:48.752260	u/tikipikikiki	fnmn1bc	u/red-potato-salad	fnmmq45	C
2020-04-16 18:05:19.906510	u/softboi127	fnmn2gn	u/voitrien	fnmk27l	C
2020-04-16 18:06:58.233733	u/raganagababa	fnmn5ui	u/RepostSleuthBot	fnmku80	C
2020-04-16 18:07:44.154176	u/lordnibblet	fnmn83b	u/Quija5000	fnmmixo	C
2020-04-16 18:07:48.004392	u/gilgool123	fnmn88o	u/stinky-socks123	fnmn1yr	C
2020-04-16 18:07:51.780752	u/BearBlaq	fnmn8el	u/qlast65	fnly787	C
2020-04-16 18:08:09.183155	u/PinayGator	fnmn8zj	u/Bonaque	fnmi7uf	C
2020-04-16 18:08:32.210619	u/CubekXD	fnmna9r	u/GG_Piggy_101	g2i8s6	S
2020-04-16 18:08:52.630361	u/mount_of_jack_squat	fnmnbsz	u/nickkkkkboi	fnmay76	C
2020-04-16 18:09:06.714850	u/NachoTheMacho	fnmnczi	u/Iamapersonmag	fnmm8gm	C
2020-04-16 18:09:10.632446	u/Dopplegangr1	fnmnd3l	u/Niko_47x	fnmij6b	C
2020-04-16 18:09:12.465338	u/Coati_62	fnmnd3t	u/theturtels344	fnmn94s	C
2020-04-16 18:09:18.740844	u/Datdankboi12	fnmndee	u/wardio4	fnmlx3g	C
2020-04-16 18:09:42.980507	u/nikifrd	fnmnf9f	u/KormitTheFreg	fnmnec0	C
2020-04-16 18:09:45.161524	u/TheNerdJournals	fnmnfg1	u/Moobbles	fnmmxt4	C
2020-04-16 18:09:53.594934	u/lorddreamer	fnmngeg	u/AmericaRUserious	fnlg40g	C
2020-04-16 18:10:01.516069	u/I_cut_my_own_jib	fnmnhgi	u/ChrispyTofuChoii	fnmm94c	C
2020-04-16 18:10:10.122681	u/maudlinLark	fnmni4f	u/PeriGamer456	fnmk3wv	C
2020-04-16 18:11:23.203678	u/Rhinestonedd	fnmnkja	u/Rolltide-tolietpaper	fnmjeuu	C
2020-04-16 18:11:36.807276	u/jjc157	fnmnle6	u/SeibulmaiTheBird	fnm117d	C
2020-04-16 18:12:59.486333	u/OsKarMike1306	fnmnpnr	u/Zuronane	fnldyzo	C
2020-04-16 18:13:30.325819	u/Valentinee105	fnmnqqc	u/AquilexArtz	fnmk0im	C
2020-04-16 18:13:38.120276	u/Da_nlue	fnmnqzw	u/PabloCaldera	fnmlc6p	C
2020-04-16 18:13:42.321173	u/DaDirtyDolphin	fnmnr95	u/SonOfChungus	fnlwii5	C
2020-04-16 18:13:51.942928	u/bopp0	fnmnrh4	u/MillenniumGreed	fnmgkvv	C
2020-04-16 18:14:24.347446	u/nanthsree22	fnmntfz	u/FreddyKrum	fnmi2wj	C
2020-04-16 18:14:59.343348	u/Tj_Styles	fnmnurf	u/Xtremegamer645	fnmdi8l	C
2020-04-16 18:15:07.390105	u/tear-of-gypsy	fnmnv1f	u/DaBigPandaYT_	g2n405	S
2020-04-16 18:15:10.668724	u/Sentrymon	fnmnv7k	u/BMW_850_CSI	g2ofs2	S
2020-04-16 18:15:12.742988	u/no_one_just_a_ghost	fnmnvcy	u/TheWhollyGhost	fnm1mjw	C
2020-04-16 18:15:32.033263	u/pleasedropSSR	fnmnvvd	u/domkuma	fnmmgmb	C
2020-04-16 18:15:34.175494	u/jcreamm	fnmnvxq	u/dogssomewhere	fnmm1gw	C
2020-04-16 18:15:37.072544	u/painted_dessert94	fnmnw14	u/BuiltlikeanOrc-a	fnml1lg	C
2020-04-16 18:16:12.091408	u/slaggie	fnmnx9z	u/druman22	fnmmjhr	C
2020-04-16 18:17:25.210319	u/Cjscruz	fnmo1zl	u/Coati_62	fnmnwdq	C
2020-04-16 18:17:29.680201	u/legend99_	fnmo2e2	u/Coati_62	fnmml30	C
2020-04-16 18:18:54.335455	u/El_Lympio	fnmo6lm	u/MyJelloJiggles	fnl915z	C
2020-04-16 18:19:07.835324	u/i_need_more_happy	fnmo7oj	u/547217	fnmnx5j	C
2020-04-16 18:19:14.560762	u/snicoleconger	fnmo838	u/i_hate_usenames	fnlwtnn	C
2020-04-16 18:19:21.405752	u/APTplanet	fnmo97l	u/Solaire_the-sunbro	fnmnz7b	C
2020-04-16 18:19:28.505331	u/Mr-Jam-Jam	fnmo9zd	u/NoomZoom123	fnmhxhz	C
2020-04-16 18:19:43.502378	u/thewheelchair1	fnmob1w	u/Tohulyf	fnlw18f	C
2020-04-16 18:19:48.906894	u/UpAndAdam-	fnmoblc	u/CyndaquilTyphlosion	fnmnja3	C
2020-04-16 18:19:53.221381	u/savethecorner	fnmoc5g	u/IllHaveYouKnow_main	fnlfdau	C
2020-04-16 18:20:09.662842	u/FF_Mcgee	fnmoec3	u/cosmicrusauder	fnmmfjt	C
2020-04-16 18:20:13.101284	u/AlternateForMemes	fnmoee0	u/Ubizwa	fnminmo	C
2020-04-16 18:20:36.592830	u/yoshiedsaur1	fnmofpw	u/Marka2333	fnlrvhj	C
2020-04-16 18:21:54.975719	u/King_Laquan	fnmojst	u/Tallgeese3w	fnmm00v	C
2020-04-16 18:22:20.114714	u/PhantasmicKestrel	fnmol2u	u/Skunko	fnmdpwl	C
2020-04-16 18:23:31.545920	u/BaabyBear	fnmonvg	u/LookAtThisDued69	fnlxt6e	C
2020-04-16 18:23:39.499538	u/CiganoSA	fnmoo0g	u/thisshouldbevalid	fnmlsks	C
2020-04-16 18:23:41.661373	u/AlexTheKing008	fnmoo0t	u/LJ310	fnmncnn	C
2020-04-16 18:23:56.613301	u/Lightning_bolt360	fnmoon4	u/CroissantkingVII	fnmohtc	C
2020-04-16 18:24:51.362523	u/NoMoreBrine	fnmoqwh	u/YoHomie99	fnmol9m	C
2020-04-16 18:25:01.462367	u/InfiniteLiveZ	fnmorcu	u/ItsYaBoiBiggie65	fnmebrb	C
2020-04-16 18:25:15.157523	u/CarvedParachute	fnmorx3	u/UnoReverseCard8722	fnm7dmz	C
2020-04-16 18:25:18.200659	u/thedestr0yerofworlds	fnmos4i	u/Datruedabking	fnmokmz	C
2020-04-16 18:26:46.344330	u/alii66E	fnmova2	u/migulytdx	fnmmxme	C
2020-04-16 18:26:58.974404	u/therisingsoul111	fnmovy3	u/InternetMeme69	fnmon52	C
2020-04-16 18:27:15.536476	u/yowc	fnmowmg	u/RetroBoo	fnmc9sk	C
2020-04-16 18:27:17.269422	u/Wayward-Delver	fnmowne	u/OrionUniv	fnmokc5	C
2020-04-16 18:27:33.264006	u/RedGaming98	fnmoxey	u/Beli3verXI	fnmnfb6	C
2020-04-16 18:28:30.054448	u/Davediedyeasterday	fnmp11e	u/Meplore	fnle4p6	C
2020-04-16 18:28:31.518042	u/floating-garlic	fnmp11q	u/Mrloud0603	fnmovh9	C
2020-04-16 18:28:45.279491	u/blazedosan002	fnmp1pd	u/dropkickdurpy	fnlda4n	C
2020-04-16 18:28:58.590408	u/kerchoochoobrain	fnmp35n	u/Realbeastmode32	fnmn2vk	C
2020-04-16 18:29:36.020596	u/thegreatPBandJ	fnmp5dw	u/xDARK_LGNDx	fnmmdrw	C
2020-04-16 18:29:37.479487	u/CatKing_blep	fnmp5j7	u/AlexTheKing008	fnmoo0t	C
2020-04-16 18:29:45.351443	u/MagicalMelonMan	fnmp5qz	u/Superbrawlfan	fnle9zt	C
2020-04-16 18:29:47.845042	u/thugg420	fnmp5z3	u/moosiahdexin	fnmmie3	C
2020-04-16 18:29:58.472381	u/Reekessence	fnmp7bv	u/DizzyDeezler	fnmmslr	C
2020-04-16 18:30:09.600113	u/Mahtiah	fnmp8i4	u/Ba1awii	fnmhsj1	C
2020-04-16 18:30:38.482242	u/whatchagonnado0707	fnmp9ri	u/MoreAnonymo	fnmmmox	C
2020-04-16 18:30:55.220478	u/Makela6	fnmpadq	u/77Chaotic	fnmo3ay	C
2020-04-16 18:31:04.532507	u/ieatkittenies	fnmparv	u/icefire555	fnmhwy0	C
2020-04-16 18:31:14.784771	u/NaturesMayhem	fnmpb7q	u/The-Last-Mole-Man	fnmjrt7	C
2020-04-16 18:31:34.334675	u/MaskedWraith	fnmpc9s	u/Frost_ByteRL	fnmggzx	C
2020-04-16 18:31:37.626366	u/RottenBanana202	fnmpc9y	u/EsoYalose	fnmp6lc	C
2020-04-16 18:32:00.413076	u/horribly_skipped	fnmpd63	u/unique_MOFO	fnlaijg	C
2020-04-16 18:32:06.074068	u/ComplaintInspector	fnmpd9z	u/marcohydroxide2	fnmnyyf	C
2020-04-16 18:33:00.202816	u/boldj180	fnmpf97	u/RedGaming98	fnmoxey	C
2020-04-16 18:33:04.615627	u/peeplandia	fnmpfd7	u/Respect_Paying_Bot	fnlt3gj	C
2020-04-16 18:33:31.217236	u/XLXLAZER	fnmpg1y	u/Mr-Jam-Jam	fnmo9zd	C
2020-04-16 18:33:34.466558	u/Sir_Celcius	fnmpgcm	u/bopp0	fnmnrh4	C
2020-04-16 18:34:03.717361	u/H_uskyy	fnmphc1	u/MAGIC_EYE_BOT	fnmpg2c	C
2020-04-16 18:35:08.926100	u/Mustafism	fnmpkjk	u/SLforHongKong	fnlw4fn	C
2020-04-16 18:35:13.231166	u/FearDog	fnmpkrf	u/Rusty_Garlic	fnmmcov	C
2020-04-16 18:35:20.308192	u/Name1345678	fnmpkyx	u/TG22515	fnmakrg	C
2020-04-16 18:36:01.801698	u/lemmed1e	fnmpmrf	u/Porge069	fnmpc4v	C
2020-04-16 18:36:06.739117	u/Ox_Kit-Kat_xO	fnmpmyg	u/ConjureSlade	fnmet7w	C
2020-04-16 18:36:19.686012	u/XxNIPExX_V	fnmpnl0	u/Korr1n_	fnlwimf	C
2020-04-16 18:37:00.237835	u/LightDeathguy	fnmppyw	u/RepostSleuthBot	fnmpbhw	C
2020-04-16 18:37:30.983576	u/Zoe-Kay	fnmprtk	u/smirkysmurk	fnmouiq	C
2020-04-16 18:37:52.442945	u/ass_hole__	fnmpsvv	u/Frost_ByteRL	fnmk4fk	C
2020-04-16 18:38:08.791298	u/TroyRex1066	fnmptk8	u/CloppyTheClopper	fnl667y	C
2020-04-16 18:38:31.341548	u/whitneytempest53	fnmpuru	u/SteventheWizardCat	fnmoaua	C
2020-04-16 18:38:39.889629	u/ZorkNemesis	fnmpvp3	u/Niko_47x	fnmnget	C
2020-04-16 18:38:46.443972	u/WeDreamOfPeace	fnmpw7m	u/LargeMeatProducts	fnmij0j	C
2020-04-16 18:38:52.339844	u/trev_42069	fnmpws0	u/Dopplegangr1	fnmnq27	C
2020-04-16 18:38:59.067901	u/iDriveOnDirt	fnmpx54	u/PrimeParzival	g2nbnq	S
2020-04-16 18:39:34.533072	u/rekdoman	fnmpz2x	u/RepostSleuthBot	fnmoc84	C
2020-04-16 18:39:47.710415	u/Zanadar	fnmq02k	u/skinny_malone	fnmmxfu	C
2020-04-16 18:39:48.679423	u/PEPPERMINT666	fnmq02x	u/Camdelans	fnm73fk	C
2020-04-16 18:39:54.665231	u/The_Lizard_King21	fnmq0iw	u/MoTheEski	fnmn1vr	C
2020-04-16 18:40:03.821934	u/WoahThereBuddyy	fnmq0uj	u/boi41970	fnmb6a8	C
2020-04-16 18:40:17.740563	u/PMMeSmilingNudes	fnmq18l	u/InfiniteLiveZ	fnmpnam	C
2020-04-16 18:40:25.488423	u/sausagecatto	fnmq1a5	u/Sofia_864	fnmq0cr	C
2020-04-16 18:40:33.724386	u/wadelaideg	fnmq1mu	u/MyJelloJiggles	fnmd6m5	C
2020-04-16 18:40:36.471191	u/orangehound	fnmq1mt	u/BenjiOOPS	fnmeh98	C
2020-04-16 18:40:42.052553	u/WalkItOffCupcake	fnmq1oa	u/Sungamcar	fnmcxbo	C
2020-04-16 18:41:06.227128	u/optimist_prhyme	fnmq31i	u/A70guy	fnj7b6d	C
2020-04-16 18:41:37.715578	u/SexyN8	fnmq4af	u/Dark-Demon123	fnmgvei	C
2020-04-16 18:41:43.441970	u/williamanderson1871	fnmq4ef	u/ItsYaBoiBiggie65	fnmebrb	C
2020-04-16 18:42:09.606958	u/MorbisMIA	fnmq53e	u/Moobbles	fnmmxt4	C
2020-04-16 18:42:29.270977	u/itseuropareport	fnmq5o2	u/UnchartedCHARTz	fnmhhx6	C
2020-04-16 18:42:31.523992	u/goldfish-king	fnmq5om	u/CowboySamurai622	fnmkk4l	C
2020-04-16 18:43:23.066911	u/Pkmn-Trainer-Elio	fnmq79c	u/Xx_MemeLord99_xX	fnmk7cq	C
2020-04-16 18:43:43.920833	u/Defect_Seeker	fnmq88q	u/Insanityleo	fnlreff	C
2020-04-16 18:44:07.029137	u/BestDamnMomEver	fnmq920	u/Geralt_the_Rive	fnl7xzw	C
2020-04-16 18:44:12.100082	u/Analogdude2020	fnmq9b9	u/sausagecatto	fnmq7ig	C
2020-04-16 18:45:08.408808	u/OuijaSaurusTex	fnmqc56	u/MyJelloJiggles	fnmd6m5	C
2020-04-16 18:45:23.853617	u/oodle99	fnmqcx7	u/reddithaveproblems	fnm1i1b	C
2020-04-16 18:45:27.599251	u/hawaiian_boy247	fnmqd5u	u/Josiador	fnmqbdd	C
2020-04-16 18:45:31.038324	u/t0tally_inn0cent	fnmqd6i	u/MacKenzieWright	fnmpx4d	C
2020-04-16 18:47:09.624591	u/king_grushnug	fnmqhw7	u/Niko_47x	fnmij6b	C
2020-04-16 18:47:13.852675	u/JonSnoSnow	fnmqi5q	u/Dexie205	fnmf8a2	C
2020-04-16 18:47:45.017083	u/DropKletterworks	fnmqjdz	u/kamelizann	fnmmtwv	C
2020-04-16 18:48:08.345782	u/Okaminku	fnmqkv9	u/Diet_spaghet15	fnmkkgt	C
2020-04-16 18:48:12.449585	u/politicalanylist114	fnmql53	u/3_DX	fnmfd06	C
2020-04-16 18:48:19.816644	u/GingerX07	fnmqlly	u/DwergNout	fmrratb	C
2020-04-16 18:48:39.512191	u/Samojak122	fnmqn1y	u/PEST1LENCE_77	fnmpd2b	C
2020-04-16 18:48:44.746372	u/GreedyExercise	fnmqnfj	u/parola123y	fnmowej	C
2020-04-16 18:48:51.724785	u/LittleRedHood__	fnmqnt8	u/Funky8oy	fnmhppy	C
2020-04-16 18:49:01.971887	u/Bianca684	fnmse3s	u/Popstickle106	fnmsarl	C
2020-04-16 18:49:12.945838	u/TyMon88	fnmselw	u/7051833	fnms22w	C
2020-04-16 18:49:16.856366	u/Lil0nut	fnmseoz	u/SuchANoooob	fnmjmyo	C
2020-04-16 18:49:18.061369	u/im_in_jail_cant_talk	fnmser6	u/ScumlordAzazel	fnmqfoy	C
2020-04-16 18:49:29.386020	u/wmzyboy	fnmsfim	u/OhMyGodItsLiquid	fnmrucu	C
2020-04-16 18:49:31.518412	u/Branamp13	fnmsfr1	u/inferno350z	fnmbmbw	C
2020-04-16 18:49:36.608221	u/Galle_	fnmsgei	u/razorisrandom	fnmilkq	C
2020-04-16 18:49:49.307031	u/Aiden-Wenberg	fnmsi8p	u/2020_Survivor	fnmsdk2	C
2020-04-16 18:49:50.447060	u/Jooggernaut	fnmsilt	u/dl-rsk	fnl5y2s	C
2020-04-16 18:49:56.387025	u/cyka__	fnmsjlq	u/cosmic_cat_art	fnmld1e	C
2020-04-16 18:50:40.063570	u/KD_TurtleGod	fnmsld1	u/keksoslav	fnmlihc	C
2020-04-16 18:51:01.774803	u/rose_are_green	fnmslpz	u/ixNoah	fnloi1e	C
2020-04-16 18:51:08.039966	u/Empire_1250	fnmsly8	u/slickestwood	fnlpl2y	C
2020-04-16 18:51:12.568593	u/lolimazn	fnmsm0f	u/JonnyBrah	fnmre8f	C
2020-04-16 18:51:32.423234	u/parentsdontgonpizza	fnmsmqw	u/Aurilion	fnms4f4	C
2020-04-16 18:51:46.511065	u/McWhalester	fnmsn7n	u/pachy_hapirat	fnlnf3x	C
2020-04-16 18:53:04.513029	u/Jacius05	fnmsppy	u/saggywitchtits	fnmohez	C
2020-04-16 18:53:08.800416	u/Werner_Voss_	fnmsq35	u/Tobimanden	fnksf5o	C
2020-04-16 18:53:52.332943	u/ray_warlock	fnmsrhm	u/Aquamic	fnmgc4w	C
2020-04-16 18:53:59.742691	u/midgetunicorn24	fnmsrlx	u/smirkysmurk	fnmouiq	C
2020-04-16 18:54:12.854412	u/556648	fnmss1b	u/SonOfChungus	g2k709	S
2020-04-16 18:55:02.644786	u/dank_memr	fnmsu15	u/The-Last-Mole-Man	fnmhjtx	C
2020-04-16 18:55:04.759460	u/_eduardio_	fnmsu1q	u/2020_Survivor	fnmsoul	C
2020-04-16 18:55:20.013799	u/bendeboy	fnmsum5	u/JonnyBrah	fnmre8f	C
2020-04-16 18:55:33.781711	u/EggsAndChips	fnmsvb1	u/DemonicLemon02	fnlwjur	C
2020-04-16 18:56:00.173585	u/rice--boi	fnmswnd	u/Noturmothershandle	fnkxjd7	C
2020-04-16 18:56:05.643672	u/Brockenarrow500	fnmsx7t	u/overlord_of_cringe	fnmsqti	C
2020-04-16 18:56:23.576434	u/leliondemer	fnmsyea	u/Lumpy_lad	fnmmm9i	C
2020-04-16 18:56:49.770949	u/triwaif	fnmszcv	u/2020_Survivor	fnmsmqt	C
2020-04-16 18:57:25.426080	u/culopattino	fnmt19j	u/jasserzayyad	fnmst62	C
2020-04-16 18:57:30.168773	u/Gryts888	fnmt1ee	u/InfiniteLiveZ	fnmst4v	C
2020-04-16 18:57:35.827210	u/ReallyRedditNoNames	fnmt1ly	u/epic_uno_reverse	fnmsrd6	C
2020-04-16 18:57:38.242020	u/Ramseas119	fnmt1o4	u/KALTWAFFEL	fnlmb4r	C
2020-04-16 18:57:40.724445	u/Mr_DuSquid	fnmt1os	u/jasserzayyad	fnmst62	C
2020-04-16 18:57:59.101658	u/Senor_Taco29	fnmt2n8	u/FeFiFoPinky	fnmloee	C
2020-04-16 18:58:04.716501	u/MeridianBay	fnmt30h	u/TheMerryBerry	fnmlf51	C
2020-04-16 18:58:42.762462	u/Tropicalgorilla	fnmt4fk	u/culopattino	fnmt19j	C
2020-04-16 18:58:53.233831	u/Miss_Dumas23	fnmt50d	u/red-potato-salad	fnmnova	C
2020-04-16 18:59:04.614900	u/EddyTheEttercap	fnmt5vv	u/Spyqe	fnmbycd	C
2020-04-16 18:59:16.225877	u/SirMavane	fnmt6ip	u/austinhvh	fnmady4	C
2020-04-16 18:59:26.407699	u/Molesini	fnmt7ax	u/StylishGuy1234	fnhigpy	C
2020-04-16 18:59:27.572865	u/VegeterianOsu	fnmt7cu	u/Yugthffhhdgcfg	fnmmdbh	C
2020-04-16 18:59:31.303797	u/Bi-Cycle-Unchained	fnmt7rf	u/Beardy1111	fnmqwk3	C
2020-04-16 18:59:46.865872	u/Finnilinian	fnmt9q5	u/thingamajjig	fnms5qo	C
2020-04-16 18:59:53.825866	u/lemonchicken91	fnmtaa8	u/ArcticToast69	fnmjjyz	C
2020-04-16 18:59:59.779845	u/Nero1245	fnmtbo8	u/ImHereForTheMemes184	fnmt7u1	C
