2020-03-26 09:01:13.435737	u/fumblinglink	fljuxuz	u/hehehahahohohuhuhu	fljllzt	C
2020-03-26 09:01:54.776186	u/MmanGo_Z	fljuycj	u/Mobilfan	fljge9a	C
2020-03-26 09:02:11.434942	u/alexander-prince	fljuyym	u/topachez	fljmkqy	C
2020-03-26 09:02:46.905173	u/jacks751	fljuzuh	u/Wontino	fljuy6h	C
2020-03-26 09:02:51.555121	u/doanld-j-trumpet	fljuzx4	u/Milital	fpavkw	S
2020-03-26 09:03:12.358480	u/ThekinThinks	fljv0nf	u/diegoREACH	fli8e26	C
2020-03-26 09:03:38.392770	u/Mroman-_-	fljv154	u/CroissantDude	flij9ur	C
2020-03-26 09:03:41.342591	u/Lucifer_lord_of_cats	fljv17q	u/MeLlamoMatthias	fljuusd	C
2020-03-26 09:04:22.192446	u/XeNiX_XiNeX	fljv24z	u/Crix00	fljtajc	C
2020-03-26 09:04:25.083324	u/LOLMANslit	fljv25m	u/Pannenkoek420	fljta5z	C
2020-03-26 09:04:40.684382	u/aniketashara	fljv2o4	u/JoeMDFK	flju5d9	C
2020-03-26 09:04:57.922171	u/fastAsFRICK7	fljv2yd	u/Pannenkoek420	fljta5z	C
2020-03-26 09:05:03.252270	u/DevilBeater	fljv33o	u/PrettySeal8927	fljv1gq	C
2020-03-26 09:05:07.101322	u/puddingman2006	fljv362	u/SeafoodBastard21	fljohup	C
2020-03-26 09:05:18.918187	u/AlexVal0r	fljv3h6	u/earth2skyy	flje24f	C
2020-03-26 09:05:24.462337	u/_hi_there_-	fljv3ql	u/AutoModerator	flh67lm	C
2020-03-26 09:05:54.701885	u/the-thiccest-shadow	fljv4fa	u/Deathnoob101	flj03cp	C
2020-03-26 09:06:03.093544	u/BumPirate_69	fljv4q4	u/Emperor_O_Memes	fljjevd	C
2020-03-26 09:06:07.180048	u/vvexx9	fljv4uz	u/MEMEMASTER6967	fljdzdq	C
2020-03-26 09:06:09.891721	u/angrovar	fljv4ww	u/UD_1680	flju393	C
2020-03-26 09:06:50.105659	u/freddy69corn	fljv5x8	u/Poat540	flju3uv	C
2020-03-26 09:06:57.260426	u/hoo_dcookies	fljv6b9	u/ZZionix	fljuuvr	C
2020-03-26 09:07:05.640390	u/Delicious_PowerLine	fljv6rw	u/inline_citations	fljo2js	C
2020-03-26 09:07:16.208733	u/GyroBeats	fljv6sj	u/joshc14	fljth8d	C
2020-03-26 09:07:18.412914	u/SramGage	fljv70b	u/KingdesUniversums	fljgu3j	C
2020-03-26 09:08:54.019821	u/NaturallyFrank	fljv8km	u/Fn00rd	fljt1aa	C
2020-03-26 09:09:12.101549	u/8000capsulesofmolly	fljv9ap	u/Wingo5315	fljs8rl	C
2020-03-26 09:09:13.917127	u/Bikkel10men	fljv9h2	u/Katashi210	fljg4vn	C
2020-03-26 09:09:26.497363	u/mylesg9	fljv9wc	u/_Naan_	flioqhk	C
2020-03-26 09:09:31.155492	u/Hansj3	fljvac3	u/NickLeMec	fljkrui	C
2020-03-26 09:09:35.707830	u/Minetendo0000	fljvajy	u/EvilUnic0rn	fljmby9	C
2020-03-26 09:10:10.035682	u/trollbottroll	fljvb3r	u/robin_joker	fljv55h	C
2020-03-26 09:10:18.487516	u/H4R81N63R	fljvbh8	u/FullHalfTotalEclipse	fljups3	C
2020-03-26 09:10:42.052837	u/nanuka1980	fljvc1r	u/Foamyphilosophy	fljtoi4	C
2020-03-26 09:10:44.420330	u/highestintheroom-420	fljvc22	u/Kind-Pop	fl3zlqu	C
2020-03-26 09:11:17.844850	u/joshdts	fljvcgr	u/Alexitozz	flj5itl	C
2020-03-26 09:11:31.284846	u/that-dyslexic	fljvcuu	u/CinKM4D	flh8whz	C
2020-03-26 09:11:48.598503	u/firefoxloaFf	fljvd00	u/UD_1680	fljv3l0	C
2020-03-26 09:12:04.181005	u/memesmakedreamsBoi	fljvdi4	u/diegoREACH	fli8e26	C
2020-03-26 09:12:38.568362	u/homo_ignotus	fljve3t	u/l_fintan_l	fljsxu9	C
2020-03-26 09:12:46.037703	u/knightkrawler24	fljve77	u/78aartho	fli352i	C
2020-03-26 09:12:52.606358	u/marouan10	fljvedq	u/RepostSleuthBot	fljsbm9	C
2020-03-26 09:14:02.166824	u/Goldenstripe5020	fljvg0v	u/Yunusluborek	fljus54	C
2020-03-26 09:14:24.860261	u/Mientovy	fljvggx	u/LegendaryPringle	flj3mu4	C
2020-03-26 09:15:51.317212	u/TyCobbsGhost	fljvhwy	u/WhiteUnicorn239	fljdtov	C
2020-03-26 09:15:54.976925	u/Aaron6969420	fljvhy1	u/moham_king	fljgu2p	C
2020-03-26 09:16:15.579126	u/The_Elusive_Pinapple	fljvicq	u/Mobilfan	fljge9a	C
2020-03-26 09:16:29.202052	u/Paulpofussel	fljvikn	u/mayneffs	fljhige	C
2020-03-26 09:16:34.980135	u/Axientra	fljvip4	u/XFATEX_Falk	fljpnmw	C
2020-03-26 09:16:40.394710	u/LucasCBs	fljvj3w	u/MrSchnapskatze	fljfmh6	C
2020-03-26 09:16:56.511019	u/Tomi_071	fljvjqa	u/SPOTlickPOP	fljvhoo	C
2020-03-26 09:17:27.618016	u/PrettyNeatHuh	fljwm1a	u/SramGage	fljv70b	C
2020-03-26 09:17:37.114655	u/Beerob13	fljwmfm	u/TheReal_JimPickens	fljhkte	C
2020-03-26 09:17:44.483271	u/N3onknight	fljwmqx	u/Brokeasslobster	fljvkzw	C
2020-03-26 09:17:55.059746	u/DankPhoenix13	fljwncu	u/Potatotheooflord	fl5eybt	C
2020-03-26 09:17:57.759791	u/Grievous_Nix	fljwnt0	u/liskamariella	fljny7v	C
2020-03-26 09:18:02.541977	u/weirdman1433	fljwnys	u/getrekkk	fljwn2f	C
2020-03-26 09:18:08.086352	u/darklotusgamer1	fljwo5h	u/SramGage	fljv70b	C
2020-03-26 09:18:12.189286	u/hornydrunkenmama	fljwodr	u/SPOTlickPOP	fljwl18	C
2020-03-26 09:18:14.292363	u/_aVeRaGe_NoRmIe_	fljwogk	u/CacklettasMinion	fljvd44	C
2020-03-26 09:18:16.627218	u/JonhLawieskt	fljwojs	u/404usernotfoundd	fljtsif	C
2020-03-26 09:18:21.112951	u/putn3y	fljwosu	u/DieDonerbruderschaft	fljitrl	C
2020-03-26 09:18:31.537188	u/LordBootyHunter	fljwpct	u/Cheshire559	fljjy1w	C
2020-03-26 09:18:39.929979	u/fl0wdeep	fljwppy	u/NoxBizkit	fljr82s	C
2020-03-26 09:19:09.200918	u/JeffyP0PcorN	fljwqy6	u/elskidaadleskidoodle	fljwj6y	C
2020-03-26 09:19:14.784852	u/Auzva	fljwrba	u/Deathbysugar2020	fljuiw7	C
2020-03-26 09:19:26.031693	u/wsupp_bic	fljwrym	u/doge260	fljtj4b	C
2020-03-26 09:19:27.516915	u/area51_manager	fljws0t	u/AutoModerator	fljfu22	C
2020-03-26 09:19:28.463708	u/XTTH_1010	fljws2f	u/mimilegolol	fljt3ts	C
2020-03-26 09:19:32.358475	u/MrRealfield	fljws7r	u/real_doppelganger	fljstzd	C
2020-03-26 09:19:38.338373	u/IGraySoulI	fljwst6	u/fl0wdeep	fljwk1l	C
2020-03-26 09:19:42.505353	u/Nomiad2001	fljwt18	u/TheMooderator	fljn1ko	C
2020-03-26 09:19:48.501988	u/Rainbow_Donut0	fljwtgw	u/Saskyboy123	fljvr8y	C
2020-03-26 09:20:31.979897	u/ArmRazor	fljwvgc	u/Doggywoof1	fljs7cq	C
2020-03-26 09:21:14.494483	u/coolfingamer	fljwwq7	u/Spoggen	fljrrml	C
2020-03-26 09:21:23.291548	u/sauron3579	fljwx4f	u/_ProfessionalRetard_	fljw7a6	C
2020-03-26 09:22:04.388987	u/Avohaj	fljwxrv	u/kruemmelbande	fljm68f	C
2020-03-26 09:22:10.216039	u/RagingRaquaza	fljwxz8	u/ElPapo131	fljmoei	C
2020-03-26 09:22:17.131817	u/whale543	fljwy1l	u/chez-linda	flhc6ch	C
2020-03-26 09:22:43.646833	u/Danithewheelchiar	fljwyg2	u/jr88fan	flh009o	C
2020-03-26 09:23:47.640186	u/nervousmelon	fljx0oc	u/Electroshock14	fljwzgd	C
2020-03-26 09:24:04.044882	u/fakeman667799	fljx155	u/bruhmanbreuh	fljdyw2	C
2020-03-26 09:24:19.875604	u/GeeNoP	fljx1vh	u/Necro_Wire	fljw46x	C
2020-03-26 09:24:56.604406	u/Person_Thats_Random	fljx33w	u/Kezcko	fljw8qc	C
2020-03-26 09:25:34.114489	u/Supah_McNastee	fljx46b	u/HakuTsubaki	fljqhnh	C
2020-03-26 09:25:37.977544	u/lMactionl	fljx49w	u/wet_psyduckslayer	fljrj9v	C
2020-03-26 09:25:40.829344	u/Redleader4044	fljx4cs	u/Grazthespaz	fljjxae	C
2020-03-26 09:25:59.984636	u/Igusz83	fljx541	u/memesinmyblood	fljlhlg	C
2020-03-26 09:26:17.880613	u/HelplessMoose	fljx5il	u/Plichso	fljk3fs	C
2020-03-26 09:26:21.650260	u/NinjaEmboar4	fljx5p9	u/racerfree	flj0ed8	C
2020-03-26 09:26:35.972765	u/Thatguy_youknow0	fljx63q	u/B3a_ns	fl4bqg7	C
2020-03-26 09:26:38.703084	u/Blizzard173	fljx66n	u/shemk3	fljmdow	C
2020-03-26 09:27:49.986759	u/Skippy_8	fljx8ls	u/thisnameisnotorg	fljub3o	C
2020-03-26 09:27:57.407510	u/ABitchForSalt	fljx8y4	u/please_be_nice_bro	flj9xx8	C
2020-03-26 09:28:02.042979	u/thunder753	fljx9i8	u/joshc14	fljnehf	C
2020-03-26 09:28:14.014004	u/Garibaldi1869	fljxa0m	u/haseo_the_adept69	fljk64m	C
2020-03-26 09:28:19.717822	u/JFirelord	fljxa6r	u/chickenlegflipflops	fljjrle	C
2020-03-26 09:28:23.698601	u/ava_dxddy	fljxaeo	u/MegaRetarded	flikmlq	C
2020-03-26 09:28:46.149082	u/Jowhannes	fljxbcl	u/x___that-one-guy___x	fljoyb7	C
2020-03-26 09:28:52.290601	u/EndmanTMT_Memes	fljxbj6	u/TheHotDog101	fljcatw	C
2020-03-26 09:29:02.155695	u/ShadowTiger0803	fljxc5q	u/iforgotmypasswordss	fljx2sw	C
2020-03-26 09:29:06.330099	u/CatpainLeghatsenia	fljxc7u	u/Vintage_Meymeys	flje31v	C
2020-03-26 09:29:26.681767	u/GeorgeBra0	fljxdxb	u/not-mvh	flj22z4	C
2020-03-26 09:29:30.391265	u/undercovercap	fljxe7a	u/Auzva	fljwrba	C
2020-03-26 09:29:32.148063	u/BigBoiPants24601	fljxe92	u/vainlyinsane	fp8jxc	S
2020-03-26 09:29:34.159325	u/serbianhelper	fljxedh	u/HakuTsubaki	fljpn1s	C
2020-03-26 09:29:45.241792	u/real_ass_fool	fljxf6e	u/Motdasti	fljqbg2	C
2020-03-26 09:30:18.034952	u/MrGuyDued	fljxh6w	u/fualtyzane	fljdp1g	C
2020-03-26 09:30:46.590043	u/Greykyne	fljximu	u/weirdman1433	fljxgml	C
2020-03-26 09:30:50.224517	u/Cyb0r9-P07470z	fljxipv	u/WhiteUnicorn239	fljdtov	C
2020-03-26 09:31:08.052451	u/lordazx	fljxjcz	u/NotARobot59	fljxd2u	C
2020-03-26 09:32:03.551114	u/arrow74	fljxkwk	u/8000capsulesofmolly	fljv9ap	C
2020-03-26 09:32:06.956507	u/Leg-Man	fljxky3	u/RepostSleuthBot	fljr48h	C
2020-03-26 09:32:32.219648	u/curiosity_if_nature	fljxm60	u/Noobster646	fljwjyv	C
2020-03-26 09:32:38.131582	u/Praise_LordTachanka	fljxmbh	u/nathchp	fljuqf5	C
2020-03-26 09:32:58.959269	u/FZPoggers	fljxn7p	u/viagrosexperimentos	fljrkgf	C
2020-03-26 09:33:05.281760	u/YeetMyMeat69420911	fljxncx	u/kiIIcharge	fljxljh	C
2020-03-26 09:33:23.876583	u/SS-Imperator	fljxnya	u/officer_panda159	flj64q0	C
2020-03-26 09:33:42.423216	u/WhyDidITakeThisName	fljxo4x	u/hornydrunkenmama	fljvf59	C
2020-03-26 09:34:13.906865	u/DreamSmuggler	fljxpaq	u/curiosity_if_nature	fljxcf4	C
2020-03-26 09:35:15.764934	u/Kahless82	fljxr1x	u/Lams1d	fljv4bl	C
2020-03-26 09:35:42.390064	u/Lecno_New	fljxrmr	u/Tuberyou_HD	fljl6yi	C
2020-03-26 09:35:49.178889	u/NeedNameGenerator	fljxrra	u/crusader-4300	fljkdpd	C
2020-03-26 09:35:53.167548	u/Kyalui	fljxrup	u/Pigpenlordofdirt	flh7092	C
2020-03-26 09:36:35.505540	u/Bruhmomentnumber42	fljxt4y	u/JefferyApproves	fljx6iy	C
2020-03-26 09:37:12.090479	u/je22e_m	fljxuh7	u/CinKM4D	flh8whz	C
2020-03-26 09:37:17.128400	u/glengraegill	fljxuml	u/RepostSleuthBot	fljxt9p	C
2020-03-26 09:37:24.615482	u/ethannn1	fljxuv8	u/Brokeasslobster	fljxjnx	C
2020-03-26 09:37:30.559051	u/KenJethro43	fljxv3d	u/glengraegill	fljxpez	C
2020-03-26 09:37:57.012416	u/IntenseColt	fljxwcc	u/SkullStar123	flhokti	C
2020-03-26 09:38:48.391493	u/randomgarbage332	fljxxet	u/tox1cugrin	fljjj7h	C
2020-03-26 09:38:50.300736	u/disco-deaky83	fljxxje	u/racerfree	flhmsz0	C
2020-03-26 09:39:07.849518	u/yeet_aloan	fljxylj	u/EliteBeast719	fljxwrh	C
2020-03-26 09:39:21.447107	u/HugoAn-_-	fljxz9v	u/GeorgeBra0	fljxdxb	C
2020-03-26 09:39:26.143765	u/WizzlyG33	fljxzl8	u/Stevotonin	fljlxiq	C
2020-03-26 09:39:28.886415	u/Podio17	fljxzou	u/NotARobot59	fljxd2u	C
2020-03-26 09:39:39.098072	u/mrgoodcat777	fljy07u	u/StinkyTit	flhk8d6	C
2020-03-26 09:39:46.564348	u/SamtheSamSams	fljy0k2	u/VViper1232	fljw0gq	C
2020-03-26 09:39:56.389021	u/Painless_Candy	fljy18h	u/fortpro87	fljxpte	C
2020-03-26 09:40:03.891949	u/leroymilo	fljy1iw	u/CheesusKrispy	fljeyje	C
2020-03-26 09:40:06.273489	u/follettina420	fljy1j1	u/ERRORNUMBER2004	fljk0lt	C
2020-03-26 09:40:10.880431	u/Jakelf07	fljy1pr	u/batmeoww	fljizlr	C
2020-03-26 09:40:16.576678	u/NootNootComrade	fljy1vw	u/EvilUnic0rn	fljpv55	C
2020-03-26 09:40:44.943724	u/j3hadipi3	fljy31y	u/AutoModerator	fljy11v	C
2020-03-26 09:40:51.772824	u/enthusastic-yeet	fljy3a8	u/Pigpenlordofdirt	fljq7vw	C
2020-03-26 09:41:14.629385	u/ClamsHavFeelings2	fljy43t	u/SarBearOfficial	fljp9n6	C
2020-03-26 09:42:16.999870	u/AMemeloker	fljy645	u/NOTdavie53	fljlczw	C
2020-03-26 09:42:48.033266	u/ExtraBox5	fljy7af	u/HawtKidVishal	fljrjbo	C
2020-03-26 09:43:01.884373	u/ShadowDragon175	fljy7mz	u/CTGRW_30477953419	fljvt5w	C
2020-03-26 09:43:33.421503	u/planerunner	fljy89t	u/MeLlamoMatthias	fljuusd	C
2020-03-26 09:43:38.951010	u/Pass_go2	fljy8kd	u/EliteAssassin750	fljxt6b	C
2020-03-26 09:43:52.919615	u/greezy66	fljy9dq	u/Abs4life123	flhihy9	C
2020-03-26 09:44:39.008525	u/Yrugeh2	fljyalh	u/DefinitelyNotACircle	fljsv3k	C
2020-03-26 09:45:13.664707	u/L1quidAc1d	fljycb0	u/real_doppelganger	fljb6kx	C
2020-03-26 09:45:36.954703	u/memes4everandever	fljyd8f	u/EvilUnic0rn	fljr0hp	C
2020-03-26 09:45:41.033828	u/IMaGeenyus	fljyddj	u/RepostSleuthBot	fljsbm9	C
2020-03-26 09:45:47.303875	u/Deadpools_Poodle	fljydlg	u/reddit-emoji-police	fljy9xx	C
2020-03-26 09:45:53.476279	u/GeorgeThe-Cat	fljydsn	u/joshc14	flju2ob	C
2020-03-26 09:46:17.315882	u/AMPatrick92	fljyehu	u/jasmineoof	fljsz2u	C
2020-03-26 09:46:38.255906	u/FiizTV	fljyfdt	u/LordBootyHunter	fljwpct	C
2020-03-26 09:46:48.433503	u/slick_schick	fljyfqd	u/ItsMePuddings	fljyc89	C
2020-03-26 09:47:09.322411	u/Nebulamess1	fljyg4o	u/x___that-one-guy___x	fljoyb7	C
2020-03-26 09:47:21.332556	u/gorgeous_vegitable	fljygdm	u/RepostSleuthBot	fljxsw4	C
2020-03-26 09:47:38.544993	u/SirWixxALot	fljygw1	u/_Progamerbutpoor_	fljtoco	C
2020-03-26 09:47:52.338684	u/eliasrab	fljyhd8	u/screee123	fljy1rz	C
2020-03-26 09:48:10.560503	u/jimborealm	fljyhxh	u/real_doppelganger	fljstzd	C
2020-03-26 09:48:17.290540	u/Qazmlp_11	fljyi3s	u/_Drop_Bear_	fljy8ki	C
2020-03-26 09:48:38.611471	u/OceanCharger	fljyj3w	u/werkwerkwerk-werk	flhin97	C
2020-03-26 09:48:40.097450	u/SweetLovingWhispers	fljyj46	u/RepostSleuthBot	fljn8vm	C
2020-03-26 09:48:51.694287	u/shannymuffin	fljyjl0	u/goldrake_995	fljxd21	C
2020-03-26 09:48:53.069298	u/kiryu_69	fljyjmc	u/cerealcat2020	flj24lt	C
2020-03-26 09:49:06.802267	u/CinciPhil	fljyk3q	u/racerfree	fljy2u2	C
2020-03-26 09:49:25.443274	u/cat-o--sicarius	fljykxd	u/memesmakedreamsBoi	fljvdi4	C
2020-03-26 09:49:36.087043	u/rhomu75	fljylwv	u/woodendoors7	fljyd88	C
2020-03-26 09:50:05.969810	u/vas123456789	fljyna3	u/ENDZZZ16	fljjrol	C
2020-03-26 09:50:15.360546	u/TheOzman79	fljynh6	u/fl0wdeep	fljw0y7	C
2020-03-26 09:50:41.197492	u/SevenPandas	fljyo5g	u/OverratedLemmons	fljjrsj	C
2020-03-26 09:51:12.072840	u/Chironov2	fljyoxy	u/Dartann	fljmsba	C
2020-03-26 09:52:10.701577	u/CTaco25	fljyqut	u/floridanan	fljsss6	C
2020-03-26 09:52:14.073430	u/modsareg4y	fljyqwq	u/mattymattttt	fljx9ry	C
2020-03-26 09:52:26.786790	u/luckyman911	fljyrjl	u/wktr_t	fljxybh	C
2020-03-26 09:52:39.150435	u/HandsomeP0TAT0	fljyrvj	u/DragonrlderX	fljyf5z	C
2020-03-26 09:53:01.255719	u/GIAZADORA	fljyse6	u/TheFloofyPotato	fkq981n	C
2020-03-26 09:53:55.217880	u/_41968_	fljytwm	u/Ink_Sans21038	fljx3s3	C
2020-03-26 09:54:01.351361	u/9l14d0m	fljyu0b	u/Dream_the_meme123	fl1kkvu	C
2020-03-26 09:54:16.412122	u/NuggetBuilder	fljyuid	u/Kind-Pop	fl3zlqu	C
2020-03-26 09:54:20.317083	u/Elrap	fljyuo8	u/yj58gaming	fljveyt	C
2020-03-26 09:54:27.738289	u/grantw99	fljyutk	u/shaili_i	fljyapx	C
2020-03-26 09:54:30.886907	u/WillieStroker69	fljyuu8	u/TemoFawwaz	fljxyok	C
2020-03-26 09:54:38.422013	u/TUNGSTEN987	fljyv7i	u/ShadowTiger0803	fljxc5q	C
2020-03-26 09:54:45.669333	u/tomtommy1	fljyvid	u/AutoModerator	fljyoip	C
2020-03-26 09:55:19.644689	u/CapperSlapper	fljyweb	u/Blip_Blop_Blip	fljyp82	C
2020-03-26 09:55:37.363529	u/timo2308	fljywwi	u/XxANONYMOUS_SniperXx	fljf27y	C
2020-03-26 09:55:43.904570	u/Gewoon__ik	fljyx7c	u/Tuberyou_HD	fljl6yi	C
2020-03-26 09:55:45.967329	u/MACKSBEE	fljyxbr	u/real_doppelganger	fljs7xx	C
2020-03-26 09:55:50.871154	u/The_loyal_Terminator	fljyxh3	u/Brokeasslobster	fljxp1p	C
2020-03-26 09:55:54.624881	u/Snaaksevryday	fljyxmc	u/HumanBean1243	fljx8zq	C
2020-03-26 09:56:12.649923	u/YoungBoyMemester	fljyy74	u/B3a_ns	fl4bqg7	C
2020-03-26 09:56:19.872232	u/Dead---	fljyyjt	u/AutoModerator	fljymje	C
2020-03-26 09:56:55.228110	u/A23bubba	fljyzu9	u/U_reeeYT	fljyuo5	C
2020-03-26 09:57:22.972556	u/all_the_y_s	fljz0zg	u/xXEragonTheEldestXx	fljdn9y	C
2020-03-26 09:57:35.272827	u/peabut_nutters	fljz1fr	u/Jude_memer	fljsh9j	C
2020-03-26 09:57:40.381930	u/blazeling	fljz1nx	u/littlefar	fljnvrg	C
2020-03-26 09:57:42.903413	u/RaidRazor	fljz1qi	u/ElPapo131	fljyqo6	C
2020-03-26 09:57:47.204537	u/AAHILZZ	fljz1yb	u/Gubq	fl5lyk4	C
2020-03-26 09:57:53.330655	u/ThatGuyOnAThrone	fljz23x	u/CoochieEatingOlly	fljmaav	C
2020-03-26 09:58:12.724589	u/MrToppat	fljz36l	u/LordDraco781	fle9p0s	C
2020-03-26 09:58:27.053459	u/alkalineem	fljz428	u/EL-TORA-NACHO-CHEESE	flijk7o	C
2020-03-26 09:58:53.002218	u/AbleGeneral2	fljz4z1	u/Pannenkoek420	fljukq3	C
2020-03-26 09:59:02.859350	u/Freeze_Wolf	fljz5cf	u/Cootie_Gamer_69	fljyk4u	C
2020-03-26 09:59:13.911594	u/TheMightyPPBoi	fljz6a7	u/Cootie_Gamer_69	fljyk4u	C
2020-03-26 09:59:20.078054	u/Lilice42oh	fljz6it	u/XLeXRa	flipy13	C
2020-03-26 09:59:29.964040	u/TheHillJack	fljz6rt	u/KingofTahoe	fljm46f	C
2020-03-26 09:59:31.149389	u/urmomgaywow	fljz6u9	u/thanosisawhore	fljdyco	C
2020-03-26 09:59:41.265643	u/AidenBaseball	fljz7kl	u/mandalorian88-25	flji8b4	C
2020-03-26 09:59:42.843666	u/wolfchompmyanus	fljz7md	u/User_Remington	fljyxum	C
