2020-04-06 07:00:05.602456	u/--thebestloser--	fmkvyy3	u/1mememaster69	fmjya85	C
2020-04-06 07:00:11.294664	u/Ready-Form	fmkvz2e	u/Ennobenno	fmkodyc	C
2020-04-06 07:00:32.767954	u/techmaster998	fmkvzxa	u/NikoIsHuman	fmkploq	C
2020-04-06 07:00:36.193731	u/couldbedumber96	fmkvzzq	u/LittleShit3000	fmkq8zq	C
2020-04-06 07:00:53.860861	u/LUN4L0S3R	fmkw0ii	u/Pouting-Rem	fmkvy2w	C
2020-04-06 07:01:24.273133	u/Malicious84	fmkw13p	u/Duryodhana__	fmkd72l	C
2020-04-06 07:01:26.548697	u/chedgang	fmkw14r	u/JxY1989	fmksmep	C
2020-04-06 07:01:29.888603	u/andyunblocked123	fmkw1fw	u/Hi4321Hi1234	fmkvzfb	C
2020-04-06 07:01:42.639579	u/MexReb852	fmkw1sm	u/SquareRootOf22	fmktjsn	C
2020-04-06 07:02:46.326865	u/ChefOfScotland	fmkw31g	u/probablynotagain	fmkv6ii	C
2020-04-06 07:03:07.793636	u/Clum5y_BE	fmkw3jr	u/shaili_i	fmkfcuh	C
2020-04-06 07:03:18.688383	u/chachaa2	fmkw3wq	u/memezop	fmkshta	C
2020-04-06 07:03:51.204109	u/wack_waallo	fmkw4l5	u/Dopey_Duck_	fmkuds1	C
2020-04-06 07:03:59.006919	u/BerdBoii	fmkw4vj	u/Lemar_Sullivan	fmkumw9	C
2020-04-06 07:04:11.173604	u/RoboJesus4President	fmkw5b4	u/WelshGaymer84	fmkq5pt	C
2020-04-06 07:04:27.377750	u/Davis_Schina	fmkw5v4	u/LonelyPole	fmkw55f	C
2020-04-06 07:04:42.446247	u/01TheYellowJacket10	fmkw69r	u/xXEragonTheEldestXx	fmku7fy	C
2020-04-06 07:04:46.436121	u/idk_whatName	fmkw6ed	u/Ana_Woon	fmkrmf3	C
2020-04-06 07:04:57.528429	u/BlackDMamba	fmkw6ox	u/Brgermaister	fmkv66a	C
2020-04-06 07:05:34.733860	u/me33me33_-_88	fmkw7h8	u/lemontamer123	fmkhtmf	C
2020-04-06 07:05:38.842806	u/frostyne84	fmkw7o6	u/Donfau	fmkihdf	C
2020-04-06 07:05:43.468183	u/Careful_Ant	fmkw7t4	u/Nu1tr4	fmkve11	C
2020-04-06 07:05:46.269802	u/a804	fmkw801	u/TheGomeztroika	fmkvd92	C
2020-04-06 07:05:48.864442	u/Grench329	fmkw80n	u/AK24ROCKS	fvvjdm	S
2020-04-06 07:06:08.650463	u/YouPlay4Me	fmkw8o2	u/Lizzy8ug	fmkma8c	C
2020-04-06 07:06:23.141156	u/CattMk2	fmkw97n	u/Methode_Type004	fmkw7br	C
2020-04-06 07:06:41.835663	u/goru69	fmkwa7g	u/Sabatage100	fmku0nm	C
2020-04-06 07:07:36.407859	u/im_ginger_ina_corner	fmkwc15	u/ioofedmyslef	fmkbd0n	C
2020-04-06 07:07:38.897949	u/Zz-Xx-Yu	fmkwc30	u/Waffling42	fmkunq5	C
2020-04-06 07:07:50.274291	u/ArtistRedFox	fmkwchy	u/i_fucked_satan111	fmkhnkb	C
2020-04-06 07:07:59.135268	u/Straight-Tiger	fmkwcqv	u/animegirlGrivous	fmkqrgx	C
2020-04-06 07:08:17.349861	u/shpared52	fmkwd8m	u/TheKingbirdOP	fmk0ato	C
2020-04-06 07:08:20.906243	u/celticdude_40	fmkwdc4	u/daearthflatyeet	fmkr8nz	C
2020-04-06 07:08:35.360907	u/Darkpryomaniac	fmkwdyh	u/ChurchofPancake	fmkt3io	C
2020-04-06 07:08:40.516222	u/Just-Kamil	fmkwe0q	u/it_could_be_me_1027	fvmgo9	S
2020-04-06 07:08:43.324700	u/Notsounkillable	fmkwe8c	u/Flabbypuff	fmkwb46	C
2020-04-06 07:08:56.501370	u/TheLegendary1734	fmkwevd	u/LonePhoenix8592	fmkd52e	C
2020-04-06 07:09:02.464073	u/MeisterVonTilt	fmkwf35	u/lar_yeet	fmk3lkr	C
2020-04-06 07:09:10.437659	u/InfiniteDread	fmkwfc5	u/enough-rope	fmhg4if	C
2020-04-06 07:09:11.780512	u/lightbulbinthenight	fmkwfc9	u/bounty15	fmkvot1	C
2020-04-06 07:09:50.857971	u/fanboy-comics	fmkwhbu	u/fabfran99	fmkwffe	C
2020-04-06 07:09:52.379684	u/Jolly-Worry	fmkwhdu	u/wack_waallo	fmkw4l5	C
2020-04-06 07:09:53.804161	u/Swizzler1113	fmkwhhl	u/Creative_carlos	fmklxpu	C
2020-04-06 07:09:57.747799	u/CzarTanoff	fmkwho8	u/JustKebab	fmksnbt	C
2020-04-06 07:09:59.330361	u/MrTee23	fmkwhx2	u/TonyCash90	fmk62jo	C
2020-04-06 07:10:08.850585	u/burgija44	fmkwi78	u/Lilposeidion	fmkn8m1	C
2020-04-06 07:10:24.700718	u/50SheepsOfRed	fmkwinb	u/iLAYreddit	fmkulgw	C
2020-04-06 07:10:33.281540	u/Royvu	fmkwixw	u/xXbulls3y3Xx	fmkwbxl	C
2020-04-06 07:12:08.191609	u/Bjear	fmkwl5a	u/RepostSleuthBot	fmkwf8c	C
2020-04-06 07:12:15.812135	u/E3muz	fmkwl75	u/iLAYreddit	fmkulgw	C
2020-04-06 07:12:35.462745	u/plebys	fmkwlfp	u/SoloHarry03	flafrh1	C
2020-04-06 07:13:00.951107	u/kostas_vo	fmkwm7c	u/Patched_	fmkv5nj	C
2020-04-06 07:13:06.514198	u/supermimipvp	fmkwmer	u/WoodenDisk1	fmks6wv	C
2020-04-06 07:13:39.770668	u/d3m01iti0n	fmkwnfy	u/dandazzle	fmkl7w1	C
2020-04-06 07:13:45.251287	u/Arya_Ren	fmkwnnu	u/Zeitgeber7	fmkqn4i	C
2020-04-06 07:14:05.739492	u/portablediscman	fmkwo1z	u/F0RTI	fmkwaqr	C
2020-04-06 07:14:12.330734	u/LordKeks41	fmkwo81	u/shrekisthekingofmeme	fmkhosl	C
2020-04-06 07:14:19.380463	u/zen_ibeh	fmkwofd	u/mixx1e	fmjbzrm	C
2020-04-06 07:14:40.623904	u/LazarusNecrosis	fmkwp1b	u/lalala88888	fmkgg2d	C
2020-04-06 07:14:44.698536	u/Bitchinkitchen1901	fmkwp5b	u/Aniphobos	fmkv34d	C
2020-04-06 07:14:48.663450	u/King_Meme_master	fmkwpar	u/Eierbij	fmkv8by	C
2020-04-06 07:14:52.522656	u/aranzord_sama	fmkwpe8	u/jimmydcriket	fmkuk1y	C
2020-04-06 07:14:54.523528	u/jyissi	fmkwpgd	u/TheTasteOfBetrayal	fmkppkj	C
2020-04-06 07:14:56.504044	u/Many_Stuff	fmkwpgp	u/MyJelloJiggles	fmia7hd	C
2020-04-06 07:15:07.487752	u/echofarose	fmkwplj	u/RussianDuck24	fmkpakx	C
2020-04-06 07:15:48.494206	u/kvassman-serb	fmkwr0z	u/Dr-hugh-jass106	fmkudq4	C
2020-04-06 07:16:01.826365	u/Jamesherbert24	fmkwrdq	u/Infernocrat	fmkryep	C
2020-04-06 07:16:36.094222	u/Mr_Mc_Dan	fmkws9q	u/TreeBurna	fmkwnp2	C
2020-04-06 07:16:37.865888	u/TheBoboSmrad	fmkwsay	u/RepostSleuthBot	fmkv5jx	C
2020-04-06 07:16:51.074889	u/cat_91	fmkwsfm	u/SeafoodBastard21	fmksqax	C
2020-04-06 07:17:31.486392	u/OkSkirt4	fmkwtpg	u/AshCatchUp47	fmktpmr	C
2020-04-06 07:17:50.324906	u/Vrolak	fmkwugy	u/s144949	fmkr5wn	C
2020-04-06 07:18:35.207998	u/dnk-onri	fmkwvdq	u/SH4D0W0733	fmkuluz	C
2020-04-06 07:18:45.451700	u/kuhukicrisp	fmkwvm0	u/PotatoesAndChill	fmkwsd9	C
2020-04-06 07:18:47.438838	u/Rilflow	fmkwvpy	u/panda_manticore13	fmknndm	C
2020-04-06 07:19:35.663493	u/shahlemon	fmkwy93	u/Alackofnuance	fmkmyvp	C
2020-04-06 07:19:50.451775	u/therealmarlon1	fmkwz8n	u/YourLocalCreep	fmkm0ar	C
2020-04-06 07:20:35.490803	u/Gloopyy	fmkx0on	u/NaniZaWarudo	fmkp1n9	C
2020-04-06 07:20:38.805284	u/Mooniscool	fmkx0qf	u/F19XX	fmkv5rw	C
2020-04-06 07:21:00.949143	u/kariido	fmkx1bq	u/ripkatrina	fmkqjcy	C
2020-04-06 07:21:20.035195	u/WrightyPegz	fmkx21f	u/daearthflatyeet	fmkrrhk	C
2020-04-06 07:21:30.271263	u/Xenot23	fmkx29j	u/ninkokekw123	fmkq022	C
2020-04-06 07:21:46.832842	u/Rosen_Fear	fmkx2s4	u/TyphlosionGamer	fmkuulu	C
2020-04-06 07:22:18.821509	u/andiguessbrucetoo	fmkx3b3	u/count_the_teeth	fmkto4u	C
2020-04-06 07:22:36.067006	u/Milk_Licker311143	fmkx3nn	u/MotherfuckerTinyRick	fmkigwn	C
2020-04-06 07:22:43.519382	u/BagusW	fmkx3t0	u/-Blackspell-	fmkhmwo	C
2020-04-06 07:22:55.220193	u/hybrid_bpv	fmkx40f	u/PoGioDark	fmkwx6s	C
2020-04-06 07:23:03.130425	u/slingbladde	fmkx47d	u/XxX_MiikaP_XxX_69420	fmkw0r7	C
2020-04-06 07:23:53.197422	u/waffle_baker	fmkx5gz	u/iLAYreddit	fmkpgi8	C
2020-04-06 07:23:55.314360	u/ChickenyIce	fmkx5h0	u/Daniel_B57	fmku7ku	C
2020-04-06 07:24:21.759835	u/DogeyLord	fmkx67r	u/Nu1tr4	fmks5uc	C
2020-04-06 07:25:40.259489	u/Potato_Juices	fmkx81k	u/Dosengandalf	fmkx31n	C
2020-04-06 07:25:42.096773	u/MrAFD69	fmkx82q	u/Ana_Woon	fmkj30s	C
2020-04-06 07:26:12.610749	u/hoombal	fmkx8fw	u/flyingtacos_674	fmk5lnu	C
2020-04-06 07:26:30.862965	u/Frsh_Mms	fmkx8vd	u/Wheel31	fl5790b	C
2020-04-06 07:26:35.722189	u/n0thing_ness	fmkx8wr	u/AlexGOP15	fmkrnin	C
2020-04-06 07:26:39.980627	u/SilverZero0	fmkx911	u/boy_robot_Sky	fmkwbvp	C
2020-04-06 07:26:52.271676	u/marlenegldn	fmkx9lj	u/Full-Company	fmkmtq5	C
2020-04-06 07:27:40.357092	u/Toxic_Gorilla	fmkxbby	u/Battle_unborn	fmkh28f	C
2020-04-06 07:27:55.006932	u/PARAxNON	fmkxc1y	u/lvbdjrjdjdnb	fmkmnpe	C
2020-04-06 07:27:59.964076	u/Hi-I-am-Lloyd	fmkxc60	u/Zeitgeber7	fmkqn4i	C
2020-04-06 07:28:02.061172	u/surver11	fmkxc96	u/Evil-Morty-c169	fmkquv7	C
2020-04-06 07:28:08.951710	u/flameysingh4	fmkxcej	u/DeusVultard	fmkqto1	C
2020-04-06 07:28:15.980779	u/bigboomer420	fmkxcwo	u/Courtlander1993	fmkx0fo	C
2020-04-06 07:28:50.747313	u/CornD69	fmkxdvt	u/painki11erzx	fmktyhv	C
2020-04-06 07:29:00.760143	u/whale-panda	fmkxear	u/zawarudoe	fmhkx6x	C
2020-04-06 07:29:26.778426	u/AsscrackDinosaur	fmkxft1	u/Gitaly123	fmkm11q	C
2020-04-06 07:29:30.497331	u/Thec00lnerd98	fmkxfzj	u/_clickhere_	fvry7p	S
2020-04-06 07:29:32.598215	u/mylifeisfuckinghell	fmkxg8g	u/DogeyLord	fmkro36	C
2020-04-06 07:29:37.186443	u/handledandle	fmkxgig	u/Lesbian_communist	fmkv7su	C
2020-04-06 07:29:53.332278	u/Insignia412	fmkxn3f	u/pazerlenis	fvssip	S
2020-04-06 07:29:57.924062	u/XboxBoyZac	fmkxnd2	u/Emperor_O_Memes	fmkxlvn	C
2020-04-06 07:30:58.282814	u/naretev	fmkxosv	u/DarkNader501	fmkf9ui	C
2020-04-06 07:32:25.871365	u/Hay_you2	fmkxr7d	u/MotherfuckerTinyRick	fmkigwn	C
2020-04-06 07:32:42.979509	u/imajpeg	fmkxrnz	u/shady-lampshade	fmkxl7s	C
2020-04-06 07:32:48.375378	u/Xx_s_n_i_p_e_r_xX	fmkxrsw	u/ThatRandomCODPlayer	fmkwp46	C
2020-04-06 07:32:54.804787	u/Supergamer5465	fmkxrz3	u/_insert_Nick_here_	fmkxgep	C
2020-04-06 07:33:41.926044	u/SliceMolly	fmkxt5j	u/adamshafiq	fmkw2zd	C
2020-04-06 07:33:49.843134	u/RicabRD	fmkxtc8	u/ultranoob3927	fmkxghi	C
2020-04-06 07:33:53.887947	u/vvendetta23	fmkxtg6	u/driverofcar	fmjts7m	C
2020-04-06 07:33:57.161155	u/curiousscribbler	fmkxtiv	u/cat_on_crack_	fmksea8	C
2020-04-06 07:34:04.998663	u/thowaway_throwaway	fmkxtp6	u/RedAero	fmkn7ck	C
2020-04-06 07:34:07.061158	u/sonoftom	fmkxtra	u/LemonPartyWorldTour	fmkwwz7	C
2020-04-06 07:34:36.871207	u/LordOfPhantoms	fmkxucf	u/Dutch_Blue	fmkxgg9	C
2020-04-06 07:34:56.729896	u/dnfanjos	fmkxuus	u/ioofedmyslef	fmkbd0n	C
2020-04-06 07:35:09.756818	u/fakin69	fmkxvgz	u/MoistNightmare	fmkxprh	C
2020-04-06 07:35:32.133664	u/thewildwilli	fmkxw8w	u/EvileyeofBlueRose	fmktwol	C
2020-04-06 07:35:43.426892	u/OMA-gummy	fmkxwnt	u/RepostSleuthBot	fmkxsm4	C
2020-04-06 07:36:47.765426	u/Fearsv	fmkxyle	u/bruh_the_person	fmkl7fc	C
2020-04-06 07:36:49.520818	u/bigboy_z	fmkxym3	u/dharzen	fmkrehh	C
2020-04-06 07:36:56.143314	u/Not_Jay_Dee	fmkxyqt	u/CLOUD_STALLION	fmkvrjo	C
2020-04-06 07:37:56.464106	u/taaaaao	fmky0hb	u/Rogue_redditz	fmkwjhe	C
2020-04-06 07:38:06.418750	u/MrBoolys	fmky0uk	u/maltyy69	fmkxzkw	C
2020-04-06 07:38:29.372367	u/Tzj2	fmky1gp	u/AlisIsLoopy	fmkxed3	C
2020-04-06 07:39:17.982972	u/MrCookie925	fmky3h1	u/maybes8n	fmhxh8w	C
2020-04-06 07:39:19.633577	u/jsmskdjdjd	fmky3kp	u/AlisIsLoopy	fmky2aw	C
2020-04-06 07:39:41.581898	u/liam129	fmky4e6	u/WrightyPegz	fmky35x	C
2020-04-06 07:39:44.885928	u/BearWurst	fmky4p5	u/BlakkoeNakker	fmky2ng	C
2020-04-06 07:39:55.816726	u/knol-kanker	fmky53w	u/sub2deadmeat	fmkx6g0	C
2020-04-06 07:39:59.891690	u/big--willy	fmky5cu	u/waccboi69	fmkoh2v	C
2020-04-06 07:40:30.120359	u/toasamoan	fmky671	u/SpaceAidsX19	fmkuoid	C
2020-04-06 07:40:33.495773	u/I_inhale_Memes_	fmky67o	u/PaperRadiator	fmbeuwa	C
2020-04-06 07:40:48.402618	u/UniqueUsername____-_	fmky6qp	u/HighResDragon	fmky5ov	C
2020-04-06 07:41:13.594052	u/Dshaburab	fmky7ka	u/TelilaKirin	fmkf9hy	C
2020-04-06 07:41:26.603918	u/roran42	fmky7sm	u/xXEragonTheEldestXx	fmkub7j	C
2020-04-06 07:41:40.453455	u/Lo_Lox	fmky7yf	u/_Peterer	fmky58x	C
2020-04-06 07:41:49.267920	u/puddingpastej69	fmky83j	u/ing_die	fmkxpp8	C
2020-04-06 07:42:00.166761	u/UrMumLikesMyPP	fmky896	u/CinKM4D	flh8whz	C
2020-04-06 07:42:17.626387	u/iforgotthepass	fmky8np	u/iLAYreddit	fmkpgi8	C
2020-04-06 07:42:54.076147	u/Jannetz_	fmky9qz	u/samurott66	fmky90p	C
2020-04-06 07:43:16.810337	u/Chickenman274	fmkyabl	u/Tader1112	fmj4fp9	C
2020-04-06 07:43:21.842374	u/everynameistaken135	fmkyady	u/monachia	fmky8cn	C
2020-04-06 07:43:48.144806	u/Shadowdoge26	fmkyaze	u/monachia	fmky8cn	C
2020-04-06 07:44:30.978868	u/JDR_67	fmkybxu	u/maltyy69	fmkxsdi	C
2020-04-06 07:45:52.191832	u/Sungami00	fmkyest	u/ServantOfTheLost	fmipxsx	C
2020-04-06 07:46:01.665857	u/doge_ita	fmkyf2k	u/MoistNightmare	fmkya9y	C
2020-04-06 07:46:30.499239	u/snippydur	fmkyfs3	u/Notsounkillable	fmkwe8c	C
2020-04-06 07:46:34.804898	u/trollface5333	fmkyfwg	u/l0net1c	fmku47v	C
2020-04-06 07:46:38.187198	u/Andromedaus	fmkyg0s	u/dewottoshawott	fmkgfbc	C
2020-04-06 07:47:07.390315	u/Pikachuintheshower69	fmkyh7a	u/handledandle	fmk3zqd	C
2020-04-06 07:47:33.472303	u/AzlTigress	fmkyhsn	u/Picker-Rick	fmkehg7	C
2020-04-06 07:47:53.036276	u/Dragoraner	fmkyi7o	u/iLAYreddit	fmkpgi8	C
2020-04-06 07:47:59.121014	u/jamieisgoodatmaths	fmkyiis	u/InsecureTurdPilot	fmkg5z9	C
2020-04-06 07:48:26.193577	u/Skiaf_	fmkyjer	u/CanadianConfirmer	fmkneyg	C
2020-04-06 07:49:01.156145	u/u_gotta_believe101	fmkyk82	u/jeroenjh	fmj4vev	C
2020-04-06 07:49:09.939950	u/AwesomePerson70	fmkykog	u/Axyyz_1776	fmkmqci	C
2020-04-06 07:49:11.565822	u/RadRandy2	fmkykpt	u/madmilkaddicted	fmky78i	C
2020-04-06 07:49:14.085952	u/TashInAwe	fmkykqa	u/EATITU	fmj1qd8	C
2020-04-06 07:49:23.614785	u/slaydesilver	fmkykyg	u/stompy-stompy-stompy	fmkygg6	C
2020-04-06 07:49:25.761210	u/erben2003	fmkyl2v	u/Ecchi_Shiy0u	fmkutmk	C
2020-04-06 07:49:26.745438	u/Horn_Python	fmkyl4q	u/theQuaker92	fmktohk	C
2020-04-06 07:49:37.893968	u/Jon_the_Hitman_Stark	fmkylpx	u/IngvarrThanosBuster	fmkj845	C
2020-04-06 07:49:47.451456	u/Fletus_	fmkymcf	u/CptCrunch83	fmgbpju	C
2020-04-06 07:50:30.628472	u/hgfgjgpg	fmkyo12	u/Lil_Pillow	fmkwap4	C
2020-04-06 07:50:34.058912	u/Noobgaming72YT	fmkyo1v	u/BigManRoundHere	fmkya2z	C
2020-04-06 07:50:51.804135	u/AAWUU	fmkyonr	u/UUYTK	fmkqcn3	C
2020-04-06 07:51:20.835523	u/newaccount6969420	fmkyppa	u/tv_trooper	fmky9ci	C
2020-04-06 07:51:31.379340	u/aurora513	fmkypz5	u/lvbdjrjdjdnb	fmkmnpe	C
2020-04-06 07:52:16.634867	u/102IsMyNumber	fmkyr91	u/kip-en-ei	fmkydgy	C
2020-04-06 07:52:38.381308	u/kinggamerstorm	fmkyrvl	u/Eierbij	fmkuwna	C
2020-04-06 07:53:10.298050	u/beardedpig2162	fmkysxu	u/JohnWickBoi69	fmkmnvc	C
2020-04-06 07:53:17.134740	u/AlternativeFart	fmkytad	u/goldiamond08	fmks14e	C
2020-04-06 07:53:31.319482	u/usernamebananahenehi	fmkytma	u/ExtensionRegular1	fmklmce	C
2020-04-06 07:53:36.922824	u/Poutin0SyroDerabl	fmkytpo	u/dese14	fmktcvm	C
2020-04-06 07:54:11.154037	u/TheQuinnBee	fmkyump	u/Elike09	fmks4zn	C
2020-04-06 07:54:18.956677	u/Dtgs_	fmkyus8	u/Killjoys13	fmkxyn9	C
2020-04-06 07:54:23.123031	u/aryamaitra	fmkyuw0	u/AK24ROCKS	fmkystp	C
2020-04-06 07:55:19.881458	u/alphabravotaco	fmkywct	u/Jordanye3t	fmkf37x	C
2020-04-06 07:55:29.457324	u/Nebado101	fmkywkx	u/AK24ROCKS	fmhksyi	C
2020-04-06 07:55:36.644707	u/dansidedaye	fmkywvo	u/orcaleeorcabee	fmkyc7a	C
2020-04-06 07:55:46.690432	u/DontMoveOuO	fmkyx9h	u/tomasequp	fmkye7e	C
2020-04-06 07:55:49.767831	u/diehumans5	fmkyxnb	u/hotpotatodude	fmkwune	C
2020-04-06 07:55:59.827619	u/TortleJaxon	fmkyy06	u/The_Punnier_Guy	fmkytuq	C
2020-04-06 07:56:18.214792	u/SecretlyACheesecake	fmkyyp8	u/FFalcon_Boi	fmkvg60	C
2020-04-06 07:56:20.911689	u/Coronavirus647	fmkyyqf	u/kwkqoq	fmkttky	C
2020-04-06 07:56:22.702712	u/kevenbob	fmkyyqz	u/One-Soapy-Boi	fmkdksx	C
2020-04-06 07:56:35.139301	u/plantsg858	fmkyz18	u/TrikStari	fmku6eb	C
2020-04-06 07:56:42.426170	u/ELEXCEER	fmkyza1	u/EggsForGalaxy	fmim9s2	C
2020-04-06 07:56:46.763932	u/simiaron05	fmkyzbt	u/RepostSleuthBot	fmkr5t9	C
2020-04-06 07:57:17.416749	u/HunderNaut	fmkz08a	u/TheBlueBlaze007	fmkyrmb	C
2020-04-06 07:57:38.596481	u/uhhidkwhattoputhere	fmkz0pz	u/PresentlyFan	fmkqqly	C
2020-04-06 07:57:42.769807	u/CommanderCrock	fmkz0vj	u/GamingWithKJ_YT	fmjwlxm	C
2020-04-06 07:57:50.874596	u/ayan0101	fmkz104	u/lluu50	fmkxxo3	C
2020-04-06 07:57:59.327360	u/supr_ntndo_chalmers	fmkz19n	u/Inf1n1tyMagic	fmk91za	C
2020-04-06 07:58:31.232723	u/Liylmusic	fmkz2df	u/blackbeard--main	fmkqzrr	C
2020-04-06 07:58:42.413216	u/pilotbrown16	fmkz333	u/Technosaber	fmko1xe	C
2020-04-06 07:58:52.240351	u/shardikprime	fmkz3r9	u/TelilaKirin	fmkf9hy	C
2020-04-06 07:59:16.850908	u/bananabeacon	fmkz43p	u/Daniel_B57	fmku7ku	C
2020-04-06 07:59:24.557927	u/toumac	fmkz4bq	u/SpaceAidsX19	fmko6g9	C
2020-04-06 07:59:46.708398	u/lihrki9900	fmkz5vt	u/TerminatorOMEGA9	fmkz4e9	C
2020-04-06 07:59:48.366313	u/Ygladius	fmkz5xm	u/LonePhoenix8592	fmkd52e	C
2020-04-06 07:59:59.565692	u/FullGamer303	fmkz6pb	u/QWERTYAjay	fmkuxsp	C
