2020-04-03 11:00:24.739891	u/not-yellow-pineapple	fmbfhjd	u/endmostchimera	fmbdfx9	C
2020-04-03 11:00:51.241739	u/MustardQuill	fmbfiq5	u/MRPIRATEFOX	fmak660	C
2020-04-03 11:01:07.747734	u/HeroKiki	fmbfjkz	u/319ms	fmb7m50	C
2020-04-03 11:02:00.476024	u/Jakerzthesnakerz	fmbfm4k	u/DylanJoinsTheParty	fmb6xpm	C
2020-04-03 11:02:33.273030	u/epicgamerboy2011	fmbfn1r	u/orcaleeorcabee	fmb4k9l	C
2020-04-03 11:02:42.078936	u/evlstrwbry	fmbfngw	u/Neovenator00	fmbdj8z	C
2020-04-03 11:02:54.989148	u/MintMango67	fmbfo12	u/chez_plez690	fmbc38d	C
2020-04-03 11:02:58.546050	u/MrMeesiksNr10028	fmbfo3m	u/Somebody_EEU	fmb89ro	C
2020-04-03 11:03:08.982651	u/reaperOFlife555	fmbfoot	u/ArthurTheSwallow	fman64n	C
2020-04-03 11:03:22.908432	u/ukgamer909	fmbfp5r	u/Lolsalot12321	fmaxof3	C
2020-04-03 11:03:34.652618	u/TTVBigBUns	fmbfpht	u/Ultra_Noobzor	fmaoqe6	C
2020-04-03 11:03:50.325319	u/Roldek	fmbfq0b	u/NGX7	fmakpk5	C
2020-04-03 11:04:10.816333	u/Kaitah	fmbfr7t	u/MoistFlapss	fmb6rvr	C
2020-04-03 11:04:12.936299	u/turtle-skinnie	fmbfre2	u/casphass06	fmbeabm	C
2020-04-03 11:04:24.466697	u/magicsqueegee	fmbfru3	u/Snaplegend26	fmaz1f7	C
2020-04-03 11:04:34.054407	u/Miss_Pasty93	fmbfsbf	u/tobz_ren	fmbffej	C
2020-04-03 11:05:11.354473	u/glorioussideboob	fmbfu1w	u/Danver26	fmb4u9g	C
2020-04-03 11:05:58.008778	u/seatbelt-malfunction	fmbfvrm	u/Femmo	fmba8df	C
2020-04-03 11:06:15.854579	u/Ura_dopted	fmbfwwr	u/edgelo1	fmbdii3	C
2020-04-03 11:06:40.423078	u/Dev223	fmbfybq	u/Sayeet0620	fmbday4	C
2020-04-03 11:06:44.922050	u/BigBoy_Hi666	fmbfyf5	u/SkyMewtwo	fmb8irl	C
2020-04-03 11:06:48.823205	u/dollarstoretrash	fmbfyqm	u/Romner_set	fmarezc	C
2020-04-03 11:07:06.795929	u/lordberric	fmbfzm6	u/MarziapieGoals	fm8hhpu	C
2020-04-03 11:07:12.606580	u/Spike2785	fmbfzvh	u/Carlol121	fmasiel	C
2020-04-03 11:07:23.327962	u/Gaming_idiot_48	fmbg0qx	u/cmillross	fmaif8j	C
2020-04-03 11:07:45.863335	u/honorfaz	fmbg20j	u/joeyuriligma	fmbettw	C
2020-04-03 11:08:13.692166	u/Healma	fmbg3g3	u/DuckfordMr	fmbg253	C
2020-04-03 11:08:42.293717	u/61890M	fmbg5jl	u/BreederGert	fu6tss	S
2020-04-03 11:08:50.556025	u/Wick-JW	fmbg6ao	u/AnxiousCream	fmbfpes	C
2020-04-03 11:08:54.183793	u/SemiPermeablMembrane	fmbg6me	u/NoobSwifty	fmbg12x	C
2020-04-03 11:09:11.886609	u/KuddracubeHD	fmbg7xl	u/Consistent-Kitchen	fmbapgu	C
2020-04-03 11:09:14.438922	u/Liamggbb	fmbg81d	u/Dead_Ferret	fm9zbmw	C
2020-04-03 11:09:38.230430	u/oddpoddy	fmbgaww	u/Ayan501	fmbcs0s	C
2020-04-03 11:09:52.344264	u/ProlapsedRectum42069	fmbgbox	u/1tsNeverLupus	fmbets4	C
2020-04-03 11:10:13.121562	u/isalehin	fmbgd5l	u/JonathanTheZero	fmb8rq3	C
2020-04-03 11:10:24.501454	u/PM_Me_Some_Joy	fmbgdm7	u/Bierbart12	fmbbppk	C
2020-04-03 11:10:26.909605	u/SpikeRoger	fmbgdqe	u/not-yellow-pineapple	fmbfhjd	C
2020-04-03 11:11:01.050945	u/throwaway-fbwofbei	fmbgff9	u/Edgy_Communist_	fmb3tz8	C
2020-04-03 11:11:10.004556	u/Guilhermitonoob	fmbgfz8	u/Gamerninja17396	fmba688	C
2020-04-03 11:12:16.126486	u/le_beret	fmbgigh	u/theUnBannableHulk	fmbbk7z	C
2020-04-03 11:12:25.224664	u/porkchopsensei	fmbgiph	u/AdamBlaster007	fmb8guy	C
2020-04-03 11:12:32.009364	u/Kilerabit90	fmbgixu	u/Tzar-Sand-Hanitizer	fmbayxz	C
2020-04-03 11:14:19.625025	u/Smashymen	fmbgnoo	u/theUnBannableHulk	fm8b6ye	C
2020-04-03 11:14:26.547338	u/vsnyder1130	fmbgo0m	u/Consistent-Kitchen	fmbcvjj	C
2020-04-03 11:14:43.321570	u/NintendoStation4	fmbgp5b	u/PenisThePotatoMan	fmbbkpa	C
2020-04-03 11:14:57.884829	u/BobbyPobbyJ	fmbgpzi	u/draperjkkjhjkhv	fmabp52	C
2020-04-03 11:15:22.414624	u/-Tom-	fmbgr8s	u/theunfriendlyswede	fmbf6nj	C
2020-04-03 11:15:54.940425	u/Rasmusbd	fmbgswx	u/WholeLifeWasted	fmayuq0	C
2020-04-03 11:16:15.659794	u/enissay2	fmbgtw2	u/endmostchimera	fmbdfx9	C
2020-04-03 11:16:35.429602	u/kremit_da_frong	fmbguuu	u/jarroddibell	fmavk7h	C
2020-04-03 11:16:46.140290	u/ahmed_mansiur420	fmbgvhi	u/xx_deded_xx	fmb4s6n	C
2020-04-03 11:16:53.483381	u/CheetyPants	fmbgvls	u/PKMartinL	fmbcczy	C
2020-04-03 11:17:29.164549	u/Nightwolff16	fmbgxg1	u/Stewart_deepfried	fmbg4nd	C
2020-04-03 11:17:47.971777	u/TheSarcasticSkater	fmbgywf	u/Goodfella_228	fmbbcn5	C
2020-04-03 11:17:54.738168	u/Wellfuckme123	fmbgz1d	u/BeautyDuwang	fmarsmm	C
2020-04-03 11:18:24.559740	u/Copyermanhen113	fmbh0s0	u/FamilyFriendli	fmaffy7	C
2020-04-03 11:18:41.947953	u/deadlin3walker	fmbh1kj	u/Flamestirke	fm9abef	C
2020-04-03 11:19:28.359664	u/DemonicPenguin03	fmbh5mg	u/BioScare	fmb3ssm	C
2020-04-03 11:19:35.407067	u/THETANK_420	fmbh60u	u/Fluffy-Boy-UwU	fmalvon	C
2020-04-03 11:19:38.357217	u/OptimusZombiieee	fmbh6aq	u/ing_die	fmb7gcm	C
2020-04-03 11:19:43.477168	u/urzaga	fmbh6t4	u/Crafty-Crafter	fmb9mk3	C
2020-04-03 11:19:51.792601	u/MeisterFlop32	fmbh7cq	u/Oumashu345	fmb8zx4	C
2020-04-03 11:19:53.098117	u/ummm_well_then	fmbh7fv	u/VHallinto	fmbcy6a	C
2020-04-03 11:20:19.026833	u/MrSlippyYT-TTW	fmbh8xo	u/BioScare	fmbbfs3	C
2020-04-03 11:20:24.552342	u/ImShadx	fmbh95f	u/Deckapoo	fmaphib	C
2020-04-03 11:20:42.087917	u/Dubstep298	fmbha69	u/the-dude-over-there	fm957e7	C
2020-04-03 11:20:46.928869	u/Exxerpience	fmbhaex	u/RepostSleuthBot	fmay5xb	C
2020-04-03 11:20:49.329659	u/notladselyb	fmbhaj3	u/POOPYB0B	fu9m2o	S
2020-04-03 11:21:03.712699	u/AskinggAlesana	fmbhb8c	u/Romboteryx	fmaq4s2	C
2020-04-03 11:21:18.256631	u/Breezy_Otaku	fmbhbpv	u/infy420	fmbev7z	C
2020-04-03 11:21:37.096848	u/fredsclg	fmbhcxp	u/twistedmuppet	fmbgvir	C
2020-04-03 11:21:39.439057	u/3NX-	fmbhcyr	u/NotStreamerNinja	fmbha75	C
2020-04-03 11:22:21.535497	u/abhikarn_ng	fmbhfgr	u/Radeczech2004	fmb9x16	C
2020-04-03 11:22:54.341067	u/ninjasalmon2007	fmbhh68	u/696969696969E	fmbhfra	C
2020-04-03 11:23:17.491117	u/Jayfeather77	fmbhit4	u/seatbelt-malfunction	fmbfvrm	C
2020-04-03 11:23:39.327726	u/Maztr_chief	fmbhjwk	u/intothevoid127	fmagd8y	C
2020-04-03 11:23:49.160683	u/Lmaozk	fmbhk0u	u/MrRedditGuy3	fmbgpue	C
2020-04-03 11:23:54.453219	u/ItsNorthGaming	fmbhkcq	u/intothevoid127	fmagd8y	C
2020-04-03 11:24:00.808258	u/MrSwaxy	fmbhkf9	u/usolame	fmbcfzv	C
2020-04-03 11:24:08.724248	u/Undeadbeast0	fmbhkpp	u/TheEnderChipmunk	fmb6b8i	C
2020-04-03 11:24:26.823287	u/CommodorePerson	fmbhltr	u/NGX7	fmakpk5	C
2020-04-03 11:24:35.159090	u/sparkwastaken_	fmbhm5c	u/BioScare	fmb3ssm	C
2020-04-03 11:24:43.352698	u/noveltyhandle	fmbhmlz	u/threshpanda	fmbgpsq	C
2020-04-03 11:25:10.272488	u/brof1	fmbho0w	u/SuddenKaleidoscope0	fmbepfp	C
2020-04-03 11:25:13.990978	u/VoltTheUnknown	fmbho2a	u/Daddy_Elon_Musk	fmb9y1y	C
2020-04-03 11:25:38.952488	u/B_Randon222	fmbhp9w	u/TunafishSandworm	fmbhbec	C
2020-04-03 11:25:48.131319	u/RobinDaPoop	fmbhpsc	u/Sharibo	fmbfg3f	C
2020-04-03 11:26:22.629687	u/Oldmemes1921	fmbhrs5	u/Jjabrahams567	fm8u5lo	C
2020-04-03 11:26:24.823776	u/RedFlaim	fmbhrsf	u/CloppyTheClopper	fmaz3sj	C
2020-04-03 11:26:32.649478	u/yehaw420	fmbhsij	u/Supergator001	fm9y90n	C
2020-04-03 11:26:38.770873	u/GenShee	fmbhspt	u/Nikky_Saw	fmbcxqt	C
2020-04-03 11:26:42.495675	u/HappiFluff	fmbhsua	u/ShabalabaBangbang	fmbf4zk	C
2020-04-03 11:27:02.112906	u/sebiheinz_brdy	fmbhu0v	u/Triande	fmbbse1	C
2020-04-03 11:27:09.242091	u/Zioniic	fmbhu6h	u/nateyboi921	fmb8aiv	C
2020-04-03 11:27:15.608300	u/BBALLBOI1	fmbhuaw	u/showelofcrap	flgdugt	C
2020-04-03 11:27:52.915023	u/eggads	fmbhvpi	u/quickhakker	fmbgweq	C
2020-04-03 11:28:04.379910	u/Tawanda_	fmbhwjf	u/KillaMG97	fmb8a61	C
2020-04-03 11:28:27.499260	u/ScpSquid	fmbhxl4	u/hecking-fricker	fmbhom8	C
2020-04-03 11:28:31.824196	u/IronTimm	fmbhxte	u/ThePinkestUnicorn	fmbhmts	C
2020-04-03 11:28:54.959742	u/Hydrowhatever	fmbhzgp	u/uglydadd	fu9zw7	S
2020-04-03 11:29:06.065897	u/_Kostaras_	fmbi0nm	u/yo_mad_hatter	fmbdmrb	C
2020-04-03 11:29:11.256150	u/Ur-mom-gay-jk	fmbi127	u/PeteyPeteyBangBang	fu43oa	S
2020-04-03 11:29:14.813796	u/onlypinhead2000	fmbi19q	u/Lord-Nuxanor	fmbh7j8	C
2020-04-03 11:29:21.345699	u/OneSingleYike	fmbi1zl	u/-Nobelium-Uranium-	fmbe2vy	C
2020-04-03 11:29:22.571812	u/xDDer25	fmbi23w	u/carreraos	fmbbqqw	C
2020-04-03 11:29:28.003738	u/gemranger	fmbi2rr	u/morelikeasuggestion	fu7s4o	S
2020-04-03 11:29:29.655383	u/LordBloodLad	fmbi2s9	u/3NX-	fmbhcyr	C
2020-04-03 11:29:40.927360	u/PressFguys	fmbi40u	u/Reeeedit_User	fmba63g	C
2020-04-03 11:29:45.633380	u/Oaties122	fmbi4sr	u/reachout_touchspace	fmbhxfz	C
2020-04-03 11:29:53.110626	u/laidbackkanga	fmbi59o	u/mulletparty	fmbehkr	C
2020-04-03 11:29:55.290035	u/JustKdabi	fmbi5om	u/Noyoureblind	fmauc2e	C
2020-04-03 11:29:55.989385	u/LeastActive	fmbi5q2	u/Shubhanshuprak	fmazh0m	C
2020-04-03 11:29:58.615188	u/Pur-n-Kleen	fmbi679	u/FM79SG	fmaotkz	C
2020-04-03 11:29:59.218188	u/manganum2688	fmbi68k	u/BLAMPS09	fmbf962	C
2020-04-03 11:30:00.124318	u/Vormadikter	fmbi6n4	u/Carlol121	fmasiel	C
2020-04-03 11:31:04.203366	u/GrayNeko	fmbiah3	u/sanscipher435	fmanvlp	C
2020-04-03 11:31:12.104338	u/Butterferret12	fmbiavx	u/macropepe	fmbgrqk	C
2020-04-03 11:31:35.338486	u/Tigkas123	fmbic27	u/matmelmb	fmbi5au	C
2020-04-03 11:31:42.026895	u/lock_click_boom	fmbicek	u/CowCluckLated	fmbi0cy	C
2020-04-03 11:31:46.478799	u/AlliedToasters	fmbicgl	u/Respect_Paying_Bot	fmaqanr	C
2020-04-03 11:31:59.596156	u/thomajoe	fmbicqz	u/SkyMewtwo	fmbhgcf	C
2020-04-03 11:32:17.279816	u/Mr_Poopy_Head_42069	fmbidgl	u/Dwick24	fmbi91r	C
2020-04-03 11:33:05.026289	u/Sinistralityy	fmbig0b	u/LeastActive	fmbi5q2	C
2020-04-03 11:33:51.062261	u/canti600	fmbihrg	u/PATRICKSTAR139	fmbhra7	C
2020-04-03 11:34:12.018597	u/revoltingperson	fmbiitm	u/judesantose	fmammev	C
2020-04-03 11:34:55.574904	u/yourdaddosentloveyou	fmbimne	u/Ahmedzcoolerone	fmb7376	C
2020-04-03 11:35:05.146624	u/SpagettiRegretti	fmbimr8	u/STRADD838	fmb4dxv	C
2020-04-03 11:35:42.915417	u/itsyourboifroggy	fmbinsb	u/heesell	fmbimiw	C
2020-04-03 11:36:08.723454	u/ImSauForFan	fmbip0m	u/brof1	fmbil1k	C
2020-04-03 11:37:06.956753	u/shy_yawn	fmbisw0	u/dirtbutcher	fmbgq9j	C
2020-04-03 11:37:35.280393	u/SilverShadow1306	fmbiu69	u/Dkwi14	fmbgxha	C
2020-04-03 11:38:43.742974	u/simsam999	fmbkn01	u/cuduro	fmbjlx7	C
2020-04-03 11:39:11.854888	u/wizardeshy	fmbkpg8	u/hijack-carman	fmb6lmx	C
2020-04-03 11:39:20.330024	u/Y33T-SPIDER	fmbkq5w	u/1I2I3I4I5I6I7I8I9I	fmb9zww	C
2020-04-03 11:39:23.105575	u/I_just_draw	fmbkqd1	u/i_like_ats	fmbjxr2	C
2020-04-03 11:39:25.512485	u/Ungodly01	fmbkqf4	u/wizardeshy	fmbknyo	C
2020-04-03 11:39:27.297404	u/Fil0rican420	fmbkqtk	u/24520ls	fmbf9ur	C
2020-04-03 11:39:34.252574	u/Cheeseboy_123	fmbkr48	u/Goodfella_228	fmbjn0u	C
2020-04-03 11:39:35.472184	u/ebonrules	fmbkr4w	u/OoopsAlreadyTaken	fmbkg8k	C
2020-04-03 11:39:38.738988	u/BenThePickleBoss	fmbkrgv	u/Alexx977	fmb8jil	C
2020-04-03 11:39:46.838712	u/Andrew3236	fmbksa2	u/Meme_Lord42021	fmb72vk	C
2020-04-03 11:39:51.149418	u/BusyEngineering3	fmbksp5	u/Aidan8r	fmbcwde	C
2020-04-03 11:39:56.043595	u/RavexElite	fmbktey	u/lord_z9	fmb9lp2	C
2020-04-03 11:40:01.323961	u/Chipper_Ladd	fmbktsz	u/seatbelt-malfunction	fmbklz1	C
2020-04-03 11:40:28.978005	u/EllaGamerOwO	fmbkv0w	u/NarutoDragon732	fmac5nu	C
2020-04-03 11:41:07.599158	u/TheAmazingAutismo	fmbkwen	u/OrbitalNebulite	fmb8kv2	C
2020-04-03 11:41:36.917229	u/3rdaccountnowstop	fmbkxph	u/Tader1112	ftwdwy	S
2020-04-03 11:42:52.328366	u/mudaddwryy	fmbl0ak	u/PranayNighukar	fm8mzvp	C
2020-04-03 11:43:45.301452	u/MrMiniDino	fmbl374	u/Myfreindisaloli	fmb188i	C
2020-04-03 11:43:57.476610	u/Turtle3s	fmbl3u3	u/modsarebiggae	fmbkjrk	C
2020-04-03 11:44:10.925237	u/MOBIMANZ	fmbl4u5	u/Softable_Lover	fmbcb61	C
2020-04-03 11:44:52.321806	u/RepostSleutBot	fmbl62x	u/MrEndsy05	fmbjx1e	C
2020-04-03 11:45:44.978399	u/sddravo	fmbl8qk	u/Naisl	fmaq9vr	C
2020-04-03 11:45:47.091877	u/pinkfisherman26	fmbl8s6	u/Z_Khoi	fmbkz1p	C
2020-04-03 11:45:53.856042	u/warforcewarrior	fmbl8xo	u/Artist_Seal	fmbf1f7	C
2020-04-03 11:46:45.638970	u/w_n_g_	fmblc3q	u/3ggyman	fmbf5ar	C
2020-04-03 11:46:56.577378	u/nikidziuba	fmblciv	u/Somebody_EEU	fmb78op	C
2020-04-03 11:47:00.120563	u/dePRESSED_Indeed	fmblcsj	u/Mosixxy	fmbhhy2	C
2020-04-03 11:47:01.999812	u/The_Lepercaun	fmblcul	u/DamionGreyjoy	fmbh5rt	C
2020-04-03 11:47:06.610947	u/a_moist_raisin	fmbld42	u/Gamerninja17396	fu8t7x	S
2020-04-03 11:47:09.512290	u/JastaTheDark	fmbld72	u/Sofia_864	fmbfhid	C
2020-04-03 11:47:13.938584	u/Airpeapodpro	fmbld8t	u/Somebody_EEU	fmb78op	C
2020-04-03 11:47:37.520257	u/PeaNutzForDave	fmbleho	u/TruckerDude9218	fmbesu0	C
2020-04-03 11:48:04.476222	u/KowaiPanda	fmblfta	u/sasori1771	fmbh1bb	C
2020-04-03 11:48:16.488113	u/J_The_Fool	fmblgjb	u/ImARitard	fmb9gy3	C
2020-04-03 11:48:47.731449	u/Imaginary-Advice	fmblipg	u/SuddenKaleidoscope0	fmbemkk	C
2020-04-03 11:49:12.591222	u/MustafaJohn	fmblk6c	u/DanKou237	fmbl4ub	C
2020-04-03 11:49:15.538555	u/x_chain	fmblk92	u/zboy101	fmblajm	C
2020-04-03 11:49:42.514218	u/XxMemegamer69xX	fmblmwk	u/TheStrawberryGod	fmaq2gb	C
2020-04-03 11:50:01.523865	u/Not-From-Denmark	fmblpfd	u/Somebody_EEU	fmbbvzt	C
2020-04-03 11:50:05.072501	u/EzToasterOven	fmblpj2	u/-GiantSlayer-	fmb8lsa	C
2020-04-03 11:50:12.710356	u/_POSK_	fmblpvm	u/yourmumshagsants	fmaxj8u	C
2020-04-03 11:50:18.531757	u/Joebuz33	fmblq94	u/polkalana	fm7m1g6	C
2020-04-03 11:50:51.057549	u/quentinfournier	fmblrir	u/TheAmazingAutismo	fmbkwen	C
2020-04-03 11:51:16.526841	u/Ill_Image	fmblsob	u/the_oncoming_doctor	fmb8bo2	C
2020-04-03 11:51:36.623152	u/OvenBrokenz	fmblt9d	u/rickyrorton	fmb09lz	C
2020-04-03 11:51:49.264730	u/Ell2509	fmblu69	u/darrenbrads123	fmbk3kx	C
2020-04-03 11:52:07.528353	u/I_AM_THE_BIGFOOT	fmbluva	u/Meme_lord-1411	fmbberi	C
2020-04-03 11:52:54.493238	u/QwaZarTy	fmblx1a	u/dZZZZZZZZZZZeks	fmbarhl	C
2020-04-03 11:53:12.756015	u/Offbeatbass952	fmblxlk	u/erka1004	fmb5mb4	C
2020-04-03 11:53:17.221487	u/ChadTheGremlin	fmblxmq	u/_sam_mas_	fmbjoiv	C
2020-04-03 11:53:44.842070	u/ninja_cat111	fmblyu3	u/Flamelikesdarkmode	fmbkx5p	C
2020-04-03 11:54:03.253309	u/Dependent-Law	fmblzoh	u/Undeadbeast0	fmbhkpp	C
2020-04-03 11:54:24.804709	u/IdLikeSomeDownvotes	fmbm0sc	u/Lame_Protagonist	fmbffef	C
2020-04-03 11:54:50.317964	u/nomadic_jesus	fmbm2b6	u/clone_ranger	fmabusj	C
2020-04-03 11:55:11.623277	u/growdrobro	fmbm3k3	u/alenaloin	fm5i6p6	C
2020-04-03 11:55:27.709768	u/ThisPyr0	fmbm4d7	u/SAVAGE-DOGG	fmazvcu	C
2020-04-03 11:55:34.248739	u/Saggor	fmbm4no	u/RepostSleuthBot	fmb2w1l	C
2020-04-03 11:56:08.063147	u/iamgioz	fmbm6b1	u/under_rated_human	fmbezdu	C
2020-04-03 11:56:47.442921	u/SecretTurnover7	fmbm8bl	u/Unruh_	fmbfhot	C
2020-04-03 11:57:20.857403	u/peterman_misterman	fmbma5t	u/conrichy402	fm8henv	C
2020-04-03 11:57:38.410158	u/GraceForImpact	fmbmbd4	u/EmpJoker	fm8hlsa	C
2020-04-03 11:57:52.990851	u/TherealHappymil	fmbmc49	u/RedShankyMan	fmbest9	C
2020-04-03 11:58:59.042242	u/bollie123	fmbmgmc	u/TacticalIdiot17	fmbkqe0	C
2020-04-03 11:59:08.280116	u/gogofrewen	fmbmh9m	u/SevenIsNotANumber	fmbmemr	C
2020-04-03 11:59:20.699353	u/jn-mlte_dkn	fmbmibb	u/BattlebeeUltor	fmb4yn2	C
2020-04-03 11:59:30.696799	u/DifficultCobblestone	fmbmixv	u/Naughty_Nacho	fmbkvie	C
2020-04-03 11:59:42.911875	u/Crafty_Firefighter	fmbmkdt	u/Bierbart12	fmbblx6	C
2020-04-03 11:59:48.013745	u/DaniLoRiver	fmbmkpb	u/L1NZ0_S4N4	fmbmc03	C
2020-04-03 11:59:49.894104	u/CrissCrossroads	fmbml0b	u/VisibleInvisible123	fmbmavb	C
