2020-04-07 02:00:13.670730	u/luckynumberis13	fmnx5uo	u/InstinctObito	fmldsp4	C
2020-04-07 02:00:38.087316	u/WillyRedditAlready	fmnx6j4	u/OfficialCword	fmnn23f	C
2020-04-07 02:00:48.557959	u/kadirr0579	fmnx78e	u/DontStealMyPotato	fmncydo	C
2020-04-07 02:00:51.906466	u/Bagel_ghost23	fmnx7a7	u/azarbi	fmnwy8f	C
2020-04-07 02:01:28.545427	u/speedymilito	fmnx8qz	u/Bodsty_Bread	fmnx43t	C
2020-04-07 02:01:30.904077	u/betamemes	fmnx8sg	u/69LUL	fmnwz94	C
2020-04-07 02:01:48.258547	u/NonsenseNooB	fmnx9dt	u/MooshleBooshle	fmmysm5	C
2020-04-07 02:01:56.606179	u/abadman27	fmnx9iy	u/I-dont-need-one-now	fmnwu17	C
2020-04-07 02:02:05.625943	u/Zac24680	fmnx9z5	u/Zbunjeni_Batcat	fmnx83n	C
2020-04-07 02:02:18.901489	u/HarrisHawk64	fmnxaak	u/Ravenclaw_14	fmnx6yr	C
2020-04-07 02:02:31.755879	u/Vayinator	fmnxaml	u/LeftforBread__	fmmy50g	C
2020-04-07 02:02:37.481582	u/Daft1228	fmnxauj	u/realsies11	fmnusf0	C
2020-04-07 02:03:12.089139	u/NonsenseNooB	fmnxc4w	u/MooshleBooshle	fmmysm5	C
2020-04-07 02:03:19.677284	u/Soumil-Sharma	fmnxc9c	u/Shayan951	fmn7z63	C
2020-04-07 02:03:26.353924	u/The_Great_Schnapper	fmnxckx	u/MrYoggi	fmmpoqm	C
2020-04-07 02:03:47.021611	u/ItsNotATrap1543	fmnxd2t	u/IAm24Bit	fmnxb8o	C
2020-04-07 02:04:13.365130	u/shapedclouds	fmnxdmb	u/Versizion	fw0w1v	S
2020-04-07 02:04:33.957523	u/SILVER-J007	fmnxehz	u/SaltLife0118	fmnoosa	C
2020-04-07 02:05:02.529640	u/that_cattie_kid	fmnxf8o	u/azarbi	fmnwy8f	C
2020-04-07 02:05:29.208116	u/GeneralKenobi576	fmnxgov	u/Big_D19	fmnxd13	C
2020-04-07 02:05:47.937200	u/The_Great_Schnapper	fmnxh83	u/kale_lags	fmnwqnk	C
2020-04-07 02:05:55.740296	u/Rusty4570	fmnxhii	u/indolgofera	fmnwthe	C
2020-04-07 02:06:04.001718	u/Spllt_Milk	fmnxhn3	u/RedskullVW	fmnulck	C
2020-04-07 02:07:39.302697	u/sexybananadaddy	fmnxma3	u/NOTZawp	fmnu2jh	C
2020-04-07 02:09:01.914360	u/Evereadythebattery	fmnxq7q	u/RepostSleuthBot	fmnxifz	C
2020-04-07 02:09:28.548917	u/Herobrine5921	fmnxr26	u/Sadest_Cactus	fmnxexj	C
2020-04-07 02:09:50.879663	u/yagyaxt1068	fmnxs6s	u/Blue_Jay2735	fmnuve5	C
2020-04-07 02:10:09.327561	u/Rowanc019	fmnxsqu	u/RepostSleuthBot	fmnxiss	C
2020-04-07 02:10:18.475180	u/Someonelolol	fmnxt3y	u/FedoraTheExplorer7	fmnrjlk	C
2020-04-07 02:10:31.610759	u/azzanrev	fmnxthe	u/ASS_MY_DUDES	fmnrole	C
2020-04-07 02:10:48.376705	u/anti_MATT_er	fmnxuc1	u/idkwutnametouse	fmnxp2o	C
2020-04-07 02:11:59.250381	u/taykaybo	fmnxwd3	u/1_Nysosis_1	fmnxulc	C
2020-04-07 02:12:20.033112	u/SmarmySlayer	fmnxwr5	u/rossquaza	fmntwo7	C
2020-04-07 02:12:23.329000	u/DerpMerpTheV	fmnxwu2	u/Evereadythebattery	fmnxq7q	C
2020-04-07 02:13:26.569411	u/Career_Victim	fmnxyug	u/myycabbagess	fmnwnrb	C
2020-04-07 02:13:32.962775	u/Dan_Choi	fmnxyxy	u/Mazbin	fmnuqv1	C
2020-04-07 02:14:25.241812	u/Zronas	fmnxzrk	u/itzmatoy	fmmoxnd	C
2020-04-07 02:16:27.553234	u/Kdawg69kt	fmny34t	u/Naivet	fmnwq59	C
2020-04-07 02:17:12.414050	u/Igone2nd	fmny4oj	u/sweaty_spaghetti-man	fmnbyaf	C
2020-04-07 02:17:27.325568	u/UnknownErrorRD_	fmny4zo	u/ifunnybot55555	fmnre1k	C
2020-04-07 02:17:34.878680	u/UnknownErrorRD_	fmny56e	u/Kaliso-man	fmnhg1n	C
2020-04-07 02:18:44.207648	u/tri081105	fmny85u	u/1_Nysosis_1	fmny2kz	C
2020-04-07 02:19:14.568689	u/ohfrickohsheet	fmny9tl	u/BT13YT	fmnoc84	C
2020-04-07 02:19:24.982841	u/SheWhoSpawnedOP	fmnyagh	u/Julian_Hen	fmnxhba	C
2020-04-07 02:19:32.741088	u/Calvarex	fmnyaw2	u/_default_username	fmnv8lz	C
2020-04-07 02:20:17.196986	u/CalfReddit	fmnydwp	u/Garrett-i	fmgsnzk	C
2020-04-07 02:20:21.554683	u/fedegimo98	fmnydxb	u/jim_zavala28	fmnw53e	C
2020-04-07 02:20:37.620456	u/tossietuatoa	fmnyeag	u/FrostSwag65	fmnxvoc	C
2020-04-07 02:21:14.747750	u/zombiedudestalker	fmnyfpw	u/thatboytw	fmny4aj	C
2020-04-07 02:21:21.538100	u/jelly3bean	fmnyfuz	u/OrnageMadness141	fmnv8rl	C
2020-04-07 02:23:23.435315	u/epicgamer4206969420	fmnykf0	u/eskimoexplosion	fmnmh03	C
2020-04-07 02:25:02.002615	u/AmuroToru	fmnyn6y	u/momzydouce	fmn8e1e	C
2020-04-07 02:25:04.113576	u/rebucgnimagl	fmnyn8o	u/RepostSleuthBot	fmni2ly	C
2020-04-07 02:25:17.864359	u/Brasidas418	fmnyndv	u/ohfrickohsheet	fmny9tl	C
2020-04-07 02:25:33.270055	u/CanadianBTW	fmnyo0p	u/Theoanger	fmmv1km	C
2020-04-07 02:25:56.118204	u/DeathLikesWeed	fmnyox4	u/rossquaza	fmntkxl	C
2020-04-07 02:26:30.527054	u/F1_Geek	fmnyppv	u/RTurnill	fmny9i1	C
2020-04-07 02:27:38.495213	u/poop_assassin123	fmnyrlu	u/holy-padre	fmkokul	C
2020-04-07 02:28:23.760134	u/Tyybikesed	fmnysw6	u/RepostSleuthBot	fmnyq8y	C
2020-04-07 02:28:57.989305	u/_RedC_	fmnytxx	u/BeerWorshippers	fmnyrme	C
2020-04-07 02:29:01.155961	u/manda00710	fmnytz7	u/Kdawg69kt	fmny34t	C
2020-04-07 02:29:12.323836	u/Stewie_Griffin420	fmnyumt	u/silverhoe	fmnws77	C
2020-04-07 02:29:36.391577	u/TheCheapDude	fmnyvgn	u/Ghost3657	fmnpa0p	C
2020-04-07 02:29:39.065320	u/pikinjo1	fmnyvp3	u/wismyname	fmmfqyg	C
2020-04-07 02:29:43.251913	u/yeetreetdeleteme	fmnyvy4	u/destroyerx230x	fmnytpy	C
2020-04-07 02:29:48.336553	u/pikinjo1	fmnyw62	u/wismyname	fmmfqyg	C
2020-04-07 02:30:40.170879	u/_I_love_pigeons_	fmnyyic	u/luwandaattheOHclub	fmnpnsv	C
2020-04-07 02:31:03.803255	u/rebassosie	fmnyz4b	u/frozen-heart-28	fmnrrd1	C
2020-04-07 02:31:25.107865	u/MrBakedPotatoh420	fmnyzly	u/TheCriticalBanterPod	fmnywax	C
2020-04-07 02:31:44.589956	u/Professor_Spinda	fmnz07n	u/driftynickel7	fmmiirb	C
2020-04-07 02:31:46.857902	u/WhiteWolfofRivia0504	fmnz0ge	u/snakewaswolf	fmne2bf	C
2020-04-07 02:32:44.069191	u/azgaroth	fmnz1xq	u/GrayNeko	fmnya76	C
2020-04-07 02:33:51.399369	u/B3_Complex	fmnz3pd	u/terryinsmashEPIC	fmnyoje	C
2020-04-07 02:34:13.144806	u/Rem-remm	fmnz4fi	u/disableadblock	fmn7wwg	C
2020-04-07 02:34:45.457230	u/TerrestrialBanana	fmnz56l	u/ThreadRetributionist	fmnrqtd	C
2020-04-07 02:36:42.073664	u/throwaway119381	fmo0rd6	u/chiken_nuget_boy	fmo0d5e	C
2020-04-07 02:36:58.963975	u/depressed_idiot_69	fmo0rus	u/Potato_monster_	fmnwiiv	C
2020-04-07 02:37:57.401448	u/GoodNuf69	fmo0tqe	u/memezop	fmnq9bo	C
2020-04-07 02:38:01.834216	u/Shrekdabeast	fmo0u1s	u/Skvm_99	fmnuy2j	C
2020-04-07 02:38:15.436023	u/notapaddle	fmo0uje	u/MikeWhoCheeseHairyYa	fmo0m76	C
2020-04-07 02:38:24.662329	u/sillypoopoo	fmo0uuq	u/rexalert3550	fmnt1n5	C
2020-04-07 02:38:32.135477	u/Rob-the-shadows	fmo0v12	u/PatientMantisMD	fmnen3q	C
2020-04-07 02:38:41.907808	u/Jukkobee	fmo0vb7	u/TheDeen420	fmnse3i	C
2020-04-07 02:39:05.693152	u/Joeyfish13	fmo0vwh	u/gfunksmooth	fmmzb0h	C
2020-04-07 02:39:31.422485	u/proto_shane	fmo0wfy	u/Strydhaizer	fmnpeb8	C
2020-04-07 02:40:42.155624	u/OldTimerNubbins	fmo0xms	u/wakandaforever_	fmnv4ka	C
2020-04-07 02:41:08.687296	u/SchwarzGelb09	fmo0y1t	u/wo0ooshme	fmo0b2i	C
2020-04-07 02:42:28.803251	u/Moaning_Bees	fmo0z1q	u/explojeff	fmmjxf4	C
2020-04-07 02:42:36.460178	u/Arg8rn	fmo0z5o	u/BlakkoeNakker	fmo0y6w	C
2020-04-07 02:42:46.114027	u/backyardshed420	fmo0zbh	u/Smell_My_Fart_Bitch	fmo0ui1	C
2020-04-07 02:42:55.556989	u/lyuciele	fmo0zfi	u/3xbah	fmnizk5	C
2020-04-07 02:44:15.366236	u/CoulmerQ	fmo1167	u/RoadWorkAhead41	fmo0x3x	C
2020-04-07 02:44:19.372963	u/JCRTheGreat	fmo116s	u/duderliss	fmo0sm6	C
2020-04-07 02:44:37.488945	u/Pipsqueak8908	fmo11vb	u/Danny-Porter	f4td9pr	C
2020-04-07 02:45:04.296777	u/DIF_BushyBoii	fmo12cu	u/HyruleanBelmont	fmnokdp	C
2020-04-07 02:45:42.931814	u/taninmaztaninmaz3	fmo13em	u/CatsAndCreamCheese	fmnzqwe	C
2020-04-07 02:46:34.582595	u/TheDiamondss	fmo14yg	u/aulosirasirius	fmo0xiz	C
2020-04-07 02:46:50.257245	u/D1m0nd_1	fmo15i0	u/BusyChameleon	fmnp0xi	C
2020-04-07 02:46:59.525908	u/sammyiwas	fmo15s6	u/SonicTheHedgehog6542	fmo152l	C
2020-04-07 02:47:20.382108	u/BeachSamurai	fmo16d7	u/nameofanuser	fmo0s42	C
2020-04-07 02:47:27.423390	u/Block_head16	fmo16on	u/Potato_Man11	fmnt37q	C
2020-04-07 02:49:20.224388	u/TheDingus12	fmo1ad0	u/whynotm3e	fmnzy1b	C
2020-04-07 02:49:31.535803	u/a_vague_username	fmo1beo	u/isaacs-cats	fmo0iz7	C
2020-04-07 02:49:33.026803	u/lord_of_four_corners	fmo1bhs	u/ItsNotATrap1543	fmo15ko	C
2020-04-07 02:49:36.246096	u/JoeGattoFan10	fmo1bvv	u/Starwarsmemes13	fmn4mn7	C
2020-04-07 02:49:40.733753	u/Herr_Unbenant	fmo1bym	u/MCJon6	fmmz0yg	C
2020-04-07 02:49:48.147578	u/WeinerDoctor	fmo1chx	u/Himenim	fmlwlah	C
2020-04-07 02:49:50.943448	u/getagrab	fmo1coy	u/dontqustion	fmo10nz	C
2020-04-07 02:49:59.711546	u/karollgaming	fmo1d9k	u/SaltLife0118	fwa68g	S
2020-04-07 02:51:01.290423	u/David_Rusev	fmo1ern	u/Arietepros-ITA	fmo0nk4	C
2020-04-07 02:51:07.765683	u/DefenderT	fmo1ewk	u/RollerDude347	fmnbg7r	C
2020-04-07 02:51:14.205792	u/emir112358	fmo1f0l	u/Master_JBT	fmmtjta	C
2020-04-07 02:52:45.882458	u/RedditSuspendedMyAss	fmo1huc	u/TheElementalSniper	fmm0bhk	C
2020-04-07 02:52:50.029249	u/G_nozo	fmo1huh	u/silverhoe	fmnws77	C
2020-04-07 02:53:06.100803	u/RustySniper07	fmo1ieo	u/Joeyfish13	fmo0vwh	C
2020-04-07 02:53:17.081664	u/christianlozanoski	fmo1iuf	u/beannie_babbiiee	fmo0ffh	C
2020-04-07 02:53:24.140738	u/bobs-and-vagane	fmo1ixz	u/AveenoFresh	fmo1gsg	C
2020-04-07 02:54:13.127643	u/spagettttttttttttttt	fmo1k4c	u/S-Man_368	fmnqcb7	C
2020-04-07 02:55:22.378558	u/NuclearFarts02	fmo1l07	u/Enhanced_35	fmo1i0e	C
2020-04-07 02:55:45.935599	u/HumanTrashLovesCash	fmo1lkw	u/coyotesarecunts	fmo1j5t	C
2020-04-07 02:55:56.509332	u/DoubledPing	fmo1may	u/bliss_popcorn	fmo1l38	C
2020-04-07 02:56:14.274716	u/Able-Theory	fmo1mzx	u/Niken272	fmnqp0a	C
2020-04-07 02:56:21.020471	u/Clear-Panic	fmo1n9h	u/NuclearFarts02	fmo1l07	C
2020-04-07 02:56:27.273956	u/Swordsmith117	fmo1nes	u/Y0rshPla7	fmo09kj	C
2020-04-07 02:56:34.160446	u/eggirlalt123123	fmo1nlg	u/lordenzoj	fmm2re8	C
2020-04-07 02:56:48.832239	u/JNicholas144	fmo1o0m	u/HavokRz3	fmnwztk	C
2020-04-07 02:56:57.845378	u/Tjor2	fmo1o56	u/TheFoxyXof	fmnia0y	C
2020-04-07 02:57:31.773618	u/gaygarfeild3	fmo1p08	u/Sadest_Cactus	fmnxexj	C
2020-04-07 02:57:35.325497	u/ParrotEvil	fmo1p1z	u/chiken_nuget_boy	fmo0shv	C
2020-04-07 02:57:52.780497	u/goodolarchie	fmo1ptn	u/Aithistannen	fmm8ex1	C
2020-04-07 02:57:55.476623	u/oui_oui_niawski_	fmo1pwc	u/112640	fmo0wn0	C
2020-04-07 02:58:53.965584	u/Biengineerd	fmo1sp2	u/BeNbUcKToO	fmnhxa6	C
2020-04-07 02:59:11.621541	u/LennyBoii67	fmo1tbg	u/destroyerx230x	fmo1jbc	C
2020-04-07 02:59:14.498523	u/ummimlonely	fmo1tfh	u/Ingoingmage920	fmmyt6r	C
2020-04-07 02:59:19.528239	u/HumanTrashLovesCash	fmo1tjh	u/coyotesarecunts	fmo1o83	C
2020-04-07 02:59:24.475864	u/bdguy355	fmo1tks	u/Lucky_Ducky420	fmnvkvz	C
2020-04-07 02:59:30.270218	u/NoThanksToBiden	fmo1ue6	u/nameofanuser	fmo1r38	C
2020-04-07 02:59:48.240962	u/Architector4	fmo1vxd	u/Sovietmeteor	flyorsp	C
2020-04-07 02:59:56.028783	u/NoThanksToBiden	fmo1way	u/nameofanuser	fmo1va6	C
2020-04-07 02:59:59.593318	u/Oenotron	fmo1wng	u/frozen-heart-28	fmnt22q	C
