2020-04-07 03:00:35.977603	u/Polytongue	fmo1xp7	u/Parpsy2	fmnmf9d	C
2020-04-07 03:01:08.534780	u/Fknkfnkfn	fmo1y19	u/NuclearFarts02	fmo1kkq	C
2020-04-07 03:01:15.209653	u/AceAidan	fmo1y6r	u/MyJelloJiggles	fmnmbsb	C
2020-04-07 03:01:57.023579	u/Lonely_loki	fmo1za0	u/LuckyAceBlue	fmneja2	C
2020-04-07 03:02:00.540947	u/vegainthemirror	fmo1zb6	u/iamit1102	fwek5f	S
2020-04-07 03:03:14.689586	u/ABP18	fmo21m0	u/DaviMesiter	fmnxczb	C
2020-04-07 03:03:32.202391	u/plz_pm_me_ur_doggos	fmo21ux	u/ContentNicholas	fmo209p	C
2020-04-07 03:04:15.376899	u/ZrglyFluff	fmo22n8	u/TrashWithACapitalT	fmo026l	C
2020-04-07 03:04:52.900163	u/Cbelen27	fmo23i1	u/HavokRz3	fmnwztk	C
2020-04-07 03:05:01.255880	u/HumanTrashLovesCash	fmo23q4	u/coyotesarecunts	fmo1ye4	C
2020-04-07 03:05:50.520248	u/Notreallyconnorx	fmo253y	u/HolyLoafOfBread	fmnzogd	C
2020-04-07 03:06:07.362944	u/FaceAndKMS	fmo25lh	u/ProudRavenclaw24	fmnrrlk	C
2020-04-07 03:06:12.730474	u/Thomas041905	fmo25v2	u/sammyiwas	fwdfyx	S
2020-04-07 03:06:26.951029	u/jasonrbono	fmo266n	u/marrymekermit	fmn7m48	C
2020-04-07 03:06:33.466048	u/Deadtto	fmo2696	u/AceAidan	fmo1y6r	C
2020-04-07 03:06:45.256693	u/Ford_227	fmo26ia	u/thom2553	fmi0cix	C
2020-04-07 03:07:17.922116	u/Sharkman36	fmo27m2	u/christianlozanoski	fmo0d1k	C
2020-04-07 03:07:46.021217	u/LordJayfeather	fmo28n1	u/Buckhunter143	fmnw7vu	C
2020-04-07 03:07:47.816542	u/PCtheInternetUser	fmo28s3	u/Skycrapper_MnM	fmo0tbx	C
2020-04-07 03:08:38.909981	u/Dyalikedagz	fmo2ahg	u/savagehenryWX	fmn379q	C
2020-04-07 03:09:09.624757	u/BanEURightNow	fmo2bsc	u/Alpha_479	fmo25ap	C
2020-04-07 03:09:16.195610	u/bone_juise	fmo2c8g	u/PandaBearCorgi	fmnjjbs	C
2020-04-07 03:09:39.436958	u/Nedebilas	fmo2da7	u/BanEURightNow	fmo2c19	C
2020-04-07 03:09:50.158429	u/Spartan9504	fmo2eao	u/Emero_Brandon	fmnxts1	C
2020-04-07 03:09:56.317520	u/Moaning_Bees	fmo2eqk	u/brightorangebulb	fmnvo6t	C
2020-04-07 03:09:59.360489	u/printbongo	fmo2f0h	u/S-Man_368	fmnqcb7	C
2020-04-07 03:10:26.036155	u/cynicalcytoplasm	fmo2fik	u/Deadtto	fmo2696	C
2020-04-07 03:10:35.858227	u/skiless_python	fmo2fp7	u/Username17_	fmo26d1	C
2020-04-07 03:10:46.710101	u/itsnotriss	fmo2fyr	u/EulogicSymphony	fmo09ub	C
2020-04-07 03:12:37.904171	u/rat-the-mat	fmo2ifd	u/USMELLBADLOL	fmo1jsl	C
2020-04-07 03:13:24.227769	u/matzeschlz	fmo2jgx	u/--Ubermensch	fmn2637	C
2020-04-07 03:14:02.349405	u/Double_Lobster	fmo2ki4	u/MrNarfal	fmo0mo1	C
2020-04-07 03:14:49.033696	u/ZEP4R	fmo2lav	u/BlakkoeNakker	fmo15tf	C
2020-04-07 03:14:55.173541	u/mlstdrag0n	fmo2lfk	u/TheeDavidChrist	fmnwdsx	C
2020-04-07 03:15:07.926317	u/practicalpuppy	fmo2lmt	u/atthegame	fmnjb8m	C
2020-04-07 03:15:13.471996	u/socksgrowonbushes	fmo2lpr	u/wiifitfans	fmnwc29	C
2020-04-07 03:15:31.410042	u/crystal_meloetta12	fmo2lvx	u/TJordanW20	fmnzksy	C
2020-04-07 03:15:37.344544	u/singingdart7854	fmo2m0k	u/Invictinus0	fmmeilp	C
2020-04-07 03:16:00.068000	u/Moaning_Bees	fmo2mf0	u/Arietepros-ITA	fmo0oo0	C
2020-04-07 03:16:31.489379	u/Toxic_Souls	fmo2n51	u/nardist69	fmo2kq4	C
2020-04-07 03:16:35.501561	u/effective_techer	fmo2ndc	u/akinblack	fmnkhzr	C
2020-04-07 03:18:13.725731	u/thegamerdoggo	fmo2p3d	u/nardist69	fmo1im1	C
2020-04-07 03:18:19.535322	u/Solaire_the-sunbro	fmo2p5b	u/packle-kackle	fmo2oco	C
2020-04-07 03:19:11.712798	u/Monoverde888	fmo2qa0	u/RepostSleuthBot	fmo1oof	C
2020-04-07 03:19:29.814395	u/imAwindexbottle	fmo2qzh	u/iamit1102	fwek5f	S
2020-04-07 03:19:36.098771	u/Moyai_Boyai_Core2Duo	fmo2r4t	u/LarryMcCluck	fmne5zt	C
2020-04-07 03:19:43.239313	u/amscraylane	fmo2raq	u/jasonrbono	fmo266n	C
2020-04-07 03:19:58.790377	u/ninx404	fmo2sbd	u/TheDeen420	fmnrhh9	C
2020-04-07 03:20:13.968383	u/hairy-hermit	fmo2spe	u/TheDrunkenPyro	fmo2m0q	C
2020-04-07 03:20:22.749816	u/urmumoioi6969	fmo2sqj	u/Rich_YT	fmns0dw	C
2020-04-07 03:21:06.841450	u/BingoBoy6	fmo2td9	u/Pikapaul03	fwcb0y	S
2020-04-07 03:21:27.982283	u/__synergy_	fmo2tli	u/azarbi	fmo22hr	C
2020-04-07 03:21:35.543317	u/piblaze	fmo2to7	u/BeNbUcKToO	fmo26jo	C
2020-04-07 03:22:00.310234	u/gretchen08	fmo2u7t	u/Maras123	fmo1iuj	C
2020-04-07 03:22:34.692997	u/da_david_himself	fmo2uls	u/3AlbinoScouts	fmmvkd5	C
2020-04-07 03:23:25.755375	u/i-wish-i-was-a-drago	fmo2vc3	u/ninx404	fmo2lss	C
2020-04-07 03:23:56.128421	u/RocketJimbo4	fmo2vop	u/m7amdxd	fmo2t9u	C
2020-04-07 03:24:03.330550	u/Sharkymoto	fmo2vs4	u/Tarbarion2	fmo2u43	C
2020-04-07 03:24:17.090833	u/ArchangelG-	fmo2w4p	u/a-name-of-a-user	fmo1sbe	C
2020-04-07 03:26:36.865178	u/huseynjabbar	fmo2ypz	u/sammyiwas	fmnp2xp	C
2020-04-07 03:27:02.992745	u/duhmbish	fmo2zv1	u/MyJelloJiggles	fmn5pjk	C
2020-04-07 03:27:16.203565	u/ZachGW	fmo3009	u/taninmaztaninmaz3	fmo13em	C
2020-04-07 03:27:27.336830	u/MoutonDemocrate	fmo307i	u/DeathLikesWeed	fmnys5o	C
2020-04-07 03:28:24.881828	u/hiskinny	fmo31oi	u/ZA_WARUDO_89	fmmwfen	C
2020-04-07 03:29:59.884204	u/xshadowbeatz	fmo34rs	u/tossietuatoa	fmnyeag	C
2020-04-07 03:30:39.333192	u/Lex_The_Crusader	fmo35oo	u/level100metapod	fmo2863	C
2020-04-07 03:30:47.980084	u/MrCritzer	fmo35rc	u/MrPiecer	fmo2x9l	C
2020-04-07 03:31:27.335423	u/MrCritzer	fmo36mo	u/MrPiecer	fmo2x9l	C
2020-04-07 03:31:35.241183	u/NBMarc	fmo36ou	u/nothataylor	fmo2qex	C
2020-04-07 03:32:49.041772	u/andIOopsksjsksk	fmo388l	u/SILVER-J007	fmnxehz	C
2020-04-07 03:33:06.973631	u/4starhe0	fmo38jc	u/god-left-us	fmo18b9	C
2020-04-07 03:33:23.534364	u/NBMarc	fmo390o	u/Doctor-Rat-32	fmny0mh	C
2020-04-07 03:33:45.544559	u/dolphinstar112	fmo39bf	u/lazarbeamsmemer	flwftg4	C
2020-04-07 03:34:43.103635	u/pikinjo1	fmo3am3	u/wismyname	fmo39j7	C
2020-04-07 03:35:29.108902	u/MCugs409	fmo3ble	u/sammyiwas	fmo30kh	C
2020-04-07 03:36:13.146476	u/fruitly	fmo3cnt	u/Sigma_Balls1	fmfmfgl	C
2020-04-07 03:36:20.746785	u/nikoke123	fmo3cp0	u/Ilikebaseballthatsit	fmo2kup	C
2020-04-07 03:36:39.607825	u/JoJoMcDerp	fmo3d1k	u/Ennobenno	fmo0yd1	C
2020-04-07 03:37:50.363302	u/rangaman42	fmo3esc	u/JeffJohnsonIII	fmnqw09	C
2020-04-07 03:39:04.244294	u/shubhanshuojha	fmo3geh	u/m7amdxd	fmo3e6u	C
2020-04-07 03:39:48.223757	u/oreopoptartman	fmo3hne	u/TriciaLange	fmkocxi	C
2020-04-07 03:41:24.420207	u/jsingham	fmo3j4l	u/wiifitfans	fmo2q38	C
2020-04-07 03:41:29.604366	u/SanskarMani	fmo3j59	u/the_legend_97__	fmme4cb	C
2020-04-07 03:42:06.871780	u/Justanibbatrynahelp	fmo3jso	u/Haze360x	fmo35yx	C
2020-04-07 03:42:29.339353	u/JohnathanPizza	fmo3k1y	u/RepostSleuthBot	fmo3gqx	C
2020-04-07 03:42:45.611487	u/TGBplays	fmo3kmh	u/theejooshh	fmo2tz9	C
2020-04-07 03:43:07.304867	u/CornLuck	fmo3l1z	u/MCugs409	fmo3d64	C
2020-04-07 03:43:23.288812	u/asddsa1268	fmo3la8	u/ricecutlet	fmo2ux8	C
2020-04-07 03:43:31.126973	u/SilverAdonis	fmo4q14	u/fuckkkofff	fmn675a	C
2020-04-07 03:44:07.130061	u/finnisguy82	fmo4qw0	u/HeippodeiPeippo	fmmaxas	C
2020-04-07 03:44:13.098533	u/dccomicssuperman	fmo4qwq	u/RepostSleuthBot	fmo26je	C
2020-04-07 03:44:24.463604	u/mghoffmann	fmo4r8a	u/Andarude	fmnygv1	C
2020-04-07 03:44:55.352253	u/DadaNoob0	fmo4rty	u/JD_theflesh	fmntw4g	C
2020-04-07 03:45:09.674233	u/mghoffmann	fmo4s5u	u/RexieSquad	fmnzkgf	C
2020-04-07 03:45:26.120064	u/KingKronx	fmo4sh2	u/falcamo	fmnbgwl	C
2020-04-07 03:46:10.418109	u/EmptyO98	fmo4sxm	u/HolyLoafOfBread	fmnzogd	C
2020-04-07 03:46:42.772759	u/User9141151030	fmo4tim	u/VanashinGlory	fmo3u6i	C
2020-04-07 03:47:08.386542	u/Harmxn-	fmo4u6n	u/wo0ooshme	fmnqwak	C
2020-04-07 03:47:12.872370	u/Souls_inc	fmo4u9r	u/Unruh_	fmo4pem	C
2020-04-07 03:48:02.268371	u/BillyTheD1ck	fmo4v0v	u/UWU_beast	fmo0s4e	C
2020-04-07 03:48:14.486969	u/Off_And_On_Again_	fmo4vbh	u/SallyTheStrawberry	fmnpuet	C
2020-04-07 03:48:23.678397	u/Assark	fmo4vdb	u/joseph-mother-49	fw5r8u	S
2020-04-07 03:48:39.306718	u/MemeMaker197	fmo4vpx	u/sammyiwas	fmo30kh	C
2020-04-07 03:49:04.328797	u/synpoboi	fmo4w8i	u/Bruh_Bot_	fmo4ul9	C
2020-04-07 03:49:08.709221	u/m1300135	fmo4wbr	u/Deadtto	fmo4rlj	C
2020-04-07 03:49:21.737509	u/That_Awkward_Boi	fmo4wkz	u/LarryMcCluck	fmne5zt	C
2020-04-07 03:51:09.226828	u/Asian_Ron_Weasly	fmo4z7e	u/MikeWhoCheeseHairyYa	fmnxrcs	C
2020-04-07 03:51:38.777552	u/AlienNoodle343	fmo4znv	u/Joeyfish13	fmo0vwh	C
2020-04-07 03:52:14.235052	u/ItsStryker	fmo5027	u/Bruce_Wayne_69_420	fmo4zm0	C
2020-04-07 03:52:17.626609	u/Dudebot21	fmo502m	u/Pbsrumblefish	fmo36ak	C
2020-04-07 03:52:26.838906	u/RSlash_Woooosh	fmo505d	u/sydney0906	fmo4yc7	C
2020-04-07 03:53:19.382508	u/ProMate04	fmo511q	u/nipermanpoo	fmo0mla	C
2020-04-07 03:53:27.014609	u/ejangalo	fmo514x	u/Nurazidore	fmnrziw	C
2020-04-07 03:54:37.095623	u/vdelte8	fmo527a	u/Sax_N_IceCream	fmo4np4	C
2020-04-07 03:54:53.830223	u/PuddleJumper1021	fmo52hk	u/sydney0906	fmo517i	C
2020-04-07 03:55:52.415655	u/Speedwag0nbestw4ifu	fmo53rj	u/thewitchmaker	fmo51ia	C
2020-04-07 03:56:16.804983	u/LordJayfeather	fmo5448	u/Sax_N_IceCream	fmo4v22	C
2020-04-07 03:57:15.418053	u/Darkra144	fmo55gf	u/Kanan_R	fmnyi41	C
2020-04-07 03:58:08.020472	u/Stonic_reddit	fmo56q8	u/xshadowbeatz	fmo34rs	C
2020-04-07 03:58:26.774856	u/duylam2089	fmo575y	u/BigSpider379	fmnogv3	C
2020-04-07 03:59:01.060190	u/WinglessMemist	fmo57zi	u/Brydude87	fmn7hxf	C
2020-04-07 03:59:21.930948	u/liquid-handsoap	fmo58t7	u/sgjg	fmo580f	C
