2020-04-04 19:00:51.522786	u/pstrib	fmg3ed7	u/CacklettasMinion	fmg2adk	C
2020-04-04 19:01:50.863008	u/mudahfukinnnnnnnnn	fmg3elu	u/Fadi_kiswani	fmg0xd9	C
2020-04-04 19:03:39.675461	u/Harold_Soup6366	fmg3f9c	u/RepostSleuthBot	fmg3e0l	C
2020-04-04 19:09:56.044456	u/Lek_JR	fmg3hf5	u/MyJelloJiggles	fmg3f7p	C
2020-04-04 19:10:05.083604	u/wizard_Mtl	fmg3hi0	u/ThatYellowElephant	fmg2j9j	C
2020-04-04 19:11:18.168384	u/Moonstar2020	fmg3hqw	u/spacincommie	fmfl16y	C
2020-04-04 19:12:08.140722	u/GameChanger099	fmg3hze	u/SomeHungryPeasant	fmg3dsj	C
2020-04-04 19:13:01.599029	u/altigoGreen	fmg3i2v	u/HDSQ	fmfz18b	C
2020-04-04 19:16:21.544790	u/tabchee1123	fmg3ioj	u/Sir_Avali	fmg1err	C
2020-04-04 19:16:57.098072	u/Moojir	fmg3irg	u/skyh1025	fmfyhz2	C
2020-04-04 19:23:02.387503	u/Bartix_1233	fmg6lqz	u/RepostSleuthBot	fmg5zdo	C
2020-04-04 19:32:26.747683	u/beneralkenobi	fmg6p70	u/WinterWontStopComing	fmg4m0m	C
2020-04-04 19:33:20.878095	u/aashe3	fmg6pn6	u/HypeSh4dow	fmg57fn	C
2020-04-04 19:37:24.189195	u/FelneusLeviathan	fmg6qqa	u/skiyeetyourfetus	fmf8s1p	C
2020-04-04 19:40:12.213822	u/PublikTransitArt	fmg6rmy	u/ReySenate	fmfy1xb	C
2020-04-04 19:40:44.587533	u/foxplazGaming	fmg6s0u	u/finchw53	fmg6n3q	C
2020-04-04 19:42:26.784230	u/shootymcshootyfaces	fmg6sqr	u/djjohnoneill	fmfwv05	C
2020-04-04 19:43:46.735613	u/Luckoftheirish2006	fmg6tcf	u/FloydFan4Lif	fmfnf9y	C
2020-04-04 19:44:32.908822	u/GodCueio123	fmg6tgh	u/-EzWaY-	fmfxyuj	C
2020-04-04 19:50:09.177132	u/jankemisgoodbruv	fmg9g1a	u/FroshWulf66	fmg5bzz	C
2020-04-04 19:52:40.837002	u/-completely-useles-	fmg9h6w	u/MAINCRACIO	fmg9cxd	C
2020-04-04 19:53:26.944330	u/41cm	fmg9hmh	u/RedMatt71	fmg95rw	C
2020-04-04 19:58:26.948107	u/poopdiddyscoopy	fmg9kf6	u/ContrarianSon	fuz2bo	S
2020-04-04 19:59:43.907164	u/Slykillafreak	fmg9knl	u/morlada_1	fmg8pyp	C
