2020-04-12 04:00:05.966168	u/TheMidnightOfTerror	fn5w3yx	u/Cornwallets	fn5qaxp	C
2020-04-12 04:00:37.142963	u/acephalic	fn5w4c3	u/ladypbj	fn588y9	C
2020-04-12 04:00:55.825987	u/WizShrek	fn5w4kg	u/PeteyGANG	fn5qtkv	C
2020-04-12 04:01:33.786043	u/Yeetus-Rice	fn5w5cb	u/PluggedTheBluePill	fn5gkq0	C
2020-04-12 04:02:26.046942	u/OneSwaggyG559	fn5w675	u/hotterthanthesunn	fn5vx3y	C
2020-04-12 04:02:33.724851	u/7thcommbn	fn5w6bf	u/SirDroplet	fn5vy8f	C
2020-04-12 04:02:47.692833	u/salamanderoil	fn5w6te	u/Ill-Star	fn5rnwj	C
2020-04-12 04:03:59.052447	u/TheAutementori	fn5w8d3	u/Nitelaa	fn5vmm3	C
2020-04-12 04:04:15.260764	u/WinterFruit333	fn5w8oc	u/Boberoo2	fn5fc4y	C
2020-04-12 04:04:26.308561	u/Neat-Paleontologist	fn5w8qe	u/weoweom	fn5r3t0	C
2020-04-12 04:05:31.751701	u/gotexposedbyfbi723	fn5wa8a	u/themoderngaming10826	fzmj2o	S
2020-04-12 04:05:37.330875	u/Sutekh338	fn5wafl	u/CaptainMoreMight	fn5npyh	C
2020-04-12 04:05:53.567256	u/Dovahkiin314159	fn5wavn	u/Fire-Nation-17	fn5rn84	C
2020-04-12 04:06:05.352465	u/TheLama71	fn5wb48	u/Nitelaa	fn5vmm3	C
2020-04-12 04:06:59.616307	u/Parzivel69	fn5wclo	u/Bruh_Bot_	fn5srz3	C
2020-04-12 04:07:07.512659	u/Couldeat	fn5wcpq	u/--Ubermensch	fn5syo6	C
2020-04-12 04:07:25.650230	u/drinkjesusnotvodka	fn5wdb9	u/Xeaqhua	fmj3r3h	C
2020-04-12 04:07:41.577894	u/MuchEfficiency1	fn5wdgb	u/ManyManyMoonsUggo	fn5t6w8	C
2020-04-12 04:07:59.162685	u/xArctics	fn5wdt8	u/mcneill170590	fn5uzk3	C
2020-04-12 04:08:33.281054	u/Mr_Erkki	fn5wezd	u/jimmy1248	fn5wdsf	C
2020-04-12 04:08:41.701384	u/noble7523	fn5wf5x	u/jimmy1248	fn5w7tg	C
2020-04-12 04:08:51.791245	u/PineapplePie8287	fn5wfja	u/Nitelaa	fn5vmm3	C
2020-04-12 04:08:55.204500	u/noble7523	fn5wfky	u/jimmy1248	fn5w5tv	C
2020-04-12 04:09:14.262731	u/Kaizoku32	fn5wg8z	u/ga-ia	fn5vlir	C
2020-04-12 04:09:47.901185	u/ShadowShot69420	fn5whpy	u/howthefuckcan	fn5shgk	C
2020-04-12 04:11:51.345793	u/Naokarma	fn5wkse	u/rance_kun	fn5pj2b	C
2020-04-12 04:13:19.838972	u/-YAMACK-	fn5wmbj	u/Om0r	fn5w8v3	C
2020-04-12 04:15:21.341959	u/AnOkFellow	fn5wnvv	u/DeMonstaMan	fmw2l5o	C
2020-04-12 04:16:04.376828	u/casper1324	fn5wonl	u/underage_wamen	fn5vcay	C
2020-04-12 04:16:35.407922	u/symmetry_breaking	fn5wp5y	u/flyingOR3Ofish	fn5vvgc	C
2020-04-12 04:16:45.027966	u/Chris_A_75	fn5wpbf	u/WizShrek	fn5w4kg	C
2020-04-12 04:17:23.427327	u/ZaWarodu96	fn5wq0z	u/Almost-Alice-	fn5wpi7	C
2020-04-12 04:17:33.682366	u/BizarreBoi05	fn5wq46	u/just-a-dude69	fn5vrsz	C
2020-04-12 04:17:52.516892	u/its_weece	fn5wqe7	u/toomuchtACKtical	fn5opj4	C
2020-04-12 04:18:00.569694	u/CriminalScum33	fn5wqgv	u/Xypher1337	fn5wmvk	C
2020-04-12 04:18:11.600285	u/FancyUserPerson	fn5wqsb	u/classypenquin002	fn5lke0	C
2020-04-12 04:19:25.208740	u/SalmonellaFish	fn5wsis	u/MexicanAmericDaniel	fn5u0th	C
2020-04-12 04:19:37.992453	u/lead-pencil	fn5wszi	u/bnjb2456890	fn5vd2l	C
2020-04-12 04:19:45.073811	u/thatguy_art	fn5wtct	u/azur933	fn5rczp	C
2020-04-12 04:21:08.893735	u/CreeperSpartan	fn5wvev	u/cocaisan_asian	fn3ewve	C
2020-04-12 04:21:38.801974	u/Athensmilan	fn5wvv6	u/zxhb	fn5wvbe	C
2020-04-12 04:21:42.258297	u/_beanstalk_	fn5wvz3	u/snowballicious	fn5wihf	C
2020-04-12 04:25:29.249512	u/PotatoeIsScarry	fn5x06j	u/Finnish_Crusader	fn5wi9k	C
2020-04-12 04:25:39.088610	u/Trollport	fn5x0c0	u/PepCos	fn5vlhe	C
2020-04-12 04:25:45.020370	u/bag-o-potat	fn5x0gq	u/Vohems	fn5sm03	C
2020-04-12 04:26:46.108848	u/i_just_want_cookies	fn5x1t6	u/jojo772	fn5wtam	C
2020-04-12 04:26:52.004300	u/Griffje91	fn5x1x8	u/BennyBoi6	fn5mang	C
2020-04-12 04:27:17.403481	u/AzariasA	fn5x2tr	u/bigbadbillyy	fn5uuly	C
2020-04-12 04:27:35.869815	u/AlexYuvvone	fn5x34i	u/yeeticus_deleticus_	fn5nxky	C
2020-04-12 04:28:11.592951	u/Rony51234	fn5x46j	u/brownieofsorrows	fn5wfyc	C
2020-04-12 04:28:28.072931	u/Rust-In-Pieces	fn5x4ls	u/Sevofthesands	fn5uuim	C
2020-04-12 04:28:48.172824	u/Hard_Choco1	fn5x4zs	u/SnivyKetchum	fn5t3t0	C
2020-04-12 04:28:58.321550	u/vadim_blin	fn5x57p	u/ghandi253	fmyf9lr	C
2020-04-12 04:29:52.789834	u/Javier_C2006	fn5y4za	u/StoneyGame	fn55x7a	C
2020-04-12 04:29:57.525671	u/zmonez	fn5y55g	u/Suesh43	fn51knm	C
2020-04-12 04:31:02.334904	u/GfishyG	fn5y6m0	u/Neat-Paleontologist	fn5y5bw	C
2020-04-12 04:31:23.257702	u/Uzi9millimetah	fn5y6qd	u/p24p1	fn5ijnh	C
2020-04-12 04:31:38.333729	u/Schijn_Filantroop	fn5y6wa	u/evy0311	fn5q4p1	C
2020-04-12 04:32:18.360550	u/weaintfancy42069	fn5y7ib	u/freddy69corn	fn5xzfr	C
2020-04-12 04:33:50.310272	u/Yaboicayden20051123	fn5y912	u/imabananafry	fn5xp61	C
2020-04-12 04:34:25.439894	u/konwilchu	fn5y9lf	u/Bruh__69_420_moment	fn5wk2f	C
2020-04-12 04:34:35.287007	u/Its-Ya-Girl-selena	fn5y9qe	u/5_Dicks_In_Me	fn5y8jc	C
2020-04-12 04:34:39.476931	u/OHejagsnhsvvshd	fn5y9u5	u/I-want-do-die	fn5y76v	C
2020-04-12 04:34:47.309432	u/eriktoro94	fn5y9xt	u/ILikeToBeAnnoying	fn5m4it	C
2020-04-12 04:35:23.568916	u/67678_202020	fn5yam3	u/AeonianAura	fn5h2m9	C
2020-04-12 04:35:40.268233	u/IAMCOOLSTEVE	fn5yb0j	u/freddy69corn	fn5xyk9	C
2020-04-12 04:35:51.027468	u/RisingGamerYT	fn5yb7v	u/dumbass126	fn5swgr	C
2020-04-12 04:36:07.439291	u/reallyrileyyy	fn5ybaq	u/SkiSiWow	fzrh91	S
2020-04-12 04:36:24.543849	u/JSW4869	fn5ybh7	u/SPOTlickPOP	fn5wuey	C
2020-04-12 04:36:30.209317	u/Mysterious-Concern	fn5ybig	u/just-a-dude69	fn5wr5d	C
2020-04-12 04:37:31.470035	u/ihromyouichi	fn5yclc	u/xXINeedANameXx	fn5tpn0	C
2020-04-12 04:38:03.530389	u/MrDuckyyy	fn5ydai	u/Velicheti119	fn5xde7	C
2020-04-12 04:39:25.631903	u/Hunterthergrandmelon	fn5yf1w	u/maximusprime1207	fn5xkjs	C
2020-04-12 04:39:36.146493	u/GaylordYeetster	fn5yfl1	u/Bruh__69_420_moment	fn5wk2f	C
2020-04-12 04:39:39.581395	u/MELcatL	fn5yfma	u/snowballicious	fn5xz9y	C
2020-04-12 04:39:56.406970	u/Relaxed_Simp	fn5ygoz	u/GfishyG	fn5y6m0	C
2020-04-12 04:42:14.759959	u/vaulthunter5246	fn5yis3	u/RJD-ghost	fn5ql8s	C
2020-04-12 04:42:17.982791	u/hellmourn	fn5yiul	u/bepisisgoodis	fmr1qjh	C
2020-04-12 04:42:27.729690	u/ZA_WARRDO	fn5yiwp	u/imfishdonteatme	fn5kok4	C
2020-04-12 04:42:31.015355	u/DerDrachey	fn5yix7	u/Ree69240	fn5y18j	C
2020-04-12 04:42:53.745196	u/delanlomex	fn5yjbk	u/Ree69240	fn5y18j	C
2020-04-12 04:44:09.272211	u/Azeaafizak	fn5yk5z	u/aintNOfunBNdumb	fn5ozcu	C
2020-04-12 04:45:04.331171	u/HitlerTesticlePorn	fn5yl3c	u/jan1000000	fn5qdey	C
2020-04-12 04:45:31.495407	u/Lighti01	fn5ylar	u/lowie_987	fn5yd5g	C
2020-04-12 04:46:03.973532	u/itsamemoos	fn5ylr7	u/onlinelink2	fn4g8rw	C
2020-04-12 04:47:12.153078	u/the_maxlamer_dunt	fn5ymro	u/Extreme_Ninja-69	fn5ye5p	C
2020-04-12 04:47:59.244694	u/bbigbootyjudyy	fn5ynkg	u/realsies11	fn5udnz	C
2020-04-12 04:48:39.399323	u/Andynoob_200	fn5yo6r	u/delanlomex	fn5yjbk	C
2020-04-12 04:49:03.382948	u/SlaverageAverage	fn5yofh	u/-YAMACK-	fn5wmbj	C
2020-04-12 04:49:56.678662	u/nuclear-shocker	fn5yq4n	u/John_02006	fn5w5gp	C
2020-04-12 04:50:00.300312	u/gibarra115	fn5yqfk	u/clone_ranger	fn5yk43	C
2020-04-12 04:50:07.250882	u/DaPheonix55	fn5yqpx	u/Foward_Aerial	fn5uh9m	C
2020-04-12 04:50:27.471926	u/StardustCrusaderboi	fn5yr0f	u/delanlomex	fn5ym7e	C
2020-04-12 04:51:11.410623	u/DanakAin	fn5yrg5	u/satt47	fn5v46v	C
2020-04-12 04:53:07.994480	u/DanakAin	fn5yss6	u/Zafk13l	fn5r91h	C
2020-04-12 04:53:43.000550	u/MichiMichu	fn5ythr	u/Eden_T17	fn5ypc6	C
2020-04-12 04:53:59.690377	u/DrownedOreagon48	fn5ytos	u/Mysterious-Concern	fn5ynpn	C
2020-04-12 04:55:00.953442	u/smiling_boi	fn5yuil	u/papaoni420	fn5sqt7	C
2020-04-12 04:55:12.935703	u/bobrossop	fn5yus0	u/doyouareidot	fn5yjn3	C
2020-04-12 04:56:25.266302	u/Your_local_christian	fn5yvja	u/_-Geo-_	fn5yuoh	C
2020-04-12 04:56:37.717191	u/justsomeonesgirl	fn5yvv8	u/MinisculeMax	fn5r6ig	C
2020-04-12 04:57:15.052947	u/UxolBoii	fn5ywhp	u/Brenblack	fn5p36b	C
2020-04-12 04:57:38.250154	u/erebod	fn5ywu1	u/BORORORI	fn5vimq	C
2020-04-12 04:58:06.934008	u/Your_local_christian	fn5yxei	u/_-Geo-_	fn5ywbj	C
2020-04-12 04:58:36.929162	u/minergarry	fn5yxva	u/Trollport	fn5v8k5	C
2020-04-12 04:58:54.527123	u/Bologneseboi	fn5yyfe	u/T3gr0	fn5yx5u	C
2020-04-12 04:59:12.065627	u/inanimatus_conjurus	fn5yyte	u/atehate	fn5rnf0	C
2020-04-12 04:59:24.003419	u/NoogetFooget	fn5yz0j	u/steelworker74	fn5yxfj	C
2020-04-12 04:59:28.066518	u/69lilboi69	fn5yz2i	u/ghandi253	fmyanwa	C
2020-04-12 04:59:56.111183	u/GronKy_18	fn5yzxo	u/doomturtle21	fn5yxmv	C
2020-04-12 04:59:57.540220	u/strollinpeg	fn5yzy6	u/CriticalMinion	fn5rqrg	C
