2020-03-28 20:00:06.400476	u/Ianleonard7	flsdb5m	u/Xploiter_RBLX	flsd9v8	C
2020-03-28 20:00:11.152073	u/Beachmaster24	flsdbd1	u/Midgetman13	flscdl9	C
2020-03-28 20:00:23.726910	u/cultureShocked5	flsdbzw	u/Wondervv	fls6h5a	C
2020-03-28 20:00:26.092315	u/Bravedog799	flsdc19	u/OrionUniv	fls50jo	C
2020-03-28 20:00:50.512474	u/TheFallen018	flsdcpl	u/RepostSleuthBot	fls4lrs	C
2020-03-28 20:01:00.394000	u/mudkip989	flsdd7c	u/LukeBlockwalker69	flsd9m2	C
2020-03-28 20:01:04.864303	u/Le_Swan	flsdddt	u/gabe_cruz98	fls3v6g	C
2020-03-28 20:01:07.193820	u/KattVenus	flsddj4	u/WatermelonSauce896	fls0oex	C
2020-03-28 20:01:23.142585	u/thatonedood78	flsdeg1	u/Yeetfrog69	flsbce0	C
2020-03-28 20:01:50.519644	u/pwnsta	flsdfpb	u/tamshmere	flsbt9w	C
2020-03-28 20:01:56.411503	u/theleftbookmark	flsdg4w	u/fualtyzane	flpmzzv	C
2020-03-28 20:02:49.386302	u/thatboytad	flsdj1q	u/unclerico589	flrgpr1	C
2020-03-28 20:02:59.664088	u/TekcarART	flsdjap	u/Danielplays0989123	flscil0	C
2020-03-28 20:03:12.359304	u/thelazyeditor101	flsdjy4	u/Xploiter_RBLX	flsaw47	C
2020-03-28 20:03:15.602433	u/epicmemeslawd	flsdk0m	u/Wesler32	flsaerz	C
2020-03-28 20:03:35.694118	u/BeautifulCouch	flsdkjz	u/Glitteringfairy	flqyab0	C
2020-03-28 20:03:52.464493	u/ThiccThighsAreLife-	flsdl9g	u/dubzmash	flrl62d	C
2020-03-28 20:04:22.999656	u/ChozenXNinja	flsdmgh	u/WiiSorcerer	fls3d5w	C
2020-03-28 20:04:25.063803	u/melllkorrr	flsdmi8	u/dubzmash	flrl62d	C
2020-03-28 20:05:01.068876	u/A_Mexican_IRL	flsdnpo	u/Longislandmike	fls9x4j	C
2020-03-28 20:05:17.398114	u/TheTaterTotBoi	flsdoe5	u/Noonehereatalll	flr9cdj	C
2020-03-28 20:05:28.344281	u/Zediguyo	flsdp2r	u/vaschenna	fls4bw0	C
2020-03-28 20:05:46.270194	u/TheUsualSuspects_	flsdq9q	u/IamNoatak	flsdh4a	C
2020-03-28 20:05:57.436089	u/franze98	flsdqth	u/dubzmash	flrl62d	C
2020-03-28 20:06:02.499229	u/meme-police-429	flsdqvk	u/jackcabral90	flsd82l	C
2020-03-28 20:06:10.156892	u/Thunderbull2112	flsdraj	u/DaBiz_017	fls94nt	C
2020-03-28 20:06:26.447785	u/The-RealElonMusk	flsdscw	u/qqqfuzion	flsdoc3	C
2020-03-28 20:06:51.162912	u/ghostkiller70849	flsdth7	u/Profi_Noob	flsdq84	C
2020-03-28 20:06:58.260716	u/PyroFoxYT	flsdtph	u/Emperor_O_Memes	flqtzm4	C
2020-03-28 20:07:00.970932	u/Means-of-production	flsdtug	u/I_Snort_Pixies	flqsgve	C
2020-03-28 20:07:03.851851	u/coolioguy416	flsdtz9	u/Sssstephanman44	flsdron	C
2020-03-28 20:07:14.514087	u/CockInhalingWizard	flsdu57	u/unclerico589	flrgpr1	C
2020-03-28 20:07:31.022694	u/SaladinoSaurus	flsdvjj	u/Di3redd3ad	fls5541	C
2020-03-28 20:07:55.820822	u/wiggleangryplatypus	flsdxfg	u/CallMeMatheist	flp6ak1	C
2020-03-28 20:07:57.541735	u/EngeniringWeeb	flsdxg5	u/Shadow_Lou	flsdeq8	C
2020-03-28 20:08:05.210181	u/white_genocidist	flsdxup	u/tanishvv	flrwy9v	C
2020-03-28 20:08:34.301764	u/Crispy_Magic	flsdzlm	u/GregTheRockStar	flqnzv9	C
2020-03-28 20:09:21.707788	u/my_knee_grows_fast	flse3bv	u/funtimes-123	flsdsfo	C
2020-03-28 20:09:28.533234	u/toybits213	flse3n2	u/vaschenna	fls4bw0	C
2020-03-28 20:09:29.613757	u/suitable-robot01	flse3nr	u/MetalMewtwo9001	fls2dvv	C
2020-03-28 20:09:45.226444	u/iNCharism	flse574	u/gutres13	flrw3hg	C
2020-03-28 20:09:52.848997	u/Gears_of_Noobs	flse5pl	u/fualtyzane	flse2az	C
2020-03-28 20:10:09.359909	u/GarfieldTruck	flse6qa	u/it_could_be_me_1027	flse4mz	C
2020-03-28 20:10:44.304503	u/thrymmagfy	flse823	u/Marrossii	flrvla4	C
2020-03-28 20:10:55.835739	u/FeckingFiddlesticks	flse8gd	u/PewDieDux	fls9s6p	C
2020-03-28 20:11:14.004803	u/Donttakemaname	flse926	u/tacticalxspoon	flscj7m	C
2020-03-28 20:11:16.396162	u/kiri1234jojo	flse928	u/packle-kackle	flrod45	C
2020-03-28 20:11:41.281499	u/-BubbaGumpShrimp-	flseaf5	u/Tiny_Try	flrstcl	C
2020-03-28 20:12:24.220312	u/valkerei	flsec36	u/Anarchocommunism	flsb2cz	C
2020-03-28 20:12:38.395840	u/READ-it_12	flsec9b	u/ghostkiller70849	flsdwy9	C
2020-03-28 20:12:57.695447	u/1eone1	flsed0d	u/XKwxtsX	flse8o4	C
2020-03-28 20:13:48.227479	u/Zzokker	flseg39	u/Just-another-PJOFan	flsbhzw	C
2020-03-28 20:13:50.349130	u/TheRealKingOmi	flseg4o	u/AlwinExploits	flsbluc	C
2020-03-28 20:14:37.433021	u/jungxssa	flseig3	u/Cracked_Eggg	flsehkq	C
2020-03-28 20:15:29.146567	u/Sovlisk	flselt6	u/vpetrychuk	flqpccy	C
2020-03-28 20:15:31.100999	u/nibber206	flselu1	u/RandomName_21	fls2gom	C
2020-03-28 20:15:45.691110	u/brickyboi19	flsemzq	u/AutoModerator	flmp0we	C
2020-03-28 20:16:33.204381	u/unxnown00	flsepcz	u/unclerico589	flrgpr1	C
2020-03-28 20:16:43.848909	u/jumbo445	flseqgq	u/Manzar534	flqk0d5	C
2020-03-28 20:17:00.559997	u/Sgt-Lincoln-Osiris	flserf7	u/Taro8123	flsef3h	C
2020-03-28 20:17:15.283537	u/MeeseIs2Moose	flsesi5	u/etinheimer	flsdg7x	C
2020-03-28 20:17:22.918202	u/RB-551	flset16	u/Xploiter_RBLX	flsd5k0	C
2020-03-28 20:17:30.730967	u/zoomalt33	flsetg8	u/Xploiter_RBLX	flseeau	C
2020-03-28 20:17:49.844288	u/ima_dude25	flseu04	u/MichaelWts13	flojn0v	C
2020-03-28 20:18:34.242274	u/small_benis	flsewpd	u/horsefly242	fls94cx	C
2020-03-28 20:18:35.759438	u/chefjdawg546	flsewps	u/RepostSleuthBot	flrf579	C
2020-03-28 20:18:40.616000	u/devvraut	flsex2q	u/Raven-_-	fls67hk	C
2020-03-28 20:19:00.141823	u/billyshakes27	flseycs	u/datguytho4321	flsdunc	C
2020-03-28 20:19:01.440690	u/z932074	flseydm	u/kazakimelody	flqoqmu	C
2020-03-28 20:19:04.527873	u/Brendy_Sinclair	flseyl3	u/Ololol69	flrjxo3	C
2020-03-28 20:19:13.916921	u/The508Goodwin	flsezmf	u/GravityFallsChicken	flr41l9	C
2020-03-28 20:19:17.116732	u/Kewlcid9000	flsezvk	u/ChewiestAbyss9	fqvtqs	S
2020-03-28 20:19:21.279932	u/My5thPersonality	flsf093	u/PM-me-your-tits-thot	fls9dqy	C
2020-03-28 20:19:30.986979	u/Yeeting-turtles	flsf11x	u/xXbulls3y3Xx	flse6wm	C
2020-03-28 20:19:42.491918	u/canyounotmaybe	flsf2jd	u/Wondervv	flsf0za	C
2020-03-28 20:19:46.505635	u/slimjim1973	flsf33z	u/Xploiter_RBLX	flselds	C
2020-03-28 20:19:53.672226	u/BigOldBich	flsf45h	u/racerfree	fls1xbr	C
2020-03-28 20:20:09.392799	u/Rookiemistakes325	flsf5sp	u/BORORORI	flschwd	C
2020-03-28 20:20:53.783074	u/Jr_AntiSex_League	flsf8fm	u/AlexJonesInDisguise	flsef1p	C
2020-03-28 20:20:56.093998	u/N3kr05666	flsf8hi	u/The_Texidian	flsewtu	C
2020-03-28 20:21:10.386177	u/Calm-Significance	flsf9is	u/aprenticeNut	flrw1s1	C
2020-03-28 20:21:30.045088	u/PiIsKindOfTasty	flsfaa6	u/WonderHollow	flqtq39	C
2020-03-28 20:21:49.133310	u/Sierra_was_here	flsfbdn	u/the_Hindri	flrme4v	C
2020-03-28 20:22:13.612609	u/BrodyidmeBoiii	flsfc83	u/Xploiter_RBLX	flsd8d6	C
2020-03-28 20:22:45.333268	u/Call_me_as_you_wish	flsfe3c	u/Xploiter_RBLX	fls7t34	C
2020-03-28 20:23:06.499547	u/Letidyr_111	flsff0m	u/7u4ucr	flqkiyu	C
2020-03-28 20:23:12.739090	u/Ben_Loop00	flsff62	u/iigotsomething	flsf9wa	C
2020-03-28 20:23:19.349483	u/kid-whyvern	flsffev	u/che_wee	flsfecj	C
2020-03-28 20:23:45.335742	u/Satyral	flsfh9b	u/iqbalides	flsc7c1	C
2020-03-28 20:24:06.419282	u/Rapid-23	flsfimu	u/BORORORI	flschwd	C
2020-03-28 20:24:33.642572	u/HowdyMotherTrucker	flsfjw8	u/dovedevic	fl4ehep	C
2020-03-28 20:24:35.763115	u/derpydoge69420	flsfjwd	u/imfectedbyseptic	fls5epo	C
2020-03-28 20:24:44.716911	u/LittleMaker0	flsfk7q	u/Dukememes6047	flscgqp	C
2020-03-28 20:24:58.122450	u/Toothfairyagnostic	flsfkud	u/skydooosh	flsdu8y	C
2020-03-28 20:25:06.504282	u/alii-b	flsfl64	u/terpcloudsurfer	flrnhyd	C
2020-03-28 20:25:17.985425	u/Succ_me_dad	flsfleo	u/Kirbyclaimspoyo	fls0bp0	C
2020-03-28 20:25:45.544117	u/ImStalkingYou420	flsfn6c	u/Tiny_Try	flrxlit	C
2020-03-28 20:25:56.774872	u/Gr8_4games	flsfnim	u/tanishvv	fqpf9w	S
2020-03-28 20:26:15.397731	u/namingisdifficult5	flsfoun	u/ultralightdick	fls47fo	C
2020-03-28 20:26:21.415450	u/isaac-the-potato	flsfozn	u/WaterWolf107	flsdgeb	C
2020-03-28 20:26:43.403153	u/Budderdino21	flsfqgz	u/FeckingFiddlesticks	flsfcoj	C
2020-03-28 20:26:53.207981	u/ShadowDem0n	flsfqtd	u/AutoModerator	flomwsb	C
2020-03-28 20:27:01.247475	u/ALeaf_OnThe_Wind	flsfr5l	u/ProphecyRat2	fls52eb	C
2020-03-28 20:27:04.644208	u/plagueratsasha	flsfr9p	u/bulydog	flrttk1	C
2020-03-28 20:27:10.287373	u/BogieFlare	flsfrqx	u/dethmstr	flrp4ci	C
2020-03-28 20:27:19.595958	u/Emjay_0	flsfs54	u/Memunism4Life	flseru2	C
2020-03-28 20:27:34.346292	u/whoatherebuddychill	flsft0a	u/you_fucking_donkey13	flrrh88	C
2020-03-28 20:28:32.140068	u/GoodNamesBeTaken	flsfwis	u/epicmemeslawd	flsdk0m	C
2020-03-28 20:28:38.807232	u/bluepacman1	flsfwql	u/Xploiter_RBLX	flsb2r1	C
2020-03-28 20:28:41.008994	u/LEGOJUICY-REDDIT	flsfws5	u/leaderofthevirgins	fls9xlw	C
2020-03-28 20:28:52.680329	u/yeetskeetoof	flsfxjj	u/Thunderbolt5827	flscd5p	C
2020-03-28 20:29:09.307401	u/Agileassassin213	flsfymu	u/wecado	fls9tgh	C
2020-03-28 20:29:34.925752	u/Use_R_Name_92	flsg1jx	u/Xploiter_RBLX	flsfv8e	C
2020-03-28 20:29:49.968123	u/IIIlllIIIlllIIIEH	flsg2pw	u/Beanster9886	flsaud6	C
2020-03-28 20:29:57.204077	u/FiliperCzech	flsg3nl	u/DoubleKing13	flseyhy	C
2020-03-28 20:29:59.389001	u/R36UL4R	flsg40j	u/internally-screanimg	flsa8hq	C
2020-03-28 20:30:42.787845	u/TheSledgehog	flsg63s	u/RepostSleuthBot	fls99f2	C
2020-03-28 20:30:57.161257	u/IDKMyNamePleaseHelp	flsg6td	u/Budderdino21	flsfqgz	C
2020-03-28 20:31:12.272315	u/rogrand	flsg70w	u/Emperor_O_Memes	fls3tyb	C
2020-03-28 20:31:28.971132	u/deepzyxt	flsg7qj	u/fualtyzane	flrx8af	C
2020-03-28 20:31:31.336192	u/A_yellow_oranje	flsg7ri	u/RepostSleuthBot	flsg6fx	C
2020-03-28 20:31:37.573974	u/unauthorisedCat	flsg7us	u/devvraut	flsfl9s	C
2020-03-28 20:32:00.624981	u/TitoTheGoat69	flsg9aq	u/Tru_Drone_Videos	flsfl7g	C
2020-03-28 20:32:04.086889	u/5amuel_2an	flsg9io	u/suitable-robot01	flse3nr	C
2020-03-28 20:32:15.489833	u/cheese-scrumps	flsga21	u/OMGABACON	fls7bnk	C
2020-03-28 20:32:17.700165	u/RUsum1	flsga30	u/furrysalesman69	flsexbw	C
2020-03-28 20:32:19.912878	u/MuyFek	flsga6k	u/ianthegreat6	fls3ghw	C
2020-03-28 20:32:31.065326	u/Yoshi1272	flsgap1	u/My5thPersonality	flsf093	C
2020-03-28 20:32:48.190434	u/Pineato	flsgb7p	u/UUYTK	fls3ppq	C
2020-03-28 20:33:01.477942	u/MrMandy07	flsgc35	u/masterj2378	flbina9	C
2020-03-28 20:33:03.697210	u/LordToutchme	flsgc3r	u/TitoTheGoat69	flsgaz2	C
2020-03-28 20:33:18.775587	u/stressthem	flsgcps	u/theoldgreenwalrus	flr9vry	C
2020-03-28 20:33:40.752356	u/Dek112801	flsgdrk	u/Vesko_28	flr1u1m	C
2020-03-28 20:33:45.699688	u/xUSAMERICAx	flsgdtb	u/BOSS_Master7000	flrv4jj	C
2020-03-28 20:34:10.613946	u/YourLocalTacoDealer	flsgeu9	u/lincolnahidge	flsfgqp	C
2020-03-28 20:34:16.199741	u/Bored_lurker87	flsgf5e	u/SeaSmokie	flsdktm	C
2020-03-28 20:34:53.796965	u/LuigiGames001	flsgg5l	u/suhdm	fls3043	C
2020-03-28 20:35:07.717962	u/p1atte	flsggk6	u/LindKoxha	flrv2a0	C
2020-03-28 20:35:12.420044	u/SniperViper12	flsggrd	u/BlakkoeNakker	flsgfqp	C
2020-03-28 20:35:53.916815	u/papisimon69	flsgiqb	u/MAPX0	flrdbs5	C
2020-03-28 20:35:57.988511	u/MEGACHIGGA	flsgitd	u/Tech-Support-420	flrzqi2	C
2020-03-28 20:36:06.934422	u/webs4memes	flsgj4w	u/Liam-hates-violas	flsghsn	C
2020-03-28 20:36:22.312013	u/chineseasianguy	flsgjqq	u/Xploiter_RBLX	flsgca4	C
2020-03-28 20:36:32.775228	u/JD_629	flsgk82	u/ImStalkingYou420	flsgczt	C
2020-03-28 20:37:01.696165	u/Oddielover	flsgljt	u/AcelJean	flseo96	C
2020-03-28 20:37:08.692584	u/xd_StikK	flsglqw	u/chuggyoftheussr	flsejs9	C
2020-03-28 20:37:57.176082	u/CrystalToast74	flsgo2k	u/NoPostsHowMuchKarma	flrgvo4	C
2020-03-28 20:38:05.123224	u/mention	flsgoct	u/Budderdino21	flsfqgz	C
2020-03-28 20:38:52.471422	u/Bungus7	flsgqja	u/danishvz	fls1mgw	C
2020-03-28 20:38:56.607815	u/GIMMEthe-Beans	flsgqzk	u/ThiccThighsAreLife-	flsdl9g	C
2020-03-28 20:39:14.409932	u/ooferkid333	flsgscl	u/NorthernPunk	flsf5za	C
2020-03-28 20:39:15.714338	u/Mufassa116	flsgsdl	u/Noah_Salk	flqcoa0	C
2020-03-28 20:39:27.300824	u/lazyrabbit94	flsgtm5	u/BlakkoeNakker	flsghwr	C
2020-03-28 20:39:47.072356	u/WiteMann	flsguok	u/cameron699696	flsgc2h	C
2020-03-28 20:39:49.983628	u/RedPanda1834	flsguwj	u/Spaghetti-and-Teddy	flsghvv	C
2020-03-28 20:40:43.181500	u/ToxZec	flsgy94	u/Masinary	flsgcab	C
2020-03-28 20:40:58.266034	u/The-Happy-German	flsgz1n	u/Deemo_101	flrw1xi	C
2020-03-28 20:41:02.991975	u/vonson85	flsgzdh	u/Xploiter_RBLX	flsd971	C
2020-03-28 20:41:27.959773	u/WarToboggan	flsh01p	u/ZakTSK	flr0nzi	C
2020-03-28 20:41:30.254489	u/Regiblockcrafter	flsh02r	u/Wondervv	flsfkff	C
2020-03-28 20:41:46.606730	u/Darius_Kel	flsh11l	u/SpecialOneOnReddit	fls6xt5	C
2020-03-28 20:41:52.369229	u/MYNAMEISINCAPS	flsh1az	u/vaschenna	fls4bw0	C
2020-03-28 20:42:08.614934	u/Lobby11095	flsh26w	u/coolboi6942069	flrkkai	C
2020-03-28 20:42:28.531536	u/DragonSkyMusic	flsh3im	u/Diamantazul	flri605	C
2020-03-28 20:42:37.988676	u/Thot_in_a_pot	flsh3sw	u/Xerilion	flsc9lo	C
2020-03-28 20:43:08.856751	u/dozingbuilder42069	flsh565	u/MemeSpeed	flrxm4e	C
2020-03-28 20:43:13.367596	u/hittingpoppers	flsh5du	u/yeetskeetoof	flsfxjj	C
2020-03-28 20:43:20.080493	u/ilostmymind_	flsh5u1	u/Mega_Mans_Pet_Cat	flsgq9z	C
2020-03-28 20:43:40.358472	u/Rayner_Kallor	flsh6j2	u/Alanger_newgame	flsdy9n	C
2020-03-28 20:43:43.693009	u/xitman327	flsh6m9	u/Respect_Paying_Bot	flsbzde	C
2020-03-28 20:43:48.055281	u/IntrovertedAsianBOI	flsh6ro	u/Xploiter_RBLX	flsd7tk	C
2020-03-28 20:43:50.190357	u/monkwindu	flsh6zd	u/Waffle_Balled	flsb7sx	C
2020-03-28 20:43:52.283308	u/GioNoce	flsh70q	u/darkgiIls	flryama	C
2020-03-28 20:44:08.561627	u/Commandtechno	flsh7f5	u/leadwaffle	flsh2lj	C
2020-03-28 20:44:11.664208	u/Quiskall	flsh7lj	u/Noah_Salk	flrnjce	C
2020-03-28 20:44:13.705032	u/wholeWheatButterfly	flsh7o4	u/Satyral	flsfh9b	C
2020-03-28 20:45:33.799886	u/jssjonez	flshbb9	u/Jay_Is_Not_Here	flsf6on	C
2020-03-28 20:45:40.954962	u/StatBonus_YT	flshbqr	u/NotSoPhun	flpwd8y	C
2020-03-28 20:45:51.778192	u/OldieButNotMoldy	flshcrw	u/Xtrendence	flsgj2x	C
2020-03-28 20:45:53.680724	u/godhatesjosh8	flshcs3	u/YourLocalTacoDealer	flsgeu9	C
2020-03-28 20:46:00.875404	u/AccidentCarrot	flshd1w	u/Budderdino21	flsgosj	C
2020-03-28 20:46:05.794268	u/Houarat_M	flshd8o	u/LuigiGames001	flsgg5l	C
2020-03-28 20:46:07.758823	u/TheScr3tch	flshd9y	u/Tzar-Sand-Hanitizer	flsh3xv	C
2020-03-28 20:46:13.909826	u/opsydez	flshdre	u/KungFuDabu	flpa6bi	C
2020-03-28 20:46:51.937431	u/McDonaldsnapkin	flshfn1	u/MynTYleef	flsggxm	C
2020-03-28 20:47:18.053526	u/tool1964	flshgzx	u/ggdabs	fqup44	S
2020-03-28 20:47:19.851043	u/Lord_no_name	flshh0o	u/Smalsberrie	flshd6r	C
2020-03-28 20:47:40.955231	u/KarpMarks	flshika	u/BITE-ZA-WARUDO	fc6h4ar	C
2020-03-28 20:47:56.915185	u/rolling_slipper	flshjo3	u/KaikySouza	flsgwb7	C
2020-03-28 20:48:04.669639	u/Ovepove	flshk3g	u/TheRoguePianist	flr2isc	C
2020-03-28 20:48:07.044646	u/JesusWasaDonger	flshk7g	u/Vimri	flshb67	C
2020-03-28 20:48:17.907876	u/JumpyMaxCat	flshl1t	u/Hi4321Hi1234	flsfcfg	C
2020-03-28 20:49:07.391001	u/Hankee_	flshpjo	u/Tyran_Cometh	fqk749	S
2020-03-28 20:49:14.957389	u/UrDreamDaddy	flshq05	u/SunshineF32	flsf00y	C
2020-03-28 20:49:16.801438	u/Lockifirer	flshq7h	u/fualtyzane	flrwhe8	C
2020-03-28 20:49:37.388555	u/mr-guywhoexists	flshsi4	u/Tru_Drone_Videos	flshoe5	C
2020-03-28 20:49:46.533519	u/Skantyy	flshsz6	u/dat-boi-he-he	fls851m	C
2020-03-28 20:49:48.914464	u/RandomPerson543345	flsht9f	u/INeedAUsernamePlspls	flshe41	C
2020-03-28 20:49:56.862847	u/Chris-Peacock-Jr	flshv0e	u/PewDieDux	fls9s6p	C
2020-03-28 20:50:01.545128	u/3p1c-64m3r	flshvsu	u/JesusWasaDonger	flshsc8	C
2020-03-28 20:50:12.132082	u/DankSlovenian	flshwio	u/Xploiter_RBLX	flsg26n	C
2020-03-28 20:50:14.571039	u/Brapthlemagne	flshwjj	u/RareBareBear	flsed6g	C
2020-03-28 20:50:26.410710	u/Justinobee	flshx6d	u/bulletproofwaffles_	flshn5i	C
2020-03-28 20:50:32.247906	u/dubrea	flshxg8	u/fualtyzane	flryszd	C
2020-03-28 20:50:45.517971	u/Rami-Slicer	flshy2x	u/zoomalt33	flsetg8	C
2020-03-28 20:50:56.079253	u/SaD_FredBear	flshyx3	u/bulletproofwaffles_	flsh09l	C
2020-03-28 20:51:00.716016	u/plingploong	flshz1i	u/GriM749	flsgoe4	C
2020-03-28 20:51:17.363438	u/YenOlass	flshzp3	u/Jermainejgenas	flshovu	C
2020-03-28 20:51:24.197943	u/Mconefrey2021	flsi04e	u/HumesBastardSon	flsb2rf	C
2020-03-28 20:51:26.532046	u/Koozzie	flsi07u	u/sadboiongekyume	flsfl8e	C
2020-03-28 20:51:33.831662	u/SometimesUsesReddit	flsi0kt	u/Deemo_101	flrw1xi	C
2020-03-28 20:51:48.399320	u/Beautiful-Text	flsi1ej	u/TomTheCat64	flsa0d2	C
2020-03-28 20:52:36.675048	u/ItzFoxboy	flsi4bm	u/mil_boi42	fls2fo7	C
2020-03-28 20:52:47.653054	u/iWantToExtinctMyself	flsi4jn	u/RepostSleuthBot	fls5yqc	C
2020-03-28 20:52:52.025082	u/mr_waff135	flsi4qb	u/Shrekisdummythik	flseudb	C
2020-03-28 20:53:46.582925	u/Puck-Yu	flsi6rx	u/Deemo_101	fls5wxo	C
2020-03-28 20:53:54.464656	u/inGrain	flsi729	u/yeetskeetoof	flsfxjj	C
2020-03-28 20:54:32.714308	u/manteigo_	flsi8v1	u/Commandtechno	flsi4qg	C
2020-03-28 20:54:43.543089	u/Jonyu2048	flsi9jw	u/Major_Debacle	flshwtv	C
2020-03-28 20:54:50.093595	u/idiot360	flsi9n1	u/fishyphoenix25	flsagz9	C
2020-03-28 20:54:57.453516	u/TwinSable	flsi9tb	u/Dogonce	fls94l1	C
2020-03-28 20:54:59.527018	u/GayOysterOnStereoids	flsi9u6	u/Pandaa210	fls5w60	C
2020-03-28 20:55:02.579667	u/Miguecas	flsia1c	u/Samoosis	flsce98	C
2020-03-28 20:55:31.455251	u/Danke_Freund	flsibo9	u/HumesBastardSon	fls95wr	C
2020-03-28 20:55:37.353766	u/Poorkds	flsic39	u/RandomName_21	fls3iav	C
2020-03-28 20:55:58.498346	u/u_nerd	flsicz5	u/GoodNamesBeTaken	flsfwis	C
2020-03-28 20:56:06.209047	u/Nazail	flsidow	u/Xploiter_RBLX	flsgjjs	C
2020-03-28 20:56:09.069067	u/-Hakozak-	flsidt9	u/I-FAP-TO-SNOO	flruq9i	C
2020-03-28 20:56:16.287750	u/Jokie-Cookie	flsidu4	u/PewDieDux	fls9s6p	C
2020-03-28 20:56:22.189231	u/LankySandwich	flsie17	u/tippybunny	flqtmto	C
2020-03-28 20:56:32.188095	u/dabestnerd	flsieg9	u/RUsum1	flsgphd	C
2020-03-28 20:56:42.943595	u/DarkKTP	flsif2p	u/sociallyanxiouscow	flrptf3	C
2020-03-28 20:56:51.841577	u/one_edi	flsig4f	u/fualtyzane	flpiesc	C
2020-03-28 20:56:53.616381	u/987654321234567	flsig9c	u/GameIsMyName12	flr3ftr	C
2020-03-28 20:57:04.938220	u/Monji_Star	flsihai	u/xitman327	flsh6m9	C
2020-03-28 20:58:08.948252	u/SuckOnThisBible	flsikol	u/Bumper2004	flryklf	C
2020-03-28 20:58:47.184416	u/The_Nuclear_Biscuit	flsince	u/Mega_Mans_Pet_Cat	flsiehw	C
2020-03-28 20:59:02.418301	u/Shagurope	flsio4v	u/Xploiter_RBLX	flsd66s	C
2020-03-28 20:59:04.975755	u/albyc1nu1	flsiocw	u/Draggador	flr5awa	C
2020-03-28 20:59:07.455720	u/leanan_23	flsiofd	u/jelly_ni-	flsh1ll	C
2020-03-28 20:59:10.309615	u/Abyvs	flsiojd	u/RepostSleuthBot	flrzkio	C
2020-03-28 20:59:12.316839	u/dinis553	flsiopg	u/Toothfairyagnostic	flsfkud	C
2020-03-28 20:59:18.616919	u/memequeer	flsipdh	u/soviet_shrek123	flsbjy3	C
2020-03-28 20:59:53.772494	u/CosmoDragon2309	flsitlk	u/Patrick_Bot2	flsij9z	C
2020-03-28 20:59:59.262092	u/PinkiTea	flsittc	u/username__taken06	flrrnxb	C
