2020-04-05 00:11:08.207732	u/lonely_void	fmgw4hn	u/Rusty-exe	fmfyx12	C
2020-04-05 00:11:37.124002	u/gimmie_123	fmgw4kz	u/dab-fam	fmgw2rc	C
2020-04-05 00:12:06.050036	u/WasteOfOxygen1234	fmgw4of	u/Extreme_Ninja-69	fmgw10u	C
2020-04-05 00:15:30.052179	u/CallMeleBean	fmgw5kh	u/SCP096TheShyGuyLOLZ	fmguhp4	C
2020-04-05 00:17:55.863507	u/Darebear420	fmgw6aq	u/Raketeman	fmgr2m1	C
2020-04-05 00:18:51.413829	u/samurott66	fmgw6gj	u/Irrational-Charisma	fmgw1u5	C
2020-04-05 00:22:01.316812	u/action_jakeson	fmgw7vz	u/Offamylawn	fmgvr7d	C
2020-04-05 00:22:20.752861	u/TopHardware	fmgw7w9	u/Fan_With_A_Pan	fmgu9mm	C
2020-04-05 00:22:48.963533	u/MEANDMYTHOTS	fmgw800	u/Cakemakesyoufat	fmgvz7c	C
2020-04-05 00:23:32.213223	u/lepaperoftoilet	fmgw89z	u/Jmoney1932	fmgsloh	C
2020-04-05 00:25:46.463438	u/udreese	fmgw8s4	u/Nerdtendo64	fmgqvze	C
2020-04-05 00:31:45.294250	u/AuthenticNachos	fmgxqeb	u/Justsk8n	fmgxmlz	C
2020-04-05 00:35:43.570107	u/ChaoticDarkness4711	fmgxrpv	u/SevenAcesGaming	fmgxpx8	C
2020-04-05 00:36:30.886856	u/Twig_Guy	fmgxrxs	u/V1oDLEss	fmgxg98	C
2020-04-05 00:40:22.274374	u/radeagle24	fmgxu40	u/TheSweatyFlash	fmgxo4z	C
2020-04-05 00:41:03.492668	u/TheQuillmaster	fmgxu6k	u/Dudegamer010901	fmg23bv	C
2020-04-05 00:42:30.333393	u/daltonator_360	fmgxurj	u/DispleasedSteve	fmgppfb	C
2020-04-05 00:47:21.617171	u/DinoDT	fmgxvrb	u/TheToxicLogic	fmgias2	C
2020-04-05 00:47:45.505948	u/TheLocust1	fmgxvuq	u/TruthSeekingEye	fmgincf	C
2020-04-05 00:55:04.463458	u/azurianlight	fmgxys4	u/Legion_707	fmfu55v	C
2020-04-05 00:55:29.096240	u/themilkyone	fmgxyx3	u/Penny000000	fmgjlr9	C
2020-04-05 00:55:47.430583	u/ScaleLizard100	fmgxyy7	u/EZClapz4Dayz	fmgqy2r	C
2020-04-05 00:56:06.863875	u/decoy602	fmgxyys	u/uSrNm-ALrEAdy-TaKeN	fmgsk5i	C
2020-04-05 00:57:29.936752	u/anonymousesed	fmgxzdk	u/RepostSleuthBot	fmgv6sc	C
2020-04-05 00:58:10.890962	u/Rh0gar	fmgxziv	u/manicottiiskindaneat	fv0fq0	S
