2020-03-22 12:00:06.338256	u/MKminerHacks	fl72pn7	u/PokeDuckYa77	fl6vcwm	C
2020-03-22 12:00:10.087357	u/Mr_Nitpick	fl72ptd	u/SacrificeXIV	fl6lyhz	C
2020-03-22 12:00:40.330336	u/HunchReddits	fl72r21	u/Daniel12395	fl6zip8	C
2020-03-22 12:01:24.796812	u/xXBeandXx	fl72s1e	u/AutoModerator	fl6cwtd	C
2020-03-22 12:01:41.773367	u/ToasterBath72	fl72snq	u/Potatotheooflord	fl5ewkn	C
2020-03-22 12:02:05.540702	u/Matix777	fl72t01	u/3L3M3NT4LP4ND4	fl6ihsq	C
2020-03-22 12:02:30.428784	u/Cman1551	fl72twr	u/DonutOlympian	fl6i66s	C
2020-03-22 12:02:38.912081	u/catchvibhu	fl72u88	u/ShigarakiTomura666	fl6b7mk	C
2020-03-22 12:02:50.740346	u/ProudToBeAnonymous	fl72umj	u/Zafk13l	fl6kigm	C
2020-03-22 12:03:04.634577	u/_depressedpotato_	fl72uxv	u/Wheel31	fl5790b	C
2020-03-22 12:03:22.337313	u/unefilleperdue	fl72vlf	u/GalaxyGamer57747	fl6zuoj	C
2020-03-22 12:03:27.606940	u/ReticObsession	fl72vqb	u/The_Digital_Friend	fl6j1rg	C
2020-03-22 12:03:42.414306	u/enslaved-moisture123	fl72w8u	u/MrBadger8	fl6vulp	C
2020-03-22 12:03:44.460083	u/a_fine_gentleman99	fl72wb6	u/iProbablyHadWork	fl6op2v	C
2020-03-22 12:03:51.502823	u/TheRealKeyLimee	fl72wf2	u/namelastname5000	fl6urse	C
2020-03-22 12:03:55.544458	u/kumquat_dreams	fl72whw	u/Gubq	fl5lg0s	C
2020-03-22 12:04:01.747007	u/Bounize	fl72wrb	u/KhantHtet2006	fl6sxsm	C
2020-03-22 12:04:18.046823	u/YONVNVDA	fl72xhq	u/iiCheatr	fl6wju3	C
2020-03-22 12:04:20.066616	u/bromiment-24	fl72xke	u/LaZaRbEaMe	fl72c81	C
2020-03-22 12:05:19.572925	u/Huubst3rr	fl72yzx	u/Mr_Rebeller	fl6pykv	C
2020-03-22 12:05:25.314976	u/brookie_et	fl72z3v	u/madame_lunatic	fl703ed	C
2020-03-22 12:05:27.166331	u/TankoBOB	fl72z4h	u/good_boi_bot	fl72xfo	C
2020-03-22 12:05:29.059061	u/JoeBurger14	fl72z79	u/MazieWolf	fl69h1b	C
2020-03-22 12:05:34.091452	u/Grzechoooo	fl72zdg	u/Daniel12395	fl6zbc1	C
2020-03-22 12:05:37.914239	u/BitterPearls	fl72zgo	u/fazeslash937	fl6usvz	C
2020-03-22 12:05:42.167046	u/DeltarUltima	fl72zpb	u/peepeepoopoofanok	fl6lwpx	C
2020-03-22 12:06:14.747389	u/Exxzzos	fl72zuz	u/greatking6009	fl6ssvh	C
2020-03-22 12:06:16.676209	u/Samoman21	fl72zvq	u/iwouldsuckNyanCat	fl6xxj2	C
2020-03-22 12:06:52.229157	u/TheRapistsFor800	fl7311d	u/LaZaRbEaMe	fl72c81	C
2020-03-22 12:07:05.472144	u/HavLodsOvFuun	fl731ho	u/LaZaRbEaMe	fl72c81	C
2020-03-22 12:07:20.342108	u/Franconis	fl731ug	u/sh_t72	fl6ikz0	C
2020-03-22 12:07:35.307983	u/punkassbij	fl7328s	u/secondtoasterintub	fl5psh4	C
2020-03-22 12:07:37.369714	u/yzhdh	fl732dq	u/IAmInside	fl72fyx	C
2020-03-22 12:07:50.862616	u/AverageTierGoof	fl732j9	u/Mr_Rebeller	fl6pykv	C
2020-03-22 12:08:35.839620	u/frogjagr1235	fl733qk	u/it-be-like-that-alot	fl6mmrk	C
2020-03-22 12:09:13.956342	u/epicface276	fl734ri	u/AutoModerator	fl6cwtd	C
2020-03-22 12:09:53.882899	u/Shiningleopard27	fl735jm	u/Http-Chief	fl5o6nk	C
2020-03-22 12:10:09.762076	u/CommanderShep10	fl735s2	u/pjhenry1216	fl71zze	C
2020-03-22 12:10:23.409565	u/DPurple7	fl7362r	u/1dEpREsSEdGAmEr	fl6z6n8	C
2020-03-22 12:11:13.484797	u/TripDaFiend	fl7373k	u/idkddd	fl6uh36	C
2020-03-22 12:11:29.090754	u/wsupmanibba	fl737g6	u/RepostSleuthBot	fl6mum3	C
2020-03-22 12:11:53.778440	u/SeriousAudience	fl737w1	u/Xploiter_RBLX	fl72sac	C
2020-03-22 12:11:56.069499	u/h8monster0	fl737w4	u/iwouldsuckNyanCat	fl6xxj2	C
2020-03-22 12:11:59.775876	u/Mango_Crepe	fl737xr	u/3L3M3NT4LP4ND4	fl6ihsq	C
2020-03-22 12:12:28.994290	u/jan1000000	fl738mf	u/Xploiter_RBLX	fl72wjl	C
2020-03-22 12:12:31.246711	u/IamJames77	fl738qt	u/RepostSleuthBot	fl6y16o	C
2020-03-22 12:12:52.006381	u/icefire555	fl7396q	u/HaruTheSweetOne	fl6ss3m	C
2020-03-22 12:13:04.480913	u/S1mply-	fl739ld	u/G-Rod_V2	fl6xfea	C
2020-03-22 12:13:13.013599	u/SchrammbledEggs722	fl739ph	u/George-Wetton02	fl6ln0t	C
2020-03-22 12:13:52.576712	u/Willow-wolliW	fl73avc	u/Kind-Pop	fl3zlqu	C
2020-03-22 12:14:03.519206	u/Revolutionary-Survey	fl73azq	u/MySwordingThrowbacks	fl6pvob	C
2020-03-22 12:14:42.475526	u/Larry507	fl73bhv	u/paul_497	fl71p6v	C
2020-03-22 12:14:51.219352	u/Juanfyfox	fl73bmw	u/BahamanLlama	fl6s4cl	C
2020-03-22 12:14:54.331225	u/fuckedend	fl73buq	u/TentacleEmpress	fl6snb4	C
2020-03-22 12:14:58.372065	u/LuckyDiAmond1234	fl73bxz	u/goldiamond08	fl72t0p	C
2020-03-22 12:15:13.765229	u/HungrySt4r	fl73cb1	u/Http-Chief	fl5slvk	C
2020-03-22 12:15:34.134761	u/Rapt0r_alfa	fl73cql	u/redpilot107	fl6vbam	C
2020-03-22 12:15:39.479032	u/Necessary-Effect	fl73d7q	u/IAmNotABotFromRussia	fl735bb	C
2020-03-22 12:16:42.902070	u/potatoturtle56	fl73ewe	u/Rivinis	fl6uzn0	C
2020-03-22 12:16:53.629556	u/Furiouskiller2k19	fl73f9z	u/Tenerensis	fl6vtns	C
2020-03-22 12:16:59.989576	u/scootasideboys	fl73ffw	u/Sleepy1ntrovert	fl6loea	C
2020-03-22 12:17:02.444809	u/FlyingPotato27	fl73fks	u/DragoniteSquad	fl706yo	C
2020-03-22 12:17:05.151590	u/BlindToothpick	fl73fmm	u/Reddinator64	fl73a83	C
2020-03-22 12:17:13.755396	u/reddit_hayden	fl73fvw	u/MineBlox2007	fl6vucr	C
2020-03-22 12:17:21.505262	u/ilikepie05	fl73g63	u/britkneefishee	fl6wej3	C
2020-03-22 12:17:25.026353	u/DiornoBonevanna	fl73gae	u/Mr_Rebeller	fl6pykv	C
2020-03-22 12:17:26.414026	u/mrboat-man	fl73gca	u/reddit_hayden	fl73fcd	C
2020-03-22 12:17:27.845055	u/someoneveryblue	fl73gc7	u/SlimyHands22	fl6ww89	C
2020-03-22 12:17:51.618598	u/saimondelgymnas	fl73h1j	u/_abood10	fl71up6	C
2020-03-22 12:17:58.139082	u/Not_slim_but_shady	fl73h7w	u/weebUwU1	fl6jij2	C
2020-03-22 12:18:03.390626	u/RedstoneTech32	fl73hds	u/epm27	fl724np	C
2020-03-22 12:18:16.293307	u/FarazMohsin	fl73huo	u/SniperRuufle	fl6up7p	C
2020-03-22 12:18:27.769944	u/SackOfPotatoes12	fl73igr	u/pissybaby69	fl71fpz	C
2020-03-22 12:18:31.078744	u/Rekitebai	fl73ili	u/inline_citations	fl6mb7l	C
2020-03-22 12:18:32.177384	u/MattyNice00910	fl73imu	u/AutoModerator	fl73dc6	C
2020-03-22 12:19:09.734456	u/TheBigBoi5	fl73jlu	u/RepostSleuthBot	fl6hm3q	C
2020-03-22 12:19:10.618728	u/hippity-dippity	fl73jmp	u/wigglycheeses	fl6mxv9	C
2020-03-22 12:19:18.132442	u/mikeytwocakes	fl73jp6	u/Daniel12395	fl6v3tz	C
2020-03-22 12:19:18.961048	u/Thedrunkenmastertyle	fl73jr1	u/DonutOlympian	fl6i66s	C
2020-03-22 12:19:19.715721	u/AwokenMemeLegend	fl73js1	u/RepostSleuthBot	fl734jh	C
2020-03-22 12:19:22.806523	u/dustooM70	fl73jw5	u/namehasbeentaken2	fl6cgf8	C
2020-03-22 12:19:24.129381	u/CCatalinDan	fl73k2w	u/AnInsaneMoose	fl6jco1	C
2020-03-22 12:19:25.190907	u/ThatHeccinSun	fl73k30	u/Eksushaa	fmz1el	S
2020-03-22 12:19:27.500307	u/Mason-the-Illithid	fl73k60	u/Bitlord7	fl6gqyk	C
2020-03-22 12:19:28.375724	u/00-H	fl73k76	u/AnInsaneMoose	fl6jco1	C
2020-03-22 12:19:46.807384	u/PrayingSlays	fl73ksf	u/Exxzzos	fl72zuz	C
2020-03-22 12:20:31.560740	u/Yeeaah789	fl73lgd	u/AutoModerator	fl5gnyw	C
2020-03-22 12:20:36.628978	u/hdyfd	fl73lmn	u/TheLambOfChrist	fl6h6iz	C
2020-03-22 12:21:11.801135	u/Jager_main4	fl73lxn	u/GoDOfSaRcAsM7	fmxbt9	S
2020-03-22 12:21:58.649324	u/lolxd777	fl73mxy	u/AutoModerator	fl6ndo9	C
2020-03-22 12:22:06.486038	u/illtackleyourson	fl73n8l	u/G-Rod_V2	fl6x4us	C
2020-03-22 12:22:09.661057	u/ShadowWaffle420	fl73ncc	u/puffercarrot	fl6hwqn	C
2020-03-22 12:22:13.042723	u/CrystalFuzion	fl73nis	u/u_have_the_gay	fl6m6i1	C
2020-03-22 12:22:29.256126	u/IcE13erGeR	fl73o4g	u/BotinGamesSK	fl6vkrx	C
2020-03-22 12:22:43.473187	u/Yawndere-Chan	fl73od3	u/Beannneater69420	fl5ufd8	C
2020-03-22 12:22:46.654960	u/fighterman420	fl73ofb	u/_Ba4s	fl712r2	C
2020-03-22 12:23:00.546666	u/SmallComfortable5	fl73ot2	u/Potatotheooflord	fl5ewkn	C
2020-03-22 12:23:22.675594	u/rakeshrohini	fl73p6j	u/Avenixor420	fl7324o	C
2020-03-22 12:23:27.569271	u/s2theizay	fl73pij	u/Zer0M0ti0nless	fl6zukt	C
2020-03-22 12:23:38.611475	u/ThiccDucksAndBooks	fl73pv3	u/suddenly_akiro	fl6xdv4	C
2020-03-22 12:23:45.878459	u/TheWizard709	fl73q6q	u/spo_oderman	fl6u26j	C
2020-03-22 12:24:26.397293	u/WeebusTheMeemus	fl73r0u	u/studoc69	fl6uy3v	C
2020-03-22 12:24:32.159683	u/RamanySquare	fl73rb8	u/robot-sensei	fl6cox1	C
2020-03-22 12:24:34.035933	u/Fuotboy	fl73rfi	u/AutoModerator	fl6i162	C
2020-03-22 12:25:16.999169	u/akdagr8	fl73sih	u/spo_oderman	fl6u26j	C
2020-03-22 12:25:34.861342	u/jokester7777	fl73tbp	u/Geniusgirl13	fl6udv3	C
2020-03-22 12:25:42.638766	u/Flying_Yeet_Snek	fl73tg9	u/TheWildGamer07	fl73oey	C
2020-03-22 12:25:53.247971	u/69Yeeterboi6969	fl73tws	u/CommunistQwerty	fl594s8	C
2020-03-22 12:25:56.184643	u/The-Backgrounder-	fl73u20	u/Deppresedboy	fl72mt3	C
2020-03-22 12:26:14.992083	u/Thatnovascotianguy	fl73uih	u/lshqpyari	fl5oq3w	C
2020-03-22 12:26:24.802163	u/MegaRetarded	fl73uut	u/sexiypaki	fl721wu	C
2020-03-22 12:27:02.319358	u/Lifeline_god	fl73vau	u/crazygamer_	fl6c8q5	C
2020-03-22 12:27:04.990686	u/mitchelcoex	fl73voe	u/LJR003	fl6eeyj	C
2020-03-22 12:27:14.203628	u/axqi	fl73vy7	u/spo_oderman	fl6u26j	C
2020-03-22 12:27:45.640355	u/Ouzier	fl73we2	u/weeman10172006	fl6gyze	C
2020-03-22 12:27:52.471661	u/CerradoBoy	fl73wrh	u/IAmNotABotFromRussia	fl735bb	C
2020-03-22 12:27:54.689583	u/LG_designer	fl73wuv	u/Moosyfate17	fl6lfvv	C
2020-03-22 12:27:57.832917	u/BlahPow	fl73wyt	u/funkyshrimped	fl6ynud	C
2020-03-22 12:28:37.136059	u/MegaAlphaVulcan	fl754a5	u/DrunkenHoneyBadger	fmty9l	S
2020-03-22 12:28:45.963161	u/Soggy_Eggroll	fl754l4	u/SonOfEternity	fl6gvcu	C
2020-03-22 12:28:54.530145	u/memes_only_99	fl7551g	u/Tru_Drone_Videos	fl74lvb	C
2020-03-22 12:29:04.648344	u/Nnsoki	fl7558w	u/OmegaBidoof	fl6veru	C
2020-03-22 12:29:37.650812	u/GayEnchilada	fl755vt	u/lshqpyari	fl5ptqt	C
2020-03-22 12:29:43.597150	u/Somerandomdoode	fl756aj	u/PrayingSlays	fl73ksf	C
2020-03-22 12:29:45.701088	u/CaveJohnsonWitLemons	fl756fu	u/Anirudh30897	fl6rwu9	C
2020-03-22 12:29:47.328849	u/Youre_Luggage	fl756lz	u/mudkip202	fl6co7f	C
2020-03-22 12:30:13.709777	u/MentalMemes201	fl7579p	u/Holzinator007	fl70il1	C
2020-03-22 12:30:17.648613	u/SomeFreshMeme	fl757ap	u/jc3av1c45kq3	fl6wrf4	C
2020-03-22 12:30:23.654515	u/tfredrick54	fl757fe	u/Kind-Pop	fl3zlqu	C
2020-03-22 12:30:29.672114	u/BunkyMonkey3000	fl757p5	u/-Fischy-	fl6tz7l	C
2020-03-22 12:31:15.486265	u/Kcromey	fl758bj	u/DonutOlympian	fl6i66s	C
2020-03-22 12:31:23.582531	u/FozzasSocks	fl758dw	u/Necessary-Effect	fl74l8u	C
2020-03-22 12:31:28.377844	u/deliriousmuskrat	fl758j9	u/Pannenkoek420	fl6ozkt	C
2020-03-22 12:31:37.472797	u/Jmoney1932	fl758ln	u/RepostSleuthBot	fl755rq	C
2020-03-22 12:32:18.684571	u/EthanB657	fl7595b	u/iexist3	fl6w58w	C
2020-03-22 12:32:25.947257	u/WhyWasSamTaken	fl759bp	u/DragonMaster109	fl6yuzj	C
2020-03-22 12:32:44.778283	u/Axl_Rose25573	fl759st	u/Avocado_The_Great	fl72lpf	C
2020-03-22 12:33:18.842947	u/opman799	fl75auy	u/AtypicalMillennial23	fl6x5y4	C
2020-03-22 12:33:20.924274	u/faultedink	fl75aw1	u/PrayingSlays	fl73ksf	C
2020-03-22 12:34:37.688189	u/3ryan_the_3oss	fl75by4	u/MeowlyArt	fl6z4a2	C
2020-03-22 12:34:51.821603	u/MrNarfal	fl75cdi	u/Tru_Drone_Videos	fl75a5t	C
2020-03-22 12:34:56.951676	u/----jules----	fl75cop	u/spinosaurus_tech	fl6y81e	C
2020-03-22 12:35:02.747568	u/Theofilos99	fl75ct9	u/DonutOlympian	fl6i66s	C
2020-03-22 12:35:05.246749	u/greenbeanedfiend	fl75cyk	u/ThatHeccinSun	fl73k30	C
2020-03-22 12:35:06.985534	u/SilverBeast2	fl75d8k	u/Xploiter_RBLX	fl7315y	C
2020-03-22 12:35:11.173564	u/Jazzmim_999	fl75dar	u/Xploiter_RBLX	fl72tm5	C
2020-03-22 12:36:07.713705	u/AwesomeButLonelyGirl	fl75e3f	u/DonutOlympian	fl6i66s	C
2020-03-22 12:36:19.525200	u/Unwrittenrust	fl75e7t	u/HunchReddits	fl72r21	C
2020-03-22 12:36:21.030418	u/Maxone20	fl75eao	u/NASAfan1	fl6ufsq	C
2020-03-22 12:36:51.166264	u/ZoudinOdifar	fl75eqt	u/woodendoors7	fl6iomk	C
2020-03-22 12:37:10.417427	u/Cr33pslayer	fl75f71	u/BunkerBuster22	fl73w9s	C
2020-03-22 12:37:38.188653	u/RaposaCiano17	fl75g1c	u/DonutOlympian	fl6tfu8	C
2020-03-22 12:37:39.416797	u/Kronos8025	fl75g1i	u/Mango_Crepe	fl749t0	C
2020-03-22 12:37:41.636456	u/Donutrz	fl75g1u	u/Ashmondai	fl6syn9	C
2020-03-22 12:37:45.837454	u/peedy123	fl75g8s	u/lovethebacon	fl74e2s	C
2020-03-22 12:37:55.913404	u/ysfmr	fl75gf2	u/redk69	fl6tqmj	C
2020-03-22 12:37:57.001456	u/Arslan3525	fl75ggf	u/AutoModerator	fl55xzu	C
2020-03-22 12:38:00.814992	u/Scionwest	fl75gqc	u/Xploiter_RBLX	fl5y5fg	C
2020-03-22 12:38:10.986727	u/chicken_legzz	fl75gtb	u/edgasudzius	fl6w90h	C
2020-03-22 12:38:12.886625	u/Selj0cina	fl75gub	u/ranunculus10	fl6ztql	C
2020-03-22 12:38:16.595936	u/gerstenmaltzextrakt	fl75gyr	u/Xploiter_RBLX	fl5y5fg	C
2020-03-22 12:38:49.602959	u/ParkerJohnson666	fl75hxe	u/W1DD3XY	fl4j6ig	C
2020-03-22 12:38:52.024871	u/InfernoPickaxe	fl75i38	u/britkneefishee	fl6wej3	C
2020-03-22 12:38:59.751073	u/Wldke	fl75if2	u/DonutOlympian	fl6i66s	C
2020-03-22 12:39:00.531948	u/be-gon-boomers	fl75ig8	u/Kind-Pop	fl3zlqu	C
2020-03-22 12:39:04.212868	u/TAG_But_Reddit	fl75iro	u/dimpunayar	fl6gfw8	C
2020-03-22 12:39:05.018641	u/arctic-anchor	fl75isl	u/spinelisbeast	fl5svi5	C
2020-03-22 12:39:14.789115	u/Punchypuppy	fl75ix3	u/Eksushaa	fl6qkza	C
2020-03-22 12:39:32.850399	u/DarkLord98713	fl75j6o	u/Mr_Rebeller	fl6pykv	C
2020-03-22 12:39:34.687115	u/zaccsi1	fl75jba	u/Mr_Rebeller	fl6pykv	C
2020-03-22 12:39:35.296080	u/rangoon1207	fl75je8	u/MySwordingThrowbacks	fl6pvob	C
2020-03-22 12:39:47.493439	u/rodzmor	fl75jp7	u/harbac	fl720hm	C
2020-03-22 12:40:09.466367	u/_Notillegal_	fl75k8w	u/MynTYleef	fl5mvq6	C
2020-03-22 12:40:19.371544	u/Sir_Hammy_02	fl75kbq	u/CHICKEN_TENDIES123	fl6yw74	C
2020-03-22 12:41:03.455867	u/HeatSeeka44	fl75le0	u/Mango_Crepe	fl74tpt	C
2020-03-22 12:41:46.218197	u/omg_itsjr07	fl75lvn	u/CrystalFuzion	fl73s3h	C
2020-03-22 12:41:48.483224	u/YeetusOfYourFetus	fl75lw1	u/mysticwarrior222	fl73sg4	C
2020-03-22 12:41:55.746018	u/frozenn_butter	fl75m5j	u/PrayingSlays	fl73ksf	C
2020-03-22 12:42:05.403700	u/HHpaulHH	fl75me4	u/sexiypaki	fl721wu	C
2020-03-22 12:42:07.661167	u/Sjurmen_1	fl75mie	u/dudumm	fl751ty	C
2020-03-22 12:42:56.062185	u/Grathmar	fl75nvf	u/palindromeflower	fl6vn0a	C
2020-03-22 12:43:26.481117	u/ZetaCathode	fl75op2	u/Twible404	fl6texw	C
2020-03-22 12:43:28.601354	u/LonerWolv0	fl75oqk	u/CTGRW_30477953419	fl6r7co	C
2020-03-22 12:44:19.533866	u/cmcfrfr	fl75pzq	u/Hypererra	fl6vklo	C
2020-03-22 12:44:32.303222	u/thatguy72826373847	fl75qaj	u/Tru_Drone_Videos	fl75o67	C
2020-03-22 12:44:46.235744	u/PACIFICNONUTS	fl75qjf	u/comxeno	fl6sxvm	C
2020-03-22 12:44:49.332802	u/pudgyp08	fl75qnr	u/RepostSleuthBot	fl75lm8	C
2020-03-22 12:44:53.372765	u/only__say__perhaps	fl75qrd	u/Potatotheooflord	fl5lx1y	C
2020-03-22 12:44:57.211514	u/kaiohdorian	fl75qt3	u/n00b_shl00b	fl74xdq	C
2020-03-22 12:45:30.511259	u/XboizX	fl75r58	u/byers1225	fl70ytn	C
2020-03-22 12:45:38.129193	u/Mostcoolkid78	fl75rb3	u/PrinceEternalWind06	fl6w1mf	C
2020-03-22 12:46:17.900087	u/ItJo3N	fl75s5a	u/namelastname5000	fl6urse	C
2020-03-22 12:46:43.416230	u/DecentOpposum18	fl75t3q	u/PrayingSlays	fl73ksf	C
2020-03-22 12:46:48.578910	u/arnu515	fl75ta7	u/AutoModerator	fl5o8z2	C
2020-03-22 12:46:59.134619	u/miragen125	fl75tf6	u/DonutOlympian	fl6i66s	C
2020-03-22 12:47:22.326560	u/S0me_B0i	fl76xp3	u/CLASH-DA-MEMER	fl6r5ws	C
2020-03-22 12:47:27.609350	u/____InTraining	fl76xw9	u/InfernoPickaxe	fl75v66	C
2020-03-22 12:47:32.617757	u/blubbyboy	fl76xym	u/G-Rod_V2	fl75xqo	C
2020-03-22 12:47:38.679931	u/ifuckwithpizzacrust	fl76y7a	u/Anykla	fl6j5q2	C
2020-03-22 12:47:48.119379	u/TheLaughingBread	fl76ydv	u/DonutOlympian	fl6i66s	C
2020-03-22 12:48:21.312031	u/Orryhurt	fl76z1e	u/EthanB657	fl7595b	C
2020-03-22 12:48:27.664427	u/OneEyedKing56	fl76zdg	u/RepostSleuthBot	fl6lewv	C
2020-03-22 12:48:55.331507	u/MochaDuke	fl76zyo	u/aratnagrid	fl6rk43	C
2020-03-22 12:49:01.989398	u/lshm	fl770jr	u/chesapeakeripper69	fl6qzf9	C
2020-03-22 12:49:08.638054	u/Dinglesplat	fl770qs	u/PrayingSlays	fl73ksf	C
2020-03-22 12:49:11.141523	u/epicdustbin4	fl770xo	u/Potatotheooflord	fl5exvm	C
2020-03-22 12:49:18.996723	u/Blast3339	fl7712x	u/ParkerJohnson666	fl76u7c	C
2020-03-22 12:49:19.714902	u/noo_ahh	fl7712y	u/madame_lunatic	fl7339q	C
2020-03-22 12:49:27.344522	u/sweetsnsnares	fl77150	u/HaruTheSweetOne	fl6ss3m	C
2020-03-22 12:49:38.187872	u/Murasama23	fl771b0	u/The-German_Guy	fl76vck	C
2020-03-22 12:49:55.042764	u/RepresentativeCake0	fl771rx	u/RepostSleuthBot	fl6peb3	C
2020-03-22 12:49:55.705122	u/AetherBytes	fl771uq	u/modern_problems	fl6ya6r	C
2020-03-22 12:50:46.161546	u/luckyclover1130	fl772up	u/PrinceEternalWind06	fl6w1mf	C
2020-03-22 12:50:52.804859	u/NinjaCheetah	fl772yk	u/frozenn_butter	fl75m5j	C
2020-03-22 12:51:14.805852	u/Zeldamaster05	fl77381	u/Gingerguy06	fl5k8gd	C
2020-03-22 12:51:27.733524	u/thebestroll	fl773e5	u/Mememaker4life	fl6wxv1	C
2020-03-22 12:51:30.007717	u/georgeboiiiiihelp	fl773ex	u/Tekkit-ham-pls	fl76onx	C
2020-03-22 12:51:34.722293	u/edou1505	fl773k0	u/AutoModerator	fl6i162	C
2020-03-22 12:51:39.903972	u/RyanTGM620	fl773sh	u/I-NoDev	fl6xxs7	C
2020-03-22 12:52:09.442806	u/peteryat1709	fl774d1	u/AutoModerator	fl6cwtd	C
2020-03-22 12:52:16.218913	u/AcidicWildberries	fl774nn	u/Ronil21	fl6ad5j	C
2020-03-22 12:52:18.409037	u/Seren541	fl774p3	u/RepostSleuthBot	fl6vpjz	C
2020-03-22 12:52:24.172139	u/PhelixEgypt	fl774uo	u/InspectorSheep	fl6q33b	C
2020-03-22 12:52:30.813332	u/JayKB_YT	fl7750f	u/Kcromey	fl7749c	C
2020-03-22 12:53:05.505171	u/hisahej	fl775fw	u/CpTKugelHagel	fl6qraa	C
2020-03-22 12:53:07.602097	u/fightoffyrdemon	fl775fy	u/Rivinis	fl6uzn0	C
2020-03-22 12:53:10.925496	u/Babybase6	fl775jy	u/TheDrDzaster	fl6uj5d	C
2020-03-22 12:53:34.225743	u/Reniemik	fl7761u	u/Razlover88	fl6stdo	C
2020-03-22 12:53:39.083354	u/Stunning-Newspaper	fl77651	u/Necessary-Effect	fl74kaa	C
2020-03-22 12:54:51.173321	u/Outbreak-Prime	fl778bi	u/random-pineapple420	fl7726g	C
2020-03-22 12:54:56.719599	u/Mltno	fl778ev	u/TheRealChrome_	fl76jk2	C
2020-03-22 12:54:59.842067	u/dinoking345	fl778fe	u/_AppleSauce69_	fl6v6im	C
2020-03-22 12:55:06.691856	u/The-Knight-Of-Nee	fl778qt	u/PrayingSlays	fl73ksf	C
2020-03-22 12:55:09.838402	u/lam_the_unicorn	fl778t1	u/AsumaBoy	fl6ujfv	C
2020-03-22 12:55:21.537821	u/binipped	fl7794u	u/constagram	fl6jjsl	C
2020-03-22 12:55:33.364327	u/Beornten	fl779ja	u/solcoldbreakfastsalt	fl5a8mu	C
2020-03-22 12:55:38.992069	u/xl-Destinyyy-lx	fl779qm	u/Koryzer	fl6t8bg	C
2020-03-22 12:55:46.788036	u/ceesaar00	fl779rn	u/Tru_Drone_Videos	fl73rsc	C
2020-03-22 12:55:48.459030	u/BasicLilAcorn	fl779s3	u/platypus721	fl6t0h8	C
2020-03-22 12:55:51.218891	u/Wolgemuth	fl779vp	u/ObjctifOpinion	fl76f17	C
2020-03-22 12:56:35.411438	u/HiveFleetWyvern	fl77b49	u/Lifeline_god	fl74ibr	C
2020-03-22 12:56:38.257779	u/The_Demonic_Duck	fl77b60	u/GitProbe	fl75yam	C
2020-03-22 12:56:53.596828	u/chuy-the-wrath-sin	fl77bg4	u/Fjallmar	fl6qrvj	C
2020-03-22 12:57:23.291840	u/elephant_sex	fl77bxu	u/subparlion	fl70vkq	C
2020-03-22 12:57:45.972620	u/Alottin	fl77cls	u/_--Karma--_	fl6zgqc	C
2020-03-22 12:57:59.678504	u/GrootKicker	fl77cuk	u/dinoking345	fl778fe	C
2020-03-22 12:58:01.885055	u/Redxcarnage	fl77cuu	u/SK209919	fl6t9ut	C
2020-03-22 12:58:06.707685	u/thenewfrankwhite	fl77d3f	u/kostaRakonjac	fl6vjgd	C
2020-03-22 12:58:20.339407	u/bigbrainbryant	fl77dv8	u/LJR003	fl6eeyj	C
2020-03-22 12:58:51.868604	u/tandpastatester	fl77ek2	u/TheRapistsFor800	fl7311d	C
2020-03-22 12:58:54.404276	u/FancyTheory5	fl77esi	u/Sarcovis	fl6bhae	C
2020-03-22 12:58:59.264894	u/vegetablewizard	fl77f3p	u/DonutOlympian	fl6i66s	C
2020-03-22 12:59:08.709617	u/FORTNITE_SUCKS__	fl77fg2	u/Emoji12345	fl5gnxs	C
2020-03-22 12:59:09.571841	u/danzeelot	fl77fg8	u/frozenn_butter	fl75m5j	C
2020-03-22 12:59:35.220588	u/ZyrithLP	fl77g51	u/RepostSleuthBot	fl6hmtb	C
2020-03-22 12:59:47.307042	u/Yuksel_Ege	fl77gcy	u/BluRevealing	fl76lu9	C
2020-03-22 12:59:55.230818	u/heavychillin	fl77hiu	u/Count_Ling	fl6m37p	C
