2020-03-21 13:01:18.813130	u/mephwilson	fl4b0l9	u/RepostSleuthBot	fl47aob	C
2020-03-21 13:01:51.670176	u/demon_blood666	fl4b1tx	u/EthanielClyne	fl46uib	C
2020-03-21 13:02:34.201021	u/Tooniis	fl4b330	u/poorly_timed_fuck	fl48cnd	C
2020-03-21 13:03:03.308712	u/onlyUsernameLeft465	fl4b4l6	u/NoorElsemary	fl3qmjx	C
2020-03-21 13:03:07.739796	u/Danny_Boi_22456	fl4b4nm	u/Crypted-Memory	fl3t9e2	C
2020-03-21 13:05:31.125817	u/yeaboiiiiiy	fl4ba6b	u/umjustpassingby	fl4439o	C
2020-03-21 13:06:44.987614	u/NathanBocaj	fl4bdhb	u/3ggyman	fl476di	C
2020-03-21 13:07:00.250674	u/keep__scrolling	fl4be3y	u/ItsPringles123	fl41747	C
2020-03-21 13:07:34.969043	u/Glueheader	fl4bfri	u/NomNomJohn	fl3s18d	C
2020-03-21 13:09:08.205665	u/DirenBodom	fl4blpn	u/shaili_i	fl405e0	C
2020-03-21 13:09:13.289139	u/SDGaming317	fl4bm27	u/Kolikoasdpvp	fl49xct	C
2020-03-21 13:09:13.863594	u/yeeterboi11	fl4bm61	u/DeadMan-Walkin	fl35jh6	C
2020-03-21 13:09:25.699030	u/Cynical_Lord1	fl4bn19	u/HammerAlzheimer	fmcslr	S
2020-03-21 13:09:54.908117	u/privilegedpickle	fl4bqes	u/KinkyGCM	fl3ilxv	C
2020-03-21 13:10:20.695142	u/Onyxiex	fl4br71	u/GordonSucksAtLife	fl3se2d	C
2020-03-21 13:12:08.150720	u/HBG2004	fl4bwq3	u/ClessGames	fl4bst2	C
2020-03-21 13:14:01.790291	u/benthecuber	fl4c1aa	u/the_wright_guy11	fl49x71	C
2020-03-21 13:14:06.856061	u/EliNNM	fl4c1cw	u/GordonSucksAtLife	fl3se2d	C
2020-03-21 13:14:09.924434	u/MintScoop	fl4c1n9	u/Tooniis	fl4b9w4	C
2020-03-21 13:14:28.123735	u/Bmanyo69	fl4c2ig	u/RepostSleuthBot	fl4c10x	C
2020-03-21 13:14:40.711111	u/JDPhoenix-8632	fl4c2zd	u/fleming0234	fl49pud	C
2020-03-21 13:14:44.880931	u/GlowingIcefire	fl4c33f	u/RepostSleuthBot	fl49m85	C
2020-03-21 13:15:23.056713	u/lass896a	fl4c4x2	u/RepostSleuthBot	fl4c0h6	C
2020-03-21 13:15:35.808252	u/CurfBoi	fl4c5bo	u/NathanBocaj	fl4bdhb	C
2020-03-21 13:16:10.259608	u/Express-Pie	fl4c6qv	u/Less_Heat	fl4bwzl	C
2020-03-21 13:16:27.172951	u/Illigalmangoes	fl4c7iq	u/Revolver1998	fl3q4t3	C
2020-03-21 13:16:37.974494	u/IndianPleb	fl4c81x	u/Leonidus159	fl4br16	C
2020-03-21 13:16:47.939696	u/Naillik_Rei	fl4c8i8	u/RepostSleuthBot	fl4bcuu	C
2020-03-21 13:17:01.545750	u/Cat_Nigth_Feik	fl4c92m	u/AutoModerator	fl4c5mu	C
2020-03-21 13:17:04.445430	u/MMaalouf108140	fl4c9cc	u/TheTreeDemoknight	fl4bu2x	C
2020-03-21 13:17:33.402795	u/Cathal19Byrne	fl4caru	u/ElectroVex121	fl40qm3	C
2020-03-21 13:18:03.582228	u/Fireblaster968	fl4cboq	u/DaddyCal0	fl49v0a	C
2020-03-21 13:18:05.351196	u/B3a_ns	fl4cbt3	u/memes-69-420	fl2lwla	C
2020-03-21 13:18:49.014599	u/RuuukaBall	fl4cei7	u/eldritchtoenail	fl40pof	C
2020-03-21 13:19:31.110008	u/verygroot1	fl4ch5y	u/umjustpassingby	fl4439o	C
2020-03-21 13:19:36.041713	u/lash422	fl4chg4	u/r4ndomdud3	fl3hc4u	C
2020-03-21 13:19:38.592638	u/puffilis	fl4chyg	u/billy-da-hobo	fl4ch1c	C
2020-03-21 13:19:51.778088	u/Darn1110	fl4cjml	u/RepostSleuthBot	fl34x1z	C
2020-03-21 13:19:53.662843	u/weathno	fl4cjzp	u/benzer006	fl4cg2a	C
2020-03-21 13:19:53.949670	u/Koalas_Kingdom	fl4ck0u	u/oli_n_174	fl3rx5x	C
2020-03-21 13:19:54.633967	u/li1-be4n	fl4ck6g	u/billy-da-hobo	fl3osym	C
2020-03-21 13:20:21.419607	u/inferno_incorporated	fl4clj6	u/WhoElseButDedede	fl3u9af	C
2020-03-21 13:20:53.763810	u/Miro_Meme_EXPERT	fl4cmq1	u/ZimWaveS	fl3u5lx	C
2020-03-21 13:22:06.583744	u/Az_Azal	fl4cp77	u/Cathal19Byrne	fl3j09d	C
2020-03-21 13:22:15.665362	u/Natelx	fl4cpkf	u/AutoModerator	fl4bbla	C
2020-03-21 13:22:36.531968	u/Durtzo	fl4cq6u	u/Cathal19Byrne	fl3j09d	C
2020-03-21 13:23:58.845149	u/nicatbzade58	fl4ctxa	u/RepostSleuthBot	fl3gggj	C
2020-03-21 13:24:04.294047	u/GenesisTheOverseer	fl4cu1d	u/AutoModerator	fl3u1tj	C
2020-03-21 13:24:12.009525	u/baris6002	fl4cuh1	u/aloncat	fl3t14i	C
2020-03-21 13:24:50.573780	u/Nickeos	fl4cw7p	u/CowCluckLated	fl46o3t	C
2020-03-21 13:26:16.346305	u/hueyghost89	fl4d15n	u/Mediocre_Nobody	fl4ao36	C
2020-03-21 13:26:46.315739	u/xxTitanxx7272	fl4d2ip	u/SDGaming317	fl4bvf6	C
2020-03-21 13:26:57.161679	u/ru-meme	fl4d3aa	u/AutoModerator	fl40s48	C
2020-03-21 13:27:06.249669	u/waydonn	fl4d3n5	u/MintScoop	fl4c1n9	C
2020-03-21 13:27:49.326530	u/thefarmaaaan	fl4d5r3	u/DaddyCal0	fl49o6a	C
2020-03-21 13:28:02.885775	u/HellBringer11	fl4d6ba	u/RepostSleuthBot	fl44ltn	C
2020-03-21 13:28:46.896680	u/VirtualAndrew	fl4d9ej	u/lass896a	fl4c4x2	C
2020-03-21 13:29:38.877989	u/MEME-B	fl4ddwb	u/steppermotor226	fl3xqid	C
2020-03-21 13:30:37.286049	u/herohamp	fl4dhyt	u/cjc1234godkiller	fl48sas	C
2020-03-21 13:32:43.756901	u/Wicked125	fl4dogy	u/Waterbotlecap	fl46mcd	C
2020-03-21 13:32:49.083851	u/FrostKing576	fl4domu	u/keep__scrolling	fl4be3y	C
2020-03-21 13:33:01.994658	u/XB2006	fl4dp7e	u/Upper-Bonus	fl41ms4	C
2020-03-21 13:33:10.931470	u/DarthKnoll	fl4dpun	u/RepostSleuthBot	fl4dmae	C
2020-03-21 13:34:29.609534	u/PapaPalpatine17	fl4dt0i	u/FrostKing576	fl4domu	C
2020-03-21 13:35:33.607314	u/MetTy318	fl4dwet	u/thefarmaaaan	fl4d5r3	C
2020-03-21 13:35:37.663692	u/memenator007	fl4dwsd	u/good_boi_bot	fl499xf	C
2020-03-21 13:35:38.592325	u/glitterfartsfrvr	fl4dwsm	u/MEME-B	fl4dkg1	C
2020-03-21 13:36:15.985522	u/imperfectBanana99	fl4dyec	u/PapaPalpatine17	fl4dt0i	C
2020-03-21 13:36:18.774348	u/Poofless3212	fl4dyjb	u/droneflyer35621	fl482t5	C
2020-03-21 13:36:29.111378	u/Rexmagii	fl4dywz	u/RepostSleuthBot	fl44gvy	C
2020-03-21 13:36:38.876052	u/p_ke	fl4dzf4	u/aloncat	fl4dt7z	C
2020-03-21 13:37:31.459550	u/HaileeNun13	fl4e2aa	u/C00Lf3LL4	fl3ol4a	C
2020-03-21 13:37:37.505781	u/AwkwardGhost121	fl4e2og	u/representmcforyouth	fl477wl	C
2020-03-21 13:37:43.052976	u/Theonlylonelybagel	fl4e2z7	u/oli_n_174	fl3rx5x	C
2020-03-21 13:38:13.094111	u/Zgeg_Talisment	fl4e4sv	u/AndreiNIGHT_FIRE	fl3vu8r	C
2020-03-21 13:38:20.813322	u/Liter-0-pIss	fl4e584	u/Issalk05	fl4avm2	C
2020-03-21 13:38:24.923725	u/nomycactus	fl4e5jf	u/memesanddreams349	fl3z8fi	C
2020-03-21 13:38:55.193047	u/ImLazyGarbage	fl4e74f	u/Q0NX	fl41bog	C
2020-03-21 13:39:10.079874	u/veggiemeister	fl4e8e7	u/BluRevealing	fl45br3	C
2020-03-21 13:39:12.817583	u/Some_DEad_Meme420	fl4e8hd	u/Cathal19Byrne	fl3j09d	C
2020-03-21 13:39:49.609228	u/OffendedDishwasher	fl4eb9r	u/good_boi_bot	fl4e4r1	C
2020-03-21 13:40:02.519953	u/TheRedditPig1	fl4ecpd	u/RepostSleuthBot	fl4e8s4	C
2020-03-21 13:41:40.305186	u/david_i_guess21	fl4ehgm	u/aloncat	fl3vk6m	C
2020-03-21 13:41:48.222583	u/unknown-t-86800	fl4ehwt	u/dovedevic	fl2eb1j	C
2020-03-21 13:41:55.460600	u/DerDobby	fl4ei9r	u/DarkKnight242	fl4a939	C
2020-03-21 13:42:34.883601	u/QuickGold23	fl4ejzo	u/Grvachi	fl47goh	C
2020-03-21 13:44:42.862704	u/priestou812	fl4eqj6	u/Elijahronnakorn	fl3im3r	C
2020-03-21 13:45:58.488372	u/Erunoc	fl4eunv	u/RepostSleuthBot	fl4eseg	C
2020-03-21 13:46:02.819448	u/ussrcommunist1	fl4euwa	u/SammyG_06	fl4e4w5	C
2020-03-21 13:46:04.721755	u/Austism696	fl4ev36	u/RepostSleuthBot	fl44e98	C
2020-03-21 13:46:07.610022	u/FOGOTTENPIZZA	fl4ev7y	u/Riptide047	fl4erfb	C
2020-03-21 13:46:18.242499	u/ask_me_about_penguin	fl4evyh	u/lucaria438	fl3p08o	C
2020-03-21 13:46:32.686090	u/SampleTextNotFound	fl4ewk8	u/thelonelygenuis	fl44ysg	C
2020-03-21 13:46:57.301011	u/givemeyourbankdetail	fl4ey9s	u/imperfectBanana99	fl4dyec	C
2020-03-21 13:47:14.192454	u/kn0xchad	fl4ez6c	u/B3a_ns	fl4d7zv	C
2020-03-21 13:47:21.664417	u/spademanden	fl4ezkb	u/lukecanpuke	fl46srx	C
2020-03-21 13:47:31.162475	u/darogod	fl4ezz8	u/inglorious_me	fl40fwf	C
2020-03-21 13:47:33.812856	u/Sgt-Insane	fl4f0a2	u/poopboi140	fl3tn6b	C
2020-03-21 13:48:02.124300	u/imagaynerd	fl4f2iz	u/hueyghost89	fl4d15n	C
2020-03-21 13:48:30.792485	u/DragonSlasher07	fl4f3s0	u/woodendoors7	fl2kw6j	C
2020-03-21 13:48:32.781584	u/Doggo_BorkBork	fl4f3sm	u/Homie-Inc-Production	fl49tj4	C
2020-03-21 13:48:48.122328	u/Pimpdaddywonka	fl4f4xr	u/-ViVid-Grey	fl40ckn	C
2020-03-21 13:49:02.561210	u/currymonster3000	fl4f5sr	u/Croissant_Master	fl4aia8	C
2020-03-21 13:49:28.181561	u/Pandaa210	fl4f7nw	u/Fireblaster968	fl4cboq	C
2020-03-21 13:49:37.507145	u/battleant1	fl4f89w	u/good_boi_bot	fl4f5z4	C
2020-03-21 13:49:40.004942	u/dronzaya	fl4f8m1	u/currymonster3000	fl4f0w5	C
2020-03-21 13:50:02.378290	u/Lightron_32	fl4faly	u/onionrings_428	fmapou	S
2020-03-21 13:51:38.304164	u/MossyDefinition	fl4fe0d	u/abductedpeanut	fl3on4n	C
2020-03-21 13:52:17.881435	u/dorito-daddy-boi	fl4ffvw	u/Cathal19Byrne	fl3j09d	C
2020-03-21 13:52:24.716748	u/niko8908	fl4ffz4	u/RepostSleuthBot	fl3suvp	C
2020-03-21 13:52:48.563591	u/Komi-San-is-God	fl4fh08	u/Applesodadish	fl4ag2s	C
2020-03-21 13:53:13.607127	u/Skullrocks	fl4fi6w	u/RepostSleuthBot	fl4fge9	C
2020-03-21 13:53:28.590550	u/vojtah5	fl4fiol	u/locolukie69	fl42dv0	C
2020-03-21 13:54:27.299836	u/AnonByDevil	fl4fl7c	u/lil-bassist	fl3tzc2	C
2020-03-21 13:54:34.414554	u/bvvr-rockstar	fl4flgz	u/BluRevealing	fl45br3	C
2020-03-21 13:56:16.283932	u/Frank1804	fl4fptn	u/Cathal19Byrne	fl3j09d	C
2020-03-21 13:56:18.439169	u/rjmessibarca	fl4fpv9	u/_MrGullible	fl487e2	C
2020-03-21 13:57:37.780790	u/RageQuitPlay	fl4ftdh	u/AniCal	fl4fqis	C
2020-03-21 13:57:38.601118	u/funny_man_reddituser	fl4fteb	u/Scioto_	fl4e492	C
2020-03-21 13:58:35.641316	u/ARC_3pic	fl4fwc5	u/Dragon01543	fl4b5qf	C
2020-03-21 13:58:48.003944	u/SheWhoUpvotes	fl4fx1t	u/currymonster3000	fl4fu77	C
2020-03-21 13:59:04.932706	u/SandwichesANDMilk_	fl4fxrh	u/Night-Hunter	fl4fv1b	C
2020-03-21 13:59:08.284039	u/grey_scone	fl4fxu2	u/RepostSleuthBot	fl4fuya	C
2020-03-21 13:59:14.906220	u/bobzilla05	fl4fyih	u/cor_II	fl4a6ld	C
2020-03-21 13:59:32.112239	u/Captain_Piggy	fl4fzxi	u/grey_scone	fl4foxv	C
2020-03-21 13:59:37.167621	u/I-Reeddit	fl4g0ff	u/RepostSleuthBot	fl4fwlt	C
2020-03-21 13:59:41.201447	u/master_popo528	fl4g0qs	u/afxin	fl49p3s	C
2020-03-21 13:59:53.757452	u/a-weeb-of-culture	fl4g1ov	u/Bookinton14	fl41978	C
