2020-04-05 23:00:43.203536	u/steezhustle	fmk0su1	u/call_me_justin1	fmjtsws	C
2020-04-05 23:01:04.621856	u/Magicaparanoia	fmk0tyh	u/CrassKal	fmk0l5q	C
2020-04-05 23:01:10.249305	u/GodlyXeno	fmk0u6o	u/GamingWithKJ_YT	fmjwlxm	C
2020-04-05 23:02:07.087064	u/Ilove-eat-birds	fmk0wpl	u/Rumply4Skyn	fmjlhhg	C
2020-04-05 23:02:39.578424	u/Jolt1234567890	fmk0y5i	u/shleyal19	fmjn84f	C
2020-04-05 23:03:03.243381	u/HotsuDogsu	fmk0yue	u/throwie66642069	fmjapco	C
2020-04-05 23:03:10.030664	u/Broers23	fmk0yvs	u/BeeApples	fmj1leq	C
2020-04-05 23:03:26.267078	u/HereForTheSocializin	fmk0zmo	u/Zelderd2077	fmjxmx1	C
2020-04-05 23:03:50.971996	u/Reanit	fmk10vc	u/CDS999	fmj7ew3	C
2020-04-05 23:04:07.627332	u/Otis-The-Dog	fmk1254	u/iloveanimals1_1	fmir933	C
2020-04-05 23:04:30.253670	u/Laurenivore246	fmk12to	u/JMacFlint	frs50i	S
2020-04-05 23:04:37.158097	u/CraaZero	fmk133k	u/WallyTheWelder	fmj9rzq	C
2020-04-05 23:05:11.361254	u/purpulish-gum	fmk14v6	u/memelord_elmo	fmjzxft	C
2020-04-05 23:05:48.292858	u/Dollartreegasolin3	fmk17jk	u/Kush_goon_420	fmk001q	C
2020-04-05 23:06:24.684765	u/Wate4spout	fmk19kw	u/Realityiswack	fmk16i5	C
2020-04-05 23:06:52.001857	u/GreatNegotiator	fmk1b68	u/EighthCenturion	fmi8u67	C
2020-04-05 23:07:10.035853	u/drainisbamaged	fmk1c7h	u/bigdumper69	fmk19gi	C
2020-04-05 23:07:12.646011	u/MyNameBlank	fmk1cbj	u/WallyTheWelder	fmj94r0	C
2020-04-05 23:07:19.715369	u/I-Lost-My-Katana	fmk1cnq	u/a_fallout-fan	fmjt90c	C
2020-04-05 23:07:33.169639	u/WackAmNotBlack	fmk1dt4	u/FaolCroi	fmk0h5l	C
2020-04-05 23:08:30.429191	u/BlueBunniez26	fmk1hy1	u/diepolisie	fvfrnq	S
2020-04-05 23:08:54.447249	u/steveboi10	fmk1jwc	u/RepostSleuthBot	fmjv8pv	C
2020-04-05 23:08:58.461886	u/Vcev-	fmk1kdk	u/Pengu1n__	fmjjsdi	C
2020-04-05 23:09:02.496459	u/Maxboss56	fmk1kj8	u/Mch33se	fmk1hf3	C
2020-04-05 23:09:03.769672	u/IWishYouWereAborted	fmk1kk3	u/isthatabingo	fmirme4	C
2020-04-05 23:09:19.507008	u/Aam27	fmk1lka	u/SecretlyLyingToYou	fmiaplb	C
2020-04-05 23:09:34.895180	u/Niken272	fmk1n55	u/MrChipmonkey	fmk12jz	C
2020-04-05 23:09:45.459283	u/Mikelos	fmk1o9y	u/Bhawks489	fmjmmxs	C
2020-04-05 23:09:55.824313	u/r_reeds	fmk1pbi	u/Dollartreegasolin3	fmk17jk	C
2020-04-05 23:10:49.182389	u/LoganR11_	fmk1swt	u/Irrational-Charisma	fmjzjhi	C
2020-04-05 23:11:13.885731	u/Alstroemeria_7	fmk1us2	u/UndercoverBrocolli	fmjvxwe	C
2020-04-05 23:11:24.307515	u/1xXfrankXx1	fmk1vbe	u/itsafoxboi	fmjwes9	C
2020-04-05 23:11:48.523074	u/The_Reesecup	fmk1wfa	u/Penny000000	fmjx9zs	C
2020-04-05 23:11:58.383676	u/UnknitCoder34	fmk1wn6	u/Abhisdn417	fmjtk4j	C
2020-04-05 23:12:12.423105	u/rossvalve	fmk1x4t	u/RepostSleuthBot	fmjrr54	C
2020-04-05 23:12:51.556287	u/quartzlimes	fmk1yfo	u/flamingc00kies	fmj54zl	C
2020-04-05 23:13:09.652680	u/DonaldTrumpSucks_	fmk1z3y	u/HereForTheSocializin	fmk0zmo	C
2020-04-05 23:13:29.170101	u/py_ris	fmk1zzg	u/d_handsoap	fmk1vvj	C
2020-04-05 23:14:11.478358	u/onehsot	fmk21ju	u/DLVVLD	fmjyc35	C
2020-04-05 23:14:14.602166	u/IsNameMyJeff	fmk21r5	u/billyshakes27	fmk1hgw	C
2020-04-05 23:14:28.920013	u/Finian17A	fmk22rf	u/ThatTubaGuy03	fmk0bds	C
2020-04-05 23:14:44.423058	u/Akshaan_Singh	fmk236r	u/where_is_the_funny	fmk1u5q	C
2020-04-05 23:15:00.016209	u/ItsMeChief42	fmk23lt	u/Pleasant-Surprises	fmikjvc	C
2020-04-05 23:15:21.208988	u/FigureOfStickman	fmk24ll	u/infamouszoggy	fmk20jk	C
2020-04-05 23:15:29.389736	u/M0ONWatcherWoF	fmk2573	u/duckhuntmain45	fmjwqwp	C
2020-04-05 23:15:38.103303	u/Sargelucas	fmk25ja	u/RL__Playz	fmjx7o0	C
2020-04-05 23:15:40.060000	u/judging2018	fmk25ki	u/DonaldTrumpSucks_	fmk1z3y	C
2020-04-05 23:16:42.783401	u/Angry5Man	fmk28qy	u/shizeR45	fmjd4q2	C
2020-04-05 23:16:56.598823	u/heisllama	fmk2943	u/SCP_002	fmk1ueu	C
2020-04-05 23:17:02.089652	u/pmercier	fmk29hc	u/Condude46	fmk1sf0	C
2020-04-05 23:17:14.996547	u/joey_roey	fmk29zs	u/The_92nd	fmjqdhs	C
2020-04-05 23:17:18.450222	u/weakfishhunter	fmk2a6v	u/Meckma	fmiskan	C
2020-04-05 23:17:24.360515	u/shenannoel	fmk2ad7	u/MazdaSkye	fmj00o6	C
2020-04-05 23:17:31.036640	u/TurkFebruary	fmk2anp	u/WallyTheWelder	fmjah95	C
2020-04-05 23:17:33.587395	u/Nemesis301	fmk2aoh	u/da_way_joshua	fmiqpve	C
2020-04-05 23:17:51.794126	u/username_taken_4ever	fmk2bq7	u/purpulish-gum	fmk14v6	C
2020-04-05 23:18:01.994092	u/quantum_unicorn	fmk2ccp	u/austind9999	fmioyem	C
2020-04-05 23:18:21.746737	u/rslashFuryKiller	fmk2dm2	u/KingDeeDeeMain	fmk28ls	C
2020-04-05 23:18:57.160023	u/Tabub	fmk2fnr	u/Sofia_864	fmjo0qx	C
2020-04-05 23:18:58.471126	u/-Rayan-k	fmk2fsw	u/NootNootRecruit_	fcs8ccd	C
2020-04-05 23:19:02.465683	u/I_Yell_at_Feet	fmk2g3s	u/Brucemoose1	fmk2be0	C
2020-04-05 23:19:24.535759	u/TCS_YT	fmk2gtv	u/Julien2701	fmk215e	C
2020-04-05 23:19:25.629908	u/WolfeStar	fmk2gw6	u/rslashFuryKiller	fmk23p0	C
2020-04-05 23:19:49.376761	u/sadlyiexist	fmk2jcj	u/apolloladdie	fmjt8m9	C
2020-04-05 23:19:58.174712	u/XLKhalid	fmk2k2u	u/RepostSleuthBot	fmjqybz	C
2020-04-05 23:21:04.446431	u/ajaxhero77	fmk2n29	u/SuperSnarfy	fmgy3l0	C
2020-04-05 23:21:29.559714	u/happywaffle1010	fmk2nzr	u/Deadpools_Poodle	fmk2k5u	C
2020-04-05 23:21:59.953727	u/Agus152535455	fmk2pag	u/wolfgang784	fmjrw3o	C
2020-04-05 23:22:12.727217	u/BornOn6-9	fmk2q1q	u/ferrari812dude	fmjzz58	C
2020-04-05 23:22:55.419919	u/Clay_Hakaari	fmk2rln	u/WallyTheWelder	fmj8blo	C
2020-04-05 23:23:18.897024	u/mag_431	fmk2sdi	u/Iyeettomuch	fmk2rj9	C
2020-04-05 23:23:48.574653	u/Ziftguy	fmk2tne	u/altx-f4	fmibdx5	C
2020-04-05 23:23:57.464190	u/malindu_06	fmk2tuq	u/ITSZIRO	fmk2okt	C
2020-04-05 23:24:09.026280	u/Yoshi0225	fmk2u1z	u/Penny000000	fmibkjd	C
2020-04-05 23:25:15.714743	u/mercifultester	fmk2wl7	u/Ilove-eat-birds	fmk0wpl	C
2020-04-05 23:25:30.531275	u/Hjorbd	fmk2x2c	u/idontcare-dot-org	fmk2v5l	C
2020-04-05 23:26:10.327258	u/apersonxxx	fmk2y81	u/MyJelloJiggles	fmia7hd	C
2020-04-05 23:26:25.481273	u/Borat--Sagdiev	fmk2yis	u/JMacFlint	fmk29p0	C
2020-04-05 23:26:36.089641	u/lord_mcdonalds_	fmk2yyo	u/0vernicko	fmk2vfe	C
2020-04-05 23:27:06.607444	u/TheCouchPotatoMan	fmk3057	u/Oldenlame	fmjku5a	C
2020-04-05 23:27:22.992271	u/lar_yeet	fmk3131	u/Happy-Kevin	fmk26ej	C
2020-04-05 23:27:28.439075	u/AlexysYoung	fmk31jh	u/KingHalt234676	fmk2nxx	C
2020-04-05 23:27:39.629295	u/reddituser403	fmk31x0	u/I_Yell_at_Feet	fmk2g3s	C
2020-04-05 23:27:46.097037	u/GotAhakkalugi	fmk32hs	u/supersaiyanMeliodas	fmk2bbr	C
2020-04-05 23:28:56.948426	u/IshaanSamant	fmk383t	u/Knighthood666999	fmjnzkr	C
2020-04-05 23:29:03.199466	u/DarkAomni	fmk38lp	u/ight-imma-head-out7	fmj6ivj	C
2020-04-05 23:29:06.139253	u/Edipix	fmk390r	u/franklin2014ish	fvr6od	S
2020-04-05 23:29:20.015861	u/iamnotkryp9	fmk39zq	u/poop2smell	fmjvcd0	C
2020-04-05 23:29:37.376609	u/Habanero7234	fmk3b2c	u/ThompsonGun1921	fmk32gi	C
2020-04-05 23:29:45.006900	u/Jooylo	fmk3bk4	u/BarryBreadson	fmjyv9m	C
2020-04-05 23:29:47.948114	u/joelingo111	fmk3bpn	u/WallyTheWelder	fmj94r0	C
2020-04-05 23:29:53.412762	u/Derpyguy3333	fmk3cfx	u/Aniphobos	fmjs30e	C
2020-04-05 23:29:54.402544	u/watergoblin17	fmk3cig	u/Noklle	fmk2koq	C
2020-04-05 23:29:55.449035	u/IBB56	fmk3cko	u/ilostdiamondsinmc	fmjagt6	C
2020-04-05 23:30:01.621014	u/DrakeMT1	fmk3des	u/xdawe	fmk3ch6	C
2020-04-05 23:30:12.811158	u/Butterfrisk1	fmk3dvk	u/Datboi4156	fmk2bet	C
2020-04-05 23:30:26.964477	u/shortstackboy	fmk3en5	u/LuftwaffeI	fmk39hl	C
2020-04-05 23:30:41.126165	u/JMH5909	fmk3f4j	u/malindu_06	fmk2tuq	C
2020-04-05 23:30:46.687418	u/RamBig55small	fmk3feg	u/KingRhoamOfHyrule	fmjs9zc	C
2020-04-05 23:31:11.257676	u/Comm-coconut3	fmk3ghr	u/Satanicron	fmk1zr9	C
2020-04-05 23:31:26.419480	u/Sabatonandchfan	fmk3hlq	u/ReySenate	fmj7zo7	C
2020-04-05 23:31:49.071409	u/WillNeverCheckInbox	fmk3ivd	u/ViciousKiwi_MoW	fmjrqhq	C
2020-04-05 23:32:00.038438	u/xXBlazeBusterXx	fmk3j3y	u/PuertoricanDude88	fmieyzi	C
2020-04-05 23:32:21.688331	u/yeahggiguess	fmk3jxk	u/Deadpools_Poodle	fmk3ev7	C
2020-04-05 23:32:43.072494	u/Rensence	fmk3knt	u/TRIS74N	fmk3j76	C
2020-04-05 23:32:52.741387	u/AmericanMurderLog	fmk3l3h	u/8io4	fmk2n04	C
2020-04-05 23:33:40.781283	u/Cyfio	fmk3nkd	u/The_French_Spy	fmk3hh6	C
2020-04-05 23:33:51.869982	u/Joeytally	fmk3nrn	u/WallyTheWelder	fmjnz1x	C
2020-04-05 23:34:01.600141	u/908comet	fmk3ohl	u/r_reeds	fmk3f36	C
2020-04-05 23:34:33.372701	u/TheHerpsMaster	fmk3q9q	u/IonicSinclair	fmjzydi	C
2020-04-05 23:34:58.449452	u/ikeisaperson	fmk3rb2	u/eddy-please	fmk3myw	C
2020-04-05 23:35:15.944012	u/bobert_17	fmk3s6r	u/Angelov317	fmk2830	C
2020-04-05 23:35:58.446365	u/Aeon321	fmk3tx6	u/AWSowner	fmjtqbh	C
2020-04-05 23:36:06.537574	u/deaNOS144	fmk3ul1	u/908comet	fmk3ohl	C
2020-04-05 23:36:10.567825	u/OdSonOut	fmk3uo4	u/themexicoman	fmk3mj1	C
2020-04-05 23:36:29.964767	u/mOdSrBiGgHeY	fmk3v9j	u/WallyTheWelder	fmk1mql	C
2020-04-05 23:36:38.403980	u/THATSTRANGEMISTAKE	fmk3vm2	u/Pigpenlordofdirt	fvecd5	S
2020-04-05 23:37:34.389763	u/poorly_rendered	fmk3ynf	u/oakaxe	fmjopdd	C
2020-04-05 23:38:53.822788	u/dd1254	fmk41oo	u/Reasonable_Crackhead	fmk0w47	C
2020-04-05 23:39:00.762820	u/Frankenstein_3	fmk41z1	u/pranksterman55	fmk3bxt	C
2020-04-05 23:39:39.392479	u/carl-the-lama	fmk44ea	u/spacincommie	fmj35uk	C
2020-04-05 23:40:24.416850	u/ABandofBaboons	fmk46vg	u/Condude46	fmk2bs8	C
2020-04-05 23:40:56.909163	u/Lxc_elexie	fmk4802	u/tht_prelude_guy	fmk41kx	C
2020-04-05 23:41:44.248169	u/coffeeforhire	fmk49n8	u/The_92nd	fmjqdhs	C
2020-04-05 23:41:52.574987	u/blindafisha	fmk49x0	u/PokTux	fmhsj76	C
2020-04-05 23:42:05.677710	u/I_cant_think_of_one1	fmk4abm	u/stuey-2dos	fmjxt8l	C
2020-04-05 23:42:07.922376	u/ThatPenguinGuy12	fmk4ac2	u/XLKhalid	fmk2k2u	C
2020-04-05 23:42:35.444060	u/bigbadmothafucka	fmk4b92	u/retrokirbknowsbest	fmjixao	C
2020-04-05 23:42:39.902554	u/Loose-Screws	fmk4bhe	u/RepostSleuthBot	fmk47b7	C
2020-04-05 23:42:47.605195	u/Raghav2995	fmk4btn	u/deaNOS144	fmk3ul1	C
2020-04-05 23:43:38.514607	u/DonSab	fmk4e5f	u/CoochieFister69420	fmk09ix	C
2020-04-05 23:43:42.808624	u/MulberryChart	fmk4em7	u/Animeisgaebruhment	fmk3rt4	C
2020-04-05 23:43:53.941942	u/tuydyfuchffu	fmk4ezq	u/Deathnoob101	fmk2y6m	C
2020-04-05 23:44:02.682038	u/mike8687	fmk4fiq	u/the_red_party_alt	fmk3vb9	C
2020-04-05 23:45:29.665395	u/Blue_Octopus_21901	fmk4l7u	u/omck6	fmk3xq1	C
2020-04-05 23:45:32.597626	u/MnChRmSt	fmk4lce	u/TangyBoi3	fmk4654	C
2020-04-05 23:46:46.981927	u/Wouldyoulikesomestew	fmk4okd	u/zarseem-dyartes	fmj64i0	C
2020-04-05 23:48:37.209610	u/AliciaTries	fmk4vru	u/mugnog_567	fmk4gtw	C
2020-04-05 23:48:43.628089	u/What-is-life77	fmk4vyy	u/tetra8860	fmk03cf	C
2020-04-05 23:48:49.280655	u/prepared2party	fmk4wcs	u/Shadow_VTJ	fmjcrsb	C
2020-04-05 23:49:08.277615	u/VerifiedThiccBoi	fmk4xrx	u/MrProbation	fmk4mux	C
2020-04-05 23:49:26.217797	u/MisfitPotato121	fmk4ywk	u/Jelyarms	fmeipkn	C
2020-04-05 23:49:29.079664	u/necr0trix	fmk4z4e	u/khaledalnahas	fmk1azp	C
2020-04-05 23:49:30.315972	u/respectful-tiktoker	fmk4z6a	u/Universalistic	fmjdw55	C
2020-04-05 23:49:40.791416	u/random--fandom	fmk5068	u/MrMatt88	fmk4fnd	C
2020-04-05 23:49:50.275265	u/LachlanJH	fmk5158	u/mugnog_567	fmk4gtw	C
2020-04-05 23:51:19.071033	u/67CometVoyager	fmk55pk	u/Bhawks489	fmjmmxs	C
2020-04-05 23:51:38.113700	u/itsbigboimike	fmk566q	u/abductedpeanut	fmk0urn	C
2020-04-05 23:52:07.566109	u/rogs1	fmk57ix	u/thiefyzheng	fmk54pi	C
2020-04-05 23:52:57.647478	u/williamtuco	fmk5anh	u/nature-will-win	fmk4fhu	C
2020-04-05 23:53:08.826697	u/Eldrek_	fmk5aym	u/Irrational-Charisma	fmje48e	C
2020-04-05 23:53:13.208606	u/isumisum08	fmk5b20	u/LonelyPole	fmk0fjh	C
2020-04-05 23:53:18.496543	u/defkacito	fmk5b57	u/21ASus12	fmjj47k	C
2020-04-05 23:53:30.293657	u/Creepydude1010	fmk5bph	u/MrsHDG	fmk5awj	C
2020-04-05 23:53:32.486932	u/DevoNorm	fmk5bty	u/dmMatrix	fmjwluc	C
2020-04-05 23:53:36.761116	u/Cream-Benzema	fmk5bug	u/Metalona	fmiiwzh	C
2020-04-05 23:53:40.380079	u/senor-spud	fmk5bz8	u/mugnog_567	fmk4gtw	C
2020-04-05 23:54:20.147723	u/gdhdhe	fmk5dg1	u/Illusioner100	fmjtzb9	C
2020-04-05 23:54:26.637352	u/manouna-theo	fmk5dxz	u/skate3pro	fm4yeuv	C
2020-04-05 23:54:32.029288	u/parola123y	fmk5e44	u/TRIS74N	fmk56kr	C
2020-04-05 23:54:36.351871	u/Dyscordio	fmk5eiy	u/mike8687	fmk4fiq	C
2020-04-05 23:54:44.889054	u/TimTheChatSpam	fmk5ert	u/ehgwdf	fmj1e8d	C
2020-04-05 23:54:59.907541	u/rizeque	fmk5f7t	u/RepostSleuthBot	fmk51sq	C
2020-04-05 23:55:15.197716	u/lushJojojo	fmk5g3k	u/avioli22	fmk55i3	C
2020-04-05 23:55:30.095998	u/nintenbroyt	fmk5go2	u/TangyBoi3	fmk2ka5	C
2020-04-05 23:55:46.562799	u/Konah_Bludvist	fmk5hyj	u/ToastyToaster00	fvq1fm	S
2020-04-05 23:56:11.066918	u/abhays602	fmk5j74	u/mugnog_567	fmk4gtw	C
2020-04-05 23:56:19.779417	u/Psychotic_Ambition	fmk5jqf	u/mugnog_567	fmk4gtw	C
2020-04-05 23:56:29.744832	u/majdarose	fmk5kcb	u/flyingtacos_674	fmk4mwg	C
2020-04-05 23:57:00.352511	u/BlazeFuryBlade	fmk5mi3	u/mugnog_567	fmk4gtw	C
2020-04-05 23:57:07.020828	u/the-only-avocado	fmk5n5s	u/Faed1ng	fmjxutp	C
2020-04-05 23:57:20.004461	u/Ze_WeirdGoblino	fmk5o2v	u/Sly9292	fmj11ud	C
2020-04-05 23:57:28.773211	u/myleftoneissmaller	fmk5oh2	u/hoagy44	fmj1zh6	C
2020-04-05 23:57:30.569275	u/Uregurlarasian2087	fmk5ohf	u/che_wee	fmiwejh	C
2020-04-05 23:58:21.379914	u/HeresMehLambSauce	fmk5spb	u/Draeym	fmjngbg	C
2020-04-05 23:59:14.547880	u/baba_yaga1001	fmk5vmg	u/zxhb	fmih0ow	C
2020-04-05 23:59:21.452908	u/joy_rose203	fmk5w2w	u/Condude46	fmk4ccv	C
2020-04-05 23:59:27.030395	u/Sonadowlover2001	fmk5wi5	u/techie410	fmk4862	C
2020-04-05 23:59:41.228800	u/Eb-Legit	fmk5xt0	u/RepostSleuthBot	fmk5qtk	C
2020-04-05 23:59:43.152854	u/deepspacedan	fmk5xyr	u/mugnog_567	fmk4gtw	C
2020-04-05 23:59:59.580876	u/CatLSN	fmk603j	u/grunge4hire	fmil7hv	C
