2020-04-02 18:00:05.669002	u/Drancer_Specter	fm9afks	u/9yearsalurker	fm8hht0	C
2020-04-02 18:00:13.926881	u/imbored_lucas	fm9afw6	u/Kkdruitloops	flsufnx	C
2020-04-02 18:00:19.944557	u/Pickle_Flavored_Meme	fm9agcv	u/Sparsebutton922	fl6fjps	C
2020-04-02 18:00:32.681549	u/silvusx	fm9agkw	u/SpiralTap304	fm94fqm	C
2020-04-02 18:00:57.692000	u/Leinad_Ger	fm9ahtz	u/BIGDPP68	fm9a2wt	C
2020-04-02 18:01:00.093675	u/blaitedot	fm9aicw	u/XMisterCrabzX	fm93ww5	C
2020-04-02 18:01:14.794982	u/Kjouse	fm9aiwn	u/retekarcu	fm95dex	C
2020-04-02 18:01:32.549884	u/Probably-a-dude	fm9ajl8	u/MightyElemental	fm99k74	C
2020-04-02 18:01:39.692988	u/Alfoyd	fm9aju3	u/ygrhmn	fm8xoeg	C
2020-04-02 18:01:56.812693	u/PeDraBugada	fm9aktr	u/PranayNighukar	fm8inej	C
2020-04-02 18:02:20.133592	u/Corporal-Porpoise	fm9amk6	u/totally_not_ac3	fm9a1ld	C
2020-04-02 18:02:43.230535	u/JayYay667	fm9anno	u/anime_forever03	ftqfue	S
2020-04-02 18:02:57.732997	u/JohnPershavac	fm9anyc	u/CrikkLukkk420	fm969pn	C
2020-04-02 18:03:17.254305	u/greve420	fm9app4	u/NotYetiCake	fm98y1g	C
2020-04-02 18:03:21.506893	u/Ace_D_Dragneel	fm9apqp	u/ergfty	fm6hg8a	C
2020-04-02 18:03:38.921249	u/GorshokSRomom	fm9aqgj	u/grizhe1	fm98j6q	C
2020-04-02 18:03:59.621239	u/kleinewies	fm9as77	u/AndrexOfAsgard	fm99snd	C
2020-04-02 18:04:09.891528	u/JekyllLantern	fm9asr5	u/AndrexOfAsgard	fm96qhn	C
2020-04-02 18:04:19.421246	u/zygmuntlox	fm9at5s	u/jaerie	fm95lfi	C
2020-04-02 18:04:33.590271	u/Picnut	fm9atpf	u/dub273	fm8vbh3	C
2020-04-02 18:04:52.428071	u/IIllIlIIllIllIIIllIl	fm9auv3	u/DeliciousAtomicBomb	fm7w0a2	C
2020-04-02 18:05:11.928043	u/Sparkando	fm9avq0	u/michaelmikeymike	fm8erum	C
2020-04-02 18:06:10.512880	u/analbutcher	fm9az07	u/_pc_-_-_	fm99431	C
2020-04-02 18:06:13.641683	u/ligmanoo	fm9az27	u/Adrot2007	fm928ii	C
2020-04-02 18:06:16.669012	u/JohnFortnite_Kennedy	fm9az5k	u/racerfree	fm89h0y	C
2020-04-02 18:06:24.383421	u/MrFuture2	fm9azip	u/farisisgoingtokillu	fm935jy	C
2020-04-02 18:06:31.966586	u/Evernya	fm9azsn	u/YammHamm	fm9anwy	C
2020-04-02 18:06:56.148825	u/memelover4206966	fm9b1id	u/Doubletap-v02	fm9a4ph	C
2020-04-02 18:06:59.777391	u/why-is-toast	fm9b1pp	u/Papa-Pepperoni1	fm8wleg	C
2020-04-02 18:07:09.494359	u/IdiotKidYT	fm9b289	u/Swirling_Stars_333	fm9azjf	C
2020-04-02 18:07:27.889971	u/that1gamer76	fm9b39y	u/RepostSleuthBot	fm94e2e	C
2020-04-02 18:07:47.731468	u/G8stGOATOfAllTime	fm9b4tx	u/YoloNinjaReddit	fm0gu0r	C
2020-04-02 18:07:56.261436	u/Awwww__man	fm9b5e0	u/_dashinn_	fm93841	C
2020-04-02 18:08:07.162123	u/twistedroyale	fm9b62n	u/RepostSleuthBot	fm8wt8g	C
2020-04-02 18:08:21.291809	u/dummybutt2_	fm9b6tz	u/Donyiscute	fm7ekaz	C
2020-04-02 18:08:23.120111	u/coyote_make_memes	fm9b6ue	u/HushedArrow	fm9apva	C
2020-04-02 18:08:35.848019	u/eat_nuts69	fm9b7tz	u/HUNuser77	fm954re	C
2020-04-02 18:09:09.585333	u/BigBrainsLol	fm9bais	u/Purplecowpig	fm8qkkg	C
2020-04-02 18:09:17.842441	u/rk347	fm9bb8w	u/Novax37149	fm97lo5	C
2020-04-02 18:09:26.241909	u/Vent_0402	fm9bbu4	u/endslayer101	fm9b8e6	C
2020-04-02 18:09:43.041317	u/RainWave_	fm9bctq	u/PopeFrancisLXIX	fm9b88g	C
2020-04-02 18:09:51.498264	u/Popplio_Loves_Gaming	fm9bdv1	u/RepostSleuthBot	fm9ab23	C
2020-04-02 18:09:53.538003	u/piekay	fm9be5l	u/MoreThanNormalRegret	fm8vhh0	C
2020-04-02 18:09:59.365150	u/microLOL6611	fm9beum	u/JustMobsReddit	fm8hpxe	C
2020-04-02 18:10:19.655341	u/Jaface	fm9bg22	u/daniel5764	fm99ut9	C
2020-04-02 18:11:07.594413	u/LordGorzon	fm9bi4c	u/KB-2	fm7m3yv	C
2020-04-02 18:11:12.250961	u/Rabidbunny1	fm9bif8	u/tetra8860	fm99j5z	C
2020-04-02 18:11:24.089456	u/LipsonNeLivson	fm9bitb	u/StaticDiction	fm9b6ek	C
2020-04-02 18:11:29.733649	u/memer443	fm9bj28	u/jonesyfeels	fm9be89	C
2020-04-02 18:12:34.807097	u/randomshtuffhappens	fm9bneu	u/scorpio1132	fm9bjbg	C
2020-04-02 18:12:39.901713	u/xmarique	fm9bny0	u/JayKB_YT	fm8t3gg	C
2020-04-02 18:13:01.009722	u/0x4f0x770x610x690x73	fm9bouu	u/Thr0w4w4yf0r3v127	fm8uu78	C
2020-04-02 18:13:17.827187	u/_farmer_guy_	fm9bpzo	u/ZHiddaX	ftvfgo	S
2020-04-02 18:13:26.814231	u/Ssslytherin-	fm9bq84	u/HelloThere501	fm9bc1z	C
2020-04-02 18:13:34.749419	u/chickwens	fm9bqiv	u/bigchillsharky	fm7ocqn	C
2020-04-02 18:13:37.108199	u/notacommiesupporter	fm9bqmu	u/Wy4ttd4m4n	fm8t14h	C
2020-04-02 18:13:58.176243	u/ArsenicReddits	fm9brnw	u/UgandanShrekBoi	fm7cxha	C
2020-04-02 18:14:11.102830	u/hyunnymanny	fm9bscw	u/RaNdOmKaReNdEsTrOyEr	fm9b3g5	C
2020-04-02 18:14:56.603947	u/SomedumbBilliefan	fm9burq	u/mr_primerib	fm89qdh	C
2020-04-02 18:15:13.306839	u/msmith721	fm9bvbw	u/kingjoshington	fm9appr	C
2020-04-02 18:15:16.288209	u/IguanasWithDigBicks	fm9bvia	u/Patrick_Bot2	fm98n6q	C
2020-04-02 18:15:18.327328	u/artOftheBush	fm9bvl9	u/WhiteNibba777	fm94skf	C
2020-04-02 18:15:25.659594	u/yeeturfeet24	fm9bw2c	u/FlimFlamgo	fm9b9zm	C
2020-04-02 18:16:00.838312	u/randomino27	fm9bxvx	u/Kjouse	fm9aiwn	C
2020-04-02 18:16:24.698672	u/FlexIng_oN_yALl	fm9bzyd	u/asamiichan	fm96z7d	C
2020-04-02 18:16:34.815335	u/kriszmv	fm9c0hf	u/Kjouse	fm9aiwn	C
2020-04-02 18:17:14.907531	u/yusuf1214	fm9c2pp	u/BunnyWarlock100	fm874mh	C
2020-04-02 18:17:23.946505	u/Abusing-Green	fm9c3av	u/muchawesomemyron	fm6dcmt	C
2020-04-02 18:17:53.114926	u/TheJaaju	fm9c5fx	u/Yeeaahduudee	fm9a0ff	C
2020-04-02 18:17:58.417734	u/cat_person013	fm9c5qk	u/Kitebot001	ftt3a3	S
2020-04-02 18:18:12.620133	u/Line_of_sugar	fm9c6kz	u/Hellfire110	fm9bdkv	C
2020-04-02 18:18:26.341217	u/CUR-1-OUS	fm9c7dj	u/piekay	fm9be5l	C
2020-04-02 18:18:37.771692	u/Tommy_Palmtree	fm9c8p9	u/Bobbio1245dkw	fm8jx6o	C
2020-04-02 18:19:04.012005	u/Ndusen	fm9c9fm	u/Billy_T_Wierd	fm99qap	C
2020-04-02 18:19:09.051419	u/HFHTheplague	fm9ca3i	u/Skyblue714	fm8upfl	C
2020-04-02 18:19:11.195609	u/spellitwithau	fm9ca4r	u/benhateskpop73	fm9c6nr	C
2020-04-02 18:19:17.479805	u/WhyMaUsernameTaken	fm9cahn	u/Kind-Pop	fl3zlqu	C
2020-04-02 18:19:35.552234	u/VLRaivo	fm9cbe9	u/RepostSleuthBot	fm94e2e	C
2020-04-02 18:19:40.621948	u/Therealnoobumut	fm9cbwn	u/ploptropico	fm92ss9	C
2020-04-02 18:19:46.365852	u/ZeSpitfire	fm9ccag	u/SparXs13542	fm9aq4a	C
2020-04-02 18:19:51.729537	u/SuperAnonymous287	fm9cd66	u/rk347	fm9bb8w	C
2020-04-02 18:19:52.988936	u/LowJelly	fm9cda0	u/TRDPaul	fm7v39o	C
2020-04-02 18:20:21.052882	u/Pyrolaxian	fm9cf7x	u/Username-Taken-01	fm99ja8	C
2020-04-02 18:20:44.073057	u/BradSaint17	fm9cg7a	u/Wheel31	fl5790b	C
2020-04-02 18:22:10.874905	u/DiamondMiner88_	fm9cjrk	u/OwlBoiy	fm8h1p2	C
2020-04-02 18:22:38.944837	u/Nydall	fm9clk3	u/darthphallic	fm9c3ql	C
2020-04-02 18:22:42.644888	u/cykoyumi	fm9clmg	u/ptyson1	fm9bz6v	C
2020-04-02 18:23:03.526740	u/khrishan	fm9cm3o	u/two40zieks7	fm9ckbh	C
2020-04-02 18:23:31.309641	u/Babboz95	fm9cnsa	u/timmycat2007	fm8b4jw	C
2020-04-02 18:23:35.454107	u/xd_Detective	fm9cnvw	u/RepostSleuthBot	fm9bf7h	C
2020-04-02 18:23:38.732658	u/shael119	fm9cnyw	u/SketchPV	fm9b1vw	C
2020-04-02 18:23:48.705477	u/WARLORDROBB	fm9cojv	u/leko-baye	fm9chyr	C
2020-04-02 18:23:52.160283	u/crime_guy	fm9copc	u/Chief_Beef_BC	fm8wsro	C
2020-04-02 18:23:59.922432	u/rowasolo4138	fm9couy	u/nbirdie100	fm9cjo3	C
2020-04-02 18:24:35.044505	u/Trotskinator	fm9crlw	u/HelloThere501	fm9bc1z	C
2020-04-02 18:25:21.264717	u/MrStabz01	fm9cuul	u/5p4n911	fm91a8s	C
2020-04-02 18:25:24.334189	u/Injuredcaliman	fm9cuzk	u/abominationz777	fm9831m	C
2020-04-02 18:25:27.383261	u/Wrigleydog20151	fm9cv5u	u/l-Blue-I	fm8rho9	C
2020-04-02 18:25:45.636105	u/Segunsacchi	fm9cw14	u/SimpleQuantum	fm9chlf	C
2020-04-02 18:25:55.847553	u/DEX_Legendzz13	fm9cwhu	u/Girlysprite	fm8yx00	C
2020-04-02 18:26:11.007641	u/MrAndMrsPepperSpray	fm9cxdp	u/CuteNinja1	fm8fds1	C
2020-04-02 18:26:20.644369	u/IAmNotDino	fm9cxxm	u/Thr0w4w4yf0r3v127	fm8uu78	C
2020-04-02 18:26:45.622421	u/HyperRobot100	fm9cywj	u/RepostSleuthBot	fm95yux	C
2020-04-02 18:27:17.972465	u/TheRottenWaffle	fm9d1qh	u/TheRealWinDexTer	fm897ce	C
2020-04-02 18:28:08.711395	u/le-holy-doggo	fm9d55v	u/youfibbedinjanuary	fm92as7	C
2020-04-02 18:28:16.909471	u/warning_containsdhmo	fm9d5ko	u/Dikhed7410	fm911xm	C
2020-04-02 18:28:33.736971	u/shatteredandsundered	fm9d72h	u/pixellampent	fm912cr	C
2020-04-02 18:29:29.491288	u/ian_normus	fm9dbth	u/Wazzledoop	fm978bd	C
2020-04-02 18:29:43.200845	u/kid-that	fm9ddcm	u/Supermagna56	fm8r70f	C
2020-04-02 18:29:45.964202	u/OWOs_in_hell	fm9ddq3	u/Bread_Queen740	fm95abq	C
2020-04-02 18:29:50.724510	u/twopuzzledoggy	fm9de1u	u/MoreThanNormalRegret	fm8t8ca	C
2020-04-02 18:30:33.392833	u/EzJuli	fm9dg21	u/ploptropico	fm9cnbk	C
2020-04-02 18:30:40.300353	u/DeathStarTrojan	fm9dg7w	u/sah_nzr	fm9cjm3	C
2020-04-02 18:30:52.203374	u/astan9988	fm9dh01	u/RepostSleuthBot	fm9def7	C
2020-04-02 18:31:24.220430	u/Jundope	fm9dioo	u/JayKB_YT	fm8t3gg	C
2020-04-02 18:31:28.030668	u/Hello2930	fm9dipw	u/hey-not-gay-am-dad	fm4vfhi	C
2020-04-02 18:31:34.957089	u/Reddit-Me-Harder	fm9dj3d	u/Gruski_Lives	fm99x7u	C
2020-04-02 18:31:39.440986	u/Harpie24	fm9djjp	u/BigBrainsLol	fm9bais	C
2020-04-02 18:31:51.552633	u/momo-the-Dark-Callum	fm9dkkh	u/XMisterCrabzX	fm93ww5	C
2020-04-02 18:32:41.353400	u/Pepsi-Part-YAY	fm9dn8y	u/e_registeel	fm9c6on	C
2020-04-02 18:32:47.015505	u/winterparsley9	fm9dnca	u/itzkroyyy	fm7xcw3	C
2020-04-02 18:32:55.367084	u/oingo-boingo-brother	fm9dnqq	u/RepostSleuthBot	fm9d9i8	C
2020-04-02 18:33:59.046922	u/Kilroy_Is_Still_Here	fm9dqy6	u/InstantName	fm7dpwh	C
2020-04-02 18:34:31.579364	u/the_real_hodgeka	fm9dso6	u/SirRandyMarsh	fm95cx3	C
2020-04-02 18:35:14.327882	u/securecactus18	fm9dv24	u/issa_good_day	fm70csm	C
2020-04-02 18:35:35.749938	u/Tox6ix	fm9dwg1	u/Flaming-taco	fm96h6w	C
2020-04-02 18:36:25.687415	u/MemesThatSaveMe	fm9dzfa	u/Spongebosch	ftnyiz	S
2020-04-02 18:36:29.508670	u/FastWinsTheRace	fm9dzn5	u/LOSINMYMIND757	fm83as2	C
2020-04-02 18:36:39.402556	u/YEET-ME-FEET	fm9dzul	u/AutoModerator	fm89ef6	C
2020-04-02 18:37:01.970364	u/betagamerrr	fm9e14s	u/totally_not_ac3	fm91qls	C
2020-04-02 18:37:24.775043	u/onetruepal	fm9e2up	u/AHeldalil	fm9dzcs	C
2020-04-02 18:37:31.417067	u/Mau5Vad3r	fm9e3dw	u/ireallylovesnails	fm973xg	C
2020-04-02 18:37:39.297245	u/AnglicizedHellinist	fm9e3tz	u/BobtheJoeBob987	fm8u5aw	C
2020-04-02 18:38:15.200295	u/Diulos	fm9e5to	u/AHeldalil	fm9dq1q	C
2020-04-02 18:38:25.628844	u/Jopeyboi	fm9e6of	u/AHeldalil	fm9dq1q	C
2020-04-02 18:38:56.123876	u/Crysllar	fm9e7v6	u/CUR-1-OUS	fm9c7dj	C
2020-04-02 18:39:28.220030	u/vmangamer64	fm9ea8q	u/ultraman7676	fm8zudz	C
2020-04-02 18:39:36.601177	u/HitlersaurusChrist11	fm9ebkf	u/invited2pants_party	fm9c60l	C
2020-04-02 18:39:45.438973	u/therinwhitten	fm9ecgm	u/MoreThanNormalRegret	fm8t8ca	C
2020-04-02 18:39:58.306733	u/Magmaguard	fm9eegw	u/crappy-mods	fm72jzt	C
2020-04-02 18:40:33.849349	u/Rocket_cats	fm9eg6u	u/06Grill	fm9dy41	C
2020-04-02 18:40:38.618624	u/JustAnotherGyt	fm9egf2	u/JuicyRice12	fm86s7n	C
2020-04-02 18:41:27.800406	u/_Kerrii_	fm9eiq9	u/ligmanoo	fm9az27	C
2020-04-02 18:42:03.970772	u/roleeeeen	fm9ejz9	u/Solarburst	fm99ufb	C
2020-04-02 18:42:18.168351	u/Alusion	fm9ekdi	u/nacholibre23	fm9e6py	C
2020-04-02 18:42:44.419826	u/nono287dxb	fm9ell2	u/nlolhere	fm8l9cr	C
2020-04-02 18:43:03.596716	u/Pegguins	fm9emaa	u/RealSyloz	fm8r8d6	C
2020-04-02 18:43:23.183089	u/chickpeaman	fm9enoe	u/invited2pants_party	fm9c60l	C
2020-04-02 18:43:28.993045	u/Hydr0lava	fm9enra	u/IrishDynamite	fm98hu1	C
2020-04-02 18:43:54.054011	u/KingsBanx	fm9eovv	u/RepostSleuthBot	fm9djs1	C
2020-04-02 18:44:44.819525	u/budmoney	fm9erql	u/GreedyJester	fm979c3	C
2020-04-02 18:45:13.203385	u/FinnHasAHat	fm9esj4	u/TheJaaju	fm8ebby	C
2020-04-02 18:45:22.383746	u/El_Mr64	fm9et2c	u/The_meme_devil	fm9a0bi	C
2020-04-02 18:45:31.600749	u/TheOneAndOnlyOwen	fm9etgq	u/ThyFlyPanda	fm8dsk8	C
2020-04-02 18:45:40.798338	u/aznsensation8	fm9etyf	u/cajun89cam	fm6lwhi	C
2020-04-02 18:45:51.097049	u/SomePlantFern	fm9euc4	u/ggdabs	fm9etgn	C
2020-04-02 18:45:56.176510	u/Doopiepooopie	fm9euje	u/i-feed-on-memes	fm8n9yx	C
2020-04-02 18:46:25.144673	u/elijah6901	fm9evzd	u/TheRealWinDexTer	fto24p	S
2020-04-02 18:47:40.048895	u/CantToughThis	fm9ezts	u/Cynical_Llama	fm9dc9t	C
2020-04-02 18:47:54.597289	u/werk_werk_twerk	fm9f13r	u/Youfkingapologist	fm9can9	C
2020-04-02 18:48:48.530779	u/zboy101	fm9f5mg	u/Acidic_White_Girl	fm94deo	C
2020-04-02 18:48:58.159274	u/LuckyNinja5	fm9f6e7	u/Probably-a-dude	fm9ajl8	C
2020-04-02 18:49:06.445440	u/tizsnag	fm9f6p4	u/invited2pants_party	fm9c60l	C
2020-04-02 18:49:25.406453	u/erkora	fm9f7ys	u/Thr0w4w4yf0r3v127	fm8uu78	C
2020-04-02 18:49:36.328305	u/Minute_Cheesecake	fm9f8u5	u/hyunnymanny	fm9bscw	C
2020-04-02 18:49:44.531858	u/Sergeant_Sushi1	fm9f9fb	u/IAmNotDino	fm9cxxm	C
2020-04-02 18:49:51.733767	u/Footmanzz	fm9fa7e	u/SeMyasam	fm9bt4s	C
2020-04-02 18:50:05.829350	u/th3_queen_of_hell	fm9fbf9	u/MetalMewtwo9001	fm94hx4	C
2020-04-02 18:50:47.636861	u/Roguen1995	fm9fd5q	u/DeathStarTrojan	fm9f9ft	C
2020-04-02 18:51:08.761558	u/kermitxshrek	fm9fdyf	u/Memphistophelian	fm8rxx0	C
2020-04-02 18:51:12.212568	u/Dulluby	fm9fe43	u/leaderofthevirgins	fm8npff	C
2020-04-02 18:52:27.251746	u/Vaseline13	fm9fi1s	u/0728Red	fm94dc7	C
2020-04-02 18:52:29.604806	u/Eskim0jo3	fm9fi6j	u/Kitebot001	fm9dlr4	C
2020-04-02 18:52:47.979978	u/TrSS98	fm9fim7	u/Giant_Bee_Stinger	fm80gr2	C
2020-04-02 18:53:40.230192	u/baristafukkboy	fm9fkyk	u/Gasenos	fm7f89m	C
2020-04-02 18:53:42.441249	u/I_Liek_Me_Me	fm9fkz1	u/ggdabs	fm9ex68	C
2020-04-02 18:53:52.332328	u/someonefinaly	fm9flbt	u/NoahTorpXd2	fm917eh	C
2020-04-02 18:54:11.116768	u/MilanKnorke123	fm9fm5r	u/CowCluckLated	fihl1os	C
2020-04-02 18:55:09.943592	u/Kadberg	fm9fpw7	u/Oki-Birb	fm9fmik	C
2020-04-02 18:55:31.595809	u/VeryBigGnome	fm9frmh	u/datboiJR	fm8w56m	C
2020-04-02 18:55:47.079902	u/jkomega28	fm9ft7x	u/tizsnag	fm9f6p4	C
2020-04-02 18:55:50.074809	u/DAproGAMER32123	fm9ftcf	u/Cazuzle	fm983e0	C
2020-04-02 18:56:42.556443	u/TheBlueBlaze007	fm9fw10	u/DrumsFromDemaOnYT	fm9enbh	C
2020-04-02 18:57:07.140302	u/Hipponoi	fm9fxbf	u/Crimson_Synthwave	fm9efm6	C
2020-04-02 18:57:26.037705	u/SydneyMClarke	fm9fyb2	u/benhateskpop73	fm9cieh	C
2020-04-02 18:57:30.817985	u/WoeTur	fm9fz0v	u/RasAlGhooly	fm9fe22	C
2020-04-02 18:57:35.277151	u/Alessandro_Gatto	fm9fzcn	u/LAZ_EE	fm938x7	C
2020-04-02 18:57:50.066674	u/itssmuug	fm9g0aj	u/Cazuzle	fm8xkbh	C
2020-04-02 18:58:10.232854	u/BigPorygon	fm9g1ks	u/tizsnag	fm9f6p4	C
2020-04-02 18:58:11.914541	u/Swaggydingdong-g	fm9g1qb	u/PotatoeAndGravy	fm8msy2	C
2020-04-02 18:58:20.770669	u/Lotad38	fm9g2c3	u/Psycho_Psychologist	ftoonw	S
2020-04-02 18:58:32.062780	u/Raphyboi69	fm9g3e0	u/JacobWasTaken	fts1y2	S
2020-04-02 18:58:39.764611	u/vortexgaming1_	fm9g3su	u/nala4978	fm8xsk8	C
2020-04-02 18:58:54.352304	u/Ethan4891	fm9g4kw	u/Hipponoi	fm9fxbf	C
2020-04-02 18:59:09.031068	u/GNZ-SquiD	fm9g5du	u/southwoodhunter	fm97vaz	C
2020-04-02 18:59:13.159327	u/Gidman2003	fm9g5ny	u/PAT_5251	fm962nj	C
2020-04-02 18:59:17.945406	u/Rokkstar007	fm9g643	u/AdolfCosby	fm9dz55	C
2020-04-02 18:59:33.540944	u/Sybarite984	fm9g7iv	u/AHeldalil	fm9e8i3	C
2020-04-02 18:59:50.083193	u/Silly-Apples	fm9ga0i	u/Yurishirox	fm9e6v9	C
2020-04-02 18:59:53.503468	u/BoopyD0Opy	fm9gah9	u/Kitebot001	fm96jyd	C
2020-04-02 18:59:58.305497	u/Ankkapappa	fm9gbar	u/Kitebot001	fm9g545	C
