2020-04-12 09:00:27.358111	u/Robyn-G	fn6con3	u/SeiSaydy	fn6bp3k	C
2020-04-12 09:00:43.509545	u/TurnipAxeBadger	fn6copw	u/alfa619	fn6clyo	C
2020-04-12 09:01:25.964717	u/chipsonaft	fn6cp7f	u/chazzelton94	fn59tl2	C
2020-04-12 09:01:58.528646	u/kountrifiedone	fn6cpfu	u/execuTe656	fn6coau	C
2020-04-12 09:05:05.545965	u/Xanerons	fn6dujz	u/epic-gameer69	fn6csnt	C
2020-04-12 09:05:35.849493	u/CrakerHead1	fn6dutp	u/ServeTheRealm	fn66hfo	C
2020-04-12 09:07:12.557696	u/VibeChekk	fn6dw8v	u/radhumanrobot	fztez5	S
2020-04-12 09:07:17.241353	u/Hellwingz	fn6dw9c	u/-HiHi1212-	fn5ndzh	C
2020-04-12 09:07:32.582679	u/VoltOmega	fn6dwid	u/IDKAboutThis12554	fn69pxm	C
2020-04-12 09:07:51.607190	u/ILookAtMemesForHours	fn6dwya	u/danteungas69	fn6c3ja	C
2020-04-12 09:08:27.657749	u/en338	fn6dxdp	u/RepostSleuthBot	fn6atw5	C
2020-04-12 09:09:00.454084	u/OmegaaSupremee	fn6dy4h	u/quickhakker	fn6560l	C
2020-04-12 09:09:49.837206	u/OscarOfAtlantis	fn6dyz2	u/KrabbyPatty2425	fn61h1y	C
2020-04-12 09:11:13.152533	u/fabilord98	fn6dzz3	u/ThompsonTom	fn62njx	C
2020-04-12 09:12:44.055205	u/sithlord890	fn6e14k	u/DrBag	fn5zg01	C
2020-04-12 09:13:55.176569	u/Asriel_Dreemurr07	fn6e1ty	u/ExtraComfortable4	fn6a5i9	C
2020-04-12 09:14:56.287397	u/Cruacious	fn6e2nd	u/MattBatz1991	fn6am5z	C
2020-04-12 09:15:06.088353	u/_ToxicReptile_	fn6e2q9	u/BeepBeepLettuce_69	fn6dsly	C
2020-04-12 09:15:18.616878	u/yaser92	fn6e2uk	u/Skycrapper_MnM	fn6d5cz	C
2020-04-12 09:16:30.958255	u/rasamuel	fn6e3qd	u/Protoss11	fn6bwc8	C
2020-04-12 09:16:48.251296	u/Disneylover69	fn6e41v	u/smellywilly88	fmze2o6	C
2020-04-12 09:17:40.288724	u/TheStarWarsCosmos	fn6e4rh	u/Big_Green_Tony	fn6deg7	C
2020-04-12 09:17:59.518625	u/Happychubs	fn6e564	u/meme_soapp	fn6e27z	C
2020-04-12 09:18:21.182539	u/Here_to_Help276	fn6e5m9	u/tearose11	fn5o2kl	C
2020-04-12 09:18:32.655925	u/flecksyb	fn6e5o6	u/pewdiepie-420-69	fn5u86j	C
2020-04-12 09:18:51.988950	u/RandomGamer1212	fn6e64c	u/Hahayeye	fn5uwcu	C
2020-04-12 09:18:56.400507	u/ReeeeeeeeeeeeeEe123	fn6e66o	u/TakelieeOnReddit	fn6bgeq	C
2020-04-12 09:23:15.931831	u/jursos	fn6e9yg	u/HannibalGoddamnit	fn6dfc9	C
2020-04-12 09:25:37.393601	u/HelpTheOrange	fn6fgre	u/lilisasai	fzugwz	S
2020-04-12 09:25:58.827035	u/buddha_for_mary	fn6fh8w	u/connor13525	fn5cv7i	C
2020-04-12 09:26:10.584951	u/LingLongFingFong	fn6fhfn	u/kingkong200111	fn6cz8r	C
2020-04-12 09:27:19.706676	u/Obviously-da-best	fn6fifv	u/AdmiralAckbar66	fn6cltm	C
2020-04-12 09:27:45.147897	u/thychip	fn6fj32	u/M1ghty_t-rex	fn6df5i	C
2020-04-12 09:28:02.627295	u/Ivan_the_classy_boi	fn6fji4	u/euphoriia___	fn6e50y	C
2020-04-12 09:28:50.418980	u/ihaveshittodoreddit	fn6fkmb	u/MusicmanRand	fn6fggj	C
2020-04-12 09:29:18.804398	u/LordYeastRing	fn6fldi	u/nikosanGR	fn6fiab	C
2020-04-12 09:29:28.864297	u/pringlethesecond	fn6fli9	u/jimmy1248	fn5xhuc	C
2020-04-12 09:29:57.099425	u/Baterial1	fn6fm93	u/FraSkywalker	fn6edrl	C
2020-04-12 09:29:58.442596	u/ZacSCT	fn6fmco	u/yes-i-am-a-human	fn66y4x	C
2020-04-12 09:30:13.324926	u/Electric_Spongebob	fn6fmrk	u/Ronin_69_	fn6ddqv	C
2020-04-12 09:31:19.672655	u/Infinite219	fn6fnr1	u/LeatherRegret	fn5zcd6	C
2020-04-12 09:31:45.952348	u/Waseem619	fn6fo0r	u/Smith812	fn6bkt8	C
2020-04-12 09:32:13.946476	u/FatSiamese	fn6fo8b	u/webechillinhere	fn5wj1r	C
2020-04-12 09:35:04.111133	u/okhellocatmeme	fn6fr03	u/RedditSuspendedMyAss	fn6cx2f	C
2020-04-12 09:35:22.039464	u/CharlatanNewsNetwork	fn6fr9l	u/El_Chairman_Dennis	fn5956b	C
2020-04-12 09:35:33.567979	u/Aenigmatrix	fn6frb1	u/Jeremy9566	fn6dkjv	C
2020-04-12 09:36:29.672020	u/Bill-Alator	fn6fs8h	u/SowrKiwi	fn6cz2y	C
2020-04-12 09:36:43.157335	u/jailbreaking321	fn6fsd5	u/TurnipAxeBadger	fn695ns	C
2020-04-12 09:36:47.989640	u/Larrystick17	fn6fsnr	u/RedWolf309	fn6a736	C
2020-04-12 09:37:23.013880	u/moaz12345	fn6ft2p	u/TurnipAxeBadger	fn695ns	C
2020-04-12 09:37:46.757857	u/selectash	fn6fths	u/Ckatalay	fn6eujw	C
2020-04-12 09:38:27.548285	u/saraluvcronk	fn6fumi	u/OtterMeneer	fn470c5	C
2020-04-12 09:38:42.099589	u/SoouLAr	fn6fv26	u/ARand0mHuman	fn6erj8	C
2020-04-12 09:39:40.471486	u/KluxeNb	fn6fwuf	u/bruh_moment42069oof	fn6famk	C
2020-04-12 09:39:48.693248	u/gsoh2oman	fn6fwzu	u/ajit916	fn6fpew	C
2020-04-12 09:40:12.324651	u/wallbloggerboy	fn6fxz7	u/The-Licker-Of-Balls	fn6fksy	C
2020-04-12 09:40:22.173032	u/subzeroxdking3	fn6fy23	u/KingOfTheHillAK	fn5tv82	C
2020-04-12 09:41:26.150055	u/psychicemo	fn6fyt0	u/ryokux	fn677hs	C
2020-04-12 09:42:24.526420	u/VadePostMeSatana	fn6fzee	u/AdvisedCelery	fn6e9pj	C
2020-04-12 09:42:58.809818	u/ilikebeanzz	fn6fzq7	u/Yagourt69	fn6feeu	C
2020-04-12 09:44:16.913412	u/polishbean	fn6g0rl	u/BestResponder1234	fn5u7k2	C
2020-04-12 09:46:12.154830	u/ViceXXII	fn6g2lw	u/Ida_Midgetman	fn6ele2	C
2020-04-12 09:46:46.905413	u/thesettingsun12358	fn6g38u	u/Hunterthergrandmelon	fn5pi9l	C
2020-04-12 09:48:23.195950	u/StingingLM	fn6g4sq	u/bakedbeansandwhich	fn66955	C
2020-04-12 09:48:25.151791	u/dmcleod94	fn6g4v9	u/squeezy102	fn6fs81	C
2020-04-12 09:48:45.748511	u/ESCROSEurd	fn6g54c	u/giladS697	fn6dxbj	C
2020-04-12 09:50:31.985378	u/BluePhoenixofSouls	fn6hhl3	u/daberle123	fn66037	C
2020-04-12 09:50:55.652329	u/suniryhpez	fn6hi1b	u/jailbreaking321	fn6fsd5	C
2020-04-12 09:52:03.225033	u/sumvenom	fn6hjy1	u/awesomepossum101	fn6h51l	C
2020-04-12 09:53:03.788232	u/dragonlance33	fn6hm0l	u/jxcktheripperxx	fn6hkft	C
2020-04-12 09:53:38.934908	u/vbdragonlover	fn6hmtw	u/Theicecoldyt	fn5rr4o	C
2020-04-12 09:53:48.436010	u/Toastedmetal	fn6hn29	u/isyaboyg	fn67dr3	C
2020-04-12 09:54:03.449292	u/carbob100	fn6hnra	u/DorkynatoR	fn6gf64	C
2020-04-12 09:54:13.487603	u/Kidbuugotsatan	fn6ho45	u/BenDreemurr44	fn6gc1a	C
2020-04-12 09:54:59.429998	u/TheOfficialRyann	fn6hp8i	u/Wanna_Post_Memes	fn6hmxg	C
2020-04-12 09:55:18.918023	u/demoknight-tf2	fn6hpdp	u/dat_random_boiii	fn6g0pr	C
2020-04-12 09:55:23.692210	u/Lucriiss	fn6hph5	u/Luketanyr	fn5z6wh	C
2020-04-12 09:55:36.429463	u/newspeer	fn6hpqs	u/IzzyBee89	fn63t9y	C
2020-04-12 09:55:54.802483	u/amemerlol	fn6hq5v	u/MOSCOWMOSCOW	fn5idta	C
2020-04-12 09:55:56.721646	u/traxineon	fn6hq6x	u/Theodore_Buckland_	fn6c5mp	C
2020-04-12 09:56:12.507127	u/15CaldwellJ	fn6hqlu	u/Senira_G	fn65mh3	C
2020-04-12 09:56:23.358950	u/Mage_914	fn6hqs1	u/Queqshka	fn6h2h0	C
2020-04-12 09:56:49.680675	u/hj_fit	fn6hrn8	u/Sepp-VI	fmeuas3	C
2020-04-12 09:57:07.381239	u/bertimann	fn6hsa4	u/ryokux	fn677hs	C
2020-04-12 09:57:16.028164	u/Weemoesh	fn6hsof	u/LucarioNN	fn6evcb	C
2020-04-12 09:57:21.382489	u/xJasen	fn6hszh	u/pootpootbird	fn6gkrp	C
2020-04-12 09:57:36.667230	u/Scooy_boiii	fn6htyu	u/sssmartin98	fn6hr8d	C
2020-04-12 09:57:43.838000	u/Cricket2222	fn6hu71	u/arham_sarawgi	fn6g3xy	C
2020-04-12 09:58:05.047710	u/covid-2022	fn6huy4	u/Omnom3709	fn6h1fj	C
2020-04-12 09:58:43.772382	u/_Itachi_-	fn6hwss	u/NiklasLjungdahl	fn6hou0	C
2020-04-12 09:58:48.862927	u/prof_henry_lee	fn6hww9	u/demoknight-tf2	fn6hpdp	C
2020-04-12 09:59:35.830952	u/CircuitMa	fn6hytl	u/draGDer	fn6ggwr	C
2020-04-12 09:59:45.859442	u/f0rg0t_my_passw0rd	fn6hzlm	u/sssmartin98	fn6hr8d	C
2020-04-12 09:59:51.410147	u/ShadowWarrior9341	fn6i0b8	u/savo_s_medem	fn6g2b1	C
