2020-04-10 08:00:11.066733	u/bigsmoke__69	fmzgb2z	u/Bleckflex	fmzfbgr	C
2020-04-10 08:00:26.021722	u/saleh14	fmzgbcd	u/Stinkypoop00	fmzg9vb	C
2020-04-10 08:01:14.514363	u/DPulkstenis	fmzgc3z	u/thedeathmachine	fmxqdmm	C
2020-04-10 08:01:45.192282	u/kippaliffo	fmzgcp2	u/rance_kun	fmzf2lp	C
2020-04-10 08:01:58.899598	u/FelixSR	fmzgd1w	u/agyad_arts	fmzg2vx	C
2020-04-10 08:02:14.725813	u/grandturtles	fmzgdd0	u/Kruger_Sheppard	fmzfh6b	C
2020-04-10 08:02:26.467405	u/Averell64	fmzgdj6	u/Vega_128	fmzddne	C
2020-04-10 08:02:28.652678	u/RATTRAP666	fmzgdkn	u/MAZENAHMED128	fmzbr8e	C
2020-04-10 08:02:50.617039	u/my_brother_is_gay	fmzge17	u/SkelloJello	fmz9l9d	C
2020-04-10 08:03:13.747019	u/my_brother_is_gay	fmzgegu	u/big_boi_shark_v2	fmza6s6	C
2020-04-10 08:03:25.414031	u/maqui8	fmzgesb	u/duy1008	fmyr8dx	C
2020-04-10 08:03:29.958012	u/my_brother_is_gay	fmzgeu4	u/Anne_Hanssi	fmzasdh	C
2020-04-10 08:04:23.441897	u/PotatoSpamsL2	fmzgfng	u/TBTH	fmzdqqi	C
2020-04-10 08:04:55.211938	u/ShittymemesRU	fmzggdc	u/JoJoJoel2007	fmzgf3g	C
2020-04-10 08:05:04.142986	u/yeyeyeyeyeyeyeyeyyyy	fmzggp8	u/HaydenJA3	fmytlt7	C
2020-04-10 08:05:14.985795	u/NotLisztening	fmzggwf	u/ZagemblenecSK	fmzb2h4	C
2020-04-10 08:05:27.589182	u/MOTHERTRUCKER26	fmzghny	u/SharkDaBz	fmz5m6i	C
2020-04-10 08:05:36.546796	u/miniPablo	fmzghsx	u/Bluuet	fmzeo1o	C
2020-04-10 08:05:42.345293	u/sarcastic_daddy07	fmzghzx	u/Crusaderguy96	fmzg0f7	C
2020-04-10 08:05:44.321814	u/SandyOrb	fmzgi0f	u/kippaliffo	fmzgcp2	C
2020-04-10 08:06:00.969036	u/ShadowZlayer	fmzgih2	u/hdhdhdae	fmzga5i	C
2020-04-10 08:06:07.437798	u/Nekatasu	fmzgin0	u/chase016	fmzdgcc	C
2020-04-10 08:06:09.384842	u/SolomonFix	fmzgipk	u/jerickoterrarian	fmzge3z	C
2020-04-10 08:08:12.892858	u/BenRayfield	fmzgm2k	u/TRoastedPotato	fmzgizl	C
2020-04-10 08:08:17.323551	u/GeordanRa	fmzgm7s	u/ScreamOfSinner	fmzb2i5	C
2020-04-10 08:08:18.808376	u/King_R7	fmzgmf2	u/UnchiuVeres	fmzgk18	C
2020-04-10 08:08:50.451109	u/weedass373747	fmzgnok	u/RepostSleuthBot	fmzg2jx	C
2020-04-10 08:08:53.120308	u/RepostSlothBot	fmzgnyj	u/imperfectBanana99	fkh7k9b	C
2020-04-10 08:09:08.707345	u/Robbyt24	fmzgokt	u/Corona-Beer-is-cure	fmz34e8	C
2020-04-10 08:09:23.314076	u/fluseven	fmzgpm4	u/suckle-my-cuckle	fmzecqz	C
2020-04-10 08:09:35.771403	u/Cheeta2690	fmzgqjg	u/Gerioch_Rashkowski	fmzebxb	C
2020-04-10 08:10:05.020546	u/mybeatsarebollocks	fmzgrzg	u/galeom58	fmzbvd3	C
2020-04-10 08:11:05.404080	u/theleftsheep	fmzgtf7	u/alphonae	fy7k3z	S
2020-04-10 08:12:12.315845	u/Electroclasher	fmzguwn	u/Shaggy_Poop	fmzgt6k	C
2020-04-10 08:12:17.884655	u/Southernbelle5959	fmzguyb	u/One_Salty_Karen	fmyawge	C
2020-04-10 08:13:10.492234	u/Sauron209	fmzgwh9	u/felloffaraptor	fmzfwvr	C
2020-04-10 08:13:13.622372	u/shadowwarriorxd	fmzgwja	u/BlauerPfosten	fmzfivd	C
2020-04-10 08:14:42.894452	u/Ray_Palmer	fmzgyqk	u/imyourmomsbull	fmzgs6u	C
2020-04-10 08:16:25.631236	u/MonkeyBoy32904	fmzh24r	u/Username-Taken-01	fmy3v8i	C
2020-04-10 08:16:35.645112	u/dingusfett	fmzh29b	u/JTNator	fmz8vjx	C
2020-04-10 08:16:45.188074	u/Daquiver	fmzh2rr	u/UnchiuVeres	fmzglw0	C
2020-04-10 08:16:56.310254	u/MonkeyBoy32904	fmzh3f9	u/MonkeyBoy32904	fmzh24r	C
2020-04-10 08:17:05.094773	u/snamy29	fmzh3oe	u/One_Commie_Boi	fmzfya4	C
2020-04-10 08:17:11.290866	u/soupafi	fmzh3z5	u/Free_Username44	fmzb9ch	C
2020-04-10 08:17:38.690221	u/ppinkbox	fmzh4v8	u/VegieCacarot	fmzf9af	C
2020-04-10 08:17:43.976923	u/gigga94	fmzh50y	u/One_Commie_Boi	fmzg3j9	C
2020-04-10 08:18:06.476304	u/0_Niris	fmzh5si	u/DeliciousAtomicBomb	fmze5t9	C
2020-04-10 08:18:26.702464	u/WildWildCatAZ	fmzh76h	u/SpiderOniOS	fmzgwpo	C
2020-04-10 08:18:47.210814	u/Ewanstraver	fmzh87v	u/TomatoSpecialist	fmzf64p	C
2020-04-10 08:19:21.234884	u/Aryze248	fmzha06	u/Free_Username44	fmzb9ch	C
2020-04-10 08:19:29.903644	u/Aryze248	fmzhal6	u/pewds_fan1	fmzfdkx	C
2020-04-10 08:19:49.827251	u/scp-002	fmzhbxh	u/i-liketurtles-	fmzfl96	C
2020-04-10 08:19:58.257806	u/Th3False	fmzhde9	u/ErKaf	fmzdxai	C
2020-04-10 08:19:59.129090	u/melbourne_giant	fmzhdfj	u/Yurishirox	fmza1h0	C
2020-04-10 08:20:59.885954	u/LimCW1223	fmzhff1	u/dino_lover123	fmzgzms	C
2020-04-10 08:21:03.343363	u/jerry0611	fmzhfh2	u/ANDREITATU	fmz3qyd	C
2020-04-10 08:21:22.548029	u/zaph77	fmzhg87	u/MeunsterCheeseMan	fmzgf7p	C
2020-04-10 08:22:33.358092	u/LopsidedRedditor	fmzhirq	u/Sylviu9	fmzfcsa	C
2020-04-10 08:22:48.219027	u/kmurray1987	fmzhiyb	u/Invanar	fmxuhos	C
2020-04-10 08:24:20.541255	u/Wamuel_Sindels	fmzhl2t	u/Warden-Stone	fmzg100	C
2020-04-10 08:25:37.706843	u/username0386	fmzhmt8	u/One_Commie_Boi	fmzh24y	C
2020-04-10 08:25:45.611056	u/stephit77	fmzhn19	u/xupamos87	fmzh55h	C
2020-04-10 08:25:53.626497	u/AnotherFruitCake	fmzhn89	u/MehQuads	fmyy8ol	C
2020-04-10 08:26:18.783959	u/Spl1p	fmzho5n	u/sarcastic_daddy07	fmzdgl5	C
2020-04-10 08:27:53.096706	u/dumb-nerd	fmzhqi5	u/Bruh_Bot_	fmzbpvj	C
2020-04-10 08:28:16.062263	u/MergezYeet	fmzhr01	u/antoniohfernandes	fmzft7o	C
2020-04-10 08:28:33.249490	u/chicken_pot_pie12	fmzhrnv	u/mrgopher17	fmzgy3n	C
2020-04-10 08:28:35.280713	u/supergeoduck2	fmzhrrc	u/fortnite_is_trash12	fmzhofd	C
2020-04-10 08:28:55.555842	u/wemoZz	fmzhsgz	u/0_Niris	fmzh5si	C
2020-04-10 08:29:04.400890	u/Mitchellbaggins	fmzhsn9	u/Semi-Charmedx	fy3jqm	S
2020-04-10 08:29:06.686235	u/krish5869	fmzhsp0	u/le_senator	fmzf8yc	C
2020-04-10 08:29:25.594653	u/pinkrobotlala	fmzht7n	u/Free_Username44	fmzelhn	C
2020-04-10 08:29:28.159794	u/MrAquafeli	fmzhtef	u/username0386	fmzhmt8	C
2020-04-10 08:29:34.176157	u/pinkrobotlala	fmzhtno	u/pewds_fan1	fmzfdkx	C
2020-04-10 08:29:35.165558	u/Vertsuli10	fmzhtph	u/supergeoduck2	fmzhrrc	C
2020-04-10 08:29:36.967098	u/_-Kirby-_	fmzhtsp	u/supergeoduck2	fmzhrrc	C
2020-04-10 08:29:42.391626	u/BloxOink435	fmzhu44	u/TheGoldenDorito_	fmzhjja	C
2020-04-10 08:29:51.798512	u/TyDaviesYT	fmzhuij	u/DragonP70	fmzffqn	C
2020-04-10 08:31:41.186726	u/RealBritishBoy	fmzhx5s	u/R06KS7AR	fmzccdh	C
2020-04-10 08:31:48.755742	u/fuji17392	fmzhxe3	u/arizona-iced-limbs	fmz4st2	C
2020-04-10 08:32:25.505086	u/Polermodz	fmzhy9t	u/_-Kirby-_	fmzhtsp	C
2020-04-10 08:33:33.709630	u/squaddyy	fmzi0bt	u/NoseFetishGuy	fmzhlpa	C
2020-04-10 08:33:47.211904	u/Finsteryoshi	fmzi0pc	u/jsab_Square	fmzey80	C
2020-04-10 08:34:06.433542	u/Helena_Granger	fmzi142	u/yo_ther	fmzgfyz	C
2020-04-10 08:34:20.038625	u/St_Orange	fmzi196	u/WhyYesIamHuman	fyedj2	S
2020-04-10 08:34:22.123295	u/wheresmythermos	fmzi1b1	u/Rick-Grimes_	fmzhwr6	C
2020-04-10 08:34:28.276197	u/ameya6174	fmzi1lk	u/skilledpirate	fmy0a4m	C
2020-04-10 08:34:44.169322	u/jxssss	fmzi2b8	u/mr_primerib	fmzgixx	C
2020-04-10 08:34:51.926863	u/MeatSweats91	fmzi2jc	u/ANDREITATU	fmz3r9q	C
2020-04-10 08:35:22.259131	u/Weibrot	fmzi3or	u/PlagueComics	fmzacd1	C
2020-04-10 08:35:57.153817	u/squaddyy	fmzi56h	u/NoseFetishGuy	fmzhlpa	C
2020-04-10 08:36:00.387292	u/AbduMad	fmzi581	u/meatMeater_3	fmwhzqi	C
2020-04-10 08:36:12.268618	u/Fomex69	fmzi5du	u/Its_Da_MuffinMan	fmz5mu5	C
2020-04-10 08:36:50.619615	u/Nachtmonkey1203	fmzi67q	u/BatDudeCole20	fmx5mh8	C
2020-04-10 08:37:05.088552	u/AgainstActivism	fmzi6e9	u/ComradeVISIXVI	fmz3cu0	C
2020-04-10 08:37:42.907738	u/rameneater23	fmzi7ct	u/R06KS7AR	fmzc9bi	C
2020-04-10 08:38:39.229938	u/The_Silent_Designer	fmzi97l	u/9ed_k	fmzhpjo	C
2020-04-10 08:38:47.518995	u/LifelessLewis	fmzi9n1	u/christiaan07enzo	fmz6sxz	C
2020-04-10 08:38:48.975048	u/Jigsaw442	fmzi9q1	u/Takdann	fmzd406	C
2020-04-10 08:39:04.360518	u/Villoran	fmzia5c	u/Joelypoly1	fmw6fqn	C
2020-04-10 08:39:18.193448	u/korewavyn	fmziaec	u/Minh1905	fyd3k2	S
2020-04-10 08:39:55.569943	u/jaschk	fmzicow	u/exclusive23d	fmzgnif	C
2020-04-10 08:40:37.993200	u/Agnostictool	fmzidwh	u/Free_Username44	fmzb9ch	C
2020-04-10 08:41:05.289797	u/Yiiidg	fmzjlsj	u/ANDREITATU	fmz3qyd	C
2020-04-10 08:42:06.128145	u/Ayman_alsh	fmzjmyx	u/1_Nysosis_1	fmz3j3y	C
2020-04-10 08:42:25.544056	u/tittering_chum	fmzjnmb	u/jc3av1c45kq3	fmzj8i7	C
2020-04-10 08:42:54.108664	u/GannonNotFromZelda	fmzjo4v	u/boot-san1	fmyp1wk	C
2020-04-10 08:44:01.136716	u/Born_from_a_porn	fmzjq24	u/Edzm1276	fmzjmby	C
2020-04-10 08:44:18.948713	u/adithya_menon	fmzjqih	u/Sauron209	fmzgwh9	C
2020-04-10 08:44:44.624226	u/bruneisbatman	fmzjrgk	u/Amal_Jayakumar	fmzi6eq	C
2020-04-10 08:45:32.151864	u/ChiefChickenn	fmzjsof	u/dictatortahtz	fmzi92e	C
2020-04-10 08:46:37.953289	u/NinjaDan123	fmzjuds	u/RepostSleuthBot	fmzjn1s	C
2020-04-10 08:46:46.673364	u/warden976	fmzjuu1	u/RetaredFrenchBulldog	fmzdixs	C
2020-04-10 08:47:00.838109	u/snakebabu3000	fmzjv86	u/sentinel2873	fycuk3	S
2020-04-10 08:47:22.048968	u/anikghoshal	fmzjvmx	u/frostburn60	fmwwwjd	C
2020-04-10 08:47:50.999228	u/MediumSizedGlass	fmzjx5e	u/TyDaviesYT	fmzhuij	C
2020-04-10 08:48:34.671121	u/AcademicHen72	fmzjy4m	u/RepostSleuthBot	fmzg98o	C
2020-04-10 08:48:48.755527	u/goth-n-glam	fmzjynz	u/F8D_	fmz9nlq	C
2020-04-10 08:49:04.963205	u/ASDFAaass	fmzjz8m	u/my-love-come-back	fmytk1j	C
2020-04-10 08:49:32.005344	u/todorovski3	fmzk0e3	u/riciso	fmzjxex	C
2020-04-10 08:50:47.546137	u/FGWYT	fmzk3ey	u/BloodyPommelStudio	fi1k6d4	C
2020-04-10 08:51:25.749716	u/Therealpotato33	fmzk4a4	u/Voidmemer	fmzjzv8	C
2020-04-10 08:51:32.130894	u/dtc09	fmzk4ey	u/Dankme-mayss	fmzfakn	C
2020-04-10 08:52:41.259863	u/NASA-bitch	fmzk6ir	u/foerbi	fmzjyrs	C
2020-04-10 08:53:12.783331	u/JellalFer11	fmzk724	u/DeliciousAtomicBomb	fmzhslm	C
2020-04-10 08:53:28.379213	u/paprikchild	fmzk7ib	u/Whitecowgomeow	fmzd82z	C
2020-04-10 08:53:52.702598	u/BlackL0L	fmzk86l	u/WisestAirBender	fmzdy78	C
2020-04-10 08:54:25.627241	u/valkalin	fmzk9b7	u/Gebruikt	fmz9v4k	C
2020-04-10 08:55:22.555448	u/RandyNachoManCabbage	fmzkb0l	u/RepostSleuthBot	fmzjh71	C
2020-04-10 08:55:35.288058	u/xStqckd	fmzkbd1	u/crazyking773	fmzeo0d	C
2020-04-10 08:56:04.355492	u/Racoon1505	fmzkc4u	u/Kelly240361	fyaxrm	S
2020-04-10 08:56:06.232478	u/FluxBoi	fmzkc5e	u/IvanTheRysavy	fmzjcmv	C
2020-04-10 08:56:10.584456	u/DiawolfTV	fmzkc94	u/boot-san1	fmyp1wk	C
2020-04-10 08:56:33.152893	u/Eli_the_Gamer	fmzkcuz	u/yougobackjack	fmzjy32	C
2020-04-10 08:57:09.632504	u/SaltyMelonMan	fmzkdx6	u/repostssleuthbot	fmz7hoj	C
2020-04-10 08:57:55.689832	u/lmtzless	fmzkf92	u/MathewCChen	fmzcmgy	C
2020-04-10 08:57:57.340316	u/whiteavenger	fmzkfa1	u/Phoenixreborn52	fmzk0ir	C
2020-04-10 08:58:05.325822	u/Kroliver14	fmzkfmb	u/Meme_bear227	fmyu63f	C
2020-04-10 08:59:19.865028	u/Jaahcraft	fmzkij6	u/bhartendu97	fmzg2u9	C
2020-04-10 08:59:21.541151	u/theVietCongunion	fmzkirp	u/1_Nysosis_1	fmz3j3y	C
2020-04-10 08:59:45.393872	u/daddylikememes	fmzkjre	u/Xerauxup	fmz9oa9	C
2020-04-10 08:59:51.443303	u/theVietCongunion	fmzkk2s	u/gluttonyv	fmzijcl	C
2020-04-10 08:59:52.346350	u/joostlasniper	fmzkk4g	u/Unmeng	fmzjmwp	C
