2020-04-08 00:00:15.159635	u/jerdub1993	fmra0a4	u/bLueStarCadet	fmr3zcc	C
2020-04-08 00:00:27.677850	u/GodHerRoyalMajesty	fmra0ec	u/Ph4ntom900	fmkuph1	C
2020-04-08 00:01:14.865324	u/S_Lugia	fmra1cz	u/bLueStarCadet	fmr3zcc	C
2020-04-08 00:02:03.592460	u/binho_blackopsOFC	fmra1pc	u/robblokkit	fmr50ct	C
2020-04-08 00:02:48.889608	u/lactose517	fmra2kx	u/Caramelboi37	fmn0lpg	C
2020-04-08 00:02:58.573296	u/xskilled	fmra2wq	u/Korblox101	fmqc001	C
2020-04-08 00:03:02.542619	u/TheGamingFireman	fmra31m	u/Klendagort	fmra0s6	C
2020-04-08 00:04:10.019007	u/mfergs	fmrbfiq	u/Ediblemilk	fmqepqj	C
2020-04-08 00:04:24.543271	u/L-E-T-S-C-H	fmrbfr1	u/netburger	fmparyt	C
2020-04-08 00:05:39.279514	u/sentry_hunter_22	fmrbhd3	u/Potato0nFire	fmqtztk	C
2020-04-08 00:06:09.090689	u/jacksin32	fmrbhjq	u/scoobymax	fmpza1k	C
2020-04-08 00:07:12.739505	u/rUsSeLLeXiStS	fmrbj14	u/SmudgeTheCatt	fmqtpse	C
2020-04-08 00:07:25.564117	u/tohfa101	fmrbj92	u/RafikAcount	fmq7gyz	C
2020-04-08 00:08:41.069347	u/edbmrb24	fmrbkfd	u/Meka65	fmrahvr	C
2020-04-08 00:08:44.369899	u/m_ttl_ng	fmrbkg3	u/SerketyIcedTea	fmqc7bv	C
2020-04-08 00:09:14.927536	u/Chrysalis420	fmrbl7h	u/edgywarrior1822	fmrbeny	C
2020-04-08 00:09:31.473747	u/Ghost_Reaper0225	fmrblj8	u/rgwashere	fmpi7ua	C
2020-04-08 00:09:47.056218	u/djdk2002	fmrbmah	u/skduter	fmq1tlt	C
2020-04-08 00:09:49.752744	u/pbnjaysandwich	fmrbmm6	u/AncapElijah	fmr0rdi	C
2020-04-08 00:10:06.527396	u/GabrielvsCoronavirus	fmrbmqn	u/DarthJJAbrahams	flafpo4	C
2020-04-08 00:10:09.967034	u/MrsHall23	fmrbmrh	u/Drewsophila	fmr1o3z	C
2020-04-08 00:10:12.367319	u/Jamez_the_human	fmrbmt9	u/maybes8n	fmr1siz	C
2020-04-08 00:10:14.702983	u/SaucyNuggetsNSkyrim	fmrbmu1	u/Drewsophila	fmr1o3z	C
2020-04-08 00:11:01.417735	u/realgamers_eatsand7	fmrbne6	u/legendoftheland	fmr2s77	C
2020-04-08 00:11:26.000410	u/soccer30749	fmrbnjn	u/Potato0nFire	fmqtztk	C
2020-04-08 00:11:35.455169	u/czpetr	fmrbnwi	u/SpicyNoodle43	fmrbehe	C
2020-04-08 00:11:40.657391	u/captainblakjon	fmrbnz3	u/Samuri_dude	fmraw51	C
2020-04-08 00:12:06.106998	u/Steve_FromStateFarm	fmrbofj	u/SmudgeTheCatt	fmqtpse	C
2020-04-08 00:12:31.666936	u/treyrh	fmrbonb	u/DoomRider2354	fmqb3in	C
2020-04-08 00:14:48.711610	u/lolstarflame	fmrbqz7	u/BeNbUcKToO	fmrbld7	C
2020-04-08 00:15:04.602239	u/Galactichydra	fmrbr5p	u/Zwitie	fmqmxxf	C
2020-04-08 00:16:02.849351	u/ebxn	fmrbrvp	u/DoomRider2354	fmqb3in	C
2020-04-08 00:16:26.065912	u/spook-man	fmrbsj8	u/Respect_Paying_Bot	fmrbh42	C
2020-04-08 00:16:27.627431	u/Damani91	fmrbsjv	u/Waffleman2957	f70gj8x	C
2020-04-08 00:16:31.064803	u/HiuseofPayne	fmrbsmd	u/Rocker003	fmrbqsg	C
2020-04-08 00:16:33.899963	u/RussianUnicornn	fmrbsqa	u/zpazzy	fmqrn06	C
2020-04-08 00:16:48.424809	u/PigeonWagon	fmrbt7u	u/Nethe-the-Meme	fmrbiwe	C
2020-04-08 00:18:06.651704	u/DerEchteCedric	fmrbuyg	u/dragons_are_majestic	fmr8a86	C
2020-04-08 00:18:09.813822	u/PleaseDontAtMe25	fmrbv2n	u/Monkeymason319	fmqzp7f	C
2020-04-08 00:18:28.405871	u/one-punch-knockout	fmrbw18	u/toelicker41	fmra7wo	C
2020-04-08 00:18:39.864301	u/between_ewe_and_me	fmrbw57	u/Boudac123	fmr2fy9	C
2020-04-08 00:18:42.233519	u/Quasimations	fmrbw85	u/Reekhart	fmr7wqi	C
2020-04-08 00:18:45.148005	u/mysterykitsune1	fmrbwel	u/qwerty_9537	fi7dxsm	C
2020-04-08 00:18:54.667225	u/NewPointOfView	fmrbwzs	u/mfergs	fmrbkgx	C
2020-04-08 00:19:11.430739	u/nonamethanksmate	fmrbxdl	u/SmudgeTheCatt	fmqtpse	C
2020-04-08 00:19:49.201308	u/IamSuperderp	fmrbyv5	u/Bowiefanunicorn	fmrbwig	C
2020-04-08 00:20:49.673410	u/Nichinsou184	fmrbzsz	u/ProfLazy	fmrbtrd	C
2020-04-08 00:21:40.104425	u/Custard_Nips736	fmrc0fq	u/Respect_Paying_Bot	fmpsldy	C
2020-04-08 00:22:01.539247	u/PM_me_yur_dank_memes	fmrc0o8	u/AncapElijah	fmr0rdi	C
2020-04-08 00:22:18.987879	u/TorchRushYeetifier	fmrc15x	u/edgywarrior1822	fmrbv0p	C
2020-04-08 00:25:19.219361	u/Culture-Culture	fmrc3za	u/memelord2-7	fmqqs19	C
2020-04-08 00:25:22.537843	u/darclord1	fmrc42y	u/loopsbrother2903	fmoz9ox	C
2020-04-08 00:26:02.399175	u/shinediamond295	fmrc5o6	u/ARoadTurd	fmrbwh3	C
2020-04-08 00:28:32.973023	u/unable_To_Username	fmrc8l5	u/M4nd4l0r3_zo15	fmrc1yo	C
2020-04-08 00:29:18.035948	u/faaaaaadhil	fmrc9hq	u/scoobymax	fmpza1k	C
2020-04-08 00:29:37.178728	u/dankmemerboi1223	fmrca2u	u/animegirlGrivous	fmkqq3h	C
2020-04-08 00:29:38.975791	u/SeanExotic	fmrca9m	u/Culture-Culture	fmrc3za	C
2020-04-08 00:30:32.452636	u/ElevatedDog8477	fmrcbuy	u/phaxux	fmrcb2z	C
2020-04-08 00:30:54.908054	u/KookyEmploy	fmrcc11	u/python_boti	fmq1p52	C
2020-04-08 00:31:26.125664	u/ConjureSlade	fmrccv2	u/Linkkk_	fmqjiuw	C
2020-04-08 00:32:07.403984	u/cutie_undeniable	fmrcdki	u/Jomesfonso	fmqt4u4	C
2020-04-08 00:32:56.643490	u/NoMeta12	fmrceye	u/python_boti	fmq1jcd	C
2020-04-08 00:34:05.767366	u/Shmeckle445	fmrcfxc	u/skduter	fmq1tlt	C
2020-04-08 00:34:39.572631	u/Yoda_mang_flarp	fmrcgkq	u/Iam-KD	fmr6zg9	C
2020-04-08 00:34:59.488214	u/TwilightGacha	fmrch1f	u/mr_spam_man_	fmqsspd	C
2020-04-08 00:36:17.930557	u/Tbone-steak25	fmrdxlg	u/packle-kackle	fmrdhrg	C
2020-04-08 00:36:43.350577	u/Tyrienne	fmrdxye	u/ICU2D	fmr3qvz	C
2020-04-08 00:37:15.103213	u/DragonRider0517	fmrdycz	u/SmudgeTheCatt	fmqtpse	C
2020-04-08 00:37:39.436147	u/frankensteinV	fmrdyvw	u/TheFlightlessPenguin	fmplot2	C
2020-04-08 00:37:40.664846	u/TinyRickShwifty	fmrdz35	u/Lenton99	fmqc73z	C
2020-04-08 00:39:29.475869	u/adil6350	fmre2tr	u/Potato0nFire	fmqtztk	C
2020-04-08 00:39:30.094734	u/Boomerblinds	fmre2vx	u/leko-baye	fmrccf2	C
2020-04-08 00:39:54.373980	u/basicWhiteGuy42	fmre3pc	u/jjcrawdad	fmre00t	C
2020-04-08 00:39:59.614406	u/mtvpython	fmre520	u/DeppressedMan	fmrcy5j	C
2020-04-08 00:40:29.363695	u/ianedok	fmre5o4	u/Thomas041905	fmr9dw3	C
2020-04-08 00:41:35.437067	u/24KAce	fmre6wy	u/maybezayd	ffzn07y	C
2020-04-08 00:42:19.431707	u/Jumpeskian	fmre7ln	u/DoomRider2354	fmqb3in	C
2020-04-08 00:43:25.539755	u/MagyTheMage	fmre8ow	u/PenguinPride87	fmr3111	C
2020-04-08 00:43:31.330138	u/sheep_with_gun	fmre8uj	u/where_is_the_funny	fmra82p	C
2020-04-08 00:44:07.014371	u/Updawg44	fmre9qh	u/Ethan1879	fmr9byp	C
2020-04-08 00:44:13.901626	u/Geobarr1025	fmre9uo	u/Jomesfonso	fmqt4u4	C
2020-04-08 00:44:17.505851	u/ArcticMirage	fmre9xq	u/scoobymax	fmpza1k	C
2020-04-08 00:44:34.370899	u/Babyballsgod	fmrea5r	u/kydan1	fmq9yxm	C
2020-04-08 00:44:36.306248	u/crimson__dog	fmrea7o	u/439822222	fmqnlf1	C
2020-04-08 00:45:14.000588	u/boony420	fmreao9	u/SmudgeTheCatt	fmqtpse	C
2020-04-08 00:47:08.594052	u/gammerpro480	fmred8c	u/Clorox_Peach1	fmrdlow	C
2020-04-08 00:47:41.449115	u/blbk_	fmree63	u/mfergs	fmrbitt	C
2020-04-08 00:47:46.432545	u/crazyducg	fmreeh9	u/jr88fan	fmrb4j9	C
2020-04-08 00:48:22.452755	u/noeljvt	fmref63	u/sombody-once	fmqk81k	C
2020-04-08 00:49:01.125726	u/Googolplex_cubed	fmreghs	u/Bruh_Bot_	fmrefq6	C
2020-04-08 00:49:20.254665	u/heythereimzack	fmreh68	u/dudechungus	fmreabc	C
2020-04-08 00:50:27.127978	u/The_HLord	fmreiss	u/Retropally	fwwm62	S
2020-04-08 00:50:36.205090	u/StraightupForRealTho	fmrej1g	u/romps	fmqj1tg	C
2020-04-08 00:50:57.275005	u/fattyiam	fmrejqh	u/BlueEB7	fmqvvd5	C
2020-04-08 00:50:59.868111	u/Lgonzalez0399	fmrejr4	u/Jeynarl	fmrbo1i	C
2020-04-08 00:51:18.633549	u/emmyemememem	fmrekld	u/Kabukiller	fmre89h	C
2020-04-08 00:51:20.932428	u/Bandulskratz	fmrekum	u/-GiantSlayer-	fmrcpnv	C
2020-04-08 00:52:00.256403	u/Yepper_Pepper	fmrelft	u/HeartOfGold02	fmr5oum	C
2020-04-08 00:54:26.902591	u/Chadillac35	fmrenuw	u/pbnjaysandwich	fmrbmm6	C
2020-04-08 00:54:28.797799	u/eat_me_rn_please	fmrenz9	u/iamsam5426	fme2zhe	C
2020-04-08 00:54:31.709311	u/DlyaRevolyutsii	fmrenzv	u/thanosplusdespacito	fmr1r6p	C
2020-04-08 00:55:14.856641	u/Ironsimha	fmreotd	u/sauseplz	fmqebmf	C
2020-04-08 00:55:21.798263	u/nanavcy	fmreozm	u/he6-n-sIHf-peaJ-n-tI	fmrdjef	C
2020-04-08 00:56:46.592823	u/asian_cheese_puff	fmreq8i	u/Jesyka_	fmqnx0y	C
2020-04-08 00:57:16.085048	u/skaldunas	fmreqfo	u/fierwoll	fmqt1hu	C
2020-04-08 00:57:41.481266	u/Casual_Murder	fmreqqp	u/skduter	fmq1tlt	C
2020-04-08 00:57:47.828436	u/bg4spam	fmrer33	u/skduter	fmq1tlt	C
2020-04-08 00:58:29.415693	u/MrCrabXplankton	fmrertu	u/fierwoll	fmqt1hu	C
2020-04-08 00:58:48.224176	u/junebug_vs_hurricane	fmres5w	u/TheGameCruiser	fmqsxj9	C
2020-04-08 00:59:45.012209	u/Slap_A_Cat	fmretdv	u/GarrukZendikar	fmqrlkr	C
