2020-04-07 13:00:17.322084	u/unforgiven4148	fmpbtzs	u/meandthefrites1	fmpblbe	C
2020-04-07 13:01:29.758830	u/NishiGT	fmpbw9b	u/Fantastic_Ostrich	fwjjjk	S
2020-04-07 13:01:45.968410	u/AlonyTony	fmpbwxd	u/yak_on_meth	fmp64zr	C
2020-04-07 13:02:11.461617	u/Miuli777	fmpbxqt	u/SampleTexDoggo	fmpazuu	C
2020-04-07 13:02:26.730575	u/IAmPikachuu	fmpbya7	u/Bruh_Bot_	fmp7gkt	C
2020-04-07 13:02:51.534460	u/TheDominantMicrowave	fmpbyzs	u/khaledalnahas	fmp8m36	C
2020-04-07 13:02:56.123062	u/flamingpineappleboi1	fmpbz76	u/python_boti	fmp70rb	C
2020-04-07 13:03:30.773684	u/PrettyCoolBear	fmpc0qt	u/BMW_850_CSI	fmp9wsc	C
2020-04-07 13:03:48.153432	u/JooviDoobie	fmpc157	u/Dannylicious69	fmp9jb8	C
2020-04-07 13:04:01.320009	u/NSFWgripgalopant	fmpc1r1	u/mistermuesli	fmoena2	C
2020-04-07 13:04:22.448552	u/Voodootroy	fmpc2e5	u/artheiro06	fmp86ye	C
2020-04-07 13:04:51.793127	u/IWishYouOnCakeDay	fmpc3p6	u/loopsbrother2903	fmpc21m	C
2020-04-07 13:04:55.987507	u/another_cursed_user	fmpc3z1	u/littlechikun	fmp8rzk	C
2020-04-07 13:05:18.340271	u/Darksity_	fmpc4pc	u/Skelly_Bones-Dth-Mt	fmp74c9	C
2020-04-07 13:06:00.967802	u/not-without-my-anus	fmpc704	u/RepostSleuthBot	fkturkf	C
2020-04-07 13:06:15.342954	u/TheRealSwikipap	fmpc7j5	u/SleepyRabbitXVI	fmosic8	C
2020-04-07 13:06:31.013718	u/TheNotoriousOwl	fmpc8al	u/Cylo_V	fmpb2at	C
2020-04-07 13:06:33.681662	u/Thisshitaintfree	fmpc8i3	u/nabeel_27	fmp3i4c	C
2020-04-07 13:06:42.599949	u/automobiili_xd	fmpc979	u/Fantasmardo	fwicss	S
2020-04-07 13:07:24.159882	u/rathad	fmpdzf0	u/dogzarehhmanz	fmpdwpu	C
2020-04-07 13:07:43.060107	u/_Distrust_	fmpe0e9	u/ColinR111	fmp1pfr	C
2020-04-07 13:07:51.404812	u/PEWZI3	fmpe1ih	u/Link_Hyrule_76	fmoyyb9	C
2020-04-07 13:08:28.438053	u/Mast3rShak381	fmpe3cq	u/SteventheWizardCat	fmpbkyw	C
2020-04-07 13:09:03.643834	u/nadav5498	fmpe5uf	u/acceptable_lemon	fmp9p0i	C
2020-04-07 13:09:21.900750	u/ParanoidHare	fmpe7dm	u/Jumpy_Boy	fmpd90s	C
2020-04-07 13:09:27.210695	u/bobomlg	fmpe81f	u/Dimension_616	fmp6nkr	C
2020-04-07 13:09:30.152635	u/soccerboi15	fmpe82i	u/Mike212069	fmpdmzv	C
2020-04-07 13:09:31.348325	u/Dreamxpolsion	fmpe85x	u/VibraniumDragonborn	fl5nrgn	C
2020-04-07 13:09:36.861418	u/TheSundayShrimp	fmpe8f5	u/python_boti	fmp70rb	C
2020-04-07 13:09:44.686825	u/stonks12345678	fmpe967	u/VanashinGlory	fmod9e1	C
2020-04-07 13:09:47.889216	u/edwsmith	fmpe9oe	u/XB2006	fmpcv1a	C
2020-04-07 13:09:51.483975	u/peepeepoopooweeweeca	fmpe9v7	u/Super98_	fmpdzhp	C
2020-04-07 13:10:02.800801	u/noam5505	fmpeben	u/Radiant-monk	fmpe3y9	C
2020-04-07 13:10:22.478888	u/Prequalified	fmpec4v	u/kb3ylo	fizv2l3	C
2020-04-07 13:10:58.160393	u/Kryotek12	fmpedkb	u/TheMicasaurus	fmpdluf	C
2020-04-07 13:11:20.810673	u/Scoutn4birds	fmpeefi	u/TheSundayShrimp	fmpb5oj	C
2020-04-07 13:11:26.471336	u/GTTLWinter	fmpeelu	u/DankMeme_Stick	fmpea10	C
2020-04-07 13:12:51.809306	u/papaganushh	fmpei90	u/Bruh_Bot_	fmpefui	C
2020-04-07 13:13:53.721028	u/A_Household_Object	fmpelc5	u/djbrain86	fmp9wve	C
2020-04-07 13:14:06.169030	u/KermitTheBlanket	fmpem2w	u/jeffjman	fmpeib8	C
2020-04-07 13:14:43.516655	u/aceraids	fmpen8h	u/milk_connoisseur23	fmp755g	C
2020-04-07 13:14:48.395420	u/AnotherpostCard	fmpenah	u/jayinjayin	fmp14ks	C
2020-04-07 13:15:15.370608	u/Justicarnage	fmpeoyy	u/thatgayboyo	fmp4yet	C
2020-04-07 13:15:30.313605	u/Zoroark_69	fmpepcv	u/Contentwhore56	fmoc4nf	C
2020-04-07 13:16:03.261877	u/feb31rd	fmpere5	u/anshumankr001	fmp1ca8	C
2020-04-07 13:16:08.288937	u/_cheeph_	fmperjq	u/palmerry	fmpbq8d	C
2020-04-07 13:16:23.057286	u/i_like_nintendo	fmperyb	u/ContentNicholas	fmpeofa	C
2020-04-07 13:16:40.467039	u/Psycho_Sinner	fmpesjl	u/TFW_YT	fmpd4h7	C
2020-04-07 13:16:48.083826	u/hitl3r4life	fmpesqt	u/yougaybecauseyougay	fmokwb1	C
2020-04-07 13:17:01.889673	u/Alduinsundies	fmpetl3	u/STRANGE-111	fmpbttn	C
2020-04-07 13:17:24.884247	u/LazyDynamite	fmpeuk0	u/Coffeeman314	fmodwuq	C
2020-04-07 13:17:31.089362	u/SP1D3RK1D	fmpeupt	u/salifacol	fmper9v	C
2020-04-07 13:18:04.908424	u/TheRealKittyCraft	fmpew4t	u/Cyber_s0ck	fmpdhm5	C
2020-04-07 13:18:45.938707	u/HelpfulApple22	fmpey55	u/DustyDayz	fmoafrg	C
2020-04-07 13:19:06.509672	u/PurpleRich	fmpezdj	u/DIF_BushyBoii	fmnxzh3	C
2020-04-07 13:19:24.947574	u/-Whispering_Genesis-	fmpf0k1	u/the_itellectual_cato	fmnl1ml	C
2020-04-07 13:19:46.444303	u/AngelOfDeath771	fmpf1uv	u/Tyler_Valeska	fmpf0qa	C
2020-04-07 13:19:50.522388	u/2023Bor	fmpf2ng	u/DeadGhost2233	fmosrta	C
2020-04-07 13:19:54.530865	u/shahdev	fmpf2ub	u/vorsky92	fmpap70	C
2020-04-07 13:19:58.743504	u/oofersboy	fmpf3o8	u/fantastich_freidrich	fmpdnmx	C
2020-04-07 13:20:01.423495	u/idkausername193	fmpf46o	u/Fireraptor99	fmorx05	C
2020-04-07 13:20:08.949119	u/Denster1313	fmpf4a1	u/ArvarBoi	fmpa23w	C
2020-04-07 13:20:32.961463	u/pugking9000	fmpf54w	u/RepostSleuthBot	fliyt3h	C
2020-04-07 13:20:56.036141	u/Direct-HIIT	fmpf6d5	u/ZakLorinator	fmp7tv0	C
2020-04-07 13:22:40.529971	u/hadarsaar	fmpfal6	u/matheussanthiago	fmp2jyy	C
2020-04-07 13:23:01.770552	u/BUBU5073	fmpfb79	u/A_Bird_survived	fmpap5f	C
2020-04-07 13:23:25.099223	u/18Serc	fmpfbr5	u/ShadowOfRegret14	fmpdx4k	C
2020-04-07 13:23:47.863927	u/shortRND	fmpfcmk	u/2kenzhe	fmozrtu	C
2020-04-07 13:24:03.348687	u/veganfreewater	fmpfcyv	u/ChocolateTTS	fmny6hf	C
2020-04-07 13:24:34.015809	u/hetrosexualnga	fmpfe1w	u/The_memegod_	fmon5yz	C
2020-04-07 13:24:41.123918	u/ActualWhiterabbit	fmpfe96	u/VanashinGlory	fmoqmch	C
2020-04-07 13:24:50.276110	u/Sturmwache	fmpfetd	u/Nicknamedreddit	fmnrnt7	C
2020-04-07 13:25:00.334802	u/WizardSensei	fmpffd2	u/NSFWgripgalopant	fmpc1r1	C
2020-04-07 13:25:33.712543	u/thisistheshock	fmpfgmg	u/WH02J03	fmpaq8e	C
2020-04-07 13:25:42.200564	u/conallms	fmpfgvx	u/k1axMONSTER	fmowr6o	C
2020-04-07 13:26:25.067169	u/BEGONNATh0t	fmpfiu5	u/TheSundayShrimp	fmpb5oj	C
2020-04-07 13:26:40.174625	u/ExtremeTitan345	fmpfk4i	u/extremepervert	fmpa4ox	C
2020-04-07 13:26:46.792260	u/Antiflag1	fmpfko6	u/ILikePiesAlot	fmpaxyv	C
2020-04-07 13:26:59.635529	u/HyperShades	fmpfkvq	u/FakeGlaive	fmos5b4	C
2020-04-07 13:27:02.596643	u/Guro_sama	fmpfl16	u/Krisgame	fmpffv2	C
2020-04-07 13:27:51.093072	u/OrangeSodaFeelsNice	fmpfndz	u/redditorisa	fmogbtm	C
2020-04-07 13:27:57.120103	u/mdupont18	fmpfnvd	u/halfsn0w	fmp5ljl	C
2020-04-07 13:27:59.716306	u/thunderstrike12	fmpfnzt	u/SirisIB01	fmpeybb	C
2020-04-07 13:28:17.786404	u/elprimowashere123	fmpfp2r	u/nadav5498	fmpe5uf	C
2020-04-07 13:28:49.097071	u/Nuging666	fmpfqql	u/ztoug1	fmp9u3w	C
2020-04-07 13:28:51.384499	u/TheAmazing_CHUNGUS	fmpfqui	u/Noobster646	fmpbz9i	C
2020-04-07 13:29:19.660926	u/luis-aleman	fmpfsvv	u/piandepression	fmpfqmd	C
2020-04-07 13:29:28.366538	u/astuipdusername	fmpft8z	u/VeryNerdyNate	fmpbedo	C
2020-04-07 13:29:51.947516	u/YW150	fmpfuxx	u/Tjor2	fmo7pzk	C
2020-04-07 13:30:28.493502	u/sharkboi777	fmpfx25	u/RepostSleuthBot	fmp8e6h	C
2020-04-07 13:31:30.003174	u/WadeTheBlade1404	fmpfz4x	u/Deathnoob101	fmpfvyu	C
2020-04-07 13:32:40.513766	u/Sanabilis	fmpg25h	u/--Ubermensch	fmpfcat	C
2020-04-07 13:33:15.014603	u/SweetHome4labama	fmpg35l	u/mistermuesli	fmoena2	C
2020-04-07 13:33:20.710317	u/wardocttor	fmpg3q1	u/faurwigs	fmpd7ym	C
2020-04-07 13:34:05.080891	u/Bibts_ar	fmpg615	u/LowBarber3	fmpfe4s	C
2020-04-07 13:34:40.404173	u/william04ggy	fmpg7lj	u/Daniel517207	fmp9gkx	C
2020-04-07 13:35:20.632795	u/TheFilthyTrout	fmpg9c2	u/cerankaw	fmpfhpb	C
2020-04-07 13:35:49.219080	u/Dilicide	fmpgafz	u/salifacol	fmpewfn	C
2020-04-07 13:37:14.424825	u/-aCoolUserName-	fmpget8	u/FakeGlaive	fmos5b4	C
2020-04-07 13:37:34.917591	u/TealTheRedditor	fmpgfp4	u/oofpods	fwo79f	S
2020-04-07 13:37:36.773545	u/Jay_sharma_2509	fmpgfrm	u/SheWhoUpvotes	fmpcwpw	C
2020-04-07 13:37:49.114359	u/toymanjr31	fmpgg2y	u/bIuecoconut	fmp17h2	C
2020-04-07 13:37:58.170692	u/idiots_think_alike	fmpggkw	u/MyJelloJiggles	fmnx4mi	C
2020-04-07 13:38:08.911160	u/josee1825	fmpggvl	u/hetrosexualnga	fmpfe1w	C
2020-04-07 13:38:40.035601	u/Issiz_Pure	fmpgide	u/mistermuesli	fmoena2	C
2020-04-07 13:39:00.534570	u/MikeRoweAggression	fmpgk2m	u/Stoffel_boy	fmp9cog	C
2020-04-07 13:39:13.473618	u/ElderNex	fmpgknf	u/Bobbio1245dkw	fmpcsz9	C
2020-04-07 13:39:26.349379	u/addester	fmpglkm	u/Thic_water	fmpftf7	C
2020-04-07 13:39:31.707145	u/Monster_peas	fmpglpv	u/Baby_Yoda_312	fmp9smm	C
2020-04-07 13:39:36.352921	u/spierce1213	fmpgm4w	u/Kordalio	fmouc3c	C
2020-04-07 13:39:56.477320	u/ThatSuperGlueGuy	fmpgnrv	u/Mirio-jk	fmpfxc7	C
2020-04-07 13:40:18.898995	u/Prateek_05	fmpgqa8	u/RepostSleuthBot	fmpggoi	C
2020-04-07 13:41:49.940438	u/Champion927	fmpgu83	u/EvenlyTasteless	fmpfd9l	C
2020-04-07 13:41:56.742896	u/OctoFales	fmpgukp	u/Radiant-monk	fmpgrg7	C
2020-04-07 13:42:18.229720	u/Thanos-grape-fatty	fmpgw1f	u/AlonyTony	fmpbwxd	C
2020-04-07 13:42:33.968418	u/AmmarStar_56	fmpgwqf	u/WizardTNT1	fmpgk50	C
2020-04-07 13:43:17.199453	u/Ilikefood266	fmpgyz4	u/fersanityyy	fmpgxev	C
2020-04-07 13:43:24.883062	u/DrGeek94	fmpgz8n	u/bbbBagger	fmpgx87	C
2020-04-07 13:43:50.739946	u/wtfelipinhu	fmph06c	u/RepostSleuthBot	fmotjtm	C
2020-04-07 13:44:18.732763	u/Needless_Boxer1244	fmph1jh	u/DeadGhost2233	fmosrta	C
2020-04-07 13:44:45.497938	u/kaylathebloodsucker	fmph2n0	u/Skelly_Bones-Dth-Mt	fmp74c9	C
2020-04-07 13:45:26.876411	u/ErganMediE	fmph47u	u/RepostSleuthBot	fmpgzh0	C
2020-04-07 13:45:45.771903	u/K10Bam	fmph5a7	u/memes_for-the_win	fmp6zok	C
2020-04-07 13:45:47.856387	u/Rial_god	fmph5b0	u/EnergyAddict_17	fmor8ni	C
2020-04-07 13:46:27.260232	u/DaBurkeGuy	fmph7sj	u/schrondigermemelord	fmpftbe	C
2020-04-07 13:47:05.720161	u/chilledtoes	fmph9le	u/tamMY-0736	fmp6mjj	C
2020-04-07 13:47:11.124928	u/Santorno	fmph9r2	u/Swistiannt	fmpckae	C
2020-04-07 13:47:16.787945	u/gavincarr97	fmph9ye	u/ElonMusketti	fmpcp7o	C
2020-04-07 13:47:51.256127	u/MaximumWannabe	fmphbkx	u/PuertoricanDude88	fmpf4ad	C
2020-04-07 13:48:00.666011	u/SuperShaun1603	fmphc9a	u/VanashinGlory	fmoqmch	C
2020-04-07 13:48:26.083305	u/willemneirinck	fmphdtg	u/amazingstarwars321	fmp3vxn	C
2020-04-07 13:49:03.432854	u/Rebzoaksbythestream	fmphgnv	u/DeadGhost2233	fmosrta	C
2020-04-07 13:49:21.099097	u/TailsFx	fmphhf2	u/Kl347	fmoueu0	C
2020-04-07 13:49:52.318243	u/redscorn	fmphjdq	u/kiwiman07	fmpfzqj	C
2020-04-07 13:50:02.548300	u/Panex2	fmphl24	u/Permafrost1273	fmpgo1x	C
2020-04-07 13:50:33.373792	u/maxy073	fmphmab	u/weeboo21678	fmphgu4	C
2020-04-07 13:50:55.440255	u/Taseenkamal	fmphmy1	u/charloouu	fmpawu7	C
2020-04-07 13:51:23.497169	u/WhereLightEnds	fmphnj5	u/stripedslippers	fmox4pu	C
2020-04-07 13:51:45.651857	u/VengfulGamer	fmphoof	u/potatomaster57	fmp8lx5	C
2020-04-07 13:51:49.900363	u/cameroon_taylor	fmphopk	u/Bruh_Bot_	fmpewkh	C
2020-04-07 13:52:03.848766	u/CaedonM	fmphp8z	u/Morfilix	fmpazjc	C
2020-04-07 13:52:10.467206	u/OnlybestWaifuRem	fmphpfl	u/Cyanacidite	fmp5jsi	C
2020-04-07 13:52:43.977101	u/kcdie	fmphr0m	u/Got_Bored_Enough	fmphml9	C
2020-04-07 13:53:40.699166	u/Insan3_guy	fmpjfe2	u/caromur	fmpfwzp	C
2020-04-07 13:53:44.600475	u/video21659331	fmpjfkk	u/Alex13104	fmp2cfl	C
2020-04-07 13:54:13.851991	u/killer-penguins	fmpjh0n	u/mistermuesli	fmoena2	C
2020-04-07 13:54:18.247612	u/Al3nder	fmpjh8b	u/egle377	fmpjdco	C
2020-04-07 13:54:21.450766	u/spangonia	fmpjh9x	u/yak_on_meth	fmp38dv	C
2020-04-07 13:55:15.536373	u/Mark_Chindris76	fmpjjj1	u/Vegetable-Hat	fmpjexo	C
2020-04-07 13:55:18.532477	u/ShorguKun	fmpjjjr	u/Namor0123	fmpa904	C
2020-04-07 13:55:28.628502	u/HAMZEHKASASBAH	fmpjk10	u/Jelyarms	fmpi03l	C
2020-04-07 13:55:39.016114	u/Powerplayer189	fmpjkrv	u/VanashinGlory	fmo7pkb	C
2020-04-07 13:55:53.133373	u/givebronhiscastel	fmpjl23	u/HunterBoyxXx	fmpj67a	C
2020-04-07 13:55:57.284829	u/MasterSofa69	fmpjl8x	u/Santorno	fmph9r2	C
2020-04-07 13:56:13.521037	u/idontknow7821	fmpjma5	u/Swaggarnaggar	fmepnlq	C
2020-04-07 13:56:28.099903	u/Dirkadirka77	fmpjmqp	u/anshumankr001	fmp1ca8	C
2020-04-07 13:56:39.232429	u/backwoods1415	fmpjn8x	u/_Lily_Bear_23	fmoq0c2	C
2020-04-07 13:57:02.905574	u/grandmamedendez	fmpjo1k	u/DeliciousAtomicBomb	fmpi9zo	C
2020-04-07 13:57:38.694750	u/idonotknowk	fmpjq58	u/StealthobloxykatTwo	fmphznx	C
2020-04-07 13:58:51.253756	u/Addicted-sk	fmpjurw	u/Kanan_R	fmo0t3n	C
2020-04-07 13:58:58.497451	u/Nala452	fmpjvng	u/Wazzledoop	fmpjaqu	C
2020-04-07 13:59:33.837139	u/Guy-Person	fmpjy8n	u/bolteagler	fmpfaxt	C
2020-04-07 13:59:36.813891	u/karate_boi	fmpjyl2	u/rootpandavk	fmpjhlq	C
2020-04-07 13:59:38.033432	u/Steve_Stevensonson	fmpjyl9	u/desolution1337	flu3qfk	C
2020-04-07 13:59:45.013382	u/bellbobaggins8	fmpjz6g	u/MyJelloJiggles	fmnx4mi	C
2020-04-07 13:59:47.382177	u/Bobbert-the-cat	fmpjzdp	u/just_one_spark	fmpiobp	C
2020-04-07 13:59:52.521447	u/Hiiwasodie	fmpjzua	u/potatomanagement	fkjlxe5	C
