2020-04-15 16:01:05.044887	u/TysonProGamer	fnihza6	u/futileperson	fni84tx	C
2020-04-15 16:01:11.253186	u/Samantha_681	fnihzpr	u/frshy_	fnihasy	C
2020-04-15 16:03:44.348005	u/jekke7777	fnii6px	u/Rebuildingz	fnifsm6	C
2020-04-15 16:03:47.630880	u/maxkwok1	fnii6rb	u/Orca5ooo	fnifxee	C
2020-04-15 16:04:08.707996	u/Madwikinger	fnii7ky	u/Captain-titanic	fnhsk02	C
2020-04-15 16:05:01.003150	u/RandomThingsBlender	fniia6h	u/ThePukkeryGuy	fnh8hq1	C
2020-04-15 16:05:12.247772	u/StereoL0rd	fniiadt	u/AnUselessUser	fnihcfw	C
2020-04-15 16:05:16.408711	u/LakshyaMongia	fniiav9	u/ultraman7676	fnidzev	C
2020-04-15 16:05:41.984867	u/Blaze7abhi	fniibuf	u/PowerMelon4	fni5pa8	C
2020-04-15 16:06:03.726400	u/ZombieLover01	fniicsy	u/bassbassslappslapp	fnh3jja	C
2020-04-15 16:06:08.771477	u/Rygusrg3	fniid5y	u/Bignubie	g1zdij	S
2020-04-15 16:06:54.407539	u/UpsetRudeDude	fniifjq	u/Duffelii330	fni9bsi	C
2020-04-15 16:07:24.346969	u/Slyfox_388	fniih52	u/GamerRaf14	fnghq63	C
2020-04-15 16:07:52.918894	u/FrancoisDeCharette	fniiiw5	u/DigdyDoot	fnifgh3	C
2020-04-15 16:08:20.671405	u/MoonHaunter	fniikei	u/Lams1d	fni9nqy	C
2020-04-15 16:09:16.268638	u/OdditiesRealized37	fniiobb	u/mal-Fn	fnibifr	C
2020-04-15 16:09:26.069052	u/MeAndW	fniipe4	u/zorrozwoelf	fnhl2lj	C
2020-04-15 16:09:52.575346	u/yaboibigdick	fniirgs	u/Bruh_Bot_	fnihtkn	C
2020-04-15 16:09:56.286594	u/XxChaosxX48	fniirpk	u/DankestAncestor	fniilp6	C
2020-04-15 16:09:58.517261	u/The-Dreaming-I	fniiryz	u/Zikari007	fnhb49w	C
2020-04-15 16:10:23.025912	u/Ethitlan	fniitgo	u/Nightfountain11	fnhz0cr	C
2020-04-15 16:10:36.936551	u/Kinky-Monk	fniitq8	u/Who_Fish	fnibyhk	C
2020-04-15 16:11:05.696769	u/McCringleberry27	fniiux0	u/Happy_doot	fnhz7pp	C
2020-04-15 16:13:24.912261	u/phillyt009	fnij0wx	u/MustopherGoochington	fniio3l	C
2020-04-15 16:13:28.152984	u/syka-UngaBunga	fnij13r	u/Captain_Krol	fnifzgd	C
2020-04-15 16:13:39.907612	u/graph_meme_alt	fnij1gu	u/SnowyWinter69	fni731r	C
2020-04-15 16:14:03.180175	u/peepeehead6969	fnij25e	u/ThatTemplar1119	fni5b0n	C
2020-04-15 16:14:17.647735	u/LordFire87	fnij2pi	u/TSU_Cold_Killer	fnica0q	C
2020-04-15 16:14:23.872537	u/shepard1001	fnij3c6	u/LordBogus	fnhqjvg	C
2020-04-15 16:14:30.776737	u/dawson_629	fnij3u0	u/Rusty_Garlic	fnig9mh	C
2020-04-15 16:14:33.803825	u/RQUIZZLE	fnij3ut	u/Blyat_is_life	fni2zgw	C
2020-04-15 16:15:02.206559	u/Mini-Z	fnij5xu	u/Some_guy46	fnij4ez	C
2020-04-15 16:15:05.127305	u/hhd2	fnij5zv	u/POPPI29	fnhgso4	C
2020-04-15 16:16:02.607703	u/Eldoritto	fnij95h	u/Anjelu81	fniguxu	C
2020-04-15 16:16:04.660485	u/poe_dameron2187	fnij95x	u/RandomPlays-1	fniix0g	C
2020-04-15 16:16:39.670906	u/rahaton99	fnijb9v	u/SkiaFox17	fnhiu66	C
2020-04-15 16:16:50.049285	u/rahaton99	fnijbte	u/mrjuvelnebunu	fnhj63c	C
2020-04-15 16:17:05.075109	u/Youdonknow	fnijcww	u/UgandanShrekBoi	fniia8w	C
2020-04-15 16:17:38.491977	u/anime_boy-	fnijfcu	u/ranjeet-k	fni63dn	C
2020-04-15 16:18:25.176378	u/hiphiphurrah7269	fnijim8	u/i_just_say_prhaps	fnig3eu	C
2020-04-15 16:18:28.802701	u/Tvillan8	fnijinm	u/9200D8	fnij93z	C
2020-04-15 16:18:32.465235	u/Spyqe	fnijixm	u/ultraman7676	fnidvll	C
2020-04-15 16:18:44.880359	u/gmar528	fnijjpx	u/MemeAccountAccount	fnihvl9	C
2020-04-15 16:18:57.738506	u/ComradJazz	fnijkgd	u/Relan42	fnhlxxl	C
2020-04-15 16:19:21.741174	u/Dr__Coconutt	fnijnjj	u/miragen125	fngxhrb	C
2020-04-15 16:19:38.426354	u/JacobTheRedditor	fnijol9	u/eli7097	fnh5ad0	C
2020-04-15 16:20:07.098260	u/speerman84	fnijqx4	u/BuckySpanklestein	fnijm5e	C
2020-04-15 16:21:11.259655	u/OracBeule	fnijtaq	u/jdog479	fnijhv2	C
2020-04-15 16:21:48.092993	u/Charlesreddit6758	fnijuog	u/fierwoll	fnijr3m	C
2020-04-15 16:22:51.867525	u/_HiHello_	fnijwyu	u/thefirstbro	fnen38c	C
2020-04-15 16:22:56.353771	u/ImABadProgrammer	fnijx6o	u/ThatTemplar1119	fni5b0n	C
2020-04-15 16:22:58.645226	u/TheSlapDancer	fnijx74	u/Cowboy4lyfe	fnhqc31	C
2020-04-15 16:23:34.568664	u/Cradamy	fnijyp1	u/Emperor_Cheese	fnihueg	C
2020-04-15 16:24:16.663341	u/Mork_the_cat	fnik0ln	u/Connor_McStupid	fni16sg	C
2020-04-15 16:24:20.604154	u/scotyboisthicc	fnik0sn	u/krazykrizzle	fnijv5j	C
2020-04-15 16:25:18.715790	u/dah-pizZahut-boi	fnik4b8	u/WaffleEaterMan	fnijssv	C
2020-04-15 16:25:36.645434	u/Iwantbubblegum	fnik4wg	u/POPPI29	fnhgso4	C
2020-04-15 16:25:52.514065	u/PocketSand0007	fnik5gy	u/RepostSleuthBot	fni59xg	C
2020-04-15 16:26:36.967902	u/YT_Preaze	fnik82y	u/Asexual_Theatre_Kid	fnaa7j4	C
2020-04-15 16:26:42.958233	u/jgreenshields4554	fnik8d0	u/Sceptilefriend	fnihjd4	C
2020-04-15 16:27:03.703536	u/GGA13	fnik984	u/LuggageCaching	fnigiyr	C
2020-04-15 16:27:15.281704	u/billnyeisarussianspy	fnik9ql	u/PrayingSlays	fni404o	C
2020-04-15 16:27:34.717532	u/KellyManelly	fnikamd	u/420MikeHuntHurts69	fnihpkd	C
2020-04-15 16:28:11.488973	u/parkourwithmr	fnikcse	u/IndependentDamage8	fniinkw	C
2020-04-15 16:28:22.053571	u/xChtz--	fnikd43	u/Bawan04	fni9mpc	C
2020-04-15 16:28:30.759788	u/shutg60	fnikdso	u/Serbiaball_	fnifkn4	C
2020-04-15 16:28:37.464573	u/Monicabonica10	fnikegi	u/Its_Riley_	fnikcks	C
2020-04-15 16:29:03.295740	u/dasco7	fnikfnh	u/sammyhanco	fnijvnn	C
2020-04-15 16:29:43.638252	u/TheWeirdOne13	fniki7r	u/4ToedTactic	g1w13k	S
2020-04-15 16:29:48.599331	u/jacaddak	fnikjdn	u/kciDyMknirD	fni8j0e	C
2020-04-15 16:30:01.732455	u/Churcky2	fnikll5	u/GeneralGoonobi	fni9lag	C
2020-04-15 16:30:07.854747	u/gamerpro_p	fniklsj	u/Evereadythebattery	fnhadsn	C
2020-04-15 16:30:13.299179	u/TheSaucyPineapple	fnikm08	u/Relan42	fnhlxxl	C
2020-04-15 16:30:37.454625	u/Drewwoodoc	fnikn8g	u/itzkitten	fnikegx	C
2020-04-15 16:31:24.963808	u/CS261-Duncan	fnikp3o	u/Deep_Fried_Memer	g1s5sm	S
2020-04-15 16:32:55.563841	u/InXuisitor	fnikrwr	u/jdog479	g1uf94	S
2020-04-15 16:33:07.168291	u/Kajus42069	fniksfj	u/RepostSleuthBot	fnikpop	C
2020-04-15 16:33:40.890817	u/justeunefrancophille	fniktyu	u/Francesco_Ultron	g1yhx2	S
2020-04-15 16:33:52.195710	u/RadianEleven1	fnikuha	u/Walamader	fni3myz	C
2020-04-15 16:33:55.232294	u/Quotenbanane	fnikuwx	u/tlsta-pica	fnig213	C
2020-04-15 16:34:04.643298	u/NZickinja	fnikvem	u/nt24inc	fni8qeg	C
2020-04-15 16:34:17.792386	u/Samthe4th	fnikw3c	u/i_lost_at_mcdonalds	fnibj5i	C
2020-04-15 16:34:20.774088	u/SeargentSarg	fnikw3j	u/ZondaLM	fnh9ynv	C
2020-04-15 16:34:26.154218	u/JustSomeRandomnesss	fnikwn5	u/SamSan1996	fnijt8n	C
2020-04-15 16:34:54.042844	u/TotalWallaby	fnikyd5	u/only___say--ok	fnhz2vg	C
2020-04-15 16:36:56.068380	u/Voomli	fnil5bh	u/RepostSleuthBot	fnhtycr	C
2020-04-15 16:37:07.203958	u/ironman_1124	fnil5vn	u/theallaroundnerd	fnhwt1t	C
2020-04-15 16:37:18.386466	u/apollonicshadows	fnina56	u/Webster2001	fnilhfe	C
2020-04-15 16:37:31.305932	u/Swag_le_lenny	fninaq7	u/iMaybePan	g1opj6	S
2020-04-15 16:38:11.608127	u/abdokeko	fnincm5	u/Picker-Rick	fni8pro	C
2020-04-15 16:38:30.180621	u/Vireep	fnine4m	u/ThisIsFake10660	fnimdik	C
2020-04-15 16:38:35.480765	u/Fluffy-Toenails	fnineji	u/PrayingSlays	fni404o	C
2020-04-15 16:38:42.285726	u/noctuabosebluetooth	fninep8	u/Koppdiesel	fninbqb	C
2020-04-15 16:38:50.232200	u/iNsErT-Name-hEr	fninf2r	u/ghostgamer242	fnikl8r	C
2020-04-15 16:39:11.384092	u/main-me	fninh71	u/Sheriff42	fni7g1x	C
2020-04-15 16:39:32.737067	u/GoodDog_168	fninip3	u/Crippled6host	fnim6vi	C
2020-04-15 16:39:49.000919	u/AkaiMura	fninkiu	u/mikecool818	fnimq2m	C
2020-04-15 16:40:07.316456	u/MarblePilliar	fninle4	u/animemafiaboss	fni11hs	C
2020-04-15 16:40:30.660887	u/LUVRedm	fninm4i	u/JerseyDevil6572	fnic2fi	C
2020-04-15 16:40:37.840826	u/Narcopus	fninm7m	u/Relan42	fnhlxxl	C
2020-04-15 16:40:50.566634	u/Makaiaki	fninmur	u/marshmallow_fluff1	fnhljrj	C
2020-04-15 16:43:16.552298	u/robhos1992	fnint6j	u/LyndonBJohnsonJr	fninql3	C
2020-04-15 16:43:29.907185	u/afrothunder7	fnintw5	u/baris6002	fnhryul	C
2020-04-15 16:43:49.139571	u/ElxBlancoDiablo	fninubh	u/Memer_Vincee	fnidm9r	C
2020-04-15 16:43:59.510809	u/SmolBirb04	fninumt	u/StaticDiction	fnimocy	C
2020-04-15 16:45:17.745980	u/Bparks0022	fninxvi	u/MoonHaunter	fniikei	C
2020-04-15 16:45:39.693458	u/rumbole	fninyt9	u/Rick-Grimes_	fninvgi	C
2020-04-15 16:46:04.550275	u/oh_shoot_its_a_rat	fnio0a6	u/who_exactly_is_joe	fninx8i	C
2020-04-15 16:46:37.132284	u/totom800	fnio1u3	u/that_one_dued	fnimmze	C
2020-04-15 16:46:59.765853	u/Gnomebliterator	fnio3dd	u/IWearBlazersNow	fnei6c4	C
2020-04-15 16:47:22.540140	u/SeanRamey	fnio4i2	u/CreaterOfHell	fnibhpo	C
2020-04-15 16:47:49.354667	u/Ranch-0	fnio641	u/paulvonber	fnijnqn	C
2020-04-15 16:47:51.012425	u/Angeryrubberduck	fnio65t	u/Cameron4773	fnilq9p	C
2020-04-15 16:47:58.631991	u/QuinnNeedsMemes	fnio6ke	u/warframefan420	fnio3uz	C
2020-04-15 16:48:09.293504	u/flae7	fnio7sf	u/rehana_ines	fnhzwhh	C
2020-04-15 16:48:12.655027	u/yootenheim	fnio7wn	u/QuiccStacc	fninu47	C
2020-04-15 16:48:41.692840	u/_wendyn_	fnio9ug	u/samskirim97	fniei3i	C
2020-04-15 16:49:03.095435	u/GerlachusD	fniobqb	u/EnFrell4	fninbfj	C
2020-04-15 16:49:07.969370	u/thatguyisme14	fniobwz	u/italoxiz	fnii27a	C
2020-04-15 16:49:16.603443	u/Ant_Fusion13	fniocqx	u/AmenTensen	fnio6co	C
2020-04-15 16:49:34.903923	u/Erikisaname	fniod8t	u/Benedict-Cursed	fnimbf1	C
2020-04-15 16:49:44.211744	u/SunnierLizard16	fniodk9	u/fireinstehbucket	fninuz0	C
2020-04-15 16:49:51.690934	u/Tsoved_w	fnioebn	u/UpsetRudeDude	fnigw15	C
2020-04-15 16:50:00.863034	u/Zypton	fniof2p	u/notmanganese	fngyosl	C
2020-04-15 16:51:34.918731	u/pasanacnixa	fnioidy	u/Happy_doot	fnhz7pp	C
2020-04-15 16:51:52.519521	u/7051833	fnioj3i	u/Rick-Grimes_	fnio4vl	C
2020-04-15 16:52:45.244549	u/BunnyBomb890	fnioknv	u/cnote165	fnin6j7	C
2020-04-15 16:53:01.910164	u/DetectiveWr25	fnioljk	u/WeAreLegion64	fnfuy3m	C
2020-04-15 16:53:26.968310	u/Rhettredacted	fniomcs	u/JustNobodyTheEchidna	fnijgto	C
2020-04-15 16:53:51.724184	u/Soros_G	fnion0z	u/Ryze293	fnhzgh5	C
2020-04-15 16:54:38.817398	u/CharlesKenway	fniooo4	u/Runic_Dan	fninvnd	C
2020-04-15 16:55:39.377822	u/BMBL999	fniosbr	u/ToffeeDime	fnid2b8	C
2020-04-15 16:55:56.715397	u/noobstarpro	fniot0n	u/Julien2701	fnfu4gx	C
2020-04-15 16:55:59.417367	u/RedzZky	fniot2d	u/mikecool818	g1xjs5	S
2020-04-15 16:56:04.219829	u/PufferfishYummy	fniotae	u/LakshyaMongia	fniiav9	C
2020-04-15 16:56:09.506914	u/massyeah	fnioteq	u/Chuki17	fnih57v	C
2020-04-15 16:56:18.077588	u/WashiBurr	fniotoq	u/Robertiocoolman1	fnilmap	C
2020-04-15 16:56:42.259622	u/Ahzdyn	fniov2m	u/RepostSleuthBot	fnionvb	C
2020-04-15 16:57:15.535270	u/G4YMER_M4N	fniowm7	u/xforesttree	fninx88	C
2020-04-15 16:57:24.815464	u/PlotTwistRager	fnioxd2	u/Resorization	fnioulk	C
2020-04-15 16:57:40.757805	u/Gruggernaut	fnioyb0	u/lemonpizzanothanks	fngqt15	C
2020-04-15 16:58:02.393102	u/ForLocks-	fniozoa	u/Hi-There5	fnidhsr	C
2020-04-15 16:58:09.309867	u/Batman6nine4twenty	fnip00v	u/omario20	fnidw6p	C
2020-04-15 16:58:31.060663	u/LemonsSweet	fnip1h7	u/captjust	fniox37	C
2020-04-15 16:58:34.860736	u/MasonNasty	fnip1im	u/Avryox	fnhty2p	C
2020-04-15 16:58:56.788348	u/Rmptg	fnip3ke	u/TysonProGamer	fnihtsa	C
2020-04-15 16:59:26.564122	u/SONIC150	fnip5fg	u/I-Say-I-Love-You	fnip3bd	C
2020-04-15 16:59:31.829550	u/luk_77	fnip5id	u/--Aidan--	fnin0fh	C
2020-04-15 16:59:45.228155	u/GothCorpse	fnip6mp	u/supersword887	fnip5jz	C
2020-04-15 16:59:51.467308	u/apairofpetducks	fnip6vs	u/VendettaSunsetta	fnac43w	C
2020-04-15 16:59:52.227937	u/LemonsSweet	fnip6yi	u/captjust	fnioyi2	C
2020-04-15 16:59:58.208495	u/Ihavethisformemes	fnip7vh	u/Doesenju	fnhvnyp	C
