2020-04-01 14:00:05.394988	u/The_Chosen_Eggplant	fm4zeyo	u/ArthurTheSwallow	fm3tp37	C
2020-04-01 14:01:01.092745	u/sperm69420	fm4zgud	u/Jus2207	fm41v87	C
2020-04-01 14:02:05.903295	u/SaltyDuffman	fm4zivf	u/Riptide559	fm4lb9q	C
2020-04-01 14:02:54.387192	u/Adamn_V2	fm4zkee	u/DarkArrowNew52	fm4yyxf	C
2020-04-01 14:03:29.370941	u/TrueFireRed	fm4zliq	u/DukeLeon	fm4zj8j	C
2020-04-01 14:03:38.023604	u/PomPom39	fm4zln2	u/somkkeshav555	fm4tr6a	C
2020-04-01 14:04:20.205276	u/s-s-ss-senpaiii	fm4zn7b	u/RazorNemesis	fm4w6v3	C
2020-04-01 14:04:57.974901	u/LotosProgramer	fm4zof6	u/AncapElijah	fm4xtti	C
2020-04-01 14:05:23.886164	u/Jaded-Imagination	fm4zpmn	u/5txils_	fm4xlvq	C
2020-04-01 14:06:35.712292	u/lauaapelsin	fm4zsvm	u/quinten9665	fm4xltj	C
2020-04-01 14:06:42.066564	u/Chomusuke666	fm4zt1x	u/RepostSleuthBot	fm4yxrx	C
2020-04-01 14:06:51.906803	u/3than_L	fm4ztar	u/wolfhunter11	fm3ia4h	C
2020-04-01 14:09:24.834678	u/Sgt-Maillet	fm4zz5i	u/Oliver2112	fm4ywjv	C
2020-04-01 14:09:32.336283	u/DemonZiggy	fm4zzdu	u/beep_boop_3324	fm4uwcd	C
2020-04-01 14:09:48.006267	u/torchesablaze	fm4zzut	u/blueeggsandwaffles	fm4kjke	C
2020-04-01 14:09:50.869661	u/KittehCakex	fm50029	u/DonutOlympian	fm4z0dm	C
2020-04-01 14:10:09.563806	u/Carter0802	fm5015z	u/Gimme_carrots_humans	fm4lun3	C
2020-04-01 14:10:44.303327	u/comrando765	fm5024i	u/CasualFBIAgent	fm4s9ej	C
2020-04-01 14:11:07.342827	u/solomonjl	fm502tu	u/damlazittin	fm4qw2m	C
2020-04-01 14:11:17.944561	u/texo77	fm5034c	u/AngryBanan77	fm4x2vy	C
2020-04-01 14:11:48.800241	u/rudwer92	fm5046a	u/Endersgaming4066	fm5023v	C
2020-04-01 14:12:35.600853	u/Bazookasajizo	fm505h3	u/AkshatTiwari__	fm3p63x	C
2020-04-01 14:13:09.828966	u/DJDimo	fm506y5	u/RepostSleuthBot	fm43tf2	C
2020-04-01 14:14:05.599520	u/cyborgurl	fm51tij	u/Thereddittor314	fm4fvtg	C
2020-04-01 14:14:28.547585	u/Rand0m_13	fm51ubl	u/Bugzygirl27	fm3a5f9	C
2020-04-01 14:14:57.377325	u/cyborgurl	fm51w2v	u/Thereddittor314	fm4fvtg	C
2020-04-01 14:15:11.288788	u/xupamos87	fm51wp0	u/eonses	fm51neo	C
2020-04-01 14:16:21.176674	u/whhhhhh-jskeifysj	fm51zow	u/AutoModerator	fm50dmh	C
2020-04-01 14:16:27.685056	u/thisjustsucks100	fm5202d	u/Aaron-Cook-467	flw5rkp	C
2020-04-01 14:16:35.853774	u/Smoltako	fm520iq	u/ThePhantomRaven	fm50sk1	C
2020-04-01 14:16:52.001434	u/rivxxn	fm521nl	u/Rumbo51	fm4w1xt	C
2020-04-01 14:16:54.736523	u/NuclearWarGod	fm521nh	u/BosnianHD	fm51wsa	C
2020-04-01 14:17:06.732089	u/Tvattsvampen	fm5227w	u/Sieghld	fm4zdqo	C
2020-04-01 14:17:17.782786	u/wirapori	fm5231p	u/Topovfan	fm51f96	C
2020-04-01 14:17:39.713575	u/BumbleBlast29	fm524kv	u/rivxxn	fm523as	C
2020-04-01 14:18:05.183658	u/Romstr03	fm525k9	u/sailorharuka	fm50roj	C
2020-04-01 14:18:11.925202	u/degrie	fm525rc	u/trejfzdjgz	fm51ygf	C
2020-04-01 14:18:16.934845	u/JJ2Goated	fm525ya	u/GameFaceJc	fm4vj6v	C
2020-04-01 14:18:28.661005	u/spookmobile	fm526z4	u/TheCommander07	fm4s5wd	C
2020-04-01 14:19:22.680370	u/timing_snow	fm52akf	u/AutoModerator	fm4c56w	C
2020-04-01 14:19:28.433824	u/Dominic6591	fm52awy	u/AutoModerator	fm4cts6	C
2020-04-01 14:20:02.434749	u/DeRealBatman	fm52dq4	u/haiasi__	fm4oa4g	C
2020-04-01 14:20:46.919472	u/pepsiblues	fm52g0c	u/TheCommander07	fm4s5wd	C
2020-04-01 14:20:59.804648	u/jumpingdiscs	fm52gho	u/ThreadTheft	fm43cag	C
2020-04-01 14:21:16.829139	u/2Bobs1Lasagna	fm52hmb	u/Martinuz01	fm3zrwu	C
2020-04-01 14:21:24.948381	u/kcp129	fm52igf	u/funnypornjoke	fm4z3f0	C
2020-04-01 14:23:07.673454	u/liveforfun12	fm52n48	u/FuntCaseKid	fm4qwo3	C
2020-04-01 14:24:06.593861	u/Thraximundurabrask	fm52p5t	u/ZZionix	fm4tirx	C
2020-04-01 14:24:30.797779	u/Bex_IsASlut	fm52qhy	u/TheCommander07	fm4s5wd	C
2020-04-01 14:24:35.382705	u/demonic_pug	fm52qij	u/lord_z9	fm4zzyv	C
2020-04-01 14:24:37.513289	u/sadboyleto2	fm52qjx	u/Topovfan	fm4z3om	C
2020-04-01 14:24:59.765232	u/MostlyCarbon75	fm52rsy	u/poop_village	fm51rrr	C
2020-04-01 14:25:32.681830	u/weirdonumberzero	fm52tif	u/ducksdontflytogether	fm50ab1	C
2020-04-01 14:26:14.473446	u/PCtheInternetUser	fm52vrk	u/wasabipunani	fm4sqnx	C
2020-04-01 14:26:27.770833	u/hotshothornet18	fm52wu8	u/Redpikes	fm52fyd	C
2020-04-01 14:26:34.143665	u/flamebird797	fm52xb3	u/tasty_nugget69	fm490qg	C
2020-04-01 14:27:14.878682	u/yeawateva	fm52zxt	u/BigOleFerret	fk4772c	C
2020-04-01 14:27:52.751557	u/camillelaneelle	fm5322b	u/TacoTurtle90101	fm4r4ln	C
2020-04-01 14:27:55.250618	u/LoliDevourer	fm532b5	u/Double_A__Ron	flrpgpl	C
2020-04-01 14:27:57.893294	u/barrybananadog	fm532dh	u/JOHNTHEBUN4	fm3hcs9	C
2020-04-01 14:28:32.040513	u/landfleem	fm533tm	u/Batmanbyday	fm39ynz	C
2020-04-01 14:28:33.454709	u/flimbs	fm5342d	u/Motown06	fm4w41a	C
2020-04-01 14:28:43.903374	u/Hornyfrogman	fm53552	u/holocene28	fm4xn39	C
2020-04-01 14:28:56.041586	u/ohhellnah254	fm535tl	u/astro_gamer150	fm4v64z	C
2020-04-01 14:28:58.051423	u/951753951753	fm535wx	u/deflondon	fm2un2a	C
2020-04-01 14:29:31.397796	u/truequeenbananarama	fm53865	u/phoenix5379	fm45d1t	C
2020-04-01 14:29:35.871393	u/DARKDALEK95	fm538fp	u/BumbleBlast29	fm534wx	C
2020-04-01 14:29:37.212646	u/Fit-Slice	fm538h4	u/BalGu	fm51bs2	C
2020-04-01 14:29:38.910507	u/truequeenbananarama	fm538jg	u/Jus2207	fm41q9z	C
2020-04-01 14:29:40.761282	u/hadiisaboss	fm5390w	u/RepostSleuthBot	fm50ay0	C
2020-04-01 14:29:43.444285	u/truequeenbananarama	fm5395j	u/Martinuz01	fm44hvl	C
2020-04-01 14:29:44.355937	u/OpasnostLapshoi	fm53968	u/ZenithDaCretan	fm4sw54	C
2020-04-01 14:29:46.002955	u/truequeenbananarama	fm539fk	u/Martinuz01	fm4a4yi	C
2020-04-01 14:30:11.207000	u/DeRealBatman	fm53b4r	u/haiasi__	fm531v4	C
2020-04-01 14:30:56.095547	u/zannyLondon	fm53d9g	u/prince-of-yeet	fm528lu	C
2020-04-01 14:31:17.695993	u/PyroClashes	fm53e6z	u/Topovfan	fm50w2i	C
2020-04-01 14:31:37.575719	u/GengarKhan1369	fm53erm	u/GDW33	fm4wws7	C
2020-04-01 14:32:15.453800	u/ApexReddit13	fm53g26	u/RepostSleuthBot	fm51b5h	C
2020-04-01 14:33:36.632174	u/_ser_michael_	fm53jk8	u/TheCommander07	fm4s5wd	C
2020-04-01 14:33:55.409949	u/Patriklilcocky	fm53k9z	u/EighthCenturion	fm4ppu6	C
2020-04-01 14:35:48.445985	u/Vinayak0304	fm53pli	u/u01aua1	fm3qlxc	C
2020-04-01 14:35:54.721304	u/B1r4a1yden	fm53pw7	u/AutoModerator	fm53h4n	C
2020-04-01 14:35:57.552130	u/theonlyfuckingtroll	fm53pz9	u/kashishm	fm4scwy	C
2020-04-01 14:36:17.992258	u/GreenTree010	fm53ra0	u/funkmonk223	fm4uldq	C
2020-04-01 14:37:08.612050	u/furnoxp	fm53tv9	u/GungusGaramoti	fm53qpk	C
2020-04-01 14:37:16.986447	u/Brandon250r	fm53u4f	u/AI-Capone	fm15kd5	C
2020-04-01 14:38:02.793870	u/AggressionDepression	fm53xb1	u/Mongocom	fm4xoai	C
2020-04-01 14:38:41.221694	u/Matt_da_Penguin	fm53z5r	u/TheCommander07	fm4s5wd	C
2020-04-01 14:39:05.972485	u/TheGamingPizza542	fm540wo	u/ZZionix	fm4tirx	C
2020-04-01 14:39:09.979187	u/Help_Ive_fallenn	fm5417n	u/Xark96	fltn6oo	C
2020-04-01 14:39:11.978390	u/awdaw_97	fm541cx	u/BadgerSunshine	fm53you	C
2020-04-01 14:39:18.465570	u/Fudjsk	fm541mh	u/CastJoker160072	fm4k2i0	C
2020-04-01 14:39:37.568221	u/PopesCrusader	fm5438e	u/JazJaz123	fm4x1ym	C
2020-04-01 14:39:56.950461	u/El-Yeeto-Despacito	fm545rq	u/Adamn_V2	fm53ch3	C
2020-04-01 14:40:17.791079	u/Sponda	fm546za	u/poop_village	fm51rrr	C
2020-04-01 14:40:47.810966	u/ICantChooseANameLoL	fm548wl	u/Romstr03	fm4u9qc	C
2020-04-01 14:41:06.020957	u/DrPleaseRespect	fm549db	u/unk214	fm4vszl	C
2020-04-01 14:41:20.943164	u/Brign716	fm54a9a	u/RepostSleuthBot	fm5490d	C
2020-04-01 14:41:28.687223	u/Alfonzo9984	fm54al3	u/Martinuz01	fm3zrwu	C
2020-04-01 14:42:17.646194	u/LaithAlmoosli	fm54dhg	u/ZZionix	fm4ulu5	C
2020-04-01 14:42:52.248863	u/fanluxx	fm54f35	u/ZZionix	fm4tirx	C
2020-04-01 14:42:59.846433	u/ur_adopted_brother	fm54fbr	u/DecoPL3	fm53mb2	C
2020-04-01 14:43:17.887859	u/PCtheInternetUser	fm54gkl	u/RepostSleuthBot	fm53iv4	C
2020-04-01 14:43:30.073804	u/bitchlasagnaisjohwic	fm54hh3	u/Jo3Dick	fm54cu9	C
2020-04-01 14:44:03.458396	u/MynamisFulkrum	fm54j91	u/Blitzer13	fm3ojkt	C
2020-04-01 14:44:54.559686	u/xXxtoffyxXx	fm54lsm	u/Sekof7	fm4ra3x	C
2020-04-01 14:44:57.746351	u/bloody-wankers	fm54lsz	u/zannyLondon	fm53d9g	C
2020-04-01 14:45:30.758326	u/Th3T3X1C	fm54ojo	u/ask312	fm4jj4f	C
2020-04-01 14:45:33.807298	u/Anonymous_Gamer939	fm54oop	u/Nochickenforu	fm3scz1	C
2020-04-01 14:46:06.069804	u/Costello_Donald	fm54q0p	u/theShaggy009	fm522l6	C
2020-04-01 14:46:10.632593	u/nightwing33989	fm54qcc	u/Pointless_Commentor	fm4r5xi	C
2020-04-01 14:46:20.223313	u/pm_me_sugardaddy	fm54ras	u/chuggyoftheussr	fm49nnu	C
2020-04-01 14:46:34.118389	u/69420eu	fm54rxl	u/ZZionix	fm4tirx	C
2020-04-01 14:46:44.782988	u/Jonnyv0007	fm54s5v	u/the_oncoming_doctor	fm4mwyl	C
2020-04-01 14:46:53.095758	u/ElTiquilloPillo9	fm54sk5	u/ThePhantomRaven	fm54d16	C
2020-04-01 14:47:04.776106	u/_soch	fm54tpc	u/Benedict-Cursed	fm54k84	C
2020-04-01 14:47:14.870284	u/purpcicle	fm54uez	u/roncastelino	fm54mk7	C
2020-04-01 14:47:20.180533	u/BlaezyWazy	fm54uoh	u/yourpantsaretoobig	fm51taq	C
2020-04-01 14:47:38.726561	u/Human-Who-Exists	fm54vo4	u/Core1989	fm54qpm	C
2020-04-01 14:48:41.713889	u/kinikinier	fm54zxu	u/RepostSleuthBot	fm54vym	C
2020-04-01 14:49:13.061763	u/PauIanerBerq	fm5520v	u/AutoModerator	fm4cts6	C
2020-04-01 14:49:42.852070	u/slamminsammyj	fm554e3	u/pizzaking95	fm3oaxb	C
2020-04-01 14:49:59.567117	u/Seattle_Retard	fm556i0	u/somkkeshav555	fm4tr6a	C
2020-04-01 14:50:15.304946	u/verttiboi	fm556wx	u/ThunderingSacks	fm4uyjs	C
2020-04-01 14:50:21.529394	u/KevsterMcgee	fm5576l	u/Schlongevity	fm546os	C
2020-04-01 14:50:29.733523	u/Theonewithaknife	fm557en	u/ZestyZuccc	fm4n4i3	C
2020-04-01 14:50:39.652569	u/Stupid_Comparisons	fm5581y	u/Difficult_Jello	fm4nyvj	C
2020-04-01 14:51:34.015849	u/Viking1411	fm55a5w	u/-uncommon-	fm4tsmb	C
2020-04-01 14:51:59.312223	u/Meowsh109	fm55bcw	u/DaddyCal0	fm53t9i	C
2020-04-01 14:52:04.058302	u/FirePenguinMaster	fm55bis	u/-Blackspell-	fm54xh4	C
2020-04-01 14:52:10.841352	u/Fatemiles	fm55blr	u/invinz524	fm4w8bc	C
2020-04-01 14:52:13.282536	u/justforcomment2ndacc	fm55bms	u/bumblebeebiatch	fm40sha	C
2020-04-01 14:52:29.324095	u/WyFye	fm55chf	u/ZZionix	fm4kome	C
2020-04-01 14:52:39.986444	u/SANCHO810	fm55d1k	u/I-Zestro-I	fm515b2	C
2020-04-01 14:52:53.311196	u/Cheesehead1225	fm55dm8	u/ZZionix	fm4kome	C
2020-04-01 14:53:09.178656	u/N07ahakr	fm55e9m	u/AutoModerator	fm4cts6	C
2020-04-01 14:53:27.101641	u/harrypottermcgee	fm55ex5	u/BigBrainlittlepenis	flzpd05	C
2020-04-01 14:54:16.851893	u/AlbaMcAlba	fm55gwm	u/cedric1997	fm5350n	C
2020-04-01 14:54:27.387842	u/IPassedTheRobotTest	fm55h9q	u/Meowsh109	fm55bcw	C
2020-04-01 14:54:34.419989	u/idkpersonthing	fm55hi6	u/IFrickenCavatoTwitch	fm52wca	C
2020-04-01 14:54:59.773974	u/KWhitt16	fm55ik0	u/RepostSleuthBot	fm509gj	C
2020-04-01 14:56:16.439138	u/ItsValk-kaas	fm55n9v	u/PyroYeet0808	fm4j2jq	C
2020-04-01 14:57:41.086438	u/HIGHPER_TERTLS	fm55ru0	u/freddyyyyyyyyy	fm3tt5t	C
2020-04-01 14:57:45.808823	u/KarlwithaKandnotaC	fm55s53	u/Sieghld	fm4zdqo	C
2020-04-01 14:58:06.552265	u/dmt--	fm55tmh	u/PyroClashes	fm53e6z	C
2020-04-01 14:58:10.983193	u/CthuluSpecialK	fm55tuw	u/ReasonablySizedApple	fm4t653	C
2020-04-01 14:58:17.087194	u/Draconic_shaman	fm55udw	u/TheCommander07	fm4s5wd	C
2020-04-01 14:58:30.589932	u/sarthak1169	fm55v5o	u/KarlwithaKandnotaC	fm4u5s1	C
2020-04-01 14:58:43.221934	u/BioFire101	fm55wq8	u/AutoModerator	fm55gcj	C
2020-04-01 14:59:19.500235	u/MarikodoLP	fm55zbi	u/tasty_nugget69	fm51gtl	C
2020-04-01 14:59:31.535198	u/iFunnyExam	fm5602s	u/Emperor_O_Memes	fm5525e	C
2020-04-01 14:59:34.430538	u/jryan9930	fm56059	u/RazorNemesis	fm4w6v3	C
2020-04-01 14:59:42.707728	u/GKanjus	fm560qk	u/Nath313	fm4lcf6	C
2020-04-01 14:59:45.181938	u/weebus-9000	fm56174	u/Martinuz01	fm4zt90	C
2020-04-01 14:59:57.831395	u/mackemackrill	fm563c5	u/Fappai-Sama	fm3l980	C
