2020-03-26 13:00:15.868973	u/h_diabetes	flkilsd	u/theswagdodo11	flki2mr	C
2020-03-26 13:00:30.738242	u/TotallyNotExtinct	flkimcl	u/Svool_Gsviv_	flkd7d8	C
2020-03-26 13:00:43.067599	u/miltonite	flkimqc	u/DemonicLemon02	flkifx4	C
2020-03-26 13:01:41.014541	u/not-recommended	flkiok9	u/racerfree	flkh6k9	C
2020-03-26 13:01:44.570740	u/kajokarafili	flkior9	u/Matthewberg98	flkig5m	C
2020-03-26 13:01:56.361999	u/Dooooooooooooooooof	flkip0v	u/Noobster646	flkcqj6	C
2020-03-26 13:01:59.861742	u/ZygardeFusion	flkip43	u/fastAsFRICK7	flkin91	C
2020-03-26 13:02:20.592757	u/Sanviv6966	flkippk	u/10someone	flk9mq0	C
2020-03-26 13:02:28.898129	u/MysteryMoonlight	flkipv1	u/Migizille	flkf2nu	C
2020-03-26 13:02:51.837928	u/WeeBo2804	flkiqg4	u/baekqtie	flkalif	C
2020-03-26 13:03:16.000618	u/bubonic-kronik	flkir3c	u/__DarthBane	flkalz7	C
2020-03-26 13:03:38.982157	u/CRD-Killjoy	flkis5s	u/YeetCannon9x19mm	flkin47	C
2020-03-26 13:03:42.194028	u/Babadaboopi1	flkisan	u/AutoModerator	flk9s6i	C
2020-03-26 13:03:53.950768	u/C00ki3_Krom	flkisvl	u/Ochinchin6969111	flk6604	C
2020-03-26 13:04:06.408105	u/TravisIsASnake	flkit7x	u/FireWeasel423	flkg98e	C
2020-03-26 13:04:16.359190	u/n1ckuhlus	flkitm8	u/ChangNoi97	flji8ya	C
2020-03-26 13:04:27.169625	u/heliotropicsunspot	flkitzv	u/Respect_Paying_Bot	flki2u1	C
2020-03-26 13:04:42.099868	u/RodneyTheGamerGirl	flkiulc	u/4qua-Pen	flkgz3e	C
2020-03-26 13:04:47.226601	u/krzys13kk1	flkiurd	u/austobravo	flkhp4y	C
2020-03-26 13:04:57.561452	u/vlad_gutenco	flkivb3	u/GuyWithNoGudUsername	flkiecb	C
2020-03-26 13:05:22.215793	u/CeekretSwissLord	flkiw0c	u/WeseltonDW	flkhxkv	C
2020-03-26 13:05:35.467285	u/Andrew-and-his-Dog	flkiwks	u/StevenGonzale79	flkh36x	C
2020-03-26 13:05:40.458857	u/-biggie_cheese	flkiwt9	u/vlad_gutenco	flkivb3	C
2020-03-26 13:06:02.363465	u/filoeniki	flkixnc	u/shaggyjonny	fljqmug	C
2020-03-26 13:06:17.819624	u/EpicPineappleGamer69	flkiy8a	u/sleepy769	flkhpkt	C
2020-03-26 13:06:22.968488	u/hiandbyeeeee	flkiygf	u/EnvyMyLif3	fl2plm7	C
2020-03-26 13:06:31.394505	u/WholockA113	flkiyvu	u/grinninglikeadevil	flkiwv9	C
2020-03-26 13:06:54.492083	u/zanyboi2	flkizb7	u/modern_problems	fljsqkp	C
2020-03-26 13:07:02.511078	u/Zehennagel	flkizhk	u/TheStonka	flki3ov	C
2020-03-26 13:07:45.671143	u/-----Hades----	flkj15t	u/memes_for-the_win	fknb1m6	C
2020-03-26 13:07:52.049772	u/Nitrusboiiii	flkj1ag	u/AutoModerator	fljeayw	C
2020-03-26 13:08:02.251879	u/HS13guy	flkj1s0	u/Anonymous9438558658	flkivdx	C
2020-03-26 13:08:15.097414	u/258amand34percent	flkj2gz	u/pirateofmemes	flkhzh7	C
2020-03-26 13:08:40.953282	u/crumchlord	flkj3c3	u/Xploiter_RBLX	flkg1c2	C
2020-03-26 13:09:15.134420	u/RRmadzoon222	flkj4mb	u/iiPotatoLordzii	flhdvj3	C
2020-03-26 13:09:34.962782	u/Raytraced421	flkj687	u/GoldRaptor500	fljwzvg	C
2020-03-26 13:09:38.580422	u/Shoe_Bum_	flkj6iw	u/AutoModerator	flkivq1	C
2020-03-26 13:09:47.887714	u/Shoe_Bum_	flkj75u	u/Shoe_Bum_	flkj6iw	C
2020-03-26 13:09:58.135185	u/ac1dre1gn77	flkj8dx	u/ashyrinn	flkj3d7	C
2020-03-26 13:10:12.818034	u/pewdiepie_fan69420	flkj93h	u/ZERMproductions	flke8lu	C
2020-03-26 13:10:16.675705	u/CB2231	flkj948	u/ArmaPrime	flkignx	C
2020-03-26 13:10:44.143188	u/euro_buck	flkj9r0	u/RepostSleuthBot	flkj7sq	C
2020-03-26 13:10:52.285184	u/Windowlikker99	flkj9zf	u/BerdTheNoob	flkgo3g	C
2020-03-26 13:10:54.708640	u/chachasameer	flkja27	u/noobybits	flk9w5d	C
2020-03-26 13:11:05.947487	u/Thomilo44	flkjalr	u/GoldRaptor500	fljwzvg	C
2020-03-26 13:11:31.373119	u/thagurukilla	flkjbaa	u/RepostSleuthBot	flkj6ns	C
2020-03-26 13:11:33.659336	u/Mrtacostache	flkjbal	u/Jace-Ace	flk5yzr	C
2020-03-26 13:11:38.654583	u/cheapestmole	flkjbfh	u/AutoModerator	flkj4k1	C
2020-03-26 13:11:55.164663	u/pwmij	flkjbzg	u/Wondervv	flkj8ql	C
2020-03-26 13:12:06.472031	u/MaxEsc	flkjcof	u/BartuArda	fljqasp	C
2020-03-26 13:12:12.192894	u/jimmenypicketts	flkjd09	u/pleasegivemeagooduse	flkd9w6	C
2020-03-26 13:12:15.406944	u/JiJireckt	flkjd6s	u/ObtainableCream	flk9ehw	C
2020-03-26 13:12:31.476544	u/Toby-the-Cactus	flkjdrk	u/yoni246	flkc35o	C
2020-03-26 13:12:43.232978	u/DasCake	flkje3t	u/fualtyzane	flka9ff	C
2020-03-26 13:12:52.688614	u/Stan_L_parable	flkknib	u/DuckLord17	flkjuya	C
2020-03-26 13:13:30.763256	u/tsarjack	flkkouu	u/officer_panda159	flj64q0	C
2020-03-26 13:14:11.930693	u/kokoloko008	flkkqek	u/CinKM4D	flh8whz	C
2020-03-26 13:14:14.157954	u/Oscar02083450	flkkqes	u/nattapijah	flig5gp	C
2020-03-26 13:14:29.199862	u/reubenmonroe54	flkkqyp	u/Tru_Drone_Videos	flkji0j	C
2020-03-26 13:14:38.109610	u/_Schneizel	flkkr3p	u/DistraughtBishop	flkjf3f	C
2020-03-26 13:14:50.255808	u/cfcchamps09	flkkrub	u/JesusOnAChair	flkk9ui	C
2020-03-26 13:15:01.611665	u/satoshigekkoga001	flkks4g	u/TheBazeur	flk5jfx	C
2020-03-26 13:15:16.603764	u/MobilePudding	flkkslm	u/Datruedabking	flkkm2w	C
2020-03-26 13:15:41.567705	u/99-Seasons-Morty	flkktj5	u/yourpantsaretoobig	flkkqpq	C
2020-03-26 13:15:47.445366	u/pris0ner__	flkktq8	u/goldrake_995	flkknkw	C
2020-03-26 13:16:22.240830	u/Ammo-Racc	flkkuyt	u/MiddleBox18	flkb284	C
2020-03-26 13:16:49.017268	u/Naruto_7thHokage	flkkvip	u/serial_code_r	flk63xm	C
2020-03-26 13:17:08.337007	u/llamaz314	flkkvwp	u/shaggyjonny	fljqmug	C
2020-03-26 13:17:41.555205	u/DeadBabyDick	flkkxrq	u/clutzyninja	fljvgpb	C
2020-03-26 13:17:56.182466	u/ImTheNewKid22783	flkkyip	u/ZERMproductions	flke8lu	C
2020-03-26 13:18:03.544602	u/balfringRetro	flkkyob	u/Mauricio2427	flk829c	C
2020-03-26 13:18:54.594143	u/Helvegen_Warrior	flkl0hg	u/spycrab24	flkcv9y	C
2020-03-26 13:19:04.839386	u/sikide_exe	flkl153	u/Dead_Anomaly	flk78ox	C
2020-03-26 13:19:06.174676	u/BigOleFerret	flkl19v	u/canyoueatchicken	fljsjs3	C
2020-03-26 13:19:10.433439	u/izertnosaj	flkl1c6	u/Butchboi69	flkkwzr	C
2020-03-26 13:19:14.847881	u/AdunfromAD	flkl1l5	u/Acidic_White_Girl	flkkaxb	C
2020-03-26 13:19:18.615737	u/Bluegunshot1022	flkl1pt	u/Table_with_spoons	flkaooo	C
2020-03-26 13:19:21.725873	u/Beanos_pp_energy	flkl1yf	u/gutti_05	flkjn9x	C
2020-03-26 13:19:25.089250	u/UnknownReasonWOW	flkl27z	u/shawarma_law	fljyn9a	C
2020-03-26 13:19:49.756655	u/-TheLamest	flkl3nz	u/nobody384	flh3mjf	C
2020-03-26 13:19:51.760845	u/Herminat2r	flkl3s3	u/RepostSleuthBot	flkfwzk	C
2020-03-26 13:20:09.215699	u/bluMeteoriteboi	flkl4f4	u/NIL_VALUE	flkb3xj	C
2020-03-26 13:20:34.423623	u/weathly2	flkl5gu	u/theswagdodo11	flkkzff	C
2020-03-26 13:20:37.912956	u/FinBoy20_06	flkl5ib	u/Volbeat135	flkku4k	C
2020-03-26 13:21:08.354456	u/Go4Tops	flkl6e6	u/Pixel_Ferret327	flkaj57	C
2020-03-26 13:21:19.675789	u/LhuizTheBiWolf	flkl6nq	u/Nervous-Pervous_Ned	fljmvw3	C
2020-03-26 13:21:35.480273	u/astroplayer01	flkl754	u/AnAnt71993	flkg68i	C
2020-03-26 13:21:41.594923	u/cinnamonprogrammer	flkl77n	u/taeD2004	flk87o3	C
2020-03-26 13:21:54.712054	u/Dr-Who_21	flkl7ne	u/yeethaw01	fl9w7uo	C
2020-03-26 13:22:34.444577	u/ghjm	flkl8m6	u/racerfree	flk7v9s	C
2020-03-26 13:22:57.793101	u/zeromatsuri05	flkl9d6	u/wafflehousetun	flk6t0x	C
2020-03-26 13:23:06.457755	u/cooperg25	flkl9lq	u/JawkRox	flk9qyt	C
2020-03-26 13:23:38.611052	u/101Necromancer101	flklb2b	u/mimilegolol	flkazcr	C
2020-03-26 13:23:54.180544	u/rice_mango	flklbkk	u/TheMLGTrapzzy	flk5c5b	C
2020-03-26 13:24:08.634878	u/Nothingatall3665	flklc4u	u/AutoModerator	flj5op2	C
2020-03-26 13:24:10.847349	u/Izenthyr	flklc5h	u/Tahuka	flipni1	C
2020-03-26 13:24:19.342261	u/Coolbob6666	flklcg4	u/ImTheNewKid22783	flkkyip	C
2020-03-26 13:24:49.007339	u/Matt_Wuhu69	flkldhh	u/Stan_L_parable	flkknib	C
2020-03-26 13:24:52.160043	u/epkori	flkldi6	u/CTT_sub	fljvwwf	C
2020-03-26 13:25:12.418449	u/FiLA62	flkleas	u/Tru_Drone_Videos	flklclj	C
2020-03-26 13:25:18.166604	u/JCarnage13	flkledh	u/AutoModerator	flhv49p	C
2020-03-26 13:26:10.739092	u/Adfecu	flklh6y	u/Bmanyo69	flk4wv0	C
2020-03-26 13:26:12.684604	u/DarkReapers01	flklh74	u/racerfree	flkkvpj	C
2020-03-26 13:26:14.645741	u/I_DONT_LIKE_PICKLES_	flklhbu	u/UnknownReasonWOW	flkl27z	C
2020-03-26 13:26:16.580422	u/Nyah_Chan	flklhg5	u/Salvanee	flj8kgp	C
2020-03-26 13:26:23.195877	u/Gg_launtis_67	flklhol	u/happyquasont	flklcd5	C
2020-03-26 13:26:41.763235	u/Nyah_Chan	flklixf	u/leftshoelace136	fljbgsh	C
2020-03-26 13:26:59.276687	u/thoughts-to-forget	flkljbo	u/Kodeine__Bryant	fljtb1l	C
2020-03-26 13:27:15.080940	u/Tank45b	flkljmd	u/Grographic101	flki7wc	C
2020-03-26 13:27:22.571829	u/ss-unsikableIII	flklju8	u/Heniningiboi	fl6hbim	C
2020-03-26 13:27:39.359174	u/supinej3lly	flklkge	u/CinKM4D	flhfcsy	C
2020-03-26 13:28:22.414699	u/Kliko-	flkllwk	u/SpiffyHippy29	flkkg9s	C
2020-03-26 13:28:25.844914	u/TheGayTrashMan69	flkllzq	u/dirtbutcher	fljyh4k	C
2020-03-26 13:28:36.095293	u/Ygberg16	flklmcj	u/Qrossiant	flkdlyr	C
2020-03-26 13:29:00.263758	u/ree-the-soviet	flkln4v	u/fastAsFRICK7	flklmem	C
2020-03-26 13:29:10.467526	u/kaytiecakes	flklnte	u/ImACumWhore	fljr6kd	C
2020-03-26 13:29:23.979927	u/SomeRandomGuy1769	flklopt	u/WeseltonDW	flkjv07	C
2020-03-26 13:29:27.159039	u/a_person_with_a_cake	flklost	u/SevenPandas	fljz87d	C
2020-03-26 13:29:36.632787	u/Z0L4_FC	flklpen	u/RepublicOfLizard	flkli10	C
2020-03-26 13:29:42.561635	u/I3ossk	flklpza	u/Respect_Paying_Bot	flkl81f	C
2020-03-26 13:29:47.940515	u/Schnitzel4Life	flklqc5	u/classypenquin002	flkas84	C
2020-03-26 13:29:55.196907	u/N3RDZ4LIF3	flklrj7	u/heliotropicsunspot	flkitzv	C
2020-03-26 13:29:57.776273	u/daTman9	flklrt4	u/Luna_Moon777	flkkjwr	C
2020-03-26 13:29:59.136232	u/ImNotFromFinland	flklryp	u/gingermadlad2002	fljykbv	C
2020-03-26 13:30:18.083265	u/sexyass1010	flklsbq	u/elf_erik	flklpc5	C
2020-03-26 13:30:24.502891	u/MrsWhippy69	flklslg	u/Engynn	flkaqx0	C
2020-03-26 13:30:46.941798	u/Mayflower_K	flkltct	u/Valask86	flk0xi5	C
2020-03-26 13:30:59.297158	u/FCBFan05	flkltkq	u/XB2006	flklfay	C
2020-03-26 13:31:54.692240	u/SirCopyright	flklvea	u/verbalyabusiveshit	fljmzqo	C
2020-03-26 13:32:09.253522	u/CoolManGamingTan	flklvmy	u/Gerioch_Rashkowski	fljlphp	C
2020-03-26 13:32:26.160660	u/Thatbitchfromschool1	flklwbm	u/Melbufrauma	flkdt1f	C
2020-03-26 13:32:29.536349	u/TheBatfanTriumphant	flklwh2	u/Keda_Keda	flkf288	C
2020-03-26 13:32:31.778416	u/bomb_schell321	flklwhu	u/I_love_potatoes_1234	flklqqz	C
2020-03-26 13:32:39.387205	u/FaoLOr64	flklwpz	u/dodobird-	flkk970	C
2020-03-26 13:33:28.063350	u/BallisticBlocker	flkly7c	u/RepostSleuthBot	flkcg3q	C
2020-03-26 13:33:36.531165	u/NIGERian42069	flklydk	u/Coolbob6666	flklcg4	C
2020-03-26 13:33:42.639153	u/watashidesuyo	flklygg	u/Tatagilber1	flkfue6	C
2020-03-26 13:33:54.673143	u/Bohemia2003	flklyuj	u/Whee23	flk4on2	C
2020-03-26 13:34:09.038485	u/Theiim	flklz7k	u/SeriousUndead30	flkhlsf	C
2020-03-26 13:34:23.775964	u/TheBiggestGay11	flklzoy	u/Sammi_Laced	flklvw7	C
2020-03-26 13:34:26.786012	u/firesidestew	flklzs0	u/Doggo0306	flklu3s	C
2020-03-26 13:34:53.718713	u/OrangeElettronico	flkm0y6	u/billybob_jr	flkbefl	C
2020-03-26 13:35:01.258983	u/_maskiv	flkm19u	u/Gongstrong	flk9sh9	C
2020-03-26 13:35:03.416491	u/xDOCHOLIDAYxX	flkm1fk	u/Brokeasslobster	fljxsqm	C
2020-03-26 13:35:08.297039	u/TurkeyMaze	flkm1lu	u/Naruto_7thHokage	flklhix	C
2020-03-26 13:35:14.822796	u/GuidoCraftGamer	flkn7rr	u/Z33KO3	flkj825	C
2020-03-26 13:35:36.827223	u/Mysterious-Gap	flkn8or	u/KingofTahoe	flk8bqy	C
2020-03-26 13:35:43.561149	u/Ice_Giantok2	flkn90m	u/SomeRandomGuy1769	flkk3s1	C
2020-03-26 13:35:56.188771	u/Saslikes17	flkn9cc	u/fualtyzane	flkn6is	C
2020-03-26 13:35:58.175488	u/DriedMilkStain	flkn9em	u/coltellochiave	fljya31	C
2020-03-26 13:36:08.181341	u/Mysterious-Gap	flkn9lc	u/the-dude-over-there	flk9vk1	C
2020-03-26 13:36:11.874759	u/Rocket-Tree	flkn9o4	u/DragonsRise	fljy7o0	C
2020-03-26 13:36:19.668949	u/idksuck	flkn9vq	u/kid3645	flkmt1c	C
2020-03-26 13:36:36.802056	u/RetroMagnetar	flknae5	u/the_mspaint_wizzard	flkgrar	C
2020-03-26 13:36:40.588222	u/Thatsshitemate	flknajf	u/Potatotheooflord	fl5ewkn	C
2020-03-26 13:36:52.481455	u/FreezeTile	flknbek	u/HuntehHerd	flkljd6	C
2020-03-26 13:37:08.080734	u/Add0674	flknc0y	u/RepostSleuthBot	flkl7on	C
2020-03-26 13:37:10.888420	u/IcyBriskTea	flknc4r	u/__DarthBane	flkalz7	C
2020-03-26 13:37:17.129333	u/markdeadwyler	flkncc3	u/Charles_the_duck69	fljn4qh	C
2020-03-26 13:37:24.600749	u/Shamuthegoat	flknchp	u/BotGlumanda	flk3k5s	C
2020-03-26 13:37:47.214823	u/legend1nfamous	flkndbr	u/NuggetBuilder	fljz3rk	C
2020-03-26 13:38:46.219100	u/BappleBlayer333	flknfs4	u/Brokeasslobster	flkhext	C
2020-03-26 13:39:02.419921	u/WhiteMale6969	flkngo8	u/Cachuchotas	flkem37	C
2020-03-26 13:39:18.506114	u/finnjatheboy	flknh51	u/AutoModerator	flk48iz	C
2020-03-26 13:39:22.248544	u/grumpycat1011	flknhkb	u/FraSkywalker	flkdf37	C
2020-03-26 13:39:23.469103	u/Jvarblow	flknhlj	u/Gubq	fl5lg0s	C
2020-03-26 13:39:27.957316	u/FordExplorerGuy2007	flknhon	u/CyberBlade31	fpfo99	S
2020-03-26 13:39:32.755807	u/BappleBlayer333	flknhvj	u/Brokeasslobster	flkngw2	C
2020-03-26 13:39:35.837102	u/finnjatheboy	flknhye	u/Shane_2018	flka8f0	C
2020-03-26 13:39:40.732431	u/theresabirdoverhere	flkni8t	u/fualtyzane	flkneid	C
2020-03-26 13:39:49.572877	u/theRealW_A_C_K	flkniuv	u/The_Digital_Friend	flkn3cf	C
2020-03-26 13:39:50.387041	u/deadg0hst	flknixp	u/Green_blueberry	fljn6o6	C
2020-03-26 13:40:00.048245	u/King-Goblin	flknji0	u/Brugge2000	fljkcxb	C
2020-03-26 13:40:01.375283	u/Gavin1772	flknjis	u/Ayan501	fljrwfw	C
2020-03-26 13:40:29.320982	u/brown_human	flknklr	u/bkmangang	flkmv33	C
2020-03-26 13:40:37.063488	u/madraichii	flknkou	u/fualtyzane	flkn8l9	C
2020-03-26 13:40:40.635168	u/FearsomeSmore	flknkqu	u/MattTheBastard	flkc35c	C
2020-03-26 13:41:02.266883	u/Outlandischer	flknlen	u/CommunistBubs	flk6p23	C
2020-03-26 13:41:05.590503	u/Memer_Man77	flknlga	u/AutoModerator	flkmrpt	C
2020-03-26 13:41:57.494437	u/Eislieferant1	flknmvy	u/northstraw	flkm8ka	C
2020-03-26 13:42:05.274892	u/Jaboody15	flknn24	u/Brokeasslobster	fljxsqm	C
2020-03-26 13:42:25.465779	u/MJenius-MJ	flknnmy	u/Dead_Anomaly	flkncrh	C
2020-03-26 13:42:57.574121	u/K33zO	flknog5	u/BlueAuqa	flkn9vu	C
2020-03-26 13:43:01.954890	u/striptheflesh121	flknoj8	u/racerfree	flj0xgv	C
2020-03-26 13:43:18.588705	u/kjfoy	flknozx	u/Tru_Drone_Videos	flkncy8	C
2020-03-26 13:43:25.827823	u/nate95240	flknp80	u/71Atlas	flkf402	C
2020-03-26 13:43:38.248027	u/SavantRods	flknpkr	u/Tru_Drone_Videos	flkncy8	C
2020-03-26 13:43:53.339200	u/OZONA_42	flknpyh	u/nameofanuser	fliqaw0	C
2020-03-26 13:44:32.692681	u/NoGodUpHereOnlyDoge	flknr9i	u/WllmDVeugl	flkhxlw	C
2020-03-26 13:44:35.545563	u/MrLoosh	flknrd8	u/avlism	flkmcz5	C
2020-03-26 13:44:38.625369	u/Drix1942	flknrim	u/Ochinchin6969111	flk6cce	C
2020-03-26 13:44:45.157631	u/Myra_Nox	flknrme	u/foxfurp	flkk8py	C
2020-03-26 13:44:47.209656	u/georgerambo1227	flknrn1	u/Jawadude8	flk8nu1	C
2020-03-26 13:45:05.385839	u/lahavior	flkns12	u/racerfree	flkm1ll	C
2020-03-26 13:45:22.775124	u/an-existing-being	flknt20	u/modern_problems	fljr2tb	C
2020-03-26 13:45:46.588376	u/InsunLee	flkntq5	u/HelloThereDrFreeman	flkjpxt	C
2020-03-26 13:46:01.849284	u/locusdude69420	flknu8i	u/BattlNerd	flklfu3	C
2020-03-26 13:46:23.235794	u/LePetitChienneGarcon	flknuyy	u/real_ass_fool	fljx89f	C
2020-03-26 13:46:26.831427	u/galaxygirl978	flknv46	u/racerfree	flkkykw	C
2020-03-26 13:46:29.634134	u/jasari_is_hot	flknv6m	u/MiddleBox18	fljzrtb	C
2020-03-26 13:46:56.688458	u/da_pro_guy	flknw0d	u/fuego-inferno	flke55t	C
2020-03-26 13:47:15.855210	u/XxMGP160xX	flknwmb	u/_41968_	flkm8e5	C
2020-03-26 13:48:01.427110	u/aeroblitzxt	flknycq	u/Cachuchotas	flkem37	C
2020-03-26 13:48:02.956334	u/ShyYyoutube	flknyd3	u/Linux_MissingNo	flknspl	C
2020-03-26 13:48:04.631673	u/immatrashpiece	flknye9	u/I_love_potatoes_1234	flkmxdu	C
2020-03-26 13:48:09.820552	u/derpypoo4763	flknyjr	u/fuego-inferno	flke55t	C
2020-03-26 13:48:23.659014	u/ShinySnaxMix	flknz54	u/racerfree	flkl6j1	C
2020-03-26 13:48:36.354964	u/Ceedy_Boiii	flknzl5	u/ImOnReddit18	flknyif	C
2020-03-26 13:49:04.431706	u/Shamba_Boy	flko0ye	u/tookiesshorts	flki9hf	C
2020-03-26 13:49:27.273035	u/SuckMyThreeSack	flko1je	u/Au-Di	fljss34	C
2020-03-26 13:49:32.420448	u/kgbdub	flko1re	u/SukoshiWolfy	flkjmad	C
2020-03-26 13:49:53.067701	u/NuPhaze	flko3ef	u/Eislieferant1	flknex3	C
2020-03-26 13:49:55.323902	u/Ermine-Supreme	flko3n6	u/RepostSleuthBot	flko27s	C
2020-03-26 13:50:02.502606	u/heavydove420	flko4eq	u/hopebagelko	flkmxrq	C
2020-03-26 13:50:19.166494	u/TheHushh21	flko4q2	u/69420memes	flkm5il	C
2020-03-26 13:50:26.767681	u/an_unknown_dragon	flko4uy	u/FreezeTile	flklmmz	C
2020-03-26 13:50:37.903914	u/literxllytrxsh	flko55u	u/wafflem1x	flkctf1	C
2020-03-26 13:51:05.617929	u/gjdem30	flko6q9	u/CinKM4D	flh8whz	C
2020-03-26 13:51:18.750844	u/Daddy07162005	flko6vj	u/racerfree	flhmu53	C
2020-03-26 13:51:29.537699	u/Spooderkid	flko758	u/yuuzernaem	fl5o6lq	C
2020-03-26 13:52:13.720563	u/The-Bean-Collecter	flko88x	u/Destroird	flkntd2	C
2020-03-26 13:52:29.496758	u/Origin_Owasome	flko8kl	u/_spicyyyyyy_	flko6zh	C
2020-03-26 13:52:35.256823	u/DrDyer55	flko8uz	u/racerfree	flknncs	C
2020-03-26 13:53:07.555038	u/marissamars95	flko9ul	u/Eitherdiamond19	fp95nv	S
2020-03-26 13:53:37.436087	u/RoggerRogger	flkoas3	u/FluffyTeddid	flk1nxf	C
2020-03-26 13:53:46.437007	u/Chaos_Arson	flkoazg	u/Im_Trying_0k	flknmzl	C
2020-03-26 13:53:55.561361	u/darkgiIls	flkob87	u/ApUmKinFaCe	fljhlzh	C
2020-03-26 13:54:13.561813	u/MINELOGG	flkobvj	u/Red_Mayhem512	flkg5rd	C
2020-03-26 13:54:23.519758	u/Chloe1178	flkoc3m	u/_41968_	flkm8e5	C
2020-03-26 13:55:06.092288	u/justasadbrokendorito	flkodc1	u/CrackBaby6	flkmdai	C
2020-03-26 13:55:25.092722	u/Thebrowniebro	flkpi8t	u/racerfree	flkdtch	C
2020-03-26 13:55:37.266946	u/igottanutt	flkpimj	u/SauronsinofPride	flkded6	C
2020-03-26 13:56:11.739401	u/Nyreify	flkpjjc	u/itsismail	flkoqts	C
2020-03-26 13:56:17.891087	u/e11even1h	flkpjn9	u/racerfree	flkp2ov	C
2020-03-26 13:56:21.874003	u/RoseAnneSun	flkpjtn	u/GoMinMaxing	flkgysg	C
2020-03-26 13:56:36.535027	u/LordTachanka557	flkpkgn	u/Brokeasslobster	flkpg0l	C
2020-03-26 13:56:53.580392	u/JurassicEvolution	flkpldy	u/Kodeine__Bryant	fljn7v1	C
2020-03-26 13:57:02.321969	u/RandomStuff1010	flkplsy	u/Brokeasslobster	flkp1c1	C
2020-03-26 13:57:05.051779	u/zainthemain2	flkpm59	u/Alexitozz	flk2iuu	C
2020-03-26 13:57:09.539301	u/RandomStuff1010	flkpmbw	u/RandomStuff1010	flkplsy	C
2020-03-26 13:57:14.916656	u/Dhongle	flkpmkz	u/furmal182	flk1pjw	C
2020-03-26 13:57:21.571341	u/OWOverwatch	flkpms6	u/Nothingatall3665	flkmdan	C
2020-03-26 13:57:29.051673	u/wykydmagnuz	flkpn1t	u/HelloThereDrFreeman	flkfyib	C
2020-03-26 13:57:32.104313	u/THEGrogTheFrog	flkpn31	u/flying_melon69	flkokw3	C
2020-03-26 13:57:36.313417	u/FAKE_GA-MEME-NEER	flkpna0	u/Thort3	flkopnd	C
2020-03-26 13:58:26.449232	u/LeakyThoughts	flkpp20	u/nobody384	flkdeo9	C
2020-03-26 13:58:37.786874	u/Mishakusa	flkppod	u/RepostSleuthBot	flklizq	C
2020-03-26 13:58:46.862964	u/OWOverwatch	flkpqbn	u/kgbdub	flkoaq5	C
2020-03-26 13:59:14.108201	u/Arx11Comic	flkpr0x	u/Van-Dangus	flkpg8s	C
2020-03-26 13:59:15.306139	u/chunchunmaru6969	flkpr2q	u/Nugget69420lol	flkpa5i	C
2020-03-26 13:59:31.727894	u/DigestifReader	flkprzp	u/sf_randOOm	flkmuig	C
2020-03-26 13:59:34.361857	u/TheRetroGamer547	flkpsbj	u/ANDREITATU	fljh31g	C
2020-03-26 13:59:51.603694	u/the-best-jimmy	flkpt5r	u/OWOverwatch	flkpio8	C
