2020-04-04 06:00:48.202888	u/Drunken_genosans	fme8mf3	u/ihabesmolpp	fme7wxo	C
2020-04-04 06:01:49.341731	u/Rembski	fme8mzc	u/the_toaster34	fme8g2x	C
2020-04-04 06:02:23.403418	u/poptart21st	fme8n7u	u/IronMan-Mk3	fme8mg1	C
2020-04-04 06:04:44.392533	u/21ExoticPeppers	fme8o27	u/sahilian	fukha1	S
2020-04-04 06:05:05.524477	u/AkemiDryzz	fme8o5e	u/CorruptedCCG	fmck4sd	C
2020-04-04 06:06:02.629412	u/shotgunner12345	fme8odm	u/brokencookie69	fme8bfp	C
2020-04-04 06:06:47.896430	u/Sebbyyyyyy	fme8ov4	u/DasKwitschibo	fme8noj	C
2020-04-04 06:07:25.569109	u/Helpful_Car	fme8p48	u/OverallSignature3	fme7xby	C
2020-04-04 06:07:51.792583	u/palabhiihbalap	fme8pf0	u/South-wind19	fme8l5r	C
2020-04-04 06:08:48.985697	u/thrillhouse1211	fme8qac	u/Ice_Buckets_Official	fme7vf1	C
2020-04-04 06:09:19.630387	u/Shialo	fme8qk8	u/Alteracctive	flh6ehm	C
2020-04-04 06:09:32.424315	u/Fizzy-Potato	fme8qq3	u/Mutantwarsushi	fmccdpp	C
2020-04-04 06:09:39.734454	u/Cupcakewitch	fme8r1j	u/Nerdy_Pasta	fmd25lz	C
2020-04-04 06:09:52.423525	u/GiGiGus	fme8r5n	u/Banditmiles123	fme14qe	C
2020-04-04 06:09:55.103502	u/slick_villain_bob	fme8ra4	u/xDatBoi240x	fme32kt	C
2020-04-04 06:13:00.802659	u/feverX_Xdreams	fme8sqc	u/razer_fishstick	fme8lnm	C
2020-04-04 06:14:37.478624	u/Ana_Woon	fme8tam	u/DodoFaction	fmdmdbk	C
2020-04-04 06:17:06.093935	u/rogue565	fme8ur2	u/AnanDABhavan	fme7lu5	C
2020-04-04 06:17:42.619979	u/dot_gh0st	fme8uw1	u/BlueCrowNN	fme87sb	C
2020-04-04 06:19:00.633988	u/Possibly-Avery	fme8vec	u/RepostSleuthBot	fme5b4x	C
2020-04-04 06:19:39.132155	u/K7izr	fme8vvi	u/OliverLlama	fme1w0e	C
2020-04-04 06:19:54.798884	u/Apster137	fme8w8p	u/SrKaz	fme7ayz	C
2020-04-04 06:20:05.696520	u/bunkbed123	fme8wf3	u/MadderThanEggs	fme86le	C
2020-04-04 06:20:27.028601	u/Nallekarrki	fme8wkr	u/_Grimble	fmcjda6	C
2020-04-04 06:20:57.937970	u/ScienceLivesInsideMe	fme8wtf	u/scurrtty	fme5scc	C
2020-04-04 06:21:10.267759	u/suskio4	fme8wvt	u/overlord_of_cringe	fme8vo7	C
2020-04-04 06:21:20.582429	u/Silviu200530	fme8wwe	u/howthefuckcan	fme5u49	C
2020-04-04 06:22:15.189635	u/sparklingt10m	fme8x9a	u/darkspeed002	fmdvv5p	C
2020-04-04 06:24:30.956898	u/fittinbroLP	fme9zg5	u/oh-yeah-nahui	fme4buc	C
2020-04-04 06:25:47.437991	u/StormyDLoA	fme9zrc	u/thrillhouse1211	fme8rc2	C
2020-04-04 06:26:18.058866	u/Evoxey12	fme9zw5	u/RealmZenJK	fme9x50	C
2020-04-04 06:26:52.873186	u/EZmichael22	fmea02s	u/InstantName	fme9w0o	C
2020-04-04 06:29:32.572519	u/noob_plays_newpc	fmea0yx	u/MrsHDG	fme7jy4	C
2020-04-04 06:29:58.853663	u/Obeyallcity15	fmea1eb	u/The_Radioactive_Rat	fmdyvqp	C
2020-04-04 06:31:16.316243	u/Apathetic_Corazon	fmea208	u/seira117	fme9szy	C
2020-04-04 06:32:56.356654	u/Augustus-Octavian	fmea2h7	u/Luc1_F0x	fmdto9l	C
2020-04-04 06:33:17.200104	u/FLUFFYPAWNINJA	fmea2mt	u/Y3110wdud3	fme0k57	C
2020-04-04 06:34:44.540718	u/pAtch3sTHE1i3r	fmea3aq	u/The_Radioactive_Rat	fme0b9p	C
2020-04-04 06:35:27.139548	u/tomasmulliganart	fmea3gs	u/potatoooo66planet	fme9ybq	C
2020-04-04 06:36:21.844571	u/DaMetalPenguin	fmea3pi	u/NguyenKhangThinh	fmdncd0	C
2020-04-04 06:36:31.603203	u/d0pe_dje11y	fmea3r6	u/Beleheth	fme67lz	C
2020-04-04 06:37:17.950043	u/nine-tailed-nerd	fmea3z7	u/henry_stein	fme9ixs	C
2020-04-04 06:37:42.141617	u/gunsmokey24	fmea461	u/LaHighdonkay	fmdrk60	C
2020-04-04 06:39:56.064517	u/Imnotapeep	fmea5id	u/Aer0dynamix	fme7s7b	C
2020-04-04 06:42:34.688704	u/Barman-the-alcoholic	fmea68l	u/Ed_H_1508	fmea0jq	C
2020-04-04 06:42:53.070194	u/GhostsAndGauches	fmea6av	u/_anguloco_	fmdrp1f	C
2020-04-04 06:48:20.786809	u/deanrihpee	fmea8a4	u/TheCheeseBroker	fme6of2	C
2020-04-04 06:49:08.362956	u/6Random_French_guy9	fmea8kx	u/Unicorn_of_War	fme9ps0	C
2020-04-04 06:49:26.754246	u/ThisRandomDude6	fmea8t7	u/Salamander_B01	fme8pif	C
2020-04-04 06:49:40.267672	u/cdr_chakotay	fmea8yv	u/TRIS74N	fmdvn8u	C
2020-04-04 06:50:16.982418	u/Mars_Aeternum_	fmea9np	u/Shiny_Agumon	fme9v29	C
2020-04-04 06:55:05.394923	u/KorkyBoi12	fmeab9n	u/Dawaidso	fme8fzv	C
2020-04-04 06:57:34.858726	u/sub2deadmeat	fmebmj9	u/PuddleSquid146	fmeb3m2	C
2020-04-04 06:58:34.552640	u/Thinksush	fmebmzy	u/Aliosha1	fmea916	C
2020-04-04 06:59:51.265549	u/gu1ly	fmebnyd	u/I_exist_here	fmea78a	C
