2020-03-25 20:00:48.328772	u/Tecoh	fliee8u	u/AlienBlossom	flh9at6	C
2020-03-25 20:01:14.676108	u/Mrs_steal_yo_eggs	flieeql	u/Draconium69	flhyrle	C
2020-03-25 20:01:25.935099	u/joe_does_stuff	flief2l	u/ExpertAccident	flibiib	C
2020-03-25 20:01:46.320995	u/4thPresident	fliefbp	u/Rammstein_gay	fli72mk	C
2020-03-25 20:01:53.929570	u/kosta2006	fliefhx	u/DUCKLESSLORD	flhgwqq	C
2020-03-25 20:02:03.389785	u/defeatedcube416	fliefxf	u/GameIsMyName12	flie044	C
2020-03-25 20:02:11.120304	u/Pickagodandpray2	flieg42	u/first-time-second	flhux1z	C
2020-03-25 20:02:19.813276	u/TheFrostyDude_	fliegbr	u/Pigpenlordofdirt	flh7092	C
2020-03-25 20:02:28.433255	u/maxvalley	fliegon	u/Randomaniac03	flg1pvu	C
2020-03-25 20:02:47.043917	u/MRKRABBYPABBY	flieh9a	u/cam_g_	flibbry	C
2020-03-25 20:02:51.638502	u/Tis-I	fliehe5	u/lucMZ448	fliboqh	C
2020-03-25 20:03:11.556819	u/web3h	fliehz0	u/CinKM4D	flh8whz	C
2020-03-25 20:03:33.218465	u/meneedpringles	flieidc	u/Kami103	flidpml	C
2020-03-25 20:03:41.489515	u/radioaktivnicvjetic	flieioq	u/bakirelopove	fli87zo	C
2020-03-25 20:03:46.554336	u/natopotatomusic	flieiri	u/97AByss	fliee61	C
2020-03-25 20:03:51.846678	u/Koskio	fliej38	u/BrothaJames69	flidsdu	C
2020-03-25 20:04:23.053868	u/bigassnibba69420	fliek1z	u/0saran	flidajr	C
2020-03-25 20:04:52.920526	u/Russian_Patrick	fliekmg	u/AutoModerator	flh67lm	C
2020-03-25 20:05:06.538819	u/PandaMoniumMan	fliel9b	u/fualtyzane	flid4qq	C
2020-03-25 20:05:13.158993	u/alpha_d0xx	flieljr	u/CinKM4D	flh8whz	C
2020-03-25 20:05:21.542886	u/Semassey78	flielr3	u/Pigpenlordofdirt	flh7092	C
2020-03-25 20:05:28.269786	u/zgredek	fliem1s	u/Snaper_XD	flie19r	C
2020-03-25 20:05:32.113324	u/the_njw	fliem51	u/CinKM4D	flhfcsy	C
2020-03-25 20:05:47.919641	u/scfcfan	fliemoe	u/naeem014	flhyzqa	C
2020-03-25 20:06:21.166438	u/the_njw	flienb8	u/aScrollingProgram	flhflq8	C
2020-03-25 20:06:36.384043	u/hkr11011	flienhy	u/C-A-A-C	flicz4z	C
2020-03-25 20:06:39.764676	u/mb110507	flienmb	u/omg_itsjr07	flidoq6	C
2020-03-25 20:07:27.835874	u/Marco-bot	flieotf	u/-EzWaY-	flha995	C
2020-03-25 20:07:31.673847	u/heyeet	flieozr	u/Just_a_little_T-rex	fliatja	C
2020-03-25 20:07:34.633422	u/po0tatoos	fliep8z	u/kickfluff	flibl5j	C
2020-03-25 20:07:36.190772	u/jalex54202	fliepc1	u/Pigpenlordofdirt	flh7092	C
2020-03-25 20:08:07.810031	u/LegundinShad	fliepu3	u/R3Dsnapp3r	flhxosm	C
2020-03-25 20:08:17.144586	u/SZDXN	flieq2c	u/NoT_UrAnUS	fliaoen	C
2020-03-25 20:08:19.671636	u/a_dunken_sailor	flieq55	u/stalinshootskulaks	flh9zyx	C
2020-03-25 20:08:21.749710	u/RealFrostyGamer	flieq94	u/megalodon392	flhiwkp	C
2020-03-25 20:08:38.876638	u/xXR32Xx	flieqxl	u/Bigg-Ol-Boy	flie7jx	C
2020-03-25 20:08:41.475758	u/OneWayStreetPark	flier0d	u/lexixoxo19	fli9w8p	C
2020-03-25 20:08:53.178411	u/JosephatSPark	flierck	u/pvtsquirel	fliefxp	C
2020-03-25 20:08:57.068679	u/mysticteacher4	flierm0	u/superblooperboss	flh8rj6	C
2020-03-25 20:09:08.454728	u/LegundinShad	fliesmy	u/ChillXaves	flhz67l	C
2020-03-25 20:09:09.363895	u/ErnestoErnie	fliesnx	u/RepostSleuthBot	fliemqa	C
2020-03-25 20:09:10.680715	u/lil_passionproject	fliesqr	u/CinKM4D	flh8whz	C
2020-03-25 20:09:14.459547	u/ChapE2288	fliesxq	u/Pigpenlordofdirt	flh7092	C
2020-03-25 20:09:19.302313	u/Nycon93	fliet9i	u/CinKM4D	flh8whz	C
2020-03-25 20:09:30.076668	u/uejsbjagsbshxijdveuw	flietdy	u/CinKM4D	flh8whz	C
2020-03-25 20:09:43.927949	u/Gold_Fish17	flietng	u/blackflag933	flido3d	C
2020-03-25 20:09:44.640608	u/ThatCoolBritishGuy	flietq1	u/Spicymemez17	flhr2kb	C
2020-03-25 20:09:56.148680	u/holve	flieu5h	u/_Xand0n_	fliebw4	C
2020-03-25 20:10:10.836738	u/daboss317076	flieuy2	u/CamEr5000	fli5m91	C
2020-03-25 20:10:15.508614	u/GhostGamer35	fliev5r	u/turtlestrainc	flhn0ko	C
2020-03-25 20:10:22.588676	u/cocoabean22	flievbx	u/AutoModerator	flh67lm	C
2020-03-25 20:10:38.473040	u/Gold_Fish17	flievne	u/PacDan27	flicxun	C
2020-03-25 20:10:40.767759	u/Xronco	flievnl	u/Abs4life123	flgjw86	C
2020-03-25 20:11:01.919326	u/Jack-the-Rah	fliewb3	u/Kingle2005	fliedj3	C
2020-03-25 20:11:04.301754	u/Its_Jayski	fliewdi	u/Pigpenlordofdirt	flidw9a	C
2020-03-25 20:11:15.243526	u/greebothecat	fliewwj	u/TurRetsdud19	flgjsgl	C
2020-03-25 20:11:26.123860	u/pbmultiverse2	fliex57	u/Rei_Caixo	flia778	C
2020-03-25 20:11:28.402224	u/VonFoltz	fliex7s	u/Kind-Pop	fl3zlqu	C
2020-03-25 20:11:38.736969	u/ThatCoolBritishGuy	fliexkx	u/CinKM4D	flh8whz	C
2020-03-25 20:12:03.855032	u/Novasane813	fliey66	u/llamalord696969	fli6uqe	C
2020-03-25 20:12:34.771642	u/Sundiata_AEON	flieyob	u/CinKM4D	flhfcsy	C
2020-03-25 20:13:03.545848	u/ThotDoinks	fliezwk	u/Pigpenlordofdirt	flh7092	C
2020-03-25 20:13:33.892681	u/K1an0	flif0ow	u/SebtheThomasFan1	fliei3m	C
2020-03-25 20:13:42.182411	u/KirbyChair	flif14a	u/Motogrowl	flhe04v	C
2020-03-25 20:13:49.689628	u/chooo-chooo-niba	flif1bb	u/AutoModerator	flh67lm	C
2020-03-25 20:13:55.238431	u/what_the_bruh	flif1g0	u/Schwifty_colo	fli88ka	C
2020-03-25 20:14:00.167149	u/lickmnut	flif1h6	u/ErnestoErnie	flieqfy	C
2020-03-25 20:14:09.416026	u/Lukupp	flif1t9	u/TFW_YT	fliepvt	C
2020-03-25 20:14:21.595440	u/FirmOnion	flif1xy	u/Pigpenlordofdirt	flh7092	C
2020-03-25 20:14:47.579221	u/robloxwaiivzy	flif2xh	u/Pigpenlordofdirt	flif24i	C
2020-03-25 20:14:58.030595	u/thunderberker	flif35w	u/Pigpenlordofdirt	flh7092	C
2020-03-25 20:15:00.958496	u/MALOP3Z77	flif37e	u/werkwerkwerk-werk	flhin97	C
2020-03-25 20:15:04.641453	u/JasonMetallica	flif3cp	u/Pigpenlordofdirt	flh7092	C
2020-03-25 20:15:09.365675	u/coolman10011	flif3hl	u/mounir3	fliezr0	C
2020-03-25 20:15:13.301973	u/StonedHamsterz	flif3ie	u/RepostSleuthBot	flierqt	C
2020-03-25 20:15:29.273373	u/bungaloow	flif3ps	u/Pigpenlordofdirt	flhfwm7	C
2020-03-25 20:15:36.552223	u/Fallenwinter637	flif3sy	u/sweptchicken27	flieoim	C
2020-03-25 20:15:51.668830	u/Jjabrahams567	flif4gd	u/JTmash545	flh27zp	C
2020-03-25 20:15:56.547539	u/alex-madd	flif4xw	u/virtual_Gamer10	fli6p2z	C
2020-03-25 20:16:08.178475	u/Cainer09	flif59b	u/Iconic_Zombie	flieyrw	C
2020-03-25 20:16:46.619542	u/YaBoiAidan69	flif68y	u/Alteracctive	flh6ehm	C
2020-03-25 20:17:08.014375	u/Oscar_Ramirez	flif7bi	u/Pigpenlordofdirt	flh7092	C
2020-03-25 20:17:37.339277	u/almalikisux	flif8pa	u/ciadthemadlad_9392	fli8r2d	C
2020-03-25 20:17:52.821822	u/redpanda1234567	flif9o2	u/aScrollingProgram	flhf0kb	C
2020-03-25 20:17:56.891425	u/OnlyKindaSadistic	flif9uw	u/NeevaErcevan	fliaqwi	C
2020-03-25 20:17:59.596811	u/PuellaBona	flif9yw	u/Gorhaloth	flhibg0	C
2020-03-25 20:18:01.448860	u/7ony921	flif9ze	u/OpenMouthInsertPasta	flicxzd	C
2020-03-25 20:18:26.969475	u/tuppennyupright	flifb8y	u/ErnestoErnie	flif5ra	C
2020-03-25 20:18:32.619744	u/CQsavage	flifbst	u/ItLooksLikeToast	flifayv	C
2020-03-25 20:18:35.371960	u/King-of-Alts	flifbvh	u/McEnderlan	flgcz8c	C
2020-03-25 20:19:01.722760	u/PuellaBona	flifdw1	u/thisdistancehurts	fli41g4	C
2020-03-25 20:19:06.690350	u/RD_sans	flife36	u/docohoi	flifc17	C
2020-03-25 20:19:27.400718	u/AlzerXD	fliff21	u/mounir3	fliezr0	C
2020-03-25 20:19:33.711232	u/RicoDeFreako	fliff4f	u/HypeXeon	flfsm5f	C
2020-03-25 20:19:36.991411	u/Pee_Noot_Skoot	fliffo7	u/AutoModerator	flh67lm	C
2020-03-25 20:19:39.379990	u/I_PlayRobloxNowShut	flifg4j	u/_ElogatedMuskrat_	fliej9x	C
2020-03-25 20:19:43.088643	u/thepiggyleader	flifgh5	u/Tru_Drone_Videos	flgvl8u	C
2020-03-25 20:19:58.894598	u/JoshuaBoss198	flifhbf	u/Pigpenlordofdirt	flh7092	C
2020-03-25 20:19:59.405821	u/DeepFriedNugget1	flifhd8	u/CinKM4D	flh8whz	C
2020-03-25 20:19:59.841719	u/TheMLGTrapzzy	flifhe6	u/aScrollingProgram	flhf0kb	C
2020-03-25 20:20:08.426524	u/Calati0n	flifhm7	u/CinKM4D	flh8whz	C
2020-03-25 20:20:15.241942	u/KevinKeviners	flifhrr	u/Pigpenlordofdirt	flh7092	C
2020-03-25 20:20:20.049350	u/marpoksma	flifhya	u/The-Knight-Of-Nee	flhtkgj	C
2020-03-25 20:20:28.466997	u/Rastapoppilis_Gaming	flifi6z	u/MentalWaternelon	flif6c0	C
2020-03-25 20:20:30.863692	u/FearXHusky1	flifi87	u/Snowdragondaddy	flieezg	C
2020-03-25 20:20:54.787606	u/al_cye	flifimn	u/Ca-Game	flhi8nv	C
2020-03-25 20:21:23.984144	u/Mistercast	flifjaz	u/fualtyzane	flifex7	C
2020-03-25 20:21:26.258109	u/Recabilly	flifjet	u/machimus	fli76en	C
2020-03-25 20:21:28.627213	u/RCarson88	flifjim	u/thefirstbro	flhb6vr	C
2020-03-25 20:21:34.011720	u/isleighuh13	flifjth	u/toothed_mustard_jar	flifh42	C
2020-03-25 20:21:37.331012	u/Cute-catz-2	flifk04	u/MythicalAce	flie3al	C
2020-03-25 20:21:39.619068	u/WintersRabbit	flifk4d	u/kurls6	flhs9lt	C
2020-03-25 20:21:45.743062	u/Eses301005	flifk85	u/CinKM4D	flhfcsy	C
2020-03-25 20:22:00.012317	u/Peng1GT	flifkup	u/RepostSleuthBot	flhz82i	C
2020-03-25 20:22:02.192222	u/chonklord420	flifkvi	u/KingdesUniversums	flhq7ht	C
2020-03-25 20:22:37.486435	u/_1Reigns_	flifljv	u/ALIIU	fli38of	C
2020-03-25 20:22:39.694016	u/pufferfishlives	fliflqo	u/Tru_Drone_Videos	flgrnbd	C
2020-03-25 20:23:12.309010	u/nattapijah	flifmxw	u/CinKM4D	flh8whz	C
2020-03-25 20:23:18.762502	u/standw7	flifn8x	u/CinKM4D	flh8whz	C
2020-03-25 20:23:34.782122	u/iaskedmyex4ausername	flifo55	u/Pigpenlordofdirt	flib6mt	C
2020-03-25 20:24:07.554931	u/kToasty101	flifp3c	u/CinKM4D	flh8whz	C
2020-03-25 20:24:13.343116	u/DankDaniel2000	flifpau	u/Gorhaloth	flhibg0	C
2020-03-25 20:24:28.922067	u/5aledking	flifpn4	u/The-Knight-Of-Nee	flhu5g8	C
2020-03-25 20:24:30.861058	u/imfinnadieqwop	flifpna	u/Pigpenlordofdirt	flh7092	C
2020-03-25 20:24:47.730426	u/nattapijah	flifpyl	u/Gorhaloth	flhibg0	C
2020-03-25 20:25:36.702699	u/the_pasta_lord	flifra8	u/aman-angel	foyjv4	S
2020-03-25 20:25:38.471565	u/wedleman	flifrfb	u/Pigpenlordofdirt	flhmd49	C
2020-03-25 20:25:45.541851	u/LittleShit3000	flifrt5	u/CinKM4D	flhfcsy	C
2020-03-25 20:26:02.749708	u/iwantupdoots07	flifsv7	u/Reaperrg93	flhqfwf	C
2020-03-25 20:26:04.520349	u/NotEraYT	flifszm	u/Pigpenlordofdirt	flhgwvj	C
2020-03-25 20:26:14.742511	u/jtpinnyc	fliftc4	u/ErnestoErnie	flifavy	C
2020-03-25 20:26:24.832353	u/Zead_Sama	fliftrm	u/littleburd8609	flicejh	C
2020-03-25 20:26:38.536649	u/coldshoulder246	flifu0e	u/quackkkkle	flicsvr	C
2020-03-25 20:26:41.927759	u/OgrantHasReturned	flifu3a	u/Pigpenlordofdirt	flh7092	C
2020-03-25 20:26:47.413136	u/IAmJacobber	flifu9t	u/xThe_Human_Fishx	flhvdxe	C
2020-03-25 20:27:01.580270	u/LookALolipop	flifv21	u/just_gimme_anwsers	flhtgiq	C
2020-03-25 20:27:03.218950	u/Vaultboy474	flifv33	u/Pigpenlordofdirt	flh7092	C
2020-03-25 20:27:20.301798	u/Slav_roko	flifvoe	u/Pigpenlordofdirt	flh7092	C
2020-03-25 20:27:27.800822	u/Scatmans_Warudo	flih11g	u/N2Kstories	flhvlg3	C
2020-03-25 20:27:33.838277	u/RoughBase	flih1au	u/Cillian25	flhfz3u	C
2020-03-25 20:27:36.025843	u/Comrade_USSR	flih1cr	u/The-Knight-Of-Nee	flhsbjx	C
2020-03-25 20:27:49.795349	u/Her0icCacoph0ny	flih1u7	u/Potatotheooflord	fl5ewkn	C
2020-03-25 20:27:51.177111	u/Cyanide696969	flih1zi	u/nelys1836	fli95lq	C
2020-03-25 20:28:09.453303	u/soupydroupy	flih215	u/zombodiy	fli1br5	C
2020-03-25 20:28:12.277102	u/RoughBase	flih27t	u/ChiliDeBlanco	flhabwr	C
2020-03-25 20:28:24.527472	u/Abbel5000	flih2e0	u/Alteracctive	flh6ehm	C
2020-03-25 20:28:26.968462	u/Toybarrage	flih2lf	u/Pigpenlordofdirt	flh7092	C
2020-03-25 20:28:29.493033	u/bkelley0607	flih2oq	u/OriginalWay1	flif7j4	C
2020-03-25 20:28:49.730761	u/prankifgay	flih31z	u/Cogeim	fliglhy	C
2020-03-25 20:28:53.652271	u/nibbythebird	flih3d6	u/zmanofdoom95	flh7tov	C
2020-03-25 20:28:56.560461	u/RoughBase	flih3pa	u/Waffle-Dude	flhdzf9	C
2020-03-25 20:29:02.547268	u/manav-sohi-2	flih42e	u/Didaboi	flhl7w6	C
2020-03-25 20:29:13.109818	u/_TheDarkFox_	flih4r9	u/xXa_germandudeXx	fli0afm	C
2020-03-25 20:29:25.583125	u/Pandusaurus	flih540	u/CinKM4D	flh8whz	C
2020-03-25 20:29:27.159350	u/JellyrollJellyjinks	flih59k	u/Alteracctive	flh6ehm	C
2020-03-25 20:29:37.973310	u/Bradatron17	flih5u9	u/Bluemoon357	flih4l5	C
2020-03-25 20:29:48.997601	u/Aerosenin	flih6uv	u/call_me_justin1	fli9jy5	C
2020-03-25 20:29:50.787123	u/poke_trader1998	flih73i	u/Pigpenlordofdirt	flih5f0	C
2020-03-25 20:29:52.816478	u/SubmarineSammitch	flih7cv	u/CinKM4D	flh8whz	C
2020-03-25 20:29:53.914965	u/Ak-8479	flih7gr	u/Asil001	fligrtf	C
2020-03-25 20:29:55.655436	u/Goldstar35	flih7ns	u/wedleman	flifvas	C
2020-03-25 20:30:32.136181	u/TheAdabo	flih8li	u/sweptchicken27	flicois	C
2020-03-25 20:31:07.641370	u/SolarShield1	flih99f	u/DUCKLESSLORD	flhgwqq	C
2020-03-25 20:31:11.368548	u/LokkJ7	flih99x	u/Motogrowl	flhe04v	C
2020-03-25 20:31:14.553604	u/Shootmeyougay	flih9ag	u/CinKM4D	flh8whz	C
2020-03-25 20:31:35.274865	u/Pryzzm211	fliha43	u/Matheus_MSP	flebje3	C
2020-03-25 20:31:54.682750	u/Jungify	flihanc	u/devilish_enchilada	flg9o1r	C
2020-03-25 20:32:51.036847	u/BucketHeadWasTaken	flihc6t	u/JealousDog99	flih9p9	C
2020-03-25 20:33:27.635914	u/idk_yesido	flihcz9	u/racerfree	flhu4xf	C
2020-03-25 20:33:52.242125	u/skrallexis	flihdmo	u/-w-u-u-t-	flhw4y3	C
2020-03-25 20:34:10.573296	u/KseandI	flihdzz	u/SkepticSepticYT	flidend	C
2020-03-25 20:34:12.567939	u/ItsDrBlazar	flihe0k	u/woodendoors7	fl5h47j	C
2020-03-25 20:34:14.630546	u/user759804	flihe25	u/big_baba_beanos	fliem0q	C
2020-03-25 20:34:16.615530	u/u-s-e-r-n-a-m-e1394	flihe32	u/ultraflair04	fliaky5	C
2020-03-25 20:34:19.542941	u/Ethen52	flihe3n	u/MentalWaternelon	fligvah	C
2020-03-25 20:34:33.215647	u/LFT-Mizzy	fliheef	u/BobaToga_	flhys2t	C
2020-03-25 20:34:42.846159	u/pope_fancis	flihenj	u/OptimalTomatillo	flieqot	C
2020-03-25 20:35:01.179917	u/min_xiao	flihf8o	u/mIcCaMiCcA11111	flhnazr	C
2020-03-25 20:35:40.883186	u/Xlethal_venomX	flihg6q	u/Pigpenlordofdirt	flhfwm7	C
2020-03-25 20:36:00.255157	u/I_wanna_kjill_myself	flihgio	u/Muamaira	fli55un	C
2020-03-25 20:36:03.717609	u/INF2401	flihglm	u/Alteracctive	flh6ehm	C
2020-03-25 20:36:06.687450	u/Imagineallmydragons	flihgmc	u/gold_animal_72	flhtgw1	C
2020-03-25 20:36:10.921485	u/Comrade_komrad	flihgux	u/LordDraco781	fle9p0s	C
2020-03-25 20:36:16.622873	u/panickattack1	flihh4i	u/Bemo1221	flht1zp	C
2020-03-25 20:36:20.320778	u/StanleyDeGraef	flihh6t	u/charles_mortel	fli2szm	C
2020-03-25 20:36:28.450400	u/warlock191	flihhdv	u/shleyal19	flih6n8	C
2020-03-25 20:36:31.250694	u/McdankDoge	flihhgp	u/78aartho	fli1n9s	C
2020-03-25 20:36:42.175683	u/LadyKayDoesArt	flihhhu	u/acrobatsmat	flhzhqz	C
2020-03-25 20:36:50.595364	u/CarpetIsSoft	flihho0	u/humanbeingnumber1	flicbzm	C
2020-03-25 20:36:55.738943	u/Da_ooga_man	flihhui	u/megalodon392	flhiwkp	C
2020-03-25 20:36:59.004600	u/papastalinibba	flihi12	u/NotLarryT	flhvqnj	C
2020-03-25 20:37:13.281541	u/RedNightmare001	flihipo	u/BigBosley	flic7ri	C
2020-03-25 20:37:21.908651	u/A_3dollarbill	flihizk	u/po0tatoos	fliep8z	C
2020-03-25 20:37:36.592298	u/DaBiz_017	flihj4h	u/Jelly_Much	flhuyvr	C
2020-03-25 20:37:40.860591	u/I-stonks-I	flihj7f	u/Ricman22	fliegl5	C
2020-03-25 20:38:05.828058	u/6ix9ineSmokeingweed	flihk0i	u/racerfree	flhniiz	C
2020-03-25 20:38:12.439028	u/RageJoseff	flihkc9	u/RetrogradeIntellect	fov165	S
2020-03-25 20:38:15.033693	u/maxdumb10	flihkgy	u/unsatisfied_goose	flihiik	C
2020-03-25 20:38:29.666272	u/thatfitnessdude7	flihl0v	u/cam_g_	flhuo3y	C
2020-03-25 20:38:46.516118	u/g_manitie	flihlnp	u/CinKM4D	flh8whz	C
2020-03-25 20:38:53.273497	u/lordofmems	flihlqd	u/A2X-iZED	flh1nwz	C
2020-03-25 20:39:24.728264	u/succulentcrabbos	flihm9x	u/Bigg-Ol-Boy	flie7jx	C
2020-03-25 20:39:27.848233	u/Mineplanet84	flihmrw	u/CinKM4D	flh8whz	C
2020-03-25 20:39:46.757441	u/The_Bum_Muncher	flihnsd	u/WelshGaymer84	flg9cac	C
2020-03-25 20:39:48.307259	u/commrade-doggo	flihnup	u/CinKM4D	flh8whz	C
2020-03-25 20:39:49.098430	u/TheMightyJag76	fliho5a	u/kurls6	flhs9lt	C
2020-03-25 20:39:51.846456	u/BlowBallSavant	flihobr	u/aScrollingProgram	flhf0kb	C
2020-03-25 20:39:55.786291	u/YourUglyEww	flihor3	u/Westlenando	fli0vmd	C
2020-03-25 20:39:56.276754	u/Kryptic44	flihosh	u/Galaxy_K	flhw3hl	C
2020-03-25 20:40:10.028537	u/awayfliesthepie4	flihpdo	u/prankifgay	flih31z	C
2020-03-25 20:40:42.828147	u/OurCommunistCrusader	flihqxt	u/fustercluck45	flidagb	C
2020-03-25 20:41:10.945155	u/aazcrim	flihs4j	u/Catholic-Prussian	flham9k	C
2020-03-25 20:41:20.418281	u/hen_egg	flihsch	u/stapleosprey_the_god	flhlfqc	C
2020-03-25 20:41:42.422354	u/OmniShadow229	flihszt	u/fualtyzane	fli3l7p	C
2020-03-25 20:41:47.077380	u/Borb_King	fliht42	u/JasperVov	fli42of	C
2020-03-25 20:41:50.208958	u/osrsslay	fliht5c	u/Wsdies	flihrxn	C
2020-03-25 20:42:12.834177	u/cadie_mellow	flihths	u/aScrollingProgram	flhf0kb	C
2020-03-25 20:42:24.758952	u/the-sitting-stegadon	flihtqk	u/CinKM4D	flh8whz	C
2020-03-25 20:42:36.242545	u/JuanWimbleduff	flihumj	u/Marcus_Macabre	fli7v40	C
2020-03-25 20:42:45.908625	u/SjoerdvBladel	flihuzv	u/teal_soul_	fli3cll	C
2020-03-25 20:42:51.295456	u/Teminite2	flihv4a	u/evenbiggerboi	flhlbmw	C
2020-03-25 20:42:53.558736	u/shietmaester	flihv50	u/bromigo_dorito	flhxzky	C
2020-03-25 20:43:02.148273	u/Alpha7214	flihvhq	u/fualtyzane	fligygj	C
2020-03-25 20:43:10.142375	u/Cubbycubbb	flihvoq	u/Pigpenlordofdirt	flh7092	C
2020-03-25 20:43:14.199009	u/yes_sirr	flihvqr	u/Zead_Sama	fliftrm	C
2020-03-25 20:43:28.151386	u/double_dip_oof	flihwmh	u/AutoModerator	flh5pfz	C
2020-03-25 20:43:58.975823	u/OutOfIdeas_com	flihxol	u/Hiking-Biking-Viking	flhyi8u	C
2020-03-25 20:44:10.945781	u/yAbOi_MeMeLoRd	flihy4f	u/AfrickiShljivar	flglx0z	C
2020-03-25 20:44:33.401492	u/Geckoman2207	flihyz9	u/Truuuliiim	flihxqr	C
2020-03-25 20:44:45.565679	u/CrypticSquid624	flihz6f	u/CinKM4D	flh8whz	C
2020-03-25 20:45:01.495670	u/Literallyjusttrash	flihze5	u/Willmo3	flif9ke	C
2020-03-25 20:45:15.791816	u/StillShadows2	flihzrw	u/theMeatman7	flih2of	C
2020-03-25 20:45:23.047171	u/cHairhAnger	flii014	u/Pigpenlordofdirt	flh7092	C
2020-03-25 20:45:24.982921	u/Glitteringfairy	flii084	u/R3Dsnapp3r	flihh6q	C
2020-03-25 20:45:26.877726	u/PotatoDuckz-	flii09x	u/SigurdKP	flhbuww	C
2020-03-25 20:45:31.620627	u/Albiealright	flii0em	u/EccentricKnight	flgr43m	C
2020-03-25 20:45:33.512769	u/memetime20	flii0ib	u/Pigpenlordofdirt	flh7092	C
2020-03-25 20:45:48.290486	u/cHairhAnger	flii0zw	u/CinKM4D	flh8whz	C
2020-03-25 20:45:50.078110	u/Firearro	flii0zz	u/AlienBlossom	flh9at6	C
2020-03-25 20:45:52.917912	u/Gundza_zemiakov	flii128	u/nameofanuser	flihz0x	C
2020-03-25 20:46:14.749132	u/Firearro	flii20g	u/USSR_ASMR	fligf6n	C
2020-03-25 20:46:30.823016	u/CantGuessMyUsername	flii2ko	u/bromigo_dorito	fli9tfz	C
2020-03-25 20:47:44.815759	u/Jdooswher1	flii4r8	u/Pigpenlordofdirt	flhfwm7	C
2020-03-25 20:48:00.125235	u/MassiveGuzongas	flii4zj	u/CinKM4D	flh8whz	C
2020-03-25 20:48:01.999156	u/davidbowiescat	flii50c	u/ThreadRetributionist	flfzzbh	C
2020-03-25 20:48:27.207938	u/Jdooswher1	flii662	u/Didaboi	flhl7w6	C
2020-03-25 20:48:53.668528	u/Bobonofro711	flii7r1	u/habbnn	flii6d7	C
2020-03-25 20:49:00.776617	u/bagoprtezles	flii843	u/iwantnotalives	fli8znq	C
2020-03-25 20:49:02.518166	u/Soyboidestroyer21	flii85x	u/Pigpenlordofdirt	flh7092	C
2020-03-25 20:49:05.032194	u/urmumgay69lol	flii8cp	u/thetimeis2	flf8rek	C
2020-03-25 20:49:07.008614	u/Marvella_Error	flii8es	u/diionysuspect	flh3sng	C
2020-03-25 20:49:09.571201	u/Bobonofro711	flii8lu	u/dePanda2702	flii6fr	C
2020-03-25 20:49:32.939171	u/Yungmfs	flii9qp	u/CinKM4D	flh8whz	C
2020-03-25 20:49:46.124926	u/Z0o0000ooo00oo000om	fliia90	u/CinKM4D	flhfcsy	C
2020-03-25 20:50:07.390372	u/NukaQuanta	fliiaji	u/PickleChip12	flhj6tj	C
2020-03-25 20:50:20.341402	u/qtmsheep	fliiavl	u/derMorris	fli7455	C
2020-03-25 20:50:28.528146	u/L0RD_DANK	fliib4m	u/Cracked_Eggg	flii0w7	C
2020-03-25 20:50:31.958868	u/seventyfive1989	fliib6f	u/CinKM4D	flh8whz	C
2020-03-25 20:50:50.008075	u/thebiscuitgames	fliibpo	u/CinKM4D	flh8whz	C
2020-03-25 20:50:52.286717	u/Dwimm_SS	fliibsr	u/pvtsquirel	fliefxp	C
2020-03-25 20:51:06.223656	u/AuisGoldpt	fliic4s	u/LookAtThisDued69	flh10jf	C
2020-03-25 20:51:47.740939	u/nostradamuslegend	fliid0c	u/The-Knight-Of-Nee	flhwsk2	C
2020-03-25 20:52:08.013038	u/Zakerya	flijgx6	u/zombodiy	fli1br5	C
2020-03-25 20:52:14.493327	u/Kake-M	flijh69	u/Potatotheooflord	flhf5ey	C
2020-03-25 20:52:23.529694	u/PillowyChain	flijhij	u/CinKM4D	flh8whz	C
2020-03-25 20:52:29.745768	u/veryebicgamer	flijhny	u/Bobesh711	flhd750	C
2020-03-25 20:52:39.644252	u/TBIZZI	flijhzr	u/r3dcrayon	flij9xd	C
2020-03-25 20:52:46.225112	u/beenutbrittle	fliji8s	u/charles_mortel	flicc20	C
2020-03-25 20:52:48.397091	u/scottyTheJesusMan	fliji94	u/Ezkaton_Vatamier	flij95v	C
2020-03-25 20:52:50.552957	u/Z1ndabad	fliji98	u/CinKM4D	flh8whz	C
2020-03-25 20:52:54.797651	u/pooooolb	flijibu	u/DatGuy2007	flhz7ce	C
2020-03-25 20:53:12.062390	u/Couchpotatoe_7002	flijiqu	u/Abs4life123	flhrttp	C
2020-03-25 20:53:20.420537	u/Sean812008	flijj23	u/sebastiiaaann	flijh64	C
2020-03-25 20:53:27.761911	u/SAGIVIGAS	flijjc8	u/NorthernPunk	flij633	C
2020-03-25 20:53:44.230476	u/Mrboidude	flijjlw	u/HarmonyDunnRight	fl8vxw9	C
2020-03-25 20:53:51.818837	u/Z1ndabad	flijjpe	u/CinKM4D	flhfcsy	C
2020-03-25 20:54:01.186070	u/WoooshToTheMax	flijjxq	u/Im-A-Sad-Panda	flijgwu	C
2020-03-25 20:54:06.429029	u/Studlogan	flijk54	u/CinKM4D	flh8whz	C
2020-03-25 20:54:09.676826	u/EL-TORA-NACHO-CHEESE	flijk7o	u/homeskilled12	flihydf	C
2020-03-25 20:54:12.783244	u/Mrboidude	flijk8t	u/woodendoors7	fl893wx	C
2020-03-25 20:54:26.930427	u/beany_boi45	flijkov	u/habbnn	fp1sux	S
2020-03-25 20:54:55.644849	u/Greninja73559	flijljh	u/racerfree	flh2639	C
2020-03-25 20:55:10.546136	u/fucksnitchesbitches	flijltu	u/absolute-trainwreck	flgimm6	C
2020-03-25 20:55:15.727430	u/drakinite420	flijlxj	u/RandomDragonOnReddit	fligs0s	C
2020-03-25 20:55:17.707968	u/MercSands	flijm5i	u/marshmeeelo	flhz1ao	C
2020-03-25 20:55:24.474699	u/Jurassica94	flijma6	u/Lord_Nyarlathotep	flij8bj	C
2020-03-25 20:55:32.265336	u/Potatoalienof13	flijmo1	u/pope_fancis	flihenj	C
2020-03-25 20:56:05.005898	u/drunknmunky24	flijo0g	u/MAINCRACIO	flijjbe	C
2020-03-25 20:56:43.598427	u/Rycho_Stickman69420	flijp0e	u/Potatotheooflord	fl5excx	C
2020-03-25 20:56:48.119903	u/bringbackvineplz	flijp7j	u/Linked-Theory	flhmqft	C
2020-03-25 20:56:50.731875	u/Demon_Lord_Will	flijpd2	u/Pigpenlordofdirt	flhfwm7	C
2020-03-25 20:56:58.855444	u/LesserNailSage0	flijppr	u/K-to-the-third-power	flia5fs	C
2020-03-25 20:57:02.180057	u/Vradypous	flijptu	u/ExpertAccident	fliea82	C
2020-03-25 20:57:18.996953	u/throwawaykeepanyway	flijqez	u/The-Knight-Of-Nee	flhu5g8	C
2020-03-25 20:57:20.686184	u/JoshyNiz	flijqg6	u/Tru_Drone_Videos	fliilst	C
2020-03-25 20:57:31.665901	u/nickel-pickel	flijqwz	u/CinKM4D	flhfcsy	C
2020-03-25 20:57:38.084459	u/dhdndjdhh	flijr7b	u/AllPowerfulPenguin	flihuqu	C
2020-03-25 20:58:05.314124	u/JoKeQr	flijs1a	u/WoooshToTheMax	flijo98	C
2020-03-25 20:58:20.152872	u/Darkmagesworld	flijsiw	u/Pigpenlordofdirt	flh7092	C
2020-03-25 20:58:31.677064	u/Hendog2016	flijsnf	u/Cool-Boy57	flhml6r	C
2020-03-25 20:58:38.234187	u/futurefailV1	flijsyh	u/RepostSleuthBot	flicwd8	C
2020-03-25 20:58:41.555732	u/throwawaykeepanyway	flijt7l	u/Pigpenlordofdirt	flh7092	C
2020-03-25 20:58:44.378110	u/BillNye135	flijtd4	u/sweptchicken27	fli30ro	C
2020-03-25 20:58:46.234896	u/oakback	flijtg0	u/R3Dsnapp3r	flhxosm	C
2020-03-25 20:58:47.977536	u/thomas_h123	flijtgo	u/fualtyzane	fliac92	C
2020-03-25 20:59:00.939678	u/oakaxe	flijtnn	u/PenguinWithAglock	flijr7f	C
2020-03-25 20:59:05.909479	u/csisson6101	flijtw0	u/Crashtank2	flhxpt6	C
2020-03-25 20:59:22.475883	u/Icausehavoc25	flijurj	u/Pigpenlordofdirt	flh7092	C
2020-03-25 20:59:26.974487	u/koddi_yree	flijv83	u/double_dip_oof	flij8w5	C
2020-03-25 20:59:27.912655	u/Aafinthe3rd	flijvb3	u/AutoModerator	flhe7ro	C
2020-03-25 20:59:31.104516	u/DexterRS50	flijvjw	u/thememer32	flhwt1p	C
2020-03-25 20:59:32.019048	u/SB_Beasti	flijvk4	u/Xx_GrammarNazi_xX	flhw3rh	C
2020-03-25 20:59:37.714937	u/Molestation_Bot	flijwbl	u/sweptchicken27	flihajd	C
2020-03-25 20:59:41.073399	u/Drivestesla	flijwhb	u/fualtyzane	fli0gkm	C
2020-03-25 20:59:43.388161	u/CringeChilly	flijwpm	u/PCtheInternetUser	fliiy8h	C
2020-03-25 20:59:44.107760	u/lk_15	flijwq0	u/Didaboi	flhl7w6	C
2020-03-25 20:59:46.085527	u/Cambronian717	flijwxz	u/Owanjila	foz4cl	S
2020-03-25 20:59:47.896642	u/bompa64	flijx54	u/shy-dumpling	fliiaqs	C
2020-03-25 20:59:48.969037	u/bruhmenting	flijx69	u/DaBiz_017	flihj4h	C
2020-03-25 20:59:51.822929	u/MrJesus1804	flijxc3	u/Bobesh711	flhd750	C
