2020-04-06 14:00:41.289066	u/RhysTheCreator	fmlyqfw	u/xenon_xenomorph	fmlxsiv	C
2020-04-06 14:00:48.493195	u/kthxplsdie	fmlyqno	u/WoolWitchery	fmkzpm4	C
2020-04-06 14:00:50.808291	u/Yeetusthyfetus2	fmlyqnx	u/0R4CL3-G4MZ33	fmll0e2	C
2020-04-06 14:01:29.880752	u/andesajf	fmlyrp0	u/AdunfromAD	fmla5hz	C
2020-04-06 14:01:45.897569	u/BigDaddyPapaw	fmlysaf	u/PicklewrapYT	fmlxkfa	C
2020-04-06 14:01:55.747851	u/adawg99	fmlyspp	u/alan_clouse49	fmlutqy	C
2020-04-06 14:02:03.061782	u/AnDr0mEdA73	fmlysu9	u/terpcloudsurfer	fmlk5rt	C
2020-04-06 14:02:37.592655	u/MyKillYourDeath	fmlyua3	u/thelonelygenuis	fmluix2	C
2020-04-06 14:02:42.783696	u/gainsville29	fmlyuem	u/4li3n_Z	fmltqpf	C
2020-04-06 14:03:23.474788	u/Idislikehotdogs	fmlyvf8	u/Erin_LayneXxX	fmly8ri	C
2020-04-06 14:03:32.565181	u/Fluffy-Charge	fmlyvvn	u/Abomination38	fml86d2	C
2020-04-06 14:03:43.243594	u/ginthatremains	fmlyw0m	u/Kylewrennnn	fml5r9p	C
2020-04-06 14:03:48.327947	u/Lil-Irms	fmlyw9a	u/Solpoteten	fmlyhy2	C
2020-04-06 14:03:51.197318	u/Ricardo96MC	fmlyw9k	u/RussianCheeseDood	fmlsbcx	C
2020-04-06 14:04:25.505575	u/Zworis	fmlyxhu	u/Stargazer-4lyfe	fmlx1vd	C
2020-04-06 14:04:29.617030	u/LyonHeart874	fmlyxq2	u/NMmrNice	fmlm92d	C
2020-04-06 14:04:47.988580	u/randomranand	fmlyyww	u/JesusChristQc	fmldm3n	C
2020-04-06 14:05:08.354682	u/AK01ops	fmlz0ad	u/Hiro_Grecu	fmkhxjv	C
2020-04-06 14:06:29.923022	u/combatkade	fmlz4kh	u/unbelievable_owl	fmlop95	C
2020-04-06 14:06:55.751633	u/WeaponizedAutism1987	fmlz5ou	u/bltsmith	fmlz1ih	C
2020-04-06 14:07:00.193070	u/Latch-The-Third	fmlz5sr	u/-iaminevitable-	fmlycuz	C
2020-04-06 14:07:12.419426	u/jhml10100	fmlz65t	u/AMJFazande	fmlyoyb	C
2020-04-06 14:07:33.355899	u/charmsiren	fmlz6sr	u/_sam_mas_	fmlxfog	C
2020-04-06 14:07:34.892251	u/Funky_Jachym	fmlz6w4	u/nootnoot_takennow	fmlvsxd	C
2020-04-06 14:07:51.059355	u/Pewdiepieseyes	fmlz7rt	u/RussianCheeseDood	fmluir9	C
2020-04-06 14:07:56.683779	u/Walter_Peck	fmlz841	u/Wackymike-	fml64pl	C
2020-04-06 14:08:30.870103	u/h3rpl3s	fmlz9l8	u/kwkqoq	fmkrp1k	C
2020-04-06 14:08:35.349230	u/OG-Name-Do-Not-Steal	fmlz9ve	u/Lil-Irms	fmlyw9a	C
2020-04-06 14:08:38.617940	u/Hereisarealman	fmlza3j	u/Soviet_Russia521	fmletir	C
2020-04-06 14:08:46.765568	u/nachoProtector	fmlzai2	u/PintoBean123	fmlyh63	C
2020-04-06 14:08:55.801653	u/president2016	fmlzbdh	u/TommyGonzo	fml3589	C
2020-04-06 14:09:06.074512	u/JewelRose421	fmlzbsw	u/kakasuarez	fmk0hsk	C
2020-04-06 14:09:23.594902	u/FiestaRuless	fmlzdeu	u/AxolInLEHMON	fmle2wd	C
2020-04-06 14:09:29.156750	u/Renegade_Rewind	fmlzdmc	u/Chidoriyama	fmlzc5x	C
2020-04-06 14:09:37.891584	u/Jpr1ce17	fmlze22	u/RepostSleuthBot	fmlwwgu	C
2020-04-06 14:09:42.100865	u/Pivinne	fmlzenb	u/ItzMeWalf	fmlla68	C
2020-04-06 14:09:47.212170	u/TheRudDud	fmlzeso	u/OG-Name-Do-Not-Steal	fmlz9ve	C
2020-04-06 14:09:58.860668	u/Neeer123	fmlzfz1	u/duckhuntmain45	fmlze2p	C
2020-04-06 14:10:25.477347	u/hurky-pandora	fmlzhov	u/datjackson2003	fmkziz2	C
2020-04-06 14:11:18.508739	u/GerpySlurpy	fmlzjsq	u/RokieVetran	fmkri2d	C
2020-04-06 14:11:33.690186	u/Fabiopetruzzi	fmlzkh5	u/Comical-27	fmlseg1	C
2020-04-06 14:11:42.706212	u/alocalrandomer	fmlzkrl	u/IndianTVserialsweeb2	fmlc5ks	C
2020-04-06 14:12:13.308499	u/SoManyRedd1tAccounts	fmlzmge	u/guffysama	fmlyt6h	C
2020-04-06 14:12:25.869737	u/Im_Bluesteel	fmlzmxl	u/wigga_higga	fmli49m	C
2020-04-06 14:12:33.875906	u/Ozzi905	fmlzn1c	u/username1237988	fmlv143	C
2020-04-06 14:13:52.774574	u/Mbugu	fmlzpdc	u/Lionoras	fml2v4o	C
2020-04-06 14:14:13.115431	u/psychzombie11	fmlzpwn	u/pazerlenis	fvssip	S
2020-04-06 14:14:27.173120	u/Raider319	fmlzq1w	u/knnyh	fmlzi0g	C
2020-04-06 14:14:49.121270	u/feeling_mellow	fmlzqra	u/Yeahimrare	fmln9dg	C
2020-04-06 14:15:03.183225	u/PanzerOfTheLake778	fmlzr9d	u/No_Mercy_bitch	fmlz18d	C
2020-04-06 14:15:10.292517	u/justanretard	fmlzrgy	u/RussianCheeseDood	fmluir9	C
2020-04-06 14:15:14.108719	u/MoGb1	fmlzrku	u/SMG4-Yoshi	fmlklau	C
2020-04-06 14:15:22.862050	u/ElegantMidnight	fmlzrye	u/TheRudDud	fmlzeso	C
2020-04-06 14:15:50.423594	u/saim-old-mirza	fmlzslo	u/Awnkps	fmlv8jv	C
2020-04-06 14:15:53.296798	u/Jetc17	fmlzso3	u/red-bit	fmldebd	C
2020-04-06 14:16:04.910567	u/Spide0808	fmlzt5h	u/holy-padre	fmknaay	C
2020-04-06 14:16:06.917452	u/m3m3-marauder	fmlzt7u	u/Doehap	fmlifnd	C
2020-04-06 14:16:15.955203	u/bananasandchocolate	fmlztp2	u/CutesyJ	fmlp7wi	C
2020-04-06 14:16:29.906882	u/DBIO2020	fmlzuhp	u/painki11erzx	fmjg8qj	C
2020-04-06 14:16:43.635311	u/TommyAndPhilbert	fmlzv1r	u/Syfri	fmlvaku	C
2020-04-06 14:16:51.727979	u/JunglePygmy	fmlzvcz	u/SenchaLeaf	fmlunrj	C
2020-04-06 14:17:15.733350	u/nicknickniks	fmm1cim	u/gamosphere	fmlt31y	C
2020-04-06 14:17:43.295377	u/elia2019	fmm1ded	u/WheresWally44	fmjywsv	C
2020-04-06 14:17:57.968565	u/DrAlphysFTW	fmm1do7	u/MrsHDG	fvt0h9	S
2020-04-06 14:18:05.885525	u/diealein	fmm1e9e	u/EthanH117	fml7sua	C
2020-04-06 14:18:15.110839	u/thesmallstone	fmm1emx	u/Charn22	fmljd7x	C
2020-04-06 14:18:31.969048	u/snakeape	fmm1fsi	u/baseballpen2	fmlzpjt	C
2020-04-06 14:18:37.970167	u/WhatTheCuckooSaw	fmm1g07	u/Erytzz	fmlrmzw	C
2020-04-06 14:18:51.951115	u/Wertzuin	fmm1gxj	u/RepostSleuthBot	fmlp7jo	C
2020-04-06 14:19:01.149705	u/howitbehowitgo	fmm1hne	u/getrekdnoob	fmlwvc3	C
2020-04-06 14:19:26.663339	u/PotatosDood	fmm1jo1	u/Little_Deadeye	fmm0mj3	C
2020-04-06 14:19:27.971854	u/naipsys	fmm1jpo	u/WonderboyUK	fml2yo9	C
2020-04-06 14:19:29.126891	u/CRAZYtaco98	fmm1jrs	u/Notverygood-at-this	fml045y	C
2020-04-06 14:19:30.324633	u/JELLYBRAVESS	fmm1jsg	u/heIIowaIIs	fmm0r35	C
2020-04-06 14:19:36.947958	u/Social-Media-Account	fmm1k7m	u/SenchaLeaf	fmlunrj	C
2020-04-06 14:19:49.001772	u/Wolf_5000	fmm1kyu	u/IMightBeAHamster	fmm1ftn	C
2020-04-06 14:19:54.737983	u/warsstar996	fmm1lpz	u/RoyalFlatworm7	fmlzua1	C
2020-04-06 14:20:02.920329	u/MizukiCham	fmm1mbb	u/sinnohwow	fmlszyv	C
2020-04-06 14:20:59.499631	u/justarandom3dprinter	fmm1npf	u/birbbs	fmm0ty6	C
2020-04-06 14:21:28.889343	u/Moe-Tobins	fmm1onr	u/SoLikeWhatIsCheese	fmlkxah	C
2020-04-06 14:21:32.346935	u/jsab_Square	fmm1oof	u/Akiles_Marin	fltotc8	C
2020-04-06 14:21:41.092695	u/SlySie	fmm1oxw	u/Flame2212	fmly452	C
2020-04-06 14:22:10.892351	u/blalalbaba	fmm1pvl	u/NMmrNice	fmm1j2g	C
2020-04-06 14:22:54.604426	u/CALL-A-SWAT-TEAM	fmm1r6e	u/BackFromTheDepths	fmlvg7g	C
2020-04-06 14:23:12.558893	u/SunnerTheSinful	fmm1rrd	u/RussianCheeseDood	fmlols9	C
2020-04-06 14:23:23.674497	u/BigcatTV	fmm1s28	u/itdoesntevenmatter3	fmm07zg	C
2020-04-06 14:23:29.274049	u/ameeeeeen	fmm1s80	u/Adanta47	fmm1jdb	C
2020-04-06 14:23:32.569031	u/Provoke-Void-YT	fmm1sd3	u/RepostSleuthBot	fmm1pxm	C
2020-04-06 14:23:45.133934	u/Leaf1222	fmm1srz	u/Wireproofplays	fmm1299	C
2020-04-06 14:24:39.358802	u/Poydoo	fmm1uox	u/Dubbleduck	fmlpld7	C
2020-04-06 14:24:51.795931	u/Froztvyte	fmm1v1k	u/RepostSleuthBot	fmlpq08	C
2020-04-06 14:25:04.489191	u/SuperInkRealz	fmm1vi6	u/Letwen	fmlo2pi	C
2020-04-06 14:25:06.538082	u/StaticDashy	fmm1vib	u/DimPacifist	fml6dsz	C
2020-04-06 14:25:21.109420	u/oldhazelburke	fmm1vyu	u/Wilkham	fmkq4b9	C
2020-04-06 14:26:08.205581	u/ICELXRD	fmm1xvr	u/VanashinGlory	fmm1ur2	C
2020-04-06 14:26:36.483300	u/beakf	fmm1yu0	u/Python0721	fmm12ri	C
2020-04-06 14:26:39.259413	u/Alaerick	fmm1yw7	u/125RAILGUN	fmluppo	C
2020-04-06 14:27:06.088176	u/chipsontbijt	fmm203z	u/Helios124124	fmlkixt	C
2020-04-06 14:27:13.351463	u/_whatsmynameagain	fmm20am	u/farazj4	fmlvkvm	C
2020-04-06 14:27:22.345454	u/peak_incompetence	fmm20h3	u/Jeynarl	fmln2n5	C
2020-04-06 14:27:49.782860	u/PoopyAstronaut	fmm21x8	u/RepostSleuthBot	fmm09vx	C
2020-04-06 14:27:51.429151	u/pipopapupupewebghost	fmm226r	u/Yayaet	fmlhnfz	C
2020-04-06 14:28:10.711023	u/falconheavyboi	fmm22zn	u/kerem_diren	fmkwjin	C
2020-04-06 14:28:46.618885	u/UselessKachigga	fmm25qx	u/the_spookiest_	fmm1c0x	C
2020-04-06 14:28:48.187676	u/shaan4	fmm25sn	u/ItsMinjaMike	fmlx3c0	C
2020-04-06 14:29:27.466704	u/bentleyDrummel	fmm28lf	u/ghost123awesome	fmlun54	C
2020-04-06 14:29:52.351755	u/raffaell69	fmm29z4	u/inbred_bread	fmlq45k	C
2020-04-06 14:29:54.567273	u/rios634	fmm2acu	u/Mosslover34	fmlnrjg	C
2020-04-06 14:29:59.241230	u/Fauqtees	fmm2b79	u/MountEverfresh53	fmlzr5t	C
2020-04-06 14:30:16.423091	u/Justice-Nugget	fmm2bvu	u/jacob1453	fmlq5hd	C
2020-04-06 14:30:35.958508	u/Hazim_Nugachu	fmm2cdw	u/ScribbleScribble100	fmm1o7q	C
2020-04-06 14:31:43.290152	u/undeadbender68	fmm2epu	u/WreKTang1e	fmlyupj	C
2020-04-06 14:32:07.347084	u/ilovetopoopie	fmm2f81	u/leadwaffle	fmm1v0z	C
2020-04-06 14:32:12.178973	u/Fefanisko	fmm2fef	u/Voltaik1529	fmm1wtn	C
2020-04-06 14:32:28.667358	u/aceriel666	fmm2fts	u/Techi3r	fmlehys	C
2020-04-06 14:32:33.236196	u/MyTh_BladeZ	fmm2fyf	u/FierceText	fmlv6b9	C
2020-04-06 14:32:36.346086	u/MMichael2m	fmm2g0i	u/AshramZargrad	fmm1f8q	C
2020-04-06 14:33:45.837422	u/Jhall6y1	fmm2i56	u/catfeesh124	fmm29we	C
2020-04-06 14:34:16.273753	u/just_a_memeboi	fmm2jwq	u/TheMafiaRulez	fml9on5	C
2020-04-06 14:34:25.577875	u/Barcagranny04	fmm2k9u	u/Sprodersprack	fmm0lmw	C
2020-04-06 14:34:28.524471	u/NeoNacionalist	fmm2kbb	u/blackdolly0312	fmlzf6e	C
2020-04-06 14:34:45.930236	u/imeonmiminoemi	fmm2kup	u/matteo2006149	fmlvklh	C
2020-04-06 14:34:54.227765	u/KollSt0rm	fmm2lag	u/NMmrNice	fmlm92d	C
2020-04-06 14:35:52.144706	u/Antony734	fmm2ni0	u/redFinland	fmlk9o0	C
2020-04-06 14:36:12.775335	u/McMickDonalds	fmm2o5p	u/MarcamGorfain	fmcabl6	C
2020-04-06 14:36:31.176258	u/RYANMAN88	fmm2p30	u/NinjaGrizzzly	fmm2f2c	C
2020-04-06 14:36:51.357691	u/Comrade_suka	fmm2q6f	u/thatboytw	fmm20d2	C
2020-04-06 14:37:09.654742	u/YouAreBadLmao	fmm2qsb	u/RoyalFlatworm7	fmm2a8r	C
2020-04-06 14:37:27.013505	u/ParrotGaming27	fmm2rvv	u/raz9182	fmm1xzv	C
2020-04-06 14:37:33.717731	u/zippy102	fmm2sdx	u/Small4Town2Titan0	fmlqm9x	C
2020-04-06 14:37:55.132371	u/MomoBroYT	fmm2tg8	u/ijustlurkhereintheAM	fmlrpca	C
2020-04-06 14:38:29.604990	u/bdbkankenship	fmm2uzs	u/MadSomVre	fmkt5ve	C
2020-04-06 14:38:49.826050	u/HudsonIsAGoodBoy	fmm2wjw	u/finchw53	fmlvjmr	C
2020-04-06 14:39:06.374858	u/thechocopi	fmm2xf4	u/Patrick_Bot2	fmm2chh	C
2020-04-06 14:39:13.523640	u/that_dude_behindyou	fmm2xx2	u/ameeeeeen	fmm1s80	C
2020-04-06 14:39:19.546558	u/Derpyfood	fmm2y6o	u/RedskullVW	fmlkslh	C
2020-04-06 14:39:32.360500	u/YaddleBoy	fmm2z20	u/Kris_is_Cuwute	fmm0yw0	C
2020-04-06 14:39:34.881705	u/Bill_Eyelash	fmm2z6y	u/RepostSleuthBot	fmm01bt	C
2020-04-06 14:40:26.666341	u/MahoniaCrotalus	fmm32wi	u/MrMoustachio	fmm07kh	C
2020-04-06 14:41:11.506442	u/LegitAgent8Bit	fmm34gh	u/alienbread11	fmm25mv	C
2020-04-06 14:41:23.867583	u/bigelowww	fmm34r8	u/Ultrax24	fmm2en0	C
2020-04-06 14:41:49.900372	u/WhiteVeils	fmm35sx	u/UncomfortablyDazed	fmllhne	C
2020-04-06 14:41:58.960827	u/Potatojuve	fmm368g	u/Unknown-Tru7h	fmkcnwv	C
2020-04-06 14:42:22.645498	u/ItsYaBoiVanilla	fmm36wx	u/redneckjesus05	fmm1riq	C
2020-04-06 14:42:33.755170	u/Hubhuu	fmm37bl	u/Nerfherder_328	fmludi3	C
2020-04-06 14:42:46.386585	u/nevermindmehereokay	fmm37o5	u/PintoBean123	fmlzd3r	C
2020-04-06 14:43:30.056399	u/sourpickles0	fmm390n	u/MouthyGorilla32	fmlzq85	C
2020-04-06 14:43:43.207740	u/lilbigwig	fmm39c4	u/Some-random-chicken	fmm1f7s	C
2020-04-06 14:44:22.221149	u/7ORD6ANTI	fmm3als	u/Jmoney1932	fmlwv9e	C
2020-04-06 14:44:24.267578	u/Bloodymeatball	fmm3an8	u/-iaminevitable-	fmlwcqy	C
2020-04-06 14:44:28.143235	u/Protomic2005	fmm3are	u/Philipp_01	fmlolp6	C
2020-04-06 14:45:43.095438	u/Redhead2111	fmm3dz8	u/lightbulbinthenight	fmm38gi	C
2020-04-06 14:45:53.647811	u/PenguinPride87	fmm3eda	u/Seco2600	fmm37jv	C
2020-04-06 14:46:25.826521	u/Limefrontier	fmm3fax	u/Dzigi14	fw1ch6	S
2020-04-06 14:46:39.484603	u/Lil_Intro_Vertt	fmm3fvg	u/Zumi04	fmlwc77	C
2020-04-06 14:46:41.288461	u/deadvillage	fmm3fwp	u/SuperkoloPL	fmlyssc	C
2020-04-06 14:47:11.060520	u/MellyDreemurr	fmm3guh	u/Wheel31	fl5790b	C
2020-04-06 14:47:16.595644	u/Blazeur242	fmm3gyr	u/WllmDVeugl	fmm2tcs	C
2020-04-06 14:47:35.477620	u/mavislav	fmm3hua	u/ChakaChaka26	fml1nww	C
2020-04-06 14:47:37.127919	u/Literal_Dirt	fmm3hv8	u/wigga_higga	fmli49m	C
2020-04-06 14:47:38.771827	u/Kasper_2008	fmm3i23	u/lightbulbinthenight	fmm2k7t	C
2020-04-06 14:47:42.750602	u/Infinity_Ninja12	fmm3idu	u/Indominus_wraith	fmlj3od	C
2020-04-06 14:47:48.518183	u/_Levitated_Shield_	fmm3iix	u/WhatTheCuckooSaw	fmm2u5u	C
2020-04-06 14:47:59.855384	u/darthvale	fmm3j6g	u/D4t-boi	fmm3eyx	C
2020-04-06 14:48:08.929180	u/robertalexander92	fmm3jht	u/God12321	fmm3bnx	C
2020-04-06 14:48:15.372434	u/IseeDrunkPeople	fmm3juf	u/Deviliant1	fmji3ws	C
2020-04-06 14:48:40.523807	u/paavo05	fmm3l1p	u/Snootrooper	fmm24ej	C
2020-04-06 14:49:02.919888	u/P3RZ0N1010	fmm3mc5	u/PotatosDood	fmm1jo1	C
2020-04-06 14:49:23.815208	u/Nearby-Anybody	fmm3nlb	u/KevinKeviners	fmm05y0	C
2020-04-06 14:49:31.353575	u/trivialgoku	fmm3nwx	u/ZondaLM	fmm2h1r	C
2020-04-06 14:49:44.002695	u/JRC_Red14	fmm3owg	u/colt69420	fmm20tc	C
2020-04-06 14:49:49.649875	u/walrus22222	fmm3pkd	u/UnkNewN05	fml08nt	C
2020-04-06 14:50:28.429974	u/sleepycat20	fmm3rjf	u/MaLoProject	fmm11b7	C
2020-04-06 14:50:33.944617	u/suitecase666	fmm3rrc	u/Nu1tr4	fvtdpe	S
2020-04-06 14:50:45.496160	u/MurderBirdOK	fmm3s1t	u/Morallyindifferent	fml7n6h	C
2020-04-06 14:51:15.356895	u/graciepiex	fmm3syd	u/TripsvilleUSA	fmjiyci	C
2020-04-06 14:51:27.271474	u/manosnake	fmm3taf	u/KillaMG97	fmlvhh8	C
2020-04-06 14:51:36.108948	u/im_a_dick_head	fmm3tfa	u/dedkid07	fmlyeqi	C
2020-04-06 14:51:54.852058	u/mpastorinom	fmm3tzd	u/gallanto	fmlz5bk	C
2020-04-06 14:52:12.885578	u/azfar19_b	fmm3uil	u/PandasDontBreed	fmlq4ns	C
2020-04-06 14:52:30.753935	u/Mathtermind	fmm3uxh	u/Xukay333	fmlmpwb	C
2020-04-06 14:52:40.355118	u/proyect_a1	fmm3v2i	u/TheMafiaRulez	fml9on5	C
2020-04-06 14:52:50.281089	u/Pumpkiney	fmm3vtg	u/RealHarambae	fmli9mv	C
2020-04-06 14:52:53.476926	u/patsky	fmm3vzn	u/alienbread11	fmlyv65	C
2020-04-06 14:53:03.863575	u/PyroAtlas	fmm3wa6	u/Nuggzulla	fmlx6qw	C
2020-04-06 14:53:23.713792	u/Iceman1590	fmm3x3i	u/darth-canopener	fmm3egv	C
2020-04-06 14:54:02.536413	u/amircouscous	fmm5hje	u/9999monkeys	fmm3xkx	C
2020-04-06 14:54:35.064261	u/Johnny_Creditcard	fmm5j3l	u/MomoBroYT	fmm2rpx	C
2020-04-06 14:55:00.713080	u/StevetheEevve	fmm5k78	u/JuicyNapkin	fmm5hkq	C
2020-04-06 14:56:04.125292	u/retiredboy	fmm5o8c	u/MRMAYO0	flhgl61	C
2020-04-06 14:56:09.940244	u/Enzo12983	fmm5ohr	u/tea_guy13	fmm5h9t	C
2020-04-06 14:56:31.030607	u/Kalas_H_Nikov	fmm5pui	u/Deathnoob101	fmm3zis	C
2020-04-06 14:56:48.264210	u/8bit-shitz	fmm5qnm	u/AngryAstartes	fmlpj4t	C
2020-04-06 14:57:25.187066	u/Noah-da-puggg	fmm5s4p	u/Emperor_O_Memes	fmm57bi	C
2020-04-06 14:58:14.860467	u/SirSnaggleTooth	fmm5v1s	u/jimbo-the-lesser	fmllhbf	C
2020-04-06 14:58:36.920719	u/RummanNaser	fmm5vx0	u/Bymmijprime	fmlrcw1	C
2020-04-06 14:58:42.544906	u/red-it_boi	fmm5w3z	u/MlKU	fmlwnh5	C
2020-04-06 14:58:58.955354	u/Termur	fmm5xck	u/D4t-boi	fmm5tlh	C
2020-04-06 14:59:18.622209	u/JesusberryNum	fmm5ygt	u/MrMoustachio	fmlwbgf	C
2020-04-06 14:59:24.817950	u/duzy_pierd_z_paruwko	fmm5zcs	u/Kjajo	fmlp7lx	C
2020-04-06 14:59:27.076916	u/depy45631	fmm5zil	u/CreaterOfHell	fmm5vmm	C
2020-04-06 14:59:28.561818	u/gFreddX	fmm5zkm	u/Kylewrennnn	fml5r9p	C
2020-04-06 14:59:50.496350	u/EpicLegendX	fmm613d	u/MyJelloJiggles	fmlpnlb	C
2020-04-06 14:59:54.973731	u/mickhealo	fmm61d4	u/memez_reaper	fmm1q5f	C
