2020-04-15 23:00:07.501025	u/_X_Dandelion_X_	fnjrbjb	u/Xmaruo97	fnjr0bs	C
2020-04-15 23:00:50.039068	u/Starion_Dorifuto	fnjrcml	u/wombey12	fnj8ott	C
2020-04-15 23:01:57.457243	u/NauticalTubbs	fnjre92	u/spear831	fnjqtk2	C
2020-04-15 23:02:21.776113	u/Jadealanee	fnjreur	u/DeReInCaRNaTeD1	fnj1gu7	C
2020-04-15 23:02:23.991451	u/UnfinishedComb	fnjrev2	u/TurbulentSerenity	fnjn1gd	C
2020-04-15 23:03:16.023861	u/venompgo	fnjrgf3	u/Jasper455	fnjg6dz	C
2020-04-15 23:03:50.961132	u/deez_walnuts	fnjrhmj	u/TheCasualPoob	fnjpyoo	C
2020-04-15 23:04:05.362794	u/frugaltoaster	fnjrig6	u/Gage62	fnj7jdd	C
2020-04-15 23:04:45.851058	u/milkmemother1888	fnjrk2j	u/AawGeez	fnjrjcg	C
2020-04-15 23:04:55.674756	u/milkmemother1888	fnjrkai	u/milkmemother1888	fnjrk2j	C
2020-04-15 23:05:24.979997	u/ThePresto78	fnjrlqj	u/I-FAP-TO-SNOO	fnjr7sg	C
2020-04-15 23:05:29.248627	u/BeauAndArrow-	fnjrlvd	u/JerseyDevil6572	fnic2fi	C
2020-04-15 23:06:16.026614	u/aservion	fnjrn61	u/BirdmansHands	fnjq4mi	C
2020-04-15 23:06:38.554393	u/fritos-	fnjrnyp	u/awesomeperson73	fnjrj32	C
2020-04-15 23:06:43.843142	u/domestic-rhino	fnjro1j	u/Patriotic2020	fnjqqpz	C
2020-04-15 23:06:55.326609	u/ComprehensiveFlower3	fnjrooh	u/cynicalcytoplasm	fnjor7x	C
2020-04-15 23:07:05.231633	u/mrfenne-hentailove	fnjrp0p	u/mal-Fn	fnity74	C
2020-04-15 23:07:19.324088	u/hoh_hi_chan	fnjrpg6	u/EmreAlpY	fnitao9	C
2020-04-15 23:07:24.961954	u/CP-Nizz15	fnjrpjh	u/Ian_W1lliams	g1zl3b	S
2020-04-15 23:07:26.673670	u/Testdummy001	fnjrpl2	u/some_ones_meal	fnjrl9o	C
2020-04-15 23:07:35.142281	u/dwar_511	fnjrpx7	u/Crippled6host	fnjrjjd	C
2020-04-15 23:08:03.529234	u/JuneauJumper	fnjrqnm	u/Baguette_Corporation	fnh1s2j	C
2020-04-15 23:08:09.397104	u/BellaRose007	fnjrr3n	u/jackrocks8	fnjr46u	C
2020-04-15 23:08:15.926747	u/Typrog224	fnjrr8k	u/Alexis-Aparicio	evfx7t	S
2020-04-15 23:08:32.023274	u/Hades14x	fnjrrqe	u/Frontline_69	fnjr31s	C
2020-04-15 23:08:34.188825	u/ComradeBob8	fnjrrwv	u/Kind-Pop	fl3zlqu	C
2020-04-15 23:08:35.556725	u/suckysucky67	fnjrrxe	u/Relan42	fnhlxxl	C
2020-04-15 23:09:03.150173	u/buckbuccchiken	fnjrt10	u/CatDank3356	fnjrmj6	C
2020-04-15 23:09:21.070118	u/inverse-pie	fnjru0j	u/Crusader122K	g1p4t9	S
2020-04-15 23:09:25.272248	u/Sonpahien	fnjruc3	u/Breadfruit123	fnjboyl	C
2020-04-15 23:09:44.616543	u/MrDarkAvacado	fnjrvbz	u/raven080068	fnj5sje	C
2020-04-15 23:09:53.795515	u/Sarcasmo79	fnjrx1u	u/Yurt_YT	fnjdyii	C
2020-04-15 23:10:24.458909	u/swagcaptain1235	fnjrydc	u/GameIsMyName12	fnitwpl	C
2020-04-15 23:10:49.250115	u/cmlee1324	fnjrz9a	u/Finlay1308	fnj67kl	C
2020-04-15 23:11:39.754217	u/GeneralConversation1	fnjs1ax	u/kfraga	fnjrg19	C
2020-04-15 23:11:47.380402	u/notmymayonaise	fnjs1m2	u/Joe_who_is_yuri	fnj5vg4	C
2020-04-15 23:12:38.981489	u/ItzMk	fnjs30d	u/fivequadrillion	fnjqb61	C
2020-04-15 23:14:03.259984	u/IceBearDoesKarate	fnjs66n	u/elvenbabey	fnjjc9n	C
2020-04-15 23:14:17.254216	u/orsikbattlehammer	fnjs6s0	u/pente5	fnigbac	C
2020-04-15 23:14:29.049485	u/JesusSmokedKools	fnjs7br	u/AceFrehleysPetCat	fnjpslf	C
2020-04-15 23:14:34.085234	u/HAMSTER_ANUS	fnjs7jt	u/BadassFlexington	fnjrsof	C
2020-04-15 23:14:55.395784	u/MCKelly13	fnjs84h	u/killerB86	fnjirpn	C
2020-04-15 23:15:11.705019	u/nuride	fnjs8vr	u/Chieve	fnjgkom	C
2020-04-15 23:15:27.976902	u/outlander1996	fnjs9dv	u/ragingfury555	fniu47i	C
2020-04-15 23:15:58.606408	u/RobinDaFloof	fnjsa7q	u/those-damn-teens	fnjmtri	C
2020-04-15 23:16:34.431676	u/rebocksdusty	fnjtxph	u/The-Not-Irish-Irish	fngxmep	C
2020-04-15 23:16:59.127356	u/ohhhhhhitsbigbear	fnjtyek	u/antivn	fnjtjl7	C
2020-04-15 23:17:05.684708	u/sgthoagie	fnjtyrc	u/CreepyPastaCool	fnjteps	C
2020-04-15 23:17:18.427997	u/MuffinSongs	fnjtz9r	u/antivn	fnjtv62	C
2020-04-15 23:18:15.831546	u/fishy-breath	fnju148	u/okaymandude	fnjsboz	C
2020-04-15 23:19:06.843161	u/DirkWithTheFade	fnju2qg	u/Deathangle75	fnhhrxr	C
2020-04-15 23:19:09.110358	u/IntelligentExcuse9	fnju2qm	u/PauSoCau	fnjk9nt	C
2020-04-15 23:19:54.105259	u/CommandoMC	fnju73i	u/Dvorozhetskii	fnj4x62	C
2020-04-15 23:20:31.069340	u/GhostPepe21	fnju8yp	u/Sonpahien	fnjruc3	C
2020-04-15 23:20:34.676904	u/jjohnnaanthonyy	fnju94k	u/xXThAtKiDwYaTtXx	fnjq2m5	C
2020-04-15 23:20:43.810175	u/HixyChan	fnju9cs	u/MythicalX_	fnjhlon	C
2020-04-15 23:22:28.997778	u/Pandabling2007	fnjudjh	u/Ally-the-hugger	fnjtvvn	C
2020-04-15 23:22:46.445375	u/ShrimpFriedRicist	fnjue19	u/RepostSleuthBot	fnjb7w4	C
2020-04-15 23:22:49.765995	u/Lays_Chips5	fnjue42	u/fitness4lif3	fnj3ubi	C
2020-04-15 23:23:20.920351	u/oOfHiHowAreYou	fnjuf4j	u/ThePokinatchaPunk	fniqlmk	C
2020-04-15 23:23:25.174090	u/onewhosinkcanoe	fnjuf9s	u/only___say--ok	fnjt7co	C
2020-04-15 23:23:33.796314	u/ThemanGinyu	fnjuflj	u/chomperstyle	fnjtx4v	C
2020-04-15 23:23:39.090063	u/Purple_Breeze1	fnjug3a	u/Latricc	fnjuegc	C
2020-04-15 23:23:57.652717	u/ThemanGinyu	fnjuggx	u/flying-cowsss	fnjty1v	C
2020-04-15 23:24:08.967720	u/Janivire	fnjugt3	u/Thire_YT	fnjtnl2	C
2020-04-15 23:24:49.520050	u/lemongaming065	fnjuibz	u/BeetRaddishRoot	fnjsxxq	C
2020-04-15 23:25:02.192166	u/aldaca	fnjuiwl	u/Davros-123	fnh8kp3	C
2020-04-15 23:25:45.552066	u/The_Real_Morgana	fnjujyj	u/Will_Kirkwood98653	fnjr0qe	C
2020-04-15 23:26:22.398232	u/Randles1	fnjul9a	u/bearsmeatballs	fnjbqdc	C
2020-04-15 23:27:19.589586	u/Shiznoes	fnjuobs	u/atommurex	fnjtykt	C
2020-04-15 23:27:45.222910	u/Dumbass_Saiya-jin	fnjup2b	u/the-anti-antichrist	fnjh0aa	C
2020-04-15 23:28:30.089328	u/wwhitfield262	fnjur24	u/antivn	fnjtloq	C
2020-04-15 23:28:44.769631	u/Ostroch	fnjurvd	u/The-Always-Lie-Guy	fnjdekh	C
2020-04-15 23:28:52.505322	u/wwhitfield262	fnjus8q	u/ohhhhhhitsbigbear	fnjta0u	C
2020-04-15 23:29:03.617272	u/thankgod-imnot-a-jew	fnjusxz	u/BTR-KG	fniwtry	C
2020-04-15 23:29:28.087029	u/RWS-skytterEirik	fnjuua7	u/CallMiDonut	fi22ob5	C
2020-04-15 23:29:35.115898	u/Fissuring	fnjuuq2	u/Moothu22	fnjumz2	C
2020-04-15 23:29:57.910302	u/thelegendaryjoash	fnjuvpz	u/Shadowrunner156	fnjukkt	C
2020-04-15 23:29:58.603399	u/Vlian420	fnjuvv3	u/bbllplaya1424	fnjupnx	C
2020-04-15 23:30:54.828227	u/Mountain_DewIt	fnjuyqv	u/Brainybakey-YT	fnhh9ru	C
2020-04-15 23:32:25.094340	u/Vlian420	fnjv1qt	u/bbllplaya1424	fnjuy7h	C
2020-04-15 23:32:53.064041	u/SWIZZIZLE	fnjv2gb	u/XxHELLdemon01x	fniqbv1	C
2020-04-15 23:33:15.270237	u/corpsegrindingman	fnjv3h1	u/Muzungu05	fnjrvfp	C
2020-04-15 23:33:30.042782	u/yeetyeetmaspageet	fnjv3q3	u/VeniVidiLusii	fwrjdt	S
2020-04-15 23:33:48.300862	u/RiseofdaOatmeal	fnjv4gj	u/RepostSleuthBot	fnjbfh1	C
2020-04-15 23:34:48.005550	u/imhere2downvote	fnjv6f6	u/mildly-liberal	fnj4scg	C
2020-04-15 23:35:20.603033	u/Vlian420	fnjv73w	u/ohhhhhhitsbigbear	fnjtyek	C
2020-04-15 23:35:49.334363	u/SeaJay1187	fnjv7xj	u/Dekuscrub321	fnjv4vp	C
2020-04-15 23:36:04.172335	u/TakeNotesTakeFlight	fnjv8du	u/Rider2418	fnjohz9	C
2020-04-15 23:36:10.859088	u/robetcallafornia	fnjv8hw	u/Kade_Watson	fnjv44a	C
2020-04-15 23:36:12.767099	u/FelixzeBear	fnjv8j9	u/hausomad	fnjjme3	C
2020-04-15 23:36:36.176373	u/nobody1929	fnjv9jf	u/gking407	fnj6zcr	C
2020-04-15 23:37:47.012869	u/Jonnynum	fnjvd82	u/______Tree______	fnj8lc7	C
2020-04-15 23:38:22.212551	u/Terraman60	fnjvfgm	u/MightBeFloridaMan	fnjd5tj	C
2020-04-15 23:38:36.539254	u/undunce	fnjvfyl	u/MCMikey3704	fnjvfar	C
2020-04-15 23:38:45.169871	u/WillemDaForrest	fnjvgmp	u/InternetMeme69	fnjuzuo	C
2020-04-15 23:38:58.379817	u/undunce	fnjvhaj	u/snowsmudge	fnjvgff	C
2020-04-15 23:39:38.119788	u/sammichfork	fnjvj1p	u/Val-Oswald	fnjva6k	C
2020-04-15 23:39:51.645294	u/bdc562	fnjvjtp	u/gking407	fnj6zcr	C
2020-04-15 23:39:59.287205	u/enz0w0	fnjvknf	u/Will_Kirkwood98653	fnjr0qe	C
2020-04-15 23:40:10.400895	u/DeliciousRun	fnjvl4w	u/TXVERAS	g273p1	S
2020-04-15 23:40:41.999783	u/JolyonTil	fnjvltf	u/B0D05	fnj58jb	C
2020-04-15 23:41:07.037106	u/Scxox	fnjvmu8	u/dan_16462432	fnjt47v	C
2020-04-15 23:41:49.898040	u/AssassinMatrixMode	fnjvo52	u/Bish_Whattt	fnjvlhg	C
2020-04-15 23:41:53.523520	u/TheNovaWasp	fnjvo6v	u/brohemianrasputin	g21ga8	S
2020-04-15 23:42:09.247699	u/zanyat	fnjvog9	u/IamBeelzebubIV	fnjh9j0	C
2020-04-15 23:42:30.532983	u/x_wilson	fnjvoxg	u/Nitro0Games	fnjba9r	C
2020-04-15 23:43:13.543087	u/blueflamingo2020	fnjvpz1	u/Coffee_Blacc	fnjsg7n	C
2020-04-15 23:43:29.210430	u/brandongomes1	fnjvqg4	u/Amymoha	fnjvoxx	C
2020-04-15 23:43:35.466347	u/Internet_Expl0der	fnjvqiv	u/jackrocks8	fnjvkta	C
2020-04-15 23:46:04.340964	u/brycesha	fnjvvg2	u/jlgalindoj	fnjvtsx	C
2020-04-15 23:46:17.363198	u/MuchiYEY	fnjvvtc	u/sammichfork	fnjvj1p	C
2020-04-15 23:46:20.142830	u/SuperOrdinaryGuy	fnjvvtq	u/SeaJay1187	fnjvay5	C
2020-04-15 23:47:27.541915	u/mrsp1cyw13n3r	fnjvz83	u/mildly-liberal	fnj4scg	C
2020-04-15 23:48:15.147785	u/moodkiller69	fnjw12h	u/godsutters	fnjfe78	C
2020-04-15 23:48:39.776237	u/pharmerino	fnjw2l6	u/Pewdiepiedabezt	fnjms8y	C
2020-04-15 23:48:52.746347	u/terminatorx4582	fnjw34o	u/B-DuBba	fnhzyu4	C
2020-04-15 23:48:57.693301	u/andrewisjustdone3321	fnjw3k0	u/Will_Kirkwood98653	fnjr0qe	C
2020-04-15 23:49:22.913149	u/Sealgang	fnjw4d0	u/Pandabling2007	fnjpyyt	C
2020-04-15 23:49:34.111417	u/Sealgang	fnjw568	u/laxplayer26	fnjh6ks	C
2020-04-15 23:49:45.791035	u/moodkiller69	fnjw5p1	u/godsutters	fnje682	C
2020-04-15 23:49:57.809893	u/PuFF1512	fnjw6wa	u/Meestasqueed	fnjkf5y	C
2020-04-15 23:49:58.723652	u/mango_FIRST	fnjw71i	u/TheBopist	fnjewgz	C
2020-04-15 23:50:49.683802	u/McTallBoi	fnjw8tk	u/Kingturboturtle13	fnjvj49	C
2020-04-15 23:51:57.689202	u/NCRedditWanderer	fnjwb0z	u/ThunderingSacks	fnjw6ay	C
2020-04-15 23:52:02.990712	u/ChromePon3	fnjwb43	u/cjc1234godkiller	fnjuepl	C
2020-04-15 23:52:05.862293	u/LemonadeGingerAle	fnjwb57	u/too_many_fives	g202br	S
2020-04-15 23:53:58.141498	u/FinalJedi	fnjwdyk	u/weeboo21678	fnjuqhz	C
2020-04-15 23:56:35.141430	u/SylviaWrath69	fnjwius	u/m4a1pewpew	fnjtdk0	C
2020-04-15 23:57:09.829059	u/theolympiyn	fnjwkq1	u/Savage80HD	fnjwiba	C
2020-04-15 23:57:13.050309	u/cNosThorn	fnjwkqp	u/GravityFallsChicken	fnj7uze	C
2020-04-15 23:57:30.428484	u/Uncle_Yim	fnjwl0i	u/killerB86	fnjirpn	C
2020-04-15 23:58:07.666555	u/gryffind0rgeek	fnjwmp0	u/Wheel31	fl5790b	C
2020-04-15 23:58:26.226547	u/gryffind0rgeek	fnjwnnm	u/Potatotheooflord	fl5excx	C
2020-04-15 23:58:38.036616	u/wildblaze	fnjwoep	u/Obeyedw1zard	fnjwm6m	C
2020-04-15 23:59:04.543423	u/snackin0nOats	fnjwpwx	u/Freshy_platypus_913	g1z6jt	S
2020-04-15 23:59:14.420665	u/JudgeDreddPresiding	fnjwqbm	u/Hades14x	fnjrrqe	C
2020-04-15 23:59:30.448185	u/Stinky-Star	fnjwr1x	u/_Sad_Puppy_	fnjjtcm	C
2020-04-15 23:59:53.252057	u/PotatoBr1	fnjwsj5	u/Topbutton6	fniygok	C
