2020-03-24 15:00:32.354764	u/Molly23p	fle2lo2	u/Nanotaku06	fld6f5r	C
2020-03-24 15:00:38.373764	u/tjh408	fle2lvw	u/SamsamBender	fldian6	C
2020-03-24 15:01:07.521874	u/Euph0ricBliss	fle2ms5	u/muradzz	fldvnkb	C
2020-03-24 15:01:11.200942	u/ST4LKER30	fle2mzs	u/dashadowmaster69420	fle2d8i	C
2020-03-24 15:01:24.391916	u/Pegga83	fle2ndm	u/AutoModerator	fle2jmd	C
2020-03-24 15:01:34.998589	u/spyrolt253	fle2nsa	u/Jace1120	fldmv56	C
2020-03-24 15:01:51.611402	u/igaveuponfixingit	fle2oah	u/ronaldozai	fldrf3i	C
2020-03-24 15:02:00.979883	u/AdolfCosby	fle2opz	u/dinoking345	fle1f1c	C
2020-03-24 15:02:13.859920	u/The_Radioactive_Rat	fle2pa7	u/RBloxxer	flcw1sl	C
2020-03-24 15:02:29.295688	u/NightmareBSO	fle2ppj	u/MAGIC_EYE_BOT	fle2gjz	C
2020-03-24 15:02:46.777268	u/the_Cringename	fle2q6q	u/Thereddittor314	fl9p3er	C
2020-03-24 15:02:51.314730	u/randomidiots	fle2qa0	u/mysticwarrior222	fldnoyl	C
2020-03-24 15:02:55.731090	u/yoosername-checksout	fle2qk0	u/starfang77	fle091d	C
2020-03-24 15:03:00.031561	u/soulvox1303	fle2qtu	u/PyroYeet0808	fldx1ua	C
2020-03-24 15:03:06.442680	u/Britain_on_Reddit	fle2r05	u/S-p-o-o-k-n-t	fle2npn	C
2020-03-24 15:03:12.521312	u/YeetusMcSkeetus69420	fle2re9	u/HaRa0000	fldw5fa	C
2020-03-24 15:03:15.895482	u/billybobstevejoejr	fle2rj1	u/RepostSleuthBot	flcyyp9	C
2020-03-24 15:03:32.819859	u/bedfastlamb	fle2sd0	u/RepostSleuthBot	fle2nxg	C
2020-03-24 15:03:41.795297	u/proleek47	fle2sof	u/TristySonicboi	fldh9au	C
2020-03-24 15:04:18.524738	u/Samu_virzi	fle2tyn	u/RepostSleuthBot	fld6lhb	C
2020-03-24 15:04:38.103699	u/tenno91	fle2ugk	u/warframefan420	fle21oa	C
2020-03-24 15:04:43.673413	u/Respek451g	fle2ul3	u/GeeHarveyOswald	fldy4d3	C
2020-03-24 15:04:56.238619	u/Darthalex56	fle2uug	u/nice-guy1911	fldkdk3	C
2020-03-24 15:05:04.318474	u/Beanbag_182	fle2v8x	u/Sesome09	fldwfmp	C
2020-03-24 15:05:08.510535	u/CreeperGirlLove18	fle2vah	u/Hwickham13	fle2cd9	C
2020-03-24 15:05:10.617179	u/donggo86	fle2vdz	u/SlavicJowBtw	fldsls0	C
2020-03-24 15:05:14.582184	u/Thegevin	fle2vhv	u/UhmNotMe	fle2kub	C
2020-03-24 15:05:31.228914	u/SomeGuyOnReddit469	fle2w96	u/Peachy_Bubble	fldzlm9	C
2020-03-24 15:05:33.327954	u/Wastinmytime2da	fle2w9c	u/L0pina	fle2rrr	C
2020-03-24 15:05:51.225207	u/An4kin_S4ndwalker	fle2wlb	u/RepostSleuthBot	fle2uu4	C
2020-03-24 15:05:54.137190	u/captainhorrible12345	fle2wrx	u/RepostSleuthBot	fldvwdq	C
2020-03-24 15:06:03.730346	u/Korblox521	fle2x71	u/louis789	fle0kfl	C
2020-03-24 15:06:30.421175	u/CottonCandyWeeb	fle2y1y	u/Deltraxgt	fle0nw6	C
2020-03-24 15:06:44.031650	u/dakyoda69	fle2yvk	u/saile515	flczi7a	C
2020-03-24 15:07:18.508542	u/Saintsfull	fle30fb	u/Coopakid	fle2yn9	C
2020-03-24 15:07:20.236949	u/SlimSlam_FlippyDip	fle30kw	u/UhmNotMe	fle2bv1	C
2020-03-24 15:07:28.316231	u/richy5110	fle30vd	u/paul_497	fle17my	C
2020-03-24 15:07:31.734262	u/CrazyCozmog26	fle313v	u/Another-Was-Taken	fldwxi3	C
2020-03-24 15:07:33.439560	u/Korblox521	fle3149	u/AutoModerator	flcymn6	C
2020-03-24 15:07:41.159239	u/Dinomite35	fle31f5	u/TheAllKnowingCharles	fld7v4s	C
2020-03-24 15:07:45.274118	u/LakeHouse812	fle31m2	u/Lord_Grim_I3	fldshdr	C
2020-03-24 15:07:47.898369	u/Cobrasnake525	fle31s2	u/Alwaysbadhairday	fldsgc1	C
2020-03-24 15:08:05.334819	u/BurgerKingoftheRing	fle32mg	u/The_Bread_is_Dead	fle2sxb	C
2020-03-24 15:08:08.503061	u/shmebulock365	fle32qu	u/nikknez	fle2b4j	C
2020-03-24 15:08:31.769668	u/5922001968	fle33z6	u/me_is_god123	fo5bx4	S
2020-03-24 15:08:38.071938	u/BlownByEverything	fle34bn	u/dylpickle4	fldtw4c	C
2020-03-24 15:08:44.299448	u/Gwen_Weasley	fle34s9	u/Remeber_Gabe_the_dog	fle2to1	C
2020-03-24 15:08:47.876995	u/Its_Krypton	fle3557	u/Defendo99	fldxzrv	C
2020-03-24 15:08:49.387895	u/yaboychri	fle3589	u/matheussanthiago	fldq4t8	C
2020-03-24 15:08:53.873914	u/GarBear757	fle35nd	u/byers1225	fldzoo1	C
2020-03-24 15:08:57.146443	u/bibicas19	fle35ve	u/The_Bread_is_Dead	fle2sxb	C
2020-03-24 15:09:13.270315	u/StockCar44	fle36uq	u/Ericool35	fldpq1c	C
2020-03-24 15:09:15.118788	u/X-cess04	fle36xh	u/AutoModerator	flcwilj	C
2020-03-24 15:09:18.942598	u/HowCanYouBeSure	fle372b	u/randomredditing	fldr3dc	C
2020-03-24 15:09:27.090029	u/pak101	fle3807	u/HW_HelloWorld	fle04ro	C
2020-03-24 15:09:36.392809	u/gatorbeetle	fle38ha	u/UhmNotMe	fle2x5m	C
2020-03-24 15:09:41.255445	u/well_this_suck5	fle38yo	u/gatorbeetle	fle36vm	C
2020-03-24 15:09:46.694696	u/Harvey_Wolf	fle394o	u/caaaaaaaaaaaaaaaaatt	fldlhl5	C
2020-03-24 15:09:49.592782	u/MrGrimm420	fle39n9	u/BrokenCog2020	fle323i	C
2020-03-24 15:09:58.206528	u/Dewhitt69	fle3auh	u/BattlNerd	fld6mve	C
2020-03-24 15:10:02.475856	u/fghjklqwe	fle3bnc	u/watersheep58	fle2vhz	C
2020-03-24 15:10:08.725384	u/Przemek_4tLV	fle3bsk	u/redas1423	fldsl4o	C
2020-03-24 15:10:15.500441	u/hilario34	fle3bxe	u/ahhhhh_help	flbbsw4	C
2020-03-24 15:10:23.862997	u/ProwlerPlayzYT	fle3cf9	u/AutoModerator	fld60ny	C
2020-03-24 15:10:26.262747	u/ItzLubbin	fle3cjz	u/AutoModerator	fld69vb	C
2020-03-24 15:10:28.649883	u/1PaulweilPaul	fle3ck9	u/SlimSlam_FlippyDip	fle30kw	C
2020-03-24 15:10:42.065471	u/FBI_AGENT5	fle3cu4	u/Dragonht2006	fle0xu0	C
2020-03-24 15:11:15.211900	u/Stryderix	fle3e9f	u/Bronc_masters	fle33f6	C
2020-03-24 15:11:24.723445	u/Svool_Gsviv_	fle3em7	u/KungFuDabu	fle016e	C
2020-03-24 15:11:44.326602	u/MrMinerNiner	fle3f7y	u/SlimSlam_FlippyDip	fle3cve	C
2020-03-24 15:11:48.080236	u/Melbufrauma	fle3fab	u/howaboutnotmyname	fldpptp	C
2020-03-24 15:11:52.857937	u/memeorcry	fle3fju	u/manboichild	fle2bd2	C
2020-03-24 15:12:04.548797	u/Michael_looney1	fle3foy	u/RepostSleuthBot	fldwyxh	C
2020-03-24 15:12:15.419479	u/Archwolf2023	fle3fyq	u/ItsNotARubiksCube	fle07pq	C
2020-03-24 15:12:29.986192	u/myredditaccountlogin	fle3gnt	u/vinatoru	fle39x6	C
2020-03-24 15:12:37.636675	u/WhoaThisisAnalt	fle3h7m	u/ZbrojovkaBRNO	fle3d03	C
2020-03-24 15:13:03.106308	u/santoni04	fle3ign	u/BattlNerd	fldq2bc	C
2020-03-24 15:13:05.463031	u/APersonNamedAjay	fle3ikf	u/Pegga83	fle369r	C
2020-03-24 15:13:08.932861	u/McSwiftyy	fle3ip5	u/justagiraffewithahat	fle2jlq	C
2020-03-24 15:13:54.959757	u/Gelbian	fle3kqs	u/AutoModerator	fle1otf	C
2020-03-24 15:14:56.718312	u/MartyMcFly_jkr	fle3new	u/LastgenKeemstar	fle0wfb	C
2020-03-24 15:15:01.865587	u/basementromance	fle3nqr	u/StevieOverr8ted07	fldvzwp	C
2020-03-24 15:15:06.201087	u/RustyR4m	fle3nx4	u/Tru_Drone_Videos	fle1pvi	C
2020-03-24 15:15:08.342656	u/ohylkes	fle3o01	u/PacGamingAgain	fldzde2	C
2020-03-24 15:15:27.652591	u/maxb4123	fle3olu	u/BattlNerd	fldq2bc	C
2020-03-24 15:16:02.346612	u/-Toppertje1-	fle3ql6	u/BOSS_Master7000	fle1run	C
2020-03-24 15:16:08.609272	u/Juvor21	fle3qrw	u/belugaborb	fle2grm	C
2020-03-24 15:16:13.413121	u/henningvsvdh	fle3qso	u/GoronMafiaBoss	fldsj3e	C
2020-03-24 15:16:21.114897	u/SlamulusBranulus	fle3r86	u/UhmNotMe	fle2o85	C
2020-03-24 15:16:34.579226	u/D3VADD	fle3rux	u/GalaxyBendin	fle2cxb	C
2020-03-24 15:16:40.083099	u/DaEpicNess666	fle3s5w	u/rainbow227kitty	fle3p9b	C
2020-03-24 15:16:50.757575	u/A_rutard3d007	fle3sdc	u/YellowGetRekt	fle2wn4	C
2020-03-24 15:17:02.580215	u/outlandish-companion	fle3t00	u/HazShit	fle3qel	C
2020-03-24 15:17:05.253986	u/clarky4430	fle3t0y	u/Downgoesthereem	fle013p	C
2020-03-24 15:18:02.131040	u/ollieisgood	fle3v1g	u/Sweet_Mayhem	fle2dmp	C
2020-03-24 15:18:04.746692	u/mouthwashscope	fle3v3b	u/CurfBoi	fle0jaf	C
2020-03-24 15:18:18.959156	u/Mikeythecrazy	fle3vkl	u/Doggomeister3112	fldqrea	C
2020-03-24 15:18:30.540294	u/AKoen_359	fle3vvr	u/belugaborb	fle2grm	C
2020-03-24 15:18:38.818089	u/Jpmasterbr	fle3w3h	u/DM_ME_YOUR_PASSWORD	fldeg4j	C
2020-03-24 15:18:52.391009	u/martian256	fle3wu2	u/Long_Egg_Legg	fldp0y4	C
2020-03-24 15:18:54.328851	u/Death_By_Gamma_Ray	fle3wv6	u/VietInTheTrees	fldsakl	C
2020-03-24 15:19:01.179050	u/Scaroay	fle3x1x	u/FoniasTodoroki	fle043c	C
2020-03-24 15:19:06.838185	u/Alternative-Rise	fle3xgu	u/tamMY-0736	fle3apv	C
2020-03-24 15:19:08.066461	u/KeRMoNx	fle3xi4	u/xxxShadowsightxxx	fldqn3j	C
2020-03-24 15:19:11.571078	u/Savage_King53	fle3xuf	u/YellowGetRekt	fle2wn4	C
2020-03-24 15:19:13.999598	u/Get_The_Camera_Mom	fle3xvl	u/Gelbian	fle3tos	C
2020-03-24 15:19:15.210181	u/meowingexpletives	fle3xvn	u/Ghoulish4t0m	fldfrtn	C
2020-03-24 15:19:31.331305	u/blu_eye51	fle3y5s	u/Fauthor777	fle2k8z	C
2020-03-24 15:19:53.936405	u/mycatisnamedemmie	fle3z50	u/RustyR4m	fle3ur1	C
2020-03-24 15:19:54.956426	u/Rare_Entertainment	fle3zbd	u/louis789	fle0kfl	C
2020-03-24 15:19:57.289107	u/FroggyPondVideos	fle3zqi	u/AutoModerator	fle3s9p	C
2020-03-24 15:19:57.968111	u/ayouproblem	fle3zrc	u/Nanotaku06	fld6f5r	C
2020-03-24 15:20:02.799374	u/EmirTanis	fle3zum	u/UltraNice69420	fldwrfp	C
2020-03-24 15:20:22.243476	u/DustyMetal2	fle40oo	u/louis789	fle0kfl	C
2020-03-24 15:20:40.949119	u/PaarthurnaxIsGood	fle41e2	u/arzis_maxim	fldw2te	C
2020-03-24 15:21:18.050135	u/Sub2pewds8963	fle430d	u/Alwaysbadhairday	fldsgc1	C
2020-03-24 15:21:22.931696	u/Jonahbeans69	fle433v	u/Username17_	fldzivx	C
2020-03-24 15:21:27.920843	u/Parcero_Brasileiro	fle439b	u/Crafty_Benjo	fo3dxq	S
2020-03-24 15:22:06.718418	u/PinheadLarryIRL	fle44gd	u/svvlll55	fldj0ko	C
2020-03-24 15:22:12.922860	u/RareBareBear	fle44m7	u/NessleTheKing	fld5gp2	C
2020-03-24 15:22:16.337821	u/Topd808	fle44n9	u/Atalay12345	fld9vs7	C
2020-03-24 15:22:33.033611	u/memereviewer21	fle45c8	u/Chickenjesus37	flaeail	C
2020-03-24 15:22:59.202943	u/sakura2688	fle469y	u/Spell6421	fldbbni	C
2020-03-24 15:23:07.334999	u/GamerDuck548	fle46cs	u/LilJapKid	fldz0um	C
2020-03-24 15:23:21.154706	u/GangsterPuppy	fle46y3	u/Alternative-Rise	fle3xgu	C
2020-03-24 15:24:50.146686	u/gilded_gipfeli	fle4awd	u/Evolution-is-a-fact	fle38fv	C
2020-03-24 15:25:15.576232	u/resuuu	fle4bsq	u/Defendo99	fldxzrv	C
2020-03-24 15:25:17.619029	u/ant-m	fle4btz	u/AutoModerator	fld76h7	C
2020-03-24 15:25:20.730446	u/Lord_Vaxxus	fle4by6	u/Ihmisboi	fldfhkz	C
2020-03-24 15:25:32.030733	u/Taverner_raven	fle4c7a	u/XoFiT	fle1wqu	C
2020-03-24 15:25:40.435312	u/NeonSprig	fle4cmj	u/HecateAthena	fo8zxu	S
2020-03-24 15:25:43.267591	u/Lunar9999	fle4cms	u/Anakin-Spywalker	fldxls5	C
2020-03-24 15:25:46.413462	u/tiktokmaster123	fle4ctg	u/Kind-Pop	fl3zlqu	C
2020-03-24 15:25:52.591364	u/MarkPlaguesTheWise	fle4czr	u/ribi_jd20	fldxqc1	C
2020-03-24 15:26:05.619743	u/ellal1321	fle4dd2	u/LilTimmy123456789	fle3vbu	C
2020-03-24 15:26:20.734110	u/hochfrequenz	fle4dyw	u/starfang77	fle091d	C
2020-03-24 15:26:22.651084	u/Ghant_	fle4e12	u/Personplacething333	flduiwq	C
2020-03-24 15:26:46.055642	u/epixgamer233	fle4eo2	u/chubby_cheese	fld33re	C
2020-03-24 15:26:54.283412	u/Sharp5hooter02	fle4f3r	u/PinheadLarryIRL	fle44gd	C
2020-03-24 15:27:02.150028	u/ScorpionTheInsect	fle4fin	u/squirtlehateswater	fldzmwy	C
2020-03-24 15:27:05.616125	u/ToxicCookie0	fle4fmn	u/TheThingNasim	fle3u34	C
2020-03-24 15:27:14.574804	u/Ap0lloO	fle4fyz	u/spinelisbeast	fl5tl4p	C
2020-03-24 15:27:22.944608	u/Sharp5hooter02	fle4gk6	u/Sweet_Mayhem	fle2dmp	C
2020-03-24 15:27:26.790457	u/InsideMountain	fle4glt	u/SmolloSmoller	fle48mo	C
2020-03-24 15:27:29.379340	u/DrewDaBom	fle4gpd	u/Ihmisboi	fldfhkz	C
2020-03-24 15:27:43.795880	u/Ap0lloO	fle4hc5	u/Potatotheooflord	fl5ewkn	C
2020-03-24 15:27:52.853529	u/stephmannn	fle4hry	u/ivebeencalledpeppery	fldb6rj	C
2020-03-24 15:28:04.174500	u/BroncosayBabyonBaby	fle4irg	u/YellowGetRekt	fle3y3t	C
2020-03-24 15:28:08.069057	u/Just_a_little_T-rex	fle4it5	u/VibraniumDragonborn	fl5nrgn	C
2020-03-24 15:28:10.273972	u/TreeGouy	fle4iv1	u/extraordinaryrainbow	flbey03	C
2020-03-24 15:28:15.936857	u/eavanofluling	fle4j30	u/freddie8875	fle3n3v	C
2020-03-24 15:28:18.342547	u/DarkKnight42069	fle4j8d	u/Evolution-is-a-fact	fle38fv	C
2020-03-24 15:28:19.871418	u/scp-REDACTED-site14	fle4j9b	u/BeNbUcKToO	fld7o63	C
2020-03-24 15:28:37.611737	u/scp-REDACTED-site14	fle4k2r	u/WatchfulSister	flcldv2	C
2020-03-24 15:28:44.199857	u/Grannyscane4	fle4khl	u/AutoModerator	fld0cqx	C
2020-03-24 15:28:55.176113	u/EvanTheLord	fle4l09	u/AutoModerator	fld60ny	C
2020-03-24 15:28:57.480157	u/Kamakaze777	fle4l3q	u/YellowGetRekt	fle3y3t	C
2020-03-24 15:29:22.501674	u/warnersson	fle4m5l	u/XoFiT	fle1wqu	C
2020-03-24 15:29:23.611535	u/TheCCMonster	fle4m7d	u/garlopf	flcwp6j	C
2020-03-24 15:29:31.470603	u/Nig_Nog123	fle4mub	u/PretzelPunch1	flbit8p	C
2020-03-24 15:29:39.702628	u/captainlevi123	fle4njl	u/puppy_lover123456789	fle3dd2	C
2020-03-24 15:29:44.359456	u/ugly_pillow	fle4nsh	u/BlownByEverything	fle34bn	C
2020-03-24 15:29:50.206921	u/Screamingbanana23	fle4ogw	u/RussianBot101101	fle2vmk	C
2020-03-24 15:29:53.700692	u/Banshee308	fle4osm	u/ThePringleMaster	fle3wxs	C
2020-03-24 15:30:08.620328	u/whydidyouthink	fle4pno	u/Mad_Man_9	fle3zr3	C
2020-03-24 15:30:11.091915	u/Joshadow11	fle4ppy	u/AutoModerator	fldw4d9	C
2020-03-24 15:30:15.969408	u/Shorteq	fle4psg	u/Scaroay	fle3x1x	C
2020-03-24 15:30:28.850892	u/dontreadmynameppl	fle4q7r	u/StockCar44	fle36uq	C
2020-03-24 15:31:00.421066	u/jonny45k	fle4ra8	u/XoFiT	fle1wqu	C
2020-03-24 15:31:26.961085	u/TinCupTan	fle4ryx	u/Sharp5hooter02	fle4jwt	C
2020-03-24 15:31:47.503720	u/AmeriCANmounties6776	fle4sqr	u/ireallywanttogiveup	fle4l9n	C
2020-03-24 15:31:49.779107	u/Thijs08642	fle4st3	u/Tractor3000	fle38ed	C
2020-03-24 15:31:55.538100	u/Hephaistos_Invictus	fle4t5j	u/Sscr132901	fle3fnm	C
2020-03-24 15:32:22.305621	u/dylan208976	fle4uc4	u/BattlNerd	fld6mve	C
2020-03-24 15:32:30.790080	u/Yormankaaz	fle4ulb	u/ireallywanttogiveup	fle4l9n	C
2020-03-24 15:32:45.660465	u/danksoulspraiseit420	fle4utj	u/RepostSleuthBot	fle4jex	C
2020-03-24 15:34:09.011127	u/Nnext723	fle4xtv	u/ollieisgood	fle3v1g	C
2020-03-24 15:34:21.048618	u/Diesel_9006	fle4y5w	u/mandrake1973	flcyv8t	C
2020-03-24 15:34:28.114078	u/Alderknight	fle4yjq	u/Scupake	fle48nw	C
2020-03-24 15:34:31.228882	u/Slow-Transition	fle4ykq	u/Fishlazard	fldrj27	C
2020-03-24 15:34:45.094753	u/Cydrome2810	fle4yxo	u/YellowGetRekt	fle309v	C
2020-03-24 15:34:48.932807	u/SaquonBarkley--	fle4z0k	u/riddus	fle4gof	C
2020-03-24 15:35:02.356020	u/elorihs	fle4zws	u/missingmygender	fle0f93	C
2020-03-24 15:35:04.510647	u/IDislikeBabyYoda	fle4zwy	u/mysticwarrior222	fldmkb8	C
2020-03-24 15:35:19.212338	u/Lathenion	fle502l	u/1111Jonnyman007	flc9rnv	C
2020-03-24 15:35:34.398080	u/MCBatesy	fle50i7	u/Ats_magi	fld67id	C
2020-03-24 15:35:42.414936	u/Thingymamoo	fle50mv	u/martian256	fle3y95	C
2020-03-24 15:35:46.657897	u/samelmore11	fle50sa	u/LeMigi	fldx6k6	C
2020-03-24 15:35:53.521109	u/Geri404	fle516q	u/nikknez	fle3jzg	C
2020-03-24 15:35:57.367462	u/UmbraEXE	fle51c5	u/BORORORI	fle27pe	C
2020-03-24 15:36:29.224628	u/GameIsMyName12	fle6i2z	u/Russiky	fle6dfh	C
2020-03-24 15:36:31.225900	u/xDankSkank	fle6i5y	u/RepostSleuthBot	fle5xrb	C
2020-03-24 15:36:42.399923	u/CringeBoiTheFirst	fle6imd	u/Twxlight	fle06qd	C
2020-03-24 15:36:48.104572	u/elchago100	fle6iv2	u/epixgamer233	fle6gyl	C
2020-03-24 15:36:55.188061	u/taimoor213	fle6j0s	u/epikvibes	fldz6fb	C
2020-03-24 15:37:15.237959	u/Warrunius	fle6k0w	u/Liolanse	fkmwidh	C
2020-03-24 15:37:17.894304	u/GameIsMyName12	fle6k3h	u/bkmangang	fle5jnc	C
2020-03-24 15:37:21.525907	u/i_ate_grandpa	fle6k49	u/Unoriginalnamejpg	fle63d6	C
2020-03-24 15:37:24.685540	u/SurealGod	fle6k8a	u/Daddy__Boi	fo0kil	S
2020-03-24 15:37:56.031597	u/laxy-laser	fle6m0v	u/omg_itsjr07	fle6k14	C
2020-03-24 15:37:58.512304	u/linguafiqari	fle6m24	u/Talvi_Thunder	fl89xy4	C
2020-03-24 15:38:15.786444	u/seeasea	fle6mq4	u/Elolet	fldqm1u	C
2020-03-24 15:38:18.002412	u/i-wrote-this-for-you	fle6mvw	u/otaha7	fldcez7	C
2020-03-24 15:38:30.221919	u/sockomgg	fle6n2s	u/wadermeloun	fld71pf	C
2020-03-24 15:38:32.555284	u/THlCC-Ricc	fle6n3i	u/vinatoru	flcz2gn	C
2020-03-24 15:38:35.627514	u/NerdPi61	fle6n7w	u/TymonoPL	flcybqw	C
2020-03-24 15:38:37.763564	u/RandomUsernameBad	fle6na2	u/RepostSleuthBot	fle5wqh	C
2020-03-24 15:38:58.606457	u/RU3K	fle6oek	u/93n1ss	fldksae	C
2020-03-24 15:39:03.058987	u/thebarracudabrother	fle6ojo	u/DogeCoinNut22	fle3iz0	C
2020-03-24 15:39:21.334883	u/_i_like_potatoes	fle6pxc	u/RepostSleuthBot	fle6hea	C
2020-03-24 15:39:23.889218	u/havaltherock	fle6q0a	u/Emperor_O_Memes	fle6nep	C
2020-03-24 15:39:40.925280	u/savo_s_medem	fle6r9p	u/2_cam_2	fle61v9	C
2020-03-24 15:39:46.133861	u/Da_jonesy_boy	fle6rm9	u/lukelasanga	fldy8op	C
2020-03-24 15:39:48.284180	u/xtechouss	fle6rtr	u/06Grill	fle6pio	C
2020-03-24 15:39:58.575778	u/HenBrick	fle6sl7	u/Tru_Drone_Videos	fldzd5f	C
2020-03-24 15:39:59.371249	u/ZHiddaX	fle6sq1	u/Neet-owo	fldunzo	C
2020-03-24 15:40:09.229136	u/ramon0909	fle6t28	u/mysticwarrior222	fld7zcc	C
2020-03-24 15:40:33.224153	u/daoud1kh	fle6u1d	u/SuperZoomShield123	flb24jp	C
2020-03-24 15:40:46.658714	u/marginallyorange	fle6uj0	u/captainhorrible12345	fle2wrx	C
2020-03-24 15:40:50.167655	u/iCanGo4That	fle6uji	u/Nanotaku06	fld6f5r	C
2020-03-24 15:41:11.961077	u/GhostofCoprolite	fle6vch	u/bigswampgoblin	fldnt3e	C
2020-03-24 15:41:14.274536	u/yoshimutso	fle6vcn	u/thebarracudabrother	fle4yg2	C
2020-03-24 15:41:25.766702	u/UnfriendlyGhost1	fle6vn4	u/Tractor3000	fle38ed	C
2020-03-24 15:41:32.450258	u/thesovietgang	fle6vuf	u/AutoModerator	fld69vb	C
2020-03-24 15:41:44.130955	u/akaZemmy	fle6w10	u/YellowGetRekt	fle2wn4	C
2020-03-24 15:42:03.062853	u/DrEdifarious	fle6wl5	u/DustyMetal2	fldyxkb	C
2020-03-24 15:42:16.191493	u/RubyRaz	fle6wst	u/0saran	fo7fc7	S
2020-03-24 15:42:22.586936	u/robowalruss55	fle6x8j	u/AutoModerator	fld60ny	C
2020-03-24 15:42:25.920153	u/Ex_Outis	fle6xdh	u/rrr598	fldsgdo	C
2020-03-24 15:42:30.669368	u/69Th0Ts	fle6xil	u/DragonicBlazeDB	fldo2gj	C
2020-03-24 15:42:35.428810	u/Derp_OwO	fle6xol	u/Can-Opener1939	fle4xb3	C
2020-03-24 15:42:37.795060	u/PantheraKyu	fle6xpl	u/dashadowmaster69420	fle2ext	C
2020-03-24 15:42:41.791287	u/Cold_Persimmon	fle6xtv	u/dangshnizzle	fld6slm	C
2020-03-24 15:42:54.088806	u/XXmasKing	fle6yaf	u/Lwyz016	fle69d2	C
2020-03-24 15:43:17.355966	u/boiga-toim	fle6zb5	u/Schlongevity	fldgwm9	C
2020-03-24 15:43:34.603622	u/Cheskzeg	fle705j	u/AutoModerator	fld60ny	C
2020-03-24 15:43:39.435085	u/heisenbergsassistant	fle708c	u/FluuBk	fld1fo2	C
2020-03-24 15:43:42.824587	u/uzer4vedi	fle70f8	u/DM_ME_YOUR_PASSWORD	fldeg4j	C
2020-03-24 15:44:15.646245	u/vanillachai99	fle715n	u/thekeenspartan	flcjk8v	C
2020-03-24 15:45:35.720917	u/AdrianErykKusz	fle73a6	u/Bobkunz	flcyoho	C
2020-03-24 15:45:53.333989	u/c233320_TTV	fle74em	u/Kind-Pop	fl3zlqu	C
2020-03-24 15:46:12.844480	u/Cherrymp6	fle74x0	u/Elolet	fldqm1u	C
2020-03-24 15:46:14.723191	u/dip-dab	fle74zf	u/Deltraxgt	fle6wnt	C
2020-03-24 15:46:55.692654	u/NeaguSilv	fle775v	u/havaltherock	foberm	S
2020-03-24 15:46:58.854640	u/Barf_The_Mawg	fle7779	u/Owanjila	fo5wh5	S
2020-03-24 15:47:02.266969	u/xBigBoi23x	fle77ja	u/MahGudPope	flds35g	C
2020-03-24 15:47:09.791162	u/Noctevent	fle77sl	u/SirHobington	fld2tk6	C
2020-03-24 15:47:37.720638	u/sobersadness	fle78tc	u/Tru_Drone_Videos	flc74je	C
2020-03-24 15:47:40.047279	u/Ree69240	fle78tz	u/Defendo99	fldxzrv	C
2020-03-24 15:47:59.258871	u/s1nlikem3	fle7a13	u/Derp_OwO	fle6xol	C
2020-03-24 15:48:15.322391	u/thomasduhtank	fle7auj	u/Kind-Pop	fl3zlqu	C
2020-03-24 15:48:49.247925	u/youbeenbeanboozled	fle7cac	u/Respect_Paying_Bot	fle6lhf	C
2020-03-24 15:48:55.810979	u/n0t_a_necrophile	fle7cq5	u/SlightlyRage	fldqlpu	C
2020-03-24 15:48:57.627498	u/phantomskillz	fle7cr5	u/WAT_an_ABSOLUTE_unit	fldvn0x	C
2020-03-24 15:48:58.869949	u/Nick-7293	fle7crl	u/RepostSleuthBot	fldtj89	C
2020-03-24 15:49:20.312215	u/brainybluegamer	fle7e3v	u/Toasty_Mostly	fle7b2d	C
2020-03-24 15:49:24.839521	u/Coyoji	fle7eeq	u/RepostSleuthBot	fle6gwk	C
2020-03-24 15:49:34.073653	u/eagleeggfry	fle7f6c	u/Crafty_Benjo	fldogvw	C
2020-03-24 15:49:40.386505	u/therealsaucebot	fle7fdo	u/PreviousLeadership6	fle7f5v	C
2020-03-24 15:49:41.218385	u/A-real-human-here	fle7fk1	u/HOGNUTZ69	fle773d	C
2020-03-24 15:49:49.605792	u/opum123	fle7g55	u/BattlNerd	fld6mve	C
2020-03-24 15:50:07.504566	u/DrMantis-Toboggen	fle7heo	u/RepostSleuthBot	fle7elt	C
2020-03-24 15:50:21.309062	u/cjbspartan117	fle7hpi	u/Downgoesthereem	fle013p	C
2020-03-24 15:50:39.216714	u/KermittingOofington	fle7igq	u/jonathandunlop	fldyekc	C
2020-03-24 15:51:07.586215	u/Kustaa2Aadolf	fle7j4o	u/Soysauceseaweed01	fldru7h	C
2020-03-24 15:51:14.823687	u/enieva	fle7j7y	u/Savage_King53	fle6315	C
2020-03-24 15:51:53.737737	u/LOLDude1295	fle7kna	u/AutoModerator	fld26mc	C
2020-03-24 15:52:03.603794	u/Flexi13	fle7kxg	u/mysticwarrior222	fldmkb8	C
2020-03-24 15:52:20.472168	u/kgzdrow	fle7l4c	u/AutoModerator	fld60ny	C
2020-03-24 15:52:25.127810	u/Manistheman	fle7l9n	u/The_night_camel	fle5p2f	C
2020-03-24 15:52:51.175068	u/Extreme-Fee	fle7m6g	u/RepostSleuthBot	fldspv9	C
2020-03-24 15:52:54.519163	u/natetehperson	fle7m88	u/RandomUsernameBad	fle6vmi	C
2020-03-24 15:53:00.165370	u/Griffindoar	fle7mbw	u/WhiteFang1001	fle041d	C
2020-03-24 15:53:18.852145	u/GoFeckYourself69	fle7mxu	u/Potatotheooflord	fl5lx1y	C
2020-03-24 15:53:22.030375	u/GeneralVincent	fle7n02	u/Einaroks	fldgpvr	C
2020-03-24 15:53:26.530815	u/X_Pilot97	fle7n4v	u/mysticwarrior222	fldmkb8	C
2020-03-24 15:53:29.884925	u/RustySesame	fle7n7z	u/epikvibes	fldz6fb	C
2020-03-24 15:53:39.855414	u/Anhilatr	fle7ngw	u/PenguinWithAglock	fkl03ep	C
2020-03-24 15:53:44.100452	u/FairbanksFishery	fle7nl0	u/eagleeggfry	fle7hjq	C
2020-03-24 15:54:10.409999	u/lebo16	fle7o8a	u/Beanster9886	fld8hmv	C
2020-03-24 15:54:26.398789	u/ShadowKnight__	fle7op8	u/Sweet_Mayhem	fle2dmp	C
2020-03-24 15:55:28.419425	u/E12472M	fle7qw2	u/ShowAbe	fl7oq7l	C
2020-03-24 15:55:39.286498	u/dubistlecker	fle7r56	u/ZbrojovkaBRNO	fle64sq	C
2020-03-24 15:55:41.427507	u/myaccgotbanned	fle7r8r	u/captainlevi123	fle735g	C
2020-03-24 15:55:50.985914	u/cerealkiller42069	fle7rnu	u/RepostSleuthBot	fldrnjd	C
2020-03-24 15:55:55.720076	u/TheRealKyJoe01	fle7ru9	u/Alackofnuance	flduf37	C
2020-03-24 15:55:57.712907	u/okboomerbud	fle7rwp	u/s1nlikem3	fle7a13	C
2020-03-24 15:56:00.544524	u/LionThe_Best	fle7rxz	u/mysticwarrior222	fldmkb8	C
2020-03-24 15:56:11.030960	u/brupmup	fle7scx	u/RepostSleuthBot	fldn9lv	C
2020-03-24 15:56:23.189286	u/TheGuywithBlades	fle7sm8	u/mkabvims	fle7gf5	C
2020-03-24 15:56:26.174321	u/Uknighted89	fle7soh	u/Lord_Grim_I3	fldshdr	C
2020-03-24 15:56:28.228001	u/Lestalto	fle7st9	u/epixgamer233	fle5r5z	C
2020-03-24 15:56:35.419318	u/Desperate-Presence	fle7svn	u/mysticwarrior222	fldmkb8	C
2020-03-24 15:56:48.331549	u/japiville	fle7thj	u/-NOT_INTERESTED-	fle72zj	C
2020-03-24 15:56:54.075902	u/PauSeAwesome	fle7tt5	u/dubistlecker	fle7nxb	C
2020-03-24 15:56:56.731937	u/KB-2	fle7tu9	u/RepostSleuthBot	fle7kbv	C
2020-03-24 15:57:10.185176	u/aritipandu_san	fle7usc	u/Mantthew	flcwpvz	C
2020-03-24 15:57:13.687561	u/LazarusShard	fle7uxh	u/mysticwarrior222	fldmkb8	C
2020-03-24 15:57:29.807400	u/TompusDeKat	fle7vkm	u/DeyCallItAMine	fldxm3o	C
2020-03-24 15:57:50.867169	u/Somerando68	fle7w52	u/RepostSleuthBot	fle7kxt	C
2020-03-24 15:57:53.311708	u/winnipeginstinct	fle7w6n	u/NotVladimirR	fldvfxg	C
2020-03-24 15:58:09.871054	u/SeizedCheese	fle7wjn	u/Radeczech2004	fld1cbf	C
2020-03-24 15:58:24.078575	u/SuperSonic486	fle7xcz	u/TheOneTEM	fle5jge	C
2020-03-24 15:58:35.387007	u/deathsquadbratss	fle7y55	u/Shaaheen69	fle738b	C
2020-03-24 15:58:55.346825	u/deepsum	fle7yzv	u/Kind-Pop	fl3zlqu	C
2020-03-24 15:59:07.757846	u/Meet-the-Merasmus	fle7zls	u/RepostSleuthBot	fldyi74	C
2020-03-24 15:59:13.465460	u/IMG_TurboRio	fle7zyy	u/HecateAthena	fle7jys	C
2020-03-24 15:59:17.379035	u/Crafty-Crafter	fle8084	u/FuzzBuzzPutty	fldon6j	C
2020-03-24 15:59:25.747721	u/boasbotas	fle80ip	u/LaganezSlayer69	fldyomc	C
2020-03-24 15:59:31.976935	u/German_Drive	fle80qj	u/hamidmahmoud	fle7wgl	C
2020-03-24 15:59:41.382119	u/leksp99	fle81yx	u/Jeynarl	fldcth5	C
2020-03-24 15:59:46.507972	u/Daria1112	fle825o	u/NowUKnowMyUsername	fle7bkv	C
2020-03-24 15:59:50.360582	u/Sword_Horse	fle82oa	u/RepostSleuthBot	fle65uc	C
2020-03-24 15:59:54.334431	u/Zpitfire_MK_VI	fle82ua	u/japiville	fle7thj	C
2020-03-24 15:59:58.782972	u/kasperdodo	fle82zy	u/Unknownghost17	fle5vr8	C
