2020-03-31 10:00:22.591541	u/ThatIcyCube	fm0oud9	u/chakibrzg	fsaqnr	S
2020-03-31 10:00:24.946109	u/pyromaniac089	fm0ouee	u/StellarSong	fm0ar0v	C
2020-03-31 10:00:28.441647	u/multifandomnewbee	fm0oufi	u/daltonpassmore18	fm0mxns	C
2020-03-31 10:00:30.807292	u/BlackBip	fm0ouil	u/Normie_579	fm0l1vf	C
2020-03-31 10:02:03.035632	u/Diosaccadimerda	fm0ox27	u/NguyenKhangThinh	flx4mgh	C
2020-03-31 10:02:10.612464	u/OkWall6	fm0oxir	u/dumpster-dachshund	fm0hyy3	C
2020-03-31 10:02:16.111644	u/Cristipiot07	fm0oxon	u/AlbinoLukaku	fm0lhdo	C
2020-03-31 10:02:21.160735	u/MelonsOfGod007	fm0oy0f	u/sleepygirlkate	flztpgm	C
2020-03-31 10:02:31.601993	u/Imnotinthefbi	fm0oy4v	u/SleepyRabbitXVI	fsbgq2	S
2020-03-31 10:02:45.589866	u/average_psychopath	fm0oymx	u/ToyTrainlandFan	fm0oqjq	C
2020-03-31 10:03:05.367387	u/lemonslip	fm0oz8n	u/Ethan10122004	fm0jzuf	C
2020-03-31 10:03:10.973351	u/MelonsOfGod007	fm0oza3	u/dwehlen	fm02mo1	C
2020-03-31 10:03:44.836233	u/RichardTheB-tchBoy	fm0p0a6	u/IchabodPrime	flz81lw	C
2020-03-31 10:03:46.912475	u/acki02	fm0p0bl	u/MatteCenza	fm0jid0	C
2020-03-31 10:03:51.499521	u/sepo69420	fm0p0ej	u/Fudgy-The-Whale	fm0j0i7	C
2020-03-31 10:03:53.572453	u/SQUIRTnCIDER	fm0p0f5	u/ToyTrainlandFan	fm0oqjq	C
2020-03-31 10:04:09.438907	u/RichardTheB-tchBoy	fm0p10i	u/RichardTheB-tchBoy	fm0p0a6	C
2020-03-31 10:04:23.264439	u/GarlicDaGhost	fm0p1kb	u/Boomerangle	fm0l8kb	C
2020-03-31 10:04:35.939375	u/FrecklyGinger	fm0p21i	u/zombienekers	fm0iwbb	C
2020-03-31 10:04:48.771576	u/helllguest	fm0p2bq	u/AK24ROCKS	fm0o92l	C
2020-03-31 10:04:57.466753	u/Pig_Of_Knowledge	fm0p2cr	u/chakibrzg	fsaqnr	S
2020-03-31 10:05:22.626514	u/XpertSavage	fm0p2yv	u/_ratio_tile	fm0il40	C
2020-03-31 10:05:24.516508	u/yoda06h	fm0p2zm	u/hardwarelarry	fm0awvd	C
2020-03-31 10:05:32.193583	u/reddityeet14	fm0p36g	u/ImLigma	fm0nogp	C
2020-03-31 10:05:57.387317	u/Skyrock907	fm0p40o	u/chakibrzg	fsaqnr	S
2020-03-31 10:06:10.309233	u/Amargosamountain	fm0p4nn	u/Urjr382jfi3	fm068n3	C
2020-03-31 10:06:18.341444	u/_bbuckley_	fm0p502	u/Deathnoob101	fm0otg3	C
2020-03-31 10:06:21.032495	u/dontneedanickname	fm0p55b	u/Azure_Palace	fm0np1i	C
2020-03-31 10:06:22.880720	u/Pyanyte	fm0p58x	u/ellfroid	fm0a0c4	C
2020-03-31 10:06:24.622267	u/stormknoght	fm0p5b2	u/Azure_Palace	fm0lfas	C
2020-03-31 10:06:29.966891	u/Amargosamountain	fm0p5lu	u/coco237	flzw5ql	C
2020-03-31 10:06:32.559514	u/HouseBesuch	fm0p5pp	u/XejgaToast	fm0leay	C
2020-03-31 10:06:35.210581	u/Nulight	fm0p5th	u/MurseNaygen	fm0kyhw	C
2020-03-31 10:07:22.586087	u/Tave-Pezz	fm0p7c3	u/rance_kun	fm0h4au	C
2020-03-31 10:08:00.088260	u/xXblueflames	fm0p8wt	u/oh_look_its_a_poob	fm0j1vw	C
2020-03-31 10:08:18.566154	u/DadBodftw	fm0p9ll	u/SQUIRTnCIDER	fm0p0f5	C
2020-03-31 10:08:20.592922	u/Gossguy	fm0p9oi	u/Eldondanenhauer	fm0eb94	C
2020-03-31 10:08:39.009111	u/El-taquito	fm0pafa	u/Real_Jesus_	fm0p6hv	C
2020-03-31 10:08:41.555866	u/Yeet_MammadOo	fm0pak6	u/JediDumbledore	fm0mw14	C
2020-03-31 10:08:51.680376	u/GarronBuck	fm0pavi	u/GenosseOle	fm0m919	C
2020-03-31 10:09:00.517345	u/TonkotsuBowl	fm0pbp4	u/_Teaa	fm0j1hk	C
2020-03-31 10:09:42.017051	u/Nauticalfish200	fm0pecl	u/yeeyeet236	fm0etxi	C
2020-03-31 10:09:43.988849	u/ratkermitssewerslide	fm0pemb	u/doggomemes77	flyasgw	C
2020-03-31 10:09:47.406487	u/layla-_-rose	fm0peor	u/gordon_madman	fm0nc8b	C
2020-03-31 10:09:48.928529	u/smol_catto_	fm0peu6	u/GoHeadsGo	fm0g4r1	C
2020-03-31 10:09:49.837533	u/robertofflandersI	fm0pexd	u/NoHonourAmongThieves	fm0oltd	C
2020-03-31 10:10:02.628954	u/KD73-YT	fm0pfyt	u/RyanLikesAntiques	fm0i6si	C
2020-03-31 10:10:16.826953	u/lifeasekansh	fm0pgbm	u/ifyougetit	fm0peul	C
2020-03-31 10:10:37.365235	u/Elmer_adkins	fm0ph9x	u/lobo06nyy	fm04uv5	C
2020-03-31 10:11:05.322344	u/LatifSC	fm0pi4g	u/ICqntA1m	fm0pcjf	C
2020-03-31 10:12:01.861529	u/DryRoastedAsparagus	fm0pkum	u/TheUltimatePotat0	fm0k0lu	C
2020-03-31 10:12:07.967831	u/Dead_Leox	fm0pl1k	u/Serby_25	fm026l9	C
2020-03-31 10:12:12.476038	u/deliciouscrab	fm0pl4v	u/BKA_Diver	fm0c0p7	C
2020-03-31 10:12:16.014001	u/joe-the-irational	fm0pl60	u/AutoModerator	flyj7d4	C
2020-03-31 10:12:48.945224	u/Fytik	fm0pm8w	u/mathsucks69	fm0bd3s	C
2020-03-31 10:13:29.653457	u/MemesAreAmasing	fm0pnck	u/Matimusho	fm0ktbp	C
2020-03-31 10:13:36.712703	u/Axemen3	fm0pnkx	u/Scupake	fm0o4kn	C
2020-03-31 10:13:45.339610	u/vulkur	fm0pnv1	u/Wasamolle	fm0bxyf	C
2020-03-31 10:13:47.450359	u/DirtyGreatBigFuck	fm0pnvn	u/upset_foreskin76	fm0b1wf	C
2020-03-31 10:14:04.741401	u/WaywardWoodsman	fm0po4s	u/thenobodydotcom	fm0mnc8	C
2020-03-31 10:14:32.217782	u/PhallicDragon	fm0ppid	u/ITSMONKEY360	fm0o3w5	C
2020-03-31 10:15:10.082351	u/That_random_poop	fm0pqt5	u/franmarsiglione	fm0pih6	C
2020-03-31 10:15:25.742967	u/GuyWhoBreathes	fm0prfl	u/fantastich_freidrich	fm07niw	C
2020-03-31 10:15:39.529004	u/not_anakin	fm0ps04	u/DadBodftw	fm0p9ll	C
2020-03-31 10:15:43.730029	u/Protvod	fm0ps93	u/AlbinoLukaku	fm0n10e	C
2020-03-31 10:16:19.642487	u/retardedpineapple69	fm0ptom	u/Deathnoob101	fm0pkd0	C
2020-03-31 10:16:31.538927	u/Zyemlus	fm0pu49	u/sacialan	fm0pqeq	C
2020-03-31 10:16:37.092544	u/Unevenarthur	fm0pu82	u/Gundza_zemiakov	fm0pdag	C
2020-03-31 10:16:44.519410	u/HennyGawd	fm0pujp	u/anonym_00	fm0odjg	C
2020-03-31 10:17:04.377342	u/LarryMcCluck	fm0pvbk	u/plenebo	flzuseq	C
2020-03-31 10:17:08.014031	u/Gullible_Buddy	fm0pvha	u/supercoolfluid	fm0knbf	C
2020-03-31 10:17:19.861968	u/Grusslen22	fm0pvz4	u/overlord_of_cringe	fm0oik8	C
2020-03-31 10:17:49.322356	u/r0xANDt0l	fm0pwvd	u/MaxzFate	fm0ckd0	C
2020-03-31 10:17:54.839979	u/ozkan999	fm0px77	u/Azure_Palace	fm0np1i	C
2020-03-31 10:18:13.303763	u/themauryan	fm0pxyv	u/VangeeOP	fm0pfjj	C
2020-03-31 10:18:20.904807	u/RawCarver	fm0pyej	u/Dude_von_Duden	fm0pvtj	C
2020-03-31 10:18:44.852278	u/LeGamer_Dude	fm0pzja	u/dumpster-dachshund	fm0hyy3	C
2020-03-31 10:18:55.714097	u/Housecat-in-a-Jungle	fm0q048	u/birkangunbey	fm0cuo7	C
2020-03-31 10:19:02.587537	u/Cheezornator	fm0q0iy	u/Imagine-existance	fm0mase	C
2020-03-31 10:19:05.547365	u/IIFlickerII	fm0q0z6	u/TypicalRaptor64	fm07opq	C
2020-03-31 10:19:10.059376	u/DustyDayz	fm0q1ae	u/MrSchnapskatze	fm0fxqe	C
2020-03-31 10:19:38.879673	u/JOM42083	fm0q3n0	u/CaptainFett6001	fm0pz1h	C
2020-03-31 10:19:42.796003	u/Nose-Trimmer	fm0q3u8	u/GoldenBG	fm09avb	C
2020-03-31 10:19:43.545356	u/NotRyanDunn	fm0q3v8	u/TheCoyne	fm0q30e	C
2020-03-31 10:19:51.264470	u/Namjoon-ah	fm0q4qi	u/bastard9000	fm02kdd	C
2020-03-31 10:20:11.148225	u/RealVincentCoucke	fm0q5jk	u/TheChocolateCray	fm0pt93	C
2020-03-31 10:20:20.668910	u/daddy_dangle	fm0q5qy	u/GenosseOle	fm0o89u	C
2020-03-31 10:20:30.112749	u/freak2005	fm0q659	u/cupcakeduck	fm0koah	C
2020-03-31 10:20:35.007723	u/DingusMcAnus	fm0q6bm	u/thejman134	flp76cr	C
2020-03-31 10:20:52.775242	u/2Alien4Earth	fm0q6q7	u/CGNurse0506	fm0mzm5	C
2020-03-31 10:20:58.581627	u/vir7uallllllll	fm0q70u	u/Ryan8088	fl2jtge	C
2020-03-31 10:21:06.531511	u/3miri	fm0q7bv	u/Jeefly420	fm0mnta	C
2020-03-31 10:21:20.549709	u/alienozi	fm0q7s0	u/i-feed-on-memes	fm0q1xx	C
2020-03-31 10:21:48.808087	u/flame_wolfee	fm0q8kd	u/AlbinoLukaku	fm0l2jj	C
2020-03-31 10:22:36.860441	u/TKristof	fm0qa4j	u/zubat23	fm0ozw8	C
2020-03-31 10:23:22.491858	u/kkkolaa	fm0qbcc	u/Armadill0420	fm0p31v	C
2020-03-31 10:23:34.972490	u/FrenchToe	fm0qbx0	u/AlbinoLukaku	fm0l2jj	C
2020-03-31 10:24:04.031132	u/Schroeder226	fm0qdl2	u/Prime984	fm0g1ni	C
2020-03-31 10:25:11.581694	u/Arvind11747	fm0qgh0	u/VangeeOP	fm0ofpj	C
2020-03-31 10:25:33.056278	u/DoggoMeister01	fm0qhlu	u/AlbinoLukaku	fm0l2jj	C
2020-03-31 10:25:45.785810	u/SuperSonicForce	fm0qi1j	u/Pottermore1024	fm0qh2c	C
2020-03-31 10:26:04.532459	u/mauksta	fm0qj0b	u/UUYTK	fm0hu48	C
2020-03-31 10:26:17.149083	u/taog1234568	fm0qju6	u/AlbinoLukaku	fm0mbrp	C
2020-03-31 10:26:20.494205	u/OoogaBooga2121	fm0qjum	u/a_reader_boi	fm0lkh6	C
2020-03-31 10:26:30.464281	u/ianmemeplayer	fm0qk9y	u/XejgaToast	fm0leay	C
2020-03-31 10:26:32.311178	u/SirMeepo	fm0qkal	u/spacincommie	fm08ybm	C
2020-03-31 10:26:39.899089	u/goatofglee	fm0qkn9	u/Tinywhooppro	flzt709	C
2020-03-31 10:26:44.282584	u/thatgermanlad	fm0qkpm	u/Elbers2	fm0olgw	C
2020-03-31 10:26:47.957862	u/tommyo19	fm0qkwo	u/Iam-KD	fm0pzsx	C
2020-03-31 10:27:00.970140	u/I_ate_mygrandma	fm0ql80	u/Mr-snook	fm0peov	C
2020-03-31 10:27:32.227696	u/Wack0_	fm0qmrc	u/AutoModerator	fm0qdon	C
2020-03-31 10:27:45.424069	u/BluePickledOnion	fm0qn3t	u/ZakTSK	flqv8my	C
2020-03-31 10:29:08.073977	u/Goodgamerguy023	fm0qqmu	u/soojiboy	fm0ec1m	C
2020-03-31 10:29:19.561321	u/SquidDerplord	fm0qr6w	u/Nate_Calman	fm0p3ta	C
2020-03-31 10:29:23.335516	u/Quaterbloodprince	fm0qrgr	u/AkshatC07	fm0qhk2	C
2020-03-31 10:29:24.754494	u/rondasia	fm0qrk5	u/Coolguy10114312	fm0phe4	C
2020-03-31 10:29:33.428894	u/ahspedos	fm0qrww	u/LlamaLandon69	fm0qr39	C
2020-03-31 10:29:38.965044	u/TheBones123	fm0qrxe	u/Serby_25	fm026l9	C
2020-03-31 10:29:43.976990	u/suomikim	fm0qscw	u/Nokoppa	flzfnia	C
2020-03-31 10:29:44.714327	u/onion_UwU	fm0qsd2	u/Jeefly420	fm0q8k7	C
2020-03-31 10:29:45.476302	u/Hooded56	fm0qsgm	u/Iguessgamesarecool	fm0pt8v	C
2020-03-31 10:29:52.356155	u/ikeepwipingSTILLPOOP	fm0qssp	u/Seblington11	fm0nehq	C
2020-03-31 10:29:53.189691	u/CoryDeRealest	fm0qsue	u/alii-b	fm0amja	C
2020-03-31 10:30:46.518088	u/Darth_Travisty	fm0quvz	u/charizardfan101	fm0lyu0	C
2020-03-31 10:31:04.337889	u/LegendWait4it	fm0qvgn	u/AlbinoLukaku	fm0l2jj	C
2020-03-31 10:31:28.379109	u/hunchybunchy101	fm0qw9v	u/Gullible_Buddy	fm0qs1c	C
2020-03-31 10:31:36.415482	u/Music_On_me	fm0qwhn	u/RichardTheB-tchBoy	fm0parz	C
2020-03-31 10:31:42.229775	u/Arcusus	fm0qwmd	u/Respect_Paying_Bot	fm0oo3b	C
2020-03-31 10:31:56.172619	u/ForsakenCryz	fm0qwz3	u/dead_girl_	fm0qu4a	C
2020-03-31 10:31:59.470665	u/diogenesjunior	fm0qx12	u/CaptainFett6001	fm0pz1h	C
2020-03-31 10:32:27.584293	u/Mrucktastic	fm0s3fj	u/daltonpassmore18	fm0mxns	C
2020-03-31 10:32:34.386404	u/Ahmed7Akkar	fm0s3l2	u/RepostSleuthBot	fm07fo1	C
2020-03-31 10:33:18.224760	u/callmedemorex	fm0s557	u/NotRyanDunn	fm0dp25	C
2020-03-31 10:33:24.228986	u/kwiruk	fm0s5hc	u/AsaduzZamanAZ	fs98g3	S
2020-03-31 10:33:34.268507	u/Us3rn4m3Alr34dyT4k3n	fm0s624	u/GoHeadsGo	fm0g4r1	C
2020-03-31 10:33:57.419170	u/Jazzlike-Salamander	fm0s6n3	u/Respect_Paying_Bot	fm0s1xn	C
2020-03-31 10:34:18.903143	u/tacmed85	fm0s7ay	u/Boomerangle	fm0l8kb	C
2020-03-31 10:34:39.978431	u/HPtheButterfree	fm0s7vc	u/Total-Mustard	fm0pqt7	C
2020-03-31 10:34:43.288108	u/notorious-bil	fm0s845	u/Normie_579	fm0l1vf	C
2020-03-31 10:34:54.075626	u/ElementsUnknown	fm0s8j7	u/Brraaapppppp	fsdvcb	S
2020-03-31 10:35:05.188016	u/wizmarco	fm0s8ro	u/Themadschoolbus	fm0r54o	C
2020-03-31 10:35:10.235793	u/Raphelm	fm0s8wj	u/1ts2EASY	fm0p7ci	C
2020-03-31 10:35:27.516671	u/Bigsmoge	fm0s9fx	u/santoni04	fm0s2sw	C
2020-03-31 10:35:30.384905	u/hon_oui_baguette	fm0s9j5	u/drissdoesnotexist	fm0kbib	C
2020-03-31 10:35:32.323634	u/Daredevil113	fm0s9oe	u/Sona7a	fm0b596	C
2020-03-31 10:36:08.298654	u/ShadowOfEnder-YT	fm0satf	u/faab64	fm0rf4l	C
2020-03-31 10:36:15.149608	u/SythIAm	fm0sb05	u/Scorpionbutwithaface	fm0nppl	C
2020-03-31 10:36:16.963295	u/Lieuwe21	fm0sb27	u/Azure_Palace	fm0np1i	C
2020-03-31 10:36:29.749400	u/deadpooliothegreat	fm0sbja	u/OWNPhantom	fm0elbb	C
2020-03-31 10:36:35.230752	u/autumnheadpats	fm0sbz2	u/ColourMachine	fm0juah	C
2020-03-31 10:37:16.581079	u/MrBeardmeister	fm0sdw8	u/ikemike008	fm0os39	C
2020-03-31 10:37:43.427254	u/StrangerDragos	fm0setl	u/iS3ed	fm0s8m0	C
2020-03-31 10:37:51.878017	u/hopskipjump123	fm0sf8n	u/AlbinoLukaku	fm0n10e	C
2020-03-31 10:38:13.093076	u/HoboBoi8765	fm0sg1b	u/MegaGrimer	fm0k31h	C
2020-03-31 10:38:21.106330	u/Bjoiuzt	fm0sgeh	u/RepostSleuthBot	fm0m1ot	C
2020-03-31 10:38:42.649506	u/The-German_Guy	fm0sh8y	u/Jawadude8	fm0jh9y	C
2020-03-31 10:38:43.869835	u/laugrilli	fm0shay	u/AutoModerator	flzsi8b	C
2020-03-31 10:38:52.434055	u/eligo_xv3	fm0shm3	u/hon_oui_baguette	fm0s9j5	C
2020-03-31 10:39:06.538095	u/dontputyour	fm0si15	u/jellofishsaywhat	fly9qoy	C
2020-03-31 10:39:29.599390	u/A0rta01	fm0sj2s	u/vulkur	fm0scuj	C
2020-03-31 10:39:30.933870	u/DaMemeGod	fm0sj5d	u/notasbruh	fm0mnku	C
2020-03-31 10:39:37.625920	u/RawZuccSauce420	fm0sjlp	u/CharmingWeight1	fm0hwaj	C
2020-03-31 10:39:40.602564	u/AverageMaple170	fm0sjsv	u/defohuman	fm0seej	C
2020-03-31 10:39:52.205302	u/Joyfulintrovert	fm0skpb	u/Normie_579	fm0l1vf	C
2020-03-31 10:40:03.236895	u/TheViolat0r	fm0sl7b	u/KJTGamer1	flgu33l	C
2020-03-31 10:40:10.809878	u/SirYup69	fm0sl9l	u/crazyman1993	flzis6c	C
2020-03-31 10:40:47.266682	u/sorebuttne	fm0smay	u/-The-Goose0-	fm0s8rz	C
2020-03-31 10:40:49.698438	u/iamElectro2	fm0smb5	u/Jarod_S	fm0g61a	C
2020-03-31 10:41:03.629259	u/meatman_plays	fm0smn9	u/Hooded56	fm0qsgm	C
2020-03-31 10:41:28.045144	u/mohemeth	fm0snmi	u/AlbinoLukaku	fm0mh39	C
2020-03-31 10:41:49.562597	u/angryd0g	fm0soht	u/MurseNaygen	fm0mij9	C
2020-03-31 10:42:13.795549	u/iamElectro2	fm0spk6	u/iamElectro2	fm0smb5	C
2020-03-31 10:42:19.004267	u/Totally-A-Dragon	fm0spo9	u/GoldenBG	fm09avb	C
2020-03-31 10:42:36.358398	u/Nazrael75	fm0sqcf	u/yentl04	fm085hn	C
2020-03-31 10:42:58.543407	u/ya-like-jazzzz	fm0squq	u/ImLazyGarbage	fm0skif	C
2020-03-31 10:43:31.565223	u/Additional-Shoulder	fm0srv3	u/DerangedAlien	flz56ka	C
2020-03-31 10:43:36.284642	u/Danksnom	fm0ss13	u/Axemen3	fm0pnkx	C
2020-03-31 10:43:39.734926	u/RipADCarry	fm0ssba	u/DiddyDaedric	fm0hrhi	C
2020-03-31 10:43:47.265928	u/lonlywanderer2970	fm0ssrc	u/RepostSleuthBot	fm0srgj	C
2020-03-31 10:43:58.097146	u/culturerush	fm0st2p	u/MurseNaygen	fm0kyhw	C
2020-03-31 10:44:07.469368	u/IncRaz	fm0stdc	u/Emperor_O_Memes	fm0qzhj	C
2020-03-31 10:44:10.531330	u/Ani____	fm0stin	u/eligo_xv3	fm0shm3	C
2020-03-31 10:44:26.640502	u/ukgxBigDog	fm0strh	u/natbrooks406	fm0p6u3	C
2020-03-31 10:44:28.843513	u/Mammoth-Crow	fm0stse	u/HamedAliKhan	fm09bon	C
2020-03-31 10:44:44.670537	u/LordChappers	fm0sudt	u/chaseprovost21	fm0qxfd	C
2020-03-31 10:45:38.889904	u/Mecalico	fm0svtz	u/straightyoshi420	fm0muyq	C
2020-03-31 10:45:47.542223	u/Rocketblast25	fm0sw6z	u/Http-Chief	fl5oo5h	C
2020-03-31 10:45:49.474985	u/Qurisssi	fm0sw77	u/Hooded56	fm0qsgm	C
2020-03-31 10:46:02.621815	u/AlikzFN	fm0swry	u/FaintedTreecko	fm0ro2p	C
2020-03-31 10:46:14.918031	u/AlikzFN	fm0sxgi	u/jar-jarbinksisasith	fm0rlb9	C
2020-03-31 10:46:58.166293	u/Aggravating-Falcon	fm0sz8y	u/warframefan420	fm0ljfb	C
2020-03-31 10:47:10.668525	u/stoppanikan	fm0szig	u/SlowjoeTheTortoise	fm0swv0	C
2020-03-31 10:47:19.004229	u/MasterBeeef12	fm0szqp	u/Protvod	fm0ps93	C
2020-03-31 10:47:20.702100	u/carousel-on-fire	fm0szuo	u/mujtabaabdullah225	fm0m6lw	C
2020-03-31 10:47:54.215007	u/Anishthdev	fm0t14i	u/Evil_Boi_Deku	fm0snvm	C
2020-03-31 10:47:59.348894	u/milocurran	fm0t1d7	u/HennyGawd	fm0pujp	C
2020-03-31 10:48:32.359103	u/CptCrunch724	fm0t348	u/notasbruh	fm0mnku	C
2020-03-31 10:49:14.399754	u/elakrim	fm0t53v	u/klensTDP	fm0eocw	C
2020-03-31 10:49:21.555397	u/crusadetime69	fm0t5rc	u/not_anakin	fm0sg40	C
2020-03-31 10:49:23.191205	u/Artificerofdeath	fm0t5rv	u/ThatEDMGeek	fm0skv3	C
2020-03-31 10:49:48.622166	u/Big_Zilla2017	fm0t6k2	u/AutoModerator	fm0arpc	C
2020-03-31 10:50:12.394848	u/my_shadow_life	fm0t8fg	u/CaseOfWater	fm0kli5	C
2020-03-31 10:50:45.935615	u/ranoss	fm0t9h2	u/Boudac123	fm0rt2f	C
2020-03-31 10:50:49.623613	u/Sizimari	fm0t9kb	u/derdestroyer2004	fsduzz	S
2020-03-31 10:50:51.983770	u/JayTe27	fm0t9kp	u/Dark_One251	fm0redz	C
2020-03-31 10:50:54.377838	u/SmoothPanda999	fm0t9l1	u/BlackBip	fm0ouil	C
2020-03-31 10:51:02.390693	u/dumbestbell	fm0ta3b	u/MurseNaygen	fm0kyhw	C
2020-03-31 10:51:04.676597	u/basic-user_No-6969	fm0ta41	u/dark007shade	flzw0ti	C
2020-03-31 10:51:26.767986	u/Jebedajah	fm0tb8d	u/fualtyzane	flz9y72	C
2020-03-31 10:51:30.102099	u/Reivazx_Eleets420	fm0tbbl	u/AlbinoLukaku	fm0l2jj	C
2020-03-31 10:51:46.950552	u/orenjisan123	fm0tc2g	u/Artificerofdeath	fm0t5rv	C
2020-03-31 10:51:50.601869	u/luma141134	fm0tc4k	u/Azure_Palace	fm0lfas	C
2020-03-31 10:52:06.743954	u/Drai456	fm0tcof	u/Napalm_B	fm0riea	C
2020-03-31 10:52:15.696704	u/PluciferInvi	fm0td0e	u/derdestroyer2004	fm0t9ha	C
2020-03-31 10:52:27.929771	u/GamerGod337	fm0tdcf	u/Szimplacurt	fm0b21n	C
2020-03-31 10:53:27.972843	u/Vzr868	fm0tfb5	u/L0rdOfBac0n	fm0tary	C
2020-03-31 10:53:46.214285	u/clockworkv39	fm0tgej	u/justcatt	fm0hv89	C
2020-03-31 10:53:50.647102	u/retasaywa	fm0tgmi	u/FreddyKrum	fm0ljqc	C
2020-03-31 10:53:53.709463	u/ceres_csgo	fm0tgp8	u/Mashuuux	fm0ji8g	C
2020-03-31 10:54:24.627380	u/Lord_Bofadese37	fm0thq1	u/FalteringNews	fm0r59h	C
2020-03-31 10:54:32.685039	u/twoPillls	fm0ti09	u/Sniaght	fm0ji1f	C
2020-03-31 10:55:09.269257	u/andergriff	fm0tjnb	u/MafiaHen	flzcoos	C
2020-03-31 10:55:20.567908	u/kingnightmareshadows	fm0tjza	u/OkWall6	fm0p5lw	C
2020-03-31 10:55:54.317068	u/GreatMetro	fm0tl6x	u/fishfiftie	fm096ya	C
2020-03-31 10:56:23.497922	u/bowspyguy	fm0tm67	u/orenjisan123	fm0tc2g	C
2020-03-31 10:56:41.035585	u/WagglyPotay	fm0tmy1	u/D13XD	fm0q2zf	C
2020-03-31 10:57:44.157173	u/Vinium	fm0tpaz	u/SeperiorGT	fm0tiaz	C
2020-03-31 10:57:48.267972	u/GrooseWithAnOop	fm0tpl9	u/Bluegriffin0999	flzt1vv	C
2020-03-31 10:57:57.128816	u/SabreBlade21	fm0tpzp	u/shaz_in	fm0al5g	C
2020-03-31 10:58:09.273177	u/Darth_Vile	fm0tqhl	u/-BlasterMan-	fm0oq52	C
2020-03-31 10:58:20.878739	u/think_lemons	fm0tqzn	u/G0DW1N14	fm0rgi5	C
2020-03-31 10:58:33.930366	u/kollarb	fm0trck	u/meming_gamer	fm0pjmz	C
2020-03-31 10:58:37.326012	u/WholeBowl15	fm0trj2	u/xXkxuXx	fm0sn58	C
2020-03-31 10:58:42.869189	u/phigola	fm0trv7	u/LeGeekEnCravate	fm0sqk6	C
2020-03-31 10:59:18.121768	u/TonyDerEchte	fm0tu5l	u/Frosty_Clown	fm0tj7i	C
2020-03-31 10:59:19.209692	u/ChrunedMacaroon	fm0tu5p	u/SirShrekTheBrave21	fm0ac9w	C
2020-03-31 10:59:29.581773	u/BlackDragon2709	fm0tv27	u/Titan2562	fm0qxhv	C
2020-03-31 10:59:51.770718	u/TonyTerracotta	fm0twf0	u/Thanosboi86	fm0t82l	C
