2020-03-26 20:00:03.871104	u/thisisabujee	fllsmhc	u/peabut_nutters	flk401s	C
2020-03-26 20:00:15.449616	u/Embarrassed-Smoke	fllsmu1	u/-_-Lily-_-	fllnkuk	C
2020-03-26 20:00:35.451645	u/TKTems	fllsni5	u/Black-Chicken447	fllsk4l	C
2020-03-26 20:01:35.567530	u/J2kNeOn	fllsptc	u/RepostSleuthBot	fllhdgz	C
2020-03-26 20:02:20.228069	u/RiertirlRndm1	fllsqws	u/fualtyzane	fllr6iw	C
2020-03-26 20:02:22.412298	u/SirBoomtastic	fllsqzz	u/SerStoneheart	fllhfj5	C
2020-03-26 20:03:00.122465	u/JevvyMedia	fllssi9	u/VegisamalZero3	fll3unu	C
2020-03-26 20:03:10.688526	u/bebelmatman	fllssy7	u/Embarrassed-Smoke	fllsmu1	C
2020-03-26 20:03:29.811355	u/Gotagrip1	fllsu3p	u/JakeTheSandMan	flljlog	C
2020-03-26 20:03:33.014114	u/Russiandove2	fllsu5q	u/Anay_Singh	flk50zv	C
2020-03-26 20:04:05.742453	u/_orion_1897	fllsvbi	u/god_peepee	fll97iq	C
2020-03-26 20:04:10.637352	u/659507	fllsvl6	u/atalkingfish	fllich9	C
2020-03-26 20:04:51.006365	u/Just_A_Bub	fllswrc	u/LW23301	fllkwrz	C
2020-03-26 20:04:54.999128	u/theswagranger	fllsww7	u/fualtyzane	fllrnqv	C
2020-03-26 20:05:03.151329	u/ThePukkeryGuy	fllsx1c	u/basementlord69420	fllnj1w	C
2020-03-26 20:05:16.567694	u/NewToLife69420	fllsxk5	u/xander1002	fllswen	C
2020-03-26 20:05:19.477104	u/blazedchu420	fllsxrs	u/kash_ak	fllifq7	C
2020-03-26 20:05:35.849061	u/wizaardman	fllsyfq	u/AutoModerator	fllsff6	C
2020-03-26 20:05:51.830568	u/ymonger	fllsysz	u/TheLegendTwendyone	fllb2j4	C
2020-03-26 20:05:53.771899	u/Data_Mime	fllsyu1	u/AVerySteamedHam	flll1hf	C
2020-03-26 20:06:04.794269	u/AtomicPunk	fllszpd	u/OfTheWhat	flld8iq	C
2020-03-26 20:07:28.035241	u/Kilulha	fllt2a8	u/Dj_Rowan31	fllsnw0	C
2020-03-26 20:07:31.133874	u/cammm1234	fllt2gu	u/Sprock--ey	fllps0l	C
2020-03-26 20:07:32.682540	u/FriskDreemurr32	fllt2in	u/659507	flls5v2	C
2020-03-26 20:07:44.572415	u/BobJrBob69	fllt38r	u/5ky999	fllsp61	C
2020-03-26 20:08:26.066295	u/QueenAnneBoleynTudor	fllt5rx	u/Alram69	fllk157	C
2020-03-26 20:08:30.693485	u/BrofessorSam87	fllt5vz	u/Timmy0240	fllt0nx	C
2020-03-26 20:08:35.485838	u/HeellSong	fllt63v	u/Thunderhunterftw	fllsrxt	C
2020-03-26 20:08:37.974714	u/I_like_trains_lol	fllt69m	u/DontStealMyPotato	fllngsz	C
2020-03-26 20:09:20.662813	u/saladboylol	fllt8ks	u/s1ibedr1ll	flk83ts	C
2020-03-26 20:09:26.830132	u/Devil_Gamer_69420	fllt8qc	u/NikosHaliotis	fllkhn2	C
2020-03-26 20:09:29.834916	u/Dosengandalf	fllt8xf	u/cringememer420	fllsfmx	C
2020-03-26 20:09:40.861532	u/Wayward-Dredgen	fllt9ri	u/green_lean_peen	fllaucw	C
2020-03-26 20:09:48.172325	u/BuckySpanklestein	flltath	u/leko-baye	fllsxja	C
2020-03-26 20:09:52.956123	u/FFLV3	flltbp2	u/ninjasoul534	fllogpm	C
2020-03-26 20:09:54.630571	u/Squidward1750	flltbt7	u/DownvoteDaemon	fllls26	C
2020-03-26 20:09:56.826625	u/Dualion	flltbyr	u/Jbrawlman448	fllsisw	C
2020-03-26 20:10:09.485713	u/Gaster_Thrasher_TM	flltc4b	u/Fish_Falling	fllfn23	C
2020-03-26 20:10:32.178203	u/Autisticsatan	flltcxp	u/letsgetitnah	fllp2n1	C
2020-03-26 20:11:05.935919	u/TheIdSay	flltdt9	u/VegisamalZero3	fllrelc	C
2020-03-26 20:11:19.483721	u/BrandoMendo	fllte0p	u/BobJrBob69	flltcuw	C
2020-03-26 20:11:21.757383	u/MaddieDogRescuer	fllte0y	u/DontStealMyPotato	fllnhza	C
2020-03-26 20:11:33.203214	u/ColonKreamer	flltefj	u/Mistere6	flllaz0	C
2020-03-26 20:11:47.312263	u/Papa_kAaPpA	fllteu5	u/Xploiter_RBLX	fllcgi3	C
2020-03-26 20:12:10.699743	u/picclebro	flltfex	u/Holy_Stingray	fllt2er	C
2020-03-26 20:12:25.571079	u/WeirdCatGuyWithAnR	flltfrj	u/TheAlienMan33	fllokie	C
2020-03-26 20:12:35.547854	u/TheOGSunk	flltfz0	u/letsgetitnah	fllp2n1	C
2020-03-26 20:12:51.260846	u/N1ll3R5	flltg6k	u/Shamuthegoat	fllsrhg	C
2020-03-26 20:13:29.040516	u/The_Shittiest_Meme	fllthld	u/CosmicMemeMan	flkelg6	C
2020-03-26 20:13:58.878378	u/Deffo_Not_A_Trap	fllti2y	u/KatanaLama	fll03j9	C
2020-03-26 20:14:16.042653	u/AnnonymousHoodie	flltifj	u/Princeps_Mortis	fllre8r	C
2020-03-26 20:14:20.316521	u/imnotcryinyourcryin	flltiod	u/CrimsonTweedle	fllsxy1	C
2020-03-26 20:14:45.397188	u/VNCGames	flltk0r	u/N1ll3R5	flltg6k	C
2020-03-26 20:14:57.557378	u/theGastone	flltkcn	u/justbc324	fllpq44	C
2020-03-26 20:15:19.535060	u/terrock1863	flltlmf	u/Will_Kirkwood98653	flf7k2k	C
2020-03-26 20:15:34.020086	u/Clever_Username06	flltm7w	u/Nash_underscore	flltkhc	C
2020-03-26 20:16:19.586466	u/ChivalrousDragon	flltnkr	u/Holy_Stingray	fllth1z	C
2020-03-26 20:16:27.342858	u/mankeymus	flltnr3	u/pandi166	flljmhw	C
2020-03-26 20:16:29.078780	u/anosu	flltnrh	u/Alram69	fllk157	C
2020-03-26 20:16:49.891511	u/Fileobrother	flltote	u/Enforcement94	fllnmz4	C
2020-03-26 20:17:02.107346	u/ali3nbabyisme	flltp5q	u/Brandoom12	fllbvuf	C
2020-03-26 20:17:35.369466	u/Legendary-Vegetable	flltqls	u/PoTateoBTW	fllt6mn	C
2020-03-26 20:17:48.510578	u/23memez4u	flltrgq	u/KinkyGCM	flltnem	C
2020-03-26 20:17:55.697914	u/torto505	flltrkq	u/AwareSpring708	fl7t75a	C
2020-03-26 20:17:58.733850	u/finnfiction	flltrpb	u/MiddleBox18	flktnrn	C
2020-03-26 20:18:07.330578	u/Schallplatte123	flltrzs	u/sukmikehoc	flloi5c	C
2020-03-26 20:18:14.517058	u/Blindboiiiiii	flltsef	u/AutoModerator	flltne9	C
2020-03-26 20:18:27.478873	u/Myoxis	flltt6t	u/Red-Baron05	flj18r3	C
2020-03-26 20:19:02.133563	u/Idman799	flltvst	u/shewasaskater_boy	fll7w9z	C
2020-03-26 20:19:04.980721	u/321memesaregood123	flltw2k	u/shewasaskater_boy	fll7w9z	C
2020-03-26 20:19:07.271740	u/TheClevernickname	flltw9c	u/fualtyzane	fllsf6r	C
2020-03-26 20:19:08.416968	u/FittywonFitty	flltwa0	u/Dmanz21	fllks2z	C
2020-03-26 20:19:26.161273	u/Samy_Ssl	flltx9e	u/kingme805	fll2wgd	C
2020-03-26 20:19:27.147875	u/-AirplaneShane-	flltxas	u/OfTheWhat	flltcp5	C
2020-03-26 20:19:29.310922	u/jordan_dolezal	flltxdn	u/RepostSleuthBot	flljeiv	C
2020-03-26 20:19:51.280347	u/dsconnelly5	flltybw	u/FloweyTheFlowerYT	fllqoix	C
2020-03-26 20:19:52.429496	u/kakahihirara	flltyes	u/MeunsterCheeseMan	fllt7i3	C
2020-03-26 20:19:54.025436	u/__Spin360__	flltyp1	u/toothed_mustard_jar	fllp0q3	C
2020-03-26 20:19:59.160696	u/JoyJoy_	flltz1u	u/SlavBoy47	flklp08	C
2020-03-26 20:20:03.045696	u/Junior-gurrola-jr	flltzad	u/theyeeter49	fllg90a	C
2020-03-26 20:20:30.426360	u/NigelThornberry2	fllu08o	u/RepostSleuthBot	flltp3a	C
2020-03-26 20:21:40.509196	u/Motherheqqer	fllu2t9	u/man-who-says-bagel	fljl6bc	C
2020-03-26 20:21:57.023780	u/Shapen360	fllu318	u/SaulsaWithChips	fllrzxb	C
2020-03-26 20:22:16.262266	u/JellyBeanDX	fllu3ek	u/fualtyzane	fllslnm	C
2020-03-26 20:22:29.317659	u/Kewbish	fllu3xf	u/serial_code_r	flk63xm	C
2020-03-26 20:22:37.152944	u/audrey_666	fllu45h	u/emirsurmen	fpiqvk	S
2020-03-26 20:22:43.815477	u/Deddmeet	fllu4f3	u/METHlun	fllmxlb	C
2020-03-26 20:23:06.372365	u/Rekrios	fllu529	u/Dayma_life	flls8r2	C
2020-03-26 20:23:22.473085	u/thereal_mya	fllu659	u/kingme805	fll2wgd	C
2020-03-26 20:23:31.997151	u/Outhouse069	fllu6fd	u/OfficialJellyJosh	fllnll6	C
2020-03-26 20:23:38.710571	u/deathclawiii	fllu6md	u/farisisgoingtokillu	fll3u3h	C
2020-03-26 20:24:34.683429	u/Akomatai	fllu8nj	u/NoodleSaidSo	fllbtpq	C
2020-03-26 20:24:58.376705	u/Auvaraa	fllu9ru	u/GouRouxCuber	fllt047	C
2020-03-26 20:25:00.387947	u/thejuiceisguilty	fllu9u8	u/theGastone	flltkcn	C
2020-03-26 20:25:09.512802	u/M0LDY_GARLIC	fllua1k	u/LordJayfeather	fllqkhz	C
2020-03-26 20:25:32.601500	u/Starlord107	flluaxs	u/DCCXXVIII	fllkobc	C
2020-03-26 20:25:39.890199	u/QuibblingWarbler	fllubg3	u/fualtyzane	fllthba	C
2020-03-26 20:25:59.793174	u/RichDawg02	flluc4d	u/Tru_Drone_Videos	flltvbi	C
2020-03-26 20:26:07.752293	u/WolfGuard_	fllucf6	u/bigchillsharky	flkeif1	C
2020-03-26 20:26:19.373805	u/zertka	fllucqs	u/ExistingSugar	fllqgcb	C
2020-03-26 20:26:41.734949	u/FunSizedWeeb	fllue02	u/starbound_terrarian	fllu4vk	C
2020-03-26 20:26:52.036604	u/dead_named	flluejq	u/fualtyzane	flkyr66	C
2020-03-26 20:26:55.353133	u/ScruffleMcDufflebag	flluere	u/LastgenKeemstar	flld37b	C
2020-03-26 20:27:00.523308	u/tdavis_003	flluexv	u/DanKou237	flk1k13	C
2020-03-26 20:27:20.759682	u/vebfinn02	fllufua	u/ThisIsSuperFunny	fll13k2	C
2020-03-26 20:27:30.713716	u/StupidRock84	fllug5r	u/dpo466321	flluelh	C
2020-03-26 20:27:32.361915	u/insertslappingnoise	fllug69	u/cammm1234	flltemh	C
2020-03-26 20:27:48.715263	u/Jebediah_Bush	flluge4	u/racerfree	flkmo4q	C
2020-03-26 20:27:50.841044	u/NotHalfGood	fllugfz	u/fualtyzane	fllqwg6	C
2020-03-26 20:28:06.585359	u/ZackTheFirst	fllugyi	u/capitalistpiggy22	fllst3a	C
2020-03-26 20:28:28.793978	u/lookapotatoflying	flluhr7	u/DontStealMyPotato	fllngsz	C
2020-03-26 20:28:37.818660	u/godsutters	fllui8f	u/Evolution-is-a-fact	fllrll7	C
2020-03-26 20:29:02.574414	u/elanorsparkles	flluj9l	u/charles_mortel	fllsgrd	C
2020-03-26 20:29:04.658896	u/Platinum2505	fllujdk	u/BraindeadBanana	fllkmly	C
2020-03-26 20:29:13.349413	u/lastwarden	flluk41	u/MiroJongerden	fll9t10	C
2020-03-26 20:29:18.645902	u/Matach0	fllukdg	u/LastgenKeemstar	flld37b	C
2020-03-26 20:29:22.164639	u/Animator_Spaminator	fllukow	u/Huskyfloofer	flkbpqt	C
2020-03-26 20:29:23.693072	u/Liam-hates-violas	fllukqd	u/Nash_underscore	flluhjf	C
2020-03-26 20:29:27.599881	u/demonking278	fllul4e	u/VNCGames	flltwuc	C
2020-03-26 20:29:49.047038	u/downvoteifhomo	fllumeo	u/FoximaCentauri	fllg909	C
2020-03-26 20:29:52.433691	u/TheTwilightWitch1	fllun4u	u/DaddiestGracie	fllujnv	C
2020-03-26 20:29:53.791413	u/imjustboredhahaha	fllunb0	u/sangriya	flltq3t	C
2020-03-26 20:29:59.835042	u/RunKittenzRComing	fllunxc	u/Sauceboysofficial	fllppbz	C
2020-03-26 20:30:06.084567	u/ThatTox1cGam3r	flluobp	u/kingme805	fll2wgd	C
2020-03-26 20:30:27.259466	u/Craetoast	flluoxh	u/Delta_doggo	flltaxi	C
2020-03-26 20:30:36.341278	u/spankmasterXXL	fllupbs	u/Team_Pocket_Leader_	fllum2r	C
2020-03-26 20:31:10.493396	u/Emmonymous	flluq50	u/davidice17	flleuyp	C
2020-03-26 20:31:25.371840	u/A_Sack_Of_Potatoes	flluqu4	u/SteveSmith2048	flltlqt	C
2020-03-26 20:32:01.553319	u/DragonsWrath05	fllurqs	u/TheCarilloneur	fllq8e1	C
2020-03-26 20:32:03.839875	u/leonelbadinfluence	fllurqw	u/SleepBeforeWork	fll9r73	C
2020-03-26 20:32:07.396252	u/ricardoalonzo	fllurtf	u/RealShakespeare	flletcc	C
2020-03-26 20:32:20.817152	u/Big-Teb-Guy	fllw7cb	u/RepostSleuthBot	flllsbe	C
2020-03-26 20:32:50.538542	u/Warhammer55	fllw85y	u/AnnonymousHoodie	flltjqu	C
2020-03-26 20:32:58.759536	u/chonkennuget	fllw8ns	u/coco237	fllw5r7	C
2020-03-26 20:33:24.368500	u/YTB1991	fllw9mg	u/Autisticsatan	flltcxp	C
2020-03-26 20:33:48.065426	u/WinkingBrownEyes	fllwbk4	u/Tru_Drone_Videos	fllw4dk	C
2020-03-26 20:33:55.394544	u/ilikecorndogz	fllwbrt	u/Cptn_Kevlar	flltk24	C
2020-03-26 20:34:03.347633	u/anhquan0707	fllwbxj	u/Kilulha	fpc52j	S
2020-03-26 20:34:09.695391	u/IDKIfSauceExists	fllwbyz	u/godsutters	flljshz	C
2020-03-26 20:34:15.077235	u/Seabass_87	fllwc4t	u/StormySands	flluf5a	C
2020-03-26 20:34:47.837994	u/broadwayboi2	fllwdjm	u/fualtyzane	fllwc2k	C
2020-03-26 20:34:54.333674	u/Darth05	fllwdq0	u/Draconium69	fllf0bx	C
2020-03-26 20:35:10.949570	u/NANUS3R666	fllwe8t	u/coco237	fllvf9h	C
2020-03-26 20:35:30.127246	u/Rcweasel	fllwfsx	u/Data_Mime	fllsyu1	C
2020-03-26 20:35:53.449589	u/Foxy212	fllwh3w	u/The_Maqueovelic	fllweqc	C
2020-03-26 20:35:55.378276	u/ReylomorelikeReyno	fllwh5m	u/shewasaskater_boy	fll7w9z	C
2020-03-26 20:36:36.752329	u/-DoomSlayer-	fllwi4b	u/DoomSlayer_	fllwgjy	C
2020-03-26 20:36:49.818769	u/unsettledtom007	fllwjjg	u/Dayma_life	fllw3um	C
2020-03-26 20:36:52.450675	u/dany-devido	fllwjlz	u/jbsdv1993	fllwgvv	C
2020-03-26 20:37:17.924652	u/Brambletail0501	fllwkil	u/jackcabral90	flltzq5	C
2020-03-26 20:37:21.923606	u/Stolen_Usernames	fllwkuv	u/ConJohn42	fllvpwr	C
2020-03-26 20:37:30.906738	u/Caeladine	fllwl7c	u/yeetusmcdeletus-2	fllvieq	C
2020-03-26 20:37:36.739814	u/basic_man	fllwldc	u/Embarrassed-Smoke	fllis8g	C
2020-03-26 20:37:45.048927	u/Dalbah	fllwlpa	u/Emperor_O_Memes	fllc4o2	C
2020-03-26 20:37:58.605047	u/memeatic_ape	fllwmfs	u/donnybee83	fllwjj5	C
2020-03-26 20:38:00.890707	u/skittlkiller57	fllwmj6	u/VegisamalZero3	fll3unu	C
2020-03-26 20:38:26.843873	u/Irregular_Boi	fllwnmv	u/averygrant3182	flla8eq	C
2020-03-26 20:38:51.721193	u/Atomic0Unicorn	fllwojn	u/ThatOneKid000005	flluw31	C
2020-03-26 20:39:26.715254	u/CozmicOwl16	fllwq32	u/wren620	fphq0h	S
2020-03-26 20:39:28.985115	u/TheShadowsAce	fllwqf7	u/Alm3nd	fllbt53	C
2020-03-26 20:39:33.743643	u/toocoolforusername	fllwqyk	u/fualtyzane	fllwab5	C
2020-03-26 20:39:40.803443	u/Peto6421	fllwroe	u/wow-very-epic	flltnoq	C
2020-03-26 20:39:49.055245	u/mimiE2004	fllws3y	u/Da_Boss_Mark	fllbvkh	C
2020-03-26 20:39:50.177739	u/Cl2TCH_Hydro	fllws55	u/deerie69	fllpiyk	C
2020-03-26 20:39:56.779216	u/Nefarious_Pursuits	fllwsya	u/interlucid	fllo1vh	C
2020-03-26 20:40:36.055004	u/PlzEndYourLife	fllwuio	u/Eldsish	fllfmqb	C
2020-03-26 20:40:44.065027	u/Eli1147	fllwuru	u/ThunderingSacks	fp8cb5	S
2020-03-26 20:41:30.336732	u/cuk34	fllww7o	u/subbot9	fllwsig	C
2020-03-26 20:41:35.823196	u/cykanugget911	fllwwal	u/Skywalket	fllkdh4	C
2020-03-26 20:41:44.527944	u/The_KillerMerauder72	fllwwkh	u/unsettledtom007	fllwv2s	C
2020-03-26 20:43:08.177658	u/kashishm	fllwzha	u/Dayma_life	fllwvkg	C
2020-03-26 20:44:05.332414	u/PunkinSammich	fllx1tu	u/UserNameChecksOut135	fllx0cn	C
2020-03-26 20:44:08.426567	u/DamnWhatTheStarsOwn	fllx1xr	u/memelantern	fllubfv	C
2020-03-26 20:44:10.654149	u/conrichy402	fllx1yn	u/Rapping_Tomatoe	fllwvnm	C
2020-03-26 20:44:15.282568	u/Mystery0623	fllx21d	u/BananaBe11s	fllvzx2	C
2020-03-26 20:44:41.515417	u/CaptainRexy	fllx2ms	u/SpicyZhun	fllc27p	C
2020-03-26 20:44:43.577882	u/genghisaloe	fllx2rn	u/AutoModerator	flk7v4z	C
2020-03-26 20:45:04.185976	u/AnxietyNuggets	fllx3am	u/ARKNORI	fllm26q	C
2020-03-26 20:45:17.054199	u/rememberall	fllx3zs	u/UhmNotMe	fllahd2	C
2020-03-26 20:45:26.381118	u/waldemar2	fllx47l	u/MiddleBox18	flletdq	C
2020-03-26 20:45:34.706439	u/thatoneDJguy	fllx4fz	u/Get-Vectored	fllwyyl	C
2020-03-26 20:45:41.433677	u/AlChirper	fllx4q4	u/lightningshit	fll1s7q	C
2020-03-26 20:45:45.404207	u/Mystykk	fllx4u5	u/txsxxphxx2	fllnuh5	C
2020-03-26 20:45:50.282063	u/BigSkuu	fllx4zu	u/Tony-the-l3v1crush3r	fllk6wm	C
2020-03-26 20:45:56.079256	u/Disaffected_Citizen	fllx55w	u/theheateddude0	fljvggh	C
2020-03-26 20:46:30.589555	u/Xx_Dweeb_xX	fllx6py	u/AutoModerator	fllwx1m	C
2020-03-26 20:46:38.044144	u/Mr-Marcuz	fllx6xk	u/MrSean2d2	fllwcgx	C
2020-03-26 20:46:41.794499	u/doyouknowdewsy	fllx75a	u/racerfree	fllf4lz	C
2020-03-26 20:46:48.288028	u/Big-cheesy-boi	fllx7ii	u/fualtyzane	fllw8w2	C
2020-03-26 20:46:57.898667	u/holdmypickle55	fllx7o4	u/Skywalket	fllkdh4	C
2020-03-26 20:47:16.815006	u/Acowthatusesreddit	fllx8bi	u/fualtyzane	flltt4c	C
2020-03-26 20:47:18.667276	u/a_filing_cabinet	fllx8d7	u/nate_schwartz	fll0ska	C
2020-03-26 20:47:27.524209	u/erk_is_here	fllx8o3	u/fualtyzane	fllx7jk	C
2020-03-26 20:47:40.889277	u/BlueFire9210	fllx8yg	u/MyNameIsAnonymous1	fllvryk	C
2020-03-26 20:47:59.653468	u/Bubbly_StyroFoam	fllx9zr	u/bubbleboysdad	fllx7d5	C
2020-03-26 20:48:11.678276	u/MoistyMillhouse	fllxan4	u/Chobchobs	flls1l8	C
2020-03-26 20:48:33.150747	u/LuiGian4	fllxbvn	u/kaipff	fllx8fv	C
2020-03-26 20:48:39.865477	u/Queendunger	fllxc2x	u/Coca_Cola42069	fljqe1a	C
2020-03-26 20:49:20.564694	u/rose_ging	fllxesc	u/Peto6421	fllwroe	C
2020-03-26 20:49:28.405594	u/left_right_handed	fllxfqq	u/justbc324	fllum4r	C
2020-03-26 20:49:37.235126	u/WholeSomeGuy912	fllxghi	u/TRex_OfTheAges	fllwt9f	C
2020-03-26 20:49:47.441057	u/ACE234dm	fllxh4a	u/hazayeets	fllh27o	C
2020-03-26 20:49:52.749685	u/MakesYouLookSilly	fllxhqt	u/spapui	fllw4rp	C
2020-03-26 20:49:55.970137	u/randyman2006	fllxi1v	u/NowThatsASpicyTamale	fpi7u4	S
2020-03-26 20:50:24.477403	u/OhMyGodItsLiquid	fllxjo1	u/Ok_Basics	fllx5so	C
2020-03-26 20:50:28.061678	u/Vollkorntoastbrot	fllxjs3	u/Ok_Basics	fllx5so	C
2020-03-26 20:50:30.383383	u/3361816	fllxjw8	u/AutoModerator	fllxc7m	C
2020-03-26 20:50:55.668867	u/sparky22-	fllxkru	u/domiiinater	fllmqwi	C
2020-03-26 20:51:27.241466	u/Shivangi91	fllxlpk	u/Cottoncandyskiesthrw	flluy5d	C
2020-03-26 20:51:29.604405	u/thewindpillar	fllxlqr	u/realsuperguy199	fllxc7f	C
2020-03-26 20:51:36.706852	u/AwesomeGamin200	fllxlsc	u/AutoModerator	flkwjvn	C
2020-03-26 20:52:17.008968	u/Dani--	fllxmvq	u/DarthJJAbrahams	fllxc1c	C
2020-03-26 20:52:42.393765	u/Kyle-2	fllxnxi	u/BMW_850_CSI	fll151a	C
2020-03-26 20:53:09.627024	u/RiiceTOB	fllxov1	u/MAINCRACIO	fllxo51	C
2020-03-26 20:53:37.915918	u/Rofflestomple	fllxq9y	u/WreakHavoc41910	fllgakl	C
2020-03-26 20:53:43.732965	u/Mzbabydoll	fllxqcm	u/_Xand0n_	fllxp2a	C
2020-03-26 20:54:00.915837	u/tkdgirl101	fllxqyf	u/justbc324	fllpq44	C
2020-03-26 20:54:03.055680	u/The-Meme-Dealer07	fllxqyi	u/RLZ--Magma	fllxoyw	C
2020-03-26 20:54:12.043516	u/Lobinho082s_Butler	fllxr8q	u/AutoModerator	fllmu4l	C
2020-03-26 20:54:19.198970	u/jackofthewilde	fllxrar	u/Vollkorntoastbrot	fllxjs3	C
2020-03-26 20:54:29.455372	u/13Xpert13	fllxrnb	u/nmigo12	fllfj9w	C
2020-03-26 20:54:35.683239	u/UnfinishedProjects	fllxrqj	u/Skywalket	fllkdh4	C
2020-03-26 20:55:03.327102	u/Jean_Christ	fllxsqr	u/RepostSleuthBot	fllnfl4	C
2020-03-26 20:55:30.470360	u/General-Jeb	fllxtmv	u/Jjeff_	fllxbhx	C
2020-03-26 20:55:32.479681	u/sco_is_noob	fllxtn9	u/DinA4saurier	fl7xru7	C
2020-03-26 20:55:45.272165	u/gueguipop	fllxtvu	u/Pickled_Testicle	fllb5ab	C
2020-03-26 20:55:47.184385	u/FreakoNicoNico	fllxtxa	u/AutoModerator	fljnfu9	C
2020-03-26 20:55:53.922017	u/NotEnoughCream	fllxu6d	u/jackofthewilde	fllxrar	C
2020-03-26 20:56:03.319920	u/JJ_the_Awesome01	fllxufj	u/racerfree	fllsfsr	C
2020-03-26 20:56:08.577605	u/custardandcrumble	fllxuh9	u/memes463	fllr6eg	C
2020-03-26 20:56:35.893331	u/Derpy_Delight	fllxvcj	u/RandomBro1216	fllxubj	C
2020-03-26 20:56:41.471279	u/davisguthrie	fllxvj1	u/RepostSleuthBot	flllsbe	C
2020-03-26 20:56:51.408131	u/Oliverjdhdgydhd	fllxw19	u/Butchboi69	fllxrpr	C
2020-03-26 20:57:10.231726	u/ZzSchritzZ	fllxwn9	u/millstone71	fll4ydq	C
2020-03-26 20:57:14.758379	u/walnutsaredecent	fllxws8	u/Mr-Marcuz	fllx6xk	C
2020-03-26 20:57:27.027557	u/DaddyPepeElPigelo	fllxwzw	u/Skywalket	fllkdh4	C
2020-03-26 20:57:32.640447	u/hotslappity	fllxxa1	u/r6s-is-bad	fllr2os	C
2020-03-26 20:57:39.213238	u/Redditerman69	fllxxjq	u/fualtyzane	fllxsub	C
2020-03-26 20:57:47.012019	u/Lovable_Burrito	fllxxql	u/domiiinater	fllkzs5	C
2020-03-26 20:58:21.230243	u/AaronBanyard	fllxym5	u/yangelvis789	fljthxk	C
2020-03-26 20:58:58.769779	u/Doge_ball_queen	flly056	u/Sneak100-	flkrpat	C
2020-03-26 20:59:19.260345	u/XxLevittttatexX	flly14v	u/Tru_Drone_Videos	flkl4m8	C
2020-03-26 20:59:22.219436	u/ThaLastLegend	flly17n	u/_Xand0n_	fllxe0t	C
2020-03-26 20:59:58.680605	u/dimos1010	flly30j	u/Legendary-Vegetable	flltyu2	C
