2020-04-08 21:00:04.378502	u/IAMNOTINSANEUNOOB	fmujyy5	u/AMG912	fmsk1de	C
2020-04-08 21:00:43.128561	u/JaxxisR	fmuk127	u/Coffeeman314	fmui2aj	C
2020-04-08 21:01:10.559586	u/Ultimate_Memes	fmuk1gk	u/ShadowClaw765	fmu90gx	C
2020-04-08 21:01:49.748150	u/ShyDemonKat	fmuk2kq	u/Infinite303	fmuhote	C
2020-04-08 21:02:00.011388	u/koalaboi_	fmuk2t0	u/pterodactylwings	fmuia5r	C
2020-04-08 21:02:23.594751	u/Lost_Smoking_Snake	fmuk3cd	u/lanicol7	fmuk0i6	C
2020-04-08 21:03:13.720022	u/qdvjlydx	fmuk5ex	u/erakat	fmtsu8c	C
2020-04-08 21:03:49.387497	u/PenPalArts	fmuk6s7	u/redneckrobit	fmufsmd	C
2020-04-08 21:04:22.509741	u/ryuzxki	fmuk7pe	u/shleyal19	fmtc9l1	C
2020-04-08 21:04:44.822428	u/Karvelli	fmuk92v	u/hamburger_bunzz	fxby4i	S
2020-04-08 21:05:27.920228	u/SkyKillerDrew	fmumc9m	u/GoLol_	fmum917	C
2020-04-08 21:05:43.981261	u/Wykeless	fmumddo	u/Ultimate_Memes	fmuk1gk	C
2020-04-08 21:06:57.653022	u/TheRealZodiac1	fmumgpj	u/hazelpaladin157	fmuljvb	C
2020-04-08 21:07:00.306383	u/SomethingVeryHuman	fmumgqm	u/Mixmaster-Omega	fmu2bhe	C
2020-04-08 21:07:08.963325	u/Sr_chat	fmumh13	u/General_Ghandi	fmulccj	C
2020-04-08 21:08:35.367624	u/DaddyPhil64	fmumma1	u/breefbologna	fmumgq5	C
2020-04-08 21:09:25.756805	u/nirbot0213	fmumpha	u/daberle123	fmt3tq5	C
2020-04-08 21:09:38.311163	u/the_true_meters	fmumr6w	u/ExtraSpicy47	fmu1e4g	C
2020-04-08 21:09:45.943935	u/JunkyKid0	fmumro8	u/Komet454	fmumkdv	C
2020-04-08 21:09:47.530776	u/4lphaWha1e	fmumrxt	u/Mr-Klaus	fmtq59l	C
2020-04-08 21:09:53.601302	u/darkbergV	fmums7d	u/batnacks	fmui6y0	C
2020-04-08 21:09:57.440525	u/Virtusvitium	fmumsn1	u/WeirdVideoGamer	fmujbmw	C
2020-04-08 21:10:16.100918	u/ThisStatistician7	fmumtoh	u/noneedtoskeet	fmtx4nv	C
2020-04-08 21:10:21.455916	u/Korogai	fmumtr2	u/Berkoo43	fmumcdw	C
2020-04-08 21:10:33.328923	u/WitheringOrchard	fmumu70	u/surfingshit	fmtjnc6	C
2020-04-08 21:10:38.818878	u/extralargeeggdog	fmumuh1	u/OldieButNotMoldy	fmujcl9	C
2020-04-08 21:11:52.345122	u/Usoonu	fmumwxs	u/oimateigotreddit	fmrf3rf	C
2020-04-08 21:12:04.856173	u/jtlester	fmumx7o	u/RepostSleuthBot	fmulxno	C
2020-04-08 21:12:48.506553	u/Oofingtonree	fmumyil	u/Matts90-	fmumwy3	C
2020-04-08 21:13:54.476011	u/CyberSteria	fmun0ib	u/PhoenixPlayz_	fmulem0	C
2020-04-08 21:15:17.139412	u/ConBo1	fmun2ly	u/De5perad0	fmsvvem	C
2020-04-08 21:15:41.246282	u/ShyKryBry	fmun3hu	u/DMarsail	fmueqjm	C
2020-04-08 21:16:15.769761	u/DaDemocraticDictator	fmun4nw	u/riverman1084	fmull0h	C
2020-04-08 21:16:49.897426	u/PodencoLePludBeau	fmun5z1	u/TheSabreWoods	fmu438n	C
2020-04-08 21:17:13.857777	u/rubertidom	fmun73c	u/SpicyDorito08	fmqvjli	C
2020-04-08 21:17:32.590570	u/LePingouinCosmique	fmun8mj	u/MVDSW	fmtkf4v	C
2020-04-08 21:17:41.211997	u/bananahammerredoux	fmun91r	u/DaddyPhil64	fmtgn8o	C
2020-04-08 21:18:07.407740	u/Olotove	fmunai6	u/TheAirNomad11	fmun8qz	C
2020-04-08 21:19:40.042296	u/spazzel	fmunev7	u/Komet454	fmuji0l	C
2020-04-08 21:19:50.064040	u/angryclarinetist	fmung2m	u/Breadfruit123	fmumhpy	C
2020-04-08 21:19:54.741897	u/oof_oofo	fmunggl	u/Edgy-Harem-Guy	fmuifxy	C
2020-04-08 21:19:58.055383	u/KO0lK1D	fmunh0b	u/SpookyTheDawg	fmuneik	C
2020-04-08 21:20:40.721592	u/NonameHippie	fmunjfs	u/mirceacretu	fmtvlef	C
2020-04-08 21:20:47.383014	u/FingerCircleGnome	fmunjnx	u/xaviii_	fmukeoy	C
2020-04-08 21:20:53.335009	u/RevendGem	fmunjt0	u/HBomber2187	fmt5gjn	C
2020-04-08 21:21:22.909794	u/meh9223	fmunl4p	u/V1t0p	fmul1gl	C
2020-04-08 21:22:11.283430	u/LOBSTAHfalcon	fmunlzn	u/Finalism	fmujuvn	C
2020-04-08 21:22:27.454664	u/Darknyss	fmunmtd	u/Nightsoul13	fmuh8ts	C
2020-04-08 21:22:36.574793	u/percival1122	fmunn6w	u/Yooviee	fmub5te	C
2020-04-08 21:22:50.697062	u/christonacross	fmunnq9	u/mawashi-geri24	fmuawxu	C
2020-04-08 21:23:35.359882	u/crustacean-lord	fmunped	u/Spanish-Inquistion	fmunao5	C
2020-04-08 21:25:16.353840	u/Xx_B1g_Bo1_xX	fmunt67	u/RepostSleuthBot	fmuik17	C
2020-04-08 21:26:19.539527	u/DerangedLama	fmunvkb	u/Virtusvitium	fmumsn1	C
2020-04-08 21:26:22.204681	u/smh0501	fmunvmf	u/RealHuman3001	fmugf66	C
2020-04-08 21:26:25.010611	u/communistcabbage69	fmunvuk	u/GameChanger099	fmseoms	C
2020-04-08 21:26:30.338362	u/MrEuginger	fmunw1a	u/chainsawtony99	fmuntsh	C
2020-04-08 21:26:38.720090	u/cestlavie88	fmunwcs	u/BigBeardie215	fmufgpy	C
2020-04-08 21:26:52.449484	u/AngryCat22	fmunwl6	u/AceFrehleysPetCat	fmujpcn	C
2020-04-08 21:27:15.621845	u/Macnate123	fmunxp5	u/freddy_gruner	fx8343	S
2020-04-08 21:27:31.824886	u/KidOtaku1	fmuny6z	u/CHFCalvin	fmun2ka	C
2020-04-08 21:28:20.448505	u/Criddick90	fmuo0s5	u/TheRealDestian	fxbf71	S
2020-04-08 21:28:23.502712	u/stickygreenz	fmuo12i	u/Edgy-Harem-Guy	fmuifxy	C
2020-04-08 21:28:42.381353	u/Et1enne	fmuo1ws	u/CHFCalvin	fmun2ka	C
2020-04-08 21:28:56.380127	u/NickSlickWilde	fmuo2q3	u/Greatnite	fmt6zm6	C
2020-04-08 21:29:03.879044	u/woooootyy	fmuo3be	u/hamburger_bunzz	fmtdlrr	C
2020-04-08 21:29:05.601936	u/2142pop	fmuo3bt	u/UndoneFundin	fmtzjrs	C
2020-04-08 21:29:25.714355	u/jaw_daw123	fmuo4vb	u/goshin89	fms2d1g	C
2020-04-08 21:29:51.322112	u/FREDLAPIZ123	fmuo5xf	u/itsyoboi33	fmtjbw2	C
2020-04-08 21:29:57.918965	u/AMAdolphinparmegiana	fmuo6y3	u/-EzWaY-	fmuj1qi	C
2020-04-08 21:30:09.092657	u/Cherrypelt	fmuo76v	u/daberle123	fmt3tq5	C
2020-04-08 21:31:30.857244	u/Bomb-Beggar	fmuo9it	u/Hephaestus_God	fmu4kzp	C
2020-04-08 21:32:12.803010	u/legitnoscambtw	fmuob91	u/V4_Sleeper	fmtzep3	C
2020-04-08 21:32:22.342096	u/WSNC-JBR	fmuobix	u/mrpenusguy	fmuo5ef	C
2020-04-08 21:33:10.352614	u/FatManZak	fmuod19	u/smh0501	fmundlp	C
2020-04-08 21:33:13.418067	u/SweetButterJesus	fmuod2g	u/ThatBAOB	fmuo6qz	C
2020-04-08 21:33:19.840571	u/flames_9011	fmuod6a	u/Spanish-Inquistion	fmunswe	C
2020-04-08 21:33:52.206372	u/jon3sey270	fmuoee4	u/RepostSleuthBot	fmuobmm	C
2020-04-08 21:34:05.538147	u/LNK001	fmuoerl	u/BigBeardie215	fmugfvz	C
2020-04-08 21:34:57.260313	u/themangoperson	fmuogu0	u/eksantx	fmtw9r2	C
2020-04-08 21:35:07.335431	u/Shatter_Ice	fmuohap	u/Infinitanium03	fmui8ot	C
2020-04-08 21:35:36.545117	u/TheRomanUppercut	fmuoid4	u/AllergicToStabWounds	fmujh4s	C
2020-04-08 21:36:17.668535	u/Fall-Away	fmuokcd	u/ElFlormbo	fmuodw6	C
2020-04-08 21:36:33.494364	u/Jack5999	fmuokqu	u/Mr_Fellow_Says_Hello	fmtjiv0	C
2020-04-08 21:36:51.128474	u/Idle_Guy	fmuoldo	u/Sunkilleer	fmtyn0w	C
2020-04-08 21:36:58.432554	u/FelixTheGamerFTG	fmuolho	u/bigpigion	fmts7bg	C
2020-04-08 21:37:06.356830	u/Brandons-Dead	fmuolve	u/HellaHellFire	fmuffza	C
2020-04-08 21:37:26.051162	u/Maxorg	fmuon49	u/Jomesfonso	fmqt4u4	C
2020-04-08 21:37:38.422217	u/TheExposedTurtle	fmuonq2	u/7u4ucr	fmuiz14	C
2020-04-08 21:38:01.143800	u/rapgod93	fmuooj3	u/MegaManX-1993	fmuneyl	C
2020-04-08 21:38:19.376180	u/I_am_not_nrdc	fmuop5s	u/Look-a-dead-meme	fmt03ck	C
2020-04-08 21:38:22.191146	u/SHIL_Elijah	fmuop6u	u/newlegacy4	fmuohva	C
2020-04-08 21:38:31.796889	u/Adam-The-Tistic-One	fmuopnw	u/WeirdVideoGamer	fmuoft5	C
2020-04-08 21:39:04.617581	u/Supermanconnor	fmuorzb	u/CrypTicz_PandaYt	flwehha	C
2020-04-08 21:39:08.994836	u/b1gd1ck2	fmuos1y	u/Snake_But_Rambo	fmufoqo	C
2020-04-08 21:39:22.330201	u/Plumber7432	fmuot44	u/AceFrehleysPetCat	fmumnd1	C
2020-04-08 21:39:44.352744	u/LookMaImATrader	fmuovea	u/nlolhere	fmuod8u	C
2020-04-08 21:39:56.417060	u/KingShodow5	fmuow3s	u/randomuser33333333	fxj5wh	S
2020-04-08 21:40:02.496873	u/flinklewhip24-7	fmuowp3	u/prerecordedusername	fmu982z	C
2020-04-08 21:41:46.403328	u/lewa514	fmup0ns	u/Irrational-Charisma	fmunlw0	C
2020-04-08 21:41:53.110422	u/Diddykong_2020	fmup0rr	u/AnakinsShowerDrain	fmraaf5	C
2020-04-08 21:43:05.648857	u/Bubba_336	fmup3pj	u/Messicanhero	fmuo8cd	C
2020-04-08 21:43:35.359212	u/lapo43777	fmup4i1	u/ThatBAOB	fmuogsv	C
2020-04-08 21:44:07.965128	u/reginreivu	fmup5vy	u/joegnar	fmultxz	C
2020-04-08 21:44:19.099532	u/hehethattickles	fmup6c3	u/joegnar	fmultxz	C
2020-04-08 21:45:50.006868	u/moltencreeper	fmup9w7	u/StalinSecond	fmu53wf	C
2020-04-08 21:45:58.799193	u/ZDUDE9	fmupa7n	u/kitsuWillwisp	fmup4pl	C
2020-04-08 21:46:03.995263	u/MainPaladin2166	fmupali	u/RepostSleuthBot	fmuo9ks	C
2020-04-08 21:46:17.568196	u/CudiCulture	fmupb6u	u/xd_StikK	fmuh8pt	C
2020-04-08 21:46:57.752327	u/youshouldbethelawyer	fmupd84	u/BlackFire68	fmunlmy	C
2020-04-08 21:47:32.499967	u/Ind14n	fmupevp	u/simply_sadie	fmumub0	C
2020-04-08 21:48:07.555746	u/jonessinger	fmupg9a	u/RepostSleuthBot	fmumz23	C
2020-04-08 21:48:15.738233	u/manual_manual_meep	fmupgjj	u/DeathToTheFalseGods	fmuoi6k	C
2020-04-08 21:48:52.460919	u/engimen	fmupj25	u/smilealloveragain	fmuk8bm	C
2020-04-08 21:48:57.493570	u/Consistent-Major	fmupj39	u/Drabbbby	fmupe0e	C
2020-04-08 21:49:33.746711	u/Nehru42069	fmupkjl	u/fshot01	fmty42r	C
2020-04-08 21:49:40.301355	u/burnedwaterxx	fmupl0w	u/Starwarsmemes13	fmuhg0f	C
2020-04-08 21:49:49.813172	u/memelord200000	fmuplsu	u/kitsuWillwisp	fmup4pl	C
2020-04-08 21:50:21.176875	u/Noxapalooza	fmupmwn	u/Ice-Juice1	fmul6ha	C
2020-04-08 21:50:30.214365	u/olarter	fmupn93	u/Flippyrex	fmumw4i	C
2020-04-08 21:50:47.472200	u/Vitnage	fmupnnk	u/Aarnij	fmuc5bc	C
2020-04-08 21:50:54.362254	u/themiddleman2	fmupnva	u/SHREKYUMTUM69	fmupi9e	C
2020-04-08 21:51:18.333909	u/your_dunkle_sans101	fmuporu	u/GetOutOfMyHeadOak	fmu0jg0	C
2020-04-08 21:51:22.010907	u/jollycarrot9	fmupozy	u/noobybits	fmsgcdf	C
2020-04-08 21:51:35.007172	u/sirf_trivedi	fmuppp5	u/darrenbrads123	fmtzxcw	C
2020-04-08 21:51:44.883707	u/Communist_Yeet_Lord	fmupq3e	u/Finalism	fmujuvn	C
2020-04-08 21:51:49.071227	u/islapchicken	fmupqea	u/Bootiluvr	fmupnu8	C
2020-04-08 21:52:08.350325	u/AndySocial88	fmupqts	u/obamasleftsock	fmuhedz	C
2020-04-08 21:52:30.504115	u/ALPHAMORON2020	fmupr8w	u/daberle123	fmt3tq5	C
2020-04-08 21:52:39.883837	u/AnarchyIsMyTherapy	fmuprf2	u/cheez-it-consumer71	fmunu7j	C
2020-04-08 21:53:08.284904	u/FuryOWO	fmupsoz	u/mrboi800	fmtpsv4	C
2020-04-08 21:54:24.631254	u/MemesAt1am	fmupuly	u/ADayIsAMetric	fmtawud	C
2020-04-08 21:54:32.238487	u/Landon-The-Lonely	fmupuzy	u/tydyedTIEfighter	fmuokiq	C
2020-04-08 21:54:53.263517	u/Ghxlib	fmupvnf	u/VaritCohen	fmu4im7	C
2020-04-08 21:54:56.169143	u/JensMohr2	fmupvoa	u/LieutenantCrash	fmtr8gn	C
2020-04-08 21:55:01.685981	u/420YOIT69	fmupvou	u/Loc0_MeXiCaN0	fmuoofk	C
2020-04-08 21:55:03.712669	u/-Jacksy-	fmupvsj	u/Skunko	fmu4c0t	C
2020-04-08 21:55:34.513888	u/Xiv_Apollo	fmupwur	u/FearfulKnight1	fmuij3c	C
2020-04-08 21:56:17.253857	u/theomaranguiano	fmupyyh	u/Cody_Eastwood	fmupvl3	C
2020-04-08 21:56:21.942607	u/Fearless0wen	fmupz2m	u/RepostSleuthBot	fmup46i	C
2020-04-08 21:56:28.948826	u/kissingpink	fmupz5e	u/RapeMeToo	fmupbtl	C
2020-04-08 21:56:36.558407	u/DioPlayingUno	fmupzie	u/Video_Game_Kid	fmupt54	C
2020-04-08 21:56:59.873026	u/PotatoNugget64	fmuq0vb	u/santtruj26	fmuivnv	C
2020-04-08 21:57:03.259480	u/Merdyguzo95	fmuq0zh	u/Pathodox	fmupqy0	C
2020-04-08 21:57:18.989039	u/theomaranguiano	fmuq1nu	u/bloodbadger18	fmupz6a	C
2020-04-08 21:57:21.620985	u/Liar-child	fmuq1rx	u/warptwenty1	fmunz5g	C
2020-04-08 21:57:47.792233	u/oXI_ENIGMAZ_IXo	fmuq3ei	u/Bootiluvr	fxete8	S
2020-04-08 21:58:09.179908	u/thetoadgamer15	fmuq5kq	u/xaviii_	flbtvak	C
2020-04-08 21:58:11.488767	u/Reltix	fmuq5l6	u/CapperSlapper	fmumpov	C
2020-04-08 21:58:19.159761	u/rip_joergen2	fmuq62h	u/Username-Taken-01	fmupqql	C
2020-04-08 21:58:36.311805	u/aayush_178	fmuq70g	u/TehFuriousKid	fmubdsp	C
2020-04-08 21:59:08.138068	u/lemon_juice_defence	fmuq8rw	u/smh0501	fmuhfdz	C
2020-04-08 21:59:25.217246	u/HonestObjections	fmuqacc	u/Sk-yline1	fmupv8f	C
2020-04-08 21:59:32.392060	u/YerDedBud	fmuqavn	u/Boberttheboss	fmueke1	C
2020-04-08 21:59:50.496486	u/bilboard_bag-inns	fmuqcj4	u/Ghost_Seeker02	fmu60ww	C
2020-04-08 21:59:58.063089	u/marcelrascher	fmuqe4w	u/victoriaa-	fmupyv0	C
