2020-04-09 19:00:54.157926	u/whitemike40	fmxw9hh	u/thinkB4WeSpeak	fmxo1wt	C
2020-04-09 19:01:53.681036	u/gcordon288	fmxwavk	u/SockeyeSTI	fmxen53	C
2020-04-09 19:02:20.571512	u/whosholdinmagroin	fmxwb6y	u/frostburn60	fmwwr8n	C
2020-04-09 19:02:31.479571	u/Lovro1410	fmxwbao	u/File3235	fmw7lkw	C
2020-04-09 19:02:50.015768	u/4GotMyFathersFace	fmxwbre	u/OhThatsBullshitSatan	fmxtrts	C
2020-04-09 19:03:05.009257	u/thedankestcomrade	fmxwcbk	u/themystickiddo	fmxtnjq	C
2020-04-09 19:04:00.799634	u/MayerBigPene	fmxwdre	u/GENERAL-KAY	fmwlk8t	C
2020-04-09 19:04:52.104646	u/Ineedmoretimedammit	fmxwfd3	u/MrAmericaUSA	fmxvias	C
2020-04-09 19:05:04.989907	u/twelth-man	fmxwfnh	u/debyoutix	fmxts2c	C
2020-04-09 19:05:19.334477	u/IvanTheRysavy	fmxwg4b	u/spongeboi-me-bob-	fmxw1bc	C
2020-04-09 19:05:29.710537	u/MaiRufu	fmxwg7q	u/Halfayay12	fmxsfye	C
2020-04-09 19:05:51.608376	u/larrylurex28	fmxwguq	u/2punornot2pun	fmxbh6m	C
2020-04-09 19:06:02.677600	u/HeyitsCurly	fmxwh9q	u/Catblaster5000	fmx8sxs	C
2020-04-09 19:06:24.740047	u/UrgedDuck237	fmxwhqv	u/thedeathmachine	fmxvwuh	C
2020-04-09 19:07:07.611650	u/simontsankov	fmxwitz	u/Alexray1	fxylhn	S
2020-04-09 19:07:11.702421	u/Cr4z3d3lite	fmxwiwm	u/WyTerminator-0783	fmxjzep	C
2020-04-09 19:07:14.189850	u/SUBVERSOR484	fmxwixj	u/Bruh_Bot_	fmxmgbk	C
2020-04-09 19:07:28.826099	u/hamletmcpiggy	fmxwjgi	u/GavinS92	fmxtmkj	C
2020-04-09 19:08:28.097691	u/whiskeydumpster	fmxwlqw	u/TetrisTech	fmx3dtu	C
2020-04-09 19:09:19.311875	u/ULTRApizzaland	fmxwnpf	u/ns5sonny	fmxqy68	C
2020-04-09 19:09:32.705070	u/Ms-Musharna	fmxwobp	u/Aryanman27	fmxeetj	C
2020-04-09 19:09:43.958069	u/iliketradingcards	fmxwopf	u/jtrevo	fmxwi2o	C
2020-04-09 19:09:53.026117	u/Omnichromic	fmxwoyl	u/Nadikarosuto	fmxi7jd	C
2020-04-09 19:10:09.003523	u/ProfessorQuack21	fmxwqkc	u/Starwarsmemes13	fmxi7mi	C
2020-04-09 19:10:36.520813	u/SopeRoap	fmxwqy4	u/Communist_Yeet_Lord	fmxqtlt	C
2020-04-09 19:10:38.989800	u/Brandininoodle	fmxwqyn	u/33333_others	fmxvqxe	C
2020-04-09 19:10:58.701986	u/texmed	fmxwriv	u/Luco64	fmxsu8i	C
2020-04-09 19:11:26.093931	u/emanuelinterlandi	fmxws0i	u/DoctorLovejuice	fmxw9d5	C
2020-04-09 19:11:31.783259	u/buzben	fmxws4t	u/proftrio	fmxqr81	C
2020-04-09 19:12:26.362455	u/GarlicGlory	fmxwtbt	u/Zyrolic	fmxwfgv	C
2020-04-09 19:12:34.010308	u/Mister_Tister	fmxwths	u/Meme-god-10	fmxwpza	C
2020-04-09 19:12:56.841468	u/Nutzloser	fmxwtwo	u/genital_rot	fmxws0b	C
2020-04-09 19:13:17.536864	u/MrGubGlubShrub	fmxwujw	u/swamofangreybees	fmxvbdj	C
2020-04-09 19:13:26.157285	u/frattsu	fmxwun1	u/FistingUrDad	fmxlzcj	C
2020-04-09 19:13:34.310692	u/tootie	fmxwuxo	u/ItachiUchihaItachi	fmwjcwv	C
2020-04-09 19:14:11.816698	u/weird_pigeon_man	fmxwvlq	u/Advena128	fmxwl73	C
2020-04-09 19:14:16.750501	u/ItsRedTurtle	fmxwvne	u/RepostSleuthBot	fmxr672	C
2020-04-09 19:14:40.684720	u/DaVIP_NET	fmxww7b	u/randomEstonian96	fmxws4g	C
2020-04-09 19:14:59.386023	u/SodaPOP337	fmxwwly	u/RiggedFromTheStart-	fmxrmns	C
2020-04-09 19:15:03.334963	u/jcmowlds2006	fmxwwnj	u/magicpicklemab	fmwbclq	C
2020-04-09 19:16:14.715266	u/apple-hater	fmxwz1v	u/ApexLegend117	fmxvwkd	C
2020-04-09 19:16:18.568375	u/Wyian	fmxwz95	u/KyloRose231	fxs8e7	S
2020-04-09 19:16:48.542889	u/phish007102	fmxx0bg	u/ayush282000	fmxwahn	C
2020-04-09 19:17:29.010428	u/Rambler221	fmxx1rj	u/thedeathmachine	fmxqdmm	C
2020-04-09 19:17:54.969150	u/LeDiNiTy	fmxx2q7	u/RepostSleuthBot	fmxwz18	C
2020-04-09 19:18:12.673163	u/biddydiddyriddy	fmxx3ek	u/Sigma_Balls1	fmxv2r4	C
2020-04-09 19:18:22.608580	u/Adolf_Blackburner	fmxx3t5	u/keksoslav	fmxwzrz	C
2020-04-09 19:18:32.557012	u/unknown_exe_	fmxx460	u/Bruh_Bot_	fmxvd9p	C
2020-04-09 19:19:23.536199	u/pizzaturkey235	fmxx66f	u/IBO00	fmiyxpy	C
2020-04-09 19:19:34.878259	u/scientia_analytica	fmxx6lg	u/dogeematsu	fmxt035	C
2020-04-09 19:19:35.964192	u/zorflap	fmxx6li	u/Username-Taken-01	fmwz9cl	C
2020-04-09 19:19:41.906842	u/CarseBarse	fmxx6w5	u/im_lokie	fmxmqy6	C
2020-04-09 19:19:54.489756	u/odDball969	fmxx7dn	u/Playing-music-569	fmxpqxg	C
2020-04-09 19:20:19.158724	u/koopeeepee	fmxx86z	u/kinksley99	fmxqf6x	C
2020-04-09 19:20:33.239598	u/Mlepes	fmxx8bv	u/XManBoss6	fxj93j	S
2020-04-09 19:21:12.816917	u/koopeeepee	fmxx9u6	u/Fishfood3500	fmxthvr	C
2020-04-09 19:21:18.686061	u/Wing_Fighter	fmxx9wm	u/landareic	fmxw36w	C
2020-04-09 19:21:40.170365	u/Gearbie	fmxxaac	u/luciver616	fmxhlv6	C
2020-04-09 19:22:03.646228	u/everythingistaken007	fmxxara	u/Atlas8317	fmxx48k	C
2020-04-09 19:22:14.744862	u/Adolf_Blackburner	fmxxauf	u/keksoslav	fmxx8gb	C
2020-04-09 19:22:37.633354	u/yeet-my-name-is-pete	fmxxbbc	u/LorenzCat	fmxuw6w	C
2020-04-09 19:22:46.923672	u/pleasejustst0p	fmxxbfb	u/togayther	fmxhbkx	C
2020-04-09 19:22:51.470573	u/Polish_Sniper_00	fmxxbib	u/Dalbah	fxzzis	S
2020-04-09 19:23:04.873886	u/jcp135	fmxxbv7	u/menino_leo832	fmxh719	C
2020-04-09 19:23:07.035471	u/Platzycho	fmxxbvg	u/Skrooner	fmwnff7	C
2020-04-09 19:23:37.650936	u/Paprikabean	fmxxcwe	u/toothed_mustard_jar	fmxw92d	C
2020-04-09 19:23:43.102941	u/HealthymixOfInfo	fmxxd74	u/DiamondSurvivor	fmxv6tj	C
2020-04-09 19:23:47.259308	u/Adamplustard	fmxxd94	u/DM_ME_YOUR_PASSWORD	fmwiaxv	C
2020-04-09 19:23:49.427827	u/ThEoOfLoRd69	fmxxdd5	u/Last_Contact	fmx9cnu	C
2020-04-09 19:24:02.441673	u/koldimon	fmxxdkl	u/TachankasApostle	fmx8xda	C
2020-04-09 19:24:16.070786	u/t_e_e_k_s	fmxxdx6	u/Shapen360	fmx3tql	C
2020-04-09 19:24:46.058495	u/Blazz1234	fmxxeri	u/whywontibefunny	fmw8xld	C
2020-04-09 19:25:18.180800	u/RandomMothaFucka206	fmxxfee	u/TsarGermo	fmxrc66	C
2020-04-09 19:25:49.072259	u/kiltedpastor	fmxyzad	u/Hoovyplays	fmxrt51	C
2020-04-09 19:26:13.082592	u/guess_its_me_	fmxz038	u/jicty	fmxyw24	C
2020-04-09 19:26:15.739991	u/DevouredDarkness	fmxz074	u/RiggedFromTheStart-	fmxrmns	C
2020-04-09 19:26:22.993688	u/silver394	fmxz0cp	u/2punornot2pun	fmxbh6m	C
2020-04-09 19:27:21.361388	u/josemdomingues23	fmxz29q	u/justmemesplease	fmxhfin	C
2020-04-09 19:28:38.542701	u/blair_friesen94	fmxz58r	u/themasterbot	fmxov2p	C
2020-04-09 19:28:40.685414	u/PSfreak10001	fmxz5an	u/poorly_timed_fuck	fmxpdob	C
2020-04-09 19:28:45.407192	u/Oran-The-Orange	fmxz5hu	u/communism-was-good	fmxyawz	C
2020-04-09 19:29:02.191816	u/Lamshane	fmxz66c	u/amycatowo746	fmqwqdy	C
2020-04-09 19:29:15.656349	u/Darth_RomansPA	fmxz6q9	u/BabyDude5	fmxz262	C
2020-04-09 19:29:20.652224	u/CaptajnNobody	fmxz756	u/French_Bulldog	fmxsdy5	C
2020-04-09 19:29:43.957493	u/AustinTreeLover	fmxz8mj	u/BigMood42069	fmxwuzf	C
2020-04-09 19:30:11.529315	u/theycallmepeeps	fmxz9lf	u/ischillifichillhere	fmx21vr	C
2020-04-09 19:30:24.740198	u/GenuinelyLenin	fmxz9zn	u/38474739294747392038	fmxn9ov	C
2020-04-09 19:30:46.066715	u/jubuss	fmxzaeh	u/mcsuggit	fmxycdl	C
2020-04-09 19:31:03.133069	u/argon1028	fmxzaub	u/Yozora0ryuu	fmxsvvv	C
2020-04-09 19:31:18.347293	u/casualgamerwithbigPC	fmxzb6c	u/Anzek25	fmxhkac	C
2020-04-09 19:32:31.507674	u/amazingamer365	fmxzdnn	u/Mackimations	fmxvtpr	C
2020-04-09 19:32:36.913356	u/Stress_d	fmxzdud	u/genital_rot	fmxws0b	C
2020-04-09 19:32:42.179628	u/GenuinelyLenin	fmxze1b	u/jicty	fmxumh7	C
2020-04-09 19:33:22.237906	u/92slc	fmxzeok	u/RepostSleuthBot	fmxpk99	C
2020-04-09 19:33:27.359589	u/FakeBookshelf	fmxzet2	u/Bruh_Bot_	fmxz86k	C
2020-04-09 19:33:33.130278	u/MartianTurkey	fmxzevb	u/Alexis1897	fmxiewa	C
2020-04-09 19:34:15.881215	u/seanD117	fmxzfsc	u/days_hadd	fmxvact	C
2020-04-09 19:34:38.423551	u/GOD_OMEGA	fmxzgfs	u/m_bookworm	fmxzens	C
2020-04-09 19:34:46.267809	u/qwertyman_101	fmxzglm	u/squirtlehateswater	fmxs9z6	C
2020-04-09 19:34:52.109968	u/Golden_Champy	fmxzh05	u/LPFlore	fmxwrwd	C
2020-04-09 19:35:07.992428	u/YeetOrBeYeeted23	fmxzhgc	u/DMT1984	fmxslew	C
2020-04-09 19:35:17.942326	u/ale_93113	fmxzhrl	u/BrownMantis	fmxuxj0	C
2020-04-09 19:35:20.812863	u/balloutboi	fmxzhww	u/poorly_timed_fuck	fmxpdob	C
2020-04-09 19:35:41.711251	u/TrulyTurdFerguson	fmxzioz	u/RepostSleuthBot	fmxlpgm	C
2020-04-09 19:36:00.197143	u/RiptenX	fmxzjha	u/BigMood42069	fmxwbia	C
2020-04-09 19:36:18.255921	u/PartykidPlayz	fmxzjv0	u/boler1	fmxxl5y	C
2020-04-09 19:36:33.133394	u/Deporla	fmxzkgs	u/CrazySardina	fmxvnm8	C
2020-04-09 19:37:33.028051	u/51stRaider	fmxzmlb	u/tylee2003	fmxs47k	C
2020-04-09 19:37:35.286890	u/TheSpatulaOfLove	fmxzmo3	u/squirtlehateswater	fmxs9z6	C
2020-04-09 19:38:13.937109	u/Qytiz	fmxzo97	u/dankomz146	fmxz82n	C
2020-04-09 19:38:46.260622	u/CMND_Jernavy	fmxzprj	u/outlandish-companion	fmxplgx	C
2020-04-09 19:38:59.610062	u/SuccinctAxe	fmxzq7g	u/KelMic2	fmxzakk	C
2020-04-09 19:39:00.805367	u/hiccupo227	fmxzq7f	u/Sergey32321	fmxz4yk	C
2020-04-09 19:39:32.848418	u/iplayps4naked	fmxzraw	u/Memunism4Life	fmxzauk	C
2020-04-09 19:39:33.682425	u/wypip2948	fmxzrcx	u/ale_93113	fmxxo3s	C
2020-04-09 19:39:40.471702	u/Foxy2846	fmxzs5o	u/captainalice91	fmxtomg	C
2020-04-09 19:40:41.045491	u/GrailShapedBeacon	fmxzujv	u/Dorks-domain	fmxeg6t	C
2020-04-09 19:41:02.539633	u/RareAnimal82	fmxzv83	u/Username-Taken-01	fmxvp5j	C
2020-04-09 19:41:16.871192	u/Big-pp_69	fmxzvrp	u/TriWald3	fmxycq0	C
2020-04-09 19:41:53.154422	u/Yo112358	fmxzwkp	u/Bruh_Bot_	fmxzn2k	C
2020-04-09 19:41:56.723234	u/CurryLord2001	fmxzwmw	u/jicty	fmxtgoy	C
2020-04-09 19:42:48.358926	u/alamandrax	fmxzylx	u/Yozora0ryuu	fmxsvvv	C
2020-04-09 19:43:04.130608	u/coasterking_18	fmxzz9e	u/Sheev_Palpatine69	fmxzygz	C
2020-04-09 19:43:15.583805	u/bruhbruhjames1	fmxzzu4	u/Denmiuy	fm6dsfa	C
2020-04-09 19:43:25.707312	u/SkeletalForce	fmy002h	u/NecromancherJola	fmxyvbe	C
2020-04-09 19:44:19.776944	u/The1_BlueX	fmy01l0	u/GenuinelyLenin	fmxz9zn	C
2020-04-09 19:44:24.323177	u/fatCrabbmans	fmy01ov	u/kamsidhu	fxy0yo	S
2020-04-09 19:44:56.833057	u/merpkuba	fmy02ip	u/kingmkh	fmx2qq1	C
2020-04-09 19:45:00.388887	u/fobster90	fmy02lc	u/2punornot2pun	fmxbh6m	C
2020-04-09 19:45:20.447141	u/John_23451	fmy03gb	u/Oldenlame	fmxxaqs	C
2020-04-09 19:45:32.330836	u/DilJOSHI	fmy03qn	u/jwl836	fmxx14h	C
2020-04-09 19:45:38.615198	u/honey_bearr	fmy03tm	u/Mackimations	fmxvfux	C
2020-04-09 19:45:58.343740	u/GrassMoss	fmy04a4	u/GoodSlav09	fmxlpu1	C
2020-04-09 19:46:07.299593	u/CharlesBread_	fmy04io	u/shcidbxuens	fmy01zc	C
2020-04-09 19:46:13.604329	u/Nabaneebo	fmy04mm	u/Thegatesarm	fmvevco	C
2020-04-09 19:46:18.067398	u/vilified-moderate	fmy04o1	u/Wepehe	fmxye7t	C
2020-04-09 19:46:56.554976	u/DontTouchMahSpaghet	fmy059k	u/McAfee4Pres	fmxzjob	C
2020-04-09 19:47:06.994104	u/badadviceforyou244	fmy05sa	u/shardikprime	fmxxti9	C
2020-04-09 19:47:26.449463	u/Tham3rr	fmy069f	u/antipop2097	fmxvtsj	C
2020-04-09 19:47:36.992447	u/Brianmucci	fmy06ej	u/Saltygamer51	fmwxy9x	C
2020-04-09 19:47:51.624647	u/Gdmdsd	fmy06mr	u/SexxxyWesky	fmxztf6	C
2020-04-09 19:48:39.033732	u/BariBadDay	fmy095m	u/McAfee4Pres	fmxzjob	C
2020-04-09 19:48:59.226855	u/MagiGuy789YT	fmy0a5q	u/its_the_jon	fmwlcol	C
2020-04-09 19:49:14.944735	u/ComfortableFruit7	fmy0au5	u/Methode_Type004	fmxzxgr	C
2020-04-09 19:49:15.958924	u/PreviouslyRecent	fmy0aue	u/luna_tristona	fmxr4q2	C
2020-04-09 19:49:55.610457	u/AlanMichel	fmy0dx9	u/John_23451	fmy03gb	C
2020-04-09 19:50:02.272528	u/mizamiz	fmy0enb	u/SuccinctAxe	fmxzq7g	C
2020-04-09 19:50:12.500719	u/Phat_apple	fmy0eps	u/RepostSleuthBot	fmxxjbc	C
2020-04-09 19:50:29.743656	u/n0tr0ll	fmy0fdg	u/ShySwimmerGuy	fmy04ib	C
2020-04-09 19:50:49.045205	u/A_Wild_Weebatron	fmy0fuh	u/ale_93113	fmxzuli	C
2020-04-09 19:50:55.358774	u/N3R0112	fmy0fzj	u/Mackimations	fmxvfux	C
2020-04-09 19:50:58.757095	u/CheonsaX	fmy0g0c	u/wasabipunani	fmx3wd1	C
2020-04-09 19:52:41.371392	u/chickenstalker	fmy0iws	u/ItachiUchihaItachi	fmwjcwv	C
2020-04-09 19:53:04.495429	u/TheDanFanIsBanned	fmy0jk9	u/Bruh_Bot_	fmy0ggb	C
2020-04-09 19:53:18.542932	u/PhotoshopFlowey2310	fmy0k0i	u/RemusGT	fmy0hc3	C
2020-04-09 19:53:35.571687	u/Alonelypixel	fmy0k89	u/amazingamer365	fmxzdnn	C
2020-04-09 19:53:43.087474	u/LuckySoyMilk01	fmy0kkl	u/DarkAssasin346	flyxl10	C
2020-04-09 19:54:54.852800	u/Phoenixreborn52	fmy0nak	u/Oldenlame	fmx7pcu	C
2020-04-09 19:55:21.118950	u/TomTheTargaryen	fmy0o6k	u/FFalcon_Boi	fmxgi0z	C
2020-04-09 19:56:23.720379	u/Nicodante	fmy0qq2	u/ivebeencalledpeppery	fmy0e4z	C
2020-04-09 19:56:54.226994	u/catspajam	fmy0sx4	u/Zackiwi	fmxy9pv	C
2020-04-09 19:57:29.106406	u/albatrossG8	fmy0uqt	u/EthanielClyne	fmxx4nj	C
2020-04-09 19:57:36.069929	u/stompstumpstamp	fmy0uun	u/Mohammad927	fmvh8zj	C
2020-04-09 19:57:42.170912	u/sanz12333	fmy0v3p	u/Kick1232	fmxw5qk	C
2020-04-09 19:57:55.202990	u/SquidSlayr	fmy0vkv	u/thorki47	fmxl1ck	C
2020-04-09 19:58:11.781228	u/shinyo_kasataste	fmy0vy6	u/nvmthenametho	fmxpgom	C
2020-04-09 19:58:32.109201	u/TheBoxThief	fmy0wvd	u/rrrroasted	fmxr424	C
2020-04-09 19:58:37.486128	u/DatBoiArjun	fmy0x07	u/DalekChris41	fmxzzhj	C
2020-04-09 19:58:39.618772	u/iGalaxy_	fmy0xe4	u/McAfee4Pres	fmxwlhf	C
2020-04-09 19:58:43.220537	u/Bapponukedajapos	fmy0xj6	u/French_Bulldog	fmxsdy5	C
2020-04-09 19:59:36.912727	u/foliage1742	fmy10cb	u/Foxy2846	fmxzs5o	C
2020-04-09 19:59:37.711664	u/EmotionalLibrary	fmy10d0	u/Kitebot001	fmy0njn	C
2020-04-09 19:59:40.392783	u/AAA138	fmy10rm	u/I_am_not_nrdc	fmxxp0q	C
2020-04-09 19:59:47.206326	u/amheath	fmy11s4	u/Anzek25	fmxhkac	C
2020-04-09 19:59:54.902103	u/aimnoodle	fmy1257	u/SiebrenDePiebren	fmy08xl	C
