2020-03-27 12:00:43.025874	u/Cnpkg_tv	flnr6m3	u/hi_im_bad_at_Reddit	fln5ejh	C
2020-03-27 12:01:02.612735	u/RedSandman	flnr7p0	u/AlexIsAlwaysWrong	flnjylc	C
2020-03-27 12:01:20.060293	u/aprettyokcomputer	flnr8kt	u/Orpheus-is-a-Lyre	fln9tbk	C
2020-03-27 12:01:40.213163	u/reddit25	flnr96u	u/InfinateUniverse	flnd6ux	C
2020-03-27 12:01:51.623544	u/TheOnlyCat12321	flnr9mn	u/Thefriendlydoughboy	flnq3ji	C
2020-03-27 12:02:03.548789	u/DialaLala	flnra2p	u/puredarkred	fln2aw0	C
2020-03-27 12:02:12.764723	u/rsfct_495	flnrab9	u/Scarecrow_1912	flnldlw	C
2020-03-27 12:02:18.551593	u/kakaabitches	flnrae6	u/AutoModerator	flnr0z9	C
2020-03-27 12:02:39.996339	u/EnoughAbalone	flnrb1q	u/trixnbella35	fl94oxe	C
2020-03-27 12:03:08.124705	u/seifadorgui	flnrc4x	u/fualtyzane	flnq14r	C
2020-03-27 12:03:54.305609	u/bocu-15_12	flnrdds	u/adrianna56785	flnmq60	C
2020-03-27 12:04:15.146053	u/MafiaTeletubby	flnrdud	u/Xploiter_RBLX	flnqz5h	C
2020-03-27 12:04:27.504025	u/ShepherdDesign	flnrecz	u/Xploiter_RBLX	flnr3b4	C
2020-03-27 12:04:35.871933	u/JoelGF	flnrept	u/awaffleslife	flnr5hn	C
2020-03-27 12:04:38.103229	u/Logangster__	flnreqh	u/RepostSleuthBot	fln5w8v	C
2020-03-27 12:05:09.583407	u/Brother_Bobkat	flnrfqa	u/Xploiter_RBLX	flnrbrb	C
2020-03-27 12:05:18.353462	u/darknessblade42	flnrful	u/MazieWolf	fl6aizj	C
2020-03-27 12:05:25.639659	u/Street_Onion	flnrg0g	u/Amil47	fln3249	C
2020-03-27 12:05:34.115600	u/RealCabber	flnrg83	u/Dovalek	flno3jx	C
2020-03-27 12:05:36.180443	u/Silverwisp7	flnrg95	u/Xploiter_RBLX	flnrcxi	C
2020-03-27 12:06:17.092306	u/oxi_is_already_taken	flnri0e	u/Xploiter_RBLX	flnrb5t	C
2020-03-27 12:07:07.452891	u/boxingkangeroo	flnrkc4	u/racerfree	flnr0gg	C
2020-03-27 12:07:16.190217	u/bruhntosaur	flnrknr	u/kcp122	flnr4fx	C
2020-03-27 12:07:18.029157	u/BubbleTeane	flnrkrn	u/FunzyPrunzy	flngpnx	C
2020-03-27 12:07:22.327269	u/ccav2002	flnrkz7	u/RepostSleuthBot	fll8wmt	C
2020-03-27 12:07:48.111221	u/Megatronatfortnite	flnrm5y	u/SlimeyJimmy	flnree9	C
2020-03-27 12:08:06.552649	u/ShugChug	flnrmob	u/Snowdragondaddy	flnd35n	C
2020-03-27 12:08:09.026147	u/Isavenko	flnrmr0	u/Bella_Avery	flnexwj	C
2020-03-27 12:08:22.574494	u/Likepuentis	flnrnmo	u/VoldyTheMoldy456	flnr0wg	C
2020-03-27 12:08:27.530610	u/popeshayman	flnrnpv	u/Thomas_B_Killen	fln9y4p	C
2020-03-27 12:08:41.807399	u/kennethtrr	flnro7j	u/The-Big-Heck	flm7nzn	C
2020-03-27 12:08:46.608717	u/6568tankNeo	flnroka	u/animegirlGrivous	fln0u03	C
2020-03-27 12:08:55.360886	u/ChefBoyardee66	flnroxz	u/mega-oood	flnl8w9	C
2020-03-27 12:08:57.372626	u/I-Am-The-Yeeter	flnrp1d	u/69Yeeterboi6969	flnqxq6	C
2020-03-27 12:09:03.814379	u/babybutternubz	flnrpaa	u/allnameoccupied	flnnu6b	C
2020-03-27 12:09:07.357326	u/trumpet_player_13	flnrpid	u/longhud	fpzart	S
2020-03-27 12:09:11.182658	u/vwgeiser	flnrpq5	u/FucklordMcfaggotron	flnr5wb	C
2020-03-27 12:09:32.923615	u/CaseOfWater	flnrqyw	u/RepostSleuthBot	flnqzn4	C
2020-03-27 12:09:36.036801	u/BigMacle	flnrr6e	u/damiii2	flndck3	C
2020-03-27 12:09:37.138063	u/Astolfo5150	flnrr7y	u/MaximaBlink	flnqne2	C
2020-03-27 12:09:43.823163	u/areeyeteeeyekay	flnrrja	u/Kal-Kathow	flnpqqb	C
2020-03-27 12:09:49.927968	u/KurnaNicNieWchodzi	flnrrx2	u/Zeamox	flngptt	C
2020-03-27 12:09:55.607780	u/stark2op	flnrsfi	u/Scarecrow_1912	flnrkle	C
2020-03-27 12:11:08.604758	u/Zafirumas	flnrvp2	u/f1fan6890	fln51i7	C
2020-03-27 12:11:23.344367	u/iisanketii	flnrvxo	u/thetreesinthejungle	flnfnep	C
2020-03-27 12:11:55.346307	u/Raine7711	flnrxb6	u/racerfree	flnrv55	C
2020-03-27 12:12:16.660463	u/Sele81	flnrxrx	u/GoldenPants1234	flnrlbw	C
2020-03-27 12:12:23.244416	u/Bomb_Shell14	flnrxxb	u/LokkJ7	flnpzqh	C
2020-03-27 12:12:34.549539	u/JustWantGoodM3M3s	flnryea	u/Xploiter_RBLX	flnq76u	C
2020-03-27 12:12:45.966464	u/justice_beaver69	flnryr6	u/StormyTy12	flnq3yy	C
2020-03-27 12:13:10.162747	u/TheStudyOfWombology	flnrzct	u/AutoModerator	fl3u1tj	C
2020-03-27 12:13:15.278788	u/Doubletap-v02	flnrzil	u/Xploiter_RBLX	flnrwpj	C
2020-03-27 12:13:30.531670	u/xRyozuo	flns0bq	u/racerfree	flnr8ut	C
2020-03-27 12:13:32.719829	u/Lemon_man_12	flns0f2	u/Eren03eren	flnpp3s	C
2020-03-27 12:13:39.003391	u/Noob_Viper	flns0lk	u/ThePurpleFlamingoT	flnqygc	C
2020-03-27 12:13:47.314513	u/Rodlp9	flns0s7	u/GunterGoo	flmqzrl	C
2020-03-27 12:13:50.629464	u/LMAOpersonmanboi	flns0tf	u/Get-Vectored	fl9teqn	C
2020-03-27 12:14:03.351514	u/mlgdolphin	flns12l	u/CheeriodudeL45	fln11rh	C
2020-03-27 12:14:19.365836	u/tikitummy	flnti3o	u/Webmets	fln8z5c	C
2020-03-27 12:14:32.303309	u/robbie_h14	flntice	u/SerStoneheart	flntae9	C
2020-03-27 12:14:37.985423	u/richard24816	flntikk	u/ISwearToGodIan	flns344	C
2020-03-27 12:14:44.155092	u/bepsi05	flntixv	u/Gubq	fl5lyk4	C
2020-03-27 12:14:50.178090	u/Soverano	flntizo	u/MrGeetarDood	flnhwk3	C
2020-03-27 12:14:58.260649	u/davidriehle	flntjee	u/Xploiter_RBLX	flnr3n9	C
2020-03-27 12:15:24.289396	u/johnasauris	flntkmp	u/AutoModerator	flntetf	C
2020-03-27 12:15:28.985230	u/kcp124	flntkxi	u/PKPootis	flnt19d	C
2020-03-27 12:15:32.871160	u/Shadowrunner156	flntl00	u/Datruedabking	flns5dd	C
2020-03-27 12:15:37.457361	u/bepsi05	flntl2y	u/LokkJ7	flnpzqh	C
2020-03-27 12:15:59.720598	u/mase_windu96	flntmcx	u/Lord-of-Leviathans	flnt0mc	C
2020-03-27 12:16:01.696769	u/Weekly-River	flntmdt	u/AhmereSharpe	flnsa6u	C
2020-03-27 12:16:48.724233	u/LongRamen	flntoks	u/Thicc-Lite	flnsfsv	C
2020-03-27 12:16:52.600692	u/ProXJay	flntos3	u/Kami103	flnctzb	C
2020-03-27 12:17:04.823493	u/chrisg2390	flntp8e	u/nlolhere	flnpicz	C
2020-03-27 12:17:18.234566	u/lolyeet42069	flntppx	u/Solpoteten	flnq7v9	C
2020-03-27 12:17:22.674071	u/jose_palolo1	flntpwy	u/robbie_h14	flntkbt	C
2020-03-27 12:17:27.067309	u/Cosmos-48	flntq08	u/gregthegamer4646	flnm1ql	C
2020-03-27 12:17:44.863307	u/TheFirstGamerToRise	flntr6t	u/UnadvertisedAndroid	flnp29c	C
2020-03-27 12:18:02.835432	u/chrisg2390	flntrzi	u/ReluctantGoalkeeper	flniyjo	C
2020-03-27 12:18:11.820720	u/hey-look-its-a-tesla	flntsew	u/Not-a-kirby-main	flnrfkb	C
2020-03-27 12:18:31.639393	u/sahil0302	flnttec	u/Kale_____	flnti0r	C
2020-03-27 12:18:53.964914	u/GfuelTastesGood	flntugd	u/fualtyzane	flntg56	C
2020-03-27 12:19:01.228777	u/Marith_INT	flntv13	u/Airamek	flnn8jv	C
2020-03-27 12:19:32.471636	u/thenangmeister	flntwzh	u/Ryan8088	flnhput	C
2020-03-27 12:19:37.646540	u/harshbirbrar	flntxei	u/Eren03eren	flnpp3s	C
2020-03-27 12:19:44.085699	u/Magical-Hummus	flntxz2	u/Dogga565	flnan5x	C
2020-03-27 12:19:50.698133	u/Datannoyingkid	flntyoq	u/i_fucked_satan111	fln68ly	C
2020-03-27 12:19:51.551511	u/v1jaysh3tty	flntyp6	u/MrDankuHanky	flnt3a7	C
2020-03-27 12:19:54.708061	u/deterjann	flntyxw	u/ioa99	flnp6xg	C
2020-03-27 12:19:56.303575	u/DavidVas0032	flntz1x	u/fualtyzane	flntp4i	C
2020-03-27 12:19:58.592090	u/sciencesold	flntz8w	u/JamesBoA	flnafac	C
2020-03-27 12:19:59.424839	u/captianmarvelous	flntzdv	u/Not-a-kirby-main	flnrfkb	C
2020-03-27 12:20:17.300102	u/Musashilord0	flnu0c4	u/poris1991	flnp0kv	C
2020-03-27 12:20:20.632676	u/elmo539	flnu0il	u/mega-oood	flnl8w9	C
2020-03-27 12:20:24.980308	u/Tchinka	flnu0ky	u/ilaihd05	flnnvbj	C
2020-03-27 12:20:32.986773	u/KeerthiNaathan	flnu0r8	u/fualtyzane	flnq4vq	C
2020-03-27 12:20:50.084433	u/jankadank	flnu122	u/Gralbeux	flndy9s	C
2020-03-27 12:21:07.118437	u/Duck_Butt17	flnu1k1	u/Tru_Drone_Videos	flntmtp	C
2020-03-27 12:21:27.646272	u/chiefsqueefs	flnu2bn	u/vpetrychuk	flngnut	C
2020-03-27 12:21:39.871443	u/Relentless-Fool	flnu2uv	u/Kartulino	flntckb	C
2020-03-27 12:22:01.525009	u/fishbowlani	flnu39j	u/LoveMissMatchy	fln6oof	C
2020-03-27 12:22:05.713966	u/olapolar	flnu3c3	u/Dgrgusdjiv1245	flnnb83	C
2020-03-27 12:22:13.414772	u/bonjothecrab	flnu3in	u/fualtyzane	flnrck7	C
2020-03-27 12:22:58.602923	u/Cypher26	flnu59r	u/Cosmos-48	flntq08	C
2020-03-27 12:23:11.940696	u/bluemagnolia79	flnu5oy	u/fualtyzane	flnr494	C
2020-03-27 12:23:18.722745	u/VegieCacarot	flnu5tn	u/Snowdragondaddy	flnd35n	C
2020-03-27 12:23:34.428728	u/S1owD0wnImWhit3	flnu6c2	u/Nico_275	fln45qe	C
2020-03-27 12:24:06.159848	u/only________yes_____	flnu7bf	u/WhoElseButDedede	flnthv0	C
2020-03-27 12:24:10.395548	u/Lalo_savige42069	flnu7hw	u/EliteAssassin750	flnc3jt	C
2020-03-27 12:24:15.465631	u/WildWilly06	flnu7mp	u/fualtyzane	flkxxyd	C
2020-03-27 12:24:21.226266	u/Irish_puppy	flnu80h	u/RicardoIsCool	flnk8wt	C
2020-03-27 12:24:26.408221	u/dawn_29	flnu84k	u/Yeet6255739	flnh5y6	C
2020-03-27 12:24:37.206990	u/JumpedUpSparky	flnu8cx	u/sciencesold	flntz8w	C
2020-03-27 12:24:40.343002	u/master-of-none-	flnu8d1	u/basskev	flnngtf	C
2020-03-27 12:25:01.969164	u/Tetspeed23	flnu9bj	u/thejman134	flnn9v5	C
2020-03-27 12:25:29.402289	u/thelewdkitten	flnua97	u/DAMSON__3	flnsp09	C
2020-03-27 12:25:35.589902	u/GameplaySLO	flnuain	u/m1ksuFI	flnqg6y	C
2020-03-27 12:25:39.395507	u/Randomly2	flnuans	u/VroenGuard414	flmq0l4	C
2020-03-27 12:25:43.626133	u/User88642	flnuaqs	u/ImposterBot9k	flnpuht	C
2020-03-27 12:25:50.132635	u/Oscar-Wilde-1854	flnuau2	u/Glitteringfairy	fln7ig8	C
2020-03-27 12:25:58.338520	u/TarFeelsOverTarReals	flnub3i	u/StasisModule	flniuym	C
2020-03-27 12:26:12.894780	u/Hiyouthere123	flnubiq	u/Xploiter_RBLX	flno08d	C
2020-03-27 12:26:23.203536	u/Spartan_Up	flnubz3	u/F0RTI	flndcc4	C
2020-03-27 12:26:28.562694	u/gucci__goblin	flnuc40	u/Tru_Drone_Videos	flnub1d	C
2020-03-27 12:26:31.526063	u/h0es_pr0v0ked	flnuc6a	u/u-Darien	fpv042	S
2020-03-27 12:27:00.904495	u/Depressedgirl1101	flnud8n	u/fualtyzane	flntt00	C
2020-03-27 12:27:04.683666	u/reggaeshark28	flnudhv	u/MadSwine69	flnfnzq	C
2020-03-27 12:27:15.038124	u/talkymnunycyle	flnudrg	u/TheRealTurtle1	flnua82	C
2020-03-27 12:27:18.616921	u/Jdawarrior	flnudvh	u/JayChaos01	flngbb7	C
2020-03-27 12:27:31.087205	u/sheepythedoggo	flnue4w	u/AAFC417	flnfjjo	C
2020-03-27 12:27:32.916903	u/josefone12	flnue54	u/fualtyzane	flmryle	C
2020-03-27 12:27:37.643908	u/YummyPotatoCake	flnueb3	u/Tru_Drone_Videos	flntxbp	C
2020-03-27 12:27:46.338248	u/CarCrashPregnancy	flnuenc	u/modern_problems	fln69x9	C
2020-03-27 12:27:50.644869	u/Chronos_Eternus	flnuetb	u/AutoModerator	flnu33c	C
2020-03-27 12:28:23.805944	u/Notmorgana2	flnugjt	u/TheChocolateCray	flnmdop	C
2020-03-27 12:28:42.618006	u/desbread57	flnuhhl	u/soojiboy	flnuftv	C
2020-03-27 12:28:44.138237	u/umair_101	flnuhhq	u/arnu515	flnrdd8	C
2020-03-27 12:28:47.232571	u/blep0w0	flnuhk6	u/6568tankNeo	flnroka	C
2020-03-27 12:28:59.437740	u/Tommygunz190	flnuhxg	u/racerfree	flnue3j	C
2020-03-27 12:29:08.210428	u/Next_Implement	flnuiag	u/Hamomeister	flnmr60	C
2020-03-27 12:29:25.694784	u/KittenOnHunt	flnuix9	u/FeFiFoPinky	flnp6e8	C
2020-03-27 12:29:31.811356	u/al3xas69	flnuji7	u/TheSquidCakes	flniyss	C
2020-03-27 12:29:43.144761	u/ImagineButtholes	flnuki3	u/Queendunger	flnqgq6	C
2020-03-27 12:29:44.587197	u/_DemonSemen_	flnukk2	u/ItsAli_a	flnqhrv	C
2020-03-27 12:29:47.430178	u/Demoneastz	flnukoq	u/Kingturboturtle13	flnp8j7	C
2020-03-27 12:30:00.160229	u/Yeeter-qq	flnulhr	u/blahmi	flnm5qg	C
2020-03-27 12:30:06.127287	u/_son_of_Athena	flnulp4	u/koolkidsklub13579	flnrr82	C
2020-03-27 12:30:19.726595	u/FunkCartography	flnulyx	u/UnadvertisedAndroid	flnqlc4	C
2020-03-27 12:30:46.665480	u/something3574	flnun25	u/Throw-away-acount828	flnqv6j	C
2020-03-27 12:31:11.434362	u/GeneralCoonobi	flnunku	u/cbone2015	flmos5r	C
2020-03-27 12:31:14.899869	u/diamondpolish	flnunna	u/Smith812	flnh8fi	C
2020-03-27 12:31:22.999864	u/Lock_RX	flnunqc	u/Lalo_savige42069	flnbsdd	C
2020-03-27 12:31:55.234870	u/Qiang_the_gamer	flnuog1	u/InsaneBulks	flntkyd	C
2020-03-27 12:32:02.422192	u/Cornographicmaterial	flnuol8	u/Xploiter_RBLX	flnpfwu	C
2020-03-27 12:32:26.071036	u/aliaterhalal	flnuplu	u/JohkuKL	fln6anu	C
2020-03-27 12:32:55.428794	u/ElectroCat23	flnuqnr	u/ElectricalFace5	flnsghl	C
2020-03-27 12:33:24.333379	u/_Diskreet_	flnurqn	u/BlooFlea	flnimi9	C
2020-03-27 12:33:43.703956	u/solo7zx	flnuscn	u/Xploiter_RBLX	fla20k1	C
2020-03-27 12:33:45.935872	u/Royal-walking-machin	flnuscz	u/SmartSwagg	flnrp0f	C
2020-03-27 12:33:59.650217	u/KamepinUA	flnusz3	u/Loyellow	flmo01i	C
2020-03-27 12:34:07.829651	u/ChameleonCoast	flnutex	u/RepostSleuthBot	flnspm9	C
2020-03-27 12:34:12.376727	u/ZioGrando	flnutir	u/Imagine_Squidy	fln2mzi	C
2020-03-27 12:34:36.761942	u/firemettle	flnuuhx	u/Surtole	flnhzi6	C
2020-03-27 12:34:50.267651	u/SSBUplayer	flnuuv9	u/lllPoloski	flnpza6	C
2020-03-27 12:34:52.377277	u/WholphinCheetos	flnuuw0	u/Martin7439	flnalha	C
2020-03-27 12:34:56.512856	u/meempjesmeneer	flnuuxt	u/Dr_Saguaro	flnur62	C
2020-03-27 12:35:01.811284	u/-whocaresaboutapathy	flnuuyt	u/NoPostsHowMuchKarma	flnrxyw	C
2020-03-27 12:35:05.770454	u/Steel_Soda	flnuv5y	u/Coolbob6666	flmloc2	C
2020-03-27 12:35:18.886093	u/pythonic_demon89	flnuvma	u/Meme_R3w_ind	flnrxlo	C
2020-03-27 12:35:25.801576	u/JGon494	flnuvv4	u/Halifax1720	flnsoxf	C
2020-03-27 12:36:00.378821	u/TylerNW3994	flnuwii	u/ThisIsAnOsmUser	flnhnqk	C
2020-03-27 12:36:05.997004	u/RoiMan	flnuwpy	u/JoeSell2005	flnctgi	C
2020-03-27 12:36:36.133677	u/skipidihop	flnuxx9	u/M1nD_Fr34K	flnlsi1	C
2020-03-27 12:37:03.242138	u/Singoe	flnuyyc	u/NoPostsHowMuchKarma	flnjw6l	C
2020-03-27 12:37:24.023244	u/shadowbluffy1	flnuzvy	u/MrSaucyLamp	flnq6ne	C
2020-03-27 12:37:46.410064	u/Spealt	flnv0ce	u/ObamaPrism_318	flnuu8b	C
2020-03-27 12:37:54.173361	u/beyondmalice	flnv0uj	u/Royal-walking-machin	flnuscz	C
2020-03-27 12:37:59.047270	u/curiouslysober	flnv12y	u/freestylearts911	fln9353	C
2020-03-27 12:38:10.552152	u/amelieshelby	flnv1eu	u/BigBrainBoi6969	flnurse	C
2020-03-27 12:38:31.863222	u/Area51raider_726	flnv2lh	u/bradyiscool333	flnp002	C
2020-03-27 12:38:37.499797	u/Avavvav	flnv2s8	u/CapnChiknNugget	fln8yb7	C
2020-03-27 12:38:51.651771	u/PrussianPredator47	flnv3jl	u/TheSteamCrusader	fllyp03	C
2020-03-27 12:39:05.837967	u/HexBenedict	flnv4ez	u/RepostSleuthBot	fln995j	C
2020-03-27 12:39:15.593882	u/nuggetsmilo	flnv4t1	u/fualtyzane	flnsqij	C
2020-03-27 12:39:23.295913	u/colbyjoe97	flnv5f3	u/ISwearToGodIan	flns344	C
2020-03-27 12:39:25.266271	u/Dr_Ego	flnv5ki	u/ANIKET_UPADHYAY	flnur5b	C
2020-03-27 12:39:31.145239	u/RealZesky	flnv5tf	u/vpetrychuk	flncoi4	C
2020-03-27 12:39:33.852932	u/NotMrRiceGuy	flnv627	u/h0es_pr0v0ked	flnuc6a	C
2020-03-27 12:39:39.778788	u/Zach20032000	flnv6k2	u/Snowdragondaddy	flnd35n	C
2020-03-27 12:39:41.495211	u/Ajdar_Official	flnv6mi	u/aceofspadesphoenix	flnq2ff	C
2020-03-27 12:39:47.162073	u/JotaroJackson	flnv75n	u/Xploiter_RBLX	flnslsj	C
2020-03-27 12:39:53.918733	u/AtlUtdGold	flnv7n5	u/racerfree	flnupqh	C
2020-03-27 12:40:14.904177	u/Shouko-	flnv8pl	u/ISwearToGodIan	flns344	C
2020-03-27 12:40:22.701861	u/StarLV	flnv8wd	u/BandNerd_	fln9wsa	C
2020-03-27 12:40:43.489755	u/MoreMegadeth	flnv9ex	u/shiddy_alt_account	fln7mu2	C
2020-03-27 12:40:49.706128	u/dank_fruit_juice	flnv9l0	u/SaharshDaNerd	flnuofv	C
2020-03-27 12:41:37.472747	u/SlateFeather	flnvapi	u/arnu515	flnrlm4	C
2020-03-27 12:41:47.239445	u/NMVPCP	flnvaxq	u/Solaire_praise_sun	flnj352	C
2020-03-27 12:42:17.301082	u/ThatTinyWolf	flnvc7w	u/BreadNugget7567	flnakwb	C
2020-03-27 12:42:37.057350	u/B_0226	flnvcqp	u/comixcam	flnt89n	C
2020-03-27 12:42:49.102348	u/Kyr0vr	flnvcxy	u/S1owD0wnImWhit3	flnu6c2	C
2020-03-27 12:42:55.900642	u/wiwgieridbsih	flnvd9d	u/TheSCP_3008	flno8lw	C
2020-03-27 12:43:24.369128	u/ElectroPeanut	flnvein	u/azarbi	flnmb0l	C
2020-03-27 12:43:55.889726	u/pigsmasher1981	flnvft6	u/babesnow	flnuhsk	C
2020-03-27 12:44:00.025514	u/tripdec4u	flnvfu8	u/sanswithagun	flnt4kc	C
2020-03-27 12:44:05.367773	u/LordZeman	flnvg31	u/BubbleTeane	flnrkrn	C
2020-03-27 12:44:12.865049	u/Nakiro1983	flnvg7k	u/fualtyzane	flntufz	C
2020-03-27 12:44:31.107489	u/DoWhatTheLemonSays	flnvh0g	u/F0RTI	flnixeu	C
2020-03-27 12:44:37.752163	u/freestyleking420	flnvhdn	u/jhoss623	flnrz13	C
2020-03-27 12:45:26.984200	u/tarantulator	flnvjds	u/Amser_the_Viet_Cong	flnib0p	C
2020-03-27 12:45:58.353605	u/kingtrog1916	flnvkuj	u/fualtyzane	flmrrbu	C
2020-03-27 12:46:16.694011	u/SapphireinNYC	flnvldr	u/jankadank	flntfu4	C
2020-03-27 12:46:48.504865	u/DavidsonSJ	flnvn70	u/mr_anonymous85	flnoal6	C
2020-03-27 12:46:51.361975	u/EchoGamer16	flnvnav	u/fualtyzane	flmple8	C
2020-03-27 12:46:53.286566	u/Yurt_YT	flnvnbu	u/HermioneGranger429	flnpz7c	C
2020-03-27 12:47:15.277178	u/strgwhlhldr	flnx4z3	u/made-in-usa-	flnws2s	C
2020-03-27 12:47:25.795717	u/galaxybreaker-	flnx5mp	u/Benyed123	flnruo3	C
2020-03-27 12:47:29.222118	u/Evil_Empire1	flnx5qi	u/ZakTSK	flnx1xj	C
2020-03-27 12:47:47.637799	u/Oligarchic_Olive	flnx6zz	u/ItsSynnoX	flmnvyp	C
2020-03-27 12:47:55.773282	u/Thebanana47	flnx7au	u/Xploiter_RBLX	flnp6rz	C
2020-03-27 12:48:01.769768	u/squirrl4prez	flnx7mw	u/Pigpenlordofdirt	fli86ii	C
2020-03-27 12:48:09.345596	u/phxsphene	flnx7qv	u/firemettle	flnuuhx	C
2020-03-27 12:48:12.674227	u/beoballey	flnx7z5	u/RepostSleuthBot	flnqny5	C
2020-03-27 12:48:15.987902	u/whatreyoulookinat	flnx81v	u/UnadvertisedAndroid	flnwjs6	C
2020-03-27 12:48:20.396294	u/Kim-Jong-Long-Dong	flnx88o	u/BossBurrito11	flnv42x	C
2020-03-27 12:48:25.608347	u/Humanonmars1234	flnx8eg	u/AutoModerator	flkqaud	C
2020-03-27 12:48:50.968998	u/eeveeplays50040	flnxa4s	u/jeff_0	flnx6jh	C
2020-03-27 12:49:04.840781	u/TheRebel2187	flnxb2g	u/GenosseOle	flnx7cj	C
2020-03-27 12:49:18.691225	u/KimothyJongliusUno	flnxbov	u/PapaSquat42O	flnwn8x	C
2020-03-27 12:49:25.277325	u/HereForTheSoobridit	flnxby9	u/eGGhEad113	flmmoln	C
2020-03-27 12:49:33.060084	u/Sum_Pho_King_Weeb	flnxctu	u/pur__0_0__	flnvnh1	C
2020-03-27 12:49:34.159580	u/DankDerpGuy	flnxcvv	u/SlikeSpitfire	flnoszn	C
2020-03-27 12:49:35.787424	u/Sylla40	flnxcxn	u/cocopatriot	flngs4g	C
2020-03-27 12:49:47.286451	u/Str8BallinFrogs	flnxdyf	u/Tom_reddit2007	flnw3c2	C
2020-03-27 12:49:56.708878	u/The_Abyss_Blinked	flnxepj	u/RepostSleuthBot	flnsc3o	C
2020-03-27 12:49:58.871428	u/-NukeX-	flnxewh	u/Takishah12	flnekn0	C
2020-03-27 12:50:32.536756	u/ConnorjwMan	flnxgd3	u/GullibleSeal94	flnxdg8	C
2020-03-27 12:50:52.923393	u/vineeth99	flnxhb0	u/Guyshu	flnpbxz	C
2020-03-27 12:51:05.033845	u/Superbiber	flnxhrw	u/talkymnunycyle	flnx78g	C
2020-03-27 12:51:15.960684	u/TopShelfUsername	flnxibr	u/bunnywithahammer	flnhuid	C
2020-03-27 12:51:18.299326	u/Jev235	flnxiec	u/Berocraft77	flnwfeo	C
2020-03-27 12:51:35.895321	u/TopShelfUsername	flnxj7l	u/talkymnunycyle	flnsev8	C
2020-03-27 12:52:00.080970	u/JhonnyTheJeccer	flnxk3q	u/arnu515	flnrdd8	C
2020-03-27 12:52:17.329885	u/Mirzura	flnxky2	u/Sergiu2070	flnwgk6	C
2020-03-27 12:52:32.302776	u/xChuchx	flnxldl	u/ZakTSK	flnxez0	C
2020-03-27 12:53:03.458101	u/StonerWizerd	flnxma6	u/ISwearToGodIan	flns344	C
2020-03-27 12:54:09.761512	u/TibialYeti	flnxomj	u/DaejanIsBad	flmzgd6	C
2020-03-27 12:54:14.977629	u/FooterTroo	flnxopk	u/Rogue_Legend_01	flnklrv	C
2020-03-27 12:54:23.593263	u/H2OPsy	flnxp1x	u/dovedevic	fl2izeo	C
2020-03-27 12:54:37.229077	u/Sharpness100	flnxplu	u/Thebanana47	flnwca8	C
2020-03-27 12:54:48.870049	u/ThaneOfNorway	flnxpvi	u/Ice_Giantok2	flnu6g8	C
2020-03-27 12:54:59.031884	u/shxeeyash	flnxq3u	u/RepostSleuthBot	flnvyy3	C
2020-03-27 12:55:13.548464	u/GenericDuckling	flnxqj9	u/ISwearToGodIan	flns344	C
2020-03-27 12:55:22.409568	u/Zeisalone	flnxqmu	u/broadwayboi2	flno9cm	C
2020-03-27 12:55:29.978741	u/faultygroudon	flnxqob	u/Gorogorgo-chan	flnxlah	C
2020-03-27 12:55:37.894516	u/minimitts	flnxr0x	u/bontslimmershoes	flnwo1b	C
2020-03-27 12:55:49.884428	u/reddirtanddiamonds	flnxrkr	u/AtF_183	flnssif	C
2020-03-27 12:55:56.114117	u/sooblek	flnxrqw	u/Kal-Kathow	flnsc5r	C
2020-03-27 12:56:10.119741	u/urgayinthebutt	flnxsf8	u/brebby101	flns7pk	C
2020-03-27 12:56:15.065435	u/Witchy_Mood	flnxspx	u/racerfree	flnv0p5	C
2020-03-27 12:56:31.871103	u/Rope-Marc	flnxt7t	u/MiddleBox18	fll9eob	C
2020-03-27 12:56:43.769693	u/TheBigAsWhale	flnxtj4	u/pepinommer	flnj0rv	C
2020-03-27 12:56:57.182286	u/Alexis1897	flnxu2p	u/Coolbob6666	flnxlq1	C
2020-03-27 12:57:06.014164	u/killianmasterbeast	flnxuaf	u/ZakTSK	flnxjge	C
2020-03-27 12:57:09.445521	u/Dan_Ka	flnxug7	u/talkymnunycyle	flnxj2z	C
2020-03-27 12:57:19.133853	u/Desfortcraft	flnxuqk	u/KimothyJongliusUno	flnxbov	C
2020-03-27 12:57:25.448614	u/Madmax_07	flnxuz3	u/05Lidhult	flnxeat	C
2020-03-27 12:57:34.310601	u/Henderson-McHastur	flnxv9n	u/lukspero	flnw81q	C
2020-03-27 12:57:56.492575	u/cbas233	flnxwb4	u/Solaire_praise_sun	flnj352	C
2020-03-27 12:57:59.044239	u/Rizzy_Ross14	flnxwek	u/Eren03eren	flno1du	C
2020-03-27 12:58:17.485160	u/TarotMagician	flnxx8r	u/BigDoggoSchlong	flmsa4r	C
2020-03-27 12:58:19.808318	u/ShefCutie	flnxx95	u/Weekly-River	flntmdt	C
2020-03-27 12:58:30.903148	u/admiralfrosting	flnxxk9	u/HoldMuhBeeer	flntaq7	C
2020-03-27 12:58:41.557064	u/Kazeshiri	flnxxwo	u/FuntimeArmy102_YT	flm5yub	C
2020-03-27 12:59:10.390208	u/kombatking34	flnxz7q	u/DarkWarrior137	flmwptc	C
2020-03-27 12:59:13.038578	u/Average_AleksYT	flnxzbl	u/bontslimmershoes	flnxxwb	C
2020-03-27 12:59:41.613120	u/SooLit94	flny115	u/jhoss623	flnvm6t	C
2020-03-27 12:59:49.063762	u/GuyFromRussia	flny20i	u/bontslimmershoes	flnwzhs	C
2020-03-27 12:59:54.426395	u/Dragon1676	flny2eu	u/XB2006	flnxr2r	C
