2020-04-12 03:00:04.282233	u/teodoriacob	fn5sd6r	u/yeeyeejuicyer	fn5qnxy	C
2020-04-12 03:00:57.367544	u/izaiahOwO	fn5seha	u/Zman350x	fn5ajt5	C
2020-04-12 03:01:50.826075	u/ignamarino	fn5sfje	u/deutscher_Hund	fn5s9hn	C
2020-04-12 03:03:01.415764	u/Letsnotoverthinkthis	fn5sh85	u/Unikorn7	fn5qrk8	C
2020-04-12 03:03:08.549111	u/I_Dont_Eat_Kids557	fn5she7	u/Webster11234	fn5mk2q	C
2020-04-12 03:04:55.120962	u/moriatee	fn5sk2v	u/BooglerDewgler	fn4yorv	C
2020-04-12 03:05:41.700964	u/PoolSharkPete	fn5sll4	u/Draco-Warsmith	fn5skkp	C
2020-04-12 03:06:11.521691	u/iWatch_0	fn5sm3z	u/Scipio223	fn56hor	C
2020-04-12 03:06:14.454706	u/Catvideos222	fn5sm60	u/JoeyE-101	fn4roa9	C
2020-04-12 03:07:14.909403	u/ToadShrooms	fn5sod4	u/Loogiteam	fn5r96r	C
2020-04-12 03:07:50.437489	u/OliverWinterFox	fn5spex	u/TheSpaceMonkeyBro	fn5rd9v	C
2020-04-12 03:08:09.298756	u/MyNameHasTheBigGay	fn5spzp	u/tdabtm12	fn5pkmm	C
2020-04-12 03:08:18.724930	u/your_died_person_	fn5sq6i	u/skippy_1037	fcu8rav	C
2020-04-12 03:08:48.848070	u/song2002	fn5sqvo	u/ImTheNewKid22783	fn5ghj5	C
2020-04-12 03:08:56.169257	u/IShotAGrapefruit7	fn5sr09	u/Bruh_Bot_	fn5rmig	C
2020-04-12 03:09:13.802938	u/Ghost1ks	fn5srj1	u/MonkeyClause	fms9ssv	C
2020-04-12 03:09:22.647595	u/TheTrashedPanda	fn5sry8	u/LuOsGaAr	fn5jolq	C
2020-04-12 03:09:58.384226	u/staralfur01	fn5stt5	u/teekay_1994	fn51ovx	C
2020-04-12 03:10:19.783836	u/DragonSlr2559	fn5suwd	u/chazzelton94	fn59tl2	C
2020-04-12 03:11:13.042323	u/mat_giggle	fn5swfr	u/AdvancedActions	fn5rta3	C
2020-04-12 03:11:41.304803	u/Bikboy509	fn5swzy	u/stronkcomedy-man	fn5rrfu	C
2020-04-12 03:13:00.180568	u/Livila06	fn5syld	u/nameless1der	fn4spxp	C
2020-04-12 03:13:50.139223	u/xTimiboi	fn5szdg	u/LotsOfLogan49	fn5ncxc	C
2020-04-12 03:14:24.858163	u/CT-794	fn5t0oi	u/SuperChad1234	fn4rbj5	C
2020-04-12 03:15:26.400671	u/egg42000	fn5t2zh	u/sotusakr	fn4jsly	C
2020-04-12 03:15:44.820165	u/SnivyKetchum	fn5t3t0	u/314311h3p41	fn5rnho	C
2020-04-12 03:16:17.516255	u/imbadatnamingstuf	fn5t4ii	u/whereisthe_any_key	fn5rhrd	C
2020-04-12 03:16:33.276192	u/villethepineapple	fn5t4vu	u/Dark_pheonix1183	fn4i4tv	C
2020-04-12 03:16:56.117127	u/Sup3rPotatoNinja	fn5t5ng	u/FraSkywalker	fn5t21m	C
2020-04-12 03:17:01.465217	u/NiceLettuce4	fn5t5oq	u/Bananajee	fn5t4ng	C
2020-04-12 03:17:37.166895	u/forallyou	fn5t6yt	u/AhsokaLived	fn5s4ek	C
2020-04-12 03:18:31.239127	u/1ns4n3_88	fn5t8i5	u/FutureProgress8	fn5rxjr	C
2020-04-12 03:19:45.189169	u/Consistent-Tourist	fn5tbv8	u/MangleTheFox000	fn4cngk	C
2020-04-12 03:19:50.486193	u/OffBvlvnce	fn5tc6l	u/root_scoot	fn5ia7s	C
2020-04-12 03:20:15.883739	u/recordmanmatt	fn5td83	u/urmom72816381	fn5rpth	C
2020-04-12 03:20:21.289182	u/Stugiez	fn5td9w	u/NegevExploits	fn5t6k9	C
2020-04-12 03:20:58.225788	u/WavyFranciss	fn5te12	u/Ananya_Agrahari	fn5rw2f	C
2020-04-12 03:21:33.678754	u/Indiana_John_	fn5tej3	u/plzdontrepost	fn481ji	C
2020-04-12 03:22:46.901170	u/Mourning-Poo	fn5tg8s	u/SilverMage2809	fn5rj5o	C
2020-04-12 03:23:29.792936	u/biggestunitofalltime	fn5thp5	u/Azour_	fn5t46e	C
2020-04-12 03:25:43.853362	u/eldoon88	fn5tl8s	u/Kladk99	fn5sviw	C
2020-04-12 03:25:58.426159	u/BigKhunaBurger	fn5tloo	u/CalvinT2114	fn523wt	C
2020-04-12 03:26:12.038534	u/cherrychika	fn5tm60	u/pen_n_run	fn5sgwy	C
2020-04-12 03:26:16.689359	u/Gravynomoney	fn5tmdi	u/SuspiciousPrism	fn5smug	C
2020-04-12 03:27:02.476989	u/_Minngie_	fn5tnc9	u/Bob_the_builder8	fn5e11u	C
2020-04-12 03:27:09.912662	u/VadJag	fn5tndc	u/MAGIC_EYE_BOT	fn5tl4r	C
2020-04-12 03:27:27.871443	u/jee_kay	fn5tnor	u/Kev-1-n	fn4egar	C
2020-04-12 03:28:23.921336	u/organicsensi	fn5tpds	u/evan1123	fn5hx1k	C
2020-04-12 03:28:44.976389	u/tepig8266	fn5tpwj	u/atehate	fn5rnf0	C
2020-04-12 03:28:52.267015	u/LVRKTHASICKFUCK666	fn5tq0n	u/zsosborne221	fn5r7ba	C
2020-04-12 03:28:59.177300	u/SirMatesAlot429	fn5tqce	u/an602tsar	fn5t5y3	C
2020-04-12 03:29:25.919403	u/Tauf23	fn5tr4n	u/kennyisnotdankdead	fn522xd	C
2020-04-12 03:29:36.261793	u/Limenade008	fn5tro5	u/toomuchtACKtical	fn3qspj	C
2020-04-12 03:29:52.414060	u/R3DD17-Reddit	fn5tsfu	u/Astrix_I	fn5rgbo	C
2020-04-12 03:31:25.910523	u/land_lord_shrek	fn5tuzo	u/iSmElLpEnNyS	fn5cv4c	C
2020-04-12 03:34:31.055543	u/Rocktafer	fn5tym9	u/ElijahSk8s	fn5qutv	C
2020-04-12 03:34:51.349200	u/henrycoke1	fn5tyrd	u/slyrqn96	fn5osag	C
2020-04-12 03:35:01.561160	u/Theanimalguy725	fn5tyxx	u/Crediee	fn5n16m	C
2020-04-12 03:35:21.100364	u/Bakeonator431	fn5tzaj	u/izaiahOwO	fn5skcj	C
2020-04-12 03:36:19.241096	u/lukecat44	fn5u0ar	u/Cottoncandyskiesthrw	fn5tmgt	C
2020-04-12 03:36:37.958492	u/Ziiaaaac	fn5u0lv	u/the_bananalord	fn5qjr6	C
2020-04-12 03:37:20.973293	u/doodle_cough	fn5u1e9	u/Blex_Apachiii	fn51z94	C
2020-04-12 03:37:27.338196	u/pewdiepie-420-69	fn5u1ko	u/cajun_wolf	fn5ty2h	C
2020-04-12 03:37:41.033472	u/bot70	fn5u1qi	u/ItachiUchihaItachi	fn5m5f8	C
2020-04-12 03:37:51.279844	u/lukecat44	fn5u22j	u/shriya99	fn5u0kg	C
2020-04-12 03:38:29.256399	u/WhiteSteveNash	fn5u34n	u/howispendmyday	fn5j1np	C
2020-04-12 03:38:49.070687	u/HoneyWhereIsMyBed	fn5u3h4	u/big_boi_shark_v2	fn5u1zs	C
2020-04-12 03:38:53.828226	u/__UsernameChecksOut	fn5u3l2	u/Halibuthead-1	fn4mdpp	C
2020-04-12 03:39:42.044188	u/Olivier-Flamant-	fn5u4zk	u/NiceLettuce4	fn5t5oq	C
2020-04-12 03:39:48.188720	u/notagoldenson	fn5u585	u/Subham420	fn5kjxy	C
2020-04-12 03:39:50.022760	u/window-fly	fn5u59g	u/Irrational-Charisma	fzmhpf	S
2020-04-12 03:40:07.133125	u/Ecuthias	fn5u623	u/emeraldkma	fn56rau	C
2020-04-12 03:40:58.529716	u/Somenormalgamer	fn5vae8	u/Crimeboss37	fn5ujc2	C
2020-04-12 03:41:16.259860	u/Sanbanas	fn5vajq	u/Elike09	fn5s92d	C
2020-04-12 03:41:37.795319	u/shoresline	fn5vb1w	u/Kingkong11235	fn5v928	C
2020-04-12 03:42:09.284130	u/0104050607	fn5vbqj	u/pyrince	fn5uwxb	C
2020-04-12 03:42:38.653238	u/Blazin-StarGaze_2	fn5vc5a	u/SlideWhistler	fn5m9t0	C
2020-04-12 03:43:39.766321	u/LoneWolf91828	fn5vdfb	u/Hahayeye	fn5uwcu	C
2020-04-12 03:44:09.520508	u/lilac_city	fn5vecr	u/MartinYakuza	fn46wdv	C
2020-04-12 03:46:45.293964	u/KowleyThe2nd	fn5vi0d	u/DarkinexWtf	fn5pg24	C
2020-04-12 03:47:11.191715	u/Fisheyetester	fn5vipd	u/NorabLeL	fn523w3	C
2020-04-12 03:47:36.004494	u/Kenway_crusader	fn5vjui	u/ShadowDragonOG	fn5ovrz	C
2020-04-12 03:47:38.631677	u/venusiansailorscout	fn5vjul	u/Magius1954	fn5q38t	C
2020-04-12 03:47:49.142693	u/Gunnerman794	fn5vjzo	u/StormZ_boi_51	fn5n64i	C
2020-04-12 03:48:09.543329	u/Rymi11	fn5vki6	u/ShAde_emerald	fn5lfxt	C
2020-04-12 03:48:43.258802	u/ga-ia	fn5vlir	u/yibredditmemer	fn5sntv	C
2020-04-12 03:49:21.682408	u/xDXxAscending	fn5vmxs	u/plumbusschlami	fn5v48x	C
2020-04-12 03:49:46.087335	u/droningdevil_244	fn5vnva	u/Don_Pasquale	fn49973	C
2020-04-12 03:49:56.692832	u/xLustxEnvyx	fn5vo69	u/Westlenando	fn321ao	C
2020-04-12 03:49:59.435555	u/Th3proffesor	fn5vofu	u/happles2	fn57gv0	C
2020-04-12 03:51:52.803832	u/AntiMatterLite	fn5vr9j	u/03EngineEar	fn5f3o6	C
2020-04-12 03:53:05.408429	u/squidguy673	fn5vstm	u/mr-throwaway-gamer	fn5rku1	C
2020-04-12 03:54:25.099838	u/ZuluGolfMike	fn5vu77	u/tearose11	fn5vsfw	C
2020-04-12 03:54:46.895487	u/Zu_H_Reddit	fn5vum3	u/Sax_N_IceCream	fn5sxp4	C
2020-04-12 03:55:24.333092	u/Dlh2079	fn5vvdh	u/Mikel_br	fn5o5en	C
2020-04-12 03:55:26.409164	u/Danklord696969696969	fn5vvdi	u/BORORORI	fn5tbyq	C
2020-04-12 03:55:54.945716	u/RohanDeLama	fn5vvmb	u/ameer777ameer	fn5vsme	C
2020-04-12 03:55:59.825771	u/Contracious	fn5vvve	u/Olivier-Flamant-	fn3qy4m	C
2020-04-12 03:56:05.534767	u/AMobilePlayr21	fn5vvw8	u/Elmo-On-Drugs	fn37c73	C
2020-04-12 03:56:13.028773	u/NerdyOne1234	fn5vvya	u/CalvinT2114	fn523wt	C
2020-04-12 03:57:37.363736	u/GKChase	fn5vym2	u/ing_die	fn5vnnf	C
2020-04-12 03:58:05.639655	u/Fahrenhiet11	fn5vz91	u/supamon2	fmqwj8d	C
2020-04-12 03:58:36.322759	u/Aiplist	fn5w04c	u/cool-guy6457	fn5upmg	C
2020-04-12 03:58:44.245445	u/Cynical_Spektre	fn5w0mr	u/xavier7777777	fn5q0vk	C
2020-04-12 03:59:13.482878	u/Flaming_Porcupine	fn5w1n5	u/Rupertii	fn5vdah	C
2020-04-12 03:59:49.426012	u/wirikuta	fn5w3be	u/robin-floof	fn47tog	C
