2020-03-24 06:00:11.694396	u/izuocha-worshiping	flcrl80	u/packle-kackle	flcr0bj	C
2020-03-24 06:00:15.591577	u/GenM_	flcrl89	u/Eclihpze44	flcrf37	C
2020-03-24 06:00:47.004175	u/Gravedenizen	flcrlvx	u/ScrotumLeather	flcoyr0	C
2020-03-24 06:01:00.182812	u/aartoh	flcrm5n	u/burt_tts	flcrjtc	C
2020-03-24 06:01:28.782737	u/boredomboredoment	flcrmog	u/SharkTheMemelord	flcr14n	C
2020-03-24 06:01:40.402029	u/janesun2	flcrmvi	u/AnimalFire77	flcfrsv	C
2020-03-24 06:02:05.076163	u/IchbinLuka	flcrnlz	u/tesdyau	flcpfw3	C
2020-03-24 06:02:50.000153	u/franklollo	flcror9	u/g_gera	flcr6pe	C
2020-03-24 06:02:55.357599	u/mikkelmeneer	flcrowl	u/TheAllKnowingCharles	flbb6wl	C
2020-03-24 06:02:57.542456	u/SimuNews	flcroxc	u/niko601	flcr38b	C
2020-03-24 06:03:06.405718	u/PineCone227	flcrp3l	u/CryoAnt	flck7de	C
2020-03-24 06:03:13.330832	u/ionlywantaname	flcrp8a	u/friendly80	flcqywa	C
2020-03-24 06:03:18.807286	u/Doctor-Rat-32	flcrpcp	u/ScottyBass251	flcr6js	C
2020-03-24 06:03:41.214877	u/Skov-The-Dane	flcrpu4	u/TOBY-FOXXXXXXXXXXX	flcagsw	C
2020-03-24 06:04:03.967583	u/VagianalPotatoWomen	flcrq48	u/ApUmKinFaCe	flcrjnc	C
2020-03-24 06:04:06.059393	u/NiXEy_	flcrq5j	u/YaYeet69696969	flcrmot	C
2020-03-24 06:04:11.272350	u/Triple6Suicide	flcrq8z	u/Haarrrri	flcjutt	C
2020-03-24 06:04:17.672361	u/DamascusWolf82	flcrqbn	u/SHOOTERNOOB	flcr2sc	C
2020-03-24 06:04:29.567299	u/Invalleria	flcrqiw	u/Classic_Bar	flcop8c	C
2020-03-24 06:04:35.789923	u/FucklordMcfaggotron	flcrqn1	u/314311h3p41	flcqlpv	C
2020-03-24 06:04:39.042522	u/GGarom	flcrqnz	u/NowUKnowMyUsername	flc61qe	C
2020-03-24 06:04:47.759156	u/Coverror	flcrqtv	u/Kazuto1994	flci3q5	C
2020-03-24 06:04:49.975582	u/Just_a_worg	flcrqvh	u/rolo951	flcf2en	C
2020-03-24 06:04:54.108016	u/Mushrumuk	flcrqye	u/SHOOTERNOOB	flcr2sc	C
2020-03-24 06:05:17.661072	u/osama_bin_ladders	flcrrm3	u/SharkTheMemelord	flcr14n	C
2020-03-24 06:05:31.870226	u/Samved64	flcrrz8	u/thekeenspartan	flckc60	C
2020-03-24 06:05:37.182978	u/IAMKINGNOTYO	flcrs63	u/lazydonkey25	flcrry0	C
2020-03-24 06:05:52.707784	u/globglogabgalabs	flcrsk3	u/Philip347	flcpiy5	C
2020-03-24 06:06:03.414189	u/FucklordMcfaggotron	flcrst7	u/EqUeStRiAnPeRsOn	flcrng1	C
2020-03-24 06:06:20.775375	u/MisoChang	flcrtdl	u/ITodXD	flcitzb	C
2020-03-24 06:06:23.547878	u/FucklordMcfaggotron	flcrten	u/Haarrrri	flcjutt	C
2020-03-24 06:06:29.105420	u/_Memeroni69	flcrtiq	u/kamikazi21358	flcppx0	C
2020-03-24 06:06:31.819333	u/quantry1	flcrtlg	u/ButteryJuiceBox	flcfsx8	C
2020-03-24 06:06:41.128345	u/deadinside6699	flcrtrs	u/thekeenspartan	flc8tqv	C
2020-03-24 06:06:50.011584	u/Mushrumuk	flcrtzf	u/SHOOTERNOOB	flcrrid	C
2020-03-24 06:07:23.829909	u/DeltaSans5	flcrute	u/theshooter5337	flcqrr0	C
2020-03-24 06:07:31.916952	u/Marky_Mark_Official	flcrv0t	u/_Hyneik_	flcqs9a	C
2020-03-24 06:07:36.194682	u/mr_senned	flcrv3w	u/InedibleTaco	flcrr6c	C
2020-03-24 06:07:47.211015	u/Thunderbolt5827	flcrvj3	u/brebby101	flbkqs1	C
2020-03-24 06:07:51.421824	u/gab5813	flcrvmj	u/MrKrabs13	flcruuv	C
2020-03-24 06:08:01.034779	u/UgandanShrekBoi	flcrw0r	u/gameguy238	flcbc4u	C
2020-03-24 06:08:09.926744	u/zombiedog2002	flcrwbj	u/Doctor-Rat-32	flcrpcp	C
2020-03-24 06:08:16.435050	u/woodenpudden	flcrwgp	u/thekeenspartan	fnye76	S
2020-03-24 06:08:33.380481	u/trashcan___	flcrx6a	u/gamerwolf213	flcrhqg	C
2020-03-24 06:08:56.891295	u/valentinmaican	flcry0u	u/ZooZooBloby	flcnwsp	C
2020-03-24 06:08:58.873026	u/HostMemeMachine	flcry2l	u/Koetshuisluis	flcpv6l	C
2020-03-24 06:09:03.725981	u/sweepingaxis28	flcry6u	u/Jeeva333	flcntp3	C
2020-03-24 06:09:09.655616	u/That_pink_dude	flcrydy	u/BackTireBakhtyar	flck5yd	C
2020-03-24 06:09:13.594046	u/tymek520820	flcryjp	u/kabibovic	flcru67	C
2020-03-24 06:09:19.664689	u/XTMaster	flcryu2	u/Starwarsmemes13	flc8ah7	C
2020-03-24 06:09:25.414307	u/Dontask621311518	flcrz0w	u/CristolerGm	flcqb7q	C
2020-03-24 06:09:36.503832	u/TheRavenfish	flcrzdb	u/oBi_wAN_kENoBI______	flcrw83	C
2020-03-24 06:09:50.963686	u/SunnierFlyer743	flcs069	u/Dark_Kelta	flcfz0t	C
2020-03-24 06:10:18.889414	u/Nephilim016	flcs14s	u/TheLordZee	flcqqdt	C
2020-03-24 06:10:31.406209	u/HackSkillz	flcs1b6	u/Kind-Pop	fl3zlqu	C
2020-03-24 06:10:39.736666	u/DispoKin	flcs1hi	u/tymek520820	flcryjp	C
2020-03-24 06:10:43.357410	u/Naliaklmao	flcs1i4	u/ExperimentalDud	flcnllm	C
2020-03-24 06:11:19.043055	u/Ligma_2_balls	flcs2e0	u/i-dont-fuckin-knoe	flcggwp	C
2020-03-24 06:11:33.868417	u/SquidLogHead	flcs2mg	u/Veyo___	flcrwvk	C
2020-03-24 06:11:43.654425	u/JovanYT_	flcs2v7	u/__Emer__	fl9q3wk	C
2020-03-24 06:12:14.955129	u/DuskTT	flcs3dd	u/bruhmoment126	flcj7mh	C
2020-03-24 06:12:21.921872	u/DuskTT	flcs3lv	u/offrythem	flcke81	C
2020-03-24 06:12:30.616852	u/ReluctantGoalkeeper	flcs3q7	u/Unruh_	flcqyec	C
2020-03-24 06:12:52.799527	u/-bean-man-	flcs432	u/mae-hee-hee	flcpgx7	C
2020-03-24 06:12:58.222027	u/R1C3_FL1CK3R	flcs45a	u/DispoKin	flcs1hi	C
2020-03-24 06:13:01.489116	u/noblesse3232	flcs47q	u/RoboRetro	flcm6s5	C
2020-03-24 06:13:20.993174	u/jcook937uk	flcs4lu	u/Haarrrri	flcrv0w	C
2020-03-24 06:13:28.727093	u/Uneth_ical	flcs4q7	u/A2X-iZED	flcarzb	C
2020-03-24 06:13:33.623550	u/ZaDDyNek	flcs4rv	u/Erik230700	flcqfnx	C
2020-03-24 06:13:47.502919	u/card1al	flcs58j	u/Ninja-nun	flcrhtk	C
2020-03-24 06:14:09.369104	u/SimiReditt58	flcs5ne	u/4thegloryofusername	flbr60c	C
2020-03-24 06:14:26.165920	u/sabSAThai	flcs5wq	u/Pandan_cakes	flcpg30	C
2020-03-24 06:14:46.440724	u/LazyJones1	flcs6fv	u/Razerlwolf	flcr4ks	C
2020-03-24 06:14:53.945901	u/papaya360	flcs6lf	u/arcadianheathen	flcrx9c	C
2020-03-24 06:14:58.734177	u/kearnel81	flcs6qc	u/theknownone849	fnx4qw	S
2020-03-24 06:15:12.388716	u/JafarTheAlien	flcs6zk	u/BracketLess31	flcrk3l	C
2020-03-24 06:15:28.745315	u/littlelinkle	flcs7fv	u/Just2Observe	flcqr1v	C
2020-03-24 06:15:43.763218	u/Bignubie	flcs7sw	u/ionlywantaname	flcryf0	C
2020-03-24 06:16:12.245810	u/bocacr	flcs8ek	u/Potatotheooflord	fl5excx	C
2020-03-24 06:16:28.636108	u/DapperDiglett	flcs8rg	u/dovedevic	fl2izeo	C
2020-03-24 06:16:31.544034	u/BoldMonkeyMan	flcs8sb	u/lowfatyo	flbi8ss	C
2020-03-24 06:16:39.190689	u/Dolph63	flcs8y4	u/abiggj	flcqvsg	C
2020-03-24 06:16:41.094098	u/delolipops666	flcs8ym	u/TheActiveBoy	flcpz7y	C
2020-03-24 06:16:43.048481	u/Bork-Bork03	flcs90l	u/Kind-Pop	fl3zlqu	C
2020-03-24 06:16:47.454486	u/literally_no_skill	flcs95h	u/TheCevi	flcqj0s	C
2020-03-24 06:16:54.029990	u/Raminax	flcs98s	u/benhateskpop73	flcrigr	C
2020-03-24 06:16:57.708052	u/delolipops666	flcs9bl	u/Respect_Paying_Bot	flcpoak	C
2020-03-24 06:17:19.835580	u/suckerofspoons	flcs9uu	u/cat_on_crack_	flcs0y3	C
2020-03-24 06:17:37.275795	u/slapdashharry	flcsa7e	u/Dokrin3	flc02lv	C
2020-03-24 06:17:43.540640	u/MemeBoy2008XD	flcsacx	u/StupidAshMains	flcoir1	C
2020-03-24 06:17:45.259712	u/misterp4in	flcsafu	u/Haarrrri	flcjutt	C
2020-03-24 06:18:25.967214	u/Tookurcash	flcsbor	u/Justinfromheaven	flcrnef	C
2020-03-24 06:18:38.193293	u/SomeRandomDood007	flcsc4e	u/APenny-ForA-Thought	flc8l9r	C
2020-03-24 06:18:40.510296	u/Pupuhi420	flcsc5n	u/roasted_0reo	flch7p6	C
2020-03-24 06:18:56.817362	u/Quas4545	flcscuk	u/BleachIF	flc9lwx	C
2020-03-24 06:19:05.119714	u/men68	flcsczh	u/AutoModerator	flcsbvr	C
2020-03-24 06:19:07.192934	u/panda_kult	flcsd19	u/suchlinglingwannabe	flcofl2	C
2020-03-24 06:19:09.835037	u/oonichaaan	flcsd3h	u/Armed-Gamer	flclvky	C
2020-03-24 06:19:12.414676	u/libonibo2	flcsd6n	u/Haarrrri	flcjutt	C
2020-03-24 06:19:17.974067	u/daddyslayer469	flcsdib	u/theknownone849	flc00pe	C
2020-03-24 06:19:27.040045	u/ReMaes	flcsdwo	u/SunnierFlyer743	flcs069	C
2020-03-24 06:19:34.025967	u/eRaid_oPlaiN	flcseab	u/ApUmKinFaCe	flcrnyu	C
2020-03-24 06:19:41.315550	u/k8blwe	flcselq	u/ItzTrixterzz	flcjl4y	C
2020-03-24 06:19:46.605201	u/sumGUDsh_t	flcsevc	u/ApUmKinFaCe	flcrnyu	C
2020-03-24 06:19:51.939311	u/ThatLampIsFloating	flcsf2t	u/steamybathtub	flckyel	C
2020-03-24 06:19:56.621120	u/R3dray	flcsfby	u/A-gamer69	flcorrc	C
2020-03-24 06:20:13.182185	u/M3x3M	flcsg6f	u/delolipops666	flcs8ym	C
2020-03-24 06:20:41.119559	u/dearie123	flcsgz6	u/Haarrrri	flcs4z7	C
2020-03-24 06:20:45.804284	u/jcrdcn	flcsh3i	u/TOBY-FOXXXXXXXXXXX	flcaekc	C
2020-03-24 06:20:49.370621	u/landrover97centre	flcsh4d	u/Elementz033	flcrpbj	C
2020-03-24 06:21:40.672943	u/tntyeeterOOF	flcsije	u/valentinmaican	flcry0u	C
2020-03-24 06:21:47.426808	u/BigPharmaFinance	flcsiud	u/Vampire21YT	flcphod	C
2020-03-24 06:21:56.294815	u/Factorial5	flcsj3z	u/osama_bin_ladders	flcrrm3	C
2020-03-24 06:22:07.368910	u/popsicola13	flcsjdo	u/iagofever	flcphu1	C
2020-03-24 06:22:14.609099	u/kriptic_cobra123	flcsjg3	u/Eclihpze44	flcrxd0	C
2020-03-24 06:22:19.120153	u/Factorial5	flcsjhr	u/osama_bin_ladders	flcrrm3	C
2020-03-24 06:22:30.785690	u/f13xsvv4G	flcsjsz	u/gab5813	flcrnh4	C
2020-03-24 06:22:37.409490	u/S7B03	flcsjv5	u/No1UNeau	flbzle9	C
2020-03-24 06:22:39.634735	u/daf00londahill	flcsjvh	u/Myroyes2	flcs9i3	C
2020-03-24 06:22:46.301107	u/Sterooka	flcsk07	u/777Nja	flcmesw	C
2020-03-24 06:22:57.390501	u/harigesh	flcsk8c	u/i-dont-fuckin-knoe	flcggwp	C
2020-03-24 06:22:59.589149	u/MahiBoi	flcskad	u/DamzGaming	flck30i	C
2020-03-24 06:23:19.566699	u/hulovaa	flcskrb	u/men68	flcsino	C
2020-03-24 06:23:46.350806	u/UomoPecora_	flcsle5	u/R1C3_FL1CK3R	flcs45a	C
2020-03-24 06:24:15.301789	u/AmateurLord	flcsly5	u/inbred_bread	flcrnsk	C
2020-03-24 06:24:19.760656	u/moonydream	flcsm05	u/tntyeeterOOF	flcsije	C
2020-03-24 06:24:21.888820	u/Yeti_ass_gap_is_real	flcsm1n	u/Tru_Drone_Videos	flcedv4	C
2020-03-24 06:24:32.775735	u/suaiver1	flcsmda	u/darthmenace666	flcftdm	C
2020-03-24 06:25:03.677148	u/villis85	flcsmu9	u/ReMaes	flcsdwo	C
2020-03-24 06:25:22.083797	u/Popper_79	flcsn4m	u/D-Celestial	flcq4s2	C
2020-03-24 06:25:32.075410	u/suaiver1	flcsnd7	u/ManOfJapaneseCulture	flclu7k	C
2020-03-24 06:25:38.751757	u/Chris-P	flcsnfv	u/composer207	flcm546	C
2020-03-24 06:25:58.114061	u/Wooooshmepleb	flcsnxt	u/ItsDempiTime	flcqcd9	C
2020-03-24 06:26:20.844414	u/blikakisthepro	flcsokj	u/MemeForPresident	flcoiy8	C
2020-03-24 06:27:02.913911	u/kyoger_Busted	flcsper	u/AutoModerator	flcso8h	C
2020-03-24 06:28:23.744157	u/joepardy	flcsrxr	u/E-L-O-N_M-U-S-K	flcknbg	C
2020-03-24 06:28:34.027728	u/ThePringleMaster	flcss8v	u/shaz-123	flcrrx9	C
2020-03-24 06:28:49.977067	u/thestargateking	flcssn2	u/ItsRylannnnnnn	flcrzhn	C
2020-03-24 06:28:58.105859	u/thestargateking	flcssz8	u/thestargateking	flcssn2	C
2020-03-24 06:29:00.758757	u/lame_not_lame	flcst20	u/SkyRocketMiner	flcevni	C
2020-03-24 06:29:20.035285	u/thebirdsarefake	flcstxc	u/Choppycow123	flch8gd	C
2020-03-24 06:29:37.648663	u/spagitypotato	flcsuei	u/darwin_vinci7	flcoc0u	C
2020-03-24 06:29:38.634440	u/genki__dama	flcsuf1	u/MemeForPresident	flcoiy8	C
2020-03-24 06:29:39.569645	u/ziemmniaczek	flcsug9	u/Chris-P	flcsnfv	C
2020-03-24 06:29:40.507460	u/HaZzePiZza	flcsugk	u/TheAllKnowingCharles	flbb6wl	C
2020-03-24 06:29:41.941904	u/Adolf__Hitler69420	flcsuhy	u/GeneralSpeedy	flcrjje	C
2020-03-24 06:29:46.956868	u/Yeet3579	flcsuul	u/mushroomtime_2	flcqsvp	C
2020-03-24 06:29:50.928545	u/raimix27	flcsv29	u/MisoChang	flcru0z	C
2020-03-24 06:29:55.874276	u/T-Series-Destroyer	flcsvco	u/JafarTheAlien	flcs6zk	C
2020-03-24 06:30:15.796340	u/_MystiiK	flcsvxm	u/jess-jess-jesse	flcpr93	C
2020-03-24 06:30:30.247525	u/AcidNewports	flcsw9l	u/ziemmniaczek	flcsmi1	C
2020-03-24 06:30:35.967023	u/JUT1N	flcswcd	u/uncoded_decimal	flcq0p5	C
2020-03-24 06:31:02.967252	u/i-savage	flcswrx	u/as_a_pan	flcp6j9	C
2020-03-24 06:31:07.648181	u/ionmatika	flcswvr	u/Factorial5	flcsl55	C
2020-03-24 06:31:26.692417	u/DAVID_STECHERUL	flcsx8s	u/Marky_Mark_Official	flcrv0t	C
2020-03-24 06:31:32.366580	u/Rittersepp	flcsxd9	u/Redatoir	flckqke	C
2020-03-24 06:32:03.634950	u/HotSauce2319	flcsy7p	u/Dark_Kelta	flcfz0t	C
2020-03-24 06:32:09.887461	u/StnVogel	flcsyc2	u/10Hyperon	flcoubk	C
2020-03-24 06:32:14.339014	u/Memerguyy	flcsydd	u/eszynka	flcskcx	C
2020-03-24 06:32:20.307311	u/krabbstone	flcsyg8	u/Myroyes2	flcs9i3	C
2020-03-24 06:32:31.174737	u/Originalname57	flcsyi0	u/InedibleTaco	flcr497	C
2020-03-24 06:33:11.639980	u/Cursed_Lad123	flcszg0	u/Abhinav_C_Raj	flcs0lw	C
2020-03-24 06:33:36.348401	u/Thottianas-Dad	flcszsy	u/Miku018	flcq9r0	C
2020-03-24 06:33:50.187986	u/YEET_STAR	flct03g	u/osama_bin_ladders	flcrw4o	C
2020-03-24 06:33:58.735202	u/L_a_i_k_a	flct0lz	u/eRaid_oPlaiN	flcseab	C
2020-03-24 06:34:01.852795	u/thetestk	flct0qo	u/santkedar	flcrqpc	C
2020-03-24 06:34:07.704843	u/YEET_STAR	flct0vi	u/AutoModerator	flcqos3	C
2020-03-24 06:34:11.054538	u/Spicy-Mario-Bois	flct0xz	u/Coach_From_L4D	flcszbo	C
2020-03-24 06:34:18.372239	u/YEET_STAR	flct16d	u/YaYeet69696969	flcquhe	C
2020-03-24 06:34:28.830638	u/Gaiman69	flct1dc	u/PoodleTheDoodle	flcsy01	C
2020-03-24 06:34:34.328319	u/OneShotMeta	flct1j1	u/luesewr	flcmkg8	C
2020-03-24 06:34:37.305193	u/Doriphor	flct1l7	u/mememaster69420911	flcq1ku	C
2020-03-24 06:34:40.404208	u/MarijaGryff	flct1m6	u/Raminax	flcs98s	C
2020-03-24 06:34:51.995841	u/Noodle__Poodle	flct1zx	u/taktahu	flcsvg6	C
2020-03-24 06:35:00.739859	u/RedheadedUndead	flct286	u/nOt-ClicK-bAiT	flcsmaa	C
2020-03-24 06:35:11.271268	u/SebCard211	flct2ft	u/nOt-ClicK-bAiT	flcsmaa	C
2020-03-24 06:35:50.627109	u/menitos_irl	flct3cj	u/shaggyjonny	flcrras	C
2020-03-24 06:35:58.447105	u/JimBozatz	flct3oh	u/aftensmilk	flct2tl	C
2020-03-24 06:36:28.269390	u/NameRofl	flct4so	u/thetestk	flct0qo	C
2020-03-24 06:36:39.643058	u/itsfreerealestate99	flct54a	u/ureverydayuser	flcnn8u	C
2020-03-24 06:36:48.379489	u/blablasomebody	flct5e5	u/DogeCoinNut22	flcqn6z	C
2020-03-24 06:36:57.136107	u/taboopancake007	flct5jl	u/i-dont-fuckin-knoe	flc8897	C
2020-03-24 06:37:06.626323	u/Kremiitt	flct5y2	u/sgx739_1	flcss6f	C
2020-03-24 06:37:14.588767	u/spectre66647	flct62l	u/tessellationarium	flc8ssw	C
2020-03-24 06:37:21.377352	u/TheOneKura	flct68l	u/shaggyjonny	flcofqx	C
2020-03-24 06:37:38.610424	u/FettigerBurger	flct6ty	u/Haarrrri	flcjutt	C
2020-03-24 06:37:41.218058	u/Owlbusta	flct6v5	u/commandoconnor55	flckmbh	C
2020-03-24 06:37:44.699871	u/god_rolled	flct6wl	u/shirukien	flbypzz	C
2020-03-24 06:37:46.545468	u/itsyaboivltrix	flct6zq	u/rappelsap	flcrhno	C
2020-03-24 06:37:59.256036	u/Rarekokochi	flct7br	u/shaggyjonny	flcrras	C
2020-03-24 06:38:08.705849	u/Chocolat_Inaba	flct7oq	u/Respect_Paying_Bot	flct5or	C
2020-03-24 06:38:10.358411	u/ScottishPatriot54	flct7ou	u/kyoger_Busted	flcsv5m	C
2020-03-24 06:38:12.031924	u/Valle_1509	flct7pb	u/ThatLampIsFloating	flcsf2t	C
2020-03-24 06:38:20.083544	u/PickAChou	flct7xc	u/my_name_ahhh_walk	flck8hn	C
2020-03-24 06:38:21.724881	u/YingyaoTan	flct7yh	u/Armor_of_Thorns	flcb2gn	C
2020-03-24 06:38:35.906514	u/ShadowGames_	flct865	u/RedHood290	flcsac2	C
2020-03-24 06:38:49.302080	u/Sandr0Spaz	flct8w8	u/Chris-P	flcsxhz	C
2020-03-24 06:38:51.610474	u/Flitwick87	flct90j	u/Kfuf	flcrsnj	C
2020-03-24 06:38:56.520928	u/ProphecyRat2	flct94p	u/ChampagneCJ	flbtqz7	C
2020-03-24 06:39:09.341491	u/Pornhub-CEO	flct9nd	u/ShadowGames_	flct865	C
2020-03-24 06:39:12.496092	u/dtlear	flct9pv	u/JoeMomma780	flcoeia	C
2020-03-24 06:39:16.837610	u/Finan02	flct9vc	u/CJMighty0	flcsfxf	C
2020-03-24 06:39:21.941374	u/_creestee_	flcta1b	u/reservior-puppies	flcbvxi	C
2020-03-24 06:39:36.042980	u/Jorsk3n	flctalk	u/YesILikePizza	flcmf0h	C
2020-03-24 06:39:51.858652	u/TheBoredTeen14	flctbeo	u/delolipops666	flcohjr	C
2020-03-24 06:40:14.854145	u/TrIbOiD_RaJa	flctckj	u/Dark_Kelta	flcfz0t	C
2020-03-24 06:40:28.170990	u/JLaw2112	flctctj	u/SHOOTERNOOB	flcr0lm	C
2020-03-24 06:40:33.919999	u/daddypig31	flctd1y	u/The_phoenix_kun	flcr0n1	C
2020-03-24 06:40:52.900902	u/Atnedr	flctdiq	u/MrKrabs13	flcshqv	C
2020-03-24 06:41:03.665450	u/Flareexx	flctdod	u/ReadItAlready_	fl5dcgu	C
2020-03-24 06:41:16.785688	u/KingOfDragons0	flctdzu	u/_-_Rasse_-_	flcq5ce	C
2020-03-24 06:41:51.525000	u/yoerdw	flctf7k	u/meme_a_licious	flcj1dd	C
2020-03-24 06:42:20.646184	u/LitLrhu	flctfyf	u/OverBakedParsnip	flct4t8	C
2020-03-24 06:42:23.974664	u/squiddywoomy	flctg0d	u/luca01d	flcsts7	C
2020-03-24 06:42:49.399978	u/MrNiccotime	flctgoq	u/abductedpeanut	flcnbwt	C
2020-03-24 06:43:00.102431	u/R_Zamo360	flctgy4	u/jess-jess-jesse	flct2hq	C
2020-03-24 06:43:03.833759	u/Mogalle	flcth1p	u/Toxic_deadeye	flcq6gc	C
2020-03-24 06:43:24.029579	u/igotangerissues	flcthjy	u/NZK860	flclioi	C
2020-03-24 06:43:39.559442	u/IAubz	flcthyl	u/thekeenspartan	flc8p9u	C
2020-03-24 06:43:58.115002	u/FoodDoggo	flctii5	u/Blenderrrowo	flcs6gv	C
2020-03-24 06:44:04.318575	u/wings3229	flctil2	u/Haarrrri	flcjutt	C
2020-03-24 06:44:18.134213	u/HaroonKausar	flctipp	u/offrythem	flcm5kz	C
2020-03-24 06:44:40.662738	u/_prackash_	flctj7v	u/baobaab	flcmv4p	C
2020-03-24 06:44:45.840892	u/Squidqua	flctjfa	u/BunkerBuster22	flbtli0	C
2020-03-24 06:44:56.074212	u/-RAPHAL-	flctjnd	u/CristolerGm	flbi9i9	C
2020-03-24 06:45:21.908856	u/Rylensmommy18	flctkbz	u/Gozertank	flctbkp	C
2020-03-24 06:45:47.760934	u/E560000	flctktu	u/annoying_ravenclaw	flct2fs	C
2020-03-24 06:46:14.234516	u/E560000	flctlh9	u/Doctor-Rat-32	flct7l5	C
2020-03-24 06:46:18.113309	u/TrueIndigoboi	flctljw	u/Dbanzai	flctkot	C
2020-03-24 06:46:28.510056	u/supercoolfluid	flctltg	u/annoying_ravenclaw	flcrb17	C
2020-03-24 06:46:38.524680	u/paugonc	flctm36	u/RepostSleuthBot	flctl2y	C
2020-03-24 06:46:51.690518	u/assmuncher69696699	flctmkj	u/peterchijioke28	flctl8f	C
2020-03-24 06:47:13.783287	u/catonbuckfast	flctn8d	u/NewAgeDoom	flctmcj	C
2020-03-24 06:47:18.457845	u/dallash93	flctndb	u/Boomerboi2	flct8sy	C
2020-03-24 06:47:45.188359	u/Eddie_crigen	flcto1g	u/redditguylol1	flcp39x	C
2020-03-24 06:47:51.038944	u/Da_Big_Gay	flcto8c	u/Wwulven	flcr0nk	C
2020-03-24 06:47:56.114603	u/FeFiFoPinky	flctock	u/LitLrhu	flctfyf	C
2020-03-24 06:48:11.919101	u/flamedrifter	flctoxa	u/k8blwe	flcselq	C
2020-03-24 06:48:28.014238	u/-Leviii-	flctp9h	u/AutoModerator	flc9a2c	C
2020-03-24 06:48:36.960686	u/Toxreg	flctpqc	u/Dark_Kelta	flcfz0t	C
2020-03-24 06:48:39.388967	u/Icy313	flctpuf	u/epicgamer6-9-420	flcog6f	C
2020-03-24 06:49:00.071365	u/M_Moriarty	flctqa0	u/smoll_boi_fire	flcr1b0	C
2020-03-24 06:49:26.775918	u/DerKaempfer_HD	flctr3o	u/sammorrison9800	fnrgs1	S
2020-03-24 06:49:34.091397	u/NobleMercenary21	flctraz	u/composer207	flcm546	C
2020-03-24 06:49:40.322728	u/Bensezer	flctrkk	u/Haarrrri	flcs5yy	C
2020-03-24 06:49:41.978389	u/Fierce_gamer-_-	flctrmj	u/Jigganibba	flct2x9	C
2020-03-24 06:49:44.044613	u/stormtrooper365	flctrox	u/Kons37	flcth7h	C
2020-03-24 06:50:21.569822	u/EneXo	flcttjp	u/Truuuliiim	flcswko	C
2020-03-24 06:50:59.229528	u/g041	flctupu	u/lv_Mortarion_vl	flcs1ax	C
2020-03-24 06:52:17.615176	u/HEisDEPIY	flctwrh	u/AwkwardAutisticKido	flcrcrm	C
2020-03-24 06:52:54.385810	u/tntdip	flcty3c	u/RepostSleuthBot	flbtb5e	C
2020-03-24 06:53:28.185885	u/Fermion96	flctz21	u/RepostSleuthBot	flctsp2	C
2020-03-24 06:53:48.130391	u/epikvibes	flctzs8	u/luca01d	flcsqtj	C
2020-03-24 06:54:02.171749	u/LT08978	flcu09m	u/Sasabud	flcdlqi	C
2020-03-24 06:54:29.881589	u/LT08978	flcu0z5	u/TheGr8Canadian	flcex09	C
2020-03-24 06:54:31.943796	u/Ferral_Cat	flcu10t	u/modsarebiggae	flcbc0k	C
2020-03-24 06:54:36.074446	u/dylanstacey05	flcu18p	u/CorrosiveToxicz	flcnspp	C
2020-03-24 06:54:44.537092	u/TrollTygo	flcu1hh	u/Zuid-Nederland	flco7i8	C
2020-03-24 06:54:47.575920	u/Florio805	flcu1jw	u/DatGuy2007	flctgdd	C
2020-03-24 06:55:05.180089	u/Superbase101	flcu239	u/kyoger_Busted	flcszy8	C
2020-03-24 06:55:10.454485	u/LT08978	flcu24p	u/genital_rot	flcdh37	C
2020-03-24 06:55:24.708322	u/dionysius260594	flcu2hl	u/astonishedplant	flbnrv0	C
2020-03-24 06:55:30.663157	u/LT08978	flcu2l2	u/CyberKitten05	flcdlp1	C
2020-03-24 06:55:46.415855	u/TriRAMitops	flcu2to	u/StupidAshMains	flcoir1	C
2020-03-24 06:56:14.943198	u/VDGSimon	flcu3pa	u/Rae-The-Dude	flcu2lz	C
2020-03-24 06:56:34.118002	u/Elbandito78	flcu49i	u/landrover97centre	flcsui6	C
2020-03-24 06:57:04.928005	u/shadow-------	flcu5em	u/_Well_Timed_Gimli_	flcr9qy	C
2020-03-24 06:57:13.098688	u/Darkxero1312	flcu5nb	u/Rheevalka	flct0wl	C
2020-03-24 06:57:16.747467	u/mintydonut	flcu5rq	u/gab5813	flcrvmj	C
2020-03-24 06:57:36.813538	u/ujfeik	flcu6n6	u/MemeBoi2077	flconrc	C
2020-03-24 06:57:39.404345	u/TheKabow	flcu6o6	u/aftensmilk	flcu5f2	C
2020-03-24 06:57:47.589976	u/kortewegdevries	flcu6s7	u/Cobra_69420	flcu4n4	C
2020-03-24 06:57:58.200503	u/SaudAbdullah	flcu753	u/RepostSleuthBot	flctuiv	C
2020-03-24 06:57:59.913839	u/Newastro	flcu75o	u/Zafk13l	flcu2qs	C
2020-03-24 06:58:12.953780	u/TheKabow	flcu7gp	u/aftensmilk	flcu6xm	C
2020-03-24 06:58:14.670753	u/Squiddo11	flcu7gy	u/RepostSleuthBot	flcu76x	C
2020-03-24 06:58:47.935641	u/Jude_memer	flcu8lj	u/tskank69	flcqq4i	C
2020-03-24 06:58:55.835747	u/justbc324	flcu8sp	u/Wadd13-	flcaxed	C
2020-03-24 06:59:00.224579	u/SaudAbdullah	flcu8wq	u/RepostSleuthBot	flcu5px	C
2020-03-24 06:59:02.419186	u/romankurazhev	flcu8yv	u/SevenIsNotANumber	flcmafn	C
2020-03-24 06:59:21.503704	u/spheroll	flcu9rz	u/RepostSleuthBot	flcu92m	C
2020-03-24 06:59:34.102555	u/DynamiteDogTNT	flcua5i	u/RepostSleuthBot	flctk0f	C
2020-03-24 06:59:42.192508	u/Ramverk	flcuagr	u/philippepatek	flcpp4i	C
2020-03-24 06:59:47.251820	u/D3adlyN00b	flcuajv	u/OverBakedParsnip	flct4t8	C
2020-03-24 06:59:54.030998	u/roolinheart	flcub27	u/HostMemeMachine	flcry2l	C
2020-03-24 06:59:56.463509	u/ImQuietGhost	flcub6z	u/moncerdis	flcran7	C
2020-03-24 06:59:57.433125	u/DANGERMAN50000	flcub7c	u/i-dont-fuckin-knoe	flcggwp	C
