2020-03-29 13:00:42.420517	u/Some-random-chicken	fludy8l	u/6942051	flu9jq3	C
2020-03-29 13:01:02.267056	u/fastandforza3	fludyql	u/Jibaakoma	flcck17	C
2020-03-29 13:01:04.578058	u/kalefruit	fludyr9	u/redneckjesus05	flud9qr	C
2020-03-29 13:01:40.816643	u/JustAwesome360	fludzb0	u/unclecaruncle	flud7mu	C
2020-03-29 13:01:44.382190	u/Parabatoi	fludzen	u/Bmurrderjr	flu2nws	C
2020-03-29 13:01:50.818331	u/noCookies4BadPeople	fludzqg	u/Xploiter_RBLX	fludp94	C
2020-03-29 13:02:06.946662	u/NalySacha	flue05o	u/Little_Deadeye	fludjyn	C
2020-03-29 13:02:13.968090	u/Jezzmund	flue09t	u/health-safety-bot	fluds21	C
2020-03-29 13:02:18.657101	u/666DiceGoblins	flue0d9	u/Xploiter_RBLX	fludv54	C
2020-03-29 13:02:32.291303	u/Waldoseraldovaldo	flue0xg	u/Patrick_Bot2	fltbtgc	C
2020-03-29 13:02:45.182997	u/Mr_Putin_	flue1ca	u/doge260	fludhy0	C
2020-03-29 13:02:47.338153	u/Noahs132	flue1dz	u/DrCREEPYFRI	flu64cq	C
2020-03-29 13:03:45.082811	u/Marshund06	flue31t	u/holve	fltqas1	C
2020-03-29 13:03:49.408756	u/MatchPotatoes	flue364	u/Marrossii	fltopkk	C
2020-03-29 13:03:59.206933	u/darkbankai20	flue3di	u/jvdrba	flua407	C
2020-03-29 13:04:01.309675	u/Craigmeister999	flue3i7	u/Xploiter_RBLX	fludr0u	C
2020-03-29 13:04:05.584289	u/RFGRaven	flue3jv	u/MaxTheHomie5012	flt645a	C
2020-03-29 13:04:13.458488	u/sitonyou10	flue3t1	u/fualtyzane	fludlx0	C
2020-03-29 13:04:18.886328	u/an_actual_bee	flue42e	u/Ashe2420	fr6fn9	S
2020-03-29 13:05:02.126607	u/UsualRoyal1	fluf8bp	u/yomamasofathahaha	fluesl0	C
2020-03-29 13:05:15.774713	u/m-for-majorka	fluf8v0	u/Xploiter_RBLX	fluf3dv	C
2020-03-29 13:05:21.389307	u/Ar_to	fluf968	u/wutadamyt	flu5r67	C
2020-03-29 13:05:31.949673	u/likeablet0m	fluf9p3	u/drewlong2904	flu3a8u	C
2020-03-29 13:05:37.812715	u/Itzurboi990	fluf9tz	u/caesarinthefreezer	fluay3i	C
2020-03-29 13:06:12.791312	u/DMCdante96	flufb32	u/Xploiter_RBLX	fluef2s	C
2020-03-29 13:06:14.751286	u/tezas23	flufb3m	u/viagrosexperimentos	fluf7r4	C
2020-03-29 13:06:23.931899	u/RubberDuke1	flufb8k	u/TerraNova3693	fls7rat	C
2020-03-29 13:06:32.971920	u/wartrader1st	flufbli	u/SeaSmokie	flu24wl	C
2020-03-29 13:06:34.861851	u/Random0s2oh	flufbnf	u/Windmill_cookie	fltnj9n	C
2020-03-29 13:06:45.642407	u/PostProp	flufc8n	u/FBI_03	fltpvvw	C
2020-03-29 13:06:47.668823	u/Hamzah12	flufc94	u/crystalcanary26	flu5q7o	C
2020-03-29 13:06:53.288034	u/ConkeMan	flufcgz	u/ijustlurkhereintheAM	flu3b3y	C
2020-03-29 13:06:58.767394	u/mandelbrottet	flufcm8	u/Xploiter_RBLX	flue38f	C
2020-03-29 13:07:07.860466	u/BornedNerd	flufd17	u/RepostSleuthBot	fluao6t	C
2020-03-29 13:07:09.801179	u/WildN0X	flufd28	u/Meyousus	fltzpdw	C
2020-03-29 13:07:17.636059	u/CarlosGarriz	flufdce	u/Xploiter_RBLX	flueuxc	C
2020-03-29 13:07:22.164913	u/SmartFrldge	flufdm2	u/Icepad123	fluf9ut	C
2020-03-29 13:07:32.780573	u/ZukTheCuk	flufe60	u/EkinPolarBear	flufcf8	C
2020-03-29 13:07:34.589968	u/Pro_M_the_King52	flufe6n	u/Xploiter_RBLX	fluf3xj	C
2020-03-29 13:07:36.274716	u/lvtn11	flufe74	u/Xploiter_RBLX	flufbd6	C
2020-03-29 13:07:41.593078	u/harry_stuff	flufea6	u/BeginReganPalestine	flu8nbt	C
2020-03-29 13:08:07.353652	u/Pequod_The_Sleek	fluff92	u/fualtyzane	fluesgv	C
2020-03-29 13:08:22.637406	u/Anonymous_salt	fluffw6	u/randomgarbage332	flu5f00	C
2020-03-29 13:08:38.530804	u/GandalfSwagOff	flufgo1	u/Xploiter_RBLX	flueg4m	C
2020-03-29 13:08:42.843333	u/Vrikkiegikk	flufgqw	u/Shrey_Kira	fluf9v4	C
2020-03-29 13:08:45.061215	u/maxikobi	flufgx1	u/Kami103	fluf9pj	C
2020-03-29 13:08:51.905453	u/HarryShachar	flufh46	u/Xploiter_RBLX	fluetm2	C
2020-03-29 13:09:06.710940	u/Zero_Ranger423	flufhuf	u/That2NerdJacob	flo4ivx	C
2020-03-29 13:09:09.998803	u/Bronze-Never-Die	flufi18	u/ITIZJAKE	fltt3qv	C
2020-03-29 13:09:12.662273	u/its_xxjvxx	flufi1r	u/coding_pikachu	flucsvj	C
2020-03-29 13:09:29.622046	u/TheDrCAS	flufj27	u/Kind-Pop	fl3zlqu	C
2020-03-29 13:09:34.735303	u/lil_Chano89	flufji9	u/Snaper_XD	fludla3	C
2020-03-29 13:09:35.798985	u/Monkeylord2392	flufjjf	u/carlomarx1234	fluf7ie	C
2020-03-29 13:09:39.880309	u/DetectiveMinh	flufjpz	u/JoKeQr	fluf8hq	C
2020-03-29 13:10:26.159908	u/BrianKnowsWhatYouDid	flufl7e	u/lemons-for-me	flueia7	C
2020-03-29 13:10:29.687451	u/Nastu69	flufl8h	u/Kami103	fluf2d4	C
2020-03-29 13:11:01.609735	u/shirogmv	flufm6n	u/mheurtevent1	fluapw1	C
2020-03-29 13:11:26.354196	u/PM_SWEATY_NIPS	flufmla	u/Shadowbomb05	fltx1cb	C
2020-03-29 13:11:48.088980	u/devanshzz	flufn0f	u/MrProbation	flufjgq	C
2020-03-29 13:12:16.862321	u/VirtualButt	flufntf	u/viagrosexperimentos	flue8ky	C
2020-03-29 13:12:22.680072	u/wastemylifewithvines	flufnya	u/DaWhiteLight	flues89	C
2020-03-29 13:12:46.240087	u/tetherted97	flufoqh	u/viagrosexperimentos	flue8ky	C
2020-03-29 13:13:02.753535	u/bread-snakes	flufoyo	u/Danny_Devito_Slut	flu5q67	C
2020-03-29 13:13:12.931579	u/dopebaba27	flufp7v	u/fualtyzane	fludsp7	C
2020-03-29 13:13:30.541708	u/The_Lord_Of_Owls	flufpld	u/fualtyzane	flsdkck	C
2020-03-29 13:14:17.375991	u/scrabblebutwhy	flufqv6	u/Rufousfilly5	flueozg	C
2020-03-29 13:14:28.723438	u/erickurn	flufr9f	u/Xploiter_RBLX	flueh48	C
2020-03-29 13:14:31.935613	u/LittleBlueNerd	flufrc6	u/sour-lemon-bowl101	fltzxey	C
2020-03-29 13:14:38.023114	u/Hollow_Logic	flufrib	u/RepostSleuthBot	fluao6t	C
2020-03-29 13:14:50.815491	u/Booji-Boy	flufrpp	u/sour-lemon-bowl101	fltzxey	C
2020-03-29 13:14:59.320286	u/Prab02	flufryj	u/RepostSleuthBot	flufm6g	C
2020-03-29 13:15:10.801897	u/CrISpYisMycIty	flufsh5	u/rock_lee_555	flueq83	C
2020-03-29 13:15:15.999029	u/FreedomDIEv	flufsls	u/viagrosexperimentos	flue8ky	C
2020-03-29 13:15:22.471699	u/HopefulGenesis	flufsob	u/captanacho	fltrypc	C
2020-03-29 13:15:47.673131	u/Freesin	fluftry	u/delete_techies	flufaxe	C
2020-03-29 13:16:05.148861	u/BigHadgi	fluftzv	u/Sayeet0620	fluec4j	C
2020-03-29 13:16:13.888022	u/SebEzra	flufubq	u/Prab02	flufryj	C
2020-03-29 13:16:16.545774	u/Thesuperslipperywhal	flufudr	u/vjdeep	fludj93	C
2020-03-29 13:16:19.144082	u/Farha_MyCatIsCuter	flufuh7	u/dead-memes-man64	flt26zk	C
2020-03-29 13:16:37.450342	u/koralien8594	flufv43	u/kissanimeuse	flua5cz	C
2020-03-29 13:17:22.491561	u/wecouldbethestars	flufwof	u/Spicymemez17	fltzq2i	C
2020-03-29 13:17:25.667359	u/Yeboinugget	flufwqg	u/seekmelissa	flufukn	C
2020-03-29 13:17:29.703390	u/_anguloco_	flufwzu	u/Xploiter_RBLX	flufuow	C
2020-03-29 13:17:42.310764	u/Gamenite69	flufxnl	u/Horizon2910	fltg343	C
2020-03-29 13:18:00.013081	u/SovietOnion690	flufyao	u/M4rkoz	fltvs39	C
2020-03-29 13:18:04.075030	u/TheDawgMarty	flufygh	u/RepostSleuthBot	flubi33	C
2020-03-29 13:18:14.104994	u/zxrxdiangelo	flufyxl	u/IsgSaN20	fludbld	C
2020-03-29 13:18:17.586843	u/CrownedByBirth	flufzam	u/Boudac123	fludul9	C
2020-03-29 13:18:27.009497	u/teh_gore_man	flufzmc	u/xX_CommanderPuffy_Xx	flu6h91	C
2020-03-29 13:18:58.868231	u/nunesws	flug0rh	u/RepostSleuthBot	flu1pha	C
2020-03-29 13:19:03.095553	u/R0b0Saurus	flug0wu	u/_Progamerbutpoor_	flu83zy	C
2020-03-29 13:19:08.549046	u/AySonny	flug14r	u/urmummygaaaay	flufrin	C
2020-03-29 13:19:13.062534	u/Cbork_88	flug18b	u/boobiedicky69	flufvsc	C
2020-03-29 13:19:42.313480	u/AmazingAlice	flug2kq	u/CTHULHUMEMES	flti3gu	C
2020-03-29 13:19:48.314125	u/WhyMeBurger	flug36t	u/littlefar	flufqfl	C
2020-03-29 13:19:56.025979	u/Buster_Boomer_21	flug3un	u/Kyle_01110011	flug0sc	C
2020-03-29 13:21:52.679474	u/Excel099	flug7h0	u/eli-di	flu1wgc	C
2020-03-29 13:22:00.434745	u/DRAGONFLAM3	flug7rk	u/RepostSleuthBot	flug6ev	C
2020-03-29 13:22:07.507147	u/Reddy3213	flug7v5	u/Cramble1952001	fltpek6	C
2020-03-29 13:22:15.538801	u/Pixelated_3a	flug809	u/LT356	fltynab	C
2020-03-29 13:22:22.079112	u/kolune	flug848	u/Xploiter_RBLX	flufpa5	C
2020-03-29 13:22:33.514616	u/vRevel	flug8cz	u/trislerp	fltdnuu	C
2020-03-29 13:22:46.077940	u/Handless_soap	flug8yl	u/Freesin	fluftry	C
2020-03-29 13:23:04.185907	u/SigmundFrog	flug9p2	u/eddaviess2	fluba64	C
2020-03-29 13:23:09.652494	u/scottyboi1337	flug9ru	u/FBI_Agent_82	flu9bf4	C
2020-03-29 13:23:20.833787	u/Lostmediafinder	fluga8z	u/TheChocolateCray	flug6ga	C
2020-03-29 13:23:45.816418	u/ShimReturns	flugbcj	u/R3spectedScholar	fludc98	C
2020-03-29 13:25:07.996763	u/DestinyDroid	flugdpj	u/lrsyeet	flto7m6	C
2020-03-29 13:25:21.845578	u/purifiedNugget	flugecl	u/bunnywithahammer	fltr4sz	C
2020-03-29 13:25:27.722900	u/ploplo3876	flugenq	u/Warden-Stone	fltoix7	C
2020-03-29 13:26:49.012341	u/BigFuckingCunt	fluggen	u/Xploiter_RBLX	flufuzr	C
2020-03-29 13:26:55.719758	u/cabinoose	fluggju	u/Kami103	flueomc	C
2020-03-29 13:27:24.148991	u/BraBro-1234	flughkj	u/ZkioA	flu1j66	C
2020-03-29 13:27:38.633193	u/sylvain147	flughzr	u/superman5837	flu6e0g	C
2020-03-29 13:27:49.307608	u/Anime_otaku_kun	flugint	u/Farha_MyCatIsCuter	flug2qg	C
2020-03-29 13:27:50.862232	u/FrankAnthonyIeroJr	fluginy	u/justbigmeme	fltzyhk	C
2020-03-29 13:28:04.545883	u/SeeYourselfOut	flugj1v	u/Thememelord9002	flugc0z	C
2020-03-29 13:28:18.528634	u/CipherDoc34	flugjt1	u/sweaty_spaghetti-man	flssg49	C
2020-03-29 13:28:30.115145	u/BackFromTheDepths	flugkcb	u/Xploiter_RBLX	flufo03	C
2020-03-29 13:28:33.544859	u/joaquinojoestrela	flugkuy	u/fredtheunicorn3	flugfls	C
2020-03-29 13:28:37.286150	u/HeatedToaster123	flugkzw	u/Memecicle57	fludbei	C
2020-03-29 13:28:41.775661	u/blebbleb--belbbelb	flugl67	u/petethebuilder604	fluc3an	C
2020-03-29 13:28:50.137696	u/Trisnel	fluhs5k	u/bkmangang	flu8n1f	C
2020-03-29 13:28:53.405683	u/GriffinFire22	fluhsc7	u/EliteBeast719	fluhqm6	C
2020-03-29 13:29:02.448075	u/professer-docter	fluhsv9	u/Musab_Nauman	fltsz0h	C
2020-03-29 13:29:05.852534	u/9999monkeys	fluhsxq	u/CuriousInquisitive	flubatu	C
2020-03-29 13:29:08.846372	u/jakosolo	fluht4c	u/NPC69420666360	fluhp7x	C
2020-03-29 13:29:12.193227	u/Wholesomeboi14975	fluhtdy	u/binkers9000	fluhpsi	C
2020-03-29 13:29:20.980945	u/The_Disliker	fluhtyn	u/R_Zamo360	fltvfou	C
2020-03-29 13:29:33.962215	u/Elvin__	fluhueh	u/name11122211	flubcvt	C
2020-03-29 13:29:34.924018	u/EnzonogueiraCosta	fluhuet	u/dummybricksrian	fluheuc	C
2020-03-29 13:29:44.735161	u/qwertyconsciousness	fluhuuh	u/grv7437	fluafpl	C
2020-03-29 13:29:46.944787	u/OldPatience8	fluhuxk	u/Portgust	flu88qg	C
2020-03-29 13:29:48.088379	u/KenyaKenxa	fluhv3n	u/bkmangang	fluhqpp	C
2020-03-29 13:29:50.570137	u/Schisskopp123	fluhv5w	u/SirJacen	fltvwyx	C
2020-03-29 13:30:17.980532	u/MaxImHigh	fluhw1m	u/RepostSleuthBot	flug6ev	C
2020-03-29 13:30:28.610326	u/zack123738clone	fluhwew	u/snoringscarecrow	fl75uqy	C
2020-03-29 13:30:57.819554	u/OfficialFlamingFang	fluhxk9	u/kikkybo0i	flu7sry	C
2020-03-29 13:31:07.068157	u/theportugueseracer	fluhxmd	u/zenbius	flug67t	C
2020-03-29 13:32:07.508403	u/ero_reddit	flui042	u/Xploiter_RBLX	flsaugi	C
2020-03-29 13:32:13.349241	u/pharaohsphere	flui0i9	u/ticehtapAHeretic	fluevox	C
2020-03-29 13:32:16.584966	u/OJ_with_No_Pulp	flui0mx	u/greenmuddy	fltu8kd	C
2020-03-29 13:32:41.996227	u/waterfall23	flui1mb	u/Centtrix	flrmtp1	C
2020-03-29 13:32:51.890013	u/iamchomuwu	flui1rm	u/bkmangang	fluhzf6	C
2020-03-29 13:32:56.987186	u/dan60	flui204	u/NiceAccountName	fluhvf7	C
2020-03-29 13:33:06.773939	u/youhansj	flui2lr	u/RepostSleuthBot	fluhq63	C
2020-03-29 13:33:22.128160	u/scorchedsemite	flui2v1	u/bunnywithahammer	fltr4sz	C
2020-03-29 13:33:28.542570	u/Blubberglu	flui34o	u/RepostSleuthBot	fltwivs	C
2020-03-29 13:33:30.755118	u/Endy784	flui3es	u/mrgopher17	fluhjjs	C
2020-03-29 13:33:37.363023	u/ThatoneGothicKid	flui3i0	u/24cupsandcounting	fluhmfc	C
2020-03-29 13:34:23.993219	u/Jogi12345679	flui4s2	u/Ineedusernameplz	fltm61a	C
2020-03-29 13:34:32.549074	u/VoodooDoII	flui51z	u/TheWeirdCookie	fltxtoj	C
2020-03-29 13:34:39.932343	u/michulllosa	flui53w	u/legionmaniac	fqzje1	S
2020-03-29 13:35:03.093621	u/AtomicAlmond69	flui5xz	u/AzericTheTraveller	fltaubd	C
2020-03-29 13:35:07.101476	u/Masterchief74	flui65l	u/shirogmv	flufm6n	C
2020-03-29 13:35:13.240471	u/theopolise20	flui6d2	u/Kami103	fluh2o7	C
2020-03-29 13:35:22.400990	u/NapaSinitro	flui6os	u/bkmangang	flu8n1f	C
2020-03-29 13:35:36.146447	u/DriftingShadow	flui7jv	u/Kami103	fluhbfw	C
2020-03-29 13:35:55.612935	u/VoxelSlinger	flui7xg	u/fualtyzane	flud79p	C
2020-03-29 13:36:01.397648	u/harrypotter-gal	flui869	u/nonsuspiciousperson	fludol3	C
2020-03-29 13:36:10.346560	u/reallyreallyspicy	flui8hv	u/luidao12345meia78	flucorl	C
2020-03-29 13:36:20.173882	u/hiyesimheresir	flui8pq	u/Schmaddin	fr4glj	S
2020-03-29 13:36:33.458356	u/Holmesless	flui8zx	u/lllPoloski	flui5rf	C
2020-03-29 13:36:43.162962	u/Expired0nion	flui9ds	u/The8thCrusader	flueugs	C
2020-03-29 13:36:50.703828	u/07_diDact	flui9if	u/AlphaFlame5	flui7b7	C
2020-03-29 13:37:04.754748	u/Illenial32	flui9xg	u/legendfire24	flu87ao	C
2020-03-29 13:37:13.477361	u/Seranion	fluiab0	u/Haritoo	flueir4	C
2020-03-29 13:37:33.413067	u/tlj133	fluiavc	u/Balindaks	fluf53l	C
2020-03-29 13:37:47.468680	u/Renachii	fluibfu	u/Barendvonk	flu7g2d	C
2020-03-29 13:37:48.987898	u/Lord__Birb	fluibgx	u/Evil_Boi_Deku	flu5w9j	C
2020-03-29 13:37:50.567059	u/riggedno1642	fluibh6	u/Nyankamau	flu4rse	C
2020-03-29 13:37:55.651409	u/yesssssss3444	fluibrf	u/Ineedusernameplz	fltm61a	C
2020-03-29 13:38:07.769923	u/dayumbrah	fluic3a	u/Darkocross	flugmlu	C
2020-03-29 13:38:09.981429	u/Fullmetal35	fluic63	u/Rooney-Bastard	flui9zg	C
2020-03-29 13:38:17.454532	u/Leviqy	fluicit	u/inkedwolf1701	fluh4ba	C
2020-03-29 13:38:33.497837	u/Optionaleel270	fluidan	u/Destroyer9903	flugrro	C
2020-03-29 13:38:40.925542	u/ValeOfFate	fluidm7	u/racerfree	flr1i5t	C
2020-03-29 13:38:42.911894	u/14JRJ	fluidnw	u/asians3nsati0n	fluiazg	C
2020-03-29 13:38:45.695446	u/jojo4momo	fluidul	u/karanshsu	flmj6wy	C
2020-03-29 13:38:47.210405	u/IrishAssassin69	fluidvn	u/VastTrail	fluglk3	C
2020-03-29 13:38:52.210403	u/Y33TOUTTAHERE	fluie56	u/Hippieschmutz	flttp2y	C
2020-03-29 13:38:59.546625	u/tennisloser	fluieh3	u/Rack-Tap-VibeCheck	fluib4r	C
2020-03-29 13:39:29.697767	u/Nightfighter43	fluig8u	u/Mad_Man_9	flug04y	C
2020-03-29 13:39:48.616159	u/Beenhamine	fluihnc	u/CyanCyborg-	flu6yba	C
2020-03-29 13:39:57.117190	u/rhyshilton	fluihv7	u/Scorp10us	flsv58h	C
2020-03-29 13:40:24.809812	u/WhiteShapes	fluij12	u/Fast-Salamander	flu21an	C
2020-03-29 13:40:32.944278	u/SmellyCavemanInABox	fluij5b	u/FFalcon_Boi	fluc9ef	C
2020-03-29 13:40:46.851256	u/tomaslb36	fluijoi	u/Abhisdn417	flu9539	C
2020-03-29 13:41:34.803147	u/Advena128	fluiktq	u/Bhawks489	flugzas	C
2020-03-29 13:41:39.426545	u/Billielongshanks	fluikvq	u/Frozen1100	flu9tcn	C
2020-03-29 13:41:57.897999	u/yo_ther	fluil61	u/Chinchirakingu	fludugs	C
2020-03-29 13:42:09.862988	u/DontTakeMyBlinders	fluilhc	u/-LoliKing-	flucz3m	C
2020-03-29 13:42:35.170812	u/uReaduLose	fluimak	u/CharmTLM	fluf3ju	C
2020-03-29 13:42:55.776247	u/sometimesImjustangry	fluimyc	u/thashika97	fltusjq	C
2020-03-29 13:43:42.308986	u/purplecyclone	fluioa3	u/fualtyzane	fluimfa	C
2020-03-29 13:44:15.391172	u/_TrA_aSh_	fluip34	u/TsuShiNe	flth5fk	C
2020-03-29 13:44:33.064364	u/XavierDaWilde	fluiput	u/PsychicTempestZero	fluc6lm	C
2020-03-29 13:44:37.270963	u/Quinnaragone1	fluipvm	u/JesusHolyJuice	fltn4wd	C
2020-03-29 13:44:41.381358	u/drot525	fluipyq	u/alianthebuknoy	flrv6c0	C
2020-03-29 13:45:18.876433	u/Yuri1kida	fluircd	u/teh_gore_man	flufzmc	C
2020-03-29 13:45:43.293218	u/Noisybagofchips	fluisbz	u/Xploiter_RBLX	fludgil	C
2020-03-29 13:45:53.488489	u/DarthRenegade05	fluisr2	u/fualtyzane	flmmn4k	C
2020-03-29 13:46:02.765311	u/TaaTyyppi	fluit6l	u/MaximaBlink	fludxz0	C
2020-03-29 13:46:24.169929	u/JonnyNeuman	fluitoy	u/lightningshit	fr5cbn	S
2020-03-29 13:46:28.785913	u/DalekChris41	fluity4	u/Master_JBT	flu11c5	C
2020-03-29 13:46:57.048277	u/Fuck-Nugget	fluiv7d	u/Gogani	fkbzrhg	C
2020-03-29 13:47:05.347648	u/giveme_negitivekarma	fluivje	u/DeathToTheFalseGods	flrlh5u	C
2020-03-29 13:47:09.130344	u/GeneralEAnnoying	fluivlq	u/fualtyzane	fluig90	C
2020-03-29 13:47:12.294226	u/Another1one2	fluivnq	u/level69child	fls6dqf	C
2020-03-29 13:47:20.338195	u/Kaleb_Jensen	fluivuo	u/Yugthffhhdgcfg	fluebo4	C
2020-03-29 13:47:31.400750	u/JustSimon3001	fluiwby	u/jialechen	flu4l80	C
2020-03-29 13:47:48.322266	u/vid_raven	fluiwyw	u/NapaSinitro	flui6os	C
2020-03-29 13:47:53.799704	u/coconutgorillawar	fluix39	u/totally_not_funny	flu21fm	C
2020-03-29 13:48:05.063954	u/wOwe_	fluixlj	u/Boudac123	fludul9	C
2020-03-29 13:48:18.405625	u/lilhagan	fluixu7	u/Masinary	fluhkg1	C
2020-03-29 13:48:20.745458	u/legendofzelda356	fluixy0	u/my_name_is_------	fluivwr	C
2020-03-29 13:48:25.601278	u/Big0of	fluiyiv	u/LilysUNIVERSE	fluc3o2	C
2020-03-29 13:48:34.602544	u/_dashinn_	fluiz9p	u/MrLegal420	fltuvhl	C
2020-03-29 13:49:03.237468	u/septembercheese	fluj0nd	u/Informal_Wing	fluct1s	C
2020-03-29 13:49:07.110531	u/YoureTripleGay	fluj0tm	u/UsernameMcCuntFace	flucynq	C
2020-03-29 13:49:16.010545	u/BDDFC_87	fluj15t	u/Alanderk	flu1jvt	C
2020-03-29 13:49:27.128126	u/A_Plugsocket	fluj1y0	u/AashishandSingh	fluife8	C
2020-03-29 13:49:31.046869	u/yoyoyahli	fluj27y	u/meming_gamer	fluitdb	C
2020-03-29 13:49:37.440856	u/KouKayne	fluj2wz	u/El-Toro96	flueprk	C
2020-03-29 13:49:59.161238	u/get_in_the_bin_	fluj42c	u/Combustible_Lemon1	flucurp	C
2020-03-29 13:49:59.574709	u/Valeryum999	fluj456	u/Jmoney1932	fluimdo	C
2020-03-29 13:50:00.270823	u/Voice-of-Riven	fluj4el	u/14thisisdepp	fluifj7	C
2020-03-29 13:50:17.948202	u/rotten_pickles_	fluj4tr	u/pixierick	flttb9a	C
2020-03-29 13:50:24.080727	u/ZeAbg	fluj4zh	u/chemicalmuffin123	fluhtqg	C
2020-03-29 13:50:50.652946	u/sHaDoWhUnTeRx76	fluj5r8	u/UsernameMcCuntFace	flucynq	C
2020-03-29 13:51:00.095222	u/Azad_h	fluj659	u/SirSntry	fltx8j3	C
2020-03-29 13:51:05.875030	u/Dat-Guy-Tino	fluj6av	u/bkmangang	fluj0ha	C
2020-03-29 13:51:10.527490	u/Loic451	fluj6cm	u/Theunaticus	fluh341	C
2020-03-29 13:51:12.887363	u/MumflerFlumperdink	fluj6cu	u/berry1201	fluj34e	C
2020-03-29 13:51:27.780362	u/Azuhr28	fluj6m3	u/GABgamer236	fluhvtb	C
2020-03-29 13:51:47.403079	u/Alaistor_The_Apple	fluj7nb	u/ewan57	fluj19s	C
2020-03-29 13:52:17.121906	u/scotthog65	fluj8fu	u/fualtyzane	fluidn1	C
2020-03-29 13:52:32.224922	u/djfigs25	fluj8zd	u/Hemlock71117	fluaqhb	C
2020-03-29 13:53:08.193976	u/harsHIT_bHARDwaj	fluj9yu	u/endslayer101	fluhzwg	C
2020-03-29 13:53:53.198997	u/TheDrunkenPyro	flujc4j	u/MoroseTraveller	fluj8o9	C
2020-03-29 13:54:00.450851	u/30minstochooseaname	flujcb7	u/That_Guy_Sean	flufpj0	C
2020-03-29 13:55:04.070601	u/Agentwolf187	flujenc	u/Casarer	flu0wif	C
2020-03-29 13:55:11.323152	u/OGLoc72	flujet7	u/asians3nsati0n	flufpj4	C
2020-03-29 13:56:30.709283	u/FeijenoorderRS	flujhln	u/_Progamerbutpoor_	fluiitu	C
2020-03-29 13:57:05.827614	u/Weeb177013	flukp3a	u/RepostSleuthBot	fltrxbz	C
2020-03-29 13:57:14.470019	u/Bestgamelele	flukpmn	u/Centtrix	flrbl3l	C
2020-03-29 13:57:55.063117	u/Pftoc	flukqr8	u/fualtyzane	flu72sl	C
2020-03-29 13:58:10.784285	u/alxmartin	flukr81	u/Quazzee97	fluhvo8	C
2020-03-29 13:58:25.261276	u/Eyesonthesun	flukrqs	u/SwitchyMcSwitchface1	flukonc	C
2020-03-29 13:58:46.985895	u/VOID190	fluksiq	u/FBI_Agent_82	flukovr	C
2020-03-29 13:58:53.963538	u/prasnice	fluksou	u/gold_knight573	flueufw	C
2020-03-29 13:59:05.717525	u/TopGunDS	fluktmh	u/SampleTexDoggo	flukq3d	C
2020-03-29 13:59:07.680989	u/Runimoes	fluktmw	u/DominiekV	flujwwy	C
2020-03-29 13:59:08.867690	u/accountnumber6174	fluktnd	u/bkmangang	flukc5q	C
2020-03-29 13:59:12.343685	u/ItIsntComplicated	fluktv8	u/RepostSleuthBot	fluhusf	C
2020-03-29 13:59:16.595693	u/jimmywarrior	fluku72	u/kloilt	flu2wk8	C
2020-03-29 13:59:24.064689	u/dailyogi	flukuo1	u/dankomz146	flu48f8	C
2020-03-29 13:59:37.436048	u/slowgamer123	flukvdy	u/memelord2-7	flukej0	C
2020-03-29 13:59:46.788156	u/Marvinfunnybunny	flukvyl	u/dickpicnumber1	flukrdm	C
2020-03-29 13:59:56.700469	u/_CSwindo_	flukwqk	u/AhmadSolo2109	flugsas	C
