2020-04-14 15:00:38.977459	u/guamedo05	fnejth2	u/OrangeSheep12	fnejgto	C
2020-04-14 15:00:42.444138	u/l30_legend	fnejtir	u/Peternuggett	fne88w7	C
2020-04-14 15:01:03.660638	u/Thriftyjeroen	fneju8g	u/CrypTicz_PandaYt	flwehha	C
2020-04-14 15:01:56.524314	u/sraff57	fnejv31	u/blueeggsandwaffles	fnejaea	C
2020-04-14 15:02:42.339063	u/just_me_11_	fnejwan	u/Casual_gamer6969420	fneh6zu	C
2020-04-14 15:03:15.313363	u/Memes_r_us23	fnejxfn	u/ghostdragonmanscary	fnejp0x	C
2020-04-14 15:04:46.168060	u/corey11899	fnek04c	u/Starmandeluxx	fnej7ii	C
2020-04-14 15:04:57.984349	u/AlphaWolf464	fnek0fi	u/Reddituser9003	fndakg3	C
2020-04-14 15:05:42.495986	u/CLR123CBE	fnek2iz	u/flutergay	fnejpmf	C
2020-04-14 15:05:51.464618	u/_ItsASnowman_	fnek2po	u/iPlayMinecraft420	fneg925	C
2020-04-14 15:06:07.626437	u/MysticalNharwal	fnek30k	u/mariodev1	g14tef	S
2020-04-14 15:06:30.793014	u/ohthescar	fnek3y8	u/ghostdragonmanscary	fnejue7	C
2020-04-14 15:06:47.398475	u/TOZ407	fnek4fq	u/EnzonogueiraCosta	fneivup	C
2020-04-14 15:06:53.459450	u/Guido_Lampitiello	fnek4qk	u/Bruh_Bot_	fne7oy6	C
2020-04-14 15:07:12.464099	u/velveteendragon	fnek57k	u/ExO_o	fndj0cu	C
2020-04-14 15:07:15.742775	u/idkWhat2WriteLMAO	fnek5b3	u/bhavjotpahuja	fndxl7d	C
2020-04-14 15:07:19.161544	u/Bongo_Bee	fnek5cq	u/Bassianus2004	fnek1tb	C
2020-04-14 15:07:49.542755	u/Random_Person_191	fnek6ia	u/Filthy_Dub	g181fn	S
2020-04-14 15:08:49.686035	u/XxYoBoixX927	fneka7z	u/RepostSleuthBot	fnej0gg	C
2020-04-14 15:08:54.247696	u/the-purple-elephant	fnekaiw	u/Electric26	fne7eqd	C
2020-04-14 15:09:18.103582	u/Knasshole	fnekblg	u/mr_salsa123	fne8r75	C
2020-04-14 15:09:19.199518	u/IconicThings	fnekblo	u/TheBestZackEver	fnekasg	C
2020-04-14 15:09:22.828343	u/Co2Games	fnekc5r	u/donotlookatmeduh	fne0na8	C
2020-04-14 15:09:47.220877	u/bball05142004	fnekd76	u/BTS_ARMY_reddit	fndv61g	C
2020-04-14 15:09:59.478562	u/_thatvaultguy_	fnekeep	u/donotlookatmeduh	fne0na8	C
2020-04-14 15:10:06.345586	u/1a1e	fnekek4	u/TOASTYMO	fne3gjr	C
2020-04-14 15:11:04.984805	u/iamthebenj	fnekfot	u/bt812	fnejukc	C
2020-04-14 15:11:12.203043	u/RednAzul	fnekfsq	u/Kirkito	g14qly	S
2020-04-14 15:11:34.797932	u/Sinaneos	fnekg6i	u/battleant1	fnekbwy	C
2020-04-14 15:11:44.905236	u/WhosJerryFilter	fnekgau	u/Enderplayer05	fnejr9o	C
2020-04-14 15:12:10.347098	u/queenofdarkness68	fnekguc	u/tropkis	fndzj62	C
2020-04-14 15:12:21.671707	u/korroth	fnekh63	u/Koji_Kun7	fneifl3	C
2020-04-14 15:13:08.696730	u/OhItsNotJoe	fneki4t	u/deathtoamericadotmp4	fneb66t	C
2020-04-14 15:13:12.937615	u/Sayudh10	fneki7x	u/korroth	fne0cdk	C
2020-04-14 15:14:58.920788	u/THE--SENATE--66	fnekl90	u/korroth	fne0cdk	C
2020-04-14 15:15:26.411849	u/NorthenAustrailian	fnelsqi	u/6ty9_	fndu1sh	C
2020-04-14 15:15:38.897954	u/totallynotjoelz	fnelt1j	u/RepostSleuthBot	fnelrdv	C
2020-04-14 15:15:58.406665	u/whiskey-and-plants	fnelta9	u/mylo38	fneljy4	C
2020-04-14 15:16:37.765973	u/boiisygeusgejs	fneludr	u/Sublethal_Panic	fneip5x	C
2020-04-14 15:16:51.513209	u/Thomas_V_073	fnelv0m	u/StylishGuy1234	fne336h	C
2020-04-14 15:17:40.189682	u/IncognitoUser2	fnelwod	u/HotgunColdheart	fndtg9u	C
2020-04-14 15:17:47.014188	u/GrauGeist8888	fnelwx7	u/ihavebirb	fnehsgv	C
2020-04-14 15:18:27.910718	u/-Encrypt	fnely53	u/fricker69420666	fnelrw4	C
2020-04-14 15:18:41.263825	u/Nyxy66	fnelyu1	u/AboveTheKitchen	fne3hvo	C
2020-04-14 15:18:55.906482	u/M3m3LordPewds	fnelzgn	u/RepostSleuthBot	fneal6s	C
2020-04-14 15:19:09.258484	u/anonthrowaway728	fnelzpa	u/Pizzamaster199	fnelsyu	C
2020-04-14 15:19:10.882394	u/KillerofBrainCells	fnelzs1	u/Grzmit	fnekd2l	C
2020-04-14 15:19:31.153580	u/HyperLyne	fnem19b	u/RepostSleuthBot	fnelrey	C
2020-04-14 15:19:43.460816	u/Aryashree	fnem1h4	u/korroth	fne0cdk	C
2020-04-14 15:19:52.253637	u/Cliffypancake18	fnem1nt	u/Muxibyte	fnefhw5	C
2020-04-14 15:19:53.310484	u/Info7245	fnem1q5	u/MarvelousMan3003	fnekktw	C
2020-04-14 15:19:58.622981	u/lanjri	fnem22u	u/donotlookatmeduh	fne0na8	C
2020-04-14 15:20:23.443103	u/ComeOff	fnem333	u/Randinator9	fneaegx	C
2020-04-14 15:20:56.976780	u/Vinny_sucks_at_life	fnem3ne	u/donotlookatmeduh	fne0na8	C
2020-04-14 15:21:39.205756	u/LQNDzPhynixz	fnem4kv	u/korroth	fne0cdk	C
2020-04-14 15:23:27.985800	u/sammyoto08	fnem6x0	u/living-cursed-image	fneej35	C
2020-04-14 15:23:33.329172	u/epiceg9	fnem72y	u/korroth	fne0cdk	C
2020-04-14 15:24:05.537892	u/bootlagg	fnem7y3	u/Coda1010	fneg4es	C
2020-04-14 15:24:15.596528	u/Dux5Lopt5	fnem82j	u/Lukegaming9000	fndoo4m	C
2020-04-14 15:24:22.615453	u/Hunk66	fnem86d	u/WienerDog32	fnelb3y	C
2020-04-14 15:24:45.026281	u/lolik2_0	fnem8xb	u/CatCakeParade	fne2020	C
2020-04-14 15:25:00.157461	u/Baronessss	fnem9as	u/PretzelPunch1	fne2wut	C
2020-04-14 15:25:02.211871	u/NatureGuy45	fnem9ba	u/iizlukebain	fnem40l	C
2020-04-14 15:25:05.082584	u/HARAMBEISB4CK	fnem9ca	u/TheAdabo	fnek1jv	C
2020-04-14 15:25:10.053250	u/Ripley422	fnem9lp	u/korroth	fnekj8d	C
2020-04-14 15:25:32.252722	u/Skank-Hunter	fnem9st	u/Zaiat1998	fnem5d6	C
2020-04-14 15:26:05.011731	u/THEWOOPMAN	fnembax	u/pussinboots444	fne606w	C
2020-04-14 15:27:16.839973	u/Queen_of_flatulence	fnemdb1	u/Skypzz11	fnem8rz	C
2020-04-14 15:27:35.236222	u/Cambeastbro	fnemdtt	u/LordZerror	fndyemb	C
2020-04-14 15:27:47.076348	u/Pancoats	fnemed9	u/rick_the_meme_man	fnelor7	C
2020-04-14 15:27:52.407879	u/jdb_dog	fnemeoe	u/nifeorbs	fnegdcu	C
2020-04-14 15:28:07.606849	u/Pdeady	fnemf7h	u/Swagboi7	fnelmi4	C
2020-04-14 15:28:28.791310	u/2204bee	fnemgj2	u/not_andrea05	fnekga6	C
2020-04-14 15:29:18.914568	u/imalwaysrejected	fnemihr	u/TOASTYMO	fne3gjr	C
2020-04-14 15:29:24.149183	u/august94evr	fnemion	u/gaylord100	fne9qjn	C
2020-04-14 15:29:33.145423	u/GooseDiaz	fnemj4h	u/Your_Worship	fnebap4	C
2020-04-14 15:29:35.008744	u/Arddane	fnemj6a	u/manboichild	fnebu89	C
2020-04-14 15:29:42.601821	u/itz_YAboi123	fnemjzy	u/starzwillsucceed	fnemfvg	C
2020-04-14 15:30:32.580127	u/benisgilgamesh	fnemleb	u/MrCapricorn404	fnel886	C
2020-04-14 15:31:03.107930	u/Dethrul	fnemlp2	u/Skank-Hunter	fnegrxl	C
2020-04-14 15:31:07.614173	u/Kyurem20x	fnemlv4	u/Reddituser9003	fndakg3	C
2020-04-14 15:31:31.620510	u/Dude-Man-112	fnemmkf	u/Aspen_Alabaster	fneb6bj	C
2020-04-14 15:32:42.216612	u/Richard-Patterson	fnemo91	u/FFalcon_Boi	fnemjax	C
2020-04-14 15:33:20.609043	u/a_raging_vegan	fnemp8o	u/Skitarii_101110	fneljcf	C
2020-04-14 15:33:31.707009	u/RustyMogwai_353	fnempd4	u/seductive_virgin	fnekeyh	C
2020-04-14 15:33:48.210041	u/_King_Crab_	fnempqn	u/ObamasLeftShin	fnelyhg	C
2020-04-14 15:34:23.316884	u/Scupake	fneo0ym	u/IAmNotABotFromRussia	fne65u9	C
2020-04-14 15:34:30.231661	u/BlueLivesMatter6483	fneo17b	u/Excalibur244	fnehksg	C
2020-04-14 15:34:35.734208	u/fallnob	fneo1cf	u/Look-a-dead-meme	fnedum4	C
2020-04-14 15:34:38.663818	u/le_Z_Duck	fneo1ep	u/Bruh_Bot_	fnekj8j	C
2020-04-14 15:35:09.647119	u/Petmom100	fneo1zs	u/nobody384	fn70pqd	C
2020-04-14 15:35:15.449411	u/steppinonpissclams	fneo299	u/ghostdragonmanscary	fnemy9o	C
2020-04-14 15:35:38.125045	u/Allied_Powers	fneo2jx	u/Caturion	fneg8ev	C
2020-04-14 15:36:04.938049	u/NarutoDnDSoundNinja	fneo36c	u/korroth	fne0cdk	C
2020-04-14 15:36:18.198095	u/thanosdathug2	fneo3fs	u/Pepogo	fndwk93	C
2020-04-14 15:36:35.097624	u/Mcguffal	fneo46m	u/SaltyLightning157	fneny75	C
2020-04-14 15:36:41.875404	u/spellingmistakes247	fneo4jx	u/SanskarMani	fne3016	C
2020-04-14 15:36:47.069689	u/imhereforthesauce69	fneo4mr	u/Chunky_snake_gamer	fnek1yt	C
2020-04-14 15:37:01.886033	u/v-23	fneo5g5	u/Atomic_Duck556	fneo2pa	C
2020-04-14 15:37:09.214368	u/FrailDogg	fneo5w4	u/Reddituser9003	fndakg3	C
2020-04-14 15:37:15.371596	u/Sophia_romero	fneo6d0	u/cedric1997	fnem13m	C
2020-04-14 15:37:25.418924	u/YourNiceDoctor	fneo6uj	u/Joyfulintrovert	fnenh4v	C
2020-04-14 15:37:45.706277	u/RuiCosta2020	fneo7d9	u/joanieeee	fnenrkd	C
2020-04-14 15:37:55.457215	u/AcLaY_86	fneo7u9	u/donotlookatmeduh	fne0na8	C
2020-04-14 15:37:59.366381	u/TimSixx	fneo7zs	u/AlbinoEconomics	fnenv3g	C
2020-04-14 15:38:10.450780	u/The_Gay_White_Shark	fneo8gv	u/Incvbus	fnelysv	C
2020-04-14 15:38:27.576666	u/bo_i_ii	fneo99n	u/ScalierLotus11	fnek7it	C
2020-04-14 15:38:31.529421	u/Ronnoccc	fneo9if	u/Nikkukr	fne22am	C
2020-04-14 15:38:50.753057	u/SyrupOnWaffle_	fneoalw	u/Deviljhojo	fndepor	C
2020-04-14 15:39:23.640173	u/pandaking1991	fneocau	u/TheCelestialEquation	fndnexf	C
2020-04-14 15:39:26.013320	u/reggin121	fneock5	u/genizox	fnema8s	C
2020-04-14 15:39:27.393384	u/trafgib	fneocla	u/Dude_von_Duden	fnenvda	C
2020-04-14 15:39:54.753172	u/LordShimon	fneoe4h	u/rick_the_meme_man	fnelor7	C
2020-04-14 15:41:08.384536	u/BoopedPotato	fneogg4	u/SERG10callielover	fneo1l0	C
2020-04-14 15:41:29.842599	u/sarxone	fneogx0	u/Master_JBT	fne1793	C
2020-04-14 15:41:44.066046	u/IshtGamez	fneohg6	u/donotlookatmeduh	fne0na8	C
2020-04-14 15:42:27.198478	u/Zeth02	fneoiq5	u/Favorite6ark	fnenr68	C
2020-04-14 15:43:18.679756	u/Old-Response	fneojc3	u/f1fan6890	fnec7ez	C
2020-04-14 15:44:27.935466	u/micozoidmike	fneokqj	u/queenofdarkness68	fnekguc	C
2020-04-14 15:44:32.038720	u/VarunSirigireddy	fneoktg	u/g1jS3r	fnenifq	C
2020-04-14 15:44:36.815984	u/ArnoNym42	fneokv9	u/TheAlpha990	g19cxq	S
2020-04-14 15:44:59.440258	u/MASTERM1ND343	fneolho	u/whatevertfusay	fneo4c9	C
2020-04-14 15:45:03.559384	u/nolan13ify	fneolky	u/korroth	fne0cdk	C
2020-04-14 15:45:05.686172	u/Martin_Cerny_cz	fneolmo	u/currentlyjerkingoff_	fnemx2s	C
2020-04-14 15:45:21.246014	u/The_Mormonator_	fneom2w	u/CooliOCooK	fnejq8l	C
2020-04-14 15:45:35.542460	u/crag-u-feller	fneommw	u/Jiten1999	fncu1hc	C
2020-04-14 15:45:42.234487	u/SarahAsh06	fneompq	u/donotlookatmeduh	fne0na8	C
2020-04-14 15:45:45.889844	u/JustAFox_	fneomte	u/just_me_11_	fnejwan	C
2020-04-14 15:46:47.622101	u/Christian0410666	fneonym	u/flooperdooper4	fneol2u	C
2020-04-14 15:46:53.372636	u/Just_ABoredDude	fneoo9i	u/flooperdooper4	fneo5ly	C
2020-04-14 15:47:17.130142	u/Lkwzriqwea	fneop87	u/execuTe656	fnelhvt	C
2020-04-14 15:47:35.209073	u/Megustad	fneops0	u/I_GO_BOOM_BOOM	fnedymc	C
2020-04-14 15:47:45.401465	u/DevinePotasium	fneoqi9	u/Rstrofdth	fneemqm	C
2020-04-14 15:48:10.141979	u/Gaffate	fneor0i	u/ThickRick1234	fnei4pz	C
2020-04-14 15:49:57.736399	u/skeithxyz	fneovhg	u/booming_boomer	fndurij	C
2020-04-14 15:50:05.101647	u/CoasterVic58	fneovoi	u/Stormtorch3	fnenull	C
2020-04-14 15:50:58.024518	u/symmetraaa	fneowm6	u/SPED-69	fneotyk	C
2020-04-14 15:51:05.208726	u/TheDudeMaverick	fneowu5	u/itsNizart	fndvrv7	C
2020-04-14 15:51:17.310978	u/Downtown_Individual	fneowzr	u/korroth	fne0cdk	C
2020-04-14 15:51:26.348171	u/paunaic	fneox8s	u/Namor0123	fneom8v	C
2020-04-14 15:52:01.808354	u/Joenikorn	fneoy4e	u/Lavoom1	fndjbul	C
2020-04-14 15:53:53.413994	u/AzmeerAli	fneq85y	u/SomeRandomFemboy	fnepwx5	C
2020-04-14 15:54:03.451407	u/shierakakha	fneq88x	u/korroth	fne0cdk	C
2020-04-14 15:54:18.785190	u/Toxic-xbox	fneq8p5	u/saddupaddu	fndfb62	C
2020-04-14 15:54:25.647932	u/ledankboi	fneq8zt	u/TOASTYMO	fne3gjr	C
2020-04-14 15:54:35.041276	u/The_Real_Choo	fneq9ag	u/Gubq	fl5lyk4	C
2020-04-14 15:54:42.730578	u/Gl0ckman027	fneq9ft	u/booming_boomer	fndurij	C
2020-04-14 15:54:45.861286	u/Shigemarubr	fneq9g9	u/ghostdragonmanscary	fnemq6s	C
2020-04-14 15:55:48.158182	u/ThebrooklinKnyte343	fneqbtb	u/hitleristhg	fneq35k	C
2020-04-14 15:56:55.072818	u/Jington24	fneqdk5	u/rndmzr153	fndplwn	C
2020-04-14 15:57:40.777894	u/Hawkeyesfan03	fneqfdq	u/Kaushik_Narayan	fneei9f	C
2020-04-14 15:58:34.372067	u/emonster323	fneqht7	u/Andrei-O	fndzjn5	C
2020-04-14 15:59:01.157794	u/cloud-the--furry	fneqjk3	u/YandereAyaka	fneffx4	C
2020-04-14 15:59:15.962314	u/Juicecurry	fneqjyb	u/Polar_Warfare	fneq369	C
2020-04-14 15:59:34.984650	u/Cade1102	fneql5a	u/TheLazy1-27	fne9ve2	C
2020-04-14 15:59:55.889325	u/EpmKabob	fneqmly	u/SickGangstaJacob	fnepk6a	C
