2020-03-28 14:00:57.888069	u/kili_me_softly	flre62t	u/XenoGiru	flqx1j4	C
2020-03-28 14:01:07.847481	u/StupidMario64	flre6jl	u/Justin_The_Fox2	flr7e1h	C
2020-03-28 14:01:29.832626	u/Fluffyface-casey	flre7ek	u/I_Am_Hacob	flr3mg4	C
2020-03-28 14:01:39.052309	u/slayerofgods615	flre7ky	u/Hutch25	flr6cly	C
2020-03-28 14:01:53.446394	u/TastiTater	flre8co	u/The_night_camel	flr1e7i	C
2020-03-28 14:02:12.435965	u/Unkn0wn_Ace	flre91j	u/savoury_burrito	flqks4m	C
2020-03-28 14:02:14.719117	u/foxyh202855	flre92q	u/racerfree	flprhgf	C
2020-03-28 14:02:43.086171	u/WilsonGotDis	flreaga	u/Hemlock_Deci	flr80gy	C
2020-03-28 14:02:59.026278	u/Chara964	flrebim	u/Justin_The_Fox2	flr7mjm	C
2020-03-28 14:03:09.421578	u/free_is_free76	flrec9k	u/craigthepuss	flqqgsm	C
2020-03-28 14:03:17.520478	u/CallMeDumpling	flrecj4	u/RealKingOfGermany	flr708r	C
2020-03-28 14:03:28.325277	u/darkreaper24	flrecyg	u/rick_loves_anime	flra3gr	C
2020-03-28 14:03:58.219871	u/neburvlc	flree96	u/TheOtherWhiteCastle	flrdtdg	C
2020-03-28 14:04:17.022766	u/Mister_Spiderman	flrefji	u/tuittelituu	flr94nb	C
2020-03-28 14:04:31.021497	u/12m07ch	flreg56	u/RepostSleuthBot	flrbnlg	C
2020-03-28 14:04:45.875269	u/SirRoderic	flregjz	u/BeNbUcKToO	flrb8as	C
2020-03-28 14:04:56.632849	u/La_Brovidence	flregup	u/JFK_Experience_	flrbgiz	C
2020-03-28 14:05:03.350709	u/mapanpang69420	flregz6	u/Tyran_Cometh	flqmfgu	C
2020-03-28 14:05:34.684110	u/this___name_is_taken	flrei8q	u/mkabvims	flrbffw	C
2020-03-28 14:05:36.621058	u/raiderwarow	flreiak	u/Tyran_Cometh	flqmfgu	C
2020-03-28 14:05:59.578245	u/NuclearAutism420	flrej2a	u/CgS_stupidcat	flrbn34	C
2020-03-28 14:06:14.769534	u/Denniskulafiremann	flrejmf	u/RepostSleuthBot	flrbalz	C
2020-03-28 14:06:33.033187	u/ImHavingAStroHzbxbBz	flrekjy	u/PardyGaming	flr5zv1	C
2020-03-28 14:06:43.112336	u/CookieCutter9000	flrel1u	u/Beautiful-Musk-Ox	flrbh9c	C
2020-03-28 14:06:57.421511	u/diamondudasaki1	flrelky	u/7u4ucr	flqkiyu	C
2020-03-28 14:07:01.099113	u/Bbmazzz	flrelum	u/Beautiful-Musk-Ox	flrbtux	C
2020-03-28 14:07:11.476691	u/tomhollandisntreal	flremae	u/Mike-Wazovski-69	flreguj	C
2020-03-28 14:07:39.803707	u/AlexJohnsonLol	flrenv3	u/Benzabraa	flrdq2k	C
2020-03-28 14:07:49.095861	u/leahmoose	flreofd	u/Anay_Singh	flr1tyt	C
2020-03-28 14:08:31.274263	u/tobatch69	flrer2b	u/44G6	flqnf8k	C
2020-03-28 14:08:36.065763	u/swampyturtle	flrer81	u/Fluffyface-casey	flre7ek	C
2020-03-28 14:08:48.668052	u/DakotaT20	flrerz7	u/nelys1836	flrelyj	C
2020-03-28 14:09:07.863387	u/eggs-cumberbatch	flret76	u/Justin_The_Fox2	flr7mjm	C
2020-03-28 14:09:19.030472	u/Amapel	flreud4	u/VanillaNyx	flqdo1q	C
2020-03-28 14:09:32.278095	u/bakedoranges123	flrev2w	u/sieg-the-frenchie	flr4pj5	C
2020-03-28 14:09:44.264696	u/terrih9123	flrewcg	u/Noah_Salk	flqcfw4	C
2020-03-28 14:09:50.000653	u/Jeremy9566	flrewrn	u/fualtyzane	flqyc69	C
2020-03-28 14:09:51.618839	u/ebk_38	flrewwo	u/Tyran_Cometh	flr8wtr	C
2020-03-28 14:09:59.751771	u/aaliya-marie	flrexlc	u/Master_YEETer-69	flr9fii	C
2020-03-28 14:10:05.311077	u/_anonybitch	flrey2o	u/Korenlh84	flr3vkb	C
2020-03-28 14:10:42.437581	u/dudadali	flrezah	u/PaichnIon	flredt9	C
2020-03-28 14:10:47.047358	u/BebbyBebby	flrezfc	u/DarthKlanxis	flqxlzi	C
2020-03-28 14:11:25.893213	u/_jk_spectre_	flrf1kj	u/spinelisbeast	fl5tl4p	C
2020-03-28 14:11:47.204025	u/PharmaGangsta	flrf2df	u/camsox10	flqcrnq	C
2020-03-28 14:12:04.598727	u/BeatEaberBoi	flrf3f9	u/Xploiter_RBLX	flr9f6z	C
2020-03-28 14:12:20.637711	u/Inception1109	flrf3tj	u/Deathnoob101	flrf1pj	C
2020-03-28 14:12:27.920337	u/SK535	flrf4ig	u/RepostSleuthBot	flrecqy	C
2020-03-28 14:12:30.149845	u/kvothe5688	flrf4j2	u/TempleOfAlpaca	flr55w3	C
2020-03-28 14:12:36.170037	u/Kryllllllyx	flrf4si	u/Suessgott_Olli	flqcjqm	C
2020-03-28 14:12:54.025141	u/Jurriankoelewijn	flrf5fx	u/AutoModerator	flql4wh	C
2020-03-28 14:13:10.457625	u/PepperRexasaur	flrf5w8	u/gravechild1	flregwy	C
2020-03-28 14:13:22.481320	u/willisdoeshurdles	flrf687	u/Ron5683	flqvo83	C
2020-03-28 14:14:07.551224	u/Reeeee2113	flrf8a3	u/GotYeeted	flrf5w9	C
2020-03-28 14:14:50.226030	u/koolmirza	flrfabx	u/Terrible-Initial	flqqqqv	C
2020-03-28 14:14:57.682890	u/Marbinyum	flrfajk	u/Patrick_Bot2	flqugpv	C
2020-03-28 14:15:35.917726	u/Dongus504	flrfcow	u/ZakTSK	flqueob	C
2020-03-28 14:15:56.572949	u/T-posing_T	flrfdz6	u/Thunderious	flrfb3e	C
2020-03-28 14:16:12.052843	u/I-got-acid	flrfeyx	u/Vampire_Of_DeathMoon	flrf7ka	C
2020-03-28 14:16:30.678923	u/albaraathunder	flrffwx	u/cerealkiller42069	flqmwe3	C
2020-03-28 14:16:32.685051	u/sveca_m	flrffyo	u/-Blackspell-	flr6qh8	C
2020-03-28 14:16:48.774033	u/Whale_Hunter88	flrfgu9	u/I_Am_Hacob	flr3mg4	C
2020-03-28 14:16:55.221643	u/ladymacbitch	flrfh4a	u/LWIAY100	flrc456	C
2020-03-28 14:16:58.974948	u/jojodapope	flrfh8k	u/CoochieCruncher03	flr7sdl	C
2020-03-28 14:17:58.145320	u/Numerous-Application	flrfk6x	u/HemaMemes	flragla	C
2020-03-28 14:18:13.769242	u/Blazekhan	flrfl4t	u/Level-100-meme-boss	flrf67t	C
2020-03-28 14:18:15.404208	u/REEEEEvolution	flrfl5b	u/sieg-the-frenchie	flrduh6	C
2020-03-28 14:18:34.336992	u/pick_a_boo	flrfmce	u/mohaee	flr6knd	C
2020-03-28 14:18:43.334297	u/jockamoplays	flrfnc8	u/Sergeant555	flr2h60	C
2020-03-28 14:18:52.140419	u/ataxi_a	flrfnlv	u/originalslickjim	flr32jq	C
2020-03-28 14:19:13.202937	u/lilmancam321	flrfp85	u/oan124	fl59fo4	C
2020-03-28 14:19:19.114667	u/lilmancam321	flrfpnn	u/oan124	fl59fo4	C
2020-03-28 14:19:20.266586	u/seratedatom	flrfppd	u/0728Red	flppye5	C
2020-03-28 14:19:24.632153	u/Fatg0d	flrfpua	u/Zeditha	flr41wm	C
2020-03-28 14:19:26.618239	u/aolan5	flrfpxf	u/RepostSleuthBot	flqvuwh	C
2020-03-28 14:19:28.867619	u/aimeegaberseck	flrfq21	u/dima_bljat_suka	flqw72y	C
2020-03-28 14:19:31.049989	u/lilmancam321	flrfq3i	u/oan124	fl59fo4	C
2020-03-28 14:19:40.348344	u/JustinJones25	flrfqre	u/Rusty_Garlic	flrdni9	C
2020-03-28 14:19:44.277623	u/HungryySandwich	flrfqyc	u/Centtrix	flrfotu	C
2020-03-28 14:19:56.892416	u/omar8islam	flrfrr7	u/rnielsen776	flrf8do	C
2020-03-28 14:19:58.242708	u/JDN05	flrfrts	u/paypalmePle4seThx	flqrc5w	C
2020-03-28 14:20:00.116578	u/Mighty_Krastavac	flrfsbh	u/TurtleJenkin	flqw8t4	C
2020-03-28 14:20:04.872692	u/chickenlead	flrfsfa	u/racerfree	flrffbi	C
2020-03-28 14:20:07.298311	u/cactus_hardwood	flrfsjo	u/Manzar534	flqk0d5	C
2020-03-28 14:20:27.853997	u/JustinJones25	flrftan	u/Dovalek	flqvt4q	C
2020-03-28 14:20:59.289088	u/jdb326	flrfuf7	u/racerfree	flrfh0s	C
2020-03-28 14:21:17.694056	u/AsianStephCurry	flrfvcp	u/Sovietmeteor	flrd8ub	C
2020-03-28 14:21:44.926314	u/Greywind45	flrfwc4	u/Speed212	flrfhbu	C
2020-03-28 14:21:47.245008	u/steverman555	flrfwg2	u/BigCaecilius	flqsxjb	C
2020-03-28 14:22:28.937005	u/mortalcelestial	flrfy18	u/luca01d	flrfmwl	C
2020-03-28 14:23:12.003475	u/The1402News	flrfzps	u/JFK_Experience_	flrbgiz	C
2020-03-28 14:23:16.401400	u/Rishwanth_Ricky	flrfzze	u/TastiTater	flre8co	C
2020-03-28 14:23:18.559393	u/maximustergender	flrg00c	u/shirukien	flqkic1	C
2020-03-28 14:23:44.424066	u/LeFortI	flrg0w5	u/PM_ME_UR_RIG	flr13zw	C
2020-03-28 14:23:52.383420	u/Couchpotatore	flrg1c4	u/luca01d	flrd7z3	C
2020-03-28 14:23:57.656096	u/AnotherInternetHuman	flrg1is	u/Bebe_Yoda-69	flrfhnm	C
2020-03-28 14:24:08.490845	u/Couchpotatore	flrg1nd	u/liams-a-nerd-	flrdsm4	C
2020-03-28 14:24:25.357739	u/Couchpotatore	flrg2b5	u/Rusty_Garlic	flrd54n	C
2020-03-28 14:24:30.929725	u/3acc-i-rly-dumb	flrg2ha	u/TempleOfAlpaca	flr4xh9	C
2020-03-28 14:24:34.375723	u/Couchpotatore	flrg2j3	u/LWIAY100	flrc38a	C
2020-03-28 14:24:40.493470	u/Couchpotatore	flrg2rr	u/REX_CT-7567	flre7kv	C
2020-03-28 14:24:44.860563	u/EsspressoDepresso69	flrg33d	u/Nerdybla	flre4xd	C
2020-03-28 14:24:51.515389	u/brieYOB	flrg39z	u/OhGod0fHangovers	flqc2y2	C
2020-03-28 14:24:59.161723	u/craterinuruguay	flrg3nb	u/autistic_cat_69	flraugk	C
2020-03-28 14:25:04.497459	u/CyA_n1de	flrg3p2	u/I_am_potatoman	flrepnw	C
2020-03-28 14:25:22.392401	u/Couchpotatore	flrg4dq	u/Numerous-Application	flrffa1	C
2020-03-28 14:26:35.377287	u/AbsoluteZer014	flrg7oy	u/Landurp	flr8k0r	C
2020-03-28 14:26:58.965386	u/Ocs1s	flrg8xm	u/LoonyTitan	flrfxoj	C
2020-03-28 14:27:23.184501	u/19Seventie	flrgagd	u/chh31	flr5zhu	C
2020-03-28 14:28:08.447471	u/BugCatcherDan	flrgcj6	u/racerfree	flr0i1a	C
2020-03-28 14:28:21.700384	u/another_one_bites459	flrgd9b	u/chh31	flr5zhu	C
2020-03-28 14:28:24.642827	u/youreblockingmyshot	flrgddu	u/05Lidhult	flqmwpq	C
2020-03-28 14:28:26.852444	u/Peejay22	flrgdgy	u/shirukien	flrg1jx	C
2020-03-28 14:28:47.282720	u/effygrant	flrgepa	u/MoonlightSonnet	flr29ko	C
2020-03-28 14:28:55.766524	u/TwoPolesGaming	flrgeyb	u/DeathToTheFalseGods	flqxnea	C
2020-03-28 14:29:06.452984	u/Cdumi49	flrgfa4	u/Firenado_Gaming	flqw1ug	C
2020-03-28 14:29:08.640205	u/Dongy-Kong	flrgfcv	u/GoldenPants1234	flnrcni	C
2020-03-28 14:29:13.347423	u/marky_sparky24	flrgfmx	u/kkharadirock	flref28	C
2020-03-28 14:29:20.167588	u/Skullkiid_	flrgfza	u/racerfree	flrgdow	C
2020-03-28 14:29:24.064875	u/dobikrisz	flrgg3b	u/123Solaar	flqgsw9	C
2020-03-28 14:29:30.506835	u/sirAnreZ	flrggpk	u/shellypancake	flraa08	C
2020-03-28 14:29:31.618598	u/gary2812	flrggr4	u/pente5	flrd6tf	C
2020-03-28 14:29:33.582000	u/ExO_o	flrggzt	u/Manzar534	flqk0d5	C
2020-03-28 14:29:35.778619	u/Johnny_Central	flrgh3o	u/Denniskulafiremann	flrejmf	C
2020-03-28 14:29:42.095268	u/TheFattestBread	flrghlg	u/ezruff	flrewvs	C
2020-03-28 14:29:56.494811	u/MasterOOFYungUn	flrgj02	u/swerzy206	flrfvfb	C
2020-03-28 14:30:30.940721	u/YahDoodDingo	flrgk86	u/fualtyzane	flrghjw	C
2020-03-28 14:31:27.728335	u/the-amazing-noodle	flrgm80	u/goodcapt	flraw3c	C
2020-03-28 14:32:27.818232	u/CihanMRT	flrgo8g	u/dudadali	flrezah	C
2020-03-28 14:33:14.348893	u/Mr-Boiler	flrgq7z	u/Tyran_Cometh	flqmfgu	C
2020-03-28 14:33:17.636992	u/Angery-Bruh	flrgqav	u/Jasraicito	flq4cgz	C
2020-03-28 14:33:19.890653	u/lcyh	flrgqbq	u/TimeRockOrchestra	flranow	C
2020-03-28 14:33:26.761513	u/PR05UK4	flrgqht	u/RepostSleuthBot	flrdith	C
2020-03-28 14:34:02.716618	u/PR05UK4	flrgsc6	u/LightningPunk	flrbova	C
2020-03-28 14:34:15.244398	u/SpudLad96	flrgskt	u/_darcl8_	flqyumt	C
2020-03-28 14:34:33.298964	u/Thefishfromtf2	flrgtd9	u/Baba_Yaga_22	flrgrgg	C
2020-03-28 14:34:50.961563	u/TatersArePrecious	flrgu8o	u/AutoModerator	flq06it	C
2020-03-28 14:34:53.991207	u/diediedie119	flrgufp	u/greatking6009	flr8kwz	C
2020-03-28 14:35:04.246137	u/Thefishfromtf2	flrguqn	u/bunnywithahammer	flrgsve	C
2020-03-28 14:35:22.288645	u/achievance	flrgvn6	u/safwan6	flqfmgp	C
2020-03-28 14:35:26.265704	u/Z3ORC	flrgvpa	u/sealboi308	flr6tbo	C
2020-03-28 14:35:32.115472	u/TheRealWinDexTer	flrgvwf	u/RedditingPuppy	flrd290	C
2020-03-28 14:35:36.050427	u/supersaiyanMeliodas	flrgw0w	u/Electroblazer789	flrgtyb	C
2020-03-28 14:35:45.627890	u/Endismaze	flrgw7n	u/Captain_Jorik	flrgu6c	C
2020-03-28 14:35:51.039338	u/ChunkyRoGue	flrgwcn	u/Eppicdoge15	flrc6e2	C
2020-03-28 14:35:57.581189	u/tujhya_nana_chi_tang	flrgwnz	u/Dav1d_D	flr5env	C
2020-03-28 14:36:14.306299	u/lost-in-soup	flrgxgy	u/OriginalContentPlus	fqpj8x	S
2020-03-28 14:36:23.482547	u/The-GooseJuice	flrgxv8	u/NOX_Scorpz	flr65dm	C
2020-03-28 14:36:47.421112	u/potato__god	flrgyof	u/Diamantazul	flqulk9	C
2020-03-28 14:37:03.491699	u/kristyle_714	flrgz8z	u/bunnywithahammer	flrgqrv	C
2020-03-28 14:37:29.993821	u/weird-arabian	flrh0gl	u/Chowderman36	flraabh	C
2020-03-28 14:37:53.403731	u/ultrakiller41	flrh1m8	u/RepostSleuthBot	flrgaok	C
2020-03-28 14:38:17.753158	u/thatscringebro	flrh2oh	u/Billy_T_Wierd	flr0r08	C
2020-03-28 14:38:39.823193	u/QuinnBorgfjord	flrh3hh	u/larrybojangles	flrbmib	C
2020-03-28 14:38:55.463288	u/GirlsAreMyths	flrh4hd	u/Gorogorgo-chan	flraztv	C
2020-03-28 14:39:08.935324	u/Hooba237	flrh4zl	u/ablablababla	fkavtco	C
2020-03-28 14:39:17.009240	u/RandomShyPotato	flrh5dg	u/luca01d	flrfyvd	C
2020-03-28 14:39:27.409251	u/dmelt01	flrh6ap	u/georgkingjunior8514	flrg2um	C
2020-03-28 14:39:39.275597	u/tanishvv	flrh749	u/Kaderloop	flrgx9p	C
2020-03-28 14:39:51.702294	u/bluetuna42	flrh7xs	u/da_angry_bison	flqw60l	C
2020-03-28 14:39:54.922818	u/tanishvv	flrh87q	u/unclerico589	flrgpr1	C
2020-03-28 14:40:00.980490	u/NoSleepBB	flrh8vd	u/Markiv25	flqyyd7	C
2020-03-28 14:40:13.782620	u/mushmyhead	flrh9de	u/deepdishziti	flqr4dy	C
2020-03-28 14:40:20.105899	u/level69child	flrh9k0	u/Themurlocking96	flrfpex	C
2020-03-28 14:40:35.503905	u/cash-boi	flrha6w	u/Aspen_Alabaster	flrh8ms	C
2020-03-28 14:40:37.875278	u/Psilopat	flrha9u	u/Xploiter_RBLX	flodle3	C
2020-03-28 14:40:41.545815	u/NirvanaTrippin	flrhait	u/Iceicebaby1027	flren6l	C
2020-03-28 14:40:43.862358	u/mehmedkeric	flrhaj5	u/lasersoflros	flr0igg	C
2020-03-28 14:40:48.565880	u/bossniper33	flrhan2	u/AutoModerator	flqm1wq	C
2020-03-28 14:40:53.199182	u/ThiccPrimo	flrhaqk	u/PandoraStuff	flrft1o	C
2020-03-28 14:41:10.011644	u/ChocKake	flrhbje	u/javap12	flr7kbf	C
2020-03-28 14:41:44.568978	u/ThiccPrimo	flrhcrj	u/PandoraStuff	flrhbyh	C
2020-03-28 14:41:51.396089	u/extralilith	flrhcyd	u/Vexinator331	flrh4r0	C
2020-03-28 14:42:01.008379	u/Vili_Debili	flrhdd9	u/faultygroudon	flr1hx9	C
2020-03-28 14:42:05.602088	u/zavtraprivet	flrhdeg	u/I_Snort_Pixies	flqsgve	C
2020-03-28 14:42:10.219804	u/SophRandomness	flrhdjj	u/yousosus	flqeihi	C
2020-03-28 14:42:20.958117	u/PolaroidBubbleTea	flrhduv	u/flwrs__	flqmbf5	C
2020-03-28 14:42:28.675925	u/real_int_2k	flrhe5d	u/fualtyzane	flrd8x8	C
2020-03-28 14:42:36.650110	u/BilewAxe	flrhee9	u/wafflehousetun	flqyz03	C
2020-03-28 14:42:46.225435	u/BlackBunny2424	flrherz	u/DarthRygar	flrd7j7	C
2020-03-28 14:42:50.486496	u/NATEEE247	flrhet4	u/SomeUnknownGabriel	flrg76u	C
2020-03-28 14:44:39.996367	u/randomretardedguy	flrhitg	u/RepostSleuthBot	flrf70s	C
2020-03-28 14:44:59.296124	u/faptoryreset	flrhjiy	u/MafiaHen	flrbvdc	C
2020-03-28 14:45:14.268477	u/Tobantula	flrhjww	u/A_sad_toaster	flrhap8	C
2020-03-28 14:45:23.655827	u/Cheaky_Axiom	flrhk9d	u/EliteAssassin750	flrev0w	C
2020-03-28 14:45:28.422238	u/TearsOfBigSad	flrhkfc	u/C0R0NA_CHAN	flrhhp4	C
2020-03-28 14:45:38.528795	u/Susenkus	flrhkwk	u/Loud_Shine	flrh3n1	C
2020-03-28 14:46:01.521016	u/Blue28820	flrhlfe	u/fualtyzane	flrgiha	C
2020-03-28 14:46:03.480737	u/GuitarShark865	flrhlhf	u/Aspen_Alabaster	flrgrhr	C
2020-03-28 14:46:06.550850	u/Minecraftveteran13	flrhlnt	u/hiportyuop	flr6xtp	C
2020-03-28 14:46:20.451199	u/nerfsquad1	flrhm5w	u/incrediblefluffalo	flrhfbq	C
2020-03-28 14:46:26.337658	u/ultimate-meme-thief	flrhmh5	u/REX_CT-7567	flre7kv	C
2020-03-28 14:46:33.947371	u/mcsuggit	flrhmk2	u/gaybrosgonewild	flqsa6j	C
2020-03-28 14:46:46.511672	u/danbenver04	flrhmwz	u/YEET_STAR	flqs9ce	C
2020-03-28 14:46:49.222602	u/Nightspark15	flrhn0n	u/fualtyzane	flr16bc	C
2020-03-28 14:47:45.189742	u/BryceinReddit	flrhpeq	u/Manzar534	flqk0d5	C
2020-03-28 14:47:51.979509	u/MikeWazowski48	flrhpkk	u/honeyblo0m	flre4us	C
2020-03-28 14:47:57.659333	u/datmemerboy	flrhq7c	u/bukaj40	flrhefn	C
2020-03-28 14:48:01.809763	u/Ianundostres	flrhqce	u/SoWokeIdontSleep	flrg6c0	C
2020-03-28 14:48:07.541640	u/aruan04	flrhqha	u/Zamonater	flrh96m	C
2020-03-28 14:48:55.457151	u/Shadow_of_a_dream	flrj4mk	u/4oMaK	flrdyqp	C
2020-03-28 14:49:04.158868	u/AndersonLittle	flrj54v	u/GloriousBeard905	flrhwd1	C
2020-03-28 14:49:09.605219	u/Lilly_08	flrj5a0	u/MustopherGoochington	flrik47	C
2020-03-28 14:49:11.369571	u/enchiladaman1603	flrj5f0	u/SK535	flr8pt2	C
2020-03-28 14:49:18.438488	u/SquashuaCarrot	flrj5p0	u/CyberCode21	flraqkn	C
2020-03-28 14:49:30.662558	u/Pallie01	flrj6cc	u/another_one_bites459	flrgd9b	C
2020-03-28 14:49:35.854324	u/peknive	flrj6lo	u/Kind-Pop	fl3zlqu	C
2020-03-28 14:49:38.236263	u/krutikftw	flrj6pj	u/modsarebiggae	flriqmg	C
2020-03-28 14:49:45.394018	u/TechPr0	flrj77e	u/PieceOfCringePie	flrj4se	C
2020-03-28 14:49:49.089440	u/Gorfyx	flrj7gc	u/Sweet_Mayhem	flr92ir	C
2020-03-28 14:50:12.025818	u/Goldwings1324	flrj8zb	u/Centtrix	flr61cj	C
2020-03-28 14:50:52.384936	u/Goldwings1324	flrja30	u/Centtrix	flr61cj	C
2020-03-28 14:50:58.116500	u/_chemo_therapy_	flrjabz	u/Life-Garbage	flrj4w3	C
2020-03-28 14:51:19.138825	u/sherlockwatson21	flrjb2y	u/knightwolfghost	flqyb57	C
2020-03-28 14:51:21.505573	u/Duke_of_Thunder	flrjb3l	u/PieceOfCringePie	flrimx9	C
2020-03-28 14:51:27.762805	u/TMF049	flrjb7z	u/Youfkingapologist	flr8efg	C
2020-03-28 14:51:52.861369	u/Yaboi52gd	flrjc1o	u/lummoboi	flrcrmy	C
2020-03-28 14:52:38.194364	u/FatStreetBoy	flrjdjy	u/RepostSleuthBot	flrbnlg	C
2020-03-28 14:52:49.377795	u/Red_Firaga	flrjdvq	u/CreamyKnougat	flrh4h7	C
2020-03-28 14:52:57.232269	u/apple-pancake	flrje5s	u/MrPhippy64	flri6bw	C
2020-03-28 14:53:07.496453	u/kahan_hoe	flrjed6	u/Yanko-Freudenmann	flqsv0t	C
2020-03-28 14:53:11.932802	u/RobotDuck897	flrjeit	u/nelys1836	flrelyj	C
2020-03-28 14:53:39.913509	u/BealeTeam6	flrjfed	u/WaffleEaterMan	flrhvpl	C
2020-03-28 14:53:43.372587	u/DIRTY_KUMQUAT_NIPPLE	flrjfg2	u/DeadGhost2233	flr30j5	C
2020-03-28 14:53:47.117126	u/MrKaprisan	flrjfhz	u/Tyran_Cometh	flqmfgu	C
2020-03-28 14:54:11.564617	u/Soundwave1875	flrjgli	u/Centtrix	flr61cj	C
2020-03-28 14:54:23.807131	u/Angoodoesstuff	flrjh11	u/MyDog57	flre8fi	C
2020-03-28 14:54:42.430668	u/Samsung-amazingly	flrjhio	u/AutoModerator	flrgr5c	C
2020-03-28 14:54:44.477614	u/stvhght	flrjhj2	u/Froakichu	flp9s9b	C
2020-03-28 14:55:05.459682	u/icequeen3333333	flrjiec	u/racerfree	flr4rqr	C
2020-03-28 14:55:11.636704	u/SaigoBattosai	flrjiq2	u/TRoastedPotato	flrjdzy	C
2020-03-28 14:55:23.892158	u/borislavantic	flrjj07	u/ThisNameIsNotTakes	flrfl98	C
2020-03-28 14:55:25.912270	u/derektaan	flrjj0s	u/aMaskOfManyMen	flricmu	C
2020-03-28 14:55:34.210323	u/AR-S117	flrjj3m	u/Skaers	flrfoku	C
2020-03-28 14:55:39.639717	u/Malakar1195	flrjj5a	u/DeltaFrost22	fl7bq2x	C
2020-03-28 14:55:44.801593	u/sour-lemon-bowl101	flrjj8d	u/Novice-Memer	flqxsda	C
2020-03-28 14:55:53.981357	u/Darkpenguins38	flrjjgg	u/dgrif3209	flqgqxn	C
2020-03-28 14:56:02.227162	u/Danx96	flrjjv3	u/flwrs__	flqmbf5	C
2020-03-28 14:56:13.644253	u/Hanno_of_Carthage	flrjk8f	u/tsho24	flrh0pc	C
2020-03-28 14:56:26.439928	u/14thisisdepp	flrjkrb	u/PieceOfCringePie	flrimx9	C
2020-03-28 14:56:30.158942	u/PapaStevesy	flrjkvg	u/Im_Not_Spooderman	flrfg88	C
2020-03-28 14:57:01.778715	u/some1didnt	flrjm5k	u/vpetrychuk	flqpccy	C
2020-03-28 14:57:10.284013	u/TheDefiB	flrjmfp	u/Fluffy_MrSheep	flrjkh3	C
2020-03-28 14:57:45.137563	u/TheDefiB	flrjo5k	u/Fluffy_MrSheep	flrjn5o	C
2020-03-28 14:59:30.639641	u/BnDMsTr	flrjsip	u/SpunkyHalo365	flriagf	C
2020-03-28 14:59:45.001025	u/earthyduck	flrjswi	u/i-feed-on-memes	flr6sbz	C
2020-03-28 14:59:50.892375	u/AR-S117	flrjt8f	u/Skaers	flrjkmd	C
2020-03-28 14:59:57.707773	u/Luecleste	flrjtfl	u/RIPConstantinople	flrdngw	C
2020-03-28 14:59:58.796072	u/danurnan	flrjtm1	u/bluetuna42	flrh7xs	C
2020-03-28 14:59:59.360000	u/-funny-username-	flrjtmi	u/tidderenodi	flrhvz7	C
