2020-04-17 13:00:43.475308	u/waleed20074444	fnpbakt	u/Shaggy_AF	fnp9xgq	C
2020-04-17 13:01:08.897463	u/vulcan80069	fnpbbd9	u/cocaisan_asian	fnole80	C
2020-04-17 13:01:13.529907	u/FaZe_stud	fnpbbfq	u/TitoTheGoat69	fnpb7jw	C
2020-04-17 13:01:54.565176	u/akhgar	fnpbc8a	u/mercy12367	fnpb04q	C
2020-04-17 13:03:50.963755	u/jithu7	fnpbf8d	u/CheeriodudeL45	fnpaz5e	C
2020-04-17 13:04:13.686231	u/awebradisek	fnpbfr3	u/Jindo5	fno5k1e	C
2020-04-17 13:04:20.880456	u/sk8ie	fnpbfvr	u/bich-	fnon6qc	C
2020-04-17 13:04:50.963028	u/extremespeedster	fnpbgt2	u/MrSaucyLamp	fnpbepz	C
2020-04-17 13:05:15.346207	u/AneurysmicKidney	fnpbhdw	u/gustavomendes10	fnp5mlx	C
2020-04-17 13:05:30.236626	u/SkyeRibbon	fnpbhnq	u/R00sterPickens	fnp87pg	C
2020-04-17 13:06:42.239879	u/aliashoj	fnpbjqc	u/That_Guy2847	fnp23kv	C
2020-04-17 13:07:08.042991	u/unusually_tiny_horse	fnpbkor	u/FFilli	fnpaou9	C
2020-04-17 13:07:52.577367	u/Liker_The_God	fnpbmlh	u/Laremyunsil	fnp4y3w	C
2020-04-17 13:08:04.836621	u/AWashGYT	fnpbmxc	u/pewnewsgloriaborger	fnp9tpc	C
2020-04-17 13:08:08.558108	u/UltraKitten2263	fnpbn42	u/RepostSleuthBot	fnpbir3	C
2020-04-17 13:08:13.517685	u/mindblowerkk	fnpbng2	u/RandomRobloxPlayer	fnnhm8c	C
2020-04-17 13:08:17.939066	u/probro34	fnpbnnd	u/sharmin84	fnp1jo2	C
2020-04-17 13:08:24.093442	u/Legendary6303	fnpbo30	u/FishyArtBoi62	fnp1qa3	C
2020-04-17 13:08:26.319896	u/squeedwaerd	fnpbo5r	u/Chickiri	fno6vcd	C
2020-04-17 13:08:32.825838	u/Angel_Mafia	fnpboa2	u/OrionUniv	fnp6iqx	C
2020-04-17 13:08:35.084520	u/RaNDOm-3nCOUNTEr	fnpbogp	u/ElementalNerd	fnoy5jm	C
2020-04-17 13:08:55.459109	u/quietsilk	fnpbpdj	u/A-Young-Padawan	fnp856p	C
2020-04-17 13:08:56.799630	u/ThisToastIsTasty	fnpbpgx	u/A70guy	fnoyr2d	C
2020-04-17 13:09:24.280076	u/Jhongivemethyfeet	fnpbqqw	u/stitchposting	fnp9344	C
2020-04-17 13:09:34.193844	u/JailCrookedTrump	fnpbr99	u/Regal_reaper	fnpatsz	C
2020-04-17 13:09:39.266200	u/TacoCatIsMyReligion	fnpbrml	u/Zacuery	fnpbi80	C
2020-04-17 13:09:40.968142	u/BraxtonFullerton	fnpbrpr	u/gustavoespinia	fnpbgan	C
2020-04-17 13:09:42.454334	u/cultculturee	fnpbrst	u/rance_kun	fnousq5	C
2020-04-17 13:10:01.634903	u/TheTinyTheorist	fnpbtjd	u/Pumcia69	fnpbbe8	C
2020-04-17 13:10:18.139069	u/NateDaArtist	fnpbu1e	u/pirate-box	fnp99sj	C
2020-04-17 13:10:47.353027	u/_Cloaked_	fnpbv2t	u/if_i_try	fnpbc0r	C
2020-04-17 13:10:55.198822	u/Mirolls	fnpbva1	u/NotAJetNova	fnp1mfh	C
2020-04-17 13:11:06.303946	u/mahboiskinnyrupees	fnpbw12	u/AnnexFromCanada	fiqsyqs	C
2020-04-17 13:11:10.699386	u/dpmaxa	fnpbw2h	u/benvonpluton	fnoilte	C
2020-04-17 13:12:05.129932	u/memeinator9001s-alt	fnpbxo0	u/Omnom3709	fnpar7i	C
2020-04-17 13:12:36.181211	u/emersson16	fnpbykj	u/JoeSell2005	fnp1gqw	C
2020-04-17 13:13:29.300256	u/Vivekpalat	fnpc099	u/Kade_Watson	fnoysi2	C
2020-04-17 13:13:33.645207	u/RepresentativeCake0	fnpc0dz	u/ollyester	fnopa37	C
2020-04-17 13:14:24.835612	u/torolava1	fnpc1ro	u/MalMal08	fnp5pzy	C
2020-04-17 13:14:49.180691	u/bern831	fnpc26e	u/yeetyeetmaspageet	fnonxos	C
2020-04-17 13:15:00.296628	u/wwIIIDrafting	fnpc2hz	u/shadowfox046	fnpbg1k	C
2020-04-17 13:15:23.207112	u/DeathViper420	fnpc3d9	u/TheOneAboveAll0	fnobxw2	C
2020-04-17 13:15:28.128781	u/The_DarkMatter	fnpc3ep	u/jim452019	fnp36ib	C
2020-04-17 13:15:44.362371	u/Daniel_G7	fnpc401	u/I_bims_Amthor	fnpbwf1	C
2020-04-17 13:16:01.703186	u/NovaSCar_	fnpc56y	u/analsuicide69	fnorfcb	C
2020-04-17 13:16:08.885739	u/Gabriel11274	fnpc5i6	u/xwcq	fnp2zui	C
2020-04-17 13:16:56.445304	u/Lars412	fnpdrbw	u/Skycam3014	fnpcnmu	C
2020-04-17 13:17:06.410728	u/Username-boy	fnpdrtu	u/NotSoRainbow	fnopk86	C
2020-04-17 13:17:27.846550	u/DaRealPickleMik	fnpdtb8	u/Yondercube23	fnp6tsw	C
2020-04-17 13:17:33.951455	u/iabora	fnpdtri	u/SkyL0rdG	fnpdqyh	C
2020-04-17 13:17:36.597965	u/myjizcuresanalcancer	fnpdtt9	u/PugzPlayz	fnpd2qa	C
2020-04-17 13:18:33.707118	u/holy_kinkers	fnpdwkl	u/CoochieBoogie95	fnpdu8p	C
2020-04-17 13:18:35.328108	u/hhh4dawin	fnpdwls	u/SkyL0rdG	fnpawou	C
2020-04-17 13:19:49.041349	u/Potaku_69	fnpe114	u/Apeirogon8888	fnpd1zr	C
2020-04-17 13:19:50.805589	u/issacplays	fnpe13t	u/RedninjaJ	fnp7gcw	C
2020-04-17 13:19:55.705808	u/Carton_Of_Cartoon	fnpe1mx	u/Sikey26	fnorsiv	C
2020-04-17 13:21:04.892166	u/B1LLZFAN	fnpe36a	u/UGLYSCPTATO-69	fnor69z	C
2020-04-17 13:21:27.531238	u/sultanmemez	fnpe3wk	u/Mekemu	fnlhmlg	C
2020-04-17 13:22:09.458063	u/grover6_9	fnpe5ff	u/tbrink23	fnpbdyt	C
2020-04-17 13:22:19.473172	u/MrZipZap	fnpe5o6	u/MVT3600	fnp67ns	C
2020-04-17 13:22:46.174526	u/Aidan05111	fnpe6j7	u/VibraniumDragonborn	fl5nrgn	C
2020-04-17 13:22:54.948881	u/aadisaha17	fnpe6v9	u/EstusEnthusiast	fnp9al6	C
2020-04-17 13:23:11.366362	u/aadisaha17	fnpe7m7	u/CeyeberRDT	fnpaqrf	C
2020-04-17 13:23:22.164060	u/aadisaha17	fnpe803	u/EstusEnthusiast	fnpdyqm	C
2020-04-17 13:24:23.035976	u/Toasty_the_crisp	fnpea3u	u/Jb0992	fnp28o6	C
2020-04-17 13:24:49.647320	u/Safi666	fnpebgt	u/Sprodersprack	fnozq0y	C
2020-04-17 13:25:26.968593	u/yetanotherusernamex	fnped40	u/TornadicPursuit	fnoqpxf	C
2020-04-17 13:26:05.530411	u/segelfliegerpaul	fnpeeow	u/BaronVonKekatron	fnpb18y	C
2020-04-17 13:26:07.564992	u/---HyDrA---	fnpeeqi	u/darkXking666	fnp6zf9	C
2020-04-17 13:26:11.257194	u/darkfenrir13	fnpeeyw	u/ExcuseMeNoThx	fnp9d57	C
2020-04-17 13:26:27.527776	u/seakoss	fnpefo8	u/Da-pacybits-noob	fnp73nf	C
2020-04-17 13:26:35.248072	u/Aduentix	fnpefy8	u/Guyshu	fnp9d2q	C
2020-04-17 13:26:50.933022	u/dre702	fnpegyh	u/Bob_Chris	fno0zco	C
2020-04-17 13:27:19.203298	u/Bro_Hound	fnpehxc	u/Dubberruckyiv	fnpdx9h	C
2020-04-17 13:27:51.763785	u/SignedUpForLWIAY	fnpejir	u/Netra14	fnpeccp	C
2020-04-17 13:28:03.043446	u/eThunderSnow	fnpejv9	u/Axe126003	fnp3jhy	C
2020-04-17 13:28:37.558187	u/Bloomed_Lotus	fnpelct	u/fakkruu	fnpeht6	C
2020-04-17 13:28:57.817160	u/kivan-hasvin	fnpemtw	u/Camel_in_a_can	fnp8ate	C
2020-04-17 13:29:03.251497	u/ben_shapiro_is_daddy	fnpenhg	u/greatking6009	fnp5sbf	C
2020-04-17 13:29:05.280991	u/THEROCKROLLINS	fnpenna	u/Mew43211	fnpdjyc	C
2020-04-17 13:29:34.245216	u/Bloomed_Lotus	fnpepx9	u/fakkruu	fnpeod7	C
2020-04-17 13:30:04.590697	u/Jojojau-is-taken	fnperol	u/The_DarkMatter	g2z3gj	S
2020-04-17 13:30:31.403395	u/Hello-fellas125	fnpes9o	u/Wagwan1012	fnpdxag	C
2020-04-17 13:30:47.408116	u/radioactivejason2004	fnpetij	u/wwIIIDrafting	fnpc2hz	C
2020-04-17 13:31:58.096374	u/kdawgovich	fnpev97	u/substandardpoodle	fnomvau	C
2020-04-17 13:33:25.261529	u/jericojake	fnpeyqr	u/daycn1084	fnp6qxd	C
2020-04-17 13:34:09.854715	u/sherlock_30	fnpf0hp	u/mcharrison234	fno5yz0	C
2020-04-17 13:34:33.194446	u/NimJickles	fnpf18k	u/akhgar	fnpbc8a	C
2020-04-17 13:34:51.628194	u/paranoid-alien	fnpf2mg	u/hxrveyn	fnolue4	C
2020-04-17 13:35:12.507574	u/Article-13-17	fnpf3h3	u/LeatherRegret	fnp14t3	C
2020-04-17 13:35:20.351659	u/ball-peen	fnpf3nx	u/SKTantrum	fnp7euh	C
2020-04-17 13:35:37.497829	u/CommanderAtlas	fnpf4kp	u/june-bug-69	fnpeif5	C
2020-04-17 13:37:32.570978	u/dafinglizardking	fnpfar8	u/QuickSuccotash2	fnojid7	C
2020-04-17 13:38:25.550779	u/firefox112pop	fnpfdnb	u/WorldWreckerYT	fnp85qb	C
2020-04-17 13:38:54.866258	u/godofchickennuggets	fnpffoe	u/The_Meme_Man29	fno1n2u	C
2020-04-17 13:39:29.322253	u/commitkashootmyself	fnpfi5m	u/tbrink23	fnpbdyt	C
2020-04-17 13:39:34.341735	u/BadMcSad	fnpfimr	u/RJPeaches	fnokkgu	C
2020-04-17 13:39:44.027813	u/Will_McDowell	fnpfj36	u/OverDies	fno6t2l	C
2020-04-17 13:39:47.783683	u/TheLegendaryDogeborn	fnpfj7g	u/OfficalVentti	fnpfacm	C
2020-04-17 13:39:58.284501	u/CheetahClaw	fnpfjsl	u/ojasdeshpande	fnpfi2l	C
2020-04-17 13:41:20.227619	u/Krogg	fnpfmk3	u/jorge_w_kush	fnoeajl	C
2020-04-17 13:41:54.126046	u/Nft2501	fnpfn83	u/1Cryptic_Phoenix	fnpeowm	C
2020-04-17 13:42:24.199278	u/imacertifiedpotato	fnpfotn	u/Volstx	fnoxibp	C
2020-04-17 13:42:29.099199	u/Ayakashi_	fnpfoyc	u/cheeseu_	fno9j58	C
2020-04-17 13:42:38.963611	u/S_amO	fnpfp80	u/TiesG92	fnpfgfk	C
2020-04-17 13:42:42.435590	u/-Syntex-	fnpfpf0	u/vippopper	fnp9ur7	C
2020-04-17 13:42:47.953569	u/leo-samael	fnpfpj6	u/Bloomed_Lotus	fnpelct	C
2020-04-17 13:43:11.597610	u/StrongIslandPiper	fnpfqag	u/TjJames72	fnoum5u	C
2020-04-17 13:43:34.411732	u/fracken_a	fnpfquh	u/cerealkiller42069	fnpe6my	C
2020-04-17 13:43:46.065557	u/PythonF	fnpfr31	u/benvonpluton	fnoilte	C
2020-04-17 13:44:26.557840	u/bigbuzz55	fnpfsfq	u/EdBoi007	fnpchlt	C
2020-04-17 13:44:31.374211	u/StalkingDonuts	fnpfsft	u/Game_Daddy	fnpfq1t	C
2020-04-17 13:44:37.950240	u/Drin_Draws	fnpfsk1	u/06Grill	fnpa1h0	C
2020-04-17 13:45:40.327521	u/thealphabetsayshi	fnpfu2s	u/dhruvbzw	fnooldd	C
2020-04-17 13:45:52.459896	u/Literally_An_Egg	fnpfums	u/boxedmachine	fnp3m03	C
2020-04-17 13:46:44.428646	u/Indaleciox	fnpfvfh	u/RQ-0430	fnmx455	C
2020-04-17 13:47:18.414668	u/blackrabbitkun	fnpfwbp	u/BreadBondman	fnp0pwd	C
2020-04-17 13:47:26.317734	u/BubbleSSB	fnpfwo9	u/Lawlelle	g31ty5	S
2020-04-17 13:49:43.611820	u/giantninja908	fnphpul	u/Gelbian	fnpabyz	C
2020-04-17 13:51:13.924848	u/CatsAndCreamCheese	fnphruo	u/Shadow_Lou	fnoj97m	C
2020-04-17 13:51:28.064011	u/FoggyCat12	fnphs95	u/_SomeCzechGirl_	fnpau63	C
2020-04-17 13:53:36.151086	u/A_casual_Weeb	fnphuyj	u/1Plz-Easy-Way-Star	fnp65w5	C
2020-04-17 13:55:40.799955	u/Murky-Frosting	fnphwnm	u/adarshadhungel1	fnowots	C
2020-04-17 13:56:26.831829	u/StK-DrateR	fnphxdy	u/The_Winner_2021	fnojbuv	C
2020-04-17 13:56:52.190570	u/CatsAndCreamCheese	fnphy2d	u/willolson222	fnoy9uy	C
2020-04-17 13:57:14.540785	u/micaho7831	fnphyj8	u/Warkan47	fnpffao	C
2020-04-17 13:57:19.176540	u/Left-Monitor	fnphyke	u/pantera_fan101	fn0ruz9	C
2020-04-17 13:57:59.583359	u/SonofIlluvatar	fnpi04y	u/gavincarr97	fnpd16z	C
2020-04-17 13:58:01.487700	u/pikapika-exe	fnpi0aq	u/cold_cat_x8	fnphx8t	C
2020-04-17 13:58:30.699485	u/agiaq	fnpi1h8	u/HoneyBBqBadger	fnpaotg	C
2020-04-17 13:58:34.227659	u/Hepabotaet	fnpi1lx	u/dimmiii	fnpgpmo	C
2020-04-17 13:58:58.708790	u/Snekuuk	fnpi2au	u/steave37373	fnphhue	C
2020-04-17 13:59:00.926361	u/aTVisAthingTOwatch	fnpi2p2	u/sacrificial_reunion	flafgjk	C
2020-04-17 13:59:29.014281	u/blissed-blood-dragon	fnpi456	u/Anonymous529YT	fnpdqc0	C
2020-04-17 13:59:42.817681	u/Osmiac	fnpi5o0	u/AlvinAndTheCumchunks	fnozb68	C
2020-04-17 13:59:44.488551	u/aTVisAthingTOwatch	fnpi5rw	u/TheTromo	fmakd72	C
2020-04-17 13:59:55.237400	u/Zick_Orei	fnpi6s3	u/SkyL0rdG	fnoz2ka	C
2020-04-17 13:59:58.889212	u/ExperiencedSimpleton	fnpi742	u/lazygamer2001	fnpha7h	C
2020-04-17 13:59:59.955595	u/fortintebad	fnpi75u	u/arisnoGTO	fnpgm8x	C
