2020-03-24 20:00:35.433243	u/Ethan11223	fleyzre	u/ohylkes	flex1fn	C
2020-03-24 20:00:48.806417	u/Friknuggets	flez05s	u/FTstealth77	flcwkp7	C
2020-03-24 20:00:57.999518	u/RivyXI	flez0ff	u/ARC_3pic	flex33l	C
2020-03-24 20:01:25.760567	u/pokedoot	flez1fp	u/Leviathan271	fld7rca	C
2020-03-24 20:01:29.684810	u/megatroller5000	flez1go	u/Sami012506	fleru2v	C
2020-03-24 20:01:33.184827	u/saoooooaaannoying	flez1l5	u/PhillipF010	flexpgr	C
2020-03-24 20:01:41.424999	u/AnotherRedditUserHuh	flez1t4	u/tumatos8	fldksmu	C
2020-03-24 20:01:54.186433	u/A_being_on_earth	flez20r	u/hazelolivia	flex0ta	C
2020-03-24 20:02:18.263975	u/bigbruh2745	flez2fn	u/Pannenkoek420	flefayj	C
2020-03-24 20:02:33.730198	u/billybobjoe2017	flez2no	u/manishdekock	fley98o	C
2020-03-24 20:03:01.314741	u/MyPpFeelsLikeMyMoms	flez3n2	u/AutoModerator	fldsdp7	C
2020-03-24 20:03:20.287842	u/FearsomeFutch	flez49n	u/TheCheeseBagger	fleye37	C
2020-03-24 20:03:57.647269	u/ItsAPunderfulWorld	flez5bk	u/Lucasgpoulsen	flenwlx	C
2020-03-24 20:04:48.751127	u/fourtrax0	flez777	u/RepostSleuthBot	fleyzcu	C
2020-03-24 20:04:52.832448	u/fuckyoufam_69	flez78l	u/SoreliCrisis	fleiu3v	C
2020-03-24 20:05:05.540759	u/iusemylegs	flez7p8	u/AutoModerator	fle1otf	C
2020-03-24 20:05:18.906202	u/AlphaInsaiyan	flez8al	u/CreateTheStars	flevoqp	C
2020-03-24 20:05:29.026563	u/MmmSpoicy	flez8vf	u/lolipopbiter	fleqg0i	C
2020-03-24 20:05:31.979110	u/PyroKahn	flez8yj	u/finnikarma2431	fleycpx	C
2020-03-24 20:05:44.981542	u/rogerG123	flez97u	u/xXMusicMachineXx	flddpt6	C
2020-03-24 20:06:26.759691	u/SOLAR123123	flezb22	u/sum1gamer	fletu03	C
2020-03-24 20:06:32.050617	u/tomhoq	flezb7a	u/ARC_3pic	flez10q	C
2020-03-24 20:06:37.059675	u/Blu3Jell0P0wd3r	flezbae	u/Not-a-master69	fley8v5	C
2020-03-24 20:06:48.630343	u/saltykitty69420	flezbvp	u/layeeeeet	fleylf8	C
2020-03-24 20:06:52.583926	u/R0N1N_1	flezbzh	u/OverlordAmon	flevvau	C
2020-03-24 20:06:56.915375	u/TheGameVanYT	flezcea	u/ARC_3pic	flez10q	C
2020-03-24 20:07:03.302189	u/NaruSakufanso6p	flezcga	u/matheussanthiago	flet6mm	C
2020-03-24 20:07:16.114545	u/diseasedhamster321	flezczv	u/MrCarrot1	fleuwy5	C
2020-03-24 20:07:22.354156	u/the_dragon_kingler	flezd6f	u/ExpertAccident	fleytz8	C
2020-03-24 20:07:25.899974	u/pinkdog97	flezdaf	u/Tru_Drone_Videos	flet4q0	C
2020-03-24 20:07:39.687873	u/goochmerkin	flezdhb	u/Gozertank	flexu85	C
2020-03-24 20:07:58.225718	u/hershey4bacon	flezegs	u/racerfree	flez5v0	C
2020-03-24 20:08:24.256507	u/Iusejokestocope	flezfnc	u/Anykla	fleatac	C
2020-03-24 20:08:25.768573	u/LeBoneBone	flezfnl	u/jaxsotsllamallama	fleunyk	C
2020-03-24 20:08:31.960429	u/the_dragon_kingler	flezfrj	u/the_dragon_kingler	flezd6f	C
2020-03-24 20:08:33.332365	u/GreatPepperoni	flezfrm	u/SaltedPuss	fle54ak	C
2020-03-24 20:08:37.491401	u/ImUrAsian	flezfzq	u/SantosRanger	flepke6	C
2020-03-24 20:09:02.972006	u/Originalspearjunior	flezh1m	u/rock-solid-armpits	flerwtp	C
2020-03-24 20:09:15.756532	u/parker119	flezhyu	u/GlooBuli	flev7pn	C
2020-03-24 20:09:18.510525	u/chantheman2001	flezi4k	u/Conor_Collins	flemxm9	C
2020-03-24 20:09:21.265658	u/Deep-Today	flezia2	u/TheYeetinatorReturns	fleygkb	C
2020-03-24 20:09:28.234701	u/TheLegoofexcellence	flezijt	u/_DarkAnxiety	fld744p	C
2020-03-24 20:09:29.714702	u/tman6745	flezimk	u/RepostSleuthBot	fley0i3	C
2020-03-24 20:09:32.489721	u/only___say--ok	fleziri	u/UD_1680	flck47k	C
2020-03-24 20:09:38.979026	u/lazzyboy123	flezjjf	u/Infiknight97	flez1w1	C
2020-03-24 20:09:52.255417	u/CoherentPig4552	flezkbg	u/UmbraEXE	fleh522	C
2020-03-24 20:09:53.675276	u/dragonswag506	flezkgn	u/ryry2755	fldy7a3	C
2020-03-24 20:10:03.355244	u/hiimkody	flezkl9	u/minecraftisthebest6	flen766	C
2020-03-24 20:10:21.148072	u/DannyTheBoyo	flezl6b	u/Lukesreddit69	fleucij	C
2020-03-24 20:10:36.601240	u/TheKingOfBoogers	flezlla	u/Grady_Yeet	flelvb5	C
2020-03-24 20:10:46.003829	u/BlackScorpion314	flezlvn	u/darwin_vinci7	flcoc0u	C
2020-03-24 20:10:53.145099	u/ImWildSoWhat	flezly6	u/racerfree	flezfk4	C
2020-03-24 20:11:22.526123	u/VillageRaidEmrald	flezmzh	u/Wiseonejambo	fleyglr	C
2020-03-24 20:11:45.277741	u/fatty_libtard	fleznpy	u/RepostSleuthBot	flezhle	C
2020-03-24 20:12:10.807620	u/DissolvedOcean	flezon0	u/pwn3dbyth3n00b	flez3ph	C
2020-03-24 20:12:38.344100	u/TriggeredGibberd	flezpqh	u/Buffin-Muffin	fletfwn	C
2020-03-24 20:12:40.674135	u/Ebyy0_0	flezpst	u/matheussanthiago	flexh7j	C
2020-03-24 20:13:13.785778	u/mriidul	flezqzq	u/Aaron-Cook-467	fleurtw	C
2020-03-24 20:13:17.230408	u/Arrowboi420	flezr0p	u/Natendrtfm	flev7vb	C
2020-03-24 20:13:30.541312	u/jusabruhyeet	flezre1	u/fualtyzane	flepu6z	C
2020-03-24 20:13:35.321048	u/2purplepups	flezri5	u/comerade-elmo	fle1pzt	C
2020-03-24 20:14:24.553105	u/BryanMustaine	flezt4b	u/TheGameVanYT	flezcea	C
2020-03-24 20:14:43.269602	u/dumbmemer	fleztkr	u/Xploiter_RBLX	flezofp	C
2020-03-24 20:15:08.631555	u/herotollgolosus	flezuat	u/famoter	fley8ts	C
2020-03-24 20:15:24.462418	u/BritishSpyMae	flezuks	u/minecraftisthebest6	flemwwr	C
2020-03-24 20:15:43.001223	u/FallenSegull	flezv9i	u/cold_cat_x8	fleh2zo	C
2020-03-24 20:15:48.062810	u/Rhuarcof9valleyssept	flezvd3	u/Benja-C	flev5q6	C
2020-03-24 20:16:06.845277	u/MyHouseBlewOver	flezvyt	u/MIN3WARSC	flezuf7	C
2020-03-24 20:16:08.890654	u/MrAntiNiceGuy	flezvyz	u/racerfree	flez1wl	C
2020-03-24 20:16:16.259869	u/TheAlmightyZoinks	flezw86	u/macobus	fleztpk	C
2020-03-24 20:16:20.966784	u/cringy_pete	flezwhl	u/Murmite	fle1l7d	C
2020-03-24 20:16:45.759529	u/GlobularGorilla	flezxie	u/nintendont2005	fles85u	C
2020-03-24 20:16:50.234731	u/Wyba	flezxny	u/saltykitty69420	flezbvp	C
2020-03-24 20:16:56.025396	u/TheEntonOnTheNet	flezxt3	u/sociallyanxiouscow	flep8p0	C
2020-03-24 20:17:12.391559	u/ReadingAboutIdiots	flezyds	u/SeaSmokie	flewbt2	C
2020-03-24 20:17:14.217668	u/kalagangs	flezyhb	u/Tomatenpastij	flezg5o	C
2020-03-24 20:17:21.393627	u/the_trippyhippie	flezyoa	u/RepostSleuthBot	flexj08	C
2020-03-24 20:17:41.497943	u/Sunrise_141	flezzeb	u/Ethan11223	fleyzre	C
2020-03-24 20:18:08.210700	u/CreatorKid27	flf00o3	u/-jari_	flesxwt	C
2020-03-24 20:18:13.138316	u/_Samkiss_Your_Mom_	flf00yr	u/Retr0_21	fld8o2v	C
2020-03-24 20:18:23.381944	u/KALbrosky	flf01p3	u/YerrBoiiTucker	flezdl1	C
2020-03-24 20:18:26.502833	u/W1TH1N	flf01vj	u/Alpha_Motez	fler0u3	C
2020-03-24 20:18:28.904620	u/Klack66	flf021y	u/teflondonald1776	flds6c4	C
2020-03-24 20:18:30.449553	u/BigBrainThyme	flf022z	u/Conor_Collins	flemxm9	C
2020-03-24 20:18:45.118135	u/thadwdavis	flf02oi	u/Nolangt45	flf00d0	C
2020-03-24 20:19:06.919673	u/thehiddenshade91	flf03hw	u/super_nova_135	fo713a	S
2020-03-24 20:19:24.941960	u/FadedBinkie2291	flf04it	u/TheChocolateCray	flcx1m6	C
2020-03-24 20:19:33.124342	u/MaidenOfWerid	flf04vx	u/Patrick_Bot2	flf02h3	C
2020-03-24 20:19:47.900898	u/AJB42069666	flf0600	u/CurfBoi	fle0dmv	C
2020-03-24 20:20:46.206668	u/UNCLEPWNINATOR	flf07ze	u/Previous-Government	fldzn7b	C
2020-03-24 20:20:48.583768	u/SquidST4	flf086g	u/MIN3WARSC	flezuf7	C
2020-03-24 20:20:57.764469	u/Cptn_Kevlar	flf08g5	u/RedditsNinja23	flexffp	C
2020-03-24 20:21:19.882476	u/Memes24380	flf095p	u/Lordtygon	flf07h1	C
2020-03-24 20:21:32.615636	u/dylanclark0405	flf09vh	u/xavi_chiang	flezw41	C
2020-03-24 20:22:14.466744	u/No_Username_Found404	flf0bel	u/ZbrojovkaBRNO	flbg5ch	C
2020-03-24 20:22:27.586601	u/thecoldbothersme	flf0bkj	u/mysticwarrior222	fldnz6i	C
2020-03-24 20:22:41.755639	u/mkicon	flf0bxb	u/Previous-Government	fldzn7b	C
2020-03-24 20:22:43.970604	u/pwal88	flf0bzs	u/moonmanchild	fle8q7b	C
2020-03-24 20:23:30.609009	u/MattJ7Stewart	flf0dgc	u/Ligmafromsugondese	flezw2o	C
2020-03-24 20:23:33.886918	u/NB_CyCode	flf0dhy	u/Sbros2	fl65naz	C
2020-03-24 20:24:00.429077	u/Claud711	flf0fc5	u/A-boy-and-his-dog489	fleznzz	C
2020-03-24 20:24:02.566890	u/5265644D61736F6E	flf0fc4	u/mattdudes	fldnmld	C
2020-03-24 20:24:17.340104	u/angelsdaughter	flf0fmq	u/RepostSleuthBot	fld6lhb	C
2020-03-24 20:24:20.463756	u/alpacafartz	flf0ftw	u/AngelPhantom25	flezcrr	C
2020-03-24 20:24:41.399251	u/-DIBKIS-	flf0gnt	u/PikminAero	flezcev	C
2020-03-24 20:24:59.063736	u/DerangedCheeseburger	flf0h58	u/las194	fleuthz	C
2020-03-24 20:25:01.078718	u/tokiisbored	flf0h60	u/guyincognito773	fle9r48	C
2020-03-24 20:25:08.413913	u/Stontix	flf0hbi	u/Memer_Vincee	fleu722	C
2020-03-24 20:25:19.321280	u/UtaTan	flf0hl5	u/PhantasosX	fleww4d	C
2020-03-24 20:25:31.669156	u/joshyp0shy	flf0iaz	u/Previous-Government	fle041e	C
2020-03-24 20:25:39.233922	u/JasonSmith529	flf0ijf	u/MSGRiley	fletb8u	C
2020-03-24 20:26:08.535567	u/TempuraBBQ	flf0j8g	u/Unscathed_Toaster	flf0cq1	C
2020-03-24 20:26:22.940719	u/I-AM-NOT-HIMESH	flf0jqv	u/racerfree	flez58s	C
2020-03-24 20:26:44.099583	u/JoshR52	flf0ktz	u/AnInsaneMoose	flf08to	C
2020-03-24 20:26:48.778763	u/shreking_ur_mom	flf0l0i	u/AutoModerator	flf0j82	C
2020-03-24 20:26:55.064140	u/InVtween	flf0l6v	u/DustyMetal2	fldyxkb	C
2020-03-24 20:27:30.507763	u/Buniondaas	flf0mlf	u/ImperiusFate	flet890	C
2020-03-24 20:27:50.693083	u/Shriggaaaaaa	flf0ngu	u/MKmacSM	fld39ou	C
2020-03-24 20:27:55.840328	u/Nico0222	flf0nnu	u/racerfree	flf0c4f	C
2020-03-24 20:27:58.171335	u/TheRealist-YT	flf0nos	u/racerfree	flf0jfl	C
2020-03-24 20:28:01.196678	u/cooperkab	flf0nu3	u/meme_elias132d	fle9e4t	C
2020-03-24 20:28:05.720762	u/Ligmahead	flf0nz1	u/IAmDrChocolate	fldxuym	C
2020-03-24 20:28:10.601481	u/Acebushmaster42	flf0ody	u/fualtyzane	flewlyu	C
2020-03-24 20:28:30.824612	u/Oliver498	flf0p7g	u/TempuraBBQ	flf0fzp	C
2020-03-24 20:28:37.994203	u/a_normalhumanperson	flf0pm8	u/fualtyzane	flewlyu	C
2020-03-24 20:28:47.492917	u/eveviews	flf0pxt	u/oofboi100	fle4w7s	C
2020-03-24 20:29:03.873605	u/Madertader	flf0r2x	u/hiimkody	flezkl9	C
2020-03-24 20:29:26.952756	u/Amnayelth	flf0slj	u/SirJape	flf0c80	C
2020-03-24 20:29:31.530842	u/FrozenSynapses	flf0sw0	u/DannyTheBoyo	flezl6b	C
2020-03-24 20:29:37.128049	u/CreamyMangoes007	flf0tcc	u/Your_Mother_19	fleoge0	C
2020-03-24 20:29:38.623651	u/youtuberssentme	flf0tdi	u/Model-T60	fleo2hn	C
2020-03-24 20:29:43.345487	u/miguggle	flf0tkf	u/themasterbot	flep39i	C
2020-03-24 20:29:49.835594	u/RighteousParanoia	flf0uby	u/psychosister50	flee4rn	C
2020-03-24 20:29:58.153438	u/meyee	flf0vb7	u/las194	fleuthz	C
2020-03-24 20:29:58.841936	u/aheckingperson	flf0vei	u/AutoModerator	fldrz72	C
2020-03-24 20:30:00.040870	u/w--a--t--e--r	flf0vl2	u/JimmyDean369	flecu8v	C
2020-03-24 20:30:18.996569	u/AheadEx	flf0w6c	u/Leviathan271	fld7rca	C
2020-03-24 20:30:31.243694	u/TaintHairAfro	flf0wdh	u/Noogrim	fldu7y8	C
2020-03-24 20:30:41.997523	u/shitpostsanonymous	flf0wsp	u/shreking_ur_mom	flf0r1h	C
2020-03-24 20:30:54.331769	u/New-bryt	flf0x6r	u/AlbanMC	fldunm1	C
2020-03-24 20:31:04.682800	u/Joseph_Stalin111	flf0xcn	u/1111Jonnyman007	flebscy	C
2020-03-24 20:31:21.163061	u/crocflamingo	flf0xz9	u/RepostSleuthBot	flezg0a	C
2020-03-24 20:31:58.865291	u/dudeface1123	flf0z8r	u/hazelolivia	flex0ta	C
2020-03-24 20:32:01.067032	u/megrimlockk1ng	flf0zca	u/owomoneko	flf0tyw	C
2020-03-24 20:32:28.990904	u/winthematch	flf1056	u/HYPQX	fleb1m5	C
2020-03-24 20:32:31.209954	u/reddituser46290	flf1074	u/iiCheatr	flexoi5	C
2020-03-24 20:32:46.674716	u/Mattwo1	flf10jb	u/racerfree	flf0xbe	C
2020-03-24 20:33:09.240188	u/JuniperFulgur	flf11ai	u/GraviZero	fledyfj	C
2020-03-24 20:33:16.597148	u/shipwreckedgirl	flf11fr	u/ice_zephyr	flf0owr	C
2020-03-24 20:33:27.106034	u/unknowncontact123	flf11wj	u/racerfree	flf0ekw	C
2020-03-24 20:33:54.835216	u/Jackthecow99	flf12v6	u/SantosRanger	flepke6	C
2020-03-24 20:33:58.121040	u/not-so-little-phill	flf12y3	u/TheAwsumOne	flerngp	C
2020-03-24 20:34:31.944323	u/GDW33	flf13zb	u/only___say--ok	fleysat	C
2020-03-24 20:34:44.666409	u/Jeralikin	flf148p	u/JustBeingOriginal	flemsby	C
2020-03-24 20:34:47.768325	u/RelentlessDonkey308	flf14bm	u/XxbruhmasterxX	flf0xpo	C
2020-03-24 20:34:59.265851	u/jmb10	flf14h5	u/notnotavirginnot	fley5zi	C
2020-03-24 20:35:06.728937	u/mydayisamiracle	flf14py	u/racerfree	flf12qe	C
2020-03-24 20:35:15.044942	u/ballardi	flf158s	u/voicechangeranon	flf13wf	C
2020-03-24 20:35:22.109751	u/tobymoto123	flf15en	u/leadwaffle	fleyfy5	C
2020-03-24 20:35:59.131659	u/simpachizaraki	flf16jf	u/black_Chandler	fldkf1z	C
2020-03-24 20:36:16.699594	u/Ninja__x3	flf1747	u/jeremias20055	flexl3m	C
2020-03-24 20:36:56.146222	u/ScottyMerc24	flf2ena	u/StonksNewGroove	fldez1x	C
2020-03-24 20:37:02.070535	u/The_god3000	flf2etl	u/Grady_Yeet	flelvb5	C
2020-03-24 20:37:03.922255	u/Monster__	flf2evo	u/kimo2020	flep256	C
2020-03-24 20:37:22.873198	u/Imnewsoifislipendme	flf2fg0	u/theOGuberfig	flf28qt	C
2020-03-24 20:37:24.704017	u/FishMoneeeey2	flf2fg8	u/StarManOMG	fleo3np	C
2020-03-24 20:37:39.129639	u/llc117	flf2g3s	u/366m4n89	flduj8f	C
2020-03-24 20:37:48.883937	u/Cripple_Cat	flf2gcz	u/CreamyMangoes007	flf1q8m	C
2020-03-24 20:37:56.519523	u/Krish_Taylor	flf2gkh	u/racerfree	flf1ddj	C
2020-03-24 20:38:00.920750	u/Fast-Salamander	flf2gnx	u/Cocogenji	flf1tlt	C
2020-03-24 20:38:11.139832	u/Virtual_chase	flf2gte	u/tyknight205	flf2fpl	C
2020-03-24 20:38:12.694454	u/al04al-lolplayer	flf2gxd	u/racerfree	flezex3	C
2020-03-24 20:38:16.710324	u/crazyflyingroomba	flf2h30	u/Aaron-Cook-467	flf23ra	C
2020-03-24 20:38:19.349250	u/GabeTheDogMeme420	flf2h5o	u/ActiveShard	fleqbsr	C
2020-03-24 20:38:21.661404	u/Bald-Bean	flf2ha8	u/Tru_Drone_Videos	flehch0	C
2020-03-24 20:38:40.925597	u/urmom72816381	flf2i72	u/CreatorKid27	flf00o3	C
2020-03-24 20:38:45.883524	u/This-Aint--It-Chief	flf2ibm	u/BlAcK_rAbBiX	flf2dgu	C
2020-03-24 20:39:22.497422	u/Leonardogodf	flf2kgz	u/RepostSleuthBot	fley0i3	C
2020-03-24 20:39:32.133435	u/MatiasSemH	flf2kp2	u/Its_Ya_Boi_Lava	flersfu	C
2020-03-24 20:39:37.828753	u/SenorTrostky	flf2kti	u/thetruemorty5071	fleg2y9	C
2020-03-24 20:39:44.801772	u/Reeemageee	flf2l8s	u/rnielsen776	flf0siq	C
2020-03-24 20:39:46.296790	u/_Trinima_	flf2lbo	u/leaderofthevirgins	flevf0w	C
2020-03-24 20:39:49.671047	u/LuigiBamba	flf2lim	u/mohaee	flexacw	C
2020-03-24 20:39:52.294985	u/CoolManGamingTan	flf2loe	u/-jari_	flesxwt	C
2020-03-24 20:39:58.504325	u/uninteresting_meh	flf2m95	u/ronaldozai	flemljl	C
2020-03-24 20:39:59.120472	u/ahmad_vvv	flf2mab	u/SaltedPuss	fle54ak	C
2020-03-24 20:40:28.426007	u/CoolManGamingTan	flf2n6r	u/CreatorKid27	flf00o3	C
2020-03-24 20:40:32.997662	u/BloodyPommelStudio	flf2n7o	u/Conor_Collins	flemxm9	C
2020-03-24 20:40:48.822482	u/sausage-deluxxxe	flf2nvg	u/user_loku	fldj4m9	C
2020-03-24 20:40:54.678743	u/TigerHunter554	flf2o7u	u/Eqwort	flex43s	C
2020-03-24 20:41:05.798643	u/commanderboogaloo	flf2oey	u/Programmaspazial	fleq6z2	C
2020-03-24 20:41:09.318178	u/hypervyper99	flf2oh7	u/Kind-Pop	fl3zlqu	C
2020-03-24 20:41:17.758383	u/kebabboii243	flf2olk	u/shunaay	flf2n63	C
2020-03-24 20:41:56.029092	u/WiewarnochgleichName	flf2qdt	u/RepostSleuthBot	fl6r7qw	C
2020-03-24 20:42:09.762203	u/nrgbistro	flf2qy8	u/VillageRaidEmrald	flezmzh	C
2020-03-24 20:42:37.781636	u/MyCakeDayMyBirthDay	flf2roo	u/AwStark	flf2f4w	C
2020-03-24 20:42:45.653024	u/itsyaboiedp447	flf2rvp	u/Dinglesplat	fleyxjb	C
2020-03-24 20:43:08.718871	u/KerbalKore	flf2sjj	u/TheAlmightyZoinks	flewx0w	C
2020-03-24 20:43:12.015520	u/plopkoekmennen	flf2spv	u/xXdarkmoon645Xx	flf2mzn	C
2020-03-24 20:43:19.563489	u/bobwire0	flf2t2p	u/racerfree	flf2pri	C
2020-03-24 20:43:34.275870	u/Coopy0233	flf2ts0	u/Stars_Falling_93	flf1yao	C
2020-03-24 20:43:39.517852	u/xBlackBirdx2020	flf2tvr	u/SquidST4	flf086g	C
2020-03-24 20:43:52.980908	u/ChocolateRL	flf2u8j	u/ignorantsoul	flekegg	C
2020-03-24 20:44:10.334442	u/Chief_Boi	flf2uwm	u/Danderpboi	flf1h74	C
2020-03-24 20:44:24.796085	u/Im19NowPewds	flf2vdn	u/Cobra_69420	flezp6t	C
2020-03-24 20:44:28.806471	u/GermanNarutoOP	flf2vhw	u/Previous-Government	fldzn7b	C
2020-03-24 20:44:33.019171	u/Wolftheriot	flf2vo1	u/jonathandunlop	fleo208	C
2020-03-24 20:45:14.199365	u/Chez1293	flf2xev	u/sociallyanxiouscow	flep8p0	C
2020-03-24 20:45:21.476351	u/musama020	flf2xvw	u/banned-lemonleaf	fleprsi	C
2020-03-24 20:46:25.569425	u/SweetTriangles	flf30vp	u/DPurple7	flf2i3p	C
2020-03-24 20:46:45.206211	u/Weirdable	flf31r8	u/Original_Name_420	fleix9z	C
2020-03-24 20:46:50.809385	u/mlody_yasker	flf31uf	u/fualtyzane	flf2zf0	C
2020-03-24 20:47:05.684951	u/EvenResource	flf32g5	u/AutoModerator	flf2trp	C
2020-03-24 20:47:12.827957	u/audobanned	flf32o2	u/Padawk	flewhgw	C
2020-03-24 20:47:38.850680	u/dayeeeee	flf33jz	u/ru-meme	flf2kxq	C
2020-03-24 20:47:55.126333	u/RemDaWise	flf33ue	u/MasterOfYeetz	fledenq	C
2020-03-24 20:47:56.764396	u/EvenResource	flf33uv	u/EvenResource	flf32g5	C
2020-03-24 20:47:59.565111	u/ThatProGamerBoy	flf33vi	u/Yurishirox	flf2vw3	C
2020-03-24 20:48:04.694419	u/rodolfotowers	flf340v	u/Not-a-master69	flezldz	C
2020-03-24 20:48:44.613901	u/stonksboy	flf35yl	u/StarryRedFish	fleovz8	C
2020-03-24 20:48:48.220194	u/moojc	flf364a	u/racerfree	flf1f43	C
2020-03-24 20:48:52.561356	u/Kushodeku	flf368o	u/Synoxal	flebcvi	C
2020-03-24 20:48:55.698898	u/PresidentXanders	flf36j7	u/-The-Goose0-	fldu5bj	C
2020-03-24 20:49:00.573038	u/nala4978	flf36pc	u/racerfree	flf2fv3	C
2020-03-24 20:49:04.730947	u/Cogeim	flf36ue	u/RepostSleuthBot	flf27nv	C
2020-03-24 20:49:15.698274	u/musikmachine100	flf37xc	u/STTWNO	flf2zi1	C
2020-03-24 20:49:22.145082	u/ti_morr	flf38c5	u/A_sad_toaster	fleo9tk	C
2020-03-24 20:49:28.962722	u/_Anime_girl__	flf38w9	u/Xiaodisan	fleircs	C
2020-03-24 20:49:56.486807	u/SloppyJoeMan2	flf3alk	u/Not-a-master69	fleybcj	C
2020-03-24 20:49:58.798154	u/yeetorbeyeetedpk	flf3aut	u/OP_0-0-0_dart_monkey	flevv8r	C
2020-03-24 20:49:59.502935	u/Bad-Username-Choice1	flf3ayl	u/Grady_Yeet	flelvb5	C
2020-03-24 20:50:06.737836	u/JoeMamma1221	flf3b74	u/space10101	flefurc	C
2020-03-24 20:50:16.568335	u/SelenityMoon	flf3bn7	u/OP_0-0-0_dart_monkey	flevv8r	C
2020-03-24 20:50:48.063957	u/vannakkk	flf3d11	u/musikmachine100	flf37xc	C
2020-03-24 20:50:53.510796	u/NickDrummer	flf3d7o	u/I_GO_BOOM_BOOM	fleyaqs	C
2020-03-24 20:51:05.376195	u/surinamejeff	flf3djb	u/racerfree	flf0k5z	C
2020-03-24 20:51:29.077491	u/TheDemonBunny	flf3eco	u/Dorks-domain	fleoein	C
2020-03-24 20:52:17.723291	u/doublemeterman	flf3g5e	u/JoeMDFK	fofc0l	S
2020-03-24 20:52:21.251570	u/benthatguy101	flf3g7u	u/racerfree	flf325k	C
2020-03-24 20:52:27.953842	u/NaruSakufanso6p	flf3gg1	u/JoeyE-101	flbm0ty	C
2020-03-24 20:52:30.159213	u/butt_quack	flf3ggy	u/New-bryt	flf327q	C
2020-03-24 20:52:57.200685	u/_xxxtemptation_	flf3h8n	u/ArturoTardy	fldx2b1	C
2020-03-24 20:53:05.905151	u/Vancefridgeration	flf3hhj	u/Fast-Salamander	flf2gnx	C
2020-03-24 20:53:12.861757	u/rainbowcatfish69	flf3hlu	u/suicidevibes__	fletbvy	C
2020-03-24 20:53:36.545125	u/BMoney8600	flf3igf	u/fualtyzane	flf3gzq	C
2020-03-24 20:54:18.100627	u/Broken_0ne	flf3k8j	u/GlobularGorilla	flezxie	C
2020-03-24 20:54:45.870701	u/Zerhadow	flf3l7p	u/Deep-Today	flf04bc	C
2020-03-24 20:54:50.544744	u/BuildMajor	flf3lbv	u/BMoney8600	flf3igf	C
2020-03-24 20:54:55.885136	u/prins_salana	flf3li2	u/RolDesch	flegfv2	C
2020-03-24 20:54:59.023245	u/JVHazard	flf3lie	u/RepostSleuthBot	flen0ns	C
2020-03-24 20:55:30.494972	u/Zerhadow	flf3mza	u/Tru_Drone_Videos	flehch0	C
2020-03-24 20:55:38.000636	u/andro2404	flf3n72	u/Leviathan271	fld7rca	C
2020-03-24 20:55:54.695219	u/god-o-hax	flf3nm0	u/minecraftisthebest6	fles0ti	C
2020-03-24 20:55:57.584817	u/Jpfojas	flf3nr2	u/racerfree	flf3jqm	C
2020-03-24 20:56:37.720670	u/MutsumidoesReddit	flf3p97	u/Zerhadow	flf3l7p	C
2020-03-24 20:56:46.302032	u/BrainTurtle05	flf3pi7	u/DoubleJazzy	flevwt6	C
2020-03-24 20:56:48.229039	u/AlocasterTV	flf3pjp	u/b_lightning	flev6kh	C
2020-03-24 20:56:54.754667	u/rnwptbwo	flf3poy	u/XoFiT	fle1wqu	C
2020-03-24 20:56:56.543650	u/Micah47903	flf3poz	u/SunnyHenderson	flf3nbn	C
2020-03-24 20:57:20.322504	u/god-o-hax	flf3qi4	u/minecraftisthebest6	flf3p20	C
2020-03-24 20:57:32.489934	u/myaimsukks01	flf3qu9	u/kalagangs	fleymmu	C
2020-03-24 20:57:39.832364	u/CoolManGamingTan	flf3r55	u/AutoModerator	flejqc2	C
2020-03-24 20:57:52.660299	u/AR-S117	flf3rk2	u/fualtyzane	flf3gzq	C
2020-03-24 20:57:55.114439	u/messagemii	flf3roj	u/fualtyzane	flewml9	C
2020-03-24 20:58:00.549839	u/bubble_teeeeaaaa	flf3rx5	u/harbac	flem3go	C
2020-03-24 20:58:03.270400	u/WillDaFifth	flf3s1t	u/YaBoiMatato	flcjrmf	C
2020-03-24 20:58:24.852648	u/CoolManGamingTan	flf3ssk	u/dragonswag506	flf07hl	C
2020-03-24 20:58:42.662356	u/Gold-Ring	flf3tfr	u/DissolvedOcean	flezon0	C
2020-03-24 20:58:58.842755	u/Big_G33	flf3u5j	u/leaderofthevirgins	fleesfg	C
2020-03-24 20:59:05.414978	u/Gold-Ring	flf3ue3	u/Alex_Madi	flf164d	C
2020-03-24 20:59:06.687596	u/lllpenguinkinglll	flf3ufb	u/MrFluffSheep	fleeq5a	C
2020-03-24 20:59:12.933255	u/Ryvak426	flf3uol	u/VillageRaidEmrald	flezmzh	C
2020-03-24 20:59:43.558141	u/pigeonofglory_	flf3wsi	u/god-o-hax	flf3qi4	C
2020-03-24 20:59:48.255869	u/XD_Im_Pink_Pixel	flf3x38	u/AvGeek29	flf0uly	C
