2020-04-14 05:00:18.927458	u/trouble4-u	fnd0wdx	u/ar-guetita	fncwqrl	C
2020-04-14 05:00:43.419418	u/zacklikescheese	fnd0wqd	u/LolerPlaysThings	fnbavqg	C
2020-04-14 05:00:45.709125	u/Sait_	fnd0wqr	u/SupaaaaWEEGEE777	fncus4j	C
2020-04-14 05:01:13.786191	u/kray34	fnd0x2u	u/Lyndsey12340	fncl9lx	C
2020-04-14 05:01:39.290772	u/hereforpewdiephy	fnd0xip	u/baghead08	fncotlm	C
2020-04-14 05:02:21.302166	u/Felixtv67	fnd0yfo	u/bossat124	fncwior	C
2020-04-14 05:02:39.594758	u/OkSoBasicallyPeach	fnd0yuo	u/FooThePerson	fnczna4	C
2020-04-14 05:02:55.758664	u/Sjloebel	fnd0z8k	u/McGODBEASTALPHAMODE	fncxw2k	C
2020-04-14 05:03:05.948782	u/Galaric_Ditto	fnd0zf0	u/belgianPotatian	fnbzjzj	C
2020-04-14 05:04:24.367019	u/Eulbmi	fnd11ns	u/boiboiboiboiboi420	fncnvqe	C
2020-04-14 05:04:30.955407	u/Cheeseandbiscuits2	fnd127a	u/egric	fnapv22	C
2020-04-14 05:04:42.798886	u/ghoulslayers	fnd12mq	u/MOE-17	fncx5l1	C
2020-04-14 05:05:35.806928	u/wongdadong	fnd1473	u/7faptevirus	fnd1300	C
2020-04-14 05:06:15.492234	u/RedditField	fnd15eu	u/kiba87637	fjxed4k	C
2020-04-14 05:06:51.936573	u/koopi15	fnd16cx	u/wrecxy	fnczl5l	C
2020-04-14 05:07:11.565036	u/uglygirl-	fnd170d	u/northwestwade	fnd0kbj	C
2020-04-14 05:08:17.736361	u/PickledCats69	fnd195a	u/The_French_Spy	fnccw2n	C
2020-04-14 05:08:48.704588	u/GDTheRealMudkip	fnd1aev	u/chunky_fungus	fncvmlt	C
2020-04-14 05:09:40.771769	u/t2thehomas77	fnd1d0m	u/SupaaaaWEEGEE777	fncus4j	C
2020-04-14 05:09:42.502853	u/Gongasmnm	fnd1d5s	u/Tackerta	fncypoj	C
2020-04-14 05:09:49.240606	u/oreoman69420and123	fnd1dlj	u/maybe_it	fnc9grl	C
2020-04-14 05:10:57.442889	u/moltenfridge	fnd1g44	u/Sgt-Insane	fnd16hm	C
2020-04-14 05:11:09.488118	u/bwall2	fnd1ghn	u/PatOfIceNation	fnd0i61	C
2020-04-14 05:11:28.757108	u/fionnptmccarthy	fnd1gx2	u/Vimri	fnd0osj	C
2020-04-14 05:11:52.856591	u/jol-jol	fnd1hqr	u/ron22726	fncyzcw	C
2020-04-14 05:13:01.305066	u/abbreviationforwhat	fnd1j02	u/YoMommaRedacted	fncb5xm	C
2020-04-14 05:13:09.306963	u/KMH69420	fnd1j3c	u/Gongasmnm	fnd1d5s	C
2020-04-14 05:13:37.115520	u/kanybol	fnd1js6	u/blyatunleashed	fncuj69	C
2020-04-14 05:13:46.624978	u/soviets2ine	fnd1k0w	u/ar-guetita	g10s7p	S
2020-04-14 05:14:13.085546	u/Maniak-The-Autistic	fnd1ktz	u/bwall2	fnd1hgw	C
2020-04-14 05:14:34.600849	u/YupItzDatGui	fnd1ln8	u/_0of_	fnct5ff	C
2020-04-14 05:14:55.534707	u/does_it_djentz	fnd1m30	u/jemoederisdik123	fnd03cy	C
2020-04-14 05:15:21.073137	u/chomepion_swegger	fnd1n52	u/Sir_Jesus_kun	fnd1ipf	C
2020-04-14 05:15:28.276216	u/Psychological-Rule	fnd1nak	u/KUKYPLAY	fncy7sm	C
2020-04-14 05:16:19.494771	u/thugs___bunny	fnd1or0	u/MARCYS2013	fncxkdy	C
2020-04-14 05:16:30.872388	u/Biostorm__420	fnd1ow2	u/kingtrev74	fncymzs	C
2020-04-14 05:17:16.966355	u/Aguyfloatingaround	fnd1qjl	u/belgianPotatian	fnbz9rq	C
2020-04-14 05:17:32.448049	u/ZyNfrix	fnd1qzg	u/jemoederisdik123	fnd03cy	C
2020-04-14 05:19:03.050699	u/rick_walked	fnd1t6f	u/SlavicRaptor	fnd049k	C
2020-04-14 05:19:04.197002	u/bhavjotpahuja	fnd1t6l	u/yeet742	fnbpy87	C
2020-04-14 05:19:29.022384	u/Creepopolous	fnd1tzp	u/Frontline_69	fncxxd2	C
2020-04-14 05:20:20.585721	u/erossoter	fnd1w8i	u/AZN-TV	fnd0vxa	C
2020-04-14 05:21:48.368528	u/IinEye	fnd1yp2	u/kubakuba007	fnd1nsa	C
2020-04-14 05:22:04.179340	u/commit_bat	fnd1z7d	u/SupaaaaWEEGEE777	fncus4j	C
2020-04-14 05:22:26.913347	u/TheJimmyMethod	fnd1zfg	u/FrostyBoss07	fncukjr	C
2020-04-14 05:23:59.276279	u/rhergav	fnd21ty	u/Mugundank	fnd1zqa	C
2020-04-14 05:25:19.522104	u/saykoanan	fnd23w5	u/Oxlexon	fnd20ao	C
2020-04-14 05:27:31.557393	u/the_meme_being	fnd27ya	u/Linelino	fnczv0r	C
2020-04-14 05:28:02.592561	u/Suitedbadge401	fnd28hz	u/RayquazzaXploitz	fnd268i	C
2020-04-14 05:28:09.322987	u/Bobbioso	fnd28od	u/funkytown049	fnd0bm2	C
2020-04-14 05:28:48.608829	u/Matty_MG	fnd29vl	u/ianf1805	fncab7m	C
2020-04-14 05:29:04.479476	u/manu2709	fnd2al4	u/belgianPotatian	fnbzjzj	C
2020-04-14 05:29:07.540658	u/UrethraXtreame	fnd2aow	u/ar-guetita	fncwqrl	C
2020-04-14 05:29:10.831953	u/zelimhanftp	fnd2au7	u/i_exist_to_die	g11jhk	S
2020-04-14 05:29:25.271371	u/thecowboyking	fnd2bip	u/Funguskok	fnd1vqj	C
2020-04-14 05:29:26.346382	u/Alacaa	fnd2bjj	u/lmfao_my_mom_died	fnd1may	C
2020-04-14 05:29:28.758000	u/Hyperractive	fnd2bo5	u/belgianPotatian	fnbz9rq	C
2020-04-14 05:29:42.311848	u/xjw308	fnd2cml	u/Krusher_2DXC	fnd29a5	C
2020-04-14 05:29:43.226068	u/Barcevicius	fnd2cnz	u/IC_Ivory280	fnd29wu	C
2020-04-14 05:29:58.834397	u/Raymax168	fnd2ddy	u/PranayNighukar	fnd15p9	C
2020-04-14 05:30:30.530105	u/birbsaregood	fnd2efp	u/lordofwhisky	fnd1nko	C
2020-04-14 05:30:37.521646	u/inc0mpletedean	fnd2eiy	u/kaijuul	fldmrsr	C
2020-04-14 05:30:59.527639	u/glimby56	fnd2ezi	u/bashamguy	fncvk72	C
2020-04-14 05:31:10.604121	u/copenhagenweedworks	fnd2fa0	u/Aspen_Alabaster	fnd24hq	C
2020-04-14 05:31:25.536352	u/Tomosmaush	fnd2foz	u/DogNandos	fnd2dwo	C
2020-04-14 05:31:27.789892	u/Yeet_that_bottle	fnd2frp	u/Zafk13l	fnc4bjn	C
2020-04-14 05:31:58.116103	u/Gwa-Gwamingo	fnd2gsz	u/Punt_Dog_Enthusiast	fnd21f9	C
2020-04-14 05:32:08.482752	u/AwesomeDoofus	fnd2h4z	u/CTT_sub	fncy6xr	C
2020-04-14 05:32:27.110928	u/IHaveNoOof	fnd2hj5	u/Defendo99	fj58osq	C
2020-04-14 05:33:48.818599	u/gleboi	fnd2k5u	u/Olivusiu	fnd2ihp	C
2020-04-14 05:34:33.145857	u/HotgunColdheart	fnd2l4k	u/Hysterical110	fnczi4i	C
2020-04-14 05:34:53.445093	u/PianoManu	fnd2lnt	u/Google-Is-YourFriend	fnczjs6	C
2020-04-14 05:35:02.021154	u/ismail5412	fnd2lw8	u/Darthnosam1	fnch1dg	C
2020-04-14 05:35:30.306503	u/feed_megrapes	fnd2mms	u/jand1983	fmrw1sz	C
2020-04-14 05:35:47.880615	u/CronuW	fnd2mzc	u/LORD_INFINITY12	fncvytr	C
2020-04-14 05:35:57.358871	u/ruzzio889	fnd2n3q	u/sigger_	fnccyka	C
2020-04-14 05:36:05.948143	u/styrix358	fnd2ncd	u/Zafk13l	fnc4bjn	C
2020-04-14 05:36:36.592950	u/l0VE-3VERYONE	fnd2o8q	u/hut-out-pizza-er	fnd0vd8	C
2020-04-14 05:36:52.640648	u/dommiedj	fnd2owc	u/mal-Fn	fmpzcfy	C
2020-04-14 05:37:25.434936	u/chandler_mosby	fnd2ppi	u/babatundeHD	fnd16qz	C
2020-04-14 05:38:16.840633	u/reaper852	fnd2rgy	u/RayquazzaXploitz	g12fhn	S
2020-04-14 05:38:27.713299	u/jozozoltan29	fnd2rut	u/DragonbladeXT	fn5wtmg	C
2020-04-14 05:38:35.336359	u/roowco1	fnd2s3a	u/uKIN6755	fnbylf7	C
2020-04-14 05:38:54.877473	u/MexFoodisgood421	fnd2sws	u/Battacos1000	fnccx3k	C
2020-04-14 05:39:13.768463	u/GanjaService	fnd2twm	u/perfect_cheese	fnc6o3j	C
2020-04-14 05:39:45.780408	u/traggerman	fnd2vb5	u/RayquazzaXploitz	fnd2spl	C
2020-04-14 05:39:47.296065	u/SadMute	fnd2vc7	u/Pimp-yu	fnd2h83	C
2020-04-14 05:39:49.292289	u/Kalishinikov	fnd2vfj	u/Hoonigan7359	g12ani	S
2020-04-14 05:40:02.462433	u/vk_ml	fnd2w3p	u/Camo_the_wolf	fncw962	C
2020-04-14 05:40:21.778249	u/No_Sheeps	fnd2whk	u/FiveSevenUSG	fnd2unj	C
2020-04-14 05:40:45.342125	u/generalanony	fnd2wyl	u/lonely_void	fnd2sg2	C
2020-04-14 05:41:22.223324	u/TheRealGreyham	fnd2xs2	u/DreamCarsAustin	fnd056g	C
2020-04-14 05:41:34.652833	u/Foreign-Metal	fnd2xwh	u/ReallySpookySkeleton	fnczflr	C
2020-04-14 05:42:36.570740	u/worthfightingfor1	fnd2zmm	u/Snaper_XD	fnc7qxo	C
2020-04-14 05:42:43.845060	u/HowAreAllOfYou	fnd2zq4	u/Thecoolguy713	fnd0izz	C
2020-04-14 05:43:24.486488	u/drunkenmandalorion	fnd30td	u/SamTurvill	fnd2url	C
2020-04-14 05:43:47.404705	u/LilYawnee	fnd31iw	u/HAPPY-BIRTHDAY-RAVEN	fnd2xus	C
2020-04-14 05:43:55.466887	u/bipolarbatman23	fnd31sm	u/ResbalosoPescadito	fncj12c	C
2020-04-14 05:44:25.840983	u/ATIR-AW	fnd32kg	u/this_site_is_fucked	fncsafl	C
2020-04-14 05:45:44.315731	u/sprtn_leonidas	fnd34ka	u/belgianPotatian	fnbzjzj	C
2020-04-14 05:46:12.275363	u/VictorSoulje	fnd35fi	u/belgianPotatian	fnbz9rq	C
2020-04-14 05:47:03.982602	u/sking322	fnd374g	u/Obeyedw1zard	fncoyxn	C
2020-04-14 05:47:18.892240	u/Bidullo	fnd37iw	u/thatguywhoplaysworld	fncxmnb	C
2020-04-14 05:47:25.672615	u/Be_Back_By_420	fnd37n8	u/racerfree	fm8begg	C
2020-04-14 05:47:29.088567	u/bisgaar	fnd37y4	u/AjinoMolto	fnd0hvx	C
2020-04-14 05:48:05.681190	u/rigby1945	fnd390y	u/Hypersloth_	fncco2c	C
2020-04-14 05:48:16.027004	u/PopatoChisper	fnd392g	u/Crims0nEnigma	fnd2yf1	C
2020-04-14 05:48:19.461829	u/AshamedSignificance9	fnd39g6	u/TheRealGreyham	fnd2xs2	C
2020-04-14 05:48:39.150059	u/Mollof2	fnd39zr	u/dani-snijders	fnd20x1	C
2020-04-14 05:48:50.603343	u/fov_slider	fnd3a4z	u/reddit-emoji-police	fncz81a	C
2020-04-14 05:49:10.620919	u/diddlydayz-1310	fnd3axx	u/jarring_bear	fncsown	C
2020-04-14 05:49:14.603389	u/tired_-_	fnd3b9x	u/SupaaaaWEEGEE777	fncus4j	C
2020-04-14 05:49:16.200220	u/fucking_lit_username	fnd3bcp	u/KUKYPLAY	fnd2cch	C
2020-04-14 05:49:30.312040	u/ops_castlebravo	fnd3bua	u/RedditsNinja23	fnd2v5z	C
2020-04-14 05:49:50.175496	u/NecroWolf28	fnd3ck5	u/Soviet-Biscuit	fnd39r4	C
2020-04-14 05:50:37.083010	u/nasanas23	fnd3dof	u/ax121212	fnd26mn	C
2020-04-14 05:50:39.373169	u/mitch1910	fnd3dp4	u/fucking_lit_username	fnd3bcp	C
2020-04-14 05:51:09.223027	u/Agile-Click	fnd3e5i	u/HotgunColdheart	fnd2l4k	C
2020-04-14 05:51:43.955889	u/callumjlambert	fnd3f3c	u/DoctorErtan	fncn3da	C
2020-04-14 05:51:59.660328	u/FeedMeMore22778534	fnd3fft	u/RaymondFelkrose	g12k00	S
2020-04-14 05:52:04.025050	u/M1ST3RCHR15	fnd3fgx	u/Resorization	fnd32mh	C
2020-04-14 05:52:58.001445	u/Bmac751	fnd3gnh	u/domiiinater	fncqv45	C
2020-04-14 05:53:03.319905	u/blurryface1209	fnd3grc	u/SupaaaaWEEGEE777	fncus4j	C
2020-04-14 05:53:36.077953	u/PinkPlumPie	fnd3hrs	u/grapemaster1824	fncw8aa	C
2020-04-14 05:53:49.698847	u/wherethefkiam	fnd3i2v	u/Idkwhattochoosetho	fncy171	C
2020-04-14 05:54:27.566248	u/R_JONKO-MEMEPJES	fnd3j3a	u/JayBoss04	fnc7wqa	C
2020-04-14 05:55:01.171650	u/SphericalMicrowave	fnd3k3b	u/syndicate1024	fnczgw7	C
2020-04-14 05:55:06.044903	u/Fritzface	fnd3k6f	u/blackhawk267	fnd2t2v	C
2020-04-14 05:55:30.964068	u/Silky151	fnd3kur	u/Banone85	fnd3k7e	C
2020-04-14 05:55:48.235772	u/CaptnPotatoes	fnd3l6i	u/bok72	fnc2r01	C
2020-04-14 05:56:05.008240	u/anthonywj9	fnd3lme	u/RayquazzaXploitz	fnd2spl	C
2020-04-14 05:56:11.447413	u/Iapetus1469	fnd3lqq	u/FBI_Agent_82	fncyrgx	C
2020-04-14 05:56:30.564532	u/_lilbrownboy_	fnd3m7z	u/KMS_Prinz-Eugen	fnd3isx	C
2020-04-14 05:56:54.173224	u/Yolo1212123	fnd3n1m	u/Tastysalmonlol	fnctmew	C
2020-04-14 05:56:59.690418	u/geckoisepic	fnd3n4w	u/TNerdy	fnd3mgu	C
2020-04-14 05:57:34.026900	u/im__ACE	fnd3oaz	u/ar-guetita	fncwqrl	C
2020-04-14 05:57:49.400046	u/ChickenNuggetMike	fnd3otn	u/Sodafff	fnd0zio	C
2020-04-14 05:58:28.132348	u/thejackthewacko	fnd3q3q	u/uluglo	fnd2k0q	C
2020-04-14 05:58:30.254812	u/whoooosh-if-u-gay	fnd3q3s	u/GlobeX013	fnd0wla	C
2020-04-14 05:58:34.878380	u/dakson18	fnd3qdp	u/NightOfDragon	fncgzqp	C
2020-04-14 05:58:37.541067	u/MemeConcernedBoi	fnd3qe1	u/KUKYPLAY	fncy7sm	C
2020-04-14 05:58:51.510368	u/ImperiaLiker	fnd3qlo	u/PooTeaPie	fnd3q33	C
2020-04-14 05:59:01.590280	u/tirednathan	fnd3r02	u/Beaned_Oreo	fnd2v7b	C
2020-04-14 05:59:35.770516	u/ToastOnBeanz	fnd3s4w	u/IMFlorecentFace	fncwyhn	C
