2020-04-03 01:01:40.261862	u/Einiman	fmacum2	u/Diamondguy1239	fmaarb3	C
2020-04-03 01:02:43.461937	u/Cancelled_for_A	fmacxaj	u/Nature_Enthusiast55	fma95au	C
2020-04-03 01:03:02.070258	u/Macfarts	fmacy5m	u/lynyrd-dayton	fma7lab	C
2020-04-03 01:03:22.307644	u/Happy_Newt	fmacxx5	u/IAmNotDino	fm9cxxm	C
2020-04-03 01:03:25.599290	u/Androex	fmacy04	u/Hawk_Toast	fm9to5x	C
2020-04-03 01:03:30.076130	u/Mrs_Plague	fmacy8g	u/Appalachain-royalty	fm9gq0d	C
2020-04-03 01:04:19.670409	u/Average--Boi	fmad1eq	u/Squodel	fm9dam6	C
2020-04-03 01:04:43.644260	u/dillbaby99	fmad2dg	u/TheKhun	fm95afl	C
2020-04-03 01:05:14.127838	u/Acceptable_Shoe	fmad3jv	u/LordDraco781	fle9p0s	C
2020-04-03 01:05:16.144037	u/Jordan-the-Sorcerer	fmad3kt	u/Average--Boi	fmad1eq	C
2020-04-03 01:06:07.835615	u/blockybookbook	fmad3ze	u/MAGIC_EYE_BOT	fm8zoiy	C
2020-04-03 01:06:25.555263	u/FrozenCalzone	fmad68x	u/Jellybomber564	fm8ngwp	C
2020-04-03 01:06:42.978094	u/Grennox	fmad72n	u/Fluffyface-casey	fm9hnu2	C
2020-04-03 01:06:50.785381	u/Comrade_Zhukov1941	fmad7di	u/AdvancedAnything	fmaczpp	C
2020-04-03 01:06:58.329253	u/practice_1_hr_a_day	fmad7sf	u/killer-koalas345	fmacwi3	C
2020-04-03 01:07:28.168154	u/wrecxy	fmad95v	u/UnDividedMe	fmachxp	C
2020-04-03 01:07:54.508217	u/LordOfFaelure	fmadahg	u/karry245	fm78oda	C
2020-04-03 01:08:30.719033	u/The-Gorillioner	fmadbr2	u/Vohems	fma9m1g	C
2020-04-03 01:09:20.411937	u/VMemeZ	fmaddp2	u/MrAndMrsPepperSpray	fm9cxdp	C
2020-04-03 01:09:26.129146	u/Big_Ass_Whole_Man	fmadef4	u/Little_River_Of_Lava	fkze0w8	C
2020-04-03 01:10:27.750032	u/thanos_wam	fmadg6u	u/bakerjunt	fmab36i	C
2020-04-03 01:10:53.998903	u/Kirito1029	fmadhnr	u/vkuura	fm9huqj	C
2020-04-03 01:12:06.507716	u/uncorrectlee	fmadk44	u/HokieQB	fmaddbj	C
2020-04-03 01:12:23.647484	u/luka1818	fmadlde	u/LoudnessofTheLambs	ftxkbq	S
2020-04-03 01:12:35.327284	u/Heart_da_TRex	fmadlxe	u/zellgotgame	fmadfbj	C
2020-04-03 01:14:02.212032	u/trombonesauce	fmadpmr	u/muffins226	fm9w5yr	C
2020-04-03 01:15:19.215106	u/UsualTheoRhyst	fmadrdq	u/Mightygamer96	fma0df3	C
2020-04-03 01:15:33.710975	u/rylan4321	fmadsgo	u/TheAmazingMrfella	fm9yhnk	C
2020-04-03 01:15:39.292294	u/lungsofkief	fmadsn1	u/FreeChinapls	fm9qzs7	C
2020-04-03 01:15:43.181061	u/Megum1n02	fmadsw2	u/i-want-my-account-	fma3e8u	C
2020-04-03 01:15:51.078451	u/Wub72	fmadt6s	u/ratatouillekindahot	fmab1jq	C
2020-04-03 01:17:12.862366	u/Rohir_Turnos244	fmadxf2	u/okboomer16	fmadjbi	C
2020-04-03 01:17:54.811680	u/tanakaboy365	fmadywe	u/Popplio_Loves_Gaming	fma6p4x	C
2020-04-03 01:18:39.423060	u/Patatrro7u7	fmae0pr	u/morepotatothebetter	fmaapfp	C
2020-04-03 01:19:37.533578	u/Gryzy	fmae39y	u/SiyinGreatshore	fma8i3p	C
2020-04-03 01:20:12.690245	u/Billytheboy27	fmae4ea	u/RedditBoiYES	fmadzal	C
2020-04-03 01:20:16.133118	u/Trueon27	fmae4hq	u/ChrisBilionz	fmadzsp	C
2020-04-03 01:20:24.830415	u/UrsiiBear	fmae4q1	u/AndrexOfAsgard	fm96otz	C
2020-04-03 01:21:43.550776	u/geared4war	fmae80w	u/theGhats	fmads43	C
2020-04-03 01:22:00.383517	u/R-asmus	fmae8ur	u/Noviceskilled96	fmab4qz	C
2020-04-03 01:22:16.699941	u/CodenameMolotov	fmae9ha	u/theGhats	fmads43	C
2020-04-03 01:23:02.676295	u/LaMistletoe	fmaeav8	u/Heyimcooler	fmae0bx	C
2020-04-03 01:23:05.963069	u/Caynon	fmaeb1j	u/eeveeplays50040	fm9hq1e	C
2020-04-03 01:23:15.102690	u/TacticalTaco810	fmaebk9	u/Pepogo	fm9q90g	C
2020-04-03 01:23:46.835446	u/Potato_Lorde	fmaeco8	u/milkshake743	fm9xkbm	C
2020-04-03 01:24:16.133584	u/solomon1111	fmaee1s	u/3-PHDS-IN-THC	fma49fr	C
2020-04-03 01:24:29.531474	u/Leap-year-san	fmaeehd	u/dadjoke94	fma9zby	C
2020-04-03 01:24:49.702304	u/hopeadope1twitch	fmaef10	u/vobsvids32	fm9uj3b	C
2020-04-03 01:24:58.541103	u/ChlorineBoi	fmaeff2	u/Heyimcooler	fmadvo8	C
2020-04-03 01:25:08.565861	u/Xx_Xian_xX	fmaefu2	u/BORORORI	fm6u41b	C
2020-04-03 01:25:12.613967	u/ElegantActive	fmaefx9	u/Brockstar125	fm9cenb	C
2020-04-03 01:25:16.254057	u/gamerboy0211yt	fmaeg47	u/Dawn-of-the-Mist	fu0v79	S
2020-04-03 01:25:49.526317	u/HavokRz3	fmaehrb	u/Just_A_Random_Retard	fmad7fr	C
2020-04-03 01:26:12.352009	u/JettTheLesbian	fmaej4s	u/Thatitchypart	fu2g0k	S
2020-04-03 01:26:17.284084	u/Zombvivor	fmaej89	u/4ssteroid	fmab5vz	C
2020-04-03 01:26:24.644199	u/OrganicPotatoSprouts	fmaejld	u/Moses385	fmacb42	C
2020-04-03 01:26:27.337103	u/psycho_retardet_kid	fmaejn3	u/AilBalT04_2	fluwsxl	C
2020-04-03 01:26:46.364484	u/neverpeedinthepool	fmaeiqv	u/70419AngryYet	fmae0hj	C
2020-04-03 01:27:24.328357	u/TheXKing360	fmael5c	u/Thatitchypart	fmadx89	C
2020-04-03 01:27:36.222835	u/penguinswithfedoras	fmaelec	u/Dullwiii	fm9jvq1	C
2020-04-03 01:29:09.711691	u/X4v56	fmaeq4z	u/TH3_LUMENUX	fm9uy3d	C
2020-04-03 01:29:44.957432	u/Just_Jack64	fmaeray	u/XN_HUNTER	fmacwt1	C
2020-04-03 01:29:55.610120	u/snehal0474	fmaerrd	u/Fluffyface-casey	fmaedio	C
2020-04-03 01:31:53.090795	u/mswamp96	fmaew7n	u/iPhoenixPK	fma9jey	C
2020-04-03 01:32:29.566661	u/IronSpider_2099	fmaexya	u/tippybunny	fmacgsq	C
2020-04-03 01:33:07.617987	u/halipatsui	fmaez3m	u/personalbilko	fm9w2ng	C
2020-04-03 01:34:01.545710	u/tamere1218	fmaf12p	u/chaddoesthings	fmacnsk	C
2020-04-03 01:34:44.710351	u/Hell_trone	fmaf3cr	u/LondonLmao	fma2bhn	C
2020-04-03 01:35:16.866901	u/Miki-Corkrei	fmaf4nf	u/i-got-a-jar-of-rum	fm9zur3	C
2020-04-03 01:35:19.824558	u/daviiid_v4	fmaf4qr	u/solomon1111	fmaee1s	C
2020-04-03 01:35:32.553567	u/B34STM4ST3R	fmaf5gz	u/OmG_a_Puggle	fmael12	C
2020-04-03 01:35:43.846998	u/yooter	fmaf5ck	u/fiberglassLOTUS	fmab4ac	C
2020-04-03 01:36:51.079576	u/Ragemuffin420	fmaf6xt	u/SnowiT_S	fmaeu1a	C
2020-04-03 01:37:20.956114	u/awsomktrone	fmaf9bw	u/Korndog006	fm9pv95	C
2020-04-03 01:37:29.695530	u/begonesnakes	fmaf9ti	u/BORORORI	fmaf7ka	C
2020-04-03 01:38:26.296292	u/-cloudster-	fmafc08	u/R-asmus	fmae8ur	C
2020-04-03 01:38:47.600498	u/NinjaGrizzzly	fmafd85	u/Heyimcooler	fmadvo8	C
2020-04-03 01:39:29.173132	u/Jacob_Nelson	fmafetp	u/icanaffordapenny	fmaezbv	C
2020-04-03 01:39:54.293644	u/mikeechodeltajukiet	fmaffuy	u/PastryFox	fmaf8uv	C
2020-04-03 01:40:04.390183	u/-chiyonosake-	fmafg0x	u/troubled-shrimp	fma8h8x	C
2020-04-03 01:40:16.902711	u/KoolAidPenguin	fmafg99	u/MightHaveMisreadThat	fmab8ov	C
2020-04-03 01:40:26.149523	u/jarl05123	fmafgj6	u/Andarude	fm8vgo6	C
2020-04-03 01:41:22.637631	u/Fire4killer	fmafj41	u/IMaGeenyus	fmaesr4	C
2020-04-03 01:41:29.278153	u/rslashJakeex	fmafjam	u/froggie-style-meme	fma4nxn	C
2020-04-03 01:41:50.225759	u/JakeIsMyRealName	fmafjub	u/theGhats	fmads43	C
2020-04-03 01:41:57.628273	u/catalaxx_	fmafjz3	u/Ract0r4561	fmafc5p	C
2020-04-03 01:42:27.135036	u/AdelSkull	fmafl9z	u/HereForTheSoobridit	fma8405	C
2020-04-03 01:42:50.708038	u/IlikeMeme64	fmafm6k	u/AJ7123	fmafiih	C
2020-04-03 01:42:52.921778	u/Noxiel	fmafm98	u/BeinHolly	flr03wt	C
2020-04-03 01:43:06.502090	u/Euphoric_Stigma	fmafmuy	u/XB2006	fmaff01	C
2020-04-03 01:43:09.750537	u/Cookieking191	fmafmz9	u/InsaneGermanCoder	fm9wdrr	C
2020-04-03 01:43:23.885647	u/benhogs	fmafng1	u/nacholibre23	fma9ym8	C
2020-04-03 01:43:30.217756	u/athieze	fmafnob	u/reddit-emoji-police	fmaf91o	C
2020-04-03 01:43:38.018990	u/Skates2077	fmafo3c	u/_Shrimply-Pibbles_	fma4tqh	C
2020-04-03 01:43:53.841702	u/pp-destroyer666	fmafoxf	u/ChaoticLizzard	fma62n4	C
2020-04-03 01:45:00.738024	u/apinaslayer	fmafqy9	u/GeoBotland	fma83u1	C
2020-04-03 01:45:07.194661	u/ThanosTheMadTin	fmafr6z	u/SigmaRoyal	fmacev0	C
2020-04-03 01:45:12.124727	u/daddy_OwO	fmafrez	u/JakeIsMyRealName	fmafnnj	C
2020-04-03 01:45:24.747751	u/LuckyDL01	fmafsci	u/jajay23w14	fma7pp7	C
2020-04-03 01:45:33.997253	u/Barefoot_slinger	fmafstv	u/belle-barks	fmabm2b	C
2020-04-03 01:45:37.960823	u/Cannibleghoulz	fmaft07	u/ETHEKILLER	fm9m3wd	C
2020-04-03 01:45:43.930662	u/crazykait666	fmaft9y	u/DeathToTheFalseGods	fmaeytv	C
2020-04-03 01:45:51.955819	u/Gushnarana	fmaftpi	u/_statutory_grape_	fhs2qer	C
2020-04-03 01:45:56.984643	u/Morre22	fmafu1r	u/BubDaBylder	fmafqid	C
2020-04-03 01:46:33.331783	u/azuresegugio	fmafvc4	u/ThatYellowElephant	fmadm77	C
2020-04-03 01:47:35.488314	u/Blueberry73	fmafx7g	u/RepostSleuthBot	fmafo6u	C
2020-04-03 01:48:08.426922	u/Cat-FE	fmafzcr	u/wulf15	fma0kr1	C
2020-04-03 01:48:30.847746	u/PumpkinKits	fmag07k	u/theGhats	fmads43	C
2020-04-03 01:49:04.913173	u/Eric-Riva	fmag19d	u/Patrick_Bot2	fm4s2wz	C
2020-04-03 01:49:15.954282	u/songbird1703	fmag1vp	u/AutoModerator	fm747z9	C
2020-04-03 01:49:19.097944	u/rihsor	fmag25m	u/FlyingFishexe	fmaelc6	C
2020-04-03 01:49:29.394787	u/SlapMyUterus	fmag2dx	u/ThatGuyAWESOME	fmafzj3	C
2020-04-03 01:49:33.947176	u/RubioPaarmann	fmag2s7	u/BigBuiltGeek	fm9p8n4	C
2020-04-03 01:49:47.722486	u/Areat	fmag3b9	u/fiberglassLOTUS	fmab4ac	C
2020-04-03 01:51:16.668847	u/Andromeda_0507	fmag6m1	u/RandommRedditUser	fm9sdsd	C
2020-04-03 01:51:32.332745	u/Dumbass__	fmag73d	u/Fluffyface-casey	ftwo06	S
2020-04-03 01:51:58.050763	u/thisgingerbitch	fmag7xp	u/DeathToTheFalseGods	fmaefm5	C
2020-04-03 01:52:11.096029	u/puma7dragon	fmag8b2	u/vishalchowdhury	fma74v4	C
2020-04-03 01:52:27.096040	u/bobalangalo	fmag92i	u/MonotonousProtocol	fmag8lv	C
2020-04-03 01:52:37.527087	u/kfreed9001	fmag9kx	u/IlikeMeme64	fmafm6k	C
2020-04-03 01:53:27.789416	u/alphaabsolution	fmagbaj	u/beeffboyyy123	fmag962	C
2020-04-03 01:53:54.818420	u/Super-Reporter	fmagce5	u/FamilyFriendli	fmaffy7	C
2020-04-03 01:54:30.726982	u/angellowsubmarine	fmagdm3	u/Rohir_Turnos244	fu2rxl	S
2020-04-03 01:54:42.971863	u/Uchiha981	fmagdye	u/geared4war	fmaeb8g	C
2020-04-03 01:55:14.610031	u/LJL6000	fmagf9y	u/Wholesome100	fma86fe	C
2020-04-03 01:55:22.590261	u/rOBRoi_-_-_-_-_-	fmagfdr	u/3p1c-64m3r	fkv539s	C
2020-04-03 01:55:32.437466	u/VastSprinkles	fmagfvz	u/tamere1218	fmaf12p	C
2020-04-03 01:55:41.800064	u/athural	fmaggf0	u/Ima_MinecraftVeteran	fmacf7k	C
2020-04-03 01:55:49.805816	u/SuicidalHushPuppy	fmaggxy	u/xXFuckboi6942069Xx	fm8th1r	C
2020-04-03 01:55:55.769523	u/nudesoldier	fmagh7u	u/Kind-Pop	fl3zlqu	C
2020-04-03 01:56:01.046836	u/actual4headoverhere	fmagh93	u/TrSS98	fmagd6v	C
2020-04-03 01:57:32.449866	u/MillennialsAreDumb	fmaglf5	u/50_percent_battery	fmafgd9	C
2020-04-03 01:58:19.079977	u/State_Tate	fmagmv9	u/Deadbushia	fm9shws	C
2020-04-03 01:58:26.895718	u/Environmental_Border	fmagn5w	u/Patrick_Bot2	fm9s6yp	C
2020-04-03 01:58:41.067995	u/naman_chhaparia	fmagnj8	u/vanished_zinc	fmagm6p	C
2020-04-03 01:58:53.228856	u/cheatersad789	fmagnq1	u/ultraman7676	fm9014s	C
2020-04-03 01:58:59.331677	u/MasonCricketon	fmagoag	u/FuntCaseKid	fmagm77	C
2020-04-03 01:59:15.912393	u/Potato_Mint	fmagp2f	u/Little_Runmo	fma0hbf	C
2020-04-03 01:59:24.946080	u/Beneficial-Freedom	fmagp9i	u/Dawn-of-the-Mist	fu1xc3	S
2020-04-03 01:59:52.749368	u/-EpsilonDelta-	fmagqec	u/fortniteinfinitedab	fma8zcc	C
2020-04-03 01:59:59.677241	u/Froggueth	fmagqvu	u/fiberglassLOTUS	fmab4ac	C
