2020-04-05 07:00:03.489125	u/CommandStorm5	fmhkowc	u/MrMoosem	fv8fj1	S	N
2020-04-05 07:00:07.703206	u/johnnylovessugar	fmhkoy2	u/Holzinator007	fvaw1m	S	I
2020-04-05 07:00:14.649324	u/waccboi69	fmhkoym	u/DaKatos	fv5c57	S	N
2020-04-05 07:00:20.837940	u/AutoModerator	fmhkp71	u/ManyApricot5	fvc1m5	S	N
2020-04-05 07:00:30.242220	u/EthanielClyne	fmhkp7j	u/BORORORI	fv8rkw	S	I
2020-04-05 07:00:41.505621	u/d3athpr0xy	fmhkp9z	u/WolvenSchoolBus	fmhbcok	C	N
2020-04-05 07:00:49.677870	u/bolteagler	fmhkpa9	u/Guy-Person	fmfspaq	C	N
2020-04-05 07:01:02.044628	u/Nath313	fmhkpau	u/Bowiefan34	fvc0ax	S	N
2020-04-05 07:01:11.311647	u/DzikiPapagay	fmhkpfy	u/silviagarus	fvbuih	S	N
2020-04-05 07:01:22.584195	u/wenonaman	fmhkpj6	u/silviagarus	fmhkgdf	C	N
2020-04-05 07:01:33.879576	u/exist_i_do	fmhkpjv	u/exist_i_do	fvbyme	S	I
2020-04-05 07:01:43.283473	u/Mich-Marsh69	fmhkpkm	u/CoochieEatingOlly	fvb436	S	I
2020-04-05 07:01:54.664006	u/An_average_one	fmhkpld	u/somegarbagedoesfloat	fv9qut	S	I
2020-04-05 07:02:02.810341	u/havel06	fmhkplt	u/Slaykomimi	fmhcu65	C	N
2020-04-05 07:02:15.125966	u/Unreal_Darkhalis	fmhkpn6	u/AndyROKZ	fvbyps	S	N
2020-04-05 07:02:24.269826	u/therealbadboy	fmhkpn8	u/Tr0902	fmhkh23	C	N
2020-04-05 07:02:36.554289	u/gamerwolf213	fmhkpod	u/MilanDespacito	fmhkl3t	C	I
2020-04-05 07:02:48.804891	u/ReadyTurtleOne	fmhkpp2	u/swouoosh	fmhko7m	C	I
2020-04-05 07:02:58.997582	u/R4y3r	fmhkpru	u/a_fearless_soliloquy	fmgobmb	C	I
2020-04-05 07:03:12.929766	u/k0ka44	fmhkprz	u/Muti248	fv2jg1	S	N
2020-04-05 07:03:22.058704	u/fatcoolcat103	fmhkps2	u/preaqoto	fvbsdt	S	N
2020-04-05 07:03:35.270749	u/Gingerbonk	fmhkps5	u/g3mm4	fmhgqpl	C	N
2020-04-05 07:03:49.478289	u/Porush_Kumar	fmhkpsj	u/Evolvetron69	fmhk2rs	C	I
2020-04-05 07:04:01.637863	u/liamcr0	fmhkpu6	u/RoM_Axion	fmhj4rk	C	I
2020-04-05 07:04:15.527147	u/TofuDelivery69	fmhkpua	u/TheRealWinDexTer	fv7psm	S	I
2020-04-05 07:04:29.277978	u/WIKTOR00505	fmhkq0c	u/DaKatos	fv5c57	S	N
2020-04-05 07:04:41.417528	u/_CoreyFromPawnStars_	fmhkq18	u/aloha_XD	fvc1a3	S	I
2020-04-05 07:04:57.236145	u/OGVainz	fmhkq4j	u/LukZett	fv5s19	S	N
2020-04-05 07:05:12.428875	u/XeNiX_XiNeX	fmhkq5n	u/AntiIceAgeBaby	fmhgxa4	C	I
2020-04-05 07:05:28.759090	u/greylegobricks_	fmhkq5u	u/AI_user_001	fva4e0	S	N
2020-04-05 07:05:43.935964	u/El_Revan_Official	fmhkq7k	u/naze2002	fmhip7c	C	N
2020-04-05 07:05:58.141713	u/opsakars	fmhkq7p	u/Me-without-the-boys	fvbzjx	S	I
2020-04-05 07:06:12.198046	u/Thtanilaw1113	fmhkq7y	u/MilanDespacito	fmhkl3t	C	I
2020-04-05 07:06:25.536993	u/Homosexuql	fmhkq8j	u/MrMoosem	fv8fj1	S	N
2020-04-05 07:06:56.903308	u/Luna0995	fmhkq9d	u/Blue_The_Silkwing	fmhkgfv	C	I
2020-04-05 07:07:12.032970	u/DaleLouis	fmhkq9s	u/Luna0995	fmhkndl	C	I
2020-04-05 07:07:26.620756	u/ChefBigDog32	fmhkq9v	u/Imatrashcan31	fv9sm0	S	I
2020-04-05 07:07:39.468546	u/Zeetelli	fmhkq9t	u/Grifunf	fmhgox4	C	N
2020-04-05 07:07:53.480990	u/zodiac2357	fmhkqam	u/roman_jr	fvbwz9	S	I
2020-04-05 07:08:08.478181	u/KumioXD	fmhkqbc	u/Ikalato	fmhjcm4	C	N
2020-04-05 07:08:40.797514	u/DaKatos	fmhkqbl	u/Espen617	fmh9x8m	C	I
2020-04-05 07:08:55.721763	u/exist_i_do	fmhkqdk	u/ScorpionX1411	fmhkm8u	C	I
2020-04-05 07:09:10.683118	u/officialnra	fmhkqfq	u/QuiccStacc	fvc1m1	S	I
2020-04-05 07:09:25.722275	u/SquareRootOf22	fmhkql9	u/Luna0995	fvaf2p	S	I
2020-04-05 07:09:40.865078	u/TheLivingChild	fmhkqox	u/mkhl2003	fv9z4u	S	N
2020-04-05 07:09:55.380321	u/tyedasey14	fmhkqpq	u/bhavjotpahuja	fvalrf	S	N
2020-04-05 07:10:00.638172	u/darkerthankuroi	fmhkqpx	u/Blue_The_Silkwing	fvby3n	S	I
2020-04-05 07:10:01.769588	u/Calyonous	fmhkqpy	u/Luxt3r	fmhi3er	C	N
2020-04-05 07:10:05.904848	u/anabolmissbrauch	fmhkqpz	u/lowilganlow	fmhjjg4	C	N
2020-04-05 07:10:13.105435	u/IngvarrThanosBuster	fmhkqqo	u/knifuser	fmhj56l	C	I
2020-04-05 07:10:21.303012	u/An_average_one	fmhkqsj	u/Enik1720	fmhgjgt	C	N
2020-04-05 07:10:30.785440	u/yeetedWHALE	fmhkqt0	u/allyn-_-gracious	fvajeu	S	N
2020-04-05 07:10:42.090273	u/JonWiccThicc	fmhkquw	u/cam-nash	fv29yy	S	I
2020-04-05 07:10:51.291559	u/exist_i_do	fmhkqz5	u/exist_i_do	fvbyki	S	I
2020-04-05 07:11:01.532783	u/SulimanRoshid	fmhkqzb	u/Popular-Neighborhood	fmhja4z	C	N
2020-04-05 07:11:12.990662	u/thatlowkeymemegirl	fmhkr04	u/Imatrashcan31	fv9sm0	S	I
2020-04-05 07:11:22.197918	u/An_average_one	fmhkr13	u/aditya298	fmhjqyk	C	N
2020-04-05 07:11:33.443609	u/SquareRootOf22	fmhkr4l	u/ZoddJack	fmhkonu	C	N
2020-04-05 07:11:42.971249	u/regor_meme	fmhkr6b	u/thekeenspartan	fv9hom	S	I
2020-04-05 07:11:54.677908	u/DoggoDaDog31	fmhkr7g	u/TheHamOfAllHams	fv1zj6	S	I
2020-04-05 07:12:05.037109	u/klop422	fmhkr82	u/allyn-_-gracious	fvajeu	S	N
2020-04-05 07:12:15.325297	u/sarxone	fmhkr8s	u/LoGidudu	fv9yqt	S	N
2020-04-05 07:12:25.492837	u/SasukeonWiFi	fmhkr98	u/xPeryium	fmhacn5	C	N
2020-04-05 07:12:37.024837	u/R3t4rd3dD3m0n	fmhkr9a	u/lemonto	fva3as	S	I
2020-04-05 07:12:47.651822	u/mikeymoose25	fmhkrb1	u/xavythegod	fv97xw	S	N
2020-04-05 07:12:59.844289	u/j3hadipi3	fmhkrbb	u/darkerthankuroi	fmhkljx	C	I
2020-04-05 07:13:12.106074	u/officialnra	fmhkrdg	u/QuiccStacc	fvc1gl	S	I
2020-04-05 07:13:22.959759	u/Orobou	fmhkrig	u/LukZett	fv5s19	S	N
2020-04-05 07:13:34.119543	u/Noobster646	fmhkrm8	u/fisharefast123	fmhddyq	C	N
2020-04-05 07:13:46.349166	u/JustasRanka	fmhkrpg	u/tagga1	fvc0a9	S	N
2020-04-05 07:13:57.482151	u/AK24ROCKS	fmhkrpi	u/Just_a_spaghetti	fmhk0po	C	I
2020-04-05 07:14:09.705696	u/MemesMod	fmhkrr5	u/TheWeeDDoctor	fvc1wb	S	N
2020-04-05 07:14:23.007702	u/akontonasakis	fmhkrtq	u/r_thurmorgan	fvbkdu	S	I
2020-04-05 07:14:34.177102	u/MaximRq	fmhkrug	u/hyunnymanny	fmhkc40	C	I
2020-04-05 07:14:47.353598	u/MilanDespacito	fmhkrvf	u/gamerwolf213	fmhkpod	C	I
2020-04-05 07:14:59.965031	u/elissass	fmhkryx	u/mkhl2003	fv9z4u	S	N
2020-04-05 07:15:10.104984	u/MemesMod	fmhkrzi	u/jo_ligma	fvc216	S	I
2020-04-05 07:15:23.314700	u/TheLivingChild	fmhks0h	u/xPeryium	fmhacn5	C	N
2020-04-05 07:15:35.443648	u/AK24ROCKS	fmhks2p	u/Brainless_Gamer	fmhjzlv	C	I
2020-04-05 07:16:00.825704	u/SulimanRoshid	fmhks34	u/RepostSleuthBot	fmhke8n	C	I
2020-04-05 07:16:14.256035	u/CaptainJarpitor	fmhks3q	u/PointlessPoem	fv9llb	S	N
2020-04-05 07:16:27.774188	u/UltyQuintus	fmhks5q	u/Muti248	fv2jg1	S	N
2020-04-05 07:16:39.821383	u/MemesMod	fmhksat	u/HistorianSlayer	fvc26z	S	I
2020-04-05 07:16:57.120475	u/Zeetelli	fmhksaz	u/tranceorange91	fmhjfn3	C	N
2020-04-05 07:17:13.253305	u/amankr4	fmhkscj	u/godzilla999g	fmhi4wu	C	N
2020-04-05 07:17:42.755856	u/Z10n12345	fmhkscq	u/reddit0100100001	fmfdzoy	C	N
2020-04-05 07:17:58.886283	u/adxthyx	fmhksdj	u/Aiden735	fmhkhlc	C	I
2020-04-05 07:18:15.009468	u/AK24ROCKS	fmhkse5	u/European_Mapper	fmhk2fr	C	N
2020-04-05 07:18:30.223342	u/Unruh_	fmhkseo	u/CoochieEatingOlly	fvb436	S	I
2020-04-05 07:18:46.448733	u/inArA8	fmhksk3	u/Tidis_exe	fvbsae	S	N
2020-04-05 07:19:01.184279	u/aditya298	fmhksk4	u/An_average_one	fmhkr13	C	N
2020-04-05 07:19:15.811671	u/Xx_DarkSaber45_xX	fmhksky	u/liamcr0	fmhiy7q	C	I
2020-04-05 07:19:30.592075	u/MasterJeebus	fmhksm7	u/abego	fmhfdty	C	N
2020-04-05 07:19:46.711433	u/AK24ROCKS	fmhksnf	u/legomasterr11	fmhk09z	C	N
2020-04-05 07:20:00.888510	u/Cthulhujack451YT	fmhksqk	u/exist_i_do	fvbyrn	S	I
2020-04-05 07:20:02.078276	u/darkerthankuroi	fmhksrs	u/Spooky_boi_Kyle_8	fvbxzy	S	N
2020-04-05 07:20:04.192143	u/samoboy007	fmhkss5	u/samoboy007	fmhkosp	C	I
2020-04-05 07:20:08.327004	u/umaidshaan	fmhkss6	u/froiid	fmhkk11	C	N
2020-04-05 07:20:11.886780	u/InkAndPaintDept	fmhksti	u/AlchemyJug	fv3iak	S	I
2020-04-05 07:20:13.995628	u/AK24ROCKS	fmhksyi	u/Nebado101	fmhk98b	C	N
2020-04-05 07:20:20.207284	u/quietZen	fmhksys	u/Pepsi-Part-YAY	fmhjp8e	C	I
2020-04-05 07:20:30.477996	u/Muhaimin554	fmhksz4	u/dylan12210	fmhbuo5	C	N
2020-04-05 07:20:46.003430	u/KreagerStein	fmhkszc	u/Der_Primelpott	fmhfvk8	C	I
2020-04-05 07:21:03.624945	u/IchBeinDerKaiser	fmhkt2l	u/BigSteve21	fmhkk5g	C	I
2020-04-05 07:21:11.928077	u/chak342	fmhkt2z	u/GCFocused	fvby4y	S	I
2020-04-05 07:21:22.222086	u/AK24ROCKS	fmhkt50	u/inArA8	fmhknbb	C	I
2020-04-05 07:21:28.676098	u/plingploong	fmhkt7x	u/Shagurope	fuzrjn	S	I
2020-04-05 07:21:39.092064	u/TheLivingChild	fmhktg3	u/TheHellcatBandit	fva4cy	S	I
2020-04-05 07:21:47.386234	u/Itz_Nowa	fmhkthn	u/_7shantanu7_	fvbud4	S	N
2020-04-05 07:22:02.882077	u/NoiticeMeSenpai	fmhkthq	u/RepostSleuthBot	fmh5jmo	C	I
2020-04-05 07:22:13.701907	u/MurderousLynx	fmhkti7	u/Ratto_Talpa	fmhkchv	C	N
2020-04-05 07:22:31.217146	u/TaToten	fmhktn7	u/michaelmikeymike	fmhk8yd	C	I
2020-04-05 07:22:38.483515	u/frognuts69	fmhkts3	u/Memegod_04	fv164b	S	I
2020-04-05 07:22:47.673315	u/02mgmg	fmhktug	u/JustasRanka	fmhkrpg	C	N
2020-04-05 07:22:57.974883	u/problastic	fmhktva	u/LeojBosman	fvc21n	S	I
2020-04-05 07:23:17.477806	u/TheKidNerd	fmhktwy	u/Boiethios	fmhjbck	C	I
2020-04-05 07:23:25.669822	u/AutoModerator	fmhktxq	u/Great_A-Thuin	fvc2jv	S	N
2020-04-05 07:23:35.884118	u/patatje_mayoo	fmhku23	u/Skrewboi	fmhjwut	C	N
2020-04-05 07:23:44.059071	u/areeyeteeeyekay	fmhku3s	u/SulimanRoshid	fmhkqzb	C	I
2020-04-05 07:23:53.287841	u/AutoModerator	fmhku46	u/stapleharmony67	fvc2l6	S	N
2020-04-05 07:24:02.442056	u/Chndn_shrma	fmhku4n	u/lowilganlow	fmhjjg4	C	N
2020-04-05 07:24:12.870392	u/WindyBoiiii	fmhku6v	u/kylojen_	fv1lxa	S	I
2020-04-05 07:24:22.312675	u/fakenotyet	fmhku9p	u/RetrogradeIntellect	fva701	S	I
2020-04-05 07:24:34.000097	u/pythonpapergrid	fmhkua8	u/malay4singh	fuyewg	S	I
2020-04-05 07:24:43.352933	u/DoodleStress	fmhkucm	u/RetrogradeIntellect	fva701	S	I
2020-04-05 07:24:53.462782	u/DaKatos	fmhkueh	u/AndrewtheGreatGamer	fmh8k5g	C	I
2020-04-05 07:25:02.646245	u/Justifier925	fmhkueg	u/donners789	fvbb3n	S	N
2020-04-05 07:25:12.763284	u/osasuna	fmhkuel	u/ProfessorOak11	fmhjpox	C	N
2020-04-05 07:25:36.192928	u/LordJayfeather	fmhkuix	u/Elike09	fmhiqej	C	I
2020-04-05 07:25:46.271357	u/Orobou	fmhkum0	u/An_average_one	fmhjeww	C	N
2020-04-05 07:25:57.414231	u/MemesMod	fmhkumo	u/A_Raging_Kiwi	fvc2fq	S	N
2020-04-05 07:26:18.710593	u/byrplet	fmhkup4	u/dasBeni	fmgwzcq	C	I
2020-04-05 07:26:29.905481	u/DarkWolfJace	fmhkura	u/QuiccStacc	fvc1m1	S	I
2020-04-05 07:26:40.059709	u/_ni_ki_	fmhkus1	u/Me-without-the-boys	fvbzjx	S	I
2020-04-05 07:26:52.572718	u/AcatheSpider	fmhkuss	u/Fantastic_Ostrich	fv5l6o	S	I
2020-04-05 07:27:03.666929	u/darkerthankuroi	fmhkuu2	u/TaToten	fvbwr1	S	I
2020-04-05 07:27:12.628878	u/ShashankMaganti	fmhkuuk	u/Tillerchin	fmhguvs	C	I
2020-04-05 07:27:24.045247	u/legitmadman82	fmhkuva	u/ItsZlayers	fv8444	S	I
2020-04-05 07:27:35.110918	u/MemesMod	fmhkv22	u/kate10_7	fvc2gc	S	N
2020-04-05 07:27:47.186390	u/Cthulhujack451YT	fmhkv2c	u/Baselmagdy	fvc1z4	S	I
2020-04-05 07:27:57.172125	u/The-Meta-Demon	fmhkv31	u/roncastelino	fvaj06	S	I
2020-04-05 07:28:07.273286	u/twonwaldo	fmhkv3t	u/BORORORI	fv8rkw	S	I
2020-04-05 07:28:20.495051	u/69Deckerspawn	fmhkv40	u/Malindu99	fv92k1	S	N
2020-04-05 07:28:31.378256	u/Sinoxi	fmhkv62	u/nyancatec	fmhj9bs	C	N
2020-04-05 07:28:45.330994	u/aloncat	fmhkv9t	u/MrPerunaMies	fmhj07q	C	I
2020-04-05 07:28:56.994002	u/taylanunver	fmhkve1	u/Porush_Kumar	fmhkpsj	C	I
2020-04-05 07:29:08.744131	u/a_tzar	fmhkve4	u/ArE_OraNgEs_GreeN	fmhj1hf	C	N
2020-04-05 07:29:20.497158	u/Niko-0202	fmhkveu	u/YKTEO	fv83ds	S	I
2020-04-05 07:29:33.791838	u/ReesAlvin	fmhkvh3	u/AlexBrior	fv6aa9	S	N
2020-04-05 07:29:45.145958	u/u-Darien	fmhkvkf	u/ihazone	fvc2gi	S	I
2020-04-05 07:29:56.557565	u/shariniscaren	fmhkvnk	u/brohemianrasputin	fv32vi	S	I
2020-04-05 07:30:02.252042	u/youmeandthetardis	fmhkvpo	u/RiskierSubsetR	fvactn	S	N
2020-04-05 07:30:03.380734	u/Max_Graf	fmhkvrd	u/SonOfEternity	fmhkm9m	C	I
2020-04-05 07:30:07.079733	u/LJChao3473	fmhkvtu	u/mkhl2003	fv9z4u	S	N
2020-04-05 07:30:10.184933	u/exist_i_do	fmhkvtx	u/Cthulhujack451YT	fmhksqk	C	I
2020-04-05 07:30:15.414748	u/Zenzu_420	fmhkvv6	u/Vaeon	fvby2f	S	I
2020-04-05 07:30:22.621772	u/PoopdiShnoopdySmoria	fmhkvvl	u/RepostSleuthBot	fmh5jmo	C	I
2020-04-05 07:30:31.030343	u/hyunnymanny	fmhkvwm	u/Luna0995	fvaf2p	S	I
2020-04-05 07:30:42.466755	u/sarxone	fmhkvxe	u/Cravos	fv1om3	S	N
2020-04-05 07:30:49.641362	u/lowilganlow	fmhkvxz	u/anabolmissbrauch	fmhkqpz	C	N
2020-04-05 07:31:00.373179	u/RampagingMars	fmhkvys	u/ItsZlayers	fv8444	S	I
2020-04-05 07:31:07.550617	u/Fist_dem_goats	fmhkvze	u/thepianoturtle	fmhf5v1	C	I
2020-04-05 07:31:17.986768	u/Mamamiomima	fmhkvzs	u/the_sumanth	fvbkzz	S	I
2020-04-05 07:31:26.383251	u/insertslurhere	fmhkw1d	u/BlurredOang	fv9si1	S	I
2020-04-05 07:31:37.383129	u/Homosexuql	fmhkw25	u/RiskierSubsetR	fvactn	S	N
2020-04-05 07:31:45.832297	u/Lessiie	fmhkw4l	u/MrMoosem	fv8fj1	S	N
2020-04-05 07:31:57.126024	u/exist_i_do	fmhkw6f	u/exist_i_do	fmhkvtx	C	I
2020-04-05 07:32:06.299565	u/WhoElseButDedede	fmhkwa8	u/legitmadman82	fmhkuva	C	N
2020-04-05 07:32:18.628329	u/CorruptedApple23	fmhkwby	u/RepostSleuthBot	fmhjl4b	C	I
2020-04-05 07:32:26.178619	u/Kryptografik	fmhkwe3	u/ErmineDev	fv26yb	S	N
2020-04-05 07:32:46.705961	u/parthagar	fmhkwff	u/LifeNoob98	fmhh5sj	C	I
2020-04-05 07:32:58.168251	u/Luffey4	fmhkwh7	u/Holzinator007	fvaw1m	S	I
2020-04-05 07:33:08.368518	u/calboy123	fmhkwhm	u/areeyeteeeyekay	fmhku3s	C	I
2020-04-05 07:33:18.631284	u/Warden-Stone	fmhkwn6	u/lil_beanie420	fvbvyf	S	I
2020-04-05 07:33:27.854095	u/nardist69	fmhkwoj	u/bboyrasmus	fvbyin	S	I
2020-04-05 07:33:38.158212	u/McUpt	fmhkwp7	u/lil_beanie420	fvbvyf	S	I
2020-04-05 07:33:47.308903	u/MysteriousTravler	fmhkwpj	u/lachiebois	fmhka7e	C	N
2020-04-05 07:33:56.454364	u/proteek_george	fmhkwri	u/Orobou	fmhkum0	C	N
2020-04-05 07:34:06.640955	u/CalmCarpentry	fmhkwsw	u/T-posingDedede	fmhk7eu	C	I
2020-04-05 07:34:16.831848	u/AutoModerator	fmhkwtw	u/deleted	fvc35x	S	N
2020-04-05 07:34:25.995166	u/jiyanak	fmhkwvk	u/xPeryium	fmhafuw	C	N
2020-04-05 07:34:35.602368	u/Noname918181	fmhkww5	u/lemonto	fva3as	S	I
2020-04-05 07:34:45.387921	u/TrickyAlien	fmhkwwp	u/KangarooMadness777	fuzy13	S	N
2020-04-05 07:34:56.771342	u/Cathal19Byrne	fmhkwx8	u/AK24ROCKS	fvbsj2	S	I
2020-04-05 07:35:05.915137	u/androodle2004	fmhkwxc	u/layanalm	fvbfw9	S	N
2020-04-05 07:35:38.818819	u/rtuovinen	fmhmm20	u/Sidogs7	fvawux	S	N
2020-04-05 07:35:49.935137	u/Noobster646	fmhmm6c	u/SeMyasam	fmhlwvm	C	I
2020-04-05 07:36:01.119488	u/MemesMod	fmhmm7v	u/draftlover0018	fvcfm2	S	N
2020-04-05 07:36:12.392339	u/nardist69	fmhmm8q	u/Slav_the_survivor_69	fvbqz2	S	I
2020-04-05 07:36:26.092094	u/mfgThis	fmhmmcr	u/THE_KidChaos	fv9ddj	S	N
2020-04-05 07:36:38.330345	u/GameMemesDoritos	fmhmmdb	u/MattTheMLGPro	fv90xr	S	N
2020-04-05 07:36:50.449654	u/nameofanuser	fmhmmfl	u/spoticals	fvcetr	S	I
2020-04-05 07:37:02.660389	u/TheAstralDespacito	fmhmmgm	u/LoGidudu	fv9yqt	S	N
2020-04-05 07:37:15.769939	u/PRI-NOVA	fmhmmgv	u/Bvndgxd666	fmhmlc9	C	N
2020-04-05 07:37:25.784916	u/samdawat	fmhmmhb	u/CozierSquash	fvc9tl	S	N
2020-04-05 07:37:37.865497	u/Brokeasslobster	fmhmmip	u/Mashine123	fvce45	S	I
2020-04-05 07:37:49.905824	u/_nehak_	fmhmmjk	u/_7shantanu7_	fmhk865	C	N
2020-04-05 07:38:03.005981	u/georgkingjunior8514	fmhmmmy	u/MarziapieGoals	fmhlzmo	C	I
2020-04-05 07:38:13.998264	u/MemesMod	fmhmmnj	u/untyingscroll	fvcfo4	S	N
2020-04-05 07:38:27.202415	u/jecrachedanstabouche	fmhmmoh	u/Qvistenn	fvaprl	S	I
2020-04-05 07:38:39.110417	u/ugandan_knuckkles	fmhmmrt	u/harvijj	fmg8upr	C	N
2020-04-05 07:38:52.112921	u/AutoModerator	fmhmmrw	u/ma7mouud	fvcfwk	S	N
2020-04-05 07:39:02.851978	u/SnapshillBot	fmhmms9	u/deleted	fvcfvi	S	N
2020-04-05 07:39:14.770058	u/LittleMac06	fmhmmt9	u/kale_lags	fmhmktu	C	I
2020-04-05 07:39:25.411985	u/Tzurok	fmhmmtg	u/UltimoMocha	fmhm9z2	C	N
2020-04-05 07:39:37.265346	u/stalin4868	fmhmmu0	u/FRICKINGNAMES	fvc9w0	S	I
2020-04-05 07:39:49.165121	u/-Redstoneboi-	fmhmmv8	u/MrMoosem	fv8fj1	S	N
2020-04-05 07:39:59.604492	u/KentuckyFriedEel	fmhmmwk	u/Dollon_da_God	fv6m07	S	I
2020-04-05 07:40:00.713949	u/hueyghost89	fmhmmzi	u/clumsyfish99	fmhmcjo	C	I
2020-04-05 07:40:02.090004	u/Neither-Ask	fmhmn03	u/Valexar	fvap3z	S	N
2020-04-05 07:40:04.197847	u/1Spectacles	fmhmn21	u/CoronavirusScientist	fmg4g0u	C	N
2020-04-05 07:40:08.416340	u/getrekt9001	fmhmn2d	u/calvin_alvrz	fvag00	S	I
2020-04-05 07:40:15.296839	u/Lulubloodmoon667	fmhmn3s	u/ContrarianSon	fuz2bo	S	I
2020-04-05 07:40:31.805739	u/DevRamiya	fmhmn3u	u/FeFiFoPinky	fmhlcr3	C	I
2020-04-05 07:40:43.175635	u/SnapshillBot	fmhmn4n	u/alfa619	fvcfx4	S	I
2020-04-05 07:40:52.382458	u/Bvndgxd666	fmhmn60	u/PRI-NOVA	fmhmmgv	C	N
2020-04-05 07:41:03.830762	u/Xentrias3	fmhmn75	u/_jun_yi_	fv8y8z	S	I
2020-04-05 07:41:14.182688	u/MemesMod	fmhmn8i	u/deleted	fvcfvi	S	N
2020-04-05 07:41:23.488103	u/SnapshillBot	fmhmnh7	u/wholesome-ness	fvcfyi	S	N
2020-04-05 07:41:32.680677	u/spademanden	fmhmni9	u/dezzzzzyboi	fmhm9bc	C	N
2020-04-05 07:41:43.010182	u/McUpt	fmhmnq2	u/Goodclover	fvbuf5	S	N
2020-04-05 07:41:53.285693	u/MemesMod	fmhmns1	u/wholesome-ness	fvcfyi	S	N
2020-04-05 07:42:04.560837	u/Bulldoza32	fmhmntr	u/Vexxer2	fmhmf4a	C	I
2020-04-05 07:42:14.788647	u/Bvndgxd666	fmhmnty	u/PRI-NOVA	fmhmmgv	C	N
2020-04-05 07:42:33.277127	u/130goude	fmhmnuh	u/Federico1459	fmhl180	C	I
2020-04-05 07:42:42.632134	u/CrashXBashX	fmhmnx0	u/AdrianGay	fv9q62	S	N
2020-04-05 07:42:52.849072	u/radianttriceratops	fmhmnzf	u/ClassicRob03	fmhhn5u	C	N
2020-04-05 07:43:03.073282	u/piuamaster	fmhmnzh	u/DazzleMeee	fmhmfws	C	I
2020-04-05 07:43:13.486455	u/inbred_bread	fmhmo0k	u/AK24ROCKS	fvbsj2	S	I
2020-04-05 07:43:22.682807	u/TiesG92	fmhmo20	u/E4R04	fvalz9	S	I
2020-04-05 07:43:34.020245	u/mmakram3477	fmhmo3c	u/calvin_alvrz	fvag00	S	I
2020-04-05 07:43:43.225186	u/Brokeasslobster	fmhmo3q	u/Jordanye3t	fvce3p	S	I
2020-04-05 07:44:02.603126	u/yeeto962	fmhmo4v	u/Charn22	fm094sl	C	I
2020-04-05 07:44:12.824992	u/SnapshillBot	fmhmo5d	u/potatocrafter911	fvcg47	S	N
2020-04-05 07:44:22.031458	u/SnapshillBot	fmhmo6k	u/DingusMaximusIV	fvcg3b	S	N
2020-04-05 07:44:32.201007	u/Porygon-Z2	fmhmobj	u/BlackPanther_02	fmhm1ab	C	I
2020-04-05 07:44:42.351105	u/PRI-NOVA	fmhmobr	u/Bvndgxd666	fmhmn60	C	N
2020-04-05 07:44:51.800113	u/YAOinREDD	fmhmoc5	u/Holzinator007	fvaw1m	S	I
2020-04-05 07:45:03.479225	u/R3t4rd3dD3m0n	fmhmoc9	u/thekeenspartan	fv9hom	S	I
2020-04-05 07:45:13.657717	u/MemesMod	fmhmocp	u/DingusMaximusIV	fvcg3b	S	N
2020-04-05 07:45:22.816831	u/SwanAndMe	fmhmoeo	u/Russianhitman2	fvcdhn	S	I
2020-04-05 07:45:33.985475	u/Knight_of_elves	fmhmohm	u/rasmusm98	fmhb2nj	C	N
2020-04-05 07:45:53.260431	u/Animal_294	fmhmoi4	u/NguyenKhangThinh	fmhmj2r	C	I
2020-04-05 07:46:01.353017	u/xX_Densetsu_Xx	fmhmoin	u/eddiemore69	fvcbdu	S	N
2020-04-05 07:46:11.790488	u/jojojimmy4	fmhmoiu	u/tamaribaxd	fv8zzp	S	N
2020-04-05 07:46:20.917536	u/docohoi	fmhmol2	u/redditseanis	fvcfc6	S	N
2020-04-05 07:46:33.120572	u/Charamit	fmhmol5	u/CooperQuartz	fvby18	S	I
2020-04-05 07:46:42.101079	u/SqueekyCheekyBreeky	fmhmom7	u/Cursed_Jayden	fmhii0m	C	N
2020-04-05 07:46:55.291083	u/IntelligentFruit0	fmhmomg	u/Dapunnysans	fmhlt8r	C	N
2020-04-05 07:47:06.465960	u/0-0-0-0-0-B	fmhmomj	u/deleted	fvcetr	S	N
2020-04-05 07:47:16.659638	u/Katia_Tsymbota	fmhmooc	u/Fa_elg	fvaixf	S	N
2020-04-05 07:47:27.714982	u/Just_Denal	fmhmoor	u/ChickenNuggetMike	fmh8mnk	C	N
2020-04-05 07:47:36.655627	u/spademanden	fmhmop2	u/Ironsimha	fmhm6tx	C	N
2020-04-05 07:47:46.753921	u/Mouldypotatoes	fmhmopq	u/redditseanis	fvcfc6	S	N
2020-04-05 07:47:55.730576	u/stalin4868	fmhmopo	u/The_Invincible7	fvc9qv	S	N
2020-04-05 07:48:06.734560	u/aniketmr9	fmhmoro	u/Krythulu	fv35s8	S	N
2020-04-05 07:48:16.662894	u/pitekargos6	fmhmot1	u/Jack_22891	fmhhgk1	C	N
2020-04-05 07:48:29.860687	u/CrashPotential	fmhmot8	u/wardrobe13	fvce1j	S	N
2020-04-05 07:48:41.925688	u/MemesMod	fmhmotn	u/potatocrafter911	fvcg47	S	N
2020-04-05 07:48:54.210122	u/juani97	fmhmown	u/RetrogradeIntellect	fva701	S	I
2020-04-05 07:49:07.522608	u/why-is-it-so-hard	fmhmoya	u/bhavjotpahuja	fvalrf	S	N
2020-04-05 07:49:18.078235	u/SnapshillBot	fmhmozf	u/cosmoinstant	fvcg8l	S	N
2020-04-05 07:49:30.080407	u/Texman2020	fmhmozg	u/Anx55zaa	fv9x8s	S	N
2020-04-05 07:49:43.276154	u/Brokeasslobster	fmhmp0d	u/wardrobe13	fvce1j	S	N
2020-04-05 07:49:55.672164	u/KailReed	fmhmp0r	u/pheno555	fmhml66	C	N
2020-04-05 07:50:01.118643	u/IlTosi	fmhmp43	u/tamaribaxd	fv8zzp	S	N
2020-04-05 07:50:02.421757	u/Alemates	fmhmp7l	u/Fa_elg	fvaixf	S	N
2020-04-05 07:50:05.878272	u/IlTosi	fmhmpga	u/tamaribaxd	fv8zzp	S	N
2020-04-05 07:50:09.067331	u/Zeetelli	fmhmpil	u/MistasSexPistols	fvbkev	S	N
2020-04-05 07:50:18.105812	u/kristee10	fmhmpki	u/babblebam	fuwbm1	S	I
2020-04-05 07:50:20.049126	u/SqueekyCheekyBreeky	fmhmplc	u/marias563	fmhkj1g	C	N
2020-04-05 07:50:33.535205	u/daberle123	fmhmpmg	u/Jake_Horton	fvau0z	S	I
2020-04-05 07:50:45.923618	u/SamWize-Ganji	fmhmpod	u/darrenbrads123	fv9gci	S	I
2020-04-05 07:51:06.916348	u/eddiemore69	fmhmpoj	u/xX_Densetsu_Xx	fmhmoin	C	N
2020-04-05 07:51:18.691153	u/AidenI0I	fmhmpqs	u/allout_atl	fv4v7i	S	N
2020-04-05 07:51:27.833020	u/MrSaucyLamp	fmhmpsh	u/the-ogerlord	fmh6ixy	C	N
2020-04-05 07:51:39.090266	u/Kal_E05	fmhmpsq	u/Dante71	fvc5mb	S	N
2020-04-05 07:51:50.404689	u/Xx_GrammarNazi_xX	fmhmptu	u/deleted	fvcetr	S	N
2020-04-05 07:52:02.950388	u/eagle_3ye	fmhmpvn	u/tamaribaxd	fv8zzp	S	N
2020-04-05 07:52:13.173269	u/Brokeasslobster	fmhmpy3	u/justjoe1964	fvcdtg	S	I
2020-04-05 07:52:25.705625	u/Don-Ji	fmhmpz8	u/Valexar	fvap3z	S	N
2020-04-05 07:52:38.961697	u/idlecharacter	fmhmq03	u/Lulubloodmoon667	fmhmiyt	C	N
2020-04-05 07:52:49.562301	u/IlTosi	fmhmq14	u/tamaribaxd	fv8zzp	S	N
2020-04-05 07:53:02.929463	u/Mamamiomima	fmhmq1d	u/unabletonamethyself	fvawa8	S	N
2020-04-05 07:53:16.262181	u/jackcrux	fmhmq2f	u/10outof10dentists	fuxacu	S	N
2020-04-05 07:53:27.476776	u/MemesMod	fmhmq34	u/WaltManny	fvcgga	S	N
2020-04-05 07:53:40.657637	u/Just2Observe	fmhmq5m	u/nameofanuser	fmhmmfl	C	I
2020-04-05 07:53:53.886912	u/TiesG92	fmhmq5k	u/comic__daily	fmhllkf	C	I
2020-04-05 07:54:08.387564	u/gabri3lius46	fmhmq7n	u/Fa_elg	fvaixf	S	N
2020-04-05 07:54:23.682194	u/EnderRiky	fmhmq7t	u/legolesslegolas	fvcc1r	S	N
2020-04-05 07:54:35.923679	u/Sickness958	fmhmq8m	u/layanalm	fvbfw9	S	N
2020-04-05 07:54:48.139008	u/Willsmith69420	fmhmq8r	u/a_spooky_boi	fv806r	S	I
2020-04-05 07:55:04.471318	u/Offline-AFK	fmhmq93	u/idkwhyimhereanymore	fmhguyi	C	N
2020-04-05 07:55:19.266739	u/mil-o-nick	fmhmqch	u/lemonto	fva3as	S	I
2020-04-05 07:55:32.500872	u/ThatDurbanbnGuy	fmhmqec	u/Yellowtail36	fvcbma	S	I
2020-04-05 07:55:46.620255	u/wardrobe13	fmhmqfh	u/CrashPotential	fmhmot8	C	N
2020-04-05 07:55:59.735889	u/SnapshillBot	fmhmqg5	u/ElRojo3000	fvcgjp	S	N
2020-04-05 07:56:29.114234	u/Gamicuci	fmhmqm4	u/gottabreakittofixit	fmec15n	C	I
2020-04-05 07:56:56.349946	u/maanvika	fmhmqmt	u/DangerBaba	fmhm959	C	I
2020-04-05 07:57:08.363161	u/PorkyQuills	fmhmqnp	u/life-is-confusingme	fvccdy	S	N
2020-04-05 07:57:22.759436	u/EnderCreep72	fmhmqoy	u/SheepishCombozZ	fvboif	S	I
2020-04-05 07:57:49.808675	u/neihbe	fmhmqsu	u/spademanden	fmhmni9	C	I
2020-04-05 07:58:01.724719	u/SnapshillBot	fmhmqto	u/tallboyq	fvcgme	S	I
2020-04-05 07:58:16.901188	u/SnapshillBot	fmhmqv1	u/notkhaos	fvcglc	S	I
2020-04-05 07:58:43.820283	u/LeafyChan133	fmhmqv2	u/NguyenKhangThinh	fmhmj2r	C	I
2020-04-05 07:58:55.560593	u/Desos0001	fmhmqwo	u/Nyctophilite	fvc7g3	S	I
2020-04-05 07:59:10.805231	u/Xx_GrammarNazi_xX	fmhmr0f	u/deleted	fvcenf	S	N
2020-04-05 07:59:24.749238	u/Pitekpit	fmhmr2c	u/BesoffenerRusse	fvari0	S	I
2020-04-05 07:59:38.584193	u/Brokeasslobster	fmhmr4f	u/itsaviii	fvcdrl	S	N
2020-04-05 07:59:52.597967	u/Korikoanan	fmhmr54	u/thekeenspartan	fv9hom	S	I
2020-04-05 08:00:01.987335	u/xF1L1P	fmhmr63	u/RepostSleuthBot	fmh5jmo	C	I
