2020-04-06 21:00:31.270707	u/The_white_ainsley	fmn84rr	u/god_peepee	fmn82p8	C
2020-04-06 21:00:35.965317	u/CosmicThot500	fmn84wm	u/a-name-of-a-user	fmm90eg	C
2020-04-06 21:00:41.715979	u/Val_I_Guess	fmn850c	u/ForeverRayne7	fmkqpc3	C
2020-04-06 21:00:54.087930	u/Waackyy	fmn85hh	u/Andarude	fmdywc6	C
2020-04-06 21:01:40.289637	u/Lumberjack1286	fmn87oh	u/disableadblock	fmn7wwg	C
2020-04-06 21:01:43.495735	u/pandahugg3r	fmn87p0	u/JustTheTipPlusAnInch	fmn1jbt	C
2020-04-06 21:01:56.210098	u/giraldita	fmn881w	u/Nurazidore	fmlki9m	C
2020-04-06 21:02:11.992149	u/Daniel517207	fmn88e7	u/BigOldBich	fmn0tgt	C
2020-04-06 21:02:18.854439	u/pandahugg3r	fmn88hg	u/tom_8o	fmn7vmj	C
2020-04-06 21:02:31.563671	u/PC-is-BS	fmn88y7	u/cerealcat2020	fmmu74v	C
2020-04-06 21:02:43.184599	u/CanadianBac0n16	fmn89ku	u/omar_al_najjar	fmn64im	C
2020-04-06 21:03:02.372420	u/piklejooce	fmn8aha	u/MonkeyBones930	fmn6xna	C
2020-04-06 21:03:06.177888	u/dragonbil	fmn8ajj	u/AresAche	fmn7hba	C
2020-04-06 21:03:17.393290	u/Atlas8317	fmn8aqf	u/djbrosmc	fmmtwut	C
2020-04-06 21:03:49.650467	u/harvey_lin	fmn8bwq	u/DaChunsta	fmn24oa	C
2020-04-06 21:03:51.817748	u/EffectivePineapple2	fmn8byr	u/Chung_bungus	fmlvi1u	C
2020-04-06 21:04:43.830617	u/fersanityyy	fmn8eqv	u/disableadblock	fmn7wwg	C
2020-04-06 21:04:47.478132	u/ErikFrantic78	fmn8etc	u/ragewithoutage	fmk0zuv	C
2020-04-06 21:04:54.523015	u/theworldofbill	fmn8exe	u/TheTurtleGuy17	fmn88hm	C
2020-04-06 21:04:59.884622	u/thetearsofmortals	fmn8fa9	u/TheNutSock	fmn75og	C
2020-04-06 21:05:18.831711	u/NBCbro	fmn8gbh	u/WreakHavoc41910	fmlqrv1	C
2020-04-06 21:05:28.413474	u/mr_fabulous676	fmn8gm0	u/T70Awesome_YT	fmn6qvc	C
2020-04-06 21:05:48.611889	u/fearless6	fmn8hgz	u/Anime_Man6	fmn5tgh	C
2020-04-06 21:06:03.471789	u/Kallenar	fmn8hum	u/Omiz_101	fmn4q6e	C
2020-04-06 21:06:12.802667	u/brerboyo	fmn8i8i	u/insertpikachuface	fmlbml8	C
2020-04-06 21:07:48.826131	u/boneappleteameifgay	fmn8m2o	u/GeneralJackoff	fmn721b	C
2020-04-06 21:07:54.348784	u/dosdoxbox1	fmn8m6h	u/iiSey	fmlnc7e	C
2020-04-06 21:08:21.323254	u/StriperZ9	fmn8nq8	u/HuntehHerd	fmn83sd	C
2020-04-06 21:08:25.498622	u/ARegularGuy101	fmn8nzg	u/Jewshua1945	fmn8ck3	C
2020-04-06 21:08:42.622176	u/gnaYgnaG	fmn8p5r	u/TheNiftyNoodle17	fmn4vk7	C
2020-04-06 21:09:22.737380	u/KingZ069	fmn8ray	u/wakaforprez	fmm1sfa	C
2020-04-06 21:09:24.675998	u/Takasuya	fmn8rcd	u/klop422	fmizm0t	C
2020-04-06 21:09:35.292882	u/Robert_PvP_Minecraft	fmn8s4v	u/StoopidSmort	fmn815z	C
2020-04-06 21:10:18.022344	u/AvaireBD	fmn8udw	u/vonLoop	fmn1z95	C
2020-04-06 21:10:48.127332	u/granto2015	fmn8vnc	u/password-is-taco_	fmn6s0j	C
2020-04-06 21:10:57.477404	u/Paule_01	fmn8vwp	u/RepostSleuthBot	fmn4450	C
2020-04-06 21:12:17.816115	u/Pupusero36EE	fmn8zev	u/weeboo21678	fmn0hej	C
2020-04-06 21:12:31.900971	u/DeimossGaming	fmn9060	u/TacticalMicrowav3	fmmz0c8	C
2020-04-06 21:13:38.647329	u/Arden_L	fmnawrv	u/3AlbinoScouts	fmmvkd5	C
2020-04-06 21:14:02.152077	u/mike_literus_	fmnax8t	u/Ingoingmage920	fmmyt6r	C
2020-04-06 21:14:10.559175	u/PM_me_Tummies	fmnaxhq	u/FloweyTheFlowerYT	fmn4iqr	C
2020-04-06 21:14:25.858615	u/heywoodJablomey_	fmnay3o	u/funwheeldrive	fmn6z8q	C
2020-04-06 21:14:47.002346	u/k1ng_dub69	fmnayko	u/Xukay333	fmlmpwb	C
2020-04-06 21:15:18.415679	u/GRUNKEEEEEE	fmnazco	u/TurbulentSerenity	fmmt7ur	C
2020-04-06 21:16:17.524599	u/BidenSniffedMe	fmnb0v9	u/diealein	fmm1tcu	C
2020-04-06 21:16:37.710256	u/casper_8210	fmnb1gp	u/rob_nothing	fmn9465	C
2020-04-06 21:16:43.899516	u/EpicMC2010	fmnb1qq	u/AutoModerator	fm37d72	C
2020-04-06 21:17:54.511438	u/eoin-carter2007	fmnb5i4	u/xaviii_	fmnan2d	C
2020-04-06 21:18:29.081517	u/Imaperson1337	fmnb76s	u/OrangeYoshii	fmn7g5b	C
2020-04-06 21:18:42.553009	u/klklafweov	fmnb80q	u/dhdndjdhh	fmnavm5	C
2020-04-06 21:18:58.900733	u/SuperPoketown	fmnb8zx	u/Lordtygon	fmmu0ph	C
2020-04-06 21:19:11.381775	u/ThirdEncounter	fmnb9xg	u/Retropally	fmnadvi	C
2020-04-06 21:19:15.188857	u/price_capt	fmnba3l	u/PiggyBank32	fmnb6h6	C
2020-04-06 21:19:27.766428	u/Boomshockalocka007	fmnbb0b	u/aHumanWhoExists68888	fmn79ih	C
2020-04-06 21:19:42.773400	u/SuspiciousPrism	fmnbck5	u/GameIsMyName12	fmkucc3	C
2020-04-06 21:19:57.011503	u/willfordbrimly	fmnbdr2	u/Anime_Man6	fmn5m7o	C
2020-04-06 21:20:21.196028	u/SboopB	fmnbeo0	u/Serpentshand1	fmnar18	C
2020-04-06 21:20:30.304733	u/Random_Sime	fmnbf0j	u/plsrektme	fmmatfy	C
2020-04-06 21:21:11.221011	u/icculushfb	fmnbgb2	u/funwheeldrive	fmn6z8q	C
2020-04-06 21:21:26.953302	u/falcamo	fmnbgwl	u/Y0L0_Y33T	fmn6iia	C
2020-04-06 21:22:17.144600	u/Kaboonga	fmnbixk	u/Hephaestus_God	fmn8hjw	C
2020-04-06 21:22:33.640437	u/Yikes_M8	fmnbjoa	u/Arden_L	fmnawrv	C
2020-04-06 21:22:35.873026	u/TheMicasaurus	fmnbjuq	u/Yugthffhhdgcfg	fmn9lwb	C
2020-04-06 21:23:06.759362	u/IAmA_TheOneWhoKnocks	fmnbkyf	u/SketchWing	fmn32b0	C
2020-04-06 21:23:25.174058	u/vitaun	fmnblkw	u/RedninjaJ	fmn2o5t	C
2020-04-06 21:23:27.539896	u/D3monm4n9	fmnblms	u/farazj4	fmnb8oy	C
2020-04-06 21:23:38.856326	u/dannyvelasco	fmnblwz	u/reeeeeeeeeeee95	fmlpqtl	C
2020-04-06 21:23:47.568477	u/DynamiteCaptain	fmnbm57	u/RepostSleuthBot	fmnbfcf	C
2020-04-06 21:23:49.841494	u/Rybentyp	fmnbm61	u/Xukay333	fmlmpwb	C
2020-04-06 21:23:59.452269	u/-lotus_	fmnbme2	u/Tman2405	fmn62rb	C
2020-04-06 21:24:05.221205	u/uzzy210	fmnbmka	u/Serpentshand1	fmnau5u	C
2020-04-06 21:24:47.807720	u/PMMeUrGreazyPuzzy	fmnbnrh	u/SpicyDorito08	fmn5v1n	C
2020-04-06 21:25:11.530108	u/RollerDude347	fmnbp6o	u/CourageousWinecup	fmn1qxt	C
2020-04-06 21:25:27.184504	u/jessethe000	fmnbpvp	u/kissala6	fmn5gfm	C
2020-04-06 21:25:34.416452	u/Cassie014	fmnbq94	u/RelativeBlindness	fmc2njz	C
2020-04-06 21:26:21.569242	u/BluedeepDivea	fmnbsf2	u/OrangeYoshii	fmn7g5b	C
2020-04-06 21:26:33.445725	u/DK-Lightening	fmnbt90	u/stonesaregreat	fmltzb3	C
2020-04-06 21:26:58.095173	u/burh-i-had-i-migrain	fmnbu80	u/sllapp	fmnbtob	C
2020-04-06 21:27:55.983051	u/skyguyisfly123	fmnbx6g	u/RepostSleuthBot	fmlzrll	C
2020-04-06 21:28:27.569938	u/TheHalfCatracho	fmnbyz9	u/EvilDoritos	fmmwpfp	C
2020-04-06 21:28:34.514407	u/Echonight2	fmnbzb9	u/jvalente80	fmnby24	C
2020-04-06 21:28:40.975535	u/Gavittz	fmnbzif	u/kalesaji	fmn3j9r	C
2020-04-06 21:29:14.265427	u/Academic_Astrononaut	fmnc155	u/icy_potatoes	fmmt62o	C
2020-04-06 21:29:16.241373	u/ruepee	fmnc1cg	u/dusty_bawls44	fmn9fan	C
2020-04-06 21:29:24.854063	u/scuffling	fmnc1ss	u/SuperDave-1498	fmn7ywh	C
2020-04-06 21:29:44.641131	u/snipesnipe56	fmnc3jz	u/Yikes_M8	fmnc0bb	C
2020-04-06 21:29:46.547653	u/RilesCup10	fmnc3nn	u/Spicymemez17	fmn0oes	C
2020-04-06 21:29:55.019734	u/Venom4174	fmnc3sv	u/Yikes_M8	fmnbjoa	C
2020-04-06 21:30:02.096544	u/Another_User0115	fmnc53t	u/Troll-Hunter27	fmnb6c8	C
2020-04-06 21:30:15.108517	u/Vrutti	fmnc5h1	u/oferpoferlofer	fmmm92q	C
2020-04-06 21:30:20.605620	u/WholeGuacamole	fmnc5k9	u/icy_potatoes	fmmt62o	C
2020-04-06 21:30:29.544988	u/LavaJacob1234	fmnc5ul	u/nameofanuser	fmhat79	C
2020-04-06 21:30:34.340724	u/sad-scout	fmnc5z2	u/Mch33se	fmnc4n1	C
2020-04-06 21:31:28.494088	u/andreimrvlach	fmnc83n	u/SludgyWudgy	fmn6lz1	C
2020-04-06 21:32:12.216603	u/Animation_studio	fmnc9v6	u/transbianbean	fmn4y3a	C
2020-04-06 21:32:43.460913	u/Nuggetcloneking	fmncam9	u/AdvancedActions	fmlo6vp	C
2020-04-06 21:33:02.024607	u/ambidextrousambivert	fmncb7v	u/indolgofera	fmnbzge	C
2020-04-06 21:33:06.458623	u/pho_3000	fmncbem	u/ginger2020	fmna2ty	C
2020-04-06 21:33:11.978762	u/warrenary	fmncbso	u/icy_potatoes	fmmt62o	C
2020-04-06 21:33:16.007621	u/ObamasLeftShin	fmncbvo	u/RepostSleuthBot	fmmxh4c	C
2020-04-06 21:33:56.104531	u/ShillBot1	fmncdhz	u/FuriosTNT	fmn9zxg	C
2020-04-06 21:34:20.933424	u/ToastyBunns2105	fmncext	u/RepostSleuthBot	fmmt5ii	C
2020-04-06 21:34:47.210094	u/PhantomKick03	fmncg9u	u/LugyD1xd_ONE	fmn8bob	C
2020-04-06 21:35:00.197304	u/a_temporary_soul	fmncgn5	u/Pingas938	fmncf9m	C
2020-04-06 21:35:20.900929	u/ShillBot1	fmnchgi	u/geicohiredjake	fmn9uo8	C
2020-04-06 21:35:22.912614	u/ORNatE-PhOeNix	fmnchgy	u/I_Will_Do_That_	fmm63l7	C
2020-04-06 21:36:24.234419	u/Orzel0097	fmncjig	u/sad-scout	fmnc78f	C
2020-04-06 21:37:06.233806	u/Joesdad65	fmncl59	u/ni--atoilet	fmn6o0t	C
2020-04-06 21:37:14.176161	u/Kusko25	fmnclie	u/LugyD1xd_ONE	fmn8uyh	C
2020-04-06 21:37:22.804116	u/oganhc	fmncly7	u/RealReagatron	fmncd1k	C
2020-04-06 21:38:16.654454	u/Magical_Wheelchair	fmncokx	u/fgoplayermatthew	fmnckfy	C
2020-04-06 21:38:26.036793	u/boler1	fmncpeh	u/Just-another-PJOFan	fwartw	S
2020-04-06 21:38:52.032608	u/Bogmart	fmncr5p	u/LugyD1xd_ONE	fmnax7u	C
2020-04-06 21:39:01.012931	u/SeVenZxd	fmncrs4	u/PizzaTime1024	fmlplga	C
2020-04-06 21:39:08.425436	u/Slumpythedog	fmncseo	u/Xukay333	fmlmpwb	C
2020-04-06 21:39:13.097637	u/Boopis_Gloopis	fmncsxu	u/annoying_ravenclaw	fmncnkf	C
2020-04-06 21:39:14.482424	u/Nytrino	fmncszs	u/LadyDuckworthDuck	fmmnbr4	C
2020-04-06 21:39:23.753269	u/WinSquidGaming	fmncttg	u/Mch33se	fmnc4n1	C
2020-04-06 21:39:36.442911	u/PineapplePrince0	fmncuoa	u/SonofSatan_forreal	fmn7943	C
2020-04-06 21:39:41.959540	u/EmiWipemOut	fmncvbv	u/TrikStari	fmncqx9	C
2020-04-06 21:39:43.680337	u/candyywhore	fmncvid	u/Orzel0097	fmncgfc	C
2020-04-06 21:40:10.530086	u/TheLichSnail	fmncwwu	u/Oman395	fmnbgud	C
2020-04-06 21:41:03.156089	u/primofilly59	fmnczdw	u/RepostSleuthBot	fmncqpd	C
2020-04-06 21:41:18.892164	u/Tryhardmode21	fmnczw3	u/Randomdude-5	fmmmxcu	C
2020-04-06 21:41:43.483728	u/reerrejdh	fmnd0rr	u/Gord4bot	fmmr53u	C
2020-04-06 21:41:57.762001	u/jameskang3579	fmnd1bz	u/deanreevesii	fmnbh4s	C
2020-04-06 21:42:26.325266	u/josh_coon83	fmnd2id	u/L6RX_btw	fmnamle	C
2020-04-06 21:42:32.908996	u/SouvenirSubmarine	fmnd2rb	u/heywoodJablomey_	fmnay3o	C
2020-04-06 21:43:21.947739	u/schueaj	fmnd4id	u/momzydouce	fmn2pck	C
2020-04-06 21:44:11.866561	u/Abirati	fmnd6te	u/MurderBirdOK	fmm3s1t	C
2020-04-06 21:44:16.929432	u/squiddywoomy	fmnd6tp	u/Dead_Chungus_2534	fmm1jnn	C
2020-04-06 21:44:19.918522	u/david13guet	fmnd70x	u/justanaveragecomment	fmn78w6	C
2020-04-06 21:44:28.003925	u/WolfStar_Magi	fmnd7fk	u/SoG-Thunder	fmncl2b	C
2020-04-06 21:46:29.111394	u/IcaroKaue321	fmnddlt	u/Pekonius	fmmppgf	C
2020-04-06 21:46:30.989920	u/trashtracks	fmnddoo	u/TheyCantCome	fmnd5uv	C
2020-04-06 21:46:32.909655	u/AlexByChoice	fmnddrh	u/icy_potatoes	fmmt62o	C
2020-04-06 21:46:41.851592	u/dabooman07	fmnde4q	u/RepostSleuthBot	fmlr5sz	C
2020-04-06 21:46:50.538694	u/shanabear	fmndex9	u/User_of_Name	fmmzk01	C
2020-04-06 21:47:04.642525	u/CrispySprite2001	fmndfjp	u/RjMeyers	fmnd2f1	C
2020-04-06 21:47:09.358399	u/the_lord_42	fmndg3y	u/unfamiliarstranger2	fmn9zfz	C
2020-04-06 21:47:24.458376	u/crushedpanda05	fmndhbq	u/momzydouce	fmnbed2	C
2020-04-06 21:47:53.880653	u/Rickblood23	fmndi8g	u/SoG-Thunder	fmn79f6	C
2020-04-06 21:47:57.114838	u/coltonbyu	fmndiht	u/misswilwarin	fmmnehx	C
2020-04-06 21:48:14.641275	u/Theguyofri	fmndje0	u/password-is-taco_	fmnbaag	C
2020-04-06 21:48:21.895743	u/Fortniteisbad7362627	fmndjxp	u/RepostSleuthBot	fmncz3t	C
2020-04-06 21:49:03.261833	u/KING_SOLOMON25	fmndm16	u/FakeGlaive	fmndjfi	C
2020-04-06 21:49:05.266023	u/jonolucerne	fmndm4c	u/Xukay333	fmlmpwb	C
2020-04-06 21:49:07.967332	u/cubist98	fmndmfp	u/imfricknawkward1031	fmn8v82	C
2020-04-06 21:49:22.565637	u/Coolguy1260	fmndnmu	u/RepostSleuthBot	fmn2jqe	C
2020-04-06 21:49:28.646510	u/_yogurtsauce	fmndnxw	u/deanreevesii	fmnbh4s	C
2020-04-06 21:49:37.868982	u/aswirls	fmndox2	u/Anime_Man6	fmn5tgh	C
2020-04-06 21:49:47.963837	u/SaidtheChase97	fmndpqb	u/pastell_soelli	fmncogs	C
2020-04-06 21:49:52.937641	u/Bambozleman	fmndqd4	u/ahuman6636	fmmhf09	C
2020-04-06 21:50:01.693361	u/TheCleanestKing	fmndqjc	u/Max_The_Greatest	fmnbmoj	C
2020-04-06 21:50:07.528018	u/Armond404	fmndqmv	u/languish24	fmnauk8	C
2020-04-06 21:50:28.533162	u/thagthebarbarian	fmndrn9	u/prickledick	fmn7ptj	C
2020-04-06 21:50:42.559940	u/beansAt_3am	fmndsa1	u/teekay_1994	fmnbe30	C
2020-04-06 21:51:05.843341	u/HensterPlays	fmndtm5	u/momzydouce	fmn2pck	C
2020-04-06 21:51:19.248160	u/atmdk7	fmndu6w	u/MildlyRedacted	fmnbudy	C
2020-04-06 21:51:59.344820	u/boomstastic	fmndwim	u/LightModeIsTheBest	fmn67pd	C
2020-04-06 21:52:16.544097	u/ViggoMiles	fmndx6y	u/funwheeldrive	fmn6z8q	C
2020-04-06 21:52:47.212302	u/AJ4YD33P	fmndywm	u/ItsRaldio	fmnashk	C
2020-04-06 21:52:52.895124	u/hooman_not_rubutt	fmndz5a	u/Emmonymous	fmmztpa	C
2020-04-06 21:53:37.103124	u/AKMarch	fmne0yr	u/RepostSleuthBot	fmnd1f2	C
2020-04-06 21:53:46.676397	u/RogueSteel	fmne18p	u/dragonboss99	fmn6fav	C
2020-04-06 21:53:54.100762	u/SID_76	fmne1je	u/ohlookmars	fmmx0ae	C
2020-04-06 21:54:27.133528	u/YangWenli1	fmne2uy	u/languish24	fmnaxwg	C
2020-04-06 21:54:30.360944	u/Spicy-Chicken_Ramen	fmne2zt	u/AJ4YD33P	fmndywm	C
2020-04-06 21:54:36.494098	u/jason-murawski	fmne35l	u/D4NK-Chungus	fmn1f30	C
2020-04-06 21:55:27.683939	u/ripmyinbox42069	fmne612	u/DooDooDooFart	fmn6e0j	C
2020-04-06 21:56:07.802522	u/xandermalicious	fmne8jb	u/Hemlock_Deci	fmndp4p	C
2020-04-06 21:57:36.772467	u/Dicerzx	fmned0p	u/shleyal19	fmn5tsg	C
2020-04-06 21:57:53.976853	u/very-contagious-meme	fmneec7	u/Ingoingmage920	fmmyt6r	C
2020-04-06 21:58:09.139000	u/FSUjonnyD	fmnef8l	u/Carninator	fmndrc0	C
2020-04-06 21:58:18.844267	u/MemeLordxxx098	fmneftf	u/Weekeepeedia	fml5vpm	C
2020-04-06 21:58:24.713762	u/5nackB4r	fmneg6d	u/KrombopulosT46	fml4du8	C
2020-04-06 21:58:45.015544	u/D0UBLE_X	fmnehee	u/Infinity_Ninja12	fmmdkav	C
2020-04-06 21:58:57.064460	u/athonis	fmnei5b	u/apolloladdie	fmmrhi2	C
2020-04-06 21:59:07.118833	u/FailedSv	fmnej1u	u/Reddituser8812	fmn7bf0	C
2020-04-06 21:59:18.866365	u/reddit_at_georgeho	fmnek09	u/imfricknawkward1031	fmn8r9l	C
2020-04-06 21:59:22.724169	u/SithArsenal	fmnek9w	u/momzydouce	fmn6gfb	C
2020-04-06 21:59:27.385031	u/yurd617	fmnekg8	u/LugyD1xd_ONE	fmn8uyh	C
2020-04-06 21:59:32.281825	u/Gswizzle67	fmnekyf	u/Aegis722	fmnb706	C
2020-04-06 21:59:35.302421	u/lets-test-some-stuff	fmnelgp	u/d0pe_dje11y	fmn7rv6	C
2020-04-06 21:59:44.772492	u/GiggleFish3	fmneme5	u/21ASus12	fmndf2e	C
2020-04-06 21:59:55.741570	u/MrHazzy	fmnenes	u/how-to-username	fmne1r0	C
2020-04-06 21:59:57.149286	u/hulutissuebox	fmnenq8	u/Hemlock_Deci	fmndp4p	C
