2020-04-12 08:00:52.802131	u/TrolldierTf2	fn68xqw	u/NikosA_	fn674q2	C
2020-04-12 08:01:00.035634	u/speedwagon-bestwaifu	fn68xrq	u/AlienTrain_	fn67lue	C
2020-04-12 08:01:13.176126	u/caburped	fn68yag	u/SliceOfBread69	fn68dox	C
2020-04-12 08:02:02.428828	u/whotookmymuffins	fn68z4o	u/Beckybeck2323	fn66ghb	C
2020-04-12 08:03:05.356366	u/Abe_james	fn68zpn	u/jrm57	fn653je	C
2020-04-12 08:04:22.182701	u/the-Bus-dr1ver	fn6911j	u/stivenalibeaj	fn66svc	C
2020-04-12 08:05:45.645864	u/tugmansk	fn692dc	u/sasori1771	fn68gtd	C
2020-04-12 08:06:02.830975	u/DangerousDumpling	fn692qs	u/InfiniteHwD	fn67vm7	C
2020-04-12 08:07:19.853819	u/Iwantsspaghet	fn6a2nk	u/OpalRuohou	fn676qd	C
2020-04-12 08:07:36.454847	u/LuisB_23	fn6a2tm	u/sasori1771	fn68gtd	C
2020-04-12 08:07:39.273665	u/PrinceGuy777	fn6a2vs	u/d3rd4nny_	fn65i2q	C
2020-04-12 08:07:58.245636	u/OPflame1	fn6a39h	u/Ultra_Noobzor	fn69wvf	C
2020-04-12 08:08:55.460463	u/Ka-tet_of_nineteen	fn6a4ec	u/HeroKiki	fn5vfu7	C
2020-04-12 08:09:24.929121	u/LordBaconBane	fn6a581	u/JojoRiceBubbles	fn68jl8	C
2020-04-12 08:09:40.392933	u/ExtraComfortable4	fn6a5i9	u/assthots	fn62lpj	C
2020-04-12 08:09:48.936726	u/CaptainTomatoWaters	fn6a5pt	u/Dancing-lizard	fn672uu	C
2020-04-12 08:10:09.733356	u/JakeArewood	fn6a6hs	u/TotallyNotEko	fn64hl9	C
2020-04-12 08:10:59.721300	u/SuchRedditMuchMeme	fn6a797	u/Nath313	fn5xln3	C
2020-04-12 08:11:09.594795	u/otyash1999	fn6a7az	u/ScarletWill1	fn66xs2	C
2020-04-12 08:11:13.966956	u/mikewirkijowski	fn6a7bj	u/TotallyNotEko	fn64hl9	C
2020-04-12 08:11:20.455474	u/KylarStern327	fn6a7cx	u/tugmansk	fn692dc	C
2020-04-12 08:11:43.893712	u/Ducklockhaha	fn6a7mc	u/Bruh_Bot_	fn6a75t	C
2020-04-12 08:11:56.822061	u/thedeepfried	fn6a7uj	u/mannak8	fn5q123	C
2020-04-12 08:12:16.450607	u/C0ldSpirit	fn6a82i	u/PeteyGANG	fn605ak	C
2020-04-12 08:12:51.008404	u/ManyManyMoonsUggo	fn6a8gf	u/Sikey26	fn69ram	C
2020-04-12 08:13:46.470778	u/Ducklockhaha	fn6a945	u/Bruh_Bot_	fn6a8nj	C
2020-04-12 08:14:44.335727	u/evr-	fn6a9ok	u/PartiallyTwistd	fn5tzhe	C
2020-04-12 08:15:15.390422	u/Tetorius	fn6aa34	u/Bruh_Bot_	fn68j28	C
2020-04-12 08:15:23.512841	u/ManyManyMoonsUggo	fn6aa6i	u/Harami05	fn683e8	C
2020-04-12 08:15:51.094010	u/Knaprig	fn6aaie	u/BlueAuqa	fn4i099	C
2020-04-12 08:16:23.999633	u/PatientSalamander3	fn6aay2	u/BananaBridgy	fn6544r	C
2020-04-12 08:17:21.387422	u/ToadEY911	fn6abz0	u/Synthistic	fn6663j	C
2020-04-12 08:19:02.749584	u/theshadypineapple	fn6adso	u/Lams1d	fn52bpb	C
2020-04-12 08:19:11.884288	u/theshadypineapple	fn6adz8	u/AsubjectiveCyka	fn4xr4q	C
2020-04-12 08:19:32.740350	u/dohdkhdi	fn6aeko	u/NateZMCOG	fn6638a	C
2020-04-12 08:19:41.439270	u/Spooky_Maniac	fn6aeoo	u/butteredtoastinbath	fn62ol6	C
2020-04-12 08:19:55.134118	u/blackfalcon64	fn6afav	u/TyCooper8	fn68t92	C
2020-04-12 08:19:57.695701	u/sixdegreesofsteak	fn6afj5	u/Mrfriendlyguy17	fn62sl6	C
2020-04-12 08:20:50.184114	u/ThiccBriccBoi	fn6aghg	u/hey-not-gay-am-dad	fn5v6ff	C
2020-04-12 08:22:21.023469	u/TheFakeAnastasia	fn6ah9m	u/Mamac1ta	fn631in	C
2020-04-12 08:24:00.103407	u/Earrapethicc	fn6aik2	u/Ka-tet_of_nineteen	fn6a4ec	C
2020-04-12 08:24:27.165673	u/ScaryKarnage	fn6air1	u/TheD18	fn6ahac	C
2020-04-12 08:24:49.338460	u/sadly_not_my_name	fn6aj1j	u/SFM61319	fn65ed6	C
2020-04-12 08:25:12.801751	u/Gay_mail	fn6aj83	u/tugmansk	fn692dc	C
2020-04-12 08:25:32.933594	u/Dark_Devin	fn6ajnj	u/JojoRiceBubbles	fn68jl8	C
2020-04-12 08:27:24.771313	u/jerrybarrylarry	fn6aliy	u/Hi-Im-Here-For-Memes	fn6a5d5	C
2020-04-12 08:27:35.973595	u/mare07	fn6alni	u/_Memeposter	fn6ab0f	C
2020-04-12 08:27:49.368101	u/Xraied268	fn6alsw	u/CaptainTomatoWaters	fn6a5pt	C
2020-04-12 08:27:52.969176	u/AbsolutelyHorseshit	fn6alua	u/sasori1771	fn68gtd	C
2020-04-12 08:28:01.078765	u/bobajo24	fn6alvs	u/johan_112	fn6a7aj	C
2020-04-12 08:28:14.726788	u/Xraied268	fn6am66	u/g3orgewashingmachine	fn6724t	C
2020-04-12 08:28:22.167021	u/buildthecheek	fn6am8c	u/Almost-Alice-	fn638y0	C
2020-04-12 08:28:29.947550	u/myqccountgotsca	fn6ambs	u/hey-not-gay-am-dad	fn5v6ff	C
2020-04-12 08:29:06.748050	u/confused_o	fn6an4h	u/_Xx_ShadowHunter_xX_	fn15ezn	C
2020-04-12 08:29:24.324881	u/jayvardhan651	fn6ann1	u/nomodspleasedont	fn6aj7a	C
2020-04-12 08:29:46.907517	u/Xraied268	fn6aok0	u/Thomas_KT	fn67ena	C
2020-04-12 08:29:54.339478	u/Valxr	fn6aosg	u/CaptainTomatoWaters	fn6a5pt	C
2020-04-12 08:30:37.028188	u/awesomepaneer	fn6apq9	u/Lady-Lilithh	fn67647	C
2020-04-12 08:31:57.037843	u/ShailRC	fn6ar1r	u/king5601	fn5evok	C
2020-04-12 08:32:45.374964	u/Seus981	fn6arn7	u/Big_Green_Tony	fn69ztc	C
2020-04-12 08:32:52.794676	u/Hunt3r2003	fn6arpd	u/maou2005	fn69yin	C
2020-04-12 08:34:19.846290	u/meme_bourgeoisie	fn6at3d	u/UzairKhan_	fn66lqu	C
2020-04-12 08:34:28.046383	u/x3ColdLatte	fn6at6u	u/Rolandjuhh	fn61d7r	C
2020-04-12 08:35:39.132548	u/YeetShendi	fn6au2a	u/webechillinhere	fn5wj1r	C
2020-04-12 08:36:06.300177	u/Mental-Writing	fn6aubp	u/ServeTheRealm	fn66bw9	C
2020-04-12 08:36:31.227486	u/hungryspy	fn6auky	u/bigbadbillyy	fn5yys9	C
2020-04-12 08:37:06.181041	u/QweezzyCake	fn6av9h	u/DDrakeJS	fn6apic	C
2020-04-12 08:38:52.477739	u/jenatuls	fn6awz9	u/clone_ranger	fn6311l	C
2020-04-12 08:39:08.336902	u/grw12	fn6axac	u/wouldiwas-shookspear	fn66bwl	C
2020-04-12 08:39:40.752538	u/Solayx	fn6axgl	u/Iceicebaby1027	fn6015j	C
2020-04-12 08:39:54.792070	u/PimpZay4000	fn6c6yc	u/TheChocolateCray	fn65paw	C
2020-04-12 08:40:51.298831	u/PimpZay4000	fn6c7wd	u/iamgourd	fn6b4wr	C
2020-04-12 08:41:03.787912	u/galacticforger1	fn6c7zd	u/jenatuls	fn6awz9	C
2020-04-12 08:41:29.422246	u/Sh0v3l_Kn1ght	fn6c87w	u/RepostSleuthBot	fn64jma	C
2020-04-12 08:45:21.975212	u/Zach_Xk	fn6cb74	u/wolfhunter11	fn6cag7	C
2020-04-12 08:45:30.089346	u/Kamhi_	fn6cb9a	u/ServeTheRealm	fn66bw9	C
2020-04-12 08:46:20.644265	u/Yummy-tide-pods	fn6cbrx	u/f1fan6890	fn64lze	C
2020-04-12 08:47:52.362944	u/CommanderZuljin	fn6cd3c	u/HelpMeILostMyAccount	fn6c4lo	C
2020-04-12 08:48:14.710407	u/GoodCheeseCat	fn6cd9k	u/clone_ranger	fn62xim	C
2020-04-12 08:48:34.747852	u/kiddsky	fn6cdfr	u/MAGIC_EYE_BOT	fn6c563	C
2020-04-12 08:49:14.259300	u/petery_lemon	fn6ce2o	u/CreeperTNTJunge	fn4sq3u	C
2020-04-12 08:49:40.991021	u/lebokinator	fn6ceq5	u/clueless8teen	fn6cd9l	C
2020-04-12 08:50:10.841548	u/Thunder_dragon52	fn6cfz9	u/HannibalGoddamnit	fn6bpdr	C
2020-04-12 08:50:24.731549	u/JeremyRMay	fn6cg9u	u/NOWfearo	fn66g78	C
2020-04-12 08:52:23.248558	u/Airoplanee	fn6chhh	u/Toastonabagel	fn6cgh5	C
2020-04-12 08:52:46.543476	u/Mokarru	fn6ci1g	u/QweezzyCake	fn6av9h	C
2020-04-12 08:53:12.161716	u/sunspot1002	fn6cib7	u/Hercules69Soul	fn65jkq	C
2020-04-12 08:53:41.225386	u/Covks	fn6cirq	u/Uh_Soup_I_Guess	fn6c8at	C
2020-04-12 08:55:02.981035	u/EsoraAoi	fn6ck0n	u/imfishdonteatme	fn5kok4	C
2020-04-12 08:56:12.898693	u/DrBear33	fn6ckyk	u/Ultra_Noobzor	fn69wvf	C
2020-04-12 08:58:02.603973	u/6-420-9	fn6cmcd	u/JojoRiceBubbles	fn68jl8	C
2020-04-12 08:58:18.700271	u/Master_JBT	fn6cmni	u/Il_Rich	fn6a78l	C
2020-04-12 08:58:27.019131	u/TitaniumPeak	fn6cmug	u/ricardozajeco	fn6citv	C
2020-04-12 08:58:56.546916	u/totallegit39	fn6cn6q	u/realsies11	fn5z1uq	C
2020-04-12 08:59:04.858306	u/JYmeister	fn6cn9m	u/ExtraSmallAnimatoins	fn6bh49	C
2020-04-12 08:59:59.845203	u/PanCakePolska	fn6cob8	u/SpaceCompany15	fn63rlm	C
