2020-04-08 02:00:58.146670	u/OBeliskPhantasm	fmriwpp	u/skduter	fmq1tlt	C
2020-04-08 02:01:14.193393	u/BreakinBETA	fmriwwd	u/woodendoors7	fmqeqbk	C
2020-04-08 02:02:37.209410	u/AQuietFace	fmriy7d	u/hamster-de-x	fmqmzlv	C
2020-04-08 02:03:02.533628	u/ApexBreadator	fmrk4g5	u/joe_groves_04	fmr05cr	C
2020-04-08 02:03:38.847918	u/Orion_Delta	fmrk4z4	u/MyJelloJiggles	fmqlbcu	C
2020-04-08 02:04:23.171806	u/SpRuNkErS	fmrk5mw	u/speedforceahmed	fmrjm2p	C
2020-04-08 02:04:59.540067	u/asthebroflys	fmrk6kj	u/silencedrop66	fmri1nz	C
2020-04-08 02:05:09.583101	u/varun1232	fmrk6ra	u/makota-chan	fmpzqnv	C
2020-04-08 02:07:06.164174	u/JuliaKostiv	fmrk9hn	u/fuuuukitsoomuch	fmrk7dm	C
2020-04-08 02:07:38.674385	u/Parziivel	fmrk9yp	u/Bruh_Bot_	fmrfgjj	C
2020-04-08 02:08:33.237914	u/HouseMasterHeney1987	fmrkasf	u/WhiteWolfSV	fmrk8d3	C
2020-04-08 02:08:43.631794	u/stenfert	fmrkavw	u/garvin1313	fmr288l	C
2020-04-08 02:08:47.031884	u/kittcatth	fmrkb0i	u/meme-nana	fmr6ymf	C
2020-04-08 02:09:37.189911	u/Immaswellboi	fmrkcnc	u/DontNotDoDrugz	fmr8r17	C
2020-04-08 02:09:38.150809	u/Fe-Awesome0	fmrkcux	u/stickycreamcheese	fmq04ja	C
2020-04-08 02:10:02.543597	u/Kalaakaar003	fmrkdzn	u/KANTholz0903	fmr24x9	C
2020-04-08 02:10:35.209753	u/Reuben05	fmrkeeo	u/skduter	fmq1tlt	C
2020-04-08 02:12:23.668058	u/noobmaster100mill	fmrkghc	u/ryunosk	fmrh6ce	C
2020-04-08 02:13:42.730215	u/PajamaLegend	fmrkibw	u/Uranium_Mike	fmriy34	C
2020-04-08 02:14:27.787191	u/MrSsenmodnar	fmrkj2q	u/MuskyMusk123	fml186m	C
2020-04-08 02:14:39.196640	u/doseofpenguin	fmrkj4r	u/gus900	fmr2gq4	C
2020-04-08 02:14:44.184139	u/beny2000	fmrkj56	u/TheRealAttacker	fmrfnwb	C
2020-04-08 02:15:03.955920	u/AM4841992	fmrkjf6	u/slavskrilles	fmrh4ms	C
2020-04-08 02:15:07.453164	u/minecraft1984	fmrkjim	u/R0N1N_1	fmrbmae	C
2020-04-08 02:15:09.266003	u/Noah-Brinson15	fmrkjk8	u/Asil001	fmqciua	C
2020-04-08 02:18:14.215587	u/imstupidsaidbeevop	fmrkmu5	u/Puggy_Boi	fmrkmbx	C
2020-04-08 02:18:31.927853	u/ObviouslyKaleb	fmrknc2	u/JuliaKostiv	fmrk9hn	C
2020-04-08 02:18:33.553043	u/Simo-ne	fmrknfw	u/kuriman420	fmrk5g7	C
2020-04-08 02:18:57.532678	u/Roofedtrash1	fmrko43	u/Jomesfonso	fmqt4u4	C
2020-04-08 02:19:19.516330	u/Meatball_Manhunt	fmrkox7	u/OptimusGinge	fmrj9vv	C
2020-04-08 02:19:53.942514	u/Andricole12	fmrkpvw	u/dovedevic	fl2izeo	C
2020-04-08 02:19:55.402980	u/sneekyboi14	fmrkpza	u/rocketboi1505	fmrklu8	C
2020-04-08 02:20:03.700989	u/99redba11ons	fmrkq27	u/matijsB	fmrknlj	C
2020-04-08 02:20:16.753171	u/ThePandaDoes_YT	fmrkq79	u/RobloxLover369421	fmr2qcg	C
2020-04-08 02:22:16.709816	u/yeetedWHALE	fmrkrtt	u/TheGameCruiser	fmqsxj9	C
2020-04-08 02:22:31.128730	u/Hardnoklife	fmrks6n	u/kuriman420	fmrk14n	C
2020-04-08 02:22:33.416782	u/stippie33	fmrks78	u/Jomesfonso	fmqt4u4	C
2020-04-08 02:23:03.100449	u/RottenEggFarts00007	fmrkscv	u/rocketboi1505	fmrjscx	C
2020-04-08 02:24:00.563187	u/VUGEL123	fmrktiz	u/SmudgeTheCatt	fmqtpse	C
2020-04-08 02:25:19.400168	u/Ajhayjhayjhay	fmrkv0p	u/Jomesfonso	fmqt4u4	C
2020-04-08 02:25:22.785827	u/cloudless9	fmrkv1d	u/MoongodRai057	fmriu35	C
2020-04-08 02:26:56.461577	u/Liamux	fmrkx9d	u/Sofia_864	fmr9y3o	C
2020-04-08 02:27:17.898823	u/RaCIsT_BIgbIRd	fmrkxyn	u/Nutscorp27	fmquxvj	C
2020-04-08 02:27:38.498647	u/definitely_indeed	fmrkym4	u/Grazthespaz	fmrgr98	C
2020-04-08 02:27:54.963898	u/foxielady123	fmrkyt4	u/GregTheRockStar	fmrkktv	C
2020-04-08 02:28:23.273256	u/SplatM4n	fmrkzda	u/Sil3ntkn1ght87	fmqyimc	C
2020-04-08 02:28:36.427993	u/yagasagabaga	fmrkzld	u/GoldenBG	fmrku23	C
2020-04-08 02:29:21.149792	u/ohlookanothercat	fmrl0rz	u/Gearmaster08	fmrgrte	C
2020-04-08 02:29:22.017630	u/gartontomas	fmrl0w0	u/Master_JBT	fmr91if	C
2020-04-08 02:32:10.008618	u/Sturmpanzer_II	fmrl4fg	u/Unc1e_Boris	fmqksz3	C
2020-04-08 02:32:38.877627	u/Pm-MeTheGoods	fmrl52v	u/SmudgeTheCatt	fmqtpse	C
2020-04-08 02:32:46.537720	u/Harambeman126	fmrl58c	u/NoName00012	fmqxvk4	C
2020-04-08 02:32:51.701409	u/someone4else	fmrl5ch	u/havingfun89	fmqt1uq	C
2020-04-08 02:32:59.533032	u/melperz	fmrl5gd	u/sonoftom	fmkxtra	C
2020-04-08 02:33:20.953555	u/Sleepybunny08	fmrm4q5	u/OtsuKotsu	fmrlhbq	C
2020-04-08 02:34:09.190373	u/Lovethecreeper	fmrm53j	u/endslayer101	fmr79iw	C
2020-04-08 02:34:18.892283	u/LABlCHE	fmrm5cz	u/SLforHongKong	fmqc6g9	C
2020-04-08 02:34:40.676191	u/Shuzzbutt	fmrm5dr	u/JamJamCuddlyLamb	fmrimh9	C
2020-04-08 02:34:49.440874	u/ciannarim1	fmrm5jp	u/fierwoll	fmqt1hu	C
2020-04-08 02:34:57.132073	u/EarthTrash	fmrm5py	u/Sykfootball	fmrhj1c	C
2020-04-08 02:35:46.772797	u/who_is_rosie	fmrm6xp	u/JasonMetallica	fmrhgiv	C
2020-04-08 02:35:53.165135	u/Salvation36	fmrm74b	u/Jehzusbs	fmrliva	C
2020-04-08 02:36:13.040551	u/smallsmash	fmrm7q6	u/Puggy_Boi	fmrklrh	C
2020-04-08 02:37:03.138746	u/vikingnorberg	fmrm7wq	u/skduter	fmq1tlt	C
2020-04-08 02:37:44.028676	u/farfitnuegle	fmrm8jj	u/epicson01	fmrik16	C
2020-04-08 02:37:49.930677	u/yeetusmyfetus01	fmrm8qx	u/manchild1111	fmrm7ph	C
2020-04-08 02:37:51.263692	u/C00LV1BR4TION5	fmrm8s3	u/DeppressedSwedishGuy	fmq7rf4	C
2020-04-08 02:38:18.391909	u/dester19	fmrm99d	u/Justin_The_Fox2	fmrm6ke	C
2020-04-08 02:38:20.968392	u/killmenowyahoocom	fmrm9fn	u/itzmatoy	fmrjq5a	C
2020-04-08 02:38:22.711171	u/Oz347	fmrm9hv	u/LTG_Wladyslaw_Anders	fmrjbbz	C
2020-04-08 02:38:38.044880	u/Fap-o-Clock	fmrm9qy	u/Its4m1r	fwuhby	S
2020-04-08 02:38:44.598552	u/sasuke9972580	fmrma55	u/Justin_The_Fox2	fmrm50y	C
2020-04-08 02:40:02.411708	u/apollan15	fmrmb7h	u/IsThisAUsedUsername	fmnnpw3	C
2020-04-08 02:40:29.363201	u/duckbitsV2	fmrmbj5	u/ReapersPhantoms	fmrklha	C
2020-04-08 02:41:09.020225	u/a_reddit_user124654y	fmrmc0a	u/ReapersPhantoms	fmrklha	C
2020-04-08 02:41:36.344097	u/brentfield	fmrmcaw	u/Meatball_Manhunt	fmrlrlc	C
2020-04-08 02:42:34.089027	u/ShittyBollox	fmrmcv2	u/youareactuallygod	fmrct0x	C
2020-04-08 02:43:08.739984	u/depressedperson69	fmrmd9b	u/Bruh_Bot_	fmrkzwz	C
2020-04-08 02:43:15.484724	u/DisAstrBeast	fmrmdc5	u/Yeeterbewarned	fmrl4r2	C
2020-04-08 02:44:03.096771	u/thedemon-in-theattic	fmrmdz3	u/munadahmed	fmrl859	C
2020-04-08 02:44:08.998671	u/Jack_Alloy	fmrme4g	u/Nichinsou184	fmrbzsz	C
2020-04-08 02:44:47.323762	u/bas1378	fmrmetr	u/Red_Dogeboi	fmrj7c0	C
2020-04-08 02:45:31.933127	u/EugeneAk47	fmrmffm	u/00psieD00psie	fmrbyed	C
2020-04-08 02:45:44.607060	u/J0eYT	fmrmfh7	u/HiveMynd148	fmra62a	C
2020-04-08 02:45:47.667215	u/GLABES	fmrmfhs	u/Jeotheus	fmrc0gb	C
2020-04-08 02:46:23.860063	u/d_a_double_d	fmrmfti	u/pur__0_0__	fmrmbiw	C
2020-04-08 02:47:36.488211	u/TmickyD	fmrmgyc	u/Sleepybunny08	fmrm4q5	C
2020-04-08 02:47:53.001971	u/LordAidyn420CuzEdgy	fmrmh7b	u/fishbishmemes	fmr9w4z	C
2020-04-08 02:48:03.476327	u/trihard37	fmrmhak	u/Frozt-Flame	fmrmc6h	C
2020-04-08 02:48:04.603115	u/C4rdb04rdB0x	fmrmhb9	u/RepostSleuthBot	fmrb6wl	C
2020-04-08 02:48:08.007940	u/AntiNumbskull	fmrmhhj	u/NOLPOLGAMER	fmr39ce	C
2020-04-08 02:48:13.000272	u/SirKriegor	fmrmht0	u/skduter	fmq1tlt	C
2020-04-08 02:48:33.946581	u/Simo-ne	fmrmiop	u/ZbrojovkaBRNO	fmrmbwk	C
2020-04-08 02:49:00.898112	u/viralagain	fmrmiwa	u/very_so_sad_lad	fmrm3y6	C
2020-04-08 02:49:47.527773	u/theamazingjaw	fmrmk9a	u/M_y_t_hs	fmrmix3	C
2020-04-08 02:49:58.799311	u/BLN_Chris	fmrmkiq	u/soobledoo	fmqzq66	C
2020-04-08 02:49:59.379158	u/H2oaDdIcTlol	fmrmko1	u/sanswithagun	fmrl6c0	C
2020-04-08 02:50:34.549916	u/FortniteBot101	fmrml3p	u/skduter	fmq1tlt	C
2020-04-08 02:52:47.486235	u/wsamson	fmrmn7x	u/doesentmatter	fmrlhu4	C
2020-04-08 02:53:38.201366	u/Counter_Intel	fmrmnn1	u/epicadi2	fmrlnij	C
2020-04-08 02:54:57.803599	u/MorpXyVers	fmrmoq5	u/LordAidyn420CuzEdgy	fmrmjqc	C
2020-04-08 02:55:01.468126	u/memesop231	fmrmov8	u/Rymoni181	fmrm4da	C
2020-04-08 02:55:47.460768	u/DarkSnake83	fmrmpfk	u/2JDestroBot	fmq6r0i	C
2020-04-08 02:56:22.895030	u/intrinsicatharsis	fmrmpza	u/-SpaceToast-	fmpywfh	C
2020-04-08 02:57:02.943111	u/Slapstream	fmrmqed	u/AM4841992	fmrk869	C
2020-04-08 02:58:20.242734	u/tkaemae	fmrnpea	u/Bruh_Bot_	fmrnom6	C
2020-04-08 02:59:10.411049	u/harsh876	fmrnqps	u/Anonymous02n	fmrmo5c	C
2020-04-08 02:59:21.960374	u/joecool1340	fmrnr21	u/SolaLupus42	fmrhjhp	C
2020-04-08 02:59:23.557688	u/harsh876	fmrnr48	u/Doubletap-v02	fmrill3	C
2020-04-08 02:59:27.618888	u/BesterH75	fmrnr8l	u/fierwoll	fmqt1hu	C
2020-04-08 02:59:38.332735	u/tkaemae	fmrnrd0	u/Bruh_Bot_	fmrnqzh	C
2020-04-08 02:59:38.901401	u/fallriverroader	fmrnrd8	u/WetBiscuit-McGlee	fmr2ug1	C
2020-04-08 02:59:40.192321	u/BamTheKarmaThief	fmrnrix	u/ARoadTurd	fmrbwh3	C
2020-04-08 02:59:41.778611	u/little_yoshiboi	fmrnrou	u/Zackawel	fmrgr56	C
2020-04-08 02:59:43.094013	u/BamTheKarmaThief	fmrnrr7	u/Thomaslikestofish	fmr7qie	C
2020-04-08 02:59:53.754591	u/BamTheKarmaThief	fmrns9o	u/Jeotheus	fmqn7gg	C
