2020-04-04 17:00:20.376543	u/spicyrefrigerator	fmfsizz	u/Zbunjeni_Batcat	fmfsgja	C
2020-04-04 17:05:57.579049	u/Slimeyzilla	fmfsk5g	u/PancakeGD	fmfqnwv	C
2020-04-04 17:06:56.372658	u/smexymexybeast	fmfskas	u/agopaluni	fmeoc7t	C
2020-04-04 17:10:17.749945	u/KnightoftheCrow	fmfsl45	u/Whines90	fmfo8mg	C
2020-04-04 17:11:33.688499	u/fordfan919	fmfslm0	u/FloydFan4Lif	fmfnf9y	C
2020-04-04 17:12:18.552570	u/myglasscase	fmfslp8	u/Shamic	fmeuxzs	C
2020-04-04 17:13:46.285054	u/spicyrefrigerator	fmfslvk	u/okboomer16	fmfsk1e	C
2020-04-04 17:14:47.111807	u/chickencat1108	fmfsm8w	u/Eislieferant1	fmfrcxd	C
2020-04-04 17:15:30.598029	u/spicyrefrigerator	fmfsmdj	u/Zbunjeni_Batcat	fmfsjrh	C
2020-04-04 17:16:21.821049	u/I-am-a-cuttlefish	fmfsmkr	u/katya006	fmfpixb	C
2020-04-04 17:16:50.799639	u/specterx0	fmfsmq9	u/brohemianrasputin	fmfra6h	C
2020-04-04 17:18:01.039191	u/alejandrorf_	fmfuae0	u/GravityFallsChicken	fmfk15w	C
2020-04-04 17:20:05.769152	u/22huesofbleu	fmfuaoo	u/PenguinWithAglock	fmfhqyf	C
2020-04-04 17:21:41.952385	u/Mr_Smithie	fmfubdq	u/jargondonut	fmftpxg	C
2020-04-04 17:23:08.089966	u/ChargedFirefly	fmfubwo	u/Sunny4k	fmfub4r	C
2020-04-04 17:30:01.927034	u/mekawasp	fmfue0o	u/MrBootch	fmfjitc	C
2020-04-04 17:30:55.145650	u/R3d_H0und	fmfuek6	u/Universalistic	fmfu16e	C
2020-04-04 17:31:09.641130	u/DavidZweg	fmfuer9	u/greatking6009	fmf5xol	C
2020-04-04 17:33:36.040760	u/harsterr	fmfvqb8	u/MountEverfresh53	fmf3k8r	C
2020-04-04 17:33:58.814898	u/s-y-n-t-h	fmfvqce	u/Tihanos	fmfjo49	C
2020-04-04 17:34:27.407174	u/misterpoopybuttholem	fmfvqge	u/educated-emu	fmeilhi	C
2020-04-04 17:35:29.478697	u/Donutboy562	fmfvqxy	u/GameIsMyName12	fmfuzjc	C
2020-04-04 17:36:36.293132	u/LumiPlaysYT	fmfvr98	u/NintendoStation4	fmfvnqp	C
2020-04-04 17:38:55.636602	u/Comicbookta	fmfvrxq	u/BeNbUcKToO	fmfb9sf	C
2020-04-04 17:40:24.518501	u/MrTully23	fmfvss3	u/DM_If_Feeling_Sad	fmforup	C
2020-04-04 17:42:16.903575	u/Comicbookta	fmfvti2	u/Black_Dragon_SAGE	fmfexxc	C
2020-04-04 17:46:17.218604	u/Blank_Cipher	fmfvux4	u/-RED4CTED-	fmfu6o2	C
2020-04-04 17:47:06.284494	u/ChaoticGrain103	fmfvv96	u/R3d_H0und	fmfvigd	C
2020-04-04 17:50:03.875064	u/WellHelloThereHuman-	fmfvwj0	u/alphonae	fmf36w9	C
2020-04-04 17:52:06.344516	u/yungwangstaff	fmfvxbu	u/EpicMemer100	fmfvrbf	C
