2020-04-08 04:00:51.988175	u/NahushShetty	fmrqxx8	u/OofManUwUOwO	fmrqh4g	C
2020-04-08 04:00:56.227713	u/Bodiaf	fmrqxxl	u/Eggboi0	fmrix74	C
2020-04-08 04:01:26.564721	u/MovableSugar40	fmrqyhw	u/Meatball_Manhunt	fwyhb9	S
2020-04-08 04:01:45.101302	u/AviationGamerX	fmrqynz	u/potato430	fmrhrcx	C
2020-04-08 04:02:20.859550	u/DayDreamz007	fmrqyxw	u/skduter	fmq1tlt	C
2020-04-08 04:02:34.842503	u/leafjuice339	fmrqz2d	u/RussianDuck24	fmrk6i7	C
2020-04-08 04:03:30.723463	u/Hobo_KK	fmrqzxh	u/rymoplays	fmrkejt	C
2020-04-08 04:03:51.705990	u/DzonitheKotur	fmrr04w	u/Leviticoh	fmo6sb4	C
2020-04-08 04:04:00.949378	u/hangre_et_hot_dog	fmrr08l	u/OofManUwUOwO	fmrqh4g	C
2020-04-08 04:04:16.644985	u/KadenceK	fmrr0fr	u/Bruh_Bot_	fmrqa3y	C
2020-04-08 04:04:54.200907	u/Hungry-and-mad	fmrr0qg	u/Bruh_Bot_	fmrpl8b	C
2020-04-08 04:05:20.977492	u/doubleyoueye	fmrr12z	u/DivvyDivet	fmre66s	C
2020-04-08 04:06:45.991644	u/BigChungisIsKingKRoo	fmrr2me	u/Anonymous02n	fmrmo5c	C
2020-04-08 04:07:14.133348	u/Awashpolecat901	fmrr30d	u/Bruh_Bot_	fmrmdtc	C
2020-04-08 04:07:50.135222	u/ghostwithskate	fmrr3n7	u/skduter	fmq1tlt	C
2020-04-08 04:08:37.441199	u/ErfMaGerf	fmrr4ed	u/leaderofthevirgins	fmqwsme	C
2020-04-08 04:09:26.287288	u/it-is-ii	fmrr5fz	u/georgepdfguy	fmrqlri	C
2020-04-08 04:10:05.565763	u/screamsofpain	fmrr6fg	u/lazy_potato_07	fmpx3ww	C
2020-04-08 04:10:15.481162	u/i_exist_to_die	fmrr6jf	u/Kind-Pop	fl3zlqu	C
2020-04-08 04:11:28.900483	u/PolderMeneer	fmrs1pk	u/starman9009	fmrpxa5	C
2020-04-08 04:11:34.134935	u/Tubbeyelk	fmrs1r6	u/BigSkuu	fmrrs0l	C
2020-04-08 04:12:07.967685	u/thatguyfromxbox	fmrs27z	u/Shotplay24	fmrrz6m	C
2020-04-08 04:12:16.901244	u/Fnaf12345678910fan	fmrs2a9	u/Rednaz_Ekttam	fmrrxj1	C
2020-04-08 04:13:54.093728	u/failuretogame	fmrs3s5	u/starman9009	fmrpxa5	C
2020-04-08 04:13:58.156503	u/MihneaCucu	fmrs3uu	u/extremepervert	fmrrkua	C
2020-04-08 04:14:59.536106	u/PsyduckLvl101	fmrs4na	u/Sustali	fmrowxw	C
2020-04-08 04:15:39.121511	u/moGiaco29	fmrs53c	u/MarFinitor	fmrnt6o	C
2020-04-08 04:15:48.247718	u/bassmeeseeks	fmrs5ab	u/NUBEM4STER69	fmrs17f	C
2020-04-08 04:16:09.790787	u/findabetterusername	fmrs5hy	u/LonelyPole	fmqx5ly	C
2020-04-08 04:17:08.244723	u/moGiaco29	fmrs69c	u/MarFinitor	fmrs5ki	C
2020-04-08 04:17:11.793398	u/chaitanya_mittal	fmrs6et	u/rymoplays	fmrkejt	C
2020-04-08 04:17:26.301741	u/Misky-IDK	fmrs6pi	u/Tigerz_G	fmrrsqz	C
2020-04-08 04:18:07.681336	u/pussyrider69420	fmrs7gp	u/MihneaCucu	fmrs23l	C
2020-04-08 04:18:14.865540	u/myanngo	fmrs7k8	u/Sir_Nicholas_4	fmrnhxl	C
2020-04-08 04:18:32.628868	u/Papip-chan	fmrs7ux	u/yfar06	fmrpfpe	C
2020-04-08 04:18:34.173983	u/not_fake_am	fmrs7wt	u/drecognis	fmrrszx	C
2020-04-08 04:19:13.694330	u/StoneyBaloney37	fmrs8o1	u/theforgottenmemer	fmrq0fk	C
2020-04-08 04:19:46.547233	u/tijmennemjit	fmrs98d	u/bringthecum69	fmrrwez	C
2020-04-08 04:19:49.083609	u/GarytheGOATLyon	fmrs9dv	u/DwergNout	fmrratb	C
2020-04-08 04:19:50.397433	u/wildfirebill	fmrs9g9	u/addy__2463	fmrrvx8	C
2020-04-08 04:19:50.933103	u/asjons69	fmrs9gv	u/kyronyt	fmrn4fe	C
2020-04-08 04:19:51.338068	u/josebert_	fmrs9il	u/DatFisheBoi	fmrqvkc	C
2020-04-08 04:19:51.773372	u/incrediblemarv	fmrs9io	u/Misky-IDK	fmrs6pi	C
2020-04-08 04:21:07.248656	u/mrSundew	fmrsa64	u/A-_-Crusade	fmrprn4	C
2020-04-08 04:21:15.483067	u/Yellowchapel	fmrsad8	u/observendespise	fmrs2va	C
2020-04-08 04:21:17.730285	u/RSgarcia88	fmrsaek	u/Bruh_Bot_	fmro3pp	C
2020-04-08 04:21:20.001932	u/Kuufutarou	fmrsafm	u/QWERTYAjay	fmrrv3y	C
2020-04-08 04:21:54.339561	u/JJmanbro	fmrsary	u/adenboio	fmrpp9i	C
2020-04-08 04:21:58.337900	u/memelord_matz	fmrsas4	u/NUBEM4STER69	fmrs618	C
2020-04-08 04:22:19.754811	u/Anubis_idk	fmrsb08	u/Theonewithaknife	fmrs46g	C
2020-04-08 04:22:58.408884	u/Zarcon4778	fmrsbl1	u/thatguyfromxbox	fmrs6fg	C
2020-04-08 04:23:53.186726	u/McToasty207	fmrsbyu	u/KentConnor	fmrbmd9	C
2020-04-08 04:24:15.281859	u/ConceptEagle	fmrsc9h	u/Bruh_Bot_	fmro3pp	C
2020-04-08 04:24:20.170587	u/coffeewithparanoia	fmrscdd	u/J_NUGZ	fmrqlrw	C
2020-04-08 04:24:22.830814	u/agapedazai	fmrscdv	u/l_v_l_s	fmrsa6l	C
2020-04-08 04:24:34.558469	u/Sp00pywolf54	fmrscl0	u/sburrito	fmrq8pn	C
2020-04-08 04:25:43.927912	u/Drexate1995	fmrsd3o	u/bringthecum69	fmrsa0m	C
2020-04-08 04:25:55.526448	u/stevenbriggscomedy	fmrsd4f	u/mrsuns10	fmrq4rt	C
2020-04-08 04:26:51.588196	u/zarbmat69	fmrseg5	u/SmudgeTheCatt	fmqtpse	C
2020-04-08 04:27:30.088059	u/Royale_Junior	fmrsf9c	u/NOTZawp	fmrps50	C
2020-04-08 04:27:37.609071	u/LykaiosYT	fmrsfcu	u/Thomas041905	fmr9dw3	C
2020-04-08 04:28:26.776589	u/iamadirtymop	fmrsgag	u/SmudgeTheCatt	fmqtpse	C
2020-04-08 04:28:35.520699	u/kawaiiiblobfish	fmrsgds	u/leafjuice339	fmrqz2d	C
2020-04-08 04:29:20.212866	u/0_Triple_B_0	fmrsgv9	u/Sykfootball	fmrib03	C
2020-04-08 04:29:52.306288	u/Holmgeir	fmrsh2w	u/candy-dealer123	fmrbsko	C
2020-04-08 04:29:52.808448	u/KhoaNguyen2002	fmrsh5b	u/Etenox	fmqv61k	C
2020-04-08 04:30:16.636158	u/random_0000	fmrshj7	u/RepostSleuthBot	fmrpbeh	C
2020-04-08 04:30:36.636958	u/koldimon	fmrshqf	u/Eggboi0	fmrez1r	C
2020-04-08 04:31:09.068615	u/daddypine	fmrsi2z	u/RedditTaco11	fmrbtsl	C
2020-04-08 04:31:27.923862	u/mohamed12349	fmrsi7j	u/HackTech10	fmrsh8w	C
2020-04-08 04:31:36.065281	u/bloeber	fmrsi9j	u/EliNNM	fmrihwx	C
2020-04-08 04:32:50.121852	u/wwatson24	fmrsj9g	u/DoomRider2354	fmqb3in	C
2020-04-08 04:34:08.188367	u/Aviaja-Maria	fmrsk8p	u/123_im_anti_lgbt	fmrpqi3	C
2020-04-08 04:34:10.937552	u/TheFlyingOven2pointO	fmrsk8w	u/CharlyMcChaples	fmrsjf2	C
2020-04-08 04:35:05.131139	u/Cody96boy	fmrsl53	u/pussyrider69420	fmrs8eu	C
2020-04-08 04:35:55.957409	u/Jdcounter01	fmrsm4i	u/itsonecooldude	fmrgv1w	C
2020-04-08 04:36:12.163587	u/michael123425	fmrti97	u/kyleclay25	fmrthne	C
2020-04-08 04:36:57.898909	u/SparkyLight7	fmrtinx	u/Respect_Paying_Bot	fmrtghy	C
2020-04-08 04:37:01.686340	u/tainttickl3r	fmrtioa	u/AsianRookie	flb152y	C
2020-04-08 04:37:06.472858	u/poisonous_potatos	fmrtiqy	u/gaygarfeild3	fmrgucj	C
2020-04-08 04:37:37.654556	u/Duderelax1872	fmrtj1r	u/taiger4791	fmrt96o	C
2020-04-08 04:37:40.314471	u/GreyGhostReddits	fmrtj2x	u/pizzaking95	fmrj6zq	C
2020-04-08 04:37:45.219003	u/cida_hanal	fmrtj8g	u/CloppyTheClopper	fmrtho7	C
2020-04-08 04:37:47.079615	u/Kuwaitiy	fmrtjd2	u/loopsbrother2903	fmrt07e	C
2020-04-08 04:38:09.453897	u/BehaardeKat	fmrtjn0	u/Breinbaugh	fmrnu9z	C
2020-04-08 04:38:10.656994	u/AidsMan69-24	fmrtjnr	u/Smooth_Pimpz	fmrj14r	C
2020-04-08 04:38:12.975027	u/ratliver	fmrtjpc	u/NahushShetty	fmrqxx8	C
2020-04-08 04:38:15.122180	u/Ravioliraviolitvff	fmrtjqd	u/Mr-Schiggy	fmrtikx	C
2020-04-08 04:38:21.088561	u/Hitler_Walrus	fmrtjvh	u/Siris-Inidite	fmrpbbt	C
2020-04-08 04:38:49.307777	u/latinawolfy	fmrtki6	u/ghatos_france	fmr9uel	C
2020-04-08 04:38:56.626981	u/MysterMys	fmrtknt	u/Corwin_AE	fmrtdzn	C
2020-04-08 04:39:13.789067	u/I_LoveFrogs	fmrtl0x	u/TheNonchalantZealot	fmq0i4a	C
2020-04-08 04:39:15.023392	u/sovietsock	fmrtl7c	u/SykoSeth	fmpzhxi	C
2020-04-08 04:39:16.311783	u/aroseisaroseisabitch	fmrtl89	u/Minh1905	fmronxy	C
2020-04-08 04:39:17.505895	u/Lubaka_Ubi	fmrtlba	u/lolgamer719	fmrsbq3	C
2020-04-08 04:39:18.658917	u/nubbieduck	fmrtlbs	u/Ravioliraviolitvff	fmrtjqd	C
2020-04-08 04:39:23.807649	u/Ben-Be-chillin	fmrtlk7	u/kydan1	fmq9yxm	C
2020-04-08 04:40:34.473096	u/D3SP3R4T3	fmrtmi3	u/luijkanic	fmrijfd	C
2020-04-08 04:40:54.075198	u/8163819266819	fmrtmsh	u/AnotherLifeform	fmrthao	C
2020-04-08 04:42:04.082356	u/waterbottlememes	fmrtn9x	u/DoomRider2354	fmqb3in	C
2020-04-08 04:42:09.274572	u/ur-waifu-sucks	fmrtnbj	u/Finsk_26	fmqgoy2	C
2020-04-08 04:42:13.208574	u/Dofipo	fmrtnd1	u/iHonestlyDoNotCare	fmrre2j	C
2020-04-08 04:42:25.723777	u/Platingamer42	fmrtnh3	u/TGD-Man	fmrrsso	C
2020-04-08 04:42:30.921812	u/Harry-Hiney	fmrtnis	u/dense111	fmrtadg	C
2020-04-08 04:44:01.477978	u/why_can_i_breathe	fmrtokh	u/somekid2161	fmrgc2m	C
2020-04-08 04:44:07.793778	u/I-Broke-My-Old-Phone	fmrtomz	u/Hungry-and-mad	fmrr33z	C
2020-04-08 04:44:29.434672	u/why_can_i_breathe	fmrtouo	u/Redrebelraver	fmrhgi5	C
2020-04-08 04:45:02.615088	u/why_can_i_breathe	fmrtp6y	u/AM4841992	fmrkd85	C
2020-04-08 04:45:13.050006	u/TheKalmTraveler	fmrtpad	u/Saqel	fmrt7y6	C
2020-04-08 04:45:44.516467	u/DeathHymn	fmrtpqg	u/QWERTYAjay	fmrsbg4	C
2020-04-08 04:45:48.392048	u/sjimpansjezus	fmrtps5	u/Kuufutarou	fmrsafm	C
2020-04-08 04:45:50.068798	u/KeysSora	fmrtps0	u/QWERTYAjay	fmrsbg4	C
2020-04-08 04:46:01.501886	u/lukis_luk	fmrtq0m	u/camelcabel	fmrtoez	C
2020-04-08 04:46:05.536753	u/HarshJShinde	fmrtq3c	u/Bruh_Bot_	fmrpl8b	C
2020-04-08 04:46:07.216345	u/plaguepanda34	fmrtq3f	u/Inquisitor-_	fmritgr	C
2020-04-08 04:46:23.970096	u/amnbz	fmrtqd2	u/Hungry-and-mad	fmrr33z	C
2020-04-08 04:46:39.501486	u/racecarreverse	fmrtqj3	u/_Alabama_Man	fmrcp3e	C
2020-04-08 04:46:58.748852	u/CanidWolf	fmrtqvs	u/Magical_Wheelchair	fmrrxgl	C
2020-04-08 04:47:13.064287	u/maaanirgendwashalt	fmrtram	u/HiddenArt_00	fmrqpxt	C
2020-04-08 04:47:24.820773	u/EatButtDrinkNutt	fmrtrqf	u/verbalyabusiveshit	fmrtqiu	C
2020-04-08 04:47:31.653199	u/octavevw	fmrtruj	u/Kuufutarou	fmrsafm	C
2020-04-08 04:47:58.893106	u/Mr_infiknight	fmrtsa2	u/TheKharjo	fmrtpz1	C
2020-04-08 04:48:01.792549	u/Generally_Confused1	fmrtsau	u/Chris-P	fmrtlfr	C
2020-04-08 04:48:07.719733	u/zero-sin_saber	fmrtsf8	u/Minh1905	fmronxy	C
2020-04-08 04:48:42.734751	u/zero-sin_saber	fmrtt6w	u/BOSUZUKU	fmrs00s	C
2020-04-08 04:49:02.235195	u/manny-16	fmrttgv	u/Leviticoh	fmrq4a9	C
2020-04-08 04:49:09.755364	u/thiccpizzaslice	fmrttm6	u/a_human1703	fmrtrzl	C
2020-04-08 04:49:21.487416	u/Donatboy86	fmrttuj	u/QWERTYAjay	fmrrv3y	C
2020-04-08 04:49:40.511236	u/LarryDasLama	fmrtue2	u/zigardzx	fmrtahg	C
2020-04-08 04:49:49.092748	u/AntonBespoiasov	fmrtuo6	u/_dont_do_drugs__	fmrn5xo	C
2020-04-08 04:50:26.310545	u/GeneralKenobi576	fmrtvln	u/Dragonman558	fmrizts	C
2020-04-08 04:52:07.643556	u/AtomCrusher123	fmrtwhv	u/why_can_i_breathe	fmrtpkh	C
2020-04-08 04:52:51.567500	u/YEETEDbanana457	fmrtwym	u/MyJelloJiggles	fmrazvm	C
2020-04-08 04:52:57.440420	u/mattbrows	fmrtwzd	u/QWERTYAjay	fmrrv3y	C
2020-04-08 04:53:06.282359	u/reptile1990	fmrtx53	u/QWERTYAjay	fmrswpi	C
2020-04-08 04:53:25.098404	u/Pokeydoke2004	fmrtxcj	u/StupidRedditorBTW	fmrtckm	C
2020-04-08 04:54:16.594432	u/reptile1990	fmrtxsf	u/reptile1990	fmrtvk2	C
2020-04-08 04:54:26.360756	u/Elkopasto	fmrtxty	u/NathanTBM	fmrtwsa	C
2020-04-08 04:55:56.460100	u/IsmoXD	fmrtynz	u/QWERTYAjay	fmrtb6f	C
2020-04-08 04:56:12.632292	u/ThiccMemer04	fmrunag	u/xScrrapy	fmrul2l	C
2020-04-08 04:56:40.635971	u/rodiboithe2nd	fmrunor	u/Amour4L1fe	fmrumq4	C
2020-04-08 04:56:52.437310	u/mikemaz57	fmrunug	u/starman9009	fmrpxa5	C
2020-04-08 04:56:55.868174	u/hulkkiss	fmrunxx	u/starman9009	fmrpxa5	C
2020-04-08 04:57:16.777096	u/gen3ral_kenobi	fmruocw	u/Ravioliraviolitvff	fmrum8q	C
2020-04-08 04:57:19.263416	u/ah_loon	fmruod6	u/BehaardeKat	fmrumki	C
2020-04-08 04:57:59.732578	u/theshotguntoremyanus	fmrup4b	u/Kalaakaar003	fmrt88f	C
2020-04-08 04:58:02.526620	u/elijahn1812	fmrup7r	u/neon_fart	fmru3ka	C
2020-04-08 04:58:13.123956	u/memeUserEXE	fmrupm1	u/YoungNibletus	fmrslwb	C
2020-04-08 04:58:40.754321	u/Gr0ode	fmruq3c	u/Sykfootball	fmrhj1c	C
2020-04-08 04:58:42.466775	u/Shawrex	fmruq5g	u/TheAvalanchilator	fmrumv1	C
2020-04-08 04:59:37.030554	u/superhot15	fmrurhq	u/QWERTYAjay	fmrrv3y	C
