2020-03-22 05:00:05.675092	u/Lucas_Quek	fl6fvgx	u/Boiwhosteals	fl6bntf	C
2020-03-22 05:00:08.071536	u/177013_sauce	fl6fvhb	u/odumann	fl6f01p	C
2020-03-22 05:00:30.014188	u/GREEK_FREAK_GIANNIS	fl6fw6h	u/GoodVibeKnight	fl6fma6	C
2020-03-22 05:00:38.674527	u/Guess-we-did-oopsie	fl6fw8t	u/IDontKnowAskAbel	fl6fff4	C
2020-03-22 05:00:43.303441	u/Aletzelente	fl6fwal	u/Xploiter_RBLX	fl5vh0m	C
2020-03-22 05:00:45.651960	u/AndriusCCA	fl6fwb6	u/GlitterShit23-68	fl6832k	C
2020-03-22 05:01:06.180589	u/dylan_k24	fl6fwvf	u/meljohn22gaming	fl601zi	C
2020-03-22 05:01:09.619564	u/Regga3	fl6fwy6	u/lshqpyari	fl5qs2l	C
2020-03-22 05:01:14.389371	u/Vexinator331	fl6fwzv	u/AutoModerator	fl6fbex	C
2020-03-22 05:01:16.723422	u/Niconater27	fl6fx1u	u/GoodVibeKnight	fl6frtg	C
2020-03-22 05:01:35.909090	u/Dwaas_Bjaas	fl6fxea	u/meljohn22gaming	fl6d0m2	C
2020-03-22 05:01:54.525671	u/RyanGaming21	fl6fxrj	u/I_like_the_abuse	fl63vst	C
2020-03-22 05:01:56.807199	u/Jay4325	fl6fxtf	u/T-n-t-lucario	fl66qbr	C
2020-03-22 05:02:09.809085	u/Kons37	fl6fxzg	u/OP_0-0-0_dart_monkey	fl6fxi4	C
2020-03-22 05:02:13.106692	u/10sionCker	fl6fy0s	u/anhydrousahem	fl5udh1	C
2020-03-22 05:02:15.350584	u/Rydher98	fl6fy3j	u/generalmemes128	fl6fwpg	C
2020-03-22 05:02:35.046459	u/MoreThem	fl6fyk4	u/fortpro87	fl609kj	C
2020-03-22 05:02:51.789164	u/HereticalSweetroll	fl6fyut	u/balls69deep	fl68csa	C
2020-03-22 05:02:58.085854	u/vastavik_nik	fl6fz48	u/odumann	fl6f01p	C
2020-03-22 05:03:14.592628	u/creeper467	fl6fzeg	u/HellcatGamer123	fl687ei	C
2020-03-22 05:03:37.447361	u/rishita8	fl6g051	u/destroyergod-obelisk	fl6ff81	C
2020-03-22 05:03:47.848033	u/BionicGryphon	fl6g0b2	u/Lakshya_Reddit	fl6afi3	C
2020-03-22 05:04:00.735286	u/superkaifas	fl6g0fa	u/okbloomer	fl6f0gb	C
2020-03-22 05:04:09.944677	u/jojo772	fl6g0n6	u/Oldmate81	fl67sf5	C
2020-03-22 05:04:13.140046	u/Harry_JPotter	fl6g0ob	u/yeetmeintoablackhole	fl65jbm	C
2020-03-22 05:04:18.253366	u/RaptorRex352	fl6g0rq	u/A_Dead_Meme_21	fl6fvmq	C
2020-03-22 05:04:26.211124	u/shapeless_shape	fl6g0t7	u/meljohn22gaming	fl6co1e	C
2020-03-22 05:04:37.686184	u/bin-aladden	fl6g10j	u/meljohn22gaming	fl6co1e	C
2020-03-22 05:04:39.725623	u/Conegaming21	fl6g10w	u/Kind-Pop	fl3zlqu	C
2020-03-22 05:04:42.743497	u/shaggysfinest	fl6g121	u/arthurba14	fl6ebwz	C
2020-03-22 05:04:45.760342	u/Beep-Boop_is_Satan	fl6g161	u/sirweggen	fl6cmof	C
2020-03-22 05:04:49.865502	u/whooshman69	fl6g17g	u/lshqpyari	fl5ojgm	C
2020-03-22 05:04:54.786536	u/GameSlayerXYZ	fl6g1ba	u/AutoModerator	fl3u1tj	C
2020-03-22 05:04:56.766592	u/ConfusedShibaInu	fl6g1c7	u/AnasKhatri	fl6fj3a	C
2020-03-22 05:05:14.490208	u/PewdsSenpai	fl6g1qk	u/Oldmate81	fl6g1a2	C
2020-03-22 05:05:30.398209	u/Oliupo_123	fl6g21x	u/generalmemes128	fl6g1i6	C
2020-03-22 05:05:41.303550	u/billybeaglelol	fl6g2a6	u/Levi_B3	fl6fkpx	C
2020-03-22 05:05:43.276602	u/thatisweirdisntit	fl6g2a9	u/Kind-Pop	fl3zlqu	C
2020-03-22 05:05:47.204792	u/deepak157	fl6g2c2	u/Kolikoasdpvp	fl6fw19	C
2020-03-22 05:06:02.981562	u/TrueGodRyu	fl6g2ma	u/dovedevic	fl2izeo	C
2020-03-22 05:06:08.718571	u/codboy_07	fl6g2r0	u/dovedevic	fl2izeo	C
2020-03-22 05:06:19.411895	u/samshamei	fl6g32m	u/Sax_N_IceCream	fl629eg	C
2020-03-22 05:06:35.886399	u/dudumm	fl6g3ht	u/pissybaby69	fl4m8bq	C
2020-03-22 05:06:39.500267	u/Skumbob	fl6g3ks	u/Leonidus159	fl66pwy	C
2020-03-22 05:06:43.021975	u/shreydhuper	fl6g3lf	u/xXChhrisXx	fl6ej65	C
2020-03-22 05:06:46.969104	u/Jemimapuddleduck1	fl6g3nb	u/MaximumGPower	fl6f1f6	C
2020-03-22 05:06:58.301639	u/lilundr	fl6g3uv	u/LeonOfTheLion	fl6frpe	C
2020-03-22 05:07:06.385416	u/proshotist	fl6g3yc	u/Gubq	fl5lyk4	C
2020-03-22 05:07:08.287758	u/BeWater87	fl6g3zm	u/meljohn22gaming	fl6g084	C
2020-03-22 05:07:19.007942	u/andy4279	fl6g47o	u/habbnn	fl5m0rs	C
2020-03-22 05:07:22.444304	u/randomcitizen2-0	fl6g491	u/lshqpyari	fl5oq3w	C
2020-03-22 05:07:24.245322	u/ibeshitposting	fl6g4bi	u/Xploiter_RBLX	fl5y5fg	C
2020-03-22 05:07:27.842644	u/exssvv	fl6g4ek	u/sexpulachistol	fl6flu1	C
2020-03-22 05:07:29.610318	u/elovamp1re	fl6g4fz	u/Wheel31	fl5790b	C
2020-03-22 05:07:38.903408	u/Meme_Lord18	fl6g4ud	u/Hemlock_Deci	fl5yvz4	C
2020-03-22 05:07:47.614389	u/EskimoFucker	fl6g512	u/PeteRepeats	fl6fq4c	C
2020-03-22 05:07:51.581291	u/bigchungusisthicc69	fl6g568	u/Kind-Pop	fl3zlqu	C
2020-03-22 05:07:59.369054	u/Infinite091408	fl6g5cz	u/lshqpyari	fl5qqvf	C
2020-03-22 05:08:01.732537	u/LordRhino01	fl6g5ea	u/thekeenspartan	fl66e5d	C
2020-03-22 05:08:33.296163	u/J3sush8sm3	fl6g5zp	u/forkingkillme	fl6e5yy	C
2020-03-22 05:08:47.982731	u/idiototic_creator	fl6g6o2	u/genital_rot	fl6g59a	C
2020-03-22 05:08:59.156866	u/guptsony	fl6g6wo	u/meljohn22gaming	fl6d0m2	C
2020-03-22 05:09:10.821610	u/Dragon4Gaming	fl6g7pl	u/SparxPhoenix	fl6ba1b	C
2020-03-22 05:09:28.554251	u/BoterBram	fl6g897	u/thehollywoffle	fl6dmcm	C
2020-03-22 05:09:31.668363	u/pro_guitarist_aarav	fl6g8d1	u/JusticeFor_Jeb_	fl5p9v1	C
2020-03-22 05:09:33.275293	u/nukeafrica88	fl6g8gn	u/mozzatits	fl5wvxy	C
2020-03-22 05:09:34.371046	u/ENEMY_OF_MUFFIN	fl6g8gw	u/turtlewhowieldspizza	fl6d9oz	C
2020-03-22 05:09:39.380570	u/vanuchiha2	fl6g8mi	u/ShigarakiTomura666	fl6b7mk	C
2020-03-22 05:09:42.354509	u/I_just_say_F	fl6g8ny	u/I_like_the_abuse	fl63vst	C
2020-03-22 05:09:48.232262	u/Mario_Marzian	fl6g8w9	u/Konni531	fl6dt1o	C
2020-03-22 05:09:52.453065	u/gentlebass	fl6g96i	u/GreenBeanToast	fl6fd1b	C
2020-03-22 05:09:53.476816	u/TheEnthisuastAlmanac	fl6g970	u/lshqpyari	fl5oq3w	C
2020-03-22 05:09:54.935197	u/therealbadboy	fl6g9cj	u/DSGHades556	fl6ejim	C
2020-03-22 05:10:11.273944	u/SonOfEternity	fl6ga1r	u/MrSwaggie10188	fl5m5ei	C
2020-03-22 05:10:17.169491	u/YaBoyDonnie	fl6ga3b	u/Sevariys	fl6euon	C
2020-03-22 05:10:23.877435	u/royaldope	fl6ga66	u/phoenix5379	fl6adhk	C
2020-03-22 05:10:43.044573	u/nextgencrapito	fl6gagj	u/AutoModerator	fl651io	C
2020-03-22 05:10:57.341054	u/KidRevenant	fl6gas7	u/ikhas	fl6ffc3	C
2020-03-22 05:11:02.058080	u/selcukbulut	fl6gau7	u/KingOfMemes1233	fl6f0qg	C
2020-03-22 05:11:04.322215	u/Communist-Pooch	fl6gav5	u/NotSoPersonalJesus	fl5p3eg	C
2020-03-22 05:11:06.593325	u/lanicol7	fl6gavf	u/Nhtke	fl6ef26	C
2020-03-22 05:11:09.999860	u/Alan2738	fl6gaxi	u/GETREKTBOI825	fl6g8ia	C
2020-03-22 05:11:35.466301	u/JPmax4	fl6gbaq	u/dovedevic	fl2izeo	C
2020-03-22 05:11:52.956414	u/stenosz	fl6gbju	u/Kind-Pop	fl3zlqu	C
2020-03-22 05:11:56.255402	u/Straydog3002	fl6gblb	u/Vivi-Ornitier	fl6g5vc	C
2020-03-22 05:11:59.598936	u/MassiveDong42069	fl6gblq	u/AutoModerator	fl5ydbw	C
2020-03-22 05:12:01.794116	u/HydrogenFertilizer	fl6gbmd	u/iiCheatr	fl64nve	C
2020-03-22 05:12:20.763214	u/Heat_Hydra	fl6gc1g	u/grass-boi	fl6do1x	C
2020-03-22 05:13:00.643158	u/Solpoteten	fl6gd6t	u/AutoModerator	fl5ydbw	C
2020-03-22 05:13:05.125176	u/siljeeninga	fl6gd85	u/thelonelygenuis	fl672p5	C
2020-03-22 05:13:11.557701	u/lydiavrn	fl6gdav	u/transfermycredits	fl6epg8	C
2020-03-22 05:13:15.188127	u/Loppan35	fl6gdcs	u/wu_whats_thi5	fl6f6d6	C
2020-03-22 05:13:21.475874	u/W1DD3XY	fl6gdid	u/Konni531	fl6gb0e	C
2020-03-22 05:13:38.251896	u/govnoiwuwz	fl6ge0p	u/Kolikoasdpvp	fl6fued	C
2020-03-22 05:14:19.488778	u/pickleboy4513	fl6gerb	u/ApyrZone	fl6gay9	C
2020-03-22 05:14:30.557486	u/Bastian1809	fl6gf14	u/lshqpyari	fl5oq3w	C
2020-03-22 05:14:40.530571	u/joujamis	fl6gf8e	u/RepostSleuthBot	fl6egqn	C
2020-03-22 05:14:55.707904	u/DarkJustRed	fl6gfos	u/odumann	fl6f01p	C
2020-03-22 05:14:58.720775	u/IceZeeKay	fl6gfp8	u/AutoModerator	fl5ydbw	C
2020-03-22 05:15:06.849205	u/Nezuko-Chaaaaan	fl6gg12	u/anhydrousahem	fl5u7py	C
2020-03-22 05:15:08.836879	u/ImNotPlayingFortnite	fl6gg1c	u/wrdlbrimpft	fl6gf3d	C
2020-03-22 05:15:31.358446	u/Nollekowitsch	fl6ggl8	u/LucMegaYoung	fl6450e	C
2020-03-22 05:15:36.177818	u/TheBanthaFodder	fl6ggog	u/justcatt	fl5vfn4	C
2020-03-22 05:15:40.193253	u/DopeYBoI234	fl6ggq5	u/AutoModerator	fl6gc38	C
2020-03-22 05:15:43.048511	u/knottingarope	fl6ggr1	u/braedog97	fl641z7	C
2020-03-22 05:15:57.016757	u/pur3str232	fl6gh36	u/SomeItOneGram	fl62a5z	C
2020-03-22 05:15:58.966278	u/drago5layer64	fl6gh3x	u/Blenderrrowo	fl6cn44	C
2020-03-22 05:16:09.153494	u/greatking6009	fl6ghfn	u/7hbag	fl6d6pt	C
2020-03-22 05:16:20.991535	u/FugFuggy	fl6ghp3	u/spiteprince	fl6ekjc	C
2020-03-22 05:16:23.774065	u/TheKrakenR	fl6ghri	u/ImNotPlayingFortnite	fl6gfft	C
2020-03-22 05:16:31.185920	u/Totally_Temporary	fl6ghyq	u/RocBrizar	fl6a6w7	C
2020-03-22 05:16:39.503713	u/feeling-tits-of-kids	fl6gi1y	u/dovedevic	fl2laxa	C
2020-03-22 05:16:42.181578	u/KaramelSum	fl6gi5s	u/lshqpyari	fl5pq67	C
2020-03-22 05:17:04.823827	u/darrenbrads123	fl6ginn	u/Vivi-Ornitier	fl6g5vc	C
2020-03-22 05:17:12.079992	u/Blacknova17	fl6gius	u/intominers	fl6e9va	C
2020-03-22 05:17:15.683841	u/nerdy1nerd	fl6givo	u/Jelly_Much	fl6727z	C
2020-03-22 05:17:18.399275	u/emmasdrogenbunker	fl6gixi	u/macadamianutterbuttr	fl6bqqo	C
2020-03-22 05:17:21.804439	u/KesterAssel	fl6gizw	u/theocelotslayuh	fl6gghn	C
2020-03-22 05:17:37.211020	u/HaSbAk3d_024	fl6gjh9	u/JK_Jirachi	fl65vfy	C
2020-03-22 05:17:56.538259	u/1234567890111357t	fl6gk6c	u/Deestroy21	fl6cqfg	C
2020-03-22 05:18:14.781193	u/slimnahady	fl6gki6	u/OP_0-0-0_dart_monkey	fl6gil4	C
2020-03-22 05:18:17.147791	u/I_Be_Sayin_Quack	fl6gkk2	u/generalmemes128	fl6gi8b	C
2020-03-22 05:18:26.631666	u/TheReapingMist	fl6gkq3	u/LC_DUBB	fl6f4dp	C
2020-03-22 05:18:31.890424	u/Kirp-The-Birb	fl6gkt7	u/lanicol7	fl6gavf	C
2020-03-22 05:18:37.374188	u/appelboi	fl6gl0a	u/leftshoelace136	fl6cm04	C
2020-03-22 05:18:48.008654	u/elix01	fl6gl8b	u/DABREZA	fl6f10z	C
2020-03-22 05:18:50.050917	u/BracketLess31	fl6gl9x	u/FugFuggy	fl6ghp3	C
2020-03-22 05:18:54.515779	u/DaliSoboslai	fl6glc8	u/HellcatGamer123	fl68j6e	C
2020-03-22 05:18:55.767165	u/Endie-Bot	fl6glce	u/WeebEli	fl689o9	C
2020-03-22 05:18:59.952331	u/HueyVoltaire	fl6glma	u/tagningz	fl6fex4	C
2020-03-22 05:19:06.944145	u/PheonixBoi2225	fl6gly9	u/lshqpyari	fl5oy67	C
2020-03-22 05:19:14.320742	u/-Fischy-	fl6gm4f	u/G-Rod_V2	fl5wzr2	C
2020-03-22 05:19:19.602750	u/Ragangul	fl6gmd8	u/matianakin	fl6e3mm	C
2020-03-22 05:19:25.228721	u/Iron-Blyat	fl6gmj7	u/iiCheatr	fl64kwk	C
2020-03-22 05:19:26.234026	u/Salle21	fl6gmjp	u/lshqpyari	fl5oq3w	C
2020-03-22 05:19:28.839418	u/da_wacker	fl6gmn8	u/chickenlegflipflops	fl6fhtf	C
2020-03-22 05:20:07.333112	u/SquidzYT	fl6goga	u/Kolikoasdpvp	fl6ge36	C
2020-03-22 05:20:19.950599	u/need_for_speeed	fl6gong	u/Korenlh84	fl6duem	C
2020-03-22 05:20:26.844846	u/LazarusTheStarfish	fl6goqk	u/lshqpyari	fl5oq3w	C
2020-03-22 05:20:37.175465	u/MaxiumNOR	fl6gox9	u/arthurba14	fl6ebwz	C
2020-03-22 05:20:50.006373	u/Unholy_Things	fl6gp4w	u/sexpulachistol	fl6gddv	C
2020-03-22 05:20:52.276263	u/morganhjames	fl6gp4y	u/Captivating_Crow	fl6ad3j	C
2020-03-22 05:20:59.513815	u/VaNiSh__	fl6gpaw	u/Ivan-the-bandit	fl6gmus	C
2020-03-22 05:21:27.001416	u/TheLamerGamer	fl6gpph	u/iiCheatr	fl64nve	C
2020-03-22 05:21:37.367933	u/Jami8	fl6gpv7	u/Kolikoasdpvp	fl6ge36	C
2020-03-22 05:21:57.282734	u/dragonmystic92	fl6gq68	u/darrenbrads123	fmwwzp	S
2020-03-22 05:22:05.262264	u/Mayafoe	fl6gqah	u/Downster7	fl6cbbw	C
2020-03-22 05:22:16.362071	u/Spaijdrr	fl6gqj5	u/FirFlyNeo	fl6ek6k	C
2020-03-22 05:22:28.856934	u/ankit_dey	fl6gqsb	u/dovedevic	fl2izeo	C
2020-03-22 05:22:32.207691	u/Tobiwan03	fl6gqvg	u/Korenlh84	fl6g98z	C
2020-03-22 05:22:35.496978	u/lokkiy	fl6gqy1	u/YT_unknowndeatheles	fl6gotw	C
2020-03-22 05:22:52.228302	u/SacredBuster	fl6gr6x	u/yourmomsucks01	fl693en	C
2020-03-22 05:22:55.462132	u/JohnPaulBruh14	fl6gr7i	u/matianakin	fl6e3mm	C
2020-03-22 05:23:00.833021	u/Frostoz04	fl6grce	u/lshqpyari	fl5oq3w	C
2020-03-22 05:23:23.344258	u/lilpeanut47	fl6grmz	u/Pingopenguin21	fl6fvga	C
2020-03-22 05:23:29.485422	u/MyHandleisHandle	fl6grpb	u/meljohn22gaming	fl6gk4h	C
2020-03-22 05:23:34.810366	u/occa26	fl6grtf	u/Downvoted_Avocado	fl6f1rf	C
2020-03-22 05:23:55.946660	u/ThePu55yDestr0yr	fl6gse5	u/Darn1110	fl68o8n	C
2020-03-22 05:24:02.341985	u/j4ck599	fl6gshs	u/Monokuma1230	fl6f36q	C
2020-03-22 05:24:25.761678	u/ColtxKiLA	fl6gsvo	u/Oldmate81	fl6f29q	C
2020-03-22 05:24:38.389481	u/A01K11	fl6gt3c	u/thecatcher1716	fl6cv2x	C
2020-03-22 05:24:42.536489	u/FelixKetchup69	fl6gt7t	u/lshqpyari	fl5ojgm	C
2020-03-22 05:25:15.838367	u/_Tomyx_	fl6gu1o	u/ShigarakiTomura666	fl6b7mk	C
2020-03-22 05:25:28.808998	u/flyingOR3Ofish	fl6gu62	u/generalmemes128	fl6fuck	C
2020-03-22 05:25:31.779922	u/Skystrike7	fl6gu96	u/OakTree1203	fl6fdcv	C
2020-03-22 05:25:40.478837	u/xXEragonTheEldestXx	fl6gulk	u/meljohn22gaming	fl6gqmv	C
2020-03-22 05:25:47.439096	u/Pickman99	fl6gurp	u/Bozulatobu	fl6e77c	C
2020-03-22 05:25:53.242836	u/sethisevilone02	fl6guyh	u/mrpampersisgood	fl6gtpl	C
2020-03-22 05:25:59.719998	u/Jajajappie	fl6gv4m	u/RepostSleuthBot	fl6e2rt	C
2020-03-22 05:26:01.677808	u/gxber_	fl6gv6d	u/APenny-ForA-Thought	fl684ni	C
2020-03-22 05:26:32.830291	u/DylanJay05	fl6gvk8	u/anhydrousahem	fl66bnp	C
2020-03-22 05:26:42.919946	u/ImPartAsian	fl6gvmo	u/Korenlh84	fl6g98z	C
2020-03-22 05:26:44.687002	u/baratil	fl6gvmr	u/ImPartAsian	fl6gsyd	C
2020-03-22 05:26:50.720182	u/FuccTwinkle	fl6gvr7	u/GoAvsGo17	fl68ahz	C
2020-03-22 05:26:56.994354	u/ThePh1l	fl6gvy1	u/coopy19710	fl6g09w	C
2020-03-22 05:28:00.716604	u/EyeOfTheMemes	fl6gxqm	u/abductedpeanut	fl66cly	C
2020-03-22 05:28:14.927055	u/xSzpvla_	fl6gy6k	u/lshqpyari	fl5rkim	C
2020-03-22 05:28:23.160858	u/Sway-Sway	fl6gybp	u/chickenlegflipflops	fl6gehz	C
2020-03-22 05:28:32.806776	u/ZaddR	fl6gyn0	u/Not-a-dark-overlord	fl68h82	C
2020-03-22 05:28:34.165500	u/Wontino	fl6gyn3	u/RepostSleuthBot	fl6gskx	C
2020-03-22 05:28:44.534272	u/curry_on_a_stick	fl6gyw8	u/ConfusedShibaInu	fl6g1c7	C
2020-03-22 05:28:46.473156	u/TheLegendTwendyone	fl6gyyf	u/lydiavrn	fl6gdav	C
2020-03-22 05:28:49.621781	u/LamarjbYT	fl6gz16	u/FTstealth77	fl6gsjo	C
2020-03-22 05:29:06.153865	u/how-to-get-to-sesame	fl6gzqv	u/BracketLess31	fl6gl9x	C
2020-03-22 05:29:10.381810	u/remi1245	fl6gzsq	u/PandaLover135	fl5vl6a	C
2020-03-22 05:29:20.004406	u/Andrew4Head	fl6h085	u/lshqpyari	fl5ojgm	C
2020-03-22 05:29:31.652359	u/Jeff-the-evil-roomba	fl6h0o9	u/iiCheatr	fl64kwk	C
2020-03-22 05:29:36.409948	u/N-word_pass_	fl6h0ty	u/Jay4325	fl6fxtf	C
2020-03-22 05:29:39.073067	u/JadeHasARazorRang	fl6h0w4	u/Lime-Overdose	fl6gqr0	C
2020-03-22 05:29:49.823465	u/NexitStudent	fl6h1ar	u/HereticalSweetroll	fl6fyut	C
2020-03-22 05:29:53.274484	u/Xinq_	fl6h1cf	u/EskimoFucker	fl68xvc	C
2020-03-22 05:29:55.395318	u/iF2ix	fl6h1if	u/Oldmate81	fl67sf5	C
2020-03-22 05:29:57.991943	u/Foobarbar42	fl6h1oy	u/Eren-Eren	fl6eufc	C
2020-03-22 05:29:58.970912	u/imagine1149	fl6h1qz	u/JK_Jirachi	fl65vfy	C
2020-03-22 05:30:07.518765	u/AxolInLEHMON	fl6h1yy	u/vastavik_nik	fl6fz48	C
2020-03-22 05:30:27.225529	u/V5PRISMA	fl6h2mi	u/DeathToTheFalseGods	fl65uyp	C
2020-03-22 05:30:30.671811	u/redstag141	fl6h2re	u/meljohn22gaming	fl6gomr	C
2020-03-22 05:30:44.846662	u/dazori66	fl6h2zm	u/psycho-jester1	fl6bmlf	C
2020-03-22 05:31:08.933998	u/Dynamite51	fl6h41r	u/The_Kilogramo15	fl6db4l	C
2020-03-22 05:31:19.805160	u/sub2_pewdiepie	fl6h4bz	u/dovedevic	fl2izeo	C
2020-03-22 05:31:31.025240	u/chikenella	fl6h4h8	u/MrColdArrow	fl6d67c	C
2020-03-22 05:31:33.306293	u/MaxyNorsky	fl6h4hh	u/lilundr	fl6g3uv	C
2020-03-22 05:32:17.378922	u/domus55	fl6h5qd	u/dylan_k24	fl6grh5	C
2020-03-22 05:32:24.455089	u/Krnvr	fl6h5uh	u/RoM_Axion	fl6e1pz	C
2020-03-22 05:32:27.750656	u/Wuerstchenvika	fl6h5wp	u/toosafelol	fl6bbw7	C
2020-03-22 05:32:43.581552	u/mihabrani	fl6h6ck	u/ChilledSmoke421	fl6gab5	C
2020-03-22 05:33:15.873740	u/ma-ry-c	fl6h72h	u/lilpeanut47	fl6gtj1	C
2020-03-22 05:33:35.480102	u/the-real-kk	fl6h7iz	u/Minegod360	fl6d646	C
2020-03-22 05:33:39.717986	u/obimoreau	fl6h7kp	u/billybeaglelol	fl6g2a6	C
2020-03-22 05:33:48.528049	u/animegirlGrivous	fl6h7nz	u/heftymaus	fl6e4jo	C
2020-03-22 05:34:09.889303	u/AfloatTuba7	fl6h851	u/W1DD3XY	fl6h7gi	C
2020-03-22 05:34:19.663902	u/Crxtals	fl6h8el	u/Jens223	fl6carl	C
2020-03-22 05:34:28.993465	u/_humanFromSpace	fl6h8mv	u/thekeenspartan	fl66e5d	C
2020-03-22 05:34:37.265604	u/Xarfin	fl6h8qo	u/CYKACYKA_BLYAT	fl6ggx3	C
2020-03-22 05:34:41.339793	u/KitchenRoam	fl6h8ur	u/boi1209	fl5wxmu	C
2020-03-22 05:34:55.870027	u/pambe123	fl6h98b	u/govnoiwuwz	fl6ge0p	C
2020-03-22 05:35:01.915318	u/BigGoodWolfe	fl6h9ha	u/lshqpyari	fl5qs2l	C
2020-03-22 05:35:10.319497	u/manantyagi25	fl6h9lx	u/Kind-Pop	fl3zlqu	C
2020-03-22 05:35:18.901118	u/Mrsdefadas	fl6h9pr	u/depressed_german	fl6g5yv	C
2020-03-22 05:35:23.959308	u/nope_it_aint_me	fl6h9tr	u/PeteRepeats	fl6fsko	C
2020-03-22 05:35:35.995255	u/M37r0p13x	fl6ha7i	u/flyingOR3Ofish	fl6gu62	C
2020-03-22 05:36:01.947100	u/SomeGuyCalledLonk	fl6hazk	u/W1DD3XY	fl6h586	C
2020-03-22 05:36:13.890154	u/Char_Lie05	fl6hb5r	u/JK_Jirachi	fl65vfy	C
2020-03-22 05:36:26.682394	u/Heniningiboi	fl6hbim	u/Creeper_LORD44	fl60v2c	C
2020-03-22 05:36:29.418468	u/joemother400	fl6hbjt	u/AVeryVerySadPerson	fl6f1q6	C
2020-03-22 05:36:57.948793	u/pi_chu	fl6hci9	u/govnoiwuwz	fl6ge0p	C
2020-03-22 05:37:20.480958	u/Razeroes	fl6hd93	u/depressed_german	fl6g5yv	C
2020-03-22 05:37:27.370088	u/Nebuka11	fl6hdf0	u/ChilledSmoke421	fl6d8mo	C
2020-03-22 05:37:29.110007	u/noobmaster1208	fl6hdfg	u/lshqpyari	fl5oq3w	C
2020-03-22 05:37:35.807405	u/OfficialHankhill	fl6hdkk	u/Xploiter_RBLX	fl5vh0m	C
2020-03-22 05:37:41.331019	u/JayChaos01	fl6hdp4	u/Hephaestus_God	fl5r2k3	C
2020-03-22 05:37:42.980736	u/Havic_H_E	fl6hdq8	u/ChilledSmoke421	fl6d8mo	C
2020-03-22 05:37:57.564344	u/duo_sonic	fl6he88	u/lolEndgameSucks	fl6a08e	C
2020-03-22 05:38:00.855896	u/peqchyy	fl6heac	u/mrkrabkrab	fl6bd70	C
2020-03-22 05:38:12.275988	u/xEnigma_4	fl6henm	u/J3sush8sm3	fl6hd6f	C
2020-03-22 05:38:24.157387	u/TheEpicStef	fl6hf0j	u/CR4T3Z	fl6fuau	C
2020-03-22 05:38:29.937137	u/Jack-The-Ripper-2	fl6hf3q	u/Xploiter_RBLX	fl5y5fg	C
2020-03-22 05:38:34.604009	u/lemion27	fl6hf8k	u/Iron-Blyat	fl6gmj7	C
2020-03-22 05:38:36.040474	u/Friescest	fl6hf91	u/meljohn22gaming	fl6db4i	C
2020-03-22 05:38:46.430192	u/EpperFiend	fl6hfdc	u/LeenserThomas	fl6hdna	C
2020-03-22 05:38:52.008541	u/SmowHD	fl6hfjr	u/da_angry_bison	fl5ptmg	C
2020-03-22 05:38:55.502676	u/stra1ght_c1rcle	fl6hfsm	u/Guess-we-did-oopsie	fl6fw8t	C
2020-03-22 05:38:59.619886	u/KindlyTech	fl6hfvo	u/Skywalket	fl5xpd6	C
2020-03-22 05:39:01.506995	u/WsDancingParrot	fl6hfwz	u/meljohn22gaming	fl613sg	C
2020-03-22 05:39:02.831235	u/WR0NG_DECISI0NS	fl6hfyo	u/SomeItOneGram	fl62qkz	C
2020-03-22 05:39:10.779756	u/CTT_sub	fl6hg7r	u/AfloatTuba7	fl6h851	C
2020-03-22 05:39:13.822045	u/KekWutt	fl6hg9a	u/animegirlGrivous	fl6hb0w	C
2020-03-22 05:39:15.068903	u/Daviddoeswhoopscoop	fl6hg9p	u/VaNiSh__	fl6gpaw	C
2020-03-22 05:39:17.491177	u/RHODaniel	fl6hgap	u/vikingpirate2	fl5n55l	C
2020-03-22 05:39:23.884726	u/Benzabraa	fl6hgs7	u/generalmemes128	fl6g8rr	C
2020-03-22 05:39:25.092302	u/tonchi490	fl6hgue	u/ChilledSmoke421	fl6f19j	C
2020-03-22 05:39:26.316213	u/OGsubu	fl6hguk	u/MaxiumNOR	fl6gox9	C
2020-03-22 05:39:30.365525	u/FISHfangeri	fl6hgzz	u/iiCheatr	fl5rp5d	C
2020-03-22 05:39:36.176319	u/BOBITRONION	fl6hh66	u/XTheKoolKidX	fl6986s	C
2020-03-22 05:39:45.219690	u/jordan_russell	fl6hhsl	u/_NotSlimShady	fl68vid	C
2020-03-22 05:39:47.462987	u/cpt_oblivion	fl6hhvu	u/ChilledSmoke421	fl6edcz	C
2020-03-22 05:39:56.739249	u/Covert_Ruffian	fl6hibm	u/Grundee_07	fl6dq6t	C
2020-03-22 05:39:58.246070	u/M4rkoz	fl6hieu	u/puffercarrot	fl6exth	C
2020-03-22 05:40:00.428603	u/ignitor810592	fl6hik2	u/Char_Lie05	fl6hb5r	C
2020-03-22 05:40:09.849721	u/FlameJake	fl6hit9	u/lilpeanut47	fl6grmz	C
2020-03-22 05:40:14.761205	u/HunzSenpai	fl6hiv8	u/BOSS_Master7000	fl5si59	C
2020-03-22 05:40:17.101431	u/yannick_marlon23	fl6hivo	u/TerrZzz	fl6ftjf	C
2020-03-22 05:40:20.832910	u/NoOneCares-cmd	fl6hixe	u/LordRhino01	fl6g5ea	C
2020-03-22 05:40:34.209518	u/Brochill1607	fl6hj7s	u/webdog77	fl699lo	C
2020-03-22 05:40:36.700224	u/thedivineapple	fl6hj7y	u/meljohn22gaming	fl5wt2i	C
2020-03-22 05:40:46.016075	u/KingOfTheHillAK	fl6hjda	u/RepostSleuthBot	fl6hc9z	C
2020-03-22 05:41:02.239474	u/Jakob_Send	fl6hjmb	u/JK_Jirachi	fl65vfy	C
2020-03-22 05:41:18.278729	u/quixcalibur69	fl6hjzo	u/Not-a-dark-overlord	fl6d3z2	C
2020-03-22 05:41:22.734632	u/alluh15	fl6hk4t	u/Moudou1937	fl6aqob	C
2020-03-22 05:41:35.887654	u/Tanzmua	fl6hkjl	u/meljohn22gaming	fl6d0m2	C
2020-03-22 05:41:39.185109	u/R178	fl6hkjw	u/Quija5000	fl6hk52	C
2020-03-22 05:41:43.805681	u/oneoneandonethree	fl6hkkg	u/Tru_Drone_Videos	fl62aoe	C
2020-03-22 05:41:48.894630	u/Youredoingitwrongbro	fl6hkoe	u/coltellochiave	fl6f0uc	C
2020-03-22 05:41:58.157002	u/snake0922	fl6hksf	u/imperfectBanana99	fl6hg10	C
2020-03-22 05:42:13.010893	u/jorttimmermans	fl6hl2g	u/GlitterShit23-68	fl5k4qs	C
2020-03-22 05:42:27.492978	u/Cobbydale	fl6hl9b	u/dragonmystic92	fl6h261	C
2020-03-22 05:42:34.071654	u/but_why_is_it_itchy	fl6hld0	u/mixorcist	fl6g3wd	C
2020-03-22 05:42:36.228814	u/SkullCanyon	fl6hlea	u/meljohn22gaming	fl6gx5d	C
2020-03-22 05:42:47.430053	u/Santak1ng	fl6hln4	u/Skystrike7	fl6grfp	C
2020-03-22 05:42:56.580731	u/DaKrimsonKomet	fl6hlul	u/TheLordZee	fl6ee2y	C
2020-03-22 05:43:02.240446	u/YashThebeast	fl6hlyc	u/Iron-Blyat	fl6gmj7	C
2020-03-22 05:43:08.211642	u/Leo_V82	fl6hm1m	u/Denoh444	fl6g4wb	C
2020-03-22 05:43:11.426517	u/SugarJuicex	fl6hm3z	u/MrColdArrow	fl6d67c	C
2020-03-22 05:43:13.550687	u/ReGlock	fl6hm67	u/lilchonk69	fl5sbzn	C
2020-03-22 05:43:18.873618	u/Murmulis8	fl6hm9e	u/SquidzYT	fl6goga	C
2020-03-22 05:43:45.432897	u/Sahil1200	fl6hmq4	u/Sparsebutton922	fl6gsup	C
2020-03-22 05:43:49.138582	u/SneakyRD	fl6hmr6	u/Iron-Blyat	fl6gmj7	C
2020-03-22 05:43:58.641856	u/MemepostorSyndrome	fl6hmv7	u/FuryXeno	fl6dqve	C
2020-03-22 05:44:21.197072	u/Duke_22	fl6hnf3	u/-_N0_-	fl6hfjh	C
2020-03-22 05:44:36.159252	u/jgerarenas9	fl6hnmv	u/TheLordZee	fl6eb7n	C
2020-03-22 05:44:48.362208	u/DiamondSurvivor	fl6hnqp	u/govnoiwuwz	fl6ge0p	C
2020-03-22 05:44:57.574516	u/myhulkheart	fl6hnv8	u/spademanden	fl6hcue	C
2020-03-22 05:45:02.731119	u/Realmineperson20e	fl6ho1r	u/Homonculex	fl69jnm	C
2020-03-22 05:45:12.524941	u/cheenaboii	fl6ho7r	u/HaSbAk3d_024	fl6gjh9	C
2020-03-22 05:45:16.714604	u/0nooneknowsmyname0	fl6hob1	u/Solpoteten	fl6gbh3	C
2020-03-22 05:45:19.694766	u/luca01d	fl6hod4	u/depressed_german	fl6g5yv	C
2020-03-22 05:45:21.684491	u/jasledgend06	fl6hodm	u/JK_Jirachi	fl65vfy	C
2020-03-22 05:45:25.965091	u/ha7man24	fl6hoem	u/N-word_pass_	fl6h0ty	C
2020-03-22 05:45:27.970600	u/100DicksInYourBum	fl6hog2	u/theocelotslayuh	fl6hetu	C
2020-03-22 05:45:36.075036	u/0mcphailm	fl6hols	u/pirouy	fl6f2t3	C
2020-03-22 05:45:39.959085	u/tahirabiniz	fl6hor8	u/AutoModerator	fl6cwtd	C
2020-03-22 05:45:43.809208	u/tejx_01	fl6hosy	u/woodendoors7	fl6hkjv	C
2020-03-22 05:45:45.712892	u/1979billy	fl6hoth	u/JK_Jirachi	fl65vfy	C
2020-03-22 05:46:35.303653	u/6Sleepy_Sheep9	fl6hpzz	u/meljohn22gaming	fl6gu1x	C
2020-03-22 05:46:37.983595	u/DerekChung	fl6hq25	u/lshqpyari	fl5qsdt	C
2020-03-22 05:46:56.869591	u/lordSKULLcRuShr	fl6if6j	u/AutoModerator	fl6i81e	C
2020-03-22 05:46:59.494040	u/Anykla	fl6if8e	u/Joshss1122	fl62uwr	C
2020-03-22 05:47:04.175910	u/burgered-boi	fl6ifc9	u/HereticalSweetroll	fl6ha0b	C
2020-03-22 05:47:12.150991	u/Gsomethepatient	fl6ifhf	u/meljohn22gaming	fl6iedb	C
2020-03-22 05:47:31.799931	u/weebUwU1	fl6ifu0	u/W1DD3XY	fl6ha2z	C
2020-03-22 05:47:34.280039	u/thatsneakeyone	fl6ifvz	u/onlinelink2	fl67flr	C
2020-03-22 05:47:35.970808	u/xjimmiechandelier	fl6ifw8	u/meljohn22gaming	fl6if3i	C
2020-03-22 05:47:40.899224	u/player_zero_	fl6ifx2	u/Sonny-Crockett2	fl6fpya	C
2020-03-22 05:47:48.080591	u/Shut-Up-My-Guy	fl6ig50	u/fungiboi673	fl68ehb	C
2020-03-22 05:47:59.015830	u/ChurchofPancake	fl6igid	u/iiCheatr	fl5tqb0	C
2020-03-22 05:48:06.938810	u/Moist_Structure	fl6igq3	u/born-a-wolf7650	fl6hwhd	C
2020-03-22 05:48:13.399477	u/Dave_The_Owl	fl6igu9	u/Jens223	fl6cadv	C
2020-03-22 05:48:14.969248	u/The2NDComingOfChrist	fl6igv0	u/rascal6543	fl613ea	C
2020-03-22 05:48:16.561128	u/DJason4001	fl6igvi	u/meljohn22gaming	fl6igg0	C
2020-03-22 05:48:23.977952	u/Janine219	fl6igzh	u/AutoModerator	fl5ydbw	C
2020-03-22 05:48:25.465060	u/FallaxFPS	fl6igzn	u/Vivi-Ornitier	fl6ibac	C
2020-03-22 05:48:34.745969	u/dirtylittlecumdrop	fl6ih63	u/RepostSleuthBot	fl6egqn	C
2020-03-22 05:48:38.532366	u/sleepy-potato	fl6ihav	u/Faez-	fl6eo8j	C
2020-03-22 05:48:55.521113	u/3L3M3NT4LP4ND4	fl6ihsq	u/DonutOlympian	fl6i66s	C
2020-03-22 05:49:03.059763	u/dummydumdum420	fl6ihzq	u/FIREBALL07	fl6dl05	C
2020-03-22 05:49:11.172904	u/csmeeko	fl6iidj	u/meljohn22gaming	fl6if3i	C
2020-03-22 05:49:19.358331	u/PoweradePasta	fl6iinv	u/Totally_Temporary	fl6ghyq	C
2020-03-22 05:49:28.368261	u/NoASmurf	fl6iiwh	u/Mohammad927	fl5jzaf	C
2020-03-22 05:49:40.184678	u/a_v_o_r	fl6ijcj	u/Skanktron4000	fl6fn20	C
2020-03-22 05:49:46.290964	u/gizmotim3	fl6ijjh	u/kookoon25	fl6igzr	C
2020-03-22 05:49:55.832540	u/Aranpi	fl6ijy5	u/Nhtke	fl6dn4a	C
2020-03-22 05:49:56.844256	u/PoGioDark	fl6ik1o	u/AutoModerator	fl698au	C
2020-03-22 05:49:58.486400	u/AGoodPerson69	fl6ik79	u/MazieWolf	fl6ac3p	C
2020-03-22 05:49:59.439184	u/Di0V	fl6ikbe	u/DRK-Main	fl6bsyo	C
2020-03-22 05:50:01.434219	u/JoMa25	fl6ikdb	u/Fishingfor	fl4oza5	C
2020-03-22 05:50:04.937730	u/AedeDall	fl6ikf3	u/FUCKING_ELMO	fl5ospp	C
2020-03-22 05:50:09.644360	u/jhidalgo77	fl6ikg5	u/matianakin	fl6e3mm	C
2020-03-22 05:50:25.302143	u/justendmylife892	fl6ikxu	u/FrozenCrickets	fl6h2un	C
2020-03-22 05:50:46.129872	u/FBI_Agent_69	fl6il5p	u/spademanden	fl6hqtg	C
2020-03-22 05:50:48.466012	u/Uncatty	fl6il6t	u/Iron-Blyat	fl6gmj7	C
2020-03-22 05:50:57.857308	u/3BM7	fl6ilfl	u/_AsbestosMan_	fl6bx4n	C
2020-03-22 05:51:13.936083	u/SELLINGMM2	fl6ilp9	u/WhereIsWalmart	fl5g156	C
2020-03-22 05:51:24.197111	u/baNaNaScaB	fl6ilx0	u/selcukbulut	fl6glp2	C
2020-03-22 05:51:50.922115	u/Peacefather	fl6imhn	u/Baniel20002	fl5hqts	C
2020-03-22 05:51:55.356699	u/RyuIsDummyThicc	fl6imj8	u/ItsPringles123	fmx9q2	S
2020-03-22 05:52:12.148638	u/GriffinBorn	fl6imxf	u/Jens223	fl6cadv	C
2020-03-22 05:52:19.493944	u/Reaperrg93	fl6in3l	u/iiCheatr	fl64kwk	C
2020-03-22 05:52:26.318689	u/Star_Wars_123	fl6in6t	u/Loppan35	fl6hwfx	C
2020-03-22 05:52:33.546338	u/kuyawilliam	fl6in97	u/meljohn22gaming	fl6iibu	C
2020-03-22 05:52:35.715159	u/brownbuttman	fl6in9g	u/jocelmania	fl6ghkl	C
2020-03-22 05:52:41.359020	u/spain_ftw	fl6infw	u/RepostSleuthBot	fl6egqn	C
2020-03-22 05:52:50.605992	u/Maru51	fl6inlv	u/packle-kackle	fl6icwn	C
2020-03-22 05:53:17.789931	u/EdmN0ob	fl6io88	u/meljohn22gaming	fl6i62f	C
2020-03-22 05:53:39.755908	u/morethanlegend	fl6iotl	u/Synth131	fl61mp0	C
2020-03-22 05:53:56.520009	u/o0_Doodle_0o	fl6ipb0	u/Dangernoodles9000	fl6ddm2	C
2020-03-22 05:53:58.610888	u/Gamma03	fl6ipbp	u/remi1245	fl6if60	C
2020-03-22 05:54:07.046191	u/datjackson2003	fl6ipgt	u/duo_sonic	fl6igs1	C
2020-03-22 05:54:14.978836	u/papatherm	fl6ippa	u/Korenlh84	fl689wa	C
2020-03-22 05:54:18.254195	u/Foxxleap	fl6ipqn	u/jgerarenas9	fl6hnmv	C
2020-03-22 05:54:23.705659	u/stannya	fl6ipx0	u/dovedevic	fl2eb1j	C
2020-03-22 05:54:26.866986	u/NateTheNooferNaught	fl6ipyh	u/RepostSleuthBot	fl6iosl	C
2020-03-22 05:54:29.923304	u/Salamander_B01	fl6iq06	u/unclerico589	fl3nqtu	C
2020-03-22 05:54:51.639233	u/Pluto0321	fl6iqfl	u/VanillaSketch	fl5l5k7	C
2020-03-22 05:55:02.758454	u/sh_t72	fl6iqqr	u/xEnigma_4	fl6henm	C
2020-03-22 05:55:27.663599	u/-Redstoneboi-	fl6ir8n	u/Crxtals	fl6h8el	C
2020-03-22 05:55:31.705657	u/Ravyn-Heart	fl6irbp	u/Kind-Pop	fl3zlqu	C
2020-03-22 05:55:54.395468	u/redfly2	fl6irtb	u/TooLazyForThat	fl67ipd	C
2020-03-22 05:56:05.718170	u/NoFr33dom	fl6is47	u/FISHfangeri	fl6hu4b	C
2020-03-22 05:56:08.606046	u/Squirtlenator007	fl6is6y	u/Anykla	fl6hpto	C
2020-03-22 05:56:26.682370	u/Lin3zZ	fl6ishp	u/AutoModerator	fl61r4w	C
2020-03-22 05:56:41.272663	u/Iravii280	fl6issy	u/Blenderrrowo	fl6bs4y	C
2020-03-22 05:56:43.123696	u/Eternal-Anxiety	fl6isu3	u/Totally_Temporary	fl6ikct	C
2020-03-22 05:56:45.870442	u/YerboiSplix	fl6isuz	u/0Volvo0	fl6f142	C
2020-03-22 05:56:55.657383	u/fantastich_freidrich	fl6it36	u/packle-kackle	fl6ic5w	C
2020-03-22 05:57:01.055514	u/undoner	fl6it8w	u/Reaperrg93	fl6in3l	C
2020-03-22 05:57:03.771583	u/Lilbearpaws	fl6itbu	u/meljohn22gaming	fl5u81l	C
2020-03-22 05:57:07.560014	u/DAAWNIE	fl6itcn	u/Xarfin	fl6h31c	C
2020-03-22 05:57:09.351574	u/HEBKoolAid3	fl6itcy	u/Jens223	fl6cadv	C
2020-03-22 05:57:17.893497	u/youloveboobs82	fl6itj2	u/zebbojojo	fl6ikb2	C
2020-03-22 05:57:26.501010	u/Mr_PODY	fl6itov	u/OakTree1203	fl6hi1d	C
2020-03-22 05:57:37.485119	u/thumbtack3	fl6itzv	u/Gubq	fl5lg0s	C
2020-03-22 05:57:58.978580	u/fLO2CH	fl6iuch	u/RepostSleuthBot	fl6i0pz	C
2020-03-22 05:58:00.634861	u/ccarl0tta	fl6iucu	u/verygroot1	fl63rew	C
2020-03-22 05:58:04.047875	u/durianmochis	fl6iug7	u/CaptnDogee	fl61ejn	C
2020-03-22 05:58:05.730875	u/TheCuntHunter6969	fl6iuhp	u/Fezy626	fl66s6g	C
2020-03-22 05:58:15.606801	u/jemeriqui24	fl6iunq	u/jgerarenas9	fl6hnmv	C
2020-03-22 05:58:18.804859	u/Elemental-Ninjas	fl6iuq8	u/kushpsuthar	fl6iti8	C
2020-03-22 05:58:27.006310	u/Omar_09	fl6iuwe	u/kookoon25	fl6ikfc	C
2020-03-22 05:58:37.571836	u/MRZARO	fl6iv9w	u/Reaperrg93	fl6in3l	C
2020-03-22 05:58:40.990337	u/gluttonyv	fl6ivc0	u/SPONGEBOB_IS_MY_DAD	fl6coor	C
2020-03-22 05:58:51.303451	u/EVERGREEN1232005	fl6ivkm	u/RepostSleuthBot	fl6itu8	C
2020-03-22 05:58:57.747294	u/DOG_SAVER	fl6ivps	u/lshqpyari	fl5oq3w	C
2020-03-22 05:59:01.832216	u/cooblat	fl6ivqr	u/sh_t72	fl6iqqr	C
2020-03-22 05:59:04.048020	u/SavageTheUnicorn	fl6ivrb	u/NegevExploits	fl5vk2z	C
2020-03-22 05:59:05.510150	u/soojiboy	fl6ivsl	u/NotSoPersonalJesus	fl5p3eg	C
2020-03-22 05:59:09.909994	u/Kiwi427	fl6ivxv	u/lshqpyari	fl5oq3w	C
2020-03-22 05:59:11.399599	u/TheOutcast06	fl6ivxw	u/Wiredos	fl6i146	C
2020-03-22 05:59:21.726908	u/Marcus405	fl6iw45	u/H0mer_Griffin	fl6gl42	C
2020-03-22 05:59:36.203366	u/GiantaObecna	fl6iwnr	u/aaaaa_rxinydxay	fl693k3	C
2020-03-22 05:59:49.810883	u/xXveganadestroyerXx	fl6ix9c	u/MarvelousMan3003	fl69loo	C
2020-03-22 05:59:56.630935	u/FandomTrashForLife	fl6ixjk	u/theartofbored	fl60eaf	C
2020-03-22 05:59:58.033152	u/lukewoodroffe	fl6ixkx	u/Sahil1200	fl6afrz	C
