2020-03-29 01:00:18.485798	u/illegal-eagle-	flt3amg	u/capitalistpiggy22	flstxuh	C
2020-03-29 01:00:20.805002	u/mitchc1985	flt3anj	u/Bruh_Bot_	flt31fr	C
2020-03-29 01:00:34.468035	u/rangereda	flt3b4d	u/racerfree	flt37g7	C
2020-03-29 01:00:47.479757	u/SerketyIcedTea	flt3bnw	u/Funny_Safety	flt2lh7	C
2020-03-29 01:01:09.412685	u/Casey112305	flt3ci2	u/capitalistpiggy22	flstxuh	C
2020-03-29 01:02:09.684801	u/syueny	flt3fbl	u/RepostSleuthBot	flt3b4u	C
2020-03-29 01:02:30.664267	u/Impressive-Spring	flt3g68	u/dnyancho	flsw9kn	C
2020-03-29 01:02:45.476721	u/Zynexion1	flt3gki	u/thezekroman	flsnlzv	C
2020-03-29 01:02:56.650296	u/Imafuckingidiotokay	flt3h25	u/AutoModerator	flsadcc	C
2020-03-29 01:04:03.514915	u/root_b33r	flt3jlc	u/jollygreenscott91	flt3hth	C
2020-03-29 01:04:11.984726	u/jaded911	flt3jtr	u/Cocogenji	flsxvwh	C
2020-03-29 01:04:15.056824	u/Ryhito	flt3jvk	u/PewDieDux	fls9s6p	C
2020-03-29 01:04:35.869633	u/root_b33r	flt3k7e	u/jollygreenscott91	flt3i2q	C
2020-03-29 01:04:39.606925	u/BnhaTokoyami	flt3k83	u/HyruleanBelmont	flt2ooj	C
2020-03-29 01:05:19.073480	u/CrabAppleCheeks	flt3lcj	u/Howz_life2	flsaqak	C
2020-03-29 01:05:21.019253	u/Pumpkinhead3125	flt3lel	u/MAGIC_EYE_BOT	flt3e5q	C
2020-03-29 01:05:43.206538	u/Lost_in_Nebraska402	flt3m7x	u/Bruh_Bot_	flt373o	C
2020-03-29 01:06:08.324733	u/chowsey1	flt3mzr	u/mentalityofacheetah	flt05jl	C
2020-03-29 01:06:33.118793	u/CanadianConfirmer	flt3nqc	u/A_Noobz	flt2xaa	C
2020-03-29 01:06:40.298835	u/da-floofy-birb	flt3o8e	u/jssjonez	flshbb9	C
2020-03-29 01:07:32.645505	u/DanfordThePom	flt3r7a	u/IDontHaveAName99	flt3poy	C
2020-03-29 01:07:34.328320	u/Braksh	flt3r8a	u/ThatWalrusMan	flsev3p	C
2020-03-29 01:07:44.384280	u/iyrtitlate	flt3rhf	u/Xploiter_RBLX	flsbzoi	C
2020-03-29 01:07:49.527157	u/BurdoMurdo	flt3rwr	u/Fuzzy767	flspo26	C
2020-03-29 01:07:56.051588	u/Phoenix6588	flt3s9o	u/lincolnahidge	flsfgqp	C
2020-03-29 01:07:57.660814	u/knight-that-says-ni	flt3sbi	u/CartoonOG	fls8073	C
2020-03-29 01:08:06.409365	u/Tubby-san	flt3sgu	u/i-dont-fuckin-knoe	flt3obe	C
2020-03-29 01:08:09.600350	u/Biotic_plauge	flt3snf	u/LoudGlove	flstyn3	C
2020-03-29 01:08:12.014052	u/knight-that-says-ni	flt3sqn	u/ThatWalrusMan	flsev3p	C
2020-03-29 01:08:14.371463	u/ayoitsjayoh	flt3ss5	u/Germanman76	flslqyn	C
2020-03-29 01:08:20.398477	u/knight-that-says-ni	flt3t2t	u/Pandaa210	fls5w60	C
2020-03-29 01:08:25.493646	u/knight-that-says-ni	flt3thc	u/DecreasingHope	flslabh	C
2020-03-29 01:08:27.046293	u/yourlocalsufan	flt3thl	u/kirsten_angeli	flsm2a0	C
2020-03-29 01:08:30.902683	u/DJSJV	flt3tk0	u/Adam-JustAdam-	flrwrqd	C
2020-03-29 01:08:32.414165	u/michaelmikeymike	flt3tl8	u/LTBT03	flt1i9u	C
2020-03-29 01:08:41.566944	u/knight-that-says-ni	flt3tyq	u/Jay_Is_Not_Here	flsf6on	C
2020-03-29 01:08:59.268978	u/wholesome_pyschopath	flt3utr	u/BananaAttacker	flt3q0b	C
2020-03-29 01:09:04.579887	u/yesmynameisjoe	flt3v23	u/DanfordThePom	flt3rst	C
2020-03-29 01:09:11.089271	u/-Ainz_0oal_Gown	flt3vby	u/GlacialGaming74	flsb7f1	C
2020-03-29 01:09:18.475794	u/SkollTheWolfy	flt3vsl	u/VibraniumDragonborn	fl5nrgn	C
2020-03-29 01:09:19.686412	u/bot_rishabh	flt3vx6	u/nikkiclarke614	flt3tml	C
2020-03-29 01:09:32.200529	u/reflux212	flt3wni	u/xX-Kiki-Xx	flt0s0m	C
2020-03-29 01:09:41.338954	u/Zildjinn	flt3xi2	u/TurtleJenkin	flqw8t4	C
2020-03-29 01:09:42.811355	u/FoxSox4747	flt3xk1	u/BananaAttacker	flt3q0b	C
2020-03-29 01:09:44.208339	u/KleitosD06	flt3xn7	u/bruhmoment126	flt3b0b	C
2020-03-29 01:09:53.290589	u/Fuzz_Beed_	flt3y02	u/DandyDogHead	flsyx81	C
2020-03-29 01:10:02.753941	u/emmygirl81	flt3ybz	u/InnerMousse7	flskuh0	C
2020-03-29 01:11:28.892427	u/UberExodia	flt412g	u/Jackson_Spain	flt1z2z	C
2020-03-29 01:12:53.228845	u/awprophet	flt43ow	u/Lord_CoatRack	flt1s8y	C
2020-03-29 01:12:56.607525	u/The_Purv	flt43p3	u/VibraniumDragonborn	fl5nrgn	C
2020-03-29 01:13:15.341814	u/minibartosz	flt44ks	u/theguy12214	flt41jz	C
2020-03-29 01:13:17.514053	u/Cypher_Psychopath	flt44le	u/Girlsolano	flt044r	C
2020-03-29 01:13:43.993628	u/panghualin2	flt465s	u/DapperBone	flsvll1	C
2020-03-29 01:13:49.536380	u/shaayla	flt469r	u/Salasm227	flt44o4	C
2020-03-29 01:13:54.706277	u/mrbutton57	flt46ij	u/-Ainz_0oal_Gown	flt3vby	C
2020-03-29 01:13:56.840891	u/toxic_panda02	flt46iw	u/thatswhy400	flstsgc	C
2020-03-29 01:14:17.648221	u/Floridavapegod	flt47tk	u/racerfree	flt45wa	C
2020-03-29 01:15:02.172622	u/nacholibre23	flt49h1	u/RepostSleuthBot	flsm5nb	C
2020-03-29 01:15:14.054176	u/OathofFire	flt49za	u/dinus-pl	flt45h3	C
2020-03-29 01:16:01.501200	u/KALIDAS_16	flt4cla	u/nicknack605	flsrcmv	C
2020-03-29 01:16:31.828442	u/nojokem8	flt4e2p	u/nicolas_the_fox	flszrod	C
2020-03-29 01:16:39.230013	u/EGGY_FAM	flt4efn	u/GoldnHead	flsejtr	C
2020-03-29 01:16:46.795714	u/TheDoctorTen	flt4emn	u/ultradude729	flt4cr0	C
2020-03-29 01:16:48.637241	u/flyinggerbilman1	flt4eoc	u/seductive_virgin	flt49u6	C
2020-03-29 01:16:52.325894	u/vaccinemacca	flt4f0l	u/EraKaneki	flt3m31	C
2020-03-29 01:17:06.352728	u/ToniofhouseStark	flt4fij	u/WallyTheWelder	flsngo4	C
2020-03-29 01:17:09.142725	u/kievanrussbanner	flt4fl8	u/RepostSleuthBot	flt33w6	C
2020-03-29 01:17:11.027493	u/daniersy890	flt4fon	u/I_Am_Hacob	fls72f4	C
2020-03-29 01:17:13.803722	u/Codered_27	flt4fu4	u/JodaUSA	flrz8w0	C
2020-03-29 01:17:36.894458	u/Sexy_Asian_Guy	flt4hdj	u/Commando_Steve	flrsiw9	C
2020-03-29 01:17:46.723599	u/ViralNite	flt4hoq	u/ARandonNon	flszrd9	C
2020-03-29 01:18:01.730008	u/ZepplenLives	flt4i4d	u/Acceptable-Feature	flsv0al	C
2020-03-29 01:18:10.128915	u/Arcticzomb	flt4ii6	u/AutoModerator	flrad0k	C
2020-03-29 01:18:15.746465	u/ApneaNotturna	flt4in8	u/fualtyzane	flskg24	C
2020-03-29 01:18:17.430399	u/tstat_321	flt4ing	u/Aeone3	flt12zp	C
2020-03-29 01:18:59.838182	u/moonfantastic	flt4l0q	u/Kind-Pop	fl3zlqu	C
2020-03-29 01:19:12.390516	u/atttyty	flt4lvv	u/jeij2011	flt1tkn	C
2020-03-29 01:19:28.630197	u/ZebrasCanFlyToo	flt4mso	u/RepostSleuthBot	flt46qo	C
2020-03-29 01:19:32.024011	u/Just_Here_To_Agree	flt4mzt	u/Emperor_O_Memes	flru5he	C
2020-03-29 01:20:21.408889	u/The_Kampinghorse	flt4pv1	u/fualtyzane	flt2imt	C
2020-03-29 01:20:44.051912	u/LCLMS	flt4qjq	u/fualtyzane	flszg4e	C
2020-03-29 01:21:08.909531	u/JaheedO123	flt4rae	u/IllustriousInterest8	flt232e	C
2020-03-29 01:21:32.151814	u/TheGay6969	flt4smw	u/flyingshark111	flt46y3	C
2020-03-29 01:21:43.334275	u/Knittingpasta	flt4sx6	u/Cr33per_aww_man	flqfg27	C
2020-03-29 01:21:47.717276	u/JintalJortail	flt4t00	u/theMeatman7	flt2twh	C
2020-03-29 01:21:52.181676	u/Dreadd05	flt4t49	u/fualtyzane	flt3d64	C
2020-03-29 01:22:01.624717	u/kinkasho	flt4tba	u/fualtyzane	flr4f0j	C
2020-03-29 01:22:06.659709	u/strikersama	flt4teg	u/knight-that-says-ni	flt3sqn	C
2020-03-29 01:22:08.917426	u/strikersama	flt4tej	u/knight-that-says-ni	flt3sqn	C
2020-03-29 01:23:02.435394	u/goatnoiseboy	flt4uth	u/santasbigwhitebeard	flt4qgs	C
2020-03-29 01:23:40.150673	u/Niggophobia	flt4vy1	u/Ariend51	flt250d	C
2020-03-29 01:23:53.427527	u/TempestLevelThreat	flt4wdo	u/FriendlyLies	flt4tc0	C
2020-03-29 01:24:00.799595	u/Corwin_AE	flt4wkz	u/lupodipy	flsw96v	C
2020-03-29 01:24:08.240323	u/jaisaitu	flt4wse	u/Crazy_Kaycam	flt3982	C
2020-03-29 01:24:16.335563	u/PuglAndAmusement	flt4wyl	u/I-Like-Your-Moves	flt4qvx	C
2020-03-29 01:24:18.394945	u/Iamherethatsnoice	flt4wzd	u/Dank_Peanut	flt3p36	C
2020-03-29 01:24:26.789838	u/Serpentshand1	flt4x7r	u/kinky_bot_	flstzce	C
2020-03-29 01:24:54.745647	u/Orkili	flt4y1d	u/energizeghost	flt2xwz	C
2020-03-29 01:25:10.931954	u/eat_new_kids	flt4ynh	u/NaturallyFrank	flt3ett	C
2020-03-29 01:25:22.640520	u/alpha_sinner	flt4ysg	u/xX-Kiki-Xx	flsytb3	C
2020-03-29 01:25:24.585865	u/wrenlove64	flt4ytg	u/Arcticzomb	flt4leq	C
2020-03-29 01:25:32.447861	u/Minecool75	flt4z0j	u/Common-Reporter	flsoo2b	C
2020-03-29 01:25:42.017648	u/watergorl	flt4zek	u/Mississauga49	flt1uor	C
2020-03-29 01:25:47.668301	u/__Dada__	flt4zlj	u/Funny_Safety	flt2sr8	C
2020-03-29 01:25:51.560257	u/wrenlove64	flt4zsc	u/Pando9owastaken	flt4qlr	C
2020-03-29 01:25:54.512673	u/Moon_-_Runes	flt4zyw	u/Respect_Paying_Bot	flt3ybr	C
2020-03-29 01:26:20.958197	u/wrenlove64	flt516h	u/xXEragonTheEldestXx	flt4eic	C
2020-03-29 01:26:24.979523	u/custosangelus	flt51a4	u/Ariend51	flt250d	C
2020-03-29 01:26:33.326216	u/heyheyheyitsme12322	flt51hu	u/AutoModerator	flt4x22	C
2020-03-29 01:27:17.060584	u/Twoid98	flt533f	u/i-dont-fuckin-knoe	flt3fg4	C
2020-03-29 01:27:39.918216	u/calidipanes	flt540t	u/TinyTBigBoi	flt1nu8	C
2020-03-29 01:27:54.570046	u/sssmartin98	flt54kc	u/Bruh_Bot_	flt4ul9	C
2020-03-29 01:27:59.608220	u/OnlyTimelineStanding	flt54t8	u/trackdown2oo5	flt4tf6	C
2020-03-29 01:28:02.835778	u/McNugg3t_024	flt54ww	u/Eatmydonkey1	flst18g	C
2020-03-29 01:28:22.389188	u/knumbknuts	flt55wq	u/lazarbeamsmemer	flt50da	C
2020-03-29 01:28:28.890161	u/McNugg3t_024	flt56cn	u/McNugg3t_024	flt54ww	C
2020-03-29 01:28:37.437579	u/My-Dick445	flt56n8	u/EntertainersPact	flt38sy	C
2020-03-29 01:28:40.375105	u/faurwigs	flt56u2	u/DeadMan-Walkin	flt3iz6	C
2020-03-29 01:28:50.670515	u/DIE_KOEKIE	flt575b	u/KFORQUER	flsqd0l	C
2020-03-29 01:29:11.959731	u/katammaha	flt58gv	u/ggdabs	fqup44	S
2020-03-29 01:29:18.656695	u/mrsh1thappens	flt58t3	u/SkyDragon978	flsmlep	C
2020-03-29 01:29:20.411525	u/Red-German-Crusader	flt58z8	u/xXEragonTheEldestXx	flt55cd	C
2020-03-29 01:29:42.065796	u/R3DFOX01	flt5aja	u/z932074	flt0vsa	C
2020-03-29 01:29:43.569681	u/Someguy242blue	flt5ao3	u/knight-that-says-ni	flt3sbi	C
2020-03-29 01:29:45.865769	u/violetsinspring	flt5b5f	u/Charo214	flsn2qz	C
2020-03-29 01:29:50.934151	u/random_weeb_3	flt5bsk	u/daniersy890	flt537r	C
2020-03-29 01:29:53.354009	u/uss-Enterprise92	flt5byt	u/ThatYellowElephant	flsd27q	C
2020-03-29 01:29:57.009016	u/dehydrated_water0_0	flt5cju	u/xXEragonTheEldestXx	flt57h5	C
2020-03-29 01:30:44.439799	u/lackingAssCells	flt5eu2	u/kgiurtino	flt1ifp	C
2020-03-29 01:31:12.772885	u/Blacklooneytune	flt5fml	u/BonnieEggs12	flt0lc3	C
2020-03-29 01:31:45.239550	u/peoplearewierduknow	flt5gm6	u/ww3veteranLevel99	flt5ff5	C
2020-03-29 01:31:49.930086	u/Lordofthememes4_20	flt5gpz	u/memer414gamer	flsfvoa	C
2020-03-29 01:32:00.323125	u/unknown1true	flt5h5i	u/ThatYellowElephant	flt53zv	C
2020-03-29 01:32:07.024260	u/_-Al	flt5hl5	u/knight-that-says-ni	flt3v0h	C
2020-03-29 01:33:08.276700	u/fuel-dark	flt5jtz	u/CAEZARLOV	flt34wf	C
2020-03-29 01:33:15.203715	u/Dinokale47	flt5k51	u/PewDieDux	fls9s6p	C
2020-03-29 01:33:17.365463	u/SirFloofen	flt5k52	u/WilliamRoblox01	fr07of	S
2020-03-29 01:33:21.793716	u/rahul_c_v	flt5k8d	u/jdwjeremy28	flt5iwq	C
2020-03-29 01:33:31.259044	u/Microbe_boi	flt5kso	u/da-floofy-birb	flt3o8e	C
2020-03-29 01:33:33.423450	u/St0rmFrog	flt5kv2	u/IdentityTheft02	flsx57u	C
2020-03-29 01:35:06.552758	u/wedstrom	flt5oab	u/Corwin_AE	flt4qhl	C
2020-03-29 01:35:14.563569	u/Bubblepoppin_	flt5odo	u/Funny_Safety	flt3f1u	C
2020-03-29 01:35:17.583641	u/durag777	flt5ogx	u/Kind-Pop	fl3zlqu	C
2020-03-29 01:35:26.948273	u/whippey	flt5ote	u/xX-Kiki-Xx	flt465v	C
2020-03-29 01:35:32.971985	u/sidman612	flt5p2e	u/xXEragonTheEldestXx	flt4vrl	C
2020-03-29 01:35:46.320681	u/Eagleye2504	flt5pgi	u/zildjianvaleros	flt58gu	C
2020-03-29 01:35:54.992151	u/Fang26	flt5pmf	u/Lock_RX	flsjqw9	C
2020-03-29 01:36:08.463721	u/theninjagamer62	flt5q2e	u/thezekroman	flsnlmt	C
2020-03-29 01:36:27.175576	u/efisiolol	flt5qip	u/CAEZARLOV	flt349q	C
2020-03-29 01:36:48.342403	u/lachietheboss68	flt5rca	u/BluPandaTV	flt41y8	C
2020-03-29 01:37:02.142176	u/mechamanstudios	flt5rlk	u/Spandxltd	flt5k5u	C
2020-03-29 01:37:12.903657	u/lachietheboss68	flt5sai	u/fuel-dark	flt5jtz	C
2020-03-29 01:37:15.473841	u/Benpoolexe	flt5ses	u/FHG1220	flt5fcy	C
2020-03-29 01:37:18.005577	u/Whyyouread1	flt5sis	u/custosangelus	flt51a4	C
2020-03-29 01:37:24.243699	u/timmiaattheq42	flt5ssz	u/jayguy101	flsw4dq	C
2020-03-29 01:38:14.735821	u/csnowrun31	flt5w4w	u/bubbleboysdad	flt5sl7	C
2020-03-29 01:38:24.276713	u/14YrOldOnReddit	flt5wha	u/SirShrekTheBrave21	flt5tf9	C
2020-03-29 01:38:42.912349	u/acidic_akali	flt5xop	u/fualtyzane	flskwcj	C
2020-03-29 01:38:45.049075	u/MRaccoon5	flt5xz0	u/seductive_virgin	flt5cn7	C
2020-03-29 01:38:48.212429	u/YeetSkillet	flt5y2s	u/rugbymanDan	flp3rjp	C
2020-03-29 01:39:00.438054	u/MrMcDoperson	flt5yr1	u/lucyfer12re	flt34fp	C
2020-03-29 01:39:02.379359	u/d9743Y49	flt5yu7	u/queqsi_bebis	flt19ui	C
2020-03-29 01:39:06.875855	u/aarlington	flt5yxw	u/i-dont-fuckin-knoe	flt5n9a	C
2020-03-29 01:39:32.786126	u/MEBBAR	flt60ep	u/Ironwill922	flskw1v	C
2020-03-29 01:41:12.533447	u/AkilleezBomb	flt63wx	u/ggdabs	flt5hn0	C
2020-03-29 01:41:38.364523	u/grvupd1988	flt64y9	u/Conservative-Mexican	flsfeep	C
2020-03-29 01:42:07.709935	u/NukeTheSalSauce	flt63d3	u/kievanrussbanner	flt4iju	C
2020-03-29 01:42:14.211147	u/SlothLipstick	flt65b1	u/Aegi	flstqsa	C
2020-03-29 01:42:28.794192	u/le_senator	flt660h	u/bubbleboysdad	flt5sl7	C
2020-03-29 01:43:25.429909	u/setanddrift	flt687b	u/SavageSewerMermaid	flsrydr	C
2020-03-29 01:43:32.695692	u/thecrying5	flt68w0	u/Ironwill922	flskw1v	C
2020-03-29 01:43:36.000631	u/P3NubButter	flt68y5	u/Firefighter353	flszzn9	C
2020-03-29 01:43:47.320327	u/storvon-flamejizz	flt6990	u/cerealcat2020	flt64uj	C
2020-03-29 01:44:14.113130	u/rxqnx00	flt6a50	u/Rediikid	flt56bd	C
2020-03-29 01:44:17.140305	u/the_ultimate_gae	flt6a8q	u/like___zoinks-scoob	flsvysw	C
2020-03-29 01:44:38.913201	u/czerpak_pl	flt6bcg	u/AcousticCatThing	flt5dyc	C
2020-03-29 01:44:43.207122	u/Khamiri2	flt6big	u/harleyyydd888	fls3kf3	C
2020-03-29 01:45:21.648831	u/sushitank	flt6d98	u/Pandemonium3210	flt4q5a	C
2020-03-29 01:45:31.187710	u/Shut-your-facehole	flt6dsn	u/calidipanes	flt4qpz	C
2020-03-29 01:45:56.110482	u/krehwell	flt6eb6	u/lonewolf124260	flsnj7v	C
2020-03-29 01:46:37.053902	u/derpymango89	flt6g9g	u/Skididilidoodle	flt6fga	C
2020-03-29 01:46:38.888153	u/BooDangItMan	flt6gao	u/Wondervv	flsqfj4	C
2020-03-29 01:46:46.477715	u/Ttodd9	flt6gl5	u/WDYMEANITSTAKEN	flt6es0	C
2020-03-29 01:46:57.743353	u/ok_boomer444	flt6hd0	u/epignessofcows	flsmj12	C
2020-03-29 01:47:02.231368	u/supersquid1000	flt6hje	u/AStupidFuckingRetard	flsnfxv	C
2020-03-29 01:47:04.010912	u/FordSierraLova	flt6hkx	u/yousosus	flt6eau	C
2020-03-29 01:47:26.419248	u/ChildrenWatcher	flt6f6t	u/Kriotik	flt1afn	C
2020-03-29 01:47:28.167071	u/Kaori4Kousei	flt6fvl	u/DerpGaming76	flsr501	C
2020-03-29 01:47:37.897190	u/fescallont	flt6hqu	u/Fernando-SexyMan	flrogrs	C
2020-03-29 01:48:17.125356	u/kitszura	flt6jgi	u/TheBolshevikJew	flsrikq	C
2020-03-29 01:48:26.324227	u/_Sound_Wave_1	flt6jql	u/P3NubButter	flsxpil	C
2020-03-29 01:48:32.661515	u/Wanderer-AK_NotLost	flt6jtx	u/AutoModerator	flt6gsj	C
2020-03-29 01:48:38.899678	u/papa_stalin432	flt6k4y	u/GERMA90	flst918	C
2020-03-29 01:48:49.828877	u/IAmTheMeGuy	flt6kjx	u/ggboi7367890002	flt60mb	C
2020-03-29 01:49:11.713325	u/chilloutjack	flt6mdy	u/Jack-Yow	flqlohm	C
2020-03-29 01:49:27.275098	u/Khouri1	flt6mqt	u/MayoManCity	flsr7rh	C
2020-03-29 01:49:28.451079	u/Zebra_43	flt6mqs	u/vaccinemacca	flt4f0l	C
2020-03-29 01:49:39.319614	u/potatoflaming0	flt6ngp	u/csnowrun31	flt6iuk	C
2020-03-29 01:49:48.514299	u/Exquillity	flt6noh	u/bubbleboysdad	fls8yef	C
2020-03-29 01:49:58.261953	u/CSSBoy01	flt6nqu	u/strikersama	flt4teg	C
2020-03-29 01:50:58.847482	u/ultranoob3927	flt6q2t	u/rnwptbwo	flt69de	C
2020-03-29 01:51:45.771106	u/cj_48	flt6s0b	u/EndMePleaseGodEndMe	flsprpq	C
2020-03-29 01:52:16.590459	u/noocarehtretto	flt6szh	u/CrucifiedTitan	flsxwcg	C
2020-03-29 01:53:17.341446	u/Freezism	flt6v9q	u/JaheedO123	flt4rae	C
2020-03-29 01:54:04.803555	u/cannythink101	flt6wrr	u/energizeghost	flt2xwz	C
2020-03-29 01:54:44.756846	u/Soundwave234	flt6ymu	u/BORORORI	flshnye	C
2020-03-29 01:54:52.581950	u/BossGamer124	flt6yza	u/knight-that-says-ni	flt6yau	C
2020-03-29 01:55:03.885497	u/Just1ntransit	flt6ze8	u/kievanrussbanner	flt4j14	C
2020-03-29 01:55:06.834978	u/bigpigion	flt6zj4	u/ZepplenLives	flt4i4d	C
2020-03-29 01:55:27.435164	u/ComradeMajor19	flt70gv	u/Warhammer55	flt6ljd	C
2020-03-29 01:56:22.287755	u/Not_a_Robot__69420	flt72hc	u/WDYMEANITSTAKEN	flt6k2h	C
2020-03-29 01:56:31.349310	u/ijustviewstuffmostly	flt72rm	u/Sigma_Balls1	flsssrk	C
2020-03-29 01:56:44.498277	u/Piggy_The_Sensei	flt7341	u/AutoModerator	flncxfn	C
2020-03-29 01:57:19.758861	u/MilkyQuesadilla	flt747o	u/FordSierraLova	flt6hkx	C
2020-03-29 01:57:58.140464	u/abc123oohbb	flt75z5	u/ehh1209	flt6vc0	C
2020-03-29 01:58:06.844467	u/Caleb556	flt76az	u/BluPandaTV	flt40v3	C
2020-03-29 01:58:11.567437	u/CptnS-fan-Ethan	flt76ie	u/NootNootRecruit_	fcs8ccd	C
2020-03-29 01:58:21.807437	u/MelonBot_HD	flt76o7	u/ultrasin	flsizhm	C
2020-03-29 01:58:25.797248	u/PrizeHamster8	flt76ta	u/Funny_Safety	flt25ky	C
2020-03-29 01:58:35.307954	u/TR6er	flt777s	u/loudasboof	flrxrny	C
2020-03-29 01:58:36.823474	u/massivechickencock	flt7796	u/bazalvid	flt5fxr	C
2020-03-29 01:58:40.493816	u/MaxTheHomie5012	flt77ef	u/RepostSleuthBot	flt6nuv	C
2020-03-29 01:58:52.153658	u/Darth_vader____	flt77u5	u/that-one-guy69	flt75w0	C
2020-03-29 01:59:23.756925	u/rosietheamazon	flt797d	u/ThatYellowElephant	flt5pjq	C
2020-03-29 01:59:28.247496	u/69itsamemario69	flt76w3	u/DarthTheo	fls9hx4	C
