2020-04-07 20:01:01.628821	u/JulMax24	fmqnxa3	u/LordRhino01	fmqm275	C
2020-04-07 20:01:26.800767	u/yourmomsnutsarehuge	fmqnxsu	u/terry-the-tanggy	fmqm67u	C
2020-04-07 20:03:21.589687	u/ubutfromthefuture	fmqnzbu	u/RepostSleuthBot	fmq3pi1	C
2020-04-07 20:03:38.231490	u/Spec1reFury	fmqnzu9	u/ThunderingSacks	fmofeuv	C
2020-04-07 20:04:22.130505	u/Caleb2103	fmqo0m3	u/DunsparceDM	fmqnwy5	C
2020-04-07 20:04:23.947414	u/ThisMightBeLoss	fmqo0nm	u/ProudRavenclaw24	fmqmm30	C
2020-04-07 20:04:38.861949	u/Bigthigheduncle	fmqo0se	u/djbrain86	fmp9wve	C
2020-04-07 20:05:09.580683	u/GonkMaster66	fmqo0vk	u/FeelingSauce305	fmqnsto	C
2020-04-07 20:05:13.118925	u/Joaoredes	fmqo0wq	u/Scott_johnson5j	fmqieo7	C
2020-04-07 20:05:24.995796	u/Vequinha	fmqo1ab	u/woodendoors7	fmqnjyh	C
2020-04-07 20:06:01.884048	u/ProbablyNotMoses	fmqo21h	u/Doubletap-v02	fmqmro8	C
2020-04-07 20:06:54.165166	u/firey_piranha	fmqo2zy	u/Memelord11816	fmql1d4	C
2020-04-07 20:07:27.790511	u/silasliles	fmqpmlz	u/McWillerb7	fmq29i9	C
2020-04-07 20:08:06.648486	u/Randomhistoryfacts	fmqpn30	u/QWERTYAjay	fmqpkfc	C
2020-04-07 20:09:04.236479	u/JamesRickii	fmqpogp	u/Username-Taken-01	fmqplek	C
2020-04-07 20:09:31.993874	u/PyroArul	fmqpp5m	u/H0mlezz	fmqk2e2	C
2020-04-07 20:11:31.473337	u/poopiescoops	fmqpr95	u/Scott_johnson5j	fmqieo7	C
2020-04-07 20:13:16.181343	u/lichen__	fmqpt3y	u/Icemasterkevin	fmqhpv1	C
2020-04-07 20:13:47.528476	u/BakeNShake99	fmqptgr	u/mal-Fn	fmpzeap	C
2020-04-07 20:14:58.969918	u/GekoIsYeet514	fmqpung	u/HorridChoob	fmqnmd9	C
2020-04-07 20:18:36.595099	u/Georgeinthebushes	fmqpxw5	u/SpoiledMilkTheLegend	fmqpvop	C
2020-04-07 20:18:41.585810	u/Meliodas-wrath-sin	fmqpy7g	u/MyNameIsAnonymous1	fmqm4ca	C
2020-04-07 20:19:51.072961	u/Codeviper828	fmqpzrj	u/_GR8HAIR_	fmqpvwp	C
2020-04-07 20:20:29.004634	u/thereader4eva	fmqq1bq	u/SouthRabbit	fmq3vap	C
2020-04-07 20:21:05.682428	u/DuckyRMX	fmqq1o5	u/Hands4Dayz	flafhyh	C
2020-04-07 20:21:14.156377	u/hagotteem6	fmqq1oz	u/Scott_johnson5j	fmqieo7	C
2020-04-07 20:22:18.141868	u/Logan0924	fmqq2jl	u/bitch-ghost	fmqky9q	C
2020-04-07 20:22:21.235246	u/Erik-P99	fmqq2jn	u/mal-Fn	fmpzeap	C
2020-04-07 20:23:11.640926	u/Notsellingcrap	fmqq3jj	u/endmaker	fmqc7zo	C
2020-04-07 20:24:01.153492	u/thef-ckyoucantgive	fmqq48l	u/s432711	fmqhem2	C
2020-04-07 20:24:03.145253	u/Codeviper828	fmqq4b7	u/CheezyChicken1	fmpakp1	C
2020-04-07 20:24:32.894893	u/romanticpanda	fmqrbth	u/ByzantineLegionary	fmo3yas	C
2020-04-07 20:24:35.796715	u/Nhughes1387	fmqrbyv	u/badpak023	fmqqlby	C
2020-04-07 20:26:23.516421	u/KaleUmbra	fmqre8p	u/PEST1LENCE_77	fmqrcw4	C
2020-04-07 20:26:26.397291	u/FrostBite878787	fmqre91	u/bitch-ghost	fmqkszn	C
2020-04-07 20:26:29.670180	u/skootamatta	fmqrebf	u/JakeTheFlamingo	fmqrbm3	C
2020-04-07 20:26:34.084458	u/soliev	fmqreg3	u/mal-Fn	fmpzeap	C
2020-04-07 20:26:35.742561	u/noclip27	fmqregm	u/a_spooky_boi	fmnlzqe	C
2020-04-07 20:26:41.881073	u/Treehousekid2	fmqrekc	u/Cthulhujack451YT	fmqr4om	C
2020-04-07 20:26:47.312078	u/-Nimmy_Jewtron	fmqreux	u/Deviliant1	fmqfv28	C
2020-04-07 20:26:52.952310	u/JEAFCommander	fmqrf0y	u/jrubin04	fmqcnkz	C
2020-04-07 20:27:27.283309	u/JarRa_hello	fmqrfnl	u/Vequinha	fmqmjnc	C
2020-04-07 20:28:24.697926	u/MessyElephant94	fmqrgj9	u/CipherDoc34	fmqc7zb	C
2020-04-07 20:28:33.429204	u/MetalPrincess91	fmqrgxu	u/Maggot2017	fmq6owi	C
2020-04-07 20:29:18.280075	u/bigdreamslittledick	fmqri1h	u/stickycreamcheese	fmq04ja	C
2020-04-07 20:29:22.938224	u/titaniumcobra75	fmqriic	u/Walmart_kid65	fmq6agx	C
2020-04-07 20:29:30.024922	u/IrisherGT	fmqriku	u/Dinomite35	fmpzkst	C
2020-04-07 20:29:47.371022	u/Treehousekid2	fmqrj0c	u/Cthulhujack451YT	fmqrghf	C
2020-04-07 20:29:48.641266	u/Mental1998	fmqrj2a	u/Scott_johnson5j	fmqieo7	C
2020-04-07 20:29:49.204531	u/iforgotagainwtf	fmqrj4s	u/mal-Fn	fmpzeap	C
2020-04-07 20:30:32.442551	u/NOMENxNESCIO	fmqrjm8	u/Penguinatee	fmqrc69	C
2020-04-07 20:31:17.865699	u/Trevor_Lehman	fmqrjzl	u/Scott_johnson5j	fmqieo7	C
2020-04-07 20:31:55.693721	u/Layla_Drowend	fmqrkcc	u/giddygnu	fmqgm6a	C
2020-04-07 20:32:39.025927	u/-god-gamer-	fmqrku2	u/Scott_johnson5j	fmqieo7	C
2020-04-07 20:33:07.258141	u/mositBEANS	fmqrl9m	u/NavSada	fmqi5wd	C
2020-04-07 20:33:24.687897	u/GarrukZendikar	fmqrlkr	u/DoomRider2354	fmqb3in	C
2020-04-07 20:33:51.107427	u/mokuzai_	fmqrlth	u/mal-Fn	fmpzeap	C
2020-04-07 20:34:10.092203	u/tt3mp0rrarry	fmqrlzy	u/mal-Fn	fmpzeap	C
2020-04-07 20:34:34.441603	u/DemonicEva	fmqrmdo	u/captnbass	fmq6aaa	C
2020-04-07 20:35:32.746092	u/uensinehdjnehsh	fmqrn4p	u/PriceTag184	fmqg0y2	C
2020-04-07 20:36:13.554450	u/UserASDD23e48	fmqrnog	u/mr_anonymous85	fmqrlbb	C
2020-04-07 20:36:19.916606	u/MrcarrotKSP	fmqrnsm	u/LenoxSpeed	fmpz076	C
2020-04-07 20:36:33.427957	u/KingOfTheGoobers	fmqrnw5	u/ina_raw	fmpyadb	C
2020-04-07 20:36:53.774792	u/Buttpooper1989	fmqroeh	u/mal-Fn	fmpzeap	C
2020-04-07 20:36:57.665485	u/lildeerslayer	fmqroj9	u/EpperFiend	fmo9u9t	C
2020-04-07 20:37:29.079259	u/Authrya	fmqrp23	u/benusberg	fmqjts2	C
2020-04-07 20:37:31.998815	u/UnknownAcc_	fmqrp4i	u/Scott_johnson5j	fmqieo7	C
2020-04-07 20:37:46.485671	u/OnyxSpirit	fmqrpjq	u/Tengam15	fmqf61y	C
2020-04-07 20:38:04.485865	u/namur2	fmqrppp	u/Scott_johnson5j	fmqieo7	C
2020-04-07 20:38:17.479255	u/bbbianna	fmqrq2z	u/ehgwdf	fmqgcy8	C
2020-04-07 20:38:19.734171	u/Buttpooper1989	fmqrq6y	u/L0P1T05	fmq7055	C
2020-04-07 20:38:25.500488	u/HyperPanda55	fmqrqlw	u/najaka324	fmqlvkt	C
2020-04-07 20:39:09.021970	u/8-bit-Great-bit	fmqssrw	u/2JDestroBot	fmq6mt1	C
2020-04-07 20:39:34.709180	u/krolevsky22	fmqst48	u/skduter	fmq1tlt	C
2020-04-07 20:40:15.664437	u/The_HammBon3r	fmqstrf	u/skduter	fmq1tlt	C
2020-04-07 20:40:30.684642	u/Dat_Llama274	fmqstyf	u/Ediblemilk	fmqepqj	C
2020-04-07 20:41:02.071918	u/CarrotSoldier	fmqsujh	u/scoobymax	fmpza1k	C
2020-04-07 20:41:25.995979	u/T-rex-mex	fmqsura	u/RepostSleuthBot	fmqsemf	C
2020-04-07 20:43:36.480141	u/mulv1336	fmqswuh	u/potato_bagel06	fmqa6rq	C
2020-04-07 20:43:54.655740	u/DrFrankenstein337	fmqsx9h	u/Ant_TKD	fmqr2de	C
2020-04-07 20:44:29.381652	u/TheGameCruiser	fmqsxj9	u/El-Chip	fmqssv9	C
2020-04-07 20:45:42.593880	u/MiketannerS19	fmqsy51	u/Quailpower	fmpth9u	C
2020-04-07 20:48:03.724070	u/root_0f_all_cause	fmqsz88	u/ScoopyPoo	fmqsrvs	C
2020-04-07 20:48:16.216362	u/negative_ricardo	fmqszb1	u/2JDestroBot	fmq6mt1	C
2020-04-07 20:49:21.035708	u/mbh63	fmqszxu	u/PillCosby_87	fmqh69h	C
2020-04-07 20:49:29.040691	u/ttmob	fmqt02k	u/KnifyMan	fmq9lxi	C
2020-04-07 20:49:36.673575	u/__Null_	fmqt06m	u/T8BG	fmqsnbx	C
2020-04-07 20:49:39.289535	u/HunterMusicLover	fmqt0en	u/stickycreamcheese	fmq04ja	C
2020-04-07 20:49:42.577566	u/Lmonman	fmqt0wg	u/Hutch25	fmqsy0j	C
2020-04-07 20:50:28.073301	u/Quazerbomb	fmqt1aj	u/AutisticBeeArmada	fmqpplb	C
2020-04-07 20:51:48.367955	u/Vizkarra	fmqt1s8	u/skduter	fmq1tlt	C
2020-04-07 20:52:04.955148	u/andrija23	fmqt1yj	u/SykoSeth	fmqqwc4	C
2020-04-07 20:52:50.869785	u/Global-Dragon	fmqt2ki	u/spring_springer	fmqbb38	C
2020-04-07 20:52:52.937206	u/cookiemanreborn	fmqt2l1	u/candy-dealer123	fmqsm5n	C
2020-04-07 20:53:10.188898	u/ShiggaTron	fmqt2tn	u/Thatguyisyoulol	fmq27m0	C
2020-04-07 20:53:13.277377	u/Mr_Klazakizov	fmqt2xp	u/thanosgnomecardo	fmqsvhz	C
2020-04-07 20:54:34.376843	u/Mokarma1	fmqu7jc	u/XxFallenAshesxX	fmqrup3	C
2020-04-07 20:55:10.957907	u/ZeroCharistmas	fmqu7xo	u/_Totally-Not-A-Spy_	fmqhy5o	C
2020-04-07 20:55:54.400926	u/itsnotyourfaultiminv	fmqu872	u/ProudRavenclaw24	fmqsfog	C
2020-04-07 20:56:40.722476	u/Lfhcisco00	fmqu8pt	u/DarthJJAbrahams	flafpo4	C
2020-04-07 20:57:15.782694	u/Sheeperham236	fmqu9ib	u/soobledoo	fmqfxps	C
2020-04-07 20:58:41.581987	u/Mousie093	fmquayp	u/-The-Goose0-	fmpx5we	C
2020-04-07 20:58:58.415357	u/DylanSwitzer	fmqub17	u/SmudgeTheCatt	fmqtpse	C
2020-04-07 20:59:16.008250	u/Potato1288	fmqubdq	u/skduter	fmq1tlt	C
