2020-04-13 17:00:20.011339	u/K-Loaf	fnb9b97	u/FlyingDuctape	fnb966t	C
2020-04-13 17:00:25.699336	u/NinjafighterGaming	fnb9bhj	u/johnnyghost1	fnb931o	C
2020-04-13 17:00:58.440078	u/Evilolive12	fnb9d9q	u/Emperor_O_Memes	fnb1br4	C
2020-04-13 17:01:12.385382	u/LowKeyAmigo	fnb9dn4	u/KidNigma	fna0l28	C
2020-04-13 17:01:51.696784	u/ADarkenedHeart	fnb9f59	u/photopunk101	g0rdh7	S
2020-04-13 17:03:53.880396	u/Glock_Crusader	fnb9kjl	u/elhermanobrother	fnawq09	C
2020-04-13 17:04:02.199412	u/bruhbruhjames1	fnb9l02	u/ImmortalSheep69	fn4po0b	C
2020-04-13 17:04:31.343786	u/Jasper_borgers777	fnb9m2p	u/N1NJAREB0RN	fnb77l5	C
2020-04-13 17:04:44.245807	u/TrapLordEY	fnb9moh	u/ubdoo15	fnb9fxi	C
2020-04-13 17:05:19.148030	u/reisaerte66	fnb9oee	u/uwantsoysauce	fnb4vnl	C
2020-04-13 17:05:42.398454	u/ChaosCake4505	fnb9pjk	u/nukeafrica88	fnb5ipe	C
2020-04-13 17:06:25.816767	u/imsadb	fnb9r32	u/_UKing_	fnb9j8z	C
2020-04-13 17:06:27.757101	u/makayla_pop	fnb9ra2	u/ubdoo15	fnb9fxi	C
2020-04-13 17:07:01.453163	u/GreyMJ	fnb9soj	u/MoTheEski	fnb59sh	C
2020-04-13 17:07:42.906415	u/thefourthfalsegod	fnb9uet	u/Waluigi-uwu-	fnb9oh0	C
2020-04-13 17:07:46.646344	u/SweegyBoy	fnb9ufs	u/Duckling-The-CEO	fn9w56t	C
2020-04-13 17:07:54.349031	u/dirrein	fnb9v98	u/pingpongplaya69420	fnb76st	C
2020-04-13 17:08:03.060851	u/redditrando33377	fnb9voe	u/I_HATE_LIFE_2	fnb7f98	C
2020-04-13 17:09:10.908290	u/zombie304	fnb9zno	u/the_majestic_fiend	fn9nmmy	C
2020-04-13 17:09:22.395296	u/92u235	fnba0ga	u/zigzagger123456	g0ob59	S
2020-04-13 17:09:26.838086	u/motormouth333	fnba0nc	u/jetijsje	fnatqih	C
2020-04-13 17:09:31.360539	u/Cocacobane01	fnba0sf	u/zigzagger123456	g0ob59	S
2020-04-13 17:09:35.761085	u/Thuganomics_boi	fnba173	u/Raketecom	fnb99e6	C
2020-04-13 17:11:11.265927	u/hjonk-hjonk-am-gooeb	fnba6br	u/Fybonsize	fmfuswv	C
2020-04-13 17:11:16.791276	u/Janglin1	fnba6k4	u/Np0801	fnb79ce	C
2020-04-13 17:11:37.782258	u/xXLlamaPinataXx	fnba7d6	u/Emperor_O_Memes	fnb4x8h	C
2020-04-13 17:11:46.745354	u/CharlotteRavenclaw	fnba82z	u/TheMooderator	fnaelas	C
2020-04-13 17:11:51.445293	u/robindc_93	fnba8cm	u/K-Loaf	fnb9b97	C
2020-04-13 17:13:09.345923	u/iTrash_By_Apple	fnbabkm	u/ThickRick1234	fnb4t29	C
2020-04-13 17:13:42.629975	u/Juice_Sauce_Dressin	fnbad93	u/UseCodeCeedayW2WhyS	fnazndo	C
2020-04-13 17:13:48.654520	u/Mattthew-Todd	fnbadkf	u/Thefriendlydoughboy	fnbabd8	C
2020-04-13 17:13:55.810477	u/Mysteryagent831	fnbadmx	u/GiorgioLeoni	fnb6wkw	C
2020-04-13 17:15:17.388136	u/jessereser	fnbagr4	u/Luker1002	fnbacew	C
2020-04-13 17:16:17.324641	u/AidenKaton	fnbajc2	u/AdamC2003	fnapoa0	C
2020-04-13 17:16:47.666450	u/Raidarbg	fnbake3	u/Kobi2906	fn9o93u	C
2020-04-13 17:16:53.755143	u/ChaseH9	fnbakjo	u/German_Drive	fnat0f9	C
2020-04-13 17:17:16.935694	u/PapaSock	fnbale6	u/jamespond24	fnba3ld	C
2020-04-13 17:17:26.012199	u/d0ntwant2bhere	fnbalwd	u/BigOneSecond	fnavjky	C
2020-04-13 17:18:06.221365	u/lovey4747	fnbanrx	u/SinfulNitWit	fm13fg5	C
2020-04-13 17:18:07.820000	u/ChaseH9	fnbanue	u/GoldenFennekin	fnb9ys3	C
2020-04-13 17:18:19.287421	u/justpassinghereman	fnbaoa8	u/youknowitsfun_right	fnapgjc	C
2020-04-13 17:18:26.792581	u/fokaiHI	fnbaozq	u/JealousDog99	fnan51x	C
2020-04-13 17:18:33.643294	u/kellogkermit	fnbap8s	u/Depressed-Baguette	fnaloon	C
2020-04-13 17:18:50.764466	u/SlxxpY325	fnbaq2y	u/MOSCOWMOSCOW	fnbaj1z	C
2020-04-13 17:19:00.501992	u/Lemah_Vic	fnbaqp2	u/VoidrenRed	fnar0gt	C
2020-04-13 17:19:17.325501	u/Nightwing42081	fnbarxg	u/DaWhiteLight	fnatwy3	C
2020-04-13 17:19:19.140244	u/Tjmader	fnbas0a	u/ubdoo15	fnb9fxi	C
2020-04-13 17:19:56.488600	u/ChaseH9	fnbavhk	u/GoldenFennekin	fnbatcq	C
2020-04-13 17:21:12.154479	u/Tk232_fortnite_MC	fnbaxpq	u/RepostSleuthBot	fnavsyh	C
2020-04-13 17:21:14.675929	u/stfusquad	fnbaxtl	u/AnotherInternetHuman	fnb73ml	C
2020-04-13 17:21:33.156110	u/tinysatan645	fnbayie	u/ubdoo15	fnb9fxi	C
2020-04-13 17:21:36.555599	u/DaWiHs	fnbaylb	u/tepic1	fnaq2u6	C
2020-04-13 17:22:12.754515	u/Angry_Welshman123	fnbazoi	u/JesseJames_37	fnaxq3q	C
2020-04-13 17:22:48.988884	u/junkshark19	fnbb0qg	u/MiniManny321	fnbated	C
2020-04-13 17:22:56.617758	u/ChaseH9	fnbb0v3	u/GoldenFennekin	fnbazqw	C
2020-04-13 17:23:06.654295	u/Calypsosin	fnbb14i	u/ubdoo15	fnb9fxi	C
2020-04-13 17:24:04.651488	u/jameswall20180	fnbb2qz	u/Ankit_Gajjar	fnazb4n	C
2020-04-13 17:24:17.807913	u/ArbitraryEncounters	fnbb33b	u/hiimfunny_1	fnbala2	C
2020-04-13 17:24:44.799674	u/WolfWinter007	fnbb3yd	u/GoldenFennekin	fnb9tz7	C
2020-04-13 17:25:29.163795	u/Lord_LockedPlock	fnbb5i7	u/ZeldaGoodGame	fnb7qpi	C
2020-04-13 17:25:44.266985	u/KiraGoro	fnbb6bq	u/lordhenrythe23	fnb92fv	C
2020-04-13 17:25:55.972843	u/blazing_rage_666	fnbb6qv	u/amemethatded	fnbavnf	C
2020-04-13 17:26:11.149502	u/obliviouswander	fnbb7h0	u/zigzagger123456	g0ob59	S
2020-04-13 17:26:18.710062	u/L3NNY0969	fnbb7uf	u/Potato-duck18	fnbaz21	C
2020-04-13 17:26:57.115240	u/Moist_Attitude	fnbb94w	u/Isolation_Man	fnb4dpz	C
2020-04-13 17:27:03.247033	u/The_Sauce-Boss	fnbb9bc	u/tetra8860	fn8iwdc	C
2020-04-13 17:27:15.016272	u/eeww_that_guy	fnbb9nx	u/ChiefSkonchin	fnahjf1	C
2020-04-13 17:27:36.310253	u/aleus_x	fnbba1l	u/crimsonblood98	fnb4pti	C
2020-04-13 17:28:19.898650	u/Minion_726	fnbbckk	u/GreyMJ	fnb9soj	C
2020-04-13 17:28:22.316361	u/Shivam091	fnbbcnk	u/mr_dolphin69	fna3duh	C
2020-04-13 17:28:55.882747	u/LDLV1986	fnbbe9i	u/harlod-16	fnbaj1n	C
2020-04-13 17:28:58.418172	u/OddProfit7	fnbbej6	u/zakzoutjes	fnb9r2e	C
2020-04-13 17:29:24.841507	u/LDLV1986	fnbbh05	u/SaigoBattosai	fnb93sy	C
2020-04-13 17:29:44.186785	u/Pitbull_Fan_312	fnbbiku	u/makayla_pop	fnb9ra2	C
2020-04-13 17:29:50.542260	u/korb1f	fnbbjh6	u/jack1026army	fnb48l4	C
2020-04-13 17:30:00.042050	u/Santyrios514	fnbbkfw	u/PotatoeTaco43	fnbbe6n	C
2020-04-13 17:30:11.264590	u/Master_JBT	fnbbkvi	u/CowCluckLated	fnbb15n	C
2020-04-13 17:30:49.147260	u/xnlexz	fnbbmmb	u/ubdoo15	fnb9fxi	C
2020-04-13 17:31:02.909887	u/buttcheekjones	fnbbmw5	u/Neelg148	fnbarvp	C
2020-04-13 17:31:09.028591	u/Bendyboi666	fnbbmzb	u/llNewNewll	fnb9mhm	C
2020-04-13 17:31:31.357554	u/TJ_Dq1D	fnbbnr8	u/BeNbUcKToO	fnb57km	C
2020-04-13 17:31:48.591883	u/zFabioz	fnbbonm	u/DrSpinnchen	fnbbldm	C
2020-04-13 17:31:50.911058	u/jreengazzdahs	fnbbopq	u/_joemomma_	fnb4pil	C
2020-04-13 17:32:29.977480	u/Beatboxamateur	fnbbqif	u/WhipTheWhiteBoar	fnbaqrj	C
2020-04-13 17:33:13.876933	u/LoganationYT	fnbbs62	u/Tjmader	fnbas0a	C
2020-04-13 17:34:18.440908	u/Pee_pee233	fnbbup1	u/KritzKriegMM	fnb85sq	C
2020-04-13 17:34:21.457938	u/_Fifty7	fnbbuqq	u/roblox_player69420	fnbbtqo	C
2020-04-13 17:35:15.346740	u/robocowboynerd	fnbbwpp	u/Joey-Drew1927	fnb2xd3	C
2020-04-13 17:35:39.964927	u/Liberty6000	fnbby6m	u/ubdoo15	fnbaxdq	C
2020-04-13 17:35:44.619481	u/Burt__Macklin__FBI2	fnbbyb6	u/Aetheldrake	fnaxq6d	C
2020-04-13 17:36:09.905843	u/MrJC06	fnbbzsx	u/ARNisUsername	g0rw53	S
2020-04-13 17:36:18.483639	u/_plerk	fnbc03o	u/LSonne11	fnb9yhf	C
2020-04-13 17:36:51.212520	u/mhassassin	fnbc0s2	u/EliasEatsPants	fna6psm	C
2020-04-13 17:36:56.506452	u/My_Name_Is_JoeJoe	fnbc0z9	u/remiscellia	fnb33vu	C
2020-04-13 17:36:59.922841	u/MeowingLlama	fnbc12m	u/Tjmader	fnbas0a	C
2020-04-13 17:37:09.798914	u/lninjasinabagl	fnbc1ov	u/BananaBus77	fnaxk6b	C
2020-04-13 17:37:20.393111	u/MeowingLlama	fnbc2bu	u/GreyMJ	fnb9soj	C
2020-04-13 17:37:41.606015	u/Stalins_Boi1	fnbc4c9	u/Muhammedd147	fnb8a99	C
2020-04-13 17:37:58.023976	u/Christianwm7707	fnbc5cs	u/Sdbtank96	fnb66ce	C
2020-04-13 17:37:59.699001	u/_CoinS14_	fnbc5es	u/LKEIII	fnagecz	C
2020-04-13 17:38:11.100702	u/Wheres_my_Shigleys	fnbc5tw	u/DodoFaction	fnbbchj	C
2020-04-13 17:38:20.720569	u/StarWaffe	fnbc68j	u/ubdoo15	fnb9fxi	C
2020-04-13 17:38:36.133106	u/destywolf	fnbc6sx	u/MoTheEski	fnb59sh	C
2020-04-13 17:38:45.092545	u/Luisinwolf	fnbc7dr	u/GamerJeroentje_Yeet	fnbc5lw	C
2020-04-13 17:39:37.380594	u/Guilty21	fnbcb35	u/Obamobile420	fnbam4f	C
2020-04-13 17:40:13.002956	u/mini-tzuyu	fnbe5p5	u/JAKEthesnak46747235	fmr6cel	C
2020-04-13 17:40:49.396435	u/mini-tzuyu	fnbe6ug	u/videogqmes	flg4lb6	C
2020-04-13 17:41:16.722618	u/mini-tzuyu	fnbe7ri	u/juamcaca131313	fmqh37s	C
2020-04-13 17:41:26.765428	u/ScoliosisBoi420	fnbe867	u/Isolation_Man	fnb31lt	C
2020-04-13 17:41:30.403212	u/Gravy_Train_R	fnbe8ep	u/ubdoo15	fnb9fxi	C
2020-04-13 17:41:44.222134	u/mini-tzuyu	fnbe8pv	u/Mr_potatoman25	flj5d5l	C
2020-04-13 17:42:03.260080	u/VHSCopyOfGoodFellas	fnbe94l	u/Scorpion_yeezies	fnbdukc	C
2020-04-13 17:42:10.806418	u/mini-tzuyu	fnbe9eh	u/Jothanos69	fn7a7er	C
2020-04-13 17:42:24.350100	u/FBI-Agent-007	fnbeaaq	u/scientia_analytica	fnatbqq	C
2020-04-13 17:42:30.323369	u/sadistic-salmon	fnbefls	u/freeshuvokudooz	fnbcyox	C
2020-04-13 17:42:46.589178	u/F4uLLty	fnbeg3n	u/Presthevoid	fnbd6fe	C
2020-04-13 17:43:23.622729	u/icy1_trenton_ontario	fnbei0h	u/tearose11	fn7qho8	C
2020-04-13 17:43:34.228607	u/crustybaguette917	fnbeikv	u/GreyMJ	fnb9soj	C
2020-04-13 17:44:29.707908	u/Skyshadow101206	fnbekkp	u/ubdoo15	fnb9fxi	C
2020-04-13 17:44:58.103571	u/NinoxScutulata	fnbelcy	u/Nid5ydr	fn9xqu9	C
2020-04-13 17:45:26.804998	u/satisfactorybee	fnbemiv	u/ubdoo15	fnbc12f	C
2020-04-13 17:45:48.509077	u/MissttressEvilly	fnbeo6x	u/thanos12345635	fnai66b	C
2020-04-13 17:45:57.008563	u/Gill03	fnbeonr	u/Depressed-Baguette	fna9v3f	C
2020-04-13 17:46:02.477608	u/ottonotthotto	fnbeoso	u/brohemianrasputin	fnb8lrn	C
2020-04-13 17:46:10.570845	u/CraziestGaming	fnbep6g	u/subelul	fnbeg0d	C
2020-04-13 17:46:47.870969	u/mailman8330	fnbeqly	u/sampamsambam	fnazmd3	C
2020-04-13 17:47:05.175531	u/allinighshoe	fnberh7	u/Loose_with_the_truth	fnbb78s	C
2020-04-13 17:48:27.243872	u/arnold_schwarzeroni	fnbeuwh	u/ubdoo15	fnbc12f	C
2020-04-13 17:48:39.132556	u/The_breadmaster22	fnbevhf	u/iwanttodieyay	fnb9isd	C
2020-04-13 17:48:43.738426	u/iamikonicz	fnbevtg	u/aShaw1319	fnavfj9	C
2020-04-13 17:49:42.864192	u/priyalkerkar	fnbezvf	u/AlexthePhoenix12	fnbb2e3	C
2020-04-13 17:49:51.032739	u/The_Icy_Sniper	fnbf0t7	u/opinion_overflow	fnbenlg	C
2020-04-13 17:49:51.755178	u/Meme-Yeeter	fnbf0w0	u/Really_Niely1	fnbdj2r	C
2020-04-13 17:49:57.983280	u/ryancuts	fnbf1kb	u/shiddy_alt_account	fnb33di	C
2020-04-13 17:51:15.562291	u/kesteven1	fnbf4ad	u/StretchyBoy2	fnb891e	C
2020-04-13 17:51:35.973377	u/SilverSpade77	fnbf4sj	u/deathbox360	fnb6pqm	C
2020-04-13 17:52:40.022590	u/MyNameIsReddit94	fnbf6ai	u/real_JustinWest	fnb7n3g	C
2020-04-13 17:52:44.274721	u/ethana076	fnbf6da	u/bad_oxymoron	fnbebpu	C
2020-04-13 17:53:06.387610	u/pootpootmcstufin	fnbf7cp	u/Jason_Bourne__	fnb3nxb	C
2020-04-13 17:53:24.709082	u/EvilEighty8	fnbf7sh	u/Ice_Buckets_Official	fnbevj0	C
2020-04-13 17:53:28.906450	u/FelisCatus9	fnbf7zq	u/AlexthePhoenix12	fnbatpz	C
2020-04-13 17:53:40.513671	u/ihimine	fnbf8f0	u/Registeredpedo47	fnbezrp	C
2020-04-13 17:53:54.784953	u/ChopperGunnerNL	fnbf8xo	u/TotallyNotEko	fnazvhn	C
2020-04-13 17:54:22.838216	u/TacvaLoca	fnbfaqt	u/RaDaR_LeviLawliet	fnapqt5	C
2020-04-13 17:54:28.833772	u/spicy_chicken_nachos	fnbfb00	u/redditrando33377	fnb9voe	C
2020-04-13 17:54:50.504646	u/igsohfupifp	fnbfbws	u/notkhaos	fnbf5rg	C
2020-04-13 17:55:22.440987	u/NatureBagel	fnbfcxg	u/GoldenFennekin	fnb9ys3	C
2020-04-13 17:56:14.352864	u/LePequePepe	fnbffdv	u/FraSkywalker	fna517c	C
2020-04-13 17:56:57.341184	u/cwall1447	fnbfh5c	u/Mpdc4	fnan2hb	C
2020-04-13 17:56:59.880995	u/highitsjoel	fnbfh80	u/arnold_schwarzeroni	fnbeuwh	C
2020-04-13 17:57:08.857925	u/Mahootie	fnbfhj2	u/ubdoo15	fnb9fxi	C
2020-04-13 17:57:30.163587	u/Emryid101	fnbfi5u	u/Jason_Bourne__	fnbf8p6	C
2020-04-13 17:58:13.680283	u/Ancard4	fnbfjs8	u/joshuahua23	fnb9v4a	C
2020-04-13 17:58:17.141327	u/helaterdiedofwhy	fnbfjtw	u/jojo-referencer	fnbfgqo	C
2020-04-13 17:58:24.658536	u/Sbares_	fnbfkd1	u/moroccoboi	fnac0s1	C
2020-04-13 17:58:37.841287	u/cig-daydream	fnbfl8o	u/ubdoo15	fnb9fxi	C
2020-04-13 17:59:00.128221	u/cig-daydream	fnbfm81	u/makayla_pop	fnb9ra2	C
2020-04-13 17:59:08.666543	u/helaterdiedofwhy	fnbfmg2	u/Bruh_Bot_	fnbevjj	C
2020-04-13 17:59:12.965258	u/corwinvonchaos	fnbfms7	u/Dullwiii	fnbegs2	C
2020-04-13 17:59:25.253465	u/ultra-potao	fnbfno3	u/raickiey	fnbejex	C
2020-04-13 17:59:48.129369	u/Aasim_123	fnbfpu1	u/David_Wallace_CFO	fnaz6n7	C
2020-04-13 17:59:50.263307	u/somebodygivemeaname	fnbfq6i	u/Juice_Sauce_Dressin	fnbad93	C
