2020-04-02 12:00:14.371877	u/fuelalight_YouTube	fm841qd	u/Pigpenlordofdirt	fm7zs8q	C
2020-04-02 12:00:35.318276	u/sksri	fm842k8	u/Averytallmidge2	fm7zcp7	C
2020-04-02 12:01:11.311365	u/SirZacharia	fm843tk	u/__horsegirl__	ftleoi	S
2020-04-02 12:01:15.864750	u/McafukleWukle	fm843wi	u/baghead08	flxkxtz	C
2020-04-02 12:01:30.557776	u/CloCat17	fm844lq	u/Ermine-Supreme	fm7lbj2	C
2020-04-02 12:02:01.296009	u/NoopLiona	fm845p0	u/I_luv_memes_367	fm82gzz	C
2020-04-02 12:02:33.390304	u/jazzbam	fm846y9	u/wasabipunani	fm4sqnx	C
2020-04-02 12:03:20.557411	u/SpagetBear150	fm848ki	u/Master-of-noob	fm83c3m	C
2020-04-02 12:04:14.458146	u/feelinlucky7	fm84bdo	u/retardedwhiteknight	fm814um	C
2020-04-02 12:04:33.784422	u/PixelRican	fm84clz	u/MrPresidentBanana	fm7gdsl	C
2020-04-02 12:05:07.645296	u/w_a_g_o	fm84e93	u/Snwl_dev	fm7i222	C
2020-04-02 12:05:38.366193	u/webb2019	fm84fpu	u/gnome-cop	fm7ffm1	C
2020-04-02 12:05:53.043752	u/feierlk	fm84gi4	u/nlolhere	fm84104	C
2020-04-02 12:06:02.195951	u/dertroll187	fm84gsw	u/littlefar	fm82d9t	C
2020-04-02 12:06:48.148353	u/Prakyy	fm84ik8	u/maninblakkk	fm7cz4k	C
2020-04-02 12:06:55.709976	u/CI-IAOS	fm84ivw	u/Yourboyfibs	fm83ion	C
2020-04-02 12:06:58.507730	u/Cooldude075	fm84ixe	u/Wave_the_seawing	fm7x37j	C
2020-04-02 12:07:10.199869	u/another_dissapoint	fm84jmj	u/iWill_-DRINCC	fm81fz3	C
2020-04-02 12:08:23.748336	u/Zonien	fm84o4c	u/onellaaayee	fm7zae6	C
2020-04-02 12:08:45.292166	u/Blackman131	fm84piu	u/sgx739_1	fm7ojl9	C
2020-04-02 12:08:49.861784	u/yrogerg123	fm84psi	u/Peternuggett	fm80um6	C
2020-04-02 12:09:11.989089	u/TheFrostyGod	fm84r1q	u/Mohamedraimi96	fm840n4	C
2020-04-02 12:09:17.422021	u/_Zyphis_	fm84rim	u/lilchonk69	fm84qv6	C
2020-04-02 12:09:33.652366	u/WyTerminator-0783	fm84t8s	u/another_dissapoint	fm84jmj	C
2020-04-02 12:09:51.089320	u/cathal_acr	fm86i5u	u/Danksnom	fm80mgx	C
2020-04-02 12:09:58.626459	u/LVNAR_HAWK	fm86j7d	u/Friedeggs15	fm83wpd	C
2020-04-02 12:10:01.500315	u/Im_inappropriate	fm86jem	u/another_dissapoint	fm84jmj	C
2020-04-02 12:10:11.146193	u/badSilentt	fm86jue	u/sweetlylily	fm8125a	C
2020-04-02 12:10:32.114373	u/munadahmed	fm86kh6	u/Skaytacium	fm809sq	C
2020-04-02 12:10:52.899088	u/Zapparoth	fm86l3f	u/aliekrem	fm7nubl	C
2020-04-02 12:12:04.000714	u/YeetusMajor21	fm86pff	u/meanSh1t	fm45sob	C
2020-04-02 12:12:12.862270	u/the_anarchist08	fm86psi	u/aztecazzzy	fm85fbi	C
2020-04-02 12:12:21.509706	u/-GoldenCuddles-	fm86q3f	u/Ylonmemes	fm78leo	C
2020-04-02 12:12:36.278305	u/B3NIE	fm86qnz	u/r34orang	fm83e3m	C
2020-04-02 12:13:21.573778	u/annawest_feng	fm86sdu	u/Fluffy-Boy-UwU	fm845da	C
2020-04-02 12:13:49.845235	u/throw_my_phone	fm86tvo	u/Minty_Flower	fm82dcn	C
2020-04-02 12:14:09.807614	u/LordFarquadOnAQuad	fm86v0m	u/sassy_saracen	fm843lr	C
2020-04-02 12:14:18.751583	u/redit_gold_is4_pedos	fm86val	u/a-Panda-loving-gamer	fm85shw	C
2020-04-02 12:14:27.476824	u/sean_hates_onions	fm86vtp	u/not-recommended	fm81mf3	C
2020-04-02 12:14:35.150854	u/The2500	fm86w1k	u/Fireraptor99	fm7x7zt	C
2020-04-02 12:14:40.548528	u/Jedwa3658	fm86w9o	u/Cthulhuwar1ord	fm86sb0	C
2020-04-02 12:15:25.833532	u/BunnyWarlock100	fm86y2c	u/coconutsDoTooMigrate	fm86iuh	C
2020-04-02 12:15:39.360435	u/axizter	fm86yk6	u/MonsterDimka	fjaqdp2	C
2020-04-02 12:15:41.526915	u/yeeboi111111	fm86yl5	u/ThunderingSacks	ftjjwu	S
2020-04-02 12:15:45.539470	u/BayGullGuy	fm86yn4	u/atehate	fm82yo7	C
2020-04-02 12:16:18.406790	u/I-Dont-Even-Know100	fm870lo	u/Peternuggett	fm80um6	C
2020-04-02 12:16:21.828426	u/omgitsabean	fm870qa	u/hipsteredASMR	fm6qnnd	C
2020-04-02 12:16:29.925159	u/87111111111115104	fm87145	u/wubbaaaa	fm85h8j	C
2020-04-02 12:16:34.431348	u/FryingSauer	fm8716c	u/GCFocused	fm7xvrc	C
2020-04-02 12:16:46.536670	u/BunnyWarlock100	fm871oa	u/The-AR-Kid	fm86yib	C
2020-04-02 12:17:02.760122	u/-b0sss-	fm872jv	u/Piroinmypants	fm7vzvs	C
2020-04-02 12:17:23.487379	u/devilrox	fm873xb	u/randomphiladelphian	fm7x66s	C
2020-04-02 12:17:40.255935	u/MINOSHI__	fm874w1	u/furiousares42	fm7xs9y	C
2020-04-02 12:17:43.593867	u/Izuku14	fm87544	u/brixalot10	fm870do	C
2020-04-02 12:17:45.269020	u/JJamesMorley	fm87565	u/Ze_Rana	fm80nqs	C
2020-04-02 12:18:09.428998	u/Mr--Magoo	fm876e5	u/hamerz2	fm7bh5j	C
2020-04-02 12:18:12.686863	u/HyperGuacamole	fm876hy	u/Ph3n0lphthalein	fm86yql	C
2020-04-02 12:18:19.201573	u/ninjataco911	fm876z4	u/YouHrdKlm	fm86pog	C
2020-04-02 12:18:47.772680	u/anuseter4	fm878og	u/emmotionnal	fm877w8	C
2020-04-02 12:18:53.472140	u/kayb1987	fm878w3	u/christout123	fm86yyl	C
2020-04-02 12:18:58.270257	u/evilfuzzyofdoom	fm87902	u/waltersnickers	fm825gi	C
2020-04-02 12:19:01.630079	u/Demoth	fm879ee	u/Mousezez	fm85thf	C
2020-04-02 12:19:21.285175	u/Softable_Lover	fm87alx	u/BeginReganPalestine	fm8776c	C
2020-04-02 12:19:23.574378	u/jagiibru	fm87apr	u/thericegamer01	fm7wddi	C
2020-04-02 12:19:30.905530	u/Bruh_thats_so_deeep	fm87bg7	u/KB-2	fm7m3yv	C
2020-04-02 12:19:31.973386	u/EduValeriano	fm87bhc	u/datgaminghuman	fm86ra4	C
2020-04-02 12:19:40.032299	u/greakperksof23	fm87chn	u/itdoesntevenmatter3	fm5cjlu	C
2020-04-02 12:19:55.957786	u/bitchboy69420blazeit	fm87dvi	u/9yearsalurker	fm86w1b	C
2020-04-02 12:20:10.406709	u/aDankSpazxtic	fm87eog	u/McBruscar	fm8752z	C
2020-04-02 12:20:33.501974	u/NuclearJesusMan	fm87fx3	u/dylina22	fm8729r	C
2020-04-02 12:20:38.519822	u/SSobberface	fm87g2r	u/a-Panda-loving-gamer	fm85pgo	C
2020-04-02 12:20:44.338327	u/dream-theater1528	fm87g7d	u/PolishYeti	fm7n0dn	C
2020-04-02 12:22:03.257514	u/GB_04	fm87iyu	u/Tepes1848	fm7vik9	C
2020-04-02 12:22:05.510571	u/icecoldfivefold	fm87j15	u/badi1220	fm7l1ls	C
2020-04-02 12:22:25.843317	u/matin1385	fm87kae	u/SaurabhSW6	fm86nh4	C
2020-04-02 12:22:53.920309	u/Thanos_Potter	fm87lp3	u/RepostSleuthBot	fm838fg	C
2020-04-02 12:23:18.399123	u/phattran11e	fm87mkf	u/robin_joker	fm73m97	C
2020-04-02 12:23:47.055278	u/Helmut66BLYAT	fm87nwo	u/RepostSleuthBot	fm83nmh	C
2020-04-02 12:24:27.181539	u/giogio115	fm87pw0	u/Hairbear04	fm873c0	C
2020-04-02 12:24:59.054713	u/Literally_Science_	fm87rbb	u/NowUKnowMyUsername	fm868fd	C
2020-04-02 12:25:15.569019	u/Moelman116	fm87sgw	u/wackadoodle_	ftmaf4	S
2020-04-02 12:25:26.079712	u/MGMasterBlaster	fm87sot	u/mason0427	fm874eb	C
2020-04-02 12:25:36.141926	u/Oat-Salesman	fm87t93	u/arrow100605	fm87hz0	C
2020-04-02 12:25:42.966256	u/2003LexusES300	fm87tdu	u/RepostSleuthBot	fm86lua	C
2020-04-02 12:25:54.699119	u/PencilBoy2006	fm87txo	u/RepostSleuthBot	fm87m5y	C
2020-04-02 12:26:09.832114	u/Berton6969	fm87uj4	u/PesidentDonaldTrump	fm87nql	C
2020-04-02 12:27:45.619200	u/ThierryZeekoe	fm87zrd	u/Patrick_Bot2	fm8558h	C
2020-04-02 12:27:56.354728	u/JohnBalushi68	fm880l6	u/verygroot1	fm7wxzs	C
2020-04-02 12:28:09.808455	u/genz027	fm8812l	u/SoLikeWhatIsCheese	fm7ibjj	C
2020-04-02 12:28:18.323682	u/once_2404	fm881p6	u/StopReadingMyUser	fm86ltt	C
2020-04-02 12:28:41.715971	u/slowerpanther67	fm883tk	u/Shubhanshuprak	fm7vbom	C
2020-04-02 12:29:11.595630	u/Pretzel_Crusader	fm8860s	u/Johnthejelly	fm87qwr	C
2020-04-02 12:29:12.917341	u/Emperor_Cheese	fm8861c	u/digger200	fm884cd	C
2020-04-02 12:29:15.492101	u/MMA1793	fm88653	u/Tzar-Sand-Hanitizer	fm86hk8	C
2020-04-02 12:29:22.119861	u/The-Paldaliator	fm886ky	u/ZXDQ	ftllfq	S
2020-04-02 12:29:44.754699	u/AimZayx	fm888sj	u/Lighty1116	fm83jeu	C
2020-04-02 12:29:47.173983	u/CrazyHades412	fm888yj	u/AutoModerator	fm7nszg	C
2020-04-02 12:29:49.157486	u/Belgian_boy_YT	fm8898r	u/the_mspaint_wizzard	fm8875x	C
2020-04-02 12:29:55.032708	u/bob-mi-boi	fm889wg	u/buzzboy502	fm86c5d	C
2020-04-02 12:29:56.367772	u/TedValentine	fm88a0w	u/varun_mahajan	fm77t5m	C
2020-04-02 12:30:02.924083	u/Madsheep101	fm88ahm	u/badi1220	fm7l1ls	C
2020-04-02 12:30:20.498933	u/THE_UPV0TER	fm88bhf	u/Equivalent-Manner	fm87lcp	C
2020-04-02 12:30:34.643431	u/teletubbierock	fm88bxj	u/Flufypanda	fm889kb	C
2020-04-02 12:30:40.354949	u/OhLawdHeComin4you	fm88caq	u/Cthulhuwar1ord	fm878ez	C
2020-04-02 12:30:45.207251	u/JackVonReditting	fm88ckg	u/Belgian_boy_YT	fm885nl	C
2020-04-02 12:30:53.386289	u/RosePhox	fm88cy0	u/DmMacniel	fm880md	C
2020-04-02 12:31:16.883079	u/Angry__Autistic	fm88djq	u/laxplayer26	fm87170	C
2020-04-02 12:31:26.719456	u/ztodd1	fm88e21	u/ARand0mHuman	fm8246w	C
2020-04-02 12:31:48.834077	u/bannana861	fm88ejj	u/Sawier	fm864f9	C
2020-04-02 12:32:26.725876	u/egocentric_weeb	fm88gqq	u/Merlijn-69	fm86259	C
2020-04-02 12:32:38.271591	u/Memesrthabest	fm88h2n	u/DrBubbleBeast	fm870x3	C
2020-04-02 12:32:41.710544	u/self-hating_hippo	fm88h5t	u/AthelLeaf	fm80g4m	C
2020-04-02 12:33:13.866580	u/daniellll-	fm88ius	u/JoyJoy_	fm85djv	C
2020-04-02 12:33:17.091594	u/captainfactj	fm88j2w	u/___Flex___	flhbaj4	C
2020-04-02 12:33:25.611461	u/Gryphin6	fm88jl5	u/PencilBoy2006	fm87txo	C
2020-04-02 12:34:14.007005	u/Blazing_Apollo89	fm88m62	u/StaleBread-187	fm88bdu	C
2020-04-02 12:34:24.925968	u/Arkangyal02	fm88mzi	u/jojo_morgn7	fm80wtl	C
2020-04-02 12:34:32.357288	u/Mag0_Suprem0_2	fm88n75	u/DedWarrior03	fm820r4	C
2020-04-02 12:35:04.201296	u/KuzonFire11	fm88oxw	u/bigchillsharky	fm79flr	C
2020-04-02 12:35:10.340532	u/Blazing_Apollo89	fm88p4l	u/BinBender	fm88gcd	C
2020-04-02 12:36:47.381570	u/NewApocalypse	fm88v5e	u/squid-o-pine	fm81o0f	C
2020-04-02 12:36:57.728006	u/CharacterRoyal	fm88vla	u/modsarebiggae	fm7mwbh	C
2020-04-02 12:37:00.655868	u/Gunnercel	fm88vsl	u/MAGIC_EYE_BOT	fm88rwh	C
2020-04-02 12:37:04.580236	u/modrall11	fm88vwf	u/Banana-Mammal	fm8539i	C
2020-04-02 12:37:24.177073	u/bodomagwurst	fm88wfx	u/loadeddiaper2015	fm7xf00	C
2020-04-02 12:37:26.138504	u/trashwyrm	fm88wim	u/methneko	fm868vu	C
2020-04-02 12:37:28.775529	u/thatrussianguyiscool	fm88wng	u/HatredUnending	fm88tgs	C
2020-04-02 12:38:03.331972	u/Iceshardxx	fm88yxk	u/Piroinmypants	fm7s4nw	C
2020-04-02 12:38:08.351755	u/messier57i	fm88zlh	u/J3YYYY	fm849h3	C
2020-04-02 12:38:25.497265	u/_yoyomaster64	fm890zz	u/modern_problems	fm78fbi	C
2020-04-02 12:38:30.407031	u/shieldyboii	fm891ds	u/ecarg91	fm7wpoe	C
2020-04-02 12:39:05.905377	u/20090353	fm8945q	u/ZhuangMeister	fm88yu1	C
2020-04-02 12:39:13.189895	u/CyHerdee	fm894zv	u/Dramatik_	fm7zeja	C
2020-04-02 12:39:31.871917	u/411G00dM4n	fm8977g	u/xupamos87	fm7j48d	C
2020-04-02 12:39:42.173383	u/Minecraft-forever	fm89810	u/censor-design	fm88o13	C
2020-04-02 12:39:43.669216	u/wolvescartel	fm89843	u/SaurabhSW6	fm841p0	C
2020-04-02 12:39:51.378509	u/Registeredpedo47	fm89936	u/tea_guy13	fm896nl	C
2020-04-02 12:39:56.304447	u/tree-steaks	fm899x5	u/Kons37	fm87znx	C
2020-04-02 12:40:32.816523	u/tree-steaks	fm89buc	u/dertroll187	fm88dlf	C
2020-04-02 12:40:59.885026	u/elchaposcartel	fm89cur	u/Corwin_AE	fm74zll	C
2020-04-02 12:41:22.334196	u/bruh_moment126	fm89dnp	u/9yearsalurker	fm86sll	C
2020-04-02 12:41:37.496311	u/danteungas69	fm89e1v	u/thiccdogonthebeach	fm82kyg	C
2020-04-02 12:42:01.672367	u/esetorm3nt	fm89f9f	u/THE_OFFICE_BLOWS	fm7fh4j	C
2020-04-02 12:42:15.852120	u/GlitterInfection	fm89fyc	u/Equivalent-Manner	fm87lcp	C
2020-04-02 12:42:22.638354	u/OKara061	fm89g6r	u/The-Confused-Guy	fm86xlo	C
2020-04-02 12:42:49.904136	u/PresentRepair	fm89h59	u/Shagurope	fm81cc3	C
2020-04-02 12:42:53.266672	u/piggin73	fm89h9j	u/AutoModerator	fm893l7	C
2020-04-02 12:43:05.302307	u/PhalanxDemon	fm89hp3	u/Equivalent-Manner	fm888vb	C
2020-04-02 12:43:09.386963	u/Ultimaurice17	fm89hrr	u/THEOFFICEANDRAIDERS	fm7ziy4	C
2020-04-02 12:43:15.957232	u/kevoizjawesome	fm89i5o	u/ecarg91	fm7wpoe	C
2020-04-02 12:43:34.761139	u/RedToeKnee	fm89j0v	u/Marbinyum	fm87jkx	C
2020-04-02 12:43:42.106582	u/DaveDaringly	fm89j9c	u/Cornilious_Hertz	flrnr0a	C
2020-04-02 12:44:01.261434	u/OfficerSmiles	fm89kcm	u/AimZayx	fm888sj	C
2020-04-02 12:44:22.782993	u/mopblock9	fm89le4	u/aadithya_aa	fm87uvx	C
2020-04-02 12:44:56.432038	u/Spooktober_Spooks	fm89nbm	u/VariousBig9	fm86iqh	C
2020-04-02 12:46:00.154427	u/GoldenBlob	fm89rmo	u/mold713	fm7m9lx	C
2020-04-02 12:46:28.826429	u/1kingtorulethem	fm89t6n	u/Peternuggett	fm80um6	C
2020-04-02 12:46:42.278542	u/ToffeeDime	fm89tuh	u/self-hating_hippo	fm88h5t	C
2020-04-02 12:47:09.940161	u/MemeGraveYard666	fm89v2f	u/racerfree	fm89jgg	C
2020-04-02 12:47:53.590526	u/daysinnroom203	fm89yoq	u/Crusaderguy96	fm7tkcg	C
2020-04-02 12:48:07.355046	u/Wenzlikove_memz	fm89zd3	u/Wesoooom122	fm7mh2k	C
2020-04-02 12:48:25.493885	u/PorcupAnna	fm8a0as	u/Kawaii_Batman3	fm88gly	C
2020-04-02 12:48:27.085098	u/ThunderBuddy_22	fm8a0e5	u/cajun89cam	fm6lwhi	C
2020-04-02 12:48:30.538561	u/TheSplinterMan39	fm8a0rq	u/Crusaderguy96	fm7tkcg	C
2020-04-02 12:49:01.181731	u/meme003	fm8a2mm	u/bobayespls	fm7gukk	C
2020-04-02 12:49:03.933641	u/Heavy_Lobster890	fm8a2rz	u/SkunkApe2003	fm7r6ee	C
2020-04-02 12:49:08.308409	u/Macawlord235	fm8a2yv	u/DummyDummyGumGum	fm8655s	C
2020-04-02 12:49:13.774920	u/HexBusterDoesMath	fm8a3bf	u/Canadian-fish	fm7rqa8	C
2020-04-02 12:49:42.274908	u/zh80074	fm8a61e	u/LieutenantCrash	fm830ll	C
2020-04-02 12:49:45.135912	u/AntielitistNibbA	fm8a6bf	u/DarthKlanxis	fm889wv	C
2020-04-02 12:49:46.867574	u/Person-2020	fm8a6lj	u/Rusty_Garlic	fm89wfa	C
2020-04-02 12:49:48.293670	u/MEM3BOY	fm8a6sv	u/Welmox	fm84jab	C
2020-04-02 12:49:57.214473	u/sh00t_it	fm8a7r9	u/Johnathan_G	fm8a5ow	C
2020-04-02 12:49:59.013707	u/madmonkey77	fm8a84b	u/justhereforbad	fm89atc	C
2020-04-02 12:49:59.708382	u/superhockeyboy	fm8a8an	u/TheTwilightWitch1	fm7zwqc	C
2020-04-02 12:50:22.452366	u/TheDilettanteSavant	fm8a9zp	u/OKara061	fm89g6r	C
2020-04-02 12:50:29.383588	u/superhockeyboy	fm8aa4m	u/freeman731	fm7dok2	C
2020-04-02 12:50:34.024232	u/LiquifiedSpam	fm8aaej	u/DaNoobKing123	fm891se	C
2020-04-02 12:50:38.975989	u/moxboltz	fm8aajt	u/Patrick_Bot2	fm7bbrs	C
2020-04-02 12:51:01.548170	u/Pryce-G	fm8acfb	u/bliss_popcorn	ftpe67	S
2020-04-02 12:51:18.495516	u/yer_boi_alex	fm8acw5	u/uwotm27	flhr69n	C
2020-04-02 12:51:35.426734	u/Behbeh21311	fm8adv6	u/JuicyRice12	fm84029	C
2020-04-02 12:51:41.115190	u/sadman1303	fm8ae1k	u/Animeisgaebruhment	fm8436m	C
2020-04-02 12:51:49.537613	u/Redcurrent19	fm8aea1	u/f1fan6890	fm8aauy	C
2020-04-02 12:52:30.420115	u/Beretot	fm8ag2e	u/Sigma_Balls1	fm89s4r	C
2020-04-02 12:53:16.103553	u/TOMATOQUEEM	fm8ahtv	u/425degree	fm887uj	C
2020-04-02 12:53:22.250442	u/LarsN1989	fm8ahz3	u/oraaaaaaaange	fm8773m	C
2020-04-02 12:53:37.916423	u/emerql	fm8aid5	u/Mengentlemen	fm861gd	C
2020-04-02 12:53:46.526673	u/thefngdog	fm8aiuk	u/Goat5168	fm89h98	C
2020-04-02 12:54:14.564540	u/B_T_ND	fm8ajhu	u/KastroNauto	fm7r2ha	C
2020-04-02 12:54:21.022600	u/SausageEggAndSteez	fm8ajox	u/J3YYYY	fm849h3	C
2020-04-02 12:54:32.837198	u/Alex-Melnik1	fm8ak5c	u/CharacterRoyal	fm88vla	C
2020-04-02 12:54:36.082014	u/Excalzigo	fm8aka2	u/fighterman420	fm8a7hm	C
2020-04-02 12:55:19.111415	u/the_aggrivated_roost	fm8amn5	u/Dr_Gonzo__	fm7l1jj	C
2020-04-02 12:55:21.205664	u/Darpyface	fm8amrn	u/MrAlasador	fm7j1ja	C
2020-04-02 12:55:31.872043	u/iytyu	fm8anh3	u/9yearsalurker	fm83t97	C
2020-04-02 12:55:54.340401	u/Alex-Melnik1	fm8ao2t	u/CharacterRoyal	fm8amiy	C
2020-04-02 12:56:00.274712	u/ReggieBoi3000	fm8aod0	u/VersionX	fm83eqf	C
2020-04-02 12:56:06.356915	u/M1smash	fm8aonn	u/Yamanj3000	flsimdj	C
2020-04-02 12:56:56.532499	u/HelleThere098	fm8arb6	u/Skaytacium	fm86aod	C
2020-04-02 12:56:58.514755	u/samsly142	fm8arei	u/OriginalContentPlus	fm8a7s3	C
2020-04-02 12:57:11.140082	u/One-Two-Three-Five	fm8as4a	u/YouHrdKlm	fm86pog	C
2020-04-02 12:57:50.008166	u/Ma5ter0fBlade	fm8au7z	u/CIAagentbreadguy	fm8apvi	C
2020-04-02 12:58:02.281410	u/badwizrad	fm8avct	u/LiquifiedSpam	fm8aaej	C
2020-04-02 12:58:04.020276	u/regor_meme	fm8avgg	u/Dr_Gonzo__	fm7l1jj	C
2020-04-02 12:58:06.933032	u/ApersonofEarth1	fm8avlt	u/OwlBoiy	fm7x367	C
2020-04-02 12:58:14.609628	u/DragonDrawer14	fm8awc4	u/LiquifiedSpam	fm8aaej	C
2020-04-02 12:58:18.568008	u/BigNugger69	fm8awkb	u/Rick-roller--	fm89yfp	C
2020-04-02 12:58:29.045944	u/toaster_cancer	fm8axgw	u/Softable_Lover	fm8ashb	C
2020-04-02 12:58:32.101955	u/Elliott_0_23_why_not	fm8axk6	u/JuicyRice12	fm84029	C
2020-04-02 12:58:39.800671	u/baby_yoga42	fm8aybc	u/Get-Vectored	fm8agah	C
2020-04-02 12:59:17.561614	u/Paula-Abdul-Jabbar	fm8b172	u/shieldyboii	fm891ds	C
2020-04-02 12:59:50.572544	u/Daddy_Elon_Musk	fm8b3x3	u/Defragmented-Defect	fm7osmd	C
2020-04-02 12:59:53.955555	u/CheeseFingers2	fm8b4ck	u/AutoModerator	fm89lh1	C
2020-04-02 12:59:56.860116	u/casul_noob	fm8b54o	u/Antscannabis	fm8am1t	C
2020-04-02 12:59:59.950960	u/IntenseScrolling	fm8b5yj	u/MMA1793	fm88z3d	C
