2020-04-11 02:00:49.742004	u/effective_techer	fn2d188	u/RepostSleuthBot	fn2cyva	C
2020-04-11 02:00:54.385337	u/njck-njck	fn2d1dl	u/ZeroLurkThirty	fn1puv3	C
2020-04-11 02:01:15.622378	u/smeep_the_peadophile	fn2d26i	u/Jojo_Addicted	fn13ft4	C
2020-04-11 02:01:25.385105	u/Sole-Dragonborn	fn2d2o7	u/FVSYS	fn24zp6	C
2020-04-11 02:01:29.973561	u/Shane1327	fn2d2q5	u/ab2200461	fn1w7st	C
2020-04-11 02:01:32.223810	u/-PandaCrazy-	fn2d2qe	u/pumukel147	fn2d1mr	C
2020-04-11 02:02:02.644108	u/Potassium-Boi	fn2d3o0	u/anotherformerlurker	fn1x7it	C
2020-04-11 02:02:26.964043	u/YuckyYuckySuckySucky	fn2d4j0	u/nikkkkkkkyv	fn1uj3x	C
2020-04-11 02:04:31.749494	u/nsxr_	fn2d8ig	u/TheRandomDude4u	fn2cqoi	C
2020-04-11 02:04:43.377786	u/Zektorf	fn2d96b	u/RepostsSleuthbott	fn1aepw	C
2020-04-11 02:04:55.109197	u/sultan_joe	fn2d9ln	u/brown_human	fn1wdze	C
2020-04-11 02:05:36.399156	u/Khatti0tatti0gaming	fn2dbot	u/_Xx_ShadowHunter_xX_	fyoww6	S
2020-04-11 02:05:46.384305	u/applewarrior7	fn2dc7i	u/LeeBregman	fn21yhp	C
2020-04-11 02:06:00.669823	u/DrBucket	fn2dcmc	u/SgtSausageTheRealOne	fn28leu	C
2020-04-11 02:06:08.184079	u/rosegirlkrb	fn2dd1j	u/Mblackbu	fn1z8e7	C
2020-04-11 02:06:39.378726	u/Pleb_nz	fn2degp	u/getyourrealfakedoors	fn21yub	C
2020-04-11 02:06:46.889853	u/Notice-me-plzs	fn2df9z	u/user_loku	fn2bbhs	C
2020-04-11 02:06:48.695458	u/Danielisgay37	fn2dfap	u/Kidrock100	fn2cte6	C
2020-04-11 02:06:59.201033	u/Axkaryo	fn2dfuu	u/chauchowchao	fn2dbag	C
2020-04-11 02:07:16.007769	u/Beardzerk	fn2dgiv	u/Mblackbu	fn1z8e7	C
2020-04-11 02:07:24.685109	u/YourNameHere	fn2dgt9	u/Mblackbu	fn1z8e7	C
2020-04-11 02:07:37.643658	u/logannull	fn2dhai	u/tepic1	fn28qhn	C
2020-04-11 02:07:51.243931	u/vague_refrences	fn2dcx9	u/Gavittz	fn1iqly	C
2020-04-11 02:08:13.240053	u/tinab13	fn2dicq	u/memeyboioffical	fn295xb	C
2020-04-11 02:08:27.361619	u/nine4fours	fn2dj9l	u/SirGotoh	fn29g5r	C
2020-04-11 02:08:34.316590	u/Unknowing_pancake	fn2djq0	u/ab2200461	fn1w7st	C
2020-04-11 02:08:37.321246	u/arthurlwm	fn2djr1	u/Dependent-Photograph	fn21pnz	C
2020-04-11 02:08:52.502354	u/destined_nr	fn2di2s	u/Flashyflashflashy7	fn290hj	C
2020-04-11 02:08:57.734332	u/BossRoss84	fn2djy9	u/njck-njck	fn1edgh	C
2020-04-11 02:09:00.405094	u/Tarter-the-sauce	fn2dkdo	u/Lucabanana19	fn2dihh	C
2020-04-11 02:09:02.539696	u/flyback3	fn2dkm6	u/Haunting-Hyena	fn2c39g	C
2020-04-11 02:09:51.782458	u/Iamrandomz	fn2dmb9	u/sweaty_spaghetti-man	fn2dksa	C
2020-04-11 02:10:07.991397	u/Streetmeat420	fn2dn2s	u/roundboi69	fn2dkv7	C
2020-04-11 02:10:17.417102	u/DEFiiK	fn2dnd4	u/MacpedMe	fn2bf2u	C
2020-04-11 02:10:26.307744	u/Ender_Zard	fn2dnjy	u/bonito_bandit	fn1tqcd	C
2020-04-11 02:10:55.287569	u/effective_techer	fn2do8f	u/RepostSleuthBot	fn2dnj7	C
2020-04-11 02:11:24.274122	u/John999451	fn2dp5s	u/lucapresidente	fn2c7kw	C
2020-04-11 02:11:31.915613	u/kaze_kawa	fn2dph3	u/___Hotaru___	fn2cdud	C
2020-04-11 02:11:40.375164	u/Lil_Zee_	fn2dpw7	u/scoobymax	fn2cvjh	C
2020-04-11 02:12:09.846779	u/I_Am_PH0ENIX	fn2dr1n	u/Frost_Giant13	fn25c6h	C
2020-04-11 02:12:38.234791	u/mmehhhhhhh	fn2drra	u/xWorldSoColdxmm	fn1tds4	C
2020-04-11 02:12:41.745177	u/A_hecking_weeb_gamer	fn2drro	u/Frag_O_Fobia	fn2dppw	C
2020-04-11 02:13:53.804720	u/Glubbs528	fn2du78	u/sotusakr	fn19x9d	C
2020-04-11 02:14:07.521081	u/liam4710	fn2duwl	u/aacegeo	fn26i3i	C
2020-04-11 02:14:14.504935	u/eddyrgarcia	fn2dv8s	u/cajun89cam	fn2ca2n	C
2020-04-11 02:14:36.158059	u/AnnoyedGenie	fn2dvms	u/getyourrealfakedoors	fn21yub	C
2020-04-11 02:14:52.049180	u/MishOK8800	fn2dw9k	u/SilencedCries	fn296lk	C
2020-04-11 02:14:56.947944	u/Karreck	fn2dwbk	u/GekoIsYeet514	fn14gym	C
2020-04-11 02:15:07.511982	u/vapeisforchodes	fn2dwln	u/5Dimensional	fn2dtkl	C
2020-04-11 02:16:31.625665	u/The_flader	fn2dz9d	u/RedHood290	fn2c5ng	C
2020-04-11 02:16:35.799270	u/thelifegazer	fn2dzcv	u/iRob0tt	fn0nr5g	C
2020-04-11 02:16:46.721237	u/ZeDitto	fn2dzmi	u/Mblackbu	fn1z8e7	C
2020-04-11 02:16:51.251086	u/EjectedCasings	fn2dzqh	u/BOMMER899	fn294w1	C
2020-04-11 02:18:09.588806	u/fliptflorpt	fn2e2po	u/patrickd198	fn2a76g	C
2020-04-11 02:18:24.879531	u/JMTweed	fn2e31f	u/5_Dicks_In_Me	fn2798z	C
2020-04-11 02:18:52.194590	u/metaldutch	fn2e4xi	u/chair65x2	fn2d50a	C
2020-04-11 02:18:55.876946	u/RelativelyDank	fn2e565	u/oogaboogaNXS	fn1yrfc	C
2020-04-11 02:19:01.888170	u/69FishyBoi69	fn2e5gt	u/GravityFallsChicken	fn2cfv9	C
2020-04-11 02:19:16.599268	u/JosefUzo	fn2e666	u/Kumquat-Master	fn1v97n	C
2020-04-11 02:19:21.615124	u/powahh-up	fn2e6ev	u/malikayyy	fn25lgq	C
2020-04-11 02:19:24.945220	u/rainingpumpkins	fn2e6l3	u/tostedshoes	fn2e2e8	C
2020-04-11 02:19:28.868118	u/Nazeekk	fn2e6uf	u/i_fucked_satan111	fn1ykmf	C
2020-04-11 02:19:39.931418	u/Grand_Hk	fn2e7fk	u/Lunar36	fn2cgt2	C
2020-04-11 02:19:46.474835	u/gjacob42	fn2e7ze	u/davidjensen69	fn20dhb	C
2020-04-11 02:19:52.717750	u/XxThe_DabsterxX	fn2e8dd	u/Streetmeat420	fn2disz	C
2020-04-11 02:19:59.163098	u/BauerBird66	fn2e91p	u/John999451	fn2dvb2	C
2020-04-11 02:21:31.512418	u/sadsealions	fn2ebwk	u/Milkador	fn2az7s	C
2020-04-11 02:22:16.527488	u/GreenAssassin49	fn2edit	u/my_name_is_------	fn2e962	C
2020-04-11 02:22:33.837163	u/kboodrx	fn2edzv	u/br_igris	fn0dnsu	C
2020-04-11 02:23:17.452200	u/mr_freeman215	fn2ef9d	u/luis_am04	fn2ecx3	C
2020-04-11 02:23:20.657110	u/Toycat_wannabe	fn2efba	u/GrennRyder	flp1sz7	C
2020-04-11 02:23:53.036981	u/AstroCat3142	fn2eh5h	u/OriMadHalf	fn29ns6	C
2020-04-11 02:23:55.126610	u/randomaccountnumber8	fn2eh7f	u/Al_E_Borland	fn2a8fd	C
2020-04-11 02:24:06.483554	u/Mattburgo7	fn2ehor	u/holyfatfish	fn2eep9	C
2020-04-11 02:24:23.924925	u/effective_techer	fn2ei2t	u/Tuckboi69	fn29y3i	C
2020-04-11 02:24:28.051924	u/Kirby2711	fn2ei72	u/T3CH4	fn2e83n	C
2020-04-11 02:24:30.071873	u/Medical_Laughter	fn2ei8l	u/my_name_is_------	fn2ehre	C
2020-04-11 02:24:42.800700	u/table_with_a_glass	fn2eir8	u/domiiinater	fn2b8wr	C
2020-04-11 02:24:51.673327	u/Chaz_Bruiser	fn2eizh	u/gjacob42	fn2ed1k	C
2020-04-11 02:25:17.696047	u/From_Ancient_Stars	fn2ejqn	u/MrBeardmeister	fn1mhve	C
2020-04-11 02:25:24.928371	u/thecatwhoreads	fn2ejyz	u/Fireboyrules	fn2ej71	C
2020-04-11 02:25:32.735302	u/Mafia_102	fn2ek2z	u/Lunar36	fn2cgt2	C
2020-04-11 02:25:57.131638	u/Imnotyoutuber_YT	fn2el71	u/thekeenspartan	fyxean	S
2020-04-11 02:26:05.445797	u/WolvenSchoolBus	fn2elin	u/Lenin_666	fn2ejg6	C
2020-04-11 02:26:54.704132	u/Punkymon0310	fn2emwb	u/TheAngryChickenWing	fn2e3o2	C
2020-04-11 02:27:02.170230	u/PolishPredator	fn2encg	u/taco_imperial	fn2bbw2	C
2020-04-11 02:27:36.656805	u/Rslashu	fn2eozy	u/EnderWin	fn2cx5b	C
2020-04-11 02:27:58.965021	u/CJM_310	fn2eqb6	u/elixir08	fn2768t	C
2020-04-11 02:28:14.776043	u/esotericorange	fn2eqz8	u/yomommawantdiz	fn1ufmo	C
2020-04-11 02:28:26.657184	u/AdditionalWaltz	fn2erli	u/Sedewt	fn2cm5a	C
2020-04-11 02:28:29.837000	u/jadallahg	fn2erqo	u/LePredator7186	fn0k2sl	C
2020-04-11 02:28:31.403101	u/MrMarinatedBG	fn2erwe	u/jda2910	fn260au	C
2020-04-11 02:29:02.884957	u/A_Murrican	fn2etp6	u/rainingpumpkins	fn2cwo3	C
2020-04-11 02:29:07.743550	u/FarrellBarrell	fn2eu0a	u/markrmarkr	fn22qoh	C
2020-04-11 02:29:09.110554	u/muhy_men	fn2eu7h	u/jda2910	fn25y5q	C
2020-04-11 02:29:15.111067	u/TheRabster1428	fn2eu5h	u/inthedarktheresnolit	fn28ph0	C
2020-04-11 02:29:31.530953	u/elsilossos	fn2euoh	u/Gragog	fn2ebug	C
2020-04-11 02:29:34.157895	u/emsecond	fn2euwq	u/randomaccountnumber8	fn2enxx	C
2020-04-11 02:29:38.147621	u/FUCK_ME_IN_THE_ASSS	fn2ev9e	u/lostmyotheraccount-	fn2ev2r	C
2020-04-11 02:29:42.596185	u/EducationalBike5	fn2ev3y	u/MyJelloJiggles	fn29s50	C
2020-04-11 02:30:05.303471	u/yungbull626	fn2ew4y	u/Icmedia	fn293vp	C
2020-04-11 02:30:29.286352	u/Amjad-ABK	fn2ewzz	u/Bruh_Bot_	fn2eacq	C
2020-04-11 02:31:01.176467	u/gameransh00	fn2ey1h	u/RepostSleuthBot	fn2eoym	C
2020-04-11 02:31:06.207512	u/3Aiphos3	fn2ey3b	u/omfgforgetmyname	fn2bbj5	C
2020-04-11 02:31:15.481098	u/Stalker203X	fn2ey7j	u/wolfy1x1	fn2empm	C
2020-04-11 02:31:22.931849	u/Shuckltar	fn2eyfw	u/Dude_Of_Darkness	fn1vmh8	C
2020-04-11 02:31:29.048380	u/PETEMEISTA	fn2eymp	u/Chaz_Bruiser	fn2eizh	C
2020-04-11 02:31:41.988753	u/iNOTgoodATcomp	fn2eyuo	u/Lunar36	fn2cgt2	C
2020-04-11 02:32:06.450071	u/tittermilkandjuice	fn2ezpo	u/UGuysSucc	fn2emlk	C
2020-04-11 02:32:19.629530	u/aglitchinreality96	fn2f00j	u/getyourrealfakedoors	fn21yub	C
2020-04-11 02:32:25.453386	u/Jackal1810	fn2f05l	u/Jojo_Addicted	fn13ft4	C
2020-04-11 02:32:36.967579	u/turntsnoco	fn2f0hj	u/ItachiUchihaItachi	fmvexls	C
2020-04-11 02:33:03.962060	u/ThatRandomIdiot	fn2f1f6	u/randomaccountnumber8	fn2enxx	C
2020-04-11 02:33:10.712335	u/Kate_Samurai	fn2f1q6	u/zigzagger123456	fn2atx1	C
2020-04-11 02:33:13.999502	u/froowny	fn2f1sj	u/MyJelloJiggles	fn29ufc	C
2020-04-11 02:33:25.085252	u/jarsmarsbars	fn2f24k	u/Lunar36	fn2cgt2	C
2020-04-11 02:34:29.387767	u/effective_techer	fn2f409	u/ar363_	fn2enwz	C
2020-04-11 02:34:34.826870	u/Jellyfishious	fn2f47v	u/Sedewt	fn2a3fy	C
2020-04-11 02:34:41.299060	u/br00kcraft	fn2f4e5	u/vapeisforchodes	fyxv1j	S
2020-04-11 02:35:08.342180	u/__saluchan__	fn2f5en	u/MikeyBot3000	fn2d5aw	C
2020-04-11 02:35:10.367502	u/single_mind	fn2f5fd	u/ogernugget	fn1yl2y	C
2020-04-11 02:35:24.624952	u/jibberjabbs	fn2f5l3	u/babblebam	fsuodt	S
2020-04-11 02:35:44.924806	u/I_Kill_peanut	fn2f65h	u/ThiccBepissss	fn0j8xq	C
2020-04-11 02:36:09.064188	u/babyba11s	fn2f6vi	u/A_team_of_ants	fn1h17o	C
2020-04-11 02:36:28.681436	u/zoleilsstufff	fn2f7p8	u/dummybricksrian	fn2f0tp	C
2020-04-11 02:36:40.237355	u/Unknown_Person395	fn2f868	u/a_flipin_penguin	fn2f5qe	C
2020-04-11 02:36:43.832654	u/zoleilsstufff	fn2f8bp	u/Plapadus	fn2f3bt	C
2020-04-11 02:36:52.283305	u/DenZ120	fn2f8j8	u/patrickd198	fn28fun	C
2020-04-11 02:37:10.295505	u/JustAPlainGuy72	fn2f933	u/Kallen_Emilia	fn29w53	C
2020-04-11 02:37:43.947619	u/BamBooe1	fn2fa38	u/raz9182	fn2dp58	C
2020-04-11 02:37:48.155554	u/Xiaojiba	fn2fae0	u/DEFiiK	fn2dnd4	C
2020-04-11 02:37:49.698830	u/OuNamelessWorld	fn2faec	u/ButtStuffMom	fn2dx3m	C
2020-04-11 02:38:13.130552	u/EliB218704	fn2fc13	u/LyndonBJohnsonJr	fn2bfp5	C
2020-04-11 02:38:15.303570	u/TundraGon	fn2fc48	u/-153	fn28ho7	C
2020-04-11 02:38:23.099592	u/69dabpro69	fn2fcmj	u/KillerQueen913	fn2f9zo	C
2020-04-11 02:38:25.304131	u/SayNoToSatan	fn2fcnb	u/Lunar36	fn2cgt2	C
2020-04-11 02:38:27.376191	u/Kiienni	fn2fcpv	u/A_Murrican	fn2etp6	C
2020-04-11 02:38:29.692461	u/Patsonical	fn2fcrg	u/upwardgerm	fn2158o	C
2020-04-11 02:38:41.192391	u/RohanMuppa	fn2fd75	u/TheBigOster123	fn2d0ac	C
2020-04-11 02:38:42.510623	u/GrandAtZero	fn2fd7w	u/JMTweed	fn2e31f	C
2020-04-11 02:38:44.476639	u/SayNoToSatan	fn2fdcw	u/rainingpumpkins	fn2cwo3	C
2020-04-11 02:39:25.067665	u/Jojojorge	fn2ffao	u/Danielisgay37	fn2dfap	C
2020-04-11 02:39:26.910403	u/Tris1006	fn2fffy	u/lucapresidente	fn2c7kw	C
2020-04-11 02:39:30.467556	u/Rajat_Rawal	fn2ffuy	u/TinCan-Express	fn2f8yz	C
2020-04-11 02:39:39.748863	u/carsonwade	fn2fgeu	u/bebraveyoungchild	fn2cki9	C
2020-04-11 02:39:40.657455	u/0114028	fn2fgjw	u/logannull	fn2dhai	C
2020-04-11 02:39:41.654076	u/Roger_Cockfoster	fn2fgko	u/Icmedia	fn293vp	C
2020-04-11 02:39:50.576839	u/DadComeBackWivDaMilk	fn2fh64	u/PlzButterMeUp	fn1uciv	C
2020-04-11 02:39:58.701134	u/Difficult-Fan	fn2fhq6	u/MyJelloJiggles	fn29s50	C
2020-04-11 02:39:59.156896	u/MyNameJeffMeme	fn2fhr7	u/randomaccountnumber8	fn2enxx	C
2020-04-11 02:39:59.564604	u/poopisveryfunny69420	fn2fhsb	u/Daelony	fn2e72c	C
2020-04-11 02:39:59.991513	u/TheRealRickC137	fn2fhwc	u/Csnackz	fn25hcg	C
2020-04-11 02:40:04.675164	u/bongoloyama	fn2fi31	u/EliB218704	fn2fc13	C
2020-04-11 02:40:14.667325	u/FoxSickness	fn2fi8v	u/Tyrone69696939	fn2auv7	C
2020-04-11 02:40:56.284878	u/oilpeanut	fn2fj5s	u/Dependent-Photograph	fn21xev	C
2020-04-11 02:41:00.794170	u/X_Rifle26	fn2fj7o	u/racerfree	flez6nx	C
2020-04-11 02:41:15.083767	u/Bruinsfan011	fn2fjh1	u/LouisTheXVII	fn2f3hs	C
2020-04-11 02:41:25.807661	u/ThatOneWood	fn2fjly	u/kaneki1921	fn1q5u5	C
2020-04-11 02:41:38.277677	u/Haianh235	fn2fjyb	u/ting_tang69	fn0e22j	C
2020-04-11 02:42:18.927520	u/Chernobyl_piss420	fn2fkzw	u/Bruh_Bot_	fn2bpvs	C
2020-04-11 02:42:44.788875	u/SomeRandomGuyAkaMe	fn2fm56	u/Backpack_Jesus	fn0cks1	C
2020-04-11 02:43:00.396779	u/Ashraf_mahdy	fn2fmm6	u/getyourrealfakedoors	fn21yub	C
2020-04-11 02:43:03.795676	u/doublediggler	fn2fmn3	u/markrmarkr	fn22qoh	C
2020-04-11 02:44:11.498607	u/Vitavaida	fn2fob0	u/Bruh_Bot_	fn2485a	C
2020-04-11 02:44:54.097944	u/Rev2798	fn2fp74	u/domiiinater	fn2b8wr	C
2020-04-11 02:45:01.793381	u/gary0037	fn2fpa0	u/LuckySparky420	fn24pqc	C
2020-04-11 02:45:15.531056	u/Snwl_dev	fn2fpqz	u/Baby_Yoda_312	fn275jx	C
2020-04-11 02:45:39.825259	u/Snwl_dev	fn2fqov	u/the21ms	fn28wlb	C
2020-04-11 02:45:48.183397	u/XXXmemelord07	fn2fquo	u/Devotionexe	fn2fnqd	C
2020-04-11 02:46:20.780683	u/RoboNigtmare24	fn2fslj	u/i_require_sustinance	fn1it2v	C
2020-04-11 02:46:24.741742	u/BDGM10	fn2fsop	u/yaboiwest	fn1z6pk	C
2020-04-11 02:46:56.830754	u/InternationalLetter2	fn2ftmm	u/Dumb-reference	fn2c7br	C
2020-04-11 02:47:02.863775	u/GamerStag97	fn2fu00	u/froowny	fn2f1sj	C
2020-04-11 02:47:53.540614	u/dog-paste-666	fn2fw2o	u/Csnackz	fn25hcg	C
2020-04-11 02:47:57.891875	u/imgiodarex	fn2fwcb	u/GrandAtZero	fn2fd7w	C
2020-04-11 02:48:08.575489	u/Bearded_Devildog	fn2fwwa	u/CalvinT2114	fn2fu8c	C
2020-04-11 02:48:10.145432	u/Ur-Hot	fn2fwxi	u/jl0xd	fn2f0vu	C
2020-04-11 02:48:11.724676	u/Nuttsuccer69	fn2fwxj	u/5amukai	fn1avyb	C
2020-04-11 02:48:16.989191	u/player-nosteam	fn2fx2a	u/3Aiphos3	fn2ey3b	C
2020-04-11 02:48:28.187096	u/DoofusConvention	fn2fxs5	u/randomaccountnumber8	fn2enxx	C
2020-04-11 02:48:54.808423	u/bitchnooo	fn2fzio	u/Farenhytee	fn2fb4l	C
2020-04-11 02:48:59.926035	u/rhegarchandy	fn2fzty	u/LouisTheXVII	fn2fyj3	C
2020-04-11 02:49:27.688277	u/BlueJayyyyy	fn2g1fx	u/FriedSteakC	fmzix5t	C
2020-04-11 02:49:31.378575	u/Paa_Qweku	fn2g1up	u/SubjectAssassination	fn1yw9a	C
2020-04-11 02:49:42.077776	u/paleface205	fn2g2ee	u/raz9182	fn1oe1f	C
2020-04-11 02:49:52.906246	u/Alabama92	fn2g3ke	u/JR015	fn299xh	C
2020-04-11 02:49:57.345081	u/FabulousTurnover3	fn2g3s1	u/Pokefan23432	fn2ew2z	C
2020-04-11 02:50:12.854525	u/koshki5	fn2g4e8	u/matheussanthiago	fn2g27w	C
2020-04-11 02:50:20.676951	u/Its_Mat	fn2g4kw	u/lonelyswarm	fn1q2hr	C
2020-04-11 02:51:30.711374	u/Rougaboi69	fn2g6zg	u/G4Fly4Ever	fn0zgmr	C
2020-04-11 02:51:52.731612	u/ACBlast768	fn2g7l5	u/Sedewt	fn26ikk	C
2020-04-11 02:52:02.125678	u/weniclous	fn2g7w0	u/zaem_shams	fn1u4gb	C
2020-04-11 02:52:04.343210	u/mike_wazowski69	fn2g7x5	u/Jojo_Addicted	fn13ft4	C
2020-04-11 02:52:25.751410	u/ayyub_aaf	fn2g8rq	u/Lenaud02	fn20gxt	C
2020-04-11 02:53:40.949168	u/Clayassault	fn2gbx1	u/fight-me-b-tch	fn2g9pm	C
2020-04-11 02:53:53.974840	u/CrimXephon	fn2gcae	u/mmmmbeepbeepbeepbeep	fn2bpdh	C
2020-04-11 02:54:16.307546	u/mattcyg	fn2gd4m	u/PandaBoi5555	fn2cj46	C
2020-04-11 02:54:19.376808	u/PuzzleheadedSpace7	fn2gd7l	u/Darth_Ewok14	fn2d995	C
2020-04-11 02:54:22.485698	u/IamImposter	fn2gddw	u/potato430	fn1juja	C
2020-04-11 02:55:07.295989	u/isee_fire	fn2gehk	u/ArcticQueenFox	fn2f62c	C
2020-04-11 02:55:18.107883	u/awesomeuser5	fn2gesj	u/Jamieplaysroblox	fmzmsj0	C
2020-04-11 02:55:34.093920	u/lethe_awaits	fn2gfkb	u/Quija5000	fn2g0x8	C
2020-04-11 02:55:51.743757	u/MDF_	fn2gg0q	u/BauerBird66	fn2e91p	C
2020-04-11 02:56:09.397519	u/Chimichanga-Dragon	fn2gght	u/Ollie_J_	fn2ekdh	C
2020-04-11 02:56:53.685609	u/DoomArbiterKatzi	fn2ghiu	u/RepostSleuthBot	fn2esam	C
2020-04-11 02:56:58.031998	u/s0nam	fn2ghon	u/Lunar36	fn2cgt2	C
2020-04-11 02:57:06.094400	u/GrimBunnyVII	fn2ghvf	u/Alperen1627Abaci	fn2f2sl	C
2020-04-11 02:57:26.988686	u/Vlian420	fn2gijf	u/Vimri	fn2ggj4	C
2020-04-11 02:57:38.709883	u/jellybloop	fn2girz	u/Aneke1	fn1fnqy	C
2020-04-11 02:57:59.815877	u/EvbotheClown	fn2gjyr	u/Alabama92	fn2g3ke	C
2020-04-11 02:58:12.995425	u/gallectus432	fn2gkob	u/Unknown_Person395	fn2gih1	C
2020-04-11 02:58:18.826925	u/Commander_Zircon	fn2gkyw	u/LouisTheXVII	fn24i4j	C
2020-04-11 02:58:21.081768	u/BIG_BRAIN69420	fn2gl3k	u/Neko0verlord	fn22ynp	C
2020-04-11 02:58:32.068087	u/BengalsBoss99	fn2gljt	u/Respect_Paying_Bot	fn2gerj	C
2020-04-11 02:58:48.672777	u/BengalsBoss99	fn2glwg	u/StaleBread-187	fn2g85h	C
2020-04-11 02:59:05.254826	u/Far_Deer	fn2gmwu	u/shirukien	fn2bjpr	C
2020-04-11 02:59:13.885094	u/Ella_the_Red	fn2gn10	u/bbkinscarboo49738	fn2ey74	C
2020-04-11 02:59:18.493221	u/m4g-tul	fn2gnos	u/Catsofevilness	fn20pm2	C
2020-04-11 02:59:32.785020	u/Obi-Wan-the-bold-wan	fn2goxm	u/rebucgnimagl	fn2dsvj	C
2020-04-11 03:00:01.717723	u/mntimberwolvesig	fn2gpjv	u/RepostSleuthBot	fn15cux	C
