2020-04-04 05:00:19.707570	u/Hussain_Lali	fme5gtx	u/michaelje0	fmdc1sj	C
2020-04-04 05:00:32.336765	u/pporcupike	fme5gzo	u/johnysoc	fme3rjw	C
2020-04-04 05:01:10.653519	u/vacca-	fme5har	u/R3t4rd3dD3m0n	fme3m3r	C
2020-04-04 05:01:18.944546	u/Shivang_00	fme5hbo	u/Cody_Garbrandt	fme5ddf	C
2020-04-04 05:02:00.239916	u/SKULLBBUSTER	fme5hkc	u/pussydestroyer69__	fme4cnk	C
2020-04-04 05:02:13.709086	u/defalt0402	fme5hlg	u/McHuansohnn	fme5frf	C
2020-04-04 05:02:50.780543	u/amadeus_td345	fme5hvy	u/Mr_Moose804	fmdd334	C
2020-04-04 05:03:19.605198	u/GunterGoo	fme5i9l	u/Gydovdh	fme4umj	C
2020-04-04 05:03:43.949046	u/defalt0402	fme5ijp	u/BrainTrainStation	fme5hle	C
2020-04-04 05:04:00.325925	u/Do_what93	fme5iq1	u/TheAngryChickenWing	fmdv2me	C
2020-04-04 05:06:03.471026	u/BigMood42069	fme5jpj	u/Neo_The_bluepill_One	fupfzl	S
2020-04-04 05:07:00.055442	u/Yossarian1507	fme5kjk	u/polkalana	fme559c	C
2020-04-04 05:07:25.411194	u/scienceisfun112358	fme5kox	u/soapy_waters	fme5jl7	C
2020-04-04 05:07:42.816476	u/Expired-coconut	fme5ku9	u/verbalyabusiveshit	fme5j6r	C
2020-04-04 05:11:23.170090	u/NoLifeOnlyReddit	fme5nkg	u/Soviet-Biscuit	fme5n2b	C
2020-04-04 05:11:52.719671	u/Emancipated_Penguin	fme5nq6	u/BaconLordMLG	fmdrc5k	C
2020-04-04 05:14:01.074162	u/engiebeer	fme5oth	u/Mr_Moose804	fmdd334	C
2020-04-04 05:14:21.735278	u/skywkr666	fme5ozm	u/FIRESTAR_37	fmdx74z	C
2020-04-04 05:15:06.832324	u/brandy0438	fme5p8t	u/elkevinbraian1	fme4j2q	C
2020-04-04 05:15:50.209796	u/Zy7ek	fme5pli	u/Keladran0	fme4em2	C
2020-04-04 05:16:43.844569	u/leland200	fme5q2e	u/DoktorZombie1	fme19dl	C
2020-04-04 05:17:36.524203	u/sabayoki	fme5qyk	u/defalt0402	fme5hlg	C
2020-04-04 05:18:45.519624	u/Existing_Fail	fme5rf8	u/SaltoDaKid	fmdnfuk	C
2020-04-04 05:22:11.829970	u/Tillerchin	fme6wpa	u/RepostSleuthBot	fme6i6y	C
2020-04-04 05:22:21.075894	u/_alterKakao_	fme6wrf	u/harsHIT_bHARDwaj	fme6vvi	C
2020-04-04 05:23:12.205515	u/VikTr0	fme6x59	u/tylnon	fl5ksuj	C
2020-04-04 05:23:34.876333	u/BreakingEULaws	fme6xgk	u/digger200	fme2b1j	C
2020-04-04 05:24:52.241804	u/Lilicia-	fme6xya	u/Ph1LReddit	fme1n9r	C
2020-04-04 05:25:04.201294	u/Simkata55	fme6y0x	u/reallifemoonmoon	fme6v69	C
2020-04-04 05:26:21.704366	u/blardiblar-	fme6yoy	u/LTBT03	fme649n	C
2020-04-04 05:27:41.511033	u/OverallSignature3	fme6zgp	u/theocelotslayuh	fme37li	C
2020-04-04 05:28:21.194162	u/bad_j0k3	fme700a	u/kabeersoni	fme6w6w	C
2020-04-04 05:28:39.906012	u/monkeybrains12	fme7073	u/R3t4rd3dD3m0n	fme6rkj	C
2020-04-04 05:28:54.251977	u/AliveProduct	fme7095	u/oBi_wAN_kENoBI______	fme6wfc	C
2020-04-04 05:28:59.569508	u/boiboibo1i	fme70b3	u/Spirited-South	fme3zpw	C
2020-04-04 05:29:41.555223	u/_http_buff_	fme710c	u/PrinceXLoFi	fme6w50	C
2020-04-04 05:29:56.532402	u/Crusader_M8	fme71ef	u/SKylanders22	fmdqbcp	C
2020-04-04 05:30:32.657325	u/mtierce85	fme71pq	u/WE_FEE	fme6ton	C
2020-04-04 05:31:32.611536	u/Techno_WaffleFrisbee	fme72el	u/czikoczik	fme6t41	C
2020-04-04 05:32:07.883571	u/for-humor-only	fme72o7	u/Porygon-Z2	fme11z2	C
2020-04-04 05:32:29.891368	u/NeutronZanada	fme72tl	u/CatsAndCreamCheese	fmdke7e	C
2020-04-04 05:35:29.763982	u/JoWe5	fme74wa	u/kadins	fmdvwvn	C
2020-04-04 05:35:59.089282	u/joe395	fme7537	u/DeepFriedEggz	fme4ak8	C
2020-04-04 05:37:34.668669	u/KingAkron	fme766w	u/Emmalmam	fme6h76	C
2020-04-04 05:37:40.386227	u/RealPyretc	fme766x	u/AliveProduct	fme7508	C
2020-04-04 05:37:48.843745	u/danster222004	fme768z	u/ShabalabaBangbang	fme0v8c	C
2020-04-04 05:38:59.978099	u/mr-oppmelan	fme76ps	u/BlickboyReddit	fme6lnh	C
2020-04-04 05:39:11.915216	u/MemeThief2169	fme76rj	u/Shapen360	fmdzj87	C
2020-04-04 05:39:18.746555	u/DelMundoMundial	fme76tq	u/Ph1LReddit	fme1n9r	C
2020-04-04 05:39:36.859671	u/Lee_vi	fme76zn	u/Zy7ek	fmdzzfz	C
2020-04-04 05:39:51.268761	u/Xeliner	fme773u	u/AnakinsShowerDrain	fme73ah	C
2020-04-04 05:42:43.622875	u/UndeadOrangutan	fme78xj	u/memezop	fme66f6	C
2020-04-04 05:44:02.678495	u/PixelG11	fme79et	u/EmbarrassedRound9	fmdwk90	C
2020-04-04 05:45:34.733226	u/Tumor-of-Humor	fme7a87	u/BossBoiBob123	fmdkm7z	C
2020-04-04 05:46:09.180337	u/sabahshams	fme7ahn	u/Lostin404	fme4spk	C
2020-04-04 05:47:14.363948	u/SrKaz	fme7ayz	u/Emmalmam	fme6h76	C
2020-04-04 05:47:41.982977	u/Qjew22N	fme7b5c	u/Techno_WaffleFrisbee	fme5c8b	C
2020-04-04 05:48:56.192294	u/PoliticiansAnswer	fme7bv6	u/Joker1924	fme5wrp	C
2020-04-04 05:49:06.385662	u/dancing_apples	fme7c16	u/KingAkron	fme766w	C
2020-04-04 05:49:18.087679	u/12789aaa	fme7c60	u/Reddit___---	fmdh134	C
2020-04-04 05:49:43.103470	u/askara69	fme7cqr	u/nonvegvegan	fuo5tt	S
2020-04-04 05:50:34.641949	u/WilliamHTonkers	fme7dn9	u/pleasegivemeagooduse	fmdpv25	C
2020-04-04 05:51:20.268312	u/sharkwire1	fme7dzp	u/Techno_WaffleFrisbee	fme5c8b	C
2020-04-04 05:52:56.462484	u/Timon_Bank	fme7ezp	u/czikoczik	fme76tu	C
2020-04-04 05:53:29.602718	u/a789877	fme7f4x	u/DoktorZombie1	fme7d5u	C
2020-04-04 05:54:57.202072	u/PokeHunterisCool	fme8iuz	u/Rusherblade101	fme8gx3	C
2020-04-04 05:55:25.092754	u/Tomas-Turbado	fme8j59	u/TheFluffyIron	fme8g37	C
2020-04-04 05:55:38.123736	u/rechimu20	fme8j7t	u/darkspeed002	fmdvv5p	C
2020-04-04 05:56:02.096572	u/jebollemoeder070	fme8jeg	u/RepostSleuthBot	fmdyyrc	C
2020-04-04 05:56:13.949214	u/yeet-man-dan	fme8jhn	u/NoSkillxOverkill	fme8inu	C
2020-04-04 05:56:30.768611	u/LastLoli	fme8jl6	u/Ph1LReddit	fme1n9r	C
2020-04-04 05:57:18.782862	u/real_pi3a	fme8jwe	u/Mr_Moose804	fmdd334	C
2020-04-04 05:57:27.330187	u/Obaeron	fme8jz3	u/lackofname_1	fme8g42	C
2020-04-04 05:59:29.727119	u/AHAKuo	fme8lec	u/HeavenllyDude	fme8ktv	C
2020-04-04 05:59:59.952932	u/OgAntero	fme8m1e	u/AncapElijah	fmdodbq	C
