2020-04-09 08:00:17.681905	u/TricSto	fmvw26g	u/Player_Number3	fmvuqef	C
2020-04-09 08:01:02.007719	u/Spare-Release	fmvw34m	u/Skightt	fmvsnk4	C
2020-04-09 08:01:56.228696	u/LollylopsLolzors	fmvw4f0	u/TickleDuckFeathers	fmvvzh4	C
2020-04-09 08:02:18.585795	u/ultimo_2002	fmvw4mp	u/TickleDuckFeathers	fmvvzh4	C
2020-04-09 08:02:49.490759	u/CaracatitaPrj	fmvw5dc	u/DominiekV	fmvvtp8	C
2020-04-09 08:03:29.011997	u/HAROLD-SHIPMAN-FAN	fmvw6ij	u/thefifthdreemurr	fmvvgdg	C
2020-04-09 08:03:57.074706	u/Uddhav_Kalra	fmvw7kl	u/missingjoke4	fmvvxlg	C
2020-04-09 08:04:44.917085	u/Crims0nEnigma	fmvw92u	u/observendespise	fmvw12e	C
2020-04-09 08:04:58.606474	u/r4nD0mP14yer	fmvw9pn	u/MrSchnapskatze	fmvuxy2	C
2020-04-09 08:05:02.408766	u/Capsecaps	fmvw9q8	u/EddieStaddon	fmvw8fx	C
2020-04-09 08:05:27.177911	u/luigi2406	fmvwaay	u/spirosalexis	fmvuz3s	C
2020-04-09 08:06:40.874060	u/ErtiGamingTv	fmvwcsm	u/OGBit1	fmvo0jc	C
2020-04-09 08:07:04.141509	u/Loxnezz	fmvwdnk	u/ApPLLEBAnDAna126	fmvw7iv	C
2020-04-09 08:07:17.164935	u/zebsra	fmvwe62	u/SlaughterKoorland	fmvcvxq	C
2020-04-09 08:07:37.576361	u/mattrocksalot	fmvwezi	u/NoticeMeHogHorn999	fmvvwze	C
2020-04-09 08:08:12.858324	u/skedaddle5	fmvwgl5	u/Itsameyahoo	fmvsw1n	C
2020-04-09 08:08:38.923183	u/Zomnkey	fmvwhk8	u/FRAX1001	fmvw8ix	C
2020-04-09 08:09:06.178239	u/alucidsky	fmvwiw8	u/Phqntom103	fmvvkw9	C
2020-04-09 08:09:16.858445	u/BostonHotcake	fmvwjbl	u/VajrayakshaKesari	fmvkr3p	C
2020-04-09 08:09:21.042909	u/sph_god	fmvwjlg	u/catshit01	fmvvomi	C
2020-04-09 08:09:39.942415	u/NotForMeClive7787	fmvwkbe	u/NaniZaWarudo	fmvdsbh	C
2020-04-09 08:09:43.582823	u/WellYeahButMaybe	fmvwkf0	u/Ya-Boi-Joey-Boi	fmvshky	C
2020-04-09 08:10:00.157926	u/Ar_196	fmvwlmh	u/MoistNightmare	fmvs1so	C
2020-04-09 08:10:23.238008	u/NaCliest	fmvwmfk	u/MrFr0stycave	fmvugne	C
2020-04-09 08:10:33.183851	u/tmdubbz	fmvwmjj	u/KingLouisThe14	fmvvygd	C
2020-04-09 08:11:06.375355	u/James232006	fmvwn9d	u/mustafa_kilic	fmviq8i	C
2020-04-09 08:11:41.733040	u/YazeedDaBeast	fmvwods	u/MrsRobertshaw	fmvo2cm	C
2020-04-09 08:11:55.113109	u/gozerattnet	fmvwot6	u/T5r3	fmvqu24	C
2020-04-09 08:12:45.740758	u/peppapig_queen72	fmvwpw0	u/Blobfishforpresident	fmvwenn	C
2020-04-09 08:12:51.272502	u/random_human_121	fmvwq6l	u/Adolfandshreksbabies	fmvwldm	C
2020-04-09 08:13:04.259145	u/ecchiporo	fmvwqi5	u/ing_die	fmvw0o7	C
2020-04-09 08:13:50.141184	u/TyroneShoelaces69	fmvwrkh	u/RossParka	fmvj8wc	C
2020-04-09 08:14:11.627770	u/Jstar300	fmvws8x	u/eyesmaybe	fmvvx44	C
2020-04-09 08:14:36.427187	u/tseley0	fmvwt2u	u/ItachiUchihaItachi	fmvrbfo	C
2020-04-09 08:14:39.575845	u/tapirtijd	fmvwt3v	u/xXTERMIN8RXXx	fmvwmck	C
2020-04-09 08:15:10.649863	u/ThatVapeBitch	fmvwtyh	u/Xavinights	fmvkbrh	C
2020-04-09 08:15:18.346130	u/soumatra	fmvwuig	u/ing_die	fmvwozd	C
2020-04-09 08:15:28.387344	u/Kuyamorayota	fmvwunr	u/Emperor_O_Memes	fmvugcx	C
2020-04-09 08:15:30.526379	u/x5gamer5	fmvwunx	u/RealHuman3001	fmugf66	C
2020-04-09 08:15:48.386134	u/Dippiedaan	fmvwv67	u/genital_rot	fmvwcks	C
2020-04-09 08:16:18.611633	u/the-software-man	fmvww2u	u/Hatimdecor	fxqg7v	S
2020-04-09 08:16:26.348860	u/Lossopoddole	fmvwwcf	u/Red_Death_08	fmvmlia	C
2020-04-09 08:16:31.915813	u/ItsAkira	fmvwweu	u/MyName1sUrName	fmvrerv	C
2020-04-09 08:16:54.989533	u/Ruthy04	fmvwx6v	u/casul_noob	fmvwn33	C
2020-04-09 08:17:43.483180	u/BrainAFK-	fmvwyul	u/Alperen1627Abaci	fmvumi6	C
2020-04-09 08:17:46.020400	u/Shelled_Turtle	fmvwyvl	u/Runesc899	fmu1ww3	C
2020-04-09 08:19:00.549452	u/PAENXX	fmvx2wx	u/azur933	fmvngm2	C
2020-04-09 08:19:08.798769	u/CS_Hobbit	fmvx3ib	u/K33tonHomi3	fmvw2ut	C
2020-04-09 08:19:14.736395	u/JustTryingToHelp88	fmvx3uh	u/curiouscabbage69	fmvwodc	C
2020-04-09 08:19:18.393611	u/ForkBe4st99	fmvx3yd	u/Fares035	fxr73v	S
2020-04-09 08:19:36.683686	u/Dear-Log	fmvx4uv	u/RussianCheeseDood	fmvs4i1	C
2020-04-09 08:19:42.331999	u/xaqeree	fmvx4za	u/kewqz	fmvwf8z	C
2020-04-09 08:19:47.292129	u/irkach	fmvx5at	u/vplayzz	fmvx4gw	C
2020-04-09 08:21:05.963644	u/RobL0xsLaYer666	fmvx7q1	u/soumatra	fmvwuig	C
2020-04-09 08:21:27.356332	u/TotalMemes	fmvx8cx	u/TrinalRogue	fmvubju	C
2020-04-09 08:21:39.474538	u/PiXeL500	fmvx8lt	u/duy1008	fmvwh1l	C
2020-04-09 08:21:50.214384	u/UserRandomizzed	fmvx8zz	u/CloppyTheClopper	fmvqj6g	C
2020-04-09 08:22:38.719966	u/seraphineravioli	fmvxaau	u/Zu-MEX	fmviyx2	C
2020-04-09 08:22:53.913402	u/Get-In-My-Van-Kids	fmvxai6	u/soumatra	fmvwuig	C
2020-04-09 08:23:04.010721	u/megbliss	fmvxaso	u/nukafan2277	fmvre66	C
2020-04-09 08:23:25.100486	u/zorglub91	fmvxb5f	u/ItachiUchihaItachi	fmvw2hg	C
2020-04-09 08:23:43.003799	u/PrismaPhoenix	fmvxbe7	u/dentedgal	fmvu5fj	C
2020-04-09 08:24:14.042319	u/SomeRandomMartin	fmvxbz7	u/igorrto2	fmvmlf9	C
2020-04-09 08:24:18.338395	u/Gonai666	fmvxc51	u/TraditionalEagle7	fmvupx8	C
2020-04-09 08:24:37.458010	u/griffo-mate	fmvxcs7	u/Demaskull	fmvwrls	C
2020-04-09 08:25:04.534754	u/9gagIsTriumphant	fmvxdqp	u/ApPLLEBAnDAna126	fmvxafq	C
2020-04-09 08:25:18.416023	u/tanmay-jain	fmvxe3w	u/Hydroxy_moron	fmvqqx8	C
2020-04-09 08:25:56.202509	u/Rampaige311	fmvxf6g	u/Th3RealGod	fxouz3	S
2020-04-09 08:26:39.895570	u/WishMindful	fmvxgbj	u/Taldius175	fmvxeaw	C
2020-04-09 08:26:43.103211	u/ragra2002	fmvxgfz	u/halelangit	fmvrczw	C
2020-04-09 08:26:47.086938	u/Burpmeister	fmvxgnc	u/ShadowClaw765	fmvx2yj	C
2020-04-09 08:26:48.940822	u/nobody42o	fmvxgng	u/smegma1234	fmvoe20	C
2020-04-09 08:27:04.210092	u/Itchy-Mood	fmvxh9i	u/Taco443322	fmvw7sk	C
2020-04-09 08:27:09.972273	u/Meatchris	fmvxhge	u/AtheRipper	fmvtmx6	C
2020-04-09 08:27:15.536413	u/CharleZZy	fmvxhl8	u/monkeybrains12	fmvx9qi	C
2020-04-09 08:29:09.504562	u/notubercarried	fmvxm69	u/Aj_Ghosti	fmvxbqc	C
2020-04-09 08:29:28.974196	u/kiqegaming	fmvxn04	u/minev1128	fmvayk4	C
2020-04-09 08:29:30.086957	u/Trashbandiscoot	fmvxn1a	u/youfibbedinjanuary	fmvnr0l	C
2020-04-09 08:29:32.261605	u/Joshbvb	fmvxn6t	u/xXBlackWolvesXx	fmvwuz4	C
2020-04-09 08:29:47.156684	u/allmightyvignesh	fmvxoed	u/FizzySodaBottle210	fmvfylt	C
2020-04-09 08:29:57.055766	u/imnotgiofilms	fmvxp4z	u/Masturbuilder	fmvvg4e	C
2020-04-09 08:31:02.348524	u/THE_RECRU1T	fmvxrce	u/Lord_Darklight	fmvvoed	C
2020-04-09 08:31:21.696476	u/noodleboi092	fmvxs4z	u/The1GiantWalrus	fmvxiam	C
2020-04-09 08:32:45.167931	u/holytacoo	fmvxuvt	u/JungleLiquor	fmvn1pq	C
2020-04-09 08:32:53.969867	u/TimMerman12	fmvxv5u	u/Burgnasty54	fmvw7pt	C
2020-04-09 08:33:20.261698	u/Robar23	fmvxvxi	u/An_average_moron	fmvxv0i	C
2020-04-09 08:33:49.473537	u/Bagpuss19	fmvxx9r	u/Mr_RandomThoughts	fmurmtx	C
2020-04-09 08:34:20.867645	u/Matttrolo	fmvxy6r	u/oopsboobs3	fmvus06	C
2020-04-09 08:34:55.973445	u/boxofpickles	fmvxzg1	u/noodleboi092	fmvxs4z	C
2020-04-09 08:35:21.673178	u/moosusupreme	fmvy0i5	u/Emperor_O_Memes	fmvxrai	C
2020-04-09 08:35:30.936152	u/IStillPlayHalo	fmvy0ml	u/RussianCheeseDood	fmvs4i1	C
2020-04-09 08:35:43.682461	u/100BottlesOfMilk	fmvy15e	u/eyesmaybe	fmvvx44	C
2020-04-09 08:35:48.940345	u/imSillayy	fmvy1ex	u/dude_above_me_is_gay	fmuv5sf	C
2020-04-09 08:36:37.971425	u/pchitti_21	fmvy362	u/420_Brit_ISH	fmvv8m9	C
2020-04-09 08:36:50.993655	u/totislove	fmvy3ha	u/Nothing_here_bro	fmta9kp	C
2020-04-09 08:37:34.771446	u/BananaSlander	fmvy564	u/AzaBlanta	fmvwcr7	C
2020-04-09 08:38:06.306950	u/nublifeisbest	fmvy64e	u/fridgeairbnb	fmvusat	C
2020-04-09 08:38:43.140999	u/Nanachis_fluffiness	fmvy771	u/Patrick_Bot2	fmuq2ik	C
2020-04-09 08:38:45.413328	u/Plastic___Bread	fmvy7ac	u/iloveanimals1_1	fmvxngq	C
2020-04-09 08:38:46.854382	u/AnonymousDemon69	fmvy7dj	u/outstandn12	fmvqia6	C
2020-04-09 08:38:56.578609	u/MrPastis	fmvy7ri	u/thedovahkitt	fmvn3pp	C
2020-04-09 08:39:02.504963	u/Internative	fmvy81i	u/Xeaqhua	fmmnp7b	C
2020-04-09 08:39:12.929176	u/lonelybanana00	fmvy8gb	u/allhailthepotato	fmvlrav	C
2020-04-09 08:39:14.899457	u/Daki2109	fmvy8id	u/An_average_moron	fmvy64p	C
2020-04-09 08:39:24.854882	u/Alontrle	fmvy993	u/bfindlay22	fmvv2zo	C
2020-04-09 08:39:26.509045	u/Big_MAK4	fmvy9ei	u/buzazy	fmvtohi	C
2020-04-09 08:39:39.221615	u/bothetemmie	fmvya3f	u/MemeBoiCrep	fmvxb2p	C
2020-04-09 08:39:45.646469	u/arth2007	fmvyabl	u/Electroshock14	fmvxfoh	C
2020-04-09 08:39:54.016779	u/Grescho	fmvyb77	u/LunarOutlaw20	fmvy19d	C
2020-04-09 08:39:54.855528	u/FaeAura	fmvyb89	u/MarioMario1010	fmvrues	C
2020-04-09 08:39:57.980872	u/Rish83	fmvybgt	u/missingjoke4	fmvvxlg	C
2020-04-09 08:40:21.565470	u/stickyonestyll	fmvyc4h	u/joethepie	fmvos2w	C
2020-04-09 08:40:56.954855	u/bhjones95	fmvyd4i	u/cinqvirgulequatremle	fmvnuks	C
2020-04-09 08:41:08.653248	u/triceps_be_flexed	fmvydff	u/UtoomadLoL	fmvla9h	C
2020-04-09 08:41:28.254468	u/Georgi515	fmvye06	u/WoolWitchery	fmvjc88	C
2020-04-09 08:42:23.022478	u/WillieFin	fmvyfbn	u/HamuAP	fmvy7ur	C
2020-04-09 08:42:40.413193	u/jtcoop02	fmvyfpi	u/totallyahumanperson1	fmvqcwl	C
2020-04-09 08:43:16.802086	u/OoglaBonbongla	fmvygqh	u/RepostSleuthBot	fmvwutp	C
2020-04-09 08:43:37.874294	u/AJ124	fmvyhl2	u/nickky_b	fmuvtkf	C
2020-04-09 08:43:51.434693	u/Astromatix	fmvyhyn	u/SlaughterKoorland	fmvcvxq	C
2020-04-09 08:44:19.383318	u/LittleMuppet	fmvyij2	u/littlefar	fmvobvd	C
2020-04-09 08:44:34.353187	u/bruhbruhbruhbruhpoop	fmvyiyt	u/yousosus	fmvyfzp	C
2020-04-09 08:44:50.798163	u/Lolvein18	fmvyji7	u/kid-whyvern	fmvycwq	C
2020-04-09 08:44:58.471897	u/Wadamek	fmvyjpg	u/WillieFin	fmvyfbn	C
2020-04-09 08:45:22.445901	u/shout_like_hell	fmvykbj	u/Wierdcreations	fmvr39n	C
2020-04-09 08:45:47.110458	u/gordan_freeman809	fmvyllm	u/Grescho	fmvyb77	C
2020-04-09 08:46:01.158596	u/yui888	fmvym1l	u/robin_joker	fmvwrq7	C
2020-04-09 08:46:30.109343	u/dcvwarrior8	fmw0506	u/Gremberoo	fmvd1jx	C
2020-04-09 08:46:34.664564	u/missuncleben	fmw053s	u/RepostSleuthBot	fmve9qh	C
2020-04-09 08:47:24.644671	u/Sans0103	fmw06zg	u/allhailthepotato	fmvlu8m	C
2020-04-09 08:47:35.211731	u/mr_seeker	fmw07bs	u/Hawk_Fish	fmvzt7u	C
2020-04-09 08:47:50.350524	u/MrFillywonk	fmw088o	u/curiouscabbage69	fmvza0p	C
2020-04-09 08:47:53.084763	u/MashoodPlayz	fmw08da	u/minev1128	fmvucx6	C
2020-04-09 08:48:06.629136	u/Lolxd69Prank	fmw08uc	u/iArena	fmvzxii	C
2020-04-09 08:48:08.310232	u/cyberneticpencil	fmw08wj	u/Green_Leader_Edd	fmuktvp	C
2020-04-09 08:48:18.851813	u/unloving-god	fmw09ac	u/ImmediatelyOcelot	fmvxt69	C
2020-04-09 08:48:38.768410	u/__Coronavirus__	fmw0a1e	u/iArena	fmw03kw	C
2020-04-09 08:48:44.986413	u/jossu_liiva	fmw0akv	u/NuclearWarGod	fmvnemv	C
2020-04-09 08:49:02.137765	u/roldene	fmw0bon	u/knifuser	fmvuiz9	C
2020-04-09 08:49:24.324037	u/kitkat-xoxo	fmw0cl3	u/BabyNutMemeOfDecade	fmvzlsx	C
2020-04-09 08:49:26.318821	u/seapeary7	fmw0cum	u/Novocaine0	fmvrax2	C
2020-04-09 08:49:33.187625	u/XxPopRockzxX	fmw0d36	u/Sans_The_Comic321	fmw09z1	C
2020-04-09 08:50:04.414482	u/Agenr_Pingo	fmw0ews	u/NeoSyncline	fmvo71b	C
2020-04-09 08:50:26.793712	u/AloneAcadia	fmw0fii	u/MemeBoiCrep	fmviy01	C
2020-04-09 08:50:42.008590	u/rohannk99	fmw0fsc	u/iArena	fmw03kw	C
2020-04-09 08:51:25.827526	u/aRubby	fmw0hl7	u/warptwenty1	fmw0fpx	C
2020-04-09 08:51:34.513360	u/NeverGGYUNeverGLYD	fmw0hpt	u/XTheKoolKidX	fmw0fkv	C
2020-04-09 08:52:07.939092	u/piratezac11	fmw0ihi	u/hardeepst1	fmw0gpv	C
2020-04-09 08:52:32.494407	u/sly_sed	fmw0j5a	u/DadaNoob0	fmvz4cd	C
2020-04-09 08:52:39.799069	u/andjsplace2	fmw0jgz	u/Yemen_Is_My_City	fmvsvi6	C
2020-04-09 08:52:45.215901	u/Bills_busty_burgers	fmw0jkr	u/peterslabbit	fmvb38m	C
2020-04-09 08:55:18.035009	u/FORTHEWORM	fmw0nqe	u/Droppedlotus41	fmw0key	C
2020-04-09 08:55:22.883280	u/DanMag293	fmw0nr3	u/spletonia	fmvzwod	C
2020-04-09 08:55:56.410338	u/systemofanup1001	fmw0ogl	u/yurnosmith	fmvvnx6	C
2020-04-09 08:56:17.985356	u/marionristov111	fmw0p4f	u/NicamanXvenia	fmv44eo	C
2020-04-09 08:56:55.401530	u/ell_cee	fmw0pym	u/Goosebred	fmvjigc	C
2020-04-09 08:57:04.086140	u/llunarllamas	fmw0q4u	u/Kitebot001	fmw0mpl	C
2020-04-09 08:57:41.083795	u/rufuswilde02	fmw0rag	u/gordan_freeman809	fmvyllm	C
2020-04-09 08:58:00.114804	u/Cursed_Improviser	fmw0s0n	u/Bruh_Bot_	fmvs873	C
2020-04-09 08:58:10.359907	u/Nickchiper	fmw0sk7	u/krankz	fmvzthf	C
2020-04-09 08:58:21.805664	u/MrPish-Pish	fmw0t43	u/rufuswilde02	fmw0rag	C
2020-04-09 08:58:29.587577	u/liam-miron15	fmw0t8l	u/jackobo1	fmvmj27	C
2020-04-09 08:58:32.882939	u/zeke2021	fmw0tb0	u/DracoAwing	fmvzuty	C
2020-04-09 08:58:39.394216	u/BrotherMaynard83	fmw0tek	u/maxster2025	fmw0rjl	C
2020-04-09 08:58:50.019424	u/Tropezieene	fmw0u3z	u/Kuyamorayota	fmvwqx6	C
2020-04-09 08:59:01.943072	u/take_XD_care	fmw0ucm	u/Mouldypotatoes	fmvqa7t	C
2020-04-09 08:59:34.092694	u/Wennomi	fmw0vri	u/Jebenicausrcu	fmvh4c5	C
2020-04-09 08:59:47.246331	u/burka_dd	fmw0wia	u/iArena	fmvzxii	C
2020-04-09 08:59:49.995633	u/WillSmithPenis	fmw0wv4	u/bobthebest333	fmpbpt5	C
2020-04-09 08:59:58.581524	u/CentBoy	fmw0xei	u/r34orang	fmw0ud1	C
2020-04-09 09:00:00.071561	u/_Shadowlord	fmw0xqu	u/LouisUchiha04	fmvw0en	C
