2020-04-08 19:00:51.168505	u/bogpudding	fmu8mja	u/HowardtheDuck275	fmu8kk5	C
2020-04-08 19:00:55.728063	u/Brax-attack123	fmu8ml6	u/-chocolatehead_	fmu7xgo	C
2020-04-08 19:01:18.523079	u/todlergenocide	fmu8nbw	u/TheRealDestian	fxbf71	S
2020-04-08 19:01:24.311039	u/donmodro	fmu8nm4	u/Leomko	fmu1rtq	C
2020-04-08 19:03:22.979302	u/FearfulKnight1	fmu8ro9	u/V4_Sleeper	fmtzep3	C
2020-04-08 19:03:44.335203	u/LostTheGameYouHave	fmu8s61	u/KarasLancer	fmrjy6r	C
2020-04-08 19:03:50.018286	u/sofu0428	fmu8sar	u/-SpaceToast-	fmu03ds	C
2020-04-08 19:03:55.370093	u/OniChan42069	fmu8sk3	u/Pandoras_Cockss	fmu8fpm	C
2020-04-08 19:04:07.997571	u/JYBrainz	fmu8t5b	u/gonwo	fmtvlfw	C
2020-04-08 19:04:26.220977	u/anto890	fmu8tn4	u/3xbah	fmu8hvr	C
2020-04-08 19:04:28.423916	u/Joe-Kool	fmu8tnc	u/Fantastic_Ostrich	fmu8s1p	C
2020-04-08 19:04:46.554131	u/ShadowHypno	fmu8u2g	u/chaseprovost21	fmtr99p	C
2020-04-08 19:05:08.215056	u/Dorandu	fmu8umg	u/Jeffo-The-Dank	fmu8heg	C
2020-04-08 19:05:36.704373	u/SonitaMiles	fmu8vl1	u/Orvvadasz	fmtlwhr	C
2020-04-08 19:05:41.692396	u/Dankus-Memeious	fmu8vm8	u/Dirtiestyoda	fmu8gg9	C
2020-04-08 19:05:50.075930	u/Get-The-Beans	fmu8vu7	u/comerade-elmo	fmu8p7c	C
2020-04-08 19:05:52.075217	u/CatHerder327	fmu8vv2	u/the-lazy-sloth	fmu8ufq	C
2020-04-08 19:06:53.160133	u/tsm_feze_periodblood	fmu8yg9	u/Billy_T_Wierd	fmu2sau	C
2020-04-08 19:07:00.012452	u/bystricky34	fmu8ysi	u/TheAirNomad11	fmu8vru	C
2020-04-08 19:07:29.362772	u/dafatmexicankid	fmu8zz3	u/monkeybrains12	fmu7ttx	C
2020-04-08 19:07:39.590208	u/ShadowClaw765	fmu90gx	u/Crimson_Synthwave	fmu7zkm	C
2020-04-08 19:07:51.113378	u/Silicon_2	fmu91gt	u/broheee	fmu8qcu	C
2020-04-08 19:08:01.358455	u/worth_schi_13	fmu923p	u/RepostSleuthBot	fmu904w	C
2020-04-08 19:08:24.406899	u/ilikenugss	fmu93qx	u/BossScribblor	fmu7ydr	C
2020-04-08 19:08:47.436181	u/Ronhoward21	fmu94b3	u/Depressive-Boi	fmu3o4g	C
2020-04-08 19:08:49.079847	u/tacos_up_my_ass	fmu94bo	u/copperskin	fmtizjd	C
2020-04-08 19:09:22.977464	u/sexy-Franky-pants	fmu96cd	u/MMaalouf108140	fmu4q0e	C
2020-04-08 19:09:24.786040	u/elijahisaac13	fmu96la	u/kiri1234jojo	fmtzcis	C
2020-04-08 19:09:44.375660	u/prerecordedusername	fmu982z	u/DungeonRobot	fmthyb3	C
2020-04-08 19:10:15.536444	u/whowantblood	fmu9a7d	u/Drake498	fmtj69x	C
2020-04-08 19:11:04.845683	u/Cakepop200000	fmu9d57	u/VeNomX_Spitzer	fmqx9mo	C
2020-04-08 19:14:01.853174	u/Sp4rT4NN	fmu9jcm	u/huyks_vn	fmtyf4q	C
2020-04-08 19:14:36.839896	u/Pitagor	fmu9l7w	u/TheSabreWoods	fmu438n	C
2020-04-08 19:14:59.621133	u/MisguidedBabbling	fmu9m8a	u/ImmortalAshirpa	fmu9gq5	C
2020-04-08 19:15:02.591148	u/DenseOriginal	fmu9maw	u/scoobymax	fmu961p	C
2020-04-08 19:15:07.118078	u/dilly_vanilly95	fmu9mmj	u/Emperor_O_Memes	fmu8l3k	C
2020-04-08 19:15:13.797938	u/glkerr	fmu9my9	u/Oscarrrfranklin	fms99fg	C
2020-04-08 19:15:23.323848	u/dreadsyy	fmu9n8v	u/Teh_Wey	fmtu6ab	C
2020-04-08 19:15:37.496379	u/emperor_panda1	fmu9o4z	u/Wait-u-r-not-my-mom	fmu7xbj	C
2020-04-08 19:16:16.576240	u/ben69the12th	fmu9pup	u/seanssy	fmi5jmh	C
2020-04-08 19:17:23.343460	u/SerpentsSword	fmu9td0	u/graymond115	fmtlu2n	C
2020-04-08 19:17:38.801886	u/MadeofJules	fmu9u2h	u/T-rex-mex	fmu9rts	C
2020-04-08 19:17:50.473905	u/GiveMeMedals	fmu9v31	u/Galactichydra	fmtdeuw	C
2020-04-08 19:17:55.312638	u/3p1cD00d	fmu9vhp	u/mrboat-man	fmu95mg	C
2020-04-08 19:18:16.669012	u/TheCommunistShiba	fmu9wq1	u/just1ofx	fmtf4ez	C
2020-04-08 19:18:50.378069	u/redrose911	fmu9xwe	u/we_R_allEnslaved	fmsa429	C
2020-04-08 19:19:07.837658	u/ya_yeet12349	fmu9yge	u/shishka0	fmrmfpl	C
2020-04-08 19:19:23.484823	u/CreepyPsycho	fmu9zvu	u/italian_stonks	fmsgfdl	C
2020-04-08 19:19:42.142468	u/th3dank3ngine	fmua1ho	u/Ikbenmathijs	fmu6ng2	C
2020-04-08 19:19:47.059223	u/CaptainRelyk	fmua1xx	u/ETHEKILLER	fmu1zkk	C
2020-04-08 19:20:20.625604	u/OliverStreet	fmua4cf	u/Roc_na_na	fmu9nv7	C
2020-04-08 19:20:34.908548	u/13pts35sec	fmua4qm	u/CacklettasMinion	fmtzqrp	C
2020-04-08 19:20:59.496469	u/mrgoatfart	fmua5yt	u/RepostSleuthBot	fmua4e9	C
2020-04-08 19:21:04.500925	u/CaptainRelyk	fmua69n	u/ETHEKILLER	fmua3ar	C
2020-04-08 19:21:06.810729	u/Grabs2625	fmua6dr	u/Beaned_Oreo	fmu1yg7	C
2020-04-08 19:22:54.501674	u/FoxyFluff_	fmua8t9	u/EatDorito	fmtipom	C
2020-04-08 19:23:19.189838	u/-C-H-	fmua9i2	u/iheretoupvote	fmu6h8r	C
2020-04-08 19:23:38.697886	u/BelieveRL	fmuaa5z	u/longbongstrongdong	fmtucj2	C
2020-04-08 19:23:48.972104	u/Leppedingo	fmuaad8	u/kdsiss	fmu95wi	C
2020-04-08 19:24:29.581112	u/JnRLewis	fmuab8s	u/Cynical_Llama	fmtd80l	C
2020-04-08 19:24:44.889348	u/The_Fisken	fmuaccz	u/HowBoutIDoIt	fmu9loe	C
2020-04-08 19:24:56.718047	u/KingSucculent	fmuacq4	u/scubapilot15	fmu94vo	C
2020-04-08 19:24:58.696513	u/breathofthewild_link	fmuacrn	u/Iescaunare	fmu2h4p	C
2020-04-08 19:25:07.402977	u/forest_101	fmuacw9	u/Eggboi0	fmu9khh	C
2020-04-08 19:25:29.696049	u/DlNG0	fmuadk6	u/L0rdOfBac0n	fmu81xw	C
2020-04-08 19:26:14.422049	u/sirkenny69	fmuaftx	u/AhsokaLived	fmt5r0r	C
2020-04-08 19:26:21.161865	u/IcedKamikaze	fmuag6o	u/pilotslayer1	fmt6ca9	C
2020-04-08 19:26:56.023218	u/Repulsive_Level	fmuahxe	u/hecking-fricker	fmtb6mv	C
2020-04-08 19:27:01.438337	u/KingBenjamin97	fmuai09	u/PunjabDa	fxcpkr	S
2020-04-08 19:27:27.084668	u/420SampleTxt	fmuajbd	u/Roc_na_na	fmua7d4	C
2020-04-08 19:27:28.989662	u/Antboi420	fmuajc7	u/MAGIC_EYE_BOT	fmuagfs	C
2020-04-08 19:27:40.560998	u/Twoneis	fmuajw5	u/DeadMan-Walkin	fmuabcy	C
2020-04-08 19:27:43.286738	u/colaa-chan	fmuajw7	u/DlNG0	fmu8yqj	C
2020-04-08 19:27:50.716911	u/TymtheguyIguess	fmuaka5	u/OwlBoiy	fmuadpc	C
2020-04-08 19:27:54.777863	u/L_JV	fmuakfz	u/MMaalouf108140	fmts56p	C
2020-04-08 19:28:47.571030	u/Bleh_meh_snek	fmuamun	u/Number_Boi	fmtlqir	C
2020-04-08 19:28:57.056597	u/Kerolsxz	fmuanbv	u/Beaned_Oreo	fmu29en	C
2020-04-08 19:29:10.701042	u/PoonGoon24	fmuao0s	u/MrProbation	fmu5217	C
2020-04-08 19:29:31.304647	u/ZENIE_	fmuapl9	u/Pickle121201	fmuaic5	C
2020-04-08 19:29:33.641824	u/Master_Mir	fmuapsx	u/hajxh	fmu0gd6	C
2020-04-08 19:29:37.020280	u/mlggaming5782	fmuaq57	u/Lolifox-UwU	fmtoj8b	C
2020-04-08 19:29:51.489258	u/MostImportantSpoon	fmuarja	u/Emergency_Paperclip	fmu5emj	C
2020-04-08 19:29:55.585527	u/crapsaladbowl	fmuarwo	u/KingBenjamin97	fmuai09	C
2020-04-08 19:29:56.252180	u/n4onstot	fmuarx6	u/Rascal908	fmu8973	C
2020-04-08 19:29:59.495246	u/ImEatingSnacksRn	fmuas57	u/XL-FL	fmuaiis	C
2020-04-08 19:30:31.529004	u/phatmatt555	fmuat78	u/ZukusCatHeaven_Art	fmta7ez	C
2020-04-08 19:31:40.146115	u/TOMMC69	fmuawaw	u/E_J_L	fmtplkj	C
2020-04-08 19:32:53.407002	u/Gotech_Z	fmuaz5v	u/texo77	fmu9opd	C
2020-04-08 19:33:06.386994	u/noahad7	fmub0dm	u/DatFisheBoi	fmrqws0	C
2020-04-08 19:33:56.788437	u/Avaryr	fmub2ly	u/dreadsyy	fmuastb	C
2020-04-08 19:34:40.645662	u/xxslaying	fmub4gb	u/hayjaybirk	fmtnqyo	C
2020-04-08 19:34:59.977215	u/lattesandlongruns	fmub57w	u/fender_strat55	fmu2ax9	C
2020-04-08 19:35:36.621034	u/tylee2003	fmub6c6	u/Ohgodmanyo	fmu1npz	C
2020-04-08 19:36:21.982073	u/chaosandhavoc88	fmub8p1	u/SkriLLo757	fmskywi	C
2020-04-08 19:36:54.352388	u/Razor530	fmubaev	u/Doggo_Tacos	fmua71l	C
2020-04-08 19:36:57.093590	u/traiseSPB	fmubai1	u/MMaalouf108140	fmtgk1r	C
2020-04-08 19:38:33.329908	u/littlebear-32	fmubg4q	u/g8rBfKn	fmub1n0	C
2020-04-08 19:39:15.390562	u/cherrycoffeetable	fmubioj	u/Rusty4570	fmube4h	C
2020-04-08 19:39:25.177067	u/jrnejdjdhsjejf	fmubjmp	u/ChadTheGremlin	fmt8x1o	C
2020-04-08 19:39:30.935867	u/Obi_Wan_Shinobi_	fmubkjw	u/KingSucculent	fmuacq4	C
2020-04-08 19:39:58.290884	u/Ic_Wing	fmubm4a	u/speedforceahmed	fmu8d6j	C
2020-04-08 19:40:47.624654	u/KryptiKallon	fmubno2	u/ExtraSpicy47	fmu1e4g	C
2020-04-08 19:42:15.632783	u/fatbojim	fmubr6b	u/niveikitten	fmubcwd	C
2020-04-08 19:42:18.863681	u/TraditionalEagle7	fmubr84	u/sasori1771	fmtyztr	C
2020-04-08 19:43:09.681298	u/yeeters-apprentice	fmubt3x	u/HowardtheDuck275	fmtspy5	C
2020-04-08 19:43:21.203222	u/Jandrus_Dixit	fmubtes	u/jakethedumbmistake	fmrtqu2	C
2020-04-08 19:43:33.129410	u/captainsincers	fmubtq7	u/0zone1416	fmu7al5	C
2020-04-08 19:43:39.506463	u/oogumboogumbaby27	fmubtw4	u/Slasher13k	fmtbd00	C
2020-04-08 19:44:07.535984	u/Pk-Baked	fmubv95	u/alextherandomdude	fmu1x4q	C
2020-04-08 19:44:28.244772	u/tnick771	fmubwii	u/asdf_qwerty27	fmu9qlh	C
2020-04-08 19:44:42.921072	u/lorddug1	fmubx57	u/adrianna56785	fmubcl2	C
2020-04-08 19:45:16.167843	u/db123infane	fmubypb	u/Aquamic	fmqv0lr	C
2020-04-08 19:45:37.471838	u/sathran337	fmubzq7	u/BoldAurorusEMS	fmuantx	C
2020-04-08 19:45:49.864082	u/earthboundfantoo	fmuc0hi	u/not_fake_am	fmtxyfx	C
2020-04-08 19:45:54.997658	u/RokeyKokey	fmuc0o0	u/DankDucko77	fmtaeam	C
2020-04-08 19:46:23.698276	u/jabsandstabs32	fmuc1oe	u/rwils926	fmuasx7	C
2020-04-08 19:46:25.675096	u/ilakis	fmuc1og	u/Lone-Oak	fmt7hqu	C
2020-04-08 19:46:37.094908	u/GoLol_	fmuc24f	u/BabyDude5	fmtagqv	C
2020-04-08 19:46:50.859375	u/The-DrunkenSailor	fmuc32v	u/MasterKlaw	fmubzri	C
2020-04-08 19:47:34.588736	u/WeirdVideoGamer	fmuc5rp	u/pudgyp08	fmubou5	C
2020-04-08 19:47:38.521237	u/GSkittle666	fmuc5v5	u/Mostly_Harmless_6942	fmsupgx	C
2020-04-08 19:48:15.657925	u/VileInsidias	fmuc7xo	u/TheMightyBeak376	fm30jsc	C
2020-04-08 19:48:19.553965	u/TheRealWarBeast	fmuc89r	u/YourNormal3200Runner	fmtse9m	C
2020-04-08 19:48:45.326279	u/laughs_with_salad	fmuc9zd	u/JamJamCuddlyLamb	fmu3z32	C
2020-04-08 19:49:16.398442	u/Giiko	fmucbpm	u/dreadsyy	fmub4au	C
2020-04-08 19:49:21.459742	u/un-taken_username	fmucccs	u/disgruntledcrayfish	fmu03zf	C
2020-04-08 19:50:44.010442	u/Destiny89becomesme	fmuci9n	u/MadKitKat	fmtz1rg	C
2020-04-08 19:50:56.530965	u/memesb0y	fmucizr	u/13pts35sec	fmua4qm	C
2020-04-08 19:51:04.519660	u/thicc_lad101	fmucjbg	u/Jawadude8	fmtv1sj	C
2020-04-08 19:51:17.044432	u/osman_ajmal	fmucjxt	u/Drake498	fmtj69x	C
2020-04-08 19:51:33.403139	u/memekey	fmucl9w	u/GoLol_	fmucfd4	C
2020-04-08 19:51:40.131379	u/daler75	fmucli6	u/rndmzr153	fmu5naw	C
2020-04-08 19:51:55.908623	u/bilko797908	fmucm2a	u/we_R_allEnslaved	fmsa429	C
2020-04-08 19:52:02.723901	u/nativenorthamerican	fmucmhg	u/luisa97m	fmuc3xu	C
2020-04-08 19:52:35.810277	u/UbercatsOnThemTiddys	fmucoa2	u/TheRealWarBeast	fmuc89r	C
2020-04-08 19:52:43.976964	u/Mew3OP	fmucohl	u/blentman	fmu5f5h	C
2020-04-08 19:53:08.672402	u/Cyro_Zeppeli	fmucp5r	u/General-Jeb	fmubsbq	C
2020-04-08 19:53:48.265239	u/I_Want_Your_Brains	fmucrqm	u/fixxer75	fmtvhg6	C
2020-04-08 19:54:21.424104	u/Crazy-Ceez	fmueqi5	u/RepostSleuthBot	fmtdkg6	C
2020-04-08 19:54:46.545285	u/fph5000	fmuer9f	u/TheRealDestian	fxbf71	S
2020-04-08 19:54:53.769210	u/coolcrab51	fmuerat	u/cdunk666	fmu0l24	C
2020-04-08 19:55:02.611427	u/baked-potato-3000	fmuerpg	u/S4J3R05	fmud28c	C
2020-04-08 19:55:20.377366	u/genjaminfranklin	fmues5i	u/theprocrastinator7	fmue3q8	C
2020-04-08 19:55:48.932223	u/pizzapresident	fmuetok	u/my-love-come-back	fmueony	C
2020-04-08 19:55:52.940652	u/turtwig12346	fmuetyz	u/Drivestesla	fmu8xc4	C
2020-04-08 19:57:08.110575	u/marianoklig	fmuey6o	u/luisa97m	fmuevuj	C
2020-04-08 19:57:17.603359	u/taquitaqui	fmueymd	u/hecking-fricker	fmtb6mv	C
2020-04-08 19:57:19.423084	u/Your-Uncle-Says-hi	fmueyoj	u/-The-Goose0-	fmstifc	C
2020-04-08 19:57:53.857055	u/_Aneki_	fmuf0mz	u/TheAirNomad11	fxbluf	S
2020-04-08 19:59:00.717720	u/rakerosion	fmuf3hw	u/TheDarkKnightXXII	fmueogs	C
2020-04-08 19:59:07.421969	u/buttcrusader	fmuf3vi	u/tnick771	fmue10v	C
2020-04-08 19:59:19.405506	u/evsapi	fmuf4px	u/Ph4nt0m_Hydra1	fmuf154	C
2020-04-08 19:59:31.136797	u/Sultan-hanoman	fmuf5kd	u/ScumlordAzazel	fmsnm0i	C
2020-04-08 19:59:34.595165	u/Objective-Task	fmuf5kq	u/baghead08	fmue2gf	C
2020-04-08 19:59:40.758129	u/snoipah379	fmuf63q	u/CoffeeCrispSlut	fmtwssb	C
2020-04-08 19:59:49.248626	u/benlucky25	fmuf6nx	u/darrenbrads123	fmtzryx	C
2020-04-08 19:59:53.337662	u/radioactiveferrets	fmuf74o	u/green_lean_peen	fmses4l	C
