2020-04-15 03:01:42.215538	u/cchloeflores	fngicvg	u/embeddedmonk20	fngesbr	C
2020-04-15 03:01:57.822868	u/xde2912	fngid61	u/DSVDeceptik	fngh5ao	C
2020-04-15 03:02:39.201364	u/endmee	fngie6n	u/furcsany_gyerenc	fngi7gk	C
2020-04-15 03:02:56.693853	u/Registeelurgirl69	fngielr	u/Alvaro_s	fng3tm0	C
2020-04-15 03:03:09.398929	u/TrAsH_PaNdA2006	fngiezs	u/jacks751	fnfrz3u	C
2020-04-15 03:03:49.610047	u/cosmicspaz	fngig4a	u/DestinyFloyd	fngeie9	C
2020-04-15 03:04:52.334526	u/IGotBanned2121	fngihur	u/Dakota71301	fngi8q4	C
2020-04-15 03:05:27.300584	u/4gsboi	fngij02	u/Br44n5m	fnfuwc6	C
2020-04-15 03:05:39.274378	u/AndresM1122	fngija9	u/cosmicspaz	fngig4a	C
2020-04-15 03:06:25.969633	u/MaxximuSS12	fngikiw	u/Dank-Meme-addict	fnghkxp	C
2020-04-15 03:06:27.904162	u/Erkondishn3tishic	fngikj4	u/5th_Realist	fnghig7	C
2020-04-15 03:06:33.143444	u/VirtualCloud7	fngikm9	u/matgravel	fng7pe6	C
2020-04-15 03:06:35.864316	u/azozi1971	fngikmd	u/MightHaveMisreadThat	g1mqvf	S
2020-04-15 03:06:44.526477	u/shadar78	fngikwq	u/Lilderek7_is_gay	fngdbjp	C
2020-04-15 03:06:49.756376	u/DashNSmash	fngikzc	u/panicbutnotanydisco	fnge3v0	C
2020-04-15 03:06:51.620707	u/antisocialswede	fngikzh	u/xtremeMemer69420	fngi5d3	C
2020-04-15 03:07:00.936735	u/Rudy_458	fngil8i	u/Lovro_G	fngiji1	C
2020-04-15 03:07:16.408108	u/JasonDonks	fngilmd	u/Ethancp226	fngh696	C
2020-04-15 03:07:40.258120	u/ILikePugz	fngimfm	u/Cillian_Brouder	fnfx1eu	C
2020-04-15 03:07:44.601630	u/User_2205	fngimiy	u/Hyproo	fngigde	C
2020-04-15 03:08:08.594833	u/Marioj01	fnginum	u/IGotBanned2121	fngihur	C
2020-04-15 03:08:35.184954	u/rarewalker	fngioys	u/kosseiii	g1m2d9	S
2020-04-15 03:08:55.956960	u/That1Niko	fngipxe	u/afdtx	fnfq7fu	C
2020-04-15 03:09:27.587045	u/ImmerOhneGluck	fngiqtl	u/Akdapanda31	fng9jop	C
2020-04-15 03:09:31.188088	u/UnderqualifiedCake	fngiqxb	u/GeoCreator5	fngilyu	C
2020-04-15 03:09:51.510122	u/Lordchadington	fngis60	u/CrazyGardevoir	fngg37f	C
2020-04-15 03:09:58.232173	u/WhenIsMyDadComingBac	fngisha	u/Geography213	fnfsa1p	C
2020-04-15 03:10:07.513862	u/XXX_MICHEAL_XXX	fngiss8	u/basketoffries	fnf4uo1	C
2020-04-15 03:12:03.186820	u/Tanzan57	fngiwh5	u/SpecialAgentGonzalez	fngf8d8	C
2020-04-15 03:13:18.184179	u/Emeralaxy	fngiy8o	u/shadow938	fngh0nb	C
2020-04-15 03:13:24.472358	u/Vladimir_Stallone	fngiyca	u/PsychicTempestZero	fngcrp8	C
2020-04-15 03:13:58.055369	u/Xodyssey11	fngiyzq	u/buzzme69420	fnf7l5a	C
2020-04-15 03:14:17.221164	u/MainCanadian	fngizcw	u/everthing-is-taken	fngbt03	C
2020-04-15 03:14:20.505461	u/wittyname619	fngizf6	u/Kidplayer_666	fngiqzr	C
2020-04-15 03:14:42.330838	u/_PM_ME_ANYTHING_-	fngizym	u/divadxuy	fnen1u9	C
2020-04-15 03:14:47.960865	u/Yollopukiii	fngj05f	u/wow-very-epic	fngfito	C
2020-04-15 03:14:55.007893	u/POLIKE45	fngj081	u/benseifert666	fngiwce	C
2020-04-15 03:16:13.323968	u/Tribago_red1820	fngj2gz	u/Dank-Meme-addict	fnghkxp	C
2020-04-15 03:16:16.223045	u/Jerrys_pet_dog	fngj2mm	u/LarryMyster	fnggfu2	C
2020-04-15 03:16:20.710323	u/myswampiscool	fngj2qt	u/Pay-Dough	fnfngiv	C
2020-04-15 03:16:29.281712	u/BatHawk07	fngj3b4	u/Mr_Jumbles	fngj1nn	C
2020-04-15 03:16:40.885615	u/Forest-G-Nome	fngj3tz	u/michealjcaboose87	fng13pe	C
2020-04-15 03:16:45.611300	u/StocksLowStonksHigh	fngj3w8	u/need_for_speeed	fngj22o	C
2020-04-15 03:17:01.297092	u/PaingPaingPP	fngj4lp	u/Radiant-monk	fngj0qx	C
2020-04-15 03:17:11.461472	u/VictoryStorms	fngj523	u/Idom03	fngiosp	C
2020-04-15 03:17:16.967252	u/Defiant-Ass	fngj55b	u/DarkDjool	fngivmz	C
2020-04-15 03:17:36.183167	u/chrissi-164	fngj62h	u/BatHawk07	fngj5fw	C
2020-04-15 03:17:50.018736	u/the-frosty-frostmage	fngj6l0	u/adoorhinge5407	g1mu77	S
2020-04-15 03:17:55.149407	u/spida-45	fngj6qg	u/06Grill	fngj5lg	C
2020-04-15 03:18:09.633984	u/juicybuttplug	fngj7jg	u/Massive-Risk	fnfqsdh	C
2020-04-15 03:18:22.490919	u/doamne_nu_ma_lasa	fngj83a	u/KaShank12	fngiqoe	C
2020-04-15 03:18:34.989312	u/HaterMcBaiter1	fngj8ux	u/PhantomIsDank	fmtlrcy	C
2020-04-15 03:19:13.849474	u/RickKruat	fngjapr	u/Kidplayer_666	fngiqzr	C
2020-04-15 03:19:18.835568	u/mYfaVoRitEcOloRSevEn	fngjazx	u/lord_puncake_420	fngejxw	C
2020-04-15 03:19:32.288621	u/yhorm-the-shagger	fngjbns	u/lil_boy3443	fng1fsw	C
2020-04-15 03:19:34.724579	u/28_Connor_wounds	fngjbqx	u/crunchycat007	fnghuee	C
2020-04-15 03:19:57.989604	u/JaxTor456	fngjcxd	u/fortpro87	fnfbfnv	C
2020-04-15 03:20:21.003191	u/kyanaaron	fngjdot	u/AnimeAikouka	fnghsyp	C
2020-04-15 03:20:46.912261	u/Gderoos	fngje5p	u/Highintheclouds420	fngarlt	C
2020-04-15 03:20:54.921852	u/CarefreeAbadeer	fngje9s	u/DownvoteToTheLeft69	fngjcmz	C
2020-04-15 03:21:10.124153	u/vasily999	fngjeke	u/jicty	fnfzhiu	C
2020-04-15 03:21:20.377550	u/NS_Proximity	fngjett	u/StocksLowStonksHigh	fngj3w8	C
2020-04-15 03:21:27.070318	u/SpicyEla	fngjeyy	u/Adam4king1	fngje1i	C
2020-04-15 03:21:45.865398	u/daikiryomi	fngjfka	u/Inner-Orange	fnftozv	C
2020-04-15 03:21:51.121103	u/superextrabingo	fngjflm	u/StocksLowStonksHigh	fngid8q	C
2020-04-15 03:22:17.980775	u/Purab_101	fngjfyn	u/Ura_dopted	fng4q46	C
2020-04-15 03:23:19.143877	u/SoggyBurgerBuns	fngknua	u/PhillyK_AllDay	fnfl2se	C
2020-04-15 03:23:31.498607	u/TheCrazedMc	fngknzx	u/pyramix8	fndw1ae	C
2020-04-15 03:23:49.651847	u/Duncicorn	fngkos1	u/Jimmy_On_Steroids	g1lcbx	S
2020-04-15 03:24:08.770758	u/Hyacinth82	fngkpbh	u/tommyblinddeaf	fngfalz	C
2020-04-15 03:24:19.188982	u/weirdtits101	fngkplv	u/Haianh235	fnfqhhc	C
2020-04-15 03:24:39.338783	u/AVeryRandomDude	fngkq5c	u/Viirukissa	fngki29	C
2020-04-15 03:24:42.539790	u/1985vhs	fngkq5g	u/RynoOW	fnekhbr	C
2020-04-15 03:24:56.144110	u/TheCrazedMc	fngkqd0	u/bluebubblebox13	fngjltp	C
2020-04-15 03:25:20.021518	u/sepldiedepl	fngkr2n	u/DragonStoneGirl	fnfd3kj	C
2020-04-15 03:25:56.987042	u/orangebubblefrog	fngks6m	u/Lazaro22	fnfjmdp	C
2020-04-15 03:26:06.422539	u/bhrmsh	fngksen	u/HalfEmpty973	fngkgj6	C
2020-04-15 03:26:10.021738	u/Porkanyo	fngksgh	u/pattherobin	fnghu7e	C
2020-04-15 03:26:49.050756	u/tallspartan117	fngku2j	u/SamuraiXX05	fngkqmz	C
2020-04-15 03:27:01.172291	u/carz42	fngkug6	u/afilag	fnfcypo	C
2020-04-15 03:27:28.827645	u/tallspartan117	fngkvo5	u/SamuraiXX05	fngkv6h	C
2020-04-15 03:27:35.543419	u/Hawk_Hackz	fngkvq4	u/StocksLowStonksHigh	fngkr6k	C
2020-04-15 03:28:07.284443	u/AkashiSlime	fngkwsz	u/Bruh_Bot_	fngkbvy	C
2020-04-15 03:28:16.025590	u/NclWill	fngkwzp	u/kraaffff	fne625w	C
2020-04-15 03:28:20.086959	u/CheeseCake-54	fngkx5v	u/Tobzzzzzzzzzzzzzzzzz	fngkiac	C
2020-04-15 03:28:37.548813	u/craigwdoran	fngkxir	u/Mr_Jumbles	fngjn4b	C
2020-04-15 03:28:39.105060	u/bunny-bunnny	fngkxjh	u/rLordOfLols	fngk7c8	C
2020-04-15 03:29:06.320100	u/slicevlife	fngkz0i	u/ShreksMassiveDong	fngkxrz	C
2020-04-15 03:29:08.962061	u/geekio221	fngkz62	u/azozi1971	fngj069	C
2020-04-15 03:29:31.875235	u/itz_Just_Dr4g0n	fngl0is	u/Le_Spoops	fngkzb8	C
2020-04-15 03:29:51.055846	u/Optimal-User	fngl1if	u/Platytee	fngfyc6	C
2020-04-15 03:29:54.902500	u/dunnoxdlol	fngl1s9	u/OofYeetKackow	fnggaj1	C
2020-04-15 03:29:57.434205	u/falafel0007	fngl1zv	u/Beleheth	fngl0ur	C
2020-04-15 03:30:18.386900	u/FadinNeon	fngl2qc	u/CaffeinatedMancubus	fngkzt6	C
2020-04-15 03:30:22.859214	u/swaggyboydaddy	fngl2rx	u/Thefriendlydoughboy	fnec15q	C
2020-04-15 03:30:50.288142	u/MaskedSheep376	fngl3in	u/EternalScreams1	fng6lzp	C
2020-04-15 03:32:28.692790	u/alistair1537	fngl6g1	u/iwishwewerebeautiful	fnfmu4p	C
2020-04-15 03:33:30.735656	u/Blitzkringe69	fngl7z2	u/DestinyFloyd	fngeie9	C
2020-04-15 03:33:34.900609	u/sAvage_hAm	fngl83g	u/Bhawks489	fneik1r	C
2020-04-15 03:33:49.642143	u/Doge_Is_Dead	fngl8fh	u/vinbred	fng4qwv	C
2020-04-15 03:34:53.852858	u/devil_of_the_Rihne	fnglatq	u/AJ-Naka-Zayn-Owens	g1n4js	S
2020-04-15 03:35:19.652723	u/calish	fnglbsp	u/SmashedPotato97	fngl4jl	C
2020-04-15 03:35:48.368654	u/rosewine666	fnglcmr	u/Zeo_Nenx_2	fnga4e3	C
2020-04-15 03:36:13.191802	u/Ruturajlasure	fngld8y	u/J8rh3ad	fnfnqne	C
2020-04-15 03:36:17.982827	u/From-The-Woods	fngldgk	u/itz_Just_Dr4g0n	fngl0is	C
2020-04-15 03:36:19.931652	u/gabryradyx	fngldhd	u/Aseelsab1	fngk3er	C
2020-04-15 03:36:39.002209	u/mmarxo	fngldxa	u/cosmicspaz	fngjat4	C
2020-04-15 03:36:51.304006	u/ShadowStrike92	fngle8x	u/PickButtkins	fngc3rt	C
2020-04-15 03:37:11.455030	u/ryan2690	fnglevo	u/MemeLakes	fng7naq	C
2020-04-15 03:37:14.001778	u/markthelizard	fnglevx	u/THREEbigpandas	fn61xb2	C
2020-04-15 03:37:18.767846	u/SuperSizeBeard	fnglezp	u/Embraer-195	fngj8cg	C
2020-04-15 03:37:51.301099	u/alecemeraldknight	fnglfvy	u/helaterdiedofwhy	fng1wii	C
2020-04-15 03:38:09.242540	u/Mery26	fnglgmi	u/Hercules69Soul	fng72ss	C
2020-04-15 03:38:14.813996	u/IlIIlllIIlllllI	fnglgtc	u/stache1313	fnewexa	C
2020-04-15 03:38:49.550009	u/ZeyronBoss	fnglhz8	u/gabryradyx	fngldhd	C
2020-04-15 03:39:03.908482	u/G-Fuelsmoker	fnglil7	u/atehate	fngch21	C
2020-04-15 03:39:07.677655	u/BITZter	fnglipv	u/fanver56	fngks8e	C
2020-04-15 03:40:06.793682	u/Emails___	fngllwj	u/White-Obama231	fnfrpqf	C
2020-04-15 03:40:15.752203	u/boysoyroy	fngllzn	u/Pokefan23432	fnglfmg	C
2020-04-15 03:40:33.322418	u/Salty_Bleed	fnglmfh	u/arandomguyfromtheuk	fnglldp	C
2020-04-15 03:40:52.684668	u/Camo_the_wolf	fnglmme	u/TowingLife	fngljbc	C
2020-04-15 03:42:37.766033	u/amymemedealer	fnglpku	u/everthing-is-taken	fngdtem	C
2020-04-15 03:43:17.626476	u/Xaylonllee	fnglqfv	u/ImHereForTheMemes184	fngd3mp	C
2020-04-15 03:43:38.866180	u/crxckerkiid	fnglqzm	u/pootisman64	fngjd1w	C
2020-04-15 03:44:01.318464	u/El___pescado	fnglrgs	u/big_spaghetti_bowl	fnghqc1	C
2020-04-15 03:44:25.097393	u/EdgeLordSkee	fnglrun	u/Unknown_Person395	fnglqsr	C
2020-04-15 03:45:17.625627	u/Andy_Pandy27	fngltii	u/sirloin14	fngfthy	C
2020-04-15 03:45:45.020626	u/Gilbertus_II	fngluas	u/SheepishCombozZ	fnglig1	C
2020-04-15 03:46:18.561877	u/Bowlcut_Vengeance	fnglv4e	u/CODERED41	fnfztgv	C
2020-04-15 03:46:25.862775	u/krusecontrol91	fnglvb0	u/mr_PeanutPutter	fnglafs	C
2020-04-15 03:46:37.078666	u/mossmoose421	fnglvnm	u/El___pescado	fngloo4	C
2020-04-15 03:46:42.718088	u/ironekim	fnglvq8	u/Jessebohmer	fnglsus	C
2020-04-15 03:47:11.923472	u/NoHaxJustTrash_	fnglwj3	u/BlurredOang	fnglvah	C
2020-04-15 03:47:37.824554	u/Some-Opening	fnglxeq	u/FrozenCalzone	fngcfz2	C
2020-04-15 03:47:42.359104	u/kragenjehvitz	fnglxjg	u/jdudley222	fnflb3v	C
2020-04-15 03:47:53.959969	u/leonardo_decappucino	fnglxvt	u/Everton9732	fngan73	C
2020-04-15 03:49:05.600702	u/Kouna56	fngm0o7	u/Barshan123	fnfhm6c	C
2020-04-15 03:49:23.763175	u/Professional-Person-	fngm1ch	u/Gubq	fl5lyk4	C
2020-04-15 03:49:53.487922	u/maddad101	fngm2qw	u/Makkksta	g1n4t5	S
2020-04-15 03:49:58.268693	u/owouwuuwoowu	fngm3ap	u/munner-raze	fnglshe	C
2020-04-15 03:50:00.935285	u/JoJansper	fngm3fu	u/Jimmy_On_Steroids	g1lcbx	S
2020-04-15 03:50:24.236422	u/maddad101	fngm3xb	u/maddad101	fngm2qw	C
2020-04-15 03:51:36.510225	u/Loquenlucas	fngm5n8	u/Himenim	fng2i6h	C
2020-04-15 03:52:04.288239	u/icet3aae	fngm6l7	u/77Chaotic	fnfk7nz	C
2020-04-15 03:52:10.947897	u/ItsyouNOme	fngm6py	u/SheepishCombozZ	fnglig1	C
2020-04-15 03:53:21.192396	u/SuM_fUrRy_BoI	fngm8fi	u/UchihaRecker	fngm51o	C
2020-04-15 03:53:31.585549	u/shygang	fngm8ih	u/HAPPY-BIRTHDAY-RAVEN	fngdz1k	C
2020-04-15 03:53:43.717259	u/Xvayn	fngm8qw	u/Xodyssey11	fnglxj2	C
2020-04-15 03:54:10.238125	u/andimlost	fngm9h2	u/Bumface10	fng7jq9	C
2020-04-15 03:54:26.936815	u/Emkay-OwO	fngma4v	u/Byjayen123	g1gts9	S
2020-04-15 03:54:41.184248	u/oh_sheetlom	fngmagx	u/ivanjdevera	fngesnp	C
2020-04-15 03:54:53.716469	u/cubbymd	fngmaqt	u/Jitomate23	fnfpm2r	C
2020-04-15 03:55:21.416637	u/Hersir3704	fngmbmt	u/giuli8g	fngcojm	C
2020-04-15 03:55:32.381493	u/cooler182	fngmbvg	u/ReasonablySizedApple	fngmay0	C
2020-04-15 03:55:46.065889	u/browniejeez	fngmc6d	u/IteTheCrapOC	fngmaqm	C
2020-04-15 03:56:03.595312	u/babattunde	fngmclj	u/LasRedStar	fngjohp	C
2020-04-15 03:56:30.802615	u/waddason	fngmdcn	u/Will_Kirkwood98653	fnggd2u	C
2020-04-15 03:56:51.297074	u/da_bawse3382	fngmdxe	u/MAGIC_EYE_BOT	fngmd2q	C
2020-04-15 03:56:54.115253	u/confusedegg34	fngme1l	u/CarefreeAbadeer	fngim8w	C
2020-04-15 03:57:30.845091	u/GABBEGUTT	fngmfat	u/Xodyssey11	fngmbsp	C
2020-04-15 03:58:16.310759	u/Timo_Sanders033	fngmgft	u/aimandmiss	fnf2mxj	C
2020-04-15 03:58:18.701480	u/scp-7340	fngmggd	u/RepostSleuthBot	fngmekt	C
2020-04-15 03:58:21.566779	u/armBroke	fngmgis	u/not_RangeRocket5453	fngc8nj	C
2020-04-15 03:58:29.215523	u/Giant-Axe321	fngmgpf	u/languish24	fngei7f	C
2020-04-15 03:58:40.567548	u/Vkardp	fngmh0w	u/Germanitalian75	fnfyjcd	C
2020-04-15 03:58:54.498412	u/masterchef831	fngmhl4	u/XB2006	fngix1r	C
2020-04-15 03:58:58.188460	u/TheTruSlavKng	fngmhtp	u/hmm_____	fnglb4m	C
2020-04-15 03:59:02.940346	u/SuM_fUrRy_BoI	fngmhyi	u/roliravioli78	fngmdku	C
2020-04-15 03:59:33.632279	u/Soddington	fngmj6e	u/Galaver1	fngg6qv	C
2020-04-15 03:59:52.938237	u/Adam12220	fngmk4t	u/Napalm_B	fnf8b9a	C
2020-04-15 03:59:55.172591	u/MilleniaWriter	fngmk9z	u/ShadySolo7	fngmfp7	C
2020-04-15 03:59:58.637497	u/joaosebastian2	fngmkr6	u/TheTruSlavKng	fngmh1g	C
2020-04-15 04:00:00.194654	u/Leeky_Sewage	fngmkwl	u/jooa123	fnglif2	C
