2020-04-04 10:00:04.458554	u/SnapshillBot	fmelwhc	u/Turbulent-Policy	futy1t	S	I
2020-04-04 10:00:05.726436	u/SnapshillBot	fmelwjf	u/neyzen_	futy1s	S	I
2020-04-04 10:00:10.186843	u/CarlsonErik	fmelwjv	u/AReallyHugeDik	fup9qo	S	I
2020-04-04 10:00:15.752856	u/Dahwaann4U	fmelwka	u/deepanshuv23	furffz	S	I
2020-04-04 10:00:20.105809	u/YouFeelingItMrCrabs	fmelwoy	u/lilbarbque	flibckl	C	I
2020-04-04 10:00:26.437699	u/diass2837	fmelwrr	u/xXCoordinateXx	fushxn	S	I
2020-04-04 10:00:34.271239	u/eB1252	fmelwtc	u/tacogurl94	fufn45	S	I
2020-04-04 10:00:38.636356	u/Darkrainywind	fmelwu6	u/JakovColan12	fupprh	S	N
2020-04-04 10:00:41.776685	u/SquareRootOf22	fmelwxg	u/Fullmetal35	fmekgmi	C	I
2020-04-04 10:00:48.400005	u/Zombvivor	fmelwy0	u/Spook-Zilla	furini	S	N
2020-04-04 10:00:54.674959	u/SnapshillBot	fmelx03	u/bxrders	futy31	S	N
2020-04-04 10:01:02.142616	u/82ndGameHead	fmelx6n	u/AJ-Naka-Zayn-Owens	fupoyi	S	I
2020-04-04 10:01:06.310476	u/MemesMod	fmelxbp	u/bxrders	futy31	S	N
2020-04-04 10:01:14.505180	u/SnapshillBot	fmelxe6	u/Leaderlove	futy8k	S	N
2020-04-04 10:01:21.685861	u/Kornigsegg_CCXR	fmelxg7	u/21paradox	fmebam3	C	N
2020-04-04 10:01:36.569063	u/JERUSALEMFIGHTER63	fmelxge	u/Thisplaceseemsnice	fme7c68	C	I
2020-04-04 10:01:43.774763	u/AutoModerator	fmelxj9	u/The_Purple_Duck	futy65	S	I
2020-04-04 10:01:50.892508	u/Raccoon_Trash_lord	fmelxot	u/SKylanders22	fmdqbcp	C	I
2020-04-04 10:01:57.007997	u/alphahunter69	fmelxqn	u/NyanCake123	fmdpv64	C	I
2020-04-04 10:02:04.288506	u/Rezzy666	fmelxr9	u/OkymCZ	fuq59g	S	I
2020-04-04 10:02:10.440598	u/MemesMod	fmelxu7	u/Callit0	futy9d	S	N
2020-04-04 10:02:16.531796	u/CerseiMustDie	fmelxvo	u/fizzy_the_dragon	fmecesa	C	I
2020-04-04 10:02:22.669883	u/SnapshillBot	fmelxzr	u/Callit0	futy9d	S	N
2020-04-04 10:02:28.831148	u/CreamOnMyNutella	fmely33	u/alphonae	fmelwgy	C	I
2020-04-04 10:02:35.555751	u/spider-pig_ishere	fmely3s	u/Tondator	fucuaw	S	I
2020-04-04 10:02:41.679477	u/Drippsoup	fmely5z	u/Jerrythedude101	futqo3	S	I
2020-04-04 10:02:53.952609	u/BadRac0on	fmely8a	u/EvanAhammed	fmeltot	C	I
2020-04-04 10:03:00.137685	u/RobloxOof76	fmelyaw	u/taunthaft	futrb1	S	N
2020-04-04 10:03:05.328841	u/SnapshillBot	fmelye6	u/justhereformemeslmao	futyeb	S	N
2020-04-04 10:03:13.541958	u/a-name-of-a-user	fmelygu	u/Addian4	fuqdp7	S	I
2020-04-04 10:03:20.810033	u/Youneedanewdesk	fmelyo3	u/OkymCZ	fuq59g	S	I
2020-04-04 10:03:26.893619	u/SketchbobDrawnpants	fmelyq0	u/Breepdupdupbloop	fmelsah	C	I
2020-04-04 10:03:35.186919	u/_rsmavi_	fmelyr8	u/lbi4	fure5o	S	N
2020-04-04 10:03:40.336062	u/Lilletuss	fmelyxh	u/Suepermax	futru2	S	I
2020-04-04 10:03:48.911522	u/L0nelyD0G	fmelyzi	u/BeansTasteLikePotato	fuplr6	S	N
2020-04-04 10:03:54.916821	u/RepostSleuthBot	fmelz4a	u/Mememaker4life	fmelwh1	C	I
2020-04-04 10:03:59.992120	u/AutoModerator	fmelz7o	u/deleted	futylg	S	N
2020-04-04 10:04:09.082763	u/Gheetah2	fmelz9g	u/EndBas	fmejtia	C	N
2020-04-04 10:04:13.234503	u/OofScan	fmelzc7	u/etto13	fupxfj	S	N
2020-04-04 10:04:18.436249	u/MyJelloJiggles	fmelzcr	u/kathathum	fut6op	S	I
2020-04-04 10:04:26.651682	u/SigurdKP	fmelzfu	u/Mose_in_sox	futxf0	S	N
2020-04-04 10:04:30.727489	u/orange-guy-	fmelzik	u/neyzen_	futy1s	S	I
2020-04-04 10:04:43.986199	u/AndrewCahillYt	fmelzo5	u/Turbulent-Policy	futy1t	S	I
2020-04-04 10:04:48.003931	u/zeakagod	fmelzrc	u/varrrrrr	fmefmda	C	I
2020-04-04 10:04:54.273258	u/Duartao22	fmelzrj	u/Shiteingann	fup4qg	S	I
2020-04-04 10:05:03.571315	u/milannolaa	fmelzs8	u/ohdearswine	fut46t	S	I
2020-04-04 10:05:08.580173	u/audreyzoesch	fmelzz8	u/AJ-Naka-Zayn-Owens	fupoyi	S	I
2020-04-04 10:05:14.519181	u/Qvistenn	fmelzzh	u/EdBoi007	fmeluxn	C	I
2020-04-04 10:05:22.472118	u/shainiboi46920	fmem018	u/FeFiFoPinky	fmecwpk	C	I
2020-04-04 10:05:29.689946	u/MyzFK	fmem02w	u/VaaArt	fupykz	S	N
2020-04-04 10:05:38.617267	u/AggravatingWorld4	fmem031	u/C0uchP0t4tO	fmek397	C	I
2020-04-04 10:05:45.569282	u/SnapshillBot	fmem06n	u/GerbilSpanker	futyq2	S	N
2020-04-04 10:05:53.474349	u/TheBazeur	fmem08s	u/extantbuffalo	fmelvmj	C	I
2020-04-04 10:06:06.400072	u/TA5KMA5T3R	fmem09r	u/niki_da_human	fmejtq7	C	I
2020-04-04 10:06:12.309922	u/Ante342	fmem0ar	u/The_Radioactive_Rat	fmecgi7	C	I
2020-04-04 10:06:16.340166	u/carti4730	fmem0gs	u/Antscannabis	futvx8	S	I
2020-04-04 10:06:24.756208	u/phigola	fmem0hc	u/TDKG	fupt0q	S	I
2020-04-04 10:06:30.892396	u/QWERTYAjay	fmem0is	u/deepanshuv23	furffz	S	I
2020-04-04 10:06:36.734741	u/Scorpionbutwithaface	fmem0lv	u/Thr0w4w4yf0r3v127	fmei6sy	C	I
2020-04-04 10:06:45.584836	u/HSD112	fmem0ne	u/Palafranco	fmelv8j	C	N
2020-04-04 10:06:57.413347	u/Coopmel04	fmem0oh	u/lord_ne	fmdyd0v	C	I
2020-04-04 10:07:03.334213	u/TypicalCrowAgain	fmem0qb	u/xWHITEx123	fupkjr	S	N
2020-04-04 10:07:09.766531	u/ooga_booga_bo	fmem0ro	u/parell_fox	fundpy	S	N
2020-04-04 10:07:17.496601	u/SLforHongKong	fmem0s8	u/MssDevil	fmeh75o	C	I
2020-04-04 10:07:28.199639	u/ZetSpell	fmem0se	u/Marv5833	fmefru7	C	I
2020-04-04 10:07:35.926731	u/Siris-Inidite	fmem0vj	u/Duartao22	fmelzrj	C	N
2020-04-04 10:07:40.815499	u/6969420danklordxd	fmem0vk	u/neyzen_	futy1s	S	I
2020-04-04 10:07:46.957400	u/amorena2	fmem10m	u/polkalana	fuoft7	S	I
2020-04-04 10:07:54.515722	u/improvsterdude	fmem113	u/Pickle-rickkkkk	fuq955	S	N
2020-04-04 10:08:00.424670	u/amrindersr16	fmem12s	u/Super-Toad	fusvj2	S	I
2020-04-04 10:08:07.034682	u/_bobert	fmem16w	u/Lilletuss	fmelyxh	C	N
2020-04-04 10:08:13.790262	u/Randomness9000	fmem1as	u/Wienerhorst	fuq97j	S	N
2020-04-04 10:08:18.455073	u/Motoyasu_	fmem1ch	u/RepostSleuthBot	fmeg9ie	C	I
2020-04-04 10:08:25.089661	u/AncientChaozz	fmem1dm	u/kartikeya-sharma-	fmelhwb	C	N
2020-04-04 10:08:31.701177	u/Joshuasss98M1nt	fmem1hd	u/neyzen_	futy1s	S	I
2020-04-04 10:08:35.444893	u/orange-guy-	fmem1hu	u/TheVoicesWontLeave	futxlx	S	N
2020-04-04 10:08:41.061909	u/Minecraft-forever	fmem1im	u/justhereformemeslmao	futyeb	S	N
2020-04-04 10:08:47.713268	u/SnapshillBot	fmem1ls	u/AlfieRockz37	futz01	S	N
2020-04-04 10:08:50.445686	u/ZERMproductions	fmem1ml	u/mene3381	fmdx3uc	C	I
2020-04-04 10:08:55.955996	u/Suepermax	fmem1nm	u/Lilletuss	fmelyxh	C	N
2020-04-04 10:09:01.542058	u/SnapshillBot	fmem1nn	u/I-like-to-eat-kids	futyxd	S	I
2020-04-04 10:09:06.146791	u/tv_trooper	fmem1qf	u/Bob_Le1	futkp5	S	N
2020-04-04 10:09:08.986420	u/marius_jo	fmem1r2	u/wrtulak_cz	fuqa0t	S	I
2020-04-04 10:09:13.580871	u/AutoModerator	fmem1re	u/deleted	futz23	S	N
2020-04-04 10:09:19.040698	u/distroyer16150	fmem1rh	u/Slippy69420	fmdwqfu	C	I
2020-04-04 10:09:22.665046	u/mz_hall89	fmem1t4	u/CadenMekhi	futuru	S	N
2020-04-04 10:09:25.360816	u/devajithvs	fmem1vp	u/Brainwave18	fusnqn	S	N
2020-04-04 10:09:29.769045	u/vobsvids32	fmem1x8	u/Vekter	fmegv2z	C	N
2020-04-04 10:09:35.316105	u/Noahbradley125	fmem1xj	u/vincentwastaken	fupiwx	S	I
2020-04-04 10:09:38.704752	u/cheetabrd	fmem1zy	u/xVoldyx	futxlq	S	N
2020-04-04 10:09:41.209336	u/alphonae	fmem20p	u/CreamOnMyNutella	fmely33	C	I
2020-04-04 10:09:45.972479	u/Cooperthebarrelman	fmem227	u/Leipurinen	fum8jk	S	N
2020-04-04 10:09:49.378610	u/SnapshillBot	fmem24h	u/Tanner9078	futz3t	S	I
2020-04-04 10:09:55.542096	u/Cellie_e	fmem27w	u/butthurt_cream	fuswta	S	N
2020-04-04 10:09:58.836808	u/DaPokeyMonster	fmem2ao	u/nknadeem800	fupj2z	S	I
2020-04-04 10:10:01.407002	u/telastruct	fmem2d4	u/izzyvaldez123	futm2n	S	N
2020-04-04 10:10:03.224819	u/Zaesting	fmem2en	u/TheBazeur	fuqflt	S	I
2020-04-04 10:10:06.416883	u/MemesMod	fmem2ew	u/AlfieRockz37	futz01	S	N
2020-04-04 10:10:13.825437	u/LukariBRo	fmem2gv	u/AJ-Naka-Zayn-Owens	fupoyi	S	I
2020-04-04 10:10:16.900108	u/L3TD0WN	fmem2ha	u/Ragged_Death	fmeirr7	C	N
2020-04-04 10:10:31.524452	u/bgr0drgz	fmem2le	u/PanPieCake	fmefln5	C	I
2020-04-04 10:10:40.829050	u/DigitalPhoenixX	fmem2nj	u/jollygreenscott91	fun4x6	S	I
2020-04-04 10:10:47.989005	u/SnapshillBot	fmem2of	u/deleted	futz5r	S	N
2020-04-04 10:10:57.183837	u/Patrick_Bot2	fmem2oy	u/Runethe	fmejg0j	C	N
2020-04-04 10:11:04.515261	u/Panda_Kabob	fmem2ql	u/Super-Toad	fusvj2	S	I
2020-04-04 10:11:13.640950	u/Patrick_Bot2	fmem2qz	u/apolloladdie	fmek97q	C	I
2020-04-04 10:11:19.807209	u/SnapshillBot	fmem2sn	u/Ccogs2025	futz4y	S	N
2020-04-04 10:11:30.589665	u/heeeeerrsssJ0NNY	fmem2tj	u/Pickle-rickkkkk	fuq955	S	N
2020-04-04 10:11:46.921928	u/kcp134	fmem2tw	u/FFalcon_Boi	fmei6hm	C	I
2020-04-04 10:11:53.484367	u/Flipt34	fmem2ug	u/DanDeCoby	fuoo2o	S	I
2020-04-04 10:12:03.737961	u/SnapshillBot	fmem2up	u/culturalBeE147	futz4h	S	N
2020-04-04 10:12:20.120727	u/kamerlingh_kane	fmem2xa	u/sandhyarana007	fmei8y0	C	I
2020-04-04 10:12:25.174177	u/Patrick_Bot2	fmem313	u/zizkasmizka	fmek5od	C	N
2020-04-04 10:12:36.348534	u/Sedy_D	fmem33u	u/Whoopity-scoop_	fmej845	C	N
2020-04-04 10:12:40.820755	u/notorious-bil	fmem3bb	u/Suprovation	funo24	S	N
2020-04-04 10:13:00.543144	u/felloffaraptor	fmeo1uu	u/alexCatalano	fuu98x	S	I
2020-04-04 10:13:10.927816	u/TheMarksMen0973	fmeo1zh	u/TheGreatNavjeet	fupvts	S	I
2020-04-04 10:13:15.041880	u/lizardskin514	fmeo215	u/Bob_Le1	futkp5	S	N
2020-04-04 10:13:23.185221	u/godsutters	fmeo235	u/ginpachi_sensie	futcji	S	N
2020-04-04 10:13:29.228457	u/Gandul_Le_Blanc	fmeo23q	u/XinTechno	fmenzk6	C	N
2020-04-04 10:13:35.330130	u/FatedDragoner	fmeo258	u/DavidTheBanana8	fuu95s	S	I
2020-04-04 10:13:43.352237	u/LKMDEMON	fmeo29b	u/nonbigbrain	fmeif6w	C	N
2020-04-04 10:13:48.368739	u/AndreiLeIttu	fmeo29p	u/Wyrax	fmemn5p	C	N
2020-04-04 10:13:55.448395	u/AutoModerator	fmeo2ad	u/BrownCheetos69420	fuuc54	S	I
2020-04-04 10:14:02.501390	u/SnapshillBot	fmeo2c6	u/ilhamtaufk	fuuc32	S	I
2020-04-04 10:14:13.663278	u/Gheetah2	fmeo2ce	u/BILLBO-BOOGONS	fmemtc6	C	I
2020-04-04 10:14:19.739504	u/Mesmoros	fmeo2e6	u/Slav_the_survivor_69	fuu981	S	I
2020-04-04 10:14:25.065000	u/N0VASparr0w	fmeo2e9	u/deepanshuv23	furffz	S	I
2020-04-04 10:14:30.127492	u/SnapshillBot	fmeo2ec	u/xd_darren	fuuc2y	S	N
2020-04-04 10:14:37.584206	u/LordOfFreaks	fmeo2er	u/daddypig31	fupasf	S	I
2020-04-04 10:14:43.599959	u/SatanButLikeNot	fmeo2j6	u/the_mover_of_mars	fmentfi	C	N
2020-04-04 10:14:49.608498	u/AtlaXenos	fmeo2jq	u/Raviolibaum	fmennu2	C	N
2020-04-04 10:14:56.651071	u/Fudge-Boi	fmeo2kh	u/new2this12345678	futw9c	S	N
2020-04-04 10:15:01.644074	u/memezop	fmeo2o7	u/MonderII	fmeo13v	C	I
2020-04-04 10:15:07.651262	u/SnapshillBot	fmeo2re	u/Highly-Defined	fuuc6q	S	N
2020-04-04 10:15:15.092823	u/Retr0_611	fmeo2tm	u/TDKG	fupt0q	S	I
2020-04-04 10:15:20.134296	u/SnapshillBot	fmeo2v4	u/FlySupaFly	fuuc59	S	N
2020-04-04 10:15:28.136323	u/MemesMod	fmeo2wh	u/Highly-Defined	fuuc6q	S	N
2020-04-04 10:15:36.028632	u/squeegypeegy	fmeo317	u/Flexions	fmei8b7	C	I
2020-04-04 10:15:43.076978	u/Melkeus	fmeo33c	u/Addian4	fuqdp7	S	I
2020-04-04 10:15:50.589026	u/CasperKID79	fmeo345	u/DanDeCoby	fuoo2o	S	I
2020-04-04 10:15:55.598465	u/K0muu	fmeo350	u/FlySupaFly	fuuc59	S	N
2020-04-04 10:16:03.466210	u/Unmeng	fmeo37z	u/Striker40k	fmenhbo	C	I
2020-04-04 10:16:09.440808	u/SnapshillBot	fmeo39z	u/ozymandias-js	fuucam	S	I
2020-04-04 10:16:14.338784	u/ThatEagleWithADeagle	fmeo3ax	u/Slougzzz	fmekqtc	C	N
2020-04-04 10:16:22.254364	u/SnapshillBot	fmeo3ca	u/Elartistazo	fuuc94	S	N
2020-04-04 10:16:27.252151	u/UndeadOnyx	fmeo3dr	u/Shakameme	futhd4	S	I
2020-04-04 10:16:33.141886	u/SnapshillBot	fmeo3ec	u/averytedrow	fuuc7s	S	N
2020-04-04 10:16:40.959978	u/HighPurchase	fmeo3fp	u/Miru145	fmehx7p	C	N
2020-04-04 10:16:44.866749	u/unsavedpassword	fmeo3gi	u/JeroJeroMohenjoDaro	fmem8lm	C	N
2020-04-04 10:16:49.739413	u/DanKou237	fmeo3kf	u/YouNeedPunctuation	fmenbc8	C	I
2020-04-04 10:16:57.795165	u/inverse-pie	fmeo3md	u/karteek1910	fur9fb	S	I
2020-04-04 10:17:01.685389	u/PenguinWithAglock	fmeo3rz	u/-MrGrym-	fmeiola	C	I
2020-04-04 10:17:06.598954	u/SnapshillBot	fmeo3sl	u/MEMEDADDY28	fuuce5	S	N
2020-04-04 10:17:14.475818	u/MemesMod	fmeo3t4	u/averytedrow	fuuc7s	S	N
2020-04-04 10:17:18.486462	u/SnapshillBot	fmeo3um	u/deleted	fuucd3	S	N
2020-04-04 10:17:23.359318	u/SnapshillBot	fmeo3wr	u/Weebpower123	fuucc2	S	N
2020-04-04 10:17:31.274736	u/Nolsoth	fmeo40b	u/Freethinker9	fuk4jr	S	N
2020-04-04 10:17:35.176069	u/UgandanShrekBoi	fmeo456	u/theswagdodo11	fmeo08u	C	I
2020-04-04 10:17:41.071544	u/go-away-bitch	fmeo47o	u/nknadeem800	fupj2z	S	I
2020-04-04 10:17:48.903689	u/TheMandalorian42	fmeo48n	u/ourkickersucks	fuu4j4	S	N
2020-04-04 10:17:52.768282	u/End_Of_The_Line101	fmeo4bj	u/deleted	fuu5u1	S	N
2020-04-04 10:17:58.630555	u/Andrew9824	fmeo4fa	u/butthurt_cream	fuswta	S	N
2020-04-04 10:18:06.307425	u/KingBee1786	fmeo4gl	u/Radical-Dank-Danny	fmemuz5	C	N
2020-04-04 10:18:11.083055	u/the1true_chicken	fmeo4iu	u/the1true_chicken	fuubna	S	N
2020-04-04 10:18:17.304962	u/N8_oof	fmeo4km	u/shtokavo	fuq2i7	S	N
2020-04-04 10:18:23.019718	u/MemesMod	fmeo4mv	u/Weebpower123	fuucc2	S	N
2020-04-04 10:18:29.323736	u/vampire_devastator	fmeo4qo	u/07_diDact	fuq5da	S	I
2020-04-04 10:18:34.102514	u/lizardskin514	fmeo4sh	u/cArLiE506	futo15	S	N
2020-04-04 10:18:41.372984	u/alyaqd95	fmeo4sr	u/Pickle-rickkkkk	fuq955	S	N
2020-04-04 10:18:46.116572	u/SnapshillBot	fmeo4wl	u/deleted	fuucno	S	N
2020-04-04 10:18:52.186978	u/KillerStrike2975	fmeo4wy	u/Spook-Zilla	furini	S	N
2020-04-04 10:19:03.198621	u/Aether_Warrior	fmeo4xy	u/TheBazeur	fmenbvc	C	I
2020-04-04 10:19:07.733748	u/SnapshillBot	fmeo4yf	u/SupremeGayKill	fuucmr	S	N
2020-04-04 10:19:13.221095	u/MAGIC_EYE_BOT	fmeo4yt	u/deleted	fuuccd	S	N
2020-04-04 10:19:18.582336	u/theonlyTempus	fmeo4yv	u/Clash_of_PoKe	fmenctd	C	I
2020-04-04 10:19:21.249410	u/MemesMod	fmeo534	u/deleted	fuucd3	S	N
2020-04-04 10:19:25.838872	u/Atti-Cous-cous	fmeo53l	u/M-K-_-_-M-K	fuhews	S	N
2020-04-04 10:19:31.207300	u/RepostSleuthBot	fmeo53q	u/Memphis2_0	fmeo1bq	C	N
2020-04-04 10:19:36.751550	u/Eeeeedin	fmeo56x	u/ErmineDev	fuhol4	S	N
2020-04-04 10:19:38.382535	u/SnapshillBot	fmeo5gm	u/deleted	fuucop	S	N
2020-04-04 10:19:41.526285	u/alphonae	fmeo5ik	u/CreamOnMyNutella	fmencuq	C	I
2020-04-04 10:19:45.594304	u/PersonWhoExists50306	fmeo5im	u/Runethe	fmejg0j	C	N
2020-04-04 10:19:50.348541	u/nangorsy	fmeo5jf	u/BeansTasteLikePotato	fuplr6	S	N
2020-04-04 10:19:53.376600	u/ShakeYouLikeHaiti	fmeo5jn	u/Nedebilas	fmenv5v	C	N
2020-04-04 10:19:55.243239	u/LKMDEMON	fmeo5o6	u/Lunaleon2K	fmeb9db	C	N
2020-04-04 10:20:01.128408	u/kid3645	fmeo5od	u/JustFbi	fukvq0	S	N
2020-04-04 10:20:03.601924	u/Trevman138	fmeo5u5	u/parell_fox	fundpy	S	N
2020-04-04 10:20:09.653805	u/loveyourmomslasagna	fmeo5wt	u/rykes_	fmebzbj	C	I
2020-04-04 10:20:12.813288	u/deepanshuv23	fmeo5xy	u/N0VASparr0w	fmeo2e9	C	N
2020-04-04 10:20:21.209811	u/Slyonix_	fmeo625	u/humanbeingnumber1	fmekpp6	C	I
2020-04-04 10:20:28.416054	u/07_diDact	fmeo64m	u/imemetomuch	fmenh17	C	I
2020-04-04 10:20:32.655333	u/SnapshillBot	fmeo66j	u/Muphenz	fuuct5	S	N
2020-04-04 10:20:39.913101	u/nushroomC2	fmeo67c	u/dogiogi33	futgwh	S	N
2020-04-04 10:20:46.173754	u/SnapshillBot	fmeo68m	u/cheapchuck	fuuct1	S	N
2020-04-04 10:20:50.696536	u/Lord_Nyarlathotep	fmeo697	u/Spook-Zilla	furini	S	N
2020-04-04 10:20:56.853646	u/kathathum	fmeo69h	u/unclebugg080706	fmelo3t	C	I
2020-04-04 10:21:04.132749	u/AndreiLeIttu	fmeo6f4	u/TrueSapien	fuu1ap	S	N
2020-04-04 10:21:09.592403	u/Toxic_Waste_306	fmeo6hv	u/Mr_CockSwing	fuo3rt	S	N
2020-04-04 10:21:15.810904	u/lizardskin514	fmeo6k4	u/wackadoodle_	futns5	S	I
2020-04-04 10:21:21.952246	u/Clash_of_PoKe	fmeo6nb	u/theonlyTempus	fmeo4yv	C	I
2020-04-04 10:21:27.094365	u/XinTechno	fmeo6nn	u/Gandul_Le_Blanc	fmeo23q	C	N
2020-04-04 10:21:39.509046	u/LBJsPNS	fmeo6o8	u/nrrose224	fmenqrb	C	I
2020-04-04 10:21:44.696890	u/AutoModerator	fmeo6sm	u/alphawave360	fuucyq	S	N
2020-04-04 10:21:50.884431	u/SnapshillBot	fmeo6wa	u/jalen010	fuucye	S	N
2020-04-04 10:21:58.141226	u/captainmo017	fmeo726	u/Professor_Voodoo	fuszt4	S	N
2020-04-04 10:22:02.293525	u/MemesMod	fmeo77a	u/jalen010	fuucye	S	N
2020-04-04 10:22:08.558709	u/SketchPV	fmeo7dg	u/OkymCZ	fuq59g	S	I
2020-04-04 10:22:15.685426	u/waldemar2	fmeo7dq	u/StreetSniper420	fmensds	C	N
2020-04-04 10:22:20.893343	u/willi3blaz3	fmeo7ey	u/earthrogue	fut3bw	S	I
2020-04-04 10:22:27.040906	u/JustinCrin	fmeo7f5	u/MrEzys2	fmenrgp	C	N
2020-04-04 10:22:33.265307	u/culturalBeE147	fmeo7gu	u/liamidas101	furz33	S	N
2020-04-04 10:22:38.426063	u/ttvpatersondaniel	fmeo7ha	u/beige-savage	fuu57t	S	N
2020-04-04 10:22:45.530728	u/Gheetah2	fmeo7hq	u/softjoonhyung	fmekaaa	C	N
2020-04-04 10:22:52.638960	u/AtlaXenos	fmeo7ip	u/Braindoesntgetdwntim	fmenurr	C	I
2020-04-04 10:22:59.195261	u/UDZ_WallCrawler	fmeo7kb	u/WytBandit	fup12p	S	I
2020-04-04 10:23:06.303780	u/RepostSleuthBot	fmeo7ls	u/Andrew9824	fmeo4fa	C	N
2020-04-04 10:23:11.562825	u/rtv4	fmeo7m1	u/Jack-Yow	furxcb	S	I
2020-04-04 10:23:16.633876	u/theswagdodo11	fmeo7oa	u/UgandanShrekBoi	fmeo456	C	I
2020-04-04 10:23:23.826868	u/lizardskin514	fmeo7or	u/Antscannabis	futvx8	S	I
2020-04-04 10:23:28.901104	u/MrManic_BipolarJesus	fmeo7pe	u/GrottyKnight	fmemg4o	C	N
2020-04-04 10:23:36.066194	u/elskidaadleskidoodle	fmeo7u7	u/ihazone	fuu7tg	S	I
2020-04-04 10:23:44.367000	u/ccTiki	fmeo7v4	u/Picker-Rick	fuoxj8	S	I
2020-04-04 10:23:48.423602	u/atiedebee	fmeo7w5	u/TheCrunchmaster420	fme5ezy	C	I
2020-04-04 10:23:56.624090	u/YeetBoiyah14	fmeo7wn	u/alexer_01	fushct	S	I
2020-04-04 10:24:05.502971	u/HappyMemesYT	fmeo7yd	u/jollygreenscott91	fun4x6	S	I
2020-04-04 10:24:12.524339	u/LittleShit3000	fmeo803	u/TheCelestialEquation	fmensax	C	I
2020-04-04 10:24:21.863242	u/catortionist135	fmeo80p	u/JakovColan12	fupprh	S	N
2020-04-04 10:24:28.936898	u/AutoModerator	fmeo844	u/zoomwoofwoofwoof	fuud7n	S	N
2020-04-04 10:24:37.950201	u/utkubaba9581	fmeo88t	u/MyJelloJiggles	fmennek	C	I
2020-04-04 10:24:45.025753	u/SnapshillBot	fmeo8a1	u/Qvistenn	fuud88	S	I
2020-04-04 10:24:54.314487	u/Corentic	fmeo8a6	u/Wichtel64	furdgy	S	I
2020-04-04 10:25:00.264666	u/Magius1954	fmeo8ar	u/Heartwhirl	fmdvcjv	C	N
2020-04-04 10:25:10.309778	u/SnapshillBot	fmeo8cl	u/mrwatermelonjuice	fuud7a	S	I
2020-04-04 10:25:15.321403	u/liforlife816	fmeo8f0	u/deleted	fuucno	S	N
2020-04-04 10:25:25.380782	u/made-in-usa-	fmeo8ge	u/ozymandias-js	fuucam	S	I
2020-04-04 10:25:28.563854	u/SnapshillBot	fmeo8p8	u/goldenkiwiN	fuud8w	S	N
2020-04-04 10:25:32.543215	u/nrrose224	fmeo8pw	u/Bushidoway135	fme8oyu	C	N
2020-04-04 10:25:42.529282	u/LerrisTheRecluce	fmeo8r8	u/JodyWontStop	fmecoek	C	N
2020-04-04 10:25:45.754289	u/TheStig7921	fmeo8wy	u/OkymCZ	fuq59g	S	I
2020-04-04 10:25:59.766335	u/tsquiggzz	fmeo8z3	u/_Duncan08_	fmei0wt	C	I
2020-04-04 10:26:02.800357	u/theonlyTempus	fmeo906	u/Clash_of_PoKe	fmeo6nb	C	I
2020-04-04 10:26:07.134321	u/yalikejazzkid	fmeo911	u/xXCoordinateXx	fushxn	S	I
2020-04-04 10:26:15.128160	u/SnapshillBot	fmeo922	u/FreddyKrum	fuudcw	S	I
2020-04-04 10:26:24.085885	u/RaveyWavey	fmeo93v	u/Aether_Warrior	fmem6ql	C	I
2020-04-04 10:26:32.089103	u/SnapshillBot	fmeo95d	u/deleted	fuudbi	S	N
2020-04-04 10:26:37.330367	u/im13gay	fmeo980	u/Pulsarial	fulacj	S	N
2020-04-04 10:26:41.254803	u/Tech-Support-420	fmeo9c3	u/FalconPhantom	fmejacb	C	N
2020-04-04 10:26:48.166702	u/blackmask229	fmeo9cn	u/its_me_jai	fuu947	S	N
2020-04-04 10:26:54.930791	u/DYLABNOUTWELL	fmeo9i2	u/FalconPhantom	funqft	S	N
2020-04-04 10:26:58.834621	u/UnicornTheUniduck	fmeo9j5	u/Nokoppa	fmen86m	C	I
2020-04-04 10:27:08.060994	u/nexistcsgo	fmeo9k1	u/Celestine9876	fur5yt	S	N
2020-04-04 10:27:12.937051	u/SnapshillBot	fmeo9k7	u/Shagurope	fuudey	S	I
2020-04-04 10:27:16.827397	u/gocommitdie6	fmeo9me	u/YourNemeSis-	fmenx0s	C	N
2020-04-04 10:27:24.713466	u/MemesMod	fmeo9ne	u/goldenkiwiN	fuud8w	S	N
2020-04-04 10:27:31.576733	u/SnapshillBot	fmeo9no	u/deleted	fuuddt	S	N
2020-04-04 10:27:36.443534	u/SnapshillBot	fmeo9ps	u/deleted	fuuddc	S	N
2020-04-04 10:27:43.272109	u/DaPotatoBoy	fmeo9pv	u/twistedmuppet	fuu7hn	S	I
2020-04-04 10:27:48.044968	u/realmastodon2	fmeo9wr	u/Dragonslayer3	fmegzqm	C	N
2020-04-04 10:27:51.931719	u/ThatOnePersonYouKno	fmeo9x2	u/ForgotHowToDoge	fuu787	S	N
2020-04-04 10:27:58.068129	u/NARUT000	fmeo9zt	u/xXCoordinateXx	fushxn	S	I
2020-04-04 10:28:04.811944	u/RepostSleuthBot	fmeoa0f	u/YeetBoiyah14	fmeo7wn	C	I
2020-04-04 10:28:08.786361	u/wadewilson90513	fmeoa60	u/alexCatalano	fuu98x	S	I
2020-04-04 10:28:14.577740	u/Gingy434	fmeoabq	u/ucanttandledis	fmekjoj	C	I
2020-04-04 10:28:21.369079	u/StreetSniper420	fmeoacu	u/waldemar2	fuu54v	S	I
2020-04-04 10:28:24.849444	u/manbat112	fmeoadg	u/FalconPhantom	funqft	S	N
2020-04-04 10:28:38.289739	u/GrumpyDim	fmeoaex	u/theswagdodo11	fmemu09	C	I
2020-04-04 10:28:42.034089	u/MAGIC_EYE_BOT	fmeoaha	u/deleted	fuudbi	S	N
2020-04-04 10:28:47.805274	u/End_Of_The_Line101	fmeoaix	u/waldemar2	fuu54v	S	I
2020-04-04 10:28:54.398075	u/Clash_of_PoKe	fmeoakd	u/theonlyTempus	fmeo906	C	I
2020-04-04 10:28:58.140594	u/AutoModerator	fmeoanr	u/lollipopJBN	fuudnm	S	I
2020-04-04 10:29:00.887680	u/sboxtf	fmeoarh	u/TheSpaceMonkeyBro	fmekx8g	C	I
2020-04-04 10:29:06.835552	u/trashcan-xd-official	fmeoau9	u/TDKG	fupt0q	S	I
2020-04-04 10:29:12.598296	u/sirmoneyshot06	fmeoavw	u/AReallyHugeDik	fup9qo	S	I
2020-04-04 10:29:16.126617	u/SnapshillBot	fmeoawq	u/allhailthepotato	fuudnr	S	N
2020-04-04 10:29:20.675333	u/SnapshillBot	fmeoayh	u/frisme	fuudnf	S	N
2020-04-04 10:29:31.503638	u/SUNSETGAMING2k18	fmeob06	u/rykes_	fmebzbj	C	I
2020-04-04 10:29:34.132028	u/SnapshillBot	fmeob0i	u/newyawka_calexito	fuudn0	S	N
2020-04-04 10:29:37.578303	u/SnapshillBot	fmeob2q	u/zoomwoofwoofwoof	fuudmt	S	N
2020-04-04 10:29:44.043532	u/DrManowar8	fmeob47	u/MonsterDiotic	fuskyz	S	I
2020-04-04 10:29:47.398790	u/lizardskin514	fmeob60	u/Gheetah2	futr7n	S	I
2020-04-04 10:29:51.865422	u/Pink_Hunter	fmeob84	u/ConfectorSdZ	fmenpy1	C	I
2020-04-04 10:29:54.571690	u/Tech-Support-420	fmeob8l	u/07_diDact	fuq5da	S	I
2020-04-04 10:30:01.133205	u/ADM176	fmeob8t	u/Spook-Zilla	furini	S	N
2020-04-04 10:30:02.491933	u/That-one-gay-furry	fmeob9z	u/adarshbag	futvn1	S	I
2020-04-04 10:30:04.645899	u/MemesMod	fmeobae	u/deleted	fuuddt	S	N
2020-04-04 10:30:07.990511	u/SpectrumRay	fmeobah	u/TDKG	fupt0q	S	I
2020-04-04 10:30:10.071707	u/shadoslayer1	fmeobg9	u/RogerBob1	fmenf2s	C	N
2020-04-04 10:30:25.069066	u/blackmask229	fmeobh3	u/HensterPlays	fuu8u5	S	N
2020-04-04 10:30:30.306489	u/Crazy_Dalek_	fmeobhw	u/its_lit_fam_yery	futlfz	S	N
2020-04-04 10:30:40.349864	u/thanksgive	fmeoblh	u/ThatWoodCD	fuju7l	S	I
2020-04-04 10:30:45.450408	u/agopaluni	fmeobob	u/ChumpTori1910	fmemue3	C	N
2020-04-04 10:30:54.796907	u/carlitototo	fmeoboz	u/karteek1910	fur9fb	S	I
2020-04-04 10:31:02.594641	u/snocu	fmeobp4	u/BeansTasteLikePotato	fuplr6	S	N
2020-04-04 10:31:22.056122	u/Levieuse	fmeobr1	u/gaypussydestroyer69	fmenj42	C	I
2020-04-04 10:31:34.545725	u/bigbubba123333	fmeobtj	u/TheGreatNavjeet	fuslx1	S	I
2020-04-04 10:31:44.786241	u/darian90	fmeobwg	u/PeJae	futdjt	S	N
2020-04-04 10:31:52.956126	u/SnapshillBot	fmeoc3p	u/AppropriateBaseball7	fuudwr	S	I
2020-04-04 10:32:11.374725	u/The_Elder_Sage	fmeoc48	u/TheRealRazematazz	fmenakr	C	I
2020-04-04 10:32:19.478190	u/BILLBO-BOOGONS	fmeoc4x	u/Punkymon0310	fmeng9x	C	N
2020-04-04 10:32:28.641392	u/SnapshillBot	fmeoc5r	u/Boomerangle	fuudwo	S	I
2020-04-04 10:32:38.784513	u/SmashHype64	fmeoc67	u/jollygreenscott91	fun4x6	S	I
2020-04-04 10:32:47.972321	u/MemesMod	fmeoc76	u/zoomwoofwoofwoof	fuudmt	S	N
2020-04-04 10:32:56.079761	u/LKMDEMON	fmeoc7k	u/errj06091999	fmecot6	C	I
2020-04-04 10:33:05.179772	u/agopaluni	fmeoc7t	u/Timmons_Leonard	fmen5ib	C	N
2020-04-04 10:33:13.241007	u/waldemar2	fmeoc8c	u/End_Of_The_Line101	fmeoaix	C	I
2020-04-04 10:33:23.301241	u/VietInTheTrees	fmeocat	u/Joker1924	fme5wrp	C	I
2020-04-04 10:33:30.338231	u/longnamewithnospaces	fmeoce2	u/CaptainWillem	fmej4jr	C	I
2020-04-04 10:33:40.632405	u/d0pe_dje11y	fmeocei	u/StrikingMinion	fut0lh	S	I
2020-04-04 10:33:47.116938	u/modsplzdontbanthis	fmeocgm	u/DanDeCoby	fuoo2o	S	I
2020-04-04 10:33:58.181205	u/Professor_Voodoo	fmeocgy	u/NexVestri	fmehveo	C	N
2020-04-04 10:34:04.303714	u/rztan	fmeochv	u/utkubaba9581	futfxj	S	I
2020-04-04 10:34:15.380060	u/YOONGTIZEN	fmeocm8	u/HarkiratGGSK	fmel1ew	C	N
2020-04-04 10:34:21.504225	u/Enterprise_1701_D	fmeocpq	u/arathidvbjx	fuubfb	S	I
2020-04-04 10:34:32.705935	u/SnapshillBot	fmeocve	u/petarkefa	fuue1g	S	N
2020-04-04 10:34:39.114939	u/Aska09	fmeocwk	u/LukasDobos	fup94i	S	N
2020-04-04 10:34:48.227763	u/SnapshillBot	fmeoczh	u/lievenazerty	fuue1e	S	N
2020-04-04 10:34:55.307779	u/MemesMod	fmeod0o	u/frisme	fuudnf	S	N
2020-04-04 10:35:04.336519	u/AutoModerator	fmeod1y	u/deleted	fuue39	S	N
2020-04-04 10:35:14.563888	u/buttman0101	fmeod3b	u/jollygreenscott91	fun4x6	S	I
2020-04-04 10:35:25.534520	u/MrGenius9000	fmeod3z	u/denmitzue	fmemo7g	C	N
2020-04-04 10:35:32.415823	u/_bumpumper	fmeod8g	u/Taoist-teacup96	fmelrwg	C	N
2020-04-04 10:35:42.367222	u/karteek1910	fmeod9f	u/carlitototo	fmeoboz	C	N
2020-04-04 10:35:50.338722	u/Gheetah2	fmeodb6	u/lizardskin514	fmeob60	C	N
2020-04-04 10:36:00.263820	u/BenHighco	fmeodcl	u/allhailthepotato	fuudnr	S	N
2020-04-04 10:36:07.277690	u/_------HD	fmeodee	u/Fantastic_Ostrich	fusm7y	S	I
2020-04-04 10:36:23.155687	u/Csanad00	fmeodg4	u/sabayoki	fmenglg	C	I
2020-04-04 10:36:32.128740	u/lvlhed-d	fmeodi3	u/NewFoundBones	futsmj	S	N
2020-04-04 10:36:39.714111	u/El_Gabbas	fmeodor	u/Spook-Zilla	furini	S	N
2020-04-04 10:36:49.570531	u/TheMightyBeak376	fmeodq1	u/CONFUSSEDDAWHG	fmenuoh	C	N
2020-04-04 10:36:56.731055	u/UDZ_WallCrawler	fmeoebo	u/Yeet_muther	fupm6v	S	N
2020-04-04 10:37:05.530282	u/YeetBoiyah14	fmeoebu	u/RepostSleuthBot	fmeoa0f	C	I
2020-04-04 10:37:13.376373	u/ttvpatersondaniel	fmeoecp	u/Csanad00	fuu4y5	S	I
2020-04-04 10:37:21.189395	u/MemesMod	fmeoeei	u/t_aronja	fuue8m	S	N
2020-04-04 10:37:36.875225	u/21notorious	fmeoefn	u/PokeCat55	fmeijrc	C	I
2020-04-04 10:37:46.140829	u/Couthster	fmeoefl	u/parell_fox	fundpy	S	N
2020-04-04 10:37:56.656602	u/kcdie	fmeoegt	u/s4m3350	fufzus	S	I
2020-04-04 10:38:05.443950	u/lizardskin514	fmeoen6	u/Nikitadouchenev	futn25	S	N
2020-04-04 10:38:16.029526	u/K0muu	fmeoer1	u/arathidvbjx	fuubfb	S	I
2020-04-04 10:38:24.012110	u/Yeetus-McSkeetus	fmeoes8	u/daddypig31	fupasf	S	I
2020-04-04 10:38:33.936458	u/funnymemeyt	fmeoeri	u/xXCoordinateXx	fushxn	S	I
2020-04-04 10:38:42.284642	u/Luc1_F0x	fmeoewy	u/nrrose224	fmenhqb	C	I
2020-04-04 10:38:52.614165	u/Witty_Queen	fmeof3c	u/denmitzue	fmemo7g	C	N
2020-04-04 10:38:59.180055	u/_KAN001_	fmeof5b	u/polkalana	fuoft7	S	I
2020-04-04 10:39:08.490133	u/sanswithagun	fmeof5y	u/ShashankMaganti	fmeciy3	C	I
2020-04-04 10:39:14.867402	u/chrisamfm	fmeofgx	u/themadladboy	fupm8u	S	I
2020-04-04 10:39:24.033211	u/MemesMod	fmeofin	u/Flot2007	fuueg1	S	N
2020-04-04 10:39:31.738475	u/Milkyweed	fmeofjo	u/TDKG	fupt0q	S	I
2020-04-04 10:39:38.283803	u/Justachris1	fmeofkn	u/MagicMonkey667	fuezqu	S	I
2020-04-04 10:39:45.845926	u/Mighty_Dighty22	fmeofl1	u/Aether_Warrior	fmemkqf	C	I
2020-04-04 10:39:51.820537	u/MattJ7Stewart	fmeofmi	u/Muphenz	fuuct5	S	N
2020-04-04 10:39:59.008567	u/pooponagoose	fmeofnx	u/IlllIIllIlII	fmen9ti	C	I
2020-04-04 10:39:59.686219	u/TimerBoom	fmeofrw	u/deleted	fmeo4fa	C	N
2020-04-04 10:40:01.879918	u/fgoplayermatthew	fmeofwc	u/TA5KMA5T3R	fmemf6p	C	I
2020-04-04 10:40:03.136947	u/Fluffy-Boy-UwU	fmeofyv	u/petarkefa	fuue1g	S	N
2020-04-04 10:40:04.431608	u/YourGuidanceDemon	fmeofzt	u/ralfiano	fum2n1	S	I
2020-04-04 10:40:08.673380	u/shumik_	fmeog24	u/Jack-Yow	furqm8	S	I
2020-04-04 10:40:16.918179	u/lilhagan	fmeog2w	u/Noahbradley125	fmemkb0	C	I
2020-04-04 10:40:23.747733	u/gunter_55	fmeogc0	u/deepanshuv23	furffz	S	I
2020-04-04 10:40:33.057070	u/SnapshillBot	fmeogdo	u/CigarFrog	fuuemc	S	N
2020-04-04 10:40:41.402753	u/MattJ7Stewart	fmeogf6	u/MattJ7Stewart	fmeofmi	C	I
2020-04-04 10:40:47.624241	u/SnapshillBot	fmeogfu	u/liang14032	fuuel8	S	N
2020-04-04 10:40:55.891060	u/MemesMod	fmeogh4	u/anonymous_mcnuget	fuuehs	S	N
2020-04-04 10:41:10.665555	u/Couthster	fmeoghy	u/HunterRisk21	fme8xm9	C	I
2020-04-04 10:41:17.883114	u/SnapshillBot	fmeogi0	u/UDZ_WallCrawler	fuuekt	S	I
2020-04-04 10:41:26.137645	u/Khazrak_one_eye	fmeogim	u/SneakySam656	fututo	S	I
2020-04-04 10:41:35.382280	u/MAGIC_EYE_BOT	fmeoglr	u/deleted	fuuec7	S	N
2020-04-04 10:41:43.587649	u/SnapshillBot	fmeogm4	u/anonymous_mcnuget	fuuehs	S	N
2020-04-04 10:41:51.800839	u/SnapshillBot	fmeogo3	u/BattlNerd	fuuehk	S	I
2020-04-04 10:42:00.018818	u/SnapshillBot	fmeogq3	u/life_is_gay_mp4	fuueh5	S	N
2020-04-04 10:42:07.232454	u/lizardskin514	fmeogrj	u/Andrija6897	futouv	S	I
2020-04-04 10:42:12.381365	u/SnapshillBot	fmeogt5	u/FreddyKrum	fuuee0	S	I
2020-04-04 10:42:19.517262	u/nrrose224	fmeogtq	u/apolloladdie	fmel6n4	C	I
2020-04-04 10:42:25.838135	u/SnapshillBot	fmeogvk	u/razor_face_	fuuecw	S	N
2020-04-04 10:42:31.012080	u/SnapshillBot	fmeogxg	u/deleted	fuuec7	S	N
2020-04-04 10:42:44.333789	u/HappyMemesYT	fmeogy2	u/Voidmemer	fme0rq1	C	I
2020-04-04 10:42:56.798797	u/TheRealCamo243	fmeoh0e	u/MeowlyArt	furref	S	I
2020-04-04 10:43:04.282081	u/ElektronGamerBtW	fmeoh1j	u/AJ-Naka-Zayn-Owens	fupoyi	S	I
2020-04-04 10:43:09.912645	u/ILrndItByWatchngU	fmeoh1z	u/Sebbyyyyyy	fuqb6p	S	I
2020-04-04 10:43:19.063077	u/SnapshillBot	fmeoh2e	u/Brraaapppppp	fuue8i	S	I
2020-04-04 10:43:27.203115	u/YannesTM	fmeoh3c	u/Boomerangle	fuudwo	S	I
2020-04-04 10:43:36.403439	u/SnapshillBot	fmeoh4t	u/Eclipse3127	fuue7x	S	N
2020-04-04 10:43:41.507981	u/AlfadorsBoggle	fmeoh5a	u/Sn1k3sh	fmelkg1	C	I
2020-04-04 10:43:56.715343	u/petarkefa	fmeoh7r	u/Fluffy-Boy-UwU	fmeofyv	C	I
2020-04-04 10:44:06.914357	u/SnapshillBot	fmeoh9l	u/lollipopJBN	fuue6o	S	I
2020-04-04 10:44:10.944797	u/Rogue_Legend_01	fmeohd5	u/LuckysGift	fmej0xp	C	I
2020-04-04 10:44:17.062073	u/SnapshillBot	fmeohe4	u/life_is_gay_mp4	fuue3z	S	N
2020-04-04 10:44:26.315295	u/SnapshillBot	fmeohfw	u/sentinel2873	fuue3u	S	I
2020-04-04 10:44:45.987570	u/AutoModerator	fmeqsdh	u/deleted	fuutof	S	N
2020-04-04 10:44:59.119655	u/Mochratu	fmeqsew	u/Sieco_05	fmebxq8	C	I
2020-04-04 10:45:05.149615	u/The_Pasta_God	fmeqshq	u/FalconPhantom	funqft	S	N
2020-04-04 10:45:11.125336	u/muradzz	fmeqsiq	u/RepostSleuthBot	fmepmmy	C	I
2020-04-04 10:45:19.162093	u/DmMacniel	fmeqskc	u/_bumpumper	fmeod8g	C	N
2020-04-04 10:45:24.261337	u/SnapshillBot	fmeqslc	u/pareeniti	fuutnr	S	N
2020-04-04 10:45:32.252244	u/OkymCZ	fmeqsmt	u/memezop	fmeqqid	C	I
2020-04-04 10:45:37.289437	u/SnapshillBot	fmeqsnj	u/kaboom5497	fuutnp	S	N
2020-04-04 10:45:51.322460	u/blipblopflipflop72	fmeqsol	u/bbddman	fmeosud	C	I
2020-04-04 10:45:55.408723	u/MMA1793	fmeqsqf	u/ThrowawayIfForgotten	fuuqpc	S	N
2020-04-04 10:45:59.427501	u/FireStrike5	fmeqsre	u/okojofiveeyes	fmelsx5	C	I
2020-04-04 10:46:08.966632	u/JuanusPaulus	fmeqss9	u/Spook-Zilla	furini	S	N
2020-04-04 10:46:12.904031	u/RepostSleuthBot	fmeqst7	u/purpleninjas22	fmepqns	C	N
2020-04-04 10:46:17.848041	u/RepostSleuthBot	fmeqste	u/ForbiddenPie	fmeppgd	C	I
2020-04-04 10:46:25.786677	u/PerfectSpyMain	fmeqsva	u/ShadowsFromUnknowing	fmeny4y	C	I
2020-04-04 10:46:30.714235	u/Svagis177cz	fmeqsx7	u/anicajj	fmeqq5t	C	N
2020-04-04 10:46:35.717203	u/MemesMod	fmeqsxh	u/pareeniti	fuutnr	S	N
2020-04-04 10:46:43.672537	u/Y3J0H22A	fmeqsxw	u/GermanBadger	fmeiqio	C	N
2020-04-04 10:46:47.962780	u/cumshotphil69420yeet	fmeqsyb	u/karteek1910	fur9fb	S	I
2020-04-04 10:47:02.089255	u/Alex152Pl	fmeqsz1	u/Doubletap-v02	fmeq9rh	C	I
2020-04-04 10:47:05.565501	u/FlareDoodler	fmeqt4x	u/xXCoordinateXx	fushxn	S	I
2020-04-04 10:47:12.576264	u/paigebudnick	fmeqt84	u/ThatWoodCD	fuju7l	S	I
2020-04-04 10:47:20.559879	u/phantom881999	fmeqt8j	u/Super-Toad	fusvj2	S	I
2020-04-04 10:47:26.285430	u/walkingmamal93	fmeqt8m	u/KeithMohnot	fmeqqjx	C	I
2020-04-04 10:47:34.965294	u/queenofcabinfever777	fmeqtah	u/vonLoop	fmeqdei	C	N
2020-04-04 10:47:40.778577	u/Elementz033	fmeqtcw	u/yashk1810	fuurq9	S	N
2020-04-04 10:47:45.680889	u/SweetRanger7	fmeqtdi	u/The_JCP	fusquh	S	I
2020-04-04 10:47:52.372360	u/theswagdodo11	fmeqtfa	u/prumbeljack	fmeqpbf	C	I
2020-04-04 10:47:58.144676	u/UWillPoopYerBed2Nite	fmeqtj8	u/nknadeem800	fupj2z	S	I
2020-04-04 10:48:02.844554	u/PrototypeAKS	fmeqtk4	u/stickergraph	fmed2yo	C	N
2020-04-04 10:48:10.769657	u/Goat-shot	fmeqtla	u/Shiteingann	fup4qg	S	I
2020-04-04 10:48:15.414164	u/senior_cynic	fmeqtnq	u/NecridSmash	fmeqr59	C	N
2020-04-04 10:48:21.307233	u/Masinary	fmeqtt2	u/PlatinumRudy	fusdh5	S	I
2020-04-04 10:48:29.955666	u/MemesMod	fmeqtvw	u/Aven712007	fuutwc	S	N
2020-04-04 10:48:35.585935	u/SnapshillBot	fmeqtzb	u/Shagurope	fuutwl	S	I
2020-04-04 10:48:42.195165	u/SnapshillBot	fmequ1l	u/CleetusthetinyFeetus	fuutv4	S	I
2020-04-04 10:48:46.742512	u/NikiNix0	fmequ7c	u/wilszan	fmeew8q	C	I
2020-04-04 10:48:50.457992	u/MrSleazyMan	fmequ7t	u/justhereformemeslmao	futyeb	S	N
2020-04-04 10:48:56.047200	u/GBman0139	fmequ87	u/Tyrolean_Jenkins	fuumlz	S	N
2020-04-04 10:49:01.574128	u/Mustytrumpet	fmequbd	u/howiefelter23	fmdi0tm	C	N
2020-04-04 10:49:06.543504	u/marcusada	fmequgk	u/deepanshuv23	furffz	S	I
2020-04-04 10:49:16.250813	u/Yewdee	fmequof	u/televisionscreen250k	fethbp	S	I
2020-04-04 10:49:22.905133	u/mrmonetos	fmequp6	u/Yeet_muther	fupm6v	S	N
2020-04-04 10:49:30.020041	u/cosmicmist123	fmequq3	u/WytBandit	fup12p	S	I
2020-04-04 10:49:38.314489	u/Doubletap-v02	fmequw5	u/Pickle-rickkkkk	fuq955	S	N
2020-04-04 10:49:41.996525	u/prumbeljack	fmeqv0e	u/Lieutenant-Sanders	fuuhsr	S	N
2020-04-04 10:49:48.341615	u/sybch	fmeqv1b	u/CooperQuartz	furxf1	S	I
2020-04-04 10:49:51.525903	u/frluis93	fmeqv1u	u/cbroney	futaus	S	N
2020-04-04 10:49:54.048197	u/cread-_-	fmeqv5y	u/Pickle-rickkkkk	fuq955	S	N
2020-04-04 10:49:55.249964	u/Dhwaneel_Kapadia	fmeqv69	u/tyga999	fusl78	S	N
2020-04-04 10:49:56.652904	u/Mochratu	fmeqvan	u/liljbruh	fmeq12l	C	N
2020-04-04 10:49:57.308742	u/momcanigotoarea51	fmeqvcm	u/the_sumanth	fusxwk	S	I
2020-04-04 10:49:58.176321	u/Username-Taken-01	fmeqveq	u/CleetusthetinyFeetus	fuutv4	S	I
2020-04-04 10:50:00.488715	u/ThrowawayIfForgotten	fmeqvgy	u/MMA1793	fmeqsqf	C	I
2020-04-04 10:50:04.190490	u/DarkList12	fmeqvi9	u/AJ-Naka-Zayn-Owens	fupoyi	S	I
2020-04-04 10:50:06.327330	u/Elementz033	fmeqvjc	u/maudym	fuurhc	S	I
2020-04-04 10:50:11.595255	u/Vexxer2	fmeqvjr	u/tyga999	fusl78	S	N
2020-04-04 10:50:15.891166	u/YetAnontherRandom	fmeqvkk	u/Brainwave18	fusnqn	S	N
2020-04-04 10:50:29.333657	u/ilikesofa	fmeqvlb	u/JuanSuales	fmd14bk	C	I
2020-04-04 10:50:34.925569	u/johnwes40	fmeqvoe	u/MemeMaster5	fuo5hp	S	N
2020-04-04 10:50:42.097085	u/Y3110wdud3	fmeqvqu	u/FLUFFYPAWNINJA	fmeqmef	C	I
2020-04-04 10:50:48.326758	u/DeltaFrost22	fmeqvs9	u/MSGolimarkar	fus9rt	S	I
2020-04-04 10:50:55.569851	u/SnapshillBot	fmeqvxa	u/Einliterflasche	fuuu9e	S	N
2020-04-04 10:51:02.722089	u/Kreagerrr	fmeqvyp	u/DireBowser	fmeqa0w	C	I
2020-04-04 10:51:10.042062	u/Alexodalv	fmeqw1y	u/yashk1810	fuurq9	S	N
2020-04-04 10:51:16.233424	u/ima_dude25	fmeqw29	u/PeJae	fuuqw2	S	N
2020-04-04 10:51:29.696869	u/PunjabDa	fmeqw24	u/M4rkoz	fmeqnfb	C	I
2020-04-04 10:51:36.841292	u/Hanz-says	fmeqw35	u/Dr_Doggo_	fmeqli4	C	N
2020-04-04 10:51:44.013358	u/uvuvwevwevwe_osas2	fmeqw6l	u/teekay_1994	fmei8k6	C	N
2020-04-04 10:51:51.254357	u/Gandul_Le_Blanc	fmeqwcn	u/Minecraft-forever	fuu8y9	S	I
2020-04-04 10:51:57.481389	u/Domin_Hoes	fmeqwcy	u/BlurredOang	fuum3g	S	I
2020-04-04 10:52:04.696406	u/a_fadora_trickster	fmeqwe1	u/BigBoiPants24601	fmeqoka	C	I
2020-04-04 10:52:18.865905	u/SnapshillBot	fmeqwj2	u/Chendude64	fuuuf5	S	I
2020-04-04 10:52:25.996943	u/RattyBal21	fmeqwjh	u/razor_face_	fmeqkfb	C	N
2020-04-04 10:52:35.207353	u/SnapshillBot	fmeqwle	u/deleted	fuuudx	S	N
2020-04-04 10:52:42.450510	u/MyAutisticBoi	fmeqwml	u/tyga999	fusl78	S	N
2020-04-04 10:52:52.259949	u/paigebudnick	fmeqwof	u/walkietalkie22	fujhqe	S	N
2020-04-04 10:52:59.405143	u/SnapshillBot	fmeqwo6	u/DivyaPrakashRaju	fuuudl	S	N
2020-04-04 10:53:08.505145	u/Vesu102	fmeqwp3	u/chrisrosa14	fmeqncz	C	N
2020-04-04 10:53:16.584053	u/DmMacniel	fmeqwpi	u/240_69-666	fmel0ch	C	N
2020-04-04 10:53:25.680991	u/BillyWhizz09	fmeqwqr	u/LerrisTheRecluce	fmeaaae	C	N
2020-04-04 10:53:34.380802	u/Marouane_27	fmeqwvj	u/Suprovation	funo24	S	N
2020-04-04 10:53:43.401259	u/ImBarnabas	fmeqwwb	u/hastobetrueitsreddit	fmedcvb	C	N
2020-04-04 10:53:51.485057	u/Kingofspiders05	fmeqwxd	u/datepicegyptgamer	fmeav6j	C	N
2020-04-04 10:54:00.884774	u/clone_ranger	fmeqx08	u/bishassslutasswhore	fulx4i	S	I
2020-04-04 10:54:09.207525	u/card1al	fmeqx2n	u/TheGreatNavjeet	fuslx1	S	I
2020-04-04 10:54:22.127230	u/playlets1357	fmeqx3i	u/AJ-Naka-Zayn-Owens	fupoyi	S	I
2020-04-04 10:54:29.122921	u/MMA1793	fmeqx6v	u/ThrowawayIfForgotten	fmeqvgy	C	I
2020-04-04 10:54:43.214757	u/Doubletap-v02	fmeqx9h	u/Alex152Pl	fmeqsz1	C	I
2020-04-04 10:54:54.297980	u/theswagdodo11	fmeqxax	u/BlurredOang	fuum3g	S	I
2020-04-04 10:55:02.234775	u/atomsmasher42	fmeqxcb	u/69Deckerspawn	fmef0jr	C	I
2020-04-04 10:55:17.465517	u/shtupid2	fmeqxcd	u/JustFbi	fukvq0	S	N
2020-04-04 10:55:24.375464	u/SnapshillBot	fmeqxdm	u/DreamOfSanFran	fuuuk9	S	N
2020-04-04 10:55:38.307336	u/Magius1954	fmeqxdw	u/Intelligent-Usual	fmdq326	C	N
2020-04-04 10:55:51.690231	u/LetThemSeeYou	fmeqxfi	u/TDKG	fupt0q	S	I
2020-04-04 10:55:59.545369	u/hotriccardo	fmeqxfv	u/Sissinou	fuu4v3	S	N
2020-04-04 10:56:12.390844	u/SnapshillBot	fmeqxgj	u/nippletwister300	fuuuj6	S	N
2020-04-04 10:56:28.803970	u/iiEco-Ryan3166	fmeqxgw	u/AJ-Naka-Zayn-Owens	fupoyi	S	I
2020-04-04 10:56:40.058366	u/adm7503	fmeqxi0	u/xXCoordinateXx	fushxn	S	I
2020-04-04 10:56:49.732505	u/Happychubs	fmeqxld	u/--perfectly_insane--	fuuaaw	S	I
2020-04-04 10:57:03.451582	u/13ryc3	fmeqxnt	u/NicoleTaffi	fuur3o	S	I
2020-04-04 10:57:26.734688	u/Bored_with_3_kids	fmeqxnr	u/Zacefroe	fmedlae	C	I
2020-04-04 10:57:44.876563	u/sebsram	fmeqxug	u/RepostSleuthBot	fmemx5b	C	I
2020-04-04 10:58:00.069433	u/Gandul_Le_Blanc	fmeqxvm	u/AtlaXenos	fmeo7ip	C	I
2020-04-04 10:58:07.611458	u/The1stmadman	fmeqxzt	u/_Chonkyboi_	fmc17qt	C	I
2020-04-04 10:58:13.342689	u/ssrsvlog	fmeqy0p	u/Addian4	fuqdp7	S	I
2020-04-04 10:58:23.993286	u/jacksucksateverythin	fmeqy5d	u/flwrs__	fupgsf	S	I
2020-04-04 10:58:29.557391	u/culturalBeE147	fmeqy5r	u/typewriter45	furt1r	S	I
2020-04-04 10:58:39.003079	u/xupamos87	fmeqy6a	u/crazy_as_a_potato	fmeqlt7	C	N
2020-04-04 10:58:54.921678	u/locknessymonster	fmeqyb2	u/Marv5833	fmefru7	C	I
2020-04-04 10:59:01.283714	u/IlllIIllIlII	fmeqyc7	u/mad-lads	fmeql58	C	I
2020-04-04 10:59:09.575615	u/biepbiepbopbop	fmeqye8	u/sboxtf	fmeptiz	C	I
2020-04-04 10:59:22.058517	u/Goat-shot	fmeqyed	u/Vega_128	fme3ha8	C	I
2020-04-04 10:59:27.338680	u/EdenSteden22	fmeqyhw	u/RamennoodlepoodleK	ft5awf	S	I
2020-04-04 10:59:33.495835	u/cyberus_exe	fmeqyjm	u/BingBongImRapingYou	fusljz	S	N
2020-04-04 10:59:37.675438	u/xd_W1n	fmeqyny	u/Oof10199	fuufux	S	I
2020-04-04 10:59:42.818887	u/sillysideofthecorn	fmeqyqp	u/starger46	furd1g	S	N
2020-04-04 10:59:48.996623	u/whynotm3e	fmeqys3	u/NicoleTaffi	fuur3o	S	I
2020-04-04 10:59:53.229221	u/NathanGreenBean	fmeqys7	u/OkymCZ	fuq59g	S	I
2020-04-04 10:59:56.163471	u/Username-Taken-01	fmeqysz	u/HelpMeILostMyAccount	fuutji	S	I
2020-04-04 11:00:01.140170	u/pab-moob	fmeqz2l	u/RepostSleuthBot	fmeqlhk	C	I
