2020-04-03 15:00:24.135609	u/hackerman680	fmc6447	u/KillerStrike2975	fmata49	C
2020-04-03 15:00:46.917452	u/Diogenes-Disciple	fmc6522	u/RememberNoRussian006	fmbunbe	C
2020-04-03 15:01:09.499865	u/UltraRelice	fmc660x	u/AzraeltheGrimReaper	fmb9jbn	C
2020-04-03 15:01:54.476220	u/retro_169	fmc67s1	u/S1KEX	fmc35m1	C
2020-04-03 15:01:59.395826	u/Middopasha	fmc680g	u/kendovzii	fmbdv23	C
2020-04-03 15:02:16.417274	u/Melodic-Harp	fmc68r8	u/Bs4love	fmby0s3	C
2020-04-03 15:02:45.533133	u/RaTtY_2000	fmc6a37	u/Niwi_	fmc63dq	C
2020-04-03 15:03:18.724264	u/street__shitter	fmc6bno	u/OrangeJoe_3000	fmc1urg	C
2020-04-03 15:03:26.775719	u/aisaku0	fmc6bub	u/Alexx977	fmb8jil	C
2020-04-03 15:03:39.806260	u/MrsPerkin	fmc6cau	u/McChexMix	fmbygna	C
2020-04-03 15:04:02.589084	u/KeepitSharky	fmc6cy2	u/pur__0_0__	fmc54zl	C
2020-04-03 15:04:18.546248	u/thethiccgorilla	fmc6de7	u/Mohammad927	fmc6aof	C
2020-04-03 15:04:29.459943	u/xdTSMSoroush22	fmc6drw	u/Flixx2004	fmc12x0	C
2020-04-03 15:05:09.911791	u/PixelatedTamale	fmc6fa5	u/Therealnoobumut	fmbvlkm	C
2020-04-03 15:05:12.816239	u/blode_bou558	fmc6fci	u/jesusmcchrist939	fmbry4a	C
2020-04-03 15:05:42.475165	u/AndreiLeIttu	fmc6gwb	u/Lex1253	fmc6a5q	C
2020-04-03 15:07:00.731998	u/jordan346	fmc6lo2	u/Snaper_XD	fmc67na	C
2020-04-03 15:07:33.086485	u/spekfreek	fmc6mvd	u/nieldade2	fmbnohz	C
2020-04-03 15:07:46.922771	u/ikolomiko	fmc6ntx	u/meelikee	fmb5fht	C
2020-04-03 15:09:06.686967	u/Faze-Toxic	fmc6t94	u/TheEnderChipmunk	fmb6b8i	C
2020-04-03 15:09:28.931616	u/MrDeadman4	fmc6u9c	u/PhonyBrony2	fmc0ump	C
2020-04-03 15:09:42.205189	u/ghp98psz	fmc6vkg	u/epic696969	fmbmkk5	C
2020-04-03 15:09:49.026506	u/Miss_Sectumsempress	fmc6wjd	u/RH3DD1T	fmbzm05	C
2020-04-03 15:09:54.147142	u/cerial_grapest	fmc6x83	u/GlitterShit23-68	fmbukgm	C
2020-04-03 15:09:56.443922	u/The-Decomposed-Rose	fmc6xnu	u/GloriousBeard905	fmc1agl	C
2020-04-03 15:10:09.195277	u/The-Decomposed-Rose	fmc6y2v	u/scootasideboys	fmc215y	C
2020-04-03 15:10:32.193470	u/cannibalisticpudding	fmc6yyr	u/KhalisiWinchesterWho	fmc4v0j	C
2020-04-03 15:11:15.941797	u/Aetoriastheblender	fmc70qq	u/nekro-boy	fmc3so7	C
2020-04-03 15:11:51.885449	u/Mr_Waffles121	fmc72nf	u/Jacki-Rigui	fmc4nhu	C
2020-04-03 15:13:00.099000	u/Itsyaboi_g	fmc756f	u/armadillokiddo	fmc5w9w	C
2020-04-03 15:13:11.236124	u/raphto	fmc75bo	u/KosmicFoX	fmc63vp	C
2020-04-03 15:14:32.943705	u/I_hart_cats	fmc79bz	u/Nugget-has-nuggets	fmc3006	C
2020-04-03 15:15:20.765287	u/nerdecaiiiiiii	fmc7b8s	u/i-rape-goats	fldr655	C
2020-04-03 15:15:33.862116	u/EPICLY_GAY	fmc7bp6	u/SoWokeIdontSleep	fmc6iar	C
2020-04-03 15:15:37.202293	u/KM4WDK	fmc7bru	u/DispleasedSteve	fmbj4py	C
2020-04-03 15:15:40.359867	u/badassito	fmc7bxx	u/LOGANMG03	fmbrq5b	C
2020-04-03 15:15:42.388149	u/dino_lover123	fmc7byk	u/deadusmemeus	fmb864p	C
2020-04-03 15:15:54.046279	u/throwawayutbeliketht	fmc7cje	u/memes_for-the_win	fmbvesf	C
2020-04-03 15:16:09.265572	u/TheOkPlayer	fmc7d1c	u/fucknametakenrules	fmbjhd6	C
2020-04-03 15:16:14.680917	u/luvuacutunu	fmc7d7w	u/efsdude12	fmc4g56	C
2020-04-03 15:16:33.454885	u/minngag	fmc7ebo	u/Jomesfonso	fmbwyq1	C
2020-04-03 15:16:36.200159	u/AmuckRunner	fmc7ebw	u/slap-a-taptap	fmc7bt3	C
2020-04-03 15:17:19.987926	u/Rehatzu	fmc7gud	u/LuckyAceBlue	fmc1oqw	C
2020-04-03 15:17:36.226956	u/Z_TDD	fmc7hhl	u/Rockman307	fmc7d6a	C
2020-04-03 15:17:41.101287	u/NickIsNotARealName	fmc7i24	u/cannibalisticpudding	fmc6yyr	C
2020-04-03 15:18:10.607353	u/John-0605	fmc7kuj	u/askmeabiutlife	fmb7nkr	C
2020-04-03 15:18:53.597234	u/RKT_Havoc	fmc7o3x	u/I_Like_Trains_XD	fmc46ai	C
2020-04-03 15:18:56.947947	u/netbie_94	fmc7o8l	u/1tsNeverLupus	fmc2m4j	C
2020-04-03 15:19:10.133793	u/Smartypants112	fmc7oq2	u/Espurranza	fmc6fjc	C
2020-04-03 15:19:46.955441	u/tasty_iron	fmc7svd	u/Therealnoobumut	fmbuqpk	C
2020-04-03 15:19:48.616850	u/CristalS2	fmc7syq	u/FirstPotatoOverlord	fmc6wrd	C
2020-04-03 15:19:54.766247	u/MrKaiserMan	fmc7uh8	u/BeNbUcKToO	fmc7f5n	C
2020-04-03 15:19:56.979545	u/JoblessJester	fmc7unx	u/elon-musks-mom	fu2qx8	S
2020-04-03 15:20:02.031579	u/Pussy-Hunter6969	fmc7vsr	u/Hemphill04	fmc5lr4	C
2020-04-03 15:20:37.502051	u/scarcityflow	fmc7xa9	u/deadly-d	fmc4gzs	C
2020-04-03 15:20:51.178719	u/WyCoStudiosYT	fmc7xw9	u/RevengerWizard	fmc7wgt	C
2020-04-03 15:20:57.156307	u/CoyMercury39329	fmc7y12	u/Avis28	fmc7wqw	C
2020-04-03 15:21:13.482739	u/scarcityflow	fmc7z8p	u/Grayboot_	fmbb34m	C
2020-04-03 15:21:25.065916	u/gvbarton	fmc7zov	u/Papa_kAaPpA	fmc7wrj	C
2020-04-03 15:21:45.924540	u/Clarkey2814	fmc80yy	u/overlord_of_cringe	fmc73in	C
2020-04-03 15:21:52.148683	u/D1shk	fmc814v	u/MrKaiserMan	fmc7uh8	C
2020-04-03 15:21:57.349210	u/smitty1624	fmc8160	u/I_love_Gordon_Ramsay	fmbz59r	C
2020-04-03 15:22:43.483931	u/S0ftTiddies	fmc83o0	u/EdwardChan_350	fmbqeta	C
2020-04-03 15:22:54.002597	u/GregHolmesMD	fmc847i	u/MoistFlapss	fmb6rvr	C
2020-04-03 15:23:49.439733	u/tasnimobile	fmc86rh	u/efsdude12	fmc4g56	C
2020-04-03 15:23:51.757185	u/bignutbois	fmc86rn	u/P3rfect1ons	fmbuicr	C
2020-04-03 15:24:49.372643	u/Anti-SocialAnimal	fmc89mh	u/JMacFlint	fmbxb5s	C
2020-04-03 15:24:51.626786	u/terhorstreino	fmc89p8	u/nOt-ClicK-bAiT	fmbhlhu	C
2020-04-03 15:25:02.050415	u/I-want-Die635	fmc8a6j	u/Tacticalnukefrombutt	fmatbja	C
2020-04-03 15:25:05.086166	u/yrbdanny	fmc8aap	u/emyaguardcount	fmazbqf	C
2020-04-03 15:25:31.922437	u/TJBtheClone	fmc8bmp	u/Shrek_XtraLarge	fmboirn	C
2020-04-03 15:25:36.851028	u/NotYetPotato143	fmc8bzl	u/D1shk	fmc814v	C
2020-04-03 15:25:38.912913	u/StarGuardianJulie	fmc8c16	u/Nrkkred	fmajxh9	C
2020-04-03 15:25:50.950438	u/Ana_Arcturus	fmc8cgd	u/okandy03	fmbribb	C
2020-04-03 15:26:02.790080	u/NaYrU13	fmc8cvn	u/greatking6009	fmbwyiz	C
2020-04-03 15:26:14.235670	u/Colonel-Death	fmc8dbk	u/Devils_Advocate1357	fmc7zc5	C
2020-04-03 15:26:35.190232	u/TRAUMAgg	fmc8ehe	u/C1nders-Two	fmc6j6k	C
2020-04-03 15:26:50.153883	u/Florinity	fmc8exa	u/ThatYellowElephant	fmaxbpu	C
2020-04-03 15:27:32.520402	u/GrommashHeavenSinger	fmc8hg4	u/Jacki-Rigui	fmc4nhu	C
2020-04-03 15:27:35.700111	u/suicideS09	fmc8hkd	u/armadillo-man	fudhbs	S
2020-04-03 15:27:53.608957	u/inkeyh	fmc8inj	u/Respect_Paying_Bot	fmc5yc5	C
2020-04-03 15:28:01.263831	u/megatron313rd	fmc8ixg	u/hayjaybirk	fmc6zq4	C
2020-04-03 15:28:15.405169	u/jeffthevader132	fmc8kc1	u/BattlebeeUltor	fu7raa	S
2020-04-03 15:29:07.988946	u/MajikToast79	fmc8o74	u/JosephatSPark	fmc8921	C
2020-04-03 15:29:22.745701	u/ItsNine-Ball	fmc8p63	u/Thatoneafkguy	fmc3np5	C
2020-04-03 15:29:32.982483	u/UncleFerdinandJr	fmc8pud	u/GhostHugger	fmbd4zi	C
2020-04-03 15:29:40.689393	u/TheRubiksKub	fmc8q71	u/franklollo	fmc8h7l	C
2020-04-03 15:29:41.656183	u/UnaidedPizza	fmc8q6y	u/Igelig	fmc7tga	C
2020-04-03 15:29:55.620930	u/Emeraldminer136	fmc8res	u/poorly_timed_fuck	fmc8cv4	C
2020-04-03 15:29:58.148940	u/Silent_DogeGamer	fmc8rxm	u/BeNbUcKToO	fmc7f5n	C
2020-04-03 15:31:18.631221	u/potentialpopato_lord	fmc8xlm	u/dybtiskoven	fmc647m	C
2020-04-03 15:32:00.578865	u/singingbobo77	fmc8zcd	u/darrenbrads123	fu7yum	S
2020-04-03 15:32:27.626606	u/cheeseplease97	fmc90h1	u/moth_kimg	fmbo3rj	C
2020-04-03 15:32:53.770361	u/BLoDo7	fmc91k2	u/lucian1311	fmbo38j	C
2020-04-03 15:33:46.290700	u/BramStroker13	fmc93f6	u/sybch	fmc5wlr	C
2020-04-03 15:33:51.681360	u/joshlohr	fmc93s1	u/Agile_Sea	fmc7yuf	C
2020-04-03 15:33:54.869794	u/Skyccord	fmc93so	u/69TheRealDirtyDan69	fmb3kzs	C
2020-04-03 15:34:04.346787	u/DAKLAX	fmc9455	u/draugr6445	fmc5i4x	C
2020-04-03 15:34:12.016865	u/OmnipotentDonut	fmc94de	u/Indybutterflier	fuedm0	S
2020-04-03 15:34:27.531440	u/B1G_F00T	fmc94zp	u/Truuuliiim	fmbn3ux	C
2020-04-03 15:34:33.767279	u/DaTingGoSkrrat	fmc956y	u/andcora	fmc8djr	C
2020-04-03 15:34:41.425743	u/Impallinator	fmc95ke	u/Mr-Midget240	fmbxlft	C
2020-04-03 15:35:55.339693	u/JohnnyPlots	fmcbci6	u/GameVirus_Awesome	fmc272h	C
2020-04-03 15:36:35.012604	u/cannonmax	fmcbdpd	u/Truuuliiim	fmbn3ux	C
2020-04-03 15:36:56.118329	u/BOYGENIUS538	fmcbeyp	u/WrigleysExtraGum	fmbjxty	C
2020-04-03 15:37:05.056242	u/Speabat	fmcbfew	u/Ananyeahgupta	fmcb87b	C
2020-04-03 15:37:13.818771	u/haroldwills	fmcbgdz	u/Thegatesarm	fmb5j6m	C
2020-04-03 15:37:25.643689	u/gamer_exe	fmcbhil	u/finnikarma2431	fmc99ge	C
2020-04-03 15:37:32.944265	u/Poopkillio	fmcbi2s	u/Deckapoo	fmcbaxe	C
2020-04-03 15:37:56.163057	u/lupe124	fmcbjm8	u/captianmarvelous	fmcbifc	C
2020-04-03 15:38:00.076594	u/Tin_foil_nerd_42	fmcbjpd	u/TheGuardianWhoStalks	fmc8kou	C
2020-04-03 15:38:33.092255	u/Gaand44	fmcblkc	u/BumboJumbo05	fmbw4lu	C
2020-04-03 15:38:39.397199	u/TimelessMilk	fmcbm8r	u/Itsyaboi_g	fmc756f	C
2020-04-03 15:38:43.239361	u/Adityaisfbi	fmcbmgm	u/SlovakiaM	fmcb8ru	C
2020-04-03 15:38:51.668175	u/IUpVoteIronically	fmcbmxw	u/MichiganSummerSnow	fmbvjib	C
2020-04-03 15:38:56.813440	u/tigbofm	fmcbn4m	u/Derpy915	fmcbmew	C
2020-04-03 15:38:59.502049	u/BruhMoment_420	fmcbnk7	u/elcoco_93	fmbzurx	C
2020-04-03 15:39:12.640572	u/muckerfurguson	fmcboem	u/keybored12	fmcbl2r	C
2020-04-03 15:39:17.563368	u/idris_spetal	fmcbor9	u/RelativeBlindness	fmbs3sf	C
2020-04-03 15:39:33.856391	u/JakeCameraAction	fmcbqe8	u/sybch	fmbwxke	C
2020-04-03 15:39:45.055397	u/Jake_Horton	fmcbs01	u/packle-kackle	fmcboqu	C
2020-04-03 15:39:51.455578	u/violence_connoisseur	fmcbsbz	u/mbosty	fmcbfxx	C
2020-04-03 15:40:04.756897	u/Mr_meme-machine	fmcbtg9	u/Elmo_The_Eskimo	fmcbfhm	C
2020-04-03 15:40:27.978593	u/Silver-Scythe12	fmcbui2	u/muckerfurguson	fmcboem	C
2020-04-03 15:40:58.729819	u/GuyThatSpeaksYT	fmcbvzk	u/ChrispyTofuChoii	fmc4s3z	C
2020-04-03 15:41:20.882899	u/i_am_from_mars	fmcbwy8	u/Sinomu	fmc9vgw	C
2020-04-03 15:42:17.336773	u/Memee_Lord	fmcbz44	u/3_DX	fmbxzxq	C
2020-04-03 15:42:38.873457	u/idk_this_my_name	fmcbzxw	u/Jacki-Rigui	fmc4nhu	C
2020-04-03 15:43:00.382571	u/bootyeyequeen	fmcc0of	u/Onemillionupvotes	fmcb9fy	C
2020-04-03 15:43:07.865262	u/the_legend_97__	fmcc0rx	u/SolidTwinkie	fmc8c8i	C
2020-04-03 15:43:45.693181	u/Whatusernames2	fmcc24b	u/GuyThatSpeaksYT	fmcbzsu	C
2020-04-03 15:45:35.550285	u/eLMilkdude	fmcc7t8	u/mixttime	fmc10dc	C
2020-04-03 15:45:51.101650	u/charadreemurrbr	fmcc8gn	u/KJTGamer1	fmcbpgn	C
2020-04-03 15:46:41.183578	u/Confident-Care	fmccavs	u/Poopkillio	fmcbi2s	C
2020-04-03 15:46:51.596131	u/orangemanta12	fmccb6c	u/Rusty_Garlic	fmcc91n	C
2020-04-03 15:47:13.620250	u/swimboy7	fmccbr9	u/kinikinier	fmc0yyr	C
2020-04-03 15:47:24.167356	u/TuperTOT	fmccc9c	u/leko-baye	fmcbx8r	C
2020-04-03 15:47:35.221555	u/EggHardBoiled	fmcccot	u/Finalism	fmcc107	C
2020-04-03 15:47:47.935658	u/kcp131	fmccd8h	u/Minigab748	fmbn2wn	C
2020-04-03 15:48:07.377339	u/kirstxen	fmcceb2	u/SwedishManJoshy	fmbzxi9	C
2020-04-03 15:48:15.051221	u/Clown__Prince	fmcceug	u/JPmax4	fmcbvql	C
2020-04-03 15:48:18.395987	u/Mycelanium	fmcceyk	u/gamer_exe	fmcbkrq	C
2020-04-03 15:48:50.448971	u/DookieNutAllergy	fmccgmn	u/BigRedCowboy	fmc4n9b	C
2020-04-03 15:49:02.056079	u/fierno	fmcchg2	u/HideInNightmares	fmauv4z	C
2020-04-03 15:49:05.777097	u/FishDave	fmcchw8	u/memes_for-the_win	fmc1x12	C
2020-04-03 15:49:08.696823	u/thenoodle28	fmcci7r	u/_InstagramPianist_69	fmbuz5b	C
2020-04-03 15:49:12.308028	u/Daniel_Eriksson	fmccilj	u/xupamos87	fmbnste	C
2020-04-03 15:49:29.097220	u/Tenacious_Lawnmower	fmcck6j	u/TheLevlon	fmcashj	C
2020-04-03 15:49:52.877953	u/communist_elmo	fmccm8c	u/nkarkas	fmc7po3	C
2020-04-03 15:50:03.761439	u/carbongr4phics	fmccnpm	u/Poopkillio	fmcclcb	C
2020-04-03 15:50:06.227349	u/itshard2pickusername	fmccnr5	u/quanking600	fmcbnqw	C
2020-04-03 15:50:18.634174	u/VooDooOperator	fmccnvw	u/Olly-barnes	fmccesv	C
2020-04-03 15:50:24.635637	u/TomatoStreetCan	fmccnzm	u/BramStroker13	fmc9mq3	C
2020-04-03 15:50:39.830102	u/oofboiiiii	fmccohs	u/lilchonk69	fmcanp1	C
2020-04-03 15:50:56.201578	u/pro_lt	fmccpg1	u/Rick-roller--	fmc2q1b	C
2020-04-03 15:51:22.119902	u/Yeetmaster2405	fmccpyj	u/captianmarvelous	fmcbly3	C
2020-04-03 15:51:26.401231	u/Suicune245_1999	fmccqes	u/Tobiasrinde	fman0ev	C
2020-04-03 15:51:40.834864	u/DudeImAnthony	fmccqsz	u/MAGIC_EYE_BOT	fmcco8m	C
2020-04-03 15:51:50.098074	u/theloyalowl	fmccr2t	u/brebby101	fmbiphp	C
2020-04-03 15:52:21.263063	u/1qwerQWER	fmccsc6	u/PhoenixLord5677	fmccgvf	C
2020-04-03 15:52:46.009063	u/TheButtonMashers	fmcct6x	u/HSD112	fmc4818	C
2020-04-03 15:53:00.547770	u/noodlemcfoodle	fmcctw6	u/Mabus38	fuf2bn	S
2020-04-03 15:53:33.871074	u/X3cw	fmccvh9	u/DookieNutAllergy	fmccgmn	C
2020-04-03 15:53:38.698780	u/KyleMan736	fmccvlt	u/spaceMonkeyMafia93	fmbfkbd	C
2020-04-03 15:54:02.542997	u/noodlemcfoodle	fmccw9f	u/Mabus38	fmccvir	C
2020-04-03 15:54:06.704156	u/lukasevamatti	fmccwl0	u/anuanemik	fmcce2d	C
2020-04-03 15:54:51.891257	u/CowDunes	fmccydq	u/Anti-SocialAnimal	fmbh7yb	C
2020-04-03 15:54:58.990859	u/TehFakeCukieMunster	fmccyky	u/_Xand0n_	fmccnoe	C
2020-04-03 15:55:23.314909	u/Mevvis	fmcczaw	u/Sinistralityy	fmbig0b	C
2020-04-03 15:56:12.552623	u/TehFakeCukieMunster	fmcd1bg	u/Poopkillio	fmccevx	C
2020-04-03 15:57:51.735744	u/funknjam	fmcd61s	u/mosab15	fmcd3ni	C
2020-04-03 15:58:28.398811	u/layshayrus	fmcd98h	u/omgitsabean	fmcd39p	C
2020-04-03 15:59:38.049874	u/moshe8910	fmcddve	u/Therealnoobumut	fmbtq7b	C
2020-04-03 15:59:40.374156	u/TattooHelpPlease2	fmcde4u	u/SAVAGE-DOGG	fmazvcu	C
2020-04-03 15:59:48.840794	u/Fo_ng	fmcdfat	u/disboicito420	fmbvu3t	C
2020-04-03 15:59:53.651347	u/MrBurnsgreen	fmcdfr1	u/soobledoo	fmbuirt	C
2020-04-03 15:59:59.649683	u/YuriTardedbitch	fmcdg8p	u/Knight_of_elves	fmcd1f5	C
