2020-04-04 11:03:59.072002	u/The-Savage-Burrito	fmer0ao	u/devajithvs	fmeqbuc	C
2020-04-04 11:09:03.724400	u/Jaded-Status	fmet19x	u/arathidvbjx	fmeqas3	C
2020-04-04 11:09:18.992895	u/big_pog_human2478	fmet19z	u/CheesusKrispy	fmdrjhw	C
2020-04-04 11:09:37.984961	u/KaijinGarou	fmet1a0	u/Gandivdhari	fmes47n	C
2020-04-04 11:10:00.233889	u/FlashOfEarth	fmet1lh	u/deepanshuv23	fmeazka	C
2020-04-04 11:10:32.331013	u/mrs_lowery	fmet20z	u/i_speak_bane	fmejip4	C
2020-04-04 11:13:24.407464	u/getinthecummobile	fmet2t7	u/MkvMike	fmem7ma	C
2020-04-04 11:14:07.484701	u/GFranco102403	fmet31a	u/big-bird-is-jesus	fmesrdh	C
2020-04-04 11:17:44.001341	u/Repulsive_Walk	fmet4bk	u/Appiemakker	flo3bje	C
2020-04-04 11:19:30.467093	u/BritishKiwi09	fmet50l	u/captainkingow	fme3kag	C
2020-04-04 11:28:53.262234	u/bruhmoment6	fmet84y	u/SKylanders22	fmet77b	C
2020-04-04 11:29:10.213916	u/kyrjavia	fmet861	u/AkemiDryzz	fme7vis	C
2020-04-04 11:29:44.738569	u/-Trying2Think-	fmet880	u/Super-Toad	fusvj2	S
2020-04-04 11:30:58.504912	u/ntd252	fmet9ao	u/theocelotslayuh	fme37li	C
2020-04-04 11:31:47.092475	u/ScribbleScribble100	fmet9dd	u/ItsMePeppa	fmesxjd	C
2020-04-04 11:37:54.996566	u/Weet_the_Thin	fmeve2v	u/PharmaGangsta	fmeuvwp	C
2020-04-04 11:40:00.630498	u/BOLTSdaPenguino	fmeveol	u/twistedmuppet	fmeojki	C
2020-04-04 11:42:29.956874	u/AnimuFanz	fmevfme	u/LeCoronavirus	fmeju4y	C
2020-04-04 11:43:05.200183	u/UtopiaIsDead	fmevg08	u/AnonDooDoo	fmet04n	C
2020-04-04 11:46:03.930657	u/CM_1	fmevgg7	u/sboxtf	fmeoarh	C
2020-04-04 11:50:56.920804	u/PolishedTurd69	fmewxra	u/Noobster646	fmevhww	C
2020-04-04 11:53:06.519685	u/return_of_the_fap	fmewycg	u/Hoo_Lee_Shet	fmedfzy	C
2020-04-04 11:53:51.309991	u/Solty_	fmewygi	u/rykes_	fmebzbj	C
2020-04-04 11:54:11.725856	u/succelentsausage	fmewygp	u/TheThingNasim	fmet87d	C
2020-04-04 11:54:30.091778	u/Quantoskord	fmewyoi	u/Kingken130	fmeglwa	C
2020-04-04 11:59:54.015935	u/imlooking4agirl	fmex09o	u/TheBazeur	fmekzyj	C
