2020-04-03 12:00:15.977257	u/d4_H_	fmbmmw7	u/HostMemeMachine	fmbk83u	C
2020-04-03 12:00:44.390845	u/Lolstep05	fmbmnyl	u/LORDBOMBAF	fmbd98s	C
2020-04-03 12:00:59.230384	u/TillyQueen	fmbmoi6	u/Fluffyface-casey	fmai8xf	C
2020-04-03 12:01:02.565664	u/Populus_Sententia	fmbmoja	u/Nightwolff16	fmbgxg1	C
2020-04-03 12:01:09.389944	u/UristMcHolland	fmbmory	u/whitson67	fmbl6ru	C
2020-04-03 12:01:20.032537	u/IdkTbhSmh	fmbmp95	u/AxleGearThylacine	flroddj	C
2020-04-03 12:02:05.317859	u/crowbars_08	fmbmreg	u/SingleBagel	fma5kkl	C
2020-04-03 12:02:43.658617	u/tim-the-tim	fmbmtdi	u/Kys4	fmblayg	C
2020-04-03 12:03:09.834201	u/JigglyDove	fmbmuh3	u/anuanemik	fmbmmzf	C
2020-04-03 12:03:27.809259	u/Mechapizza	fmbmvri	u/harris1on1on1	fmawnxp	C
2020-04-03 12:03:31.544399	u/Bosszaeem	fmbmw3j	u/xDDer25	fmbi23w	C
2020-04-03 12:04:23.678221	u/WeirdCatto	fmbmy8a	u/Redpikes	fm8bi08	C
2020-04-03 12:04:47.600412	u/The_Hook73	fmbmzx1	u/Poopflicker42	fmbmnq8	C
2020-04-03 12:04:53.564164	u/Skrull_Symbiotes	fmbn05a	u/BioScare	fmb3ssm	C
2020-04-03 12:05:04.012575	u/Destroyer1122135	fmbn0rk	u/BirgBoi	fmas30e	C
2020-04-03 12:05:09.293249	u/how-do-you-have-time	fmbn13s	u/whowouldusethisname	fmb156w	C
2020-04-03 12:05:25.649880	u/Melodic_Equipment	fmbn1o9	u/KMS_Prinz-Eugen	fmbilrm	C
2020-04-03 12:05:28.674487	u/Camarel_michi	fmbn1uo	u/vincentwaffles	fma4xe5	C
2020-04-03 12:06:18.381123	u/An_enemy_stand_	fmbn4n6	u/infy420	fmbmby5	C
2020-04-03 12:06:29.844565	u/Ryhno5	fmbn559	u/jumbo53	fmbjdch	C
2020-04-03 12:07:17.753431	u/50schmeckleboobies	fmbn83z	u/mapanpang69420	fmbk2m6	C
2020-04-03 12:07:20.602622	u/Tenhr	fmbn8gj	u/RubyAlgorithm	fmbn1uw	C
2020-04-03 12:07:25.278671	u/bruhnie	fmbn8l5	u/rykes_	fmbn4at	C
2020-04-03 12:07:49.846600	u/Valuable-Station	fmbn9rw	u/_sam_mas_	fmbjoiv	C
2020-04-03 12:08:01.124077	u/i-have-a-car	fmbnaev	u/Malalang	fmb8czi	C
2020-04-03 12:08:03.656304	u/gigerbits	fmbnafq	u/Edgy_Communist_	fmb3upw	C
2020-04-03 12:08:20.065432	u/Smol_Claw	fmbnbow	u/BattlebeeUltor	fmbk4ew	C
2020-04-03 12:08:53.455434	u/oo_oov6	fmbndl7	u/Patrick_Bot2	fmbminw	C
2020-04-03 12:09:13.092432	u/TheContaminated	fmbney2	u/Dutch_Blue	fmazmdn	C
2020-04-03 12:09:33.252617	u/Teh0verLord	fmbng5c	u/GhostHugger	fmbfdcq	C
2020-04-03 12:09:36.489633	u/sergeantsmith86	fmbngkb	u/Amusing_Diction	fmbhisv	C
2020-04-03 12:09:39.992773	u/Bonified04	fmbngvm	u/24520ls	fmbf9ur	C
2020-04-03 12:09:58.712229	u/notabadgerinacoat	fmbnjal	u/Salle21	fmba1ob	C
2020-04-03 12:10:53.588915	u/LiveFlame_10	fmbnmz9	u/TheAwsumOne	fm9le3x	C
2020-04-03 12:10:58.162403	u/IgruMito	fmbnnf3	u/GhostHugger	fmb5gvf	C
2020-04-03 12:11:12.073688	u/peterXforreal	fmbnnwd	u/ilikejuice88	fmb6jwj	C
2020-04-03 12:11:17.129087	u/Mercpool87	fmbno9g	u/CHAOSLightening03	fmbidx1	C
2020-04-03 12:11:46.170466	u/nickkkkkboi	fmbnp88	u/TsarGermo	fmb3qb5	C
2020-04-03 12:11:55.330844	u/miimvardedilergeldik	fmbnpow	u/CaseyDaGamer	fmbmwpq	C
2020-04-03 12:12:05.189824	u/YourAverageGoldFishy	fmbnq08	u/NukeTheSalSauce	fmabxfl	C
2020-04-03 12:12:09.668403	u/meelikee	fmbnqb6	u/Shubhanshuprak	fmb9c1h	C
2020-04-03 12:12:30.566172	u/Johny_Koni	fmbnrjo	u/pavilionhp_	fm9z0wt	C
2020-04-03 12:12:59.582655	u/chikensandwich01	fmbnt9k	u/KingOfMemes1233	fmbg8gf	C
2020-04-03 12:13:02.734799	u/Glitched_Oren_303	fmbntb4	u/Flixx2004	fmbnrck	C
2020-04-03 12:13:04.953502	u/BambiDeath	fmbnte4	u/bestomemes	fmblof9	C
2020-04-03 12:13:37.452641	u/AhmeekLegend	fmbnurw	u/Miiki37	fmbnrc8	C
2020-04-03 12:14:00.554689	u/Hecking_Strong420	fmbnw0l	u/O_K__B_O_O_M_E_R	fmbmnm2	C
2020-04-03 12:14:08.904913	u/YEEHAW16	fmbnw2r	u/_Wubawubwub_	fmbnd5w	C
2020-04-03 12:14:37.765837	u/1-800-CUM-SHOT	fmbnxf5	u/not_wadud92	fmbn8yr	C
2020-04-03 12:15:19.360396	u/thatonefilmnerd	fmbnzb6	u/daniel5764	fmbldzv	C
2020-04-03 12:15:22.461551	u/HACKERcrombie	fmbnzes	u/AnxiousCream	fmbmnd2	C
2020-04-03 12:16:04.530870	u/RBN_HMRS	fmbo1nl	u/TheRavensGuild	fmbmgtz	C
2020-04-03 12:16:35.681705	u/lucian1311	fmbo38j	u/Melodic_Equipment	fmbn1o9	C
2020-04-03 12:16:42.942179	u/doinkster_most_wantd	fmbo3lm	u/TheSCP_3008	fmb4yck	C
2020-04-03 12:16:47.747548	u/nedosypp	fmbo3nu	u/Flixx2004	fmbnztc	C
2020-04-03 12:17:11.492185	u/lennymadboy	fmbo5vh	u/O_K__B_O_O_M_E_R	fmbm1mt	C
2020-04-03 12:18:03.401784	u/Abdelg20	fmbo8g5	u/Teh0verLord	fmbng5c	C
2020-04-03 12:18:43.634359	u/catman_antistar	fmboadq	u/Ultra_Weaboo	fmbnynf	C
2020-04-03 12:18:50.873358	u/MellifluousSussura	fmboaoe	u/Crafty-Crafter	fmbm30c	C
2020-04-03 12:18:53.158181	u/Demise_64	fmboaqs	u/SchrammbledEggs722	fmbd7c2	C
2020-04-03 12:18:59.855434	u/DONTEATCARS	fmbob1t	u/Noyoureblind	fmao2du	C
2020-04-03 12:19:16.496399	u/dont_mess_with_tx	fmbocqp	u/r3dcrayon	fmbn8a9	C
2020-04-03 12:19:17.917901	u/coolfire0907	fmbocsu	u/Crafty-Crafter	fmb9mk3	C
2020-04-03 12:19:20.058262	u/PraiseForWaterSheep	fmbocyp	u/Gremaldus	fmboaim	C
2020-04-03 12:19:25.966670	u/drawingdogs	fmbod6n	u/Somebody_EEU	fmb78op	C
2020-04-03 12:19:28.439829	u/WEareCR	fmbod9m	u/BryNX_714	fmbkxoc	C
2020-04-03 12:19:52.287722	u/tinastuna	fmbofty	u/ImABabyBottomBitch	fmbo5xr	C
2020-04-03 12:19:59.245143	u/WishIwerefree	fmboh2n	u/longhud	fmb0jh6	C
2020-04-03 12:20:09.716352	u/MozartO_O	fmbohly	u/sacrificial_reunion	flafgjk	C
2020-04-03 12:21:34.489424	u/readersanon	fmbokyd	u/The2500	fmbjhqa	C
2020-04-03 12:21:40.779647	u/bringmethevoid	fmbol3t	u/XRayPlayz	fmaebgz	C
2020-04-03 12:22:11.299694	u/governmentNutJob	fmbomcc	u/The-Scavenger	fmau69c	C
2020-04-03 12:22:19.398177	u/Savarianus	fmbomh0	u/Spicymemez17	fmbogh4	C
2020-04-03 12:22:36.802723	u/FluidDruid216	fmbomxe	u/IanGecko	fmaew52	C
2020-04-03 12:23:09.988601	u/flamingcat21	fmboo96	u/CacklettasMinion	fmb0ody	C
2020-04-03 12:23:28.519351	u/DiamondcatTheIII	fmbop9v	u/Ultra_Weaboo	fmboa28	C
2020-04-03 12:24:24.294444	u/HeIlo_there_everyone	fmbort1	u/KrabbyPatty2425	fmbohsi	C
2020-04-03 12:25:09.172473	u/Sturmovik469	fmboteo	u/twistedmuppet	fmbgvir	C
2020-04-03 12:25:21.373584	u/Trumpet6789	fmbotob	u/twistedmuppet	fmbgvir	C
2020-04-03 12:26:17.922052	u/ShitPostThrow	fmbowmf	u/simsam999	fmbkn01	C
2020-04-03 12:26:39.621916	u/Samtho26	fmbox9m	u/Sharibo	fmbfg3f	C
2020-04-03 12:26:59.211826	u/FrenchFries777	fmboy71	u/saltysugar57	fmbdy23	C
2020-04-03 12:27:12.912867	u/deku_is_reborn	fmboyux	u/Wolfy_Red5678	fmbhftc	C
2020-04-03 12:27:45.848813	u/ralseionreddit	fmbozpn	u/GravityFallsChicken	fmbf72h	C
2020-04-03 12:28:13.523987	u/GagesGenericUsername	fmbp0u2	u/Teh0verLord	fmbos8p	C
2020-04-03 12:28:34.068784	u/efsdude12	fmbp2dm	u/Mechapizza	fmbo5jq	C
2020-04-03 12:28:43.031221	u/KenobiMemes	fmbp2yw	u/kuhlschranko	fu7v8m	S
2020-04-03 12:28:49.821576	u/SubzeroMeltdown	fmbp3ou	u/Coffee_Blacc	fm8hocs	C
2020-04-03 12:28:54.825649	u/ueeyeeut	fmbp3vk	u/StaticGamesLevi	fmbh3l9	C
2020-04-03 12:29:09.891279	u/ThingWithChlorophyll	fmbp4u4	u/Julioscoundrel	ffuxsit	C
2020-04-03 12:29:52.783200	u/AnoubiosG	fmbp7vc	u/innovator97	fmbp4ik	C
2020-04-03 12:29:59.355130	u/it_is_Ali	fmbp98e	u/NoorMLG	fmbmep4	C
2020-04-03 12:30:10.506403	u/helvetic-aesthetic	fmbp9p0	u/Nitroottet	fmb8a01	C
2020-04-03 12:30:20.109580	u/garglesmarbles	fmbpa39	u/it_comes	fmarh2w	C
2020-04-03 12:30:22.566028	u/Goldsmith1833	fmbpa3y	u/Teh0verLord	fmbos8p	C
2020-04-03 12:30:41.894726	u/Smug_Eevee	fmbpazj	u/i-can-only-lie	fmbodk9	C
2020-04-03 12:30:51.171372	u/elcoco_93	fmbpb97	u/saltysugar57	fmbdrmo	C
2020-04-03 12:31:24.990541	u/Michael_Harper	fmbpch9	u/PatPatPat2019	fmau59m	C
2020-04-03 12:31:27.419105	u/ex1stential_crisis	fmbpcj0	u/Fedcrazycool	fmbp87d	C
2020-04-03 12:31:36.523498	u/doccluboblivion	fmbpctl	u/mene3381	fmbp95m	C
2020-04-03 12:31:40.083986	u/rosyrain123	fmbpcwu	u/KenobiMemes	fmbp2yw	C
2020-04-03 12:32:20.291833	u/MishaIsHomeAlone	fmbpeqx	u/SupIts_Alex	fuba5i	S
2020-04-03 12:33:18.899159	u/danknerd69	fmbpgyc	u/AcelJean	fmbn5oj	C
2020-04-03 12:33:57.642608	u/commitusernametaken	fmbpit6	u/KitKatHat537	fmbl6fk	C
2020-04-03 12:34:08.900573	u/Barons2008	fmbpjl6	u/chez_pez_dispenser	fm7x5al	C
2020-04-03 12:34:56.147298	u/brad3378	fmbpn02	u/Kys4	fmbkpld	C
2020-04-03 12:35:05.332179	u/ibrahemo2k	fmbpn5h	u/brof1	fmbho0w	C
2020-04-03 12:35:26.494932	u/henry_stein	fmbpo55	u/unclerico589	fmbiv00	C
2020-04-03 12:35:30.883211	u/Ghoul_Bot	fmbpo6g	u/TheContaminated	fmbm8vn	C
2020-04-03 12:35:33.208112	u/healthybowl	fmbpo8x	u/twistedmuppet	fmbgvir	C
2020-04-03 12:35:35.328778	u/G-Dog69	fmbpofz	u/Ramen6066	fmbp64e	C
2020-04-03 12:36:26.464386	u/funnynickname	fmbpr9w	u/avory-johnson	fmap2ig	C
2020-04-03 12:37:04.861627	u/pro-gamer12	fmbptfb	u/gokuluca	fmbon9l	C
2020-04-03 12:37:17.870027	u/lew__dawg	fmbpu07	u/extantbuffalo	fmbm8wh	C
2020-04-03 12:37:25.208612	u/chigcigger	fmbpubs	u/AutoModerator	fl6cwtd	C
2020-04-03 12:37:30.769145	u/JJ7824	fmbpuhd	u/Snaplegend26	fmanfmg	C
2020-04-03 12:37:37.707782	u/Zeldamaster736	fmbpv4c	u/masebrtuh	fmbjku6	C
2020-04-03 12:38:10.528065	u/DaBoiYeet	fmbpx1t	u/Flixx2004	fmbptfn	C
2020-04-03 12:38:14.209657	u/Firenight19122	fmbpx6u	u/Flixx2004	fmbpiki	C
2020-04-03 12:38:45.093183	u/kopafeelus	fmbpzk2	u/mene3381	fmbp4ja	C
2020-04-03 12:39:02.122729	u/guideroftheinternet	fmbq1pg	u/TheEnderChipmunk	fmb6b8i	C
2020-04-03 12:39:27.258262	u/iamthefirstusername	fmbq3jz	u/Mister_Posting	fmbpwib	C
2020-04-03 12:39:52.109672	u/Tobiasrinde	fmbq6nl	u/AHeldalil	fmbm7e2	C
2020-04-03 12:39:58.412536	u/5k3tchy	fmbq6x1	u/Thememegenieishere	fmbp7bg	C
2020-04-03 12:40:32.850180	u/Bootyspoodyman	fmbq8pe	u/Scp-Fan35	fmbhkgs	C
2020-04-03 12:41:25.021955	u/Gunmigurur	fmbqase	u/efisiolol	fmb3q8k	C
2020-04-03 12:41:34.375472	u/good-boi28	fmbqb5w	u/Kaitah	fmbp1al	C
2020-04-03 12:42:02.392255	u/philosophical-fapper	fmbqco1	u/ShitPostThrow	fmbowmf	C
2020-04-03 12:42:17.576401	u/Cthulhu-the-ETC	fmbqdbl	u/_Kostaras_	fmbi0nm	C
2020-04-03 12:42:54.608899	u/huntrixtheblack	fmbqfkx	u/ShitPostThrow	fmbowmf	C
2020-04-03 12:43:15.500686	u/LightTrack	fmbqg4t	u/Ryan8088	fmbhq5j	C
2020-04-03 12:43:32.281718	u/OptimalArchitect	fmbqgui	u/Daheadchopper	fmboew2	C
2020-04-03 12:44:19.339232	u/yellowsniffs	fmbqizw	u/lori_fffox	fmbqao8	C
2020-04-03 12:44:27.582698	u/citrusmike	fmbqjmz	u/-Pompeo-	fmbj4r2	C
2020-04-03 12:45:27.570077	u/SlickAustin	fmbqnkg	u/huntrixtheblack	fmbqfkx	C
2020-04-03 12:45:34.906582	u/PoopNickel6	fmbqnzr	u/random-pineapple420	fmbk5q0	C
2020-04-03 12:45:57.071418	u/F1yingBlooper	fmbqp03	u/Bierbart12	fmbbjqy	C
2020-04-03 12:46:06.093325	u/kenme1	fmbqpkf	u/ZioTano04	fmbq97l	C
2020-04-03 12:46:12.110721	u/fae-movies	fmbqpxt	u/LennerKetty	fubg9v	S
2020-04-03 12:46:21.806608	u/Tinypoke42	fmbqqhs	u/EliotHudson	fmb5tt0	C
2020-04-03 12:46:37.387745	u/glebmavi	fmbqrhs	u/FreddyKrum	fubb5k	S
2020-04-03 12:46:44.283659	u/tangraves	fmbqrrd	u/BT13YT	fmbmi71	C
2020-04-03 12:46:59.136269	u/Sanfan97	fmbqshc	u/MadMich	fmaz1w5	C
2020-04-03 12:47:16.392022	u/Valkyrhunterg	fmbqtef	u/Darko-An-Otaku	fmbqrmj	C
2020-04-03 12:47:41.122058	u/danosmokesalot	fmbqv5k	u/Melodic_Equipment	fmbn1o9	C
2020-04-03 12:47:50.587606	u/cuiambuca	fmbqvul	u/God12321	fmbpgbs	C
2020-04-03 12:48:29.433217	u/AngryStudent1337	fmbqy90	u/G_ierome	fubaun	S
2020-04-03 12:48:39.643204	u/j0iNt37	fmbqz59	u/BreederGert	fmb7mxd	C
2020-04-03 12:48:47.173217	u/Ebelglorg	fmbqzte	u/ratatouillekindahot	fmbiodp	C
2020-04-03 12:49:01.518144	u/yellowmamba30	fmbr0l0	u/Jazzyjeff2005	fmbo787	C
2020-04-03 12:49:03.649696	u/GameVirus_Awesome	fmbr0n7	u/Brusc_b	fmbovmq	C
2020-04-03 12:49:16.746261	u/adeleine_hvarre	fmbr1sy	u/i_like_ats	fmbjxr2	C
2020-04-03 12:49:43.326444	u/NukulerNicky	fmbr3qp	u/quentinfournier	fmblrir	C
2020-04-03 12:49:53.543648	u/dapizzaman16	fmbr4jj	u/TheEnderChipmunk	fmb6b8i	C
2020-04-03 12:49:55.441742	u/PeytoNineOw	fmbr53j	u/DispleasedSteve	fmbj4py	C
2020-04-03 12:49:56.132088	u/Jazr20005	fmbr59p	u/SFWyes	fmaxjxf	C
2020-04-03 12:49:57.277261	u/Its_MikeCoxlong	fmbr5ar	u/Gamerninja17396	fmbo9lb	C
2020-04-03 12:49:58.142880	u/xX_whipnaenae69	fmbr5cs	u/11_throwaways_later_	fmb6xh2	C
2020-04-03 12:50:00.188009	u/trichtertus	fmbr5vz	u/69joseph-stalin420	fmbp44c	C
2020-04-03 12:50:03.896152	u/jeffthemormon	fmbr5y3	u/ibrahemo2k	fmbpn5h	C
2020-04-03 12:50:06.323518	u/JombyWombler	fmbr62n	u/Obi-Wan-Hellobi	fmbpf3h	C
2020-04-03 12:50:26.576338	u/HowItFeelsToBeAGhost	fmbr6qk	u/MAGIC_EYE_BOT	fmboknr	C
2020-04-03 12:50:29.080603	u/BioniqReddit	fmbr6r0	u/Noyoureblind	fmao2du	C
2020-04-03 12:50:51.688386	u/--perfectly_insane--	fmbr8g7	u/its-just-paul	fmbr003	C
2020-04-03 12:51:07.276452	u/kale_lags	fmbr8ts	u/ojasdeshpande	fm840br	C
2020-04-03 12:51:23.540621	u/Dracolikeshamsters	fmbr9v5	u/RicharDEED	fmbpsno	C
2020-04-03 12:51:43.528237	u/ratrodder49	fmbras3	u/iskamag	fmbqumz	C
2020-04-03 12:51:45.877718	u/Yokashine	fmbraxr	u/good-boi28	fmbqb5w	C
2020-04-03 12:51:54.167964	u/CoolFakeAc	fmbrb98	u/SleepingDragons57	fm9qtcy	C
2020-04-03 12:52:13.371594	u/AsdaFad12	fmbrbra	u/Brusc_b	fmbovmq	C
2020-04-03 12:52:24.605666	u/KommissarGreatGay	fmbrc45	u/chainsawtony99	fmbgk3t	C
2020-04-03 12:52:45.801267	u/acidboi123	fmbrda0	u/Tyrone69696939	fmap6yg	C
2020-04-03 12:53:08.071870	u/SergeantShithead33	fmbrene	u/leaderofthevirgins	fmbqlke	C
2020-04-03 12:53:36.910162	u/gdijfgoydgk	fmbrfy5	u/ratrodder49	fmbr9iv	C
2020-04-03 12:53:39.212471	u/zan-15	fmbrg1k	u/Naughty_Nacho	fmbkvie	C
2020-04-03 12:54:22.027198	u/heyguysitsbrian	fmbrihc	u/SlickAustin	fmbqnkg	C
2020-04-03 12:54:34.281071	u/Necessary-Umpire	fmbrj7w	u/nickcocktailsandsuch	fmbr2ug	C
2020-04-03 12:55:01.009764	u/bLueStarCadet	fmbrkwk	u/exoelice	fmbkdo0	C
2020-04-03 12:55:25.362438	u/balmunk-fezarion	fmbrlrd	u/UD_1680	fmbqvdc	C
2020-04-03 12:55:28.478474	u/jackdawg555	fmbrlxx	u/--perfectly_insane--	fmbr8g7	C
2020-04-03 12:56:01.495346	u/Mystical98	fmbrnq5	u/AlChirper	fmabnfm	C
2020-04-03 12:56:18.662295	u/gohugacactus1	fmbrolk	u/zombieblackbird	fmbinmy	C
2020-04-03 12:58:00.595453	u/notabot367	fmbruro	u/NSATTS	fmbrj5w	C
2020-04-03 12:58:06.162651	u/sassiest01	fmbrv4p	u/KMS_Prinz-Eugen	fmbhymf	C
2020-04-03 12:58:22.670724	u/v0idb01	fmbrwir	u/megalodon392	flhiwkp	C
2020-04-03 12:58:30.471764	u/OmniStarDestroyer	fmbrwww	u/Max_The_Greatest	fmbrrp0	C
2020-04-03 12:58:41.978290	u/Sicco1234	fmbrxnc	u/elonsmusketer	fmbdmoq	C
2020-04-03 12:58:48.710829	u/jesusmcchrist939	fmbry4a	u/efsdude12	fmbp2dm	C
2020-04-03 12:58:57.156932	u/theLucror	fmbryeg	u/kfld272k	fmamogv	C
2020-04-03 12:59:12.627126	u/Paulie_Antonio	fmbrz84	u/flamingcat21	fmboo96	C
2020-04-03 12:59:14.688053	u/mightyerick	fmbrzd2	u/Kaitah	fmbfu86	C
2020-04-03 12:59:45.021959	u/LXIX_Vaze	fmbs210	u/DarkArrowNew52	fmbc4yc	C
2020-04-03 12:59:48.086941	u/Joshualikeitsnothing	fmbs2ak	u/safeface1337	fmbryto	C
2020-04-03 12:59:48.946659	u/_Nothing_Important_	fmbs2c3	u/daddypig31	fmbr25t	C
