2020-04-01 06:00:11.032513	u/money_bread	fm3ryn9	u/Backpack_Jesus	fm3nm2l	C
2020-04-01 06:02:02.680304	u/bago-organs	fm3s17r	u/creamoftoenail	fm3qypq	C
2020-04-01 06:02:06.050592	u/lostest97	fm3s1i4	u/jasperdj28	fm3nemh	C
2020-04-01 06:02:15.575459	u/Doforcash	fm3s1u8	u/BoomerBuster69	fm345th	C
2020-04-01 06:03:04.359654	u/FusioNdotexe	fm3s2sf	u/DeepFriedEggz	fm3ja15	C
2020-04-01 06:03:38.494439	u/M-e-m-e-r-69	fm3s3mc	u/PillowyChain	fm3s109	C
2020-04-01 06:03:47.159345	u/CaptainSparklez3778	fm3s3rx	u/Jbk0	fm3o6vq	C
2020-04-01 06:04:16.779926	u/Nochickenforu	fm3s4d5	u/stuxnet___	fm3ozi4	C
2020-04-01 06:04:25.898553	u/Lightning_Gaming	fm3s4k5	u/BonniBuny91	fm3m7pw	C
2020-04-01 06:04:28.967545	u/Kpt_Kipper	fm3s4lt	u/Plagueis2689	fm2j1o6	C
2020-04-01 06:05:08.499866	u/Alphahuman20	fm3s5tn	u/acid_b0i	fm3s2o6	C
2020-04-01 06:05:21.328484	u/MeiFel10	fm3s66q	u/FTBS2564	fm3kdl2	C
2020-04-01 06:06:20.364255	u/shadierMammal	fm3s7sk	u/a2jed	fm3pc0d	C
2020-04-01 06:07:15.173983	u/optonator	fm3s9tv	u/phoenix5379	fm3qqll	C
2020-04-01 06:08:17.858620	u/Twty405	fm3sbfe	u/DeOntzichtbare	fm3pus9	C
2020-04-01 06:08:51.745291	u/a-vent-of-steam	fm3scqr	u/Sandite_Warrior	fm3c48p	C
2020-04-01 06:09:10.571156	u/diddypod	fm3sdt0	u/Evolvetron69	fm3o1no	C
2020-04-01 06:10:24.825727	u/binurse25	fm3sgmt	u/depresso_espresso2	fm3lai6	C
2020-04-01 06:10:30.682263	u/th3_real_abhishek	fm3sgph	u/God_Is-Fake	fm3jrn1	C
2020-04-01 06:10:47.180078	u/Ttoasstyy	fm3sh32	u/barry-d-benson2	fm3r17i	C
2020-04-01 06:11:03.075883	u/JackD_13	fm3shd3	u/bakirelopove	fm3ptcw	C
2020-04-01 06:11:09.041182	u/Dewritoss	fm3shqo	u/shady_bananas	fm3fww1	C
2020-04-01 06:11:40.443138	u/TTcool64	fm3sigz	u/lucipherius	fm3dyah	C
2020-04-01 06:11:51.448249	u/TexMex187	fm3simc	u/FreaZFrosT	fm3hti3	C
2020-04-01 06:12:02.636130	u/Stanulstan42	fm3siry	u/Kazeshiri	fm3ev7v	C
2020-04-01 06:12:14.939925	u/JustForFunn101	fm3siz9	u/JOHNTHEBUN4	fm3hcs9	C
2020-04-01 06:13:48.931066	u/HarmonicTensor	fm3slqm	u/fualtyzane	flyh9qz	C
2020-04-01 06:14:05.406998	u/Moonlight2077	fm3sm7m	u/Abhinav_C_Raj	fm3jq4v	C
2020-04-01 06:14:15.490995	u/ImDrivinShotgun	fm3smde	u/reddit-emoji-police	fm3seqo	C
2020-04-01 06:14:35.272123	u/meatpasty	fm3smxn	u/RealAndGay	fm3jpfd	C
2020-04-01 06:14:41.488640	u/SGT_Birchy	fm3sn1a	u/DrBomb_Boy	fm3m60t	C
2020-04-01 06:15:31.429884	u/BeatMyMeat_YahYeet	fm3socl	u/trrushw	fm3klcu	C
2020-04-01 06:15:37.168286	u/morangias	fm3soi2	u/Thrasher1236969	fm36q6x	C
2020-04-01 06:16:25.013895	u/cowpieman11	fm3spr5	u/bakirelopove	fm3ptcw	C
2020-04-01 06:16:43.077431	u/Bac108	fm3sq8s	u/Indiangrindewald	fm3gnif	C
2020-04-01 06:17:06.067358	u/ElF3nix13	fm3sr9u	u/mrskinnywrists	fm3spx1	C
2020-04-01 06:17:11.381095	u/Daddy_Truemoo	fm3srfy	u/AutoModerator	fm3segv	C
2020-04-01 06:17:25.091822	u/VexMythoclast69	fm3ss1b	u/Poopoomamapoo	fm3r8m5	C
2020-04-01 06:17:28.374308	u/StarlexYT	fm3ss3x	u/ScrotumLeather	fm3srb5	C
2020-04-01 06:17:39.687418	u/CricketStatsScholar	fm3ssia	u/Gushanska_Boza	fm3soh7	C
2020-04-01 06:17:53.023255	u/DecentWonder4	fm3sssc	u/Ligma_2_balls	fm3qs8c	C
2020-04-01 06:18:04.268502	u/Lepllp	fm3st33	u/VexMythoclast69	fm3sr69	C
2020-04-01 06:18:06.829226	u/Moxxface	fm3st4r	u/racerfree	fm3cuic	C
2020-04-01 06:18:11.730728	u/GhostlyStitches	fm3st9f	u/Grannys_Sledgehammer	fm37t45	C
2020-04-01 06:18:25.903668	u/-Noradu-	fm3stgp	u/BlackPanther_02	fm3p5um	C
2020-04-01 06:19:12.032209	u/Gandalf-le-gay	fm3sv9d	u/Hg2positive	fm3skdu	C
2020-04-01 06:19:27.656842	u/Shailaj	fm3svvu	u/DeadMan-Walkin	fm3rtew	C
2020-04-01 06:19:42.667265	u/TGM2204	fm3sweq	u/dovedevic	fl2eb1j	C
2020-04-01 06:19:58.112284	u/mavropanos27	fm3sxmd	u/jacksavage706	fm3qpjb	C
2020-04-01 06:19:58.960619	u/CitronBOI	fm3sxox	u/BlackPanther_02	fm3p5um	C
2020-04-01 06:20:01.379828	u/BuizGamez	fm3sxsk	u/Ylonmemes	fm3rwsp	C
2020-04-01 06:20:16.623496	u/wololobdjqp	fm3sxyv	u/car_enthusiasts	fm3lsvv	C
2020-04-01 06:20:25.964076	u/xMilchstrassex	fm3syb5	u/Kami103	fm3s0tf	C
2020-04-01 06:20:49.638120	u/Darkseid2099	fm3sz34	u/tahiraTahra	fm3ojsc	C
2020-04-01 06:20:51.879782	u/Shailaj	fm3sz5l	u/Im_a_pelican_lord	fm3sice	C
2020-04-01 06:21:14.168603	u/Shaxx-Need-Staxx	fm3szis	u/proskillsdude	fm3l0wi	C
2020-04-01 06:21:42.032874	u/DocMenios	fm3t067	u/BuizGamez	fm3sy6c	C
2020-04-01 06:22:46.849049	u/big-chicken-wings	fm3t1po	u/sweaty_spaghetti-man	fm3s4ku	C
2020-04-01 06:22:59.323801	u/IronGamer03	fm3t20s	u/racerfree	fm3h9u8	C
2020-04-01 06:24:00.596121	u/Questionable_Source_	fm3t3hk	u/AutoModerator	fm3btws	C
2020-04-01 06:24:03.721436	u/LJChao3473	fm3t3jk	u/FTBS2564	fm3kdl2	C
2020-04-01 06:24:22.799040	u/sbk3451	fm3t405	u/Yoyo524	fm3prrz	C
2020-04-01 06:26:05.768946	u/Snorlax-Double	fm3t6u9	u/Some_Reddit_User4	fm3kl2p	C
2020-04-01 06:26:23.250316	u/LividHarry	fm3t7aq	u/dhhhhddhh	fm3mc0e	C
2020-04-01 06:27:20.241259	u/IcanSeaU	fm3t96p	u/JazJaz123	fm3rkqj	C
2020-04-01 06:27:43.870732	u/LukasLukas333	fm3ta4s	u/boobiedicky69	fm3svb6	C
2020-04-01 06:27:50.548380	u/Shittingboi	fm3tae5	u/heathbar415	fm34phd	C
2020-04-01 06:27:59.331252	u/stebbzter	fm3taps	u/mcguy088	fm3eeio	C
2020-04-01 06:28:03.707726	u/NormieMemes69	fm3tash	u/Syndicaa	fm3ihlk	C
2020-04-01 06:29:20.170707	u/joshc1234	fm3td3a	u/wolverine-claws	fm3edpr	C
2020-04-01 06:29:36.481267	u/Mildly_Muddy_Boi	fm3tdmd	u/Bebe_Yoda-69	fm3tbiw	C
2020-04-01 06:29:41.727471	u/Crabenhaha	fm3tdpg	u/Syndicaa	fm3ihlk	C
2020-04-01 06:30:37.978347	u/RoUpeksha	fm3tfk8	u/MemeBoiCrep	fm3t4x7	C
2020-04-01 06:30:40.252083	u/Eyatu	fm3tfmz	u/Some_Reddit_User4	fm3kl2p	C
2020-04-01 06:30:58.808251	u/sheikb	fm3tfyv	u/XPSSlingGAMING	fm3telf	C
2020-04-01 06:31:15.427798	u/RoUpeksha	fm3tgfq	u/flintee	fm3pe8m	C
2020-04-01 06:31:30.550772	u/Eyatu	fm3tgla	u/jmiller2912	fm3kmi4	C
2020-04-01 06:31:34.914218	u/RoUpeksha	fm3tgoj	u/MemeBoiCrep	fm3t4n2	C
2020-04-01 06:31:42.515809	u/RoUpeksha	fm3th1v	u/phoenix5379	fm3qkma	C
2020-04-01 06:31:45.787034	u/Joppeke	fm3thb9	u/JOHNTHEBUN4	fm3hcs9	C
2020-04-01 06:32:23.689516	u/Jack_Tusk	fm3ti2k	u/xmcphe	fm3m9eh	C
2020-04-01 06:32:41.681599	u/Finnishboi41	fm3tigi	u/reddit-emoji-police	fm3tber	C
2020-04-01 06:32:47.138138	u/hold21122	fm3tik9	u/JOHNTHEBUN4	fm3hcs9	C
2020-04-01 06:32:58.590367	u/captaingible	fm3tio8	u/DrBomb_Boy	fm3lzr8	C
2020-04-01 06:33:09.473547	u/pussy-destroyer7769	fm3tiv7	u/Are_a_loser	fm3teq3	C
2020-04-01 06:33:50.117035	u/Z_Khoi	fm3tjqr	u/Eon_DeltaARO	fm3sx2s	C
2020-04-01 06:33:58.485710	u/Manno01	fm3tk1v	u/Skididilidoodle	fm3teya	C
2020-04-01 06:34:29.632312	u/GamingNeko3	fm3tkxf	u/ThePringleMaster	fln58ua	C
2020-04-01 06:34:57.943265	u/righteousinner	fm3tlmj	u/JOHNTHEBUN4	fm3hcs9	C
2020-04-01 06:35:29.952365	u/arquartz	fm3tmdv	u/zitchat	fm3thwf	C
2020-04-01 06:35:36.158867	u/TEENAGER477	fm3tmit	u/StarManOMG	fm3ks4l	C
2020-04-01 06:35:39.806526	u/bizznastybr0	fm3tmmw	u/Kunalchavan	fm3sj7a	C
2020-04-01 06:37:11.213265	u/brorcarlsen	fm3tp6o	u/racerfree	fm3k0x4	C
2020-04-01 06:37:12.879695	u/Ecabmad	fm3tp6u	u/18yearoldgranny	fm2bh7x	C
2020-04-01 06:37:15.913337	u/Deus0123	fm3tpa9	u/njclough	fso8t5	S
2020-04-01 06:37:42.204738	u/a_levente	fm3tq6p	u/CyberGarrickV2	fm3sa1i	C
2020-04-01 06:38:00.378272	u/dexvoltage	fm3tqlp	u/TheKhun	fm3jagc	C
2020-04-01 06:38:04.374490	u/ToobinTV	fm3tqoz	u/racerfree	fm3d5nw	C
2020-04-01 06:39:38.488649	u/HawtDanger5256	fm3tubl	u/reddit-emoji-police	fm3t1mx	C
2020-04-01 06:39:42.297418	u/p1x3lfighter	fm3tul2	u/Evolution-is-a-fact	fm3tj9z	C
2020-04-01 06:41:00.005912	u/You-get-what-you-get	fm3txk2	u/Jugo-De-Pollo	fm3od7u	C
2020-04-01 06:41:24.693800	u/beemolikes	fm3ty2q	u/UhmNotMe	fm3hmeh	C
2020-04-01 06:41:32.534379	u/0Latte	fm3tyld	u/DaBiz_017	fm3po5d	C
2020-04-01 06:41:54.880314	u/Victor-CVS	fm3tz8a	u/RomanusStijkelvarken	fm3l0qh	C
2020-04-01 06:42:05.277057	u/GhastlyWolf6789	fm3tzg9	u/mister_mems	fm3tfa5	C
2020-04-01 06:43:26.170951	u/The-Smiling-Mask	fm3u1id	u/MonotonousProtocol	fl3lf5g	C
2020-04-01 06:43:30.346355	u/Optifyy	fm3u1mo	u/Viwreck	fm3trr8	C
2020-04-01 06:44:04.791541	u/UhhYes96	fm3u2aa	u/HarryAmbrose	fm3rmgu	C
2020-04-01 06:44:16.775426	u/Novatam0	fm3u2gm	u/Depression-Boy	fm2p54v	C
2020-04-01 06:44:45.279894	u/Alex_McGunface	fm3u32p	u/damn_it_bob	fm3rxna	C
2020-04-01 06:45:47.070357	u/makemedieplaz	fm3u4o4	u/brownieofsorrows	fm3n4qb	C
2020-04-01 06:46:38.956910	u/jazzysoap	fm3u5sm	u/Mch33se	fm3alhw	C
2020-04-01 06:46:54.485854	u/ChronicGrails	fm3u6e8	u/saltpudding	fm3ig0n	C
2020-04-01 06:46:56.135794	u/KarutoKazehaya	fm3u6eq	u/Enry06	fm3g1qv	C
2020-04-01 06:47:14.883168	u/UnspoiledWalnut	fm3u6uq	u/normitrash2	fm3jeri	C
2020-04-01 06:47:55.502130	u/Simone_04	fm3u7pt	u/VitekNobodyCares	fm3u6ry	C
2020-04-01 06:48:13.227227	u/zingo204	fm3u8bw	u/AaronJoosep	fm3u1uc	C
2020-04-01 06:48:15.548089	u/KazPrime	fm3u8fe	u/HIROGO	fm3tqao	C
2020-04-01 06:48:20.814555	u/KISSOLOGY	fm3u8mm	u/lucipherius	fm3dyah	C
2020-04-01 06:48:49.874824	u/melancholious_jester	fm3u9jg	u/RepostSleuthBot	fm3u3bu	C
2020-04-01 06:49:30.149660	u/WhoIsJoziah	fm3uatb	u/JOHNTHEBUN4	fm3hcs9	C
2020-04-01 06:49:52.600456	u/legendery-night69	fm3ubkv	u/AAFC417	fm3jzox	C
2020-04-01 06:49:59.475201	u/Blitzer13	fm3ubob	u/DeadMan-Walkin	fm3uagt	C
2020-04-01 06:50:17.004271	u/austinsocks	fm3uc72	u/VitekNobodyCares	fm3u1mm	C
2020-04-01 06:51:33.006891	u/L1p4l4s	fm3udxl	u/ItsNotARubiksCube	fm3ob9n	C
2020-04-01 06:52:30.884673	u/ausyappy	fm3ufbi	u/Fudge-Boi	fm3txfl	C
2020-04-01 06:53:06.214885	u/rapKLA	fm3ug8m	u/RepostSleuthBot	fm3uf5v	C
2020-04-01 06:53:30.089135	u/asg0noir	fm3ugny	u/Kind-Pop	fl3zlqu	C
2020-04-01 06:53:40.476139	u/prophetofgreed	fm3ugva	u/racerfree	fm3h9u8	C
2020-04-01 06:54:54.622200	u/ParkerFTM	fm3uikw	u/dawokeinsomniac	fm3ttjp	C
2020-04-01 06:55:51.460317	u/CaptainRaxx	fm3ukfr	u/RepostSleuthBot	fm3uj2p	C
2020-04-01 06:56:07.696843	u/Nyaaaancatt	fm3ukpg	u/sexytonguegirl	fm3lsta	C
2020-04-01 06:56:39.402224	u/SH3DJUIC3	fm3um0i	u/Aditya_Kabu	fm3ug4z	C
2020-04-01 06:57:15.022625	u/Archaeomanda	fm3un87	u/With_A_Knife	fm3kz2y	C
2020-04-01 06:57:28.622720	u/1TheDino1	fm3unlj	u/Srf4LoneWolf	fm3ul5u	C
2020-04-01 06:57:55.406582	u/_krishiv_	fm3uo8s	u/Anay_Singh	fm3ud8o	C
2020-04-01 06:57:56.791703	u/sidrunikook	fm3uoba	u/-Nivek	fm3n48u	C
2020-04-01 06:58:12.445761	u/Enigmacodee	fm3uopx	u/about6140ninjas	fm3ptrl	C
2020-04-01 06:58:31.225882	u/MasterKlaw	fm3upcu	u/TemoFawwaz	fm28d0w	C
2020-04-01 06:58:34.900529	u/adi0112	fm3upkk	u/Some_Reddit_User4	fm3t8l3	C
2020-04-01 06:58:57.780615	u/FelipeNC	fm3ur2t	u/lucipherius	fm3dyah	C
2020-04-01 06:59:04.629487	u/Common_Purchase	fm3urmf	u/doctor_boombot	fstzg0	S
2020-04-01 06:59:18.980564	u/chese_bloccc	fm3usrw	u/JOHNTHEBUN4	fm3czr0	C
2020-04-01 06:59:34.425599	u/krazykrizzle	fm3utpc	u/Chewy598	fm3r41w	C
2020-04-01 06:59:40.831395	u/FroznYogrt	fm3uufg	u/Jondog1	flzfgfd	C
2020-04-01 06:59:42.406684	u/jayeshdb	fm3uuih	u/M-e-m-e-r-69	fm3s3mc	C
2020-04-01 06:59:45.706271	u/Toby-larone88	fm3uum2	u/MemeLord123458	fm3up42	C
