2020-04-03 23:00:13.481888	u/CompYouTer	fmdizep	u/_wdsans_	fmdiwdk	C
2020-04-03 23:00:15.862320	u/Bunkey25	fmdizg5	u/dlyanlol	fmdgcvf	C
2020-04-03 23:00:36.593650	u/oneandonlybby	fmdj00j	u/potatoooo66planet	fmbwc2c	C
2020-04-03 23:01:16.891299	u/JediArcherUY	fmdj0ua	u/urru4	fmdfkwh	C
2020-04-03 23:01:27.567816	u/DankTaco707	fmdj16e	u/Iceberllama	fmdj0fl	C
2020-04-03 23:01:34.846523	u/jeph4e	fmdj1au	u/Jac562	fmd9cmk	C
2020-04-03 23:01:51.017820	u/lexcailliau	fmdj1k5	u/Iceicebaby1027	fmdflz6	C
2020-04-03 23:02:28.277288	u/MaximumHarry	fmdj28p	u/ShizukoLucoa	fmdi7nk	C
2020-04-03 23:03:17.279616	u/agooddeathh	fmdj38j	u/Blue-Lou	fmdb73v	C
2020-04-03 23:03:24.333256	u/outgoing-oddity	fmdj3b3	u/HyperVenom23	fmdcfgo	C
2020-04-03 23:04:09.152416	u/Moonbar5	fmdj4sh	u/BalisticHead151	fmdcyzs	C
2020-04-03 23:04:23.619965	u/Eddie11240	fmdj52t	u/dovedevic	fl2eb1j	C
2020-04-03 23:05:27.784950	u/DuhItzSquiffer	fmdj6y6	u/spikeinfinity	fmdj1q1	C
2020-04-03 23:05:53.119858	u/BBQ_Sauce_69	fmdj7ng	u/ginger2020	fmba8eg	C
2020-04-03 23:06:42.689518	u/Oatmeal_Ballgod	fmdj8lh	u/1978E26M1	fmcum2n	C
2020-04-03 23:06:58.564841	u/agooddeathh	fmdj951	u/marvellover14902	fmcy4gy	C
2020-04-03 23:07:08.980238	u/Jojoqualityguy	fmdj9im	u/yournannycam	fkvgy1t	C
2020-04-03 23:07:39.331878	u/Rokko0704	fmdjapv	u/Toby-wan-Nalu	fmdj9ek	C
2020-04-03 23:07:50.846438	u/Seangreenbean	fmdjbe4	u/Connorclan	fmcwsv0	C
2020-04-03 23:08:29.468361	u/DisneySwimmer72	fmdjcvs	u/TheGlamisMonster	fmd8krh	C
2020-04-03 23:09:04.945627	u/bropacalypse1	fmdjend	u/LiterallyBen	fmdhoty	C
2020-04-03 23:09:47.045106	u/Seangreenbean	fmdjh0s	u/outgoing-oddity	fmdiz07	C
2020-04-03 23:09:53.719848	u/L0rdSnow	fmdjhgi	u/ThatWoodCD	fuju7l	S
2020-04-03 23:10:10.995318	u/Mhair99	fmdji79	u/Poopkillio	fmdje8r	C
2020-04-03 23:10:24.936342	u/RevendGem	fmdjiem	u/EliteEight	fmdjbkl	C
2020-04-03 23:10:28.411082	u/Derpcrawler	fmdjii9	u/dankomz146	fmdjaur	C
2020-04-03 23:10:52.164219	u/candyxox	fmdjiwy	u/abgtw	fmcuf7b	C
2020-04-03 23:10:59.650305	u/Nic3Doge	fmdjj1f	u/1tsNeverLupus	fmcvypw	C
2020-04-03 23:11:59.057033	u/papiseedmuffn	fmdjl26	u/grunkymonke	fum73f	S
2020-04-03 23:12:15.855482	u/UpV0t3D-	fmdjlhg	u/Dogma90801	fmbn7gd	C
2020-04-03 23:12:52.503244	u/Stanger9000	fmdjmlk	u/rustycampista	fmcns4y	C
2020-04-03 23:13:07.107749	u/lagana32	fmdjmrr	u/HoneyCreamSoda	fmcikxo	C
2020-04-03 23:13:27.489797	u/archie_mac3	fmdjnmo	u/guacomole1349	fmd3d37	C
2020-04-03 23:14:52.865703	u/Krispy-puffs	fmdjppn	u/efsdude12	fmc4g56	C
2020-04-03 23:15:09.142182	u/Larry_is_BEEFY	fmdjqc9	u/imgunnadoamurder	fmcuq90	C
2020-04-03 23:15:15.541219	u/_Kups_	fmdjqj5	u/Rockman307	fmd7rch	C
2020-04-03 23:15:55.532265	u/Predator513	fmdjqyw	u/anonymous1739361	fmcipwb	C
2020-04-03 23:16:01.656194	u/itsranvir	fmdjr3m	u/Mhair99	fmdji79	C
2020-04-03 23:16:14.967558	u/truLemonman	fmdjrom	u/jmulderr	fmdeqol	C
2020-04-03 23:16:44.813343	u/Cloudex109	fmdjson	u/Mr_Moose804	fmdd334	C
2020-04-03 23:16:50.533449	u/Forsaken_Microwave	fmdjsv9	u/Okboomeranddie	fmdi7oo	C
2020-04-03 23:17:11.137137	u/ripntrip420	fmdjtrs	u/TRDPaul	fmd7lrq	C
2020-04-03 23:17:29.539176	u/JackChack911	fmdju61	u/dyslexicdoodlebob--	fmdjsl8	C
2020-04-03 23:17:44.879626	u/CxtchTheseHands	fmdjudk	u/furry_annihilater	fmdj880	C
2020-04-03 23:17:48.488987	u/fake_ksi	fmdjuev	u/DaddyPepeElPigelo	fmdjfx7	C
2020-04-03 23:17:57.361231	u/subt3r	fmdjuh7	u/MyJelloJiggles	fmdj2v8	C
2020-04-03 23:19:10.548036	u/Futurama_Bacon	fmdjwl3	u/fortniteplayeryeeter	fmd1xha	C
2020-04-03 23:19:29.378557	u/jameshamie	fmdjxmq	u/A_Fools_Hentai_Haven	fmdi5z9	C
2020-04-03 23:19:41.393478	u/omfi_raids	fmdjy32	u/some_half_asian	fmdikst	C
2020-04-03 23:19:46.283144	u/Can3333	fmdjy9f	u/bmo8012112020	fmdj1ws	C
2020-04-03 23:20:05.048637	u/XxDJGalaxyGirl1034xX	fmdjzjd	u/WarGodAKJ	fmaqz1l	C
2020-04-03 23:21:39.377513	u/GreenLynx26	fmdk26o	u/MssDevil	fmdhgoe	C
2020-04-03 23:21:58.506379	u/vfvc	fmdk2kq	u/robotsoulscomics	fmdix1q	C
2020-04-03 23:22:58.480294	u/GreenLynx26	fmdk4c6	u/MaximumHarry	fmdjjfo	C
2020-04-03 23:23:14.274958	u/reverend-mayhem	fmdk4lj	u/RepostSleuthBot	fmdfr5d	C
2020-04-03 23:23:16.550374	u/Bill_Cipher42	fmdk4oq	u/olcq777	fmda1vt	C
2020-04-03 23:24:22.763376	u/reverend-mayhem	fmdk5yn	u/some_half_asian	fmdikst	C
2020-04-03 23:24:39.917157	u/CrazyTravelerC137	fmdk6gd	u/arsene-17	fmbq3f6	C
2020-04-03 23:24:49.994278	u/bluerosereality	fmdk6l3	u/ciphermenial	fmd7tl9	C
2020-04-03 23:25:22.830079	u/YourBelovedPenguin	fmdk7qw	u/Voxesness	fmdjhm2	C
2020-04-03 23:25:28.149620	u/GroveGangSmoke	fmdk7sx	u/HeavenllyDude	fmci0u3	C
2020-04-03 23:25:58.453634	u/IceSlayer290	fmdk8c0	u/ThatDuckie	fmcmsot	C
2020-04-03 23:26:27.252388	u/zachREEEEEE	fmdk8zt	u/Downtown-Camp	fmdja3y	C
2020-04-03 23:26:34.333005	u/thetrueolyx	fmdk949	u/dEw_JJ	fmdiudz	C
2020-04-03 23:28:10.854486	u/TNC-JUANCENA	fmdkdfu	u/CODEX_O_BARBARO	fmdjzp9	C
2020-04-03 23:28:12.691978	u/FrostmoonWhiteWolf	fmdkdha	u/Grumpa_Gaming	fmdk9q8	C
2020-04-03 23:28:29.190031	u/FrostmoonWhiteWolf	fmdke10	u/FrostmoonWhiteWolf	fmdkdha	C
2020-04-03 23:28:42.465761	u/__randomguy	fmdkeqm	u/Kryllllllyx	fmdiv8x	C
2020-04-03 23:28:58.264167	u/jzc4	fmdkfow	u/Tech-Support-420	fmdb02y	C
2020-04-03 23:29:33.710422	u/stinky-socks123	fmdkgtu	u/Poopkillio	fmdke56	C
2020-04-03 23:29:40.603792	u/Zeldamon36	fmdkhd1	u/PriceTag184	fmdk8hw	C
2020-04-03 23:29:51.408487	u/BOI_02	fmdkhsk	u/BossBoiBob123	fmdkgb2	C
2020-04-03 23:30:00.856639	u/throoawyyy	fmdkieg	u/NAV8881	fmdinrb	C
2020-04-03 23:30:59.872330	u/Scruffy_Sc0undrel	fmdkk7h	u/LW23301	fmdiy05	C
2020-04-03 23:32:18.724697	u/Foret0011	fmdkm0d	u/LW23301	fmdji76	C
2020-04-03 23:33:07.118330	u/Commercial-Depth	fmdkn0q	u/SeriousUndead30	fmddvt7	C
2020-04-03 23:33:20.814832	u/BigBoiDumby	fmdkne0	u/FrostmoonWhiteWolf	fmdkldy	C
2020-04-03 23:33:48.307304	u/Jacob_Kemp	fmdkny6	u/justasadbrokendorito	fmd7bh3	C
2020-04-03 23:34:37.102767	u/BigBoiDumby	fmdkpce	u/FrostmoonWhiteWolf	fmdkohh	C
2020-04-03 23:35:15.806981	u/Commercial-Depth	fmdkpzs	u/elcoco_93	fmdgmrg	C
2020-04-03 23:36:00.219914	u/BigBoiDumby	fmdkqui	u/FrostmoonWhiteWolf	fmdkpz7	C
2020-04-03 23:36:40.449222	u/maroklore	fmdkrv3	u/em_bee_bee	fmdinsu	C
2020-04-03 23:36:43.381525	u/MegaRegen	fmdkrwb	u/Bruh_thats_so_deeep	fmdesgn	C
2020-04-03 23:37:07.669878	u/Me_Is_Smart	fmdksbh	u/George0320	fmcyigt	C
2020-04-03 23:38:01.752732	u/BrightLightKnight	fmdksxn	u/Pigpenlordofdirt	flh7092	C
2020-04-03 23:38:18.073368	u/wnnais	fmdkta3	u/4garrett81H	fulk2j	S
2020-04-03 23:38:23.239780	u/--Bot0001--	fmdktcf	u/Poopkillio	fmccvtd	C
2020-04-03 23:38:58.681374	u/HomocidalEngineer	fmdku5j	u/jzc4	fmdkfow	C
2020-04-03 23:39:19.613051	u/TheSaintDementor	fmdkumv	u/MemerMan1212	fmdhtmz	C
2020-04-03 23:39:42.864703	u/Thetakman	fmdkvpl	u/Dependent-Law	fmddptw	C
2020-04-03 23:39:51.057277	u/likenothingis	fmdkvz7	u/BlooFlea	fmdjwia	C
2020-04-03 23:40:18.521040	u/LeakyThoughts	fmdkwvm	u/avory-johnson	fmdjc14	C
2020-04-03 23:40:44.526802	u/Rocketman1874	fmdkx9z	u/f3lhorn	fmddb4g	C
2020-04-03 23:40:47.987082	u/alcatrasss	fmdkxbb	u/Mr_Moose804	fmdd334	C
2020-04-03 23:41:25.552821	u/Spypals	fmdkxxs	u/jumajaco	fmbk81x	C
2020-04-03 23:41:40.836748	u/Deathbyclick	fmdky9f	u/MidnightSky42	fl7x4rf	C
2020-04-03 23:41:43.095035	u/EncinosGuitarStuff	fmdkyb2	u/ali_hitman	fmcyq6i	C
2020-04-03 23:42:01.336532	u/rrfrog1	fmdkys1	u/Omega_Steve15	fmd9kts	C
2020-04-03 23:42:04.588265	u/Tony_Stank_02	fmdkysx	u/Mr_Moose804	fmdd334	C
2020-04-03 23:42:52.931937	u/Sgt-Pumpernickel	fmdl086	u/Nacho_2014	fmd8f1a	C
2020-04-03 23:43:11.217666	u/Lamar0401	fmdl0gx	u/Skywalket	fmdebpe	C
2020-04-03 23:43:16.567281	u/TheCookieFiles	fmdl0k6	u/-EzWaY-	fmdfhoc	C
2020-04-03 23:44:38.205883	u/roseyshrek	fmdl2mb	u/StoicLaugh	fmcz5g7	C
2020-04-03 23:45:17.468642	u/FaXe_Legend	fmdl3pz	u/Dependent-Law	fmddptw	C
2020-04-03 23:46:02.243005	u/SlimmyThicccccccccc	fmdl4tf	u/Theslees479	fmdl3l3	C
2020-04-03 23:46:08.140767	u/Rough_Opinion	fmdl4wx	u/leaderofthevirgins	fmcg3pn	C
2020-04-03 23:47:40.073880	u/iswise	fmdl7t9	u/Kind-Pop	fl3zlqu	C
2020-04-03 23:48:03.175857	u/thejoetats	fmdl8tq	u/Kagillion	fmdh7li	C
2020-04-03 23:48:21.885640	u/rojas380	fmdl99a	u/SlimmyThicccccccccc	fmdkqua	C
2020-04-03 23:49:30.128119	u/JoesterTheToaster123	fmdlcxj	u/oBi_wAN_kENoBI______	fmbux5h	C
2020-04-03 23:50:13.817612	u/WTFvancouver	fmdlgpp	u/CRM2018	fmcnbyl	C
2020-04-03 23:51:11.068063	u/rileyspazz666	fmdliam	u/bepisisgoodis	fmde7bc	C
2020-04-03 23:51:43.675259	u/A-Truce-For-A-Goner-	fmdlj2r	u/Noklle	fmdk1mw	C
2020-04-03 23:52:30.229999	u/SkingieDee	fmdljxo	u/RepostSleuthBot	fmdla96	C
2020-04-03 23:52:50.056355	u/ImmortalEmos	fmdlkgw	u/MrGatsbyy	fmcerk5	C
2020-04-03 23:53:09.687121	u/Macaroni80	fmdlkyx	u/Voxesness	fmdi9wu	C
2020-04-03 23:53:33.401003	u/Zennlee_	fmdllaj	u/NiceBeaver2018	fmdc7gw	C
2020-04-03 23:54:14.339593	u/KevinTornel	fmdncgy	u/Mr_Moose804	fmdd334	C
2020-04-03 23:54:34.832654	u/Red_Sped20	fmdncz3	u/Dyingdaze89	fmdmxre	C
2020-04-03 23:54:46.227320	u/AVeryOldLady-4397	fmdnder	u/JashBhanushali	fmdna81	C
2020-04-03 23:55:29.582266	u/a-american-dude	fmdne97	u/babycheesefingers	fmdndg6	C
2020-04-03 23:56:01.272568	u/zstowe572647263	fmdnfhw	u/Mr_Moose804	fmdd334	C
2020-04-03 23:56:33.645344	u/thecoolnoodle	fmdng4n	u/lemons-for-me	fmd3e35	C
2020-04-03 23:56:37.602000	u/AugieTheSnake	fmdng6q	u/DaddyCal0	fmcjwv0	C
2020-04-03 23:56:50.149032	u/a-american-dude	fmdngh7	u/babycheesefingers	fmdnf4s	C
2020-04-03 23:57:13.903465	u/DodoFaction	fmdngxs	u/Lucy3019	fmdnckt	C
2020-04-03 23:57:51.971753	u/Reb-Crasher	fmdni5r	u/fake_ksi	fmd4ssr	C
2020-04-03 23:58:15.574785	u/HayJak___	fmdnj9h	u/mohaee	fmcibpt	C
2020-04-03 23:58:23.137912	u/colterzane	fmdnjm3	u/Jasper455	fmdn0sb	C
2020-04-03 23:58:36.491837	u/cskelly2	fmdnjue	u/Goodfella_228	fmd48n6	C
2020-04-03 23:59:20.773420	u/BallisticFire	fmdnl4u	u/Mr_Moose804	fmdd334	C
2020-04-03 23:59:22.413891	u/uncursedleo	fmdnl5t	u/imgunnadoamurder	fmd1d4y	C
2020-04-03 23:59:54.146081	u/deadparodox	fmdnmlq	u/PrinceXLoFi	fmdnlq0	C
2020-04-03 23:59:59.182656	u/Fivebatman1000	fmdnmu2	u/ARNisUsername	fmcijqf	C
