2020-04-11 15:00:56.610326	u/tigerpandafuture	fn3zzy1	u/CaseOfWater	fn3eknl	C
2020-04-11 15:01:21.767784	u/ReddittyBoi	fn400qg	u/thetabo	fn32ewn	C
2020-04-11 15:01:35.322776	u/broli9888	fn401dw	u/BKMDIO	fn3zqgd	C
2020-04-11 15:02:00.778272	u/Exalted_Fox	fn4026l	u/YeetTheMeatyFeet	fn39bty	C
2020-04-11 15:02:09.994407	u/controllerplayer99	fn402t8	u/thetabo	fn3zrbm	C
2020-04-11 15:02:15.649084	u/oAurelius	fn4031w	u/Gamerduden	fn3nxxg	C
2020-04-11 15:02:33.697762	u/animelover1284	fn403w0	u/HowardtheDuck275	fn401ze	C
2020-04-11 15:02:52.340566	u/5OfDiamonds	fn404jx	u/StormRegion	fn3xlyz	C
2020-04-11 15:02:56.903952	u/Chrispt390	fn404q7	u/DagonWorshipper1234	fn3nu59	C
2020-04-11 15:03:39.612568	u/chungusamongu420_69	fn406b2	u/egosuminimicus	fn3e5uh	C
2020-04-11 15:03:46.738915	u/TimothyMceachro	fn406j6	u/TheDragon1884	fn4037q	C
2020-04-11 15:04:20.775350	u/Nightmonkey394	fn408cg	u/ineedspoliedmilk	fn3msxf	C
2020-04-11 15:04:22.932753	u/MarkDRose	fn408cq	u/Magic_fishXMan8	fn3xlpm	C
2020-04-11 15:04:41.309704	u/MarinaIguanas	fn4099k	u/ThePumpkinPigs	fn35e35	C
2020-04-11 15:05:00.630475	u/applesauce0101	fn409wj	u/milk_connoisseur23	fn3yhy6	C
2020-04-11 15:05:13.829803	u/koala_on_a_treadmill	fn40aik	u/Romo0815	fn3zja3	C
2020-04-11 15:05:52.097469	u/dailycommunistmemes	fn40bt6	u/ThisIsRandom0987	fn3q05t	C
2020-04-11 15:06:03.100795	u/Vexilitys	fn40c63	u/Slyph321	fn379mt	C
2020-04-11 15:06:23.137819	u/MiracleKing26	fn40dcc	u/archerbow234	fn3wwf2	C
2020-04-11 15:06:32.897729	u/dxexnxi11	fn40dly	u/5OfDiamonds	fn38hnh	C
2020-04-11 15:06:37.709889	u/Shabshabrin	fn40e84	u/Beanbag_182	fn3y5tm	C
2020-04-11 15:06:48.720174	u/Refreshingly_Meh	fn40et5	u/Zenketski	fn3d7i1	C
2020-04-11 15:06:51.502942	u/lord_jalle	fn40euj	u/Stalker203X	fn3whj8	C
2020-04-11 15:06:56.017037	u/onepiece73	fn40ews	u/Darth_Ewok14	fn3zcit	C
2020-04-11 15:07:00.398522	u/Katoshiii	fn40f5q	u/Nhjuawe	fn404uq	C
2020-04-11 15:07:11.839666	u/Lady-Lilithh	fn40fmm	u/w33b2	fn3lhb3	C
2020-04-11 15:07:15.330672	u/Espeeko	fn40fry	u/pizza99pizza99	fn3abmp	C
2020-04-11 15:07:30.412039	u/Spino1412	fn40glk	u/ajit916	fn3h14r	C
2020-04-11 15:07:58.842599	u/NoStyleNoGrace62	fn40i4l	u/Excalibur_Zato	fn3zb4a	C
2020-04-11 15:08:26.595043	u/Mdaffan	fn40jz1	u/spademanden	fn3saqb	C
2020-04-11 15:09:00.406784	u/Aakim_	fn40mdr	u/doggo_person626	fn40j6l	C
2020-04-11 15:09:06.805420	u/Archeduke_Luke	fn40mzh	u/onepiece73	fn40ews	C
2020-04-11 15:09:08.741864	u/OriginalEggo	fn40n1b	u/Asil001	fn40lx0	C
2020-04-11 15:09:16.237111	u/Wooosh_IF_Ur_Gaay	fn40ndm	u/eren_was_here	fn4042q	C
2020-04-11 15:09:20.743987	u/Furkan38000	fn40nvv	u/randomcitizen42	fn3ylmf	C
2020-04-11 15:09:29.099392	u/Wooosh_IF_Ur_Gaay	fn40oh0	u/Wooosh_IF_Ur_Gaay	fn40ndm	C
2020-04-11 15:09:38.480334	u/SpadesofDreams	fn40pcx	u/TRoastedPotato	fn3zrei	C
2020-04-11 15:09:41.839504	u/Sylkos7	fn40ppz	u/ReCreator-1	fn2myd9	C
2020-04-11 15:09:46.250414	u/MrSkip010	fn40q21	u/RealPyretc	fn2lwl4	C
2020-04-11 15:09:47.513005	u/legit_karumoto	fn40q4d	u/allstaken	fn3g9yx	C
2020-04-11 15:10:28.693238	u/Joey-Drew1927	fn40s5p	u/ellipser	fn3zy5p	C
2020-04-11 15:10:45.871583	u/FL3ME	fn40t19	u/Flufypanda	fn40hkf	C
2020-04-11 15:11:15.722456	u/mein_nogger	fn40u77	u/VeryMoistWalrus	fn36ene	C
2020-04-11 15:11:52.743218	u/WorshipperofPandas	fn40v34	u/thatawkwardfanboy	fn3lbl2	C
2020-04-11 15:12:38.835398	u/Flamegator_Tamer	fn40xb7	u/noassumedname	fn40u9a	C
2020-04-11 15:12:54.275521	u/MiddleofInfinity	fn40xw5	u/flyinggerbilman1	fn407cj	C
2020-04-11 15:13:10.988181	u/trytury	fn40ycj	u/wrdlbrimpft	fn36vnz	C
2020-04-11 15:13:13.250303	u/LukePenguin1874	fn40yfm	u/dogzarehhmanz	fn40x2d	C
2020-04-11 15:13:25.428606	u/MoutaPT	fn40z6c	u/H7p3X	fn40bnn	C
2020-04-11 15:13:28.778524	u/evanstm01110	fn40z7r	u/Chain_of_Nothing	fn3w2mo	C
2020-04-11 15:13:37.738685	u/manlikegraham	fn40zoq	u/SnowySupreme	fn40j8h	C
2020-04-11 15:14:40.767882	u/MihneaDM	fn412di	u/lumpaywk	fn2u0m6	C
2020-04-11 15:14:49.257579	u/MrDankyStanky	fn412h2	u/ObsessionObsessor	fn3srjq	C
2020-04-11 15:14:51.318447	u/singh2nv	fn412hw	u/SpaceCadet246	fn2qhka	C
2020-04-11 15:14:57.647554	u/secret002	fn412ub	u/i-like-to-be-wooshed	fn402tp	C
2020-04-11 15:14:59.767193	u/Gerbu_	fn412we	u/Lady-Lilithh	fn40fmm	C
2020-04-11 15:15:08.871512	u/I_Have_3_Legs	fn4137g	u/how_to_namegenerator	fn3rrp5	C
2020-04-11 15:15:22.122835	u/AOE_Blyat	fn413vr	u/lunaxmily	fn3zkax	C
2020-04-11 15:15:26.005213	u/Sad_Solo_Gemini	fn413yc	u/pizza99pizza99	fn3abmp	C
2020-04-11 15:15:33.585399	u/Don_Pasquale	fn4144q	u/how_to_namegenerator	fn3rrp5	C
2020-04-11 15:15:39.208694	u/gop-c	fn4147e	u/PickyPottedPlant	fn3ph8d	C
2020-04-11 15:15:55.429739	u/sudhamshureddy	fn414hk	u/4kira97	fn40ubd	C
2020-04-11 15:16:13.936737	u/Wakanda_Forever	fn415im	u/Macawlord235	fn3p9k9	C
2020-04-11 15:16:34.712270	u/I_Eat_Water_Legit	fn416lp	u/EthanielClyne	fn3ez6j	C
2020-04-11 15:16:37.426016	u/black_flag_4ever	fn416ny	u/nameofanuser	fn3u0jg	C
2020-04-11 15:16:44.637468	u/trollingtree54	fn416yq	u/Archeduke_Luke	fn40mzh	C
2020-04-11 15:16:57.859424	u/Absolute_Pureness	fn417e1	u/Joey-Drew1927	fn3z6sq	C
2020-04-11 15:17:47.768989	u/LUNiiTi	fn41a10	u/Hazrtine	fn3xusg	C
2020-04-11 15:18:17.137328	u/txavierzin	fn41bkr	u/Drealer12	fn38q44	C
2020-04-11 15:18:24.724900	u/tambi33	fn41c2u	u/I_Eat_Water_Legit	fn412pr	C
2020-04-11 15:18:53.226792	u/Vdog5	fn41eid	u/Bruh_Bot_	fn3n5c0	C
2020-04-11 15:18:55.804069	u/miarusso	fn41epm	u/blue_boi0329	fn3z4x9	C
2020-04-11 15:19:07.406933	u/Zero0Blade	fn41fzf	u/Master_JBT	fn3jrhm	C
2020-04-11 15:19:18.499208	u/D-W-06	fn41h4d	u/HowardtheDuck275	fn3kfey	C
2020-04-11 15:19:20.286197	u/Zalzagor	fn41h85	u/ConfectorSdZ	fn3yhsr	C
2020-04-11 15:19:30.489509	u/IAmMeandMyselfAndI	fn41i1z	u/Hello-ThereKenobi	fn3w683	C
2020-04-11 15:19:37.329610	u/steave37373	fn41iy0	u/hitleristhg	fn407hn	C
2020-04-11 15:19:39.850129	u/Brian_Gonzalez1	fn41ja9	u/Karem34	fn41ep5	C
2020-04-11 15:19:53.109645	u/Nico1401	fn41kf7	u/Kung-Furry	fn41esr	C
2020-04-11 15:20:08.097541	u/Lunar_Ass	fn41m13	u/MihneaDM	fn41hdw	C
2020-04-11 15:20:30.546474	u/KillerQuicheStar	fn41msl	u/ExtraSmallAnimatoins	fn3joy3	C
2020-04-11 15:21:21.084005	u/TokinDaley	fn41pav	u/Zhukov64	fn3qzz3	C
2020-04-11 15:21:23.454880	u/smallangrynerd	fn41pfc	u/DM_ME_YOUR_PASSWORD	fn3jeeb	C
2020-04-11 15:21:39.869107	u/brang8	fn41qf8	u/WAAAAAAVE	fze5wq	S
2020-04-11 15:22:09.857818	u/YeetyDeetyBoi	fn41s2l	u/18yearoldgranny	fn3i9sk	C
2020-04-11 15:22:14.647887	u/saltypiggybank	fn41s6n	u/DmMacniel	fn3k16j	C
2020-04-11 15:22:26.189984	u/WiLLNESkrrQuavo_	fn41sov	u/Deus0123	fn3hdlc	C
2020-04-11 15:22:39.740937	u/purplgurl	fn41tj7	u/Foxy7hepira7e09	fn41qz6	C
2020-04-11 15:22:43.220025	u/dbh1124	fn41tn3	u/Undead_Moosk	fn3zwl5	C
2020-04-11 15:23:31.218831	u/drew-drunil-fan-	fn41wa1	u/DatGamingShark	fn40p31	C
2020-04-11 15:24:06.600306	u/Graham94738	fn41y1v	u/the_lord_42	fn3q1lv	C
2020-04-11 15:24:19.799503	u/HarryHDC	fn41yhs	u/Bartix_1233	fz6wxa	S
2020-04-11 15:24:37.033712	u/Supply_N_Demand	fn41yw7	u/Usergnome_Checks_0ut	fn3tdf3	C
2020-04-11 15:24:40.177918	u/dudjjfj	fn41yy5	u/-Blixx-	fn2m0sg	C
2020-04-11 15:25:26.134012	u/Lmayo543	fn4216d	u/UrFrikinBoi	fn35be4	C
2020-04-11 15:25:29.053075	u/AnimuBOI321	fn421bk	u/3xtra-	fn3umf2	C
2020-04-11 15:25:34.416756	u/Uranium_Donut_	fn421ko	u/BrassyFox	fn3ppam	C
2020-04-11 15:25:47.817064	u/someawe45	fn421zz	u/MrQuestionare	fn3tvux	C
2020-04-11 15:26:00.549518	u/LordOfDeath101	fn423a8	u/DmMacniel	fn3k16j	C
2020-04-11 15:26:09.254778	u/HEISWALKINGONFIRE	fn42477	u/OddPurpl3Giraffe	fn31btn	C
2020-04-11 15:26:17.054299	u/gluce123	fn424h6	u/Thotslayer280	fn41p2o	C
2020-04-11 15:26:33.012360	u/PedroAriel	fn425g2	u/GameIsMyName12	fn41l0n	C
2020-04-11 15:27:07.028366	u/newagedb	fn42712	u/the21ms	fn4264i	C
2020-04-11 15:27:27.714106	u/IHateYuma	fn428ng	u/dollarstoretrash	fn1a6en	C
2020-04-11 15:28:03.717591	u/Chicken_Milk_	fn42ay0	u/WAAAAAAVE	fn41lkf	C
2020-04-11 15:28:15.720350	u/jeffllama	fn42bsf	u/r34orang	fn3j373	C
2020-04-11 15:28:20.566545	u/JelAgir	fn42c00	u/oooh_chick_filet	fn41kj5	C
2020-04-11 15:28:48.811969	u/_Whoopz_	fn42d8r	u/LoliGayTrap	fn42ckd	C
2020-04-11 15:28:50.824403	u/most_french_fries	fn42dix	u/Zane17889900	fn3zk8y	C
2020-04-11 15:29:00.800628	u/Veskuvain	fn42er5	u/Krystofur7	fn3yf36	C
2020-04-11 15:29:02.683948	u/RiotIsBored	fn42es8	u/DM_ME_YOUR_PASSWORD	fn3jeeb	C
2020-04-11 15:29:05.279885	u/blitzwolfz	fn42et8	u/Petar_Srb	fn42a3j	C
2020-04-11 15:29:16.798820	u/_Blobby_	fn42fob	u/E_Mort100	fn35ed8	C
2020-04-11 15:29:43.096027	u/The_Adeo	fn42hz0	u/HowardtheDuck275	fn3dnfc	C
2020-04-11 15:29:56.188282	u/Mitchman0924	fn42iez	u/GameIsMyName12	fn41qcq	C
2020-04-11 15:29:56.835370	u/WaffleBauf	fn42ihd	u/Finboror	fn3wprf	C
2020-04-11 15:30:22.222966	u/Liar_of_partinel	fn42k5o	u/AppleBerd69	fn3rcgz	C
2020-04-11 15:31:03.326468	u/ThIcCpApI81	fn42lyr	u/imjustask	fn3zirj	C
2020-04-11 15:31:14.807085	u/SamRDR	fn42mfx	u/HotarouOreKi	fn3dlie	C
2020-04-11 15:31:24.079928	u/Akuma_00	fn42mrk	u/Whokitty9	fn3zhyy	C
2020-04-11 15:31:49.403914	u/Swoobles_2118131513	fn42o13	u/StrikingMinion	fn3ws8y	C
2020-04-11 15:31:51.767719	u/ACTUALLYseptember	fn42o29	u/weirdgamer78	fn3zhev	C
2020-04-11 15:32:04.168315	u/ScapularBunion0	fn42oso	u/FR4NL0B4T0_Brawl	fn42de1	C
2020-04-11 15:32:13.670718	u/evrynothing	fn42p1o	u/Nelik1	fmps6tr	C
2020-04-11 15:32:27.538696	u/yassiross	fn42pie	u/lilchonk69	fn3br0x	C
2020-04-11 15:32:57.035801	u/A-fat-Watermelon	fn42rbw	u/Swoobles_2118131513	fn42o13	C
2020-04-11 15:33:05.122552	u/Zamana55	fn42rvp	u/idkjustsomeuser	fn362qs	C
2020-04-11 15:33:26.608123	u/Tunefultwo	fn42t51	u/TheDragon1884	fn4037q	C
2020-04-11 15:33:28.880419	u/nihilisticle	fn42t7k	u/Finlayb123	fn3iaoy	C
2020-04-11 15:33:40.920951	u/LilMeatNugget	fn42tcq	u/weslington1	fn3c22q	C
2020-04-11 15:34:07.401633	u/MrCrysero	fn42ujt	u/ComplexPiece	fn3kmoh	C
2020-04-11 15:34:11.848370	u/sigvar123	fn42ump	u/comrade-d0ggo	fn42pbc	C
2020-04-11 15:34:20.684041	u/Kjimbo	fn42v0l	u/Joey-Drew1927	fn42jqq	C
2020-04-11 15:35:04.490776	u/KoreanFartGoblin	fn42wva	u/dogzarehhmanz	fn42cm7	C
2020-04-11 15:35:10.290183	u/8a19	fn42xeo	u/gluce123	fn424h6	C
2020-04-11 15:35:24.999685	u/brendon-is-dad	fn42xxv	u/DmMacniel	fn3k16j	C
2020-04-11 15:35:56.827631	u/KeeanuMuskIrwin	fn42zes	u/ComicCat-Laz	fn42uev	C
2020-04-11 15:35:59.711259	u/TheMoistLord	fn42zht	u/ABCguyman	fn42wp3	C
2020-04-11 15:36:52.665064	u/DeadEyeMcS	fn4326d	u/Justwatchinnotouchin	fn42mcv	C
2020-04-11 15:36:55.318969	u/dodder312	fn43291	u/tylernelson71515	fn3y1kh	C
2020-04-11 15:37:12.135017	u/Cactisenpai	fn4336y	u/Kudouh	fn05oom	C
2020-04-11 15:38:05.115735	u/giorgosbouldas	fn435mp	u/WowYeetBruh420	fn3h5it	C
2020-04-11 15:38:13.552612	u/Ikarus-Schmidt	fn435x3	u/LOSINMYMIND757	fn3sza6	C
2020-04-11 15:38:50.599694	u/TYOM01	fn437w6	u/ComicCat-Laz	fn42uev	C
2020-04-11 15:39:01.798609	u/Osesnorraudo	fn438th	u/Iron_Maiden_735	fn41p86	C
2020-04-11 15:39:15.068145	u/guyserboi	fn439g9	u/Nemesis233	fn3hezf	C
2020-04-11 15:39:17.322998	u/Aneraxx	fn439i4	u/Ullyr_Atreides	fn430k8	C
2020-04-11 15:39:18.915197	u/ThatGuyEatingFood	fn439jx	u/Joey-Drew1927	fn42wis	C
2020-04-11 15:39:33.496877	u/michitongyyy	fn43ash	u/BerdBoii	fn3xw1y	C
2020-04-11 15:39:41.537550	u/XD_Choose_A_Username	fn43bbd	u/PsychonautSurreality	fn3ojv4	C
2020-04-11 15:39:44.191109	u/Cosmic_Palette	fn43bf0	u/suggestions_username	fz2s80	S
2020-04-11 15:39:46.095603	u/Aneraxx	fn43blh	u/Burgerkingoof	fn439vq	C
2020-04-11 15:39:46.793518	u/HereBecauseOfMemes	fn43bls	u/WitheredApricot	fcuqzz7	C
2020-04-11 15:39:57.004443	u/Gilstorf	fn43cez	u/KittyWithFangs	fn3wna8	C
2020-04-11 15:40:44.819992	u/notclaytonn	fn43dv8	u/allhailthepotato	fn41ubw	C
2020-04-11 15:40:57.979678	u/pantshirt	fn43e4l	u/Picker-Rick	fn3zswl	C
2020-04-11 15:41:40.794519	u/Tovre	fn43fh8	u/execuTe656	fn41kx6	C
2020-04-11 15:42:09.658819	u/BeastMaster98	fn43gb8	u/Ayo_ComPlaint	fn40re8	C
2020-04-11 15:42:46.920415	u/Zacri_thela	fn43hiq	u/Ronin_69_	fn432hj	C
2020-04-11 15:43:39.991143	u/skrill3d	fn44x7a	u/MrDankyStanky	fn412h2	C
2020-04-11 15:43:51.468404	u/poppythepuppy01	fn44xps	u/Patrick_Bot2	fn3wv3r	C
2020-04-11 15:44:02.254359	u/jaatsaab27	fn44y9f	u/aliekrem	fn44uzb	C
2020-04-11 15:44:12.128372	u/ok_enoug	fn44yhs	u/PikkuinenPikkis	fn3zrfx	C
2020-04-11 15:44:17.833901	u/Systam24	fn44ynh	u/AndreyRussian1	fn44x7m	C
2020-04-11 15:44:35.227037	u/kikowwcx	fn44zgy	u/DrMantis-Toboggen	fn439y6	C
2020-04-11 15:45:04.039591	u/Lasagnaisodelicious	fn45197	u/Klevisi23	fn3nnpo	C
2020-04-11 15:46:23.943644	u/FlippyPippy2168	fn454cp	u/nilliewelsin	fn3ymc7	C
2020-04-11 15:46:32.636745	u/Solis638	fn454m8	u/HowardtheDuck275	fn3kfey	C
2020-04-11 15:46:36.522369	u/Minecrafttips5267	fn454nt	u/RepsajS05	fn44hc7	C
2020-04-11 15:46:38.444854	u/GrapeGunner	fn454sd	u/theguiltyflea	fn3nu00	C
2020-04-11 15:46:43.436480	u/ifeeldisgusting__	fn455d2	u/BenjaminWobbles	fn3knbe	C
2020-04-11 15:46:47.174319	u/DomBocox	fn455gs	u/Reddit-Dit-Dit-Doo	fn44qtj	C
2020-04-11 15:46:58.874542	u/flappyclasher	fn455vr	u/the_lord_42	fn3qp3w	C
2020-04-11 15:47:08.422489	u/the_steep	fn456bq	u/SamdeRamBam	fn448r6	C
2020-04-11 15:47:22.831308	u/Clarity_Spin97	fn4573l	u/Pennutoh12	fn44zpi	C
2020-04-11 15:47:34.078880	u/kirbinato	fn457ms	u/champ590	fn3zbdh	C
2020-04-11 15:47:39.327918	u/1banana2potato	fn457t0	u/RepostSleuthBot	fn3xyz9	C
2020-04-11 15:47:48.005003	u/TheFoXInTheSk	fn458k5	u/FR4NL0B4T0_Brawl	fn44l7u	C
2020-04-11 15:48:12.690793	u/GiereczeqYTT	fn459f8	u/Bruh_Bot_	fn454km	C
2020-04-11 15:48:28.390866	u/flappyclasher	fn45as8	u/Jerrythedude101	fn42cf1	C
2020-04-11 15:48:34.234756	u/lolololololokj	fn45b2d	u/TYOM01	fn437w6	C
2020-04-11 15:48:44.781833	u/kerem2109	fn45bbw	u/Bruh_Bot_	fn3mh0y	C
2020-04-11 15:48:59.386595	u/Demonic-Culture-Nut	fn45caz	u/Nicolae123	fn41vld	C
2020-04-11 15:49:18.173969	u/JeanCarlLuu	fn45d2t	u/Bruh_Bot_	fn3vy02	C
2020-04-11 15:49:35.280320	u/Thunderarmour1	fn45e9w	u/OGName333	fn452jg	C
2020-04-11 15:49:45.814768	u/AbdulMoiz_552	fn45eym	u/Ice-cream_kitty	fn2sqn6	C
2020-04-11 15:49:57.869118	u/Guy-In-the-Mirror	fn45fz0	u/MafiaHen	fn45dj1	C
2020-04-11 15:49:58.399010	u/jipto12	fn45g2e	u/DM_ME_YOUR_PASSWORD	fn3mb4q	C
2020-04-11 15:49:59.190152	u/user27xx3	fn45g9i	u/farazj4	fn45ck0	C
2020-04-11 15:50:10.507662	u/NoTrollGaming	fn45grm	u/how_to_namegenerator	fn3rrp5	C
2020-04-11 15:50:19.911883	u/Bananameister	fn45ha5	u/Aquinse	fn3iso7	C
2020-04-11 15:50:50.824773	u/NoTrollGaming	fn45iit	u/kirbinato	fn44zmr	C
2020-04-11 15:51:02.230470	u/noidea139	fn45j3q	u/TotoBabaDonk	fn3vb22	C
2020-04-11 15:51:08.497898	u/elkswimmer98	fn45je1	u/how_to_namegenerator	fn3rrp5	C
2020-04-11 15:51:36.392381	u/okaythenvro2	fn45kln	u/UncomfortablyDazed	fn43ozz	C
2020-04-11 15:51:45.999777	u/shnivan	fn45kzr	u/Reddit-Dit-Dit-Doo	fn44qtj	C
2020-04-11 15:52:04.026350	u/FangtasticSnake	fn45lli	u/Slyph321	fn379mt	C
2020-04-11 15:52:08.602414	u/a-normie-from-cuba	fn45lxz	u/Surt3473	fn3qfov	C
2020-04-11 15:52:27.330097	u/scrubhunterz	fn45mdu	u/Alpha_479	fn2voyi	C
2020-04-11 15:52:46.414300	u/bruhchan4806	fn45n1i	u/YeeTee55T4R	fn458pa	C
2020-04-11 15:53:37.450171	u/NonsensicalSystem	fn45q3r	u/koala_on_a_treadmill	fn45aao	C
2020-04-11 15:53:44.770044	u/AlisterSinclair2002	fn45q82	u/downvotes_me_please	fn3hb70	C
2020-04-11 15:54:15.018145	u/jAsiKA13	fn45reu	u/TheGBP_offical	fn45eet	C
2020-04-11 15:54:18.713743	u/breathtakingmims	fn45rif	u/RememberTheMaine1996	fn45fnk	C
2020-04-11 15:54:27.816747	u/GoldChainToHoldUrMom	fn45rxi	u/Ali_Amr_Ezzat	fn3wz29	C
2020-04-11 15:54:40.586746	u/cybersoar	fn45sdv	u/NoTrollGaming	fn45iit	C
2020-04-11 15:54:47.024112	u/BlakeKevin	fn45sq2	u/Ida_Midgetman	fn43j61	C
2020-04-11 15:55:10.741811	u/lynxwarrior667	fn45tpq	u/Fan_With_A_Pan	fmk81pd	C
2020-04-11 15:55:15.359160	u/tollofin	fn45tre	u/MrQuestionare	fn3tvux	C
2020-04-11 15:55:25.011344	u/Sophawesome101	fn45uci	u/RoboBro360	fn3xoi9	C
2020-04-11 15:55:32.811901	u/Tagodano	fn45umg	u/Goooodmorninggamers	fn3mwuk	C
2020-04-11 15:55:54.826070	u/BluefinDinosaur	fn45vlq	u/B19B0y124	fn43s4o	C
2020-04-11 15:56:06.629177	u/xJacon	fn45wi4	u/Dor-Yah	fn3p98x	C
2020-04-11 15:57:03.683469	u/Sceptile90	fn45z8m	u/ConfectorSdZ	fn3xp5f	C
2020-04-11 15:57:10.732323	u/Thottrot16	fn45zkw	u/RocketGamingFoxYT	fn3tins	C
2020-04-11 15:57:52.898537	u/whatidshag	fn461p8	u/Heythere300	fn45buf	C
2020-04-11 15:57:54.563903	u/DankLemons558	fn461qf	u/br00kcraft	fn3mphk	C
2020-04-11 15:58:13.798758	u/xdeltax97	fn462e1	u/HowardtheDuck275	fn3kfey	C
2020-04-11 15:58:24.620363	u/0nyzRr	fn462wh	u/bobs-and-vagane	fn3m15k	C
2020-04-11 15:58:29.901173	u/awooo123	fn46311	u/Super-Sonic0	fn44yxc	C
2020-04-11 15:58:38.149342	u/susej251	fn463mn	u/Melad_0	fn41ugp	C
2020-04-11 15:58:40.629401	u/ronplus	fn463sm	u/how_to_namegenerator	fn3rrp5	C
2020-04-11 15:58:43.273816	u/MopsikThePug	fn463x0	u/Flufypanda	fn3vt4u	C
2020-04-11 15:58:54.071915	u/where_the_f_is_he	fn464ea	u/limitless_goose	fn44n29	C
2020-04-11 15:59:05.455748	u/KavevPokylol	fn4658h	u/DankLemons558	fn461qf	C
2020-04-11 15:59:08.112521	u/Mitcheal1983	fn465h9	u/Captain_Jorik	fn461e3	C
2020-04-11 15:59:34.018213	u/zxelor	fn46744	u/Raptor2464	fn45ng8	C
2020-04-11 15:59:35.907590	u/aung_swan_pyae	fn4676o	u/BartaBogdan	fn3pld1	C
2020-04-11 15:59:42.017343	u/Cosywhispers	fn467oj	u/azozi1971	fn3ww0x	C
2020-04-11 15:59:47.166402	u/AzAsian	fn4681o	u/Kingturboturtle13	fn3scrr	C
2020-04-11 15:59:51.463380	u/Aiwatcher	fn468j9	u/Slyph321	fn379mt	C
2020-04-11 15:59:56.432154	u/JonKutz	fn468vb	u/HowardtheDuck275	fz7bbd	S
