2020-04-04 18:02:21.496480	u/1YellowThing1	fmfyn16	u/suskio4	fmeaa78	C
2020-04-04 18:03:16.396752	u/SoG-Thunder	fmfynga	u/ntplays	fmfxwmw	C
2020-04-04 18:03:45.216756	u/lacero_sorrento	fmfynnm	u/AxelGamingBoss	fmfhc1y	C
2020-04-04 18:05:20.561218	u/EnderCrystal221	fmfyoh2	u/Big_old_Bulldog	fmfxy10	C
2020-04-04 18:06:16.857506	u/meme-man7	fmfyom4	u/Gingerbread_Matt	fmfuoqu	C
2020-04-04 18:12:32.306472	u/CrazySuperHotFire	fmfyqfo	u/pogii__	fmfym9z	C
2020-04-04 18:12:52.872448	u/Cyanex_69	fmfyqh7	u/PenguinWithAglock	fmfhqyf	C
2020-04-04 18:13:22.506729	u/untriedlucifer	fmfyqj7	u/Yuesnot	fmfxfu9	C
2020-04-04 18:19:20.488438	u/Carmondai03	fmg07y2	u/ProudToBeAnonymous	fmg00z7	C
2020-04-04 18:20:12.241957	u/waterback	fmg084j	u/tehgoobynoob	fmfz5os	C
2020-04-04 18:23:20.128908	u/Demaskull	fmg08r9	u/HDSQ	fmfz18b	C
2020-04-04 18:26:43.870502	u/Basik-B	fmg098a	u/smolssnek	fmfwwau	C
2020-04-04 18:28:16.848687	u/catatawea	fmg09fj	u/Rein9stein2	fmfyxk5	C
2020-04-04 18:32:55.312245	u/aeeidscnoe	fmg1qtb	u/Topiz2000	fmg1n0j	C
2020-04-04 18:33:48.303014	u/secretstreamer	fmg1qyb	u/RepostSleuthBot	fmg1nb4	C
2020-04-04 18:35:43.213588	u/whattheheckismyname	fmg1r61	u/RepostSleuthBot	fmfu2jo	C
2020-04-04 18:39:26.150962	u/SovietGuyFromGulag	fmg1sck	u/FreshBeans847	fmg1qns	C
2020-04-04 18:41:22.596371	u/Angelov317	fmg1t4x	u/Cheeseboy_123	fmfsmkj	C
2020-04-04 18:42:17.923763	u/OshamonGamingYT	fmg1tad	u/SomeHungryPeasant	fmg1na1	C
2020-04-04 18:42:54.457156	u/TreeB7	fmg1td5	u/S4J3R05	fmg1o9b	C
2020-04-04 18:44:41.265185	u/NicoSvon	fmg1tuz	u/nacholibre23	fmg1qix	C
2020-04-04 18:44:59.570163	u/Spykeyyy	fmg1tve	u/Ifind_this_offensive	fmfmtgv	C
2020-04-04 18:45:18.923083	u/itssohardtob3alizard	fmg1tw5	u/deepanshuv23	fmeiov3	C
2020-04-04 18:46:08.949425	u/wizardofcookies	fmg1ub3	u/SoLikeWhatIsCheese	fmfzk66	C
2020-04-04 18:47:28.245076	u/sYesh	fmg39jz	u/Patrick_Bot2	fmfz73u	C
2020-04-04 18:49:51.237344	u/Sage0fThe6Paths	fmg3abl	u/kylojen_	fmfvo9x	C
2020-04-04 18:53:59.973859	u/Velu_	fmg3c6q	u/LnM-Reds	fmg166f	C
2020-04-04 18:56:43.963614	u/DrWolf232	fmg3cwx	u/TinyRabbit2	fmg10xv	C
