2020-04-05 01:00:04.810230	u/babalinobaba	fmgy0gr	u/Ricmills9	fv7c13	S	I
2020-04-05 01:00:16.194447	u/MetaHuman-Thesis	fmgy0n9	u/Fudge-Boi	fmfnv63	C	I
2020-04-05 01:00:23.360286	u/Soham_rak	fmgy0u0	u/NerdKidOnReddit	fmfxb9x	C	N
2020-04-05 01:00:31.680786	u/SnapshillBot	fmgy0wf	u/spoodermen6969	fv7vfs	S	I
2020-04-05 01:00:43.046158	u/aries21___	fmgy0y1	u/lordofurjings	fv6q1w	S	N
2020-04-05 01:00:51.334090	u/dorkyfever	fmgy10e	u/ElPeako1	fv7ihb	S	I
2020-04-05 01:01:02.693652	u/JuliaMooo	fmgy12a	u/Demonicz_66	fv7bs4	S	I
2020-04-05 01:01:10.190792	u/MichaelAit	fmgy18a	u/TheToxicLogic	fv4qbs	S	I
2020-04-05 01:01:21.522364	u/CuriosityBoio	fmgy19u	u/MovieMaster2004	fv7pxm	S	N
2020-04-05 01:01:28.718153	u/ima_dude25	fmgy1dm	u/deception100	fv7v29	S	I
2020-04-05 01:01:40.146748	u/Superjulian909	fmgy1iq	u/Kiosss	fv2vb1	S	N
2020-04-05 01:01:48.556607	u/Abstract808	fmgy1ml	u/TheGreatNavjeet	fuslx1	S	I
2020-04-05 01:02:08.031090	u/Kirbstar64	fmgy1ov	u/DispleasedSteve	fmgppfb	C	I
2020-04-05 01:02:16.182257	u/zboy101	fmgy1s3	u/Dirtrubber	fmg1br5	C	I
2020-04-05 01:02:25.409559	u/CYANOACRYLATE3	fmgy1yg	u/ScurvyBoyTacocat	fv7tu0	S	N
2020-04-05 01:02:34.603683	u/SnapshillBot	fmgy1zu	u/deleted	fv7vn9	S	N
2020-04-05 01:02:43.770833	u/TootleLePerson	fmgy22l	u/eclecticjam	fmgg9ip	C	N
2020-04-05 01:02:53.029972	u/RajanSwaroopSharma	fmgy25o	u/DoucheBaggerton	fv7h51	S	I
2020-04-05 01:03:02.277022	u/SnapshillBot	fmgy2cb	u/unicorn_on_duty	fv7vom	S	I
2020-04-05 01:03:11.407049	u/LightStriderX	fmgy2cf	u/unknownmiffler	fmgxsk6	C	I
2020-04-05 01:03:20.932901	u/TVheads4u	fmgy2e6	u/Dwez1337	fv7mut	S	N
2020-04-05 01:03:31.215243	u/MemesMod	fmgy2ev	u/deleted	fv7vn9	S	N
2020-04-05 01:03:41.426224	u/Rexamidalion	fmgy2jl	u/username-got-stolen	fv5d6z	S	N
2020-04-05 01:03:51.633756	u/MemesMod	fmgy2kc	u/unicorn_on_duty	fv7vom	S	I
2020-04-05 01:04:01.946134	u/aries21___	fmgy2mt	u/ib456	fv6ofm	S	N
2020-04-05 01:04:12.315287	u/anniekin92	fmgy2sn	u/Pedrica1	fv3iaz	S	N
2020-04-05 01:04:41.757494	u/itchyKnuckls1	fmh0hs3	u/TheBazeur	fuqflt	S	I
2020-04-05 01:04:54.036548	u/PryzedDuck	fmh0ht8	u/End3rW1gg1n	fv6imb	S	N
2020-04-05 01:05:07.515471	u/NothrBrik	fmh0hu3	u/Muti248	fv2jg1	S	N
2020-04-05 01:05:19.636753	u/look_a_sqwurl	fmh0hu5	u/TheTrickster669	fv88bw	S	N
2020-04-05 01:05:46.885638	u/kaweepatinn1	fmh0hvj	u/FFilli	fmgyrxq	C	I
2020-04-05 01:06:02.090986	u/sumlamekid	fmh0hwl	u/MultipleFace1	fv7cye	S	I
2020-04-05 01:06:15.135010	u/MemesMod	fmh0hwz	u/Pew_die_pie-_	fv8a4k	S	N
2020-04-05 01:06:27.044547	u/Elike09	fmh0hxh	u/CrampedNickel16	fmgbxpt	C	I
2020-04-05 01:06:38.996306	u/imdeadinside36	fmh0i1i	u/Starlight_Bunny	fmh0g5k	C	N
2020-04-05 01:06:53.078993	u/WhipFrog	fmh0i8l	u/boiled_walrus	fmfdido	C	I
2020-04-05 01:07:03.076625	u/SnapshillBot	fmh0iak	u/iFollowYOU12435	fv8afw	S	I
2020-04-05 01:07:18.206252	u/xxcrly17	fmh0icv	u/vc615923	fv2k3f	S	I
2020-04-05 01:07:29.024538	u/SnapshillBot	fmh0id3	u/deleted	fv8aeu	S	N
2020-04-05 01:07:41.952617	u/MemesMod	fmh0ids	u/butterduck42069	fv8a8w	S	N
2020-04-05 01:07:55.929235	u/SnapshillBot	fmh0iey	u/iFollowYOU12435	fv8aen	S	I
2020-04-05 01:08:09.928088	u/LightStriderX	fmh0ifm	u/cool-man117	fv7odn	S	I
2020-04-05 01:08:35.548319	u/TheTrickster669	fmh0igx	u/look_a_sqwurl	fmh0hu5	C	I
2020-04-05 01:08:50.985851	u/citricsteak54	fmh0ilk	u/Krythulu	fv35s8	S	N
2020-04-05 01:09:05.966065	u/yoinkNdoinkm8	fmh0inu	u/Cravos	fv1om3	S	N
2020-04-05 01:09:20.812859	u/koajaffe	fmh0ioc	u/TRex_OfTheAges	fmgp6vo	C	I
2020-04-05 01:09:35.733448	u/BiShrekualDisaster	fmh0ips	u/MovieMaster2004	fv7pxm	S	N
2020-04-05 01:09:50.314288	u/KatHonkey	fmh0ipv	u/RBolton123	fv70ho	S	I
2020-04-05 01:10:00.592905	u/The_Radioactive_Rat	fmh0ir6	u/alhinx	fv46mn	S	N
2020-04-05 01:10:01.728462	u/MemesMod	fmh0isz	u/deleted	fv8aeu	S	N
2020-04-05 01:10:05.385767	u/Nipple-Cake	fmh0ivh	u/sonsaitama	fv5ccf	S	N
2020-04-05 01:10:08.503924	u/Fnzreddit	fmh0ix1	u/candlejamming	fmguboq	C	N
2020-04-05 01:10:15.693928	u/look_a_sqwurl	fmh0ix7	u/TheTrickster669	fmh0igx	C	I
2020-04-05 01:10:22.930231	u/SnapshillBot	fmh0ixg	u/Denathriel	fv8ah4	S	N
2020-04-05 01:10:30.772397	u/Coitus-And-Cafard	fmh0j5h	u/Muti248	fv2jg1	S	N
2020-04-05 01:10:39.951870	u/Fnzreddit	fmh0jba	u/XdRockyxd	fmgtamj	C	I
2020-04-05 01:10:49.170502	u/Effigrecus	fmh0je3	u/casone808	fmh0fv3	C	N
2020-04-05 01:10:59.443497	u/RubyAlgorithm	fmh0jea	u/superbloggity	fv88wj	S	I
2020-04-05 01:11:07.669605	u/SnapshillBot	fmh0jfl	u/Fhymi	fv8ao2	S	N
2020-04-05 01:11:26.156068	u/TheTrickster669	fmh0jh9	u/look_a_sqwurl	fmh0ix7	C	I
2020-04-05 01:11:36.419780	u/SnapshillBot	fmh0jhe	u/deleted	fv8ane	S	N
2020-04-05 01:11:56.954510	u/Starlight_Bunny	fmh0jl0	u/imdeadinside36	fmh0i1i	C	I
2020-04-05 01:12:05.185543	u/Ohnomecheese69	fmh0jn8	u/IamaHyoomin	fv7u8q	S	N
2020-04-05 01:12:16.802355	u/jmjones91987	fmh0jol	u/flyyoufools97	fv4l9y	S	N
2020-04-05 01:12:36.305228	u/I-hope-this-is-clean	fmh0jqu	u/Yesman454	fmglp3h	C	I
2020-04-05 01:12:45.609574	u/DajuSar	fmh0jri	u/alhinx	fv46mn	S	N
2020-04-05 01:12:57.013529	u/eatyourbeans246	fmh0jrm	u/bawlswashot	fuzxwh	S	N
2020-04-05 01:13:07.840930	u/Lord_Maldron	fmh0jt3	u/sonsaitama	fv5ccf	S	N
2020-04-05 01:13:18.026023	u/XdRockyxd	fmh0jwh	u/Fnzreddit	fmh0jba	C	I
2020-04-05 01:13:27.209002	u/packle-kackle	fmh0jwp	u/TooneStone92	fv89aw	S	N
2020-04-05 01:13:37.530682	u/xboxplyer	fmh0jx7	u/alhinx	fv46mn	S	N
2020-04-05 01:13:57.892987	u/Lodu_Podu	fmh0jxm	u/A_really_dumb_person	fmgss7d	C	I
2020-04-05 01:14:07.045617	u/SnapshillBot	fmh0jz9	u/MutatedFrog-	fv8ard	S	N
2020-04-05 01:14:19.578639	u/MillzOnQ	fmh0k0f	u/snekshi69	fv7mlu	S	N
2020-04-05 01:14:27.639308	u/look_a_sqwurl	fmh0k14	u/TheTrickster669	fmh0jh9	C	I
2020-04-05 01:14:38.810540	u/lillyanne727	fmh0k1n	u/KingKongsButtPlug	fmfdzwl	C	I
2020-04-05 01:14:49.128860	u/ImAGingyBreadMan	fmh0k4v	u/brinkz-	fv1rmv	S	N
2020-04-05 01:15:00.192275	u/TheCastawayBall	fmh0k69	u/soulwolf1	fmgn0rh	C	N
2020-04-05 01:15:12.369668	u/MintySpy	fmh0k8o	u/corkymcgee	fv84vw	S	N
2020-04-05 01:15:23.538559	u/Alvaro_s	fmh0k8y	u/linkjo100	fuuhtp	S	N
2020-04-05 01:15:35.717672	u/zaddy0094	fmh0kco	u/SovietOnion690	fv872s	S	I
2020-04-05 01:15:46.118592	u/JeffJohnsonIII	fmh0ke8	u/flyyoufools97	fv4l9y	S	N
2020-04-05 01:15:58.225972	u/RepostSleuthBot	fmh0kh0	u/memeb1gb01	fmh0hcz	C	N
2020-04-05 01:16:10.304187	u/blackjackiechun	fmh0kir	u/zerick13	fmgg5ok	C	N
2020-04-05 01:16:21.485212	u/Pandaa210	fmh0kmt	u/AshramZargrad	fv5klh	S	I
2020-04-05 01:16:32.703626	u/DajuSar	fmh0knb	u/itsAsiangarbage	fv50zf	S	I
2020-04-05 01:16:42.664228	u/bananaman_joe	fmh0krn	u/meepersmeepmeeps	fmh0gyu	C	N
2020-04-05 01:16:54.779454	u/ER1s69	fmh0kth	u/ElonLikesApartheid	fmh0dbl	C	N
2020-04-05 01:17:07.017848	u/boiling_hot_sperm	fmh0kur	u/MarinusT_0111	fv1vis	S	N
2020-04-05 01:17:17.269992	u/Grand-Slammer49	fmh0kwh	u/Nano1412	fv2hwf	S	N
2020-04-05 01:17:30.426483	u/Quija5000	fmh0kx7	u/HPScots	fv878l	S	N
2020-04-05 01:17:41.344243	u/TheQuantumPikachu	fmh0kyh	u/zboy101	fmgx17s	C	I
2020-04-05 01:17:52.298926	u/SnapshillBot	fmh0l17	u/FlyingMetalTube	fv8axs	S	I
2020-04-05 01:18:04.247920	u/Freddy9287	fmh0l1j	u/jockerman01	fmg69gw	C	N
2020-04-05 01:18:15.081821	u/thespeedboi	fmh0l1m	u/B_Card7	fmh06x3	C	N
2020-04-05 01:18:26.024962	u/SwitchingC	fmh0l1t	u/Eqlipser	fv87rt	S	N
2020-04-05 01:18:37.635391	u/Skarr1138	fmh0l2b	u/kylojen_	fv1lxa	S	I
2020-04-05 01:18:48.518103	u/brokewokebloke	fmh0lcw	u/GNOK-GNIK	fmgvg1s	C	N
2020-04-05 01:19:00.358906	u/AutoModerator	fmh0lgs	u/deleted	fv8ayu	S	N
2020-04-05 01:19:10.980456	u/SnapshillBot	fmh0ljw	u/deleted	fv8b37	S	N
2020-04-05 01:19:20.571655	u/SnapshillBot	fmh0llo	u/teja1221	fv8b35	S	I
2020-04-05 01:19:31.378098	u/Slatemation	fmh0lmc	u/BoBSkittleZ	fv7lhe	S	N
2020-04-05 01:19:41.861374	u/SnapshillBot	fmh0m3q	u/andresdb	fv8b4z	S	N
2020-04-05 01:19:49.786992	u/SnapshillBot	fmh0m59	u/praps_777	fv8b4q	S	N
2020-04-05 01:20:00.973365	u/Harsh_Asnani	fmh0ma5	u/SovietOnion690	fv872s	S	I
2020-04-05 01:20:02.082596	u/therealliquiddust	fmh0max	u/CacklettasMinion	fmfkznm	C	I
2020-04-05 01:20:07.582844	u/Pug-Doug-the-pug	fmh0mcs	u/Racing_in_the_street	fv1rtt	S	N
2020-04-05 01:20:13.753735	u/vc615923	fmh0mes	u/xxcrly17	fmh0icv	C	N
2020-04-05 01:20:22.184360	u/Apple_Juice_Person	fmh0mf5	u/Neither-Reflection	fv7hk8	S	N
2020-04-05 01:20:34.343035	u/Karen-WHYYYYYY	fmh0mg1	u/kylojen_	fv1lxa	S	I
2020-04-05 01:20:42.628922	u/KatHonkey	fmh0mja	u/Ricmills9	fv7c13	S	I
2020-04-05 01:20:54.001545	u/oofsassin57	fmh0mjb	u/Van-Dangus	fv86q0	S	I
2020-04-05 01:21:02.247002	u/MemesMod	fmh0mlj	u/deleted	fv8b37	S	N
2020-04-05 01:21:13.583573	u/DummyDummyGumGum	fmh0mmi	u/ClimaticExodus	fv7rbu	S	N
2020-04-05 01:21:22.825672	u/SnapshillBot	fmh0mnb	u/-Awesome333-	fv8b9c	S	N
2020-04-05 01:21:34.457177	u/ImAGingyBreadMan	fmh0mob	u/XPSSlingGAMING	fv37ow	S	I
2020-04-05 01:21:42.658303	u/TheDanFanIsBanned	fmh0mqp	u/TooneStone92	fv89ng	S	N
2020-04-05 01:21:55.055983	u/SnapshillBot	fmh0n4i	u/bbbbxxvbgagkk	fv8bbs	S	N
2020-04-05 01:22:05.274466	u/Your_Mother_HA_gotti	fmh0n56	u/Mimi12356	fmgyvvt	C	N
2020-04-05 01:22:16.664615	u/BloodyBoots357	fmh0n9x	u/MEANDMYTHOTS	fv7vxz	S	I
2020-04-05 01:22:27.450513	u/Masondb2007	fmh0nao	u/Mr-360	fv4g41	S	N
2020-04-05 01:22:41.056500	u/BeefyBread	fmh0nde	u/Alexis-Aparicio	fv25qb	S	I
2020-04-05 01:22:50.854965	u/Modal3893	fmh0nfe	u/10outof10dentists	fuxacu	S	N
2020-04-05 01:23:10.161753	u/look_a_sqwurl	fmh0nhp	u/dovedevic	fm5k7j	S	I
2020-04-05 01:23:43.129774	u/Wheezy_Exuberance	fmh0nip	u/snekshi69	fv7mlu	S	N
2020-04-05 01:24:02.349968	u/MemesMod	fmh0njh	u/praps_777	fv8b4q	S	N
2020-04-05 01:24:20.553519	u/LofiMellow	fmh0nlr	u/SnickerBlue	fv6ds2	S	N
2020-04-05 01:24:56.754723	u/Assmar	fmh0nwj	u/cuduro	fmgzhlx	C	I
2020-04-05 01:25:14.092111	u/DajuSar	fmh0nwu	u/manicottiiskindaneat	fv0fq0	S	I
2020-04-05 01:25:32.796668	u/vadhi123	fmh0nxx	u/10outof10dentists	fuxacu	S	N
2020-04-05 01:25:50.988727	u/FS_Shockwave	fmh0o30	u/Pedrica1	fv3iaz	S	N
2020-04-05 01:26:07.904348	u/Linkadoodle	fmh0o7r	u/RepostSleuthBot	fmgwv16	C	I
2020-04-05 01:26:25.875293	u/NotTryingToBeThere	fmh0o8n	u/Sennarc	fmgqzi9	C	N
2020-04-05 01:26:43.861612	u/GNOK-GNIK	fmh0oa4	u/brokewokebloke	fmh0lcw	C	N
2020-04-05 01:27:00.965003	u/Miniature_Pug	fmh0ocy	u/TheHellcatBandit	fv4svk	S	I
2020-04-05 01:27:33.617550	u/SKRUUU______769	fmh0ode	u/XPSSlingGAMING	fmge13w	C	I
2020-04-05 01:27:51.731282	u/Ihavenogoodusrenames	fmh0oe4	u/Rayleigh077	fv44ff	S	N
2020-04-05 01:28:08.698774	u/randoboi1232	fmh0oi8	u/Natendrtfm	fv3ith	S	I
2020-04-05 01:28:26.474448	u/Angelov317	fmh0ojp	u/cobraXelite	fmh07fw	C	N
2020-04-05 01:28:43.059694	u/therealliquiddust	fmh0okn	u/NX_20	fmeuj0h	C	I
2020-04-05 01:29:00.879851	u/MrStealYoPizza	fmh0olc	u/ToughBeingAPig	fv23i4	S	I
2020-04-05 01:29:17.544291	u/Scp-Fan35	fmh0os2	u/Jeffrey211986	fv4xmp	S	I
2020-04-05 01:29:35.365344	u/Hyperbeastking	fmh0ou2	u/Kelly240361	fv34dn	S	I
2020-04-05 01:29:52.936753	u/SnowstormShotgun	fmh0ov7	u/ilikememies	fv5nx9	S	I
2020-04-05 01:30:01.076389	u/MEANDMYTHOTS	fmh0ox8	u/BloodyBoots357	fmh0n9x	C	I
2020-04-05 01:30:02.293164	u/packle-kackle	fmh0p38	u/1peace	fv8962	S	I
2020-04-05 01:30:06.526058	u/RelativeBlindness	fmh0p5o	u/Latricc	fv7t34	S	N
2020-04-05 01:30:12.703005	u/DerTischIstSehrGut	fmh0p75	u/LMA000000	fmgr5j4	C	I
2020-04-05 01:30:17.877840	u/Cocogenji	fmh0pbu	u/gizzle2019	fmgdc0q	C	N
2020-04-05 01:30:27.243087	u/SnapshillBot	fmh0pe8	u/screboggles	fv8bsu	S	N
2020-04-05 01:30:35.639525	u/Due-Average	fmh0pof	u/GeoBotland	fv3hf8	S	I
2020-04-05 01:30:42.922808	u/AutoModerator	fmh0pox	u/NoNeinThisAppIsMein	fv8bvv	S	N
2020-04-05 01:30:54.830055	u/Rural033	fmh0pqy	u/kylojen_	fv1lxa	S	I
2020-04-05 01:31:03.151750	u/Boudac123	fmh0puj	u/ayush_utd1	fv7d25	S	I
2020-04-05 01:31:13.462109	u/SnapshillBot	fmh0pvj	u/jojo_the_hutt_2	fv8bv0	S	N
2020-04-05 01:31:21.650771	u/BlueKitsune9999	fmh0pyd	u/AlbinoAlphaWaffle	fmfqc6v	C	I
2020-04-05 01:31:28.997863	u/Deadpool5241	fmh0q9v	u/End3rW1gg1n	fv6imb	S	N
2020-04-05 01:31:39.391071	u/Geomancer74	fmh0qa5	u/screboggles	fv8bsu	S	N
2020-04-05 01:31:48.730447	u/Captain_Squeaks	fmh0qab	u/Irrational-Charisma	fv2yy1	S	I
2020-04-05 01:31:59.105134	u/DiddlyThot	fmh0qce	u/XPSSlingGAMING	fv7ysx	S	I
2020-04-05 01:32:08.454743	u/SnapshillBot	fmh0qch	u/ILPotatoez	fv8byt	S	I
2020-04-05 01:32:17.848991	u/SoccerMuffinPunz4	fmh0qe2	u/TheSoulVibrators	fv3lp0	S	N
2020-04-05 01:32:27.132553	u/MintySpy	fmh0qef	u/imjustboredhahaha	fv84l8	S	I
2020-04-05 01:32:37.393225	u/RepostSleuthBot	fmh0qgh	u/BloodyBoots357	fmh0n9x	C	I
2020-04-05 01:32:47.424953	u/DajuSar	fmh0qi8	u/Lauchomat3000	fuzdrm	S	N
2020-04-05 01:32:58.714759	u/Quija5000	fmh0qjp	u/SnackWStretchMarks	fv86tc	S	N
2020-04-05 01:33:09.241371	u/Obi-wanna-cracker	fmh0qo8	u/Shagurope	fuzrjn	S	I
2020-04-05 01:33:19.496589	u/Beast12101	fmh0qrl	u/imjustboredhahaha	fv84l8	S	I
2020-04-05 01:33:30.869496	u/Muffin_cat2134	fmh0qs6	u/TheMadLunatic	fv1qpw	S	N
2020-04-05 01:33:40.067200	u/AutoModerator	fmh0qsj	u/deleted	fv8c3d	S	N
2020-04-05 01:33:51.852196	u/BookBeanie	fmh0qun	u/Mr-360	fv4g41	S	N
2020-04-05 01:34:02.043562	u/SnapshillBot	fmh0quv	u/cdurbin909	fv8c2n	S	I
2020-04-05 01:34:13.319279	u/HavLodsOvFuun	fmh0qvz	u/SnickerBlue	fv6ds2	S	N
2020-04-05 01:34:25.765416	u/South-wind19	fmh0qxl	u/Enfield13	fv4vj8	S	N
2020-04-05 01:34:37.048724	u/SkinnyEmpoleon	fmh0r5g	u/Lulujuju28	fv3ig4	S	I
2020-04-05 01:34:46.189706	u/premium_hunger	fmh0rck	u/DreadArcher	fmguz77	C	N
2020-04-05 01:34:55.378390	u/KYRO_M	fmh0rka	u/ChubbiCorgie	fv4wbo	S	N
2020-04-05 01:35:14.596040	u/h211296	fmh0roy	u/r3dcrayon	fmgr36e	C	I
2020-04-05 01:35:25.723658	u/DetectiveDeath	fmh0rpd	u/Michael2391	fmgight	C	N
2020-04-05 01:35:37.011788	u/HitlersTeddyBear	fmh0rqb	u/ayush_utd1	fv7d25	S	I
2020-04-05 01:35:48.212487	u/SnapshillBot	fmh0rqg	u/deleted	fv8c7c	S	N
2020-04-05 01:35:59.475117	u/OGsubu	fmh0rqt	u/TheSoulVibrators	fv3lp0	S	N
2020-04-05 01:36:10.616303	u/SnapshillBot	fmh0rs9	u/SKRUUU______769	fv8c6a	S	I
2020-04-05 01:36:23.867572	u/GalacticEye448	fmh0ru7	u/muffins226	fv50jc	S	I
2020-04-05 01:36:34.571591	u/noliferpk	fmh0rvc	u/Muti248	fv2jg1	S	N
2020-04-05 01:36:45.649178	u/MemesMod	fmh0rxj	u/SKRUUU______769	fv8c6a	S	I
2020-04-05 01:36:59.242047	u/DajuSar	fmh0s3d	u/KangarooMadness777	fuzy13	S	N
2020-04-05 01:37:11.788084	u/Uberkamp	fmh0s45	u/Eislieferant1	fuw8bq	S	I
2020-04-05 01:37:23.750979	u/RelativeBlindness	fmh0s4c	u/PuggyOG	fv7mum	S	I
2020-04-05 01:37:36.779125	u/Ohnomecheese69	fmh0s7q	u/StandupComicGuy	fv7u2r	S	N
2020-04-05 01:37:49.858087	u/Shoto-Todaroki	fmh0s90	u/deleted	fv46mn	S	N
2020-04-05 01:37:59.685160	u/Elementz033	fmh0s99	u/iFollowYOU12435	fv8aen	S	I
2020-04-05 01:38:15.633202	u/jas7996	fmh0sjm	u/pars-1	fv15so	S	N
2020-04-05 01:38:28.885200	u/The_Radioactive_Rat	fmh0slg	u/KangarooMadness777	fuzy13	S	N
2020-04-05 01:38:43.807867	u/rhannahmontana	fmh0sm5	u/nuraruhani	fv72gl	S	N
2020-04-05 01:38:59.877583	u/clarkyoun979	fmh0smj	u/ToughBeingAPig	fv23i4	S	I
2020-04-05 01:39:13.510405	u/BeefyBread	fmh0sn0	u/TheSoulVibrators	fv3lp0	S	N
2020-04-05 01:39:28.894304	u/I_hart_cats	fmh0soc	u/A_really_dumb_person	fv2yea	S	I
2020-04-05 01:39:44.983834	u/ExpellYourMomis	fmh0sof	u/TheFlyinGiraffe	fmg1jz1	C	N
2020-04-05 01:40:01.283202	u/stormiestboy	fmh0sq6	u/Inf1n1tyMagic	fv2rcz	S	I
2020-04-05 01:40:02.524895	u/SnapshillBot	fmh0suw	u/deleted	fv8cc3	S	N
2020-04-05 01:40:04.720617	u/Alvaro_s	fmh0szc	u/Pokket420	fv7qbq	S	N
2020-04-05 01:40:06.857048	u/ehh1209	fmh0t22	u/RepostSleuthBot	fmgyrj1	C	I
2020-04-05 01:40:09.060407	u/Boudac123	fmh0t48	u/ILPotatoez	fv8byt	S	I
2020-04-05 01:40:11.329013	u/the_v01ce	fmh0t5o	u/Ricmills9	fv7c13	S	I
2020-04-05 01:40:17.613372	u/saomp	fmh0t69	u/g_wazowski	fulnvj	S	I
2020-04-05 01:40:28.034832	u/heariam7	fmh0t6p	u/pothead218	fv88z5	S	N
2020-04-05 01:40:38.398450	u/Xx69BootySlayer420xX	fmh0t6r	u/TheLamb_Sauce_	fmgz1tc	C	I
2020-04-05 01:40:42.705777	u/Cyates918YT	fmh0tbs	u/SonicTheHedgehog6542	fv818d	S	I
2020-04-05 01:40:49.904130	u/tachankachan2421	fmh0tfh	u/pronoobot	fv2vsp	S	N
2020-04-05 01:41:02.409876	u/Fnzreddit	fmh0tjy	u/Mr-360	fv4s32	S	N
2020-04-05 01:41:17.995629	u/wokethonking	fmh0tk0	u/OakTree1203	fmh0b9w	C	I
2020-04-05 01:41:25.315596	u/PrimeCow	fmh0tmo	u/spook123456789	fv7psy	S	N
2020-04-05 01:41:34.573010	u/idonthaveacoolname13	fmh0tri	u/misterpotatohead6940	fmgpvyb	C	I
2020-04-05 01:41:42.828762	u/SnapshillBot	fmh0tu9	u/ButteryTowst	fv8cik	S	N
2020-04-05 01:41:52.065336	u/1peace	fmh0txl	u/packle-kackle	fmh0p38	C	I
2020-04-05 01:42:10.606424	u/ithegreat55	fmh0ty5	u/JeffsaysYeet	fmgxdgw	C	I
2020-04-05 01:42:20.873630	u/chingun09	fmh0tya	u/monkeybrains12	fmh04mi	C	I
2020-04-05 01:42:30.450193	u/yeetmc	fmh0tz4	u/snekshi69	fv7mlu	S	N
2020-04-05 01:42:38.723696	u/MemesMod	fmh0u2v	u/ButteryTowst	fv8cik	S	N
2020-04-05 01:42:47.695923	u/dermander	fmh0u67	u/cam-nash	fv29yy	S	I
2020-04-05 01:42:57.062038	u/sagsag1010	fmh0u8e	u/dustyanup	fut8jz	S	N
2020-04-05 01:43:05.799541	u/fatalConstapation	fmh0u9p	u/Krythulu	fv35s8	S	N
2020-04-05 01:43:18.172120	u/michael_t20ne	fmh0ub8	u/ILPotatoez	fv8byt	S	I
2020-04-05 01:43:46.332689	u/manago_jelly	fmh36zf	u/ayush_utd1	fv7d25	S	I
2020-04-05 01:43:58.716941	u/pfeiadd36	fmh3704	u/ElaborateRuse420	fv8jqv	S	N
2020-04-05 01:44:08.119774	u/fannypack127	fmh370l	u/Natendrtfm	fv3ith	S	I
2020-04-05 01:44:19.453528	u/UsernameIDKwhy	fmh371t	u/mathsucks69	fv19st	S	I
2020-04-05 01:44:27.528419	u/Ninjago_Vo	fmh3775	u/Griciukas	fmh26rs	C	N
2020-04-05 01:44:39.358795	u/huMan_at_War	fmh379j	u/Krythulu	fv35s8	S	N
2020-04-05 01:44:50.797699	u/Ultikiller	fmh37ax	u/itsAsiangarbage	fv50zf	S	I
2020-04-05 01:45:00.906547	u/slashth456	fmh37be	u/imabadassinmymind	fmgul9k	C	N
2020-04-05 01:45:14.222455	u/NgryRed	fmh37by	u/LonelyPole	fv8pt2	S	I
2020-04-05 01:45:24.183228	u/yoda-yoshkaga	fmh37db	u/kylojen_	fv1lxa	S	I
2020-04-05 01:45:35.366739	u/ThatGuy_ASDF	fmh37mk	u/heis3nbergg	fv8kei	S	N
2020-04-05 01:45:46.624160	u/unefilleperdue	fmh37nr	u/remoestmoi	fv3fkx	S	N
2020-04-05 01:45:57.687968	u/cam-nash	fmh37o9	u/Karen-WHYYYYYY	fmh1mbq	C	I
2020-04-05 01:46:08.824717	u/MAGIC_EYE_BOT	fmh37qh	u/deleted	fv8r36	S	N
2020-04-05 01:46:20.972311	u/VishVarm	fmh37rb	u/mcgood_fngood	fmgvwah	C	N
2020-04-05 01:46:30.115211	u/dashydude	fmh37th	u/Sgt-Insane	fv4t65	S	I
2020-04-05 01:46:43.286041	u/ninjagold007	fmh37uu	u/unseenspi	fmh35cj	C	N
2020-04-05 01:46:54.324670	u/TFW_YT	fmh383q	u/CTGRW_30477953419	fmgqhce	C	I
2020-04-05 01:47:04.684106	u/Hysterical110	fmh384i	u/AlchemyJug	fv3iak	S	I
2020-04-05 01:47:17.169668	u/calirem	fmh3853	u/flyyoufools97	fv4l9y	S	N
2020-04-05 01:47:28.336459	u/Lil_Toot_The_2nd	fmh385v	u/AshramZargrad	fv5klh	S	I
2020-04-05 01:47:39.668485	u/Wolffir	fmh385y	u/TheHamOfAllHams	fv1zj6	S	I
2020-04-05 01:47:52.850757	u/DemonicPenguin03	fmh386f	u/WhoAm_I_WhyAm_I_Here	fv776g	S	I
2020-04-05 01:48:04.150852	u/MySisterisaFurry	fmh388z	u/Krythulu	fv35s8	S	N
2020-04-05 01:48:14.022244	u/AutoModerator	fmh38as	u/Gnarxley	fv8rea	S	N
2020-04-05 01:48:27.360693	u/DragonSlayerOMS	fmh38b0	u/AlchemyJug	fv3iak	S	I
2020-04-05 01:48:40.436465	u/spacetoast99	fmh38bq	u/Pacifichoi	fv7nad	S	N
2020-04-05 01:48:51.037553	u/theavocadoman69	fmh38by	u/GamerJBoy69	fmgtyas	C	I
2020-04-05 01:49:04.088895	u/BigNasalDrip	fmh38c4	u/cobaltbpt	fv81dt	S	N
2020-04-05 01:49:17.036486	u/Gandivdhari	fmh38ca	u/ehh1209	fmh0t22	C	I
2020-04-05 01:49:30.027867	u/jesuislautr3c	fmh38d0	u/Irrational-Charisma	fv2yy1	S	I
2020-04-05 01:49:40.406740	u/Draco985	fmh38dy	u/sonsaitama	fv4kvd	S	N
2020-04-05 01:49:55.906901	u/Oh_Hello_there420	fmh38g9	u/vc615923	fv2k3f	S	I
2020-04-05 01:50:01.982759	u/benhogs	fmh38gf	u/ninjagold007	fmh2rxi	C	N
2020-04-05 01:50:03.150240	u/memegag28	fmh38hx	u/copperskin	fv8pyb	S	I
2020-04-05 01:50:11.515079	u/dabodsterbruh	fmh38i5	u/Hooded_Tutle	fmgenwh	C	I
2020-04-05 01:50:20.123546	u/kREEEmit	fmh38id	u/XPSSlingGAMING	fv37ow	S	I
2020-04-05 01:50:28.702054	u/MrStealKiller	fmh38j7	u/vc615923	fv2k3f	S	I
2020-04-05 01:50:47.274779	u/Mrmangu99	fmh38m3	u/Dani644i	fmgw0bs	C	I
2020-04-05 01:51:01.683465	u/NotTryingToBeThere	fmh38nk	u/Bread_Is_Soup	fmh2e4i	C	N
2020-04-05 01:51:11.986849	u/_spicyyyyyy_	fmh38o2	u/AlphabeticalSoup123	fv8gjs	S	I
2020-04-05 01:51:23.124829	u/Grime_On_The_Window	fmh38ss	u/mudahfukinnnnnnnnn	fv2doy	S	I
2020-04-05 01:51:33.362035	u/wersmyusrname	fmh38uc	u/FootSack420	fv8r4b	S	N
2020-04-05 01:51:42.540122	u/LuOsGaAr	fmh38uf	u/sonicpoz	fmgvuy2	C	N
2020-04-05 01:51:56.542433	u/goldenshit903	fmh38z7	u/cam-nash	fv29yy	S	I
2020-04-05 01:52:05.690188	u/CasperKID79	fmh391a	u/s-y-n-t-h	fmgcovq	C	I
2020-04-05 01:52:16.924657	u/erictic67108	fmh3924	u/MrRedPanda1243	fmh36kc	C	N
2020-04-05 01:52:28.182674	u/fakeprotagonist	fmh39ag	u/BIGPAPABEAR69420	fv8pg9	S	N
2020-04-05 01:52:37.328646	u/RepostSleuthBot	fmh39cu	u/manago_jelly	fmh36zf	C	I
2020-04-05 01:52:49.881860	u/real_SuperOj	fmh39eb	u/End3rW1gg1n	fv6imb	S	N
2020-04-05 01:53:02.867501	u/KesterAssel	fmh39k9	u/sonsaitama	fv5ccf	S	N
2020-04-05 01:53:14.021792	u/devajithvs	fmh39mi	u/SteptimusHeap	fmgjvfv	C	I
2020-04-05 01:53:25.297133	u/BigNasalDrip	fmh39mu	u/WaterRamenSenpai	fv7rlb	S	N
2020-04-05 01:53:38.522356	u/Karen-WHYYYYYY	fmh39od	u/cam-nash	fmh37o9	C	I
2020-04-05 01:53:49.671093	u/Fresh1103	fmh39oh	u/soulzzii	fmg89lc	C	I
2020-04-05 01:54:01.932744	u/HiredG00N	fmh39q0	u/putnamto	fv8h3e	S	I
2020-04-05 01:54:26.369581	u/Bread_Is_Soup	fmh3a1r	u/NotTryingToBeThere	fmh38nk	C	I
2020-04-05 01:54:36.458282	u/Wakichoto	fmh3a1t	u/Zoroark505	fmgrwpi	C	N
2020-04-05 01:55:02.970489	u/adxthyx	fmh3acy	u/SomeRandomGuy1769	fmgy78i	C	I
2020-04-05 01:55:13.054145	u/thelonelygenuis	fmh3ad2	u/billyshakes27	fmgliv0	C	I
2020-04-05 01:55:26.868283	u/SoWokeIdontSleep	fmh3aff	u/kylojen_	fv1lxa	S	I
2020-04-05 01:55:41.095608	u/AntiCommunistForever	fmh3ajz	u/jmjones91987	fmh0jol	C	I
2020-04-05 01:55:53.263963	u/Reddit___---	fmh3am3	u/trollman_falcon	fv8hcq	S	N
2020-04-05 01:56:04.298989	u/ImMufasa	fmh3asw	u/soulwolf1	fmgn0rh	C	N
2020-04-05 01:56:18.534110	u/nitewing1124	fmh3auq	u/Mr_rejected15	fmh0zyg	C	I
2020-04-05 01:56:31.828598	u/Window638	fmh3avx	u/TacticalMicrowav3	fv5vqm	S	I
2020-04-05 01:56:41.786661	u/MrRedPanda1243	fmh3b0f	u/erictic67108	fmh3924	C	N
2020-04-05 01:56:54.898684	u/Noobster646	fmh3b17	u/maskofharrow89	fmgv5wz	C	N
2020-04-05 01:57:06.963077	u/TheGuyThatIsStupid	fmh3b27	u/DatGamingShark	fmgwnzi	C	I
2020-04-05 01:57:17.022336	u/Elias-L	fmh3b3z	u/chivalrousguy11	fv81n8	S	I
2020-04-05 01:57:29.113091	u/Dr4g0n_Hu3nter1	fmh3b4x	u/gc_xo4life	fv8lr3	S	N
2020-04-05 01:57:41.393021	u/gaschicken	fmh3b6k	u/haliro	fv2wwt	S	N
2020-04-05 01:57:53.452869	u/RandomDragonOnReddit	fmh3b76	u/AlexBrior	fv6aa9	S	N
2020-04-05 01:58:04.658020	u/greesefyre	fmh3ba2	u/AlchemyJug	fv3iak	S	I
2020-04-05 01:58:17.683831	u/WisdomStick	fmh3bf0	u/pronoobot	fv2vsp	S	N
2020-04-05 01:58:29.590288	u/SigmaRoyal	fmh3bgh	u/Exstence	fv8pp2	S	N
2020-04-05 01:58:41.493185	u/dustooM70	fmh3bgt	u/ThatOneGuyOfReddit	fuxqeo	S	I
2020-04-05 01:58:56.774137	u/_Remzy_	fmh3bib	u/mrspinningtaco	fv6gce	S	N
2020-04-05 01:59:10.739805	u/seamouse05	fmh3bms	u/BandMan69	fv8mr9	S	N
2020-04-05 01:59:23.907357	u/AntiCommunistForever	fmh3bns	u/flyyoufools97	fv4l9y	S	N
2020-04-05 01:59:35.193994	u/BigNasalDrip	fmh3brp	u/viralagain	fv7ywh	S	N
2020-04-05 01:59:48.862152	u/Nedeku	fmh3bsf	u/BlackDMamba	fv8oqa	S	N
2020-04-05 02:00:00.986901	u/leeeeeeeeeeeeeeeeech	fmh3bsk	u/Dr0ctober	fmgpvry	C	N
