2020-03-20 21:03:28.870000	u/mr-krabz-6969	fl2jkgl	u/tadoba2	fl2a0bs	C
2020-03-20 21:03:50.208572	u/iplay2manyvideogames	fl2jl6a	u/woodendoors7	fl2e229	C
2020-03-20 21:04:23.311440	u/Collloser333	fl2jlxv	u/Ben_Herr	fl2jbi6	C
2020-03-20 21:09:30.505052	u/opeyemiii	fl2k2a8	u/Ben_Herr	fl2jbi6	C
2020-03-20 21:11:36.656573	u/BrainExcrement	fl2ka8o	u/woodendoors7	fl2gdfr	C
2020-03-20 21:13:01.407413	u/6tylerbugs66	fl2ke67	u/tadoba2	fl2a0bs	C
2020-03-20 21:13:43.098018	u/yeeteryeet13	fl2kgmo	u/austind9999	fl2f7m8	C
2020-03-20 21:19:29.548159	u/Leanest-of-Limes	fl2kwdp	u/opeyemiii	fl2k2a8	C
2020-03-20 21:19:48.270925	u/cakebuilder123	fl2kxec	u/woodendoors7	fl2kw6j	C
2020-03-20 21:19:49.565030	u/MemeTiem	fl2kxgs	u/tadoba2	fl2j41h	C
2020-03-20 21:24:08.666221	u/vividmind7	fl2l8ha	u/Leanest-of-Limes	fl2kwdp	C
2020-03-20 21:25:07.913866	u/chub-stegoOWO	fl2lbap	u/IronGoat69	fl2j7d5	C
2020-03-20 21:26:22.269977	u/18thChoiceOfUsername	fl2lg19	u/tadoba2	fl2klkh	C
2020-03-20 21:27:08.799545	u/voluptous_cereal_bar	fl2lhvi	u/woodendoors7	fl2l422	C
2020-03-20 21:27:59.687597	u/Crispy-burgers	fl2lju5	u/woodendoors7	fl2l0kp	C
2020-03-20 21:28:04.634279	u/Peingou	fl2lkbm	u/vividmind7	fl2l8ha	C
2020-03-20 21:31:54.646188	u/CreamyKids420	fl2lv7m	u/vividmind7	fl2lls3	C
2020-03-20 21:43:21.076178	u/acinco88	fl2mn0x	u/woodendoors7	fl2l2x6	C
2020-03-20 21:44:27.417116	u/Real_Cup_o_Joe	fl2mpou	u/woodendoors7	fl2ld0i	C
2020-03-20 21:44:29.561432	u/Dr_Saguaro	fl2mpui	u/vividmind7	fl2md9l	C
2020-03-20 21:47:04.208892	u/memes-69-420	fl2mwjk	u/Frugal-Redditor	fl2mt8n	C
2020-03-20 21:47:37.520880	u/lesslighter	fl2mybq	u/woodendoors7	fl2kkln	C
2020-03-20 21:47:58.792079	u/Cedreddit1	fl2mzuk	u/Dr_Saguaro	fl2mpui	C
2020-03-20 21:48:36.689812	u/blue_cows_rule	fl2n1mx	u/woodendoors7	fl2n1cv	C
2020-03-20 21:48:56.119926	u/Slowazaz	fl2n2ru	u/Dr_Saguaro	fl2mpui	C
2020-03-20 21:52:18.455669	u/LePetiteSiren	fl2ncfb	u/woodendoors7	fl2mz9y	C
2020-03-20 21:54:48.036228	u/JONYBOY-	fl2ni4f	u/memes-69-420	fl2mwjk	C
2020-03-20 21:54:53.782923	u/ImperiusFate	fl2nii5	u/Thememescontrolme	fl2ndu0	C
2020-03-20 21:54:54.860929	u/slavo37	fl2niib	u/woodendoors7	fl2najn	C
2020-03-20 21:55:40.878513	u/6ragnar9	fl2nk48	u/ImperiusFate	fl2nd9l	C
2020-03-20 21:56:10.630708	u/memelantern	fl2nl1x	u/ImperiusFate	fl2nd9l	C
2020-03-20 21:58:49.607824	u/chrisl_003	fl2nukm	u/blue_cows_rule	fl2nbl7	C
2020-03-20 21:59:10.000227	u/drprada073	fl2nw4m	u/tadoba2	fl2a0bs	C
2020-03-20 21:59:26.399121	u/mrcharlesboyle	fl2nxlu	u/Frugal-Redditor	fl2mt8n	C
2020-03-20 22:00:00.031876	u/it_wooden_whistle	fl2o1gb	u/acinco88	fl2mn0x	C
