2020-04-08 10:00:09.528009	u/Engi_Wade147	fmsejac	u/SamTarlyTattooParlor	fmsdk7a	C
2020-04-08 10:00:14.044571	u/Hitender26	fmsejlz	u/geekysandwich	fmsehma	C
2020-04-08 10:02:49.689489	u/m_keast26	fmsemmg	u/Gaelic_Gladiator_64	fmrgh8y	C
2020-04-08 10:03:01.507198	u/tduby1	fmsemz1	u/z_h1996	fms8t0k	C
2020-04-08 10:03:41.839242	u/KingFahadX	fmseoqb	u/wyoot69	fmsakpg	C
2020-04-08 10:04:08.306723	u/NautilusCubist	fmsepkj	u/_K3rN_	fmse9pr	C
2020-04-08 10:04:13.542951	u/Triztraz	fmsepr4	u/skduter	fmq1tlt	C
2020-04-08 10:04:46.244335	u/__Kryos_	fmser9j	u/Toraihekisa	fms4h0s	C
2020-04-08 10:04:50.613626	u/olibsonefeio	fmserb8	u/gmartens1106	fmse3du	C
2020-04-08 10:05:11.764562	u/LafterEx	fmserta	u/kitsuWillwisp	fmrup8c	C
2020-04-08 10:05:46.227021	u/Jackwilleatyourpizza	fmset63	u/SolaLupus42	fmrhjhp	C
2020-04-08 10:05:56.510465	u/Chipsahoy111	fmsetmr	u/mygoogleemail	fmr5007	C
2020-04-08 10:07:32.711082	u/BroadRaccoon	fmsewhx	u/fireballscopex	fmq77mm	C
2020-04-08 10:07:43.289995	u/Uninterested-Ares	fmsewiw	u/mr_thicc_rooster	fms1ef3	C
2020-04-08 10:08:06.523450	u/meorsomething	fmsexmt	u/otaku90002	f8iun1	S
2020-04-08 10:09:00.224712	u/Forixiom	fmsf01s	u/FreezyKnight	fms66hl	C
2020-04-08 10:09:13.725234	u/spoofer807	fmsf0jj	u/MarvelousMan3003	fmrcrxu	C
2020-04-08 10:09:19.900647	u/skkeettyyeette	fmsf0wq	u/fish-in-a-chicken	fms0ocv	C
2020-04-08 10:10:38.786983	u/thatonesmartdumbshit	fmsf2ir	u/toothed_mustard_jar	fmsc585	C
2020-04-08 10:10:57.615856	u/Ebgfyl	fmsf324	u/Master_JBT	fmsexpa	C
2020-04-08 10:11:03.798808	u/production-values	fmsf37s	u/ochipapo	fms6j36	C
2020-04-08 10:11:06.311819	u/Gamerboy200808	fmsf395	u/SolaLupus42	fmrhjhp	C
2020-04-08 10:12:13.058671	u/anonyman_305	fmsf4sk	u/just-a-dude69	fms2xv3	C
2020-04-08 10:12:37.933164	u/YeetsYouToTheFloor	fmsf5cu	u/JonahTheCoyote	fmqi8nf	C
2020-04-08 10:12:43.010056	u/marco2cityu	fmsf5dd	u/Incvbus	fmryf6g	C
2020-04-08 10:12:46.201205	u/livitan	fmsf5f2	u/SonDTano	fmsdvmv	C
2020-04-08 10:14:47.865254	u/kriber123	fmsf8x4	u/LexStreams_	fmscbg2	C
2020-04-08 10:16:28.166427	u/DrSavage485	fmsfcnz	u/QWERTYAjay	fmrswpi	C
2020-04-08 10:17:22.911160	u/westonReddit	fmsfe1a	u/kaushalovich	fms6c8b	C
2020-04-08 10:18:00.560699	u/Morcovul69	fmsh6cx	u/1am76	fmsh3zh	C
2020-04-08 10:18:43.271553	u/flowerisbest	fmsh8yb	u/SerpentDeity	fx4bz6	S
2020-04-08 10:18:55.849713	u/SuperAJA05	fmsh9iy	u/darkph0enix21	fmsh5uf	C
2020-04-08 10:18:56.896715	u/Tatsuya_kun	fmsh9j7	u/Aftermath666_	fms8qt7	C
2020-04-08 10:18:58.570285	u/nedeisawkward	fmsh9mz	u/livitan	fmsf5f2	C
2020-04-08 10:19:17.974922	u/Kot9_Chungus	fmshbd0	u/rogue565	fmshakd	C
2020-04-08 10:19:20.794448	u/Heavy_Memer	fmshbfv	u/Username133769	fmsdtfd	C
2020-04-08 10:19:33.360855	u/worm_foond_mp4	fmshbsg	u/SwordGenius	fx4q4d	S
2020-04-08 10:19:39.158115	u/LoathingTuna97	fmshc4v	u/PenguinPride87	fmsfngl	C
2020-04-08 10:19:51.575277	u/ygtdrr_com	fmshdlv	u/sgx739_1	fmsg87m	C
2020-04-08 10:20:04.961530	u/Dier_runner	fmshduw	u/Emperor_O_Memes	fmse065	C
2020-04-08 10:20:11.671085	u/gardian20	fmshe2z	u/_violetlightning_	fmrzbyy	C
2020-04-08 10:20:41.552345	u/undunce	fmshepx	u/r3dcrayon	fmqn5kh	C
2020-04-08 10:21:45.575236	u/PowderMonkeyCharlie	fmshfsr	u/AhmadSolo2109	fmse6zm	C
2020-04-08 10:21:51.564117	u/elitefire73	fmshftz	u/zpazzy	fmshdjc	C
2020-04-08 10:23:06.882401	u/JClollipop	fmshhsk	u/Dawaidso	fms5q7t	C
2020-04-08 10:23:48.559105	u/yeetmeister69696969	fmshixj	u/chocolate_in_fridge	fmsbq65	C
2020-04-08 10:23:55.868264	u/Ossoz	fmshjg7	u/Mason5659	fmsh19b	C
2020-04-08 10:24:13.347848	u/its_a_deenosar	fmshk6p	u/TherionX2	fmsefe2	C
2020-04-08 10:24:57.614272	u/Guns_N_Laroses	fmshl6y	u/RepostSleuthBot	fms4jqr	C
2020-04-08 10:25:01.345123	u/sparkletheunicorn92	fmshlal	u/Sigma_Balls1	fmr5bnf	C
2020-04-08 10:25:18.003710	u/Hedgehogmaster2005	fmshmga	u/TheGomeztroika	fmsdt3f	C
2020-04-08 10:25:24.963543	u/kczar8	fmshmor	u/AhmadSolo2109	fmse6zm	C
2020-04-08 10:25:42.193512	u/nitrocreeper790	fmshnh5	u/DiamondPower500	fmrtsom	C
2020-04-08 10:25:50.025541	u/anonymousgal7	fmsho4g	u/mdiq	fmr080f	C
2020-04-08 10:26:09.544430	u/MCGFFF	fmshp43	u/TheroryGuy1	fmsgzu0	C
2020-04-08 10:26:25.964639	u/Sheepio12940	fmshq66	u/potatoyeeter420	fmscz4i	C
2020-04-08 10:27:23.867025	u/NoobMaster_-69-_	fmshsnj	u/Master_JBT	fmjtjgc	C
2020-04-08 10:28:15.213170	u/cjdobs84	fmshtzk	u/OtsuKotsu	fmrl9le	C
2020-04-08 10:28:16.617636	u/Waekh	fmshu0l	u/exuberant_turtle	fmrt4jd	C
2020-04-08 10:28:31.919850	u/Cyber_Lucifer	fmshv9t	u/turtle13610	fmsecv5	C
2020-04-08 10:28:53.828032	u/SkyrusLeros	fmshwck	u/woahwayne	fmsdplx	C
2020-04-08 10:29:09.930851	u/kwamisgamer	fmshwwe	u/RepostSleuthBot	fmshmim	C
2020-04-08 10:29:10.981919	u/DNL852	fmshwww	u/boost437	fmshk0s	C
2020-04-08 10:29:15.752941	u/FrediMeister	fmshxho	u/Macaroniandcheesez	fmsbui1	C
2020-04-08 10:29:20.415096	u/theofficialbeni	fmshxvc	u/Finovich	fms5k5r	C
2020-04-08 10:29:22.895520	u/iamaplatypus1234	fmshxyv	u/Gitaly123	fmsf9k5	C
2020-04-08 10:29:43.634214	u/AwesomeDragonPig	fmshzez	u/maninblakkk	fms0xib	C
2020-04-08 10:29:46.463612	u/SaberIsMakingMemes	fmshzkj	u/Philipp_01	fx67zw	S
2020-04-08 10:29:48.433331	u/Dr_AAAAAAAAAAAAAAAAA	fmshzuc	u/Finovich	fms5k5r	C
2020-04-08 10:29:59.594736	u/dank_galv	fmsi04k	u/stupid06	fms4m7x	C
2020-04-08 10:30:00.017844	u/e778801	fmsi05d	u/memezop	fmro7wt	C
2020-04-08 10:31:35.673345	u/reeepepe69420	fmsi1ni	u/RepostSleuthBot	fmsgwym	C
2020-04-08 10:32:15.329896	u/Rishi_Murali	fmsi2kg	u/yEe_boi_96	fmshlaa	C
2020-04-08 10:32:54.285872	u/BoboRozoMcBoi	fmsi3fx	u/milk_connoisseur23	fx7chm	S
2020-04-08 10:33:05.508107	u/Mr_Boy_	fmsi3m5	u/p4r41v4l	fmsh3lj	C
2020-04-08 10:33:13.557568	u/MotorHum	fmsi3x0	u/ApollosVale	fmsi25l	C
2020-04-08 10:33:31.424042	u/Tillomat47	fmsi4oh	u/Elementz033	fms11hq	C
2020-04-08 10:34:24.919599	u/Thiccboy-mage	fmsi69d	u/Minh1905	fwzxl7	S
2020-04-08 10:34:29.379479	u/TheHunnyRunner	fmsi6av	u/AGamingGuy	fmsfunz	C
2020-04-08 10:35:35.968860	u/AndroidWall4680	fmsi91v	u/fierwoll	fmqt1hu	C
2020-04-08 10:35:48.228231	u/plaincloud	fmsi9cf	u/AzaBlanta	fmsdfoo	C
2020-04-08 10:35:51.932093	u/CashMachine21	fmsi9lv	u/Sadfghr	fmsi6kj	C
2020-04-08 10:37:24.003260	u/mamf60	fmsibl7	u/NuPhaze	fms9mse	C
2020-04-08 10:37:31.654356	u/graciexbox1	fmsibtb	u/warptwenty1	fms4erd	C
2020-04-08 10:38:10.837871	u/Ohsighrus	fmsidjx	u/python_boti	fmrtzyw	C
2020-04-08 10:38:20.462417	u/Wh1tePhosphorus	fmsie40	u/tasty_nugget69	fms6ymf	C
2020-04-08 10:38:59.236314	u/TheBoxerBySandG	fmsifpf	u/MediocrePenisNumber6	fmsdceu	C
2020-04-08 10:39:13.759764	u/JustKai4444	fmsigeq	u/NihilisticBloodbag	fmshz0p	C
2020-04-08 10:39:31.238393	u/FruitIsNotHealthy	fmsihk0	u/jakethedumbmistake	fmrtqu2	C
2020-04-08 10:39:33.652562	u/aCin5280	fmsihr9	u/TiesG92	fmsi5ag	C
2020-04-08 10:39:36.653087	u/radianttriceratops	fmsii48	u/sebsram	fmsfnqv	C
2020-04-08 10:39:41.406214	u/BlushingBodyguard	fmsiief	u/Cheesefinger69	fmsife7	C
2020-04-08 10:39:46.193274	u/mishaz888	fmsijc4	u/ollyester	fmshkb6	C
2020-04-08 10:41:05.565323	u/h20_justaddbleach	fmsikmv	u/VanashinGlory	fms4kix	C
2020-04-08 10:42:08.555250	u/NitroboostFilms	fmsillg	u/EwronLove	fmshnx7	C
2020-04-08 10:42:34.681547	u/i--am--the--light	fmsimnr	u/warptwenty1	fms4erd	C
2020-04-08 10:42:48.751759	u/RaxusQuin	fmsin6j	u/BLMika	fms0vze	C
2020-04-08 10:43:02.242506	u/Bert763	fmsinft	u/MemeBoiCrep	fmrztn0	C
2020-04-08 10:43:45.179844	u/Millin2000	fmsiot3	u/ProAssassin666	fmsgs2z	C
2020-04-08 10:44:36.420430	u/Bakedfam	fmsiqex	u/_skullreaper_	fmshf8t	C
2020-04-08 10:44:44.029571	u/certainly_imperfect	fmsiqot	u/AK01ops	fmsgq5n	C
2020-04-08 10:44:50.525932	u/Octorangis	fmsiqvu	u/Waekh	fmshu0l	C
2020-04-08 10:45:24.036430	u/Pluto4Planet2016	fmsisen	u/YinuSWinneR	fmrphmz	C
2020-04-08 10:45:35.069922	u/modsboo	fmsiszp	u/GoatyMcGoatFace7	fmsh00d	C
2020-04-08 10:45:39.355913	u/Rahjahfox	fmsit67	u/Witch_King_	fmrggsu	C
2020-04-08 10:45:41.443194	u/stopsneezingdammit	fmsit6n	u/Crunchious1	fmsh1zm	C
2020-04-08 10:46:02.632709	u/FreeToLive26	fmsiuoc	u/Jakerzthesnakerz	fmsi4nn	C
2020-04-08 10:46:40.902161	u/hassan2603	fmsiwcv	u/Crunchious1	fmsh1zm	C
2020-04-08 10:47:32.676345	u/lazar_cirovic03	fmsiyfr	u/dbozz135	fmsii3q	C
2020-04-08 10:48:07.372161	u/MidnightLying	fmsizy7	u/sexyass1010	fms2v6i	C
2020-04-08 10:48:37.165741	u/oscarmyersmayo	fmsj21e	u/green_lean_peen	fmsevtb	C
2020-04-08 10:48:57.218290	u/Arsenic26	fmsj2kg	u/dudumm	fm432fq	C
2020-04-08 10:49:44.125499	u/TheAngryEagle02	fmsj3qz	u/Batsy52	fmsidc5	C
2020-04-08 10:49:58.421146	u/JGP793	fmsj4pe	u/pink_vanilla_skies	fmshfvj	C
2020-04-08 10:50:45.293692	u/bountyhunter205	fmsj5qq	u/fixxer75	fms389c	C
2020-04-08 10:50:52.087342	u/ArcaneMcSketch	fmsj5x9	u/JustPlayn10	fms1uxh	C
2020-04-08 10:50:57.398371	u/georganik	fmsj601	u/Potato0nFire	fmqtztk	C
2020-04-08 10:51:17.072286	u/coughingfrog	fmsj6et	u/Drewsophila	fmshswo	C
2020-04-08 10:52:10.747873	u/dickdoughnut	fmskura	u/bluexray1234	fmsivme	C
2020-04-08 10:52:13.098406	u/Physical-Slip	fmskuyo	u/Fabiopetruzzi	fmsc2qa	C
2020-04-08 10:53:36.245910	u/realifesim	fmsky3g	u/Internally-UnAlive	fms8608	C
2020-04-08 10:54:35.607564	u/rowen1585	fmskzax	u/battery_low_	fms1wxs	C
2020-04-08 10:55:28.644958	u/THEDIAMONDSHEEP	fmsl0kd	u/warframefan420	fmob31f	C
2020-04-08 10:55:34.559843	u/Compound_Cake	fmsl0ss	u/Androidzombie	fmr9r5u	C
2020-04-08 10:55:51.071571	u/HEADHUNT3er	fmsl12i	u/ThatOneColdBoi	fmskprm	C
2020-04-08 10:56:26.060357	u/Bulky-Tip	fmsl1z2	u/yak_on_meth	fmseoew	C
2020-04-08 10:56:28.690118	u/albvla	fmsl24e	u/Memerboi21	fmsfw97	C
2020-04-08 10:56:55.182331	u/alci-wan	fmsl2l9	u/Dankbow	fmskt4p	C
2020-04-08 10:57:02.760195	u/JinxRook	fmsl2rc	u/joe_grust	fmrhotp	C
2020-04-08 10:57:34.566569	u/sswwert100	fmsl3ri	u/T-Reddx	fmsibb1	C
2020-04-08 10:58:16.711231	u/Psinami	fmsl646	u/AHalf-EatenBagel	fmskv06	C
2020-04-08 10:58:29.815017	u/SuperSic5846	fmsl6vj	u/Respect_Paying_Bot	fmskqbu	C
2020-04-08 10:58:31.740275	u/imawaffle1	fmsl713	u/tafffffff	fms23xi	C
2020-04-08 10:58:38.277847	u/ApexLegend117	fmsl7h4	u/cdaly18	fms7xpt	C
2020-04-08 10:59:29.759619	u/Green-Coat	fmsla1o	u/Fantastic_Ostrich	fmsjyv8	C
2020-04-08 10:59:36.496765	u/GBB0SS	fmsla91	u/djsparkxx	fmrzm5m	C
2020-04-08 10:59:37.950153	u/NikosKan2004	fmslaaz	u/s1ibedr1ll	fmski5s	C
2020-04-08 10:59:47.751159	u/nothing_maybe	fmslalg	u/Colby-Zvingilas	fmsl2h0	C
