2020-04-07 11:00:23.003516	u/ERB100	fmoyvi3	u/loli-breaker	fmoyrt3	C
2020-04-07 11:00:43.096282	u/Shamfish	fmoyvrc	u/Paradox_Ghost5	fmon6hs	C
2020-04-07 11:00:57.006461	u/Faheemsarwar17	fmoyvva	u/Fantastic_Ostrich	fmoldl2	C
2020-04-07 11:01:33.524514	u/hobbes_shot_first	fmoywft	u/lalala88888	fmo4r5j	C
2020-04-07 11:01:55.044477	u/PulseSpear	fmoyx1t	u/toothed_mustard_jar	fmot6my	C
2020-04-07 11:02:09.454665	u/TheArtfenix	fmoyx7u	u/TuEnemigo	fmorl1y	C
2020-04-07 11:02:48.543393	u/unpleasant_mule	fmoyxvz	u/IsuckOnToes69	fmoytta	C
2020-04-07 11:03:26.879891	u/thedidynotkong	fmoyyhv	u/aakram2	fmovmvu	C
2020-04-07 11:03:43.503859	u/onionsinmypants	fmoyyrm	u/potatomaster57	fmoyp3c	C
2020-04-07 11:04:08.067086	u/Unkown_Legend	fmoyz6b	u/Ickygrabber	fmoxgdj	C
2020-04-07 11:04:22.264691	u/Maybe_not_a_chicken	fmoyzj8	u/spademanden	fmotcpu	C
2020-04-07 11:04:43.311882	u/mrfantastic123r	fmoz074	u/jacob1453	fmovitm	C
2020-04-07 11:05:01.426738	u/hobbes_shot_first	fmoz1cm	u/SusalulmumaO12	fmoaw90	C
2020-04-07 11:05:28.868738	u/Miss-Stunshine	fmoz21g	u/TheBazeur	fmoywxh	C
2020-04-07 11:05:46.494767	u/maxpolo10	fmoz2d6	u/LightningShiva1	fmopamf	C
2020-04-07 11:06:02.362512	u/pronoobot	fmoz2mj	u/potatomaster57	fmox189	C
2020-04-07 11:07:07.459256	u/terry-the-tanggy	fmoz3ck	u/Tjernobill	fmos1rj	C
2020-04-07 11:07:23.489725	u/Fox-One_______	fmoz3k1	u/areslashareslash	fmopwna	C
2020-04-07 11:07:48.338360	u/TypicalCrowAgain	fmoz4jc	u/DemigodInRavenclaw	fmow0zl	C
2020-04-07 11:08:34.941986	u/mad-cinnamon-toast	fmoz5om	u/yerrychow	fwfrf7	S
2020-04-07 11:08:56.131022	u/PancakeFace97	fmoz6qy	u/RepostSleuthBot	fmoz5bo	C
2020-04-07 11:09:25.951679	u/SkyDogie	fmoz7zs	u/bigthinkmemes69	fmoweut	C
2020-04-07 11:09:44.473267	u/AdzillaPrime	fmoz95t	u/JayKB_YT	fmoz6ea	C
2020-04-07 11:09:46.222805	u/flipper35376	fmoz96b	u/zboy101	fmoyz0d	C
2020-04-07 11:09:56.573512	u/DasherVIP	fmoz9tw	u/YeesterMcGeester	fmoz72j	C
2020-04-07 11:11:40.861929	u/AdzillaPrime	fmozbin	u/JayKB_YT	fmoza0q	C
2020-04-07 11:12:25.557662	u/2kenzhe	fmozcg5	u/Leolyboi	fmoxsmr	C
2020-04-07 11:13:34.225987	u/LucasTheMemeGod	fmozerm	u/LSL_NGB	fmokpqm	C
2020-04-07 11:17:19.955339	u/Fellow_Reddit_Guy	fmp18y1	u/badasshuh	fmo8i9c	C
2020-04-07 11:17:23.879360	u/Fyrethornes	fmp192o	u/Berocraft77	fmp0pf4	C
2020-04-07 11:18:10.983150	u/WheresMyLemonTree	fmp19rf	u/Cedric_Leroux	fmp0z64	C
2020-04-07 11:19:06.288277	u/komiks42	fmp1bbq	u/50schmeckleboobies	fmoeuco	C
2020-04-07 11:19:19.106876	u/The_Smug_Cat	fmp1bhy	u/bigthinkmemes69	fmon5li	C
2020-04-07 11:19:33.834155	u/lzyfuk	fmp1bwy	u/BBB-Roosta	fmp0f71	C
2020-04-07 11:19:37.966035	u/IJustSayK	fmp1c3t	u/KuzonFire11	fmp0tr0	C
2020-04-07 11:19:46.770127	u/SovietShithead	fmp1cm9	u/AdzillaPrime	fmoyn06	C
2020-04-07 11:19:57.630386	u/HowToDeadMeMe	fmp1d3r	u/ironicallymacaroni	fmp0v5q	C
2020-04-07 11:20:10.240515	u/confused-sentence	fmp1ddp	u/Ice_Buckets_Official	fmowayk	C
2020-04-07 11:22:34.803066	u/Frogadier_99	fmp1fwh	u/SamuelA513	fmp0xtp	C
2020-04-07 11:22:39.213993	u/10twinkletoes	fmp1fy1	u/ashbas22	fmori9u	C
2020-04-07 11:23:17.364890	u/rinobaugass	fmp1g9w	u/anne_c_rose	fmp14sk	C
2020-04-07 11:23:30.847881	u/Leafa_the_hunter	fmp1gc8	u/shiddy_alt_account	fmp18cz	C
2020-04-07 11:23:43.411376	u/HenryIsBatman	fmp1ggc	u/AcidNewports	fmn3bn1	C
2020-04-07 11:24:21.867606	u/Raiz134	fmp1guy	u/7_Cube	fmp12nh	C
2020-04-07 11:25:01.730558	u/IKeepOnWaitingForYou	fmp1hlz	u/imarkee	fmom6c8	C
2020-04-07 11:25:32.175450	u/VShadow1	fmp1i8w	u/LightningShiva1	fmopamf	C
2020-04-07 11:26:59.279736	u/masterofevil188	fmp1k0m	u/fortpro87	fmp0hgc	C
2020-04-07 11:27:12.178951	u/Swiggle45	fmp1k53	u/Dakemonster	fmp1hiz	C
2020-04-07 11:27:49.996991	u/mateiionut	fmp1kux	u/Jebsj	fmoeqs8	C
2020-04-07 11:27:54.531342	u/libertarian87	fmp1l22	u/jeffjefforson	fm0twt9	C
2020-04-07 11:28:26.233464	u/Crayonz4life	fmp1lqu	u/loopsbrother2903	fmozaqz	C
2020-04-07 11:29:14.726099	u/jackbaker6	fmp1mzv	u/Step_Switcher	fmnfu9m	C
2020-04-07 11:29:33.870656	u/talpino2005	fmp1ngx	u/elecric	fmowwpc	C
2020-04-07 11:29:35.952159	u/Elmos-Foreskin	fmp1nkz	u/theFLUFF131	fmp1ir5	C
2020-04-07 11:29:46.736721	u/TurtleGang1	fmp1nwx	u/LeenserThomas	fmp0b7g	C
2020-04-07 11:30:20.841840	u/Donkeyislifetbh	fmp1p8x	u/BoomToll	fmowycf	C
2020-04-07 11:34:34.626967	u/koldimon	fmp1tsw	u/Artulis	fmoyq0a	C
2020-04-07 11:35:14.827197	u/pluto4749	fmp1u54	u/Frogadier_99	fmp1fwh	C
2020-04-07 11:35:25.935612	u/Prestigious-Falcon	fmp1u6o	u/expedeel	fmp0a3f	C
2020-04-07 11:35:30.007647	u/Aengus126	fmp1u7j	u/KuzonFire11	fmowzv5	C
2020-04-07 11:36:27.090855	u/filiphak	fmp3g9u	u/Frogadier_99	fmp1fwh	C
2020-04-07 11:36:45.586472	u/TheDarkNerd10	fmp3h2l	u/Fake-DAIH	fmoln8x	C
2020-04-07 11:36:48.908046	u/Malik1744	fmp3hbc	u/SuperKitty69	fmp08qd	C
2020-04-07 11:36:52.860692	u/TourGuyBob	fmp3hjv	u/tegsaan	fmp25qj	C
2020-04-07 11:37:00.707110	u/PyroKaptain	fmp3hws	u/scoopywoopy123	fmp2m56	C
2020-04-07 11:37:13.941449	u/amchi_mumbai	fmp3i7i	u/loopsbrother2903	fmp36hc	C
2020-04-07 11:37:25.929110	u/Profezzor-Darke	fmp3isn	u/k4josiah	fmp0ydx	C
2020-04-07 11:37:32.255076	u/a_guy12398	fmp3j8t	u/Swagboi7	fmp0qsx	C
2020-04-07 11:37:44.515730	u/Caiejay	fmp3jir	u/Oversett-u-homofil	fmp2xf4	C
2020-04-07 11:37:52.445118	u/minecraft-lover2805	fmp3jnd	u/SomeHungryPeasant	fmohidw	C
2020-04-07 11:37:55.106768	u/Drralion	fmp3jqv	u/datboiJR	fmouz35	C
2020-04-07 11:38:12.720482	u/El-SheikhKS17	fmp3kgo	u/Seraphion91	fmp3ia4	C
2020-04-07 11:38:19.536542	u/AimBotMan	fmp3ksn	u/Sodafff	fmowonj	C
2020-04-07 11:38:46.932984	u/Gemkingler	fmp3m4e	u/Nugget-has-nuggets	fml7r26	C
2020-04-07 11:39:05.019080	u/FriedEggRolll	fmp3mqr	u/memezop	fmp3e1b	C
2020-04-07 11:39:06.971616	u/bigboiboomer	fmp3mqy	u/rexxore	fmp2xb9	C
2020-04-07 11:39:09.970864	u/tabersingh-thethird	fmp3mso	u/SoWokeIdontSleep	fmfnmyz	C
2020-04-07 11:39:46.403318	u/LifeIsSoup-IamFork	fmp3pcd	u/whatthefrickpeppa	fmoylq4	C
2020-04-07 11:39:48.868403	u/k_d_b_83	fmp3pka	u/Fireraptor99	fmorx05	C
2020-04-07 11:39:51.096964	u/ned_krelly	fmp3pxe	u/stuff-I-thota-o-stol	fmorrsp	C
2020-04-07 11:39:53.081332	u/Blutzmantarochen	fmp3q5m	u/JereomyA	fmp3d0t	C
2020-04-07 11:39:57.013602	u/RyanPot43	fmp3qkw	u/MMPranaav	fwjxt0	S
2020-04-07 11:40:13.063456	u/FusionKnight11	fmp3rpt	u/defohuman	fmow5gr	C
2020-04-07 11:40:58.574445	u/Novrev	fmp3t8h	u/VanashinGlory	fmoqmch	C
2020-04-07 11:41:17.125748	u/Bitxhlasagna	fmp3u7w	u/Irradiatedspoon	fmov0ye	C
2020-04-07 11:41:19.430404	u/JoJoker_Sama	fmp3u8b	u/Highshite	fmonqw1	C
2020-04-07 11:42:26.561145	u/Ayha_n57	fmp3wch	u/Lord_Darklight	fmoq2o1	C
2020-04-07 11:42:35.791580	u/LilPutin68	fmp3wok	u/Seraphion91	fmp324x	C
2020-04-07 11:42:41.268877	u/Catastrophine	fmp3wz2	u/LonnieBird	fmo337r	C
2020-04-07 11:43:25.903911	u/c00lkid-with-a-z	fmp3yef	u/unpleasant_mule	fmp1g43	C
2020-04-07 11:44:21.690226	u/overblown	fmp4013	u/KuzonFire11	fmowzv5	C
2020-04-07 11:44:45.508034	u/Alwaysbored_y	fmp411u	u/strangedr123	fmp3yae	C
2020-04-07 11:45:04.551181	u/bearwarrior25	fmp41vg	u/Cafsun12	fmp2krl	C
2020-04-07 11:45:27.123065	u/KekoProduction	fmp42dr	u/Ze_DUCC	fmp02mu	C
2020-04-07 11:45:31.090402	u/Emilis-Poc	fmp42h6	u/One_eyed_warrior	fmosjle	C
2020-04-07 11:45:51.665828	u/Moaning_Bees	fmp43bl	u/_blb	fmowp30	C
2020-04-07 11:45:59.463321	u/aphrim1	fmp43hx	u/Fireraptor99	fmorx05	C
2020-04-07 11:46:13.260209	u/Ender-Soldier	fmp44in	u/Obi-wanna-cracker	fmobdqm	C
2020-04-07 11:46:46.320867	u/Eric_Cartman-_-	fmp45mz	u/Manzar534	fmp3ygx	C
2020-04-07 11:46:49.811987	u/Hatter_The_Mad	fmp45rk	u/CyanCyborg-	fmp1p4u	C
2020-04-07 11:46:56.270418	u/Fabs1326	fmp4615	u/JazzistBoi402	fmok93j	C
2020-04-07 11:47:18.711133	u/th3h4ck3r	fmp46s0	u/Careful_Ant	fmodfpv	C
2020-04-07 11:47:20.479178	u/shuerintelectual	fmp46t0	u/Josiador	fmp3m9h	C
2020-04-07 11:47:31.619981	u/SirPepelangelo	fmp475s	u/DarlingCruel	fmoo179	C
2020-04-07 11:47:33.394415	u/Rohit-Pellakuru	fmp477t	u/Abhiramsiddanthi456	fmp41eb	C
2020-04-07 11:47:50.272661	u/Vittula	fmp47t8	u/theshooter5337	fmp17lb	C
2020-04-07 11:48:02.487108	u/Andr0ch-	fmp48b7	u/Seblington11	fmp40my	C
2020-04-07 11:48:24.205203	u/Stensreddit	fmp49jw	u/WDYMEANITSTAKEN	fmnwth8	C
2020-04-07 11:48:31.250241	u/Swing_Right	fmp49xi	u/loopsbrother2903	fmorwgm	C
2020-04-07 11:48:37.303218	u/lemonngirl	fmp4a7l	u/Noobster646	fmosxuh	C
2020-04-07 11:48:42.829846	u/DevRishit	fmp4akv	u/fgasctq	fmp1fbe	C
2020-04-07 11:49:44.956428	u/sexyengel	fmp4e6w	u/69updoot69	fmozufs	C
2020-04-07 11:49:47.292019	u/TechinBellevue	fmp4eb2	u/RANATANATA	fmp3sm3	C
2020-04-07 11:49:56.820330	u/oogaboogaboi69420	fmp4fhp	u/Rocky-6750-	fmp451k	C
2020-04-07 11:50:38.838093	u/TortueTeur	fmp4gi6	u/ItsYaBoiVanilla	fmp48k9	C
2020-04-07 11:50:47.401033	u/eastcoastpothead	fmp4gq0	u/audramurphy	fmp2hbl	C
2020-04-07 11:51:42.625503	u/bigkcid1469	fmp4j2q	u/volicloppo	fmp4gbn	C
2020-04-07 11:51:51.588463	u/Mirio-jk	fmp4jkm	u/kiIIcharge	fmp4gu6	C
2020-04-07 11:51:55.999328	u/Heressentialhand	fmp4jls	u/SquidzYT	fmodhs8	C
2020-04-07 11:52:43.217334	u/JR015	fmp4l0a	u/PyroKaptain	fmp3hws	C
2020-04-07 11:52:54.225568	u/The_G_Man_3	fmp4leb	u/Tyrondav-of-hypergat	fmoz3ea	C
2020-04-07 11:53:50.786933	u/tired-bitch-slap	fmp4nh9	u/OrangeSheep12	fmp1fzp	C
2020-04-07 11:54:06.232361	u/Chiashen	fmp4o5k	u/Tenyo666	fmoyllg	C
2020-04-07 11:54:57.109299	u/tired-bitch-slap	fmp4qa8	u/samsly142	fmoxhdm	C
2020-04-07 11:55:37.972434	u/King3562	fmp4rk2	u/WheresMyLemonTree	fmp19rf	C
2020-04-07 11:55:41.812590	u/chillin_iceBear	fmp4rnm	u/XB2006	fmp3p9f	C
2020-04-07 11:56:15.046976	u/TheRealVaporwaveKing	fmp4syg	u/tippybunny	fmoivg6	C
2020-04-07 11:56:27.625384	u/I3arbier	fmp4tgq	u/Vincenzo2007	fmoycmj	C
2020-04-07 11:57:09.682218	u/memes2makeusaywhy	fmp4usr	u/wobblesly	fmoskce	C
2020-04-07 11:57:13.256232	u/xataari	fmp4uy8	u/Emperor_Cheese	fmoye3j	C
2020-04-07 11:57:41.087902	u/superspartan186	fmp4wg1	u/RepostSleuthBot	fmp4lmb	C
2020-04-07 11:58:06.285880	u/Sully10592	fmp4xv5	u/Gasenos	fmp4d4d	C
2020-04-07 11:58:10.085730	u/DeReInCaRNaTeD1	fmp4y3g	u/loopsbrother2903	fmp4pui	C
2020-04-07 11:58:14.089068	u/Expensive_Pop	fmp4yar	u/DictatorOfEpicGame	fmoyt76	C
2020-04-07 11:58:16.512067	u/justlasagna	fmp4yek	u/CharmingWeight1	fwmmk4	S
2020-04-07 11:58:21.998515	u/MisterHipster375	fmp4yj9	u/Unique_name256	fmojwif	C
2020-04-07 11:58:26.885314	u/Kasperthaghxst	fmp4z4b	u/RepostSleuthBot	fmp4lrr	C
2020-04-07 11:58:31.807606	u/soformidable	fmp4zcc	u/anshumankr001	fmp1ca8	C
2020-04-07 11:59:08.933307	u/Brewlink	fmp51bv	u/JR015	fmp4l0a	C
2020-04-07 11:59:41.483990	u/fng_acidic	fmp53jh	u/Anonymous529YT	fmp4zxs	C
2020-04-07 11:59:44.265134	u/anonymous1s	fmp53tf	u/Topbutton6	fmouond	C
