2020-03-23 19:00:16.835064	u/gearheadcookie	flbgqgi	u/MegaMindBigBoi	flbfc0z	C
2020-03-23 19:00:48.690318	u/DoubleBrotherYT	flbgreo	u/OrionUniv	flbgo1x	C
2020-03-23 19:00:54.486028	u/C0lE06	flbgrip	u/ARC_3pic	flbfp3j	C
2020-03-23 19:00:59.592548	u/arham_sarawgi	flbgrm5	u/AutoModerator	flbfg5o	C
2020-03-23 19:01:17.150003	u/ReKaYaKeR	flbgrxp	u/Phylis420	flaz5gm	C
2020-03-23 19:01:24.178884	u/NoobusTheMaximus	flbgs3w	u/toad_with_gun	flag2jv	C
2020-03-23 19:01:30.421600	u/nomad4721	flbgs74	u/QuiccStacc	flb1blh	C
2020-03-23 19:02:02.175221	u/Sinister_Compliments	flbgt1c	u/TeamZoellaForever	flbcqpa	C
2020-03-23 19:02:17.137936	u/kajman_06	flbgtos	u/Naxynd	fl9cd46	C
2020-03-23 19:02:22.029049	u/black-creeper-gaming	flbgttn	u/Alexis-Aparicio	flbgh86	C
2020-03-23 19:02:27.977711	u/AndrewPatrickDent	flbgtxe	u/AutisticBeeArmada	flbaub7	C
2020-03-23 19:02:42.118330	u/bowl300jimbo	flbgu2a	u/Lucky_Lemon99	flawrqa	C
2020-03-23 19:02:44.454380	u/A_really_dumb_person	flbgu46	u/DamnedDeity	flbgpnc	C
2020-03-23 19:02:47.909174	u/RoTheHan	flbgu4x	u/Xploiter_RBLX	fla4fmk	C
2020-03-23 19:03:09.053725	u/Blastinatr	flbgv00	u/SunnyDankness	flafxu4	C
2020-03-23 19:03:17.826307	u/the1andonlyjoja	flbgvaa	u/Enan_Yrbolee	flbgsbt	C
2020-03-23 19:03:38.316330	u/nitpick7	flbgvml	u/lolxd777	flb3dbk	C
2020-03-23 19:03:52.003453	u/paukkuli	flbgvvi	u/UhmNotMe	flarfxf	C
2020-03-23 19:04:03.918679	u/MemeReeeeeeeeeeeee	flbgvzw	u/Fabian1822	flbb9k4	C
2020-03-23 19:04:11.432690	u/newpwdcannotbesame	flbgw66	u/Wolgemuth	flbekwe	C
2020-03-23 19:04:30.900875	u/Lully034	flbgwqy	u/InternationalEntropy	flb7a8a	C
2020-03-23 19:04:33.111499	u/ashlpaca	flbgwr8	u/AM2K2000	flbgjsz	C
2020-03-23 19:04:57.249171	u/Boyrista	flbgxco	u/chomperstyle	flbby8c	C
2020-03-23 19:05:01.016241	u/ABessa3Ds	flbgxgh	u/XxWaffles09xX	flbd4k6	C
2020-03-23 19:05:15.353588	u/xVladuo	flbgxs2	u/RepostSleuthBot	flbcfl1	C
2020-03-23 19:05:18.909298	u/DasHawt123	flbgy0p	u/AutoModerator	flasd00	C
2020-03-23 19:05:29.752322	u/Nomulite	flbgy90	u/xXx_coolusername420	flafjyw	C
2020-03-23 19:05:44.955734	u/silverfin426	flbgyks	u/GiornoGiovanna4444	flb9m8t	C
2020-03-23 19:06:01.497639	u/Kilplan3	flbgz3p	u/Wilhelm_Der_Erste	flb9pfb	C
2020-03-23 19:06:03.451608	u/swerzy206	flbgz4h	u/arham_sarawgi	flbgw2g	C
2020-03-23 19:06:05.374368	u/i_am_a_rectangle	flbgz53	u/TheAllKnowingCharles	flb35e6	C
2020-03-23 19:06:13.758956	u/GassyGru	flbgzmd	u/iProbablyHadWork	flbfcs6	C
2020-03-23 19:06:21.806016	u/B-TARD-EXE	flbgzvr	u/Genimyth	flbc0u6	C
2020-03-23 19:06:29.113194	u/vikevikevire	flbh009	u/black-creeper-gaming	flbgee8	C
2020-03-23 19:06:45.510191	u/sgtramos15	flbh0ib	u/VibrantWolfy	flbg6cb	C
2020-03-23 19:07:04.019559	u/PainingRain	flbh0wq	u/KabeYPL	flbgpk3	C
2020-03-23 19:07:13.104614	u/analcanalm8	flbh11p	u/MegaMindBigBoi	flbfc0z	C
2020-03-23 19:07:14.840420	u/tommys234	flbh11q	u/Darkwolf768	flbdpb9	C
2020-03-23 19:07:36.451100	u/_S_P_Y_D_E_R_	flbh1vg	u/dylan_k24	flb9c68	C
2020-03-23 19:07:40.626712	u/TheRealNotJared	flbh1yv	u/dylpickle4	flbgip2	C
2020-03-23 19:07:46.659312	u/ShrekFather	flbh2em	u/AutoModerator	flanv9y	C
2020-03-23 19:07:59.120765	u/flip1999-	flbh2w8	u/Haroondotkom	fladsyc	C
2020-03-23 19:08:11.192523	u/pickle-chin-boi6969	flbh3bm	u/eLynxz	fl9eg1b	C
2020-03-23 19:08:19.175582	u/stinkyfart23	flbh3tc	u/ProfessorChaos573	flaydnl	C
2020-03-23 19:08:25.006110	u/Umanresu	flbh3y1	u/swerzy206	flbg8ol	C
2020-03-23 19:08:30.694516	u/flip1999-	flbh42u	u/Haroondotkom	fladsyc	C
2020-03-23 19:09:10.987568	u/HerculesMonster	flbh6q1	u/space10101	flaximb	C
2020-03-23 19:09:12.926641	u/davidddexe	flbh6s7	u/classypenquin002	flazeag	C
2020-03-23 19:09:16.592195	u/undeadhamster11	flbh71t	u/legendarykale	flba0hy	C
2020-03-23 19:09:23.159224	u/WalleyWayne	flbh79b	u/Muffin2002	flb4fhm	C
2020-03-23 19:09:26.497149	u/gupy5979	flbh7dn	u/chmits	flaxn8m	C
2020-03-23 19:09:28.041167	u/Bokenza	flbh7hh	u/LuigiBoi42	flaxkbd	C
2020-03-23 19:09:47.323843	u/themoonmuppet	flbh8jc	u/Scarlette_Wolfe124	flbh345	C
2020-03-23 19:09:48.982520	u/pidgetyboi	flbh8rq	u/Fractorc	flaeyai	C
2020-03-23 19:09:53.493287	u/23Royce	flbh8yj	u/ItsNotARubiksCube	flb9fif	C
2020-03-23 19:09:54.206535	u/OscarTheAbuser	flbh8zd	u/miscellaneous88	flbad8d	C
2020-03-23 19:10:16.507758	u/HW_HelloWorld	flbha1g	u/miscellaneous88	flbad8d	C
2020-03-23 19:10:19.024982	u/Quivis	flbha56	u/theindian007	flapgqg	C
2020-03-23 19:10:23.240473	u/pidgetyboi	flbha6b	u/pidgetyboi	flbh8rq	C
2020-03-23 19:10:38.595806	u/LazyAfHippo	flbhaqj	u/Crispy-Apple	fla19v4	C
2020-03-23 19:11:03.330729	u/nickandmarty	flbhboj	u/rwils926	flb52lq	C
2020-03-23 19:11:14.790529	u/fnafiscool1	flbhbux	u/non_parlo_italiano	flbh60u	C
2020-03-23 19:11:19.825631	u/sydney0906	flbhbxp	u/Toftnetz	flbfkr5	C
2020-03-23 19:11:51.876416	u/TheRealDarthVader55	flbhcvh	u/ProfessorChaos573	flaydnl	C
2020-03-23 19:11:55.853171	u/Cobra_69420	flbhcw8	u/Buttergolem_420	flbdmrt	C
2020-03-23 19:12:24.862003	u/ssss7777abxyzc	flbhdev	u/theredditmark	flawe0f	C
2020-03-23 19:12:36.896666	u/UltraNice69420	flbhdqn	u/SoleSurvivor-2277	fl5t00i	C
2020-03-23 19:12:40.597689	u/soukaixiii	flbhdsi	u/MrFr0stycave	flbbyfy	C
2020-03-23 19:12:43.956732	u/ssss7777abxyzc	flbhdvh	u/DmMacniel	flawzls	C
2020-03-23 19:12:49.330752	u/Berto_the_great_king	flbhdzx	u/RepostSleuthBot	flatfae	C
2020-03-23 19:13:03.354951	u/ssss7777abxyzc	flbhebi	u/Murasaki-wasaji	flaxokd	C
2020-03-23 19:13:13.053137	u/I_indeed_like_pasta	flbhei4	u/analcanalm8	flbh11p	C
2020-03-23 19:13:23.818464	u/ssss7777abxyzc	flbheon	u/ebonyhalo	flay714	C
2020-03-23 19:13:25.973836	u/RenRyderRites	flbhepc	u/Just-a-Passerby_	flb54vo	C
2020-03-23 19:13:34.653377	u/Guyshu	flbhex8	u/Tamborin2	flarat9	C
2020-03-23 19:13:36.877957	u/Thabet_69	flbhey7	u/CristolerGm	flbg6jn	C
2020-03-23 19:13:55.019119	u/Kr3n0xX	flbhfek	u/FBI-is-here-	flbgulc	C
2020-03-23 19:13:58.390256	u/CommunistBoba	flbhfhn	u/AutoModerator	flakrg5	C
2020-03-23 19:14:07.222168	u/NaruSakufanso6p	flbhfwh	u/JoeyE-101	flb7afe	C
2020-03-23 19:14:09.230755	u/ssss7777abxyzc	flbhfwo	u/JeroenStark	flaypwe	C
2020-03-23 19:14:19.412293	u/Augustp04	flbhgbc	u/Jermainejgenas	flatq6v	C
2020-03-23 19:14:22.570014	u/ssss7777abxyzc	flbhge8	u/L1LN1BB4	flaze93	C
2020-03-23 19:14:28.894257	u/kalebthetitan	flbhghk	u/ProfessorChaos573	flaydnl	C
2020-03-23 19:14:34.248092	u/Pisam16	flbhgo8	u/Fabian1822	flb9z6r	C
2020-03-23 19:14:37.298116	u/ssss7777abxyzc	flbhgur	u/SamCrawford69	flb4z6p	C
2020-03-23 19:14:41.168589	u/InfantileDuke44	flbhgvo	u/PotatoRear	flbd5l9	C
2020-03-23 19:15:20.816225	u/KGB_Destroyer	flbhhmh	u/razerblaz3r	flbfplu	C
2020-03-23 19:15:35.325587	u/Drachenreiter12	flbhi7v	u/booklover67	flbfrpi	C
2020-03-23 19:15:44.035093	u/Speakerbox_blast	flbhih8	u/Nanokill42	flavmqd	C
2020-03-23 19:15:47.882587	u/Chase0148	flbhipw	u/dovedevic	fl2izeo	C
2020-03-23 19:15:51.994783	u/rocker230	flbhis9	u/swiggityswag_420	flb9xtv	C
2020-03-23 19:16:15.288459	u/Joolezroolez	flbhjdy	u/jivixi	flaylua	C
2020-03-23 19:16:44.715847	u/I_like-memes-	flbhk99	u/chrisl_003	flbbtrw	C
2020-03-23 19:16:59.234515	u/longlegs1331	flbhkgi	u/FURYEQUALSM4	flay5ek	C
2020-03-23 19:17:14.976135	u/TheUslessMemer	flbhl9b	u/artic05breeze	flbb54w	C
2020-03-23 19:17:19.110273	u/Robot-TaterTot	flbhlcv	u/kubsonson	flbhjaq	C
2020-03-23 19:17:21.644860	u/AsianReflexes	flbhlf4	u/gratefulrex	flazkw2	C
2020-03-23 19:17:28.219280	u/unrolledtooearly	flbhlrd	u/Vslashans	flasjlg	C
2020-03-23 19:17:31.715995	u/DEFIANT27	flbhlw5	u/uhtred73	flbeu8q	C
2020-03-23 19:17:33.332334	u/FullMoonLulu	flbhlww	u/the-wild-ravine	flacxyl	C
2020-03-23 19:17:35.040054	u/Kamehamehala	flbhly1	u/Letsgochamp290103	flb5ilu	C
2020-03-23 19:17:39.519035	u/Japanese_Bobtail	flbhm0h	u/FURYEQUALSM4	flay5ek	C
2020-03-23 19:17:58.236214	u/Raider-Inc	flbhmls	u/Benni1204	flaoemn	C
2020-03-23 19:18:04.418380	u/iluvsmeerkats	flbhn1y	u/Xploiter_RBLX	flao5qu	C
2020-03-23 19:18:05.952718	u/Collrafa	flbhn3w	u/LnM-Reds	flaq7mj	C
2020-03-23 19:18:15.790192	u/Yellowkitnen	flbhnil	u/CristolerGm	flbfcif	C
2020-03-23 19:18:17.377784	u/Laurasaur28	flbhnl2	u/Ice-Juice1	flbc78i	C
2020-03-23 19:18:25.912499	u/AtariPitfall	flbhnw1	u/Billy_T_Wierd	flbhlm2	C
2020-03-23 19:18:36.622842	u/iSwallowCumBoi	flbho6e	u/Xploiter_RBLX	flap06p	C
2020-03-23 19:18:54.315867	u/MK100-BG	flbir8j	u/Text2CommentAwards	flbfoyn	C
2020-03-23 19:19:07.638846	u/ewebetchya	flbis0l	u/Potatotheooflord	fl5ewkn	C
2020-03-23 19:19:14.755539	u/mini-laddd	flbis81	u/fualtyzane	flb0ry0	C
2020-03-23 19:19:21.689667	u/PandaMan017	flbisds	u/Donnafe0_0	flbglls	C
2020-03-23 19:19:24.398508	u/NotVladimirR	flbisfo	u/RivenTheAhamkara	flbipr7	C
2020-03-23 19:19:25.824310	u/SellMeYourDunks	flbishj	u/Jermainejgenas	flawf3a	C
2020-03-23 19:19:30.903328	u/dd-mm-yy-isbetter	flbisrb	u/fualtyzane	flbioam	C
2020-03-23 19:19:38.095508	u/Recnacetahi	flbit3l	u/OrionUniv	flbik1c	C
2020-03-23 19:19:40.138658	u/PretzelPunch1	flbit8p	u/Genimyth	flb2dr8	C
2020-03-23 19:19:46.546557	u/Karen_Taker_Of_Kids	flbitdg	u/HotKentuckyFriedFuck	flaoowo	C
2020-03-23 19:20:03.582326	u/dankanese	flbiups	u/40zToFreedom	flbg7pn	C
2020-03-23 19:20:07.308595	u/MR_cuijpers	flbiuu5	u/MyAutisticBoi	fl9jq97	C
2020-03-23 19:20:36.839753	u/SquidPersonThing	flbivfx	u/PrimeParzival	flbbn9s	C
2020-03-23 19:20:39.322622	u/Shreks_Chronicles	flbivhu	u/AutoModerator	fla48p7	C
2020-03-23 19:20:49.947083	u/heheboi_07	flbivry	u/woooooshifgay69	flb66sd	C
2020-03-23 19:22:15.272922	u/About_72_Ninjas	flbiy32	u/ellitr	flbgjmw	C
2020-03-23 19:22:22.999402	u/adokkanplayer	flbiyd0	u/ToxicTaxiYT	flbghlm	C
2020-03-23 19:22:52.307439	u/PERPAL689	flbiyz8	u/craygoyo	flbgpbv	C
2020-03-23 19:22:57.338544	u/ire4ever1190	flbiz03	u/MrKrabs13	fl9pg1j	C
2020-03-23 19:23:13.462227	u/Joko2090	flbizjb	u/Timo_Tim	flbf0eq	C
2020-03-23 19:23:24.900233	u/valjm	flbizp4	u/gamer_vegie	flbir5v	C
2020-03-23 19:23:34.909912	u/Jmacpimpdaddy12	flbizvl	u/Xploiter_RBLX	flas76o	C
2020-03-23 19:23:37.269593	u/WhiteNibba777	flbizxz	u/leaderofthevirgins	flbire4	C
2020-03-23 19:23:42.877151	u/TerrifyingVisions	flbj02v	u/RIZLEMON	flaxigp	C
2020-03-23 19:23:57.321386	u/WeetNeet	flbj0ff	u/De5perad0	flaive3	C
2020-03-23 19:24:11.777903	u/rafana22	flbj0p0	u/Lordtygon	flbe96i	C
2020-03-23 19:24:13.922431	u/bigboiman26788888	flbj0rf	u/ChristianSoldier777	flabrkl	C
2020-03-23 19:24:19.635028	u/cort_cort	flbj0uu	u/Ice-Juice1	flbivj5	C
2020-03-23 19:24:23.584738	u/xX_Darthyo_Xx	flbj0zd	u/Potatotheooflord	flbg1qo	C
2020-03-23 19:24:34.599027	u/Joko2090	flbj18r	u/Gingerbread_Matt	flbe3f1	C
2020-03-23 19:24:39.626126	u/YaBoiTTT	flbj1cq	u/hotdoghumans	fl9ztpo	C
2020-03-23 19:24:48.462467	u/spicyeggsonegg	flbj1h5	u/AutoModerator	flbi94a	C
2020-03-23 19:25:01.645980	u/CheapAsRamenNoodles	flbj1sc	u/chomperstyle	flbdw9d	C
2020-03-23 19:25:11.885711	u/TheGuyWhoKnowsNoses	flbj2b4	u/Fabian1822	flb9z6r	C
2020-03-23 19:25:15.056495	u/fanTACHEtic	flbj2gl	u/JoeyE-101	flbhzbl	C
2020-03-23 19:25:37.125106	u/Pkmnmasteramo	flbj3gx	u/ioofedmyslef	flawkyp	C
2020-03-23 19:25:41.876750	u/Adidasboy07	flbj3t0	u/dylpickle4	flbit60	C
2020-03-23 19:26:00.390706	u/coelhoman	flbj4nt	u/Hypererra	flbafin	C
2020-03-23 19:26:29.347561	u/billybobbrownie	flbj5jf	u/Lordtygon	flbeboq	C
2020-03-23 19:26:37.302193	u/SilasImmortal	flbj67a	u/bloockbloock	fl9knpg	C
2020-03-23 19:26:42.335424	u/Wisdom_dog-	flbj6fg	u/valjm	flbj5k6	C
2020-03-23 19:26:50.684366	u/sulphra_	flbj6ws	u/Fabian1822	flb9z6r	C
2020-03-23 19:26:54.242891	u/wolfy189	flbj6xy	u/TheWeirdEmoKid	flbgve6	C
2020-03-23 19:26:56.803668	u/CheapAsRamenNoodles	flbj744	u/Nick3333333333	flab7yi	C
2020-03-23 19:27:04.670473	u/NatePvPs	flbj7ck	u/RepostSleuthBot	flauz1b	C
2020-03-23 19:27:07.226825	u/human-existing	flbj7eb	u/AutoModerator	flagf7y	C
2020-03-23 19:27:35.998251	u/Amliko	flbj8io	u/Xploiter_RBLX	flanxv0	C
2020-03-23 19:27:41.573434	u/beanjablast	flbj8jm	u/Fabian1822	flbb9k4	C
2020-03-23 19:27:55.155982	u/Plumbus23	flbj918	u/TheAllKnowingCharles	flat1yp	C
2020-03-23 19:27:56.849691	u/HungryHungryHitler69	flbj91z	u/JakeTheSandMan	flbiyl8	C
2020-03-23 19:28:02.584948	u/RagedOpossum	flbj9hd	u/ZbrojovkaBRNO	flbe4ly	C
2020-03-23 19:28:05.014866	u/goldenexperience6	flbj9k6	u/Joko2090	flbj18r	C
2020-03-23 19:28:07.169648	u/petethebuilder604	flbj9lp	u/dirtyslogans	flbinqd	C
2020-03-23 19:28:08.783708	u/Sistum	flbj9os	u/joker1329	flaze1g	C
2020-03-23 19:28:10.235681	u/squids123	flbj9ql	u/plipyplop	flb1vdn	C
2020-03-23 19:28:13.389300	u/Exotic_Rein	flbj9yp	u/Xploiter_RBLX	flas76o	C
2020-03-23 19:28:26.411882	u/used123456	flbjaml	u/ManixDash	flbiw39	C
2020-03-23 19:28:31.955795	u/YTDamian	flbjax3	u/Sennomo	flbacrq	C
2020-03-23 19:28:33.423329	u/MebelOgrodowy	flbjaze	u/Synth131	flbe71v	C
2020-03-23 19:28:44.833505	u/LinxEu	flbjbdb	u/ReKaYaKeR	flbgrxp	C
2020-03-23 19:28:46.866707	u/Shreklover889988	flbjbfh	u/olimassey123	flazpqr	C
2020-03-23 19:28:48.780224	u/biep_boop_man	flbjbj5	u/used123456	flbjaml	C
2020-03-23 19:28:51.810347	u/MarcMuffin	flbjbnz	u/Agent_Awesememe	flbbpue	C
2020-03-23 19:28:59.657552	u/Emotional-Eagle	flbjc6e	u/HaRa0000	flaunmq	C
2020-03-23 19:29:03.285176	u/D_E_P_R_E_S_S_O	flbjc8a	u/1BLEES	flb7p9g	C
2020-03-23 19:29:12.802639	u/beansballs	flbjchj	u/XxEleanoraXx	flb7pp1	C
2020-03-23 19:29:30.067065	u/crabthemighty	flbjd9w	u/kubsonson	flbaynn	C
2020-03-23 19:29:38.143683	u/Strike2145	flbjdst	u/NotVladimirR	flbisfo	C
2020-03-23 19:29:48.521202	u/toucansanch	flbjeje	u/Dovalek	flbe8f8	C
2020-03-23 19:29:52.670294	u/AFreakinTaco	flbjekj	u/ProfessorChaos573	flaydnl	C
2020-03-23 19:29:53.335118	u/Nicklal	flbjela	u/XxWaffles09xX	flbieqo	C
2020-03-23 19:30:04.460302	u/Ness_Dreemur	flbjeye	u/iamjoe1994	fla9mdx	C
2020-03-23 19:30:24.481750	u/AFreakinTaco	flbjfeu	u/Fabian1822	flb9z6r	C
2020-03-23 19:30:29.468987	u/Just_another_User666	flbjfik	u/C3DU	flbfz9m	C
2020-03-23 19:30:33.022883	u/AUtoMaTicGUnsHoT	flbjfls	u/Charlieatetheworld	flaya0r	C
2020-03-23 19:30:37.974573	u/Possumjones	flbjfo9	u/LuiP02	flbikst	C
2020-03-23 19:30:50.644945	u/MRR101	flbjfww	u/ProfessorChaos573	flaydnl	C
2020-03-23 19:30:57.947693	u/half_eaten_waffle	flbjfyv	u/Drachenreiter12	flbhi7v	C
2020-03-23 19:31:00.546159	u/JohnnyEm11	flbjfzp	u/notkhaos	flbda21	C
2020-03-23 19:31:11.035514	u/WeAreButStardust	flbjg9u	u/Blarsnir	flb3gbr	C
2020-03-23 19:31:21.767874	u/Frozen1100	flbjggt	u/davidddexe	flbh6s7	C
2020-03-23 19:31:25.268186	u/katsenkat	flbjgiw	u/red46932	flbfvzv	C
2020-03-23 19:31:34.644292	u/chamwao	flbjgsq	u/simon1625	flbaobs	C
2020-03-23 19:31:54.888955	u/shield-616	flbjh9g	u/alftrazign	flbda9l	C
2020-03-23 19:32:00.643172	u/glyph_23	flbjhez	u/immortalshadows4334	flbivnx	C
2020-03-23 19:32:06.606010	u/have-a-gr8-day	flbjhoi	u/fualtyzane	flbfuhu	C
2020-03-23 19:32:25.574070	u/sponge-the-bobert	flbji2e	u/biep_boop_man	flbjbj5	C
2020-03-23 19:32:54.248124	u/Normyies	flbjiqc	u/Boboglobo69	flbjgx8	C
2020-03-23 19:32:57.799044	u/have-a-gr8-day	flbjiv1	u/fualtyzane	flbfuhu	C
2020-03-23 19:33:10.457195	u/lil_hamst3r	flbjj2p	u/CryptedMayhem	flaq4wz	C
2020-03-23 19:33:15.381010	u/matbpro	flbjj49	u/immortalshadows4334	flbja8m	C
2020-03-23 19:33:26.011577	u/foureyedsloth	flbjjm9	u/fualtyzane	flbiktx	C
2020-03-23 19:33:44.132809	u/Tomahawkist	flbjk0t	u/KGB_Destroyer	flbhhmh	C
2020-03-23 19:34:06.032489	u/limeis-win	flbjkic	u/OrnageMadness141	flasurt	C
2020-03-23 19:34:12.744476	u/QlassicX	flbjkla	u/Getete	flb4zjc	C
2020-03-23 19:34:20.929554	u/MateDePessego	flbjks6	u/awildzachappeared	flb5kui	C
2020-03-23 19:34:24.370529	u/Future_Studio	flbjku0	u/PlantsNotPeople	flarmtc	C
2020-03-23 19:34:30.345849	u/sinister_toaster	flbjkwm	u/TheAllKnowingCharles	flat1yp	C
2020-03-23 19:34:33.465920	u/thepixelnat	flbjkyn	u/MrTouchy17	fl8pzi7	C
2020-03-23 19:34:45.958909	u/ShalnarksPhone	flbjlcs	u/WoLF-ScrubDaddy	flakr5j	C
2020-03-23 19:35:01.631931	u/Its_Ya_Boi_Lava	flbjloo	u/LinkBrecken	flb8g2h	C
2020-03-23 19:35:05.661161	u/Billy_Madison69	flbjlr9	u/JoeyE-101	flbhzbl	C
2020-03-23 19:35:08.888372	u/Halos42	flbjlyz	u/immortalshadows4334	flbivnx	C
2020-03-23 19:35:20.026101	u/pedrobuenoT	flbjm3w	u/Fabian1822	flb9z6r	C
2020-03-23 19:35:40.690212	u/The_Dapperbot	flbjmiv	u/RepostSleuthBot	flbiq54	C
2020-03-23 19:35:42.591518	u/YerBoiCinamon	flbjmj9	u/Drachenreiter12	flbhi7v	C
2020-03-23 19:36:00.764470	u/snozborn	flbjndn	u/MK100-BG	flbir8j	C
2020-03-23 19:36:16.151682	u/Flying_Shrek69	flbjns7	u/NotVladimirR	flbisfo	C
2020-03-23 19:36:38.477417	u/thisdistancehurts	flbjo4w	u/Xploiter_RBLX	fla5nxz	C
2020-03-23 19:36:51.701833	u/jacksavage706	flbjogz	u/coelhoman	flbj4nt	C
2020-03-23 19:36:53.563134	u/pl4yer_0n3	flbjoh9	u/Veganes_Schnitzel	flayucb	C
2020-03-23 19:36:56.062575	u/trainboyben	flbjohq	u/Reditovan	fl9nr26	C
2020-03-23 19:36:58.607062	u/Pessimisticks	flbjok6	u/NotVladimirR	flbisfo	C
2020-03-23 19:37:16.346632	u/Kayestee	flbjp3m	u/Kayesevy	flbik3e	C
2020-03-23 19:37:26.913685	u/Bane_SRB	flbjpd1	u/Xploiter_RBLX	fla7lu5	C
2020-03-23 19:37:29.264211	u/0GBullet	flbjpgr	u/_zikin_	flao01k	C
2020-03-23 19:37:30.809665	u/fredlllll	flbjpj8	u/sponge-the-bobert	flbji2e	C
2020-03-23 19:37:32.435855	u/_helkian_	flbjppd	u/godzilla_for_leader	flbfb7v	C
2020-03-23 19:37:34.734835	u/DizzyDeezler	flbjpqs	u/Mayassco	flb9m8f	C
2020-03-23 19:37:45.604646	u/AzeTyler	flbjpup	u/BigBrain0987654321	flb6rqo	C
2020-03-23 19:37:48.044615	u/ForbiddenPie	flbjq06	u/MagicElf10	flbeoy0	C
2020-03-23 19:37:50.246939	u/Dead_Kemist	flbjq22	u/ProfessorChaos573	flaydnl	C
2020-03-23 19:37:52.568207	u/Donglick02	flbjq43	u/fualtyzane	flb0xw4	C
2020-03-23 19:37:59.710196	u/blazingwildbill	flbjq62	u/Aaron-Cook-467	flbezy6	C
2020-03-23 19:38:08.214903	u/DizzyDeezler	flbjq9y	u/it_you_irl	flb9jym	C
2020-03-23 19:38:09.627922	u/subwaymanager	flbjqat	u/RivenTheAhamkara	flbipr7	C
2020-03-23 19:38:11.338743	u/QueenShaman	flbjqb5	u/RivenTheAhamkara	flbipr7	C
2020-03-23 19:38:13.529482	u/ugandanWaterdog	flbjqe0	u/Antscannabis	fnsj03	S
2020-03-23 19:38:20.353687	u/thisdistancehurts	flbjqii	u/Luker0303	flap5f5	C
2020-03-23 19:38:24.461886	u/Musano45	flbjqp8	u/Aaron-Cook-467	flbezy6	C
2020-03-23 19:38:28.760822	u/Starboss10YT	flbjqtk	u/skittlesboat	flbenaj	C
2020-03-23 19:38:49.731856	u/c3nzen	flbjs0k	u/fortnitename69	flbbwhk	C
2020-03-23 19:38:58.834273	u/1nkaz	flbjs4n	u/Memerchild	flayoji	C
2020-03-23 19:39:09.291215	u/thepupitz	flbjscj	u/Tru_Drone_Videos	flal0yb	C
2020-03-23 19:39:10.365554	u/Paulius697	flbjscn	u/Crazybones1990	flbftam	C
2020-03-23 19:39:16.510716	u/redneck_fish	flbjspw	u/-Adrix_5521-	flb9j9c	C
2020-03-23 19:39:38.154455	u/Inevitable_Impact	flbju5i	u/ProfessorChaos573	flaydnl	C
2020-03-23 19:39:47.552449	u/Daddy_Dev1to	flbjuof	u/SUPAHST4R	flb1a7p	C
2020-03-23 19:39:48.262217	u/TurtleTheMurtle01	flbjuqs	u/AutoModerator	flanu2w	C
2020-03-23 19:39:52.911863	u/Bigsnekgirl	flbjuvv	u/Aaron-Cook-467	flbezy6	C
2020-03-23 19:39:58.927592	u/Tanzer1776	flbjvfd	u/BeingTheBest101	flbfbry	C
2020-03-23 19:39:59.595039	u/Massive_Rubber_Duck	flbjvkg	u/undignified_cabbage	flbd49c	C
2020-03-23 19:40:26.302839	u/snypergame	flbjwqo	u/miscellaneous88	flbad8d	C
2020-03-23 19:40:44.672348	u/cantpickname97	flbjx13	u/_Timinator_	fl879st	C
2020-03-23 19:40:55.668000	u/DionysusGame	flbjxaa	u/lazydonkey25	flb1puj	C
2020-03-23 19:41:29.451840	u/PixelTreason	flbjxsm	u/sadomasochrist	flb244y	C
2020-03-23 19:41:42.024437	u/TempestMaelstrom	flbjy8y	u/redditfag66	flb2gcl	C
2020-03-23 19:41:50.841729	u/jaxsotsllamallama	flbjybu	u/Flying_Shrek69	flbjns7	C
2020-03-23 19:42:03.072196	u/Abuv	flbjyjj	u/fanTACHEtic	flbj2gl	C
2020-03-23 19:42:05.656721	u/IWS04	flbjyjs	u/razerblaz3r	flbfplu	C
2020-03-23 19:42:17.119719	u/ImprobabilityCloud	flbjz2h	u/Kind-Pop	fl3zlqu	C
2020-03-23 19:42:19.359271	u/PickleMickey	flbjz3m	u/PainingRain	flbh0wq	C
2020-03-23 19:42:58.323360	u/elvis20072	flbl3wm	u/_lifeline_	fla2bn0	C
2020-03-23 19:43:03.850044	u/Shyyness_	flbl40h	u/lazydonkey25	flb811u	C
2020-03-23 19:43:35.442897	u/KilledOver	flbl4t3	u/unrolledtooearly	flbhlrd	C
2020-03-23 19:43:37.668903	u/NaruSakufanso6p	flbl4uh	u/A_really_dumb_person	flbkgtk	C
2020-03-23 19:43:41.560487	u/Noetipanda	flbl51n	u/420_I_inhale_wedd_69	flb4eew	C
2020-03-23 19:43:50.248510	u/a-desperate-username	flbl584	u/AutoModerator	flbkjaz	C
2020-03-23 19:44:01.062621	u/explosivetrashbin	flbl5s4	u/Its_Not_My_Spaghetti	flbl27i	C
2020-03-23 19:44:11.707647	u/DarkReign2011	flbl692	u/NomNomJohn	flbjmkt	C
2020-03-23 19:44:25.833769	u/megamindeliteset	flbl71a	u/WoLF-ScrubDaddy	flakr5j	C
2020-03-23 19:44:35.293990	u/coxpox	flbl7fz	u/Elucidate137	flbjblc	C
2020-03-23 19:44:38.356247	u/Xendryc	flbl7ig	u/BlockHunter12Sjs	flbc2l0	C
2020-03-23 19:44:40.481229	u/pokefan1234543	flbl7ij	u/Shreklover889988	flbjpqx	C
2020-03-23 19:44:45.022963	u/StormWolf49	flbl7ly	u/IAmYoDaddyDuh	flbdng5	C
2020-03-23 19:44:47.961342	u/b_anan_as	flbl7o2	u/Jack_HMMR	fl7ur63	C
2020-03-23 19:44:50.990161	u/0hEmBee	flbl7re	u/Normyies	flaskwk	C
2020-03-23 19:45:06.973544	u/Akuus	flbl87s	u/alex_15012_	flb0coy	C
2020-03-23 19:45:13.079389	u/BadTrashPanda	flbl8i8	u/PainingRain	flbh0wq	C
2020-03-23 19:45:41.939421	u/BloonsPopper_-	flbl9hg	u/Hazelnut212	flbgqv6	C
2020-03-23 19:45:50.527881	u/Another-Was-Taken	flbl9ws	u/TiMe-FoR-a-CrUsaDe-	flagxyl	C
2020-03-23 19:45:56.646980	u/enclave47	flbla1i	u/dudepool22	fl5nl2s	C
2020-03-23 19:46:21.456043	u/TheCandyMan02	flblaib	u/Dragonballfan1234	flbieqp	C
2020-03-23 19:46:31.742135	u/Xendryc	flblatc	u/BlockHunter12Sjs	flbl9jf	C
2020-03-23 19:46:39.417897	u/MrsTargaryen01	flblb2l	u/AzeTyler	flbjpup	C
2020-03-23 19:46:42.029025	u/swishified	flblb7y	u/Tru_Drone_Videos	flapatx	C
2020-03-23 19:46:43.828934	u/Tushker	flblb8g	u/glyph_23	flbjo27	C
2020-03-23 19:46:55.319678	u/Idontlike_yourjokes	flblbjf	u/Justin_General	flbaptr	C
2020-03-23 19:47:16.686588	u/Seisme1138	flblcnw	u/Tru_Drone_Videos	flbj713	C
2020-03-23 19:47:22.516773	u/bugatini	flblcxx	u/doodlebob6000	flbdjsu	C
2020-03-23 19:47:46.171075	u/Rofle44	flbldxn	u/Ahsasin	flbl6e7	C
2020-03-23 19:48:20.045585	u/Pill_U	flblf4i	u/toaster_bath_bitch	flbftnl	C
2020-03-23 19:48:25.930981	u/m00dy_	flblfnv	u/oranmajar	flbkrd3	C
2020-03-23 19:48:42.963282	u/MsDresden9ify	flblgz8	u/justjoe1964	fl9fgpx	C
2020-03-23 19:49:04.656752	u/broansnalgas69	flblhzv	u/__Emer__	fl9q3wk	C
2020-03-23 19:49:06.589875	u/SmacBookPro	flbli2y	u/Trate-oof-a-kind	flbkyu6	C
2020-03-23 19:49:14.258249	u/Stevied1991	flblikz	u/Sightblinder240	flaw8li	C
2020-03-23 19:49:18.611514	u/levitation77	flbliuu	u/kriegsmen	flawqkm	C
2020-03-23 19:49:21.419990	u/PienappleJuice	flblj3a	u/space10101	flbgki6	C
2020-03-23 19:49:27.983884	u/villagergolem	flbljfn	u/dovedevic	fl2izeo	C
2020-03-23 19:49:29.469066	u/Lammasaur	flblji5	u/c0ppy3at	flb6sqr	C
2020-03-23 19:49:31.073035	u/H20Dev	flbljoa	u/IfuM52	flae93e	C
2020-03-23 19:49:39.032523	u/ScripterV1	flblkbj	u/Krypton_36_	flb6t7l	C
2020-03-23 19:49:40.487600	u/Radiactive_Kittens	flblkc9	u/CatOkay	flbd2sv	C
2020-03-23 19:49:48.095955	u/prinhope	flblkpg	u/40zToFreedom	flbg7pn	C
2020-03-23 19:49:53.605078	u/maliniak_	flbll6y	u/leave-my-arsenal-	flblhk1	C
2020-03-23 19:49:54.233966	u/DIOnys02	flbll7n	u/Tru_Drone_Videos	flapatx	C
2020-03-23 19:50:12.401781	u/Limerick1232	flblm6f	u/Sushal_Stha	flawvp0	C
2020-03-23 19:50:23.594487	u/dust-fur	flblmre	u/Antrooper	flad98z	C
2020-03-23 19:50:27.462275	u/The_Waddles69	flblmrw	u/Just-a-Passerby_	flb54vo	C
2020-03-23 19:51:35.327410	u/ThatBoiYoshi	flblot6	u/Dave30954	flbebta	C
2020-03-23 19:51:41.310855	u/WowSuchEmptyBluh	flblp0w	u/ephkart	flb3e5k	C
2020-03-23 19:51:59.731316	u/Nitrammcfly	flblpmj	u/UltraNice69420	flbljs4	C
2020-03-23 19:52:06.036327	u/-Mtn-	flblpwg	u/dovedevic	fl2izeo	C
2020-03-23 19:52:19.126957	u/nutty_pigeon	flblq8b	u/Nosyrbnomah	flbdszj	C
2020-03-23 19:52:41.200170	u/endgame302	flblqoq	u/Frozen1100	flbjggt	C
2020-03-23 19:52:56.776876	u/andtimme11	flblr5g	u/BadTrashPanda	flbl8i8	C
2020-03-23 19:53:29.389954	u/AU197nugget	flblrvd	u/VirtualNK	flah13r	C
2020-03-23 19:53:33.956530	u/chibi-dio	flblrzy	u/Xploiter_RBLX	fla55kt	C
2020-03-23 19:54:18.599078	u/VergilSDT	flblt6j	u/DizzyDeezler	flblq26	C
2020-03-23 19:54:24.396998	u/meesa-jar-jar-binks	flbltbz	u/Getete	flb4zjc	C
2020-03-23 19:55:07.870624	u/stevaas	flbluef	u/memelord2-7	flblisy	C
2020-03-23 19:55:15.279028	u/etha2007	flbluoh	u/AnActualGod1	fl98we2	C
2020-03-23 19:55:28.347365	u/AFK_Scopes	flblv17	u/c3nzen	flbkwi4	C
2020-03-23 19:55:38.874373	u/DrittenDva	flblvex	u/CristolerGm	flbi9i9	C
2020-03-23 19:56:06.439630	u/GoForNJ	flblwm6	u/A_really_dumb_person	flbjcr1	C
2020-03-23 19:56:16.235226	u/Plumberjimmy	flblwzc	u/Draxik20	flbdhue	C
2020-03-23 19:56:28.892307	u/NullAberration	flblx45	u/Fudge-Boi	flblvy6	C
2020-03-23 19:56:36.365966	u/enrique-	flblxfe	u/ProfessorChaos573	flaydnl	C
2020-03-23 19:56:46.000314	u/Garbintro183	flblxht	u/oo-d	flawadq	C
2020-03-23 19:56:49.242054	u/TexacanLit	flblxjt	u/Ceereearkee	flbg8fk	C
2020-03-23 19:57:04.163625	u/kbnplays	flblxwr	u/TeamZoellaForever	flbcqpa	C
2020-03-23 19:57:12.353093	u/IPostIronicComments	flbly99	u/RepostSleuthBot	flblt6v	C
2020-03-23 19:57:18.227960	u/6791595	flblyg7	u/AutoModerator	flblrzc	C
2020-03-23 19:57:34.368990	u/Kearaslau	flblz2x	u/Peachy_Bubble	flafpen	C
2020-03-23 19:57:39.961236	u/TheRichburger	flblzbm	u/SmacBookPro	flblsx8	C
2020-03-23 19:57:53.800021	u/Tukebonez1	flblzxb	u/TowingLife	flbahum	C
2020-03-23 19:57:57.549127	u/BmxDrugLord	flbm02u	u/HardAlmond	flbbll1	C
2020-03-23 19:57:59.166702	u/Siebiscut	flbm060	u/H20Dev	flblmao	C
2020-03-23 19:58:17.979065	u/Forward_Job	flbm0x0	u/space10101	flbgki6	C
2020-03-23 19:58:20.282331	u/Yogerd	flbm0zo	u/ThatFurryBlitz	flbkzoo	C
2020-03-23 19:58:23.932539	u/HagridTheSoviet	flbm1a6	u/Xploiter_RBLX	fla7lu5	C
2020-03-23 19:58:29.968446	u/truetatman	flbm1h8	u/Mohammad-Taleb	flb2b2k	C
2020-03-23 19:58:31.363142	u/sarcastic-worm-boi	flbm1je	u/A_really_dumb_person	flbixll	C
2020-03-23 19:58:56.018716	u/Jcrouse83	flbm2pp	u/PienappleJuice	flblj3a	C
2020-03-23 19:58:57.824745	u/chakibdebesp	flbm2rp	u/RivenTheAhamkara	flb8kjq	C
2020-03-23 19:59:04.694398	u/battleman1xx	flbm2vm	u/zmichaud666	flblg4q	C
2020-03-23 19:59:17.193150	u/hungry144	flbm3au	u/RivenTheAhamkara	flbipr7	C
2020-03-23 19:59:21.131256	u/arandombeing	flbm3dn	u/Joko2090	flbj18r	C
2020-03-23 19:59:26.356324	u/Mortatore	flbm3m6	u/Darkwolts	flbhd9c	C
2020-03-23 19:59:27.354757	u/Daddy__Boi	flbm3m8	u/yeetthedespaceet	flb15rs	C
2020-03-23 19:59:37.429056	u/ITriedI	flbm433	u/TheAllKnowingCharles	flb2wou	C
2020-03-23 19:59:46.287726	u/Supertroit	flbm4yy	u/YouAreASuckUp	flb7qbh	C
2020-03-23 19:59:52.950726	u/AWER200	flbm5mi	u/XxWaffles09xX	flbieqo	C
2020-03-23 19:59:55.168076	u/MrFanFiction	flbm5wc	u/Mohammad-Taleb	flb2b2k	C
