2020-04-17 01:00:17.281510	u/rvill651	fnnq0b5	u/LasagnaBits	fnmwb32	C
2020-04-17 01:00:39.955507	u/wrathfulcobra6	fnnq1d1	u/Darkhuman015	fnnp7bk	C
2020-04-17 01:00:45.762397	u/MLGTASEEN	fnnq1ht	u/Shaarsp	fnnkvyq	C
2020-04-17 01:01:10.670407	u/Carp3l	fnnq2g9	u/E_McPlant_C	fnnk2s7	C
2020-04-17 01:01:41.061802	u/paper802	fnnq3ci	u/YoshiNino49	fnnpk7g	C
2020-04-17 01:02:04.263260	u/Stakik013	fnnq45t	u/xXN8Th3Gr8Xx	fnmekny	C
2020-04-17 01:03:22.550168	u/RockYourWorld31	fnnq78s	u/Metra5DS	fnn2ig7	C
2020-04-17 01:04:40.710669	u/WaitWhat294747	fnnqam9	u/delete_soul	fnnking	C
2020-04-17 01:04:48.096533	u/peepeelmao-	fnnqaxx	u/TheOfficialRan	fnnfgr4	C
2020-04-17 01:04:53.413337	u/dxraemxn	fnnqb9z	u/nick_gur420	fnnlq7y	C
2020-04-17 01:05:00.735628	u/Okinawalingerer	fnnqbqc	u/Spaghoochiemama	fnndufx	C
2020-04-17 01:05:31.712176	u/s1eve_mcdichae1	fnnqcm1	u/GrendelNightmares	fnnmlde	C
2020-04-17 01:05:51.358115	u/MegaRayQuaza126	fnnqd7x	u/Spooky_Maniac	fnnjo5f	C
2020-04-17 01:05:58.588214	u/miha68419	fnnqdfw	u/Nader_K1d	fnnnu2p	C
2020-04-17 01:06:36.988432	u/K4faro	fnnqeoq	u/bananakiwi777	fnm8q21	C
2020-04-17 01:06:41.376008	u/LenniePen	fnnqeyx	u/Shaggy_Poop	fnlvp96	C
2020-04-17 01:06:45.894053	u/Barat3940	fnnqezs	u/UncleRetard	fnnq4gc	C
2020-04-17 01:07:23.717204	u/CartoonishINC	fnnqhkw	u/Peanutreddits	fnmqxab	C
2020-04-17 01:07:25.484877	u/ig-atxbryan2x	fnnqhlf	u/LasagnaBits	fnmwb32	C
2020-04-17 01:07:40.641892	u/Von-Gizmo	fnnqi8f	u/LasagnaBits	fnmwb32	C
2020-04-17 01:07:46.936854	u/GiganticFootShoulder	fnnqih5	u/bash_the_first	fnnd2i3	C
2020-04-17 01:08:39.800703	u/Cool8Noah8	fnnqk87	u/Saracre21	fnnmfvs	C
2020-04-17 01:09:24.614039	u/elotte	fnnqopp	u/AutoModerator	f96itfk	C
2020-04-17 01:09:41.377982	u/younappayougetslappa	fnnqpg8	u/SeperiorGT	fnnocl1	C
2020-04-17 01:09:57.739516	u/mike561991	fnnqra4	u/angelv180	fnnotbc	C
2020-04-17 01:10:15.277352	u/CollinMason19	fnnqslw	u/anakalia256	fnndlzw	C
2020-04-17 01:11:25.148798	u/chris_software	fnnqui8	u/Ilikeoreos47	fnnowsd	C
2020-04-17 01:11:38.552150	u/ElektroP4nda	fnnquw6	u/-somethingnotfunny-	fnn51wm	C
2020-04-17 01:11:47.248845	u/Ezolder	fnnqvbr	u/BlueFlamer3624	fnnqks4	C
2020-04-17 01:11:57.503071	u/WolfyLiv	fnnqwdr	u/paper802	fnnq3ci	C
2020-04-17 01:12:05.471996	u/jgreenshields4554	fnnqwfh	u/treehuggingcarnivore	fnnnvaf	C
2020-04-17 01:13:10.177649	u/wuzea123	fnnqz4h	u/silverhoe	fnnqsmf	C
2020-04-17 01:13:57.241581	u/Anime-Guy69	fnnr18h	u/JigTheFig	fnnqx6u	C
2020-04-17 01:14:18.947322	u/copg1997	fnnr28e	u/LasagnaBits	fnmwb32	C
2020-04-17 01:14:22.553369	u/Chief-of-Thought-Pol	fnnr2al	u/rhannahmontana	fnn77p8	C
2020-04-17 01:15:05.944599	u/zsauere	fnnr3i1	u/Kindred22	fnnpe8z	C
2020-04-17 01:15:12.492575	u/monkey-----	fnnr3wb	u/mmmmbeepbeepbeepbeep	fnnr1dz	C
2020-04-17 01:15:19.619427	u/MrMrMinorDoxge	fnnr43m	u/Cool8Noah8	fnnqk87	C
2020-04-17 01:15:25.405707	u/Z-perm	fnnr47t	u/Dark-memes-ha	fnnqji5	C
2020-04-17 01:15:28.373716	u/Sanoj_153	fnnr4hn	u/80085_Sucker69	fnnqypu	C
2020-04-17 01:15:58.428957	u/Kizunafist	fnnr5mq	u/Hades2393	fnn9bcr	C
2020-04-17 01:16:33.772258	u/derpreso	fnnr7te	u/Geraminus	fnn68jf	C
2020-04-17 01:17:58.685964	u/Kat12340	fnnraxo	u/N-E-B	fnn61lg	C
2020-04-17 01:18:16.428455	u/thepinkeri	fnnrbjt	u/Captn-smak-a-hoe	fnngne5	C
2020-04-17 01:18:17.996792	u/SilencioPeroRuidos	fnnrblo	u/JovanReddit4556	fnn7wq9	C
2020-04-17 01:18:26.147355	u/LeddSledd	fnnrbs5	u/BigBeardie215	fnn09wh	C
2020-04-17 01:18:28.536230	u/Live-Taco	fnnrbvc	u/DeathviaMilk	fnmn5n0	C
2020-04-17 01:19:56.733139	u/Nunya_Bizn	fnnrg6k	u/silverhoe	fnnrabu	C
2020-04-17 01:19:58.998403	u/aldine_jolson	fnnrgkh	u/therealgarr	fnnpyy0	C
2020-04-17 01:20:02.244933	u/Hay_Den330	fnnrgvg	u/misterllama24	fnnco16	C
2020-04-17 01:22:02.630894	u/imjusthere2observe	fnnrll1	u/ulmajht	fnnnklm	C
2020-04-17 01:22:44.461306	u/SentyFunBall	fnnrnj9	u/Atomic_Duck556	fnnr612	C
2020-04-17 01:22:55.572396	u/loganfullstop	fnnrnsi	u/K3R3G3	fnn2q6j	C
2020-04-17 01:22:59.873983	u/_SgtCerberus_	fnnrnwi	u/DestroyerAce14	fnnrhx2	C
2020-04-17 01:24:00.739240	u/thecurioususer	fnnrqm7	u/judesantose	fnnidhr	C
2020-04-17 01:24:30.532598	u/karbonkel1	fnnrrc8	u/Business-Avocado	fnnhrey	C
2020-04-17 01:25:04.294538	u/VitoPettito	fnnrsh8	u/LasagnaBits	fnmwb32	C
2020-04-17 01:25:23.871112	u/ihugtrees91	fnnrtgr	u/CaptainDrog0	fnnlkkz	C
2020-04-17 01:25:42.389501	u/natemace	fnnrtvt	u/BlueExorzist	fnn4g86	C
2020-04-17 01:25:59.282534	u/jgreenshields4554	fnnruxt	u/Chris-P	fnnl5v3	C
2020-04-17 01:26:09.058988	u/TheDoctorIsN	fnnrv9c	u/darkwulf1	fnnmifj	C
2020-04-17 01:26:48.541767	u/tobiasbeeecher	fnnrx9b	u/PfaceMedia	fnnlogt	C
2020-04-17 01:27:15.784780	u/NoMeDeCotorra	fnnrybq	u/poneill2014	fnlxqid	C
2020-04-17 01:27:21.334863	u/TotesAPlatypus	fnnrys0	u/Blank_Cipher	fnnfuka	C
2020-04-17 01:27:23.212642	u/SourpatchStoner	fnnrywj	u/Gucchi-2815	g2vdum	S
2020-04-17 01:27:26.527203	u/hemansteve	fnnryxl	u/Cabnbeeschurgr	fnnk53b	C
2020-04-17 01:27:57.520986	u/baked_potato_punk	fnns0jk	u/scullscan	fnnp0y3	C
2020-04-17 01:28:04.836267	u/weesti	fnns0ux	u/Doubletap-v02	fnnkqre	C
2020-04-17 01:28:11.033013	u/WildBear2186	fnns0wu	u/vorsky92	fnnesdt	C
2020-04-17 01:28:29.361829	u/MEGALKS	fnns1t7	u/M1cha4lZ	fnniyhp	C
2020-04-17 01:28:35.557346	u/RiskyGutz	fnns2g4	u/chris_software	fnnqui8	C
2020-04-17 01:28:58.246791	u/Ir0X	fnns361	u/ryanthebamboo	fnne1oi	C
2020-04-17 01:29:12.695898	u/UsefulScheme4ever	fnns3wr	u/iseackc	fnn27qw	C
2020-04-17 01:29:13.983929	u/Felzitos	fnns3xw	u/Slyonix_	fnnpfx4	C
2020-04-17 01:29:16.008862	u/PrimateOfGod	fnns41j	u/TheRealSmolt	fnnheq5	C
2020-04-17 01:29:36.336016	u/dom_bul	fnns50h	u/LePetiteSiren	fnn1jaw	C
2020-04-17 01:29:53.025576	u/LonewolfStarts	fnns6rr	u/Chung_bungus	fnnjyhk	C
2020-04-17 01:29:59.583761	u/lol_no_u69	fnns79x	u/mr-memesss	fnnoikc	C
2020-04-17 01:30:20.187948	u/RealQuickHelp	fnns7ri	u/invertedzombie12	fnnibqb	C
2020-04-17 01:30:23.656770	u/NootNoot42069666	fnns7tc	u/PranayNighukar	fnmmx64	C
2020-04-17 01:30:56.799481	u/thewannabewriter1228	fnns8xh	u/BurningFlex	fnns312	C
2020-04-17 01:31:06.569986	u/UsefulScheme4ever	fnns91j	u/flying-cowsss	fnnghhs	C
2020-04-17 01:31:48.284241	u/Undead_General	fnnsasf	u/GenmaiChai	g2v1h2	S
2020-04-17 01:31:51.481824	u/g_w_f	fnnsasl	u/AFatPieceOfGarbage	fnmri5z	C
2020-04-17 01:32:14.290472	u/-Rhan-	fnnsbj8	u/stupido_kiddo	fnmog7c	C
2020-04-17 01:32:26.427823	u/Haroboi	fnnsbq7	u/JscJake	fnnefxq	C
2020-04-17 01:32:51.104022	u/seanathanWaters	fnnsck6	u/Doubletap-v02	fnnkqre	C
2020-04-17 01:32:56.637245	u/Tired_SouI	fnnscna	u/IT-WAS-ME-DIO19	fnnrja3	C
2020-04-17 01:33:18.087161	u/g_w_f	fnnsd9l	u/Marleni02	fnnlcwj	C
2020-04-17 01:33:47.478469	u/Haroboi	fnnsdz7	u/STUFF416	fnnkx4y	C
2020-04-17 01:33:49.589901	u/KeshasRainbow	fnnsdzy	u/bigdickcheney2k	fnn83k7	C
2020-04-17 01:33:58.635582	u/IIArchBishopII	fnnsecn	u/jamtart99	fnns9kp	C
2020-04-17 01:34:03.857882	u/The_gay_turtle	fnnsei9	u/Akronym-A	fnnrc6f	C
2020-04-17 01:34:28.473526	u/Spliff_Politics	fnnsfkx	u/blunts_and_waffles	fnns5o8	C
2020-04-17 01:34:32.399118	u/Louka3000	fnnsfna	u/T3Chnological14	fnnsbd0	C
2020-04-17 01:35:11.380787	u/Yoli_Beatz	fnnsh0j	u/I_Fucked_A_Barbie	fnnrjxp	C
2020-04-17 01:35:56.577300	u/reignduck	fnnsiwz	u/blunts_and_waffles	fnnsh6p	C
2020-04-17 01:36:12.789476	u/somothunder	fnnsje2	u/VoidrenRed	fnnsgyh	C
2020-04-17 01:36:54.813170	u/richardra1114	fnnu1h1	u/CLowe2614	fnnt5tc	C
2020-04-17 01:37:02.002044	u/chiefneh	fnnu1o1	u/b1g_Pp	fnnc7r7	C
2020-04-17 01:37:15.918435	u/UnseenCapybara	fnnu23e	u/UnoReverseCard8722	fnm6btj	C
2020-04-17 01:37:25.241365	u/AnansiGD	fnnu29s	u/danbo_the_manbo	fg3tjcd	C
2020-04-17 01:37:46.308458	u/Vigorous_Camel	fnnu3b5	u/SaltyBoyLogan	fnnu1o7	C
2020-04-17 01:38:25.986183	u/haikal2k1	fnnu4z3	u/Hoodedmaniac_360	fnnoggh	C
2020-04-17 01:38:36.974772	u/Nicevxaucehere	fnnu56v	u/Doubletap-v02	fnnkqre	C
2020-04-17 01:39:15.757710	u/Eric97Padres	fnnu6we	u/TenTerabyte	g2vto2	S
2020-04-17 01:39:16.965822	u/SA_Pine	fnnu6x2	u/windrunner1996	fnn51l0	C
2020-04-17 01:39:20.958849	u/SA_Pine	fnnu7f7	u/ImLigma	fnn88nb	C
2020-04-17 01:39:26.131808	u/Inspectorbobo	fnnu7s7	u/AspireBreak	fnmkxx5	C
2020-04-17 01:39:40.118821	u/TexManc	fnnu8ai	u/_Wubawubwub_	fnnt8mk	C
2020-04-17 01:39:42.825590	u/Greedybloke	fnnu8gm	u/AK24ROCKS	fnnu6hh	C
2020-04-17 01:39:49.426723	u/SA_Pine	fnnu8pj	u/JackswatLL	fnniadc	C
2020-04-17 01:39:57.967328	u/grilled_feet	fnnu9cb	u/losttachyon	flc8j29	C
2020-04-17 01:40:47.875664	u/welton_rs	fnnubad	u/Jeynarl	fnnsykg	C
2020-04-17 01:40:51.170267	u/G-Man577	fnnubb7	u/Spaghoochiemama	fnndufx	C
2020-04-17 01:41:25.494687	u/Neon-Nightblade	fnnuc25	u/ScratchyG	fnn3uox	C
2020-04-17 01:41:39.897878	u/zeke992_	fnnuces	u/Artygnat	fnntz7n	C
2020-04-17 01:41:58.830343	u/temporaldimension	fnnucui	u/ItsYaBoiBiggie65	fnmebrb	C
2020-04-17 01:42:49.814476	u/ForeverSinful	fnnuem3	u/LasagnaBits	fnmwb32	C
2020-04-17 01:42:55.073170	u/Dat-annoying-kid	fnnueou	u/UnendingVortex	fnntg8u	C
2020-04-17 01:43:31.450339	u/PerlHarborWsAInsdJob	fnnufkl	u/TrueDmc	fnnueb2	C
2020-04-17 01:43:49.890282	u/BobisBuilder	fnnug62	u/RepostSleuthBot	fnnr3cb	C
2020-04-17 01:44:02.696696	u/carro179	fnnughq	u/SA_Pine	fnnu7f7	C
2020-04-17 01:45:09.572213	u/doctherocketman	fnnuih9	u/The_Mental_Pharaoh	fnkag36	C
2020-04-17 01:45:14.851927	u/crabmeat64	fnnuim6	u/good_boi_bot	fnnucha	C
2020-04-17 01:45:30.456780	u/Ace-of-clubs-	fnnuj84	u/SA_Pine	fnmlvji	C
2020-04-17 01:46:06.748810	u/Mosttoast078	fnnul92	u/injailgamingYT	fnnsy9s	C
2020-04-17 01:46:09.494292	u/JimmyHasAPistol	fnnulak	u/Someoneexplainsajoke	fnnujs5	C
2020-04-17 01:46:19.477543	u/StarsTony	fnnulm3	u/Saqiillies	fnlqz6v	C
2020-04-17 01:46:28.049422	u/CraftingVerse	fnnultc	u/------James------	fnno1d5	C
2020-04-17 01:46:40.474770	u/c0llin_	fnnum7b	u/gexun	fnnhh08	C
2020-04-17 01:47:12.202448	u/kokonutking-	fnnuncp	u/premdaiya16	fnk61pp	C
2020-04-17 01:47:40.133327	u/REDHEADRYAN	fnnuont	u/Yeetblep	fnnron1	C
2020-04-17 01:47:44.203848	u/Paradoxer5	fnnuoth	u/Galaver1	fnnudfp	C
2020-04-17 01:48:07.637268	u/EthanPhan	fnnupla	u/JohnFromSteam	fnnj3p5	C
2020-04-17 01:48:15.670290	u/carro179	fnnuptx	u/Baked_Beansss	fnn6lb8	C
2020-04-17 01:48:31.605593	u/QAZSWED	fnnuqjp	u/heyunotuu	fnnqe02	C
2020-04-17 01:48:53.726080	u/SalRoma	fnnurm9	u/iJuStArNDoM	fnmkpxx	C
2020-04-17 01:49:02.108651	u/QAZSWED	fnnus8d	u/0utcazt	fnn5ttt	C
2020-04-17 01:49:15.810466	u/AintyDwarf	fnnusuu	u/MMaalouf108140	fnnps80	C
2020-04-17 01:49:22.692686	u/gabeenglert	fnnut40	u/gospo_gospo	fnnpjfc	C
2020-04-17 01:49:27.989067	u/MyDogDori	fnnut98	u/Noah-Brinson15	fnnulsj	C
2020-04-17 01:49:31.406529	u/Insane_Pineapple6	fnnutfk	u/zrndo	fnm2xai	C
2020-04-17 01:49:46.976703	u/PresidentBeast	fnnuupa	u/Vampierkonijn	fnlqxn0	C
2020-04-17 01:49:51.245205	u/AintyDwarf	fnnuuv6	u/D-money420	fnnsywm	C
2020-04-17 01:49:57.405415	u/Fireflowerbloom58	fnnuvkc	u/bigbadbillyy	fnno0zp	C
2020-04-17 01:50:00.110317	u/Thumbs981	fnnuvs7	u/CyanideCult	fnnkil8	C
2020-04-17 01:51:22.468478	u/Amino-Jack	fnnuyq4	u/xuey-s	fnn5o2i	C
2020-04-17 01:51:54.264734	u/Wolfy2dolfy	fnnuzi6	u/milo_hobo	fnnhg3r	C
2020-04-17 01:52:15.794327	u/Raefer	fnnuzv8	u/M1cha4lZ	fnniyhp	C
2020-04-17 01:52:37.035472	u/UwU_Slurpee	fnnv11l	u/WashYourEyesTwice	fnnuw3m	C
2020-04-17 01:54:11.944659	u/BigG7615	fnnv5ay	u/LasagnaBits	fnmwb32	C
2020-04-17 01:54:39.454519	u/sharKing_prime	fnnv6xl	u/LasagnaBits	fnmwb32	C
2020-04-17 01:54:49.556367	u/Powerknight64	fnnv78c	u/Alien_777	fnno7pk	C
2020-04-17 01:55:19.042583	u/Anglebears2523	fnnv7xs	u/Akronym-A	fnnrc6f	C
2020-04-17 01:55:38.981935	u/twitchtwotch69	fnnv8mi	u/DaHerv	fnnv7d7	C
2020-04-17 01:56:18.614500	u/Noramctavs	fnnv9o0	u/jermnstell	fnk7rg9	C
2020-04-17 01:56:20.526322	u/rangerfelis	fnnv9wd	u/ass-holes	fnkc680	C
2020-04-17 01:56:35.909475	u/earthcrystalius1234	fnnvaas	u/satt47	fnntyb0	C
2020-04-17 01:56:52.916654	u/Noramctavs	fnnvaxs	u/GreyGooseSlutCaboose	fnk6ukf	C
2020-04-17 01:57:07.822948	u/slightlylizard9	fnnvbdd	u/Kitbazz	fnn8zvd	C
2020-04-17 01:57:12.739806	u/AnimusTheFox	fnnvbj6	u/twelve-lights	fnnuni4	C
2020-04-17 01:57:46.497982	u/Fire_Rifle	fnnvd0y	u/byquestion	fnnty8r	C
2020-04-17 01:58:23.284276	u/RealDK99	fnnvekf	u/Ice-Bear2000332	fnnq2qg	C
2020-04-17 01:58:32.720725	u/Mollusc6	fnnvf0e	u/AintyDwarf	fnnunc6	C
2020-04-17 01:58:42.237785	u/mauster178	fnnvfp5	u/Dingo247	fnnveb7	C
2020-04-17 01:58:45.034370	u/Overused_Anus	fnnvfvr	u/AK24ROCKS	fnnv2fr	C
2020-04-17 01:58:53.708590	u/Saw-Sage_GoBlin	fnnvg3f	u/Benny_Jain	fnngukm	C
2020-04-17 01:58:57.556360	u/Itsace334	fnnvg8q	u/T-80UStronk	fnnhq8s	C
2020-04-17 01:59:13.397766	u/dekufan2472	fnnvh03	u/Mag0_Suprem0_2	fnlu84l	C
2020-04-17 01:59:22.353186	u/Itsace334	fnnvh9w	u/PhaseOneClone	fnnhjhn	C
2020-04-17 01:59:38.715396	u/dekufan2472	fnnvi0x	u/heyisthisnametoolong	fnlr7vd	C
2020-04-17 01:59:48.747891	u/izameamario	fnnvixk	u/Respect_Paying_Bot	fnne559	C
