2020-04-14 12:00:13.832965	u/Loslann	fndyml3	u/Its_Slinky	fndxyo1	C
2020-04-14 12:01:03.602303	u/DrLucky4Ever	fndynqb	u/UsefulBerry1	fndyjck	C
2020-04-14 12:01:13.753932	u/Denver_Stylee	fndyo9k	u/RepostSleuthBot	fndyk6d	C
2020-04-14 12:03:23.992611	u/Hawks7fan	fndyr5u	u/ahmedmohammedd	fndyboj	C
2020-04-14 12:03:26.380099	u/aidanpro037	fndyr7f	u/jeltobeest	fndyq4e	C
2020-04-14 12:04:10.422656	u/itzbrucebanner	fndysdv	u/SparXs13542	fndyfsi	C
2020-04-14 12:04:12.551310	u/RexahenS_	fndysgs	u/t0ast3r_b4th	fnduqez	C
2020-04-14 12:04:31.758145	u/bluesushi	fndytd1	u/Frick1977	fndymo1	C
2020-04-14 12:04:51.755996	u/NerdHummingbird	fndytza	u/ExtensionRegular1	fndxt1o	C
2020-04-14 12:04:53.844564	u/Willziac	fndytzl	u/azrulqos	fndqssj	C
2020-04-14 12:05:02.533686	u/ChixelRT	fndyu4w	u/HitlersTeddyBear	fndwfwu	C
2020-04-14 12:05:13.809307	u/only_bruv	fndyucu	u/GrumpySunset	fndw9tc	C
2020-04-14 12:05:39.787516	u/Bossatonix02	fndyv5a	u/Bruh_Bot_	fndteva	C
2020-04-14 12:05:44.035311	u/Whaledemort69	fndyv78	u/YourMomGay202	fndxrau	C
2020-04-14 12:05:46.868623	u/SillySquirtle5	fndyv7d	u/imperial-germany3	fndyoj6	C
2020-04-14 12:05:55.674167	u/mike-the-best	fndyvhz	u/R3D_S7RYK3R	fndr3xp	C
2020-04-14 12:06:47.890676	u/Christof_Ley	fndyx6n	u/warframefan420	fndxavi	C
2020-04-14 12:07:18.128304	u/warpath204	fndyy7m	u/AWSMxx	fndwrxv	C
2020-04-14 12:07:24.815593	u/Boostio123	fndyyb5	u/collinnator5	fndo608	C
2020-04-14 12:07:49.065116	u/El_TiBiscuits	fndyzb6	u/ClawDoo91	fndyuiv	C
2020-04-14 12:08:25.108064	u/perg92	fndz0nu	u/Sofia_864	fndsq6k	C
2020-04-14 12:08:48.903815	u/jassem-jj	fndz1it	u/DonnyExiles	fndyygn	C
2020-04-14 12:08:51.316283	u/JJ__Loser	fndz1me	u/pyramix8	fndw1ae	C
2020-04-14 12:09:09.689363	u/MeVsVader	fndz2d8	u/Squidmen879	fndyy6l	C
2020-04-14 12:09:18.032980	u/Goofierknot	fndz2re	u/Hawks7fan	fndyr5u	C
2020-04-14 12:09:26.244320	u/Electropop-1	fndz36o	u/PhatShet	fndv0ug	C
2020-04-14 12:09:51.347942	u/Pink_Chipmunk	fndz4i0	u/Namor0123	fndjr34	C
2020-04-14 12:09:55.389379	u/CaffenatedS	fndz4n7	u/H1TLER_WAS_GOOD	fndz3d0	C
2020-04-14 12:10:09.156011	u/pedroordo3	fndz539	u/qveebee	fndep7q	C
2020-04-14 12:10:22.933927	u/VibeBOT	fndz5dp	u/EvenAH27	fndulyx	C
2020-04-14 12:11:00.854159	u/mrpotter2008	fndz5z2	u/DonnyExiles	fndyygn	C
2020-04-14 12:11:09.666361	u/whitewavefour	fndz6ae	u/SuperAnonymous287	fndwy1b	C
2020-04-14 12:11:16.610229	u/it-be-red	fndz6c5	u/blueeggsandwaffles	fnd5y5h	C
2020-04-14 12:12:05.081644	u/Bangman69	fndz7it	u/JakeLegacy	fndrikj	C
2020-04-14 12:12:19.241708	u/CasualUser1682	fndz812	u/piapiepine	fndxq2u	C
2020-04-14 12:12:30.146044	u/GoldenGenesis42069	fndz8f2	u/Infinite303	fndy0ym	C
2020-04-14 12:12:45.677044	u/whitejesus98	fndz8y4	u/maybe_it	fnc9grl	C
2020-04-14 12:13:12.340817	u/superjonasty	fndz9li	u/JustKebab	fndt9q3	C
2020-04-14 12:13:52.678517	u/LeGoatMaster	fndzazf	u/SuperTC06	fndwzv1	C
2020-04-14 12:15:19.247689	u/27handbones	fndzcva	u/Didactikos	fndt3cd	C
2020-04-14 12:15:21.324979	u/Jonny-Mac420	fndzcvq	u/Pinky1010	fndik9e	C
2020-04-14 12:15:50.933188	u/emomusicfreak	fndzdk1	u/AWSMxx	fndwrxv	C
2020-04-14 12:15:55.632417	u/eraklusmos	fndzdrr	u/JadeZen	fndwmmg	C
2020-04-14 12:15:58.901400	u/rose__c	fndzdsm	u/jotainpuuta	fnd6gj6	C
2020-04-14 12:16:22.353010	u/MyDickIsAPotato	fndzehg	u/Artonioo	fndqfqw	C
2020-04-14 12:16:27.062283	u/yorickthellama	fndzekl	u/JayyFisher2018	fndyamz	C
2020-04-14 12:16:34.028213	u/SneakyEyeblechUser	fndzew1	u/dbozz135	fndjsxm	C
2020-04-14 12:16:38.277714	u/SuumCuique1011	fndzf4k	u/atehate	fndz3gh	C
2020-04-14 12:16:45.813597	u/wsalo08	fndzfc1	u/GunnMemeing	fndyltq	C
2020-04-14 12:16:49.463860	u/Sizable_Legend	fndzfd5	u/Lemonnite_nite	fndwncw	C
2020-04-14 12:16:52.884491	u/steveHarrington_	fndzff0	u/ruzgarerik	fndyedh	C
2020-04-14 12:16:59.305907	u/GameOverBeaatch	fndzfmb	u/booming_boomer	fndxpxz	C
2020-04-14 12:17:01.089457	u/HoffeDK	fndzfmr	u/AWSMxx	fndwrxv	C
2020-04-14 12:17:31.384701	u/CoolManGamingTan	fne0pn3	u/YourMomGay202	fndugbe	C
2020-04-14 12:18:01.209787	u/pietarus	fne0qh2	u/jeltobeest	fndtq5o	C
2020-04-14 12:18:20.510588	u/Pop23196	fne0rmv	u/Bed_Head_Redemption	fndwc1i	C
2020-04-14 12:18:30.938216	u/stalonex23	fne0rwg	u/tayco123	fne0h23	C
2020-04-14 12:18:39.889484	u/tahzeerr	fne0s56	u/Kidplayer_666	fne0ndy	C
2020-04-14 12:18:42.032213	u/Meplore	fne0s8e	u/69Dark-Mage69	fne09iu	C
2020-04-14 12:18:57.020582	u/BOBO_567	fne0t8l	u/eraklusmos	fne0o5g	C
2020-04-14 12:19:02.908241	u/CoolManGamingTan	fne0tf8	u/MasterFurious1	fndxhec	C
2020-04-14 12:19:34.405490	u/Castigon_X	fne0vce	u/KitchenOven36o	g15vbx	S
2020-04-14 12:19:36.160195	u/khalidpro2	fne0ved	u/Jazzyjeff2005	fne0koq	C
2020-04-14 12:19:48.991769	u/humpy_horace	fne0w9t	u/NotStreamerNinja	fne0f1n	C
2020-04-14 12:20:01.405645	u/Javister02	fne0x7s	u/Faun4box	fne00sz	C
2020-04-14 12:20:55.264664	u/LowkeyReallyWannaDie	fne0ylu	u/Dep96	fndz6jb	C
2020-04-14 12:21:46.171073	u/Sean_Owe	fne108g	u/charadreemurrbr	fndyu0y	C
2020-04-14 12:21:57.227231	u/Miracchii	fne10ew	u/nOt-ClicK-bAiT	fnde3lm	C
2020-04-14 12:22:12.042381	u/Sean_Owe	fne10s8	u/Respect_Paying_Bot	fndxf5y	C
2020-04-14 12:22:26.726591	u/Sean_Owe	fne116s	u/Gunterrunter	fndx4ba	C
2020-04-14 12:23:49.456124	u/RedditBrowsyBoy	fne14q5	u/SillySquirtle5	fndz3w4	C
2020-04-14 12:24:03.199062	u/Wiggle-123	fne1567	u/JadeZen	fndwmmg	C
2020-04-14 12:24:21.479332	u/zerehx	fne15hi	u/coconutcub7	fndyoqj	C
2020-04-14 12:24:30.928085	u/y33t_g0d_6269	fne15sb	u/Huge-Review	fne0xtr	C
2020-04-14 12:24:54.010303	u/mhamemes	fne1696	u/Trainmaster12467	fne1369	C
2020-04-14 12:25:36.188113	u/Master_JBT	fne1793	u/Filthy_Dub	fndxztn	C
2020-04-14 12:26:19.559729	u/gaint-monkey	fne18jb	u/stnick6	fndzkl6	C
2020-04-14 12:28:07.803443	u/TrixSy_420	fne1ccn	u/caesarinthefreezer	fndydtj	C
2020-04-14 12:29:07.270972	u/Yeet0tter	fne1eix	u/Terrento	fndkimx	C
2020-04-14 12:29:23.461139	u/Shure_Lock	fne1fcg	u/ChildrenWatcher	fne1arx	C
2020-04-14 12:30:01.350055	u/WackUpBoss	fne1i5h	u/Knifedogman	fne0osi	C
2020-04-14 12:30:12.398283	u/MellowZX	fne1ibi	u/booming_boomer	fndxpxz	C
2020-04-14 12:31:22.550046	u/1337krocha	fne1jvd	u/Sgt-Insane	fnd16hm	C
2020-04-14 12:32:05.419143	u/NotJohn83	fne1l23	u/FaCe_CrazyKid05	fne1f3v	C
2020-04-14 12:32:16.609977	u/Indikush_	fne1lgj	u/ICYBOI224	fne186x	C
2020-04-14 12:32:33.345103	u/TheRealFraen	fne1ltc	u/Arcadium_Brew	fndhb1a	C
2020-04-14 12:32:52.307052	u/Maduscha	fne1mpj	u/waterchickenz	fne179c	C
2020-04-14 12:33:04.569873	u/Doseeve15663	fne1mqz	u/Christopher1228	fnd1yoo	C
2020-04-14 12:33:32.714230	u/Lord_Vader_69	fne1nd9	u/OneSushi	fndworb	C
2020-04-14 12:33:54.217283	u/kite7487_	fne1nrb	u/MagicalUnicorn673	fne0qc6	C
2020-04-14 12:34:28.439724	u/hzeal23	fne1ol1	u/xEL-PROx	fndxcwq	C
2020-04-14 12:36:15.797468	u/CreamyKerem	fne1rmr	u/Orsina1	fndztno	C
2020-04-14 12:36:41.676236	u/J4C4R	fne1s4n	u/RepostSleuthBot	fndxnt2	C
2020-04-14 12:37:41.113170	u/donotlookatmeduh	fne1uw7	u/Nikkukr	fne1lkv	C
2020-04-14 12:38:15.753421	u/niceguysatya	fne360e	u/hemihydrate	fndkx45	C
2020-04-14 12:38:39.853005	u/sionUsedFlash	fne3769	u/Username129360	fne331t	C
2020-04-14 12:38:45.799325	u/Shift_CIicker	fne37em	u/Reddituser9003	fndakg3	C
2020-04-14 12:38:47.968728	u/Niall0907	fne37fd	u/DMT1703	fndurst	C
2020-04-14 12:38:57.127207	u/-skeetzy-	fne37wj	u/vPolxrz	fne340e	C
2020-04-14 12:40:09.497987	u/MCBustANut6	fne3b58	u/aphrim1	fne35em	C
2020-04-14 12:41:13.963482	u/apersonoftheearth	fne3d20	u/Lavoom1	fndjbul	C
2020-04-14 12:42:02.954943	u/ShouldBeStudy1ng	fne3e97	u/hilrlrlrllr	fne2pbr	C
2020-04-14 12:42:07.561951	u/Dietbleach3	fne3efq	u/ShinigamiAinz	fne2b43	C
2020-04-14 12:42:15.901841	u/420ranger420	fne3eh9	u/soymerluza	fndlypi	C
2020-04-14 12:42:23.727565	u/Bob-Guy	fne3ejf	u/theannoying_one	fne0x0c	C
2020-04-14 12:42:36.382758	u/TherealGinger_Midget	fne3ewb	u/CatCakeParade	fne2020	C
2020-04-14 12:42:42.401370	u/ZbSmasher	fne3ez4	u/ENGINE_YT	fndfqms	C
2020-04-14 12:43:10.611251	u/cisco199	fne3g07	u/ThisIsItChief-	fne0coe	C
2020-04-14 12:43:24.019846	u/udupodcast	fne3gbp	u/kyoko_coco	fne3c6l	C
2020-04-14 12:44:02.262111	u/BlazeKing2020	fne3hey	u/CoolButBoring	fne1utw	C
2020-04-14 12:45:00.438403	u/oliver__jay	fne3j4l	u/donotlookatmeduh	fne0na8	C
2020-04-14 12:45:09.515005	u/apourghassem7	fne3jbh	u/soviet_marksman	fndkzyj	C
2020-04-14 12:45:36.942979	u/Tradcon12	fne3k6d	u/lastminutedash	fne1t6w	C
2020-04-14 12:46:22.566429	u/Sloth-Hotpocket	fne3lla	u/Daft1228	fndz9bp	C
2020-04-14 12:46:47.522375	u/korizno	fne3mbv	u/Leviticoh	fndx61x	C
2020-04-14 12:47:02.050888	u/TidalFront	fne3n11	u/Helpy1987	fndt5tc	C
2020-04-14 12:47:09.095700	u/aleeeeeeeeeeee	fne3n9x	u/CringeChilly	fndyhoo	C
2020-04-14 12:47:20.622673	u/Mchias99	fne3nh8	u/CaffenatedS	fndz4n7	C
2020-04-14 12:47:34.060553	u/Nick_Gaugh_69	fne3ob5	u/ImpressiveMiddle0	fndeoeg	C
2020-04-14 12:48:02.288092	u/weed0monkey	fne3p3n	u/Illusion597	fndt7h0	C
2020-04-14 12:48:15.203751	u/omena898	fne3poo	u/PretzelPunch1	fne3i6r	C
2020-04-14 12:48:17.704974	u/mynameisjeff237	fne3pr4	u/ShinigamiAinz	fne2b43	C
2020-04-14 12:48:33.549389	u/thiccperson87	fne3q92	u/A0rta01	fne21lm	C
2020-04-14 12:48:35.175859	u/TheOnlyPopcorn	fne3q9z	u/Respect_Paying_Bot	fne36gz	C
2020-04-14 12:48:58.259417	u/Paper_Cut_On_My_Eye	fne3r38	u/Bavier3	fncqhmk	C
2020-04-14 12:49:19.677492	u/patheticpineapple	fne3s52	u/soviet_marksman	fndkzyj	C
2020-04-14 12:50:13.312171	u/KimJungFu	fne3ul5	u/THETANK_420	fnbhbbv	C
2020-04-14 12:50:39.690852	u/Mhmdesammc	fne3v3g	u/aphrim1	fne39xf	C
2020-04-14 12:51:07.929448	u/n66b	fne3w7y	u/hekilledme	fnd5fld	C
2020-04-14 12:51:35.582320	u/pheonix_riders	fne3x8y	u/IC_Ivory280	fnd6n5s	C
2020-04-14 12:52:25.273907	u/DIOBRANDO4209	fne3yqa	u/TheSaltyReddittor	fndyeyu	C
2020-04-14 12:52:36.259575	u/Jimcuchim	fne3ywi	u/MrMinticuz	fne33f2	C
2020-04-14 12:53:08.547881	u/Chicken_Owl	fne3zqq	u/stnick6	fndzkl6	C
2020-04-14 12:53:31.809771	u/Mr-Dodo--	fne40l4	u/yoyoyahli	fndvipz	C
2020-04-14 12:54:25.827566	u/waddupp00	fne423q	u/myszkowaty	fne3ura	C
2020-04-14 12:54:36.997553	u/tjwrona1992	fne4296	u/killerbongos	fne415o	C
2020-04-14 12:56:24.640150	u/-Kujau-	fne459t	u/emilev72	fne20qf	C
2020-04-14 12:57:10.308220	u/ChestDan	fne46d1	u/bhavjotpahuja	fndzq5e	C
2020-04-14 12:57:37.230023	u/lukfi95	fne5gyl	u/711ainsidejob	fndkyp3	C
2020-04-14 12:57:50.451164	u/HeyGuaca	fne5hb9	u/donotlookatmeduh	fne0na8	C
2020-04-14 12:57:52.092175	u/jelly_beans69420	fne5hea	u/stnick6	fndzkl6	C
2020-04-14 12:57:56.801868	u/bobthecactussss	fne5hld	u/soviet_marksman	fndkzyj	C
2020-04-14 12:58:14.170836	u/Nate_SSD	fne5i2n	u/BigYeetus2	fne4zpv	C
2020-04-14 12:58:29.861768	u/davidausman	fne5iu5	u/Lavoom1	fndjbul	C
2020-04-14 12:58:37.710091	u/emeulineu	fne5iyl	u/PROBABLYurDAD69	fnd9nc1	C
2020-04-14 12:59:05.117214	u/JackTheBeef	fne5k49	u/Bruh_Bot_	fne5i4f	C
2020-04-14 12:59:17.813404	u/SammykFX	fne5ke9	u/Sgt-Insane	fnd16hm	C
2020-04-14 12:59:49.458508	u/RobbinCrosby	fne5m2y	u/Numismatist640	fndoyeq	C
2020-04-14 12:59:50.206129	u/thedarksideofhumour	fne5m3a	u/kokaiinikani	fndtwzr	C
2020-04-14 12:59:51.689778	u/Medic6153	fne5m9l	u/AshtonHowlett	fne5le5	C
2020-04-14 12:59:58.265037	u/ArchangleUriel	fne5n18	u/Ilikepizza_228	fne46f0	C
