2020-03-23 15:00:31.214470	u/mentaldemise	flarbo8	u/LnM-Reds	flaq38i	C
2020-03-23 15:00:59.634859	u/A-Bad-Username12	flarcjm	u/mangolimes1	flab3kr	C
2020-03-23 15:01:05.432048	u/SlicedPizzas	flarcmu	u/Xploiter_RBLX	fla5j4p	C
2020-03-23 15:01:16.506904	u/CNCK	flarcrm	u/Xploiter_RBLX	fla5j4p	C
2020-03-23 15:01:41.980455	u/ChongJY	flardm8	u/dizzysaysfukyou	flaiqjn	C
2020-03-23 15:01:44.285536	u/4-2-0_6-9	flardmq	u/chickennuggetfeet	flaq0ed	C
2020-03-23 15:01:51.203759	u/whiscunt	flardq8	u/Nooby_Noob6662	flaqmg9	C
2020-03-23 15:01:57.055714	u/Nohtna29	flardrm	u/Xploiter_RBLX	fla5cjo	C
2020-03-23 15:02:07.831612	u/bthompson234	flas7et	u/dabatteredboy	flahcwy	C
2020-03-23 15:02:15.815414	u/arachnomancer1	flas7jp	u/mentaldemise	flarbo8	C
2020-03-23 15:02:29.993616	u/PleasantAdvertising	flas7xz	u/gigdygigidydoo	flaoa06	C
2020-03-23 15:02:42.029945	u/vc688	flas890	u/zaicam1221	flarv8r	C
2020-03-23 15:02:46.251665	u/Lickyam	flas8c3	u/coolguydude5	flaq9bd	C
2020-03-23 15:02:52.572572	u/hassansoomro2020	flas8he	u/NajamSheikh7	fnkayy	S
2020-03-23 15:02:56.973235	u/a-saved-alien	flas8l7	u/TheSpooky531	flaaqh0	C
2020-03-23 15:03:01.304398	u/_Rayzr	flas8qf	u/Miselfis	flaq1nz	C
2020-03-23 15:03:03.483895	u/thefamousjohnny	flas8sq	u/Gubq	fl5lg0s	C
2020-03-23 15:03:19.418181	u/MyRedditUser2	flas96e	u/mensamlol	fnnuzd	S
2020-03-23 15:03:49.538992	u/souplove_	flas9yu	u/AnonDooDoo	flak6yp	C
2020-03-23 15:03:52.778721	u/Plasma_Duck	flasa07	u/Nooby_Noob6662	flaqmg9	C
2020-03-23 15:03:55.994438	u/Cheedosjdr	flasa17	u/LnM-Reds	flaq7mj	C
2020-03-23 15:04:04.803986	u/Watson9483	flasaet	u/TheDiabeticGuy	fl9xek6	C
2020-03-23 15:04:10.330624	u/LordSprinkleman	flasaho	u/DnD_Nerd_765	flaaa3i	C
2020-03-23 15:04:15.595925	u/Prophet257	flasam3	u/LnM-Reds	flanr7l	C
2020-03-23 15:04:45.196197	u/metalhead-chan	flasbrv	u/somkkeshav555	flaqkqm	C
2020-03-23 15:05:09.224899	u/jrdyg	flascbn	u/memes463	flas6be	C
2020-03-23 15:05:17.477844	u/Tarantula_Man0	flascl2	u/pasteandcopy69	flapgs6	C
2020-03-23 15:05:21.263075	u/artyomssugerdaddy	flascn2	u/SnowyDragon08	flarnx4	C
2020-03-23 15:05:34.747055	u/nistorandrei99	flasczd	u/shaz-123	flag40c	C
2020-03-23 15:05:37.714529	u/redfireice2	flasd2j	u/Peachseeker123	flaiz6g	C
2020-03-23 15:05:39.807881	u/Astral_Fogduke	flasd2s	u/Ninjax3X	flar4hd	C
2020-03-23 15:05:41.764475	u/zebxi	flasd3k	u/hentai_bender	fl9f3ex	C
2020-03-23 15:05:43.901591	u/Gonzalitoman	flasd46	u/zziraptorzz	flaakq8	C
2020-03-23 15:05:54.901774	u/Sweepy-Edge	flasd9j	u/BLU3_Sc0rPi0n	flaie54	C
2020-03-23 15:05:59.099667	u/haburgor	flasdcn	u/DatGuy2007	flafs1l	C
2020-03-23 15:06:02.704933	u/lacanelita	flasddl	u/BLU3_Sc0rPi0n	flaie54	C
2020-03-23 15:06:30.757901	u/YasuoHasLigma	flase8t	u/S4J3R05	flanh6u	C
2020-03-23 15:06:53.455536	u/Shadowbomb05	flasf5a	u/Paukarr	flago9h	C
2020-03-23 15:06:59.204638	u/Panter740	flasf9a	u/Xploiter_RBLX	fla8ctc	C
2020-03-23 15:07:08.701337	u/Sofiethedoglover	flasfgr	u/Xploiter_RBLX	fla5j4p	C
2020-03-23 15:07:13.145740	u/VenusInsideUranus	flasfk6	u/danialmilo	flascyl	C
2020-03-23 15:07:28.297525	u/JustJackPG	flasfw4	u/alexkap2210	flardrs	C
2020-03-23 15:07:31.327301	u/_tonights_big_loser_	flasfx2	u/endmymisery42	flaobnd	C
2020-03-23 15:07:32.954167	u/SilentTempestLord	flasg18	u/piewithadonut	flalqsm	C
2020-03-23 15:07:42.832344	u/girlzrule05	flasgh7	u/pxduid	flakc8y	C
2020-03-23 15:07:45.419548	u/Gwynbleidd2000	flasgk3	u/Elikorm	flar70j	C
2020-03-23 15:07:49.012283	u/MewoTiger	flasgqn	u/WaluigiWa68419	fl9ghaw	C
2020-03-23 15:07:52.832982	u/Ignasikas	flasgst	u/zziraptorzz	fnmkfi	S
2020-03-23 15:07:56.006101	u/felixdfox	flasgyy	u/Reditovan	fl9nr26	C
2020-03-23 15:08:04.677282	u/VenusInsideUranus	flash6m	u/SnowyDragon08	flaolfi	C
2020-03-23 15:08:06.231312	u/Aymen-2166	flash8y	u/masterofoblivion	flarrwm	C
2020-03-23 15:08:07.835867	u/IAmWillemDafoe	flash9i	u/Raiden_Yeeter07	flaldvp	C
2020-03-23 15:08:09.448541	u/Agent_Hydro	flashb8	u/finally_real_	flar0b9	C
2020-03-23 15:08:11.712046	u/Soviet_Husky	flashel	u/Nzghzr	flaqd90	C
2020-03-23 15:08:17.156348	u/V1oDLEss	flashmr	u/RPdope	flarzw4	C
2020-03-23 15:08:21.097897	u/miggle44	flashq2	u/WhatTheHELLJackie	flaruda	C
2020-03-23 15:08:30.172177	u/Serpentine812	flasi6d	u/Zaidebot	flas1y0	C
2020-03-23 15:08:36.183984	u/BWWFC	flasia4	u/Tru_Drone_Videos	flan1wb	C
2020-03-23 15:08:38.464616	u/Drix_The_Gamer	flasiay	u/ndobutton	flad5bk	C
2020-03-23 15:08:41.990585	u/gloria-hamborger	flasifo	u/PokePercy2209	flaquv5	C
2020-03-23 15:09:04.369968	u/Nduka_C	flasjee	u/Xploiter_RBLX	fla5j4p	C
2020-03-23 15:09:08.727845	u/Vslashans	flasjlg	u/MahaMedic	flamcrb	C
2020-03-23 15:09:10.428317	u/Filipko284829	flasjpq	u/abductedpeanut	fla4c1j	C
2020-03-23 15:09:16.334212	u/ilindborg	flasjvd	u/tomskeboy	flap9h8	C
2020-03-23 15:09:21.722790	u/Instant_ramen37	flaskg7	u/TheSnarkiestDerg	flarf4x	C
2020-03-23 15:09:24.392246	u/Maria13Manta	flasklj	u/harbac	fl2jkos	C
2020-03-23 15:09:35.215697	u/IcebergTwist	flasksu	u/Potatotheooflord	fl5ewkn	C
2020-03-23 15:09:42.533660	u/TrippingThroughLife_	flaslbw	u/StevenGonzale79	flaqp20	C
2020-03-23 15:09:51.388300	u/IcebergTwist	flaslyc	u/Potatotheooflord	fl5exvm	C
2020-03-23 15:09:55.503863	u/Runner-434	flasmhx	u/thats_what_she-said1	flaawk4	C
2020-03-23 15:09:56.950895	u/ronmlex	flasmmy	u/finally_real_	flar0b9	C
2020-03-23 15:10:08.773015	u/boi012	flasn0n	u/BlackDaggerRose	flai610	C
2020-03-23 15:10:16.224834	u/GeomationGames	flasn42	u/Blue_Slime-1547	flasbfc	C
2020-03-23 15:10:33.314755	u/Saeyush	flasngs	u/f3lhorn	flapipi	C
2020-03-23 15:10:44.959296	u/Spongebosch	flaso1p	u/jackben_imble	flasj8n	C
2020-03-23 15:10:49.868468	u/vinayck	flaso6c	u/benevolentpirate	fl9oohm	C
2020-03-23 15:10:55.275883	u/LordRedB	flasobe	u/Miselfis	flare0k	C
2020-03-23 15:10:59.955578	u/little_riverband	flasoin	u/Abdullah022	flaopqp	C
2020-03-23 15:11:12.230291	u/justin_420_6364748	flasorf	u/AwesomeAnsh	fl9o8c2	C
2020-03-23 15:11:16.670702	u/___Fay___	flasotj	u/panetristt	fl9w0c4	C
2020-03-23 15:11:18.941193	u/PlatypusHunter00102	flasov4	u/Fantastic_Ostrich	flasnbq	C
2020-03-23 15:11:45.504585	u/0kostas0	flasp9t	u/nohomobro_	fl9jxbh	C
2020-03-23 15:11:54.753934	u/Saeyush	flaspg4	u/ricoaalldway	flaqs25	C
2020-03-23 15:11:57.022385	u/riceisnicee	flaspje	u/Abdullah022	flaopqp	C
2020-03-23 15:12:08.073846	u/Vikkytor1	flaspvl	u/Xploiter_RBLX	fla8ctc	C
2020-03-23 15:12:11.499215	u/Intense__Screaming	flaspyc	u/LEGO_Igor	flasmbh	C
2020-03-23 15:12:13.947802	u/Uglypizza69	flaspz5	u/OoopsAlreadyTaken	flase5l	C
2020-03-23 15:12:22.760413	u/JudasLom	flasq8n	u/4han_ali	flaf57y	C
2020-03-23 15:12:53.595837	u/IxTwinklexI	flasr4o	u/sorbayaey	flarda8	C
2020-03-23 15:13:00.236473	u/KingUniqur	flasra0	u/Reditovan	flary37	C
2020-03-23 15:13:09.280504	u/Tuckerbm	flasrcw	u/zziraptorzz	flab0m4	C
2020-03-23 15:13:28.040750	u/Zero-88	flass0c	u/obiwanshibobi	flasilt	C
2020-03-23 15:13:38.078703	u/Spoggen	flassat	u/OoopsAlreadyTaken	flasae2	C
2020-03-23 15:13:44.597060	u/JokerBoyGames	flassif	u/reallifemoonmoon	flashy3	C
2020-03-23 15:13:50.203007	u/WhipFrog	flasslg	u/Kind-Pop	fl3zlqu	C
2020-03-23 15:13:54.472041	u/grassgames	flassr6	u/IxTwinklexI	flaspo8	C
2020-03-23 15:13:57.863852	u/Cool_Kalkon	flasstm	u/Reditovan	fl9nr26	C
2020-03-23 15:14:41.233536	u/Maddie3030	flasu58	u/Xploiter_RBLX	flabn5k	C
2020-03-23 15:14:59.497813	u/Kaynt-touch-dis	flasuat	u/Elementz033	flae7km	C
2020-03-23 15:15:05.875069	u/Qaktus	flasuh4	u/hidden_zero	flar07i	C
2020-03-23 15:15:07.934655	u/YaBoiKlobas	flasuij	u/jackben_imble	flana0u	C
2020-03-23 15:15:16.812196	u/shatspiders	flasus2	u/woooooshifgay69	fnox4j	S
2020-03-23 15:15:50.008263	u/GPowdercake	flasvpy	u/OnlyHere4Reddit	flarlyi	C
2020-03-23 15:16:16.276792	u/I_like_Cheese45	flaswdv	u/NewAgeDoom	fl9s8mr	C
2020-03-23 15:16:18.227582	u/THCdude	flaswf9	u/Val-Oswald	flas5od	C
2020-03-23 15:16:20.180294	u/137Pickle_Rick	flaswft	u/Sayeet0620	fl9v9lh	C
2020-03-23 15:16:22.189575	u/GoatLoafs	flaswgw	u/YinuSWinneR	fl9w4ss	C
2020-03-23 15:16:28.761838	u/Mew43211	flaswq9	u/Chandler1313	fla6atm	C
2020-03-23 15:16:41.374590	u/piss_05	flasx4c	u/Holyhydrogenbomb	flas3iz	C
2020-03-23 15:16:45.030305	u/Cavish	flasx5z	u/Spicymemez17	flafll1	C
2020-03-23 15:17:05.300904	u/ninjasoul534	flasxwa	u/Winter-Bank	flanm4v	C
2020-03-23 15:17:36.655529	u/GogetaBlack2018	flasywm	u/a-saved-alien	flarzf8	C
2020-03-23 15:17:48.306907	u/BasicImportance	flasz4y	u/Supernova-581	fl9zgcr	C
2020-03-23 15:18:14.320265	u/ab2609gaems	flaszy5	u/OnlyHere4Reddit	flarlmm	C
2020-03-23 15:18:43.979988	u/PotatooQueen	flat0vs	u/Potatotheooflord	fl5excx	C
2020-03-23 15:18:57.560664	u/THEHitman888442	flat16u	u/snowlilly612	fl9vigg	C
2020-03-23 15:18:59.454875	u/lmaon00b	flat1am	u/UhmNotMe	flasgfk	C
2020-03-23 15:19:07.494770	u/MetalBurgerv2	flat1gk	u/OnlyHere4Reddit	flarlyi	C
2020-03-23 15:19:08.990450	u/TopSixGuy	flat1iz	u/JakeTheFlamingo	fla5my5	C
2020-03-23 15:19:30.496813	u/sbdhsa	flat2j7	u/XxSkillexxX	flaqmd3	C
2020-03-23 15:19:31.506486	u/rewindtime12	flat2jo	u/Peachseeker123	flaiz6g	C
2020-03-23 15:19:38.036043	u/mcknightrider	flat2qd	u/JonnyRichter	flarkov	C
2020-03-23 15:19:39.403904	u/fuccsuccx	flat2rd	u/Cabnbeeschurgr	flapsh6	C
2020-03-23 15:19:47.834051	u/Leopold_mg	flat3hr	u/Xploiter_RBLX	fla5j4p	C
2020-03-23 15:19:48.987186	u/tuggle24	flat3mj	u/Xploiter_RBLX	fla5j4p	C
2020-03-23 15:19:54.925549	u/Darkstarianz	flat48w	u/Shiyama23	flashud	C
2020-03-23 15:19:56.325604	u/XxKiddowdallxX	flat4f2	u/RepostSleuthBot	flat02r	C
2020-03-23 15:19:59.004785	u/Brettrogers123	flat4mn	u/Peachseeker123	flaiz6g	C
2020-03-23 15:19:59.806800	u/Quinn___	flat4oa	u/jackben_imble	flao25g	C
2020-03-23 15:20:08.008990	u/lidekwhatname	flau3mq	u/sugastoenails	flagp54	C
2020-03-23 15:20:20.393270	u/meatyishtoaster	flau3uu	u/AhmedRGames	flal846	C
2020-03-23 15:20:22.951366	u/No-name-im-lazy	flau3v4	u/Spicymemez17	flafll1	C
2020-03-23 15:20:25.377182	u/Nelik1	flau3vx	u/lazarbeamsmemer	flau30k	C
2020-03-23 15:20:32.711506	u/NerfCat5216	flau3xz	u/riceisnicee	flaspje	C
2020-03-23 15:20:38.860183	u/DawsonV6	flau46z	u/Spicymemez17	flafll1	C
2020-03-23 15:20:42.682579	u/poljpol	flau49a	u/OnlyHere4Reddit	flarlmm	C
2020-03-23 15:21:08.940635	u/abhi_idk	flau4t2	u/SankaVaht	flaql4m	C
2020-03-23 15:21:12.410639	u/Yaboiiiaking	flau4tn	u/ilindborg	flasjvd	C
2020-03-23 15:21:37.242115	u/Morale_Commander	flau5jc	u/VibraniumDragonborn	fl5nrgn	C
2020-03-23 15:21:44.300833	u/nick6969420	flau5qh	u/Xploiter_RBLX	fla5nxz	C
2020-03-23 15:21:50.142557	u/Tintunabulo	flau5t3	u/TheBaldWonder	flarg5v	C
2020-03-23 15:21:52.528479	u/amleeslypig	flau5u4	u/simp-finder	flatnmq	C
2020-03-23 15:21:57.168102	u/Robotman101	flau5xe	u/gloria-hamborger	flasifo	C
2020-03-23 15:22:10.982195	u/Milky_Fetus_69	flau647	u/jjhedgehog26	flau5lk	C
2020-03-23 15:22:35.816460	u/lexiihexii97	flau6o9	u/lazydonkey25	flaqvp7	C
2020-03-23 15:22:39.567376	u/roundearther20	flau6ub	u/RepostSleuthBot	flau4o6	C
2020-03-23 15:22:43.270387	u/bread88888888	flau6vd	u/wiz_ap	flau21c	C
2020-03-23 15:22:45.494633	u/GiantDwarv	flau6vf	u/Xploiter_RBLX	flangci	C
2020-03-23 15:22:50.032648	u/TheKillOrder303	flau6zq	u/AutoModerator	flanv9y	C
2020-03-23 15:22:52.356018	u/CJMighty0	flau6zu	u/Potatotheooflord	flau5zh	C
2020-03-23 15:22:56.171777	u/IGORGAMER231	flau722	u/stabbyGamer	flar8kr	C
2020-03-23 15:22:58.933372	u/farhanbasha	flau77w	u/NajamSheikh7	fnkayy	S
2020-03-23 15:23:13.220568	u/MusicLover675	flau7pr	u/RohnekKdosi	fla8x8j	C
2020-03-23 15:23:16.612401	u/person2314	flau7q8	u/MasterDillPickle	fl6llzo	C
2020-03-23 15:23:20.040654	u/oddperson_43	flau7rd	u/RepostSleuthBot	flasx4q	C
2020-03-23 15:24:00.136184	u/psychotic_catalyst	flau8mx	u/CurfBoi	flasue3	C
2020-03-23 15:24:02.280045	u/nathan999k	flau8nx	u/Spicymemez17	flafll1	C
2020-03-23 15:24:06.523887	u/ohhboi427	flau8u0	u/Uglypizza69	flarlnz	C
2020-03-23 15:24:17.587731	u/WeebNation4	flau910	u/Wassup_Bois	fla7xw1	C
2020-03-23 15:24:25.998397	u/N0rmalWedgeofCheese	flau9f3	u/Xploiter_RBLX	fl8uocs	C
2020-03-23 15:24:39.948125	u/bravowhisky7	flau9p5	u/Peachseeker123	flaiz6g	C
2020-03-23 15:25:03.076876	u/PandaPotatoGod	flauabl	u/GeoCreator5	flaoq9v	C
2020-03-23 15:25:08.178900	u/Nabono	flauafa	u/fiisntannoying	flaqyio	C
2020-03-23 15:25:14.280812	u/The_Magical_Penguin	flauai8	u/ConquerorGreg	flatg6o	C
2020-03-23 15:25:35.007447	u/fratparty3	flaub62	u/Rubicon-3	flaibec	C
2020-03-23 15:25:39.956668	u/AdriTheAwesome	flaubcu	u/Arslan3525	flaqf56	C
2020-03-23 15:25:51.427757	u/uwu_troll	flaubqp	u/ThatPanda_YT	flau90d	C
2020-03-23 15:25:59.319957	u/Toto_the_corndog420	flaubv9	u/The-Kiwi-Bird	flap81h	C
2020-03-23 15:26:12.202076	u/cosoacaso01000	flaucjn	u/TheRichSeries	flaih33	C
2020-03-23 15:26:27.570525	u/_Hephaestus__	flaud2h	u/Explosive-Mittens	fl9m6sa	C
2020-03-23 15:26:34.274133	u/Shadowwvv	flaudbl	u/VibraniumDragonborn	fl5nrgn	C
2020-03-23 15:26:38.032777	u/EuphoricSubject5	flauddo	u/WoLF-ScrubDaddy	flakr5j	C
2020-03-23 15:26:44.948599	u/PhantomJaws	flaudk0	u/RepostSleuthBot	flammhj	C
2020-03-23 15:27:09.464884	u/Roge2005	flaueb7	u/fualtyzane	fl97pnm	C
2020-03-23 15:27:27.358030	u/anisaidheeyeeyeee	flauelt	u/MJDJ37	flasxa1	C
2020-03-23 15:27:33.953172	u/NoThereIsntAGod	flauexd	u/Skylon_Gamer	fl9wvyc	C
2020-03-23 15:27:37.395312	u/Bambi_Killa_69420	flauey3	u/OnlyHere4Reddit	flarlyi	C
2020-03-23 15:27:44.804349	u/AtomicGlaive	flauf38	u/Datruedabking	flau832	C
2020-03-23 15:27:46.535862	u/DungeonsAndDragons99	flauf3l	u/lazydonkey25	flapxep	C
2020-03-23 15:27:48.272285	u/builduhc	flauf4u	u/OkShirt4	flauarf	C
2020-03-23 15:27:59.637091	u/BaybobTheDestroyer	flaufdp	u/Xploiter_RBLX	fla5j4p	C
2020-03-23 15:28:05.586499	u/Sh4rd7	flaufl6	u/Kind-Pop	fl3zlqu	C
2020-03-23 15:28:12.671088	u/AHumanBeanBoi	flaufsg	u/OnlyHere4Reddit	flarlyi	C
2020-03-23 15:28:49.157193	u/CursedKristen	flauh16	u/Potatotheooflord	fl5lx1y	C
2020-03-23 15:28:50.561583	u/whocares104	flauh2z	u/sorbayaey	flarda8	C
2020-03-23 15:28:53.575931	u/AHumanBeanBoi	flauh64	u/ree_with_4_E	flaqu74	C
2020-03-23 15:29:05.378789	u/joeslouie06	flauhew	u/AutoModerator	flas4ce	C
2020-03-23 15:29:20.157970	u/ZeeDOCTER	flaui5o	u/Sir-Chris-Finch	fl9n2yg	C
2020-03-23 15:29:23.619984	u/chmits	flauicm	u/JulieJules-	flaqkh2	C
2020-03-23 15:29:24.673706	u/Smufacer	flauie8	u/Raiden_Yeeter07	flaldvp	C
2020-03-23 15:29:36.736885	u/ah92808	flauj6c	u/Xploiter_RBLX	flabn5k	C
2020-03-23 15:29:37.609793	u/DinoNuggetEater	flaujbg	u/TheSnarkiestDerg	flasl5u	C
2020-03-23 15:29:47.320353	u/W0lff3	flaujpm	u/bread88888888	flau6vd	C
2020-03-23 15:29:48.066125	u/Mushy_Waffle	flaujq6	u/Peachseeker123	flaiz6g	C
2020-03-23 15:29:49.706198	u/Aishhhh	flaujtt	u/Xploiter_RBLX	flabn5k	C
2020-03-23 15:29:52.167946	u/crs18Gamer	flauk0w	u/MJDJ37	flasxa1	C
2020-03-23 15:29:53.525017	u/Kalm-UwU_Panik-OwO	flauk2q	u/Ryjan785	flamvck	C
2020-03-23 15:29:55.212951	u/ICONIC_Trooper	flauk6e	u/kubsonson	flanax6	C
2020-03-23 15:29:56.616157	u/Le_Spoops	flauk7y	u/PotatooQueen	flau0nv	C
2020-03-23 15:30:01.408539	u/g1jS3r	flaukpp	u/Peachseeker123	flaiz6g	C
2020-03-23 15:30:05.358242	u/Blormbakski	flauks0	u/iProbablyHadWork	flau865	C
2020-03-23 15:30:16.922667	u/ThroughAway98	flaukvq	u/zziraptorzz	flaazz7	C
2020-03-23 15:30:22.523192	u/lilbarbque	flaukxq	u/TheSpooky531	fla5bnq	C
2020-03-23 15:30:26.322762	u/xxuuee	flaul08	u/GreenPhoenix14	fl9moiv	C
2020-03-23 15:30:40.871351	u/theawkwardyeehaw	flaulei	u/Domdieun	flarhny	C
2020-03-23 15:30:46.416477	u/aesthesia1	flauljw	u/Spicymemez17	flafll1	C
2020-03-23 15:31:11.877998	u/MrMimas	flaum3f	u/Mr_SlimShady	flasw4l	C
2020-03-23 15:31:15.390742	u/Vertigalactic	flaum8b	u/thats_what_she-said1	flaatpj	C
2020-03-23 15:31:19.116477	u/Servant_of_Sauron_	flauma8	u/Sniping_Tester	flaef41	C
2020-03-23 15:31:33.108041	u/xxuuee	flaumm7	u/lackofname_1	fla5qwr	C
2020-03-23 15:32:24.528201	u/HamartiaV	flaunrp	u/__Emer__	fl9q3wk	C
2020-03-23 15:32:30.397615	u/lebahhuettegoot	flaunvg	u/nanxdini	flardr4	C
2020-03-23 15:32:34.888122	u/ProSplatooner13	flauo0e	u/jjhedgehog26	flau2pd	C
2020-03-23 15:32:37.306442	u/3laa_aldeen	flauo0a	u/TheActiveBoy	flasy1f	C
2020-03-23 15:32:56.338142	u/ThatOneGlitchyPixel	flauogh	u/drokeshiy69	flauldo	C
2020-03-23 15:33:01.132107	u/Dumpolings	flauosd	u/thats_what_she-said1	flaawk4	C
2020-03-23 15:33:22.093359	u/cgcCc1234	flaup8i	u/Peachseeker123	flaiz6g	C
2020-03-23 15:33:42.610649	u/rantotsajt	flaupou	u/OnlyHere4Reddit	flasd4j	C
2020-03-23 15:33:58.000554	u/DylanFTW	flauq4z	u/Bruhe_Moment609	fl9v0bc	C
2020-03-23 15:34:07.453678	u/reZzo_-	flauqcv	u/AutoModerator	fla9djw	C
2020-03-23 15:34:09.712033	u/puppy_lover123456789	flauqds	u/Da_MEME_GOD42069	fla51lx	C
2020-03-23 15:34:11.909439	u/Dynex321	flauqe9	u/LucidCookie	flaqokk	C
2020-03-23 15:34:20.566150	u/Kareele	flauqm9	u/bloockbloock	fl9lfng	C
2020-03-23 15:34:22.715785	u/DemonicPickles69	flauqmw	u/KJTGamer1	flaumvb	C
2020-03-23 15:34:34.425204	u/OverWhelmedBoi	flaur2u	u/vnca2000	fla9ntz	C
2020-03-23 15:34:43.961747	u/ChildlessBone	flaur94	u/OnlyHere4Reddit	flarm9x	C
2020-03-23 15:34:55.453484	u/laZaswhiteboy	flaurib	u/MrGeetarDood	flaucee	C
2020-03-23 15:35:06.252057	u/allergic2dancin	flaurqe	u/_wdsans_	flaui1o	C
2020-03-23 15:35:09.392100	u/Pratham_K	flaursy	u/3laa_aldeen	flahjto	C
2020-03-23 15:35:29.243917	u/roadoutsidemyhouse	flaus6q	u/VenusInsideUranus	flarpeu	C
2020-03-23 15:35:41.778637	u/FoRtNiteizBAD	flaushn	u/HotKentuckyFriedFuck	flaoowo	C
2020-03-23 15:35:51.401415	u/spilkyway	flausst	u/thats_what_she-said1	flaawk4	C
2020-03-23 15:36:21.921864	u/SproteIndustries	flautrs	u/BlackDaggerRose	flai610	C
2020-03-23 15:36:25.415432	u/Dantsell	flautsk	u/Peachseeker123	flaiz6g	C
2020-03-23 15:36:46.057935	u/pretty-chill-person	flauuet	u/Xploiter_RBLX	fla5nxz	C
2020-03-23 15:37:13.839718	u/Videymann	flauvbw	u/Danny-Porter	flafeef	C
2020-03-23 15:37:27.926663	u/nicodawg101	flavwvz	u/Im_Savvage	flavusg	C
2020-03-23 15:37:31.717276	u/cyberdiaper	flavwyh	u/Xploiter_RBLX	fla4fmk	C
2020-03-23 15:37:35.832489	u/Hvbrid_	flavwzy	u/RepostSleuthBot	flatudo	C
2020-03-23 15:37:45.402753	u/boredoflifenow	flavxdn	u/finnikarma2431	flacpzy	C
2020-03-23 15:37:51.106241	u/chickenmaster07	flavxla	u/theswagdodo11	fla31zx	C
2020-03-23 15:37:58.023773	u/KittyKat396	flavxuo	u/Wassup_Bois	fla7xw1	C
2020-03-23 15:38:06.169885	u/Tabasco_Brand	flavy73	u/ZacharyLK	fl9a8gq	C
2020-03-23 15:38:08.569093	u/hahahahahahahaha18	flavyab	u/Fat_Pige0ns	flasco7	C
2020-03-23 15:38:10.937796	u/SoulSina11	flavybq	u/WheelyFreely	flarohk	C
2020-03-23 15:38:16.069794	u/Plaster_ThePostHCFan	flavyez	u/joel-likes-memes	flatqhh	C
2020-03-23 15:38:28.232353	u/otaku90002	flavyrs	u/RepostSleuthBot	flavxh1	C
2020-03-23 15:38:29.947719	u/Dat_Dank_Duck93	flavysv	u/the_tabasco	flavd6k	C
2020-03-23 15:38:45.350458	u/ye_no_sorry	flavz8c	u/CryoDel	flavxy9	C
2020-03-23 15:38:49.293586	u/SoulSina11	flavzfa	u/WheelyFreely	flarohk	C
2020-03-23 15:38:54.662601	u/UgandanSans1	flavzot	u/Babies_Have_No_Teeth	fl9tvbn	C
2020-03-23 15:38:57.325225	u/Synka	flavzqz	u/Spicymemez17	flafll1	C
2020-03-23 15:39:01.206361	u/bretfort	flavzyt	u/AnonDooDoo	flak6yp	C
2020-03-23 15:39:03.809322	u/WhenPugsXplode	flaw03e	u/kamikazi21358	flatxrg	C
2020-03-23 15:39:08.560208	u/TheOfficialRan	flaw08e	u/Abbachiode	flau9fb	C
2020-03-23 15:39:26.387333	u/itzkitten	flaw0mg	u/SWaG_oF_NoOBiE	flauqja	C
2020-03-23 15:39:28.831105	u/DungeonRobot	flaw0px	u/WriteInHelvetica	flal4in	C
2020-03-23 15:39:32.709206	u/DonkeyTS	flaw13q	u/Spicymemez17	flafll1	C
2020-03-23 15:39:38.963834	u/leander_19	flaw18t	u/RepostSleuthBot	flaawru	C
2020-03-23 15:39:41.557985	u/ssssssdee	flaw1dz	u/LC_DUBB	flavw54	C
2020-03-23 15:39:42.845819	u/Cryptor14	flaw1io	u/dovedevic	fl2eb1j	C
2020-03-23 15:39:44.602066	u/Victuz	flaw1n5	u/Reditovan	fl9nr26	C
2020-03-23 15:39:46.548037	u/EthreeIII	flaw1sc	u/idiotserialkiller	flanxwn	C
2020-03-23 15:39:49.241468	u/poligliseraldehit	flaw1wu	u/otaku90002	flavsn6	C
2020-03-23 15:40:14.461463	u/xasifzzz	flaw2vq	u/Nanokill42	flavym2	C
2020-03-23 15:40:20.805876	u/shotonce	flaw2zi	u/Xploiter_RBLX	fla5j4p	C
2020-03-23 15:40:54.062510	u/DraviteDraz	flaw3mp	u/DemonicPickles69	flav8ie	C
2020-03-23 15:40:57.600592	u/H-Maccari	flaw3of	u/kutsen39	flav87p	C
2020-03-23 15:41:13.826233	u/JuanGueyorAnother	flaw49r	u/poorly_timed_fuck	flaw0vn	C
2020-03-23 15:41:23.272302	u/Starcrafter-HD	flaw4fa	u/zziraptorzz	flak860	C
2020-03-23 15:41:28.734743	u/RandomLemon12	flaw4hp	u/DemonicPickles69	flavyvc	C
2020-03-23 15:41:37.308456	u/TSVRN9	flaw4rd	u/jorttimmermans	flaw3h0	C
2020-03-23 15:41:41.037291	u/KaroPGamer445	flaw4s0	u/Waluigi-uwu-	flaw2ah	C
2020-03-23 15:41:57.156244	u/MemesMod	flaw511	u/jamesben04	fnqdwl	S
2020-03-23 15:42:00.575527	u/Mr_Jeffs	flaw562	u/azarbi	flap4hc	C
2020-03-23 15:42:12.950206	u/BartuArda	flaw5h6	u/lazydonkey25	flavsut	C
2020-03-23 15:42:43.134829	u/GwendolynGravers	flaw5xu	u/metalhead-chan	flasbrv	C
2020-03-23 15:42:48.901283	u/rocketboi1505	flaw61x	u/jorttimmermans	flauqe6	C
2020-03-23 15:43:04.370233	u/Moose_God_forever	flaw6fw	u/RepostSleuthBot	flaw4ez	C
2020-03-23 15:43:15.112429	u/Skidaadleskadoodle	flaw6n7	u/MahaMedic	flam1nr	C
2020-03-23 15:43:31.850500	u/Yami_Yugi__	flaw75h	u/RepostSleuthBot	flavat9	C
2020-03-23 15:43:51.957003	u/Absolutely-Barbaric	flaw7ri	u/TheLoneQ	fl9pqlf	C
2020-03-23 15:43:55.300555	u/aq0013	flaw7te	u/RepostSleuthBot	flaptsn	C
2020-03-23 15:44:02.518084	u/theredditmark	flaw7xb	u/Marci0306	flaw5pw	C
2020-03-23 15:44:06.974419	u/Radu_MC	flaw83u	u/ioofedmyslef	flaw6ax	C
2020-03-23 15:44:19.332290	u/Sightblinder240	flaw8li	u/__Emer__	fl9q3wk	C
2020-03-23 15:44:45.425570	u/Protocol_101	flaw95o	u/Reditovan	fl9nr26	C
2020-03-23 15:44:49.718633	u/Nobody-once-told-me	flaw96l	u/TheSpooky531	flaw4ki	C
2020-03-23 15:44:53.792607	u/JeroenStark	flaw9bv	u/benzer006	flaw4f1	C
2020-03-23 15:45:04.010528	u/blanketskie77	flaw9oa	u/Xploiter_RBLX	flas76o	C
2020-03-23 15:45:19.305147	u/Nayan_Rocks	flawa3c	u/Kaynt-touch-dis	flasuat	C
2020-03-23 15:45:23.575611	u/winsheald-whiper	flawaal	u/Evangelionlovr	flavg5e	C
2020-03-23 15:45:48.133218	u/cyberdiaper	flawb2x	u/TheSpooky531	fla5bnq	C
2020-03-23 15:45:52.963629	u/Rick-tard	flawb67	u/EuphoricSubject5	flaoise	C
2020-03-23 15:45:56.900162	u/pagso3000	flawb8n	u/AutoModerator	fl9lxc6	C
2020-03-23 15:46:23.362526	u/ValsoKnight	flawc57	u/HornyBxtch69-420	flad4z2	C
2020-03-23 15:46:45.053002	u/doncornjulio	flawcpk	u/kind_stranger69420	flas9lu	C
2020-03-23 15:47:15.415297	u/1WanWan	flawdw9	u/dwehlen	fl95hsk	C
2020-03-23 15:47:18.014621	u/Lizzy8856	flawdwo	u/oo-d	flawadq	C
2020-03-23 15:47:21.603896	u/jjlowe96	flawdzp	u/OrnageMadness141	flaso50	C
2020-03-23 15:47:40.453053	u/Duskos050611	flawe7q	u/TheBestQuest	fl9pccv	C
2020-03-23 15:47:45.213363	u/CristolerGm	flaweat	u/niko8908	flawc36	C
2020-03-23 15:47:58.960452	u/Welkitends	flawewl	u/Saeyush	flavtdo	C
2020-03-23 15:48:04.088986	u/KatpatSanders	flawf2s	u/lexnos_2001	fla3aer	C
2020-03-23 15:48:05.769131	u/Jermainejgenas	flawf3a	u/SmexyMug	flaui7p	C
2020-03-23 15:48:25.525424	u/BlerStar95	flawfw5	u/RohnekKdosi	fl9mmny	C
2020-03-23 15:48:48.029135	u/dastrius02	flawgxa	u/Raiden_Yeeter07	flaldvp	C
2020-03-23 15:48:54.808627	u/Gerudoskies	flawh6r	u/JulieJules-	fla9zjv	C
2020-03-23 15:48:57.777564	u/JustTotallyMyself	flawhbn	u/VibraniumDragonborn	fl5nrgn	C
2020-03-23 15:49:07.237529	u/Vortex_Tho	flawhun	u/DemonicPickles69	flavxj8	C
2020-03-23 15:49:17.201515	u/midwxlks14	flawiap	u/AutoModerator	flaw737	C
2020-03-23 15:49:38.793521	u/Crunchie_Napkin	flawjdt	u/DJason4001	flav7z2	C
2020-03-23 15:49:39.801817	u/TheBookLizard	flawjex	u/ZbrojovkaBRNO	flawdgg	C
2020-03-23 15:49:49.225660	u/Flemz	flawjwu	u/NoPostsHowMuchKarma	flap0oh	C
2020-03-23 15:49:59.110281	u/cyberdiaper	flawkpw	u/Xploiter_RBLX	flanxv0	C
2020-03-23 15:50:16.029746	u/trysixtysnipecochon	flawlf8	u/ProSplatooner13	flauo0e	C
2020-03-23 15:50:26.173956	u/saara_illustrations	flawlkc	u/Waluigi-uwu-	flawgmb	C
2020-03-23 15:51:00.824644	u/eatachode1	flawmdr	u/Nope-_-7	flacond	C
2020-03-23 15:51:11.728607	u/I7fridays	flawmrg	u/sgt_mystery_road	flatfos	C
2020-03-23 15:51:15.198341	u/Alpine_E92	flawmt5	u/sub2_pewdiepie	fl98zcj	C
2020-03-23 15:51:17.621497	u/princesshabibi	flawmvk	u/dovedevic	flav3oe	C
2020-03-23 15:51:24.938871	u/---Neko---Hitler---	flawn08	u/lazydonkey25	flaqtsi	C
2020-03-23 15:52:04.900771	u/cyberdiaper	flawoe8	u/Xploiter_RBLX	fla5nxz	C
2020-03-23 15:52:09.397595	u/im_mumflr	flawogz	u/BlackDaggerRose	flawmrt	C
2020-03-23 15:52:11.751900	u/ByronLegion	flawohk	u/Uglypizza69	flauqfv	C
2020-03-23 15:52:16.957205	u/becomingaturtlern	flawoky	u/CurfBoi	flag8ml	C
2020-03-23 15:52:43.594515	u/Doctor_Spaceship	flawp6f	u/Xploiter_RBLX	fla5j4p	C
2020-03-23 15:52:52.916078	u/diddledoo007	flawp7i	u/smeellyshrek	flaovl2	C
2020-03-23 15:53:09.175995	u/HermitTheKermit	flawpqi	u/Tru_Drone_Videos	flaw9k9	C
2020-03-23 15:53:21.623723	u/SvGamerevocator	flawpy5	u/Xploiter_RBLX	fla5nxz	C
2020-03-23 15:53:25.221579	u/DisMemeGuy	flawq1o	u/LnM-Reds	flarz48	C
2020-03-23 15:53:40.932089	u/CaptainHaddock58	flawqld	u/LazyCobrah	fla8tis	C
2020-03-23 15:54:02.742832	u/CEO-of-swag	flawr4j	u/anime_forever03	fl9kvak	C
2020-03-23 15:54:16.774187	u/talzimen2001	flawrt4	u/Skidaadleskadoodle	flawd23	C
2020-03-23 15:54:36.208627	u/1xsazle	flaws8t	u/TheSpooky531	flaw05s	C
2020-03-23 15:54:44.326103	u/derply56	flawsii	u/AwesomeAnsh	fl9o8c2	C
2020-03-23 15:54:53.187189	u/Moscartel	flawsuj	u/BartuArda	flavfvs	C
2020-03-23 15:54:55.343917	u/MiserioSMM	flawsw1	u/AutoModerator	fl9rg3y	C
2020-03-23 15:55:14.189893	u/Niz99	flawthm	u/rasse__	fl9vvo7	C
2020-03-23 15:55:36.208478	u/katerpleena	flawu70	u/Vslashans	flasjlg	C
2020-03-23 15:55:48.335826	u/RJPeaches	flawukn	u/Elementz033	flavnuw	C
2020-03-23 15:55:52.285546	u/PM_ME_Y0UR_BOOBZ	flawuod	u/ThatBoy246	flakim6	C
2020-03-23 15:56:07.838605	u/952611	flawv1e	u/CecilFilipino	flawm02	C
2020-03-23 15:56:45.148507	u/HadesAdmin	flaww4q	u/metalhead-chan	flasbrv	C
2020-03-23 15:56:50.770564	u/ctoosavvy	flawwar	u/sgt_mystery_road	flatfos	C
2020-03-23 15:56:52.570957	u/demsideburns	flawwew	u/anitidae	flaphpw	C
2020-03-23 15:57:03.741978	u/theskankingdragon	flawwyc	u/gigdygigidydoo	flas0o8	C
2020-03-23 15:57:08.027695	u/FrozenG1RAFF3	flawx65	u/kdogfinessed	flapgz7	C
2020-03-23 15:57:11.861424	u/NoVa_Iwarrior	flawxa0	u/XxSkillexxX	flaqmd3	C
2020-03-23 15:57:26.085917	u/NoVa_Iwarrior	flawxxc	u/Shiyama23	flashud	C
2020-03-23 15:57:37.087538	u/Taco_Fries	flawy8x	u/w0kepearman	flav7ki	C
2020-03-23 15:57:39.673847	u/iamandhuman	flawyei	u/_Rusty_Milkshake_	flawpgq	C
2020-03-23 15:58:05.115569	u/corann2609	flawzf3	u/lastplacejunkie	flawmiw	C
2020-03-23 15:58:31.629026	u/cyberdiaper	flax0ha	u/Xploiter_RBLX	flao4w7	C
2020-03-23 15:58:38.806808	u/AustinJJ3	flax0uv	u/woodendoors7	fl5h47j	C
2020-03-23 15:58:44.574233	u/Sunyyan	flax0za	u/WeebNation4	flawk25	C
2020-03-23 15:58:47.410498	u/_darling_devil_	flax16g	u/TheDiabeticGuy	fl9xek6	C
2020-03-23 15:58:52.825866	u/volicloppo	flax1eo	u/StevenGonzale79	flakhwz	C
2020-03-23 15:59:10.532574	u/N4t3z	flay5ag	u/JakeTheFlamingo	fla5my5	C
2020-03-23 15:59:11.744100	u/SomeoneStoleMyOreo	flay5ax	u/piewithadonut	flalqsm	C
2020-03-23 15:59:14.087228	u/FURYEQUALSM4	flay5ek	u/CryptedMayhem	flaq4wz	C
2020-03-23 15:59:16.525983	u/AlexUnskilled	flay5id	u/Xploiter_RBLX	fla5nxz	C
2020-03-23 15:59:31.182198	u/zFafni	flay696	u/salsa2631	flaqwgz	C
2020-03-23 15:59:32.951645	u/IDK_SoundsRight	flay6aq	u/MrProbation	flaxji0	C
2020-03-23 15:59:35.051765	u/grizhe1	flay6g2	u/p_ke	flaqeza	C
2020-03-23 15:59:39.745147	u/Prasiddha427	flay6qe	u/Yami_Yugi__	flaw75h	C
2020-03-23 15:59:44.932607	u/Anafiboyoh	flay70w	u/IeAtAsS694206	flatlr6	C
2020-03-23 15:59:53.986783	u/Asleep_Let	flay733	u/hecking-fricker	flaffrv	C
2020-03-23 15:59:56.515599	u/cooldudegeorge	flay76l	u/ValsoKnight	flawc57	C
2020-03-23 15:59:57.374324	u/AnybodyHaveAClue	flay78p	u/FTstealth77	flaxld7	C
2020-03-23 15:59:58.820850	u/Lordtygon	flay7fs	u/Yami_Yugi__	flaw75h	C
