2020-04-12 19:00:23.330004	u/q9wgyo	fn820wi	u/BlueFlamer3624	fn7nfgi	C
2020-04-12 19:01:33.811755	u/Jack_On_Reddit	fn823ol	u/Laremyunsil	fn79wg3	C
2020-04-12 19:01:48.242783	u/Angel20033	fn824dj	u/SM53ADS	fn7jnku	C
2020-04-12 19:02:12.185668	u/uwantsoysauce	fn82564	u/Lobster_Messiah	fn801oy	C
2020-04-12 19:02:35.069022	u/akanokai	fn82692	u/HeftyCryptographer21	fn822t5	C
2020-04-12 19:02:49.915882	u/SandViking4	fn82714	u/thom2553	fn809fi	C
2020-04-12 19:03:18.492044	u/peakeyk	fn8283f	u/GH0ST-TOST	fn7vqdp	C
2020-04-12 19:04:29.474438	u/Demonai_Warrior	fn82c0e	u/Surviving7	fn7w133	C
2020-04-12 19:04:54.783859	u/The_Brokenbrick	fn82d0s	u/MssDevil	fn81vcf	C
2020-04-12 19:07:10.574701	u/Axton178	fn82jmv	u/Danslive	fn7jot8	C
2020-04-12 19:07:29.326189	u/Burnt_Toast446	fn82kze	u/TimothyMceachro	fn81ef8	C
2020-04-12 19:07:40.143686	u/Akumant	fn82m1b	u/Marshmallowboi0194	fn7hbe2	C
2020-04-12 19:07:54.300419	u/r4av4n	fn82mo7	u/gainzdoc	fn7vf9l	C
2020-04-12 19:08:53.817296	u/DocGray	fn82q4d	u/Jayzarer	fn824tm	C
2020-04-12 19:09:10.139632	u/c-black	fn82r8m	u/Twible404	fn7wlqz	C
2020-04-12 19:09:11.985679	u/SailorYuuki	fn82rbf	u/Rocc6913	fn82oco	C
2020-04-12 19:09:41.690428	u/drkndwht	fn82tx9	u/RifeUnleashed	fn81i0i	C
2020-04-12 19:09:43.379684	u/GenitalKenobi	fn82u1k	u/SkoglundTheGreat	fn7omuf	C
2020-04-12 19:09:45.568027	u/showmememespls	fn82u7v	u/DontEatMonkeys	fn2qjru	C
2020-04-12 19:09:52.369753	u/awesomeperson73	fn82va6	u/theguiltyflea	fn82s1c	C
2020-04-12 19:10:00.148258	u/yoonjisong	fn82vvt	u/TickleDuckFeathers	fn82mcm	C
2020-04-12 19:10:32.523040	u/gta3uzi	fn82xo7	u/RepostSleuthBot	fn7tzn5	C
2020-04-12 19:11:32.636978	u/Fluffberrieh	fn830hb	u/SirAren	fzy414	S
2020-04-12 19:11:36.120972	u/MrBlargMaster	fn830l5	u/nontoxicpoisonJR	fn82tpu	C
2020-04-12 19:12:07.266615	u/AuthorityRemix	fn831vc	u/safibellatrix	fn7tifs	C
2020-04-12 19:12:20.351188	u/TheRealRiazK	fn8324y	u/Hegazy_-	fn81vge	C
2020-04-12 19:13:24.379874	u/Geogracreeper	fn834yy	u/Herman_Petrus	fn7yw5e	C
2020-04-12 19:13:26.552452	u/kowAdunga	fn8350f	u/Inca-Mew	fn7r00p	C
2020-04-12 19:13:39.274851	u/Aetas800	fn835l3	u/mforce187	fn7yvww	C
2020-04-12 19:13:41.422973	u/yzheng0311	fn835ky	u/DarthKnoll	fn823if	C
2020-04-12 19:13:45.814263	u/SirPoopyStink	fn835o1	u/banzaihead	fn7z44d	C
2020-04-12 19:14:14.008039	u/TurkeyCunt	fn83775	u/Ozzi905	fn829fw	C
2020-04-12 19:14:26.233204	u/Criticcc	fn83816	u/CpTKugelHagel	fn7yt04	C
2020-04-12 19:14:51.901794	u/LucidIllusion	fn839h3	u/Ollie42invader	fn80d8y	C
2020-04-12 19:15:46.213720	u/Fluuma	fn83ch9	u/64SmartName	fn73xhh	C
2020-04-12 19:15:55.480325	u/AdjustAndAdapt	fn83csl	u/TheLambOfChrist	fn6g2bx	C
2020-04-12 19:16:04.921972	u/Mattaratta78	fn83d3z	u/SkoglundTheGreat	fn6zcra	C
2020-04-12 19:16:23.885220	u/LasFolie	fn83e0y	u/biggestunitofalltime	fn5xkzl	C
2020-04-12 19:16:42.198089	u/Gnat_Swarm	fn83f5j	u/michaeldark49a	fn8399b	C
2020-04-12 19:16:44.084892	u/ConstantShadow	fn83f72	u/Jaface	fn6qbto	C
2020-04-12 19:16:59.034568	u/-TheYes	fn83g2g	u/03EngineEar	fn81maw	C
2020-04-12 19:17:12.934814	u/knielespieter	fn83gky	u/MarekGrr	fn7p2gu	C
2020-04-12 19:17:21.981090	u/TheBuilderDrizzle497	fn83gw7	u/bluegreenflamingo	fn81sum	C
2020-04-12 19:18:12.707641	u/LifeisFunny69	fn83jq8	u/TheReal_CoCo	fn83ia9	C
2020-04-12 19:18:18.908299	u/TopiTheObscure	fn83k0w	u/AntiSaintArdRi	fn831qg	C
2020-04-12 19:18:51.976549	u/epicclashroyalegamer	fn83m41	u/moneyforcolleg	fn6wcku	C
2020-04-12 19:19:14.303629	u/IFireofDarkness	fn83nh3	u/Dexaryle	fn74hf9	C
2020-04-12 19:19:18.095225	u/ItsUrBoiAman	fn83nle	u/CoffeeDust_exe	fn81pd2	C
2020-04-12 19:19:30.915098	u/EXTRAsharpcheddar	fn83oc1	u/KKilikk	fn6vsnr	C
2020-04-12 19:19:37.585968	u/Stoner-Shaggy	fn83otu	u/Bruh_Bot_	fn75tug	C
2020-04-12 19:19:38.501894	u/CosmosCosmic	fn83oxc	u/MAGIC_EYE_BOT	fn83iok	C
2020-04-12 19:19:47.857952	u/Owenn_18	fn83q2h	u/420blazeit69nubz	fn7nffh	C
2020-04-12 19:19:54.320642	u/WOOD-MINER	fn83qsu	u/DeeDuy	fn83ph3	C
2020-04-12 19:19:55.279794	u/Pippin_48	fn83r4v	u/oLynxx	fn834dd	C
2020-04-12 19:19:59.797690	u/a_wild_shiggy	fn83s0w	u/TheFakeAnastasia	fn6j0ds	C
2020-04-12 19:20:17.791757	u/someGamingChicks	fn83smk	u/Donfau	fn7vim2	C
2020-04-12 19:20:36.687046	u/garbagecollector56	fn83tpx	u/Lilmissloveleigh	fn7zrrx	C
2020-04-12 19:21:15.379005	u/xHqck3r	fn83uzg	u/NateZMCOG	g06g1x	S
2020-04-12 19:21:33.823839	u/MemeMaster225	fn83vhb	u/lmfao_my_mom_died	fn80qdq	C
2020-04-12 19:21:40.868527	u/Geo_bot	fn83vow	u/RepostSleuthBot	fn6y95p	C
2020-04-12 19:21:47.063600	u/IStrangerThingsFanI	fn83vu9	u/NoNameIdeasPlsHalp	fn7ip1l	C
2020-04-12 19:21:52.780365	u/bobo331331	fn83w1q	u/joemamacare	fn7uist	C
2020-04-12 19:22:30.072474	u/Bigbuster153	fn83wtj	u/Topd808	fn83pym	C
2020-04-12 19:22:48.581233	u/jaceto122	fn83xdl	u/ImTheElephantMan	fn73dsx	C
2020-04-12 19:24:03.932313	u/17Sandelf	fn840n1	u/Pangin51	fn7yirg	C
2020-04-12 19:24:08.146427	u/ch33kc14993r	fn840qq	u/NereDtft	fn83lzv	C
2020-04-12 19:24:19.830025	u/ModernSisyphus	fn8417x	u/quantum_ice	fn7s9dt	C
2020-04-12 19:24:23.766854	u/squisher90	fn841a8	u/3460jordt	fn7t2vb	C
2020-04-12 19:24:31.346820	u/popper82748273	fn841rm	u/taeD2004	fn7y5gb	C
2020-04-12 19:24:43.221333	u/LimpSteak	fn842ay	u/dreadfulcolt	fn824yr	C
2020-04-12 19:24:48.699911	u/ShadowYeeter	fn842ic	u/nobody384	fn82lyg	C
2020-04-12 19:25:00.672136	u/___DEADPOOL______	fn842t8	u/hentai_potato	fn7niex	C
2020-04-12 19:26:23.245627	u/Oscar-D-H	fn846vm	u/DamnYouRichardParker	fn7dgvj	C
2020-04-12 19:26:37.342722	u/A_W1534	fn847hk	u/AK47_Sushant	fn809n0	C
2020-04-12 19:26:44.178122	u/frenchprincebelair	fn8486z	u/overlord_of_cringe	fn847at	C
2020-04-12 19:26:58.085126	u/Bluetransformer	fn8490r	u/epic696969	fn83t5u	C
2020-04-12 19:27:25.184573	u/Dwight-kurt-shrute	fn84abh	u/Salad_Nugget	fn7ygob	C
2020-04-12 19:27:34.575682	u/Edo0024	fn84bce	u/iRob0tt	fn7ve0h	C
2020-04-12 19:28:07.295323	u/LordJack225Pig	fn84dkv	u/SirisIB01	fn845we	C
2020-04-12 19:28:14.713988	u/Yahav_	fn84e4o	u/funny_man_reddituser	fn84bdd	C
2020-04-12 19:28:44.313274	u/Dr_JGOD	fn84g23	u/Undead_Moosk	fn7ifvn	C
2020-04-12 19:29:04.778598	u/TacticalDifficulty	fn84hu2	u/Laremyunsil	fn84fjg	C
2020-04-12 19:29:05.950567	u/C0NTR0L-	fn84huw	u/fin_pepper	fn84aml	C
2020-04-12 19:29:23.548034	u/MehdiMM2000	fn84im5	u/Inca-Mew	fn7r00p	C
2020-04-12 19:29:26.026009	u/EvilDerpGD	fn84iu9	u/PooTeaPie	fn84d1d	C
2020-04-12 19:29:27.055914	u/xEL-PROx	fn84iw1	u/RepresentativeCake0	fn7b8xc	C
2020-04-12 19:29:30.379413	u/galacticspheal	fn84j5t	u/try-anther419	fn799up	C
2020-04-12 19:29:45.340556	u/RowdyRedPanda18	fn84l3a	u/MsPotatoPenis	fn83ga2	C
2020-04-12 19:29:47.162107	u/Bubbles_on_Phyer	fn84l5e	u/HippityHoppitus-	fn6udak	C
2020-04-12 19:29:53.444174	u/RoTheCrow	fn84llf	u/Benedict-Cursed	fn83gd0	C
2020-04-12 19:30:06.355951	u/spingus123	fn84n0h	u/Doehap	fn7tzgk	C
2020-04-12 19:30:23.140855	u/ThiccChicken024	fn84nev	u/ilikebaloons-owo	fn84g5t	C
2020-04-12 19:30:32.673466	u/Bushax	fn84nzl	u/potatojoe21	fn6lu20	C
2020-04-12 19:31:07.871830	u/LukariBRo	fn84pnk	u/floridas_lostboy	fn6wnv9	C
2020-04-12 19:31:33.880965	u/supertest156	fn84qsb	u/westerlypolecat	fn846af	C
2020-04-12 19:31:40.604228	u/kap9932	fn84r47	u/Remy10Reddit	fn7dert	C
2020-04-12 19:32:12.675391	u/_ramen_nooodles	fn84s3a	u/TwicerUpvoter	fn6y2wv	C
2020-04-12 19:32:27.781051	u/shrek_car	fn84sp1	u/VaticanCameos714	fn83j4g	C
2020-04-12 19:33:00.817850	u/Fandumahtz	fn84v3q	u/JoseVonGeburtstag	fn7zx0b	C
2020-04-12 19:33:10.502132	u/MiniTyroneofficial	fn84vn2	u/ExploitFlakes	fn84php	C
2020-04-12 19:33:22.836232	u/Broucken	fn84wdn	u/nobody384	fn84i0h	C
2020-04-12 19:34:12.185224	u/Bambisaur91	fn84yhk	u/pastafarnianism	fn82cfe	C
2020-04-12 19:34:28.409943	u/lockstock1230	fn84yqu	u/Tomas-Turbado	fn8041t	C
2020-04-12 19:34:35.703389	u/gc1519536	fn84z3a	u/Kelovix	fn5t6e3	C
2020-04-12 19:34:42.128330	u/JAXAJA101	fn84z8o	u/sinjidsotw	fn6id9n	C
2020-04-12 19:35:08.631697	u/H3llYeahBeech	fn850wm	u/IneedSleepPlzHelp	fn7yyz7	C
2020-04-12 19:35:31.587964	u/rodrigo_vale05	fn851id	u/ArcherAlexis0	fn83a7u	C
2020-04-12 19:35:51.324131	u/PoppyPanache	fn8524a	u/speedbarrier-SRA	fn83rn4	C
2020-04-12 19:36:44.601265	u/SneerfulSpore96	fn855y8	u/tearose11	fn852th	C
2020-04-12 19:37:01.471213	u/littlepat84	fn856yj	u/JKronich	fn84zhv	C
2020-04-12 19:37:13.225072	u/FearMyMinecraft	fn857e4	u/supertest156	fn84vbx	C
2020-04-12 19:37:21.640750	u/JamesGryphon	fn857pp	u/NightFighter013	fn81vbr	C
2020-04-12 19:37:47.933220	u/osuchan	fn858lp	u/DavidBiscou	fn6q6ue	C
2020-04-12 19:39:09.159602	u/DaGamingchicken	fn85e0p	u/RepostSleuthBot	fn8556i	C
2020-04-12 19:39:19.556827	u/Baconhairdude	fn85e48	u/tanh_	g04p54	S
2020-04-12 19:39:31.832802	u/MexicanBallbag	fn85eum	u/JStrick09	fn84nel	C
2020-04-12 19:39:52.979951	u/gaberham0	fn85h42	u/Faggit-obrien	fn859as	C
2020-04-12 19:39:53.924258	u/dankitaly	fn85ha5	u/PONCHO-KING	fn74b7l	C
2020-04-12 19:39:58.749819	u/UsernameWowserz	fn85ie7	u/lil_beanie420	fn85cy9	C
2020-04-12 19:41:03.142944	u/MACH1NE_99	fn85lhl	u/CinciPhil	fn81qrb	C
2020-04-12 19:41:06.989361	u/Loops-101	fn85ljl	u/Memer_Vincee	fn73kbd	C
2020-04-12 19:41:17.952729	u/hanhkhoa	fn85ltp	u/JoseVonGeburtstag	fn7zx0b	C
2020-04-12 19:41:23.662977	u/thicc_boi2	fn85m0v	u/mango-tornado	g04tw2	S
2020-04-12 19:42:21.986772	u/carterjazz	fn85nwx	u/PooTeaPie	fn83pvd	C
2020-04-12 19:42:27.694681	u/Icelifeline	fn85o6q	u/SoWokeIdontSleep	fn72cxm	C
2020-04-12 19:42:31.068233	u/Tmil_	fn85o7g	u/SS_1407	fn81ywm	C
2020-04-12 19:42:40.457370	u/snargthedestroyer	fn85okr	u/meme--dealer	fn7nnks	C
2020-04-12 19:43:00.001159	u/uioisthepro	fn85p6w	u/nobody384	fn85e97	C
2020-04-12 19:43:12.630835	u/Wolve31	fn85pn6	u/Grayyeo2213	fn76a22	C
2020-04-12 19:43:26.250683	u/SmallBalIs	fn85q9m	u/theonlygodyouneed	fn7dim0	C
2020-04-12 19:43:33.620518	u/RandomAdam0422	fn85qiz	u/ko5aa	fn743o9	C
2020-04-12 19:43:43.752665	u/GiftedString109	fn85qti	u/WolfsniperYT	fn7rvry	C
2020-04-12 19:44:07.203501	u/Ragepenguin555	fn85rpc	u/ImAchili	fn7rywp	C
2020-04-12 19:44:20.482001	u/RuukotoPresents	fn85s7s	u/sausagerecord	fn85i58	C
2020-04-12 19:44:28.864835	u/obiemikecanobie2	fn85sst	u/ToasterDust	fn6i8gn	C
2020-04-12 19:44:52.548523	u/Carmy161	fn85tz9	u/XboxAddict05	fn831cs	C
2020-04-12 19:45:16.127842	u/Grayto123	fn85ux2	u/_Xx_ShadowHunter_xX_	fn79wuc	C
2020-04-12 19:45:32.599005	u/henrik392	fn85vpz	u/RetardsBeLike	fn7w5as	C
2020-04-12 19:45:45.080983	u/LeDucky99	fn85w1o	u/tearose11	fn85l5h	C
2020-04-12 19:46:14.908888	u/ben-dover-all-red-e	fn85xl3	u/bigest-brain	fn7lkgw	C
2020-04-12 19:47:30.534654	u/TheBlueInk1	fn860zs	u/WiteMann	fn7zjbi	C
2020-04-12 19:47:52.194616	u/IJustWannaGrill420	fn862cv	u/waaromleefik	fn7gkt1	C
2020-04-12 19:48:09.979835	u/modo_diablo_skere	fn863h5	u/Maybe_not_a_chicken	fn7yjy6	C
2020-04-12 19:48:18.092612	u/Albusbusch	fn863sj	u/akanokai	g03oj6	S
2020-04-12 19:48:22.848683	u/Collistoralo	fn8642p	u/RepostSleuthBot	fn860nn	C
2020-04-12 19:48:24.359218	u/Korporal_Kapuzen	fn86432	u/Shiny_Agumon	fn85uca	C
2020-04-12 19:48:35.510179	u/PiorkoZCzapkiJaskra	fn864vu	u/Lilmissloveleigh	fn7zrrx	C
2020-04-12 19:48:49.029894	u/patticakes19	fn865ya	u/june-bug-69	fn7vfxe	C
2020-04-12 19:49:29.848671	u/jabba_hut55	fn867zs	u/Triple_A8X	fn81zam	C
2020-04-12 19:49:52.264361	u/lvl99andNoGasTanK	fn869if	u/Kriotik	fn7y8d8	C
2020-04-12 19:49:58.515376	u/Awesomeness077	fn86ad7	u/SusalulmumaO12	fn6nq6v	C
2020-04-12 19:50:00.145751	u/heavmetalfatboi	fn86aob	u/Sh0ckWav3_	fn7p7i2	C
2020-04-12 19:50:11.159022	u/SexyMexican666	fn86awd	u/Yaseralbaker	fn861tp	C
2020-04-12 19:50:44.319903	u/alienPasta	fn86bxx	u/Cripyon	fn867cj	C
2020-04-12 19:50:47.861988	u/harawlins_box142	fn86c0x	u/TravisGG05	fn8680c	C
2020-04-12 19:51:49.416749	u/RedSkull750	fn86fkc	u/thomas_and_freinds	g03yp7	S
2020-04-12 19:52:40.130277	u/kingkizzle420	fn86hr7	u/lilrachelxo	fn86gmk	C
2020-04-12 19:52:47.939753	u/butter3904	fn86i0n	u/memeknight02	fn826j9	C
2020-04-12 19:53:02.061936	u/cedricymc	fn86j0o	u/Your_Last_Ink_Roll	fn7zj6m	C
2020-04-12 19:53:22.199773	u/piratax300	fn86jjp	u/_Xand0n_	fn7rsuv	C
2020-04-12 19:53:30.195594	u/GalacticLunarLion	fn86jts	u/WhoDatFreshBoi	fn7w6jo	C
2020-04-12 19:53:51.137926	u/shadow_destroyer217	fn86kpm	u/_Xx_ShadowHunter_xX_	fn79wuc	C
2020-04-12 19:54:25.743729	u/EggsoluteUnit	fn86mct	u/neurothoughtmachine	fn84dvz	C
2020-04-12 19:54:28.864943	u/Kunterjohn36	fn86mfe	u/InfernoEclipse	fn7zdi0	C
2020-04-12 19:54:35.479814	u/FreyjaKun	fn86ms7	u/tearose11	fn84z69	C
2020-04-12 19:55:02.656509	u/Michael_Potatoman	fn86o0q	u/unclerico589	fiigkgt	C
2020-04-12 19:55:37.633041	u/HonestTailor	fn86pn8	u/An0N-3-M0us3	fn86p76	C
2020-04-12 19:55:52.683662	u/DingusTickler007	fn86q9u	u/xXPolaris117Xx	fn86jq2	C
2020-04-12 19:55:57.528632	u/MindlessEgg	fn86qjq	u/Hairbear04	fn86ozb	C
2020-04-12 19:56:14.177813	u/ZeNtoSilVer	fn86r3u	u/mforce187	fn7yvww	C
2020-04-12 19:56:29.483357	u/Vandastic	fn86ryz	u/ZayyWopp	fn7q754	C
2020-04-12 19:56:37.966112	u/EmotionalField	fn86shn	u/Vandastic	fn86ryz	C
2020-04-12 19:57:02.278586	u/IDrinkBleachLatte	fn86u10	u/lvl99andNoGasTanK	fn869if	C
2020-04-12 19:57:43.403967	u/JustAWeeboo	fn86w2v	u/Billy_Rocks	fn7jinz	C
2020-04-12 19:57:54.037678	u/chickennugget1356	fn86wld	u/YourBelovedPenguin	fn7po6w	C
2020-04-12 19:58:07.514723	u/astabaliano	fn86xk4	u/Benedict-Cursed	fn828bc	C
2020-04-12 19:58:22.838924	u/jec52208	fn86ylr	u/is-golden	fn83scs	C
2020-04-12 19:58:54.318703	u/likmadickma	fn870a2	u/PP_man937	fn86y4h	C
2020-04-12 19:59:43.711557	u/OrwinBeane	fn874vq	u/The2NDComingOfChrist	fn858ht	C
2020-04-12 19:59:48.324318	u/A_Midget_Stripper	fn875br	u/Bruh_Bot_	fn80rpa	C
2020-04-12 19:59:49.418897	u/tacodog787	fn875f8	u/X_skank_X	fn857x9	C
