2020-04-14 04:00:04.286552	u/-Sir_Galahad-	fncxv9x	u/thatguyphelps	fncnkof	C
2020-04-14 04:00:34.885352	u/ODpoetry	fncxvo7	u/baghead08	fncrsbw	C
2020-04-14 04:00:56.318875	u/giantfood	fncxw7n	u/G0DPHOENIX	fncxs6y	C
2020-04-14 04:00:58.556036	u/DeadThanos	fncxw8l	u/Blacmac99	fncxtxh	C
2020-04-14 04:02:02.157017	u/maxiejjj	fncxxu4	u/Idkwhattochoosetho	fncwk70	C
2020-04-14 04:02:08.283843	u/wmg22	fncxxw0	u/connor24steele	g0x3ky	S
2020-04-14 04:02:22.015957	u/poseidonkid03	fncxyb0	u/KMS_Prinz-Eugen	fncxwxe	C
2020-04-14 04:03:06.781900	u/giantfood	fncxzwl	u/G0DPHOENIX	fncxxdg	C
2020-04-14 04:03:11.071097	u/blakethebluedragon	fncxzy0	u/Bruh_Bot_	fmymlap	C
2020-04-14 04:03:31.697204	u/kuwagami	fncy0hn	u/jarring_bear	fncsown	C
2020-04-14 04:03:45.375557	u/Jackthompson1982	fncy11y	u/letsgetpunk	fncw92j	C
2020-04-14 04:04:04.179402	u/giantfood	fncy1rr	u/G0DPHOENIX	fncy0tk	C
2020-04-14 04:04:11.985148	u/mikerd007	fncy1ws	u/MagyTheMage	fnc7rls	C
2020-04-14 04:04:42.557878	u/RainMakrr	fncy302	u/mil_boi42	fncwwpq	C
2020-04-14 04:04:52.123700	u/danielg123jr	fncy39s	u/TheRand0mTurkey	fncwihs	C
2020-04-14 04:05:41.601964	u/Samtheman11507	fncy4rz	u/Chewy_User	fncck87	C
2020-04-14 04:05:51.071151	u/adoorhinge5407	fncy580	u/AndersNoes	fncy3i1	C
2020-04-14 04:06:45.490535	u/hackaholic5069	fncy6tf	u/Jax_Destro	fncwqs8	C
2020-04-14 04:07:03.265462	u/HansKlohs	fncy7d6	u/DoctorSquidton	fn9cbpu	C
2020-04-14 04:07:14.120855	u/yeety_boi69420	fncy7kt	u/Noerdy	fncwqtf	C
2020-04-14 04:07:30.601296	u/milenkotheboy	fncy838	u/youfibbedinjanuary	fncwbln	C
2020-04-14 04:07:45.642924	u/CuteCumbar11	fncy8kl	u/magnetarbeing	fncvxpf	C
2020-04-14 04:07:50.659420	u/N1nt3nd0gs	fncy8qf	u/electr9	fncv20w	C
2020-04-14 04:07:52.368493	u/herobrinesnotamyth	fncy8uc	u/TheFluffyIron	fncxvuh	C
2020-04-14 04:07:59.531147	u/plotdavis	fncy93l	u/RedShankyMan	fnacusl	C
2020-04-14 04:08:03.380133	u/2snakelegs	fncy945	u/HAPPY-BIRTHDAY-RAVEN	fncy2mq	C
2020-04-14 04:08:16.964466	u/370455V	fncy9u6	u/Frontline_69	fncxxd2	C
2020-04-14 04:08:34.953935	u/lord-of-bacon	fncya9h	u/Tankertot1123	fncw5qt	C
2020-04-14 04:08:59.565662	u/JetShoes11	fncyb9a	u/Ultra_Noobzor	fncx7p7	C
2020-04-14 04:09:23.260216	u/moisesv336	fncyc3x	u/UselessLightyear	fncy67j	C
2020-04-14 04:09:40.524032	u/superzeehond	fncyco3	u/TheXplorar	fncrbst	C
2020-04-14 04:09:58.143167	u/Magalabungalaho	fncydrj	u/NvrOnTime	fnbzm2h	C
2020-04-14 04:10:08.317755	u/NotNamedNathan	fncye2f	u/georgkingjunior8514	fncy3n9	C
2020-04-14 04:10:19.720614	u/CheeseToastboi	fncye62	u/nkrsshp	fncwi9v	C
2020-04-14 04:11:54.647399	u/clementinevalley	fncyg0z	u/jarring_bear	fncsown	C
2020-04-14 04:13:01.828226	u/GOB224	fncyhtf	u/hut-out-pizza-er	fncuog0	C
2020-04-14 04:13:16.183764	u/NiceDumbbell	fncyi2g	u/Kesivan	fncvvdq	C
2020-04-14 04:13:29.515030	u/SparrowAzX	fncyic5	u/Ninbendo1234	fncq7vv	C
2020-04-14 04:13:44.713295	u/Sumbodee16	fncyily	u/RainMakrr	fncy302	C
2020-04-14 04:14:47.255238	u/Khaled34562	fncykaf	u/FlyingSpacefrog	fncaj88	C
2020-04-14 04:15:04.999093	u/thoughtful_thot	fncykg6	u/Darth_Ewok14	fncjlfa	C
2020-04-14 04:15:59.858160	u/Adjeeeeee	fncylmr	u/N1nt3nd0gs	fncy8qf	C
2020-04-14 04:16:10.037013	u/Mido337383	fncym1l	u/TheKharjo	fncykyu	C
2020-04-14 04:16:35.338111	u/kingtrev74	fncymzs	u/LuckyAceBlue	fncnx4d	C
2020-04-14 04:16:42.563577	u/SupaaaaWEEGEE777	fncyn8n	u/im-here-with-stupid	fncykv6	C
2020-04-14 04:17:18.845444	u/wulfje123	fncyohi	u/TheXplorar	fnct3vi	C
2020-04-14 04:17:27.413925	u/pitt0518	fncyoso	u/mknecro	fncy9ov	C
2020-04-14 04:18:11.943101	u/Sesbenator	fncyq9e	u/b0i_69	fncx964	C
2020-04-14 04:18:43.365259	u/willallan05	fncyra1	u/xEL-PROx	fnb4y32	C
2020-04-14 04:18:46.492713	u/BiblicleSheep	fncyrcf	u/UUYTK	fncyq52	C
2020-04-14 04:19:33.738923	u/derblauecreeper7	fncyslg	u/MrHanslaX	fncyrhu	C
2020-04-14 04:19:54.342080	u/derblauecreeper7	fncytej	u/MrHanslaX	fncyrhu	C
2020-04-14 04:20:32.677127	u/0310smarty	fncyulo	u/JustJJ92	fncu91w	C
2020-04-14 04:21:20.035452	u/redditcontrol	fncyvu7	u/ggDag36	fn9kw87	C
2020-04-14 04:21:40.182947	u/MachinaMaker	fncyw7u	u/LaxLapo	fncp6sj	C
2020-04-14 04:21:44.694387	u/AlbinoEconomics	fncyw9r	u/Mido337383	fncym1l	C
2020-04-14 04:22:08.168307	u/RaymonKnight	fncywkf	u/GrilledLettuce2_0	fncyvde	C
2020-04-14 04:22:10.455096	u/jmar_000	fncywn1	u/kian1380	fncy88p	C
2020-04-14 04:22:44.395575	u/fiddleofGold_	fncyxkh	u/YEETBONG	fncx6bf	C
2020-04-14 04:22:46.601511	u/Pabloich	fncyxqu	u/Dekuscrub321	fncri7x	C
2020-04-14 04:23:02.683857	u/PowerHautege	fncyxum	u/EyrSlayer02	fnb384z	C
2020-04-14 04:23:25.521398	u/ar-guetita	fncyygw	u/ModelT1300	fncyvww	C
2020-04-14 04:23:31.562726	u/HylixGamez	fncyyii	u/Ductape_the_Short	fncyr8s	C
2020-04-14 04:23:34.868810	u/jaredisurdad	fncyyj6	u/soupy-eggeater	fncxln6	C
2020-04-14 04:23:40.364633	u/_Viskey_	fncyylh	u/Loki_Berry	fncyov7	C
2020-04-14 04:23:47.646127	u/827167	fncyyq3	u/belgianPotatian	fnbz9rq	C
2020-04-14 04:23:55.034996	u/edgebay	fncyysu	u/AlbinoEconomics	fncyw9r	C
2020-04-14 04:24:08.838953	u/yxgxz_	fncyyv2	u/MRPIG53	fncxvf2	C
2020-04-14 04:24:10.926911	u/uwentwege	fncyyvo	u/Noneofyourbuisness_	fncyl9u	C
2020-04-14 04:24:32.864260	u/Southern2002	fncyz97	u/Distonoplant1	fnccv9t	C
2020-04-14 04:25:15.367291	u/someoneinthefield	fncz048	u/Bottle_case	fncjnce	C
2020-04-14 04:25:27.243968	u/HannsGruber	fncz0dw	u/1fifty7	fnc5mer	C
2020-04-14 04:25:31.230337	u/KostSenpai	fncz0kd	u/HardCor921	fncvelh	C
2020-04-14 04:25:51.390332	u/jijijijijuhuhuhuh	fncz175	u/Beans_42069	fncwy7o	C
2020-04-14 04:26:55.465316	u/7venLargebaboon	fncz312	u/worlddestroyerX	fncwxnr	C
2020-04-14 04:27:33.593111	u/PayDaddi	fncz44g	u/Russian-Seel	fncxei7	C
2020-04-14 04:28:05.937453	u/IveGotAYTChannel	fncz50s	u/Eden_T17	fncv40x	C
2020-04-14 04:28:13.209349	u/Amaswala91	fncz56n	u/GoodVibeKnight	fnar02d	C
2020-04-14 04:28:31.757077	u/TBNecksnapper	fncz69h	u/Natzival	fnbr4h5	C
2020-04-14 04:28:36.920549	u/the_juan_1	fncz6bp	u/heivdbfjthe	fncz4iv	C
2020-04-14 04:28:49.474272	u/iamGalantus	fncz71p	u/reddit-emoji-police	fncz4p4	C
2020-04-14 04:29:11.655315	u/Leftnuttrauma91	fncz7y4	u/ThatRandomCODPlayer	fncsfjh	C
2020-04-14 04:29:26.249926	u/MyConverseIsReversed	fncz8v4	u/connor24steele	g0x3ky	S
2020-04-14 04:29:28.133234	u/Leftnuttrauma91	fncz8vc	u/True-Fate	fncahwx	C
2020-04-14 04:29:43.284167	u/yodudewtf0512	fncz9q0	u/kian1380	fncyzcx	C
2020-04-14 04:29:44.085734	u/CaIIMeShadow	fncz9s6	u/MaximusLazinus	fncz6eg	C
2020-04-14 04:30:45.245195	u/qwertyhay3	fnczcbr	u/BenitoBendito	fnc1uti	C
2020-04-14 04:31:46.830274	u/xtrip1	fnczdza	u/AutoModerator	fl3u1tj	C
2020-04-14 04:32:41.050395	u/amborghini77777	fnczf87	u/crobix5353	fnczegd	C
2020-04-14 04:32:43.263659	u/WaitWazzaaaaaap	fnczf8u	u/Kind-Pop	fl3zlqu	C
2020-04-14 04:32:53.713097	u/AdamLito555	fnczfoz	u/Xukay333	fmlmpwb	C
2020-04-14 04:33:11.571981	u/Panic_Shooter	fnczg2h	u/baghead08	fncotlm	C
2020-04-14 04:33:13.717832	u/proguyisaprorlly	fnczg4v	u/spitfire_JTT	fncs6tf	C
2020-04-14 04:33:30.203540	u/Plazma_Stipe	fnczgps	u/1fifty7	fnc5mer	C
2020-04-14 04:33:39.472660	u/Comp_uter15776	fnczh1u	u/whyyyyyyyyyy12356	fnccp3w	C
2020-04-14 04:33:43.561580	u/JoggybearBE	fnczh3p	u/leko-baye	fn9sehc	C
2020-04-14 04:33:45.678001	u/1111stfu	fnczh81	u/pinanok	fncz52m	C
2020-04-14 04:33:51.904510	u/AccomplishedDig5	fnczhe2	u/Adjeeeeee	fncylmr	C
2020-04-14 04:33:54.015399	u/Raiders_dono	fnczhey	u/watermelondoge69_420	fncn396	C
2020-04-14 04:33:59.104365	u/xtrip1	fnczhjv	u/ChrisCreatesStuff	flqxsfz	C
2020-04-14 04:34:41.099990	u/MorbidRealityy	fnczido	u/Dealkill	fnc5me0	C
2020-04-14 04:36:03.709009	u/DebagnikKar	fnczkoq	u/bullshit_ranger	fncyeb8	C
2020-04-14 04:36:35.932116	u/Imperial_Patriot66	fnczlcl	u/ribcatcher	fncy6w0	C
2020-04-14 04:38:10.218505	u/Otaku-boii	fnczopj	u/IamBeelzebubIV	fnc56tb	C
2020-04-14 04:38:15.966319	u/NostraThomas1	fnczoth	u/ALQaholic835	fnca50j	C
2020-04-14 04:38:31.264781	u/jake711-	fnczp85	u/Dollon_da_God	fncr907	C
2020-04-14 04:38:36.503383	u/KevinFlantier	fnczpg1	u/belgianPotatian	fnbz9rq	C
2020-04-14 04:38:51.875362	u/SmokyRobinson	fnczpt9	u/CorporalBigWille	fncy1ty	C
2020-04-14 04:39:28.410536	u/Ellotron20	fnczrx5	u/DanielGREY_75	g0gce2	S
2020-04-14 04:39:32.186467	u/FunnyPhrases	fnczs2g	u/Ri0sRi0t	fncb9ut	C
2020-04-14 04:39:35.027250	u/Fooltere	fnczs8o	u/friendly_researcher	fncd007	C
2020-04-14 04:39:43.437612	u/modronebo	fnczsq2	u/Soviet-Chungus	g11mnq	S
2020-04-14 04:39:54.733069	u/modronebo	fnczt7u	u/modronebo	fnczsq2	C
2020-04-14 04:40:11.809224	u/MrMistercz	fnczua2	u/DoggoBoi46	fnczco0	C
2020-04-14 04:40:34.014495	u/Linelino	fnczv0r	u/Original_Name_420	fnczqlq	C
2020-04-14 04:41:13.380729	u/reqwiemcarn	fnczw4q	u/DarthJJAbrahams	fncz5so	C
2020-04-14 04:41:52.181109	u/a-guy-you-can-see	fnczx42	u/GrilledLettuce2_0	fncyoqt	C
2020-04-14 04:41:57.218209	u/redBeepis	fnczx7w	u/ticehtapAHeretic	fncwfuc	C
2020-04-14 04:42:03.571936	u/_j_e__r__r_y_	fnczxbu	u/memezop	fncesrr	C
2020-04-14 04:42:11.565542	u/mertsarihan	fnczxmk	u/ThepriestofPepe	fnczuap	C
2020-04-14 04:42:14.820376	u/a-guy-you-can-see	fnczxmt	u/GrilledLettuce2_0	fncyv4y	C
2020-04-14 04:43:24.500443	u/_sadlysobbing_	fnczzfa	u/a-guy-you-can-see	fnczx42	C
2020-04-14 04:43:26.649327	u/toeman79	fnczzfl	u/Craft55693	fnczfj0	C
2020-04-14 04:44:09.531912	u/TuberTale	fnd00mz	u/derpymango89	fmlh4qq	C
2020-04-14 04:44:22.681072	u/Ermo_Mg	fnd00qz	u/TRoastedPotato	fnczzyj	C
2020-04-14 04:44:35.207407	u/skittlemypickles	fnd0190	u/jokel7557	fnc3obe	C
2020-04-14 04:45:09.463396	u/Ermo_Mg	fnd02cz	u/TRoastedPotato	fnd01zv	C
2020-04-14 04:45:38.921241	u/jemoederisdik123	fnd03cy	u/Paloosky	fnczjin	C
2020-04-14 04:45:41.857031	u/Strong_Wiener	fnd03kz	u/RodzRodzRodz	fncxjtb	C
2020-04-14 04:45:54.200614	u/Nicky1474	fnd03th	u/Idkwhattochoosetho	fncy171	C
2020-04-14 04:46:18.304273	u/Ermo_Mg	fnd04bi	u/TRoastedPotato	fnd02qy	C
2020-04-14 04:46:43.793370	u/DanMaarDina	fnd04w2	u/SupaaaaWEEGEE777	fncus4j	C
2020-04-14 04:46:52.429205	u/Tristanvh2007	fnd04wu	u/Christopher1228	g0u7rm	S
2020-04-14 04:47:00.566955	u/DreamCarsAustin	fnd056g	u/A_soggy_nugget	fncytvz	C
2020-04-14 04:47:21.721239	u/dovakin123489	fnd063a	u/im-here-with-stupid	fncykv6	C
2020-04-14 04:47:27.384640	u/ALTIEUvvU	fnd065q	u/awesomesaying65	fncw32s	C
2020-04-14 04:47:48.493313	u/sonda03	fnd06zl	u/Panic_Shooter	fnczg2h	C
2020-04-14 04:48:01.454895	u/Vinegar_Is_Neat	fnd07hb	u/Hurt_b_go	fnczi6c	C
2020-04-14 04:48:08.495989	u/Omriudler	fnd07pi	u/AccomplishedDig5	fnczhe2	C
2020-04-14 04:48:23.304030	u/NasalPenny455	fnd0815	u/DimaCola	fncxii9	C
2020-04-14 04:48:26.511342	u/a-username-of-awsome	fnd0855	u/AndrewtheGreatGamer	fnd01hd	C
2020-04-14 04:48:32.930732	u/TrentCB	fnd08mw	u/Idkwhattochoosetho	fncwsb1	C
2020-04-14 04:48:39.105167	u/bariyer2	fnd08sq	u/SupaaaaWEEGEE777	fncus4j	C
2020-04-14 04:48:58.987414	u/Snwl_dev	fnd09el	u/FartSlayer223	fnczsph	C
2020-04-14 04:49:18.970355	u/HitlersTeddyBear	fnd0ano	u/ChildrenWatcher	fncyrer	C
2020-04-14 04:49:29.070617	u/uluglo	fnd0b9e	u/SupaaaaWEEGEE777	fncus4j	C
2020-04-14 04:49:32.328853	u/Starbuckslovin	fnd0bgo	u/belgianPotatian	fnbz9rq	C
2020-04-14 04:49:37.184772	u/funkytown049	fnd0bm2	u/Tackerta	fncypoj	C
2020-04-14 04:49:40.612369	u/Starbuckslovin	fnd0c2t	u/Starbuckslovin	fnd0bgo	C
2020-04-14 04:49:56.448788	u/HitlersTeddyBear	fnd0cyo	u/FVSYS	fncwucp	C
2020-04-14 04:50:49.032484	u/OGcontent99	fnd0dux	u/maxwfk	fnbjlef	C
2020-04-14 04:51:46.417786	u/crispyplanet	fnd0fnn	u/hut-out-pizza-er	fncuog0	C
2020-04-14 04:51:56.052234	u/Memphiz17	fnd0ftl	u/Moetoefoeka	fnd0cg2	C
2020-04-14 04:52:00.817429	u/Terrathee	fnd0g1d	u/CreepyPastaCool	fnc37lu	C
2020-04-14 04:52:08.206331	u/WentyTwonPilots	fnd0gck	u/jonwondon	fncts0q	C
2020-04-14 04:53:45.997468	u/melikedoggos	fnd0hs0	u/TRoastedPotato	fnd09v2	C
2020-04-14 04:53:53.267215	u/AjinoMolto	fnd0hvx	u/Proballer123	fncw9ql	C
2020-04-14 04:53:56.283138	u/BarkeSRB	fnd0i4y	u/Cylex23	fnccdse	C
2020-04-14 04:54:11.538739	u/DARK_HORSE_KIDX	fnd0iup	u/Gnomikos	fncfe3h	C
2020-04-14 04:54:37.953762	u/germangarles	fnd0jf6	u/The_JCP	fnd0iic	C
2020-04-14 04:55:12.823723	u/EmperorMarx	fnd0kp4	u/Bienenmaul	fncu115	C
2020-04-14 04:55:45.687420	u/jimmy_smxth	fnd0li2	u/MegaGrimer	fncpz2z	C
2020-04-14 04:56:14.395172	u/AndyCerb	fnd0mc9	u/ethanparab	fncoxp1	C
2020-04-14 04:56:24.826697	u/Schnitzel-Dinkleberg	fnd0mi3	u/SupaaaaWEEGEE777	fncus4j	C
2020-04-14 04:56:53.238897	u/OrZombiee	fnd0n9f	u/Gandtea	fncvi41	C
2020-04-14 04:57:36.309317	u/Xlitasskid	fnd0oeg	u/NereDtft	fnd0ls2	C
2020-04-14 04:57:51.352005	u/FetusDeletusFistus	fnd0ouo	u/RustyWWIII	fnc8e4w	C
2020-04-14 04:57:58.554785	u/WildLanza	fnd0ozz	u/CaIIMeShadow	fncz9s6	C
2020-04-14 04:58:02.742340	u/DaSukR	fnd0p7c	u/im-here-with-stupid	fncykv6	C
2020-04-14 04:58:15.589175	u/SirKirbob	fnd0ph8	u/TROLL-MASTER-FLEX	fncu3li	C
2020-04-14 04:58:30.241403	u/MartinTheWarior	fnd0q6x	u/Eagleye2504	fncnegi	C
2020-04-14 04:58:43.795489	u/sovietdumpling	fnd0quk	u/Ex_Spams_L2	fnd0q97	C
2020-04-14 04:58:45.068604	u/Brownishnippleman	fnd0qvf	u/hut-out-pizza-er	fnczaj6	C
2020-04-14 04:58:59.331583	u/hillelmaayan	fnd0rhu	u/StronglyDislikeNazis	fncygiv	C
2020-04-14 04:59:27.842592	u/fucknoway	fnd0t4t	u/Topiz2000	fnd09s0	C
2020-04-14 04:59:30.908921	u/ElNiggoGrande	fnd0td2	u/ar-guetita	g10s7p	S
2020-04-14 04:59:33.694844	u/Malachi4u	fnd0tkp	u/1111stfu	fnczh81	C
2020-04-14 04:59:39.346539	u/LolUrMomGae69	fnd0tv7	u/SupaaaaWEEGEE777	fncus4j	C
2020-04-14 04:59:50.216049	u/Wukkax	fnd0uy2	u/Topiz2000	fnd09s0	C
2020-04-14 04:59:57.011591	u/GreenBB234MG	fnd0vda	u/im-here-with-stupid	fncykv6	C
2020-04-14 04:59:59.597473	u/DBJohnson133213	fnd0vnc	u/Orvvadasz	fnd0cno	C
