2020-04-17 10:00:25.725286	u/gamekillerzz	fnor43r	u/Leviathan2180	fnor3b1	C
2020-04-17 10:00:42.016768	u/oO_SmallAxe_Oo	fnor49a	u/UGLYSCPTATO-69	fnor1ui	C
2020-04-17 10:01:24.775772	u/reeceboi04	fnor5ba	u/EpicNoah654	fnopmuq	C
2020-04-17 10:01:35.351849	u/O_______________-	fnor5i3	u/A20characterlongname	fnoqx4u	C
2020-04-17 10:01:58.136205	u/tommasogalimbertii	fnor5vy	u/The_Punnier_Guy	fnor2zb	C
2020-04-17 10:02:46.278970	u/balls2002	fnor6ya	u/UGLYSCPTATO-69	fnomulm	C
2020-04-17 10:03:09.880032	u/Swantetant	fnor7bn	u/ConnorOfFire18	fnoo8va	C
2020-04-17 10:04:15.070986	u/MagicZhang	fnor9mr	u/mr-memesss	fnor5o1	C
2020-04-17 10:04:25.782011	u/Kiaboo24	fnor9zt	u/senhorporquito	fnoohnh	C
2020-04-17 10:05:10.834735	u/MrFloppyDisc1	fnorbhn	u/IzerCharo	fno7sjd	C
2020-04-17 10:05:21.536123	u/Codemancody80	fnorbqd	u/YellowCunt245	fno6bqk	C
2020-04-17 10:05:42.133696	u/henrykuo4574	fnorc8q	u/RedditMemesAreNice	fno825v	C
2020-04-17 10:05:55.120434	u/CanadianxAces	fnorcsf	u/akhilism	fnor8or	C
2020-04-17 10:05:57.976670	u/connortal	fnorctt	u/sanguiraptor	fn81f10	C
2020-04-17 10:06:46.934612	u/FlintXD	fnordyl	u/UGLYSCPTATO-69	fnorc6w	C
2020-04-17 10:06:54.372454	u/DannyManInc	fnore9z	u/currentlyjerkingoff_	fnoj4nv	C
2020-04-17 10:07:10.431195	u/bastiISme	fnoreh3	u/BattlebeeUltor	fnor3i9	C
2020-04-17 10:08:18.669023	u/verdyxx	fnorh5g	u/Oprinax	fnoawwl	C
2020-04-17 10:08:20.190505	u/zGnRz	fnorh81	u/False-Hero	fnocumy	C
2020-04-17 10:08:21.704043	u/EquityGods	fnorh8n	u/slayalldayyyy	fnore7t	C
2020-04-17 10:08:36.380436	u/delzoobmaBtoGtsuJuoY	fnorhvs	u/TJStapleton15	fnol0gr	C
2020-04-17 10:09:20.353213	u/Jonayn	fnorkla	u/TechedPyro	fnoiipu	C
2020-04-17 10:09:29.031815	u/SatansHusband	fnorkz1	u/shadowarmy229	fnooxku	C
2020-04-17 10:09:38.504122	u/connolly500	fnorlo8	u/Rhune-Roels	fnorg99	C
2020-04-17 10:09:53.898728	u/Shadouripa	fnormkr	u/JealousDog99	fnogott	C
2020-04-17 10:11:31.429083	u/Gigibesi	fnorptq	u/DoggoPizza	fnoray0	C
2020-04-17 10:11:39.637293	u/_risheh	fnorq7e	u/arrthur1	fnoro7u	C
2020-04-17 10:11:50.311779	u/esteecat	fnorqay	u/Spica-Arcturus	fnohfcs	C
2020-04-17 10:11:59.064299	u/gegeggeeg	fnorqfa	u/Steven_BOizZ	fnohyjt	C
2020-04-17 10:12:04.175103	u/AkumaNoDragon	fnorqfz	u/TheChocolateCray	fnoi353	C
2020-04-17 10:12:41.718551	u/Andbrozz	fnorrl2	u/LilEagl3	fnonnqr	C
2020-04-17 10:13:30.606851	u/BreezyCoolBossatron	fnorstb	u/RepostSleuthBot	fnn2v68	C
2020-04-17 10:13:32.786625	u/gegeggeeg	fnorsv2	u/ZeroSuitRimuru	fnom7mp	C
2020-04-17 10:14:22.873018	u/Salvador_The_Stupid	fnorus3	u/Poophead232	fnorna6	C
2020-04-17 10:15:44.355387	u/Shampoo-penis	fnorxie	u/Pile_O_Pancake	fnopc9u	C
2020-04-17 10:16:00.370097	u/The_Cakemaster	fnorxsj	u/Covks	fnoresb	C
2020-04-17 10:16:02.283240	u/Yuri1080p	fnorxup	u/melikedoggos	fnoia8u	C
2020-04-17 10:17:20.557941	u/joaquin80	fnos10p	u/Evan_Rookie	fnoj9z7	C
2020-04-17 10:17:35.400227	u/coal_the_slaw	fnos1f1	u/UGLYSCPTATO-69	fnog1tx	C
2020-04-17 10:17:58.633189	u/mikepoststuff	fnos26a	u/palgume123	fnooamu	C
2020-04-17 10:18:00.989644	u/Tedidod	fnos281	u/tylllerrr	fnos0xf	C
2020-04-17 10:18:36.070920	u/snowfox000	fnos3tm	u/silverhoe	fnork65	C
2020-04-17 10:19:03.160055	u/Chees112	fnos4rb	u/Bot56754	fnormop	C
2020-04-17 10:19:09.601077	u/Linkhar	fnos53j	u/BoyOnCrackYT	fnos2nt	C
2020-04-17 10:19:31.845375	u/Leo_marwanson	fnos68j	u/opaqueandblue	fn7jkdh	C
2020-04-17 10:19:40.959989	u/Jerem_Reddit	fnos6tf	u/UGLYSCPTATO-69	fnos60x	C
2020-04-17 10:19:44.705561	u/Blitz_Prime	fnos78g	u/Cryptoporticus	fnoqvw3	C
2020-04-17 10:19:49.160036	u/ErkiHUN	fnos7lp	u/moncerdis	fnobbvl	C
2020-04-17 10:20:18.634106	u/nuts7755	fnos8r8	u/TheMedineer	fnorwec	C
2020-04-17 10:20:50.274289	u/whaddup_chickenbutt	fnos985	u/RegularNoodles	g2wc9y	S
2020-04-17 10:21:10.335493	u/maxvp17	fnos9v9	u/Keaten88	fnoisgp	C
2020-04-17 10:21:44.942621	u/penguin6056	fnosaup	u/The_Cakemaster	fnortzg	C
2020-04-17 10:22:07.501114	u/MoparMilan	fnosbc3	u/Xanda06	fnomb0u	C
2020-04-17 10:22:32.024791	u/Kixthetrooper	fnosbof	u/Alarming_Librarian	fnopis9	C
2020-04-17 10:23:13.371991	u/Just_A_Salmon01	fnosdby	u/TTV-CakeCat-YT_BTW	fno8t5d	C
2020-04-17 10:23:46.665033	u/DNP_10	fnosdi0	u/CuteVegetable	g2zhdj	S
2020-04-17 10:24:10.068059	u/Ashton049	fnose55	u/Ironsimha	fnopxmp	C
2020-04-17 10:24:40.435531	u/Moarten	fnosf8h	u/jake898zo	fnopr5d	C
2020-04-17 10:24:58.183239	u/freckletr0n	fnosfsk	u/RepostSleuthBot	fnorbl3	C
2020-04-17 10:25:02.666230	u/SeranaStormfeather	fnosfu5	u/EliasHobeika	fnohqgd	C
2020-04-17 10:25:10.397902	u/Bombatrancer	fnosfxy	u/Dopey_Duck_	fnodtx1	C
2020-04-17 10:25:24.535414	u/sasa-masasa	fnosgh8	u/AllPowerfulPenguin	fnose0h	C
2020-04-17 10:25:27.512718	u/Svarthofde	fnosgl8	u/harryhund12	fnoqq8z	C
2020-04-17 10:25:52.035805	u/Slavia_	fnoshrz	u/Dayma_life	fnooiil	C
2020-04-17 10:26:00.813587	u/ImCheesuz	fnoshws	u/Jindo5	fno5k1e	C
2020-04-17 10:26:43.549584	u/the_last_toe	fnotwrf	u/Ben_0923	fnoqlzq	C
2020-04-17 10:27:41.051404	u/Zebrapaden	fnotz0k	u/-11REGAN11-	fno340k	C
2020-04-17 10:27:59.426786	u/Displaced_Yankee	fnotzom	u/jkm7NR1white	fnoofml	C
2020-04-17 10:28:10.689124	u/Egopro01	fnou005	u/shadowarmy229	fnooo8s	C
2020-04-17 10:28:31.692558	u/HaveUseenMyFrndGavin	fnou10l	u/TackieToot	fnoldj9	C
2020-04-17 10:28:35.614077	u/epicpewdiepiefan	fnou19r	u/Jorrick1102	fnoiuvk	C
2020-04-17 10:28:44.588565	u/toadytoes1	fnou1qm	u/altermeetax	fnosfr8	C
2020-04-17 10:29:45.463984	u/jmdsegis	fnou4gd	u/anuabhi203	fnotuzb	C
2020-04-17 10:29:52.409737	u/specialkitten	fnou4x3	u/WizardRob	fnou3ex	C
2020-04-17 10:30:31.948836	u/PastryPenguin	fnou5x6	u/AgentVirginia	fnonbik	C
2020-04-17 10:32:05.215760	u/OneBraino	fnou9dl	u/benvonpluton	fnoilte	C
2020-04-17 10:32:27.625834	u/CoronaVirus4	fnoua80	u/CompetitiveBobcat2	fnoc8u1	C
2020-04-17 10:33:08.918580	u/Spriy	fnoubl3	u/OHIEA	fngmhh5	C
2020-04-17 10:34:03.125049	u/WheelyWeekly	fnoucro	u/wotu13	fnoe6ns	C
2020-04-17 10:34:15.152132	u/Mbappo_69	fnoud1c	u/WarGodAKJ	g2xrew	S
2020-04-17 10:34:26.563890	u/Passance	fnoudh8	u/BigGameLiquidSlam	fnot9lb	C
2020-04-17 10:34:37.309089	u/Chyclist312	fnoue6u	u/Solpoteten	fnohgsd	C
2020-04-17 10:34:54.205450	u/meddis6	fnouekv	u/senhorporquito	fnorku6	C
2020-04-17 10:35:08.979963	u/pratik125	fnouf08	u/KingOfMemes1233	fnoh9hw	C
2020-04-17 10:35:19.990844	u/basic_batman	fnouf57	u/mrpotota	fnou2zi	C
2020-04-17 10:36:06.927522	u/ComparedCrib996	fnouh5j	u/UGLYSCPTATO-69	fnoefce	C
2020-04-17 10:36:12.569141	u/btween3And20chrcters	fnouhaq	u/Shadow_Lou	fnoj97m	C
2020-04-17 10:36:27.579647	u/Aquartertoseven	fnouhqh	u/SparrowFate	fnod156	C
2020-04-17 10:36:41.949694	u/BigCock42269	fnouiae	u/Shrexual_Tension	fnl9tlx	C
2020-04-17 10:36:53.159223	u/tetatd	fnouiyy	u/SuperToast32	fnol3qd	C
2020-04-17 10:37:11.967469	u/Praise_The_Boi	fnoujef	u/UGLYSCPTATO-69	fnormu3	C
2020-04-17 10:37:20.494616	u/Angisgay	fnoujoe	u/RealZnowman	fnopmht	C
2020-04-17 10:37:35.854779	u/ibgayan90	fnoukh2	u/ballzrsweatymomsgeti	fnotvfg	C
2020-04-17 10:38:24.024336	u/Blackrain1299	fnoummr	u/AdamantArmadillo	fno7po6	C
2020-04-17 10:38:28.513593	u/Akitogi	fnoumpw	u/lethargic_apathy	fnouhle	C
2020-04-17 10:39:03.006877	u/photoshopthrowaway56	fnouo37	u/Sovereign_FleshSuit	fnou5mr	C
2020-04-17 10:39:05.241897	u/SPaddocksBumpstock	fnouo4k	u/smallcoder	fnoc4ax	C
2020-04-17 10:39:09.320183	u/bullseyed723	fnouo7z	u/Manzar534	fnom6wd	C
2020-04-17 10:39:42.754545	u/bobbypotato123	fnouqkj	u/OneDerpyBoy	fnou83l	C
2020-04-17 10:39:47.118734	u/EpsilonOwl	fnouqnp	u/Alonsinwhat	fnoui7b	C
2020-04-17 10:39:50.122717	u/WoodsenMoosen	fnour42	u/Numismatist640	fnonzv9	C
2020-04-17 10:39:51.550450	u/LosingRoars	fnour7r	u/ptyson1	fnom5zy	C
2020-04-17 10:40:00.175003	u/BakerBoy_F1	fnousgq	u/NoNameIdeasPlsHalp	fnou68u	C
2020-04-17 10:40:28.226755	u/SvenJing	fnout4z	u/GenericUser275829	fnnrive	C
2020-04-17 10:40:42.051129	u/username202020bi	fnoutr2	u/dariongw26	fnokpwd	C
2020-04-17 10:41:59.010143	u/IzeyChan	fnouvqf	u/EvilNaziPatriarchist	fnnq33c	C
2020-04-17 10:42:45.683557	u/man_o_madan	fnoux9i	u/dankBapu	fnouogc	C
2020-04-17 10:43:28.797832	u/ballteotnet36	fnouyj7	u/JealousDog99	fnogott	C
2020-04-17 10:43:46.617174	u/Usernamedel	fnouyzs	u/BigGameLiquidSlam	fnotwbv	C
2020-04-17 10:43:48.877514	u/idbray79	fnouz10	u/Waterme_Argentina	fnouxtm	C
2020-04-17 10:44:51.411146	u/IonizedLettuce	fnov0kv	u/Iam-KD	fnonx28	C
2020-04-17 10:45:40.373811	u/CyborgDanny	fnov23g	u/SuperRoseINSTINCT	fnotw4y	C
2020-04-17 10:46:07.152462	u/hirumabuttsniff	fnov2qi	u/DevilHoboCousin	fnolz6m	C
2020-04-17 10:46:50.072786	u/JoviChua	fnov3ub	u/UGLYSCPTATO-69	fnotvna	C
2020-04-17 10:46:57.860686	u/KimMemes	fnov3z0	u/RetiredFurryHunter	fnoslgk	C
2020-04-17 10:46:59.666070	u/TellurionMobile	fnov3zd	u/UGLYSCPTATO-69	fnorkpa	C
2020-04-17 10:47:33.958137	u/boobodst	fnov4v0	u/AthelLeaf	fnooojb	C
2020-04-17 10:48:33.114686	u/thomastango	fnov75e	u/generictube	fnobq5q	C
2020-04-17 10:48:48.687340	u/rh1234556	fnov7ru	u/PianoManu	fnomw0z	C
2020-04-17 10:48:58.657119	u/LexCiaran	fnov8in	u/Veneto69	fnoswx2	C
2020-04-17 10:49:04.039963	u/yeetus_beatus_meatus	fnov8oy	u/rh1234556	fnojx75	C
2020-04-17 10:49:13.118386	u/Dembos09	fnov98g	u/baguragu08	fnomep8	C
2020-04-17 10:49:25.475694	u/Anonymous4272	fnova3s	u/shiroshiima	fnouv32	C
2020-04-17 10:49:45.118717	u/SvennyR	fnovbe2	u/zitchat	fnot60z	C
2020-04-17 10:49:48.216797	u/Toyosaurus	fnovbfy	u/Alarming_Librarian	fnoqykw	C
2020-04-17 10:51:18.379541	u/cheersbeyond	fnovf16	u/man_o_madan	fnousm9	C
2020-04-17 10:52:06.455118	u/USSR_Lover123	fnovgh6	u/TerraStalker	fnov3xi	C
2020-04-17 10:52:09.864862	u/starwarsgeek1985	fnovgi4	u/WarGodAKJ	fnove6a	C
2020-04-17 10:52:25.445326	u/the-real-gru	fnovgtw	u/wet-towel1	fnovebs	C
2020-04-17 10:53:01.643272	u/frankrizzo1	fnovi49	u/somerandom995	fno4e3v	C
2020-04-17 10:54:32.785924	u/TastyTwinkie	fnowxl8	u/GravityFallsChicken	fnokget	C
2020-04-17 10:54:35.778547	u/GyroUltra	fnowxrf	u/NormsBoots	fnnls8f	C
2020-04-17 10:55:48.641340	u/DrunkMonkeyTech	fnox16i	u/legomaster124	fn51a1d	C
2020-04-17 10:56:21.603431	u/jocoiscool	fnox31l	u/DaAveragePoTaTo	fnowo9f	C
2020-04-17 10:56:28.072030	u/baconegg8cheese	fnox3h3	u/the_rainbow_wolf	fnltrnr	C
2020-04-17 10:56:55.746548	u/invisible_admin	fnox4ky	u/Necro_Scope	fnow4c4	C
2020-04-17 10:57:02.839490	u/UNDirish86	fnox4yr	u/hash-slingin-slashur	fnohrwf	C
2020-04-17 10:57:08.859155	u/D33G33	fnox567	u/dovedevic	fl2izeo	C
2020-04-17 10:57:20.467587	u/ActualCerealBox	fnox5ne	u/TheFckingNSA	fnoj6bh	C
2020-04-17 10:57:35.877294	u/EpicPieMan25	fnox626	u/gloria-hamborger	fnowpa7	C
2020-04-17 10:57:40.886564	u/XeroXfromRiften	fnox65n	u/DazPoseidon	fnou8ka	C
2020-04-17 10:57:44.906952	u/sheriff1337	fnox680	u/vixusofskyrim	fnov0c2	C
2020-04-17 10:57:51.034724	u/yomilkshakes	fnox6gw	u/chuggyoftheussr	fnoth75	C
2020-04-17 10:58:15.543535	u/LimeGuy26	fnox80j	u/Swarm54	fnox66o	C
2020-04-17 10:58:26.458817	u/l3wl3w00	fnox8qa	u/YTBolt85	fnon4vl	C
2020-04-17 10:58:34.051214	u/FunkyTime69	fnox95v	u/Username694205822	fnowlsa	C
2020-04-17 10:58:44.762907	u/t15z	fnox9l9	u/Salle21	fnox54i	C
2020-04-17 10:58:51.846762	u/yeemowannabemusicsta	fnoxa8v	u/Wheel31	fl5790b	C
2020-04-17 10:59:32.545577	u/DanerIn	fnoxcse	u/Ravenclaw_14	fnox4lb	C
2020-04-17 10:59:47.538830	u/whiteseptic	fnoxebh	u/-Nasserp-	fnov065	C
2020-04-17 10:59:53.186181	u/deprecatedchode	fnoxf69	u/ergpie	fnotzmh	C
2020-04-17 10:59:59.036883	u/Squid2806	fnoxfef	u/icontspall	fnoo1fx	C
