2020-04-06 13:00:30.766790	u/iMaybePan	fmlrnpx	u/MMPranaav	fvsxp6	S
2020-04-06 13:00:35.295958	u/THEDUKE2304	fmlrny1	u/Sk-yline1	fmlr7u2	C
2020-04-06 13:00:38.844908	u/L6RX_btw	fmlro3a	u/Awestorm	fw18j2	S
2020-04-06 13:00:50.104650	u/ChainedWitch	fmlroqq	u/ScoopyPoo	fmlc7e2	C
2020-04-06 13:00:56.874707	u/OddNarwhal	fmlroz1	u/BidenSniffedMeToo	fmlrddm	C
2020-04-06 13:01:16.458562	u/Faeidal	fmlrpk1	u/TheSpaceMonkeyBro	fmlpbfi	C
2020-04-06 13:01:20.966505	u/baergboy	fmlrpnu	u/xdLukas	fmlhqmq	C
2020-04-06 13:02:30.326768	u/LordFrogberry	fmlrrrs	u/AdunfromAD	fmla5hz	C
2020-04-06 13:03:36.555373	u/23zulu	fmlrtx1	u/sinnohwow	fmlroq9	C
2020-04-06 13:03:49.074575	u/danieltkessler	fmlrutc	u/AdunfromAD	fmla5hz	C
2020-04-06 13:03:52.178003	u/max7923	fmlruuk	u/Gaminggod8	fml48lq	C
2020-04-06 13:04:08.926431	u/gizzardgullet	fmlrvmt	u/MediumRarePoptarts	fmlp736	C
2020-04-06 13:04:13.801424	u/Hannanas0	fmlrvx4	u/HaliRL	fmlmgmp	C
2020-04-06 13:04:29.337423	u/ThePigsPajamas	fmlrw8e	u/Johncena88204	fmlrkcb	C
2020-04-06 13:04:38.068619	u/Zthiskid4	fmlrwfw	u/Parthorico	fmkzp3d	C
2020-04-06 13:05:17.850663	u/4li3n_Z	fmlry22	u/SphericalLobster	fmlruv9	C
2020-04-06 13:05:23.684866	u/der_w0lf1e	fmlry8w	u/felloffaraptor	fmlrrx9	C
2020-04-06 13:05:29.508770	u/HarryGoonan	fmlryhn	u/Suba21547	fmlrx5s	C
2020-04-06 13:05:35.918281	u/sexbabom	fmlryso	u/MutLukSoz	fmlkw2f	C
2020-04-06 13:05:59.051275	u/Gwiilo	fmlrzob	u/-iaminevitable-	fmlns7p	C
2020-04-06 13:06:11.643127	u/jasoerTriangle	fmls01h	u/SixPlatypus4027	fmlkrvq	C
2020-04-06 13:06:14.529282	u/Rafajogos1	fmls044	u/McPhucketBucket	fmlnx2a	C
2020-04-06 13:06:45.091227	u/Human_Jury	fmls1b5	u/hrishikesh13	fmlbid6	C
2020-04-06 13:06:53.647573	u/HuskerMotion	fmls1nu	u/shleyal19	fmlrw2f	C
2020-04-06 13:07:49.328198	u/I_Will_Do_That_	fmls4df	u/battleant1	fmlispq	C
2020-04-06 13:08:27.567491	u/JustSomeGuy3317	fmls6um	u/Gubq	fl5lyk4	C
2020-04-06 13:08:52.521436	u/monkeydude0514	fmls86q	u/farazj4	fmls0cj	C
2020-04-06 13:09:17.378381	u/petarkoji	fmls95c	u/memezop	fvxiz1	S
2020-04-06 13:09:49.922169	u/RicketyHalo	fmlsau7	u/Yeetreditisnoice	fmj6kxb	C
2020-04-06 13:10:01.886854	u/doodlemoodle221	fmlsc34	u/theodyssey101	fmls8a1	C
2020-04-06 13:10:31.249342	u/SwissArmyKnight	fmlscvq	u/Comical-27	fmle1ue	C
2020-04-06 13:10:43.376724	u/zhantaxdontvax	fmlsdgv	u/GokuLitty	fmlgr4a	C
2020-04-06 13:11:15.415789	u/ArtyFarts	fmlsee5	u/thatboytw	fmlsbij	C
2020-04-06 13:11:56.659352	u/purplejelli	fmlsfji	u/gb42kroover	fml0bmx	C
2020-04-06 13:12:40.034346	u/spitwitandwater	fmlsguw	u/slams-head-on-desk	fmlovxv	C
2020-04-06 13:12:42.299919	u/Hendrix5241	fmlsgvj	u/ReluctantGoalkeeper	fmlpcjp	C
2020-04-06 13:12:50.718619	u/fire_gamer_5522	fmlsh25	u/German_Irish_chicken	fmlqr28	C
2020-04-06 13:13:16.797647	u/Psychot75	fmlshzy	u/ewan57	fmktbm3	C
2020-04-06 13:14:10.427656	u/yeet742	fmlsk37	u/SarcasticEpitome	fml2v7t	C
2020-04-06 13:14:18.251859	u/yo_what_up_I_am_me	fmlskbg	u/ILikeToBeAnnoying	fmlqxhj	C
2020-04-06 13:14:22.543204	u/dinolover519	fmlskds	u/RepostSleuthBot	fmlr1lb	C
2020-04-06 13:14:37.238184	u/Qyzzle	fmlu0ah	u/j_grow47	fmlogfr	C
2020-04-06 13:14:43.379052	u/pradhanabhi	fmlu0cz	u/RoyKoopa4	fmlrtjb	C
2020-04-06 13:14:51.913488	u/mavrick454	fmlu0nf	u/brotherin45	fml4gf7	C
2020-04-06 13:15:06.378814	u/IbtiCool	fmlu1b0	u/MAGIC_EYE_BOT	fmltvfx	C
2020-04-06 13:15:11.225545	u/daftsociety	fmlu1li	u/opotatojesus	fmls9dt	C
2020-04-06 13:15:43.036130	u/SquiggleDeeDee	fmlu2uy	u/Manzar534	fmltlpb	C
2020-04-06 13:15:45.988008	u/Sandkvisten	fmlu334	u/ZakTSK	fmlt671	C
2020-04-06 13:16:17.177871	u/Cenzho	fmlu432	u/adokkanplayer	fmlnc64	C
2020-04-06 13:16:49.927658	u/shaner38	fmlu5d2	u/IndianTVserialsweeb2	fmlc5ks	C
2020-04-06 13:17:00.896196	u/Oh--Shizzle	fmlu60n	u/Ennobenno	fml19zm	C
2020-04-06 13:17:02.732769	u/Sobble816	fmlu64f	u/whydidyouthink	fmlsmys	C
2020-04-06 13:17:45.425307	u/marshall_sin	fmlu7c4	u/mcknightrider	fmlqj5m	C
2020-04-06 13:18:03.141042	u/HKsauce	fmlu88a	u/Us3ful_Idiot	fmls7cq	C
2020-04-06 13:18:15.190758	u/der_held	fmlu8ma	u/Morallyindifferent	fml8hjl	C
2020-04-06 13:18:34.417813	u/Snoepertoniaball	fmlua4i	u/hopebagelko	fmlt51z	C
2020-04-06 13:18:38.972201	u/Mapen112	fmluacz	u/Vasikus3000	fm5ojqc	C
2020-04-06 13:18:54.120556	u/6906JSJ	fmlub7u	u/strangedr123	fmln77z	C
2020-04-06 13:18:56.076191	u/BobbySanchoas	fmlub9p	u/Irrational-Charisma	fmlpru1	C
2020-04-06 13:18:58.829579	u/ScissorLizardFish	fmlubhu	u/Milkslinger	fmlu1tg	C
2020-04-06 13:19:08.353280	u/PicklewrapYT	fmluc0s	u/Gwc2017	fmltqek	C
2020-04-06 13:19:17.230707	u/EvanEllite863	fmlucl1	u/Max78000	fmltgfc	C
2020-04-06 13:19:35.894466	u/rebekahnyaa	fmludfe	u/ZakTSK	fmluapq	C
2020-04-06 13:19:37.345576	u/GiveMeAnAlgorithm	fmludh3	u/wet-towel1	fmlty9p	C
2020-04-06 13:19:53.711152	u/MasterDroid97	fmlue3j	u/Lazaro22	fmlu3e6	C
2020-04-06 13:19:55.119073	u/The_engine_mouse	fmlue8k	u/tukboss	fmlds52	C
2020-04-06 13:19:58.571818	u/npyrovolakis	fmluecp	u/hardnachopuppy	fmluczv	C
2020-04-06 13:20:27.700290	u/UmbertoDelRio	fmlufc8	u/shitbot_420	fmlu5zg	C
2020-04-06 13:20:39.055994	u/lilnibbles2	fmlufy8	u/IronicCommunist18	fmlmoux	C
2020-04-06 13:20:53.106562	u/Donato1982	fmlug9z	u/Fabantonio	fmlsb82	C
2020-04-06 13:21:05.979636	u/logancool07	fmlugh3	u/ricudo_1	fmlrxn0	C
2020-04-06 13:21:08.336269	u/UnfishishedUsernam	fmlugjm	u/Master-of-noob	fmlq1uv	C
2020-04-06 13:21:21.444255	u/yerLerb	fmlugub	u/BlakeTrombone	fmlraod	C
2020-04-06 13:21:44.525315	u/OnlyBeGamer	fmluhrn	u/OSBAOA	fmltxvu	C
2020-04-06 13:21:47.764052	u/NortonSwankyPants	fmluhrz	u/TheGomeztroika	fmkvd92	C
2020-04-06 13:21:54.794544	u/unusual_sneeuw	fmlui4u	u/ScoopyPoo	fmln5cl	C
2020-04-06 13:22:21.344376	u/slackmaster007	fmluiy2	u/sinnohwow	fmlqj11	C
2020-04-06 13:22:33.928698	u/SirPomf	fmlujbz	u/Limaun_Peludo	fmlfgwu	C
2020-04-06 13:22:39.792440	u/MsBouncyAss	fmlujgt	u/Shagurope	fw0ln0	S
2020-04-06 13:22:52.841039	u/demon-slayer-san	fmlujxw	u/wigga_higga	fmli49m	C
2020-04-06 13:23:05.414807	u/JereomyA	fmluk7u	u/lsglongshotgaming	fmlglnb	C
2020-04-06 13:23:08.591146	u/Soulsaversara	fmluk8e	u/Max78000	fmls9eo	C
2020-04-06 13:23:25.604930	u/CrypticNobody	fmlukpc	u/OSBAOA	fmluh7n	C
2020-04-06 13:23:41.231001	u/PrototypeBoy_DaGreat	fmlulhp	u/Kjajo	fmlpabs	C
2020-04-06 13:23:47.745961	u/diversecultures	fmlulm0	u/WreakHavoc41910	fmlpcbj	C
2020-04-06 13:23:59.399125	u/JowettMcPepper	fmlulw0	u/Gwc2017	fmlt5hj	C
2020-04-06 13:24:54.336910	u/SenchaLeaf	fmlunrj	u/Gwiilo	fmlrzob	C
2020-04-06 13:24:58.449996	u/beholder44	fmlunzk	u/Call_Me_Rodrigo69nic	fmlty33	C
2020-04-06 13:25:03.709643	u/DaBomb858	fmluo6b	u/GeneralTaho	fvzi8g	S
2020-04-06 13:25:18.940537	u/eggdrey	fmluowo	u/Lobby11095	fmlu3xx	C
2020-04-06 13:25:25.816717	u/hisison999	fmlup3q	u/levelup_jar	fmlun3b	C
2020-04-06 13:25:28.896654	u/Abiyan21	fmlup3x	u/Darkdragonite11	fmlujq9	C
2020-04-06 13:26:01.688320	u/ChaChaJooce	fmluqga	u/125RAILGUN	fmluoyi	C
2020-04-06 13:26:57.879064	u/ShoKWaiV87	fmlusfj	u/nibberwithdepression	fmljugr	C
2020-04-06 13:27:41.836448	u/alan_clouse49	fmlutqy	u/ohbabyspence	fmluhe9	C
2020-04-06 13:27:50.113856	u/B1GB10	fmluu99	u/OSBAOA	fmluteb	C
2020-04-06 13:28:32.861751	u/JuliuslikeApple	fmluwa0	u/BlueDragon1813	fmluuig	C
2020-04-06 13:28:47.242389	u/UncomfortablyDazed	fmluwoo	u/_DarkAmethyst_	fmluqgd	C
2020-04-06 13:28:52.541309	u/MlKU	fmluwq1	u/SenchaLeaf	fmlunrj	C
2020-04-06 13:28:53.891548	u/Khan_1917	fmluwqa	u/LuckyNinja5	fmlp2lr	C
2020-04-06 13:29:18.516939	u/1gerende	fmluxoz	u/jongull19	fmlsucv	C
2020-04-06 13:29:22.789308	u/Relic_Warchief	fmluyb0	u/deus_vult_u_infidel	fmlu209	C
2020-04-06 13:29:35.797979	u/killermaxdan	fmluz59	u/GMAN25639	fmlrv9m	C
2020-04-06 13:29:40.470978	u/SystematicSymphony	fmluzbv	u/dbekfjfvej	fmltx07	C
2020-04-06 13:29:57.929196	u/Lost_Faith__	fmlv17x	u/byFab1	fmlugex	C
2020-04-06 13:30:00.858905	u/Dab647512	fmlv1ed	u/A_WorthlessBoy	fmljqle	C
2020-04-06 13:30:13.063349	u/amo3698	fmlv1uh	u/nibberwithdepression	fmljugr	C
2020-04-06 13:30:43.646960	u/CashLovesBass	fmlv2v4	u/Shotplay24	fml2kto	C
2020-04-06 13:30:49.660789	u/Shmarfle47	fmlv3al	u/EmperorKiron	fmlnu6c	C
2020-04-06 13:31:47.843651	u/AvengerX2024	fmlv5rs	u/Zapro12345	fml5x6k	C
2020-04-06 13:31:59.786894	u/xxJohn41	fmlv5zn	u/Wopple-Man	fmltzve	C
2020-04-06 13:32:06.752751	u/MetalheadLoki	fmlv682	u/noob-mas-ter69	fmle08r	C
2020-04-06 13:32:08.988377	u/FierceText	fmlv6b9	u/Jordanye3t	fmlef4m	C
2020-04-06 13:32:48.569221	u/politicallywack	fmlv758	u/SweatPig77	flru2mn	C
2020-04-06 13:33:24.365634	u/WonderfulPessimism	fmlv8he	u/125RAILGUN	fmlt9po	C
2020-04-06 13:33:29.173903	u/321543	fmlv8jl	u/Dakemonster	fmlmhc2	C
2020-04-06 13:33:52.913315	u/tradecreepykittens	fmlv8zp	u/Oumashu345	fmlq8ag	C
2020-04-06 13:34:21.105106	u/seaspaz	fmlvae3	u/lsglongshotgaming	fmlglnb	C
2020-04-06 13:34:28.662033	u/Syfri	fmlvaku	u/Hannanas0	fmlrvx4	C
2020-04-06 13:34:41.581125	u/LumpiestEntree	fmlvavg	u/bubbleboysdad	fmlubnm	C
2020-04-06 13:34:52.719419	u/JonInfect	fmlvber	u/nature-will-win	fmlry10	C
2020-04-06 13:35:26.535847	u/vosswater0	fmlvcmg	u/FishyArtBoi62	fmls9ok	C
2020-04-06 13:35:36.521216	u/C316JakofSpades	fmlvczc	u/felloffaraptor	fmls3g2	C
2020-04-06 13:36:28.238449	u/Mindless_Browser	fmlvfdo	u/gizzardgullet	fmlrvmt	C
2020-04-06 13:36:35.771284	u/gallanto	fmlvfnr	u/Schlongevity	fmluo9t	C
2020-04-06 13:37:30.289804	u/derpy427	fmlvhoy	u/Sir_Cate	fmlvdzy	C
2020-04-06 13:37:33.501093	u/thatkidatschool2020	fmlvhtk	u/Matthewberg98	fmlv15a	C
2020-04-06 13:37:53.134314	u/stouthearted777	fmlvi8v	u/NineOdin	fml6ufn	C
2020-04-06 13:38:05.528264	u/Yung-Flabby	fmlvivl	u/AgentKitteh	fmlje6z	C
2020-04-06 13:38:17.429449	u/Justin2478	fmlvjdz	u/MattMan_44	fmlrzvu	C
2020-04-06 13:38:39.298972	u/matteo2006149	fmlvklh	u/RussianCheeseDood	fmluir9	C
2020-04-06 13:38:53.425201	u/PeePeePooPoo-yeet	fmlvkxm	u/Unmeng	fmlvi3f	C
2020-04-06 13:38:54.728744	u/Nuggzulla	fmlvl0x	u/Gwiilo	fmlrzob	C
2020-04-06 13:39:59.172738	u/Pika_Dude	fmlvp0n	u/Inf1n1tyMagic	fvrpb6	S
2020-04-06 13:40:12.752115	u/Corrupte_Panda	fmlvpfe	u/Seanbyrne_28964	fmlgxg6	C
2020-04-06 13:40:24.529321	u/TheCaptain199	fmlvpp2	u/I_Am_Become_Salt	fmlt5b7	C
2020-04-06 13:41:24.417584	u/MikaelPa27	fmlvrmj	u/Linkthehero1234	fmllukf	C
2020-04-06 13:43:03.906354	u/areuforkingkiddingme	fmlvv2f	u/i_fucked_satan111	fmkhnkb	C
2020-04-06 13:43:20.780536	u/SpaceXFanboy2	fmlxcgw	u/shmedster	fmlmwzf	C
2020-04-06 13:43:27.168279	u/generator3	fmlxcll	u/Lakshya_Reddit	fmlfv9g	C
2020-04-06 13:43:32.728158	u/LengthyNickel12	fmlxcr7	u/MrMoustachio	fmlw02x	C
2020-04-06 13:44:18.253429	u/GooUckd	fmlxdz1	u/Curious_Winter	fmkxmol	C
2020-04-06 13:44:35.236887	u/DJTaco8	fmlxerc	u/Sobble816	fmlx3at	C
2020-04-06 13:45:35.865335	u/Tumbler03	fmlxhhv	u/IntuitiveGhost	fmkwgs1	C
2020-04-06 13:45:49.610190	u/Invioable7	fmlxi1c	u/Blackwater256	fmlrwl5	C
2020-04-06 13:45:58.168523	u/LastHomeros	fmlxiib	u/OSBAOA	fmlwupx	C
2020-04-06 13:46:09.877852	u/solcelmemeia	fmlxjcp	u/RedditsNinja23	fm3sgxj	C
2020-04-06 13:46:20.441143	u/DrWendigo	fmlxjtm	u/OSBAOA	fmlxi7r	C
2020-04-06 13:46:27.853714	u/Dzigi14	fmlxk3d	u/winston0405	fmlwubj	C
2020-04-06 13:46:40.988674	u/SportyComa55280	fmlxkfo	u/ChaseMe_Beach	fmlrgos	C
2020-04-06 13:47:12.629198	u/AcesAgainstKings	fmlxm0j	u/La-Potate	fmlea4i	C
2020-04-06 13:47:17.163164	u/quriguess	fmlxmdy	u/Kind-Pop	fl3zlqu	C
2020-04-06 13:47:19.851333	u/your_enemys_enemy	fmlxmhx	u/KrombopulosT46	fml844m	C
2020-04-06 13:47:30.093884	u/incredible-toaster	fmlxn2x	u/collinsextonapex	fmltjck	C
2020-04-06 13:47:40.592340	u/Taeriix	fmlxne9	u/englishismy1stlang	fmlwxcm	C
2020-04-06 13:48:20.168376	u/manatee_lover123	fmlxp6n	u/BananaAttacker	fmlwyqv	C
2020-04-06 13:48:28.648164	u/Mr_Loser_	fmlxppi	u/specialpredator	fmldnw0	C
2020-04-06 13:49:25.636397	u/adam_aves	fmlxt4r	u/Ignitetheinferno37	fmlx2bi	C
2020-04-06 13:49:55.690458	u/akaJace	fmlxuog	u/125RAILGUN	fmluppo	C
2020-04-06 13:50:47.331326	u/nudderchut	fmlxwtd	u/MrMoustachio	fmlvrwu	C
2020-04-06 13:50:49.682031	u/Hacklbua_007	fmlxx03	u/stivenalibeaj	fmlr7py	C
2020-04-06 13:51:53.174870	u/aidanX00	fmly0fz	u/Smith812	fml0qnr	C
2020-04-06 13:52:06.233257	u/PCPD-Nitro	fmly141	u/Vexxer2	fmlqgmx	C
2020-04-06 13:52:11.889300	u/pro110	fmly16z	u/benjamin32456	fmlw9q5	C
2020-04-06 13:52:35.457523	u/BelmontBoi5	fmly2dg	u/SpicyDorito08	fmlv8w1	C
2020-04-06 13:52:53.993693	u/blopbliep	fmly3al	u/PharaoPamela	fmltm9r	C
2020-04-06 13:52:56.136041	u/MKXMobile19	fmly3eh	u/Hendrix5241	fmlsgvj	C
2020-04-06 13:52:58.370379	u/RL_BKName	fmly3g8	u/hrishikesh13	fmlgffw	C
2020-04-06 13:53:04.553597	u/FranticDisembowel	fmly3mw	u/KaChoo49	fmlvsi3	C
2020-04-06 13:54:44.669954	u/snowspida	fmly8kq	u/RepostSleuthBot	fmlxz00	C
2020-04-06 13:55:07.488620	u/aWheelOfCheeze	fmly9p5	u/-iaminevitable-	fmlwcqy	C
2020-04-06 13:55:20.948881	u/Dr-Ludwig	fmlya8c	u/Animeisgaebruhment	fmlwka8	C
2020-04-06 13:55:27.713570	u/_Blve	fmlyajp	u/6906JSJ	fmlub7u	C
2020-04-06 13:55:39.948788	u/wholesome-Dude	fmlyb39	u/XxxxXxxxXYXxxxXxxxX	fvvgl7	S
2020-04-06 13:55:47.653650	u/deshinf	fmlybbc	u/Bayfire2441	fmlot2h	C
2020-04-06 13:56:43.177429	u/16thCenturySofa	fmlydgm	u/AMJFazande	fmlxtz3	C
2020-04-06 13:57:01.043435	u/Domin-MC	fmlyeia	u/Patrick_Bot2	fmlnozo	C
2020-04-06 13:57:16.104875	u/dongyutan	fmlyfc2	u/Philipp_01	fvz2ls	S
2020-04-06 13:57:17.856185	u/azamayid	fmlyfcv	u/DorkynatoR	fmlu7py	C
2020-04-06 13:57:42.228797	u/MrSatan00	fmlygbh	u/philmorediesmuch	fmkllnj	C
2020-04-06 13:58:32.279483	u/Super-Meat	fmlyjig	u/modern_problems	fmlxok1	C
2020-04-06 13:58:37.453568	u/jackman48L	fmlyk32	u/jobbins	fmlrn4f	C
2020-04-06 13:59:01.571961	u/nick_2992	fmlylfk	u/TheMafiaRulez	fml9on5	C
2020-04-06 13:59:02.831615	u/HardofHearing74	fmlylia	u/BatWaluigi	fmlxdem	C
2020-04-06 13:59:15.877024	u/DenphPosts	fmlymfk	u/fortpro87	fmlxmv6	C
2020-04-06 13:59:29.813049	u/Bizzle1389	fmlyn77	u/HDSQ	fml8f43	C
2020-04-06 13:59:35.630826	u/suprememan20019	fmlynjq	u/thelonelygenuis	fmluix2	C
2020-04-06 13:59:50.494538	u/MomoPeaxh	fmlyof8	u/modern_problems	fmlxxpb	C
2020-04-06 13:59:54.403569	u/Zetanaught	fmlyohn	u/jonam123456789	fml3clb	C
2020-04-06 14:00:00.024199	u/_Eighty_Eight_	fmlyp8n	u/Lxc_elexie	fmk4802	C
