2020-04-04 14:03:37.547856	u/VillalobosSand1	fmf9hpx	u/Hairbear04	fmf9fn8	C
2020-04-04 14:07:38.976219	u/mvppedavalli0131	fmf9j78	u/adarshmark2	fmf9gfr	C
2020-04-04 14:08:17.423017	u/sukkerdrengen	fmf9j88	u/DeafDuckling12	fme0sug	C
2020-04-04 14:10:59.673403	u/ivan200520052005	fmf9kox	u/mr_normal3	fmf9248	C
2020-04-04 14:11:30.580204	u/Majinbuci	fmf9kst	u/Cklampert	fmetzra	C
2020-04-04 14:14:32.901220	u/dr_yousif	fmf9lel	u/beefjerkybannana5	fmf2mrn	C
2020-04-04 14:20:01.231731	u/Joeljoh	fmf9ni3	u/Little-Alexander	fmf8hg0	C
2020-04-04 14:20:42.965018	u/Canadian_Boi678	fmf9o0g	u/RustyPiano	fmedj5v	C
2020-04-04 14:21:14.113115	u/ApexAace	fmf9o22	u/SSDankestMeme	fmf9ksl	C
2020-04-04 14:24:32.442102	u/CorndogCrusader	fmfcpp8	u/Youre-mum	fmfc3vu	C
2020-04-04 14:24:55.023490	u/imaginarytoby	fmfcppl	u/rae_pist	fmfc44a	C
2020-04-04 14:27:46.783309	u/AshingWoods	fmfcqm9	u/n1ckuhlus	fmf2v5i	C
2020-04-04 14:33:46.696929	u/theguywiththeyeballs	fmfctlw	u/FFalcon_Boi	fmei6hm	C
2020-04-04 14:36:21.151573	u/sLipryshad3	fmfcurk	u/PhantomShot-25	fmf84ns	C
2020-04-04 14:38:07.809567	u/roryunicornprincess	fmfcvmj	u/PolishedTurd69	fmfc9eg	C
2020-04-04 14:38:57.240335	u/CaioD0ggo	fmfcvs5	u/lordofmems	fmfcti8	C
2020-04-04 14:40:17.089714	u/Supreme_Flexboi69	fmfcw87	u/RepostSleuthBot	fmfcg5f	C
2020-04-04 14:40:32.763043	u/August_Heart7567	fmfcwa4	u/Sam_le_potato	fmfcsai	C
2020-04-04 14:42:16.769403	u/jsmezz	fmfcx48	u/AssDestroyer83	fmf4rzq	C
2020-04-04 14:45:14.661304	u/Dadwenttogetmili	fmfcygw	u/chettycheeks	fmf9wfc	C
2020-04-04 14:45:42.201764	u/Joe_Tractor_Man	fmfcyjf	u/YaboiPeenz	fmfcwta	C
2020-04-04 14:46:55.452273	u/fireballscopex	fmfcysb	u/IEatCheeseInTheDark	fmfcsvi	C
2020-04-04 14:48:43.115808	u/Butexx	fmfcz8a	u/GeraltOfNoxus	fmek3g4	C
2020-04-04 14:52:37.854262	u/king_cakes_the_fake	fmfd0ne	u/that_one_dued	fmevf44	C
2020-04-04 14:58:09.543784	u/kevbou1324	fmfg3hc	u/XENOX_glhf	fmfg1da	C
2020-04-04 14:58:53.329812	u/MooperJuice	fmfg4k1	u/5613200888	fmf44oy	C
2020-04-04 14:59:58.576827	u/itsyourmanagerboi	fmfg6ev	u/Ginou05	fmffryv	C
